{"EventID": "61", "Channel": "Microsoft-Windows-Bits-Client/Operational", "Provider_Name": "Microsoft-Windows-Bits-Client", "Computer": "DESKTOP-OFJ6N53", "TimeCreated": "2025-08-22 22:11:11.803173+00:00", "RecordID": "84669", "Level": "3", "UserID": "S-1-5-18", "EventData.transferId": "{1754f1fc-be09-41a6-95d7-376134bb3e25}", "EventData.name": "Chrome Component Updater", "EventData.Id": "{1b6c7fb0-0192-4c19-bbe3-6bf325dfcc45}", "EventData.url": "http://edgedl.me.gvt1.com/edgedl/diffgen-puffin/ggkkehgbnfjpeggfpleeakpidbkibbmn/cf1ba16f8b36b3ecf7ca1e8d13bf044b6fe28b3f91821c5cd236a729b9fe6eaf", "EventData.peer": null, "EventData.hr": "2147954402", "EventData.fileTime": "0001-01-01 00:00:00", "EventData.fileLength": "18446744073709551615", "EventData.bytesTotal": "18446744073709551615", "EventData.bytesTransferred": "0", "EventData.proxy": null, "EventData.peerProtocolFlags": "0", "EventData.bytesTransferredFromPeer": "0", "EventData.AdditionalInfoHr": "0", "EventData.PeerContextInfo": "0", "EventData.bandwidthLimit": "18446744073709551615", "EventData.ignoreBandwidthLimitsOnLan": "False"}
{"EventID": "61", "Channel": "Microsoft-Windows-Bits-Client/Operational", "Provider_Name": "Microsoft-Windows-Bits-Client", "Computer": "DESKTOP-OFJ6N53", "TimeCreated": "2025-08-22 22:12:32.818739+00:00", "RecordID": "84670", "Level": "3", "UserID": "S-1-5-18", "EventData.transferId": "{be648965-0e95-401f-a07a-1f3d741cbc83}", "EventData.name": "Chrome Component Updater", "EventData.Id": "{1b6c7fb0-0192-4c19-bbe3-6bf325dfcc45}", "EventData.url": "http://edgedl.me.gvt1.com/edgedl/diffgen-puffin/ggkkehgbnfjpeggfpleeakpidbkibbmn/cf1ba16f8b36b3ecf7ca1e8d13bf044b6fe28b3f91821c5cd236a729b9fe6eaf", "EventData.peer": null, "EventData.hr": "2147954402", "EventData.fileTime": "0001-01-01 00:00:00", "EventData.fileLength": "18446744073709551615", "EventData.bytesTotal": "18446744073709551615", "EventData.bytesTransferred": "0", "EventData.proxy": null, "EventData.peerProtocolFlags": "0", "EventData.bytesTransferredFromPeer": "0", "EventData.AdditionalInfoHr": "0", "EventData.PeerContextInfo": "0", "EventData.bandwidthLimit": "18446744073709551615", "EventData.ignoreBandwidthLimitsOnLan": "False"}
{"EventID": "61", "Channel": "Microsoft-Windows-Bits-Client/Operational", "Provider_Name": "Microsoft-Windows-Bits-Client", "Computer": "DESKTOP-OFJ6N53", "TimeCreated": "2025-08-22 22:13:54.044722+00:00", "RecordID": "84671", "Level": "3", "UserID": "S-1-5-18", "EventData.transferId": "{b5d069f4-42ea-4591-874c-0fb0437ccc7d}", "EventData.name": "Chrome Component Updater", "EventData.Id": "{1b6c7fb0-0192-4c19-bbe3-6bf325dfcc45}", "EventData.url": "http://edgedl.me.gvt1.com/edgedl/diffgen-puffin/ggkkehgbnfjpeggfpleeakpidbkibbmn/cf1ba16f8b36b3ecf7ca1e8d13bf044b6fe28b3f91821c5cd236a729b9fe6eaf", "EventData.peer": null, "EventData.hr": "2147954402", "EventData.fileTime": "0001-01-01 00:00:00", "EventData.fileLength": "18446744073709551615", "EventData.bytesTotal": "18446744073709551615", "EventData.bytesTransferred": "0", "EventData.proxy": null, "EventData.peerProtocolFlags": "0", "EventData.bytesTransferredFromPeer": "0", "EventData.AdditionalInfoHr": "0", "EventData.PeerContextInfo": "0", "EventData.bandwidthLimit": "18446744073709551615", "EventData.ignoreBandwidthLimitsOnLan": "False"}
{"EventID": "61", "Channel": "Microsoft-Windows-Bits-Client/Operational", "Provider_Name": "Microsoft-Windows-Bits-Client", "Computer": "DESKTOP-OFJ6N53", "TimeCreated": "2025-08-22 22:15:15.084311+00:00", "RecordID": "84672", "Level": "3", "UserID": "S-1-5-18", "EventData.transferId": "{362ceee0-c8f7-4c19-a45c-8a07f0a7e81d}", "EventData.name": "Chrome Component Updater", "EventData.Id": "{1b6c7fb0-0192-4c19-bbe3-6bf325dfcc45}", "EventData.url": "http://edgedl.me.gvt1.com/edgedl/diffgen-puffin/ggkkehgbnfjpeggfpleeakpidbkibbmn/cf1ba16f8b36b3ecf7ca1e8d13bf044b6fe28b3f91821c5cd236a729b9fe6eaf", "EventData.peer": null, "EventData.hr": "2147954402", "EventData.fileTime": "0001-01-01 00:00:00", "EventData.fileLength": "18446744073709551615", "EventData.bytesTotal": "18446744073709551615", "EventData.bytesTransferred": "0", "EventData.proxy": null, "EventData.peerProtocolFlags": "0", "EventData.bytesTransferredFromPeer": "0", "EventData.AdditionalInfoHr": "0", "EventData.PeerContextInfo": "0", "EventData.bandwidthLimit": "18446744073709551615", "EventData.ignoreBandwidthLimitsOnLan": "False"}
{"EventID": "61", "Channel": "Microsoft-Windows-Bits-Client/Operational", "Provider_Name": "Microsoft-Windows-Bits-Client", "Computer": "DESKTOP-OFJ6N53", "TimeCreated": "2025-08-22 22:16:36.193672+00:00", "RecordID": "84673", "Level": "3", "UserID": "S-1-5-18", "EventData.transferId": "{3742784d-412b-4527-8067-72b5f3d88bd2}", "EventData.name": "Chrome Component Updater", "EventData.Id": "{1b6c7fb0-0192-4c19-bbe3-6bf325dfcc45}", "EventData.url": "http://edgedl.me.gvt1.com/edgedl/diffgen-puffin/ggkkehgbnfjpeggfpleeakpidbkibbmn/cf1ba16f8b36b3ecf7ca1e8d13bf044b6fe28b3f91821c5cd236a729b9fe6eaf", "EventData.peer": null, "EventData.hr": "2147954402", "EventData.fileTime": "0001-01-01 00:00:00", "EventData.fileLength": "18446744073709551615", "EventData.bytesTotal": "18446744073709551615", "EventData.bytesTransferred": "0", "EventData.proxy": null, "EventData.peerProtocolFlags": "0", "EventData.bytesTransferredFromPeer": "0", "EventData.AdditionalInfoHr": "0", "EventData.PeerContextInfo": "0", "EventData.bandwidthLimit": "18446744073709551615", "EventData.ignoreBandwidthLimitsOnLan": "False"}
{"EventID": "61", "Channel": "Microsoft-Windows-Bits-Client/Operational", "Provider_Name": "Microsoft-Windows-Bits-Client", "Computer": "DESKTOP-OFJ6N53", "TimeCreated": "2025-08-22 22:17:57.287741+00:00", "RecordID": "84674", "Level": "3", "UserID": "S-1-5-18", "EventData.transferId": "{1b28bf48-cc59-4c9e-8252-5ab9bcc52e92}", "EventData.name": "Chrome Component Updater", "EventData.Id": "{1b6c7fb0-0192-4c19-bbe3-6bf325dfcc45}", "EventData.url": "http://edgedl.me.gvt1.com/edgedl/diffgen-puffin/ggkkehgbnfjpeggfpleeakpidbkibbmn/cf1ba16f8b36b3ecf7ca1e8d13bf044b6fe28b3f91821c5cd236a729b9fe6eaf", "EventData.peer": null, "EventData.hr": "2147954402", "EventData.fileTime": "0001-01-01 00:00:00", "EventData.fileLength": "18446744073709551615", "EventData.bytesTotal": "18446744073709551615", "EventData.bytesTransferred": "0", "EventData.proxy": null, "EventData.peerProtocolFlags": "0", "EventData.bytesTransferredFromPeer": "0", "EventData.AdditionalInfoHr": "0", "EventData.PeerContextInfo": "0", "EventData.bandwidthLimit": "18446744073709551615", "EventData.ignoreBandwidthLimitsOnLan": "False"}
{"EventID": "61", "Channel": "Microsoft-Windows-Bits-Client/Operational", "Provider_Name": "Microsoft-Windows-Bits-Client", "Computer": "DESKTOP-OFJ6N53", "TimeCreated": "2025-08-22 22:19:18.365379+00:00", "RecordID": "84675", "Level": "3", "UserID": "S-1-5-18", "EventData.transferId": "{459ea0de-84ce-468a-b5ee-af43da46c771}", "EventData.name": "Chrome Component Updater", "EventData.Id": "{1b6c7fb0-0192-4c19-bbe3-6bf325dfcc45}", "EventData.url": "http://edgedl.me.gvt1.com/edgedl/diffgen-puffin/ggkkehgbnfjpeggfpleeakpidbkibbmn/cf1ba16f8b36b3ecf7ca1e8d13bf044b6fe28b3f91821c5cd236a729b9fe6eaf", "EventData.peer": null, "EventData.hr": "2147954402", "EventData.fileTime": "0001-01-01 00:00:00", "EventData.fileLength": "18446744073709551615", "EventData.bytesTotal": "18446744073709551615", "EventData.bytesTransferred": "0", "EventData.proxy": null, "EventData.peerProtocolFlags": "0", "EventData.bytesTransferredFromPeer": "0", "EventData.AdditionalInfoHr": "0", "EventData.PeerContextInfo": "0", "EventData.bandwidthLimit": "18446744073709551615", "EventData.ignoreBandwidthLimitsOnLan": "False"}
{"EventID": "61", "Channel": "Microsoft-Windows-Bits-Client/Operational", "Provider_Name": "Microsoft-Windows-Bits-Client", "Computer": "DESKTOP-OFJ6N53", "TimeCreated": "2025-08-22 22:20:39.427923+00:00", "RecordID": "84676", "Level": "3", "UserID": "S-1-5-18", "EventData.transferId": "{1e03a259-9d85-499c-8055-02d9a5b6a94e}", "EventData.name": "Chrome Component Updater", "EventData.Id": "{1b6c7fb0-0192-4c19-bbe3-6bf325dfcc45}", "EventData.url": "http://edgedl.me.gvt1.com/edgedl/diffgen-puffin/ggkkehgbnfjpeggfpleeakpidbkibbmn/cf1ba16f8b36b3ecf7ca1e8d13bf044b6fe28b3f91821c5cd236a729b9fe6eaf", "EventData.peer": null, "EventData.hr": "2147954402", "EventData.fileTime": "0001-01-01 00:00:00", "EventData.fileLength": "18446744073709551615", "EventData.bytesTotal": "18446744073709551615", "EventData.bytesTransferred": "0", "EventData.proxy": null, "EventData.peerProtocolFlags": "0", "EventData.bytesTransferredFromPeer": "0", "EventData.AdditionalInfoHr": "0", "EventData.PeerContextInfo": "0", "EventData.bandwidthLimit": "18446744073709551615", "EventData.ignoreBandwidthLimitsOnLan": "False"}
{"EventID": "61", "Channel": "Microsoft-Windows-Bits-Client/Operational", "Provider_Name": "Microsoft-Windows-Bits-Client", "Computer": "DESKTOP-OFJ6N53", "TimeCreated": "2025-08-22 22:22:00.662642+00:00", "RecordID": "84677", "Level": "3", "UserID": "S-1-5-18", "EventData.transferId": "{45af0ef5-5729-46da-8611-acabfa92f905}", "EventData.name": "Chrome Component Updater", "EventData.Id": "{1b6c7fb0-0192-4c19-bbe3-6bf325dfcc45}", "EventData.url": "http://edgedl.me.gvt1.com/edgedl/diffgen-puffin/ggkkehgbnfjpeggfpleeakpidbkibbmn/cf1ba16f8b36b3ecf7ca1e8d13bf044b6fe28b3f91821c5cd236a729b9fe6eaf", "EventData.peer": null, "EventData.hr": "2147954402", "EventData.fileTime": "0001-01-01 00:00:00", "EventData.fileLength": "18446744073709551615", "EventData.bytesTotal": "18446744073709551615", "EventData.bytesTransferred": "0", "EventData.proxy": null, "EventData.peerProtocolFlags": "0", "EventData.bytesTransferredFromPeer": "0", "EventData.AdditionalInfoHr": "0", "EventData.PeerContextInfo": "0", "EventData.bandwidthLimit": "18446744073709551615", "EventData.ignoreBandwidthLimitsOnLan": "False"}
{"EventID": "61", "Channel": "Microsoft-Windows-Bits-Client/Operational", "Provider_Name": "Microsoft-Windows-Bits-Client", "Computer": "DESKTOP-OFJ6N53", "TimeCreated": "2025-08-22 22:23:21.725126+00:00", "RecordID": "84678", "Level": "3", "UserID": "S-1-5-18", "EventData.transferId": "{5e6e4ae6-673e-49a9-976e-4600b43193e3}", "EventData.name": "Chrome Component Updater", "EventData.Id": "{1b6c7fb0-0192-4c19-bbe3-6bf325dfcc45}", "EventData.url": "http://edgedl.me.gvt1.com/edgedl/diffgen-puffin/ggkkehgbnfjpeggfpleeakpidbkibbmn/cf1ba16f8b36b3ecf7ca1e8d13bf044b6fe28b3f91821c5cd236a729b9fe6eaf", "EventData.peer": null, "EventData.hr": "2147954402", "EventData.fileTime": "0001-01-01 00:00:00", "EventData.fileLength": "18446744073709551615", "EventData.bytesTotal": "18446744073709551615", "EventData.bytesTransferred": "0", "EventData.proxy": null, "EventData.peerProtocolFlags": "0", "EventData.bytesTransferredFromPeer": "0", "EventData.AdditionalInfoHr": "0", "EventData.PeerContextInfo": "0", "EventData.bandwidthLimit": "18446744073709551615", "EventData.ignoreBandwidthLimitsOnLan": "False"}
{"EventID": "61", "Channel": "Microsoft-Windows-Bits-Client/Operational", "Provider_Name": "Microsoft-Windows-Bits-Client", "Computer": "DESKTOP-OFJ6N53", "TimeCreated": "2025-08-22 22:24:42.926247+00:00", "RecordID": "84679", "Level": "3", "UserID": "S-1-5-18", "EventData.transferId": "{46c9b7bb-75c8-4217-b473-a7e4df25d4ca}", "EventData.name": "Chrome Component Updater", "EventData.Id": "{1b6c7fb0-0192-4c19-bbe3-6bf325dfcc45}", "EventData.url": "http://edgedl.me.gvt1.com/edgedl/diffgen-puffin/ggkkehgbnfjpeggfpleeakpidbkibbmn/cf1ba16f8b36b3ecf7ca1e8d13bf044b6fe28b3f91821c5cd236a729b9fe6eaf", "EventData.peer": null, "EventData.hr": "2147954402", "EventData.fileTime": "0001-01-01 00:00:00", "EventData.fileLength": "18446744073709551615", "EventData.bytesTotal": "18446744073709551615", "EventData.bytesTransferred": "0", "EventData.proxy": null, "EventData.peerProtocolFlags": "0", "EventData.bytesTransferredFromPeer": "0", "EventData.AdditionalInfoHr": "0", "EventData.PeerContextInfo": "0", "EventData.bandwidthLimit": "18446744073709551615", "EventData.ignoreBandwidthLimitsOnLan": "False"}
{"EventID": "61", "Channel": "Microsoft-Windows-Bits-Client/Operational", "Provider_Name": "Microsoft-Windows-Bits-Client", "Computer": "DESKTOP-OFJ6N53", "TimeCreated": "2025-08-22 22:26:04.131308+00:00", "RecordID": "84680", "Level": "3", "UserID": "S-1-5-18", "EventData.transferId": "{7c531a05-33b7-495f-8d14-c31bae645ea5}", "EventData.name": "Chrome Component Updater", "EventData.Id": "{1b6c7fb0-0192-4c19-bbe3-6bf325dfcc45}", "EventData.url": "http://edgedl.me.gvt1.com/edgedl/diffgen-puffin/ggkkehgbnfjpeggfpleeakpidbkibbmn/cf1ba16f8b36b3ecf7ca1e8d13bf044b6fe28b3f91821c5cd236a729b9fe6eaf", "EventData.peer": null, "EventData.hr": "2147954402", "EventData.fileTime": "0001-01-01 00:00:00", "EventData.fileLength": "18446744073709551615", "EventData.bytesTotal": "18446744073709551615", "EventData.bytesTransferred": "0", "EventData.proxy": null, "EventData.peerProtocolFlags": "0", "EventData.bytesTransferredFromPeer": "0", "EventData.AdditionalInfoHr": "0", "EventData.PeerContextInfo": "0", "EventData.bandwidthLimit": "18446744073709551615", "EventData.ignoreBandwidthLimitsOnLan": "False"}
{"EventID": "61", "Channel": "Microsoft-Windows-Bits-Client/Operational", "Provider_Name": "Microsoft-Windows-Bits-Client", "Computer": "DESKTOP-OFJ6N53", "TimeCreated": "2025-08-22 22:27:25.193546+00:00", "RecordID": "84681", "Level": "3", "UserID": "S-1-5-18", "EventData.transferId": "{c2b43fed-f2ee-4ee4-9103-2f058894b706}", "EventData.name": "Chrome Component Updater", "EventData.Id": "{1b6c7fb0-0192-4c19-bbe3-6bf325dfcc45}", "EventData.url": "http://edgedl.me.gvt1.com/edgedl/diffgen-puffin/ggkkehgbnfjpeggfpleeakpidbkibbmn/cf1ba16f8b36b3ecf7ca1e8d13bf044b6fe28b3f91821c5cd236a729b9fe6eaf", "EventData.peer": null, "EventData.hr": "2147954402", "EventData.fileTime": "0001-01-01 00:00:00", "EventData.fileLength": "18446744073709551615", "EventData.bytesTotal": "18446744073709551615", "EventData.bytesTransferred": "0", "EventData.proxy": null, "EventData.peerProtocolFlags": "0", "EventData.bytesTransferredFromPeer": "0", "EventData.AdditionalInfoHr": "0", "EventData.PeerContextInfo": "0", "EventData.bandwidthLimit": "18446744073709551615", "EventData.ignoreBandwidthLimitsOnLan": "False"}
{"EventID": "61", "Channel": "Microsoft-Windows-Bits-Client/Operational", "Provider_Name": "Microsoft-Windows-Bits-Client", "Computer": "DESKTOP-OFJ6N53", "TimeCreated": "2025-08-22 22:28:46.405931+00:00", "RecordID": "84682", "Level": "3", "UserID": "S-1-5-18", "EventData.transferId": "{593fbfff-7fd4-4411-9cc4-1c12fe32256f}", "EventData.name": "Chrome Component Updater", "EventData.Id": "{1b6c7fb0-0192-4c19-bbe3-6bf325dfcc45}", "EventData.url": "http://edgedl.me.gvt1.com/edgedl/diffgen-puffin/ggkkehgbnfjpeggfpleeakpidbkibbmn/cf1ba16f8b36b3ecf7ca1e8d13bf044b6fe28b3f91821c5cd236a729b9fe6eaf", "EventData.peer": null, "EventData.hr": "2147954402", "EventData.fileTime": "0001-01-01 00:00:00", "EventData.fileLength": "18446744073709551615", "EventData.bytesTotal": "18446744073709551615", "EventData.bytesTransferred": "0", "EventData.proxy": null, "EventData.peerProtocolFlags": "0", "EventData.bytesTransferredFromPeer": "0", "EventData.AdditionalInfoHr": "0", "EventData.PeerContextInfo": "0", "EventData.bandwidthLimit": "18446744073709551615", "EventData.ignoreBandwidthLimitsOnLan": "False"}
{"EventID": "61", "Channel": "Microsoft-Windows-Bits-Client/Operational", "Provider_Name": "Microsoft-Windows-Bits-Client", "Computer": "DESKTOP-OFJ6N53", "TimeCreated": "2025-08-22 22:30:07.443707+00:00", "RecordID": "84683", "Level": "3", "UserID": "S-1-5-18", "EventData.transferId": "{6806e6ce-5eef-4aa3-990c-e837c3aa7d31}", "EventData.name": "Chrome Component Updater", "EventData.Id": "{1b6c7fb0-0192-4c19-bbe3-6bf325dfcc45}", "EventData.url": "http://edgedl.me.gvt1.com/edgedl/diffgen-puffin/ggkkehgbnfjpeggfpleeakpidbkibbmn/cf1ba16f8b36b3ecf7ca1e8d13bf044b6fe28b3f91821c5cd236a729b9fe6eaf", "EventData.peer": null, "EventData.hr": "2147954402", "EventData.fileTime": "0001-01-01 00:00:00", "EventData.fileLength": "18446744073709551615", "EventData.bytesTotal": "18446744073709551615", "EventData.bytesTransferred": "0", "EventData.proxy": null, "EventData.peerProtocolFlags": "0", "EventData.bytesTransferredFromPeer": "0", "EventData.AdditionalInfoHr": "0", "EventData.PeerContextInfo": "0", "EventData.bandwidthLimit": "18446744073709551615", "EventData.ignoreBandwidthLimitsOnLan": "False"}
{"EventID": "61", "Channel": "Microsoft-Windows-Bits-Client/Operational", "Provider_Name": "Microsoft-Windows-Bits-Client", "Computer": "DESKTOP-OFJ6N53", "TimeCreated": "2025-08-22 22:31:28.912565+00:00", "RecordID": "84684", "Level": "3", "UserID": "S-1-5-18", "EventData.transferId": "{dc38a4dc-8091-4b51-9e66-1fc159b18e09}", "EventData.name": "Chrome Component Updater", "EventData.Id": "{1b6c7fb0-0192-4c19-bbe3-6bf325dfcc45}", "EventData.url": "http://edgedl.me.gvt1.com/edgedl/diffgen-puffin/ggkkehgbnfjpeggfpleeakpidbkibbmn/cf1ba16f8b36b3ecf7ca1e8d13bf044b6fe28b3f91821c5cd236a729b9fe6eaf", "EventData.peer": null, "EventData.hr": "2147954402", "EventData.fileTime": "0001-01-01 00:00:00", "EventData.fileLength": "18446744073709551615", "EventData.bytesTotal": "18446744073709551615", "EventData.bytesTransferred": "0", "EventData.proxy": null, "EventData.peerProtocolFlags": "0", "EventData.bytesTransferredFromPeer": "0", "EventData.AdditionalInfoHr": "0", "EventData.PeerContextInfo": "0", "EventData.bandwidthLimit": "18446744073709551615", "EventData.ignoreBandwidthLimitsOnLan": "False"}
{"EventID": "61", "Channel": "Microsoft-Windows-Bits-Client/Operational", "Provider_Name": "Microsoft-Windows-Bits-Client", "Computer": "DESKTOP-OFJ6N53", "TimeCreated": "2025-08-22 22:32:49.974833+00:00", "RecordID": "84685", "Level": "3", "UserID": "S-1-5-18", "EventData.transferId": "{5ce20e77-9d25-4568-9172-3ed1387e633f}", "EventData.name": "Chrome Component Updater", "EventData.Id": "{1b6c7fb0-0192-4c19-bbe3-6bf325dfcc45}", "EventData.url": "http://edgedl.me.gvt1.com/edgedl/diffgen-puffin/ggkkehgbnfjpeggfpleeakpidbkibbmn/cf1ba16f8b36b3ecf7ca1e8d13bf044b6fe28b3f91821c5cd236a729b9fe6eaf", "EventData.peer": null, "EventData.hr": "2147954402", "EventData.fileTime": "0001-01-01 00:00:00", "EventData.fileLength": "18446744073709551615", "EventData.bytesTotal": "18446744073709551615", "EventData.bytesTransferred": "0", "EventData.proxy": null, "EventData.peerProtocolFlags": "0", "EventData.bytesTransferredFromPeer": "0", "EventData.AdditionalInfoHr": "0", "EventData.PeerContextInfo": "0", "EventData.bandwidthLimit": "18446744073709551615", "EventData.ignoreBandwidthLimitsOnLan": "False"}
{"EventID": "61", "Channel": "Microsoft-Windows-Bits-Client/Operational", "Provider_Name": "Microsoft-Windows-Bits-Client", "Computer": "DESKTOP-OFJ6N53", "TimeCreated": "2025-08-22 22:34:11.200928+00:00", "RecordID": "84686", "Level": "3", "UserID": "S-1-5-18", "EventData.transferId": "{e0417c6c-fc85-4312-8c0c-a5794f212bdd}", "EventData.name": "Chrome Component Updater", "EventData.Id": "{1b6c7fb0-0192-4c19-bbe3-6bf325dfcc45}", "EventData.url": "http://edgedl.me.gvt1.com/edgedl/diffgen-puffin/ggkkehgbnfjpeggfpleeakpidbkibbmn/cf1ba16f8b36b3ecf7ca1e8d13bf044b6fe28b3f91821c5cd236a729b9fe6eaf", "EventData.peer": null, "EventData.hr": "2147954402", "EventData.fileTime": "0001-01-01 00:00:00", "EventData.fileLength": "18446744073709551615", "EventData.bytesTotal": "18446744073709551615", "EventData.bytesTransferred": "0", "EventData.proxy": null, "EventData.peerProtocolFlags": "0", "EventData.bytesTransferredFromPeer": "0", "EventData.AdditionalInfoHr": "0", "EventData.PeerContextInfo": "0", "EventData.bandwidthLimit": "18446744073709551615", "EventData.ignoreBandwidthLimitsOnLan": "False"}
{"EventID": "61", "Channel": "Microsoft-Windows-Bits-Client/Operational", "Provider_Name": "Microsoft-Windows-Bits-Client", "Computer": "DESKTOP-OFJ6N53", "TimeCreated": "2025-08-22 22:35:32.240665+00:00", "RecordID": "84687", "Level": "3", "UserID": "S-1-5-18", "EventData.transferId": "{81e38cfe-b7d0-42e8-8900-e63eb3bf54ab}", "EventData.name": "Chrome Component Updater", "EventData.Id": "{1b6c7fb0-0192-4c19-bbe3-6bf325dfcc45}", "EventData.url": "http://edgedl.me.gvt1.com/edgedl/diffgen-puffin/ggkkehgbnfjpeggfpleeakpidbkibbmn/cf1ba16f8b36b3ecf7ca1e8d13bf044b6fe28b3f91821c5cd236a729b9fe6eaf", "EventData.peer": null, "EventData.hr": "2147954402", "EventData.fileTime": "0001-01-01 00:00:00", "EventData.fileLength": "18446744073709551615", "EventData.bytesTotal": "18446744073709551615", "EventData.bytesTransferred": "0", "EventData.proxy": null, "EventData.peerProtocolFlags": "0", "EventData.bytesTransferredFromPeer": "0", "EventData.AdditionalInfoHr": "0", "EventData.PeerContextInfo": "0", "EventData.bandwidthLimit": "18446744073709551615", "EventData.ignoreBandwidthLimitsOnLan": "False"}
{"EventID": "61", "Channel": "Microsoft-Windows-Bits-Client/Operational", "Provider_Name": "Microsoft-Windows-Bits-Client", "Computer": "DESKTOP-OFJ6N53", "TimeCreated": "2025-08-22 22:36:53.596464+00:00", "RecordID": "84688", "Level": "3", "UserID": "S-1-5-18", "EventData.transferId": "{43bbfd4f-1307-4fd4-a682-ca148f0b61c7}", "EventData.name": "Chrome Component Updater", "EventData.Id": "{1b6c7fb0-0192-4c19-bbe3-6bf325dfcc45}", "EventData.url": "http://edgedl.me.gvt1.com/edgedl/diffgen-puffin/ggkkehgbnfjpeggfpleeakpidbkibbmn/cf1ba16f8b36b3ecf7ca1e8d13bf044b6fe28b3f91821c5cd236a729b9fe6eaf", "EventData.peer": null, "EventData.hr": "2147954402", "EventData.fileTime": "0001-01-01 00:00:00", "EventData.fileLength": "18446744073709551615", "EventData.bytesTotal": "18446744073709551615", "EventData.bytesTransferred": "0", "EventData.proxy": null, "EventData.peerProtocolFlags": "0", "EventData.bytesTransferredFromPeer": "0", "EventData.AdditionalInfoHr": "0", "EventData.PeerContextInfo": "0", "EventData.bandwidthLimit": "18446744073709551615", "EventData.ignoreBandwidthLimitsOnLan": "False"}
{"EventID": "61", "Channel": "Microsoft-Windows-Bits-Client/Operational", "Provider_Name": "Microsoft-Windows-Bits-Client", "Computer": "DESKTOP-OFJ6N53", "TimeCreated": "2025-08-22 22:38:14.631155+00:00", "RecordID": "84689", "Level": "3", "UserID": "S-1-5-18", "EventData.transferId": "{700fd3bd-63b0-40e7-967b-1aaa506edddb}", "EventData.name": "Chrome Component Updater", "EventData.Id": "{1b6c7fb0-0192-4c19-bbe3-6bf325dfcc45}", "EventData.url": "http://edgedl.me.gvt1.com/edgedl/diffgen-puffin/ggkkehgbnfjpeggfpleeakpidbkibbmn/cf1ba16f8b36b3ecf7ca1e8d13bf044b6fe28b3f91821c5cd236a729b9fe6eaf", "EventData.peer": null, "EventData.hr": "2147954402", "EventData.fileTime": "0001-01-01 00:00:00", "EventData.fileLength": "18446744073709551615", "EventData.bytesTotal": "18446744073709551615", "EventData.bytesTransferred": "0", "EventData.proxy": null, "EventData.peerProtocolFlags": "0", "EventData.bytesTransferredFromPeer": "0", "EventData.AdditionalInfoHr": "0", "EventData.PeerContextInfo": "0", "EventData.bandwidthLimit": "18446744073709551615", "EventData.ignoreBandwidthLimitsOnLan": "False"}
{"EventID": "61", "Channel": "Microsoft-Windows-Bits-Client/Operational", "Provider_Name": "Microsoft-Windows-Bits-Client", "Computer": "DESKTOP-OFJ6N53", "TimeCreated": "2025-08-22 22:39:35.677980+00:00", "RecordID": "84690", "Level": "3", "UserID": "S-1-5-18", "EventData.transferId": "{bd8c4d00-3393-4805-b9de-6e5b8bcdf996}", "EventData.name": "Chrome Component Updater", "EventData.Id": "{1b6c7fb0-0192-4c19-bbe3-6bf325dfcc45}", "EventData.url": "http://edgedl.me.gvt1.com/edgedl/diffgen-puffin/ggkkehgbnfjpeggfpleeakpidbkibbmn/cf1ba16f8b36b3ecf7ca1e8d13bf044b6fe28b3f91821c5cd236a729b9fe6eaf", "EventData.peer": null, "EventData.hr": "2147954402", "EventData.fileTime": "0001-01-01 00:00:00", "EventData.fileLength": "18446744073709551615", "EventData.bytesTotal": "18446744073709551615", "EventData.bytesTransferred": "0", "EventData.proxy": null, "EventData.peerProtocolFlags": "0", "EventData.bytesTransferredFromPeer": "0", "EventData.AdditionalInfoHr": "0", "EventData.PeerContextInfo": "0", "EventData.bandwidthLimit": "18446744073709551615", "EventData.ignoreBandwidthLimitsOnLan": "False"}
{"EventID": "61", "Channel": "Microsoft-Windows-Bits-Client/Operational", "Provider_Name": "Microsoft-Windows-Bits-Client", "Computer": "DESKTOP-OFJ6N53", "TimeCreated": "2025-08-22 22:40:56.834415+00:00", "RecordID": "84691", "Level": "3", "UserID": "S-1-5-18", "EventData.transferId": "{1ace2e76-4424-40b5-be01-5a752b03a699}", "EventData.name": "Chrome Component Updater", "EventData.Id": "{1b6c7fb0-0192-4c19-bbe3-6bf325dfcc45}", "EventData.url": "http://edgedl.me.gvt1.com/edgedl/diffgen-puffin/ggkkehgbnfjpeggfpleeakpidbkibbmn/cf1ba16f8b36b3ecf7ca1e8d13bf044b6fe28b3f91821c5cd236a729b9fe6eaf", "EventData.peer": null, "EventData.hr": "2147954402", "EventData.fileTime": "0001-01-01 00:00:00", "EventData.fileLength": "18446744073709551615", "EventData.bytesTotal": "18446744073709551615", "EventData.bytesTransferred": "0", "EventData.proxy": null, "EventData.peerProtocolFlags": "0", "EventData.bytesTransferredFromPeer": "0", "EventData.AdditionalInfoHr": "0", "EventData.PeerContextInfo": "0", "EventData.bandwidthLimit": "18446744073709551615", "EventData.ignoreBandwidthLimitsOnLan": "False"}
{"EventID": "61", "Channel": "Microsoft-Windows-Bits-Client/Operational", "Provider_Name": "Microsoft-Windows-Bits-Client", "Computer": "DESKTOP-OFJ6N53", "TimeCreated": "2025-08-22 22:42:18.100451+00:00", "RecordID": "84692", "Level": "3", "UserID": "S-1-5-18", "EventData.transferId": "{e4adce30-9fc1-4b23-922e-78f06309144c}", "EventData.name": "Chrome Component Updater", "EventData.Id": "{1b6c7fb0-0192-4c19-bbe3-6bf325dfcc45}", "EventData.url": "http://edgedl.me.gvt1.com/edgedl/diffgen-puffin/ggkkehgbnfjpeggfpleeakpidbkibbmn/cf1ba16f8b36b3ecf7ca1e8d13bf044b6fe28b3f91821c5cd236a729b9fe6eaf", "EventData.peer": null, "EventData.hr": "2147954402", "EventData.fileTime": "0001-01-01 00:00:00", "EventData.fileLength": "18446744073709551615", "EventData.bytesTotal": "18446744073709551615", "EventData.bytesTransferred": "0", "EventData.proxy": null, "EventData.peerProtocolFlags": "0", "EventData.bytesTransferredFromPeer": "0", "EventData.AdditionalInfoHr": "0", "EventData.PeerContextInfo": "0", "EventData.bandwidthLimit": "18446744073709551615", "EventData.ignoreBandwidthLimitsOnLan": "False"}
{"EventID": "61", "Channel": "Microsoft-Windows-Bits-Client/Operational", "Provider_Name": "Microsoft-Windows-Bits-Client", "Computer": "DESKTOP-OFJ6N53", "TimeCreated": "2025-08-22 22:43:39.256227+00:00", "RecordID": "84693", "Level": "3", "UserID": "S-1-5-18", "EventData.transferId": "{c91fce39-60ea-45b6-bbce-d37a6c33db20}", "EventData.name": "Chrome Component Updater", "EventData.Id": "{1b6c7fb0-0192-4c19-bbe3-6bf325dfcc45}", "EventData.url": "http://edgedl.me.gvt1.com/edgedl/diffgen-puffin/ggkkehgbnfjpeggfpleeakpidbkibbmn/cf1ba16f8b36b3ecf7ca1e8d13bf044b6fe28b3f91821c5cd236a729b9fe6eaf", "EventData.peer": null, "EventData.hr": "2147954402", "EventData.fileTime": "0001-01-01 00:00:00", "EventData.fileLength": "18446744073709551615", "EventData.bytesTotal": "18446744073709551615", "EventData.bytesTransferred": "0", "EventData.proxy": null, "EventData.peerProtocolFlags": "0", "EventData.bytesTransferredFromPeer": "0", "EventData.AdditionalInfoHr": "0", "EventData.PeerContextInfo": "0", "EventData.bandwidthLimit": "18446744073709551615", "EventData.ignoreBandwidthLimitsOnLan": "False"}
{"EventID": "61", "Channel": "Microsoft-Windows-Bits-Client/Operational", "Provider_Name": "Microsoft-Windows-Bits-Client", "Computer": "DESKTOP-OFJ6N53", "TimeCreated": "2025-08-22 22:45:00.494356+00:00", "RecordID": "84694", "Level": "3", "UserID": "S-1-5-18", "EventData.transferId": "{8f232a99-8b53-450c-bed7-a3c2381c3893}", "EventData.name": "Chrome Component Updater", "EventData.Id": "{1b6c7fb0-0192-4c19-bbe3-6bf325dfcc45}", "EventData.url": "http://edgedl.me.gvt1.com/edgedl/diffgen-puffin/ggkkehgbnfjpeggfpleeakpidbkibbmn/cf1ba16f8b36b3ecf7ca1e8d13bf044b6fe28b3f91821c5cd236a729b9fe6eaf", "EventData.peer": null, "EventData.hr": "2147954402", "EventData.fileTime": "0001-01-01 00:00:00", "EventData.fileLength": "18446744073709551615", "EventData.bytesTotal": "18446744073709551615", "EventData.bytesTransferred": "0", "EventData.proxy": null, "EventData.peerProtocolFlags": "0", "EventData.bytesTransferredFromPeer": "0", "EventData.AdditionalInfoHr": "0", "EventData.PeerContextInfo": "0", "EventData.bandwidthLimit": "18446744073709551615", "EventData.ignoreBandwidthLimitsOnLan": "False"}
{"EventID": "61", "Channel": "Microsoft-Windows-Bits-Client/Operational", "Provider_Name": "Microsoft-Windows-Bits-Client", "Computer": "DESKTOP-OFJ6N53", "TimeCreated": "2025-08-22 22:46:21.537209+00:00", "RecordID": "84695", "Level": "3", "UserID": "S-1-5-18", "EventData.transferId": "{e2f49eb3-2c1f-4419-8d54-275aa3010ef8}", "EventData.name": "Chrome Component Updater", "EventData.Id": "{1b6c7fb0-0192-4c19-bbe3-6bf325dfcc45}", "EventData.url": "http://edgedl.me.gvt1.com/edgedl/diffgen-puffin/ggkkehgbnfjpeggfpleeakpidbkibbmn/cf1ba16f8b36b3ecf7ca1e8d13bf044b6fe28b3f91821c5cd236a729b9fe6eaf", "EventData.peer": null, "EventData.hr": "2147954402", "EventData.fileTime": "0001-01-01 00:00:00", "EventData.fileLength": "18446744073709551615", "EventData.bytesTotal": "18446744073709551615", "EventData.bytesTransferred": "0", "EventData.proxy": null, "EventData.peerProtocolFlags": "0", "EventData.bytesTransferredFromPeer": "0", "EventData.AdditionalInfoHr": "0", "EventData.PeerContextInfo": "0", "EventData.bandwidthLimit": "18446744073709551615", "EventData.ignoreBandwidthLimitsOnLan": "False"}
{"EventID": "61", "Channel": "Microsoft-Windows-Bits-Client/Operational", "Provider_Name": "Microsoft-Windows-Bits-Client", "Computer": "DESKTOP-OFJ6N53", "TimeCreated": "2025-08-22 22:47:42.807974+00:00", "RecordID": "84696", "Level": "3", "UserID": "S-1-5-18", "EventData.transferId": "{972b863a-fcc2-4319-9b7f-730e96e307ab}", "EventData.name": "Chrome Component Updater", "EventData.Id": "{1b6c7fb0-0192-4c19-bbe3-6bf325dfcc45}", "EventData.url": "http://edgedl.me.gvt1.com/edgedl/diffgen-puffin/ggkkehgbnfjpeggfpleeakpidbkibbmn/cf1ba16f8b36b3ecf7ca1e8d13bf044b6fe28b3f91821c5cd236a729b9fe6eaf", "EventData.peer": null, "EventData.hr": "2147954402", "EventData.fileTime": "0001-01-01 00:00:00", "EventData.fileLength": "18446744073709551615", "EventData.bytesTotal": "18446744073709551615", "EventData.bytesTransferred": "0", "EventData.proxy": null, "EventData.peerProtocolFlags": "0", "EventData.bytesTransferredFromPeer": "0", "EventData.AdditionalInfoHr": "0", "EventData.PeerContextInfo": "0", "EventData.bandwidthLimit": "18446744073709551615", "EventData.ignoreBandwidthLimitsOnLan": "False"}
{"EventID": "61", "Channel": "Microsoft-Windows-Bits-Client/Operational", "Provider_Name": "Microsoft-Windows-Bits-Client", "Computer": "DESKTOP-OFJ6N53", "TimeCreated": "2025-08-22 22:49:03.866152+00:00", "RecordID": "84697", "Level": "3", "UserID": "S-1-5-18", "EventData.transferId": "{b21fae17-da95-4316-9395-f83f2368afdc}", "EventData.name": "Chrome Component Updater", "EventData.Id": "{1b6c7fb0-0192-4c19-bbe3-6bf325dfcc45}", "EventData.url": "http://edgedl.me.gvt1.com/edgedl/diffgen-puffin/ggkkehgbnfjpeggfpleeakpidbkibbmn/cf1ba16f8b36b3ecf7ca1e8d13bf044b6fe28b3f91821c5cd236a729b9fe6eaf", "EventData.peer": null, "EventData.hr": "2147954402", "EventData.fileTime": "0001-01-01 00:00:00", "EventData.fileLength": "18446744073709551615", "EventData.bytesTotal": "18446744073709551615", "EventData.bytesTransferred": "0", "EventData.proxy": null, "EventData.peerProtocolFlags": "0", "EventData.bytesTransferredFromPeer": "0", "EventData.AdditionalInfoHr": "0", "EventData.PeerContextInfo": "0", "EventData.bandwidthLimit": "18446744073709551615", "EventData.ignoreBandwidthLimitsOnLan": "False"}
{"EventID": "61", "Channel": "Microsoft-Windows-Bits-Client/Operational", "Provider_Name": "Microsoft-Windows-Bits-Client", "Computer": "DESKTOP-OFJ6N53", "TimeCreated": "2025-08-22 22:50:25.036798+00:00", "RecordID": "84698", "Level": "3", "UserID": "S-1-5-18", "EventData.transferId": "{db2d83f2-e557-4484-ac19-7bbdabea4184}", "EventData.name": "Chrome Component Updater", "EventData.Id": "{1b6c7fb0-0192-4c19-bbe3-6bf325dfcc45}", "EventData.url": "http://edgedl.me.gvt1.com/edgedl/diffgen-puffin/ggkkehgbnfjpeggfpleeakpidbkibbmn/cf1ba16f8b36b3ecf7ca1e8d13bf044b6fe28b3f91821c5cd236a729b9fe6eaf", "EventData.peer": null, "EventData.hr": "2147954402", "EventData.fileTime": "0001-01-01 00:00:00", "EventData.fileLength": "18446744073709551615", "EventData.bytesTotal": "18446744073709551615", "EventData.bytesTransferred": "0", "EventData.proxy": null, "EventData.peerProtocolFlags": "0", "EventData.bytesTransferredFromPeer": "0", "EventData.AdditionalInfoHr": "0", "EventData.PeerContextInfo": "0", "EventData.bandwidthLimit": "18446744073709551615", "EventData.ignoreBandwidthLimitsOnLan": "False"}
{"EventID": "61", "Channel": "Microsoft-Windows-Bits-Client/Operational", "Provider_Name": "Microsoft-Windows-Bits-Client", "Computer": "DESKTOP-OFJ6N53", "TimeCreated": "2025-08-22 22:51:46.053102+00:00", "RecordID": "84699", "Level": "3", "UserID": "S-1-5-18", "EventData.transferId": "{6f53aa33-ea0e-4f23-b77a-dda35ddeff80}", "EventData.name": "Chrome Component Updater", "EventData.Id": "{1b6c7fb0-0192-4c19-bbe3-6bf325dfcc45}", "EventData.url": "http://edgedl.me.gvt1.com/edgedl/diffgen-puffin/ggkkehgbnfjpeggfpleeakpidbkibbmn/cf1ba16f8b36b3ecf7ca1e8d13bf044b6fe28b3f91821c5cd236a729b9fe6eaf", "EventData.peer": null, "EventData.hr": "2147954402", "EventData.fileTime": "0001-01-01 00:00:00", "EventData.fileLength": "18446744073709551615", "EventData.bytesTotal": "18446744073709551615", "EventData.bytesTransferred": "0", "EventData.proxy": null, "EventData.peerProtocolFlags": "0", "EventData.bytesTransferredFromPeer": "0", "EventData.AdditionalInfoHr": "0", "EventData.PeerContextInfo": "0", "EventData.bandwidthLimit": "18446744073709551615", "EventData.ignoreBandwidthLimitsOnLan": "False"}
{"EventID": "61", "Channel": "Microsoft-Windows-Bits-Client/Operational", "Provider_Name": "Microsoft-Windows-Bits-Client", "Computer": "DESKTOP-OFJ6N53", "TimeCreated": "2025-08-22 22:53:07.271677+00:00", "RecordID": "84700", "Level": "3", "UserID": "S-1-5-18", "EventData.transferId": "{33c0034c-4456-4b89-9d50-bfd11037f003}", "EventData.name": "Chrome Component Updater", "EventData.Id": "{1b6c7fb0-0192-4c19-bbe3-6bf325dfcc45}", "EventData.url": "http://edgedl.me.gvt1.com/edgedl/diffgen-puffin/ggkkehgbnfjpeggfpleeakpidbkibbmn/cf1ba16f8b36b3ecf7ca1e8d13bf044b6fe28b3f91821c5cd236a729b9fe6eaf", "EventData.peer": null, "EventData.hr": "2147954402", "EventData.fileTime": "0001-01-01 00:00:00", "EventData.fileLength": "18446744073709551615", "EventData.bytesTotal": "18446744073709551615", "EventData.bytesTransferred": "0", "EventData.proxy": null, "EventData.peerProtocolFlags": "0", "EventData.bytesTransferredFromPeer": "0", "EventData.AdditionalInfoHr": "0", "EventData.PeerContextInfo": "0", "EventData.bandwidthLimit": "18446744073709551615", "EventData.ignoreBandwidthLimitsOnLan": "False"}
{"EventID": "61", "Channel": "Microsoft-Windows-Bits-Client/Operational", "Provider_Name": "Microsoft-Windows-Bits-Client", "Computer": "DESKTOP-OFJ6N53", "TimeCreated": "2025-08-22 22:54:28.491085+00:00", "RecordID": "84701", "Level": "3", "UserID": "S-1-5-18", "EventData.transferId": "{9e84fff7-3129-4d6b-ae3d-9f72fd22d603}", "EventData.name": "Chrome Component Updater", "EventData.Id": "{1b6c7fb0-0192-4c19-bbe3-6bf325dfcc45}", "EventData.url": "http://edgedl.me.gvt1.com/edgedl/diffgen-puffin/ggkkehgbnfjpeggfpleeakpidbkibbmn/cf1ba16f8b36b3ecf7ca1e8d13bf044b6fe28b3f91821c5cd236a729b9fe6eaf", "EventData.peer": null, "EventData.hr": "2147954402", "EventData.fileTime": "0001-01-01 00:00:00", "EventData.fileLength": "18446744073709551615", "EventData.bytesTotal": "18446744073709551615", "EventData.bytesTransferred": "0", "EventData.proxy": null, "EventData.peerProtocolFlags": "0", "EventData.bytesTransferredFromPeer": "0", "EventData.AdditionalInfoHr": "0", "EventData.PeerContextInfo": "0", "EventData.bandwidthLimit": "18446744073709551615", "EventData.ignoreBandwidthLimitsOnLan": "False"}
{"EventID": "61", "Channel": "Microsoft-Windows-Bits-Client/Operational", "Provider_Name": "Microsoft-Windows-Bits-Client", "Computer": "DESKTOP-OFJ6N53", "TimeCreated": "2025-08-22 22:55:49.787542+00:00", "RecordID": "84702", "Level": "3", "UserID": "S-1-5-18", "EventData.transferId": "{9e13c250-cf06-4298-a336-d9eef69582d5}", "EventData.name": "Chrome Component Updater", "EventData.Id": "{1b6c7fb0-0192-4c19-bbe3-6bf325dfcc45}", "EventData.url": "http://edgedl.me.gvt1.com/edgedl/diffgen-puffin/ggkkehgbnfjpeggfpleeakpidbkibbmn/cf1ba16f8b36b3ecf7ca1e8d13bf044b6fe28b3f91821c5cd236a729b9fe6eaf", "EventData.peer": null, "EventData.hr": "2147954402", "EventData.fileTime": "0001-01-01 00:00:00", "EventData.fileLength": "18446744073709551615", "EventData.bytesTotal": "18446744073709551615", "EventData.bytesTransferred": "0", "EventData.proxy": null, "EventData.peerProtocolFlags": "0", "EventData.bytesTransferredFromPeer": "0", "EventData.AdditionalInfoHr": "0", "EventData.PeerContextInfo": "0", "EventData.bandwidthLimit": "18446744073709551615", "EventData.ignoreBandwidthLimitsOnLan": "False"}
{"EventID": "61", "Channel": "Microsoft-Windows-Bits-Client/Operational", "Provider_Name": "Microsoft-Windows-Bits-Client", "Computer": "DESKTOP-OFJ6N53", "TimeCreated": "2025-08-22 22:57:10.818642+00:00", "RecordID": "84703", "Level": "3", "UserID": "S-1-5-18", "EventData.transferId": "{53966cd6-73ba-426e-8519-cbde96705959}", "EventData.name": "Chrome Component Updater", "EventData.Id": "{1b6c7fb0-0192-4c19-bbe3-6bf325dfcc45}", "EventData.url": "http://edgedl.me.gvt1.com/edgedl/diffgen-puffin/ggkkehgbnfjpeggfpleeakpidbkibbmn/cf1ba16f8b36b3ecf7ca1e8d13bf044b6fe28b3f91821c5cd236a729b9fe6eaf", "EventData.peer": null, "EventData.hr": "2147954402", "EventData.fileTime": "0001-01-01 00:00:00", "EventData.fileLength": "18446744073709551615", "EventData.bytesTotal": "18446744073709551615", "EventData.bytesTransferred": "0", "EventData.proxy": null, "EventData.peerProtocolFlags": "0", "EventData.bytesTransferredFromPeer": "0", "EventData.AdditionalInfoHr": "0", "EventData.PeerContextInfo": "0", "EventData.bandwidthLimit": "18446744073709551615", "EventData.ignoreBandwidthLimitsOnLan": "False"}
{"EventID": "61", "Channel": "Microsoft-Windows-Bits-Client/Operational", "Provider_Name": "Microsoft-Windows-Bits-Client", "Computer": "DESKTOP-OFJ6N53", "TimeCreated": "2025-08-22 22:58:32.225267+00:00", "RecordID": "84704", "Level": "3", "UserID": "S-1-5-18", "EventData.transferId": "{5aa50626-bd2f-456b-afc6-1c51517091ab}", "EventData.name": "Chrome Component Updater", "EventData.Id": "{1b6c7fb0-0192-4c19-bbe3-6bf325dfcc45}", "EventData.url": "http://edgedl.me.gvt1.com/edgedl/diffgen-puffin/ggkkehgbnfjpeggfpleeakpidbkibbmn/cf1ba16f8b36b3ecf7ca1e8d13bf044b6fe28b3f91821c5cd236a729b9fe6eaf", "EventData.peer": null, "EventData.hr": "2147954402", "EventData.fileTime": "0001-01-01 00:00:00", "EventData.fileLength": "18446744073709551615", "EventData.bytesTotal": "18446744073709551615", "EventData.bytesTransferred": "0", "EventData.proxy": null, "EventData.peerProtocolFlags": "0", "EventData.bytesTransferredFromPeer": "0", "EventData.AdditionalInfoHr": "0", "EventData.PeerContextInfo": "0", "EventData.bandwidthLimit": "18446744073709551615", "EventData.ignoreBandwidthLimitsOnLan": "False"}
{"EventID": "61", "Channel": "Microsoft-Windows-Bits-Client/Operational", "Provider_Name": "Microsoft-Windows-Bits-Client", "Computer": "DESKTOP-OFJ6N53", "TimeCreated": "2025-08-22 22:59:53.303074+00:00", "RecordID": "84705", "Level": "3", "UserID": "S-1-5-18", "EventData.transferId": "{64ecd719-390f-4e7c-9fe6-a1e965238fdb}", "EventData.name": "Chrome Component Updater", "EventData.Id": "{1b6c7fb0-0192-4c19-bbe3-6bf325dfcc45}", "EventData.url": "http://edgedl.me.gvt1.com/edgedl/diffgen-puffin/ggkkehgbnfjpeggfpleeakpidbkibbmn/cf1ba16f8b36b3ecf7ca1e8d13bf044b6fe28b3f91821c5cd236a729b9fe6eaf", "EventData.peer": null, "EventData.hr": "2147954402", "EventData.fileTime": "0001-01-01 00:00:00", "EventData.fileLength": "18446744073709551615", "EventData.bytesTotal": "18446744073709551615", "EventData.bytesTransferred": "0", "EventData.proxy": null, "EventData.peerProtocolFlags": "0", "EventData.bytesTransferredFromPeer": "0", "EventData.AdditionalInfoHr": "0", "EventData.PeerContextInfo": "0", "EventData.bandwidthLimit": "18446744073709551615", "EventData.ignoreBandwidthLimitsOnLan": "False"}
{"EventID": "61", "Channel": "Microsoft-Windows-Bits-Client/Operational", "Provider_Name": "Microsoft-Windows-Bits-Client", "Computer": "DESKTOP-OFJ6N53", "TimeCreated": "2025-08-22 23:01:14.818922+00:00", "RecordID": "84706", "Level": "3", "UserID": "S-1-5-18", "EventData.transferId": "{8dc0936a-e5f3-4232-9fc7-c0beaca0ebf7}", "EventData.name": "Chrome Component Updater", "EventData.Id": "{1b6c7fb0-0192-4c19-bbe3-6bf325dfcc45}", "EventData.url": "http://edgedl.me.gvt1.com/edgedl/diffgen-puffin/ggkkehgbnfjpeggfpleeakpidbkibbmn/cf1ba16f8b36b3ecf7ca1e8d13bf044b6fe28b3f91821c5cd236a729b9fe6eaf", "EventData.peer": null, "EventData.hr": "2147954402", "EventData.fileTime": "0001-01-01 00:00:00", "EventData.fileLength": "18446744073709551615", "EventData.bytesTotal": "18446744073709551615", "EventData.bytesTransferred": "0", "EventData.proxy": null, "EventData.peerProtocolFlags": "0", "EventData.bytesTransferredFromPeer": "0", "EventData.AdditionalInfoHr": "0", "EventData.PeerContextInfo": "0", "EventData.bandwidthLimit": "18446744073709551615", "EventData.ignoreBandwidthLimitsOnLan": "False"}
{"EventID": "3", "Channel": "Microsoft-Windows-Bits-Client/Operational", "Provider_Name": "Microsoft-Windows-Bits-Client", "Computer": "DESKTOP-OFJ6N53", "TimeCreated": "2025-08-22 23:01:16.274687+00:00", "RecordID": "84707", "Level": "4", "UserID": "S-1-5-18", "EventData.jobTitle": "Edge Component Updater", "EventData.jobId": "{46da835a-3155-41bd-9cc3-511325c1f3da}", "EventData.jobOwner": "DESKTOP-OFJ6N53\\sk.batsiev", "EventData.processPath": "C:\\Program Files (x86)\\Microsoft\\Edge\\Application\\msedge.exe", "EventData.processId": "11948", "EventData.ClientProcessStartKey": "50102545854497151"}
{"EventID": "16403", "Channel": "Microsoft-Windows-Bits-Client/Operational", "Provider_Name": "Microsoft-Windows-Bits-Client", "Computer": "DESKTOP-OFJ6N53", "TimeCreated": "2025-08-22 23:01:16.282804+00:00", "RecordID": "84708", "Level": "4", "UserID": "S-1-5-21-963789628-1060504924-4285088085-1001", "EventData.User": "DESKTOP-OFJ6N53\\sk.batsiev", "EventData.jobTitle": "Edge Component Updater", "EventData.jobId": "{46da835a-3155-41bd-9cc3-511325c1f3da}", "EventData.jobOwner": "DESKTOP-OFJ6N53\\sk.batsiev", "EventData.fileCount": "1", "EventData.RemoteName": "http://msedge.b.tlu.dl.delivery.mp.microsoft.com/filestreamingservice/files/22ea0ef8-01a0-4267-b34f-310128c69f2f?P1=1756493352&P2=404&P3=2&P4=iIBlO8mzbklwt0fZ4ilRVsGD4pWDVE%2bSBcXqVxJ5mH9RUghSEesIs8hmx9qZ3ZQljKNf7lqVdqJhaaWZnoH9Wg%3d%3d", "EventData.LocalName": "C:\\Users\\SKA580~1.BAT\\AppData\\Local\\Temp\\edge_BITS_11948_1640266469\\22ea0ef8-01a0-4267-b34f-310128c69f2f", "EventData.processId": "11948", "EventData.ClientProcessStartKey": "50102545854497151"}
{"EventID": "59", "Channel": "Microsoft-Windows-Bits-Client/Operational", "Provider_Name": "Microsoft-Windows-Bits-Client", "Computer": "DESKTOP-OFJ6N53", "TimeCreated": "2025-08-22 23:01:16.567513+00:00", "RecordID": "84709", "Level": "4", "UserID": "S-1-5-18", "EventData.transferId": "{f88fd33b-9d13-4bb0-a64f-f9cada72c5b1}", "EventData.name": "Edge Component Updater", "EventData.Id": "{46da835a-3155-41bd-9cc3-511325c1f3da}", "EventData.url": "http://msedge.b.tlu.dl.delivery.mp.microsoft.com/filestreamingservice/files/22ea0ef8-01a0-4267-b34f-310128c69f2f?P1=1756493352&P2=404&P3=2&P4=iIBlO8mzbklwt0fZ4ilRVsGD4pWDVE%2bSBcXqVxJ5mH9RUghSEesIs8hmx9qZ3ZQljKNf7lqVdqJhaaWZnoH9Wg%3d%3d", "EventData.peer": null, "EventData.fileTime": "2025-08-22 18:20:33+00:00", "EventData.fileLength": "4881", "EventData.bytesTotal": "4881", "EventData.bytesTransferred": "0", "EventData.bytesTransferredFromPeer": "0"}
{"EventID": "60", "Channel": "Microsoft-Windows-Bits-Client/Operational", "Provider_Name": "Microsoft-Windows-Bits-Client", "Computer": "DESKTOP-OFJ6N53", "TimeCreated": "2025-08-22 23:01:16.806322+00:00", "RecordID": "84710", "Level": "4", "UserID": "S-1-5-18", "EventData.transferId": "{f88fd33b-9d13-4bb0-a64f-f9cada72c5b1}", "EventData.name": "Edge Component Updater", "EventData.Id": "{46da835a-3155-41bd-9cc3-511325c1f3da}", "EventData.url": "http://msedge.b.tlu.dl.delivery.mp.microsoft.com/filestreamingservice/files/22ea0ef8-01a0-4267-b34f-310128c69f2f?P1=1756493352&P2=404&P3=2&P4=iIBlO8mzbklwt0fZ4ilRVsGD4pWDVE%2bSBcXqVxJ5mH9RUghSEesIs8hmx9qZ3ZQljKNf7lqVdqJhaaWZnoH9Wg%3d%3d", "EventData.peer": null, "EventData.hr": "0", "EventData.fileTime": "2025-08-22 18:20:33+00:00", "EventData.fileLength": "4881", "EventData.bytesTotal": "4881", "EventData.bytesTransferred": "4881", "EventData.proxy": null, "EventData.peerProtocolFlags": "0", "EventData.bytesTransferredFromPeer": "0", "EventData.AdditionalInfoHr": "0", "EventData.PeerContextInfo": "0", "EventData.bandwidthLimit": "18446744073709551615", "EventData.ignoreBandwidthLimitsOnLan": "False"}
{"EventID": "4", "Channel": "Microsoft-Windows-Bits-Client/Operational", "Provider_Name": "Microsoft-Windows-Bits-Client", "Computer": "DESKTOP-OFJ6N53", "TimeCreated": "2025-08-22 23:01:20.288641+00:00", "RecordID": "84711", "Level": "4", "UserID": "S-1-5-18", "EventData.User": "DESKTOP-OFJ6N53\\sk.batsiev", "EventData.jobTitle": "Edge Component Updater", "EventData.jobId": "{46da835a-3155-41bd-9cc3-511325c1f3da}", "EventData.jobOwner": "DESKTOP-OFJ6N53\\sk.batsiev", "EventData.fileCount": "1", "EventData.bytesTransferred": "4881", "EventData.bytesTransferredFromPeer": "0"}
{"EventID": "61", "Channel": "Microsoft-Windows-Bits-Client/Operational", "Provider_Name": "Microsoft-Windows-Bits-Client", "Computer": "DESKTOP-OFJ6N53", "TimeCreated": "2025-08-22 23:02:35.859226+00:00", "RecordID": "84712", "Level": "3", "UserID": "S-1-5-18", "EventData.transferId": "{85460007-4022-40b5-b6ac-faf6a1e5aa9a}", "EventData.name": "Chrome Component Updater", "EventData.Id": "{1b6c7fb0-0192-4c19-bbe3-6bf325dfcc45}", "EventData.url": "http://edgedl.me.gvt1.com/edgedl/diffgen-puffin/ggkkehgbnfjpeggfpleeakpidbkibbmn/cf1ba16f8b36b3ecf7ca1e8d13bf044b6fe28b3f91821c5cd236a729b9fe6eaf", "EventData.peer": null, "EventData.hr": "2147954402", "EventData.fileTime": "0001-01-01 00:00:00", "EventData.fileLength": "18446744073709551615", "EventData.bytesTotal": "18446744073709551615", "EventData.bytesTransferred": "0", "EventData.proxy": null, "EventData.peerProtocolFlags": "0", "EventData.bytesTransferredFromPeer": "0", "EventData.AdditionalInfoHr": "0", "EventData.PeerContextInfo": "0", "EventData.bandwidthLimit": "18446744073709551615", "EventData.ignoreBandwidthLimitsOnLan": "False"}
{"EventID": "61", "Channel": "Microsoft-Windows-Bits-Client/Operational", "Provider_Name": "Microsoft-Windows-Bits-Client", "Computer": "DESKTOP-OFJ6N53", "TimeCreated": "2025-08-22 23:03:57.662798+00:00", "RecordID": "84713", "Level": "3", "UserID": "S-1-5-18", "EventData.transferId": "{1ddcddcb-02a3-4c03-b2e5-9e2850aed994}", "EventData.name": "Chrome Component Updater", "EventData.Id": "{1b6c7fb0-0192-4c19-bbe3-6bf325dfcc45}", "EventData.url": "http://edgedl.me.gvt1.com/edgedl/diffgen-puffin/ggkkehgbnfjpeggfpleeakpidbkibbmn/cf1ba16f8b36b3ecf7ca1e8d13bf044b6fe28b3f91821c5cd236a729b9fe6eaf", "EventData.peer": null, "EventData.hr": "2147954402", "EventData.fileTime": "0001-01-01 00:00:00", "EventData.fileLength": "18446744073709551615", "EventData.bytesTotal": "18446744073709551615", "EventData.bytesTransferred": "0", "EventData.proxy": null, "EventData.peerProtocolFlags": "0", "EventData.bytesTransferredFromPeer": "0", "EventData.AdditionalInfoHr": "0", "EventData.PeerContextInfo": "0", "EventData.bandwidthLimit": "18446744073709551615", "EventData.ignoreBandwidthLimitsOnLan": "False"}
{"EventID": "61", "Channel": "Microsoft-Windows-Bits-Client/Operational", "Provider_Name": "Microsoft-Windows-Bits-Client", "Computer": "DESKTOP-OFJ6N53", "TimeCreated": "2025-08-22 23:05:18.740499+00:00", "RecordID": "84714", "Level": "3", "UserID": "S-1-5-18", "EventData.transferId": "{02a5d662-ff52-4184-8b41-d7fafd13cf72}", "EventData.name": "Chrome Component Updater", "EventData.Id": "{1b6c7fb0-0192-4c19-bbe3-6bf325dfcc45}", "EventData.url": "http://edgedl.me.gvt1.com/edgedl/diffgen-puffin/ggkkehgbnfjpeggfpleeakpidbkibbmn/cf1ba16f8b36b3ecf7ca1e8d13bf044b6fe28b3f91821c5cd236a729b9fe6eaf", "EventData.peer": null, "EventData.hr": "2147954402", "EventData.fileTime": "0001-01-01 00:00:00", "EventData.fileLength": "18446744073709551615", "EventData.bytesTotal": "18446744073709551615", "EventData.bytesTransferred": "0", "EventData.proxy": null, "EventData.peerProtocolFlags": "0", "EventData.bytesTransferredFromPeer": "0", "EventData.AdditionalInfoHr": "0", "EventData.PeerContextInfo": "0", "EventData.bandwidthLimit": "18446744073709551615", "EventData.ignoreBandwidthLimitsOnLan": "False"}
