{"EventID": "614", "Channel": "Microsoft-Windows-AppXDeploymentServer/Operational", "Provider_Name": "Microsoft-Windows-AppXDeployment-Server", "Computer": "DESKTOP-OFJ6N53", "TimeCreated": "2025-08-10 16:34:27.251453+00:00", "RecordID": "115615", "Level": "5", "UserID": "S-1-5-18", "EventData.PathOne": "x-windowsupdate://09196789-E9FA-40B9-9A3F-1FC063E67033/EAAC6C6B-10A4-4659-815B-44F151ECA61A/999c0b0d75f2d9e27191f6c41a2258f946fc41cd", "EventData.PathTwo": "\"OfficeApp_19.2508.31121.0_x64.msix\": Microsoft.MicrosoftOfficeHub_19.2508.31121.0_x64__8wekyb3d8bbwe \"OfficeApp_19.2508.31121.0_ARM64.msix\": Microsoft.MicrosoftOfficeHub_19.2508.31121.0_arm64__8wekyb3d8bbwe \"OfficeApp_19.2508.31121.0_language-af.msix\": Microsoft.MicrosoftOfficeHub_19.2508.31121.0_neutral_split.language-af_8wekyb3d8bbwe \"OfficeApp_19.2508.31121.0_language-am.msix\": Microsoft.MicrosoftOfficeHub_19.2508.31121.0_neutral_split.language-am_8wekyb3d8bbwe \"OfficeApp_19.2508.31121.0_language-ar.msix\": Microsoft.MicrosoftOfficeHub_19.2508.31121.0_neutral_split.language-ar_8wekyb3d8bbwe \"OfficeApp_19.2508.31121.0_language-as.msix\": Microsoft.MicrosoftOfficeHub_19.2508.31121.0_neutral_split.language-as_8wekyb3d8bbwe \"OfficeApp_19.2508.31121.0_language-az-latn.msix\": Microsoft.MicrosoftOfficeHub_19.2508.31121.0_neutral_split.language-az-latn_8wekyb3d8bbwe \"OfficeApp_19.2508.31121.0_language-bg.msix\": Microsoft.MicrosoftOfficeHub_19.2508.31121.0_neutral_split.language-bg_8wekyb3d8bbwe \"OfficeApp_19.2508.31121.0_language-bn.msix\": Microsoft.MicrosoftOfficeHub_19.2508.31121.0_neutral_split.language-bn_8wekyb3d8bbwe \"OfficeApp_19.2508.31121.0_language-bs.msix\": Microsoft.MicrosoftOfficeHub_19.2508.31121.0_neutral_split.language-bs_8wekyb3d8bbwe \"OfficeApp_19.2508.31121.0_language-ca.msix\": Microsoft.MicrosoftOfficeHub_19.2508.31121.0_neutral_split.language-ca_8wekyb3d8bbwe \"OfficeApp_19.2508.31121.0_language-cs.msix\": Microsoft.MicrosoftOfficeHub_19.2508.31121.0_neutral_split.language-cs_8wekyb3d8bbwe \"OfficeApp_19.2508.31121.0_language-cy.msix\": Microsoft.MicrosoftOfficeHub_19.2508.31121.0_neutral_split.language-cy_8wekyb3d8bbwe \"OfficeApp_19.2508.31121.0_language-da.msix\": Microsoft.MicrosoftOfficeHub_19.2508.31121.0_neutral_split.language-da_8wekyb3d8bbwe \"OfficeApp_19.2508.31121.0_language-de.msix\": Microsoft.MicrosoftOfficeHub_19.2508.31121.0_neutral_split.language-de_8wekyb3d8bbwe \"OfficeApp_19.2508.31121.0_language-el.msix\": Microsoft.MicrosoftOfficeHub_19.2508.31121.0_neutral_split.language-el_8wekyb3d8bbwe \"OfficeApp_19.2508.31121.0_language-es.msix\": Microsoft.MicrosoftOfficeHub_19.2508.31121.0_neutral_split.language-es_8wekyb3d8bbwe \"OfficeApp_19.2508.31121.0_language-et.msix\": Microsoft.MicrosoftOfficeHub_19.2508.31121.0_neutral_split.language-et_8wekyb3d8bbwe \"OfficeApp_19.2508.31121.0_language-eu.msix\": Microsoft.MicrosoftOfficeHub_19.2508.31121.0_neutral_split.language-eu_8wekyb3d8bbwe \"OfficeApp_19.2508.31121.0_language-fa.msix\": Microsoft.MicrosoftOfficeHub_19.2508.31121.0_neutral_split.language-fa_8wekyb3d8bbwe \"OfficeApp_19.2508.31121.0_language-fi.msix\": Microsoft.MicrosoftOfficeHub_19.2508.31121.0_neutral_split.language-fi_8wekyb3d8bbwe \"OfficeApp_19.2508.31121.0_language-fil-latn.msix\": Microsoft.MicrosoftOfficeHub_19.2508.31121.0_neutral_split.language-fil-latn_8wekyb3d8bbwe \"OfficeApp_19.2508.31121.0_language-fr.msix\": Microsoft.MicrosoftOfficeHub_19.2508.31121.0_neutral_split.language-fr_8wekyb3d8bbwe \"OfficeApp_19.2508.31121.0_language-ga.msix\": Microsoft.MicrosoftOfficeHub_19.2508.31121.0_neutral_split.language-ga_8wekyb3d8bbwe \"OfficeApp_19.2508.31121.0_language-gd-latn.msix\": Microsoft.MicrosoftOfficeHub_19.2508.31121.0_neutral_split.language-gd-latn_8wekyb3d8bbwe \"OfficeApp_19.2508.31121.0_language-gl.msix\": Microsoft.MicrosoftOfficeHub_19.2508.31121.0_neutral_split.language-gl_8wekyb3d8bbwe \"OfficeApp_19.2508.31121.0_language-gu.msix\": Microsoft.MicrosoftOfficeHub_19.2508.31121.0_neutral_split.language-gu_8wekyb3d8bbwe \"OfficeApp_19.2508.31121.0_language-he.msix\": Microsoft.MicrosoftOfficeHub_19.2508.31121.0_neutral_split.language-he_8wekyb3d8bbwe \"OfficeApp_19.2508.31121.0_language-hi.msix\": Microsoft.MicrosoftOfficeHub_19.2508.31121.0_neutral_split.language-hi_8wekyb3d8bbwe \"OfficeApp_19.2508.31121.0_language-hr.msix\": Microsoft.MicrosoftOfficeHub_19.2508.31121.0_neutral_split.language-hr_8wekyb3d8bbwe \"OfficeApp_19.2508.31121.0_language-hu.msix\": Microsoft.MicrosoftOfficeHub_19.2508.31121.0_neutral_split.language-hu_8wekyb3d8bbwe \"OfficeApp_19.2508.31121.0_language-id.msix\": Microsoft.MicrosoftOfficeHub_19.2508.31121.0_neutral_split.language-id_8wekyb3d8bbwe \"OfficeApp_19.2508.31121.0_language-is.msix\": Microsoft.MicrosoftOfficeHub_19.2508.31121.0_neutral_split.language-is_8wekyb3d8bbwe \"OfficeApp_19.2508.31121.0_language-it.msix\": Microsoft.MicrosoftOfficeHub_19.2508.31121.0_neutral_split.language-it_8wekyb3d8bbwe \"OfficeApp_19.2508.31121.0_language-ja.msix\": Microsoft.MicrosoftOfficeHub_19.2508.31121.0_neutral_split.language-ja_8wekyb3d8bbwe \"OfficeApp_19.2508.31121.0_language-ka.msix\": Microsoft.MicrosoftOfficeHub_19.2508.31121.0_neutral_split.language-ka_8wekyb3d8bbwe \"OfficeApp_19.2508.31121.0_language-kk.msix\": Microsoft.MicrosoftOfficeHub_19.2508.31121.0_neutral_split.language-kk_8wekyb3d8bbwe \"OfficeApp_19.2508.31121.0_language-km.msix\": Microsoft.MicrosoftOfficeHub_19.2508.31121.0_neutral_split.language-km_8wekyb3d8bbwe \"OfficeApp_19.2508.31121.0_language-kn.msix\": Microsoft.MicrosoftOfficeHub_19.2508.31121.0_neutral_split.language-kn_8wekyb3d8bbwe \"OfficeApp_19.2508.31121.0_language-ko.msix\": Microsoft.MicrosoftOfficeHub_19.2508.31121.0_neutral_split.language-ko_8wekyb3d8bbwe \"OfficeApp_19.2508.31121.0_language-kok.msix\": Microsoft.MicrosoftOfficeHub_19.2508.31121.0_neutral_split.language-kok_8wekyb3d8bbwe \"OfficeApp_19.2508.31121.0_language-lb.msix\": Microsoft.MicrosoftOfficeHub_19.2508.31121.0_neutral_split.language-lb_8wekyb3d8bbwe \"OfficeApp_19.2508.31121.0_language-lo.msix\": Microsoft.MicrosoftOfficeHub_19.2508.31121.0_neutral_split.language-lo_8wekyb3d8bbwe \"OfficeApp_19.2508.31121.0_language-lt.msix\": Microsoft.MicrosoftOfficeHub_19.2508.31121.0_neutral_split.language-lt_8wekyb3d8bbwe \"OfficeApp_19.2508.31121.0_language-lv.msix\": Microsoft.MicrosoftOfficeHub_19.2508.31121.0_neutral_split.language-lv_8wekyb3d8bbwe \"OfficeApp_19.2508.31121.0_language-mi-latn.msix\": Microsoft.MicrosoftOfficeHub_19.2508.31121.0_neutral_split.language-mi-latn_8wekyb3d8bbwe \"OfficeApp_19.2508.31121.0_language-mk.msix\": Microsoft.MicrosoftOfficeHub_19.2508.31121.0_neutral_split.language-mk_8wekyb3d8bbwe \"OfficeApp_19.2508.31121.0_language-ml.msix\": Microsoft.MicrosoftOfficeHub_19.2508.31121.0_neutral_split.language-ml_8wekyb3d8bbwe \"OfficeApp_19.2508.31121.0_language-mr.msix\": Microsoft.MicrosoftOfficeHub_19.2508.31121.0_neutral_split.language-mr_8wekyb3d8bbwe \"OfficeApp_19.2508.31121.0_language-ms.msix\": Microsoft.MicrosoftOfficeHub_19.2508.31121.0_neutral_split.language-ms_8wekyb3d8bbwe \"OfficeApp_19.2508.31121.0_language-mt.msix\": Microsoft.MicrosoftOfficeHub_19.2508.31121.0_neutral_split.language-mt_8wekyb3d8bbwe \"OfficeApp_19.2508.31121.0_language-nb.msix\": Microsoft.MicrosoftOfficeHub_19.2508.31121.0_neutral_split.language-nb_8wekyb3d8bbwe \"OfficeApp_19.2508.31121.0_language-ne.msix\": Microsoft.MicrosoftOfficeHub_19.2508.31121.0_neutral_split.language-ne_8wekyb3d8bbwe \"OfficeApp_19.2508.31121.0_language-nl.msix\": Microsoft.MicrosoftOfficeHub_19.2508.31121.0_neutral_split.language-nl_8wekyb3d8bbwe \"OfficeApp_19.2508.31121.0_language-nn.msix\": Microsoft.MicrosoftOfficeHub_19.2508.31121.0_neutral_split.language-nn_8wekyb3d8bbwe \"OfficeApp_19.2508.31121.0_language-or.msix\": Microsoft.MicrosoftOfficeHub_19.2508.31121.0_neutral_split.language-or_8wekyb3d8bbwe \"OfficeApp_19.2508.31121.0_language-pa.msix\": Microsoft.MicrosoftOfficeHub_19.2508.31121.0_neutral_split.language-pa_8wekyb3d8bbwe \"OfficeApp_19.2508.31121.0_language-pl.msix\": Microsoft.MicrosoftOfficeHub_19.2508.31121.0_neutral_split.language-pl_8wekyb3d8bbwe \"OfficeApp_19.2508.31121.0_language-pt.msix\": Microsoft.MicrosoftOfficeHub_19.2508.31121.0_neutral_split.language-pt_8wekyb3d8bbwe \"OfficeApp_19.2508.31121.0_language-quz-latn.msix\": Microsoft.MicrosoftOfficeHub_19.2508.31121.0_neutral_split.language-quz-latn_8wekyb3d8bbwe \"OfficeApp_19.2508.31121.0_language-ro.msix\": Microsoft.MicrosoftOfficeHub_19.2508.31121.0_neutral_split.language-ro_8wekyb3d8bbwe \"OfficeApp_19.2508.31121.0_language-ru.msix\": Microsoft.MicrosoftOfficeHub_19.2508.31121.0_neutral_split.language-ru_8wekyb3d8bbwe \"OfficeApp_19.2508.31121.0_language-sk.msix\": Microsoft.MicrosoftOfficeHub_19.2508.31121.0_neutral_split.language-sk_8wekyb3d8bbwe \"OfficeApp_19.2508.31121.0_language-sl.msix\": Microsoft.MicrosoftOfficeHub_19.2508.31121.0_neutral_split.language-sl_8wekyb3d8bbwe \"OfficeApp_19.2508.31121.0_language-sq.msix\": Microsoft.MicrosoftOfficeHub_19.2508.31121.0_neutral_split.language-sq_8wekyb3d8bbwe \"OfficeApp_19.2508.31121.0_language-sr-cyrl.msix\": Microsoft.MicrosoftOfficeHub_19.2508.31121.0_neutral_split.language-sr-cyrl_8wekyb3d8bbwe \"OfficeApp_19.2508.31121.0_language-sr-latn.msix\": Microsoft.MicrosoftOfficeHub_19.2508.31121.0_neutral_split.language-sr-latn_8wekyb3d8bbwe \"OfficeApp_19.2508.31121.0_language-sv.msix\": Microsoft.MicrosoftOfficeHub_19.2508.31121.0_neutral_split.language-sv_8wekyb3d8bbwe \"OfficeApp_19.2508.31121.0_language-ta.msix\": Microsoft.MicrosoftOfficeHub_19.2508.31121.0_neutral_split.language-ta_8wekyb3d8bbwe \"OfficeApp_19.2508.31121.0_language-te.msix\": Microsoft.MicrosoftOfficeHub_19.2508.31121.0_neutral_split.language-te_8wekyb3d8bbwe \"OfficeApp_19.2508.31121.0_language-th.msix\": Microsoft.MicrosoftOfficeHub_19.2508.31121.0_neutral_split.language-th_8wekyb3d8bbwe \"OfficeApp_19.2508.31121.0_language-tr.msix\": Microsoft.MicrosoftOfficeHub_19.2508.31121.0_neutral_split.language-tr_8wekyb3d8bbwe \"OfficeApp_19.2508.31121.0_language-tt-cyrl.msix\": Microsoft.MicrosoftOfficeHub_19.2508.31121.0_neutral_split.language-tt-cyrl_8wekyb3d8bbwe \"OfficeApp_19.2508.31121.0_language-ug-arab.msix\": Microsoft.MicrosoftOfficeHub_19.2508.31121.0_neutral_split.language-ug-arab_8wekyb3d8bbwe \"OfficeApp_19.2508.31121.0_language-uk.msix\": Microsoft.MicrosoftOfficeHub_19.2508.31121.0_neutral_split.language-uk_8wekyb3d8bbwe \"OfficeApp_19.2508.31121.0_language-ur.msix\": Microsoft.MicrosoftOfficeHub_19.2508.31121.0_neutral_split.language-ur_8wekyb3d8bbwe \"OfficeApp_19.2508.31121.0_language-vi.msix\": Microsoft.MicrosoftOfficeHub_19.2508.31121.0_neutral_split.language-vi_8wekyb3d8bbwe \"OfficeApp_19.2508.31121.0_language-zh-hans.msix\": Microsoft.MicrosoftOfficeHub_19.2508.31121.0_neutral_split.language-zh-hans_8wekyb3d8bbwe \"OfficeApp_19.2508.31121.0_language-zh-hant.msix\": Microsoft.MicrosoftOfficeHub_19.2508.31121.0_neutral_split.language-zh-hant_8wekyb3d8bbwe \"OfficeApp_19.2508.31121.0_scale-100.msix\": Microsoft.MicrosoftOfficeHub_19.2508.31121.0_neutral_split.scale-100_8wekyb3d8bbwe \"OfficeApp_19.2508.31121.0_scale-125.msix\": Microsoft.MicrosoftOfficeHub_19.2508.31121.0_neutral_split.scale-125_8wekyb3d8bbwe \"OfficeApp_19.2508.31121.0_scale-140.msix\": Microsoft.MicrosoftOfficeHub_19.2508.31121.0_neutral_split.scale-140_8wekyb3d8bbwe \"OfficeApp_19.2508.31121.0_scale-150.msix\": Microsoft.MicrosoftOfficeHub_19.2508.31121.0_neutral_split.scale-150_8wekyb3d8bbwe \"OfficeApp_19.2508.31121.0_scale-180.msix\": Microsoft.MicrosoftOfficeHub_19.2508.31121.0_neutral_split.scale-180_8wekyb3d8bbwe \"OfficeApp_19.2508.31121.0_scale-300.msix\": Microsoft.MicrosoftOfficeHub_19.2508.31121.0_neutral_split.scale-300_8wekyb3d8bbwe \"OfficeApp_19.2508.31121.0_scale-400.msix\": Microsoft.MicrosoftOfficeHub_19.2508.31121.0_neutral_split.scale-400_8wekyb3d8bbwe"}
{"EventID": "854", "Channel": "Microsoft-Windows-AppXDeploymentServer/Operational", "Provider_Name": "Microsoft-Windows-AppXDeployment-Server", "Computer": "DESKTOP-OFJ6N53", "TimeCreated": "2025-08-10 16:34:29.272194+00:00", "RecordID": "115616", "Level": "4", "UserID": "S-1-5-18", "EventData.Path": "x-windowsupdate://09196789-E9FA-40B9-9A3F-1FC063E67033/EAAC6C6B-10A4-4659-815B-44F151ECA61A/999c0b0d75f2d9e27191f6c41a2258f946fc41cd x-windowsupdate://09196789-E9FA-40B9-9A3F-1FC063E67033/EAAC6C6B-10A4-4659-815B-44F151ECA61A/999c0b0d75f2d9e27191f6c41a2258f946fc41cd\\OfficeApp_19.2508.31121.0_x64.msix x-windowsupdate://09196789-E9FA-40B9-9A3F-1FC063E67033/EAAC6C6B-10A4-4659-815B-44F151ECA61A/999c0b0d75f2d9e27191f6c41a2258f946fc41cd\\OfficeApp_19.2508.31121.0_scale-100.msix x-windowsupdate://09196789-E9FA-40B9-9A3F-1FC063E67033/EAAC6C6B-10A4-4659-815B-44F151ECA61A/999c0b0d75f2d9e27191f6c41a2258f946fc41cd\\OfficeApp_19.2508.31121.0_language-ru.msix x-windowsupdate://09196789-E9FA-40B9-9A3F-1FC063E67033/EAAC6C6B-10A4-4659-815B-44F151ECA61A/999c0b0d75f2d9e27191f6c41a2258f946fc41cd\\OfficeApp_19.2508.31121.0_scale-125.msix"}
{"EventID": "400", "Channel": "Microsoft-Windows-AppXDeploymentServer/Operational", "Provider_Name": "Microsoft-Windows-AppXDeployment-Server", "Computer": "DESKTOP-OFJ6N53", "TimeCreated": "2025-08-10 16:34:31.287476+00:00", "RecordID": "115617", "Level": "4", "UserID": "S-1-5-18", "EventData.DeploymentOperation": "4", "EventData.PackageFullName": "Microsoft.MicrosoftOfficeHub_2025.801.1334.0_neutral_~_8wekyb3d8bbwe", "EventData.Path": "(999c0b0d75f2d9e27191f6c41a2258f946fc41cd)", "EventData.MountPoint": "C:", "EventData.TargetPlatform": "0x00000003", "EventData.SystemVolume": "True", "EventData.StorageId": "\\\\?\\Volume{c33a8663-71a2-4031-8cec-c21914fe12ad}", "EventData.IsCentennial": "False", "EventData.PackageType": "0x00000008", "EventData.IsPackageEncrypted": "False", "EventData.DeploymentOptions": "0x0040008004000010", "EventData.IsStreamingPackage": "False", "EventData.IsInRelatedSet": "False", "EventData.IsPackageUsingBDC": "False", "EventData.MainPackageFamilyName": "NULL", "EventData.CallingProcess": "svchost.exe,wuauserv", "EventData.IsOptional": "False", "EventData.PackageFlags": "0x00000400", "EventData.PackageFlags2": "0x00000800", "EventData.HasWin32alacarte": "False", "EventData.HasFullTrust": "False", "EventData.ExternalLocation": null, "EventData.PackageSourceUri": "x-windowsupdate://09196789-E9FA-40B9-9A3F-1FC063E67033/EAAC6C6B-10A4-4659-815B-44F151ECA61A/999c0b0d75f2d9e27191f6c41a2258f946fc41cd"}
{"EventID": "478", "Channel": "Microsoft-Windows-AppXDeploymentServer/Operational", "Provider_Name": "Microsoft-Windows-AppXDeployment-Server", "Computer": "DESKTOP-OFJ6N53", "TimeCreated": "2025-08-10 16:34:31.287565+00:00", "RecordID": "115618", "Level": "5", "UserID": "S-1-5-18", "EventData.DeploymentOperation": "4", "EventData.PackageFullName": "Microsoft.MicrosoftOfficeHub_19.2508.31121.0_x64__8wekyb3d8bbwe", "EventData.Path": "(999c0b0d75f2d9e27191f6c41a2258f946fc41cd)", "EventData.MountPoint": "C:", "EventData.TargetPlatform": "0x00000003", "EventData.SystemVolume": "True", "EventData.StorageId": "\\\\?\\Volume{c33a8663-71a2-4031-8cec-c21914fe12ad}", "EventData.IsCentennial": "True", "EventData.PackageType": "0x00000001", "EventData.IsPackageEncrypted": "False", "EventData.DeploymentOptions": "0x0040008004000010", "EventData.IsStreamingPackage": "False", "EventData.IsInRelatedSet": "False", "EventData.IsPackageUsingBDC": "False", "EventData.MainPackageFamilyName": "NULL", "EventData.CallingProcess": "svchost.exe,wuauserv", "EventData.IsOptional": "False", "EventData.PackageFlags": "0x0080804c", "EventData.PackageFlags2": "0x00000800", "EventData.HasWin32alacarte": "False", "EventData.HasFullTrust": "True", "EventData.ExternalLocation": null, "EventData.PackageSourceUri": "x-windowsupdate://09196789-E9FA-40B9-9A3F-1FC063E67033/EAAC6C6B-10A4-4659-815B-44F151ECA61A/999c0b0d75f2d9e27191f6c41a2258f946fc41cd"}
{"EventID": "649", "Channel": "Microsoft-Windows-AppXDeploymentServer/Operational", "Provider_Name": "Microsoft-Windows-AppXDeployment-Server", "Computer": "DESKTOP-OFJ6N53", "TimeCreated": "2025-08-10 16:34:31.419365+00:00", "RecordID": "115619", "Level": "4", "UserID": "S-1-5-18", "EventData.DeploymentOperation": "4", "EventData.PackageFullName": "Microsoft.MicrosoftOfficeHub_2025.801.1334.0_neutral_~_8wekyb3d8bbwe", "EventData.Summary": "PostDeploymentOperationCheck cost: 0 ms"}
{"EventID": "613", "Channel": "Microsoft-Windows-AppXDeploymentServer/Operational", "Provider_Name": "Microsoft-Windows-AppXDeployment-Server", "Computer": "DESKTOP-OFJ6N53", "TimeCreated": "2025-08-10 16:34:31.818056+00:00", "RecordID": "115620", "Level": "4", "UserID": "S-1-5-18", "EventData.DeploymentOperation": "4", "EventData.PackageFullName": "Microsoft.MicrosoftOfficeHub_2025.801.1334.0_neutral_~_8wekyb3d8bbwe", "EventData.Summary": "Overall time: 5860 ms\nGap: 16 ms\nEnqueue cost: 1250 ms\nDequeue delay: 15 ms\nBundle processing cost: 2032 ms\nGap: 93 ms\nIndexing cost: 110 ms\nResolve dependency cost: 0 ms\nGap: 156 ms\nCheck approval cost: 141 ms\nEvaluation cost: 218 ms\nHardlinking evaluation cost: 0 ms\nGap: 235 ms\nStage required cost: 94 ms\nFlushing and closing files cost: 0 ms\nMachine register cost: 0 ms\nStage user data cost: 15 ms\nRegistration cost: 0 ms\nRepository commit transaction cost: 906 ms\nGap: 188 ms\nData flush cost: 0 ms\nPost DeStage repository commit transaction cost: 0 ms\nRemaining cost: 391 ms"}
{"EventID": "603", "Channel": "Microsoft-Windows-AppXDeploymentServer/Operational", "Provider_Name": "Microsoft-Windows-AppXDeployment-Server", "Computer": "DESKTOP-OFJ6N53", "TimeCreated": "2025-08-10 16:34:35.791811+00:00", "RecordID": "115621", "Level": "4", "UserID": "S-1-5-21-963789628-1060504924-4285088085-1001", "EventData.DeploymentOperation": "20", "EventData.Path": "Microsoft.MicrosoftOfficeHub_8wekyb3d8bbwe", "EventData.Flags": "67127296", "EventData.FlagsHigh": "262144", "EventData.CallingProcess": "svchost.exe,wuauserv", "EventData.ExternalLocation": null}
{"EventID": "10002", "Channel": "Microsoft-Windows-AppXDeploymentServer/Operational", "Provider_Name": "Microsoft-Windows-AppXDeployment-Server", "Computer": "DESKTOP-OFJ6N53", "TimeCreated": "2025-08-10 16:34:35.825754+00:00", "RecordID": "115622", "Level": "5", "UserID": "S-1-5-18", "EventData.DeploymentOperation": "6", "EventData.MainPackageMoniker": "Microsoft.MicrosoftOfficeHub_2025.801.1334.0_neutral_~_8wekyb3d8bbwe", "EventData.ResiliencyFilePath": "C:\\ProgramData\\Microsoft\\Windows\\AppRepository\\bed15b38-c56a-4636-95e9-b77fe6c0881b_S-1-5-21-963789628-1060504924-4285088085-1001_2.rslc"}
{"EventID": "607", "Channel": "Microsoft-Windows-AppXDeploymentServer/Operational", "Provider_Name": "Microsoft-Windows-AppXDeployment-Server", "Computer": "DESKTOP-OFJ6N53", "TimeCreated": "2025-08-10 16:34:35.826456+00:00", "RecordID": "115623", "Level": "4", "UserID": "S-1-5-21-963789628-1060504924-4285088085-1001", "EventData.DeploymentOperation": "6", "EventData.PackageFullName": "Microsoft.MicrosoftOfficeHub_2025.801.1334.0_neutral_~_8wekyb3d8bbwe", "EventData.UserSid": "S-1-5-21-963789628-1060504924-4285088085-1001", "EventData.CallingProcess": "svchost.exe,wuauserv"}
{"EventID": "614", "Channel": "Microsoft-Windows-AppXDeploymentServer/Operational", "Provider_Name": "Microsoft-Windows-AppXDeployment-Server", "Computer": "DESKTOP-OFJ6N53", "TimeCreated": "2025-08-10 16:34:35.834106+00:00", "RecordID": "115624", "Level": "5", "UserID": "S-1-5-21-963789628-1060504924-4285088085-1001", "EventData.PathOne": "C:\\Program Files\\WindowsApps\\Microsoft.MicrosoftOfficeHub_2025.801.1334.0_neutral_~_8wekyb3d8bbwe\\AppxMetadata\\AppxBundleManifest.xml", "EventData.PathTwo": "\"OfficeApp_19.2508.31121.0_x64.msix\": Microsoft.MicrosoftOfficeHub_19.2508.31121.0_x64__8wekyb3d8bbwe \"OfficeApp_19.2508.31121.0_ARM64.msix\": Microsoft.MicrosoftOfficeHub_19.2508.31121.0_arm64__8wekyb3d8bbwe \"OfficeApp_19.2508.31121.0_language-af.msix\": Microsoft.MicrosoftOfficeHub_19.2508.31121.0_neutral_split.language-af_8wekyb3d8bbwe \"OfficeApp_19.2508.31121.0_language-am.msix\": Microsoft.MicrosoftOfficeHub_19.2508.31121.0_neutral_split.language-am_8wekyb3d8bbwe \"OfficeApp_19.2508.31121.0_language-ar.msix\": Microsoft.MicrosoftOfficeHub_19.2508.31121.0_neutral_split.language-ar_8wekyb3d8bbwe \"OfficeApp_19.2508.31121.0_language-as.msix\": Microsoft.MicrosoftOfficeHub_19.2508.31121.0_neutral_split.language-as_8wekyb3d8bbwe \"OfficeApp_19.2508.31121.0_language-az-latn.msix\": Microsoft.MicrosoftOfficeHub_19.2508.31121.0_neutral_split.language-az-latn_8wekyb3d8bbwe \"OfficeApp_19.2508.31121.0_language-bg.msix\": Microsoft.MicrosoftOfficeHub_19.2508.31121.0_neutral_split.language-bg_8wekyb3d8bbwe \"OfficeApp_19.2508.31121.0_language-bn.msix\": Microsoft.MicrosoftOfficeHub_19.2508.31121.0_neutral_split.language-bn_8wekyb3d8bbwe \"OfficeApp_19.2508.31121.0_language-bs.msix\": Microsoft.MicrosoftOfficeHub_19.2508.31121.0_neutral_split.language-bs_8wekyb3d8bbwe \"OfficeApp_19.2508.31121.0_language-ca.msix\": Microsoft.MicrosoftOfficeHub_19.2508.31121.0_neutral_split.language-ca_8wekyb3d8bbwe \"OfficeApp_19.2508.31121.0_language-cs.msix\": Microsoft.MicrosoftOfficeHub_19.2508.31121.0_neutral_split.language-cs_8wekyb3d8bbwe \"OfficeApp_19.2508.31121.0_language-cy.msix\": Microsoft.MicrosoftOfficeHub_19.2508.31121.0_neutral_split.language-cy_8wekyb3d8bbwe \"OfficeApp_19.2508.31121.0_language-da.msix\": Microsoft.MicrosoftOfficeHub_19.2508.31121.0_neutral_split.language-da_8wekyb3d8bbwe \"OfficeApp_19.2508.31121.0_language-de.msix\": Microsoft.MicrosoftOfficeHub_19.2508.31121.0_neutral_split.language-de_8wekyb3d8bbwe \"OfficeApp_19.2508.31121.0_language-el.msix\": Microsoft.MicrosoftOfficeHub_19.2508.31121.0_neutral_split.language-el_8wekyb3d8bbwe \"OfficeApp_19.2508.31121.0_language-es.msix\": Microsoft.MicrosoftOfficeHub_19.2508.31121.0_neutral_split.language-es_8wekyb3d8bbwe \"OfficeApp_19.2508.31121.0_language-et.msix\": Microsoft.MicrosoftOfficeHub_19.2508.31121.0_neutral_split.language-et_8wekyb3d8bbwe \"OfficeApp_19.2508.31121.0_language-eu.msix\": Microsoft.MicrosoftOfficeHub_19.2508.31121.0_neutral_split.language-eu_8wekyb3d8bbwe \"OfficeApp_19.2508.31121.0_language-fa.msix\": Microsoft.MicrosoftOfficeHub_19.2508.31121.0_neutral_split.language-fa_8wekyb3d8bbwe \"OfficeApp_19.2508.31121.0_language-fi.msix\": Microsoft.MicrosoftOfficeHub_19.2508.31121.0_neutral_split.language-fi_8wekyb3d8bbwe \"OfficeApp_19.2508.31121.0_language-fil-latn.msix\": Microsoft.MicrosoftOfficeHub_19.2508.31121.0_neutral_split.language-fil-latn_8wekyb3d8bbwe \"OfficeApp_19.2508.31121.0_language-fr.msix\": Microsoft.MicrosoftOfficeHub_19.2508.31121.0_neutral_split.language-fr_8wekyb3d8bbwe \"OfficeApp_19.2508.31121.0_language-ga.msix\": Microsoft.MicrosoftOfficeHub_19.2508.31121.0_neutral_split.language-ga_8wekyb3d8bbwe \"OfficeApp_19.2508.31121.0_language-gd-latn.msix\": Microsoft.MicrosoftOfficeHub_19.2508.31121.0_neutral_split.language-gd-latn_8wekyb3d8bbwe \"OfficeApp_19.2508.31121.0_language-gl.msix\": Microsoft.MicrosoftOfficeHub_19.2508.31121.0_neutral_split.language-gl_8wekyb3d8bbwe \"OfficeApp_19.2508.31121.0_language-gu.msix\": Microsoft.MicrosoftOfficeHub_19.2508.31121.0_neutral_split.language-gu_8wekyb3d8bbwe \"OfficeApp_19.2508.31121.0_language-he.msix\": Microsoft.MicrosoftOfficeHub_19.2508.31121.0_neutral_split.language-he_8wekyb3d8bbwe \"OfficeApp_19.2508.31121.0_language-hi.msix\": Microsoft.MicrosoftOfficeHub_19.2508.31121.0_neutral_split.language-hi_8wekyb3d8bbwe \"OfficeApp_19.2508.31121.0_language-hr.msix\": Microsoft.MicrosoftOfficeHub_19.2508.31121.0_neutral_split.language-hr_8wekyb3d8bbwe \"OfficeApp_19.2508.31121.0_language-hu.msix\": Microsoft.MicrosoftOfficeHub_19.2508.31121.0_neutral_split.language-hu_8wekyb3d8bbwe \"OfficeApp_19.2508.31121.0_language-id.msix\": Microsoft.MicrosoftOfficeHub_19.2508.31121.0_neutral_split.language-id_8wekyb3d8bbwe \"OfficeApp_19.2508.31121.0_language-is.msix\": Microsoft.MicrosoftOfficeHub_19.2508.31121.0_neutral_split.language-is_8wekyb3d8bbwe \"OfficeApp_19.2508.31121.0_language-it.msix\": Microsoft.MicrosoftOfficeHub_19.2508.31121.0_neutral_split.language-it_8wekyb3d8bbwe \"OfficeApp_19.2508.31121.0_language-ja.msix\": Microsoft.MicrosoftOfficeHub_19.2508.31121.0_neutral_split.language-ja_8wekyb3d8bbwe \"OfficeApp_19.2508.31121.0_language-ka.msix\": Microsoft.MicrosoftOfficeHub_19.2508.31121.0_neutral_split.language-ka_8wekyb3d8bbwe \"OfficeApp_19.2508.31121.0_language-kk.msix\": Microsoft.MicrosoftOfficeHub_19.2508.31121.0_neutral_split.language-kk_8wekyb3d8bbwe \"OfficeApp_19.2508.31121.0_language-km.msix\": Microsoft.MicrosoftOfficeHub_19.2508.31121.0_neutral_split.language-km_8wekyb3d8bbwe \"OfficeApp_19.2508.31121.0_language-kn.msix\": Microsoft.MicrosoftOfficeHub_19.2508.31121.0_neutral_split.language-kn_8wekyb3d8bbwe \"OfficeApp_19.2508.31121.0_language-ko.msix\": Microsoft.MicrosoftOfficeHub_19.2508.31121.0_neutral_split.language-ko_8wekyb3d8bbwe \"OfficeApp_19.2508.31121.0_language-kok.msix\": Microsoft.MicrosoftOfficeHub_19.2508.31121.0_neutral_split.language-kok_8wekyb3d8bbwe \"OfficeApp_19.2508.31121.0_language-lb.msix\": Microsoft.MicrosoftOfficeHub_19.2508.31121.0_neutral_split.language-lb_8wekyb3d8bbwe \"OfficeApp_19.2508.31121.0_language-lo.msix\": Microsoft.MicrosoftOfficeHub_19.2508.31121.0_neutral_split.language-lo_8wekyb3d8bbwe \"OfficeApp_19.2508.31121.0_language-lt.msix\": Microsoft.MicrosoftOfficeHub_19.2508.31121.0_neutral_split.language-lt_8wekyb3d8bbwe \"OfficeApp_19.2508.31121.0_language-lv.msix\": Microsoft.MicrosoftOfficeHub_19.2508.31121.0_neutral_split.language-lv_8wekyb3d8bbwe \"OfficeApp_19.2508.31121.0_language-mi-latn.msix\": Microsoft.MicrosoftOfficeHub_19.2508.31121.0_neutral_split.language-mi-latn_8wekyb3d8bbwe \"OfficeApp_19.2508.31121.0_language-mk.msix\": Microsoft.MicrosoftOfficeHub_19.2508.31121.0_neutral_split.language-mk_8wekyb3d8bbwe \"OfficeApp_19.2508.31121.0_language-ml.msix\": Microsoft.MicrosoftOfficeHub_19.2508.31121.0_neutral_split.language-ml_8wekyb3d8bbwe \"OfficeApp_19.2508.31121.0_language-mr.msix\": Microsoft.MicrosoftOfficeHub_19.2508.31121.0_neutral_split.language-mr_8wekyb3d8bbwe \"OfficeApp_19.2508.31121.0_language-ms.msix\": Microsoft.MicrosoftOfficeHub_19.2508.31121.0_neutral_split.language-ms_8wekyb3d8bbwe \"OfficeApp_19.2508.31121.0_language-mt.msix\": Microsoft.MicrosoftOfficeHub_19.2508.31121.0_neutral_split.language-mt_8wekyb3d8bbwe \"OfficeApp_19.2508.31121.0_language-nb.msix\": Microsoft.MicrosoftOfficeHub_19.2508.31121.0_neutral_split.language-nb_8wekyb3d8bbwe \"OfficeApp_19.2508.31121.0_language-ne.msix\": Microsoft.MicrosoftOfficeHub_19.2508.31121.0_neutral_split.language-ne_8wekyb3d8bbwe \"OfficeApp_19.2508.31121.0_language-nl.msix\": Microsoft.MicrosoftOfficeHub_19.2508.31121.0_neutral_split.language-nl_8wekyb3d8bbwe \"OfficeApp_19.2508.31121.0_language-nn.msix\": Microsoft.MicrosoftOfficeHub_19.2508.31121.0_neutral_split.language-nn_8wekyb3d8bbwe \"OfficeApp_19.2508.31121.0_language-or.msix\": Microsoft.MicrosoftOfficeHub_19.2508.31121.0_neutral_split.language-or_8wekyb3d8bbwe \"OfficeApp_19.2508.31121.0_language-pa.msix\": Microsoft.MicrosoftOfficeHub_19.2508.31121.0_neutral_split.language-pa_8wekyb3d8bbwe \"OfficeApp_19.2508.31121.0_language-pl.msix\": Microsoft.MicrosoftOfficeHub_19.2508.31121.0_neutral_split.language-pl_8wekyb3d8bbwe \"OfficeApp_19.2508.31121.0_language-pt.msix\": Microsoft.MicrosoftOfficeHub_19.2508.31121.0_neutral_split.language-pt_8wekyb3d8bbwe \"OfficeApp_19.2508.31121.0_language-quz-latn.msix\": Microsoft.MicrosoftOfficeHub_19.2508.31121.0_neutral_split.language-quz-latn_8wekyb3d8bbwe \"OfficeApp_19.2508.31121.0_language-ro.msix\": Microsoft.MicrosoftOfficeHub_19.2508.31121.0_neutral_split.language-ro_8wekyb3d8bbwe \"OfficeApp_19.2508.31121.0_language-ru.msix\": Microsoft.MicrosoftOfficeHub_19.2508.31121.0_neutral_split.language-ru_8wekyb3d8bbwe \"OfficeApp_19.2508.31121.0_language-sk.msix\": Microsoft.MicrosoftOfficeHub_19.2508.31121.0_neutral_split.language-sk_8wekyb3d8bbwe \"OfficeApp_19.2508.31121.0_language-sl.msix\": Microsoft.MicrosoftOfficeHub_19.2508.31121.0_neutral_split.language-sl_8wekyb3d8bbwe \"OfficeApp_19.2508.31121.0_language-sq.msix\": Microsoft.MicrosoftOfficeHub_19.2508.31121.0_neutral_split.language-sq_8wekyb3d8bbwe \"OfficeApp_19.2508.31121.0_language-sr-cyrl.msix\": Microsoft.MicrosoftOfficeHub_19.2508.31121.0_neutral_split.language-sr-cyrl_8wekyb3d8bbwe \"OfficeApp_19.2508.31121.0_language-sr-latn.msix\": Microsoft.MicrosoftOfficeHub_19.2508.31121.0_neutral_split.language-sr-latn_8wekyb3d8bbwe \"OfficeApp_19.2508.31121.0_language-sv.msix\": Microsoft.MicrosoftOfficeHub_19.2508.31121.0_neutral_split.language-sv_8wekyb3d8bbwe \"OfficeApp_19.2508.31121.0_language-ta.msix\": Microsoft.MicrosoftOfficeHub_19.2508.31121.0_neutral_split.language-ta_8wekyb3d8bbwe \"OfficeApp_19.2508.31121.0_language-te.msix\": Microsoft.MicrosoftOfficeHub_19.2508.31121.0_neutral_split.language-te_8wekyb3d8bbwe \"OfficeApp_19.2508.31121.0_language-th.msix\": Microsoft.MicrosoftOfficeHub_19.2508.31121.0_neutral_split.language-th_8wekyb3d8bbwe \"OfficeApp_19.2508.31121.0_language-tr.msix\": Microsoft.MicrosoftOfficeHub_19.2508.31121.0_neutral_split.language-tr_8wekyb3d8bbwe \"OfficeApp_19.2508.31121.0_language-tt-cyrl.msix\": Microsoft.MicrosoftOfficeHub_19.2508.31121.0_neutral_split.language-tt-cyrl_8wekyb3d8bbwe \"OfficeApp_19.2508.31121.0_language-ug-arab.msix\": Microsoft.MicrosoftOfficeHub_19.2508.31121.0_neutral_split.language-ug-arab_8wekyb3d8bbwe \"OfficeApp_19.2508.31121.0_language-uk.msix\": Microsoft.MicrosoftOfficeHub_19.2508.31121.0_neutral_split.language-uk_8wekyb3d8bbwe \"OfficeApp_19.2508.31121.0_language-ur.msix\": Microsoft.MicrosoftOfficeHub_19.2508.31121.0_neutral_split.language-ur_8wekyb3d8bbwe \"OfficeApp_19.2508.31121.0_language-vi.msix\": Microsoft.MicrosoftOfficeHub_19.2508.31121.0_neutral_split.language-vi_8wekyb3d8bbwe \"OfficeApp_19.2508.31121.0_language-zh-hans.msix\": Microsoft.MicrosoftOfficeHub_19.2508.31121.0_neutral_split.language-zh-hans_8wekyb3d8bbwe \"OfficeApp_19.2508.31121.0_language-zh-hant.msix\": Microsoft.MicrosoftOfficeHub_19.2508.31121.0_neutral_split.language-zh-hant_8wekyb3d8bbwe \"OfficeApp_19.2508.31121.0_scale-100.msix\": Microsoft.MicrosoftOfficeHub_19.2508.31121.0_neutral_split.scale-100_8wekyb3d8bbwe \"OfficeApp_19.2508.31121.0_scale-125.msix\": Microsoft.MicrosoftOfficeHub_19.2508.31121.0_neutral_split.scale-125_8wekyb3d8bbwe \"OfficeApp_19.2508.31121.0_scale-140.msix\": Microsoft.MicrosoftOfficeHub_19.2508.31121.0_neutral_split.scale-140_8wekyb3d8bbwe \"OfficeApp_19.2508.31121.0_scale-150.msix\": Microsoft.MicrosoftOfficeHub_19.2508.31121.0_neutral_split.scale-150_8wekyb3d8bbwe \"OfficeApp_19.2508.31121.0_scale-180.msix\": Microsoft.MicrosoftOfficeHub_19.2508.31121.0_neutral_split.scale-180_8wekyb3d8bbwe \"OfficeApp_19.2508.31121.0_scale-300.msix\": Microsoft.MicrosoftOfficeHub_19.2508.31121.0_neutral_split.scale-300_8wekyb3d8bbwe \"OfficeApp_19.2508.31121.0_scale-400.msix\": Microsoft.MicrosoftOfficeHub_19.2508.31121.0_neutral_split.scale-400_8wekyb3d8bbwe"}
{"EventID": "854", "Channel": "Microsoft-Windows-AppXDeploymentServer/Operational", "Provider_Name": "Microsoft-Windows-AppXDeployment-Server", "Computer": "DESKTOP-OFJ6N53", "TimeCreated": "2025-08-10 16:34:35.843933+00:00", "RecordID": "115625", "Level": "4", "UserID": "S-1-5-21-963789628-1060504924-4285088085-1001", "EventData.Path": "C:\\Program Files\\WindowsApps\\Microsoft.MicrosoftOfficeHub_2025.801.1334.0_neutral_~_8wekyb3d8bbwe\\AppxMetadata\\AppxBundleManifest.xml C:\\Program Files\\WindowsApps\\Microsoft.MicrosoftOfficeHub_19.2508.31121.0_x64__8wekyb3d8bbwe\\AppxManifest.xml C:\\Program Files\\WindowsApps\\Microsoft.MicrosoftOfficeHub_19.2508.31121.0_neutral_split.language-ru_8wekyb3d8bbwe\\AppxManifest.xml C:\\Program Files\\WindowsApps\\Microsoft.MicrosoftOfficeHub_19.2508.31121.0_neutral_split.scale-125_8wekyb3d8bbwe\\AppxManifest.xml C:\\Program Files\\WindowsApps\\Microsoft.MicrosoftOfficeHub_19.2508.31121.0_neutral_split.scale-100_8wekyb3d8bbwe\\AppxManifest.xml"}
{"EventID": "855", "Channel": "Microsoft-Windows-AppXDeploymentServer/Operational", "Provider_Name": "Microsoft-Windows-AppXDeployment-Server", "Computer": "DESKTOP-OFJ6N53", "TimeCreated": "2025-08-10 16:34:35.939899+00:00", "RecordID": "115626", "Level": "4", "UserID": "S-1-5-21-963789628-1060504924-4285088085-1001", "EventData.PackageMoniker": "updateList: Microsoft.MicrosoftOfficeHub_2025.729.2200.0_neutral_~_8wekyb3d8bbwe is updating to Microsoft.MicrosoftOfficeHub_2025.801.1334.0_neutral_~_8wekyb3d8bbwe Microsoft.MicrosoftOfficeHub_19.2507.59091.0_x64__8wekyb3d8bbwe is updating to Microsoft.MicrosoftOfficeHub_19.2508.31121.0_x64__8wekyb3d8bbwe Microsoft.MicrosoftOfficeHub_19.2507.59091.0_neutral_split.language-ru_8wekyb3d8bbwe is updating to Microsoft.MicrosoftOfficeHub_19.2508.31121.0_neutral_split.language-ru_8wekyb3d8bbwe Microsoft.MicrosoftOfficeHub_19.2507.59091.0_neutral_split.scale-125_8wekyb3d8bbwe is updating to Microsoft.MicrosoftOfficeHub_19.2508.31121.0_neutral_split.scale-125_8wekyb3d8bbwe Microsoft.MicrosoftOfficeHub_19.2507.59091.0_neutral_split.scale-100_8wekyb3d8bbwe is updating to Microsoft.MicrosoftOfficeHub_19.2508.31121.0_neutral_split.scale-100_8wekyb3d8bbwe"}
{"EventID": "9645", "Channel": "Microsoft-Windows-AppXDeploymentServer/Operational", "Provider_Name": "Microsoft-Windows-AppXDeployment-Server", "Computer": "DESKTOP-OFJ6N53", "TimeCreated": "2025-08-10 16:34:36.261948+00:00", "RecordID": "115627", "Level": "5", "UserID": "S-1-5-21-963789628-1060504924-4285088085-1001", "EventData.ErrorCode": "0x00000000", "EventData.String": "Microsoft.MicrosoftOfficeHub_19.2507.59091.0_x64__8wekyb3d8bbwe"}
{"EventID": "638", "Channel": "Microsoft-Windows-AppXDeploymentServer/Operational", "Provider_Name": "Microsoft-Windows-AppXDeployment-Server", "Computer": "DESKTOP-OFJ6N53", "TimeCreated": "2025-08-10 16:34:36.262783+00:00", "RecordID": "115628", "Level": "4", "UserID": "S-1-5-21-963789628-1060504924-4285088085-1001", "EventData.runningAppsList": "Microsoft.MicrosoftOfficeHub_8wekyb3d8bbwe!Microsoft.MicrosoftOfficeHub", "EventData.directlyServicedPackagesList": "Microsoft.MicrosoftOfficeHub_19.2507.59091.0_x64__8wekyb3d8bbwe Microsoft.MicrosoftOfficeHub_19.2508.31121.0_x64__8wekyb3d8bbwe", "EventData.indirectlyServicedPackagesList": "NULL", "EventData.numAttempts": "2", "EventData.isSessionLocked": "True"}
{"EventID": "10000", "Channel": "Microsoft-Windows-AppXDeploymentServer/Operational", "Provider_Name": "Microsoft-Windows-AppXDeployment-Server", "Computer": "DESKTOP-OFJ6N53", "TimeCreated": "2025-08-10 16:34:36.263174+00:00", "RecordID": "115629", "Level": "5", "UserID": "S-1-5-18", "EventData.PackageFullName": "Microsoft.MicrosoftOfficeHub_19.2508.31121.0_x64__8wekyb3d8bbwe", "EventData.ErrorCode": "0x00000000"}
{"EventID": "419", "Channel": "Microsoft-Windows-AppXDeploymentServer/Operational", "Provider_Name": "Microsoft-Windows-AppXDeployment-Server", "Computer": "DESKTOP-OFJ6N53", "TimeCreated": "2025-08-10 16:34:36.279869+00:00", "RecordID": "115630", "Level": "2", "UserID": "S-1-5-18", "EventData.filename": "Microsoft.MicrosoftOfficeHub_19.2507.59091.0_x64__8wekyb3d8bbwe", "EventData.Error": "0x80073d02"}
{"EventID": "605", "Channel": "Microsoft-Windows-AppXDeploymentServer/Operational", "Provider_Name": "Microsoft-Windows-AppXDeployment-Server", "Computer": "DESKTOP-OFJ6N53", "TimeCreated": "2025-08-10 16:34:36.282412+00:00", "RecordID": "115631", "Level": "4", "UserID": "S-1-5-21-963789628-1060504924-4285088085-1001", "EventData.DeploymentState": "19", "EventData.NextDeploymentState": "20", "EventData.ErrorCode": "0x80073d02"}
{"EventID": "10001", "Channel": "Microsoft-Windows-AppXDeploymentServer/Operational", "Provider_Name": "Microsoft-Windows-AppXDeployment-Server", "Computer": "DESKTOP-OFJ6N53", "TimeCreated": "2025-08-10 16:34:36.288797+00:00", "RecordID": "115632", "Level": "5", "UserID": "S-1-5-18", "EventData.PackageFullName": "Microsoft.MicrosoftOfficeHub_19.2508.31121.0_x64__8wekyb3d8bbwe", "EventData.ErrorCode": "0x00000000"}
{"EventID": "10001", "Channel": "Microsoft-Windows-AppXDeploymentServer/Operational", "Provider_Name": "Microsoft-Windows-AppXDeployment-Server", "Computer": "DESKTOP-OFJ6N53", "TimeCreated": "2025-08-10 16:34:36.288923+00:00", "RecordID": "115633", "Level": "5", "UserID": "S-1-5-18", "EventData.PackageFullName": "Microsoft.MicrosoftOfficeHub_19.2508.31121.0_x64__8wekyb3d8bbwe", "EventData.ErrorCode": "0x00000000"}
{"EventID": "401", "Channel": "Microsoft-Windows-AppXDeploymentServer/Operational", "Provider_Name": "Microsoft-Windows-AppXDeployment-Server", "Computer": "DESKTOP-OFJ6N53", "TimeCreated": "2025-08-10 16:34:36.689026+00:00", "RecordID": "115634", "Level": "2", "UserID": "S-1-5-21-963789628-1060504924-4285088085-1001", "EventData.DeploymentOperation": "6", "EventData.PackageFullName": "Microsoft.MicrosoftOfficeHub_2025.801.1334.0_neutral_~_8wekyb3d8bbwe", "EventData.Path": "(AppxBundleManifest.xml)", "EventData.ErrorCode": "0x80073d02", "EventData.MountPoint": "C:", "EventData.TargetPlatform": "0x00000003", "EventData.SystemVolume": "True", "EventData.StorageId": "\\\\?\\Volume{c33a8663-71a2-4031-8cec-c21914fe12ad}", "EventData.IsCentennial": "False", "EventData.PackageType": "0x00000000", "EventData.IsPackageEncrypted": "False", "EventData.DeploymentOptions": "0x0004000004044800", "EventData.IsStreamingPackage": "False", "EventData.IsInRelatedSet": "False", "EventData.IsPackageUsingBDC": "False", "EventData.MainPackageFamilyName": "NULL", "EventData.CallingProcess": "svchost.exe,wuauserv", "EventData.IsInPlaceUpdate": "0x00000000", "EventData.ErrorFileInfo": "entity-dependencygraph.cpp,576,80070490;dependencygraphtable.cpp,251,80070490;entity-wowdependencygraph.cpp,576,80070490;wowdependencygraphtable.cpp,246,80070490;entity-dependencygraph.cpp,576,80070490;dependencygraphtable.cpp,251,80070490;entity-wowdependencygraph.cpp,576,80070490;wowdependencygraphtable.cpp,246,80070490;entity-dependencygraph.cpp,576,80070490;dependencygraphtable.cpp,251,80070490;entity-wowdependencygraph.cpp,576,80070490;wowdependencygraphtable.cpp,246,80070490;entity-dependencygraph.cpp,576,80070490;dependencygraphtable.cpp,251,80070490;entity-wowdependencygraph.cpp,576,80070490;wowdependencygraphtable.cpp,246,80070490;entity-dependencygraph.cpp,576,80070490;dependencygraphtable.cpp,251,80070490;entity-wowdependencygraph.cpp,576,80070490;wowdependencygraphtable.cpp,246,80070490;deferredregistrationsresolver.cpp,296,80073D02;dependencymanager.cpp,53,80073D02;deploymentmanager.cpp,626,80073D02;pipeline.cpp,132,80073D02;pipeline.cpp,177,80073D02;deploymentrequest.cpp,2041,80073D02;deploymentrequest.cpp,2156,80073D02;deploymentrequest.cpp,4053,80073D02;", "EventData.DetailedMessageInfo": "NULL", "EventData.IsOptional": "0", "EventData.PackageFlags": "0x00000000", "EventData.PackageFlags2": "0x00000000", "EventData.HasWin32alacarte": "False", "EventData.HasFullTrust": "False", "EventData.ExternalLocation": null, "EventData.PackageSourceUri": null}
{"EventID": "404", "Channel": "Microsoft-Windows-AppXDeploymentServer/Operational", "Provider_Name": "Microsoft-Windows-AppXDeployment-Server", "Computer": "DESKTOP-OFJ6N53", "TimeCreated": "2025-08-10 16:34:36.769011+00:00", "RecordID": "115635", "Level": "2", "UserID": "S-1-5-21-963789628-1060504924-4285088085-1001", "EventData.SummaryError": " 0x80073D02:    ,      : Microsoft.MicrosoftOfficeHub_19.2507.59091.0_x64__8wekyb3d8bbwe.", "EventData.PackageFullName": "Microsoft.MicrosoftOfficeHub_2025.801.1334.0_neutral_~_8wekyb3d8bbwe", "EventData.ErrorCode": "0x80073d02", "EventData.MountPoint": "C:", "EventData.TargetPlatform": "0x00000003", "EventData.CallingProcess": "svchost.exe,wuauserv", "EventData.ExternalLocation": null}
{"EventID": "603", "Channel": "Microsoft-Windows-AppXDeploymentServer/Operational", "Provider_Name": "Microsoft-Windows-AppXDeployment-Server", "Computer": "DESKTOP-OFJ6N53", "TimeCreated": "2025-08-11 16:45:43.158434+00:00", "RecordID": "115636", "Level": "4", "UserID": "S-1-5-18", "EventData.DeploymentOperation": "5", "EventData.Path": "Microsoft.MicrosoftOfficeHub_2025.801.1334.0_neutral_~_8wekyb3d8bbwe", "EventData.Flags": "0", "EventData.FlagsHigh": "0", "EventData.CallingProcess": "svchost.exe,wuauserv", "EventData.ExternalLocation": null}
{"EventID": "10002", "Channel": "Microsoft-Windows-AppXDeploymentServer/Operational", "Provider_Name": "Microsoft-Windows-AppXDeployment-Server", "Computer": "DESKTOP-OFJ6N53", "TimeCreated": "2025-08-11 16:45:43.179335+00:00", "RecordID": "115637", "Level": "5", "UserID": "S-1-5-18", "EventData.DeploymentOperation": "2", "EventData.MainPackageMoniker": "Microsoft.MicrosoftOfficeHub_2025.801.1334.0_neutral_~_8wekyb3d8bbwe", "EventData.ResiliencyFilePath": "C:\\ProgramData\\Microsoft\\Windows\\AppRepository\\54657858-539f-4b98-be21-313ab4ebcd22_S-1-5-18_1.rslc"}
{"EventID": "607", "Channel": "Microsoft-Windows-AppXDeploymentServer/Operational", "Provider_Name": "Microsoft-Windows-AppXDeployment-Server", "Computer": "DESKTOP-OFJ6N53", "TimeCreated": "2025-08-11 16:45:43.183344+00:00", "RecordID": "115638", "Level": "4", "UserID": "S-1-5-18", "EventData.DeploymentOperation": "2", "EventData.PackageFullName": "Microsoft.MicrosoftOfficeHub_2025.801.1334.0_neutral_~_8wekyb3d8bbwe", "EventData.UserSid": "S-1-5-18", "EventData.CallingProcess": "svchost.exe,wuauserv"}
{"EventID": "855", "Channel": "Microsoft-Windows-AppXDeploymentServer/Operational", "Provider_Name": "Microsoft-Windows-AppXDeployment-Server", "Computer": "DESKTOP-OFJ6N53", "TimeCreated": "2025-08-11 16:45:43.208956+00:00", "RecordID": "115639", "Level": "4", "UserID": "S-1-5-18", "EventData.PackageMoniker": "removePackageList: Microsoft.MicrosoftOfficeHub_2025.801.1334.0_neutral_~_8wekyb3d8bbwe Microsoft.MicrosoftOfficeHub_19.2508.31121.0_x64__8wekyb3d8bbwe Microsoft.MicrosoftOfficeHub_19.2508.31121.0_neutral_split.scale-100_8wekyb3d8bbwe Microsoft.MicrosoftOfficeHub_19.2508.31121.0_neutral_split.language-ru_8wekyb3d8bbwe Microsoft.MicrosoftOfficeHub_19.2508.31121.0_neutral_split.scale-125_8wekyb3d8bbwe"}
{"EventID": "400", "Channel": "Microsoft-Windows-AppXDeploymentServer/Operational", "Provider_Name": "Microsoft-Windows-AppXDeployment-Server", "Computer": "DESKTOP-OFJ6N53", "TimeCreated": "2025-08-11 16:45:45.573915+00:00", "RecordID": "115640", "Level": "4", "UserID": "S-1-5-18", "EventData.DeploymentOperation": "5", "EventData.PackageFullName": "Microsoft.MicrosoftOfficeHub_2025.801.1334.0_neutral_~_8wekyb3d8bbwe", "EventData.Path": "(Microsoft.MicrosoftOfficeHub_2025.801.1334.0_neutral_~_8wekyb3d8bbwe)", "EventData.MountPoint": "C:", "EventData.TargetPlatform": "0x00000001", "EventData.SystemVolume": "True", "EventData.StorageId": "\\\\?\\Volume{c33a8663-71a2-4031-8cec-c21914fe12ad}", "EventData.IsCentennial": "False", "EventData.PackageType": "0x00000008", "EventData.IsPackageEncrypted": "False", "EventData.DeploymentOptions": "0x0000000000000000", "EventData.IsStreamingPackage": "False", "EventData.IsInRelatedSet": "False", "EventData.IsPackageUsingBDC": "False", "EventData.MainPackageFamilyName": "NULL", "EventData.CallingProcess": "svchost.exe,wuauserv", "EventData.IsOptional": "False", "EventData.PackageFlags": "0x00000400", "EventData.PackageFlags2": "0x00000800", "EventData.HasWin32alacarte": "False", "EventData.HasFullTrust": "False", "EventData.ExternalLocation": null, "EventData.PackageSourceUri": "x-windowsupdate://09196789-E9FA-40B9-9A3F-1FC063E67033/EAAC6C6B-10A4-4659-815B-44F151ECA61A/999c0b0d75f2d9e27191f6c41a2258f946fc41cd"}
{"EventID": "472", "Channel": "Microsoft-Windows-AppXDeploymentServer/Operational", "Provider_Name": "Microsoft-Windows-AppXDeployment-Server", "Computer": "DESKTOP-OFJ6N53", "TimeCreated": "2025-08-11 16:45:45.660564+00:00", "RecordID": "115641", "Level": "5", "UserID": "S-1-5-18", "EventData.SourceFolderPath": "\\\\?\\C:\\Program Files\\WindowsApps\\Microsoft.MicrosoftOfficeHub_2025.801.1334.0_neutral_~_8wekyb3d8bbwe", "EventData.DestinationFolderPath": "\\\\?\\C:\\Program Files\\WindowsApps\\Deleted\\Microsoft.MicrosoftOfficeHub_2025.801.1334.0_neutral_~_8wekyb3d8bbwe065ccbf6-1740-4a5f-b93d-a699ccede918", "EventData.ErrorCode": "0x00000000"}
{"EventID": "472", "Channel": "Microsoft-Windows-AppXDeploymentServer/Operational", "Provider_Name": "Microsoft-Windows-AppXDeployment-Server", "Computer": "DESKTOP-OFJ6N53", "TimeCreated": "2025-08-11 16:45:45.665144+00:00", "RecordID": "115642", "Level": "5", "UserID": "S-1-5-18", "EventData.SourceFolderPath": "\\\\?\\C:\\Program Files\\WindowsApps\\Microsoft.MicrosoftOfficeHub_19.2508.31121.0_x64__8wekyb3d8bbwe", "EventData.DestinationFolderPath": "\\\\?\\C:\\Program Files\\WindowsApps\\Deleted\\Microsoft.MicrosoftOfficeHub_19.2508.31121.0_x64__8wekyb3d8bbwe18591197-1b11-4d76-99b4-02d43277ca3f", "EventData.ErrorCode": "0x00000000"}
{"EventID": "472", "Channel": "Microsoft-Windows-AppXDeploymentServer/Operational", "Provider_Name": "Microsoft-Windows-AppXDeployment-Server", "Computer": "DESKTOP-OFJ6N53", "TimeCreated": "2025-08-11 16:45:45.677322+00:00", "RecordID": "115643", "Level": "5", "UserID": "S-1-5-18", "EventData.SourceFolderPath": "\\\\?\\C:\\Program Files\\WindowsApps\\Microsoft.MicrosoftOfficeHub_19.2508.31121.0_neutral_split.scale-100_8wekyb3d8bbwe", "EventData.DestinationFolderPath": "\\\\?\\C:\\Program Files\\WindowsApps\\Deleted\\Microsoft.MicrosoftOfficeHub_19.2508.31121.0_neutral_split.scale-100_8wekyb3d8bbwee0dd057f-1a3b-47ba-aafc-2cfc454ff358", "EventData.ErrorCode": "0x00000000"}
{"EventID": "472", "Channel": "Microsoft-Windows-AppXDeploymentServer/Operational", "Provider_Name": "Microsoft-Windows-AppXDeployment-Server", "Computer": "DESKTOP-OFJ6N53", "TimeCreated": "2025-08-11 16:45:45.680969+00:00", "RecordID": "115644", "Level": "5", "UserID": "S-1-5-18", "EventData.SourceFolderPath": "\\\\?\\C:\\Program Files\\WindowsApps\\Microsoft.MicrosoftOfficeHub_19.2508.31121.0_neutral_split.language-ru_8wekyb3d8bbwe", "EventData.DestinationFolderPath": "\\\\?\\C:\\Program Files\\WindowsApps\\Deleted\\Microsoft.MicrosoftOfficeHub_19.2508.31121.0_neutral_split.language-ru_8wekyb3d8bbwe0b699a1e-f1f7-4712-b928-f3845bea75ab", "EventData.ErrorCode": "0x00000000"}
{"EventID": "472", "Channel": "Microsoft-Windows-AppXDeploymentServer/Operational", "Provider_Name": "Microsoft-Windows-AppXDeployment-Server", "Computer": "DESKTOP-OFJ6N53", "TimeCreated": "2025-08-11 16:45:45.686085+00:00", "RecordID": "115645", "Level": "5", "UserID": "S-1-5-18", "EventData.SourceFolderPath": "\\\\?\\C:\\Program Files\\WindowsApps\\Microsoft.MicrosoftOfficeHub_19.2508.31121.0_neutral_split.scale-125_8wekyb3d8bbwe", "EventData.DestinationFolderPath": "\\\\?\\C:\\Program Files\\WindowsApps\\Deleted\\Microsoft.MicrosoftOfficeHub_19.2508.31121.0_neutral_split.scale-125_8wekyb3d8bbwe6da166b6-28a5-4630-8eae-f4f5e0cece08", "EventData.ErrorCode": "0x00000000"}
{"EventID": "649", "Channel": "Microsoft-Windows-AppXDeploymentServer/Operational", "Provider_Name": "Microsoft-Windows-AppXDeployment-Server", "Computer": "DESKTOP-OFJ6N53", "TimeCreated": "2025-08-11 16:45:45.689384+00:00", "RecordID": "115646", "Level": "4", "UserID": "S-1-5-18", "EventData.DeploymentOperation": "2", "EventData.PackageFullName": "Microsoft.MicrosoftOfficeHub_2025.801.1334.0_neutral_~_8wekyb3d8bbwe", "EventData.Summary": "PostDeploymentOperationCheck cost: 0 ms"}
{"EventID": "471", "Channel": "Microsoft-Windows-AppXDeploymentServer/Operational", "Provider_Name": "Microsoft-Windows-AppXDeployment-Server", "Computer": "DESKTOP-OFJ6N53", "TimeCreated": "2025-08-11 16:45:46.776108+00:00", "RecordID": "115647", "Level": "4", "UserID": "S-1-5-18", "EventData.FilePath": "\\\\?\\C:\\Program Files\\WindowsApps\\Deleted\\Microsoft.MicrosoftOfficeHub_19.2508.31121.0_x64__8wekyb3d8bbwe18591197-1b11-4d76-99b4-02d43277ca3f\\minizip.dll", "EventData.ErrorCode": "0x00000005"}
{"EventID": "471", "Channel": "Microsoft-Windows-AppXDeploymentServer/Operational", "Provider_Name": "Microsoft-Windows-AppXDeployment-Server", "Computer": "DESKTOP-OFJ6N53", "TimeCreated": "2025-08-11 16:45:47.602654+00:00", "RecordID": "115648", "Level": "4", "UserID": "S-1-5-18", "EventData.FilePath": "\\\\?\\C:\\Program Files\\WindowsApps\\Deleted\\Microsoft.MicrosoftOfficeHub_19.2508.31121.0_x64__8wekyb3d8bbwe18591197-1b11-4d76-99b4-02d43277ca3f\\WebView2Loader.dll", "EventData.ErrorCode": "0x00000005"}
{"EventID": "471", "Channel": "Microsoft-Windows-AppXDeploymentServer/Operational", "Provider_Name": "Microsoft-Windows-AppXDeployment-Server", "Computer": "DESKTOP-OFJ6N53", "TimeCreated": "2025-08-11 16:45:47.605413+00:00", "RecordID": "115649", "Level": "4", "UserID": "S-1-5-18", "EventData.FilePath": "\\\\?\\C:\\Program Files\\WindowsApps\\Deleted\\Microsoft.MicrosoftOfficeHub_19.2508.31121.0_x64__8wekyb3d8bbwe18591197-1b11-4d76-99b4-02d43277ca3f\\zlib1.dll", "EventData.ErrorCode": "0x00000005"}
{"EventID": "603", "Channel": "Microsoft-Windows-AppXDeploymentServer/Operational", "Provider_Name": "Microsoft-Windows-AppXDeployment-Server", "Computer": "DESKTOP-OFJ6N53", "TimeCreated": "2025-08-11 16:46:20.002537+00:00", "RecordID": "115650", "Level": "4", "UserID": "S-1-5-18", "EventData.DeploymentOperation": "4", "EventData.Path": "1c6b1a1300be5ff778660d4dda10e2a854d8ce07", "EventData.Flags": "67108880", "EventData.FlagsHigh": "128", "EventData.CallingProcess": "svchost.exe,wuauserv", "EventData.ExternalLocation": null}
