{"EventID": "1050", "Channel": "Microsoft-Windows-WebAuthN/Operational", "Provider_Name": "Microsoft-Windows-WebAuthN", "Computer": "DESKTOP-OFJ6N53", "TimeCreated": "2023-06-14 13:33:18.028645+00:00", "RecordID": "191", "Level": "4", "UserID": "S-1-5-21-963789628-1060504924-4285088085-1001", "EventData.TransactionId": "{3cdc2c8f-14d7-495e-9a8c-216e45199d3e}", "EventData.RemoteRpcRequestLength": "57", "EventData.RemoteRpcRequest": "pGdjb21tYW5kBmVmbGFncwBndGltZW91dABtdHJhbnNhY3Rpb25JZFAAAAAAAAAAAAAAAAAAAAAA"}
{"EventID": "1052", "Channel": "Microsoft-Windows-WebAuthN/Operational", "Provider_Name": "Microsoft-Windows-WebAuthN", "Computer": "DESKTOP-OFJ6N53", "TimeCreated": "2023-06-14 13:33:18.038857+00:00", "RecordID": "192", "Level": "4", "UserID": "S-1-5-21-963789628-1060504924-4285088085-1001", "EventData.TransactionId": "{3cdc2c8f-14d7-495e-9a8c-216e45199d3e}", "EventData.Error": "0x00000000", "EventData.HResult": "0", "EventData.RemoteRpcResponseLength": "4", "EventData.RemoteRpcResponse": "AQAAAA=="}
{"EventID": "1070", "Channel": "Microsoft-Windows-WebAuthN/Operational", "Provider_Name": "Microsoft-Windows-WebAuthN", "Computer": "DESKTOP-OFJ6N53", "TimeCreated": "2023-06-14 13:33:18.038897+00:00", "RecordID": "193", "Level": "4", "UserID": "S-1-5-21-963789628-1060504924-4285088085-1001", "EventData.value": "True", "EventData.Error": "0x00000000", "EventData.HResult": "0"}
{"EventID": "1050", "Channel": "Microsoft-Windows-WebAuthN/Operational", "Provider_Name": "Microsoft-Windows-WebAuthN", "Computer": "DESKTOP-OFJ6N53", "TimeCreated": "2023-06-14 13:33:27.295443+00:00", "RecordID": "194", "Level": "4", "UserID": "S-1-5-21-963789628-1060504924-4285088085-1001", "EventData.TransactionId": "{2cd5f400-94e3-4ade-84bc-16f7ad32f80e}", "EventData.RemoteRpcRequestLength": "57", "EventData.RemoteRpcRequest": "pGdjb21tYW5kBmVmbGFncwBndGltZW91dABtdHJhbnNhY3Rpb25JZFAAAAAAAAAAAAAAAAAAAAAA"}
{"EventID": "1052", "Channel": "Microsoft-Windows-WebAuthN/Operational", "Provider_Name": "Microsoft-Windows-WebAuthN", "Computer": "DESKTOP-OFJ6N53", "TimeCreated": "2023-06-14 13:33:27.301498+00:00", "RecordID": "195", "Level": "4", "UserID": "S-1-5-21-963789628-1060504924-4285088085-1001", "EventData.TransactionId": "{2cd5f400-94e3-4ade-84bc-16f7ad32f80e}", "EventData.Error": "0x00000000", "EventData.HResult": "0", "EventData.RemoteRpcResponseLength": "4", "EventData.RemoteRpcResponse": "AQAAAA=="}
{"EventID": "1070", "Channel": "Microsoft-Windows-WebAuthN/Operational", "Provider_Name": "Microsoft-Windows-WebAuthN", "Computer": "DESKTOP-OFJ6N53", "TimeCreated": "2023-06-14 13:33:27.301535+00:00", "RecordID": "196", "Level": "4", "UserID": "S-1-5-21-963789628-1060504924-4285088085-1001", "EventData.value": "True", "EventData.Error": "0x00000000", "EventData.HResult": "0"}
{"EventID": "1050", "Channel": "Microsoft-Windows-WebAuthN/Operational", "Provider_Name": "Microsoft-Windows-WebAuthN", "Computer": "DESKTOP-OFJ6N53", "TimeCreated": "2023-06-14 13:33:27.373154+00:00", "RecordID": "197", "Level": "4", "UserID": "S-1-5-21-963789628-1060504924-4285088085-1001", "EventData.TransactionId": "{60cb9be2-d665-49e6-9171-23a227e3b144}", "EventData.RemoteRpcRequestLength": "57", "EventData.RemoteRpcRequest": "pGdjb21tYW5kBmVmbGFncwBndGltZW91dABtdHJhbnNhY3Rpb25JZFAAAAAAAAAAAAAAAAAAAAAA"}
{"EventID": "1052", "Channel": "Microsoft-Windows-WebAuthN/Operational", "Provider_Name": "Microsoft-Windows-WebAuthN", "Computer": "DESKTOP-OFJ6N53", "TimeCreated": "2023-06-14 13:33:27.381462+00:00", "RecordID": "198", "Level": "4", "UserID": "S-1-5-21-963789628-1060504924-4285088085-1001", "EventData.TransactionId": "{60cb9be2-d665-49e6-9171-23a227e3b144}", "EventData.Error": "0x00000000", "EventData.HResult": "0", "EventData.RemoteRpcResponseLength": "4", "EventData.RemoteRpcResponse": "AQAAAA=="}
{"EventID": "1070", "Channel": "Microsoft-Windows-WebAuthN/Operational", "Provider_Name": "Microsoft-Windows-WebAuthN", "Computer": "DESKTOP-OFJ6N53", "TimeCreated": "2023-06-14 13:33:27.381493+00:00", "RecordID": "199", "Level": "4", "UserID": "S-1-5-21-963789628-1060504924-4285088085-1001", "EventData.value": "True", "EventData.Error": "0x00000000", "EventData.HResult": "0"}
{"EventID": "2001", "Channel": "Microsoft-Windows-WebAuthN/Operational", "Provider_Name": "Microsoft-Windows-WebAuthN", "Computer": "DESKTOP-OFJ6N53", "TimeCreated": "2023-06-27 09:46:38.298689+00:00", "RecordID": "200", "Level": "16", "UserID": "S-1-5-20"}
{"EventID": "2000", "Channel": "Microsoft-Windows-WebAuthN/Operational", "Provider_Name": "Microsoft-Windows-WebAuthN", "Computer": "DESKTOP-OFJ6N53", "TimeCreated": "2023-06-27 09:47:55.954844+00:00", "RecordID": "201", "Level": "16", "UserID": "S-1-5-20"}
{"EventID": "2001", "Channel": "Microsoft-Windows-WebAuthN/Operational", "Provider_Name": "Microsoft-Windows-WebAuthN", "Computer": "DESKTOP-OFJ6N53", "TimeCreated": "2023-07-03 07:36:56.560625+00:00", "RecordID": "202", "Level": "16", "UserID": "S-1-5-20"}
{"EventID": "2000", "Channel": "Microsoft-Windows-WebAuthN/Operational", "Provider_Name": "Microsoft-Windows-WebAuthN", "Computer": "DESKTOP-OFJ6N53", "TimeCreated": "2023-07-03 07:38:06.867207+00:00", "RecordID": "203", "Level": "16", "UserID": "S-1-5-20"}
{"EventID": "2001", "Channel": "Microsoft-Windows-WebAuthN/Operational", "Provider_Name": "Microsoft-Windows-WebAuthN", "Computer": "DESKTOP-OFJ6N53", "TimeCreated": "2023-07-06 12:43:21.672020+00:00", "RecordID": "204", "Level": "16", "UserID": "S-1-5-20"}
{"EventID": "2000", "Channel": "Microsoft-Windows-WebAuthN/Operational", "Provider_Name": "Microsoft-Windows-WebAuthN", "Computer": "DESKTOP-OFJ6N53", "TimeCreated": "2023-07-06 12:44:59.134176+00:00", "RecordID": "205", "Level": "16", "UserID": "S-1-5-20"}
{"EventID": "2001", "Channel": "Microsoft-Windows-WebAuthN/Operational", "Provider_Name": "Microsoft-Windows-WebAuthN", "Computer": "DESKTOP-OFJ6N53", "TimeCreated": "2023-07-12 14:39:49.402020+00:00", "RecordID": "206", "Level": "16", "UserID": "S-1-5-20"}
{"EventID": "2000", "Channel": "Microsoft-Windows-WebAuthN/Operational", "Provider_Name": "Microsoft-Windows-WebAuthN", "Computer": "DESKTOP-OFJ6N53", "TimeCreated": "2023-07-12 14:41:06.499260+00:00", "RecordID": "207", "Level": "16", "UserID": "S-1-5-20"}
{"EventID": "2001", "Channel": "Microsoft-Windows-WebAuthN/Operational", "Provider_Name": "Microsoft-Windows-WebAuthN", "Computer": "DESKTOP-OFJ6N53", "TimeCreated": "2023-07-18 14:52:13.827789+00:00", "RecordID": "208", "Level": "16", "UserID": "S-1-5-20"}
{"EventID": "2000", "Channel": "Microsoft-Windows-WebAuthN/Operational", "Provider_Name": "Microsoft-Windows-WebAuthN", "Computer": "DESKTOP-OFJ6N53", "TimeCreated": "2023-07-18 14:52:48.499208+00:00", "RecordID": "209", "Level": "16", "UserID": "S-1-5-20"}
{"EventID": "2001", "Channel": "Microsoft-Windows-WebAuthN/Operational", "Provider_Name": "Microsoft-Windows-WebAuthN", "Computer": "DESKTOP-OFJ6N53", "TimeCreated": "2023-07-25 08:58:52.954145+00:00", "RecordID": "210", "Level": "16", "UserID": "S-1-5-20"}
{"EventID": "2000", "Channel": "Microsoft-Windows-WebAuthN/Operational", "Provider_Name": "Microsoft-Windows-WebAuthN", "Computer": "DESKTOP-OFJ6N53", "TimeCreated": "2023-07-25 08:59:25.282309+00:00", "RecordID": "211", "Level": "16", "UserID": "S-1-5-20"}
{"EventID": "2001", "Channel": "Microsoft-Windows-WebAuthN/Operational", "Provider_Name": "Microsoft-Windows-WebAuthN", "Computer": "DESKTOP-OFJ6N53", "TimeCreated": "2023-07-26 16:04:44.577459+00:00", "RecordID": "212", "Level": "16", "UserID": "S-1-5-20"}
{"EventID": "2000", "Channel": "Microsoft-Windows-WebAuthN/Operational", "Provider_Name": "Microsoft-Windows-WebAuthN", "Computer": "DESKTOP-OFJ6N53", "TimeCreated": "2023-07-26 16:05:14.561193+00:00", "RecordID": "213", "Level": "16", "UserID": "S-1-5-20"}
{"EventID": "2001", "Channel": "Microsoft-Windows-WebAuthN/Operational", "Provider_Name": "Microsoft-Windows-WebAuthN", "Computer": "DESKTOP-OFJ6N53", "TimeCreated": "2023-07-31 13:01:08.695997+00:00", "RecordID": "214", "Level": "16", "UserID": "S-1-5-20"}
{"EventID": "2000", "Channel": "Microsoft-Windows-WebAuthN/Operational", "Provider_Name": "Microsoft-Windows-WebAuthN", "Computer": "DESKTOP-OFJ6N53", "TimeCreated": "2023-07-31 13:01:35.708885+00:00", "RecordID": "215", "Level": "16", "UserID": "S-1-5-20"}
{"EventID": "2001", "Channel": "Microsoft-Windows-WebAuthN/Operational", "Provider_Name": "Microsoft-Windows-WebAuthN", "Computer": "DESKTOP-OFJ6N53", "TimeCreated": "2023-08-02 10:02:46.461050+00:00", "RecordID": "216", "Level": "16", "UserID": "S-1-5-20"}
{"EventID": "2000", "Channel": "Microsoft-Windows-WebAuthN/Operational", "Provider_Name": "Microsoft-Windows-WebAuthN", "Computer": "DESKTOP-OFJ6N53", "TimeCreated": "2023-08-02 10:03:14.227547+00:00", "RecordID": "217", "Level": "16", "UserID": "S-1-5-20"}
{"EventID": "2001", "Channel": "Microsoft-Windows-WebAuthN/Operational", "Provider_Name": "Microsoft-Windows-WebAuthN", "Computer": "DESKTOP-OFJ6N53", "TimeCreated": "2023-08-10 07:38:38.501968+00:00", "RecordID": "218", "Level": "16", "UserID": "S-1-5-20"}
{"EventID": "2000", "Channel": "Microsoft-Windows-WebAuthN/Operational", "Provider_Name": "Microsoft-Windows-WebAuthN", "Computer": "DESKTOP-OFJ6N53", "TimeCreated": "2023-08-10 07:39:08.540028+00:00", "RecordID": "219", "Level": "16", "UserID": "S-1-5-20"}
{"EventID": "2001", "Channel": "Microsoft-Windows-WebAuthN/Operational", "Provider_Name": "Microsoft-Windows-WebAuthN", "Computer": "DESKTOP-OFJ6N53", "TimeCreated": "2023-08-16 09:59:50.733566+00:00", "RecordID": "220", "Level": "16", "UserID": "S-1-5-20"}
{"EventID": "2000", "Channel": "Microsoft-Windows-WebAuthN/Operational", "Provider_Name": "Microsoft-Windows-WebAuthN", "Computer": "DESKTOP-OFJ6N53", "TimeCreated": "2023-08-16 10:00:21.710125+00:00", "RecordID": "221", "Level": "16", "UserID": "S-1-5-20"}
{"EventID": "2001", "Channel": "Microsoft-Windows-WebAuthN/Operational", "Provider_Name": "Microsoft-Windows-WebAuthN", "Computer": "DESKTOP-OFJ6N53", "TimeCreated": "2023-08-29 22:44:45.268036+00:00", "RecordID": "222", "Level": "16", "UserID": "S-1-5-20"}
{"EventID": "2000", "Channel": "Microsoft-Windows-WebAuthN/Operational", "Provider_Name": "Microsoft-Windows-WebAuthN", "Computer": "DESKTOP-OFJ6N53", "TimeCreated": "2023-08-29 22:45:15.613668+00:00", "RecordID": "223", "Level": "16", "UserID": "S-1-5-20"}
{"EventID": "2001", "Channel": "Microsoft-Windows-WebAuthN/Operational", "Provider_Name": "Microsoft-Windows-WebAuthN", "Computer": "DESKTOP-OFJ6N53", "TimeCreated": "2023-09-04 14:36:35.135893+00:00", "RecordID": "224", "Level": "16", "UserID": "S-1-5-20"}
{"EventID": "2000", "Channel": "Microsoft-Windows-WebAuthN/Operational", "Provider_Name": "Microsoft-Windows-WebAuthN", "Computer": "DESKTOP-OFJ6N53", "TimeCreated": "2023-09-04 14:37:02.984354+00:00", "RecordID": "225", "Level": "16", "UserID": "S-1-5-20"}
{"EventID": "2001", "Channel": "Microsoft-Windows-WebAuthN/Operational", "Provider_Name": "Microsoft-Windows-WebAuthN", "Computer": "DESKTOP-OFJ6N53", "TimeCreated": "2023-09-13 14:36:08.208895+00:00", "RecordID": "226", "Level": "16", "UserID": "S-1-5-20"}
{"EventID": "2000", "Channel": "Microsoft-Windows-WebAuthN/Operational", "Provider_Name": "Microsoft-Windows-WebAuthN", "Computer": "DESKTOP-OFJ6N53", "TimeCreated": "2023-09-13 14:36:39.884565+00:00", "RecordID": "227", "Level": "16", "UserID": "S-1-5-20"}
{"EventID": "2001", "Channel": "Microsoft-Windows-WebAuthN/Operational", "Provider_Name": "Microsoft-Windows-WebAuthN", "Computer": "DESKTOP-OFJ6N53", "TimeCreated": "2023-09-29 16:10:13.630310+00:00", "RecordID": "228", "Level": "16", "UserID": "S-1-5-20"}
{"EventID": "2000", "Channel": "Microsoft-Windows-WebAuthN/Operational", "Provider_Name": "Microsoft-Windows-WebAuthN", "Computer": "DESKTOP-OFJ6N53", "TimeCreated": "2023-09-29 16:10:44.816498+00:00", "RecordID": "229", "Level": "16", "UserID": "S-1-5-20"}
{"EventID": "2001", "Channel": "Microsoft-Windows-WebAuthN/Operational", "Provider_Name": "Microsoft-Windows-WebAuthN", "Computer": "DESKTOP-OFJ6N53", "TimeCreated": "2023-10-12 16:55:02.373447+00:00", "RecordID": "230", "Level": "16", "UserID": "S-1-5-20"}
{"EventID": "2000", "Channel": "Microsoft-Windows-WebAuthN/Operational", "Provider_Name": "Microsoft-Windows-WebAuthN", "Computer": "DESKTOP-OFJ6N53", "TimeCreated": "2023-10-12 16:55:31.786573+00:00", "RecordID": "231", "Level": "16", "UserID": "S-1-5-20"}
{"EventID": "2001", "Channel": "Microsoft-Windows-WebAuthN/Operational", "Provider_Name": "Microsoft-Windows-WebAuthN", "Computer": "DESKTOP-OFJ6N53", "TimeCreated": "2023-10-27 14:40:14.193056+00:00", "RecordID": "232", "Level": "16", "UserID": "S-1-5-20"}
{"EventID": "2000", "Channel": "Microsoft-Windows-WebAuthN/Operational", "Provider_Name": "Microsoft-Windows-WebAuthN", "Computer": "DESKTOP-OFJ6N53", "TimeCreated": "2023-10-27 14:40:42.772495+00:00", "RecordID": "233", "Level": "16", "UserID": "S-1-5-20"}
{"EventID": "2001", "Channel": "Microsoft-Windows-WebAuthN/Operational", "Provider_Name": "Microsoft-Windows-WebAuthN", "Computer": "DESKTOP-OFJ6N53", "TimeCreated": "2023-11-20 15:05:07.158415+00:00", "RecordID": "234", "Level": "16", "UserID": "S-1-5-20"}
{"EventID": "2000", "Channel": "Microsoft-Windows-WebAuthN/Operational", "Provider_Name": "Microsoft-Windows-WebAuthN", "Computer": "DESKTOP-OFJ6N53", "TimeCreated": "2023-11-20 15:05:40.714682+00:00", "RecordID": "235", "Level": "16", "UserID": "S-1-5-20"}
{"EventID": "2001", "Channel": "Microsoft-Windows-WebAuthN/Operational", "Provider_Name": "Microsoft-Windows-WebAuthN", "Computer": "DESKTOP-OFJ6N53", "TimeCreated": "2023-12-12 07:24:53.755627+00:00", "RecordID": "236", "Level": "16", "UserID": "S-1-5-20"}
{"EventID": "2000", "Channel": "Microsoft-Windows-WebAuthN/Operational", "Provider_Name": "Microsoft-Windows-WebAuthN", "Computer": "DESKTOP-OFJ6N53", "TimeCreated": "2023-12-12 07:25:24.574581+00:00", "RecordID": "237", "Level": "16", "UserID": "S-1-5-20"}
{"EventID": "1070", "Channel": "Microsoft-Windows-WebAuthN/Operational", "Provider_Name": "Microsoft-Windows-WebAuthN", "Computer": "DESKTOP-OFJ6N53", "TimeCreated": "2023-12-12 07:26:26.034012+00:00", "RecordID": "238", "Level": "4", "UserID": "S-1-5-21-963789628-1060504924-4285088085-1001", "EventData.value": "False", "EventData.Error": "0x00000000", "EventData.HResult": "0"}
{"EventID": "1070", "Channel": "Microsoft-Windows-WebAuthN/Operational", "Provider_Name": "Microsoft-Windows-WebAuthN", "Computer": "DESKTOP-OFJ6N53", "TimeCreated": "2023-12-12 07:26:26.262943+00:00", "RecordID": "239", "Level": "4", "UserID": "S-1-5-21-963789628-1060504924-4285088085-1001", "EventData.value": "False", "EventData.Error": "0x00000000", "EventData.HResult": "0"}
{"EventID": "2001", "Channel": "Microsoft-Windows-WebAuthN/Operational", "Provider_Name": "Microsoft-Windows-WebAuthN", "Computer": "DESKTOP-OFJ6N53", "TimeCreated": "2023-12-13 14:33:46.862425+00:00", "RecordID": "240", "Level": "16", "UserID": "S-1-5-20"}
{"EventID": "2000", "Channel": "Microsoft-Windows-WebAuthN/Operational", "Provider_Name": "Microsoft-Windows-WebAuthN", "Computer": "DESKTOP-OFJ6N53", "TimeCreated": "2023-12-13 14:34:16.915319+00:00", "RecordID": "241", "Level": "16", "UserID": "S-1-5-20"}
{"EventID": "2001", "Channel": "Microsoft-Windows-WebAuthN/Operational", "Provider_Name": "Microsoft-Windows-WebAuthN", "Computer": "DESKTOP-OFJ6N53", "TimeCreated": "2023-12-29 14:43:38.378201+00:00", "RecordID": "242", "Level": "16", "UserID": "S-1-5-20"}
{"EventID": "2000", "Channel": "Microsoft-Windows-WebAuthN/Operational", "Provider_Name": "Microsoft-Windows-WebAuthN", "Computer": "DESKTOP-OFJ6N53", "TimeCreated": "2023-12-29 14:44:50.404356+00:00", "RecordID": "243", "Level": "16", "UserID": "S-1-5-20"}
{"EventID": "2001", "Channel": "Microsoft-Windows-WebAuthN/Operational", "Provider_Name": "Microsoft-Windows-WebAuthN", "Computer": "DESKTOP-OFJ6N53", "TimeCreated": "2024-01-10 14:57:37.215652+00:00", "RecordID": "244", "Level": "16", "UserID": "S-1-5-20"}
{"EventID": "2000", "Channel": "Microsoft-Windows-WebAuthN/Operational", "Provider_Name": "Microsoft-Windows-WebAuthN", "Computer": "DESKTOP-OFJ6N53", "TimeCreated": "2024-01-10 14:58:34.496386+00:00", "RecordID": "245", "Level": "16", "UserID": "S-1-5-20"}
{"EventID": "2001", "Channel": "Microsoft-Windows-WebAuthN/Operational", "Provider_Name": "Microsoft-Windows-WebAuthN", "Computer": "DESKTOP-OFJ6N53", "TimeCreated": "2024-02-15 15:26:19.768490+00:00", "RecordID": "246", "Level": "16", "UserID": "S-1-5-20"}
{"EventID": "2000", "Channel": "Microsoft-Windows-WebAuthN/Operational", "Provider_Name": "Microsoft-Windows-WebAuthN", "Computer": "DESKTOP-OFJ6N53", "TimeCreated": "2024-02-15 15:26:53.858934+00:00", "RecordID": "247", "Level": "16", "UserID": "S-1-5-20"}
{"EventID": "2000", "Channel": "Microsoft-Windows-WebAuthN/Operational", "Provider_Name": "Microsoft-Windows-WebAuthN", "Computer": "DESKTOP-OFJ6N53", "TimeCreated": "2024-03-12 11:04:44.020844+00:00", "RecordID": "248", "Level": "16", "UserID": "S-1-5-20"}
{"EventID": "2001", "Channel": "Microsoft-Windows-WebAuthN/Operational", "Provider_Name": "Microsoft-Windows-WebAuthN", "Computer": "DESKTOP-OFJ6N53", "TimeCreated": "2024-04-12 02:51:52.325970+00:00", "RecordID": "249", "Level": "16", "UserID": "S-1-5-20"}
{"EventID": "2000", "Channel": "Microsoft-Windows-WebAuthN/Operational", "Provider_Name": "Microsoft-Windows-WebAuthN", "Computer": "DESKTOP-OFJ6N53", "TimeCreated": "2024-04-12 02:53:19.136248+00:00", "RecordID": "250", "Level": "16", "UserID": "S-1-5-20"}
{"EventID": "2001", "Channel": "Microsoft-Windows-WebAuthN/Operational", "Provider_Name": "Microsoft-Windows-WebAuthN", "Computer": "DESKTOP-OFJ6N53", "TimeCreated": "2024-04-23 15:38:52.561514+00:00", "RecordID": "251", "Level": "16", "UserID": "S-1-5-20"}
{"EventID": "2000", "Channel": "Microsoft-Windows-WebAuthN/Operational", "Provider_Name": "Microsoft-Windows-WebAuthN", "Computer": "DESKTOP-OFJ6N53", "TimeCreated": "2024-04-23 15:39:58.745514+00:00", "RecordID": "252", "Level": "16", "UserID": "S-1-5-20"}
{"EventID": "2001", "Channel": "Microsoft-Windows-WebAuthN/Operational", "Provider_Name": "Microsoft-Windows-WebAuthN", "Computer": "DESKTOP-OFJ6N53", "TimeCreated": "2024-04-29 15:09:30.671688+00:00", "RecordID": "253", "Level": "16", "UserID": "S-1-5-20"}
{"EventID": "2000", "Channel": "Microsoft-Windows-WebAuthN/Operational", "Provider_Name": "Microsoft-Windows-WebAuthN", "Computer": "DESKTOP-OFJ6N53", "TimeCreated": "2024-04-29 15:10:24.492723+00:00", "RecordID": "254", "Level": "16", "UserID": "S-1-5-20"}
{"EventID": "2001", "Channel": "Microsoft-Windows-WebAuthN/Operational", "Provider_Name": "Microsoft-Windows-WebAuthN", "Computer": "DESKTOP-OFJ6N53", "TimeCreated": "2024-05-14 09:11:25.922995+00:00", "RecordID": "255", "Level": "16", "UserID": "S-1-5-20"}
{"EventID": "2000", "Channel": "Microsoft-Windows-WebAuthN/Operational", "Provider_Name": "Microsoft-Windows-WebAuthN", "Computer": "DESKTOP-OFJ6N53", "TimeCreated": "2024-05-14 09:13:40.757593+00:00", "RecordID": "256", "Level": "16", "UserID": "S-1-5-20"}
{"EventID": "2001", "Channel": "Microsoft-Windows-WebAuthN/Operational", "Provider_Name": "Microsoft-Windows-WebAuthN", "Computer": "DESKTOP-OFJ6N53", "TimeCreated": "2024-05-15 13:34:24.608088+00:00", "RecordID": "257", "Level": "16", "UserID": "S-1-5-20"}
{"EventID": "2000", "Channel": "Microsoft-Windows-WebAuthN/Operational", "Provider_Name": "Microsoft-Windows-WebAuthN", "Computer": "DESKTOP-OFJ6N53", "TimeCreated": "2024-05-15 13:36:54.978365+00:00", "RecordID": "258", "Level": "16", "UserID": "S-1-5-20"}
{"EventID": "2001", "Channel": "Microsoft-Windows-WebAuthN/Operational", "Provider_Name": "Microsoft-Windows-WebAuthN", "Computer": "DESKTOP-OFJ6N53", "TimeCreated": "2024-05-31 10:39:44.952297+00:00", "RecordID": "259", "Level": "16", "UserID": "S-1-5-20"}
{"EventID": "2000", "Channel": "Microsoft-Windows-WebAuthN/Operational", "Provider_Name": "Microsoft-Windows-WebAuthN", "Computer": "DESKTOP-OFJ6N53", "TimeCreated": "2024-05-31 10:41:14.710808+00:00", "RecordID": "260", "Level": "16", "UserID": "S-1-5-20"}
{"EventID": "2001", "Channel": "Microsoft-Windows-WebAuthN/Operational", "Provider_Name": "Microsoft-Windows-WebAuthN", "Computer": "DESKTOP-OFJ6N53", "TimeCreated": "2024-06-06 12:15:48.512205+00:00", "RecordID": "261", "Level": "16", "UserID": "S-1-5-20"}
{"EventID": "2000", "Channel": "Microsoft-Windows-WebAuthN/Operational", "Provider_Name": "Microsoft-Windows-WebAuthN", "Computer": "DESKTOP-OFJ6N53", "TimeCreated": "2024-06-06 12:16:32.455927+00:00", "RecordID": "262", "Level": "16", "UserID": "S-1-5-20"}
{"EventID": "2001", "Channel": "Microsoft-Windows-WebAuthN/Operational", "Provider_Name": "Microsoft-Windows-WebAuthN", "Computer": "DESKTOP-OFJ6N53", "TimeCreated": "2024-06-11 17:56:07.577511+00:00", "RecordID": "263", "Level": "16", "UserID": "S-1-5-20"}
{"EventID": "2000", "Channel": "Microsoft-Windows-WebAuthN/Operational", "Provider_Name": "Microsoft-Windows-WebAuthN", "Computer": "DESKTOP-OFJ6N53", "TimeCreated": "2024-06-11 17:56:48.352982+00:00", "RecordID": "264", "Level": "16", "UserID": "S-1-5-20"}
{"EventID": "2001", "Channel": "Microsoft-Windows-WebAuthN/Operational", "Provider_Name": "Microsoft-Windows-WebAuthN", "Computer": "DESKTOP-OFJ6N53", "TimeCreated": "2024-06-13 10:18:14.971027+00:00", "RecordID": "265", "Level": "16", "UserID": "S-1-5-20"}
{"EventID": "2000", "Channel": "Microsoft-Windows-WebAuthN/Operational", "Provider_Name": "Microsoft-Windows-WebAuthN", "Computer": "DESKTOP-OFJ6N53", "TimeCreated": "2024-06-13 10:19:00.140947+00:00", "RecordID": "266", "Level": "16", "UserID": "S-1-5-20"}
{"EventID": "2001", "Channel": "Microsoft-Windows-WebAuthN/Operational", "Provider_Name": "Microsoft-Windows-WebAuthN", "Computer": "DESKTOP-OFJ6N53", "TimeCreated": "2024-07-03 13:20:41.975359+00:00", "RecordID": "267", "Level": "16", "UserID": "S-1-5-20"}
{"EventID": "2000", "Channel": "Microsoft-Windows-WebAuthN/Operational", "Provider_Name": "Microsoft-Windows-WebAuthN", "Computer": "DESKTOP-OFJ6N53", "TimeCreated": "2024-07-03 13:22:01.896070+00:00", "RecordID": "268", "Level": "16", "UserID": "S-1-5-20"}
{"EventID": "2001", "Channel": "Microsoft-Windows-WebAuthN/Operational", "Provider_Name": "Microsoft-Windows-WebAuthN", "Computer": "DESKTOP-OFJ6N53", "TimeCreated": "2024-07-10 14:33:11.000546+00:00", "RecordID": "269", "Level": "16", "UserID": "S-1-5-20"}
{"EventID": "2000", "Channel": "Microsoft-Windows-WebAuthN/Operational", "Provider_Name": "Microsoft-Windows-WebAuthN", "Computer": "DESKTOP-OFJ6N53", "TimeCreated": "2024-07-10 14:33:52.315838+00:00", "RecordID": "270", "Level": "16", "UserID": "S-1-5-20"}
{"EventID": "2001", "Channel": "Microsoft-Windows-WebAuthN/Operational", "Provider_Name": "Microsoft-Windows-WebAuthN", "Computer": "DESKTOP-OFJ6N53", "TimeCreated": "2024-07-22 07:26:02.416794+00:00", "RecordID": "271", "Level": "16", "UserID": "S-1-5-20"}
{"EventID": "2000", "Channel": "Microsoft-Windows-WebAuthN/Operational", "Provider_Name": "Microsoft-Windows-WebAuthN", "Computer": "DESKTOP-OFJ6N53", "TimeCreated": "2024-07-22 07:26:34.327322+00:00", "RecordID": "272", "Level": "16", "UserID": "S-1-5-20"}
{"EventID": "1071", "Channel": "Microsoft-Windows-WebAuthN/Operational", "Provider_Name": "Microsoft-Windows-WebAuthN", "Computer": "DESKTOP-OFJ6N53", "TimeCreated": "2024-07-23 18:28:51.326902+00:00", "RecordID": "273", "Level": "4", "UserID": "S-1-5-21-963789628-1060504924-4285088085-1001", "EventData.value": "2", "EventData.Error": "0x00000000", "EventData.HResult": "0"}
{"EventID": "1070", "Channel": "Microsoft-Windows-WebAuthN/Operational", "Provider_Name": "Microsoft-Windows-WebAuthN", "Computer": "DESKTOP-OFJ6N53", "TimeCreated": "2024-07-23 18:28:57.117750+00:00", "RecordID": "274", "Level": "4", "UserID": "S-1-5-21-963789628-1060504924-4285088085-1001", "EventData.value": "False", "EventData.Error": "0x00000000", "EventData.HResult": "0"}
{"EventID": "2001", "Channel": "Microsoft-Windows-WebAuthN/Operational", "Provider_Name": "Microsoft-Windows-WebAuthN", "Computer": "DESKTOP-OFJ6N53", "TimeCreated": "2024-08-14 00:09:41.814581+00:00", "RecordID": "275", "Level": "16", "UserID": "S-1-5-20"}
{"EventID": "2000", "Channel": "Microsoft-Windows-WebAuthN/Operational", "Provider_Name": "Microsoft-Windows-WebAuthN", "Computer": "DESKTOP-OFJ6N53", "TimeCreated": "2024-08-14 00:10:18.512453+00:00", "RecordID": "276", "Level": "16", "UserID": "S-1-5-20"}
{"EventID": "2001", "Channel": "Microsoft-Windows-WebAuthN/Operational", "Provider_Name": "Microsoft-Windows-WebAuthN", "Computer": "DESKTOP-OFJ6N53", "TimeCreated": "2024-09-06 13:39:48.161432+00:00", "RecordID": "277", "Level": "16", "UserID": "S-1-5-20"}
{"EventID": "2000", "Channel": "Microsoft-Windows-WebAuthN/Operational", "Provider_Name": "Microsoft-Windows-WebAuthN", "Computer": "DESKTOP-OFJ6N53", "TimeCreated": "2024-09-06 13:40:16.805643+00:00", "RecordID": "278", "Level": "16", "UserID": "S-1-5-20"}
{"EventID": "2001", "Channel": "Microsoft-Windows-WebAuthN/Operational", "Provider_Name": "Microsoft-Windows-WebAuthN", "Computer": "DESKTOP-OFJ6N53", "TimeCreated": "2024-09-11 14:50:38.613552+00:00", "RecordID": "279", "Level": "16", "UserID": "S-1-5-20"}
{"EventID": "2000", "Channel": "Microsoft-Windows-WebAuthN/Operational", "Provider_Name": "Microsoft-Windows-WebAuthN", "Computer": "DESKTOP-OFJ6N53", "TimeCreated": "2024-09-11 14:51:06.568348+00:00", "RecordID": "280", "Level": "16", "UserID": "S-1-5-20"}
{"EventID": "2001", "Channel": "Microsoft-Windows-WebAuthN/Operational", "Provider_Name": "Microsoft-Windows-WebAuthN", "Computer": "DESKTOP-OFJ6N53", "TimeCreated": "2024-09-19 17:24:55.139339+00:00", "RecordID": "281", "Level": "16", "UserID": "S-1-5-20"}
{"EventID": "2000", "Channel": "Microsoft-Windows-WebAuthN/Operational", "Provider_Name": "Microsoft-Windows-WebAuthN", "Computer": "DESKTOP-OFJ6N53", "TimeCreated": "2024-09-19 17:25:28.352455+00:00", "RecordID": "282", "Level": "16", "UserID": "S-1-5-20"}
{"EventID": "2001", "Channel": "Microsoft-Windows-WebAuthN/Operational", "Provider_Name": "Microsoft-Windows-WebAuthN", "Computer": "DESKTOP-OFJ6N53", "TimeCreated": "2024-09-24 10:57:08.488516+00:00", "RecordID": "283", "Level": "16", "UserID": "S-1-5-20"}
{"EventID": "2000", "Channel": "Microsoft-Windows-WebAuthN/Operational", "Provider_Name": "Microsoft-Windows-WebAuthN", "Computer": "DESKTOP-OFJ6N53", "TimeCreated": "2024-09-24 10:57:34.162193+00:00", "RecordID": "284", "Level": "16", "UserID": "S-1-5-20"}
{"EventID": "2001", "Channel": "Microsoft-Windows-WebAuthN/Operational", "Provider_Name": "Microsoft-Windows-WebAuthN", "Computer": "DESKTOP-OFJ6N53", "TimeCreated": "2024-09-25 13:38:32.256407+00:00", "RecordID": "285", "Level": "16", "UserID": "S-1-5-20"}
{"EventID": "2000", "Channel": "Microsoft-Windows-WebAuthN/Operational", "Provider_Name": "Microsoft-Windows-WebAuthN", "Computer": "DESKTOP-OFJ6N53", "TimeCreated": "2024-09-25 13:38:59.780930+00:00", "RecordID": "286", "Level": "16", "UserID": "S-1-5-20"}
{"EventID": "2001", "Channel": "Microsoft-Windows-WebAuthN/Operational", "Provider_Name": "Microsoft-Windows-WebAuthN", "Computer": "DESKTOP-OFJ6N53", "TimeCreated": "2024-09-28 12:28:40.692877+00:00", "RecordID": "287", "Level": "16", "UserID": "S-1-5-20"}
{"EventID": "2000", "Channel": "Microsoft-Windows-WebAuthN/Operational", "Provider_Name": "Microsoft-Windows-WebAuthN", "Computer": "DESKTOP-OFJ6N53", "TimeCreated": "2024-09-28 12:29:09.590460+00:00", "RecordID": "288", "Level": "16", "UserID": "S-1-5-20"}
{"EventID": "2000", "Channel": "Microsoft-Windows-WebAuthN/Operational", "Provider_Name": "Microsoft-Windows-WebAuthN", "Computer": "DESKTOP-OFJ6N53", "TimeCreated": "2024-10-04 11:16:57.291876+00:00", "RecordID": "289", "Level": "16", "UserID": "S-1-5-20"}
{"EventID": "2001", "Channel": "Microsoft-Windows-WebAuthN/Operational", "Provider_Name": "Microsoft-Windows-WebAuthN", "Computer": "DESKTOP-OFJ6N53", "TimeCreated": "2024-10-04 22:02:26.526007+00:00", "RecordID": "290", "Level": "16", "UserID": "S-1-5-20"}
{"EventID": "2000", "Channel": "Microsoft-Windows-WebAuthN/Operational", "Provider_Name": "Microsoft-Windows-WebAuthN", "Computer": "DESKTOP-OFJ6N53", "TimeCreated": "2024-10-04 22:02:53.841383+00:00", "RecordID": "291", "Level": "16", "UserID": "S-1-5-20"}
{"EventID": "2001", "Channel": "Microsoft-Windows-WebAuthN/Operational", "Provider_Name": "Microsoft-Windows-WebAuthN", "Computer": "DESKTOP-OFJ6N53", "TimeCreated": "2024-10-08 20:25:03.734795+00:00", "RecordID": "292", "Level": "16", "UserID": "S-1-5-20"}
{"EventID": "2000", "Channel": "Microsoft-Windows-WebAuthN/Operational", "Provider_Name": "Microsoft-Windows-WebAuthN", "Computer": "DESKTOP-OFJ6N53", "TimeCreated": "2024-10-08 20:25:32.243938+00:00", "RecordID": "293", "Level": "16", "UserID": "S-1-5-20"}
{"EventID": "2001", "Channel": "Microsoft-Windows-WebAuthN/Operational", "Provider_Name": "Microsoft-Windows-WebAuthN", "Computer": "DESKTOP-OFJ6N53", "TimeCreated": "2024-11-13 14:44:32.478586+00:00", "RecordID": "294", "Level": "16", "UserID": "S-1-5-20"}
{"EventID": "2000", "Channel": "Microsoft-Windows-WebAuthN/Operational", "Provider_Name": "Microsoft-Windows-WebAuthN", "Computer": "DESKTOP-OFJ6N53", "TimeCreated": "2024-11-13 14:45:18.188671+00:00", "RecordID": "295", "Level": "16", "UserID": "S-1-5-20"}
{"EventID": "1071", "Channel": "Microsoft-Windows-WebAuthN/Operational", "Provider_Name": "Microsoft-Windows-WebAuthN", "Computer": "DESKTOP-OFJ6N53", "TimeCreated": "2024-11-19 12:35:32.858875+00:00", "RecordID": "296", "Level": "4", "UserID": "S-1-5-21-963789628-1060504924-4285088085-1001", "EventData.value": "2", "EventData.Error": "0x00000000", "EventData.HResult": "0"}
{"EventID": "2001", "Channel": "Microsoft-Windows-WebAuthN/Operational", "Provider_Name": "Microsoft-Windows-WebAuthN", "Computer": "DESKTOP-OFJ6N53", "TimeCreated": "2024-12-03 10:23:29.275417+00:00", "RecordID": "297", "Level": "16", "UserID": "S-1-5-20"}
{"EventID": "2000", "Channel": "Microsoft-Windows-WebAuthN/Operational", "Provider_Name": "Microsoft-Windows-WebAuthN", "Computer": "DESKTOP-OFJ6N53", "TimeCreated": "2024-12-03 10:24:00.354576+00:00", "RecordID": "298", "Level": "16", "UserID": "S-1-5-20"}
{"EventID": "1050", "Channel": "Microsoft-Windows-WebAuthN/Operational", "Provider_Name": "Microsoft-Windows-WebAuthN", "Computer": "DESKTOP-OFJ6N53", "TimeCreated": "2024-12-03 11:39:40.468353+00:00", "RecordID": "299", "Level": "4", "UserID": "S-1-5-21-963789628-1060504924-4285088085-1001", "EventData.TransactionId": "{70433d6f-8f1d-468c-8ad1-5013356dab11}", "EventData.RemoteRpcRequestLength": "57", "EventData.RemoteRpcRequest": "pGdjb21tYW5kCGVmbGFncwBndGltZW91dABtdHJhbnNhY3Rpb25JZFAAAAAAAAAAAAAAAAAAAAAA"}
{"EventID": "1052", "Channel": "Microsoft-Windows-WebAuthN/Operational", "Provider_Name": "Microsoft-Windows-WebAuthN", "Computer": "DESKTOP-OFJ6N53", "TimeCreated": "2024-12-03 11:39:40.476221+00:00", "RecordID": "300", "Level": "4", "UserID": "S-1-5-21-963789628-1060504924-4285088085-1001", "EventData.TransactionId": "{70433d6f-8f1d-468c-8ad1-5013356dab11}", "EventData.Error": "0x00000000", "EventData.HResult": "0", "EventData.RemoteRpcResponseLength": "4", "EventData.RemoteRpcResponse": "AgAAAA=="}
{"EventID": "1071", "Channel": "Microsoft-Windows-WebAuthN/Operational", "Provider_Name": "Microsoft-Windows-WebAuthN", "Computer": "DESKTOP-OFJ6N53", "TimeCreated": "2024-12-03 11:39:40.476240+00:00", "RecordID": "301", "Level": "4", "UserID": "S-1-5-21-963789628-1060504924-4285088085-1001", "EventData.value": "2", "EventData.Error": "0x00000000", "EventData.HResult": "0"}
{"EventID": "1050", "Channel": "Microsoft-Windows-WebAuthN/Operational", "Provider_Name": "Microsoft-Windows-WebAuthN", "Computer": "DESKTOP-OFJ6N53", "TimeCreated": "2024-12-03 11:39:40.482079+00:00", "RecordID": "302", "Level": "4", "UserID": "S-1-5-21-963789628-1060504924-4285088085-1001", "EventData.TransactionId": "{ddbcb93b-22f2-4c89-8d9f-4f9ed8755b46}", "EventData.RemoteRpcRequestLength": "57", "EventData.RemoteRpcRequest": "pGdjb21tYW5kBmVmbGFncwBndGltZW91dABtdHJhbnNhY3Rpb25JZFAAAAAAAAAAAAAAAAAAAAAA"}
{"EventID": "1052", "Channel": "Microsoft-Windows-WebAuthN/Operational", "Provider_Name": "Microsoft-Windows-WebAuthN", "Computer": "DESKTOP-OFJ6N53", "TimeCreated": "2024-12-03 11:39:40.492519+00:00", "RecordID": "303", "Level": "4", "UserID": "S-1-5-21-963789628-1060504924-4285088085-1001", "EventData.TransactionId": "{ddbcb93b-22f2-4c89-8d9f-4f9ed8755b46}", "EventData.Error": "0x00000000", "EventData.HResult": "0", "EventData.RemoteRpcResponseLength": "4", "EventData.RemoteRpcResponse": "AQAAAA=="}
{"EventID": "1070", "Channel": "Microsoft-Windows-WebAuthN/Operational", "Provider_Name": "Microsoft-Windows-WebAuthN", "Computer": "DESKTOP-OFJ6N53", "TimeCreated": "2024-12-03 11:39:40.492540+00:00", "RecordID": "304", "Level": "4", "UserID": "S-1-5-21-963789628-1060504924-4285088085-1001", "EventData.value": "True", "EventData.Error": "0x00000000", "EventData.HResult": "0"}
{"EventID": "1050", "Channel": "Microsoft-Windows-WebAuthN/Operational", "Provider_Name": "Microsoft-Windows-WebAuthN", "Computer": "DESKTOP-OFJ6N53", "TimeCreated": "2024-12-03 11:39:40.563959+00:00", "RecordID": "305", "Level": "4", "UserID": "S-1-5-21-963789628-1060504924-4285088085-1001", "EventData.TransactionId": "{a8490dde-0ecd-4fe7-806e-f3d5e62b6cfc}", "EventData.RemoteRpcRequestLength": "57", "EventData.RemoteRpcRequest": "pGdjb21tYW5kBmVmbGFncwBndGltZW91dABtdHJhbnNhY3Rpb25JZFAAAAAAAAAAAAAAAAAAAAAA"}
{"EventID": "1052", "Channel": "Microsoft-Windows-WebAuthN/Operational", "Provider_Name": "Microsoft-Windows-WebAuthN", "Computer": "DESKTOP-OFJ6N53", "TimeCreated": "2024-12-03 11:39:40.572525+00:00", "RecordID": "306", "Level": "4", "UserID": "S-1-5-21-963789628-1060504924-4285088085-1001", "EventData.TransactionId": "{a8490dde-0ecd-4fe7-806e-f3d5e62b6cfc}", "EventData.Error": "0x00000000", "EventData.HResult": "0", "EventData.RemoteRpcResponseLength": "4", "EventData.RemoteRpcResponse": "AQAAAA=="}
{"EventID": "1070", "Channel": "Microsoft-Windows-WebAuthN/Operational", "Provider_Name": "Microsoft-Windows-WebAuthN", "Computer": "DESKTOP-OFJ6N53", "TimeCreated": "2024-12-03 11:39:40.572546+00:00", "RecordID": "307", "Level": "4", "UserID": "S-1-5-21-963789628-1060504924-4285088085-1001", "EventData.value": "True", "EventData.Error": "0x00000000", "EventData.HResult": "0"}
{"EventID": "1050", "Channel": "Microsoft-Windows-WebAuthN/Operational", "Provider_Name": "Microsoft-Windows-WebAuthN", "Computer": "DESKTOP-OFJ6N53", "TimeCreated": "2024-12-03 11:40:23.200127+00:00", "RecordID": "308", "Level": "4", "UserID": "S-1-5-21-963789628-1060504924-4285088085-1001", "EventData.TransactionId": "{56e4afa4-eecf-402e-8623-8447361674c3}", "EventData.RemoteRpcRequestLength": "57", "EventData.RemoteRpcRequest": "pGdjb21tYW5kBmVmbGFncwBndGltZW91dABtdHJhbnNhY3Rpb25JZFAAAAAAAAAAAAAAAAAAAAAA"}
{"EventID": "1052", "Channel": "Microsoft-Windows-WebAuthN/Operational", "Provider_Name": "Microsoft-Windows-WebAuthN", "Computer": "DESKTOP-OFJ6N53", "TimeCreated": "2024-12-03 11:40:23.211613+00:00", "RecordID": "309", "Level": "4", "UserID": "S-1-5-21-963789628-1060504924-4285088085-1001", "EventData.TransactionId": "{56e4afa4-eecf-402e-8623-8447361674c3}", "EventData.Error": "0x00000000", "EventData.HResult": "0", "EventData.RemoteRpcResponseLength": "4", "EventData.RemoteRpcResponse": "AQAAAA=="}
{"EventID": "1070", "Channel": "Microsoft-Windows-WebAuthN/Operational", "Provider_Name": "Microsoft-Windows-WebAuthN", "Computer": "DESKTOP-OFJ6N53", "TimeCreated": "2024-12-03 11:40:23.211637+00:00", "RecordID": "310", "Level": "4", "UserID": "S-1-5-21-963789628-1060504924-4285088085-1001", "EventData.value": "True", "EventData.Error": "0x00000000", "EventData.HResult": "0"}
{"EventID": "1050", "Channel": "Microsoft-Windows-WebAuthN/Operational", "Provider_Name": "Microsoft-Windows-WebAuthN", "Computer": "DESKTOP-OFJ6N53", "TimeCreated": "2024-12-06 13:25:56.032078+00:00", "RecordID": "311", "Level": "4", "UserID": "S-1-5-21-963789628-1060504924-4285088085-1001", "EventData.TransactionId": "{10456dca-47bf-44b2-b15d-0a4edad67a09}", "EventData.RemoteRpcRequestLength": "57", "EventData.RemoteRpcRequest": "pGdjb21tYW5kBmVmbGFncwBndGltZW91dABtdHJhbnNhY3Rpb25JZFAAAAAAAAAAAAAAAAAAAAAA"}
{"EventID": "1052", "Channel": "Microsoft-Windows-WebAuthN/Operational", "Provider_Name": "Microsoft-Windows-WebAuthN", "Computer": "DESKTOP-OFJ6N53", "TimeCreated": "2024-12-06 13:25:56.152134+00:00", "RecordID": "312", "Level": "4", "UserID": "S-1-5-21-963789628-1060504924-4285088085-1001", "EventData.TransactionId": "{10456dca-47bf-44b2-b15d-0a4edad67a09}", "EventData.Error": "0x00000000", "EventData.HResult": "0", "EventData.RemoteRpcResponseLength": "4", "EventData.RemoteRpcResponse": "AQAAAA=="}
{"EventID": "1070", "Channel": "Microsoft-Windows-WebAuthN/Operational", "Provider_Name": "Microsoft-Windows-WebAuthN", "Computer": "DESKTOP-OFJ6N53", "TimeCreated": "2024-12-06 13:25:56.152178+00:00", "RecordID": "313", "Level": "4", "UserID": "S-1-5-21-963789628-1060504924-4285088085-1001", "EventData.value": "True", "EventData.Error": "0x00000000", "EventData.HResult": "0"}
{"EventID": "1050", "Channel": "Microsoft-Windows-WebAuthN/Operational", "Provider_Name": "Microsoft-Windows-WebAuthN", "Computer": "DESKTOP-OFJ6N53", "TimeCreated": "2024-12-06 13:25:56.203863+00:00", "RecordID": "314", "Level": "4", "UserID": "S-1-5-21-963789628-1060504924-4285088085-1001", "EventData.TransactionId": "{8859ee40-dfec-44d7-aaea-27322fb4d2c7}", "EventData.RemoteRpcRequestLength": "57", "EventData.RemoteRpcRequest": "pGdjb21tYW5kBmVmbGFncwBndGltZW91dABtdHJhbnNhY3Rpb25JZFAAAAAAAAAAAAAAAAAAAAAA"}
{"EventID": "1052", "Channel": "Microsoft-Windows-WebAuthN/Operational", "Provider_Name": "Microsoft-Windows-WebAuthN", "Computer": "DESKTOP-OFJ6N53", "TimeCreated": "2024-12-06 13:25:56.220600+00:00", "RecordID": "315", "Level": "4", "UserID": "S-1-5-21-963789628-1060504924-4285088085-1001", "EventData.TransactionId": "{8859ee40-dfec-44d7-aaea-27322fb4d2c7}", "EventData.Error": "0x00000000", "EventData.HResult": "0", "EventData.RemoteRpcResponseLength": "4", "EventData.RemoteRpcResponse": "AQAAAA=="}
{"EventID": "1070", "Channel": "Microsoft-Windows-WebAuthN/Operational", "Provider_Name": "Microsoft-Windows-WebAuthN", "Computer": "DESKTOP-OFJ6N53", "TimeCreated": "2024-12-06 13:25:56.220623+00:00", "RecordID": "316", "Level": "4", "UserID": "S-1-5-21-963789628-1060504924-4285088085-1001", "EventData.value": "True", "EventData.Error": "0x00000000", "EventData.HResult": "0"}
{"EventID": "2001", "Channel": "Microsoft-Windows-WebAuthN/Operational", "Provider_Name": "Microsoft-Windows-WebAuthN", "Computer": "DESKTOP-OFJ6N53", "TimeCreated": "2024-12-08 16:51:55.515102+00:00", "RecordID": "317", "Level": "16", "UserID": "S-1-5-20"}
{"EventID": "2000", "Channel": "Microsoft-Windows-WebAuthN/Operational", "Provider_Name": "Microsoft-Windows-WebAuthN", "Computer": "DESKTOP-OFJ6N53", "TimeCreated": "2024-12-08 16:52:23.867382+00:00", "RecordID": "318", "Level": "16", "UserID": "S-1-5-20"}
{"EventID": "1050", "Channel": "Microsoft-Windows-WebAuthN/Operational", "Provider_Name": "Microsoft-Windows-WebAuthN", "Computer": "DESKTOP-OFJ6N53", "TimeCreated": "2024-12-09 10:54:23.486311+00:00", "RecordID": "319", "Level": "4", "UserID": "S-1-5-21-963789628-1060504924-4285088085-1001", "EventData.TransactionId": "{c8f28837-2091-4c9a-a0b0-4cf581132dcd}", "EventData.RemoteRpcRequestLength": "57", "EventData.RemoteRpcRequest": "pGdjb21tYW5kCGVmbGFncwBndGltZW91dABtdHJhbnNhY3Rpb25JZFAAAAAAAAAAAAAAAAAAAAAA"}
{"EventID": "1052", "Channel": "Microsoft-Windows-WebAuthN/Operational", "Provider_Name": "Microsoft-Windows-WebAuthN", "Computer": "DESKTOP-OFJ6N53", "TimeCreated": "2024-12-09 10:54:23.498363+00:00", "RecordID": "320", "Level": "4", "UserID": "S-1-5-21-963789628-1060504924-4285088085-1001", "EventData.TransactionId": "{c8f28837-2091-4c9a-a0b0-4cf581132dcd}", "EventData.Error": "0x00000000", "EventData.HResult": "0", "EventData.RemoteRpcResponseLength": "4", "EventData.RemoteRpcResponse": "AgAAAA=="}
{"EventID": "1071", "Channel": "Microsoft-Windows-WebAuthN/Operational", "Provider_Name": "Microsoft-Windows-WebAuthN", "Computer": "DESKTOP-OFJ6N53", "TimeCreated": "2024-12-09 10:54:23.498386+00:00", "RecordID": "321", "Level": "4", "UserID": "S-1-5-21-963789628-1060504924-4285088085-1001", "EventData.value": "2", "EventData.Error": "0x00000000", "EventData.HResult": "0"}
{"EventID": "1050", "Channel": "Microsoft-Windows-WebAuthN/Operational", "Provider_Name": "Microsoft-Windows-WebAuthN", "Computer": "DESKTOP-OFJ6N53", "TimeCreated": "2024-12-09 10:54:23.507183+00:00", "RecordID": "322", "Level": "4", "UserID": "S-1-5-21-963789628-1060504924-4285088085-1001", "EventData.TransactionId": "{ec4fdfdc-3c45-4519-990e-c6ad0a2cd737}", "EventData.RemoteRpcRequestLength": "57", "EventData.RemoteRpcRequest": "pGdjb21tYW5kBmVmbGFncwBndGltZW91dABtdHJhbnNhY3Rpb25JZFAAAAAAAAAAAAAAAAAAAAAA"}
{"EventID": "1052", "Channel": "Microsoft-Windows-WebAuthN/Operational", "Provider_Name": "Microsoft-Windows-WebAuthN", "Computer": "DESKTOP-OFJ6N53", "TimeCreated": "2024-12-09 10:54:23.528574+00:00", "RecordID": "323", "Level": "4", "UserID": "S-1-5-21-963789628-1060504924-4285088085-1001", "EventData.TransactionId": "{ec4fdfdc-3c45-4519-990e-c6ad0a2cd737}", "EventData.Error": "0x00000000", "EventData.HResult": "0", "EventData.RemoteRpcResponseLength": "4", "EventData.RemoteRpcResponse": "AQAAAA=="}
{"EventID": "1070", "Channel": "Microsoft-Windows-WebAuthN/Operational", "Provider_Name": "Microsoft-Windows-WebAuthN", "Computer": "DESKTOP-OFJ6N53", "TimeCreated": "2024-12-09 10:54:23.528593+00:00", "RecordID": "324", "Level": "4", "UserID": "S-1-5-21-963789628-1060504924-4285088085-1001", "EventData.value": "True", "EventData.Error": "0x00000000", "EventData.HResult": "0"}
{"EventID": "1050", "Channel": "Microsoft-Windows-WebAuthN/Operational", "Provider_Name": "Microsoft-Windows-WebAuthN", "Computer": "DESKTOP-OFJ6N53", "TimeCreated": "2024-12-09 10:54:23.582901+00:00", "RecordID": "325", "Level": "4", "UserID": "S-1-5-21-963789628-1060504924-4285088085-1001", "EventData.TransactionId": "{b252bfae-4179-494a-83c5-f089ee2833bd}", "EventData.RemoteRpcRequestLength": "57", "EventData.RemoteRpcRequest": "pGdjb21tYW5kBmVmbGFncwBndGltZW91dABtdHJhbnNhY3Rpb25JZFAAAAAAAAAAAAAAAAAAAAAA"}
{"EventID": "1052", "Channel": "Microsoft-Windows-WebAuthN/Operational", "Provider_Name": "Microsoft-Windows-WebAuthN", "Computer": "DESKTOP-OFJ6N53", "TimeCreated": "2024-12-09 10:54:23.595911+00:00", "RecordID": "326", "Level": "4", "UserID": "S-1-5-21-963789628-1060504924-4285088085-1001", "EventData.TransactionId": "{b252bfae-4179-494a-83c5-f089ee2833bd}", "EventData.Error": "0x00000000", "EventData.HResult": "0", "EventData.RemoteRpcResponseLength": "4", "EventData.RemoteRpcResponse": "AQAAAA=="}
{"EventID": "1070", "Channel": "Microsoft-Windows-WebAuthN/Operational", "Provider_Name": "Microsoft-Windows-WebAuthN", "Computer": "DESKTOP-OFJ6N53", "TimeCreated": "2024-12-09 10:54:23.595936+00:00", "RecordID": "327", "Level": "4", "UserID": "S-1-5-21-963789628-1060504924-4285088085-1001", "EventData.value": "True", "EventData.Error": "0x00000000", "EventData.HResult": "0"}
{"EventID": "2001", "Channel": "Microsoft-Windows-WebAuthN/Operational", "Provider_Name": "Microsoft-Windows-WebAuthN", "Computer": "DESKTOP-OFJ6N53", "TimeCreated": "2024-12-11 15:05:45.070330+00:00", "RecordID": "328", "Level": "16", "UserID": "S-1-5-20"}
{"EventID": "2000", "Channel": "Microsoft-Windows-WebAuthN/Operational", "Provider_Name": "Microsoft-Windows-WebAuthN", "Computer": "DESKTOP-OFJ6N53", "TimeCreated": "2024-12-11 15:06:17.324955+00:00", "RecordID": "329", "Level": "16", "UserID": "S-1-5-20"}
{"EventID": "2001", "Channel": "Microsoft-Windows-WebAuthN/Operational", "Provider_Name": "Microsoft-Windows-WebAuthN", "Computer": "DESKTOP-OFJ6N53", "TimeCreated": "2024-12-23 14:09:26.313221+00:00", "RecordID": "330", "Level": "16", "UserID": "S-1-5-20"}
{"EventID": "2000", "Channel": "Microsoft-Windows-WebAuthN/Operational", "Provider_Name": "Microsoft-Windows-WebAuthN", "Computer": "DESKTOP-OFJ6N53", "TimeCreated": "2024-12-23 14:10:04.267506+00:00", "RecordID": "331", "Level": "16", "UserID": "S-1-5-20"}
{"EventID": "2001", "Channel": "Microsoft-Windows-WebAuthN/Operational", "Provider_Name": "Microsoft-Windows-WebAuthN", "Computer": "DESKTOP-OFJ6N53", "TimeCreated": "2025-01-09 14:54:49.476547+00:00", "RecordID": "332", "Level": "16", "UserID": "S-1-5-20"}
{"EventID": "2000", "Channel": "Microsoft-Windows-WebAuthN/Operational", "Provider_Name": "Microsoft-Windows-WebAuthN", "Computer": "DESKTOP-OFJ6N53", "TimeCreated": "2025-01-09 14:55:19.823933+00:00", "RecordID": "333", "Level": "16", "UserID": "S-1-5-20"}
{"EventID": "1050", "Channel": "Microsoft-Windows-WebAuthN/Operational", "Provider_Name": "Microsoft-Windows-WebAuthN", "Computer": "DESKTOP-OFJ6N53", "TimeCreated": "2025-01-14 03:51:43.113964+00:00", "RecordID": "334", "Level": "4", "UserID": "S-1-5-21-963789628-1060504924-4285088085-1001", "EventData.TransactionId": "{8f61ec37-baec-49ad-a617-14ebaece5b3a}", "EventData.RemoteRpcRequestLength": "57", "EventData.RemoteRpcRequest": "pGdjb21tYW5kCGVmbGFncwBndGltZW91dABtdHJhbnNhY3Rpb25JZFAAAAAAAAAAAAAAAAAAAAAA"}
{"EventID": "1052", "Channel": "Microsoft-Windows-WebAuthN/Operational", "Provider_Name": "Microsoft-Windows-WebAuthN", "Computer": "DESKTOP-OFJ6N53", "TimeCreated": "2025-01-14 03:51:43.126379+00:00", "RecordID": "335", "Level": "4", "UserID": "S-1-5-21-963789628-1060504924-4285088085-1001", "EventData.TransactionId": "{8f61ec37-baec-49ad-a617-14ebaece5b3a}", "EventData.Error": "0x00000000", "EventData.HResult": "0", "EventData.RemoteRpcResponseLength": "4", "EventData.RemoteRpcResponse": "AgAAAA=="}
{"EventID": "1071", "Channel": "Microsoft-Windows-WebAuthN/Operational", "Provider_Name": "Microsoft-Windows-WebAuthN", "Computer": "DESKTOP-OFJ6N53", "TimeCreated": "2025-01-14 03:51:43.126404+00:00", "RecordID": "336", "Level": "4", "UserID": "S-1-5-21-963789628-1060504924-4285088085-1001", "EventData.value": "2", "EventData.Error": "0x00000000", "EventData.HResult": "0"}
{"EventID": "2001", "Channel": "Microsoft-Windows-WebAuthN/Operational", "Provider_Name": "Microsoft-Windows-WebAuthN", "Computer": "DESKTOP-OFJ6N53", "TimeCreated": "2025-01-14 23:22:01.664143+00:00", "RecordID": "337", "Level": "16", "UserID": "S-1-5-20"}
{"EventID": "2000", "Channel": "Microsoft-Windows-WebAuthN/Operational", "Provider_Name": "Microsoft-Windows-WebAuthN", "Computer": "DESKTOP-OFJ6N53", "TimeCreated": "2025-01-14 23:22:41.035429+00:00", "RecordID": "338", "Level": "16", "UserID": "S-1-5-20"}
{"EventID": "1071", "Channel": "Microsoft-Windows-WebAuthN/Operational", "Provider_Name": "Microsoft-Windows-WebAuthN", "Computer": "DESKTOP-OFJ6N53", "TimeCreated": "2025-01-14 23:27:13.658516+00:00", "RecordID": "339", "Level": "4", "UserID": "S-1-5-21-963789628-1060504924-4285088085-1001", "EventData.value": "2", "EventData.Error": "0x00000000", "EventData.HResult": "0"}
{"EventID": "2001", "Channel": "Microsoft-Windows-WebAuthN/Operational", "Provider_Name": "Microsoft-Windows-WebAuthN", "Computer": "DESKTOP-OFJ6N53", "TimeCreated": "2025-01-24 12:02:48.073479+00:00", "RecordID": "340", "Level": "16", "UserID": "S-1-5-20"}
{"EventID": "2000", "Channel": "Microsoft-Windows-WebAuthN/Operational", "Provider_Name": "Microsoft-Windows-WebAuthN", "Computer": "DESKTOP-OFJ6N53", "TimeCreated": "2025-01-24 12:03:25.204554+00:00", "RecordID": "341", "Level": "16", "UserID": "S-1-5-20"}
{"EventID": "1050", "Channel": "Microsoft-Windows-WebAuthN/Operational", "Provider_Name": "Microsoft-Windows-WebAuthN", "Computer": "DESKTOP-OFJ6N53", "TimeCreated": "2025-01-27 12:44:43.090174+00:00", "RecordID": "342", "Level": "4", "UserID": "S-1-5-21-963789628-1060504924-4285088085-1001", "EventData.TransactionId": "{2ba6cac5-0335-47c8-b15a-3c16142b125c}", "EventData.RemoteRpcRequestLength": "57", "EventData.RemoteRpcRequest": "pGdjb21tYW5kCGVmbGFncwBndGltZW91dABtdHJhbnNhY3Rpb25JZFAAAAAAAAAAAAAAAAAAAAAA"}
{"EventID": "1052", "Channel": "Microsoft-Windows-WebAuthN/Operational", "Provider_Name": "Microsoft-Windows-WebAuthN", "Computer": "DESKTOP-OFJ6N53", "TimeCreated": "2025-01-27 12:44:43.103785+00:00", "RecordID": "343", "Level": "4", "UserID": "S-1-5-21-963789628-1060504924-4285088085-1001", "EventData.TransactionId": "{2ba6cac5-0335-47c8-b15a-3c16142b125c}", "EventData.Error": "0x00000000", "EventData.HResult": "0", "EventData.RemoteRpcResponseLength": "4", "EventData.RemoteRpcResponse": "AgAAAA=="}
{"EventID": "1071", "Channel": "Microsoft-Windows-WebAuthN/Operational", "Provider_Name": "Microsoft-Windows-WebAuthN", "Computer": "DESKTOP-OFJ6N53", "TimeCreated": "2025-01-27 12:44:43.103785+00:00", "RecordID": "344", "Level": "4", "UserID": "S-1-5-21-963789628-1060504924-4285088085-1001", "EventData.value": "2", "EventData.Error": "0x00000000", "EventData.HResult": "0"}
{"EventID": "1050", "Channel": "Microsoft-Windows-WebAuthN/Operational", "Provider_Name": "Microsoft-Windows-WebAuthN", "Computer": "DESKTOP-OFJ6N53", "TimeCreated": "2025-01-27 12:44:43.223955+00:00", "RecordID": "345", "Level": "4", "UserID": "S-1-5-21-963789628-1060504924-4285088085-1001", "EventData.TransactionId": "{aa77ddb5-22be-48a4-afc2-bd1b47996e0e}", "EventData.RemoteRpcRequestLength": "57", "EventData.RemoteRpcRequest": "pGdjb21tYW5kBmVmbGFncwBndGltZW91dABtdHJhbnNhY3Rpb25JZFAAAAAAAAAAAAAAAAAAAAAA"}
