{"EventID": "1001", "Channel": "Microsoft-Windows-Resource-Exhaustion-Resolver/Operational", "Provider_Name": "Microsoft-Windows-Resource-Exhaustion-Resolver", "Computer": "DESKTOP-OFJ6N53", "TimeCreated": "2022-02-24 15:22:14.531727+00:00", "RecordID": "1", "Level": "4", "UserID": "S-1-5-21-963789628-1060504924-4285088085-1001"}
{"EventID": "1015", "Channel": "Microsoft-Windows-Resource-Exhaustion-Resolver/Operational", "Provider_Name": "Microsoft-Windows-Resource-Exhaustion-Resolver", "Computer": "DESKTOP-OFJ6N53", "TimeCreated": "2022-02-24 15:22:14.531862+00:00", "RecordID": "2", "Level": "4", "UserID": "S-1-5-21-963789628-1060504924-4285088085-1001"}
{"EventID": "1014", "Channel": "Microsoft-Windows-Resource-Exhaustion-Resolver/Operational", "Provider_Name": "Microsoft-Windows-Resource-Exhaustion-Resolver", "Computer": "DESKTOP-OFJ6N53", "TimeCreated": "2022-02-24 15:22:15.599125+00:00", "RecordID": "3", "Level": "4", "UserID": "S-1-5-21-963789628-1060504924-4285088085-1001"}
{"EventID": "1002", "Channel": "Microsoft-Windows-Resource-Exhaustion-Resolver/Operational", "Provider_Name": "Microsoft-Windows-Resource-Exhaustion-Resolver", "Computer": "DESKTOP-OFJ6N53", "TimeCreated": "2022-02-24 21:25:11.647512+00:00", "RecordID": "4", "Level": "4", "UserID": "S-1-5-21-963789628-1060504924-4285088085-1001"}
{"EventID": "1001", "Channel": "Microsoft-Windows-Resource-Exhaustion-Resolver/Operational", "Provider_Name": "Microsoft-Windows-Resource-Exhaustion-Resolver", "Computer": "DESKTOP-OFJ6N53", "TimeCreated": "2022-03-10 09:08:14.335484+00:00", "RecordID": "5", "Level": "4", "UserID": "S-1-5-21-963789628-1060504924-4285088085-1001"}
{"EventID": "1015", "Channel": "Microsoft-Windows-Resource-Exhaustion-Resolver/Operational", "Provider_Name": "Microsoft-Windows-Resource-Exhaustion-Resolver", "Computer": "DESKTOP-OFJ6N53", "TimeCreated": "2022-03-10 09:08:14.335613+00:00", "RecordID": "6", "Level": "4", "UserID": "S-1-5-21-963789628-1060504924-4285088085-1001"}
{"EventID": "1014", "Channel": "Microsoft-Windows-Resource-Exhaustion-Resolver/Operational", "Provider_Name": "Microsoft-Windows-Resource-Exhaustion-Resolver", "Computer": "DESKTOP-OFJ6N53", "TimeCreated": "2022-03-10 09:08:14.335859+00:00", "RecordID": "7", "Level": "4", "UserID": "S-1-5-21-963789628-1060504924-4285088085-1001"}
{"EventID": "1001", "Channel": "Microsoft-Windows-Resource-Exhaustion-Resolver/Operational", "Provider_Name": "Microsoft-Windows-Resource-Exhaustion-Resolver", "Computer": "DESKTOP-OFJ6N53", "TimeCreated": "2022-03-22 15:10:02.081150+00:00", "RecordID": "8", "Level": "4", "UserID": "S-1-5-21-963789628-1060504924-4285088085-1001"}
{"EventID": "1015", "Channel": "Microsoft-Windows-Resource-Exhaustion-Resolver/Operational", "Provider_Name": "Microsoft-Windows-Resource-Exhaustion-Resolver", "Computer": "DESKTOP-OFJ6N53", "TimeCreated": "2022-03-22 15:10:02.089117+00:00", "RecordID": "9", "Level": "4", "UserID": "S-1-5-21-963789628-1060504924-4285088085-1001"}
{"EventID": "1015", "Channel": "Microsoft-Windows-Resource-Exhaustion-Resolver/Operational", "Provider_Name": "Microsoft-Windows-Resource-Exhaustion-Resolver", "Computer": "DESKTOP-OFJ6N53", "TimeCreated": "2022-03-22 15:10:47.778744+00:00", "RecordID": "10", "Level": "4", "UserID": "S-1-5-21-963789628-1060504924-4285088085-1001"}
{"EventID": "1014", "Channel": "Microsoft-Windows-Resource-Exhaustion-Resolver/Operational", "Provider_Name": "Microsoft-Windows-Resource-Exhaustion-Resolver", "Computer": "DESKTOP-OFJ6N53", "TimeCreated": "2022-03-22 15:11:16.234968+00:00", "RecordID": "11", "Level": "4", "UserID": "S-1-5-21-963789628-1060504924-4285088085-1001"}
{"EventID": "1015", "Channel": "Microsoft-Windows-Resource-Exhaustion-Resolver/Operational", "Provider_Name": "Microsoft-Windows-Resource-Exhaustion-Resolver", "Computer": "DESKTOP-OFJ6N53", "TimeCreated": "2022-04-06 14:59:37.696293+00:00", "RecordID": "12", "Level": "4", "UserID": "S-1-5-21-963789628-1060504924-4285088085-1001"}
{"EventID": "1014", "Channel": "Microsoft-Windows-Resource-Exhaustion-Resolver/Operational", "Provider_Name": "Microsoft-Windows-Resource-Exhaustion-Resolver", "Computer": "DESKTOP-OFJ6N53", "TimeCreated": "2022-04-06 14:59:39.539085+00:00", "RecordID": "13", "Level": "4", "UserID": "S-1-5-21-963789628-1060504924-4285088085-1001"}
{"EventID": "1002", "Channel": "Microsoft-Windows-Resource-Exhaustion-Resolver/Operational", "Provider_Name": "Microsoft-Windows-Resource-Exhaustion-Resolver", "Computer": "DESKTOP-OFJ6N53", "TimeCreated": "2022-04-13 14:33:05.415054+00:00", "RecordID": "14", "Level": "4", "UserID": "S-1-5-21-963789628-1060504924-4285088085-1001"}
{"EventID": "1001", "Channel": "Microsoft-Windows-Resource-Exhaustion-Resolver/Operational", "Provider_Name": "Microsoft-Windows-Resource-Exhaustion-Resolver", "Computer": "DESKTOP-OFJ6N53", "TimeCreated": "2022-05-16 14:40:39.366110+00:00", "RecordID": "15", "Level": "4", "UserID": "S-1-5-21-963789628-1060504924-4285088085-1001"}
{"EventID": "1015", "Channel": "Microsoft-Windows-Resource-Exhaustion-Resolver/Operational", "Provider_Name": "Microsoft-Windows-Resource-Exhaustion-Resolver", "Computer": "DESKTOP-OFJ6N53", "TimeCreated": "2022-05-16 14:40:39.366365+00:00", "RecordID": "16", "Level": "4", "UserID": "S-1-5-21-963789628-1060504924-4285088085-1001"}
{"EventID": "1014", "Channel": "Microsoft-Windows-Resource-Exhaustion-Resolver/Operational", "Provider_Name": "Microsoft-Windows-Resource-Exhaustion-Resolver", "Computer": "DESKTOP-OFJ6N53", "TimeCreated": "2022-05-16 14:40:41.547121+00:00", "RecordID": "17", "Level": "4", "UserID": "S-1-5-21-963789628-1060504924-4285088085-1001"}
{"EventID": "1001", "Channel": "Microsoft-Windows-Resource-Exhaustion-Resolver/Operational", "Provider_Name": "Microsoft-Windows-Resource-Exhaustion-Resolver", "Computer": "DESKTOP-OFJ6N53", "TimeCreated": "2022-06-07 08:17:31.376938+00:00", "RecordID": "18", "Level": "4", "UserID": "S-1-5-21-963789628-1060504924-4285088085-1001"}
{"EventID": "1015", "Channel": "Microsoft-Windows-Resource-Exhaustion-Resolver/Operational", "Provider_Name": "Microsoft-Windows-Resource-Exhaustion-Resolver", "Computer": "DESKTOP-OFJ6N53", "TimeCreated": "2022-06-07 08:17:31.378345+00:00", "RecordID": "19", "Level": "4", "UserID": "S-1-5-21-963789628-1060504924-4285088085-1001"}
{"EventID": "1014", "Channel": "Microsoft-Windows-Resource-Exhaustion-Resolver/Operational", "Provider_Name": "Microsoft-Windows-Resource-Exhaustion-Resolver", "Computer": "DESKTOP-OFJ6N53", "TimeCreated": "2022-06-07 08:17:33.755976+00:00", "RecordID": "20", "Level": "4", "UserID": "S-1-5-21-963789628-1060504924-4285088085-1001"}
{"EventID": "1002", "Channel": "Microsoft-Windows-Resource-Exhaustion-Resolver/Operational", "Provider_Name": "Microsoft-Windows-Resource-Exhaustion-Resolver", "Computer": "DESKTOP-OFJ6N53", "TimeCreated": "2022-06-14 17:59:04.355093+00:00", "RecordID": "21", "Level": "4", "UserID": "S-1-5-21-963789628-1060504924-4285088085-1001"}
{"EventID": "1001", "Channel": "Microsoft-Windows-Resource-Exhaustion-Resolver/Operational", "Provider_Name": "Microsoft-Windows-Resource-Exhaustion-Resolver", "Computer": "DESKTOP-OFJ6N53", "TimeCreated": "2022-07-12 08:50:37.940645+00:00", "RecordID": "22", "Level": "4", "UserID": "S-1-5-21-963789628-1060504924-4285088085-1001"}
{"EventID": "1015", "Channel": "Microsoft-Windows-Resource-Exhaustion-Resolver/Operational", "Provider_Name": "Microsoft-Windows-Resource-Exhaustion-Resolver", "Computer": "DESKTOP-OFJ6N53", "TimeCreated": "2022-07-12 08:50:37.940807+00:00", "RecordID": "23", "Level": "4", "UserID": "S-1-5-21-963789628-1060504924-4285088085-1001"}
{"EventID": "1014", "Channel": "Microsoft-Windows-Resource-Exhaustion-Resolver/Operational", "Provider_Name": "Microsoft-Windows-Resource-Exhaustion-Resolver", "Computer": "DESKTOP-OFJ6N53", "TimeCreated": "2022-07-12 08:50:39.724586+00:00", "RecordID": "24", "Level": "4", "UserID": "S-1-5-21-963789628-1060504924-4285088085-1001"}
{"EventID": "1002", "Channel": "Microsoft-Windows-Resource-Exhaustion-Resolver/Operational", "Provider_Name": "Microsoft-Windows-Resource-Exhaustion-Resolver", "Computer": "DESKTOP-OFJ6N53", "TimeCreated": "2022-07-13 14:40:05.099016+00:00", "RecordID": "25", "Level": "4", "UserID": "S-1-5-21-963789628-1060504924-4285088085-1001"}
{"EventID": "1001", "Channel": "Microsoft-Windows-Resource-Exhaustion-Resolver/Operational", "Provider_Name": "Microsoft-Windows-Resource-Exhaustion-Resolver", "Computer": "DESKTOP-OFJ6N53", "TimeCreated": "2022-08-04 15:11:25.773235+00:00", "RecordID": "26", "Level": "4", "UserID": "S-1-5-21-963789628-1060504924-4285088085-1001"}
{"EventID": "1015", "Channel": "Microsoft-Windows-Resource-Exhaustion-Resolver/Operational", "Provider_Name": "Microsoft-Windows-Resource-Exhaustion-Resolver", "Computer": "DESKTOP-OFJ6N53", "TimeCreated": "2022-08-04 15:11:25.773432+00:00", "RecordID": "27", "Level": "4", "UserID": "S-1-5-21-963789628-1060504924-4285088085-1001"}
{"EventID": "1014", "Channel": "Microsoft-Windows-Resource-Exhaustion-Resolver/Operational", "Provider_Name": "Microsoft-Windows-Resource-Exhaustion-Resolver", "Computer": "DESKTOP-OFJ6N53", "TimeCreated": "2022-08-04 15:11:28.304731+00:00", "RecordID": "28", "Level": "4", "UserID": "S-1-5-21-963789628-1060504924-4285088085-1001"}
{"EventID": "1002", "Channel": "Microsoft-Windows-Resource-Exhaustion-Resolver/Operational", "Provider_Name": "Microsoft-Windows-Resource-Exhaustion-Resolver", "Computer": "DESKTOP-OFJ6N53", "TimeCreated": "2022-08-04 17:02:16.427454+00:00", "RecordID": "29", "Level": "4", "UserID": "S-1-5-21-963789628-1060504924-4285088085-1001"}
{"EventID": "1001", "Channel": "Microsoft-Windows-Resource-Exhaustion-Resolver/Operational", "Provider_Name": "Microsoft-Windows-Resource-Exhaustion-Resolver", "Computer": "DESKTOP-OFJ6N53", "TimeCreated": "2022-09-07 07:17:29.262325+00:00", "RecordID": "30", "Level": "4", "UserID": "S-1-5-21-963789628-1060504924-4285088085-1001"}
{"EventID": "1015", "Channel": "Microsoft-Windows-Resource-Exhaustion-Resolver/Operational", "Provider_Name": "Microsoft-Windows-Resource-Exhaustion-Resolver", "Computer": "DESKTOP-OFJ6N53", "TimeCreated": "2022-09-07 07:17:29.264507+00:00", "RecordID": "31", "Level": "4", "UserID": "S-1-5-21-963789628-1060504924-4285088085-1001"}
{"EventID": "1014", "Channel": "Microsoft-Windows-Resource-Exhaustion-Resolver/Operational", "Provider_Name": "Microsoft-Windows-Resource-Exhaustion-Resolver", "Computer": "DESKTOP-OFJ6N53", "TimeCreated": "2022-09-07 07:17:31.935966+00:00", "RecordID": "32", "Level": "4", "UserID": "S-1-5-21-963789628-1060504924-4285088085-1001"}
{"EventID": "1002", "Channel": "Microsoft-Windows-Resource-Exhaustion-Resolver/Operational", "Provider_Name": "Microsoft-Windows-Resource-Exhaustion-Resolver", "Computer": "DESKTOP-OFJ6N53", "TimeCreated": "2022-09-13 14:04:08.455830+00:00", "RecordID": "33", "Level": "4", "UserID": "S-1-5-21-963789628-1060504924-4285088085-1001"}
{"EventID": "1001", "Channel": "Microsoft-Windows-Resource-Exhaustion-Resolver/Operational", "Provider_Name": "Microsoft-Windows-Resource-Exhaustion-Resolver", "Computer": "DESKTOP-OFJ6N53", "TimeCreated": "2022-11-22 07:13:42.140320+00:00", "RecordID": "34", "Level": "4", "UserID": "S-1-5-21-963789628-1060504924-4285088085-1001"}
{"EventID": "1015", "Channel": "Microsoft-Windows-Resource-Exhaustion-Resolver/Operational", "Provider_Name": "Microsoft-Windows-Resource-Exhaustion-Resolver", "Computer": "DESKTOP-OFJ6N53", "TimeCreated": "2022-11-22 07:13:42.141533+00:00", "RecordID": "35", "Level": "4", "UserID": "S-1-5-21-963789628-1060504924-4285088085-1001"}
{"EventID": "1014", "Channel": "Microsoft-Windows-Resource-Exhaustion-Resolver/Operational", "Provider_Name": "Microsoft-Windows-Resource-Exhaustion-Resolver", "Computer": "DESKTOP-OFJ6N53", "TimeCreated": "2022-11-22 07:13:59.069288+00:00", "RecordID": "36", "Level": "4", "UserID": "S-1-5-21-963789628-1060504924-4285088085-1001"}
{"EventID": "1002", "Channel": "Microsoft-Windows-Resource-Exhaustion-Resolver/Operational", "Provider_Name": "Microsoft-Windows-Resource-Exhaustion-Resolver", "Computer": "DESKTOP-OFJ6N53", "TimeCreated": "2022-11-22 07:18:46.747185+00:00", "RecordID": "37", "Level": "4", "UserID": "S-1-5-21-963789628-1060504924-4285088085-1001"}
{"EventID": "1001", "Channel": "Microsoft-Windows-Resource-Exhaustion-Resolver/Operational", "Provider_Name": "Microsoft-Windows-Resource-Exhaustion-Resolver", "Computer": "DESKTOP-OFJ6N53", "TimeCreated": "2023-02-03 14:03:58.636639+00:00", "RecordID": "38", "Level": "4", "UserID": "S-1-5-21-963789628-1060504924-4285088085-1001"}
{"EventID": "1015", "Channel": "Microsoft-Windows-Resource-Exhaustion-Resolver/Operational", "Provider_Name": "Microsoft-Windows-Resource-Exhaustion-Resolver", "Computer": "DESKTOP-OFJ6N53", "TimeCreated": "2023-02-03 14:03:58.638609+00:00", "RecordID": "39", "Level": "4", "UserID": "S-1-5-21-963789628-1060504924-4285088085-1001"}
{"EventID": "1014", "Channel": "Microsoft-Windows-Resource-Exhaustion-Resolver/Operational", "Provider_Name": "Microsoft-Windows-Resource-Exhaustion-Resolver", "Computer": "DESKTOP-OFJ6N53", "TimeCreated": "2023-02-03 14:04:21.763395+00:00", "RecordID": "40", "Level": "4", "UserID": "S-1-5-21-963789628-1060504924-4285088085-1001"}
{"EventID": "1002", "Channel": "Microsoft-Windows-Resource-Exhaustion-Resolver/Operational", "Provider_Name": "Microsoft-Windows-Resource-Exhaustion-Resolver", "Computer": "DESKTOP-OFJ6N53", "TimeCreated": "2023-02-09 10:48:39.071457+00:00", "RecordID": "41", "Level": "4", "UserID": "S-1-5-21-963789628-1060504924-4285088085-1001"}
{"EventID": "1001", "Channel": "Microsoft-Windows-Resource-Exhaustion-Resolver/Operational", "Provider_Name": "Microsoft-Windows-Resource-Exhaustion-Resolver", "Computer": "DESKTOP-OFJ6N53", "TimeCreated": "2023-03-28 07:51:49.785074+00:00", "RecordID": "42", "Level": "4", "UserID": "S-1-5-21-963789628-1060504924-4285088085-1001"}
{"EventID": "1015", "Channel": "Microsoft-Windows-Resource-Exhaustion-Resolver/Operational", "Provider_Name": "Microsoft-Windows-Resource-Exhaustion-Resolver", "Computer": "DESKTOP-OFJ6N53", "TimeCreated": "2023-03-28 07:51:49.785305+00:00", "RecordID": "43", "Level": "4", "UserID": "S-1-5-21-963789628-1060504924-4285088085-1001"}
{"EventID": "1014", "Channel": "Microsoft-Windows-Resource-Exhaustion-Resolver/Operational", "Provider_Name": "Microsoft-Windows-Resource-Exhaustion-Resolver", "Computer": "DESKTOP-OFJ6N53", "TimeCreated": "2023-03-28 07:51:58.072699+00:00", "RecordID": "44", "Level": "4", "UserID": "S-1-5-21-963789628-1060504924-4285088085-1001"}
{"EventID": "1002", "Channel": "Microsoft-Windows-Resource-Exhaustion-Resolver/Operational", "Provider_Name": "Microsoft-Windows-Resource-Exhaustion-Resolver", "Computer": "DESKTOP-OFJ6N53", "TimeCreated": "2023-03-29 11:05:07.023846+00:00", "RecordID": "45", "Level": "4", "UserID": "S-1-5-21-963789628-1060504924-4285088085-1001"}
{"EventID": "1001", "Channel": "Microsoft-Windows-Resource-Exhaustion-Resolver/Operational", "Provider_Name": "Microsoft-Windows-Resource-Exhaustion-Resolver", "Computer": "DESKTOP-OFJ6N53", "TimeCreated": "2023-07-13 10:12:13.750635+00:00", "RecordID": "46", "Level": "4", "UserID": "S-1-5-21-963789628-1060504924-4285088085-1001"}
{"EventID": "1015", "Channel": "Microsoft-Windows-Resource-Exhaustion-Resolver/Operational", "Provider_Name": "Microsoft-Windows-Resource-Exhaustion-Resolver", "Computer": "DESKTOP-OFJ6N53", "TimeCreated": "2023-07-13 10:12:13.752432+00:00", "RecordID": "47", "Level": "4", "UserID": "S-1-5-21-963789628-1060504924-4285088085-1001"}
{"EventID": "1014", "Channel": "Microsoft-Windows-Resource-Exhaustion-Resolver/Operational", "Provider_Name": "Microsoft-Windows-Resource-Exhaustion-Resolver", "Computer": "DESKTOP-OFJ6N53", "TimeCreated": "2023-07-13 10:12:16.929007+00:00", "RecordID": "48", "Level": "4", "UserID": "S-1-5-21-963789628-1060504924-4285088085-1001"}
{"EventID": "1001", "Channel": "Microsoft-Windows-Resource-Exhaustion-Resolver/Operational", "Provider_Name": "Microsoft-Windows-Resource-Exhaustion-Resolver", "Computer": "DESKTOP-OFJ6N53", "TimeCreated": "2023-10-13 08:35:46.592628+00:00", "RecordID": "49", "Level": "4", "UserID": "S-1-5-21-963789628-1060504924-4285088085-1001"}
{"EventID": "1015", "Channel": "Microsoft-Windows-Resource-Exhaustion-Resolver/Operational", "Provider_Name": "Microsoft-Windows-Resource-Exhaustion-Resolver", "Computer": "DESKTOP-OFJ6N53", "TimeCreated": "2023-10-13 08:35:46.595160+00:00", "RecordID": "50", "Level": "4", "UserID": "S-1-5-21-963789628-1060504924-4285088085-1001"}
{"EventID": "1014", "Channel": "Microsoft-Windows-Resource-Exhaustion-Resolver/Operational", "Provider_Name": "Microsoft-Windows-Resource-Exhaustion-Resolver", "Computer": "DESKTOP-OFJ6N53", "TimeCreated": "2023-10-13 08:35:50.794083+00:00", "RecordID": "51", "Level": "4", "UserID": "S-1-5-21-963789628-1060504924-4285088085-1001"}
{"EventID": "1002", "Channel": "Microsoft-Windows-Resource-Exhaustion-Resolver/Operational", "Provider_Name": "Microsoft-Windows-Resource-Exhaustion-Resolver", "Computer": "DESKTOP-OFJ6N53", "TimeCreated": "2023-10-27 14:40:03.280142+00:00", "RecordID": "52", "Level": "4", "UserID": "S-1-5-21-963789628-1060504924-4285088085-1001"}
{"EventID": "1001", "Channel": "Microsoft-Windows-Resource-Exhaustion-Resolver/Operational", "Provider_Name": "Microsoft-Windows-Resource-Exhaustion-Resolver", "Computer": "DESKTOP-OFJ6N53", "TimeCreated": "2023-11-02 14:12:39.768757+00:00", "RecordID": "53", "Level": "4", "UserID": "S-1-5-21-963789628-1060504924-4285088085-1001"}
{"EventID": "1015", "Channel": "Microsoft-Windows-Resource-Exhaustion-Resolver/Operational", "Provider_Name": "Microsoft-Windows-Resource-Exhaustion-Resolver", "Computer": "DESKTOP-OFJ6N53", "TimeCreated": "2023-11-02 14:12:39.768890+00:00", "RecordID": "54", "Level": "4", "UserID": "S-1-5-21-963789628-1060504924-4285088085-1001"}
{"EventID": "1014", "Channel": "Microsoft-Windows-Resource-Exhaustion-Resolver/Operational", "Provider_Name": "Microsoft-Windows-Resource-Exhaustion-Resolver", "Computer": "DESKTOP-OFJ6N53", "TimeCreated": "2023-11-02 14:12:41.819931+00:00", "RecordID": "55", "Level": "4", "UserID": "S-1-5-21-963789628-1060504924-4285088085-1001"}
{"EventID": "1002", "Channel": "Microsoft-Windows-Resource-Exhaustion-Resolver/Operational", "Provider_Name": "Microsoft-Windows-Resource-Exhaustion-Resolver", "Computer": "DESKTOP-OFJ6N53", "TimeCreated": "2023-11-20 15:00:04.688578+00:00", "RecordID": "56", "Level": "4", "UserID": "S-1-5-21-963789628-1060504924-4285088085-1001"}
{"EventID": "1001", "Channel": "Microsoft-Windows-Resource-Exhaustion-Resolver/Operational", "Provider_Name": "Microsoft-Windows-Resource-Exhaustion-Resolver", "Computer": "DESKTOP-OFJ6N53", "TimeCreated": "2024-02-07 10:30:38.361509+00:00", "RecordID": "57", "Level": "4", "UserID": "S-1-5-21-963789628-1060504924-4285088085-1001"}
{"EventID": "1015", "Channel": "Microsoft-Windows-Resource-Exhaustion-Resolver/Operational", "Provider_Name": "Microsoft-Windows-Resource-Exhaustion-Resolver", "Computer": "DESKTOP-OFJ6N53", "TimeCreated": "2024-02-07 10:30:38.361647+00:00", "RecordID": "58", "Level": "4", "UserID": "S-1-5-21-963789628-1060504924-4285088085-1001"}
{"EventID": "1014", "Channel": "Microsoft-Windows-Resource-Exhaustion-Resolver/Operational", "Provider_Name": "Microsoft-Windows-Resource-Exhaustion-Resolver", "Computer": "DESKTOP-OFJ6N53", "TimeCreated": "2024-02-07 10:30:40.077162+00:00", "RecordID": "59", "Level": "4", "UserID": "S-1-5-21-963789628-1060504924-4285088085-1001"}
{"EventID": "1002", "Channel": "Microsoft-Windows-Resource-Exhaustion-Resolver/Operational", "Provider_Name": "Microsoft-Windows-Resource-Exhaustion-Resolver", "Computer": "DESKTOP-OFJ6N53", "TimeCreated": "2024-02-15 15:25:04.666559+00:00", "RecordID": "60", "Level": "4", "UserID": "S-1-5-21-963789628-1060504924-4285088085-1001"}
{"EventID": "1001", "Channel": "Microsoft-Windows-Resource-Exhaustion-Resolver/Operational", "Provider_Name": "Microsoft-Windows-Resource-Exhaustion-Resolver", "Computer": "DESKTOP-OFJ6N53", "TimeCreated": "2024-03-13 12:00:35.834671+00:00", "RecordID": "61", "Level": "4", "UserID": "S-1-5-21-963789628-1060504924-4285088085-1001"}
{"EventID": "1015", "Channel": "Microsoft-Windows-Resource-Exhaustion-Resolver/Operational", "Provider_Name": "Microsoft-Windows-Resource-Exhaustion-Resolver", "Computer": "DESKTOP-OFJ6N53", "TimeCreated": "2024-03-13 12:00:35.834789+00:00", "RecordID": "62", "Level": "4", "UserID": "S-1-5-21-963789628-1060504924-4285088085-1001"}
{"EventID": "1014", "Channel": "Microsoft-Windows-Resource-Exhaustion-Resolver/Operational", "Provider_Name": "Microsoft-Windows-Resource-Exhaustion-Resolver", "Computer": "DESKTOP-OFJ6N53", "TimeCreated": "2024-03-13 12:00:38.049810+00:00", "RecordID": "63", "Level": "4", "UserID": "S-1-5-21-963789628-1060504924-4285088085-1001"}
{"EventID": "1002", "Channel": "Microsoft-Windows-Resource-Exhaustion-Resolver/Operational", "Provider_Name": "Microsoft-Windows-Resource-Exhaustion-Resolver", "Computer": "DESKTOP-OFJ6N53", "TimeCreated": "2024-04-12 02:49:38.566181+00:00", "RecordID": "64", "Level": "4", "UserID": "S-1-5-21-963789628-1060504924-4285088085-1001"}
{"EventID": "1001", "Channel": "Microsoft-Windows-Resource-Exhaustion-Resolver/Operational", "Provider_Name": "Microsoft-Windows-Resource-Exhaustion-Resolver", "Computer": "DESKTOP-OFJ6N53", "TimeCreated": "2024-04-26 15:10:58.722933+00:00", "RecordID": "65", "Level": "4", "UserID": "S-1-5-21-963789628-1060504924-4285088085-1001"}
{"EventID": "1015", "Channel": "Microsoft-Windows-Resource-Exhaustion-Resolver/Operational", "Provider_Name": "Microsoft-Windows-Resource-Exhaustion-Resolver", "Computer": "DESKTOP-OFJ6N53", "TimeCreated": "2024-04-26 15:10:58.723166+00:00", "RecordID": "66", "Level": "4", "UserID": "S-1-5-21-963789628-1060504924-4285088085-1001"}
{"EventID": "1014", "Channel": "Microsoft-Windows-Resource-Exhaustion-Resolver/Operational", "Provider_Name": "Microsoft-Windows-Resource-Exhaustion-Resolver", "Computer": "DESKTOP-OFJ6N53", "TimeCreated": "2024-04-26 15:11:00.936689+00:00", "RecordID": "67", "Level": "4", "UserID": "S-1-5-21-963789628-1060504924-4285088085-1001"}
{"EventID": "1002", "Channel": "Microsoft-Windows-Resource-Exhaustion-Resolver/Operational", "Provider_Name": "Microsoft-Windows-Resource-Exhaustion-Resolver", "Computer": "DESKTOP-OFJ6N53", "TimeCreated": "2024-04-29 15:09:08.632151+00:00", "RecordID": "68", "Level": "4", "UserID": "S-1-5-21-963789628-1060504924-4285088085-1001"}
{"EventID": "1001", "Channel": "Microsoft-Windows-Resource-Exhaustion-Resolver/Operational", "Provider_Name": "Microsoft-Windows-Resource-Exhaustion-Resolver", "Computer": "DESKTOP-OFJ6N53", "TimeCreated": "2024-05-04 04:38:05.474634+00:00", "RecordID": "69", "Level": "4", "UserID": "S-1-5-21-963789628-1060504924-4285088085-1001"}
{"EventID": "1015", "Channel": "Microsoft-Windows-Resource-Exhaustion-Resolver/Operational", "Provider_Name": "Microsoft-Windows-Resource-Exhaustion-Resolver", "Computer": "DESKTOP-OFJ6N53", "TimeCreated": "2024-05-04 04:38:05.570435+00:00", "RecordID": "70", "Level": "4", "UserID": "S-1-5-21-963789628-1060504924-4285088085-1001"}
{"EventID": "1014", "Channel": "Microsoft-Windows-Resource-Exhaustion-Resolver/Operational", "Provider_Name": "Microsoft-Windows-Resource-Exhaustion-Resolver", "Computer": "DESKTOP-OFJ6N53", "TimeCreated": "2024-05-04 04:38:30.679663+00:00", "RecordID": "71", "Level": "4", "UserID": "S-1-5-21-963789628-1060504924-4285088085-1001"}
{"EventID": "1001", "Channel": "Microsoft-Windows-Resource-Exhaustion-Resolver/Operational", "Provider_Name": "Microsoft-Windows-Resource-Exhaustion-Resolver", "Computer": "DESKTOP-OFJ6N53", "TimeCreated": "2024-07-10 02:13:41.519547+00:00", "RecordID": "72", "Level": "4", "UserID": "S-1-5-21-963789628-1060504924-4285088085-1001"}
{"EventID": "1015", "Channel": "Microsoft-Windows-Resource-Exhaustion-Resolver/Operational", "Provider_Name": "Microsoft-Windows-Resource-Exhaustion-Resolver", "Computer": "DESKTOP-OFJ6N53", "TimeCreated": "2024-07-10 02:13:41.519680+00:00", "RecordID": "73", "Level": "4", "UserID": "S-1-5-21-963789628-1060504924-4285088085-1001"}
{"EventID": "1014", "Channel": "Microsoft-Windows-Resource-Exhaustion-Resolver/Operational", "Provider_Name": "Microsoft-Windows-Resource-Exhaustion-Resolver", "Computer": "DESKTOP-OFJ6N53", "TimeCreated": "2024-07-10 02:13:43.382444+00:00", "RecordID": "74", "Level": "4", "UserID": "S-1-5-21-963789628-1060504924-4285088085-1001"}
{"EventID": "1002", "Channel": "Microsoft-Windows-Resource-Exhaustion-Resolver/Operational", "Provider_Name": "Microsoft-Windows-Resource-Exhaustion-Resolver", "Computer": "DESKTOP-OFJ6N53", "TimeCreated": "2024-07-10 14:31:06.431273+00:00", "RecordID": "75", "Level": "4", "UserID": "S-1-5-21-963789628-1060504924-4285088085-1001"}
{"EventID": "1001", "Channel": "Microsoft-Windows-Resource-Exhaustion-Resolver/Operational", "Provider_Name": "Microsoft-Windows-Resource-Exhaustion-Resolver", "Computer": "DESKTOP-OFJ6N53", "TimeCreated": "2024-08-30 13:52:02.012041+00:00", "RecordID": "76", "Level": "4", "UserID": "S-1-5-21-963789628-1060504924-4285088085-1001"}
{"EventID": "1015", "Channel": "Microsoft-Windows-Resource-Exhaustion-Resolver/Operational", "Provider_Name": "Microsoft-Windows-Resource-Exhaustion-Resolver", "Computer": "DESKTOP-OFJ6N53", "TimeCreated": "2024-08-30 13:52:02.012209+00:00", "RecordID": "77", "Level": "4", "UserID": "S-1-5-21-963789628-1060504924-4285088085-1001"}
{"EventID": "1014", "Channel": "Microsoft-Windows-Resource-Exhaustion-Resolver/Operational", "Provider_Name": "Microsoft-Windows-Resource-Exhaustion-Resolver", "Computer": "DESKTOP-OFJ6N53", "TimeCreated": "2024-08-30 13:52:03.599672+00:00", "RecordID": "78", "Level": "4", "UserID": "S-1-5-21-963789628-1060504924-4285088085-1001"}
{"EventID": "1002", "Channel": "Microsoft-Windows-Resource-Exhaustion-Resolver/Operational", "Provider_Name": "Microsoft-Windows-Resource-Exhaustion-Resolver", "Computer": "DESKTOP-OFJ6N53", "TimeCreated": "2024-09-06 13:39:45.730219+00:00", "RecordID": "79", "Level": "4", "UserID": "S-1-5-21-963789628-1060504924-4285088085-1001"}
{"EventID": "1001", "Channel": "Microsoft-Windows-Resource-Exhaustion-Resolver/Operational", "Provider_Name": "Microsoft-Windows-Resource-Exhaustion-Resolver", "Computer": "DESKTOP-OFJ6N53", "TimeCreated": "2024-10-04 13:37:01.030155+00:00", "RecordID": "80", "Level": "4", "UserID": "S-1-5-21-963789628-1060504924-4285088085-1001"}
{"EventID": "1015", "Channel": "Microsoft-Windows-Resource-Exhaustion-Resolver/Operational", "Provider_Name": "Microsoft-Windows-Resource-Exhaustion-Resolver", "Computer": "DESKTOP-OFJ6N53", "TimeCreated": "2024-10-04 13:37:01.030348+00:00", "RecordID": "81", "Level": "4", "UserID": "S-1-5-21-963789628-1060504924-4285088085-1001"}
{"EventID": "1014", "Channel": "Microsoft-Windows-Resource-Exhaustion-Resolver/Operational", "Provider_Name": "Microsoft-Windows-Resource-Exhaustion-Resolver", "Computer": "DESKTOP-OFJ6N53", "TimeCreated": "2024-10-04 13:37:02.626074+00:00", "RecordID": "82", "Level": "4", "UserID": "S-1-5-21-963789628-1060504924-4285088085-1001"}
{"EventID": "1002", "Channel": "Microsoft-Windows-Resource-Exhaustion-Resolver/Operational", "Provider_Name": "Microsoft-Windows-Resource-Exhaustion-Resolver", "Computer": "DESKTOP-OFJ6N53", "TimeCreated": "2024-10-04 22:02:25.481522+00:00", "RecordID": "83", "Level": "4", "UserID": "S-1-5-21-963789628-1060504924-4285088085-1001"}
{"EventID": "1001", "Channel": "Microsoft-Windows-Resource-Exhaustion-Resolver/Operational", "Provider_Name": "Microsoft-Windows-Resource-Exhaustion-Resolver", "Computer": "DESKTOP-OFJ6N53", "TimeCreated": "2024-10-08 19:43:57.669197+00:00", "RecordID": "84", "Level": "4", "UserID": "S-1-5-21-963789628-1060504924-4285088085-1001"}
{"EventID": "1015", "Channel": "Microsoft-Windows-Resource-Exhaustion-Resolver/Operational", "Provider_Name": "Microsoft-Windows-Resource-Exhaustion-Resolver", "Computer": "DESKTOP-OFJ6N53", "TimeCreated": "2024-10-08 19:43:57.669346+00:00", "RecordID": "85", "Level": "4", "UserID": "S-1-5-21-963789628-1060504924-4285088085-1001"}
{"EventID": "1014", "Channel": "Microsoft-Windows-Resource-Exhaustion-Resolver/Operational", "Provider_Name": "Microsoft-Windows-Resource-Exhaustion-Resolver", "Computer": "DESKTOP-OFJ6N53", "TimeCreated": "2024-10-08 19:43:59.660337+00:00", "RecordID": "86", "Level": "4", "UserID": "S-1-5-21-963789628-1060504924-4285088085-1001"}
{"EventID": "1002", "Channel": "Microsoft-Windows-Resource-Exhaustion-Resolver/Operational", "Provider_Name": "Microsoft-Windows-Resource-Exhaustion-Resolver", "Computer": "DESKTOP-OFJ6N53", "TimeCreated": "2024-10-08 20:24:03.475492+00:00", "RecordID": "87", "Level": "4", "UserID": "S-1-5-21-963789628-1060504924-4285088085-1001"}
{"EventID": "1001", "Channel": "Microsoft-Windows-Resource-Exhaustion-Resolver/Operational", "Provider_Name": "Microsoft-Windows-Resource-Exhaustion-Resolver", "Computer": "DESKTOP-OFJ6N53", "TimeCreated": "2024-12-25 14:15:35.513962+00:00", "RecordID": "88", "Level": "4", "UserID": "S-1-5-21-963789628-1060504924-4285088085-1001"}
{"EventID": "1015", "Channel": "Microsoft-Windows-Resource-Exhaustion-Resolver/Operational", "Provider_Name": "Microsoft-Windows-Resource-Exhaustion-Resolver", "Computer": "DESKTOP-OFJ6N53", "TimeCreated": "2024-12-25 14:15:35.514124+00:00", "RecordID": "89", "Level": "4", "UserID": "S-1-5-21-963789628-1060504924-4285088085-1001"}
{"EventID": "1014", "Channel": "Microsoft-Windows-Resource-Exhaustion-Resolver/Operational", "Provider_Name": "Microsoft-Windows-Resource-Exhaustion-Resolver", "Computer": "DESKTOP-OFJ6N53", "TimeCreated": "2024-12-25 14:15:39.629511+00:00", "RecordID": "90", "Level": "4", "UserID": "S-1-5-21-963789628-1060504924-4285088085-1001"}
{"EventID": "1015", "Channel": "Microsoft-Windows-Resource-Exhaustion-Resolver/Operational", "Provider_Name": "Microsoft-Windows-Resource-Exhaustion-Resolver", "Computer": "DESKTOP-OFJ6N53", "TimeCreated": "2024-12-30 13:46:51.622957+00:00", "RecordID": "91", "Level": "4", "UserID": "S-1-5-21-963789628-1060504924-4285088085-1001"}
{"EventID": "1014", "Channel": "Microsoft-Windows-Resource-Exhaustion-Resolver/Operational", "Provider_Name": "Microsoft-Windows-Resource-Exhaustion-Resolver", "Computer": "DESKTOP-OFJ6N53", "TimeCreated": "2024-12-30 13:46:53.104858+00:00", "RecordID": "92", "Level": "4", "UserID": "S-1-5-21-963789628-1060504924-4285088085-1001"}
{"EventID": "1015", "Channel": "Microsoft-Windows-Resource-Exhaustion-Resolver/Operational", "Provider_Name": "Microsoft-Windows-Resource-Exhaustion-Resolver", "Computer": "DESKTOP-OFJ6N53", "TimeCreated": "2025-01-09 11:32:24.636847+00:00", "RecordID": "93", "Level": "4", "UserID": "S-1-5-21-963789628-1060504924-4285088085-1001"}
{"EventID": "1014", "Channel": "Microsoft-Windows-Resource-Exhaustion-Resolver/Operational", "Provider_Name": "Microsoft-Windows-Resource-Exhaustion-Resolver", "Computer": "DESKTOP-OFJ6N53", "TimeCreated": "2025-01-09 11:32:27.203381+00:00", "RecordID": "94", "Level": "4", "UserID": "S-1-5-21-963789628-1060504924-4285088085-1001"}
{"EventID": "1002", "Channel": "Microsoft-Windows-Resource-Exhaustion-Resolver/Operational", "Provider_Name": "Microsoft-Windows-Resource-Exhaustion-Resolver", "Computer": "DESKTOP-OFJ6N53", "TimeCreated": "2025-01-09 14:54:47.010111+00:00", "RecordID": "95", "Level": "4", "UserID": "S-1-5-21-963789628-1060504924-4285088085-1001"}
{"EventID": "1001", "Channel": "Microsoft-Windows-Resource-Exhaustion-Resolver/Operational", "Provider_Name": "Microsoft-Windows-Resource-Exhaustion-Resolver", "Computer": "DESKTOP-OFJ6N53", "TimeCreated": "2025-02-07 16:37:43.344488+00:00", "RecordID": "96", "Level": "4", "UserID": "S-1-5-21-963789628-1060504924-4285088085-1001"}
{"EventID": "1015", "Channel": "Microsoft-Windows-Resource-Exhaustion-Resolver/Operational", "Provider_Name": "Microsoft-Windows-Resource-Exhaustion-Resolver", "Computer": "DESKTOP-OFJ6N53", "TimeCreated": "2025-02-07 16:37:43.346687+00:00", "RecordID": "97", "Level": "4", "UserID": "S-1-5-21-963789628-1060504924-4285088085-1001"}
{"EventID": "1014", "Channel": "Microsoft-Windows-Resource-Exhaustion-Resolver/Operational", "Provider_Name": "Microsoft-Windows-Resource-Exhaustion-Resolver", "Computer": "DESKTOP-OFJ6N53", "TimeCreated": "2025-02-07 16:37:45.210632+00:00", "RecordID": "98", "Level": "4", "UserID": "S-1-5-21-963789628-1060504924-4285088085-1001"}
{"EventID": "1002", "Channel": "Microsoft-Windows-Resource-Exhaustion-Resolver/Operational", "Provider_Name": "Microsoft-Windows-Resource-Exhaustion-Resolver", "Computer": "DESKTOP-OFJ6N53", "TimeCreated": "2025-02-12 14:53:04.747284+00:00", "RecordID": "99", "Level": "4", "UserID": "S-1-5-21-963789628-1060504924-4285088085-1001"}
{"EventID": "1001", "Channel": "Microsoft-Windows-Resource-Exhaustion-Resolver/Operational", "Provider_Name": "Microsoft-Windows-Resource-Exhaustion-Resolver", "Computer": "DESKTOP-OFJ6N53", "TimeCreated": "2025-02-18 07:16:04.788248+00:00", "RecordID": "100", "Level": "4", "UserID": "S-1-5-21-963789628-1060504924-4285088085-1001"}
{"EventID": "1015", "Channel": "Microsoft-Windows-Resource-Exhaustion-Resolver/Operational", "Provider_Name": "Microsoft-Windows-Resource-Exhaustion-Resolver", "Computer": "DESKTOP-OFJ6N53", "TimeCreated": "2025-02-18 07:16:04.788410+00:00", "RecordID": "101", "Level": "4", "UserID": "S-1-5-21-963789628-1060504924-4285088085-1001"}
{"EventID": "1014", "Channel": "Microsoft-Windows-Resource-Exhaustion-Resolver/Operational", "Provider_Name": "Microsoft-Windows-Resource-Exhaustion-Resolver", "Computer": "DESKTOP-OFJ6N53", "TimeCreated": "2025-02-18 07:16:07.259415+00:00", "RecordID": "102", "Level": "4", "UserID": "S-1-5-21-963789628-1060504924-4285088085-1001"}
{"EventID": "1015", "Channel": "Microsoft-Windows-Resource-Exhaustion-Resolver/Operational", "Provider_Name": "Microsoft-Windows-Resource-Exhaustion-Resolver", "Computer": "DESKTOP-OFJ6N53", "TimeCreated": "2025-03-03 09:07:14.530638+00:00", "RecordID": "103", "Level": "4", "UserID": "S-1-5-21-963789628-1060504924-4285088085-1001"}
{"EventID": "1014", "Channel": "Microsoft-Windows-Resource-Exhaustion-Resolver/Operational", "Provider_Name": "Microsoft-Windows-Resource-Exhaustion-Resolver", "Computer": "DESKTOP-OFJ6N53", "TimeCreated": "2025-03-03 09:07:17.756987+00:00", "RecordID": "104", "Level": "4", "UserID": "S-1-5-21-963789628-1060504924-4285088085-1001"}
{"EventID": "1002", "Channel": "Microsoft-Windows-Resource-Exhaustion-Resolver/Operational", "Provider_Name": "Microsoft-Windows-Resource-Exhaustion-Resolver", "Computer": "DESKTOP-OFJ6N53", "TimeCreated": "2025-03-07 15:02:58.751810+00:00", "RecordID": "105", "Level": "4", "UserID": "S-1-5-21-963789628-1060504924-4285088085-1001"}
{"EventID": "1001", "Channel": "Microsoft-Windows-Resource-Exhaustion-Resolver/Operational", "Provider_Name": "Microsoft-Windows-Resource-Exhaustion-Resolver", "Computer": "DESKTOP-OFJ6N53", "TimeCreated": "2025-03-30 07:20:22.952242+00:00", "RecordID": "106", "Level": "4", "UserID": "S-1-5-21-963789628-1060504924-4285088085-1001"}
{"EventID": "1015", "Channel": "Microsoft-Windows-Resource-Exhaustion-Resolver/Operational", "Provider_Name": "Microsoft-Windows-Resource-Exhaustion-Resolver", "Computer": "DESKTOP-OFJ6N53", "TimeCreated": "2025-03-30 07:20:22.952412+00:00", "RecordID": "107", "Level": "4", "UserID": "S-1-5-21-963789628-1060504924-4285088085-1001"}
{"EventID": "1014", "Channel": "Microsoft-Windows-Resource-Exhaustion-Resolver/Operational", "Provider_Name": "Microsoft-Windows-Resource-Exhaustion-Resolver", "Computer": "DESKTOP-OFJ6N53", "TimeCreated": "2025-03-30 07:20:25.885605+00:00", "RecordID": "108", "Level": "4", "UserID": "S-1-5-21-963789628-1060504924-4285088085-1001"}
{"EventID": "1002", "Channel": "Microsoft-Windows-Resource-Exhaustion-Resolver/Operational", "Provider_Name": "Microsoft-Windows-Resource-Exhaustion-Resolver", "Computer": "DESKTOP-OFJ6N53", "TimeCreated": "2025-04-01 16:02:23.224758+00:00", "RecordID": "109", "Level": "4", "UserID": "S-1-5-21-963789628-1060504924-4285088085-1001"}
{"EventID": "1001", "Channel": "Microsoft-Windows-Resource-Exhaustion-Resolver/Operational", "Provider_Name": "Microsoft-Windows-Resource-Exhaustion-Resolver", "Computer": "DESKTOP-OFJ6N53", "TimeCreated": "2025-04-07 05:41:19.911364+00:00", "RecordID": "110", "Level": "4", "UserID": "S-1-5-21-963789628-1060504924-4285088085-1001"}
{"EventID": "1015", "Channel": "Microsoft-Windows-Resource-Exhaustion-Resolver/Operational", "Provider_Name": "Microsoft-Windows-Resource-Exhaustion-Resolver", "Computer": "DESKTOP-OFJ6N53", "TimeCreated": "2025-04-07 05:41:19.911579+00:00", "RecordID": "111", "Level": "4", "UserID": "S-1-5-21-963789628-1060504924-4285088085-1001"}
{"EventID": "1014", "Channel": "Microsoft-Windows-Resource-Exhaustion-Resolver/Operational", "Provider_Name": "Microsoft-Windows-Resource-Exhaustion-Resolver", "Computer": "DESKTOP-OFJ6N53", "TimeCreated": "2025-04-07 05:41:22.449919+00:00", "RecordID": "112", "Level": "4", "UserID": "S-1-5-21-963789628-1060504924-4285088085-1001"}
{"EventID": "1002", "Channel": "Microsoft-Windows-Resource-Exhaustion-Resolver/Operational", "Provider_Name": "Microsoft-Windows-Resource-Exhaustion-Resolver", "Computer": "DESKTOP-OFJ6N53", "TimeCreated": "2025-04-09 14:33:08.043135+00:00", "RecordID": "113", "Level": "4", "UserID": "S-1-5-21-963789628-1060504924-4285088085-1001"}
{"EventID": "1001", "Channel": "Microsoft-Windows-Resource-Exhaustion-Resolver/Operational", "Provider_Name": "Microsoft-Windows-Resource-Exhaustion-Resolver", "Computer": "DESKTOP-OFJ6N53", "TimeCreated": "2025-05-14 09:37:45.866728+00:00", "RecordID": "114", "Level": "4", "UserID": "S-1-5-21-963789628-1060504924-4285088085-1001"}
{"EventID": "1015", "Channel": "Microsoft-Windows-Resource-Exhaustion-Resolver/Operational", "Provider_Name": "Microsoft-Windows-Resource-Exhaustion-Resolver", "Computer": "DESKTOP-OFJ6N53", "TimeCreated": "2025-05-14 09:37:45.867203+00:00", "RecordID": "115", "Level": "4", "UserID": "S-1-5-21-963789628-1060504924-4285088085-1001"}
{"EventID": "1014", "Channel": "Microsoft-Windows-Resource-Exhaustion-Resolver/Operational", "Provider_Name": "Microsoft-Windows-Resource-Exhaustion-Resolver", "Computer": "DESKTOP-OFJ6N53", "TimeCreated": "2025-05-14 09:37:48.467316+00:00", "RecordID": "116", "Level": "4", "UserID": "S-1-5-21-963789628-1060504924-4285088085-1001"}
{"EventID": "1015", "Channel": "Microsoft-Windows-Resource-Exhaustion-Resolver/Operational", "Provider_Name": "Microsoft-Windows-Resource-Exhaustion-Resolver", "Computer": "DESKTOP-OFJ6N53", "TimeCreated": "2025-05-14 09:42:45.850828+00:00", "RecordID": "117", "Level": "4", "UserID": "S-1-5-21-963789628-1060504924-4285088085-1001"}
{"EventID": "1014", "Channel": "Microsoft-Windows-Resource-Exhaustion-Resolver/Operational", "Provider_Name": "Microsoft-Windows-Resource-Exhaustion-Resolver", "Computer": "DESKTOP-OFJ6N53", "TimeCreated": "2025-05-14 09:42:48.188833+00:00", "RecordID": "118", "Level": "4", "UserID": "S-1-5-21-963789628-1060504924-4285088085-1001"}
{"EventID": "1002", "Channel": "Microsoft-Windows-Resource-Exhaustion-Resolver/Operational", "Provider_Name": "Microsoft-Windows-Resource-Exhaustion-Resolver", "Computer": "DESKTOP-OFJ6N53", "TimeCreated": "2025-05-14 14:39:03.461191+00:00", "RecordID": "119", "Level": "4", "UserID": "S-1-5-21-963789628-1060504924-4285088085-1001"}
{"EventID": "1001", "Channel": "Microsoft-Windows-Resource-Exhaustion-Resolver/Operational", "Provider_Name": "Microsoft-Windows-Resource-Exhaustion-Resolver", "Computer": "DESKTOP-OFJ6N53", "TimeCreated": "2025-07-07 12:37:41.970387+00:00", "RecordID": "120", "Level": "4", "UserID": "S-1-5-21-963789628-1060504924-4285088085-1001"}
{"EventID": "1015", "Channel": "Microsoft-Windows-Resource-Exhaustion-Resolver/Operational", "Provider_Name": "Microsoft-Windows-Resource-Exhaustion-Resolver", "Computer": "DESKTOP-OFJ6N53", "TimeCreated": "2025-07-07 12:37:41.970642+00:00", "RecordID": "121", "Level": "4", "UserID": "S-1-5-21-963789628-1060504924-4285088085-1001"}
{"EventID": "1014", "Channel": "Microsoft-Windows-Resource-Exhaustion-Resolver/Operational", "Provider_Name": "Microsoft-Windows-Resource-Exhaustion-Resolver", "Computer": "DESKTOP-OFJ6N53", "TimeCreated": "2025-07-07 12:37:44.894554+00:00", "RecordID": "122", "Level": "4", "UserID": "S-1-5-21-963789628-1060504924-4285088085-1001"}
{"EventID": "1015", "Channel": "Microsoft-Windows-Resource-Exhaustion-Resolver/Operational", "Provider_Name": "Microsoft-Windows-Resource-Exhaustion-Resolver", "Computer": "DESKTOP-OFJ6N53", "TimeCreated": "2025-07-07 12:42:41.713278+00:00", "RecordID": "123", "Level": "4", "UserID": "S-1-5-21-963789628-1060504924-4285088085-1001"}
{"EventID": "1014", "Channel": "Microsoft-Windows-Resource-Exhaustion-Resolver/Operational", "Provider_Name": "Microsoft-Windows-Resource-Exhaustion-Resolver", "Computer": "DESKTOP-OFJ6N53", "TimeCreated": "2025-07-07 12:42:43.934261+00:00", "RecordID": "124", "Level": "4", "UserID": "S-1-5-21-963789628-1060504924-4285088085-1001"}
{"EventID": "1002", "Channel": "Microsoft-Windows-Resource-Exhaustion-Resolver/Operational", "Provider_Name": "Microsoft-Windows-Resource-Exhaustion-Resolver", "Computer": "DESKTOP-OFJ6N53", "TimeCreated": "2025-07-07 12:48:14.312368+00:00", "RecordID": "125", "Level": "4", "UserID": "S-1-5-21-963789628-1060504924-4285088085-1001"}
{"EventID": "1001", "Channel": "Microsoft-Windows-Resource-Exhaustion-Resolver/Operational", "Provider_Name": "Microsoft-Windows-Resource-Exhaustion-Resolver", "Computer": "DESKTOP-OFJ6N53", "TimeCreated": "2025-08-13 13:28:12.125788+00:00", "RecordID": "126", "Level": "4", "UserID": "S-1-5-21-963789628-1060504924-4285088085-1001"}
{"EventID": "1015", "Channel": "Microsoft-Windows-Resource-Exhaustion-Resolver/Operational", "Provider_Name": "Microsoft-Windows-Resource-Exhaustion-Resolver", "Computer": "DESKTOP-OFJ6N53", "TimeCreated": "2025-08-13 13:28:12.125975+00:00", "RecordID": "127", "Level": "4", "UserID": "S-1-5-21-963789628-1060504924-4285088085-1001"}
{"EventID": "1014", "Channel": "Microsoft-Windows-Resource-Exhaustion-Resolver/Operational", "Provider_Name": "Microsoft-Windows-Resource-Exhaustion-Resolver", "Computer": "DESKTOP-OFJ6N53", "TimeCreated": "2025-08-13 13:28:15.932360+00:00", "RecordID": "128", "Level": "4", "UserID": "S-1-5-21-963789628-1060504924-4285088085-1001"}
{"EventID": "1002", "Channel": "Microsoft-Windows-Resource-Exhaustion-Resolver/Operational", "Provider_Name": "Microsoft-Windows-Resource-Exhaustion-Resolver", "Computer": "DESKTOP-OFJ6N53", "TimeCreated": "2025-08-13 14:36:11.264256+00:00", "RecordID": "129", "Level": "4", "UserID": "S-1-5-21-963789628-1060504924-4285088085-1001"}
{"EventID": "1001", "Channel": "Microsoft-Windows-Resource-Exhaustion-Resolver/Operational", "Provider_Name": "Microsoft-Windows-Resource-Exhaustion-Resolver", "Computer": "DESKTOP-OFJ6N53", "TimeCreated": "2025-08-19 06:41:39.866512+00:00", "RecordID": "130", "Level": "4", "UserID": "S-1-5-21-963789628-1060504924-4285088085-1001"}
{"EventID": "1015", "Channel": "Microsoft-Windows-Resource-Exhaustion-Resolver/Operational", "Provider_Name": "Microsoft-Windows-Resource-Exhaustion-Resolver", "Computer": "DESKTOP-OFJ6N53", "TimeCreated": "2025-08-19 06:41:39.921175+00:00", "RecordID": "131", "Level": "4", "UserID": "S-1-5-21-963789628-1060504924-4285088085-1001"}
{"EventID": "1014", "Channel": "Microsoft-Windows-Resource-Exhaustion-Resolver/Operational", "Provider_Name": "Microsoft-Windows-Resource-Exhaustion-Resolver", "Computer": "DESKTOP-OFJ6N53", "TimeCreated": "2025-08-19 06:41:49.432928+00:00", "RecordID": "132", "Level": "4", "UserID": "S-1-5-21-963789628-1060504924-4285088085-1001"}
{"EventID": "1002", "Channel": "Microsoft-Windows-Resource-Exhaustion-Resolver/Operational", "Provider_Name": "Microsoft-Windows-Resource-Exhaustion-Resolver", "Computer": "DESKTOP-OFJ6N53", "TimeCreated": "2025-08-19 07:17:57.160063+00:00", "RecordID": "133", "Level": "4", "UserID": "S-1-5-21-963789628-1060504924-4285088085-1001"}
