{"EventID": "104", "Channel": "Microsoft-Windows-Diagnosis-Scripted/Operational", "Provider_Name": "Microsoft-Windows-Diagnosis-Scripted", "Computer": "DESKTOP-OFJ6N53", "TimeCreated": "2025-03-16 10:17:24.354441+00:00", "RecordID": "664", "Level": "4", "UserID": "S-1-5-21-963789628-1060504924-4285088085-1001", "EventData.PackageId": "MaintenanceDiagnostic"}
{"EventID": "101", "Channel": "Microsoft-Windows-Diagnosis-Scripted/Operational", "Provider_Name": "Microsoft-Windows-Diagnosis-Scripted", "Computer": "DESKTOP-OFJ6N53", "TimeCreated": "2025-03-23 10:17:40.839561+00:00", "RecordID": "665", "Level": "4", "UserID": "S-1-5-21-963789628-1060504924-4285088085-1001", "EventData.PackagePath": "C:\\Windows\\diagnostics\\scheduled\\Maintenance"}
{"EventID": "102", "Channel": "Microsoft-Windows-Diagnosis-Scripted/Operational", "Provider_Name": "Microsoft-Windows-Diagnosis-Scripted", "Computer": "DESKTOP-OFJ6N53", "TimeCreated": "2025-03-23 10:17:41.521276+00:00", "RecordID": "666", "Level": "4", "UserID": "S-1-5-21-963789628-1060504924-4285088085-1001", "EventData.PackagePath": "C:\\Windows\\diagnostics\\scheduled\\Maintenance"}
{"EventID": "103", "Channel": "Microsoft-Windows-Diagnosis-Scripted/Operational", "Provider_Name": "Microsoft-Windows-Diagnosis-Scripted", "Computer": "DESKTOP-OFJ6N53", "TimeCreated": "2025-03-23 10:17:41.526800+00:00", "RecordID": "667", "Level": "4", "UserID": "S-1-5-21-963789628-1060504924-4285088085-1001", "EventData.PackageId": "MaintenanceDiagnostic"}
{"EventID": "104", "Channel": "Microsoft-Windows-Diagnosis-Scripted/Operational", "Provider_Name": "Microsoft-Windows-Diagnosis-Scripted", "Computer": "DESKTOP-OFJ6N53", "TimeCreated": "2025-03-23 10:17:49.239384+00:00", "RecordID": "668", "Level": "4", "UserID": "S-1-5-21-963789628-1060504924-4285088085-1001", "EventData.PackageId": "MaintenanceDiagnostic"}
{"EventID": "101", "Channel": "Microsoft-Windows-Diagnosis-Scripted/Operational", "Provider_Name": "Microsoft-Windows-Diagnosis-Scripted", "Computer": "DESKTOP-OFJ6N53", "TimeCreated": "2025-03-30 09:26:56.656668+00:00", "RecordID": "669", "Level": "4", "UserID": "S-1-5-21-963789628-1060504924-4285088085-1001", "EventData.PackagePath": "C:\\Windows\\diagnostics\\scheduled\\Maintenance"}
{"EventID": "102", "Channel": "Microsoft-Windows-Diagnosis-Scripted/Operational", "Provider_Name": "Microsoft-Windows-Diagnosis-Scripted", "Computer": "DESKTOP-OFJ6N53", "TimeCreated": "2025-03-30 09:26:57.161554+00:00", "RecordID": "670", "Level": "4", "UserID": "S-1-5-21-963789628-1060504924-4285088085-1001", "EventData.PackagePath": "C:\\Windows\\diagnostics\\scheduled\\Maintenance"}
{"EventID": "103", "Channel": "Microsoft-Windows-Diagnosis-Scripted/Operational", "Provider_Name": "Microsoft-Windows-Diagnosis-Scripted", "Computer": "DESKTOP-OFJ6N53", "TimeCreated": "2025-03-30 09:26:57.164146+00:00", "RecordID": "671", "Level": "4", "UserID": "S-1-5-21-963789628-1060504924-4285088085-1001", "EventData.PackageId": "MaintenanceDiagnostic"}
{"EventID": "104", "Channel": "Microsoft-Windows-Diagnosis-Scripted/Operational", "Provider_Name": "Microsoft-Windows-Diagnosis-Scripted", "Computer": "DESKTOP-OFJ6N53", "TimeCreated": "2025-03-30 09:27:01.547161+00:00", "RecordID": "672", "Level": "4", "UserID": "S-1-5-21-963789628-1060504924-4285088085-1001", "EventData.PackageId": "MaintenanceDiagnostic"}
{"EventID": "101", "Channel": "Microsoft-Windows-Diagnosis-Scripted/Operational", "Provider_Name": "Microsoft-Windows-Diagnosis-Scripted", "Computer": "DESKTOP-OFJ6N53", "TimeCreated": "2025-04-06 08:34:15.569748+00:00", "RecordID": "673", "Level": "4", "UserID": "S-1-5-21-963789628-1060504924-4285088085-1001", "EventData.PackagePath": "C:\\Windows\\diagnostics\\scheduled\\Maintenance"}
{"EventID": "102", "Channel": "Microsoft-Windows-Diagnosis-Scripted/Operational", "Provider_Name": "Microsoft-Windows-Diagnosis-Scripted", "Computer": "DESKTOP-OFJ6N53", "TimeCreated": "2025-04-06 08:34:16.569323+00:00", "RecordID": "674", "Level": "4", "UserID": "S-1-5-21-963789628-1060504924-4285088085-1001", "EventData.PackagePath": "C:\\Windows\\diagnostics\\scheduled\\Maintenance"}
{"EventID": "103", "Channel": "Microsoft-Windows-Diagnosis-Scripted/Operational", "Provider_Name": "Microsoft-Windows-Diagnosis-Scripted", "Computer": "DESKTOP-OFJ6N53", "TimeCreated": "2025-04-06 08:34:16.572544+00:00", "RecordID": "675", "Level": "4", "UserID": "S-1-5-21-963789628-1060504924-4285088085-1001", "EventData.PackageId": "MaintenanceDiagnostic"}
{"EventID": "104", "Channel": "Microsoft-Windows-Diagnosis-Scripted/Operational", "Provider_Name": "Microsoft-Windows-Diagnosis-Scripted", "Computer": "DESKTOP-OFJ6N53", "TimeCreated": "2025-04-06 08:34:24.703165+00:00", "RecordID": "676", "Level": "4", "UserID": "S-1-5-21-963789628-1060504924-4285088085-1001", "EventData.PackageId": "MaintenanceDiagnostic"}
{"EventID": "101", "Channel": "Microsoft-Windows-Diagnosis-Scripted/Operational", "Provider_Name": "Microsoft-Windows-Diagnosis-Scripted", "Computer": "DESKTOP-OFJ6N53", "TimeCreated": "2025-04-13 08:35:48.372713+00:00", "RecordID": "677", "Level": "4", "UserID": "S-1-5-21-963789628-1060504924-4285088085-1001", "EventData.PackagePath": "C:\\Windows\\diagnostics\\scheduled\\Maintenance"}
{"EventID": "102", "Channel": "Microsoft-Windows-Diagnosis-Scripted/Operational", "Provider_Name": "Microsoft-Windows-Diagnosis-Scripted", "Computer": "DESKTOP-OFJ6N53", "TimeCreated": "2025-04-13 08:35:48.768955+00:00", "RecordID": "678", "Level": "4", "UserID": "S-1-5-21-963789628-1060504924-4285088085-1001", "EventData.PackagePath": "C:\\Windows\\diagnostics\\scheduled\\Maintenance"}
{"EventID": "103", "Channel": "Microsoft-Windows-Diagnosis-Scripted/Operational", "Provider_Name": "Microsoft-Windows-Diagnosis-Scripted", "Computer": "DESKTOP-OFJ6N53", "TimeCreated": "2025-04-13 08:35:48.772264+00:00", "RecordID": "679", "Level": "4", "UserID": "S-1-5-21-963789628-1060504924-4285088085-1001", "EventData.PackageId": "MaintenanceDiagnostic"}
{"EventID": "104", "Channel": "Microsoft-Windows-Diagnosis-Scripted/Operational", "Provider_Name": "Microsoft-Windows-Diagnosis-Scripted", "Computer": "DESKTOP-OFJ6N53", "TimeCreated": "2025-04-13 08:35:54.410734+00:00", "RecordID": "680", "Level": "4", "UserID": "S-1-5-21-963789628-1060504924-4285088085-1001", "EventData.PackageId": "MaintenanceDiagnostic"}
{"EventID": "101", "Channel": "Microsoft-Windows-Diagnosis-Scripted/Operational", "Provider_Name": "Microsoft-Windows-Diagnosis-Scripted", "Computer": "DESKTOP-OFJ6N53", "TimeCreated": "2025-04-20 08:36:05.619894+00:00", "RecordID": "681", "Level": "4", "UserID": "S-1-5-21-963789628-1060504924-4285088085-1001", "EventData.PackagePath": "C:\\Windows\\diagnostics\\scheduled\\Maintenance"}
{"EventID": "102", "Channel": "Microsoft-Windows-Diagnosis-Scripted/Operational", "Provider_Name": "Microsoft-Windows-Diagnosis-Scripted", "Computer": "DESKTOP-OFJ6N53", "TimeCreated": "2025-04-20 08:36:06.151930+00:00", "RecordID": "682", "Level": "4", "UserID": "S-1-5-21-963789628-1060504924-4285088085-1001", "EventData.PackagePath": "C:\\Windows\\diagnostics\\scheduled\\Maintenance"}
{"EventID": "103", "Channel": "Microsoft-Windows-Diagnosis-Scripted/Operational", "Provider_Name": "Microsoft-Windows-Diagnosis-Scripted", "Computer": "DESKTOP-OFJ6N53", "TimeCreated": "2025-04-20 08:36:06.157520+00:00", "RecordID": "683", "Level": "4", "UserID": "S-1-5-21-963789628-1060504924-4285088085-1001", "EventData.PackageId": "MaintenanceDiagnostic"}
{"EventID": "104", "Channel": "Microsoft-Windows-Diagnosis-Scripted/Operational", "Provider_Name": "Microsoft-Windows-Diagnosis-Scripted", "Computer": "DESKTOP-OFJ6N53", "TimeCreated": "2025-04-20 08:36:11.935472+00:00", "RecordID": "684", "Level": "4", "UserID": "S-1-5-21-963789628-1060504924-4285088085-1001", "EventData.PackageId": "MaintenanceDiagnostic"}
{"EventID": "101", "Channel": "Microsoft-Windows-Diagnosis-Scripted/Operational", "Provider_Name": "Microsoft-Windows-Diagnosis-Scripted", "Computer": "DESKTOP-OFJ6N53", "TimeCreated": "2025-04-27 08:40:30.580936+00:00", "RecordID": "685", "Level": "4", "UserID": "S-1-5-21-963789628-1060504924-4285088085-1001", "EventData.PackagePath": "C:\\Windows\\diagnostics\\scheduled\\Maintenance"}
{"EventID": "102", "Channel": "Microsoft-Windows-Diagnosis-Scripted/Operational", "Provider_Name": "Microsoft-Windows-Diagnosis-Scripted", "Computer": "DESKTOP-OFJ6N53", "TimeCreated": "2025-04-27 08:40:30.999327+00:00", "RecordID": "686", "Level": "4", "UserID": "S-1-5-21-963789628-1060504924-4285088085-1001", "EventData.PackagePath": "C:\\Windows\\diagnostics\\scheduled\\Maintenance"}
{"EventID": "103", "Channel": "Microsoft-Windows-Diagnosis-Scripted/Operational", "Provider_Name": "Microsoft-Windows-Diagnosis-Scripted", "Computer": "DESKTOP-OFJ6N53", "TimeCreated": "2025-04-27 08:40:31.001841+00:00", "RecordID": "687", "Level": "4", "UserID": "S-1-5-21-963789628-1060504924-4285088085-1001", "EventData.PackageId": "MaintenanceDiagnostic"}
{"EventID": "104", "Channel": "Microsoft-Windows-Diagnosis-Scripted/Operational", "Provider_Name": "Microsoft-Windows-Diagnosis-Scripted", "Computer": "DESKTOP-OFJ6N53", "TimeCreated": "2025-04-27 08:40:37.916418+00:00", "RecordID": "688", "Level": "4", "UserID": "S-1-5-21-963789628-1060504924-4285088085-1001", "EventData.PackageId": "MaintenanceDiagnostic"}
{"EventID": "101", "Channel": "Microsoft-Windows-Diagnosis-Scripted/Operational", "Provider_Name": "Microsoft-Windows-Diagnosis-Scripted", "Computer": "DESKTOP-OFJ6N53", "TimeCreated": "2025-05-04 08:40:33.971838+00:00", "RecordID": "689", "Level": "4", "UserID": "S-1-5-21-963789628-1060504924-4285088085-1001", "EventData.PackagePath": "C:\\Windows\\diagnostics\\scheduled\\Maintenance"}
{"EventID": "102", "Channel": "Microsoft-Windows-Diagnosis-Scripted/Operational", "Provider_Name": "Microsoft-Windows-Diagnosis-Scripted", "Computer": "DESKTOP-OFJ6N53", "TimeCreated": "2025-05-04 08:40:34.394735+00:00", "RecordID": "690", "Level": "4", "UserID": "S-1-5-21-963789628-1060504924-4285088085-1001", "EventData.PackagePath": "C:\\Windows\\diagnostics\\scheduled\\Maintenance"}
{"EventID": "103", "Channel": "Microsoft-Windows-Diagnosis-Scripted/Operational", "Provider_Name": "Microsoft-Windows-Diagnosis-Scripted", "Computer": "DESKTOP-OFJ6N53", "TimeCreated": "2025-05-04 08:40:34.397243+00:00", "RecordID": "691", "Level": "4", "UserID": "S-1-5-21-963789628-1060504924-4285088085-1001", "EventData.PackageId": "MaintenanceDiagnostic"}
{"EventID": "104", "Channel": "Microsoft-Windows-Diagnosis-Scripted/Operational", "Provider_Name": "Microsoft-Windows-Diagnosis-Scripted", "Computer": "DESKTOP-OFJ6N53", "TimeCreated": "2025-05-04 08:40:40.625408+00:00", "RecordID": "692", "Level": "4", "UserID": "S-1-5-21-963789628-1060504924-4285088085-1001", "EventData.PackageId": "MaintenanceDiagnostic"}
{"EventID": "101", "Channel": "Microsoft-Windows-Diagnosis-Scripted/Operational", "Provider_Name": "Microsoft-Windows-Diagnosis-Scripted", "Computer": "DESKTOP-OFJ6N53", "TimeCreated": "2025-05-11 08:40:33.958776+00:00", "RecordID": "693", "Level": "4", "UserID": "S-1-5-21-963789628-1060504924-4285088085-1001", "EventData.PackagePath": "C:\\Windows\\diagnostics\\scheduled\\Maintenance"}
{"EventID": "102", "Channel": "Microsoft-Windows-Diagnosis-Scripted/Operational", "Provider_Name": "Microsoft-Windows-Diagnosis-Scripted", "Computer": "DESKTOP-OFJ6N53", "TimeCreated": "2025-05-11 08:40:34.286945+00:00", "RecordID": "694", "Level": "4", "UserID": "S-1-5-21-963789628-1060504924-4285088085-1001", "EventData.PackagePath": "C:\\Windows\\diagnostics\\scheduled\\Maintenance"}
{"EventID": "103", "Channel": "Microsoft-Windows-Diagnosis-Scripted/Operational", "Provider_Name": "Microsoft-Windows-Diagnosis-Scripted", "Computer": "DESKTOP-OFJ6N53", "TimeCreated": "2025-05-11 08:40:34.288656+00:00", "RecordID": "695", "Level": "4", "UserID": "S-1-5-21-963789628-1060504924-4285088085-1001", "EventData.PackageId": "MaintenanceDiagnostic"}
{"EventID": "104", "Channel": "Microsoft-Windows-Diagnosis-Scripted/Operational", "Provider_Name": "Microsoft-Windows-Diagnosis-Scripted", "Computer": "DESKTOP-OFJ6N53", "TimeCreated": "2025-05-11 08:40:41.298853+00:00", "RecordID": "696", "Level": "4", "UserID": "S-1-5-21-963789628-1060504924-4285088085-1001", "EventData.PackageId": "MaintenanceDiagnostic"}
{"EventID": "101", "Channel": "Microsoft-Windows-Diagnosis-Scripted/Operational", "Provider_Name": "Microsoft-Windows-Diagnosis-Scripted", "Computer": "DESKTOP-OFJ6N53", "TimeCreated": "2025-05-21 14:20:12.833313+00:00", "RecordID": "697", "Level": "4", "UserID": "S-1-5-21-963789628-1060504924-4285088085-1001", "EventData.PackagePath": "C:\\Windows\\diagnostics\\scheduled\\Maintenance"}
{"EventID": "102", "Channel": "Microsoft-Windows-Diagnosis-Scripted/Operational", "Provider_Name": "Microsoft-Windows-Diagnosis-Scripted", "Computer": "DESKTOP-OFJ6N53", "TimeCreated": "2025-05-21 14:20:13.167589+00:00", "RecordID": "698", "Level": "4", "UserID": "S-1-5-21-963789628-1060504924-4285088085-1001", "EventData.PackagePath": "C:\\Windows\\diagnostics\\scheduled\\Maintenance"}
{"EventID": "103", "Channel": "Microsoft-Windows-Diagnosis-Scripted/Operational", "Provider_Name": "Microsoft-Windows-Diagnosis-Scripted", "Computer": "DESKTOP-OFJ6N53", "TimeCreated": "2025-05-21 14:20:13.169397+00:00", "RecordID": "699", "Level": "4", "UserID": "S-1-5-21-963789628-1060504924-4285088085-1001", "EventData.PackageId": "MaintenanceDiagnostic"}
{"EventID": "104", "Channel": "Microsoft-Windows-Diagnosis-Scripted/Operational", "Provider_Name": "Microsoft-Windows-Diagnosis-Scripted", "Computer": "DESKTOP-OFJ6N53", "TimeCreated": "2025-05-21 14:20:17.766233+00:00", "RecordID": "700", "Level": "4", "UserID": "S-1-5-21-963789628-1060504924-4285088085-1001", "EventData.PackageId": "MaintenanceDiagnostic"}
{"EventID": "101", "Channel": "Microsoft-Windows-Diagnosis-Scripted/Operational", "Provider_Name": "Microsoft-Windows-Diagnosis-Scripted", "Computer": "DESKTOP-OFJ6N53", "TimeCreated": "2025-05-25 08:42:30.808216+00:00", "RecordID": "701", "Level": "4", "UserID": "S-1-5-21-963789628-1060504924-4285088085-1001", "EventData.PackagePath": "C:\\Windows\\diagnostics\\scheduled\\Maintenance"}
{"EventID": "102", "Channel": "Microsoft-Windows-Diagnosis-Scripted/Operational", "Provider_Name": "Microsoft-Windows-Diagnosis-Scripted", "Computer": "DESKTOP-OFJ6N53", "TimeCreated": "2025-05-25 08:42:31.158371+00:00", "RecordID": "702", "Level": "4", "UserID": "S-1-5-21-963789628-1060504924-4285088085-1001", "EventData.PackagePath": "C:\\Windows\\diagnostics\\scheduled\\Maintenance"}
{"EventID": "103", "Channel": "Microsoft-Windows-Diagnosis-Scripted/Operational", "Provider_Name": "Microsoft-Windows-Diagnosis-Scripted", "Computer": "DESKTOP-OFJ6N53", "TimeCreated": "2025-05-25 08:42:31.161543+00:00", "RecordID": "703", "Level": "4", "UserID": "S-1-5-21-963789628-1060504924-4285088085-1001", "EventData.PackageId": "MaintenanceDiagnostic"}
{"EventID": "104", "Channel": "Microsoft-Windows-Diagnosis-Scripted/Operational", "Provider_Name": "Microsoft-Windows-Diagnosis-Scripted", "Computer": "DESKTOP-OFJ6N53", "TimeCreated": "2025-05-25 08:42:33.982737+00:00", "RecordID": "704", "Level": "4", "UserID": "S-1-5-21-963789628-1060504924-4285088085-1001", "EventData.PackageId": "MaintenanceDiagnostic"}
{"EventID": "101", "Channel": "Microsoft-Windows-Diagnosis-Scripted/Operational", "Provider_Name": "Microsoft-Windows-Diagnosis-Scripted", "Computer": "DESKTOP-OFJ6N53", "TimeCreated": "2025-06-01 08:30:42.435701+00:00", "RecordID": "705", "Level": "4", "UserID": "S-1-5-21-963789628-1060504924-4285088085-1001", "EventData.PackagePath": "C:\\Windows\\diagnostics\\scheduled\\Maintenance"}
{"EventID": "102", "Channel": "Microsoft-Windows-Diagnosis-Scripted/Operational", "Provider_Name": "Microsoft-Windows-Diagnosis-Scripted", "Computer": "DESKTOP-OFJ6N53", "TimeCreated": "2025-06-01 08:30:42.834682+00:00", "RecordID": "706", "Level": "4", "UserID": "S-1-5-21-963789628-1060504924-4285088085-1001", "EventData.PackagePath": "C:\\Windows\\diagnostics\\scheduled\\Maintenance"}
{"EventID": "103", "Channel": "Microsoft-Windows-Diagnosis-Scripted/Operational", "Provider_Name": "Microsoft-Windows-Diagnosis-Scripted", "Computer": "DESKTOP-OFJ6N53", "TimeCreated": "2025-06-01 08:30:42.836262+00:00", "RecordID": "707", "Level": "4", "UserID": "S-1-5-21-963789628-1060504924-4285088085-1001", "EventData.PackageId": "MaintenanceDiagnostic"}
{"EventID": "104", "Channel": "Microsoft-Windows-Diagnosis-Scripted/Operational", "Provider_Name": "Microsoft-Windows-Diagnosis-Scripted", "Computer": "DESKTOP-OFJ6N53", "TimeCreated": "2025-06-01 08:30:47.496719+00:00", "RecordID": "708", "Level": "4", "UserID": "S-1-5-21-963789628-1060504924-4285088085-1001", "EventData.PackageId": "MaintenanceDiagnostic"}
{"EventID": "101", "Channel": "Microsoft-Windows-Diagnosis-Scripted/Operational", "Provider_Name": "Microsoft-Windows-Diagnosis-Scripted", "Computer": "DESKTOP-OFJ6N53", "TimeCreated": "2025-06-08 08:42:35.721584+00:00", "RecordID": "709", "Level": "4", "UserID": "S-1-5-21-963789628-1060504924-4285088085-1001", "EventData.PackagePath": "C:\\Windows\\diagnostics\\scheduled\\Maintenance"}
{"EventID": "102", "Channel": "Microsoft-Windows-Diagnosis-Scripted/Operational", "Provider_Name": "Microsoft-Windows-Diagnosis-Scripted", "Computer": "DESKTOP-OFJ6N53", "TimeCreated": "2025-06-08 08:42:35.982317+00:00", "RecordID": "710", "Level": "4", "UserID": "S-1-5-21-963789628-1060504924-4285088085-1001", "EventData.PackagePath": "C:\\Windows\\diagnostics\\scheduled\\Maintenance"}
{"EventID": "103", "Channel": "Microsoft-Windows-Diagnosis-Scripted/Operational", "Provider_Name": "Microsoft-Windows-Diagnosis-Scripted", "Computer": "DESKTOP-OFJ6N53", "TimeCreated": "2025-06-08 08:42:35.983450+00:00", "RecordID": "711", "Level": "4", "UserID": "S-1-5-21-963789628-1060504924-4285088085-1001", "EventData.PackageId": "MaintenanceDiagnostic"}
{"EventID": "104", "Channel": "Microsoft-Windows-Diagnosis-Scripted/Operational", "Provider_Name": "Microsoft-Windows-Diagnosis-Scripted", "Computer": "DESKTOP-OFJ6N53", "TimeCreated": "2025-06-08 08:42:40.120449+00:00", "RecordID": "712", "Level": "4", "UserID": "S-1-5-21-963789628-1060504924-4285088085-1001", "EventData.PackageId": "MaintenanceDiagnostic"}
{"EventID": "101", "Channel": "Microsoft-Windows-Diagnosis-Scripted/Operational", "Provider_Name": "Microsoft-Windows-Diagnosis-Scripted", "Computer": "DESKTOP-OFJ6N53", "TimeCreated": "2025-06-18 13:28:45.705780+00:00", "RecordID": "713", "Level": "4", "UserID": "S-1-5-21-963789628-1060504924-4285088085-1001", "EventData.PackagePath": "C:\\Windows\\diagnostics\\scheduled\\Maintenance"}
{"EventID": "102", "Channel": "Microsoft-Windows-Diagnosis-Scripted/Operational", "Provider_Name": "Microsoft-Windows-Diagnosis-Scripted", "Computer": "DESKTOP-OFJ6N53", "TimeCreated": "2025-06-18 13:28:46.113962+00:00", "RecordID": "714", "Level": "4", "UserID": "S-1-5-21-963789628-1060504924-4285088085-1001", "EventData.PackagePath": "C:\\Windows\\diagnostics\\scheduled\\Maintenance"}
{"EventID": "103", "Channel": "Microsoft-Windows-Diagnosis-Scripted/Operational", "Provider_Name": "Microsoft-Windows-Diagnosis-Scripted", "Computer": "DESKTOP-OFJ6N53", "TimeCreated": "2025-06-18 13:28:46.115868+00:00", "RecordID": "715", "Level": "4", "UserID": "S-1-5-21-963789628-1060504924-4285088085-1001", "EventData.PackageId": "MaintenanceDiagnostic"}
{"EventID": "104", "Channel": "Microsoft-Windows-Diagnosis-Scripted/Operational", "Provider_Name": "Microsoft-Windows-Diagnosis-Scripted", "Computer": "DESKTOP-OFJ6N53", "TimeCreated": "2025-06-18 13:28:50.578190+00:00", "RecordID": "716", "Level": "4", "UserID": "S-1-5-21-963789628-1060504924-4285088085-1001", "EventData.PackageId": "MaintenanceDiagnostic"}
{"EventID": "101", "Channel": "Microsoft-Windows-Diagnosis-Scripted/Operational", "Provider_Name": "Microsoft-Windows-Diagnosis-Scripted", "Computer": "DESKTOP-OFJ6N53", "TimeCreated": "2025-06-22 08:46:08.649532+00:00", "RecordID": "717", "Level": "4", "UserID": "S-1-5-21-963789628-1060504924-4285088085-1001", "EventData.PackagePath": "C:\\Windows\\diagnostics\\scheduled\\Maintenance"}
{"EventID": "102", "Channel": "Microsoft-Windows-Diagnosis-Scripted/Operational", "Provider_Name": "Microsoft-Windows-Diagnosis-Scripted", "Computer": "DESKTOP-OFJ6N53", "TimeCreated": "2025-06-22 08:46:08.973850+00:00", "RecordID": "718", "Level": "4", "UserID": "S-1-5-21-963789628-1060504924-4285088085-1001", "EventData.PackagePath": "C:\\Windows\\diagnostics\\scheduled\\Maintenance"}
{"EventID": "103", "Channel": "Microsoft-Windows-Diagnosis-Scripted/Operational", "Provider_Name": "Microsoft-Windows-Diagnosis-Scripted", "Computer": "DESKTOP-OFJ6N53", "TimeCreated": "2025-06-22 08:46:08.975519+00:00", "RecordID": "719", "Level": "4", "UserID": "S-1-5-21-963789628-1060504924-4285088085-1001", "EventData.PackageId": "MaintenanceDiagnostic"}
{"EventID": "104", "Channel": "Microsoft-Windows-Diagnosis-Scripted/Operational", "Provider_Name": "Microsoft-Windows-Diagnosis-Scripted", "Computer": "DESKTOP-OFJ6N53", "TimeCreated": "2025-06-22 08:46:19.567507+00:00", "RecordID": "720", "Level": "4", "UserID": "S-1-5-21-963789628-1060504924-4285088085-1001", "EventData.PackageId": "MaintenanceDiagnostic"}
{"EventID": "101", "Channel": "Microsoft-Windows-Diagnosis-Scripted/Operational", "Provider_Name": "Microsoft-Windows-Diagnosis-Scripted", "Computer": "DESKTOP-OFJ6N53", "TimeCreated": "2025-06-29 08:45:50.859943+00:00", "RecordID": "721", "Level": "4", "UserID": "S-1-5-21-963789628-1060504924-4285088085-1001", "EventData.PackagePath": "C:\\Windows\\diagnostics\\scheduled\\Maintenance"}
{"EventID": "102", "Channel": "Microsoft-Windows-Diagnosis-Scripted/Operational", "Provider_Name": "Microsoft-Windows-Diagnosis-Scripted", "Computer": "DESKTOP-OFJ6N53", "TimeCreated": "2025-06-29 08:45:51.271152+00:00", "RecordID": "722", "Level": "4", "UserID": "S-1-5-21-963789628-1060504924-4285088085-1001", "EventData.PackagePath": "C:\\Windows\\diagnostics\\scheduled\\Maintenance"}
{"EventID": "103", "Channel": "Microsoft-Windows-Diagnosis-Scripted/Operational", "Provider_Name": "Microsoft-Windows-Diagnosis-Scripted", "Computer": "DESKTOP-OFJ6N53", "TimeCreated": "2025-06-29 08:45:51.272758+00:00", "RecordID": "723", "Level": "4", "UserID": "S-1-5-21-963789628-1060504924-4285088085-1001", "EventData.PackageId": "MaintenanceDiagnostic"}
{"EventID": "104", "Channel": "Microsoft-Windows-Diagnosis-Scripted/Operational", "Provider_Name": "Microsoft-Windows-Diagnosis-Scripted", "Computer": "DESKTOP-OFJ6N53", "TimeCreated": "2025-06-29 08:45:55.383492+00:00", "RecordID": "724", "Level": "4", "UserID": "S-1-5-21-963789628-1060504924-4285088085-1001", "EventData.PackageId": "MaintenanceDiagnostic"}
{"EventID": "101", "Channel": "Microsoft-Windows-Diagnosis-Scripted/Operational", "Provider_Name": "Microsoft-Windows-Diagnosis-Scripted", "Computer": "DESKTOP-OFJ6N53", "TimeCreated": "2025-07-06 08:46:40.367188+00:00", "RecordID": "725", "Level": "4", "UserID": "S-1-5-21-963789628-1060504924-4285088085-1001", "EventData.PackagePath": "C:\\Windows\\diagnostics\\scheduled\\Maintenance"}
{"EventID": "102", "Channel": "Microsoft-Windows-Diagnosis-Scripted/Operational", "Provider_Name": "Microsoft-Windows-Diagnosis-Scripted", "Computer": "DESKTOP-OFJ6N53", "TimeCreated": "2025-07-06 08:46:40.672592+00:00", "RecordID": "726", "Level": "4", "UserID": "S-1-5-21-963789628-1060504924-4285088085-1001", "EventData.PackagePath": "C:\\Windows\\diagnostics\\scheduled\\Maintenance"}
{"EventID": "103", "Channel": "Microsoft-Windows-Diagnosis-Scripted/Operational", "Provider_Name": "Microsoft-Windows-Diagnosis-Scripted", "Computer": "DESKTOP-OFJ6N53", "TimeCreated": "2025-07-06 08:46:40.674110+00:00", "RecordID": "727", "Level": "4", "UserID": "S-1-5-21-963789628-1060504924-4285088085-1001", "EventData.PackageId": "MaintenanceDiagnostic"}
{"EventID": "104", "Channel": "Microsoft-Windows-Diagnosis-Scripted/Operational", "Provider_Name": "Microsoft-Windows-Diagnosis-Scripted", "Computer": "DESKTOP-OFJ6N53", "TimeCreated": "2025-07-06 08:46:44.768862+00:00", "RecordID": "728", "Level": "4", "UserID": "S-1-5-21-963789628-1060504924-4285088085-1001", "EventData.PackageId": "MaintenanceDiagnostic"}
{"EventID": "101", "Channel": "Microsoft-Windows-Diagnosis-Scripted/Operational", "Provider_Name": "Microsoft-Windows-Diagnosis-Scripted", "Computer": "DESKTOP-OFJ6N53", "TimeCreated": "2025-07-14 09:57:22.523733+00:00", "RecordID": "729", "Level": "4", "UserID": "S-1-5-21-963789628-1060504924-4285088085-1001", "EventData.PackagePath": "C:\\Windows\\diagnostics\\scheduled\\Maintenance"}
{"EventID": "102", "Channel": "Microsoft-Windows-Diagnosis-Scripted/Operational", "Provider_Name": "Microsoft-Windows-Diagnosis-Scripted", "Computer": "DESKTOP-OFJ6N53", "TimeCreated": "2025-07-14 09:57:22.884811+00:00", "RecordID": "730", "Level": "4", "UserID": "S-1-5-21-963789628-1060504924-4285088085-1001", "EventData.PackagePath": "C:\\Windows\\diagnostics\\scheduled\\Maintenance"}
{"EventID": "103", "Channel": "Microsoft-Windows-Diagnosis-Scripted/Operational", "Provider_Name": "Microsoft-Windows-Diagnosis-Scripted", "Computer": "DESKTOP-OFJ6N53", "TimeCreated": "2025-07-14 09:57:22.886417+00:00", "RecordID": "731", "Level": "4", "UserID": "S-1-5-21-963789628-1060504924-4285088085-1001", "EventData.PackageId": "MaintenanceDiagnostic"}
{"EventID": "104", "Channel": "Microsoft-Windows-Diagnosis-Scripted/Operational", "Provider_Name": "Microsoft-Windows-Diagnosis-Scripted", "Computer": "DESKTOP-OFJ6N53", "TimeCreated": "2025-07-14 09:57:27.517939+00:00", "RecordID": "732", "Level": "4", "UserID": "S-1-5-21-963789628-1060504924-4285088085-1001", "EventData.PackageId": "MaintenanceDiagnostic"}
{"EventID": "101", "Channel": "Microsoft-Windows-Diagnosis-Scripted/Operational", "Provider_Name": "Microsoft-Windows-Diagnosis-Scripted", "Computer": "DESKTOP-OFJ6N53", "TimeCreated": "2025-07-20 08:39:55.785198+00:00", "RecordID": "733", "Level": "4", "UserID": "S-1-5-21-963789628-1060504924-4285088085-1001", "EventData.PackagePath": "C:\\Windows\\diagnostics\\scheduled\\Maintenance"}
{"EventID": "102", "Channel": "Microsoft-Windows-Diagnosis-Scripted/Operational", "Provider_Name": "Microsoft-Windows-Diagnosis-Scripted", "Computer": "DESKTOP-OFJ6N53", "TimeCreated": "2025-07-20 08:39:56.177160+00:00", "RecordID": "734", "Level": "4", "UserID": "S-1-5-21-963789628-1060504924-4285088085-1001", "EventData.PackagePath": "C:\\Windows\\diagnostics\\scheduled\\Maintenance"}
{"EventID": "103", "Channel": "Microsoft-Windows-Diagnosis-Scripted/Operational", "Provider_Name": "Microsoft-Windows-Diagnosis-Scripted", "Computer": "DESKTOP-OFJ6N53", "TimeCreated": "2025-07-20 08:39:56.178850+00:00", "RecordID": "735", "Level": "4", "UserID": "S-1-5-21-963789628-1060504924-4285088085-1001", "EventData.PackageId": "MaintenanceDiagnostic"}
{"EventID": "104", "Channel": "Microsoft-Windows-Diagnosis-Scripted/Operational", "Provider_Name": "Microsoft-Windows-Diagnosis-Scripted", "Computer": "DESKTOP-OFJ6N53", "TimeCreated": "2025-07-20 08:40:01.478275+00:00", "RecordID": "736", "Level": "4", "UserID": "S-1-5-21-963789628-1060504924-4285088085-1001", "EventData.PackageId": "MaintenanceDiagnostic"}
{"EventID": "101", "Channel": "Microsoft-Windows-Diagnosis-Scripted/Operational", "Provider_Name": "Microsoft-Windows-Diagnosis-Scripted", "Computer": "DESKTOP-OFJ6N53", "TimeCreated": "2025-07-27 09:29:51.581171+00:00", "RecordID": "737", "Level": "4", "UserID": "S-1-5-21-963789628-1060504924-4285088085-1001", "EventData.PackagePath": "C:\\Windows\\diagnostics\\scheduled\\Maintenance"}
{"EventID": "102", "Channel": "Microsoft-Windows-Diagnosis-Scripted/Operational", "Provider_Name": "Microsoft-Windows-Diagnosis-Scripted", "Computer": "DESKTOP-OFJ6N53", "TimeCreated": "2025-07-27 09:29:51.905331+00:00", "RecordID": "738", "Level": "4", "UserID": "S-1-5-21-963789628-1060504924-4285088085-1001", "EventData.PackagePath": "C:\\Windows\\diagnostics\\scheduled\\Maintenance"}
{"EventID": "103", "Channel": "Microsoft-Windows-Diagnosis-Scripted/Operational", "Provider_Name": "Microsoft-Windows-Diagnosis-Scripted", "Computer": "DESKTOP-OFJ6N53", "TimeCreated": "2025-07-27 09:29:51.907280+00:00", "RecordID": "739", "Level": "4", "UserID": "S-1-5-21-963789628-1060504924-4285088085-1001", "EventData.PackageId": "MaintenanceDiagnostic"}
{"EventID": "104", "Channel": "Microsoft-Windows-Diagnosis-Scripted/Operational", "Provider_Name": "Microsoft-Windows-Diagnosis-Scripted", "Computer": "DESKTOP-OFJ6N53", "TimeCreated": "2025-07-27 09:29:56.070148+00:00", "RecordID": "740", "Level": "4", "UserID": "S-1-5-21-963789628-1060504924-4285088085-1001", "EventData.PackageId": "MaintenanceDiagnostic"}
{"EventID": "101", "Channel": "Microsoft-Windows-Diagnosis-Scripted/Operational", "Provider_Name": "Microsoft-Windows-Diagnosis-Scripted", "Computer": "DESKTOP-OFJ6N53", "TimeCreated": "2025-08-03 10:03:39.487976+00:00", "RecordID": "741", "Level": "4", "UserID": "S-1-5-21-963789628-1060504924-4285088085-1001", "EventData.PackagePath": "C:\\Windows\\diagnostics\\scheduled\\Maintenance"}
{"EventID": "102", "Channel": "Microsoft-Windows-Diagnosis-Scripted/Operational", "Provider_Name": "Microsoft-Windows-Diagnosis-Scripted", "Computer": "DESKTOP-OFJ6N53", "TimeCreated": "2025-08-03 10:03:39.829370+00:00", "RecordID": "742", "Level": "4", "UserID": "S-1-5-21-963789628-1060504924-4285088085-1001", "EventData.PackagePath": "C:\\Windows\\diagnostics\\scheduled\\Maintenance"}
{"EventID": "103", "Channel": "Microsoft-Windows-Diagnosis-Scripted/Operational", "Provider_Name": "Microsoft-Windows-Diagnosis-Scripted", "Computer": "DESKTOP-OFJ6N53", "TimeCreated": "2025-08-03 10:03:39.830894+00:00", "RecordID": "743", "Level": "4", "UserID": "S-1-5-21-963789628-1060504924-4285088085-1001", "EventData.PackageId": "MaintenanceDiagnostic"}
{"EventID": "104", "Channel": "Microsoft-Windows-Diagnosis-Scripted/Operational", "Provider_Name": "Microsoft-Windows-Diagnosis-Scripted", "Computer": "DESKTOP-OFJ6N53", "TimeCreated": "2025-08-03 10:03:45.176147+00:00", "RecordID": "744", "Level": "4", "UserID": "S-1-5-21-963789628-1060504924-4285088085-1001", "EventData.PackageId": "MaintenanceDiagnostic"}
{"EventID": "101", "Channel": "Microsoft-Windows-Diagnosis-Scripted/Operational", "Provider_Name": "Microsoft-Windows-Diagnosis-Scripted", "Computer": "DESKTOP-OFJ6N53", "TimeCreated": "2025-08-10 10:03:59.392117+00:00", "RecordID": "745", "Level": "4", "UserID": "S-1-5-21-963789628-1060504924-4285088085-1001", "EventData.PackagePath": "C:\\Windows\\diagnostics\\scheduled\\Maintenance"}
{"EventID": "102", "Channel": "Microsoft-Windows-Diagnosis-Scripted/Operational", "Provider_Name": "Microsoft-Windows-Diagnosis-Scripted", "Computer": "DESKTOP-OFJ6N53", "TimeCreated": "2025-08-10 10:04:00.412052+00:00", "RecordID": "746", "Level": "4", "UserID": "S-1-5-21-963789628-1060504924-4285088085-1001", "EventData.PackagePath": "C:\\Windows\\diagnostics\\scheduled\\Maintenance"}
{"EventID": "103", "Channel": "Microsoft-Windows-Diagnosis-Scripted/Operational", "Provider_Name": "Microsoft-Windows-Diagnosis-Scripted", "Computer": "DESKTOP-OFJ6N53", "TimeCreated": "2025-08-10 10:04:00.413599+00:00", "RecordID": "747", "Level": "4", "UserID": "S-1-5-21-963789628-1060504924-4285088085-1001", "EventData.PackageId": "MaintenanceDiagnostic"}
{"EventID": "104", "Channel": "Microsoft-Windows-Diagnosis-Scripted/Operational", "Provider_Name": "Microsoft-Windows-Diagnosis-Scripted", "Computer": "DESKTOP-OFJ6N53", "TimeCreated": "2025-08-10 10:04:29.768143+00:00", "RecordID": "748", "Level": "4", "UserID": "S-1-5-21-963789628-1060504924-4285088085-1001", "EventData.PackageId": "MaintenanceDiagnostic"}
{"EventID": "101", "Channel": "Microsoft-Windows-Diagnosis-Scripted/Operational", "Provider_Name": "Microsoft-Windows-Diagnosis-Scripted", "Computer": "DESKTOP-OFJ6N53", "TimeCreated": "2025-08-17 08:40:07.665743+00:00", "RecordID": "749", "Level": "4", "UserID": "S-1-5-21-963789628-1060504924-4285088085-1001", "EventData.PackagePath": "C:\\Windows\\diagnostics\\scheduled\\Maintenance"}
{"EventID": "102", "Channel": "Microsoft-Windows-Diagnosis-Scripted/Operational", "Provider_Name": "Microsoft-Windows-Diagnosis-Scripted", "Computer": "DESKTOP-OFJ6N53", "TimeCreated": "2025-08-17 08:40:08.389389+00:00", "RecordID": "750", "Level": "4", "UserID": "S-1-5-21-963789628-1060504924-4285088085-1001", "EventData.PackagePath": "C:\\Windows\\diagnostics\\scheduled\\Maintenance"}
{"EventID": "103", "Channel": "Microsoft-Windows-Diagnosis-Scripted/Operational", "Provider_Name": "Microsoft-Windows-Diagnosis-Scripted", "Computer": "DESKTOP-OFJ6N53", "TimeCreated": "2025-08-17 08:40:08.391369+00:00", "RecordID": "751", "Level": "4", "UserID": "S-1-5-21-963789628-1060504924-4285088085-1001", "EventData.PackageId": "MaintenanceDiagnostic"}
{"EventID": "104", "Channel": "Microsoft-Windows-Diagnosis-Scripted/Operational", "Provider_Name": "Microsoft-Windows-Diagnosis-Scripted", "Computer": "DESKTOP-OFJ6N53", "TimeCreated": "2025-08-17 08:40:13.794867+00:00", "RecordID": "752", "Level": "4", "UserID": "S-1-5-21-963789628-1060504924-4285088085-1001", "EventData.PackageId": "MaintenanceDiagnostic"}
{"EventID": "101", "Channel": "Microsoft-Windows-Diagnosis-Scripted/Operational", "Provider_Name": "Microsoft-Windows-Diagnosis-Scripted", "Computer": "DESKTOP-OFJ6N53", "TimeCreated": "2025-08-24 08:34:21.658043+00:00", "RecordID": "753", "Level": "4", "UserID": "S-1-5-21-963789628-1060504924-4285088085-1001", "EventData.PackagePath": "C:\\Windows\\diagnostics\\scheduled\\Maintenance"}
{"EventID": "102", "Channel": "Microsoft-Windows-Diagnosis-Scripted/Operational", "Provider_Name": "Microsoft-Windows-Diagnosis-Scripted", "Computer": "DESKTOP-OFJ6N53", "TimeCreated": "2025-08-24 08:34:22.594061+00:00", "RecordID": "754", "Level": "4", "UserID": "S-1-5-21-963789628-1060504924-4285088085-1001", "EventData.PackagePath": "C:\\Windows\\diagnostics\\scheduled\\Maintenance"}
{"EventID": "103", "Channel": "Microsoft-Windows-Diagnosis-Scripted/Operational", "Provider_Name": "Microsoft-Windows-Diagnosis-Scripted", "Computer": "DESKTOP-OFJ6N53", "TimeCreated": "2025-08-24 08:34:22.597355+00:00", "RecordID": "755", "Level": "4", "UserID": "S-1-5-21-963789628-1060504924-4285088085-1001", "EventData.PackageId": "MaintenanceDiagnostic"}
{"EventID": "104", "Channel": "Microsoft-Windows-Diagnosis-Scripted/Operational", "Provider_Name": "Microsoft-Windows-Diagnosis-Scripted", "Computer": "DESKTOP-OFJ6N53", "TimeCreated": "2025-08-24 08:34:30.964012+00:00", "RecordID": "756", "Level": "4", "UserID": "S-1-5-21-963789628-1060504924-4285088085-1001", "EventData.PackageId": "MaintenanceDiagnostic"}
