{"EventID": "812", "Channel": "Microsoft-Windows-Winlogon/Operational", "Provider_Name": "Microsoft-Windows-Winlogon", "Computer": "DESKTOP-OFJ6N53", "TimeCreated": "2025-08-19 06:35:38.403397+00:00", "RecordID": "34836", "Level": "4", "UserID": "S-1-5-21-963789628-1060504924-4285088085-1001", "EventData.Event": "5", "EventData.SubscriberName": "TermSrv"}
{"EventID": "811", "Channel": "Microsoft-Windows-Winlogon/Operational", "Provider_Name": "Microsoft-Windows-Winlogon", "Computer": "DESKTOP-OFJ6N53", "TimeCreated": "2025-08-19 06:43:18.672148+00:00", "RecordID": "34837", "Level": "4", "UserID": "S-1-5-21-963789628-1060504924-4285088085-1001", "EventData.Event": "4", "EventData.SubscriberName": "Sens"}
{"EventID": "812", "Channel": "Microsoft-Windows-Winlogon/Operational", "Provider_Name": "Microsoft-Windows-Winlogon", "Computer": "DESKTOP-OFJ6N53", "TimeCreated": "2025-08-19 06:43:18.729969+00:00", "RecordID": "34838", "Level": "4", "UserID": "S-1-5-21-963789628-1060504924-4285088085-1001", "EventData.Event": "4", "EventData.SubscriberName": "Sens"}
{"EventID": "811", "Channel": "Microsoft-Windows-Winlogon/Operational", "Provider_Name": "Microsoft-Windows-Winlogon", "Computer": "DESKTOP-OFJ6N53", "TimeCreated": "2025-08-19 06:43:18.730083+00:00", "RecordID": "34839", "Level": "4", "UserID": "S-1-5-21-963789628-1060504924-4285088085-1001", "EventData.Event": "4", "EventData.SubscriberName": "TermSrv"}
{"EventID": "812", "Channel": "Microsoft-Windows-Winlogon/Operational", "Provider_Name": "Microsoft-Windows-Winlogon", "Computer": "DESKTOP-OFJ6N53", "TimeCreated": "2025-08-19 06:43:18.730770+00:00", "RecordID": "34840", "Level": "4", "UserID": "S-1-5-21-963789628-1060504924-4285088085-1001", "EventData.Event": "4", "EventData.SubscriberName": "TermSrv"}
{"EventID": "811", "Channel": "Microsoft-Windows-Winlogon/Operational", "Provider_Name": "Microsoft-Windows-Winlogon", "Computer": "DESKTOP-OFJ6N53", "TimeCreated": "2025-08-19 06:43:18.756546+00:00", "RecordID": "34841", "Level": "4", "UserID": "S-1-5-21-963789628-1060504924-4285088085-1001", "EventData.Event": "8", "EventData.SubscriberName": "Sens"}
{"EventID": "812", "Channel": "Microsoft-Windows-Winlogon/Operational", "Provider_Name": "Microsoft-Windows-Winlogon", "Computer": "DESKTOP-OFJ6N53", "TimeCreated": "2025-08-19 06:43:18.845964+00:00", "RecordID": "34842", "Level": "4", "UserID": "S-1-5-21-963789628-1060504924-4285088085-1001", "EventData.Event": "8", "EventData.SubscriberName": "Sens"}
{"EventID": "811", "Channel": "Microsoft-Windows-Winlogon/Operational", "Provider_Name": "Microsoft-Windows-Winlogon", "Computer": "DESKTOP-OFJ6N53", "TimeCreated": "2025-08-19 06:43:18.850481+00:00", "RecordID": "34843", "Level": "4", "UserID": "S-1-5-21-963789628-1060504924-4285088085-1001", "EventData.Event": "8", "EventData.SubscriberName": "SessionEnv"}
{"EventID": "812", "Channel": "Microsoft-Windows-Winlogon/Operational", "Provider_Name": "Microsoft-Windows-Winlogon", "Computer": "DESKTOP-OFJ6N53", "TimeCreated": "2025-08-19 06:43:18.899931+00:00", "RecordID": "34844", "Level": "4", "UserID": "S-1-5-21-963789628-1060504924-4285088085-1001", "EventData.Event": "8", "EventData.SubscriberName": "SessionEnv"}
{"EventID": "811", "Channel": "Microsoft-Windows-Winlogon/Operational", "Provider_Name": "Microsoft-Windows-Winlogon", "Computer": "DESKTOP-OFJ6N53", "TimeCreated": "2025-08-19 07:06:51.067017+00:00", "RecordID": "34845", "Level": "4", "UserID": "S-1-5-21-963789628-1060504924-4285088085-1001", "EventData.Event": "9", "EventData.SubscriberName": "Sens"}
{"EventID": "812", "Channel": "Microsoft-Windows-Winlogon/Operational", "Provider_Name": "Microsoft-Windows-Winlogon", "Computer": "DESKTOP-OFJ6N53", "TimeCreated": "2025-08-19 07:06:51.087622+00:00", "RecordID": "34846", "Level": "4", "UserID": "S-1-5-21-963789628-1060504924-4285088085-1001", "EventData.Event": "9", "EventData.SubscriberName": "Sens"}
{"EventID": "811", "Channel": "Microsoft-Windows-Winlogon/Operational", "Provider_Name": "Microsoft-Windows-Winlogon", "Computer": "DESKTOP-OFJ6N53", "TimeCreated": "2025-08-19 07:06:51.091516+00:00", "RecordID": "34847", "Level": "4", "UserID": "S-1-5-21-963789628-1060504924-4285088085-1001", "EventData.Event": "9", "EventData.SubscriberName": "SessionEnv"}
{"EventID": "812", "Channel": "Microsoft-Windows-Winlogon/Operational", "Provider_Name": "Microsoft-Windows-Winlogon", "Computer": "DESKTOP-OFJ6N53", "TimeCreated": "2025-08-19 07:06:51.103609+00:00", "RecordID": "34848", "Level": "4", "UserID": "S-1-5-21-963789628-1060504924-4285088085-1001", "EventData.Event": "9", "EventData.SubscriberName": "SessionEnv"}
{"EventID": "811", "Channel": "Microsoft-Windows-Winlogon/Operational", "Provider_Name": "Microsoft-Windows-Winlogon", "Computer": "DESKTOP-OFJ6N53", "TimeCreated": "2025-08-19 07:06:53.252155+00:00", "RecordID": "34849", "Level": "4", "UserID": "S-1-5-21-963789628-1060504924-4285088085-1001", "EventData.Event": "5", "EventData.SubscriberName": "Sens"}
{"EventID": "812", "Channel": "Microsoft-Windows-Winlogon/Operational", "Provider_Name": "Microsoft-Windows-Winlogon", "Computer": "DESKTOP-OFJ6N53", "TimeCreated": "2025-08-19 07:06:53.369764+00:00", "RecordID": "34850", "Level": "4", "UserID": "S-1-5-21-963789628-1060504924-4285088085-1001", "EventData.Event": "5", "EventData.SubscriberName": "Sens"}
{"EventID": "811", "Channel": "Microsoft-Windows-Winlogon/Operational", "Provider_Name": "Microsoft-Windows-Winlogon", "Computer": "DESKTOP-OFJ6N53", "TimeCreated": "2025-08-19 07:06:53.369904+00:00", "RecordID": "34851", "Level": "4", "UserID": "S-1-5-21-963789628-1060504924-4285088085-1001", "EventData.Event": "5", "EventData.SubscriberName": "TermSrv"}
{"EventID": "812", "Channel": "Microsoft-Windows-Winlogon/Operational", "Provider_Name": "Microsoft-Windows-Winlogon", "Computer": "DESKTOP-OFJ6N53", "TimeCreated": "2025-08-19 07:06:53.480064+00:00", "RecordID": "34852", "Level": "4", "UserID": "S-1-5-21-963789628-1060504924-4285088085-1001", "EventData.Event": "5", "EventData.SubscriberName": "TermSrv"}
{"EventID": "811", "Channel": "Microsoft-Windows-Winlogon/Operational", "Provider_Name": "Microsoft-Windows-Winlogon", "Computer": "DESKTOP-OFJ6N53", "TimeCreated": "2025-08-19 07:17:58.421335+00:00", "RecordID": "34853", "Level": "4", "UserID": "S-1-5-21-963789628-1060504924-4285088085-1001", "EventData.Event": "13", "EventData.SubscriberName": "GPClient"}
{"EventID": "812", "Channel": "Microsoft-Windows-Winlogon/Operational", "Provider_Name": "Microsoft-Windows-Winlogon", "Computer": "DESKTOP-OFJ6N53", "TimeCreated": "2025-08-19 07:17:58.421404+00:00", "RecordID": "34854", "Level": "4", "UserID": "S-1-5-21-963789628-1060504924-4285088085-1001", "EventData.Event": "13", "EventData.SubscriberName": "GPClient"}
{"EventID": "811", "Channel": "Microsoft-Windows-Winlogon/Operational", "Provider_Name": "Microsoft-Windows-Winlogon", "Computer": "DESKTOP-OFJ6N53", "TimeCreated": "2025-08-19 07:17:58.422985+00:00", "RecordID": "34855", "Level": "4", "UserID": "S-1-5-21-963789628-1060504924-4285088085-1001", "EventData.Event": "13", "EventData.SubscriberName": "GPClient"}
{"EventID": "812", "Channel": "Microsoft-Windows-Winlogon/Operational", "Provider_Name": "Microsoft-Windows-Winlogon", "Computer": "DESKTOP-OFJ6N53", "TimeCreated": "2025-08-19 07:17:58.492662+00:00", "RecordID": "34856", "Level": "4", "UserID": "S-1-5-21-963789628-1060504924-4285088085-1001", "EventData.Event": "13", "EventData.SubscriberName": "GPClient"}
{"EventID": "811", "Channel": "Microsoft-Windows-Winlogon/Operational", "Provider_Name": "Microsoft-Windows-Winlogon", "Computer": "DESKTOP-OFJ6N53", "TimeCreated": "2025-08-19 07:17:58.492800+00:00", "RecordID": "34857", "Level": "4", "UserID": "S-1-5-21-963789628-1060504924-4285088085-1001", "EventData.Event": "13", "EventData.SubscriberName": "TermSrv"}
{"EventID": "812", "Channel": "Microsoft-Windows-Winlogon/Operational", "Provider_Name": "Microsoft-Windows-Winlogon", "Computer": "DESKTOP-OFJ6N53", "TimeCreated": "2025-08-19 07:17:58.493135+00:00", "RecordID": "34858", "Level": "4", "UserID": "S-1-5-21-963789628-1060504924-4285088085-1001", "EventData.Event": "13", "EventData.SubscriberName": "TermSrv"}
{"EventID": "811", "Channel": "Microsoft-Windows-Winlogon/Operational", "Provider_Name": "Microsoft-Windows-Winlogon", "Computer": "DESKTOP-OFJ6N53", "TimeCreated": "2025-08-19 07:17:58.549507+00:00", "RecordID": "34859", "Level": "4", "UserID": "S-1-5-21-963789628-1060504924-4285088085-1001", "EventData.Event": "3", "EventData.SubscriberName": "Sens"}
{"EventID": "812", "Channel": "Microsoft-Windows-Winlogon/Operational", "Provider_Name": "Microsoft-Windows-Winlogon", "Computer": "DESKTOP-OFJ6N53", "TimeCreated": "2025-08-19 07:17:58.569069+00:00", "RecordID": "34860", "Level": "4", "UserID": "S-1-5-21-963789628-1060504924-4285088085-1001", "EventData.Event": "3", "EventData.SubscriberName": "Sens"}
{"EventID": "811", "Channel": "Microsoft-Windows-Winlogon/Operational", "Provider_Name": "Microsoft-Windows-Winlogon", "Computer": "DESKTOP-OFJ6N53", "TimeCreated": "2025-08-19 07:17:58.571129+00:00", "RecordID": "34861", "Level": "4", "UserID": "S-1-5-21-963789628-1060504924-4285088085-1001", "EventData.Event": "3", "EventData.SubscriberName": "TermSrv"}
{"EventID": "812", "Channel": "Microsoft-Windows-Winlogon/Operational", "Provider_Name": "Microsoft-Windows-Winlogon", "Computer": "DESKTOP-OFJ6N53", "TimeCreated": "2025-08-19 07:17:58.607912+00:00", "RecordID": "34862", "Level": "4", "UserID": "S-1-5-21-963789628-1060504924-4285088085-1001", "EventData.Event": "3", "EventData.SubscriberName": "TermSrv"}
{"EventID": "811", "Channel": "Microsoft-Windows-Winlogon/Operational", "Provider_Name": "Microsoft-Windows-Winlogon", "Computer": "DESKTOP-OFJ6N53", "TimeCreated": "2025-08-19 07:17:58.608301+00:00", "RecordID": "34863", "Level": "4", "UserID": "S-1-5-21-963789628-1060504924-4285088085-1001", "EventData.Event": "3", "EventData.SubscriberName": "GPClient"}
{"EventID": "812", "Channel": "Microsoft-Windows-Winlogon/Operational", "Provider_Name": "Microsoft-Windows-Winlogon", "Computer": "DESKTOP-OFJ6N53", "TimeCreated": "2025-08-19 07:17:58.608797+00:00", "RecordID": "34864", "Level": "4", "UserID": "S-1-5-21-963789628-1060504924-4285088085-1001", "EventData.Event": "3", "EventData.SubscriberName": "GPClient"}
{"EventID": "811", "Channel": "Microsoft-Windows-Winlogon/Operational", "Provider_Name": "Microsoft-Windows-Winlogon", "Computer": "DESKTOP-OFJ6N53", "TimeCreated": "2025-08-19 07:17:58.608889+00:00", "RecordID": "34865", "Level": "4", "UserID": "S-1-5-21-963789628-1060504924-4285088085-1001", "EventData.Event": "3", "EventData.SubscriberName": "Profiles"}
{"EventID": "812", "Channel": "Microsoft-Windows-Winlogon/Operational", "Provider_Name": "Microsoft-Windows-Winlogon", "Computer": "DESKTOP-OFJ6N53", "TimeCreated": "2025-08-19 07:17:58.750387+00:00", "RecordID": "34866", "Level": "4", "UserID": "S-1-5-21-963789628-1060504924-4285088085-1001", "EventData.Event": "3", "EventData.SubscriberName": "Profiles"}
{"EventID": "811", "Channel": "Microsoft-Windows-Winlogon/Operational", "Provider_Name": "Microsoft-Windows-Winlogon", "Computer": "DESKTOP-OFJ6N53", "TimeCreated": "2025-08-19 07:17:58.750509+00:00", "RecordID": "34867", "Level": "4", "UserID": "S-1-5-21-963789628-1060504924-4285088085-1001", "EventData.Event": "3", "EventData.SubscriberName": "SessionEnv"}
{"EventID": "812", "Channel": "Microsoft-Windows-Winlogon/Operational", "Provider_Name": "Microsoft-Windows-Winlogon", "Computer": "DESKTOP-OFJ6N53", "TimeCreated": "2025-08-19 07:17:58.802238+00:00", "RecordID": "34868", "Level": "4", "UserID": "S-1-5-21-963789628-1060504924-4285088085-1001", "EventData.Event": "3", "EventData.SubscriberName": "SessionEnv"}
{"EventID": "811", "Channel": "Microsoft-Windows-Winlogon/Operational", "Provider_Name": "Microsoft-Windows-Winlogon", "Computer": "DESKTOP-OFJ6N53", "TimeCreated": "2025-08-19 07:17:58.975172+00:00", "RecordID": "34869", "Level": "4", "UserID": "S-1-5-18", "EventData.Event": "1", "EventData.SubscriberName": "TermSrv"}
{"EventID": "812", "Channel": "Microsoft-Windows-Winlogon/Operational", "Provider_Name": "Microsoft-Windows-Winlogon", "Computer": "DESKTOP-OFJ6N53", "TimeCreated": "2025-08-19 07:17:58.975899+00:00", "RecordID": "34870", "Level": "4", "UserID": "S-1-5-18", "EventData.Event": "1", "EventData.SubscriberName": "TermSrv"}
{"EventID": "811", "Channel": "Microsoft-Windows-Winlogon/Operational", "Provider_Name": "Microsoft-Windows-Winlogon", "Computer": "DESKTOP-OFJ6N53", "TimeCreated": "2025-08-19 07:17:59.176117+00:00", "RecordID": "34871", "Level": "4", "UserID": "S-1-5-18", "EventData.Event": "1", "EventData.SubscriberName": "TermSrv"}
{"EventID": "812", "Channel": "Microsoft-Windows-Winlogon/Operational", "Provider_Name": "Microsoft-Windows-Winlogon", "Computer": "DESKTOP-OFJ6N53", "TimeCreated": "2025-08-19 07:17:59.176903+00:00", "RecordID": "34872", "Level": "4", "UserID": "S-1-5-18", "EventData.Event": "1", "EventData.SubscriberName": "TermSrv"}
{"EventID": "811", "Channel": "Microsoft-Windows-Winlogon/Operational", "Provider_Name": "Microsoft-Windows-Winlogon", "Computer": "DESKTOP-OFJ6N53", "TimeCreated": "2025-08-19 07:18:53.359175+00:00", "RecordID": "34873", "Level": "4", "UserID": "S-1-5-18", "EventData.Event": "0", "EventData.SubscriberName": "GPClient"}
{"EventID": "812", "Channel": "Microsoft-Windows-Winlogon/Operational", "Provider_Name": "Microsoft-Windows-Winlogon", "Computer": "DESKTOP-OFJ6N53", "TimeCreated": "2025-08-19 07:18:53.359680+00:00", "RecordID": "34874", "Level": "4", "UserID": "S-1-5-18", "EventData.Event": "0", "EventData.SubscriberName": "GPClient"}
{"EventID": "811", "Channel": "Microsoft-Windows-Winlogon/Operational", "Provider_Name": "Microsoft-Windows-Winlogon", "Computer": "DESKTOP-OFJ6N53", "TimeCreated": "2025-08-19 07:18:53.360229+00:00", "RecordID": "34875", "Level": "4", "UserID": "S-1-5-18", "EventData.Event": "0", "EventData.SubscriberName": "TermSrv"}
{"EventID": "812", "Channel": "Microsoft-Windows-Winlogon/Operational", "Provider_Name": "Microsoft-Windows-Winlogon", "Computer": "DESKTOP-OFJ6N53", "TimeCreated": "2025-08-19 07:18:53.366144+00:00", "RecordID": "34876", "Level": "4", "UserID": "S-1-5-18", "EventData.Event": "0", "EventData.SubscriberName": "TermSrv"}
{"EventID": "1", "Channel": "Microsoft-Windows-Winlogon/Operational", "Provider_Name": "Microsoft-Windows-Winlogon", "Computer": "DESKTOP-OFJ6N53", "TimeCreated": "2025-08-19 07:18:53.943901+00:00", "RecordID": "34877", "Level": "4", "UserID": "S-1-5-18"}
{"EventID": "2", "Channel": "Microsoft-Windows-Winlogon/Operational", "Provider_Name": "Microsoft-Windows-Winlogon", "Computer": "DESKTOP-OFJ6N53", "TimeCreated": "2025-08-19 07:18:54.058163+00:00", "RecordID": "34878", "Level": "4", "UserID": "S-1-5-18", "EventData.Win32Status": "0"}
{"EventID": "811", "Channel": "Microsoft-Windows-Winlogon/Operational", "Provider_Name": "Microsoft-Windows-Winlogon", "Computer": "DESKTOP-OFJ6N53", "TimeCreated": "2025-08-19 07:18:54.104717+00:00", "RecordID": "34879", "Level": "4", "UserID": "S-1-5-21-963789628-1060504924-4285088085-1001", "EventData.Event": "2", "EventData.SubscriberName": "Profiles"}
{"EventID": "812", "Channel": "Microsoft-Windows-Winlogon/Operational", "Provider_Name": "Microsoft-Windows-Winlogon", "Computer": "DESKTOP-OFJ6N53", "TimeCreated": "2025-08-19 07:18:58.967478+00:00", "RecordID": "34880", "Level": "4", "UserID": "S-1-5-21-963789628-1060504924-4285088085-1001", "EventData.Event": "2", "EventData.SubscriberName": "Profiles"}
{"EventID": "811", "Channel": "Microsoft-Windows-Winlogon/Operational", "Provider_Name": "Microsoft-Windows-Winlogon", "Computer": "DESKTOP-OFJ6N53", "TimeCreated": "2025-08-19 07:18:58.968023+00:00", "RecordID": "34881", "Level": "4", "UserID": "S-1-5-21-963789628-1060504924-4285088085-1001", "EventData.Event": "2", "EventData.SubscriberName": "GPClient"}
{"EventID": "812", "Channel": "Microsoft-Windows-Winlogon/Operational", "Provider_Name": "Microsoft-Windows-Winlogon", "Computer": "DESKTOP-OFJ6N53", "TimeCreated": "2025-08-19 07:18:58.969902+00:00", "RecordID": "34882", "Level": "4", "UserID": "S-1-5-21-963789628-1060504924-4285088085-1001", "EventData.Event": "2", "EventData.SubscriberName": "GPClient"}
{"EventID": "811", "Channel": "Microsoft-Windows-Winlogon/Operational", "Provider_Name": "Microsoft-Windows-Winlogon", "Computer": "DESKTOP-OFJ6N53", "TimeCreated": "2025-08-19 07:18:58.970009+00:00", "RecordID": "34883", "Level": "4", "UserID": "S-1-5-21-963789628-1060504924-4285088085-1001", "EventData.Event": "2", "EventData.SubscriberName": "TermSrv"}
{"EventID": "812", "Channel": "Microsoft-Windows-Winlogon/Operational", "Provider_Name": "Microsoft-Windows-Winlogon", "Computer": "DESKTOP-OFJ6N53", "TimeCreated": "2025-08-19 07:19:11.156425+00:00", "RecordID": "34884", "Level": "4", "UserID": "S-1-5-21-963789628-1060504924-4285088085-1001", "EventData.Event": "2", "EventData.SubscriberName": "TermSrv"}
{"EventID": "811", "Channel": "Microsoft-Windows-Winlogon/Operational", "Provider_Name": "Microsoft-Windows-Winlogon", "Computer": "DESKTOP-OFJ6N53", "TimeCreated": "2025-08-19 07:19:11.189878+00:00", "RecordID": "34885", "Level": "4", "UserID": "S-1-5-21-963789628-1060504924-4285088085-1001", "EventData.Event": "2", "EventData.SubscriberName": "Sens"}
{"EventID": "812", "Channel": "Microsoft-Windows-Winlogon/Operational", "Provider_Name": "Microsoft-Windows-Winlogon", "Computer": "DESKTOP-OFJ6N53", "TimeCreated": "2025-08-19 07:19:11.192631+00:00", "RecordID": "34886", "Level": "4", "UserID": "S-1-5-21-963789628-1060504924-4285088085-1001", "EventData.Event": "2", "EventData.SubscriberName": "Sens"}
{"EventID": "811", "Channel": "Microsoft-Windows-Winlogon/Operational", "Provider_Name": "Microsoft-Windows-Winlogon", "Computer": "DESKTOP-OFJ6N53", "TimeCreated": "2025-08-19 07:19:11.335253+00:00", "RecordID": "34887", "Level": "4", "UserID": "S-1-5-21-963789628-1060504924-4285088085-1001", "EventData.Event": "12", "EventData.SubscriberName": "SessionEnv"}
{"EventID": "812", "Channel": "Microsoft-Windows-Winlogon/Operational", "Provider_Name": "Microsoft-Windows-Winlogon", "Computer": "DESKTOP-OFJ6N53", "TimeCreated": "2025-08-19 07:19:11.335461+00:00", "RecordID": "34888", "Level": "4", "UserID": "S-1-5-21-963789628-1060504924-4285088085-1001", "EventData.Event": "12", "EventData.SubscriberName": "SessionEnv"}
{"EventID": "811", "Channel": "Microsoft-Windows-Winlogon/Operational", "Provider_Name": "Microsoft-Windows-Winlogon", "Computer": "DESKTOP-OFJ6N53", "TimeCreated": "2025-08-19 07:19:11.335800+00:00", "RecordID": "34889", "Level": "4", "UserID": "S-1-5-21-963789628-1060504924-4285088085-1001", "EventData.Event": "12", "EventData.SubscriberName": "GPClient"}
{"EventID": "812", "Channel": "Microsoft-Windows-Winlogon/Operational", "Provider_Name": "Microsoft-Windows-Winlogon", "Computer": "DESKTOP-OFJ6N53", "TimeCreated": "2025-08-19 07:19:11.336071+00:00", "RecordID": "34890", "Level": "4", "UserID": "S-1-5-21-963789628-1060504924-4285088085-1001", "EventData.Event": "12", "EventData.SubscriberName": "GPClient"}
{"EventID": "811", "Channel": "Microsoft-Windows-Winlogon/Operational", "Provider_Name": "Microsoft-Windows-Winlogon", "Computer": "DESKTOP-OFJ6N53", "TimeCreated": "2025-08-19 07:19:11.336138+00:00", "RecordID": "34891", "Level": "4", "UserID": "S-1-5-21-963789628-1060504924-4285088085-1001", "EventData.Event": "12", "EventData.SubscriberName": "Sens"}
{"EventID": "812", "Channel": "Microsoft-Windows-Winlogon/Operational", "Provider_Name": "Microsoft-Windows-Winlogon", "Computer": "DESKTOP-OFJ6N53", "TimeCreated": "2025-08-19 07:19:11.429192+00:00", "RecordID": "34892", "Level": "4", "UserID": "S-1-5-21-963789628-1060504924-4285088085-1001", "EventData.Event": "12", "EventData.SubscriberName": "Sens"}
{"EventID": "811", "Channel": "Microsoft-Windows-Winlogon/Operational", "Provider_Name": "Microsoft-Windows-Winlogon", "Computer": "DESKTOP-OFJ6N53", "TimeCreated": "2025-08-19 07:19:11.429316+00:00", "RecordID": "34893", "Level": "4", "UserID": "S-1-5-21-963789628-1060504924-4285088085-1001", "EventData.Event": "12", "EventData.SubscriberName": "TermSrv"}
{"EventID": "812", "Channel": "Microsoft-Windows-Winlogon/Operational", "Provider_Name": "Microsoft-Windows-Winlogon", "Computer": "DESKTOP-OFJ6N53", "TimeCreated": "2025-08-19 07:19:11.451368+00:00", "RecordID": "34894", "Level": "4", "UserID": "S-1-5-21-963789628-1060504924-4285088085-1001", "EventData.Event": "12", "EventData.SubscriberName": "TermSrv"}
{"EventID": "811", "Channel": "Microsoft-Windows-Winlogon/Operational", "Provider_Name": "Microsoft-Windows-Winlogon", "Computer": "DESKTOP-OFJ6N53", "TimeCreated": "2025-08-19 07:19:14.851002+00:00", "RecordID": "34895", "Level": "4", "UserID": "S-1-5-21-963789628-1060504924-4285088085-1001", "EventData.Event": "4", "EventData.SubscriberName": "Sens"}
{"EventID": "812", "Channel": "Microsoft-Windows-Winlogon/Operational", "Provider_Name": "Microsoft-Windows-Winlogon", "Computer": "DESKTOP-OFJ6N53", "TimeCreated": "2025-08-19 07:19:14.963308+00:00", "RecordID": "34896", "Level": "4", "UserID": "S-1-5-21-963789628-1060504924-4285088085-1001", "EventData.Event": "4", "EventData.SubscriberName": "Sens"}
{"EventID": "811", "Channel": "Microsoft-Windows-Winlogon/Operational", "Provider_Name": "Microsoft-Windows-Winlogon", "Computer": "DESKTOP-OFJ6N53", "TimeCreated": "2025-08-19 07:19:14.963411+00:00", "RecordID": "34897", "Level": "4", "UserID": "S-1-5-21-963789628-1060504924-4285088085-1001", "EventData.Event": "4", "EventData.SubscriberName": "TermSrv"}
{"EventID": "812", "Channel": "Microsoft-Windows-Winlogon/Operational", "Provider_Name": "Microsoft-Windows-Winlogon", "Computer": "DESKTOP-OFJ6N53", "TimeCreated": "2025-08-19 07:19:15.020752+00:00", "RecordID": "34898", "Level": "4", "UserID": "S-1-5-21-963789628-1060504924-4285088085-1001", "EventData.Event": "4", "EventData.SubscriberName": "TermSrv"}
{"EventID": "811", "Channel": "Microsoft-Windows-Winlogon/Operational", "Provider_Name": "Microsoft-Windows-Winlogon", "Computer": "DESKTOP-OFJ6N53", "TimeCreated": "2025-08-19 07:20:00.059217+00:00", "RecordID": "34899", "Level": "4", "UserID": "S-1-5-18", "EventData.Event": "0", "EventData.SubscriberName": "GPClient"}
{"EventID": "812", "Channel": "Microsoft-Windows-Winlogon/Operational", "Provider_Name": "Microsoft-Windows-Winlogon", "Computer": "DESKTOP-OFJ6N53", "TimeCreated": "2025-08-19 07:20:00.059336+00:00", "RecordID": "34900", "Level": "4", "UserID": "S-1-5-18", "EventData.Event": "0", "EventData.SubscriberName": "GPClient"}
{"EventID": "811", "Channel": "Microsoft-Windows-Winlogon/Operational", "Provider_Name": "Microsoft-Windows-Winlogon", "Computer": "DESKTOP-OFJ6N53", "TimeCreated": "2025-08-19 07:20:00.059954+00:00", "RecordID": "34901", "Level": "4", "UserID": "S-1-5-18", "EventData.Event": "0", "EventData.SubscriberName": "TermSrv"}
{"EventID": "812", "Channel": "Microsoft-Windows-Winlogon/Operational", "Provider_Name": "Microsoft-Windows-Winlogon", "Computer": "DESKTOP-OFJ6N53", "TimeCreated": "2025-08-19 07:20:00.142183+00:00", "RecordID": "34902", "Level": "4", "UserID": "S-1-5-18", "EventData.Event": "0", "EventData.SubscriberName": "TermSrv"}
{"EventID": "811", "Channel": "Microsoft-Windows-Winlogon/Operational", "Provider_Name": "Microsoft-Windows-Winlogon", "Computer": "DESKTOP-OFJ6N53", "TimeCreated": "2025-08-19 07:20:04.474709+00:00", "RecordID": "34903", "Level": "4", "UserID": "S-1-5-21-963789628-1060504924-4285088085-1001", "EventData.Event": "8", "EventData.SubscriberName": "Sens"}
{"EventID": "812", "Channel": "Microsoft-Windows-Winlogon/Operational", "Provider_Name": "Microsoft-Windows-Winlogon", "Computer": "DESKTOP-OFJ6N53", "TimeCreated": "2025-08-19 07:20:04.494410+00:00", "RecordID": "34904", "Level": "4", "UserID": "S-1-5-21-963789628-1060504924-4285088085-1001", "EventData.Event": "8", "EventData.SubscriberName": "Sens"}
{"EventID": "811", "Channel": "Microsoft-Windows-Winlogon/Operational", "Provider_Name": "Microsoft-Windows-Winlogon", "Computer": "DESKTOP-OFJ6N53", "TimeCreated": "2025-08-19 07:20:04.494490+00:00", "RecordID": "34905", "Level": "4", "UserID": "S-1-5-21-963789628-1060504924-4285088085-1001", "EventData.Event": "8", "EventData.SubscriberName": "SessionEnv"}
{"EventID": "812", "Channel": "Microsoft-Windows-Winlogon/Operational", "Provider_Name": "Microsoft-Windows-Winlogon", "Computer": "DESKTOP-OFJ6N53", "TimeCreated": "2025-08-19 07:20:04.498207+00:00", "RecordID": "34906", "Level": "4", "UserID": "S-1-5-21-963789628-1060504924-4285088085-1001", "EventData.Event": "8", "EventData.SubscriberName": "SessionEnv"}
{"EventID": "811", "Channel": "Microsoft-Windows-Winlogon/Operational", "Provider_Name": "Microsoft-Windows-Winlogon", "Computer": "DESKTOP-OFJ6N53", "TimeCreated": "2025-08-19 07:20:05.088554+00:00", "RecordID": "34907", "Level": "4", "UserID": "S-1-5-21-963789628-1060504924-4285088085-1001", "EventData.Event": "9", "EventData.SubscriberName": "Sens"}
{"EventID": "812", "Channel": "Microsoft-Windows-Winlogon/Operational", "Provider_Name": "Microsoft-Windows-Winlogon", "Computer": "DESKTOP-OFJ6N53", "TimeCreated": "2025-08-19 07:20:05.120449+00:00", "RecordID": "34908", "Level": "4", "UserID": "S-1-5-21-963789628-1060504924-4285088085-1001", "EventData.Event": "9", "EventData.SubscriberName": "Sens"}
{"EventID": "811", "Channel": "Microsoft-Windows-Winlogon/Operational", "Provider_Name": "Microsoft-Windows-Winlogon", "Computer": "DESKTOP-OFJ6N53", "TimeCreated": "2025-08-19 07:20:05.120621+00:00", "RecordID": "34909", "Level": "4", "UserID": "S-1-5-21-963789628-1060504924-4285088085-1001", "EventData.Event": "9", "EventData.SubscriberName": "SessionEnv"}
{"EventID": "812", "Channel": "Microsoft-Windows-Winlogon/Operational", "Provider_Name": "Microsoft-Windows-Winlogon", "Computer": "DESKTOP-OFJ6N53", "TimeCreated": "2025-08-19 07:20:05.120806+00:00", "RecordID": "34910", "Level": "4", "UserID": "S-1-5-21-963789628-1060504924-4285088085-1001", "EventData.Event": "9", "EventData.SubscriberName": "SessionEnv"}
{"EventID": "811", "Channel": "Microsoft-Windows-Winlogon/Operational", "Provider_Name": "Microsoft-Windows-Winlogon", "Computer": "DESKTOP-OFJ6N53", "TimeCreated": "2025-08-19 07:20:06.144884+00:00", "RecordID": "34911", "Level": "4", "UserID": "S-1-5-21-963789628-1060504924-4285088085-1001", "EventData.Event": "5", "EventData.SubscriberName": "Sens"}
{"EventID": "812", "Channel": "Microsoft-Windows-Winlogon/Operational", "Provider_Name": "Microsoft-Windows-Winlogon", "Computer": "DESKTOP-OFJ6N53", "TimeCreated": "2025-08-19 07:20:06.282890+00:00", "RecordID": "34912", "Level": "4", "UserID": "S-1-5-21-963789628-1060504924-4285088085-1001", "EventData.Event": "5", "EventData.SubscriberName": "Sens"}
{"EventID": "811", "Channel": "Microsoft-Windows-Winlogon/Operational", "Provider_Name": "Microsoft-Windows-Winlogon", "Computer": "DESKTOP-OFJ6N53", "TimeCreated": "2025-08-19 07:20:06.283007+00:00", "RecordID": "34913", "Level": "4", "UserID": "S-1-5-21-963789628-1060504924-4285088085-1001", "EventData.Event": "5", "EventData.SubscriberName": "TermSrv"}
{"EventID": "812", "Channel": "Microsoft-Windows-Winlogon/Operational", "Provider_Name": "Microsoft-Windows-Winlogon", "Computer": "DESKTOP-OFJ6N53", "TimeCreated": "2025-08-19 07:20:06.322763+00:00", "RecordID": "34914", "Level": "4", "UserID": "S-1-5-21-963789628-1060504924-4285088085-1001", "EventData.Event": "5", "EventData.SubscriberName": "TermSrv"}
{"EventID": "811", "Channel": "Microsoft-Windows-Winlogon/Operational", "Provider_Name": "Microsoft-Windows-Winlogon", "Computer": "DESKTOP-OFJ6N53", "TimeCreated": "2025-08-19 07:43:14.948986+00:00", "RecordID": "34915", "Level": "4", "UserID": "S-1-5-21-963789628-1060504924-4285088085-1001", "EventData.Event": "13", "EventData.SubscriberName": "GPClient"}
{"EventID": "812", "Channel": "Microsoft-Windows-Winlogon/Operational", "Provider_Name": "Microsoft-Windows-Winlogon", "Computer": "DESKTOP-OFJ6N53", "TimeCreated": "2025-08-19 07:43:14.949041+00:00", "RecordID": "34916", "Level": "4", "UserID": "S-1-5-21-963789628-1060504924-4285088085-1001", "EventData.Event": "13", "EventData.SubscriberName": "GPClient"}
{"EventID": "811", "Channel": "Microsoft-Windows-Winlogon/Operational", "Provider_Name": "Microsoft-Windows-Winlogon", "Computer": "DESKTOP-OFJ6N53", "TimeCreated": "2025-08-19 07:43:14.950533+00:00", "RecordID": "34917", "Level": "4", "UserID": "S-1-5-21-963789628-1060504924-4285088085-1001", "EventData.Event": "13", "EventData.SubscriberName": "GPClient"}
{"EventID": "812", "Channel": "Microsoft-Windows-Winlogon/Operational", "Provider_Name": "Microsoft-Windows-Winlogon", "Computer": "DESKTOP-OFJ6N53", "TimeCreated": "2025-08-19 07:43:14.954481+00:00", "RecordID": "34918", "Level": "4", "UserID": "S-1-5-21-963789628-1060504924-4285088085-1001", "EventData.Event": "13", "EventData.SubscriberName": "GPClient"}
{"EventID": "811", "Channel": "Microsoft-Windows-Winlogon/Operational", "Provider_Name": "Microsoft-Windows-Winlogon", "Computer": "DESKTOP-OFJ6N53", "TimeCreated": "2025-08-19 07:43:14.954588+00:00", "RecordID": "34919", "Level": "4", "UserID": "S-1-5-21-963789628-1060504924-4285088085-1001", "EventData.Event": "13", "EventData.SubscriberName": "TermSrv"}
{"EventID": "812", "Channel": "Microsoft-Windows-Winlogon/Operational", "Provider_Name": "Microsoft-Windows-Winlogon", "Computer": "DESKTOP-OFJ6N53", "TimeCreated": "2025-08-19 07:43:14.955128+00:00", "RecordID": "34920", "Level": "4", "UserID": "S-1-5-21-963789628-1060504924-4285088085-1001", "EventData.Event": "13", "EventData.SubscriberName": "TermSrv"}
{"EventID": "811", "Channel": "Microsoft-Windows-Winlogon/Operational", "Provider_Name": "Microsoft-Windows-Winlogon", "Computer": "DESKTOP-OFJ6N53", "TimeCreated": "2025-08-19 07:43:15.012980+00:00", "RecordID": "34921", "Level": "4", "UserID": "S-1-5-21-963789628-1060504924-4285088085-1001", "EventData.Event": "3", "EventData.SubscriberName": "Sens"}
{"EventID": "812", "Channel": "Microsoft-Windows-Winlogon/Operational", "Provider_Name": "Microsoft-Windows-Winlogon", "Computer": "DESKTOP-OFJ6N53", "TimeCreated": "2025-08-19 07:43:15.035759+00:00", "RecordID": "34922", "Level": "4", "UserID": "S-1-5-21-963789628-1060504924-4285088085-1001", "EventData.Event": "3", "EventData.SubscriberName": "Sens"}
{"EventID": "811", "Channel": "Microsoft-Windows-Winlogon/Operational", "Provider_Name": "Microsoft-Windows-Winlogon", "Computer": "DESKTOP-OFJ6N53", "TimeCreated": "2025-08-19 07:43:15.038338+00:00", "RecordID": "34923", "Level": "4", "UserID": "S-1-5-21-963789628-1060504924-4285088085-1001", "EventData.Event": "3", "EventData.SubscriberName": "TermSrv"}
{"EventID": "812", "Channel": "Microsoft-Windows-Winlogon/Operational", "Provider_Name": "Microsoft-Windows-Winlogon", "Computer": "DESKTOP-OFJ6N53", "TimeCreated": "2025-08-19 07:43:15.039589+00:00", "RecordID": "34924", "Level": "4", "UserID": "S-1-5-21-963789628-1060504924-4285088085-1001", "EventData.Event": "3", "EventData.SubscriberName": "TermSrv"}
{"EventID": "811", "Channel": "Microsoft-Windows-Winlogon/Operational", "Provider_Name": "Microsoft-Windows-Winlogon", "Computer": "DESKTOP-OFJ6N53", "TimeCreated": "2025-08-19 07:43:15.040115+00:00", "RecordID": "34925", "Level": "4", "UserID": "S-1-5-21-963789628-1060504924-4285088085-1001", "EventData.Event": "3", "EventData.SubscriberName": "GPClient"}
{"EventID": "812", "Channel": "Microsoft-Windows-Winlogon/Operational", "Provider_Name": "Microsoft-Windows-Winlogon", "Computer": "DESKTOP-OFJ6N53", "TimeCreated": "2025-08-19 07:43:15.040442+00:00", "RecordID": "34926", "Level": "4", "UserID": "S-1-5-21-963789628-1060504924-4285088085-1001", "EventData.Event": "3", "EventData.SubscriberName": "GPClient"}
{"EventID": "811", "Channel": "Microsoft-Windows-Winlogon/Operational", "Provider_Name": "Microsoft-Windows-Winlogon", "Computer": "DESKTOP-OFJ6N53", "TimeCreated": "2025-08-19 07:43:15.041271+00:00", "RecordID": "34927", "Level": "4", "UserID": "S-1-5-21-963789628-1060504924-4285088085-1001", "EventData.Event": "3", "EventData.SubscriberName": "Profiles"}
{"EventID": "812", "Channel": "Microsoft-Windows-Winlogon/Operational", "Provider_Name": "Microsoft-Windows-Winlogon", "Computer": "DESKTOP-OFJ6N53", "TimeCreated": "2025-08-19 07:43:15.260269+00:00", "RecordID": "34928", "Level": "4", "UserID": "S-1-5-21-963789628-1060504924-4285088085-1001", "EventData.Event": "3", "EventData.SubscriberName": "Profiles"}
{"EventID": "811", "Channel": "Microsoft-Windows-Winlogon/Operational", "Provider_Name": "Microsoft-Windows-Winlogon", "Computer": "DESKTOP-OFJ6N53", "TimeCreated": "2025-08-19 07:43:15.260405+00:00", "RecordID": "34929", "Level": "4", "UserID": "S-1-5-21-963789628-1060504924-4285088085-1001", "EventData.Event": "3", "EventData.SubscriberName": "SessionEnv"}
{"EventID": "812", "Channel": "Microsoft-Windows-Winlogon/Operational", "Provider_Name": "Microsoft-Windows-Winlogon", "Computer": "DESKTOP-OFJ6N53", "TimeCreated": "2025-08-19 07:43:15.262293+00:00", "RecordID": "34930", "Level": "4", "UserID": "S-1-5-21-963789628-1060504924-4285088085-1001", "EventData.Event": "3", "EventData.SubscriberName": "SessionEnv"}
{"EventID": "811", "Channel": "Microsoft-Windows-Winlogon/Operational", "Provider_Name": "Microsoft-Windows-Winlogon", "Computer": "DESKTOP-OFJ6N53", "TimeCreated": "2025-08-19 07:43:15.297354+00:00", "RecordID": "34931", "Level": "4", "UserID": "S-1-5-18", "EventData.Event": "1", "EventData.SubscriberName": "TermSrv"}
{"EventID": "812", "Channel": "Microsoft-Windows-Winlogon/Operational", "Provider_Name": "Microsoft-Windows-Winlogon", "Computer": "DESKTOP-OFJ6N53", "TimeCreated": "2025-08-19 07:43:15.298227+00:00", "RecordID": "34932", "Level": "4", "UserID": "S-1-5-18", "EventData.Event": "1", "EventData.SubscriberName": "TermSrv"}
{"EventID": "811", "Channel": "Microsoft-Windows-Winlogon/Operational", "Provider_Name": "Microsoft-Windows-Winlogon", "Computer": "DESKTOP-OFJ6N53", "TimeCreated": "2025-08-19 07:43:15.699833+00:00", "RecordID": "34933", "Level": "4", "UserID": "S-1-5-18", "EventData.Event": "1", "EventData.SubscriberName": "TermSrv"}
{"EventID": "812", "Channel": "Microsoft-Windows-Winlogon/Operational", "Provider_Name": "Microsoft-Windows-Winlogon", "Computer": "DESKTOP-OFJ6N53", "TimeCreated": "2025-08-19 07:43:15.702112+00:00", "RecordID": "34934", "Level": "4", "UserID": "S-1-5-18", "EventData.Event": "1", "EventData.SubscriberName": "TermSrv"}
{"EventID": "811", "Channel": "Microsoft-Windows-Winlogon/Operational", "Provider_Name": "Microsoft-Windows-Winlogon", "Computer": "DESKTOP-OFJ6N53", "TimeCreated": "2025-08-19 07:44:20.268766+00:00", "RecordID": "34935", "Level": "4", "UserID": "S-1-5-18", "EventData.Event": "0", "EventData.SubscriberName": "GPClient"}
{"EventID": "812", "Channel": "Microsoft-Windows-Winlogon/Operational", "Provider_Name": "Microsoft-Windows-Winlogon", "Computer": "DESKTOP-OFJ6N53", "TimeCreated": "2025-08-19 07:44:20.269228+00:00", "RecordID": "34936", "Level": "4", "UserID": "S-1-5-18", "EventData.Event": "0", "EventData.SubscriberName": "GPClient"}
{"EventID": "811", "Channel": "Microsoft-Windows-Winlogon/Operational", "Provider_Name": "Microsoft-Windows-Winlogon", "Computer": "DESKTOP-OFJ6N53", "TimeCreated": "2025-08-19 07:44:20.270069+00:00", "RecordID": "34937", "Level": "4", "UserID": "S-1-5-18", "EventData.Event": "0", "EventData.SubscriberName": "TermSrv"}
{"EventID": "812", "Channel": "Microsoft-Windows-Winlogon/Operational", "Provider_Name": "Microsoft-Windows-Winlogon", "Computer": "DESKTOP-OFJ6N53", "TimeCreated": "2025-08-19 07:44:20.278721+00:00", "RecordID": "34938", "Level": "4", "UserID": "S-1-5-18", "EventData.Event": "0", "EventData.SubscriberName": "TermSrv"}
{"EventID": "1", "Channel": "Microsoft-Windows-Winlogon/Operational", "Provider_Name": "Microsoft-Windows-Winlogon", "Computer": "DESKTOP-OFJ6N53", "TimeCreated": "2025-08-19 07:44:21.168095+00:00", "RecordID": "34939", "Level": "4", "UserID": "S-1-5-18"}
{"EventID": "2", "Channel": "Microsoft-Windows-Winlogon/Operational", "Provider_Name": "Microsoft-Windows-Winlogon", "Computer": "DESKTOP-OFJ6N53", "TimeCreated": "2025-08-19 07:44:21.315830+00:00", "RecordID": "34940", "Level": "4", "UserID": "S-1-5-18", "EventData.Win32Status": "0"}
{"EventID": "811", "Channel": "Microsoft-Windows-Winlogon/Operational", "Provider_Name": "Microsoft-Windows-Winlogon", "Computer": "DESKTOP-OFJ6N53", "TimeCreated": "2025-08-19 07:44:21.426991+00:00", "RecordID": "34941", "Level": "4", "UserID": "S-1-5-21-963789628-1060504924-4285088085-1001", "EventData.Event": "2", "EventData.SubscriberName": "Profiles"}
{"EventID": "812", "Channel": "Microsoft-Windows-Winlogon/Operational", "Provider_Name": "Microsoft-Windows-Winlogon", "Computer": "DESKTOP-OFJ6N53", "TimeCreated": "2025-08-19 07:44:26.151264+00:00", "RecordID": "34942", "Level": "4", "UserID": "S-1-5-21-963789628-1060504924-4285088085-1001", "EventData.Event": "2", "EventData.SubscriberName": "Profiles"}
{"EventID": "811", "Channel": "Microsoft-Windows-Winlogon/Operational", "Provider_Name": "Microsoft-Windows-Winlogon", "Computer": "DESKTOP-OFJ6N53", "TimeCreated": "2025-08-19 07:44:26.151548+00:00", "RecordID": "34943", "Level": "4", "UserID": "S-1-5-21-963789628-1060504924-4285088085-1001", "EventData.Event": "2", "EventData.SubscriberName": "GPClient"}
{"EventID": "812", "Channel": "Microsoft-Windows-Winlogon/Operational", "Provider_Name": "Microsoft-Windows-Winlogon", "Computer": "DESKTOP-OFJ6N53", "TimeCreated": "2025-08-19 07:44:26.281654+00:00", "RecordID": "34944", "Level": "4", "UserID": "S-1-5-21-963789628-1060504924-4285088085-1001", "EventData.Event": "2", "EventData.SubscriberName": "GPClient"}
{"EventID": "811", "Channel": "Microsoft-Windows-Winlogon/Operational", "Provider_Name": "Microsoft-Windows-Winlogon", "Computer": "DESKTOP-OFJ6N53", "TimeCreated": "2025-08-19 07:44:26.281761+00:00", "RecordID": "34945", "Level": "4", "UserID": "S-1-5-21-963789628-1060504924-4285088085-1001", "EventData.Event": "2", "EventData.SubscriberName": "TermSrv"}
{"EventID": "812", "Channel": "Microsoft-Windows-Winlogon/Operational", "Provider_Name": "Microsoft-Windows-Winlogon", "Computer": "DESKTOP-OFJ6N53", "TimeCreated": "2025-08-19 07:44:39.321314+00:00", "RecordID": "34946", "Level": "4", "UserID": "S-1-5-21-963789628-1060504924-4285088085-1001", "EventData.Event": "2", "EventData.SubscriberName": "TermSrv"}
{"EventID": "811", "Channel": "Microsoft-Windows-Winlogon/Operational", "Provider_Name": "Microsoft-Windows-Winlogon", "Computer": "DESKTOP-OFJ6N53", "TimeCreated": "2025-08-19 07:44:39.322412+00:00", "RecordID": "34947", "Level": "4", "UserID": "S-1-5-21-963789628-1060504924-4285088085-1001", "EventData.Event": "2", "EventData.SubscriberName": "Sens"}
{"EventID": "812", "Channel": "Microsoft-Windows-Winlogon/Operational", "Provider_Name": "Microsoft-Windows-Winlogon", "Computer": "DESKTOP-OFJ6N53", "TimeCreated": "2025-08-19 07:44:39.330200+00:00", "RecordID": "34948", "Level": "4", "UserID": "S-1-5-21-963789628-1060504924-4285088085-1001", "EventData.Event": "2", "EventData.SubscriberName": "Sens"}
{"EventID": "811", "Channel": "Microsoft-Windows-Winlogon/Operational", "Provider_Name": "Microsoft-Windows-Winlogon", "Computer": "DESKTOP-OFJ6N53", "TimeCreated": "2025-08-19 07:44:39.427645+00:00", "RecordID": "34949", "Level": "4", "UserID": "S-1-5-21-963789628-1060504924-4285088085-1001", "EventData.Event": "12", "EventData.SubscriberName": "SessionEnv"}
{"EventID": "812", "Channel": "Microsoft-Windows-Winlogon/Operational", "Provider_Name": "Microsoft-Windows-Winlogon", "Computer": "DESKTOP-OFJ6N53", "TimeCreated": "2025-08-19 07:44:39.427818+00:00", "RecordID": "34950", "Level": "4", "UserID": "S-1-5-21-963789628-1060504924-4285088085-1001", "EventData.Event": "12", "EventData.SubscriberName": "SessionEnv"}
{"EventID": "811", "Channel": "Microsoft-Windows-Winlogon/Operational", "Provider_Name": "Microsoft-Windows-Winlogon", "Computer": "DESKTOP-OFJ6N53", "TimeCreated": "2025-08-19 07:44:39.604771+00:00", "RecordID": "34951", "Level": "4", "UserID": "S-1-5-21-963789628-1060504924-4285088085-1001", "EventData.Event": "12", "EventData.SubscriberName": "GPClient"}
{"EventID": "812", "Channel": "Microsoft-Windows-Winlogon/Operational", "Provider_Name": "Microsoft-Windows-Winlogon", "Computer": "DESKTOP-OFJ6N53", "TimeCreated": "2025-08-19 07:44:39.605099+00:00", "RecordID": "34952", "Level": "4", "UserID": "S-1-5-21-963789628-1060504924-4285088085-1001", "EventData.Event": "12", "EventData.SubscriberName": "GPClient"}
{"EventID": "811", "Channel": "Microsoft-Windows-Winlogon/Operational", "Provider_Name": "Microsoft-Windows-Winlogon", "Computer": "DESKTOP-OFJ6N53", "TimeCreated": "2025-08-19 07:44:39.605165+00:00", "RecordID": "34953", "Level": "4", "UserID": "S-1-5-21-963789628-1060504924-4285088085-1001", "EventData.Event": "12", "EventData.SubscriberName": "Sens"}
{"EventID": "812", "Channel": "Microsoft-Windows-Winlogon/Operational", "Provider_Name": "Microsoft-Windows-Winlogon", "Computer": "DESKTOP-OFJ6N53", "TimeCreated": "2025-08-19 07:44:39.639925+00:00", "RecordID": "34954", "Level": "4", "UserID": "S-1-5-21-963789628-1060504924-4285088085-1001", "EventData.Event": "12", "EventData.SubscriberName": "Sens"}
{"EventID": "811", "Channel": "Microsoft-Windows-Winlogon/Operational", "Provider_Name": "Microsoft-Windows-Winlogon", "Computer": "DESKTOP-OFJ6N53", "TimeCreated": "2025-08-19 07:44:39.640408+00:00", "RecordID": "34955", "Level": "4", "UserID": "S-1-5-21-963789628-1060504924-4285088085-1001", "EventData.Event": "12", "EventData.SubscriberName": "TermSrv"}
{"EventID": "812", "Channel": "Microsoft-Windows-Winlogon/Operational", "Provider_Name": "Microsoft-Windows-Winlogon", "Computer": "DESKTOP-OFJ6N53", "TimeCreated": "2025-08-19 07:44:39.698706+00:00", "RecordID": "34956", "Level": "4", "UserID": "S-1-5-21-963789628-1060504924-4285088085-1001", "EventData.Event": "12", "EventData.SubscriberName": "TermSrv"}
{"EventID": "811", "Channel": "Microsoft-Windows-Winlogon/Operational", "Provider_Name": "Microsoft-Windows-Winlogon", "Computer": "DESKTOP-OFJ6N53", "TimeCreated": "2025-08-19 07:44:42.284657+00:00", "RecordID": "34957", "Level": "4", "UserID": "S-1-5-21-963789628-1060504924-4285088085-1001", "EventData.Event": "4", "EventData.SubscriberName": "Sens"}
{"EventID": "812", "Channel": "Microsoft-Windows-Winlogon/Operational", "Provider_Name": "Microsoft-Windows-Winlogon", "Computer": "DESKTOP-OFJ6N53", "TimeCreated": "2025-08-19 07:44:42.285549+00:00", "RecordID": "34958", "Level": "4", "UserID": "S-1-5-21-963789628-1060504924-4285088085-1001", "EventData.Event": "4", "EventData.SubscriberName": "Sens"}
{"EventID": "811", "Channel": "Microsoft-Windows-Winlogon/Operational", "Provider_Name": "Microsoft-Windows-Winlogon", "Computer": "DESKTOP-OFJ6N53", "TimeCreated": "2025-08-19 07:44:42.285650+00:00", "RecordID": "34959", "Level": "4", "UserID": "S-1-5-21-963789628-1060504924-4285088085-1001", "EventData.Event": "4", "EventData.SubscriberName": "TermSrv"}
{"EventID": "812", "Channel": "Microsoft-Windows-Winlogon/Operational", "Provider_Name": "Microsoft-Windows-Winlogon", "Computer": "DESKTOP-OFJ6N53", "TimeCreated": "2025-08-19 07:44:42.312149+00:00", "RecordID": "34960", "Level": "4", "UserID": "S-1-5-21-963789628-1060504924-4285088085-1001", "EventData.Event": "4", "EventData.SubscriberName": "TermSrv"}
{"EventID": "811", "Channel": "Microsoft-Windows-Winlogon/Operational", "Provider_Name": "Microsoft-Windows-Winlogon", "Computer": "DESKTOP-OFJ6N53", "TimeCreated": "2025-08-19 07:45:51.415314+00:00", "RecordID": "34961", "Level": "4", "UserID": "S-1-5-21-963789628-1060504924-4285088085-1001", "EventData.Event": "8", "EventData.SubscriberName": "Sens"}
{"EventID": "812", "Channel": "Microsoft-Windows-Winlogon/Operational", "Provider_Name": "Microsoft-Windows-Winlogon", "Computer": "DESKTOP-OFJ6N53", "TimeCreated": "2025-08-19 07:45:51.612103+00:00", "RecordID": "34962", "Level": "4", "UserID": "S-1-5-21-963789628-1060504924-4285088085-1001", "EventData.Event": "8", "EventData.SubscriberName": "Sens"}
{"EventID": "811", "Channel": "Microsoft-Windows-Winlogon/Operational", "Provider_Name": "Microsoft-Windows-Winlogon", "Computer": "DESKTOP-OFJ6N53", "TimeCreated": "2025-08-19 07:45:51.637003+00:00", "RecordID": "34963", "Level": "4", "UserID": "S-1-5-21-963789628-1060504924-4285088085-1001", "EventData.Event": "8", "EventData.SubscriberName": "SessionEnv"}
{"EventID": "812", "Channel": "Microsoft-Windows-Winlogon/Operational", "Provider_Name": "Microsoft-Windows-Winlogon", "Computer": "DESKTOP-OFJ6N53", "TimeCreated": "2025-08-19 07:45:51.639736+00:00", "RecordID": "34964", "Level": "4", "UserID": "S-1-5-21-963789628-1060504924-4285088085-1001", "EventData.Event": "8", "EventData.SubscriberName": "SessionEnv"}
{"EventID": "811", "Channel": "Microsoft-Windows-Winlogon/Operational", "Provider_Name": "Microsoft-Windows-Winlogon", "Computer": "DESKTOP-OFJ6N53", "TimeCreated": "2025-08-19 07:45:52.557610+00:00", "RecordID": "34965", "Level": "4", "UserID": "S-1-5-18", "EventData.Event": "0", "EventData.SubscriberName": "GPClient"}
{"EventID": "812", "Channel": "Microsoft-Windows-Winlogon/Operational", "Provider_Name": "Microsoft-Windows-Winlogon", "Computer": "DESKTOP-OFJ6N53", "TimeCreated": "2025-08-19 07:45:52.557739+00:00", "RecordID": "34966", "Level": "4", "UserID": "S-1-5-18", "EventData.Event": "0", "EventData.SubscriberName": "GPClient"}
{"EventID": "811", "Channel": "Microsoft-Windows-Winlogon/Operational", "Provider_Name": "Microsoft-Windows-Winlogon", "Computer": "DESKTOP-OFJ6N53", "TimeCreated": "2025-08-19 07:45:52.558405+00:00", "RecordID": "34967", "Level": "4", "UserID": "S-1-5-18", "EventData.Event": "0", "EventData.SubscriberName": "TermSrv"}
{"EventID": "812", "Channel": "Microsoft-Windows-Winlogon/Operational", "Provider_Name": "Microsoft-Windows-Winlogon", "Computer": "DESKTOP-OFJ6N53", "TimeCreated": "2025-08-19 07:45:52.584934+00:00", "RecordID": "34968", "Level": "4", "UserID": "S-1-5-18", "EventData.Event": "0", "EventData.SubscriberName": "TermSrv"}
{"EventID": "811", "Channel": "Microsoft-Windows-Winlogon/Operational", "Provider_Name": "Microsoft-Windows-Winlogon", "Computer": "DESKTOP-OFJ6N53", "TimeCreated": "2025-08-19 07:45:53.633904+00:00", "RecordID": "34969", "Level": "4", "UserID": "S-1-5-21-963789628-1060504924-4285088085-1001", "EventData.Event": "9", "EventData.SubscriberName": "Sens"}
{"EventID": "812", "Channel": "Microsoft-Windows-Winlogon/Operational", "Provider_Name": "Microsoft-Windows-Winlogon", "Computer": "DESKTOP-OFJ6N53", "TimeCreated": "2025-08-19 07:45:53.652998+00:00", "RecordID": "34970", "Level": "4", "UserID": "S-1-5-21-963789628-1060504924-4285088085-1001", "EventData.Event": "9", "EventData.SubscriberName": "Sens"}
{"EventID": "811", "Channel": "Microsoft-Windows-Winlogon/Operational", "Provider_Name": "Microsoft-Windows-Winlogon", "Computer": "DESKTOP-OFJ6N53", "TimeCreated": "2025-08-19 07:45:53.942551+00:00", "RecordID": "34971", "Level": "4", "UserID": "S-1-5-21-963789628-1060504924-4285088085-1001", "EventData.Event": "9", "EventData.SubscriberName": "SessionEnv"}
{"EventID": "812", "Channel": "Microsoft-Windows-Winlogon/Operational", "Provider_Name": "Microsoft-Windows-Winlogon", "Computer": "DESKTOP-OFJ6N53", "TimeCreated": "2025-08-19 07:45:53.942772+00:00", "RecordID": "34972", "Level": "4", "UserID": "S-1-5-21-963789628-1060504924-4285088085-1001", "EventData.Event": "9", "EventData.SubscriberName": "SessionEnv"}
{"EventID": "811", "Channel": "Microsoft-Windows-Winlogon/Operational", "Provider_Name": "Microsoft-Windows-Winlogon", "Computer": "DESKTOP-OFJ6N53", "TimeCreated": "2025-08-19 07:45:58.077965+00:00", "RecordID": "34973", "Level": "4", "UserID": "S-1-5-21-963789628-1060504924-4285088085-1001", "EventData.Event": "5", "EventData.SubscriberName": "Sens"}
{"EventID": "812", "Channel": "Microsoft-Windows-Winlogon/Operational", "Provider_Name": "Microsoft-Windows-Winlogon", "Computer": "DESKTOP-OFJ6N53", "TimeCreated": "2025-08-19 07:45:58.099747+00:00", "RecordID": "34974", "Level": "4", "UserID": "S-1-5-21-963789628-1060504924-4285088085-1001", "EventData.Event": "5", "EventData.SubscriberName": "Sens"}
{"EventID": "811", "Channel": "Microsoft-Windows-Winlogon/Operational", "Provider_Name": "Microsoft-Windows-Winlogon", "Computer": "DESKTOP-OFJ6N53", "TimeCreated": "2025-08-19 07:45:58.099861+00:00", "RecordID": "34975", "Level": "4", "UserID": "S-1-5-21-963789628-1060504924-4285088085-1001", "EventData.Event": "5", "EventData.SubscriberName": "TermSrv"}
{"EventID": "812", "Channel": "Microsoft-Windows-Winlogon/Operational", "Provider_Name": "Microsoft-Windows-Winlogon", "Computer": "DESKTOP-OFJ6N53", "TimeCreated": "2025-08-19 07:45:58.179544+00:00", "RecordID": "34976", "Level": "4", "UserID": "S-1-5-21-963789628-1060504924-4285088085-1001", "EventData.Event": "5", "EventData.SubscriberName": "TermSrv"}
{"EventID": "811", "Channel": "Microsoft-Windows-Winlogon/Operational", "Provider_Name": "Microsoft-Windows-Winlogon", "Computer": "DESKTOP-OFJ6N53", "TimeCreated": "2025-08-19 08:03:39.040213+00:00", "RecordID": "34977", "Level": "4", "UserID": "S-1-5-21-963789628-1060504924-4285088085-1001", "EventData.Event": "4", "EventData.SubscriberName": "Sens"}
{"EventID": "812", "Channel": "Microsoft-Windows-Winlogon/Operational", "Provider_Name": "Microsoft-Windows-Winlogon", "Computer": "DESKTOP-OFJ6N53", "TimeCreated": "2025-08-19 08:03:39.068604+00:00", "RecordID": "34978", "Level": "4", "UserID": "S-1-5-21-963789628-1060504924-4285088085-1001", "EventData.Event": "4", "EventData.SubscriberName": "Sens"}
