{"EventID": "240", "Channel": "Microsoft-Windows-AppReadiness/Admin", "Provider_Name": "Microsoft-Windows-AppReadiness", "Computer": "DESKTOP-OFJ6N53", "TimeCreated": "2022-03-16 10:13:02.975016+00:00", "RecordID": "763", "Level": "4", "UserID": "S-1-5-18", "EventData.User": "S-1-5-21-963789628-1060504924-4285088085-1001", "EventData.TaskId": "install::Microsoft.LanguageExperiencePackru-RU_8wekyb3d8bbwe", "EventData.TaskCount": "3"}
{"EventID": "240", "Channel": "Microsoft-Windows-AppReadiness/Admin", "Provider_Name": "Microsoft-Windows-AppReadiness", "Computer": "DESKTOP-OFJ6N53", "TimeCreated": "2022-03-16 10:13:02.975327+00:00", "RecordID": "764", "Level": "4", "UserID": "S-1-5-18", "EventData.User": "S-1-5-21-963789628-1060504924-4285088085-1001", "EventData.TaskId": "install::A025C540.Yandex.Music_vfvw9svesycw6", "EventData.TaskCount": "4"}
{"EventID": "240", "Channel": "Microsoft-Windows-AppReadiness/Admin", "Provider_Name": "Microsoft-Windows-AppReadiness", "Computer": "DESKTOP-OFJ6N53", "TimeCreated": "2022-03-16 10:13:02.975460+00:00", "RecordID": "765", "Level": "4", "UserID": "S-1-5-18", "EventData.User": "S-1-5-21-963789628-1060504924-4285088085-1001", "EventData.TaskId": "install::Microsoft.YourPhone_8wekyb3d8bbwe", "EventData.TaskCount": "5"}
{"EventID": "240", "Channel": "Microsoft-Windows-AppReadiness/Admin", "Provider_Name": "Microsoft-Windows-AppReadiness", "Computer": "DESKTOP-OFJ6N53", "TimeCreated": "2022-03-16 10:13:02.975597+00:00", "RecordID": "766", "Level": "4", "UserID": "S-1-5-18", "EventData.User": "S-1-5-21-963789628-1060504924-4285088085-1001", "EventData.TaskId": "install::Microsoft.MSPaint_8wekyb3d8bbwe", "EventData.TaskCount": "6"}
{"EventID": "240", "Channel": "Microsoft-Windows-AppReadiness/Admin", "Provider_Name": "Microsoft-Windows-AppReadiness", "Computer": "DESKTOP-OFJ6N53", "TimeCreated": "2022-03-16 10:13:02.975729+00:00", "RecordID": "767", "Level": "4", "UserID": "S-1-5-18", "EventData.User": "S-1-5-21-963789628-1060504924-4285088085-1001", "EventData.TaskId": "install::Microsoft.Office.OneNote_8wekyb3d8bbwe", "EventData.TaskCount": "7"}
{"EventID": "240", "Channel": "Microsoft-Windows-AppReadiness/Admin", "Provider_Name": "Microsoft-Windows-AppReadiness", "Computer": "DESKTOP-OFJ6N53", "TimeCreated": "2022-03-16 10:13:02.977264+00:00", "RecordID": "768", "Level": "4", "UserID": "S-1-5-18", "EventData.User": "S-1-5-21-963789628-1060504924-4285088085-1001", "EventData.TaskId": "ART:UserLogon", "EventData.TaskCount": "8"}
{"EventID": "216", "Channel": "Microsoft-Windows-AppReadiness/Admin", "Provider_Name": "Microsoft-Windows-AppReadiness", "Computer": "DESKTOP-OFJ6N53", "TimeCreated": "2022-03-16 10:13:02.989075+00:00", "RecordID": "769", "Level": "4", "UserID": "S-1-5-18", "EventData.User": "S-1-5-21-963789628-1060504924-4285088085-1001", "EventData.ResumeAt": "2022-03-16 13:13:32.980999+00:00"}
{"EventID": "241", "Channel": "Microsoft-Windows-AppReadiness/Admin", "Provider_Name": "Microsoft-Windows-AppReadiness", "Computer": "DESKTOP-OFJ6N53", "TimeCreated": "2022-03-16 10:13:02.992506+00:00", "RecordID": "770", "Level": "4", "UserID": "S-1-5-18", "EventData.User": "S-1-5-21-963789628-1060504924-4285088085-1001", "EventData.TaskId": "ART:UserLogon", "EventData.TaskCount": "7"}
{"EventID": "220", "Channel": "Microsoft-Windows-AppReadiness/Admin", "Provider_Name": "Microsoft-Windows-AppReadiness", "Computer": "DESKTOP-OFJ6N53", "TimeCreated": "2022-03-16 10:13:02.992508+00:00", "RecordID": "771", "Level": "4", "UserID": "S-1-5-18", "EventData.Username": "S-1-5-21-963789628-1060504924-4285088085-1001", "EventData.Task": "ART:UserLogon", "EventData.Elapsed": "0.0"}
{"EventID": "240", "Channel": "Microsoft-Windows-AppReadiness/Admin", "Provider_Name": "Microsoft-Windows-AppReadiness", "Computer": "DESKTOP-OFJ6N53", "TimeCreated": "2022-03-16 10:46:36.313704+00:00", "RecordID": "772", "Level": "4", "UserID": "S-1-5-18", "EventData.User": "S-1-5-21-963789628-1060504924-4285088085-1001", "EventData.TaskId": "ART:OemFirstRun", "EventData.TaskCount": "8"}
{"EventID": "209", "Channel": "Microsoft-Windows-AppReadiness/Admin", "Provider_Name": "Microsoft-Windows-AppReadiness", "Computer": "DESKTOP-OFJ6N53", "TimeCreated": "2022-03-16 10:46:36.322397+00:00", "RecordID": "773", "Level": "4", "UserID": "S-1-5-18", "EventData.User": "S-1-5-21-963789628-1060504924-4285088085-1001", "EventData.From": "0", "EventData.To": "1"}
{"EventID": "209", "Channel": "Microsoft-Windows-AppReadiness/Admin", "Provider_Name": "Microsoft-Windows-AppReadiness", "Computer": "DESKTOP-OFJ6N53", "TimeCreated": "2022-03-16 10:46:36.328478+00:00", "RecordID": "774", "Level": "4", "UserID": "S-1-5-18", "EventData.User": "S-1-5-21-963789628-1060504924-4285088085-1001", "EventData.From": "1", "EventData.To": "2"}
{"EventID": "234", "Channel": "Microsoft-Windows-AppReadiness/Admin", "Provider_Name": "Microsoft-Windows-AppReadiness", "Computer": "DESKTOP-OFJ6N53", "TimeCreated": "2022-03-16 10:46:36.348120+00:00", "RecordID": "775", "Level": "4", "UserID": "S-1-5-18", "EventData.ExitCode": "0x00000000"}
{"EventID": "241", "Channel": "Microsoft-Windows-AppReadiness/Admin", "Provider_Name": "Microsoft-Windows-AppReadiness", "Computer": "DESKTOP-OFJ6N53", "TimeCreated": "2022-03-16 10:46:37.237951+00:00", "RecordID": "776", "Level": "4", "UserID": "S-1-5-18", "EventData.User": "S-1-5-21-963789628-1060504924-4285088085-1001", "EventData.TaskId": "PreviewTiles", "EventData.TaskCount": "7"}
{"EventID": "220", "Channel": "Microsoft-Windows-AppReadiness/Admin", "Provider_Name": "Microsoft-Windows-AppReadiness", "Computer": "DESKTOP-OFJ6N53", "TimeCreated": "2022-03-16 10:46:37.237955+00:00", "RecordID": "777", "Level": "4", "UserID": "S-1-5-18", "EventData.Username": "S-1-5-21-963789628-1060504924-4285088085-1001", "EventData.Task": "PreviewTiles", "EventData.Elapsed": "0.8750469"}
{"EventID": "241", "Channel": "Microsoft-Windows-AppReadiness/Admin", "Provider_Name": "Microsoft-Windows-AppReadiness", "Computer": "DESKTOP-OFJ6N53", "TimeCreated": "2022-03-16 10:46:37.367615+00:00", "RecordID": "778", "Level": "4", "UserID": "S-1-5-18", "EventData.User": "S-1-5-21-963789628-1060504924-4285088085-1001", "EventData.TaskId": "install::Microsoft.Office.OneNote_8wekyb3d8bbwe", "EventData.TaskCount": "6"}
{"EventID": "213", "Channel": "Microsoft-Windows-AppReadiness/Admin", "Provider_Name": "Microsoft-Windows-AppReadiness", "Computer": "DESKTOP-OFJ6N53", "TimeCreated": "2022-03-16 10:46:37.367615+00:00", "RecordID": "779", "Level": "4", "UserID": "S-1-5-18", "EventData.Username": "S-1-5-21-963789628-1060504924-4285088085-1001", "EventData.Package": "Microsoft.Office.OneNote_8wekyb3d8bbwe", "EventData.Operation": "1", "EventData.Elapsed": "0.109306"}
{"EventID": "241", "Channel": "Microsoft-Windows-AppReadiness/Admin", "Provider_Name": "Microsoft-Windows-AppReadiness", "Computer": "DESKTOP-OFJ6N53", "TimeCreated": "2022-03-16 10:46:38.801672+00:00", "RecordID": "780", "Level": "4", "UserID": "S-1-5-18", "EventData.User": "S-1-5-21-963789628-1060504924-4285088085-1001", "EventData.TaskId": "install::Microsoft.MSPaint_8wekyb3d8bbwe", "EventData.TaskCount": "5"}
{"EventID": "213", "Channel": "Microsoft-Windows-AppReadiness/Admin", "Provider_Name": "Microsoft-Windows-AppReadiness", "Computer": "DESKTOP-OFJ6N53", "TimeCreated": "2022-03-16 10:46:38.801674+00:00", "RecordID": "781", "Level": "4", "UserID": "S-1-5-18", "EventData.Username": "S-1-5-21-963789628-1060504924-4285088085-1001", "EventData.Package": "Microsoft.MSPaint_8wekyb3d8bbwe", "EventData.Operation": "1", "EventData.Elapsed": "1.4375026"}
{"EventID": "241", "Channel": "Microsoft-Windows-AppReadiness/Admin", "Provider_Name": "Microsoft-Windows-AppReadiness", "Computer": "DESKTOP-OFJ6N53", "TimeCreated": "2022-03-16 10:46:38.874140+00:00", "RecordID": "782", "Level": "4", "UserID": "S-1-5-18", "EventData.User": "S-1-5-21-963789628-1060504924-4285088085-1001", "EventData.TaskId": "install::Microsoft.YourPhone_8wekyb3d8bbwe", "EventData.TaskCount": "4"}
{"EventID": "213", "Channel": "Microsoft-Windows-AppReadiness/Admin", "Provider_Name": "Microsoft-Windows-AppReadiness", "Computer": "DESKTOP-OFJ6N53", "TimeCreated": "2022-03-16 10:46:38.874142+00:00", "RecordID": "783", "Level": "4", "UserID": "S-1-5-18", "EventData.Username": "S-1-5-21-963789628-1060504924-4285088085-1001", "EventData.Package": "Microsoft.YourPhone_8wekyb3d8bbwe", "EventData.Operation": "1", "EventData.Elapsed": "0.0781237"}
{"EventID": "241", "Channel": "Microsoft-Windows-AppReadiness/Admin", "Provider_Name": "Microsoft-Windows-AppReadiness", "Computer": "DESKTOP-OFJ6N53", "TimeCreated": "2022-03-16 10:46:38.903347+00:00", "RecordID": "784", "Level": "4", "UserID": "S-1-5-18", "EventData.User": "S-1-5-21-963789628-1060504924-4285088085-1001", "EventData.TaskId": "install::A025C540.Yandex.Music_vfvw9svesycw6", "EventData.TaskCount": "3"}
{"EventID": "213", "Channel": "Microsoft-Windows-AppReadiness/Admin", "Provider_Name": "Microsoft-Windows-AppReadiness", "Computer": "DESKTOP-OFJ6N53", "TimeCreated": "2022-03-16 10:46:38.903349+00:00", "RecordID": "785", "Level": "4", "UserID": "S-1-5-18", "EventData.Username": "S-1-5-21-963789628-1060504924-4285088085-1001", "EventData.Package": "A025C540.Yandex.Music_vfvw9svesycw6", "EventData.Operation": "1", "EventData.Elapsed": "0.0157329"}
{"EventID": "241", "Channel": "Microsoft-Windows-AppReadiness/Admin", "Provider_Name": "Microsoft-Windows-AppReadiness", "Computer": "DESKTOP-OFJ6N53", "TimeCreated": "2022-03-16 10:46:39.560835+00:00", "RecordID": "786", "Level": "4", "UserID": "S-1-5-18", "EventData.User": "S-1-5-21-963789628-1060504924-4285088085-1001", "EventData.TaskId": "install::Microsoft.LanguageExperiencePackru-RU_8wekyb3d8bbwe", "EventData.TaskCount": "2"}
{"EventID": "213", "Channel": "Microsoft-Windows-AppReadiness/Admin", "Provider_Name": "Microsoft-Windows-AppReadiness", "Computer": "DESKTOP-OFJ6N53", "TimeCreated": "2022-03-16 10:46:39.560839+00:00", "RecordID": "787", "Level": "4", "UserID": "S-1-5-18", "EventData.Username": "S-1-5-21-963789628-1060504924-4285088085-1001", "EventData.Package": "Microsoft.LanguageExperiencePackru-RU_8wekyb3d8bbwe", "EventData.Operation": "1", "EventData.Elapsed": "0.6559699"}
{"EventID": "241", "Channel": "Microsoft-Windows-AppReadiness/Admin", "Provider_Name": "Microsoft-Windows-AppReadiness", "Computer": "DESKTOP-OFJ6N53", "TimeCreated": "2022-03-16 10:46:40.593945+00:00", "RecordID": "788", "Level": "4", "UserID": "S-1-5-18", "EventData.User": "S-1-5-21-963789628-1060504924-4285088085-1001", "EventData.TaskId": "install::Microsoft.MicrosoftEdge.Stable_8wekyb3d8bbwe", "EventData.TaskCount": "1"}
{"EventID": "213", "Channel": "Microsoft-Windows-AppReadiness/Admin", "Provider_Name": "Microsoft-Windows-AppReadiness", "Computer": "DESKTOP-OFJ6N53", "TimeCreated": "2022-03-16 10:46:40.593946+00:00", "RecordID": "789", "Level": "4", "UserID": "S-1-5-18", "EventData.Username": "S-1-5-21-963789628-1060504924-4285088085-1001", "EventData.Package": "Microsoft.MicrosoftEdge.Stable_8wekyb3d8bbwe", "EventData.Operation": "1", "EventData.Elapsed": "1.0312248"}
{"EventID": "211", "Channel": "Microsoft-Windows-AppReadiness/Admin", "Provider_Name": "Microsoft-Windows-AppReadiness", "Computer": "DESKTOP-OFJ6N53", "TimeCreated": "2022-03-16 10:46:40.594370+00:00", "RecordID": "790", "Level": "4", "UserID": "S-1-5-18", "EventData.User": "S-1-5-21-963789628-1060504924-4285088085-1001"}
{"EventID": "241", "Channel": "Microsoft-Windows-AppReadiness/Admin", "Provider_Name": "Microsoft-Windows-AppReadiness", "Computer": "DESKTOP-OFJ6N53", "TimeCreated": "2022-03-16 10:46:40.596144+00:00", "RecordID": "791", "Level": "4", "UserID": "S-1-5-18", "EventData.User": "S-1-5-21-963789628-1060504924-4285088085-1001", "EventData.TaskId": "ART:OemFirstRun", "EventData.TaskCount": "0"}
{"EventID": "220", "Channel": "Microsoft-Windows-AppReadiness/Admin", "Provider_Name": "Microsoft-Windows-AppReadiness", "Computer": "DESKTOP-OFJ6N53", "TimeCreated": "2022-03-16 10:46:40.596148+00:00", "RecordID": "792", "Level": "4", "UserID": "S-1-5-18", "EventData.Username": "S-1-5-21-963789628-1060504924-4285088085-1001", "EventData.Task": "ART:OemFirstRun", "EventData.Elapsed": "0.0"}
{"EventID": "209", "Channel": "Microsoft-Windows-AppReadiness/Admin", "Provider_Name": "Microsoft-Windows-AppReadiness", "Computer": "DESKTOP-OFJ6N53", "TimeCreated": "2022-03-16 10:47:59.887962+00:00", "RecordID": "793", "Level": "4", "UserID": "S-1-5-18", "EventData.User": "S-1-5-21-963789628-1060504924-4285088085-1001", "EventData.From": "2", "EventData.To": "3"}
{"EventID": "209", "Channel": "Microsoft-Windows-AppReadiness/Admin", "Provider_Name": "Microsoft-Windows-AppReadiness", "Computer": "DESKTOP-OFJ6N53", "TimeCreated": "2022-03-16 10:47:59.887970+00:00", "RecordID": "794", "Level": "4", "UserID": "S-1-5-18", "EventData.User": "S-1-5-18", "EventData.From": "2", "EventData.To": "3"}
{"EventID": "101", "Channel": "Microsoft-Windows-AppReadiness/Admin", "Provider_Name": "Microsoft-Windows-AppReadiness", "Computer": "DESKTOP-OFJ6N53", "TimeCreated": "2022-03-16 10:47:59.903862+00:00", "RecordID": "795", "Level": "4", "UserID": "S-1-5-18"}
{"EventID": "100", "Channel": "Microsoft-Windows-AppReadiness/Admin", "Provider_Name": "Microsoft-Windows-AppReadiness", "Computer": "DESKTOP-OFJ6N53", "TimeCreated": "2022-03-21 10:47:30.283886+00:00", "RecordID": "796", "Level": "4", "UserID": "S-1-5-18"}
{"EventID": "240", "Channel": "Microsoft-Windows-AppReadiness/Admin", "Provider_Name": "Microsoft-Windows-AppReadiness", "Computer": "DESKTOP-OFJ6N53", "TimeCreated": "2022-03-21 10:47:30.408709+00:00", "RecordID": "797", "Level": "4", "UserID": "S-1-5-18", "EventData.User": "S-1-5-18", "EventData.TaskId": "packageChanges-1", "EventData.TaskCount": "1"}
{"EventID": "109", "Channel": "Microsoft-Windows-AppReadiness/Admin", "Provider_Name": "Microsoft-Windows-AppReadiness", "Computer": "DESKTOP-OFJ6N53", "TimeCreated": "2022-03-21 10:47:30.583666+00:00", "RecordID": "798", "Level": "4", "UserID": "S-1-5-18", "EventData.Source": "2", "EventData.Result": "0"}
{"EventID": "241", "Channel": "Microsoft-Windows-AppReadiness/Admin", "Provider_Name": "Microsoft-Windows-AppReadiness", "Computer": "DESKTOP-OFJ6N53", "TimeCreated": "2022-03-21 10:47:30.585701+00:00", "RecordID": "799", "Level": "4", "UserID": "S-1-5-18", "EventData.User": "S-1-5-18", "EventData.TaskId": "packageChanges-1", "EventData.TaskCount": "0"}
{"EventID": "220", "Channel": "Microsoft-Windows-AppReadiness/Admin", "Provider_Name": "Microsoft-Windows-AppReadiness", "Computer": "DESKTOP-OFJ6N53", "TimeCreated": "2022-03-21 10:47:30.585705+00:00", "RecordID": "800", "Level": "4", "UserID": "S-1-5-18", "EventData.Username": "S-1-5-18", "EventData.Task": "packageChanges-1", "EventData.Elapsed": "0.0155144"}
{"EventID": "211", "Channel": "Microsoft-Windows-AppReadiness/Admin", "Provider_Name": "Microsoft-Windows-AppReadiness", "Computer": "DESKTOP-OFJ6N53", "TimeCreated": "2022-03-21 10:47:30.585831+00:00", "RecordID": "801", "Level": "4", "UserID": "S-1-5-18", "EventData.User": "S-1-5-18"}
{"EventID": "236", "Channel": "Microsoft-Windows-AppReadiness/Admin", "Provider_Name": "Microsoft-Windows-AppReadiness", "Computer": "DESKTOP-OFJ6N53", "TimeCreated": "2022-03-21 10:47:31.973953+00:00", "RecordID": "802", "Level": "4", "UserID": "S-1-5-21-963789628-1060504924-4285088085-1001", "EventData.ExitCode": "0x00000000"}
{"EventID": "238", "Channel": "Microsoft-Windows-AppReadiness/Admin", "Provider_Name": "Microsoft-Windows-AppReadiness", "Computer": "DESKTOP-OFJ6N53", "TimeCreated": "2022-03-21 10:47:32.121931+00:00", "RecordID": "803", "Level": "4", "UserID": "S-1-5-21-963789628-1060504924-4285088085-1001", "EventData.ExitCode": "0x00000000"}
{"EventID": "240", "Channel": "Microsoft-Windows-AppReadiness/Admin", "Provider_Name": "Microsoft-Windows-AppReadiness", "Computer": "DESKTOP-OFJ6N53", "TimeCreated": "2022-03-21 10:47:32.122040+00:00", "RecordID": "804", "Level": "4", "UserID": "S-1-5-18", "EventData.User": "S-1-5-21-963789628-1060504924-4285088085-1001", "EventData.TaskId": "install::Microsoft.MicrosoftEdge.Stable_8wekyb3d8bbwe", "EventData.TaskCount": "1"}
{"EventID": "240", "Channel": "Microsoft-Windows-AppReadiness/Admin", "Provider_Name": "Microsoft-Windows-AppReadiness", "Computer": "DESKTOP-OFJ6N53", "TimeCreated": "2022-03-21 10:47:32.125587+00:00", "RecordID": "805", "Level": "4", "UserID": "S-1-5-18", "EventData.User": "S-1-5-21-963789628-1060504924-4285088085-1001", "EventData.TaskId": "PreviewTiles", "EventData.TaskCount": "2"}
{"EventID": "241", "Channel": "Microsoft-Windows-AppReadiness/Admin", "Provider_Name": "Microsoft-Windows-AppReadiness", "Computer": "DESKTOP-OFJ6N53", "TimeCreated": "2022-03-21 10:47:32.462915+00:00", "RecordID": "806", "Level": "4", "UserID": "S-1-5-18", "EventData.User": "S-1-5-21-963789628-1060504924-4285088085-1001", "EventData.TaskId": "PreviewTiles", "EventData.TaskCount": "1"}
{"EventID": "220", "Channel": "Microsoft-Windows-AppReadiness/Admin", "Provider_Name": "Microsoft-Windows-AppReadiness", "Computer": "DESKTOP-OFJ6N53", "TimeCreated": "2022-03-21 10:47:32.462917+00:00", "RecordID": "807", "Level": "4", "UserID": "S-1-5-18", "EventData.Username": "S-1-5-21-963789628-1060504924-4285088085-1001", "EventData.Task": "PreviewTiles", "EventData.Elapsed": "0.0156244"}
{"EventID": "241", "Channel": "Microsoft-Windows-AppReadiness/Admin", "Provider_Name": "Microsoft-Windows-AppReadiness", "Computer": "DESKTOP-OFJ6N53", "TimeCreated": "2022-03-21 10:47:33.855131+00:00", "RecordID": "808", "Level": "4", "UserID": "S-1-5-18", "EventData.User": "S-1-5-21-963789628-1060504924-4285088085-1001", "EventData.TaskId": "install::Microsoft.MicrosoftEdge.Stable_8wekyb3d8bbwe", "EventData.TaskCount": "0"}
{"EventID": "213", "Channel": "Microsoft-Windows-AppReadiness/Admin", "Provider_Name": "Microsoft-Windows-AppReadiness", "Computer": "DESKTOP-OFJ6N53", "TimeCreated": "2022-03-21 10:47:33.855133+00:00", "RecordID": "809", "Level": "4", "UserID": "S-1-5-18", "EventData.Username": "S-1-5-21-963789628-1060504924-4285088085-1001", "EventData.Package": "Microsoft.MicrosoftEdge.Stable_8wekyb3d8bbwe", "EventData.Operation": "1", "EventData.Elapsed": "1.3906251"}
{"EventID": "211", "Channel": "Microsoft-Windows-AppReadiness/Admin", "Provider_Name": "Microsoft-Windows-AppReadiness", "Computer": "DESKTOP-OFJ6N53", "TimeCreated": "2022-03-21 10:47:33.855364+00:00", "RecordID": "810", "Level": "4", "UserID": "S-1-5-18", "EventData.User": "S-1-5-21-963789628-1060504924-4285088085-1001"}
{"EventID": "209", "Channel": "Microsoft-Windows-AppReadiness/Admin", "Provider_Name": "Microsoft-Windows-AppReadiness", "Computer": "DESKTOP-OFJ6N53", "TimeCreated": "2022-03-21 10:50:00.350239+00:00", "RecordID": "811", "Level": "4", "UserID": "S-1-5-18", "EventData.User": "S-1-5-21-963789628-1060504924-4285088085-1001", "EventData.From": "2", "EventData.To": "3"}
{"EventID": "209", "Channel": "Microsoft-Windows-AppReadiness/Admin", "Provider_Name": "Microsoft-Windows-AppReadiness", "Computer": "DESKTOP-OFJ6N53", "TimeCreated": "2022-03-21 10:50:00.350248+00:00", "RecordID": "812", "Level": "4", "UserID": "S-1-5-18", "EventData.User": "S-1-5-18", "EventData.From": "2", "EventData.To": "3"}
{"EventID": "101", "Channel": "Microsoft-Windows-AppReadiness/Admin", "Provider_Name": "Microsoft-Windows-AppReadiness", "Computer": "DESKTOP-OFJ6N53", "TimeCreated": "2022-03-21 10:50:00.365843+00:00", "RecordID": "813", "Level": "4", "UserID": "S-1-5-18"}
{"EventID": "100", "Channel": "Microsoft-Windows-AppReadiness/Admin", "Provider_Name": "Microsoft-Windows-AppReadiness", "Computer": "DESKTOP-OFJ6N53", "TimeCreated": "2022-03-26 13:47:41.937666+00:00", "RecordID": "814", "Level": "4", "UserID": "S-1-5-18"}
{"EventID": "240", "Channel": "Microsoft-Windows-AppReadiness/Admin", "Provider_Name": "Microsoft-Windows-AppReadiness", "Computer": "DESKTOP-OFJ6N53", "TimeCreated": "2022-03-26 13:47:41.969635+00:00", "RecordID": "815", "Level": "4", "UserID": "S-1-5-18", "EventData.User": "S-1-5-18", "EventData.TaskId": "packageChanges-1", "EventData.TaskCount": "1"}
{"EventID": "109", "Channel": "Microsoft-Windows-AppReadiness/Admin", "Provider_Name": "Microsoft-Windows-AppReadiness", "Computer": "DESKTOP-OFJ6N53", "TimeCreated": "2022-03-26 13:47:41.993677+00:00", "RecordID": "816", "Level": "4", "UserID": "S-1-5-18", "EventData.Source": "2", "EventData.Result": "0"}
{"EventID": "241", "Channel": "Microsoft-Windows-AppReadiness/Admin", "Provider_Name": "Microsoft-Windows-AppReadiness", "Computer": "DESKTOP-OFJ6N53", "TimeCreated": "2022-03-26 13:47:41.994053+00:00", "RecordID": "817", "Level": "4", "UserID": "S-1-5-18", "EventData.User": "S-1-5-18", "EventData.TaskId": "packageChanges-1", "EventData.TaskCount": "0"}
{"EventID": "220", "Channel": "Microsoft-Windows-AppReadiness/Admin", "Provider_Name": "Microsoft-Windows-AppReadiness", "Computer": "DESKTOP-OFJ6N53", "TimeCreated": "2022-03-26 13:47:41.994053+00:00", "RecordID": "818", "Level": "4", "UserID": "S-1-5-18", "EventData.Username": "S-1-5-18", "EventData.Task": "packageChanges-1", "EventData.Elapsed": "0.0"}
{"EventID": "211", "Channel": "Microsoft-Windows-AppReadiness/Admin", "Provider_Name": "Microsoft-Windows-AppReadiness", "Computer": "DESKTOP-OFJ6N53", "TimeCreated": "2022-03-26 13:47:41.994181+00:00", "RecordID": "819", "Level": "4", "UserID": "S-1-5-18", "EventData.User": "S-1-5-18"}
{"EventID": "209", "Channel": "Microsoft-Windows-AppReadiness/Admin", "Provider_Name": "Microsoft-Windows-AppReadiness", "Computer": "DESKTOP-OFJ6N53", "TimeCreated": "2022-03-26 13:50:11.955673+00:00", "RecordID": "820", "Level": "4", "UserID": "S-1-5-18", "EventData.User": "S-1-5-18", "EventData.From": "2", "EventData.To": "3"}
{"EventID": "101", "Channel": "Microsoft-Windows-AppReadiness/Admin", "Provider_Name": "Microsoft-Windows-AppReadiness", "Computer": "DESKTOP-OFJ6N53", "TimeCreated": "2022-03-26 13:50:11.971367+00:00", "RecordID": "821", "Level": "4", "UserID": "S-1-5-18"}
{"EventID": "100", "Channel": "Microsoft-Windows-AppReadiness/Admin", "Provider_Name": "Microsoft-Windows-AppReadiness", "Computer": "DESKTOP-OFJ6N53", "TimeCreated": "2022-04-13 14:34:51.189163+00:00", "RecordID": "822", "Level": "4", "UserID": "S-1-5-18"}
{"EventID": "240", "Channel": "Microsoft-Windows-AppReadiness/Admin", "Provider_Name": "Microsoft-Windows-AppReadiness", "Computer": "DESKTOP-OFJ6N53", "TimeCreated": "2022-04-13 14:34:51.226843+00:00", "RecordID": "823", "Level": "4", "UserID": "S-1-5-18", "EventData.User": "S-1-5-18", "EventData.TaskId": "packageChanges-1", "EventData.TaskCount": "1"}
{"EventID": "109", "Channel": "Microsoft-Windows-AppReadiness/Admin", "Provider_Name": "Microsoft-Windows-AppReadiness", "Computer": "DESKTOP-OFJ6N53", "TimeCreated": "2022-04-13 14:34:51.233027+00:00", "RecordID": "824", "Level": "4", "UserID": "S-1-5-18", "EventData.Source": "1", "EventData.Result": "0"}
{"EventID": "241", "Channel": "Microsoft-Windows-AppReadiness/Admin", "Provider_Name": "Microsoft-Windows-AppReadiness", "Computer": "DESKTOP-OFJ6N53", "TimeCreated": "2022-04-13 14:34:51.233372+00:00", "RecordID": "825", "Level": "4", "UserID": "S-1-5-18", "EventData.User": "S-1-5-18", "EventData.TaskId": "packageChanges-1", "EventData.TaskCount": "0"}
{"EventID": "220", "Channel": "Microsoft-Windows-AppReadiness/Admin", "Provider_Name": "Microsoft-Windows-AppReadiness", "Computer": "DESKTOP-OFJ6N53", "TimeCreated": "2022-04-13 14:34:51.233376+00:00", "RecordID": "826", "Level": "4", "UserID": "S-1-5-18", "EventData.Username": "S-1-5-18", "EventData.Task": "packageChanges-1", "EventData.Elapsed": "0.0"}
{"EventID": "211", "Channel": "Microsoft-Windows-AppReadiness/Admin", "Provider_Name": "Microsoft-Windows-AppReadiness", "Computer": "DESKTOP-OFJ6N53", "TimeCreated": "2022-04-13 14:34:51.233473+00:00", "RecordID": "827", "Level": "4", "UserID": "S-1-5-18", "EventData.User": "S-1-5-18"}
{"EventID": "209", "Channel": "Microsoft-Windows-AppReadiness/Admin", "Provider_Name": "Microsoft-Windows-AppReadiness", "Computer": "DESKTOP-OFJ6N53", "TimeCreated": "2022-04-13 14:37:21.191193+00:00", "RecordID": "828", "Level": "4", "UserID": "S-1-5-18", "EventData.User": "S-1-5-18", "EventData.From": "2", "EventData.To": "3"}
{"EventID": "101", "Channel": "Microsoft-Windows-AppReadiness/Admin", "Provider_Name": "Microsoft-Windows-AppReadiness", "Computer": "DESKTOP-OFJ6N53", "TimeCreated": "2022-04-13 14:37:21.207056+00:00", "RecordID": "829", "Level": "4", "UserID": "S-1-5-18"}
{"EventID": "100", "Channel": "Microsoft-Windows-AppReadiness/Admin", "Provider_Name": "Microsoft-Windows-AppReadiness", "Computer": "DESKTOP-OFJ6N53", "TimeCreated": "2022-04-13 15:58:20.080782+00:00", "RecordID": "830", "Level": "4", "UserID": "S-1-5-18"}
{"EventID": "209", "Channel": "Microsoft-Windows-AppReadiness/Admin", "Provider_Name": "Microsoft-Windows-AppReadiness", "Computer": "DESKTOP-OFJ6N53", "TimeCreated": "2022-04-13 15:58:20.217190+00:00", "RecordID": "831", "Level": "4", "UserID": "S-1-5-18", "EventData.User": "S-1-5-21-963789628-1060504924-4285088085-1001", "EventData.From": "2", "EventData.To": "0"}
{"EventID": "232", "Channel": "Microsoft-Windows-AppReadiness/Admin", "Provider_Name": "Microsoft-Windows-AppReadiness", "Computer": "DESKTOP-OFJ6N53", "TimeCreated": "2022-04-13 15:58:20.240505+00:00", "RecordID": "832", "Level": "4", "UserID": "S-1-5-18", "EventData.ExitCode": "0x00000000"}
{"EventID": "236", "Channel": "Microsoft-Windows-AppReadiness/Admin", "Provider_Name": "Microsoft-Windows-AppReadiness", "Computer": "DESKTOP-OFJ6N53", "TimeCreated": "2022-04-13 15:58:23.815069+00:00", "RecordID": "833", "Level": "4", "UserID": "S-1-5-21-963789628-1060504924-4285088085-1001", "EventData.ExitCode": "0x00000000"}
{"EventID": "238", "Channel": "Microsoft-Windows-AppReadiness/Admin", "Provider_Name": "Microsoft-Windows-AppReadiness", "Computer": "DESKTOP-OFJ6N53", "TimeCreated": "2022-04-13 15:58:24.274582+00:00", "RecordID": "834", "Level": "4", "UserID": "S-1-5-21-963789628-1060504924-4285088085-1001", "EventData.ExitCode": "0x00000000"}
{"EventID": "240", "Channel": "Microsoft-Windows-AppReadiness/Admin", "Provider_Name": "Microsoft-Windows-AppReadiness", "Computer": "DESKTOP-OFJ6N53", "TimeCreated": "2022-04-13 15:58:24.277712+00:00", "RecordID": "835", "Level": "4", "UserID": "S-1-5-18", "EventData.User": "S-1-5-21-963789628-1060504924-4285088085-1001", "EventData.TaskId": "install::Microsoft.Windows.Search_cw5n1h2txyewy", "EventData.TaskCount": "1"}
{"EventID": "240", "Channel": "Microsoft-Windows-AppReadiness/Admin", "Provider_Name": "Microsoft-Windows-AppReadiness", "Computer": "DESKTOP-OFJ6N53", "TimeCreated": "2022-04-13 15:58:24.277798+00:00", "RecordID": "836", "Level": "4", "UserID": "S-1-5-18", "EventData.User": "S-1-5-21-963789628-1060504924-4285088085-1001", "EventData.TaskId": "install::Microsoft.MicrosoftEdge.Stable_8wekyb3d8bbwe", "EventData.TaskCount": "2"}
{"EventID": "240", "Channel": "Microsoft-Windows-AppReadiness/Admin", "Provider_Name": "Microsoft-Windows-AppReadiness", "Computer": "DESKTOP-OFJ6N53", "TimeCreated": "2022-04-13 15:58:24.283182+00:00", "RecordID": "837", "Level": "4", "UserID": "S-1-5-18", "EventData.User": "S-1-5-21-963789628-1060504924-4285088085-1001", "EventData.TaskId": "PreviewTiles", "EventData.TaskCount": "3"}
{"EventID": "240", "Channel": "Microsoft-Windows-AppReadiness/Admin", "Provider_Name": "Microsoft-Windows-AppReadiness", "Computer": "DESKTOP-OFJ6N53", "TimeCreated": "2022-04-13 15:58:24.283773+00:00", "RecordID": "838", "Level": "4", "UserID": "S-1-5-18", "EventData.User": "S-1-5-21-963789628-1060504924-4285088085-1001", "EventData.TaskId": "ART:UserLogon", "EventData.TaskCount": "4"}
{"EventID": "241", "Channel": "Microsoft-Windows-AppReadiness/Admin", "Provider_Name": "Microsoft-Windows-AppReadiness", "Computer": "DESKTOP-OFJ6N53", "TimeCreated": "2022-04-13 15:58:26.718128+00:00", "RecordID": "839", "Level": "4", "UserID": "S-1-5-18", "EventData.User": "S-1-5-21-963789628-1060504924-4285088085-1001", "EventData.TaskId": "install::Microsoft.Windows.Search_cw5n1h2txyewy", "EventData.TaskCount": "3"}
{"EventID": "213", "Channel": "Microsoft-Windows-AppReadiness/Admin", "Provider_Name": "Microsoft-Windows-AppReadiness", "Computer": "DESKTOP-OFJ6N53", "TimeCreated": "2022-04-13 15:58:26.718132+00:00", "RecordID": "840", "Level": "4", "UserID": "S-1-5-18", "EventData.Username": "S-1-5-21-963789628-1060504924-4285088085-1001", "EventData.Package": "Microsoft.Windows.Search_cw5n1h2txyewy", "EventData.Operation": "1", "EventData.Elapsed": "2.4218797"}
{"EventID": "216", "Channel": "Microsoft-Windows-AppReadiness/Admin", "Provider_Name": "Microsoft-Windows-AppReadiness", "Computer": "DESKTOP-OFJ6N53", "TimeCreated": "2022-04-13 15:58:26.718773+00:00", "RecordID": "841", "Level": "4", "UserID": "S-1-5-18", "EventData.User": "S-1-5-21-963789628-1060504924-4285088085-1001", "EventData.ResumeAt": "2022-04-13 18:58:56.709000+00:00"}
{"EventID": "241", "Channel": "Microsoft-Windows-AppReadiness/Admin", "Provider_Name": "Microsoft-Windows-AppReadiness", "Computer": "DESKTOP-OFJ6N53", "TimeCreated": "2022-04-13 15:58:26.718872+00:00", "RecordID": "842", "Level": "4", "UserID": "S-1-5-18", "EventData.User": "S-1-5-21-963789628-1060504924-4285088085-1001", "EventData.TaskId": "ART:UserLogon", "EventData.TaskCount": "2"}
{"EventID": "220", "Channel": "Microsoft-Windows-AppReadiness/Admin", "Provider_Name": "Microsoft-Windows-AppReadiness", "Computer": "DESKTOP-OFJ6N53", "TimeCreated": "2022-04-13 15:58:26.718874+00:00", "RecordID": "843", "Level": "4", "UserID": "S-1-5-18", "EventData.Username": "S-1-5-21-963789628-1060504924-4285088085-1001", "EventData.Task": "ART:UserLogon", "EventData.Elapsed": "2.4218797"}
{"EventID": "240", "Channel": "Microsoft-Windows-AppReadiness/Admin", "Provider_Name": "Microsoft-Windows-AppReadiness", "Computer": "DESKTOP-OFJ6N53", "TimeCreated": "2022-04-13 15:58:32.986643+00:00", "RecordID": "844", "Level": "4", "UserID": "S-1-5-18", "EventData.User": "S-1-5-21-963789628-1060504924-4285088085-1001", "EventData.TaskId": "ART:OemFirstRun", "EventData.TaskCount": "3"}
{"EventID": "209", "Channel": "Microsoft-Windows-AppReadiness/Admin", "Provider_Name": "Microsoft-Windows-AppReadiness", "Computer": "DESKTOP-OFJ6N53", "TimeCreated": "2022-04-13 15:58:33.029789+00:00", "RecordID": "845", "Level": "4", "UserID": "S-1-5-18", "EventData.User": "S-1-5-21-963789628-1060504924-4285088085-1001", "EventData.From": "0", "EventData.To": "1"}
{"EventID": "209", "Channel": "Microsoft-Windows-AppReadiness/Admin", "Provider_Name": "Microsoft-Windows-AppReadiness", "Computer": "DESKTOP-OFJ6N53", "TimeCreated": "2022-04-13 15:58:33.197908+00:00", "RecordID": "846", "Level": "4", "UserID": "S-1-5-18", "EventData.User": "S-1-5-21-963789628-1060504924-4285088085-1001", "EventData.From": "1", "EventData.To": "2"}
{"EventID": "234", "Channel": "Microsoft-Windows-AppReadiness/Admin", "Provider_Name": "Microsoft-Windows-AppReadiness", "Computer": "DESKTOP-OFJ6N53", "TimeCreated": "2022-04-13 15:58:33.291571+00:00", "RecordID": "847", "Level": "4", "UserID": "S-1-5-18", "EventData.ExitCode": "0x00000000"}
{"EventID": "241", "Channel": "Microsoft-Windows-AppReadiness/Admin", "Provider_Name": "Microsoft-Windows-AppReadiness", "Computer": "DESKTOP-OFJ6N53", "TimeCreated": "2022-04-13 15:59:03.832214+00:00", "RecordID": "848", "Level": "4", "UserID": "S-1-5-18", "EventData.User": "S-1-5-21-963789628-1060504924-4285088085-1001", "EventData.TaskId": "PreviewTiles", "EventData.TaskCount": "2"}
{"EventID": "220", "Channel": "Microsoft-Windows-AppReadiness/Admin", "Provider_Name": "Microsoft-Windows-AppReadiness", "Computer": "DESKTOP-OFJ6N53", "TimeCreated": "2022-04-13 15:59:03.832216+00:00", "RecordID": "849", "Level": "4", "UserID": "S-1-5-18", "EventData.Username": "S-1-5-21-963789628-1060504924-4285088085-1001", "EventData.Task": "PreviewTiles", "EventData.Elapsed": "0.8189975"}
{"EventID": "241", "Channel": "Microsoft-Windows-AppReadiness/Admin", "Provider_Name": "Microsoft-Windows-AppReadiness", "Computer": "DESKTOP-OFJ6N53", "TimeCreated": "2022-04-13 15:59:03.970854+00:00", "RecordID": "850", "Level": "4", "UserID": "S-1-5-18", "EventData.User": "S-1-5-21-963789628-1060504924-4285088085-1001", "EventData.TaskId": "install::Microsoft.MicrosoftEdge.Stable_8wekyb3d8bbwe", "EventData.TaskCount": "1"}
{"EventID": "213", "Channel": "Microsoft-Windows-AppReadiness/Admin", "Provider_Name": "Microsoft-Windows-AppReadiness", "Computer": "DESKTOP-OFJ6N53", "TimeCreated": "2022-04-13 15:59:03.970858+00:00", "RecordID": "851", "Level": "4", "UserID": "S-1-5-18", "EventData.Username": "S-1-5-21-963789628-1060504924-4285088085-1001", "EventData.Package": "Microsoft.MicrosoftEdge.Stable_8wekyb3d8bbwe", "EventData.Operation": "1", "EventData.Elapsed": "0.1360005"}
{"EventID": "211", "Channel": "Microsoft-Windows-AppReadiness/Admin", "Provider_Name": "Microsoft-Windows-AppReadiness", "Computer": "DESKTOP-OFJ6N53", "TimeCreated": "2022-04-13 15:59:03.971046+00:00", "RecordID": "852", "Level": "4", "UserID": "S-1-5-18", "EventData.User": "S-1-5-21-963789628-1060504924-4285088085-1001"}
{"EventID": "241", "Channel": "Microsoft-Windows-AppReadiness/Admin", "Provider_Name": "Microsoft-Windows-AppReadiness", "Computer": "DESKTOP-OFJ6N53", "TimeCreated": "2022-04-13 15:59:04.216011+00:00", "RecordID": "853", "Level": "4", "UserID": "S-1-5-18", "EventData.User": "S-1-5-21-963789628-1060504924-4285088085-1001", "EventData.TaskId": "ART:OemFirstRun", "EventData.TaskCount": "0"}
{"EventID": "220", "Channel": "Microsoft-Windows-AppReadiness/Admin", "Provider_Name": "Microsoft-Windows-AppReadiness", "Computer": "DESKTOP-OFJ6N53", "TimeCreated": "2022-04-13 15:59:04.216013+00:00", "RecordID": "854", "Level": "4", "UserID": "S-1-5-18", "EventData.Username": "S-1-5-21-963789628-1060504924-4285088085-1001", "EventData.Task": "ART:OemFirstRun", "EventData.Elapsed": "0.1640025"}
{"EventID": "209", "Channel": "Microsoft-Windows-AppReadiness/Admin", "Provider_Name": "Microsoft-Windows-AppReadiness", "Computer": "DESKTOP-OFJ6N53", "TimeCreated": "2022-04-13 16:00:50.185596+00:00", "RecordID": "855", "Level": "4", "UserID": "S-1-5-18", "EventData.User": "S-1-5-21-963789628-1060504924-4285088085-1001", "EventData.From": "2", "EventData.To": "3"}
{"EventID": "209", "Channel": "Microsoft-Windows-AppReadiness/Admin", "Provider_Name": "Microsoft-Windows-AppReadiness", "Computer": "DESKTOP-OFJ6N53", "TimeCreated": "2022-04-13 16:00:50.185610+00:00", "RecordID": "856", "Level": "4", "UserID": "S-1-5-18", "EventData.User": "S-1-5-18", "EventData.From": "2", "EventData.To": "3"}
{"EventID": "101", "Channel": "Microsoft-Windows-AppReadiness/Admin", "Provider_Name": "Microsoft-Windows-AppReadiness", "Computer": "DESKTOP-OFJ6N53", "TimeCreated": "2022-04-13 16:00:50.201488+00:00", "RecordID": "857", "Level": "4", "UserID": "S-1-5-18"}
{"EventID": "100", "Channel": "Microsoft-Windows-AppReadiness/Admin", "Provider_Name": "Microsoft-Windows-AppReadiness", "Computer": "DESKTOP-OFJ6N53", "TimeCreated": "2022-04-15 09:57:18.608780+00:00", "RecordID": "858", "Level": "4", "UserID": "S-1-5-18"}
{"EventID": "240", "Channel": "Microsoft-Windows-AppReadiness/Admin", "Provider_Name": "Microsoft-Windows-AppReadiness", "Computer": "DESKTOP-OFJ6N53", "TimeCreated": "2022-04-15 09:57:18.628349+00:00", "RecordID": "859", "Level": "4", "UserID": "S-1-5-18", "EventData.User": "S-1-5-18", "EventData.TaskId": "packageChanges-1", "EventData.TaskCount": "1"}
{"EventID": "109", "Channel": "Microsoft-Windows-AppReadiness/Admin", "Provider_Name": "Microsoft-Windows-AppReadiness", "Computer": "DESKTOP-OFJ6N53", "TimeCreated": "2022-04-15 09:57:18.702480+00:00", "RecordID": "860", "Level": "4", "UserID": "S-1-5-18", "EventData.Source": "2", "EventData.Result": "0"}
{"EventID": "241", "Channel": "Microsoft-Windows-AppReadiness/Admin", "Provider_Name": "Microsoft-Windows-AppReadiness", "Computer": "DESKTOP-OFJ6N53", "TimeCreated": "2022-04-15 09:57:18.702616+00:00", "RecordID": "861", "Level": "4", "UserID": "S-1-5-18", "EventData.User": "S-1-5-18", "EventData.TaskId": "packageChanges-1", "EventData.TaskCount": "0"}
{"EventID": "220", "Channel": "Microsoft-Windows-AppReadiness/Admin", "Provider_Name": "Microsoft-Windows-AppReadiness", "Computer": "DESKTOP-OFJ6N53", "TimeCreated": "2022-04-15 09:57:18.702618+00:00", "RecordID": "862", "Level": "4", "UserID": "S-1-5-18", "EventData.Username": "S-1-5-18", "EventData.Task": "packageChanges-1", "EventData.Elapsed": "0.0781228"}
{"EventID": "211", "Channel": "Microsoft-Windows-AppReadiness/Admin", "Provider_Name": "Microsoft-Windows-AppReadiness", "Computer": "DESKTOP-OFJ6N53", "TimeCreated": "2022-04-15 09:57:18.702761+00:00", "RecordID": "863", "Level": "4", "UserID": "S-1-5-18", "EventData.User": "S-1-5-18"}
{"EventID": "236", "Channel": "Microsoft-Windows-AppReadiness/Admin", "Provider_Name": "Microsoft-Windows-AppReadiness", "Computer": "DESKTOP-OFJ6N53", "TimeCreated": "2022-04-15 09:57:18.933147+00:00", "RecordID": "864", "Level": "4", "UserID": "S-1-5-21-963789628-1060504924-4285088085-1001", "EventData.ExitCode": "0x00000000"}
{"EventID": "238", "Channel": "Microsoft-Windows-AppReadiness/Admin", "Provider_Name": "Microsoft-Windows-AppReadiness", "Computer": "DESKTOP-OFJ6N53", "TimeCreated": "2022-04-15 09:57:19.067135+00:00", "RecordID": "865", "Level": "4", "UserID": "S-1-5-21-963789628-1060504924-4285088085-1001", "EventData.ExitCode": "0x00000000"}
{"EventID": "240", "Channel": "Microsoft-Windows-AppReadiness/Admin", "Provider_Name": "Microsoft-Windows-AppReadiness", "Computer": "DESKTOP-OFJ6N53", "TimeCreated": "2022-04-15 09:57:19.067242+00:00", "RecordID": "866", "Level": "4", "UserID": "S-1-5-18", "EventData.User": "S-1-5-21-963789628-1060504924-4285088085-1001", "EventData.TaskId": "install::Microsoft.MicrosoftEdge.Stable_8wekyb3d8bbwe", "EventData.TaskCount": "1"}
{"EventID": "240", "Channel": "Microsoft-Windows-AppReadiness/Admin", "Provider_Name": "Microsoft-Windows-AppReadiness", "Computer": "DESKTOP-OFJ6N53", "TimeCreated": "2022-04-15 09:57:19.068794+00:00", "RecordID": "867", "Level": "4", "UserID": "S-1-5-18", "EventData.User": "S-1-5-21-963789628-1060504924-4285088085-1001", "EventData.TaskId": "PreviewTiles", "EventData.TaskCount": "2"}
{"EventID": "241", "Channel": "Microsoft-Windows-AppReadiness/Admin", "Provider_Name": "Microsoft-Windows-AppReadiness", "Computer": "DESKTOP-OFJ6N53", "TimeCreated": "2022-04-15 09:57:19.100040+00:00", "RecordID": "868", "Level": "4", "UserID": "S-1-5-18", "EventData.User": "S-1-5-21-963789628-1060504924-4285088085-1001", "EventData.TaskId": "PreviewTiles", "EventData.TaskCount": "1"}
{"EventID": "220", "Channel": "Microsoft-Windows-AppReadiness/Admin", "Provider_Name": "Microsoft-Windows-AppReadiness", "Computer": "DESKTOP-OFJ6N53", "TimeCreated": "2022-04-15 09:57:19.100042+00:00", "RecordID": "869", "Level": "4", "UserID": "S-1-5-18", "EventData.Username": "S-1-5-21-963789628-1060504924-4285088085-1001", "EventData.Task": "PreviewTiles", "EventData.Elapsed": "0.0"}
{"EventID": "241", "Channel": "Microsoft-Windows-AppReadiness/Admin", "Provider_Name": "Microsoft-Windows-AppReadiness", "Computer": "DESKTOP-OFJ6N53", "TimeCreated": "2022-04-15 09:57:52.057095+00:00", "RecordID": "870", "Level": "4", "UserID": "S-1-5-18", "EventData.User": "S-1-5-21-963789628-1060504924-4285088085-1001", "EventData.TaskId": "install::Microsoft.MicrosoftEdge.Stable_8wekyb3d8bbwe", "EventData.TaskCount": "0"}
{"EventID": "213", "Channel": "Microsoft-Windows-AppReadiness/Admin", "Provider_Name": "Microsoft-Windows-AppReadiness", "Computer": "DESKTOP-OFJ6N53", "TimeCreated": "2022-04-15 09:57:52.057098+00:00", "RecordID": "871", "Level": "4", "UserID": "S-1-5-18", "EventData.Username": "S-1-5-21-963789628-1060504924-4285088085-1001", "EventData.Package": "Microsoft.MicrosoftEdge.Stable_8wekyb3d8bbwe", "EventData.Operation": "1", "EventData.Elapsed": "32.9649804"}
{"EventID": "211", "Channel": "Microsoft-Windows-AppReadiness/Admin", "Provider_Name": "Microsoft-Windows-AppReadiness", "Computer": "DESKTOP-OFJ6N53", "TimeCreated": "2022-04-15 09:57:52.057375+00:00", "RecordID": "872", "Level": "4", "UserID": "S-1-5-18", "EventData.User": "S-1-5-21-963789628-1060504924-4285088085-1001"}
{"EventID": "209", "Channel": "Microsoft-Windows-AppReadiness/Admin", "Provider_Name": "Microsoft-Windows-AppReadiness", "Computer": "DESKTOP-OFJ6N53", "TimeCreated": "2022-04-15 09:59:48.619328+00:00", "RecordID": "873", "Level": "4", "UserID": "S-1-5-18", "EventData.User": "S-1-5-21-963789628-1060504924-4285088085-1001", "EventData.From": "2", "EventData.To": "3"}
{"EventID": "209", "Channel": "Microsoft-Windows-AppReadiness/Admin", "Provider_Name": "Microsoft-Windows-AppReadiness", "Computer": "DESKTOP-OFJ6N53", "TimeCreated": "2022-04-15 09:59:48.619337+00:00", "RecordID": "874", "Level": "4", "UserID": "S-1-5-18", "EventData.User": "S-1-5-18", "EventData.From": "2", "EventData.To": "3"}
{"EventID": "101", "Channel": "Microsoft-Windows-AppReadiness/Admin", "Provider_Name": "Microsoft-Windows-AppReadiness", "Computer": "DESKTOP-OFJ6N53", "TimeCreated": "2022-04-15 09:59:48.635019+00:00", "RecordID": "875", "Level": "4", "UserID": "S-1-5-18"}
{"EventID": "100", "Channel": "Microsoft-Windows-AppReadiness/Admin", "Provider_Name": "Microsoft-Windows-AppReadiness", "Computer": "DESKTOP-OFJ6N53", "TimeCreated": "2022-04-17 10:57:20.850687+00:00", "RecordID": "876", "Level": "4", "UserID": "S-1-5-18"}
{"EventID": "240", "Channel": "Microsoft-Windows-AppReadiness/Admin", "Provider_Name": "Microsoft-Windows-AppReadiness", "Computer": "DESKTOP-OFJ6N53", "TimeCreated": "2022-04-17 10:57:21.002420+00:00", "RecordID": "877", "Level": "4", "UserID": "S-1-5-18", "EventData.User": "S-1-5-18", "EventData.TaskId": "packageChanges-1", "EventData.TaskCount": "1"}
{"EventID": "109", "Channel": "Microsoft-Windows-AppReadiness/Admin", "Provider_Name": "Microsoft-Windows-AppReadiness", "Computer": "DESKTOP-OFJ6N53", "TimeCreated": "2022-04-17 10:57:21.190971+00:00", "RecordID": "878", "Level": "4", "UserID": "S-1-5-18", "EventData.Source": "2", "EventData.Result": "0"}
{"EventID": "241", "Channel": "Microsoft-Windows-AppReadiness/Admin", "Provider_Name": "Microsoft-Windows-AppReadiness", "Computer": "DESKTOP-OFJ6N53", "TimeCreated": "2022-04-17 10:57:21.191057+00:00", "RecordID": "879", "Level": "4", "UserID": "S-1-5-18", "EventData.User": "S-1-5-18", "EventData.TaskId": "packageChanges-1", "EventData.TaskCount": "0"}
{"EventID": "220", "Channel": "Microsoft-Windows-AppReadiness/Admin", "Provider_Name": "Microsoft-Windows-AppReadiness", "Computer": "DESKTOP-OFJ6N53", "TimeCreated": "2022-04-17 10:57:21.191059+00:00", "RecordID": "880", "Level": "4", "UserID": "S-1-5-18", "EventData.Username": "S-1-5-18", "EventData.Task": "packageChanges-1", "EventData.Elapsed": "0.0020341"}
{"EventID": "211", "Channel": "Microsoft-Windows-AppReadiness/Admin", "Provider_Name": "Microsoft-Windows-AppReadiness", "Computer": "DESKTOP-OFJ6N53", "TimeCreated": "2022-04-17 10:57:21.191149+00:00", "RecordID": "881", "Level": "4", "UserID": "S-1-5-18", "EventData.User": "S-1-5-18"}
{"EventID": "209", "Channel": "Microsoft-Windows-AppReadiness/Admin", "Provider_Name": "Microsoft-Windows-AppReadiness", "Computer": "DESKTOP-OFJ6N53", "TimeCreated": "2022-04-17 10:59:50.980515+00:00", "RecordID": "882", "Level": "4", "UserID": "S-1-5-18", "EventData.User": "S-1-5-18", "EventData.From": "2", "EventData.To": "3"}
{"EventID": "101", "Channel": "Microsoft-Windows-AppReadiness/Admin", "Provider_Name": "Microsoft-Windows-AppReadiness", "Computer": "DESKTOP-OFJ6N53", "TimeCreated": "2022-04-17 10:59:50.996346+00:00", "RecordID": "883", "Level": "4", "UserID": "S-1-5-18"}
{"EventID": "100", "Channel": "Microsoft-Windows-AppReadiness/Admin", "Provider_Name": "Microsoft-Windows-AppReadiness", "Computer": "DESKTOP-OFJ6N53", "TimeCreated": "2022-05-05 10:01:49.663021+00:00", "RecordID": "884", "Level": "4", "UserID": "S-1-5-18"}
{"EventID": "209", "Channel": "Microsoft-Windows-AppReadiness/Admin", "Provider_Name": "Microsoft-Windows-AppReadiness", "Computer": "DESKTOP-OFJ6N53", "TimeCreated": "2022-05-05 10:01:49.690147+00:00", "RecordID": "885", "Level": "4", "UserID": "S-1-5-18", "EventData.User": "S-1-5-21-963789628-1060504924-4285088085-1001", "EventData.From": "2", "EventData.To": "0"}
{"EventID": "232", "Channel": "Microsoft-Windows-AppReadiness/Admin", "Provider_Name": "Microsoft-Windows-AppReadiness", "Computer": "DESKTOP-OFJ6N53", "TimeCreated": "2022-05-05 10:01:50.040632+00:00", "RecordID": "886", "Level": "4", "UserID": "S-1-5-18", "EventData.ExitCode": "0x00000000"}
{"EventID": "236", "Channel": "Microsoft-Windows-AppReadiness/Admin", "Provider_Name": "Microsoft-Windows-AppReadiness", "Computer": "DESKTOP-OFJ6N53", "TimeCreated": "2022-05-05 10:01:53.197197+00:00", "RecordID": "887", "Level": "4", "UserID": "S-1-5-21-963789628-1060504924-4285088085-1001", "EventData.ExitCode": "0x00000000"}
{"EventID": "238", "Channel": "Microsoft-Windows-AppReadiness/Admin", "Provider_Name": "Microsoft-Windows-AppReadiness", "Computer": "DESKTOP-OFJ6N53", "TimeCreated": "2022-05-05 10:01:53.810778+00:00", "RecordID": "888", "Level": "4", "UserID": "S-1-5-21-963789628-1060504924-4285088085-1001", "EventData.ExitCode": "0x00000000"}
{"EventID": "240", "Channel": "Microsoft-Windows-AppReadiness/Admin", "Provider_Name": "Microsoft-Windows-AppReadiness", "Computer": "DESKTOP-OFJ6N53", "TimeCreated": "2022-05-05 10:01:53.810947+00:00", "RecordID": "889", "Level": "4", "UserID": "S-1-5-18", "EventData.User": "S-1-5-21-963789628-1060504924-4285088085-1001", "EventData.TaskId": "install::Microsoft.MicrosoftEdge.Stable_8wekyb3d8bbwe", "EventData.TaskCount": "1"}
{"EventID": "240", "Channel": "Microsoft-Windows-AppReadiness/Admin", "Provider_Name": "Microsoft-Windows-AppReadiness", "Computer": "DESKTOP-OFJ6N53", "TimeCreated": "2022-05-05 10:01:53.816061+00:00", "RecordID": "890", "Level": "4", "UserID": "S-1-5-18", "EventData.User": "S-1-5-21-963789628-1060504924-4285088085-1001", "EventData.TaskId": "PreviewTiles", "EventData.TaskCount": "2"}
{"EventID": "240", "Channel": "Microsoft-Windows-AppReadiness/Admin", "Provider_Name": "Microsoft-Windows-AppReadiness", "Computer": "DESKTOP-OFJ6N53", "TimeCreated": "2022-05-05 10:01:53.816095+00:00", "RecordID": "891", "Level": "4", "UserID": "S-1-5-18", "EventData.User": "S-1-5-21-963789628-1060504924-4285088085-1001", "EventData.TaskId": "install::Microsoft.StorePurchaseApp_8wekyb3d8bbwe", "EventData.TaskCount": "3"}
{"EventID": "240", "Channel": "Microsoft-Windows-AppReadiness/Admin", "Provider_Name": "Microsoft-Windows-AppReadiness", "Computer": "DESKTOP-OFJ6N53", "TimeCreated": "2022-05-05 10:01:53.816269+00:00", "RecordID": "892", "Level": "4", "UserID": "S-1-5-18", "EventData.User": "S-1-5-21-963789628-1060504924-4285088085-1001", "EventData.TaskId": "install::Microsoft.WindowsStore_8wekyb3d8bbwe", "EventData.TaskCount": "4"}
{"EventID": "240", "Channel": "Microsoft-Windows-AppReadiness/Admin", "Provider_Name": "Microsoft-Windows-AppReadiness", "Computer": "DESKTOP-OFJ6N53", "TimeCreated": "2022-05-05 10:01:53.816889+00:00", "RecordID": "893", "Level": "4", "UserID": "S-1-5-18", "EventData.User": "S-1-5-21-963789628-1060504924-4285088085-1001", "EventData.TaskId": "ART:UserLogon", "EventData.TaskCount": "5"}
{"EventID": "216", "Channel": "Microsoft-Windows-AppReadiness/Admin", "Provider_Name": "Microsoft-Windows-AppReadiness", "Computer": "DESKTOP-OFJ6N53", "TimeCreated": "2022-05-05 10:01:53.819477+00:00", "RecordID": "894", "Level": "4", "UserID": "S-1-5-18", "EventData.User": "S-1-5-21-963789628-1060504924-4285088085-1001", "EventData.ResumeAt": "2022-05-05 13:02:23.809000+00:00"}
{"EventID": "241", "Channel": "Microsoft-Windows-AppReadiness/Admin", "Provider_Name": "Microsoft-Windows-AppReadiness", "Computer": "DESKTOP-OFJ6N53", "TimeCreated": "2022-05-05 10:01:53.819660+00:00", "RecordID": "895", "Level": "4", "UserID": "S-1-5-18", "EventData.User": "S-1-5-21-963789628-1060504924-4285088085-1001", "EventData.TaskId": "ART:UserLogon", "EventData.TaskCount": "4"}
{"EventID": "220", "Channel": "Microsoft-Windows-AppReadiness/Admin", "Provider_Name": "Microsoft-Windows-AppReadiness", "Computer": "DESKTOP-OFJ6N53", "TimeCreated": "2022-05-05 10:01:53.819662+00:00", "RecordID": "896", "Level": "4", "UserID": "S-1-5-18", "EventData.Username": "S-1-5-21-963789628-1060504924-4285088085-1001", "EventData.Task": "ART:UserLogon", "EventData.Elapsed": "0.0"}
{"EventID": "240", "Channel": "Microsoft-Windows-AppReadiness/Admin", "Provider_Name": "Microsoft-Windows-AppReadiness", "Computer": "DESKTOP-OFJ6N53", "TimeCreated": "2022-05-05 10:02:16.260883+00:00", "RecordID": "897", "Level": "4", "UserID": "S-1-5-18", "EventData.User": "S-1-5-21-963789628-1060504924-4285088085-1001", "EventData.TaskId": "ART:OemFirstRun", "EventData.TaskCount": "5"}
{"EventID": "209", "Channel": "Microsoft-Windows-AppReadiness/Admin", "Provider_Name": "Microsoft-Windows-AppReadiness", "Computer": "DESKTOP-OFJ6N53", "TimeCreated": "2022-05-05 10:02:16.654045+00:00", "RecordID": "898", "Level": "4", "UserID": "S-1-5-18", "EventData.User": "S-1-5-21-963789628-1060504924-4285088085-1001", "EventData.From": "0", "EventData.To": "1"}
{"EventID": "209", "Channel": "Microsoft-Windows-AppReadiness/Admin", "Provider_Name": "Microsoft-Windows-AppReadiness", "Computer": "DESKTOP-OFJ6N53", "TimeCreated": "2022-05-05 10:02:17.248871+00:00", "RecordID": "899", "Level": "4", "UserID": "S-1-5-18", "EventData.User": "S-1-5-21-963789628-1060504924-4285088085-1001", "EventData.From": "1", "EventData.To": "2"}
