{"EventID": "4", "Channel": "Microsoft-Windows-Kernel-ShimEngine/Operational", "Provider_Name": "Microsoft-Windows-Kernel-ShimEngine", "Computer": "DESKTOP-OFJ6N53", "TimeCreated": "2022-11-18 00:56:25.793816+00:00", "RecordID": "119", "Level": "4", "UserID": "S-1-5-18", "EventData.DeviceName": "USBXHCI:ALL", "EventData.DeviceClass": "USBXHCI", "EventData.FlagSource": "1", "EventData.Flags": "1126037345796100"}
{"EventID": "4", "Channel": "Microsoft-Windows-Kernel-ShimEngine/Operational", "Provider_Name": "Microsoft-Windows-Kernel-ShimEngine", "Computer": "DESKTOP-OFJ6N53", "TimeCreated": "2022-11-18 00:56:25.854595+00:00", "RecordID": "120", "Level": "4", "UserID": "S-1-5-18", "EventData.DeviceName": "USBXHCI:ALL", "EventData.DeviceClass": "USBXHCI", "EventData.FlagSource": "1", "EventData.Flags": "1126037345796100"}
{"EventID": "3", "Channel": "Microsoft-Windows-Kernel-ShimEngine/Operational", "Provider_Name": "Microsoft-Windows-Kernel-ShimEngine", "Computer": "DESKTOP-OFJ6N53", "TimeCreated": "2022-11-19 20:55:50.780153+00:00", "RecordID": "121", "Level": "4", "UserID": "S-1-5-18", "EventData.DriverName": "storahci.sys", "EventData.ShimSource": "0", "EventData.ShimCount": "1", "EventData.AppliedGuids": "{434abafd-08fa-4c3d-a88d-d09a88e2ab17}"}
{"EventID": "4", "Channel": "Microsoft-Windows-Kernel-ShimEngine/Operational", "Provider_Name": "Microsoft-Windows-Kernel-ShimEngine", "Computer": "DESKTOP-OFJ6N53", "TimeCreated": "2022-11-19 20:55:53.733730+00:00", "RecordID": "122", "Level": "4", "UserID": "S-1-5-18", "EventData.DeviceName": "USBXHCI:ALL", "EventData.DeviceClass": "USBXHCI", "EventData.FlagSource": "1", "EventData.Flags": "1126037345796100"}
{"EventID": "4", "Channel": "Microsoft-Windows-Kernel-ShimEngine/Operational", "Provider_Name": "Microsoft-Windows-Kernel-ShimEngine", "Computer": "DESKTOP-OFJ6N53", "TimeCreated": "2022-11-19 20:55:53.789680+00:00", "RecordID": "123", "Level": "4", "UserID": "S-1-5-18", "EventData.DeviceName": "USBXHCI:ALL", "EventData.DeviceClass": "USBXHCI", "EventData.FlagSource": "1", "EventData.Flags": "1126037345796100"}
{"EventID": "3", "Channel": "Microsoft-Windows-Kernel-ShimEngine/Operational", "Provider_Name": "Microsoft-Windows-Kernel-ShimEngine", "Computer": "DESKTOP-OFJ6N53", "TimeCreated": "2022-11-21 07:56:14.946543+00:00", "RecordID": "124", "Level": "4", "UserID": "S-1-5-18", "EventData.DriverName": "storahci.sys", "EventData.ShimSource": "0", "EventData.ShimCount": "1", "EventData.AppliedGuids": "{434abafd-08fa-4c3d-a88d-d09a88e2ab17}"}
{"EventID": "4", "Channel": "Microsoft-Windows-Kernel-ShimEngine/Operational", "Provider_Name": "Microsoft-Windows-Kernel-ShimEngine", "Computer": "DESKTOP-OFJ6N53", "TimeCreated": "2022-11-21 07:56:18.981012+00:00", "RecordID": "125", "Level": "4", "UserID": "S-1-5-18", "EventData.DeviceName": "USBXHCI:ALL", "EventData.DeviceClass": "USBXHCI", "EventData.FlagSource": "1", "EventData.Flags": "1126037345796100"}
{"EventID": "4", "Channel": "Microsoft-Windows-Kernel-ShimEngine/Operational", "Provider_Name": "Microsoft-Windows-Kernel-ShimEngine", "Computer": "DESKTOP-OFJ6N53", "TimeCreated": "2022-11-21 07:56:19.027449+00:00", "RecordID": "126", "Level": "4", "UserID": "S-1-5-18", "EventData.DeviceName": "USBXHCI:ALL", "EventData.DeviceClass": "USBXHCI", "EventData.FlagSource": "1", "EventData.Flags": "1126037345796100"}
{"EventID": "3", "Channel": "Microsoft-Windows-Kernel-ShimEngine/Operational", "Provider_Name": "Microsoft-Windows-Kernel-ShimEngine", "Computer": "DESKTOP-OFJ6N53", "TimeCreated": "2022-11-22 07:19:39.382656+00:00", "RecordID": "127", "Level": "4", "UserID": "S-1-5-18", "EventData.DriverName": "storahci.sys", "EventData.ShimSource": "0", "EventData.ShimCount": "1", "EventData.AppliedGuids": "{434abafd-08fa-4c3d-a88d-d09a88e2ab17}"}
{"EventID": "4", "Channel": "Microsoft-Windows-Kernel-ShimEngine/Operational", "Provider_Name": "Microsoft-Windows-Kernel-ShimEngine", "Computer": "DESKTOP-OFJ6N53", "TimeCreated": "2022-11-22 07:19:43.229378+00:00", "RecordID": "128", "Level": "4", "UserID": "S-1-5-18", "EventData.DeviceName": "USBXHCI:ALL", "EventData.DeviceClass": "USBXHCI", "EventData.FlagSource": "1", "EventData.Flags": "1126037345796100"}
{"EventID": "4", "Channel": "Microsoft-Windows-Kernel-ShimEngine/Operational", "Provider_Name": "Microsoft-Windows-Kernel-ShimEngine", "Computer": "DESKTOP-OFJ6N53", "TimeCreated": "2022-11-22 07:19:43.379787+00:00", "RecordID": "129", "Level": "4", "UserID": "S-1-5-18", "EventData.DeviceName": "USBXHCI:ALL", "EventData.DeviceClass": "USBXHCI", "EventData.FlagSource": "1", "EventData.Flags": "1126037345796100"}
{"EventID": "3", "Channel": "Microsoft-Windows-Kernel-ShimEngine/Operational", "Provider_Name": "Microsoft-Windows-Kernel-ShimEngine", "Computer": "DESKTOP-OFJ6N53", "TimeCreated": "2022-11-22 11:56:51.375822+00:00", "RecordID": "130", "Level": "4", "UserID": "S-1-5-18", "EventData.DriverName": "storahci.sys", "EventData.ShimSource": "0", "EventData.ShimCount": "1", "EventData.AppliedGuids": "{434abafd-08fa-4c3d-a88d-d09a88e2ab17}"}
{"EventID": "4", "Channel": "Microsoft-Windows-Kernel-ShimEngine/Operational", "Provider_Name": "Microsoft-Windows-Kernel-ShimEngine", "Computer": "DESKTOP-OFJ6N53", "TimeCreated": "2022-11-22 11:56:54.145571+00:00", "RecordID": "131", "Level": "4", "UserID": "S-1-5-18", "EventData.DeviceName": "USBXHCI:ALL", "EventData.DeviceClass": "USBXHCI", "EventData.FlagSource": "1", "EventData.Flags": "1126037345796100"}
{"EventID": "4", "Channel": "Microsoft-Windows-Kernel-ShimEngine/Operational", "Provider_Name": "Microsoft-Windows-Kernel-ShimEngine", "Computer": "DESKTOP-OFJ6N53", "TimeCreated": "2022-11-22 11:56:54.201235+00:00", "RecordID": "132", "Level": "4", "UserID": "S-1-5-18", "EventData.DeviceName": "USBXHCI:ALL", "EventData.DeviceClass": "USBXHCI", "EventData.FlagSource": "1", "EventData.Flags": "1126037345796100"}
{"EventID": "3", "Channel": "Microsoft-Windows-Kernel-ShimEngine/Operational", "Provider_Name": "Microsoft-Windows-Kernel-ShimEngine", "Computer": "DESKTOP-OFJ6N53", "TimeCreated": "2022-11-24 10:51:55.698013+00:00", "RecordID": "133", "Level": "4", "UserID": "S-1-5-18", "EventData.DriverName": "storahci.sys", "EventData.ShimSource": "0", "EventData.ShimCount": "1", "EventData.AppliedGuids": "{434abafd-08fa-4c3d-a88d-d09a88e2ab17}"}
{"EventID": "4", "Channel": "Microsoft-Windows-Kernel-ShimEngine/Operational", "Provider_Name": "Microsoft-Windows-Kernel-ShimEngine", "Computer": "DESKTOP-OFJ6N53", "TimeCreated": "2022-11-24 10:51:57.650993+00:00", "RecordID": "134", "Level": "4", "UserID": "S-1-5-18", "EventData.DeviceName": "USBXHCI:ALL", "EventData.DeviceClass": "USBXHCI", "EventData.FlagSource": "1", "EventData.Flags": "1126037345796100"}
{"EventID": "4", "Channel": "Microsoft-Windows-Kernel-ShimEngine/Operational", "Provider_Name": "Microsoft-Windows-Kernel-ShimEngine", "Computer": "DESKTOP-OFJ6N53", "TimeCreated": "2022-11-24 10:51:57.697931+00:00", "RecordID": "135", "Level": "4", "UserID": "S-1-5-18", "EventData.DeviceName": "USBXHCI:ALL", "EventData.DeviceClass": "USBXHCI", "EventData.FlagSource": "1", "EventData.Flags": "1126037345796100"}
{"EventID": "3", "Channel": "Microsoft-Windows-Kernel-ShimEngine/Operational", "Provider_Name": "Microsoft-Windows-Kernel-ShimEngine", "Computer": "DESKTOP-OFJ6N53", "TimeCreated": "2022-11-28 11:06:22.290911+00:00", "RecordID": "136", "Level": "4", "UserID": "S-1-5-18", "EventData.DriverName": "storahci.sys", "EventData.ShimSource": "0", "EventData.ShimCount": "1", "EventData.AppliedGuids": "{434abafd-08fa-4c3d-a88d-d09a88e2ab17}"}
{"EventID": "4", "Channel": "Microsoft-Windows-Kernel-ShimEngine/Operational", "Provider_Name": "Microsoft-Windows-Kernel-ShimEngine", "Computer": "DESKTOP-OFJ6N53", "TimeCreated": "2022-11-28 11:06:34.062466+00:00", "RecordID": "137", "Level": "4", "UserID": "S-1-5-18", "EventData.DeviceName": "USBXHCI:ALL", "EventData.DeviceClass": "USBXHCI", "EventData.FlagSource": "1", "EventData.Flags": "1126037345796100"}
{"EventID": "4", "Channel": "Microsoft-Windows-Kernel-ShimEngine/Operational", "Provider_Name": "Microsoft-Windows-Kernel-ShimEngine", "Computer": "DESKTOP-OFJ6N53", "TimeCreated": "2022-11-28 11:06:34.524153+00:00", "RecordID": "138", "Level": "4", "UserID": "S-1-5-18", "EventData.DeviceName": "USBXHCI:ALL", "EventData.DeviceClass": "USBXHCI", "EventData.FlagSource": "1", "EventData.Flags": "1126037345796100"}
{"EventID": "3", "Channel": "Microsoft-Windows-Kernel-ShimEngine/Operational", "Provider_Name": "Microsoft-Windows-Kernel-ShimEngine", "Computer": "DESKTOP-OFJ6N53", "TimeCreated": "2022-11-30 10:05:20.267082+00:00", "RecordID": "139", "Level": "4", "UserID": "S-1-5-18", "EventData.DriverName": "storahci.sys", "EventData.ShimSource": "0", "EventData.ShimCount": "1", "EventData.AppliedGuids": "{434abafd-08fa-4c3d-a88d-d09a88e2ab17}"}
{"EventID": "4", "Channel": "Microsoft-Windows-Kernel-ShimEngine/Operational", "Provider_Name": "Microsoft-Windows-Kernel-ShimEngine", "Computer": "DESKTOP-OFJ6N53", "TimeCreated": "2022-11-30 10:05:22.844664+00:00", "RecordID": "140", "Level": "4", "UserID": "S-1-5-18", "EventData.DeviceName": "USBXHCI:ALL", "EventData.DeviceClass": "USBXHCI", "EventData.FlagSource": "1", "EventData.Flags": "1126037345796100"}
{"EventID": "4", "Channel": "Microsoft-Windows-Kernel-ShimEngine/Operational", "Provider_Name": "Microsoft-Windows-Kernel-ShimEngine", "Computer": "DESKTOP-OFJ6N53", "TimeCreated": "2022-11-30 10:05:22.895927+00:00", "RecordID": "141", "Level": "4", "UserID": "S-1-5-18", "EventData.DeviceName": "USBXHCI:ALL", "EventData.DeviceClass": "USBXHCI", "EventData.FlagSource": "1", "EventData.Flags": "1126037345796100"}
{"EventID": "3", "Channel": "Microsoft-Windows-Kernel-ShimEngine/Operational", "Provider_Name": "Microsoft-Windows-Kernel-ShimEngine", "Computer": "DESKTOP-OFJ6N53", "TimeCreated": "2022-12-06 11:56:57.677439+00:00", "RecordID": "142", "Level": "4", "UserID": "S-1-5-18", "EventData.DriverName": "storahci.sys", "EventData.ShimSource": "0", "EventData.ShimCount": "1", "EventData.AppliedGuids": "{434abafd-08fa-4c3d-a88d-d09a88e2ab17}"}
{"EventID": "4", "Channel": "Microsoft-Windows-Kernel-ShimEngine/Operational", "Provider_Name": "Microsoft-Windows-Kernel-ShimEngine", "Computer": "DESKTOP-OFJ6N53", "TimeCreated": "2022-12-06 11:57:00.157610+00:00", "RecordID": "143", "Level": "4", "UserID": "S-1-5-18", "EventData.DeviceName": "USBXHCI:ALL", "EventData.DeviceClass": "USBXHCI", "EventData.FlagSource": "1", "EventData.Flags": "1126037345796100"}
{"EventID": "4", "Channel": "Microsoft-Windows-Kernel-ShimEngine/Operational", "Provider_Name": "Microsoft-Windows-Kernel-ShimEngine", "Computer": "DESKTOP-OFJ6N53", "TimeCreated": "2022-12-06 11:57:00.217512+00:00", "RecordID": "144", "Level": "4", "UserID": "S-1-5-18", "EventData.DeviceName": "USBXHCI:ALL", "EventData.DeviceClass": "USBXHCI", "EventData.FlagSource": "1", "EventData.Flags": "1126037345796100"}
{"EventID": "3", "Channel": "Microsoft-Windows-Kernel-ShimEngine/Operational", "Provider_Name": "Microsoft-Windows-Kernel-ShimEngine", "Computer": "DESKTOP-OFJ6N53", "TimeCreated": "2022-12-09 11:51:37.209797+00:00", "RecordID": "145", "Level": "4", "UserID": "S-1-5-18", "EventData.DriverName": "storahci.sys", "EventData.ShimSource": "0", "EventData.ShimCount": "1", "EventData.AppliedGuids": "{434abafd-08fa-4c3d-a88d-d09a88e2ab17}"}
{"EventID": "4", "Channel": "Microsoft-Windows-Kernel-ShimEngine/Operational", "Provider_Name": "Microsoft-Windows-Kernel-ShimEngine", "Computer": "DESKTOP-OFJ6N53", "TimeCreated": "2022-12-09 11:51:39.957047+00:00", "RecordID": "146", "Level": "4", "UserID": "S-1-5-18", "EventData.DeviceName": "USBXHCI:ALL", "EventData.DeviceClass": "USBXHCI", "EventData.FlagSource": "1", "EventData.Flags": "1126037345796100"}
{"EventID": "4", "Channel": "Microsoft-Windows-Kernel-ShimEngine/Operational", "Provider_Name": "Microsoft-Windows-Kernel-ShimEngine", "Computer": "DESKTOP-OFJ6N53", "TimeCreated": "2022-12-09 11:51:40.010622+00:00", "RecordID": "147", "Level": "4", "UserID": "S-1-5-18", "EventData.DeviceName": "USBXHCI:ALL", "EventData.DeviceClass": "USBXHCI", "EventData.FlagSource": "1", "EventData.Flags": "1126037345796100"}
{"EventID": "3", "Channel": "Microsoft-Windows-Kernel-ShimEngine/Operational", "Provider_Name": "Microsoft-Windows-Kernel-ShimEngine", "Computer": "DESKTOP-OFJ6N53", "TimeCreated": "2022-12-12 15:20:15.235760+00:00", "RecordID": "148", "Level": "4", "UserID": "S-1-5-18", "EventData.DriverName": "storahci.sys", "EventData.ShimSource": "0", "EventData.ShimCount": "1", "EventData.AppliedGuids": "{434abafd-08fa-4c3d-a88d-d09a88e2ab17}"}
{"EventID": "4", "Channel": "Microsoft-Windows-Kernel-ShimEngine/Operational", "Provider_Name": "Microsoft-Windows-Kernel-ShimEngine", "Computer": "DESKTOP-OFJ6N53", "TimeCreated": "2022-12-12 15:20:17.636442+00:00", "RecordID": "149", "Level": "4", "UserID": "S-1-5-18", "EventData.DeviceName": "USBXHCI:ALL", "EventData.DeviceClass": "USBXHCI", "EventData.FlagSource": "1", "EventData.Flags": "1126037345796100"}
{"EventID": "4", "Channel": "Microsoft-Windows-Kernel-ShimEngine/Operational", "Provider_Name": "Microsoft-Windows-Kernel-ShimEngine", "Computer": "DESKTOP-OFJ6N53", "TimeCreated": "2022-12-12 15:20:17.705639+00:00", "RecordID": "150", "Level": "4", "UserID": "S-1-5-18", "EventData.DeviceName": "USBXHCI:ALL", "EventData.DeviceClass": "USBXHCI", "EventData.FlagSource": "1", "EventData.Flags": "1126037345796100"}
{"EventID": "3", "Channel": "Microsoft-Windows-Kernel-ShimEngine/Operational", "Provider_Name": "Microsoft-Windows-Kernel-ShimEngine", "Computer": "DESKTOP-OFJ6N53", "TimeCreated": "2022-12-14 12:46:19.592634+00:00", "RecordID": "151", "Level": "4", "UserID": "S-1-5-18", "EventData.DriverName": "storahci.sys", "EventData.ShimSource": "0", "EventData.ShimCount": "1", "EventData.AppliedGuids": "{434abafd-08fa-4c3d-a88d-d09a88e2ab17}"}
{"EventID": "4", "Channel": "Microsoft-Windows-Kernel-ShimEngine/Operational", "Provider_Name": "Microsoft-Windows-Kernel-ShimEngine", "Computer": "DESKTOP-OFJ6N53", "TimeCreated": "2022-12-14 12:46:22.323021+00:00", "RecordID": "152", "Level": "4", "UserID": "S-1-5-18", "EventData.DeviceName": "USBXHCI:ALL", "EventData.DeviceClass": "USBXHCI", "EventData.FlagSource": "1", "EventData.Flags": "1126037345796100"}
{"EventID": "4", "Channel": "Microsoft-Windows-Kernel-ShimEngine/Operational", "Provider_Name": "Microsoft-Windows-Kernel-ShimEngine", "Computer": "DESKTOP-OFJ6N53", "TimeCreated": "2022-12-14 12:46:22.410885+00:00", "RecordID": "153", "Level": "4", "UserID": "S-1-5-18", "EventData.DeviceName": "USBXHCI:ALL", "EventData.DeviceClass": "USBXHCI", "EventData.FlagSource": "1", "EventData.Flags": "1126037345796100"}
{"EventID": "3", "Channel": "Microsoft-Windows-Kernel-ShimEngine/Operational", "Provider_Name": "Microsoft-Windows-Kernel-ShimEngine", "Computer": "DESKTOP-OFJ6N53", "TimeCreated": "2022-12-15 08:28:42.708750+00:00", "RecordID": "154", "Level": "4", "UserID": "S-1-5-18", "EventData.DriverName": "storahci.sys", "EventData.ShimSource": "0", "EventData.ShimCount": "1", "EventData.AppliedGuids": "{434abafd-08fa-4c3d-a88d-d09a88e2ab17}"}
{"EventID": "4", "Channel": "Microsoft-Windows-Kernel-ShimEngine/Operational", "Provider_Name": "Microsoft-Windows-Kernel-ShimEngine", "Computer": "DESKTOP-OFJ6N53", "TimeCreated": "2022-12-15 08:28:47.718086+00:00", "RecordID": "155", "Level": "4", "UserID": "S-1-5-18", "EventData.DeviceName": "USBXHCI:ALL", "EventData.DeviceClass": "USBXHCI", "EventData.FlagSource": "1", "EventData.Flags": "1126037345796100"}
{"EventID": "4", "Channel": "Microsoft-Windows-Kernel-ShimEngine/Operational", "Provider_Name": "Microsoft-Windows-Kernel-ShimEngine", "Computer": "DESKTOP-OFJ6N53", "TimeCreated": "2022-12-15 08:28:47.761625+00:00", "RecordID": "156", "Level": "4", "UserID": "S-1-5-18", "EventData.DeviceName": "USBXHCI:ALL", "EventData.DeviceClass": "USBXHCI", "EventData.FlagSource": "1", "EventData.Flags": "1126037345796100"}
{"EventID": "3", "Channel": "Microsoft-Windows-Kernel-ShimEngine/Operational", "Provider_Name": "Microsoft-Windows-Kernel-ShimEngine", "Computer": "DESKTOP-OFJ6N53", "TimeCreated": "2022-12-21 09:55:12.939829+00:00", "RecordID": "157", "Level": "4", "UserID": "S-1-5-18", "EventData.DriverName": "storahci.sys", "EventData.ShimSource": "0", "EventData.ShimCount": "1", "EventData.AppliedGuids": "{434abafd-08fa-4c3d-a88d-d09a88e2ab17}"}
{"EventID": "4", "Channel": "Microsoft-Windows-Kernel-ShimEngine/Operational", "Provider_Name": "Microsoft-Windows-Kernel-ShimEngine", "Computer": "DESKTOP-OFJ6N53", "TimeCreated": "2022-12-21 09:55:15.406609+00:00", "RecordID": "158", "Level": "4", "UserID": "S-1-5-18", "EventData.DeviceName": "USBXHCI:ALL", "EventData.DeviceClass": "USBXHCI", "EventData.FlagSource": "1", "EventData.Flags": "1126037345796100"}
{"EventID": "4", "Channel": "Microsoft-Windows-Kernel-ShimEngine/Operational", "Provider_Name": "Microsoft-Windows-Kernel-ShimEngine", "Computer": "DESKTOP-OFJ6N53", "TimeCreated": "2022-12-21 09:55:15.473280+00:00", "RecordID": "159", "Level": "4", "UserID": "S-1-5-18", "EventData.DeviceName": "USBXHCI:ALL", "EventData.DeviceClass": "USBXHCI", "EventData.FlagSource": "1", "EventData.Flags": "1126037345796100"}
{"EventID": "3", "Channel": "Microsoft-Windows-Kernel-ShimEngine/Operational", "Provider_Name": "Microsoft-Windows-Kernel-ShimEngine", "Computer": "DESKTOP-OFJ6N53", "TimeCreated": "2022-12-27 09:34:28.401768+00:00", "RecordID": "160", "Level": "4", "UserID": "S-1-5-18", "EventData.DriverName": "storahci.sys", "EventData.ShimSource": "0", "EventData.ShimCount": "1", "EventData.AppliedGuids": "{434abafd-08fa-4c3d-a88d-d09a88e2ab17}"}
{"EventID": "4", "Channel": "Microsoft-Windows-Kernel-ShimEngine/Operational", "Provider_Name": "Microsoft-Windows-Kernel-ShimEngine", "Computer": "DESKTOP-OFJ6N53", "TimeCreated": "2022-12-27 09:34:33.071110+00:00", "RecordID": "161", "Level": "4", "UserID": "S-1-5-18", "EventData.DeviceName": "USBXHCI:ALL", "EventData.DeviceClass": "USBXHCI", "EventData.FlagSource": "1", "EventData.Flags": "1126037345796100"}
{"EventID": "4", "Channel": "Microsoft-Windows-Kernel-ShimEngine/Operational", "Provider_Name": "Microsoft-Windows-Kernel-ShimEngine", "Computer": "DESKTOP-OFJ6N53", "TimeCreated": "2022-12-27 09:34:34.077040+00:00", "RecordID": "162", "Level": "4", "UserID": "S-1-5-18", "EventData.DeviceName": "USBXHCI:ALL", "EventData.DeviceClass": "USBXHCI", "EventData.FlagSource": "1", "EventData.Flags": "1126037345796100"}
{"EventID": "3", "Channel": "Microsoft-Windows-Kernel-ShimEngine/Operational", "Provider_Name": "Microsoft-Windows-Kernel-ShimEngine", "Computer": "DESKTOP-OFJ6N53", "TimeCreated": "2022-12-29 12:41:27.211487+00:00", "RecordID": "163", "Level": "4", "UserID": "S-1-5-18", "EventData.DriverName": "storahci.sys", "EventData.ShimSource": "0", "EventData.ShimCount": "1", "EventData.AppliedGuids": "{434abafd-08fa-4c3d-a88d-d09a88e2ab17}"}
{"EventID": "4", "Channel": "Microsoft-Windows-Kernel-ShimEngine/Operational", "Provider_Name": "Microsoft-Windows-Kernel-ShimEngine", "Computer": "DESKTOP-OFJ6N53", "TimeCreated": "2022-12-29 12:41:30.054369+00:00", "RecordID": "164", "Level": "4", "UserID": "S-1-5-18", "EventData.DeviceName": "USBXHCI:ALL", "EventData.DeviceClass": "USBXHCI", "EventData.FlagSource": "1", "EventData.Flags": "1126037345796100"}
{"EventID": "4", "Channel": "Microsoft-Windows-Kernel-ShimEngine/Operational", "Provider_Name": "Microsoft-Windows-Kernel-ShimEngine", "Computer": "DESKTOP-OFJ6N53", "TimeCreated": "2022-12-29 12:41:30.097740+00:00", "RecordID": "165", "Level": "4", "UserID": "S-1-5-18", "EventData.DeviceName": "USBXHCI:ALL", "EventData.DeviceClass": "USBXHCI", "EventData.FlagSource": "1", "EventData.Flags": "1126037345796100"}
{"EventID": "3", "Channel": "Microsoft-Windows-Kernel-ShimEngine/Operational", "Provider_Name": "Microsoft-Windows-Kernel-ShimEngine", "Computer": "DESKTOP-OFJ6N53", "TimeCreated": "2023-01-10 07:49:12.315252+00:00", "RecordID": "166", "Level": "4", "UserID": "S-1-5-18", "EventData.DriverName": "storahci.sys", "EventData.ShimSource": "0", "EventData.ShimCount": "1", "EventData.AppliedGuids": "{434abafd-08fa-4c3d-a88d-d09a88e2ab17}"}
{"EventID": "4", "Channel": "Microsoft-Windows-Kernel-ShimEngine/Operational", "Provider_Name": "Microsoft-Windows-Kernel-ShimEngine", "Computer": "DESKTOP-OFJ6N53", "TimeCreated": "2023-01-10 07:49:14.697960+00:00", "RecordID": "167", "Level": "4", "UserID": "S-1-5-18", "EventData.DeviceName": "USBXHCI:ALL", "EventData.DeviceClass": "USBXHCI", "EventData.FlagSource": "1", "EventData.Flags": "1126037345796100"}
{"EventID": "4", "Channel": "Microsoft-Windows-Kernel-ShimEngine/Operational", "Provider_Name": "Microsoft-Windows-Kernel-ShimEngine", "Computer": "DESKTOP-OFJ6N53", "TimeCreated": "2023-01-10 07:49:14.740196+00:00", "RecordID": "168", "Level": "4", "UserID": "S-1-5-18", "EventData.DeviceName": "USBXHCI:ALL", "EventData.DeviceClass": "USBXHCI", "EventData.FlagSource": "1", "EventData.Flags": "1126037345796100"}
{"EventID": "3", "Channel": "Microsoft-Windows-Kernel-ShimEngine/Operational", "Provider_Name": "Microsoft-Windows-Kernel-ShimEngine", "Computer": "DESKTOP-OFJ6N53", "TimeCreated": "2023-01-11 14:45:25.836599+00:00", "RecordID": "169", "Level": "4", "UserID": "S-1-5-18", "EventData.DriverName": "storahci.sys", "EventData.ShimSource": "0", "EventData.ShimCount": "1", "EventData.AppliedGuids": "{434abafd-08fa-4c3d-a88d-d09a88e2ab17}"}
{"EventID": "4", "Channel": "Microsoft-Windows-Kernel-ShimEngine/Operational", "Provider_Name": "Microsoft-Windows-Kernel-ShimEngine", "Computer": "DESKTOP-OFJ6N53", "TimeCreated": "2023-01-11 14:45:29.568703+00:00", "RecordID": "170", "Level": "4", "UserID": "S-1-5-18", "EventData.DeviceName": "USBXHCI:ALL", "EventData.DeviceClass": "USBXHCI", "EventData.FlagSource": "1", "EventData.Flags": "1126037345796100"}
{"EventID": "4", "Channel": "Microsoft-Windows-Kernel-ShimEngine/Operational", "Provider_Name": "Microsoft-Windows-Kernel-ShimEngine", "Computer": "DESKTOP-OFJ6N53", "TimeCreated": "2023-01-11 14:45:29.617495+00:00", "RecordID": "171", "Level": "4", "UserID": "S-1-5-18", "EventData.DeviceName": "USBXHCI:ALL", "EventData.DeviceClass": "USBXHCI", "EventData.FlagSource": "1", "EventData.Flags": "1126037345796100"}
{"EventID": "3", "Channel": "Microsoft-Windows-Kernel-ShimEngine/Operational", "Provider_Name": "Microsoft-Windows-Kernel-ShimEngine", "Computer": "DESKTOP-OFJ6N53", "TimeCreated": "2023-01-13 13:31:23.888266+00:00", "RecordID": "172", "Level": "4", "UserID": "S-1-5-18", "EventData.DriverName": "storahci.sys", "EventData.ShimSource": "0", "EventData.ShimCount": "1", "EventData.AppliedGuids": "{434abafd-08fa-4c3d-a88d-d09a88e2ab17}"}
{"EventID": "4", "Channel": "Microsoft-Windows-Kernel-ShimEngine/Operational", "Provider_Name": "Microsoft-Windows-Kernel-ShimEngine", "Computer": "DESKTOP-OFJ6N53", "TimeCreated": "2023-01-13 13:31:26.043791+00:00", "RecordID": "173", "Level": "4", "UserID": "S-1-5-18", "EventData.DeviceName": "USBXHCI:ALL", "EventData.DeviceClass": "USBXHCI", "EventData.FlagSource": "1", "EventData.Flags": "1126037345796100"}
{"EventID": "4", "Channel": "Microsoft-Windows-Kernel-ShimEngine/Operational", "Provider_Name": "Microsoft-Windows-Kernel-ShimEngine", "Computer": "DESKTOP-OFJ6N53", "TimeCreated": "2023-01-13 13:31:26.106670+00:00", "RecordID": "174", "Level": "4", "UserID": "S-1-5-18", "EventData.DeviceName": "USBXHCI:ALL", "EventData.DeviceClass": "USBXHCI", "EventData.FlagSource": "1", "EventData.Flags": "1126037345796100"}
{"EventID": "3", "Channel": "Microsoft-Windows-Kernel-ShimEngine/Operational", "Provider_Name": "Microsoft-Windows-Kernel-ShimEngine", "Computer": "DESKTOP-OFJ6N53", "TimeCreated": "2023-01-16 08:14:19.871264+00:00", "RecordID": "175", "Level": "4", "UserID": "S-1-5-18", "EventData.DriverName": "storahci.sys", "EventData.ShimSource": "0", "EventData.ShimCount": "1", "EventData.AppliedGuids": "{434abafd-08fa-4c3d-a88d-d09a88e2ab17}"}
{"EventID": "4", "Channel": "Microsoft-Windows-Kernel-ShimEngine/Operational", "Provider_Name": "Microsoft-Windows-Kernel-ShimEngine", "Computer": "DESKTOP-OFJ6N53", "TimeCreated": "2023-01-16 08:14:23.224758+00:00", "RecordID": "176", "Level": "4", "UserID": "S-1-5-18", "EventData.DeviceName": "USBXHCI:ALL", "EventData.DeviceClass": "USBXHCI", "EventData.FlagSource": "1", "EventData.Flags": "1126037345796100"}
{"EventID": "4", "Channel": "Microsoft-Windows-Kernel-ShimEngine/Operational", "Provider_Name": "Microsoft-Windows-Kernel-ShimEngine", "Computer": "DESKTOP-OFJ6N53", "TimeCreated": "2023-01-16 08:14:23.302816+00:00", "RecordID": "177", "Level": "4", "UserID": "S-1-5-18", "EventData.DeviceName": "USBXHCI:ALL", "EventData.DeviceClass": "USBXHCI", "EventData.FlagSource": "1", "EventData.Flags": "1126037345796100"}
{"EventID": "3", "Channel": "Microsoft-Windows-Kernel-ShimEngine/Operational", "Provider_Name": "Microsoft-Windows-Kernel-ShimEngine", "Computer": "DESKTOP-OFJ6N53", "TimeCreated": "2023-01-17 12:30:06.016844+00:00", "RecordID": "178", "Level": "4", "UserID": "S-1-5-18", "EventData.DriverName": "storahci.sys", "EventData.ShimSource": "0", "EventData.ShimCount": "1", "EventData.AppliedGuids": "{434abafd-08fa-4c3d-a88d-d09a88e2ab17}"}
{"EventID": "4", "Channel": "Microsoft-Windows-Kernel-ShimEngine/Operational", "Provider_Name": "Microsoft-Windows-Kernel-ShimEngine", "Computer": "DESKTOP-OFJ6N53", "TimeCreated": "2023-01-17 12:30:09.790615+00:00", "RecordID": "179", "Level": "4", "UserID": "S-1-5-18", "EventData.DeviceName": "USBXHCI:ALL", "EventData.DeviceClass": "USBXHCI", "EventData.FlagSource": "1", "EventData.Flags": "1126037345796100"}
{"EventID": "4", "Channel": "Microsoft-Windows-Kernel-ShimEngine/Operational", "Provider_Name": "Microsoft-Windows-Kernel-ShimEngine", "Computer": "DESKTOP-OFJ6N53", "TimeCreated": "2023-01-17 12:30:09.846336+00:00", "RecordID": "180", "Level": "4", "UserID": "S-1-5-18", "EventData.DeviceName": "USBXHCI:ALL", "EventData.DeviceClass": "USBXHCI", "EventData.FlagSource": "1", "EventData.Flags": "1126037345796100"}
{"EventID": "3", "Channel": "Microsoft-Windows-Kernel-ShimEngine/Operational", "Provider_Name": "Microsoft-Windows-Kernel-ShimEngine", "Computer": "DESKTOP-OFJ6N53", "TimeCreated": "2023-01-19 08:00:03.950300+00:00", "RecordID": "181", "Level": "4", "UserID": "S-1-5-18", "EventData.DriverName": "storahci.sys", "EventData.ShimSource": "0", "EventData.ShimCount": "1", "EventData.AppliedGuids": "{434abafd-08fa-4c3d-a88d-d09a88e2ab17}"}
{"EventID": "4", "Channel": "Microsoft-Windows-Kernel-ShimEngine/Operational", "Provider_Name": "Microsoft-Windows-Kernel-ShimEngine", "Computer": "DESKTOP-OFJ6N53", "TimeCreated": "2023-01-19 08:00:07.626268+00:00", "RecordID": "182", "Level": "4", "UserID": "S-1-5-18", "EventData.DeviceName": "USBXHCI:ALL", "EventData.DeviceClass": "USBXHCI", "EventData.FlagSource": "1", "EventData.Flags": "1126037345796100"}
{"EventID": "4", "Channel": "Microsoft-Windows-Kernel-ShimEngine/Operational", "Provider_Name": "Microsoft-Windows-Kernel-ShimEngine", "Computer": "DESKTOP-OFJ6N53", "TimeCreated": "2023-01-19 08:00:07.726851+00:00", "RecordID": "183", "Level": "4", "UserID": "S-1-5-18", "EventData.DeviceName": "USBXHCI:ALL", "EventData.DeviceClass": "USBXHCI", "EventData.FlagSource": "1", "EventData.Flags": "1126037345796100"}
{"EventID": "3", "Channel": "Microsoft-Windows-Kernel-ShimEngine/Operational", "Provider_Name": "Microsoft-Windows-Kernel-ShimEngine", "Computer": "DESKTOP-OFJ6N53", "TimeCreated": "2023-01-19 11:54:53.188976+00:00", "RecordID": "184", "Level": "4", "UserID": "S-1-5-18", "EventData.DriverName": "storahci.sys", "EventData.ShimSource": "0", "EventData.ShimCount": "1", "EventData.AppliedGuids": "{434abafd-08fa-4c3d-a88d-d09a88e2ab17}"}
{"EventID": "4", "Channel": "Microsoft-Windows-Kernel-ShimEngine/Operational", "Provider_Name": "Microsoft-Windows-Kernel-ShimEngine", "Computer": "DESKTOP-OFJ6N53", "TimeCreated": "2023-01-19 11:54:55.513521+00:00", "RecordID": "185", "Level": "4", "UserID": "S-1-5-18", "EventData.DeviceName": "USBXHCI:ALL", "EventData.DeviceClass": "USBXHCI", "EventData.FlagSource": "1", "EventData.Flags": "1126037345796100"}
{"EventID": "4", "Channel": "Microsoft-Windows-Kernel-ShimEngine/Operational", "Provider_Name": "Microsoft-Windows-Kernel-ShimEngine", "Computer": "DESKTOP-OFJ6N53", "TimeCreated": "2023-01-19 11:54:55.560379+00:00", "RecordID": "186", "Level": "4", "UserID": "S-1-5-18", "EventData.DeviceName": "USBXHCI:ALL", "EventData.DeviceClass": "USBXHCI", "EventData.FlagSource": "1", "EventData.Flags": "1126037345796100"}
{"EventID": "3", "Channel": "Microsoft-Windows-Kernel-ShimEngine/Operational", "Provider_Name": "Microsoft-Windows-Kernel-ShimEngine", "Computer": "DESKTOP-OFJ6N53", "TimeCreated": "2023-01-20 14:30:54.401655+00:00", "RecordID": "187", "Level": "4", "UserID": "S-1-5-18", "EventData.DriverName": "storahci.sys", "EventData.ShimSource": "0", "EventData.ShimCount": "1", "EventData.AppliedGuids": "{434abafd-08fa-4c3d-a88d-d09a88e2ab17}"}
{"EventID": "4", "Channel": "Microsoft-Windows-Kernel-ShimEngine/Operational", "Provider_Name": "Microsoft-Windows-Kernel-ShimEngine", "Computer": "DESKTOP-OFJ6N53", "TimeCreated": "2023-01-20 14:30:56.306639+00:00", "RecordID": "188", "Level": "4", "UserID": "S-1-5-18", "EventData.DeviceName": "USBXHCI:ALL", "EventData.DeviceClass": "USBXHCI", "EventData.FlagSource": "1", "EventData.Flags": "1126037345796100"}
{"EventID": "4", "Channel": "Microsoft-Windows-Kernel-ShimEngine/Operational", "Provider_Name": "Microsoft-Windows-Kernel-ShimEngine", "Computer": "DESKTOP-OFJ6N53", "TimeCreated": "2023-01-20 14:30:56.358007+00:00", "RecordID": "189", "Level": "4", "UserID": "S-1-5-18", "EventData.DeviceName": "USBXHCI:ALL", "EventData.DeviceClass": "USBXHCI", "EventData.FlagSource": "1", "EventData.Flags": "1126037345796100"}
{"EventID": "3", "Channel": "Microsoft-Windows-Kernel-ShimEngine/Operational", "Provider_Name": "Microsoft-Windows-Kernel-ShimEngine", "Computer": "DESKTOP-OFJ6N53", "TimeCreated": "2023-01-23 10:19:12.310795+00:00", "RecordID": "190", "Level": "4", "UserID": "S-1-5-18", "EventData.DriverName": "storahci.sys", "EventData.ShimSource": "0", "EventData.ShimCount": "1", "EventData.AppliedGuids": "{434abafd-08fa-4c3d-a88d-d09a88e2ab17}"}
{"EventID": "4", "Channel": "Microsoft-Windows-Kernel-ShimEngine/Operational", "Provider_Name": "Microsoft-Windows-Kernel-ShimEngine", "Computer": "DESKTOP-OFJ6N53", "TimeCreated": "2023-01-23 10:19:14.534031+00:00", "RecordID": "191", "Level": "4", "UserID": "S-1-5-18", "EventData.DeviceName": "USBXHCI:ALL", "EventData.DeviceClass": "USBXHCI", "EventData.FlagSource": "1", "EventData.Flags": "1126037345796100"}
{"EventID": "4", "Channel": "Microsoft-Windows-Kernel-ShimEngine/Operational", "Provider_Name": "Microsoft-Windows-Kernel-ShimEngine", "Computer": "DESKTOP-OFJ6N53", "TimeCreated": "2023-01-23 10:19:14.578217+00:00", "RecordID": "192", "Level": "4", "UserID": "S-1-5-18", "EventData.DeviceName": "USBXHCI:ALL", "EventData.DeviceClass": "USBXHCI", "EventData.FlagSource": "1", "EventData.Flags": "1126037345796100"}
{"EventID": "3", "Channel": "Microsoft-Windows-Kernel-ShimEngine/Operational", "Provider_Name": "Microsoft-Windows-Kernel-ShimEngine", "Computer": "DESKTOP-OFJ6N53", "TimeCreated": "2023-01-23 12:40:52.371922+00:00", "RecordID": "193", "Level": "4", "UserID": "S-1-5-18", "EventData.DriverName": "storahci.sys", "EventData.ShimSource": "0", "EventData.ShimCount": "1", "EventData.AppliedGuids": "{434abafd-08fa-4c3d-a88d-d09a88e2ab17}"}
{"EventID": "4", "Channel": "Microsoft-Windows-Kernel-ShimEngine/Operational", "Provider_Name": "Microsoft-Windows-Kernel-ShimEngine", "Computer": "DESKTOP-OFJ6N53", "TimeCreated": "2023-01-23 12:40:54.661587+00:00", "RecordID": "194", "Level": "4", "UserID": "S-1-5-18", "EventData.DeviceName": "USBXHCI:ALL", "EventData.DeviceClass": "USBXHCI", "EventData.FlagSource": "1", "EventData.Flags": "1126037345796100"}
{"EventID": "4", "Channel": "Microsoft-Windows-Kernel-ShimEngine/Operational", "Provider_Name": "Microsoft-Windows-Kernel-ShimEngine", "Computer": "DESKTOP-OFJ6N53", "TimeCreated": "2023-01-23 12:40:54.743752+00:00", "RecordID": "195", "Level": "4", "UserID": "S-1-5-18", "EventData.DeviceName": "USBXHCI:ALL", "EventData.DeviceClass": "USBXHCI", "EventData.FlagSource": "1", "EventData.Flags": "1126037345796100"}
{"EventID": "3", "Channel": "Microsoft-Windows-Kernel-ShimEngine/Operational", "Provider_Name": "Microsoft-Windows-Kernel-ShimEngine", "Computer": "DESKTOP-OFJ6N53", "TimeCreated": "2023-01-25 08:56:40.322866+00:00", "RecordID": "196", "Level": "4", "UserID": "S-1-5-18", "EventData.DriverName": "storahci.sys", "EventData.ShimSource": "0", "EventData.ShimCount": "1", "EventData.AppliedGuids": "{434abafd-08fa-4c3d-a88d-d09a88e2ab17}"}
{"EventID": "4", "Channel": "Microsoft-Windows-Kernel-ShimEngine/Operational", "Provider_Name": "Microsoft-Windows-Kernel-ShimEngine", "Computer": "DESKTOP-OFJ6N53", "TimeCreated": "2023-01-25 08:56:45.630400+00:00", "RecordID": "197", "Level": "4", "UserID": "S-1-5-18", "EventData.DeviceName": "USBXHCI:ALL", "EventData.DeviceClass": "USBXHCI", "EventData.FlagSource": "1", "EventData.Flags": "1126037345796100"}
{"EventID": "4", "Channel": "Microsoft-Windows-Kernel-ShimEngine/Operational", "Provider_Name": "Microsoft-Windows-Kernel-ShimEngine", "Computer": "DESKTOP-OFJ6N53", "TimeCreated": "2023-01-25 08:56:45.898371+00:00", "RecordID": "198", "Level": "4", "UserID": "S-1-5-18", "EventData.DeviceName": "USBXHCI:ALL", "EventData.DeviceClass": "USBXHCI", "EventData.FlagSource": "1", "EventData.Flags": "1126037345796100"}
{"EventID": "3", "Channel": "Microsoft-Windows-Kernel-ShimEngine/Operational", "Provider_Name": "Microsoft-Windows-Kernel-ShimEngine", "Computer": "DESKTOP-OFJ6N53", "TimeCreated": "2023-01-27 15:03:55.813274+00:00", "RecordID": "199", "Level": "4", "UserID": "S-1-5-18", "EventData.DriverName": "storahci.sys", "EventData.ShimSource": "0", "EventData.ShimCount": "1", "EventData.AppliedGuids": "{434abafd-08fa-4c3d-a88d-d09a88e2ab17}"}
{"EventID": "4", "Channel": "Microsoft-Windows-Kernel-ShimEngine/Operational", "Provider_Name": "Microsoft-Windows-Kernel-ShimEngine", "Computer": "DESKTOP-OFJ6N53", "TimeCreated": "2023-01-27 15:03:59.096910+00:00", "RecordID": "200", "Level": "4", "UserID": "S-1-5-18", "EventData.DeviceName": "USBXHCI:ALL", "EventData.DeviceClass": "USBXHCI", "EventData.FlagSource": "1", "EventData.Flags": "1126037345796100"}
{"EventID": "4", "Channel": "Microsoft-Windows-Kernel-ShimEngine/Operational", "Provider_Name": "Microsoft-Windows-Kernel-ShimEngine", "Computer": "DESKTOP-OFJ6N53", "TimeCreated": "2023-01-27 15:03:59.241028+00:00", "RecordID": "201", "Level": "4", "UserID": "S-1-5-18", "EventData.DeviceName": "USBXHCI:ALL", "EventData.DeviceClass": "USBXHCI", "EventData.FlagSource": "1", "EventData.Flags": "1126037345796100"}
{"EventID": "3", "Channel": "Microsoft-Windows-Kernel-ShimEngine/Operational", "Provider_Name": "Microsoft-Windows-Kernel-ShimEngine", "Computer": "DESKTOP-OFJ6N53", "TimeCreated": "2023-01-30 08:02:16.869333+00:00", "RecordID": "202", "Level": "4", "UserID": "S-1-5-18", "EventData.DriverName": "storahci.sys", "EventData.ShimSource": "0", "EventData.ShimCount": "1", "EventData.AppliedGuids": "{434abafd-08fa-4c3d-a88d-d09a88e2ab17}"}
{"EventID": "4", "Channel": "Microsoft-Windows-Kernel-ShimEngine/Operational", "Provider_Name": "Microsoft-Windows-Kernel-ShimEngine", "Computer": "DESKTOP-OFJ6N53", "TimeCreated": "2023-01-30 08:02:19.827032+00:00", "RecordID": "203", "Level": "4", "UserID": "S-1-5-18", "EventData.DeviceName": "USBXHCI:ALL", "EventData.DeviceClass": "USBXHCI", "EventData.FlagSource": "1", "EventData.Flags": "1126037345796100"}
{"EventID": "4", "Channel": "Microsoft-Windows-Kernel-ShimEngine/Operational", "Provider_Name": "Microsoft-Windows-Kernel-ShimEngine", "Computer": "DESKTOP-OFJ6N53", "TimeCreated": "2023-01-30 08:02:19.916765+00:00", "RecordID": "204", "Level": "4", "UserID": "S-1-5-18", "EventData.DeviceName": "USBXHCI:ALL", "EventData.DeviceClass": "USBXHCI", "EventData.FlagSource": "1", "EventData.Flags": "1126037345796100"}
{"EventID": "3", "Channel": "Microsoft-Windows-Kernel-ShimEngine/Operational", "Provider_Name": "Microsoft-Windows-Kernel-ShimEngine", "Computer": "DESKTOP-OFJ6N53", "TimeCreated": "2023-02-09 10:49:41.647978+00:00", "RecordID": "205", "Level": "4", "UserID": "S-1-5-18", "EventData.DriverName": "storahci.sys", "EventData.ShimSource": "0", "EventData.ShimCount": "1", "EventData.AppliedGuids": "{434abafd-08fa-4c3d-a88d-d09a88e2ab17}"}
{"EventID": "4", "Channel": "Microsoft-Windows-Kernel-ShimEngine/Operational", "Provider_Name": "Microsoft-Windows-Kernel-ShimEngine", "Computer": "DESKTOP-OFJ6N53", "TimeCreated": "2023-02-09 10:49:44.168875+00:00", "RecordID": "206", "Level": "4", "UserID": "S-1-5-18", "EventData.DeviceName": "USBXHCI:ALL", "EventData.DeviceClass": "USBXHCI", "EventData.FlagSource": "1", "EventData.Flags": "1126037345796100"}
{"EventID": "4", "Channel": "Microsoft-Windows-Kernel-ShimEngine/Operational", "Provider_Name": "Microsoft-Windows-Kernel-ShimEngine", "Computer": "DESKTOP-OFJ6N53", "TimeCreated": "2023-02-09 10:49:44.228504+00:00", "RecordID": "207", "Level": "4", "UserID": "S-1-5-18", "EventData.DeviceName": "USBXHCI:ALL", "EventData.DeviceClass": "USBXHCI", "EventData.FlagSource": "1", "EventData.Flags": "1126037345796100"}
{"EventID": "3", "Channel": "Microsoft-Windows-Kernel-ShimEngine/Operational", "Provider_Name": "Microsoft-Windows-Kernel-ShimEngine", "Computer": "DESKTOP-OFJ6N53", "TimeCreated": "2023-02-14 14:07:26.531607+00:00", "RecordID": "208", "Level": "4", "UserID": "S-1-5-18", "EventData.DriverName": "storahci.sys", "EventData.ShimSource": "0", "EventData.ShimCount": "1", "EventData.AppliedGuids": "{434abafd-08fa-4c3d-a88d-d09a88e2ab17}"}
{"EventID": "4", "Channel": "Microsoft-Windows-Kernel-ShimEngine/Operational", "Provider_Name": "Microsoft-Windows-Kernel-ShimEngine", "Computer": "DESKTOP-OFJ6N53", "TimeCreated": "2023-02-14 14:07:29.618876+00:00", "RecordID": "209", "Level": "4", "UserID": "S-1-5-18", "EventData.DeviceName": "USBXHCI:ALL", "EventData.DeviceClass": "USBXHCI", "EventData.FlagSource": "1", "EventData.Flags": "1126037345796100"}
{"EventID": "4", "Channel": "Microsoft-Windows-Kernel-ShimEngine/Operational", "Provider_Name": "Microsoft-Windows-Kernel-ShimEngine", "Computer": "DESKTOP-OFJ6N53", "TimeCreated": "2023-02-14 14:07:29.755922+00:00", "RecordID": "210", "Level": "4", "UserID": "S-1-5-18", "EventData.DeviceName": "USBXHCI:ALL", "EventData.DeviceClass": "USBXHCI", "EventData.FlagSource": "1", "EventData.Flags": "1126037345796100"}
{"EventID": "3", "Channel": "Microsoft-Windows-Kernel-ShimEngine/Operational", "Provider_Name": "Microsoft-Windows-Kernel-ShimEngine", "Computer": "DESKTOP-OFJ6N53", "TimeCreated": "2023-02-15 12:29:50.225307+00:00", "RecordID": "211", "Level": "4", "UserID": "S-1-5-18", "EventData.DriverName": "storahci.sys", "EventData.ShimSource": "0", "EventData.ShimCount": "1", "EventData.AppliedGuids": "{434abafd-08fa-4c3d-a88d-d09a88e2ab17}"}
{"EventID": "4", "Channel": "Microsoft-Windows-Kernel-ShimEngine/Operational", "Provider_Name": "Microsoft-Windows-Kernel-ShimEngine", "Computer": "DESKTOP-OFJ6N53", "TimeCreated": "2023-02-15 12:29:55.141994+00:00", "RecordID": "212", "Level": "4", "UserID": "S-1-5-18", "EventData.DeviceName": "USBXHCI:ALL", "EventData.DeviceClass": "USBXHCI", "EventData.FlagSource": "1", "EventData.Flags": "1126037345796100"}
{"EventID": "4", "Channel": "Microsoft-Windows-Kernel-ShimEngine/Operational", "Provider_Name": "Microsoft-Windows-Kernel-ShimEngine", "Computer": "DESKTOP-OFJ6N53", "TimeCreated": "2023-02-15 12:29:55.225178+00:00", "RecordID": "213", "Level": "4", "UserID": "S-1-5-18", "EventData.DeviceName": "USBXHCI:ALL", "EventData.DeviceClass": "USBXHCI", "EventData.FlagSource": "1", "EventData.Flags": "1126037345796100"}
{"EventID": "3", "Channel": "Microsoft-Windows-Kernel-ShimEngine/Operational", "Provider_Name": "Microsoft-Windows-Kernel-ShimEngine", "Computer": "DESKTOP-OFJ6N53", "TimeCreated": "2023-02-15 19:09:39.959734+00:00", "RecordID": "214", "Level": "4", "UserID": "S-1-5-18", "EventData.DriverName": "storahci.sys", "EventData.ShimSource": "0", "EventData.ShimCount": "1", "EventData.AppliedGuids": "{434abafd-08fa-4c3d-a88d-d09a88e2ab17}"}
{"EventID": "4", "Channel": "Microsoft-Windows-Kernel-ShimEngine/Operational", "Provider_Name": "Microsoft-Windows-Kernel-ShimEngine", "Computer": "DESKTOP-OFJ6N53", "TimeCreated": "2023-02-15 19:09:42.761097+00:00", "RecordID": "215", "Level": "4", "UserID": "S-1-5-18", "EventData.DeviceName": "USBXHCI:ALL", "EventData.DeviceClass": "USBXHCI", "EventData.FlagSource": "1", "EventData.Flags": "1126037345796100"}
{"EventID": "4", "Channel": "Microsoft-Windows-Kernel-ShimEngine/Operational", "Provider_Name": "Microsoft-Windows-Kernel-ShimEngine", "Computer": "DESKTOP-OFJ6N53", "TimeCreated": "2023-02-15 19:09:42.833778+00:00", "RecordID": "216", "Level": "4", "UserID": "S-1-5-18", "EventData.DeviceName": "USBXHCI:ALL", "EventData.DeviceClass": "USBXHCI", "EventData.FlagSource": "1", "EventData.Flags": "1126037345796100"}
{"EventID": "3", "Channel": "Microsoft-Windows-Kernel-ShimEngine/Operational", "Provider_Name": "Microsoft-Windows-Kernel-ShimEngine", "Computer": "DESKTOP-OFJ6N53", "TimeCreated": "2023-02-16 01:24:06.098375+00:00", "RecordID": "217", "Level": "4", "UserID": "S-1-5-18", "EventData.DriverName": "storahci.sys", "EventData.ShimSource": "0", "EventData.ShimCount": "1", "EventData.AppliedGuids": "{434abafd-08fa-4c3d-a88d-d09a88e2ab17}"}
{"EventID": "4", "Channel": "Microsoft-Windows-Kernel-ShimEngine/Operational", "Provider_Name": "Microsoft-Windows-Kernel-ShimEngine", "Computer": "DESKTOP-OFJ6N53", "TimeCreated": "2023-02-16 01:24:08.699511+00:00", "RecordID": "218", "Level": "4", "UserID": "S-1-5-18", "EventData.DeviceName": "USBXHCI:ALL", "EventData.DeviceClass": "USBXHCI", "EventData.FlagSource": "1", "EventData.Flags": "1126037345796100"}
{"EventID": "4", "Channel": "Microsoft-Windows-Kernel-ShimEngine/Operational", "Provider_Name": "Microsoft-Windows-Kernel-ShimEngine", "Computer": "DESKTOP-OFJ6N53", "TimeCreated": "2023-02-16 01:24:08.764767+00:00", "RecordID": "219", "Level": "4", "UserID": "S-1-5-18", "EventData.DeviceName": "USBXHCI:ALL", "EventData.DeviceClass": "USBXHCI", "EventData.FlagSource": "1", "EventData.Flags": "1126037345796100"}
{"EventID": "3", "Channel": "Microsoft-Windows-Kernel-ShimEngine/Operational", "Provider_Name": "Microsoft-Windows-Kernel-ShimEngine", "Computer": "DESKTOP-OFJ6N53", "TimeCreated": "2023-02-27 19:06:13.079279+00:00", "RecordID": "220", "Level": "4", "UserID": "S-1-5-18", "EventData.DriverName": "storahci.sys", "EventData.ShimSource": "0", "EventData.ShimCount": "1", "EventData.AppliedGuids": "{434abafd-08fa-4c3d-a88d-d09a88e2ab17}"}
{"EventID": "4", "Channel": "Microsoft-Windows-Kernel-ShimEngine/Operational", "Provider_Name": "Microsoft-Windows-Kernel-ShimEngine", "Computer": "DESKTOP-OFJ6N53", "TimeCreated": "2023-02-27 19:06:15.243090+00:00", "RecordID": "221", "Level": "4", "UserID": "S-1-5-18", "EventData.DeviceName": "USBXHCI:ALL", "EventData.DeviceClass": "USBXHCI", "EventData.FlagSource": "1", "EventData.Flags": "1126037345796100"}
{"EventID": "4", "Channel": "Microsoft-Windows-Kernel-ShimEngine/Operational", "Provider_Name": "Microsoft-Windows-Kernel-ShimEngine", "Computer": "DESKTOP-OFJ6N53", "TimeCreated": "2023-02-27 19:06:15.285618+00:00", "RecordID": "222", "Level": "4", "UserID": "S-1-5-18", "EventData.DeviceName": "USBXHCI:ALL", "EventData.DeviceClass": "USBXHCI", "EventData.FlagSource": "1", "EventData.Flags": "1126037345796100"}
{"EventID": "3", "Channel": "Microsoft-Windows-Kernel-ShimEngine/Operational", "Provider_Name": "Microsoft-Windows-Kernel-ShimEngine", "Computer": "DESKTOP-OFJ6N53", "TimeCreated": "2023-03-06 08:59:09.976757+00:00", "RecordID": "223", "Level": "4", "UserID": "S-1-5-18", "EventData.DriverName": "storahci.sys", "EventData.ShimSource": "0", "EventData.ShimCount": "1", "EventData.AppliedGuids": "{434abafd-08fa-4c3d-a88d-d09a88e2ab17}"}
{"EventID": "4", "Channel": "Microsoft-Windows-Kernel-ShimEngine/Operational", "Provider_Name": "Microsoft-Windows-Kernel-ShimEngine", "Computer": "DESKTOP-OFJ6N53", "TimeCreated": "2023-03-06 08:59:12.630144+00:00", "RecordID": "224", "Level": "4", "UserID": "S-1-5-18", "EventData.DeviceName": "USBXHCI:ALL", "EventData.DeviceClass": "USBXHCI", "EventData.FlagSource": "1", "EventData.Flags": "1126037345796100"}
{"EventID": "4", "Channel": "Microsoft-Windows-Kernel-ShimEngine/Operational", "Provider_Name": "Microsoft-Windows-Kernel-ShimEngine", "Computer": "DESKTOP-OFJ6N53", "TimeCreated": "2023-03-06 08:59:12.717369+00:00", "RecordID": "225", "Level": "4", "UserID": "S-1-5-18", "EventData.DeviceName": "USBXHCI:ALL", "EventData.DeviceClass": "USBXHCI", "EventData.FlagSource": "1", "EventData.Flags": "1126037345796100"}
{"EventID": "3", "Channel": "Microsoft-Windows-Kernel-ShimEngine/Operational", "Provider_Name": "Microsoft-Windows-Kernel-ShimEngine", "Computer": "DESKTOP-OFJ6N53", "TimeCreated": "2023-03-10 12:02:57.205032+00:00", "RecordID": "226", "Level": "4", "UserID": "S-1-5-18", "EventData.DriverName": "storahci.sys", "EventData.ShimSource": "0", "EventData.ShimCount": "1", "EventData.AppliedGuids": "{434abafd-08fa-4c3d-a88d-d09a88e2ab17}"}
{"EventID": "4", "Channel": "Microsoft-Windows-Kernel-ShimEngine/Operational", "Provider_Name": "Microsoft-Windows-Kernel-ShimEngine", "Computer": "DESKTOP-OFJ6N53", "TimeCreated": "2023-03-10 12:03:00.859743+00:00", "RecordID": "227", "Level": "4", "UserID": "S-1-5-18", "EventData.DeviceName": "USBXHCI:ALL", "EventData.DeviceClass": "USBXHCI", "EventData.FlagSource": "1", "EventData.Flags": "1126037345796100"}
{"EventID": "4", "Channel": "Microsoft-Windows-Kernel-ShimEngine/Operational", "Provider_Name": "Microsoft-Windows-Kernel-ShimEngine", "Computer": "DESKTOP-OFJ6N53", "TimeCreated": "2023-03-10 12:03:00.946381+00:00", "RecordID": "228", "Level": "4", "UserID": "S-1-5-18", "EventData.DeviceName": "USBXHCI:ALL", "EventData.DeviceClass": "USBXHCI", "EventData.FlagSource": "1", "EventData.Flags": "1126037345796100"}
{"EventID": "3", "Channel": "Microsoft-Windows-Kernel-ShimEngine/Operational", "Provider_Name": "Microsoft-Windows-Kernel-ShimEngine", "Computer": "DESKTOP-OFJ6N53", "TimeCreated": "2023-03-13 11:07:43.464449+00:00", "RecordID": "229", "Level": "4", "UserID": "S-1-5-18", "EventData.DriverName": "storahci.sys", "EventData.ShimSource": "0", "EventData.ShimCount": "1", "EventData.AppliedGuids": "{434abafd-08fa-4c3d-a88d-d09a88e2ab17}"}
{"EventID": "4", "Channel": "Microsoft-Windows-Kernel-ShimEngine/Operational", "Provider_Name": "Microsoft-Windows-Kernel-ShimEngine", "Computer": "DESKTOP-OFJ6N53", "TimeCreated": "2023-03-13 11:07:47.089661+00:00", "RecordID": "230", "Level": "4", "UserID": "S-1-5-18", "EventData.DeviceName": "USBXHCI:ALL", "EventData.DeviceClass": "USBXHCI", "EventData.FlagSource": "1", "EventData.Flags": "1126037345796100"}
{"EventID": "4", "Channel": "Microsoft-Windows-Kernel-ShimEngine/Operational", "Provider_Name": "Microsoft-Windows-Kernel-ShimEngine", "Computer": "DESKTOP-OFJ6N53", "TimeCreated": "2023-03-13 11:07:47.398342+00:00", "RecordID": "231", "Level": "4", "UserID": "S-1-5-18", "EventData.DeviceName": "USBXHCI:ALL", "EventData.DeviceClass": "USBXHCI", "EventData.FlagSource": "1", "EventData.Flags": "1126037345796100"}
{"EventID": "3", "Channel": "Microsoft-Windows-Kernel-ShimEngine/Operational", "Provider_Name": "Microsoft-Windows-Kernel-ShimEngine", "Computer": "DESKTOP-OFJ6N53", "TimeCreated": "2023-03-15 22:02:21.814499+00:00", "RecordID": "232", "Level": "4", "UserID": "S-1-5-18", "EventData.DriverName": "storahci.sys", "EventData.ShimSource": "0", "EventData.ShimCount": "1", "EventData.AppliedGuids": "{434abafd-08fa-4c3d-a88d-d09a88e2ab17}"}
{"EventID": "4", "Channel": "Microsoft-Windows-Kernel-ShimEngine/Operational", "Provider_Name": "Microsoft-Windows-Kernel-ShimEngine", "Computer": "DESKTOP-OFJ6N53", "TimeCreated": "2023-03-15 22:02:27.443794+00:00", "RecordID": "233", "Level": "4", "UserID": "S-1-5-18", "EventData.DeviceName": "USBXHCI:ALL", "EventData.DeviceClass": "USBXHCI", "EventData.FlagSource": "1", "EventData.Flags": "1126037345796100"}
{"EventID": "4", "Channel": "Microsoft-Windows-Kernel-ShimEngine/Operational", "Provider_Name": "Microsoft-Windows-Kernel-ShimEngine", "Computer": "DESKTOP-OFJ6N53", "TimeCreated": "2023-03-15 22:02:27.539467+00:00", "RecordID": "234", "Level": "4", "UserID": "S-1-5-18", "EventData.DeviceName": "USBXHCI:ALL", "EventData.DeviceClass": "USBXHCI", "EventData.FlagSource": "1", "EventData.Flags": "1126037345796100"}
{"EventID": "3", "Channel": "Microsoft-Windows-Kernel-ShimEngine/Operational", "Provider_Name": "Microsoft-Windows-Kernel-ShimEngine", "Computer": "DESKTOP-OFJ6N53", "TimeCreated": "2023-03-19 01:06:38.609407+00:00", "RecordID": "235", "Level": "4", "UserID": "S-1-5-18", "EventData.DriverName": "storahci.sys", "EventData.ShimSource": "0", "EventData.ShimCount": "1", "EventData.AppliedGuids": "{434abafd-08fa-4c3d-a88d-d09a88e2ab17}"}
{"EventID": "4", "Channel": "Microsoft-Windows-Kernel-ShimEngine/Operational", "Provider_Name": "Microsoft-Windows-Kernel-ShimEngine", "Computer": "DESKTOP-OFJ6N53", "TimeCreated": "2023-03-19 01:06:43.165630+00:00", "RecordID": "236", "Level": "4", "UserID": "S-1-5-18", "EventData.DeviceName": "USBXHCI:ALL", "EventData.DeviceClass": "USBXHCI", "EventData.FlagSource": "1", "EventData.Flags": "1126037345796100"}
