{"EventID": "2", "Channel": "Microsoft-Windows-WER-PayloadHealth/Operational", "Provider_Name": "Microsoft-Windows-WER-PayloadHealth", "Computer": "DESKTOP-OFJ6N53", "TimeCreated": "2024-05-04 00:46:57.781525+00:00", "RecordID": "1344", "Level": "4", "UserID": "S-1-5-21-963789628-1060504924-4285088085-1001", "EventData.HttpExchangeResult": "2147954402", "EventData.UploadDuration": "21078", "EventData.PayloadSize": "4438", "EventData.Protocol": "Watson", "EventData.Stage": "s1event", "EventData.RequestStatusCode": "0", "EventData.BytesUploaded": "0", "EventData.ServerName": "watson.events.data.microsoft.com", "EventData.TransportHr": "2147954402"}
{"EventID": "2", "Channel": "Microsoft-Windows-WER-PayloadHealth/Operational", "Provider_Name": "Microsoft-Windows-WER-PayloadHealth", "Computer": "DESKTOP-OFJ6N53", "TimeCreated": "2024-05-04 04:17:05.765532+00:00", "RecordID": "1345", "Level": "4", "UserID": "S-1-5-21-963789628-1060504924-4285088085-1001", "EventData.HttpExchangeResult": "2147954402", "EventData.UploadDuration": "21110", "EventData.PayloadSize": "4438", "EventData.Protocol": "Watson", "EventData.Stage": "s1event", "EventData.RequestStatusCode": "0", "EventData.BytesUploaded": "0", "EventData.ServerName": "watson.events.data.microsoft.com", "EventData.TransportHr": "2147954402"}
{"EventID": "2", "Channel": "Microsoft-Windows-WER-PayloadHealth/Operational", "Provider_Name": "Microsoft-Windows-WER-PayloadHealth", "Computer": "DESKTOP-OFJ6N53", "TimeCreated": "2024-05-04 04:38:30.673088+00:00", "RecordID": "1346", "Level": "4", "UserID": "S-1-5-21-963789628-1060504924-4285088085-1001", "EventData.HttpExchangeResult": "2147954402", "EventData.UploadDuration": "21360", "EventData.PayloadSize": "4312", "EventData.Protocol": "Watson", "EventData.Stage": "s1event", "EventData.RequestStatusCode": "0", "EventData.BytesUploaded": "0", "EventData.ServerName": "watson.events.data.microsoft.com", "EventData.TransportHr": "2147954402"}
{"EventID": "2", "Channel": "Microsoft-Windows-WER-PayloadHealth/Operational", "Provider_Name": "Microsoft-Windows-WER-PayloadHealth", "Computer": "DESKTOP-OFJ6N53", "TimeCreated": "2024-05-04 08:47:03.808556+00:00", "RecordID": "1347", "Level": "4", "UserID": "S-1-5-21-963789628-1060504924-4285088085-1001", "EventData.HttpExchangeResult": "2147954402", "EventData.UploadDuration": "21078", "EventData.PayloadSize": "4438", "EventData.Protocol": "Watson", "EventData.Stage": "s1event", "EventData.RequestStatusCode": "0", "EventData.BytesUploaded": "0", "EventData.ServerName": "watson.events.data.microsoft.com", "EventData.TransportHr": "2147954402"}
{"EventID": "2", "Channel": "Microsoft-Windows-WER-PayloadHealth/Operational", "Provider_Name": "Microsoft-Windows-WER-PayloadHealth", "Computer": "DESKTOP-OFJ6N53", "TimeCreated": "2024-05-04 12:32:21.912872+00:00", "RecordID": "1348", "Level": "4", "UserID": "S-1-5-21-963789628-1060504924-4285088085-1001", "EventData.HttpExchangeResult": "2147954402", "EventData.UploadDuration": "21094", "EventData.PayloadSize": "4438", "EventData.Protocol": "Watson", "EventData.Stage": "s1event", "EventData.RequestStatusCode": "0", "EventData.BytesUploaded": "0", "EventData.ServerName": "watson.events.data.microsoft.com", "EventData.TransportHr": "2147954402"}
{"EventID": "2", "Channel": "Microsoft-Windows-WER-PayloadHealth/Operational", "Provider_Name": "Microsoft-Windows-WER-PayloadHealth", "Computer": "DESKTOP-OFJ6N53", "TimeCreated": "2024-05-04 16:15:33.727947+00:00", "RecordID": "1349", "Level": "4", "UserID": "S-1-5-21-963789628-1060504924-4285088085-1001", "EventData.HttpExchangeResult": "2147954402", "EventData.UploadDuration": "21078", "EventData.PayloadSize": "4438", "EventData.Protocol": "Watson", "EventData.Stage": "s1event", "EventData.RequestStatusCode": "0", "EventData.BytesUploaded": "0", "EventData.ServerName": "watson.events.data.microsoft.com", "EventData.TransportHr": "2147954402"}
{"EventID": "2", "Channel": "Microsoft-Windows-WER-PayloadHealth/Operational", "Provider_Name": "Microsoft-Windows-WER-PayloadHealth", "Computer": "DESKTOP-OFJ6N53", "TimeCreated": "2024-05-04 20:23:40.052158+00:00", "RecordID": "1350", "Level": "4", "UserID": "S-1-5-21-963789628-1060504924-4285088085-1001", "EventData.HttpExchangeResult": "2147954402", "EventData.UploadDuration": "21063", "EventData.PayloadSize": "4438", "EventData.Protocol": "Watson", "EventData.Stage": "s1event", "EventData.RequestStatusCode": "0", "EventData.BytesUploaded": "0", "EventData.ServerName": "watson.events.data.microsoft.com", "EventData.TransportHr": "2147954402"}
{"EventID": "2", "Channel": "Microsoft-Windows-WER-PayloadHealth/Operational", "Provider_Name": "Microsoft-Windows-WER-PayloadHealth", "Computer": "DESKTOP-OFJ6N53", "TimeCreated": "2024-05-05 00:54:11.744852+00:00", "RecordID": "1351", "Level": "4", "UserID": "S-1-5-21-963789628-1060504924-4285088085-1001", "EventData.HttpExchangeResult": "2147954402", "EventData.UploadDuration": "21063", "EventData.PayloadSize": "4438", "EventData.Protocol": "Watson", "EventData.Stage": "s1event", "EventData.RequestStatusCode": "0", "EventData.BytesUploaded": "0", "EventData.ServerName": "watson.events.data.microsoft.com", "EventData.TransportHr": "2147954402"}
{"EventID": "2", "Channel": "Microsoft-Windows-WER-PayloadHealth/Operational", "Provider_Name": "Microsoft-Windows-WER-PayloadHealth", "Computer": "DESKTOP-OFJ6N53", "TimeCreated": "2024-05-05 04:12:25.771284+00:00", "RecordID": "1352", "Level": "4", "UserID": "S-1-5-21-963789628-1060504924-4285088085-1001", "EventData.HttpExchangeResult": "2147954402", "EventData.UploadDuration": "21110", "EventData.PayloadSize": "4438", "EventData.Protocol": "Watson", "EventData.Stage": "s1event", "EventData.RequestStatusCode": "0", "EventData.BytesUploaded": "0", "EventData.ServerName": "watson.events.data.microsoft.com", "EventData.TransportHr": "2147954402"}
{"EventID": "2", "Channel": "Microsoft-Windows-WER-PayloadHealth/Operational", "Provider_Name": "Microsoft-Windows-WER-PayloadHealth", "Computer": "DESKTOP-OFJ6N53", "TimeCreated": "2024-05-05 08:08:26.729727+00:00", "RecordID": "1353", "Level": "4", "UserID": "S-1-5-21-963789628-1060504924-4285088085-1001", "EventData.HttpExchangeResult": "2147954402", "EventData.UploadDuration": "21078", "EventData.PayloadSize": "4438", "EventData.Protocol": "Watson", "EventData.Stage": "s1event", "EventData.RequestStatusCode": "0", "EventData.BytesUploaded": "0", "EventData.ServerName": "watson.events.data.microsoft.com", "EventData.TransportHr": "2147954402"}
{"EventID": "2", "Channel": "Microsoft-Windows-WER-PayloadHealth/Operational", "Provider_Name": "Microsoft-Windows-WER-PayloadHealth", "Computer": "DESKTOP-OFJ6N53", "TimeCreated": "2024-05-05 09:14:29.355631+00:00", "RecordID": "1354", "Level": "4", "UserID": "S-1-5-21-963789628-1060504924-4285088085-1001", "EventData.HttpExchangeResult": "2147954402", "EventData.UploadDuration": "21250", "EventData.PayloadSize": "4438", "EventData.Protocol": "Watson", "EventData.Stage": "s1event", "EventData.RequestStatusCode": "0", "EventData.BytesUploaded": "0", "EventData.ServerName": "watson.events.data.microsoft.com", "EventData.TransportHr": "2147954402"}
{"EventID": "2", "Channel": "Microsoft-Windows-WER-PayloadHealth/Operational", "Provider_Name": "Microsoft-Windows-WER-PayloadHealth", "Computer": "DESKTOP-OFJ6N53", "TimeCreated": "2024-05-05 09:14:50.433825+00:00", "RecordID": "1355", "Level": "4", "UserID": "S-1-5-21-963789628-1060504924-4285088085-1001", "EventData.HttpExchangeResult": "2147954402", "EventData.UploadDuration": "21046", "EventData.PayloadSize": "4438", "EventData.Protocol": "Watson", "EventData.Stage": "s1event", "EventData.RequestStatusCode": "0", "EventData.BytesUploaded": "0", "EventData.ServerName": "watson.events.data.microsoft.com", "EventData.TransportHr": "2147954402"}
{"EventID": "2", "Channel": "Microsoft-Windows-WER-PayloadHealth/Operational", "Provider_Name": "Microsoft-Windows-WER-PayloadHealth", "Computer": "DESKTOP-OFJ6N53", "TimeCreated": "2024-05-05 12:38:16.953512+00:00", "RecordID": "1356", "Level": "4", "UserID": "S-1-5-21-963789628-1060504924-4285088085-1001", "EventData.HttpExchangeResult": "2147954402", "EventData.UploadDuration": "21078", "EventData.PayloadSize": "4438", "EventData.Protocol": "Watson", "EventData.Stage": "s1event", "EventData.RequestStatusCode": "0", "EventData.BytesUploaded": "0", "EventData.ServerName": "watson.events.data.microsoft.com", "EventData.TransportHr": "2147954402"}
{"EventID": "2", "Channel": "Microsoft-Windows-WER-PayloadHealth/Operational", "Provider_Name": "Microsoft-Windows-WER-PayloadHealth", "Computer": "DESKTOP-OFJ6N53", "TimeCreated": "2024-05-05 12:38:38.061653+00:00", "RecordID": "1357", "Level": "4", "UserID": "S-1-5-21-963789628-1060504924-4285088085-1001", "EventData.HttpExchangeResult": "2147954402", "EventData.UploadDuration": "21062", "EventData.PayloadSize": "4438", "EventData.Protocol": "Watson", "EventData.Stage": "s1event", "EventData.RequestStatusCode": "0", "EventData.BytesUploaded": "0", "EventData.ServerName": "watson.events.data.microsoft.com", "EventData.TransportHr": "2147954402"}
{"EventID": "2", "Channel": "Microsoft-Windows-WER-PayloadHealth/Operational", "Provider_Name": "Microsoft-Windows-WER-PayloadHealth", "Computer": "DESKTOP-OFJ6N53", "TimeCreated": "2024-05-05 16:39:22.801619+00:00", "RecordID": "1358", "Level": "4", "UserID": "S-1-5-21-963789628-1060504924-4285088085-1001", "EventData.HttpExchangeResult": "2147954402", "EventData.UploadDuration": "21078", "EventData.PayloadSize": "4438", "EventData.Protocol": "Watson", "EventData.Stage": "s1event", "EventData.RequestStatusCode": "0", "EventData.BytesUploaded": "0", "EventData.ServerName": "watson.events.data.microsoft.com", "EventData.TransportHr": "2147954402"}
{"EventID": "2", "Channel": "Microsoft-Windows-WER-PayloadHealth/Operational", "Provider_Name": "Microsoft-Windows-WER-PayloadHealth", "Computer": "DESKTOP-OFJ6N53", "TimeCreated": "2024-05-05 16:39:43.880268+00:00", "RecordID": "1359", "Level": "4", "UserID": "S-1-5-21-963789628-1060504924-4285088085-1001", "EventData.HttpExchangeResult": "2147954402", "EventData.UploadDuration": "21047", "EventData.PayloadSize": "4438", "EventData.Protocol": "Watson", "EventData.Stage": "s1event", "EventData.RequestStatusCode": "0", "EventData.BytesUploaded": "0", "EventData.ServerName": "watson.events.data.microsoft.com", "EventData.TransportHr": "2147954402"}
{"EventID": "2", "Channel": "Microsoft-Windows-WER-PayloadHealth/Operational", "Provider_Name": "Microsoft-Windows-WER-PayloadHealth", "Computer": "DESKTOP-OFJ6N53", "TimeCreated": "2024-05-05 20:42:47.745901+00:00", "RecordID": "1360", "Level": "4", "UserID": "S-1-5-21-963789628-1060504924-4285088085-1001", "EventData.HttpExchangeResult": "2147954402", "EventData.UploadDuration": "21063", "EventData.PayloadSize": "4438", "EventData.Protocol": "Watson", "EventData.Stage": "s1event", "EventData.RequestStatusCode": "0", "EventData.BytesUploaded": "0", "EventData.ServerName": "watson.events.data.microsoft.com", "EventData.TransportHr": "2147954402"}
{"EventID": "2", "Channel": "Microsoft-Windows-WER-PayloadHealth/Operational", "Provider_Name": "Microsoft-Windows-WER-PayloadHealth", "Computer": "DESKTOP-OFJ6N53", "TimeCreated": "2024-05-05 20:43:08.823891+00:00", "RecordID": "1361", "Level": "4", "UserID": "S-1-5-21-963789628-1060504924-4285088085-1001", "EventData.HttpExchangeResult": "2147954402", "EventData.UploadDuration": "21047", "EventData.PayloadSize": "4438", "EventData.Protocol": "Watson", "EventData.Stage": "s1event", "EventData.RequestStatusCode": "0", "EventData.BytesUploaded": "0", "EventData.ServerName": "watson.events.data.microsoft.com", "EventData.TransportHr": "2147954402"}
{"EventID": "2", "Channel": "Microsoft-Windows-WER-PayloadHealth/Operational", "Provider_Name": "Microsoft-Windows-WER-PayloadHealth", "Computer": "DESKTOP-OFJ6N53", "TimeCreated": "2024-05-05 23:02:59.606714+00:00", "RecordID": "1362", "Level": "4", "UserID": "S-1-5-21-963789628-1060504924-4285088085-1001", "EventData.HttpExchangeResult": "2147954402", "EventData.UploadDuration": "21109", "EventData.PayloadSize": "4438", "EventData.Protocol": "Watson", "EventData.Stage": "s1event", "EventData.RequestStatusCode": "0", "EventData.BytesUploaded": "0", "EventData.ServerName": "watson.events.data.microsoft.com", "EventData.TransportHr": "2147954402"}
{"EventID": "2", "Channel": "Microsoft-Windows-WER-PayloadHealth/Operational", "Provider_Name": "Microsoft-Windows-WER-PayloadHealth", "Computer": "DESKTOP-OFJ6N53", "TimeCreated": "2024-05-05 23:03:20.716221+00:00", "RecordID": "1363", "Level": "4", "UserID": "S-1-5-21-963789628-1060504924-4285088085-1001", "EventData.HttpExchangeResult": "2147954402", "EventData.UploadDuration": "21078", "EventData.PayloadSize": "4438", "EventData.Protocol": "Watson", "EventData.Stage": "s1event", "EventData.RequestStatusCode": "0", "EventData.BytesUploaded": "0", "EventData.ServerName": "watson.events.data.microsoft.com", "EventData.TransportHr": "2147954402"}
{"EventID": "2", "Channel": "Microsoft-Windows-WER-PayloadHealth/Operational", "Provider_Name": "Microsoft-Windows-WER-PayloadHealth", "Computer": "DESKTOP-OFJ6N53", "TimeCreated": "2024-05-05 23:03:41.856783+00:00", "RecordID": "1364", "Level": "4", "UserID": "S-1-5-21-963789628-1060504924-4285088085-1001", "EventData.HttpExchangeResult": "2147954402", "EventData.UploadDuration": "21078", "EventData.PayloadSize": "4438", "EventData.Protocol": "Watson", "EventData.Stage": "s1event", "EventData.RequestStatusCode": "0", "EventData.BytesUploaded": "0", "EventData.ServerName": "watson.events.data.microsoft.com", "EventData.TransportHr": "2147954402"}
{"EventID": "2", "Channel": "Microsoft-Windows-WER-PayloadHealth/Operational", "Provider_Name": "Microsoft-Windows-WER-PayloadHealth", "Computer": "DESKTOP-OFJ6N53", "TimeCreated": "2024-05-06 00:02:15.796728+00:00", "RecordID": "1365", "Level": "4", "UserID": "S-1-5-21-963789628-1060504924-4285088085-1001", "EventData.HttpExchangeResult": "2147954402", "EventData.UploadDuration": "21110", "EventData.PayloadSize": "4438", "EventData.Protocol": "Watson", "EventData.Stage": "s1event", "EventData.RequestStatusCode": "0", "EventData.BytesUploaded": "0", "EventData.ServerName": "watson.events.data.microsoft.com", "EventData.TransportHr": "2147954402"}
{"EventID": "2", "Channel": "Microsoft-Windows-WER-PayloadHealth/Operational", "Provider_Name": "Microsoft-Windows-WER-PayloadHealth", "Computer": "DESKTOP-OFJ6N53", "TimeCreated": "2024-05-06 00:02:36.874918+00:00", "RecordID": "1366", "Level": "4", "UserID": "S-1-5-21-963789628-1060504924-4285088085-1001", "EventData.HttpExchangeResult": "2147954402", "EventData.UploadDuration": "21047", "EventData.PayloadSize": "4438", "EventData.Protocol": "Watson", "EventData.Stage": "s1event", "EventData.RequestStatusCode": "0", "EventData.BytesUploaded": "0", "EventData.ServerName": "watson.events.data.microsoft.com", "EventData.TransportHr": "2147954402"}
{"EventID": "2", "Channel": "Microsoft-Windows-WER-PayloadHealth/Operational", "Provider_Name": "Microsoft-Windows-WER-PayloadHealth", "Computer": "DESKTOP-OFJ6N53", "TimeCreated": "2024-05-06 00:02:57.953089+00:00", "RecordID": "1367", "Level": "4", "UserID": "S-1-5-21-963789628-1060504924-4285088085-1001", "EventData.HttpExchangeResult": "2147954402", "EventData.UploadDuration": "21031", "EventData.PayloadSize": "4438", "EventData.Protocol": "Watson", "EventData.Stage": "s1event", "EventData.RequestStatusCode": "0", "EventData.BytesUploaded": "0", "EventData.ServerName": "watson.events.data.microsoft.com", "EventData.TransportHr": "2147954402"}
{"EventID": "2", "Channel": "Microsoft-Windows-WER-PayloadHealth/Operational", "Provider_Name": "Microsoft-Windows-WER-PayloadHealth", "Computer": "DESKTOP-OFJ6N53", "TimeCreated": "2024-05-06 04:37:05.819023+00:00", "RecordID": "1368", "Level": "4", "UserID": "S-1-5-21-963789628-1060504924-4285088085-1001", "EventData.HttpExchangeResult": "2147954402", "EventData.UploadDuration": "21093", "EventData.PayloadSize": "4438", "EventData.Protocol": "Watson", "EventData.Stage": "s1event", "EventData.RequestStatusCode": "0", "EventData.BytesUploaded": "0", "EventData.ServerName": "watson.events.data.microsoft.com", "EventData.TransportHr": "2147954402"}
{"EventID": "2", "Channel": "Microsoft-Windows-WER-PayloadHealth/Operational", "Provider_Name": "Microsoft-Windows-WER-PayloadHealth", "Computer": "DESKTOP-OFJ6N53", "TimeCreated": "2024-05-06 04:37:26.943983+00:00", "RecordID": "1369", "Level": "4", "UserID": "S-1-5-21-963789628-1060504924-4285088085-1001", "EventData.HttpExchangeResult": "2147954402", "EventData.UploadDuration": "21093", "EventData.PayloadSize": "4438", "EventData.Protocol": "Watson", "EventData.Stage": "s1event", "EventData.RequestStatusCode": "0", "EventData.BytesUploaded": "0", "EventData.ServerName": "watson.events.data.microsoft.com", "EventData.TransportHr": "2147954402"}
{"EventID": "2", "Channel": "Microsoft-Windows-WER-PayloadHealth/Operational", "Provider_Name": "Microsoft-Windows-WER-PayloadHealth", "Computer": "DESKTOP-OFJ6N53", "TimeCreated": "2024-05-06 04:37:48.069271+00:00", "RecordID": "1370", "Level": "4", "UserID": "S-1-5-21-963789628-1060504924-4285088085-1001", "EventData.HttpExchangeResult": "2147954402", "EventData.UploadDuration": "21093", "EventData.PayloadSize": "4438", "EventData.Protocol": "Watson", "EventData.Stage": "s1event", "EventData.RequestStatusCode": "0", "EventData.BytesUploaded": "0", "EventData.ServerName": "watson.events.data.microsoft.com", "EventData.TransportHr": "2147954402"}
{"EventID": "2", "Channel": "Microsoft-Windows-WER-PayloadHealth/Operational", "Provider_Name": "Microsoft-Windows-WER-PayloadHealth", "Computer": "DESKTOP-OFJ6N53", "TimeCreated": "2024-05-06 08:15:44.777090+00:00", "RecordID": "1371", "Level": "4", "UserID": "S-1-5-21-963789628-1060504924-4285088085-1001", "EventData.HttpExchangeResult": "2147954402", "EventData.UploadDuration": "21062", "EventData.PayloadSize": "4438", "EventData.Protocol": "Watson", "EventData.Stage": "s1event", "EventData.RequestStatusCode": "0", "EventData.BytesUploaded": "0", "EventData.ServerName": "watson.events.data.microsoft.com", "EventData.TransportHr": "2147954402"}
{"EventID": "2", "Channel": "Microsoft-Windows-WER-PayloadHealth/Operational", "Provider_Name": "Microsoft-Windows-WER-PayloadHealth", "Computer": "DESKTOP-OFJ6N53", "TimeCreated": "2024-05-06 08:16:05.901899+00:00", "RecordID": "1372", "Level": "4", "UserID": "S-1-5-21-963789628-1060504924-4285088085-1001", "EventData.HttpExchangeResult": "2147954402", "EventData.UploadDuration": "21094", "EventData.PayloadSize": "4438", "EventData.Protocol": "Watson", "EventData.Stage": "s1event", "EventData.RequestStatusCode": "0", "EventData.BytesUploaded": "0", "EventData.ServerName": "watson.events.data.microsoft.com", "EventData.TransportHr": "2147954402"}
{"EventID": "2", "Channel": "Microsoft-Windows-WER-PayloadHealth/Operational", "Provider_Name": "Microsoft-Windows-WER-PayloadHealth", "Computer": "DESKTOP-OFJ6N53", "TimeCreated": "2024-05-06 08:16:26.980255+00:00", "RecordID": "1373", "Level": "4", "UserID": "S-1-5-21-963789628-1060504924-4285088085-1001", "EventData.HttpExchangeResult": "2147954402", "EventData.UploadDuration": "21047", "EventData.PayloadSize": "4438", "EventData.Protocol": "Watson", "EventData.Stage": "s1event", "EventData.RequestStatusCode": "0", "EventData.BytesUploaded": "0", "EventData.ServerName": "watson.events.data.microsoft.com", "EventData.TransportHr": "2147954402"}
{"EventID": "2", "Channel": "Microsoft-Windows-WER-PayloadHealth/Operational", "Provider_Name": "Microsoft-Windows-WER-PayloadHealth", "Computer": "DESKTOP-OFJ6N53", "TimeCreated": "2024-05-06 12:52:38.812002+00:00", "RecordID": "1374", "Level": "4", "UserID": "S-1-5-21-963789628-1060504924-4285088085-1001", "EventData.HttpExchangeResult": "2147954402", "EventData.UploadDuration": "21078", "EventData.PayloadSize": "4438", "EventData.Protocol": "Watson", "EventData.Stage": "s1event", "EventData.RequestStatusCode": "0", "EventData.BytesUploaded": "0", "EventData.ServerName": "watson.events.data.microsoft.com", "EventData.TransportHr": "2147954402"}
{"EventID": "2", "Channel": "Microsoft-Windows-WER-PayloadHealth/Operational", "Provider_Name": "Microsoft-Windows-WER-PayloadHealth", "Computer": "DESKTOP-OFJ6N53", "TimeCreated": "2024-05-06 12:52:59.890186+00:00", "RecordID": "1375", "Level": "4", "UserID": "S-1-5-21-963789628-1060504924-4285088085-1001", "EventData.HttpExchangeResult": "2147954402", "EventData.UploadDuration": "21047", "EventData.PayloadSize": "4438", "EventData.Protocol": "Watson", "EventData.Stage": "s1event", "EventData.RequestStatusCode": "0", "EventData.BytesUploaded": "0", "EventData.ServerName": "watson.events.data.microsoft.com", "EventData.TransportHr": "2147954402"}
{"EventID": "2", "Channel": "Microsoft-Windows-WER-PayloadHealth/Operational", "Provider_Name": "Microsoft-Windows-WER-PayloadHealth", "Computer": "DESKTOP-OFJ6N53", "TimeCreated": "2024-05-06 12:53:20.999266+00:00", "RecordID": "1376", "Level": "4", "UserID": "S-1-5-21-963789628-1060504924-4285088085-1001", "EventData.HttpExchangeResult": "2147954402", "EventData.UploadDuration": "21078", "EventData.PayloadSize": "4438", "EventData.Protocol": "Watson", "EventData.Stage": "s1event", "EventData.RequestStatusCode": "0", "EventData.BytesUploaded": "0", "EventData.ServerName": "watson.events.data.microsoft.com", "EventData.TransportHr": "2147954402"}
{"EventID": "2", "Channel": "Microsoft-Windows-WER-PayloadHealth/Operational", "Provider_Name": "Microsoft-Windows-WER-PayloadHealth", "Computer": "DESKTOP-OFJ6N53", "TimeCreated": "2024-05-06 16:01:30.129087+00:00", "RecordID": "1377", "Level": "4", "UserID": "S-1-5-21-963789628-1060504924-4285088085-1001", "EventData.HttpExchangeResult": "2147954402", "EventData.UploadDuration": "21359", "EventData.PayloadSize": "4438", "EventData.Protocol": "Watson", "EventData.Stage": "s1event", "EventData.RequestStatusCode": "0", "EventData.BytesUploaded": "0", "EventData.ServerName": "watson.events.data.microsoft.com", "EventData.TransportHr": "2147954402"}
{"EventID": "2", "Channel": "Microsoft-Windows-WER-PayloadHealth/Operational", "Provider_Name": "Microsoft-Windows-WER-PayloadHealth", "Computer": "DESKTOP-OFJ6N53", "TimeCreated": "2024-05-06 16:01:51.206982+00:00", "RecordID": "1378", "Level": "4", "UserID": "S-1-5-21-963789628-1060504924-4285088085-1001", "EventData.HttpExchangeResult": "2147954402", "EventData.UploadDuration": "21031", "EventData.PayloadSize": "4438", "EventData.Protocol": "Watson", "EventData.Stage": "s1event", "EventData.RequestStatusCode": "0", "EventData.BytesUploaded": "0", "EventData.ServerName": "watson.events.data.microsoft.com", "EventData.TransportHr": "2147954402"}
{"EventID": "2", "Channel": "Microsoft-Windows-WER-PayloadHealth/Operational", "Provider_Name": "Microsoft-Windows-WER-PayloadHealth", "Computer": "DESKTOP-OFJ6N53", "TimeCreated": "2024-05-06 16:02:12.332136+00:00", "RecordID": "1379", "Level": "4", "UserID": "S-1-5-21-963789628-1060504924-4285088085-1001", "EventData.HttpExchangeResult": "2147954402", "EventData.UploadDuration": "21078", "EventData.PayloadSize": "4438", "EventData.Protocol": "Watson", "EventData.Stage": "s1event", "EventData.RequestStatusCode": "0", "EventData.BytesUploaded": "0", "EventData.ServerName": "watson.events.data.microsoft.com", "EventData.TransportHr": "2147954402"}
{"EventID": "2", "Channel": "Microsoft-Windows-WER-PayloadHealth/Operational", "Provider_Name": "Microsoft-Windows-WER-PayloadHealth", "Computer": "DESKTOP-OFJ6N53", "TimeCreated": "2024-05-06 20:36:07.143003+00:00", "RecordID": "1380", "Level": "4", "UserID": "S-1-5-21-963789628-1060504924-4285088085-1001", "EventData.HttpExchangeResult": "2147954402", "EventData.UploadDuration": "21094", "EventData.PayloadSize": "4438", "EventData.Protocol": "Watson", "EventData.Stage": "s1event", "EventData.RequestStatusCode": "0", "EventData.BytesUploaded": "0", "EventData.ServerName": "watson.events.data.microsoft.com", "EventData.TransportHr": "2147954402"}
{"EventID": "2", "Channel": "Microsoft-Windows-WER-PayloadHealth/Operational", "Provider_Name": "Microsoft-Windows-WER-PayloadHealth", "Computer": "DESKTOP-OFJ6N53", "TimeCreated": "2024-05-06 20:36:28.237112+00:00", "RecordID": "1381", "Level": "4", "UserID": "S-1-5-21-963789628-1060504924-4285088085-1001", "EventData.HttpExchangeResult": "2147954402", "EventData.UploadDuration": "21047", "EventData.PayloadSize": "4438", "EventData.Protocol": "Watson", "EventData.Stage": "s1event", "EventData.RequestStatusCode": "0", "EventData.BytesUploaded": "0", "EventData.ServerName": "watson.events.data.microsoft.com", "EventData.TransportHr": "2147954402"}
{"EventID": "2", "Channel": "Microsoft-Windows-WER-PayloadHealth/Operational", "Provider_Name": "Microsoft-Windows-WER-PayloadHealth", "Computer": "DESKTOP-OFJ6N53", "TimeCreated": "2024-05-06 20:36:49.330425+00:00", "RecordID": "1382", "Level": "4", "UserID": "S-1-5-21-963789628-1060504924-4285088085-1001", "EventData.HttpExchangeResult": "2147954402", "EventData.UploadDuration": "21062", "EventData.PayloadSize": "4438", "EventData.Protocol": "Watson", "EventData.Stage": "s1event", "EventData.RequestStatusCode": "0", "EventData.BytesUploaded": "0", "EventData.ServerName": "watson.events.data.microsoft.com", "EventData.TransportHr": "2147954402"}
{"EventID": "2", "Channel": "Microsoft-Windows-WER-PayloadHealth/Operational", "Provider_Name": "Microsoft-Windows-WER-PayloadHealth", "Computer": "DESKTOP-OFJ6N53", "TimeCreated": "2024-05-07 00:16:29.848970+00:00", "RecordID": "1383", "Level": "4", "UserID": "S-1-5-21-963789628-1060504924-4285088085-1001", "EventData.HttpExchangeResult": "2147954402", "EventData.UploadDuration": "21078", "EventData.PayloadSize": "4438", "EventData.Protocol": "Watson", "EventData.Stage": "s1event", "EventData.RequestStatusCode": "0", "EventData.BytesUploaded": "0", "EventData.ServerName": "watson.events.data.microsoft.com", "EventData.TransportHr": "2147954402"}
{"EventID": "2", "Channel": "Microsoft-Windows-WER-PayloadHealth/Operational", "Provider_Name": "Microsoft-Windows-WER-PayloadHealth", "Computer": "DESKTOP-OFJ6N53", "TimeCreated": "2024-05-07 00:16:50.942907+00:00", "RecordID": "1384", "Level": "4", "UserID": "S-1-5-21-963789628-1060504924-4285088085-1001", "EventData.HttpExchangeResult": "2147954402", "EventData.UploadDuration": "21062", "EventData.PayloadSize": "4438", "EventData.Protocol": "Watson", "EventData.Stage": "s1event", "EventData.RequestStatusCode": "0", "EventData.BytesUploaded": "0", "EventData.ServerName": "watson.events.data.microsoft.com", "EventData.TransportHr": "2147954402"}
{"EventID": "2", "Channel": "Microsoft-Windows-WER-PayloadHealth/Operational", "Provider_Name": "Microsoft-Windows-WER-PayloadHealth", "Computer": "DESKTOP-OFJ6N53", "TimeCreated": "2024-05-07 00:17:12.020769+00:00", "RecordID": "1385", "Level": "4", "UserID": "S-1-5-21-963789628-1060504924-4285088085-1001", "EventData.HttpExchangeResult": "2147954402", "EventData.UploadDuration": "21032", "EventData.PayloadSize": "4438", "EventData.Protocol": "Watson", "EventData.Stage": "s1event", "EventData.RequestStatusCode": "0", "EventData.BytesUploaded": "0", "EventData.ServerName": "watson.events.data.microsoft.com", "EventData.TransportHr": "2147954402"}
{"EventID": "2", "Channel": "Microsoft-Windows-WER-PayloadHealth/Operational", "Provider_Name": "Microsoft-Windows-WER-PayloadHealth", "Computer": "DESKTOP-OFJ6N53", "TimeCreated": "2024-05-07 04:13:22.088724+00:00", "RecordID": "1386", "Level": "4", "UserID": "S-1-5-21-963789628-1060504924-4285088085-1001", "EventData.HttpExchangeResult": "2147954402", "EventData.UploadDuration": "21125", "EventData.PayloadSize": "4438", "EventData.Protocol": "Watson", "EventData.Stage": "s1event", "EventData.RequestStatusCode": "0", "EventData.BytesUploaded": "0", "EventData.ServerName": "watson.events.data.microsoft.com", "EventData.TransportHr": "2147954402"}
{"EventID": "2", "Channel": "Microsoft-Windows-WER-PayloadHealth/Operational", "Provider_Name": "Microsoft-Windows-WER-PayloadHealth", "Computer": "DESKTOP-OFJ6N53", "TimeCreated": "2024-05-07 04:13:43.213749+00:00", "RecordID": "1387", "Level": "4", "UserID": "S-1-5-21-963789628-1060504924-4285088085-1001", "EventData.HttpExchangeResult": "2147954402", "EventData.UploadDuration": "21094", "EventData.PayloadSize": "4438", "EventData.Protocol": "Watson", "EventData.Stage": "s1event", "EventData.RequestStatusCode": "0", "EventData.BytesUploaded": "0", "EventData.ServerName": "watson.events.data.microsoft.com", "EventData.TransportHr": "2147954402"}
{"EventID": "2", "Channel": "Microsoft-Windows-WER-PayloadHealth/Operational", "Provider_Name": "Microsoft-Windows-WER-PayloadHealth", "Computer": "DESKTOP-OFJ6N53", "TimeCreated": "2024-05-07 04:14:04.307405+00:00", "RecordID": "1388", "Level": "4", "UserID": "S-1-5-21-963789628-1060504924-4285088085-1001", "EventData.HttpExchangeResult": "2147954402", "EventData.UploadDuration": "21046", "EventData.PayloadSize": "4438", "EventData.Protocol": "Watson", "EventData.Stage": "s1event", "EventData.RequestStatusCode": "0", "EventData.BytesUploaded": "0", "EventData.ServerName": "watson.events.data.microsoft.com", "EventData.TransportHr": "2147954402"}
{"EventID": "2", "Channel": "Microsoft-Windows-WER-PayloadHealth/Operational", "Provider_Name": "Microsoft-Windows-WER-PayloadHealth", "Computer": "DESKTOP-OFJ6N53", "TimeCreated": "2024-05-07 08:53:35.064941+00:00", "RecordID": "1389", "Level": "4", "UserID": "S-1-5-21-963789628-1060504924-4285088085-1001", "EventData.HttpExchangeResult": "2147954402", "EventData.UploadDuration": "21093", "EventData.PayloadSize": "4438", "EventData.Protocol": "Watson", "EventData.Stage": "s1event", "EventData.RequestStatusCode": "0", "EventData.BytesUploaded": "0", "EventData.ServerName": "watson.events.data.microsoft.com", "EventData.TransportHr": "2147954402"}
{"EventID": "2", "Channel": "Microsoft-Windows-WER-PayloadHealth/Operational", "Provider_Name": "Microsoft-Windows-WER-PayloadHealth", "Computer": "DESKTOP-OFJ6N53", "TimeCreated": "2024-05-07 08:53:56.174166+00:00", "RecordID": "1390", "Level": "4", "UserID": "S-1-5-21-963789628-1060504924-4285088085-1001", "EventData.HttpExchangeResult": "2147954402", "EventData.UploadDuration": "21063", "EventData.PayloadSize": "4438", "EventData.Protocol": "Watson", "EventData.Stage": "s1event", "EventData.RequestStatusCode": "0", "EventData.BytesUploaded": "0", "EventData.ServerName": "watson.events.data.microsoft.com", "EventData.TransportHr": "2147954402"}
{"EventID": "2", "Channel": "Microsoft-Windows-WER-PayloadHealth/Operational", "Provider_Name": "Microsoft-Windows-WER-PayloadHealth", "Computer": "DESKTOP-OFJ6N53", "TimeCreated": "2024-05-07 08:54:17.267824+00:00", "RecordID": "1391", "Level": "4", "UserID": "S-1-5-21-963789628-1060504924-4285088085-1001", "EventData.HttpExchangeResult": "2147954402", "EventData.UploadDuration": "21063", "EventData.PayloadSize": "4438", "EventData.Protocol": "Watson", "EventData.Stage": "s1event", "EventData.RequestStatusCode": "0", "EventData.BytesUploaded": "0", "EventData.ServerName": "watson.events.data.microsoft.com", "EventData.TransportHr": "2147954402"}
{"EventID": "2", "Channel": "Microsoft-Windows-WER-PayloadHealth/Operational", "Provider_Name": "Microsoft-Windows-WER-PayloadHealth", "Computer": "DESKTOP-OFJ6N53", "TimeCreated": "2024-05-07 09:14:24.895273+00:00", "RecordID": "1392", "Level": "4", "UserID": "S-1-5-21-963789628-1060504924-4285088085-1001", "EventData.HttpExchangeResult": "2147954402", "EventData.UploadDuration": "21063", "EventData.PayloadSize": "4438", "EventData.Protocol": "Watson", "EventData.Stage": "s1event", "EventData.RequestStatusCode": "0", "EventData.BytesUploaded": "0", "EventData.ServerName": "watson.events.data.microsoft.com", "EventData.TransportHr": "2147954402"}
{"EventID": "2", "Channel": "Microsoft-Windows-WER-PayloadHealth/Operational", "Provider_Name": "Microsoft-Windows-WER-PayloadHealth", "Computer": "DESKTOP-OFJ6N53", "TimeCreated": "2024-05-07 09:14:46.004629+00:00", "RecordID": "1393", "Level": "4", "UserID": "S-1-5-21-963789628-1060504924-4285088085-1001", "EventData.HttpExchangeResult": "2147954402", "EventData.UploadDuration": "21063", "EventData.PayloadSize": "4438", "EventData.Protocol": "Watson", "EventData.Stage": "s1event", "EventData.RequestStatusCode": "0", "EventData.BytesUploaded": "0", "EventData.ServerName": "watson.events.data.microsoft.com", "EventData.TransportHr": "2147954402"}
{"EventID": "2", "Channel": "Microsoft-Windows-WER-PayloadHealth/Operational", "Provider_Name": "Microsoft-Windows-WER-PayloadHealth", "Computer": "DESKTOP-OFJ6N53", "TimeCreated": "2024-05-07 09:15:07.129343+00:00", "RecordID": "1394", "Level": "4", "UserID": "S-1-5-21-963789628-1060504924-4285088085-1001", "EventData.HttpExchangeResult": "2147954402", "EventData.UploadDuration": "21094", "EventData.PayloadSize": "4438", "EventData.Protocol": "Watson", "EventData.Stage": "s1event", "EventData.RequestStatusCode": "0", "EventData.BytesUploaded": "0", "EventData.ServerName": "watson.events.data.microsoft.com", "EventData.TransportHr": "2147954402"}
{"EventID": "2", "Channel": "Microsoft-Windows-WER-PayloadHealth/Operational", "Provider_Name": "Microsoft-Windows-WER-PayloadHealth", "Computer": "DESKTOP-OFJ6N53", "TimeCreated": "2024-05-07 09:15:28.269976+00:00", "RecordID": "1395", "Level": "4", "UserID": "S-1-5-21-963789628-1060504924-4285088085-1001", "EventData.HttpExchangeResult": "2147954402", "EventData.UploadDuration": "21094", "EventData.PayloadSize": "4438", "EventData.Protocol": "Watson", "EventData.Stage": "s1event", "EventData.RequestStatusCode": "0", "EventData.BytesUploaded": "0", "EventData.ServerName": "watson.events.data.microsoft.com", "EventData.TransportHr": "2147954402"}
{"EventID": "2", "Channel": "Microsoft-Windows-WER-PayloadHealth/Operational", "Provider_Name": "Microsoft-Windows-WER-PayloadHealth", "Computer": "DESKTOP-OFJ6N53", "TimeCreated": "2024-05-07 12:33:35.368174+00:00", "RecordID": "1396", "Level": "4", "UserID": "S-1-5-21-963789628-1060504924-4285088085-1001", "EventData.HttpExchangeResult": "2147954402", "EventData.UploadDuration": "21203", "EventData.PayloadSize": "4438", "EventData.Protocol": "Watson", "EventData.Stage": "s1event", "EventData.RequestStatusCode": "0", "EventData.BytesUploaded": "0", "EventData.ServerName": "watson.events.data.microsoft.com", "EventData.TransportHr": "2147954402"}
{"EventID": "2", "Channel": "Microsoft-Windows-WER-PayloadHealth/Operational", "Provider_Name": "Microsoft-Windows-WER-PayloadHealth", "Computer": "DESKTOP-OFJ6N53", "TimeCreated": "2024-05-07 12:33:56.493101+00:00", "RecordID": "1397", "Level": "4", "UserID": "S-1-5-21-963789628-1060504924-4285088085-1001", "EventData.HttpExchangeResult": "2147954402", "EventData.UploadDuration": "21078", "EventData.PayloadSize": "4438", "EventData.Protocol": "Watson", "EventData.Stage": "s1event", "EventData.RequestStatusCode": "0", "EventData.BytesUploaded": "0", "EventData.ServerName": "watson.events.data.microsoft.com", "EventData.TransportHr": "2147954402"}
{"EventID": "2", "Channel": "Microsoft-Windows-WER-PayloadHealth/Operational", "Provider_Name": "Microsoft-Windows-WER-PayloadHealth", "Computer": "DESKTOP-OFJ6N53", "TimeCreated": "2024-05-07 12:34:17.618078+00:00", "RecordID": "1398", "Level": "4", "UserID": "S-1-5-21-963789628-1060504924-4285088085-1001", "EventData.HttpExchangeResult": "2147954402", "EventData.UploadDuration": "21078", "EventData.PayloadSize": "4438", "EventData.Protocol": "Watson", "EventData.Stage": "s1event", "EventData.RequestStatusCode": "0", "EventData.BytesUploaded": "0", "EventData.ServerName": "watson.events.data.microsoft.com", "EventData.TransportHr": "2147954402"}
{"EventID": "2", "Channel": "Microsoft-Windows-WER-PayloadHealth/Operational", "Provider_Name": "Microsoft-Windows-WER-PayloadHealth", "Computer": "DESKTOP-OFJ6N53", "TimeCreated": "2024-05-07 12:34:38.743124+00:00", "RecordID": "1399", "Level": "4", "UserID": "S-1-5-21-963789628-1060504924-4285088085-1001", "EventData.HttpExchangeResult": "2147954402", "EventData.UploadDuration": "21093", "EventData.PayloadSize": "4438", "EventData.Protocol": "Watson", "EventData.Stage": "s1event", "EventData.RequestStatusCode": "0", "EventData.BytesUploaded": "0", "EventData.ServerName": "watson.events.data.microsoft.com", "EventData.TransportHr": "2147954402"}
{"EventID": "2", "Channel": "Microsoft-Windows-WER-PayloadHealth/Operational", "Provider_Name": "Microsoft-Windows-WER-PayloadHealth", "Computer": "DESKTOP-OFJ6N53", "TimeCreated": "2024-05-07 16:47:55.435858+00:00", "RecordID": "1400", "Level": "4", "UserID": "S-1-5-21-963789628-1060504924-4285088085-1001", "EventData.HttpExchangeResult": "2147954402", "EventData.UploadDuration": "21265", "EventData.PayloadSize": "4438", "EventData.Protocol": "Watson", "EventData.Stage": "s1event", "EventData.RequestStatusCode": "0", "EventData.BytesUploaded": "0", "EventData.ServerName": "watson.events.data.microsoft.com", "EventData.TransportHr": "2147954402"}
{"EventID": "2", "Channel": "Microsoft-Windows-WER-PayloadHealth/Operational", "Provider_Name": "Microsoft-Windows-WER-PayloadHealth", "Computer": "DESKTOP-OFJ6N53", "TimeCreated": "2024-05-07 16:48:16.748308+00:00", "RecordID": "1401", "Level": "4", "UserID": "S-1-5-21-963789628-1060504924-4285088085-1001", "EventData.HttpExchangeResult": "2147954402", "EventData.UploadDuration": "21109", "EventData.PayloadSize": "4438", "EventData.Protocol": "Watson", "EventData.Stage": "s1event", "EventData.RequestStatusCode": "0", "EventData.BytesUploaded": "0", "EventData.ServerName": "watson.events.data.microsoft.com", "EventData.TransportHr": "2147954402"}
{"EventID": "2", "Channel": "Microsoft-Windows-WER-PayloadHealth/Operational", "Provider_Name": "Microsoft-Windows-WER-PayloadHealth", "Computer": "DESKTOP-OFJ6N53", "TimeCreated": "2024-05-07 16:48:38.185839+00:00", "RecordID": "1402", "Level": "4", "UserID": "S-1-5-21-963789628-1060504924-4285088085-1001", "EventData.HttpExchangeResult": "2147954402", "EventData.UploadDuration": "21406", "EventData.PayloadSize": "4438", "EventData.Protocol": "Watson", "EventData.Stage": "s1event", "EventData.RequestStatusCode": "0", "EventData.BytesUploaded": "0", "EventData.ServerName": "watson.events.data.microsoft.com", "EventData.TransportHr": "2147954402"}
{"EventID": "2", "Channel": "Microsoft-Windows-WER-PayloadHealth/Operational", "Provider_Name": "Microsoft-Windows-WER-PayloadHealth", "Computer": "DESKTOP-OFJ6N53", "TimeCreated": "2024-05-07 16:48:59.466835+00:00", "RecordID": "1403", "Level": "4", "UserID": "S-1-5-21-963789628-1060504924-4285088085-1001", "EventData.HttpExchangeResult": "2147954402", "EventData.UploadDuration": "21250", "EventData.PayloadSize": "4438", "EventData.Protocol": "Watson", "EventData.Stage": "s1event", "EventData.RequestStatusCode": "0", "EventData.BytesUploaded": "0", "EventData.ServerName": "watson.events.data.microsoft.com", "EventData.TransportHr": "2147954402"}
{"EventID": "2", "Channel": "Microsoft-Windows-WER-PayloadHealth/Operational", "Provider_Name": "Microsoft-Windows-WER-PayloadHealth", "Computer": "DESKTOP-OFJ6N53", "TimeCreated": "2024-05-07 17:09:39.622118+00:00", "RecordID": "1404", "Level": "4", "UserID": "S-1-5-21-963789628-1060504924-4285088085-1001", "EventData.HttpExchangeResult": "2147954402", "EventData.UploadDuration": "21109", "EventData.PayloadSize": "4438", "EventData.Protocol": "Watson", "EventData.Stage": "s1event", "EventData.RequestStatusCode": "0", "EventData.BytesUploaded": "0", "EventData.ServerName": "watson.events.data.microsoft.com", "EventData.TransportHr": "2147954402"}
{"EventID": "2", "Channel": "Microsoft-Windows-WER-PayloadHealth/Operational", "Provider_Name": "Microsoft-Windows-WER-PayloadHealth", "Computer": "DESKTOP-OFJ6N53", "TimeCreated": "2024-05-07 17:10:00.893295+00:00", "RecordID": "1405", "Level": "4", "UserID": "S-1-5-21-963789628-1060504924-4285088085-1001", "EventData.HttpExchangeResult": "2147954402", "EventData.UploadDuration": "21157", "EventData.PayloadSize": "4438", "EventData.Protocol": "Watson", "EventData.Stage": "s1event", "EventData.RequestStatusCode": "0", "EventData.BytesUploaded": "0", "EventData.ServerName": "watson.events.data.microsoft.com", "EventData.TransportHr": "2147954402"}
{"EventID": "2", "Channel": "Microsoft-Windows-WER-PayloadHealth/Operational", "Provider_Name": "Microsoft-Windows-WER-PayloadHealth", "Computer": "DESKTOP-OFJ6N53", "TimeCreated": "2024-05-07 17:10:22.075123+00:00", "RecordID": "1406", "Level": "4", "UserID": "S-1-5-21-963789628-1060504924-4285088085-1001", "EventData.HttpExchangeResult": "2147954402", "EventData.UploadDuration": "21141", "EventData.PayloadSize": "4438", "EventData.Protocol": "Watson", "EventData.Stage": "s1event", "EventData.RequestStatusCode": "0", "EventData.BytesUploaded": "0", "EventData.ServerName": "watson.events.data.microsoft.com", "EventData.TransportHr": "2147954402"}
{"EventID": "2", "Channel": "Microsoft-Windows-WER-PayloadHealth/Operational", "Provider_Name": "Microsoft-Windows-WER-PayloadHealth", "Computer": "DESKTOP-OFJ6N53", "TimeCreated": "2024-05-07 17:10:43.231632+00:00", "RecordID": "1407", "Level": "4", "UserID": "S-1-5-21-963789628-1060504924-4285088085-1001", "EventData.HttpExchangeResult": "2147954402", "EventData.UploadDuration": "21109", "EventData.PayloadSize": "4438", "EventData.Protocol": "Watson", "EventData.Stage": "s1event", "EventData.RequestStatusCode": "0", "EventData.BytesUploaded": "0", "EventData.ServerName": "watson.events.data.microsoft.com", "EventData.TransportHr": "2147954402"}
{"EventID": "2", "Channel": "Microsoft-Windows-WER-PayloadHealth/Operational", "Provider_Name": "Microsoft-Windows-WER-PayloadHealth", "Computer": "DESKTOP-OFJ6N53", "TimeCreated": "2024-05-07 17:11:04.481361+00:00", "RecordID": "1408", "Level": "4", "UserID": "S-1-5-21-963789628-1060504924-4285088085-1001", "EventData.HttpExchangeResult": "2147954402", "EventData.UploadDuration": "21140", "EventData.PayloadSize": "4438", "EventData.Protocol": "Watson", "EventData.Stage": "s1event", "EventData.RequestStatusCode": "0", "EventData.BytesUploaded": "0", "EventData.ServerName": "watson.events.data.microsoft.com", "EventData.TransportHr": "2147954402"}
{"EventID": "2", "Channel": "Microsoft-Windows-WER-PayloadHealth/Operational", "Provider_Name": "Microsoft-Windows-WER-PayloadHealth", "Computer": "DESKTOP-OFJ6N53", "TimeCreated": "2024-05-07 20:18:25.963978+00:00", "RecordID": "1409", "Level": "4", "UserID": "S-1-5-21-963789628-1060504924-4285088085-1001", "EventData.HttpExchangeResult": "2147954402", "EventData.UploadDuration": "21063", "EventData.PayloadSize": "4438", "EventData.Protocol": "Watson", "EventData.Stage": "s1event", "EventData.RequestStatusCode": "0", "EventData.BytesUploaded": "0", "EventData.ServerName": "watson.events.data.microsoft.com", "EventData.TransportHr": "2147954402"}
{"EventID": "2", "Channel": "Microsoft-Windows-WER-PayloadHealth/Operational", "Provider_Name": "Microsoft-Windows-WER-PayloadHealth", "Computer": "DESKTOP-OFJ6N53", "TimeCreated": "2024-05-07 20:18:47.072910+00:00", "RecordID": "1410", "Level": "4", "UserID": "S-1-5-21-963789628-1060504924-4285088085-1001", "EventData.HttpExchangeResult": "2147954402", "EventData.UploadDuration": "21062", "EventData.PayloadSize": "4438", "EventData.Protocol": "Watson", "EventData.Stage": "s1event", "EventData.RequestStatusCode": "0", "EventData.BytesUploaded": "0", "EventData.ServerName": "watson.events.data.microsoft.com", "EventData.TransportHr": "2147954402"}
{"EventID": "2", "Channel": "Microsoft-Windows-WER-PayloadHealth/Operational", "Provider_Name": "Microsoft-Windows-WER-PayloadHealth", "Computer": "DESKTOP-OFJ6N53", "TimeCreated": "2024-05-07 20:19:08.197779+00:00", "RecordID": "1411", "Level": "4", "UserID": "S-1-5-21-963789628-1060504924-4285088085-1001", "EventData.HttpExchangeResult": "2147954402", "EventData.UploadDuration": "21078", "EventData.PayloadSize": "4438", "EventData.Protocol": "Watson", "EventData.Stage": "s1event", "EventData.RequestStatusCode": "0", "EventData.BytesUploaded": "0", "EventData.ServerName": "watson.events.data.microsoft.com", "EventData.TransportHr": "2147954402"}
{"EventID": "2", "Channel": "Microsoft-Windows-WER-PayloadHealth/Operational", "Provider_Name": "Microsoft-Windows-WER-PayloadHealth", "Computer": "DESKTOP-OFJ6N53", "TimeCreated": "2024-05-07 20:19:29.322912+00:00", "RecordID": "1412", "Level": "4", "UserID": "S-1-5-21-963789628-1060504924-4285088085-1001", "EventData.HttpExchangeResult": "2147954402", "EventData.UploadDuration": "21078", "EventData.PayloadSize": "4438", "EventData.Protocol": "Watson", "EventData.Stage": "s1event", "EventData.RequestStatusCode": "0", "EventData.BytesUploaded": "0", "EventData.ServerName": "watson.events.data.microsoft.com", "EventData.TransportHr": "2147954402"}
{"EventID": "2", "Channel": "Microsoft-Windows-WER-PayloadHealth/Operational", "Provider_Name": "Microsoft-Windows-WER-PayloadHealth", "Computer": "DESKTOP-OFJ6N53", "TimeCreated": "2024-05-07 20:19:50.400959+00:00", "RecordID": "1413", "Level": "4", "UserID": "S-1-5-21-963789628-1060504924-4285088085-1001", "EventData.HttpExchangeResult": "2147954402", "EventData.UploadDuration": "21031", "EventData.PayloadSize": "4438", "EventData.Protocol": "Watson", "EventData.Stage": "s1event", "EventData.RequestStatusCode": "0", "EventData.BytesUploaded": "0", "EventData.ServerName": "watson.events.data.microsoft.com", "EventData.TransportHr": "2147954402"}
{"EventID": "2", "Channel": "Microsoft-Windows-WER-PayloadHealth/Operational", "Provider_Name": "Microsoft-Windows-WER-PayloadHealth", "Computer": "DESKTOP-OFJ6N53", "TimeCreated": "2024-05-08 00:08:04.977701+00:00", "RecordID": "1414", "Level": "4", "UserID": "S-1-5-21-963789628-1060504924-4285088085-1001", "EventData.HttpExchangeResult": "2147954402", "EventData.UploadDuration": "21063", "EventData.PayloadSize": "4438", "EventData.Protocol": "Watson", "EventData.Stage": "s1event", "EventData.RequestStatusCode": "0", "EventData.BytesUploaded": "0", "EventData.ServerName": "watson.events.data.microsoft.com", "EventData.TransportHr": "2147954402"}
{"EventID": "2", "Channel": "Microsoft-Windows-WER-PayloadHealth/Operational", "Provider_Name": "Microsoft-Windows-WER-PayloadHealth", "Computer": "DESKTOP-OFJ6N53", "TimeCreated": "2024-05-08 00:08:26.071373+00:00", "RecordID": "1415", "Level": "4", "UserID": "S-1-5-21-963789628-1060504924-4285088085-1001", "EventData.HttpExchangeResult": "2147954402", "EventData.UploadDuration": "21046", "EventData.PayloadSize": "4438", "EventData.Protocol": "Watson", "EventData.Stage": "s1event", "EventData.RequestStatusCode": "0", "EventData.BytesUploaded": "0", "EventData.ServerName": "watson.events.data.microsoft.com", "EventData.TransportHr": "2147954402"}
{"EventID": "2", "Channel": "Microsoft-Windows-WER-PayloadHealth/Operational", "Provider_Name": "Microsoft-Windows-WER-PayloadHealth", "Computer": "DESKTOP-OFJ6N53", "TimeCreated": "2024-05-08 00:08:47.243118+00:00", "RecordID": "1416", "Level": "4", "UserID": "S-1-5-21-963789628-1060504924-4285088085-1001", "EventData.HttpExchangeResult": "2147954402", "EventData.UploadDuration": "21093", "EventData.PayloadSize": "4438", "EventData.Protocol": "Watson", "EventData.Stage": "s1event", "EventData.RequestStatusCode": "0", "EventData.BytesUploaded": "0", "EventData.ServerName": "watson.events.data.microsoft.com", "EventData.TransportHr": "2147954402"}
{"EventID": "2", "Channel": "Microsoft-Windows-WER-PayloadHealth/Operational", "Provider_Name": "Microsoft-Windows-WER-PayloadHealth", "Computer": "DESKTOP-OFJ6N53", "TimeCreated": "2024-05-08 00:09:08.671541+00:00", "RecordID": "1417", "Level": "4", "UserID": "S-1-5-21-963789628-1060504924-4285088085-1001", "EventData.HttpExchangeResult": "2147954402", "EventData.UploadDuration": "21391", "EventData.PayloadSize": "4438", "EventData.Protocol": "Watson", "EventData.Stage": "s1event", "EventData.RequestStatusCode": "0", "EventData.BytesUploaded": "0", "EventData.ServerName": "watson.events.data.microsoft.com", "EventData.TransportHr": "2147954402"}
{"EventID": "2", "Channel": "Microsoft-Windows-WER-PayloadHealth/Operational", "Provider_Name": "Microsoft-Windows-WER-PayloadHealth", "Computer": "DESKTOP-OFJ6N53", "TimeCreated": "2024-05-08 00:09:30.087084+00:00", "RecordID": "1418", "Level": "4", "UserID": "S-1-5-21-963789628-1060504924-4285088085-1001", "EventData.HttpExchangeResult": "2147954402", "EventData.UploadDuration": "21375", "EventData.PayloadSize": "4438", "EventData.Protocol": "Watson", "EventData.Stage": "s1event", "EventData.RequestStatusCode": "0", "EventData.BytesUploaded": "0", "EventData.ServerName": "watson.events.data.microsoft.com", "EventData.TransportHr": "2147954402"}
{"EventID": "2", "Channel": "Microsoft-Windows-WER-PayloadHealth/Operational", "Provider_Name": "Microsoft-Windows-WER-PayloadHealth", "Computer": "DESKTOP-OFJ6N53", "TimeCreated": "2024-05-08 04:32:12.080147+00:00", "RecordID": "1419", "Level": "4", "UserID": "S-1-5-21-963789628-1060504924-4285088085-1001", "EventData.HttpExchangeResult": "2147954402", "EventData.UploadDuration": "21062", "EventData.PayloadSize": "4438", "EventData.Protocol": "Watson", "EventData.Stage": "s1event", "EventData.RequestStatusCode": "0", "EventData.BytesUploaded": "0", "EventData.ServerName": "watson.events.data.microsoft.com", "EventData.TransportHr": "2147954402"}
