{"EventID": "110", "Channel": "Microsoft-Windows-Diagnosis-DPS/Operational", "Provider_Name": "Microsoft-Windows-Diagnosis-DPS", "Computer": "DESKTOP-OFJ6N53", "TimeCreated": "2025-02-05 14:03:46.363010+00:00", "RecordID": "3672", "Level": "4", "UserID": "S-1-5-19", "EventData.ScenarioId": "{86432a0b-3c7d-4ddf-a89c-172faa90485d}", "EventData.InstanceId": "{127d94bb-08d3-4f57-830f-cf24af9735b9}", "EventData.OriginalActivityId": "{86432a0b-3c7d-4ddf-a89c-172faa90485d}", "EventData.DiagnosticModuleImageName": "%SystemRoot%\\system32\\diagperf.dll", "EventData.DiagnosticModuleId": "{c8544339-5be9-4f25-862e-485f1b1a6935}"}
{"EventID": "100", "Channel": "Microsoft-Windows-Diagnosis-DPS/Operational", "Provider_Name": "Microsoft-Windows-Diagnosis-DPS", "Computer": "DESKTOP-OFJ6N53", "TimeCreated": "2025-02-07 16:37:43.276760+00:00", "RecordID": "3673", "Level": "4", "UserID": "S-1-5-19", "EventData.ScenarioId": "{180b3a99-8c39-4f12-b631-2031998efe45}", "EventData.InstanceId": "{f284cea1-387a-46d2-8196-74d26817fa9e}", "EventData.OriginalActivityId": "{00000000-0000-0000-0000-000000000000}", "EventData.DiagnosticModuleImageName": "%windir%\\system32\\radardt.dll", "EventData.DiagnosticModuleId": "{45de1ea9-10bc-4f96-9b21-4b6b83dbf476}"}
{"EventID": "105", "Channel": "Microsoft-Windows-Diagnosis-DPS/Operational", "Provider_Name": "Microsoft-Windows-Diagnosis-DPS", "Computer": "DESKTOP-OFJ6N53", "TimeCreated": "2025-02-07 16:37:43.276768+00:00", "RecordID": "3674", "Level": "4", "UserID": "S-1-5-19", "EventData.ScenarioId": "{180b3a99-8c39-4f12-b631-2031998efe45}", "EventData.InstanceId": "{f284cea1-387a-46d2-8196-74d26817fa9e}", "EventData.OriginalActivityId": "{00000000-0000-0000-0000-000000000000}", "EventData.DiagnosticModuleImageName": "%windir%\\system32\\radardt.dll", "EventData.DiagnosticModuleId": "{45de1ea9-10bc-4f96-9b21-4b6b83dbf476}"}
{"EventID": "115", "Channel": "Microsoft-Windows-Diagnosis-DPS/Operational", "Provider_Name": "Microsoft-Windows-Diagnosis-DPS", "Computer": "DESKTOP-OFJ6N53", "TimeCreated": "2025-02-07 16:37:43.281925+00:00", "RecordID": "3675", "Level": "4", "UserID": "S-1-5-19", "EventData.ScenarioId": "{180b3a99-8c39-4f12-b631-2031998efe45}", "EventData.InstanceId": "{f284cea1-387a-46d2-8196-74d26817fa9e}", "EventData.OriginalActivityId": "{00000000-0000-0000-0000-000000000000}", "EventData.DiagnosticModuleImageName": "%windir%\\system32\\radardt.dll", "EventData.ResolutionId": "{5ee64afb-398d-4edb-af71-3b830219abf7}", "EventData.ResolutionSID": "S-1-5-21-963789628-1060504924-4285088085-1001", "EventData.ResolutionSessionId": "1", "EventData.ResolutionExpirationDate": "0001-01-01 00:00:00", "EventData.DiagnosticModuleId": "{45de1ea9-10bc-4f96-9b21-4b6b83dbf476}"}
{"EventID": "125", "Channel": "Microsoft-Windows-Diagnosis-DPS/Operational", "Provider_Name": "Microsoft-Windows-Diagnosis-DPS", "Computer": "DESKTOP-OFJ6N53", "TimeCreated": "2025-02-07 16:37:43.346617+00:00", "RecordID": "3676", "Level": "4", "UserID": "S-1-5-19", "EventData.ScenarioId": "{180b3a99-8c39-4f12-b631-2031998efe45}", "EventData.InstanceId": "{f284cea1-387a-46d2-8196-74d26817fa9e}", "EventData.OriginalActivityId": "{00000000-0000-0000-0000-000000000000}", "EventData.DiagnosticModuleImageName": "%windir%\\system32\\radarrs.dll", "EventData.DiagnosticModuleId": "{5ee64afb-398d-4edb-af71-3b830219abf7}"}
{"EventID": "130", "Channel": "Microsoft-Windows-Diagnosis-DPS/Operational", "Provider_Name": "Microsoft-Windows-Diagnosis-DPS", "Computer": "DESKTOP-OFJ6N53", "TimeCreated": "2025-02-07 16:37:45.210697+00:00", "RecordID": "3677", "Level": "4", "UserID": "S-1-5-19", "EventData.ScenarioId": "{180b3a99-8c39-4f12-b631-2031998efe45}", "EventData.InstanceId": "{f284cea1-387a-46d2-8196-74d26817fa9e}", "EventData.OriginalActivityId": "{00000000-0000-0000-0000-000000000000}", "EventData.DiagnosticModuleImageName": "%windir%\\system32\\radarrs.dll", "EventData.DiagnosticModuleId": "{5ee64afb-398d-4edb-af71-3b830219abf7}"}
{"EventID": "100", "Channel": "Microsoft-Windows-Diagnosis-DPS/Operational", "Provider_Name": "Microsoft-Windows-Diagnosis-DPS", "Computer": "DESKTOP-OFJ6N53", "TimeCreated": "2025-02-08 14:12:58.964594+00:00", "RecordID": "3678", "Level": "4", "UserID": "S-1-5-19", "EventData.ScenarioId": "{180b3a99-8c39-4f12-b631-2031998efe45}", "EventData.InstanceId": "{3145f199-92ad-4063-ba1c-fd8c9da04adc}", "EventData.OriginalActivityId": "{00000000-0000-0000-0000-000000000000}", "EventData.DiagnosticModuleImageName": "%windir%\\system32\\radardt.dll", "EventData.DiagnosticModuleId": "{45de1ea9-10bc-4f96-9b21-4b6b83dbf476}"}
{"EventID": "105", "Channel": "Microsoft-Windows-Diagnosis-DPS/Operational", "Provider_Name": "Microsoft-Windows-Diagnosis-DPS", "Computer": "DESKTOP-OFJ6N53", "TimeCreated": "2025-02-08 14:12:58.964603+00:00", "RecordID": "3679", "Level": "4", "UserID": "S-1-5-19", "EventData.ScenarioId": "{180b3a99-8c39-4f12-b631-2031998efe45}", "EventData.InstanceId": "{3145f199-92ad-4063-ba1c-fd8c9da04adc}", "EventData.OriginalActivityId": "{00000000-0000-0000-0000-000000000000}", "EventData.DiagnosticModuleImageName": "%windir%\\system32\\radardt.dll", "EventData.DiagnosticModuleId": "{45de1ea9-10bc-4f96-9b21-4b6b83dbf476}"}
{"EventID": "100", "Channel": "Microsoft-Windows-Diagnosis-DPS/Operational", "Provider_Name": "Microsoft-Windows-Diagnosis-DPS", "Computer": "DESKTOP-OFJ6N53", "TimeCreated": "2025-02-08 19:38:03.494793+00:00", "RecordID": "3680", "Level": "4", "UserID": "S-1-5-19", "EventData.ScenarioId": "{180b3a99-8c39-4f12-b631-2031998efe45}", "EventData.InstanceId": "{ea841217-d13e-460a-ae3c-0a58274500b8}", "EventData.OriginalActivityId": "{00000000-0000-0000-0000-000000000000}", "EventData.DiagnosticModuleImageName": "%windir%\\system32\\radardt.dll", "EventData.DiagnosticModuleId": "{45de1ea9-10bc-4f96-9b21-4b6b83dbf476}"}
{"EventID": "105", "Channel": "Microsoft-Windows-Diagnosis-DPS/Operational", "Provider_Name": "Microsoft-Windows-Diagnosis-DPS", "Computer": "DESKTOP-OFJ6N53", "TimeCreated": "2025-02-08 19:38:03.494799+00:00", "RecordID": "3681", "Level": "4", "UserID": "S-1-5-19", "EventData.ScenarioId": "{180b3a99-8c39-4f12-b631-2031998efe45}", "EventData.InstanceId": "{ea841217-d13e-460a-ae3c-0a58274500b8}", "EventData.OriginalActivityId": "{00000000-0000-0000-0000-000000000000}", "EventData.DiagnosticModuleImageName": "%windir%\\system32\\radardt.dll", "EventData.DiagnosticModuleId": "{45de1ea9-10bc-4f96-9b21-4b6b83dbf476}"}
{"EventID": "100", "Channel": "Microsoft-Windows-Diagnosis-DPS/Operational", "Provider_Name": "Microsoft-Windows-Diagnosis-DPS", "Computer": "DESKTOP-OFJ6N53", "TimeCreated": "2025-02-12 14:54:35.820349+00:00", "RecordID": "3682", "Level": "4", "UserID": "S-1-5-19", "EventData.ScenarioId": "{2698178d-fdad-40ae-9d3c-1371703adc5b}", "EventData.InstanceId": "{97fef949-7eda-45a3-9e3d-2edc253e6a55}", "EventData.OriginalActivityId": "{2698178d-fdad-40ae-9d3c-1371703adc5b}", "EventData.DiagnosticModuleImageName": "%SystemRoot%\\system32\\diagperf.dll", "EventData.DiagnosticModuleId": "{15fba3b8-a37a-4f91-bdba-fbb98fe804bf}"}
{"EventID": "105", "Channel": "Microsoft-Windows-Diagnosis-DPS/Operational", "Provider_Name": "Microsoft-Windows-Diagnosis-DPS", "Computer": "DESKTOP-OFJ6N53", "TimeCreated": "2025-02-12 14:54:35.820351+00:00", "RecordID": "3683", "Level": "4", "UserID": "S-1-5-19", "EventData.ScenarioId": "{2698178d-fdad-40ae-9d3c-1371703adc5b}", "EventData.InstanceId": "{97fef949-7eda-45a3-9e3d-2edc253e6a55}", "EventData.OriginalActivityId": "{2698178d-fdad-40ae-9d3c-1371703adc5b}", "EventData.DiagnosticModuleImageName": "%SystemRoot%\\system32\\diagperf.dll", "EventData.DiagnosticModuleId": "{15fba3b8-a37a-4f91-bdba-fbb98fe804bf}"}
{"EventID": "100", "Channel": "Microsoft-Windows-Diagnosis-DPS/Operational", "Provider_Name": "Microsoft-Windows-Diagnosis-DPS", "Computer": "DESKTOP-OFJ6N53", "TimeCreated": "2025-02-12 14:57:01.834549+00:00", "RecordID": "3684", "Level": "4", "UserID": "S-1-5-19", "EventData.ScenarioId": "{86432a0b-3c7d-4ddf-a89c-172faa90485d}", "EventData.InstanceId": "{df838018-7614-4948-b9d3-85b4189b5144}", "EventData.OriginalActivityId": "{86432a0b-3c7d-4ddf-a89c-172faa90485d}", "EventData.DiagnosticModuleImageName": "%SystemRoot%\\system32\\diagperf.dll", "EventData.DiagnosticModuleId": "{c8544339-5be9-4f25-862e-485f1b1a6935}"}
{"EventID": "105", "Channel": "Microsoft-Windows-Diagnosis-DPS/Operational", "Provider_Name": "Microsoft-Windows-Diagnosis-DPS", "Computer": "DESKTOP-OFJ6N53", "TimeCreated": "2025-02-12 14:57:01.834555+00:00", "RecordID": "3685", "Level": "4", "UserID": "S-1-5-19", "EventData.ScenarioId": "{86432a0b-3c7d-4ddf-a89c-172faa90485d}", "EventData.InstanceId": "{df838018-7614-4948-b9d3-85b4189b5144}", "EventData.OriginalActivityId": "{86432a0b-3c7d-4ddf-a89c-172faa90485d}", "EventData.DiagnosticModuleImageName": "%SystemRoot%\\system32\\diagperf.dll", "EventData.DiagnosticModuleId": "{c8544339-5be9-4f25-862e-485f1b1a6935}"}
{"EventID": "110", "Channel": "Microsoft-Windows-Diagnosis-DPS/Operational", "Provider_Name": "Microsoft-Windows-Diagnosis-DPS", "Computer": "DESKTOP-OFJ6N53", "TimeCreated": "2025-02-12 14:57:02.462267+00:00", "RecordID": "3686", "Level": "4", "UserID": "S-1-5-19", "EventData.ScenarioId": "{2698178d-fdad-40ae-9d3c-1371703adc5b}", "EventData.InstanceId": "{97fef949-7eda-45a3-9e3d-2edc253e6a55}", "EventData.OriginalActivityId": "{2698178d-fdad-40ae-9d3c-1371703adc5b}", "EventData.DiagnosticModuleImageName": "%SystemRoot%\\system32\\diagperf.dll", "EventData.DiagnosticModuleId": "{15fba3b8-a37a-4f91-bdba-fbb98fe804bf}"}
{"EventID": "110", "Channel": "Microsoft-Windows-Diagnosis-DPS/Operational", "Provider_Name": "Microsoft-Windows-Diagnosis-DPS", "Computer": "DESKTOP-OFJ6N53", "TimeCreated": "2025-02-12 14:57:03.981236+00:00", "RecordID": "3687", "Level": "4", "UserID": "S-1-5-19", "EventData.ScenarioId": "{86432a0b-3c7d-4ddf-a89c-172faa90485d}", "EventData.InstanceId": "{df838018-7614-4948-b9d3-85b4189b5144}", "EventData.OriginalActivityId": "{86432a0b-3c7d-4ddf-a89c-172faa90485d}", "EventData.DiagnosticModuleImageName": "%SystemRoot%\\system32\\diagperf.dll", "EventData.DiagnosticModuleId": "{c8544339-5be9-4f25-862e-485f1b1a6935}"}
{"EventID": "100", "Channel": "Microsoft-Windows-Diagnosis-DPS/Operational", "Provider_Name": "Microsoft-Windows-Diagnosis-DPS", "Computer": "DESKTOP-OFJ6N53", "TimeCreated": "2025-02-17 15:05:59.932570+00:00", "RecordID": "3688", "Level": "4", "UserID": "S-1-5-19", "EventData.ScenarioId": "{180b3a99-8c39-4f12-b631-2031998efe45}", "EventData.InstanceId": "{706c295e-bcff-42e7-8e5b-5b60638dbb66}", "EventData.OriginalActivityId": "{00000000-0000-0000-0000-000000000000}", "EventData.DiagnosticModuleImageName": "%windir%\\system32\\radardt.dll", "EventData.DiagnosticModuleId": "{45de1ea9-10bc-4f96-9b21-4b6b83dbf476}"}
{"EventID": "105", "Channel": "Microsoft-Windows-Diagnosis-DPS/Operational", "Provider_Name": "Microsoft-Windows-Diagnosis-DPS", "Computer": "DESKTOP-OFJ6N53", "TimeCreated": "2025-02-17 15:05:59.932577+00:00", "RecordID": "3689", "Level": "4", "UserID": "S-1-5-19", "EventData.ScenarioId": "{180b3a99-8c39-4f12-b631-2031998efe45}", "EventData.InstanceId": "{706c295e-bcff-42e7-8e5b-5b60638dbb66}", "EventData.OriginalActivityId": "{00000000-0000-0000-0000-000000000000}", "EventData.DiagnosticModuleImageName": "%windir%\\system32\\radardt.dll", "EventData.DiagnosticModuleId": "{45de1ea9-10bc-4f96-9b21-4b6b83dbf476}"}
{"EventID": "100", "Channel": "Microsoft-Windows-Diagnosis-DPS/Operational", "Provider_Name": "Microsoft-Windows-Diagnosis-DPS", "Computer": "DESKTOP-OFJ6N53", "TimeCreated": "2025-02-18 07:16:04.723757+00:00", "RecordID": "3690", "Level": "4", "UserID": "S-1-5-19", "EventData.ScenarioId": "{180b3a99-8c39-4f12-b631-2031998efe45}", "EventData.InstanceId": "{8107c3f1-957e-4850-a7a3-27364ecd5cf0}", "EventData.OriginalActivityId": "{00000000-0000-0000-0000-000000000000}", "EventData.DiagnosticModuleImageName": "%windir%\\system32\\radardt.dll", "EventData.DiagnosticModuleId": "{45de1ea9-10bc-4f96-9b21-4b6b83dbf476}"}
{"EventID": "105", "Channel": "Microsoft-Windows-Diagnosis-DPS/Operational", "Provider_Name": "Microsoft-Windows-Diagnosis-DPS", "Computer": "DESKTOP-OFJ6N53", "TimeCreated": "2025-02-18 07:16:04.723768+00:00", "RecordID": "3691", "Level": "4", "UserID": "S-1-5-19", "EventData.ScenarioId": "{180b3a99-8c39-4f12-b631-2031998efe45}", "EventData.InstanceId": "{8107c3f1-957e-4850-a7a3-27364ecd5cf0}", "EventData.OriginalActivityId": "{00000000-0000-0000-0000-000000000000}", "EventData.DiagnosticModuleImageName": "%windir%\\system32\\radardt.dll", "EventData.DiagnosticModuleId": "{45de1ea9-10bc-4f96-9b21-4b6b83dbf476}"}
{"EventID": "115", "Channel": "Microsoft-Windows-Diagnosis-DPS/Operational", "Provider_Name": "Microsoft-Windows-Diagnosis-DPS", "Computer": "DESKTOP-OFJ6N53", "TimeCreated": "2025-02-18 07:16:04.728895+00:00", "RecordID": "3692", "Level": "4", "UserID": "S-1-5-19", "EventData.ScenarioId": "{180b3a99-8c39-4f12-b631-2031998efe45}", "EventData.InstanceId": "{8107c3f1-957e-4850-a7a3-27364ecd5cf0}", "EventData.OriginalActivityId": "{00000000-0000-0000-0000-000000000000}", "EventData.DiagnosticModuleImageName": "%windir%\\system32\\radardt.dll", "EventData.ResolutionId": "{5ee64afb-398d-4edb-af71-3b830219abf7}", "EventData.ResolutionSID": "S-1-5-21-963789628-1060504924-4285088085-1001", "EventData.ResolutionSessionId": "1", "EventData.ResolutionExpirationDate": "0001-01-01 00:00:00", "EventData.DiagnosticModuleId": "{45de1ea9-10bc-4f96-9b21-4b6b83dbf476}"}
{"EventID": "125", "Channel": "Microsoft-Windows-Diagnosis-DPS/Operational", "Provider_Name": "Microsoft-Windows-Diagnosis-DPS", "Computer": "DESKTOP-OFJ6N53", "TimeCreated": "2025-02-18 07:16:04.788357+00:00", "RecordID": "3693", "Level": "4", "UserID": "S-1-5-19", "EventData.ScenarioId": "{180b3a99-8c39-4f12-b631-2031998efe45}", "EventData.InstanceId": "{8107c3f1-957e-4850-a7a3-27364ecd5cf0}", "EventData.OriginalActivityId": "{00000000-0000-0000-0000-000000000000}", "EventData.DiagnosticModuleImageName": "%windir%\\system32\\radarrs.dll", "EventData.DiagnosticModuleId": "{5ee64afb-398d-4edb-af71-3b830219abf7}"}
{"EventID": "130", "Channel": "Microsoft-Windows-Diagnosis-DPS/Operational", "Provider_Name": "Microsoft-Windows-Diagnosis-DPS", "Computer": "DESKTOP-OFJ6N53", "TimeCreated": "2025-02-18 07:16:07.259474+00:00", "RecordID": "3694", "Level": "4", "UserID": "S-1-5-19", "EventData.ScenarioId": "{180b3a99-8c39-4f12-b631-2031998efe45}", "EventData.InstanceId": "{8107c3f1-957e-4850-a7a3-27364ecd5cf0}", "EventData.OriginalActivityId": "{00000000-0000-0000-0000-000000000000}", "EventData.DiagnosticModuleImageName": "%windir%\\system32\\radarrs.dll", "EventData.DiagnosticModuleId": "{5ee64afb-398d-4edb-af71-3b830219abf7}"}
{"EventID": "100", "Channel": "Microsoft-Windows-Diagnosis-DPS/Operational", "Provider_Name": "Microsoft-Windows-Diagnosis-DPS", "Computer": "DESKTOP-OFJ6N53", "TimeCreated": "2025-03-03 09:07:14.525049+00:00", "RecordID": "3695", "Level": "4", "UserID": "S-1-5-19", "EventData.ScenarioId": "{180b3a99-8c39-4f12-b631-2031998efe45}", "EventData.InstanceId": "{a00689ac-d06f-45cf-85fc-ddd88738896f}", "EventData.OriginalActivityId": "{00000000-0000-0000-0000-000000000000}", "EventData.DiagnosticModuleImageName": "%windir%\\system32\\radardt.dll", "EventData.DiagnosticModuleId": "{45de1ea9-10bc-4f96-9b21-4b6b83dbf476}"}
{"EventID": "105", "Channel": "Microsoft-Windows-Diagnosis-DPS/Operational", "Provider_Name": "Microsoft-Windows-Diagnosis-DPS", "Computer": "DESKTOP-OFJ6N53", "TimeCreated": "2025-03-03 09:07:14.525053+00:00", "RecordID": "3696", "Level": "4", "UserID": "S-1-5-19", "EventData.ScenarioId": "{180b3a99-8c39-4f12-b631-2031998efe45}", "EventData.InstanceId": "{a00689ac-d06f-45cf-85fc-ddd88738896f}", "EventData.OriginalActivityId": "{00000000-0000-0000-0000-000000000000}", "EventData.DiagnosticModuleImageName": "%windir%\\system32\\radardt.dll", "EventData.DiagnosticModuleId": "{45de1ea9-10bc-4f96-9b21-4b6b83dbf476}"}
{"EventID": "115", "Channel": "Microsoft-Windows-Diagnosis-DPS/Operational", "Provider_Name": "Microsoft-Windows-Diagnosis-DPS", "Computer": "DESKTOP-OFJ6N53", "TimeCreated": "2025-03-03 09:07:14.529184+00:00", "RecordID": "3697", "Level": "4", "UserID": "S-1-5-19", "EventData.ScenarioId": "{180b3a99-8c39-4f12-b631-2031998efe45}", "EventData.InstanceId": "{a00689ac-d06f-45cf-85fc-ddd88738896f}", "EventData.OriginalActivityId": "{00000000-0000-0000-0000-000000000000}", "EventData.DiagnosticModuleImageName": "%windir%\\system32\\radardt.dll", "EventData.ResolutionId": "{5ee64afb-398d-4edb-af71-3b830219abf7}", "EventData.ResolutionSID": "S-1-5-21-963789628-1060504924-4285088085-1001", "EventData.ResolutionSessionId": "1", "EventData.ResolutionExpirationDate": "0001-01-01 00:00:00", "EventData.DiagnosticModuleId": "{45de1ea9-10bc-4f96-9b21-4b6b83dbf476}"}
{"EventID": "125", "Channel": "Microsoft-Windows-Diagnosis-DPS/Operational", "Provider_Name": "Microsoft-Windows-Diagnosis-DPS", "Computer": "DESKTOP-OFJ6N53", "TimeCreated": "2025-03-03 09:07:14.529194+00:00", "RecordID": "3698", "Level": "4", "UserID": "S-1-5-19", "EventData.ScenarioId": "{180b3a99-8c39-4f12-b631-2031998efe45}", "EventData.InstanceId": "{a00689ac-d06f-45cf-85fc-ddd88738896f}", "EventData.OriginalActivityId": "{00000000-0000-0000-0000-000000000000}", "EventData.DiagnosticModuleImageName": "%windir%\\system32\\radarrs.dll", "EventData.DiagnosticModuleId": "{5ee64afb-398d-4edb-af71-3b830219abf7}"}
{"EventID": "130", "Channel": "Microsoft-Windows-Diagnosis-DPS/Operational", "Provider_Name": "Microsoft-Windows-Diagnosis-DPS", "Computer": "DESKTOP-OFJ6N53", "TimeCreated": "2025-03-03 09:07:17.757057+00:00", "RecordID": "3699", "Level": "4", "UserID": "S-1-5-19", "EventData.ScenarioId": "{180b3a99-8c39-4f12-b631-2031998efe45}", "EventData.InstanceId": "{a00689ac-d06f-45cf-85fc-ddd88738896f}", "EventData.OriginalActivityId": "{00000000-0000-0000-0000-000000000000}", "EventData.DiagnosticModuleImageName": "%windir%\\system32\\radarrs.dll", "EventData.DiagnosticModuleId": "{5ee64afb-398d-4edb-af71-3b830219abf7}"}
{"EventID": "100", "Channel": "Microsoft-Windows-Diagnosis-DPS/Operational", "Provider_Name": "Microsoft-Windows-Diagnosis-DPS", "Computer": "DESKTOP-OFJ6N53", "TimeCreated": "2025-03-07 15:04:26.937298+00:00", "RecordID": "3700", "Level": "4", "UserID": "S-1-5-19", "EventData.ScenarioId": "{2698178d-fdad-40ae-9d3c-1371703adc5b}", "EventData.InstanceId": "{bb39c5b5-0103-4d15-8b15-30f41a274e8c}", "EventData.OriginalActivityId": "{2698178d-fdad-40ae-9d3c-1371703adc5b}", "EventData.DiagnosticModuleImageName": "%SystemRoot%\\system32\\diagperf.dll", "EventData.DiagnosticModuleId": "{15fba3b8-a37a-4f91-bdba-fbb98fe804bf}"}
{"EventID": "105", "Channel": "Microsoft-Windows-Diagnosis-DPS/Operational", "Provider_Name": "Microsoft-Windows-Diagnosis-DPS", "Computer": "DESKTOP-OFJ6N53", "TimeCreated": "2025-03-07 15:04:26.937300+00:00", "RecordID": "3701", "Level": "4", "UserID": "S-1-5-19", "EventData.ScenarioId": "{2698178d-fdad-40ae-9d3c-1371703adc5b}", "EventData.InstanceId": "{bb39c5b5-0103-4d15-8b15-30f41a274e8c}", "EventData.OriginalActivityId": "{2698178d-fdad-40ae-9d3c-1371703adc5b}", "EventData.DiagnosticModuleImageName": "%SystemRoot%\\system32\\diagperf.dll", "EventData.DiagnosticModuleId": "{15fba3b8-a37a-4f91-bdba-fbb98fe804bf}"}
{"EventID": "100", "Channel": "Microsoft-Windows-Diagnosis-DPS/Operational", "Provider_Name": "Microsoft-Windows-Diagnosis-DPS", "Computer": "DESKTOP-OFJ6N53", "TimeCreated": "2025-03-07 15:06:35.833244+00:00", "RecordID": "3702", "Level": "4", "UserID": "S-1-5-19", "EventData.ScenarioId": "{86432a0b-3c7d-4ddf-a89c-172faa90485d}", "EventData.InstanceId": "{89eb73ce-9a5d-4cca-a611-1ee6c13eef55}", "EventData.OriginalActivityId": "{86432a0b-3c7d-4ddf-a89c-172faa90485d}", "EventData.DiagnosticModuleImageName": "%SystemRoot%\\system32\\diagperf.dll", "EventData.DiagnosticModuleId": "{c8544339-5be9-4f25-862e-485f1b1a6935}"}
{"EventID": "105", "Channel": "Microsoft-Windows-Diagnosis-DPS/Operational", "Provider_Name": "Microsoft-Windows-Diagnosis-DPS", "Computer": "DESKTOP-OFJ6N53", "TimeCreated": "2025-03-07 15:06:35.833248+00:00", "RecordID": "3703", "Level": "4", "UserID": "S-1-5-19", "EventData.ScenarioId": "{86432a0b-3c7d-4ddf-a89c-172faa90485d}", "EventData.InstanceId": "{89eb73ce-9a5d-4cca-a611-1ee6c13eef55}", "EventData.OriginalActivityId": "{86432a0b-3c7d-4ddf-a89c-172faa90485d}", "EventData.DiagnosticModuleImageName": "%SystemRoot%\\system32\\diagperf.dll", "EventData.DiagnosticModuleId": "{c8544339-5be9-4f25-862e-485f1b1a6935}"}
{"EventID": "110", "Channel": "Microsoft-Windows-Diagnosis-DPS/Operational", "Provider_Name": "Microsoft-Windows-Diagnosis-DPS", "Computer": "DESKTOP-OFJ6N53", "TimeCreated": "2025-03-07 15:06:36.474529+00:00", "RecordID": "3704", "Level": "4", "UserID": "S-1-5-19", "EventData.ScenarioId": "{2698178d-fdad-40ae-9d3c-1371703adc5b}", "EventData.InstanceId": "{bb39c5b5-0103-4d15-8b15-30f41a274e8c}", "EventData.OriginalActivityId": "{2698178d-fdad-40ae-9d3c-1371703adc5b}", "EventData.DiagnosticModuleImageName": "%SystemRoot%\\system32\\diagperf.dll", "EventData.DiagnosticModuleId": "{15fba3b8-a37a-4f91-bdba-fbb98fe804bf}"}
{"EventID": "110", "Channel": "Microsoft-Windows-Diagnosis-DPS/Operational", "Provider_Name": "Microsoft-Windows-Diagnosis-DPS", "Computer": "DESKTOP-OFJ6N53", "TimeCreated": "2025-03-07 15:06:37.333294+00:00", "RecordID": "3705", "Level": "4", "UserID": "S-1-5-19", "EventData.ScenarioId": "{86432a0b-3c7d-4ddf-a89c-172faa90485d}", "EventData.InstanceId": "{89eb73ce-9a5d-4cca-a611-1ee6c13eef55}", "EventData.OriginalActivityId": "{86432a0b-3c7d-4ddf-a89c-172faa90485d}", "EventData.DiagnosticModuleImageName": "%SystemRoot%\\system32\\diagperf.dll", "EventData.DiagnosticModuleId": "{c8544339-5be9-4f25-862e-485f1b1a6935}"}
{"EventID": "100", "Channel": "Microsoft-Windows-Diagnosis-DPS/Operational", "Provider_Name": "Microsoft-Windows-Diagnosis-DPS", "Computer": "DESKTOP-OFJ6N53", "TimeCreated": "2025-03-11 20:17:22.083315+00:00", "RecordID": "3706", "Level": "4", "UserID": "S-1-5-19", "EventData.ScenarioId": "{2698178d-fdad-40ae-9d3c-1371703adc5b}", "EventData.InstanceId": "{0ab1cf29-a524-4b74-9759-47f0f7c1624d}", "EventData.OriginalActivityId": "{2698178d-fdad-40ae-9d3c-1371703adc5b}", "EventData.DiagnosticModuleImageName": "%SystemRoot%\\system32\\diagperf.dll", "EventData.DiagnosticModuleId": "{15fba3b8-a37a-4f91-bdba-fbb98fe804bf}"}
{"EventID": "105", "Channel": "Microsoft-Windows-Diagnosis-DPS/Operational", "Provider_Name": "Microsoft-Windows-Diagnosis-DPS", "Computer": "DESKTOP-OFJ6N53", "TimeCreated": "2025-03-11 20:17:22.083319+00:00", "RecordID": "3707", "Level": "4", "UserID": "S-1-5-19", "EventData.ScenarioId": "{2698178d-fdad-40ae-9d3c-1371703adc5b}", "EventData.InstanceId": "{0ab1cf29-a524-4b74-9759-47f0f7c1624d}", "EventData.OriginalActivityId": "{2698178d-fdad-40ae-9d3c-1371703adc5b}", "EventData.DiagnosticModuleImageName": "%SystemRoot%\\system32\\diagperf.dll", "EventData.DiagnosticModuleId": "{15fba3b8-a37a-4f91-bdba-fbb98fe804bf}"}
{"EventID": "100", "Channel": "Microsoft-Windows-Diagnosis-DPS/Operational", "Provider_Name": "Microsoft-Windows-Diagnosis-DPS", "Computer": "DESKTOP-OFJ6N53", "TimeCreated": "2025-03-11 20:21:58.517057+00:00", "RecordID": "3708", "Level": "4", "UserID": "S-1-5-19", "EventData.ScenarioId": "{86432a0b-3c7d-4ddf-a89c-172faa90485d}", "EventData.InstanceId": "{872dcc1a-dfd6-4390-bc09-6d6d341146a1}", "EventData.OriginalActivityId": "{86432a0b-3c7d-4ddf-a89c-172faa90485d}", "EventData.DiagnosticModuleImageName": "%SystemRoot%\\system32\\diagperf.dll", "EventData.DiagnosticModuleId": "{c8544339-5be9-4f25-862e-485f1b1a6935}"}
{"EventID": "105", "Channel": "Microsoft-Windows-Diagnosis-DPS/Operational", "Provider_Name": "Microsoft-Windows-Diagnosis-DPS", "Computer": "DESKTOP-OFJ6N53", "TimeCreated": "2025-03-11 20:21:58.517061+00:00", "RecordID": "3709", "Level": "4", "UserID": "S-1-5-19", "EventData.ScenarioId": "{86432a0b-3c7d-4ddf-a89c-172faa90485d}", "EventData.InstanceId": "{872dcc1a-dfd6-4390-bc09-6d6d341146a1}", "EventData.OriginalActivityId": "{86432a0b-3c7d-4ddf-a89c-172faa90485d}", "EventData.DiagnosticModuleImageName": "%SystemRoot%\\system32\\diagperf.dll", "EventData.DiagnosticModuleId": "{c8544339-5be9-4f25-862e-485f1b1a6935}"}
{"EventID": "110", "Channel": "Microsoft-Windows-Diagnosis-DPS/Operational", "Provider_Name": "Microsoft-Windows-Diagnosis-DPS", "Computer": "DESKTOP-OFJ6N53", "TimeCreated": "2025-03-11 20:24:02.703348+00:00", "RecordID": "3710", "Level": "4", "UserID": "S-1-5-19", "EventData.ScenarioId": "{2698178d-fdad-40ae-9d3c-1371703adc5b}", "EventData.InstanceId": "{0ab1cf29-a524-4b74-9759-47f0f7c1624d}", "EventData.OriginalActivityId": "{2698178d-fdad-40ae-9d3c-1371703adc5b}", "EventData.DiagnosticModuleImageName": "%SystemRoot%\\system32\\diagperf.dll", "EventData.DiagnosticModuleId": "{15fba3b8-a37a-4f91-bdba-fbb98fe804bf}"}
{"EventID": "100", "Channel": "Microsoft-Windows-Diagnosis-DPS/Operational", "Provider_Name": "Microsoft-Windows-Diagnosis-DPS", "Computer": "DESKTOP-OFJ6N53", "TimeCreated": "2025-03-11 20:24:12.636349+00:00", "RecordID": "3711", "Level": "4", "UserID": "S-1-5-19", "EventData.ScenarioId": "{3a5d4378-9d2f-4393-b1e5-34f5fa9a1140}", "EventData.InstanceId": "{89276df4-59ac-41cb-b2a9-652a19ecf3c1}", "EventData.OriginalActivityId": "{872dcc1a-dfd6-4390-bc09-6d6d341146a1}", "EventData.DiagnosticModuleImageName": "%SystemRoot%\\system32\\diagperf.dll", "EventData.DiagnosticModuleId": "{b171ab1c-60e9-4301-a338-beab1c70b3e9}"}
{"EventID": "105", "Channel": "Microsoft-Windows-Diagnosis-DPS/Operational", "Provider_Name": "Microsoft-Windows-Diagnosis-DPS", "Computer": "DESKTOP-OFJ6N53", "TimeCreated": "2025-03-11 20:24:12.636351+00:00", "RecordID": "3712", "Level": "4", "UserID": "S-1-5-19", "EventData.ScenarioId": "{3a5d4378-9d2f-4393-b1e5-34f5fa9a1140}", "EventData.InstanceId": "{89276df4-59ac-41cb-b2a9-652a19ecf3c1}", "EventData.OriginalActivityId": "{872dcc1a-dfd6-4390-bc09-6d6d341146a1}", "EventData.DiagnosticModuleImageName": "%SystemRoot%\\system32\\diagperf.dll", "EventData.DiagnosticModuleId": "{b171ab1c-60e9-4301-a338-beab1c70b3e9}"}
{"EventID": "120", "Channel": "Microsoft-Windows-Diagnosis-DPS/Operational", "Provider_Name": "Microsoft-Windows-Diagnosis-DPS", "Computer": "DESKTOP-OFJ6N53", "TimeCreated": "2025-03-11 20:24:12.645945+00:00", "RecordID": "3713", "Level": "4", "UserID": "S-1-5-19", "EventData.ScenarioId": "{3a5d4378-9d2f-4393-b1e5-34f5fa9a1140}", "EventData.InstanceId": "{89276df4-59ac-41cb-b2a9-652a19ecf3c1}", "EventData.OriginalActivityId": "{872dcc1a-dfd6-4390-bc09-6d6d341146a1}", "EventData.DiagnosticModuleImageName": "%SystemRoot%\\system32\\diagperf.dll", "EventData.ResolutionId": "{b171ab1c-60e9-4301-a338-beab1c70b3e9}", "EventData.ResolutionSID": "S-1-1-0", "EventData.ResolutionSessionId": "0", "EventData.ResolutionExpirationDate": "2025-06-09 20:24:12.637529+00:00", "EventData.DiagnosticModuleId": "{b171ab1c-60e9-4301-a338-beab1c70b3e9}"}
{"EventID": "110", "Channel": "Microsoft-Windows-Diagnosis-DPS/Operational", "Provider_Name": "Microsoft-Windows-Diagnosis-DPS", "Computer": "DESKTOP-OFJ6N53", "TimeCreated": "2025-03-11 20:24:12.736206+00:00", "RecordID": "3714", "Level": "4", "UserID": "S-1-5-19", "EventData.ScenarioId": "{86432a0b-3c7d-4ddf-a89c-172faa90485d}", "EventData.InstanceId": "{872dcc1a-dfd6-4390-bc09-6d6d341146a1}", "EventData.OriginalActivityId": "{86432a0b-3c7d-4ddf-a89c-172faa90485d}", "EventData.DiagnosticModuleImageName": "%SystemRoot%\\system32\\diagperf.dll", "EventData.DiagnosticModuleId": "{c8544339-5be9-4f25-862e-485f1b1a6935}"}
{"EventID": "100", "Channel": "Microsoft-Windows-Diagnosis-DPS/Operational", "Provider_Name": "Microsoft-Windows-Diagnosis-DPS", "Computer": "DESKTOP-OFJ6N53", "TimeCreated": "2025-03-14 13:37:56.262283+00:00", "RecordID": "3715", "Level": "4", "UserID": "S-1-5-19", "EventData.ScenarioId": "{180b3a99-8c39-4f12-b631-2031998efe45}", "EventData.InstanceId": "{2efeb952-8c3b-4f31-9165-f587eab47171}", "EventData.OriginalActivityId": "{00000000-0000-0000-0000-000000000000}", "EventData.DiagnosticModuleImageName": "%windir%\\system32\\radardt.dll", "EventData.DiagnosticModuleId": "{45de1ea9-10bc-4f96-9b21-4b6b83dbf476}"}
{"EventID": "105", "Channel": "Microsoft-Windows-Diagnosis-DPS/Operational", "Provider_Name": "Microsoft-Windows-Diagnosis-DPS", "Computer": "DESKTOP-OFJ6N53", "TimeCreated": "2025-03-14 13:37:56.262287+00:00", "RecordID": "3716", "Level": "4", "UserID": "S-1-5-19", "EventData.ScenarioId": "{180b3a99-8c39-4f12-b631-2031998efe45}", "EventData.InstanceId": "{2efeb952-8c3b-4f31-9165-f587eab47171}", "EventData.OriginalActivityId": "{00000000-0000-0000-0000-000000000000}", "EventData.DiagnosticModuleImageName": "%windir%\\system32\\radardt.dll", "EventData.DiagnosticModuleId": "{45de1ea9-10bc-4f96-9b21-4b6b83dbf476}"}
{"EventID": "100", "Channel": "Microsoft-Windows-Diagnosis-DPS/Operational", "Provider_Name": "Microsoft-Windows-Diagnosis-DPS", "Computer": "DESKTOP-OFJ6N53", "TimeCreated": "2025-03-26 12:09:46.896786+00:00", "RecordID": "3717", "Level": "4", "UserID": "S-1-5-19", "EventData.ScenarioId": "{180b3a99-8c39-4f12-b631-2031998efe45}", "EventData.InstanceId": "{ec02f3e6-fe56-4a72-b43b-8caa46e78859}", "EventData.OriginalActivityId": "{00000000-0000-0000-0000-000000000000}", "EventData.DiagnosticModuleImageName": "%windir%\\system32\\radardt.dll", "EventData.DiagnosticModuleId": "{45de1ea9-10bc-4f96-9b21-4b6b83dbf476}"}
{"EventID": "105", "Channel": "Microsoft-Windows-Diagnosis-DPS/Operational", "Provider_Name": "Microsoft-Windows-Diagnosis-DPS", "Computer": "DESKTOP-OFJ6N53", "TimeCreated": "2025-03-26 12:09:46.896790+00:00", "RecordID": "3718", "Level": "4", "UserID": "S-1-5-19", "EventData.ScenarioId": "{180b3a99-8c39-4f12-b631-2031998efe45}", "EventData.InstanceId": "{ec02f3e6-fe56-4a72-b43b-8caa46e78859}", "EventData.OriginalActivityId": "{00000000-0000-0000-0000-000000000000}", "EventData.DiagnosticModuleImageName": "%windir%\\system32\\radardt.dll", "EventData.DiagnosticModuleId": "{45de1ea9-10bc-4f96-9b21-4b6b83dbf476}"}
{"EventID": "100", "Channel": "Microsoft-Windows-Diagnosis-DPS/Operational", "Provider_Name": "Microsoft-Windows-Diagnosis-DPS", "Computer": "DESKTOP-OFJ6N53", "TimeCreated": "2025-03-26 20:29:53.395809+00:00", "RecordID": "3719", "Level": "4", "UserID": "S-1-5-19", "EventData.ScenarioId": "{180b3a99-8c39-4f12-b631-2031998efe45}", "EventData.InstanceId": "{82c175ae-61d0-4685-9f24-a1fb9fcc1fbd}", "EventData.OriginalActivityId": "{00000000-0000-0000-0000-000000000000}", "EventData.DiagnosticModuleImageName": "%windir%\\system32\\radardt.dll", "EventData.DiagnosticModuleId": "{45de1ea9-10bc-4f96-9b21-4b6b83dbf476}"}
{"EventID": "105", "Channel": "Microsoft-Windows-Diagnosis-DPS/Operational", "Provider_Name": "Microsoft-Windows-Diagnosis-DPS", "Computer": "DESKTOP-OFJ6N53", "TimeCreated": "2025-03-26 20:29:53.395813+00:00", "RecordID": "3720", "Level": "4", "UserID": "S-1-5-19", "EventData.ScenarioId": "{180b3a99-8c39-4f12-b631-2031998efe45}", "EventData.InstanceId": "{82c175ae-61d0-4685-9f24-a1fb9fcc1fbd}", "EventData.OriginalActivityId": "{00000000-0000-0000-0000-000000000000}", "EventData.DiagnosticModuleImageName": "%windir%\\system32\\radardt.dll", "EventData.DiagnosticModuleId": "{45de1ea9-10bc-4f96-9b21-4b6b83dbf476}"}
{"EventID": "100", "Channel": "Microsoft-Windows-Diagnosis-DPS/Operational", "Provider_Name": "Microsoft-Windows-Diagnosis-DPS", "Computer": "DESKTOP-OFJ6N53", "TimeCreated": "2025-03-30 07:20:22.902086+00:00", "RecordID": "3721", "Level": "4", "UserID": "S-1-5-19", "EventData.ScenarioId": "{180b3a99-8c39-4f12-b631-2031998efe45}", "EventData.InstanceId": "{82837120-dae4-4228-b1e3-aca136958042}", "EventData.OriginalActivityId": "{00000000-0000-0000-0000-000000000000}", "EventData.DiagnosticModuleImageName": "%windir%\\system32\\radardt.dll", "EventData.DiagnosticModuleId": "{45de1ea9-10bc-4f96-9b21-4b6b83dbf476}"}
{"EventID": "105", "Channel": "Microsoft-Windows-Diagnosis-DPS/Operational", "Provider_Name": "Microsoft-Windows-Diagnosis-DPS", "Computer": "DESKTOP-OFJ6N53", "TimeCreated": "2025-03-30 07:20:22.902088+00:00", "RecordID": "3722", "Level": "4", "UserID": "S-1-5-19", "EventData.ScenarioId": "{180b3a99-8c39-4f12-b631-2031998efe45}", "EventData.InstanceId": "{82837120-dae4-4228-b1e3-aca136958042}", "EventData.OriginalActivityId": "{00000000-0000-0000-0000-000000000000}", "EventData.DiagnosticModuleImageName": "%windir%\\system32\\radardt.dll", "EventData.DiagnosticModuleId": "{45de1ea9-10bc-4f96-9b21-4b6b83dbf476}"}
{"EventID": "115", "Channel": "Microsoft-Windows-Diagnosis-DPS/Operational", "Provider_Name": "Microsoft-Windows-Diagnosis-DPS", "Computer": "DESKTOP-OFJ6N53", "TimeCreated": "2025-03-30 07:20:22.907398+00:00", "RecordID": "3723", "Level": "4", "UserID": "S-1-5-19", "EventData.ScenarioId": "{180b3a99-8c39-4f12-b631-2031998efe45}", "EventData.InstanceId": "{82837120-dae4-4228-b1e3-aca136958042}", "EventData.OriginalActivityId": "{00000000-0000-0000-0000-000000000000}", "EventData.DiagnosticModuleImageName": "%windir%\\system32\\radardt.dll", "EventData.ResolutionId": "{5ee64afb-398d-4edb-af71-3b830219abf7}", "EventData.ResolutionSID": "S-1-5-21-963789628-1060504924-4285088085-1001", "EventData.ResolutionSessionId": "1", "EventData.ResolutionExpirationDate": "0001-01-01 00:00:00", "EventData.DiagnosticModuleId": "{45de1ea9-10bc-4f96-9b21-4b6b83dbf476}"}
{"EventID": "125", "Channel": "Microsoft-Windows-Diagnosis-DPS/Operational", "Provider_Name": "Microsoft-Windows-Diagnosis-DPS", "Computer": "DESKTOP-OFJ6N53", "TimeCreated": "2025-03-30 07:20:22.952370+00:00", "RecordID": "3724", "Level": "4", "UserID": "S-1-5-19", "EventData.ScenarioId": "{180b3a99-8c39-4f12-b631-2031998efe45}", "EventData.InstanceId": "{82837120-dae4-4228-b1e3-aca136958042}", "EventData.OriginalActivityId": "{00000000-0000-0000-0000-000000000000}", "EventData.DiagnosticModuleImageName": "%windir%\\system32\\radarrs.dll", "EventData.DiagnosticModuleId": "{5ee64afb-398d-4edb-af71-3b830219abf7}"}
{"EventID": "130", "Channel": "Microsoft-Windows-Diagnosis-DPS/Operational", "Provider_Name": "Microsoft-Windows-Diagnosis-DPS", "Computer": "DESKTOP-OFJ6N53", "TimeCreated": "2025-03-30 07:20:25.885660+00:00", "RecordID": "3725", "Level": "4", "UserID": "S-1-5-19", "EventData.ScenarioId": "{180b3a99-8c39-4f12-b631-2031998efe45}", "EventData.InstanceId": "{82837120-dae4-4228-b1e3-aca136958042}", "EventData.OriginalActivityId": "{00000000-0000-0000-0000-000000000000}", "EventData.DiagnosticModuleImageName": "%windir%\\system32\\radarrs.dll", "EventData.DiagnosticModuleId": "{5ee64afb-398d-4edb-af71-3b830219abf7}"}
{"EventID": "135", "Channel": "Microsoft-Windows-Diagnosis-DPS/Operational", "Provider_Name": "Microsoft-Windows-Diagnosis-DPS", "Computer": "DESKTOP-OFJ6N53", "TimeCreated": "2025-04-01 16:02:56.437761+00:00", "RecordID": "3726", "Level": "2", "UserID": "S-1-5-19", "EventData.ScenarioId": "{fd5aa730-b53f-4b39-84e5-cb4303621d74}", "EventData.InstanceId": "{a42479af-1589-4ccb-985e-fecd13b0b99d}", "EventData.OriginalActivityId": "{00000000-0000-0000-0000-000000000000}", "EventData.StatusCode": "2147943515", "EventData.DiagnosticModuleImageName": "%SystemRoot%\\system32\\perftrack.dll", "EventData.DiagnosticModuleId": "{9c5a40da-b965-4fc3-8781-88dd50a6299d}"}
{"EventID": "100", "Channel": "Microsoft-Windows-Diagnosis-DPS/Operational", "Provider_Name": "Microsoft-Windows-Diagnosis-DPS", "Computer": "DESKTOP-OFJ6N53", "TimeCreated": "2025-04-01 16:03:41.167387+00:00", "RecordID": "3727", "Level": "4", "UserID": "S-1-5-19", "EventData.ScenarioId": "{2698178d-fdad-40ae-9d3c-1371703adc5b}", "EventData.InstanceId": "{f051efa9-d0ea-4742-abc6-b6cc61f77d46}", "EventData.OriginalActivityId": "{2698178d-fdad-40ae-9d3c-1371703adc5b}", "EventData.DiagnosticModuleImageName": "%SystemRoot%\\system32\\diagperf.dll", "EventData.DiagnosticModuleId": "{15fba3b8-a37a-4f91-bdba-fbb98fe804bf}"}
{"EventID": "105", "Channel": "Microsoft-Windows-Diagnosis-DPS/Operational", "Provider_Name": "Microsoft-Windows-Diagnosis-DPS", "Computer": "DESKTOP-OFJ6N53", "TimeCreated": "2025-04-01 16:03:41.167389+00:00", "RecordID": "3728", "Level": "4", "UserID": "S-1-5-19", "EventData.ScenarioId": "{2698178d-fdad-40ae-9d3c-1371703adc5b}", "EventData.InstanceId": "{f051efa9-d0ea-4742-abc6-b6cc61f77d46}", "EventData.OriginalActivityId": "{2698178d-fdad-40ae-9d3c-1371703adc5b}", "EventData.DiagnosticModuleImageName": "%SystemRoot%\\system32\\diagperf.dll", "EventData.DiagnosticModuleId": "{15fba3b8-a37a-4f91-bdba-fbb98fe804bf}"}
{"EventID": "100", "Channel": "Microsoft-Windows-Diagnosis-DPS/Operational", "Provider_Name": "Microsoft-Windows-Diagnosis-DPS", "Computer": "DESKTOP-OFJ6N53", "TimeCreated": "2025-04-01 16:05:20.791525+00:00", "RecordID": "3729", "Level": "4", "UserID": "S-1-5-19", "EventData.ScenarioId": "{86432a0b-3c7d-4ddf-a89c-172faa90485d}", "EventData.InstanceId": "{c7c00e2e-1d03-4a0e-a7da-421c322faf1c}", "EventData.OriginalActivityId": "{86432a0b-3c7d-4ddf-a89c-172faa90485d}", "EventData.DiagnosticModuleImageName": "%SystemRoot%\\system32\\diagperf.dll", "EventData.DiagnosticModuleId": "{c8544339-5be9-4f25-862e-485f1b1a6935}"}
{"EventID": "105", "Channel": "Microsoft-Windows-Diagnosis-DPS/Operational", "Provider_Name": "Microsoft-Windows-Diagnosis-DPS", "Computer": "DESKTOP-OFJ6N53", "TimeCreated": "2025-04-01 16:05:20.791529+00:00", "RecordID": "3730", "Level": "4", "UserID": "S-1-5-19", "EventData.ScenarioId": "{86432a0b-3c7d-4ddf-a89c-172faa90485d}", "EventData.InstanceId": "{c7c00e2e-1d03-4a0e-a7da-421c322faf1c}", "EventData.OriginalActivityId": "{86432a0b-3c7d-4ddf-a89c-172faa90485d}", "EventData.DiagnosticModuleImageName": "%SystemRoot%\\system32\\diagperf.dll", "EventData.DiagnosticModuleId": "{c8544339-5be9-4f25-862e-485f1b1a6935}"}
{"EventID": "110", "Channel": "Microsoft-Windows-Diagnosis-DPS/Operational", "Provider_Name": "Microsoft-Windows-Diagnosis-DPS", "Computer": "DESKTOP-OFJ6N53", "TimeCreated": "2025-04-01 16:05:21.435871+00:00", "RecordID": "3731", "Level": "4", "UserID": "S-1-5-19", "EventData.ScenarioId": "{2698178d-fdad-40ae-9d3c-1371703adc5b}", "EventData.InstanceId": "{f051efa9-d0ea-4742-abc6-b6cc61f77d46}", "EventData.OriginalActivityId": "{2698178d-fdad-40ae-9d3c-1371703adc5b}", "EventData.DiagnosticModuleImageName": "%SystemRoot%\\system32\\diagperf.dll", "EventData.DiagnosticModuleId": "{15fba3b8-a37a-4f91-bdba-fbb98fe804bf}"}
{"EventID": "110", "Channel": "Microsoft-Windows-Diagnosis-DPS/Operational", "Provider_Name": "Microsoft-Windows-Diagnosis-DPS", "Computer": "DESKTOP-OFJ6N53", "TimeCreated": "2025-04-01 16:05:22.772741+00:00", "RecordID": "3732", "Level": "4", "UserID": "S-1-5-19", "EventData.ScenarioId": "{86432a0b-3c7d-4ddf-a89c-172faa90485d}", "EventData.InstanceId": "{c7c00e2e-1d03-4a0e-a7da-421c322faf1c}", "EventData.OriginalActivityId": "{86432a0b-3c7d-4ddf-a89c-172faa90485d}", "EventData.DiagnosticModuleImageName": "%SystemRoot%\\system32\\diagperf.dll", "EventData.DiagnosticModuleId": "{c8544339-5be9-4f25-862e-485f1b1a6935}"}
{"EventID": "100", "Channel": "Microsoft-Windows-Diagnosis-DPS/Operational", "Provider_Name": "Microsoft-Windows-Diagnosis-DPS", "Computer": "DESKTOP-OFJ6N53", "TimeCreated": "2025-04-01 16:05:23.756729+00:00", "RecordID": "3733", "Level": "4", "UserID": "S-1-5-19", "EventData.ScenarioId": "{3a5d4378-9d2f-4393-b1e5-34f5fa9a1140}", "EventData.InstanceId": "{62a37c65-a2cc-48a5-9e8a-348c48d87a45}", "EventData.OriginalActivityId": "{c7c00e2e-1d03-4a0e-a7da-421c322faf1c}", "EventData.DiagnosticModuleImageName": "%SystemRoot%\\system32\\diagperf.dll", "EventData.DiagnosticModuleId": "{b171ab1c-60e9-4301-a338-beab1c70b3e9}"}
{"EventID": "105", "Channel": "Microsoft-Windows-Diagnosis-DPS/Operational", "Provider_Name": "Microsoft-Windows-Diagnosis-DPS", "Computer": "DESKTOP-OFJ6N53", "TimeCreated": "2025-04-01 16:05:23.756733+00:00", "RecordID": "3734", "Level": "4", "UserID": "S-1-5-19", "EventData.ScenarioId": "{3a5d4378-9d2f-4393-b1e5-34f5fa9a1140}", "EventData.InstanceId": "{62a37c65-a2cc-48a5-9e8a-348c48d87a45}", "EventData.OriginalActivityId": "{c7c00e2e-1d03-4a0e-a7da-421c322faf1c}", "EventData.DiagnosticModuleImageName": "%SystemRoot%\\system32\\diagperf.dll", "EventData.DiagnosticModuleId": "{b171ab1c-60e9-4301-a338-beab1c70b3e9}"}
{"EventID": "120", "Channel": "Microsoft-Windows-Diagnosis-DPS/Operational", "Provider_Name": "Microsoft-Windows-Diagnosis-DPS", "Computer": "DESKTOP-OFJ6N53", "TimeCreated": "2025-04-01 16:05:23.762140+00:00", "RecordID": "3735", "Level": "4", "UserID": "S-1-5-19", "EventData.ScenarioId": "{3a5d4378-9d2f-4393-b1e5-34f5fa9a1140}", "EventData.InstanceId": "{62a37c65-a2cc-48a5-9e8a-348c48d87a45}", "EventData.OriginalActivityId": "{c7c00e2e-1d03-4a0e-a7da-421c322faf1c}", "EventData.DiagnosticModuleImageName": "%SystemRoot%\\system32\\diagperf.dll", "EventData.ResolutionId": "{b171ab1c-60e9-4301-a338-beab1c70b3e9}", "EventData.ResolutionSID": "S-1-1-0", "EventData.ResolutionSessionId": "0", "EventData.ResolutionExpirationDate": "2025-06-30 16:05:23.757471+00:00", "EventData.DiagnosticModuleId": "{b171ab1c-60e9-4301-a338-beab1c70b3e9}"}
{"EventID": "135", "Channel": "Microsoft-Windows-Diagnosis-DPS/Operational", "Provider_Name": "Microsoft-Windows-Diagnosis-DPS", "Computer": "DESKTOP-OFJ6N53", "TimeCreated": "2025-04-02 09:17:57.012491+00:00", "RecordID": "3736", "Level": "2", "UserID": "S-1-5-19", "EventData.ScenarioId": "{fd5aa730-b53f-4b39-84e5-cb4303621d74}", "EventData.InstanceId": "{d83f4921-871b-4133-8b53-f08c5fe0dfad}", "EventData.OriginalActivityId": "{00000000-0000-0000-0000-000000000000}", "EventData.StatusCode": "2147943515", "EventData.DiagnosticModuleImageName": "%SystemRoot%\\system32\\perftrack.dll", "EventData.DiagnosticModuleId": "{9c5a40da-b965-4fc3-8781-88dd50a6299d}"}
{"EventID": "100", "Channel": "Microsoft-Windows-Diagnosis-DPS/Operational", "Provider_Name": "Microsoft-Windows-Diagnosis-DPS", "Computer": "DESKTOP-OFJ6N53", "TimeCreated": "2025-04-02 09:18:29.767132+00:00", "RecordID": "3737", "Level": "4", "UserID": "S-1-5-19", "EventData.ScenarioId": "{2698178d-fdad-40ae-9d3c-1371703adc5b}", "EventData.InstanceId": "{782557bf-4581-443c-8c75-6e3859128ea7}", "EventData.OriginalActivityId": "{2698178d-fdad-40ae-9d3c-1371703adc5b}", "EventData.DiagnosticModuleImageName": "%SystemRoot%\\system32\\diagperf.dll", "EventData.DiagnosticModuleId": "{15fba3b8-a37a-4f91-bdba-fbb98fe804bf}"}
{"EventID": "105", "Channel": "Microsoft-Windows-Diagnosis-DPS/Operational", "Provider_Name": "Microsoft-Windows-Diagnosis-DPS", "Computer": "DESKTOP-OFJ6N53", "TimeCreated": "2025-04-02 09:18:29.767136+00:00", "RecordID": "3738", "Level": "4", "UserID": "S-1-5-19", "EventData.ScenarioId": "{2698178d-fdad-40ae-9d3c-1371703adc5b}", "EventData.InstanceId": "{782557bf-4581-443c-8c75-6e3859128ea7}", "EventData.OriginalActivityId": "{2698178d-fdad-40ae-9d3c-1371703adc5b}", "EventData.DiagnosticModuleImageName": "%SystemRoot%\\system32\\diagperf.dll", "EventData.DiagnosticModuleId": "{15fba3b8-a37a-4f91-bdba-fbb98fe804bf}"}
{"EventID": "100", "Channel": "Microsoft-Windows-Diagnosis-DPS/Operational", "Provider_Name": "Microsoft-Windows-Diagnosis-DPS", "Computer": "DESKTOP-OFJ6N53", "TimeCreated": "2025-04-02 09:20:14.397186+00:00", "RecordID": "3739", "Level": "4", "UserID": "S-1-5-19", "EventData.ScenarioId": "{86432a0b-3c7d-4ddf-a89c-172faa90485d}", "EventData.InstanceId": "{90914948-19a6-46a6-89e8-8f6eff1602ea}", "EventData.OriginalActivityId": "{86432a0b-3c7d-4ddf-a89c-172faa90485d}", "EventData.DiagnosticModuleImageName": "%SystemRoot%\\system32\\diagperf.dll", "EventData.DiagnosticModuleId": "{c8544339-5be9-4f25-862e-485f1b1a6935}"}
{"EventID": "105", "Channel": "Microsoft-Windows-Diagnosis-DPS/Operational", "Provider_Name": "Microsoft-Windows-Diagnosis-DPS", "Computer": "DESKTOP-OFJ6N53", "TimeCreated": "2025-04-02 09:20:14.397192+00:00", "RecordID": "3740", "Level": "4", "UserID": "S-1-5-19", "EventData.ScenarioId": "{86432a0b-3c7d-4ddf-a89c-172faa90485d}", "EventData.InstanceId": "{90914948-19a6-46a6-89e8-8f6eff1602ea}", "EventData.OriginalActivityId": "{86432a0b-3c7d-4ddf-a89c-172faa90485d}", "EventData.DiagnosticModuleImageName": "%SystemRoot%\\system32\\diagperf.dll", "EventData.DiagnosticModuleId": "{c8544339-5be9-4f25-862e-485f1b1a6935}"}
{"EventID": "110", "Channel": "Microsoft-Windows-Diagnosis-DPS/Operational", "Provider_Name": "Microsoft-Windows-Diagnosis-DPS", "Computer": "DESKTOP-OFJ6N53", "TimeCreated": "2025-04-02 09:20:21.784296+00:00", "RecordID": "3741", "Level": "4", "UserID": "S-1-5-19", "EventData.ScenarioId": "{2698178d-fdad-40ae-9d3c-1371703adc5b}", "EventData.InstanceId": "{782557bf-4581-443c-8c75-6e3859128ea7}", "EventData.OriginalActivityId": "{2698178d-fdad-40ae-9d3c-1371703adc5b}", "EventData.DiagnosticModuleImageName": "%SystemRoot%\\system32\\diagperf.dll", "EventData.DiagnosticModuleId": "{15fba3b8-a37a-4f91-bdba-fbb98fe804bf}"}
{"EventID": "110", "Channel": "Microsoft-Windows-Diagnosis-DPS/Operational", "Provider_Name": "Microsoft-Windows-Diagnosis-DPS", "Computer": "DESKTOP-OFJ6N53", "TimeCreated": "2025-04-02 09:20:23.426899+00:00", "RecordID": "3742", "Level": "4", "UserID": "S-1-5-19", "EventData.ScenarioId": "{86432a0b-3c7d-4ddf-a89c-172faa90485d}", "EventData.InstanceId": "{90914948-19a6-46a6-89e8-8f6eff1602ea}", "EventData.OriginalActivityId": "{86432a0b-3c7d-4ddf-a89c-172faa90485d}", "EventData.DiagnosticModuleImageName": "%SystemRoot%\\system32\\diagperf.dll", "EventData.DiagnosticModuleId": "{c8544339-5be9-4f25-862e-485f1b1a6935}"}
{"EventID": "100", "Channel": "Microsoft-Windows-Diagnosis-DPS/Operational", "Provider_Name": "Microsoft-Windows-Diagnosis-DPS", "Computer": "DESKTOP-OFJ6N53", "TimeCreated": "2025-04-02 09:20:24.605679+00:00", "RecordID": "3743", "Level": "4", "UserID": "S-1-5-19", "EventData.ScenarioId": "{3a5d4378-9d2f-4393-b1e5-34f5fa9a1140}", "EventData.InstanceId": "{e822bd45-3d73-44a3-80e5-f5145634a66f}", "EventData.OriginalActivityId": "{90914948-19a6-46a6-89e8-8f6eff1602ea}", "EventData.DiagnosticModuleImageName": "%SystemRoot%\\system32\\diagperf.dll", "EventData.DiagnosticModuleId": "{b171ab1c-60e9-4301-a338-beab1c70b3e9}"}
{"EventID": "105", "Channel": "Microsoft-Windows-Diagnosis-DPS/Operational", "Provider_Name": "Microsoft-Windows-Diagnosis-DPS", "Computer": "DESKTOP-OFJ6N53", "TimeCreated": "2025-04-02 09:20:24.605680+00:00", "RecordID": "3744", "Level": "4", "UserID": "S-1-5-19", "EventData.ScenarioId": "{3a5d4378-9d2f-4393-b1e5-34f5fa9a1140}", "EventData.InstanceId": "{e822bd45-3d73-44a3-80e5-f5145634a66f}", "EventData.OriginalActivityId": "{90914948-19a6-46a6-89e8-8f6eff1602ea}", "EventData.DiagnosticModuleImageName": "%SystemRoot%\\system32\\diagperf.dll", "EventData.DiagnosticModuleId": "{b171ab1c-60e9-4301-a338-beab1c70b3e9}"}
{"EventID": "120", "Channel": "Microsoft-Windows-Diagnosis-DPS/Operational", "Provider_Name": "Microsoft-Windows-Diagnosis-DPS", "Computer": "DESKTOP-OFJ6N53", "TimeCreated": "2025-04-02 09:20:24.655348+00:00", "RecordID": "3745", "Level": "4", "UserID": "S-1-5-19", "EventData.ScenarioId": "{3a5d4378-9d2f-4393-b1e5-34f5fa9a1140}", "EventData.InstanceId": "{e822bd45-3d73-44a3-80e5-f5145634a66f}", "EventData.OriginalActivityId": "{90914948-19a6-46a6-89e8-8f6eff1602ea}", "EventData.DiagnosticModuleImageName": "%SystemRoot%\\system32\\diagperf.dll", "EventData.ResolutionId": "{b171ab1c-60e9-4301-a338-beab1c70b3e9}", "EventData.ResolutionSID": "S-1-1-0", "EventData.ResolutionSessionId": "0", "EventData.ResolutionExpirationDate": "2025-07-01 09:20:24.594902+00:00", "EventData.DiagnosticModuleId": "{b171ab1c-60e9-4301-a338-beab1c70b3e9}"}
{"EventID": "135", "Channel": "Microsoft-Windows-Diagnosis-DPS/Operational", "Provider_Name": "Microsoft-Windows-Diagnosis-DPS", "Computer": "DESKTOP-OFJ6N53", "TimeCreated": "2025-04-02 09:31:05.745245+00:00", "RecordID": "3746", "Level": "2", "UserID": "S-1-5-19", "EventData.ScenarioId": "{fd5aa730-b53f-4b39-84e5-cb4303621d74}", "EventData.InstanceId": "{cdffcdb7-76bb-494d-bf06-65f245fad298}", "EventData.OriginalActivityId": "{00000000-0000-0000-0000-000000000000}", "EventData.StatusCode": "2147943515", "EventData.DiagnosticModuleImageName": "%SystemRoot%\\system32\\perftrack.dll", "EventData.DiagnosticModuleId": "{9c5a40da-b965-4fc3-8781-88dd50a6299d}"}
{"EventID": "100", "Channel": "Microsoft-Windows-Diagnosis-DPS/Operational", "Provider_Name": "Microsoft-Windows-Diagnosis-DPS", "Computer": "DESKTOP-OFJ6N53", "TimeCreated": "2025-04-02 09:31:41.441153+00:00", "RecordID": "3747", "Level": "4", "UserID": "S-1-5-19", "EventData.ScenarioId": "{2698178d-fdad-40ae-9d3c-1371703adc5b}", "EventData.InstanceId": "{85f7d68b-48c2-4ebe-88c0-ba9ff66b2a1e}", "EventData.OriginalActivityId": "{2698178d-fdad-40ae-9d3c-1371703adc5b}", "EventData.DiagnosticModuleImageName": "%SystemRoot%\\system32\\diagperf.dll", "EventData.DiagnosticModuleId": "{15fba3b8-a37a-4f91-bdba-fbb98fe804bf}"}
{"EventID": "105", "Channel": "Microsoft-Windows-Diagnosis-DPS/Operational", "Provider_Name": "Microsoft-Windows-Diagnosis-DPS", "Computer": "DESKTOP-OFJ6N53", "TimeCreated": "2025-04-02 09:31:41.441156+00:00", "RecordID": "3748", "Level": "4", "UserID": "S-1-5-19", "EventData.ScenarioId": "{2698178d-fdad-40ae-9d3c-1371703adc5b}", "EventData.InstanceId": "{85f7d68b-48c2-4ebe-88c0-ba9ff66b2a1e}", "EventData.OriginalActivityId": "{2698178d-fdad-40ae-9d3c-1371703adc5b}", "EventData.DiagnosticModuleImageName": "%SystemRoot%\\system32\\diagperf.dll", "EventData.DiagnosticModuleId": "{15fba3b8-a37a-4f91-bdba-fbb98fe804bf}"}
