{"EventID": "1002", "Channel": "Microsoft-Windows-Known Folders API Service", "Provider_Name": "Microsoft-Windows-KnownFolders", "Computer": "DESKTOP-OFJ6N53", "TimeCreated": "2025-04-21 00:12:38.282200+00:00", "RecordID": "140393", "Level": "3", "UserID": "S-1-5-18", "EventData.hrError": "0x80070002", "EventData.FolderId": "{fdd39ad0-238f-46af-adb4-6c85480369c7}", "EventData.Path": "C:\\Windows\\system32\\config\\systemprofile\\Documents"}
{"EventID": "1002", "Channel": "Microsoft-Windows-Known Folders API Service", "Provider_Name": "Microsoft-Windows-KnownFolders", "Computer": "DESKTOP-OFJ6N53", "TimeCreated": "2025-04-21 00:12:42.606148+00:00", "RecordID": "140394", "Level": "3", "UserID": "S-1-5-18", "EventData.hrError": "0x80070002", "EventData.FolderId": "{fdd39ad0-238f-46af-adb4-6c85480369c7}", "EventData.Path": "C:\\Windows\\system32\\config\\systemprofile\\Documents"}
{"EventID": "1002", "Channel": "Microsoft-Windows-Known Folders API Service", "Provider_Name": "Microsoft-Windows-KnownFolders", "Computer": "DESKTOP-OFJ6N53", "TimeCreated": "2025-04-21 00:12:43.287008+00:00", "RecordID": "140395", "Level": "3", "UserID": "S-1-5-18", "EventData.hrError": "0x80070002", "EventData.FolderId": "{fdd39ad0-238f-46af-adb4-6c85480369c7}", "EventData.Path": "C:\\Windows\\system32\\config\\systemprofile\\Documents"}
{"EventID": "1002", "Channel": "Microsoft-Windows-Known Folders API Service", "Provider_Name": "Microsoft-Windows-KnownFolders", "Computer": "DESKTOP-OFJ6N53", "TimeCreated": "2025-04-22 01:08:21.472158+00:00", "RecordID": "140396", "Level": "3", "UserID": "S-1-5-18", "EventData.hrError": "0x80070002", "EventData.FolderId": "{fdd39ad0-238f-46af-adb4-6c85480369c7}", "EventData.Path": "C:\\Windows\\system32\\config\\systemprofile\\Documents"}
{"EventID": "1002", "Channel": "Microsoft-Windows-Known Folders API Service", "Provider_Name": "Microsoft-Windows-KnownFolders", "Computer": "DESKTOP-OFJ6N53", "TimeCreated": "2025-04-22 01:08:27.996319+00:00", "RecordID": "140397", "Level": "3", "UserID": "S-1-5-18", "EventData.hrError": "0x80070002", "EventData.FolderId": "{fdd39ad0-238f-46af-adb4-6c85480369c7}", "EventData.Path": "C:\\Windows\\system32\\config\\systemprofile\\Documents"}
{"EventID": "1002", "Channel": "Microsoft-Windows-Known Folders API Service", "Provider_Name": "Microsoft-Windows-KnownFolders", "Computer": "DESKTOP-OFJ6N53", "TimeCreated": "2025-04-22 01:08:33.546736+00:00", "RecordID": "140398", "Level": "3", "UserID": "S-1-5-18", "EventData.hrError": "0x80070002", "EventData.FolderId": "{fdd39ad0-238f-46af-adb4-6c85480369c7}", "EventData.Path": "C:\\Windows\\system32\\config\\systemprofile\\Documents"}
{"EventID": "1002", "Channel": "Microsoft-Windows-Known Folders API Service", "Provider_Name": "Microsoft-Windows-KnownFolders", "Computer": "DESKTOP-OFJ6N53", "TimeCreated": "2025-04-22 01:08:34.122036+00:00", "RecordID": "140399", "Level": "3", "UserID": "S-1-5-18", "EventData.hrError": "0x80070002", "EventData.FolderId": "{fdd39ad0-238f-46af-adb4-6c85480369c7}", "EventData.Path": "C:\\Windows\\system32\\config\\systemprofile\\Documents"}
{"EventID": "1002", "Channel": "Microsoft-Windows-Known Folders API Service", "Provider_Name": "Microsoft-Windows-KnownFolders", "Computer": "DESKTOP-OFJ6N53", "TimeCreated": "2025-04-23 00:04:37.449558+00:00", "RecordID": "140400", "Level": "3", "UserID": "S-1-5-18", "EventData.hrError": "0x80070002", "EventData.FolderId": "{fdd39ad0-238f-46af-adb4-6c85480369c7}", "EventData.Path": "C:\\Windows\\system32\\config\\systemprofile\\Documents"}
{"EventID": "1002", "Channel": "Microsoft-Windows-Known Folders API Service", "Provider_Name": "Microsoft-Windows-KnownFolders", "Computer": "DESKTOP-OFJ6N53", "TimeCreated": "2025-04-23 00:04:42.232403+00:00", "RecordID": "140401", "Level": "3", "UserID": "S-1-5-18", "EventData.hrError": "0x80070002", "EventData.FolderId": "{fdd39ad0-238f-46af-adb4-6c85480369c7}", "EventData.Path": "C:\\Windows\\system32\\config\\systemprofile\\Documents"}
{"EventID": "1002", "Channel": "Microsoft-Windows-Known Folders API Service", "Provider_Name": "Microsoft-Windows-KnownFolders", "Computer": "DESKTOP-OFJ6N53", "TimeCreated": "2025-04-23 00:04:46.875603+00:00", "RecordID": "140402", "Level": "3", "UserID": "S-1-5-18", "EventData.hrError": "0x80070002", "EventData.FolderId": "{fdd39ad0-238f-46af-adb4-6c85480369c7}", "EventData.Path": "C:\\Windows\\system32\\config\\systemprofile\\Documents"}
{"EventID": "1002", "Channel": "Microsoft-Windows-Known Folders API Service", "Provider_Name": "Microsoft-Windows-KnownFolders", "Computer": "DESKTOP-OFJ6N53", "TimeCreated": "2025-04-23 00:04:47.641989+00:00", "RecordID": "140403", "Level": "3", "UserID": "S-1-5-18", "EventData.hrError": "0x80070002", "EventData.FolderId": "{fdd39ad0-238f-46af-adb4-6c85480369c7}", "EventData.Path": "C:\\Windows\\system32\\config\\systemprofile\\Documents"}
{"EventID": "1002", "Channel": "Microsoft-Windows-Known Folders API Service", "Provider_Name": "Microsoft-Windows-KnownFolders", "Computer": "DESKTOP-OFJ6N53", "TimeCreated": "2025-04-23 00:40:48.746588+00:00", "RecordID": "140404", "Level": "3", "UserID": "S-1-5-18", "EventData.hrError": "0x80070002", "EventData.FolderId": "{b4bfcc3a-db2c-424c-b029-7fe99a87c641}", "EventData.Path": "C:\\Windows\\system32\\config\\systemprofile\\Desktop"}
{"EventID": "1002", "Channel": "Microsoft-Windows-Known Folders API Service", "Provider_Name": "Microsoft-Windows-KnownFolders", "Computer": "DESKTOP-OFJ6N53", "TimeCreated": "2025-04-23 00:40:49.100618+00:00", "RecordID": "140405", "Level": "3", "UserID": "S-1-5-18", "EventData.hrError": "0x80070002", "EventData.FolderId": "{b4bfcc3a-db2c-424c-b029-7fe99a87c641}", "EventData.Path": "C:\\Windows\\system32\\config\\systemprofile\\Desktop"}
{"EventID": "1002", "Channel": "Microsoft-Windows-Known Folders API Service", "Provider_Name": "Microsoft-Windows-KnownFolders", "Computer": "DESKTOP-OFJ6N53", "TimeCreated": "2025-04-23 00:40:50.436447+00:00", "RecordID": "140406", "Level": "3", "UserID": "S-1-5-18", "EventData.hrError": "0x80070002", "EventData.FolderId": "{b4bfcc3a-db2c-424c-b029-7fe99a87c641}", "EventData.Path": "C:\\Windows\\system32\\config\\systemprofile\\Desktop"}
{"EventID": "1002", "Channel": "Microsoft-Windows-Known Folders API Service", "Provider_Name": "Microsoft-Windows-KnownFolders", "Computer": "DESKTOP-OFJ6N53", "TimeCreated": "2025-04-23 00:40:50.532969+00:00", "RecordID": "140407", "Level": "3", "UserID": "S-1-5-18", "EventData.hrError": "0x80070002", "EventData.FolderId": "{b4bfcc3a-db2c-424c-b029-7fe99a87c641}", "EventData.Path": "C:\\Windows\\system32\\config\\systemprofile\\Desktop"}
{"EventID": "1002", "Channel": "Microsoft-Windows-Known Folders API Service", "Provider_Name": "Microsoft-Windows-KnownFolders", "Computer": "DESKTOP-OFJ6N53", "TimeCreated": "2025-04-23 00:41:33.734556+00:00", "RecordID": "140408", "Level": "3", "UserID": "S-1-5-18", "EventData.hrError": "0x80070002", "EventData.FolderId": "{fdd39ad0-238f-46af-adb4-6c85480369c7}", "EventData.Path": "C:\\Windows\\system32\\config\\systemprofile\\Documents"}
{"EventID": "1002", "Channel": "Microsoft-Windows-Known Folders API Service", "Provider_Name": "Microsoft-Windows-KnownFolders", "Computer": "DESKTOP-OFJ6N53", "TimeCreated": "2025-04-23 00:41:34.285547+00:00", "RecordID": "140409", "Level": "3", "UserID": "S-1-5-18", "EventData.hrError": "0x80070003", "EventData.FolderId": "{b97d20bb-f46a-4c97-ba10-5e3608430854}", "EventData.Path": "C:\\Windows\\system32\\config\\systemprofile\\AppData\\Roaming\\Microsoft\\Windows\\Start Menu\\Programs\\Startup"}
{"EventID": "1002", "Channel": "Microsoft-Windows-Known Folders API Service", "Provider_Name": "Microsoft-Windows-KnownFolders", "Computer": "DESKTOP-OFJ6N53", "TimeCreated": "2025-04-23 00:41:34.285931+00:00", "RecordID": "140410", "Level": "3", "UserID": "S-1-5-18", "EventData.hrError": "0x80070002", "EventData.FolderId": "{1777f761-68ad-4d8a-87bd-30b759fa33dd}", "EventData.Path": "C:\\Windows\\system32\\config\\systemprofile\\Favorites"}
{"EventID": "1002", "Channel": "Microsoft-Windows-Known Folders API Service", "Provider_Name": "Microsoft-Windows-KnownFolders", "Computer": "DESKTOP-OFJ6N53", "TimeCreated": "2025-04-23 00:42:02.801020+00:00", "RecordID": "140411", "Level": "3", "UserID": "S-1-5-18", "EventData.hrError": "0x80070002", "EventData.FolderId": "{fdd39ad0-238f-46af-adb4-6c85480369c7}", "EventData.Path": "C:\\Windows\\system32\\config\\systemprofile\\Documents"}
{"EventID": "1002", "Channel": "Microsoft-Windows-Known Folders API Service", "Provider_Name": "Microsoft-Windows-KnownFolders", "Computer": "DESKTOP-OFJ6N53", "TimeCreated": "2025-04-24 01:01:43.270456+00:00", "RecordID": "140412", "Level": "3", "UserID": "S-1-5-18", "EventData.hrError": "0x80070002", "EventData.FolderId": "{fdd39ad0-238f-46af-adb4-6c85480369c7}", "EventData.Path": "C:\\Windows\\system32\\config\\systemprofile\\Documents"}
{"EventID": "1002", "Channel": "Microsoft-Windows-Known Folders API Service", "Provider_Name": "Microsoft-Windows-KnownFolders", "Computer": "DESKTOP-OFJ6N53", "TimeCreated": "2025-04-24 01:01:46.227364+00:00", "RecordID": "140413", "Level": "3", "UserID": "S-1-5-18", "EventData.hrError": "0x80070002", "EventData.FolderId": "{fdd39ad0-238f-46af-adb4-6c85480369c7}", "EventData.Path": "C:\\Windows\\system32\\config\\systemprofile\\Documents"}
{"EventID": "1002", "Channel": "Microsoft-Windows-Known Folders API Service", "Provider_Name": "Microsoft-Windows-KnownFolders", "Computer": "DESKTOP-OFJ6N53", "TimeCreated": "2025-04-24 01:01:51.830519+00:00", "RecordID": "140414", "Level": "3", "UserID": "S-1-5-18", "EventData.hrError": "0x80070002", "EventData.FolderId": "{fdd39ad0-238f-46af-adb4-6c85480369c7}", "EventData.Path": "C:\\Windows\\system32\\config\\systemprofile\\Documents"}
{"EventID": "1002", "Channel": "Microsoft-Windows-Known Folders API Service", "Provider_Name": "Microsoft-Windows-KnownFolders", "Computer": "DESKTOP-OFJ6N53", "TimeCreated": "2025-04-24 01:01:52.315207+00:00", "RecordID": "140415", "Level": "3", "UserID": "S-1-5-18", "EventData.hrError": "0x80070002", "EventData.FolderId": "{fdd39ad0-238f-46af-adb4-6c85480369c7}", "EventData.Path": "C:\\Windows\\system32\\config\\systemprofile\\Documents"}
{"EventID": "1002", "Channel": "Microsoft-Windows-Known Folders API Service", "Provider_Name": "Microsoft-Windows-KnownFolders", "Computer": "DESKTOP-OFJ6N53", "TimeCreated": "2025-04-24 11:02:12.297691+00:00", "RecordID": "140416", "Level": "3", "UserID": "S-1-5-18", "EventData.hrError": "0x80070002", "EventData.FolderId": "{fdd39ad0-238f-46af-adb4-6c85480369c7}", "EventData.Path": "C:\\Windows\\system32\\config\\systemprofile\\Documents"}
{"EventID": "1002", "Channel": "Microsoft-Windows-Known Folders API Service", "Provider_Name": "Microsoft-Windows-KnownFolders", "Computer": "DESKTOP-OFJ6N53", "TimeCreated": "2025-04-25 00:05:45.216436+00:00", "RecordID": "140417", "Level": "3", "UserID": "S-1-5-18", "EventData.hrError": "0x80070002", "EventData.FolderId": "{fdd39ad0-238f-46af-adb4-6c85480369c7}", "EventData.Path": "C:\\Windows\\system32\\config\\systemprofile\\Documents"}
{"EventID": "1002", "Channel": "Microsoft-Windows-Known Folders API Service", "Provider_Name": "Microsoft-Windows-KnownFolders", "Computer": "DESKTOP-OFJ6N53", "TimeCreated": "2025-04-25 00:05:45.216482+00:00", "RecordID": "140418", "Level": "3", "UserID": "S-1-5-18", "EventData.hrError": "0x80070002", "EventData.FolderId": "{fdd39ad0-238f-46af-adb4-6c85480369c7}", "EventData.Path": "C:\\Windows\\system32\\config\\systemprofile\\Documents"}
{"EventID": "1002", "Channel": "Microsoft-Windows-Known Folders API Service", "Provider_Name": "Microsoft-Windows-KnownFolders", "Computer": "DESKTOP-OFJ6N53", "TimeCreated": "2025-04-25 00:05:51.923124+00:00", "RecordID": "140419", "Level": "3", "UserID": "S-1-5-18", "EventData.hrError": "0x80070002", "EventData.FolderId": "{fdd39ad0-238f-46af-adb4-6c85480369c7}", "EventData.Path": "C:\\Windows\\system32\\config\\systemprofile\\Documents"}
{"EventID": "1002", "Channel": "Microsoft-Windows-Known Folders API Service", "Provider_Name": "Microsoft-Windows-KnownFolders", "Computer": "DESKTOP-OFJ6N53", "TimeCreated": "2025-04-25 00:05:52.798979+00:00", "RecordID": "140420", "Level": "3", "UserID": "S-1-5-18", "EventData.hrError": "0x80070002", "EventData.FolderId": "{fdd39ad0-238f-46af-adb4-6c85480369c7}", "EventData.Path": "C:\\Windows\\system32\\config\\systemprofile\\Documents"}
{"EventID": "1002", "Channel": "Microsoft-Windows-Known Folders API Service", "Provider_Name": "Microsoft-Windows-KnownFolders", "Computer": "DESKTOP-OFJ6N53", "TimeCreated": "2025-04-26 01:41:00.458408+00:00", "RecordID": "140421", "Level": "3", "UserID": "S-1-5-18", "EventData.hrError": "0x80070002", "EventData.FolderId": "{fdd39ad0-238f-46af-adb4-6c85480369c7}", "EventData.Path": "C:\\Windows\\system32\\config\\systemprofile\\Documents"}
{"EventID": "1002", "Channel": "Microsoft-Windows-Known Folders API Service", "Provider_Name": "Microsoft-Windows-KnownFolders", "Computer": "DESKTOP-OFJ6N53", "TimeCreated": "2025-04-26 01:41:03.553246+00:00", "RecordID": "140422", "Level": "3", "UserID": "S-1-5-18", "EventData.hrError": "0x80070002", "EventData.FolderId": "{fdd39ad0-238f-46af-adb4-6c85480369c7}", "EventData.Path": "C:\\Windows\\system32\\config\\systemprofile\\Documents"}
{"EventID": "1002", "Channel": "Microsoft-Windows-Known Folders API Service", "Provider_Name": "Microsoft-Windows-KnownFolders", "Computer": "DESKTOP-OFJ6N53", "TimeCreated": "2025-04-26 01:41:08.877483+00:00", "RecordID": "140423", "Level": "3", "UserID": "S-1-5-18", "EventData.hrError": "0x80070002", "EventData.FolderId": "{fdd39ad0-238f-46af-adb4-6c85480369c7}", "EventData.Path": "C:\\Windows\\system32\\config\\systemprofile\\Documents"}
{"EventID": "1002", "Channel": "Microsoft-Windows-Known Folders API Service", "Provider_Name": "Microsoft-Windows-KnownFolders", "Computer": "DESKTOP-OFJ6N53", "TimeCreated": "2025-04-26 01:41:09.438757+00:00", "RecordID": "140424", "Level": "3", "UserID": "S-1-5-18", "EventData.hrError": "0x80070002", "EventData.FolderId": "{fdd39ad0-238f-46af-adb4-6c85480369c7}", "EventData.Path": "C:\\Windows\\system32\\config\\systemprofile\\Documents"}
{"EventID": "1002", "Channel": "Microsoft-Windows-Known Folders API Service", "Provider_Name": "Microsoft-Windows-KnownFolders", "Computer": "DESKTOP-OFJ6N53", "TimeCreated": "2025-04-27 01:46:21.987944+00:00", "RecordID": "140425", "Level": "3", "UserID": "S-1-5-18", "EventData.hrError": "0x80070002", "EventData.FolderId": "{fdd39ad0-238f-46af-adb4-6c85480369c7}", "EventData.Path": "C:\\Windows\\system32\\config\\systemprofile\\Documents"}
{"EventID": "1002", "Channel": "Microsoft-Windows-Known Folders API Service", "Provider_Name": "Microsoft-Windows-KnownFolders", "Computer": "DESKTOP-OFJ6N53", "TimeCreated": "2025-04-27 01:46:23.976936+00:00", "RecordID": "140426", "Level": "3", "UserID": "S-1-5-18", "EventData.hrError": "0x80070002", "EventData.FolderId": "{fdd39ad0-238f-46af-adb4-6c85480369c7}", "EventData.Path": "C:\\Windows\\system32\\config\\systemprofile\\Documents"}
{"EventID": "1002", "Channel": "Microsoft-Windows-Known Folders API Service", "Provider_Name": "Microsoft-Windows-KnownFolders", "Computer": "DESKTOP-OFJ6N53", "TimeCreated": "2025-04-27 01:46:30.282120+00:00", "RecordID": "140427", "Level": "3", "UserID": "S-1-5-18", "EventData.hrError": "0x80070002", "EventData.FolderId": "{fdd39ad0-238f-46af-adb4-6c85480369c7}", "EventData.Path": "C:\\Windows\\system32\\config\\systemprofile\\Documents"}
{"EventID": "1002", "Channel": "Microsoft-Windows-Known Folders API Service", "Provider_Name": "Microsoft-Windows-KnownFolders", "Computer": "DESKTOP-OFJ6N53", "TimeCreated": "2025-04-27 01:46:31.046833+00:00", "RecordID": "140428", "Level": "3", "UserID": "S-1-5-18", "EventData.hrError": "0x80070002", "EventData.FolderId": "{fdd39ad0-238f-46af-adb4-6c85480369c7}", "EventData.Path": "C:\\Windows\\system32\\config\\systemprofile\\Documents"}
{"EventID": "1002", "Channel": "Microsoft-Windows-Known Folders API Service", "Provider_Name": "Microsoft-Windows-KnownFolders", "Computer": "DESKTOP-OFJ6N53", "TimeCreated": "2025-04-28 01:52:46.485662+00:00", "RecordID": "140429", "Level": "3", "UserID": "S-1-5-18", "EventData.hrError": "0x80070002", "EventData.FolderId": "{fdd39ad0-238f-46af-adb4-6c85480369c7}", "EventData.Path": "C:\\Windows\\system32\\config\\systemprofile\\Documents"}
{"EventID": "1002", "Channel": "Microsoft-Windows-Known Folders API Service", "Provider_Name": "Microsoft-Windows-KnownFolders", "Computer": "DESKTOP-OFJ6N53", "TimeCreated": "2025-04-28 01:52:51.075686+00:00", "RecordID": "140430", "Level": "3", "UserID": "S-1-5-18", "EventData.hrError": "0x80070002", "EventData.FolderId": "{fdd39ad0-238f-46af-adb4-6c85480369c7}", "EventData.Path": "C:\\Windows\\system32\\config\\systemprofile\\Documents"}
{"EventID": "1002", "Channel": "Microsoft-Windows-Known Folders API Service", "Provider_Name": "Microsoft-Windows-KnownFolders", "Computer": "DESKTOP-OFJ6N53", "TimeCreated": "2025-04-28 01:52:55.586956+00:00", "RecordID": "140431", "Level": "3", "UserID": "S-1-5-18", "EventData.hrError": "0x80070002", "EventData.FolderId": "{fdd39ad0-238f-46af-adb4-6c85480369c7}", "EventData.Path": "C:\\Windows\\system32\\config\\systemprofile\\Documents"}
{"EventID": "1002", "Channel": "Microsoft-Windows-Known Folders API Service", "Provider_Name": "Microsoft-Windows-KnownFolders", "Computer": "DESKTOP-OFJ6N53", "TimeCreated": "2025-04-28 01:52:56.216021+00:00", "RecordID": "140432", "Level": "3", "UserID": "S-1-5-18", "EventData.hrError": "0x80070002", "EventData.FolderId": "{fdd39ad0-238f-46af-adb4-6c85480369c7}", "EventData.Path": "C:\\Windows\\system32\\config\\systemprofile\\Documents"}
{"EventID": "1002", "Channel": "Microsoft-Windows-Known Folders API Service", "Provider_Name": "Microsoft-Windows-KnownFolders", "Computer": "DESKTOP-OFJ6N53", "TimeCreated": "2025-04-29 00:36:49.743406+00:00", "RecordID": "140433", "Level": "3", "UserID": "S-1-5-18", "EventData.hrError": "0x80070002", "EventData.FolderId": "{fdd39ad0-238f-46af-adb4-6c85480369c7}", "EventData.Path": "C:\\Windows\\system32\\config\\systemprofile\\Documents"}
{"EventID": "1002", "Channel": "Microsoft-Windows-Known Folders API Service", "Provider_Name": "Microsoft-Windows-KnownFolders", "Computer": "DESKTOP-OFJ6N53", "TimeCreated": "2025-04-29 00:36:52.192163+00:00", "RecordID": "140434", "Level": "3", "UserID": "S-1-5-18", "EventData.hrError": "0x80070002", "EventData.FolderId": "{fdd39ad0-238f-46af-adb4-6c85480369c7}", "EventData.Path": "C:\\Windows\\system32\\config\\systemprofile\\Documents"}
{"EventID": "1002", "Channel": "Microsoft-Windows-Known Folders API Service", "Provider_Name": "Microsoft-Windows-KnownFolders", "Computer": "DESKTOP-OFJ6N53", "TimeCreated": "2025-04-29 00:36:58.520069+00:00", "RecordID": "140435", "Level": "3", "UserID": "S-1-5-18", "EventData.hrError": "0x80070002", "EventData.FolderId": "{fdd39ad0-238f-46af-adb4-6c85480369c7}", "EventData.Path": "C:\\Windows\\system32\\config\\systemprofile\\Documents"}
{"EventID": "1002", "Channel": "Microsoft-Windows-Known Folders API Service", "Provider_Name": "Microsoft-Windows-KnownFolders", "Computer": "DESKTOP-OFJ6N53", "TimeCreated": "2025-04-29 00:36:59.109230+00:00", "RecordID": "140436", "Level": "3", "UserID": "S-1-5-18", "EventData.hrError": "0x80070002", "EventData.FolderId": "{fdd39ad0-238f-46af-adb4-6c85480369c7}", "EventData.Path": "C:\\Windows\\system32\\config\\systemprofile\\Documents"}
{"EventID": "1002", "Channel": "Microsoft-Windows-Known Folders API Service", "Provider_Name": "Microsoft-Windows-KnownFolders", "Computer": "DESKTOP-OFJ6N53", "TimeCreated": "2025-04-30 00:34:25.062946+00:00", "RecordID": "140437", "Level": "3", "UserID": "S-1-5-18", "EventData.hrError": "0x80070002", "EventData.FolderId": "{fdd39ad0-238f-46af-adb4-6c85480369c7}", "EventData.Path": "C:\\Windows\\system32\\config\\systemprofile\\Documents"}
{"EventID": "1002", "Channel": "Microsoft-Windows-Known Folders API Service", "Provider_Name": "Microsoft-Windows-KnownFolders", "Computer": "DESKTOP-OFJ6N53", "TimeCreated": "2025-04-30 00:34:25.902843+00:00", "RecordID": "140438", "Level": "3", "UserID": "S-1-5-18", "EventData.hrError": "0x80070002", "EventData.FolderId": "{fdd39ad0-238f-46af-adb4-6c85480369c7}", "EventData.Path": "C:\\Windows\\system32\\config\\systemprofile\\Documents"}
{"EventID": "1002", "Channel": "Microsoft-Windows-Known Folders API Service", "Provider_Name": "Microsoft-Windows-KnownFolders", "Computer": "DESKTOP-OFJ6N53", "TimeCreated": "2025-04-30 00:34:31.572931+00:00", "RecordID": "140439", "Level": "3", "UserID": "S-1-5-18", "EventData.hrError": "0x80070002", "EventData.FolderId": "{fdd39ad0-238f-46af-adb4-6c85480369c7}", "EventData.Path": "C:\\Windows\\system32\\config\\systemprofile\\Documents"}
{"EventID": "1002", "Channel": "Microsoft-Windows-Known Folders API Service", "Provider_Name": "Microsoft-Windows-KnownFolders", "Computer": "DESKTOP-OFJ6N53", "TimeCreated": "2025-04-30 00:34:33.391874+00:00", "RecordID": "140440", "Level": "3", "UserID": "S-1-5-18", "EventData.hrError": "0x80070002", "EventData.FolderId": "{fdd39ad0-238f-46af-adb4-6c85480369c7}", "EventData.Path": "C:\\Windows\\system32\\config\\systemprofile\\Documents"}
{"EventID": "1002", "Channel": "Microsoft-Windows-Known Folders API Service", "Provider_Name": "Microsoft-Windows-KnownFolders", "Computer": "DESKTOP-OFJ6N53", "TimeCreated": "2025-05-01 01:14:01.707275+00:00", "RecordID": "140441", "Level": "3", "UserID": "S-1-5-18", "EventData.hrError": "0x80070002", "EventData.FolderId": "{fdd39ad0-238f-46af-adb4-6c85480369c7}", "EventData.Path": "C:\\Windows\\system32\\config\\systemprofile\\Documents"}
{"EventID": "1002", "Channel": "Microsoft-Windows-Known Folders API Service", "Provider_Name": "Microsoft-Windows-KnownFolders", "Computer": "DESKTOP-OFJ6N53", "TimeCreated": "2025-05-01 01:14:03.766727+00:00", "RecordID": "140442", "Level": "3", "UserID": "S-1-5-18", "EventData.hrError": "0x80070002", "EventData.FolderId": "{fdd39ad0-238f-46af-adb4-6c85480369c7}", "EventData.Path": "C:\\Windows\\system32\\config\\systemprofile\\Documents"}
{"EventID": "1002", "Channel": "Microsoft-Windows-Known Folders API Service", "Provider_Name": "Microsoft-Windows-KnownFolders", "Computer": "DESKTOP-OFJ6N53", "TimeCreated": "2025-05-01 01:14:09.973404+00:00", "RecordID": "140443", "Level": "3", "UserID": "S-1-5-18", "EventData.hrError": "0x80070002", "EventData.FolderId": "{fdd39ad0-238f-46af-adb4-6c85480369c7}", "EventData.Path": "C:\\Windows\\system32\\config\\systemprofile\\Documents"}
{"EventID": "1002", "Channel": "Microsoft-Windows-Known Folders API Service", "Provider_Name": "Microsoft-Windows-KnownFolders", "Computer": "DESKTOP-OFJ6N53", "TimeCreated": "2025-05-01 01:14:10.751640+00:00", "RecordID": "140444", "Level": "3", "UserID": "S-1-5-18", "EventData.hrError": "0x80070002", "EventData.FolderId": "{fdd39ad0-238f-46af-adb4-6c85480369c7}", "EventData.Path": "C:\\Windows\\system32\\config\\systemprofile\\Documents"}
{"EventID": "1002", "Channel": "Microsoft-Windows-Known Folders API Service", "Provider_Name": "Microsoft-Windows-KnownFolders", "Computer": "DESKTOP-OFJ6N53", "TimeCreated": "2025-05-02 01:03:27.075703+00:00", "RecordID": "140445", "Level": "3", "UserID": "S-1-5-18", "EventData.hrError": "0x80070002", "EventData.FolderId": "{fdd39ad0-238f-46af-adb4-6c85480369c7}", "EventData.Path": "C:\\Windows\\system32\\config\\systemprofile\\Documents"}
{"EventID": "1002", "Channel": "Microsoft-Windows-Known Folders API Service", "Provider_Name": "Microsoft-Windows-KnownFolders", "Computer": "DESKTOP-OFJ6N53", "TimeCreated": "2025-05-02 01:03:28.648109+00:00", "RecordID": "140446", "Level": "3", "UserID": "S-1-5-18", "EventData.hrError": "0x80070002", "EventData.FolderId": "{fdd39ad0-238f-46af-adb4-6c85480369c7}", "EventData.Path": "C:\\Windows\\system32\\config\\systemprofile\\Documents"}
{"EventID": "1002", "Channel": "Microsoft-Windows-Known Folders API Service", "Provider_Name": "Microsoft-Windows-KnownFolders", "Computer": "DESKTOP-OFJ6N53", "TimeCreated": "2025-05-02 01:03:35.581293+00:00", "RecordID": "140447", "Level": "3", "UserID": "S-1-5-18", "EventData.hrError": "0x80070002", "EventData.FolderId": "{fdd39ad0-238f-46af-adb4-6c85480369c7}", "EventData.Path": "C:\\Windows\\system32\\config\\systemprofile\\Documents"}
{"EventID": "1002", "Channel": "Microsoft-Windows-Known Folders API Service", "Provider_Name": "Microsoft-Windows-KnownFolders", "Computer": "DESKTOP-OFJ6N53", "TimeCreated": "2025-05-02 01:03:36.323622+00:00", "RecordID": "140448", "Level": "3", "UserID": "S-1-5-18", "EventData.hrError": "0x80070002", "EventData.FolderId": "{fdd39ad0-238f-46af-adb4-6c85480369c7}", "EventData.Path": "C:\\Windows\\system32\\config\\systemprofile\\Documents"}
{"EventID": "1002", "Channel": "Microsoft-Windows-Known Folders API Service", "Provider_Name": "Microsoft-Windows-KnownFolders", "Computer": "DESKTOP-OFJ6N53", "TimeCreated": "2025-05-03 00:29:29.494034+00:00", "RecordID": "140449", "Level": "3", "UserID": "S-1-5-18", "EventData.hrError": "0x80070002", "EventData.FolderId": "{fdd39ad0-238f-46af-adb4-6c85480369c7}", "EventData.Path": "C:\\Windows\\system32\\config\\systemprofile\\Documents"}
{"EventID": "1002", "Channel": "Microsoft-Windows-Known Folders API Service", "Provider_Name": "Microsoft-Windows-KnownFolders", "Computer": "DESKTOP-OFJ6N53", "TimeCreated": "2025-05-03 00:29:30.899893+00:00", "RecordID": "140450", "Level": "3", "UserID": "S-1-5-18", "EventData.hrError": "0x80070002", "EventData.FolderId": "{fdd39ad0-238f-46af-adb4-6c85480369c7}", "EventData.Path": "C:\\Windows\\system32\\config\\systemprofile\\Documents"}
{"EventID": "1002", "Channel": "Microsoft-Windows-Known Folders API Service", "Provider_Name": "Microsoft-Windows-KnownFolders", "Computer": "DESKTOP-OFJ6N53", "TimeCreated": "2025-05-03 00:29:36.561789+00:00", "RecordID": "140451", "Level": "3", "UserID": "S-1-5-18", "EventData.hrError": "0x80070002", "EventData.FolderId": "{fdd39ad0-238f-46af-adb4-6c85480369c7}", "EventData.Path": "C:\\Windows\\system32\\config\\systemprofile\\Documents"}
{"EventID": "1002", "Channel": "Microsoft-Windows-Known Folders API Service", "Provider_Name": "Microsoft-Windows-KnownFolders", "Computer": "DESKTOP-OFJ6N53", "TimeCreated": "2025-05-03 00:29:37.639658+00:00", "RecordID": "140452", "Level": "3", "UserID": "S-1-5-18", "EventData.hrError": "0x80070002", "EventData.FolderId": "{fdd39ad0-238f-46af-adb4-6c85480369c7}", "EventData.Path": "C:\\Windows\\system32\\config\\systemprofile\\Documents"}
{"EventID": "1002", "Channel": "Microsoft-Windows-Known Folders API Service", "Provider_Name": "Microsoft-Windows-KnownFolders", "Computer": "DESKTOP-OFJ6N53", "TimeCreated": "2025-05-04 01:23:27.490915+00:00", "RecordID": "140453", "Level": "3", "UserID": "S-1-5-18", "EventData.hrError": "0x80070002", "EventData.FolderId": "{fdd39ad0-238f-46af-adb4-6c85480369c7}", "EventData.Path": "C:\\Windows\\system32\\config\\systemprofile\\Documents"}
{"EventID": "1002", "Channel": "Microsoft-Windows-Known Folders API Service", "Provider_Name": "Microsoft-Windows-KnownFolders", "Computer": "DESKTOP-OFJ6N53", "TimeCreated": "2025-05-04 01:23:28.798943+00:00", "RecordID": "140454", "Level": "3", "UserID": "S-1-5-18", "EventData.hrError": "0x80070002", "EventData.FolderId": "{fdd39ad0-238f-46af-adb4-6c85480369c7}", "EventData.Path": "C:\\Windows\\system32\\config\\systemprofile\\Documents"}
{"EventID": "1002", "Channel": "Microsoft-Windows-Known Folders API Service", "Provider_Name": "Microsoft-Windows-KnownFolders", "Computer": "DESKTOP-OFJ6N53", "TimeCreated": "2025-05-04 01:23:35.561245+00:00", "RecordID": "140455", "Level": "3", "UserID": "S-1-5-18", "EventData.hrError": "0x80070002", "EventData.FolderId": "{fdd39ad0-238f-46af-adb4-6c85480369c7}", "EventData.Path": "C:\\Windows\\system32\\config\\systemprofile\\Documents"}
{"EventID": "1002", "Channel": "Microsoft-Windows-Known Folders API Service", "Provider_Name": "Microsoft-Windows-KnownFolders", "Computer": "DESKTOP-OFJ6N53", "TimeCreated": "2025-05-04 01:23:36.412275+00:00", "RecordID": "140456", "Level": "3", "UserID": "S-1-5-18", "EventData.hrError": "0x80070002", "EventData.FolderId": "{fdd39ad0-238f-46af-adb4-6c85480369c7}", "EventData.Path": "C:\\Windows\\system32\\config\\systemprofile\\Documents"}
{"EventID": "1002", "Channel": "Microsoft-Windows-Known Folders API Service", "Provider_Name": "Microsoft-Windows-KnownFolders", "Computer": "DESKTOP-OFJ6N53", "TimeCreated": "2025-05-05 01:36:57.288568+00:00", "RecordID": "140457", "Level": "3", "UserID": "S-1-5-18", "EventData.hrError": "0x80070002", "EventData.FolderId": "{fdd39ad0-238f-46af-adb4-6c85480369c7}", "EventData.Path": "C:\\Windows\\system32\\config\\systemprofile\\Documents"}
{"EventID": "1002", "Channel": "Microsoft-Windows-Known Folders API Service", "Provider_Name": "Microsoft-Windows-KnownFolders", "Computer": "DESKTOP-OFJ6N53", "TimeCreated": "2025-05-05 01:37:01.700768+00:00", "RecordID": "140458", "Level": "3", "UserID": "S-1-5-18", "EventData.hrError": "0x80070002", "EventData.FolderId": "{fdd39ad0-238f-46af-adb4-6c85480369c7}", "EventData.Path": "C:\\Windows\\system32\\config\\systemprofile\\Documents"}
{"EventID": "1002", "Channel": "Microsoft-Windows-Known Folders API Service", "Provider_Name": "Microsoft-Windows-KnownFolders", "Computer": "DESKTOP-OFJ6N53", "TimeCreated": "2025-05-05 01:37:05.444803+00:00", "RecordID": "140459", "Level": "3", "UserID": "S-1-5-18", "EventData.hrError": "0x80070002", "EventData.FolderId": "{fdd39ad0-238f-46af-adb4-6c85480369c7}", "EventData.Path": "C:\\Windows\\system32\\config\\systemprofile\\Documents"}
{"EventID": "1002", "Channel": "Microsoft-Windows-Known Folders API Service", "Provider_Name": "Microsoft-Windows-KnownFolders", "Computer": "DESKTOP-OFJ6N53", "TimeCreated": "2025-05-05 01:37:05.913198+00:00", "RecordID": "140460", "Level": "3", "UserID": "S-1-5-18", "EventData.hrError": "0x80070002", "EventData.FolderId": "{fdd39ad0-238f-46af-adb4-6c85480369c7}", "EventData.Path": "C:\\Windows\\system32\\config\\systemprofile\\Documents"}
{"EventID": "1002", "Channel": "Microsoft-Windows-Known Folders API Service", "Provider_Name": "Microsoft-Windows-KnownFolders", "Computer": "DESKTOP-OFJ6N53", "TimeCreated": "2025-05-06 00:11:06.036388+00:00", "RecordID": "140461", "Level": "3", "UserID": "S-1-5-18", "EventData.hrError": "0x80070002", "EventData.FolderId": "{fdd39ad0-238f-46af-adb4-6c85480369c7}", "EventData.Path": "C:\\Windows\\system32\\config\\systemprofile\\Documents"}
{"EventID": "1002", "Channel": "Microsoft-Windows-Known Folders API Service", "Provider_Name": "Microsoft-Windows-KnownFolders", "Computer": "DESKTOP-OFJ6N53", "TimeCreated": "2025-05-06 00:11:09.903160+00:00", "RecordID": "140462", "Level": "3", "UserID": "S-1-5-18", "EventData.hrError": "0x80070002", "EventData.FolderId": "{fdd39ad0-238f-46af-adb4-6c85480369c7}", "EventData.Path": "C:\\Windows\\system32\\config\\systemprofile\\Documents"}
{"EventID": "1002", "Channel": "Microsoft-Windows-Known Folders API Service", "Provider_Name": "Microsoft-Windows-KnownFolders", "Computer": "DESKTOP-OFJ6N53", "TimeCreated": "2025-05-06 00:11:13.559973+00:00", "RecordID": "140463", "Level": "3", "UserID": "S-1-5-18", "EventData.hrError": "0x80070002", "EventData.FolderId": "{fdd39ad0-238f-46af-adb4-6c85480369c7}", "EventData.Path": "C:\\Windows\\system32\\config\\systemprofile\\Documents"}
{"EventID": "1002", "Channel": "Microsoft-Windows-Known Folders API Service", "Provider_Name": "Microsoft-Windows-KnownFolders", "Computer": "DESKTOP-OFJ6N53", "TimeCreated": "2025-05-06 00:11:14.045355+00:00", "RecordID": "140464", "Level": "3", "UserID": "S-1-5-18", "EventData.hrError": "0x80070002", "EventData.FolderId": "{fdd39ad0-238f-46af-adb4-6c85480369c7}", "EventData.Path": "C:\\Windows\\system32\\config\\systemprofile\\Documents"}
{"EventID": "1002", "Channel": "Microsoft-Windows-Known Folders API Service", "Provider_Name": "Microsoft-Windows-KnownFolders", "Computer": "DESKTOP-OFJ6N53", "TimeCreated": "2025-05-07 01:22:04.274319+00:00", "RecordID": "140465", "Level": "3", "UserID": "S-1-5-18", "EventData.hrError": "0x80070002", "EventData.FolderId": "{fdd39ad0-238f-46af-adb4-6c85480369c7}", "EventData.Path": "C:\\Windows\\system32\\config\\systemprofile\\Documents"}
{"EventID": "1002", "Channel": "Microsoft-Windows-Known Folders API Service", "Provider_Name": "Microsoft-Windows-KnownFolders", "Computer": "DESKTOP-OFJ6N53", "TimeCreated": "2025-05-07 01:22:04.276409+00:00", "RecordID": "140466", "Level": "3", "UserID": "S-1-5-18", "EventData.hrError": "0x80070002", "EventData.FolderId": "{fdd39ad0-238f-46af-adb4-6c85480369c7}", "EventData.Path": "C:\\Windows\\system32\\config\\systemprofile\\Documents"}
{"EventID": "1002", "Channel": "Microsoft-Windows-Known Folders API Service", "Provider_Name": "Microsoft-Windows-KnownFolders", "Computer": "DESKTOP-OFJ6N53", "TimeCreated": "2025-05-07 01:22:10.949112+00:00", "RecordID": "140467", "Level": "3", "UserID": "S-1-5-18", "EventData.hrError": "0x80070002", "EventData.FolderId": "{fdd39ad0-238f-46af-adb4-6c85480369c7}", "EventData.Path": "C:\\Windows\\system32\\config\\systemprofile\\Documents"}
{"EventID": "1002", "Channel": "Microsoft-Windows-Known Folders API Service", "Provider_Name": "Microsoft-Windows-KnownFolders", "Computer": "DESKTOP-OFJ6N53", "TimeCreated": "2025-05-07 01:22:12.331442+00:00", "RecordID": "140468", "Level": "3", "UserID": "S-1-5-18", "EventData.hrError": "0x80070002", "EventData.FolderId": "{fdd39ad0-238f-46af-adb4-6c85480369c7}", "EventData.Path": "C:\\Windows\\system32\\config\\systemprofile\\Documents"}
{"EventID": "1002", "Channel": "Microsoft-Windows-Known Folders API Service", "Provider_Name": "Microsoft-Windows-KnownFolders", "Computer": "DESKTOP-OFJ6N53", "TimeCreated": "2025-05-08 00:01:11.447037+00:00", "RecordID": "140469", "Level": "3", "UserID": "S-1-5-18", "EventData.hrError": "0x80070002", "EventData.FolderId": "{fdd39ad0-238f-46af-adb4-6c85480369c7}", "EventData.Path": "C:\\Windows\\system32\\config\\systemprofile\\Documents"}
{"EventID": "1002", "Channel": "Microsoft-Windows-Known Folders API Service", "Provider_Name": "Microsoft-Windows-KnownFolders", "Computer": "DESKTOP-OFJ6N53", "TimeCreated": "2025-05-08 00:01:11.447058+00:00", "RecordID": "140470", "Level": "3", "UserID": "S-1-5-18", "EventData.hrError": "0x80070002", "EventData.FolderId": "{fdd39ad0-238f-46af-adb4-6c85480369c7}", "EventData.Path": "C:\\Windows\\system32\\config\\systemprofile\\Documents"}
{"EventID": "1002", "Channel": "Microsoft-Windows-Known Folders API Service", "Provider_Name": "Microsoft-Windows-KnownFolders", "Computer": "DESKTOP-OFJ6N53", "TimeCreated": "2025-05-08 00:01:18.184614+00:00", "RecordID": "140471", "Level": "3", "UserID": "S-1-5-18", "EventData.hrError": "0x80070002", "EventData.FolderId": "{fdd39ad0-238f-46af-adb4-6c85480369c7}", "EventData.Path": "C:\\Windows\\system32\\config\\systemprofile\\Documents"}
{"EventID": "1002", "Channel": "Microsoft-Windows-Known Folders API Service", "Provider_Name": "Microsoft-Windows-KnownFolders", "Computer": "DESKTOP-OFJ6N53", "TimeCreated": "2025-05-08 00:01:20.459469+00:00", "RecordID": "140472", "Level": "3", "UserID": "S-1-5-18", "EventData.hrError": "0x80070002", "EventData.FolderId": "{fdd39ad0-238f-46af-adb4-6c85480369c7}", "EventData.Path": "C:\\Windows\\system32\\config\\systemprofile\\Documents"}
{"EventID": "1002", "Channel": "Microsoft-Windows-Known Folders API Service", "Provider_Name": "Microsoft-Windows-KnownFolders", "Computer": "DESKTOP-OFJ6N53", "TimeCreated": "2025-05-09 00:16:35.397593+00:00", "RecordID": "140473", "Level": "3", "UserID": "S-1-5-18", "EventData.hrError": "0x80070002", "EventData.FolderId": "{fdd39ad0-238f-46af-adb4-6c85480369c7}", "EventData.Path": "C:\\Windows\\system32\\config\\systemprofile\\Documents"}
{"EventID": "1002", "Channel": "Microsoft-Windows-Known Folders API Service", "Provider_Name": "Microsoft-Windows-KnownFolders", "Computer": "DESKTOP-OFJ6N53", "TimeCreated": "2025-05-09 00:16:35.399706+00:00", "RecordID": "140474", "Level": "3", "UserID": "S-1-5-18", "EventData.hrError": "0x80070002", "EventData.FolderId": "{fdd39ad0-238f-46af-adb4-6c85480369c7}", "EventData.Path": "C:\\Windows\\system32\\config\\systemprofile\\Documents"}
{"EventID": "1002", "Channel": "Microsoft-Windows-Known Folders API Service", "Provider_Name": "Microsoft-Windows-KnownFolders", "Computer": "DESKTOP-OFJ6N53", "TimeCreated": "2025-05-09 00:16:42.433645+00:00", "RecordID": "140475", "Level": "3", "UserID": "S-1-5-18", "EventData.hrError": "0x80070002", "EventData.FolderId": "{fdd39ad0-238f-46af-adb4-6c85480369c7}", "EventData.Path": "C:\\Windows\\system32\\config\\systemprofile\\Documents"}
{"EventID": "1002", "Channel": "Microsoft-Windows-Known Folders API Service", "Provider_Name": "Microsoft-Windows-KnownFolders", "Computer": "DESKTOP-OFJ6N53", "TimeCreated": "2025-05-09 00:16:49.359390+00:00", "RecordID": "140476", "Level": "3", "UserID": "S-1-5-18", "EventData.hrError": "0x80070002", "EventData.FolderId": "{fdd39ad0-238f-46af-adb4-6c85480369c7}", "EventData.Path": "C:\\Windows\\system32\\config\\systemprofile\\Documents"}
{"EventID": "1002", "Channel": "Microsoft-Windows-Known Folders API Service", "Provider_Name": "Microsoft-Windows-KnownFolders", "Computer": "DESKTOP-OFJ6N53", "TimeCreated": "2025-05-10 00:56:42.702480+00:00", "RecordID": "140477", "Level": "3", "UserID": "S-1-5-18", "EventData.hrError": "0x80070002", "EventData.FolderId": "{fdd39ad0-238f-46af-adb4-6c85480369c7}", "EventData.Path": "C:\\Windows\\system32\\config\\systemprofile\\Documents"}
{"EventID": "1002", "Channel": "Microsoft-Windows-Known Folders API Service", "Provider_Name": "Microsoft-Windows-KnownFolders", "Computer": "DESKTOP-OFJ6N53", "TimeCreated": "2025-05-10 00:56:42.703974+00:00", "RecordID": "140478", "Level": "3", "UserID": "S-1-5-18", "EventData.hrError": "0x80070002", "EventData.FolderId": "{fdd39ad0-238f-46af-adb4-6c85480369c7}", "EventData.Path": "C:\\Windows\\system32\\config\\systemprofile\\Documents"}
{"EventID": "1002", "Channel": "Microsoft-Windows-Known Folders API Service", "Provider_Name": "Microsoft-Windows-KnownFolders", "Computer": "DESKTOP-OFJ6N53", "TimeCreated": "2025-05-10 00:56:44.848030+00:00", "RecordID": "140479", "Level": "3", "UserID": "S-1-5-18", "EventData.hrError": "0x80070002", "EventData.FolderId": "{fdd39ad0-238f-46af-adb4-6c85480369c7}", "EventData.Path": "C:\\Windows\\system32\\config\\systemprofile\\Documents"}
{"EventID": "1002", "Channel": "Microsoft-Windows-Known Folders API Service", "Provider_Name": "Microsoft-Windows-KnownFolders", "Computer": "DESKTOP-OFJ6N53", "TimeCreated": "2025-05-10 00:56:52.635273+00:00", "RecordID": "140480", "Level": "3", "UserID": "S-1-5-18", "EventData.hrError": "0x80070002", "EventData.FolderId": "{fdd39ad0-238f-46af-adb4-6c85480369c7}", "EventData.Path": "C:\\Windows\\system32\\config\\systemprofile\\Documents"}
{"EventID": "1002", "Channel": "Microsoft-Windows-Known Folders API Service", "Provider_Name": "Microsoft-Windows-KnownFolders", "Computer": "DESKTOP-OFJ6N53", "TimeCreated": "2025-05-11 00:00:59.372990+00:00", "RecordID": "140481", "Level": "3", "UserID": "S-1-5-18", "EventData.hrError": "0x80070002", "EventData.FolderId": "{fdd39ad0-238f-46af-adb4-6c85480369c7}", "EventData.Path": "C:\\Windows\\system32\\config\\systemprofile\\Documents"}
{"EventID": "1002", "Channel": "Microsoft-Windows-Known Folders API Service", "Provider_Name": "Microsoft-Windows-KnownFolders", "Computer": "DESKTOP-OFJ6N53", "TimeCreated": "2025-05-11 00:00:59.373003+00:00", "RecordID": "140482", "Level": "3", "UserID": "S-1-5-18", "EventData.hrError": "0x80070002", "EventData.FolderId": "{fdd39ad0-238f-46af-adb4-6c85480369c7}", "EventData.Path": "C:\\Windows\\system32\\config\\systemprofile\\Documents"}
{"EventID": "1002", "Channel": "Microsoft-Windows-Known Folders API Service", "Provider_Name": "Microsoft-Windows-KnownFolders", "Computer": "DESKTOP-OFJ6N53", "TimeCreated": "2025-05-11 00:01:04.699636+00:00", "RecordID": "140483", "Level": "3", "UserID": "S-1-5-18", "EventData.hrError": "0x80070002", "EventData.FolderId": "{fdd39ad0-238f-46af-adb4-6c85480369c7}", "EventData.Path": "C:\\Windows\\system32\\config\\systemprofile\\Documents"}
{"EventID": "1002", "Channel": "Microsoft-Windows-Known Folders API Service", "Provider_Name": "Microsoft-Windows-KnownFolders", "Computer": "DESKTOP-OFJ6N53", "TimeCreated": "2025-05-11 00:01:10.440315+00:00", "RecordID": "140484", "Level": "3", "UserID": "S-1-5-18", "EventData.hrError": "0x80070002", "EventData.FolderId": "{fdd39ad0-238f-46af-adb4-6c85480369c7}", "EventData.Path": "C:\\Windows\\system32\\config\\systemprofile\\Documents"}
{"EventID": "1002", "Channel": "Microsoft-Windows-Known Folders API Service", "Provider_Name": "Microsoft-Windows-KnownFolders", "Computer": "DESKTOP-OFJ6N53", "TimeCreated": "2025-05-12 00:27:05.746862+00:00", "RecordID": "140485", "Level": "3", "UserID": "S-1-5-18", "EventData.hrError": "0x80070002", "EventData.FolderId": "{fdd39ad0-238f-46af-adb4-6c85480369c7}", "EventData.Path": "C:\\Windows\\system32\\config\\systemprofile\\Documents"}
{"EventID": "1002", "Channel": "Microsoft-Windows-Known Folders API Service", "Provider_Name": "Microsoft-Windows-KnownFolders", "Computer": "DESKTOP-OFJ6N53", "TimeCreated": "2025-05-12 00:27:11.119778+00:00", "RecordID": "140486", "Level": "3", "UserID": "S-1-5-18", "EventData.hrError": "0x80070002", "EventData.FolderId": "{fdd39ad0-238f-46af-adb4-6c85480369c7}", "EventData.Path": "C:\\Windows\\system32\\config\\systemprofile\\Documents"}
{"EventID": "1002", "Channel": "Microsoft-Windows-Known Folders API Service", "Provider_Name": "Microsoft-Windows-KnownFolders", "Computer": "DESKTOP-OFJ6N53", "TimeCreated": "2025-05-12 00:27:13.919922+00:00", "RecordID": "140487", "Level": "3", "UserID": "S-1-5-18", "EventData.hrError": "0x80070002", "EventData.FolderId": "{fdd39ad0-238f-46af-adb4-6c85480369c7}", "EventData.Path": "C:\\Windows\\system32\\config\\systemprofile\\Documents"}
{"EventID": "1002", "Channel": "Microsoft-Windows-Known Folders API Service", "Provider_Name": "Microsoft-Windows-KnownFolders", "Computer": "DESKTOP-OFJ6N53", "TimeCreated": "2025-05-12 00:27:14.497787+00:00", "RecordID": "140488", "Level": "3", "UserID": "S-1-5-18", "EventData.hrError": "0x80070002", "EventData.FolderId": "{fdd39ad0-238f-46af-adb4-6c85480369c7}", "EventData.Path": "C:\\Windows\\system32\\config\\systemprofile\\Documents"}
{"EventID": "1002", "Channel": "Microsoft-Windows-Known Folders API Service", "Provider_Name": "Microsoft-Windows-KnownFolders", "Computer": "DESKTOP-OFJ6N53", "TimeCreated": "2025-05-13 00:48:31.951410+00:00", "RecordID": "140489", "Level": "3", "UserID": "S-1-5-18", "EventData.hrError": "0x80070002", "EventData.FolderId": "{fdd39ad0-238f-46af-adb4-6c85480369c7}", "EventData.Path": "C:\\Windows\\system32\\config\\systemprofile\\Documents"}
{"EventID": "1002", "Channel": "Microsoft-Windows-Known Folders API Service", "Provider_Name": "Microsoft-Windows-KnownFolders", "Computer": "DESKTOP-OFJ6N53", "TimeCreated": "2025-05-13 00:48:35.276142+00:00", "RecordID": "140490", "Level": "3", "UserID": "S-1-5-18", "EventData.hrError": "0x80070002", "EventData.FolderId": "{fdd39ad0-238f-46af-adb4-6c85480369c7}", "EventData.Path": "C:\\Windows\\system32\\config\\systemprofile\\Documents"}
{"EventID": "1002", "Channel": "Microsoft-Windows-Known Folders API Service", "Provider_Name": "Microsoft-Windows-KnownFolders", "Computer": "DESKTOP-OFJ6N53", "TimeCreated": "2025-05-13 00:48:40.242088+00:00", "RecordID": "140491", "Level": "3", "UserID": "S-1-5-18", "EventData.hrError": "0x80070002", "EventData.FolderId": "{fdd39ad0-238f-46af-adb4-6c85480369c7}", "EventData.Path": "C:\\Windows\\system32\\config\\systemprofile\\Documents"}
{"EventID": "1002", "Channel": "Microsoft-Windows-Known Folders API Service", "Provider_Name": "Microsoft-Windows-KnownFolders", "Computer": "DESKTOP-OFJ6N53", "TimeCreated": "2025-05-13 00:48:40.821093+00:00", "RecordID": "140492", "Level": "3", "UserID": "S-1-5-18", "EventData.hrError": "0x80070002", "EventData.FolderId": "{fdd39ad0-238f-46af-adb4-6c85480369c7}", "EventData.Path": "C:\\Windows\\system32\\config\\systemprofile\\Documents"}
{"EventID": "1002", "Channel": "Microsoft-Windows-Known Folders API Service", "Provider_Name": "Microsoft-Windows-KnownFolders", "Computer": "DESKTOP-OFJ6N53", "TimeCreated": "2025-05-14 01:47:11.894484+00:00", "RecordID": "140493", "Level": "3", "UserID": "S-1-5-18", "EventData.hrError": "0x80070002", "EventData.FolderId": "{fdd39ad0-238f-46af-adb4-6c85480369c7}", "EventData.Path": "C:\\Windows\\system32\\config\\systemprofile\\Documents"}
{"EventID": "1002", "Channel": "Microsoft-Windows-Known Folders API Service", "Provider_Name": "Microsoft-Windows-KnownFolders", "Computer": "DESKTOP-OFJ6N53", "TimeCreated": "2025-05-14 01:47:15.329332+00:00", "RecordID": "140494", "Level": "3", "UserID": "S-1-5-18", "EventData.hrError": "0x80070002", "EventData.FolderId": "{fdd39ad0-238f-46af-adb4-6c85480369c7}", "EventData.Path": "C:\\Windows\\system32\\config\\systemprofile\\Documents"}
{"EventID": "1002", "Channel": "Microsoft-Windows-Known Folders API Service", "Provider_Name": "Microsoft-Windows-KnownFolders", "Computer": "DESKTOP-OFJ6N53", "TimeCreated": "2025-05-14 01:47:18.465397+00:00", "RecordID": "140495", "Level": "3", "UserID": "S-1-5-18", "EventData.hrError": "0x80070002", "EventData.FolderId": "{fdd39ad0-238f-46af-adb4-6c85480369c7}", "EventData.Path": "C:\\Windows\\system32\\config\\systemprofile\\Documents"}
{"EventID": "1002", "Channel": "Microsoft-Windows-Known Folders API Service", "Provider_Name": "Microsoft-Windows-KnownFolders", "Computer": "DESKTOP-OFJ6N53", "TimeCreated": "2025-05-14 01:47:18.962860+00:00", "RecordID": "140496", "Level": "3", "UserID": "S-1-5-18", "EventData.hrError": "0x80070002", "EventData.FolderId": "{fdd39ad0-238f-46af-adb4-6c85480369c7}", "EventData.Path": "C:\\Windows\\system32\\config\\systemprofile\\Documents"}
{"EventID": "1002", "Channel": "Microsoft-Windows-Known Folders API Service", "Provider_Name": "Microsoft-Windows-KnownFolders", "Computer": "DESKTOP-OFJ6N53", "TimeCreated": "2025-05-14 02:49:15.463896+00:00", "RecordID": "140497", "Level": "3", "UserID": "S-1-5-18", "EventData.hrError": "0x80070002", "EventData.FolderId": "{1777f761-68ad-4d8a-87bd-30b759fa33dd}", "EventData.Path": "C:\\Windows\\system32\\config\\systemprofile\\Favorites"}
{"EventID": "1002", "Channel": "Microsoft-Windows-Known Folders API Service", "Provider_Name": "Microsoft-Windows-KnownFolders", "Computer": "DESKTOP-OFJ6N53", "TimeCreated": "2025-05-14 02:49:15.466017+00:00", "RecordID": "140498", "Level": "3", "UserID": "S-1-5-18", "EventData.hrError": "0x80070003", "EventData.FolderId": "{625b53c3-ab48-4ec1-ba1f-a1ef4146fc19}", "EventData.Path": "C:\\Windows\\system32\\config\\systemprofile\\AppData\\Roaming\\Microsoft\\Windows\\Start Menu"}
{"EventID": "1002", "Channel": "Microsoft-Windows-Known Folders API Service", "Provider_Name": "Microsoft-Windows-KnownFolders", "Computer": "DESKTOP-OFJ6N53", "TimeCreated": "2025-05-14 02:49:15.466879+00:00", "RecordID": "140499", "Level": "3", "UserID": "S-1-5-18", "EventData.hrError": "0x80070002", "EventData.FolderId": "{fdd39ad0-238f-46af-adb4-6c85480369c7}", "EventData.Path": "C:\\Windows\\system32\\config\\systemprofile\\Documents"}
{"EventID": "1002", "Channel": "Microsoft-Windows-Known Folders API Service", "Provider_Name": "Microsoft-Windows-KnownFolders", "Computer": "DESKTOP-OFJ6N53", "TimeCreated": "2025-05-14 02:49:15.467548+00:00", "RecordID": "140500", "Level": "3", "UserID": "S-1-5-18", "EventData.hrError": "0x80070002", "EventData.FolderId": "{b4bfcc3a-db2c-424c-b029-7fe99a87c641}", "EventData.Path": "C:\\Windows\\system32\\config\\systemprofile\\Desktop"}
{"EventID": "1002", "Channel": "Microsoft-Windows-Known Folders API Service", "Provider_Name": "Microsoft-Windows-KnownFolders", "Computer": "DESKTOP-OFJ6N53", "TimeCreated": "2025-05-14 14:42:29.715755+00:00", "RecordID": "140501", "Level": "3", "UserID": "S-1-5-18", "EventData.hrError": "0x80070003", "EventData.FolderId": "{b97d20bb-f46a-4c97-ba10-5e3608430854}", "EventData.Path": "C:\\Windows\\system32\\config\\systemprofile\\AppData\\Roaming\\Microsoft\\Windows\\Start Menu\\Programs\\Startup"}
{"EventID": "1002", "Channel": "Microsoft-Windows-Known Folders API Service", "Provider_Name": "Microsoft-Windows-KnownFolders", "Computer": "DESKTOP-OFJ6N53", "TimeCreated": "2025-05-14 14:42:29.718290+00:00", "RecordID": "140502", "Level": "3", "UserID": "S-1-5-18", "EventData.hrError": "0x80070002", "EventData.FolderId": "{1777f761-68ad-4d8a-87bd-30b759fa33dd}", "EventData.Path": "C:\\Windows\\system32\\config\\systemprofile\\Favorites"}
{"EventID": "1002", "Channel": "Microsoft-Windows-Known Folders API Service", "Provider_Name": "Microsoft-Windows-KnownFolders", "Computer": "DESKTOP-OFJ6N53", "TimeCreated": "2025-05-14 14:42:47.154997+00:00", "RecordID": "140503", "Level": "3", "UserID": "S-1-5-18", "EventData.hrError": "0x80070002", "EventData.FolderId": "{b4bfcc3a-db2c-424c-b029-7fe99a87c641}", "EventData.Path": "C:\\Windows\\system32\\config\\systemprofile\\Desktop"}
{"EventID": "1002", "Channel": "Microsoft-Windows-Known Folders API Service", "Provider_Name": "Microsoft-Windows-KnownFolders", "Computer": "DESKTOP-OFJ6N53", "TimeCreated": "2025-05-14 14:42:47.724447+00:00", "RecordID": "140504", "Level": "3", "UserID": "S-1-5-18", "EventData.hrError": "0x80070002", "EventData.FolderId": "{b4bfcc3a-db2c-424c-b029-7fe99a87c641}", "EventData.Path": "C:\\Windows\\system32\\config\\systemprofile\\Desktop"}
