{"EventID": "2", "Channel": "Microsoft-Windows-Kernel-EventTracing/Admin", "Provider_Name": "Microsoft-Windows-Kernel-EventTracing", "Computer": "DESKTOP-OFJ6N53", "TimeCreated": "2022-10-27 11:48:57.921377+00:00", "RecordID": "118", "Level": "2", "UserID": "S-1-5-18", "EventData.SessionName": "Microsoft.Windows.Remediation", "EventData.FileName": null, "EventData.ErrorCode": "3221225525", "EventData.LoggingMode": "268460034"}
{"EventID": "2", "Channel": "Microsoft-Windows-Kernel-EventTracing/Admin", "Provider_Name": "Microsoft-Windows-Kernel-EventTracing", "Computer": "DESKTOP-OFJ6N53", "TimeCreated": "2022-10-30 02:22:43.477999+00:00", "RecordID": "119", "Level": "2", "UserID": "S-1-5-18", "EventData.SessionName": "Microsoft.Windows.Remediation", "EventData.FileName": null, "EventData.ErrorCode": "3221225525", "EventData.LoggingMode": "268460034"}
{"EventID": "2", "Channel": "Microsoft-Windows-Kernel-EventTracing/Admin", "Provider_Name": "Microsoft-Windows-Kernel-EventTracing", "Computer": "DESKTOP-OFJ6N53", "TimeCreated": "2022-10-30 02:22:48.441311+00:00", "RecordID": "120", "Level": "2", "UserID": "S-1-5-18", "EventData.SessionName": "Microsoft.Windows.Remediation", "EventData.FileName": null, "EventData.ErrorCode": "3221225525", "EventData.LoggingMode": "268460034"}
{"EventID": "2", "Channel": "Microsoft-Windows-Kernel-EventTracing/Admin", "Provider_Name": "Microsoft-Windows-Kernel-EventTracing", "Computer": "DESKTOP-OFJ6N53", "TimeCreated": "2022-11-03 23:48:40.767498+00:00", "RecordID": "121", "Level": "2", "UserID": "S-1-5-18", "EventData.SessionName": "Microsoft.Windows.Remediation", "EventData.FileName": null, "EventData.ErrorCode": "3221225525", "EventData.LoggingMode": "268460034"}
{"EventID": "2", "Channel": "Microsoft-Windows-Kernel-EventTracing/Admin", "Provider_Name": "Microsoft-Windows-Kernel-EventTracing", "Computer": "DESKTOP-OFJ6N53", "TimeCreated": "2022-11-03 23:48:45.683819+00:00", "RecordID": "122", "Level": "2", "UserID": "S-1-5-18", "EventData.SessionName": "Microsoft.Windows.Remediation", "EventData.FileName": null, "EventData.ErrorCode": "3221225525", "EventData.LoggingMode": "268460034"}
{"EventID": "2", "Channel": "Microsoft-Windows-Kernel-EventTracing/Admin", "Provider_Name": "Microsoft-Windows-Kernel-EventTracing", "Computer": "DESKTOP-OFJ6N53", "TimeCreated": "2022-11-06 01:29:01.884979+00:00", "RecordID": "123", "Level": "2", "UserID": "S-1-5-18", "EventData.SessionName": "Microsoft.Windows.Remediation", "EventData.FileName": null, "EventData.ErrorCode": "3221225525", "EventData.LoggingMode": "268460034"}
{"EventID": "2", "Channel": "Microsoft-Windows-Kernel-EventTracing/Admin", "Provider_Name": "Microsoft-Windows-Kernel-EventTracing", "Computer": "DESKTOP-OFJ6N53", "TimeCreated": "2022-11-06 01:29:08.678905+00:00", "RecordID": "124", "Level": "2", "UserID": "S-1-5-18", "EventData.SessionName": "Microsoft.Windows.Remediation", "EventData.FileName": null, "EventData.ErrorCode": "3221225525", "EventData.LoggingMode": "268460034"}
{"EventID": "4", "Channel": "Microsoft-Windows-Kernel-EventTracing/Admin", "Provider_Name": "Microsoft-Windows-Kernel-EventTracing", "Computer": "DESKTOP-OFJ6N53", "TimeCreated": "2022-11-09 10:44:21.923237+00:00", "RecordID": "125", "Level": "3", "UserID": "S-1-5-18", "EventData.SessionName": "Diagtrack-Listener", "EventData.FileName": "C:\\Windows\\System32\\LogFiles\\WMI\\Diagtrack-Listener.etl.001", "EventData.ErrorCode": "3221225864", "EventData.LoggingMode": "142606353", "EventData.MaxFileSize": "33554432"}
{"EventID": "3", "Channel": "Microsoft-Windows-Kernel-EventTracing/Admin", "Provider_Name": "Microsoft-Windows-Kernel-EventTracing", "Computer": "DESKTOP-OFJ6N53", "TimeCreated": "2022-11-09 10:44:21.923241+00:00", "RecordID": "126", "Level": "2", "UserID": "S-1-5-18", "EventData.SessionName": "Diagtrack-Listener", "EventData.FileName": "C:\\Windows\\System32\\LogFiles\\WMI\\Diagtrack-Listener.etl.001", "EventData.ErrorCode": "3221225864", "EventData.LoggingMode": "142606353", "EventData.FailureReason": "0"}
{"EventID": "1", "Channel": "Microsoft-Windows-Kernel-EventTracing/Admin", "Provider_Name": "Microsoft-Windows-Kernel-EventTracing", "Computer": "DESKTOP-OFJ6N53", "TimeCreated": "2022-11-09 14:41:09.495752+00:00", "RecordID": "127", "Level": "3", "UserID": "S-1-5-18", "EventData.SessionName": "DefenderApiLogger", "EventData.ErrorCode": "3221225864", "EventData.LoggingMode": "411042176"}
{"EventID": "1", "Channel": "Microsoft-Windows-Kernel-EventTracing/Admin", "Provider_Name": "Microsoft-Windows-Kernel-EventTracing", "Computer": "DESKTOP-OFJ6N53", "TimeCreated": "2022-11-10 09:28:29.639633+00:00", "RecordID": "128", "Level": "3", "UserID": "S-1-5-18", "EventData.SessionName": "DefenderApiLogger", "EventData.ErrorCode": "3221225864", "EventData.LoggingMode": "411042176"}
{"EventID": "2", "Channel": "Microsoft-Windows-Kernel-EventTracing/Admin", "Provider_Name": "Microsoft-Windows-Kernel-EventTracing", "Computer": "DESKTOP-OFJ6N53", "TimeCreated": "2022-11-11 03:28:53.884981+00:00", "RecordID": "129", "Level": "2", "UserID": "S-1-5-18", "EventData.SessionName": "Microsoft.Windows.Remediation", "EventData.FileName": null, "EventData.ErrorCode": "3221225525", "EventData.LoggingMode": "268460034"}
{"EventID": "2", "Channel": "Microsoft-Windows-Kernel-EventTracing/Admin", "Provider_Name": "Microsoft-Windows-Kernel-EventTracing", "Computer": "DESKTOP-OFJ6N53", "TimeCreated": "2022-11-12 10:45:03.349985+00:00", "RecordID": "130", "Level": "2", "UserID": "S-1-5-18", "EventData.SessionName": "Microsoft.Windows.WindowsUpdate.RUXIMLog", "EventData.FileName": null, "EventData.ErrorCode": "3221225525", "EventData.LoggingMode": "268460034"}
{"EventID": "2", "Channel": "Microsoft-Windows-Kernel-EventTracing/Admin", "Provider_Name": "Microsoft-Windows-Kernel-EventTracing", "Computer": "DESKTOP-OFJ6N53", "TimeCreated": "2022-11-13 02:24:19.745890+00:00", "RecordID": "131", "Level": "2", "UserID": "S-1-5-18", "EventData.SessionName": "Microsoft.Windows.Remediation", "EventData.FileName": null, "EventData.ErrorCode": "3221225525", "EventData.LoggingMode": "268460034"}
{"EventID": "2", "Channel": "Microsoft-Windows-Kernel-EventTracing/Admin", "Provider_Name": "Microsoft-Windows-Kernel-EventTracing", "Computer": "DESKTOP-OFJ6N53", "TimeCreated": "2022-11-17 06:23:20.153872+00:00", "RecordID": "132", "Level": "2", "UserID": "S-1-5-18", "EventData.SessionName": "Microsoft.Windows.WindowsUpdate.RUXIMLog", "EventData.FileName": null, "EventData.ErrorCode": "3221225525", "EventData.LoggingMode": "268460034"}
{"EventID": "2", "Channel": "Microsoft-Windows-Kernel-EventTracing/Admin", "Provider_Name": "Microsoft-Windows-Kernel-EventTracing", "Computer": "DESKTOP-OFJ6N53", "TimeCreated": "2022-11-18 18:57:17.057457+00:00", "RecordID": "133", "Level": "2", "UserID": "S-1-5-18", "EventData.SessionName": "Microsoft.Windows.Remediation", "EventData.FileName": null, "EventData.ErrorCode": "3221225525", "EventData.LoggingMode": "268460034"}
{"EventID": "1", "Channel": "Microsoft-Windows-Kernel-EventTracing/Admin", "Provider_Name": "Microsoft-Windows-Kernel-EventTracing", "Computer": "DESKTOP-OFJ6N53", "TimeCreated": "2022-11-19 06:29:18.509874+00:00", "RecordID": "134", "Level": "3", "UserID": "S-1-5-18", "EventData.SessionName": "DefenderApiLogger", "EventData.ErrorCode": "3221225864", "EventData.LoggingMode": "411042176"}
{"EventID": "2", "Channel": "Microsoft-Windows-Kernel-EventTracing/Admin", "Provider_Name": "Microsoft-Windows-Kernel-EventTracing", "Computer": "DESKTOP-OFJ6N53", "TimeCreated": "2022-11-20 00:58:23.331293+00:00", "RecordID": "135", "Level": "2", "UserID": "S-1-5-18", "EventData.SessionName": "Microsoft.Windows.Remediation", "EventData.FileName": null, "EventData.ErrorCode": "3221225525", "EventData.LoggingMode": "268460034"}
{"EventID": "2", "Channel": "Microsoft-Windows-Kernel-EventTracing/Admin", "Provider_Name": "Microsoft-Windows-Kernel-EventTracing", "Computer": "DESKTOP-OFJ6N53", "TimeCreated": "2022-11-21 06:59:55.713387+00:00", "RecordID": "136", "Level": "2", "UserID": "S-1-5-18", "EventData.SessionName": "Microsoft.Windows.WindowsUpdate.RUXIMLog", "EventData.FileName": null, "EventData.ErrorCode": "3221225525", "EventData.LoggingMode": "268460034"}
{"EventID": "1", "Channel": "Microsoft-Windows-Kernel-EventTracing/Admin", "Provider_Name": "Microsoft-Windows-Kernel-EventTracing", "Computer": "DESKTOP-OFJ6N53", "TimeCreated": "2022-11-21 13:12:54.385942+00:00", "RecordID": "137", "Level": "3", "UserID": "S-1-5-18", "EventData.SessionName": "DefenderApiLogger", "EventData.ErrorCode": "3221225864", "EventData.LoggingMode": "411042176"}
{"EventID": "1", "Channel": "Microsoft-Windows-Kernel-EventTracing/Admin", "Provider_Name": "Microsoft-Windows-Kernel-EventTracing", "Computer": "DESKTOP-OFJ6N53", "TimeCreated": "2022-11-22 07:19:47.523382+00:00", "RecordID": "138", "Level": "3", "UserID": "S-1-5-18", "EventData.SessionName": "DefenderApiLogger", "EventData.ErrorCode": "3221225864", "EventData.LoggingMode": "411042176"}
{"EventID": "1", "Channel": "Microsoft-Windows-Kernel-EventTracing/Admin", "Provider_Name": "Microsoft-Windows-Kernel-EventTracing", "Computer": "DESKTOP-OFJ6N53", "TimeCreated": "2022-11-22 11:57:04.306099+00:00", "RecordID": "139", "Level": "3", "UserID": "S-1-5-18", "EventData.SessionName": "DefenderApiLogger", "EventData.ErrorCode": "3221225864", "EventData.LoggingMode": "411042176"}
{"EventID": "1", "Channel": "Microsoft-Windows-Kernel-EventTracing/Admin", "Provider_Name": "Microsoft-Windows-Kernel-EventTracing", "Computer": "DESKTOP-OFJ6N53", "TimeCreated": "2022-11-24 10:52:02.333069+00:00", "RecordID": "140", "Level": "3", "UserID": "S-1-5-18", "EventData.SessionName": "DefenderApiLogger", "EventData.ErrorCode": "3221225864", "EventData.LoggingMode": "411042176"}
{"EventID": "2", "Channel": "Microsoft-Windows-Kernel-EventTracing/Admin", "Provider_Name": "Microsoft-Windows-Kernel-EventTracing", "Computer": "DESKTOP-OFJ6N53", "TimeCreated": "2022-11-25 05:30:11.709707+00:00", "RecordID": "141", "Level": "2", "UserID": "S-1-5-18", "EventData.SessionName": "Microsoft.Windows.WindowsUpdate.RUXIMLog", "EventData.FileName": null, "EventData.ErrorCode": "3221225525", "EventData.LoggingMode": "268460034"}
{"EventID": "2", "Channel": "Microsoft-Windows-Kernel-EventTracing/Admin", "Provider_Name": "Microsoft-Windows-Kernel-EventTracing", "Computer": "DESKTOP-OFJ6N53", "TimeCreated": "2022-11-25 22:52:16.546715+00:00", "RecordID": "142", "Level": "2", "UserID": "S-1-5-18", "EventData.SessionName": "Microsoft.Windows.Remediation", "EventData.FileName": null, "EventData.ErrorCode": "3221225525", "EventData.LoggingMode": "268460034"}
{"EventID": "2", "Channel": "Microsoft-Windows-Kernel-EventTracing/Admin", "Provider_Name": "Microsoft-Windows-Kernel-EventTracing", "Computer": "DESKTOP-OFJ6N53", "TimeCreated": "2022-11-27 01:14:36.405277+00:00", "RecordID": "143", "Level": "2", "UserID": "S-1-5-18", "EventData.SessionName": "Microsoft.Windows.Remediation", "EventData.FileName": null, "EventData.ErrorCode": "3221225525", "EventData.LoggingMode": "268460034"}
{"EventID": "1", "Channel": "Microsoft-Windows-Kernel-EventTracing/Admin", "Provider_Name": "Microsoft-Windows-Kernel-EventTracing", "Computer": "DESKTOP-OFJ6N53", "TimeCreated": "2022-11-28 11:06:42.713737+00:00", "RecordID": "144", "Level": "3", "UserID": "S-1-5-18", "EventData.SessionName": "DefenderApiLogger", "EventData.ErrorCode": "3221225864", "EventData.LoggingMode": "411042176"}
{"EventID": "2", "Channel": "Microsoft-Windows-Kernel-EventTracing/Admin", "Provider_Name": "Microsoft-Windows-Kernel-EventTracing", "Computer": "DESKTOP-OFJ6N53", "TimeCreated": "2022-11-29 05:32:48.541294+00:00", "RecordID": "145", "Level": "2", "UserID": "S-1-5-18", "EventData.SessionName": "Microsoft.Windows.WindowsUpdate.RUXIMLog", "EventData.FileName": null, "EventData.ErrorCode": "3221225525", "EventData.LoggingMode": "268460034"}
{"EventID": "1", "Channel": "Microsoft-Windows-Kernel-EventTracing/Admin", "Provider_Name": "Microsoft-Windows-Kernel-EventTracing", "Computer": "DESKTOP-OFJ6N53", "TimeCreated": "2022-11-30 10:05:45.685537+00:00", "RecordID": "146", "Level": "3", "UserID": "S-1-5-18", "EventData.SessionName": "DefenderApiLogger", "EventData.ErrorCode": "3221225864", "EventData.LoggingMode": "411042176"}
{"EventID": "2", "Channel": "Microsoft-Windows-Kernel-EventTracing/Admin", "Provider_Name": "Microsoft-Windows-Kernel-EventTracing", "Computer": "DESKTOP-OFJ6N53", "TimeCreated": "2022-12-03 08:17:37.380838+00:00", "RecordID": "147", "Level": "2", "UserID": "S-1-5-18", "EventData.SessionName": "Microsoft.Windows.WindowsUpdate.RUXIMLog", "EventData.FileName": null, "EventData.ErrorCode": "3221225525", "EventData.LoggingMode": "268460034"}
{"EventID": "2", "Channel": "Microsoft-Windows-Kernel-EventTracing/Admin", "Provider_Name": "Microsoft-Windows-Kernel-EventTracing", "Computer": "DESKTOP-OFJ6N53", "TimeCreated": "2022-12-03 10:06:36.126129+00:00", "RecordID": "148", "Level": "2", "UserID": "S-1-5-18", "EventData.SessionName": "Microsoft.Windows.Remediation", "EventData.FileName": null, "EventData.ErrorCode": "3221225525", "EventData.LoggingMode": "268460034"}
{"EventID": "1", "Channel": "Microsoft-Windows-Kernel-EventTracing/Admin", "Provider_Name": "Microsoft-Windows-Kernel-EventTracing", "Computer": "DESKTOP-OFJ6N53", "TimeCreated": "2022-12-06 11:57:05.505228+00:00", "RecordID": "149", "Level": "3", "UserID": "S-1-5-18", "EventData.SessionName": "DefenderApiLogger", "EventData.ErrorCode": "3221225864", "EventData.LoggingMode": "411042176"}
{"EventID": "2", "Channel": "Microsoft-Windows-Kernel-EventTracing/Admin", "Provider_Name": "Microsoft-Windows-Kernel-EventTracing", "Computer": "DESKTOP-OFJ6N53", "TimeCreated": "2022-12-07 07:28:29.020622+00:00", "RecordID": "150", "Level": "2", "UserID": "S-1-5-18", "EventData.SessionName": "Microsoft.Windows.WindowsUpdate.RUXIMLog", "EventData.FileName": null, "EventData.ErrorCode": "3221225525", "EventData.LoggingMode": "268460034"}
{"EventID": "1", "Channel": "Microsoft-Windows-Kernel-EventTracing/Admin", "Provider_Name": "Microsoft-Windows-Kernel-EventTracing", "Computer": "DESKTOP-OFJ6N53", "TimeCreated": "2022-12-09 11:51:44.662149+00:00", "RecordID": "151", "Level": "3", "UserID": "S-1-5-18", "EventData.SessionName": "DefenderApiLogger", "EventData.ErrorCode": "3221225864", "EventData.LoggingMode": "411042176"}
{"EventID": "2", "Channel": "Microsoft-Windows-Kernel-EventTracing/Admin", "Provider_Name": "Microsoft-Windows-Kernel-EventTracing", "Computer": "DESKTOP-OFJ6N53", "TimeCreated": "2022-12-10 23:52:06.519215+00:00", "RecordID": "152", "Level": "2", "UserID": "S-1-5-18", "EventData.SessionName": "Microsoft.Windows.Remediation", "EventData.FileName": null, "EventData.ErrorCode": "3221225525", "EventData.LoggingMode": "268460034"}
{"EventID": "2", "Channel": "Microsoft-Windows-Kernel-EventTracing/Admin", "Provider_Name": "Microsoft-Windows-Kernel-EventTracing", "Computer": "DESKTOP-OFJ6N53", "TimeCreated": "2022-12-11 06:33:02.937407+00:00", "RecordID": "153", "Level": "2", "UserID": "S-1-5-18", "EventData.SessionName": "Microsoft.Windows.WindowsUpdate.RUXIMLog", "EventData.FileName": null, "EventData.ErrorCode": "3221225525", "EventData.LoggingMode": "268460034"}
{"EventID": "1", "Channel": "Microsoft-Windows-Kernel-EventTracing/Admin", "Provider_Name": "Microsoft-Windows-Kernel-EventTracing", "Computer": "DESKTOP-OFJ6N53", "TimeCreated": "2022-12-12 15:20:26.776060+00:00", "RecordID": "154", "Level": "3", "UserID": "S-1-5-18", "EventData.SessionName": "DefenderApiLogger", "EventData.ErrorCode": "3221225864", "EventData.LoggingMode": "411042176"}
{"EventID": "1", "Channel": "Microsoft-Windows-Kernel-EventTracing/Admin", "Provider_Name": "Microsoft-Windows-Kernel-EventTracing", "Computer": "DESKTOP-OFJ6N53", "TimeCreated": "2022-12-14 12:46:29.364946+00:00", "RecordID": "155", "Level": "3", "UserID": "S-1-5-18", "EventData.SessionName": "DefenderApiLogger", "EventData.ErrorCode": "3221225864", "EventData.LoggingMode": "411042176"}
{"EventID": "2", "Channel": "Microsoft-Windows-Kernel-EventTracing/Admin", "Provider_Name": "Microsoft-Windows-Kernel-EventTracing", "Computer": "DESKTOP-OFJ6N53", "TimeCreated": "2022-12-15 08:13:19.117605+00:00", "RecordID": "156", "Level": "2", "UserID": "S-1-5-18", "EventData.SessionName": "Microsoft.Windows.WindowsUpdate.RUXIMLog", "EventData.FileName": null, "EventData.ErrorCode": "3221225525", "EventData.LoggingMode": "268460034"}
{"EventID": "1", "Channel": "Microsoft-Windows-Kernel-EventTracing/Admin", "Provider_Name": "Microsoft-Windows-Kernel-EventTracing", "Computer": "DESKTOP-OFJ6N53", "TimeCreated": "2022-12-15 08:28:50.583220+00:00", "RecordID": "157", "Level": "3", "UserID": "S-1-5-18", "EventData.SessionName": "DefenderApiLogger", "EventData.ErrorCode": "3221225864", "EventData.LoggingMode": "411042176"}
{"EventID": "2", "Channel": "Microsoft-Windows-Kernel-EventTracing/Admin", "Provider_Name": "Microsoft-Windows-Kernel-EventTracing", "Computer": "DESKTOP-OFJ6N53", "TimeCreated": "2022-12-18 00:42:03.349171+00:00", "RecordID": "158", "Level": "2", "UserID": "S-1-5-18", "EventData.SessionName": "Microsoft.Windows.Remediation", "EventData.FileName": null, "EventData.ErrorCode": "3221225525", "EventData.LoggingMode": "268460034"}
{"EventID": "2", "Channel": "Microsoft-Windows-Kernel-EventTracing/Admin", "Provider_Name": "Microsoft-Windows-Kernel-EventTracing", "Computer": "DESKTOP-OFJ6N53", "TimeCreated": "2022-12-19 02:29:02.418339+00:00", "RecordID": "159", "Level": "2", "UserID": "S-1-5-18", "EventData.SessionName": "Microsoft.Windows.Remediation", "EventData.FileName": null, "EventData.ErrorCode": "3221225525", "EventData.LoggingMode": "268460034"}
{"EventID": "2", "Channel": "Microsoft-Windows-Kernel-EventTracing/Admin", "Provider_Name": "Microsoft-Windows-Kernel-EventTracing", "Computer": "DESKTOP-OFJ6N53", "TimeCreated": "2022-12-19 09:14:27.866529+00:00", "RecordID": "160", "Level": "2", "UserID": "S-1-5-18", "EventData.SessionName": "Microsoft.Windows.WindowsUpdate.RUXIMLog", "EventData.FileName": null, "EventData.ErrorCode": "3221225525", "EventData.LoggingMode": "268460034"}
{"EventID": "2", "Channel": "Microsoft-Windows-Kernel-EventTracing/Admin", "Provider_Name": "Microsoft-Windows-Kernel-EventTracing", "Computer": "DESKTOP-OFJ6N53", "TimeCreated": "2022-12-23 09:18:47.645836+00:00", "RecordID": "161", "Level": "2", "UserID": "S-1-5-18", "EventData.SessionName": "Microsoft.Windows.WindowsUpdate.RUXIMLog", "EventData.FileName": null, "EventData.ErrorCode": "3221225525", "EventData.LoggingMode": "268460034"}
{"EventID": "1", "Channel": "Microsoft-Windows-Kernel-EventTracing/Admin", "Provider_Name": "Microsoft-Windows-Kernel-EventTracing", "Computer": "DESKTOP-OFJ6N53", "TimeCreated": "2022-12-25 00:03:49.934315+00:00", "RecordID": "162", "Level": "3", "UserID": "S-1-5-18", "EventData.SessionName": "DefenderApiLogger", "EventData.ErrorCode": "3221225864", "EventData.LoggingMode": "411042176"}
{"EventID": "2", "Channel": "Microsoft-Windows-Kernel-EventTracing/Admin", "Provider_Name": "Microsoft-Windows-Kernel-EventTracing", "Computer": "DESKTOP-OFJ6N53", "TimeCreated": "2022-12-25 02:52:30.471233+00:00", "RecordID": "163", "Level": "2", "UserID": "S-1-5-18", "EventData.SessionName": "Microsoft.Windows.Remediation", "EventData.FileName": null, "EventData.ErrorCode": "3221225525", "EventData.LoggingMode": "268460034"}
{"EventID": "2", "Channel": "Microsoft-Windows-Kernel-EventTracing/Admin", "Provider_Name": "Microsoft-Windows-Kernel-EventTracing", "Computer": "DESKTOP-OFJ6N53", "TimeCreated": "2022-12-26 15:55:42.897671+00:00", "RecordID": "164", "Level": "2", "UserID": "S-1-5-18", "EventData.SessionName": "Microsoft.Windows.Remediation", "EventData.FileName": null, "EventData.ErrorCode": "3221225525", "EventData.LoggingMode": "268460034"}
{"EventID": "2", "Channel": "Microsoft-Windows-Kernel-EventTracing/Admin", "Provider_Name": "Microsoft-Windows-Kernel-EventTracing", "Computer": "DESKTOP-OFJ6N53", "TimeCreated": "2022-12-27 05:30:00.386580+00:00", "RecordID": "165", "Level": "2", "UserID": "S-1-5-18", "EventData.SessionName": "Microsoft.Windows.WindowsUpdate.RUXIMLog", "EventData.FileName": null, "EventData.ErrorCode": "3221225525", "EventData.LoggingMode": "268460034"}
{"EventID": "1", "Channel": "Microsoft-Windows-Kernel-EventTracing/Admin", "Provider_Name": "Microsoft-Windows-Kernel-EventTracing", "Computer": "DESKTOP-OFJ6N53", "TimeCreated": "2022-12-27 09:34:37.692509+00:00", "RecordID": "166", "Level": "3", "UserID": "S-1-5-18", "EventData.SessionName": "DefenderApiLogger", "EventData.ErrorCode": "3221225864", "EventData.LoggingMode": "411042176"}
{"EventID": "1", "Channel": "Microsoft-Windows-Kernel-EventTracing/Admin", "Provider_Name": "Microsoft-Windows-Kernel-EventTracing", "Computer": "DESKTOP-OFJ6N53", "TimeCreated": "2022-12-29 12:41:33.283682+00:00", "RecordID": "167", "Level": "3", "UserID": "S-1-5-18", "EventData.SessionName": "DefenderApiLogger", "EventData.ErrorCode": "3221225864", "EventData.LoggingMode": "411042176"}
{"EventID": "2", "Channel": "Microsoft-Windows-Kernel-EventTracing/Admin", "Provider_Name": "Microsoft-Windows-Kernel-EventTracing", "Computer": "DESKTOP-OFJ6N53", "TimeCreated": "2022-12-31 06:16:39.780186+00:00", "RecordID": "168", "Level": "2", "UserID": "S-1-5-18", "EventData.SessionName": "Microsoft.Windows.WindowsUpdate.RUXIMLog", "EventData.FileName": null, "EventData.ErrorCode": "3221225525", "EventData.LoggingMode": "268460034"}
{"EventID": "2", "Channel": "Microsoft-Windows-Kernel-EventTracing/Admin", "Provider_Name": "Microsoft-Windows-Kernel-EventTracing", "Computer": "DESKTOP-OFJ6N53", "TimeCreated": "2023-01-01 02:16:52.599747+00:00", "RecordID": "169", "Level": "2", "UserID": "S-1-5-18", "EventData.SessionName": "Microsoft.Windows.Remediation", "EventData.FileName": null, "EventData.ErrorCode": "3221225525", "EventData.LoggingMode": "268460034"}
{"EventID": "2", "Channel": "Microsoft-Windows-Kernel-EventTracing/Admin", "Provider_Name": "Microsoft-Windows-Kernel-EventTracing", "Computer": "DESKTOP-OFJ6N53", "TimeCreated": "2023-01-03 00:41:54.361298+00:00", "RecordID": "170", "Level": "2", "UserID": "S-1-5-18", "EventData.SessionName": "Microsoft.Windows.Remediation", "EventData.FileName": null, "EventData.ErrorCode": "3221225525", "EventData.LoggingMode": "268460034"}
{"EventID": "2", "Channel": "Microsoft-Windows-Kernel-EventTracing/Admin", "Provider_Name": "Microsoft-Windows-Kernel-EventTracing", "Computer": "DESKTOP-OFJ6N53", "TimeCreated": "2023-01-04 06:10:21.460720+00:00", "RecordID": "171", "Level": "2", "UserID": "S-1-5-18", "EventData.SessionName": "Microsoft.Windows.WindowsUpdate.RUXIMLog", "EventData.FileName": null, "EventData.ErrorCode": "3221225525", "EventData.LoggingMode": "268460034"}
{"EventID": "2", "Channel": "Microsoft-Windows-Kernel-EventTracing/Admin", "Provider_Name": "Microsoft-Windows-Kernel-EventTracing", "Computer": "DESKTOP-OFJ6N53", "TimeCreated": "2023-01-08 00:10:54.074165+00:00", "RecordID": "172", "Level": "2", "UserID": "S-1-5-18", "EventData.SessionName": "Microsoft.Windows.Remediation", "EventData.FileName": null, "EventData.ErrorCode": "3221225525", "EventData.LoggingMode": "268460034"}
{"EventID": "2", "Channel": "Microsoft-Windows-Kernel-EventTracing/Admin", "Provider_Name": "Microsoft-Windows-Kernel-EventTracing", "Computer": "DESKTOP-OFJ6N53", "TimeCreated": "2023-01-08 05:22:19.385489+00:00", "RecordID": "173", "Level": "2", "UserID": "S-1-5-18", "EventData.SessionName": "Microsoft.Windows.WindowsUpdate.RUXIMLog", "EventData.FileName": null, "EventData.ErrorCode": "3221225525", "EventData.LoggingMode": "268460034"}
{"EventID": "1", "Channel": "Microsoft-Windows-Kernel-EventTracing/Admin", "Provider_Name": "Microsoft-Windows-Kernel-EventTracing", "Computer": "DESKTOP-OFJ6N53", "TimeCreated": "2023-01-10 07:49:17.342226+00:00", "RecordID": "174", "Level": "3", "UserID": "S-1-5-18", "EventData.SessionName": "DefenderApiLogger", "EventData.ErrorCode": "3221225864", "EventData.LoggingMode": "411042176"}
{"EventID": "2", "Channel": "Microsoft-Windows-Kernel-EventTracing/Admin", "Provider_Name": "Microsoft-Windows-Kernel-EventTracing", "Computer": "DESKTOP-OFJ6N53", "TimeCreated": "2023-01-10 07:49:41.849205+00:00", "RecordID": "175", "Level": "2", "UserID": "S-1-5-18", "EventData.SessionName": "Microsoft.Windows.Remediation", "EventData.FileName": null, "EventData.ErrorCode": "3221225525", "EventData.LoggingMode": "268460034"}
{"EventID": "1", "Channel": "Microsoft-Windows-Kernel-EventTracing/Admin", "Provider_Name": "Microsoft-Windows-Kernel-EventTracing", "Computer": "DESKTOP-OFJ6N53", "TimeCreated": "2023-01-11 14:45:44.534113+00:00", "RecordID": "176", "Level": "3", "UserID": "S-1-5-18", "EventData.SessionName": "DefenderApiLogger", "EventData.ErrorCode": "3221225864", "EventData.LoggingMode": "411042176"}
{"EventID": "2", "Channel": "Microsoft-Windows-Kernel-EventTracing/Admin", "Provider_Name": "Microsoft-Windows-Kernel-EventTracing", "Computer": "DESKTOP-OFJ6N53", "TimeCreated": "2023-01-12 07:52:23.775629+00:00", "RecordID": "177", "Level": "2", "UserID": "S-1-5-18", "EventData.SessionName": "Microsoft.Windows.WindowsUpdate.RUXIMLog", "EventData.FileName": null, "EventData.ErrorCode": "3221225525", "EventData.LoggingMode": "268460034"}
{"EventID": "1", "Channel": "Microsoft-Windows-Kernel-EventTracing/Admin", "Provider_Name": "Microsoft-Windows-Kernel-EventTracing", "Computer": "DESKTOP-OFJ6N53", "TimeCreated": "2023-01-13 13:31:29.586416+00:00", "RecordID": "178", "Level": "3", "UserID": "S-1-5-18", "EventData.SessionName": "DefenderApiLogger", "EventData.ErrorCode": "3221225864", "EventData.LoggingMode": "411042176"}
{"EventID": "2", "Channel": "Microsoft-Windows-Kernel-EventTracing/Admin", "Provider_Name": "Microsoft-Windows-Kernel-EventTracing", "Computer": "DESKTOP-OFJ6N53", "TimeCreated": "2023-01-15 01:21:17.647083+00:00", "RecordID": "179", "Level": "2", "UserID": "S-1-5-18", "EventData.SessionName": "Microsoft.Windows.Remediation", "EventData.FileName": null, "EventData.ErrorCode": "3221225525", "EventData.LoggingMode": "268460034"}
{"EventID": "2", "Channel": "Microsoft-Windows-Kernel-EventTracing/Admin", "Provider_Name": "Microsoft-Windows-Kernel-EventTracing", "Computer": "DESKTOP-OFJ6N53", "TimeCreated": "2023-01-16 05:52:15.606823+00:00", "RecordID": "180", "Level": "2", "UserID": "S-1-5-18", "EventData.SessionName": "Microsoft.Windows.WindowsUpdate.RUXIMLog", "EventData.FileName": null, "EventData.ErrorCode": "3221225525", "EventData.LoggingMode": "268460034"}
{"EventID": "1", "Channel": "Microsoft-Windows-Kernel-EventTracing/Admin", "Provider_Name": "Microsoft-Windows-Kernel-EventTracing", "Computer": "DESKTOP-OFJ6N53", "TimeCreated": "2023-01-16 08:14:26.015747+00:00", "RecordID": "181", "Level": "3", "UserID": "S-1-5-18", "EventData.SessionName": "DefenderApiLogger", "EventData.ErrorCode": "3221225864", "EventData.LoggingMode": "411042176"}
{"EventID": "1", "Channel": "Microsoft-Windows-Kernel-EventTracing/Admin", "Provider_Name": "Microsoft-Windows-Kernel-EventTracing", "Computer": "DESKTOP-OFJ6N53", "TimeCreated": "2023-01-17 12:30:13.285261+00:00", "RecordID": "182", "Level": "3", "UserID": "S-1-5-18", "EventData.SessionName": "DefenderApiLogger", "EventData.ErrorCode": "3221225864", "EventData.LoggingMode": "411042176"}
{"EventID": "2", "Channel": "Microsoft-Windows-Kernel-EventTracing/Admin", "Provider_Name": "Microsoft-Windows-Kernel-EventTracing", "Computer": "DESKTOP-OFJ6N53", "TimeCreated": "2023-01-17 12:31:43.236864+00:00", "RecordID": "183", "Level": "2", "UserID": "S-1-5-18", "EventData.SessionName": "Microsoft.Windows.Remediation", "EventData.FileName": null, "EventData.ErrorCode": "3221225525", "EventData.LoggingMode": "268460034"}
{"EventID": "1", "Channel": "Microsoft-Windows-Kernel-EventTracing/Admin", "Provider_Name": "Microsoft-Windows-Kernel-EventTracing", "Computer": "DESKTOP-OFJ6N53", "TimeCreated": "2023-01-19 08:00:11.596621+00:00", "RecordID": "184", "Level": "3", "UserID": "S-1-5-18", "EventData.SessionName": "DefenderApiLogger", "EventData.ErrorCode": "3221225864", "EventData.LoggingMode": "411042176"}
{"EventID": "1", "Channel": "Microsoft-Windows-Kernel-EventTracing/Admin", "Provider_Name": "Microsoft-Windows-Kernel-EventTracing", "Computer": "DESKTOP-OFJ6N53", "TimeCreated": "2023-01-19 11:54:57.931856+00:00", "RecordID": "185", "Level": "3", "UserID": "S-1-5-18", "EventData.SessionName": "DefenderApiLogger", "EventData.ErrorCode": "3221225864", "EventData.LoggingMode": "411042176"}
{"EventID": "2", "Channel": "Microsoft-Windows-Kernel-EventTracing/Admin", "Provider_Name": "Microsoft-Windows-Kernel-EventTracing", "Computer": "DESKTOP-OFJ6N53", "TimeCreated": "2023-01-20 08:54:43.107731+00:00", "RecordID": "186", "Level": "2", "UserID": "S-1-5-18", "EventData.SessionName": "Microsoft.Windows.WindowsUpdate.RUXIMLog", "EventData.FileName": null, "EventData.ErrorCode": "3221225525", "EventData.LoggingMode": "268460034"}
{"EventID": "2", "Channel": "Microsoft-Windows-Kernel-EventTracing/Admin", "Provider_Name": "Microsoft-Windows-Kernel-EventTracing", "Computer": "DESKTOP-OFJ6N53", "TimeCreated": "2023-01-22 03:48:53.725338+00:00", "RecordID": "187", "Level": "2", "UserID": "S-1-5-18", "EventData.SessionName": "Microsoft.Windows.Remediation", "EventData.FileName": null, "EventData.ErrorCode": "3221225525", "EventData.LoggingMode": "268460034"}
{"EventID": "2", "Channel": "Microsoft-Windows-Kernel-EventTracing/Admin", "Provider_Name": "Microsoft-Windows-Kernel-EventTracing", "Computer": "DESKTOP-OFJ6N53", "TimeCreated": "2023-01-24 08:28:39.704691+00:00", "RecordID": "188", "Level": "2", "UserID": "S-1-5-18", "EventData.SessionName": "Microsoft.Windows.WindowsUpdate.RUXIMLog", "EventData.FileName": null, "EventData.ErrorCode": "3221225525", "EventData.LoggingMode": "268460034"}
{"EventID": "1", "Channel": "Microsoft-Windows-Kernel-EventTracing/Admin", "Provider_Name": "Microsoft-Windows-Kernel-EventTracing", "Computer": "DESKTOP-OFJ6N53", "TimeCreated": "2023-01-24 10:53:52.107643+00:00", "RecordID": "189", "Level": "3", "UserID": "S-1-5-18", "EventData.SessionName": "DefenderApiLogger", "EventData.ErrorCode": "3221225864", "EventData.LoggingMode": "411042176"}
{"EventID": "2", "Channel": "Microsoft-Windows-Kernel-EventTracing/Admin", "Provider_Name": "Microsoft-Windows-Kernel-EventTracing", "Computer": "DESKTOP-OFJ6N53", "TimeCreated": "2023-01-25 00:41:15.989895+00:00", "RecordID": "190", "Level": "2", "UserID": "S-1-5-18", "EventData.SessionName": "Microsoft.Windows.Remediation", "EventData.FileName": null, "EventData.ErrorCode": "3221225525", "EventData.LoggingMode": "268460034"}
{"EventID": "1", "Channel": "Microsoft-Windows-Kernel-EventTracing/Admin", "Provider_Name": "Microsoft-Windows-Kernel-EventTracing", "Computer": "DESKTOP-OFJ6N53", "TimeCreated": "2023-01-25 08:57:08.685858+00:00", "RecordID": "191", "Level": "3", "UserID": "S-1-5-18", "EventData.SessionName": "DefenderApiLogger", "EventData.ErrorCode": "3221225864", "EventData.LoggingMode": "411042176"}
{"EventID": "1", "Channel": "Microsoft-Windows-Kernel-EventTracing/Admin", "Provider_Name": "Microsoft-Windows-Kernel-EventTracing", "Computer": "DESKTOP-OFJ6N53", "TimeCreated": "2023-01-27 15:04:02.098053+00:00", "RecordID": "192", "Level": "3", "UserID": "S-1-5-18", "EventData.SessionName": "DefenderApiLogger", "EventData.ErrorCode": "3221225864", "EventData.LoggingMode": "411042176"}
{"EventID": "2", "Channel": "Microsoft-Windows-Kernel-EventTracing/Admin", "Provider_Name": "Microsoft-Windows-Kernel-EventTracing", "Computer": "DESKTOP-OFJ6N53", "TimeCreated": "2023-01-28 05:55:55.274477+00:00", "RecordID": "193", "Level": "2", "UserID": "S-1-5-18", "EventData.SessionName": "Microsoft.Windows.WindowsUpdate.RUXIMLog", "EventData.FileName": null, "EventData.ErrorCode": "3221225525", "EventData.LoggingMode": "268460034"}
{"EventID": "2", "Channel": "Microsoft-Windows-Kernel-EventTracing/Admin", "Provider_Name": "Microsoft-Windows-Kernel-EventTracing", "Computer": "DESKTOP-OFJ6N53", "TimeCreated": "2023-01-29 02:31:39.360991+00:00", "RecordID": "194", "Level": "2", "UserID": "S-1-5-18", "EventData.SessionName": "Microsoft.Windows.Remediation", "EventData.FileName": null, "EventData.ErrorCode": "3221225525", "EventData.LoggingMode": "268460034"}
{"EventID": "1", "Channel": "Microsoft-Windows-Kernel-EventTracing/Admin", "Provider_Name": "Microsoft-Windows-Kernel-EventTracing", "Computer": "DESKTOP-OFJ6N53", "TimeCreated": "2023-01-30 08:02:33.650072+00:00", "RecordID": "195", "Level": "3", "UserID": "S-1-5-18", "EventData.SessionName": "DefenderApiLogger", "EventData.ErrorCode": "3221225864", "EventData.LoggingMode": "411042176"}
{"EventID": "2", "Channel": "Microsoft-Windows-Kernel-EventTracing/Admin", "Provider_Name": "Microsoft-Windows-Kernel-EventTracing", "Computer": "DESKTOP-OFJ6N53", "TimeCreated": "2023-02-01 07:50:16.351572+00:00", "RecordID": "196", "Level": "2", "UserID": "S-1-5-18", "EventData.SessionName": "Microsoft.Windows.WindowsUpdate.RUXIMLog", "EventData.FileName": null, "EventData.ErrorCode": "3221225525", "EventData.LoggingMode": "268460034"}
{"EventID": "2", "Channel": "Microsoft-Windows-Kernel-EventTracing/Admin", "Provider_Name": "Microsoft-Windows-Kernel-EventTracing", "Computer": "DESKTOP-OFJ6N53", "TimeCreated": "2023-02-01 14:03:04.110441+00:00", "RecordID": "197", "Level": "2", "UserID": "S-1-5-18", "EventData.SessionName": "Microsoft.Windows.Remediation", "EventData.FileName": null, "EventData.ErrorCode": "3221225525", "EventData.LoggingMode": "268460034"}
{"EventID": "2", "Channel": "Microsoft-Windows-Kernel-EventTracing/Admin", "Provider_Name": "Microsoft-Windows-Kernel-EventTracing", "Computer": "DESKTOP-OFJ6N53", "TimeCreated": "2023-02-05 01:35:19.487877+00:00", "RecordID": "198", "Level": "2", "UserID": "S-1-5-18", "EventData.SessionName": "Microsoft.Windows.Remediation", "EventData.FileName": null, "EventData.ErrorCode": "3221225525", "EventData.LoggingMode": "268460034"}
{"EventID": "2", "Channel": "Microsoft-Windows-Kernel-EventTracing/Admin", "Provider_Name": "Microsoft-Windows-Kernel-EventTracing", "Computer": "DESKTOP-OFJ6N53", "TimeCreated": "2023-02-05 05:52:48.168476+00:00", "RecordID": "199", "Level": "2", "UserID": "S-1-5-18", "EventData.SessionName": "Microsoft.Windows.WindowsUpdate.RUXIMLog", "EventData.FileName": null, "EventData.ErrorCode": "3221225525", "EventData.LoggingMode": "268460034"}
{"EventID": "4", "Channel": "Microsoft-Windows-Kernel-EventTracing/Admin", "Provider_Name": "Microsoft-Windows-Kernel-EventTracing", "Computer": "DESKTOP-OFJ6N53", "TimeCreated": "2023-02-08 06:25:14.930573+00:00", "RecordID": "200", "Level": "3", "UserID": "S-1-5-18", "EventData.SessionName": "Diagtrack-Listener", "EventData.FileName": "C:\\Windows\\System32\\LogFiles\\WMI\\Diagtrack-Listener.etl.005", "EventData.ErrorCode": "3221225864", "EventData.LoggingMode": "142606353", "EventData.MaxFileSize": "33554432"}
{"EventID": "3", "Channel": "Microsoft-Windows-Kernel-EventTracing/Admin", "Provider_Name": "Microsoft-Windows-Kernel-EventTracing", "Computer": "DESKTOP-OFJ6N53", "TimeCreated": "2023-02-08 06:25:14.930578+00:00", "RecordID": "201", "Level": "2", "UserID": "S-1-5-18", "EventData.SessionName": "Diagtrack-Listener", "EventData.FileName": "C:\\Windows\\System32\\LogFiles\\WMI\\Diagtrack-Listener.etl.005", "EventData.ErrorCode": "3221225864", "EventData.LoggingMode": "142606353", "EventData.FailureReason": "0"}
{"EventID": "2", "Channel": "Microsoft-Windows-Kernel-EventTracing/Admin", "Provider_Name": "Microsoft-Windows-Kernel-EventTracing", "Computer": "DESKTOP-OFJ6N53", "TimeCreated": "2023-02-09 02:03:04.659878+00:00", "RecordID": "202", "Level": "2", "UserID": "S-1-5-18", "EventData.SessionName": "Microsoft.Windows.Remediation", "EventData.FileName": null, "EventData.ErrorCode": "3221225525", "EventData.LoggingMode": "268460034"}
{"EventID": "2", "Channel": "Microsoft-Windows-Kernel-EventTracing/Admin", "Provider_Name": "Microsoft-Windows-Kernel-EventTracing", "Computer": "DESKTOP-OFJ6N53", "TimeCreated": "2023-02-09 07:27:24.158960+00:00", "RecordID": "203", "Level": "2", "UserID": "S-1-5-18", "EventData.SessionName": "Microsoft.Windows.WindowsUpdate.RUXIMLog", "EventData.FileName": null, "EventData.ErrorCode": "3221225525", "EventData.LoggingMode": "268460034"}
{"EventID": "1", "Channel": "Microsoft-Windows-Kernel-EventTracing/Admin", "Provider_Name": "Microsoft-Windows-Kernel-EventTracing", "Computer": "DESKTOP-OFJ6N53", "TimeCreated": "2023-02-09 10:49:54.280359+00:00", "RecordID": "204", "Level": "3", "UserID": "S-1-5-18", "EventData.SessionName": "DefenderApiLogger", "EventData.ErrorCode": "3221225864", "EventData.LoggingMode": "411042176"}
{"EventID": "2", "Channel": "Microsoft-Windows-Kernel-EventTracing/Admin", "Provider_Name": "Microsoft-Windows-Kernel-EventTracing", "Computer": "DESKTOP-OFJ6N53", "TimeCreated": "2023-02-12 01:21:34.277048+00:00", "RecordID": "205", "Level": "2", "UserID": "S-1-5-18", "EventData.SessionName": "Microsoft.Windows.Remediation", "EventData.FileName": null, "EventData.ErrorCode": "3221225525", "EventData.LoggingMode": "268460034"}
{"EventID": "2", "Channel": "Microsoft-Windows-Kernel-EventTracing/Admin", "Provider_Name": "Microsoft-Windows-Kernel-EventTracing", "Computer": "DESKTOP-OFJ6N53", "TimeCreated": "2023-02-13 06:16:47.016928+00:00", "RecordID": "206", "Level": "2", "UserID": "S-1-5-18", "EventData.SessionName": "Microsoft.Windows.WindowsUpdate.RUXIMLog", "EventData.FileName": null, "EventData.ErrorCode": "3221225525", "EventData.LoggingMode": "268460034"}
{"EventID": "1", "Channel": "Microsoft-Windows-Kernel-EventTracing/Admin", "Provider_Name": "Microsoft-Windows-Kernel-EventTracing", "Computer": "DESKTOP-OFJ6N53", "TimeCreated": "2023-02-14 14:07:40.229921+00:00", "RecordID": "207", "Level": "3", "UserID": "S-1-5-18", "EventData.SessionName": "DefenderApiLogger", "EventData.ErrorCode": "3221225864", "EventData.LoggingMode": "411042176"}
{"EventID": "1", "Channel": "Microsoft-Windows-Kernel-EventTracing/Admin", "Provider_Name": "Microsoft-Windows-Kernel-EventTracing", "Computer": "DESKTOP-OFJ6N53", "TimeCreated": "2023-02-15 12:30:20.287100+00:00", "RecordID": "208", "Level": "3", "UserID": "S-1-5-18", "EventData.SessionName": "DefenderApiLogger", "EventData.ErrorCode": "3221225864", "EventData.LoggingMode": "411042176"}
{"EventID": "1", "Channel": "Microsoft-Windows-Kernel-EventTracing/Admin", "Provider_Name": "Microsoft-Windows-Kernel-EventTracing", "Computer": "DESKTOP-OFJ6N53", "TimeCreated": "2023-02-15 19:09:49.734966+00:00", "RecordID": "209", "Level": "3", "UserID": "S-1-5-18", "EventData.SessionName": "DefenderApiLogger", "EventData.ErrorCode": "3221225864", "EventData.LoggingMode": "411042176"}
{"EventID": "2", "Channel": "Microsoft-Windows-Kernel-EventTracing/Admin", "Provider_Name": "Microsoft-Windows-Kernel-EventTracing", "Computer": "DESKTOP-OFJ6N53", "TimeCreated": "2023-02-16 01:21:17.468357+00:00", "RecordID": "210", "Level": "2", "UserID": "S-1-5-18", "EventData.SessionName": "PerfDiag Logger", "EventData.FileName": null, "EventData.ErrorCode": "3221225525", "EventData.LoggingMode": "8388736"}
{"EventID": "1", "Channel": "Microsoft-Windows-Kernel-EventTracing/Admin", "Provider_Name": "Microsoft-Windows-Kernel-EventTracing", "Computer": "DESKTOP-OFJ6N53", "TimeCreated": "2023-02-16 01:24:14.709867+00:00", "RecordID": "211", "Level": "3", "UserID": "S-1-5-18", "EventData.SessionName": "DefenderApiLogger", "EventData.ErrorCode": "3221225864", "EventData.LoggingMode": "411042176"}
{"EventID": "2", "Channel": "Microsoft-Windows-Kernel-EventTracing/Admin", "Provider_Name": "Microsoft-Windows-Kernel-EventTracing", "Computer": "DESKTOP-OFJ6N53", "TimeCreated": "2023-02-16 19:24:41.209129+00:00", "RecordID": "212", "Level": "2", "UserID": "S-1-5-18", "EventData.SessionName": "Microsoft.Windows.Remediation", "EventData.FileName": null, "EventData.ErrorCode": "3221225525", "EventData.LoggingMode": "268460034"}
{"EventID": "2", "Channel": "Microsoft-Windows-Kernel-EventTracing/Admin", "Provider_Name": "Microsoft-Windows-Kernel-EventTracing", "Computer": "DESKTOP-OFJ6N53", "TimeCreated": "2023-02-17 06:10:03.286129+00:00", "RecordID": "213", "Level": "2", "UserID": "S-1-5-18", "EventData.SessionName": "Microsoft.Windows.WindowsUpdate.RUXIMLog", "EventData.FileName": null, "EventData.ErrorCode": "3221225525", "EventData.LoggingMode": "268460034"}
{"EventID": "2", "Channel": "Microsoft-Windows-Kernel-EventTracing/Admin", "Provider_Name": "Microsoft-Windows-Kernel-EventTracing", "Computer": "DESKTOP-OFJ6N53", "TimeCreated": "2023-02-19 00:04:50.591967+00:00", "RecordID": "214", "Level": "2", "UserID": "S-1-5-18", "EventData.SessionName": "Microsoft.Windows.Remediation", "EventData.FileName": null, "EventData.ErrorCode": "3221225525", "EventData.LoggingMode": "268460034"}
{"EventID": "2", "Channel": "Microsoft-Windows-Kernel-EventTracing/Admin", "Provider_Name": "Microsoft-Windows-Kernel-EventTracing", "Computer": "DESKTOP-OFJ6N53", "TimeCreated": "2023-02-21 09:02:57.474720+00:00", "RecordID": "215", "Level": "2", "UserID": "S-1-5-18", "EventData.SessionName": "Microsoft.Windows.WindowsUpdate.RUXIMLog", "EventData.FileName": null, "EventData.ErrorCode": "3221225525", "EventData.LoggingMode": "268460034"}
{"EventID": "2", "Channel": "Microsoft-Windows-Kernel-EventTracing/Admin", "Provider_Name": "Microsoft-Windows-Kernel-EventTracing", "Computer": "DESKTOP-OFJ6N53", "TimeCreated": "2023-02-24 07:25:01.291916+00:00", "RecordID": "216", "Level": "2", "UserID": "S-1-5-18", "EventData.SessionName": "Microsoft.Windows.Remediation", "EventData.FileName": null, "EventData.ErrorCode": "3221225525", "EventData.LoggingMode": "268460034"}
{"EventID": "2", "Channel": "Microsoft-Windows-Kernel-EventTracing/Admin", "Provider_Name": "Microsoft-Windows-Kernel-EventTracing", "Computer": "DESKTOP-OFJ6N53", "TimeCreated": "2023-02-25 08:11:30.497877+00:00", "RecordID": "217", "Level": "2", "UserID": "S-1-5-18", "EventData.SessionName": "Microsoft.Windows.WindowsUpdate.RUXIMLog", "EventData.FileName": null, "EventData.ErrorCode": "3221225525", "EventData.LoggingMode": "268460034"}
{"EventID": "2", "Channel": "Microsoft-Windows-Kernel-EventTracing/Admin", "Provider_Name": "Microsoft-Windows-Kernel-EventTracing", "Computer": "DESKTOP-OFJ6N53", "TimeCreated": "2023-02-26 02:05:25.047794+00:00", "RecordID": "218", "Level": "2", "UserID": "S-1-5-18", "EventData.SessionName": "Microsoft.Windows.Remediation", "EventData.FileName": null, "EventData.ErrorCode": "3221225525", "EventData.LoggingMode": "268460034"}
{"EventID": "1", "Channel": "Microsoft-Windows-Kernel-EventTracing/Admin", "Provider_Name": "Microsoft-Windows-Kernel-EventTracing", "Computer": "DESKTOP-OFJ6N53", "TimeCreated": "2023-02-27 19:06:26.682962+00:00", "RecordID": "219", "Level": "3", "UserID": "S-1-5-18", "EventData.SessionName": "DefenderApiLogger", "EventData.ErrorCode": "3221225864", "EventData.LoggingMode": "411042176"}
{"EventID": "2", "Channel": "Microsoft-Windows-Kernel-EventTracing/Admin", "Provider_Name": "Microsoft-Windows-Kernel-EventTracing", "Computer": "DESKTOP-OFJ6N53", "TimeCreated": "2023-03-01 07:20:53.015291+00:00", "RecordID": "220", "Level": "2", "UserID": "S-1-5-18", "EventData.SessionName": "Microsoft.Windows.WindowsUpdate.RUXIMLog", "EventData.FileName": null, "EventData.ErrorCode": "3221225525", "EventData.LoggingMode": "268460034"}
{"EventID": "2", "Channel": "Microsoft-Windows-Kernel-EventTracing/Admin", "Provider_Name": "Microsoft-Windows-Kernel-EventTracing", "Computer": "DESKTOP-OFJ6N53", "TimeCreated": "2023-03-03 13:06:44.916302+00:00", "RecordID": "221", "Level": "2", "UserID": "S-1-5-18", "EventData.SessionName": "Microsoft.Windows.Remediation", "EventData.FileName": null, "EventData.ErrorCode": "3221225525", "EventData.LoggingMode": "268460034"}
{"EventID": "2", "Channel": "Microsoft-Windows-Kernel-EventTracing/Admin", "Provider_Name": "Microsoft-Windows-Kernel-EventTracing", "Computer": "DESKTOP-OFJ6N53", "TimeCreated": "2023-03-05 01:43:20.388573+00:00", "RecordID": "222", "Level": "2", "UserID": "S-1-5-18", "EventData.SessionName": "Microsoft.Windows.Remediation", "EventData.FileName": null, "EventData.ErrorCode": "3221225525", "EventData.LoggingMode": "268460034"}
{"EventID": "2", "Channel": "Microsoft-Windows-Kernel-EventTracing/Admin", "Provider_Name": "Microsoft-Windows-Kernel-EventTracing", "Computer": "DESKTOP-OFJ6N53", "TimeCreated": "2023-03-05 06:03:35.877380+00:00", "RecordID": "223", "Level": "2", "UserID": "S-1-5-18", "EventData.SessionName": "Microsoft.Windows.WindowsUpdate.RUXIMLog", "EventData.FileName": null, "EventData.ErrorCode": "3221225525", "EventData.LoggingMode": "268460034"}
{"EventID": "1", "Channel": "Microsoft-Windows-Kernel-EventTracing/Admin", "Provider_Name": "Microsoft-Windows-Kernel-EventTracing", "Computer": "DESKTOP-OFJ6N53", "TimeCreated": "2023-03-06 08:59:25.789909+00:00", "RecordID": "224", "Level": "3", "UserID": "S-1-5-18", "EventData.SessionName": "DefenderApiLogger", "EventData.ErrorCode": "3221225864", "EventData.LoggingMode": "411042176"}
{"EventID": "2", "Channel": "Microsoft-Windows-Kernel-EventTracing/Admin", "Provider_Name": "Microsoft-Windows-Kernel-EventTracing", "Computer": "DESKTOP-OFJ6N53", "TimeCreated": "2023-03-09 08:30:11.621025+00:00", "RecordID": "225", "Level": "2", "UserID": "S-1-5-18", "EventData.SessionName": "Microsoft.Windows.WindowsUpdate.RUXIMLog", "EventData.FileName": null, "EventData.ErrorCode": "3221225525", "EventData.LoggingMode": "268460034"}
{"EventID": "2", "Channel": "Microsoft-Windows-Kernel-EventTracing/Admin", "Provider_Name": "Microsoft-Windows-Kernel-EventTracing", "Computer": "DESKTOP-OFJ6N53", "TimeCreated": "2023-03-11 06:04:06.531763+00:00", "RecordID": "226", "Level": "2", "UserID": "S-1-5-18", "EventData.SessionName": "Microsoft.Windows.Remediation", "EventData.FileName": null, "EventData.ErrorCode": "3221225525", "EventData.LoggingMode": "268460034"}
{"EventID": "2", "Channel": "Microsoft-Windows-Kernel-EventTracing/Admin", "Provider_Name": "Microsoft-Windows-Kernel-EventTracing", "Computer": "DESKTOP-OFJ6N53", "TimeCreated": "2023-03-12 01:15:39.621107+00:00", "RecordID": "227", "Level": "2", "UserID": "S-1-5-18", "EventData.SessionName": "Microsoft.Windows.Remediation", "EventData.FileName": null, "EventData.ErrorCode": "3221225525", "EventData.LoggingMode": "268460034"}
{"EventID": "2", "Channel": "Microsoft-Windows-Kernel-EventTracing/Admin", "Provider_Name": "Microsoft-Windows-Kernel-EventTracing", "Computer": "DESKTOP-OFJ6N53", "TimeCreated": "2023-03-13 06:36:38.666025+00:00", "RecordID": "228", "Level": "2", "UserID": "S-1-5-18", "EventData.SessionName": "Microsoft.Windows.WindowsUpdate.RUXIMLog", "EventData.FileName": null, "EventData.ErrorCode": "3221225525", "EventData.LoggingMode": "268460034"}
{"EventID": "1", "Channel": "Microsoft-Windows-Kernel-EventTracing/Admin", "Provider_Name": "Microsoft-Windows-Kernel-EventTracing", "Computer": "DESKTOP-OFJ6N53", "TimeCreated": "2023-03-15 16:23:23.797453+00:00", "RecordID": "229", "Level": "3", "UserID": "S-1-5-18", "EventData.SessionName": "DefenderApiLogger", "EventData.ErrorCode": "3221225864", "EventData.LoggingMode": "411042176"}
{"EventID": "1", "Channel": "Microsoft-Windows-Kernel-EventTracing/Admin", "Provider_Name": "Microsoft-Windows-Kernel-EventTracing", "Computer": "DESKTOP-OFJ6N53", "TimeCreated": "2023-03-15 22:02:50.835917+00:00", "RecordID": "230", "Level": "3", "UserID": "S-1-5-18", "EventData.SessionName": "DefenderApiLogger", "EventData.ErrorCode": "3221225864", "EventData.LoggingMode": "411042176"}
{"EventID": "2", "Channel": "Microsoft-Windows-Kernel-EventTracing/Admin", "Provider_Name": "Microsoft-Windows-Kernel-EventTracing", "Computer": "DESKTOP-OFJ6N53", "TimeCreated": "2023-03-17 07:35:02.473129+00:00", "RecordID": "231", "Level": "2", "UserID": "S-1-5-18", "EventData.SessionName": "Microsoft.Windows.WindowsUpdate.RUXIMLog", "EventData.FileName": null, "EventData.ErrorCode": "3221225525", "EventData.LoggingMode": "268460034"}
{"EventID": "2", "Channel": "Microsoft-Windows-Kernel-EventTracing/Admin", "Provider_Name": "Microsoft-Windows-Kernel-EventTracing", "Computer": "DESKTOP-OFJ6N53", "TimeCreated": "2023-03-18 22:03:48.706141+00:00", "RecordID": "232", "Level": "2", "UserID": "S-1-5-18", "EventData.SessionName": "Microsoft.Windows.Remediation", "EventData.FileName": null, "EventData.ErrorCode": "3221225525", "EventData.LoggingMode": "268460034"}
{"EventID": "1", "Channel": "Microsoft-Windows-Kernel-EventTracing/Admin", "Provider_Name": "Microsoft-Windows-Kernel-EventTracing", "Computer": "DESKTOP-OFJ6N53", "TimeCreated": "2023-03-19 01:06:58.090366+00:00", "RecordID": "233", "Level": "3", "UserID": "S-1-5-18", "EventData.SessionName": "DefenderApiLogger", "EventData.ErrorCode": "3221225864", "EventData.LoggingMode": "411042176"}
{"EventID": "1", "Channel": "Microsoft-Windows-Kernel-EventTracing/Admin", "Provider_Name": "Microsoft-Windows-Kernel-EventTracing", "Computer": "DESKTOP-OFJ6N53", "TimeCreated": "2023-03-20 08:29:48.944403+00:00", "RecordID": "234", "Level": "3", "UserID": "S-1-5-18", "EventData.SessionName": "DefenderApiLogger", "EventData.ErrorCode": "3221225864", "EventData.LoggingMode": "411042176"}
{"EventID": "2", "Channel": "Microsoft-Windows-Kernel-EventTracing/Admin", "Provider_Name": "Microsoft-Windows-Kernel-EventTracing", "Computer": "DESKTOP-OFJ6N53", "TimeCreated": "2023-03-21 08:26:10.691267+00:00", "RecordID": "235", "Level": "2", "UserID": "S-1-5-18", "EventData.SessionName": "Microsoft.Windows.WindowsUpdate.RUXIMLog", "EventData.FileName": null, "EventData.ErrorCode": "3221225525", "EventData.LoggingMode": "268460034"}
