{"EventID": "614", "Channel": "Microsoft-Windows-AppXDeploymentServer/Operational", "Provider_Name": "Microsoft-Windows-AppXDeployment-Server", "Computer": "DESKTOP-OFJ6N53", "TimeCreated": "2025-08-08 17:16:19.803320+00:00", "RecordID": "115471", "Level": "5", "UserID": "S-1-5-21-963789628-1060504924-4285088085-1001", "EventData.PathOne": "C:\\Program Files\\WindowsApps\\Microsoft.MicrosoftOfficeHub_2025.801.1334.0_neutral_~_8wekyb3d8bbwe\\AppxMetadata\\AppxBundleManifest.xml", "EventData.PathTwo": "\"OfficeApp_19.2508.31121.0_x64.msix\": Microsoft.MicrosoftOfficeHub_19.2508.31121.0_x64__8wekyb3d8bbwe \"OfficeApp_19.2508.31121.0_ARM64.msix\": Microsoft.MicrosoftOfficeHub_19.2508.31121.0_arm64__8wekyb3d8bbwe \"OfficeApp_19.2508.31121.0_language-af.msix\": Microsoft.MicrosoftOfficeHub_19.2508.31121.0_neutral_split.language-af_8wekyb3d8bbwe \"OfficeApp_19.2508.31121.0_language-am.msix\": Microsoft.MicrosoftOfficeHub_19.2508.31121.0_neutral_split.language-am_8wekyb3d8bbwe \"OfficeApp_19.2508.31121.0_language-ar.msix\": Microsoft.MicrosoftOfficeHub_19.2508.31121.0_neutral_split.language-ar_8wekyb3d8bbwe \"OfficeApp_19.2508.31121.0_language-as.msix\": Microsoft.MicrosoftOfficeHub_19.2508.31121.0_neutral_split.language-as_8wekyb3d8bbwe \"OfficeApp_19.2508.31121.0_language-az-latn.msix\": Microsoft.MicrosoftOfficeHub_19.2508.31121.0_neutral_split.language-az-latn_8wekyb3d8bbwe \"OfficeApp_19.2508.31121.0_language-bg.msix\": Microsoft.MicrosoftOfficeHub_19.2508.31121.0_neutral_split.language-bg_8wekyb3d8bbwe \"OfficeApp_19.2508.31121.0_language-bn.msix\": Microsoft.MicrosoftOfficeHub_19.2508.31121.0_neutral_split.language-bn_8wekyb3d8bbwe \"OfficeApp_19.2508.31121.0_language-bs.msix\": Microsoft.MicrosoftOfficeHub_19.2508.31121.0_neutral_split.language-bs_8wekyb3d8bbwe \"OfficeApp_19.2508.31121.0_language-ca.msix\": Microsoft.MicrosoftOfficeHub_19.2508.31121.0_neutral_split.language-ca_8wekyb3d8bbwe \"OfficeApp_19.2508.31121.0_language-cs.msix\": Microsoft.MicrosoftOfficeHub_19.2508.31121.0_neutral_split.language-cs_8wekyb3d8bbwe \"OfficeApp_19.2508.31121.0_language-cy.msix\": Microsoft.MicrosoftOfficeHub_19.2508.31121.0_neutral_split.language-cy_8wekyb3d8bbwe \"OfficeApp_19.2508.31121.0_language-da.msix\": Microsoft.MicrosoftOfficeHub_19.2508.31121.0_neutral_split.language-da_8wekyb3d8bbwe \"OfficeApp_19.2508.31121.0_language-de.msix\": Microsoft.MicrosoftOfficeHub_19.2508.31121.0_neutral_split.language-de_8wekyb3d8bbwe \"OfficeApp_19.2508.31121.0_language-el.msix\": Microsoft.MicrosoftOfficeHub_19.2508.31121.0_neutral_split.language-el_8wekyb3d8bbwe \"OfficeApp_19.2508.31121.0_language-es.msix\": Microsoft.MicrosoftOfficeHub_19.2508.31121.0_neutral_split.language-es_8wekyb3d8bbwe \"OfficeApp_19.2508.31121.0_language-et.msix\": Microsoft.MicrosoftOfficeHub_19.2508.31121.0_neutral_split.language-et_8wekyb3d8bbwe \"OfficeApp_19.2508.31121.0_language-eu.msix\": Microsoft.MicrosoftOfficeHub_19.2508.31121.0_neutral_split.language-eu_8wekyb3d8bbwe \"OfficeApp_19.2508.31121.0_language-fa.msix\": Microsoft.MicrosoftOfficeHub_19.2508.31121.0_neutral_split.language-fa_8wekyb3d8bbwe \"OfficeApp_19.2508.31121.0_language-fi.msix\": Microsoft.MicrosoftOfficeHub_19.2508.31121.0_neutral_split.language-fi_8wekyb3d8bbwe \"OfficeApp_19.2508.31121.0_language-fil-latn.msix\": Microsoft.MicrosoftOfficeHub_19.2508.31121.0_neutral_split.language-fil-latn_8wekyb3d8bbwe \"OfficeApp_19.2508.31121.0_language-fr.msix\": Microsoft.MicrosoftOfficeHub_19.2508.31121.0_neutral_split.language-fr_8wekyb3d8bbwe \"OfficeApp_19.2508.31121.0_language-ga.msix\": Microsoft.MicrosoftOfficeHub_19.2508.31121.0_neutral_split.language-ga_8wekyb3d8bbwe \"OfficeApp_19.2508.31121.0_language-gd-latn.msix\": Microsoft.MicrosoftOfficeHub_19.2508.31121.0_neutral_split.language-gd-latn_8wekyb3d8bbwe \"OfficeApp_19.2508.31121.0_language-gl.msix\": Microsoft.MicrosoftOfficeHub_19.2508.31121.0_neutral_split.language-gl_8wekyb3d8bbwe \"OfficeApp_19.2508.31121.0_language-gu.msix\": Microsoft.MicrosoftOfficeHub_19.2508.31121.0_neutral_split.language-gu_8wekyb3d8bbwe \"OfficeApp_19.2508.31121.0_language-he.msix\": Microsoft.MicrosoftOfficeHub_19.2508.31121.0_neutral_split.language-he_8wekyb3d8bbwe \"OfficeApp_19.2508.31121.0_language-hi.msix\": Microsoft.MicrosoftOfficeHub_19.2508.31121.0_neutral_split.language-hi_8wekyb3d8bbwe \"OfficeApp_19.2508.31121.0_language-hr.msix\": Microsoft.MicrosoftOfficeHub_19.2508.31121.0_neutral_split.language-hr_8wekyb3d8bbwe \"OfficeApp_19.2508.31121.0_language-hu.msix\": Microsoft.MicrosoftOfficeHub_19.2508.31121.0_neutral_split.language-hu_8wekyb3d8bbwe \"OfficeApp_19.2508.31121.0_language-id.msix\": Microsoft.MicrosoftOfficeHub_19.2508.31121.0_neutral_split.language-id_8wekyb3d8bbwe \"OfficeApp_19.2508.31121.0_language-is.msix\": Microsoft.MicrosoftOfficeHub_19.2508.31121.0_neutral_split.language-is_8wekyb3d8bbwe \"OfficeApp_19.2508.31121.0_language-it.msix\": Microsoft.MicrosoftOfficeHub_19.2508.31121.0_neutral_split.language-it_8wekyb3d8bbwe \"OfficeApp_19.2508.31121.0_language-ja.msix\": Microsoft.MicrosoftOfficeHub_19.2508.31121.0_neutral_split.language-ja_8wekyb3d8bbwe \"OfficeApp_19.2508.31121.0_language-ka.msix\": Microsoft.MicrosoftOfficeHub_19.2508.31121.0_neutral_split.language-ka_8wekyb3d8bbwe \"OfficeApp_19.2508.31121.0_language-kk.msix\": Microsoft.MicrosoftOfficeHub_19.2508.31121.0_neutral_split.language-kk_8wekyb3d8bbwe \"OfficeApp_19.2508.31121.0_language-km.msix\": Microsoft.MicrosoftOfficeHub_19.2508.31121.0_neutral_split.language-km_8wekyb3d8bbwe \"OfficeApp_19.2508.31121.0_language-kn.msix\": Microsoft.MicrosoftOfficeHub_19.2508.31121.0_neutral_split.language-kn_8wekyb3d8bbwe \"OfficeApp_19.2508.31121.0_language-ko.msix\": Microsoft.MicrosoftOfficeHub_19.2508.31121.0_neutral_split.language-ko_8wekyb3d8bbwe \"OfficeApp_19.2508.31121.0_language-kok.msix\": Microsoft.MicrosoftOfficeHub_19.2508.31121.0_neutral_split.language-kok_8wekyb3d8bbwe \"OfficeApp_19.2508.31121.0_language-lb.msix\": Microsoft.MicrosoftOfficeHub_19.2508.31121.0_neutral_split.language-lb_8wekyb3d8bbwe \"OfficeApp_19.2508.31121.0_language-lo.msix\": Microsoft.MicrosoftOfficeHub_19.2508.31121.0_neutral_split.language-lo_8wekyb3d8bbwe \"OfficeApp_19.2508.31121.0_language-lt.msix\": Microsoft.MicrosoftOfficeHub_19.2508.31121.0_neutral_split.language-lt_8wekyb3d8bbwe \"OfficeApp_19.2508.31121.0_language-lv.msix\": Microsoft.MicrosoftOfficeHub_19.2508.31121.0_neutral_split.language-lv_8wekyb3d8bbwe \"OfficeApp_19.2508.31121.0_language-mi-latn.msix\": Microsoft.MicrosoftOfficeHub_19.2508.31121.0_neutral_split.language-mi-latn_8wekyb3d8bbwe \"OfficeApp_19.2508.31121.0_language-mk.msix\": Microsoft.MicrosoftOfficeHub_19.2508.31121.0_neutral_split.language-mk_8wekyb3d8bbwe \"OfficeApp_19.2508.31121.0_language-ml.msix\": Microsoft.MicrosoftOfficeHub_19.2508.31121.0_neutral_split.language-ml_8wekyb3d8bbwe \"OfficeApp_19.2508.31121.0_language-mr.msix\": Microsoft.MicrosoftOfficeHub_19.2508.31121.0_neutral_split.language-mr_8wekyb3d8bbwe \"OfficeApp_19.2508.31121.0_language-ms.msix\": Microsoft.MicrosoftOfficeHub_19.2508.31121.0_neutral_split.language-ms_8wekyb3d8bbwe \"OfficeApp_19.2508.31121.0_language-mt.msix\": Microsoft.MicrosoftOfficeHub_19.2508.31121.0_neutral_split.language-mt_8wekyb3d8bbwe \"OfficeApp_19.2508.31121.0_language-nb.msix\": Microsoft.MicrosoftOfficeHub_19.2508.31121.0_neutral_split.language-nb_8wekyb3d8bbwe \"OfficeApp_19.2508.31121.0_language-ne.msix\": Microsoft.MicrosoftOfficeHub_19.2508.31121.0_neutral_split.language-ne_8wekyb3d8bbwe \"OfficeApp_19.2508.31121.0_language-nl.msix\": Microsoft.MicrosoftOfficeHub_19.2508.31121.0_neutral_split.language-nl_8wekyb3d8bbwe \"OfficeApp_19.2508.31121.0_language-nn.msix\": Microsoft.MicrosoftOfficeHub_19.2508.31121.0_neutral_split.language-nn_8wekyb3d8bbwe \"OfficeApp_19.2508.31121.0_language-or.msix\": Microsoft.MicrosoftOfficeHub_19.2508.31121.0_neutral_split.language-or_8wekyb3d8bbwe \"OfficeApp_19.2508.31121.0_language-pa.msix\": Microsoft.MicrosoftOfficeHub_19.2508.31121.0_neutral_split.language-pa_8wekyb3d8bbwe \"OfficeApp_19.2508.31121.0_language-pl.msix\": Microsoft.MicrosoftOfficeHub_19.2508.31121.0_neutral_split.language-pl_8wekyb3d8bbwe \"OfficeApp_19.2508.31121.0_language-pt.msix\": Microsoft.MicrosoftOfficeHub_19.2508.31121.0_neutral_split.language-pt_8wekyb3d8bbwe \"OfficeApp_19.2508.31121.0_language-quz-latn.msix\": Microsoft.MicrosoftOfficeHub_19.2508.31121.0_neutral_split.language-quz-latn_8wekyb3d8bbwe \"OfficeApp_19.2508.31121.0_language-ro.msix\": Microsoft.MicrosoftOfficeHub_19.2508.31121.0_neutral_split.language-ro_8wekyb3d8bbwe \"OfficeApp_19.2508.31121.0_language-ru.msix\": Microsoft.MicrosoftOfficeHub_19.2508.31121.0_neutral_split.language-ru_8wekyb3d8bbwe \"OfficeApp_19.2508.31121.0_language-sk.msix\": Microsoft.MicrosoftOfficeHub_19.2508.31121.0_neutral_split.language-sk_8wekyb3d8bbwe \"OfficeApp_19.2508.31121.0_language-sl.msix\": Microsoft.MicrosoftOfficeHub_19.2508.31121.0_neutral_split.language-sl_8wekyb3d8bbwe \"OfficeApp_19.2508.31121.0_language-sq.msix\": Microsoft.MicrosoftOfficeHub_19.2508.31121.0_neutral_split.language-sq_8wekyb3d8bbwe \"OfficeApp_19.2508.31121.0_language-sr-cyrl.msix\": Microsoft.MicrosoftOfficeHub_19.2508.31121.0_neutral_split.language-sr-cyrl_8wekyb3d8bbwe \"OfficeApp_19.2508.31121.0_language-sr-latn.msix\": Microsoft.MicrosoftOfficeHub_19.2508.31121.0_neutral_split.language-sr-latn_8wekyb3d8bbwe \"OfficeApp_19.2508.31121.0_language-sv.msix\": Microsoft.MicrosoftOfficeHub_19.2508.31121.0_neutral_split.language-sv_8wekyb3d8bbwe \"OfficeApp_19.2508.31121.0_language-ta.msix\": Microsoft.MicrosoftOfficeHub_19.2508.31121.0_neutral_split.language-ta_8wekyb3d8bbwe \"OfficeApp_19.2508.31121.0_language-te.msix\": Microsoft.MicrosoftOfficeHub_19.2508.31121.0_neutral_split.language-te_8wekyb3d8bbwe \"OfficeApp_19.2508.31121.0_language-th.msix\": Microsoft.MicrosoftOfficeHub_19.2508.31121.0_neutral_split.language-th_8wekyb3d8bbwe \"OfficeApp_19.2508.31121.0_language-tr.msix\": Microsoft.MicrosoftOfficeHub_19.2508.31121.0_neutral_split.language-tr_8wekyb3d8bbwe \"OfficeApp_19.2508.31121.0_language-tt-cyrl.msix\": Microsoft.MicrosoftOfficeHub_19.2508.31121.0_neutral_split.language-tt-cyrl_8wekyb3d8bbwe \"OfficeApp_19.2508.31121.0_language-ug-arab.msix\": Microsoft.MicrosoftOfficeHub_19.2508.31121.0_neutral_split.language-ug-arab_8wekyb3d8bbwe \"OfficeApp_19.2508.31121.0_language-uk.msix\": Microsoft.MicrosoftOfficeHub_19.2508.31121.0_neutral_split.language-uk_8wekyb3d8bbwe \"OfficeApp_19.2508.31121.0_language-ur.msix\": Microsoft.MicrosoftOfficeHub_19.2508.31121.0_neutral_split.language-ur_8wekyb3d8bbwe \"OfficeApp_19.2508.31121.0_language-vi.msix\": Microsoft.MicrosoftOfficeHub_19.2508.31121.0_neutral_split.language-vi_8wekyb3d8bbwe \"OfficeApp_19.2508.31121.0_language-zh-hans.msix\": Microsoft.MicrosoftOfficeHub_19.2508.31121.0_neutral_split.language-zh-hans_8wekyb3d8bbwe \"OfficeApp_19.2508.31121.0_language-zh-hant.msix\": Microsoft.MicrosoftOfficeHub_19.2508.31121.0_neutral_split.language-zh-hant_8wekyb3d8bbwe \"OfficeApp_19.2508.31121.0_scale-100.msix\": Microsoft.MicrosoftOfficeHub_19.2508.31121.0_neutral_split.scale-100_8wekyb3d8bbwe \"OfficeApp_19.2508.31121.0_scale-125.msix\": Microsoft.MicrosoftOfficeHub_19.2508.31121.0_neutral_split.scale-125_8wekyb3d8bbwe \"OfficeApp_19.2508.31121.0_scale-140.msix\": Microsoft.MicrosoftOfficeHub_19.2508.31121.0_neutral_split.scale-140_8wekyb3d8bbwe \"OfficeApp_19.2508.31121.0_scale-150.msix\": Microsoft.MicrosoftOfficeHub_19.2508.31121.0_neutral_split.scale-150_8wekyb3d8bbwe \"OfficeApp_19.2508.31121.0_scale-180.msix\": Microsoft.MicrosoftOfficeHub_19.2508.31121.0_neutral_split.scale-180_8wekyb3d8bbwe \"OfficeApp_19.2508.31121.0_scale-300.msix\": Microsoft.MicrosoftOfficeHub_19.2508.31121.0_neutral_split.scale-300_8wekyb3d8bbwe \"OfficeApp_19.2508.31121.0_scale-400.msix\": Microsoft.MicrosoftOfficeHub_19.2508.31121.0_neutral_split.scale-400_8wekyb3d8bbwe"}
{"EventID": "854", "Channel": "Microsoft-Windows-AppXDeploymentServer/Operational", "Provider_Name": "Microsoft-Windows-AppXDeployment-Server", "Computer": "DESKTOP-OFJ6N53", "TimeCreated": "2025-08-08 17:16:19.812828+00:00", "RecordID": "115472", "Level": "4", "UserID": "S-1-5-21-963789628-1060504924-4285088085-1001", "EventData.Path": "C:\\Program Files\\WindowsApps\\Microsoft.MicrosoftOfficeHub_2025.801.1334.0_neutral_~_8wekyb3d8bbwe\\AppxMetadata\\AppxBundleManifest.xml C:\\Program Files\\WindowsApps\\Microsoft.MicrosoftOfficeHub_19.2508.31121.0_x64__8wekyb3d8bbwe\\AppxManifest.xml C:\\Program Files\\WindowsApps\\Microsoft.MicrosoftOfficeHub_19.2508.31121.0_neutral_split.language-ru_8wekyb3d8bbwe\\AppxManifest.xml C:\\Program Files\\WindowsApps\\Microsoft.MicrosoftOfficeHub_19.2508.31121.0_neutral_split.scale-125_8wekyb3d8bbwe\\AppxManifest.xml C:\\Program Files\\WindowsApps\\Microsoft.MicrosoftOfficeHub_19.2508.31121.0_neutral_split.scale-100_8wekyb3d8bbwe\\AppxManifest.xml"}
{"EventID": "855", "Channel": "Microsoft-Windows-AppXDeploymentServer/Operational", "Provider_Name": "Microsoft-Windows-AppXDeployment-Server", "Computer": "DESKTOP-OFJ6N53", "TimeCreated": "2025-08-08 17:16:20.166046+00:00", "RecordID": "115473", "Level": "4", "UserID": "S-1-5-21-963789628-1060504924-4285088085-1001", "EventData.PackageMoniker": "updateList: Microsoft.MicrosoftOfficeHub_2025.729.2200.0_neutral_~_8wekyb3d8bbwe is updating to Microsoft.MicrosoftOfficeHub_2025.801.1334.0_neutral_~_8wekyb3d8bbwe Microsoft.MicrosoftOfficeHub_19.2507.59091.0_x64__8wekyb3d8bbwe is updating to Microsoft.MicrosoftOfficeHub_19.2508.31121.0_x64__8wekyb3d8bbwe Microsoft.MicrosoftOfficeHub_19.2507.59091.0_neutral_split.language-ru_8wekyb3d8bbwe is updating to Microsoft.MicrosoftOfficeHub_19.2508.31121.0_neutral_split.language-ru_8wekyb3d8bbwe Microsoft.MicrosoftOfficeHub_19.2507.59091.0_neutral_split.scale-125_8wekyb3d8bbwe is updating to Microsoft.MicrosoftOfficeHub_19.2508.31121.0_neutral_split.scale-125_8wekyb3d8bbwe Microsoft.MicrosoftOfficeHub_19.2507.59091.0_neutral_split.scale-100_8wekyb3d8bbwe is updating to Microsoft.MicrosoftOfficeHub_19.2508.31121.0_neutral_split.scale-100_8wekyb3d8bbwe"}
{"EventID": "9645", "Channel": "Microsoft-Windows-AppXDeploymentServer/Operational", "Provider_Name": "Microsoft-Windows-AppXDeployment-Server", "Computer": "DESKTOP-OFJ6N53", "TimeCreated": "2025-08-08 17:16:22.022621+00:00", "RecordID": "115474", "Level": "5", "UserID": "S-1-5-21-963789628-1060504924-4285088085-1001", "EventData.ErrorCode": "0x00000000", "EventData.String": "Microsoft.MicrosoftOfficeHub_19.2507.59091.0_x64__8wekyb3d8bbwe"}
{"EventID": "638", "Channel": "Microsoft-Windows-AppXDeploymentServer/Operational", "Provider_Name": "Microsoft-Windows-AppXDeployment-Server", "Computer": "DESKTOP-OFJ6N53", "TimeCreated": "2025-08-08 17:16:22.023455+00:00", "RecordID": "115475", "Level": "4", "UserID": "S-1-5-21-963789628-1060504924-4285088085-1001", "EventData.runningAppsList": "Microsoft.MicrosoftOfficeHub_8wekyb3d8bbwe!Microsoft.MicrosoftOfficeHub", "EventData.directlyServicedPackagesList": "Microsoft.MicrosoftOfficeHub_19.2507.59091.0_x64__8wekyb3d8bbwe Microsoft.MicrosoftOfficeHub_19.2508.31121.0_x64__8wekyb3d8bbwe", "EventData.indirectlyServicedPackagesList": "NULL", "EventData.numAttempts": "1", "EventData.isSessionLocked": "True"}
{"EventID": "10000", "Channel": "Microsoft-Windows-AppXDeploymentServer/Operational", "Provider_Name": "Microsoft-Windows-AppXDeployment-Server", "Computer": "DESKTOP-OFJ6N53", "TimeCreated": "2025-08-08 17:16:22.023918+00:00", "RecordID": "115476", "Level": "5", "UserID": "S-1-5-18", "EventData.PackageFullName": "Microsoft.MicrosoftOfficeHub_19.2508.31121.0_x64__8wekyb3d8bbwe", "EventData.ErrorCode": "0x00000000"}
{"EventID": "419", "Channel": "Microsoft-Windows-AppXDeploymentServer/Operational", "Provider_Name": "Microsoft-Windows-AppXDeployment-Server", "Computer": "DESKTOP-OFJ6N53", "TimeCreated": "2025-08-08 17:16:22.044344+00:00", "RecordID": "115477", "Level": "2", "UserID": "S-1-5-18", "EventData.filename": "Microsoft.MicrosoftOfficeHub_19.2507.59091.0_x64__8wekyb3d8bbwe", "EventData.Error": "0x80073d02"}
{"EventID": "605", "Channel": "Microsoft-Windows-AppXDeploymentServer/Operational", "Provider_Name": "Microsoft-Windows-AppXDeployment-Server", "Computer": "DESKTOP-OFJ6N53", "TimeCreated": "2025-08-08 17:16:22.054432+00:00", "RecordID": "115478", "Level": "4", "UserID": "S-1-5-21-963789628-1060504924-4285088085-1001", "EventData.DeploymentState": "19", "EventData.NextDeploymentState": "20", "EventData.ErrorCode": "0x80073d02"}
{"EventID": "10001", "Channel": "Microsoft-Windows-AppXDeploymentServer/Operational", "Provider_Name": "Microsoft-Windows-AppXDeployment-Server", "Computer": "DESKTOP-OFJ6N53", "TimeCreated": "2025-08-08 17:16:22.165386+00:00", "RecordID": "115479", "Level": "5", "UserID": "S-1-5-18", "EventData.PackageFullName": "Microsoft.MicrosoftOfficeHub_19.2508.31121.0_x64__8wekyb3d8bbwe", "EventData.ErrorCode": "0x00000000"}
{"EventID": "10001", "Channel": "Microsoft-Windows-AppXDeploymentServer/Operational", "Provider_Name": "Microsoft-Windows-AppXDeployment-Server", "Computer": "DESKTOP-OFJ6N53", "TimeCreated": "2025-08-08 17:16:22.165522+00:00", "RecordID": "115480", "Level": "5", "UserID": "S-1-5-18", "EventData.PackageFullName": "Microsoft.MicrosoftOfficeHub_19.2508.31121.0_x64__8wekyb3d8bbwe", "EventData.ErrorCode": "0x00000000"}
{"EventID": "401", "Channel": "Microsoft-Windows-AppXDeploymentServer/Operational", "Provider_Name": "Microsoft-Windows-AppXDeployment-Server", "Computer": "DESKTOP-OFJ6N53", "TimeCreated": "2025-08-08 17:16:22.519547+00:00", "RecordID": "115481", "Level": "2", "UserID": "S-1-5-21-963789628-1060504924-4285088085-1001", "EventData.DeploymentOperation": "6", "EventData.PackageFullName": "Microsoft.MicrosoftOfficeHub_2025.801.1334.0_neutral_~_8wekyb3d8bbwe", "EventData.Path": "(AppxBundleManifest.xml)", "EventData.ErrorCode": "0x80073d02", "EventData.MountPoint": "C:", "EventData.TargetPlatform": "0x00000003", "EventData.SystemVolume": "True", "EventData.StorageId": "\\\\?\\Volume{c33a8663-71a2-4031-8cec-c21914fe12ad}", "EventData.IsCentennial": "False", "EventData.PackageType": "0x00000000", "EventData.IsPackageEncrypted": "False", "EventData.DeploymentOptions": "0x0004000004044800", "EventData.IsStreamingPackage": "False", "EventData.IsInRelatedSet": "False", "EventData.IsPackageUsingBDC": "False", "EventData.MainPackageFamilyName": "NULL", "EventData.CallingProcess": "svchost.exe,wuauserv", "EventData.IsInPlaceUpdate": "0x00000000", "EventData.ErrorFileInfo": "entity-dependencygraph.cpp,576,80070490;dependencygraphtable.cpp,251,80070490;entity-wowdependencygraph.cpp,576,80070490;wowdependencygraphtable.cpp,246,80070490;entity-dependencygraph.cpp,576,80070490;dependencygraphtable.cpp,251,80070490;entity-wowdependencygraph.cpp,576,80070490;wowdependencygraphtable.cpp,246,80070490;entity-dependencygraph.cpp,576,80070490;dependencygraphtable.cpp,251,80070490;entity-wowdependencygraph.cpp,576,80070490;wowdependencygraphtable.cpp,246,80070490;entity-dependencygraph.cpp,576,80070490;dependencygraphtable.cpp,251,80070490;entity-wowdependencygraph.cpp,576,80070490;wowdependencygraphtable.cpp,246,80070490;entity-dependencygraph.cpp,576,80070490;dependencygraphtable.cpp,251,80070490;entity-wowdependencygraph.cpp,576,80070490;wowdependencygraphtable.cpp,246,80070490;deferredregistrationsresolver.cpp,296,80073D02;dependencymanager.cpp,53,80073D02;deploymentmanager.cpp,626,80073D02;pipeline.cpp,132,80073D02;pipeline.cpp,177,80073D02;deploymentrequest.cpp,2041,80073D02;deploymentrequest.cpp,2156,80073D02;deploymentrequest.cpp,4053,80073D02;", "EventData.DetailedMessageInfo": "NULL", "EventData.IsOptional": "0", "EventData.PackageFlags": "0x00000000", "EventData.PackageFlags2": "0x00000000", "EventData.HasWin32alacarte": "False", "EventData.HasFullTrust": "False", "EventData.ExternalLocation": null, "EventData.PackageSourceUri": null}
{"EventID": "404", "Channel": "Microsoft-Windows-AppXDeploymentServer/Operational", "Provider_Name": "Microsoft-Windows-AppXDeployment-Server", "Computer": "DESKTOP-OFJ6N53", "TimeCreated": "2025-08-08 17:16:22.590961+00:00", "RecordID": "115482", "Level": "2", "UserID": "S-1-5-21-963789628-1060504924-4285088085-1001", "EventData.SummaryError": " 0x80073D02:    ,      : Microsoft.MicrosoftOfficeHub_19.2507.59091.0_x64__8wekyb3d8bbwe.", "EventData.PackageFullName": "Microsoft.MicrosoftOfficeHub_2025.801.1334.0_neutral_~_8wekyb3d8bbwe", "EventData.ErrorCode": "0x80073d02", "EventData.MountPoint": "C:", "EventData.TargetPlatform": "0x00000003", "EventData.CallingProcess": "svchost.exe,wuauserv", "EventData.ExternalLocation": null}
{"EventID": "1230", "Channel": "Microsoft-Windows-AppXDeploymentServer/Operational", "Provider_Name": "Microsoft-Windows-AppXDeployment-Server", "Computer": "DESKTOP-OFJ6N53", "TimeCreated": "2025-08-08 17:16:26.155197+00:00", "RecordID": "115483", "Level": "3", "UserID": "S-1-5-18", "EventData.Path": "\\Program Files\\WindowsApps\\MicrosoftWindows.CrossDevice_1.25032.52.0_x64__cw5n1h2txyewy\\YourPhone.OnboardingSDK\\Assets\\AppIcon.svg;\\Program Files\\WindowsApps\\MicrosoftWindows.CrossDevice_1.25032.52.0_x64__cw5n1h2txyewy\\Assets\\Fonts\\MMXIcons.ttf;\\Program Files\\WindowsApps\\MicrosoftWindows.CrossDevice_1.25032.52.0_x64__cw5n1h2txyewy\\CrossDevice.Core.UX\\Assets\\Fonts\\MMXIcons.ttf;\\Program Files\\WindowsApps\\MicrosoftWindows.CrossDevice_1.25032.52.0_x64__cw5n1h2txyewy\\YourPhone.OnboardingSDK\\Assets\\Onboarding\\FREEnableBluetooth_Dark.svg;\\Program Files\\WindowsApps\\MicrosoftWindows.CrossDevice_1.25032.52.0_x64__cw5n1h2txyewy\\YourPhone.OnboardingSDK\\Assets\\Onboarding\\FREEnableBluetooth_Light.svg;\\Program Files\\WindowsApps\\MicrosoftWindows.CrossDevice_1.25032.52.0_x64__cw5n1h2txyewy\\YourPhone.OnboardingSDK\\Assets\\Onboarding\\PermissionError_Dark.svg;\\Program Files\\WindowsApps\\MicrosoftWindows.CrossDevice_1.25032.52.0_x64__cw5n1h2txyewy\\YourPhone.OnboardingSDK\\Assets\\Onboarding\\PermissionError_Light.svg;\\Program Files\\WindowsApps\\MicrosoftWindows.CrossDevice_1.25032.52.0_x64__cw5n1h2txyewy\\YourPhone.OnboardingSDK\\Assets\\Onboarding\\LightweightBackground_Dark.svg;\\Program Files\\WindowsApps\\MicrosoftWindows.CrossDevice_1.25032.52.0_x64__cw5n1h2txyewy\\YourPhone.OnboardingSDK\\Assets\\Onboarding\\LightweightBackground_Light.svg;\\Program Files\\WindowsApps\\MicrosoftWindows.CrossDevice_1.25032.52.0_x64__cw5n1h2txyewy\\Assets\\Microsoft-logo.svg;\\Program Files\\WindowsApps\\MicrosoftWindows.CrossDevice_1.25032.52.0_x64__cw5n1h2txyewy\\YourPhone.OnboardingSDK\\Assets\\Microsoft-logo.svg;\\Program Files\\WindowsApps\\MicrosoftWindows.CrossDevice_1.25032.52.0_x64__cw5n1h2txyewy\\YourPhone.OnboardingSDK\\Assets\\MMX_Microsoft_Icon.svg;\\Program Files\\WindowsApps\\MicrosoftWindows.CrossDevice_1.25032.52.0_x64__cw5n1h2txyewy\\CrossDevice.Share\\Assets\\FileShare\\theme-dark\\Phone.png;\\Program Files\\WindowsApps\\MicrosoftWindows.CrossDevice_1.25032.52.0_x64__cw5n1h2txyewy\\CrossDevice.Share\\Assets\\FileShare\\theme-light\\Phone.png;\\Program Files\\WindowsApps\\MicrosoftWindows.CrossDevice_1.25032.52.0_x64__cw5n1h2txyewy\\e_sqlite3.dll;"}
{"EventID": "400", "Channel": "Microsoft-Windows-AppXDeploymentServer/Operational", "Provider_Name": "Microsoft-Windows-AppXDeployment-Server", "Computer": "DESKTOP-OFJ6N53", "TimeCreated": "2025-08-08 17:16:45.117571+00:00", "RecordID": "115484", "Level": "4", "UserID": "S-1-5-18", "EventData.DeploymentOperation": "4", "EventData.PackageFullName": "Microsoft.YourPhone_1.25071.54.0_neutral_~_8wekyb3d8bbwe", "EventData.Path": "(1cedb49eff373b16b665ef8e8e0cb21b93a63906)", "EventData.MountPoint": "C:", "EventData.TargetPlatform": "0x00000003", "EventData.SystemVolume": "True", "EventData.StorageId": "\\\\?\\Volume{c33a8663-71a2-4031-8cec-c21914fe12ad}", "EventData.IsCentennial": "False", "EventData.PackageType": "0x00000008", "EventData.IsPackageEncrypted": "False", "EventData.DeploymentOptions": "0x0100008004000010", "EventData.IsStreamingPackage": "False", "EventData.IsInRelatedSet": "False", "EventData.IsPackageUsingBDC": "False", "EventData.MainPackageFamilyName": "NULL", "EventData.CallingProcess": "svchost.exe,wuauserv", "EventData.IsOptional": "False", "EventData.PackageFlags": "0x00000000", "EventData.PackageFlags2": "0x00000800", "EventData.HasWin32alacarte": "False", "EventData.HasFullTrust": "False", "EventData.ExternalLocation": null, "EventData.PackageSourceUri": "x-windowsupdate://6EC6D16F-7492-4D5E-B33C-6EA39043A430/B99AEF9A-1685-4798-B4B1-3D94EE6D7184/1cedb49eff373b16b665ef8e8e0cb21b93a63906"}
{"EventID": "478", "Channel": "Microsoft-Windows-AppXDeploymentServer/Operational", "Provider_Name": "Microsoft-Windows-AppXDeployment-Server", "Computer": "DESKTOP-OFJ6N53", "TimeCreated": "2025-08-08 17:16:45.117704+00:00", "RecordID": "115485", "Level": "5", "UserID": "S-1-5-18", "EventData.DeploymentOperation": "4", "EventData.PackageFullName": "Microsoft.YourPhone_1.25071.54.0_x64__8wekyb3d8bbwe", "EventData.Path": "(1cedb49eff373b16b665ef8e8e0cb21b93a63906)", "EventData.MountPoint": "C:", "EventData.TargetPlatform": "0x00000003", "EventData.SystemVolume": "True", "EventData.StorageId": "\\\\?\\Volume{c33a8663-71a2-4031-8cec-c21914fe12ad}", "EventData.IsCentennial": "True", "EventData.PackageType": "0x00000001", "EventData.IsPackageEncrypted": "False", "EventData.DeploymentOptions": "0x0100008004000010", "EventData.IsStreamingPackage": "False", "EventData.IsInRelatedSet": "False", "EventData.IsPackageUsingBDC": "False", "EventData.MainPackageFamilyName": "NULL", "EventData.CallingProcess": "svchost.exe,wuauserv", "EventData.IsOptional": "False", "EventData.PackageFlags": "0x0280804c", "EventData.PackageFlags2": "0x00000800", "EventData.HasWin32alacarte": "False", "EventData.HasFullTrust": "True", "EventData.ExternalLocation": null, "EventData.PackageSourceUri": "x-windowsupdate://6EC6D16F-7492-4D5E-B33C-6EA39043A430/B99AEF9A-1685-4798-B4B1-3D94EE6D7184/1cedb49eff373b16b665ef8e8e0cb21b93a63906"}
{"EventID": "649", "Channel": "Microsoft-Windows-AppXDeploymentServer/Operational", "Provider_Name": "Microsoft-Windows-AppXDeployment-Server", "Computer": "DESKTOP-OFJ6N53", "TimeCreated": "2025-08-08 17:16:45.188202+00:00", "RecordID": "115486", "Level": "4", "UserID": "S-1-5-18", "EventData.DeploymentOperation": "4", "EventData.PackageFullName": "Microsoft.YourPhone_1.25071.54.0_neutral_~_8wekyb3d8bbwe", "EventData.Summary": "PostDeploymentOperationCheck cost: 0 ms"}
{"EventID": "613", "Channel": "Microsoft-Windows-AppXDeploymentServer/Operational", "Provider_Name": "Microsoft-Windows-AppXDeployment-Server", "Computer": "DESKTOP-OFJ6N53", "TimeCreated": "2025-08-08 17:16:45.380896+00:00", "RecordID": "115487", "Level": "4", "UserID": "S-1-5-18", "EventData.DeploymentOperation": "4", "EventData.PackageFullName": "Microsoft.YourPhone_1.25071.54.0_neutral_~_8wekyb3d8bbwe", "EventData.Summary": "Overall time: 55063 ms\nEnqueue cost: 3766 ms\nDequeue delay: 0 ms\nBundle processing cost: 11109 ms\nIndexing cost: 1828 ms\nResolve dependency cost: 16 ms\nGap: 234 ms\nCheck approval cost: 282 ms\nGap: 31 ms\nEvaluation cost: 20953 ms\nHardlinking evaluation cost: 406 ms\nStage required cost: 14266 ms\nFlushing and closing files cost: 0 ms\nGap: 156 ms\nMachine register cost: 422 ms\nStage user data cost: 0 ms\nRegistration cost: 0 ms\nGap: 15 ms\nRepository commit transaction cost: 1703 ms\nGap: 79 ms\nData flush cost: 0 ms\nPost DeStage repository commit transaction cost: 0 ms\nRemaining cost: 203 ms"}
{"EventID": "603", "Channel": "Microsoft-Windows-AppXDeploymentServer/Operational", "Provider_Name": "Microsoft-Windows-AppXDeployment-Server", "Computer": "DESKTOP-OFJ6N53", "TimeCreated": "2025-08-08 17:16:48.328007+00:00", "RecordID": "115488", "Level": "4", "UserID": "S-1-5-21-963789628-1060504924-4285088085-1001", "EventData.DeploymentOperation": "20", "EventData.Path": "Microsoft.YourPhone_8wekyb3d8bbwe", "EventData.Flags": "67127296", "EventData.FlagsHigh": "262144", "EventData.CallingProcess": "svchost.exe,wuauserv", "EventData.ExternalLocation": null}
{"EventID": "10002", "Channel": "Microsoft-Windows-AppXDeploymentServer/Operational", "Provider_Name": "Microsoft-Windows-AppXDeployment-Server", "Computer": "DESKTOP-OFJ6N53", "TimeCreated": "2025-08-08 17:16:48.356197+00:00", "RecordID": "115489", "Level": "5", "UserID": "S-1-5-18", "EventData.DeploymentOperation": "6", "EventData.MainPackageMoniker": "Microsoft.YourPhone_1.25071.54.0_neutral_~_8wekyb3d8bbwe", "EventData.ResiliencyFilePath": "C:\\ProgramData\\Microsoft\\Windows\\AppRepository\\475e2350-3153-4ee1-a6d4-8357b2401fcf_S-1-5-21-963789628-1060504924-4285088085-1001_5.rslc"}
{"EventID": "607", "Channel": "Microsoft-Windows-AppXDeploymentServer/Operational", "Provider_Name": "Microsoft-Windows-AppXDeployment-Server", "Computer": "DESKTOP-OFJ6N53", "TimeCreated": "2025-08-08 17:16:48.357054+00:00", "RecordID": "115490", "Level": "4", "UserID": "S-1-5-21-963789628-1060504924-4285088085-1001", "EventData.DeploymentOperation": "6", "EventData.PackageFullName": "Microsoft.YourPhone_1.25071.54.0_neutral_~_8wekyb3d8bbwe", "EventData.UserSid": "S-1-5-21-963789628-1060504924-4285088085-1001", "EventData.CallingProcess": "svchost.exe,wuauserv"}
