{"EventID": "1212", "Channel": "Microsoft-Windows-PushNotification-Platform/Operational", "Provider_Name": "Microsoft-Windows-PushNotifications-Platform", "Computer": "DESKTOP-OFJ6N53", "TimeCreated": "2025-08-26 08:48:59.159861+00:00", "RecordID": "3705708", "Level": "4", "UserID": "S-1-5-18", "EventData.ConnectionType": "1", "EventData.HostName": "client.wns.windows.com", "EventData.Port": "443"}
{"EventID": "1217", "Channel": "Microsoft-Windows-PushNotification-Platform/Operational", "Provider_Name": "Microsoft-Windows-PushNotifications-Platform", "Computer": "DESKTOP-OFJ6N53", "TimeCreated": "2025-08-26 08:48:59.159864+00:00", "RecordID": "3705709", "Level": "4", "UserID": "S-1-5-18", "EventData.ConnectionType": "1"}
{"EventID": "1257", "Channel": "Microsoft-Windows-PushNotification-Platform/Operational", "Provider_Name": "Microsoft-Windows-PushNotifications-Platform", "Computer": "DESKTOP-OFJ6N53", "TimeCreated": "2025-08-26 08:48:59.160219+00:00", "RecordID": "3705710", "Level": "4", "UserID": "S-1-5-18", "EventData.ConnectionType": "1", "EventData.Error": "590610"}
{"EventID": "1257", "Channel": "Microsoft-Windows-PushNotification-Platform/Operational", "Provider_Name": "Microsoft-Windows-PushNotifications-Platform", "Computer": "DESKTOP-OFJ6N53", "TimeCreated": "2025-08-26 08:48:59.229383+00:00", "RecordID": "3705711", "Level": "4", "UserID": "S-1-5-18", "EventData.ConnectionType": "1", "EventData.Error": "590610"}
{"EventID": "1257", "Channel": "Microsoft-Windows-PushNotification-Platform/Operational", "Provider_Name": "Microsoft-Windows-PushNotifications-Platform", "Computer": "DESKTOP-OFJ6N53", "TimeCreated": "2025-08-26 08:48:59.294449+00:00", "RecordID": "3705712", "Level": "4", "UserID": "S-1-5-18", "EventData.ConnectionType": "1", "EventData.Error": "0"}
{"EventID": "1218", "Channel": "Microsoft-Windows-PushNotification-Platform/Operational", "Provider_Name": "Microsoft-Windows-PushNotifications-Platform", "Computer": "DESKTOP-OFJ6N53", "TimeCreated": "2025-08-26 08:48:59.294455+00:00", "RecordID": "3705713", "Level": "4", "UserID": "S-1-5-18", "EventData.ConnectionType": "1", "EventData.ErrorCode": "0"}
{"EventID": "1223", "Channel": "Microsoft-Windows-PushNotification-Platform/Operational", "Provider_Name": "Microsoft-Windows-PushNotifications-Platform", "Computer": "DESKTOP-OFJ6N53", "TimeCreated": "2025-08-26 08:48:59.296122+00:00", "RecordID": "3705714", "Level": "5", "UserID": "S-1-5-18", "EventData.Verb": "CNT", "EventData.TrID": "1", "EventData.Namespace": "CON", "EventData.CorrelationVector": "vIKL831gwESlCc7B.1", "EventData.Bytes": "277", "EventData.Payload": "Q29udGV4dDogOTE4MjEyNzRkNjU5MzAwZQ0KDQo8Y29ubmVjdD48dmVyPjI8L3Zlcj48YWdlbnQ+PG9zPldpbmRvd3M8L29zPjxvc1Zlcj4xMC4wLjAuMC4xOTA0NTwvb3NWZXI+PHByb2M+eDY0PC9wcm9jPjxsY2lkPnJ1LVJVPC9sY2lkPjxnZW9JZD4yMDM8L2dlb0lkPjxhb2FjPjA8L2FvYWM+PGRldmljZVR5cGU+MTwvZGV2aWNlVHlwZT48ZGV2aWNlTmFtZT5WTXdhcmU3LDE8L2RldmljZU5hbWU+PGZvbGxvd1JldHJ5PnRydWU8L2ZvbGxvd1JldHJ5PjwvYWdlbnQ+PC9jb25uZWN0Pg==", "EventData.ConnectionType": "1"}
{"EventID": "1267", "Channel": "Microsoft-Windows-PushNotification-Platform/Operational", "Provider_Name": "Microsoft-Windows-PushNotifications-Platform", "Computer": "DESKTOP-OFJ6N53", "TimeCreated": "2025-08-26 08:48:59.296124+00:00", "RecordID": "3705715", "Level": "5", "UserID": "S-1-5-18", "EventData.Verb": "CNT", "EventData.TrID": "1", "EventData.Namespace": "CON", "EventData.CorrelationVector": "vIKL831gwESlCc7B.1", "EventData.Bytes": "319", "EventData.Payload": "Q05UIDEgQ09OIDMwNA0KTVMtQ1Y6IHZJS0w4MzFnd0VTbENjN0IuMQ0KQ29udGV4dDogOTE4MjEyNzRkNjU5MzAwZQ0KDQo8Y29ubmVjdD48dmVyPjI8L3Zlcj48YWdlbnQ+PG9zPldpbmRvd3M8L29zPjxvc1Zlcj4xMC4wLjAuMC4xOTA0NTwvb3NWZXI+PHByb2M+eDY0PC9wcm9jPjxsY2lkPnJ1LVJVPC9sY2lkPjxnZW9JZD4yMDM8L2dlb0lkPjxhb2FjPjA8L2FvYWM+PGRldmljZVR5cGU+MTwvZGV2aWNlVHlwZT48ZGV2aWNlTmFtZT5WTXdhcmU3LDE8L2RldmljZU5hbWU+PGZvbGxvd1JldHJ5PnRydWU8L2ZvbGxvd1JldHJ5PjwvYWdlbnQ+PC9jb25uZWN0Pg==", "EventData.ConnectionType": "1"}
{"EventID": "1223", "Channel": "Microsoft-Windows-PushNotification-Platform/Operational", "Provider_Name": "Microsoft-Windows-PushNotifications-Platform", "Computer": "DESKTOP-OFJ6N53", "TimeCreated": "2025-08-26 08:48:59.296194+00:00", "RecordID": "3705716", "Level": "5", "UserID": "S-1-5-18", "EventData.Verb": "ATH", "EventData.TrID": "2", "EventData.Namespace": "CON\\DEVICE", "EventData.CorrelationVector": "vIKL831gwESlCc7B.2", "EventData.Bytes": "1334", "EventData.Payload": "Q29udGV4dDogOTE4MjEyNzRkNjU5MzAwZQ0KDQo8ZGV2aWNlPjxjb21wYWN0LXRpY2tldD50PUV3Q1lBK3BJQkFBVTFiREdmZGF6aURmWHBqTjVONmNZaFQxd2JtUUFBV1UwOVF3cVNrY2VHKyt6Wlk3aEQ1Vlo3UTBSc1ltNDFkSTJZajFLaDJNdnhER0RlT3ZhNlM3UjVzdnlJWUlEQVBvaFd3WWlpa2k4Uy9pY3ZKYm1hc2M0Y2VNTUN4dUJOMTBQb2tpb3J2a01yMWx2Q2dRSzlLNTJjRmpuakxGRUlYS29iNGJ6ZVdXT29XVzZJamJ1aEwyVi8xRWFjUGlpbXQ0V3FYYytoTXJXc3VjdWRqNHR3Zjg3SjA2bnVGbnhVaVRpVXVpdFQzQ3Q4Vi9zbUljQ2ZkQWlNbGRPWDZqYVdPTnBYSzNrSEw2U2lCQ2J4d1JhL0pwZEo2cDdwY0huOGZLeGxSQmFQY082MENEZjFIeDBTSnM3czUrR0VramlDT0xHaGE3NmRMV2RBRzFJeURDVk1LMVdOME1hQ2tBeGRsdDRRRTZnMkZMWHhzTXdBbENMRHlvUVpnQUFFR3ROMFJxY09lYndFUlN4ZjJ3OGhMVmdBaTM4b2NrSHJKa1E1aGtxRDNvaUg2b1plZzhpU0IwazdLQWdkRmYzaTdPN1p2bFVsS3RjRDJMRWMwMjhLZElxUkhDUUErNU05azZEL1lPRkVSYWNvNEdOMEE2dmlmQktjM2VBeE1oMEFHWWRDMGs0dGV5dEp0cVpoMkd0eEVKWnk4ekkxUWVxSUZENXl1aFJnSkplUldEcVp4dzBPbzR6eDJkK256N2REbEhwOVpHWDErK3FKbHVCZkJUamFrbkFSeVpHeitucU5SWXJCK0lIcWtPUEoxNHdXTGNRNVFrWHdRMGpUenFwalBNWjY3Nkp4R29nRTdCR2p4WU5VaW51VW81TlQ2aUxNQU44R2xQN01QbFh4dkM3a1ZiVlU3ZzdwTDRxRy83L0xCeTBCa2F6YzczUEFIYXJzUkpLUGpCMXpPU0hIcHA4STAvTkc2WVB0cVQ3dWhFMk5YOFg2TnJuTHJFUFYxWWx1ZGNTd25hYTFZVWF2WFJmd3U4clFGbDZkTkE5QTg3UHp1RUh4SG1EVVlQbThiWXhrVTV2U08rZkZCMCtiTitUeXppUXRJd0hiS0EwWGVOK0w3TEpkc3NWdjYxMXlZU0NKYnl6T2FYMGU1VEU0TXVhNm8zTVhIYXBBcW02cklTKzArSCs5YlJNTDFZNzJCM05vSk5WQitnWjlrT3F3djVxVzFDbWR0WHM1M3BWVDRlOEp2TWFuaTVKTzFLTkdLOEtPSUFCR216cGhqa1cxektrd0lKazBUSGdPdDMwWG5jcmdBWDBHZHdsVkF2K3Y4WitkeHVjUVYvMng5cmhVa2NYcURYSktPeVh1TEdQOTdNdnBCei9yeDE2U0FuTkdMamNIQ3hsWWswYzlwM0hPdlYrNm1JTEZ3NHFTYlNpL0t6ZGNBdEovM1kyY1M3M0Vac1AzWWpGRllkTitsV09GaUtYbVRrK3ZoV0I2NXppTXhWd2JSVnIrSzlONFBDaGZseVVmNVo3MG5KaURNR3l1dS8va3o0UDY2ZE9yVjEzQU5YcGxMQVYzSG1sY2tUY2dQeS8vc29HdG05NDZuT3VubTBjTmZVNWtnST08L2NvbXBhY3QtdGlja2V0PjxpZD4wMDE4MDAwQjQzMkIyRTc2PC9pZD48L2RldmljZT4=", "EventData.ConnectionType": "1"}
{"EventID": "1267", "Channel": "Microsoft-Windows-PushNotification-Platform/Operational", "Provider_Name": "Microsoft-Windows-PushNotifications-Platform", "Computer": "DESKTOP-OFJ6N53", "TimeCreated": "2025-08-26 08:48:59.296196+00:00", "RecordID": "3705717", "Level": "5", "UserID": "S-1-5-18", "EventData.Verb": "ATH", "EventData.TrID": "2", "EventData.Namespace": "CON\\DEVICE", "EventData.CorrelationVector": "vIKL831gwESlCc7B.2", "EventData.Bytes": "1384", "EventData.Payload": "QVRIIDIgQ09OXERFVklDRSAxMzYxDQpNUy1DVjogdklLTDgzMWd3RVNsQ2M3Qi4yDQpDb250ZXh0OiA5MTgyMTI3NGQ2NTkzMDBlDQoNCjxkZXZpY2U+PGNvbXBhY3QtdGlja2V0PnQ9RXdDWUErcElCQUFVMWJER2ZkYXppRGZYcGpONU42Y1loVDF3Ym1RQUFXVTA5UXdxU2tjZUcrK3paWTdoRDVWWjdRMFJzWW00MWRJMllqMUtoMk12eERHRGVPdmE2UzdSNXN2eUlZSURBUG9oV3dZaWlraThTL2ljdkpibWFzYzRjZU1NQ3h1Qk4xMFBva2lvcnZrTXIxbHZDZ1FLOUs1MmNGam5qTEZFSVhLb2I0YnplV1dPb1dXNklqYnVoTDJWLzFFYWNQaWltdDRXcVhjK2hNcldzdWN1ZGo0dHdmODdKMDZudUZueFVpVGlVdWl0VDNDdDhWL3NtSWNDZmRBaU1sZE9YNmphV09OcFhLM2tITDZTaUJDYnh3UmEvSnBkSjZwN3BjSG44Zkt4bFJCYVBjTzYwQ0RmMUh4MFNKczdzNStHRWtqaUNPTEdoYTc2ZExXZEFHMUl5RENWTUsxV04wTWFDa0F4ZGx0NFFFNmcyRkxYeHNNd0FsQ0xEeW9RWmdBQUVHdE4wUnFjT2Vid0VSU3hmMnc4aExWZ0FpMzhvY2tIckprUTVoa3FEM29pSDZvWmVnOGlTQjBrN0tBZ2RGZjNpN083WnZsVWxLdGNEMkxFYzAyOEtkSXFSSENRQSs1TTlrNkQvWU9GRVJhY280R04wQTZ2aWZCS2MzZUF4TWgwQUdZZEMwazR0ZXl0SnRxWmgyR3R4RUpaeTh6STFRZXFJRkQ1eXVoUmdKSmVSV0RxWnh3ME9vNHp4MmQrbno3ZERsSHA5WkdYMSsrcUpsdUJmQlRqYWtuQVJ5Wkd6K25xTlJZckIrSUhxa09QSjE0d1dMY1E1UWtYd1EwalR6cXBqUE1aNjc2SnhHb2dFN0JHanhZTlVpbnVVbzVOVDZpTE1BTjhHbFA3TVBsWHh2QzdrVmJWVTdnN3BMNHFHLzcvTEJ5MEJrYXpjNzNQQUhhcnNSSktQakIxek9TSEhwcDhJMC9ORzZZUHRxVDd1aEUyTlg4WDZOcm5MckVQVjFZbHVkY1N3bmFhMVlVYXZYUmZ3dThyUUZsNmROQTlBODdQenVFSHhIbURVWVBtOGJZeGtVNXZTTytmRkIwK2JOK1R5emlRdEl3SGJLQTBYZU4rTDdMSmRzc1Z2NjExeVlTQ0pieXpPYVgwZTVURTRNdWE2bzNNWEhhcEFxbTZySVMrMCtIKzliUk1MMVk3MkIzTm9KTlZCK2daOWtPcXd2NXFXMUNtZHRYczUzcFZUNGU4SnZNYW5pNUpPMUtOR0s4S09JQUJHbXpwaGprVzF6S2t3SUprMFRIZ090MzBYbmNyZ0FYMEdkd2xWQXYrdjhaK2R4dWNRVi8yeDlyaFVrY1hxRFhKS095WHVMR1A5N012cEJ6L3J4MTZTQW5OR0xqY0hDeGxZazBjOXAzSE92Vis2bUlMRnc0cVNiU2kvS3pkY0F0Si8zWTJjUzczRVpzUDNZakZGWWROK2xXT0ZpS1htVGsrdmhXQjY1emlNeFZ3YlJWcitLOU40UENoZmx5VWY1WjcwbkppRE1HeXV1Ly9rejRQNjZkT3JWMTNBTlhwbExBVjNIbWxja1RjZ1B5Ly9zb0d0bTk0Nm5PdW5tMGNOZlU1a2dJPTwvY29tcGFjdC10aWNrZXQ+PGlkPjAwMTgwMDBCNDMyQjJFNzY8L2lkPjwvZGV2aWNlPg==", "EventData.ConnectionType": "1"}
{"EventID": "1223", "Channel": "Microsoft-Windows-PushNotification-Platform/Operational", "Provider_Name": "Microsoft-Windows-PushNotifications-Platform", "Computer": "DESKTOP-OFJ6N53", "TimeCreated": "2025-08-26 08:48:59.296368+00:00", "RecordID": "3705718", "Level": "5", "UserID": "S-1-5-18", "EventData.Verb": "BND", "EventData.TrID": "3", "EventData.Namespace": "CON\\WNS 0", "EventData.CorrelationVector": "vIKL831gwESlCc7B.3", "EventData.Bytes": "170", "EventData.Payload": "Q29udGV4dDogOTE4MjEyNzRkNjU5MzAwZQ0KDQo8d25zPjx2ZXI+MTwvdmVyPjxjbGllbnQ+PG5hbWU+V1BOPC9uYW1lPjx2ZXI+MS4wPC92ZXI+PC9jbGllbnQ+PG9wdGlvbnM+PHB3cm1vZGUgbW9kZT0iMCI+PC9wd3Jtb2RlPjwvb3B0aW9ucz48bGFzdE1zZ0lkPjA8L2xhc3RNc2dJZD48L3ducz4=", "EventData.ConnectionType": "1"}
{"EventID": "1267", "Channel": "Microsoft-Windows-PushNotification-Platform/Operational", "Provider_Name": "Microsoft-Windows-PushNotifications-Platform", "Computer": "DESKTOP-OFJ6N53", "TimeCreated": "2025-08-26 08:48:59.296368+00:00", "RecordID": "3705719", "Level": "5", "UserID": "S-1-5-18", "EventData.Verb": "BND", "EventData.TrID": "3", "EventData.Namespace": "CON\\WNS 0", "EventData.CorrelationVector": "vIKL831gwESlCc7B.3", "EventData.Bytes": "218", "EventData.Payload": "Qk5EIDMgQ09OXFdOUyAwIDE5Nw0KTVMtQ1Y6IHZJS0w4MzFnd0VTbENjN0IuMw0KQ29udGV4dDogOTE4MjEyNzRkNjU5MzAwZQ0KDQo8d25zPjx2ZXI+MTwvdmVyPjxjbGllbnQ+PG5hbWU+V1BOPC9uYW1lPjx2ZXI+MS4wPC92ZXI+PC9jbGllbnQ+PG9wdGlvbnM+PHB3cm1vZGUgbW9kZT0iMCI+PC9wd3Jtb2RlPjwvb3B0aW9ucz48bGFzdE1zZ0lkPjA8L2xhc3RNc2dJZD48L3ducz4=", "EventData.ConnectionType": "1"}
{"EventID": "1225", "Channel": "Microsoft-Windows-PushNotification-Platform/Operational", "Provider_Name": "Microsoft-Windows-PushNotifications-Platform", "Computer": "DESKTOP-OFJ6N53", "TimeCreated": "2025-08-26 08:48:59.359524+00:00", "RecordID": "3705720", "Level": "5", "UserID": "S-1-5-18", "EventData.Verb": "CNT", "EventData.TrID": "1", "EventData.Namespace": "CON", "EventData.CorrelationVector": "vIKL831gwESlCc7B.1.0", "EventData.Bytes": "234", "EventData.Payload": "Q29udGV4dDogOTE4MjEyNzRkNjU5MzAwZQ0KTVMtQ1Y6IHZJS0w4MzFnd0VTbENjN0IuMS4wDQoNCjxjb25uZWN0LXJlc3BvbnNlPjx2ZXI+MTwvdmVyPjxzZXNzaW9uPjxpZD5NdHAxLjQvMTcwNTUwNjIuZWZiMGMzZDMtNjFjOS1jZTZkLTFlNDQtZmY2ODMzMmUzZGZmPC9pZD48dGltZW91dD4yMDAwPC90aW1lb3V0Pjwvc2Vzc2lvbj48cW9zdGVzdD5mYWxzZTwvcW9zdGVzdD48L2Nvbm5lY3QtcmVzcG9uc2U+", "EventData.ConnectionType": "1"}
{"EventID": "1268", "Channel": "Microsoft-Windows-PushNotification-Platform/Operational", "Provider_Name": "Microsoft-Windows-PushNotifications-Platform", "Computer": "DESKTOP-OFJ6N53", "TimeCreated": "2025-08-26 08:48:59.359526+00:00", "RecordID": "3705721", "Level": "5", "UserID": "S-1-5-18", "EventData.Verb": "CNT", "EventData.TrID": "1", "EventData.Namespace": "CON", "EventData.CorrelationVector": "vIKL831gwESlCc7B.1.0", "EventData.Bytes": "234", "EventData.Payload": "Q05UIDEgQ09OADIzNA0KQ29udGV4dDogOTE4MjEyNzRkNjU5MzAwZQ0KTVMtQ1Y6IHZJS0w4MzFnd0VTbENjN0IuMS4wDQoNCjxjb25uZWN0LXJlc3BvbnNlPjx2ZXI+MTwvdmVyPjxzZXNzaW9uPjxpZD5NdHAxLjQvMTcwNTUwNjIuZWZiMGMzZDMtNjFjOS1jZTZkLTFlNDQtZmY2ODMzMmUzZGZmPC9pZD48dGltZW91dD4yMDAwPC90aW1lb3V0Pjwvc2Vzc2lvbj48cW9zdGVzdD5mYWxzZTwvcW9zdGVzdD48L2Nv", "EventData.ConnectionType": "1"}
{"EventID": "1225", "Channel": "Microsoft-Windows-PushNotification-Platform/Operational", "Provider_Name": "Microsoft-Windows-PushNotifications-Platform", "Computer": "DESKTOP-OFJ6N53", "TimeCreated": "2025-08-26 08:48:59.362429+00:00", "RecordID": "3705722", "Level": "5", "UserID": "S-1-5-18", "EventData.Verb": "ATH", "EventData.TrID": "2", "EventData.Namespace": "CON", "EventData.CorrelationVector": "vIKL831gwESlCc7B.2.0", "EventData.Bytes": "58", "EventData.Payload": "Q29udGV4dDogOTE4MjEyNzRkNjU5MzAwZQ0KTVMtQ1Y6IHZJS0w4MzFnd0VTbENjN0IuMi4wDQoNCg==", "EventData.ConnectionType": "1"}
{"EventID": "1268", "Channel": "Microsoft-Windows-PushNotification-Platform/Operational", "Provider_Name": "Microsoft-Windows-PushNotifications-Platform", "Computer": "DESKTOP-OFJ6N53", "TimeCreated": "2025-08-26 08:48:59.362431+00:00", "RecordID": "3705723", "Level": "5", "UserID": "S-1-5-18", "EventData.Verb": "ATH", "EventData.TrID": "2", "EventData.Namespace": "CON", "EventData.CorrelationVector": "vIKL831gwESlCc7B.2.0", "EventData.Bytes": "58", "EventData.Payload": "QVRIIDIgQ09OADU4DQpDb250ZXh0OiA5MTgyMTI3NGQ2NTkzMDBlDQpNUy1DVjogdklLTDgzMWd3RQ==", "EventData.ConnectionType": "1"}
{"EventID": "1225", "Channel": "Microsoft-Windows-PushNotification-Platform/Operational", "Provider_Name": "Microsoft-Windows-PushNotifications-Platform", "Computer": "DESKTOP-OFJ6N53", "TimeCreated": "2025-08-26 08:48:59.364832+00:00", "RecordID": "3705724", "Level": "5", "UserID": "S-1-5-18", "EventData.Verb": "BND", "EventData.TrID": "3", "EventData.Namespace": "CON", "EventData.CorrelationVector": "vIKL831gwESlCc7B.3.0", "EventData.Bytes": "134", "EventData.Payload": "Q29udGV4dDogOTE4MjEyNzRkNjU5MzAwZQ0KTVMtQ1Y6IHZJS0w4MzFnd0VTbENjN0IuMy4wDQoNCjx3bnMtcmVzcG9uc2U+PHZlcj4xPC92ZXI+PG5vbmNlPjQ0Mzk3NjM3MTQ4NjY4Mjg4ODQ2PC9ub25jZT48L3ducy1yZXNwb25zZT4=", "EventData.ConnectionType": "1"}
{"EventID": "1268", "Channel": "Microsoft-Windows-PushNotification-Platform/Operational", "Provider_Name": "Microsoft-Windows-PushNotifications-Platform", "Computer": "DESKTOP-OFJ6N53", "TimeCreated": "2025-08-26 08:48:59.364834+00:00", "RecordID": "3705725", "Level": "5", "UserID": "S-1-5-18", "EventData.Verb": "BND", "EventData.TrID": "3", "EventData.Namespace": "CON", "EventData.CorrelationVector": "vIKL831gwESlCc7B.3.0", "EventData.Bytes": "134", "EventData.Payload": "Qk5EIDMgQ09OADEzNA0KQ29udGV4dDogOTE4MjEyNzRkNjU5MzAwZQ0KTVMtQ1Y6IHZJS0w4MzFnd0VTbENjN0IuMy4wDQoNCjx3bnMtcmVzcG9uc2U+PHZlcj4xPC92ZXI+PG5vbmNlPjQ0Mzk3NjM3MTQ4NjY4Mjg4ODQ2PC9ub25jZT4=", "EventData.ConnectionType": "1"}
{"EventID": "1264", "Channel": "Microsoft-Windows-PushNotification-Platform/Operational", "Provider_Name": "Microsoft-Windows-PushNotifications-Platform", "Computer": "DESKTOP-OFJ6N53", "TimeCreated": "2025-08-26 08:48:59.365236+00:00", "RecordID": "3705726", "Level": "4", "UserID": "S-1-5-18", "EventData.DeviceId": "0018000B432B2E76", "EventData.UserId": "0", "EventData.Error": "0"}
{"EventID": "1005", "Channel": "Microsoft-Windows-PushNotification-Platform/Operational", "Provider_Name": "Microsoft-Windows-PushNotifications-Platform", "Computer": "DESKTOP-OFJ6N53", "TimeCreated": "2025-08-26 08:48:59.365419+00:00", "RecordID": "3705727", "Level": "4", "UserID": "S-1-5-18", "EventData.Status": "4"}
{"EventID": "1223", "Channel": "Microsoft-Windows-PushNotification-Platform/Operational", "Provider_Name": "Microsoft-Windows-PushNotifications-Platform", "Computer": "DESKTOP-OFJ6N53", "TimeCreated": "2025-08-26 08:48:59.371582+00:00", "RecordID": "3705728", "Level": "5", "UserID": "S-1-5-18", "EventData.Verb": "PUT", "EventData.TrID": "4", "EventData.Namespace": "WNS\\CHALLENGE 0", "EventData.CorrelationVector": "vIKL831gwESlCc7B.4", "EventData.Bytes": "135", "EventData.Payload": "Q29udGV4dDogY2Q4YTNjN2Y1OTkzMWQzDQoNCjxjaGFsbGVuZ2U+PGFwcElkPlBST0QwMTIwUFchQ0NWOUA8L2FwcElkPjxyZXNwb25zZT45ZjhmYWY2ZGFlMmNmYzVkMmEwYjU2NDkzZWRhOGE3YzwvcmVzcG9uc2U+PC9jaGFsbGVuZ2U+", "EventData.ConnectionType": "1"}
{"EventID": "1267", "Channel": "Microsoft-Windows-PushNotification-Platform/Operational", "Provider_Name": "Microsoft-Windows-PushNotifications-Platform", "Computer": "DESKTOP-OFJ6N53", "TimeCreated": "2025-08-26 08:48:59.371584+00:00", "RecordID": "3705729", "Level": "5", "UserID": "S-1-5-18", "EventData.Verb": "PUT", "EventData.TrID": "4", "EventData.Namespace": "WNS\\CHALLENGE 0", "EventData.CorrelationVector": "vIKL831gwESlCc7B.4", "EventData.Bytes": "189", "EventData.Payload": "UFVUIDQgV05TXENIQUxMRU5HRSAwIDE2Mg0KTVMtQ1Y6IHZJS0w4MzFnd0VTbENjN0IuNA0KQ29udGV4dDogY2Q4YTNjN2Y1OTkzMWQzDQoNCjxjaGFsbGVuZ2U+PGFwcElkPlBST0QwMTIwUFchQ0NWOUA8L2FwcElkPjxyZXNwb25zZT45ZjhmYWY2ZGFlMmNmYzVkMmEwYjU2NDkzZWRhOGE3YzwvcmVzcG9uc2U+PC9jaGFsbGVuZ2U+", "EventData.ConnectionType": "1"}
{"EventID": "1005", "Channel": "Microsoft-Windows-PushNotification-Platform/Operational", "Provider_Name": "Microsoft-Windows-PushNotifications-Platform", "Computer": "DESKTOP-OFJ6N53", "TimeCreated": "2025-08-26 08:48:59.372076+00:00", "RecordID": "3705730", "Level": "4", "UserID": "S-1-5-18", "EventData.Status": "4"}
{"EventID": "1223", "Channel": "Microsoft-Windows-PushNotification-Platform/Operational", "Provider_Name": "Microsoft-Windows-PushNotifications-Platform", "Computer": "DESKTOP-OFJ6N53", "TimeCreated": "2025-08-26 08:48:59.372221+00:00", "RecordID": "3705731", "Level": "5", "UserID": "S-1-5-18", "EventData.Verb": "BND", "EventData.TrID": "5", "EventData.Namespace": "CON\\WNS 1044479", "EventData.CorrelationVector": "vIKL831gwESlCc7B.5", "EventData.Bytes": "170", "EventData.Payload": "Q29udGV4dDogZDU4Y2Q3YTI4ZGM5MWVhYQ0KDQo8d25zPjx2ZXI+MTwvdmVyPjxjbGllbnQ+PG5hbWU+V1BOPC9uYW1lPjx2ZXI+MS4wPC92ZXI+PC9jbGllbnQ+PG9wdGlvbnM+PHB3cm1vZGUgbW9kZT0iMCI+PC9wd3Jtb2RlPjwvb3B0aW9ucz48bGFzdE1zZ0lkPjA8L2xhc3RNc2dJZD48L3ducz4=", "EventData.ConnectionType": "1"}
{"EventID": "1267", "Channel": "Microsoft-Windows-PushNotification-Platform/Operational", "Provider_Name": "Microsoft-Windows-PushNotifications-Platform", "Computer": "DESKTOP-OFJ6N53", "TimeCreated": "2025-08-26 08:48:59.372221+00:00", "RecordID": "3705732", "Level": "5", "UserID": "S-1-5-18", "EventData.Verb": "BND", "EventData.TrID": "5", "EventData.Namespace": "CON\\WNS 1044479", "EventData.CorrelationVector": "vIKL831gwESlCc7B.5", "EventData.Bytes": "224", "EventData.Payload": "Qk5EIDUgQ09OXFdOUyAxMDQ0NDc5IDE5Nw0KTVMtQ1Y6IHZJS0w4MzFnd0VTbENjN0IuNQ0KQ29udGV4dDogZDU4Y2Q3YTI4ZGM5MWVhYQ0KDQo8d25zPjx2ZXI+MTwvdmVyPjxjbGllbnQ+PG5hbWU+V1BOPC9uYW1lPjx2ZXI+MS4wPC92ZXI+PC9jbGllbnQ+PG9wdGlvbnM+PHB3cm1vZGUgbW9kZT0iMCI+PC9wd3Jtb2RlPjwvb3B0aW9ucz48bGFzdE1zZ0lkPjA8L2xhc3RNc2dJZD48L3ducz4=", "EventData.ConnectionType": "1"}
{"EventID": "1005", "Channel": "Microsoft-Windows-PushNotification-Platform/Operational", "Provider_Name": "Microsoft-Windows-PushNotifications-Platform", "Computer": "DESKTOP-OFJ6N53", "TimeCreated": "2025-08-26 08:48:59.372698+00:00", "RecordID": "3705733", "Level": "4", "UserID": "S-1-5-18", "EventData.Status": "4"}
{"EventID": "1225", "Channel": "Microsoft-Windows-PushNotification-Platform/Operational", "Provider_Name": "Microsoft-Windows-PushNotifications-Platform", "Computer": "DESKTOP-OFJ6N53", "TimeCreated": "2025-08-26 08:48:59.434181+00:00", "RecordID": "3705734", "Level": "5", "UserID": "S-1-5-18", "EventData.Verb": "PUT", "EventData.TrID": "4", "EventData.Namespace": "WNS", "EventData.CorrelationVector": "vIKL831gwESlCc7B.4.0", "EventData.Bytes": "57", "EventData.Payload": "Q29udGV4dDogY2Q4YTNjN2Y1OTkzMWQzDQpNUy1DVjogdklLTDgzMWd3RVNsQ2M3Qi40LjANCg0K", "EventData.ConnectionType": "1"}
{"EventID": "1268", "Channel": "Microsoft-Windows-PushNotification-Platform/Operational", "Provider_Name": "Microsoft-Windows-PushNotifications-Platform", "Computer": "DESKTOP-OFJ6N53", "TimeCreated": "2025-08-26 08:48:59.434183+00:00", "RecordID": "3705735", "Level": "5", "UserID": "S-1-5-18", "EventData.Verb": "PUT", "EventData.TrID": "4", "EventData.Namespace": "WNS", "EventData.CorrelationVector": "vIKL831gwESlCc7B.4.0", "EventData.Bytes": "57", "EventData.Payload": "UFVUIDQgV05TADU3DQpDb250ZXh0OiBjZDhhM2M3ZjU5OTMxZDMNCk1TLUNWOiB2SUtMODMxZ3dF", "EventData.ConnectionType": "1"}
{"EventID": "1225", "Channel": "Microsoft-Windows-PushNotification-Platform/Operational", "Provider_Name": "Microsoft-Windows-PushNotifications-Platform", "Computer": "DESKTOP-OFJ6N53", "TimeCreated": "2025-08-26 08:48:59.437885+00:00", "RecordID": "3705736", "Level": "5", "UserID": "S-1-5-18", "EventData.Verb": "BND", "EventData.TrID": "5", "EventData.Namespace": "CON", "EventData.CorrelationVector": "vIKL831gwESlCc7B.5.0", "EventData.Bytes": "134", "EventData.Payload": "Q29udGV4dDogZDU4Y2Q3YTI4ZGM5MWVhYQ0KTVMtQ1Y6IHZJS0w4MzFnd0VTbENjN0IuNS4wDQoNCjx3bnMtcmVzcG9uc2U+PHZlcj4xPC92ZXI+PG5vbmNlPjkyMzg2MDgzNTA0ODI1OTU4MTA1PC9ub25jZT48L3ducy1yZXNwb25zZT4=", "EventData.ConnectionType": "1"}
{"EventID": "1268", "Channel": "Microsoft-Windows-PushNotification-Platform/Operational", "Provider_Name": "Microsoft-Windows-PushNotifications-Platform", "Computer": "DESKTOP-OFJ6N53", "TimeCreated": "2025-08-26 08:48:59.437887+00:00", "RecordID": "3705737", "Level": "5", "UserID": "S-1-5-18", "EventData.Verb": "BND", "EventData.TrID": "5", "EventData.Namespace": "CON", "EventData.CorrelationVector": "vIKL831gwESlCc7B.5.0", "EventData.Bytes": "134", "EventData.Payload": "Qk5EIDUgQ09OADEzNA0KQ29udGV4dDogZDU4Y2Q3YTI4ZGM5MWVhYQ0KTVMtQ1Y6IHZJS0w4MzFnd0VTbENjN0IuNS4wDQoNCjx3bnMtcmVzcG9uc2U+PHZlcj4xPC92ZXI+PG5vbmNlPjkyMzg2MDgzNTA0ODI1OTU4MTA1PC9ub25jZT4=", "EventData.ConnectionType": "1"}
{"EventID": "1264", "Channel": "Microsoft-Windows-PushNotification-Platform/Operational", "Provider_Name": "Microsoft-Windows-PushNotifications-Platform", "Computer": "DESKTOP-OFJ6N53", "TimeCreated": "2025-08-26 08:48:59.438335+00:00", "RecordID": "3705738", "Level": "4", "UserID": "S-1-5-18", "EventData.DeviceId": "0018000B432B2E76", "EventData.UserId": "17056889", "EventData.Error": "0"}
{"EventID": "1005", "Channel": "Microsoft-Windows-PushNotification-Platform/Operational", "Provider_Name": "Microsoft-Windows-PushNotifications-Platform", "Computer": "DESKTOP-OFJ6N53", "TimeCreated": "2025-08-26 08:48:59.438663+00:00", "RecordID": "3705739", "Level": "4", "UserID": "S-1-5-21-963789628-1060504924-4285088085-1001", "EventData.Status": "4"}
{"EventID": "1223", "Channel": "Microsoft-Windows-PushNotification-Platform/Operational", "Provider_Name": "Microsoft-Windows-PushNotifications-Platform", "Computer": "DESKTOP-OFJ6N53", "TimeCreated": "2025-08-26 08:49:59.316116+00:00", "RecordID": "3705740", "Level": "5", "UserID": "S-1-5-18", "EventData.Verb": "PNG", "EventData.TrID": "6", "EventData.Namespace": "CON", "EventData.CorrelationVector": "vIKL831gwESlCc7B.6", "EventData.Bytes": "29", "EventData.Payload": "Q29udGV4dDogZDJhODJiNjc4OTk1ZDU3MQ0KDQo=", "EventData.ConnectionType": "1"}
{"EventID": "1267", "Channel": "Microsoft-Windows-PushNotification-Platform/Operational", "Provider_Name": "Microsoft-Windows-PushNotifications-Platform", "Computer": "DESKTOP-OFJ6N53", "TimeCreated": "2025-08-26 08:49:59.316118+00:00", "RecordID": "3705741", "Level": "5", "UserID": "S-1-5-18", "EventData.Verb": "PNG", "EventData.TrID": "6", "EventData.Namespace": "CON", "EventData.CorrelationVector": "vIKL831gwESlCc7B.6", "EventData.Bytes": "70", "EventData.Payload": "UE5HIDYgQ09OIDU2DQpNUy1DVjogdklLTDgzMWd3RVNsQ2M3Qi42DQpDb250ZXh0OiBkMmE4MmI2Nzg5OTVkNTcxDQoNCg==", "EventData.ConnectionType": "1"}
{"EventID": "1225", "Channel": "Microsoft-Windows-PushNotification-Platform/Operational", "Provider_Name": "Microsoft-Windows-PushNotifications-Platform", "Computer": "DESKTOP-OFJ6N53", "TimeCreated": "2025-08-26 08:49:59.343651+00:00", "RecordID": "3705742", "Level": "5", "UserID": "S-1-5-18", "EventData.Verb": "PNG", "EventData.TrID": "6", "EventData.Namespace": "CON", "EventData.CorrelationVector": "vIKL831gwESlCc7B.6.0", "EventData.Bytes": "125", "EventData.Payload": "TVMtQ1Y6IHZJS0w4MzFnd0VTbENjN0IuNi4wDQoNCjxwaW5nLXJlc3BvbnNlPjx3YWl0PjQyPC93YWl0Pjxjb25uZWN0aW9uLXN0YXR1cz5Db25uZWN0ZWQ8L2Nvbm5lY3Rpb24tc3RhdHVzPjwvcGluZy1yZXNwb25zZT4=", "EventData.ConnectionType": "1"}
{"EventID": "1268", "Channel": "Microsoft-Windows-PushNotification-Platform/Operational", "Provider_Name": "Microsoft-Windows-PushNotifications-Platform", "Computer": "DESKTOP-OFJ6N53", "TimeCreated": "2025-08-26 08:49:59.343651+00:00", "RecordID": "3705743", "Level": "5", "UserID": "S-1-5-18", "EventData.Verb": "PNG", "EventData.TrID": "6", "EventData.Namespace": "CON", "EventData.CorrelationVector": "vIKL831gwESlCc7B.6.0", "EventData.Bytes": "125", "EventData.Payload": "UE5HIDYgQ09OADEyNQ0KTVMtQ1Y6IHZJS0w4MzFnd0VTbENjN0IuNi4wDQoNCjxwaW5nLXJlc3BvbnNlPjx3YWl0PjQyPC93YWl0Pjxjb25uZWN0aW9uLXN0YXR1cz5Db25uZWN0ZWQ8L2Nvbm5lY3Rpb24tc3RhdHVzPjw=", "EventData.ConnectionType": "1"}
{"EventID": "1223", "Channel": "Microsoft-Windows-PushNotification-Platform/Operational", "Provider_Name": "Microsoft-Windows-PushNotifications-Platform", "Computer": "DESKTOP-OFJ6N53", "TimeCreated": "2025-08-26 08:50:59.304316+00:00", "RecordID": "3705744", "Level": "5", "UserID": "S-1-5-18", "EventData.Verb": "PNG", "EventData.TrID": "7", "EventData.Namespace": "CON", "EventData.CorrelationVector": "vIKL831gwESlCc7B.7", "EventData.Bytes": "29", "EventData.Payload": "Q29udGV4dDogZjkyM2QwYTQxOTgyZThkOA0KDQo=", "EventData.ConnectionType": "1"}
{"EventID": "1267", "Channel": "Microsoft-Windows-PushNotification-Platform/Operational", "Provider_Name": "Microsoft-Windows-PushNotifications-Platform", "Computer": "DESKTOP-OFJ6N53", "TimeCreated": "2025-08-26 08:50:59.304317+00:00", "RecordID": "3705745", "Level": "5", "UserID": "S-1-5-18", "EventData.Verb": "PNG", "EventData.TrID": "7", "EventData.Namespace": "CON", "EventData.CorrelationVector": "vIKL831gwESlCc7B.7", "EventData.Bytes": "70", "EventData.Payload": "UE5HIDcgQ09OIDU2DQpNUy1DVjogdklLTDgzMWd3RVNsQ2M3Qi43DQpDb250ZXh0OiBmOTIzZDBhNDE5ODJlOGQ4DQoNCg==", "EventData.ConnectionType": "1"}
{"EventID": "1225", "Channel": "Microsoft-Windows-PushNotification-Platform/Operational", "Provider_Name": "Microsoft-Windows-PushNotifications-Platform", "Computer": "DESKTOP-OFJ6N53", "TimeCreated": "2025-08-26 08:50:59.366917+00:00", "RecordID": "3705746", "Level": "5", "UserID": "S-1-5-18", "EventData.Verb": "PNG", "EventData.TrID": "7", "EventData.Namespace": "CON", "EventData.CorrelationVector": "vIKL831gwESlCc7B.7.0", "EventData.Bytes": "125", "EventData.Payload": "TVMtQ1Y6IHZJS0w4MzFnd0VTbENjN0IuNy4wDQoNCjxwaW5nLXJlc3BvbnNlPjx3YWl0PjQ2PC93YWl0Pjxjb25uZWN0aW9uLXN0YXR1cz5Db25uZWN0ZWQ8L2Nvbm5lY3Rpb24tc3RhdHVzPjwvcGluZy1yZXNwb25zZT4=", "EventData.ConnectionType": "1"}
{"EventID": "1268", "Channel": "Microsoft-Windows-PushNotification-Platform/Operational", "Provider_Name": "Microsoft-Windows-PushNotifications-Platform", "Computer": "DESKTOP-OFJ6N53", "TimeCreated": "2025-08-26 08:50:59.366919+00:00", "RecordID": "3705747", "Level": "5", "UserID": "S-1-5-18", "EventData.Verb": "PNG", "EventData.TrID": "7", "EventData.Namespace": "CON", "EventData.CorrelationVector": "vIKL831gwESlCc7B.7.0", "EventData.Bytes": "125", "EventData.Payload": "UE5HIDcgQ09OADEyNQ0KTVMtQ1Y6IHZJS0w4MzFnd0VTbENjN0IuNy4wDQoNCjxwaW5nLXJlc3BvbnNlPjx3YWl0PjQ2PC93YWl0Pjxjb25uZWN0aW9uLXN0YXR1cz5Db25uZWN0ZWQ8L2Nvbm5lY3Rpb24tc3RhdHVzPjw=", "EventData.ConnectionType": "1"}
{"EventID": "1223", "Channel": "Microsoft-Windows-PushNotification-Platform/Operational", "Provider_Name": "Microsoft-Windows-PushNotifications-Platform", "Computer": "DESKTOP-OFJ6N53", "TimeCreated": "2025-08-26 08:51:59.316742+00:00", "RecordID": "3705748", "Level": "5", "UserID": "S-1-5-18", "EventData.Verb": "PNG", "EventData.TrID": "8", "EventData.Namespace": "CON", "EventData.CorrelationVector": "vIKL831gwESlCc7B.8", "EventData.Bytes": "29", "EventData.Payload": "Q29udGV4dDogYWFiN2NkYjllZjg1MGM4NQ0KDQo=", "EventData.ConnectionType": "1"}
{"EventID": "1267", "Channel": "Microsoft-Windows-PushNotification-Platform/Operational", "Provider_Name": "Microsoft-Windows-PushNotifications-Platform", "Computer": "DESKTOP-OFJ6N53", "TimeCreated": "2025-08-26 08:51:59.316744+00:00", "RecordID": "3705749", "Level": "5", "UserID": "S-1-5-18", "EventData.Verb": "PNG", "EventData.TrID": "8", "EventData.Namespace": "CON", "EventData.CorrelationVector": "vIKL831gwESlCc7B.8", "EventData.Bytes": "70", "EventData.Payload": "UE5HIDggQ09OIDU2DQpNUy1DVjogdklLTDgzMWd3RVNsQ2M3Qi44DQpDb250ZXh0OiBhYWI3Y2RiOWVmODUwYzg1DQoNCg==", "EventData.ConnectionType": "1"}
{"EventID": "1225", "Channel": "Microsoft-Windows-PushNotification-Platform/Operational", "Provider_Name": "Microsoft-Windows-PushNotifications-Platform", "Computer": "DESKTOP-OFJ6N53", "TimeCreated": "2025-08-26 08:51:59.442825+00:00", "RecordID": "3705750", "Level": "5", "UserID": "S-1-5-18", "EventData.Verb": "PNG", "EventData.TrID": "8", "EventData.Namespace": "CON", "EventData.CorrelationVector": "vIKL831gwESlCc7B.8.0", "EventData.Bytes": "125", "EventData.Payload": "TVMtQ1Y6IHZJS0w4MzFnd0VTbENjN0IuOC4wDQoNCjxwaW5nLXJlc3BvbnNlPjx3YWl0PjQxPC93YWl0Pjxjb25uZWN0aW9uLXN0YXR1cz5Db25uZWN0ZWQ8L2Nvbm5lY3Rpb24tc3RhdHVzPjwvcGluZy1yZXNwb25zZT4=", "EventData.ConnectionType": "1"}
{"EventID": "1268", "Channel": "Microsoft-Windows-PushNotification-Platform/Operational", "Provider_Name": "Microsoft-Windows-PushNotifications-Platform", "Computer": "DESKTOP-OFJ6N53", "TimeCreated": "2025-08-26 08:51:59.442827+00:00", "RecordID": "3705751", "Level": "5", "UserID": "S-1-5-18", "EventData.Verb": "PNG", "EventData.TrID": "8", "EventData.Namespace": "CON", "EventData.CorrelationVector": "vIKL831gwESlCc7B.8.0", "EventData.Bytes": "125", "EventData.Payload": "UE5HIDggQ09OADEyNQ0KTVMtQ1Y6IHZJS0w4MzFnd0VTbENjN0IuOC4wDQoNCjxwaW5nLXJlc3BvbnNlPjx3YWl0PjQxPC93YWl0Pjxjb25uZWN0aW9uLXN0YXR1cz5Db25uZWN0ZWQ8L2Nvbm5lY3Rpb24tc3RhdHVzPjw=", "EventData.ConnectionType": "1"}
{"EventID": "1223", "Channel": "Microsoft-Windows-PushNotification-Platform/Operational", "Provider_Name": "Microsoft-Windows-PushNotifications-Platform", "Computer": "DESKTOP-OFJ6N53", "TimeCreated": "2025-08-26 08:52:59.374237+00:00", "RecordID": "3705752", "Level": "5", "UserID": "S-1-5-18", "EventData.Verb": "PNG", "EventData.TrID": "9", "EventData.Namespace": "CON", "EventData.CorrelationVector": "vIKL831gwESlCc7B.9", "EventData.Bytes": "29", "EventData.Payload": "Q29udGV4dDogYjFiNzcyYmFkOGQ0YjhjMQ0KDQo=", "EventData.ConnectionType": "1"}
{"EventID": "1267", "Channel": "Microsoft-Windows-PushNotification-Platform/Operational", "Provider_Name": "Microsoft-Windows-PushNotifications-Platform", "Computer": "DESKTOP-OFJ6N53", "TimeCreated": "2025-08-26 08:52:59.374237+00:00", "RecordID": "3705753", "Level": "5", "UserID": "S-1-5-18", "EventData.Verb": "PNG", "EventData.TrID": "9", "EventData.Namespace": "CON", "EventData.CorrelationVector": "vIKL831gwESlCc7B.9", "EventData.Bytes": "70", "EventData.Payload": "UE5HIDkgQ09OIDU2DQpNUy1DVjogdklLTDgzMWd3RVNsQ2M3Qi45DQpDb250ZXh0OiBiMWI3NzJiYWQ4ZDRiOGMxDQoNCg==", "EventData.ConnectionType": "1"}
{"EventID": "1225", "Channel": "Microsoft-Windows-PushNotification-Platform/Operational", "Provider_Name": "Microsoft-Windows-PushNotifications-Platform", "Computer": "DESKTOP-OFJ6N53", "TimeCreated": "2025-08-26 08:52:59.494221+00:00", "RecordID": "3705754", "Level": "5", "UserID": "S-1-5-18", "EventData.Verb": "PNG", "EventData.TrID": "9", "EventData.Namespace": "CON", "EventData.CorrelationVector": "vIKL831gwESlCc7B.9.0", "EventData.Bytes": "125", "EventData.Payload": "TVMtQ1Y6IHZJS0w4MzFnd0VTbENjN0IuOS4wDQoNCjxwaW5nLXJlc3BvbnNlPjx3YWl0PjQ1PC93YWl0Pjxjb25uZWN0aW9uLXN0YXR1cz5Db25uZWN0ZWQ8L2Nvbm5lY3Rpb24tc3RhdHVzPjwvcGluZy1yZXNwb25zZT4=", "EventData.ConnectionType": "1"}
{"EventID": "1268", "Channel": "Microsoft-Windows-PushNotification-Platform/Operational", "Provider_Name": "Microsoft-Windows-PushNotifications-Platform", "Computer": "DESKTOP-OFJ6N53", "TimeCreated": "2025-08-26 08:52:59.494223+00:00", "RecordID": "3705755", "Level": "5", "UserID": "S-1-5-18", "EventData.Verb": "PNG", "EventData.TrID": "9", "EventData.Namespace": "CON", "EventData.CorrelationVector": "vIKL831gwESlCc7B.9.0", "EventData.Bytes": "125", "EventData.Payload": "UE5HIDkgQ09OADEyNQ0KTVMtQ1Y6IHZJS0w4MzFnd0VTbENjN0IuOS4wDQoNCjxwaW5nLXJlc3BvbnNlPjx3YWl0PjQ1PC93YWl0Pjxjb25uZWN0aW9uLXN0YXR1cz5Db25uZWN0ZWQ8L2Nvbm5lY3Rpb24tc3RhdHVzPjw=", "EventData.ConnectionType": "1"}
{"EventID": "1223", "Channel": "Microsoft-Windows-PushNotification-Platform/Operational", "Provider_Name": "Microsoft-Windows-PushNotifications-Platform", "Computer": "DESKTOP-OFJ6N53", "TimeCreated": "2025-08-26 08:53:59.388594+00:00", "RecordID": "3705756", "Level": "5", "UserID": "S-1-5-18", "EventData.Verb": "PNG", "EventData.TrID": "10", "EventData.Namespace": "CON", "EventData.CorrelationVector": "vIKL831gwESlCc7B.10", "EventData.Bytes": "29", "EventData.Payload": "Q29udGV4dDogYmVmMDU4ZGY2ZDQyNDYzZg0KDQo=", "EventData.ConnectionType": "1"}
{"EventID": "1267", "Channel": "Microsoft-Windows-PushNotification-Platform/Operational", "Provider_Name": "Microsoft-Windows-PushNotifications-Platform", "Computer": "DESKTOP-OFJ6N53", "TimeCreated": "2025-08-26 08:53:59.388594+00:00", "RecordID": "3705757", "Level": "5", "UserID": "S-1-5-18", "EventData.Verb": "PNG", "EventData.TrID": "10", "EventData.Namespace": "CON", "EventData.CorrelationVector": "vIKL831gwESlCc7B.10", "EventData.Bytes": "72", "EventData.Payload": "UE5HIDEwIENPTiA1Nw0KTVMtQ1Y6IHZJS0w4MzFnd0VTbENjN0IuMTANCkNvbnRleHQ6IGJlZjA1OGRmNmQ0MjQ2M2YNCg0K", "EventData.ConnectionType": "1"}
{"EventID": "1225", "Channel": "Microsoft-Windows-PushNotification-Platform/Operational", "Provider_Name": "Microsoft-Windows-PushNotifications-Platform", "Computer": "DESKTOP-OFJ6N53", "TimeCreated": "2025-08-26 08:53:59.451200+00:00", "RecordID": "3705758", "Level": "5", "UserID": "S-1-5-18", "EventData.Verb": "PNG", "EventData.TrID": "10", "EventData.Namespace": "CON", "EventData.CorrelationVector": "vIKL831gwESlCc7B.10.0", "EventData.Bytes": "126", "EventData.Payload": "TVMtQ1Y6IHZJS0w4MzFnd0VTbENjN0IuMTAuMA0KDQo8cGluZy1yZXNwb25zZT48d2FpdD40MTwvd2FpdD48Y29ubmVjdGlvbi1zdGF0dXM+Q29ubmVjdGVkPC9jb25uZWN0aW9uLXN0YXR1cz48L3BpbmctcmVzcG9uc2U+", "EventData.ConnectionType": "1"}
{"EventID": "1268", "Channel": "Microsoft-Windows-PushNotification-Platform/Operational", "Provider_Name": "Microsoft-Windows-PushNotifications-Platform", "Computer": "DESKTOP-OFJ6N53", "TimeCreated": "2025-08-26 08:53:59.451202+00:00", "RecordID": "3705759", "Level": "5", "UserID": "S-1-5-18", "EventData.Verb": "PNG", "EventData.TrID": "10", "EventData.Namespace": "CON", "EventData.CorrelationVector": "vIKL831gwESlCc7B.10.0", "EventData.Bytes": "126", "EventData.Payload": "UE5HIDEwIENPTgAxMjYNCk1TLUNWOiB2SUtMODMxZ3dFU2xDYzdCLjEwLjANCg0KPHBpbmctcmVzcG9uc2U+PHdhaXQ+NDE8L3dhaXQ+PGNvbm5lY3Rpb24tc3RhdHVzPkNvbm5lY3RlZDwvY29ubmVjdGlvbi1zdGF0dXM+", "EventData.ConnectionType": "1"}
{"EventID": "1238", "Channel": "Microsoft-Windows-PushNotification-Platform/Operational", "Provider_Name": "Microsoft-Windows-PushNotifications-Platform", "Computer": "DESKTOP-OFJ6N53", "TimeCreated": "2025-08-26 08:53:59.451902+00:00", "RecordID": "3705760", "Level": "4", "UserID": "S-1-5-18"}
{"EventID": "1113", "Channel": "Microsoft-Windows-PushNotification-Platform/Operational", "Provider_Name": "Microsoft-Windows-PushNotifications-Platform", "Computer": "DESKTOP-OFJ6N53", "TimeCreated": "2025-08-26 08:53:59.455425+00:00", "RecordID": "3705761", "Level": "4", "UserID": "S-1-5-18", "EventData.DeviceId": "0018000B432B2E76", "EventData.ConnectionType": "0"}
{"EventID": "1254", "Channel": "Microsoft-Windows-PushNotification-Platform/Operational", "Provider_Name": "Microsoft-Windows-PushNotifications-Platform", "Computer": "DESKTOP-OFJ6N53", "TimeCreated": "2025-08-26 08:53:59.460308+00:00", "RecordID": "3705762", "Level": "4", "UserID": "S-1-5-18", "EventData.ConnectionType": "0", "EventData.OldIndex": "0", "EventData.OldAddressFamily": "0", "EventData.NewIndex": "18", "EventData.NewAddressFamily": "0", "EventData.NewPhysicalMediumType": "14"}
{"EventID": "1207", "Channel": "Microsoft-Windows-PushNotification-Platform/Operational", "Provider_Name": "Microsoft-Windows-PushNotifications-Platform", "Computer": "DESKTOP-OFJ6N53", "TimeCreated": "2025-08-26 08:53:59.461525+00:00", "RecordID": "3705763", "Level": "4", "UserID": "S-1-5-18", "EventData.ConnectionType": "0", "EventData.HostName": "client.wns.windows.com"}
{"EventID": "1208", "Channel": "Microsoft-Windows-PushNotification-Platform/Operational", "Provider_Name": "Microsoft-Windows-PushNotifications-Platform", "Computer": "DESKTOP-OFJ6N53", "TimeCreated": "2025-08-26 08:53:59.469875+00:00", "RecordID": "3705764", "Level": "4", "UserID": "S-1-5-18", "EventData.ConnectionType": "0", "EventData.ErrorCode": "0"}
{"EventID": "1211", "Channel": "Microsoft-Windows-PushNotification-Platform/Operational", "Provider_Name": "Microsoft-Windows-PushNotifications-Platform", "Computer": "DESKTOP-OFJ6N53", "TimeCreated": "2025-08-26 08:53:59.469885+00:00", "RecordID": "3705765", "Level": "4", "UserID": "S-1-5-18", "EventData.ConnectionType": "0", "EventData.HostName": "client.wns.windows.com", "EventData.Port": "443"}
{"EventID": "1212", "Channel": "Microsoft-Windows-PushNotification-Platform/Operational", "Provider_Name": "Microsoft-Windows-PushNotifications-Platform", "Computer": "DESKTOP-OFJ6N53", "TimeCreated": "2025-08-26 08:53:59.535131+00:00", "RecordID": "3705766", "Level": "4", "UserID": "S-1-5-18", "EventData.ConnectionType": "0", "EventData.HostName": "client.wns.windows.com", "EventData.Port": "443"}
{"EventID": "1217", "Channel": "Microsoft-Windows-PushNotification-Platform/Operational", "Provider_Name": "Microsoft-Windows-PushNotifications-Platform", "Computer": "DESKTOP-OFJ6N53", "TimeCreated": "2025-08-26 08:53:59.535137+00:00", "RecordID": "3705767", "Level": "4", "UserID": "S-1-5-18", "EventData.ConnectionType": "0"}
{"EventID": "1257", "Channel": "Microsoft-Windows-PushNotification-Platform/Operational", "Provider_Name": "Microsoft-Windows-PushNotifications-Platform", "Computer": "DESKTOP-OFJ6N53", "TimeCreated": "2025-08-26 08:53:59.535559+00:00", "RecordID": "3705768", "Level": "4", "UserID": "S-1-5-18", "EventData.ConnectionType": "0", "EventData.Error": "590610"}
{"EventID": "1257", "Channel": "Microsoft-Windows-PushNotification-Platform/Operational", "Provider_Name": "Microsoft-Windows-PushNotifications-Platform", "Computer": "DESKTOP-OFJ6N53", "TimeCreated": "2025-08-26 08:53:59.603733+00:00", "RecordID": "3705769", "Level": "4", "UserID": "S-1-5-18", "EventData.ConnectionType": "0", "EventData.Error": "590610"}
{"EventID": "1257", "Channel": "Microsoft-Windows-PushNotification-Platform/Operational", "Provider_Name": "Microsoft-Windows-PushNotifications-Platform", "Computer": "DESKTOP-OFJ6N53", "TimeCreated": "2025-08-26 08:53:59.678749+00:00", "RecordID": "3705770", "Level": "4", "UserID": "S-1-5-18", "EventData.ConnectionType": "0", "EventData.Error": "0"}
{"EventID": "1218", "Channel": "Microsoft-Windows-PushNotification-Platform/Operational", "Provider_Name": "Microsoft-Windows-PushNotifications-Platform", "Computer": "DESKTOP-OFJ6N53", "TimeCreated": "2025-08-26 08:53:59.678753+00:00", "RecordID": "3705771", "Level": "4", "UserID": "S-1-5-18", "EventData.ConnectionType": "0", "EventData.ErrorCode": "0"}
{"EventID": "1223", "Channel": "Microsoft-Windows-PushNotification-Platform/Operational", "Provider_Name": "Microsoft-Windows-PushNotifications-Platform", "Computer": "DESKTOP-OFJ6N53", "TimeCreated": "2025-08-26 08:53:59.679892+00:00", "RecordID": "3705772", "Level": "5", "UserID": "S-1-5-18", "EventData.Verb": "CNT", "EventData.TrID": "1", "EventData.Namespace": "CON", "EventData.CorrelationVector": "bUDTVYS1aEuBXULE.1", "EventData.Bytes": "277", "EventData.Payload": "Q29udGV4dDogMzk3M2E2M2IxZDViZmQ2NQ0KDQo8Y29ubmVjdD48dmVyPjI8L3Zlcj48YWdlbnQ+PG9zPldpbmRvd3M8L29zPjxvc1Zlcj4xMC4wLjAuMC4xOTA0NTwvb3NWZXI+PHByb2M+eDY0PC9wcm9jPjxsY2lkPnJ1LVJVPC9sY2lkPjxnZW9JZD4yMDM8L2dlb0lkPjxhb2FjPjA8L2FvYWM+PGRldmljZVR5cGU+MTwvZGV2aWNlVHlwZT48ZGV2aWNlTmFtZT5WTXdhcmU3LDE8L2RldmljZU5hbWU+PGZvbGxvd1JldHJ5PnRydWU8L2ZvbGxvd1JldHJ5PjwvYWdlbnQ+PC9jb25uZWN0Pg==", "EventData.ConnectionType": "0"}
{"EventID": "1267", "Channel": "Microsoft-Windows-PushNotification-Platform/Operational", "Provider_Name": "Microsoft-Windows-PushNotifications-Platform", "Computer": "DESKTOP-OFJ6N53", "TimeCreated": "2025-08-26 08:53:59.679893+00:00", "RecordID": "3705773", "Level": "5", "UserID": "S-1-5-18", "EventData.Verb": "CNT", "EventData.TrID": "1", "EventData.Namespace": "CON", "EventData.CorrelationVector": "bUDTVYS1aEuBXULE.1", "EventData.Bytes": "319", "EventData.Payload": "Q05UIDEgQ09OIDMwNA0KTVMtQ1Y6IGJVRFRWWVMxYUV1QlhVTEUuMQ0KQ29udGV4dDogMzk3M2E2M2IxZDViZmQ2NQ0KDQo8Y29ubmVjdD48dmVyPjI8L3Zlcj48YWdlbnQ+PG9zPldpbmRvd3M8L29zPjxvc1Zlcj4xMC4wLjAuMC4xOTA0NTwvb3NWZXI+PHByb2M+eDY0PC9wcm9jPjxsY2lkPnJ1LVJVPC9sY2lkPjxnZW9JZD4yMDM8L2dlb0lkPjxhb2FjPjA8L2FvYWM+PGRldmljZVR5cGU+MTwvZGV2aWNlVHlwZT48ZGV2aWNlTmFtZT5WTXdhcmU3LDE8L2RldmljZU5hbWU+PGZvbGxvd1JldHJ5PnRydWU8L2ZvbGxvd1JldHJ5PjwvYWdlbnQ+PC9jb25uZWN0Pg==", "EventData.ConnectionType": "0"}
{"EventID": "1223", "Channel": "Microsoft-Windows-PushNotification-Platform/Operational", "Provider_Name": "Microsoft-Windows-PushNotifications-Platform", "Computer": "DESKTOP-OFJ6N53", "TimeCreated": "2025-08-26 08:53:59.680021+00:00", "RecordID": "3705774", "Level": "5", "UserID": "S-1-5-18", "EventData.Verb": "ATH", "EventData.TrID": "2", "EventData.Namespace": "CON\\DEVICE", "EventData.CorrelationVector": "bUDTVYS1aEuBXULE.2", "EventData.Bytes": "1334", "EventData.Payload": "Q29udGV4dDogMzk3M2E2M2IxZDViZmQ2NQ0KDQo8ZGV2aWNlPjxjb21wYWN0LXRpY2tldD50PUV3Q1lBK3BJQkFBVTFiREdmZGF6aURmWHBqTjVONmNZaFQxd2JtUUFBV1UwOVF3cVNrY2VHKyt6Wlk3aEQ1Vlo3UTBSc1ltNDFkSTJZajFLaDJNdnhER0RlT3ZhNlM3UjVzdnlJWUlEQVBvaFd3WWlpa2k4Uy9pY3ZKYm1hc2M0Y2VNTUN4dUJOMTBQb2tpb3J2a01yMWx2Q2dRSzlLNTJjRmpuakxGRUlYS29iNGJ6ZVdXT29XVzZJamJ1aEwyVi8xRWFjUGlpbXQ0V3FYYytoTXJXc3VjdWRqNHR3Zjg3SjA2bnVGbnhVaVRpVXVpdFQzQ3Q4Vi9zbUljQ2ZkQWlNbGRPWDZqYVdPTnBYSzNrSEw2U2lCQ2J4d1JhL0pwZEo2cDdwY0huOGZLeGxSQmFQY082MENEZjFIeDBTSnM3czUrR0VramlDT0xHaGE3NmRMV2RBRzFJeURDVk1LMVdOME1hQ2tBeGRsdDRRRTZnMkZMWHhzTXdBbENMRHlvUVpnQUFFR3ROMFJxY09lYndFUlN4ZjJ3OGhMVmdBaTM4b2NrSHJKa1E1aGtxRDNvaUg2b1plZzhpU0IwazdLQWdkRmYzaTdPN1p2bFVsS3RjRDJMRWMwMjhLZElxUkhDUUErNU05azZEL1lPRkVSYWNvNEdOMEE2dmlmQktjM2VBeE1oMEFHWWRDMGs0dGV5dEp0cVpoMkd0eEVKWnk4ekkxUWVxSUZENXl1aFJnSkplUldEcVp4dzBPbzR6eDJkK256N2REbEhwOVpHWDErK3FKbHVCZkJUamFrbkFSeVpHeitucU5SWXJCK0lIcWtPUEoxNHdXTGNRNVFrWHdRMGpUenFwalBNWjY3Nkp4R29nRTdCR2p4WU5VaW51VW81TlQ2aUxNQU44R2xQN01QbFh4dkM3a1ZiVlU3ZzdwTDRxRy83L0xCeTBCa2F6YzczUEFIYXJzUkpLUGpCMXpPU0hIcHA4STAvTkc2WVB0cVQ3dWhFMk5YOFg2TnJuTHJFUFYxWWx1ZGNTd25hYTFZVWF2WFJmd3U4clFGbDZkTkE5QTg3UHp1RUh4SG1EVVlQbThiWXhrVTV2U08rZkZCMCtiTitUeXppUXRJd0hiS0EwWGVOK0w3TEpkc3NWdjYxMXlZU0NKYnl6T2FYMGU1VEU0TXVhNm8zTVhIYXBBcW02cklTKzArSCs5YlJNTDFZNzJCM05vSk5WQitnWjlrT3F3djVxVzFDbWR0WHM1M3BWVDRlOEp2TWFuaTVKTzFLTkdLOEtPSUFCR216cGhqa1cxektrd0lKazBUSGdPdDMwWG5jcmdBWDBHZHdsVkF2K3Y4WitkeHVjUVYvMng5cmhVa2NYcURYSktPeVh1TEdQOTdNdnBCei9yeDE2U0FuTkdMamNIQ3hsWWswYzlwM0hPdlYrNm1JTEZ3NHFTYlNpL0t6ZGNBdEovM1kyY1M3M0Vac1AzWWpGRllkTitsV09GaUtYbVRrK3ZoV0I2NXppTXhWd2JSVnIrSzlONFBDaGZseVVmNVo3MG5KaURNR3l1dS8va3o0UDY2ZE9yVjEzQU5YcGxMQVYzSG1sY2tUY2dQeS8vc29HdG05NDZuT3VubTBjTmZVNWtnST08L2NvbXBhY3QtdGlja2V0PjxpZD4wMDE4MDAwQjQzMkIyRTc2PC9pZD48L2RldmljZT4=", "EventData.ConnectionType": "0"}
{"EventID": "1267", "Channel": "Microsoft-Windows-PushNotification-Platform/Operational", "Provider_Name": "Microsoft-Windows-PushNotifications-Platform", "Computer": "DESKTOP-OFJ6N53", "TimeCreated": "2025-08-26 08:53:59.680023+00:00", "RecordID": "3705775", "Level": "5", "UserID": "S-1-5-18", "EventData.Verb": "ATH", "EventData.TrID": "2", "EventData.Namespace": "CON\\DEVICE", "EventData.CorrelationVector": "bUDTVYS1aEuBXULE.2", "EventData.Bytes": "1384", "EventData.Payload": "QVRIIDIgQ09OXERFVklDRSAxMzYxDQpNUy1DVjogYlVEVFZZUzFhRXVCWFVMRS4yDQpDb250ZXh0OiAzOTczYTYzYjFkNWJmZDY1DQoNCjxkZXZpY2U+PGNvbXBhY3QtdGlja2V0PnQ9RXdDWUErcElCQUFVMWJER2ZkYXppRGZYcGpONU42Y1loVDF3Ym1RQUFXVTA5UXdxU2tjZUcrK3paWTdoRDVWWjdRMFJzWW00MWRJMllqMUtoMk12eERHRGVPdmE2UzdSNXN2eUlZSURBUG9oV3dZaWlraThTL2ljdkpibWFzYzRjZU1NQ3h1Qk4xMFBva2lvcnZrTXIxbHZDZ1FLOUs1MmNGam5qTEZFSVhLb2I0YnplV1dPb1dXNklqYnVoTDJWLzFFYWNQaWltdDRXcVhjK2hNcldzdWN1ZGo0dHdmODdKMDZudUZueFVpVGlVdWl0VDNDdDhWL3NtSWNDZmRBaU1sZE9YNmphV09OcFhLM2tITDZTaUJDYnh3UmEvSnBkSjZwN3BjSG44Zkt4bFJCYVBjTzYwQ0RmMUh4MFNKczdzNStHRWtqaUNPTEdoYTc2ZExXZEFHMUl5RENWTUsxV04wTWFDa0F4ZGx0NFFFNmcyRkxYeHNNd0FsQ0xEeW9RWmdBQUVHdE4wUnFjT2Vid0VSU3hmMnc4aExWZ0FpMzhvY2tIckprUTVoa3FEM29pSDZvWmVnOGlTQjBrN0tBZ2RGZjNpN083WnZsVWxLdGNEMkxFYzAyOEtkSXFSSENRQSs1TTlrNkQvWU9GRVJhY280R04wQTZ2aWZCS2MzZUF4TWgwQUdZZEMwazR0ZXl0SnRxWmgyR3R4RUpaeTh6STFRZXFJRkQ1eXVoUmdKSmVSV0RxWnh3ME9vNHp4MmQrbno3ZERsSHA5WkdYMSsrcUpsdUJmQlRqYWtuQVJ5Wkd6K25xTlJZckIrSUhxa09QSjE0d1dMY1E1UWtYd1EwalR6cXBqUE1aNjc2SnhHb2dFN0JHanhZTlVpbnVVbzVOVDZpTE1BTjhHbFA3TVBsWHh2QzdrVmJWVTdnN3BMNHFHLzcvTEJ5MEJrYXpjNzNQQUhhcnNSSktQakIxek9TSEhwcDhJMC9ORzZZUHRxVDd1aEUyTlg4WDZOcm5MckVQVjFZbHVkY1N3bmFhMVlVYXZYUmZ3dThyUUZsNmROQTlBODdQenVFSHhIbURVWVBtOGJZeGtVNXZTTytmRkIwK2JOK1R5emlRdEl3SGJLQTBYZU4rTDdMSmRzc1Z2NjExeVlTQ0pieXpPYVgwZTVURTRNdWE2bzNNWEhhcEFxbTZySVMrMCtIKzliUk1MMVk3MkIzTm9KTlZCK2daOWtPcXd2NXFXMUNtZHRYczUzcFZUNGU4SnZNYW5pNUpPMUtOR0s4S09JQUJHbXpwaGprVzF6S2t3SUprMFRIZ090MzBYbmNyZ0FYMEdkd2xWQXYrdjhaK2R4dWNRVi8yeDlyaFVrY1hxRFhKS095WHVMR1A5N012cEJ6L3J4MTZTQW5OR0xqY0hDeGxZazBjOXAzSE92Vis2bUlMRnc0cVNiU2kvS3pkY0F0Si8zWTJjUzczRVpzUDNZakZGWWROK2xXT0ZpS1htVGsrdmhXQjY1emlNeFZ3YlJWcitLOU40UENoZmx5VWY1WjcwbkppRE1HeXV1Ly9rejRQNjZkT3JWMTNBTlhwbExBVjNIbWxja1RjZ1B5Ly9zb0d0bTk0Nm5PdW5tMGNOZlU1a2dJPTwvY29tcGFjdC10aWNrZXQ+PGlkPjAwMTgwMDBCNDMyQjJFNzY8L2lkPjwvZGV2aWNlPg==", "EventData.ConnectionType": "0"}
{"EventID": "1223", "Channel": "Microsoft-Windows-PushNotification-Platform/Operational", "Provider_Name": "Microsoft-Windows-PushNotifications-Platform", "Computer": "DESKTOP-OFJ6N53", "TimeCreated": "2025-08-26 08:53:59.680218+00:00", "RecordID": "3705776", "Level": "5", "UserID": "S-1-5-18", "EventData.Verb": "BND", "EventData.TrID": "3", "EventData.Namespace": "CON\\QOS", "EventData.CorrelationVector": "bUDTVYS1aEuBXULE.3", "EventData.Bytes": "29", "EventData.Payload": "Q29udGV4dDogMzk3M2E2M2IxZDViZmQ2NQ0KDQo=", "EventData.ConnectionType": "0"}
{"EventID": "1267", "Channel": "Microsoft-Windows-PushNotification-Platform/Operational", "Provider_Name": "Microsoft-Windows-PushNotifications-Platform", "Computer": "DESKTOP-OFJ6N53", "TimeCreated": "2025-08-26 08:53:59.680218+00:00", "RecordID": "3705777", "Level": "5", "UserID": "S-1-5-18", "EventData.Verb": "BND", "EventData.TrID": "3", "EventData.Namespace": "CON\\QOS", "EventData.CorrelationVector": "bUDTVYS1aEuBXULE.3", "EventData.Bytes": "74", "EventData.Payload": "Qk5EIDMgQ09OXFFPUyA1Ng0KTVMtQ1Y6IGJVRFRWWVMxYUV1QlhVTEUuMw0KQ29udGV4dDogMzk3M2E2M2IxZDViZmQ2NQ0KDQo=", "EventData.ConnectionType": "0"}
{"EventID": "1225", "Channel": "Microsoft-Windows-PushNotification-Platform/Operational", "Provider_Name": "Microsoft-Windows-PushNotifications-Platform", "Computer": "DESKTOP-OFJ6N53", "TimeCreated": "2025-08-26 08:53:59.742041+00:00", "RecordID": "3705778", "Level": "5", "UserID": "S-1-5-18", "EventData.Verb": "CNT", "EventData.TrID": "1", "EventData.Namespace": "CON", "EventData.CorrelationVector": "bUDTVYS1aEuBXULE.1.0", "EventData.Bytes": "236", "EventData.Payload": "Q29udGV4dDogMzk3M2E2M2IxZDViZmQ2NQ0KTVMtQ1Y6IGJVRFRWWVMxYUV1QlhVTEUuMS4wDQoNCjxjb25uZWN0LXJlc3BvbnNlPjx2ZXI+MTwvdmVyPjxzZXNzaW9uPjxpZD5NdHAxLjEwNS84NDIyODgyNy5iYmZlNGM5Ny0wMWJiLTA1ODgtN2MwZS03YjNiNGI1YzY4NjQ8L2lkPjx0aW1lb3V0PjIwMDA8L3RpbWVvdXQ+PC9zZXNzaW9uPjxxb3N0ZXN0PmZhbHNlPC9xb3N0ZXN0PjwvY29ubmVjdC1yZXNwb25zZT4=", "EventData.ConnectionType": "0"}
{"EventID": "1268", "Channel": "Microsoft-Windows-PushNotification-Platform/Operational", "Provider_Name": "Microsoft-Windows-PushNotifications-Platform", "Computer": "DESKTOP-OFJ6N53", "TimeCreated": "2025-08-26 08:53:59.742043+00:00", "RecordID": "3705779", "Level": "5", "UserID": "S-1-5-18", "EventData.Verb": "CNT", "EventData.TrID": "1", "EventData.Namespace": "CON", "EventData.CorrelationVector": "bUDTVYS1aEuBXULE.1.0", "EventData.Bytes": "236", "EventData.Payload": "Q05UIDEgQ09OADIzNg0KQ29udGV4dDogMzk3M2E2M2IxZDViZmQ2NQ0KTVMtQ1Y6IGJVRFRWWVMxYUV1QlhVTEUuMS4wDQoNCjxjb25uZWN0LXJlc3BvbnNlPjx2ZXI+MTwvdmVyPjxzZXNzaW9uPjxpZD5NdHAxLjEwNS84NDIyODgyNy5iYmZlNGM5Ny0wMWJiLTA1ODgtN2MwZS03YjNiNGI1YzY4NjQ8L2lkPjx0aW1lb3V0PjIwMDA8L3RpbWVvdXQ+PC9zZXNzaW9uPjxxb3N0ZXN0PmZhbHNlPC9xb3N0ZXN0PjwvY28=", "EventData.ConnectionType": "0"}
{"EventID": "1225", "Channel": "Microsoft-Windows-PushNotification-Platform/Operational", "Provider_Name": "Microsoft-Windows-PushNotifications-Platform", "Computer": "DESKTOP-OFJ6N53", "TimeCreated": "2025-08-26 08:53:59.744093+00:00", "RecordID": "3705780", "Level": "5", "UserID": "S-1-5-18", "EventData.Verb": "ATH", "EventData.TrID": "2", "EventData.Namespace": "CON", "EventData.CorrelationVector": "bUDTVYS1aEuBXULE.2.0", "EventData.Bytes": "58", "EventData.Payload": "Q29udGV4dDogMzk3M2E2M2IxZDViZmQ2NQ0KTVMtQ1Y6IGJVRFRWWVMxYUV1QlhVTEUuMi4wDQoNCg==", "EventData.ConnectionType": "0"}
{"EventID": "1268", "Channel": "Microsoft-Windows-PushNotification-Platform/Operational", "Provider_Name": "Microsoft-Windows-PushNotifications-Platform", "Computer": "DESKTOP-OFJ6N53", "TimeCreated": "2025-08-26 08:53:59.744093+00:00", "RecordID": "3705781", "Level": "5", "UserID": "S-1-5-18", "EventData.Verb": "ATH", "EventData.TrID": "2", "EventData.Namespace": "CON", "EventData.CorrelationVector": "bUDTVYS1aEuBXULE.2.0", "EventData.Bytes": "58", "EventData.Payload": "QVRIIDIgQ09OADU4DQpDb250ZXh0OiAzOTczYTYzYjFkNWJmZDY1DQpNUy1DVjogYlVEVFZZUzFhRQ==", "EventData.ConnectionType": "0"}
