{"EventID": "400", "Channel": "Microsoft-Windows-AppXDeploymentServer/Operational", "Provider_Name": "Microsoft-Windows-AppXDeployment-Server", "Computer": "DESKTOP-OFJ6N53", "TimeCreated": "2025-08-01 21:35:02.749178+00:00", "RecordID": "115154", "Level": "4", "UserID": "S-1-5-18", "EventData.DeploymentOperation": "4", "EventData.PackageFullName": "Microsoft.Office.OneNote_16001.14326.22594.0_neutral_~_8wekyb3d8bbwe", "EventData.Path": "(435dbef8e7d720281c7d631d6c28f30d0cde4d79)", "EventData.MountPoint": "C:", "EventData.TargetPlatform": "0x00000003", "EventData.SystemVolume": "True", "EventData.StorageId": "\\\\?\\Volume{c33a8663-71a2-4031-8cec-c21914fe12ad}", "EventData.IsCentennial": "False", "EventData.PackageType": "0x00000008", "EventData.IsPackageEncrypted": "False", "EventData.DeploymentOptions": "0x0100008004000010", "EventData.IsStreamingPackage": "False", "EventData.IsInRelatedSet": "False", "EventData.IsPackageUsingBDC": "False", "EventData.MainPackageFamilyName": "NULL", "EventData.CallingProcess": "svchost.exe,wuauserv", "EventData.IsOptional": "False", "EventData.PackageFlags": "0x00000000", "EventData.PackageFlags2": "0x00000800", "EventData.HasWin32alacarte": "False", "EventData.HasFullTrust": "False", "EventData.ExternalLocation": null, "EventData.PackageSourceUri": "x-windowsupdate://DE3718EB-3205-43B7-ABC9-F158FF87D1C3/F022389F-F3A6-417E-AD23-704FBDF57117/435dbef8e7d720281c7d631d6c28f30d0cde4d79"}
{"EventID": "478", "Channel": "Microsoft-Windows-AppXDeploymentServer/Operational", "Provider_Name": "Microsoft-Windows-AppXDeployment-Server", "Computer": "DESKTOP-OFJ6N53", "TimeCreated": "2025-08-01 21:35:02.749281+00:00", "RecordID": "115155", "Level": "5", "UserID": "S-1-5-18", "EventData.DeploymentOperation": "4", "EventData.PackageFullName": "Microsoft.Office.OneNote_16001.14326.22594.0_x64__8wekyb3d8bbwe", "EventData.Path": "(435dbef8e7d720281c7d631d6c28f30d0cde4d79)", "EventData.MountPoint": "C:", "EventData.TargetPlatform": "0x00000003", "EventData.SystemVolume": "True", "EventData.StorageId": "\\\\?\\Volume{c33a8663-71a2-4031-8cec-c21914fe12ad}", "EventData.IsCentennial": "True", "EventData.PackageType": "0x00000001", "EventData.IsPackageEncrypted": "False", "EventData.DeploymentOptions": "0x0100008004000010", "EventData.IsStreamingPackage": "False", "EventData.IsInRelatedSet": "False", "EventData.IsPackageUsingBDC": "False", "EventData.MainPackageFamilyName": "NULL", "EventData.CallingProcess": "svchost.exe,wuauserv", "EventData.IsOptional": "False", "EventData.PackageFlags": "0x0080000c", "EventData.PackageFlags2": "0x00000800", "EventData.HasWin32alacarte": "False", "EventData.HasFullTrust": "True", "EventData.ExternalLocation": null, "EventData.PackageSourceUri": "x-windowsupdate://DE3718EB-3205-43B7-ABC9-F158FF87D1C3/F022389F-F3A6-417E-AD23-704FBDF57117/435dbef8e7d720281c7d631d6c28f30d0cde4d79"}
{"EventID": "649", "Channel": "Microsoft-Windows-AppXDeploymentServer/Operational", "Provider_Name": "Microsoft-Windows-AppXDeployment-Server", "Computer": "DESKTOP-OFJ6N53", "TimeCreated": "2025-08-01 21:35:02.766247+00:00", "RecordID": "115156", "Level": "4", "UserID": "S-1-5-18", "EventData.DeploymentOperation": "4", "EventData.PackageFullName": "Microsoft.Office.OneNote_16001.14326.22594.0_neutral_~_8wekyb3d8bbwe", "EventData.Summary": "PostDeploymentOperationCheck cost: 0 ms"}
{"EventID": "613", "Channel": "Microsoft-Windows-AppXDeploymentServer/Operational", "Provider_Name": "Microsoft-Windows-AppXDeployment-Server", "Computer": "DESKTOP-OFJ6N53", "TimeCreated": "2025-08-01 21:35:02.908432+00:00", "RecordID": "115157", "Level": "4", "UserID": "S-1-5-18", "EventData.DeploymentOperation": "4", "EventData.PackageFullName": "Microsoft.Office.OneNote_16001.14326.22594.0_neutral_~_8wekyb3d8bbwe", "EventData.Summary": "Overall time: 26531 ms\nEnqueue cost: 1844 ms\nDequeue delay: 0 ms\nBundle processing cost: 2219 ms\nGap: 15 ms\nIndexing cost: 781 ms\nResolve dependency cost: 0 ms\nGap: 16 ms\nCheck approval cost: 16 ms\nEvaluation cost: 6062 ms\nHardlinking evaluation cost: 328 ms\nStage required cost: 13703 ms\nFlushing and closing files cost: 0 ms\nGap: 94 ms\nMachine register cost: 359 ms\nStage user data cost: 0 ms\nRegistration cost: 0 ms\nGap: 16 ms\nRepository commit transaction cost: 1234 ms\nGap: 32 ms\nData flush cost: 0 ms\nPost DeStage repository commit transaction cost: 0 ms\nRemaining cost: 140 ms"}
{"EventID": "603", "Channel": "Microsoft-Windows-AppXDeploymentServer/Operational", "Provider_Name": "Microsoft-Windows-AppXDeployment-Server", "Computer": "DESKTOP-OFJ6N53", "TimeCreated": "2025-08-01 21:35:03.462282+00:00", "RecordID": "115158", "Level": "4", "UserID": "S-1-5-21-963789628-1060504924-4285088085-1001", "EventData.DeploymentOperation": "20", "EventData.Path": "Microsoft.MicrosoftOfficeHub_8wekyb3d8bbwe", "EventData.Flags": "67127296", "EventData.FlagsHigh": "262144", "EventData.CallingProcess": "svchost.exe,wuauserv", "EventData.ExternalLocation": null}
{"EventID": "10002", "Channel": "Microsoft-Windows-AppXDeploymentServer/Operational", "Provider_Name": "Microsoft-Windows-AppXDeployment-Server", "Computer": "DESKTOP-OFJ6N53", "TimeCreated": "2025-08-01 21:35:03.564325+00:00", "RecordID": "115159", "Level": "5", "UserID": "S-1-5-18", "EventData.DeploymentOperation": "6", "EventData.MainPackageMoniker": "Microsoft.MicrosoftOfficeHub_2025.729.2200.0_neutral_~_8wekyb3d8bbwe", "EventData.ResiliencyFilePath": "C:\\ProgramData\\Microsoft\\Windows\\AppRepository\\365b14a7-1997-42c6-8ca9-bba19ecec516_S-1-5-21-963789628-1060504924-4285088085-1001_4.rslc"}
{"EventID": "607", "Channel": "Microsoft-Windows-AppXDeploymentServer/Operational", "Provider_Name": "Microsoft-Windows-AppXDeployment-Server", "Computer": "DESKTOP-OFJ6N53", "TimeCreated": "2025-08-01 21:35:03.565355+00:00", "RecordID": "115160", "Level": "4", "UserID": "S-1-5-21-963789628-1060504924-4285088085-1001", "EventData.DeploymentOperation": "6", "EventData.PackageFullName": "Microsoft.MicrosoftOfficeHub_2025.729.2200.0_neutral_~_8wekyb3d8bbwe", "EventData.UserSid": "S-1-5-21-963789628-1060504924-4285088085-1001", "EventData.CallingProcess": "svchost.exe,wuauserv"}
{"EventID": "614", "Channel": "Microsoft-Windows-AppXDeploymentServer/Operational", "Provider_Name": "Microsoft-Windows-AppXDeployment-Server", "Computer": "DESKTOP-OFJ6N53", "TimeCreated": "2025-08-01 21:35:03.577829+00:00", "RecordID": "115161", "Level": "5", "UserID": "S-1-5-21-963789628-1060504924-4285088085-1001", "EventData.PathOne": "C:\\Program Files\\WindowsApps\\Microsoft.MicrosoftOfficeHub_2025.729.2200.0_neutral_~_8wekyb3d8bbwe\\AppxMetadata\\AppxBundleManifest.xml", "EventData.PathTwo": "\"OfficeApp_19.2507.59091.0_x64.msix\": Microsoft.MicrosoftOfficeHub_19.2507.59091.0_x64__8wekyb3d8bbwe \"OfficeApp_19.2507.59091.0_ARM64.msix\": Microsoft.MicrosoftOfficeHub_19.2507.59091.0_arm64__8wekyb3d8bbwe \"OfficeApp_19.2507.59091.0_language-af.msix\": Microsoft.MicrosoftOfficeHub_19.2507.59091.0_neutral_split.language-af_8wekyb3d8bbwe \"OfficeApp_19.2507.59091.0_language-am.msix\": Microsoft.MicrosoftOfficeHub_19.2507.59091.0_neutral_split.language-am_8wekyb3d8bbwe \"OfficeApp_19.2507.59091.0_language-ar.msix\": Microsoft.MicrosoftOfficeHub_19.2507.59091.0_neutral_split.language-ar_8wekyb3d8bbwe \"OfficeApp_19.2507.59091.0_language-as.msix\": Microsoft.MicrosoftOfficeHub_19.2507.59091.0_neutral_split.language-as_8wekyb3d8bbwe \"OfficeApp_19.2507.59091.0_language-az-latn.msix\": Microsoft.MicrosoftOfficeHub_19.2507.59091.0_neutral_split.language-az-latn_8wekyb3d8bbwe \"OfficeApp_19.2507.59091.0_language-bg.msix\": Microsoft.MicrosoftOfficeHub_19.2507.59091.0_neutral_split.language-bg_8wekyb3d8bbwe \"OfficeApp_19.2507.59091.0_language-bn.msix\": Microsoft.MicrosoftOfficeHub_19.2507.59091.0_neutral_split.language-bn_8wekyb3d8bbwe \"OfficeApp_19.2507.59091.0_language-bs.msix\": Microsoft.MicrosoftOfficeHub_19.2507.59091.0_neutral_split.language-bs_8wekyb3d8bbwe \"OfficeApp_19.2507.59091.0_language-ca.msix\": Microsoft.MicrosoftOfficeHub_19.2507.59091.0_neutral_split.language-ca_8wekyb3d8bbwe \"OfficeApp_19.2507.59091.0_language-cs.msix\": Microsoft.MicrosoftOfficeHub_19.2507.59091.0_neutral_split.language-cs_8wekyb3d8bbwe \"OfficeApp_19.2507.59091.0_language-cy.msix\": Microsoft.MicrosoftOfficeHub_19.2507.59091.0_neutral_split.language-cy_8wekyb3d8bbwe \"OfficeApp_19.2507.59091.0_language-da.msix\": Microsoft.MicrosoftOfficeHub_19.2507.59091.0_neutral_split.language-da_8wekyb3d8bbwe \"OfficeApp_19.2507.59091.0_language-de.msix\": Microsoft.MicrosoftOfficeHub_19.2507.59091.0_neutral_split.language-de_8wekyb3d8bbwe \"OfficeApp_19.2507.59091.0_language-el.msix\": Microsoft.MicrosoftOfficeHub_19.2507.59091.0_neutral_split.language-el_8wekyb3d8bbwe \"OfficeApp_19.2507.59091.0_language-es.msix\": Microsoft.MicrosoftOfficeHub_19.2507.59091.0_neutral_split.language-es_8wekyb3d8bbwe \"OfficeApp_19.2507.59091.0_language-et.msix\": Microsoft.MicrosoftOfficeHub_19.2507.59091.0_neutral_split.language-et_8wekyb3d8bbwe \"OfficeApp_19.2507.59091.0_language-eu.msix\": Microsoft.MicrosoftOfficeHub_19.2507.59091.0_neutral_split.language-eu_8wekyb3d8bbwe \"OfficeApp_19.2507.59091.0_language-fa.msix\": Microsoft.MicrosoftOfficeHub_19.2507.59091.0_neutral_split.language-fa_8wekyb3d8bbwe \"OfficeApp_19.2507.59091.0_language-fi.msix\": Microsoft.MicrosoftOfficeHub_19.2507.59091.0_neutral_split.language-fi_8wekyb3d8bbwe \"OfficeApp_19.2507.59091.0_language-fil-latn.msix\": Microsoft.MicrosoftOfficeHub_19.2507.59091.0_neutral_split.language-fil-latn_8wekyb3d8bbwe \"OfficeApp_19.2507.59091.0_language-fr.msix\": Microsoft.MicrosoftOfficeHub_19.2507.59091.0_neutral_split.language-fr_8wekyb3d8bbwe \"OfficeApp_19.2507.59091.0_language-ga.msix\": Microsoft.MicrosoftOfficeHub_19.2507.59091.0_neutral_split.language-ga_8wekyb3d8bbwe \"OfficeApp_19.2507.59091.0_language-gd-latn.msix\": Microsoft.MicrosoftOfficeHub_19.2507.59091.0_neutral_split.language-gd-latn_8wekyb3d8bbwe \"OfficeApp_19.2507.59091.0_language-gl.msix\": Microsoft.MicrosoftOfficeHub_19.2507.59091.0_neutral_split.language-gl_8wekyb3d8bbwe \"OfficeApp_19.2507.59091.0_language-gu.msix\": Microsoft.MicrosoftOfficeHub_19.2507.59091.0_neutral_split.language-gu_8wekyb3d8bbwe \"OfficeApp_19.2507.59091.0_language-he.msix\": Microsoft.MicrosoftOfficeHub_19.2507.59091.0_neutral_split.language-he_8wekyb3d8bbwe \"OfficeApp_19.2507.59091.0_language-hi.msix\": Microsoft.MicrosoftOfficeHub_19.2507.59091.0_neutral_split.language-hi_8wekyb3d8bbwe \"OfficeApp_19.2507.59091.0_language-hr.msix\": Microsoft.MicrosoftOfficeHub_19.2507.59091.0_neutral_split.language-hr_8wekyb3d8bbwe \"OfficeApp_19.2507.59091.0_language-hu.msix\": Microsoft.MicrosoftOfficeHub_19.2507.59091.0_neutral_split.language-hu_8wekyb3d8bbwe \"OfficeApp_19.2507.59091.0_language-id.msix\": Microsoft.MicrosoftOfficeHub_19.2507.59091.0_neutral_split.language-id_8wekyb3d8bbwe \"OfficeApp_19.2507.59091.0_language-is.msix\": Microsoft.MicrosoftOfficeHub_19.2507.59091.0_neutral_split.language-is_8wekyb3d8bbwe \"OfficeApp_19.2507.59091.0_language-it.msix\": Microsoft.MicrosoftOfficeHub_19.2507.59091.0_neutral_split.language-it_8wekyb3d8bbwe \"OfficeApp_19.2507.59091.0_language-ja.msix\": Microsoft.MicrosoftOfficeHub_19.2507.59091.0_neutral_split.language-ja_8wekyb3d8bbwe \"OfficeApp_19.2507.59091.0_language-ka.msix\": Microsoft.MicrosoftOfficeHub_19.2507.59091.0_neutral_split.language-ka_8wekyb3d8bbwe \"OfficeApp_19.2507.59091.0_language-kk.msix\": Microsoft.MicrosoftOfficeHub_19.2507.59091.0_neutral_split.language-kk_8wekyb3d8bbwe \"OfficeApp_19.2507.59091.0_language-km.msix\": Microsoft.MicrosoftOfficeHub_19.2507.59091.0_neutral_split.language-km_8wekyb3d8bbwe \"OfficeApp_19.2507.59091.0_language-kn.msix\": Microsoft.MicrosoftOfficeHub_19.2507.59091.0_neutral_split.language-kn_8wekyb3d8bbwe \"OfficeApp_19.2507.59091.0_language-ko.msix\": Microsoft.MicrosoftOfficeHub_19.2507.59091.0_neutral_split.language-ko_8wekyb3d8bbwe \"OfficeApp_19.2507.59091.0_language-kok.msix\": Microsoft.MicrosoftOfficeHub_19.2507.59091.0_neutral_split.language-kok_8wekyb3d8bbwe \"OfficeApp_19.2507.59091.0_language-lb.msix\": Microsoft.MicrosoftOfficeHub_19.2507.59091.0_neutral_split.language-lb_8wekyb3d8bbwe \"OfficeApp_19.2507.59091.0_language-lo.msix\": Microsoft.MicrosoftOfficeHub_19.2507.59091.0_neutral_split.language-lo_8wekyb3d8bbwe \"OfficeApp_19.2507.59091.0_language-lt.msix\": Microsoft.MicrosoftOfficeHub_19.2507.59091.0_neutral_split.language-lt_8wekyb3d8bbwe \"OfficeApp_19.2507.59091.0_language-lv.msix\": Microsoft.MicrosoftOfficeHub_19.2507.59091.0_neutral_split.language-lv_8wekyb3d8bbwe \"OfficeApp_19.2507.59091.0_language-mi-latn.msix\": Microsoft.MicrosoftOfficeHub_19.2507.59091.0_neutral_split.language-mi-latn_8wekyb3d8bbwe \"OfficeApp_19.2507.59091.0_language-mk.msix\": Microsoft.MicrosoftOfficeHub_19.2507.59091.0_neutral_split.language-mk_8wekyb3d8bbwe \"OfficeApp_19.2507.59091.0_language-ml.msix\": Microsoft.MicrosoftOfficeHub_19.2507.59091.0_neutral_split.language-ml_8wekyb3d8bbwe \"OfficeApp_19.2507.59091.0_language-mr.msix\": Microsoft.MicrosoftOfficeHub_19.2507.59091.0_neutral_split.language-mr_8wekyb3d8bbwe \"OfficeApp_19.2507.59091.0_language-ms.msix\": Microsoft.MicrosoftOfficeHub_19.2507.59091.0_neutral_split.language-ms_8wekyb3d8bbwe \"OfficeApp_19.2507.59091.0_language-mt.msix\": Microsoft.MicrosoftOfficeHub_19.2507.59091.0_neutral_split.language-mt_8wekyb3d8bbwe \"OfficeApp_19.2507.59091.0_language-nb.msix\": Microsoft.MicrosoftOfficeHub_19.2507.59091.0_neutral_split.language-nb_8wekyb3d8bbwe \"OfficeApp_19.2507.59091.0_language-ne.msix\": Microsoft.MicrosoftOfficeHub_19.2507.59091.0_neutral_split.language-ne_8wekyb3d8bbwe \"OfficeApp_19.2507.59091.0_language-nl.msix\": Microsoft.MicrosoftOfficeHub_19.2507.59091.0_neutral_split.language-nl_8wekyb3d8bbwe \"OfficeApp_19.2507.59091.0_language-nn.msix\": Microsoft.MicrosoftOfficeHub_19.2507.59091.0_neutral_split.language-nn_8wekyb3d8bbwe \"OfficeApp_19.2507.59091.0_language-or.msix\": Microsoft.MicrosoftOfficeHub_19.2507.59091.0_neutral_split.language-or_8wekyb3d8bbwe \"OfficeApp_19.2507.59091.0_language-pa.msix\": Microsoft.MicrosoftOfficeHub_19.2507.59091.0_neutral_split.language-pa_8wekyb3d8bbwe \"OfficeApp_19.2507.59091.0_language-pl.msix\": Microsoft.MicrosoftOfficeHub_19.2507.59091.0_neutral_split.language-pl_8wekyb3d8bbwe \"OfficeApp_19.2507.59091.0_language-pt.msix\": Microsoft.MicrosoftOfficeHub_19.2507.59091.0_neutral_split.language-pt_8wekyb3d8bbwe \"OfficeApp_19.2507.59091.0_language-quz-latn.msix\": Microsoft.MicrosoftOfficeHub_19.2507.59091.0_neutral_split.language-quz-latn_8wekyb3d8bbwe \"OfficeApp_19.2507.59091.0_language-ro.msix\": Microsoft.MicrosoftOfficeHub_19.2507.59091.0_neutral_split.language-ro_8wekyb3d8bbwe \"OfficeApp_19.2507.59091.0_language-ru.msix\": Microsoft.MicrosoftOfficeHub_19.2507.59091.0_neutral_split.language-ru_8wekyb3d8bbwe \"OfficeApp_19.2507.59091.0_language-sk.msix\": Microsoft.MicrosoftOfficeHub_19.2507.59091.0_neutral_split.language-sk_8wekyb3d8bbwe \"OfficeApp_19.2507.59091.0_language-sl.msix\": Microsoft.MicrosoftOfficeHub_19.2507.59091.0_neutral_split.language-sl_8wekyb3d8bbwe \"OfficeApp_19.2507.59091.0_language-sq.msix\": Microsoft.MicrosoftOfficeHub_19.2507.59091.0_neutral_split.language-sq_8wekyb3d8bbwe \"OfficeApp_19.2507.59091.0_language-sr-cyrl.msix\": Microsoft.MicrosoftOfficeHub_19.2507.59091.0_neutral_split.language-sr-cyrl_8wekyb3d8bbwe \"OfficeApp_19.2507.59091.0_language-sr-latn.msix\": Microsoft.MicrosoftOfficeHub_19.2507.59091.0_neutral_split.language-sr-latn_8wekyb3d8bbwe \"OfficeApp_19.2507.59091.0_language-sv.msix\": Microsoft.MicrosoftOfficeHub_19.2507.59091.0_neutral_split.language-sv_8wekyb3d8bbwe \"OfficeApp_19.2507.59091.0_language-ta.msix\": Microsoft.MicrosoftOfficeHub_19.2507.59091.0_neutral_split.language-ta_8wekyb3d8bbwe \"OfficeApp_19.2507.59091.0_language-te.msix\": Microsoft.MicrosoftOfficeHub_19.2507.59091.0_neutral_split.language-te_8wekyb3d8bbwe \"OfficeApp_19.2507.59091.0_language-th.msix\": Microsoft.MicrosoftOfficeHub_19.2507.59091.0_neutral_split.language-th_8wekyb3d8bbwe \"OfficeApp_19.2507.59091.0_language-tr.msix\": Microsoft.MicrosoftOfficeHub_19.2507.59091.0_neutral_split.language-tr_8wekyb3d8bbwe \"OfficeApp_19.2507.59091.0_language-tt-cyrl.msix\": Microsoft.MicrosoftOfficeHub_19.2507.59091.0_neutral_split.language-tt-cyrl_8wekyb3d8bbwe \"OfficeApp_19.2507.59091.0_language-ug-arab.msix\": Microsoft.MicrosoftOfficeHub_19.2507.59091.0_neutral_split.language-ug-arab_8wekyb3d8bbwe \"OfficeApp_19.2507.59091.0_language-uk.msix\": Microsoft.MicrosoftOfficeHub_19.2507.59091.0_neutral_split.language-uk_8wekyb3d8bbwe \"OfficeApp_19.2507.59091.0_language-ur.msix\": Microsoft.MicrosoftOfficeHub_19.2507.59091.0_neutral_split.language-ur_8wekyb3d8bbwe \"OfficeApp_19.2507.59091.0_language-vi.msix\": Microsoft.MicrosoftOfficeHub_19.2507.59091.0_neutral_split.language-vi_8wekyb3d8bbwe \"OfficeApp_19.2507.59091.0_language-zh-hans.msix\": Microsoft.MicrosoftOfficeHub_19.2507.59091.0_neutral_split.language-zh-hans_8wekyb3d8bbwe \"OfficeApp_19.2507.59091.0_language-zh-hant.msix\": Microsoft.MicrosoftOfficeHub_19.2507.59091.0_neutral_split.language-zh-hant_8wekyb3d8bbwe \"OfficeApp_19.2507.59091.0_scale-100.msix\": Microsoft.MicrosoftOfficeHub_19.2507.59091.0_neutral_split.scale-100_8wekyb3d8bbwe \"OfficeApp_19.2507.59091.0_scale-125.msix\": Microsoft.MicrosoftOfficeHub_19.2507.59091.0_neutral_split.scale-125_8wekyb3d8bbwe \"OfficeApp_19.2507.59091.0_scale-140.msix\": Microsoft.MicrosoftOfficeHub_19.2507.59091.0_neutral_split.scale-140_8wekyb3d8bbwe \"OfficeApp_19.2507.59091.0_scale-150.msix\": Microsoft.MicrosoftOfficeHub_19.2507.59091.0_neutral_split.scale-150_8wekyb3d8bbwe \"OfficeApp_19.2507.59091.0_scale-180.msix\": Microsoft.MicrosoftOfficeHub_19.2507.59091.0_neutral_split.scale-180_8wekyb3d8bbwe \"OfficeApp_19.2507.59091.0_scale-300.msix\": Microsoft.MicrosoftOfficeHub_19.2507.59091.0_neutral_split.scale-300_8wekyb3d8bbwe \"OfficeApp_19.2507.59091.0_scale-400.msix\": Microsoft.MicrosoftOfficeHub_19.2507.59091.0_neutral_split.scale-400_8wekyb3d8bbwe"}
{"EventID": "854", "Channel": "Microsoft-Windows-AppXDeploymentServer/Operational", "Provider_Name": "Microsoft-Windows-AppXDeployment-Server", "Computer": "DESKTOP-OFJ6N53", "TimeCreated": "2025-08-01 21:35:03.590975+00:00", "RecordID": "115162", "Level": "4", "UserID": "S-1-5-21-963789628-1060504924-4285088085-1001", "EventData.Path": "C:\\Program Files\\WindowsApps\\Microsoft.MicrosoftOfficeHub_2025.729.2200.0_neutral_~_8wekyb3d8bbwe\\AppxMetadata\\AppxBundleManifest.xml C:\\Program Files\\WindowsApps\\Microsoft.MicrosoftOfficeHub_19.2507.59091.0_x64__8wekyb3d8bbwe\\AppxManifest.xml C:\\Program Files\\WindowsApps\\Microsoft.MicrosoftOfficeHub_19.2507.59091.0_neutral_split.scale-125_8wekyb3d8bbwe\\AppxManifest.xml C:\\Program Files\\WindowsApps\\Microsoft.MicrosoftOfficeHub_19.2507.59091.0_neutral_split.language-ru_8wekyb3d8bbwe\\AppxManifest.xml C:\\Program Files\\WindowsApps\\Microsoft.MicrosoftOfficeHub_19.2507.59091.0_neutral_split.scale-100_8wekyb3d8bbwe\\AppxManifest.xml"}
{"EventID": "855", "Channel": "Microsoft-Windows-AppXDeploymentServer/Operational", "Provider_Name": "Microsoft-Windows-AppXDeployment-Server", "Computer": "DESKTOP-OFJ6N53", "TimeCreated": "2025-08-01 21:35:03.884159+00:00", "RecordID": "115163", "Level": "4", "UserID": "S-1-5-21-963789628-1060504924-4285088085-1001", "EventData.PackageMoniker": "updateList: Microsoft.MicrosoftOfficeHub_2025.727.1811.0_neutral_~_8wekyb3d8bbwe is updating to Microsoft.MicrosoftOfficeHub_2025.729.2200.0_neutral_~_8wekyb3d8bbwe Microsoft.MicrosoftOfficeHub_19.2507.57011.0_x64__8wekyb3d8bbwe is updating to Microsoft.MicrosoftOfficeHub_19.2507.59091.0_x64__8wekyb3d8bbwe Microsoft.MicrosoftOfficeHub_19.2507.57011.0_neutral_split.scale-125_8wekyb3d8bbwe is updating to Microsoft.MicrosoftOfficeHub_19.2507.59091.0_neutral_split.scale-125_8wekyb3d8bbwe Microsoft.MicrosoftOfficeHub_19.2507.57011.0_neutral_split.language-ru_8wekyb3d8bbwe is updating to Microsoft.MicrosoftOfficeHub_19.2507.59091.0_neutral_split.language-ru_8wekyb3d8bbwe Microsoft.MicrosoftOfficeHub_19.2507.57011.0_neutral_split.scale-100_8wekyb3d8bbwe is updating to Microsoft.MicrosoftOfficeHub_19.2507.59091.0_neutral_split.scale-100_8wekyb3d8bbwe"}
{"EventID": "9645", "Channel": "Microsoft-Windows-AppXDeploymentServer/Operational", "Provider_Name": "Microsoft-Windows-AppXDeployment-Server", "Computer": "DESKTOP-OFJ6N53", "TimeCreated": "2025-08-01 21:35:04.069504+00:00", "RecordID": "115164", "Level": "5", "UserID": "S-1-5-21-963789628-1060504924-4285088085-1001", "EventData.ErrorCode": "0x00000000", "EventData.String": "Microsoft.MicrosoftOfficeHub_19.2507.57011.0_x64__8wekyb3d8bbwe"}
{"EventID": "10000", "Channel": "Microsoft-Windows-AppXDeploymentServer/Operational", "Provider_Name": "Microsoft-Windows-AppXDeployment-Server", "Computer": "DESKTOP-OFJ6N53", "TimeCreated": "2025-08-01 21:35:04.072239+00:00", "RecordID": "115165", "Level": "5", "UserID": "S-1-5-18", "EventData.PackageFullName": "Microsoft.MicrosoftOfficeHub_19.2507.57011.0_x64__8wekyb3d8bbwe", "EventData.ErrorCode": "0x00000000"}
{"EventID": "10000", "Channel": "Microsoft-Windows-AppXDeploymentServer/Operational", "Provider_Name": "Microsoft-Windows-AppXDeployment-Server", "Computer": "DESKTOP-OFJ6N53", "TimeCreated": "2025-08-01 21:35:04.072605+00:00", "RecordID": "115166", "Level": "5", "UserID": "S-1-5-18", "EventData.PackageFullName": "Microsoft.MicrosoftOfficeHub_19.2507.59091.0_x64__8wekyb3d8bbwe", "EventData.ErrorCode": "0x00000000"}
{"EventID": "9645", "Channel": "Microsoft-Windows-AppXDeploymentServer/Operational", "Provider_Name": "Microsoft-Windows-AppXDeployment-Server", "Computer": "DESKTOP-OFJ6N53", "TimeCreated": "2025-08-01 21:35:04.097963+00:00", "RecordID": "115167", "Level": "5", "UserID": "S-1-5-21-963789628-1060504924-4285088085-1001", "EventData.ErrorCode": "0x00000000", "EventData.String": "Microsoft.MicrosoftOfficeHub_19.2507.57011.0_x64__8wekyb3d8bbwe"}
{"EventID": "5506", "Channel": "Microsoft-Windows-AppXDeploymentServer/Operational", "Provider_Name": "Microsoft-Windows-AppXDeployment-Server", "Computer": "DESKTOP-OFJ6N53", "TimeCreated": "2025-08-01 21:35:04.561806+00:00", "RecordID": "115168", "Level": "5", "UserID": "S-1-5-18", "EventData.PackageName": "Microsoft.MicrosoftOfficeHub_19.2507.59091.0_x64__8wekyb3d8bbwe", "EventData.FilePath": "C:\\Program Files\\WindowsApps\\Microsoft.MicrosoftOfficeHub_19.2507.59091.0_x64__8wekyb3d8bbwe\\microsoft.system.package.metadata\\resources.0b5ad3d0.pri", "EventData.Message": "Created shared merged PRI file"}
{"EventID": "5505", "Channel": "Microsoft-Windows-AppXDeploymentServer/Operational", "Provider_Name": "Microsoft-Windows-AppXDeployment-Server", "Computer": "DESKTOP-OFJ6N53", "TimeCreated": "2025-08-01 21:35:04.562397+00:00", "RecordID": "115169", "Level": "5", "UserID": "S-1-5-18", "EventData.PackageName": "Microsoft.MicrosoftOfficeHub_19.2507.59091.0_x64__8wekyb3d8bbwe", "EventData.FilePath": "C:\\Program Files\\WindowsApps\\Microsoft.MicrosoftOfficeHub_19.2507.59091.0_x64__8wekyb3d8bbwe\\microsoft.system.package.metadata\\S-1-5-21-963789628-1060504924-4285088085-1001-MergedResources-87.pri", "EventData.Message": "Linked user-specific merged PRI file"}
{"EventID": "8100", "Channel": "Microsoft-Windows-AppXDeploymentServer/Operational", "Provider_Name": "Microsoft-Windows-AppXDeployment-Server", "Computer": "DESKTOP-OFJ6N53", "TimeCreated": "2025-08-01 21:35:04.628876+00:00", "RecordID": "115170", "Level": "5", "UserID": "S-1-5-18", "EventData.PackageFullName": "Microsoft.MicrosoftOfficeHub_19.2507.59091.0_x64__8wekyb3d8bbwe", "EventData.Flags": "0x00000009"}
{"EventID": "8106", "Channel": "Microsoft-Windows-AppXDeploymentServer/Operational", "Provider_Name": "Microsoft-Windows-AppXDeployment-Server", "Computer": "DESKTOP-OFJ6N53", "TimeCreated": "2025-08-01 21:35:04.632921+00:00", "RecordID": "115171", "Level": "5", "UserID": "S-1-5-18", "EventData.PackageFullName": "Microsoft.MicrosoftOfficeHub_19.2507.59091.0_x64__8wekyb3d8bbwe", "EventData.Flags": "0x00000009"}
{"EventID": "8101", "Channel": "Microsoft-Windows-AppXDeploymentServer/Operational", "Provider_Name": "Microsoft-Windows-AppXDeployment-Server", "Computer": "DESKTOP-OFJ6N53", "TimeCreated": "2025-08-01 21:35:04.632936+00:00", "RecordID": "115172", "Level": "5", "UserID": "S-1-5-18", "EventData.PackageFullName": "Microsoft.MicrosoftOfficeHub_19.2507.59091.0_x64__8wekyb3d8bbwe", "EventData.Flags": "0x00000009"}
{"EventID": "8100", "Channel": "Microsoft-Windows-AppXDeploymentServer/Operational", "Provider_Name": "Microsoft-Windows-AppXDeployment-Server", "Computer": "DESKTOP-OFJ6N53", "TimeCreated": "2025-08-01 21:35:04.632942+00:00", "RecordID": "115173", "Level": "5", "UserID": "S-1-5-18", "EventData.PackageFullName": "Microsoft.MicrosoftOfficeHub_19.2507.59091.0_neutral_split.scale-125_8wekyb3d8bbwe", "EventData.Flags": "0x00000009"}
{"EventID": "8106", "Channel": "Microsoft-Windows-AppXDeploymentServer/Operational", "Provider_Name": "Microsoft-Windows-AppXDeployment-Server", "Computer": "DESKTOP-OFJ6N53", "TimeCreated": "2025-08-01 21:35:04.634911+00:00", "RecordID": "115174", "Level": "5", "UserID": "S-1-5-18", "EventData.PackageFullName": "Microsoft.MicrosoftOfficeHub_19.2507.59091.0_neutral_split.scale-125_8wekyb3d8bbwe", "EventData.Flags": "0x00000009"}
{"EventID": "8101", "Channel": "Microsoft-Windows-AppXDeploymentServer/Operational", "Provider_Name": "Microsoft-Windows-AppXDeployment-Server", "Computer": "DESKTOP-OFJ6N53", "TimeCreated": "2025-08-01 21:35:04.634924+00:00", "RecordID": "115175", "Level": "5", "UserID": "S-1-5-18", "EventData.PackageFullName": "Microsoft.MicrosoftOfficeHub_19.2507.59091.0_neutral_split.scale-125_8wekyb3d8bbwe", "EventData.Flags": "0x00000009"}
{"EventID": "8100", "Channel": "Microsoft-Windows-AppXDeploymentServer/Operational", "Provider_Name": "Microsoft-Windows-AppXDeployment-Server", "Computer": "DESKTOP-OFJ6N53", "TimeCreated": "2025-08-01 21:35:04.634928+00:00", "RecordID": "115176", "Level": "5", "UserID": "S-1-5-18", "EventData.PackageFullName": "Microsoft.MicrosoftOfficeHub_19.2507.59091.0_neutral_split.language-ru_8wekyb3d8bbwe", "EventData.Flags": "0x00000009"}
{"EventID": "8106", "Channel": "Microsoft-Windows-AppXDeploymentServer/Operational", "Provider_Name": "Microsoft-Windows-AppXDeployment-Server", "Computer": "DESKTOP-OFJ6N53", "TimeCreated": "2025-08-01 21:35:04.636856+00:00", "RecordID": "115177", "Level": "5", "UserID": "S-1-5-18", "EventData.PackageFullName": "Microsoft.MicrosoftOfficeHub_19.2507.59091.0_neutral_split.language-ru_8wekyb3d8bbwe", "EventData.Flags": "0x00000009"}
{"EventID": "8101", "Channel": "Microsoft-Windows-AppXDeploymentServer/Operational", "Provider_Name": "Microsoft-Windows-AppXDeployment-Server", "Computer": "DESKTOP-OFJ6N53", "TimeCreated": "2025-08-01 21:35:04.636871+00:00", "RecordID": "115178", "Level": "5", "UserID": "S-1-5-18", "EventData.PackageFullName": "Microsoft.MicrosoftOfficeHub_19.2507.59091.0_neutral_split.language-ru_8wekyb3d8bbwe", "EventData.Flags": "0x00000009"}
{"EventID": "8100", "Channel": "Microsoft-Windows-AppXDeploymentServer/Operational", "Provider_Name": "Microsoft-Windows-AppXDeployment-Server", "Computer": "DESKTOP-OFJ6N53", "TimeCreated": "2025-08-01 21:35:04.636877+00:00", "RecordID": "115179", "Level": "5", "UserID": "S-1-5-18", "EventData.PackageFullName": "Microsoft.MicrosoftOfficeHub_19.2507.59091.0_neutral_split.scale-100_8wekyb3d8bbwe", "EventData.Flags": "0x00000009"}
{"EventID": "8106", "Channel": "Microsoft-Windows-AppXDeploymentServer/Operational", "Provider_Name": "Microsoft-Windows-AppXDeployment-Server", "Computer": "DESKTOP-OFJ6N53", "TimeCreated": "2025-08-01 21:35:04.639231+00:00", "RecordID": "115180", "Level": "5", "UserID": "S-1-5-18", "EventData.PackageFullName": "Microsoft.MicrosoftOfficeHub_19.2507.59091.0_neutral_split.scale-100_8wekyb3d8bbwe", "EventData.Flags": "0x00000009"}
{"EventID": "8101", "Channel": "Microsoft-Windows-AppXDeploymentServer/Operational", "Provider_Name": "Microsoft-Windows-AppXDeployment-Server", "Computer": "DESKTOP-OFJ6N53", "TimeCreated": "2025-08-01 21:35:04.639246+00:00", "RecordID": "115181", "Level": "5", "UserID": "S-1-5-18", "EventData.PackageFullName": "Microsoft.MicrosoftOfficeHub_19.2507.59091.0_neutral_split.scale-100_8wekyb3d8bbwe", "EventData.Flags": "0x00000009"}
{"EventID": "5507", "Channel": "Microsoft-Windows-AppXDeploymentServer/Operational", "Provider_Name": "Microsoft-Windows-AppXDeployment-Server", "Computer": "DESKTOP-OFJ6N53", "TimeCreated": "2025-08-01 21:35:05.079697+00:00", "RecordID": "115182", "Level": "5", "UserID": "S-1-5-21-963789628-1060504924-4285088085-1001", "EventData.PackageName": "Microsoft.MicrosoftOfficeHub_19.2507.59091.0_x64__8wekyb3d8bbwe", "EventData.FilePath": "S-1-5-21-963789628-1060504924-4285088085-1001-MergedResources-87.pri", "EventData.Message": "Current user-specific merged PRI file ignored"}
{"EventID": "5507", "Channel": "Microsoft-Windows-AppXDeploymentServer/Operational", "Provider_Name": "Microsoft-Windows-AppXDeployment-Server", "Computer": "DESKTOP-OFJ6N53", "TimeCreated": "2025-08-01 21:35:05.079836+00:00", "RecordID": "115183", "Level": "5", "UserID": "S-1-5-21-963789628-1060504924-4285088085-1001", "EventData.PackageName": "Microsoft.MicrosoftOfficeHub_19.2507.59091.0_x64__8wekyb3d8bbwe", "EventData.FilePath": "resources.0b5ad3d0.pri", "EventData.Message": "Current shared merged PRI file ignored"}
{"EventID": "5507", "Channel": "Microsoft-Windows-AppXDeploymentServer/Operational", "Provider_Name": "Microsoft-Windows-AppXDeployment-Server", "Computer": "DESKTOP-OFJ6N53", "TimeCreated": "2025-08-01 21:35:05.079943+00:00", "RecordID": "115184", "Level": "5", "UserID": "S-1-5-21-963789628-1060504924-4285088085-1001", "EventData.PackageName": "Microsoft.MicrosoftOfficeHub_19.2507.59091.0_x64__8wekyb3d8bbwe", "EventData.FilePath": "S-1-5-21-963789628-1060504924-4285088085-1001-MergedResources-87.pri", "EventData.Message": "Current user-specific merged PRI file ignored"}
{"EventID": "5507", "Channel": "Microsoft-Windows-AppXDeploymentServer/Operational", "Provider_Name": "Microsoft-Windows-AppXDeployment-Server", "Computer": "DESKTOP-OFJ6N53", "TimeCreated": "2025-08-01 21:35:05.080017+00:00", "RecordID": "115185", "Level": "5", "UserID": "S-1-5-21-963789628-1060504924-4285088085-1001", "EventData.PackageName": "Microsoft.MicrosoftOfficeHub_19.2507.59091.0_x64__8wekyb3d8bbwe", "EventData.FilePath": "resources.0b5ad3d0.pri", "EventData.Message": "Current shared merged PRI file ignored"}
{"EventID": "821", "Channel": "Microsoft-Windows-AppXDeploymentServer/Operational", "Provider_Name": "Microsoft-Windows-AppXDeployment-Server", "Computer": "DESKTOP-OFJ6N53", "TimeCreated": "2025-08-01 21:35:05.170980+00:00", "RecordID": "115186", "Level": "5", "UserID": "S-1-5-18", "EventData.UserSid": "S-1-5-18", "EventData.MainPackageFullName": "Microsoft.MicrosoftOfficeHub_2025.729.2200.0_neutral_~_8wekyb3d8bbwe", "EventData.ErrorCode": "0x00000000"}
{"EventID": "822", "Channel": "Microsoft-Windows-AppXDeploymentServer/Operational", "Provider_Name": "Microsoft-Windows-AppXDeployment-Server", "Computer": "DESKTOP-OFJ6N53", "TimeCreated": "2025-08-01 21:35:05.174259+00:00", "RecordID": "115187", "Level": "5", "UserID": "S-1-5-18", "EventData.Error": "0x00000000", "EventData.PackageMoniker": "Microsoft.MicrosoftOfficeHub_2025.729.2200.0_neutral_~_8wekyb3d8bbwe"}
{"EventID": "821", "Channel": "Microsoft-Windows-AppXDeploymentServer/Operational", "Provider_Name": "Microsoft-Windows-AppXDeployment-Server", "Computer": "DESKTOP-OFJ6N53", "TimeCreated": "2025-08-01 21:35:05.175789+00:00", "RecordID": "115188", "Level": "5", "UserID": "S-1-5-18", "EventData.UserSid": "S-1-5-21-963789628-1060504924-4285088085-1001", "EventData.MainPackageFullName": "Microsoft.MicrosoftOfficeHub_2025.729.2200.0_neutral_~_8wekyb3d8bbwe", "EventData.ErrorCode": "0x00000000"}
{"EventID": "822", "Channel": "Microsoft-Windows-AppXDeploymentServer/Operational", "Provider_Name": "Microsoft-Windows-AppXDeployment-Server", "Computer": "DESKTOP-OFJ6N53", "TimeCreated": "2025-08-01 21:35:05.178638+00:00", "RecordID": "115189", "Level": "5", "UserID": "S-1-5-18", "EventData.Error": "0x00000000", "EventData.PackageMoniker": "Microsoft.MicrosoftOfficeHub_2025.729.2200.0_neutral_~_8wekyb3d8bbwe"}
{"EventID": "813", "Channel": "Microsoft-Windows-AppXDeploymentServer/Operational", "Provider_Name": "Microsoft-Windows-AppXDeployment-Server", "Computer": "DESKTOP-OFJ6N53", "TimeCreated": "2025-08-01 21:35:05.178673+00:00", "RecordID": "115190", "Level": "5", "UserID": "S-1-5-18", "EventData.PackageMoniker": "Microsoft.MicrosoftOfficeHub_2025.729.2200.0_neutral_~_8wekyb3d8bbwe"}
{"EventID": "10001", "Channel": "Microsoft-Windows-AppXDeploymentServer/Operational", "Provider_Name": "Microsoft-Windows-AppXDeployment-Server", "Computer": "DESKTOP-OFJ6N53", "TimeCreated": "2025-08-01 21:35:06.336548+00:00", "RecordID": "115191", "Level": "5", "UserID": "S-1-5-18", "EventData.PackageFullName": "Microsoft.MicrosoftOfficeHub_19.2507.57011.0_x64__8wekyb3d8bbwe", "EventData.ErrorCode": "0x80070490"}
{"EventID": "10001", "Channel": "Microsoft-Windows-AppXDeploymentServer/Operational", "Provider_Name": "Microsoft-Windows-AppXDeployment-Server", "Computer": "DESKTOP-OFJ6N53", "TimeCreated": "2025-08-01 21:35:06.336683+00:00", "RecordID": "115192", "Level": "5", "UserID": "S-1-5-18", "EventData.PackageFullName": "Microsoft.MicrosoftOfficeHub_19.2507.59091.0_x64__8wekyb3d8bbwe", "EventData.ErrorCode": "0x00000000"}
{"EventID": "10001", "Channel": "Microsoft-Windows-AppXDeploymentServer/Operational", "Provider_Name": "Microsoft-Windows-AppXDeployment-Server", "Computer": "DESKTOP-OFJ6N53", "TimeCreated": "2025-08-01 21:35:06.337078+00:00", "RecordID": "115193", "Level": "5", "UserID": "S-1-5-18", "EventData.PackageFullName": "Microsoft.MicrosoftOfficeHub_19.2507.59091.0_x64__8wekyb3d8bbwe", "EventData.ErrorCode": "0x00000000"}
{"EventID": "10001", "Channel": "Microsoft-Windows-AppXDeploymentServer/Operational", "Provider_Name": "Microsoft-Windows-AppXDeployment-Server", "Computer": "DESKTOP-OFJ6N53", "TimeCreated": "2025-08-01 21:35:06.337177+00:00", "RecordID": "115194", "Level": "5", "UserID": "S-1-5-18", "EventData.PackageFullName": "Microsoft.MicrosoftOfficeHub_2025.729.2200.0_neutral_~_8wekyb3d8bbwe", "EventData.ErrorCode": "0x00000000"}
{"EventID": "10001", "Channel": "Microsoft-Windows-AppXDeploymentServer/Operational", "Provider_Name": "Microsoft-Windows-AppXDeployment-Server", "Computer": "DESKTOP-OFJ6N53", "TimeCreated": "2025-08-01 21:35:06.337254+00:00", "RecordID": "115195", "Level": "5", "UserID": "S-1-5-18", "EventData.PackageFullName": "Microsoft.MicrosoftOfficeHub_2025.729.2200.0_neutral_~_8wekyb3d8bbwe", "EventData.ErrorCode": "0x00000000"}
{"EventID": "10001", "Channel": "Microsoft-Windows-AppXDeploymentServer/Operational", "Provider_Name": "Microsoft-Windows-AppXDeployment-Server", "Computer": "DESKTOP-OFJ6N53", "TimeCreated": "2025-08-01 21:35:06.337315+00:00", "RecordID": "115196", "Level": "5", "UserID": "S-1-5-18", "EventData.PackageFullName": "Microsoft.MicrosoftOfficeHub_19.2507.59091.0_x64__8wekyb3d8bbwe", "EventData.ErrorCode": "0x00000000"}
{"EventID": "10001", "Channel": "Microsoft-Windows-AppXDeploymentServer/Operational", "Provider_Name": "Microsoft-Windows-AppXDeployment-Server", "Computer": "DESKTOP-OFJ6N53", "TimeCreated": "2025-08-01 21:35:06.337379+00:00", "RecordID": "115197", "Level": "5", "UserID": "S-1-5-18", "EventData.PackageFullName": "Microsoft.MicrosoftOfficeHub_19.2507.59091.0_x64__8wekyb3d8bbwe", "EventData.ErrorCode": "0x00000000"}
{"EventID": "10001", "Channel": "Microsoft-Windows-AppXDeploymentServer/Operational", "Provider_Name": "Microsoft-Windows-AppXDeployment-Server", "Computer": "DESKTOP-OFJ6N53", "TimeCreated": "2025-08-01 21:35:06.337458+00:00", "RecordID": "115198", "Level": "5", "UserID": "S-1-5-18", "EventData.PackageFullName": "Microsoft.MicrosoftOfficeHub_19.2507.59091.0_neutral_split.scale-125_8wekyb3d8bbwe", "EventData.ErrorCode": "0x00000000"}
{"EventID": "10001", "Channel": "Microsoft-Windows-AppXDeploymentServer/Operational", "Provider_Name": "Microsoft-Windows-AppXDeployment-Server", "Computer": "DESKTOP-OFJ6N53", "TimeCreated": "2025-08-01 21:35:06.337521+00:00", "RecordID": "115199", "Level": "5", "UserID": "S-1-5-18", "EventData.PackageFullName": "Microsoft.MicrosoftOfficeHub_19.2507.59091.0_neutral_split.scale-125_8wekyb3d8bbwe", "EventData.ErrorCode": "0x00000000"}
{"EventID": "10001", "Channel": "Microsoft-Windows-AppXDeploymentServer/Operational", "Provider_Name": "Microsoft-Windows-AppXDeployment-Server", "Computer": "DESKTOP-OFJ6N53", "TimeCreated": "2025-08-01 21:35:06.337587+00:00", "RecordID": "115200", "Level": "5", "UserID": "S-1-5-18", "EventData.PackageFullName": "Microsoft.MicrosoftOfficeHub_19.2507.59091.0_neutral_split.language-ru_8wekyb3d8bbwe", "EventData.ErrorCode": "0x00000000"}
{"EventID": "10001", "Channel": "Microsoft-Windows-AppXDeploymentServer/Operational", "Provider_Name": "Microsoft-Windows-AppXDeployment-Server", "Computer": "DESKTOP-OFJ6N53", "TimeCreated": "2025-08-01 21:35:06.337646+00:00", "RecordID": "115201", "Level": "5", "UserID": "S-1-5-18", "EventData.PackageFullName": "Microsoft.MicrosoftOfficeHub_19.2507.59091.0_neutral_split.language-ru_8wekyb3d8bbwe", "EventData.ErrorCode": "0x00000000"}
{"EventID": "10001", "Channel": "Microsoft-Windows-AppXDeploymentServer/Operational", "Provider_Name": "Microsoft-Windows-AppXDeployment-Server", "Computer": "DESKTOP-OFJ6N53", "TimeCreated": "2025-08-01 21:35:06.337715+00:00", "RecordID": "115202", "Level": "5", "UserID": "S-1-5-18", "EventData.PackageFullName": "Microsoft.MicrosoftOfficeHub_19.2507.59091.0_neutral_split.scale-100_8wekyb3d8bbwe", "EventData.ErrorCode": "0x00000000"}
{"EventID": "10001", "Channel": "Microsoft-Windows-AppXDeploymentServer/Operational", "Provider_Name": "Microsoft-Windows-AppXDeployment-Server", "Computer": "DESKTOP-OFJ6N53", "TimeCreated": "2025-08-01 21:35:06.337790+00:00", "RecordID": "115203", "Level": "5", "UserID": "S-1-5-18", "EventData.PackageFullName": "Microsoft.MicrosoftOfficeHub_19.2507.59091.0_neutral_split.scale-100_8wekyb3d8bbwe", "EventData.ErrorCode": "0x00000000"}
{"EventID": "400", "Channel": "Microsoft-Windows-AppXDeploymentServer/Operational", "Provider_Name": "Microsoft-Windows-AppXDeployment-Server", "Computer": "DESKTOP-OFJ6N53", "TimeCreated": "2025-08-01 21:35:06.403219+00:00", "RecordID": "115204", "Level": "4", "UserID": "S-1-5-21-963789628-1060504924-4285088085-1001", "EventData.DeploymentOperation": "6", "EventData.PackageFullName": "Microsoft.MicrosoftOfficeHub_2025.729.2200.0_neutral_~_8wekyb3d8bbwe", "EventData.Path": "(AppxBundleManifest.xml)", "EventData.MountPoint": "C:", "EventData.TargetPlatform": "0x00000003", "EventData.SystemVolume": "True", "EventData.StorageId": "\\\\?\\Volume{c33a8663-71a2-4031-8cec-c21914fe12ad}", "EventData.IsCentennial": "False", "EventData.PackageType": "0x00000008", "EventData.IsPackageEncrypted": "False", "EventData.DeploymentOptions": "0x0004000004044800", "EventData.IsStreamingPackage": "False", "EventData.IsInRelatedSet": "False", "EventData.IsPackageUsingBDC": "False", "EventData.MainPackageFamilyName": "NULL", "EventData.CallingProcess": "svchost.exe,wuauserv", "EventData.IsOptional": "False", "EventData.PackageFlags": "0x00000400", "EventData.PackageFlags2": "0x00000800", "EventData.HasWin32alacarte": "False", "EventData.HasFullTrust": "False", "EventData.ExternalLocation": null, "EventData.PackageSourceUri": "x-windowsupdate://A0F41E02-412A-4F3F-948A-B3E921941E81/EAAC6C6B-10A4-4659-815B-44F151ECA61A/3e40f62a48cae91c67e0b36abe7f79dbed5050e0"}
{"EventID": "478", "Channel": "Microsoft-Windows-AppXDeploymentServer/Operational", "Provider_Name": "Microsoft-Windows-AppXDeployment-Server", "Computer": "DESKTOP-OFJ6N53", "TimeCreated": "2025-08-01 21:35:06.403337+00:00", "RecordID": "115205", "Level": "5", "UserID": "S-1-5-21-963789628-1060504924-4285088085-1001", "EventData.DeploymentOperation": "6", "EventData.PackageFullName": "Microsoft.MicrosoftOfficeHub_19.2507.59091.0_x64__8wekyb3d8bbwe", "EventData.Path": "(AppxBundleManifest.xml)", "EventData.MountPoint": "C:", "EventData.TargetPlatform": "0x00000003", "EventData.SystemVolume": "True", "EventData.StorageId": "\\\\?\\Volume{c33a8663-71a2-4031-8cec-c21914fe12ad}", "EventData.IsCentennial": "True", "EventData.PackageType": "0x00000001", "EventData.IsPackageEncrypted": "False", "EventData.DeploymentOptions": "0x0004000004044800", "EventData.IsStreamingPackage": "False", "EventData.IsInRelatedSet": "False", "EventData.IsPackageUsingBDC": "False", "EventData.MainPackageFamilyName": "NULL", "EventData.CallingProcess": "svchost.exe,wuauserv", "EventData.IsOptional": "False", "EventData.PackageFlags": "0x0080804c", "EventData.PackageFlags2": "0x00000800", "EventData.HasWin32alacarte": "False", "EventData.HasFullTrust": "True", "EventData.ExternalLocation": null, "EventData.PackageSourceUri": "x-windowsupdate://A0F41E02-412A-4F3F-948A-B3E921941E81/EAAC6C6B-10A4-4659-815B-44F151ECA61A/3e40f62a48cae91c67e0b36abe7f79dbed5050e0"}
{"EventID": "472", "Channel": "Microsoft-Windows-AppXDeploymentServer/Operational", "Provider_Name": "Microsoft-Windows-AppXDeployment-Server", "Computer": "DESKTOP-OFJ6N53", "TimeCreated": "2025-08-01 21:35:06.472075+00:00", "RecordID": "115206", "Level": "5", "UserID": "S-1-5-18", "EventData.SourceFolderPath": "\\\\?\\C:\\Program Files\\WindowsApps\\Microsoft.MicrosoftOfficeHub_2025.727.1811.0_neutral_~_8wekyb3d8bbwe", "EventData.DestinationFolderPath": "\\\\?\\C:\\Program Files\\WindowsApps\\Deleted\\Microsoft.MicrosoftOfficeHub_2025.727.1811.0_neutral_~_8wekyb3d8bbwe7bf0a8e8-6401-4260-9aab-95272f186082", "EventData.ErrorCode": "0x00000000"}
{"EventID": "472", "Channel": "Microsoft-Windows-AppXDeploymentServer/Operational", "Provider_Name": "Microsoft-Windows-AppXDeployment-Server", "Computer": "DESKTOP-OFJ6N53", "TimeCreated": "2025-08-01 21:35:06.475378+00:00", "RecordID": "115207", "Level": "5", "UserID": "S-1-5-18", "EventData.SourceFolderPath": "\\\\?\\C:\\Program Files\\WindowsApps\\Microsoft.MicrosoftOfficeHub_19.2507.57011.0_x64__8wekyb3d8bbwe", "EventData.DestinationFolderPath": "\\\\?\\C:\\Program Files\\WindowsApps\\Deleted\\Microsoft.MicrosoftOfficeHub_19.2507.57011.0_x64__8wekyb3d8bbwe08ba0370-378e-4308-912c-0c3d6c2c319c", "EventData.ErrorCode": "0x00000000"}
{"EventID": "472", "Channel": "Microsoft-Windows-AppXDeploymentServer/Operational", "Provider_Name": "Microsoft-Windows-AppXDeployment-Server", "Computer": "DESKTOP-OFJ6N53", "TimeCreated": "2025-08-01 21:35:06.480526+00:00", "RecordID": "115208", "Level": "5", "UserID": "S-1-5-18", "EventData.SourceFolderPath": "\\\\?\\C:\\Program Files\\WindowsApps\\Microsoft.MicrosoftOfficeHub_19.2507.57011.0_neutral_split.scale-125_8wekyb3d8bbwe", "EventData.DestinationFolderPath": "\\\\?\\C:\\Program Files\\WindowsApps\\Deleted\\Microsoft.MicrosoftOfficeHub_19.2507.57011.0_neutral_split.scale-125_8wekyb3d8bbwe94fe7a8b-59c6-4305-ad63-0f0c3cdb2045", "EventData.ErrorCode": "0x00000000"}
{"EventID": "472", "Channel": "Microsoft-Windows-AppXDeploymentServer/Operational", "Provider_Name": "Microsoft-Windows-AppXDeployment-Server", "Computer": "DESKTOP-OFJ6N53", "TimeCreated": "2025-08-01 21:35:06.483980+00:00", "RecordID": "115209", "Level": "5", "UserID": "S-1-5-18", "EventData.SourceFolderPath": "\\\\?\\C:\\Program Files\\WindowsApps\\Microsoft.MicrosoftOfficeHub_19.2507.57011.0_neutral_split.language-ru_8wekyb3d8bbwe", "EventData.DestinationFolderPath": "\\\\?\\C:\\Program Files\\WindowsApps\\Deleted\\Microsoft.MicrosoftOfficeHub_19.2507.57011.0_neutral_split.language-ru_8wekyb3d8bbwe30adc9c2-919d-46a7-a59a-1d0ec33c7bd4", "EventData.ErrorCode": "0x00000000"}
{"EventID": "472", "Channel": "Microsoft-Windows-AppXDeploymentServer/Operational", "Provider_Name": "Microsoft-Windows-AppXDeployment-Server", "Computer": "DESKTOP-OFJ6N53", "TimeCreated": "2025-08-01 21:35:06.487310+00:00", "RecordID": "115210", "Level": "5", "UserID": "S-1-5-18", "EventData.SourceFolderPath": "\\\\?\\C:\\Program Files\\WindowsApps\\Microsoft.MicrosoftOfficeHub_19.2507.57011.0_neutral_split.scale-100_8wekyb3d8bbwe", "EventData.DestinationFolderPath": "\\\\?\\C:\\Program Files\\WindowsApps\\Deleted\\Microsoft.MicrosoftOfficeHub_19.2507.57011.0_neutral_split.scale-100_8wekyb3d8bbwef984af25-1d91-43ec-aa48-8ab12d5945e0", "EventData.ErrorCode": "0x00000000"}
{"EventID": "649", "Channel": "Microsoft-Windows-AppXDeploymentServer/Operational", "Provider_Name": "Microsoft-Windows-AppXDeployment-Server", "Computer": "DESKTOP-OFJ6N53", "TimeCreated": "2025-08-01 21:35:06.569202+00:00", "RecordID": "115211", "Level": "4", "UserID": "S-1-5-21-963789628-1060504924-4285088085-1001", "EventData.DeploymentOperation": "6", "EventData.PackageFullName": "Microsoft.MicrosoftOfficeHub_2025.729.2200.0_neutral_~_8wekyb3d8bbwe", "EventData.Summary": "PostDeploymentOperationCheck cost: 0 ms"}
{"EventID": "613", "Channel": "Microsoft-Windows-AppXDeploymentServer/Operational", "Provider_Name": "Microsoft-Windows-AppXDeployment-Server", "Computer": "DESKTOP-OFJ6N53", "TimeCreated": "2025-08-01 21:35:06.648294+00:00", "RecordID": "115212", "Level": "4", "UserID": "S-1-5-21-963789628-1060504924-4285088085-1001", "EventData.DeploymentOperation": "6", "EventData.PackageFullName": "Microsoft.MicrosoftOfficeHub_2025.729.2200.0_neutral_~_8wekyb3d8bbwe", "EventData.Summary": "Overall time: 3188 ms\nGap: 16 ms\nEnqueue cost: 94 ms\nDequeue delay: 0 ms\nBundle processing cost: 31 ms\nIndexing cost: 203 ms\nResolve dependency cost: 78 ms\nGap: 63 ms\nCheck approval cost: 46 ms\nEvaluation cost: 0 ms\nHardlinking evaluation cost: 0 ms\nStage required cost: 16 ms\nFlushing and closing files cost: 0 ms\nGap: 31 ms\nMachine register cost: 0 ms\nStage user data cost: 0 ms\nGap: 78 ms\nRegistration cost: 1016 ms\nGap: 672 ms\nRepository commit transaction cost: 531 ms\nGap: 156 ms\nData flush cost: 79 ms\nPost DeStage repository commit transaction cost: 0 ms\nRemaining cost: 78 ms"}
{"EventID": "603", "Channel": "Microsoft-Windows-AppXDeploymentServer/Operational", "Provider_Name": "Microsoft-Windows-AppXDeployment-Server", "Computer": "DESKTOP-OFJ6N53", "TimeCreated": "2025-08-01 21:35:08.053247+00:00", "RecordID": "115213", "Level": "4", "UserID": "S-1-5-21-963789628-1060504924-4285088085-1001", "EventData.DeploymentOperation": "20", "EventData.Path": "Microsoft.BingWeather_8wekyb3d8bbwe", "EventData.Flags": "67127296", "EventData.FlagsHigh": "262144", "EventData.CallingProcess": "svchost.exe,wuauserv", "EventData.ExternalLocation": null}
{"EventID": "10002", "Channel": "Microsoft-Windows-AppXDeploymentServer/Operational", "Provider_Name": "Microsoft-Windows-AppXDeployment-Server", "Computer": "DESKTOP-OFJ6N53", "TimeCreated": "2025-08-01 21:35:08.076912+00:00", "RecordID": "115214", "Level": "5", "UserID": "S-1-5-18", "EventData.DeploymentOperation": "6", "EventData.MainPackageMoniker": "Microsoft.BingWeather_4.54.63026.0_neutral_~_8wekyb3d8bbwe", "EventData.ResiliencyFilePath": "C:\\ProgramData\\Microsoft\\Windows\\AppRepository\\365b14a7-1997-42c6-8ca9-bba19ecec516_S-1-5-21-963789628-1060504924-4285088085-1001_5.rslc"}
{"EventID": "607", "Channel": "Microsoft-Windows-AppXDeploymentServer/Operational", "Provider_Name": "Microsoft-Windows-AppXDeployment-Server", "Computer": "DESKTOP-OFJ6N53", "TimeCreated": "2025-08-01 21:35:08.077894+00:00", "RecordID": "115215", "Level": "4", "UserID": "S-1-5-21-963789628-1060504924-4285088085-1001", "EventData.DeploymentOperation": "6", "EventData.PackageFullName": "Microsoft.BingWeather_4.54.63026.0_neutral_~_8wekyb3d8bbwe", "EventData.UserSid": "S-1-5-21-963789628-1060504924-4285088085-1001", "EventData.CallingProcess": "svchost.exe,wuauserv"}
