{"EventID": "1", "Channel": "Microsoft-Windows-CloudStore/Operational", "Provider_Name": "Microsoft-Windows-CloudStore", "Computer": "DESKTOP-OFJ6N53", "TimeCreated": "2023-07-18 14:52:51.901064+00:00", "RecordID": "493", "Level": "2", "UserID": "S-1-5-21-963789628-1060504924-4285088085-1001", "EventData.ProcessName": null, "EventData.Type": "1", "EventData.ErrorCode": "2147943712", "EventData.File": "onecoreuap\\shell\\cloudstore\\store\\cache\\src\\cloudcacheinitializer.cpp", "EventData.LineNumber": "363"}
{"EventID": "1", "Channel": "Microsoft-Windows-CloudStore/Operational", "Provider_Name": "Microsoft-Windows-CloudStore", "Computer": "DESKTOP-OFJ6N53", "TimeCreated": "2023-07-18 14:52:52.377663+00:00", "RecordID": "494", "Level": "2", "UserID": "S-1-5-21-963789628-1060504924-4285088085-1001", "EventData.ProcessName": null, "EventData.Type": "0", "EventData.ErrorCode": "2147943712", "EventData.File": "onecoreuap\\shell\\cloudstore\\common\\src\\effectivecontext.cpp", "EventData.LineNumber": "414"}
{"EventID": "1", "Channel": "Microsoft-Windows-CloudStore/Operational", "Provider_Name": "Microsoft-Windows-CloudStore", "Computer": "DESKTOP-OFJ6N53", "TimeCreated": "2023-07-18 14:52:52.377863+00:00", "RecordID": "495", "Level": "2", "UserID": "S-1-5-21-963789628-1060504924-4285088085-1001", "EventData.ProcessName": null, "EventData.Type": "1", "EventData.ErrorCode": "2147943712", "EventData.File": "onecoreuap\\shell\\cloudstore\\store\\cache\\src\\cloudcacheinitializer.cpp", "EventData.LineNumber": "363"}
{"EventID": "1", "Channel": "Microsoft-Windows-CloudStore/Operational", "Provider_Name": "Microsoft-Windows-CloudStore", "Computer": "DESKTOP-OFJ6N53", "TimeCreated": "2023-07-18 14:52:53.640821+00:00", "RecordID": "496", "Level": "2", "UserID": "S-1-5-21-963789628-1060504924-4285088085-1001", "EventData.ProcessName": null, "EventData.Type": "0", "EventData.ErrorCode": "2147943712", "EventData.File": "onecoreuap\\shell\\cloudstore\\common\\src\\effectivecontext.cpp", "EventData.LineNumber": "414"}
{"EventID": "1", "Channel": "Microsoft-Windows-CloudStore/Operational", "Provider_Name": "Microsoft-Windows-CloudStore", "Computer": "DESKTOP-OFJ6N53", "TimeCreated": "2023-07-18 14:52:53.641037+00:00", "RecordID": "497", "Level": "2", "UserID": "S-1-5-21-963789628-1060504924-4285088085-1001", "EventData.ProcessName": null, "EventData.Type": "1", "EventData.ErrorCode": "2147943712", "EventData.File": "onecoreuap\\shell\\cloudstore\\store\\cache\\src\\cloudcacheinitializer.cpp", "EventData.LineNumber": "363"}
{"EventID": "1", "Channel": "Microsoft-Windows-CloudStore/Operational", "Provider_Name": "Microsoft-Windows-CloudStore", "Computer": "DESKTOP-OFJ6N53", "TimeCreated": "2023-07-25 08:59:27.867756+00:00", "RecordID": "498", "Level": "2", "UserID": "S-1-5-21-963789628-1060504924-4285088085-1001", "EventData.ProcessName": null, "EventData.Type": "0", "EventData.ErrorCode": "2147943712", "EventData.File": "onecoreuap\\shell\\cloudstore\\common\\src\\effectivecontext.cpp", "EventData.LineNumber": "414"}
{"EventID": "1", "Channel": "Microsoft-Windows-CloudStore/Operational", "Provider_Name": "Microsoft-Windows-CloudStore", "Computer": "DESKTOP-OFJ6N53", "TimeCreated": "2023-07-25 08:59:27.877748+00:00", "RecordID": "499", "Level": "2", "UserID": "S-1-5-21-963789628-1060504924-4285088085-1001", "EventData.ProcessName": null, "EventData.Type": "1", "EventData.ErrorCode": "2147943712", "EventData.File": "onecoreuap\\shell\\cloudstore\\store\\cache\\src\\cloudcacheinitializer.cpp", "EventData.LineNumber": "363"}
{"EventID": "1", "Channel": "Microsoft-Windows-CloudStore/Operational", "Provider_Name": "Microsoft-Windows-CloudStore", "Computer": "DESKTOP-OFJ6N53", "TimeCreated": "2023-07-25 08:59:28.078476+00:00", "RecordID": "500", "Level": "2", "UserID": "S-1-5-21-963789628-1060504924-4285088085-1001", "EventData.ProcessName": null, "EventData.Type": "0", "EventData.ErrorCode": "2147943712", "EventData.File": "onecoreuap\\shell\\cloudstore\\common\\src\\effectivecontext.cpp", "EventData.LineNumber": "414"}
{"EventID": "1", "Channel": "Microsoft-Windows-CloudStore/Operational", "Provider_Name": "Microsoft-Windows-CloudStore", "Computer": "DESKTOP-OFJ6N53", "TimeCreated": "2023-07-25 08:59:28.078655+00:00", "RecordID": "501", "Level": "2", "UserID": "S-1-5-21-963789628-1060504924-4285088085-1001", "EventData.ProcessName": null, "EventData.Type": "1", "EventData.ErrorCode": "2147943712", "EventData.File": "onecoreuap\\shell\\cloudstore\\store\\cache\\src\\cloudcacheinitializer.cpp", "EventData.LineNumber": "363"}
{"EventID": "1", "Channel": "Microsoft-Windows-CloudStore/Operational", "Provider_Name": "Microsoft-Windows-CloudStore", "Computer": "DESKTOP-OFJ6N53", "TimeCreated": "2023-07-26 16:05:17.455141+00:00", "RecordID": "502", "Level": "2", "UserID": "S-1-5-21-963789628-1060504924-4285088085-1001", "EventData.ProcessName": null, "EventData.Type": "0", "EventData.ErrorCode": "2147943712", "EventData.File": "onecoreuap\\shell\\cloudstore\\common\\src\\effectivecontext.cpp", "EventData.LineNumber": "414"}
{"EventID": "1", "Channel": "Microsoft-Windows-CloudStore/Operational", "Provider_Name": "Microsoft-Windows-CloudStore", "Computer": "DESKTOP-OFJ6N53", "TimeCreated": "2023-07-26 16:05:17.464563+00:00", "RecordID": "503", "Level": "2", "UserID": "S-1-5-21-963789628-1060504924-4285088085-1001", "EventData.ProcessName": null, "EventData.Type": "1", "EventData.ErrorCode": "2147943712", "EventData.File": "onecoreuap\\shell\\cloudstore\\store\\cache\\src\\cloudcacheinitializer.cpp", "EventData.LineNumber": "363"}
{"EventID": "1", "Channel": "Microsoft-Windows-CloudStore/Operational", "Provider_Name": "Microsoft-Windows-CloudStore", "Computer": "DESKTOP-OFJ6N53", "TimeCreated": "2023-07-26 16:05:18.625185+00:00", "RecordID": "504", "Level": "2", "UserID": "S-1-5-21-963789628-1060504924-4285088085-1001", "EventData.ProcessName": null, "EventData.Type": "0", "EventData.ErrorCode": "2147943712", "EventData.File": "onecoreuap\\shell\\cloudstore\\common\\src\\effectivecontext.cpp", "EventData.LineNumber": "414"}
{"EventID": "1", "Channel": "Microsoft-Windows-CloudStore/Operational", "Provider_Name": "Microsoft-Windows-CloudStore", "Computer": "DESKTOP-OFJ6N53", "TimeCreated": "2023-07-26 16:05:18.625389+00:00", "RecordID": "505", "Level": "2", "UserID": "S-1-5-21-963789628-1060504924-4285088085-1001", "EventData.ProcessName": null, "EventData.Type": "1", "EventData.ErrorCode": "2147943712", "EventData.File": "onecoreuap\\shell\\cloudstore\\store\\cache\\src\\cloudcacheinitializer.cpp", "EventData.LineNumber": "363"}
{"EventID": "1", "Channel": "Microsoft-Windows-CloudStore/Operational", "Provider_Name": "Microsoft-Windows-CloudStore", "Computer": "DESKTOP-OFJ6N53", "TimeCreated": "2023-07-31 13:01:38.377701+00:00", "RecordID": "506", "Level": "2", "UserID": "S-1-5-21-963789628-1060504924-4285088085-1001", "EventData.ProcessName": null, "EventData.Type": "0", "EventData.ErrorCode": "2147943712", "EventData.File": "onecoreuap\\shell\\cloudstore\\common\\src\\effectivecontext.cpp", "EventData.LineNumber": "414"}
{"EventID": "1", "Channel": "Microsoft-Windows-CloudStore/Operational", "Provider_Name": "Microsoft-Windows-CloudStore", "Computer": "DESKTOP-OFJ6N53", "TimeCreated": "2023-07-31 13:01:38.389698+00:00", "RecordID": "507", "Level": "2", "UserID": "S-1-5-21-963789628-1060504924-4285088085-1001", "EventData.ProcessName": null, "EventData.Type": "1", "EventData.ErrorCode": "2147943712", "EventData.File": "onecoreuap\\shell\\cloudstore\\store\\cache\\src\\cloudcacheinitializer.cpp", "EventData.LineNumber": "363"}
{"EventID": "1", "Channel": "Microsoft-Windows-CloudStore/Operational", "Provider_Name": "Microsoft-Windows-CloudStore", "Computer": "DESKTOP-OFJ6N53", "TimeCreated": "2023-07-31 13:01:40.183620+00:00", "RecordID": "508", "Level": "2", "UserID": "S-1-5-21-963789628-1060504924-4285088085-1001", "EventData.ProcessName": null, "EventData.Type": "0", "EventData.ErrorCode": "2147943712", "EventData.File": "onecoreuap\\shell\\cloudstore\\common\\src\\effectivecontext.cpp", "EventData.LineNumber": "414"}
{"EventID": "1", "Channel": "Microsoft-Windows-CloudStore/Operational", "Provider_Name": "Microsoft-Windows-CloudStore", "Computer": "DESKTOP-OFJ6N53", "TimeCreated": "2023-07-31 13:01:40.183834+00:00", "RecordID": "509", "Level": "2", "UserID": "S-1-5-21-963789628-1060504924-4285088085-1001", "EventData.ProcessName": null, "EventData.Type": "1", "EventData.ErrorCode": "2147943712", "EventData.File": "onecoreuap\\shell\\cloudstore\\store\\cache\\src\\cloudcacheinitializer.cpp", "EventData.LineNumber": "363"}
{"EventID": "1", "Channel": "Microsoft-Windows-CloudStore/Operational", "Provider_Name": "Microsoft-Windows-CloudStore", "Computer": "DESKTOP-OFJ6N53", "TimeCreated": "2023-08-02 10:03:17.139519+00:00", "RecordID": "510", "Level": "2", "UserID": "S-1-5-21-963789628-1060504924-4285088085-1001", "EventData.ProcessName": null, "EventData.Type": "0", "EventData.ErrorCode": "2147943712", "EventData.File": "onecoreuap\\shell\\cloudstore\\common\\src\\effectivecontext.cpp", "EventData.LineNumber": "414"}
{"EventID": "1", "Channel": "Microsoft-Windows-CloudStore/Operational", "Provider_Name": "Microsoft-Windows-CloudStore", "Computer": "DESKTOP-OFJ6N53", "TimeCreated": "2023-08-02 10:03:17.144243+00:00", "RecordID": "511", "Level": "2", "UserID": "S-1-5-21-963789628-1060504924-4285088085-1001", "EventData.ProcessName": null, "EventData.Type": "1", "EventData.ErrorCode": "2147943712", "EventData.File": "onecoreuap\\shell\\cloudstore\\store\\cache\\src\\cloudcacheinitializer.cpp", "EventData.LineNumber": "363"}
{"EventID": "1", "Channel": "Microsoft-Windows-CloudStore/Operational", "Provider_Name": "Microsoft-Windows-CloudStore", "Computer": "DESKTOP-OFJ6N53", "TimeCreated": "2023-08-02 10:03:18.683178+00:00", "RecordID": "512", "Level": "2", "UserID": "S-1-5-21-963789628-1060504924-4285088085-1001", "EventData.ProcessName": null, "EventData.Type": "0", "EventData.ErrorCode": "2147943712", "EventData.File": "onecoreuap\\shell\\cloudstore\\common\\src\\effectivecontext.cpp", "EventData.LineNumber": "414"}
{"EventID": "1", "Channel": "Microsoft-Windows-CloudStore/Operational", "Provider_Name": "Microsoft-Windows-CloudStore", "Computer": "DESKTOP-OFJ6N53", "TimeCreated": "2023-08-02 10:03:18.683350+00:00", "RecordID": "513", "Level": "2", "UserID": "S-1-5-21-963789628-1060504924-4285088085-1001", "EventData.ProcessName": null, "EventData.Type": "1", "EventData.ErrorCode": "2147943712", "EventData.File": "onecoreuap\\shell\\cloudstore\\store\\cache\\src\\cloudcacheinitializer.cpp", "EventData.LineNumber": "363"}
{"EventID": "1", "Channel": "Microsoft-Windows-CloudStore/Operational", "Provider_Name": "Microsoft-Windows-CloudStore", "Computer": "DESKTOP-OFJ6N53", "TimeCreated": "2023-08-02 10:03:19.080463+00:00", "RecordID": "514", "Level": "2", "UserID": "S-1-5-21-963789628-1060504924-4285088085-1001", "EventData.ProcessName": null, "EventData.Type": "0", "EventData.ErrorCode": "2147943712", "EventData.File": "onecoreuap\\shell\\cloudstore\\common\\src\\effectivecontext.cpp", "EventData.LineNumber": "414"}
{"EventID": "1", "Channel": "Microsoft-Windows-CloudStore/Operational", "Provider_Name": "Microsoft-Windows-CloudStore", "Computer": "DESKTOP-OFJ6N53", "TimeCreated": "2023-08-02 10:03:19.080654+00:00", "RecordID": "515", "Level": "2", "UserID": "S-1-5-21-963789628-1060504924-4285088085-1001", "EventData.ProcessName": null, "EventData.Type": "1", "EventData.ErrorCode": "2147943712", "EventData.File": "onecoreuap\\shell\\cloudstore\\store\\cache\\src\\cloudcacheinitializer.cpp", "EventData.LineNumber": "363"}
{"EventID": "1", "Channel": "Microsoft-Windows-CloudStore/Operational", "Provider_Name": "Microsoft-Windows-CloudStore", "Computer": "DESKTOP-OFJ6N53", "TimeCreated": "2023-08-10 07:40:12.270725+00:00", "RecordID": "516", "Level": "2", "UserID": "S-1-5-21-963789628-1060504924-4285088085-1001", "EventData.ProcessName": null, "EventData.Type": "0", "EventData.ErrorCode": "2147943712", "EventData.File": "onecoreuap\\shell\\cloudstore\\common\\src\\effectivecontext.cpp", "EventData.LineNumber": "414"}
{"EventID": "1", "Channel": "Microsoft-Windows-CloudStore/Operational", "Provider_Name": "Microsoft-Windows-CloudStore", "Computer": "DESKTOP-OFJ6N53", "TimeCreated": "2023-08-10 07:40:12.277040+00:00", "RecordID": "517", "Level": "2", "UserID": "S-1-5-21-963789628-1060504924-4285088085-1001", "EventData.ProcessName": null, "EventData.Type": "1", "EventData.ErrorCode": "2147943712", "EventData.File": "onecoreuap\\shell\\cloudstore\\store\\cache\\src\\cloudcacheinitializer.cpp", "EventData.LineNumber": "363"}
{"EventID": "1", "Channel": "Microsoft-Windows-CloudStore/Operational", "Provider_Name": "Microsoft-Windows-CloudStore", "Computer": "DESKTOP-OFJ6N53", "TimeCreated": "2023-08-10 07:40:12.588257+00:00", "RecordID": "518", "Level": "2", "UserID": "S-1-5-21-963789628-1060504924-4285088085-1001", "EventData.ProcessName": null, "EventData.Type": "0", "EventData.ErrorCode": "2147943712", "EventData.File": "onecoreuap\\shell\\cloudstore\\common\\src\\effectivecontext.cpp", "EventData.LineNumber": "414"}
{"EventID": "1", "Channel": "Microsoft-Windows-CloudStore/Operational", "Provider_Name": "Microsoft-Windows-CloudStore", "Computer": "DESKTOP-OFJ6N53", "TimeCreated": "2023-08-10 07:40:12.588442+00:00", "RecordID": "519", "Level": "2", "UserID": "S-1-5-21-963789628-1060504924-4285088085-1001", "EventData.ProcessName": null, "EventData.Type": "1", "EventData.ErrorCode": "2147943712", "EventData.File": "onecoreuap\\shell\\cloudstore\\store\\cache\\src\\cloudcacheinitializer.cpp", "EventData.LineNumber": "363"}
{"EventID": "1", "Channel": "Microsoft-Windows-CloudStore/Operational", "Provider_Name": "Microsoft-Windows-CloudStore", "Computer": "DESKTOP-OFJ6N53", "TimeCreated": "2023-08-16 10:00:25.505980+00:00", "RecordID": "520", "Level": "2", "UserID": "S-1-5-21-963789628-1060504924-4285088085-1001", "EventData.ProcessName": null, "EventData.Type": "0", "EventData.ErrorCode": "2147943712", "EventData.File": "onecoreuap\\shell\\cloudstore\\common\\src\\effectivecontext.cpp", "EventData.LineNumber": "414"}
{"EventID": "1", "Channel": "Microsoft-Windows-CloudStore/Operational", "Provider_Name": "Microsoft-Windows-CloudStore", "Computer": "DESKTOP-OFJ6N53", "TimeCreated": "2023-08-16 10:00:25.515820+00:00", "RecordID": "521", "Level": "2", "UserID": "S-1-5-21-963789628-1060504924-4285088085-1001", "EventData.ProcessName": null, "EventData.Type": "1", "EventData.ErrorCode": "2147943712", "EventData.File": "onecoreuap\\shell\\cloudstore\\store\\cache\\src\\cloudcacheinitializer.cpp", "EventData.LineNumber": "363"}
{"EventID": "1", "Channel": "Microsoft-Windows-CloudStore/Operational", "Provider_Name": "Microsoft-Windows-CloudStore", "Computer": "DESKTOP-OFJ6N53", "TimeCreated": "2023-08-16 10:00:26.464813+00:00", "RecordID": "522", "Level": "2", "UserID": "S-1-5-21-963789628-1060504924-4285088085-1001", "EventData.ProcessName": null, "EventData.Type": "0", "EventData.ErrorCode": "2147943712", "EventData.File": "onecoreuap\\shell\\cloudstore\\common\\src\\effectivecontext.cpp", "EventData.LineNumber": "414"}
{"EventID": "1", "Channel": "Microsoft-Windows-CloudStore/Operational", "Provider_Name": "Microsoft-Windows-CloudStore", "Computer": "DESKTOP-OFJ6N53", "TimeCreated": "2023-08-16 10:00:26.465008+00:00", "RecordID": "523", "Level": "2", "UserID": "S-1-5-21-963789628-1060504924-4285088085-1001", "EventData.ProcessName": null, "EventData.Type": "1", "EventData.ErrorCode": "2147943712", "EventData.File": "onecoreuap\\shell\\cloudstore\\store\\cache\\src\\cloudcacheinitializer.cpp", "EventData.LineNumber": "363"}
{"EventID": "1", "Channel": "Microsoft-Windows-CloudStore/Operational", "Provider_Name": "Microsoft-Windows-CloudStore", "Computer": "DESKTOP-OFJ6N53", "TimeCreated": "2023-08-29 22:45:27.259037+00:00", "RecordID": "524", "Level": "2", "UserID": "S-1-5-21-963789628-1060504924-4285088085-1001", "EventData.ProcessName": null, "EventData.Type": "0", "EventData.ErrorCode": "2147943712", "EventData.File": "onecoreuap\\shell\\cloudstore\\common\\src\\effectivecontext.cpp", "EventData.LineNumber": "414"}
{"EventID": "1", "Channel": "Microsoft-Windows-CloudStore/Operational", "Provider_Name": "Microsoft-Windows-CloudStore", "Computer": "DESKTOP-OFJ6N53", "TimeCreated": "2023-08-29 22:45:27.272783+00:00", "RecordID": "525", "Level": "2", "UserID": "S-1-5-21-963789628-1060504924-4285088085-1001", "EventData.ProcessName": null, "EventData.Type": "1", "EventData.ErrorCode": "2147943712", "EventData.File": "onecoreuap\\shell\\cloudstore\\store\\cache\\src\\cloudcacheinitializer.cpp", "EventData.LineNumber": "363"}
{"EventID": "1", "Channel": "Microsoft-Windows-CloudStore/Operational", "Provider_Name": "Microsoft-Windows-CloudStore", "Computer": "DESKTOP-OFJ6N53", "TimeCreated": "2023-08-29 22:45:30.524656+00:00", "RecordID": "526", "Level": "2", "UserID": "S-1-5-21-963789628-1060504924-4285088085-1001", "EventData.ProcessName": null, "EventData.Type": "0", "EventData.ErrorCode": "2147943712", "EventData.File": "onecoreuap\\shell\\cloudstore\\common\\src\\effectivecontext.cpp", "EventData.LineNumber": "414"}
{"EventID": "1", "Channel": "Microsoft-Windows-CloudStore/Operational", "Provider_Name": "Microsoft-Windows-CloudStore", "Computer": "DESKTOP-OFJ6N53", "TimeCreated": "2023-08-29 22:45:30.524904+00:00", "RecordID": "527", "Level": "2", "UserID": "S-1-5-21-963789628-1060504924-4285088085-1001", "EventData.ProcessName": null, "EventData.Type": "1", "EventData.ErrorCode": "2147943712", "EventData.File": "onecoreuap\\shell\\cloudstore\\store\\cache\\src\\cloudcacheinitializer.cpp", "EventData.LineNumber": "363"}
{"EventID": "1", "Channel": "Microsoft-Windows-CloudStore/Operational", "Provider_Name": "Microsoft-Windows-CloudStore", "Computer": "DESKTOP-OFJ6N53", "TimeCreated": "2023-09-04 14:37:10.493792+00:00", "RecordID": "528", "Level": "2", "UserID": "S-1-5-21-963789628-1060504924-4285088085-1001", "EventData.ProcessName": null, "EventData.Type": "0", "EventData.ErrorCode": "2147943712", "EventData.File": "onecoreuap\\shell\\cloudstore\\common\\src\\effectivecontext.cpp", "EventData.LineNumber": "414"}
{"EventID": "1", "Channel": "Microsoft-Windows-CloudStore/Operational", "Provider_Name": "Microsoft-Windows-CloudStore", "Computer": "DESKTOP-OFJ6N53", "TimeCreated": "2023-09-04 14:37:10.507652+00:00", "RecordID": "529", "Level": "2", "UserID": "S-1-5-21-963789628-1060504924-4285088085-1001", "EventData.ProcessName": null, "EventData.Type": "1", "EventData.ErrorCode": "2147943712", "EventData.File": "onecoreuap\\shell\\cloudstore\\store\\cache\\src\\cloudcacheinitializer.cpp", "EventData.LineNumber": "363"}
{"EventID": "1", "Channel": "Microsoft-Windows-CloudStore/Operational", "Provider_Name": "Microsoft-Windows-CloudStore", "Computer": "DESKTOP-OFJ6N53", "TimeCreated": "2023-09-04 14:37:11.275837+00:00", "RecordID": "530", "Level": "2", "UserID": "S-1-5-21-963789628-1060504924-4285088085-1001", "EventData.ProcessName": null, "EventData.Type": "0", "EventData.ErrorCode": "2147943712", "EventData.File": "onecoreuap\\shell\\cloudstore\\common\\src\\effectivecontext.cpp", "EventData.LineNumber": "414"}
{"EventID": "1", "Channel": "Microsoft-Windows-CloudStore/Operational", "Provider_Name": "Microsoft-Windows-CloudStore", "Computer": "DESKTOP-OFJ6N53", "TimeCreated": "2023-09-04 14:37:11.276045+00:00", "RecordID": "531", "Level": "2", "UserID": "S-1-5-21-963789628-1060504924-4285088085-1001", "EventData.ProcessName": null, "EventData.Type": "1", "EventData.ErrorCode": "2147943712", "EventData.File": "onecoreuap\\shell\\cloudstore\\store\\cache\\src\\cloudcacheinitializer.cpp", "EventData.LineNumber": "363"}
{"EventID": "1", "Channel": "Microsoft-Windows-CloudStore/Operational", "Provider_Name": "Microsoft-Windows-CloudStore", "Computer": "DESKTOP-OFJ6N53", "TimeCreated": "2023-09-04 14:37:12.061802+00:00", "RecordID": "532", "Level": "2", "UserID": "S-1-5-21-963789628-1060504924-4285088085-1001", "EventData.ProcessName": null, "EventData.Type": "0", "EventData.ErrorCode": "2147943712", "EventData.File": "onecoreuap\\shell\\cloudstore\\common\\src\\effectivecontext.cpp", "EventData.LineNumber": "414"}
{"EventID": "1", "Channel": "Microsoft-Windows-CloudStore/Operational", "Provider_Name": "Microsoft-Windows-CloudStore", "Computer": "DESKTOP-OFJ6N53", "TimeCreated": "2023-09-04 14:37:12.061979+00:00", "RecordID": "533", "Level": "2", "UserID": "S-1-5-21-963789628-1060504924-4285088085-1001", "EventData.ProcessName": null, "EventData.Type": "1", "EventData.ErrorCode": "2147943712", "EventData.File": "onecoreuap\\shell\\cloudstore\\store\\cache\\src\\cloudcacheinitializer.cpp", "EventData.LineNumber": "363"}
{"EventID": "1", "Channel": "Microsoft-Windows-CloudStore/Operational", "Provider_Name": "Microsoft-Windows-CloudStore", "Computer": "DESKTOP-OFJ6N53", "TimeCreated": "2023-09-13 14:39:03.663988+00:00", "RecordID": "534", "Level": "2", "UserID": "S-1-5-21-963789628-1060504924-4285088085-1001", "EventData.ProcessName": null, "EventData.Type": "0", "EventData.ErrorCode": "2147943712", "EventData.File": "onecoreuap\\shell\\cloudstore\\common\\src\\effectivecontext.cpp", "EventData.LineNumber": "414"}
{"EventID": "1", "Channel": "Microsoft-Windows-CloudStore/Operational", "Provider_Name": "Microsoft-Windows-CloudStore", "Computer": "DESKTOP-OFJ6N53", "TimeCreated": "2023-09-13 14:39:03.684450+00:00", "RecordID": "535", "Level": "2", "UserID": "S-1-5-21-963789628-1060504924-4285088085-1001", "EventData.ProcessName": null, "EventData.Type": "1", "EventData.ErrorCode": "2147943712", "EventData.File": "onecoreuap\\shell\\cloudstore\\store\\cache\\src\\cloudcacheinitializer.cpp", "EventData.LineNumber": "428"}
{"EventID": "1", "Channel": "Microsoft-Windows-CloudStore/Operational", "Provider_Name": "Microsoft-Windows-CloudStore", "Computer": "DESKTOP-OFJ6N53", "TimeCreated": "2023-09-13 14:39:03.981659+00:00", "RecordID": "536", "Level": "2", "UserID": "S-1-5-21-963789628-1060504924-4285088085-1001", "EventData.ProcessName": null, "EventData.Type": "0", "EventData.ErrorCode": "2147943712", "EventData.File": "onecoreuap\\shell\\cloudstore\\common\\src\\effectivecontext.cpp", "EventData.LineNumber": "414"}
{"EventID": "1", "Channel": "Microsoft-Windows-CloudStore/Operational", "Provider_Name": "Microsoft-Windows-CloudStore", "Computer": "DESKTOP-OFJ6N53", "TimeCreated": "2023-09-13 14:39:03.981882+00:00", "RecordID": "537", "Level": "2", "UserID": "S-1-5-21-963789628-1060504924-4285088085-1001", "EventData.ProcessName": null, "EventData.Type": "1", "EventData.ErrorCode": "2147943712", "EventData.File": "onecoreuap\\shell\\cloudstore\\store\\cache\\src\\cloudcacheinitializer.cpp", "EventData.LineNumber": "428"}
{"EventID": "3013", "Channel": "Microsoft-Windows-CloudStore/Operational", "Provider_Name": "Microsoft-Windows-CloudStore", "Computer": "DESKTOP-OFJ6N53", "TimeCreated": "2023-09-13 14:47:22.267218+00:00", "RecordID": "538", "Level": "3", "UserID": "S-1-5-21-963789628-1060504924-4285088085-1001", "EventData.Id": "default$windows.data.apps.devicemetadata|windows.data.apps.devicemetadata", "EventData.ErrorCode": "2147746053"}
{"EventID": "1", "Channel": "Microsoft-Windows-CloudStore/Operational", "Provider_Name": "Microsoft-Windows-CloudStore", "Computer": "DESKTOP-OFJ6N53", "TimeCreated": "2023-09-29 16:11:10.935520+00:00", "RecordID": "539", "Level": "2", "UserID": "S-1-5-21-963789628-1060504924-4285088085-1001", "EventData.ProcessName": null, "EventData.Type": "0", "EventData.ErrorCode": "2147943712", "EventData.File": "onecoreuap\\shell\\cloudstore\\common\\src\\effectivecontext.cpp", "EventData.LineNumber": "414"}
{"EventID": "1", "Channel": "Microsoft-Windows-CloudStore/Operational", "Provider_Name": "Microsoft-Windows-CloudStore", "Computer": "DESKTOP-OFJ6N53", "TimeCreated": "2023-09-29 16:11:10.948969+00:00", "RecordID": "540", "Level": "2", "UserID": "S-1-5-21-963789628-1060504924-4285088085-1001", "EventData.ProcessName": null, "EventData.Type": "1", "EventData.ErrorCode": "2147943712", "EventData.File": "onecoreuap\\shell\\cloudstore\\store\\cache\\src\\cloudcacheinitializer.cpp", "EventData.LineNumber": "428"}
{"EventID": "1", "Channel": "Microsoft-Windows-CloudStore/Operational", "Provider_Name": "Microsoft-Windows-CloudStore", "Computer": "DESKTOP-OFJ6N53", "TimeCreated": "2023-09-29 16:11:12.814911+00:00", "RecordID": "541", "Level": "2", "UserID": "S-1-5-21-963789628-1060504924-4285088085-1001", "EventData.ProcessName": null, "EventData.Type": "0", "EventData.ErrorCode": "2147943712", "EventData.File": "onecoreuap\\shell\\cloudstore\\common\\src\\effectivecontext.cpp", "EventData.LineNumber": "414"}
{"EventID": "1", "Channel": "Microsoft-Windows-CloudStore/Operational", "Provider_Name": "Microsoft-Windows-CloudStore", "Computer": "DESKTOP-OFJ6N53", "TimeCreated": "2023-09-29 16:11:12.815107+00:00", "RecordID": "542", "Level": "2", "UserID": "S-1-5-21-963789628-1060504924-4285088085-1001", "EventData.ProcessName": null, "EventData.Type": "1", "EventData.ErrorCode": "2147943712", "EventData.File": "onecoreuap\\shell\\cloudstore\\store\\cache\\src\\cloudcacheinitializer.cpp", "EventData.LineNumber": "428"}
{"EventID": "1", "Channel": "Microsoft-Windows-CloudStore/Operational", "Provider_Name": "Microsoft-Windows-CloudStore", "Computer": "DESKTOP-OFJ6N53", "TimeCreated": "2023-10-12 16:58:07.338358+00:00", "RecordID": "543", "Level": "2", "UserID": "S-1-5-21-963789628-1060504924-4285088085-1001", "EventData.ProcessName": null, "EventData.Type": "0", "EventData.ErrorCode": "2147943712", "EventData.File": "onecoreuap\\shell\\cloudstore\\common\\src\\effectivecontext.cpp", "EventData.LineNumber": "414"}
{"EventID": "1", "Channel": "Microsoft-Windows-CloudStore/Operational", "Provider_Name": "Microsoft-Windows-CloudStore", "Computer": "DESKTOP-OFJ6N53", "TimeCreated": "2023-10-12 16:58:07.345882+00:00", "RecordID": "544", "Level": "2", "UserID": "S-1-5-21-963789628-1060504924-4285088085-1001", "EventData.ProcessName": null, "EventData.Type": "1", "EventData.ErrorCode": "2147943712", "EventData.File": "onecoreuap\\shell\\cloudstore\\store\\cache\\src\\cloudcacheinitializer.cpp", "EventData.LineNumber": "428"}
{"EventID": "1", "Channel": "Microsoft-Windows-CloudStore/Operational", "Provider_Name": "Microsoft-Windows-CloudStore", "Computer": "DESKTOP-OFJ6N53", "TimeCreated": "2023-10-12 16:58:07.503075+00:00", "RecordID": "545", "Level": "2", "UserID": "S-1-5-21-963789628-1060504924-4285088085-1001", "EventData.ProcessName": null, "EventData.Type": "0", "EventData.ErrorCode": "2147943712", "EventData.File": "onecoreuap\\shell\\cloudstore\\common\\src\\effectivecontext.cpp", "EventData.LineNumber": "414"}
{"EventID": "1", "Channel": "Microsoft-Windows-CloudStore/Operational", "Provider_Name": "Microsoft-Windows-CloudStore", "Computer": "DESKTOP-OFJ6N53", "TimeCreated": "2023-10-12 16:58:07.503260+00:00", "RecordID": "546", "Level": "2", "UserID": "S-1-5-21-963789628-1060504924-4285088085-1001", "EventData.ProcessName": null, "EventData.Type": "1", "EventData.ErrorCode": "2147943712", "EventData.File": "onecoreuap\\shell\\cloudstore\\store\\cache\\src\\cloudcacheinitializer.cpp", "EventData.LineNumber": "428"}
{"EventID": "1", "Channel": "Microsoft-Windows-CloudStore/Operational", "Provider_Name": "Microsoft-Windows-CloudStore", "Computer": "DESKTOP-OFJ6N53", "TimeCreated": "2023-10-27 14:41:13.705557+00:00", "RecordID": "547", "Level": "2", "UserID": "S-1-5-21-963789628-1060504924-4285088085-1001", "EventData.ProcessName": null, "EventData.Type": "0", "EventData.ErrorCode": "2147943712", "EventData.File": "onecoreuap\\shell\\cloudstore\\common\\src\\effectivecontext.cpp", "EventData.LineNumber": "414"}
{"EventID": "1", "Channel": "Microsoft-Windows-CloudStore/Operational", "Provider_Name": "Microsoft-Windows-CloudStore", "Computer": "DESKTOP-OFJ6N53", "TimeCreated": "2023-10-27 14:41:13.718212+00:00", "RecordID": "548", "Level": "2", "UserID": "S-1-5-21-963789628-1060504924-4285088085-1001", "EventData.ProcessName": null, "EventData.Type": "1", "EventData.ErrorCode": "2147943712", "EventData.File": "onecoreuap\\shell\\cloudstore\\store\\cache\\src\\cloudcacheinitializer.cpp", "EventData.LineNumber": "428"}
{"EventID": "1", "Channel": "Microsoft-Windows-CloudStore/Operational", "Provider_Name": "Microsoft-Windows-CloudStore", "Computer": "DESKTOP-OFJ6N53", "TimeCreated": "2023-10-27 14:41:16.370787+00:00", "RecordID": "549", "Level": "2", "UserID": "S-1-5-21-963789628-1060504924-4285088085-1001", "EventData.ProcessName": null, "EventData.Type": "0", "EventData.ErrorCode": "2147943712", "EventData.File": "onecoreuap\\shell\\cloudstore\\common\\src\\effectivecontext.cpp", "EventData.LineNumber": "414"}
{"EventID": "1", "Channel": "Microsoft-Windows-CloudStore/Operational", "Provider_Name": "Microsoft-Windows-CloudStore", "Computer": "DESKTOP-OFJ6N53", "TimeCreated": "2023-10-27 14:41:16.370991+00:00", "RecordID": "550", "Level": "2", "UserID": "S-1-5-21-963789628-1060504924-4285088085-1001", "EventData.ProcessName": null, "EventData.Type": "1", "EventData.ErrorCode": "2147943712", "EventData.File": "onecoreuap\\shell\\cloudstore\\store\\cache\\src\\cloudcacheinitializer.cpp", "EventData.LineNumber": "428"}
{"EventID": "1", "Channel": "Microsoft-Windows-CloudStore/Operational", "Provider_Name": "Microsoft-Windows-CloudStore", "Computer": "DESKTOP-OFJ6N53", "TimeCreated": "2023-11-20 15:11:33.116993+00:00", "RecordID": "551", "Level": "2", "UserID": "S-1-5-21-963789628-1060504924-4285088085-1001", "EventData.ProcessName": null, "EventData.Type": "0", "EventData.ErrorCode": "2147943712", "EventData.File": "onecoreuap\\shell\\cloudstore\\common\\src\\effectivecontext.cpp", "EventData.LineNumber": "414"}
{"EventID": "1", "Channel": "Microsoft-Windows-CloudStore/Operational", "Provider_Name": "Microsoft-Windows-CloudStore", "Computer": "DESKTOP-OFJ6N53", "TimeCreated": "2023-11-20 15:11:33.132042+00:00", "RecordID": "552", "Level": "2", "UserID": "S-1-5-21-963789628-1060504924-4285088085-1001", "EventData.ProcessName": null, "EventData.Type": "1", "EventData.ErrorCode": "2147943712", "EventData.File": "onecoreuap\\shell\\cloudstore\\store\\cache\\src\\cloudcacheinitializer.cpp", "EventData.LineNumber": "445"}
{"EventID": "1", "Channel": "Microsoft-Windows-CloudStore/Operational", "Provider_Name": "Microsoft-Windows-CloudStore", "Computer": "DESKTOP-OFJ6N53", "TimeCreated": "2023-11-20 15:11:33.276134+00:00", "RecordID": "553", "Level": "2", "UserID": "S-1-5-21-963789628-1060504924-4285088085-1001", "EventData.ProcessName": null, "EventData.Type": "0", "EventData.ErrorCode": "2147943712", "EventData.File": "onecoreuap\\shell\\cloudstore\\common\\src\\effectivecontext.cpp", "EventData.LineNumber": "414"}
{"EventID": "1", "Channel": "Microsoft-Windows-CloudStore/Operational", "Provider_Name": "Microsoft-Windows-CloudStore", "Computer": "DESKTOP-OFJ6N53", "TimeCreated": "2023-11-20 15:11:33.276327+00:00", "RecordID": "554", "Level": "2", "UserID": "S-1-5-21-963789628-1060504924-4285088085-1001", "EventData.ProcessName": null, "EventData.Type": "1", "EventData.ErrorCode": "2147943712", "EventData.File": "onecoreuap\\shell\\cloudstore\\store\\cache\\src\\cloudcacheinitializer.cpp", "EventData.LineNumber": "445"}
{"EventID": "1", "Channel": "Microsoft-Windows-CloudStore/Operational", "Provider_Name": "Microsoft-Windows-CloudStore", "Computer": "DESKTOP-OFJ6N53", "TimeCreated": "2023-12-12 07:25:24.754757+00:00", "RecordID": "555", "Level": "2", "UserID": "S-1-5-21-963789628-1060504924-4285088085-1001", "EventData.ProcessName": null, "EventData.Type": "0", "EventData.ErrorCode": "2147943712", "EventData.File": "onecoreuap\\shell\\cloudstore\\common\\src\\effectivecontext.cpp", "EventData.LineNumber": "414"}
{"EventID": "1", "Channel": "Microsoft-Windows-CloudStore/Operational", "Provider_Name": "Microsoft-Windows-CloudStore", "Computer": "DESKTOP-OFJ6N53", "TimeCreated": "2023-12-12 07:25:24.766972+00:00", "RecordID": "556", "Level": "2", "UserID": "S-1-5-21-963789628-1060504924-4285088085-1001", "EventData.ProcessName": null, "EventData.Type": "1", "EventData.ErrorCode": "2147943712", "EventData.File": "onecoreuap\\shell\\cloudstore\\store\\cache\\src\\cloudcacheinitializer.cpp", "EventData.LineNumber": "445"}
{"EventID": "1", "Channel": "Microsoft-Windows-CloudStore/Operational", "Provider_Name": "Microsoft-Windows-CloudStore", "Computer": "DESKTOP-OFJ6N53", "TimeCreated": "2023-12-12 07:25:30.073046+00:00", "RecordID": "557", "Level": "2", "UserID": "S-1-5-21-963789628-1060504924-4285088085-1001", "EventData.ProcessName": null, "EventData.Type": "0", "EventData.ErrorCode": "2147943712", "EventData.File": "onecoreuap\\shell\\cloudstore\\common\\src\\effectivecontext.cpp", "EventData.LineNumber": "414"}
{"EventID": "1", "Channel": "Microsoft-Windows-CloudStore/Operational", "Provider_Name": "Microsoft-Windows-CloudStore", "Computer": "DESKTOP-OFJ6N53", "TimeCreated": "2023-12-12 07:25:30.073231+00:00", "RecordID": "558", "Level": "2", "UserID": "S-1-5-21-963789628-1060504924-4285088085-1001", "EventData.ProcessName": null, "EventData.Type": "1", "EventData.ErrorCode": "2147943712", "EventData.File": "onecoreuap\\shell\\cloudstore\\store\\cache\\src\\cloudcacheinitializer.cpp", "EventData.LineNumber": "445"}
{"EventID": "1", "Channel": "Microsoft-Windows-CloudStore/Operational", "Provider_Name": "Microsoft-Windows-CloudStore", "Computer": "DESKTOP-OFJ6N53", "TimeCreated": "2023-12-13 14:35:21.895067+00:00", "RecordID": "559", "Level": "2", "UserID": "S-1-5-21-963789628-1060504924-4285088085-1001", "EventData.ProcessName": null, "EventData.Type": "0", "EventData.ErrorCode": "2147943712", "EventData.File": "onecoreuap\\shell\\cloudstore\\common\\src\\effectivecontext.cpp", "EventData.LineNumber": "414"}
{"EventID": "1", "Channel": "Microsoft-Windows-CloudStore/Operational", "Provider_Name": "Microsoft-Windows-CloudStore", "Computer": "DESKTOP-OFJ6N53", "TimeCreated": "2023-12-13 14:35:21.904387+00:00", "RecordID": "560", "Level": "2", "UserID": "S-1-5-21-963789628-1060504924-4285088085-1001", "EventData.ProcessName": null, "EventData.Type": "1", "EventData.ErrorCode": "2147943712", "EventData.File": "onecoreuap\\shell\\cloudstore\\store\\cache\\src\\cloudcacheinitializer.cpp", "EventData.LineNumber": "445"}
{"EventID": "1", "Channel": "Microsoft-Windows-CloudStore/Operational", "Provider_Name": "Microsoft-Windows-CloudStore", "Computer": "DESKTOP-OFJ6N53", "TimeCreated": "2023-12-13 14:35:22.035833+00:00", "RecordID": "561", "Level": "2", "UserID": "S-1-5-21-963789628-1060504924-4285088085-1001", "EventData.ProcessName": null, "EventData.Type": "0", "EventData.ErrorCode": "2147943712", "EventData.File": "onecoreuap\\shell\\cloudstore\\common\\src\\effectivecontext.cpp", "EventData.LineNumber": "414"}
{"EventID": "1", "Channel": "Microsoft-Windows-CloudStore/Operational", "Provider_Name": "Microsoft-Windows-CloudStore", "Computer": "DESKTOP-OFJ6N53", "TimeCreated": "2023-12-13 14:35:22.036013+00:00", "RecordID": "562", "Level": "2", "UserID": "S-1-5-21-963789628-1060504924-4285088085-1001", "EventData.ProcessName": null, "EventData.Type": "1", "EventData.ErrorCode": "2147943712", "EventData.File": "onecoreuap\\shell\\cloudstore\\store\\cache\\src\\cloudcacheinitializer.cpp", "EventData.LineNumber": "445"}
{"EventID": "1", "Channel": "Microsoft-Windows-CloudStore/Operational", "Provider_Name": "Microsoft-Windows-CloudStore", "Computer": "DESKTOP-OFJ6N53", "TimeCreated": "2023-12-29 14:44:49.924202+00:00", "RecordID": "563", "Level": "2", "UserID": "S-1-5-21-963789628-1060504924-4285088085-1001", "EventData.ProcessName": null, "EventData.Type": "0", "EventData.ErrorCode": "2147943712", "EventData.File": "onecoreuap\\shell\\cloudstore\\common\\src\\effectivecontext.cpp", "EventData.LineNumber": "414"}
{"EventID": "1", "Channel": "Microsoft-Windows-CloudStore/Operational", "Provider_Name": "Microsoft-Windows-CloudStore", "Computer": "DESKTOP-OFJ6N53", "TimeCreated": "2023-12-29 14:44:49.941057+00:00", "RecordID": "564", "Level": "2", "UserID": "S-1-5-21-963789628-1060504924-4285088085-1001", "EventData.ProcessName": null, "EventData.Type": "1", "EventData.ErrorCode": "2147943712", "EventData.File": "onecoreuap\\shell\\cloudstore\\store\\cache\\src\\cloudcacheinitializer.cpp", "EventData.LineNumber": "445"}
{"EventID": "1", "Channel": "Microsoft-Windows-CloudStore/Operational", "Provider_Name": "Microsoft-Windows-CloudStore", "Computer": "DESKTOP-OFJ6N53", "TimeCreated": "2023-12-29 14:45:04.874537+00:00", "RecordID": "565", "Level": "2", "UserID": "S-1-5-21-963789628-1060504924-4285088085-1001", "EventData.ProcessName": null, "EventData.Type": "0", "EventData.ErrorCode": "2147943712", "EventData.File": "onecoreuap\\shell\\cloudstore\\common\\src\\effectivecontext.cpp", "EventData.LineNumber": "414"}
{"EventID": "1", "Channel": "Microsoft-Windows-CloudStore/Operational", "Provider_Name": "Microsoft-Windows-CloudStore", "Computer": "DESKTOP-OFJ6N53", "TimeCreated": "2023-12-29 14:45:04.874722+00:00", "RecordID": "566", "Level": "2", "UserID": "S-1-5-21-963789628-1060504924-4285088085-1001", "EventData.ProcessName": null, "EventData.Type": "1", "EventData.ErrorCode": "2147943712", "EventData.File": "onecoreuap\\shell\\cloudstore\\store\\cache\\src\\cloudcacheinitializer.cpp", "EventData.LineNumber": "445"}
{"EventID": "1", "Channel": "Microsoft-Windows-CloudStore/Operational", "Provider_Name": "Microsoft-Windows-CloudStore", "Computer": "DESKTOP-OFJ6N53", "TimeCreated": "2023-12-29 14:45:06.105101+00:00", "RecordID": "567", "Level": "2", "UserID": "S-1-5-21-963789628-1060504924-4285088085-1001", "EventData.ProcessName": null, "EventData.Type": "0", "EventData.ErrorCode": "2147943712", "EventData.File": "onecoreuap\\shell\\cloudstore\\common\\src\\effectivecontext.cpp", "EventData.LineNumber": "414"}
{"EventID": "1", "Channel": "Microsoft-Windows-CloudStore/Operational", "Provider_Name": "Microsoft-Windows-CloudStore", "Computer": "DESKTOP-OFJ6N53", "TimeCreated": "2023-12-29 14:45:06.105270+00:00", "RecordID": "568", "Level": "2", "UserID": "S-1-5-21-963789628-1060504924-4285088085-1001", "EventData.ProcessName": null, "EventData.Type": "1", "EventData.ErrorCode": "2147943712", "EventData.File": "onecoreuap\\shell\\cloudstore\\store\\cache\\src\\cloudcacheinitializer.cpp", "EventData.LineNumber": "445"}
{"EventID": "1", "Channel": "Microsoft-Windows-CloudStore/Operational", "Provider_Name": "Microsoft-Windows-CloudStore", "Computer": "DESKTOP-OFJ6N53", "TimeCreated": "2024-01-10 14:59:44.985310+00:00", "RecordID": "569", "Level": "2", "UserID": "S-1-5-21-963789628-1060504924-4285088085-1001", "EventData.ProcessName": null, "EventData.Type": "0", "EventData.ErrorCode": "2147943712", "EventData.File": "onecoreuap\\shell\\cloudstore\\common\\src\\effectivecontext.cpp", "EventData.LineNumber": "414"}
{"EventID": "1", "Channel": "Microsoft-Windows-CloudStore/Operational", "Provider_Name": "Microsoft-Windows-CloudStore", "Computer": "DESKTOP-OFJ6N53", "TimeCreated": "2024-01-10 14:59:45.000229+00:00", "RecordID": "570", "Level": "2", "UserID": "S-1-5-21-963789628-1060504924-4285088085-1001", "EventData.ProcessName": null, "EventData.Type": "1", "EventData.ErrorCode": "2147943712", "EventData.File": "onecoreuap\\shell\\cloudstore\\store\\cache\\src\\cloudcacheinitializer.cpp", "EventData.LineNumber": "445"}
{"EventID": "1", "Channel": "Microsoft-Windows-CloudStore/Operational", "Provider_Name": "Microsoft-Windows-CloudStore", "Computer": "DESKTOP-OFJ6N53", "TimeCreated": "2024-01-10 14:59:45.199583+00:00", "RecordID": "571", "Level": "2", "UserID": "S-1-5-21-963789628-1060504924-4285088085-1001", "EventData.ProcessName": null, "EventData.Type": "0", "EventData.ErrorCode": "2147943712", "EventData.File": "onecoreuap\\shell\\cloudstore\\common\\src\\effectivecontext.cpp", "EventData.LineNumber": "414"}
{"EventID": "1", "Channel": "Microsoft-Windows-CloudStore/Operational", "Provider_Name": "Microsoft-Windows-CloudStore", "Computer": "DESKTOP-OFJ6N53", "TimeCreated": "2024-01-10 14:59:45.199772+00:00", "RecordID": "572", "Level": "2", "UserID": "S-1-5-21-963789628-1060504924-4285088085-1001", "EventData.ProcessName": null, "EventData.Type": "1", "EventData.ErrorCode": "2147943712", "EventData.File": "onecoreuap\\shell\\cloudstore\\store\\cache\\src\\cloudcacheinitializer.cpp", "EventData.LineNumber": "445"}
{"EventID": "1", "Channel": "Microsoft-Windows-CloudStore/Operational", "Provider_Name": "Microsoft-Windows-CloudStore", "Computer": "DESKTOP-OFJ6N53", "TimeCreated": "2024-02-15 15:30:05.395271+00:00", "RecordID": "573", "Level": "2", "UserID": "S-1-5-21-963789628-1060504924-4285088085-1001", "EventData.ProcessName": null, "EventData.Type": "0", "EventData.ErrorCode": "2147943712", "EventData.File": "onecoreuap\\shell\\cloudstore\\common\\src\\effectivecontext.cpp", "EventData.LineNumber": "414"}
{"EventID": "1", "Channel": "Microsoft-Windows-CloudStore/Operational", "Provider_Name": "Microsoft-Windows-CloudStore", "Computer": "DESKTOP-OFJ6N53", "TimeCreated": "2024-02-15 15:30:05.408377+00:00", "RecordID": "574", "Level": "2", "UserID": "S-1-5-21-963789628-1060504924-4285088085-1001", "EventData.ProcessName": null, "EventData.Type": "1", "EventData.ErrorCode": "2147943712", "EventData.File": "onecoreuap\\shell\\cloudstore\\store\\cache\\src\\cloudcacheinitializer.cpp", "EventData.LineNumber": "445"}
{"EventID": "1", "Channel": "Microsoft-Windows-CloudStore/Operational", "Provider_Name": "Microsoft-Windows-CloudStore", "Computer": "DESKTOP-OFJ6N53", "TimeCreated": "2024-02-15 15:30:05.561150+00:00", "RecordID": "575", "Level": "2", "UserID": "S-1-5-21-963789628-1060504924-4285088085-1001", "EventData.ProcessName": null, "EventData.Type": "0", "EventData.ErrorCode": "2147943712", "EventData.File": "onecoreuap\\shell\\cloudstore\\common\\src\\effectivecontext.cpp", "EventData.LineNumber": "414"}
{"EventID": "1", "Channel": "Microsoft-Windows-CloudStore/Operational", "Provider_Name": "Microsoft-Windows-CloudStore", "Computer": "DESKTOP-OFJ6N53", "TimeCreated": "2024-02-15 15:30:05.561363+00:00", "RecordID": "576", "Level": "2", "UserID": "S-1-5-21-963789628-1060504924-4285088085-1001", "EventData.ProcessName": null, "EventData.Type": "1", "EventData.ErrorCode": "2147943712", "EventData.File": "onecoreuap\\shell\\cloudstore\\store\\cache\\src\\cloudcacheinitializer.cpp", "EventData.LineNumber": "445"}
{"EventID": "1", "Channel": "Microsoft-Windows-CloudStore/Operational", "Provider_Name": "Microsoft-Windows-CloudStore", "Computer": "DESKTOP-OFJ6N53", "TimeCreated": "2024-03-12 11:04:59.759470+00:00", "RecordID": "577", "Level": "2", "UserID": "S-1-5-21-963789628-1060504924-4285088085-1001", "EventData.ProcessName": null, "EventData.Type": "0", "EventData.ErrorCode": "2147943712", "EventData.File": "onecoreuap\\shell\\cloudstore\\common\\src\\effectivecontext.cpp", "EventData.LineNumber": "414"}
{"EventID": "1", "Channel": "Microsoft-Windows-CloudStore/Operational", "Provider_Name": "Microsoft-Windows-CloudStore", "Computer": "DESKTOP-OFJ6N53", "TimeCreated": "2024-03-12 11:04:59.774609+00:00", "RecordID": "578", "Level": "2", "UserID": "S-1-5-21-963789628-1060504924-4285088085-1001", "EventData.ProcessName": null, "EventData.Type": "1", "EventData.ErrorCode": "2147943712", "EventData.File": "onecoreuap\\shell\\cloudstore\\store\\cache\\src\\cloudcacheinitializer.cpp", "EventData.LineNumber": "445"}
{"EventID": "1", "Channel": "Microsoft-Windows-CloudStore/Operational", "Provider_Name": "Microsoft-Windows-CloudStore", "Computer": "DESKTOP-OFJ6N53", "TimeCreated": "2024-03-12 11:05:01.367874+00:00", "RecordID": "579", "Level": "2", "UserID": "S-1-5-21-963789628-1060504924-4285088085-1001", "EventData.ProcessName": null, "EventData.Type": "0", "EventData.ErrorCode": "2147943712", "EventData.File": "onecoreuap\\shell\\cloudstore\\common\\src\\effectivecontext.cpp", "EventData.LineNumber": "414"}
{"EventID": "1", "Channel": "Microsoft-Windows-CloudStore/Operational", "Provider_Name": "Microsoft-Windows-CloudStore", "Computer": "DESKTOP-OFJ6N53", "TimeCreated": "2024-03-12 11:05:01.368023+00:00", "RecordID": "580", "Level": "2", "UserID": "S-1-5-21-963789628-1060504924-4285088085-1001", "EventData.ProcessName": null, "EventData.Type": "1", "EventData.ErrorCode": "2147943712", "EventData.File": "onecoreuap\\shell\\cloudstore\\store\\cache\\src\\cloudcacheinitializer.cpp", "EventData.LineNumber": "445"}
{"EventID": "1", "Channel": "Microsoft-Windows-CloudStore/Operational", "Provider_Name": "Microsoft-Windows-CloudStore", "Computer": "DESKTOP-OFJ6N53", "TimeCreated": "2024-04-12 02:49:45.209410+00:00", "RecordID": "581", "Level": "2", "UserID": "S-1-5-21-963789628-1060504924-4285088085-1001", "EventData.ProcessName": null, "EventData.Type": "0", "EventData.ErrorCode": "2147943712", "EventData.File": "onecoreuap\\shell\\cloudstore\\common\\src\\effectivecontext.cpp", "EventData.LineNumber": "414"}
{"EventID": "1", "Channel": "Microsoft-Windows-CloudStore/Operational", "Provider_Name": "Microsoft-Windows-CloudStore", "Computer": "DESKTOP-OFJ6N53", "TimeCreated": "2024-04-12 02:49:45.313976+00:00", "RecordID": "582", "Level": "2", "UserID": "S-1-5-21-963789628-1060504924-4285088085-1001", "EventData.ProcessName": null, "EventData.Type": "1", "EventData.ErrorCode": "2147943712", "EventData.File": "onecoreuap\\shell\\cloudstore\\store\\cache\\src\\cloudcacheinitializer.cpp", "EventData.LineNumber": "445"}
{"EventID": "1", "Channel": "Microsoft-Windows-CloudStore/Operational", "Provider_Name": "Microsoft-Windows-CloudStore", "Computer": "DESKTOP-OFJ6N53", "TimeCreated": "2024-04-12 02:55:09.895552+00:00", "RecordID": "583", "Level": "2", "UserID": "S-1-5-21-963789628-1060504924-4285088085-1001", "EventData.ProcessName": null, "EventData.Type": "0", "EventData.ErrorCode": "2147943712", "EventData.File": "onecoreuap\\shell\\cloudstore\\common\\src\\effectivecontext.cpp", "EventData.LineNumber": "414"}
{"EventID": "1", "Channel": "Microsoft-Windows-CloudStore/Operational", "Provider_Name": "Microsoft-Windows-CloudStore", "Computer": "DESKTOP-OFJ6N53", "TimeCreated": "2024-04-12 02:55:09.909592+00:00", "RecordID": "584", "Level": "2", "UserID": "S-1-5-21-963789628-1060504924-4285088085-1001", "EventData.ProcessName": null, "EventData.Type": "1", "EventData.ErrorCode": "2147943712", "EventData.File": "onecoreuap\\shell\\cloudstore\\store\\cache\\src\\cloudcacheinitializer.cpp", "EventData.LineNumber": "706"}
{"EventID": "1", "Channel": "Microsoft-Windows-CloudStore/Operational", "Provider_Name": "Microsoft-Windows-CloudStore", "Computer": "DESKTOP-OFJ6N53", "TimeCreated": "2024-04-12 02:55:10.114552+00:00", "RecordID": "585", "Level": "2", "UserID": "S-1-5-21-963789628-1060504924-4285088085-1001", "EventData.ProcessName": null, "EventData.Type": "0", "EventData.ErrorCode": "2147943712", "EventData.File": "onecoreuap\\shell\\cloudstore\\common\\src\\effectivecontext.cpp", "EventData.LineNumber": "414"}
{"EventID": "1", "Channel": "Microsoft-Windows-CloudStore/Operational", "Provider_Name": "Microsoft-Windows-CloudStore", "Computer": "DESKTOP-OFJ6N53", "TimeCreated": "2024-04-12 02:55:10.114744+00:00", "RecordID": "586", "Level": "2", "UserID": "S-1-5-21-963789628-1060504924-4285088085-1001", "EventData.ProcessName": null, "EventData.Type": "1", "EventData.ErrorCode": "2147943712", "EventData.File": "onecoreuap\\shell\\cloudstore\\store\\cache\\src\\cloudcacheinitializer.cpp", "EventData.LineNumber": "706"}
{"EventID": "1", "Channel": "Microsoft-Windows-CloudStore/Operational", "Provider_Name": "Microsoft-Windows-CloudStore", "Computer": "DESKTOP-OFJ6N53", "TimeCreated": "2024-04-23 15:44:35.984535+00:00", "RecordID": "587", "Level": "2", "UserID": "S-1-5-21-963789628-1060504924-4285088085-1001", "EventData.ProcessName": null, "EventData.Type": "0", "EventData.ErrorCode": "2147943712", "EventData.File": "onecoreuap\\shell\\cloudstore\\common\\src\\effectivecontext.cpp", "EventData.LineNumber": "414"}
{"EventID": "1", "Channel": "Microsoft-Windows-CloudStore/Operational", "Provider_Name": "Microsoft-Windows-CloudStore", "Computer": "DESKTOP-OFJ6N53", "TimeCreated": "2024-04-23 15:44:36.017626+00:00", "RecordID": "588", "Level": "2", "UserID": "S-1-5-21-963789628-1060504924-4285088085-1001", "EventData.ProcessName": null, "EventData.Type": "1", "EventData.ErrorCode": "2147943712", "EventData.File": "onecoreuap\\shell\\cloudstore\\store\\cache\\src\\cloudcacheinitializer.cpp", "EventData.LineNumber": "706"}
{"EventID": "1", "Channel": "Microsoft-Windows-CloudStore/Operational", "Provider_Name": "Microsoft-Windows-CloudStore", "Computer": "DESKTOP-OFJ6N53", "TimeCreated": "2024-04-23 15:44:36.288067+00:00", "RecordID": "589", "Level": "2", "UserID": "S-1-5-21-963789628-1060504924-4285088085-1001", "EventData.ProcessName": null, "EventData.Type": "0", "EventData.ErrorCode": "2147943712", "EventData.File": "onecoreuap\\shell\\cloudstore\\common\\src\\effectivecontext.cpp", "EventData.LineNumber": "414"}
{"EventID": "1", "Channel": "Microsoft-Windows-CloudStore/Operational", "Provider_Name": "Microsoft-Windows-CloudStore", "Computer": "DESKTOP-OFJ6N53", "TimeCreated": "2024-04-23 15:44:36.288319+00:00", "RecordID": "590", "Level": "2", "UserID": "S-1-5-21-963789628-1060504924-4285088085-1001", "EventData.ProcessName": null, "EventData.Type": "1", "EventData.ErrorCode": "2147943712", "EventData.File": "onecoreuap\\shell\\cloudstore\\store\\cache\\src\\cloudcacheinitializer.cpp", "EventData.LineNumber": "706"}
