{"EventID": "203", "Channel": "Microsoft-Windows-Diagnostics-Performance/Operational", "Provider_Name": "Microsoft-Windows-Diagnostics-Performance", "Computer": "DESKTOP-OFJ6N53", "TimeCreated": "2023-04-05 15:23:37.377501+00:00", "RecordID": "226", "Level": "3", "UserID": "S-1-5-19", "EventData.StartTime": "2023-04-05 15:15:17.337990+00:00", "EventData.NameLength": "5", "EventData.Name": "Dhcp", "EventData.FriendlyNameLength": "20", "EventData.FriendlyName": "Служба DHCP-клиента", "EventData.VersionLength": "39", "EventData.Version": "10.0.19041.2604 (WinBuild.160101.0800)", "EventData.TotalTime": "1127", "EventData.DegradationTime": "757", "EventData.PathLength": "33", "EventData.Path": "C:\\Windows\\system32\\dhcpcore.dll", "EventData.ProductNameLength": "41", "EventData.ProductName": "Операционная система Microsoft® Windows®", "EventData.CompanyNameLength": "22", "EventData.CompanyName": "Microsoft Corporation"}
{"EventID": "200", "Channel": "Microsoft-Windows-Diagnostics-Performance/Operational", "Provider_Name": "Microsoft-Windows-Diagnostics-Performance", "Computer": "DESKTOP-OFJ6N53", "TimeCreated": "2023-04-11 20:00:16.218636+00:00", "RecordID": "227", "Level": "2", "UserID": "S-1-5-19", "EventData.ShutdownTsVersion": "1", "EventData.ShutdownStartTime": "2023-04-11 19:38:10.739029+00:00", "EventData.ShutdownEndTime": "2023-04-11 19:39:31.179605+00:00", "EventData.ShutdownTime": "80440", "EventData.ShutdownUserSessionTime": "12671", "EventData.ShutdownUserPolicyTime": "31", "EventData.ShutdownUserProfilesTime": "304", "EventData.ShutdownSystemSessionsTime": "7357", "EventData.ShutdownPreShutdownNotificationsTime": "1456", "EventData.ShutdownServicesTime": "5025", "EventData.ShutdownKernelTime": "60411", "EventData.ShutdownRootCauseStepImprovementBits": "0", "EventData.ShutdownRootCauseGradualImprovementBits": "0", "EventData.ShutdownRootCauseStepDegradationBits": "0", "EventData.ShutdownRootCauseGradualDegradationBits": "0", "EventData.ShutdownIsDegradation": "False", "EventData.ShutdownTimeChange": "0"}
{"EventID": "203", "Channel": "Microsoft-Windows-Diagnostics-Performance/Operational", "Provider_Name": "Microsoft-Windows-Diagnostics-Performance", "Computer": "DESKTOP-OFJ6N53", "TimeCreated": "2023-04-11 20:00:16.221951+00:00", "RecordID": "228", "Level": "2", "UserID": "S-1-5-19", "EventData.StartTime": "2023-04-11 19:38:10.739029+00:00", "EventData.NameLength": "9", "EventData.Name": "vpnagent", "EventData.FriendlyNameLength": "0", "EventData.FriendlyName": null, "EventData.VersionLength": "0", "EventData.Version": null, "EventData.TotalTime": "54771", "EventData.DegradationTime": "48614", "EventData.PathLength": "84", "EventData.Path": "\"c:\\program files (x86)\\cisco\\cisco anyconnect secure mobility client\\vpnagent.exe\"", "EventData.ProductNameLength": "0", "EventData.ProductName": null, "EventData.CompanyNameLength": "0", "EventData.CompanyName": null}
{"EventID": "203", "Channel": "Microsoft-Windows-Diagnostics-Performance/Operational", "Provider_Name": "Microsoft-Windows-Diagnostics-Performance", "Computer": "DESKTOP-OFJ6N53", "TimeCreated": "2023-04-11 20:00:16.221962+00:00", "RecordID": "229", "Level": "3", "UserID": "S-1-5-19", "EventData.StartTime": "2023-04-11 19:38:10.739029+00:00", "EventData.NameLength": "13", "EventData.Name": "WaaSMedicSvc", "EventData.FriendlyNameLength": "32", "EventData.FriendlyName": "Библиотека DLL службы WaasMedic", "EventData.VersionLength": "39", "EventData.Version": "10.0.19041.2604 (WinBuild.160101.0800)", "EventData.TotalTime": "1376", "EventData.DegradationTime": "1324", "EventData.PathLength": "37", "EventData.Path": "C:\\Windows\\System32\\WaaSMedicSvc.dll", "EventData.ProductNameLength": "41", "EventData.ProductName": "Операционная система Microsoft® Windows®", "EventData.CompanyNameLength": "22", "EventData.CompanyName": "Microsoft Corporation"}
{"EventID": "203", "Channel": "Microsoft-Windows-Diagnostics-Performance/Operational", "Provider_Name": "Microsoft-Windows-Diagnostics-Performance", "Computer": "DESKTOP-OFJ6N53", "TimeCreated": "2023-04-11 20:00:16.221972+00:00", "RecordID": "230", "Level": "3", "UserID": "S-1-5-19", "EventData.StartTime": "2023-04-11 19:38:10.739029+00:00", "EventData.NameLength": "18", "EventData.Name": "CWAUpdaterService", "EventData.FriendlyNameLength": "0", "EventData.FriendlyName": null, "EventData.VersionLength": "0", "EventData.Version": null, "EventData.TotalTime": "1608", "EventData.DegradationTime": "1028", "EventData.PathLength": "71", "EventData.Path": "\"c:\\program files (x86)\\citrix\\ica client\\receiver\\updaterservice.exe\"", "EventData.ProductNameLength": "0", "EventData.ProductName": null, "EventData.CompanyNameLength": "0", "EventData.CompanyName": null}
{"EventID": "200", "Channel": "Microsoft-Windows-Diagnostics-Performance/Operational", "Provider_Name": "Microsoft-Windows-Diagnostics-Performance", "Computer": "DESKTOP-OFJ6N53", "TimeCreated": "2023-04-22 12:25:38.596325+00:00", "RecordID": "231", "Level": "1", "UserID": "S-1-5-19", "EventData.ShutdownTsVersion": "1", "EventData.ShutdownStartTime": "2023-04-22 12:19:51.936167+00:00", "EventData.ShutdownEndTime": "2023-04-22 12:23:45.078651+00:00", "EventData.ShutdownTime": "233142", "EventData.ShutdownUserSessionTime": "3324", "EventData.ShutdownUserPolicyTime": "2", "EventData.ShutdownUserProfilesTime": "113", "EventData.ShutdownSystemSessionsTime": "6169", "EventData.ShutdownPreShutdownNotificationsTime": "935", "EventData.ShutdownServicesTime": "4987", "EventData.ShutdownKernelTime": "223648", "EventData.ShutdownRootCauseStepImprovementBits": "0", "EventData.ShutdownRootCauseGradualImprovementBits": "0", "EventData.ShutdownRootCauseStepDegradationBits": "0", "EventData.ShutdownRootCauseGradualDegradationBits": "0", "EventData.ShutdownIsDegradation": "False", "EventData.ShutdownTimeChange": "0"}
{"EventID": "100", "Channel": "Microsoft-Windows-Diagnostics-Performance/Operational", "Provider_Name": "Microsoft-Windows-Diagnostics-Performance", "Computer": "DESKTOP-OFJ6N53", "TimeCreated": "2023-04-26 10:07:01.318481+00:00", "RecordID": "232", "Level": "2", "UserID": "S-1-5-19", "EventData.BootTsVersion": "2", "EventData.BootStartTime": "2023-04-26 10:05:00.715670+00:00", "EventData.BootEndTime": "2023-04-26 10:06:59.522110+00:00", "EventData.SystemBootInstance": "25", "EventData.UserBootInstance": "25", "EventData.BootTime": "67185", "EventData.MainPathBootTime": "23785", "EventData.BootKernelInitTime": "44", "EventData.BootDriverInitTime": "1471", "EventData.BootDevicesInitTime": "3847", "EventData.BootPrefetchInitTime": "0", "EventData.BootPrefetchBytes": "0", "EventData.BootAutoChkTime": "0", "EventData.BootSmssInitTime": "1896", "EventData.BootCriticalServicesInitTime": "433", "EventData.BootUserProfileProcessingTime": "2745", "EventData.BootMachineProfileProcessingTime": "5", "EventData.BootExplorerInitTime": "8489", "EventData.BootNumStartupApps": "16", "EventData.BootPostBootTime": "43400", "EventData.BootIsRebootAfterInstall": "False", "EventData.BootRootCauseStepImprovementBits": "0", "EventData.BootRootCauseGradualImprovementBits": "0", "EventData.BootRootCauseStepDegradationBits": "0", "EventData.BootRootCauseGradualDegradationBits": "0", "EventData.BootIsDegradation": "False", "EventData.BootIsStepDegradation": "False", "EventData.BootIsGradualDegradation": "False", "EventData.BootImprovementDelta": "0", "EventData.BootDegradationDelta": "0", "EventData.BootIsRootCauseIdentified": "False", "EventData.OSLoaderDuration": "1276", "EventData.BootPNPInitStartTimeMS": "44", "EventData.BootPNPInitDuration": "4016", "EventData.OtherKernelInitDuration": "154", "EventData.SystemPNPInitStartTimeMS": "4151", "EventData.SystemPNPInitDuration": "784", "EventData.SessionInitStartTimeMS": "4955", "EventData.Session0InitDuration": "331", "EventData.Session1InitDuration": "43", "EventData.SessionInitOtherDuration": "1521", "EventData.WinLogonStartTimeMS": "6852", "EventData.OtherLogonInitActivityDuration": "5692", "EventData.UserLogonWaitDuration": "11735"}
{"EventID": "200", "Channel": "Microsoft-Windows-Diagnostics-Performance/Operational", "Provider_Name": "Microsoft-Windows-Diagnostics-Performance", "Computer": "DESKTOP-OFJ6N53", "TimeCreated": "2023-05-02 20:30:00.432827+00:00", "RecordID": "233", "Level": "2", "UserID": "S-1-5-19", "EventData.ShutdownTsVersion": "1", "EventData.ShutdownStartTime": "2023-05-02 20:25:52.412769+00:00", "EventData.ShutdownEndTime": "2023-05-02 20:27:08.634306+00:00", "EventData.ShutdownTime": "76221", "EventData.ShutdownUserSessionTime": "32054", "EventData.ShutdownUserPolicyTime": "1473", "EventData.ShutdownUserProfilesTime": "591", "EventData.ShutdownSystemSessionsTime": "33309", "EventData.ShutdownPreShutdownNotificationsTime": "28031", "EventData.ShutdownServicesTime": "4999", "EventData.ShutdownKernelTime": "10858", "EventData.ShutdownRootCauseStepImprovementBits": "0", "EventData.ShutdownRootCauseGradualImprovementBits": "0", "EventData.ShutdownRootCauseStepDegradationBits": "0", "EventData.ShutdownRootCauseGradualDegradationBits": "0", "EventData.ShutdownIsDegradation": "False", "EventData.ShutdownTimeChange": "0"}
{"EventID": "100", "Channel": "Microsoft-Windows-Diagnostics-Performance/Operational", "Provider_Name": "Microsoft-Windows-Diagnostics-Performance", "Computer": "DESKTOP-OFJ6N53", "TimeCreated": "2023-05-02 20:30:36.721964+00:00", "RecordID": "234", "Level": "1", "UserID": "S-1-5-19", "EventData.BootTsVersion": "2", "EventData.BootStartTime": "2023-05-02 20:27:29.970036+00:00", "EventData.BootEndTime": "2023-05-02 20:29:57.441498+00:00", "EventData.SystemBootInstance": "26", "EventData.UserBootInstance": "26", "EventData.BootTime": "147132", "EventData.MainPathBootTime": "70024", "EventData.BootKernelInitTime": "311", "EventData.BootDriverInitTime": "8018", "EventData.BootDevicesInitTime": "6269", "EventData.BootPrefetchInitTime": "0", "EventData.BootPrefetchBytes": "0", "EventData.BootAutoChkTime": "0", "EventData.BootSmssInitTime": "15112", "EventData.BootCriticalServicesInitTime": "560", "EventData.BootUserProfileProcessingTime": "9860", "EventData.BootMachineProfileProcessingTime": "5", "EventData.BootExplorerInitTime": "15658", "EventData.BootNumStartupApps": "21", "EventData.BootPostBootTime": "77108", "EventData.BootIsRebootAfterInstall": "False", "EventData.BootRootCauseStepImprovementBits": "0", "EventData.BootRootCauseGradualImprovementBits": "0", "EventData.BootRootCauseStepDegradationBits": "2", "EventData.BootRootCauseGradualDegradationBits": "0", "EventData.BootIsDegradation": "False", "EventData.BootIsStepDegradation": "False", "EventData.BootIsGradualDegradation": "False", "EventData.BootImprovementDelta": "0", "EventData.BootDegradationDelta": "0", "EventData.BootIsRootCauseIdentified": "True", "EventData.OSLoaderDuration": "6462", "EventData.BootPNPInitStartTimeMS": "311", "EventData.BootPNPInitDuration": "6954", "EventData.OtherKernelInitDuration": "553", "EventData.SystemPNPInitStartTimeMS": "7456", "EventData.SystemPNPInitDuration": "5040", "EventData.SessionInitStartTimeMS": "12548", "EventData.Session0InitDuration": "6432", "EventData.Session1InitDuration": "128", "EventData.SessionInitOtherDuration": "8550", "EventData.WinLogonStartTimeMS": "27660", "EventData.OtherLogonInitActivityDuration": "16839", "EventData.UserLogonWaitDuration": "340"}
{"EventID": "101", "Channel": "Microsoft-Windows-Diagnostics-Performance/Operational", "Provider_Name": "Microsoft-Windows-Diagnostics-Performance", "Computer": "DESKTOP-OFJ6N53", "TimeCreated": "2023-05-02 20:30:36.721973+00:00", "RecordID": "235", "Level": "2", "UserID": "S-1-5-19", "EventData.StartTime": "2023-05-02 20:27:29.970036+00:00", "EventData.NameLength": "8", "EventData.Name": "avp.exe", "EventData.FriendlyNameLength": "23", "EventData.FriendlyName": "Kaspersky Lab launcher", "EventData.VersionLength": "9", "EventData.Version": "21.3.0.1", "EventData.TotalTime": "93076", "EventData.DegradationTime": "31672", "EventData.PathLength": "75", "EventData.Path": "C:\\Program Files (x86)\\Kaspersky Lab\\Kaspersky Security Cloud 21.3\\avp.exe", "EventData.ProductNameLength": "23", "EventData.ProductName": "Kaspersky Lab launcher", "EventData.CompanyNameLength": "17", "EventData.CompanyName": "AO Kaspersky Lab"}
{"EventID": "101", "Channel": "Microsoft-Windows-Diagnostics-Performance/Operational", "Provider_Name": "Microsoft-Windows-Diagnostics-Performance", "Computer": "DESKTOP-OFJ6N53", "TimeCreated": "2023-05-02 20:30:36.721991+00:00", "RecordID": "236", "Level": "3", "UserID": "S-1-5-19", "EventData.StartTime": "2023-05-02 20:27:29.970036+00:00", "EventData.NameLength": "11", "EventData.Name": "chrome.exe", "EventData.FriendlyNameLength": "14", "EventData.FriendlyName": "Google Chrome", "EventData.VersionLength": "15", "EventData.Version": "112.0.5615.138", "EventData.TotalTime": "19467", "EventData.DegradationTime": "14467", "EventData.PathLength": "54", "EventData.Path": "C:\\Program Files\\Google\\Chrome\\Application\\chrome.exe", "EventData.ProductNameLength": "14", "EventData.ProductName": "Google Chrome", "EventData.CompanyNameLength": "11", "EventData.CompanyName": "Google LLC"}
{"EventID": "101", "Channel": "Microsoft-Windows-Diagnostics-Performance/Operational", "Provider_Name": "Microsoft-Windows-Diagnostics-Performance", "Computer": "DESKTOP-OFJ6N53", "TimeCreated": "2023-05-02 20:30:36.722004+00:00", "RecordID": "237", "Level": "3", "UserID": "S-1-5-19", "EventData.StartTime": "2023-05-02 20:27:29.970036+00:00", "EventData.NameLength": "16", "EventData.Name": "update_task.exe", "EventData.FriendlyNameLength": "12", "EventData.FriendlyName": "update_task", "EventData.VersionLength": "11", "EventData.Version": "7.0.1.0083", "EventData.TotalTime": "6092", "EventData.DegradationTime": "3592", "EventData.PathLength": "54", "EventData.Path": "C:\\Program Files\\Fortinet\\FortiClient\\update_task.exe", "EventData.ProductNameLength": "30", "EventData.ProductName": "FortiClient Auto-update Agent", "EventData.CompanyNameLength": "14", "EventData.CompanyName": "Fortinet Inc."}
{"EventID": "101", "Channel": "Microsoft-Windows-Diagnostics-Performance/Operational", "Provider_Name": "Microsoft-Windows-Diagnostics-Performance", "Computer": "DESKTOP-OFJ6N53", "TimeCreated": "2023-05-02 20:30:36.722013+00:00", "RecordID": "238", "Level": "3", "UserID": "S-1-5-19", "EventData.StartTime": "2023-05-02 20:27:29.970036+00:00", "EventData.NameLength": "16", "EventData.Name": "Ast_Service.exe", "EventData.FriendlyNameLength": "17", "EventData.FriendlyName": "Служба Ассистент", "EventData.VersionLength": "13", "EventData.Version": "5.3.2303.701", "EventData.TotalTime": "4318", "EventData.DegradationTime": "3318", "EventData.PathLength": "49", "EventData.Path": "C:\\Program Files (x86)\\Ассистент\\Ast_Service.exe", "EventData.ProductNameLength": "10", "EventData.ProductName": "Ассистент", "EventData.CompanyNameLength": "12", "EventData.CompanyName": "ООО \"САФИБ\""}
{"EventID": "101", "Channel": "Microsoft-Windows-Diagnostics-Performance/Operational", "Provider_Name": "Microsoft-Windows-Diagnostics-Performance", "Computer": "DESKTOP-OFJ6N53", "TimeCreated": "2023-05-02 20:30:36.722023+00:00", "RecordID": "239", "Level": "3", "UserID": "S-1-5-19", "EventData.StartTime": "2023-05-02 20:27:29.970036+00:00", "EventData.NameLength": "11", "EventData.Name": "vpnsvc.exe", "EventData.FriendlyNameLength": "1", "EventData.FriendlyName": null, "EventData.VersionLength": "10", "EventData.Version": "4.3.20949", "EventData.TotalTime": "2058", "EventData.DegradationTime": "1058", "EventData.PathLength": "49", "EventData.Path": "C:\\Program Files (x86)\\S-Terra Client\\vpnsvc.exe", "EventData.ProductNameLength": "15", "EventData.ProductName": "S-Terra Client", "EventData.CompanyNameLength": "12", "EventData.CompanyName": "S-Terra CSP"}
{"EventID": "101", "Channel": "Microsoft-Windows-Diagnostics-Performance/Operational", "Provider_Name": "Microsoft-Windows-Diagnostics-Performance", "Computer": "DESKTOP-OFJ6N53", "TimeCreated": "2023-05-02 20:30:36.722034+00:00", "RecordID": "240", "Level": "3", "UserID": "S-1-5-19", "EventData.StartTime": "2023-05-02 20:27:29.970036+00:00", "EventData.NameLength": "14", "EventData.Name": "Assistant.exe", "EventData.FriendlyNameLength": "12", "EventData.FriendlyName": "Ассистент 5", "EventData.VersionLength": "13", "EventData.Version": "5.3.2303.701", "EventData.TotalTime": "1773", "EventData.DegradationTime": "773", "EventData.PathLength": "47", "EventData.Path": "C:\\Program Files (x86)\\Ассистент\\Assistant.exe", "EventData.ProductNameLength": "10", "EventData.ProductName": "Ассистент", "EventData.CompanyNameLength": "12", "EventData.CompanyName": "ООО «САФИБ»"}
{"EventID": "101", "Channel": "Microsoft-Windows-Diagnostics-Performance/Operational", "Provider_Name": "Microsoft-Windows-Diagnostics-Performance", "Computer": "DESKTOP-OFJ6N53", "TimeCreated": "2023-05-02 20:30:36.722042+00:00", "RecordID": "241", "Level": "3", "UserID": "S-1-5-19", "EventData.StartTime": "2023-05-02 20:27:29.970036+00:00", "EventData.NameLength": "18", "EventData.Name": "SearchIndexer.exe", "EventData.FriendlyNameLength": "43", "EventData.FriendlyName": "Индексатор службы Microsoft Windows Search", "EventData.VersionLength": "38", "EventData.Version": "7.0.19041.2845 (WinBuild.160101.0800)", "EventData.TotalTime": "1042", "EventData.DegradationTime": "42", "EventData.PathLength": "38", "EventData.Path": "C:\\Windows\\System32\\SearchIndexer.exe", "EventData.ProductNameLength": "23", "EventData.ProductName": "Служба Windows® Search", "EventData.CompanyNameLength": "22", "EventData.CompanyName": "Microsoft Corporation"}
{"EventID": "104", "Channel": "Microsoft-Windows-Diagnostics-Performance/Operational", "Provider_Name": "Microsoft-Windows-Diagnostics-Performance", "Computer": "DESKTOP-OFJ6N53", "TimeCreated": "2023-05-02 20:30:36.733477+00:00", "RecordID": "242", "Level": "3", "UserID": "S-1-5-19", "EventData.StartTime": "2023-05-02 20:27:29.970036+00:00", "EventData.NameLength": "11", "EventData.Name": "KernelInit", "EventData.TotalTime": "311", "EventData.DegradationTime": "207"}
{"EventID": "200", "Channel": "Microsoft-Windows-Diagnostics-Performance/Operational", "Provider_Name": "Microsoft-Windows-Diagnostics-Performance", "Computer": "DESKTOP-OFJ6N53", "TimeCreated": "2023-05-03 08:18:34.229420+00:00", "RecordID": "243", "Level": "3", "UserID": "S-1-5-19", "EventData.ShutdownTsVersion": "1", "EventData.ShutdownStartTime": "2023-05-03 08:14:41.721865+00:00", "EventData.ShutdownEndTime": "2023-05-03 08:15:36.072378+00:00", "EventData.ShutdownTime": "54350", "EventData.ShutdownUserSessionTime": "8024", "EventData.ShutdownUserPolicyTime": "8", "EventData.ShutdownUserProfilesTime": "292", "EventData.ShutdownSystemSessionsTime": "6327", "EventData.ShutdownPreShutdownNotificationsTime": "1138", "EventData.ShutdownServicesTime": "5002", "EventData.ShutdownKernelTime": "39998", "EventData.ShutdownRootCauseStepImprovementBits": "0", "EventData.ShutdownRootCauseGradualImprovementBits": "0", "EventData.ShutdownRootCauseStepDegradationBits": "0", "EventData.ShutdownRootCauseGradualDegradationBits": "0", "EventData.ShutdownIsDegradation": "False", "EventData.ShutdownTimeChange": "0"}
{"EventID": "100", "Channel": "Microsoft-Windows-Diagnostics-Performance/Operational", "Provider_Name": "Microsoft-Windows-Diagnostics-Performance", "Computer": "DESKTOP-OFJ6N53", "TimeCreated": "2023-05-03 08:18:40.133801+00:00", "RecordID": "244", "Level": "1", "UserID": "S-1-5-19", "EventData.BootTsVersion": "2", "EventData.BootStartTime": "2023-05-03 08:16:01.580925+00:00", "EventData.BootEndTime": "2023-05-03 08:18:32.461752+00:00", "EventData.SystemBootInstance": "27", "EventData.UserBootInstance": "27", "EventData.BootTime": "147076", "EventData.MainPathBootTime": "85896", "EventData.BootKernelInitTime": "255", "EventData.BootDriverInitTime": "10263", "EventData.BootDevicesInitTime": "20286", "EventData.BootPrefetchInitTime": "0", "EventData.BootPrefetchBytes": "0", "EventData.BootAutoChkTime": "0", "EventData.BootSmssInitTime": "3682", "EventData.BootCriticalServicesInitTime": "793", "EventData.BootUserProfileProcessingTime": "19022", "EventData.BootMachineProfileProcessingTime": "273", "EventData.BootExplorerInitTime": "32624", "EventData.BootNumStartupApps": "16", "EventData.BootPostBootTime": "61180", "EventData.BootIsRebootAfterInstall": "False", "EventData.BootRootCauseStepImprovementBits": "0", "EventData.BootRootCauseGradualImprovementBits": "0", "EventData.BootRootCauseStepDegradationBits": "0", "EventData.BootRootCauseGradualDegradationBits": "0", "EventData.BootIsDegradation": "False", "EventData.BootIsStepDegradation": "False", "EventData.BootIsGradualDegradation": "False", "EventData.BootImprovementDelta": "0", "EventData.BootDegradationDelta": "0", "EventData.BootIsRootCauseIdentified": "False", "EventData.OSLoaderDuration": "7360", "EventData.BootPNPInitStartTimeMS": "255", "EventData.BootPNPInitDuration": "20561", "EventData.OtherKernelInitDuration": "550", "EventData.SystemPNPInitStartTimeMS": "21069", "EventData.SystemPNPInitDuration": "6112", "EventData.SessionInitStartTimeMS": "27224", "EventData.Session0InitDuration": "739", "EventData.Session1InitDuration": "124", "EventData.SessionInitOtherDuration": "2818", "EventData.WinLogonStartTimeMS": "30906", "EventData.OtherLogonInitActivityDuration": "3069", "EventData.UserLogonWaitDuration": "3805"}
{"EventID": "101", "Channel": "Microsoft-Windows-Diagnostics-Performance/Operational", "Provider_Name": "Microsoft-Windows-Diagnostics-Performance", "Computer": "DESKTOP-OFJ6N53", "TimeCreated": "2023-05-03 08:18:40.133814+00:00", "RecordID": "245", "Level": "3", "UserID": "S-1-5-19", "EventData.StartTime": "2023-05-03 08:16:01.580925+00:00", "EventData.NameLength": "8", "EventData.Name": "avp.exe", "EventData.FriendlyNameLength": "23", "EventData.FriendlyName": "Kaspersky Lab launcher", "EventData.VersionLength": "9", "EventData.Version": "21.3.0.1", "EventData.TotalTime": "41964", "EventData.DegradationTime": "21803", "EventData.PathLength": "75", "EventData.Path": "C:\\Program Files (x86)\\Kaspersky Lab\\Kaspersky Security Cloud 21.3\\avp.exe", "EventData.ProductNameLength": "23", "EventData.ProductName": "Kaspersky Lab launcher", "EventData.CompanyNameLength": "17", "EventData.CompanyName": "AO Kaspersky Lab"}
{"EventID": "101", "Channel": "Microsoft-Windows-Diagnostics-Performance/Operational", "Provider_Name": "Microsoft-Windows-Diagnostics-Performance", "Computer": "DESKTOP-OFJ6N53", "TimeCreated": "2023-05-03 08:18:40.133820+00:00", "RecordID": "246", "Level": "3", "UserID": "S-1-5-19", "EventData.StartTime": "2023-05-03 08:16:01.580925+00:00", "EventData.NameLength": "16", "EventData.Name": "Ast_Service.exe", "EventData.FriendlyNameLength": "17", "EventData.FriendlyName": "Служба Ассистент", "EventData.VersionLength": "13", "EventData.Version": "5.3.2303.701", "EventData.TotalTime": "6383", "EventData.DegradationTime": "2883", "EventData.PathLength": "49", "EventData.Path": "C:\\Program Files (x86)\\Ассистент\\Ast_Service.exe", "EventData.ProductNameLength": "10", "EventData.ProductName": "Ассистент", "EventData.CompanyNameLength": "12", "EventData.CompanyName": "ООО \"САФИБ\""}
{"EventID": "101", "Channel": "Microsoft-Windows-Diagnostics-Performance/Operational", "Provider_Name": "Microsoft-Windows-Diagnostics-Performance", "Computer": "DESKTOP-OFJ6N53", "TimeCreated": "2023-05-03 08:18:40.133829+00:00", "RecordID": "247", "Level": "3", "UserID": "S-1-5-19", "EventData.StartTime": "2023-05-03 08:16:01.580925+00:00", "EventData.NameLength": "15", "EventData.Name": "aciseagent.exe", "EventData.FriendlyNameLength": "37", "EventData.FriendlyName": "Cisco AnyConnect ISE Posture Service", "EventData.VersionLength": "13", "EventData.Version": "4, 10, 04071", "EventData.TotalTime": "2335", "EventData.DegradationTime": "1335", "EventData.PathLength": "84", "EventData.Path": "C:\\Program Files (x86)\\Cisco\\Cisco AnyConnect Secure Mobility Client\\aciseagent.exe", "EventData.ProductNameLength": "29", "EventData.ProductName": "Cisco AnyConnect ISE Posture", "EventData.CompanyNameLength": "20", "EventData.CompanyName": "Cisco Systems, Inc."}
{"EventID": "101", "Channel": "Microsoft-Windows-Diagnostics-Performance/Operational", "Provider_Name": "Microsoft-Windows-Diagnostics-Performance", "Computer": "DESKTOP-OFJ6N53", "TimeCreated": "2023-05-03 08:18:40.133837+00:00", "RecordID": "248", "Level": "3", "UserID": "S-1-5-19", "EventData.StartTime": "2023-05-03 08:16:01.580925+00:00", "EventData.NameLength": "11", "EventData.Name": "sppsvc.exe", "EventData.FriendlyNameLength": "60", "EventData.FriendlyName": "Служба платформы защиты программного обеспечения Майкрософт", "EventData.VersionLength": "39", "EventData.Version": "10.0.19041.2845 (WinBuild.160101.0800)", "EventData.TotalTime": "2331", "EventData.DegradationTime": "1331", "EventData.PathLength": "31", "EventData.Path": "C:\\Windows\\System32\\sppsvc.exe", "EventData.ProductNameLength": "41", "EventData.ProductName": "Операционная система Microsoft® Windows®", "EventData.CompanyNameLength": "22", "EventData.CompanyName": "Microsoft Corporation"}
{"EventID": "200", "Channel": "Microsoft-Windows-Diagnostics-Performance/Operational", "Provider_Name": "Microsoft-Windows-Diagnostics-Performance", "Computer": "DESKTOP-OFJ6N53", "TimeCreated": "2023-05-10 00:48:10.239635+00:00", "RecordID": "249", "Level": "2", "UserID": "S-1-5-19", "EventData.ShutdownTsVersion": "1", "EventData.ShutdownStartTime": "2023-05-10 00:43:53.801920+00:00", "EventData.ShutdownEndTime": "2023-05-10 00:45:19.939028+00:00", "EventData.ShutdownTime": "86137", "EventData.ShutdownUserSessionTime": "8965", "EventData.ShutdownUserPolicyTime": "6", "EventData.ShutdownUserProfilesTime": "132", "EventData.ShutdownSystemSessionsTime": "67155", "EventData.ShutdownPreShutdownNotificationsTime": "61981", "EventData.ShutdownServicesTime": "5000", "EventData.ShutdownKernelTime": "10015", "EventData.ShutdownRootCauseStepImprovementBits": "0", "EventData.ShutdownRootCauseGradualImprovementBits": "4", "EventData.ShutdownRootCauseStepDegradationBits": "0", "EventData.ShutdownRootCauseGradualDegradationBits": "0", "EventData.ShutdownIsDegradation": "False", "EventData.ShutdownTimeChange": "0"}
{"EventID": "100", "Channel": "Microsoft-Windows-Diagnostics-Performance/Operational", "Provider_Name": "Microsoft-Windows-Diagnostics-Performance", "Computer": "DESKTOP-OFJ6N53", "TimeCreated": "2023-05-10 00:48:11.511728+00:00", "RecordID": "250", "Level": "2", "UserID": "S-1-5-19", "EventData.BootTsVersion": "2", "EventData.BootStartTime": "2023-05-10 00:45:37.722378+00:00", "EventData.BootEndTime": "2023-05-10 00:48:08.867243+00:00", "EventData.SystemBootInstance": "28", "EventData.UserBootInstance": "28", "EventData.BootTime": "114371", "EventData.MainPathBootTime": "74071", "EventData.BootKernelInitTime": "327", "EventData.BootDriverInitTime": "4001", "EventData.BootDevicesInitTime": "5883", "EventData.BootPrefetchInitTime": "0", "EventData.BootPrefetchBytes": "0", "EventData.BootAutoChkTime": "0", "EventData.BootSmssInitTime": "7233", "EventData.BootCriticalServicesInitTime": "494", "EventData.BootUserProfileProcessingTime": "1185", "EventData.BootMachineProfileProcessingTime": "1", "EventData.BootExplorerInitTime": "14168", "EventData.BootNumStartupApps": "20", "EventData.BootPostBootTime": "40300", "EventData.BootIsRebootAfterInstall": "False", "EventData.BootRootCauseStepImprovementBits": "0", "EventData.BootRootCauseGradualImprovementBits": "0", "EventData.BootRootCauseStepDegradationBits": "1", "EventData.BootRootCauseGradualDegradationBits": "2", "EventData.BootIsDegradation": "True", "EventData.BootIsStepDegradation": "True", "EventData.BootIsGradualDegradation": "False", "EventData.BootImprovementDelta": "0", "EventData.BootDegradationDelta": "31208", "EventData.BootIsRootCauseIdentified": "True", "EventData.OSLoaderDuration": "3666", "EventData.BootPNPInitStartTimeMS": "327", "EventData.BootPNPInitDuration": "5965", "EventData.OtherKernelInitDuration": "3018", "EventData.SystemPNPInitStartTimeMS": "8937", "EventData.SystemPNPInitDuration": "2413", "EventData.SessionInitStartTimeMS": "11396", "EventData.Session0InitDuration": "820", "EventData.Session1InitDuration": "78", "EventData.SessionInitOtherDuration": "6334", "EventData.WinLogonStartTimeMS": "18629", "EventData.OtherLogonInitActivityDuration": "40086", "EventData.UserLogonWaitDuration": "216"}
{"EventID": "101", "Channel": "Microsoft-Windows-Diagnostics-Performance/Operational", "Provider_Name": "Microsoft-Windows-Diagnostics-Performance", "Computer": "DESKTOP-OFJ6N53", "TimeCreated": "2023-05-10 00:48:11.511738+00:00", "RecordID": "251", "Level": "3", "UserID": "S-1-5-19", "EventData.StartTime": "2023-05-10 00:45:37.722378+00:00", "EventData.NameLength": "11", "EventData.Name": "chrome.exe", "EventData.FriendlyNameLength": "14", "EventData.FriendlyName": "Google Chrome", "EventData.VersionLength": "15", "EventData.Version": "112.0.5615.138", "EventData.TotalTime": "6294", "EventData.DegradationTime": "1294", "EventData.PathLength": "54", "EventData.Path": "C:\\Program Files\\Google\\Chrome\\Application\\chrome.exe", "EventData.ProductNameLength": "14", "EventData.ProductName": "Google Chrome", "EventData.CompanyNameLength": "11", "EventData.CompanyName": "Google LLC"}
{"EventID": "102", "Channel": "Microsoft-Windows-Diagnostics-Performance/Operational", "Provider_Name": "Microsoft-Windows-Diagnostics-Performance", "Computer": "DESKTOP-OFJ6N53", "TimeCreated": "2023-05-10 00:48:11.511745+00:00", "RecordID": "252", "Level": "3", "UserID": "S-1-5-19", "EventData.StartTime": "2023-05-10 00:45:37.722378+00:00", "EventData.NameLength": "5", "EventData.Name": "KLIF", "EventData.FriendlyNameLength": "40", "EventData.FriendlyName": "Core System Interceptors [fre_win7_x64]", "EventData.VersionLength": "14", "EventData.Version": "30.587.0.2440", "EventData.TotalTime": "518", "EventData.DegradationTime": "634", "EventData.PathLength": "37", "EventData.Path": "C:\\Windows\\system32\\DRIVERS\\klif.sys", "EventData.ProductNameLength": "18", "EventData.ProductName": "Coretech Delivery", "EventData.CompanyNameLength": "17", "EventData.CompanyName": "AO Kaspersky Lab"}
{"EventID": "102", "Channel": "Microsoft-Windows-Diagnostics-Performance/Operational", "Provider_Name": "Microsoft-Windows-Diagnostics-Performance", "Computer": "DESKTOP-OFJ6N53", "TimeCreated": "2023-05-10 00:48:11.511753+00:00", "RecordID": "253", "Level": "3", "UserID": "S-1-5-19", "EventData.StartTime": "2023-05-10 00:45:37.722378+00:00", "EventData.NameLength": "5", "EventData.Name": "klhk", "EventData.FriendlyNameLength": "20", "EventData.FriendlyName": "klhk [fre_win7_x64]", "EventData.VersionLength": "10", "EventData.Version": "56.0.35.0", "EventData.TotalTime": "287", "EventData.DegradationTime": "336", "EventData.PathLength": "37", "EventData.Path": "C:\\Windows\\system32\\DRIVERS\\klhk.sys", "EventData.ProductNameLength": "18", "EventData.ProductName": "Coretech Delivery", "EventData.CompanyNameLength": "17", "EventData.CompanyName": "AO Kaspersky Lab"}
{"EventID": "104", "Channel": "Microsoft-Windows-Diagnostics-Performance/Operational", "Provider_Name": "Microsoft-Windows-Diagnostics-Performance", "Computer": "DESKTOP-OFJ6N53", "TimeCreated": "2023-05-10 00:48:11.512976+00:00", "RecordID": "254", "Level": "3", "UserID": "S-1-5-19", "EventData.StartTime": "2023-05-10 00:45:37.722378+00:00", "EventData.NameLength": "11", "EventData.Name": "KernelInit", "EventData.TotalTime": "327", "EventData.DegradationTime": "240"}
{"EventID": "200", "Channel": "Microsoft-Windows-Diagnostics-Performance/Operational", "Provider_Name": "Microsoft-Windows-Diagnostics-Performance", "Computer": "DESKTOP-OFJ6N53", "TimeCreated": "2023-05-15 12:21:22.148708+00:00", "RecordID": "255", "Level": "3", "UserID": "S-1-5-19", "EventData.ShutdownTsVersion": "1", "EventData.ShutdownStartTime": "2023-05-15 12:19:03.032633+00:00", "EventData.ShutdownEndTime": "2023-05-15 12:19:19.570110+00:00", "EventData.ShutdownTime": "16537", "EventData.ShutdownUserSessionTime": "1690", "EventData.ShutdownUserPolicyTime": "3", "EventData.ShutdownUserProfilesTime": "66", "EventData.ShutdownSystemSessionsTime": "5166", "EventData.ShutdownPreShutdownNotificationsTime": "64", "EventData.ShutdownServicesTime": "5007", "EventData.ShutdownKernelTime": "9680", "EventData.ShutdownRootCauseStepImprovementBits": "32", "EventData.ShutdownRootCauseGradualImprovementBits": "0", "EventData.ShutdownRootCauseStepDegradationBits": "0", "EventData.ShutdownRootCauseGradualDegradationBits": "0", "EventData.ShutdownIsDegradation": "False", "EventData.ShutdownTimeChange": "0"}
{"EventID": "100", "Channel": "Microsoft-Windows-Diagnostics-Performance/Operational", "Provider_Name": "Microsoft-Windows-Diagnostics-Performance", "Computer": "DESKTOP-OFJ6N53", "TimeCreated": "2023-05-15 12:21:22.735243+00:00", "RecordID": "256", "Level": "3", "UserID": "S-1-5-19", "EventData.BootTsVersion": "2", "EventData.BootStartTime": "2023-05-15 12:19:32.761801+00:00", "EventData.BootEndTime": "2023-05-15 12:21:20.719320+00:00", "EventData.SystemBootInstance": "29", "EventData.UserBootInstance": "29", "EventData.BootTime": "43449", "EventData.MainPathBootTime": "15049", "EventData.BootKernelInitTime": "138", "EventData.BootDriverInitTime": "1281", "EventData.BootDevicesInitTime": "5664", "EventData.BootPrefetchInitTime": "0", "EventData.BootPrefetchBytes": "0", "EventData.BootAutoChkTime": "0", "EventData.BootSmssInitTime": "1793", "EventData.BootCriticalServicesInitTime": "440", "EventData.BootUserProfileProcessingTime": "3117", "EventData.BootMachineProfileProcessingTime": "72", "EventData.BootExplorerInitTime": "0", "EventData.BootNumStartupApps": "0", "EventData.BootPostBootTime": "28400", "EventData.BootIsRebootAfterInstall": "False", "EventData.BootRootCauseStepImprovementBits": "0", "EventData.BootRootCauseGradualImprovementBits": "0", "EventData.BootRootCauseStepDegradationBits": "0", "EventData.BootRootCauseGradualDegradationBits": "0", "EventData.BootIsDegradation": "False", "EventData.BootIsStepDegradation": "False", "EventData.BootIsGradualDegradation": "False", "EventData.BootImprovementDelta": "0", "EventData.BootDegradationDelta": "0", "EventData.BootIsRootCauseIdentified": "False", "EventData.OSLoaderDuration": "2665", "EventData.BootPNPInitStartTimeMS": "138", "EventData.BootPNPInitDuration": "5663", "EventData.OtherKernelInitDuration": "2028", "EventData.SystemPNPInitStartTimeMS": "7658", "EventData.SystemPNPInitDuration": "619", "EventData.SessionInitStartTimeMS": "8310", "EventData.Session0InitDuration": "366", "EventData.Session1InitDuration": "53", "EventData.SessionInitOtherDuration": "1374", "EventData.WinLogonStartTimeMS": "10104", "EventData.OtherLogonInitActivityDuration": "1755", "EventData.UserLogonWaitDuration": "887"}
{"EventID": "200", "Channel": "Microsoft-Windows-Diagnostics-Performance/Operational", "Provider_Name": "Microsoft-Windows-Diagnostics-Performance", "Computer": "DESKTOP-OFJ6N53", "TimeCreated": "2023-06-09 08:43:03.173191+00:00", "RecordID": "257", "Level": "2", "UserID": "S-1-5-19", "EventData.ShutdownTsVersion": "1", "EventData.ShutdownStartTime": "2023-06-09 08:38:04.471306+00:00", "EventData.ShutdownEndTime": "2023-06-09 08:39:09.069445+00:00", "EventData.ShutdownTime": "64598", "EventData.ShutdownUserSessionTime": "8961", "EventData.ShutdownUserPolicyTime": "26", "EventData.ShutdownUserProfilesTime": "322", "EventData.ShutdownSystemSessionsTime": "6878", "EventData.ShutdownPreShutdownNotificationsTime": "1294", "EventData.ShutdownServicesTime": "5000", "EventData.ShutdownKernelTime": "48757", "EventData.ShutdownRootCauseStepImprovementBits": "2", "EventData.ShutdownRootCauseGradualImprovementBits": "0", "EventData.ShutdownRootCauseStepDegradationBits": "0", "EventData.ShutdownRootCauseGradualDegradationBits": "0", "EventData.ShutdownIsDegradation": "False", "EventData.ShutdownTimeChange": "0"}
{"EventID": "200", "Channel": "Microsoft-Windows-Diagnostics-Performance/Operational", "Provider_Name": "Microsoft-Windows-Diagnostics-Performance", "Computer": "DESKTOP-OFJ6N53", "TimeCreated": "2023-06-11 21:02:07.562834+00:00", "RecordID": "258", "Level": "3", "UserID": "S-1-5-19", "EventData.ShutdownTsVersion": "1", "EventData.ShutdownStartTime": "2023-06-11 20:59:16.965725+00:00", "EventData.ShutdownEndTime": "2023-06-11 20:59:55.242516+00:00", "EventData.ShutdownTime": "38276", "EventData.ShutdownUserSessionTime": "8611", "EventData.ShutdownUserPolicyTime": "134", "EventData.ShutdownUserProfilesTime": "174", "EventData.ShutdownSystemSessionsTime": "6392", "EventData.ShutdownPreShutdownNotificationsTime": "1174", "EventData.ShutdownServicesTime": "4989", "EventData.ShutdownKernelTime": "23272", "EventData.ShutdownRootCauseStepImprovementBits": "0", "EventData.ShutdownRootCauseGradualImprovementBits": "0", "EventData.ShutdownRootCauseStepDegradationBits": "0", "EventData.ShutdownRootCauseGradualDegradationBits": "0", "EventData.ShutdownIsDegradation": "False", "EventData.ShutdownTimeChange": "0"}
{"EventID": "200", "Channel": "Microsoft-Windows-Diagnostics-Performance/Operational", "Provider_Name": "Microsoft-Windows-Diagnostics-Performance", "Computer": "DESKTOP-OFJ6N53", "TimeCreated": "2023-06-27 09:49:35.564077+00:00", "RecordID": "259", "Level": "3", "UserID": "S-1-5-19", "EventData.ShutdownTsVersion": "1", "EventData.ShutdownStartTime": "2023-06-27 09:46:08.319958+00:00", "EventData.ShutdownEndTime": "2023-06-27 09:46:47.181128+00:00", "EventData.ShutdownTime": "38861", "EventData.ShutdownUserSessionTime": "6958", "EventData.ShutdownUserPolicyTime": "12", "EventData.ShutdownUserProfilesTime": "324", "EventData.ShutdownSystemSessionsTime": "6860", "EventData.ShutdownPreShutdownNotificationsTime": "1384", "EventData.ShutdownServicesTime": "4996", "EventData.ShutdownKernelTime": "25042", "EventData.ShutdownRootCauseStepImprovementBits": "1", "EventData.ShutdownRootCauseGradualImprovementBits": "0", "EventData.ShutdownRootCauseStepDegradationBits": "0", "EventData.ShutdownRootCauseGradualDegradationBits": "0", "EventData.ShutdownIsDegradation": "False", "EventData.ShutdownTimeChange": "0"}
{"EventID": "200", "Channel": "Microsoft-Windows-Diagnostics-Performance/Operational", "Provider_Name": "Microsoft-Windows-Diagnostics-Performance", "Computer": "DESKTOP-OFJ6N53", "TimeCreated": "2023-07-03 07:39:19.616123+00:00", "RecordID": "260", "Level": "3", "UserID": "S-1-5-19", "EventData.ShutdownTsVersion": "1", "EventData.ShutdownStartTime": "2023-07-03 07:36:34.599066+00:00", "EventData.ShutdownEndTime": "2023-07-03 07:37:10.565205+00:00", "EventData.ShutdownTime": "35966", "EventData.ShutdownUserSessionTime": "10865", "EventData.ShutdownUserPolicyTime": "20", "EventData.ShutdownUserProfilesTime": "261", "EventData.ShutdownSystemSessionsTime": "6917", "EventData.ShutdownPreShutdownNotificationsTime": "1720", "EventData.ShutdownServicesTime": "4995", "EventData.ShutdownKernelTime": "18182", "EventData.ShutdownRootCauseStepImprovementBits": "0", "EventData.ShutdownRootCauseGradualImprovementBits": "0", "EventData.ShutdownRootCauseStepDegradationBits": "0", "EventData.ShutdownRootCauseGradualDegradationBits": "0", "EventData.ShutdownIsDegradation": "False", "EventData.ShutdownTimeChange": "0"}
{"EventID": "203", "Channel": "Microsoft-Windows-Diagnostics-Performance/Operational", "Provider_Name": "Microsoft-Windows-Diagnostics-Performance", "Computer": "DESKTOP-OFJ6N53", "TimeCreated": "2023-07-03 07:39:19.617682+00:00", "RecordID": "261", "Level": "3", "UserID": "S-1-5-19", "EventData.StartTime": "2023-07-03 07:36:34.599066+00:00", "EventData.NameLength": "7", "EventData.Name": "Wcmsvc", "EventData.FriendlyNameLength": "53", "EventData.FriendlyName": "Библиотека DLL службы диспетчера подключений Windows", "EventData.VersionLength": "39", "EventData.Version": "10.0.19041.3085 (WinBuild.160101.0800)", "EventData.TotalTime": "1685", "EventData.DegradationTime": "1356", "EventData.PathLength": "31", "EventData.Path": "C:\\Windows\\System32\\wcmsvc.dll", "EventData.ProductNameLength": "41", "EventData.ProductName": "Операционная система Microsoft® Windows®", "EventData.CompanyNameLength": "22", "EventData.CompanyName": "Microsoft Corporation"}
{"EventID": "200", "Channel": "Microsoft-Windows-Diagnostics-Performance/Operational", "Provider_Name": "Microsoft-Windows-Diagnostics-Performance", "Computer": "DESKTOP-OFJ6N53", "TimeCreated": "2023-07-06 12:47:48.170256+00:00", "RecordID": "262", "Level": "3", "UserID": "S-1-5-19", "EventData.ShutdownTsVersion": "1", "EventData.ShutdownStartTime": "2023-07-06 12:43:01.065939+00:00", "EventData.ShutdownEndTime": "2023-07-06 12:43:44.557457+00:00", "EventData.ShutdownTime": "43491", "EventData.ShutdownUserSessionTime": "13022", "EventData.ShutdownUserPolicyTime": "84", "EventData.ShutdownUserProfilesTime": "264", "EventData.ShutdownSystemSessionsTime": "6746", "EventData.ShutdownPreShutdownNotificationsTime": "1336", "EventData.ShutdownServicesTime": "5003", "EventData.ShutdownKernelTime": "23723", "EventData.ShutdownRootCauseStepImprovementBits": "0", "EventData.ShutdownRootCauseGradualImprovementBits": "0", "EventData.ShutdownRootCauseStepDegradationBits": "0", "EventData.ShutdownRootCauseGradualDegradationBits": "0", "EventData.ShutdownIsDegradation": "False", "EventData.ShutdownTimeChange": "0"}
{"EventID": "203", "Channel": "Microsoft-Windows-Diagnostics-Performance/Operational", "Provider_Name": "Microsoft-Windows-Diagnostics-Performance", "Computer": "DESKTOP-OFJ6N53", "TimeCreated": "2023-07-06 12:47:48.174299+00:00", "RecordID": "263", "Level": "3", "UserID": "S-1-5-19", "EventData.StartTime": "2023-07-06 12:43:01.065939+00:00", "EventData.NameLength": "9", "EventData.Name": "Schedule", "EventData.FriendlyNameLength": "26", "EventData.FriendlyName": "Служба планировщика задач", "EventData.VersionLength": "39", "EventData.Version": "10.0.19041.3085 (WinBuild.160101.0800)", "EventData.TotalTime": "2499", "EventData.DegradationTime": "1829", "EventData.PathLength": "33", "EventData.Path": "C:\\Windows\\system32\\schedsvc.dll", "EventData.ProductNameLength": "41", "EventData.ProductName": "Операционная система Microsoft® Windows®", "EventData.CompanyNameLength": "22", "EventData.CompanyName": "Microsoft Corporation"}
{"EventID": "203", "Channel": "Microsoft-Windows-Diagnostics-Performance/Operational", "Provider_Name": "Microsoft-Windows-Diagnostics-Performance", "Computer": "DESKTOP-OFJ6N53", "TimeCreated": "2023-07-06 12:47:48.174307+00:00", "RecordID": "264", "Level": "3", "UserID": "S-1-5-19", "EventData.StartTime": "2023-07-06 12:43:01.065939+00:00", "EventData.NameLength": "4", "EventData.Name": "DPS", "EventData.FriendlyNameLength": "32", "EventData.FriendlyName": "Служба политики диагностики WDI", "EventData.VersionLength": "39", "EventData.Version": "10.0.19041.3085 (WinBuild.160101.0800)", "EventData.TotalTime": "3024", "EventData.DegradationTime": "1273", "EventData.PathLength": "28", "EventData.Path": "C:\\Windows\\system32\\dps.dll", "EventData.ProductNameLength": "41", "EventData.ProductName": "Операционная система Microsoft® Windows®", "EventData.CompanyNameLength": "22", "EventData.CompanyName": "Microsoft Corporation"}
{"EventID": "203", "Channel": "Microsoft-Windows-Diagnostics-Performance/Operational", "Provider_Name": "Microsoft-Windows-Diagnostics-Performance", "Computer": "DESKTOP-OFJ6N53", "TimeCreated": "2023-07-06 12:47:48.174314+00:00", "RecordID": "265", "Level": "3", "UserID": "S-1-5-19", "EventData.StartTime": "2023-07-06 12:43:01.065939+00:00", "EventData.NameLength": "9", "EventData.Name": "EventLog", "EventData.FriendlyNameLength": "32", "EventData.FriendlyName": "Служба протоколирования событий", "EventData.VersionLength": "39", "EventData.Version": "10.0.19041.3085 (WinBuild.160101.0800)", "EventData.TotalTime": "1934", "EventData.DegradationTime": "1223", "EventData.PathLength": "32", "EventData.Path": "C:\\Windows\\System32\\wevtsvc.dll", "EventData.ProductNameLength": "41", "EventData.ProductName": "Операционная система Microsoft® Windows®", "EventData.CompanyNameLength": "22", "EventData.CompanyName": "Microsoft Corporation"}
{"EventID": "203", "Channel": "Microsoft-Windows-Diagnostics-Performance/Operational", "Provider_Name": "Microsoft-Windows-Diagnostics-Performance", "Computer": "DESKTOP-OFJ6N53", "TimeCreated": "2023-07-06 12:47:48.174320+00:00", "RecordID": "266", "Level": "3", "UserID": "S-1-5-19", "EventData.StartTime": "2023-07-06 12:43:01.065939+00:00", "EventData.NameLength": "7", "EventData.Name": "RasMan", "EventData.FriendlyNameLength": "41", "EventData.FriendlyName": "Диспетчер подключений удаленного доступа", "EventData.VersionLength": "39", "EventData.Version": "10.0.19041.3085 (WinBuild.160101.0800)", "EventData.TotalTime": "2163", "EventData.DegradationTime": "1195", "EventData.PathLength": "32", "EventData.Path": "C:\\Windows\\System32\\rasmans.dll", "EventData.ProductNameLength": "41", "EventData.ProductName": "Операционная система Microsoft® Windows®", "EventData.CompanyNameLength": "22", "EventData.CompanyName": "Microsoft Corporation"}
{"EventID": "203", "Channel": "Microsoft-Windows-Diagnostics-Performance/Operational", "Provider_Name": "Microsoft-Windows-Diagnostics-Performance", "Computer": "DESKTOP-OFJ6N53", "TimeCreated": "2023-07-06 12:47:48.174330+00:00", "RecordID": "267", "Level": "3", "UserID": "S-1-5-19", "EventData.StartTime": "2023-07-06 12:43:01.065939+00:00", "EventData.NameLength": "25", "EventData.Name": "DeviceAssociationService", "EventData.FriendlyNameLength": "31", "EventData.FriendlyName": "Служба сопоставления устройств", "EventData.VersionLength": "39", "EventData.Version": "10.0.19041.3085 (WinBuild.160101.0800)", "EventData.TotalTime": "1364", "EventData.DegradationTime": "830", "EventData.PathLength": "28", "EventData.Path": "C:\\Windows\\system32\\das.dll", "EventData.ProductNameLength": "41", "EventData.ProductName": "Операционная система Microsoft® Windows®", "EventData.CompanyNameLength": "22", "EventData.CompanyName": "Microsoft Corporation"}
{"EventID": "203", "Channel": "Microsoft-Windows-Diagnostics-Performance/Operational", "Provider_Name": "Microsoft-Windows-Diagnostics-Performance", "Computer": "DESKTOP-OFJ6N53", "TimeCreated": "2023-07-06 12:47:48.174345+00:00", "RecordID": "268", "Level": "3", "UserID": "S-1-5-19", "EventData.StartTime": "2023-07-06 12:43:01.065939+00:00", "EventData.NameLength": "8", "EventData.Name": "AVP21.3", "EventData.FriendlyNameLength": "0", "EventData.FriendlyName": null, "EventData.VersionLength": "0", "EventData.Version": null, "EventData.TotalTime": "2316", "EventData.DegradationTime": "828", "EventData.PathLength": "80", "EventData.Path": "\"c:\\program files (x86)\\kaspersky lab\\kaspersky security cloud 21.3\\avp.exe\" -r", "EventData.ProductNameLength": "0", "EventData.ProductName": null, "EventData.CompanyNameLength": "0", "EventData.CompanyName": null}
{"EventID": "203", "Channel": "Microsoft-Windows-Diagnostics-Performance/Operational", "Provider_Name": "Microsoft-Windows-Diagnostics-Performance", "Computer": "DESKTOP-OFJ6N53", "TimeCreated": "2023-07-06 12:47:48.174351+00:00", "RecordID": "269", "Level": "3", "UserID": "S-1-5-19", "EventData.StartTime": "2023-07-06 12:43:01.065939+00:00", "EventData.NameLength": "9", "EventData.Name": "FDResPub", "EventData.FriendlyNameLength": "47", "EventData.FriendlyName": "Служба публикации ресурсов обнаружения функции", "EventData.VersionLength": "39", "EventData.Version": "10.0.19041.3085 (WinBuild.160101.0800)", "EventData.TotalTime": "2264", "EventData.DegradationTime": "698", "EventData.PathLength": "33", "EventData.Path": "C:\\Windows\\system32\\fdrespub.dll", "EventData.ProductNameLength": "41", "EventData.ProductName": "Операционная система Microsoft® Windows®", "EventData.CompanyNameLength": "22", "EventData.CompanyName": "Microsoft Corporation"}
{"EventID": "203", "Channel": "Microsoft-Windows-Diagnostics-Performance/Operational", "Provider_Name": "Microsoft-Windows-Diagnostics-Performance", "Computer": "DESKTOP-OFJ6N53", "TimeCreated": "2023-07-06 12:47:48.174358+00:00", "RecordID": "270", "Level": "3", "UserID": "S-1-5-19", "EventData.StartTime": "2023-07-06 12:43:01.065939+00:00", "EventData.NameLength": "9", "EventData.Name": "CryptSvc", "EventData.FriendlyNameLength": "20", "EventData.FriendlyName": "Службы криптографии", "EventData.VersionLength": "39", "EventData.Version": "10.0.19041.3085 (WinBuild.160101.0800)", "EventData.TotalTime": "1332", "EventData.DegradationTime": "689", "EventData.PathLength": "33", "EventData.Path": "C:\\Windows\\system32\\cryptsvc.dll", "EventData.ProductNameLength": "41", "EventData.ProductName": "Операционная система Microsoft® Windows®", "EventData.CompanyNameLength": "22", "EventData.CompanyName": "Microsoft Corporation"}
