{"EventID": "2", "Channel": "Microsoft-Windows-Containers-BindFlt/Operational", "Provider_Name": "Microsoft-Windows-Containers-BindFlt", "Computer": "WIN-E725EAE32MJ", "TimeCreated": "2022-02-24 08:24:33.833200+00:00", "RecordID": "1", "Level": "4", "UserID": "S-1-5-18"}
{"EventID": "2", "Channel": "Microsoft-Windows-Containers-BindFlt/Operational", "Provider_Name": "Microsoft-Windows-Containers-BindFlt", "Computer": "DESKTOP-OFJ6N53", "TimeCreated": "2022-02-24 08:27:17.851067+00:00", "RecordID": "2", "Level": "4", "UserID": "S-1-5-18"}
{"EventID": "2", "Channel": "Microsoft-Windows-Containers-BindFlt/Operational", "Provider_Name": "Microsoft-Windows-Containers-BindFlt", "Computer": "DESKTOP-OFJ6N53", "TimeCreated": "2022-02-24 12:38:10.323195+00:00", "RecordID": "3", "Level": "4", "UserID": "S-1-5-18"}
{"EventID": "2", "Channel": "Microsoft-Windows-Containers-BindFlt/Operational", "Provider_Name": "Microsoft-Windows-Containers-BindFlt", "Computer": "DESKTOP-OFJ6N53", "TimeCreated": "2022-02-24 12:52:08.442303+00:00", "RecordID": "4", "Level": "4", "UserID": "S-1-5-18"}
{"EventID": "2", "Channel": "Microsoft-Windows-Containers-BindFlt/Operational", "Provider_Name": "Microsoft-Windows-Containers-BindFlt", "Computer": "DESKTOP-OFJ6N53", "TimeCreated": "2022-02-24 21:41:23.672913+00:00", "RecordID": "5", "Level": "4", "UserID": "S-1-5-18"}
{"EventID": "2", "Channel": "Microsoft-Windows-Containers-BindFlt/Operational", "Provider_Name": "Microsoft-Windows-Containers-BindFlt", "Computer": "DESKTOP-OFJ6N53", "TimeCreated": "2022-03-03 17:18:29.245453+00:00", "RecordID": "6", "Level": "4", "UserID": "S-1-5-18"}
{"EventID": "2", "Channel": "Microsoft-Windows-Containers-BindFlt/Operational", "Provider_Name": "Microsoft-Windows-Containers-BindFlt", "Computer": "DESKTOP-OFJ6N53", "TimeCreated": "2022-03-09 07:31:45.583649+00:00", "RecordID": "7", "Level": "4", "UserID": "S-1-5-18"}
{"EventID": "2", "Channel": "Microsoft-Windows-Containers-BindFlt/Operational", "Provider_Name": "Microsoft-Windows-Containers-BindFlt", "Computer": "DESKTOP-OFJ6N53", "TimeCreated": "2022-03-09 10:16:43.565922+00:00", "RecordID": "8", "Level": "4", "UserID": "S-1-5-18"}
{"EventID": "2", "Channel": "Microsoft-Windows-Containers-BindFlt/Operational", "Provider_Name": "Microsoft-Windows-Containers-BindFlt", "Computer": "DESKTOP-OFJ6N53", "TimeCreated": "2022-03-09 11:07:50.234146+00:00", "RecordID": "9", "Level": "4", "UserID": "S-1-5-18"}
{"EventID": "2", "Channel": "Microsoft-Windows-Containers-BindFlt/Operational", "Provider_Name": "Microsoft-Windows-Containers-BindFlt", "Computer": "DESKTOP-OFJ6N53", "TimeCreated": "2022-03-10 14:20:15.501123+00:00", "RecordID": "10", "Level": "4", "UserID": "S-1-5-18"}
{"EventID": "2", "Channel": "Microsoft-Windows-Containers-BindFlt/Operational", "Provider_Name": "Microsoft-Windows-Containers-BindFlt", "Computer": "DESKTOP-OFJ6N53", "TimeCreated": "2022-03-10 16:25:10.717482+00:00", "RecordID": "11", "Level": "4", "UserID": "S-1-5-18"}
{"EventID": "2", "Channel": "Microsoft-Windows-Containers-BindFlt/Operational", "Provider_Name": "Microsoft-Windows-Containers-BindFlt", "Computer": "DESKTOP-OFJ6N53", "TimeCreated": "2022-03-15 16:44:52.559807+00:00", "RecordID": "12", "Level": "4", "UserID": "S-1-5-18"}
{"EventID": "2", "Channel": "Microsoft-Windows-Containers-BindFlt/Operational", "Provider_Name": "Microsoft-Windows-Containers-BindFlt", "Computer": "DESKTOP-OFJ6N53", "TimeCreated": "2022-04-13 14:34:26.472860+00:00", "RecordID": "13", "Level": "4", "UserID": "S-1-5-18"}
{"EventID": "2", "Channel": "Microsoft-Windows-Containers-BindFlt/Operational", "Provider_Name": "Microsoft-Windows-Containers-BindFlt", "Computer": "DESKTOP-OFJ6N53", "TimeCreated": "2022-04-28 21:43:01.237553+00:00", "RecordID": "14", "Level": "4", "UserID": "S-1-5-18"}
{"EventID": "2", "Channel": "Microsoft-Windows-Containers-BindFlt/Operational", "Provider_Name": "Microsoft-Windows-Containers-BindFlt", "Computer": "DESKTOP-OFJ6N53", "TimeCreated": "2022-05-05 10:00:48.317612+00:00", "RecordID": "15", "Level": "4", "UserID": "S-1-5-18"}
{"EventID": "2", "Channel": "Microsoft-Windows-Containers-BindFlt/Operational", "Provider_Name": "Microsoft-Windows-Containers-BindFlt", "Computer": "DESKTOP-OFJ6N53", "TimeCreated": "2022-05-10 23:33:04.743916+00:00", "RecordID": "16", "Level": "4", "UserID": "S-1-5-18"}
{"EventID": "2", "Channel": "Microsoft-Windows-Containers-BindFlt/Operational", "Provider_Name": "Microsoft-Windows-Containers-BindFlt", "Computer": "DESKTOP-OFJ6N53", "TimeCreated": "2022-06-06 07:34:13.079672+00:00", "RecordID": "17", "Level": "4", "UserID": "S-1-5-18"}
{"EventID": "2", "Channel": "Microsoft-Windows-Containers-BindFlt/Operational", "Provider_Name": "Microsoft-Windows-Containers-BindFlt", "Computer": "DESKTOP-OFJ6N53", "TimeCreated": "2022-06-06 07:37:19.211769+00:00", "RecordID": "18", "Level": "4", "UserID": "S-1-5-18"}
{"EventID": "2", "Channel": "Microsoft-Windows-Containers-BindFlt/Operational", "Provider_Name": "Microsoft-Windows-Containers-BindFlt", "Computer": "DESKTOP-OFJ6N53", "TimeCreated": "2022-06-14 18:01:33.974134+00:00", "RecordID": "19", "Level": "4", "UserID": "S-1-5-18"}
{"EventID": "2", "Channel": "Microsoft-Windows-Containers-BindFlt/Operational", "Provider_Name": "Microsoft-Windows-Containers-BindFlt", "Computer": "DESKTOP-OFJ6N53", "TimeCreated": "2022-07-13 14:42:24.394531+00:00", "RecordID": "20", "Level": "4", "UserID": "S-1-5-18"}
{"EventID": "2", "Channel": "Microsoft-Windows-Containers-BindFlt/Operational", "Provider_Name": "Microsoft-Windows-Containers-BindFlt", "Computer": "DESKTOP-OFJ6N53", "TimeCreated": "2022-08-04 17:04:42.683525+00:00", "RecordID": "21", "Level": "4", "UserID": "S-1-5-18"}
{"EventID": "2", "Channel": "Microsoft-Windows-Containers-BindFlt/Operational", "Provider_Name": "Microsoft-Windows-Containers-BindFlt", "Computer": "DESKTOP-OFJ6N53", "TimeCreated": "2022-08-09 19:08:40.544624+00:00", "RecordID": "22", "Level": "4", "UserID": "S-1-5-18"}
{"EventID": "2", "Channel": "Microsoft-Windows-Containers-BindFlt/Operational", "Provider_Name": "Microsoft-Windows-Containers-BindFlt", "Computer": "DESKTOP-OFJ6N53", "TimeCreated": "2022-09-06 09:01:46.882050+00:00", "RecordID": "23", "Level": "4", "UserID": "S-1-5-18"}
{"EventID": "2", "Channel": "Microsoft-Windows-Containers-BindFlt/Operational", "Provider_Name": "Microsoft-Windows-Containers-BindFlt", "Computer": "DESKTOP-OFJ6N53", "TimeCreated": "2022-09-06 13:01:44.281914+00:00", "RecordID": "24", "Level": "4", "UserID": "S-1-5-18"}
{"EventID": "2", "Channel": "Microsoft-Windows-Containers-BindFlt/Operational", "Provider_Name": "Microsoft-Windows-Containers-BindFlt", "Computer": "DESKTOP-OFJ6N53", "TimeCreated": "2022-09-13 14:05:38.401512+00:00", "RecordID": "25", "Level": "4", "UserID": "S-1-5-18"}
{"EventID": "2", "Channel": "Microsoft-Windows-Containers-BindFlt/Operational", "Provider_Name": "Microsoft-Windows-Containers-BindFlt", "Computer": "DESKTOP-OFJ6N53", "TimeCreated": "2022-09-14 17:17:22.799101+00:00", "RecordID": "26", "Level": "4", "UserID": "S-1-5-18"}
{"EventID": "2", "Channel": "Microsoft-Windows-Containers-BindFlt/Operational", "Provider_Name": "Microsoft-Windows-Containers-BindFlt", "Computer": "DESKTOP-OFJ6N53", "TimeCreated": "2022-09-22 12:40:30.530563+00:00", "RecordID": "27", "Level": "4", "UserID": "S-1-5-18"}
{"EventID": "2", "Channel": "Microsoft-Windows-Containers-BindFlt/Operational", "Provider_Name": "Microsoft-Windows-Containers-BindFlt", "Computer": "DESKTOP-OFJ6N53", "TimeCreated": "2022-09-29 11:32:43.279884+00:00", "RecordID": "28", "Level": "4", "UserID": "S-1-5-18"}
{"EventID": "2", "Channel": "Microsoft-Windows-Containers-BindFlt/Operational", "Provider_Name": "Microsoft-Windows-Containers-BindFlt", "Computer": "DESKTOP-OFJ6N53", "TimeCreated": "2022-10-04 08:34:52.593519+00:00", "RecordID": "29", "Level": "4", "UserID": "S-1-5-18"}
{"EventID": "2", "Channel": "Microsoft-Windows-Containers-BindFlt/Operational", "Provider_Name": "Microsoft-Windows-Containers-BindFlt", "Computer": "DESKTOP-OFJ6N53", "TimeCreated": "2022-10-05 14:37:04.208765+00:00", "RecordID": "30", "Level": "4", "UserID": "S-1-5-18"}
{"EventID": "2", "Channel": "Microsoft-Windows-Containers-BindFlt/Operational", "Provider_Name": "Microsoft-Windows-Containers-BindFlt", "Computer": "DESKTOP-OFJ6N53", "TimeCreated": "2022-10-06 08:21:01.791639+00:00", "RecordID": "31", "Level": "4", "UserID": "S-1-5-18"}
{"EventID": "2", "Channel": "Microsoft-Windows-Containers-BindFlt/Operational", "Provider_Name": "Microsoft-Windows-Containers-BindFlt", "Computer": "DESKTOP-OFJ6N53", "TimeCreated": "2022-10-06 09:16:00.996490+00:00", "RecordID": "32", "Level": "4", "UserID": "S-1-5-18"}
{"EventID": "2", "Channel": "Microsoft-Windows-Containers-BindFlt/Operational", "Provider_Name": "Microsoft-Windows-Containers-BindFlt", "Computer": "DESKTOP-OFJ6N53", "TimeCreated": "2022-10-11 22:43:05.437082+00:00", "RecordID": "33", "Level": "4", "UserID": "S-1-5-18"}
{"EventID": "2", "Channel": "Microsoft-Windows-Containers-BindFlt/Operational", "Provider_Name": "Microsoft-Windows-Containers-BindFlt", "Computer": "DESKTOP-OFJ6N53", "TimeCreated": "2022-10-17 12:09:25.894999+00:00", "RecordID": "34", "Level": "4", "UserID": "S-1-5-18"}
{"EventID": "2", "Channel": "Microsoft-Windows-Containers-BindFlt/Operational", "Provider_Name": "Microsoft-Windows-Containers-BindFlt", "Computer": "DESKTOP-OFJ6N53", "TimeCreated": "2022-10-19 13:48:06.432020+00:00", "RecordID": "35", "Level": "4", "UserID": "S-1-5-18"}
{"EventID": "2", "Channel": "Microsoft-Windows-Containers-BindFlt/Operational", "Provider_Name": "Microsoft-Windows-Containers-BindFlt", "Computer": "DESKTOP-OFJ6N53", "TimeCreated": "2022-10-27 11:48:24.851225+00:00", "RecordID": "36", "Level": "4", "UserID": "S-1-5-18"}
{"EventID": "2", "Channel": "Microsoft-Windows-Containers-BindFlt/Operational", "Provider_Name": "Microsoft-Windows-Containers-BindFlt", "Computer": "DESKTOP-OFJ6N53", "TimeCreated": "2022-11-09 14:41:37.456623+00:00", "RecordID": "37", "Level": "4", "UserID": "S-1-5-18"}
{"EventID": "2", "Channel": "Microsoft-Windows-Containers-BindFlt/Operational", "Provider_Name": "Microsoft-Windows-Containers-BindFlt", "Computer": "DESKTOP-OFJ6N53", "TimeCreated": "2022-11-10 09:28:32.966360+00:00", "RecordID": "38", "Level": "4", "UserID": "S-1-5-18"}
{"EventID": "2", "Channel": "Microsoft-Windows-Containers-BindFlt/Operational", "Provider_Name": "Microsoft-Windows-Containers-BindFlt", "Computer": "DESKTOP-OFJ6N53", "TimeCreated": "2022-11-17 17:39:29.283266+00:00", "RecordID": "39", "Level": "4", "UserID": "S-1-5-18"}
{"EventID": "2", "Channel": "Microsoft-Windows-Containers-BindFlt/Operational", "Provider_Name": "Microsoft-Windows-Containers-BindFlt", "Computer": "DESKTOP-OFJ6N53", "TimeCreated": "2022-11-18 00:57:05.599899+00:00", "RecordID": "40", "Level": "4", "UserID": "S-1-5-18"}
{"EventID": "2", "Channel": "Microsoft-Windows-Containers-BindFlt/Operational", "Provider_Name": "Microsoft-Windows-Containers-BindFlt", "Computer": "DESKTOP-OFJ6N53", "TimeCreated": "2022-11-19 20:56:15.240330+00:00", "RecordID": "41", "Level": "4", "UserID": "S-1-5-18"}
{"EventID": "2", "Channel": "Microsoft-Windows-Containers-BindFlt/Operational", "Provider_Name": "Microsoft-Windows-Containers-BindFlt", "Computer": "DESKTOP-OFJ6N53", "TimeCreated": "2022-11-21 07:56:25.506927+00:00", "RecordID": "42", "Level": "4", "UserID": "S-1-5-18"}
{"EventID": "2", "Channel": "Microsoft-Windows-Containers-BindFlt/Operational", "Provider_Name": "Microsoft-Windows-Containers-BindFlt", "Computer": "DESKTOP-OFJ6N53", "TimeCreated": "2022-11-22 07:19:51.437500+00:00", "RecordID": "43", "Level": "4", "UserID": "S-1-5-18"}
{"EventID": "2", "Channel": "Microsoft-Windows-Containers-BindFlt/Operational", "Provider_Name": "Microsoft-Windows-Containers-BindFlt", "Computer": "DESKTOP-OFJ6N53", "TimeCreated": "2022-11-22 11:57:08.742674+00:00", "RecordID": "44", "Level": "4", "UserID": "S-1-5-18"}
{"EventID": "2", "Channel": "Microsoft-Windows-Containers-BindFlt/Operational", "Provider_Name": "Microsoft-Windows-Containers-BindFlt", "Computer": "DESKTOP-OFJ6N53", "TimeCreated": "2022-11-24 10:52:05.879545+00:00", "RecordID": "45", "Level": "4", "UserID": "S-1-5-18"}
{"EventID": "2", "Channel": "Microsoft-Windows-Containers-BindFlt/Operational", "Provider_Name": "Microsoft-Windows-Containers-BindFlt", "Computer": "DESKTOP-OFJ6N53", "TimeCreated": "2022-11-28 11:06:57.361469+00:00", "RecordID": "46", "Level": "4", "UserID": "S-1-5-18"}
{"EventID": "2", "Channel": "Microsoft-Windows-Containers-BindFlt/Operational", "Provider_Name": "Microsoft-Windows-Containers-BindFlt", "Computer": "DESKTOP-OFJ6N53", "TimeCreated": "2022-11-30 10:05:52.381048+00:00", "RecordID": "47", "Level": "4", "UserID": "S-1-5-18"}
{"EventID": "2", "Channel": "Microsoft-Windows-Containers-BindFlt/Operational", "Provider_Name": "Microsoft-Windows-Containers-BindFlt", "Computer": "DESKTOP-OFJ6N53", "TimeCreated": "2022-12-06 11:57:14.043175+00:00", "RecordID": "48", "Level": "4", "UserID": "S-1-5-18"}
{"EventID": "2", "Channel": "Microsoft-Windows-Containers-BindFlt/Operational", "Provider_Name": "Microsoft-Windows-Containers-BindFlt", "Computer": "DESKTOP-OFJ6N53", "TimeCreated": "2022-12-09 11:51:48.942429+00:00", "RecordID": "49", "Level": "4", "UserID": "S-1-5-18"}
{"EventID": "2", "Channel": "Microsoft-Windows-Containers-BindFlt/Operational", "Provider_Name": "Microsoft-Windows-Containers-BindFlt", "Computer": "DESKTOP-OFJ6N53", "TimeCreated": "2022-12-12 15:20:37.847767+00:00", "RecordID": "50", "Level": "4", "UserID": "S-1-5-18"}
{"EventID": "2", "Channel": "Microsoft-Windows-Containers-BindFlt/Operational", "Provider_Name": "Microsoft-Windows-Containers-BindFlt", "Computer": "DESKTOP-OFJ6N53", "TimeCreated": "2022-12-14 12:46:37.789927+00:00", "RecordID": "51", "Level": "4", "UserID": "S-1-5-18"}
{"EventID": "2", "Channel": "Microsoft-Windows-Containers-BindFlt/Operational", "Provider_Name": "Microsoft-Windows-Containers-BindFlt", "Computer": "DESKTOP-OFJ6N53", "TimeCreated": "2022-12-15 08:28:53.609825+00:00", "RecordID": "52", "Level": "4", "UserID": "S-1-5-18"}
{"EventID": "2", "Channel": "Microsoft-Windows-Containers-BindFlt/Operational", "Provider_Name": "Microsoft-Windows-Containers-BindFlt", "Computer": "DESKTOP-OFJ6N53", "TimeCreated": "2022-12-21 09:55:22.555418+00:00", "RecordID": "53", "Level": "4", "UserID": "S-1-5-18"}
{"EventID": "2", "Channel": "Microsoft-Windows-Containers-BindFlt/Operational", "Provider_Name": "Microsoft-Windows-Containers-BindFlt", "Computer": "DESKTOP-OFJ6N53", "TimeCreated": "2022-12-27 09:34:43.694893+00:00", "RecordID": "54", "Level": "4", "UserID": "S-1-5-18"}
{"EventID": "2", "Channel": "Microsoft-Windows-Containers-BindFlt/Operational", "Provider_Name": "Microsoft-Windows-Containers-BindFlt", "Computer": "DESKTOP-OFJ6N53", "TimeCreated": "2022-12-29 12:41:37.536245+00:00", "RecordID": "55", "Level": "4", "UserID": "S-1-5-18"}
{"EventID": "2", "Channel": "Microsoft-Windows-Containers-BindFlt/Operational", "Provider_Name": "Microsoft-Windows-Containers-BindFlt", "Computer": "DESKTOP-OFJ6N53", "TimeCreated": "2023-01-10 07:49:22.785290+00:00", "RecordID": "56", "Level": "4", "UserID": "S-1-5-18"}
{"EventID": "2", "Channel": "Microsoft-Windows-Containers-BindFlt/Operational", "Provider_Name": "Microsoft-Windows-Containers-BindFlt", "Computer": "DESKTOP-OFJ6N53", "TimeCreated": "2023-01-11 14:45:48.081045+00:00", "RecordID": "57", "Level": "4", "UserID": "S-1-5-18"}
{"EventID": "2", "Channel": "Microsoft-Windows-Containers-BindFlt/Operational", "Provider_Name": "Microsoft-Windows-Containers-BindFlt", "Computer": "DESKTOP-OFJ6N53", "TimeCreated": "2023-01-13 13:31:32.516870+00:00", "RecordID": "58", "Level": "4", "UserID": "S-1-5-18"}
{"EventID": "2", "Channel": "Microsoft-Windows-Containers-BindFlt/Operational", "Provider_Name": "Microsoft-Windows-Containers-BindFlt", "Computer": "DESKTOP-OFJ6N53", "TimeCreated": "2023-01-16 08:14:29.587051+00:00", "RecordID": "59", "Level": "4", "UserID": "S-1-5-18"}
{"EventID": "2", "Channel": "Microsoft-Windows-Containers-BindFlt/Operational", "Provider_Name": "Microsoft-Windows-Containers-BindFlt", "Computer": "DESKTOP-OFJ6N53", "TimeCreated": "2023-01-17 12:30:21.080101+00:00", "RecordID": "60", "Level": "4", "UserID": "S-1-5-18"}
{"EventID": "2", "Channel": "Microsoft-Windows-Containers-BindFlt/Operational", "Provider_Name": "Microsoft-Windows-Containers-BindFlt", "Computer": "DESKTOP-OFJ6N53", "TimeCreated": "2023-01-19 08:00:15.277746+00:00", "RecordID": "61", "Level": "4", "UserID": "S-1-5-18"}
{"EventID": "2", "Channel": "Microsoft-Windows-Containers-BindFlt/Operational", "Provider_Name": "Microsoft-Windows-Containers-BindFlt", "Computer": "DESKTOP-OFJ6N53", "TimeCreated": "2023-01-19 11:55:01.095392+00:00", "RecordID": "62", "Level": "4", "UserID": "S-1-5-18"}
{"EventID": "2", "Channel": "Microsoft-Windows-Containers-BindFlt/Operational", "Provider_Name": "Microsoft-Windows-Containers-BindFlt", "Computer": "DESKTOP-OFJ6N53", "TimeCreated": "2023-01-20 14:31:02.264164+00:00", "RecordID": "63", "Level": "4", "UserID": "S-1-5-18"}
{"EventID": "2", "Channel": "Microsoft-Windows-Containers-BindFlt/Operational", "Provider_Name": "Microsoft-Windows-Containers-BindFlt", "Computer": "DESKTOP-OFJ6N53", "TimeCreated": "2023-01-23 10:19:24.087175+00:00", "RecordID": "64", "Level": "4", "UserID": "S-1-5-18"}
{"EventID": "2", "Channel": "Microsoft-Windows-Containers-BindFlt/Operational", "Provider_Name": "Microsoft-Windows-Containers-BindFlt", "Computer": "DESKTOP-OFJ6N53", "TimeCreated": "2023-01-23 12:41:05.396317+00:00", "RecordID": "65", "Level": "4", "UserID": "S-1-5-18"}
{"EventID": "2", "Channel": "Microsoft-Windows-Containers-BindFlt/Operational", "Provider_Name": "Microsoft-Windows-Containers-BindFlt", "Computer": "DESKTOP-OFJ6N53", "TimeCreated": "2023-01-25 08:57:14.180288+00:00", "RecordID": "66", "Level": "4", "UserID": "S-1-5-18"}
{"EventID": "2", "Channel": "Microsoft-Windows-Containers-BindFlt/Operational", "Provider_Name": "Microsoft-Windows-Containers-BindFlt", "Computer": "DESKTOP-OFJ6N53", "TimeCreated": "2023-01-27 15:04:05.811018+00:00", "RecordID": "67", "Level": "4", "UserID": "S-1-5-18"}
{"EventID": "2", "Channel": "Microsoft-Windows-Containers-BindFlt/Operational", "Provider_Name": "Microsoft-Windows-Containers-BindFlt", "Computer": "DESKTOP-OFJ6N53", "TimeCreated": "2023-01-30 08:02:51.039989+00:00", "RecordID": "68", "Level": "4", "UserID": "S-1-5-18"}
{"EventID": "2", "Channel": "Microsoft-Windows-Containers-BindFlt/Operational", "Provider_Name": "Microsoft-Windows-Containers-BindFlt", "Computer": "DESKTOP-OFJ6N53", "TimeCreated": "2023-02-09 10:50:09.602928+00:00", "RecordID": "69", "Level": "4", "UserID": "S-1-5-18"}
{"EventID": "2", "Channel": "Microsoft-Windows-Containers-BindFlt/Operational", "Provider_Name": "Microsoft-Windows-Containers-BindFlt", "Computer": "DESKTOP-OFJ6N53", "TimeCreated": "2023-02-14 14:07:51.538351+00:00", "RecordID": "70", "Level": "4", "UserID": "S-1-5-18"}
{"EventID": "2", "Channel": "Microsoft-Windows-Containers-BindFlt/Operational", "Provider_Name": "Microsoft-Windows-Containers-BindFlt", "Computer": "DESKTOP-OFJ6N53", "TimeCreated": "2023-02-15 12:30:34.290287+00:00", "RecordID": "71", "Level": "4", "UserID": "S-1-5-18"}
{"EventID": "2", "Channel": "Microsoft-Windows-Containers-BindFlt/Operational", "Provider_Name": "Microsoft-Windows-Containers-BindFlt", "Computer": "DESKTOP-OFJ6N53", "TimeCreated": "2023-02-15 19:09:56.323532+00:00", "RecordID": "72", "Level": "4", "UserID": "S-1-5-18"}
{"EventID": "2", "Channel": "Microsoft-Windows-Containers-BindFlt/Operational", "Provider_Name": "Microsoft-Windows-Containers-BindFlt", "Computer": "DESKTOP-OFJ6N53", "TimeCreated": "2023-02-16 01:24:21.596037+00:00", "RecordID": "73", "Level": "4", "UserID": "S-1-5-18"}
{"EventID": "2", "Channel": "Microsoft-Windows-Containers-BindFlt/Operational", "Provider_Name": "Microsoft-Windows-Containers-BindFlt", "Computer": "DESKTOP-OFJ6N53", "TimeCreated": "2023-02-27 19:06:33.624157+00:00", "RecordID": "74", "Level": "4", "UserID": "S-1-5-18"}
{"EventID": "2", "Channel": "Microsoft-Windows-Containers-BindFlt/Operational", "Provider_Name": "Microsoft-Windows-Containers-BindFlt", "Computer": "DESKTOP-OFJ6N53", "TimeCreated": "2023-03-06 08:59:35.433912+00:00", "RecordID": "75", "Level": "4", "UserID": "S-1-5-18"}
{"EventID": "2", "Channel": "Microsoft-Windows-Containers-BindFlt/Operational", "Provider_Name": "Microsoft-Windows-Containers-BindFlt", "Computer": "DESKTOP-OFJ6N53", "TimeCreated": "2023-03-10 12:03:41.030691+00:00", "RecordID": "76", "Level": "4", "UserID": "S-1-5-18"}
{"EventID": "2", "Channel": "Microsoft-Windows-Containers-BindFlt/Operational", "Provider_Name": "Microsoft-Windows-Containers-BindFlt", "Computer": "DESKTOP-OFJ6N53", "TimeCreated": "2023-03-13 11:08:42.549158+00:00", "RecordID": "77", "Level": "4", "UserID": "S-1-5-18"}
{"EventID": "2", "Channel": "Microsoft-Windows-Containers-BindFlt/Operational", "Provider_Name": "Microsoft-Windows-Containers-BindFlt", "Computer": "DESKTOP-OFJ6N53", "TimeCreated": "2023-03-15 22:03:16.790800+00:00", "RecordID": "78", "Level": "4", "UserID": "S-1-5-18"}
{"EventID": "2", "Channel": "Microsoft-Windows-Containers-BindFlt/Operational", "Provider_Name": "Microsoft-Windows-Containers-BindFlt", "Computer": "DESKTOP-OFJ6N53", "TimeCreated": "2023-03-19 01:07:27.279156+00:00", "RecordID": "79", "Level": "4", "UserID": "S-1-5-18"}
{"EventID": "2", "Channel": "Microsoft-Windows-Containers-BindFlt/Operational", "Provider_Name": "Microsoft-Windows-Containers-BindFlt", "Computer": "DESKTOP-OFJ6N53", "TimeCreated": "2023-03-20 08:30:12.102919+00:00", "RecordID": "80", "Level": "4", "UserID": "S-1-5-18"}
{"EventID": "2", "Channel": "Microsoft-Windows-Containers-BindFlt/Operational", "Provider_Name": "Microsoft-Windows-Containers-BindFlt", "Computer": "DESKTOP-OFJ6N53", "TimeCreated": "2023-03-23 10:00:55.350307+00:00", "RecordID": "81", "Level": "4", "UserID": "S-1-5-18"}
{"EventID": "2", "Channel": "Microsoft-Windows-Containers-BindFlt/Operational", "Provider_Name": "Microsoft-Windows-Containers-BindFlt", "Computer": "DESKTOP-OFJ6N53", "TimeCreated": "2023-03-29 11:08:17.269682+00:00", "RecordID": "82", "Level": "4", "UserID": "S-1-5-18"}
{"EventID": "2", "Channel": "Microsoft-Windows-Containers-BindFlt/Operational", "Provider_Name": "Microsoft-Windows-Containers-BindFlt", "Computer": "DESKTOP-OFJ6N53", "TimeCreated": "2023-04-03 12:06:46.403357+00:00", "RecordID": "83", "Level": "4", "UserID": "S-1-5-18"}
{"EventID": "2", "Channel": "Microsoft-Windows-Containers-BindFlt/Operational", "Provider_Name": "Microsoft-Windows-Containers-BindFlt", "Computer": "DESKTOP-OFJ6N53", "TimeCreated": "2023-04-03 14:21:02.904173+00:00", "RecordID": "84", "Level": "4", "UserID": "S-1-5-18"}
{"EventID": "2", "Channel": "Microsoft-Windows-Containers-BindFlt/Operational", "Provider_Name": "Microsoft-Windows-Containers-BindFlt", "Computer": "DESKTOP-OFJ6N53", "TimeCreated": "2023-04-04 06:30:39.024118+00:00", "RecordID": "85", "Level": "4", "UserID": "S-1-5-18"}
{"EventID": "2", "Channel": "Microsoft-Windows-Containers-BindFlt/Operational", "Provider_Name": "Microsoft-Windows-Containers-BindFlt", "Computer": "DESKTOP-OFJ6N53", "TimeCreated": "2023-04-05 07:28:10.633282+00:00", "RecordID": "86", "Level": "4", "UserID": "S-1-5-18"}
{"EventID": "2", "Channel": "Microsoft-Windows-Containers-BindFlt/Operational", "Provider_Name": "Microsoft-Windows-Containers-BindFlt", "Computer": "DESKTOP-OFJ6N53", "TimeCreated": "2023-04-05 15:18:18.843212+00:00", "RecordID": "87", "Level": "4", "UserID": "S-1-5-18"}
{"EventID": "2", "Channel": "Microsoft-Windows-Containers-BindFlt/Operational", "Provider_Name": "Microsoft-Windows-Containers-BindFlt", "Computer": "DESKTOP-OFJ6N53", "TimeCreated": "2023-04-11 19:41:23.941669+00:00", "RecordID": "88", "Level": "4", "UserID": "S-1-5-18"}
{"EventID": "2", "Channel": "Microsoft-Windows-Containers-BindFlt/Operational", "Provider_Name": "Microsoft-Windows-Containers-BindFlt", "Computer": "DESKTOP-OFJ6N53", "TimeCreated": "2023-04-12 17:27:13.982899+00:00", "RecordID": "89", "Level": "4", "UserID": "S-1-5-18"}
{"EventID": "2", "Channel": "Microsoft-Windows-Containers-BindFlt/Operational", "Provider_Name": "Microsoft-Windows-Containers-BindFlt", "Computer": "DESKTOP-OFJ6N53", "TimeCreated": "2023-04-22 12:24:27.390808+00:00", "RecordID": "90", "Level": "4", "UserID": "S-1-5-18"}
{"EventID": "2", "Channel": "Microsoft-Windows-Containers-BindFlt/Operational", "Provider_Name": "Microsoft-Windows-Containers-BindFlt", "Computer": "DESKTOP-OFJ6N53", "TimeCreated": "2023-04-26 10:05:09.439342+00:00", "RecordID": "91", "Level": "4", "UserID": "S-1-5-18"}
{"EventID": "2", "Channel": "Microsoft-Windows-Containers-BindFlt/Operational", "Provider_Name": "Microsoft-Windows-Containers-BindFlt", "Computer": "DESKTOP-OFJ6N53", "TimeCreated": "2023-05-02 20:27:59.535482+00:00", "RecordID": "92", "Level": "4", "UserID": "S-1-5-18"}
{"EventID": "2", "Channel": "Microsoft-Windows-Containers-BindFlt/Operational", "Provider_Name": "Microsoft-Windows-Containers-BindFlt", "Computer": "DESKTOP-OFJ6N53", "TimeCreated": "2023-05-03 08:16:36.353752+00:00", "RecordID": "93", "Level": "4", "UserID": "S-1-5-18"}
{"EventID": "2", "Channel": "Microsoft-Windows-Containers-BindFlt/Operational", "Provider_Name": "Microsoft-Windows-Containers-BindFlt", "Computer": "DESKTOP-OFJ6N53", "TimeCreated": "2023-05-10 00:45:58.299549+00:00", "RecordID": "94", "Level": "4", "UserID": "S-1-5-18"}
{"EventID": "2", "Channel": "Microsoft-Windows-Containers-BindFlt/Operational", "Provider_Name": "Microsoft-Windows-Containers-BindFlt", "Computer": "DESKTOP-OFJ6N53", "TimeCreated": "2023-05-15 12:19:44.836399+00:00", "RecordID": "95", "Level": "4", "UserID": "S-1-5-18"}
{"EventID": "2", "Channel": "Microsoft-Windows-Containers-BindFlt/Operational", "Provider_Name": "Microsoft-Windows-Containers-BindFlt", "Computer": "DESKTOP-OFJ6N53", "TimeCreated": "2023-05-16 14:55:25.705667+00:00", "RecordID": "96", "Level": "4", "UserID": "S-1-5-18"}
{"EventID": "2", "Channel": "Microsoft-Windows-Containers-BindFlt/Operational", "Provider_Name": "Microsoft-Windows-Containers-BindFlt", "Computer": "DESKTOP-OFJ6N53", "TimeCreated": "2023-06-09 08:40:11.671417+00:00", "RecordID": "97", "Level": "4", "UserID": "S-1-5-18"}
{"EventID": "2", "Channel": "Microsoft-Windows-Containers-BindFlt/Operational", "Provider_Name": "Microsoft-Windows-Containers-BindFlt", "Computer": "DESKTOP-OFJ6N53", "TimeCreated": "2023-06-11 21:00:48.834688+00:00", "RecordID": "98", "Level": "4", "UserID": "S-1-5-18"}
{"EventID": "2", "Channel": "Microsoft-Windows-Containers-BindFlt/Operational", "Provider_Name": "Microsoft-Windows-Containers-BindFlt", "Computer": "DESKTOP-OFJ6N53", "TimeCreated": "2023-06-13 19:24:51.966520+00:00", "RecordID": "99", "Level": "4", "UserID": "S-1-5-18"}
{"EventID": "2", "Channel": "Microsoft-Windows-Containers-BindFlt/Operational", "Provider_Name": "Microsoft-Windows-Containers-BindFlt", "Computer": "DESKTOP-OFJ6N53", "TimeCreated": "2023-06-27 09:47:48.858223+00:00", "RecordID": "100", "Level": "4", "UserID": "S-1-5-18"}
{"EventID": "2", "Channel": "Microsoft-Windows-Containers-BindFlt/Operational", "Provider_Name": "Microsoft-Windows-Containers-BindFlt", "Computer": "DESKTOP-OFJ6N53", "TimeCreated": "2023-07-03 07:37:58.975271+00:00", "RecordID": "101", "Level": "4", "UserID": "S-1-5-18"}
{"EventID": "2", "Channel": "Microsoft-Windows-Containers-BindFlt/Operational", "Provider_Name": "Microsoft-Windows-Containers-BindFlt", "Computer": "DESKTOP-OFJ6N53", "TimeCreated": "2023-07-06 12:44:51.745893+00:00", "RecordID": "102", "Level": "4", "UserID": "S-1-5-18"}
{"EventID": "2", "Channel": "Microsoft-Windows-Containers-BindFlt/Operational", "Provider_Name": "Microsoft-Windows-Containers-BindFlt", "Computer": "DESKTOP-OFJ6N53", "TimeCreated": "2023-07-12 14:40:52.667601+00:00", "RecordID": "103", "Level": "4", "UserID": "S-1-5-18"}
{"EventID": "2", "Channel": "Microsoft-Windows-Containers-BindFlt/Operational", "Provider_Name": "Microsoft-Windows-Containers-BindFlt", "Computer": "DESKTOP-OFJ6N53", "TimeCreated": "2023-07-18 14:52:46.417036+00:00", "RecordID": "104", "Level": "4", "UserID": "S-1-5-18"}
{"EventID": "2", "Channel": "Microsoft-Windows-Containers-BindFlt/Operational", "Provider_Name": "Microsoft-Windows-Containers-BindFlt", "Computer": "DESKTOP-OFJ6N53", "TimeCreated": "2023-07-25 08:59:22.825306+00:00", "RecordID": "105", "Level": "4", "UserID": "S-1-5-18"}
{"EventID": "2", "Channel": "Microsoft-Windows-Containers-BindFlt/Operational", "Provider_Name": "Microsoft-Windows-Containers-BindFlt", "Computer": "DESKTOP-OFJ6N53", "TimeCreated": "2023-07-26 16:05:12.903624+00:00", "RecordID": "106", "Level": "4", "UserID": "S-1-5-18"}
{"EventID": "2", "Channel": "Microsoft-Windows-Containers-BindFlt/Operational", "Provider_Name": "Microsoft-Windows-Containers-BindFlt", "Computer": "DESKTOP-OFJ6N53", "TimeCreated": "2023-07-31 13:01:34.145027+00:00", "RecordID": "107", "Level": "4", "UserID": "S-1-5-18"}
{"EventID": "2", "Channel": "Microsoft-Windows-Containers-BindFlt/Operational", "Provider_Name": "Microsoft-Windows-Containers-BindFlt", "Computer": "DESKTOP-OFJ6N53", "TimeCreated": "2023-08-02 10:03:12.729092+00:00", "RecordID": "108", "Level": "4", "UserID": "S-1-5-18"}
{"EventID": "2", "Channel": "Microsoft-Windows-Containers-BindFlt/Operational", "Provider_Name": "Microsoft-Windows-Containers-BindFlt", "Computer": "DESKTOP-OFJ6N53", "TimeCreated": "2023-08-10 07:39:06.914867+00:00", "RecordID": "109", "Level": "4", "UserID": "S-1-5-18"}
{"EventID": "2", "Channel": "Microsoft-Windows-Containers-BindFlt/Operational", "Provider_Name": "Microsoft-Windows-Containers-BindFlt", "Computer": "DESKTOP-OFJ6N53", "TimeCreated": "2023-08-16 10:00:19.921345+00:00", "RecordID": "110", "Level": "4", "UserID": "S-1-5-18"}
{"EventID": "2", "Channel": "Microsoft-Windows-Containers-BindFlt/Operational", "Provider_Name": "Microsoft-Windows-Containers-BindFlt", "Computer": "DESKTOP-OFJ6N53", "TimeCreated": "2023-08-29 22:45:13.334877+00:00", "RecordID": "111", "Level": "4", "UserID": "S-1-5-18"}
{"EventID": "2", "Channel": "Microsoft-Windows-Containers-BindFlt/Operational", "Provider_Name": "Microsoft-Windows-Containers-BindFlt", "Computer": "DESKTOP-OFJ6N53", "TimeCreated": "2023-09-04 14:37:00.637413+00:00", "RecordID": "112", "Level": "4", "UserID": "S-1-5-18"}
{"EventID": "2", "Channel": "Microsoft-Windows-Containers-BindFlt/Operational", "Provider_Name": "Microsoft-Windows-Containers-BindFlt", "Computer": "DESKTOP-OFJ6N53", "TimeCreated": "2023-09-13 14:36:37.255096+00:00", "RecordID": "113", "Level": "4", "UserID": "S-1-5-18"}
{"EventID": "2", "Channel": "Microsoft-Windows-Containers-BindFlt/Operational", "Provider_Name": "Microsoft-Windows-Containers-BindFlt", "Computer": "DESKTOP-OFJ6N53", "TimeCreated": "2023-09-29 16:10:42.339563+00:00", "RecordID": "114", "Level": "4", "UserID": "S-1-5-18"}
{"EventID": "2", "Channel": "Microsoft-Windows-Containers-BindFlt/Operational", "Provider_Name": "Microsoft-Windows-Containers-BindFlt", "Computer": "DESKTOP-OFJ6N53", "TimeCreated": "2023-10-12 16:55:29.748629+00:00", "RecordID": "115", "Level": "4", "UserID": "S-1-5-18"}
{"EventID": "2", "Channel": "Microsoft-Windows-Containers-BindFlt/Operational", "Provider_Name": "Microsoft-Windows-Containers-BindFlt", "Computer": "DESKTOP-OFJ6N53", "TimeCreated": "2023-10-27 14:40:40.178999+00:00", "RecordID": "116", "Level": "4", "UserID": "S-1-5-18"}
{"EventID": "2", "Channel": "Microsoft-Windows-Containers-BindFlt/Operational", "Provider_Name": "Microsoft-Windows-Containers-BindFlt", "Computer": "DESKTOP-OFJ6N53", "TimeCreated": "2023-11-20 15:05:37.630310+00:00", "RecordID": "117", "Level": "4", "UserID": "S-1-5-18"}
{"EventID": "2", "Channel": "Microsoft-Windows-Containers-BindFlt/Operational", "Provider_Name": "Microsoft-Windows-Containers-BindFlt", "Computer": "DESKTOP-OFJ6N53", "TimeCreated": "2023-12-12 07:25:22.804464+00:00", "RecordID": "118", "Level": "4", "UserID": "S-1-5-18"}
{"EventID": "2", "Channel": "Microsoft-Windows-Containers-BindFlt/Operational", "Provider_Name": "Microsoft-Windows-Containers-BindFlt", "Computer": "DESKTOP-OFJ6N53", "TimeCreated": "2023-12-13 14:34:14.379328+00:00", "RecordID": "119", "Level": "4", "UserID": "S-1-5-18"}
{"EventID": "2", "Channel": "Microsoft-Windows-Containers-BindFlt/Operational", "Provider_Name": "Microsoft-Windows-Containers-BindFlt", "Computer": "DESKTOP-OFJ6N53", "TimeCreated": "2023-12-29 14:44:37.654478+00:00", "RecordID": "120", "Level": "4", "UserID": "S-1-5-18"}
{"EventID": "2", "Channel": "Microsoft-Windows-Containers-BindFlt/Operational", "Provider_Name": "Microsoft-Windows-Containers-BindFlt", "Computer": "DESKTOP-OFJ6N53", "TimeCreated": "2024-01-10 14:58:22.377272+00:00", "RecordID": "121", "Level": "4", "UserID": "S-1-5-18"}
{"EventID": "2", "Channel": "Microsoft-Windows-Containers-BindFlt/Operational", "Provider_Name": "Microsoft-Windows-Containers-BindFlt", "Computer": "DESKTOP-OFJ6N53", "TimeCreated": "2024-02-15 15:26:51.513844+00:00", "RecordID": "122", "Level": "4", "UserID": "S-1-5-18"}
{"EventID": "2", "Channel": "Microsoft-Windows-Containers-BindFlt/Operational", "Provider_Name": "Microsoft-Windows-Containers-BindFlt", "Computer": "DESKTOP-OFJ6N53", "TimeCreated": "2024-03-12 11:04:41.900608+00:00", "RecordID": "123", "Level": "4", "UserID": "S-1-5-18"}
{"EventID": "2", "Channel": "Microsoft-Windows-Containers-BindFlt/Operational", "Provider_Name": "Microsoft-Windows-Containers-BindFlt", "Computer": "DESKTOP-OFJ6N53", "TimeCreated": "2024-04-12 02:53:01.214012+00:00", "RecordID": "124", "Level": "4", "UserID": "S-1-5-18"}
{"EventID": "2", "Channel": "Microsoft-Windows-Containers-BindFlt/Operational", "Provider_Name": "Microsoft-Windows-Containers-BindFlt", "Computer": "DESKTOP-OFJ6N53", "TimeCreated": "2024-04-23 15:39:47.862240+00:00", "RecordID": "125", "Level": "4", "UserID": "S-1-5-18"}
{"EventID": "2", "Channel": "Microsoft-Windows-Containers-BindFlt/Operational", "Provider_Name": "Microsoft-Windows-Containers-BindFlt", "Computer": "DESKTOP-OFJ6N53", "TimeCreated": "2024-04-29 15:10:18.712086+00:00", "RecordID": "126", "Level": "4", "UserID": "S-1-5-18"}
{"EventID": "2", "Channel": "Microsoft-Windows-Containers-BindFlt/Operational", "Provider_Name": "Microsoft-Windows-Containers-BindFlt", "Computer": "DESKTOP-OFJ6N53", "TimeCreated": "2024-05-14 09:13:26.338383+00:00", "RecordID": "127", "Level": "4", "UserID": "S-1-5-18"}
{"EventID": "2", "Channel": "Microsoft-Windows-Containers-BindFlt/Operational", "Provider_Name": "Microsoft-Windows-Containers-BindFlt", "Computer": "DESKTOP-OFJ6N53", "TimeCreated": "2024-05-15 13:36:39.133055+00:00", "RecordID": "128", "Level": "4", "UserID": "S-1-5-18"}
{"EventID": "2", "Channel": "Microsoft-Windows-Containers-BindFlt/Operational", "Provider_Name": "Microsoft-Windows-Containers-BindFlt", "Computer": "DESKTOP-OFJ6N53", "TimeCreated": "2024-05-31 10:41:01.176105+00:00", "RecordID": "129", "Level": "4", "UserID": "S-1-5-18"}
{"EventID": "2", "Channel": "Microsoft-Windows-Containers-BindFlt/Operational", "Provider_Name": "Microsoft-Windows-Containers-BindFlt", "Computer": "DESKTOP-OFJ6N53", "TimeCreated": "2024-06-06 12:16:25.589361+00:00", "RecordID": "130", "Level": "4", "UserID": "S-1-5-18"}
{"EventID": "2", "Channel": "Microsoft-Windows-Containers-BindFlt/Operational", "Provider_Name": "Microsoft-Windows-Containers-BindFlt", "Computer": "DESKTOP-OFJ6N53", "TimeCreated": "2024-06-11 17:56:43.653460+00:00", "RecordID": "131", "Level": "4", "UserID": "S-1-5-18"}
{"EventID": "2", "Channel": "Microsoft-Windows-Containers-BindFlt/Operational", "Provider_Name": "Microsoft-Windows-Containers-BindFlt", "Computer": "DESKTOP-OFJ6N53", "TimeCreated": "2024-06-13 10:18:54.145134+00:00", "RecordID": "132", "Level": "4", "UserID": "S-1-5-18"}
{"EventID": "2", "Channel": "Microsoft-Windows-Containers-BindFlt/Operational", "Provider_Name": "Microsoft-Windows-Containers-BindFlt", "Computer": "DESKTOP-OFJ6N53", "TimeCreated": "2024-07-03 13:21:54.628403+00:00", "RecordID": "133", "Level": "4", "UserID": "S-1-5-18"}
{"EventID": "2", "Channel": "Microsoft-Windows-Containers-BindFlt/Operational", "Provider_Name": "Microsoft-Windows-Containers-BindFlt", "Computer": "DESKTOP-OFJ6N53", "TimeCreated": "2024-07-10 14:33:46.712469+00:00", "RecordID": "134", "Level": "4", "UserID": "S-1-5-18"}
{"EventID": "2", "Channel": "Microsoft-Windows-Containers-BindFlt/Operational", "Provider_Name": "Microsoft-Windows-Containers-BindFlt", "Computer": "DESKTOP-OFJ6N53", "TimeCreated": "2024-07-22 07:26:32.451447+00:00", "RecordID": "135", "Level": "4", "UserID": "S-1-5-18"}
{"EventID": "2", "Channel": "Microsoft-Windows-Containers-BindFlt/Operational", "Provider_Name": "Microsoft-Windows-Containers-BindFlt", "Computer": "DESKTOP-OFJ6N53", "TimeCreated": "2024-08-14 00:10:13.376415+00:00", "RecordID": "136", "Level": "4", "UserID": "S-1-5-18"}
{"EventID": "2", "Channel": "Microsoft-Windows-Containers-BindFlt/Operational", "Provider_Name": "Microsoft-Windows-Containers-BindFlt", "Computer": "DESKTOP-OFJ6N53", "TimeCreated": "2024-09-06 13:40:15.110643+00:00", "RecordID": "137", "Level": "4", "UserID": "S-1-5-18"}
{"EventID": "2", "Channel": "Microsoft-Windows-Containers-BindFlt/Operational", "Provider_Name": "Microsoft-Windows-Containers-BindFlt", "Computer": "DESKTOP-OFJ6N53", "TimeCreated": "2024-09-11 14:51:04.095575+00:00", "RecordID": "138", "Level": "4", "UserID": "S-1-5-18"}
{"EventID": "2", "Channel": "Microsoft-Windows-Containers-BindFlt/Operational", "Provider_Name": "Microsoft-Windows-Containers-BindFlt", "Computer": "DESKTOP-OFJ6N53", "TimeCreated": "2024-09-19 17:25:26.802242+00:00", "RecordID": "139", "Level": "4", "UserID": "S-1-5-18"}
{"EventID": "2", "Channel": "Microsoft-Windows-Containers-BindFlt/Operational", "Provider_Name": "Microsoft-Windows-Containers-BindFlt", "Computer": "DESKTOP-OFJ6N53", "TimeCreated": "2024-09-24 10:57:32.503834+00:00", "RecordID": "140", "Level": "4", "UserID": "S-1-5-18"}
{"EventID": "2", "Channel": "Microsoft-Windows-Containers-BindFlt/Operational", "Provider_Name": "Microsoft-Windows-Containers-BindFlt", "Computer": "DESKTOP-OFJ6N53", "TimeCreated": "2024-09-25 13:38:57.809586+00:00", "RecordID": "141", "Level": "4", "UserID": "S-1-5-18"}
{"EventID": "2", "Channel": "Microsoft-Windows-Containers-BindFlt/Operational", "Provider_Name": "Microsoft-Windows-Containers-BindFlt", "Computer": "DESKTOP-OFJ6N53", "TimeCreated": "2024-09-28 12:29:07.782944+00:00", "RecordID": "142", "Level": "4", "UserID": "S-1-5-18"}
{"EventID": "2", "Channel": "Microsoft-Windows-Containers-BindFlt/Operational", "Provider_Name": "Microsoft-Windows-Containers-BindFlt", "Computer": "DESKTOP-OFJ6N53", "TimeCreated": "2024-10-04 11:16:55.042210+00:00", "RecordID": "143", "Level": "4", "UserID": "S-1-5-18"}
{"EventID": "2", "Channel": "Microsoft-Windows-Containers-BindFlt/Operational", "Provider_Name": "Microsoft-Windows-Containers-BindFlt", "Computer": "DESKTOP-OFJ6N53", "TimeCreated": "2024-10-04 22:02:51.997866+00:00", "RecordID": "144", "Level": "4", "UserID": "S-1-5-18"}
{"EventID": "2", "Channel": "Microsoft-Windows-Containers-BindFlt/Operational", "Provider_Name": "Microsoft-Windows-Containers-BindFlt", "Computer": "DESKTOP-OFJ6N53", "TimeCreated": "2024-10-08 20:25:29.975254+00:00", "RecordID": "145", "Level": "4", "UserID": "S-1-5-18"}
{"EventID": "2", "Channel": "Microsoft-Windows-Containers-BindFlt/Operational", "Provider_Name": "Microsoft-Windows-Containers-BindFlt", "Computer": "DESKTOP-OFJ6N53", "TimeCreated": "2024-11-13 14:45:13.559990+00:00", "RecordID": "146", "Level": "4", "UserID": "S-1-5-18"}
{"EventID": "2", "Channel": "Microsoft-Windows-Containers-BindFlt/Operational", "Provider_Name": "Microsoft-Windows-Containers-BindFlt", "Computer": "DESKTOP-OFJ6N53", "TimeCreated": "2024-12-03 10:23:58.237638+00:00", "RecordID": "147", "Level": "4", "UserID": "S-1-5-18"}
{"EventID": "2", "Channel": "Microsoft-Windows-Containers-BindFlt/Operational", "Provider_Name": "Microsoft-Windows-Containers-BindFlt", "Computer": "DESKTOP-OFJ6N53", "TimeCreated": "2024-12-08 16:52:22.094505+00:00", "RecordID": "148", "Level": "4", "UserID": "S-1-5-18"}
{"EventID": "2", "Channel": "Microsoft-Windows-Containers-BindFlt/Operational", "Provider_Name": "Microsoft-Windows-Containers-BindFlt", "Computer": "DESKTOP-OFJ6N53", "TimeCreated": "2024-12-11 15:06:14.897924+00:00", "RecordID": "149", "Level": "4", "UserID": "S-1-5-18"}
{"EventID": "2", "Channel": "Microsoft-Windows-Containers-BindFlt/Operational", "Provider_Name": "Microsoft-Windows-Containers-BindFlt", "Computer": "DESKTOP-OFJ6N53", "TimeCreated": "2024-12-23 14:10:02.180334+00:00", "RecordID": "150", "Level": "4", "UserID": "S-1-5-18"}
{"EventID": "2", "Channel": "Microsoft-Windows-Containers-BindFlt/Operational", "Provider_Name": "Microsoft-Windows-Containers-BindFlt", "Computer": "DESKTOP-OFJ6N53", "TimeCreated": "2025-01-09 14:55:17.929819+00:00", "RecordID": "151", "Level": "4", "UserID": "S-1-5-18"}
{"EventID": "2", "Channel": "Microsoft-Windows-Containers-BindFlt/Operational", "Provider_Name": "Microsoft-Windows-Containers-BindFlt", "Computer": "DESKTOP-OFJ6N53", "TimeCreated": "2025-01-14 23:22:37.092094+00:00", "RecordID": "152", "Level": "4", "UserID": "S-1-5-18"}
{"EventID": "2", "Channel": "Microsoft-Windows-Containers-BindFlt/Operational", "Provider_Name": "Microsoft-Windows-Containers-BindFlt", "Computer": "DESKTOP-OFJ6N53", "TimeCreated": "2025-01-24 12:03:22.412773+00:00", "RecordID": "153", "Level": "4", "UserID": "S-1-5-18"}
{"EventID": "2", "Channel": "Microsoft-Windows-Containers-BindFlt/Operational", "Provider_Name": "Microsoft-Windows-Containers-BindFlt", "Computer": "DESKTOP-OFJ6N53", "TimeCreated": "2025-02-05 14:02:01.645977+00:00", "RecordID": "154", "Level": "4", "UserID": "S-1-5-18"}
{"EventID": "2", "Channel": "Microsoft-Windows-Containers-BindFlt/Operational", "Provider_Name": "Microsoft-Windows-Containers-BindFlt", "Computer": "DESKTOP-OFJ6N53", "TimeCreated": "2025-02-12 14:54:30.664639+00:00", "RecordID": "155", "Level": "4", "UserID": "S-1-5-18"}
{"EventID": "2", "Channel": "Microsoft-Windows-Containers-BindFlt/Operational", "Provider_Name": "Microsoft-Windows-Containers-BindFlt", "Computer": "DESKTOP-OFJ6N53", "TimeCreated": "2025-03-07 15:04:04.578571+00:00", "RecordID": "156", "Level": "4", "UserID": "S-1-5-18"}
{"EventID": "2", "Channel": "Microsoft-Windows-Containers-BindFlt/Operational", "Provider_Name": "Microsoft-Windows-Containers-BindFlt", "Computer": "DESKTOP-OFJ6N53", "TimeCreated": "2025-03-11 20:17:05.953701+00:00", "RecordID": "157", "Level": "4", "UserID": "S-1-5-18"}
{"EventID": "2", "Channel": "Microsoft-Windows-Containers-BindFlt/Operational", "Provider_Name": "Microsoft-Windows-Containers-BindFlt", "Computer": "DESKTOP-OFJ6N53", "TimeCreated": "2025-04-01 16:03:30.761467+00:00", "RecordID": "158", "Level": "4", "UserID": "S-1-5-18"}
{"EventID": "2", "Channel": "Microsoft-Windows-Containers-BindFlt/Operational", "Provider_Name": "Microsoft-Windows-Containers-BindFlt", "Computer": "DESKTOP-OFJ6N53", "TimeCreated": "2025-04-02 09:18:21.422094+00:00", "RecordID": "159", "Level": "4", "UserID": "S-1-5-18"}
{"EventID": "2", "Channel": "Microsoft-Windows-Containers-BindFlt/Operational", "Provider_Name": "Microsoft-Windows-Containers-BindFlt", "Computer": "DESKTOP-OFJ6N53", "TimeCreated": "2025-04-02 09:31:33.020044+00:00", "RecordID": "160", "Level": "4", "UserID": "S-1-5-18"}
{"EventID": "2", "Channel": "Microsoft-Windows-Containers-BindFlt/Operational", "Provider_Name": "Microsoft-Windows-Containers-BindFlt", "Computer": "DESKTOP-OFJ6N53", "TimeCreated": "2025-04-02 09:57:41.125895+00:00", "RecordID": "161", "Level": "4", "UserID": "S-1-5-18"}
{"EventID": "2", "Channel": "Microsoft-Windows-Containers-BindFlt/Operational", "Provider_Name": "Microsoft-Windows-Containers-BindFlt", "Computer": "DESKTOP-OFJ6N53", "TimeCreated": "2025-04-02 10:08:25.650183+00:00", "RecordID": "162", "Level": "4", "UserID": "S-1-5-18"}
{"EventID": "2", "Channel": "Microsoft-Windows-Containers-BindFlt/Operational", "Provider_Name": "Microsoft-Windows-Containers-BindFlt", "Computer": "DESKTOP-OFJ6N53", "TimeCreated": "2025-04-02 10:11:53.120165+00:00", "RecordID": "163", "Level": "4", "UserID": "S-1-5-18"}
{"EventID": "2", "Channel": "Microsoft-Windows-Containers-BindFlt/Operational", "Provider_Name": "Microsoft-Windows-Containers-BindFlt", "Computer": "DESKTOP-OFJ6N53", "TimeCreated": "2025-04-02 10:16:17.997650+00:00", "RecordID": "164", "Level": "4", "UserID": "S-1-5-18"}
{"EventID": "2", "Channel": "Microsoft-Windows-Containers-BindFlt/Operational", "Provider_Name": "Microsoft-Windows-Containers-BindFlt", "Computer": "DESKTOP-OFJ6N53", "TimeCreated": "2025-04-02 10:34:05.756121+00:00", "RecordID": "165", "Level": "4", "UserID": "S-1-5-18"}
{"EventID": "2", "Channel": "Microsoft-Windows-Containers-BindFlt/Operational", "Provider_Name": "Microsoft-Windows-Containers-BindFlt", "Computer": "DESKTOP-OFJ6N53", "TimeCreated": "2025-04-09 14:35:39.929550+00:00", "RecordID": "166", "Level": "4", "UserID": "S-1-5-18"}
{"EventID": "2", "Channel": "Microsoft-Windows-Containers-BindFlt/Operational", "Provider_Name": "Microsoft-Windows-Containers-BindFlt", "Computer": "DESKTOP-OFJ6N53", "TimeCreated": "2025-04-23 00:40:21.888372+00:00", "RecordID": "167", "Level": "4", "UserID": "S-1-5-18"}
{"EventID": "2", "Channel": "Microsoft-Windows-Containers-BindFlt/Operational", "Provider_Name": "Microsoft-Windows-Containers-BindFlt", "Computer": "DESKTOP-OFJ6N53", "TimeCreated": "2025-05-14 14:42:07.455549+00:00", "RecordID": "168", "Level": "4", "UserID": "S-1-5-18"}
{"EventID": "2", "Channel": "Microsoft-Windows-Containers-BindFlt/Operational", "Provider_Name": "Microsoft-Windows-Containers-BindFlt", "Computer": "DESKTOP-OFJ6N53", "TimeCreated": "2025-06-11 14:45:40.871044+00:00", "RecordID": "169", "Level": "4", "UserID": "S-1-5-18"}
{"EventID": "2", "Channel": "Microsoft-Windows-Containers-BindFlt/Operational", "Provider_Name": "Microsoft-Windows-Containers-BindFlt", "Computer": "DESKTOP-OFJ6N53", "TimeCreated": "2025-07-07 12:49:25.850407+00:00", "RecordID": "170", "Level": "4", "UserID": "S-1-5-18"}
{"EventID": "2", "Channel": "Microsoft-Windows-Containers-BindFlt/Operational", "Provider_Name": "Microsoft-Windows-Containers-BindFlt", "Computer": "DESKTOP-OFJ6N53", "TimeCreated": "2025-07-09 14:39:50.614939+00:00", "RecordID": "171", "Level": "4", "UserID": "S-1-5-18"}
{"EventID": "2", "Channel": "Microsoft-Windows-Containers-BindFlt/Operational", "Provider_Name": "Microsoft-Windows-Containers-BindFlt", "Computer": "DESKTOP-OFJ6N53", "TimeCreated": "2025-07-24 21:29:44.855478+00:00", "RecordID": "172", "Level": "4", "UserID": "S-1-5-18"}
{"EventID": "2", "Channel": "Microsoft-Windows-Containers-BindFlt/Operational", "Provider_Name": "Microsoft-Windows-Containers-BindFlt", "Computer": "DESKTOP-OFJ6N53", "TimeCreated": "2025-07-31 08:03:33.591698+00:00", "RecordID": "173", "Level": "4", "UserID": "S-1-5-18"}
{"EventID": "2", "Channel": "Microsoft-Windows-Containers-BindFlt/Operational", "Provider_Name": "Microsoft-Windows-Containers-BindFlt", "Computer": "DESKTOP-OFJ6N53", "TimeCreated": "2025-08-12 12:17:37.561811+00:00", "RecordID": "174", "Level": "4", "UserID": "S-1-5-18"}
{"EventID": "2", "Channel": "Microsoft-Windows-Containers-BindFlt/Operational", "Provider_Name": "Microsoft-Windows-Containers-BindFlt", "Computer": "DESKTOP-OFJ6N53", "TimeCreated": "2025-08-13 14:39:58.165035+00:00", "RecordID": "175", "Level": "4", "UserID": "S-1-5-18"}
{"EventID": "2", "Channel": "Microsoft-Windows-Containers-BindFlt/Operational", "Provider_Name": "Microsoft-Windows-Containers-BindFlt", "Computer": "DESKTOP-OFJ6N53", "TimeCreated": "2025-08-19 07:18:53.428091+00:00", "RecordID": "176", "Level": "4", "UserID": "S-1-5-18"}
{"EventID": "2", "Channel": "Microsoft-Windows-Containers-BindFlt/Operational", "Provider_Name": "Microsoft-Windows-Containers-BindFlt", "Computer": "DESKTOP-OFJ6N53", "TimeCreated": "2025-08-19 07:44:20.505177+00:00", "RecordID": "177", "Level": "4", "UserID": "S-1-5-18"}
{"EventID": "2", "Channel": "Microsoft-Windows-Containers-BindFlt/Operational", "Provider_Name": "Microsoft-Windows-Containers-BindFlt", "Computer": "DESKTOP-OFJ6N53", "TimeCreated": "2025-08-22 12:58:28.383053+00:00", "RecordID": "178", "Level": "4", "UserID": "S-1-5-18"}
{"EventID": "2", "Channel": "Microsoft-Windows-Containers-BindFlt/Operational", "Provider_Name": "Microsoft-Windows-Containers-BindFlt", "Computer": "DESKTOP-OFJ6N53", "TimeCreated": "2025-08-23 20:33:21.147938+00:00", "RecordID": "179", "Level": "4", "UserID": "S-1-5-18"}
