{"EventID": "1002", "Channel": "Microsoft-Windows-Storsvc/Diagnostic", "Provider_Name": "Microsoft-Windows-Storsvc", "Computer": "DESKTOP-OFJ6N53", "TimeCreated": "2024-04-16 02:55:16.390303+00:00", "RecordID": "854", "Level": "4", "UserID": "S-1-5-18", "EventData.Version": "2", "EventData.Epoch": "4", "EventData.DiskIndex": "0", "EventData.TotalDisks": "1", "EventData.DiskNumber": "0", "EventData.VendorId": "VMware", "EventData.ProductId": "Virtual disk", "EventData.ProductRevision": "2.0", "EventData.SerialNumber": null, "EventData.ParentId": "PCI\\VEN_1000&DEV_0054&SUBSYS_197615AD&REV_01\\4&2509F6E&0&00A8", "EventData.FileSystem": "NTFS", "EventData.BusType": "10", "EventData.PartitionStyle": "1", "EventData.VolumeCount": "3", "EventData.ContainsRawVolumes": "False", "EventData.Size": "96636764160"}
{"EventID": "1002", "Channel": "Microsoft-Windows-Storsvc/Diagnostic", "Provider_Name": "Microsoft-Windows-Storsvc", "Computer": "DESKTOP-OFJ6N53", "TimeCreated": "2024-04-17 02:55:18.148907+00:00", "RecordID": "855", "Level": "4", "UserID": "S-1-5-18", "EventData.Version": "2", "EventData.Epoch": "5", "EventData.DiskIndex": "0", "EventData.TotalDisks": "1", "EventData.DiskNumber": "0", "EventData.VendorId": "VMware", "EventData.ProductId": "Virtual disk", "EventData.ProductRevision": "2.0", "EventData.SerialNumber": null, "EventData.ParentId": "PCI\\VEN_1000&DEV_0054&SUBSYS_197615AD&REV_01\\4&2509F6E&0&00A8", "EventData.FileSystem": "NTFS", "EventData.BusType": "10", "EventData.PartitionStyle": "1", "EventData.VolumeCount": "3", "EventData.ContainsRawVolumes": "False", "EventData.Size": "96636764160"}
{"EventID": "1002", "Channel": "Microsoft-Windows-Storsvc/Diagnostic", "Provider_Name": "Microsoft-Windows-Storsvc", "Computer": "DESKTOP-OFJ6N53", "TimeCreated": "2024-04-18 02:55:19.746788+00:00", "RecordID": "856", "Level": "4", "UserID": "S-1-5-18", "EventData.Version": "2", "EventData.Epoch": "6", "EventData.DiskIndex": "0", "EventData.TotalDisks": "1", "EventData.DiskNumber": "0", "EventData.VendorId": "VMware", "EventData.ProductId": "Virtual disk", "EventData.ProductRevision": "2.0", "EventData.SerialNumber": null, "EventData.ParentId": "PCI\\VEN_1000&DEV_0054&SUBSYS_197615AD&REV_01\\4&2509F6E&0&00A8", "EventData.FileSystem": "NTFS", "EventData.BusType": "10", "EventData.PartitionStyle": "1", "EventData.VolumeCount": "3", "EventData.ContainsRawVolumes": "False", "EventData.Size": "96636764160"}
{"EventID": "1002", "Channel": "Microsoft-Windows-Storsvc/Diagnostic", "Provider_Name": "Microsoft-Windows-Storsvc", "Computer": "DESKTOP-OFJ6N53", "TimeCreated": "2024-04-19 02:55:21.464880+00:00", "RecordID": "857", "Level": "4", "UserID": "S-1-5-18", "EventData.Version": "2", "EventData.Epoch": "7", "EventData.DiskIndex": "0", "EventData.TotalDisks": "1", "EventData.DiskNumber": "0", "EventData.VendorId": "VMware", "EventData.ProductId": "Virtual disk", "EventData.ProductRevision": "2.0", "EventData.SerialNumber": null, "EventData.ParentId": "PCI\\VEN_1000&DEV_0054&SUBSYS_197615AD&REV_01\\4&2509F6E&0&00A8", "EventData.FileSystem": "NTFS", "EventData.BusType": "10", "EventData.PartitionStyle": "1", "EventData.VolumeCount": "3", "EventData.ContainsRawVolumes": "False", "EventData.Size": "96636764160"}
{"EventID": "1002", "Channel": "Microsoft-Windows-Storsvc/Diagnostic", "Provider_Name": "Microsoft-Windows-Storsvc", "Computer": "DESKTOP-OFJ6N53", "TimeCreated": "2024-04-20 02:55:23.147551+00:00", "RecordID": "858", "Level": "4", "UserID": "S-1-5-18", "EventData.Version": "2", "EventData.Epoch": "8", "EventData.DiskIndex": "0", "EventData.TotalDisks": "1", "EventData.DiskNumber": "0", "EventData.VendorId": "VMware", "EventData.ProductId": "Virtual disk", "EventData.ProductRevision": "2.0", "EventData.SerialNumber": null, "EventData.ParentId": "PCI\\VEN_1000&DEV_0054&SUBSYS_197615AD&REV_01\\4&2509F6E&0&00A8", "EventData.FileSystem": "NTFS", "EventData.BusType": "10", "EventData.PartitionStyle": "1", "EventData.VolumeCount": "3", "EventData.ContainsRawVolumes": "False", "EventData.Size": "96636764160"}
{"EventID": "1002", "Channel": "Microsoft-Windows-Storsvc/Diagnostic", "Provider_Name": "Microsoft-Windows-Storsvc", "Computer": "DESKTOP-OFJ6N53", "TimeCreated": "2024-04-21 02:55:24.896458+00:00", "RecordID": "859", "Level": "4", "UserID": "S-1-5-18", "EventData.Version": "2", "EventData.Epoch": "9", "EventData.DiskIndex": "0", "EventData.TotalDisks": "1", "EventData.DiskNumber": "0", "EventData.VendorId": "VMware", "EventData.ProductId": "Virtual disk", "EventData.ProductRevision": "2.0", "EventData.SerialNumber": null, "EventData.ParentId": "PCI\\VEN_1000&DEV_0054&SUBSYS_197615AD&REV_01\\4&2509F6E&0&00A8", "EventData.FileSystem": "NTFS", "EventData.BusType": "10", "EventData.PartitionStyle": "1", "EventData.VolumeCount": "3", "EventData.ContainsRawVolumes": "False", "EventData.Size": "96636764160"}
{"EventID": "1002", "Channel": "Microsoft-Windows-Storsvc/Diagnostic", "Provider_Name": "Microsoft-Windows-Storsvc", "Computer": "DESKTOP-OFJ6N53", "TimeCreated": "2024-04-22 02:55:26.514446+00:00", "RecordID": "860", "Level": "4", "UserID": "S-1-5-18", "EventData.Version": "2", "EventData.Epoch": "10", "EventData.DiskIndex": "0", "EventData.TotalDisks": "1", "EventData.DiskNumber": "0", "EventData.VendorId": "VMware", "EventData.ProductId": "Virtual disk", "EventData.ProductRevision": "2.0", "EventData.SerialNumber": null, "EventData.ParentId": "PCI\\VEN_1000&DEV_0054&SUBSYS_197615AD&REV_01\\4&2509F6E&0&00A8", "EventData.FileSystem": "NTFS", "EventData.BusType": "10", "EventData.PartitionStyle": "1", "EventData.VolumeCount": "3", "EventData.ContainsRawVolumes": "False", "EventData.Size": "96636764160"}
{"EventID": "1002", "Channel": "Microsoft-Windows-Storsvc/Diagnostic", "Provider_Name": "Microsoft-Windows-Storsvc", "Computer": "DESKTOP-OFJ6N53", "TimeCreated": "2024-04-23 02:55:28.349438+00:00", "RecordID": "861", "Level": "4", "UserID": "S-1-5-18", "EventData.Version": "2", "EventData.Epoch": "11", "EventData.DiskIndex": "0", "EventData.TotalDisks": "1", "EventData.DiskNumber": "0", "EventData.VendorId": "VMware", "EventData.ProductId": "Virtual disk", "EventData.ProductRevision": "2.0", "EventData.SerialNumber": null, "EventData.ParentId": "PCI\\VEN_1000&DEV_0054&SUBSYS_197615AD&REV_01\\4&2509F6E&0&00A8", "EventData.FileSystem": "NTFS", "EventData.BusType": "10", "EventData.PartitionStyle": "1", "EventData.VolumeCount": "3", "EventData.ContainsRawVolumes": "False", "EventData.Size": "96636764160"}
{"EventID": "1002", "Channel": "Microsoft-Windows-Storsvc/Diagnostic", "Provider_Name": "Microsoft-Windows-Storsvc", "Computer": "DESKTOP-OFJ6N53", "TimeCreated": "2024-04-23 15:42:15.280752+00:00", "RecordID": "862", "Level": "4", "UserID": "S-1-5-18", "EventData.Version": "2", "EventData.Epoch": "0", "EventData.DiskIndex": "0", "EventData.TotalDisks": "1", "EventData.DiskNumber": "0", "EventData.VendorId": "VMware", "EventData.ProductId": "Virtual disk", "EventData.ProductRevision": "2.0", "EventData.SerialNumber": null, "EventData.ParentId": "PCI\\VEN_1000&DEV_0054&SUBSYS_197615AD&REV_01\\4&2509F6E&0&00A8", "EventData.FileSystem": "NTFS", "EventData.BusType": "10", "EventData.PartitionStyle": "1", "EventData.VolumeCount": "3", "EventData.ContainsRawVolumes": "False", "EventData.Size": "96636764160"}
{"EventID": "1002", "Channel": "Microsoft-Windows-Storsvc/Diagnostic", "Provider_Name": "Microsoft-Windows-Storsvc", "Computer": "DESKTOP-OFJ6N53", "TimeCreated": "2024-04-24 15:42:15.282707+00:00", "RecordID": "863", "Level": "4", "UserID": "S-1-5-18", "EventData.Version": "2", "EventData.Epoch": "1", "EventData.DiskIndex": "0", "EventData.TotalDisks": "1", "EventData.DiskNumber": "0", "EventData.VendorId": "VMware", "EventData.ProductId": "Virtual disk", "EventData.ProductRevision": "2.0", "EventData.SerialNumber": null, "EventData.ParentId": "PCI\\VEN_1000&DEV_0054&SUBSYS_197615AD&REV_01\\4&2509F6E&0&00A8", "EventData.FileSystem": "NTFS", "EventData.BusType": "10", "EventData.PartitionStyle": "1", "EventData.VolumeCount": "3", "EventData.ContainsRawVolumes": "False", "EventData.Size": "96636764160"}
{"EventID": "1002", "Channel": "Microsoft-Windows-Storsvc/Diagnostic", "Provider_Name": "Microsoft-Windows-Storsvc", "Computer": "DESKTOP-OFJ6N53", "TimeCreated": "2024-04-25 15:42:15.290670+00:00", "RecordID": "864", "Level": "4", "UserID": "S-1-5-18", "EventData.Version": "2", "EventData.Epoch": "2", "EventData.DiskIndex": "0", "EventData.TotalDisks": "1", "EventData.DiskNumber": "0", "EventData.VendorId": "VMware", "EventData.ProductId": "Virtual disk", "EventData.ProductRevision": "2.0", "EventData.SerialNumber": null, "EventData.ParentId": "PCI\\VEN_1000&DEV_0054&SUBSYS_197615AD&REV_01\\4&2509F6E&0&00A8", "EventData.FileSystem": "NTFS", "EventData.BusType": "10", "EventData.PartitionStyle": "1", "EventData.VolumeCount": "3", "EventData.ContainsRawVolumes": "False", "EventData.Size": "96636764160"}
{"EventID": "1003", "Channel": "Microsoft-Windows-Storsvc/Diagnostic", "Provider_Name": "Microsoft-Windows-Storsvc", "Computer": "DESKTOP-OFJ6N53", "TimeCreated": "2024-04-26 03:47:45.244402+00:00", "RecordID": "865", "Level": "4", "UserID": "S-1-5-18", "EventData.Version": "2", "EventData.PoliciesEnabled": "1,1,1,1,0,0,0,0,30,0,1,0", "EventData.StorageType": "0", "EventData.DeviceIndex": "0", "EventData.Flags": "8", "EventData.VolumeStatus": "0", "EventData.TargetSizeMB": "650", "EventData.CleanedBytes": "271341842,0,163930112,107411730,0,0,0,0,0,0,0,0", "EventData.CleanupSucceeded": "0,0,1,6,0,0,0,0,0,0,0,0", "EventData.CleanupFailed": "0,0,0,0,0,0,0,0,0,0,0,0", "EventData.TotalBytes": "95966453760", "EventData.FreeBytesBefore": "6285512704", "EventData.FreeBytesAfter": "6556901376", "EventData.StorageReserveBefore": "-1,-1,-1,1,3310518272,143360,160,1351389184,1511776256,1,0,0", "EventData.StorageReserveAfter": "-1,-1,-1,1,3310518272,143360,160,1351389184,871665664,1,0,0", "EventData.HR": "0", "EventData.HrReserveInit": "0", "EventData.IsLowStorage": "False"}
{"EventID": "1002", "Channel": "Microsoft-Windows-Storsvc/Diagnostic", "Provider_Name": "Microsoft-Windows-Storsvc", "Computer": "DESKTOP-OFJ6N53", "TimeCreated": "2024-04-26 15:42:15.293907+00:00", "RecordID": "866", "Level": "4", "UserID": "S-1-5-18", "EventData.Version": "2", "EventData.Epoch": "3", "EventData.DiskIndex": "0", "EventData.TotalDisks": "1", "EventData.DiskNumber": "0", "EventData.VendorId": "VMware", "EventData.ProductId": "Virtual disk", "EventData.ProductRevision": "2.0", "EventData.SerialNumber": null, "EventData.ParentId": "PCI\\VEN_1000&DEV_0054&SUBSYS_197615AD&REV_01\\4&2509F6E&0&00A8", "EventData.FileSystem": "NTFS", "EventData.BusType": "10", "EventData.PartitionStyle": "1", "EventData.VolumeCount": "3", "EventData.ContainsRawVolumes": "False", "EventData.Size": "96636764160"}
{"EventID": "1002", "Channel": "Microsoft-Windows-Storsvc/Diagnostic", "Provider_Name": "Microsoft-Windows-Storsvc", "Computer": "DESKTOP-OFJ6N53", "TimeCreated": "2024-04-27 15:42:15.290840+00:00", "RecordID": "867", "Level": "4", "UserID": "S-1-5-18", "EventData.Version": "2", "EventData.Epoch": "4", "EventData.DiskIndex": "0", "EventData.TotalDisks": "1", "EventData.DiskNumber": "0", "EventData.VendorId": "VMware", "EventData.ProductId": "Virtual disk", "EventData.ProductRevision": "2.0", "EventData.SerialNumber": null, "EventData.ParentId": "PCI\\VEN_1000&DEV_0054&SUBSYS_197615AD&REV_01\\4&2509F6E&0&00A8", "EventData.FileSystem": "NTFS", "EventData.BusType": "10", "EventData.PartitionStyle": "1", "EventData.VolumeCount": "3", "EventData.ContainsRawVolumes": "False", "EventData.Size": "96636764160"}
{"EventID": "1002", "Channel": "Microsoft-Windows-Storsvc/Diagnostic", "Provider_Name": "Microsoft-Windows-Storsvc", "Computer": "DESKTOP-OFJ6N53", "TimeCreated": "2024-04-28 15:42:15.294649+00:00", "RecordID": "868", "Level": "4", "UserID": "S-1-5-18", "EventData.Version": "2", "EventData.Epoch": "5", "EventData.DiskIndex": "0", "EventData.TotalDisks": "1", "EventData.DiskNumber": "0", "EventData.VendorId": "VMware", "EventData.ProductId": "Virtual disk", "EventData.ProductRevision": "2.0", "EventData.SerialNumber": null, "EventData.ParentId": "PCI\\VEN_1000&DEV_0054&SUBSYS_197615AD&REV_01\\4&2509F6E&0&00A8", "EventData.FileSystem": "NTFS", "EventData.BusType": "10", "EventData.PartitionStyle": "1", "EventData.VolumeCount": "3", "EventData.ContainsRawVolumes": "False", "EventData.Size": "96636764160"}
{"EventID": "1003", "Channel": "Microsoft-Windows-Storsvc/Diagnostic", "Provider_Name": "Microsoft-Windows-Storsvc", "Computer": "DESKTOP-OFJ6N53", "TimeCreated": "2024-04-29 14:47:23.785439+00:00", "RecordID": "869", "Level": "4", "UserID": "S-1-5-18", "EventData.Version": "2", "EventData.PoliciesEnabled": "1,1,1,1,0,0,0,0,30,0,1,0", "EventData.StorageType": "0", "EventData.DeviceIndex": "0", "EventData.Flags": "8", "EventData.VolumeStatus": "0", "EventData.TargetSizeMB": "1017", "EventData.CleanedBytes": "274432,0,274432,0,0,0,0,0,0,0,0,0", "EventData.CleanupSucceeded": "0,0,1,0,0,0,0,0,0,0,0,0", "EventData.CleanupFailed": "0,0,0,0,0,0,0,0,0,0,0,0", "EventData.TotalBytes": "95966453760", "EventData.FreeBytesBefore": "5901332480", "EventData.FreeBytesAfter": "5901606912", "EventData.StorageReserveBefore": "-1,-1,-1,1,3790237696,143360,160,871669760,887177216,1,0,0", "EventData.StorageReserveAfter": "-1,-1,-1,1,3790237696,143360,160,871669760,800043008,1,0,0", "EventData.HR": "0", "EventData.HrReserveInit": "0", "EventData.IsLowStorage": "True"}
{"EventID": "1002", "Channel": "Microsoft-Windows-Storsvc/Diagnostic", "Provider_Name": "Microsoft-Windows-Storsvc", "Computer": "DESKTOP-OFJ6N53", "TimeCreated": "2024-04-29 15:10:31.859213+00:00", "RecordID": "870", "Level": "4", "UserID": "S-1-5-18", "EventData.Version": "2", "EventData.Epoch": "0", "EventData.DiskIndex": "0", "EventData.TotalDisks": "1", "EventData.DiskNumber": "0", "EventData.VendorId": "VMware", "EventData.ProductId": "Virtual disk", "EventData.ProductRevision": "2.0", "EventData.SerialNumber": null, "EventData.ParentId": "PCI\\VEN_1000&DEV_0054&SUBSYS_197615AD&REV_01\\4&2509F6E&0&00A8", "EventData.FileSystem": "NTFS", "EventData.BusType": "10", "EventData.PartitionStyle": "1", "EventData.VolumeCount": "3", "EventData.ContainsRawVolumes": "False", "EventData.Size": "96636764160"}
{"EventID": "1002", "Channel": "Microsoft-Windows-Storsvc/Diagnostic", "Provider_Name": "Microsoft-Windows-Storsvc", "Computer": "DESKTOP-OFJ6N53", "TimeCreated": "2024-04-30 15:10:32.071674+00:00", "RecordID": "871", "Level": "4", "UserID": "S-1-5-18", "EventData.Version": "2", "EventData.Epoch": "1", "EventData.DiskIndex": "0", "EventData.TotalDisks": "1", "EventData.DiskNumber": "0", "EventData.VendorId": "VMware", "EventData.ProductId": "Virtual disk", "EventData.ProductRevision": "2.0", "EventData.SerialNumber": null, "EventData.ParentId": "PCI\\VEN_1000&DEV_0054&SUBSYS_197615AD&REV_01\\4&2509F6E&0&00A8", "EventData.FileSystem": "NTFS", "EventData.BusType": "10", "EventData.PartitionStyle": "1", "EventData.VolumeCount": "3", "EventData.ContainsRawVolumes": "False", "EventData.Size": "96636764160"}
{"EventID": "1002", "Channel": "Microsoft-Windows-Storsvc/Diagnostic", "Provider_Name": "Microsoft-Windows-Storsvc", "Computer": "DESKTOP-OFJ6N53", "TimeCreated": "2024-05-01 15:10:33.865456+00:00", "RecordID": "872", "Level": "4", "UserID": "S-1-5-18", "EventData.Version": "2", "EventData.Epoch": "2", "EventData.DiskIndex": "0", "EventData.TotalDisks": "1", "EventData.DiskNumber": "0", "EventData.VendorId": "VMware", "EventData.ProductId": "Virtual disk", "EventData.ProductRevision": "2.0", "EventData.SerialNumber": null, "EventData.ParentId": "PCI\\VEN_1000&DEV_0054&SUBSYS_197615AD&REV_01\\4&2509F6E&0&00A8", "EventData.FileSystem": "NTFS", "EventData.BusType": "10", "EventData.PartitionStyle": "1", "EventData.VolumeCount": "3", "EventData.ContainsRawVolumes": "False", "EventData.Size": "96636764160"}
{"EventID": "1002", "Channel": "Microsoft-Windows-Storsvc/Diagnostic", "Provider_Name": "Microsoft-Windows-Storsvc", "Computer": "DESKTOP-OFJ6N53", "TimeCreated": "2024-05-02 15:10:34.854334+00:00", "RecordID": "873", "Level": "4", "UserID": "S-1-5-18", "EventData.Version": "2", "EventData.Epoch": "3", "EventData.DiskIndex": "0", "EventData.TotalDisks": "1", "EventData.DiskNumber": "0", "EventData.VendorId": "VMware", "EventData.ProductId": "Virtual disk", "EventData.ProductRevision": "2.0", "EventData.SerialNumber": null, "EventData.ParentId": "PCI\\VEN_1000&DEV_0054&SUBSYS_197615AD&REV_01\\4&2509F6E&0&00A8", "EventData.FileSystem": "NTFS", "EventData.BusType": "10", "EventData.PartitionStyle": "1", "EventData.VolumeCount": "3", "EventData.ContainsRawVolumes": "False", "EventData.Size": "96636764160"}
{"EventID": "1002", "Channel": "Microsoft-Windows-Storsvc/Diagnostic", "Provider_Name": "Microsoft-Windows-Storsvc", "Computer": "DESKTOP-OFJ6N53", "TimeCreated": "2024-05-03 15:10:34.857281+00:00", "RecordID": "874", "Level": "4", "UserID": "S-1-5-18", "EventData.Version": "2", "EventData.Epoch": "4", "EventData.DiskIndex": "0", "EventData.TotalDisks": "1", "EventData.DiskNumber": "0", "EventData.VendorId": "VMware", "EventData.ProductId": "Virtual disk", "EventData.ProductRevision": "2.0", "EventData.SerialNumber": null, "EventData.ParentId": "PCI\\VEN_1000&DEV_0054&SUBSYS_197615AD&REV_01\\4&2509F6E&0&00A8", "EventData.FileSystem": "NTFS", "EventData.BusType": "10", "EventData.PartitionStyle": "1", "EventData.VolumeCount": "3", "EventData.ContainsRawVolumes": "False", "EventData.Size": "96636764160"}
{"EventID": "1002", "Channel": "Microsoft-Windows-Storsvc/Diagnostic", "Provider_Name": "Microsoft-Windows-Storsvc", "Computer": "DESKTOP-OFJ6N53", "TimeCreated": "2024-05-04 15:10:34.853411+00:00", "RecordID": "875", "Level": "4", "UserID": "S-1-5-18", "EventData.Version": "2", "EventData.Epoch": "5", "EventData.DiskIndex": "0", "EventData.TotalDisks": "1", "EventData.DiskNumber": "0", "EventData.VendorId": "VMware", "EventData.ProductId": "Virtual disk", "EventData.ProductRevision": "2.0", "EventData.SerialNumber": null, "EventData.ParentId": "PCI\\VEN_1000&DEV_0054&SUBSYS_197615AD&REV_01\\4&2509F6E&0&00A8", "EventData.FileSystem": "NTFS", "EventData.BusType": "10", "EventData.PartitionStyle": "1", "EventData.VolumeCount": "3", "EventData.ContainsRawVolumes": "False", "EventData.Size": "96636764160"}
{"EventID": "1002", "Channel": "Microsoft-Windows-Storsvc/Diagnostic", "Provider_Name": "Microsoft-Windows-Storsvc", "Computer": "DESKTOP-OFJ6N53", "TimeCreated": "2024-05-05 15:10:34.850187+00:00", "RecordID": "876", "Level": "4", "UserID": "S-1-5-18", "EventData.Version": "2", "EventData.Epoch": "6", "EventData.DiskIndex": "0", "EventData.TotalDisks": "1", "EventData.DiskNumber": "0", "EventData.VendorId": "VMware", "EventData.ProductId": "Virtual disk", "EventData.ProductRevision": "2.0", "EventData.SerialNumber": null, "EventData.ParentId": "PCI\\VEN_1000&DEV_0054&SUBSYS_197615AD&REV_01\\4&2509F6E&0&00A8", "EventData.FileSystem": "NTFS", "EventData.BusType": "10", "EventData.PartitionStyle": "1", "EventData.VolumeCount": "3", "EventData.ContainsRawVolumes": "False", "EventData.Size": "96636764160"}
{"EventID": "1002", "Channel": "Microsoft-Windows-Storsvc/Diagnostic", "Provider_Name": "Microsoft-Windows-Storsvc", "Computer": "DESKTOP-OFJ6N53", "TimeCreated": "2024-05-06 15:10:34.851889+00:00", "RecordID": "877", "Level": "4", "UserID": "S-1-5-18", "EventData.Version": "2", "EventData.Epoch": "7", "EventData.DiskIndex": "0", "EventData.TotalDisks": "1", "EventData.DiskNumber": "0", "EventData.VendorId": "VMware", "EventData.ProductId": "Virtual disk", "EventData.ProductRevision": "2.0", "EventData.SerialNumber": null, "EventData.ParentId": "PCI\\VEN_1000&DEV_0054&SUBSYS_197615AD&REV_01\\4&2509F6E&0&00A8", "EventData.FileSystem": "NTFS", "EventData.BusType": "10", "EventData.PartitionStyle": "1", "EventData.VolumeCount": "3", "EventData.ContainsRawVolumes": "False", "EventData.Size": "96636764160"}
{"EventID": "1002", "Channel": "Microsoft-Windows-Storsvc/Diagnostic", "Provider_Name": "Microsoft-Windows-Storsvc", "Computer": "DESKTOP-OFJ6N53", "TimeCreated": "2024-05-07 15:10:34.858507+00:00", "RecordID": "878", "Level": "4", "UserID": "S-1-5-18", "EventData.Version": "2", "EventData.Epoch": "8", "EventData.DiskIndex": "0", "EventData.TotalDisks": "1", "EventData.DiskNumber": "0", "EventData.VendorId": "VMware", "EventData.ProductId": "Virtual disk", "EventData.ProductRevision": "2.0", "EventData.SerialNumber": null, "EventData.ParentId": "PCI\\VEN_1000&DEV_0054&SUBSYS_197615AD&REV_01\\4&2509F6E&0&00A8", "EventData.FileSystem": "NTFS", "EventData.BusType": "10", "EventData.PartitionStyle": "1", "EventData.VolumeCount": "3", "EventData.ContainsRawVolumes": "False", "EventData.Size": "96636764160"}
{"EventID": "1003", "Channel": "Microsoft-Windows-Storsvc/Diagnostic", "Provider_Name": "Microsoft-Windows-Storsvc", "Computer": "DESKTOP-OFJ6N53", "TimeCreated": "2024-05-08 09:52:45.209524+00:00", "RecordID": "879", "Level": "4", "UserID": "S-1-5-18", "EventData.Version": "2", "EventData.PoliciesEnabled": "1,1,1,1,0,0,0,0,30,0,1,0", "EventData.StorageType": "0", "EventData.DeviceIndex": "0", "EventData.Flags": "8", "EventData.VolumeStatus": "0", "EventData.TargetSizeMB": "1008", "EventData.CleanedBytes": "221659136,0,221659136,0,0,0,0,0,0,0,0,0", "EventData.CleanupSucceeded": "0,0,1,0,0,0,0,0,0,0,0,0", "EventData.CleanupFailed": "0,0,0,0,0,0,0,0,0,0,0,0", "EventData.TotalBytes": "95966453760", "EventData.FreeBytesBefore": "5910409216", "EventData.FreeBytesAfter": "6132068352", "EventData.StorageReserveBefore": "-1,-1,-1,1,5473083392,143360,160,1554591744,829124608,1,0,0", "EventData.StorageReserveAfter": "-1,-1,-1,1,5473083392,143360,160,1554591744,819134464,1,0,0", "EventData.HR": "0", "EventData.HrReserveInit": "0", "EventData.IsLowStorage": "True"}
{"EventID": "1002", "Channel": "Microsoft-Windows-Storsvc/Diagnostic", "Provider_Name": "Microsoft-Windows-Storsvc", "Computer": "DESKTOP-OFJ6N53", "TimeCreated": "2024-05-08 15:10:40.967138+00:00", "RecordID": "880", "Level": "4", "UserID": "S-1-5-18", "EventData.Version": "2", "EventData.Epoch": "9", "EventData.DiskIndex": "0", "EventData.TotalDisks": "1", "EventData.DiskNumber": "0", "EventData.VendorId": "VMware", "EventData.ProductId": "Virtual disk", "EventData.ProductRevision": "2.0", "EventData.SerialNumber": null, "EventData.ParentId": "PCI\\VEN_1000&DEV_0054&SUBSYS_197615AD&REV_01\\4&2509F6E&0&00A8", "EventData.FileSystem": "NTFS", "EventData.BusType": "10", "EventData.PartitionStyle": "1", "EventData.VolumeCount": "3", "EventData.ContainsRawVolumes": "False", "EventData.Size": "96636764160"}
{"EventID": "1003", "Channel": "Microsoft-Windows-Storsvc/Diagnostic", "Provider_Name": "Microsoft-Windows-Storsvc", "Computer": "DESKTOP-OFJ6N53", "TimeCreated": "2024-05-08 23:23:46.014826+00:00", "RecordID": "881", "Level": "4", "UserID": "S-1-5-18", "EventData.Version": "2", "EventData.PoliciesEnabled": "1,1,1,1,0,0,0,0,30,0,1,0", "EventData.StorageType": "0", "EventData.DeviceIndex": "0", "EventData.Flags": "8", "EventData.VolumeStatus": "0", "EventData.TargetSizeMB": "949", "EventData.CleanedBytes": "0,0,0,0,0,0,0,0,0,0,0,0", "EventData.CleanupSucceeded": "0,0,1,0,0,0,0,0,0,0,0,0", "EventData.CleanupFailed": "0,0,0,0,0,0,0,0,0,0,0,0", "EventData.TotalBytes": "95966453760", "EventData.FreeBytesBefore": "5972164608", "EventData.FreeBytesAfter": "5971767296", "EventData.StorageReserveBefore": "-1,-1,-1,1,5473083392,143360,160,1554591744,896692224,1,0,0", "EventData.StorageReserveAfter": "-1,-1,-1,1,5473083392,143360,160,1554591744,821645312,1,0,0", "EventData.HR": "0", "EventData.HrReserveInit": "0", "EventData.IsLowStorage": "True"}
{"EventID": "1003", "Channel": "Microsoft-Windows-Storsvc/Diagnostic", "Provider_Name": "Microsoft-Windows-Storsvc", "Computer": "DESKTOP-OFJ6N53", "TimeCreated": "2024-05-09 05:32:38.356323+00:00", "RecordID": "882", "Level": "4", "UserID": "S-1-5-18", "EventData.Version": "2", "EventData.PoliciesEnabled": "1,1,1,1,0,0,0,0,30,0,1,0", "EventData.StorageType": "0", "EventData.DeviceIndex": "0", "EventData.Flags": "8", "EventData.VolumeStatus": "0", "EventData.TargetSizeMB": "946", "EventData.CleanedBytes": "0,0,0,0,0,0,0,0,0,0,0,0", "EventData.CleanupSucceeded": "0,0,1,0,0,0,0,0,0,0,0,0", "EventData.CleanupFailed": "0,0,0,0,0,0,0,0,0,0,0,0", "EventData.TotalBytes": "95966453760", "EventData.FreeBytesBefore": "5975236608", "EventData.FreeBytesAfter": "5974974464", "EventData.StorageReserveBefore": "-1,-1,-1,1,5473083392,143360,160,1554591744,821846016,1,0,0", "EventData.StorageReserveAfter": "-1,-1,-1,1,5473083392,143360,160,1554591744,821792768,1,0,0", "EventData.HR": "0", "EventData.HrReserveInit": "0", "EventData.IsLowStorage": "True"}
{"EventID": "1003", "Channel": "Microsoft-Windows-Storsvc/Diagnostic", "Provider_Name": "Microsoft-Windows-Storsvc", "Computer": "DESKTOP-OFJ6N53", "TimeCreated": "2024-05-09 11:42:16.627613+00:00", "RecordID": "883", "Level": "4", "UserID": "S-1-5-18", "EventData.Version": "2", "EventData.PoliciesEnabled": "1,1,1,1,0,0,0,0,30,0,1,0", "EventData.StorageType": "0", "EventData.DeviceIndex": "0", "EventData.Flags": "8", "EventData.VolumeStatus": "0", "EventData.TargetSizeMB": "945", "EventData.CleanedBytes": "4624384,0,4624384,0,0,0,0,0,0,0,0,0", "EventData.CleanupSucceeded": "0,0,1,0,0,0,0,0,0,0,0,0", "EventData.CleanupFailed": "0,0,0,0,0,0,0,0,0,0,0,0", "EventData.TotalBytes": "95966453760", "EventData.FreeBytesBefore": "5976535040", "EventData.FreeBytesAfter": "5981159424", "EventData.StorageReserveBefore": "-1,-1,-1,1,5473083392,143360,160,1554591744,822423552,1,0,0", "EventData.StorageReserveAfter": "-1,-1,-1,1,5473083392,143360,160,1554591744,822394880,1,0,0", "EventData.HR": "0", "EventData.HrReserveInit": "0", "EventData.IsLowStorage": "True"}
{"EventID": "1002", "Channel": "Microsoft-Windows-Storsvc/Diagnostic", "Provider_Name": "Microsoft-Windows-Storsvc", "Computer": "DESKTOP-OFJ6N53", "TimeCreated": "2024-05-09 15:10:42.020479+00:00", "RecordID": "884", "Level": "4", "UserID": "S-1-5-18", "EventData.Version": "2", "EventData.Epoch": "10", "EventData.DiskIndex": "0", "EventData.TotalDisks": "1", "EventData.DiskNumber": "0", "EventData.VendorId": "VMware", "EventData.ProductId": "Virtual disk", "EventData.ProductRevision": "2.0", "EventData.SerialNumber": null, "EventData.ParentId": "PCI\\VEN_1000&DEV_0054&SUBSYS_197615AD&REV_01\\4&2509F6E&0&00A8", "EventData.FileSystem": "NTFS", "EventData.BusType": "10", "EventData.PartitionStyle": "1", "EventData.VolumeCount": "3", "EventData.ContainsRawVolumes": "False", "EventData.Size": "96636764160"}
{"EventID": "1003", "Channel": "Microsoft-Windows-Storsvc/Diagnostic", "Provider_Name": "Microsoft-Windows-Storsvc", "Computer": "DESKTOP-OFJ6N53", "TimeCreated": "2024-05-09 17:53:51.974188+00:00", "RecordID": "885", "Level": "4", "UserID": "S-1-5-18", "EventData.Version": "2", "EventData.PoliciesEnabled": "1,1,1,1,0,0,0,0,30,0,1,0", "EventData.StorageType": "0", "EventData.DeviceIndex": "0", "EventData.Flags": "8", "EventData.VolumeStatus": "0", "EventData.TargetSizeMB": "981", "EventData.CleanedBytes": "221184,0,221184,0,0,0,0,0,0,0,0,0", "EventData.CleanupSucceeded": "0,0,1,0,0,0,0,0,0,0,0,0", "EventData.CleanupFailed": "0,0,0,0,0,0,0,0,0,0,0,0", "EventData.TotalBytes": "95966453760", "EventData.FreeBytesBefore": "5938708480", "EventData.FreeBytesAfter": "5938929664", "EventData.StorageReserveBefore": "-1,-1,-1,1,5473083392,143360,160,1554591744,823136256,1,0,0", "EventData.StorageReserveAfter": "-1,-1,-1,1,5473083392,143360,160,1554591744,799604736,1,0,0", "EventData.HR": "0", "EventData.HrReserveInit": "0", "EventData.IsLowStorage": "True"}
{"EventID": "1003", "Channel": "Microsoft-Windows-Storsvc/Diagnostic", "Provider_Name": "Microsoft-Windows-Storsvc", "Computer": "DESKTOP-OFJ6N53", "TimeCreated": "2024-05-10 00:03:40.665543+00:00", "RecordID": "886", "Level": "4", "UserID": "S-1-5-18", "EventData.Version": "2", "EventData.PoliciesEnabled": "1,1,1,1,0,0,0,0,30,0,1,0", "EventData.StorageType": "0", "EventData.DeviceIndex": "0", "EventData.Flags": "8", "EventData.VolumeStatus": "0", "EventData.TargetSizeMB": "982", "EventData.CleanedBytes": "0,0,0,0,0,0,0,0,0,0,0,0", "EventData.CleanupSucceeded": "0,0,1,0,0,0,0,0,0,0,0,0", "EventData.CleanupFailed": "0,0,0,0,0,0,0,0,0,0,0,0", "EventData.TotalBytes": "95966453760", "EventData.FreeBytesBefore": "5937569792", "EventData.FreeBytesAfter": "5937463296", "EventData.StorageReserveBefore": "-1,-1,-1,1,5473083392,143360,160,1554591744,801968128,1,0,0", "EventData.StorageReserveAfter": "-1,-1,-1,1,5473083392,143360,160,1554591744,801996800,1,0,0", "EventData.HR": "0", "EventData.HrReserveInit": "0", "EventData.IsLowStorage": "True"}
{"EventID": "1003", "Channel": "Microsoft-Windows-Storsvc/Diagnostic", "Provider_Name": "Microsoft-Windows-Storsvc", "Computer": "DESKTOP-OFJ6N53", "TimeCreated": "2024-05-10 06:12:49.979368+00:00", "RecordID": "887", "Level": "4", "UserID": "S-1-5-18", "EventData.Version": "2", "EventData.PoliciesEnabled": "1,1,1,1,0,0,0,0,30,0,1,0", "EventData.StorageType": "0", "EventData.DeviceIndex": "0", "EventData.Flags": "8", "EventData.VolumeStatus": "0", "EventData.TargetSizeMB": "979", "EventData.CleanedBytes": "0,0,0,0,0,0,0,0,0,0,0,0", "EventData.CleanupSucceeded": "0,0,1,0,0,0,0,0,0,0,0,0", "EventData.CleanupFailed": "0,0,0,0,0,0,0,0,0,0,0,0", "EventData.TotalBytes": "95966453760", "EventData.FreeBytesBefore": "5940969472", "EventData.FreeBytesAfter": "5940719616", "EventData.StorageReserveBefore": "-1,-1,-1,1,5473083392,143360,160,1554591744,802455552,1,0,0", "EventData.StorageReserveAfter": "-1,-1,-1,1,5473083392,143360,160,1554591744,802488320,1,0,0", "EventData.HR": "0", "EventData.HrReserveInit": "0", "EventData.IsLowStorage": "True"}
{"EventID": "1003", "Channel": "Microsoft-Windows-Storsvc/Diagnostic", "Provider_Name": "Microsoft-Windows-Storsvc", "Computer": "DESKTOP-OFJ6N53", "TimeCreated": "2024-05-10 12:23:24.065878+00:00", "RecordID": "888", "Level": "4", "UserID": "S-1-5-18", "EventData.Version": "2", "EventData.PoliciesEnabled": "1,1,1,1,0,0,0,0,30,0,1,0", "EventData.StorageType": "0", "EventData.DeviceIndex": "0", "EventData.Flags": "8", "EventData.VolumeStatus": "0", "EventData.TargetSizeMB": "980", "EventData.CleanedBytes": "13144064,0,13144064,0,0,0,0,0,0,0,0,0", "EventData.CleanupSucceeded": "0,0,1,0,0,0,0,0,0,0,0,0", "EventData.CleanupFailed": "0,0,0,0,0,0,0,0,0,0,0,0", "EventData.TotalBytes": "95966453760", "EventData.FreeBytesBefore": "5939548160", "EventData.FreeBytesAfter": "5952692224", "EventData.StorageReserveBefore": "-1,-1,-1,1,5473083392,143360,160,1554591744,802914304,1,0,0", "EventData.StorageReserveAfter": "-1,-1,-1,1,5473083392,143360,160,1554591744,802938880,1,0,0", "EventData.HR": "0", "EventData.HrReserveInit": "0", "EventData.IsLowStorage": "True"}
{"EventID": "1002", "Channel": "Microsoft-Windows-Storsvc/Diagnostic", "Provider_Name": "Microsoft-Windows-Storsvc", "Computer": "DESKTOP-OFJ6N53", "TimeCreated": "2024-05-10 15:10:43.028084+00:00", "RecordID": "889", "Level": "4", "UserID": "S-1-5-18", "EventData.Version": "2", "EventData.Epoch": "11", "EventData.DiskIndex": "0", "EventData.TotalDisks": "1", "EventData.DiskNumber": "0", "EventData.VendorId": "VMware", "EventData.ProductId": "Virtual disk", "EventData.ProductRevision": "2.0", "EventData.SerialNumber": null, "EventData.ParentId": "PCI\\VEN_1000&DEV_0054&SUBSYS_197615AD&REV_01\\4&2509F6E&0&00A8", "EventData.FileSystem": "NTFS", "EventData.BusType": "10", "EventData.PartitionStyle": "1", "EventData.VolumeCount": "3", "EventData.ContainsRawVolumes": "False", "EventData.Size": "96636764160"}
{"EventID": "1003", "Channel": "Microsoft-Windows-Storsvc/Diagnostic", "Provider_Name": "Microsoft-Windows-Storsvc", "Computer": "DESKTOP-OFJ6N53", "TimeCreated": "2024-05-10 18:34:25.108501+00:00", "RecordID": "890", "Level": "4", "UserID": "S-1-5-18", "EventData.Version": "2", "EventData.PoliciesEnabled": "1,1,1,1,0,0,0,0,30,0,1,0", "EventData.StorageType": "0", "EventData.DeviceIndex": "0", "EventData.Flags": "8", "EventData.VolumeStatus": "0", "EventData.TargetSizeMB": "667", "EventData.CleanedBytes": "0,0,0,0,0,0,0,0,0,0,0,0", "EventData.CleanupSucceeded": "0,0,1,0,0,0,0,0,0,0,0,0", "EventData.CleanupFailed": "0,0,0,0,0,0,0,0,0,0,0,0", "EventData.TotalBytes": "95966453760", "EventData.FreeBytesBefore": "6267703296", "EventData.FreeBytesAfter": "6267617280", "EventData.StorageReserveBefore": "-1,-1,-1,1,5473083392,143360,160,1554591744,803680256,1,0,0", "EventData.StorageReserveAfter": "-1,-1,-1,1,5473083392,143360,160,1554591744,814178304,1,0,0", "EventData.HR": "0", "EventData.HrReserveInit": "0", "EventData.IsLowStorage": "False"}
{"EventID": "1003", "Channel": "Microsoft-Windows-Storsvc/Diagnostic", "Provider_Name": "Microsoft-Windows-Storsvc", "Computer": "DESKTOP-OFJ6N53", "TimeCreated": "2024-05-11 00:41:39.899097+00:00", "RecordID": "891", "Level": "4", "UserID": "S-1-5-18", "EventData.Version": "2", "EventData.PoliciesEnabled": "1,1,1,1,0,0,0,0,30,0,1,0", "EventData.StorageType": "0", "EventData.DeviceIndex": "0", "EventData.Flags": "8", "EventData.VolumeStatus": "0", "EventData.TargetSizeMB": "649", "EventData.CleanedBytes": "0,0,0,0,0,0,0,0,0,0,0,0", "EventData.CleanupSucceeded": "0,0,1,0,0,0,0,0,0,0,0,0", "EventData.CleanupFailed": "0,0,0,0,0,0,0,0,0,0,0,0", "EventData.TotalBytes": "95966453760", "EventData.FreeBytesBefore": "6286589952", "EventData.FreeBytesAfter": "6286336000", "EventData.StorageReserveBefore": "-1,-1,-1,1,5473083392,143360,160,1554591744,803995648,1,0,0", "EventData.StorageReserveAfter": "-1,-1,-1,1,5473083392,143360,160,1554591744,804024320,1,0,0", "EventData.HR": "0", "EventData.HrReserveInit": "0", "EventData.IsLowStorage": "False"}
{"EventID": "1003", "Channel": "Microsoft-Windows-Storsvc/Diagnostic", "Provider_Name": "Microsoft-Windows-Storsvc", "Computer": "DESKTOP-OFJ6N53", "TimeCreated": "2024-05-11 06:51:41.083996+00:00", "RecordID": "892", "Level": "4", "UserID": "S-1-5-18", "EventData.Version": "2", "EventData.PoliciesEnabled": "1,1,1,1,0,0,0,0,30,0,1,0", "EventData.StorageType": "0", "EventData.DeviceIndex": "0", "EventData.Flags": "8", "EventData.VolumeStatus": "0", "EventData.TargetSizeMB": "666", "EventData.CleanedBytes": "0,0,0,0,0,0,0,0,0,0,0,0", "EventData.CleanupSucceeded": "0,0,1,0,0,0,0,0,0,0,0,0", "EventData.CleanupFailed": "0,0,0,0,0,0,0,0,0,0,0,0", "EventData.TotalBytes": "95966453760", "EventData.FreeBytesBefore": "6268960768", "EventData.FreeBytesAfter": "6268870656", "EventData.StorageReserveBefore": "-1,-1,-1,1,5473083392,143360,160,1554591744,804225024,1,0,0", "EventData.StorageReserveAfter": "-1,-1,-1,1,5473083392,143360,160,1554591744,804245504,1,0,0", "EventData.HR": "0", "EventData.HrReserveInit": "0", "EventData.IsLowStorage": "False"}
{"EventID": "1003", "Channel": "Microsoft-Windows-Storsvc/Diagnostic", "Provider_Name": "Microsoft-Windows-Storsvc", "Computer": "DESKTOP-OFJ6N53", "TimeCreated": "2024-05-11 13:01:52.537251+00:00", "RecordID": "893", "Level": "4", "UserID": "S-1-5-18", "EventData.Version": "2", "EventData.PoliciesEnabled": "1,1,1,1,0,0,0,0,30,0,1,0", "EventData.StorageType": "0", "EventData.DeviceIndex": "0", "EventData.Flags": "8", "EventData.VolumeStatus": "0", "EventData.TargetSizeMB": "659", "EventData.CleanedBytes": "0,0,0,0,0,0,0,0,0,0,0,0", "EventData.CleanupSucceeded": "0,0,1,0,0,0,0,0,0,0,0,0", "EventData.CleanupFailed": "0,0,0,0,0,0,0,0,0,0,0,0", "EventData.TotalBytes": "95966453760", "EventData.FreeBytesBefore": "6276128768", "EventData.FreeBytesAfter": "6276067328", "EventData.StorageReserveBefore": "-1,-1,-1,1,5473083392,143360,160,1554591744,805408768,1,0,0", "EventData.StorageReserveAfter": "-1,-1,-1,1,5473083392,143360,160,1554591744,805433344,1,0,0", "EventData.HR": "0", "EventData.HrReserveInit": "0", "EventData.IsLowStorage": "False"}
{"EventID": "1002", "Channel": "Microsoft-Windows-Storsvc/Diagnostic", "Provider_Name": "Microsoft-Windows-Storsvc", "Computer": "DESKTOP-OFJ6N53", "TimeCreated": "2024-05-11 15:10:44.097181+00:00", "RecordID": "894", "Level": "4", "UserID": "S-1-5-18", "EventData.Version": "2", "EventData.Epoch": "12", "EventData.DiskIndex": "0", "EventData.TotalDisks": "1", "EventData.DiskNumber": "0", "EventData.VendorId": "VMware", "EventData.ProductId": "Virtual disk", "EventData.ProductRevision": "2.0", "EventData.SerialNumber": null, "EventData.ParentId": "PCI\\VEN_1000&DEV_0054&SUBSYS_197615AD&REV_01\\4&2509F6E&0&00A8", "EventData.FileSystem": "NTFS", "EventData.BusType": "10", "EventData.PartitionStyle": "1", "EventData.VolumeCount": "3", "EventData.ContainsRawVolumes": "False", "EventData.Size": "96636764160"}
{"EventID": "1003", "Channel": "Microsoft-Windows-Storsvc/Diagnostic", "Provider_Name": "Microsoft-Windows-Storsvc", "Computer": "DESKTOP-OFJ6N53", "TimeCreated": "2024-05-11 19:11:46.899426+00:00", "RecordID": "895", "Level": "4", "UserID": "S-1-5-18", "EventData.Version": "2", "EventData.PoliciesEnabled": "1,1,1,1,0,0,0,0,30,0,1,0", "EventData.StorageType": "0", "EventData.DeviceIndex": "0", "EventData.Flags": "8", "EventData.VolumeStatus": "0", "EventData.TargetSizeMB": "673", "EventData.CleanedBytes": "0,0,0,0,0,0,0,0,0,0,0,0", "EventData.CleanupSucceeded": "0,0,1,0,0,0,0,0,0,0,0,0", "EventData.CleanupFailed": "0,0,0,0,0,0,0,0,0,0,0,0", "EventData.TotalBytes": "95966453760", "EventData.FreeBytesBefore": "6261243904", "EventData.FreeBytesAfter": "6260846592", "EventData.StorageReserveBefore": "-1,-1,-1,1,5473083392,143360,160,1554591744,874090496,1,0,0", "EventData.StorageReserveAfter": "-1,-1,-1,1,5473083392,143360,160,1554591744,806313984,1,0,0", "EventData.HR": "0", "EventData.HrReserveInit": "0", "EventData.IsLowStorage": "False"}
{"EventID": "1003", "Channel": "Microsoft-Windows-Storsvc/Diagnostic", "Provider_Name": "Microsoft-Windows-Storsvc", "Computer": "DESKTOP-OFJ6N53", "TimeCreated": "2024-05-12 01:21:46.122299+00:00", "RecordID": "896", "Level": "4", "UserID": "S-1-5-18", "EventData.Version": "2", "EventData.PoliciesEnabled": "1,1,1,1,0,0,0,0,30,0,1,0", "EventData.StorageType": "0", "EventData.DeviceIndex": "0", "EventData.Flags": "8", "EventData.VolumeStatus": "0", "EventData.TargetSizeMB": "670", "EventData.CleanedBytes": "155648,0,155648,0,0,0,0,0,0,0,0,0", "EventData.CleanupSucceeded": "0,0,1,0,0,0,0,0,0,0,0,0", "EventData.CleanupFailed": "0,0,0,0,0,0,0,0,0,0,0,0", "EventData.TotalBytes": "95966453760", "EventData.FreeBytesBefore": "6264610816", "EventData.FreeBytesAfter": "6264766464", "EventData.StorageReserveBefore": "-1,-1,-1,1,5473083392,143360,160,1554591744,806445056,1,0,0", "EventData.StorageReserveAfter": "-1,-1,-1,1,5473083392,143360,160,1554591744,806469632,1,0,0", "EventData.HR": "0", "EventData.HrReserveInit": "0", "EventData.IsLowStorage": "False"}
{"EventID": "1003", "Channel": "Microsoft-Windows-Storsvc/Diagnostic", "Provider_Name": "Microsoft-Windows-Storsvc", "Computer": "DESKTOP-OFJ6N53", "TimeCreated": "2024-05-12 07:31:47.621214+00:00", "RecordID": "897", "Level": "4", "UserID": "S-1-5-18", "EventData.Version": "2", "EventData.PoliciesEnabled": "1,1,1,1,0,0,0,0,30,0,1,0", "EventData.StorageType": "0", "EventData.DeviceIndex": "0", "EventData.Flags": "8", "EventData.VolumeStatus": "0", "EventData.TargetSizeMB": "1235", "EventData.CleanedBytes": "0,0,0,0,0,0,0,0,0,0,0,0", "EventData.CleanupSucceeded": "0,0,1,0,0,0,0,0,0,0,0,0", "EventData.CleanupFailed": "0,0,0,0,0,0,0,0,0,0,0,0", "EventData.TotalBytes": "95966453760", "EventData.FreeBytesBefore": "5672632320", "EventData.FreeBytesAfter": "5672607744", "EventData.StorageReserveBefore": "-1,-1,-1,1,5473083392,143360,160,1554591744,806703104,1,0,0", "EventData.StorageReserveAfter": "-1,-1,-1,1,5473083392,143360,160,1554591744,806727680,1,0,0", "EventData.HR": "0", "EventData.HrReserveInit": "0", "EventData.IsLowStorage": "True"}
{"EventID": "1003", "Channel": "Microsoft-Windows-Storsvc/Diagnostic", "Provider_Name": "Microsoft-Windows-Storsvc", "Computer": "DESKTOP-OFJ6N53", "TimeCreated": "2024-05-12 13:42:03.027328+00:00", "RecordID": "898", "Level": "4", "UserID": "S-1-5-18", "EventData.Version": "2", "EventData.PoliciesEnabled": "1,1,1,1,0,0,0,0,30,0,1,0", "EventData.StorageType": "0", "EventData.DeviceIndex": "0", "EventData.Flags": "8", "EventData.VolumeStatus": "0", "EventData.TargetSizeMB": "1228", "EventData.CleanedBytes": "0,0,0,0,0,0,0,0,0,0,0,0", "EventData.CleanupSucceeded": "0,0,1,0,0,0,0,0,0,0,0,0", "EventData.CleanupFailed": "0,0,0,0,0,0,0,0,0,0,0,0", "EventData.TotalBytes": "95966453760", "EventData.FreeBytesBefore": "5679312896", "EventData.FreeBytesAfter": "5679259648", "EventData.StorageReserveBefore": "-1,-1,-1,1,5473083392,143360,160,1554591744,807424000,1,0,0", "EventData.StorageReserveAfter": "-1,-1,-1,1,5473083392,143360,160,1554591744,807452672,1,0,0", "EventData.HR": "0", "EventData.HrReserveInit": "0", "EventData.IsLowStorage": "True"}
{"EventID": "1002", "Channel": "Microsoft-Windows-Storsvc/Diagnostic", "Provider_Name": "Microsoft-Windows-Storsvc", "Computer": "DESKTOP-OFJ6N53", "TimeCreated": "2024-05-12 15:10:45.037525+00:00", "RecordID": "899", "Level": "4", "UserID": "S-1-5-18", "EventData.Version": "2", "EventData.Epoch": "13", "EventData.DiskIndex": "0", "EventData.TotalDisks": "1", "EventData.DiskNumber": "0", "EventData.VendorId": "VMware", "EventData.ProductId": "Virtual disk", "EventData.ProductRevision": "2.0", "EventData.SerialNumber": null, "EventData.ParentId": "PCI\\VEN_1000&DEV_0054&SUBSYS_197615AD&REV_01\\4&2509F6E&0&00A8", "EventData.FileSystem": "NTFS", "EventData.BusType": "10", "EventData.PartitionStyle": "1", "EventData.VolumeCount": "3", "EventData.ContainsRawVolumes": "False", "EventData.Size": "96636764160"}
{"EventID": "1003", "Channel": "Microsoft-Windows-Storsvc/Diagnostic", "Provider_Name": "Microsoft-Windows-Storsvc", "Computer": "DESKTOP-OFJ6N53", "TimeCreated": "2024-05-12 19:51:49.590206+00:00", "RecordID": "900", "Level": "4", "UserID": "S-1-5-18", "EventData.Version": "2", "EventData.PoliciesEnabled": "1,1,1,1,0,0,0,0,30,0,1,0", "EventData.StorageType": "0", "EventData.DeviceIndex": "0", "EventData.Flags": "8", "EventData.VolumeStatus": "0", "EventData.TargetSizeMB": "657", "EventData.CleanedBytes": "0,0,0,0,0,0,0,0,0,0,0,0", "EventData.CleanupSucceeded": "0,0,1,0,0,0,0,0,0,0,0,0", "EventData.CleanupFailed": "0,0,0,0,0,0,0,0,0,0,0,0", "EventData.TotalBytes": "95966453760", "EventData.FreeBytesBefore": "6278504448", "EventData.FreeBytesAfter": "6277873664", "EventData.StorageReserveBefore": "-1,-1,-1,1,5473083392,143360,160,1554591744,815591424,1,0,0", "EventData.StorageReserveAfter": "-1,-1,-1,1,5473083392,143360,160,1554591744,815624192,1,0,0", "EventData.HR": "0", "EventData.HrReserveInit": "0", "EventData.IsLowStorage": "False"}
{"EventID": "1003", "Channel": "Microsoft-Windows-Storsvc/Diagnostic", "Provider_Name": "Microsoft-Windows-Storsvc", "Computer": "DESKTOP-OFJ6N53", "TimeCreated": "2024-05-13 02:03:29.726473+00:00", "RecordID": "901", "Level": "4", "UserID": "S-1-5-18", "EventData.Version": "2", "EventData.PoliciesEnabled": "1,1,1,1,0,0,0,0,30,0,1,0", "EventData.StorageType": "0", "EventData.DeviceIndex": "0", "EventData.Flags": "8", "EventData.VolumeStatus": "0", "EventData.TargetSizeMB": "647", "EventData.CleanedBytes": "0,0,0,0,0,0,0,0,0,0,0,0", "EventData.CleanupSucceeded": "0,0,1,0,0,0,0,0,0,0,0,0", "EventData.CleanupFailed": "0,0,0,0,0,0,0,0,0,0,0,0", "EventData.TotalBytes": "95966453760", "EventData.FreeBytesBefore": "6288277504", "EventData.FreeBytesAfter": "6288109568", "EventData.StorageReserveBefore": "-1,-1,-1,1,5473083392,0,160,1554591744,815972352,1,0,0", "EventData.StorageReserveAfter": "-1,-1,-1,1,5473083392,0,160,1554591744,815992832,1,0,0", "EventData.HR": "0", "EventData.HrReserveInit": "0", "EventData.IsLowStorage": "False"}
{"EventID": "1003", "Channel": "Microsoft-Windows-Storsvc/Diagnostic", "Provider_Name": "Microsoft-Windows-Storsvc", "Computer": "DESKTOP-OFJ6N53", "TimeCreated": "2024-05-13 08:13:18.018715+00:00", "RecordID": "902", "Level": "4", "UserID": "S-1-5-18", "EventData.Version": "2", "EventData.PoliciesEnabled": "1,1,1,1,0,0,0,0,30,0,1,0", "EventData.StorageType": "0", "EventData.DeviceIndex": "0", "EventData.Flags": "8", "EventData.VolumeStatus": "0", "EventData.TargetSizeMB": "653", "EventData.CleanedBytes": "0,0,0,0,0,0,0,0,0,0,0,0", "EventData.CleanupSucceeded": "0,0,1,0,0,0,0,0,0,0,0,0", "EventData.CleanupFailed": "0,0,0,0,0,0,0,0,0,0,0,0", "EventData.TotalBytes": "95966453760", "EventData.FreeBytesBefore": "6281949184", "EventData.FreeBytesAfter": "6281752576", "EventData.StorageReserveBefore": "-1,-1,-1,1,5473083392,0,160,1554591744,816709632,1,0,0", "EventData.StorageReserveAfter": "-1,-1,-1,1,5473083392,0,160,1554591744,816734208,1,0,0", "EventData.HR": "0", "EventData.HrReserveInit": "0", "EventData.IsLowStorage": "False"}
{"EventID": "1003", "Channel": "Microsoft-Windows-Storsvc/Diagnostic", "Provider_Name": "Microsoft-Windows-Storsvc", "Computer": "DESKTOP-OFJ6N53", "TimeCreated": "2024-05-13 14:30:50.031448+00:00", "RecordID": "903", "Level": "4", "UserID": "S-1-5-18", "EventData.Version": "2", "EventData.PoliciesEnabled": "1,1,1,1,0,0,0,0,30,0,1,0", "EventData.StorageType": "0", "EventData.DeviceIndex": "0", "EventData.Flags": "8", "EventData.VolumeStatus": "0", "EventData.TargetSizeMB": "647", "EventData.CleanedBytes": "0,0,0,0,0,0,0,0,0,0,0,0", "EventData.CleanupSucceeded": "0,0,1,0,0,0,0,0,0,0,0,0", "EventData.CleanupFailed": "0,0,0,0,0,0,0,0,0,0,0,0", "EventData.TotalBytes": "95966453760", "EventData.FreeBytesBefore": "6289182720", "EventData.FreeBytesAfter": "6289117184", "EventData.StorageReserveBefore": "-1,-1,-1,1,5473083392,0,160,1554591744,817205248,1,0,0", "EventData.StorageReserveAfter": "-1,-1,-1,1,5473083392,0,160,1554591744,827703296,1,0,0", "EventData.HR": "0", "EventData.HrReserveInit": "0", "EventData.IsLowStorage": "False"}
{"EventID": "1002", "Channel": "Microsoft-Windows-Storsvc/Diagnostic", "Provider_Name": "Microsoft-Windows-Storsvc", "Computer": "DESKTOP-OFJ6N53", "TimeCreated": "2024-05-13 15:10:45.293076+00:00", "RecordID": "904", "Level": "4", "UserID": "S-1-5-18", "EventData.Version": "2", "EventData.Epoch": "14", "EventData.DiskIndex": "0", "EventData.TotalDisks": "1", "EventData.DiskNumber": "0", "EventData.VendorId": "VMware", "EventData.ProductId": "Virtual disk", "EventData.ProductRevision": "2.0", "EventData.SerialNumber": null, "EventData.ParentId": "PCI\\VEN_1000&DEV_0054&SUBSYS_197615AD&REV_01\\4&2509F6E&0&00A8", "EventData.FileSystem": "NTFS", "EventData.BusType": "10", "EventData.PartitionStyle": "1", "EventData.VolumeCount": "3", "EventData.ContainsRawVolumes": "False", "EventData.Size": "96636764160"}
{"EventID": "1003", "Channel": "Microsoft-Windows-Storsvc/Diagnostic", "Provider_Name": "Microsoft-Windows-Storsvc", "Computer": "DESKTOP-OFJ6N53", "TimeCreated": "2024-05-13 20:33:32.738285+00:00", "RecordID": "905", "Level": "4", "UserID": "S-1-5-18", "EventData.Version": "2", "EventData.PoliciesEnabled": "1,1,1,1,0,0,0,0,30,0,1,0", "EventData.StorageType": "0", "EventData.DeviceIndex": "0", "EventData.Flags": "8", "EventData.VolumeStatus": "0", "EventData.TargetSizeMB": "645", "EventData.CleanedBytes": "0,0,0,0,0,0,0,0,0,0,0,0", "EventData.CleanupSucceeded": "0,0,1,0,0,0,0,0,0,0,0,0", "EventData.CleanupFailed": "0,0,0,0,0,0,0,0,0,0,0,0", "EventData.TotalBytes": "95966453760", "EventData.FreeBytesBefore": "6290984960", "EventData.FreeBytesAfter": "6290907136", "EventData.StorageReserveBefore": "-1,-1,-1,1,5473083392,0,160,1554591744,824872960,1,0,0", "EventData.StorageReserveAfter": "-1,-1,-1,1,5473083392,0,160,1554591744,835366912,1,0,0", "EventData.HR": "0", "EventData.HrReserveInit": "0", "EventData.IsLowStorage": "False"}
{"EventID": "1003", "Channel": "Microsoft-Windows-Storsvc/Diagnostic", "Provider_Name": "Microsoft-Windows-Storsvc", "Computer": "DESKTOP-OFJ6N53", "TimeCreated": "2024-05-14 02:44:47.928373+00:00", "RecordID": "906", "Level": "4", "UserID": "S-1-5-18", "EventData.Version": "2", "EventData.PoliciesEnabled": "1,1,1,1,0,0,0,0,30,0,1,0", "EventData.StorageType": "0", "EventData.DeviceIndex": "0", "EventData.Flags": "8", "EventData.VolumeStatus": "0", "EventData.TargetSizeMB": "657", "EventData.CleanedBytes": "0,0,0,0,0,0,0,0,0,0,0,0", "EventData.CleanupSucceeded": "0,0,1,0,0,0,0,0,0,0,0,0", "EventData.CleanupFailed": "0,0,0,0,0,0,0,0,0,0,0,0", "EventData.TotalBytes": "95966453760", "EventData.FreeBytesBefore": "6277902336", "EventData.FreeBytesAfter": "6277844992", "EventData.StorageReserveBefore": "-1,-1,-1,1,5473083392,0,160,1554591744,825057280,1,0,0", "EventData.StorageReserveAfter": "-1,-1,-1,1,5473083392,0,160,1554591744,835555328,1,0,0", "EventData.HR": "0", "EventData.HrReserveInit": "0", "EventData.IsLowStorage": "False"}
{"EventID": "1003", "Channel": "Microsoft-Windows-Storsvc/Diagnostic", "Provider_Name": "Microsoft-Windows-Storsvc", "Computer": "DESKTOP-OFJ6N53", "TimeCreated": "2024-05-14 08:54:29.064999+00:00", "RecordID": "907", "Level": "4", "UserID": "S-1-5-18", "EventData.Version": "2", "EventData.PoliciesEnabled": "1,1,1,1,0,0,0,0,30,0,1,0", "EventData.StorageType": "0", "EventData.DeviceIndex": "0", "EventData.Flags": "8", "EventData.VolumeStatus": "0", "EventData.TargetSizeMB": "676", "EventData.CleanedBytes": "0,0,0,0,0,0,0,0,0,0,0,0", "EventData.CleanupSucceeded": "0,0,1,0,0,0,0,0,0,0,0,0", "EventData.CleanupFailed": "0,0,0,0,0,0,0,0,0,0,0,0", "EventData.TotalBytes": "95966453760", "EventData.FreeBytesBefore": "6257856512", "EventData.FreeBytesAfter": "6257692672", "EventData.StorageReserveBefore": "-1,-1,-1,1,5473083392,0,160,1554591744,825745408,1,0,0", "EventData.StorageReserveAfter": "-1,-1,-1,1,5473083392,0,160,1554591744,836235264,1,0,0", "EventData.HR": "0", "EventData.HrReserveInit": "0", "EventData.IsLowStorage": "False"}
