{"EventID": "200", "Channel": "Microsoft-Windows-Diagnostics-Performance/Operational", "Provider_Name": "Microsoft-Windows-Diagnostics-Performance", "Computer": "DESKTOP-OFJ6N53", "TimeCreated": "2023-01-16 08:15:19.039560+00:00", "RecordID": "178", "Level": "3", "UserID": "S-1-5-19", "EventData.ShutdownTsVersion": "1", "EventData.ShutdownStartTime": "2023-01-16 08:13:03.608803+00:00", "EventData.ShutdownEndTime": "2023-01-16 08:13:52.017042+00:00", "EventData.ShutdownTime": "48408", "EventData.ShutdownUserSessionTime": "12437", "EventData.ShutdownUserPolicyTime": "207", "EventData.ShutdownUserProfilesTime": "239", "EventData.ShutdownSystemSessionsTime": "6511", "EventData.ShutdownPreShutdownNotificationsTime": "179", "EventData.ShutdownServicesTime": "5033", "EventData.ShutdownKernelTime": "29459", "EventData.ShutdownRootCauseStepImprovementBits": "0", "EventData.ShutdownRootCauseGradualImprovementBits": "0", "EventData.ShutdownRootCauseStepDegradationBits": "0", "EventData.ShutdownRootCauseGradualDegradationBits": "0", "EventData.ShutdownIsDegradation": "False", "EventData.ShutdownTimeChange": "0"}
{"EventID": "200", "Channel": "Microsoft-Windows-Diagnostics-Performance/Operational", "Provider_Name": "Microsoft-Windows-Diagnostics-Performance", "Computer": "DESKTOP-OFJ6N53", "TimeCreated": "2023-01-17 12:31:40.280054+00:00", "RecordID": "179", "Level": "3", "UserID": "S-1-5-19", "EventData.ShutdownTsVersion": "1", "EventData.ShutdownStartTime": "2023-01-17 12:28:55.833094+00:00", "EventData.ShutdownEndTime": "2023-01-17 12:29:30.998642+00:00", "EventData.ShutdownTime": "35165", "EventData.ShutdownUserSessionTime": "9475", "EventData.ShutdownUserPolicyTime": "355", "EventData.ShutdownUserProfilesTime": "483", "EventData.ShutdownSystemSessionsTime": "7171", "EventData.ShutdownPreShutdownNotificationsTime": "911", "EventData.ShutdownServicesTime": "5179", "EventData.ShutdownKernelTime": "18518", "EventData.ShutdownRootCauseStepImprovementBits": "0", "EventData.ShutdownRootCauseGradualImprovementBits": "0", "EventData.ShutdownRootCauseStepDegradationBits": "0", "EventData.ShutdownRootCauseGradualDegradationBits": "0", "EventData.ShutdownIsDegradation": "False", "EventData.ShutdownTimeChange": "0"}
{"EventID": "203", "Channel": "Microsoft-Windows-Diagnostics-Performance/Operational", "Provider_Name": "Microsoft-Windows-Diagnostics-Performance", "Computer": "DESKTOP-OFJ6N53", "TimeCreated": "2023-01-17 12:31:40.288187+00:00", "RecordID": "180", "Level": "3", "UserID": "S-1-5-19", "EventData.StartTime": "2023-01-17 12:28:55.833094+00:00", "EventData.NameLength": "20", "EventData.Name": "WinHttpAutoProxySvc", "EventData.FriendlyNameLength": "20", "EventData.FriendlyName": "Службы HTTP Windows", "EventData.VersionLength": "39", "EventData.Version": "10.0.19041.2486 (WinBuild.160101.0800)", "EventData.TotalTime": "1245", "EventData.DegradationTime": "912", "EventData.PathLength": "32", "EventData.Path": "C:\\Windows\\system32\\winhttp.dll", "EventData.ProductNameLength": "41", "EventData.ProductName": "Операционная система Microsoft® Windows®", "EventData.CompanyNameLength": "22", "EventData.CompanyName": "Microsoft Corporation"}
{"EventID": "200", "Channel": "Microsoft-Windows-Diagnostics-Performance/Operational", "Provider_Name": "Microsoft-Windows-Diagnostics-Performance", "Computer": "DESKTOP-OFJ6N53", "TimeCreated": "2023-01-19 11:55:33.574389+00:00", "RecordID": "181", "Level": "3", "UserID": "S-1-5-19", "EventData.ShutdownTsVersion": "1", "EventData.ShutdownStartTime": "2023-01-19 11:54:19.265825+00:00", "EventData.ShutdownEndTime": "2023-01-19 11:54:36.453663+00:00", "EventData.ShutdownTime": "17187", "EventData.ShutdownUserSessionTime": "8116", "EventData.ShutdownUserPolicyTime": "11", "EventData.ShutdownUserProfilesTime": "139", "EventData.ShutdownSystemSessionsTime": "5378", "EventData.ShutdownPreShutdownNotificationsTime": "140", "EventData.ShutdownServicesTime": "5003", "EventData.ShutdownKernelTime": "3692", "EventData.ShutdownRootCauseStepImprovementBits": "4", "EventData.ShutdownRootCauseGradualImprovementBits": "0", "EventData.ShutdownRootCauseStepDegradationBits": "0", "EventData.ShutdownRootCauseGradualDegradationBits": "0", "EventData.ShutdownIsDegradation": "False", "EventData.ShutdownTimeChange": "0"}
{"EventID": "200", "Channel": "Microsoft-Windows-Diagnostics-Performance/Operational", "Provider_Name": "Microsoft-Windows-Diagnostics-Performance", "Computer": "DESKTOP-OFJ6N53", "TimeCreated": "2023-01-23 13:02:39.742197+00:00", "RecordID": "182", "Level": "3", "UserID": "S-1-5-19", "EventData.ShutdownTsVersion": "1", "EventData.ShutdownStartTime": "2023-01-23 12:40:01.088402+00:00", "EventData.ShutdownEndTime": "2023-01-23 12:40:21.664253+00:00", "EventData.ShutdownTime": "20575", "EventData.ShutdownUserSessionTime": "7429", "EventData.ShutdownUserPolicyTime": "3", "EventData.ShutdownUserProfilesTime": "295", "EventData.ShutdownSystemSessionsTime": "6405", "EventData.ShutdownPreShutdownNotificationsTime": "1174", "EventData.ShutdownServicesTime": "5016", "EventData.ShutdownKernelTime": "6740", "EventData.ShutdownRootCauseStepImprovementBits": "1", "EventData.ShutdownRootCauseGradualImprovementBits": "0", "EventData.ShutdownRootCauseStepDegradationBits": "0", "EventData.ShutdownRootCauseGradualDegradationBits": "0", "EventData.ShutdownIsDegradation": "False", "EventData.ShutdownTimeChange": "0"}
{"EventID": "200", "Channel": "Microsoft-Windows-Diagnostics-Performance/Operational", "Provider_Name": "Microsoft-Windows-Diagnostics-Performance", "Computer": "DESKTOP-OFJ6N53", "TimeCreated": "2023-01-25 08:58:08.164413+00:00", "RecordID": "183", "Level": "3", "UserID": "S-1-5-19", "EventData.ShutdownTsVersion": "1", "EventData.ShutdownStartTime": "2023-01-25 08:55:15.465954+00:00", "EventData.ShutdownEndTime": "2023-01-25 08:56:03.966028+00:00", "EventData.ShutdownTime": "48500", "EventData.ShutdownUserSessionTime": "17017", "EventData.ShutdownUserPolicyTime": "458", "EventData.ShutdownUserProfilesTime": "1247", "EventData.ShutdownSystemSessionsTime": "9782", "EventData.ShutdownPreShutdownNotificationsTime": "2032", "EventData.ShutdownServicesTime": "5012", "EventData.ShutdownKernelTime": "21699", "EventData.ShutdownRootCauseStepImprovementBits": "0", "EventData.ShutdownRootCauseGradualImprovementBits": "0", "EventData.ShutdownRootCauseStepDegradationBits": "0", "EventData.ShutdownRootCauseGradualDegradationBits": "0", "EventData.ShutdownIsDegradation": "False", "EventData.ShutdownTimeChange": "0"}
{"EventID": "203", "Channel": "Microsoft-Windows-Diagnostics-Performance/Operational", "Provider_Name": "Microsoft-Windows-Diagnostics-Performance", "Computer": "DESKTOP-OFJ6N53", "TimeCreated": "2023-01-25 08:58:08.172306+00:00", "RecordID": "184", "Level": "2", "UserID": "S-1-5-19", "EventData.StartTime": "2023-01-25 08:55:15.465954+00:00", "EventData.NameLength": "9", "EventData.Name": "Schedule", "EventData.FriendlyNameLength": "28", "EventData.FriendlyName": "Служба планировщика заданий", "EventData.VersionLength": "39", "EventData.Version": "10.0.19041.2486 (WinBuild.160101.0800)", "EventData.TotalTime": "24748", "EventData.DegradationTime": "4466", "EventData.PathLength": "33", "EventData.Path": "C:\\Windows\\system32\\schedsvc.dll", "EventData.ProductNameLength": "41", "EventData.ProductName": "Операционная система Microsoft® Windows®", "EventData.CompanyNameLength": "22", "EventData.CompanyName": "Microsoft Corporation"}
{"EventID": "203", "Channel": "Microsoft-Windows-Diagnostics-Performance/Operational", "Provider_Name": "Microsoft-Windows-Diagnostics-Performance", "Computer": "DESKTOP-OFJ6N53", "TimeCreated": "2023-01-25 08:58:08.172314+00:00", "RecordID": "185", "Level": "2", "UserID": "S-1-5-19", "EventData.StartTime": "2023-01-25 08:55:15.465954+00:00", "EventData.NameLength": "4", "EventData.Name": "DPS", "EventData.FriendlyNameLength": "32", "EventData.FriendlyName": "Служба политики диагностики WDI", "EventData.VersionLength": "39", "EventData.Version": "10.0.19041.2486 (WinBuild.160101.0800)", "EventData.TotalTime": "25336", "EventData.DegradationTime": "4020", "EventData.PathLength": "28", "EventData.Path": "C:\\Windows\\system32\\dps.dll", "EventData.ProductNameLength": "41", "EventData.ProductName": "Операционная система Microsoft® Windows®", "EventData.CompanyNameLength": "22", "EventData.CompanyName": "Microsoft Corporation"}
{"EventID": "203", "Channel": "Microsoft-Windows-Diagnostics-Performance/Operational", "Provider_Name": "Microsoft-Windows-Diagnostics-Performance", "Computer": "DESKTOP-OFJ6N53", "TimeCreated": "2023-01-25 08:58:08.172325+00:00", "RecordID": "186", "Level": "3", "UserID": "S-1-5-19", "EventData.StartTime": "2023-01-25 08:55:15.465954+00:00", "EventData.NameLength": "8", "EventData.Name": "WSearch", "EventData.FriendlyNameLength": "0", "EventData.FriendlyName": null, "EventData.VersionLength": "0", "EventData.Version": null, "EventData.TotalTime": "6857", "EventData.DegradationTime": "3315", "EventData.PathLength": "49", "EventData.Path": "C:\\Windows\\system32\\searchindexer.exe /embedding", "EventData.ProductNameLength": "0", "EventData.ProductName": null, "EventData.CompanyNameLength": "0", "EventData.CompanyName": null}
{"EventID": "203", "Channel": "Microsoft-Windows-Diagnostics-Performance/Operational", "Provider_Name": "Microsoft-Windows-Diagnostics-Performance", "Computer": "DESKTOP-OFJ6N53", "TimeCreated": "2023-01-25 08:58:08.172335+00:00", "RecordID": "187", "Level": "2", "UserID": "S-1-5-19", "EventData.StartTime": "2023-01-25 08:55:15.465954+00:00", "EventData.NameLength": "8", "EventData.Name": "KSDE5.8", "EventData.FriendlyNameLength": "0", "EventData.FriendlyName": null, "EventData.VersionLength": "0", "EventData.Version": null, "EventData.TotalTime": "25073", "EventData.DegradationTime": "3218", "EventData.PathLength": "83", "EventData.Path": "\"c:\\program files (x86)\\kaspersky lab\\kaspersky secure connection 5.8\\ksde.exe\" -r", "EventData.ProductNameLength": "0", "EventData.ProductName": null, "EventData.CompanyNameLength": "0", "EventData.CompanyName": null}
{"EventID": "203", "Channel": "Microsoft-Windows-Diagnostics-Performance/Operational", "Provider_Name": "Microsoft-Windows-Diagnostics-Performance", "Computer": "DESKTOP-OFJ6N53", "TimeCreated": "2023-01-25 08:58:08.172342+00:00", "RecordID": "188", "Level": "3", "UserID": "S-1-5-19", "EventData.StartTime": "2023-01-25 08:55:15.465954+00:00", "EventData.NameLength": "7", "EventData.Name": "Wcmsvc", "EventData.FriendlyNameLength": "53", "EventData.FriendlyName": "Библиотека DLL службы диспетчера подключений Windows", "EventData.VersionLength": "39", "EventData.Version": "10.0.19041.2486 (WinBuild.160101.0800)", "EventData.TotalTime": "9470", "EventData.DegradationTime": "1395", "EventData.PathLength": "31", "EventData.Path": "C:\\Windows\\System32\\wcmsvc.dll", "EventData.ProductNameLength": "41", "EventData.ProductName": "Операционная система Microsoft® Windows®", "EventData.CompanyNameLength": "22", "EventData.CompanyName": "Microsoft Corporation"}
{"EventID": "203", "Channel": "Microsoft-Windows-Diagnostics-Performance/Operational", "Provider_Name": "Microsoft-Windows-Diagnostics-Performance", "Computer": "DESKTOP-OFJ6N53", "TimeCreated": "2023-01-25 08:58:08.172348+00:00", "RecordID": "189", "Level": "3", "UserID": "S-1-5-19", "EventData.StartTime": "2023-01-25 08:55:15.465954+00:00", "EventData.NameLength": "8", "EventData.Name": "SSDPSRV", "EventData.FriendlyNameLength": "27", "EventData.FriendlyName": "Библиотека DLL службы SSDP", "EventData.VersionLength": "39", "EventData.Version": "10.0.19041.2486 (WinBuild.160101.0800)", "EventData.TotalTime": "2380", "EventData.DegradationTime": "1136", "EventData.PathLength": "32", "EventData.Path": "C:\\Windows\\System32\\ssdpsrv.dll", "EventData.ProductNameLength": "41", "EventData.ProductName": "Операционная система Microsoft® Windows®", "EventData.CompanyNameLength": "22", "EventData.CompanyName": "Microsoft Corporation"}
{"EventID": "203", "Channel": "Microsoft-Windows-Diagnostics-Performance/Operational", "Provider_Name": "Microsoft-Windows-Diagnostics-Performance", "Computer": "DESKTOP-OFJ6N53", "TimeCreated": "2023-01-25 08:58:08.172354+00:00", "RecordID": "190", "Level": "3", "UserID": "S-1-5-19", "EventData.StartTime": "2023-01-25 08:55:15.465954+00:00", "EventData.NameLength": "8", "EventData.Name": "AVP21.3", "EventData.FriendlyNameLength": "0", "EventData.FriendlyName": null, "EventData.VersionLength": "0", "EventData.Version": null, "EventData.TotalTime": "2843", "EventData.DegradationTime": "1079", "EventData.PathLength": "80", "EventData.Path": "\"c:\\program files (x86)\\kaspersky lab\\kaspersky security cloud 21.3\\avp.exe\" -r", "EventData.ProductNameLength": "0", "EventData.ProductName": null, "EventData.CompanyNameLength": "0", "EventData.CompanyName": null}
{"EventID": "200", "Channel": "Microsoft-Windows-Diagnostics-Performance/Operational", "Provider_Name": "Microsoft-Windows-Diagnostics-Performance", "Computer": "DESKTOP-OFJ6N53", "TimeCreated": "2023-01-30 08:07:13.174160+00:00", "RecordID": "191", "Level": "3", "UserID": "S-1-5-19", "EventData.ShutdownTsVersion": "1", "EventData.ShutdownStartTime": "2023-01-30 08:01:08.482002+00:00", "EventData.ShutdownEndTime": "2023-01-30 08:01:37.050621+00:00", "EventData.ShutdownTime": "28568", "EventData.ShutdownUserSessionTime": "9483", "EventData.ShutdownUserPolicyTime": "340", "EventData.ShutdownUserProfilesTime": "414", "EventData.ShutdownSystemSessionsTime": "6729", "EventData.ShutdownPreShutdownNotificationsTime": "1329", "EventData.ShutdownServicesTime": "4993", "EventData.ShutdownKernelTime": "12354", "EventData.ShutdownRootCauseStepImprovementBits": "0", "EventData.ShutdownRootCauseGradualImprovementBits": "0", "EventData.ShutdownRootCauseStepDegradationBits": "64", "EventData.ShutdownRootCauseGradualDegradationBits": "0", "EventData.ShutdownIsDegradation": "True", "EventData.ShutdownTimeChange": "0"}
{"EventID": "200", "Channel": "Microsoft-Windows-Diagnostics-Performance/Operational", "Provider_Name": "Microsoft-Windows-Diagnostics-Performance", "Computer": "DESKTOP-OFJ6N53", "TimeCreated": "2023-02-09 10:53:06.748507+00:00", "RecordID": "192", "Level": "3", "UserID": "S-1-5-19", "EventData.ShutdownTsVersion": "1", "EventData.ShutdownStartTime": "2023-02-09 10:48:23.546978+00:00", "EventData.ShutdownEndTime": "2023-02-09 10:49:09.935930+00:00", "EventData.ShutdownTime": "46388", "EventData.ShutdownUserSessionTime": "10165", "EventData.ShutdownUserPolicyTime": "9", "EventData.ShutdownUserProfilesTime": "266", "EventData.ShutdownSystemSessionsTime": "6802", "EventData.ShutdownPreShutdownNotificationsTime": "1215", "EventData.ShutdownServicesTime": "5018", "EventData.ShutdownKernelTime": "29421", "EventData.ShutdownRootCauseStepImprovementBits": "0", "EventData.ShutdownRootCauseGradualImprovementBits": "0", "EventData.ShutdownRootCauseStepDegradationBits": "0", "EventData.ShutdownRootCauseGradualDegradationBits": "0", "EventData.ShutdownIsDegradation": "False", "EventData.ShutdownTimeChange": "0"}
{"EventID": "200", "Channel": "Microsoft-Windows-Diagnostics-Performance/Operational", "Provider_Name": "Microsoft-Windows-Diagnostics-Performance", "Computer": "DESKTOP-OFJ6N53", "TimeCreated": "2023-02-14 14:08:57.997438+00:00", "RecordID": "193", "Level": "3", "UserID": "S-1-5-19", "EventData.ShutdownTsVersion": "1", "EventData.ShutdownStartTime": "2023-02-14 14:06:19.175488+00:00", "EventData.ShutdownEndTime": "2023-02-14 14:06:56.812220+00:00", "EventData.ShutdownTime": "37636", "EventData.ShutdownUserSessionTime": "5555", "EventData.ShutdownUserPolicyTime": "11", "EventData.ShutdownUserProfilesTime": "191", "EventData.ShutdownSystemSessionsTime": "5492", "EventData.ShutdownPreShutdownNotificationsTime": "190", "EventData.ShutdownServicesTime": "4998", "EventData.ShutdownKernelTime": "26588", "EventData.ShutdownRootCauseStepImprovementBits": "0", "EventData.ShutdownRootCauseGradualImprovementBits": "0", "EventData.ShutdownRootCauseStepDegradationBits": "0", "EventData.ShutdownRootCauseGradualDegradationBits": "0", "EventData.ShutdownIsDegradation": "False", "EventData.ShutdownTimeChange": "0"}
{"EventID": "200", "Channel": "Microsoft-Windows-Diagnostics-Performance/Operational", "Provider_Name": "Microsoft-Windows-Diagnostics-Performance", "Computer": "DESKTOP-OFJ6N53", "TimeCreated": "2023-02-15 12:53:00.012068+00:00", "RecordID": "194", "Level": "3", "UserID": "S-1-5-19", "EventData.ShutdownTsVersion": "1", "EventData.ShutdownStartTime": "2023-02-15 12:27:46.938196+00:00", "EventData.ShutdownEndTime": "2023-02-15 12:28:43.610033+00:00", "EventData.ShutdownTime": "56671", "EventData.ShutdownUserSessionTime": "11088", "EventData.ShutdownUserPolicyTime": "179", "EventData.ShutdownUserProfilesTime": "409", "EventData.ShutdownSystemSessionsTime": "37979", "EventData.ShutdownPreShutdownNotificationsTime": "32338", "EventData.ShutdownServicesTime": "5009", "EventData.ShutdownKernelTime": "7603", "EventData.ShutdownRootCauseStepImprovementBits": "0", "EventData.ShutdownRootCauseGradualImprovementBits": "0", "EventData.ShutdownRootCauseStepDegradationBits": "1", "EventData.ShutdownRootCauseGradualDegradationBits": "0", "EventData.ShutdownIsDegradation": "True", "EventData.ShutdownTimeChange": "25813"}
{"EventID": "200", "Channel": "Microsoft-Windows-Diagnostics-Performance/Operational", "Provider_Name": "Microsoft-Windows-Diagnostics-Performance", "Computer": "DESKTOP-OFJ6N53", "TimeCreated": "2023-02-27 19:07:19.030081+00:00", "RecordID": "195", "Level": "3", "UserID": "S-1-5-19", "EventData.ShutdownTsVersion": "1", "EventData.ShutdownStartTime": "2023-02-27 19:04:56.671967+00:00", "EventData.ShutdownEndTime": "2023-02-27 19:05:53.042479+00:00", "EventData.ShutdownTime": "56370", "EventData.ShutdownUserSessionTime": "12963", "EventData.ShutdownUserPolicyTime": "489", "EventData.ShutdownUserProfilesTime": "413", "EventData.ShutdownSystemSessionsTime": "18250", "EventData.ShutdownPreShutdownNotificationsTime": "12996", "EventData.ShutdownServicesTime": "4991", "EventData.ShutdownKernelTime": "25156", "EventData.ShutdownRootCauseStepImprovementBits": "0", "EventData.ShutdownRootCauseGradualImprovementBits": "0", "EventData.ShutdownRootCauseStepDegradationBits": "0", "EventData.ShutdownRootCauseGradualDegradationBits": "0", "EventData.ShutdownIsDegradation": "False", "EventData.ShutdownTimeChange": "0"}
{"EventID": "200", "Channel": "Microsoft-Windows-Diagnostics-Performance/Operational", "Provider_Name": "Microsoft-Windows-Diagnostics-Performance", "Computer": "DESKTOP-OFJ6N53", "TimeCreated": "2023-03-06 09:09:12.292252+00:00", "RecordID": "196", "Level": "3", "UserID": "S-1-5-19", "EventData.ShutdownTsVersion": "1", "EventData.ShutdownStartTime": "2023-03-06 08:57:58.843803+00:00", "EventData.ShutdownEndTime": "2023-03-06 08:58:37.286711+00:00", "EventData.ShutdownTime": "38442", "EventData.ShutdownUserSessionTime": "11587", "EventData.ShutdownUserPolicyTime": "196", "EventData.ShutdownUserProfilesTime": "426", "EventData.ShutdownSystemSessionsTime": "6993", "EventData.ShutdownPreShutdownNotificationsTime": "1253", "EventData.ShutdownServicesTime": "5016", "EventData.ShutdownKernelTime": "19861", "EventData.ShutdownRootCauseStepImprovementBits": "0", "EventData.ShutdownRootCauseGradualImprovementBits": "0", "EventData.ShutdownRootCauseStepDegradationBits": "0", "EventData.ShutdownRootCauseGradualDegradationBits": "0", "EventData.ShutdownIsDegradation": "False", "EventData.ShutdownTimeChange": "0"}
{"EventID": "200", "Channel": "Microsoft-Windows-Diagnostics-Performance/Operational", "Provider_Name": "Microsoft-Windows-Diagnostics-Performance", "Computer": "DESKTOP-OFJ6N53", "TimeCreated": "2023-03-10 12:22:42.278883+00:00", "RecordID": "197", "Level": "3", "UserID": "S-1-5-19", "EventData.ShutdownTsVersion": "1", "EventData.ShutdownStartTime": "2023-03-10 12:01:48.996838+00:00", "EventData.ShutdownEndTime": "2023-03-10 12:02:26.632072+00:00", "EventData.ShutdownTime": "37635", "EventData.ShutdownUserSessionTime": "9478", "EventData.ShutdownUserPolicyTime": "22", "EventData.ShutdownUserProfilesTime": "328", "EventData.ShutdownSystemSessionsTime": "6006", "EventData.ShutdownPreShutdownNotificationsTime": "472", "EventData.ShutdownServicesTime": "4992", "EventData.ShutdownKernelTime": "22149", "EventData.ShutdownRootCauseStepImprovementBits": "0", "EventData.ShutdownRootCauseGradualImprovementBits": "0", "EventData.ShutdownRootCauseStepDegradationBits": "0", "EventData.ShutdownRootCauseGradualDegradationBits": "0", "EventData.ShutdownIsDegradation": "False", "EventData.ShutdownTimeChange": "0"}
{"EventID": "100", "Channel": "Microsoft-Windows-Diagnostics-Performance/Operational", "Provider_Name": "Microsoft-Windows-Diagnostics-Performance", "Computer": "DESKTOP-OFJ6N53", "TimeCreated": "2023-03-10 12:22:44.262054+00:00", "RecordID": "198", "Level": "1", "UserID": "S-1-5-19", "EventData.BootTsVersion": "2", "EventData.BootStartTime": "2023-03-10 12:02:50.397543+00:00", "EventData.BootEndTime": "2023-03-10 12:22:40.478882+00:00", "EventData.SystemBootInstance": "24", "EventData.UserBootInstance": "24", "EventData.BootTime": "134789", "EventData.MainPathBootTime": "61289", "EventData.BootKernelInitTime": "722", "EventData.BootDriverInitTime": "15671", "EventData.BootDevicesInitTime": "9994", "EventData.BootPrefetchInitTime": "0", "EventData.BootPrefetchBytes": "0", "EventData.BootAutoChkTime": "0", "EventData.BootSmssInitTime": "24034", "EventData.BootCriticalServicesInitTime": "799", "EventData.BootUserProfileProcessingTime": "3764", "EventData.BootMachineProfileProcessingTime": "327", "EventData.BootExplorerInitTime": "7192", "EventData.BootNumStartupApps": "23", "EventData.BootPostBootTime": "73500", "EventData.BootIsRebootAfterInstall": "False", "EventData.BootRootCauseStepImprovementBits": "0", "EventData.BootRootCauseGradualImprovementBits": "0", "EventData.BootRootCauseStepDegradationBits": "8", "EventData.BootRootCauseGradualDegradationBits": "0", "EventData.BootIsDegradation": "False", "EventData.BootIsStepDegradation": "False", "EventData.BootIsGradualDegradation": "False", "EventData.BootImprovementDelta": "0", "EventData.BootDegradationDelta": "0", "EventData.BootIsRootCauseIdentified": "True", "EventData.OSLoaderDuration": "7237", "EventData.BootPNPInitStartTimeMS": "722", "EventData.BootPNPInitDuration": "12762", "EventData.OtherKernelInitDuration": "1351", "EventData.SystemPNPInitStartTimeMS": "13993", "EventData.SystemPNPInitDuration": "9383", "EventData.SessionInitStartTimeMS": "23497", "EventData.Session0InitDuration": "6745", "EventData.Session1InitDuration": "283", "EventData.SessionInitOtherDuration": "17005", "EventData.WinLogonStartTimeMS": "47532", "EventData.OtherLogonInitActivityDuration": "2472", "EventData.UserLogonWaitDuration": "1044310"}
{"EventID": "101", "Channel": "Microsoft-Windows-Diagnostics-Performance/Operational", "Provider_Name": "Microsoft-Windows-Diagnostics-Performance", "Computer": "DESKTOP-OFJ6N53", "TimeCreated": "2023-03-10 12:22:44.262064+00:00", "RecordID": "199", "Level": "3", "UserID": "S-1-5-19", "EventData.StartTime": "2023-03-10 12:02:50.397543+00:00", "EventData.NameLength": "13", "EventData.Name": "explorer.exe", "EventData.FriendlyNameLength": "10", "EventData.FriendlyName": "Проводник", "EventData.VersionLength": "39", "EventData.Version": "10.0.19041.2604 (WinBuild.160101.0800)", "EventData.TotalTime": "18339", "EventData.DegradationTime": "13339", "EventData.PathLength": "24", "EventData.Path": "C:\\Windows\\explorer.exe", "EventData.ProductNameLength": "41", "EventData.ProductName": "Операционная система Microsoft® Windows®", "EventData.CompanyNameLength": "22", "EventData.CompanyName": "Microsoft Corporation"}
{"EventID": "101", "Channel": "Microsoft-Windows-Diagnostics-Performance/Operational", "Provider_Name": "Microsoft-Windows-Diagnostics-Performance", "Computer": "DESKTOP-OFJ6N53", "TimeCreated": "2023-03-10 12:22:44.262072+00:00", "RecordID": "200", "Level": "3", "UserID": "S-1-5-19", "EventData.StartTime": "2023-03-10 12:02:50.397543+00:00", "EventData.NameLength": "24", "EventData.Name": "PhoneExperienceHost.exe", "EventData.FriendlyNameLength": "21", "EventData.FriendlyName": "Microsoft Phone Link", "EventData.VersionLength": "14", "EventData.Version": "1.23012.167.0", "EventData.TotalTime": "7370", "EventData.DegradationTime": "2370", "EventData.PathLength": "106", "EventData.Path": "C:\\Program Files\\WindowsApps\\Microsoft.YourPhone_1.23012.167.0_x64__8wekyb3d8bbwe\\PhoneExperienceHost.exe", "EventData.ProductNameLength": "21", "EventData.ProductName": "Microsoft Your Phone", "EventData.CompanyNameLength": "22", "EventData.CompanyName": "Microsoft Corporation"}
{"EventID": "200", "Channel": "Microsoft-Windows-Diagnostics-Performance/Operational", "Provider_Name": "Microsoft-Windows-Diagnostics-Performance", "Computer": "DESKTOP-OFJ6N53", "TimeCreated": "2023-03-19 01:11:27.015989+00:00", "RecordID": "201", "Level": "3", "UserID": "S-1-5-19", "EventData.ShutdownTsVersion": "1", "EventData.ShutdownStartTime": "2023-03-19 01:04:58.534996+00:00", "EventData.ShutdownEndTime": "2023-03-19 01:05:55.477417+00:00", "EventData.ShutdownTime": "56942", "EventData.ShutdownUserSessionTime": "15744", "EventData.ShutdownUserPolicyTime": "14", "EventData.ShutdownUserProfilesTime": "1035", "EventData.ShutdownSystemSessionsTime": "8655", "EventData.ShutdownPreShutdownNotificationsTime": "2262", "EventData.ShutdownServicesTime": "5184", "EventData.ShutdownKernelTime": "32541", "EventData.ShutdownRootCauseStepImprovementBits": "0", "EventData.ShutdownRootCauseGradualImprovementBits": "0", "EventData.ShutdownRootCauseStepDegradationBits": "0", "EventData.ShutdownRootCauseGradualDegradationBits": "0", "EventData.ShutdownIsDegradation": "False", "EventData.ShutdownTimeChange": "0"}
{"EventID": "200", "Channel": "Microsoft-Windows-Diagnostics-Performance/Operational", "Provider_Name": "Microsoft-Windows-Diagnostics-Performance", "Computer": "DESKTOP-OFJ6N53", "TimeCreated": "2023-03-20 08:38:08.046387+00:00", "RecordID": "202", "Level": "2", "UserID": "S-1-5-19", "EventData.ShutdownTsVersion": "1", "EventData.ShutdownStartTime": "2023-03-20 08:26:38.647720+00:00", "EventData.ShutdownEndTime": "2023-03-20 08:28:00.899067+00:00", "EventData.ShutdownTime": "82251", "EventData.ShutdownUserSessionTime": "19206", "EventData.ShutdownUserPolicyTime": "344", "EventData.ShutdownUserProfilesTime": "1663", "EventData.ShutdownSystemSessionsTime": "10921", "EventData.ShutdownPreShutdownNotificationsTime": "730", "EventData.ShutdownServicesTime": "5023", "EventData.ShutdownKernelTime": "52123", "EventData.ShutdownRootCauseStepImprovementBits": "0", "EventData.ShutdownRootCauseGradualImprovementBits": "0", "EventData.ShutdownRootCauseStepDegradationBits": "0", "EventData.ShutdownRootCauseGradualDegradationBits": "4", "EventData.ShutdownIsDegradation": "True", "EventData.ShutdownTimeChange": "0"}
{"EventID": "203", "Channel": "Microsoft-Windows-Diagnostics-Performance/Operational", "Provider_Name": "Microsoft-Windows-Diagnostics-Performance", "Computer": "DESKTOP-OFJ6N53", "TimeCreated": "2023-03-20 08:38:08.843582+00:00", "RecordID": "203", "Level": "2", "UserID": "S-1-5-19", "EventData.StartTime": "2023-03-20 08:26:38.647720+00:00", "EventData.NameLength": "8", "EventData.Name": "KSDE5.9", "EventData.FriendlyNameLength": "0", "EventData.FriendlyName": null, "EventData.VersionLength": "0", "EventData.Version": null, "EventData.TotalTime": "53663", "EventData.DegradationTime": "49663", "EventData.PathLength": "83", "EventData.Path": "\"c:\\program files (x86)\\kaspersky lab\\kaspersky secure connection 5.9\\ksde.exe\" -r", "EventData.ProductNameLength": "0", "EventData.ProductName": null, "EventData.CompanyNameLength": "0", "EventData.CompanyName": null}
{"EventID": "203", "Channel": "Microsoft-Windows-Diagnostics-Performance/Operational", "Provider_Name": "Microsoft-Windows-Diagnostics-Performance", "Computer": "DESKTOP-OFJ6N53", "TimeCreated": "2023-03-20 08:38:08.843596+00:00", "RecordID": "204", "Level": "3", "UserID": "S-1-5-19", "EventData.StartTime": "2023-03-20 08:26:38.647720+00:00", "EventData.NameLength": "19", "EventData.Name": "com.docker.service", "EventData.FriendlyNameLength": "0", "EventData.FriendlyName": null, "EventData.VersionLength": "0", "EventData.Version": null, "EventData.TotalTime": "7250", "EventData.DegradationTime": "3250", "EventData.PathLength": "52", "EventData.Path": "\"c:\\program files\\docker\\docker\\com.docker.service\"", "EventData.ProductNameLength": "0", "EventData.ProductName": null, "EventData.CompanyNameLength": "0", "EventData.CompanyName": null}
{"EventID": "200", "Channel": "Microsoft-Windows-Diagnostics-Performance/Operational", "Provider_Name": "Microsoft-Windows-Diagnostics-Performance", "Computer": "DESKTOP-OFJ6N53", "TimeCreated": "2023-03-29 11:28:29.136658+00:00", "RecordID": "205", "Level": "1", "UserID": "S-1-5-19", "EventData.ShutdownTsVersion": "1", "EventData.ShutdownStartTime": "2023-03-29 11:04:39.620464+00:00", "EventData.ShutdownEndTime": "2023-03-29 11:06:40.740969+00:00", "EventData.ShutdownTime": "121120", "EventData.ShutdownUserSessionTime": "34791", "EventData.ShutdownUserPolicyTime": "290", "EventData.ShutdownUserProfilesTime": "1642", "EventData.ShutdownSystemSessionsTime": "7547", "EventData.ShutdownPreShutdownNotificationsTime": "905", "EventData.ShutdownServicesTime": "5023", "EventData.ShutdownKernelTime": "78781", "EventData.ShutdownRootCauseStepImprovementBits": "0", "EventData.ShutdownRootCauseGradualImprovementBits": "0", "EventData.ShutdownRootCauseStepDegradationBits": "0", "EventData.ShutdownRootCauseGradualDegradationBits": "0", "EventData.ShutdownIsDegradation": "False", "EventData.ShutdownTimeChange": "0"}
{"EventID": "203", "Channel": "Microsoft-Windows-Diagnostics-Performance/Operational", "Provider_Name": "Microsoft-Windows-Diagnostics-Performance", "Computer": "DESKTOP-OFJ6N53", "TimeCreated": "2023-03-29 11:28:29.147520+00:00", "RecordID": "206", "Level": "3", "UserID": "S-1-5-19", "EventData.StartTime": "2023-03-29 11:04:39.620464+00:00", "EventData.NameLength": "9", "EventData.Name": "EventLog", "EventData.FriendlyNameLength": "32", "EventData.FriendlyName": "Служба протоколирования событий", "EventData.VersionLength": "39", "EventData.Version": "10.0.19041.2604 (WinBuild.160101.0800)", "EventData.TotalTime": "4880", "EventData.DegradationTime": "3450", "EventData.PathLength": "32", "EventData.Path": "C:\\Windows\\System32\\wevtsvc.dll", "EventData.ProductNameLength": "41", "EventData.ProductName": "Операционная система Microsoft® Windows®", "EventData.CompanyNameLength": "22", "EventData.CompanyName": "Microsoft Corporation"}
{"EventID": "203", "Channel": "Microsoft-Windows-Diagnostics-Performance/Operational", "Provider_Name": "Microsoft-Windows-Diagnostics-Performance", "Computer": "DESKTOP-OFJ6N53", "TimeCreated": "2023-03-29 11:28:29.147532+00:00", "RecordID": "207", "Level": "3", "UserID": "S-1-5-19", "EventData.StartTime": "2023-03-29 11:04:39.620464+00:00", "EventData.NameLength": "7", "EventData.Name": "RasMan", "EventData.FriendlyNameLength": "41", "EventData.FriendlyName": "Диспетчер подключений удаленного доступа", "EventData.VersionLength": "39", "EventData.Version": "10.0.19041.2604 (WinBuild.160101.0800)", "EventData.TotalTime": "4462", "EventData.DegradationTime": "2907", "EventData.PathLength": "32", "EventData.Path": "C:\\Windows\\System32\\rasmans.dll", "EventData.ProductNameLength": "41", "EventData.ProductName": "Операционная система Microsoft® Windows®", "EventData.CompanyNameLength": "22", "EventData.CompanyName": "Microsoft Corporation"}
{"EventID": "203", "Channel": "Microsoft-Windows-Diagnostics-Performance/Operational", "Provider_Name": "Microsoft-Windows-Diagnostics-Performance", "Computer": "DESKTOP-OFJ6N53", "TimeCreated": "2023-03-29 11:28:29.148064+00:00", "RecordID": "208", "Level": "3", "UserID": "S-1-5-19", "EventData.StartTime": "2023-03-29 11:04:39.620464+00:00", "EventData.NameLength": "8", "EventData.Name": "AVP21.3", "EventData.FriendlyNameLength": "0", "EventData.FriendlyName": null, "EventData.VersionLength": "0", "EventData.Version": null, "EventData.TotalTime": "3123", "EventData.DegradationTime": "2274", "EventData.PathLength": "80", "EventData.Path": "\"c:\\program files (x86)\\kaspersky lab\\kaspersky security cloud 21.3\\avp.exe\" -r", "EventData.ProductNameLength": "0", "EventData.ProductName": null, "EventData.CompanyNameLength": "0", "EventData.CompanyName": null}
{"EventID": "203", "Channel": "Microsoft-Windows-Diagnostics-Performance/Operational", "Provider_Name": "Microsoft-Windows-Diagnostics-Performance", "Computer": "DESKTOP-OFJ6N53", "TimeCreated": "2023-03-29 11:28:29.148071+00:00", "RecordID": "209", "Level": "3", "UserID": "S-1-5-19", "EventData.StartTime": "2023-03-29 11:04:39.620464+00:00", "EventData.NameLength": "9", "EventData.Name": "FDResPub", "EventData.FriendlyNameLength": "47", "EventData.FriendlyName": "Служба публикации ресурсов обнаружения функции", "EventData.VersionLength": "39", "EventData.Version": "10.0.19041.2604 (WinBuild.160101.0800)", "EventData.TotalTime": "2744", "EventData.DegradationTime": "1547", "EventData.PathLength": "33", "EventData.Path": "C:\\Windows\\system32\\fdrespub.dll", "EventData.ProductNameLength": "41", "EventData.ProductName": "Операционная система Microsoft® Windows®", "EventData.CompanyNameLength": "22", "EventData.CompanyName": "Microsoft Corporation"}
{"EventID": "203", "Channel": "Microsoft-Windows-Diagnostics-Performance/Operational", "Provider_Name": "Microsoft-Windows-Diagnostics-Performance", "Computer": "DESKTOP-OFJ6N53", "TimeCreated": "2023-03-29 11:28:29.148079+00:00", "RecordID": "210", "Level": "3", "UserID": "S-1-5-19", "EventData.StartTime": "2023-03-29 11:04:39.620464+00:00", "EventData.NameLength": "8", "EventData.Name": "SstpSvc", "EventData.FriendlyNameLength": "99", "EventData.FriendlyName": "Обеспечивает возможность использования SSTP для подключения к удаленным компьютерам с помощью VPN.", "EventData.VersionLength": "39", "EventData.Version": "10.0.19041.2604 (WinBuild.160101.0800)", "EventData.TotalTime": "1949", "EventData.DegradationTime": "1543", "EventData.PathLength": "32", "EventData.Path": "C:\\Windows\\system32\\sstpsvc.dll", "EventData.ProductNameLength": "41", "EventData.ProductName": "Операционная система Microsoft® Windows®", "EventData.CompanyNameLength": "22", "EventData.CompanyName": "Microsoft Corporation"}
{"EventID": "203", "Channel": "Microsoft-Windows-Diagnostics-Performance/Operational", "Provider_Name": "Microsoft-Windows-Diagnostics-Performance", "Computer": "DESKTOP-OFJ6N53", "TimeCreated": "2023-03-29 11:28:29.148087+00:00", "RecordID": "211", "Level": "3", "UserID": "S-1-5-19", "EventData.StartTime": "2023-03-29 11:04:39.620464+00:00", "EventData.NameLength": "7", "EventData.Name": "wscsvc", "EventData.FriendlyNameLength": "47", "EventData.FriendlyName": "Служба центра обеспечения безопасности Windows", "EventData.VersionLength": "39", "EventData.Version": "10.0.19041.2604 (WinBuild.160101.0800)", "EventData.TotalTime": "2482", "EventData.DegradationTime": "1402", "EventData.PathLength": "31", "EventData.Path": "C:\\Windows\\System32\\wscsvc.dll", "EventData.ProductNameLength": "41", "EventData.ProductName": "Операционная система Microsoft® Windows®", "EventData.CompanyNameLength": "22", "EventData.CompanyName": "Microsoft Corporation"}
{"EventID": "203", "Channel": "Microsoft-Windows-Diagnostics-Performance/Operational", "Provider_Name": "Microsoft-Windows-Diagnostics-Performance", "Computer": "DESKTOP-OFJ6N53", "TimeCreated": "2023-03-29 11:28:29.148094+00:00", "RecordID": "212", "Level": "3", "UserID": "S-1-5-19", "EventData.StartTime": "2023-03-29 11:04:39.620464+00:00", "EventData.NameLength": "7", "EventData.Name": "PcaSvc", "EventData.FriendlyNameLength": "43", "EventData.FriendlyName": "Служба помощника по совместимости программ", "EventData.VersionLength": "39", "EventData.Version": "10.0.19041.2604 (WinBuild.160101.0800)", "EventData.TotalTime": "1539", "EventData.DegradationTime": "1372", "EventData.PathLength": "31", "EventData.Path": "C:\\Windows\\System32\\pcasvc.dll", "EventData.ProductNameLength": "41", "EventData.ProductName": "Операционная система Microsoft® Windows®", "EventData.CompanyNameLength": "22", "EventData.CompanyName": "Microsoft Corporation"}
{"EventID": "203", "Channel": "Microsoft-Windows-Diagnostics-Performance/Operational", "Provider_Name": "Microsoft-Windows-Diagnostics-Performance", "Computer": "DESKTOP-OFJ6N53", "TimeCreated": "2023-03-29 11:28:29.148100+00:00", "RecordID": "213", "Level": "3", "UserID": "S-1-5-19", "EventData.StartTime": "2023-03-29 11:04:39.620464+00:00", "EventData.NameLength": "7", "EventData.Name": "TrkWks", "EventData.FriendlyNameLength": "40", "EventData.FriendlyName": "Клиент отслеживания изменившихся связей", "EventData.VersionLength": "39", "EventData.Version": "10.0.19041.2604 (WinBuild.160101.0800)", "EventData.TotalTime": "1633", "EventData.DegradationTime": "1219", "EventData.PathLength": "31", "EventData.Path": "C:\\Windows\\System32\\trkwks.dll", "EventData.ProductNameLength": "41", "EventData.ProductName": "Операционная система Microsoft® Windows®", "EventData.CompanyNameLength": "22", "EventData.CompanyName": "Microsoft Corporation"}
{"EventID": "200", "Channel": "Microsoft-Windows-Diagnostics-Performance/Operational", "Provider_Name": "Microsoft-Windows-Diagnostics-Performance", "Computer": "DESKTOP-OFJ6N53", "TimeCreated": "2023-04-05 07:31:09.108620+00:00", "RecordID": "214", "Level": "3", "UserID": "S-1-5-19", "EventData.ShutdownTsVersion": "1", "EventData.ShutdownStartTime": "2023-04-05 07:26:19.240236+00:00", "EventData.ShutdownEndTime": "2023-04-05 07:26:57.378300+00:00", "EventData.ShutdownTime": "38138", "EventData.ShutdownUserSessionTime": "9761", "EventData.ShutdownUserPolicyTime": "190", "EventData.ShutdownUserProfilesTime": "339", "EventData.ShutdownSystemSessionsTime": "6846", "EventData.ShutdownPreShutdownNotificationsTime": "1293", "EventData.ShutdownServicesTime": "4995", "EventData.ShutdownKernelTime": "21529", "EventData.ShutdownRootCauseStepImprovementBits": "0", "EventData.ShutdownRootCauseGradualImprovementBits": "0", "EventData.ShutdownRootCauseStepDegradationBits": "0", "EventData.ShutdownRootCauseGradualDegradationBits": "0", "EventData.ShutdownIsDegradation": "False", "EventData.ShutdownTimeChange": "0"}
{"EventID": "203", "Channel": "Microsoft-Windows-Diagnostics-Performance/Operational", "Provider_Name": "Microsoft-Windows-Diagnostics-Performance", "Computer": "DESKTOP-OFJ6N53", "TimeCreated": "2023-04-05 07:31:09.188726+00:00", "RecordID": "215", "Level": "3", "UserID": "S-1-5-19", "EventData.StartTime": "2023-04-05 07:26:19.240236+00:00", "EventData.NameLength": "9", "EventData.Name": "vpnproxy", "EventData.FriendlyNameLength": "0", "EventData.FriendlyName": null, "EventData.VersionLength": "0", "EventData.Version": null, "EventData.TotalTime": "4075", "EventData.DegradationTime": "3529", "EventData.PathLength": "53", "EventData.Path": "\"c:\\program files (x86)\\s-terra client\\vpnproxy.exe\"", "EventData.ProductNameLength": "0", "EventData.ProductName": null, "EventData.CompanyNameLength": "0", "EventData.CompanyName": null}
{"EventID": "203", "Channel": "Microsoft-Windows-Diagnostics-Performance/Operational", "Provider_Name": "Microsoft-Windows-Diagnostics-Performance", "Computer": "DESKTOP-OFJ6N53", "TimeCreated": "2023-04-05 07:31:09.188738+00:00", "RecordID": "216", "Level": "3", "UserID": "S-1-5-19", "EventData.StartTime": "2023-04-05 07:26:19.240236+00:00", "EventData.NameLength": "25", "EventData.Name": "DeviceAssociationService", "EventData.FriendlyNameLength": "31", "EventData.FriendlyName": "Служба сопоставления устройств", "EventData.VersionLength": "39", "EventData.Version": "10.0.19041.2604 (WinBuild.160101.0800)", "EventData.TotalTime": "1680", "EventData.DegradationTime": "2279", "EventData.PathLength": "28", "EventData.Path": "C:\\Windows\\system32\\das.dll", "EventData.ProductNameLength": "41", "EventData.ProductName": "Операционная система Microsoft® Windows®", "EventData.CompanyNameLength": "22", "EventData.CompanyName": "Microsoft Corporation"}
{"EventID": "203", "Channel": "Microsoft-Windows-Diagnostics-Performance/Operational", "Provider_Name": "Microsoft-Windows-Diagnostics-Performance", "Computer": "DESKTOP-OFJ6N53", "TimeCreated": "2023-04-05 07:31:09.188755+00:00", "RecordID": "217", "Level": "3", "UserID": "S-1-5-19", "EventData.StartTime": "2023-04-05 07:26:19.240236+00:00", "EventData.NameLength": "16", "EventData.Name": "StateRepository", "EventData.FriendlyNameLength": "42", "EventData.FriendlyName": "Сервер Windows StateRepository API Server", "EventData.VersionLength": "39", "EventData.Version": "10.0.19041.2604 (WinBuild.160101.0800)", "EventData.TotalTime": "440", "EventData.DegradationTime": "1581", "EventData.PathLength": "48", "EventData.Path": "C:\\Windows\\system32\\windows.staterepository.dll", "EventData.ProductNameLength": "41", "EventData.ProductName": "Операционная система Microsoft® Windows®", "EventData.CompanyNameLength": "22", "EventData.CompanyName": "Microsoft Corporation"}
{"EventID": "203", "Channel": "Microsoft-Windows-Diagnostics-Performance/Operational", "Provider_Name": "Microsoft-Windows-Diagnostics-Performance", "Computer": "DESKTOP-OFJ6N53", "TimeCreated": "2023-04-05 07:31:09.188768+00:00", "RecordID": "218", "Level": "3", "UserID": "S-1-5-19", "EventData.StartTime": "2023-04-05 07:26:19.240236+00:00", "EventData.NameLength": "7", "EventData.Name": "Wcmsvc", "EventData.FriendlyNameLength": "53", "EventData.FriendlyName": "Библиотека DLL службы диспетчера подключений Windows", "EventData.VersionLength": "39", "EventData.Version": "10.0.19041.2604 (WinBuild.160101.0800)", "EventData.TotalTime": "2135", "EventData.DegradationTime": "1476", "EventData.PathLength": "31", "EventData.Path": "C:\\Windows\\System32\\wcmsvc.dll", "EventData.ProductNameLength": "41", "EventData.ProductName": "Операционная система Microsoft® Windows®", "EventData.CompanyNameLength": "22", "EventData.CompanyName": "Microsoft Corporation"}
{"EventID": "203", "Channel": "Microsoft-Windows-Diagnostics-Performance/Operational", "Provider_Name": "Microsoft-Windows-Diagnostics-Performance", "Computer": "DESKTOP-OFJ6N53", "TimeCreated": "2023-04-05 07:31:09.188776+00:00", "RecordID": "219", "Level": "3", "UserID": "S-1-5-19", "EventData.StartTime": "2023-04-05 07:26:19.240236+00:00", "EventData.NameLength": "9", "EventData.Name": "FDResPub", "EventData.FriendlyNameLength": "47", "EventData.FriendlyName": "Служба публикации ресурсов обнаружения функции", "EventData.VersionLength": "39", "EventData.Version": "10.0.19041.2604 (WinBuild.160101.0800)", "EventData.TotalTime": "2324", "EventData.DegradationTime": "1309", "EventData.PathLength": "33", "EventData.Path": "C:\\Windows\\system32\\fdrespub.dll", "EventData.ProductNameLength": "41", "EventData.ProductName": "Операционная система Microsoft® Windows®", "EventData.CompanyNameLength": "22", "EventData.CompanyName": "Microsoft Corporation"}
{"EventID": "203", "Channel": "Microsoft-Windows-Diagnostics-Performance/Operational", "Provider_Name": "Microsoft-Windows-Diagnostics-Performance", "Computer": "DESKTOP-OFJ6N53", "TimeCreated": "2023-04-05 07:31:09.188784+00:00", "RecordID": "220", "Level": "3", "UserID": "S-1-5-19", "EventData.StartTime": "2023-04-05 07:26:19.240236+00:00", "EventData.NameLength": "8", "EventData.Name": "SstpSvc", "EventData.FriendlyNameLength": "99", "EventData.FriendlyName": "Обеспечивает возможность использования SSTP для подключения к удаленным компьютерам с помощью VPN.", "EventData.VersionLength": "39", "EventData.Version": "10.0.19041.2604 (WinBuild.160101.0800)", "EventData.TotalTime": "878", "EventData.DegradationTime": "1155", "EventData.PathLength": "32", "EventData.Path": "C:\\Windows\\system32\\sstpsvc.dll", "EventData.ProductNameLength": "41", "EventData.ProductName": "Операционная система Microsoft® Windows®", "EventData.CompanyNameLength": "22", "EventData.CompanyName": "Microsoft Corporation"}
{"EventID": "200", "Channel": "Microsoft-Windows-Diagnostics-Performance/Operational", "Provider_Name": "Microsoft-Windows-Diagnostics-Performance", "Computer": "DESKTOP-OFJ6N53", "TimeCreated": "2023-04-05 15:23:37.352451+00:00", "RecordID": "221", "Level": "2", "UserID": "S-1-5-19", "EventData.ShutdownTsVersion": "1", "EventData.ShutdownStartTime": "2023-04-05 15:15:17.337990+00:00", "EventData.ShutdownEndTime": "2023-04-05 15:16:32.993382+00:00", "EventData.ShutdownTime": "75655", "EventData.ShutdownUserSessionTime": "12187", "EventData.ShutdownUserPolicyTime": "20", "EventData.ShutdownUserProfilesTime": "809", "EventData.ShutdownSystemSessionsTime": "8108", "EventData.ShutdownPreShutdownNotificationsTime": "1826", "EventData.ShutdownServicesTime": "5002", "EventData.ShutdownKernelTime": "55359", "EventData.ShutdownRootCauseStepImprovementBits": "0", "EventData.ShutdownRootCauseGradualImprovementBits": "0", "EventData.ShutdownRootCauseStepDegradationBits": "33", "EventData.ShutdownRootCauseGradualDegradationBits": "0", "EventData.ShutdownIsDegradation": "True", "EventData.ShutdownTimeChange": "37212"}
{"EventID": "203", "Channel": "Microsoft-Windows-Diagnostics-Performance/Operational", "Provider_Name": "Microsoft-Windows-Diagnostics-Performance", "Computer": "DESKTOP-OFJ6N53", "TimeCreated": "2023-04-05 15:23:37.377462+00:00", "RecordID": "222", "Level": "1", "UserID": "S-1-5-19", "EventData.StartTime": "2023-04-05 15:15:17.337990+00:00", "EventData.NameLength": "7", "EventData.Name": "vpnsvc", "EventData.FriendlyNameLength": "0", "EventData.FriendlyName": null, "EventData.VersionLength": "0", "EventData.Version": null, "EventData.TotalTime": "53538", "EventData.DegradationTime": "49663", "EventData.PathLength": "51", "EventData.Path": "\"c:\\program files (x86)\\s-terra client\\vpnsvc.exe\"", "EventData.ProductNameLength": "0", "EventData.ProductName": null, "EventData.CompanyNameLength": "0", "EventData.CompanyName": null}
{"EventID": "203", "Channel": "Microsoft-Windows-Diagnostics-Performance/Operational", "Provider_Name": "Microsoft-Windows-Diagnostics-Performance", "Computer": "DESKTOP-OFJ6N53", "TimeCreated": "2023-04-05 15:23:37.377476+00:00", "RecordID": "223", "Level": "3", "UserID": "S-1-5-19", "EventData.StartTime": "2023-04-05 15:15:17.337990+00:00", "EventData.NameLength": "7", "EventData.Name": "Wcmsvc", "EventData.FriendlyNameLength": "53", "EventData.FriendlyName": "Библиотека DLL службы диспетчера подключений Windows", "EventData.VersionLength": "39", "EventData.Version": "10.0.19041.2604 (WinBuild.160101.0800)", "EventData.TotalTime": "2618", "EventData.DegradationTime": "1886", "EventData.PathLength": "31", "EventData.Path": "C:\\Windows\\System32\\wcmsvc.dll", "EventData.ProductNameLength": "41", "EventData.ProductName": "Операционная система Microsoft® Windows®", "EventData.CompanyNameLength": "22", "EventData.CompanyName": "Microsoft Corporation"}
{"EventID": "203", "Channel": "Microsoft-Windows-Diagnostics-Performance/Operational", "Provider_Name": "Microsoft-Windows-Diagnostics-Performance", "Computer": "DESKTOP-OFJ6N53", "TimeCreated": "2023-04-05 15:23:37.377483+00:00", "RecordID": "224", "Level": "3", "UserID": "S-1-5-19", "EventData.StartTime": "2023-04-05 15:15:17.337990+00:00", "EventData.NameLength": "18", "EventData.Name": "CWAUpdaterService", "EventData.FriendlyNameLength": "0", "EventData.FriendlyName": null, "EventData.VersionLength": "0", "EventData.Version": null, "EventData.TotalTime": "2048", "EventData.DegradationTime": "1542", "EventData.PathLength": "71", "EventData.Path": "\"c:\\program files (x86)\\citrix\\ica client\\receiver\\updaterservice.exe\"", "EventData.ProductNameLength": "0", "EventData.ProductName": null, "EventData.CompanyNameLength": "0", "EventData.CompanyName": null}
{"EventID": "203", "Channel": "Microsoft-Windows-Diagnostics-Performance/Operational", "Provider_Name": "Microsoft-Windows-Diagnostics-Performance", "Computer": "DESKTOP-OFJ6N53", "TimeCreated": "2023-04-05 15:23:37.377493+00:00", "RecordID": "225", "Level": "3", "UserID": "S-1-5-19", "EventData.StartTime": "2023-04-05 15:15:17.337990+00:00", "EventData.NameLength": "20", "EventData.Name": "WinHttpAutoProxySvc", "EventData.FriendlyNameLength": "20", "EventData.FriendlyName": "Службы HTTP Windows", "EventData.VersionLength": "39", "EventData.Version": "10.0.19041.2604 (WinBuild.160101.0800)", "EventData.TotalTime": "1097", "EventData.DegradationTime": "1041", "EventData.PathLength": "32", "EventData.Path": "C:\\Windows\\system32\\winhttp.dll", "EventData.ProductNameLength": "41", "EventData.ProductName": "Операционная система Microsoft® Windows®", "EventData.CompanyNameLength": "22", "EventData.CompanyName": "Microsoft Corporation"}
