{"EventID": "509", "Channel": "Microsoft-Windows-Storage-ClassPnP/Operational", "Provider_Name": "Microsoft-Windows-StorDiag", "Computer": "WIN-E725EAE32MJ", "TimeCreated": "2022-02-24 08:24:36.058672+00:00", "RecordID": "1", "Level": "2", "UserID": "S-1-5-18", "EventData.DeviceGUID": "{2572a960-954b-11ec-a6b8-806e6f6e6963}", "EventData.DeviceNumber": "0", "EventData.Vendor": "VMware", "EventData.Model": "Virtual disk", "EventData.FirmwareVersion": "2.0", "EventData.SerialNumber": "NULL", "EventData.IrpStatus": "0x80000011", "EventData.IrpMinorFunction": "1", "EventData.PnPType": "0", "EventData.PnPUsageInPath": "False", "EventData.CurrentPnpState": "0", "EventData.PreviousPnpState": "255", "EventData.PagingPathUsageCount": "3", "EventData.HibernationPathUsageCount": "0", "EventData.DumpPathUsageCount": "1"}
{"EventID": "506", "Channel": "Microsoft-Windows-Storage-ClassPnP/Operational", "Provider_Name": "Microsoft-Windows-StorDiag", "Computer": "DESKTOP-OFJ6N53", "TimeCreated": "2023-04-20 22:25:59.112318+00:00", "RecordID": "2", "Level": "2", "UserID": "", "EventData.DeviceGUID": "{2a6e3bfe-d957-11ed-a710-806e6f6e6963}", "EventData.DeviceNumber": "0", "EventData.Vendor": "VMware", "EventData.Model": "Virtual disk", "EventData.FirmwareVersion": "2.0", "EventData.SerialNumber": "NULL", "EventData.DownLevelIrpStatus": "0xc0000185", "EventData.SrbStatus": "4", "EventData.ScsiStatus": "34", "EventData.SenseKey": "0", "EventData.AdditionalSenseCode": "0", "EventData.AdditionalSenseCodeQualifier": "0", "EventData.CdbByteCount": "10", "EventData.CdbBytes": "KgAABVSoAAAwAA==", "EventData.NumberOfRetriesDone": "4"}
{"EventID": "501", "Channel": "Microsoft-Windows-Storage-ClassPnP/Operational", "Provider_Name": "Microsoft-Windows-StorDiag", "Computer": "DESKTOP-OFJ6N53", "TimeCreated": "2023-04-20 22:25:59.121410+00:00", "RecordID": "3", "Level": "2", "UserID": "", "EventData.DeviceGUID": "{2a6e3bfe-d957-11ed-a710-806e6f6e6963}", "EventData.DeviceNumber": "0", "EventData.Vendor": "VMware", "EventData.Model": "Virtual disk", "EventData.FirmwareVersion": "2.0", "EventData.SerialNumber": "NULL", "EventData.IrpStatus": "0xc0000185", "EventData.LBA": "0x00000000000554a8", "EventData.TransferByteCount": "24576", "EventData.NvCachePriority": "255", "EventData.PagingPriority": "2"}
{"EventID": "506", "Channel": "Microsoft-Windows-Storage-ClassPnP/Operational", "Provider_Name": "Microsoft-Windows-StorDiag", "Computer": "DESKTOP-OFJ6N53", "TimeCreated": "2023-04-20 22:27:14.061350+00:00", "RecordID": "4", "Level": "2", "UserID": "", "EventData.DeviceGUID": "{2a6e3bfe-d957-11ed-a710-806e6f6e6963}", "EventData.DeviceNumber": "0", "EventData.Vendor": "VMware", "EventData.Model": "Virtual disk", "EventData.FirmwareVersion": "2.0", "EventData.SerialNumber": "NULL", "EventData.DownLevelIrpStatus": "0xc0000185", "EventData.SrbStatus": "4", "EventData.ScsiStatus": "34", "EventData.SenseKey": "0", "EventData.AdditionalSenseCode": "0", "EventData.AdditionalSenseCodeQualifier": "0", "EventData.CdbByteCount": "10", "EventData.CdbBytes": "KgAAdhmgAAAYAA==", "EventData.NumberOfRetriesDone": "4"}
{"EventID": "503", "Channel": "Microsoft-Windows-Storage-ClassPnP/Operational", "Provider_Name": "Microsoft-Windows-StorDiag", "Computer": "DESKTOP-OFJ6N53", "TimeCreated": "2023-04-20 22:27:14.061352+00:00", "RecordID": "5", "Level": "2", "UserID": "", "EventData.DeviceGUID": "{2a6e3bfe-d957-11ed-a710-806e6f6e6963}", "EventData.DeviceNumber": "0", "EventData.Vendor": "VMware", "EventData.Model": "Virtual disk", "EventData.FirmwareVersion": "2.0", "EventData.SerialNumber": "NULL", "EventData.IrpStatus": "0xc0000185", "EventData.LBA": "0x00000000007619a0", "EventData.TransferByteCount": "12288", "EventData.NvCachePriority": "255", "EventData.PagingPriority": "1"}
{"EventID": "506", "Channel": "Microsoft-Windows-Storage-ClassPnP/Operational", "Provider_Name": "Microsoft-Windows-StorDiag", "Computer": "DESKTOP-OFJ6N53", "TimeCreated": "2023-04-20 22:28:20.905909+00:00", "RecordID": "6", "Level": "2", "UserID": "", "EventData.DeviceGUID": "{2a6e3bfe-d957-11ed-a710-806e6f6e6963}", "EventData.DeviceNumber": "0", "EventData.Vendor": "VMware", "EventData.Model": "Virtual disk", "EventData.FirmwareVersion": "2.0", "EventData.SerialNumber": "NULL", "EventData.DownLevelIrpStatus": "0xc0000185", "EventData.SrbStatus": "4", "EventData.ScsiStatus": "34", "EventData.SenseKey": "0", "EventData.AdditionalSenseCode": "0", "EventData.AdditionalSenseCodeQualifier": "0", "EventData.CdbByteCount": "10", "EventData.CdbBytes": "KgAAYZGIAAAIAA==", "EventData.NumberOfRetriesDone": "4"}
{"EventID": "503", "Channel": "Microsoft-Windows-Storage-ClassPnP/Operational", "Provider_Name": "Microsoft-Windows-StorDiag", "Computer": "DESKTOP-OFJ6N53", "TimeCreated": "2023-04-20 22:28:20.905910+00:00", "RecordID": "7", "Level": "2", "UserID": "", "EventData.DeviceGUID": "{2a6e3bfe-d957-11ed-a710-806e6f6e6963}", "EventData.DeviceNumber": "0", "EventData.Vendor": "VMware", "EventData.Model": "Virtual disk", "EventData.FirmwareVersion": "2.0", "EventData.SerialNumber": "NULL", "EventData.IrpStatus": "0xc0000185", "EventData.LBA": "0x0000000000619188", "EventData.TransferByteCount": "4096", "EventData.NvCachePriority": "255", "EventData.PagingPriority": "1"}
{"EventID": "506", "Channel": "Microsoft-Windows-Storage-ClassPnP/Operational", "Provider_Name": "Microsoft-Windows-StorDiag", "Computer": "DESKTOP-OFJ6N53", "TimeCreated": "2023-04-20 22:29:26.701956+00:00", "RecordID": "8", "Level": "2", "UserID": "", "EventData.DeviceGUID": "{2a6e3bfe-d957-11ed-a710-806e6f6e6963}", "EventData.DeviceNumber": "0", "EventData.Vendor": "VMware", "EventData.Model": "Virtual disk", "EventData.FirmwareVersion": "2.0", "EventData.SerialNumber": "NULL", "EventData.DownLevelIrpStatus": "0xc0000185", "EventData.SrbStatus": "4", "EventData.ScsiStatus": "34", "EventData.SenseKey": "0", "EventData.AdditionalSenseCode": "0", "EventData.AdditionalSenseCodeQualifier": "0", "EventData.CdbByteCount": "10", "EventData.CdbBytes": "KgAFI4lwAABAAA==", "EventData.NumberOfRetriesDone": "4"}
{"EventID": "501", "Channel": "Microsoft-Windows-Storage-ClassPnP/Operational", "Provider_Name": "Microsoft-Windows-StorDiag", "Computer": "DESKTOP-OFJ6N53", "TimeCreated": "2023-04-20 22:29:26.701960+00:00", "RecordID": "9", "Level": "2", "UserID": "", "EventData.DeviceGUID": "{2a6e3bfe-d957-11ed-a710-806e6f6e6963}", "EventData.DeviceNumber": "0", "EventData.Vendor": "VMware", "EventData.Model": "Virtual disk", "EventData.FirmwareVersion": "2.0", "EventData.SerialNumber": "NULL", "EventData.IrpStatus": "0xc0000185", "EventData.LBA": "0x0000000005238970", "EventData.TransferByteCount": "32768", "EventData.NvCachePriority": "255", "EventData.PagingPriority": "2"}
{"EventID": "506", "Channel": "Microsoft-Windows-Storage-ClassPnP/Operational", "Provider_Name": "Microsoft-Windows-StorDiag", "Computer": "DESKTOP-OFJ6N53", "TimeCreated": "2023-04-20 22:31:38.259468+00:00", "RecordID": "10", "Level": "2", "UserID": "", "EventData.DeviceGUID": "{2a6e3bfe-d957-11ed-a710-806e6f6e6963}", "EventData.DeviceNumber": "0", "EventData.Vendor": "VMware", "EventData.Model": "Virtual disk", "EventData.FirmwareVersion": "2.0", "EventData.SerialNumber": "NULL", "EventData.DownLevelIrpStatus": "0xc0000185", "EventData.SrbStatus": "4", "EventData.ScsiStatus": "34", "EventData.SenseKey": "0", "EventData.AdditionalSenseCode": "0", "EventData.AdditionalSenseCodeQualifier": "0", "EventData.CdbByteCount": "10", "EventData.CdbBytes": "KgABXNtAAAAIAA==", "EventData.NumberOfRetriesDone": "4"}
{"EventID": "503", "Channel": "Microsoft-Windows-Storage-ClassPnP/Operational", "Provider_Name": "Microsoft-Windows-StorDiag", "Computer": "DESKTOP-OFJ6N53", "TimeCreated": "2023-04-20 22:31:38.259474+00:00", "RecordID": "11", "Level": "2", "UserID": "", "EventData.DeviceGUID": "{2a6e3bfe-d957-11ed-a710-806e6f6e6963}", "EventData.DeviceNumber": "0", "EventData.Vendor": "VMware", "EventData.Model": "Virtual disk", "EventData.FirmwareVersion": "2.0", "EventData.SerialNumber": "NULL", "EventData.IrpStatus": "0xc0000185", "EventData.LBA": "0x00000000015cdb40", "EventData.TransferByteCount": "4096", "EventData.NvCachePriority": "255", "EventData.PagingPriority": "1"}
{"EventID": "506", "Channel": "Microsoft-Windows-Storage-ClassPnP/Operational", "Provider_Name": "Microsoft-Windows-StorDiag", "Computer": "DESKTOP-OFJ6N53", "TimeCreated": "2023-04-20 22:36:24.193501+00:00", "RecordID": "12", "Level": "2", "UserID": "", "EventData.DeviceGUID": "{2a6e3bfe-d957-11ed-a710-806e6f6e6963}", "EventData.DeviceNumber": "0", "EventData.Vendor": "VMware", "EventData.Model": "Virtual disk", "EventData.FirmwareVersion": "2.0", "EventData.SerialNumber": "NULL", "EventData.DownLevelIrpStatus": "0xc0000185", "EventData.SrbStatus": "4", "EventData.ScsiStatus": "34", "EventData.SenseKey": "0", "EventData.AdditionalSenseCode": "0", "EventData.AdditionalSenseCodeQualifier": "0", "EventData.CdbByteCount": "10", "EventData.CdbBytes": "KgAAuReYAAAQAA==", "EventData.NumberOfRetriesDone": "4"}
{"EventID": "503", "Channel": "Microsoft-Windows-Storage-ClassPnP/Operational", "Provider_Name": "Microsoft-Windows-StorDiag", "Computer": "DESKTOP-OFJ6N53", "TimeCreated": "2023-04-20 22:36:24.193504+00:00", "RecordID": "13", "Level": "2", "UserID": "", "EventData.DeviceGUID": "{2a6e3bfe-d957-11ed-a710-806e6f6e6963}", "EventData.DeviceNumber": "0", "EventData.Vendor": "VMware", "EventData.Model": "Virtual disk", "EventData.FirmwareVersion": "2.0", "EventData.SerialNumber": "NULL", "EventData.IrpStatus": "0xc0000185", "EventData.LBA": "0x0000000000b91798", "EventData.TransferByteCount": "8192", "EventData.NvCachePriority": "255", "EventData.PagingPriority": "1"}
{"EventID": "505", "Channel": "Microsoft-Windows-Storage-ClassPnP/Operational", "Provider_Name": "Microsoft-Windows-StorDiag", "Computer": "DESKTOP-OFJ6N53", "TimeCreated": "2023-04-20 22:43:20.135561+00:00", "RecordID": "14", "Level": "2", "UserID": "", "EventData.DeviceGUID": "{2a6e3bfe-d957-11ed-a710-806e6f6e6963}", "EventData.DeviceNumber": "0", "EventData.Vendor": "VMware", "EventData.Model": "Virtual disk", "EventData.FirmwareVersion": "2.0", "EventData.SerialNumber": "NULL", "EventData.DownLevelIrpStatus": "0xc0000185", "EventData.SrbStatus": "4", "EventData.ScsiStatus": "34", "EventData.SenseKey": "0", "EventData.AdditionalSenseCode": "0", "EventData.AdditionalSenseCodeQualifier": "0", "EventData.CdbByteCount": "10", "EventData.CdbBytes": "KAAALgPCAABAAA==", "EventData.NumberOfRetriesDone": "4"}
{"EventID": "502", "Channel": "Microsoft-Windows-Storage-ClassPnP/Operational", "Provider_Name": "Microsoft-Windows-StorDiag", "Computer": "DESKTOP-OFJ6N53", "TimeCreated": "2023-04-20 22:43:20.135611+00:00", "RecordID": "15", "Level": "2", "UserID": "", "EventData.DeviceGUID": "{2a6e3bfe-d957-11ed-a710-806e6f6e6963}", "EventData.DeviceNumber": "0", "EventData.Vendor": "VMware", "EventData.Model": "Virtual disk", "EventData.FirmwareVersion": "2.0", "EventData.SerialNumber": "NULL", "EventData.IrpStatus": "0xc0000185", "EventData.LBA": "0x00000000002e03c2", "EventData.TransferByteCount": "32768", "EventData.NvCachePriority": "255", "EventData.PagingPriority": "1"}
