{"EventID": "2", "Channel": "Microsoft-Windows-User Profile Service/Operational", "Provider_Name": "Microsoft-Windows-User Profiles Service", "Computer": "DESKTOP-OFJ6N53", "TimeCreated": "2025-07-07 13:12:01.450882+00:00", "RecordID": "1204", "Level": "4", "UserID": "S-1-5-21-963789628-1060504924-4285088085-1001", "EventData.Session": "2"}
{"EventID": "3", "Channel": "Microsoft-Windows-User Profile Service/Operational", "Provider_Name": "Microsoft-Windows-User Profiles Service", "Computer": "DESKTOP-OFJ6N53", "TimeCreated": "2025-07-09 14:38:04.988401+00:00", "RecordID": "1205", "Level": "4", "UserID": "S-1-5-21-963789628-1060504924-4285088085-1001", "EventData.Session": "2"}
{"EventID": "4", "Channel": "Microsoft-Windows-User Profile Service/Operational", "Provider_Name": "Microsoft-Windows-User Profiles Service", "Computer": "DESKTOP-OFJ6N53", "TimeCreated": "2025-07-09 14:38:05.152079+00:00", "RecordID": "1206", "Level": "4", "UserID": "S-1-5-21-963789628-1060504924-4285088085-1001", "EventData.Session": "2"}
{"EventID": "1", "Channel": "Microsoft-Windows-User Profile Service/Operational", "Provider_Name": "Microsoft-Windows-User Profiles Service", "Computer": "DESKTOP-OFJ6N53", "TimeCreated": "2025-07-14 09:52:10.963278+00:00", "RecordID": "1207", "Level": "4", "UserID": "S-1-5-21-963789628-1060504924-4285088085-1001", "EventData.Session": "2"}
{"EventID": "5", "Channel": "Microsoft-Windows-User Profile Service/Operational", "Provider_Name": "Microsoft-Windows-User Profiles Service", "Computer": "DESKTOP-OFJ6N53", "TimeCreated": "2025-07-14 09:52:11.023346+00:00", "RecordID": "1208", "Level": "4", "UserID": "S-1-5-18", "EventData.File": "C:\\Users\\sk.batsiev\\ntuser.dat", "EventData.Key": "S-1-5-21-963789628-1060504924-4285088085-1001"}
{"EventID": "5", "Channel": "Microsoft-Windows-User Profile Service/Operational", "Provider_Name": "Microsoft-Windows-User Profiles Service", "Computer": "DESKTOP-OFJ6N53", "TimeCreated": "2025-07-14 09:52:11.092272+00:00", "RecordID": "1209", "Level": "4", "UserID": "S-1-5-18", "EventData.File": "C:\\Users\\sk.batsiev\\AppData\\Local\\Microsoft\\Windows\\\\UsrClass.dat", "EventData.Key": "S-1-5-21-963789628-1060504924-4285088085-1001_Classes"}
{"EventID": "67", "Channel": "Microsoft-Windows-User Profile Service/Operational", "Provider_Name": "Microsoft-Windows-User Profiles Service", "Computer": "DESKTOP-OFJ6N53", "TimeCreated": "2025-07-14 09:52:11.095970+00:00", "RecordID": "1210", "Level": "4", "UserID": "S-1-5-18", "EventData.LogonType": "Regular", "EventData.LocalPath": "C:\\Users\\sk.batsiev", "EventData.ProfileType": "Regular"}
{"EventID": "2", "Channel": "Microsoft-Windows-User Profile Service/Operational", "Provider_Name": "Microsoft-Windows-User Profiles Service", "Computer": "DESKTOP-OFJ6N53", "TimeCreated": "2025-07-14 09:52:13.299330+00:00", "RecordID": "1211", "Level": "4", "UserID": "S-1-5-21-963789628-1060504924-4285088085-1001", "EventData.Session": "2"}
{"EventID": "3", "Channel": "Microsoft-Windows-User Profile Service/Operational", "Provider_Name": "Microsoft-Windows-User Profiles Service", "Computer": "DESKTOP-OFJ6N53", "TimeCreated": "2025-07-24 21:28:37.143084+00:00", "RecordID": "1212", "Level": "4", "UserID": "S-1-5-21-963789628-1060504924-4285088085-1001", "EventData.Session": "2"}
{"EventID": "4", "Channel": "Microsoft-Windows-User Profile Service/Operational", "Provider_Name": "Microsoft-Windows-User Profiles Service", "Computer": "DESKTOP-OFJ6N53", "TimeCreated": "2025-07-24 21:28:37.180979+00:00", "RecordID": "1213", "Level": "4", "UserID": "S-1-5-21-963789628-1060504924-4285088085-1001", "EventData.Session": "2"}
{"EventID": "1", "Channel": "Microsoft-Windows-User Profile Service/Operational", "Provider_Name": "Microsoft-Windows-User Profiles Service", "Computer": "DESKTOP-OFJ6N53", "TimeCreated": "2025-07-24 21:30:34.174908+00:00", "RecordID": "1214", "Level": "4", "UserID": "S-1-5-21-963789628-1060504924-4285088085-1001", "EventData.Session": "2"}
{"EventID": "5", "Channel": "Microsoft-Windows-User Profile Service/Operational", "Provider_Name": "Microsoft-Windows-User Profiles Service", "Computer": "DESKTOP-OFJ6N53", "TimeCreated": "2025-07-24 21:30:34.238840+00:00", "RecordID": "1215", "Level": "4", "UserID": "S-1-5-18", "EventData.File": "C:\\Users\\sk.batsiev\\ntuser.dat", "EventData.Key": "S-1-5-21-963789628-1060504924-4285088085-1001"}
{"EventID": "5", "Channel": "Microsoft-Windows-User Profile Service/Operational", "Provider_Name": "Microsoft-Windows-User Profiles Service", "Computer": "DESKTOP-OFJ6N53", "TimeCreated": "2025-07-24 21:30:34.347349+00:00", "RecordID": "1216", "Level": "4", "UserID": "S-1-5-18", "EventData.File": "C:\\Users\\sk.batsiev\\AppData\\Local\\Microsoft\\Windows\\\\UsrClass.dat", "EventData.Key": "S-1-5-21-963789628-1060504924-4285088085-1001_Classes"}
{"EventID": "67", "Channel": "Microsoft-Windows-User Profile Service/Operational", "Provider_Name": "Microsoft-Windows-User Profiles Service", "Computer": "DESKTOP-OFJ6N53", "TimeCreated": "2025-07-24 21:30:34.350790+00:00", "RecordID": "1217", "Level": "4", "UserID": "S-1-5-18", "EventData.LogonType": "Regular", "EventData.LocalPath": "C:\\Users\\sk.batsiev", "EventData.ProfileType": "Regular"}
{"EventID": "2", "Channel": "Microsoft-Windows-User Profile Service/Operational", "Provider_Name": "Microsoft-Windows-User Profiles Service", "Computer": "DESKTOP-OFJ6N53", "TimeCreated": "2025-07-24 21:30:36.145130+00:00", "RecordID": "1218", "Level": "4", "UserID": "S-1-5-21-963789628-1060504924-4285088085-1001", "EventData.Session": "2"}
{"EventID": "1", "Channel": "Microsoft-Windows-User Profile Service/Operational", "Provider_Name": "Microsoft-Windows-User Profiles Service", "Computer": "DESKTOP-OFJ6N53", "TimeCreated": "2025-07-31 08:14:01.308941+00:00", "RecordID": "1219", "Level": "4", "UserID": "S-1-5-21-963789628-1060504924-4285088085-1001", "EventData.Session": "1"}
{"EventID": "5", "Channel": "Microsoft-Windows-User Profile Service/Operational", "Provider_Name": "Microsoft-Windows-User Profiles Service", "Computer": "DESKTOP-OFJ6N53", "TimeCreated": "2025-07-31 08:14:01.375309+00:00", "RecordID": "1220", "Level": "4", "UserID": "S-1-5-18", "EventData.File": "C:\\Users\\sk.batsiev\\ntuser.dat", "EventData.Key": "S-1-5-21-963789628-1060504924-4285088085-1001"}
{"EventID": "5", "Channel": "Microsoft-Windows-User Profile Service/Operational", "Provider_Name": "Microsoft-Windows-User Profiles Service", "Computer": "DESKTOP-OFJ6N53", "TimeCreated": "2025-07-31 08:14:01.469774+00:00", "RecordID": "1221", "Level": "4", "UserID": "S-1-5-18", "EventData.File": "C:\\Users\\sk.batsiev\\AppData\\Local\\Microsoft\\Windows\\\\UsrClass.dat", "EventData.Key": "S-1-5-21-963789628-1060504924-4285088085-1001_Classes"}
{"EventID": "67", "Channel": "Microsoft-Windows-User Profile Service/Operational", "Provider_Name": "Microsoft-Windows-User Profiles Service", "Computer": "DESKTOP-OFJ6N53", "TimeCreated": "2025-07-31 08:14:01.473066+00:00", "RecordID": "1222", "Level": "4", "UserID": "S-1-5-18", "EventData.LogonType": "Regular", "EventData.LocalPath": "C:\\Users\\sk.batsiev", "EventData.ProfileType": "Regular"}
{"EventID": "2", "Channel": "Microsoft-Windows-User Profile Service/Operational", "Provider_Name": "Microsoft-Windows-User Profiles Service", "Computer": "DESKTOP-OFJ6N53", "TimeCreated": "2025-07-31 08:14:03.216606+00:00", "RecordID": "1223", "Level": "4", "UserID": "S-1-5-21-963789628-1060504924-4285088085-1001", "EventData.Session": "1"}
{"EventID": "3", "Channel": "Microsoft-Windows-User Profile Service/Operational", "Provider_Name": "Microsoft-Windows-User Profiles Service", "Computer": "DESKTOP-OFJ6N53", "TimeCreated": "2025-08-12 12:16:16.051395+00:00", "RecordID": "1224", "Level": "4", "UserID": "S-1-5-21-963789628-1060504924-4285088085-1001", "EventData.Session": "1"}
{"EventID": "4", "Channel": "Microsoft-Windows-User Profile Service/Operational", "Provider_Name": "Microsoft-Windows-User Profiles Service", "Computer": "DESKTOP-OFJ6N53", "TimeCreated": "2025-08-12 12:16:16.069923+00:00", "RecordID": "1225", "Level": "4", "UserID": "S-1-5-21-963789628-1060504924-4285088085-1001", "EventData.Session": "1"}
{"EventID": "1", "Channel": "Microsoft-Windows-User Profile Service/Operational", "Provider_Name": "Microsoft-Windows-User Profiles Service", "Computer": "DESKTOP-OFJ6N53", "TimeCreated": "2025-08-12 12:17:39.201387+00:00", "RecordID": "1226", "Level": "4", "UserID": "S-1-5-21-963789628-1060504924-4285088085-1001", "EventData.Session": "1"}
{"EventID": "5", "Channel": "Microsoft-Windows-User Profile Service/Operational", "Provider_Name": "Microsoft-Windows-User Profiles Service", "Computer": "DESKTOP-OFJ6N53", "TimeCreated": "2025-08-12 12:17:39.463402+00:00", "RecordID": "1227", "Level": "4", "UserID": "S-1-5-18", "EventData.File": "C:\\Users\\sk.batsiev\\ntuser.dat", "EventData.Key": "S-1-5-21-963789628-1060504924-4285088085-1001"}
{"EventID": "5", "Channel": "Microsoft-Windows-User Profile Service/Operational", "Provider_Name": "Microsoft-Windows-User Profiles Service", "Computer": "DESKTOP-OFJ6N53", "TimeCreated": "2025-08-12 12:17:39.942844+00:00", "RecordID": "1228", "Level": "4", "UserID": "S-1-5-18", "EventData.File": "C:\\Users\\sk.batsiev\\AppData\\Local\\Microsoft\\Windows\\\\UsrClass.dat", "EventData.Key": "S-1-5-21-963789628-1060504924-4285088085-1001_Classes"}
{"EventID": "67", "Channel": "Microsoft-Windows-User Profile Service/Operational", "Provider_Name": "Microsoft-Windows-User Profiles Service", "Computer": "DESKTOP-OFJ6N53", "TimeCreated": "2025-08-12 12:17:39.946501+00:00", "RecordID": "1229", "Level": "4", "UserID": "S-1-5-18", "EventData.LogonType": "Regular", "EventData.LocalPath": "C:\\Users\\sk.batsiev", "EventData.ProfileType": "Regular"}
{"EventID": "2", "Channel": "Microsoft-Windows-User Profile Service/Operational", "Provider_Name": "Microsoft-Windows-User Profiles Service", "Computer": "DESKTOP-OFJ6N53", "TimeCreated": "2025-08-12 12:17:47.714201+00:00", "RecordID": "1230", "Level": "4", "UserID": "S-1-5-21-963789628-1060504924-4285088085-1001", "EventData.Session": "1"}
{"EventID": "3", "Channel": "Microsoft-Windows-User Profile Service/Operational", "Provider_Name": "Microsoft-Windows-User Profiles Service", "Computer": "DESKTOP-OFJ6N53", "TimeCreated": "2025-08-13 14:36:13.872505+00:00", "RecordID": "1231", "Level": "4", "UserID": "S-1-5-21-963789628-1060504924-4285088085-1001", "EventData.Session": "1"}
{"EventID": "4", "Channel": "Microsoft-Windows-User Profile Service/Operational", "Provider_Name": "Microsoft-Windows-User Profiles Service", "Computer": "DESKTOP-OFJ6N53", "TimeCreated": "2025-08-13 14:36:14.291784+00:00", "RecordID": "1232", "Level": "4", "UserID": "S-1-5-21-963789628-1060504924-4285088085-1001", "EventData.Session": "1"}
{"EventID": "1", "Channel": "Microsoft-Windows-User Profile Service/Operational", "Provider_Name": "Microsoft-Windows-User Profiles Service", "Computer": "DESKTOP-OFJ6N53", "TimeCreated": "2025-08-13 14:42:57.327688+00:00", "RecordID": "1233", "Level": "4", "UserID": "S-1-5-21-963789628-1060504924-4285088085-1001", "EventData.Session": "1"}
{"EventID": "5", "Channel": "Microsoft-Windows-User Profile Service/Operational", "Provider_Name": "Microsoft-Windows-User Profiles Service", "Computer": "DESKTOP-OFJ6N53", "TimeCreated": "2025-08-13 14:42:57.999792+00:00", "RecordID": "1234", "Level": "4", "UserID": "S-1-5-18", "EventData.File": "C:\\Users\\sk.batsiev\\ntuser.dat", "EventData.Key": "S-1-5-21-963789628-1060504924-4285088085-1001"}
{"EventID": "5", "Channel": "Microsoft-Windows-User Profile Service/Operational", "Provider_Name": "Microsoft-Windows-User Profiles Service", "Computer": "DESKTOP-OFJ6N53", "TimeCreated": "2025-08-13 14:42:58.294191+00:00", "RecordID": "1235", "Level": "4", "UserID": "S-1-5-18", "EventData.File": "C:\\Users\\sk.batsiev\\AppData\\Local\\Microsoft\\Windows\\\\UsrClass.dat", "EventData.Key": "S-1-5-21-963789628-1060504924-4285088085-1001_Classes"}
{"EventID": "67", "Channel": "Microsoft-Windows-User Profile Service/Operational", "Provider_Name": "Microsoft-Windows-User Profiles Service", "Computer": "DESKTOP-OFJ6N53", "TimeCreated": "2025-08-13 14:42:58.297600+00:00", "RecordID": "1236", "Level": "4", "UserID": "S-1-5-18", "EventData.LogonType": "Regular", "EventData.LocalPath": "C:\\Users\\sk.batsiev", "EventData.ProfileType": "Regular"}
{"EventID": "2", "Channel": "Microsoft-Windows-User Profile Service/Operational", "Provider_Name": "Microsoft-Windows-User Profiles Service", "Computer": "DESKTOP-OFJ6N53", "TimeCreated": "2025-08-13 14:43:02.416447+00:00", "RecordID": "1237", "Level": "4", "UserID": "S-1-5-21-963789628-1060504924-4285088085-1001", "EventData.Session": "1"}
{"EventID": "3", "Channel": "Microsoft-Windows-User Profile Service/Operational", "Provider_Name": "Microsoft-Windows-User Profiles Service", "Computer": "DESKTOP-OFJ6N53", "TimeCreated": "2025-08-19 07:17:58.608976+00:00", "RecordID": "1238", "Level": "4", "UserID": "S-1-5-21-963789628-1060504924-4285088085-1001", "EventData.Session": "1"}
{"EventID": "4", "Channel": "Microsoft-Windows-User Profile Service/Operational", "Provider_Name": "Microsoft-Windows-User Profiles Service", "Computer": "DESKTOP-OFJ6N53", "TimeCreated": "2025-08-19 07:17:58.750340+00:00", "RecordID": "1239", "Level": "4", "UserID": "S-1-5-21-963789628-1060504924-4285088085-1001", "EventData.Session": "1"}
{"EventID": "1", "Channel": "Microsoft-Windows-User Profile Service/Operational", "Provider_Name": "Microsoft-Windows-User Profiles Service", "Computer": "DESKTOP-OFJ6N53", "TimeCreated": "2025-08-19 07:18:54.104750+00:00", "RecordID": "1240", "Level": "4", "UserID": "S-1-5-21-963789628-1060504924-4285088085-1001", "EventData.Session": "1"}
{"EventID": "5", "Channel": "Microsoft-Windows-User Profile Service/Operational", "Provider_Name": "Microsoft-Windows-User Profiles Service", "Computer": "DESKTOP-OFJ6N53", "TimeCreated": "2025-08-19 07:18:54.156786+00:00", "RecordID": "1241", "Level": "4", "UserID": "S-1-5-18", "EventData.File": "C:\\Users\\sk.batsiev\\ntuser.dat", "EventData.Key": "S-1-5-21-963789628-1060504924-4285088085-1001"}
{"EventID": "5", "Channel": "Microsoft-Windows-User Profile Service/Operational", "Provider_Name": "Microsoft-Windows-User Profiles Service", "Computer": "DESKTOP-OFJ6N53", "TimeCreated": "2025-08-19 07:18:54.326855+00:00", "RecordID": "1242", "Level": "4", "UserID": "S-1-5-18", "EventData.File": "C:\\Users\\sk.batsiev\\AppData\\Local\\Microsoft\\Windows\\\\UsrClass.dat", "EventData.Key": "S-1-5-21-963789628-1060504924-4285088085-1001_Classes"}
{"EventID": "67", "Channel": "Microsoft-Windows-User Profile Service/Operational", "Provider_Name": "Microsoft-Windows-User Profiles Service", "Computer": "DESKTOP-OFJ6N53", "TimeCreated": "2025-08-19 07:18:54.330746+00:00", "RecordID": "1243", "Level": "4", "UserID": "S-1-5-18", "EventData.LogonType": "Regular", "EventData.LocalPath": "C:\\Users\\sk.batsiev", "EventData.ProfileType": "Regular"}
{"EventID": "2", "Channel": "Microsoft-Windows-User Profile Service/Operational", "Provider_Name": "Microsoft-Windows-User Profiles Service", "Computer": "DESKTOP-OFJ6N53", "TimeCreated": "2025-08-19 07:18:58.967440+00:00", "RecordID": "1244", "Level": "4", "UserID": "S-1-5-21-963789628-1060504924-4285088085-1001", "EventData.Session": "1"}
{"EventID": "3", "Channel": "Microsoft-Windows-User Profile Service/Operational", "Provider_Name": "Microsoft-Windows-User Profiles Service", "Computer": "DESKTOP-OFJ6N53", "TimeCreated": "2025-08-19 07:43:15.041359+00:00", "RecordID": "1245", "Level": "4", "UserID": "S-1-5-21-963789628-1060504924-4285088085-1001", "EventData.Session": "1"}
{"EventID": "4", "Channel": "Microsoft-Windows-User Profile Service/Operational", "Provider_Name": "Microsoft-Windows-User Profiles Service", "Computer": "DESKTOP-OFJ6N53", "TimeCreated": "2025-08-19 07:43:15.260229+00:00", "RecordID": "1246", "Level": "4", "UserID": "S-1-5-21-963789628-1060504924-4285088085-1001", "EventData.Session": "1"}
{"EventID": "1", "Channel": "Microsoft-Windows-User Profile Service/Operational", "Provider_Name": "Microsoft-Windows-User Profiles Service", "Computer": "DESKTOP-OFJ6N53", "TimeCreated": "2025-08-19 07:44:21.427008+00:00", "RecordID": "1247", "Level": "4", "UserID": "S-1-5-21-963789628-1060504924-4285088085-1001", "EventData.Session": "1"}
{"EventID": "5", "Channel": "Microsoft-Windows-User Profile Service/Operational", "Provider_Name": "Microsoft-Windows-User Profiles Service", "Computer": "DESKTOP-OFJ6N53", "TimeCreated": "2025-08-19 07:44:21.485355+00:00", "RecordID": "1248", "Level": "4", "UserID": "S-1-5-18", "EventData.File": "C:\\Users\\sk.batsiev\\ntuser.dat", "EventData.Key": "S-1-5-21-963789628-1060504924-4285088085-1001"}
{"EventID": "5", "Channel": "Microsoft-Windows-User Profile Service/Operational", "Provider_Name": "Microsoft-Windows-User Profiles Service", "Computer": "DESKTOP-OFJ6N53", "TimeCreated": "2025-08-19 07:44:21.686831+00:00", "RecordID": "1249", "Level": "4", "UserID": "S-1-5-18", "EventData.File": "C:\\Users\\sk.batsiev\\AppData\\Local\\Microsoft\\Windows\\\\UsrClass.dat", "EventData.Key": "S-1-5-21-963789628-1060504924-4285088085-1001_Classes"}
{"EventID": "67", "Channel": "Microsoft-Windows-User Profile Service/Operational", "Provider_Name": "Microsoft-Windows-User Profiles Service", "Computer": "DESKTOP-OFJ6N53", "TimeCreated": "2025-08-19 07:44:21.691584+00:00", "RecordID": "1250", "Level": "4", "UserID": "S-1-5-18", "EventData.LogonType": "Regular", "EventData.LocalPath": "C:\\Users\\sk.batsiev", "EventData.ProfileType": "Regular"}
{"EventID": "2", "Channel": "Microsoft-Windows-User Profile Service/Operational", "Provider_Name": "Microsoft-Windows-User Profiles Service", "Computer": "DESKTOP-OFJ6N53", "TimeCreated": "2025-08-19 07:44:26.151228+00:00", "RecordID": "1251", "Level": "4", "UserID": "S-1-5-21-963789628-1060504924-4285088085-1001", "EventData.Session": "1"}
{"EventID": "3", "Channel": "Microsoft-Windows-User Profile Service/Operational", "Provider_Name": "Microsoft-Windows-User Profiles Service", "Computer": "DESKTOP-OFJ6N53", "TimeCreated": "2025-08-22 12:56:59.014666+00:00", "RecordID": "1252", "Level": "4", "UserID": "S-1-5-21-963789628-1060504924-4285088085-1001", "EventData.Session": "1"}
{"EventID": "4", "Channel": "Microsoft-Windows-User Profile Service/Operational", "Provider_Name": "Microsoft-Windows-User Profiles Service", "Computer": "DESKTOP-OFJ6N53", "TimeCreated": "2025-08-22 12:56:59.210348+00:00", "RecordID": "1253", "Level": "4", "UserID": "S-1-5-21-963789628-1060504924-4285088085-1001", "EventData.Session": "1"}
{"EventID": "1", "Channel": "Microsoft-Windows-User Profile Service/Operational", "Provider_Name": "Microsoft-Windows-User Profiles Service", "Computer": "DESKTOP-OFJ6N53", "TimeCreated": "2025-08-22 12:58:30.401421+00:00", "RecordID": "1254", "Level": "4", "UserID": "S-1-5-21-963789628-1060504924-4285088085-1001", "EventData.Session": "1"}
{"EventID": "5", "Channel": "Microsoft-Windows-User Profile Service/Operational", "Provider_Name": "Microsoft-Windows-User Profiles Service", "Computer": "DESKTOP-OFJ6N53", "TimeCreated": "2025-08-22 12:58:30.472486+00:00", "RecordID": "1255", "Level": "4", "UserID": "S-1-5-18", "EventData.File": "C:\\Users\\sk.batsiev\\ntuser.dat", "EventData.Key": "S-1-5-21-963789628-1060504924-4285088085-1001"}
{"EventID": "5", "Channel": "Microsoft-Windows-User Profile Service/Operational", "Provider_Name": "Microsoft-Windows-User Profiles Service", "Computer": "DESKTOP-OFJ6N53", "TimeCreated": "2025-08-22 12:58:30.773632+00:00", "RecordID": "1256", "Level": "4", "UserID": "S-1-5-18", "EventData.File": "C:\\Users\\sk.batsiev\\AppData\\Local\\Microsoft\\Windows\\\\UsrClass.dat", "EventData.Key": "S-1-5-21-963789628-1060504924-4285088085-1001_Classes"}
{"EventID": "67", "Channel": "Microsoft-Windows-User Profile Service/Operational", "Provider_Name": "Microsoft-Windows-User Profiles Service", "Computer": "DESKTOP-OFJ6N53", "TimeCreated": "2025-08-22 12:58:30.777290+00:00", "RecordID": "1257", "Level": "4", "UserID": "S-1-5-18", "EventData.LogonType": "Regular", "EventData.LocalPath": "C:\\Users\\sk.batsiev", "EventData.ProfileType": "Regular"}
{"EventID": "2", "Channel": "Microsoft-Windows-User Profile Service/Operational", "Provider_Name": "Microsoft-Windows-User Profiles Service", "Computer": "DESKTOP-OFJ6N53", "TimeCreated": "2025-08-22 12:58:46.930756+00:00", "RecordID": "1258", "Level": "4", "UserID": "S-1-5-21-963789628-1060504924-4285088085-1001", "EventData.Session": "1"}
{"EventID": "3", "Channel": "Microsoft-Windows-User Profile Service/Operational", "Provider_Name": "Microsoft-Windows-User Profiles Service", "Computer": "DESKTOP-OFJ6N53", "TimeCreated": "2025-08-23 20:31:59.624773+00:00", "RecordID": "1259", "Level": "4", "UserID": "S-1-5-21-963789628-1060504924-4285088085-1001", "EventData.Session": "1"}
{"EventID": "4", "Channel": "Microsoft-Windows-User Profile Service/Operational", "Provider_Name": "Microsoft-Windows-User Profiles Service", "Computer": "DESKTOP-OFJ6N53", "TimeCreated": "2025-08-23 20:32:00.011667+00:00", "RecordID": "1260", "Level": "4", "UserID": "S-1-5-21-963789628-1060504924-4285088085-1001", "EventData.Session": "1"}
{"EventID": "1", "Channel": "Microsoft-Windows-User Profile Service/Operational", "Provider_Name": "Microsoft-Windows-User Profiles Service", "Computer": "DESKTOP-OFJ6N53", "TimeCreated": "2025-08-23 20:33:23.582554+00:00", "RecordID": "1261", "Level": "4", "UserID": "S-1-5-21-963789628-1060504924-4285088085-1001", "EventData.Session": "1"}
{"EventID": "5", "Channel": "Microsoft-Windows-User Profile Service/Operational", "Provider_Name": "Microsoft-Windows-User Profiles Service", "Computer": "DESKTOP-OFJ6N53", "TimeCreated": "2025-08-23 20:33:23.626261+00:00", "RecordID": "1262", "Level": "4", "UserID": "S-1-5-18", "EventData.File": "C:\\Users\\sk.batsiev\\ntuser.dat", "EventData.Key": "S-1-5-21-963789628-1060504924-4285088085-1001"}
{"EventID": "5", "Channel": "Microsoft-Windows-User Profile Service/Operational", "Provider_Name": "Microsoft-Windows-User Profiles Service", "Computer": "DESKTOP-OFJ6N53", "TimeCreated": "2025-08-23 20:33:23.982807+00:00", "RecordID": "1263", "Level": "4", "UserID": "S-1-5-18", "EventData.File": "C:\\Users\\sk.batsiev\\AppData\\Local\\Microsoft\\Windows\\\\UsrClass.dat", "EventData.Key": "S-1-5-21-963789628-1060504924-4285088085-1001_Classes"}
{"EventID": "67", "Channel": "Microsoft-Windows-User Profile Service/Operational", "Provider_Name": "Microsoft-Windows-User Profiles Service", "Computer": "DESKTOP-OFJ6N53", "TimeCreated": "2025-08-23 20:33:23.986425+00:00", "RecordID": "1264", "Level": "4", "UserID": "S-1-5-18", "EventData.LogonType": "Regular", "EventData.LocalPath": "C:\\Users\\sk.batsiev", "EventData.ProfileType": "Regular"}
{"EventID": "2", "Channel": "Microsoft-Windows-User Profile Service/Operational", "Provider_Name": "Microsoft-Windows-User Profiles Service", "Computer": "DESKTOP-OFJ6N53", "TimeCreated": "2025-08-23 20:33:39.125946+00:00", "RecordID": "1265", "Level": "4", "UserID": "S-1-5-21-963789628-1060504924-4285088085-1001", "EventData.Session": "1"}
