{"EventID": "1002", "Channel": "Microsoft-Windows-Storsvc/Diagnostic", "Provider_Name": "Microsoft-Windows-Storsvc", "Computer": "DESKTOP-OFJ6N53", "TimeCreated": "2024-08-05 07:26:47.682713+00:00", "RecordID": "1022", "Level": "4", "UserID": "S-1-5-18", "EventData.Version": "2", "EventData.Epoch": "14", "EventData.DiskIndex": "0", "EventData.TotalDisks": "1", "EventData.DiskNumber": "0", "EventData.VendorId": "VMware", "EventData.ProductId": "Virtual disk", "EventData.ProductRevision": "2.0", "EventData.SerialNumber": null, "EventData.ParentId": "PCI\\VEN_1000&DEV_0054&SUBSYS_197615AD&REV_01\\4&2509F6E&0&00A8", "EventData.FileSystem": "NTFS", "EventData.BusType": "10", "EventData.PartitionStyle": "1", "EventData.VolumeCount": "3", "EventData.ContainsRawVolumes": "False", "EventData.Size": "96636764160"}
{"EventID": "1003", "Channel": "Microsoft-Windows-Storsvc/Diagnostic", "Provider_Name": "Microsoft-Windows-Storsvc", "Computer": "DESKTOP-OFJ6N53", "TimeCreated": "2024-08-05 07:48:48.022591+00:00", "RecordID": "1023", "Level": "4", "UserID": "S-1-5-18", "EventData.Version": "2", "EventData.PoliciesEnabled": "1,1,1,1,0,0,0,0,30,0,1,0", "EventData.StorageType": "0", "EventData.DeviceIndex": "0", "EventData.Flags": "8", "EventData.VolumeStatus": "0", "EventData.TargetSizeMB": "2696", "EventData.CleanedBytes": "0,0,0,0,0,0,0,0,0,0,0,0", "EventData.CleanupSucceeded": "0,0,1,0,0,0,0,0,0,0,0,0", "EventData.CleanupFailed": "0,0,0,0,0,0,0,0,0,0,0,0", "EventData.TotalBytes": "95966453760", "EventData.FreeBytesBefore": "4140150784", "EventData.FreeBytesAfter": "4140015616", "EventData.StorageReserveBefore": "-1,-1,-1,1,5471686656,143360,160,1552330752,894001152,1,0,0", "EventData.StorageReserveAfter": "-1,-1,-1,1,5471686656,143360,160,1552330752,894029824,1,0,0", "EventData.HR": "0", "EventData.HrReserveInit": "0", "EventData.IsLowStorage": "True"}
{"EventID": "1003", "Channel": "Microsoft-Windows-Storsvc/Diagnostic", "Provider_Name": "Microsoft-Windows-Storsvc", "Computer": "DESKTOP-OFJ6N53", "TimeCreated": "2024-08-05 13:58:59.852329+00:00", "RecordID": "1024", "Level": "4", "UserID": "S-1-5-18", "EventData.Version": "2", "EventData.PoliciesEnabled": "1,1,1,1,0,0,0,0,30,0,1,0", "EventData.StorageType": "0", "EventData.DeviceIndex": "0", "EventData.Flags": "8", "EventData.VolumeStatus": "0", "EventData.TargetSizeMB": "2677", "EventData.CleanedBytes": "0,0,0,0,0,0,0,0,0,0,0,0", "EventData.CleanupSucceeded": "0,0,1,0,0,0,0,0,0,0,0,0", "EventData.CleanupFailed": "0,0,0,0,0,0,0,0,0,0,0,0", "EventData.TotalBytes": "95966453760", "EventData.FreeBytesBefore": "4160368640", "EventData.FreeBytesAfter": "4159377408", "EventData.StorageReserveBefore": "-1,-1,-1,1,5471686656,143360,160,1552330752,897122304,1,0,0", "EventData.StorageReserveAfter": "-1,-1,-1,1,5471686656,143360,160,1552330752,895057920,1,0,0", "EventData.HR": "0", "EventData.HrReserveInit": "0", "EventData.IsLowStorage": "True"}
{"EventID": "1003", "Channel": "Microsoft-Windows-Storsvc/Diagnostic", "Provider_Name": "Microsoft-Windows-Storsvc", "Computer": "DESKTOP-OFJ6N53", "TimeCreated": "2024-08-05 20:08:48.008247+00:00", "RecordID": "1025", "Level": "4", "UserID": "S-1-5-18", "EventData.Version": "2", "EventData.PoliciesEnabled": "1,1,1,1,0,0,0,0,30,0,1,0", "EventData.StorageType": "0", "EventData.DeviceIndex": "0", "EventData.Flags": "8", "EventData.VolumeStatus": "0", "EventData.TargetSizeMB": "2683", "EventData.CleanedBytes": "471040,0,471040,0,0,0,0,0,0,0,0,0", "EventData.CleanupSucceeded": "0,0,1,0,0,0,0,0,0,0,0,0", "EventData.CleanupFailed": "0,0,0,0,0,0,0,0,0,0,0,0", "EventData.TotalBytes": "95966453760", "EventData.FreeBytesBefore": "4153729024", "EventData.FreeBytesAfter": "4154200064", "EventData.StorageReserveBefore": "-1,-1,-1,1,5471686656,143360,160,1552330752,895713280,1,0,0", "EventData.StorageReserveAfter": "-1,-1,-1,1,5471686656,143360,160,1552330752,895725568,1,0,0", "EventData.HR": "0", "EventData.HrReserveInit": "0", "EventData.IsLowStorage": "True"}
{"EventID": "1003", "Channel": "Microsoft-Windows-Storsvc/Diagnostic", "Provider_Name": "Microsoft-Windows-Storsvc", "Computer": "DESKTOP-OFJ6N53", "TimeCreated": "2024-08-06 02:18:47.529892+00:00", "RecordID": "1026", "Level": "4", "UserID": "S-1-5-18", "EventData.Version": "2", "EventData.PoliciesEnabled": "1,1,1,1,0,0,0,0,30,0,1,0", "EventData.StorageType": "0", "EventData.DeviceIndex": "0", "EventData.Flags": "8", "EventData.VolumeStatus": "0", "EventData.TargetSizeMB": "2716", "EventData.CleanedBytes": "0,0,0,0,0,0,0,0,0,0,0,0", "EventData.CleanupSucceeded": "0,0,1,0,0,0,0,0,0,0,0,0", "EventData.CleanupFailed": "0,0,0,0,0,0,0,0,0,0,0,0", "EventData.TotalBytes": "95966453760", "EventData.FreeBytesBefore": "4119347200", "EventData.FreeBytesAfter": "4119183360", "EventData.StorageReserveBefore": "-1,-1,-1,1,5471686656,143360,160,1552330752,896045056,1,0,0", "EventData.StorageReserveAfter": "-1,-1,-1,1,5471686656,143360,160,1552330752,895381504,1,0,0", "EventData.HR": "0", "EventData.HrReserveInit": "0", "EventData.IsLowStorage": "True"}
{"EventID": "1002", "Channel": "Microsoft-Windows-Storsvc/Diagnostic", "Provider_Name": "Microsoft-Windows-Storsvc", "Computer": "DESKTOP-OFJ6N53", "TimeCreated": "2024-08-06 07:26:47.679468+00:00", "RecordID": "1027", "Level": "4", "UserID": "S-1-5-18", "EventData.Version": "2", "EventData.Epoch": "15", "EventData.DiskIndex": "0", "EventData.TotalDisks": "1", "EventData.DiskNumber": "0", "EventData.VendorId": "VMware", "EventData.ProductId": "Virtual disk", "EventData.ProductRevision": "2.0", "EventData.SerialNumber": null, "EventData.ParentId": "PCI\\VEN_1000&DEV_0054&SUBSYS_197615AD&REV_01\\4&2509F6E&0&00A8", "EventData.FileSystem": "NTFS", "EventData.BusType": "10", "EventData.PartitionStyle": "1", "EventData.VolumeCount": "3", "EventData.ContainsRawVolumes": "False", "EventData.Size": "96636764160"}
{"EventID": "1003", "Channel": "Microsoft-Windows-Storsvc/Diagnostic", "Provider_Name": "Microsoft-Windows-Storsvc", "Computer": "DESKTOP-OFJ6N53", "TimeCreated": "2024-08-06 08:28:52.258904+00:00", "RecordID": "1028", "Level": "4", "UserID": "S-1-5-18", "EventData.Version": "2", "EventData.PoliciesEnabled": "1,1,1,1,0,0,0,0,30,0,1,0", "EventData.StorageType": "0", "EventData.DeviceIndex": "0", "EventData.Flags": "8", "EventData.VolumeStatus": "0", "EventData.TargetSizeMB": "2729", "EventData.CleanedBytes": "0,0,0,0,0,0,0,0,0,0,0,0", "EventData.CleanupSucceeded": "0,0,1,0,0,0,0,0,0,0,0,0", "EventData.CleanupFailed": "0,0,0,0,0,0,0,0,0,0,0,0", "EventData.TotalBytes": "95966453760", "EventData.FreeBytesBefore": "4105396224", "EventData.FreeBytesAfter": "4105351168", "EventData.StorageReserveBefore": "-1,-1,-1,1,5471686656,143360,160,1552330752,895918080,1,0,0", "EventData.StorageReserveAfter": "-1,-1,-1,1,5471686656,143360,160,1552330752,895651840,1,0,0", "EventData.HR": "0", "EventData.HrReserveInit": "0", "EventData.IsLowStorage": "True"}
{"EventID": "1003", "Channel": "Microsoft-Windows-Storsvc/Diagnostic", "Provider_Name": "Microsoft-Windows-Storsvc", "Computer": "DESKTOP-OFJ6N53", "TimeCreated": "2024-08-06 14:38:59.341272+00:00", "RecordID": "1029", "Level": "4", "UserID": "S-1-5-18", "EventData.Version": "2", "EventData.PoliciesEnabled": "1,1,1,1,0,0,0,0,30,0,1,0", "EventData.StorageType": "0", "EventData.DeviceIndex": "0", "EventData.Flags": "8", "EventData.VolumeStatus": "0", "EventData.TargetSizeMB": "2753", "EventData.CleanedBytes": "0,0,0,0,0,0,0,0,0,0,0,0", "EventData.CleanupSucceeded": "0,0,1,0,0,0,0,0,0,0,0,0", "EventData.CleanupFailed": "0,0,0,0,0,0,0,0,0,0,0,0", "EventData.TotalBytes": "95966453760", "EventData.FreeBytesBefore": "4080386048", "EventData.FreeBytesAfter": "4080197632", "EventData.StorageReserveBefore": "-1,-1,-1,1,5471686656,143360,160,1552330752,895660032,1,0,0", "EventData.StorageReserveAfter": "-1,-1,-1,1,5471686656,143360,160,1552330752,896733184,1,0,0", "EventData.HR": "0", "EventData.HrReserveInit": "0", "EventData.IsLowStorage": "True"}
{"EventID": "1003", "Channel": "Microsoft-Windows-Storsvc/Diagnostic", "Provider_Name": "Microsoft-Windows-Storsvc", "Computer": "DESKTOP-OFJ6N53", "TimeCreated": "2024-08-06 20:48:52.141037+00:00", "RecordID": "1030", "Level": "4", "UserID": "S-1-5-18", "EventData.Version": "2", "EventData.PoliciesEnabled": "1,1,1,1,0,0,0,0,30,0,1,0", "EventData.StorageType": "0", "EventData.DeviceIndex": "0", "EventData.Flags": "8", "EventData.VolumeStatus": "0", "EventData.TargetSizeMB": "2764", "EventData.CleanedBytes": "0,0,0,0,0,0,0,0,0,0,0,0", "EventData.CleanupSucceeded": "0,0,1,0,0,0,0,0,0,0,0,0", "EventData.CleanupFailed": "0,0,0,0,0,0,0,0,0,0,0,0", "EventData.TotalBytes": "95966453760", "EventData.FreeBytesBefore": "4068724736", "EventData.FreeBytesAfter": "4068421632", "EventData.StorageReserveBefore": "-1,-1,-1,1,5471686656,143360,160,1552330752,896798720,1,0,0", "EventData.StorageReserveAfter": "-1,-1,-1,1,5471686656,143360,160,1552330752,896352256,1,0,0", "EventData.HR": "0", "EventData.HrReserveInit": "0", "EventData.IsLowStorage": "True"}
{"EventID": "1003", "Channel": "Microsoft-Windows-Storsvc/Diagnostic", "Provider_Name": "Microsoft-Windows-Storsvc", "Computer": "DESKTOP-OFJ6N53", "TimeCreated": "2024-08-07 02:58:45.399130+00:00", "RecordID": "1031", "Level": "4", "UserID": "S-1-5-18", "EventData.Version": "2", "EventData.PoliciesEnabled": "1,1,1,1,0,0,0,0,30,0,1,0", "EventData.StorageType": "0", "EventData.DeviceIndex": "0", "EventData.Flags": "8", "EventData.VolumeStatus": "0", "EventData.TargetSizeMB": "2885", "EventData.CleanedBytes": "0,0,0,0,0,0,0,0,0,0,0,0", "EventData.CleanupSucceeded": "0,0,1,0,0,0,0,0,0,0,0,0", "EventData.CleanupFailed": "0,0,0,0,0,0,0,0,0,0,0,0", "EventData.TotalBytes": "95966453760", "EventData.FreeBytesBefore": "3942158336", "EventData.FreeBytesAfter": "3941617664", "EventData.StorageReserveBefore": "-1,-1,-1,1,5471686656,143360,160,1552330752,898097152,1,0,0", "EventData.StorageReserveAfter": "-1,-1,-1,1,5471686656,143360,160,1552330752,897081344,1,0,0", "EventData.HR": "0", "EventData.HrReserveInit": "0", "EventData.IsLowStorage": "True"}
{"EventID": "1002", "Channel": "Microsoft-Windows-Storsvc/Diagnostic", "Provider_Name": "Microsoft-Windows-Storsvc", "Computer": "DESKTOP-OFJ6N53", "TimeCreated": "2024-08-07 07:26:47.667652+00:00", "RecordID": "1032", "Level": "4", "UserID": "S-1-5-18", "EventData.Version": "2", "EventData.Epoch": "16", "EventData.DiskIndex": "0", "EventData.TotalDisks": "1", "EventData.DiskNumber": "0", "EventData.VendorId": "VMware", "EventData.ProductId": "Virtual disk", "EventData.ProductRevision": "2.0", "EventData.SerialNumber": null, "EventData.ParentId": "PCI\\VEN_1000&DEV_0054&SUBSYS_197615AD&REV_01\\4&2509F6E&0&00A8", "EventData.FileSystem": "NTFS", "EventData.BusType": "10", "EventData.PartitionStyle": "1", "EventData.VolumeCount": "3", "EventData.ContainsRawVolumes": "False", "EventData.Size": "96636764160"}
{"EventID": "1003", "Channel": "Microsoft-Windows-Storsvc/Diagnostic", "Provider_Name": "Microsoft-Windows-Storsvc", "Computer": "DESKTOP-OFJ6N53", "TimeCreated": "2024-08-07 09:08:55.233616+00:00", "RecordID": "1033", "Level": "4", "UserID": "S-1-5-18", "EventData.Version": "2", "EventData.PoliciesEnabled": "1,1,1,1,0,0,0,0,30,0,1,0", "EventData.StorageType": "0", "EventData.DeviceIndex": "0", "EventData.Flags": "8", "EventData.VolumeStatus": "0", "EventData.TargetSizeMB": "2877", "EventData.CleanedBytes": "0,0,0,0,0,0,0,0,0,0,0,0", "EventData.CleanupSucceeded": "0,0,1,0,0,0,0,0,0,0,0,0", "EventData.CleanupFailed": "0,0,0,0,0,0,0,0,0,0,0,0", "EventData.TotalBytes": "95966453760", "EventData.FreeBytesBefore": "3950895104", "EventData.FreeBytesAfter": "3950743552", "EventData.StorageReserveBefore": "-1,-1,-1,1,5471686656,143360,160,1552330752,897232896,1,0,0", "EventData.StorageReserveAfter": "-1,-1,-1,1,5471686656,143360,160,1552330752,897257472,1,0,0", "EventData.HR": "0", "EventData.HrReserveInit": "0", "EventData.IsLowStorage": "True"}
{"EventID": "1003", "Channel": "Microsoft-Windows-Storsvc/Diagnostic", "Provider_Name": "Microsoft-Windows-Storsvc", "Computer": "DESKTOP-OFJ6N53", "TimeCreated": "2024-08-07 15:19:09.237255+00:00", "RecordID": "1034", "Level": "4", "UserID": "S-1-5-18", "EventData.Version": "2", "EventData.PoliciesEnabled": "1,1,1,1,0,0,0,0,30,0,1,0", "EventData.StorageType": "0", "EventData.DeviceIndex": "0", "EventData.Flags": "8", "EventData.VolumeStatus": "0", "EventData.TargetSizeMB": "2800", "EventData.CleanedBytes": "212992,0,212992,0,0,0,0,0,0,0,0,0", "EventData.CleanupSucceeded": "0,0,1,0,0,0,0,0,0,0,0,0", "EventData.CleanupFailed": "0,0,0,0,0,0,0,0,0,0,0,0", "EventData.TotalBytes": "95966453760", "EventData.FreeBytesBefore": "4031201280", "EventData.FreeBytesAfter": "4031414272", "EventData.StorageReserveBefore": "-1,-1,-1,1,5471686656,143360,160,1552330752,898904064,1,0,0", "EventData.StorageReserveAfter": "-1,-1,-1,1,5471686656,143360,160,1552330752,898932736,1,0,0", "EventData.HR": "0", "EventData.HrReserveInit": "0", "EventData.IsLowStorage": "True"}
{"EventID": "1003", "Channel": "Microsoft-Windows-Storsvc/Diagnostic", "Provider_Name": "Microsoft-Windows-Storsvc", "Computer": "DESKTOP-OFJ6N53", "TimeCreated": "2024-08-07 21:28:55.083611+00:00", "RecordID": "1035", "Level": "4", "UserID": "S-1-5-18", "EventData.Version": "2", "EventData.PoliciesEnabled": "1,1,1,1,0,0,0,0,30,0,1,0", "EventData.StorageType": "0", "EventData.DeviceIndex": "0", "EventData.Flags": "8", "EventData.VolumeStatus": "0", "EventData.TargetSizeMB": "2815", "EventData.CleanedBytes": "0,0,0,0,0,0,0,0,0,0,0,0", "EventData.CleanupSucceeded": "0,0,1,0,0,0,0,0,0,0,0,0", "EventData.CleanupFailed": "0,0,0,0,0,0,0,0,0,0,0,0", "EventData.TotalBytes": "95966453760", "EventData.FreeBytesBefore": "4015312896", "EventData.FreeBytesAfter": "4015284224", "EventData.StorageReserveBefore": "-1,-1,-1,1,5471686656,143360,160,1552330752,899792896,1,0,0", "EventData.StorageReserveAfter": "-1,-1,-1,1,5471686656,143360,160,1552330752,899821568,1,0,0", "EventData.HR": "0", "EventData.HrReserveInit": "0", "EventData.IsLowStorage": "True"}
{"EventID": "1003", "Channel": "Microsoft-Windows-Storsvc/Diagnostic", "Provider_Name": "Microsoft-Windows-Storsvc", "Computer": "DESKTOP-OFJ6N53", "TimeCreated": "2024-08-08 03:38:45.845598+00:00", "RecordID": "1036", "Level": "4", "UserID": "S-1-5-18", "EventData.Version": "2", "EventData.PoliciesEnabled": "1,1,1,1,0,0,0,0,30,0,1,0", "EventData.StorageType": "0", "EventData.DeviceIndex": "0", "EventData.Flags": "8", "EventData.VolumeStatus": "0", "EventData.TargetSizeMB": "2828", "EventData.CleanedBytes": "0,0,0,0,0,0,0,0,0,0,0,0", "EventData.CleanupSucceeded": "0,0,1,0,0,0,0,0,0,0,0,0", "EventData.CleanupFailed": "0,0,0,0,0,0,0,0,0,0,0,0", "EventData.TotalBytes": "95966453760", "EventData.FreeBytesBefore": "4001669120", "EventData.FreeBytesAfter": "4001386496", "EventData.StorageReserveBefore": "-1,-1,-1,1,5471686656,143360,160,1552330752,901005312,1,0,0", "EventData.StorageReserveAfter": "-1,-1,-1,1,5471686656,143360,160,1552330752,829374464,1,0,0", "EventData.HR": "0", "EventData.HrReserveInit": "0", "EventData.IsLowStorage": "True"}
{"EventID": "1002", "Channel": "Microsoft-Windows-Storsvc/Diagnostic", "Provider_Name": "Microsoft-Windows-Storsvc", "Computer": "DESKTOP-OFJ6N53", "TimeCreated": "2024-08-08 07:26:48.890356+00:00", "RecordID": "1037", "Level": "4", "UserID": "S-1-5-18", "EventData.Version": "2", "EventData.Epoch": "17", "EventData.DiskIndex": "0", "EventData.TotalDisks": "1", "EventData.DiskNumber": "0", "EventData.VendorId": "VMware", "EventData.ProductId": "Virtual disk", "EventData.ProductRevision": "2.0", "EventData.SerialNumber": null, "EventData.ParentId": "PCI\\VEN_1000&DEV_0054&SUBSYS_197615AD&REV_01\\4&2509F6E&0&00A8", "EventData.FileSystem": "NTFS", "EventData.BusType": "10", "EventData.PartitionStyle": "1", "EventData.VolumeCount": "3", "EventData.ContainsRawVolumes": "False", "EventData.Size": "96636764160"}
{"EventID": "1003", "Channel": "Microsoft-Windows-Storsvc/Diagnostic", "Provider_Name": "Microsoft-Windows-Storsvc", "Computer": "DESKTOP-OFJ6N53", "TimeCreated": "2024-08-08 09:49:03.642567+00:00", "RecordID": "1038", "Level": "4", "UserID": "S-1-5-18", "EventData.Version": "2", "EventData.PoliciesEnabled": "1,1,1,1,0,0,0,0,30,0,1,0", "EventData.StorageType": "0", "EventData.DeviceIndex": "0", "EventData.Flags": "8", "EventData.VolumeStatus": "0", "EventData.TargetSizeMB": "2836", "EventData.CleanedBytes": "61440,0,61440,0,0,0,0,0,0,0,0,0", "EventData.CleanupSucceeded": "0,0,1,0,0,0,0,0,0,0,0,0", "EventData.CleanupFailed": "0,0,0,0,0,0,0,0,0,0,0,0", "EventData.TotalBytes": "95966453760", "EventData.FreeBytesBefore": "3993341952", "EventData.FreeBytesAfter": "3993403392", "EventData.StorageReserveBefore": "-1,-1,-1,1,5471686656,143360,160,1552330752,814940160,1,0,0", "EventData.StorageReserveAfter": "-1,-1,-1,1,5471686656,143360,160,1552330752,814964736,1,0,0", "EventData.HR": "0", "EventData.HrReserveInit": "0", "EventData.IsLowStorage": "True"}
{"EventID": "1003", "Channel": "Microsoft-Windows-Storsvc/Diagnostic", "Provider_Name": "Microsoft-Windows-Storsvc", "Computer": "DESKTOP-OFJ6N53", "TimeCreated": "2024-08-08 15:58:50.664879+00:00", "RecordID": "1039", "Level": "4", "UserID": "S-1-5-18", "EventData.Version": "2", "EventData.PoliciesEnabled": "1,1,1,1,0,0,0,0,30,0,1,0", "EventData.StorageType": "0", "EventData.DeviceIndex": "0", "EventData.Flags": "8", "EventData.VolumeStatus": "0", "EventData.TargetSizeMB": "2868", "EventData.CleanedBytes": "98304,0,98304,0,0,0,0,0,0,0,0,0", "EventData.CleanupSucceeded": "0,0,1,0,0,0,0,0,0,0,0,0", "EventData.CleanupFailed": "0,0,0,0,0,0,0,0,0,0,0,0", "EventData.TotalBytes": "95966453760", "EventData.FreeBytesBefore": "3960225792", "EventData.FreeBytesAfter": "3960324096", "EventData.StorageReserveBefore": "-1,-1,-1,1,5471686656,143360,160,1552330752,886116352,1,0,0", "EventData.StorageReserveAfter": "-1,-1,-1,1,5471686656,143360,160,1552330752,886153216,1,0,0", "EventData.HR": "0", "EventData.HrReserveInit": "0", "EventData.IsLowStorage": "True"}
{"EventID": "1003", "Channel": "Microsoft-Windows-Storsvc/Diagnostic", "Provider_Name": "Microsoft-Windows-Storsvc", "Computer": "DESKTOP-OFJ6N53", "TimeCreated": "2024-08-08 22:08:52.128382+00:00", "RecordID": "1040", "Level": "4", "UserID": "S-1-5-18", "EventData.Version": "2", "EventData.PoliciesEnabled": "1,1,1,1,0,0,0,0,30,0,1,0", "EventData.StorageType": "0", "EventData.DeviceIndex": "0", "EventData.Flags": "8", "EventData.VolumeStatus": "0", "EventData.TargetSizeMB": "2879", "EventData.CleanedBytes": "24576,0,24576,0,0,0,0,0,0,0,0,0", "EventData.CleanupSucceeded": "0,0,1,0,0,0,0,0,0,0,0,0", "EventData.CleanupFailed": "0,0,0,0,0,0,0,0,0,0,0,0", "EventData.TotalBytes": "95966453760", "EventData.FreeBytesBefore": "3948654592", "EventData.FreeBytesAfter": "3948679168", "EventData.StorageReserveBefore": "-1,-1,-1,1,5471686656,143360,160,1552330752,886284288,1,0,0", "EventData.StorageReserveAfter": "-1,-1,-1,1,5471686656,143360,160,1552330752,886308864,1,0,0", "EventData.HR": "0", "EventData.HrReserveInit": "0", "EventData.IsLowStorage": "True"}
{"EventID": "1003", "Channel": "Microsoft-Windows-Storsvc/Diagnostic", "Provider_Name": "Microsoft-Windows-Storsvc", "Computer": "DESKTOP-OFJ6N53", "TimeCreated": "2024-08-09 04:18:52.376663+00:00", "RecordID": "1041", "Level": "4", "UserID": "S-1-5-18", "EventData.Version": "2", "EventData.PoliciesEnabled": "1,1,1,1,0,0,0,0,30,0,1,0", "EventData.StorageType": "0", "EventData.DeviceIndex": "0", "EventData.Flags": "8", "EventData.VolumeStatus": "0", "EventData.TargetSizeMB": "2876", "EventData.CleanedBytes": "0,0,0,0,0,0,0,0,0,0,0,0", "EventData.CleanupSucceeded": "0,0,1,0,0,0,0,0,0,0,0,0", "EventData.CleanupFailed": "0,0,0,0,0,0,0,0,0,0,0,0", "EventData.TotalBytes": "95966453760", "EventData.FreeBytesBefore": "3951763456", "EventData.FreeBytesAfter": "3951685632", "EventData.StorageReserveBefore": "-1,-1,-1,1,5471686656,143360,160,1552330752,886665216,1,0,0", "EventData.StorageReserveAfter": "-1,-1,-1,1,5471686656,143360,160,1552330752,886345728,1,0,0", "EventData.HR": "0", "EventData.HrReserveInit": "0", "EventData.IsLowStorage": "True"}
{"EventID": "1002", "Channel": "Microsoft-Windows-Storsvc/Diagnostic", "Provider_Name": "Microsoft-Windows-Storsvc", "Computer": "DESKTOP-OFJ6N53", "TimeCreated": "2024-08-09 07:26:48.890024+00:00", "RecordID": "1042", "Level": "4", "UserID": "S-1-5-18", "EventData.Version": "2", "EventData.Epoch": "18", "EventData.DiskIndex": "0", "EventData.TotalDisks": "1", "EventData.DiskNumber": "0", "EventData.VendorId": "VMware", "EventData.ProductId": "Virtual disk", "EventData.ProductRevision": "2.0", "EventData.SerialNumber": null, "EventData.ParentId": "PCI\\VEN_1000&DEV_0054&SUBSYS_197615AD&REV_01\\4&2509F6E&0&00A8", "EventData.FileSystem": "NTFS", "EventData.BusType": "10", "EventData.PartitionStyle": "1", "EventData.VolumeCount": "3", "EventData.ContainsRawVolumes": "False", "EventData.Size": "96636764160"}
{"EventID": "1003", "Channel": "Microsoft-Windows-Storsvc/Diagnostic", "Provider_Name": "Microsoft-Windows-Storsvc", "Computer": "DESKTOP-OFJ6N53", "TimeCreated": "2024-08-09 10:29:15.123892+00:00", "RecordID": "1043", "Level": "4", "UserID": "S-1-5-18", "EventData.Version": "2", "EventData.PoliciesEnabled": "1,1,1,1,0,0,0,0,30,0,1,0", "EventData.StorageType": "0", "EventData.DeviceIndex": "0", "EventData.Flags": "8", "EventData.VolumeStatus": "0", "EventData.TargetSizeMB": "2847", "EventData.CleanedBytes": "0,0,0,0,0,0,0,0,0,0,0,0", "EventData.CleanupSucceeded": "0,0,1,0,0,0,0,0,0,0,0,0", "EventData.CleanupFailed": "0,0,0,0,0,0,0,0,0,0,0,0", "EventData.TotalBytes": "95966453760", "EventData.FreeBytesBefore": "3982069760", "EventData.FreeBytesAfter": "3982061568", "EventData.StorageReserveBefore": "-1,-1,-1,1,5471686656,0,160,1552330752,887668736,1,0,0", "EventData.StorageReserveAfter": "-1,-1,-1,1,5471686656,0,160,1552330752,887689216,1,0,0", "EventData.HR": "0", "EventData.HrReserveInit": "0", "EventData.IsLowStorage": "True"}
{"EventID": "1003", "Channel": "Microsoft-Windows-Storsvc/Diagnostic", "Provider_Name": "Microsoft-Windows-Storsvc", "Computer": "DESKTOP-OFJ6N53", "TimeCreated": "2024-08-09 16:38:48.255949+00:00", "RecordID": "1044", "Level": "4", "UserID": "S-1-5-18", "EventData.Version": "2", "EventData.PoliciesEnabled": "1,1,1,1,0,0,0,0,30,0,1,0", "EventData.StorageType": "0", "EventData.DeviceIndex": "0", "EventData.Flags": "8", "EventData.VolumeStatus": "0", "EventData.TargetSizeMB": "2866", "EventData.CleanedBytes": "0,0,0,0,0,0,0,0,0,0,0,0", "EventData.CleanupSucceeded": "0,0,1,0,0,0,0,0,0,0,0,0", "EventData.CleanupFailed": "0,0,0,0,0,0,0,0,0,0,0,0", "EventData.TotalBytes": "95966453760", "EventData.FreeBytesBefore": "3962245120", "EventData.FreeBytesAfter": "3962224640", "EventData.StorageReserveBefore": "-1,-1,-1,1,5471686656,0,160,1552330752,887992320,1,0,0", "EventData.StorageReserveAfter": "-1,-1,-1,1,5471686656,0,160,1552330752,888000512,1,0,0", "EventData.HR": "0", "EventData.HrReserveInit": "0", "EventData.IsLowStorage": "True"}
{"EventID": "1003", "Channel": "Microsoft-Windows-Storsvc/Diagnostic", "Provider_Name": "Microsoft-Windows-Storsvc", "Computer": "DESKTOP-OFJ6N53", "TimeCreated": "2024-08-09 22:48:55.186480+00:00", "RecordID": "1045", "Level": "4", "UserID": "S-1-5-18", "EventData.Version": "2", "EventData.PoliciesEnabled": "1,1,1,1,0,0,0,0,30,0,1,0", "EventData.StorageType": "0", "EventData.DeviceIndex": "0", "EventData.Flags": "8", "EventData.VolumeStatus": "0", "EventData.TargetSizeMB": "2883", "EventData.CleanedBytes": "0,0,0,0,0,0,0,0,0,0,0,0", "EventData.CleanupSucceeded": "0,0,1,0,0,0,0,0,0,0,0,0", "EventData.CleanupFailed": "0,0,0,0,0,0,0,0,0,0,0,0", "EventData.TotalBytes": "95966453760", "EventData.FreeBytesBefore": "3944288256", "EventData.FreeBytesAfter": "3944202240", "EventData.StorageReserveBefore": "-1,-1,-1,1,5471686656,0,160,1552330752,888242176,1,0,0", "EventData.StorageReserveAfter": "-1,-1,-1,1,5471686656,0,160,1552330752,887234560,1,0,0", "EventData.HR": "0", "EventData.HrReserveInit": "0", "EventData.IsLowStorage": "True"}
{"EventID": "1003", "Channel": "Microsoft-Windows-Storsvc/Diagnostic", "Provider_Name": "Microsoft-Windows-Storsvc", "Computer": "DESKTOP-OFJ6N53", "TimeCreated": "2024-08-10 04:58:55.380056+00:00", "RecordID": "1046", "Level": "4", "UserID": "S-1-5-18", "EventData.Version": "2", "EventData.PoliciesEnabled": "1,1,1,1,0,0,0,0,30,0,1,0", "EventData.StorageType": "0", "EventData.DeviceIndex": "0", "EventData.Flags": "8", "EventData.VolumeStatus": "0", "EventData.TargetSizeMB": "2901", "EventData.CleanedBytes": "0,0,0,0,0,0,0,0,0,0,0,0", "EventData.CleanupSucceeded": "0,0,1,0,0,0,0,0,0,0,0,0", "EventData.CleanupFailed": "0,0,0,0,0,0,0,0,0,0,0,0", "EventData.TotalBytes": "95966453760", "EventData.FreeBytesBefore": "3925643264", "EventData.FreeBytesAfter": "3925536768", "EventData.StorageReserveBefore": "-1,-1,-1,1,5471686656,0,160,1552330752,887365632,1,0,0", "EventData.StorageReserveAfter": "-1,-1,-1,1,5471686656,0,160,1552330752,887394304,1,0,0", "EventData.HR": "0", "EventData.HrReserveInit": "0", "EventData.IsLowStorage": "True"}
{"EventID": "1002", "Channel": "Microsoft-Windows-Storsvc/Diagnostic", "Provider_Name": "Microsoft-Windows-Storsvc", "Computer": "DESKTOP-OFJ6N53", "TimeCreated": "2024-08-10 07:26:48.876070+00:00", "RecordID": "1047", "Level": "4", "UserID": "S-1-5-18", "EventData.Version": "2", "EventData.Epoch": "19", "EventData.DiskIndex": "0", "EventData.TotalDisks": "1", "EventData.DiskNumber": "0", "EventData.VendorId": "VMware", "EventData.ProductId": "Virtual disk", "EventData.ProductRevision": "2.0", "EventData.SerialNumber": null, "EventData.ParentId": "PCI\\VEN_1000&DEV_0054&SUBSYS_197615AD&REV_01\\4&2509F6E&0&00A8", "EventData.FileSystem": "NTFS", "EventData.BusType": "10", "EventData.PartitionStyle": "1", "EventData.VolumeCount": "3", "EventData.ContainsRawVolumes": "False", "EventData.Size": "96636764160"}
{"EventID": "1003", "Channel": "Microsoft-Windows-Storsvc/Diagnostic", "Provider_Name": "Microsoft-Windows-Storsvc", "Computer": "DESKTOP-OFJ6N53", "TimeCreated": "2024-08-10 11:09:04.903025+00:00", "RecordID": "1048", "Level": "4", "UserID": "S-1-5-18", "EventData.Version": "2", "EventData.PoliciesEnabled": "1,1,1,1,0,0,0,0,30,0,1,0", "EventData.StorageType": "0", "EventData.DeviceIndex": "0", "EventData.Flags": "8", "EventData.VolumeStatus": "0", "EventData.TargetSizeMB": "2852", "EventData.CleanedBytes": "0,0,0,0,0,0,0,0,0,0,0,0", "EventData.CleanupSucceeded": "0,0,1,0,0,0,0,0,0,0,0,0", "EventData.CleanupFailed": "0,0,0,0,0,0,0,0,0,0,0,0", "EventData.TotalBytes": "95966453760", "EventData.FreeBytesBefore": "3976409088", "EventData.FreeBytesAfter": "3976228864", "EventData.StorageReserveBefore": "-1,-1,-1,1,5471686656,0,160,1552330752,888557568,1,0,0", "EventData.StorageReserveAfter": "-1,-1,-1,1,5471686656,0,160,1552330752,888586240,1,0,0", "EventData.HR": "0", "EventData.HrReserveInit": "0", "EventData.IsLowStorage": "True"}
{"EventID": "1003", "Channel": "Microsoft-Windows-Storsvc/Diagnostic", "Provider_Name": "Microsoft-Windows-Storsvc", "Computer": "DESKTOP-OFJ6N53", "TimeCreated": "2024-08-10 17:18:54.399248+00:00", "RecordID": "1049", "Level": "4", "UserID": "S-1-5-18", "EventData.Version": "2", "EventData.PoliciesEnabled": "1,1,1,1,0,0,0,0,30,0,1,0", "EventData.StorageType": "0", "EventData.DeviceIndex": "0", "EventData.Flags": "8", "EventData.VolumeStatus": "0", "EventData.TargetSizeMB": "2872", "EventData.CleanedBytes": "0,0,0,0,0,0,0,0,0,0,0,0", "EventData.CleanupSucceeded": "0,0,1,0,0,0,0,0,0,0,0,0", "EventData.CleanupFailed": "0,0,0,0,0,0,0,0,0,0,0,0", "EventData.TotalBytes": "95966453760", "EventData.FreeBytesBefore": "3956047872", "EventData.FreeBytesAfter": "3955884032", "EventData.StorageReserveBefore": "-1,-1,-1,1,5471686656,0,160,1552330752,888647680,1,0,0", "EventData.StorageReserveAfter": "-1,-1,-1,1,5471686656,0,160,1552330752,888315904,1,0,0", "EventData.HR": "0", "EventData.HrReserveInit": "0", "EventData.IsLowStorage": "True"}
{"EventID": "1003", "Channel": "Microsoft-Windows-Storsvc/Diagnostic", "Provider_Name": "Microsoft-Windows-Storsvc", "Computer": "DESKTOP-OFJ6N53", "TimeCreated": "2024-08-10 23:28:54.381655+00:00", "RecordID": "1050", "Level": "4", "UserID": "S-1-5-18", "EventData.Version": "2", "EventData.PoliciesEnabled": "1,1,1,1,0,0,0,0,30,0,1,0", "EventData.StorageType": "0", "EventData.DeviceIndex": "0", "EventData.Flags": "8", "EventData.VolumeStatus": "0", "EventData.TargetSizeMB": "2888", "EventData.CleanedBytes": "0,0,0,0,0,0,0,0,0,0,0,0", "EventData.CleanupSucceeded": "0,0,1,0,0,0,0,0,0,0,0,0", "EventData.CleanupFailed": "0,0,0,0,0,0,0,0,0,0,0,0", "EventData.TotalBytes": "95966453760", "EventData.FreeBytesBefore": "3939356672", "EventData.FreeBytesAfter": "3939196928", "EventData.StorageReserveBefore": "-1,-1,-1,1,5471686656,0,160,1552330752,895401984,1,0,0", "EventData.StorageReserveAfter": "-1,-1,-1,1,5471686656,0,160,1552330752,888545280,1,0,0", "EventData.HR": "0", "EventData.HrReserveInit": "0", "EventData.IsLowStorage": "True"}
{"EventID": "1003", "Channel": "Microsoft-Windows-Storsvc/Diagnostic", "Provider_Name": "Microsoft-Windows-Storsvc", "Computer": "DESKTOP-OFJ6N53", "TimeCreated": "2024-08-11 05:38:58.300573+00:00", "RecordID": "1051", "Level": "4", "UserID": "S-1-5-18", "EventData.Version": "2", "EventData.PoliciesEnabled": "1,1,1,1,0,0,0,0,30,0,1,0", "EventData.StorageType": "0", "EventData.DeviceIndex": "0", "EventData.Flags": "8", "EventData.VolumeStatus": "0", "EventData.TargetSizeMB": "2889", "EventData.CleanedBytes": "356352,0,356352,0,0,0,0,0,0,0,0,0", "EventData.CleanupSucceeded": "0,0,1,0,0,0,0,0,0,0,0,0", "EventData.CleanupFailed": "0,0,0,0,0,0,0,0,0,0,0,0", "EventData.TotalBytes": "95966453760", "EventData.FreeBytesBefore": "3937714176", "EventData.FreeBytesAfter": "3938070528", "EventData.StorageReserveBefore": "-1,-1,-1,1,5471686656,0,160,1552330752,889012224,1,0,0", "EventData.StorageReserveAfter": "-1,-1,-1,1,5471686656,0,160,1552330752,889036800,1,0,0", "EventData.HR": "0", "EventData.HrReserveInit": "0", "EventData.IsLowStorage": "True"}
{"EventID": "1002", "Channel": "Microsoft-Windows-Storsvc/Diagnostic", "Provider_Name": "Microsoft-Windows-Storsvc", "Computer": "DESKTOP-OFJ6N53", "TimeCreated": "2024-08-11 07:26:50.058352+00:00", "RecordID": "1052", "Level": "4", "UserID": "S-1-5-18", "EventData.Version": "2", "EventData.Epoch": "20", "EventData.DiskIndex": "0", "EventData.TotalDisks": "1", "EventData.DiskNumber": "0", "EventData.VendorId": "VMware", "EventData.ProductId": "Virtual disk", "EventData.ProductRevision": "2.0", "EventData.SerialNumber": null, "EventData.ParentId": "PCI\\VEN_1000&DEV_0054&SUBSYS_197615AD&REV_01\\4&2509F6E&0&00A8", "EventData.FileSystem": "NTFS", "EventData.BusType": "10", "EventData.PartitionStyle": "1", "EventData.VolumeCount": "3", "EventData.ContainsRawVolumes": "False", "EventData.Size": "96636764160"}
{"EventID": "1003", "Channel": "Microsoft-Windows-Storsvc/Diagnostic", "Provider_Name": "Microsoft-Windows-Storsvc", "Computer": "DESKTOP-OFJ6N53", "TimeCreated": "2024-08-11 11:49:00.458834+00:00", "RecordID": "1053", "Level": "4", "UserID": "S-1-5-18", "EventData.Version": "2", "EventData.PoliciesEnabled": "1,1,1,1,0,0,0,0,30,0,1,0", "EventData.StorageType": "0", "EventData.DeviceIndex": "0", "EventData.Flags": "8", "EventData.VolumeStatus": "0", "EventData.TargetSizeMB": "2807", "EventData.CleanedBytes": "0,0,0,0,0,0,0,0,0,0,0,0", "EventData.CleanupSucceeded": "0,0,1,0,0,0,0,0,0,0,0,0", "EventData.CleanupFailed": "0,0,0,0,0,0,0,0,0,0,0,0", "EventData.TotalBytes": "95966453760", "EventData.FreeBytesBefore": "4023611392", "EventData.FreeBytesAfter": "4023488512", "EventData.StorageReserveBefore": "-1,-1,-1,1,5471686656,0,160,1552330752,890576896,1,0,0", "EventData.StorageReserveAfter": "-1,-1,-1,1,5471686656,0,160,1552330752,889556992,1,0,0", "EventData.HR": "0", "EventData.HrReserveInit": "0", "EventData.IsLowStorage": "True"}
{"EventID": "1003", "Channel": "Microsoft-Windows-Storsvc/Diagnostic", "Provider_Name": "Microsoft-Windows-Storsvc", "Computer": "DESKTOP-OFJ6N53", "TimeCreated": "2024-08-11 17:58:57.237848+00:00", "RecordID": "1054", "Level": "4", "UserID": "S-1-5-18", "EventData.Version": "2", "EventData.PoliciesEnabled": "1,1,1,1,0,0,0,0,30,0,1,0", "EventData.StorageType": "0", "EventData.DeviceIndex": "0", "EventData.Flags": "8", "EventData.VolumeStatus": "0", "EventData.TargetSizeMB": "2826", "EventData.CleanedBytes": "0,0,0,0,0,0,0,0,0,0,0,0", "EventData.CleanupSucceeded": "0,0,1,0,0,0,0,0,0,0,0,0", "EventData.CleanupFailed": "0,0,0,0,0,0,0,0,0,0,0,0", "EventData.TotalBytes": "95966453760", "EventData.FreeBytesBefore": "4004311040", "EventData.FreeBytesAfter": "4004208640", "EventData.StorageReserveBefore": "-1,-1,-1,1,5471686656,0,160,1552330752,890413056,1,0,0", "EventData.StorageReserveAfter": "-1,-1,-1,1,5471686656,0,160,1552330752,890441728,1,0,0", "EventData.HR": "0", "EventData.HrReserveInit": "0", "EventData.IsLowStorage": "True"}
{"EventID": "1003", "Channel": "Microsoft-Windows-Storsvc/Diagnostic", "Provider_Name": "Microsoft-Windows-Storsvc", "Computer": "DESKTOP-OFJ6N53", "TimeCreated": "2024-08-12 00:08:56.316395+00:00", "RecordID": "1055", "Level": "4", "UserID": "S-1-5-18", "EventData.Version": "2", "EventData.PoliciesEnabled": "1,1,1,1,0,0,0,0,30,0,1,0", "EventData.StorageType": "0", "EventData.DeviceIndex": "0", "EventData.Flags": "8", "EventData.VolumeStatus": "0", "EventData.TargetSizeMB": "2833", "EventData.CleanedBytes": "0,0,0,0,0,0,0,0,0,0,0,0", "EventData.CleanupSucceeded": "0,0,1,0,0,0,0,0,0,0,0,0", "EventData.CleanupFailed": "0,0,0,0,0,0,0,0,0,0,0,0", "EventData.TotalBytes": "95966453760", "EventData.FreeBytesBefore": "3996725248", "EventData.FreeBytesAfter": "3996643328", "EventData.StorageReserveBefore": "-1,-1,-1,1,5471686656,0,160,1552330752,891662336,1,0,0", "EventData.StorageReserveAfter": "-1,-1,-1,1,5471686656,0,160,1552330752,890638336,1,0,0", "EventData.HR": "0", "EventData.HrReserveInit": "0", "EventData.IsLowStorage": "True"}
{"EventID": "1003", "Channel": "Microsoft-Windows-Storsvc/Diagnostic", "Provider_Name": "Microsoft-Windows-Storsvc", "Computer": "DESKTOP-OFJ6N53", "TimeCreated": "2024-08-12 06:19:00.416649+00:00", "RecordID": "1056", "Level": "4", "UserID": "S-1-5-18", "EventData.Version": "2", "EventData.PoliciesEnabled": "1,1,1,1,0,0,0,0,30,0,1,0", "EventData.StorageType": "0", "EventData.DeviceIndex": "0", "EventData.Flags": "8", "EventData.VolumeStatus": "0", "EventData.TargetSizeMB": "2852", "EventData.CleanedBytes": "0,0,0,0,0,0,0,0,0,0,0,0", "EventData.CleanupSucceeded": "0,0,1,0,0,0,0,0,0,0,0,0", "EventData.CleanupFailed": "0,0,0,0,0,0,0,0,0,0,0,0", "EventData.TotalBytes": "95966453760", "EventData.FreeBytesBefore": "3977039872", "EventData.FreeBytesAfter": "3976806400", "EventData.StorageReserveBefore": "-1,-1,-1,1,5471686656,0,160,1552330752,891019264,1,0,0", "EventData.StorageReserveAfter": "-1,-1,-1,1,5471686656,0,160,1552330752,891047936,1,0,0", "EventData.HR": "0", "EventData.HrReserveInit": "0", "EventData.IsLowStorage": "True"}
{"EventID": "1002", "Channel": "Microsoft-Windows-Storsvc/Diagnostic", "Provider_Name": "Microsoft-Windows-Storsvc", "Computer": "DESKTOP-OFJ6N53", "TimeCreated": "2024-08-12 07:26:50.098770+00:00", "RecordID": "1057", "Level": "4", "UserID": "S-1-5-18", "EventData.Version": "2", "EventData.Epoch": "21", "EventData.DiskIndex": "0", "EventData.TotalDisks": "1", "EventData.DiskNumber": "0", "EventData.VendorId": "VMware", "EventData.ProductId": "Virtual disk", "EventData.ProductRevision": "2.0", "EventData.SerialNumber": null, "EventData.ParentId": "PCI\\VEN_1000&DEV_0054&SUBSYS_197615AD&REV_01\\4&2509F6E&0&00A8", "EventData.FileSystem": "NTFS", "EventData.BusType": "10", "EventData.PartitionStyle": "1", "EventData.VolumeCount": "3", "EventData.ContainsRawVolumes": "False", "EventData.Size": "96636764160"}
{"EventID": "1003", "Channel": "Microsoft-Windows-Storsvc/Diagnostic", "Provider_Name": "Microsoft-Windows-Storsvc", "Computer": "DESKTOP-OFJ6N53", "TimeCreated": "2024-08-12 12:29:05.714264+00:00", "RecordID": "1058", "Level": "4", "UserID": "S-1-5-18", "EventData.Version": "2", "EventData.PoliciesEnabled": "1,1,1,1,0,0,0,0,30,0,1,0", "EventData.StorageType": "0", "EventData.DeviceIndex": "0", "EventData.Flags": "8", "EventData.VolumeStatus": "0", "EventData.TargetSizeMB": "2798", "EventData.CleanedBytes": "233472,0,233472,0,0,0,0,0,0,0,0,0", "EventData.CleanupSucceeded": "0,0,1,0,0,0,0,0,0,0,0,0", "EventData.CleanupFailed": "0,0,0,0,0,0,0,0,0,0,0,0", "EventData.TotalBytes": "95966453760", "EventData.FreeBytesBefore": "4033269760", "EventData.FreeBytesAfter": "4033503232", "EventData.StorageReserveBefore": "-1,-1,-1,1,5471686656,0,160,1552330752,891572224,1,0,0", "EventData.StorageReserveAfter": "-1,-1,-1,1,5471686656,0,160,1552330752,891596800,1,0,0", "EventData.HR": "0", "EventData.HrReserveInit": "0", "EventData.IsLowStorage": "True"}
{"EventID": "1003", "Channel": "Microsoft-Windows-Storsvc/Diagnostic", "Provider_Name": "Microsoft-Windows-Storsvc", "Computer": "DESKTOP-OFJ6N53", "TimeCreated": "2024-08-12 18:38:58.848511+00:00", "RecordID": "1059", "Level": "4", "UserID": "S-1-5-18", "EventData.Version": "2", "EventData.PoliciesEnabled": "1,1,1,1,0,0,0,0,30,0,1,0", "EventData.StorageType": "0", "EventData.DeviceIndex": "0", "EventData.Flags": "8", "EventData.VolumeStatus": "0", "EventData.TargetSizeMB": "2813", "EventData.CleanedBytes": "0,0,0,0,0,0,0,0,0,0,0,0", "EventData.CleanupSucceeded": "0,0,1,0,0,0,0,0,0,0,0,0", "EventData.CleanupFailed": "0,0,0,0,0,0,0,0,0,0,0,0", "EventData.TotalBytes": "95966453760", "EventData.FreeBytesBefore": "4017147904", "EventData.FreeBytesAfter": "4017135616", "EventData.StorageReserveBefore": "-1,-1,-1,1,5471686656,0,160,1552330752,891990016,1,0,0", "EventData.StorageReserveAfter": "-1,-1,-1,1,5471686656,0,160,1552330752,892018688,1,0,0", "EventData.HR": "0", "EventData.HrReserveInit": "0", "EventData.IsLowStorage": "True"}
{"EventID": "1003", "Channel": "Microsoft-Windows-Storsvc/Diagnostic", "Provider_Name": "Microsoft-Windows-Storsvc", "Computer": "DESKTOP-OFJ6N53", "TimeCreated": "2024-08-13 00:48:53.594074+00:00", "RecordID": "1060", "Level": "4", "UserID": "S-1-5-18", "EventData.Version": "2", "EventData.PoliciesEnabled": "1,1,1,1,0,0,0,0,30,0,1,0", "EventData.StorageType": "0", "EventData.DeviceIndex": "0", "EventData.Flags": "8", "EventData.VolumeStatus": "0", "EventData.TargetSizeMB": "2274", "EventData.CleanedBytes": "0,0,0,0,0,0,0,0,0,0,0,0", "EventData.CleanupSucceeded": "0,0,1,0,0,0,0,0,0,0,0,0", "EventData.CleanupFailed": "0,0,0,0,0,0,0,0,0,0,0,0", "EventData.TotalBytes": "95966453760", "EventData.FreeBytesBefore": "4582461440", "EventData.FreeBytesAfter": "4582318080", "EventData.StorageReserveBefore": "-1,-1,-1,1,5471686656,0,160,1552330752,899108864,1,0,0", "EventData.StorageReserveAfter": "-1,-1,-1,1,5471686656,0,160,1552330752,891985920,1,0,0", "EventData.HR": "0", "EventData.HrReserveInit": "0", "EventData.IsLowStorage": "True"}
{"EventID": "1003", "Channel": "Microsoft-Windows-Storsvc/Diagnostic", "Provider_Name": "Microsoft-Windows-Storsvc", "Computer": "DESKTOP-OFJ6N53", "TimeCreated": "2024-08-13 06:59:00.724625+00:00", "RecordID": "1061", "Level": "4", "UserID": "S-1-5-18", "EventData.Version": "2", "EventData.PoliciesEnabled": "1,1,1,1,0,0,0,0,30,0,1,0", "EventData.StorageType": "0", "EventData.DeviceIndex": "0", "EventData.Flags": "8", "EventData.VolumeStatus": "0", "EventData.TargetSizeMB": "2294", "EventData.CleanedBytes": "0,0,0,0,0,0,0,0,0,0,0,0", "EventData.CleanupSucceeded": "0,0,1,0,0,0,0,0,0,0,0,0", "EventData.CleanupFailed": "0,0,0,0,0,0,0,0,0,0,0,0", "EventData.TotalBytes": "95966453760", "EventData.FreeBytesBefore": "4561883136", "EventData.FreeBytesAfter": "4561764352", "EventData.StorageReserveBefore": "-1,-1,-1,1,5471686656,0,160,1552330752,893435904,1,0,0", "EventData.StorageReserveAfter": "-1,-1,-1,1,5471686656,0,160,1552330752,892411904,1,0,0", "EventData.HR": "0", "EventData.HrReserveInit": "0", "EventData.IsLowStorage": "True"}
{"EventID": "1002", "Channel": "Microsoft-Windows-Storsvc/Diagnostic", "Provider_Name": "Microsoft-Windows-Storsvc", "Computer": "DESKTOP-OFJ6N53", "TimeCreated": "2024-08-13 07:26:50.061430+00:00", "RecordID": "1062", "Level": "4", "UserID": "S-1-5-18", "EventData.Version": "2", "EventData.Epoch": "22", "EventData.DiskIndex": "0", "EventData.TotalDisks": "1", "EventData.DiskNumber": "0", "EventData.VendorId": "VMware", "EventData.ProductId": "Virtual disk", "EventData.ProductRevision": "2.0", "EventData.SerialNumber": null, "EventData.ParentId": "PCI\\VEN_1000&DEV_0054&SUBSYS_197615AD&REV_01\\4&2509F6E&0&00A8", "EventData.FileSystem": "NTFS", "EventData.BusType": "10", "EventData.PartitionStyle": "1", "EventData.VolumeCount": "3", "EventData.ContainsRawVolumes": "False", "EventData.Size": "96636764160"}
{"EventID": "1003", "Channel": "Microsoft-Windows-Storsvc/Diagnostic", "Provider_Name": "Microsoft-Windows-Storsvc", "Computer": "DESKTOP-OFJ6N53", "TimeCreated": "2024-08-13 13:09:02.905193+00:00", "RecordID": "1063", "Level": "4", "UserID": "S-1-5-18", "EventData.Version": "2", "EventData.PoliciesEnabled": "1,1,1,1,0,0,0,0,30,0,1,0", "EventData.StorageType": "0", "EventData.DeviceIndex": "0", "EventData.Flags": "8", "EventData.VolumeStatus": "0", "EventData.TargetSizeMB": "2331", "EventData.CleanedBytes": "159744,0,159744,0,0,0,0,0,0,0,0,0", "EventData.CleanupSucceeded": "0,0,1,0,0,0,0,0,0,0,0,0", "EventData.CleanupFailed": "0,0,0,0,0,0,0,0,0,0,0,0", "EventData.TotalBytes": "95966453760", "EventData.FreeBytesBefore": "4523397120", "EventData.FreeBytesAfter": "4523556864", "EventData.StorageReserveBefore": "-1,-1,-1,1,5471686656,0,160,1552330752,892805120,1,0,0", "EventData.StorageReserveAfter": "-1,-1,-1,1,5471686656,0,160,1552330752,892538880,1,0,0", "EventData.HR": "0", "EventData.HrReserveInit": "0", "EventData.IsLowStorage": "True"}
{"EventID": "1003", "Channel": "Microsoft-Windows-Storsvc/Diagnostic", "Provider_Name": "Microsoft-Windows-Storsvc", "Computer": "DESKTOP-OFJ6N53", "TimeCreated": "2024-08-13 19:18:56.934900+00:00", "RecordID": "1064", "Level": "4", "UserID": "S-1-5-18", "EventData.Version": "2", "EventData.PoliciesEnabled": "1,1,1,1,0,0,0,0,30,0,1,0", "EventData.StorageType": "0", "EventData.DeviceIndex": "0", "EventData.Flags": "8", "EventData.VolumeStatus": "0", "EventData.TargetSizeMB": "2351", "EventData.CleanedBytes": "167936,0,167936,0,0,0,0,0,0,0,0,0", "EventData.CleanupSucceeded": "0,0,1,0,0,0,0,0,0,0,0,0", "EventData.CleanupFailed": "0,0,0,0,0,0,0,0,0,0,0,0", "EventData.TotalBytes": "95966453760", "EventData.FreeBytesBefore": "4501606400", "EventData.FreeBytesAfter": "4501774336", "EventData.StorageReserveBefore": "-1,-1,-1,1,5471686656,0,160,1552330752,893472768,1,0,0", "EventData.StorageReserveAfter": "-1,-1,-1,1,5471686656,0,160,1552330752,893505536,1,0,0", "EventData.HR": "0", "EventData.HrReserveInit": "0", "EventData.IsLowStorage": "True"}
{"EventID": "1002", "Channel": "Microsoft-Windows-Storsvc/Diagnostic", "Provider_Name": "Microsoft-Windows-Storsvc", "Computer": "DESKTOP-OFJ6N53", "TimeCreated": "2024-08-14 00:12:27.540661+00:00", "RecordID": "1065", "Level": "4", "UserID": "S-1-5-18", "EventData.Version": "2", "EventData.Epoch": "0", "EventData.DiskIndex": "0", "EventData.TotalDisks": "1", "EventData.DiskNumber": "0", "EventData.VendorId": "VMware", "EventData.ProductId": "Virtual disk", "EventData.ProductRevision": "2.0", "EventData.SerialNumber": null, "EventData.ParentId": "PCI\\VEN_1000&DEV_0054&SUBSYS_197615AD&REV_01\\4&2509F6E&0&00A8", "EventData.FileSystem": "NTFS", "EventData.BusType": "10", "EventData.PartitionStyle": "1", "EventData.VolumeCount": "3", "EventData.ContainsRawVolumes": "False", "EventData.Size": "96636764160"}
{"EventID": "1002", "Channel": "Microsoft-Windows-Storsvc/Diagnostic", "Provider_Name": "Microsoft-Windows-Storsvc", "Computer": "DESKTOP-OFJ6N53", "TimeCreated": "2024-08-15 00:12:27.540632+00:00", "RecordID": "1066", "Level": "4", "UserID": "S-1-5-18", "EventData.Version": "2", "EventData.Epoch": "1", "EventData.DiskIndex": "0", "EventData.TotalDisks": "1", "EventData.DiskNumber": "0", "EventData.VendorId": "VMware", "EventData.ProductId": "Virtual disk", "EventData.ProductRevision": "2.0", "EventData.SerialNumber": null, "EventData.ParentId": "PCI\\VEN_1000&DEV_0054&SUBSYS_197615AD&REV_01\\4&2509F6E&0&00A8", "EventData.FileSystem": "NTFS", "EventData.BusType": "10", "EventData.PartitionStyle": "1", "EventData.VolumeCount": "3", "EventData.ContainsRawVolumes": "False", "EventData.Size": "96636764160"}
{"EventID": "1002", "Channel": "Microsoft-Windows-Storsvc/Diagnostic", "Provider_Name": "Microsoft-Windows-Storsvc", "Computer": "DESKTOP-OFJ6N53", "TimeCreated": "2024-08-16 00:12:27.540573+00:00", "RecordID": "1067", "Level": "4", "UserID": "S-1-5-18", "EventData.Version": "2", "EventData.Epoch": "2", "EventData.DiskIndex": "0", "EventData.TotalDisks": "1", "EventData.DiskNumber": "0", "EventData.VendorId": "VMware", "EventData.ProductId": "Virtual disk", "EventData.ProductRevision": "2.0", "EventData.SerialNumber": null, "EventData.ParentId": "PCI\\VEN_1000&DEV_0054&SUBSYS_197615AD&REV_01\\4&2509F6E&0&00A8", "EventData.FileSystem": "NTFS", "EventData.BusType": "10", "EventData.PartitionStyle": "1", "EventData.VolumeCount": "3", "EventData.ContainsRawVolumes": "False", "EventData.Size": "96636764160"}
{"EventID": "1002", "Channel": "Microsoft-Windows-Storsvc/Diagnostic", "Provider_Name": "Microsoft-Windows-Storsvc", "Computer": "DESKTOP-OFJ6N53", "TimeCreated": "2024-08-17 00:12:28.693508+00:00", "RecordID": "1068", "Level": "4", "UserID": "S-1-5-18", "EventData.Version": "2", "EventData.Epoch": "3", "EventData.DiskIndex": "0", "EventData.TotalDisks": "1", "EventData.DiskNumber": "0", "EventData.VendorId": "VMware", "EventData.ProductId": "Virtual disk", "EventData.ProductRevision": "2.0", "EventData.SerialNumber": null, "EventData.ParentId": "PCI\\VEN_1000&DEV_0054&SUBSYS_197615AD&REV_01\\4&2509F6E&0&00A8", "EventData.FileSystem": "NTFS", "EventData.BusType": "10", "EventData.PartitionStyle": "1", "EventData.VolumeCount": "3", "EventData.ContainsRawVolumes": "False", "EventData.Size": "96636764160"}
{"EventID": "1002", "Channel": "Microsoft-Windows-Storsvc/Diagnostic", "Provider_Name": "Microsoft-Windows-Storsvc", "Computer": "DESKTOP-OFJ6N53", "TimeCreated": "2024-08-18 00:12:28.693459+00:00", "RecordID": "1069", "Level": "4", "UserID": "S-1-5-18", "EventData.Version": "2", "EventData.Epoch": "4", "EventData.DiskIndex": "0", "EventData.TotalDisks": "1", "EventData.DiskNumber": "0", "EventData.VendorId": "VMware", "EventData.ProductId": "Virtual disk", "EventData.ProductRevision": "2.0", "EventData.SerialNumber": null, "EventData.ParentId": "PCI\\VEN_1000&DEV_0054&SUBSYS_197615AD&REV_01\\4&2509F6E&0&00A8", "EventData.FileSystem": "NTFS", "EventData.BusType": "10", "EventData.PartitionStyle": "1", "EventData.VolumeCount": "3", "EventData.ContainsRawVolumes": "False", "EventData.Size": "96636764160"}
{"EventID": "1002", "Channel": "Microsoft-Windows-Storsvc/Diagnostic", "Provider_Name": "Microsoft-Windows-Storsvc", "Computer": "DESKTOP-OFJ6N53", "TimeCreated": "2024-08-19 00:12:28.693434+00:00", "RecordID": "1070", "Level": "4", "UserID": "S-1-5-18", "EventData.Version": "2", "EventData.Epoch": "5", "EventData.DiskIndex": "0", "EventData.TotalDisks": "1", "EventData.DiskNumber": "0", "EventData.VendorId": "VMware", "EventData.ProductId": "Virtual disk", "EventData.ProductRevision": "2.0", "EventData.SerialNumber": null, "EventData.ParentId": "PCI\\VEN_1000&DEV_0054&SUBSYS_197615AD&REV_01\\4&2509F6E&0&00A8", "EventData.FileSystem": "NTFS", "EventData.BusType": "10", "EventData.PartitionStyle": "1", "EventData.VolumeCount": "3", "EventData.ContainsRawVolumes": "False", "EventData.Size": "96636764160"}
{"EventID": "1002", "Channel": "Microsoft-Windows-Storsvc/Diagnostic", "Provider_Name": "Microsoft-Windows-Storsvc", "Computer": "DESKTOP-OFJ6N53", "TimeCreated": "2024-08-20 00:12:29.955997+00:00", "RecordID": "1071", "Level": "4", "UserID": "S-1-5-18", "EventData.Version": "2", "EventData.Epoch": "6", "EventData.DiskIndex": "0", "EventData.TotalDisks": "1", "EventData.DiskNumber": "0", "EventData.VendorId": "VMware", "EventData.ProductId": "Virtual disk", "EventData.ProductRevision": "2.0", "EventData.SerialNumber": null, "EventData.ParentId": "PCI\\VEN_1000&DEV_0054&SUBSYS_197615AD&REV_01\\4&2509F6E&0&00A8", "EventData.FileSystem": "NTFS", "EventData.BusType": "10", "EventData.PartitionStyle": "1", "EventData.VolumeCount": "3", "EventData.ContainsRawVolumes": "False", "EventData.Size": "96636764160"}
{"EventID": "1002", "Channel": "Microsoft-Windows-Storsvc/Diagnostic", "Provider_Name": "Microsoft-Windows-Storsvc", "Computer": "DESKTOP-OFJ6N53", "TimeCreated": "2024-08-21 00:12:29.956007+00:00", "RecordID": "1072", "Level": "4", "UserID": "S-1-5-18", "EventData.Version": "2", "EventData.Epoch": "7", "EventData.DiskIndex": "0", "EventData.TotalDisks": "1", "EventData.DiskNumber": "0", "EventData.VendorId": "VMware", "EventData.ProductId": "Virtual disk", "EventData.ProductRevision": "2.0", "EventData.SerialNumber": null, "EventData.ParentId": "PCI\\VEN_1000&DEV_0054&SUBSYS_197615AD&REV_01\\4&2509F6E&0&00A8", "EventData.FileSystem": "NTFS", "EventData.BusType": "10", "EventData.PartitionStyle": "1", "EventData.VolumeCount": "3", "EventData.ContainsRawVolumes": "False", "EventData.Size": "96636764160"}
