{"EventID": "9", "Channel": "Microsoft-Windows-WindowsSystemAssessmentTool/Operational", "Provider_Name": "Microsoft-Windows-WindowsSystemAssessmentTool", "Computer": "DESKTOP-OFJ6N53", "TimeCreated": "2025-08-07 10:05:43.670992+00:00", "RecordID": "1768", "Level": "4", "UserID": "S-1-5-18", "EventData.PhaseID": "130", "EventData.DescriptionSize": "16", "EventData.Description": "Process Results"}
{"EventID": "10", "Channel": "Microsoft-Windows-WindowsSystemAssessmentTool/Operational", "Provider_Name": "Microsoft-Windows-WindowsSystemAssessmentTool", "Computer": "DESKTOP-OFJ6N53", "TimeCreated": "2025-08-07 10:05:43.688974+00:00", "RecordID": "1769", "Level": "4", "UserID": "S-1-5-18", "EventData.PhaseID": "130"}
{"EventID": "9", "Channel": "Microsoft-Windows-WindowsSystemAssessmentTool/Operational", "Provider_Name": "Microsoft-Windows-WindowsSystemAssessmentTool", "Computer": "DESKTOP-OFJ6N53", "TimeCreated": "2025-08-07 10:05:43.688976+00:00", "RecordID": "1770", "Level": "4", "UserID": "S-1-5-18", "EventData.PhaseID": "150", "EventData.DescriptionSize": "17", "EventData.Description": "Cleanup and exit"}
{"EventID": "9", "Channel": "Microsoft-Windows-WindowsSystemAssessmentTool/Operational", "Provider_Name": "Microsoft-Windows-WindowsSystemAssessmentTool", "Computer": "DESKTOP-OFJ6N53", "TimeCreated": "2025-08-07 10:05:43.690460+00:00", "RecordID": "1771", "Level": "4", "UserID": "S-1-5-18", "EventData.PhaseID": "140", "EventData.DescriptionSize": "24", "EventData.Description": "Restore system policies"}
{"EventID": "10", "Channel": "Microsoft-Windows-WindowsSystemAssessmentTool/Operational", "Provider_Name": "Microsoft-Windows-WindowsSystemAssessmentTool", "Computer": "DESKTOP-OFJ6N53", "TimeCreated": "2025-08-07 10:05:43.691700+00:00", "RecordID": "1772", "Level": "4", "UserID": "S-1-5-18", "EventData.PhaseID": "140"}
{"EventID": "3", "Channel": "Microsoft-Windows-WindowsSystemAssessmentTool/Operational", "Provider_Name": "Microsoft-Windows-WindowsSystemAssessmentTool", "Computer": "DESKTOP-OFJ6N53", "TimeCreated": "2025-08-07 10:05:43.693489+00:00", "RecordID": "1773", "Level": "0", "UserID": "S-1-5-18", "EventData.ExitCode": "0"}
{"EventID": "10", "Channel": "Microsoft-Windows-WindowsSystemAssessmentTool/Operational", "Provider_Name": "Microsoft-Windows-WindowsSystemAssessmentTool", "Computer": "DESKTOP-OFJ6N53", "TimeCreated": "2025-08-07 10:05:43.693493+00:00", "RecordID": "1774", "Level": "4", "UserID": "S-1-5-18", "EventData.PhaseID": "150"}
