{"EventID": "1403", "Channel": "Microsoft-Windows-ShellCommon-StartLayoutPopulation/Operational", "Provider_Name": "Microsoft-Windows-ShellCommon-StartLayoutPopulation", "Computer": "DESKTOP-OFJ6N53", "TimeCreated": "2024-06-06 12:19:22.872486+00:00", "RecordID": "1235", "Level": "4", "UserID": "S-1-5-21-963789628-1060504924-4285088085-1001"}
{"EventID": "1402", "Channel": "Microsoft-Windows-ShellCommon-StartLayoutPopulation/Operational", "Provider_Name": "Microsoft-Windows-ShellCommon-StartLayoutPopulation", "Computer": "DESKTOP-OFJ6N53", "TimeCreated": "2024-06-06 12:19:28.053255+00:00", "RecordID": "1236", "Level": "4", "UserID": "S-1-5-21-963789628-1060504924-4285088085-1001"}
{"EventID": "1403", "Channel": "Microsoft-Windows-ShellCommon-StartLayoutPopulation/Operational", "Provider_Name": "Microsoft-Windows-ShellCommon-StartLayoutPopulation", "Computer": "DESKTOP-OFJ6N53", "TimeCreated": "2024-06-06 12:19:28.094191+00:00", "RecordID": "1237", "Level": "4", "UserID": "S-1-5-21-963789628-1060504924-4285088085-1001"}
{"EventID": "1402", "Channel": "Microsoft-Windows-ShellCommon-StartLayoutPopulation/Operational", "Provider_Name": "Microsoft-Windows-ShellCommon-StartLayoutPopulation", "Computer": "DESKTOP-OFJ6N53", "TimeCreated": "2024-06-07 14:28:57.881170+00:00", "RecordID": "1238", "Level": "4", "UserID": "S-1-5-21-963789628-1060504924-4285088085-1001"}
{"EventID": "1403", "Channel": "Microsoft-Windows-ShellCommon-StartLayoutPopulation/Operational", "Provider_Name": "Microsoft-Windows-ShellCommon-StartLayoutPopulation", "Computer": "DESKTOP-OFJ6N53", "TimeCreated": "2024-06-07 14:28:57.901962+00:00", "RecordID": "1239", "Level": "4", "UserID": "S-1-5-21-963789628-1060504924-4285088085-1001"}
{"EventID": "1402", "Channel": "Microsoft-Windows-ShellCommon-StartLayoutPopulation/Operational", "Provider_Name": "Microsoft-Windows-ShellCommon-StartLayoutPopulation", "Computer": "DESKTOP-OFJ6N53", "TimeCreated": "2024-06-13 10:03:14.608051+00:00", "RecordID": "1240", "Level": "4", "UserID": "S-1-5-21-963789628-1060504924-4285088085-1001"}
{"EventID": "1403", "Channel": "Microsoft-Windows-ShellCommon-StartLayoutPopulation/Operational", "Provider_Name": "Microsoft-Windows-ShellCommon-StartLayoutPopulation", "Computer": "DESKTOP-OFJ6N53", "TimeCreated": "2024-06-13 10:03:14.930010+00:00", "RecordID": "1241", "Level": "4", "UserID": "S-1-5-21-963789628-1060504924-4285088085-1001"}
{"EventID": "1402", "Channel": "Microsoft-Windows-ShellCommon-StartLayoutPopulation/Operational", "Provider_Name": "Microsoft-Windows-ShellCommon-StartLayoutPopulation", "Computer": "DESKTOP-OFJ6N53", "TimeCreated": "2024-06-13 10:03:49.451912+00:00", "RecordID": "1242", "Level": "4", "UserID": "S-1-5-21-963789628-1060504924-4285088085-1001"}
{"EventID": "1403", "Channel": "Microsoft-Windows-ShellCommon-StartLayoutPopulation/Operational", "Provider_Name": "Microsoft-Windows-ShellCommon-StartLayoutPopulation", "Computer": "DESKTOP-OFJ6N53", "TimeCreated": "2024-06-13 10:03:49.554001+00:00", "RecordID": "1243", "Level": "4", "UserID": "S-1-5-21-963789628-1060504924-4285088085-1001"}
{"EventID": "1402", "Channel": "Microsoft-Windows-ShellCommon-StartLayoutPopulation/Operational", "Provider_Name": "Microsoft-Windows-ShellCommon-StartLayoutPopulation", "Computer": "DESKTOP-OFJ6N53", "TimeCreated": "2024-06-13 10:21:41.125389+00:00", "RecordID": "1244", "Level": "4", "UserID": "S-1-5-21-963789628-1060504924-4285088085-1001"}
{"EventID": "1403", "Channel": "Microsoft-Windows-ShellCommon-StartLayoutPopulation/Operational", "Provider_Name": "Microsoft-Windows-ShellCommon-StartLayoutPopulation", "Computer": "DESKTOP-OFJ6N53", "TimeCreated": "2024-06-13 10:21:41.160374+00:00", "RecordID": "1245", "Level": "4", "UserID": "S-1-5-21-963789628-1060504924-4285088085-1001"}
{"EventID": "1402", "Channel": "Microsoft-Windows-ShellCommon-StartLayoutPopulation/Operational", "Provider_Name": "Microsoft-Windows-ShellCommon-StartLayoutPopulation", "Computer": "DESKTOP-OFJ6N53", "TimeCreated": "2024-06-13 10:21:50.536100+00:00", "RecordID": "1246", "Level": "4", "UserID": "S-1-5-21-963789628-1060504924-4285088085-1001"}
{"EventID": "1403", "Channel": "Microsoft-Windows-ShellCommon-StartLayoutPopulation/Operational", "Provider_Name": "Microsoft-Windows-ShellCommon-StartLayoutPopulation", "Computer": "DESKTOP-OFJ6N53", "TimeCreated": "2024-06-13 10:21:50.771965+00:00", "RecordID": "1247", "Level": "4", "UserID": "S-1-5-21-963789628-1060504924-4285088085-1001"}
{"EventID": "1402", "Channel": "Microsoft-Windows-ShellCommon-StartLayoutPopulation/Operational", "Provider_Name": "Microsoft-Windows-ShellCommon-StartLayoutPopulation", "Computer": "DESKTOP-OFJ6N53", "TimeCreated": "2024-06-19 12:58:15.533342+00:00", "RecordID": "1248", "Level": "4", "UserID": "S-1-5-21-963789628-1060504924-4285088085-1001"}
{"EventID": "1403", "Channel": "Microsoft-Windows-ShellCommon-StartLayoutPopulation/Operational", "Provider_Name": "Microsoft-Windows-ShellCommon-StartLayoutPopulation", "Computer": "DESKTOP-OFJ6N53", "TimeCreated": "2024-06-19 12:58:15.543631+00:00", "RecordID": "1249", "Level": "4", "UserID": "S-1-5-21-963789628-1060504924-4285088085-1001"}
{"EventID": "1402", "Channel": "Microsoft-Windows-ShellCommon-StartLayoutPopulation/Operational", "Provider_Name": "Microsoft-Windows-ShellCommon-StartLayoutPopulation", "Computer": "DESKTOP-OFJ6N53", "TimeCreated": "2024-06-30 04:29:50.830418+00:00", "RecordID": "1250", "Level": "4", "UserID": "S-1-5-21-963789628-1060504924-4285088085-1001"}
{"EventID": "1403", "Channel": "Microsoft-Windows-ShellCommon-StartLayoutPopulation/Operational", "Provider_Name": "Microsoft-Windows-ShellCommon-StartLayoutPopulation", "Computer": "DESKTOP-OFJ6N53", "TimeCreated": "2024-06-30 04:29:51.065928+00:00", "RecordID": "1251", "Level": "4", "UserID": "S-1-5-21-963789628-1060504924-4285088085-1001"}
{"EventID": "1402", "Channel": "Microsoft-Windows-ShellCommon-StartLayoutPopulation/Operational", "Provider_Name": "Microsoft-Windows-ShellCommon-StartLayoutPopulation", "Computer": "DESKTOP-OFJ6N53", "TimeCreated": "2024-07-04 10:13:08.218233+00:00", "RecordID": "1252", "Level": "4", "UserID": "S-1-5-21-963789628-1060504924-4285088085-1001"}
{"EventID": "1403", "Channel": "Microsoft-Windows-ShellCommon-StartLayoutPopulation/Operational", "Provider_Name": "Microsoft-Windows-ShellCommon-StartLayoutPopulation", "Computer": "DESKTOP-OFJ6N53", "TimeCreated": "2024-07-04 10:13:08.868656+00:00", "RecordID": "1253", "Level": "4", "UserID": "S-1-5-21-963789628-1060504924-4285088085-1001"}
{"EventID": "1402", "Channel": "Microsoft-Windows-ShellCommon-StartLayoutPopulation/Operational", "Provider_Name": "Microsoft-Windows-ShellCommon-StartLayoutPopulation", "Computer": "DESKTOP-OFJ6N53", "TimeCreated": "2024-07-04 10:13:19.209362+00:00", "RecordID": "1254", "Level": "4", "UserID": "S-1-5-21-963789628-1060504924-4285088085-1001"}
{"EventID": "1403", "Channel": "Microsoft-Windows-ShellCommon-StartLayoutPopulation/Operational", "Provider_Name": "Microsoft-Windows-ShellCommon-StartLayoutPopulation", "Computer": "DESKTOP-OFJ6N53", "TimeCreated": "2024-07-04 10:13:19.421988+00:00", "RecordID": "1255", "Level": "4", "UserID": "S-1-5-21-963789628-1060504924-4285088085-1001"}
{"EventID": "1402", "Channel": "Microsoft-Windows-ShellCommon-StartLayoutPopulation/Operational", "Provider_Name": "Microsoft-Windows-ShellCommon-StartLayoutPopulation", "Computer": "DESKTOP-OFJ6N53", "TimeCreated": "2024-07-04 10:15:34.932060+00:00", "RecordID": "1256", "Level": "4", "UserID": "S-1-5-21-963789628-1060504924-4285088085-1001"}
{"EventID": "1403", "Channel": "Microsoft-Windows-ShellCommon-StartLayoutPopulation/Operational", "Provider_Name": "Microsoft-Windows-ShellCommon-StartLayoutPopulation", "Computer": "DESKTOP-OFJ6N53", "TimeCreated": "2024-07-04 10:15:34.989777+00:00", "RecordID": "1257", "Level": "4", "UserID": "S-1-5-21-963789628-1060504924-4285088085-1001"}
{"EventID": "1402", "Channel": "Microsoft-Windows-ShellCommon-StartLayoutPopulation/Operational", "Provider_Name": "Microsoft-Windows-ShellCommon-StartLayoutPopulation", "Computer": "DESKTOP-OFJ6N53", "TimeCreated": "2024-07-11 10:32:28.595655+00:00", "RecordID": "1258", "Level": "4", "UserID": "S-1-5-21-963789628-1060504924-4285088085-1001"}
{"EventID": "1403", "Channel": "Microsoft-Windows-ShellCommon-StartLayoutPopulation/Operational", "Provider_Name": "Microsoft-Windows-ShellCommon-StartLayoutPopulation", "Computer": "DESKTOP-OFJ6N53", "TimeCreated": "2024-07-11 10:32:28.620796+00:00", "RecordID": "1259", "Level": "4", "UserID": "S-1-5-21-963789628-1060504924-4285088085-1001"}
{"EventID": "1402", "Channel": "Microsoft-Windows-ShellCommon-StartLayoutPopulation/Operational", "Provider_Name": "Microsoft-Windows-ShellCommon-StartLayoutPopulation", "Computer": "DESKTOP-OFJ6N53", "TimeCreated": "2024-07-11 10:32:36.640572+00:00", "RecordID": "1260", "Level": "4", "UserID": "S-1-5-21-963789628-1060504924-4285088085-1001"}
{"EventID": "1403", "Channel": "Microsoft-Windows-ShellCommon-StartLayoutPopulation/Operational", "Provider_Name": "Microsoft-Windows-ShellCommon-StartLayoutPopulation", "Computer": "DESKTOP-OFJ6N53", "TimeCreated": "2024-07-11 10:32:36.711525+00:00", "RecordID": "1261", "Level": "4", "UserID": "S-1-5-21-963789628-1060504924-4285088085-1001"}
{"EventID": "1402", "Channel": "Microsoft-Windows-ShellCommon-StartLayoutPopulation/Operational", "Provider_Name": "Microsoft-Windows-ShellCommon-StartLayoutPopulation", "Computer": "DESKTOP-OFJ6N53", "TimeCreated": "2024-07-22 07:27:30.551426+00:00", "RecordID": "1262", "Level": "4", "UserID": "S-1-5-21-963789628-1060504924-4285088085-1001"}
{"EventID": "1403", "Channel": "Microsoft-Windows-ShellCommon-StartLayoutPopulation/Operational", "Provider_Name": "Microsoft-Windows-ShellCommon-StartLayoutPopulation", "Computer": "DESKTOP-OFJ6N53", "TimeCreated": "2024-07-22 07:27:30.622623+00:00", "RecordID": "1263", "Level": "4", "UserID": "S-1-5-21-963789628-1060504924-4285088085-1001"}
{"EventID": "1402", "Channel": "Microsoft-Windows-ShellCommon-StartLayoutPopulation/Operational", "Provider_Name": "Microsoft-Windows-ShellCommon-StartLayoutPopulation", "Computer": "DESKTOP-OFJ6N53", "TimeCreated": "2024-07-22 07:27:47.498655+00:00", "RecordID": "1264", "Level": "4", "UserID": "S-1-5-21-963789628-1060504924-4285088085-1001"}
{"EventID": "1403", "Channel": "Microsoft-Windows-ShellCommon-StartLayoutPopulation/Operational", "Provider_Name": "Microsoft-Windows-ShellCommon-StartLayoutPopulation", "Computer": "DESKTOP-OFJ6N53", "TimeCreated": "2024-07-22 07:27:47.517969+00:00", "RecordID": "1265", "Level": "4", "UserID": "S-1-5-21-963789628-1060504924-4285088085-1001"}
{"EventID": "1402", "Channel": "Microsoft-Windows-ShellCommon-StartLayoutPopulation/Operational", "Provider_Name": "Microsoft-Windows-ShellCommon-StartLayoutPopulation", "Computer": "DESKTOP-OFJ6N53", "TimeCreated": "2024-07-29 15:24:22.329075+00:00", "RecordID": "1266", "Level": "4", "UserID": "S-1-5-21-963789628-1060504924-4285088085-1001"}
{"EventID": "1403", "Channel": "Microsoft-Windows-ShellCommon-StartLayoutPopulation/Operational", "Provider_Name": "Microsoft-Windows-ShellCommon-StartLayoutPopulation", "Computer": "DESKTOP-OFJ6N53", "TimeCreated": "2024-07-29 15:24:22.337889+00:00", "RecordID": "1267", "Level": "4", "UserID": "S-1-5-21-963789628-1060504924-4285088085-1001"}
{"EventID": "2152", "Channel": "Microsoft-Windows-ShellCommon-StartLayoutPopulation/Operational", "Provider_Name": "Microsoft-Windows-ShellCommon-StartLayoutPopulation", "Computer": "DESKTOP-OFJ6N53", "TimeCreated": "2024-08-28 09:28:29.730867+00:00", "RecordID": "1268", "Level": "4", "UserID": "S-1-5-18", "EventData.packageFamilyName": "Microsoft.Windows.DevHome_8wekyb3d8bbwe", "EventData.InstallState": "0"}
{"EventID": "2152", "Channel": "Microsoft-Windows-ShellCommon-StartLayoutPopulation/Operational", "Provider_Name": "Microsoft-Windows-ShellCommon-StartLayoutPopulation", "Computer": "DESKTOP-OFJ6N53", "TimeCreated": "2024-08-28 09:28:29.902319+00:00", "RecordID": "1269", "Level": "4", "UserID": "S-1-5-18", "EventData.packageFamilyName": "Microsoft.Windows.DevHome_8wekyb3d8bbwe", "EventData.InstallState": "0"}
{"EventID": "1402", "Channel": "Microsoft-Windows-ShellCommon-StartLayoutPopulation/Operational", "Provider_Name": "Microsoft-Windows-ShellCommon-StartLayoutPopulation", "Computer": "DESKTOP-OFJ6N53", "TimeCreated": "2024-08-28 09:28:42.538754+00:00", "RecordID": "1270", "Level": "4", "UserID": "S-1-5-21-963789628-1060504924-4285088085-1001"}
{"EventID": "1403", "Channel": "Microsoft-Windows-ShellCommon-StartLayoutPopulation/Operational", "Provider_Name": "Microsoft-Windows-ShellCommon-StartLayoutPopulation", "Computer": "DESKTOP-OFJ6N53", "TimeCreated": "2024-08-28 09:28:42.573368+00:00", "RecordID": "1271", "Level": "4", "UserID": "S-1-5-21-963789628-1060504924-4285088085-1001"}
{"EventID": "1402", "Channel": "Microsoft-Windows-ShellCommon-StartLayoutPopulation/Operational", "Provider_Name": "Microsoft-Windows-ShellCommon-StartLayoutPopulation", "Computer": "DESKTOP-OFJ6N53", "TimeCreated": "2024-08-28 09:29:03.938978+00:00", "RecordID": "1272", "Level": "4", "UserID": "S-1-5-21-963789628-1060504924-4285088085-1001"}
{"EventID": "1403", "Channel": "Microsoft-Windows-ShellCommon-StartLayoutPopulation/Operational", "Provider_Name": "Microsoft-Windows-ShellCommon-StartLayoutPopulation", "Computer": "DESKTOP-OFJ6N53", "TimeCreated": "2024-08-28 09:29:03.959791+00:00", "RecordID": "1273", "Level": "4", "UserID": "S-1-5-21-963789628-1060504924-4285088085-1001"}
{"EventID": "2153", "Channel": "Microsoft-Windows-ShellCommon-StartLayoutPopulation/Operational", "Provider_Name": "Microsoft-Windows-ShellCommon-StartLayoutPopulation", "Computer": "DESKTOP-OFJ6N53", "TimeCreated": "2024-08-28 09:29:06.657232+00:00", "RecordID": "1274", "Level": "4", "UserID": "S-1-5-18", "EventData.packageFamilyName": "Microsoft.Windows.DevHome_8wekyb3d8bbwe", "EventData.InstallState": "4"}
{"EventID": "1402", "Channel": "Microsoft-Windows-ShellCommon-StartLayoutPopulation/Operational", "Provider_Name": "Microsoft-Windows-ShellCommon-StartLayoutPopulation", "Computer": "DESKTOP-OFJ6N53", "TimeCreated": "2024-08-28 10:22:19.710890+00:00", "RecordID": "1275", "Level": "4", "UserID": "S-1-5-21-963789628-1060504924-4285088085-1001"}
{"EventID": "1403", "Channel": "Microsoft-Windows-ShellCommon-StartLayoutPopulation/Operational", "Provider_Name": "Microsoft-Windows-ShellCommon-StartLayoutPopulation", "Computer": "DESKTOP-OFJ6N53", "TimeCreated": "2024-08-28 10:22:19.721455+00:00", "RecordID": "1276", "Level": "4", "UserID": "S-1-5-21-963789628-1060504924-4285088085-1001"}
{"EventID": "1402", "Channel": "Microsoft-Windows-ShellCommon-StartLayoutPopulation/Operational", "Provider_Name": "Microsoft-Windows-ShellCommon-StartLayoutPopulation", "Computer": "DESKTOP-OFJ6N53", "TimeCreated": "2024-08-28 10:31:38.071941+00:00", "RecordID": "1277", "Level": "4", "UserID": "S-1-5-21-963789628-1060504924-4285088085-1001"}
{"EventID": "1403", "Channel": "Microsoft-Windows-ShellCommon-StartLayoutPopulation/Operational", "Provider_Name": "Microsoft-Windows-ShellCommon-StartLayoutPopulation", "Computer": "DESKTOP-OFJ6N53", "TimeCreated": "2024-08-28 10:31:38.083496+00:00", "RecordID": "1278", "Level": "4", "UserID": "S-1-5-21-963789628-1060504924-4285088085-1001"}
{"EventID": "1402", "Channel": "Microsoft-Windows-ShellCommon-StartLayoutPopulation/Operational", "Provider_Name": "Microsoft-Windows-ShellCommon-StartLayoutPopulation", "Computer": "DESKTOP-OFJ6N53", "TimeCreated": "2024-09-06 13:40:28.439552+00:00", "RecordID": "1279", "Level": "4", "UserID": "S-1-5-21-963789628-1060504924-4285088085-1001"}
{"EventID": "1403", "Channel": "Microsoft-Windows-ShellCommon-StartLayoutPopulation/Operational", "Provider_Name": "Microsoft-Windows-ShellCommon-StartLayoutPopulation", "Computer": "DESKTOP-OFJ6N53", "TimeCreated": "2024-09-06 13:40:28.481453+00:00", "RecordID": "1280", "Level": "4", "UserID": "S-1-5-21-963789628-1060504924-4285088085-1001"}
{"EventID": "1402", "Channel": "Microsoft-Windows-ShellCommon-StartLayoutPopulation/Operational", "Provider_Name": "Microsoft-Windows-ShellCommon-StartLayoutPopulation", "Computer": "DESKTOP-OFJ6N53", "TimeCreated": "2024-09-06 13:40:33.275978+00:00", "RecordID": "1281", "Level": "4", "UserID": "S-1-5-21-963789628-1060504924-4285088085-1001"}
{"EventID": "1403", "Channel": "Microsoft-Windows-ShellCommon-StartLayoutPopulation/Operational", "Provider_Name": "Microsoft-Windows-ShellCommon-StartLayoutPopulation", "Computer": "DESKTOP-OFJ6N53", "TimeCreated": "2024-09-06 13:40:33.614635+00:00", "RecordID": "1282", "Level": "4", "UserID": "S-1-5-21-963789628-1060504924-4285088085-1001"}
{"EventID": "1402", "Channel": "Microsoft-Windows-ShellCommon-StartLayoutPopulation/Operational", "Provider_Name": "Microsoft-Windows-ShellCommon-StartLayoutPopulation", "Computer": "DESKTOP-OFJ6N53", "TimeCreated": "2024-09-11 14:52:12.537872+00:00", "RecordID": "1283", "Level": "4", "UserID": "S-1-5-21-963789628-1060504924-4285088085-1001"}
{"EventID": "1403", "Channel": "Microsoft-Windows-ShellCommon-StartLayoutPopulation/Operational", "Provider_Name": "Microsoft-Windows-ShellCommon-StartLayoutPopulation", "Computer": "DESKTOP-OFJ6N53", "TimeCreated": "2024-09-11 14:52:12.589224+00:00", "RecordID": "1284", "Level": "4", "UserID": "S-1-5-21-963789628-1060504924-4285088085-1001"}
{"EventID": "1402", "Channel": "Microsoft-Windows-ShellCommon-StartLayoutPopulation/Operational", "Provider_Name": "Microsoft-Windows-ShellCommon-StartLayoutPopulation", "Computer": "DESKTOP-OFJ6N53", "TimeCreated": "2024-09-11 14:52:19.730143+00:00", "RecordID": "1285", "Level": "4", "UserID": "S-1-5-21-963789628-1060504924-4285088085-1001"}
{"EventID": "1403", "Channel": "Microsoft-Windows-ShellCommon-StartLayoutPopulation/Operational", "Provider_Name": "Microsoft-Windows-ShellCommon-StartLayoutPopulation", "Computer": "DESKTOP-OFJ6N53", "TimeCreated": "2024-09-11 14:52:19.749039+00:00", "RecordID": "1286", "Level": "4", "UserID": "S-1-5-21-963789628-1060504924-4285088085-1001"}
{"EventID": "1402", "Channel": "Microsoft-Windows-ShellCommon-StartLayoutPopulation/Operational", "Provider_Name": "Microsoft-Windows-ShellCommon-StartLayoutPopulation", "Computer": "DESKTOP-OFJ6N53", "TimeCreated": "2024-09-11 14:52:21.542349+00:00", "RecordID": "1287", "Level": "4", "UserID": "S-1-5-21-963789628-1060504924-4285088085-1001"}
{"EventID": "1403", "Channel": "Microsoft-Windows-ShellCommon-StartLayoutPopulation/Operational", "Provider_Name": "Microsoft-Windows-ShellCommon-StartLayoutPopulation", "Computer": "DESKTOP-OFJ6N53", "TimeCreated": "2024-09-11 14:52:21.617405+00:00", "RecordID": "1288", "Level": "4", "UserID": "S-1-5-21-963789628-1060504924-4285088085-1001"}
{"EventID": "1402", "Channel": "Microsoft-Windows-ShellCommon-StartLayoutPopulation/Operational", "Provider_Name": "Microsoft-Windows-ShellCommon-StartLayoutPopulation", "Computer": "DESKTOP-OFJ6N53", "TimeCreated": "2024-09-11 14:53:11.222153+00:00", "RecordID": "1289", "Level": "4", "UserID": "S-1-5-21-963789628-1060504924-4285088085-1001"}
{"EventID": "1403", "Channel": "Microsoft-Windows-ShellCommon-StartLayoutPopulation/Operational", "Provider_Name": "Microsoft-Windows-ShellCommon-StartLayoutPopulation", "Computer": "DESKTOP-OFJ6N53", "TimeCreated": "2024-09-11 14:53:11.234791+00:00", "RecordID": "1290", "Level": "4", "UserID": "S-1-5-21-963789628-1060504924-4285088085-1001"}
{"EventID": "1402", "Channel": "Microsoft-Windows-ShellCommon-StartLayoutPopulation/Operational", "Provider_Name": "Microsoft-Windows-ShellCommon-StartLayoutPopulation", "Computer": "DESKTOP-OFJ6N53", "TimeCreated": "2024-09-19 17:25:37.160988+00:00", "RecordID": "1291", "Level": "4", "UserID": "S-1-5-21-963789628-1060504924-4285088085-1001"}
{"EventID": "1403", "Channel": "Microsoft-Windows-ShellCommon-StartLayoutPopulation/Operational", "Provider_Name": "Microsoft-Windows-ShellCommon-StartLayoutPopulation", "Computer": "DESKTOP-OFJ6N53", "TimeCreated": "2024-09-19 17:25:37.262281+00:00", "RecordID": "1292", "Level": "4", "UserID": "S-1-5-21-963789628-1060504924-4285088085-1001"}
{"EventID": "1402", "Channel": "Microsoft-Windows-ShellCommon-StartLayoutPopulation/Operational", "Provider_Name": "Microsoft-Windows-ShellCommon-StartLayoutPopulation", "Computer": "DESKTOP-OFJ6N53", "TimeCreated": "2024-09-19 17:25:43.033312+00:00", "RecordID": "1293", "Level": "4", "UserID": "S-1-5-21-963789628-1060504924-4285088085-1001"}
{"EventID": "1403", "Channel": "Microsoft-Windows-ShellCommon-StartLayoutPopulation/Operational", "Provider_Name": "Microsoft-Windows-ShellCommon-StartLayoutPopulation", "Computer": "DESKTOP-OFJ6N53", "TimeCreated": "2024-09-19 17:25:43.229548+00:00", "RecordID": "1294", "Level": "4", "UserID": "S-1-5-21-963789628-1060504924-4285088085-1001"}
{"EventID": "1402", "Channel": "Microsoft-Windows-ShellCommon-StartLayoutPopulation/Operational", "Provider_Name": "Microsoft-Windows-ShellCommon-StartLayoutPopulation", "Computer": "DESKTOP-OFJ6N53", "TimeCreated": "2024-09-24 10:57:43.616713+00:00", "RecordID": "1295", "Level": "4", "UserID": "S-1-5-21-963789628-1060504924-4285088085-1001"}
{"EventID": "1403", "Channel": "Microsoft-Windows-ShellCommon-StartLayoutPopulation/Operational", "Provider_Name": "Microsoft-Windows-ShellCommon-StartLayoutPopulation", "Computer": "DESKTOP-OFJ6N53", "TimeCreated": "2024-09-24 10:57:43.659803+00:00", "RecordID": "1296", "Level": "4", "UserID": "S-1-5-21-963789628-1060504924-4285088085-1001"}
{"EventID": "1402", "Channel": "Microsoft-Windows-ShellCommon-StartLayoutPopulation/Operational", "Provider_Name": "Microsoft-Windows-ShellCommon-StartLayoutPopulation", "Computer": "DESKTOP-OFJ6N53", "TimeCreated": "2024-09-24 10:57:45.962345+00:00", "RecordID": "1297", "Level": "4", "UserID": "S-1-5-21-963789628-1060504924-4285088085-1001"}
{"EventID": "1403", "Channel": "Microsoft-Windows-ShellCommon-StartLayoutPopulation/Operational", "Provider_Name": "Microsoft-Windows-ShellCommon-StartLayoutPopulation", "Computer": "DESKTOP-OFJ6N53", "TimeCreated": "2024-09-24 10:57:46.114054+00:00", "RecordID": "1298", "Level": "4", "UserID": "S-1-5-21-963789628-1060504924-4285088085-1001"}
{"EventID": "1402", "Channel": "Microsoft-Windows-ShellCommon-StartLayoutPopulation/Operational", "Provider_Name": "Microsoft-Windows-ShellCommon-StartLayoutPopulation", "Computer": "DESKTOP-OFJ6N53", "TimeCreated": "2024-09-24 10:57:51.369276+00:00", "RecordID": "1299", "Level": "4", "UserID": "S-1-5-21-963789628-1060504924-4285088085-1001"}
{"EventID": "1403", "Channel": "Microsoft-Windows-ShellCommon-StartLayoutPopulation/Operational", "Provider_Name": "Microsoft-Windows-ShellCommon-StartLayoutPopulation", "Computer": "DESKTOP-OFJ6N53", "TimeCreated": "2024-09-24 10:57:51.402752+00:00", "RecordID": "1300", "Level": "4", "UserID": "S-1-5-21-963789628-1060504924-4285088085-1001"}
{"EventID": "1402", "Channel": "Microsoft-Windows-ShellCommon-StartLayoutPopulation/Operational", "Provider_Name": "Microsoft-Windows-ShellCommon-StartLayoutPopulation", "Computer": "DESKTOP-OFJ6N53", "TimeCreated": "2024-09-24 10:58:35.092951+00:00", "RecordID": "1301", "Level": "4", "UserID": "S-1-5-21-963789628-1060504924-4285088085-1001"}
{"EventID": "1403", "Channel": "Microsoft-Windows-ShellCommon-StartLayoutPopulation/Operational", "Provider_Name": "Microsoft-Windows-ShellCommon-StartLayoutPopulation", "Computer": "DESKTOP-OFJ6N53", "TimeCreated": "2024-09-24 10:58:35.105783+00:00", "RecordID": "1302", "Level": "4", "UserID": "S-1-5-21-963789628-1060504924-4285088085-1001"}
{"EventID": "1402", "Channel": "Microsoft-Windows-ShellCommon-StartLayoutPopulation/Operational", "Provider_Name": "Microsoft-Windows-ShellCommon-StartLayoutPopulation", "Computer": "DESKTOP-OFJ6N53", "TimeCreated": "2024-09-25 13:39:08.356293+00:00", "RecordID": "1303", "Level": "4", "UserID": "S-1-5-21-963789628-1060504924-4285088085-1001"}
{"EventID": "1403", "Channel": "Microsoft-Windows-ShellCommon-StartLayoutPopulation/Operational", "Provider_Name": "Microsoft-Windows-ShellCommon-StartLayoutPopulation", "Computer": "DESKTOP-OFJ6N53", "TimeCreated": "2024-09-25 13:39:08.398821+00:00", "RecordID": "1304", "Level": "4", "UserID": "S-1-5-21-963789628-1060504924-4285088085-1001"}
{"EventID": "1402", "Channel": "Microsoft-Windows-ShellCommon-StartLayoutPopulation/Operational", "Provider_Name": "Microsoft-Windows-ShellCommon-StartLayoutPopulation", "Computer": "DESKTOP-OFJ6N53", "TimeCreated": "2024-09-25 13:39:12.153440+00:00", "RecordID": "1305", "Level": "4", "UserID": "S-1-5-21-963789628-1060504924-4285088085-1001"}
{"EventID": "1403", "Channel": "Microsoft-Windows-ShellCommon-StartLayoutPopulation/Operational", "Provider_Name": "Microsoft-Windows-ShellCommon-StartLayoutPopulation", "Computer": "DESKTOP-OFJ6N53", "TimeCreated": "2024-09-25 13:39:12.385933+00:00", "RecordID": "1306", "Level": "4", "UserID": "S-1-5-21-963789628-1060504924-4285088085-1001"}
{"EventID": "1402", "Channel": "Microsoft-Windows-ShellCommon-StartLayoutPopulation/Operational", "Provider_Name": "Microsoft-Windows-ShellCommon-StartLayoutPopulation", "Computer": "DESKTOP-OFJ6N53", "TimeCreated": "2024-09-25 13:39:14.290020+00:00", "RecordID": "1307", "Level": "4", "UserID": "S-1-5-21-963789628-1060504924-4285088085-1001"}
{"EventID": "1403", "Channel": "Microsoft-Windows-ShellCommon-StartLayoutPopulation/Operational", "Provider_Name": "Microsoft-Windows-ShellCommon-StartLayoutPopulation", "Computer": "DESKTOP-OFJ6N53", "TimeCreated": "2024-09-25 13:39:14.306879+00:00", "RecordID": "1308", "Level": "4", "UserID": "S-1-5-21-963789628-1060504924-4285088085-1001"}
{"EventID": "1402", "Channel": "Microsoft-Windows-ShellCommon-StartLayoutPopulation/Operational", "Provider_Name": "Microsoft-Windows-ShellCommon-StartLayoutPopulation", "Computer": "DESKTOP-OFJ6N53", "TimeCreated": "2024-09-25 13:40:00.973560+00:00", "RecordID": "1309", "Level": "4", "UserID": "S-1-5-21-963789628-1060504924-4285088085-1001"}
{"EventID": "1403", "Channel": "Microsoft-Windows-ShellCommon-StartLayoutPopulation/Operational", "Provider_Name": "Microsoft-Windows-ShellCommon-StartLayoutPopulation", "Computer": "DESKTOP-OFJ6N53", "TimeCreated": "2024-09-25 13:40:00.992506+00:00", "RecordID": "1310", "Level": "4", "UserID": "S-1-5-21-963789628-1060504924-4285088085-1001"}
{"EventID": "1402", "Channel": "Microsoft-Windows-ShellCommon-StartLayoutPopulation/Operational", "Provider_Name": "Microsoft-Windows-ShellCommon-StartLayoutPopulation", "Computer": "DESKTOP-OFJ6N53", "TimeCreated": "2024-09-28 12:29:18.158253+00:00", "RecordID": "1311", "Level": "4", "UserID": "S-1-5-21-963789628-1060504924-4285088085-1001"}
{"EventID": "1403", "Channel": "Microsoft-Windows-ShellCommon-StartLayoutPopulation/Operational", "Provider_Name": "Microsoft-Windows-ShellCommon-StartLayoutPopulation", "Computer": "DESKTOP-OFJ6N53", "TimeCreated": "2024-09-28 12:29:18.182945+00:00", "RecordID": "1312", "Level": "4", "UserID": "S-1-5-21-963789628-1060504924-4285088085-1001"}
{"EventID": "1402", "Channel": "Microsoft-Windows-ShellCommon-StartLayoutPopulation/Operational", "Provider_Name": "Microsoft-Windows-ShellCommon-StartLayoutPopulation", "Computer": "DESKTOP-OFJ6N53", "TimeCreated": "2024-09-28 12:29:32.991373+00:00", "RecordID": "1313", "Level": "4", "UserID": "S-1-5-21-963789628-1060504924-4285088085-1001"}
{"EventID": "1403", "Channel": "Microsoft-Windows-ShellCommon-StartLayoutPopulation/Operational", "Provider_Name": "Microsoft-Windows-ShellCommon-StartLayoutPopulation", "Computer": "DESKTOP-OFJ6N53", "TimeCreated": "2024-09-28 12:29:33.002546+00:00", "RecordID": "1314", "Level": "4", "UserID": "S-1-5-21-963789628-1060504924-4285088085-1001"}
{"EventID": "1402", "Channel": "Microsoft-Windows-ShellCommon-StartLayoutPopulation/Operational", "Provider_Name": "Microsoft-Windows-ShellCommon-StartLayoutPopulation", "Computer": "DESKTOP-OFJ6N53", "TimeCreated": "2024-09-28 12:31:14.540817+00:00", "RecordID": "1315", "Level": "4", "UserID": "S-1-5-21-963789628-1060504924-4285088085-1001"}
{"EventID": "1403", "Channel": "Microsoft-Windows-ShellCommon-StartLayoutPopulation/Operational", "Provider_Name": "Microsoft-Windows-ShellCommon-StartLayoutPopulation", "Computer": "DESKTOP-OFJ6N53", "TimeCreated": "2024-09-28 12:31:14.566156+00:00", "RecordID": "1316", "Level": "4", "UserID": "S-1-5-21-963789628-1060504924-4285088085-1001"}
{"EventID": "1402", "Channel": "Microsoft-Windows-ShellCommon-StartLayoutPopulation/Operational", "Provider_Name": "Microsoft-Windows-ShellCommon-StartLayoutPopulation", "Computer": "DESKTOP-OFJ6N53", "TimeCreated": "2024-10-04 11:18:40.419273+00:00", "RecordID": "1317", "Level": "4", "UserID": "S-1-5-21-963789628-1060504924-4285088085-1001"}
{"EventID": "1403", "Channel": "Microsoft-Windows-ShellCommon-StartLayoutPopulation/Operational", "Provider_Name": "Microsoft-Windows-ShellCommon-StartLayoutPopulation", "Computer": "DESKTOP-OFJ6N53", "TimeCreated": "2024-10-04 11:18:40.508162+00:00", "RecordID": "1318", "Level": "4", "UserID": "S-1-5-21-963789628-1060504924-4285088085-1001"}
{"EventID": "1402", "Channel": "Microsoft-Windows-ShellCommon-StartLayoutPopulation/Operational", "Provider_Name": "Microsoft-Windows-ShellCommon-StartLayoutPopulation", "Computer": "DESKTOP-OFJ6N53", "TimeCreated": "2024-10-04 11:18:49.352667+00:00", "RecordID": "1319", "Level": "4", "UserID": "S-1-5-21-963789628-1060504924-4285088085-1001"}
{"EventID": "1403", "Channel": "Microsoft-Windows-ShellCommon-StartLayoutPopulation/Operational", "Provider_Name": "Microsoft-Windows-ShellCommon-StartLayoutPopulation", "Computer": "DESKTOP-OFJ6N53", "TimeCreated": "2024-10-04 11:18:49.369841+00:00", "RecordID": "1320", "Level": "4", "UserID": "S-1-5-21-963789628-1060504924-4285088085-1001"}
{"EventID": "1402", "Channel": "Microsoft-Windows-ShellCommon-StartLayoutPopulation/Operational", "Provider_Name": "Microsoft-Windows-ShellCommon-StartLayoutPopulation", "Computer": "DESKTOP-OFJ6N53", "TimeCreated": "2024-10-04 22:03:47.369329+00:00", "RecordID": "1321", "Level": "4", "UserID": "S-1-5-21-963789628-1060504924-4285088085-1001"}
{"EventID": "1403", "Channel": "Microsoft-Windows-ShellCommon-StartLayoutPopulation/Operational", "Provider_Name": "Microsoft-Windows-ShellCommon-StartLayoutPopulation", "Computer": "DESKTOP-OFJ6N53", "TimeCreated": "2024-10-04 22:03:47.466816+00:00", "RecordID": "1322", "Level": "4", "UserID": "S-1-5-21-963789628-1060504924-4285088085-1001"}
{"EventID": "1402", "Channel": "Microsoft-Windows-ShellCommon-StartLayoutPopulation/Operational", "Provider_Name": "Microsoft-Windows-ShellCommon-StartLayoutPopulation", "Computer": "DESKTOP-OFJ6N53", "TimeCreated": "2024-10-04 22:03:56.551611+00:00", "RecordID": "1323", "Level": "4", "UserID": "S-1-5-21-963789628-1060504924-4285088085-1001"}
{"EventID": "1403", "Channel": "Microsoft-Windows-ShellCommon-StartLayoutPopulation/Operational", "Provider_Name": "Microsoft-Windows-ShellCommon-StartLayoutPopulation", "Computer": "DESKTOP-OFJ6N53", "TimeCreated": "2024-10-04 22:03:56.585922+00:00", "RecordID": "1324", "Level": "4", "UserID": "S-1-5-21-963789628-1060504924-4285088085-1001"}
{"EventID": "1402", "Channel": "Microsoft-Windows-ShellCommon-StartLayoutPopulation/Operational", "Provider_Name": "Microsoft-Windows-ShellCommon-StartLayoutPopulation", "Computer": "DESKTOP-OFJ6N53", "TimeCreated": "2024-10-16 22:42:17.831303+00:00", "RecordID": "1325", "Level": "4", "UserID": "S-1-5-21-963789628-1060504924-4285088085-1001"}
{"EventID": "1403", "Channel": "Microsoft-Windows-ShellCommon-StartLayoutPopulation/Operational", "Provider_Name": "Microsoft-Windows-ShellCommon-StartLayoutPopulation", "Computer": "DESKTOP-OFJ6N53", "TimeCreated": "2024-10-16 22:42:18.050106+00:00", "RecordID": "1326", "Level": "4", "UserID": "S-1-5-21-963789628-1060504924-4285088085-1001"}
{"EventID": "1402", "Channel": "Microsoft-Windows-ShellCommon-StartLayoutPopulation/Operational", "Provider_Name": "Microsoft-Windows-ShellCommon-StartLayoutPopulation", "Computer": "DESKTOP-OFJ6N53", "TimeCreated": "2024-10-16 22:42:22.716885+00:00", "RecordID": "1327", "Level": "4", "UserID": "S-1-5-21-963789628-1060504924-4285088085-1001"}
{"EventID": "1403", "Channel": "Microsoft-Windows-ShellCommon-StartLayoutPopulation/Operational", "Provider_Name": "Microsoft-Windows-ShellCommon-StartLayoutPopulation", "Computer": "DESKTOP-OFJ6N53", "TimeCreated": "2024-10-16 22:42:22.737595+00:00", "RecordID": "1328", "Level": "4", "UserID": "S-1-5-21-963789628-1060504924-4285088085-1001"}
{"EventID": "1402", "Channel": "Microsoft-Windows-ShellCommon-StartLayoutPopulation/Operational", "Provider_Name": "Microsoft-Windows-ShellCommon-StartLayoutPopulation", "Computer": "DESKTOP-OFJ6N53", "TimeCreated": "2024-10-16 22:58:10.759449+00:00", "RecordID": "1329", "Level": "4", "UserID": "S-1-5-21-963789628-1060504924-4285088085-1001"}
{"EventID": "1403", "Channel": "Microsoft-Windows-ShellCommon-StartLayoutPopulation/Operational", "Provider_Name": "Microsoft-Windows-ShellCommon-StartLayoutPopulation", "Computer": "DESKTOP-OFJ6N53", "TimeCreated": "2024-10-16 22:58:10.785454+00:00", "RecordID": "1330", "Level": "4", "UserID": "S-1-5-21-963789628-1060504924-4285088085-1001"}
{"EventID": "1402", "Channel": "Microsoft-Windows-ShellCommon-StartLayoutPopulation/Operational", "Provider_Name": "Microsoft-Windows-ShellCommon-StartLayoutPopulation", "Computer": "DESKTOP-OFJ6N53", "TimeCreated": "2024-11-18 12:12:40.941788+00:00", "RecordID": "1331", "Level": "4", "UserID": "S-1-5-21-963789628-1060504924-4285088085-1001"}
{"EventID": "1403", "Channel": "Microsoft-Windows-ShellCommon-StartLayoutPopulation/Operational", "Provider_Name": "Microsoft-Windows-ShellCommon-StartLayoutPopulation", "Computer": "DESKTOP-OFJ6N53", "TimeCreated": "2024-11-18 12:12:40.968861+00:00", "RecordID": "1332", "Level": "4", "UserID": "S-1-5-21-963789628-1060504924-4285088085-1001"}
{"EventID": "1402", "Channel": "Microsoft-Windows-ShellCommon-StartLayoutPopulation/Operational", "Provider_Name": "Microsoft-Windows-ShellCommon-StartLayoutPopulation", "Computer": "DESKTOP-OFJ6N53", "TimeCreated": "2024-11-18 12:13:01.526829+00:00", "RecordID": "1333", "Level": "4", "UserID": "S-1-5-21-963789628-1060504924-4285088085-1001"}
{"EventID": "1403", "Channel": "Microsoft-Windows-ShellCommon-StartLayoutPopulation/Operational", "Provider_Name": "Microsoft-Windows-ShellCommon-StartLayoutPopulation", "Computer": "DESKTOP-OFJ6N53", "TimeCreated": "2024-11-18 12:13:01.549814+00:00", "RecordID": "1334", "Level": "4", "UserID": "S-1-5-21-963789628-1060504924-4285088085-1001"}
{"EventID": "1402", "Channel": "Microsoft-Windows-ShellCommon-StartLayoutPopulation/Operational", "Provider_Name": "Microsoft-Windows-ShellCommon-StartLayoutPopulation", "Computer": "DESKTOP-OFJ6N53", "TimeCreated": "2024-12-03 10:24:11.183071+00:00", "RecordID": "1335", "Level": "4", "UserID": "S-1-5-21-963789628-1060504924-4285088085-1001"}
{"EventID": "1403", "Channel": "Microsoft-Windows-ShellCommon-StartLayoutPopulation/Operational", "Provider_Name": "Microsoft-Windows-ShellCommon-StartLayoutPopulation", "Computer": "DESKTOP-OFJ6N53", "TimeCreated": "2024-12-03 10:24:11.309864+00:00", "RecordID": "1336", "Level": "4", "UserID": "S-1-5-21-963789628-1060504924-4285088085-1001"}
{"EventID": "1402", "Channel": "Microsoft-Windows-ShellCommon-StartLayoutPopulation/Operational", "Provider_Name": "Microsoft-Windows-ShellCommon-StartLayoutPopulation", "Computer": "DESKTOP-OFJ6N53", "TimeCreated": "2024-12-03 10:24:15.800537+00:00", "RecordID": "1337", "Level": "4", "UserID": "S-1-5-21-963789628-1060504924-4285088085-1001"}
{"EventID": "1403", "Channel": "Microsoft-Windows-ShellCommon-StartLayoutPopulation/Operational", "Provider_Name": "Microsoft-Windows-ShellCommon-StartLayoutPopulation", "Computer": "DESKTOP-OFJ6N53", "TimeCreated": "2024-12-03 10:24:15.843546+00:00", "RecordID": "1338", "Level": "4", "UserID": "S-1-5-21-963789628-1060504924-4285088085-1001"}
{"EventID": "1402", "Channel": "Microsoft-Windows-ShellCommon-StartLayoutPopulation/Operational", "Provider_Name": "Microsoft-Windows-ShellCommon-StartLayoutPopulation", "Computer": "DESKTOP-OFJ6N53", "TimeCreated": "2024-12-03 10:24:21.047487+00:00", "RecordID": "1339", "Level": "4", "UserID": "S-1-5-21-963789628-1060504924-4285088085-1001"}
{"EventID": "1403", "Channel": "Microsoft-Windows-ShellCommon-StartLayoutPopulation/Operational", "Provider_Name": "Microsoft-Windows-ShellCommon-StartLayoutPopulation", "Computer": "DESKTOP-OFJ6N53", "TimeCreated": "2024-12-03 10:24:21.083307+00:00", "RecordID": "1340", "Level": "4", "UserID": "S-1-5-21-963789628-1060504924-4285088085-1001"}
{"EventID": "1402", "Channel": "Microsoft-Windows-ShellCommon-StartLayoutPopulation/Operational", "Provider_Name": "Microsoft-Windows-ShellCommon-StartLayoutPopulation", "Computer": "DESKTOP-OFJ6N53", "TimeCreated": "2024-12-03 10:25:05.222387+00:00", "RecordID": "1341", "Level": "4", "UserID": "S-1-5-21-963789628-1060504924-4285088085-1001"}
{"EventID": "1403", "Channel": "Microsoft-Windows-ShellCommon-StartLayoutPopulation/Operational", "Provider_Name": "Microsoft-Windows-ShellCommon-StartLayoutPopulation", "Computer": "DESKTOP-OFJ6N53", "TimeCreated": "2024-12-03 10:25:05.234034+00:00", "RecordID": "1342", "Level": "4", "UserID": "S-1-5-21-963789628-1060504924-4285088085-1001"}
{"EventID": "2152", "Channel": "Microsoft-Windows-ShellCommon-StartLayoutPopulation/Operational", "Provider_Name": "Microsoft-Windows-ShellCommon-StartLayoutPopulation", "Computer": "DESKTOP-OFJ6N53", "TimeCreated": "2024-12-08 11:02:40.251402+00:00", "RecordID": "1343", "Level": "4", "UserID": "S-1-5-21-963789628-1060504924-4285088085-1001", "EventData.packageFamilyName": "MicrosoftWindows.CrossDevice_cw5n1h2txyewy", "EventData.InstallState": "0"}
{"EventID": "2152", "Channel": "Microsoft-Windows-ShellCommon-StartLayoutPopulation/Operational", "Provider_Name": "Microsoft-Windows-ShellCommon-StartLayoutPopulation", "Computer": "DESKTOP-OFJ6N53", "TimeCreated": "2024-12-08 11:02:40.473377+00:00", "RecordID": "1344", "Level": "4", "UserID": "S-1-5-21-963789628-1060504924-4285088085-1001", "EventData.packageFamilyName": "MicrosoftWindows.CrossDevice_cw5n1h2txyewy", "EventData.InstallState": "0"}
{"EventID": "2153", "Channel": "Microsoft-Windows-ShellCommon-StartLayoutPopulation/Operational", "Provider_Name": "Microsoft-Windows-ShellCommon-StartLayoutPopulation", "Computer": "DESKTOP-OFJ6N53", "TimeCreated": "2024-12-08 11:03:06.657005+00:00", "RecordID": "1345", "Level": "4", "UserID": "S-1-5-21-963789628-1060504924-4285088085-1001", "EventData.packageFamilyName": "MicrosoftWindows.CrossDevice_cw5n1h2txyewy", "EventData.InstallState": "4"}
{"EventID": "1402", "Channel": "Microsoft-Windows-ShellCommon-StartLayoutPopulation/Operational", "Provider_Name": "Microsoft-Windows-ShellCommon-StartLayoutPopulation", "Computer": "DESKTOP-OFJ6N53", "TimeCreated": "2024-12-08 16:52:40.255056+00:00", "RecordID": "1346", "Level": "4", "UserID": "S-1-5-21-963789628-1060504924-4285088085-1001"}
{"EventID": "1403", "Channel": "Microsoft-Windows-ShellCommon-StartLayoutPopulation/Operational", "Provider_Name": "Microsoft-Windows-ShellCommon-StartLayoutPopulation", "Computer": "DESKTOP-OFJ6N53", "TimeCreated": "2024-12-08 16:52:40.442608+00:00", "RecordID": "1347", "Level": "4", "UserID": "S-1-5-21-963789628-1060504924-4285088085-1001"}
{"EventID": "1402", "Channel": "Microsoft-Windows-ShellCommon-StartLayoutPopulation/Operational", "Provider_Name": "Microsoft-Windows-ShellCommon-StartLayoutPopulation", "Computer": "DESKTOP-OFJ6N53", "TimeCreated": "2024-12-08 16:52:45.676914+00:00", "RecordID": "1348", "Level": "4", "UserID": "S-1-5-21-963789628-1060504924-4285088085-1001"}
{"EventID": "1403", "Channel": "Microsoft-Windows-ShellCommon-StartLayoutPopulation/Operational", "Provider_Name": "Microsoft-Windows-ShellCommon-StartLayoutPopulation", "Computer": "DESKTOP-OFJ6N53", "TimeCreated": "2024-12-08 16:52:45.861032+00:00", "RecordID": "1349", "Level": "4", "UserID": "S-1-5-21-963789628-1060504924-4285088085-1001"}
{"EventID": "1402", "Channel": "Microsoft-Windows-ShellCommon-StartLayoutPopulation/Operational", "Provider_Name": "Microsoft-Windows-ShellCommon-StartLayoutPopulation", "Computer": "DESKTOP-OFJ6N53", "TimeCreated": "2024-12-11 15:07:21.494778+00:00", "RecordID": "1350", "Level": "4", "UserID": "S-1-5-21-963789628-1060504924-4285088085-1001"}
{"EventID": "1403", "Channel": "Microsoft-Windows-ShellCommon-StartLayoutPopulation/Operational", "Provider_Name": "Microsoft-Windows-ShellCommon-StartLayoutPopulation", "Computer": "DESKTOP-OFJ6N53", "TimeCreated": "2024-12-11 15:07:21.624834+00:00", "RecordID": "1351", "Level": "4", "UserID": "S-1-5-21-963789628-1060504924-4285088085-1001"}
{"EventID": "1402", "Channel": "Microsoft-Windows-ShellCommon-StartLayoutPopulation/Operational", "Provider_Name": "Microsoft-Windows-ShellCommon-StartLayoutPopulation", "Computer": "DESKTOP-OFJ6N53", "TimeCreated": "2024-12-11 15:07:33.124187+00:00", "RecordID": "1352", "Level": "4", "UserID": "S-1-5-21-963789628-1060504924-4285088085-1001"}
{"EventID": "1403", "Channel": "Microsoft-Windows-ShellCommon-StartLayoutPopulation/Operational", "Provider_Name": "Microsoft-Windows-ShellCommon-StartLayoutPopulation", "Computer": "DESKTOP-OFJ6N53", "TimeCreated": "2024-12-11 15:07:33.138756+00:00", "RecordID": "1353", "Level": "4", "UserID": "S-1-5-21-963789628-1060504924-4285088085-1001"}
{"EventID": "1402", "Channel": "Microsoft-Windows-ShellCommon-StartLayoutPopulation/Operational", "Provider_Name": "Microsoft-Windows-ShellCommon-StartLayoutPopulation", "Computer": "DESKTOP-OFJ6N53", "TimeCreated": "2024-12-11 15:07:36.512691+00:00", "RecordID": "1354", "Level": "4", "UserID": "S-1-5-21-963789628-1060504924-4285088085-1001"}
{"EventID": "1403", "Channel": "Microsoft-Windows-ShellCommon-StartLayoutPopulation/Operational", "Provider_Name": "Microsoft-Windows-ShellCommon-StartLayoutPopulation", "Computer": "DESKTOP-OFJ6N53", "TimeCreated": "2024-12-11 15:07:36.580250+00:00", "RecordID": "1355", "Level": "4", "UserID": "S-1-5-21-963789628-1060504924-4285088085-1001"}
{"EventID": "1402", "Channel": "Microsoft-Windows-ShellCommon-StartLayoutPopulation/Operational", "Provider_Name": "Microsoft-Windows-ShellCommon-StartLayoutPopulation", "Computer": "DESKTOP-OFJ6N53", "TimeCreated": "2024-12-11 15:08:24.947634+00:00", "RecordID": "1356", "Level": "4", "UserID": "S-1-5-21-963789628-1060504924-4285088085-1001"}
{"EventID": "1403", "Channel": "Microsoft-Windows-ShellCommon-StartLayoutPopulation/Operational", "Provider_Name": "Microsoft-Windows-ShellCommon-StartLayoutPopulation", "Computer": "DESKTOP-OFJ6N53", "TimeCreated": "2024-12-11 15:08:24.958351+00:00", "RecordID": "1357", "Level": "4", "UserID": "S-1-5-21-963789628-1060504924-4285088085-1001"}
{"EventID": "1402", "Channel": "Microsoft-Windows-ShellCommon-StartLayoutPopulation/Operational", "Provider_Name": "Microsoft-Windows-ShellCommon-StartLayoutPopulation", "Computer": "DESKTOP-OFJ6N53", "TimeCreated": "2024-12-11 16:04:46.521233+00:00", "RecordID": "1358", "Level": "4", "UserID": "S-1-5-21-963789628-1060504924-4285088085-1001"}
{"EventID": "1403", "Channel": "Microsoft-Windows-ShellCommon-StartLayoutPopulation/Operational", "Provider_Name": "Microsoft-Windows-ShellCommon-StartLayoutPopulation", "Computer": "DESKTOP-OFJ6N53", "TimeCreated": "2024-12-11 16:04:46.535202+00:00", "RecordID": "1359", "Level": "4", "UserID": "S-1-5-21-963789628-1060504924-4285088085-1001"}
{"EventID": "1402", "Channel": "Microsoft-Windows-ShellCommon-StartLayoutPopulation/Operational", "Provider_Name": "Microsoft-Windows-ShellCommon-StartLayoutPopulation", "Computer": "DESKTOP-OFJ6N53", "TimeCreated": "2024-12-23 14:10:40.699661+00:00", "RecordID": "1360", "Level": "4", "UserID": "S-1-5-21-963789628-1060504924-4285088085-1001"}
{"EventID": "1403", "Channel": "Microsoft-Windows-ShellCommon-StartLayoutPopulation/Operational", "Provider_Name": "Microsoft-Windows-ShellCommon-StartLayoutPopulation", "Computer": "DESKTOP-OFJ6N53", "TimeCreated": "2024-12-23 14:10:40.880085+00:00", "RecordID": "1361", "Level": "4", "UserID": "S-1-5-21-963789628-1060504924-4285088085-1001"}
{"EventID": "1402", "Channel": "Microsoft-Windows-ShellCommon-StartLayoutPopulation/Operational", "Provider_Name": "Microsoft-Windows-ShellCommon-StartLayoutPopulation", "Computer": "DESKTOP-OFJ6N53", "TimeCreated": "2024-12-23 14:10:59.735298+00:00", "RecordID": "1362", "Level": "4", "UserID": "S-1-5-21-963789628-1060504924-4285088085-1001"}
{"EventID": "1403", "Channel": "Microsoft-Windows-ShellCommon-StartLayoutPopulation/Operational", "Provider_Name": "Microsoft-Windows-ShellCommon-StartLayoutPopulation", "Computer": "DESKTOP-OFJ6N53", "TimeCreated": "2024-12-23 14:10:59.906832+00:00", "RecordID": "1363", "Level": "4", "UserID": "S-1-5-21-963789628-1060504924-4285088085-1001"}
{"EventID": "1402", "Channel": "Microsoft-Windows-ShellCommon-StartLayoutPopulation/Operational", "Provider_Name": "Microsoft-Windows-ShellCommon-StartLayoutPopulation", "Computer": "DESKTOP-OFJ6N53", "TimeCreated": "2024-12-23 14:11:16.859928+00:00", "RecordID": "1364", "Level": "4", "UserID": "S-1-5-21-963789628-1060504924-4285088085-1001"}
{"EventID": "1403", "Channel": "Microsoft-Windows-ShellCommon-StartLayoutPopulation/Operational", "Provider_Name": "Microsoft-Windows-ShellCommon-StartLayoutPopulation", "Computer": "DESKTOP-OFJ6N53", "TimeCreated": "2024-12-23 14:11:16.891146+00:00", "RecordID": "1365", "Level": "4", "UserID": "S-1-5-21-963789628-1060504924-4285088085-1001"}
{"EventID": "1102", "Channel": "Microsoft-Windows-ShellCommon-StartLayoutPopulation/Operational", "Provider_Name": "Microsoft-Windows-ShellCommon-StartLayoutPopulation", "Computer": "DESKTOP-OFJ6N53", "TimeCreated": "2024-12-30 14:59:47.290106+00:00", "RecordID": "1366", "Level": "4", "UserID": "S-1-5-21-963789628-1060504924-4285088085-1001", "EventData.itemName": "P~Microsoft.Windows.Photos_8wekyb3d8bbwe!App", "EventData.itemId": "{0c63914d-b5ef-4aca-9085-4b8915c43446}", "EventData.containerId": "{00000000-0000-0000-0000-000000000000}", "EventData.collectionName": "Activities"}
{"EventID": "1402", "Channel": "Microsoft-Windows-ShellCommon-StartLayoutPopulation/Operational", "Provider_Name": "Microsoft-Windows-ShellCommon-StartLayoutPopulation", "Computer": "DESKTOP-OFJ6N53", "TimeCreated": "2025-01-09 14:55:40.150042+00:00", "RecordID": "1367", "Level": "4", "UserID": "S-1-5-21-963789628-1060504924-4285088085-1001"}
{"EventID": "1403", "Channel": "Microsoft-Windows-ShellCommon-StartLayoutPopulation/Operational", "Provider_Name": "Microsoft-Windows-ShellCommon-StartLayoutPopulation", "Computer": "DESKTOP-OFJ6N53", "TimeCreated": "2025-01-09 14:55:40.187193+00:00", "RecordID": "1368", "Level": "4", "UserID": "S-1-5-21-963789628-1060504924-4285088085-1001"}
{"EventID": "1402", "Channel": "Microsoft-Windows-ShellCommon-StartLayoutPopulation/Operational", "Provider_Name": "Microsoft-Windows-ShellCommon-StartLayoutPopulation", "Computer": "DESKTOP-OFJ6N53", "TimeCreated": "2025-01-09 14:55:49.207203+00:00", "RecordID": "1369", "Level": "4", "UserID": "S-1-5-21-963789628-1060504924-4285088085-1001"}
{"EventID": "1403", "Channel": "Microsoft-Windows-ShellCommon-StartLayoutPopulation/Operational", "Provider_Name": "Microsoft-Windows-ShellCommon-StartLayoutPopulation", "Computer": "DESKTOP-OFJ6N53", "TimeCreated": "2025-01-09 14:55:49.280745+00:00", "RecordID": "1370", "Level": "4", "UserID": "S-1-5-21-963789628-1060504924-4285088085-1001"}
{"EventID": "1402", "Channel": "Microsoft-Windows-ShellCommon-StartLayoutPopulation/Operational", "Provider_Name": "Microsoft-Windows-ShellCommon-StartLayoutPopulation", "Computer": "DESKTOP-OFJ6N53", "TimeCreated": "2025-01-09 14:55:51.573389+00:00", "RecordID": "1371", "Level": "4", "UserID": "S-1-5-21-963789628-1060504924-4285088085-1001"}
{"EventID": "1403", "Channel": "Microsoft-Windows-ShellCommon-StartLayoutPopulation/Operational", "Provider_Name": "Microsoft-Windows-ShellCommon-StartLayoutPopulation", "Computer": "DESKTOP-OFJ6N53", "TimeCreated": "2025-01-09 14:55:51.909630+00:00", "RecordID": "1372", "Level": "4", "UserID": "S-1-5-21-963789628-1060504924-4285088085-1001"}
{"EventID": "1402", "Channel": "Microsoft-Windows-ShellCommon-StartLayoutPopulation/Operational", "Provider_Name": "Microsoft-Windows-ShellCommon-StartLayoutPopulation", "Computer": "DESKTOP-OFJ6N53", "TimeCreated": "2025-01-14 23:26:34.716822+00:00", "RecordID": "1373", "Level": "4", "UserID": "S-1-5-21-963789628-1060504924-4285088085-1001"}
{"EventID": "1403", "Channel": "Microsoft-Windows-ShellCommon-StartLayoutPopulation/Operational", "Provider_Name": "Microsoft-Windows-ShellCommon-StartLayoutPopulation", "Computer": "DESKTOP-OFJ6N53", "TimeCreated": "2025-01-14 23:26:34.935507+00:00", "RecordID": "1374", "Level": "4", "UserID": "S-1-5-21-963789628-1060504924-4285088085-1001"}
{"EventID": "1402", "Channel": "Microsoft-Windows-ShellCommon-StartLayoutPopulation/Operational", "Provider_Name": "Microsoft-Windows-ShellCommon-StartLayoutPopulation", "Computer": "DESKTOP-OFJ6N53", "TimeCreated": "2025-01-14 23:26:39.361061+00:00", "RecordID": "1375", "Level": "4", "UserID": "S-1-5-21-963789628-1060504924-4285088085-1001"}
{"EventID": "1403", "Channel": "Microsoft-Windows-ShellCommon-StartLayoutPopulation/Operational", "Provider_Name": "Microsoft-Windows-ShellCommon-StartLayoutPopulation", "Computer": "DESKTOP-OFJ6N53", "TimeCreated": "2025-01-14 23:26:39.412210+00:00", "RecordID": "1376", "Level": "4", "UserID": "S-1-5-21-963789628-1060504924-4285088085-1001"}
