{"EventID": "4117", "Channel": "Microsoft-Windows-GroupPolicy/Operational", "Provider_Name": "Microsoft-Windows-GroupPolicy", "Computer": "DESKTOP-OFJ6N53", "TimeCreated": "2025-08-21 12:45:35.160494+00:00", "RecordID": "894678", "Level": "4", "UserID": "S-1-5-18", "EventData.IsMachine": "False", "EventData.IsBackgroundProcessing": "True", "EventData.IsAsyncProcessing": "False"}
{"EventID": "5116", "Channel": "Microsoft-Windows-GroupPolicy/Operational", "Provider_Name": "Microsoft-Windows-GroupPolicy", "Computer": "DESKTOP-OFJ6N53", "TimeCreated": "2025-08-21 12:45:35.161707+00:00", "RecordID": "894679", "Level": "4", "UserID": "S-1-5-18", "EventData.GpsvcInitTimeElapsedInMilliseconds": "32"}
{"EventID": "5320", "Channel": "Microsoft-Windows-GroupPolicy/Operational", "Provider_Name": "Microsoft-Windows-GroupPolicy", "Computer": "DESKTOP-OFJ6N53", "TimeCreated": "2025-08-21 12:45:35.162474+00:00", "RecordID": "894680", "Level": "4", "UserID": "S-1-5-18", "EventData.InfoDescription": "%%4168"}
{"EventID": "5320", "Channel": "Microsoft-Windows-GroupPolicy/Operational", "Provider_Name": "Microsoft-Windows-GroupPolicy", "Computer": "DESKTOP-OFJ6N53", "TimeCreated": "2025-08-21 12:45:35.162512+00:00", "RecordID": "894681", "Level": "4", "UserID": "S-1-5-18", "EventData.InfoDescription": "%%4160"}
{"EventID": "5320", "Channel": "Microsoft-Windows-GroupPolicy/Operational", "Provider_Name": "Microsoft-Windows-GroupPolicy", "Computer": "DESKTOP-OFJ6N53", "TimeCreated": "2025-08-21 12:45:35.162512+00:00", "RecordID": "894682", "Level": "4", "UserID": "S-1-5-18", "EventData.InfoDescription": "%%4166"}
{"EventID": "5117", "Channel": "Microsoft-Windows-GroupPolicy/Operational", "Provider_Name": "Microsoft-Windows-GroupPolicy", "Computer": "DESKTOP-OFJ6N53", "TimeCreated": "2025-08-21 12:45:35.162519+00:00", "RecordID": "894683", "Level": "4", "UserID": "S-1-5-18", "EventData.IsMachine": "False", "EventData.SessionTimeElapsedInMilliseconds": "0"}
{"EventID": "5321", "Channel": "Microsoft-Windows-GroupPolicy/Operational", "Provider_Name": "Microsoft-Windows-GroupPolicy", "Computer": "DESKTOP-OFJ6N53", "TimeCreated": "2025-08-21 12:45:35.163307+00:00", "RecordID": "894684", "Level": "4", "UserID": "S-1-5-18", "EventData.InfoDescription": "%%4167", "EventData.OperationParameter1": "84da188c-7551-4e33-b5d8-6c35d2720dcb"}
{"EventID": "5117", "Channel": "Microsoft-Windows-GroupPolicy/Operational", "Provider_Name": "Microsoft-Windows-GroupPolicy", "Computer": "DESKTOP-OFJ6N53", "TimeCreated": "2025-08-21 12:45:35.163527+00:00", "RecordID": "894685", "Level": "4", "UserID": "S-1-5-18", "EventData.IsMachine": "True", "EventData.SessionTimeElapsedInMilliseconds": "0"}
{"EventID": "4116", "Channel": "Microsoft-Windows-GroupPolicy/Operational", "Provider_Name": "Microsoft-Windows-GroupPolicy", "Computer": "DESKTOP-OFJ6N53", "TimeCreated": "2025-08-21 13:00:35.357286+00:00", "RecordID": "894686", "Level": "4", "UserID": "S-1-5-18"}
{"EventID": "4115", "Channel": "Microsoft-Windows-GroupPolicy/Operational", "Provider_Name": "Microsoft-Windows-GroupPolicy", "Computer": "DESKTOP-OFJ6N53", "TimeCreated": "2025-08-21 13:00:35.362860+00:00", "RecordID": "894687", "Level": "4", "UserID": "S-1-5-18", "EventData.IsServiceRestart": "True", "EventData.IsMachineBoot": "False"}
{"EventID": "5324", "Channel": "Microsoft-Windows-GroupPolicy/Operational", "Provider_Name": "Microsoft-Windows-GroupPolicy", "Computer": "DESKTOP-OFJ6N53", "TimeCreated": "2025-08-21 13:00:35.363453+00:00", "RecordID": "894688", "Level": "4", "UserID": "S-1-5-18", "EventData.NotificationType": "0", "EventData.SessionId": "0"}
{"EventID": "5351", "Channel": "Microsoft-Windows-GroupPolicy/Operational", "Provider_Name": "Microsoft-Windows-GroupPolicy", "Computer": "DESKTOP-OFJ6N53", "TimeCreated": "2025-08-21 13:00:35.363506+00:00", "RecordID": "894689", "Level": "4", "UserID": "S-1-5-18", "EventData.IsMachine": "False", "EventData.WinlogonReturnTimeElapsedInMilliseconds": "0"}
{"EventID": "4117", "Channel": "Microsoft-Windows-GroupPolicy/Operational", "Provider_Name": "Microsoft-Windows-GroupPolicy", "Computer": "DESKTOP-OFJ6N53", "TimeCreated": "2025-08-21 13:00:35.365677+00:00", "RecordID": "894690", "Level": "4", "UserID": "S-1-5-18", "EventData.IsMachine": "True", "EventData.IsBackgroundProcessing": "True", "EventData.IsAsyncProcessing": "False"}
{"EventID": "5351", "Channel": "Microsoft-Windows-GroupPolicy/Operational", "Provider_Name": "Microsoft-Windows-GroupPolicy", "Computer": "DESKTOP-OFJ6N53", "TimeCreated": "2025-08-21 13:00:35.368595+00:00", "RecordID": "894691", "Level": "4", "UserID": "S-1-5-18", "EventData.IsMachine": "False", "EventData.WinlogonReturnTimeElapsedInMilliseconds": "0"}
{"EventID": "4117", "Channel": "Microsoft-Windows-GroupPolicy/Operational", "Provider_Name": "Microsoft-Windows-GroupPolicy", "Computer": "DESKTOP-OFJ6N53", "TimeCreated": "2025-08-21 13:00:35.370562+00:00", "RecordID": "894692", "Level": "4", "UserID": "S-1-5-18", "EventData.IsMachine": "False", "EventData.IsBackgroundProcessing": "True", "EventData.IsAsyncProcessing": "False"}
{"EventID": "5116", "Channel": "Microsoft-Windows-GroupPolicy/Operational", "Provider_Name": "Microsoft-Windows-GroupPolicy", "Computer": "DESKTOP-OFJ6N53", "TimeCreated": "2025-08-21 13:00:35.371025+00:00", "RecordID": "894693", "Level": "4", "UserID": "S-1-5-18", "EventData.GpsvcInitTimeElapsedInMilliseconds": "15"}
{"EventID": "5320", "Channel": "Microsoft-Windows-GroupPolicy/Operational", "Provider_Name": "Microsoft-Windows-GroupPolicy", "Computer": "DESKTOP-OFJ6N53", "TimeCreated": "2025-08-21 13:00:35.371675+00:00", "RecordID": "894694", "Level": "4", "UserID": "S-1-5-18", "EventData.InfoDescription": "%%4168"}
{"EventID": "5320", "Channel": "Microsoft-Windows-GroupPolicy/Operational", "Provider_Name": "Microsoft-Windows-GroupPolicy", "Computer": "DESKTOP-OFJ6N53", "TimeCreated": "2025-08-21 13:00:35.371702+00:00", "RecordID": "894695", "Level": "4", "UserID": "S-1-5-18", "EventData.InfoDescription": "%%4160"}
{"EventID": "5320", "Channel": "Microsoft-Windows-GroupPolicy/Operational", "Provider_Name": "Microsoft-Windows-GroupPolicy", "Computer": "DESKTOP-OFJ6N53", "TimeCreated": "2025-08-21 13:00:35.371704+00:00", "RecordID": "894696", "Level": "4", "UserID": "S-1-5-18", "EventData.InfoDescription": "%%4166"}
{"EventID": "5321", "Channel": "Microsoft-Windows-GroupPolicy/Operational", "Provider_Name": "Microsoft-Windows-GroupPolicy", "Computer": "DESKTOP-OFJ6N53", "TimeCreated": "2025-08-21 13:00:35.372391+00:00", "RecordID": "894697", "Level": "4", "UserID": "S-1-5-18", "EventData.InfoDescription": "%%4167", "EventData.OperationParameter1": "f8d11c20-fe93-4b66-8e9e-988232bb3304"}
{"EventID": "5117", "Channel": "Microsoft-Windows-GroupPolicy/Operational", "Provider_Name": "Microsoft-Windows-GroupPolicy", "Computer": "DESKTOP-OFJ6N53", "TimeCreated": "2025-08-21 13:00:35.374302+00:00", "RecordID": "894698", "Level": "4", "UserID": "S-1-5-18", "EventData.IsMachine": "True", "EventData.SessionTimeElapsedInMilliseconds": "15"}
{"EventID": "5117", "Channel": "Microsoft-Windows-GroupPolicy/Operational", "Provider_Name": "Microsoft-Windows-GroupPolicy", "Computer": "DESKTOP-OFJ6N53", "TimeCreated": "2025-08-21 13:00:35.374306+00:00", "RecordID": "894699", "Level": "4", "UserID": "S-1-5-18", "EventData.IsMachine": "False", "EventData.SessionTimeElapsedInMilliseconds": "0"}
{"EventID": "4116", "Channel": "Microsoft-Windows-GroupPolicy/Operational", "Provider_Name": "Microsoft-Windows-GroupPolicy", "Computer": "DESKTOP-OFJ6N53", "TimeCreated": "2025-08-21 13:15:35.447039+00:00", "RecordID": "894700", "Level": "4", "UserID": "S-1-5-18"}
{"EventID": "4115", "Channel": "Microsoft-Windows-GroupPolicy/Operational", "Provider_Name": "Microsoft-Windows-GroupPolicy", "Computer": "DESKTOP-OFJ6N53", "TimeCreated": "2025-08-21 13:15:35.450165+00:00", "RecordID": "894701", "Level": "4", "UserID": "S-1-5-18", "EventData.IsServiceRestart": "True", "EventData.IsMachineBoot": "False"}
{"EventID": "5324", "Channel": "Microsoft-Windows-GroupPolicy/Operational", "Provider_Name": "Microsoft-Windows-GroupPolicy", "Computer": "DESKTOP-OFJ6N53", "TimeCreated": "2025-08-21 13:15:35.450600+00:00", "RecordID": "894702", "Level": "4", "UserID": "S-1-5-18", "EventData.NotificationType": "0", "EventData.SessionId": "0"}
{"EventID": "5351", "Channel": "Microsoft-Windows-GroupPolicy/Operational", "Provider_Name": "Microsoft-Windows-GroupPolicy", "Computer": "DESKTOP-OFJ6N53", "TimeCreated": "2025-08-21 13:15:35.450653+00:00", "RecordID": "894703", "Level": "4", "UserID": "S-1-5-18", "EventData.IsMachine": "False", "EventData.WinlogonReturnTimeElapsedInMilliseconds": "0"}
{"EventID": "4117", "Channel": "Microsoft-Windows-GroupPolicy/Operational", "Provider_Name": "Microsoft-Windows-GroupPolicy", "Computer": "DESKTOP-OFJ6N53", "TimeCreated": "2025-08-21 13:15:35.452347+00:00", "RecordID": "894704", "Level": "4", "UserID": "S-1-5-18", "EventData.IsMachine": "True", "EventData.IsBackgroundProcessing": "True", "EventData.IsAsyncProcessing": "False"}
{"EventID": "5351", "Channel": "Microsoft-Windows-GroupPolicy/Operational", "Provider_Name": "Microsoft-Windows-GroupPolicy", "Computer": "DESKTOP-OFJ6N53", "TimeCreated": "2025-08-21 13:15:35.454525+00:00", "RecordID": "894705", "Level": "4", "UserID": "S-1-5-18", "EventData.IsMachine": "False", "EventData.WinlogonReturnTimeElapsedInMilliseconds": "0"}
{"EventID": "4117", "Channel": "Microsoft-Windows-GroupPolicy/Operational", "Provider_Name": "Microsoft-Windows-GroupPolicy", "Computer": "DESKTOP-OFJ6N53", "TimeCreated": "2025-08-21 13:15:35.456303+00:00", "RecordID": "894706", "Level": "4", "UserID": "S-1-5-18", "EventData.IsMachine": "False", "EventData.IsBackgroundProcessing": "True", "EventData.IsAsyncProcessing": "False"}
{"EventID": "5116", "Channel": "Microsoft-Windows-GroupPolicy/Operational", "Provider_Name": "Microsoft-Windows-GroupPolicy", "Computer": "DESKTOP-OFJ6N53", "TimeCreated": "2025-08-21 13:15:35.456831+00:00", "RecordID": "894707", "Level": "4", "UserID": "S-1-5-18", "EventData.GpsvcInitTimeElapsedInMilliseconds": "0"}
{"EventID": "5320", "Channel": "Microsoft-Windows-GroupPolicy/Operational", "Provider_Name": "Microsoft-Windows-GroupPolicy", "Computer": "DESKTOP-OFJ6N53", "TimeCreated": "2025-08-21 13:15:35.457458+00:00", "RecordID": "894708", "Level": "4", "UserID": "S-1-5-18", "EventData.InfoDescription": "%%4168"}
{"EventID": "5320", "Channel": "Microsoft-Windows-GroupPolicy/Operational", "Provider_Name": "Microsoft-Windows-GroupPolicy", "Computer": "DESKTOP-OFJ6N53", "TimeCreated": "2025-08-21 13:15:35.457483+00:00", "RecordID": "894709", "Level": "4", "UserID": "S-1-5-18", "EventData.InfoDescription": "%%4160"}
{"EventID": "5320", "Channel": "Microsoft-Windows-GroupPolicy/Operational", "Provider_Name": "Microsoft-Windows-GroupPolicy", "Computer": "DESKTOP-OFJ6N53", "TimeCreated": "2025-08-21 13:15:35.457483+00:00", "RecordID": "894710", "Level": "4", "UserID": "S-1-5-18", "EventData.InfoDescription": "%%4166"}
{"EventID": "5117", "Channel": "Microsoft-Windows-GroupPolicy/Operational", "Provider_Name": "Microsoft-Windows-GroupPolicy", "Computer": "DESKTOP-OFJ6N53", "TimeCreated": "2025-08-21 13:15:35.458773+00:00", "RecordID": "894711", "Level": "4", "UserID": "S-1-5-18", "EventData.IsMachine": "False", "EventData.SessionTimeElapsedInMilliseconds": "0"}
{"EventID": "5321", "Channel": "Microsoft-Windows-GroupPolicy/Operational", "Provider_Name": "Microsoft-Windows-GroupPolicy", "Computer": "DESKTOP-OFJ6N53", "TimeCreated": "2025-08-21 13:15:35.458775+00:00", "RecordID": "894712", "Level": "4", "UserID": "S-1-5-18", "EventData.InfoDescription": "%%4167", "EventData.OperationParameter1": "9d846f24-0488-46d1-89ca-30c7eee86fd2"}
{"EventID": "5117", "Channel": "Microsoft-Windows-GroupPolicy/Operational", "Provider_Name": "Microsoft-Windows-GroupPolicy", "Computer": "DESKTOP-OFJ6N53", "TimeCreated": "2025-08-21 13:15:35.459328+00:00", "RecordID": "894713", "Level": "4", "UserID": "S-1-5-18", "EventData.IsMachine": "True", "EventData.SessionTimeElapsedInMilliseconds": "0"}
{"EventID": "4116", "Channel": "Microsoft-Windows-GroupPolicy/Operational", "Provider_Name": "Microsoft-Windows-GroupPolicy", "Computer": "DESKTOP-OFJ6N53", "TimeCreated": "2025-08-21 13:30:35.524368+00:00", "RecordID": "894714", "Level": "4", "UserID": "S-1-5-18"}
{"EventID": "4115", "Channel": "Microsoft-Windows-GroupPolicy/Operational", "Provider_Name": "Microsoft-Windows-GroupPolicy", "Computer": "DESKTOP-OFJ6N53", "TimeCreated": "2025-08-21 13:30:35.527727+00:00", "RecordID": "894715", "Level": "4", "UserID": "S-1-5-18", "EventData.IsServiceRestart": "True", "EventData.IsMachineBoot": "False"}
{"EventID": "5324", "Channel": "Microsoft-Windows-GroupPolicy/Operational", "Provider_Name": "Microsoft-Windows-GroupPolicy", "Computer": "DESKTOP-OFJ6N53", "TimeCreated": "2025-08-21 13:30:35.528292+00:00", "RecordID": "894716", "Level": "4", "UserID": "S-1-5-18", "EventData.NotificationType": "0", "EventData.SessionId": "0"}
{"EventID": "5351", "Channel": "Microsoft-Windows-GroupPolicy/Operational", "Provider_Name": "Microsoft-Windows-GroupPolicy", "Computer": "DESKTOP-OFJ6N53", "TimeCreated": "2025-08-21 13:30:35.528355+00:00", "RecordID": "894717", "Level": "4", "UserID": "S-1-5-18", "EventData.IsMachine": "False", "EventData.WinlogonReturnTimeElapsedInMilliseconds": "0"}
{"EventID": "4117", "Channel": "Microsoft-Windows-GroupPolicy/Operational", "Provider_Name": "Microsoft-Windows-GroupPolicy", "Computer": "DESKTOP-OFJ6N53", "TimeCreated": "2025-08-21 13:30:35.529648+00:00", "RecordID": "894718", "Level": "4", "UserID": "S-1-5-18", "EventData.IsMachine": "True", "EventData.IsBackgroundProcessing": "True", "EventData.IsAsyncProcessing": "False"}
{"EventID": "5351", "Channel": "Microsoft-Windows-GroupPolicy/Operational", "Provider_Name": "Microsoft-Windows-GroupPolicy", "Computer": "DESKTOP-OFJ6N53", "TimeCreated": "2025-08-21 13:30:35.531878+00:00", "RecordID": "894719", "Level": "4", "UserID": "S-1-5-18", "EventData.IsMachine": "False", "EventData.WinlogonReturnTimeElapsedInMilliseconds": "0"}
{"EventID": "4117", "Channel": "Microsoft-Windows-GroupPolicy/Operational", "Provider_Name": "Microsoft-Windows-GroupPolicy", "Computer": "DESKTOP-OFJ6N53", "TimeCreated": "2025-08-21 13:30:35.533611+00:00", "RecordID": "894720", "Level": "4", "UserID": "S-1-5-18", "EventData.IsMachine": "False", "EventData.IsBackgroundProcessing": "True", "EventData.IsAsyncProcessing": "False"}
{"EventID": "5116", "Channel": "Microsoft-Windows-GroupPolicy/Operational", "Provider_Name": "Microsoft-Windows-GroupPolicy", "Computer": "DESKTOP-OFJ6N53", "TimeCreated": "2025-08-21 13:30:35.534151+00:00", "RecordID": "894721", "Level": "4", "UserID": "S-1-5-18", "EventData.GpsvcInitTimeElapsedInMilliseconds": "16"}
{"EventID": "5320", "Channel": "Microsoft-Windows-GroupPolicy/Operational", "Provider_Name": "Microsoft-Windows-GroupPolicy", "Computer": "DESKTOP-OFJ6N53", "TimeCreated": "2025-08-21 13:30:35.534994+00:00", "RecordID": "894722", "Level": "4", "UserID": "S-1-5-18", "EventData.InfoDescription": "%%4168"}
{"EventID": "5320", "Channel": "Microsoft-Windows-GroupPolicy/Operational", "Provider_Name": "Microsoft-Windows-GroupPolicy", "Computer": "DESKTOP-OFJ6N53", "TimeCreated": "2025-08-21 13:30:35.535023+00:00", "RecordID": "894723", "Level": "4", "UserID": "S-1-5-18", "EventData.InfoDescription": "%%4160"}
{"EventID": "5320", "Channel": "Microsoft-Windows-GroupPolicy/Operational", "Provider_Name": "Microsoft-Windows-GroupPolicy", "Computer": "DESKTOP-OFJ6N53", "TimeCreated": "2025-08-21 13:30:35.535023+00:00", "RecordID": "894724", "Level": "4", "UserID": "S-1-5-18", "EventData.InfoDescription": "%%4166"}
{"EventID": "5117", "Channel": "Microsoft-Windows-GroupPolicy/Operational", "Provider_Name": "Microsoft-Windows-GroupPolicy", "Computer": "DESKTOP-OFJ6N53", "TimeCreated": "2025-08-21 13:30:35.535955+00:00", "RecordID": "894725", "Level": "4", "UserID": "S-1-5-18", "EventData.IsMachine": "False", "EventData.SessionTimeElapsedInMilliseconds": "0"}
{"EventID": "5321", "Channel": "Microsoft-Windows-GroupPolicy/Operational", "Provider_Name": "Microsoft-Windows-GroupPolicy", "Computer": "DESKTOP-OFJ6N53", "TimeCreated": "2025-08-21 13:30:35.536400+00:00", "RecordID": "894726", "Level": "4", "UserID": "S-1-5-18", "EventData.InfoDescription": "%%4167", "EventData.OperationParameter1": "e9e88d89-1d16-4f5c-b26f-502aec3c1bb2"}
{"EventID": "5117", "Channel": "Microsoft-Windows-GroupPolicy/Operational", "Provider_Name": "Microsoft-Windows-GroupPolicy", "Computer": "DESKTOP-OFJ6N53", "TimeCreated": "2025-08-21 13:30:35.536884+00:00", "RecordID": "894727", "Level": "4", "UserID": "S-1-5-18", "EventData.IsMachine": "True", "EventData.SessionTimeElapsedInMilliseconds": "0"}
{"EventID": "4116", "Channel": "Microsoft-Windows-GroupPolicy/Operational", "Provider_Name": "Microsoft-Windows-GroupPolicy", "Computer": "DESKTOP-OFJ6N53", "TimeCreated": "2025-08-21 13:45:35.746428+00:00", "RecordID": "894728", "Level": "4", "UserID": "S-1-5-18"}
{"EventID": "4115", "Channel": "Microsoft-Windows-GroupPolicy/Operational", "Provider_Name": "Microsoft-Windows-GroupPolicy", "Computer": "DESKTOP-OFJ6N53", "TimeCreated": "2025-08-21 13:45:35.750895+00:00", "RecordID": "894729", "Level": "4", "UserID": "S-1-5-18", "EventData.IsServiceRestart": "True", "EventData.IsMachineBoot": "False"}
{"EventID": "5324", "Channel": "Microsoft-Windows-GroupPolicy/Operational", "Provider_Name": "Microsoft-Windows-GroupPolicy", "Computer": "DESKTOP-OFJ6N53", "TimeCreated": "2025-08-21 13:45:35.751699+00:00", "RecordID": "894730", "Level": "4", "UserID": "S-1-5-18", "EventData.NotificationType": "0", "EventData.SessionId": "0"}
{"EventID": "5351", "Channel": "Microsoft-Windows-GroupPolicy/Operational", "Provider_Name": "Microsoft-Windows-GroupPolicy", "Computer": "DESKTOP-OFJ6N53", "TimeCreated": "2025-08-21 13:45:35.751858+00:00", "RecordID": "894731", "Level": "4", "UserID": "S-1-5-18", "EventData.IsMachine": "False", "EventData.WinlogonReturnTimeElapsedInMilliseconds": "0"}
{"EventID": "4117", "Channel": "Microsoft-Windows-GroupPolicy/Operational", "Provider_Name": "Microsoft-Windows-GroupPolicy", "Computer": "DESKTOP-OFJ6N53", "TimeCreated": "2025-08-21 13:45:35.752560+00:00", "RecordID": "894732", "Level": "4", "UserID": "S-1-5-18", "EventData.IsMachine": "True", "EventData.IsBackgroundProcessing": "True", "EventData.IsAsyncProcessing": "False"}
{"EventID": "5351", "Channel": "Microsoft-Windows-GroupPolicy/Operational", "Provider_Name": "Microsoft-Windows-GroupPolicy", "Computer": "DESKTOP-OFJ6N53", "TimeCreated": "2025-08-21 13:45:35.756012+00:00", "RecordID": "894733", "Level": "4", "UserID": "S-1-5-18", "EventData.IsMachine": "False", "EventData.WinlogonReturnTimeElapsedInMilliseconds": "0"}
{"EventID": "4117", "Channel": "Microsoft-Windows-GroupPolicy/Operational", "Provider_Name": "Microsoft-Windows-GroupPolicy", "Computer": "DESKTOP-OFJ6N53", "TimeCreated": "2025-08-21 13:45:35.757969+00:00", "RecordID": "894734", "Level": "4", "UserID": "S-1-5-18", "EventData.IsMachine": "False", "EventData.IsBackgroundProcessing": "True", "EventData.IsAsyncProcessing": "False"}
{"EventID": "5116", "Channel": "Microsoft-Windows-GroupPolicy/Operational", "Provider_Name": "Microsoft-Windows-GroupPolicy", "Computer": "DESKTOP-OFJ6N53", "TimeCreated": "2025-08-21 13:45:35.758619+00:00", "RecordID": "894735", "Level": "4", "UserID": "S-1-5-18", "EventData.GpsvcInitTimeElapsedInMilliseconds": "0"}
{"EventID": "5320", "Channel": "Microsoft-Windows-GroupPolicy/Operational", "Provider_Name": "Microsoft-Windows-GroupPolicy", "Computer": "DESKTOP-OFJ6N53", "TimeCreated": "2025-08-21 13:45:35.759483+00:00", "RecordID": "894736", "Level": "4", "UserID": "S-1-5-18", "EventData.InfoDescription": "%%4168"}
{"EventID": "5320", "Channel": "Microsoft-Windows-GroupPolicy/Operational", "Provider_Name": "Microsoft-Windows-GroupPolicy", "Computer": "DESKTOP-OFJ6N53", "TimeCreated": "2025-08-21 13:45:35.759514+00:00", "RecordID": "894737", "Level": "4", "UserID": "S-1-5-18", "EventData.InfoDescription": "%%4160"}
{"EventID": "5320", "Channel": "Microsoft-Windows-GroupPolicy/Operational", "Provider_Name": "Microsoft-Windows-GroupPolicy", "Computer": "DESKTOP-OFJ6N53", "TimeCreated": "2025-08-21 13:45:35.759514+00:00", "RecordID": "894738", "Level": "4", "UserID": "S-1-5-18", "EventData.InfoDescription": "%%4166"}
{"EventID": "5117", "Channel": "Microsoft-Windows-GroupPolicy/Operational", "Provider_Name": "Microsoft-Windows-GroupPolicy", "Computer": "DESKTOP-OFJ6N53", "TimeCreated": "2025-08-21 13:45:35.759993+00:00", "RecordID": "894739", "Level": "4", "UserID": "S-1-5-18", "EventData.IsMachine": "False", "EventData.SessionTimeElapsedInMilliseconds": "16"}
{"EventID": "5321", "Channel": "Microsoft-Windows-GroupPolicy/Operational", "Provider_Name": "Microsoft-Windows-GroupPolicy", "Computer": "DESKTOP-OFJ6N53", "TimeCreated": "2025-08-21 13:45:35.760843+00:00", "RecordID": "894740", "Level": "4", "UserID": "S-1-5-18", "EventData.InfoDescription": "%%4167", "EventData.OperationParameter1": "112c03bd-d510-4776-9dac-d50584afa352"}
{"EventID": "5117", "Channel": "Microsoft-Windows-GroupPolicy/Operational", "Provider_Name": "Microsoft-Windows-GroupPolicy", "Computer": "DESKTOP-OFJ6N53", "TimeCreated": "2025-08-21 13:45:35.761082+00:00", "RecordID": "894741", "Level": "4", "UserID": "S-1-5-18", "EventData.IsMachine": "True", "EventData.SessionTimeElapsedInMilliseconds": "16"}
{"EventID": "4116", "Channel": "Microsoft-Windows-GroupPolicy/Operational", "Provider_Name": "Microsoft-Windows-GroupPolicy", "Computer": "DESKTOP-OFJ6N53", "TimeCreated": "2025-08-21 14:00:36.032331+00:00", "RecordID": "894742", "Level": "4", "UserID": "S-1-5-18"}
{"EventID": "4115", "Channel": "Microsoft-Windows-GroupPolicy/Operational", "Provider_Name": "Microsoft-Windows-GroupPolicy", "Computer": "DESKTOP-OFJ6N53", "TimeCreated": "2025-08-21 14:00:36.056887+00:00", "RecordID": "894743", "Level": "4", "UserID": "S-1-5-18", "EventData.IsServiceRestart": "True", "EventData.IsMachineBoot": "False"}
{"EventID": "5324", "Channel": "Microsoft-Windows-GroupPolicy/Operational", "Provider_Name": "Microsoft-Windows-GroupPolicy", "Computer": "DESKTOP-OFJ6N53", "TimeCreated": "2025-08-21 14:00:36.057232+00:00", "RecordID": "894744", "Level": "4", "UserID": "S-1-5-18", "EventData.NotificationType": "0", "EventData.SessionId": "0"}
{"EventID": "5351", "Channel": "Microsoft-Windows-GroupPolicy/Operational", "Provider_Name": "Microsoft-Windows-GroupPolicy", "Computer": "DESKTOP-OFJ6N53", "TimeCreated": "2025-08-21 14:00:36.057274+00:00", "RecordID": "894745", "Level": "4", "UserID": "S-1-5-18", "EventData.IsMachine": "False", "EventData.WinlogonReturnTimeElapsedInMilliseconds": "0"}
{"EventID": "4117", "Channel": "Microsoft-Windows-GroupPolicy/Operational", "Provider_Name": "Microsoft-Windows-GroupPolicy", "Computer": "DESKTOP-OFJ6N53", "TimeCreated": "2025-08-21 14:00:36.061123+00:00", "RecordID": "894746", "Level": "4", "UserID": "S-1-5-18", "EventData.IsMachine": "True", "EventData.IsBackgroundProcessing": "True", "EventData.IsAsyncProcessing": "False"}
{"EventID": "5351", "Channel": "Microsoft-Windows-GroupPolicy/Operational", "Provider_Name": "Microsoft-Windows-GroupPolicy", "Computer": "DESKTOP-OFJ6N53", "TimeCreated": "2025-08-21 14:00:36.063242+00:00", "RecordID": "894747", "Level": "4", "UserID": "S-1-5-18", "EventData.IsMachine": "False", "EventData.WinlogonReturnTimeElapsedInMilliseconds": "0"}
{"EventID": "5116", "Channel": "Microsoft-Windows-GroupPolicy/Operational", "Provider_Name": "Microsoft-Windows-GroupPolicy", "Computer": "DESKTOP-OFJ6N53", "TimeCreated": "2025-08-21 14:00:36.064760+00:00", "RecordID": "894748", "Level": "4", "UserID": "S-1-5-18", "EventData.GpsvcInitTimeElapsedInMilliseconds": "31"}
{"EventID": "5320", "Channel": "Microsoft-Windows-GroupPolicy/Operational", "Provider_Name": "Microsoft-Windows-GroupPolicy", "Computer": "DESKTOP-OFJ6N53", "TimeCreated": "2025-08-21 14:00:36.065327+00:00", "RecordID": "894749", "Level": "4", "UserID": "S-1-5-18", "EventData.InfoDescription": "%%4168"}
{"EventID": "5320", "Channel": "Microsoft-Windows-GroupPolicy/Operational", "Provider_Name": "Microsoft-Windows-GroupPolicy", "Computer": "DESKTOP-OFJ6N53", "TimeCreated": "2025-08-21 14:00:36.065351+00:00", "RecordID": "894750", "Level": "4", "UserID": "S-1-5-18", "EventData.InfoDescription": "%%4160"}
{"EventID": "5320", "Channel": "Microsoft-Windows-GroupPolicy/Operational", "Provider_Name": "Microsoft-Windows-GroupPolicy", "Computer": "DESKTOP-OFJ6N53", "TimeCreated": "2025-08-21 14:00:36.065351+00:00", "RecordID": "894751", "Level": "4", "UserID": "S-1-5-18", "EventData.InfoDescription": "%%4166"}
{"EventID": "4117", "Channel": "Microsoft-Windows-GroupPolicy/Operational", "Provider_Name": "Microsoft-Windows-GroupPolicy", "Computer": "DESKTOP-OFJ6N53", "TimeCreated": "2025-08-21 14:00:36.065765+00:00", "RecordID": "894752", "Level": "4", "UserID": "S-1-5-18", "EventData.IsMachine": "False", "EventData.IsBackgroundProcessing": "True", "EventData.IsAsyncProcessing": "False"}
{"EventID": "5321", "Channel": "Microsoft-Windows-GroupPolicy/Operational", "Provider_Name": "Microsoft-Windows-GroupPolicy", "Computer": "DESKTOP-OFJ6N53", "TimeCreated": "2025-08-21 14:00:36.066063+00:00", "RecordID": "894753", "Level": "4", "UserID": "S-1-5-18", "EventData.InfoDescription": "%%4167", "EventData.OperationParameter1": "0bfc9582-d205-4eae-b6fb-ad8c0dcf0c4f"}
{"EventID": "5117", "Channel": "Microsoft-Windows-GroupPolicy/Operational", "Provider_Name": "Microsoft-Windows-GroupPolicy", "Computer": "DESKTOP-OFJ6N53", "TimeCreated": "2025-08-21 14:00:36.137987+00:00", "RecordID": "894754", "Level": "4", "UserID": "S-1-5-18", "EventData.IsMachine": "True", "EventData.SessionTimeElapsedInMilliseconds": "78"}
{"EventID": "5117", "Channel": "Microsoft-Windows-GroupPolicy/Operational", "Provider_Name": "Microsoft-Windows-GroupPolicy", "Computer": "DESKTOP-OFJ6N53", "TimeCreated": "2025-08-21 14:00:36.163677+00:00", "RecordID": "894755", "Level": "4", "UserID": "S-1-5-18", "EventData.IsMachine": "False", "EventData.SessionTimeElapsedInMilliseconds": "94"}
{"EventID": "4116", "Channel": "Microsoft-Windows-GroupPolicy/Operational", "Provider_Name": "Microsoft-Windows-GroupPolicy", "Computer": "DESKTOP-OFJ6N53", "TimeCreated": "2025-08-21 14:15:36.423187+00:00", "RecordID": "894756", "Level": "4", "UserID": "S-1-5-18"}
{"EventID": "4115", "Channel": "Microsoft-Windows-GroupPolicy/Operational", "Provider_Name": "Microsoft-Windows-GroupPolicy", "Computer": "DESKTOP-OFJ6N53", "TimeCreated": "2025-08-21 14:15:36.530910+00:00", "RecordID": "894757", "Level": "4", "UserID": "S-1-5-18", "EventData.IsServiceRestart": "True", "EventData.IsMachineBoot": "False"}
{"EventID": "5324", "Channel": "Microsoft-Windows-GroupPolicy/Operational", "Provider_Name": "Microsoft-Windows-GroupPolicy", "Computer": "DESKTOP-OFJ6N53", "TimeCreated": "2025-08-21 14:15:36.531336+00:00", "RecordID": "894758", "Level": "4", "UserID": "S-1-5-18", "EventData.NotificationType": "0", "EventData.SessionId": "0"}
{"EventID": "5351", "Channel": "Microsoft-Windows-GroupPolicy/Operational", "Provider_Name": "Microsoft-Windows-GroupPolicy", "Computer": "DESKTOP-OFJ6N53", "TimeCreated": "2025-08-21 14:15:36.531387+00:00", "RecordID": "894759", "Level": "4", "UserID": "S-1-5-18", "EventData.IsMachine": "False", "EventData.WinlogonReturnTimeElapsedInMilliseconds": "0"}
{"EventID": "4117", "Channel": "Microsoft-Windows-GroupPolicy/Operational", "Provider_Name": "Microsoft-Windows-GroupPolicy", "Computer": "DESKTOP-OFJ6N53", "TimeCreated": "2025-08-21 14:15:36.535048+00:00", "RecordID": "894760", "Level": "4", "UserID": "S-1-5-18", "EventData.IsMachine": "True", "EventData.IsBackgroundProcessing": "True", "EventData.IsAsyncProcessing": "False"}
{"EventID": "5351", "Channel": "Microsoft-Windows-GroupPolicy/Operational", "Provider_Name": "Microsoft-Windows-GroupPolicy", "Computer": "DESKTOP-OFJ6N53", "TimeCreated": "2025-08-21 14:15:36.539619+00:00", "RecordID": "894761", "Level": "4", "UserID": "S-1-5-18", "EventData.IsMachine": "False", "EventData.WinlogonReturnTimeElapsedInMilliseconds": "0"}
{"EventID": "4117", "Channel": "Microsoft-Windows-GroupPolicy/Operational", "Provider_Name": "Microsoft-Windows-GroupPolicy", "Computer": "DESKTOP-OFJ6N53", "TimeCreated": "2025-08-21 14:15:36.540859+00:00", "RecordID": "894762", "Level": "4", "UserID": "S-1-5-18", "EventData.IsMachine": "False", "EventData.IsBackgroundProcessing": "True", "EventData.IsAsyncProcessing": "False"}
{"EventID": "5116", "Channel": "Microsoft-Windows-GroupPolicy/Operational", "Provider_Name": "Microsoft-Windows-GroupPolicy", "Computer": "DESKTOP-OFJ6N53", "TimeCreated": "2025-08-21 14:15:36.541346+00:00", "RecordID": "894763", "Level": "4", "UserID": "S-1-5-18", "EventData.GpsvcInitTimeElapsedInMilliseconds": "125"}
{"EventID": "5320", "Channel": "Microsoft-Windows-GroupPolicy/Operational", "Provider_Name": "Microsoft-Windows-GroupPolicy", "Computer": "DESKTOP-OFJ6N53", "TimeCreated": "2025-08-21 14:15:36.542032+00:00", "RecordID": "894764", "Level": "4", "UserID": "S-1-5-18", "EventData.InfoDescription": "%%4168"}
{"EventID": "5320", "Channel": "Microsoft-Windows-GroupPolicy/Operational", "Provider_Name": "Microsoft-Windows-GroupPolicy", "Computer": "DESKTOP-OFJ6N53", "TimeCreated": "2025-08-21 14:15:36.542393+00:00", "RecordID": "894765", "Level": "4", "UserID": "S-1-5-18", "EventData.InfoDescription": "%%4160"}
{"EventID": "5320", "Channel": "Microsoft-Windows-GroupPolicy/Operational", "Provider_Name": "Microsoft-Windows-GroupPolicy", "Computer": "DESKTOP-OFJ6N53", "TimeCreated": "2025-08-21 14:15:36.542395+00:00", "RecordID": "894766", "Level": "4", "UserID": "S-1-5-18", "EventData.InfoDescription": "%%4166"}
{"EventID": "5117", "Channel": "Microsoft-Windows-GroupPolicy/Operational", "Provider_Name": "Microsoft-Windows-GroupPolicy", "Computer": "DESKTOP-OFJ6N53", "TimeCreated": "2025-08-21 14:15:36.542500+00:00", "RecordID": "894767", "Level": "4", "UserID": "S-1-5-18", "EventData.IsMachine": "False", "EventData.SessionTimeElapsedInMilliseconds": "15"}
{"EventID": "5321", "Channel": "Microsoft-Windows-GroupPolicy/Operational", "Provider_Name": "Microsoft-Windows-GroupPolicy", "Computer": "DESKTOP-OFJ6N53", "TimeCreated": "2025-08-21 14:15:36.543074+00:00", "RecordID": "894768", "Level": "4", "UserID": "S-1-5-18", "EventData.InfoDescription": "%%4167", "EventData.OperationParameter1": "eea99da0-8d51-459c-bd26-0036f3b5640f"}
{"EventID": "5117", "Channel": "Microsoft-Windows-GroupPolicy/Operational", "Provider_Name": "Microsoft-Windows-GroupPolicy", "Computer": "DESKTOP-OFJ6N53", "TimeCreated": "2025-08-21 14:15:36.543282+00:00", "RecordID": "894769", "Level": "4", "UserID": "S-1-5-18", "EventData.IsMachine": "True", "EventData.SessionTimeElapsedInMilliseconds": "15"}
{"EventID": "4116", "Channel": "Microsoft-Windows-GroupPolicy/Operational", "Provider_Name": "Microsoft-Windows-GroupPolicy", "Computer": "DESKTOP-OFJ6N53", "TimeCreated": "2025-08-21 14:30:36.985779+00:00", "RecordID": "894770", "Level": "4", "UserID": "S-1-5-18"}
{"EventID": "4115", "Channel": "Microsoft-Windows-GroupPolicy/Operational", "Provider_Name": "Microsoft-Windows-GroupPolicy", "Computer": "DESKTOP-OFJ6N53", "TimeCreated": "2025-08-21 14:30:37.002787+00:00", "RecordID": "894771", "Level": "4", "UserID": "S-1-5-18", "EventData.IsServiceRestart": "True", "EventData.IsMachineBoot": "False"}
{"EventID": "5324", "Channel": "Microsoft-Windows-GroupPolicy/Operational", "Provider_Name": "Microsoft-Windows-GroupPolicy", "Computer": "DESKTOP-OFJ6N53", "TimeCreated": "2025-08-21 14:30:37.003399+00:00", "RecordID": "894772", "Level": "4", "UserID": "S-1-5-18", "EventData.NotificationType": "0", "EventData.SessionId": "0"}
{"EventID": "5351", "Channel": "Microsoft-Windows-GroupPolicy/Operational", "Provider_Name": "Microsoft-Windows-GroupPolicy", "Computer": "DESKTOP-OFJ6N53", "TimeCreated": "2025-08-21 14:30:37.003456+00:00", "RecordID": "894773", "Level": "4", "UserID": "S-1-5-18", "EventData.IsMachine": "False", "EventData.WinlogonReturnTimeElapsedInMilliseconds": "0"}
{"EventID": "4117", "Channel": "Microsoft-Windows-GroupPolicy/Operational", "Provider_Name": "Microsoft-Windows-GroupPolicy", "Computer": "DESKTOP-OFJ6N53", "TimeCreated": "2025-08-21 14:30:37.005404+00:00", "RecordID": "894774", "Level": "4", "UserID": "S-1-5-18", "EventData.IsMachine": "True", "EventData.IsBackgroundProcessing": "True", "EventData.IsAsyncProcessing": "False"}
{"EventID": "5351", "Channel": "Microsoft-Windows-GroupPolicy/Operational", "Provider_Name": "Microsoft-Windows-GroupPolicy", "Computer": "DESKTOP-OFJ6N53", "TimeCreated": "2025-08-21 14:30:37.007162+00:00", "RecordID": "894775", "Level": "4", "UserID": "S-1-5-18", "EventData.IsMachine": "False", "EventData.WinlogonReturnTimeElapsedInMilliseconds": "0"}
{"EventID": "4117", "Channel": "Microsoft-Windows-GroupPolicy/Operational", "Provider_Name": "Microsoft-Windows-GroupPolicy", "Computer": "DESKTOP-OFJ6N53", "TimeCreated": "2025-08-21 14:30:37.008669+00:00", "RecordID": "894776", "Level": "4", "UserID": "S-1-5-18", "EventData.IsMachine": "False", "EventData.IsBackgroundProcessing": "True", "EventData.IsAsyncProcessing": "False"}
{"EventID": "5116", "Channel": "Microsoft-Windows-GroupPolicy/Operational", "Provider_Name": "Microsoft-Windows-GroupPolicy", "Computer": "DESKTOP-OFJ6N53", "TimeCreated": "2025-08-21 14:30:37.009306+00:00", "RecordID": "894777", "Level": "4", "UserID": "S-1-5-18", "EventData.GpsvcInitTimeElapsedInMilliseconds": "15"}
{"EventID": "5320", "Channel": "Microsoft-Windows-GroupPolicy/Operational", "Provider_Name": "Microsoft-Windows-GroupPolicy", "Computer": "DESKTOP-OFJ6N53", "TimeCreated": "2025-08-21 14:30:37.009920+00:00", "RecordID": "894778", "Level": "4", "UserID": "S-1-5-18", "EventData.InfoDescription": "%%4168"}
{"EventID": "5320", "Channel": "Microsoft-Windows-GroupPolicy/Operational", "Provider_Name": "Microsoft-Windows-GroupPolicy", "Computer": "DESKTOP-OFJ6N53", "TimeCreated": "2025-08-21 14:30:37.009945+00:00", "RecordID": "894779", "Level": "4", "UserID": "S-1-5-18", "EventData.InfoDescription": "%%4160"}
{"EventID": "5320", "Channel": "Microsoft-Windows-GroupPolicy/Operational", "Provider_Name": "Microsoft-Windows-GroupPolicy", "Computer": "DESKTOP-OFJ6N53", "TimeCreated": "2025-08-21 14:30:37.009945+00:00", "RecordID": "894780", "Level": "4", "UserID": "S-1-5-18", "EventData.InfoDescription": "%%4166"}
{"EventID": "5321", "Channel": "Microsoft-Windows-GroupPolicy/Operational", "Provider_Name": "Microsoft-Windows-GroupPolicy", "Computer": "DESKTOP-OFJ6N53", "TimeCreated": "2025-08-21 14:30:37.010496+00:00", "RecordID": "894781", "Level": "4", "UserID": "S-1-5-18", "EventData.InfoDescription": "%%4167", "EventData.OperationParameter1": "e8e1945d-0c76-4b48-ada9-9176b702fa45"}
{"EventID": "5117", "Channel": "Microsoft-Windows-GroupPolicy/Operational", "Provider_Name": "Microsoft-Windows-GroupPolicy", "Computer": "DESKTOP-OFJ6N53", "TimeCreated": "2025-08-21 14:30:37.010725+00:00", "RecordID": "894782", "Level": "4", "UserID": "S-1-5-18", "EventData.IsMachine": "False", "EventData.SessionTimeElapsedInMilliseconds": "16"}
{"EventID": "5117", "Channel": "Microsoft-Windows-GroupPolicy/Operational", "Provider_Name": "Microsoft-Windows-GroupPolicy", "Computer": "DESKTOP-OFJ6N53", "TimeCreated": "2025-08-21 14:30:37.011532+00:00", "RecordID": "894783", "Level": "4", "UserID": "S-1-5-18", "EventData.IsMachine": "True", "EventData.SessionTimeElapsedInMilliseconds": "16"}
{"EventID": "4116", "Channel": "Microsoft-Windows-GroupPolicy/Operational", "Provider_Name": "Microsoft-Windows-GroupPolicy", "Computer": "DESKTOP-OFJ6N53", "TimeCreated": "2025-08-21 14:45:37.075584+00:00", "RecordID": "894784", "Level": "4", "UserID": "S-1-5-18"}
{"EventID": "4115", "Channel": "Microsoft-Windows-GroupPolicy/Operational", "Provider_Name": "Microsoft-Windows-GroupPolicy", "Computer": "DESKTOP-OFJ6N53", "TimeCreated": "2025-08-21 14:45:37.078014+00:00", "RecordID": "894785", "Level": "4", "UserID": "S-1-5-18", "EventData.IsServiceRestart": "True", "EventData.IsMachineBoot": "False"}
{"EventID": "5324", "Channel": "Microsoft-Windows-GroupPolicy/Operational", "Provider_Name": "Microsoft-Windows-GroupPolicy", "Computer": "DESKTOP-OFJ6N53", "TimeCreated": "2025-08-21 14:45:37.078432+00:00", "RecordID": "894786", "Level": "4", "UserID": "S-1-5-18", "EventData.NotificationType": "0", "EventData.SessionId": "0"}
{"EventID": "5351", "Channel": "Microsoft-Windows-GroupPolicy/Operational", "Provider_Name": "Microsoft-Windows-GroupPolicy", "Computer": "DESKTOP-OFJ6N53", "TimeCreated": "2025-08-21 14:45:37.078476+00:00", "RecordID": "894787", "Level": "4", "UserID": "S-1-5-18", "EventData.IsMachine": "False", "EventData.WinlogonReturnTimeElapsedInMilliseconds": "0"}
{"EventID": "4117", "Channel": "Microsoft-Windows-GroupPolicy/Operational", "Provider_Name": "Microsoft-Windows-GroupPolicy", "Computer": "DESKTOP-OFJ6N53", "TimeCreated": "2025-08-21 14:45:37.079378+00:00", "RecordID": "894788", "Level": "4", "UserID": "S-1-5-18", "EventData.IsMachine": "True", "EventData.IsBackgroundProcessing": "True", "EventData.IsAsyncProcessing": "False"}
{"EventID": "5351", "Channel": "Microsoft-Windows-GroupPolicy/Operational", "Provider_Name": "Microsoft-Windows-GroupPolicy", "Computer": "DESKTOP-OFJ6N53", "TimeCreated": "2025-08-21 14:45:37.081591+00:00", "RecordID": "894789", "Level": "4", "UserID": "S-1-5-18", "EventData.IsMachine": "False", "EventData.WinlogonReturnTimeElapsedInMilliseconds": "0"}
{"EventID": "4117", "Channel": "Microsoft-Windows-GroupPolicy/Operational", "Provider_Name": "Microsoft-Windows-GroupPolicy", "Computer": "DESKTOP-OFJ6N53", "TimeCreated": "2025-08-21 14:45:37.083029+00:00", "RecordID": "894790", "Level": "4", "UserID": "S-1-5-18", "EventData.IsMachine": "False", "EventData.IsBackgroundProcessing": "True", "EventData.IsAsyncProcessing": "False"}
{"EventID": "5116", "Channel": "Microsoft-Windows-GroupPolicy/Operational", "Provider_Name": "Microsoft-Windows-GroupPolicy", "Computer": "DESKTOP-OFJ6N53", "TimeCreated": "2025-08-21 14:45:37.083771+00:00", "RecordID": "894791", "Level": "4", "UserID": "S-1-5-18", "EventData.GpsvcInitTimeElapsedInMilliseconds": "0"}
{"EventID": "5320", "Channel": "Microsoft-Windows-GroupPolicy/Operational", "Provider_Name": "Microsoft-Windows-GroupPolicy", "Computer": "DESKTOP-OFJ6N53", "TimeCreated": "2025-08-21 14:45:37.084404+00:00", "RecordID": "894792", "Level": "4", "UserID": "S-1-5-18", "EventData.InfoDescription": "%%4168"}
{"EventID": "5117", "Channel": "Microsoft-Windows-GroupPolicy/Operational", "Provider_Name": "Microsoft-Windows-GroupPolicy", "Computer": "DESKTOP-OFJ6N53", "TimeCreated": "2025-08-21 14:45:37.084574+00:00", "RecordID": "894793", "Level": "4", "UserID": "S-1-5-18", "EventData.IsMachine": "False", "EventData.SessionTimeElapsedInMilliseconds": "0"}
{"EventID": "5320", "Channel": "Microsoft-Windows-GroupPolicy/Operational", "Provider_Name": "Microsoft-Windows-GroupPolicy", "Computer": "DESKTOP-OFJ6N53", "TimeCreated": "2025-08-21 14:45:37.084635+00:00", "RecordID": "894794", "Level": "4", "UserID": "S-1-5-18", "EventData.InfoDescription": "%%4160"}
{"EventID": "5320", "Channel": "Microsoft-Windows-GroupPolicy/Operational", "Provider_Name": "Microsoft-Windows-GroupPolicy", "Computer": "DESKTOP-OFJ6N53", "TimeCreated": "2025-08-21 14:45:37.084635+00:00", "RecordID": "894795", "Level": "4", "UserID": "S-1-5-18", "EventData.InfoDescription": "%%4166"}
{"EventID": "5321", "Channel": "Microsoft-Windows-GroupPolicy/Operational", "Provider_Name": "Microsoft-Windows-GroupPolicy", "Computer": "DESKTOP-OFJ6N53", "TimeCreated": "2025-08-21 14:45:37.085638+00:00", "RecordID": "894796", "Level": "4", "UserID": "S-1-5-18", "EventData.InfoDescription": "%%4167", "EventData.OperationParameter1": "0f7a6596-173a-46fb-a967-22caaf806a32"}
{"EventID": "5117", "Channel": "Microsoft-Windows-GroupPolicy/Operational", "Provider_Name": "Microsoft-Windows-GroupPolicy", "Computer": "DESKTOP-OFJ6N53", "TimeCreated": "2025-08-21 14:45:37.085804+00:00", "RecordID": "894797", "Level": "4", "UserID": "S-1-5-18", "EventData.IsMachine": "True", "EventData.SessionTimeElapsedInMilliseconds": "0"}
{"EventID": "4116", "Channel": "Microsoft-Windows-GroupPolicy/Operational", "Provider_Name": "Microsoft-Windows-GroupPolicy", "Computer": "DESKTOP-OFJ6N53", "TimeCreated": "2025-08-21 15:00:37.185394+00:00", "RecordID": "894798", "Level": "4", "UserID": "S-1-5-18"}
{"EventID": "4115", "Channel": "Microsoft-Windows-GroupPolicy/Operational", "Provider_Name": "Microsoft-Windows-GroupPolicy", "Computer": "DESKTOP-OFJ6N53", "TimeCreated": "2025-08-21 15:00:37.187569+00:00", "RecordID": "894799", "Level": "4", "UserID": "S-1-5-18", "EventData.IsServiceRestart": "True", "EventData.IsMachineBoot": "False"}
{"EventID": "5324", "Channel": "Microsoft-Windows-GroupPolicy/Operational", "Provider_Name": "Microsoft-Windows-GroupPolicy", "Computer": "DESKTOP-OFJ6N53", "TimeCreated": "2025-08-21 15:00:37.187958+00:00", "RecordID": "894800", "Level": "4", "UserID": "S-1-5-18", "EventData.NotificationType": "0", "EventData.SessionId": "0"}
{"EventID": "5351", "Channel": "Microsoft-Windows-GroupPolicy/Operational", "Provider_Name": "Microsoft-Windows-GroupPolicy", "Computer": "DESKTOP-OFJ6N53", "TimeCreated": "2025-08-21 15:00:37.188026+00:00", "RecordID": "894801", "Level": "4", "UserID": "S-1-5-18", "EventData.IsMachine": "False", "EventData.WinlogonReturnTimeElapsedInMilliseconds": "0"}
{"EventID": "4117", "Channel": "Microsoft-Windows-GroupPolicy/Operational", "Provider_Name": "Microsoft-Windows-GroupPolicy", "Computer": "DESKTOP-OFJ6N53", "TimeCreated": "2025-08-21 15:00:37.188955+00:00", "RecordID": "894802", "Level": "4", "UserID": "S-1-5-18", "EventData.IsMachine": "True", "EventData.IsBackgroundProcessing": "True", "EventData.IsAsyncProcessing": "False"}
{"EventID": "5351", "Channel": "Microsoft-Windows-GroupPolicy/Operational", "Provider_Name": "Microsoft-Windows-GroupPolicy", "Computer": "DESKTOP-OFJ6N53", "TimeCreated": "2025-08-21 15:00:37.190968+00:00", "RecordID": "894803", "Level": "4", "UserID": "S-1-5-18", "EventData.IsMachine": "False", "EventData.WinlogonReturnTimeElapsedInMilliseconds": "0"}
{"EventID": "4117", "Channel": "Microsoft-Windows-GroupPolicy/Operational", "Provider_Name": "Microsoft-Windows-GroupPolicy", "Computer": "DESKTOP-OFJ6N53", "TimeCreated": "2025-08-21 15:00:37.192659+00:00", "RecordID": "894804", "Level": "4", "UserID": "S-1-5-18", "EventData.IsMachine": "False", "EventData.IsBackgroundProcessing": "True", "EventData.IsAsyncProcessing": "False"}
{"EventID": "5116", "Channel": "Microsoft-Windows-GroupPolicy/Operational", "Provider_Name": "Microsoft-Windows-GroupPolicy", "Computer": "DESKTOP-OFJ6N53", "TimeCreated": "2025-08-21 15:00:37.192690+00:00", "RecordID": "894805", "Level": "4", "UserID": "S-1-5-18", "EventData.GpsvcInitTimeElapsedInMilliseconds": "0"}
{"EventID": "5320", "Channel": "Microsoft-Windows-GroupPolicy/Operational", "Provider_Name": "Microsoft-Windows-GroupPolicy", "Computer": "DESKTOP-OFJ6N53", "TimeCreated": "2025-08-21 15:00:37.193203+00:00", "RecordID": "894806", "Level": "4", "UserID": "S-1-5-18", "EventData.InfoDescription": "%%4168"}
{"EventID": "5320", "Channel": "Microsoft-Windows-GroupPolicy/Operational", "Provider_Name": "Microsoft-Windows-GroupPolicy", "Computer": "DESKTOP-OFJ6N53", "TimeCreated": "2025-08-21 15:00:37.193266+00:00", "RecordID": "894807", "Level": "4", "UserID": "S-1-5-18", "EventData.InfoDescription": "%%4160"}
{"EventID": "5320", "Channel": "Microsoft-Windows-GroupPolicy/Operational", "Provider_Name": "Microsoft-Windows-GroupPolicy", "Computer": "DESKTOP-OFJ6N53", "TimeCreated": "2025-08-21 15:00:37.193266+00:00", "RecordID": "894808", "Level": "4", "UserID": "S-1-5-18", "EventData.InfoDescription": "%%4166"}
{"EventID": "5321", "Channel": "Microsoft-Windows-GroupPolicy/Operational", "Provider_Name": "Microsoft-Windows-GroupPolicy", "Computer": "DESKTOP-OFJ6N53", "TimeCreated": "2025-08-21 15:00:37.193861+00:00", "RecordID": "894809", "Level": "4", "UserID": "S-1-5-18", "EventData.InfoDescription": "%%4167", "EventData.OperationParameter1": "6a55f2d3-b375-4b85-ab67-b0cfbea8e6e4"}
{"EventID": "5117", "Channel": "Microsoft-Windows-GroupPolicy/Operational", "Provider_Name": "Microsoft-Windows-GroupPolicy", "Computer": "DESKTOP-OFJ6N53", "TimeCreated": "2025-08-21 15:00:37.194857+00:00", "RecordID": "894810", "Level": "4", "UserID": "S-1-5-18", "EventData.IsMachine": "False", "EventData.SessionTimeElapsedInMilliseconds": "0"}
{"EventID": "5117", "Channel": "Microsoft-Windows-GroupPolicy/Operational", "Provider_Name": "Microsoft-Windows-GroupPolicy", "Computer": "DESKTOP-OFJ6N53", "TimeCreated": "2025-08-21 15:00:37.194914+00:00", "RecordID": "894811", "Level": "4", "UserID": "S-1-5-18", "EventData.IsMachine": "True", "EventData.SessionTimeElapsedInMilliseconds": "0"}
{"EventID": "4116", "Channel": "Microsoft-Windows-GroupPolicy/Operational", "Provider_Name": "Microsoft-Windows-GroupPolicy", "Computer": "DESKTOP-OFJ6N53", "TimeCreated": "2025-08-21 15:15:37.265511+00:00", "RecordID": "894812", "Level": "4", "UserID": "S-1-5-18"}
{"EventID": "4115", "Channel": "Microsoft-Windows-GroupPolicy/Operational", "Provider_Name": "Microsoft-Windows-GroupPolicy", "Computer": "DESKTOP-OFJ6N53", "TimeCreated": "2025-08-21 15:15:37.268112+00:00", "RecordID": "894813", "Level": "4", "UserID": "S-1-5-18", "EventData.IsServiceRestart": "True", "EventData.IsMachineBoot": "False"}
{"EventID": "5324", "Channel": "Microsoft-Windows-GroupPolicy/Operational", "Provider_Name": "Microsoft-Windows-GroupPolicy", "Computer": "DESKTOP-OFJ6N53", "TimeCreated": "2025-08-21 15:15:37.268669+00:00", "RecordID": "894814", "Level": "4", "UserID": "S-1-5-18", "EventData.NotificationType": "0", "EventData.SessionId": "0"}
{"EventID": "5351", "Channel": "Microsoft-Windows-GroupPolicy/Operational", "Provider_Name": "Microsoft-Windows-GroupPolicy", "Computer": "DESKTOP-OFJ6N53", "TimeCreated": "2025-08-21 15:15:37.268726+00:00", "RecordID": "894815", "Level": "4", "UserID": "S-1-5-18", "EventData.IsMachine": "False", "EventData.WinlogonReturnTimeElapsedInMilliseconds": "0"}
{"EventID": "4117", "Channel": "Microsoft-Windows-GroupPolicy/Operational", "Provider_Name": "Microsoft-Windows-GroupPolicy", "Computer": "DESKTOP-OFJ6N53", "TimeCreated": "2025-08-21 15:15:37.269840+00:00", "RecordID": "894816", "Level": "4", "UserID": "S-1-5-18", "EventData.IsMachine": "True", "EventData.IsBackgroundProcessing": "True", "EventData.IsAsyncProcessing": "False"}
{"EventID": "5351", "Channel": "Microsoft-Windows-GroupPolicy/Operational", "Provider_Name": "Microsoft-Windows-GroupPolicy", "Computer": "DESKTOP-OFJ6N53", "TimeCreated": "2025-08-21 15:15:37.272980+00:00", "RecordID": "894817", "Level": "4", "UserID": "S-1-5-18", "EventData.IsMachine": "False", "EventData.WinlogonReturnTimeElapsedInMilliseconds": "0"}
{"EventID": "4117", "Channel": "Microsoft-Windows-GroupPolicy/Operational", "Provider_Name": "Microsoft-Windows-GroupPolicy", "Computer": "DESKTOP-OFJ6N53", "TimeCreated": "2025-08-21 15:15:37.303143+00:00", "RecordID": "894818", "Level": "4", "UserID": "S-1-5-18", "EventData.IsMachine": "False", "EventData.IsBackgroundProcessing": "True", "EventData.IsAsyncProcessing": "False"}
{"EventID": "5116", "Channel": "Microsoft-Windows-GroupPolicy/Operational", "Provider_Name": "Microsoft-Windows-GroupPolicy", "Computer": "DESKTOP-OFJ6N53", "TimeCreated": "2025-08-21 15:15:37.309010+00:00", "RecordID": "894819", "Level": "4", "UserID": "S-1-5-18", "EventData.GpsvcInitTimeElapsedInMilliseconds": "47"}
{"EventID": "5320", "Channel": "Microsoft-Windows-GroupPolicy/Operational", "Provider_Name": "Microsoft-Windows-GroupPolicy", "Computer": "DESKTOP-OFJ6N53", "TimeCreated": "2025-08-21 15:15:37.309696+00:00", "RecordID": "894820", "Level": "4", "UserID": "S-1-5-18", "EventData.InfoDescription": "%%4168"}
{"EventID": "5320", "Channel": "Microsoft-Windows-GroupPolicy/Operational", "Provider_Name": "Microsoft-Windows-GroupPolicy", "Computer": "DESKTOP-OFJ6N53", "TimeCreated": "2025-08-21 15:15:37.309885+00:00", "RecordID": "894821", "Level": "4", "UserID": "S-1-5-18", "EventData.InfoDescription": "%%4160"}
{"EventID": "5320", "Channel": "Microsoft-Windows-GroupPolicy/Operational", "Provider_Name": "Microsoft-Windows-GroupPolicy", "Computer": "DESKTOP-OFJ6N53", "TimeCreated": "2025-08-21 15:15:37.309887+00:00", "RecordID": "894822", "Level": "4", "UserID": "S-1-5-18", "EventData.InfoDescription": "%%4166"}
{"EventID": "5321", "Channel": "Microsoft-Windows-GroupPolicy/Operational", "Provider_Name": "Microsoft-Windows-GroupPolicy", "Computer": "DESKTOP-OFJ6N53", "TimeCreated": "2025-08-21 15:15:37.310640+00:00", "RecordID": "894823", "Level": "4", "UserID": "S-1-5-18", "EventData.InfoDescription": "%%4167", "EventData.OperationParameter1": "f299139b-2286-491c-9b71-44d91b9442b6"}
{"EventID": "5117", "Channel": "Microsoft-Windows-GroupPolicy/Operational", "Provider_Name": "Microsoft-Windows-GroupPolicy", "Computer": "DESKTOP-OFJ6N53", "TimeCreated": "2025-08-21 15:15:37.311838+00:00", "RecordID": "894824", "Level": "4", "UserID": "S-1-5-18", "EventData.IsMachine": "True", "EventData.SessionTimeElapsedInMilliseconds": "47"}
{"EventID": "5117", "Channel": "Microsoft-Windows-GroupPolicy/Operational", "Provider_Name": "Microsoft-Windows-GroupPolicy", "Computer": "DESKTOP-OFJ6N53", "TimeCreated": "2025-08-21 15:15:37.315813+00:00", "RecordID": "894825", "Level": "4", "UserID": "S-1-5-18", "EventData.IsMachine": "False", "EventData.SessionTimeElapsedInMilliseconds": "16"}
