{"EventID": "100", "Channel": "Microsoft-Windows-SmartCard-Audit/Authentication", "Provider_Name": "Microsoft-Windows-SmartCard-Audit", "Computer": "DESKTOP-OFJ6N53", "TimeCreated": "2022-03-09 10:19:30.427019+00:00", "RecordID": "1", "Level": "2", "UserID": "S-1-5-21-963789628-1060504924-4285088085-1001", "EventData.Process": "C:\\Program Files (x86)\\Cisco\\Cisco AnyConnect Secure Mobility Client\\vpnui.exe", "EventData.ProcessId": "9372"}
{"EventID": "100", "Channel": "Microsoft-Windows-SmartCard-Audit/Authentication", "Provider_Name": "Microsoft-Windows-SmartCard-Audit", "Computer": "DESKTOP-OFJ6N53", "TimeCreated": "2022-03-09 10:20:00.479630+00:00", "RecordID": "2", "Level": "2", "UserID": "S-1-5-21-963789628-1060504924-4285088085-1001", "EventData.Process": "C:\\Program Files (x86)\\Cisco\\Cisco AnyConnect Secure Mobility Client\\vpnui.exe", "EventData.ProcessId": "9372"}
{"EventID": "101", "Channel": "Microsoft-Windows-SmartCard-Audit/Authentication", "Provider_Name": "Microsoft-Windows-SmartCard-Audit", "Computer": "DESKTOP-OFJ6N53", "TimeCreated": "2022-03-09 10:21:34.302929+00:00", "RecordID": "3", "Level": "4", "UserID": "S-1-5-21-963789628-1060504924-4285088085-1001", "EventData.Process": "C:\\Program Files (x86)\\Cisco\\Cisco AnyConnect Secure Mobility Client\\vpnui.exe", "EventData.ProcessId": "9372"}
{"EventID": "101", "Channel": "Microsoft-Windows-SmartCard-Audit/Authentication", "Provider_Name": "Microsoft-Windows-SmartCard-Audit", "Computer": "DESKTOP-OFJ6N53", "TimeCreated": "2022-03-09 10:21:34.748278+00:00", "RecordID": "4", "Level": "4", "UserID": "S-1-5-21-963789628-1060504924-4285088085-1001", "EventData.Process": "C:\\Program Files (x86)\\Cisco\\Cisco AnyConnect Secure Mobility Client\\vpnui.exe", "EventData.ProcessId": "9372"}
{"EventID": "101", "Channel": "Microsoft-Windows-SmartCard-Audit/Authentication", "Provider_Name": "Microsoft-Windows-SmartCard-Audit", "Computer": "DESKTOP-OFJ6N53", "TimeCreated": "2022-03-09 10:23:27.173044+00:00", "RecordID": "5", "Level": "4", "UserID": "S-1-5-21-963789628-1060504924-4285088085-1001", "EventData.Process": "C:\\Program Files (x86)\\Cisco\\Cisco AnyConnect Secure Mobility Client\\vpnui.exe", "EventData.ProcessId": "9372"}
{"EventID": "101", "Channel": "Microsoft-Windows-SmartCard-Audit/Authentication", "Provider_Name": "Microsoft-Windows-SmartCard-Audit", "Computer": "DESKTOP-OFJ6N53", "TimeCreated": "2022-03-09 10:23:56.193592+00:00", "RecordID": "6", "Level": "4", "UserID": "S-1-5-21-963789628-1060504924-4285088085-1001", "EventData.Process": "C:\\Program Files (x86)\\Cisco\\Cisco AnyConnect Secure Mobility Client\\vpnui.exe", "EventData.ProcessId": "9372"}
{"EventID": "101", "Channel": "Microsoft-Windows-SmartCard-Audit/Authentication", "Provider_Name": "Microsoft-Windows-SmartCard-Audit", "Computer": "DESKTOP-OFJ6N53", "TimeCreated": "2022-03-09 10:24:18.883917+00:00", "RecordID": "7", "Level": "4", "UserID": "S-1-5-21-963789628-1060504924-4285088085-1001", "EventData.Process": "C:\\Program Files (x86)\\Cisco\\Cisco AnyConnect Secure Mobility Client\\vpnui.exe", "EventData.ProcessId": "9372"}
{"EventID": "101", "Channel": "Microsoft-Windows-SmartCard-Audit/Authentication", "Provider_Name": "Microsoft-Windows-SmartCard-Audit", "Computer": "DESKTOP-OFJ6N53", "TimeCreated": "2022-03-09 10:27:09.073732+00:00", "RecordID": "8", "Level": "4", "UserID": "S-1-5-21-963789628-1060504924-4285088085-1001", "EventData.Process": "C:\\Program Files (x86)\\Cisco\\Cisco AnyConnect Secure Mobility Client\\vpnui.exe", "EventData.ProcessId": "9372"}
{"EventID": "101", "Channel": "Microsoft-Windows-SmartCard-Audit/Authentication", "Provider_Name": "Microsoft-Windows-SmartCard-Audit", "Computer": "DESKTOP-OFJ6N53", "TimeCreated": "2022-03-09 10:27:33.514393+00:00", "RecordID": "9", "Level": "4", "UserID": "S-1-5-21-963789628-1060504924-4285088085-1001", "EventData.Process": "C:\\Program Files (x86)\\Cisco\\Cisco AnyConnect Secure Mobility Client\\vpnui.exe", "EventData.ProcessId": "9372"}
{"EventID": "101", "Channel": "Microsoft-Windows-SmartCard-Audit/Authentication", "Provider_Name": "Microsoft-Windows-SmartCard-Audit", "Computer": "DESKTOP-OFJ6N53", "TimeCreated": "2022-03-09 10:28:28.882380+00:00", "RecordID": "10", "Level": "4", "UserID": "S-1-5-21-963789628-1060504924-4285088085-1001", "EventData.Process": "C:\\Program Files (x86)\\Cisco\\Cisco AnyConnect Secure Mobility Client\\vpnui.exe", "EventData.ProcessId": "9372"}
{"EventID": "101", "Channel": "Microsoft-Windows-SmartCard-Audit/Authentication", "Provider_Name": "Microsoft-Windows-SmartCard-Audit", "Computer": "DESKTOP-OFJ6N53", "TimeCreated": "2022-03-09 10:46:12.989994+00:00", "RecordID": "11", "Level": "4", "UserID": "S-1-5-21-963789628-1060504924-4285088085-1001", "EventData.Process": "C:\\Program Files (x86)\\Cisco\\Cisco AnyConnect Secure Mobility Client\\vpnui.exe", "EventData.ProcessId": "9372"}
{"EventID": "101", "Channel": "Microsoft-Windows-SmartCard-Audit/Authentication", "Provider_Name": "Microsoft-Windows-SmartCard-Audit", "Computer": "DESKTOP-OFJ6N53", "TimeCreated": "2022-03-09 10:55:59.588444+00:00", "RecordID": "12", "Level": "4", "UserID": "S-1-5-21-963789628-1060504924-4285088085-1001", "EventData.Process": "C:\\Program Files (x86)\\Cisco\\Cisco AnyConnect Secure Mobility Client\\vpnui.exe", "EventData.ProcessId": "9372"}
{"EventID": "101", "Channel": "Microsoft-Windows-SmartCard-Audit/Authentication", "Provider_Name": "Microsoft-Windows-SmartCard-Audit", "Computer": "DESKTOP-OFJ6N53", "TimeCreated": "2022-03-09 10:58:55.269337+00:00", "RecordID": "13", "Level": "4", "UserID": "S-1-5-21-963789628-1060504924-4285088085-1001", "EventData.Process": "C:\\Program Files (x86)\\Cisco\\Cisco AnyConnect Secure Mobility Client\\vpnui.exe", "EventData.ProcessId": "9372"}
{"EventID": "101", "Channel": "Microsoft-Windows-SmartCard-Audit/Authentication", "Provider_Name": "Microsoft-Windows-SmartCard-Audit", "Computer": "DESKTOP-OFJ6N53", "TimeCreated": "2022-03-09 11:09:37.087431+00:00", "RecordID": "14", "Level": "4", "UserID": "S-1-5-21-963789628-1060504924-4285088085-1001", "EventData.Process": "C:\\Program Files (x86)\\Cisco\\Cisco AnyConnect Secure Mobility Client\\vpnui.exe", "EventData.ProcessId": "8428"}
{"EventID": "101", "Channel": "Microsoft-Windows-SmartCard-Audit/Authentication", "Provider_Name": "Microsoft-Windows-SmartCard-Audit", "Computer": "DESKTOP-OFJ6N53", "TimeCreated": "2022-03-09 11:09:37.513475+00:00", "RecordID": "15", "Level": "4", "UserID": "S-1-5-21-963789628-1060504924-4285088085-1001", "EventData.Process": "C:\\Program Files (x86)\\Cisco\\Cisco AnyConnect Secure Mobility Client\\vpnui.exe", "EventData.ProcessId": "8428"}
{"EventID": "101", "Channel": "Microsoft-Windows-SmartCard-Audit/Authentication", "Provider_Name": "Microsoft-Windows-SmartCard-Audit", "Computer": "DESKTOP-OFJ6N53", "TimeCreated": "2022-03-09 12:16:14.050543+00:00", "RecordID": "16", "Level": "4", "UserID": "S-1-5-21-963789628-1060504924-4285088085-1001", "EventData.Process": "C:\\Program Files (x86)\\Cisco\\Cisco AnyConnect Secure Mobility Client\\vpnui.exe", "EventData.ProcessId": "8428"}
{"EventID": "101", "Channel": "Microsoft-Windows-SmartCard-Audit/Authentication", "Provider_Name": "Microsoft-Windows-SmartCard-Audit", "Computer": "DESKTOP-OFJ6N53", "TimeCreated": "2022-03-09 12:18:37.815598+00:00", "RecordID": "17", "Level": "4", "UserID": "S-1-5-21-963789628-1060504924-4285088085-1001", "EventData.Process": "C:\\Program Files (x86)\\Cisco\\Cisco AnyConnect Secure Mobility Client\\vpnui.exe", "EventData.ProcessId": "8428"}
{"EventID": "101", "Channel": "Microsoft-Windows-SmartCard-Audit/Authentication", "Provider_Name": "Microsoft-Windows-SmartCard-Audit", "Computer": "DESKTOP-OFJ6N53", "TimeCreated": "2022-03-10 14:22:29.454565+00:00", "RecordID": "18", "Level": "4", "UserID": "S-1-5-21-963789628-1060504924-4285088085-1001", "EventData.Process": "C:\\Program Files (x86)\\Cisco\\Cisco AnyConnect Secure Mobility Client\\vpnui.exe", "EventData.ProcessId": "8696"}
{"EventID": "101", "Channel": "Microsoft-Windows-SmartCard-Audit/Authentication", "Provider_Name": "Microsoft-Windows-SmartCard-Audit", "Computer": "DESKTOP-OFJ6N53", "TimeCreated": "2022-03-10 14:22:30.250362+00:00", "RecordID": "19", "Level": "4", "UserID": "S-1-5-21-963789628-1060504924-4285088085-1001", "EventData.Process": "C:\\Program Files (x86)\\Cisco\\Cisco AnyConnect Secure Mobility Client\\vpnui.exe", "EventData.ProcessId": "8696"}
{"EventID": "101", "Channel": "Microsoft-Windows-SmartCard-Audit/Authentication", "Provider_Name": "Microsoft-Windows-SmartCard-Audit", "Computer": "DESKTOP-OFJ6N53", "TimeCreated": "2022-03-10 14:23:37.669310+00:00", "RecordID": "20", "Level": "4", "UserID": "S-1-5-21-963789628-1060504924-4285088085-1001", "EventData.Process": "C:\\Program Files (x86)\\Cisco\\Cisco AnyConnect Secure Mobility Client\\vpnui.exe", "EventData.ProcessId": "8696"}
{"EventID": "101", "Channel": "Microsoft-Windows-SmartCard-Audit/Authentication", "Provider_Name": "Microsoft-Windows-SmartCard-Audit", "Computer": "DESKTOP-OFJ6N53", "TimeCreated": "2022-03-10 14:44:28.623043+00:00", "RecordID": "21", "Level": "4", "UserID": "S-1-5-21-963789628-1060504924-4285088085-1001", "EventData.Process": "C:\\Program Files (x86)\\Cisco\\Cisco AnyConnect Secure Mobility Client\\vpnui.exe", "EventData.ProcessId": "8696"}
{"EventID": "101", "Channel": "Microsoft-Windows-SmartCard-Audit/Authentication", "Provider_Name": "Microsoft-Windows-SmartCard-Audit", "Computer": "DESKTOP-OFJ6N53", "TimeCreated": "2022-03-10 14:44:48.328800+00:00", "RecordID": "22", "Level": "4", "UserID": "S-1-5-21-963789628-1060504924-4285088085-1001", "EventData.Process": "C:\\Program Files (x86)\\Cisco\\Cisco AnyConnect Secure Mobility Client\\vpnui.exe", "EventData.ProcessId": "8696"}
{"EventID": "101", "Channel": "Microsoft-Windows-SmartCard-Audit/Authentication", "Provider_Name": "Microsoft-Windows-SmartCard-Audit", "Computer": "DESKTOP-OFJ6N53", "TimeCreated": "2022-03-10 14:47:51.675421+00:00", "RecordID": "23", "Level": "4", "UserID": "S-1-5-21-963789628-1060504924-4285088085-1001", "EventData.Process": "C:\\Program Files (x86)\\Cisco\\Cisco AnyConnect Secure Mobility Client\\vpnui.exe", "EventData.ProcessId": "8696"}
