{"EventID": "2", "Channel": "Microsoft-Windows-Kernel-EventTracing/Admin", "Provider_Name": "Microsoft-Windows-Kernel-EventTracing", "Computer": "DESKTOP-OFJ6N53", "TimeCreated": "2024-06-04 18:50:40.356787+00:00", "RecordID": "685", "Level": "2", "UserID": "S-1-5-18", "EventData.SessionName": "Microsoft.Windows.WindowsUpdate.RUXIMLog", "EventData.FileName": null, "EventData.ErrorCode": "3221225525", "EventData.LoggingMode": "268460034"}
{"EventID": "2", "Channel": "Microsoft-Windows-Kernel-EventTracing/Admin", "Provider_Name": "Microsoft-Windows-Kernel-EventTracing", "Computer": "DESKTOP-OFJ6N53", "TimeCreated": "2024-06-05 21:50:53.288528+00:00", "RecordID": "686", "Level": "2", "UserID": "S-1-5-18", "EventData.SessionName": "Microsoft.Windows.WindowsUpdate.RUXIMLog", "EventData.FileName": null, "EventData.ErrorCode": "3221225525", "EventData.LoggingMode": "268460034"}
{"EventID": "2", "Channel": "Microsoft-Windows-Kernel-EventTracing/Admin", "Provider_Name": "Microsoft-Windows-Kernel-EventTracing", "Computer": "DESKTOP-OFJ6N53", "TimeCreated": "2024-06-07 00:19:16.015013+00:00", "RecordID": "687", "Level": "2", "UserID": "S-1-5-18", "EventData.SessionName": "Microsoft.Windows.WindowsUpdate.RUXIMLog", "EventData.FileName": null, "EventData.ErrorCode": "3221225525", "EventData.LoggingMode": "268460034"}
{"EventID": "2", "Channel": "Microsoft-Windows-Kernel-EventTracing/Admin", "Provider_Name": "Microsoft-Windows-Kernel-EventTracing", "Computer": "DESKTOP-OFJ6N53", "TimeCreated": "2024-06-08 02:29:26.049091+00:00", "RecordID": "688", "Level": "2", "UserID": "S-1-5-18", "EventData.SessionName": "Microsoft.Windows.WindowsUpdate.RUXIMLog", "EventData.FileName": null, "EventData.ErrorCode": "3221225525", "EventData.LoggingMode": "268460034"}
{"EventID": "2", "Channel": "Microsoft-Windows-Kernel-EventTracing/Admin", "Provider_Name": "Microsoft-Windows-Kernel-EventTracing", "Computer": "DESKTOP-OFJ6N53", "TimeCreated": "2024-06-09 02:29:34.485081+00:00", "RecordID": "689", "Level": "2", "UserID": "S-1-5-18", "EventData.SessionName": "Microsoft.Windows.WindowsUpdate.RUXIMLog", "EventData.FileName": null, "EventData.ErrorCode": "3221225525", "EventData.LoggingMode": "268460034"}
{"EventID": "2", "Channel": "Microsoft-Windows-Kernel-EventTracing/Admin", "Provider_Name": "Microsoft-Windows-Kernel-EventTracing", "Computer": "DESKTOP-OFJ6N53", "TimeCreated": "2024-06-09 02:59:43.964340+00:00", "RecordID": "690", "Level": "2", "UserID": "S-1-5-18", "EventData.SessionName": "Microsoft.Windows.Remediation", "EventData.FileName": null, "EventData.ErrorCode": "3221225525", "EventData.LoggingMode": "268460034"}
{"EventID": "2", "Channel": "Microsoft-Windows-Kernel-EventTracing/Admin", "Provider_Name": "Microsoft-Windows-Kernel-EventTracing", "Computer": "DESKTOP-OFJ6N53", "TimeCreated": "2024-06-10 02:29:43.846951+00:00", "RecordID": "691", "Level": "2", "UserID": "S-1-5-18", "EventData.SessionName": "Microsoft.Windows.WindowsUpdate.RUXIMLog", "EventData.FileName": null, "EventData.ErrorCode": "3221225525", "EventData.LoggingMode": "268460034"}
{"EventID": "2", "Channel": "Microsoft-Windows-Kernel-EventTracing/Admin", "Provider_Name": "Microsoft-Windows-Kernel-EventTracing", "Computer": "DESKTOP-OFJ6N53", "TimeCreated": "2024-06-10 06:16:36.816256+00:00", "RecordID": "692", "Level": "2", "UserID": "S-1-5-18", "EventData.SessionName": "Microsoft.Windows.Remediation", "EventData.FileName": null, "EventData.ErrorCode": "3221225525", "EventData.LoggingMode": "268460034"}
{"EventID": "2", "Channel": "Microsoft-Windows-Kernel-EventTracing/Admin", "Provider_Name": "Microsoft-Windows-Kernel-EventTracing", "Computer": "DESKTOP-OFJ6N53", "TimeCreated": "2024-06-11 02:29:52.549051+00:00", "RecordID": "693", "Level": "2", "UserID": "S-1-5-18", "EventData.SessionName": "Microsoft.Windows.WindowsUpdate.RUXIMLog", "EventData.FileName": null, "EventData.ErrorCode": "3221225525", "EventData.LoggingMode": "268460034"}
{"EventID": "2", "Channel": "Microsoft-Windows-Kernel-EventTracing/Admin", "Provider_Name": "Microsoft-Windows-Kernel-EventTracing", "Computer": "DESKTOP-OFJ6N53", "TimeCreated": "2024-06-12 06:58:19.966761+00:00", "RecordID": "694", "Level": "2", "UserID": "S-1-5-18", "EventData.SessionName": "Microsoft.Windows.WindowsUpdate.RUXIMLog", "EventData.FileName": null, "EventData.ErrorCode": "3221225525", "EventData.LoggingMode": "268460034"}
{"EventID": "2", "Channel": "Microsoft-Windows-Kernel-EventTracing/Admin", "Provider_Name": "Microsoft-Windows-Kernel-EventTracing", "Computer": "DESKTOP-OFJ6N53", "TimeCreated": "2024-06-13 10:02:59.530375+00:00", "RecordID": "695", "Level": "2", "UserID": "S-1-5-18", "EventData.SessionName": "Microsoft.Windows.WindowsUpdate.RUXIMLog", "EventData.FileName": null, "EventData.ErrorCode": "3221225525", "EventData.LoggingMode": "268460034"}
{"EventID": "2", "Channel": "Microsoft-Windows-Kernel-EventTracing/Admin", "Provider_Name": "Microsoft-Windows-Kernel-EventTracing", "Computer": "DESKTOP-OFJ6N53", "TimeCreated": "2024-06-14 10:21:47.745232+00:00", "RecordID": "696", "Level": "2", "UserID": "S-1-5-18", "EventData.SessionName": "Microsoft.Windows.WindowsUpdate.RUXIMLog", "EventData.FileName": null, "EventData.ErrorCode": "3221225525", "EventData.LoggingMode": "268460034"}
{"EventID": "2", "Channel": "Microsoft-Windows-Kernel-EventTracing/Admin", "Provider_Name": "Microsoft-Windows-Kernel-EventTracing", "Computer": "DESKTOP-OFJ6N53", "TimeCreated": "2024-06-15 10:21:55.038961+00:00", "RecordID": "697", "Level": "2", "UserID": "S-1-5-18", "EventData.SessionName": "Microsoft.Windows.WindowsUpdate.RUXIMLog", "EventData.FileName": null, "EventData.ErrorCode": "3221225525", "EventData.LoggingMode": "268460034"}
{"EventID": "2", "Channel": "Microsoft-Windows-Kernel-EventTracing/Admin", "Provider_Name": "Microsoft-Windows-Kernel-EventTracing", "Computer": "DESKTOP-OFJ6N53", "TimeCreated": "2024-06-16 03:28:08.759466+00:00", "RecordID": "698", "Level": "2", "UserID": "S-1-5-18", "EventData.SessionName": "Microsoft.Windows.Remediation", "EventData.FileName": null, "EventData.ErrorCode": "3221225525", "EventData.LoggingMode": "268460034"}
{"EventID": "2", "Channel": "Microsoft-Windows-Kernel-EventTracing/Admin", "Provider_Name": "Microsoft-Windows-Kernel-EventTracing", "Computer": "DESKTOP-OFJ6N53", "TimeCreated": "2024-06-16 10:22:00.806101+00:00", "RecordID": "699", "Level": "2", "UserID": "S-1-5-18", "EventData.SessionName": "Microsoft.Windows.WindowsUpdate.RUXIMLog", "EventData.FileName": null, "EventData.ErrorCode": "3221225525", "EventData.LoggingMode": "268460034"}
{"EventID": "2", "Channel": "Microsoft-Windows-Kernel-EventTracing/Admin", "Provider_Name": "Microsoft-Windows-Kernel-EventTracing", "Computer": "DESKTOP-OFJ6N53", "TimeCreated": "2024-06-17 10:22:06.548508+00:00", "RecordID": "700", "Level": "2", "UserID": "S-1-5-18", "EventData.SessionName": "Microsoft.Windows.WindowsUpdate.RUXIMLog", "EventData.FileName": null, "EventData.ErrorCode": "3221225525", "EventData.LoggingMode": "268460034"}
{"EventID": "2", "Channel": "Microsoft-Windows-Kernel-EventTracing/Admin", "Provider_Name": "Microsoft-Windows-Kernel-EventTracing", "Computer": "DESKTOP-OFJ6N53", "TimeCreated": "2024-06-17 22:18:59.210590+00:00", "RecordID": "701", "Level": "2", "UserID": "S-1-5-18", "EventData.SessionName": "Microsoft.Windows.Remediation", "EventData.FileName": null, "EventData.ErrorCode": "3221225525", "EventData.LoggingMode": "268460034"}
{"EventID": "2", "Channel": "Microsoft-Windows-Kernel-EventTracing/Admin", "Provider_Name": "Microsoft-Windows-Kernel-EventTracing", "Computer": "DESKTOP-OFJ6N53", "TimeCreated": "2024-06-18 10:22:12.281889+00:00", "RecordID": "702", "Level": "2", "UserID": "S-1-5-18", "EventData.SessionName": "Microsoft.Windows.WindowsUpdate.RUXIMLog", "EventData.FileName": null, "EventData.ErrorCode": "3221225525", "EventData.LoggingMode": "268460034"}
{"EventID": "2", "Channel": "Microsoft-Windows-Kernel-EventTracing/Admin", "Provider_Name": "Microsoft-Windows-Kernel-EventTracing", "Computer": "DESKTOP-OFJ6N53", "TimeCreated": "2024-06-19 10:22:17.650011+00:00", "RecordID": "703", "Level": "2", "UserID": "S-1-5-18", "EventData.SessionName": "Microsoft.Windows.WindowsUpdate.RUXIMLog", "EventData.FileName": null, "EventData.ErrorCode": "3221225525", "EventData.LoggingMode": "268460034"}
{"EventID": "2", "Channel": "Microsoft-Windows-Kernel-EventTracing/Admin", "Provider_Name": "Microsoft-Windows-Kernel-EventTracing", "Computer": "DESKTOP-OFJ6N53", "TimeCreated": "2024-06-20 10:22:24.677956+00:00", "RecordID": "704", "Level": "2", "UserID": "S-1-5-18", "EventData.SessionName": "Microsoft.Windows.WindowsUpdate.RUXIMLog", "EventData.FileName": null, "EventData.ErrorCode": "3221225525", "EventData.LoggingMode": "268460034"}
{"EventID": "2", "Channel": "Microsoft-Windows-Kernel-EventTracing/Admin", "Provider_Name": "Microsoft-Windows-Kernel-EventTracing", "Computer": "DESKTOP-OFJ6N53", "TimeCreated": "2024-06-21 10:22:31.868212+00:00", "RecordID": "705", "Level": "2", "UserID": "S-1-5-18", "EventData.SessionName": "Microsoft.Windows.WindowsUpdate.RUXIMLog", "EventData.FileName": null, "EventData.ErrorCode": "3221225525", "EventData.LoggingMode": "268460034"}
{"EventID": "4", "Channel": "Microsoft-Windows-Kernel-EventTracing/Admin", "Provider_Name": "Microsoft-Windows-Kernel-EventTracing", "Computer": "DESKTOP-OFJ6N53", "TimeCreated": "2024-06-21 12:38:43.998735+00:00", "RecordID": "706", "Level": "3", "UserID": "S-1-5-18", "EventData.SessionName": "Diagtrack-Listener", "EventData.FileName": "C:\\Windows\\System32\\LogFiles\\WMI\\Diagtrack-Listener.etl.006", "EventData.ErrorCode": "3221225864", "EventData.LoggingMode": "142606353", "EventData.MaxFileSize": "33554432"}
{"EventID": "3", "Channel": "Microsoft-Windows-Kernel-EventTracing/Admin", "Provider_Name": "Microsoft-Windows-Kernel-EventTracing", "Computer": "DESKTOP-OFJ6N53", "TimeCreated": "2024-06-21 12:38:43.998739+00:00", "RecordID": "707", "Level": "2", "UserID": "S-1-5-18", "EventData.SessionName": "Diagtrack-Listener", "EventData.FileName": "C:\\Windows\\System32\\LogFiles\\WMI\\Diagtrack-Listener.etl.006", "EventData.ErrorCode": "3221225864", "EventData.LoggingMode": "142606353", "EventData.FailureReason": "0"}
{"EventID": "2", "Channel": "Microsoft-Windows-Kernel-EventTracing/Admin", "Provider_Name": "Microsoft-Windows-Kernel-EventTracing", "Computer": "DESKTOP-OFJ6N53", "TimeCreated": "2024-06-22 10:22:42.153011+00:00", "RecordID": "708", "Level": "2", "UserID": "S-1-5-18", "EventData.SessionName": "Microsoft.Windows.WindowsUpdate.RUXIMLog", "EventData.FileName": null, "EventData.ErrorCode": "3221225525", "EventData.LoggingMode": "268460034"}
{"EventID": "2", "Channel": "Microsoft-Windows-Kernel-EventTracing/Admin", "Provider_Name": "Microsoft-Windows-Kernel-EventTracing", "Computer": "DESKTOP-OFJ6N53", "TimeCreated": "2024-06-23 03:03:37.367155+00:00", "RecordID": "709", "Level": "2", "UserID": "S-1-5-18", "EventData.SessionName": "Microsoft.Windows.Remediation", "EventData.FileName": null, "EventData.ErrorCode": "3221225525", "EventData.LoggingMode": "268460034"}
{"EventID": "2", "Channel": "Microsoft-Windows-Kernel-EventTracing/Admin", "Provider_Name": "Microsoft-Windows-Kernel-EventTracing", "Computer": "DESKTOP-OFJ6N53", "TimeCreated": "2024-06-23 10:22:49.639650+00:00", "RecordID": "710", "Level": "2", "UserID": "S-1-5-18", "EventData.SessionName": "Microsoft.Windows.WindowsUpdate.RUXIMLog", "EventData.FileName": null, "EventData.ErrorCode": "3221225525", "EventData.LoggingMode": "268460034"}
{"EventID": "2", "Channel": "Microsoft-Windows-Kernel-EventTracing/Admin", "Provider_Name": "Microsoft-Windows-Kernel-EventTracing", "Computer": "DESKTOP-OFJ6N53", "TimeCreated": "2024-06-24 10:22:56.057241+00:00", "RecordID": "711", "Level": "2", "UserID": "S-1-5-18", "EventData.SessionName": "Microsoft.Windows.WindowsUpdate.RUXIMLog", "EventData.FileName": null, "EventData.ErrorCode": "3221225525", "EventData.LoggingMode": "268460034"}
{"EventID": "2", "Channel": "Microsoft-Windows-Kernel-EventTracing/Admin", "Provider_Name": "Microsoft-Windows-Kernel-EventTracing", "Computer": "DESKTOP-OFJ6N53", "TimeCreated": "2024-06-25 10:19:04.758482+00:00", "RecordID": "712", "Level": "2", "UserID": "S-1-5-18", "EventData.SessionName": "Microsoft.Windows.Remediation", "EventData.FileName": null, "EventData.ErrorCode": "3221225525", "EventData.LoggingMode": "268460034"}
{"EventID": "2", "Channel": "Microsoft-Windows-Kernel-EventTracing/Admin", "Provider_Name": "Microsoft-Windows-Kernel-EventTracing", "Computer": "DESKTOP-OFJ6N53", "TimeCreated": "2024-06-25 13:43:40.444624+00:00", "RecordID": "713", "Level": "2", "UserID": "S-1-5-18", "EventData.SessionName": "Microsoft.Windows.WindowsUpdate.RUXIMLog", "EventData.FileName": null, "EventData.ErrorCode": "3221225525", "EventData.LoggingMode": "268460034"}
{"EventID": "2", "Channel": "Microsoft-Windows-Kernel-EventTracing/Admin", "Provider_Name": "Microsoft-Windows-Kernel-EventTracing", "Computer": "DESKTOP-OFJ6N53", "TimeCreated": "2024-06-26 13:43:50.949856+00:00", "RecordID": "714", "Level": "2", "UserID": "S-1-5-18", "EventData.SessionName": "Microsoft.Windows.WindowsUpdate.RUXIMLog", "EventData.FileName": null, "EventData.ErrorCode": "3221225525", "EventData.LoggingMode": "268460034"}
{"EventID": "2", "Channel": "Microsoft-Windows-Kernel-EventTracing/Admin", "Provider_Name": "Microsoft-Windows-Kernel-EventTracing", "Computer": "DESKTOP-OFJ6N53", "TimeCreated": "2024-06-27 17:12:37.191397+00:00", "RecordID": "715", "Level": "2", "UserID": "S-1-5-18", "EventData.SessionName": "Microsoft.Windows.WindowsUpdate.RUXIMLog", "EventData.FileName": null, "EventData.ErrorCode": "3221225525", "EventData.LoggingMode": "268460034"}
{"EventID": "2", "Channel": "Microsoft-Windows-Kernel-EventTracing/Admin", "Provider_Name": "Microsoft-Windows-Kernel-EventTracing", "Computer": "DESKTOP-OFJ6N53", "TimeCreated": "2024-06-28 19:20:03.926374+00:00", "RecordID": "716", "Level": "2", "UserID": "S-1-5-18", "EventData.SessionName": "Microsoft.Windows.WindowsUpdate.RUXIMLog", "EventData.FileName": null, "EventData.ErrorCode": "3221225525", "EventData.LoggingMode": "268460034"}
{"EventID": "2", "Channel": "Microsoft-Windows-Kernel-EventTracing/Admin", "Provider_Name": "Microsoft-Windows-Kernel-EventTracing", "Computer": "DESKTOP-OFJ6N53", "TimeCreated": "2024-06-29 19:20:14.406380+00:00", "RecordID": "717", "Level": "2", "UserID": "S-1-5-18", "EventData.SessionName": "Microsoft.Windows.WindowsUpdate.RUXIMLog", "EventData.FileName": null, "EventData.ErrorCode": "3221225525", "EventData.LoggingMode": "268460034"}
{"EventID": "2", "Channel": "Microsoft-Windows-Kernel-EventTracing/Admin", "Provider_Name": "Microsoft-Windows-Kernel-EventTracing", "Computer": "DESKTOP-OFJ6N53", "TimeCreated": "2024-06-30 03:55:44.178583+00:00", "RecordID": "718", "Level": "2", "UserID": "S-1-5-18", "EventData.SessionName": "Microsoft.Windows.Remediation", "EventData.FileName": null, "EventData.ErrorCode": "3221225525", "EventData.LoggingMode": "268460034"}
{"EventID": "2", "Channel": "Microsoft-Windows-Kernel-EventTracing/Admin", "Provider_Name": "Microsoft-Windows-Kernel-EventTracing", "Computer": "DESKTOP-OFJ6N53", "TimeCreated": "2024-06-30 23:14:24.350695+00:00", "RecordID": "719", "Level": "2", "UserID": "S-1-5-18", "EventData.SessionName": "Microsoft.Windows.WindowsUpdate.RUXIMLog", "EventData.FileName": null, "EventData.ErrorCode": "3221225525", "EventData.LoggingMode": "268460034"}
{"EventID": "2", "Channel": "Microsoft-Windows-Kernel-EventTracing/Admin", "Provider_Name": "Microsoft-Windows-Kernel-EventTracing", "Computer": "DESKTOP-OFJ6N53", "TimeCreated": "2024-07-02 02:59:17.666224+00:00", "RecordID": "720", "Level": "2", "UserID": "S-1-5-18", "EventData.SessionName": "Microsoft.Windows.WindowsUpdate.RUXIMLog", "EventData.FileName": null, "EventData.ErrorCode": "3221225525", "EventData.LoggingMode": "268460034"}
{"EventID": "2", "Channel": "Microsoft-Windows-Kernel-EventTracing/Admin", "Provider_Name": "Microsoft-Windows-Kernel-EventTracing", "Computer": "DESKTOP-OFJ6N53", "TimeCreated": "2024-07-02 22:22:58.921507+00:00", "RecordID": "721", "Level": "2", "UserID": "S-1-5-18", "EventData.SessionName": "Microsoft.Windows.Remediation", "EventData.FileName": null, "EventData.ErrorCode": "3221225525", "EventData.LoggingMode": "268460034"}
{"EventID": "2", "Channel": "Microsoft-Windows-Kernel-EventTracing/Admin", "Provider_Name": "Microsoft-Windows-Kernel-EventTracing", "Computer": "DESKTOP-OFJ6N53", "TimeCreated": "2024-07-03 06:43:56.661835+00:00", "RecordID": "722", "Level": "2", "UserID": "S-1-5-18", "EventData.SessionName": "Microsoft.Windows.WindowsUpdate.RUXIMLog", "EventData.FileName": null, "EventData.ErrorCode": "3221225525", "EventData.LoggingMode": "268460034"}
{"EventID": "2", "Channel": "Microsoft-Windows-Kernel-EventTracing/Admin", "Provider_Name": "Microsoft-Windows-Kernel-EventTracing", "Computer": "DESKTOP-OFJ6N53", "TimeCreated": "2024-07-04 09:35:15.683683+00:00", "RecordID": "723", "Level": "2", "UserID": "S-1-5-18", "EventData.SessionName": "Microsoft.Windows.WindowsUpdate.RUXIMLog", "EventData.FileName": null, "EventData.ErrorCode": "3221225525", "EventData.LoggingMode": "268460034"}
{"EventID": "2", "Channel": "Microsoft-Windows-Kernel-EventTracing/Admin", "Provider_Name": "Microsoft-Windows-Kernel-EventTracing", "Computer": "DESKTOP-OFJ6N53", "TimeCreated": "2024-07-05 10:12:55.965864+00:00", "RecordID": "724", "Level": "2", "UserID": "S-1-5-18", "EventData.SessionName": "Microsoft.Windows.WindowsUpdate.RUXIMLog", "EventData.FileName": null, "EventData.ErrorCode": "3221225525", "EventData.LoggingMode": "268460034"}
{"EventID": "2", "Channel": "Microsoft-Windows-Kernel-EventTracing/Admin", "Provider_Name": "Microsoft-Windows-Kernel-EventTracing", "Computer": "DESKTOP-OFJ6N53", "TimeCreated": "2024-07-06 10:13:04.208649+00:00", "RecordID": "725", "Level": "2", "UserID": "S-1-5-18", "EventData.SessionName": "Microsoft.Windows.WindowsUpdate.RUXIMLog", "EventData.FileName": null, "EventData.ErrorCode": "3221225525", "EventData.LoggingMode": "268460034"}
{"EventID": "2", "Channel": "Microsoft-Windows-Kernel-EventTracing/Admin", "Provider_Name": "Microsoft-Windows-Kernel-EventTracing", "Computer": "DESKTOP-OFJ6N53", "TimeCreated": "2024-07-07 00:06:52.574492+00:00", "RecordID": "726", "Level": "2", "UserID": "S-1-5-18", "EventData.SessionName": "Microsoft.Windows.Remediation", "EventData.FileName": null, "EventData.ErrorCode": "3221225525", "EventData.LoggingMode": "268460034"}
{"EventID": "2", "Channel": "Microsoft-Windows-Kernel-EventTracing/Admin", "Provider_Name": "Microsoft-Windows-Kernel-EventTracing", "Computer": "DESKTOP-OFJ6N53", "TimeCreated": "2024-07-07 13:28:54.127344+00:00", "RecordID": "727", "Level": "2", "UserID": "S-1-5-18", "EventData.SessionName": "Microsoft.Windows.WindowsUpdate.RUXIMLog", "EventData.FileName": null, "EventData.ErrorCode": "3221225525", "EventData.LoggingMode": "268460034"}
{"EventID": "2", "Channel": "Microsoft-Windows-Kernel-EventTracing/Admin", "Provider_Name": "Microsoft-Windows-Kernel-EventTracing", "Computer": "DESKTOP-OFJ6N53", "TimeCreated": "2024-07-08 13:29:01.995506+00:00", "RecordID": "728", "Level": "2", "UserID": "S-1-5-18", "EventData.SessionName": "Microsoft.Windows.WindowsUpdate.RUXIMLog", "EventData.FileName": null, "EventData.ErrorCode": "3221225525", "EventData.LoggingMode": "268460034"}
{"EventID": "4", "Channel": "Microsoft-Windows-Kernel-EventTracing/Admin", "Provider_Name": "Microsoft-Windows-Kernel-EventTracing", "Computer": "DESKTOP-OFJ6N53", "TimeCreated": "2024-07-08 13:32:45.979099+00:00", "RecordID": "729", "Level": "3", "UserID": "S-1-5-18", "EventData.SessionName": "Diagtrack-Listener", "EventData.FileName": "C:\\Windows\\System32\\LogFiles\\WMI\\Diagtrack-Listener.etl.007", "EventData.ErrorCode": "3221225864", "EventData.LoggingMode": "142606353", "EventData.MaxFileSize": "33554432"}
{"EventID": "3", "Channel": "Microsoft-Windows-Kernel-EventTracing/Admin", "Provider_Name": "Microsoft-Windows-Kernel-EventTracing", "Computer": "DESKTOP-OFJ6N53", "TimeCreated": "2024-07-08 13:32:45.979107+00:00", "RecordID": "730", "Level": "2", "UserID": "S-1-5-18", "EventData.SessionName": "Diagtrack-Listener", "EventData.FileName": "C:\\Windows\\System32\\LogFiles\\WMI\\Diagtrack-Listener.etl.007", "EventData.ErrorCode": "3221225864", "EventData.LoggingMode": "142606353", "EventData.FailureReason": "0"}
{"EventID": "2", "Channel": "Microsoft-Windows-Kernel-EventTracing/Admin", "Provider_Name": "Microsoft-Windows-Kernel-EventTracing", "Computer": "DESKTOP-OFJ6N53", "TimeCreated": "2024-07-09 13:29:09.161619+00:00", "RecordID": "731", "Level": "2", "UserID": "S-1-5-18", "EventData.SessionName": "Microsoft.Windows.WindowsUpdate.RUXIMLog", "EventData.FileName": null, "EventData.ErrorCode": "3221225525", "EventData.LoggingMode": "268460034"}
{"EventID": "2", "Channel": "Microsoft-Windows-Kernel-EventTracing/Admin", "Provider_Name": "Microsoft-Windows-Kernel-EventTracing", "Computer": "DESKTOP-OFJ6N53", "TimeCreated": "2024-07-10 07:22:06.870302+00:00", "RecordID": "732", "Level": "2", "UserID": "S-1-5-18", "EventData.SessionName": "Microsoft.Windows.Remediation", "EventData.FileName": null, "EventData.ErrorCode": "3221225525", "EventData.LoggingMode": "268460034"}
{"EventID": "2", "Channel": "Microsoft-Windows-Kernel-EventTracing/Admin", "Provider_Name": "Microsoft-Windows-Kernel-EventTracing", "Computer": "DESKTOP-OFJ6N53", "TimeCreated": "2024-07-10 13:29:17.045156+00:00", "RecordID": "733", "Level": "2", "UserID": "S-1-5-18", "EventData.SessionName": "Microsoft.Windows.WindowsUpdate.RUXIMLog", "EventData.FileName": null, "EventData.ErrorCode": "3221225525", "EventData.LoggingMode": "268460034"}
{"EventID": "4", "Channel": "Microsoft-Windows-Kernel-EventTracing/Admin", "Provider_Name": "Microsoft-Windows-Kernel-EventTracing", "Computer": "DESKTOP-OFJ6N53", "TimeCreated": "2024-07-11 10:56:15.665642+00:00", "RecordID": "734", "Level": "3", "UserID": "S-1-5-18", "EventData.SessionName": "Diagtrack-Listener", "EventData.FileName": "C:\\Windows\\System32\\LogFiles\\WMI\\Diagtrack-Listener.etl.001", "EventData.ErrorCode": "3221225864", "EventData.LoggingMode": "142606353", "EventData.MaxFileSize": "33554432"}
{"EventID": "3", "Channel": "Microsoft-Windows-Kernel-EventTracing/Admin", "Provider_Name": "Microsoft-Windows-Kernel-EventTracing", "Computer": "DESKTOP-OFJ6N53", "TimeCreated": "2024-07-11 10:56:15.665646+00:00", "RecordID": "735", "Level": "2", "UserID": "S-1-5-18", "EventData.SessionName": "Diagtrack-Listener", "EventData.FileName": "C:\\Windows\\System32\\LogFiles\\WMI\\Diagtrack-Listener.etl.001", "EventData.ErrorCode": "3221225864", "EventData.LoggingMode": "142606353", "EventData.FailureReason": "0"}
{"EventID": "2", "Channel": "Microsoft-Windows-Kernel-EventTracing/Admin", "Provider_Name": "Microsoft-Windows-Kernel-EventTracing", "Computer": "DESKTOP-OFJ6N53", "TimeCreated": "2024-07-11 14:32:14.174812+00:00", "RecordID": "736", "Level": "2", "UserID": "S-1-5-18", "EventData.SessionName": "Microsoft.Windows.WindowsUpdate.RUXIMLog", "EventData.FileName": null, "EventData.ErrorCode": "3221225525", "EventData.LoggingMode": "268460034"}
{"EventID": "2", "Channel": "Microsoft-Windows-Kernel-EventTracing/Admin", "Provider_Name": "Microsoft-Windows-Kernel-EventTracing", "Computer": "DESKTOP-OFJ6N53", "TimeCreated": "2024-07-12 14:32:23.519886+00:00", "RecordID": "737", "Level": "2", "UserID": "S-1-5-18", "EventData.SessionName": "Microsoft.Windows.WindowsUpdate.RUXIMLog", "EventData.FileName": null, "EventData.ErrorCode": "3221225525", "EventData.LoggingMode": "268460034"}
{"EventID": "2", "Channel": "Microsoft-Windows-Kernel-EventTracing/Admin", "Provider_Name": "Microsoft-Windows-Kernel-EventTracing", "Computer": "DESKTOP-OFJ6N53", "TimeCreated": "2024-07-13 14:32:30.965014+00:00", "RecordID": "738", "Level": "2", "UserID": "S-1-5-18", "EventData.SessionName": "Microsoft.Windows.WindowsUpdate.RUXIMLog", "EventData.FileName": null, "EventData.ErrorCode": "3221225525", "EventData.LoggingMode": "268460034"}
{"EventID": "2", "Channel": "Microsoft-Windows-Kernel-EventTracing/Admin", "Provider_Name": "Microsoft-Windows-Kernel-EventTracing", "Computer": "DESKTOP-OFJ6N53", "TimeCreated": "2024-07-14 03:32:29.275633+00:00", "RecordID": "739", "Level": "2", "UserID": "S-1-5-18", "EventData.SessionName": "Microsoft.Windows.Remediation", "EventData.FileName": null, "EventData.ErrorCode": "3221225525", "EventData.LoggingMode": "268460034"}
{"EventID": "2", "Channel": "Microsoft-Windows-Kernel-EventTracing/Admin", "Provider_Name": "Microsoft-Windows-Kernel-EventTracing", "Computer": "DESKTOP-OFJ6N53", "TimeCreated": "2024-07-14 14:32:39.090002+00:00", "RecordID": "740", "Level": "2", "UserID": "S-1-5-18", "EventData.SessionName": "Microsoft.Windows.WindowsUpdate.RUXIMLog", "EventData.FileName": null, "EventData.ErrorCode": "3221225525", "EventData.LoggingMode": "268460034"}
{"EventID": "2", "Channel": "Microsoft-Windows-Kernel-EventTracing/Admin", "Provider_Name": "Microsoft-Windows-Kernel-EventTracing", "Computer": "DESKTOP-OFJ6N53", "TimeCreated": "2024-07-15 02:33:53.031345+00:00", "RecordID": "741", "Level": "2", "UserID": "S-1-5-18", "EventData.SessionName": "Microsoft.Windows.Remediation", "EventData.FileName": null, "EventData.ErrorCode": "3221225525", "EventData.LoggingMode": "268460034"}
{"EventID": "2", "Channel": "Microsoft-Windows-Kernel-EventTracing/Admin", "Provider_Name": "Microsoft-Windows-Kernel-EventTracing", "Computer": "DESKTOP-OFJ6N53", "TimeCreated": "2024-07-15 17:28:04.318186+00:00", "RecordID": "742", "Level": "2", "UserID": "S-1-5-18", "EventData.SessionName": "Microsoft.Windows.WindowsUpdate.RUXIMLog", "EventData.FileName": null, "EventData.ErrorCode": "3221225525", "EventData.LoggingMode": "268460034"}
{"EventID": "2", "Channel": "Microsoft-Windows-Kernel-EventTracing/Admin", "Provider_Name": "Microsoft-Windows-Kernel-EventTracing", "Computer": "DESKTOP-OFJ6N53", "TimeCreated": "2024-07-16 17:28:11.156801+00:00", "RecordID": "743", "Level": "2", "UserID": "S-1-5-18", "EventData.SessionName": "Microsoft.Windows.WindowsUpdate.RUXIMLog", "EventData.FileName": null, "EventData.ErrorCode": "3221225525", "EventData.LoggingMode": "268460034"}
{"EventID": "2", "Channel": "Microsoft-Windows-Kernel-EventTracing/Admin", "Provider_Name": "Microsoft-Windows-Kernel-EventTracing", "Computer": "DESKTOP-OFJ6N53", "TimeCreated": "2024-07-17 17:28:37.932625+00:00", "RecordID": "744", "Level": "2", "UserID": "S-1-5-18", "EventData.SessionName": "Microsoft.Windows.WindowsUpdate.RUXIMLog", "EventData.FileName": null, "EventData.ErrorCode": "3221225525", "EventData.LoggingMode": "268460034"}
{"EventID": "2", "Channel": "Microsoft-Windows-Kernel-EventTracing/Admin", "Provider_Name": "Microsoft-Windows-Kernel-EventTracing", "Computer": "DESKTOP-OFJ6N53", "TimeCreated": "2024-07-18 17:28:44.984760+00:00", "RecordID": "745", "Level": "2", "UserID": "S-1-5-18", "EventData.SessionName": "Microsoft.Windows.WindowsUpdate.RUXIMLog", "EventData.FileName": null, "EventData.ErrorCode": "3221225525", "EventData.LoggingMode": "268460034"}
{"EventID": "2", "Channel": "Microsoft-Windows-Kernel-EventTracing/Admin", "Provider_Name": "Microsoft-Windows-Kernel-EventTracing", "Computer": "DESKTOP-OFJ6N53", "TimeCreated": "2024-07-19 17:28:52.491840+00:00", "RecordID": "746", "Level": "2", "UserID": "S-1-5-18", "EventData.SessionName": "Microsoft.Windows.WindowsUpdate.RUXIMLog", "EventData.FileName": null, "EventData.ErrorCode": "3221225525", "EventData.LoggingMode": "268460034"}
{"EventID": "2", "Channel": "Microsoft-Windows-Kernel-EventTracing/Admin", "Provider_Name": "Microsoft-Windows-Kernel-EventTracing", "Computer": "DESKTOP-OFJ6N53", "TimeCreated": "2024-07-20 17:28:59.009949+00:00", "RecordID": "747", "Level": "2", "UserID": "S-1-5-18", "EventData.SessionName": "Microsoft.Windows.WindowsUpdate.RUXIMLog", "EventData.FileName": null, "EventData.ErrorCode": "3221225525", "EventData.LoggingMode": "268460034"}
{"EventID": "2", "Channel": "Microsoft-Windows-Kernel-EventTracing/Admin", "Provider_Name": "Microsoft-Windows-Kernel-EventTracing", "Computer": "DESKTOP-OFJ6N53", "TimeCreated": "2024-07-21 00:28:08.976637+00:00", "RecordID": "748", "Level": "2", "UserID": "S-1-5-18", "EventData.SessionName": "Microsoft.Windows.Remediation", "EventData.FileName": null, "EventData.ErrorCode": "3221225525", "EventData.LoggingMode": "268460034"}
{"EventID": "2", "Channel": "Microsoft-Windows-Kernel-EventTracing/Admin", "Provider_Name": "Microsoft-Windows-Kernel-EventTracing", "Computer": "DESKTOP-OFJ6N53", "TimeCreated": "2024-07-21 17:29:06.402754+00:00", "RecordID": "749", "Level": "2", "UserID": "S-1-5-18", "EventData.SessionName": "Microsoft.Windows.WindowsUpdate.RUXIMLog", "EventData.FileName": null, "EventData.ErrorCode": "3221225525", "EventData.LoggingMode": "268460034"}
{"EventID": "2", "Channel": "Microsoft-Windows-Kernel-EventTracing/Admin", "Provider_Name": "Microsoft-Windows-Kernel-EventTracing", "Computer": "DESKTOP-OFJ6N53", "TimeCreated": "2024-07-22 07:26:54.117470+00:00", "RecordID": "750", "Level": "2", "UserID": "S-1-5-18", "EventData.SessionName": "Microsoft.Windows.Remediation", "EventData.FileName": null, "EventData.ErrorCode": "3221225525", "EventData.LoggingMode": "268460034"}
{"EventID": "2", "Channel": "Microsoft-Windows-Kernel-EventTracing/Admin", "Provider_Name": "Microsoft-Windows-Kernel-EventTracing", "Computer": "DESKTOP-OFJ6N53", "TimeCreated": "2024-07-22 19:27:29.142637+00:00", "RecordID": "751", "Level": "2", "UserID": "S-1-5-18", "EventData.SessionName": "Microsoft.Windows.WindowsUpdate.RUXIMLog", "EventData.FileName": null, "EventData.ErrorCode": "3221225525", "EventData.LoggingMode": "268460034"}
{"EventID": "4", "Channel": "Microsoft-Windows-Kernel-EventTracing/Admin", "Provider_Name": "Microsoft-Windows-Kernel-EventTracing", "Computer": "DESKTOP-OFJ6N53", "TimeCreated": "2024-07-23 18:20:40.801128+00:00", "RecordID": "752", "Level": "3", "UserID": "S-1-5-18", "EventData.SessionName": "Diagtrack-Listener", "EventData.FileName": "C:\\Windows\\System32\\LogFiles\\WMI\\Diagtrack-Listener.etl.002", "EventData.ErrorCode": "3221225864", "EventData.LoggingMode": "142606353", "EventData.MaxFileSize": "33554432"}
{"EventID": "3", "Channel": "Microsoft-Windows-Kernel-EventTracing/Admin", "Provider_Name": "Microsoft-Windows-Kernel-EventTracing", "Computer": "DESKTOP-OFJ6N53", "TimeCreated": "2024-07-23 18:20:40.801132+00:00", "RecordID": "753", "Level": "2", "UserID": "S-1-5-18", "EventData.SessionName": "Diagtrack-Listener", "EventData.FileName": "C:\\Windows\\System32\\LogFiles\\WMI\\Diagtrack-Listener.etl.002", "EventData.ErrorCode": "3221225864", "EventData.LoggingMode": "142606353", "EventData.FailureReason": "0"}
{"EventID": "2", "Channel": "Microsoft-Windows-Kernel-EventTracing/Admin", "Provider_Name": "Microsoft-Windows-Kernel-EventTracing", "Computer": "DESKTOP-OFJ6N53", "TimeCreated": "2024-07-23 19:27:39.327707+00:00", "RecordID": "754", "Level": "2", "UserID": "S-1-5-18", "EventData.SessionName": "Microsoft.Windows.WindowsUpdate.RUXIMLog", "EventData.FileName": null, "EventData.ErrorCode": "3221225525", "EventData.LoggingMode": "268460034"}
{"EventID": "2", "Channel": "Microsoft-Windows-Kernel-EventTracing/Admin", "Provider_Name": "Microsoft-Windows-Kernel-EventTracing", "Computer": "DESKTOP-OFJ6N53", "TimeCreated": "2024-07-24 19:27:47.034521+00:00", "RecordID": "755", "Level": "2", "UserID": "S-1-5-18", "EventData.SessionName": "Microsoft.Windows.WindowsUpdate.RUXIMLog", "EventData.FileName": null, "EventData.ErrorCode": "3221225525", "EventData.LoggingMode": "268460034"}
{"EventID": "2", "Channel": "Microsoft-Windows-Kernel-EventTracing/Admin", "Provider_Name": "Microsoft-Windows-Kernel-EventTracing", "Computer": "DESKTOP-OFJ6N53", "TimeCreated": "2024-07-25 19:28:13.481062+00:00", "RecordID": "756", "Level": "2", "UserID": "S-1-5-18", "EventData.SessionName": "Microsoft.Windows.WindowsUpdate.RUXIMLog", "EventData.FileName": null, "EventData.ErrorCode": "3221225525", "EventData.LoggingMode": "268460034"}
{"EventID": "2", "Channel": "Microsoft-Windows-Kernel-EventTracing/Admin", "Provider_Name": "Microsoft-Windows-Kernel-EventTracing", "Computer": "DESKTOP-OFJ6N53", "TimeCreated": "2024-07-26 23:02:23.101051+00:00", "RecordID": "757", "Level": "2", "UserID": "S-1-5-18", "EventData.SessionName": "Microsoft.Windows.WindowsUpdate.RUXIMLog", "EventData.FileName": null, "EventData.ErrorCode": "3221225525", "EventData.LoggingMode": "268460034"}
{"EventID": "2", "Channel": "Microsoft-Windows-Kernel-EventTracing/Admin", "Provider_Name": "Microsoft-Windows-Kernel-EventTracing", "Computer": "DESKTOP-OFJ6N53", "TimeCreated": "2024-07-27 23:02:29.762705+00:00", "RecordID": "758", "Level": "2", "UserID": "S-1-5-18", "EventData.SessionName": "Microsoft.Windows.WindowsUpdate.RUXIMLog", "EventData.FileName": null, "EventData.ErrorCode": "3221225525", "EventData.LoggingMode": "268460034"}
{"EventID": "2", "Channel": "Microsoft-Windows-Kernel-EventTracing/Admin", "Provider_Name": "Microsoft-Windows-Kernel-EventTracing", "Computer": "DESKTOP-OFJ6N53", "TimeCreated": "2024-07-28 03:00:57.341902+00:00", "RecordID": "759", "Level": "2", "UserID": "S-1-5-18", "EventData.SessionName": "Microsoft.Windows.Remediation", "EventData.FileName": null, "EventData.ErrorCode": "3221225525", "EventData.LoggingMode": "268460034"}
{"EventID": "2", "Channel": "Microsoft-Windows-Kernel-EventTracing/Admin", "Provider_Name": "Microsoft-Windows-Kernel-EventTracing", "Computer": "DESKTOP-OFJ6N53", "TimeCreated": "2024-07-28 23:02:36.347570+00:00", "RecordID": "760", "Level": "2", "UserID": "S-1-5-18", "EventData.SessionName": "Microsoft.Windows.WindowsUpdate.RUXIMLog", "EventData.FileName": null, "EventData.ErrorCode": "3221225525", "EventData.LoggingMode": "268460034"}
{"EventID": "2", "Channel": "Microsoft-Windows-Kernel-EventTracing/Admin", "Provider_Name": "Microsoft-Windows-Kernel-EventTracing", "Computer": "DESKTOP-OFJ6N53", "TimeCreated": "2024-07-29 19:26:44.067549+00:00", "RecordID": "761", "Level": "2", "UserID": "S-1-5-18", "EventData.SessionName": "Microsoft.Windows.Remediation", "EventData.FileName": null, "EventData.ErrorCode": "3221225525", "EventData.LoggingMode": "268460034"}
{"EventID": "2", "Channel": "Microsoft-Windows-Kernel-EventTracing/Admin", "Provider_Name": "Microsoft-Windows-Kernel-EventTracing", "Computer": "DESKTOP-OFJ6N53", "TimeCreated": "2024-07-30 01:44:33.949739+00:00", "RecordID": "762", "Level": "2", "UserID": "S-1-5-18", "EventData.SessionName": "Microsoft.Windows.WindowsUpdate.RUXIMLog", "EventData.FileName": null, "EventData.ErrorCode": "3221225525", "EventData.LoggingMode": "268460034"}
{"EventID": "2", "Channel": "Microsoft-Windows-Kernel-EventTracing/Admin", "Provider_Name": "Microsoft-Windows-Kernel-EventTracing", "Computer": "DESKTOP-OFJ6N53", "TimeCreated": "2024-07-31 01:44:46.192228+00:00", "RecordID": "763", "Level": "2", "UserID": "S-1-5-18", "EventData.SessionName": "Microsoft.Windows.WindowsUpdate.RUXIMLog", "EventData.FileName": null, "EventData.ErrorCode": "3221225525", "EventData.LoggingMode": "268460034"}
{"EventID": "2", "Channel": "Microsoft-Windows-Kernel-EventTracing/Admin", "Provider_Name": "Microsoft-Windows-Kernel-EventTracing", "Computer": "DESKTOP-OFJ6N53", "TimeCreated": "2024-08-01 05:20:45.270857+00:00", "RecordID": "764", "Level": "2", "UserID": "S-1-5-18", "EventData.SessionName": "Microsoft.Windows.WindowsUpdate.RUXIMLog", "EventData.FileName": null, "EventData.ErrorCode": "3221225525", "EventData.LoggingMode": "268460034"}
{"EventID": "2", "Channel": "Microsoft-Windows-Kernel-EventTracing/Admin", "Provider_Name": "Microsoft-Windows-Kernel-EventTracing", "Computer": "DESKTOP-OFJ6N53", "TimeCreated": "2024-08-02 05:20:53.207802+00:00", "RecordID": "765", "Level": "2", "UserID": "S-1-5-18", "EventData.SessionName": "Microsoft.Windows.WindowsUpdate.RUXIMLog", "EventData.FileName": null, "EventData.ErrorCode": "3221225525", "EventData.LoggingMode": "268460034"}
{"EventID": "2", "Channel": "Microsoft-Windows-Kernel-EventTracing/Admin", "Provider_Name": "Microsoft-Windows-Kernel-EventTracing", "Computer": "DESKTOP-OFJ6N53", "TimeCreated": "2024-08-03 05:21:00.353582+00:00", "RecordID": "766", "Level": "2", "UserID": "S-1-5-18", "EventData.SessionName": "Microsoft.Windows.WindowsUpdate.RUXIMLog", "EventData.FileName": null, "EventData.ErrorCode": "3221225525", "EventData.LoggingMode": "268460034"}
{"EventID": "2", "Channel": "Microsoft-Windows-Kernel-EventTracing/Admin", "Provider_Name": "Microsoft-Windows-Kernel-EventTracing", "Computer": "DESKTOP-OFJ6N53", "TimeCreated": "2024-08-04 00:33:11.426651+00:00", "RecordID": "767", "Level": "2", "UserID": "S-1-5-18", "EventData.SessionName": "Microsoft.Windows.Remediation", "EventData.FileName": null, "EventData.ErrorCode": "3221225525", "EventData.LoggingMode": "268460034"}
{"EventID": "2", "Channel": "Microsoft-Windows-Kernel-EventTracing/Admin", "Provider_Name": "Microsoft-Windows-Kernel-EventTracing", "Computer": "DESKTOP-OFJ6N53", "TimeCreated": "2024-08-04 05:21:10.398088+00:00", "RecordID": "768", "Level": "2", "UserID": "S-1-5-18", "EventData.SessionName": "Microsoft.Windows.WindowsUpdate.RUXIMLog", "EventData.FileName": null, "EventData.ErrorCode": "3221225525", "EventData.LoggingMode": "268460034"}
{"EventID": "2", "Channel": "Microsoft-Windows-Kernel-EventTracing/Admin", "Provider_Name": "Microsoft-Windows-Kernel-EventTracing", "Computer": "DESKTOP-OFJ6N53", "TimeCreated": "2024-08-05 05:21:18.126282+00:00", "RecordID": "769", "Level": "2", "UserID": "S-1-5-18", "EventData.SessionName": "Microsoft.Windows.WindowsUpdate.RUXIMLog", "EventData.FileName": null, "EventData.ErrorCode": "3221225525", "EventData.LoggingMode": "268460034"}
{"EventID": "2", "Channel": "Microsoft-Windows-Kernel-EventTracing/Admin", "Provider_Name": "Microsoft-Windows-Kernel-EventTracing", "Computer": "DESKTOP-OFJ6N53", "TimeCreated": "2024-08-06 05:21:25.747314+00:00", "RecordID": "770", "Level": "2", "UserID": "S-1-5-18", "EventData.SessionName": "Microsoft.Windows.WindowsUpdate.RUXIMLog", "EventData.FileName": null, "EventData.ErrorCode": "3221225525", "EventData.LoggingMode": "268460034"}
{"EventID": "2", "Channel": "Microsoft-Windows-Kernel-EventTracing/Admin", "Provider_Name": "Microsoft-Windows-Kernel-EventTracing", "Computer": "DESKTOP-OFJ6N53", "TimeCreated": "2024-08-06 07:26:44.645350+00:00", "RecordID": "771", "Level": "2", "UserID": "S-1-5-18", "EventData.SessionName": "Microsoft.Windows.Remediation", "EventData.FileName": null, "EventData.ErrorCode": "3221225525", "EventData.LoggingMode": "268460034"}
{"EventID": "2", "Channel": "Microsoft-Windows-Kernel-EventTracing/Admin", "Provider_Name": "Microsoft-Windows-Kernel-EventTracing", "Computer": "DESKTOP-OFJ6N53", "TimeCreated": "2024-08-07 05:21:34.517689+00:00", "RecordID": "772", "Level": "2", "UserID": "S-1-5-18", "EventData.SessionName": "Microsoft.Windows.WindowsUpdate.RUXIMLog", "EventData.FileName": null, "EventData.ErrorCode": "3221225525", "EventData.LoggingMode": "268460034"}
{"EventID": "2", "Channel": "Microsoft-Windows-Kernel-EventTracing/Admin", "Provider_Name": "Microsoft-Windows-Kernel-EventTracing", "Computer": "DESKTOP-OFJ6N53", "TimeCreated": "2024-08-08 05:21:42.778875+00:00", "RecordID": "773", "Level": "2", "UserID": "S-1-5-18", "EventData.SessionName": "Microsoft.Windows.WindowsUpdate.RUXIMLog", "EventData.FileName": null, "EventData.ErrorCode": "3221225525", "EventData.LoggingMode": "268460034"}
{"EventID": "2", "Channel": "Microsoft-Windows-Kernel-EventTracing/Admin", "Provider_Name": "Microsoft-Windows-Kernel-EventTracing", "Computer": "DESKTOP-OFJ6N53", "TimeCreated": "2024-08-09 05:21:50.336147+00:00", "RecordID": "774", "Level": "2", "UserID": "S-1-5-18", "EventData.SessionName": "Microsoft.Windows.WindowsUpdate.RUXIMLog", "EventData.FileName": null, "EventData.ErrorCode": "3221225525", "EventData.LoggingMode": "268460034"}
{"EventID": "2", "Channel": "Microsoft-Windows-Kernel-EventTracing/Admin", "Provider_Name": "Microsoft-Windows-Kernel-EventTracing", "Computer": "DESKTOP-OFJ6N53", "TimeCreated": "2024-08-10 05:21:57.867107+00:00", "RecordID": "775", "Level": "2", "UserID": "S-1-5-18", "EventData.SessionName": "Microsoft.Windows.WindowsUpdate.RUXIMLog", "EventData.FileName": null, "EventData.ErrorCode": "3221225525", "EventData.LoggingMode": "268460034"}
{"EventID": "2", "Channel": "Microsoft-Windows-Kernel-EventTracing/Admin", "Provider_Name": "Microsoft-Windows-Kernel-EventTracing", "Computer": "DESKTOP-OFJ6N53", "TimeCreated": "2024-08-11 03:43:09.093319+00:00", "RecordID": "776", "Level": "2", "UserID": "S-1-5-18", "EventData.SessionName": "Microsoft.Windows.Remediation", "EventData.FileName": null, "EventData.ErrorCode": "3221225525", "EventData.LoggingMode": "268460034"}
{"EventID": "2", "Channel": "Microsoft-Windows-Kernel-EventTracing/Admin", "Provider_Name": "Microsoft-Windows-Kernel-EventTracing", "Computer": "DESKTOP-OFJ6N53", "TimeCreated": "2024-08-11 05:22:07.055586+00:00", "RecordID": "777", "Level": "2", "UserID": "S-1-5-18", "EventData.SessionName": "Microsoft.Windows.WindowsUpdate.RUXIMLog", "EventData.FileName": null, "EventData.ErrorCode": "3221225525", "EventData.LoggingMode": "268460034"}
{"EventID": "2", "Channel": "Microsoft-Windows-Kernel-EventTracing/Admin", "Provider_Name": "Microsoft-Windows-Kernel-EventTracing", "Computer": "DESKTOP-OFJ6N53", "TimeCreated": "2024-08-12 05:22:15.494011+00:00", "RecordID": "778", "Level": "2", "UserID": "S-1-5-18", "EventData.SessionName": "Microsoft.Windows.WindowsUpdate.RUXIMLog", "EventData.FileName": null, "EventData.ErrorCode": "3221225525", "EventData.LoggingMode": "268460034"}
{"EventID": "2", "Channel": "Microsoft-Windows-Kernel-EventTracing/Admin", "Provider_Name": "Microsoft-Windows-Kernel-EventTracing", "Computer": "DESKTOP-OFJ6N53", "TimeCreated": "2024-08-13 05:22:22.863491+00:00", "RecordID": "779", "Level": "2", "UserID": "S-1-5-18", "EventData.SessionName": "Microsoft.Windows.WindowsUpdate.RUXIMLog", "EventData.FileName": null, "EventData.ErrorCode": "3221225525", "EventData.LoggingMode": "268460034"}
{"EventID": "2", "Channel": "Microsoft-Windows-Kernel-EventTracing/Admin", "Provider_Name": "Microsoft-Windows-Kernel-EventTracing", "Computer": "DESKTOP-OFJ6N53", "TimeCreated": "2024-08-13 19:26:43.682037+00:00", "RecordID": "780", "Level": "2", "UserID": "S-1-5-18", "EventData.SessionName": "Microsoft.Windows.Remediation", "EventData.FileName": null, "EventData.ErrorCode": "3221225525", "EventData.LoggingMode": "268460034"}
{"EventID": "2", "Channel": "Microsoft-Windows-Kernel-EventTracing/Admin", "Provider_Name": "Microsoft-Windows-Kernel-EventTracing", "Computer": "DESKTOP-OFJ6N53", "TimeCreated": "2024-08-14 06:41:43.031673+00:00", "RecordID": "781", "Level": "2", "UserID": "S-1-5-18", "EventData.SessionName": "Microsoft.Windows.WindowsUpdate.RUXIMLog", "EventData.FileName": null, "EventData.ErrorCode": "3221225525", "EventData.LoggingMode": "268460034"}
{"EventID": "2", "Channel": "Microsoft-Windows-Kernel-EventTracing/Admin", "Provider_Name": "Microsoft-Windows-Kernel-EventTracing", "Computer": "DESKTOP-OFJ6N53", "TimeCreated": "2024-08-15 09:44:03.346018+00:00", "RecordID": "782", "Level": "2", "UserID": "S-1-5-18", "EventData.SessionName": "Microsoft.Windows.WindowsUpdate.RUXIMLog", "EventData.FileName": null, "EventData.ErrorCode": "3221225525", "EventData.LoggingMode": "268460034"}
{"EventID": "2", "Channel": "Microsoft-Windows-Kernel-EventTracing/Admin", "Provider_Name": "Microsoft-Windows-Kernel-EventTracing", "Computer": "DESKTOP-OFJ6N53", "TimeCreated": "2024-08-16 09:44:10.433207+00:00", "RecordID": "783", "Level": "2", "UserID": "S-1-5-18", "EventData.SessionName": "Microsoft.Windows.WindowsUpdate.RUXIMLog", "EventData.FileName": null, "EventData.ErrorCode": "3221225525", "EventData.LoggingMode": "268460034"}
{"EventID": "2", "Channel": "Microsoft-Windows-Kernel-EventTracing/Admin", "Provider_Name": "Microsoft-Windows-Kernel-EventTracing", "Computer": "DESKTOP-OFJ6N53", "TimeCreated": "2024-08-17 09:44:18.291426+00:00", "RecordID": "784", "Level": "2", "UserID": "S-1-5-18", "EventData.SessionName": "Microsoft.Windows.WindowsUpdate.RUXIMLog", "EventData.FileName": null, "EventData.ErrorCode": "3221225525", "EventData.LoggingMode": "268460034"}
{"EventID": "2", "Channel": "Microsoft-Windows-Kernel-EventTracing/Admin", "Provider_Name": "Microsoft-Windows-Kernel-EventTracing", "Computer": "DESKTOP-OFJ6N53", "TimeCreated": "2024-08-18 02:41:03.466148+00:00", "RecordID": "785", "Level": "2", "UserID": "S-1-5-18", "EventData.SessionName": "Microsoft.Windows.Remediation", "EventData.FileName": null, "EventData.ErrorCode": "3221225525", "EventData.LoggingMode": "268460034"}
{"EventID": "2", "Channel": "Microsoft-Windows-Kernel-EventTracing/Admin", "Provider_Name": "Microsoft-Windows-Kernel-EventTracing", "Computer": "DESKTOP-OFJ6N53", "TimeCreated": "2024-08-18 09:44:24.753717+00:00", "RecordID": "786", "Level": "2", "UserID": "S-1-5-18", "EventData.SessionName": "Microsoft.Windows.WindowsUpdate.RUXIMLog", "EventData.FileName": null, "EventData.ErrorCode": "3221225525", "EventData.LoggingMode": "268460034"}
{"EventID": "2", "Channel": "Microsoft-Windows-Kernel-EventTracing/Admin", "Provider_Name": "Microsoft-Windows-Kernel-EventTracing", "Computer": "DESKTOP-OFJ6N53", "TimeCreated": "2024-08-19 06:10:20.512730+00:00", "RecordID": "787", "Level": "2", "UserID": "S-1-5-18", "EventData.SessionName": "Microsoft.Windows.Remediation", "EventData.FileName": null, "EventData.ErrorCode": "3221225525", "EventData.LoggingMode": "268460034"}
{"EventID": "2", "Channel": "Microsoft-Windows-Kernel-EventTracing/Admin", "Provider_Name": "Microsoft-Windows-Kernel-EventTracing", "Computer": "DESKTOP-OFJ6N53", "TimeCreated": "2024-08-19 09:44:33.021187+00:00", "RecordID": "788", "Level": "2", "UserID": "S-1-5-18", "EventData.SessionName": "Microsoft.Windows.WindowsUpdate.RUXIMLog", "EventData.FileName": null, "EventData.ErrorCode": "3221225525", "EventData.LoggingMode": "268460034"}
{"EventID": "2", "Channel": "Microsoft-Windows-Kernel-EventTracing/Admin", "Provider_Name": "Microsoft-Windows-Kernel-EventTracing", "Computer": "DESKTOP-OFJ6N53", "TimeCreated": "2024-08-20 09:44:40.321325+00:00", "RecordID": "789", "Level": "2", "UserID": "S-1-5-18", "EventData.SessionName": "Microsoft.Windows.WindowsUpdate.RUXIMLog", "EventData.FileName": null, "EventData.ErrorCode": "3221225525", "EventData.LoggingMode": "268460034"}
{"EventID": "2", "Channel": "Microsoft-Windows-Kernel-EventTracing/Admin", "Provider_Name": "Microsoft-Windows-Kernel-EventTracing", "Computer": "DESKTOP-OFJ6N53", "TimeCreated": "2024-08-21 09:44:47.727167+00:00", "RecordID": "790", "Level": "2", "UserID": "S-1-5-18", "EventData.SessionName": "Microsoft.Windows.WindowsUpdate.RUXIMLog", "EventData.FileName": null, "EventData.ErrorCode": "3221225525", "EventData.LoggingMode": "268460034"}
{"EventID": "2", "Channel": "Microsoft-Windows-Kernel-EventTracing/Admin", "Provider_Name": "Microsoft-Windows-Kernel-EventTracing", "Computer": "DESKTOP-OFJ6N53", "TimeCreated": "2024-08-22 09:44:54.893194+00:00", "RecordID": "791", "Level": "2", "UserID": "S-1-5-18", "EventData.SessionName": "Microsoft.Windows.WindowsUpdate.RUXIMLog", "EventData.FileName": null, "EventData.ErrorCode": "3221225525", "EventData.LoggingMode": "268460034"}
{"EventID": "2", "Channel": "Microsoft-Windows-Kernel-EventTracing/Admin", "Provider_Name": "Microsoft-Windows-Kernel-EventTracing", "Computer": "DESKTOP-OFJ6N53", "TimeCreated": "2024-08-23 09:45:01.399380+00:00", "RecordID": "792", "Level": "2", "UserID": "S-1-5-18", "EventData.SessionName": "Microsoft.Windows.WindowsUpdate.RUXIMLog", "EventData.FileName": null, "EventData.ErrorCode": "3221225525", "EventData.LoggingMode": "268460034"}
{"EventID": "2", "Channel": "Microsoft-Windows-Kernel-EventTracing/Admin", "Provider_Name": "Microsoft-Windows-Kernel-EventTracing", "Computer": "DESKTOP-OFJ6N53", "TimeCreated": "2024-08-24 09:45:07.939684+00:00", "RecordID": "793", "Level": "2", "UserID": "S-1-5-18", "EventData.SessionName": "Microsoft.Windows.WindowsUpdate.RUXIMLog", "EventData.FileName": null, "EventData.ErrorCode": "3221225525", "EventData.LoggingMode": "268460034"}
{"EventID": "2", "Channel": "Microsoft-Windows-Kernel-EventTracing/Admin", "Provider_Name": "Microsoft-Windows-Kernel-EventTracing", "Computer": "DESKTOP-OFJ6N53", "TimeCreated": "2024-08-25 02:06:34.412451+00:00", "RecordID": "794", "Level": "2", "UserID": "S-1-5-18", "EventData.SessionName": "Microsoft.Windows.Remediation", "EventData.FileName": null, "EventData.ErrorCode": "3221225525", "EventData.LoggingMode": "268460034"}
{"EventID": "2", "Channel": "Microsoft-Windows-Kernel-EventTracing/Admin", "Provider_Name": "Microsoft-Windows-Kernel-EventTracing", "Computer": "DESKTOP-OFJ6N53", "TimeCreated": "2024-08-25 09:45:15.192266+00:00", "RecordID": "795", "Level": "2", "UserID": "S-1-5-18", "EventData.SessionName": "Microsoft.Windows.WindowsUpdate.RUXIMLog", "EventData.FileName": null, "EventData.ErrorCode": "3221225525", "EventData.LoggingMode": "268460034"}
{"EventID": "2", "Channel": "Microsoft-Windows-Kernel-EventTracing/Admin", "Provider_Name": "Microsoft-Windows-Kernel-EventTracing", "Computer": "DESKTOP-OFJ6N53", "TimeCreated": "2024-08-26 09:45:22.660151+00:00", "RecordID": "796", "Level": "2", "UserID": "S-1-5-18", "EventData.SessionName": "Microsoft.Windows.WindowsUpdate.RUXIMLog", "EventData.FileName": null, "EventData.ErrorCode": "3221225525", "EventData.LoggingMode": "268460034"}
