{"EventID": "400", "Channel": "Microsoft-Windows-AppXDeploymentServer/Operational", "Provider_Name": "Microsoft-Windows-AppXDeployment-Server", "Computer": "DESKTOP-OFJ6N53", "TimeCreated": "2025-08-12 12:18:47.211624+00:00", "RecordID": "115690", "Level": "4", "UserID": "S-1-5-21-963789628-1060504924-4285088085-1001", "EventData.DeploymentOperation": "27", "EventData.PackageFullName": "Microsoft.MicrosoftOfficeHub_2025.807.1353.0_neutral_~_8wekyb3d8bbwe", "EventData.Path": null, "EventData.MountPoint": "C:", "EventData.TargetPlatform": "0xffffffff", "EventData.SystemVolume": "True", "EventData.StorageId": "\\\\?\\Volume{c33a8663-71a2-4031-8cec-c21914fe12ad}", "EventData.IsCentennial": "False", "EventData.PackageType": "0x00000000", "EventData.IsPackageEncrypted": "False", "EventData.DeploymentOptions": "0x0000000010000000", "EventData.IsStreamingPackage": "False", "EventData.IsInRelatedSet": "False", "EventData.IsPackageUsingBDC": "False", "EventData.MainPackageFamilyName": "NULL", "EventData.CallingProcess": "svchost.exe,AppReadiness", "EventData.IsOptional": "False", "EventData.PackageFlags": "0x00000000", "EventData.PackageFlags2": "0x00000000", "EventData.HasWin32alacarte": "False", "EventData.HasFullTrust": "False", "EventData.ExternalLocation": null, "EventData.PackageSourceUri": null}
{"EventID": "649", "Channel": "Microsoft-Windows-AppXDeploymentServer/Operational", "Provider_Name": "Microsoft-Windows-AppXDeployment-Server", "Computer": "DESKTOP-OFJ6N53", "TimeCreated": "2025-08-12 12:18:47.228043+00:00", "RecordID": "115691", "Level": "4", "UserID": "S-1-5-21-963789628-1060504924-4285088085-1001", "EventData.DeploymentOperation": "27", "EventData.PackageFullName": "Microsoft.MicrosoftOfficeHub_2025.807.1353.0_neutral_~_8wekyb3d8bbwe", "EventData.Summary": "PostDeploymentOperationCheck cost: 0 ms"}
{"EventID": "603", "Channel": "Microsoft-Windows-AppXDeploymentServer/Operational", "Provider_Name": "Microsoft-Windows-AppXDeployment-Server", "Computer": "DESKTOP-OFJ6N53", "TimeCreated": "2025-08-12 12:18:47.678398+00:00", "RecordID": "115692", "Level": "4", "UserID": "S-1-5-21-963789628-1060504924-4285088085-1001", "EventData.DeploymentOperation": "2", "EventData.Path": "Microsoft.Edge.GameAssist_1.0.3423.0_x64__8wekyb3d8bbwe", "EventData.Flags": "0", "EventData.FlagsHigh": "0", "EventData.CallingProcess": "svchost.exe,AppReadiness", "EventData.ExternalLocation": null}
{"EventID": "10002", "Channel": "Microsoft-Windows-AppXDeploymentServer/Operational", "Provider_Name": "Microsoft-Windows-AppXDeployment-Server", "Computer": "DESKTOP-OFJ6N53", "TimeCreated": "2025-08-12 12:18:47.684919+00:00", "RecordID": "115693", "Level": "5", "UserID": "S-1-5-18", "EventData.DeploymentOperation": "2", "EventData.MainPackageMoniker": "Microsoft.Edge.GameAssist_1.0.3423.0_x64__8wekyb3d8bbwe", "EventData.ResiliencyFilePath": "C:\\ProgramData\\Microsoft\\Windows\\AppRepository\\4f6eee64-8e42-4bb1-ad7a-20449b264875_S-1-5-21-963789628-1060504924-4285088085-1001_2.rslc"}
{"EventID": "607", "Channel": "Microsoft-Windows-AppXDeploymentServer/Operational", "Provider_Name": "Microsoft-Windows-AppXDeployment-Server", "Computer": "DESKTOP-OFJ6N53", "TimeCreated": "2025-08-12 12:18:47.797510+00:00", "RecordID": "115694", "Level": "4", "UserID": "S-1-5-21-963789628-1060504924-4285088085-1001", "EventData.DeploymentOperation": "2", "EventData.PackageFullName": "Microsoft.Edge.GameAssist_1.0.3423.0_x64__8wekyb3d8bbwe", "EventData.UserSid": "S-1-5-21-963789628-1060504924-4285088085-1001", "EventData.CallingProcess": "svchost.exe,AppReadiness"}
{"EventID": "855", "Channel": "Microsoft-Windows-AppXDeploymentServer/Operational", "Provider_Name": "Microsoft-Windows-AppXDeployment-Server", "Computer": "DESKTOP-OFJ6N53", "TimeCreated": "2025-08-12 12:18:48.957792+00:00", "RecordID": "115695", "Level": "4", "UserID": "S-1-5-21-963789628-1060504924-4285088085-1001", "EventData.PackageMoniker": "removePackageList: Microsoft.Edge.GameAssist_1.0.3423.0_x64__8wekyb3d8bbwe"}
{"EventID": "821", "Channel": "Microsoft-Windows-AppXDeploymentServer/Operational", "Provider_Name": "Microsoft-Windows-AppXDeployment-Server", "Computer": "DESKTOP-OFJ6N53", "TimeCreated": "2025-08-12 12:18:59.675392+00:00", "RecordID": "115696", "Level": "5", "UserID": "S-1-5-18", "EventData.UserSid": "S-1-5-21-963789628-1060504924-4285088085-1001", "EventData.MainPackageFullName": "Microsoft.Edge.GameAssist_1.0.3456.0_x64__8wekyb3d8bbwe", "EventData.ErrorCode": "0x00000000"}
{"EventID": "822", "Channel": "Microsoft-Windows-AppXDeploymentServer/Operational", "Provider_Name": "Microsoft-Windows-AppXDeployment-Server", "Computer": "DESKTOP-OFJ6N53", "TimeCreated": "2025-08-12 12:18:59.677238+00:00", "RecordID": "115697", "Level": "5", "UserID": "S-1-5-18", "EventData.Error": "0x00000000", "EventData.PackageMoniker": "Microsoft.Edge.GameAssist_1.0.3456.0_x64__8wekyb3d8bbwe"}
{"EventID": "400", "Channel": "Microsoft-Windows-AppXDeploymentServer/Operational", "Provider_Name": "Microsoft-Windows-AppXDeployment-Server", "Computer": "DESKTOP-OFJ6N53", "TimeCreated": "2025-08-12 12:19:00.428295+00:00", "RecordID": "115698", "Level": "4", "UserID": "S-1-5-21-963789628-1060504924-4285088085-1001", "EventData.DeploymentOperation": "2", "EventData.PackageFullName": "Microsoft.Edge.GameAssist_1.0.3423.0_x64__8wekyb3d8bbwe", "EventData.Path": null, "EventData.MountPoint": "C:", "EventData.TargetPlatform": "0xffffffff", "EventData.SystemVolume": "True", "EventData.StorageId": "\\\\?\\Volume{c33a8663-71a2-4031-8cec-c21914fe12ad}", "EventData.IsCentennial": "False", "EventData.PackageType": "0x00000001", "EventData.IsPackageEncrypted": "False", "EventData.DeploymentOptions": "0x0000000000000000", "EventData.IsStreamingPackage": "False", "EventData.IsInRelatedSet": "False", "EventData.IsPackageUsingBDC": "False", "EventData.MainPackageFamilyName": "NULL", "EventData.CallingProcess": "svchost.exe,AppReadiness", "EventData.IsOptional": "False", "EventData.PackageFlags": "0x00800000", "EventData.PackageFlags2": "0x00000000", "EventData.HasWin32alacarte": "False", "EventData.HasFullTrust": "True", "EventData.ExternalLocation": null, "EventData.PackageSourceUri": null}
{"EventID": "649", "Channel": "Microsoft-Windows-AppXDeploymentServer/Operational", "Provider_Name": "Microsoft-Windows-AppXDeployment-Server", "Computer": "DESKTOP-OFJ6N53", "TimeCreated": "2025-08-12 12:19:00.782112+00:00", "RecordID": "115699", "Level": "4", "UserID": "S-1-5-21-963789628-1060504924-4285088085-1001", "EventData.DeploymentOperation": "2", "EventData.PackageFullName": "Microsoft.Edge.GameAssist_1.0.3423.0_x64__8wekyb3d8bbwe", "EventData.Summary": "PostDeploymentOperationCheck cost: 0 ms"}
{"EventID": "603", "Channel": "Microsoft-Windows-AppXDeploymentServer/Operational", "Provider_Name": "Microsoft-Windows-AppXDeployment-Server", "Computer": "DESKTOP-OFJ6N53", "TimeCreated": "2025-08-12 12:19:00.811705+00:00", "RecordID": "115700", "Level": "4", "UserID": "S-1-5-21-963789628-1060504924-4285088085-1001", "EventData.DeploymentOperation": "11", "EventData.Path": "Microsoft.Edge.GameAssist_1.0.3456.0_x64__8wekyb3d8bbwe", "EventData.Flags": "2415919104", "EventData.FlagsHigh": "0", "EventData.CallingProcess": "svchost.exe,AppReadiness", "EventData.ExternalLocation": null}
{"EventID": "10002", "Channel": "Microsoft-Windows-AppXDeploymentServer/Operational", "Provider_Name": "Microsoft-Windows-AppXDeployment-Server", "Computer": "DESKTOP-OFJ6N53", "TimeCreated": "2025-08-12 12:19:01.039963+00:00", "RecordID": "115701", "Level": "5", "UserID": "S-1-5-18", "EventData.DeploymentOperation": "11", "EventData.MainPackageMoniker": "Microsoft.Edge.GameAssist_1.0.3456.0_x64__8wekyb3d8bbwe", "EventData.ResiliencyFilePath": "C:\\ProgramData\\Microsoft\\Windows\\AppRepository\\4f6eee64-8e42-4bb1-ad7a-20449b264875_S-1-5-21-963789628-1060504924-4285088085-1001_3.rslc"}
{"EventID": "607", "Channel": "Microsoft-Windows-AppXDeploymentServer/Operational", "Provider_Name": "Microsoft-Windows-AppXDeployment-Server", "Computer": "DESKTOP-OFJ6N53", "TimeCreated": "2025-08-12 12:19:01.040752+00:00", "RecordID": "115702", "Level": "4", "UserID": "S-1-5-21-963789628-1060504924-4285088085-1001", "EventData.DeploymentOperation": "11", "EventData.PackageFullName": "Microsoft.Edge.GameAssist_1.0.3456.0_x64__8wekyb3d8bbwe", "EventData.UserSid": "S-1-5-21-963789628-1060504924-4285088085-1001", "EventData.CallingProcess": "svchost.exe,AppReadiness"}
{"EventID": "854", "Channel": "Microsoft-Windows-AppXDeploymentServer/Operational", "Provider_Name": "Microsoft-Windows-AppXDeployment-Server", "Computer": "DESKTOP-OFJ6N53", "TimeCreated": "2025-08-12 12:19:01.060888+00:00", "RecordID": "115703", "Level": "4", "UserID": "S-1-5-21-963789628-1060504924-4285088085-1001", "EventData.Path": "C:\\Program Files\\WindowsApps\\Microsoft.Edge.GameAssist_1.0.3456.0_x64__8wekyb3d8bbwe\\AppxManifest.xml"}
{"EventID": "573", "Channel": "Microsoft-Windows-AppXDeploymentServer/Operational", "Provider_Name": "Microsoft-Windows-AppXDeployment-Server", "Computer": "DESKTOP-OFJ6N53", "TimeCreated": "2025-08-12 12:19:01.279673+00:00", "RecordID": "115704", "Level": "4", "UserID": "S-1-5-21-963789628-1060504924-4285088085-1001", "EventData.PackageFamilyName": "Microsoft.Edge.GameAssist_8wekyb3d8bbwe", "EventData.SettingSyncEnabled": "False"}
{"EventID": "400", "Channel": "Microsoft-Windows-AppXDeploymentServer/Operational", "Provider_Name": "Microsoft-Windows-AppXDeployment-Server", "Computer": "DESKTOP-OFJ6N53", "TimeCreated": "2025-08-12 12:19:01.834341+00:00", "RecordID": "115705", "Level": "4", "UserID": "S-1-5-21-963789628-1060504924-4285088085-1001", "EventData.DeploymentOperation": "11", "EventData.PackageFullName": "Microsoft.Edge.GameAssist_1.0.3456.0_x64__8wekyb3d8bbwe", "EventData.Path": "(AppxManifest.xml)", "EventData.MountPoint": "C:", "EventData.TargetPlatform": "0x00000000", "EventData.SystemVolume": "True", "EventData.StorageId": "\\\\?\\Volume{c33a8663-71a2-4031-8cec-c21914fe12ad}", "EventData.IsCentennial": "False", "EventData.PackageType": "0x00000001", "EventData.IsPackageEncrypted": "False", "EventData.DeploymentOptions": "0x0000000090000000", "EventData.IsStreamingPackage": "False", "EventData.IsInRelatedSet": "False", "EventData.IsPackageUsingBDC": "False", "EventData.MainPackageFamilyName": "NULL", "EventData.CallingProcess": "svchost.exe,AppReadiness", "EventData.IsOptional": "False", "EventData.PackageFlags": "0x00800448", "EventData.PackageFlags2": "0x00000800", "EventData.HasWin32alacarte": "False", "EventData.HasFullTrust": "True", "EventData.ExternalLocation": null, "EventData.PackageSourceUri": "file:///C:/Program%20Files%20(x86)/Microsoft/Edge/Application/139.0.3405.86/edge_game_assist/EdgeGameAssist.msix"}
{"EventID": "649", "Channel": "Microsoft-Windows-AppXDeploymentServer/Operational", "Provider_Name": "Microsoft-Windows-AppXDeployment-Server", "Computer": "DESKTOP-OFJ6N53", "TimeCreated": "2025-08-12 12:19:01.834707+00:00", "RecordID": "115706", "Level": "4", "UserID": "S-1-5-21-963789628-1060504924-4285088085-1001", "EventData.DeploymentOperation": "11", "EventData.PackageFullName": "Microsoft.Edge.GameAssist_1.0.3456.0_x64__8wekyb3d8bbwe", "EventData.Summary": "PostDeploymentOperationCheck cost: 0 ms"}
{"EventID": "613", "Channel": "Microsoft-Windows-AppXDeploymentServer/Operational", "Provider_Name": "Microsoft-Windows-AppXDeployment-Server", "Computer": "DESKTOP-OFJ6N53", "TimeCreated": "2025-08-12 12:19:01.835377+00:00", "RecordID": "115707", "Level": "4", "UserID": "S-1-5-21-963789628-1060504924-4285088085-1001", "EventData.DeploymentOperation": "11", "EventData.PackageFullName": "Microsoft.Edge.GameAssist_1.0.3456.0_x64__8wekyb3d8bbwe", "EventData.Summary": "Overall time: 1031 ms\nEnqueue cost: 0 ms\nDequeue delay: 234 ms\nBundle processing cost: 16 ms\nIndexing cost: 219 ms\nResolve dependency cost: 0 ms\nCheck approval cost: 0 ms\nEvaluation cost: 0 ms\nHardlinking evaluation cost: 0 ms\nStage required cost: 0 ms\nFlushing and closing files cost: 0 ms\nMachine register cost: 0 ms\nStage user data cost: 0 ms\nRegistration cost: 0 ms\nRepository commit transaction cost: 547 ms\nGap: 15 ms\nData flush cost: 0 ms\nPost DeStage repository commit transaction cost: 0 ms\nRemaining cost: 0 ms"}
{"EventID": "603", "Channel": "Microsoft-Windows-AppXDeploymentServer/Operational", "Provider_Name": "Microsoft-Windows-AppXDeployment-Server", "Computer": "DESKTOP-OFJ6N53", "TimeCreated": "2025-08-12 12:19:02.036642+00:00", "RecordID": "115708", "Level": "4", "UserID": "S-1-5-21-963789628-1060504924-4285088085-1001", "EventData.DeploymentOperation": "6", "EventData.Path": "AppxManifest.xml", "EventData.Flags": "2449474112", "EventData.FlagsHigh": "262144", "EventData.CallingProcess": "svchost.exe,AppReadiness", "EventData.ExternalLocation": null}
{"EventID": "10002", "Channel": "Microsoft-Windows-AppXDeploymentServer/Operational", "Provider_Name": "Microsoft-Windows-AppXDeployment-Server", "Computer": "DESKTOP-OFJ6N53", "TimeCreated": "2025-08-12 12:19:02.083155+00:00", "RecordID": "115709", "Level": "5", "UserID": "S-1-5-18", "EventData.DeploymentOperation": "6", "EventData.MainPackageMoniker": "Microsoft.Edge.GameAssist_1.0.3456.0_x64__8wekyb3d8bbwe", "EventData.ResiliencyFilePath": "C:\\ProgramData\\Microsoft\\Windows\\AppRepository\\4f6eee64-8e42-4bb1-ad7a-20449b264875_S-1-5-21-963789628-1060504924-4285088085-1001_4.rslc"}
{"EventID": "607", "Channel": "Microsoft-Windows-AppXDeploymentServer/Operational", "Provider_Name": "Microsoft-Windows-AppXDeployment-Server", "Computer": "DESKTOP-OFJ6N53", "TimeCreated": "2025-08-12 12:19:02.083834+00:00", "RecordID": "115710", "Level": "4", "UserID": "S-1-5-21-963789628-1060504924-4285088085-1001", "EventData.DeploymentOperation": "6", "EventData.PackageFullName": "Microsoft.Edge.GameAssist_1.0.3456.0_x64__8wekyb3d8bbwe", "EventData.UserSid": "S-1-5-21-963789628-1060504924-4285088085-1001", "EventData.CallingProcess": "svchost.exe,AppReadiness"}
{"EventID": "854", "Channel": "Microsoft-Windows-AppXDeploymentServer/Operational", "Provider_Name": "Microsoft-Windows-AppXDeployment-Server", "Computer": "DESKTOP-OFJ6N53", "TimeCreated": "2025-08-12 12:19:02.084553+00:00", "RecordID": "115711", "Level": "4", "UserID": "S-1-5-21-963789628-1060504924-4285088085-1001", "EventData.Path": "C:\\Program Files\\WindowsApps\\Microsoft.Edge.GameAssist_1.0.3456.0_x64__8wekyb3d8bbwe\\AppxManifest.xml"}
{"EventID": "855", "Channel": "Microsoft-Windows-AppXDeploymentServer/Operational", "Provider_Name": "Microsoft-Windows-AppXDeployment-Server", "Computer": "DESKTOP-OFJ6N53", "TimeCreated": "2025-08-12 12:19:02.288210+00:00", "RecordID": "115712", "Level": "4", "UserID": "S-1-5-21-963789628-1060504924-4285088085-1001", "EventData.PackageMoniker": "addPackageList: Microsoft.Edge.GameAssist_1.0.3456.0_x64__8wekyb3d8bbwe"}
{"EventID": "10000", "Channel": "Microsoft-Windows-AppXDeploymentServer/Operational", "Provider_Name": "Microsoft-Windows-AppXDeployment-Server", "Computer": "DESKTOP-OFJ6N53", "TimeCreated": "2025-08-12 12:19:02.421535+00:00", "RecordID": "115713", "Level": "5", "UserID": "S-1-5-18", "EventData.PackageFullName": "Microsoft.Edge.GameAssist_1.0.3456.0_x64__8wekyb3d8bbwe", "EventData.ErrorCode": "0x00000000"}
{"EventID": "7028", "Channel": "Microsoft-Windows-AppXDeploymentServer/Operational", "Provider_Name": "Microsoft-Windows-AppXDeployment-Server", "Computer": "DESKTOP-OFJ6N53", "TimeCreated": "2025-08-12 12:19:03.628115+00:00", "RecordID": "115714", "Level": "3", "UserID": "S-1-5-18", "EventData.PackageMoniker": "Microsoft.Edge.GameAssist_1.0.3423.0_x64__8wekyb3d8bbwe"}
{"EventID": "5507", "Channel": "Microsoft-Windows-AppXDeploymentServer/Operational", "Provider_Name": "Microsoft-Windows-AppXDeployment-Server", "Computer": "DESKTOP-OFJ6N53", "TimeCreated": "2025-08-12 12:19:03.800829+00:00", "RecordID": "115715", "Level": "5", "UserID": "S-1-5-21-963789628-1060504924-4285088085-1001", "EventData.PackageName": "Microsoft.Edge.GameAssist_1.0.3456.0_x64__8wekyb3d8bbwe", "EventData.FilePath": "C:\\Program Files\\WindowsApps\\Microsoft.Edge.GameAssist_1.0.3456.0_x64__8wekyb3d8bbwe\\microsoft.system.package.metadata\\S-1-5-21-963789628-1060504924-4285088085-1001-MergedResources-*.pri", "EventData.Message": "No user-specific merged files found"}
{"EventID": "5507", "Channel": "Microsoft-Windows-AppXDeploymentServer/Operational", "Provider_Name": "Microsoft-Windows-AppXDeployment-Server", "Computer": "DESKTOP-OFJ6N53", "TimeCreated": "2025-08-12 12:19:03.800936+00:00", "RecordID": "115716", "Level": "5", "UserID": "S-1-5-21-963789628-1060504924-4285088085-1001", "EventData.PackageName": "Microsoft.Edge.GameAssist_1.0.3456.0_x64__8wekyb3d8bbwe", "EventData.FilePath": "C:\\Program Files\\WindowsApps\\Microsoft.Edge.GameAssist_1.0.3456.0_x64__8wekyb3d8bbwe\\microsoft.system.package.metadata\\Resources.????????.pri", "EventData.Message": "No shared merged files found"}
{"EventID": "5507", "Channel": "Microsoft-Windows-AppXDeploymentServer/Operational", "Provider_Name": "Microsoft-Windows-AppXDeployment-Server", "Computer": "DESKTOP-OFJ6N53", "TimeCreated": "2025-08-12 12:19:03.801039+00:00", "RecordID": "115717", "Level": "5", "UserID": "S-1-5-21-963789628-1060504924-4285088085-1001", "EventData.PackageName": "Microsoft.Edge.GameAssist_1.0.3456.0_x64__8wekyb3d8bbwe", "EventData.FilePath": "C:\\Program Files\\WindowsApps\\Microsoft.Edge.GameAssist_1.0.3456.0_x64__8wekyb3d8bbwe\\microsoft.system.package.metadata\\S-1-5-21-963789628-1060504924-4285088085-1001-MergedResources-*.pri", "EventData.Message": "No user-specific merged files found"}
{"EventID": "5507", "Channel": "Microsoft-Windows-AppXDeploymentServer/Operational", "Provider_Name": "Microsoft-Windows-AppXDeployment-Server", "Computer": "DESKTOP-OFJ6N53", "TimeCreated": "2025-08-12 12:19:03.801102+00:00", "RecordID": "115718", "Level": "5", "UserID": "S-1-5-21-963789628-1060504924-4285088085-1001", "EventData.PackageName": "Microsoft.Edge.GameAssist_1.0.3456.0_x64__8wekyb3d8bbwe", "EventData.FilePath": "C:\\Program Files\\WindowsApps\\Microsoft.Edge.GameAssist_1.0.3456.0_x64__8wekyb3d8bbwe\\microsoft.system.package.metadata\\Resources.????????.pri", "EventData.Message": "No shared merged files found"}
{"EventID": "821", "Channel": "Microsoft-Windows-AppXDeploymentServer/Operational", "Provider_Name": "Microsoft-Windows-AppXDeployment-Server", "Computer": "DESKTOP-OFJ6N53", "TimeCreated": "2025-08-12 12:19:03.849335+00:00", "RecordID": "115719", "Level": "5", "UserID": "S-1-5-18", "EventData.UserSid": "S-1-5-21-963789628-1060504924-4285088085-1001", "EventData.MainPackageFullName": "Microsoft.Edge.GameAssist_1.0.3456.0_x64__8wekyb3d8bbwe", "EventData.ErrorCode": "0x00000000"}
{"EventID": "822", "Channel": "Microsoft-Windows-AppXDeploymentServer/Operational", "Provider_Name": "Microsoft-Windows-AppXDeployment-Server", "Computer": "DESKTOP-OFJ6N53", "TimeCreated": "2025-08-12 12:19:03.851870+00:00", "RecordID": "115720", "Level": "5", "UserID": "S-1-5-18", "EventData.Error": "0x00000000", "EventData.PackageMoniker": "Microsoft.Edge.GameAssist_1.0.3456.0_x64__8wekyb3d8bbwe"}
{"EventID": "813", "Channel": "Microsoft-Windows-AppXDeploymentServer/Operational", "Provider_Name": "Microsoft-Windows-AppXDeployment-Server", "Computer": "DESKTOP-OFJ6N53", "TimeCreated": "2025-08-12 12:19:03.851906+00:00", "RecordID": "115721", "Level": "5", "UserID": "S-1-5-18", "EventData.PackageMoniker": "Microsoft.Edge.GameAssist_1.0.3456.0_x64__8wekyb3d8bbwe"}
{"EventID": "10001", "Channel": "Microsoft-Windows-AppXDeploymentServer/Operational", "Provider_Name": "Microsoft-Windows-AppXDeployment-Server", "Computer": "DESKTOP-OFJ6N53", "TimeCreated": "2025-08-12 12:19:04.410353+00:00", "RecordID": "115722", "Level": "5", "UserID": "S-1-5-18", "EventData.PackageFullName": "Microsoft.Edge.GameAssist_1.0.3456.0_x64__8wekyb3d8bbwe", "EventData.ErrorCode": "0x00000000"}
{"EventID": "10001", "Channel": "Microsoft-Windows-AppXDeploymentServer/Operational", "Provider_Name": "Microsoft-Windows-AppXDeployment-Server", "Computer": "DESKTOP-OFJ6N53", "TimeCreated": "2025-08-12 12:19:04.410795+00:00", "RecordID": "115723", "Level": "5", "UserID": "S-1-5-18", "EventData.PackageFullName": "Microsoft.Edge.GameAssist_1.0.3456.0_x64__8wekyb3d8bbwe", "EventData.ErrorCode": "0x00000000"}
{"EventID": "10001", "Channel": "Microsoft-Windows-AppXDeploymentServer/Operational", "Provider_Name": "Microsoft-Windows-AppXDeployment-Server", "Computer": "DESKTOP-OFJ6N53", "TimeCreated": "2025-08-12 12:19:04.410910+00:00", "RecordID": "115724", "Level": "5", "UserID": "S-1-5-18", "EventData.PackageFullName": "Microsoft.Edge.GameAssist_1.0.3456.0_x64__8wekyb3d8bbwe", "EventData.ErrorCode": "0x00000000"}
{"EventID": "10001", "Channel": "Microsoft-Windows-AppXDeploymentServer/Operational", "Provider_Name": "Microsoft-Windows-AppXDeployment-Server", "Computer": "DESKTOP-OFJ6N53", "TimeCreated": "2025-08-12 12:19:04.410995+00:00", "RecordID": "115725", "Level": "5", "UserID": "S-1-5-18", "EventData.PackageFullName": "Microsoft.Edge.GameAssist_1.0.3456.0_x64__8wekyb3d8bbwe", "EventData.ErrorCode": "0x00000000"}
{"EventID": "400", "Channel": "Microsoft-Windows-AppXDeploymentServer/Operational", "Provider_Name": "Microsoft-Windows-AppXDeployment-Server", "Computer": "DESKTOP-OFJ6N53", "TimeCreated": "2025-08-12 12:19:04.476301+00:00", "RecordID": "115726", "Level": "4", "UserID": "S-1-5-21-963789628-1060504924-4285088085-1001", "EventData.DeploymentOperation": "6", "EventData.PackageFullName": "Microsoft.Edge.GameAssist_1.0.3456.0_x64__8wekyb3d8bbwe", "EventData.Path": "(AppxManifest.xml)", "EventData.MountPoint": "C:", "EventData.TargetPlatform": "0x00000000", "EventData.SystemVolume": "True", "EventData.StorageId": "\\\\?\\Volume{c33a8663-71a2-4031-8cec-c21914fe12ad}", "EventData.IsCentennial": "False", "EventData.PackageType": "0x00000001", "EventData.IsPackageEncrypted": "False", "EventData.DeploymentOptions": "0x0004000092040240", "EventData.IsStreamingPackage": "False", "EventData.IsInRelatedSet": "False", "EventData.IsPackageUsingBDC": "False", "EventData.MainPackageFamilyName": "NULL", "EventData.CallingProcess": "svchost.exe,AppReadiness", "EventData.IsOptional": "False", "EventData.PackageFlags": "0x00800448", "EventData.PackageFlags2": "0x00000800", "EventData.HasWin32alacarte": "False", "EventData.HasFullTrust": "True", "EventData.ExternalLocation": null, "EventData.PackageSourceUri": "file:///C:/Program%20Files%20(x86)/Microsoft/Edge/Application/139.0.3405.86/edge_game_assist/EdgeGameAssist.msix"}
{"EventID": "649", "Channel": "Microsoft-Windows-AppXDeploymentServer/Operational", "Provider_Name": "Microsoft-Windows-AppXDeployment-Server", "Computer": "DESKTOP-OFJ6N53", "TimeCreated": "2025-08-12 12:19:04.477661+00:00", "RecordID": "115727", "Level": "4", "UserID": "S-1-5-21-963789628-1060504924-4285088085-1001", "EventData.DeploymentOperation": "6", "EventData.PackageFullName": "Microsoft.Edge.GameAssist_1.0.3456.0_x64__8wekyb3d8bbwe", "EventData.Summary": "PostDeploymentOperationCheck cost: 0 ms"}
{"EventID": "613", "Channel": "Microsoft-Windows-AppXDeploymentServer/Operational", "Provider_Name": "Microsoft-Windows-AppXDeployment-Server", "Computer": "DESKTOP-OFJ6N53", "TimeCreated": "2025-08-12 12:19:04.665646+00:00", "RecordID": "115728", "Level": "4", "UserID": "S-1-5-21-963789628-1060504924-4285088085-1001", "EventData.DeploymentOperation": "6", "EventData.PackageFullName": "Microsoft.Edge.GameAssist_1.0.3456.0_x64__8wekyb3d8bbwe", "EventData.Summary": "Overall time: 2625 ms\nEnqueue cost: 16 ms\nDequeue delay: 31 ms\nBundle processing cost: 0 ms\nIndexing cost: 157 ms\nResolve dependency cost: 46 ms\nCheck approval cost: 0 ms\nEvaluation cost: 0 ms\nHardlinking evaluation cost: 0 ms\nStage required cost: 125 ms\nFlushing and closing files cost: 0 ms\nMachine register cost: 0 ms\nStage user data cost: 0 ms\nRegistration cost: 1422 ms\nGap: 172 ms\nRepository commit transaction cost: 391 ms\nGap: 78 ms\nData flush cost: 0 ms\nPost DeStage repository commit transaction cost: 0 ms\nRemaining cost: 187 ms"}
{"EventID": "821", "Channel": "Microsoft-Windows-AppXDeploymentServer/Operational", "Provider_Name": "Microsoft-Windows-AppXDeployment-Server", "Computer": "DESKTOP-OFJ6N53", "TimeCreated": "2025-08-12 12:19:04.715744+00:00", "RecordID": "115729", "Level": "5", "UserID": "S-1-5-18", "EventData.UserSid": "S-1-5-21-963789628-1060504924-4285088085-1001", "EventData.MainPackageFullName": "Microsoft.Edge.GameAssist_1.0.3423.0_x64__8wekyb3d8bbwe", "EventData.ErrorCode": "0x00000000"}
{"EventID": "822", "Channel": "Microsoft-Windows-AppXDeploymentServer/Operational", "Provider_Name": "Microsoft-Windows-AppXDeployment-Server", "Computer": "DESKTOP-OFJ6N53", "TimeCreated": "2025-08-12 12:19:04.716696+00:00", "RecordID": "115730", "Level": "5", "UserID": "S-1-5-18", "EventData.Error": "0x00000000", "EventData.PackageMoniker": "Microsoft.Edge.GameAssist_1.0.3423.0_x64__8wekyb3d8bbwe"}
{"EventID": "821", "Channel": "Microsoft-Windows-AppXDeploymentServer/Operational", "Provider_Name": "Microsoft-Windows-AppXDeployment-Server", "Computer": "DESKTOP-OFJ6N53", "TimeCreated": "2025-08-12 12:19:04.716703+00:00", "RecordID": "115731", "Level": "5", "UserID": "S-1-5-18", "EventData.UserSid": "S-1-5-21-963789628-1060504924-4285088085-1001", "EventData.MainPackageFullName": "Microsoft.Edge.GameAssist_1.0.3456.0_x64__8wekyb3d8bbwe", "EventData.ErrorCode": "0x00000000"}
{"EventID": "801", "Channel": "Microsoft-Windows-AppXDeploymentServer/Operational", "Provider_Name": "Microsoft-Windows-AppXDeployment-Server", "Computer": "DESKTOP-OFJ6N53", "TimeCreated": "2025-08-12 12:19:04.717190+00:00", "RecordID": "115732", "Level": "2", "UserID": "S-1-5-18", "EventData.RegistryKeyName": "Microsoft.Edge.GameAssist_1.0.3456.0_x64__8wekyb3d8bbwe", "EventData.ErrorCode": "0x80070002"}
{"EventID": "822", "Channel": "Microsoft-Windows-AppXDeploymentServer/Operational", "Provider_Name": "Microsoft-Windows-AppXDeployment-Server", "Computer": "DESKTOP-OFJ6N53", "TimeCreated": "2025-08-12 12:19:04.717205+00:00", "RecordID": "115733", "Level": "5", "UserID": "S-1-5-18", "EventData.Error": "0x80070002", "EventData.PackageMoniker": "Microsoft.Edge.GameAssist_1.0.3456.0_x64__8wekyb3d8bbwe"}
{"EventID": "818", "Channel": "Microsoft-Windows-AppXDeploymentServer/Operational", "Provider_Name": "Microsoft-Windows-AppXDeployment-Server", "Computer": "DESKTOP-OFJ6N53", "TimeCreated": "2025-08-12 12:19:08.058958+00:00", "RecordID": "115734", "Level": "5", "UserID": "S-1-5-21-963789628-1060504924-4285088085-1001", "EventData.UserSid": "S-1-5-21-963789628-1060504924-4285088085-1001"}
{"EventID": "819", "Channel": "Microsoft-Windows-AppXDeploymentServer/Operational", "Provider_Name": "Microsoft-Windows-AppXDeployment-Server", "Computer": "DESKTOP-OFJ6N53", "TimeCreated": "2025-08-12 12:19:08.064199+00:00", "RecordID": "115735", "Level": "5", "UserID": "S-1-5-21-963789628-1060504924-4285088085-1001", "EventData.InstallPackageList": null, "EventData.EndOfLifePackageList": null}
{"EventID": "603", "Channel": "Microsoft-Windows-AppXDeploymentServer/Operational", "Provider_Name": "Microsoft-Windows-AppXDeployment-Server", "Computer": "DESKTOP-OFJ6N53", "TimeCreated": "2025-08-12 12:19:35.381176+00:00", "RecordID": "115736", "Level": "4", "UserID": "S-1-5-21-963789628-1060504924-4285088085-1001", "EventData.DeploymentOperation": "22", "EventData.Path": null, "EventData.Flags": "0", "EventData.FlagsHigh": "0", "EventData.CallingProcess": "svchost.exe,AppReadiness", "EventData.ExternalLocation": null}
{"EventID": "818", "Channel": "Microsoft-Windows-AppXDeploymentServer/Operational", "Provider_Name": "Microsoft-Windows-AppXDeployment-Server", "Computer": "DESKTOP-OFJ6N53", "TimeCreated": "2025-08-12 12:19:35.382877+00:00", "RecordID": "115737", "Level": "5", "UserID": "S-1-5-18", "EventData.UserSid": "S-1-5-21-963789628-1060504924-4285088085-1001"}
{"EventID": "819", "Channel": "Microsoft-Windows-AppXDeploymentServer/Operational", "Provider_Name": "Microsoft-Windows-AppXDeployment-Server", "Computer": "DESKTOP-OFJ6N53", "TimeCreated": "2025-08-12 12:19:35.392920+00:00", "RecordID": "115738", "Level": "5", "UserID": "S-1-5-18", "EventData.InstallPackageList": null, "EventData.EndOfLifePackageList": null}
{"EventID": "603", "Channel": "Microsoft-Windows-AppXDeploymentServer/Operational", "Provider_Name": "Microsoft-Windows-AppXDeployment-Server", "Computer": "DESKTOP-OFJ6N53", "TimeCreated": "2025-08-12 12:19:35.666584+00:00", "RecordID": "115739", "Level": "4", "UserID": "S-1-5-21-963789628-1060504924-4285088085-1001", "EventData.DeploymentOperation": "6", "EventData.Path": "AppxBundleManifest.xml", "EventData.Flags": "33555008", "EventData.FlagsHigh": "262144", "EventData.CallingProcess": "svchost.exe,AppReadiness", "EventData.ExternalLocation": null}
{"EventID": "10002", "Channel": "Microsoft-Windows-AppXDeploymentServer/Operational", "Provider_Name": "Microsoft-Windows-AppXDeployment-Server", "Computer": "DESKTOP-OFJ6N53", "TimeCreated": "2025-08-12 12:19:36.026014+00:00", "RecordID": "115740", "Level": "5", "UserID": "S-1-5-18", "EventData.DeploymentOperation": "6", "EventData.MainPackageMoniker": "Microsoft.MicrosoftOfficeHub_2025.807.1353.0_neutral_~_8wekyb3d8bbwe", "EventData.ResiliencyFilePath": "C:\\ProgramData\\Microsoft\\Windows\\AppRepository\\4f6eee64-8e42-4bb1-ad7a-20449b264875_S-1-5-21-963789628-1060504924-4285088085-1001_5.rslc"}
{"EventID": "607", "Channel": "Microsoft-Windows-AppXDeploymentServer/Operational", "Provider_Name": "Microsoft-Windows-AppXDeployment-Server", "Computer": "DESKTOP-OFJ6N53", "TimeCreated": "2025-08-12 12:19:36.026375+00:00", "RecordID": "115741", "Level": "4", "UserID": "S-1-5-21-963789628-1060504924-4285088085-1001", "EventData.DeploymentOperation": "6", "EventData.PackageFullName": "Microsoft.MicrosoftOfficeHub_2025.807.1353.0_neutral_~_8wekyb3d8bbwe", "EventData.UserSid": "S-1-5-21-963789628-1060504924-4285088085-1001", "EventData.CallingProcess": "svchost.exe,AppReadiness"}
{"EventID": "614", "Channel": "Microsoft-Windows-AppXDeploymentServer/Operational", "Provider_Name": "Microsoft-Windows-AppXDeployment-Server", "Computer": "DESKTOP-OFJ6N53", "TimeCreated": "2025-08-12 12:19:36.034966+00:00", "RecordID": "115742", "Level": "5", "UserID": "S-1-5-21-963789628-1060504924-4285088085-1001", "EventData.PathOne": "C:\\Program Files\\WindowsApps\\Microsoft.MicrosoftOfficeHub_2025.807.1353.0_neutral_~_8wekyb3d8bbwe\\AppxMetadata\\AppxBundleManifest.xml", "EventData.PathTwo": "\"OfficeApp_19.2508.37081.0_x64.msix\": Microsoft.MicrosoftOfficeHub_19.2508.37081.0_x64__8wekyb3d8bbwe \"OfficeApp_19.2508.37081.0_ARM64.msix\": Microsoft.MicrosoftOfficeHub_19.2508.37081.0_arm64__8wekyb3d8bbwe \"OfficeApp_19.2508.37081.0_language-af.msix\": Microsoft.MicrosoftOfficeHub_19.2508.37081.0_neutral_split.language-af_8wekyb3d8bbwe \"OfficeApp_19.2508.37081.0_language-am.msix\": Microsoft.MicrosoftOfficeHub_19.2508.37081.0_neutral_split.language-am_8wekyb3d8bbwe \"OfficeApp_19.2508.37081.0_language-ar.msix\": Microsoft.MicrosoftOfficeHub_19.2508.37081.0_neutral_split.language-ar_8wekyb3d8bbwe \"OfficeApp_19.2508.37081.0_language-as.msix\": Microsoft.MicrosoftOfficeHub_19.2508.37081.0_neutral_split.language-as_8wekyb3d8bbwe \"OfficeApp_19.2508.37081.0_language-az-latn.msix\": Microsoft.MicrosoftOfficeHub_19.2508.37081.0_neutral_split.language-az-latn_8wekyb3d8bbwe \"OfficeApp_19.2508.37081.0_language-bg.msix\": Microsoft.MicrosoftOfficeHub_19.2508.37081.0_neutral_split.language-bg_8wekyb3d8bbwe \"OfficeApp_19.2508.37081.0_language-bn.msix\": Microsoft.MicrosoftOfficeHub_19.2508.37081.0_neutral_split.language-bn_8wekyb3d8bbwe \"OfficeApp_19.2508.37081.0_language-bs.msix\": Microsoft.MicrosoftOfficeHub_19.2508.37081.0_neutral_split.language-bs_8wekyb3d8bbwe \"OfficeApp_19.2508.37081.0_language-ca.msix\": Microsoft.MicrosoftOfficeHub_19.2508.37081.0_neutral_split.language-ca_8wekyb3d8bbwe \"OfficeApp_19.2508.37081.0_language-cs.msix\": Microsoft.MicrosoftOfficeHub_19.2508.37081.0_neutral_split.language-cs_8wekyb3d8bbwe \"OfficeApp_19.2508.37081.0_language-cy.msix\": Microsoft.MicrosoftOfficeHub_19.2508.37081.0_neutral_split.language-cy_8wekyb3d8bbwe \"OfficeApp_19.2508.37081.0_language-da.msix\": Microsoft.MicrosoftOfficeHub_19.2508.37081.0_neutral_split.language-da_8wekyb3d8bbwe \"OfficeApp_19.2508.37081.0_language-de.msix\": Microsoft.MicrosoftOfficeHub_19.2508.37081.0_neutral_split.language-de_8wekyb3d8bbwe \"OfficeApp_19.2508.37081.0_language-el.msix\": Microsoft.MicrosoftOfficeHub_19.2508.37081.0_neutral_split.language-el_8wekyb3d8bbwe \"OfficeApp_19.2508.37081.0_language-es.msix\": Microsoft.MicrosoftOfficeHub_19.2508.37081.0_neutral_split.language-es_8wekyb3d8bbwe \"OfficeApp_19.2508.37081.0_language-et.msix\": Microsoft.MicrosoftOfficeHub_19.2508.37081.0_neutral_split.language-et_8wekyb3d8bbwe \"OfficeApp_19.2508.37081.0_language-eu.msix\": Microsoft.MicrosoftOfficeHub_19.2508.37081.0_neutral_split.language-eu_8wekyb3d8bbwe \"OfficeApp_19.2508.37081.0_language-fa.msix\": Microsoft.MicrosoftOfficeHub_19.2508.37081.0_neutral_split.language-fa_8wekyb3d8bbwe \"OfficeApp_19.2508.37081.0_language-fi.msix\": Microsoft.MicrosoftOfficeHub_19.2508.37081.0_neutral_split.language-fi_8wekyb3d8bbwe \"OfficeApp_19.2508.37081.0_language-fil-latn.msix\": Microsoft.MicrosoftOfficeHub_19.2508.37081.0_neutral_split.language-fil-latn_8wekyb3d8bbwe \"OfficeApp_19.2508.37081.0_language-fr.msix\": Microsoft.MicrosoftOfficeHub_19.2508.37081.0_neutral_split.language-fr_8wekyb3d8bbwe \"OfficeApp_19.2508.37081.0_language-ga.msix\": Microsoft.MicrosoftOfficeHub_19.2508.37081.0_neutral_split.language-ga_8wekyb3d8bbwe \"OfficeApp_19.2508.37081.0_language-gd-latn.msix\": Microsoft.MicrosoftOfficeHub_19.2508.37081.0_neutral_split.language-gd-latn_8wekyb3d8bbwe \"OfficeApp_19.2508.37081.0_language-gl.msix\": Microsoft.MicrosoftOfficeHub_19.2508.37081.0_neutral_split.language-gl_8wekyb3d8bbwe \"OfficeApp_19.2508.37081.0_language-gu.msix\": Microsoft.MicrosoftOfficeHub_19.2508.37081.0_neutral_split.language-gu_8wekyb3d8bbwe \"OfficeApp_19.2508.37081.0_language-he.msix\": Microsoft.MicrosoftOfficeHub_19.2508.37081.0_neutral_split.language-he_8wekyb3d8bbwe \"OfficeApp_19.2508.37081.0_language-hi.msix\": Microsoft.MicrosoftOfficeHub_19.2508.37081.0_neutral_split.language-hi_8wekyb3d8bbwe \"OfficeApp_19.2508.37081.0_language-hr.msix\": Microsoft.MicrosoftOfficeHub_19.2508.37081.0_neutral_split.language-hr_8wekyb3d8bbwe \"OfficeApp_19.2508.37081.0_language-hu.msix\": Microsoft.MicrosoftOfficeHub_19.2508.37081.0_neutral_split.language-hu_8wekyb3d8bbwe \"OfficeApp_19.2508.37081.0_language-id.msix\": Microsoft.MicrosoftOfficeHub_19.2508.37081.0_neutral_split.language-id_8wekyb3d8bbwe \"OfficeApp_19.2508.37081.0_language-is.msix\": Microsoft.MicrosoftOfficeHub_19.2508.37081.0_neutral_split.language-is_8wekyb3d8bbwe \"OfficeApp_19.2508.37081.0_language-it.msix\": Microsoft.MicrosoftOfficeHub_19.2508.37081.0_neutral_split.language-it_8wekyb3d8bbwe \"OfficeApp_19.2508.37081.0_language-ja.msix\": Microsoft.MicrosoftOfficeHub_19.2508.37081.0_neutral_split.language-ja_8wekyb3d8bbwe \"OfficeApp_19.2508.37081.0_language-ka.msix\": Microsoft.MicrosoftOfficeHub_19.2508.37081.0_neutral_split.language-ka_8wekyb3d8bbwe \"OfficeApp_19.2508.37081.0_language-kk.msix\": Microsoft.MicrosoftOfficeHub_19.2508.37081.0_neutral_split.language-kk_8wekyb3d8bbwe \"OfficeApp_19.2508.37081.0_language-km.msix\": Microsoft.MicrosoftOfficeHub_19.2508.37081.0_neutral_split.language-km_8wekyb3d8bbwe \"OfficeApp_19.2508.37081.0_language-kn.msix\": Microsoft.MicrosoftOfficeHub_19.2508.37081.0_neutral_split.language-kn_8wekyb3d8bbwe \"OfficeApp_19.2508.37081.0_language-ko.msix\": Microsoft.MicrosoftOfficeHub_19.2508.37081.0_neutral_split.language-ko_8wekyb3d8bbwe \"OfficeApp_19.2508.37081.0_language-kok.msix\": Microsoft.MicrosoftOfficeHub_19.2508.37081.0_neutral_split.language-kok_8wekyb3d8bbwe \"OfficeApp_19.2508.37081.0_language-lb.msix\": Microsoft.MicrosoftOfficeHub_19.2508.37081.0_neutral_split.language-lb_8wekyb3d8bbwe \"OfficeApp_19.2508.37081.0_language-lo.msix\": Microsoft.MicrosoftOfficeHub_19.2508.37081.0_neutral_split.language-lo_8wekyb3d8bbwe \"OfficeApp_19.2508.37081.0_language-lt.msix\": Microsoft.MicrosoftOfficeHub_19.2508.37081.0_neutral_split.language-lt_8wekyb3d8bbwe \"OfficeApp_19.2508.37081.0_language-lv.msix\": Microsoft.MicrosoftOfficeHub_19.2508.37081.0_neutral_split.language-lv_8wekyb3d8bbwe \"OfficeApp_19.2508.37081.0_language-mi-latn.msix\": Microsoft.MicrosoftOfficeHub_19.2508.37081.0_neutral_split.language-mi-latn_8wekyb3d8bbwe \"OfficeApp_19.2508.37081.0_language-mk.msix\": Microsoft.MicrosoftOfficeHub_19.2508.37081.0_neutral_split.language-mk_8wekyb3d8bbwe \"OfficeApp_19.2508.37081.0_language-ml.msix\": Microsoft.MicrosoftOfficeHub_19.2508.37081.0_neutral_split.language-ml_8wekyb3d8bbwe \"OfficeApp_19.2508.37081.0_language-mr.msix\": Microsoft.MicrosoftOfficeHub_19.2508.37081.0_neutral_split.language-mr_8wekyb3d8bbwe \"OfficeApp_19.2508.37081.0_language-ms.msix\": Microsoft.MicrosoftOfficeHub_19.2508.37081.0_neutral_split.language-ms_8wekyb3d8bbwe \"OfficeApp_19.2508.37081.0_language-mt.msix\": Microsoft.MicrosoftOfficeHub_19.2508.37081.0_neutral_split.language-mt_8wekyb3d8bbwe \"OfficeApp_19.2508.37081.0_language-nb.msix\": Microsoft.MicrosoftOfficeHub_19.2508.37081.0_neutral_split.language-nb_8wekyb3d8bbwe \"OfficeApp_19.2508.37081.0_language-ne.msix\": Microsoft.MicrosoftOfficeHub_19.2508.37081.0_neutral_split.language-ne_8wekyb3d8bbwe \"OfficeApp_19.2508.37081.0_language-nl.msix\": Microsoft.MicrosoftOfficeHub_19.2508.37081.0_neutral_split.language-nl_8wekyb3d8bbwe \"OfficeApp_19.2508.37081.0_language-nn.msix\": Microsoft.MicrosoftOfficeHub_19.2508.37081.0_neutral_split.language-nn_8wekyb3d8bbwe \"OfficeApp_19.2508.37081.0_language-or.msix\": Microsoft.MicrosoftOfficeHub_19.2508.37081.0_neutral_split.language-or_8wekyb3d8bbwe \"OfficeApp_19.2508.37081.0_language-pa.msix\": Microsoft.MicrosoftOfficeHub_19.2508.37081.0_neutral_split.language-pa_8wekyb3d8bbwe \"OfficeApp_19.2508.37081.0_language-pl.msix\": Microsoft.MicrosoftOfficeHub_19.2508.37081.0_neutral_split.language-pl_8wekyb3d8bbwe \"OfficeApp_19.2508.37081.0_language-pt.msix\": Microsoft.MicrosoftOfficeHub_19.2508.37081.0_neutral_split.language-pt_8wekyb3d8bbwe \"OfficeApp_19.2508.37081.0_language-quz-latn.msix\": Microsoft.MicrosoftOfficeHub_19.2508.37081.0_neutral_split.language-quz-latn_8wekyb3d8bbwe \"OfficeApp_19.2508.37081.0_language-ro.msix\": Microsoft.MicrosoftOfficeHub_19.2508.37081.0_neutral_split.language-ro_8wekyb3d8bbwe \"OfficeApp_19.2508.37081.0_language-ru.msix\": Microsoft.MicrosoftOfficeHub_19.2508.37081.0_neutral_split.language-ru_8wekyb3d8bbwe \"OfficeApp_19.2508.37081.0_language-sk.msix\": Microsoft.MicrosoftOfficeHub_19.2508.37081.0_neutral_split.language-sk_8wekyb3d8bbwe \"OfficeApp_19.2508.37081.0_language-sl.msix\": Microsoft.MicrosoftOfficeHub_19.2508.37081.0_neutral_split.language-sl_8wekyb3d8bbwe \"OfficeApp_19.2508.37081.0_language-sq.msix\": Microsoft.MicrosoftOfficeHub_19.2508.37081.0_neutral_split.language-sq_8wekyb3d8bbwe \"OfficeApp_19.2508.37081.0_language-sr-cyrl.msix\": Microsoft.MicrosoftOfficeHub_19.2508.37081.0_neutral_split.language-sr-cyrl_8wekyb3d8bbwe \"OfficeApp_19.2508.37081.0_language-sr-latn.msix\": Microsoft.MicrosoftOfficeHub_19.2508.37081.0_neutral_split.language-sr-latn_8wekyb3d8bbwe \"OfficeApp_19.2508.37081.0_language-sv.msix\": Microsoft.MicrosoftOfficeHub_19.2508.37081.0_neutral_split.language-sv_8wekyb3d8bbwe \"OfficeApp_19.2508.37081.0_language-ta.msix\": Microsoft.MicrosoftOfficeHub_19.2508.37081.0_neutral_split.language-ta_8wekyb3d8bbwe \"OfficeApp_19.2508.37081.0_language-te.msix\": Microsoft.MicrosoftOfficeHub_19.2508.37081.0_neutral_split.language-te_8wekyb3d8bbwe \"OfficeApp_19.2508.37081.0_language-th.msix\": Microsoft.MicrosoftOfficeHub_19.2508.37081.0_neutral_split.language-th_8wekyb3d8bbwe \"OfficeApp_19.2508.37081.0_language-tr.msix\": Microsoft.MicrosoftOfficeHub_19.2508.37081.0_neutral_split.language-tr_8wekyb3d8bbwe \"OfficeApp_19.2508.37081.0_language-tt-cyrl.msix\": Microsoft.MicrosoftOfficeHub_19.2508.37081.0_neutral_split.language-tt-cyrl_8wekyb3d8bbwe \"OfficeApp_19.2508.37081.0_language-ug-arab.msix\": Microsoft.MicrosoftOfficeHub_19.2508.37081.0_neutral_split.language-ug-arab_8wekyb3d8bbwe \"OfficeApp_19.2508.37081.0_language-uk.msix\": Microsoft.MicrosoftOfficeHub_19.2508.37081.0_neutral_split.language-uk_8wekyb3d8bbwe \"OfficeApp_19.2508.37081.0_language-ur.msix\": Microsoft.MicrosoftOfficeHub_19.2508.37081.0_neutral_split.language-ur_8wekyb3d8bbwe \"OfficeApp_19.2508.37081.0_language-vi.msix\": Microsoft.MicrosoftOfficeHub_19.2508.37081.0_neutral_split.language-vi_8wekyb3d8bbwe \"OfficeApp_19.2508.37081.0_language-zh-hans.msix\": Microsoft.MicrosoftOfficeHub_19.2508.37081.0_neutral_split.language-zh-hans_8wekyb3d8bbwe \"OfficeApp_19.2508.37081.0_language-zh-hant.msix\": Microsoft.MicrosoftOfficeHub_19.2508.37081.0_neutral_split.language-zh-hant_8wekyb3d8bbwe \"OfficeApp_19.2508.37081.0_scale-100.msix\": Microsoft.MicrosoftOfficeHub_19.2508.37081.0_neutral_split.scale-100_8wekyb3d8bbwe \"OfficeApp_19.2508.37081.0_scale-125.msix\": Microsoft.MicrosoftOfficeHub_19.2508.37081.0_neutral_split.scale-125_8wekyb3d8bbwe \"OfficeApp_19.2508.37081.0_scale-140.msix\": Microsoft.MicrosoftOfficeHub_19.2508.37081.0_neutral_split.scale-140_8wekyb3d8bbwe \"OfficeApp_19.2508.37081.0_scale-150.msix\": Microsoft.MicrosoftOfficeHub_19.2508.37081.0_neutral_split.scale-150_8wekyb3d8bbwe \"OfficeApp_19.2508.37081.0_scale-180.msix\": Microsoft.MicrosoftOfficeHub_19.2508.37081.0_neutral_split.scale-180_8wekyb3d8bbwe \"OfficeApp_19.2508.37081.0_scale-300.msix\": Microsoft.MicrosoftOfficeHub_19.2508.37081.0_neutral_split.scale-300_8wekyb3d8bbwe \"OfficeApp_19.2508.37081.0_scale-400.msix\": Microsoft.MicrosoftOfficeHub_19.2508.37081.0_neutral_split.scale-400_8wekyb3d8bbwe"}
{"EventID": "854", "Channel": "Microsoft-Windows-AppXDeploymentServer/Operational", "Provider_Name": "Microsoft-Windows-AppXDeployment-Server", "Computer": "DESKTOP-OFJ6N53", "TimeCreated": "2025-08-12 12:19:36.071417+00:00", "RecordID": "115743", "Level": "4", "UserID": "S-1-5-21-963789628-1060504924-4285088085-1001", "EventData.Path": "C:\\Program Files\\WindowsApps\\Microsoft.MicrosoftOfficeHub_2025.807.1353.0_neutral_~_8wekyb3d8bbwe\\AppxMetadata\\AppxBundleManifest.xml C:\\Program Files\\WindowsApps\\Microsoft.MicrosoftOfficeHub_19.2508.37081.0_x64__8wekyb3d8bbwe\\AppxManifest.xml C:\\Program Files\\WindowsApps\\Microsoft.MicrosoftOfficeHub_19.2508.37081.0_neutral_split.scale-125_8wekyb3d8bbwe\\AppxManifest.xml C:\\Program Files\\WindowsApps\\Microsoft.MicrosoftOfficeHub_19.2508.37081.0_neutral_split.scale-100_8wekyb3d8bbwe\\AppxManifest.xml C:\\Program Files\\WindowsApps\\Microsoft.MicrosoftOfficeHub_19.2508.37081.0_neutral_split.language-ru_8wekyb3d8bbwe\\AppxManifest.xml"}
{"EventID": "855", "Channel": "Microsoft-Windows-AppXDeploymentServer/Operational", "Provider_Name": "Microsoft-Windows-AppXDeployment-Server", "Computer": "DESKTOP-OFJ6N53", "TimeCreated": "2025-08-12 12:19:36.626097+00:00", "RecordID": "115744", "Level": "4", "UserID": "S-1-5-21-963789628-1060504924-4285088085-1001", "EventData.PackageMoniker": "addPackageList: Microsoft.MicrosoftOfficeHub_19.2508.37081.0_x64__8wekyb3d8bbwe Microsoft.MicrosoftOfficeHub_2025.807.1353.0_neutral_~_8wekyb3d8bbwe updateList: Microsoft.MicrosoftOfficeHub_19.2507.59091.0_neutral_split.scale-125_8wekyb3d8bbwe is updating to Microsoft.MicrosoftOfficeHub_19.2508.37081.0_neutral_split.scale-125_8wekyb3d8bbwe Microsoft.MicrosoftOfficeHub_19.2507.59091.0_neutral_split.scale-100_8wekyb3d8bbwe is updating to Microsoft.MicrosoftOfficeHub_19.2508.37081.0_neutral_split.scale-100_8wekyb3d8bbwe Microsoft.MicrosoftOfficeHub_19.2507.59091.0_neutral_split.language-ru_8wekyb3d8bbwe is updating to Microsoft.MicrosoftOfficeHub_19.2508.37081.0_neutral_split.language-ru_8wekyb3d8bbwe destagePackageList: Microsoft.MicrosoftOfficeHub_2025.729.2200.0_neutral_~_8wekyb3d8bbwe Microsoft.MicrosoftOfficeHub_19.2507.59091.0_x64__8wekyb3d8bbwe"}
{"EventID": "573", "Channel": "Microsoft-Windows-AppXDeploymentServer/Operational", "Provider_Name": "Microsoft-Windows-AppXDeployment-Server", "Computer": "DESKTOP-OFJ6N53", "TimeCreated": "2025-08-12 12:19:36.802860+00:00", "RecordID": "115745", "Level": "4", "UserID": "S-1-5-21-963789628-1060504924-4285088085-1001", "EventData.PackageFamilyName": "Microsoft.MicrosoftOfficeHub_8wekyb3d8bbwe", "EventData.SettingSyncEnabled": "False"}
{"EventID": "9643", "Channel": "Microsoft-Windows-AppXDeploymentServer/Operational", "Provider_Name": "Microsoft-Windows-AppXDeployment-Server", "Computer": "DESKTOP-OFJ6N53", "TimeCreated": "2025-08-12 12:19:36.812496+00:00", "RecordID": "115746", "Level": "5", "UserID": "S-1-5-21-963789628-1060504924-4285088085-1001", "EventData.ErrorCode": "0x00000000"}
{"EventID": "9643", "Channel": "Microsoft-Windows-AppXDeploymentServer/Operational", "Provider_Name": "Microsoft-Windows-AppXDeployment-Server", "Computer": "DESKTOP-OFJ6N53", "TimeCreated": "2025-08-12 12:19:36.812565+00:00", "RecordID": "115747", "Level": "5", "UserID": "S-1-5-21-963789628-1060504924-4285088085-1001", "EventData.ErrorCode": "0x00000000"}
{"EventID": "10000", "Channel": "Microsoft-Windows-AppXDeploymentServer/Operational", "Provider_Name": "Microsoft-Windows-AppXDeployment-Server", "Computer": "DESKTOP-OFJ6N53", "TimeCreated": "2025-08-12 12:19:36.813059+00:00", "RecordID": "115748", "Level": "5", "UserID": "S-1-5-18", "EventData.PackageFullName": "Microsoft.MicrosoftOfficeHub_19.2508.37081.0_x64__8wekyb3d8bbwe", "EventData.ErrorCode": "0x00000000"}
{"EventID": "10000", "Channel": "Microsoft-Windows-AppXDeploymentServer/Operational", "Provider_Name": "Microsoft-Windows-AppXDeployment-Server", "Computer": "DESKTOP-OFJ6N53", "TimeCreated": "2025-08-12 12:19:36.813454+00:00", "RecordID": "115749", "Level": "5", "UserID": "S-1-5-18", "EventData.PackageFullName": "Microsoft.MicrosoftOfficeHub_19.2507.59091.0_x64__8wekyb3d8bbwe", "EventData.ErrorCode": "0x00000000"}
{"EventID": "9643", "Channel": "Microsoft-Windows-AppXDeploymentServer/Operational", "Provider_Name": "Microsoft-Windows-AppXDeployment-Server", "Computer": "DESKTOP-OFJ6N53", "TimeCreated": "2025-08-12 12:19:36.846945+00:00", "RecordID": "115750", "Level": "5", "UserID": "S-1-5-21-963789628-1060504924-4285088085-1001", "EventData.ErrorCode": "0x00000000"}
{"EventID": "9643", "Channel": "Microsoft-Windows-AppXDeploymentServer/Operational", "Provider_Name": "Microsoft-Windows-AppXDeployment-Server", "Computer": "DESKTOP-OFJ6N53", "TimeCreated": "2025-08-12 12:19:36.846991+00:00", "RecordID": "115751", "Level": "5", "UserID": "S-1-5-21-963789628-1060504924-4285088085-1001", "EventData.ErrorCode": "0x00000000"}
{"EventID": "5505", "Channel": "Microsoft-Windows-AppXDeploymentServer/Operational", "Provider_Name": "Microsoft-Windows-AppXDeployment-Server", "Computer": "DESKTOP-OFJ6N53", "TimeCreated": "2025-08-12 12:19:37.423883+00:00", "RecordID": "115752", "Level": "5", "UserID": "S-1-5-18", "EventData.PackageName": "Microsoft.MicrosoftOfficeHub_19.2508.37081.0_x64__8wekyb3d8bbwe", "EventData.FilePath": "C:\\Program Files\\WindowsApps\\Microsoft.MicrosoftOfficeHub_19.2508.37081.0_x64__8wekyb3d8bbwe\\microsoft.system.package.metadata\\S-1-5-21-963789628-1060504924-4285088085-1001-MergedResources-88.pri", "EventData.Message": "Linked user-specific merged PRI file"}
{"EventID": "8100", "Channel": "Microsoft-Windows-AppXDeploymentServer/Operational", "Provider_Name": "Microsoft-Windows-AppXDeployment-Server", "Computer": "DESKTOP-OFJ6N53", "TimeCreated": "2025-08-12 12:19:37.432367+00:00", "RecordID": "115753", "Level": "5", "UserID": "S-1-5-18", "EventData.PackageFullName": "Microsoft.MicrosoftOfficeHub_19.2508.37081.0_x64__8wekyb3d8bbwe", "EventData.Flags": "0x00000009"}
{"EventID": "8106", "Channel": "Microsoft-Windows-AppXDeploymentServer/Operational", "Provider_Name": "Microsoft-Windows-AppXDeployment-Server", "Computer": "DESKTOP-OFJ6N53", "TimeCreated": "2025-08-12 12:19:37.435846+00:00", "RecordID": "115754", "Level": "5", "UserID": "S-1-5-18", "EventData.PackageFullName": "Microsoft.MicrosoftOfficeHub_19.2508.37081.0_x64__8wekyb3d8bbwe", "EventData.Flags": "0x00000009"}
{"EventID": "8101", "Channel": "Microsoft-Windows-AppXDeploymentServer/Operational", "Provider_Name": "Microsoft-Windows-AppXDeployment-Server", "Computer": "DESKTOP-OFJ6N53", "TimeCreated": "2025-08-12 12:19:37.435858+00:00", "RecordID": "115755", "Level": "5", "UserID": "S-1-5-18", "EventData.PackageFullName": "Microsoft.MicrosoftOfficeHub_19.2508.37081.0_x64__8wekyb3d8bbwe", "EventData.Flags": "0x00000009"}
{"EventID": "8100", "Channel": "Microsoft-Windows-AppXDeploymentServer/Operational", "Provider_Name": "Microsoft-Windows-AppXDeployment-Server", "Computer": "DESKTOP-OFJ6N53", "TimeCreated": "2025-08-12 12:19:37.435860+00:00", "RecordID": "115756", "Level": "5", "UserID": "S-1-5-18", "EventData.PackageFullName": "Microsoft.MicrosoftOfficeHub_19.2508.37081.0_neutral_split.scale-125_8wekyb3d8bbwe", "EventData.Flags": "0x00000009"}
{"EventID": "8106", "Channel": "Microsoft-Windows-AppXDeploymentServer/Operational", "Provider_Name": "Microsoft-Windows-AppXDeployment-Server", "Computer": "DESKTOP-OFJ6N53", "TimeCreated": "2025-08-12 12:19:37.438360+00:00", "RecordID": "115757", "Level": "5", "UserID": "S-1-5-18", "EventData.PackageFullName": "Microsoft.MicrosoftOfficeHub_19.2508.37081.0_neutral_split.scale-125_8wekyb3d8bbwe", "EventData.Flags": "0x00000009"}
