{"EventID": "108", "Channel": "Microsoft-Windows-AppReadiness/Operational", "Provider_Name": "Microsoft-Windows-AppReadiness", "Computer": "WIN-E725EAE32MJ", "TimeCreated": "2022-02-24 08:24:55.044725+00:00", "RecordID": "1", "Level": "4", "UserID": "S-1-5-18", "EventData.Source": "2"}
{"EventID": "103", "Channel": "Microsoft-Windows-AppReadiness/Operational", "Provider_Name": "Microsoft-Windows-AppReadiness", "Computer": "WIN-E725EAE32MJ", "TimeCreated": "2022-02-24 08:26:39.995974+00:00", "RecordID": "2", "Level": "4", "UserID": "S-1-5-18"}
{"EventID": "106", "Channel": "Microsoft-Windows-AppReadiness/Operational", "Provider_Name": "Microsoft-Windows-AppReadiness", "Computer": "DESKTOP-OFJ6N53", "TimeCreated": "2022-02-24 08:27:31.811501+00:00", "RecordID": "3", "Level": "4", "UserID": "S-1-5-18", "EventData.User": "S-1-5-21-963789628-1060504924-4285088085-1000"}
{"EventID": "105", "Channel": "Microsoft-Windows-AppReadiness/Operational", "Provider_Name": "Microsoft-Windows-AppReadiness", "Computer": "DESKTOP-OFJ6N53", "TimeCreated": "2022-02-24 08:29:50.053822+00:00", "RecordID": "4", "Level": "4", "UserID": "S-1-5-18", "EventData.IsIdle": "False", "EventData.Reason": "S-1-5-21-963789628-1060504924-4285088085-1000"}
{"EventID": "105", "Channel": "Microsoft-Windows-AppReadiness/Operational", "Provider_Name": "Microsoft-Windows-AppReadiness", "Computer": "DESKTOP-OFJ6N53", "TimeCreated": "2022-02-24 08:32:20.053888+00:00", "RecordID": "5", "Level": "4", "UserID": "S-1-5-18", "EventData.IsIdle": "False", "EventData.Reason": "S-1-5-21-963789628-1060504924-4285088085-1000"}
{"EventID": "105", "Channel": "Microsoft-Windows-AppReadiness/Operational", "Provider_Name": "Microsoft-Windows-AppReadiness", "Computer": "DESKTOP-OFJ6N53", "TimeCreated": "2022-02-24 08:34:50.053867+00:00", "RecordID": "6", "Level": "4", "UserID": "S-1-5-18", "EventData.IsIdle": "False", "EventData.Reason": "S-1-5-21-963789628-1060504924-4285088085-1000"}
{"EventID": "105", "Channel": "Microsoft-Windows-AppReadiness/Operational", "Provider_Name": "Microsoft-Windows-AppReadiness", "Computer": "DESKTOP-OFJ6N53", "TimeCreated": "2022-02-24 08:37:20.069592+00:00", "RecordID": "7", "Level": "4", "UserID": "S-1-5-18", "EventData.IsIdle": "False", "EventData.Reason": "S-1-5-21-963789628-1060504924-4285088085-1000"}
{"EventID": "105", "Channel": "Microsoft-Windows-AppReadiness/Operational", "Provider_Name": "Microsoft-Windows-AppReadiness", "Computer": "DESKTOP-OFJ6N53", "TimeCreated": "2022-02-24 08:39:50.085110+00:00", "RecordID": "8", "Level": "4", "UserID": "S-1-5-18", "EventData.IsIdle": "False", "EventData.Reason": "S-1-5-21-963789628-1060504924-4285088085-1000"}
{"EventID": "105", "Channel": "Microsoft-Windows-AppReadiness/Operational", "Provider_Name": "Microsoft-Windows-AppReadiness", "Computer": "DESKTOP-OFJ6N53", "TimeCreated": "2022-02-24 08:42:20.085461+00:00", "RecordID": "9", "Level": "4", "UserID": "S-1-5-18", "EventData.IsIdle": "False", "EventData.Reason": "S-1-5-21-963789628-1060504924-4285088085-1000"}
{"EventID": "105", "Channel": "Microsoft-Windows-AppReadiness/Operational", "Provider_Name": "Microsoft-Windows-AppReadiness", "Computer": "DESKTOP-OFJ6N53", "TimeCreated": "2022-02-24 08:44:50.085293+00:00", "RecordID": "10", "Level": "4", "UserID": "S-1-5-18", "EventData.IsIdle": "False", "EventData.Reason": "S-1-5-21-963789628-1060504924-4285088085-1000"}
{"EventID": "105", "Channel": "Microsoft-Windows-AppReadiness/Operational", "Provider_Name": "Microsoft-Windows-AppReadiness", "Computer": "DESKTOP-OFJ6N53", "TimeCreated": "2022-02-24 08:47:20.100740+00:00", "RecordID": "11", "Level": "4", "UserID": "S-1-5-18", "EventData.IsIdle": "False", "EventData.Reason": "S-1-5-21-963789628-1060504924-4285088085-1000"}
{"EventID": "105", "Channel": "Microsoft-Windows-AppReadiness/Operational", "Provider_Name": "Microsoft-Windows-AppReadiness", "Computer": "DESKTOP-OFJ6N53", "TimeCreated": "2022-02-24 08:49:50.100752+00:00", "RecordID": "12", "Level": "4", "UserID": "S-1-5-18", "EventData.IsIdle": "False", "EventData.Reason": "S-1-5-21-963789628-1060504924-4285088085-1000"}
{"EventID": "105", "Channel": "Microsoft-Windows-AppReadiness/Operational", "Provider_Name": "Microsoft-Windows-AppReadiness", "Computer": "DESKTOP-OFJ6N53", "TimeCreated": "2022-02-24 08:52:20.100786+00:00", "RecordID": "13", "Level": "4", "UserID": "S-1-5-18", "EventData.IsIdle": "False", "EventData.Reason": "S-1-5-21-963789628-1060504924-4285088085-1000"}
{"EventID": "105", "Channel": "Microsoft-Windows-AppReadiness/Operational", "Provider_Name": "Microsoft-Windows-AppReadiness", "Computer": "DESKTOP-OFJ6N53", "TimeCreated": "2022-02-24 08:54:50.116402+00:00", "RecordID": "14", "Level": "4", "UserID": "S-1-5-18", "EventData.IsIdle": "False", "EventData.Reason": "S-1-5-21-963789628-1060504924-4285088085-1000"}
{"EventID": "105", "Channel": "Microsoft-Windows-AppReadiness/Operational", "Provider_Name": "Microsoft-Windows-AppReadiness", "Computer": "DESKTOP-OFJ6N53", "TimeCreated": "2022-02-24 08:57:22.162580+00:00", "RecordID": "15", "Level": "4", "UserID": "S-1-5-18", "EventData.IsIdle": "False", "EventData.Reason": "S-1-5-21-963789628-1060504924-4285088085-1000"}
{"EventID": "105", "Channel": "Microsoft-Windows-AppReadiness/Operational", "Provider_Name": "Microsoft-Windows-AppReadiness", "Computer": "DESKTOP-OFJ6N53", "TimeCreated": "2022-02-24 08:59:52.179058+00:00", "RecordID": "16", "Level": "4", "UserID": "S-1-5-18", "EventData.IsIdle": "False", "EventData.Reason": "S-1-5-21-963789628-1060504924-4285088085-1000"}
{"EventID": "105", "Channel": "Microsoft-Windows-AppReadiness/Operational", "Provider_Name": "Microsoft-Windows-AppReadiness", "Computer": "DESKTOP-OFJ6N53", "TimeCreated": "2022-02-24 09:02:22.179068+00:00", "RecordID": "17", "Level": "4", "UserID": "S-1-5-18", "EventData.IsIdle": "False", "EventData.Reason": "S-1-5-21-963789628-1060504924-4285088085-1000"}
{"EventID": "105", "Channel": "Microsoft-Windows-AppReadiness/Operational", "Provider_Name": "Microsoft-Windows-AppReadiness", "Computer": "DESKTOP-OFJ6N53", "TimeCreated": "2022-02-24 09:04:52.194626+00:00", "RecordID": "18", "Level": "4", "UserID": "S-1-5-18", "EventData.IsIdle": "False", "EventData.Reason": "S-1-5-21-963789628-1060504924-4285088085-1000"}
{"EventID": "105", "Channel": "Microsoft-Windows-AppReadiness/Operational", "Provider_Name": "Microsoft-Windows-AppReadiness", "Computer": "DESKTOP-OFJ6N53", "TimeCreated": "2022-02-24 09:07:22.194597+00:00", "RecordID": "19", "Level": "4", "UserID": "S-1-5-18", "EventData.IsIdle": "False", "EventData.Reason": "S-1-5-21-963789628-1060504924-4285088085-1000"}
{"EventID": "107", "Channel": "Microsoft-Windows-AppReadiness/Operational", "Provider_Name": "Microsoft-Windows-AppReadiness", "Computer": "DESKTOP-OFJ6N53", "TimeCreated": "2022-02-24 09:08:44.415525+00:00", "RecordID": "20", "Level": "4", "UserID": "S-1-5-18", "EventData.User": "S-1-5-21-963789628-1060504924-4285088085-1000"}
{"EventID": "106", "Channel": "Microsoft-Windows-AppReadiness/Operational", "Provider_Name": "Microsoft-Windows-AppReadiness", "Computer": "DESKTOP-OFJ6N53", "TimeCreated": "2022-02-24 09:08:48.281435+00:00", "RecordID": "21", "Level": "4", "UserID": "S-1-5-18", "EventData.User": "S-1-5-21-963789628-1060504924-4285088085-1001"}
{"EventID": "309", "Channel": "Microsoft-Windows-AppReadiness/Operational", "Provider_Name": "Microsoft-Windows-AppReadiness", "Computer": "DESKTOP-OFJ6N53", "TimeCreated": "2022-02-24 09:09:09.927238+00:00", "RecordID": "22", "Level": "4", "UserID": "S-1-5-18", "EventData.User": "S-1-5-21-963789628-1060504924-4285088085-1001"}
{"EventID": "310", "Channel": "Microsoft-Windows-AppReadiness/Operational", "Provider_Name": "Microsoft-Windows-AppReadiness", "Computer": "DESKTOP-OFJ6N53", "TimeCreated": "2022-02-24 09:09:09.938379+00:00", "RecordID": "23", "Level": "4", "UserID": "S-1-5-18", "EventData.User": "S-1-5-21-963789628-1060504924-4285088085-1001"}
{"EventID": "105", "Channel": "Microsoft-Windows-AppReadiness/Operational", "Provider_Name": "Microsoft-Windows-AppReadiness", "Computer": "DESKTOP-OFJ6N53", "TimeCreated": "2022-02-24 09:09:52.197975+00:00", "RecordID": "24", "Level": "4", "UserID": "S-1-5-18", "EventData.IsIdle": "False", "EventData.Reason": "S-1-5-21-963789628-1060504924-4285088085-1001"}
{"EventID": "105", "Channel": "Microsoft-Windows-AppReadiness/Operational", "Provider_Name": "Microsoft-Windows-AppReadiness", "Computer": "DESKTOP-OFJ6N53", "TimeCreated": "2022-02-24 09:12:22.209768+00:00", "RecordID": "25", "Level": "4", "UserID": "S-1-5-18", "EventData.IsIdle": "False", "EventData.Reason": "ExternalObjects"}
{"EventID": "105", "Channel": "Microsoft-Windows-AppReadiness/Operational", "Provider_Name": "Microsoft-Windows-AppReadiness", "Computer": "DESKTOP-OFJ6N53", "TimeCreated": "2022-02-24 12:14:52.206686+00:00", "RecordID": "26", "Level": "4", "UserID": "S-1-5-18", "EventData.IsIdle": "False", "EventData.Reason": "ExternalObjects"}
{"EventID": "105", "Channel": "Microsoft-Windows-AppReadiness/Operational", "Provider_Name": "Microsoft-Windows-AppReadiness", "Computer": "DESKTOP-OFJ6N53", "TimeCreated": "2022-02-24 12:17:22.209291+00:00", "RecordID": "27", "Level": "4", "UserID": "S-1-5-18", "EventData.IsIdle": "False", "EventData.Reason": "ExternalObjects"}
{"EventID": "105", "Channel": "Microsoft-Windows-AppReadiness/Operational", "Provider_Name": "Microsoft-Windows-AppReadiness", "Computer": "DESKTOP-OFJ6N53", "TimeCreated": "2022-02-24 12:19:52.217802+00:00", "RecordID": "28", "Level": "4", "UserID": "S-1-5-18", "EventData.IsIdle": "False", "EventData.Reason": "ExternalObjects"}
{"EventID": "105", "Channel": "Microsoft-Windows-AppReadiness/Operational", "Provider_Name": "Microsoft-Windows-AppReadiness", "Computer": "DESKTOP-OFJ6N53", "TimeCreated": "2022-02-24 12:22:22.229151+00:00", "RecordID": "29", "Level": "4", "UserID": "S-1-5-18", "EventData.IsIdle": "False", "EventData.Reason": "ExternalObjects"}
{"EventID": "105", "Channel": "Microsoft-Windows-AppReadiness/Operational", "Provider_Name": "Microsoft-Windows-AppReadiness", "Computer": "DESKTOP-OFJ6N53", "TimeCreated": "2022-02-24 12:24:52.243507+00:00", "RecordID": "30", "Level": "4", "UserID": "S-1-5-18", "EventData.IsIdle": "False", "EventData.Reason": "ExternalObjects"}
{"EventID": "217", "Channel": "Microsoft-Windows-AppReadiness/Operational", "Provider_Name": "Microsoft-Windows-AppReadiness", "Computer": "DESKTOP-OFJ6N53", "TimeCreated": "2022-02-24 12:25:09.947268+00:00", "RecordID": "31", "Level": "4", "UserID": "S-1-5-18", "EventData.User": "S-1-5-21-963789628-1060504924-4285088085-1001"}
{"EventID": "11", "Channel": "Microsoft-Windows-AppReadiness/Operational", "Provider_Name": "Microsoft-Windows-AppReadiness", "Computer": "DESKTOP-OFJ6N53", "TimeCreated": "2022-02-24 12:26:26.571884+00:00", "RecordID": "32", "Level": "3", "UserID": "S-1-5-21-963789628-1060504924-4285088085-1001", "EventData.Error": "-2147024809", "EventData.Expression": "ResultFromWin32FromStatus(BiPtAssociateApplicationExtensionClass(&guid, &acid, &eventId, nullptr, 0, 0, nullptr))", "EventData.Function": "AppReadiness::Tasks::ActivateApps::OnExecute::<lambda_77ffb5b4c88d980e092855dcb2471f73>::operator ()", "EventData.File": "onecoreuap\\shell\\appreadiness\\src\\tasks\\activateapps.cpp", "EventData.Line": "107"}
{"EventID": "105", "Channel": "Microsoft-Windows-AppReadiness/Operational", "Provider_Name": "Microsoft-Windows-AppReadiness", "Computer": "DESKTOP-OFJ6N53", "TimeCreated": "2022-02-24 12:27:22.251680+00:00", "RecordID": "33", "Level": "4", "UserID": "S-1-5-18", "EventData.IsIdle": "True", "EventData.Reason": "None"}
{"EventID": "103", "Channel": "Microsoft-Windows-AppReadiness/Operational", "Provider_Name": "Microsoft-Windows-AppReadiness", "Computer": "DESKTOP-OFJ6N53", "TimeCreated": "2022-02-24 12:27:22.267527+00:00", "RecordID": "34", "Level": "4", "UserID": "S-1-5-18"}
{"EventID": "108", "Channel": "Microsoft-Windows-AppReadiness/Operational", "Provider_Name": "Microsoft-Windows-AppReadiness", "Computer": "DESKTOP-OFJ6N53", "TimeCreated": "2022-02-24 19:28:45.160173+00:00", "RecordID": "35", "Level": "4", "UserID": "S-1-5-18", "EventData.Source": "2"}
{"EventID": "105", "Channel": "Microsoft-Windows-AppReadiness/Operational", "Provider_Name": "Microsoft-Windows-AppReadiness", "Computer": "DESKTOP-OFJ6N53", "TimeCreated": "2022-02-24 19:31:15.039587+00:00", "RecordID": "36", "Level": "4", "UserID": "S-1-5-18", "EventData.IsIdle": "True", "EventData.Reason": "None"}
{"EventID": "103", "Channel": "Microsoft-Windows-AppReadiness/Operational", "Provider_Name": "Microsoft-Windows-AppReadiness", "Computer": "DESKTOP-OFJ6N53", "TimeCreated": "2022-02-24 19:31:15.055771+00:00", "RecordID": "37", "Level": "4", "UserID": "S-1-5-18"}
{"EventID": "108", "Channel": "Microsoft-Windows-AppReadiness/Operational", "Provider_Name": "Microsoft-Windows-AppReadiness", "Computer": "DESKTOP-OFJ6N53", "TimeCreated": "2022-02-24 21:42:46.671183+00:00", "RecordID": "38", "Level": "4", "UserID": "S-1-5-18", "EventData.Source": "1"}
{"EventID": "108", "Channel": "Microsoft-Windows-AppReadiness/Operational", "Provider_Name": "Microsoft-Windows-AppReadiness", "Computer": "DESKTOP-OFJ6N53", "TimeCreated": "2022-02-24 21:42:47.980141+00:00", "RecordID": "39", "Level": "4", "UserID": "S-1-5-18", "EventData.Source": "1"}
{"EventID": "108", "Channel": "Microsoft-Windows-AppReadiness/Operational", "Provider_Name": "Microsoft-Windows-AppReadiness", "Computer": "DESKTOP-OFJ6N53", "TimeCreated": "2022-02-24 21:42:49.316122+00:00", "RecordID": "40", "Level": "4", "UserID": "S-1-5-18", "EventData.Source": "1"}
{"EventID": "108", "Channel": "Microsoft-Windows-AppReadiness/Operational", "Provider_Name": "Microsoft-Windows-AppReadiness", "Computer": "DESKTOP-OFJ6N53", "TimeCreated": "2022-02-24 21:42:50.569263+00:00", "RecordID": "41", "Level": "4", "UserID": "S-1-5-18", "EventData.Source": "1"}
{"EventID": "108", "Channel": "Microsoft-Windows-AppReadiness/Operational", "Provider_Name": "Microsoft-Windows-AppReadiness", "Computer": "DESKTOP-OFJ6N53", "TimeCreated": "2022-02-24 21:42:51.960955+00:00", "RecordID": "42", "Level": "4", "UserID": "S-1-5-18", "EventData.Source": "1"}
{"EventID": "108", "Channel": "Microsoft-Windows-AppReadiness/Operational", "Provider_Name": "Microsoft-Windows-AppReadiness", "Computer": "DESKTOP-OFJ6N53", "TimeCreated": "2022-02-24 21:42:53.222895+00:00", "RecordID": "43", "Level": "4", "UserID": "S-1-5-18", "EventData.Source": "1"}
{"EventID": "108", "Channel": "Microsoft-Windows-AppReadiness/Operational", "Provider_Name": "Microsoft-Windows-AppReadiness", "Computer": "DESKTOP-OFJ6N53", "TimeCreated": "2022-02-24 21:42:54.503675+00:00", "RecordID": "44", "Level": "4", "UserID": "S-1-5-18", "EventData.Source": "1"}
{"EventID": "108", "Channel": "Microsoft-Windows-AppReadiness/Operational", "Provider_Name": "Microsoft-Windows-AppReadiness", "Computer": "DESKTOP-OFJ6N53", "TimeCreated": "2022-02-24 21:42:55.782753+00:00", "RecordID": "45", "Level": "4", "UserID": "S-1-5-18", "EventData.Source": "1"}
{"EventID": "108", "Channel": "Microsoft-Windows-AppReadiness/Operational", "Provider_Name": "Microsoft-Windows-AppReadiness", "Computer": "DESKTOP-OFJ6N53", "TimeCreated": "2022-02-24 21:42:57.183853+00:00", "RecordID": "46", "Level": "4", "UserID": "S-1-5-18", "EventData.Source": "1"}
{"EventID": "108", "Channel": "Microsoft-Windows-AppReadiness/Operational", "Provider_Name": "Microsoft-Windows-AppReadiness", "Computer": "DESKTOP-OFJ6N53", "TimeCreated": "2022-02-24 21:42:58.449785+00:00", "RecordID": "47", "Level": "4", "UserID": "S-1-5-18", "EventData.Source": "1"}
{"EventID": "108", "Channel": "Microsoft-Windows-AppReadiness/Operational", "Provider_Name": "Microsoft-Windows-AppReadiness", "Computer": "DESKTOP-OFJ6N53", "TimeCreated": "2022-02-24 21:42:59.705273+00:00", "RecordID": "48", "Level": "4", "UserID": "S-1-5-18", "EventData.Source": "1"}
{"EventID": "108", "Channel": "Microsoft-Windows-AppReadiness/Operational", "Provider_Name": "Microsoft-Windows-AppReadiness", "Computer": "DESKTOP-OFJ6N53", "TimeCreated": "2022-02-24 21:43:01.064571+00:00", "RecordID": "49", "Level": "4", "UserID": "S-1-5-18", "EventData.Source": "1"}
{"EventID": "108", "Channel": "Microsoft-Windows-AppReadiness/Operational", "Provider_Name": "Microsoft-Windows-AppReadiness", "Computer": "DESKTOP-OFJ6N53", "TimeCreated": "2022-02-24 21:43:02.344147+00:00", "RecordID": "50", "Level": "4", "UserID": "S-1-5-18", "EventData.Source": "1"}
{"EventID": "108", "Channel": "Microsoft-Windows-AppReadiness/Operational", "Provider_Name": "Microsoft-Windows-AppReadiness", "Computer": "DESKTOP-OFJ6N53", "TimeCreated": "2022-02-24 21:43:03.665785+00:00", "RecordID": "51", "Level": "4", "UserID": "S-1-5-18", "EventData.Source": "1"}
{"EventID": "108", "Channel": "Microsoft-Windows-AppReadiness/Operational", "Provider_Name": "Microsoft-Windows-AppReadiness", "Computer": "DESKTOP-OFJ6N53", "TimeCreated": "2022-02-24 21:43:04.934757+00:00", "RecordID": "52", "Level": "4", "UserID": "S-1-5-18", "EventData.Source": "1"}
{"EventID": "108", "Channel": "Microsoft-Windows-AppReadiness/Operational", "Provider_Name": "Microsoft-Windows-AppReadiness", "Computer": "DESKTOP-OFJ6N53", "TimeCreated": "2022-02-24 21:43:06.200125+00:00", "RecordID": "53", "Level": "4", "UserID": "S-1-5-18", "EventData.Source": "1"}
{"EventID": "108", "Channel": "Microsoft-Windows-AppReadiness/Operational", "Provider_Name": "Microsoft-Windows-AppReadiness", "Computer": "DESKTOP-OFJ6N53", "TimeCreated": "2022-02-24 21:43:07.489153+00:00", "RecordID": "54", "Level": "4", "UserID": "S-1-5-18", "EventData.Source": "1"}
{"EventID": "108", "Channel": "Microsoft-Windows-AppReadiness/Operational", "Provider_Name": "Microsoft-Windows-AppReadiness", "Computer": "DESKTOP-OFJ6N53", "TimeCreated": "2022-02-24 21:43:08.721296+00:00", "RecordID": "55", "Level": "4", "UserID": "S-1-5-18", "EventData.Source": "1"}
{"EventID": "108", "Channel": "Microsoft-Windows-AppReadiness/Operational", "Provider_Name": "Microsoft-Windows-AppReadiness", "Computer": "DESKTOP-OFJ6N53", "TimeCreated": "2022-02-24 21:43:09.982685+00:00", "RecordID": "56", "Level": "4", "UserID": "S-1-5-18", "EventData.Source": "1"}
{"EventID": "108", "Channel": "Microsoft-Windows-AppReadiness/Operational", "Provider_Name": "Microsoft-Windows-AppReadiness", "Computer": "DESKTOP-OFJ6N53", "TimeCreated": "2022-02-24 21:43:11.333239+00:00", "RecordID": "57", "Level": "4", "UserID": "S-1-5-18", "EventData.Source": "1"}
{"EventID": "108", "Channel": "Microsoft-Windows-AppReadiness/Operational", "Provider_Name": "Microsoft-Windows-AppReadiness", "Computer": "DESKTOP-OFJ6N53", "TimeCreated": "2022-02-24 21:43:12.644096+00:00", "RecordID": "58", "Level": "4", "UserID": "S-1-5-18", "EventData.Source": "1"}
{"EventID": "108", "Channel": "Microsoft-Windows-AppReadiness/Operational", "Provider_Name": "Microsoft-Windows-AppReadiness", "Computer": "DESKTOP-OFJ6N53", "TimeCreated": "2022-02-24 21:43:13.914087+00:00", "RecordID": "59", "Level": "4", "UserID": "S-1-5-18", "EventData.Source": "1"}
{"EventID": "108", "Channel": "Microsoft-Windows-AppReadiness/Operational", "Provider_Name": "Microsoft-Windows-AppReadiness", "Computer": "DESKTOP-OFJ6N53", "TimeCreated": "2022-02-24 21:43:15.176243+00:00", "RecordID": "60", "Level": "4", "UserID": "S-1-5-18", "EventData.Source": "1"}
{"EventID": "108", "Channel": "Microsoft-Windows-AppReadiness/Operational", "Provider_Name": "Microsoft-Windows-AppReadiness", "Computer": "DESKTOP-OFJ6N53", "TimeCreated": "2022-02-24 21:43:16.517414+00:00", "RecordID": "61", "Level": "4", "UserID": "S-1-5-18", "EventData.Source": "1"}
{"EventID": "108", "Channel": "Microsoft-Windows-AppReadiness/Operational", "Provider_Name": "Microsoft-Windows-AppReadiness", "Computer": "DESKTOP-OFJ6N53", "TimeCreated": "2022-02-24 21:43:17.808098+00:00", "RecordID": "62", "Level": "4", "UserID": "S-1-5-18", "EventData.Source": "1"}
{"EventID": "108", "Channel": "Microsoft-Windows-AppReadiness/Operational", "Provider_Name": "Microsoft-Windows-AppReadiness", "Computer": "DESKTOP-OFJ6N53", "TimeCreated": "2022-02-24 21:43:19.094809+00:00", "RecordID": "63", "Level": "4", "UserID": "S-1-5-18", "EventData.Source": "1"}
{"EventID": "108", "Channel": "Microsoft-Windows-AppReadiness/Operational", "Provider_Name": "Microsoft-Windows-AppReadiness", "Computer": "DESKTOP-OFJ6N53", "TimeCreated": "2022-02-24 21:43:20.387918+00:00", "RecordID": "64", "Level": "4", "UserID": "S-1-5-18", "EventData.Source": "1"}
{"EventID": "108", "Channel": "Microsoft-Windows-AppReadiness/Operational", "Provider_Name": "Microsoft-Windows-AppReadiness", "Computer": "DESKTOP-OFJ6N53", "TimeCreated": "2022-02-24 21:43:21.732954+00:00", "RecordID": "65", "Level": "4", "UserID": "S-1-5-18", "EventData.Source": "1"}
{"EventID": "108", "Channel": "Microsoft-Windows-AppReadiness/Operational", "Provider_Name": "Microsoft-Windows-AppReadiness", "Computer": "DESKTOP-OFJ6N53", "TimeCreated": "2022-02-24 21:43:23.061609+00:00", "RecordID": "66", "Level": "4", "UserID": "S-1-5-18", "EventData.Source": "1"}
{"EventID": "108", "Channel": "Microsoft-Windows-AppReadiness/Operational", "Provider_Name": "Microsoft-Windows-AppReadiness", "Computer": "DESKTOP-OFJ6N53", "TimeCreated": "2022-02-24 21:43:24.366829+00:00", "RecordID": "67", "Level": "4", "UserID": "S-1-5-18", "EventData.Source": "1"}
{"EventID": "108", "Channel": "Microsoft-Windows-AppReadiness/Operational", "Provider_Name": "Microsoft-Windows-AppReadiness", "Computer": "DESKTOP-OFJ6N53", "TimeCreated": "2022-02-24 21:43:25.669436+00:00", "RecordID": "68", "Level": "4", "UserID": "S-1-5-18", "EventData.Source": "1"}
{"EventID": "108", "Channel": "Microsoft-Windows-AppReadiness/Operational", "Provider_Name": "Microsoft-Windows-AppReadiness", "Computer": "DESKTOP-OFJ6N53", "TimeCreated": "2022-02-24 21:43:27.084894+00:00", "RecordID": "69", "Level": "4", "UserID": "S-1-5-18", "EventData.Source": "1"}
{"EventID": "108", "Channel": "Microsoft-Windows-AppReadiness/Operational", "Provider_Name": "Microsoft-Windows-AppReadiness", "Computer": "DESKTOP-OFJ6N53", "TimeCreated": "2022-02-24 21:43:28.519573+00:00", "RecordID": "70", "Level": "4", "UserID": "S-1-5-18", "EventData.Source": "1"}
{"EventID": "108", "Channel": "Microsoft-Windows-AppReadiness/Operational", "Provider_Name": "Microsoft-Windows-AppReadiness", "Computer": "DESKTOP-OFJ6N53", "TimeCreated": "2022-02-24 21:43:29.942081+00:00", "RecordID": "71", "Level": "4", "UserID": "S-1-5-18", "EventData.Source": "1"}
{"EventID": "108", "Channel": "Microsoft-Windows-AppReadiness/Operational", "Provider_Name": "Microsoft-Windows-AppReadiness", "Computer": "DESKTOP-OFJ6N53", "TimeCreated": "2022-02-24 21:43:31.338762+00:00", "RecordID": "72", "Level": "4", "UserID": "S-1-5-18", "EventData.Source": "1"}
{"EventID": "108", "Channel": "Microsoft-Windows-AppReadiness/Operational", "Provider_Name": "Microsoft-Windows-AppReadiness", "Computer": "DESKTOP-OFJ6N53", "TimeCreated": "2022-02-24 21:43:32.630758+00:00", "RecordID": "73", "Level": "4", "UserID": "S-1-5-18", "EventData.Source": "1"}
{"EventID": "108", "Channel": "Microsoft-Windows-AppReadiness/Operational", "Provider_Name": "Microsoft-Windows-AppReadiness", "Computer": "DESKTOP-OFJ6N53", "TimeCreated": "2022-02-24 21:43:33.942966+00:00", "RecordID": "74", "Level": "4", "UserID": "S-1-5-18", "EventData.Source": "1"}
{"EventID": "108", "Channel": "Microsoft-Windows-AppReadiness/Operational", "Provider_Name": "Microsoft-Windows-AppReadiness", "Computer": "DESKTOP-OFJ6N53", "TimeCreated": "2022-02-24 21:43:35.197187+00:00", "RecordID": "75", "Level": "4", "UserID": "S-1-5-18", "EventData.Source": "1"}
{"EventID": "106", "Channel": "Microsoft-Windows-AppReadiness/Operational", "Provider_Name": "Microsoft-Windows-AppReadiness", "Computer": "DESKTOP-OFJ6N53", "TimeCreated": "2022-02-24 21:44:14.653229+00:00", "RecordID": "76", "Level": "4", "UserID": "S-1-5-18", "EventData.User": "S-1-5-21-963789628-1060504924-4285088085-1001"}
{"EventID": "217", "Channel": "Microsoft-Windows-AppReadiness/Operational", "Provider_Name": "Microsoft-Windows-AppReadiness", "Computer": "DESKTOP-OFJ6N53", "TimeCreated": "2022-02-24 21:45:01.093088+00:00", "RecordID": "77", "Level": "4", "UserID": "S-1-5-18", "EventData.User": "S-1-5-21-963789628-1060504924-4285088085-1001"}
{"EventID": "105", "Channel": "Microsoft-Windows-AppReadiness/Operational", "Provider_Name": "Microsoft-Windows-AppReadiness", "Computer": "DESKTOP-OFJ6N53", "TimeCreated": "2022-02-24 21:45:16.600910+00:00", "RecordID": "78", "Level": "4", "UserID": "S-1-5-18", "EventData.IsIdle": "True", "EventData.Reason": "None"}
{"EventID": "103", "Channel": "Microsoft-Windows-AppReadiness/Operational", "Provider_Name": "Microsoft-Windows-AppReadiness", "Computer": "DESKTOP-OFJ6N53", "TimeCreated": "2022-02-24 21:45:16.615955+00:00", "RecordID": "79", "Level": "4", "UserID": "S-1-5-18"}
{"EventID": "108", "Channel": "Microsoft-Windows-AppReadiness/Operational", "Provider_Name": "Microsoft-Windows-AppReadiness", "Computer": "DESKTOP-OFJ6N53", "TimeCreated": "2022-02-25 05:25:42.006403+00:00", "RecordID": "80", "Level": "4", "UserID": "S-1-5-18", "EventData.Source": "2"}
{"EventID": "105", "Channel": "Microsoft-Windows-AppReadiness/Operational", "Provider_Name": "Microsoft-Windows-AppReadiness", "Computer": "DESKTOP-OFJ6N53", "TimeCreated": "2022-02-25 05:28:11.965345+00:00", "RecordID": "81", "Level": "4", "UserID": "S-1-5-18", "EventData.IsIdle": "True", "EventData.Reason": "None"}
{"EventID": "103", "Channel": "Microsoft-Windows-AppReadiness/Operational", "Provider_Name": "Microsoft-Windows-AppReadiness", "Computer": "DESKTOP-OFJ6N53", "TimeCreated": "2022-02-25 05:28:11.981356+00:00", "RecordID": "82", "Level": "4", "UserID": "S-1-5-18"}
{"EventID": "217", "Channel": "Microsoft-Windows-AppReadiness/Operational", "Provider_Name": "Microsoft-Windows-AppReadiness", "Computer": "DESKTOP-OFJ6N53", "TimeCreated": "2022-03-03 17:19:06.855778+00:00", "RecordID": "83", "Level": "4", "UserID": "S-1-5-18", "EventData.User": "S-1-5-21-963789628-1060504924-4285088085-1001"}
{"EventID": "105", "Channel": "Microsoft-Windows-AppReadiness/Operational", "Provider_Name": "Microsoft-Windows-AppReadiness", "Computer": "DESKTOP-OFJ6N53", "TimeCreated": "2022-03-03 17:21:04.995348+00:00", "RecordID": "84", "Level": "4", "UserID": "S-1-5-18", "EventData.IsIdle": "True", "EventData.Reason": "None"}
{"EventID": "103", "Channel": "Microsoft-Windows-AppReadiness/Operational", "Provider_Name": "Microsoft-Windows-AppReadiness", "Computer": "DESKTOP-OFJ6N53", "TimeCreated": "2022-03-03 17:21:05.011417+00:00", "RecordID": "85", "Level": "4", "UserID": "S-1-5-18"}
{"EventID": "108", "Channel": "Microsoft-Windows-AppReadiness/Operational", "Provider_Name": "Microsoft-Windows-AppReadiness", "Computer": "DESKTOP-OFJ6N53", "TimeCreated": "2022-03-09 08:32:13.271515+00:00", "RecordID": "86", "Level": "4", "UserID": "S-1-5-18", "EventData.Source": "2"}
{"EventID": "105", "Channel": "Microsoft-Windows-AppReadiness/Operational", "Provider_Name": "Microsoft-Windows-AppReadiness", "Computer": "DESKTOP-OFJ6N53", "TimeCreated": "2022-03-09 08:34:43.247326+00:00", "RecordID": "87", "Level": "4", "UserID": "S-1-5-18", "EventData.IsIdle": "True", "EventData.Reason": "None"}
{"EventID": "103", "Channel": "Microsoft-Windows-AppReadiness/Operational", "Provider_Name": "Microsoft-Windows-AppReadiness", "Computer": "DESKTOP-OFJ6N53", "TimeCreated": "2022-03-09 08:34:43.263412+00:00", "RecordID": "88", "Level": "4", "UserID": "S-1-5-18"}
{"EventID": "108", "Channel": "Microsoft-Windows-AppReadiness/Operational", "Provider_Name": "Microsoft-Windows-AppReadiness", "Computer": "DESKTOP-OFJ6N53", "TimeCreated": "2022-03-10 19:26:06.298843+00:00", "RecordID": "89", "Level": "4", "UserID": "S-1-5-18", "EventData.Source": "2"}
{"EventID": "105", "Channel": "Microsoft-Windows-AppReadiness/Operational", "Provider_Name": "Microsoft-Windows-AppReadiness", "Computer": "DESKTOP-OFJ6N53", "TimeCreated": "2022-03-10 19:28:36.271038+00:00", "RecordID": "90", "Level": "4", "UserID": "S-1-5-18", "EventData.IsIdle": "True", "EventData.Reason": "None"}
{"EventID": "103", "Channel": "Microsoft-Windows-AppReadiness/Operational", "Provider_Name": "Microsoft-Windows-AppReadiness", "Computer": "DESKTOP-OFJ6N53", "TimeCreated": "2022-03-10 19:28:36.287685+00:00", "RecordID": "91", "Level": "4", "UserID": "S-1-5-18"}
{"EventID": "108", "Channel": "Microsoft-Windows-AppReadiness/Operational", "Provider_Name": "Microsoft-Windows-AppReadiness", "Computer": "DESKTOP-OFJ6N53", "TimeCreated": "2022-03-15 17:30:12.603546+00:00", "RecordID": "92", "Level": "4", "UserID": "S-1-5-18", "EventData.Source": "2"}
{"EventID": "105", "Channel": "Microsoft-Windows-AppReadiness/Operational", "Provider_Name": "Microsoft-Windows-AppReadiness", "Computer": "DESKTOP-OFJ6N53", "TimeCreated": "2022-03-15 17:32:42.583647+00:00", "RecordID": "93", "Level": "4", "UserID": "S-1-5-18", "EventData.IsIdle": "True", "EventData.Reason": "None"}
{"EventID": "103", "Channel": "Microsoft-Windows-AppReadiness/Operational", "Provider_Name": "Microsoft-Windows-AppReadiness", "Computer": "DESKTOP-OFJ6N53", "TimeCreated": "2022-03-15 17:32:42.599709+00:00", "RecordID": "94", "Level": "4", "UserID": "S-1-5-18"}
{"EventID": "217", "Channel": "Microsoft-Windows-AppReadiness/Operational", "Provider_Name": "Microsoft-Windows-AppReadiness", "Computer": "DESKTOP-OFJ6N53", "TimeCreated": "2022-03-16 10:13:33.024759+00:00", "RecordID": "95", "Level": "4", "UserID": "S-1-5-18", "EventData.User": "S-1-5-21-963789628-1060504924-4285088085-1001"}
{"EventID": "105", "Channel": "Microsoft-Windows-AppReadiness/Operational", "Provider_Name": "Microsoft-Windows-AppReadiness", "Computer": "DESKTOP-OFJ6N53", "TimeCreated": "2022-03-16 10:15:29.763624+00:00", "RecordID": "96", "Level": "4", "UserID": "S-1-5-18", "EventData.IsIdle": "False", "EventData.Reason": "S-1-5-21-963789628-1060504924-4285088085-1001"}
{"EventID": "105", "Channel": "Microsoft-Windows-AppReadiness/Operational", "Provider_Name": "Microsoft-Windows-AppReadiness", "Computer": "DESKTOP-OFJ6N53", "TimeCreated": "2022-03-16 10:17:59.767481+00:00", "RecordID": "97", "Level": "4", "UserID": "S-1-5-18", "EventData.IsIdle": "False", "EventData.Reason": "S-1-5-21-963789628-1060504924-4285088085-1001"}
{"EventID": "105", "Channel": "Microsoft-Windows-AppReadiness/Operational", "Provider_Name": "Microsoft-Windows-AppReadiness", "Computer": "DESKTOP-OFJ6N53", "TimeCreated": "2022-03-16 10:20:29.782843+00:00", "RecordID": "98", "Level": "4", "UserID": "S-1-5-18", "EventData.IsIdle": "False", "EventData.Reason": "S-1-5-21-963789628-1060504924-4285088085-1001"}
{"EventID": "105", "Channel": "Microsoft-Windows-AppReadiness/Operational", "Provider_Name": "Microsoft-Windows-AppReadiness", "Computer": "DESKTOP-OFJ6N53", "TimeCreated": "2022-03-16 10:22:59.798361+00:00", "RecordID": "99", "Level": "4", "UserID": "S-1-5-18", "EventData.IsIdle": "False", "EventData.Reason": "S-1-5-21-963789628-1060504924-4285088085-1001"}
{"EventID": "105", "Channel": "Microsoft-Windows-AppReadiness/Operational", "Provider_Name": "Microsoft-Windows-AppReadiness", "Computer": "DESKTOP-OFJ6N53", "TimeCreated": "2022-03-16 10:25:29.811056+00:00", "RecordID": "100", "Level": "4", "UserID": "S-1-5-18", "EventData.IsIdle": "False", "EventData.Reason": "S-1-5-21-963789628-1060504924-4285088085-1001"}
{"EventID": "105", "Channel": "Microsoft-Windows-AppReadiness/Operational", "Provider_Name": "Microsoft-Windows-AppReadiness", "Computer": "DESKTOP-OFJ6N53", "TimeCreated": "2022-03-16 10:27:59.815535+00:00", "RecordID": "101", "Level": "4", "UserID": "S-1-5-18", "EventData.IsIdle": "False", "EventData.Reason": "S-1-5-21-963789628-1060504924-4285088085-1001"}
{"EventID": "105", "Channel": "Microsoft-Windows-AppReadiness/Operational", "Provider_Name": "Microsoft-Windows-AppReadiness", "Computer": "DESKTOP-OFJ6N53", "TimeCreated": "2022-03-16 10:30:29.824650+00:00", "RecordID": "102", "Level": "4", "UserID": "S-1-5-18", "EventData.IsIdle": "False", "EventData.Reason": "S-1-5-21-963789628-1060504924-4285088085-1001"}
{"EventID": "105", "Channel": "Microsoft-Windows-AppReadiness/Operational", "Provider_Name": "Microsoft-Windows-AppReadiness", "Computer": "DESKTOP-OFJ6N53", "TimeCreated": "2022-03-16 10:32:59.836847+00:00", "RecordID": "103", "Level": "4", "UserID": "S-1-5-18", "EventData.IsIdle": "False", "EventData.Reason": "S-1-5-21-963789628-1060504924-4285088085-1001"}
{"EventID": "105", "Channel": "Microsoft-Windows-AppReadiness/Operational", "Provider_Name": "Microsoft-Windows-AppReadiness", "Computer": "DESKTOP-OFJ6N53", "TimeCreated": "2022-03-16 10:35:29.850290+00:00", "RecordID": "104", "Level": "4", "UserID": "S-1-5-18", "EventData.IsIdle": "False", "EventData.Reason": "S-1-5-21-963789628-1060504924-4285088085-1001"}
{"EventID": "105", "Channel": "Microsoft-Windows-AppReadiness/Operational", "Provider_Name": "Microsoft-Windows-AppReadiness", "Computer": "DESKTOP-OFJ6N53", "TimeCreated": "2022-03-16 10:37:59.862284+00:00", "RecordID": "105", "Level": "4", "UserID": "S-1-5-18", "EventData.IsIdle": "False", "EventData.Reason": "S-1-5-21-963789628-1060504924-4285088085-1001"}
{"EventID": "105", "Channel": "Microsoft-Windows-AppReadiness/Operational", "Provider_Name": "Microsoft-Windows-AppReadiness", "Computer": "DESKTOP-OFJ6N53", "TimeCreated": "2022-03-16 10:40:29.866590+00:00", "RecordID": "106", "Level": "4", "UserID": "S-1-5-18", "EventData.IsIdle": "False", "EventData.Reason": "S-1-5-21-963789628-1060504924-4285088085-1001"}
{"EventID": "105", "Channel": "Microsoft-Windows-AppReadiness/Operational", "Provider_Name": "Microsoft-Windows-AppReadiness", "Computer": "DESKTOP-OFJ6N53", "TimeCreated": "2022-03-16 10:42:59.866678+00:00", "RecordID": "107", "Level": "4", "UserID": "S-1-5-18", "EventData.IsIdle": "False", "EventData.Reason": "S-1-5-21-963789628-1060504924-4285088085-1001"}
{"EventID": "105", "Channel": "Microsoft-Windows-AppReadiness/Operational", "Provider_Name": "Microsoft-Windows-AppReadiness", "Computer": "DESKTOP-OFJ6N53", "TimeCreated": "2022-03-16 10:45:29.882126+00:00", "RecordID": "108", "Level": "4", "UserID": "S-1-5-18", "EventData.IsIdle": "False", "EventData.Reason": "S-1-5-21-963789628-1060504924-4285088085-1001"}
{"EventID": "105", "Channel": "Microsoft-Windows-AppReadiness/Operational", "Provider_Name": "Microsoft-Windows-AppReadiness", "Computer": "DESKTOP-OFJ6N53", "TimeCreated": "2022-03-16 10:47:59.887548+00:00", "RecordID": "109", "Level": "4", "UserID": "S-1-5-18", "EventData.IsIdle": "True", "EventData.Reason": "None"}
{"EventID": "103", "Channel": "Microsoft-Windows-AppReadiness/Operational", "Provider_Name": "Microsoft-Windows-AppReadiness", "Computer": "DESKTOP-OFJ6N53", "TimeCreated": "2022-03-16 10:47:59.903866+00:00", "RecordID": "110", "Level": "4", "UserID": "S-1-5-18"}
{"EventID": "108", "Channel": "Microsoft-Windows-AppReadiness/Operational", "Provider_Name": "Microsoft-Windows-AppReadiness", "Computer": "DESKTOP-OFJ6N53", "TimeCreated": "2022-03-21 10:47:30.566069+00:00", "RecordID": "111", "Level": "4", "UserID": "S-1-5-18", "EventData.Source": "2"}
{"EventID": "105", "Channel": "Microsoft-Windows-AppReadiness/Operational", "Provider_Name": "Microsoft-Windows-AppReadiness", "Computer": "DESKTOP-OFJ6N53", "TimeCreated": "2022-03-21 10:50:00.349922+00:00", "RecordID": "112", "Level": "4", "UserID": "S-1-5-18", "EventData.IsIdle": "True", "EventData.Reason": "None"}
{"EventID": "103", "Channel": "Microsoft-Windows-AppReadiness/Operational", "Provider_Name": "Microsoft-Windows-AppReadiness", "Computer": "DESKTOP-OFJ6N53", "TimeCreated": "2022-03-21 10:50:00.365847+00:00", "RecordID": "113", "Level": "4", "UserID": "S-1-5-18"}
{"EventID": "108", "Channel": "Microsoft-Windows-AppReadiness/Operational", "Provider_Name": "Microsoft-Windows-AppReadiness", "Computer": "DESKTOP-OFJ6N53", "TimeCreated": "2022-03-26 13:47:41.990946+00:00", "RecordID": "114", "Level": "4", "UserID": "S-1-5-18", "EventData.Source": "2"}
{"EventID": "105", "Channel": "Microsoft-Windows-AppReadiness/Operational", "Provider_Name": "Microsoft-Windows-AppReadiness", "Computer": "DESKTOP-OFJ6N53", "TimeCreated": "2022-03-26 13:50:11.955309+00:00", "RecordID": "115", "Level": "4", "UserID": "S-1-5-18", "EventData.IsIdle": "True", "EventData.Reason": "None"}
{"EventID": "103", "Channel": "Microsoft-Windows-AppReadiness/Operational", "Provider_Name": "Microsoft-Windows-AppReadiness", "Computer": "DESKTOP-OFJ6N53", "TimeCreated": "2022-03-26 13:50:11.971369+00:00", "RecordID": "116", "Level": "4", "UserID": "S-1-5-18"}
{"EventID": "108", "Channel": "Microsoft-Windows-AppReadiness/Operational", "Provider_Name": "Microsoft-Windows-AppReadiness", "Computer": "DESKTOP-OFJ6N53", "TimeCreated": "2022-04-13 14:34:51.231010+00:00", "RecordID": "117", "Level": "4", "UserID": "S-1-5-18", "EventData.Source": "1"}
{"EventID": "105", "Channel": "Microsoft-Windows-AppReadiness/Operational", "Provider_Name": "Microsoft-Windows-AppReadiness", "Computer": "DESKTOP-OFJ6N53", "TimeCreated": "2022-04-13 14:37:21.190834+00:00", "RecordID": "118", "Level": "4", "UserID": "S-1-5-18", "EventData.IsIdle": "True", "EventData.Reason": "None"}
{"EventID": "103", "Channel": "Microsoft-Windows-AppReadiness/Operational", "Provider_Name": "Microsoft-Windows-AppReadiness", "Computer": "DESKTOP-OFJ6N53", "TimeCreated": "2022-04-13 14:37:21.207058+00:00", "RecordID": "119", "Level": "4", "UserID": "S-1-5-18"}
{"EventID": "217", "Channel": "Microsoft-Windows-AppReadiness/Operational", "Provider_Name": "Microsoft-Windows-AppReadiness", "Computer": "DESKTOP-OFJ6N53", "TimeCreated": "2022-04-13 15:58:56.734720+00:00", "RecordID": "120", "Level": "4", "UserID": "S-1-5-18", "EventData.User": "S-1-5-21-963789628-1060504924-4285088085-1001"}
{"EventID": "105", "Channel": "Microsoft-Windows-AppReadiness/Operational", "Provider_Name": "Microsoft-Windows-AppReadiness", "Computer": "DESKTOP-OFJ6N53", "TimeCreated": "2022-04-13 16:00:50.185226+00:00", "RecordID": "121", "Level": "4", "UserID": "S-1-5-18", "EventData.IsIdle": "True", "EventData.Reason": "None"}
{"EventID": "103", "Channel": "Microsoft-Windows-AppReadiness/Operational", "Provider_Name": "Microsoft-Windows-AppReadiness", "Computer": "DESKTOP-OFJ6N53", "TimeCreated": "2022-04-13 16:00:50.201490+00:00", "RecordID": "122", "Level": "4", "UserID": "S-1-5-18"}
{"EventID": "108", "Channel": "Microsoft-Windows-AppReadiness/Operational", "Provider_Name": "Microsoft-Windows-AppReadiness", "Computer": "DESKTOP-OFJ6N53", "TimeCreated": "2022-04-15 09:57:18.629375+00:00", "RecordID": "123", "Level": "4", "UserID": "S-1-5-18", "EventData.Source": "2"}
{"EventID": "105", "Channel": "Microsoft-Windows-AppReadiness/Operational", "Provider_Name": "Microsoft-Windows-AppReadiness", "Computer": "DESKTOP-OFJ6N53", "TimeCreated": "2022-04-15 09:59:48.618904+00:00", "RecordID": "124", "Level": "4", "UserID": "S-1-5-18", "EventData.IsIdle": "True", "EventData.Reason": "None"}
{"EventID": "103", "Channel": "Microsoft-Windows-AppReadiness/Operational", "Provider_Name": "Microsoft-Windows-AppReadiness", "Computer": "DESKTOP-OFJ6N53", "TimeCreated": "2022-04-15 09:59:48.635019+00:00", "RecordID": "125", "Level": "4", "UserID": "S-1-5-18"}
{"EventID": "108", "Channel": "Microsoft-Windows-AppReadiness/Operational", "Provider_Name": "Microsoft-Windows-AppReadiness", "Computer": "DESKTOP-OFJ6N53", "TimeCreated": "2022-04-17 10:57:21.189148+00:00", "RecordID": "126", "Level": "4", "UserID": "S-1-5-18", "EventData.Source": "2"}
{"EventID": "105", "Channel": "Microsoft-Windows-AppReadiness/Operational", "Provider_Name": "Microsoft-Windows-AppReadiness", "Computer": "DESKTOP-OFJ6N53", "TimeCreated": "2022-04-17 10:59:50.980202+00:00", "RecordID": "127", "Level": "4", "UserID": "S-1-5-18", "EventData.IsIdle": "True", "EventData.Reason": "None"}
{"EventID": "103", "Channel": "Microsoft-Windows-AppReadiness/Operational", "Provider_Name": "Microsoft-Windows-AppReadiness", "Computer": "DESKTOP-OFJ6N53", "TimeCreated": "2022-04-17 10:59:50.996347+00:00", "RecordID": "128", "Level": "4", "UserID": "S-1-5-18"}
{"EventID": "217", "Channel": "Microsoft-Windows-AppReadiness/Operational", "Provider_Name": "Microsoft-Windows-AppReadiness", "Computer": "DESKTOP-OFJ6N53", "TimeCreated": "2022-05-05 10:02:23.928450+00:00", "RecordID": "129", "Level": "4", "UserID": "S-1-5-18", "EventData.User": "S-1-5-21-963789628-1060504924-4285088085-1001"}
{"EventID": "105", "Channel": "Microsoft-Windows-AppReadiness/Operational", "Provider_Name": "Microsoft-Windows-AppReadiness", "Computer": "DESKTOP-OFJ6N53", "TimeCreated": "2022-05-05 10:04:19.684477+00:00", "RecordID": "130", "Level": "4", "UserID": "S-1-5-18", "EventData.IsIdle": "True", "EventData.Reason": "None"}
{"EventID": "103", "Channel": "Microsoft-Windows-AppReadiness/Operational", "Provider_Name": "Microsoft-Windows-AppReadiness", "Computer": "DESKTOP-OFJ6N53", "TimeCreated": "2022-05-05 10:04:19.699974+00:00", "RecordID": "131", "Level": "4", "UserID": "S-1-5-18"}
{"EventID": "108", "Channel": "Microsoft-Windows-AppReadiness/Operational", "Provider_Name": "Microsoft-Windows-AppReadiness", "Computer": "DESKTOP-OFJ6N53", "TimeCreated": "2022-05-07 18:03:02.137383+00:00", "RecordID": "132", "Level": "4", "UserID": "S-1-5-18", "EventData.Source": "2"}
{"EventID": "105", "Channel": "Microsoft-Windows-AppReadiness/Operational", "Provider_Name": "Microsoft-Windows-AppReadiness", "Computer": "DESKTOP-OFJ6N53", "TimeCreated": "2022-05-07 18:05:31.785351+00:00", "RecordID": "133", "Level": "4", "UserID": "S-1-5-18", "EventData.IsIdle": "True", "EventData.Reason": "None"}
{"EventID": "103", "Channel": "Microsoft-Windows-AppReadiness/Operational", "Provider_Name": "Microsoft-Windows-AppReadiness", "Computer": "DESKTOP-OFJ6N53", "TimeCreated": "2022-05-07 18:05:31.801497+00:00", "RecordID": "134", "Level": "4", "UserID": "S-1-5-18"}
{"EventID": "108", "Channel": "Microsoft-Windows-AppReadiness/Operational", "Provider_Name": "Microsoft-Windows-AppReadiness", "Computer": "DESKTOP-OFJ6N53", "TimeCreated": "2022-05-10 23:33:38.469566+00:00", "RecordID": "135", "Level": "4", "UserID": "S-1-5-18", "EventData.Source": "1"}
{"EventID": "106", "Channel": "Microsoft-Windows-AppReadiness/Operational", "Provider_Name": "Microsoft-Windows-AppReadiness", "Computer": "DESKTOP-OFJ6N53", "TimeCreated": "2022-05-10 23:34:34.425396+00:00", "RecordID": "136", "Level": "4", "UserID": "S-1-5-18", "EventData.User": "S-1-5-21-963789628-1060504924-4285088085-1001"}
{"EventID": "217", "Channel": "Microsoft-Windows-AppReadiness/Operational", "Provider_Name": "Microsoft-Windows-AppReadiness", "Computer": "DESKTOP-OFJ6N53", "TimeCreated": "2022-05-10 23:35:09.488194+00:00", "RecordID": "137", "Level": "4", "UserID": "S-1-5-18", "EventData.User": "S-1-5-21-963789628-1060504924-4285088085-1001"}
{"EventID": "105", "Channel": "Microsoft-Windows-AppReadiness/Operational", "Provider_Name": "Microsoft-Windows-AppReadiness", "Computer": "DESKTOP-OFJ6N53", "TimeCreated": "2022-05-10 23:36:08.453979+00:00", "RecordID": "138", "Level": "4", "UserID": "S-1-5-18", "EventData.IsIdle": "True", "EventData.Reason": "None"}
{"EventID": "103", "Channel": "Microsoft-Windows-AppReadiness/Operational", "Provider_Name": "Microsoft-Windows-AppReadiness", "Computer": "DESKTOP-OFJ6N53", "TimeCreated": "2022-05-10 23:36:08.470739+00:00", "RecordID": "139", "Level": "4", "UserID": "S-1-5-18"}
{"EventID": "108", "Channel": "Microsoft-Windows-AppReadiness/Operational", "Provider_Name": "Microsoft-Windows-AppReadiness", "Computer": "DESKTOP-OFJ6N53", "TimeCreated": "2022-05-15 17:20:41.790861+00:00", "RecordID": "140", "Level": "4", "UserID": "S-1-5-18", "EventData.Source": "2"}
{"EventID": "105", "Channel": "Microsoft-Windows-AppReadiness/Operational", "Provider_Name": "Microsoft-Windows-AppReadiness", "Computer": "DESKTOP-OFJ6N53", "TimeCreated": "2022-05-15 17:23:11.716976+00:00", "RecordID": "141", "Level": "4", "UserID": "S-1-5-18", "EventData.IsIdle": "True", "EventData.Reason": "None"}
{"EventID": "103", "Channel": "Microsoft-Windows-AppReadiness/Operational", "Provider_Name": "Microsoft-Windows-AppReadiness", "Computer": "DESKTOP-OFJ6N53", "TimeCreated": "2022-05-15 17:23:11.733450+00:00", "RecordID": "142", "Level": "4", "UserID": "S-1-5-18"}
{"EventID": "217", "Channel": "Microsoft-Windows-AppReadiness/Operational", "Provider_Name": "Microsoft-Windows-AppReadiness", "Computer": "DESKTOP-OFJ6N53", "TimeCreated": "2022-06-06 07:35:16.682076+00:00", "RecordID": "143", "Level": "4", "UserID": "S-1-5-18", "EventData.User": "S-1-5-21-963789628-1060504924-4285088085-1001"}
{"EventID": "217", "Channel": "Microsoft-Windows-AppReadiness/Operational", "Provider_Name": "Microsoft-Windows-AppReadiness", "Computer": "DESKTOP-OFJ6N53", "TimeCreated": "2022-06-06 07:37:58.652054+00:00", "RecordID": "144", "Level": "4", "UserID": "S-1-5-18", "EventData.User": "S-1-5-21-963789628-1060504924-4285088085-1001"}
{"EventID": "105", "Channel": "Microsoft-Windows-AppReadiness/Operational", "Provider_Name": "Microsoft-Windows-AppReadiness", "Computer": "DESKTOP-OFJ6N53", "TimeCreated": "2022-06-06 07:39:57.139395+00:00", "RecordID": "145", "Level": "4", "UserID": "S-1-5-18", "EventData.IsIdle": "True", "EventData.Reason": "None"}
{"EventID": "103", "Channel": "Microsoft-Windows-AppReadiness/Operational", "Provider_Name": "Microsoft-Windows-AppReadiness", "Computer": "DESKTOP-OFJ6N53", "TimeCreated": "2022-06-06 07:39:57.155256+00:00", "RecordID": "146", "Level": "4", "UserID": "S-1-5-18"}
{"EventID": "108", "Channel": "Microsoft-Windows-AppReadiness/Operational", "Provider_Name": "Microsoft-Windows-AppReadiness", "Computer": "DESKTOP-OFJ6N53", "TimeCreated": "2022-06-11 12:13:13.752460+00:00", "RecordID": "147", "Level": "4", "UserID": "S-1-5-18", "EventData.Source": "2"}
{"EventID": "105", "Channel": "Microsoft-Windows-AppReadiness/Operational", "Provider_Name": "Microsoft-Windows-AppReadiness", "Computer": "DESKTOP-OFJ6N53", "TimeCreated": "2022-06-11 12:15:43.584703+00:00", "RecordID": "148", "Level": "4", "UserID": "S-1-5-18", "EventData.IsIdle": "True", "EventData.Reason": "None"}
{"EventID": "103", "Channel": "Microsoft-Windows-AppReadiness/Operational", "Provider_Name": "Microsoft-Windows-AppReadiness", "Computer": "DESKTOP-OFJ6N53", "TimeCreated": "2022-06-11 12:15:43.601004+00:00", "RecordID": "149", "Level": "4", "UserID": "S-1-5-18"}
{"EventID": "108", "Channel": "Microsoft-Windows-AppReadiness/Operational", "Provider_Name": "Microsoft-Windows-AppReadiness", "Computer": "DESKTOP-OFJ6N53", "TimeCreated": "2022-06-14 18:01:54.294674+00:00", "RecordID": "150", "Level": "4", "UserID": "S-1-5-18", "EventData.Source": "1"}
{"EventID": "108", "Channel": "Microsoft-Windows-AppReadiness/Operational", "Provider_Name": "Microsoft-Windows-AppReadiness", "Computer": "DESKTOP-OFJ6N53", "TimeCreated": "2022-06-14 18:01:56.622011+00:00", "RecordID": "151", "Level": "4", "UserID": "S-1-5-18", "EventData.Source": "1"}
{"EventID": "106", "Channel": "Microsoft-Windows-AppReadiness/Operational", "Provider_Name": "Microsoft-Windows-AppReadiness", "Computer": "DESKTOP-OFJ6N53", "TimeCreated": "2022-06-14 18:02:44.052067+00:00", "RecordID": "152", "Level": "4", "UserID": "S-1-5-18", "EventData.User": "S-1-5-21-963789628-1060504924-4285088085-1001"}
{"EventID": "217", "Channel": "Microsoft-Windows-AppReadiness/Operational", "Provider_Name": "Microsoft-Windows-AppReadiness", "Computer": "DESKTOP-OFJ6N53", "TimeCreated": "2022-06-14 18:03:18.905449+00:00", "RecordID": "153", "Level": "4", "UserID": "S-1-5-18", "EventData.User": "S-1-5-21-963789628-1060504924-4285088085-1001"}
{"EventID": "105", "Channel": "Microsoft-Windows-AppReadiness/Operational", "Provider_Name": "Microsoft-Windows-AppReadiness", "Computer": "DESKTOP-OFJ6N53", "TimeCreated": "2022-06-14 18:04:24.250479+00:00", "RecordID": "154", "Level": "4", "UserID": "S-1-5-18", "EventData.IsIdle": "True", "EventData.Reason": "None"}
{"EventID": "103", "Channel": "Microsoft-Windows-AppReadiness/Operational", "Provider_Name": "Microsoft-Windows-AppReadiness", "Computer": "DESKTOP-OFJ6N53", "TimeCreated": "2022-06-14 18:04:24.266451+00:00", "RecordID": "155", "Level": "4", "UserID": "S-1-5-18"}
{"EventID": "108", "Channel": "Microsoft-Windows-AppReadiness/Operational", "Provider_Name": "Microsoft-Windows-AppReadiness", "Computer": "DESKTOP-OFJ6N53", "TimeCreated": "2022-06-15 16:41:19.031977+00:00", "RecordID": "156", "Level": "4", "UserID": "S-1-5-18", "EventData.Source": "2"}
{"EventID": "105", "Channel": "Microsoft-Windows-AppReadiness/Operational", "Provider_Name": "Microsoft-Windows-AppReadiness", "Computer": "DESKTOP-OFJ6N53", "TimeCreated": "2022-06-15 16:43:48.965528+00:00", "RecordID": "157", "Level": "4", "UserID": "S-1-5-18", "EventData.IsIdle": "True", "EventData.Reason": "None"}
{"EventID": "103", "Channel": "Microsoft-Windows-AppReadiness/Operational", "Provider_Name": "Microsoft-Windows-AppReadiness", "Computer": "DESKTOP-OFJ6N53", "TimeCreated": "2022-06-15 16:43:48.981590+00:00", "RecordID": "158", "Level": "4", "UserID": "S-1-5-18"}
{"EventID": "108", "Channel": "Microsoft-Windows-AppReadiness/Operational", "Provider_Name": "Microsoft-Windows-AppReadiness", "Computer": "DESKTOP-OFJ6N53", "TimeCreated": "2022-06-18 14:41:35.656027+00:00", "RecordID": "159", "Level": "4", "UserID": "S-1-5-18", "EventData.Source": "2"}
{"EventID": "105", "Channel": "Microsoft-Windows-AppReadiness/Operational", "Provider_Name": "Microsoft-Windows-AppReadiness", "Computer": "DESKTOP-OFJ6N53", "TimeCreated": "2022-06-18 14:44:05.580763+00:00", "RecordID": "160", "Level": "4", "UserID": "S-1-5-18", "EventData.IsIdle": "True", "EventData.Reason": "None"}
