{"EventID": "614", "Channel": "Microsoft-Windows-AppXDeploymentServer/Operational", "Provider_Name": "Microsoft-Windows-AppXDeployment-Server", "Computer": "DESKTOP-OFJ6N53", "TimeCreated": "2025-07-24 21:45:40.861593+00:00", "RecordID": "114230", "Level": "5", "UserID": "S-1-5-18", "EventData.PathOne": "x-windowsupdate://FB3C95C9-8F78-4CC7-87F9-195B3F620A90/7F354D0E-A913-4AA0-815D-3FA9FBFF2BD8/06d6c2c0f01aaa65b11a48a49d06b4c7f1e8e3fe", "EventData.PathTwo": "\"GetStarted_10.2312.1.0_x64.msix\": Microsoft.Getstarted_10.2312.1.0_x64__8wekyb3d8bbwe \"GetStarted_10.2312.1.0_ARM64.msix\": Microsoft.Getstarted_10.2312.1.0_arm64__8wekyb3d8bbwe \"GetStarted_10.2312.1.0_x86.msix\": Microsoft.Getstarted_10.2312.1.0_x86__8wekyb3d8bbwe \"GetStarted_10.2312.1.0_language-da.msix\": Microsoft.Getstarted_10.2312.1.0_neutral_split.language-da_8wekyb3d8bbwe \"GetStarted_10.2312.1.0_language-sr-latn.msix\": Microsoft.Getstarted_10.2312.1.0_neutral_split.language-sr-latn_8wekyb3d8bbwe \"GetStarted_10.2312.1.0_language-he.msix\": Microsoft.Getstarted_10.2312.1.0_neutral_split.language-he_8wekyb3d8bbwe \"GetStarted_10.2312.1.0_language-nl.msix\": Microsoft.Getstarted_10.2312.1.0_neutral_split.language-nl_8wekyb3d8bbwe \"GetStarted_10.2312.1.0_language-it.msix\": Microsoft.Getstarted_10.2312.1.0_neutral_split.language-it_8wekyb3d8bbwe \"GetStarted_10.2312.1.0_language-et.msix\": Microsoft.Getstarted_10.2312.1.0_neutral_split.language-et_8wekyb3d8bbwe \"GetStarted_10.2312.1.0_language-ms.msix\": Microsoft.Getstarted_10.2312.1.0_neutral_split.language-ms_8wekyb3d8bbwe \"GetStarted_10.2312.1.0_language-hu.msix\": Microsoft.Getstarted_10.2312.1.0_neutral_split.language-hu_8wekyb3d8bbwe \"GetStarted_10.2312.1.0_language-km.msix\": Microsoft.Getstarted_10.2312.1.0_neutral_split.language-km_8wekyb3d8bbwe \"GetStarted_10.2312.1.0_language-kn.msix\": Microsoft.Getstarted_10.2312.1.0_neutral_split.language-kn_8wekyb3d8bbwe \"GetStarted_10.2312.1.0_language-es.msix\": Microsoft.Getstarted_10.2312.1.0_neutral_split.language-es_8wekyb3d8bbwe \"GetStarted_10.2312.1.0_language-zh-hans.msix\": Microsoft.Getstarted_10.2312.1.0_neutral_split.language-zh-hans_8wekyb3d8bbwe \"GetStarted_10.2312.1.0_language-am.msix\": Microsoft.Getstarted_10.2312.1.0_neutral_split.language-am_8wekyb3d8bbwe \"GetStarted_10.2312.1.0_language-vi.msix\": Microsoft.Getstarted_10.2312.1.0_neutral_split.language-vi_8wekyb3d8bbwe \"GetStarted_10.2312.1.0_language-ar.msix\": Microsoft.Getstarted_10.2312.1.0_neutral_split.language-ar_8wekyb3d8bbwe \"GetStarted_10.2312.1.0_language-ro.msix\": Microsoft.Getstarted_10.2312.1.0_neutral_split.language-ro_8wekyb3d8bbwe \"GetStarted_10.2312.1.0_language-lo.msix\": Microsoft.Getstarted_10.2312.1.0_neutral_split.language-lo_8wekyb3d8bbwe \"GetStarted_10.2312.1.0_language-el.msix\": Microsoft.Getstarted_10.2312.1.0_neutral_split.language-el_8wekyb3d8bbwe \"GetStarted_10.2312.1.0_language-gl.msix\": Microsoft.Getstarted_10.2312.1.0_neutral_split.language-gl_8wekyb3d8bbwe \"GetStarted_10.2312.1.0_language-az-latn.msix\": Microsoft.Getstarted_10.2312.1.0_neutral_split.language-az-latn_8wekyb3d8bbwe \"GetStarted_10.2312.1.0_language-uz-latn.msix\": Microsoft.Getstarted_10.2312.1.0_neutral_split.language-uz-latn_8wekyb3d8bbwe \"GetStarted_10.2312.1.0_language-hr.msix\": Microsoft.Getstarted_10.2312.1.0_neutral_split.language-hr_8wekyb3d8bbwe \"GetStarted_10.2312.1.0_language-ja.msix\": Microsoft.Getstarted_10.2312.1.0_neutral_split.language-ja_8wekyb3d8bbwe \"GetStarted_10.2312.1.0_language-eu.msix\": Microsoft.Getstarted_10.2312.1.0_neutral_split.language-eu_8wekyb3d8bbwe \"GetStarted_10.2312.1.0_language-is.msix\": Microsoft.Getstarted_10.2312.1.0_neutral_split.language-is_8wekyb3d8bbwe \"GetStarted_10.2312.1.0_language-cs.msix\": Microsoft.Getstarted_10.2312.1.0_neutral_split.language-cs_8wekyb3d8bbwe \"GetStarted_10.2312.1.0_language-kk.msix\": Microsoft.Getstarted_10.2312.1.0_neutral_split.language-kk_8wekyb3d8bbwe \"GetStarted_10.2312.1.0_language-zh-hant.msix\": Microsoft.Getstarted_10.2312.1.0_neutral_split.language-zh-hant_8wekyb3d8bbwe \"GetStarted_10.2312.1.0_language-ru.msix\": Microsoft.Getstarted_10.2312.1.0_neutral_split.language-ru_8wekyb3d8bbwe \"GetStarted_10.2312.1.0_language-fa.msix\": Microsoft.Getstarted_10.2312.1.0_neutral_split.language-fa_8wekyb3d8bbwe \"GetStarted_10.2312.1.0_language-ko.msix\": Microsoft.Getstarted_10.2312.1.0_neutral_split.language-ko_8wekyb3d8bbwe \"GetStarted_10.2312.1.0_language-sq.msix\": Microsoft.Getstarted_10.2312.1.0_neutral_split.language-sq_8wekyb3d8bbwe \"GetStarted_10.2312.1.0_language-lv.msix\": Microsoft.Getstarted_10.2312.1.0_neutral_split.language-lv_8wekyb3d8bbwe \"GetStarted_10.2312.1.0_language-lt.msix\": Microsoft.Getstarted_10.2312.1.0_neutral_split.language-lt_8wekyb3d8bbwe \"GetStarted_10.2312.1.0_language-id.msix\": Microsoft.Getstarted_10.2312.1.0_neutral_split.language-id_8wekyb3d8bbwe \"GetStarted_10.2312.1.0_language-tr.msix\": Microsoft.Getstarted_10.2312.1.0_neutral_split.language-tr_8wekyb3d8bbwe \"GetStarted_10.2312.1.0_language-nb.msix\": Microsoft.Getstarted_10.2312.1.0_neutral_split.language-nb_8wekyb3d8bbwe \"GetStarted_10.2312.1.0_language-th.msix\": Microsoft.Getstarted_10.2312.1.0_neutral_split.language-th_8wekyb3d8bbwe \"GetStarted_10.2312.1.0_language-bg.msix\": Microsoft.Getstarted_10.2312.1.0_neutral_split.language-bg_8wekyb3d8bbwe \"GetStarted_10.2312.1.0_language-sv.msix\": Microsoft.Getstarted_10.2312.1.0_neutral_split.language-sv_8wekyb3d8bbwe \"GetStarted_10.2312.1.0_language-qps-plocm.msix\": Microsoft.Getstarted_10.2312.1.0_neutral_split.language-qps-plocm_8wekyb3d8bbwe \"GetStarted_10.2312.1.0_language-ca.msix\": Microsoft.Getstarted_10.2312.1.0_neutral_split.language-ca_8wekyb3d8bbwe \"GetStarted_10.2312.1.0_language-pt.msix\": Microsoft.Getstarted_10.2312.1.0_neutral_split.language-pt_8wekyb3d8bbwe \"GetStarted_10.2312.1.0_language-pl.msix\": Microsoft.Getstarted_10.2312.1.0_neutral_split.language-pl_8wekyb3d8bbwe \"GetStarted_10.2312.1.0_language-ml.msix\": Microsoft.Getstarted_10.2312.1.0_neutral_split.language-ml_8wekyb3d8bbwe \"GetStarted_10.2312.1.0_language-uk.msix\": Microsoft.Getstarted_10.2312.1.0_neutral_split.language-uk_8wekyb3d8bbwe \"GetStarted_10.2312.1.0_language-sl.msix\": Microsoft.Getstarted_10.2312.1.0_neutral_split.language-sl_8wekyb3d8bbwe \"GetStarted_10.2312.1.0_language-mk.msix\": Microsoft.Getstarted_10.2312.1.0_neutral_split.language-mk_8wekyb3d8bbwe \"GetStarted_10.2312.1.0_language-fi.msix\": Microsoft.Getstarted_10.2312.1.0_neutral_split.language-fi_8wekyb3d8bbwe \"GetStarted_10.2312.1.0_language-fil-latn.msix\": Microsoft.Getstarted_10.2312.1.0_neutral_split.language-fil-latn_8wekyb3d8bbwe \"GetStarted_10.2312.1.0_language-te.msix\": Microsoft.Getstarted_10.2312.1.0_neutral_split.language-te_8wekyb3d8bbwe \"GetStarted_10.2312.1.0_language-fr.msix\": Microsoft.Getstarted_10.2312.1.0_neutral_split.language-fr_8wekyb3d8bbwe \"GetStarted_10.2312.1.0_language-hi.msix\": Microsoft.Getstarted_10.2312.1.0_neutral_split.language-hi_8wekyb3d8bbwe \"GetStarted_10.2312.1.0_language-sk.msix\": Microsoft.Getstarted_10.2312.1.0_neutral_split.language-sk_8wekyb3d8bbwe \"GetStarted_10.2312.1.0_language-af.msix\": Microsoft.Getstarted_10.2312.1.0_neutral_split.language-af_8wekyb3d8bbwe \"GetStarted_10.2312.1.0_language-ta.msix\": Microsoft.Getstarted_10.2312.1.0_neutral_split.language-ta_8wekyb3d8bbwe \"GetStarted_10.2312.1.0_language-de.msix\": Microsoft.Getstarted_10.2312.1.0_neutral_split.language-de_8wekyb3d8bbwe \"GetStarted_10.2312.1.0_language-qps-ploc.msix\": Microsoft.Getstarted_10.2312.1.0_neutral_split.language-qps-ploc_8wekyb3d8bbwe \"GetStarted_10.2312.1.0_scale-125.msix\": Microsoft.Getstarted_10.2312.1.0_neutral_split.scale-125_8wekyb3d8bbwe \"GetStarted_10.2312.1.0_scale-200.msix\": Microsoft.Getstarted_10.2312.1.0_neutral_split.scale-200_8wekyb3d8bbwe \"GetStarted_10.2312.1.0_scale-150.msix\": Microsoft.Getstarted_10.2312.1.0_neutral_split.scale-150_8wekyb3d8bbwe \"GetStarted_10.2312.1.0_scale-400.msix\": Microsoft.Getstarted_10.2312.1.0_neutral_split.scale-400_8wekyb3d8bbwe"}
{"EventID": "854", "Channel": "Microsoft-Windows-AppXDeploymentServer/Operational", "Provider_Name": "Microsoft-Windows-AppXDeployment-Server", "Computer": "DESKTOP-OFJ6N53", "TimeCreated": "2025-07-24 21:45:44.472046+00:00", "RecordID": "114231", "Level": "4", "UserID": "S-1-5-18", "EventData.Path": "x-windowsupdate://FB3C95C9-8F78-4CC7-87F9-195B3F620A90/7F354D0E-A913-4AA0-815D-3FA9FBFF2BD8/06d6c2c0f01aaa65b11a48a49d06b4c7f1e8e3fe x-windowsupdate://FB3C95C9-8F78-4CC7-87F9-195B3F620A90/7F354D0E-A913-4AA0-815D-3FA9FBFF2BD8/06d6c2c0f01aaa65b11a48a49d06b4c7f1e8e3fe\\GetStarted_10.2312.1.0_x64.msix x-windowsupdate://FB3C95C9-8F78-4CC7-87F9-195B3F620A90/7F354D0E-A913-4AA0-815D-3FA9FBFF2BD8/06d6c2c0f01aaa65b11a48a49d06b4c7f1e8e3fe\\GetStarted_10.2312.1.0_language-ru.msix x-windowsupdate://FB3C95C9-8F78-4CC7-87F9-195B3F620A90/7F354D0E-A913-4AA0-815D-3FA9FBFF2BD8/06d6c2c0f01aaa65b11a48a49d06b4c7f1e8e3fe\\GetStarted_10.2312.1.0_scale-125.msix"}
{"EventID": "400", "Channel": "Microsoft-Windows-AppXDeploymentServer/Operational", "Provider_Name": "Microsoft-Windows-AppXDeployment-Server", "Computer": "DESKTOP-OFJ6N53", "TimeCreated": "2025-07-24 21:45:45.130127+00:00", "RecordID": "114232", "Level": "4", "UserID": "S-1-5-18", "EventData.DeploymentOperation": "4", "EventData.PackageFullName": "Microsoft.Getstarted_2021.2312.1.0_neutral_~_8wekyb3d8bbwe", "EventData.Path": "(06d6c2c0f01aaa65b11a48a49d06b4c7f1e8e3fe)", "EventData.MountPoint": "C:", "EventData.TargetPlatform": "0x00000000", "EventData.SystemVolume": "True", "EventData.StorageId": "\\\\?\\Volume{c33a8663-71a2-4031-8cec-c21914fe12ad}", "EventData.IsCentennial": "False", "EventData.PackageType": "0x00000008", "EventData.IsPackageEncrypted": "False", "EventData.DeploymentOptions": "0x0040008004000010", "EventData.IsStreamingPackage": "False", "EventData.IsInRelatedSet": "False", "EventData.IsPackageUsingBDC": "False", "EventData.MainPackageFamilyName": "NULL", "EventData.CallingProcess": "svchost.exe,wuauserv", "EventData.IsOptional": "False", "EventData.PackageFlags": "0x00000400", "EventData.PackageFlags2": "0x00000800", "EventData.HasWin32alacarte": "False", "EventData.HasFullTrust": "False", "EventData.ExternalLocation": null, "EventData.PackageSourceUri": "x-windowsupdate://FB3C95C9-8F78-4CC7-87F9-195B3F620A90/7F354D0E-A913-4AA0-815D-3FA9FBFF2BD8/06d6c2c0f01aaa65b11a48a49d06b4c7f1e8e3fe"}
{"EventID": "478", "Channel": "Microsoft-Windows-AppXDeploymentServer/Operational", "Provider_Name": "Microsoft-Windows-AppXDeployment-Server", "Computer": "DESKTOP-OFJ6N53", "TimeCreated": "2025-07-24 21:45:45.130213+00:00", "RecordID": "114233", "Level": "5", "UserID": "S-1-5-18", "EventData.DeploymentOperation": "4", "EventData.PackageFullName": "Microsoft.Getstarted_10.2312.1.0_x64__8wekyb3d8bbwe", "EventData.Path": "(06d6c2c0f01aaa65b11a48a49d06b4c7f1e8e3fe)", "EventData.MountPoint": "C:", "EventData.TargetPlatform": "0x00000000", "EventData.SystemVolume": "True", "EventData.StorageId": "\\\\?\\Volume{c33a8663-71a2-4031-8cec-c21914fe12ad}", "EventData.IsCentennial": "False", "EventData.PackageType": "0x00000001", "EventData.IsPackageEncrypted": "False", "EventData.DeploymentOptions": "0x0040008004000010", "EventData.IsStreamingPackage": "False", "EventData.IsInRelatedSet": "False", "EventData.IsPackageUsingBDC": "False", "EventData.MainPackageFamilyName": "NULL", "EventData.CallingProcess": "svchost.exe,wuauserv", "EventData.IsOptional": "False", "EventData.PackageFlags": "0x00080008", "EventData.PackageFlags2": "0x00000800", "EventData.HasWin32alacarte": "False", "EventData.HasFullTrust": "False", "EventData.ExternalLocation": null, "EventData.PackageSourceUri": "x-windowsupdate://FB3C95C9-8F78-4CC7-87F9-195B3F620A90/7F354D0E-A913-4AA0-815D-3FA9FBFF2BD8/06d6c2c0f01aaa65b11a48a49d06b4c7f1e8e3fe"}
{"EventID": "649", "Channel": "Microsoft-Windows-AppXDeploymentServer/Operational", "Provider_Name": "Microsoft-Windows-AppXDeployment-Server", "Computer": "DESKTOP-OFJ6N53", "TimeCreated": "2025-07-24 21:45:45.143419+00:00", "RecordID": "114234", "Level": "4", "UserID": "S-1-5-18", "EventData.DeploymentOperation": "4", "EventData.PackageFullName": "Microsoft.Getstarted_2021.2312.1.0_neutral_~_8wekyb3d8bbwe", "EventData.Summary": "PostDeploymentOperationCheck cost: 0 ms"}
{"EventID": "613", "Channel": "Microsoft-Windows-AppXDeploymentServer/Operational", "Provider_Name": "Microsoft-Windows-AppXDeployment-Server", "Computer": "DESKTOP-OFJ6N53", "TimeCreated": "2025-07-24 21:45:45.260685+00:00", "RecordID": "114235", "Level": "4", "UserID": "S-1-5-18", "EventData.DeploymentOperation": "4", "EventData.PackageFullName": "Microsoft.Getstarted_2021.2312.1.0_neutral_~_8wekyb3d8bbwe", "EventData.Summary": "Overall time: 6672 ms\nEnqueue cost: 2265 ms\nDequeue delay: 0 ms\nBundle processing cost: 3625 ms\nIndexing cost: 94 ms\nResolve dependency cost: 0 ms\nGap: 16 ms\nCheck approval cost: 47 ms\nEvaluation cost: 31 ms\nHardlinking evaluation cost: 0 ms\nGap: 15 ms\nStage required cost: 94 ms\nFlushing and closing files cost: 0 ms\nMachine register cost: 0 ms\nStage user data cost: 0 ms\nRegistration cost: 0 ms\nRepository commit transaction cost: 344 ms\nGap: 16 ms\nData flush cost: 0 ms\nPost DeStage repository commit transaction cost: 0 ms\nRemaining cost: 125 ms"}
{"EventID": "603", "Channel": "Microsoft-Windows-AppXDeploymentServer/Operational", "Provider_Name": "Microsoft-Windows-AppXDeployment-Server", "Computer": "DESKTOP-OFJ6N53", "TimeCreated": "2025-07-24 21:45:49.194496+00:00", "RecordID": "114236", "Level": "4", "UserID": "S-1-5-21-963789628-1060504924-4285088085-1001", "EventData.DeploymentOperation": "20", "EventData.Path": "Microsoft.Getstarted_8wekyb3d8bbwe", "EventData.Flags": "67127296", "EventData.FlagsHigh": "262144", "EventData.CallingProcess": "svchost.exe,wuauserv", "EventData.ExternalLocation": null}
{"EventID": "10002", "Channel": "Microsoft-Windows-AppXDeploymentServer/Operational", "Provider_Name": "Microsoft-Windows-AppXDeployment-Server", "Computer": "DESKTOP-OFJ6N53", "TimeCreated": "2025-07-24 21:45:49.215288+00:00", "RecordID": "114237", "Level": "5", "UserID": "S-1-5-18", "EventData.DeploymentOperation": "6", "EventData.MainPackageMoniker": "Microsoft.Getstarted_2021.2312.1.0_neutral_~_8wekyb3d8bbwe", "EventData.ResiliencyFilePath": "C:\\ProgramData\\Microsoft\\Windows\\AppRepository\\1dcd5e57-3e4d-43b5-9ff6-de398e075c95_S-1-5-21-963789628-1060504924-4285088085-1001_4.rslc"}
{"EventID": "607", "Channel": "Microsoft-Windows-AppXDeploymentServer/Operational", "Provider_Name": "Microsoft-Windows-AppXDeployment-Server", "Computer": "DESKTOP-OFJ6N53", "TimeCreated": "2025-07-24 21:45:49.215960+00:00", "RecordID": "114238", "Level": "4", "UserID": "S-1-5-21-963789628-1060504924-4285088085-1001", "EventData.DeploymentOperation": "6", "EventData.PackageFullName": "Microsoft.Getstarted_2021.2312.1.0_neutral_~_8wekyb3d8bbwe", "EventData.UserSid": "S-1-5-21-963789628-1060504924-4285088085-1001", "EventData.CallingProcess": "svchost.exe,wuauserv"}
{"EventID": "614", "Channel": "Microsoft-Windows-AppXDeploymentServer/Operational", "Provider_Name": "Microsoft-Windows-AppXDeployment-Server", "Computer": "DESKTOP-OFJ6N53", "TimeCreated": "2025-07-24 21:45:49.223156+00:00", "RecordID": "114239", "Level": "5", "UserID": "S-1-5-21-963789628-1060504924-4285088085-1001", "EventData.PathOne": "C:\\Program Files\\WindowsApps\\Microsoft.Getstarted_2021.2312.1.0_neutral_~_8wekyb3d8bbwe\\AppxMetadata\\AppxBundleManifest.xml", "EventData.PathTwo": "\"GetStarted_10.2312.1.0_x64.msix\": Microsoft.Getstarted_10.2312.1.0_x64__8wekyb3d8bbwe \"GetStarted_10.2312.1.0_ARM64.msix\": Microsoft.Getstarted_10.2312.1.0_arm64__8wekyb3d8bbwe \"GetStarted_10.2312.1.0_x86.msix\": Microsoft.Getstarted_10.2312.1.0_x86__8wekyb3d8bbwe \"GetStarted_10.2312.1.0_language-da.msix\": Microsoft.Getstarted_10.2312.1.0_neutral_split.language-da_8wekyb3d8bbwe \"GetStarted_10.2312.1.0_language-sr-latn.msix\": Microsoft.Getstarted_10.2312.1.0_neutral_split.language-sr-latn_8wekyb3d8bbwe \"GetStarted_10.2312.1.0_language-he.msix\": Microsoft.Getstarted_10.2312.1.0_neutral_split.language-he_8wekyb3d8bbwe \"GetStarted_10.2312.1.0_language-nl.msix\": Microsoft.Getstarted_10.2312.1.0_neutral_split.language-nl_8wekyb3d8bbwe \"GetStarted_10.2312.1.0_language-it.msix\": Microsoft.Getstarted_10.2312.1.0_neutral_split.language-it_8wekyb3d8bbwe \"GetStarted_10.2312.1.0_language-et.msix\": Microsoft.Getstarted_10.2312.1.0_neutral_split.language-et_8wekyb3d8bbwe \"GetStarted_10.2312.1.0_language-ms.msix\": Microsoft.Getstarted_10.2312.1.0_neutral_split.language-ms_8wekyb3d8bbwe \"GetStarted_10.2312.1.0_language-hu.msix\": Microsoft.Getstarted_10.2312.1.0_neutral_split.language-hu_8wekyb3d8bbwe \"GetStarted_10.2312.1.0_language-km.msix\": Microsoft.Getstarted_10.2312.1.0_neutral_split.language-km_8wekyb3d8bbwe \"GetStarted_10.2312.1.0_language-kn.msix\": Microsoft.Getstarted_10.2312.1.0_neutral_split.language-kn_8wekyb3d8bbwe \"GetStarted_10.2312.1.0_language-es.msix\": Microsoft.Getstarted_10.2312.1.0_neutral_split.language-es_8wekyb3d8bbwe \"GetStarted_10.2312.1.0_language-zh-hans.msix\": Microsoft.Getstarted_10.2312.1.0_neutral_split.language-zh-hans_8wekyb3d8bbwe \"GetStarted_10.2312.1.0_language-am.msix\": Microsoft.Getstarted_10.2312.1.0_neutral_split.language-am_8wekyb3d8bbwe \"GetStarted_10.2312.1.0_language-vi.msix\": Microsoft.Getstarted_10.2312.1.0_neutral_split.language-vi_8wekyb3d8bbwe \"GetStarted_10.2312.1.0_language-ar.msix\": Microsoft.Getstarted_10.2312.1.0_neutral_split.language-ar_8wekyb3d8bbwe \"GetStarted_10.2312.1.0_language-ro.msix\": Microsoft.Getstarted_10.2312.1.0_neutral_split.language-ro_8wekyb3d8bbwe \"GetStarted_10.2312.1.0_language-lo.msix\": Microsoft.Getstarted_10.2312.1.0_neutral_split.language-lo_8wekyb3d8bbwe \"GetStarted_10.2312.1.0_language-el.msix\": Microsoft.Getstarted_10.2312.1.0_neutral_split.language-el_8wekyb3d8bbwe \"GetStarted_10.2312.1.0_language-gl.msix\": Microsoft.Getstarted_10.2312.1.0_neutral_split.language-gl_8wekyb3d8bbwe \"GetStarted_10.2312.1.0_language-az-latn.msix\": Microsoft.Getstarted_10.2312.1.0_neutral_split.language-az-latn_8wekyb3d8bbwe \"GetStarted_10.2312.1.0_language-uz-latn.msix\": Microsoft.Getstarted_10.2312.1.0_neutral_split.language-uz-latn_8wekyb3d8bbwe \"GetStarted_10.2312.1.0_language-hr.msix\": Microsoft.Getstarted_10.2312.1.0_neutral_split.language-hr_8wekyb3d8bbwe \"GetStarted_10.2312.1.0_language-ja.msix\": Microsoft.Getstarted_10.2312.1.0_neutral_split.language-ja_8wekyb3d8bbwe \"GetStarted_10.2312.1.0_language-eu.msix\": Microsoft.Getstarted_10.2312.1.0_neutral_split.language-eu_8wekyb3d8bbwe \"GetStarted_10.2312.1.0_language-is.msix\": Microsoft.Getstarted_10.2312.1.0_neutral_split.language-is_8wekyb3d8bbwe \"GetStarted_10.2312.1.0_language-cs.msix\": Microsoft.Getstarted_10.2312.1.0_neutral_split.language-cs_8wekyb3d8bbwe \"GetStarted_10.2312.1.0_language-kk.msix\": Microsoft.Getstarted_10.2312.1.0_neutral_split.language-kk_8wekyb3d8bbwe \"GetStarted_10.2312.1.0_language-zh-hant.msix\": Microsoft.Getstarted_10.2312.1.0_neutral_split.language-zh-hant_8wekyb3d8bbwe \"GetStarted_10.2312.1.0_language-ru.msix\": Microsoft.Getstarted_10.2312.1.0_neutral_split.language-ru_8wekyb3d8bbwe \"GetStarted_10.2312.1.0_language-fa.msix\": Microsoft.Getstarted_10.2312.1.0_neutral_split.language-fa_8wekyb3d8bbwe \"GetStarted_10.2312.1.0_language-ko.msix\": Microsoft.Getstarted_10.2312.1.0_neutral_split.language-ko_8wekyb3d8bbwe \"GetStarted_10.2312.1.0_language-sq.msix\": Microsoft.Getstarted_10.2312.1.0_neutral_split.language-sq_8wekyb3d8bbwe \"GetStarted_10.2312.1.0_language-lv.msix\": Microsoft.Getstarted_10.2312.1.0_neutral_split.language-lv_8wekyb3d8bbwe \"GetStarted_10.2312.1.0_language-lt.msix\": Microsoft.Getstarted_10.2312.1.0_neutral_split.language-lt_8wekyb3d8bbwe \"GetStarted_10.2312.1.0_language-id.msix\": Microsoft.Getstarted_10.2312.1.0_neutral_split.language-id_8wekyb3d8bbwe \"GetStarted_10.2312.1.0_language-tr.msix\": Microsoft.Getstarted_10.2312.1.0_neutral_split.language-tr_8wekyb3d8bbwe \"GetStarted_10.2312.1.0_language-nb.msix\": Microsoft.Getstarted_10.2312.1.0_neutral_split.language-nb_8wekyb3d8bbwe \"GetStarted_10.2312.1.0_language-th.msix\": Microsoft.Getstarted_10.2312.1.0_neutral_split.language-th_8wekyb3d8bbwe \"GetStarted_10.2312.1.0_language-bg.msix\": Microsoft.Getstarted_10.2312.1.0_neutral_split.language-bg_8wekyb3d8bbwe \"GetStarted_10.2312.1.0_language-sv.msix\": Microsoft.Getstarted_10.2312.1.0_neutral_split.language-sv_8wekyb3d8bbwe \"GetStarted_10.2312.1.0_language-qps-plocm.msix\": Microsoft.Getstarted_10.2312.1.0_neutral_split.language-qps-plocm_8wekyb3d8bbwe \"GetStarted_10.2312.1.0_language-ca.msix\": Microsoft.Getstarted_10.2312.1.0_neutral_split.language-ca_8wekyb3d8bbwe \"GetStarted_10.2312.1.0_language-pt.msix\": Microsoft.Getstarted_10.2312.1.0_neutral_split.language-pt_8wekyb3d8bbwe \"GetStarted_10.2312.1.0_language-pl.msix\": Microsoft.Getstarted_10.2312.1.0_neutral_split.language-pl_8wekyb3d8bbwe \"GetStarted_10.2312.1.0_language-ml.msix\": Microsoft.Getstarted_10.2312.1.0_neutral_split.language-ml_8wekyb3d8bbwe \"GetStarted_10.2312.1.0_language-uk.msix\": Microsoft.Getstarted_10.2312.1.0_neutral_split.language-uk_8wekyb3d8bbwe \"GetStarted_10.2312.1.0_language-sl.msix\": Microsoft.Getstarted_10.2312.1.0_neutral_split.language-sl_8wekyb3d8bbwe \"GetStarted_10.2312.1.0_language-mk.msix\": Microsoft.Getstarted_10.2312.1.0_neutral_split.language-mk_8wekyb3d8bbwe \"GetStarted_10.2312.1.0_language-fi.msix\": Microsoft.Getstarted_10.2312.1.0_neutral_split.language-fi_8wekyb3d8bbwe \"GetStarted_10.2312.1.0_language-fil-latn.msix\": Microsoft.Getstarted_10.2312.1.0_neutral_split.language-fil-latn_8wekyb3d8bbwe \"GetStarted_10.2312.1.0_language-te.msix\": Microsoft.Getstarted_10.2312.1.0_neutral_split.language-te_8wekyb3d8bbwe \"GetStarted_10.2312.1.0_language-fr.msix\": Microsoft.Getstarted_10.2312.1.0_neutral_split.language-fr_8wekyb3d8bbwe \"GetStarted_10.2312.1.0_language-hi.msix\": Microsoft.Getstarted_10.2312.1.0_neutral_split.language-hi_8wekyb3d8bbwe \"GetStarted_10.2312.1.0_language-sk.msix\": Microsoft.Getstarted_10.2312.1.0_neutral_split.language-sk_8wekyb3d8bbwe \"GetStarted_10.2312.1.0_language-af.msix\": Microsoft.Getstarted_10.2312.1.0_neutral_split.language-af_8wekyb3d8bbwe \"GetStarted_10.2312.1.0_language-ta.msix\": Microsoft.Getstarted_10.2312.1.0_neutral_split.language-ta_8wekyb3d8bbwe \"GetStarted_10.2312.1.0_language-de.msix\": Microsoft.Getstarted_10.2312.1.0_neutral_split.language-de_8wekyb3d8bbwe \"GetStarted_10.2312.1.0_language-qps-ploc.msix\": Microsoft.Getstarted_10.2312.1.0_neutral_split.language-qps-ploc_8wekyb3d8bbwe \"GetStarted_10.2312.1.0_scale-125.msix\": Microsoft.Getstarted_10.2312.1.0_neutral_split.scale-125_8wekyb3d8bbwe \"GetStarted_10.2312.1.0_scale-200.msix\": Microsoft.Getstarted_10.2312.1.0_neutral_split.scale-200_8wekyb3d8bbwe \"GetStarted_10.2312.1.0_scale-150.msix\": Microsoft.Getstarted_10.2312.1.0_neutral_split.scale-150_8wekyb3d8bbwe \"GetStarted_10.2312.1.0_scale-400.msix\": Microsoft.Getstarted_10.2312.1.0_neutral_split.scale-400_8wekyb3d8bbwe"}
{"EventID": "854", "Channel": "Microsoft-Windows-AppXDeploymentServer/Operational", "Provider_Name": "Microsoft-Windows-AppXDeployment-Server", "Computer": "DESKTOP-OFJ6N53", "TimeCreated": "2025-07-24 21:45:49.234957+00:00", "RecordID": "114240", "Level": "4", "UserID": "S-1-5-21-963789628-1060504924-4285088085-1001", "EventData.Path": "C:\\Program Files\\WindowsApps\\Microsoft.Getstarted_2021.2312.1.0_neutral_~_8wekyb3d8bbwe\\AppxMetadata\\AppxBundleManifest.xml C:\\Program Files\\WindowsApps\\Microsoft.Getstarted_10.2312.1.0_x64__8wekyb3d8bbwe\\AppxManifest.xml C:\\Program Files\\WindowsApps\\Microsoft.Getstarted_10.2312.1.0_neutral_split.language-ru_8wekyb3d8bbwe\\AppxManifest.xml C:\\Program Files\\WindowsApps\\Microsoft.Getstarted_10.2312.1.0_neutral_split.scale-125_8wekyb3d8bbwe\\AppxManifest.xml"}
{"EventID": "855", "Channel": "Microsoft-Windows-AppXDeploymentServer/Operational", "Provider_Name": "Microsoft-Windows-AppXDeployment-Server", "Computer": "DESKTOP-OFJ6N53", "TimeCreated": "2025-07-24 21:45:49.323931+00:00", "RecordID": "114241", "Level": "4", "UserID": "S-1-5-21-963789628-1060504924-4285088085-1001", "EventData.PackageMoniker": "addPackageList: Microsoft.Getstarted_10.2312.1.0_neutral_split.scale-125_8wekyb3d8bbwe Microsoft.Getstarted_10.2312.1.0_neutral_split.language-ru_8wekyb3d8bbwe Microsoft.Getstarted_10.2312.1.0_x64__8wekyb3d8bbwe Microsoft.Getstarted_2021.2312.1.0_neutral_~_8wekyb3d8bbwe removePackageList: Microsoft.Getstarted_10.2312.1.0_neutral_split.scale-200_8wekyb3d8bbwe"}
{"EventID": "573", "Channel": "Microsoft-Windows-AppXDeploymentServer/Operational", "Provider_Name": "Microsoft-Windows-AppXDeployment-Server", "Computer": "DESKTOP-OFJ6N53", "TimeCreated": "2025-07-24 21:45:49.375845+00:00", "RecordID": "114242", "Level": "4", "UserID": "S-1-5-21-963789628-1060504924-4285088085-1001", "EventData.PackageFamilyName": "Microsoft.Getstarted_8wekyb3d8bbwe", "EventData.SettingSyncEnabled": "False"}
{"EventID": "10000", "Channel": "Microsoft-Windows-AppXDeploymentServer/Operational", "Provider_Name": "Microsoft-Windows-AppXDeployment-Server", "Computer": "DESKTOP-OFJ6N53", "TimeCreated": "2025-07-24 21:45:49.410017+00:00", "RecordID": "114243", "Level": "5", "UserID": "S-1-5-18", "EventData.PackageFullName": "Microsoft.Getstarted_10.2312.1.0_x64__8wekyb3d8bbwe", "EventData.ErrorCode": "0x00000000"}
{"EventID": "5506", "Channel": "Microsoft-Windows-AppXDeploymentServer/Operational", "Provider_Name": "Microsoft-Windows-AppXDeployment-Server", "Computer": "DESKTOP-OFJ6N53", "TimeCreated": "2025-07-24 21:45:49.905087+00:00", "RecordID": "114244", "Level": "5", "UserID": "S-1-5-18", "EventData.PackageName": "Microsoft.Getstarted_10.2312.1.0_x64__8wekyb3d8bbwe", "EventData.FilePath": "C:\\Program Files\\WindowsApps\\Microsoft.Getstarted_10.2312.1.0_x64__8wekyb3d8bbwe\\microsoft.system.package.metadata\\resources.1e3dd3b6.pri", "EventData.Message": "Created shared merged PRI file"}
{"EventID": "5505", "Channel": "Microsoft-Windows-AppXDeploymentServer/Operational", "Provider_Name": "Microsoft-Windows-AppXDeployment-Server", "Computer": "DESKTOP-OFJ6N53", "TimeCreated": "2025-07-24 21:45:49.905548+00:00", "RecordID": "114245", "Level": "5", "UserID": "S-1-5-18", "EventData.PackageName": "Microsoft.Getstarted_10.2312.1.0_x64__8wekyb3d8bbwe", "EventData.FilePath": "C:\\Program Files\\WindowsApps\\Microsoft.Getstarted_10.2312.1.0_x64__8wekyb3d8bbwe\\microsoft.system.package.metadata\\S-1-5-21-963789628-1060504924-4285088085-1001-MergedResources-24.pri", "EventData.Message": "Linked user-specific merged PRI file"}
{"EventID": "8100", "Channel": "Microsoft-Windows-AppXDeploymentServer/Operational", "Provider_Name": "Microsoft-Windows-AppXDeployment-Server", "Computer": "DESKTOP-OFJ6N53", "TimeCreated": "2025-07-24 21:45:49.918055+00:00", "RecordID": "114246", "Level": "5", "UserID": "S-1-5-18", "EventData.PackageFullName": "Microsoft.Getstarted_10.2312.1.0_neutral_split.scale-125_8wekyb3d8bbwe", "EventData.Flags": "0x00000009"}
{"EventID": "8106", "Channel": "Microsoft-Windows-AppXDeploymentServer/Operational", "Provider_Name": "Microsoft-Windows-AppXDeployment-Server", "Computer": "DESKTOP-OFJ6N53", "TimeCreated": "2025-07-24 21:45:49.920591+00:00", "RecordID": "114247", "Level": "5", "UserID": "S-1-5-18", "EventData.PackageFullName": "Microsoft.Getstarted_10.2312.1.0_neutral_split.scale-125_8wekyb3d8bbwe", "EventData.Flags": "0x00000009"}
{"EventID": "8101", "Channel": "Microsoft-Windows-AppXDeploymentServer/Operational", "Provider_Name": "Microsoft-Windows-AppXDeployment-Server", "Computer": "DESKTOP-OFJ6N53", "TimeCreated": "2025-07-24 21:45:49.920605+00:00", "RecordID": "114248", "Level": "5", "UserID": "S-1-5-18", "EventData.PackageFullName": "Microsoft.Getstarted_10.2312.1.0_neutral_split.scale-125_8wekyb3d8bbwe", "EventData.Flags": "0x00000009"}
{"EventID": "8100", "Channel": "Microsoft-Windows-AppXDeploymentServer/Operational", "Provider_Name": "Microsoft-Windows-AppXDeployment-Server", "Computer": "DESKTOP-OFJ6N53", "TimeCreated": "2025-07-24 21:45:49.920607+00:00", "RecordID": "114249", "Level": "5", "UserID": "S-1-5-18", "EventData.PackageFullName": "Microsoft.Getstarted_10.2312.1.0_neutral_split.language-ru_8wekyb3d8bbwe", "EventData.Flags": "0x00000009"}
{"EventID": "8106", "Channel": "Microsoft-Windows-AppXDeploymentServer/Operational", "Provider_Name": "Microsoft-Windows-AppXDeployment-Server", "Computer": "DESKTOP-OFJ6N53", "TimeCreated": "2025-07-24 21:45:49.921982+00:00", "RecordID": "114250", "Level": "5", "UserID": "S-1-5-18", "EventData.PackageFullName": "Microsoft.Getstarted_10.2312.1.0_neutral_split.language-ru_8wekyb3d8bbwe", "EventData.Flags": "0x00000009"}
{"EventID": "8101", "Channel": "Microsoft-Windows-AppXDeploymentServer/Operational", "Provider_Name": "Microsoft-Windows-AppXDeployment-Server", "Computer": "DESKTOP-OFJ6N53", "TimeCreated": "2025-07-24 21:45:49.921989+00:00", "RecordID": "114251", "Level": "5", "UserID": "S-1-5-18", "EventData.PackageFullName": "Microsoft.Getstarted_10.2312.1.0_neutral_split.language-ru_8wekyb3d8bbwe", "EventData.Flags": "0x00000009"}
{"EventID": "8100", "Channel": "Microsoft-Windows-AppXDeploymentServer/Operational", "Provider_Name": "Microsoft-Windows-AppXDeployment-Server", "Computer": "DESKTOP-OFJ6N53", "TimeCreated": "2025-07-24 21:45:49.921993+00:00", "RecordID": "114252", "Level": "5", "UserID": "S-1-5-18", "EventData.PackageFullName": "Microsoft.Getstarted_10.2312.1.0_x64__8wekyb3d8bbwe", "EventData.Flags": "0x00000009"}
{"EventID": "8106", "Channel": "Microsoft-Windows-AppXDeploymentServer/Operational", "Provider_Name": "Microsoft-Windows-AppXDeployment-Server", "Computer": "DESKTOP-OFJ6N53", "TimeCreated": "2025-07-24 21:45:49.923307+00:00", "RecordID": "114253", "Level": "5", "UserID": "S-1-5-18", "EventData.PackageFullName": "Microsoft.Getstarted_10.2312.1.0_x64__8wekyb3d8bbwe", "EventData.Flags": "0x00000009"}
{"EventID": "8101", "Channel": "Microsoft-Windows-AppXDeploymentServer/Operational", "Provider_Name": "Microsoft-Windows-AppXDeployment-Server", "Computer": "DESKTOP-OFJ6N53", "TimeCreated": "2025-07-24 21:45:49.923321+00:00", "RecordID": "114254", "Level": "5", "UserID": "S-1-5-18", "EventData.PackageFullName": "Microsoft.Getstarted_10.2312.1.0_x64__8wekyb3d8bbwe", "EventData.Flags": "0x00000009"}
{"EventID": "5507", "Channel": "Microsoft-Windows-AppXDeploymentServer/Operational", "Provider_Name": "Microsoft-Windows-AppXDeployment-Server", "Computer": "DESKTOP-OFJ6N53", "TimeCreated": "2025-07-24 21:45:50.072393+00:00", "RecordID": "114255", "Level": "5", "UserID": "S-1-5-21-963789628-1060504924-4285088085-1001", "EventData.PackageName": "Microsoft.Getstarted_10.2312.1.0_x64__8wekyb3d8bbwe", "EventData.FilePath": "S-1-5-21-963789628-1060504924-4285088085-1001-MergedResources-24.pri", "EventData.Message": "Current user-specific merged PRI file ignored"}
{"EventID": "5507", "Channel": "Microsoft-Windows-AppXDeploymentServer/Operational", "Provider_Name": "Microsoft-Windows-AppXDeployment-Server", "Computer": "DESKTOP-OFJ6N53", "TimeCreated": "2025-07-24 21:45:50.072525+00:00", "RecordID": "114256", "Level": "5", "UserID": "S-1-5-21-963789628-1060504924-4285088085-1001", "EventData.PackageName": "Microsoft.Getstarted_10.2312.1.0_x64__8wekyb3d8bbwe", "EventData.FilePath": "resources.1e3dd3b6.pri", "EventData.Message": "Current shared merged PRI file ignored"}
{"EventID": "5507", "Channel": "Microsoft-Windows-AppXDeploymentServer/Operational", "Provider_Name": "Microsoft-Windows-AppXDeployment-Server", "Computer": "DESKTOP-OFJ6N53", "TimeCreated": "2025-07-24 21:45:50.073055+00:00", "RecordID": "114257", "Level": "5", "UserID": "S-1-5-21-963789628-1060504924-4285088085-1001", "EventData.PackageName": "Microsoft.Getstarted_10.2312.1.0_x64__8wekyb3d8bbwe", "EventData.FilePath": "C:\\Program Files\\WindowsApps\\Microsoft.Getstarted_10.2312.1.0_x64__8wekyb3d8bbwe\\microsoft.system.package.metadata\\resources.7d24add9.pri", "EventData.Message": "Shared merged file still in use"}
{"EventID": "5508", "Channel": "Microsoft-Windows-AppXDeploymentServer/Operational", "Provider_Name": "Microsoft-Windows-AppXDeployment-Server", "Computer": "DESKTOP-OFJ6N53", "TimeCreated": "2025-07-24 21:45:50.073647+00:00", "RecordID": "114258", "Level": "5", "UserID": "S-1-5-18", "EventData.PackageName": "Microsoft.Getstarted_10.2312.1.0_x64__8wekyb3d8bbwe", "EventData.FilePath": "C:\\Program Files\\WindowsApps\\Microsoft.Getstarted_10.2312.1.0_x64__8wekyb3d8bbwe\\microsoft.system.package.metadata\\S-1-5-21-963789628-1060504924-4285088085-1001-MergedResources-23.pri", "EventData.Message": "Deleted"}
{"EventID": "5507", "Channel": "Microsoft-Windows-AppXDeploymentServer/Operational", "Provider_Name": "Microsoft-Windows-AppXDeployment-Server", "Computer": "DESKTOP-OFJ6N53", "TimeCreated": "2025-07-24 21:45:50.073780+00:00", "RecordID": "114259", "Level": "5", "UserID": "S-1-5-21-963789628-1060504924-4285088085-1001", "EventData.PackageName": "Microsoft.Getstarted_10.2312.1.0_x64__8wekyb3d8bbwe", "EventData.FilePath": "S-1-5-21-963789628-1060504924-4285088085-1001-MergedResources-24.pri", "EventData.Message": "Current user-specific merged PRI file ignored"}
{"EventID": "5507", "Channel": "Microsoft-Windows-AppXDeploymentServer/Operational", "Provider_Name": "Microsoft-Windows-AppXDeployment-Server", "Computer": "DESKTOP-OFJ6N53", "TimeCreated": "2025-07-24 21:45:50.073885+00:00", "RecordID": "114260", "Level": "5", "UserID": "S-1-5-21-963789628-1060504924-4285088085-1001", "EventData.PackageName": "Microsoft.Getstarted_10.2312.1.0_x64__8wekyb3d8bbwe", "EventData.FilePath": "resources.1e3dd3b6.pri", "EventData.Message": "Current shared merged PRI file ignored"}
{"EventID": "5508", "Channel": "Microsoft-Windows-AppXDeploymentServer/Operational", "Provider_Name": "Microsoft-Windows-AppXDeployment-Server", "Computer": "DESKTOP-OFJ6N53", "TimeCreated": "2025-07-24 21:45:50.074697+00:00", "RecordID": "114261", "Level": "5", "UserID": "S-1-5-18", "EventData.PackageName": "Microsoft.Getstarted_10.2312.1.0_x64__8wekyb3d8bbwe", "EventData.FilePath": "C:\\Program Files\\WindowsApps\\Microsoft.Getstarted_10.2312.1.0_x64__8wekyb3d8bbwe\\microsoft.system.package.metadata\\resources.7d24add9.pri", "EventData.Message": "Deleted"}
{"EventID": "813", "Channel": "Microsoft-Windows-AppXDeploymentServer/Operational", "Provider_Name": "Microsoft-Windows-AppXDeployment-Server", "Computer": "DESKTOP-OFJ6N53", "TimeCreated": "2025-07-24 21:45:50.114038+00:00", "RecordID": "114262", "Level": "5", "UserID": "S-1-5-18", "EventData.PackageMoniker": "Microsoft.Getstarted_2021.2312.1.0_neutral_~_8wekyb3d8bbwe"}
{"EventID": "10001", "Channel": "Microsoft-Windows-AppXDeploymentServer/Operational", "Provider_Name": "Microsoft-Windows-AppXDeployment-Server", "Computer": "DESKTOP-OFJ6N53", "TimeCreated": "2025-07-24 21:45:50.374025+00:00", "RecordID": "114263", "Level": "5", "UserID": "S-1-5-18", "EventData.PackageFullName": "Microsoft.Getstarted_10.2312.1.0_x64__8wekyb3d8bbwe", "EventData.ErrorCode": "0x00000000"}
{"EventID": "10001", "Channel": "Microsoft-Windows-AppXDeploymentServer/Operational", "Provider_Name": "Microsoft-Windows-AppXDeployment-Server", "Computer": "DESKTOP-OFJ6N53", "TimeCreated": "2025-07-24 21:45:50.374462+00:00", "RecordID": "114264", "Level": "5", "UserID": "S-1-5-18", "EventData.PackageFullName": "Microsoft.Getstarted_10.2312.1.0_x64__8wekyb3d8bbwe", "EventData.ErrorCode": "0x00000000"}
{"EventID": "10001", "Channel": "Microsoft-Windows-AppXDeploymentServer/Operational", "Provider_Name": "Microsoft-Windows-AppXDeployment-Server", "Computer": "DESKTOP-OFJ6N53", "TimeCreated": "2025-07-24 21:45:50.375313+00:00", "RecordID": "114265", "Level": "5", "UserID": "S-1-5-18", "EventData.PackageFullName": "Microsoft.Getstarted_10.2312.1.0_neutral_split.scale-125_8wekyb3d8bbwe", "EventData.ErrorCode": "0x00000000"}
{"EventID": "10001", "Channel": "Microsoft-Windows-AppXDeploymentServer/Operational", "Provider_Name": "Microsoft-Windows-AppXDeployment-Server", "Computer": "DESKTOP-OFJ6N53", "TimeCreated": "2025-07-24 21:45:50.375530+00:00", "RecordID": "114266", "Level": "5", "UserID": "S-1-5-18", "EventData.PackageFullName": "Microsoft.Getstarted_10.2312.1.0_neutral_split.scale-125_8wekyb3d8bbwe", "EventData.ErrorCode": "0x00000000"}
{"EventID": "10001", "Channel": "Microsoft-Windows-AppXDeploymentServer/Operational", "Provider_Name": "Microsoft-Windows-AppXDeployment-Server", "Computer": "DESKTOP-OFJ6N53", "TimeCreated": "2025-07-24 21:45:50.375706+00:00", "RecordID": "114267", "Level": "5", "UserID": "S-1-5-18", "EventData.PackageFullName": "Microsoft.Getstarted_10.2312.1.0_neutral_split.language-ru_8wekyb3d8bbwe", "EventData.ErrorCode": "0x00000000"}
{"EventID": "10001", "Channel": "Microsoft-Windows-AppXDeploymentServer/Operational", "Provider_Name": "Microsoft-Windows-AppXDeployment-Server", "Computer": "DESKTOP-OFJ6N53", "TimeCreated": "2025-07-24 21:45:50.375875+00:00", "RecordID": "114268", "Level": "5", "UserID": "S-1-5-18", "EventData.PackageFullName": "Microsoft.Getstarted_10.2312.1.0_neutral_split.language-ru_8wekyb3d8bbwe", "EventData.ErrorCode": "0x00000000"}
{"EventID": "10001", "Channel": "Microsoft-Windows-AppXDeploymentServer/Operational", "Provider_Name": "Microsoft-Windows-AppXDeployment-Server", "Computer": "DESKTOP-OFJ6N53", "TimeCreated": "2025-07-24 21:45:50.375990+00:00", "RecordID": "114269", "Level": "5", "UserID": "S-1-5-18", "EventData.PackageFullName": "Microsoft.Getstarted_10.2312.1.0_x64__8wekyb3d8bbwe", "EventData.ErrorCode": "0x00000000"}
{"EventID": "10001", "Channel": "Microsoft-Windows-AppXDeploymentServer/Operational", "Provider_Name": "Microsoft-Windows-AppXDeployment-Server", "Computer": "DESKTOP-OFJ6N53", "TimeCreated": "2025-07-24 21:45:50.376097+00:00", "RecordID": "114270", "Level": "5", "UserID": "S-1-5-18", "EventData.PackageFullName": "Microsoft.Getstarted_10.2312.1.0_x64__8wekyb3d8bbwe", "EventData.ErrorCode": "0x00000000"}
{"EventID": "10001", "Channel": "Microsoft-Windows-AppXDeploymentServer/Operational", "Provider_Name": "Microsoft-Windows-AppXDeployment-Server", "Computer": "DESKTOP-OFJ6N53", "TimeCreated": "2025-07-24 21:45:50.376192+00:00", "RecordID": "114271", "Level": "5", "UserID": "S-1-5-18", "EventData.PackageFullName": "Microsoft.Getstarted_2021.2312.1.0_neutral_~_8wekyb3d8bbwe", "EventData.ErrorCode": "0x00000000"}
{"EventID": "10001", "Channel": "Microsoft-Windows-AppXDeploymentServer/Operational", "Provider_Name": "Microsoft-Windows-AppXDeployment-Server", "Computer": "DESKTOP-OFJ6N53", "TimeCreated": "2025-07-24 21:45:50.376266+00:00", "RecordID": "114272", "Level": "5", "UserID": "S-1-5-18", "EventData.PackageFullName": "Microsoft.Getstarted_2021.2312.1.0_neutral_~_8wekyb3d8bbwe", "EventData.ErrorCode": "0x00000000"}
{"EventID": "400", "Channel": "Microsoft-Windows-AppXDeploymentServer/Operational", "Provider_Name": "Microsoft-Windows-AppXDeployment-Server", "Computer": "DESKTOP-OFJ6N53", "TimeCreated": "2025-07-24 21:45:50.429640+00:00", "RecordID": "114273", "Level": "4", "UserID": "S-1-5-21-963789628-1060504924-4285088085-1001", "EventData.DeploymentOperation": "6", "EventData.PackageFullName": "Microsoft.Getstarted_2021.2312.1.0_neutral_~_8wekyb3d8bbwe", "EventData.Path": "(AppxBundleManifest.xml)", "EventData.MountPoint": "C:", "EventData.TargetPlatform": "0x00000000", "EventData.SystemVolume": "True", "EventData.StorageId": "\\\\?\\Volume{c33a8663-71a2-4031-8cec-c21914fe12ad}", "EventData.IsCentennial": "False", "EventData.PackageType": "0x00000008", "EventData.IsPackageEncrypted": "False", "EventData.DeploymentOptions": "0x0004000004044800", "EventData.IsStreamingPackage": "False", "EventData.IsInRelatedSet": "False", "EventData.IsPackageUsingBDC": "False", "EventData.MainPackageFamilyName": "NULL", "EventData.CallingProcess": "svchost.exe,wuauserv", "EventData.IsOptional": "False", "EventData.PackageFlags": "0x00000400", "EventData.PackageFlags2": "0x00000800", "EventData.HasWin32alacarte": "False", "EventData.HasFullTrust": "False", "EventData.ExternalLocation": null, "EventData.PackageSourceUri": "x-windowsupdate://ADABC762-20DC-4CE5-ABBE-53FE973C20FB/7F354D0E-A913-4AA0-815D-3FA9FBFF2BD8/06d6c2c0f01aaa65b11a48a49d06b4c7f1e8e3fe"}
{"EventID": "478", "Channel": "Microsoft-Windows-AppXDeploymentServer/Operational", "Provider_Name": "Microsoft-Windows-AppXDeployment-Server", "Computer": "DESKTOP-OFJ6N53", "TimeCreated": "2025-07-24 21:45:50.429733+00:00", "RecordID": "114274", "Level": "5", "UserID": "S-1-5-21-963789628-1060504924-4285088085-1001", "EventData.DeploymentOperation": "6", "EventData.PackageFullName": "Microsoft.Getstarted_10.2312.1.0_x64__8wekyb3d8bbwe", "EventData.Path": "(AppxBundleManifest.xml)", "EventData.MountPoint": "C:", "EventData.TargetPlatform": "0x00000000", "EventData.SystemVolume": "True", "EventData.StorageId": "\\\\?\\Volume{c33a8663-71a2-4031-8cec-c21914fe12ad}", "EventData.IsCentennial": "False", "EventData.PackageType": "0x00000001", "EventData.IsPackageEncrypted": "False", "EventData.DeploymentOptions": "0x0004000004044800", "EventData.IsStreamingPackage": "False", "EventData.IsInRelatedSet": "False", "EventData.IsPackageUsingBDC": "False", "EventData.MainPackageFamilyName": "NULL", "EventData.CallingProcess": "svchost.exe,wuauserv", "EventData.IsOptional": "False", "EventData.PackageFlags": "0x00080008", "EventData.PackageFlags2": "0x00000800", "EventData.HasWin32alacarte": "False", "EventData.HasFullTrust": "False", "EventData.ExternalLocation": null, "EventData.PackageSourceUri": "x-windowsupdate://ADABC762-20DC-4CE5-ABBE-53FE973C20FB/7F354D0E-A913-4AA0-815D-3FA9FBFF2BD8/06d6c2c0f01aaa65b11a48a49d06b4c7f1e8e3fe"}
{"EventID": "472", "Channel": "Microsoft-Windows-AppXDeploymentServer/Operational", "Provider_Name": "Microsoft-Windows-AppXDeployment-Server", "Computer": "DESKTOP-OFJ6N53", "TimeCreated": "2025-07-24 21:45:50.440435+00:00", "RecordID": "114275", "Level": "5", "UserID": "S-1-5-18", "EventData.SourceFolderPath": "\\\\?\\C:\\Program Files\\WindowsApps\\Microsoft.Getstarted_10.2312.1.0_neutral_split.scale-200_8wekyb3d8bbwe", "EventData.DestinationFolderPath": "\\\\?\\C:\\Program Files\\WindowsApps\\Deleted\\Microsoft.Getstarted_10.2312.1.0_neutral_split.scale-200_8wekyb3d8bbwef78fb99b-4c8d-459f-a05c-f9b116b54732", "EventData.ErrorCode": "0x00000000"}
{"EventID": "649", "Channel": "Microsoft-Windows-AppXDeploymentServer/Operational", "Provider_Name": "Microsoft-Windows-AppXDeployment-Server", "Computer": "DESKTOP-OFJ6N53", "TimeCreated": "2025-07-24 21:45:50.478537+00:00", "RecordID": "114276", "Level": "4", "UserID": "S-1-5-21-963789628-1060504924-4285088085-1001", "EventData.DeploymentOperation": "6", "EventData.PackageFullName": "Microsoft.Getstarted_2021.2312.1.0_neutral_~_8wekyb3d8bbwe", "EventData.Summary": "PostDeploymentOperationCheck cost: 0 ms"}
{"EventID": "613", "Channel": "Microsoft-Windows-AppXDeploymentServer/Operational", "Provider_Name": "Microsoft-Windows-AppXDeployment-Server", "Computer": "DESKTOP-OFJ6N53", "TimeCreated": "2025-07-24 21:45:50.607861+00:00", "RecordID": "114277", "Level": "4", "UserID": "S-1-5-21-963789628-1060504924-4285088085-1001", "EventData.DeploymentOperation": "6", "EventData.PackageFullName": "Microsoft.Getstarted_2021.2312.1.0_neutral_~_8wekyb3d8bbwe", "EventData.Summary": "Overall time: 1406 ms\nEnqueue cost: 16 ms\nDequeue delay: 0 ms\nBundle processing cost: 15 ms\nIndexing cost: 47 ms\nResolve dependency cost: 47 ms\nGap: 16 ms\nCheck approval cost: 0 ms\nEvaluation cost: 15 ms\nHardlinking evaluation cost: 0 ms\nStage required cost: 16 ms\nFlushing and closing files cost: 0 ms\nMachine register cost: 0 ms\nStage user data cost: 16 ms\nGap: 125 ms\nRegistration cost: 593 ms\nGap: 32 ms\nRepository commit transaction cost: 234 ms\nGap: 78 ms\nData flush cost: 31 ms\nPost DeStage repository commit transaction cost: 0 ms\nRemaining cost: 125 ms"}
{"EventID": "603", "Channel": "Microsoft-Windows-AppXDeploymentServer/Operational", "Provider_Name": "Microsoft-Windows-AppXDeployment-Server", "Computer": "DESKTOP-OFJ6N53", "TimeCreated": "2025-07-24 21:46:06.658413+00:00", "RecordID": "114278", "Level": "4", "UserID": "S-1-5-18", "EventData.DeploymentOperation": "4", "EventData.Path": "d71b51a86f47693370e6bb858091e4aa89ce0c65", "EventData.Flags": "67108880", "EventData.FlagsHigh": "128", "EventData.CallingProcess": "svchost.exe,wuauserv", "EventData.ExternalLocation": null}
{"EventID": "603", "Channel": "Microsoft-Windows-AppXDeploymentServer/Operational", "Provider_Name": "Microsoft-Windows-AppXDeployment-Server", "Computer": "DESKTOP-OFJ6N53", "TimeCreated": "2025-07-24 21:46:07.232468+00:00", "RecordID": "114279", "Level": "4", "UserID": "S-1-5-18", "EventData.DeploymentOperation": "4", "EventData.Path": "a7dfb8412682a3a7d3263fd02ba70d7eac2c2ab9", "EventData.Flags": "67108880", "EventData.FlagsHigh": "128", "EventData.CallingProcess": "svchost.exe,wuauserv", "EventData.ExternalLocation": null}
{"EventID": "10002", "Channel": "Microsoft-Windows-AppXDeploymentServer/Operational", "Provider_Name": "Microsoft-Windows-AppXDeployment-Server", "Computer": "DESKTOP-OFJ6N53", "TimeCreated": "2025-07-24 21:46:08.074915+00:00", "RecordID": "114280", "Level": "5", "UserID": "S-1-5-18", "EventData.DeploymentOperation": "4", "EventData.MainPackageMoniker": "Microsoft.XboxApp_48.104.4001.0_neutral_~_8wekyb3d8bbwe", "EventData.ResiliencyFilePath": "C:\\ProgramData\\Microsoft\\Windows\\AppRepository\\1dcd5e57-3e4d-43b5-9ff6-de398e075c95_S-1-5-18_5.rslc"}
{"EventID": "607", "Channel": "Microsoft-Windows-AppXDeploymentServer/Operational", "Provider_Name": "Microsoft-Windows-AppXDeployment-Server", "Computer": "DESKTOP-OFJ6N53", "TimeCreated": "2025-07-24 21:46:08.076632+00:00", "RecordID": "114281", "Level": "4", "UserID": "S-1-5-18", "EventData.DeploymentOperation": "4", "EventData.PackageFullName": "Microsoft.XboxApp_48.104.4001.0_neutral_~_8wekyb3d8bbwe", "EventData.UserSid": "S-1-5-18", "EventData.CallingProcess": "svchost.exe,wuauserv"}
