{"EventID": "0", "Channel": "Microsoft-Windows-Windows Firewall With Advanced Security/FirewallDiagnostics", "Provider_Name": "Microsoft-Windows-Windows Firewall With Advanced Security", "Computer": "DESKTOP-OFJ6N53", "TimeCreated": "2022-04-30 18:00:43.843811+00:00", "RecordID": "1", "Level": "4", "UserID": "S-1-5-19", "EventData.callersAppCommandLine": "MPSSVC", "EventData.callerFunctionName": "FwProfileMgrFeatureTimerCallback", "EventData.threadWaitAndLockHoldTimeMs": "52688", "EventData.fwLockHoldTimeMs": "52672"}
{"EventID": "0", "Channel": "Microsoft-Windows-Windows Firewall With Advanced Security/FirewallDiagnostics", "Provider_Name": "Microsoft-Windows-Windows Firewall With Advanced Security", "Computer": "DESKTOP-OFJ6N53", "TimeCreated": "2022-05-29 08:18:35.699776+00:00", "RecordID": "2", "Level": "4", "UserID": "S-1-5-19", "EventData.callersAppCommandLine": "MPSSVC", "EventData.callerFunctionName": "FwDynDataAddressUpdate", "EventData.threadWaitAndLockHoldTimeMs": "7328", "EventData.fwLockHoldTimeMs": "7312"}
{"EventID": "0", "Channel": "Microsoft-Windows-Windows Firewall With Advanced Security/FirewallDiagnostics", "Provider_Name": "Microsoft-Windows-Windows Firewall With Advanced Security", "Computer": "DESKTOP-OFJ6N53", "TimeCreated": "2022-06-11 10:50:14.610355+00:00", "RecordID": "3", "Level": "4", "UserID": "S-1-5-19", "EventData.callersAppCommandLine": "MPSSVC", "EventData.callerFunctionName": "FwDynDataConnectivityUpdate", "EventData.threadWaitAndLockHoldTimeMs": "29531", "EventData.fwLockHoldTimeMs": "5937"}
{"EventID": "0", "Channel": "Microsoft-Windows-Windows Firewall With Advanced Security/FirewallDiagnostics", "Provider_Name": "Microsoft-Windows-Windows Firewall With Advanced Security", "Computer": "DESKTOP-OFJ6N53", "TimeCreated": "2022-06-14 01:04:08.972466+00:00", "RecordID": "4", "Level": "4", "UserID": "S-1-5-19", "EventData.callersAppCommandLine": "MPSSVC", "EventData.callerFunctionName": "FwDynDataAddressUpdate", "EventData.threadWaitAndLockHoldTimeMs": "14156", "EventData.fwLockHoldTimeMs": "14156"}
{"EventID": "0", "Channel": "Microsoft-Windows-Windows Firewall With Advanced Security/FirewallDiagnostics", "Provider_Name": "Microsoft-Windows-Windows Firewall With Advanced Security", "Computer": "DESKTOP-OFJ6N53", "TimeCreated": "2022-07-01 12:28:40.952995+00:00", "RecordID": "5", "Level": "4", "UserID": "S-1-5-19", "EventData.callersAppCommandLine": "MPSSVC", "EventData.callerFunctionName": "FwDynDataAddressUpdate", "EventData.threadWaitAndLockHoldTimeMs": "55969", "EventData.fwLockHoldTimeMs": "55750"}
{"EventID": "0", "Channel": "Microsoft-Windows-Windows Firewall With Advanced Security/FirewallDiagnostics", "Provider_Name": "Microsoft-Windows-Windows Firewall With Advanced Security", "Computer": "DESKTOP-OFJ6N53", "TimeCreated": "2022-07-25 15:16:21.174465+00:00", "RecordID": "6", "Level": "4", "UserID": "S-1-5-19", "EventData.callersAppCommandLine": "MPSSVC", "EventData.callerFunctionName": "FwDynDataAddressUpdate", "EventData.threadWaitAndLockHoldTimeMs": "14141", "EventData.fwLockHoldTimeMs": "14141"}
{"EventID": "0", "Channel": "Microsoft-Windows-Windows Firewall With Advanced Security/FirewallDiagnostics", "Provider_Name": "Microsoft-Windows-Windows Firewall With Advanced Security", "Computer": "DESKTOP-OFJ6N53", "TimeCreated": "2022-08-20 17:16:06.000261+00:00", "RecordID": "7", "Level": "4", "UserID": "S-1-5-19", "EventData.callersAppCommandLine": "MPSSVC", "EventData.callerFunctionName": "FwDynDataConnectivityUpdate", "EventData.threadWaitAndLockHoldTimeMs": "11828", "EventData.fwLockHoldTimeMs": "11828"}
{"EventID": "0", "Channel": "Microsoft-Windows-Windows Firewall With Advanced Security/FirewallDiagnostics", "Provider_Name": "Microsoft-Windows-Windows Firewall With Advanced Security", "Computer": "DESKTOP-OFJ6N53", "TimeCreated": "2022-08-20 17:33:49.850063+00:00", "RecordID": "8", "Level": "4", "UserID": "S-1-5-19", "EventData.callersAppCommandLine": "MPSSVC", "EventData.callerFunctionName": "FwDynDataConnectivityUpdate", "EventData.threadWaitAndLockHoldTimeMs": "39438", "EventData.fwLockHoldTimeMs": "6375"}
{"EventID": "0", "Channel": "Microsoft-Windows-Windows Firewall With Advanced Security/FirewallDiagnostics", "Provider_Name": "Microsoft-Windows-Windows Firewall With Advanced Security", "Computer": "DESKTOP-OFJ6N53", "TimeCreated": "2022-09-06 08:57:51.882072+00:00", "RecordID": "9", "Level": "4", "UserID": "S-1-5-19", "EventData.callersAppCommandLine": "MPSSVC", "EventData.callerFunctionName": "FwDynDataConnectivityUpdate", "EventData.threadWaitAndLockHoldTimeMs": "105313", "EventData.fwLockHoldTimeMs": "16500"}
{"EventID": "0", "Channel": "Microsoft-Windows-Windows Firewall With Advanced Security/FirewallDiagnostics", "Provider_Name": "Microsoft-Windows-Windows Firewall With Advanced Security", "Computer": "DESKTOP-OFJ6N53", "TimeCreated": "2022-09-11 19:04:00.923630+00:00", "RecordID": "10", "Level": "4", "UserID": "S-1-5-19", "EventData.callersAppCommandLine": "MPSSVC", "EventData.callerFunctionName": "FwDynDataAddressUpdate", "EventData.threadWaitAndLockHoldTimeMs": "8484", "EventData.fwLockHoldTimeMs": "8484"}
{"EventID": "0", "Channel": "Microsoft-Windows-Windows Firewall With Advanced Security/FirewallDiagnostics", "Provider_Name": "Microsoft-Windows-Windows Firewall With Advanced Security", "Computer": "DESKTOP-OFJ6N53", "TimeCreated": "2022-09-27 12:19:29.199303+00:00", "RecordID": "11", "Level": "4", "UserID": "S-1-5-19", "EventData.callersAppCommandLine": "MPSSVC", "EventData.callerFunctionName": "FwDynDataAddressUpdate", "EventData.threadWaitAndLockHoldTimeMs": "14281", "EventData.fwLockHoldTimeMs": "14281"}
{"EventID": "0", "Channel": "Microsoft-Windows-Windows Firewall With Advanced Security/FirewallDiagnostics", "Provider_Name": "Microsoft-Windows-Windows Firewall With Advanced Security", "Computer": "DESKTOP-OFJ6N53", "TimeCreated": "2022-10-26 09:48:11.010069+00:00", "RecordID": "12", "Level": "4", "UserID": "S-1-5-19", "EventData.callersAppCommandLine": "MPSSVC", "EventData.callerFunctionName": "FwDynDataAddressUpdate", "EventData.threadWaitAndLockHoldTimeMs": "9843", "EventData.fwLockHoldTimeMs": "9843"}
{"EventID": "0", "Channel": "Microsoft-Windows-Windows Firewall With Advanced Security/FirewallDiagnostics", "Provider_Name": "Microsoft-Windows-Windows Firewall With Advanced Security", "Computer": "DESKTOP-OFJ6N53", "TimeCreated": "2022-10-31 09:04:28.189268+00:00", "RecordID": "13", "Level": "4", "UserID": "S-1-5-19", "EventData.callersAppCommandLine": "MPSSVC", "EventData.callerFunctionName": "FwDynDataAddressUpdate", "EventData.threadWaitAndLockHoldTimeMs": "7813", "EventData.fwLockHoldTimeMs": "7797"}
{"EventID": "0", "Channel": "Microsoft-Windows-Windows Firewall With Advanced Security/FirewallDiagnostics", "Provider_Name": "Microsoft-Windows-Windows Firewall With Advanced Security", "Computer": "DESKTOP-OFJ6N53", "TimeCreated": "2022-10-31 14:48:52.909340+00:00", "RecordID": "14", "Level": "4", "UserID": "S-1-5-19", "EventData.callersAppCommandLine": "MPSSVC", "EventData.callerFunctionName": "FwQuarantineFastReconnect", "EventData.threadWaitAndLockHoldTimeMs": "23453", "EventData.fwLockHoldTimeMs": "23453"}
{"EventID": "0", "Channel": "Microsoft-Windows-Windows Firewall With Advanced Security/FirewallDiagnostics", "Provider_Name": "Microsoft-Windows-Windows Firewall With Advanced Security", "Computer": "DESKTOP-OFJ6N53", "TimeCreated": "2022-11-17 12:06:28.177616+00:00", "RecordID": "15", "Level": "4", "UserID": "S-1-5-19", "EventData.callersAppCommandLine": "MPSSVC", "EventData.callerFunctionName": "FwDynDataConnectivityUpdate", "EventData.threadWaitAndLockHoldTimeMs": "30985", "EventData.fwLockHoldTimeMs": "7141"}
{"EventID": "0", "Channel": "Microsoft-Windows-Windows Firewall With Advanced Security/FirewallDiagnostics", "Provider_Name": "Microsoft-Windows-Windows Firewall With Advanced Security", "Computer": "DESKTOP-OFJ6N53", "TimeCreated": "2023-01-14 10:01:45.298752+00:00", "RecordID": "16", "Level": "4", "UserID": "S-1-5-19", "EventData.callersAppCommandLine": "MPSSVC", "EventData.callerFunctionName": "FwQuarantineFastReconnect", "EventData.threadWaitAndLockHoldTimeMs": "8187", "EventData.fwLockHoldTimeMs": "8187"}
{"EventID": "0", "Channel": "Microsoft-Windows-Windows Firewall With Advanced Security/FirewallDiagnostics", "Provider_Name": "Microsoft-Windows-Windows Firewall With Advanced Security", "Computer": "DESKTOP-OFJ6N53", "TimeCreated": "2023-02-15 12:31:14.259346+00:00", "RecordID": "17", "Level": "4", "UserID": "S-1-5-19", "EventData.callersAppCommandLine": "MPSSVC", "EventData.callerFunctionName": "FwProfileMgrUpdateCachedPolicy", "EventData.threadWaitAndLockHoldTimeMs": "5031", "EventData.fwLockHoldTimeMs": "5031"}
{"EventID": "0", "Channel": "Microsoft-Windows-Windows Firewall With Advanced Security/FirewallDiagnostics", "Provider_Name": "Microsoft-Windows-Windows Firewall With Advanced Security", "Computer": "DESKTOP-OFJ6N53", "TimeCreated": "2023-02-27 12:58:26.674988+00:00", "RecordID": "18", "Level": "4", "UserID": "S-1-5-19", "EventData.callersAppCommandLine": "MPSSVC", "EventData.callerFunctionName": "FwDynDataConnectivityUpdate", "EventData.threadWaitAndLockHoldTimeMs": "29437", "EventData.fwLockHoldTimeMs": "7375"}
{"EventID": "0", "Channel": "Microsoft-Windows-Windows Firewall With Advanced Security/FirewallDiagnostics", "Provider_Name": "Microsoft-Windows-Windows Firewall With Advanced Security", "Computer": "DESKTOP-OFJ6N53", "TimeCreated": "2023-03-13 11:09:32.759893+00:00", "RecordID": "19", "Level": "4", "UserID": "S-1-5-19", "EventData.callersAppCommandLine": "MPSSVC", "EventData.callerFunctionName": "FwProfileMgrUpdateCachedPolicy", "EventData.threadWaitAndLockHoldTimeMs": "9422", "EventData.fwLockHoldTimeMs": "9422"}
{"EventID": "0", "Channel": "Microsoft-Windows-Windows Firewall With Advanced Security/FirewallDiagnostics", "Provider_Name": "Microsoft-Windows-Windows Firewall With Advanced Security", "Computer": "DESKTOP-OFJ6N53", "TimeCreated": "2023-03-20 08:30:58.025360+00:00", "RecordID": "20", "Level": "4", "UserID": "S-1-5-19", "EventData.callersAppCommandLine": "MPSSVC", "EventData.callerFunctionName": "FwProfileMgrUpdateCachedPolicy", "EventData.threadWaitAndLockHoldTimeMs": "8609", "EventData.fwLockHoldTimeMs": "8609"}
{"EventID": "0", "Channel": "Microsoft-Windows-Windows Firewall With Advanced Security/FirewallDiagnostics", "Provider_Name": "Microsoft-Windows-Windows Firewall With Advanced Security", "Computer": "DESKTOP-OFJ6N53", "TimeCreated": "2023-03-24 11:05:31.439751+00:00", "RecordID": "21", "Level": "4", "UserID": "S-1-5-19", "EventData.callersAppCommandLine": "MPSSVC", "EventData.callerFunctionName": "FwDynDataAddressUpdate", "EventData.threadWaitAndLockHoldTimeMs": "5219", "EventData.fwLockHoldTimeMs": "5203"}
{"EventID": "0", "Channel": "Microsoft-Windows-Windows Firewall With Advanced Security/FirewallDiagnostics", "Provider_Name": "Microsoft-Windows-Windows Firewall With Advanced Security", "Computer": "DESKTOP-OFJ6N53", "TimeCreated": "2023-04-02 17:24:33.853899+00:00", "RecordID": "22", "Level": "4", "UserID": "S-1-5-19", "EventData.callersAppCommandLine": "MPSSVC", "EventData.callerFunctionName": "FwQuarantineFastReconnect", "EventData.threadWaitAndLockHoldTimeMs": "6297", "EventData.fwLockHoldTimeMs": "6297"}
{"EventID": "0", "Channel": "Microsoft-Windows-Windows Firewall With Advanced Security/FirewallDiagnostics", "Provider_Name": "Microsoft-Windows-Windows Firewall With Advanced Security", "Computer": "DESKTOP-OFJ6N53", "TimeCreated": "2023-04-03 17:05:37.632568+00:00", "RecordID": "23", "Level": "4", "UserID": "S-1-5-19", "EventData.callersAppCommandLine": "MPSSVC", "EventData.callerFunctionName": "FwDynDataConnectivityUpdate", "EventData.threadWaitAndLockHoldTimeMs": "5578", "EventData.fwLockHoldTimeMs": "5578"}
{"EventID": "0", "Channel": "Microsoft-Windows-Windows Firewall With Advanced Security/FirewallDiagnostics", "Provider_Name": "Microsoft-Windows-Windows Firewall With Advanced Security", "Computer": "DESKTOP-OFJ6N53", "TimeCreated": "2023-04-04 06:31:37.998943+00:00", "RecordID": "24", "Level": "4", "UserID": "S-1-5-19", "EventData.callersAppCommandLine": "MPSSVC", "EventData.callerFunctionName": "FwProfileMgrUpdateCachedPolicy", "EventData.threadWaitAndLockHoldTimeMs": "12125", "EventData.fwLockHoldTimeMs": "12125"}
{"EventID": "0", "Channel": "Microsoft-Windows-Windows Firewall With Advanced Security/FirewallDiagnostics", "Provider_Name": "Microsoft-Windows-Windows Firewall With Advanced Security", "Computer": "DESKTOP-OFJ6N53", "TimeCreated": "2023-04-10 06:26:33.899359+00:00", "RecordID": "25", "Level": "4", "UserID": "S-1-5-19", "EventData.callersAppCommandLine": "MPSSVC", "EventData.callerFunctionName": "FwDynDataAddressUpdate", "EventData.threadWaitAndLockHoldTimeMs": "12579", "EventData.fwLockHoldTimeMs": "12579"}
{"EventID": "0", "Channel": "Microsoft-Windows-Windows Firewall With Advanced Security/FirewallDiagnostics", "Provider_Name": "Microsoft-Windows-Windows Firewall With Advanced Security", "Computer": "DESKTOP-OFJ6N53", "TimeCreated": "2023-04-17 08:33:17.812975+00:00", "RecordID": "26", "Level": "4", "UserID": "S-1-5-19", "EventData.callersAppCommandLine": "MPSSVC", "EventData.callerFunctionName": "FwDynDataAddressUpdate", "EventData.threadWaitAndLockHoldTimeMs": "9312", "EventData.fwLockHoldTimeMs": "9297"}
{"EventID": "0", "Channel": "Microsoft-Windows-Windows Firewall With Advanced Security/FirewallDiagnostics", "Provider_Name": "Microsoft-Windows-Windows Firewall With Advanced Security", "Computer": "DESKTOP-OFJ6N53", "TimeCreated": "2023-04-17 17:11:57.937019+00:00", "RecordID": "27", "Level": "4", "UserID": "S-1-5-19", "EventData.callersAppCommandLine": "MPSSVC", "EventData.callerFunctionName": "FwDynDataAddressUpdate", "EventData.threadWaitAndLockHoldTimeMs": "6047", "EventData.fwLockHoldTimeMs": "6047"}
{"EventID": "0", "Channel": "Microsoft-Windows-Windows Firewall With Advanced Security/FirewallDiagnostics", "Provider_Name": "Microsoft-Windows-Windows Firewall With Advanced Security", "Computer": "DESKTOP-OFJ6N53", "TimeCreated": "2023-04-21 23:08:42.627026+00:00", "RecordID": "28", "Level": "4", "UserID": "S-1-5-19", "EventData.callersAppCommandLine": "MPSSVC", "EventData.callerFunctionName": "SvrImpl_FWAddFirewallRuleEx", "EventData.threadWaitAndLockHoldTimeMs": "7984", "EventData.fwLockHoldTimeMs": "7968"}
{"EventID": "0", "Channel": "Microsoft-Windows-Windows Firewall With Advanced Security/FirewallDiagnostics", "Provider_Name": "Microsoft-Windows-Windows Firewall With Advanced Security", "Computer": "DESKTOP-OFJ6N53", "TimeCreated": "2023-04-22 07:53:36.801292+00:00", "RecordID": "29", "Level": "4", "UserID": "S-1-5-19", "EventData.callersAppCommandLine": "MPSSVC", "EventData.callerFunctionName": "FwQuarantineFastReconnect", "EventData.threadWaitAndLockHoldTimeMs": "48516", "EventData.fwLockHoldTimeMs": "6860"}
{"EventID": "0", "Channel": "Microsoft-Windows-Windows Firewall With Advanced Security/FirewallDiagnostics", "Provider_Name": "Microsoft-Windows-Windows Firewall With Advanced Security", "Computer": "DESKTOP-OFJ6N53", "TimeCreated": "2023-04-22 07:54:41.012680+00:00", "RecordID": "30", "Level": "4", "UserID": "S-1-5-19", "EventData.callersAppCommandLine": "MPSSVC", "EventData.callerFunctionName": "FwDynDataConnectivityUpdate", "EventData.threadWaitAndLockHoldTimeMs": "55532", "EventData.fwLockHoldTimeMs": "9266"}
{"EventID": "0", "Channel": "Microsoft-Windows-Windows Firewall With Advanced Security/FirewallDiagnostics", "Provider_Name": "Microsoft-Windows-Windows Firewall With Advanced Security", "Computer": "DESKTOP-OFJ6N53", "TimeCreated": "2023-04-25 07:55:08.259424+00:00", "RecordID": "31", "Level": "4", "UserID": "S-1-5-19", "EventData.callersAppCommandLine": "MPSSVC", "EventData.callerFunctionName": "FwQuarantineFastReconnect", "EventData.threadWaitAndLockHoldTimeMs": "31672", "EventData.fwLockHoldTimeMs": "31672"}
{"EventID": "0", "Channel": "Microsoft-Windows-Windows Firewall With Advanced Security/FirewallDiagnostics", "Provider_Name": "Microsoft-Windows-Windows Firewall With Advanced Security", "Computer": "DESKTOP-OFJ6N53", "TimeCreated": "2023-05-02 10:20:13.387007+00:00", "RecordID": "32", "Level": "4", "UserID": "S-1-5-19", "EventData.callersAppCommandLine": "MPSSVC", "EventData.callerFunctionName": "FwDynDataAddressUpdate", "EventData.threadWaitAndLockHoldTimeMs": "17297", "EventData.fwLockHoldTimeMs": "17250"}
{"EventID": "0", "Channel": "Microsoft-Windows-Windows Firewall With Advanced Security/FirewallDiagnostics", "Provider_Name": "Microsoft-Windows-Windows Firewall With Advanced Security", "Computer": "DESKTOP-OFJ6N53", "TimeCreated": "2023-05-09 18:41:12.759537+00:00", "RecordID": "33", "Level": "4", "UserID": "S-1-5-19", "EventData.callersAppCommandLine": "MPSSVC", "EventData.callerFunctionName": "FwDynDataAddressUpdate", "EventData.threadWaitAndLockHoldTimeMs": "5234", "EventData.fwLockHoldTimeMs": "5234"}
{"EventID": "0", "Channel": "Microsoft-Windows-Windows Firewall With Advanced Security/FirewallDiagnostics", "Provider_Name": "Microsoft-Windows-Windows Firewall With Advanced Security", "Computer": "DESKTOP-OFJ6N53", "TimeCreated": "2023-07-10 13:36:48.543163+00:00", "RecordID": "34", "Level": "4", "UserID": "S-1-5-19", "EventData.callersAppCommandLine": "MPSSVC", "EventData.callerFunctionName": "FwQuarantineFastReconnect", "EventData.threadWaitAndLockHoldTimeMs": "28390", "EventData.fwLockHoldTimeMs": "5140"}
{"EventID": "0", "Channel": "Microsoft-Windows-Windows Firewall With Advanced Security/FirewallDiagnostics", "Provider_Name": "Microsoft-Windows-Windows Firewall With Advanced Security", "Computer": "DESKTOP-OFJ6N53", "TimeCreated": "2023-07-11 10:22:17.073437+00:00", "RecordID": "35", "Level": "4", "UserID": "S-1-5-19", "EventData.callersAppCommandLine": "MPSSVC", "EventData.callerFunctionName": "FwQuarantineFastReconnect", "EventData.threadWaitAndLockHoldTimeMs": "5469", "EventData.fwLockHoldTimeMs": "5422"}
{"EventID": "0", "Channel": "Microsoft-Windows-Windows Firewall With Advanced Security/FirewallDiagnostics", "Provider_Name": "Microsoft-Windows-Windows Firewall With Advanced Security", "Computer": "DESKTOP-OFJ6N53", "TimeCreated": "2024-03-11 11:41:35.671663+00:00", "RecordID": "36", "Level": "4", "UserID": "S-1-5-19", "EventData.callersAppCommandLine": "MPSSVC", "EventData.callerFunctionName": "FwDynDataConnectivityUpdate", "EventData.threadWaitAndLockHoldTimeMs": "67718", "EventData.fwLockHoldTimeMs": "9172"}
{"EventID": "0", "Channel": "Microsoft-Windows-Windows Firewall With Advanced Security/FirewallDiagnostics", "Provider_Name": "Microsoft-Windows-Windows Firewall With Advanced Security", "Computer": "DESKTOP-OFJ6N53", "TimeCreated": "2024-04-21 18:41:05.493589+00:00", "RecordID": "37", "Level": "4", "UserID": "S-1-5-19", "EventData.callersAppCommandLine": "MPSSVC", "EventData.callerFunctionName": "FwDynDataAddressUpdate", "EventData.threadWaitAndLockHoldTimeMs": "25265", "EventData.fwLockHoldTimeMs": "25265"}
{"EventID": "0", "Channel": "Microsoft-Windows-Windows Firewall With Advanced Security/FirewallDiagnostics", "Provider_Name": "Microsoft-Windows-Windows Firewall With Advanced Security", "Computer": "DESKTOP-OFJ6N53", "TimeCreated": "2024-05-21 10:08:54.114037+00:00", "RecordID": "38", "Level": "4", "UserID": "S-1-5-19", "EventData.callersAppCommandLine": "MPSSVC", "EventData.callerFunctionName": "FwDynDataAddressUpdate", "EventData.threadWaitAndLockHoldTimeMs": "40219", "EventData.fwLockHoldTimeMs": "40219"}
{"EventID": "0", "Channel": "Microsoft-Windows-Windows Firewall With Advanced Security/FirewallDiagnostics", "Provider_Name": "Microsoft-Windows-Windows Firewall With Advanced Security", "Computer": "DESKTOP-OFJ6N53", "TimeCreated": "2024-05-29 08:11:17.241817+00:00", "RecordID": "39", "Level": "4", "UserID": "S-1-5-19", "EventData.callersAppCommandLine": "MPSSVC", "EventData.callerFunctionName": "FwDynDataConnectivityUpdate", "EventData.threadWaitAndLockHoldTimeMs": "49610", "EventData.fwLockHoldTimeMs": "12375"}
{"EventID": "0", "Channel": "Microsoft-Windows-Windows Firewall With Advanced Security/FirewallDiagnostics", "Provider_Name": "Microsoft-Windows-Windows Firewall With Advanced Security", "Computer": "DESKTOP-OFJ6N53", "TimeCreated": "2024-06-04 21:59:36.568602+00:00", "RecordID": "40", "Level": "4", "UserID": "S-1-5-19", "EventData.callersAppCommandLine": "MPSSVC", "EventData.callerFunctionName": "FwDynDataAddressUpdate", "EventData.threadWaitAndLockHoldTimeMs": "13422", "EventData.fwLockHoldTimeMs": "13422"}
