{"EventID": "200", "Channel": "Microsoft-Windows-Diagnostics-Performance/Operational", "Provider_Name": "Microsoft-Windows-Diagnostics-Performance", "Computer": "DESKTOP-OFJ6N53", "TimeCreated": "2025-01-14 23:27:51.569147+00:00", "RecordID": "478", "Level": "1", "UserID": "S-1-5-19", "EventData.ShutdownTsVersion": "1", "EventData.ShutdownStartTime": "2025-01-14 23:20:02.376699+00:00", "EventData.ShutdownEndTime": "2025-01-14 23:22:07.931726+00:00", "EventData.ShutdownTime": "125555", "EventData.ShutdownUserSessionTime": "10127", "EventData.ShutdownUserPolicyTime": "3", "EventData.ShutdownUserProfilesTime": "265", "EventData.ShutdownSystemSessionsTime": "112153", "EventData.ShutdownPreShutdownNotificationsTime": "107073", "EventData.ShutdownServicesTime": "5001", "EventData.ShutdownKernelTime": "3273", "EventData.ShutdownRootCauseStepImprovementBits": "0", "EventData.ShutdownRootCauseGradualImprovementBits": "0", "EventData.ShutdownRootCauseStepDegradationBits": "0", "EventData.ShutdownRootCauseGradualDegradationBits": "0", "EventData.ShutdownIsDegradation": "False", "EventData.ShutdownTimeChange": "0"}
{"EventID": "100", "Channel": "Microsoft-Windows-Diagnostics-Performance/Operational", "Provider_Name": "Microsoft-Windows-Diagnostics-Performance", "Computer": "DESKTOP-OFJ6N53", "TimeCreated": "2025-01-14 23:27:56.843235+00:00", "RecordID": "479", "Level": "1", "UserID": "S-1-5-19", "EventData.BootTsVersion": "2", "EventData.BootStartTime": "2025-01-14 23:22:20.177711+00:00", "EventData.BootEndTime": "2025-01-14 23:27:50.178741+00:00", "EventData.SystemBootInstance": "67", "EventData.UserBootInstance": "67", "EventData.BootTime": "305819", "EventData.MainPathBootTime": "258619", "EventData.BootKernelInitTime": "126", "EventData.BootDriverInitTime": "1940", "EventData.BootDevicesInitTime": "6531", "EventData.BootPrefetchInitTime": "0", "EventData.BootPrefetchBytes": "0", "EventData.BootAutoChkTime": "0", "EventData.BootSmssInitTime": "4465", "EventData.BootCriticalServicesInitTime": "2389", "EventData.BootUserProfileProcessingTime": "1489", "EventData.BootMachineProfileProcessingTime": "0", "EventData.BootExplorerInitTime": "22851", "EventData.BootNumStartupApps": "28", "EventData.BootPostBootTime": "47200", "EventData.BootIsRebootAfterInstall": "False", "EventData.BootRootCauseStepImprovementBits": "0", "EventData.BootRootCauseGradualImprovementBits": "0", "EventData.BootRootCauseStepDegradationBits": "0", "EventData.BootRootCauseGradualDegradationBits": "0", "EventData.BootIsDegradation": "False", "EventData.BootIsStepDegradation": "False", "EventData.BootIsGradualDegradation": "False", "EventData.BootImprovementDelta": "0", "EventData.BootDegradationDelta": "0", "EventData.BootIsRootCauseIdentified": "False", "EventData.OSLoaderDuration": "1556", "EventData.BootPNPInitStartTimeMS": "126", "EventData.BootPNPInitDuration": "5948", "EventData.OtherKernelInitDuration": "2479", "EventData.SystemPNPInitStartTimeMS": "8397", "EventData.SystemPNPInitDuration": "901", "EventData.SessionInitStartTimeMS": "9329", "EventData.Session0InitDuration": "448", "EventData.Session1InitDuration": "60", "EventData.SessionInitOtherDuration": "3956", "EventData.WinLogonStartTimeMS": "13794", "EventData.OtherLogonInitActivityDuration": "220483", "EventData.UserLogonWaitDuration": "242"}
{"EventID": "101", "Channel": "Microsoft-Windows-Diagnostics-Performance/Operational", "Provider_Name": "Microsoft-Windows-Diagnostics-Performance", "Computer": "DESKTOP-OFJ6N53", "TimeCreated": "2025-01-14 23:27:56.843256+00:00", "RecordID": "480", "Level": "3", "UserID": "S-1-5-19", "EventData.StartTime": "2025-01-14 23:22:20.177711+00:00", "EventData.NameLength": "24", "EventData.Name": "PhoneExperienceHost.exe", "EventData.FriendlyNameLength": "21", "EventData.FriendlyName": "Microsoft Phone Link", "EventData.VersionLength": "14", "EventData.Version": "1.24112.110.0", "EventData.TotalTime": "8693", "EventData.DegradationTime": "3693", "EventData.PathLength": "106", "EventData.Path": "C:\\Program Files\\WindowsApps\\Microsoft.YourPhone_1.24112.110.0_x64__8wekyb3d8bbwe\\PhoneExperienceHost.exe", "EventData.ProductNameLength": "21", "EventData.ProductName": "Microsoft Phone Link", "EventData.CompanyNameLength": "22", "EventData.CompanyName": "Microsoft Corporation"}
{"EventID": "101", "Channel": "Microsoft-Windows-Diagnostics-Performance/Operational", "Provider_Name": "Microsoft-Windows-Diagnostics-Performance", "Computer": "DESKTOP-OFJ6N53", "TimeCreated": "2025-01-14 23:27:56.843266+00:00", "RecordID": "481", "Level": "3", "UserID": "S-1-5-19", "EventData.StartTime": "2025-01-14 23:22:20.177711+00:00", "EventData.NameLength": "28", "EventData.Name": "StartMenuExperienceHost.exe", "EventData.FriendlyNameLength": "0", "EventData.FriendlyName": null, "EventData.VersionLength": "0", "EventData.Version": null, "EventData.TotalTime": "3280", "EventData.DegradationTime": "1142", "EventData.PathLength": "106", "EventData.Path": "C:\\Windows\\SystemApps\\Microsoft.Windows.StartMenuExperienceHost_cw5n1h2txyewy\\StartMenuExperienceHost.exe", "EventData.ProductNameLength": "0", "EventData.ProductName": null, "EventData.CompanyNameLength": "0", "EventData.CompanyName": null}
{"EventID": "101", "Channel": "Microsoft-Windows-Diagnostics-Performance/Operational", "Provider_Name": "Microsoft-Windows-Diagnostics-Performance", "Computer": "DESKTOP-OFJ6N53", "TimeCreated": "2025-01-14 23:27:56.843273+00:00", "RecordID": "482", "Level": "3", "UserID": "S-1-5-19", "EventData.StartTime": "2025-01-14 23:22:20.177711+00:00", "EventData.NameLength": "12", "EventData.Name": "MsMpEng.exe", "EventData.FriendlyNameLength": "31", "EventData.FriendlyName": "Antimalware Service Executable", "EventData.VersionLength": "57", "EventData.Version": "4.18.24090.11 (26d75470953920f90fd0438874501e9d9a31e621)", "EventData.TotalTime": "1602", "EventData.DegradationTime": "602", "EventData.PathLength": "79", "EventData.Path": "C:\\ProgramData\\Microsoft\\Windows Defender\\Platform\\4.18.24090.11-0\\MsMpEng.exe", "EventData.ProductNameLength": "37", "EventData.ProductName": "Microsoft® Windows® Operating System", "EventData.CompanyNameLength": "22", "EventData.CompanyName": "Microsoft Corporation"}
{"EventID": "200", "Channel": "Microsoft-Windows-Diagnostics-Performance/Operational", "Provider_Name": "Microsoft-Windows-Diagnostics-Performance", "Computer": "DESKTOP-OFJ6N53", "TimeCreated": "2025-01-24 12:05:30.777744+00:00", "RecordID": "483", "Level": "3", "UserID": "S-1-5-19", "EventData.ShutdownTsVersion": "1", "EventData.ShutdownStartTime": "2025-01-24 12:02:31.388964+00:00", "EventData.ShutdownEndTime": "2025-01-24 12:02:56.686483+00:00", "EventData.ShutdownTime": "25297", "EventData.ShutdownUserSessionTime": "2832", "EventData.ShutdownUserPolicyTime": "4", "EventData.ShutdownUserProfilesTime": "98", "EventData.ShutdownSystemSessionsTime": "6243", "EventData.ShutdownPreShutdownNotificationsTime": "1174", "EventData.ShutdownServicesTime": "4999", "EventData.ShutdownKernelTime": "16222", "EventData.ShutdownRootCauseStepImprovementBits": "2", "EventData.ShutdownRootCauseGradualImprovementBits": "0", "EventData.ShutdownRootCauseStepDegradationBits": "0", "EventData.ShutdownRootCauseGradualDegradationBits": "0", "EventData.ShutdownIsDegradation": "False", "EventData.ShutdownTimeChange": "0"}
{"EventID": "100", "Channel": "Microsoft-Windows-Diagnostics-Performance/Operational", "Provider_Name": "Microsoft-Windows-Diagnostics-Performance", "Computer": "DESKTOP-OFJ6N53", "TimeCreated": "2025-01-24 12:05:34.248014+00:00", "RecordID": "484", "Level": "2", "UserID": "S-1-5-19", "EventData.BootTsVersion": "2", "EventData.BootStartTime": "2025-01-24 12:03:08.879873+00:00", "EventData.BootEndTime": "2025-01-24 12:05:05.157753+00:00", "EventData.SystemBootInstance": "68", "EventData.UserBootInstance": "68", "EventData.BootTime": "115849", "EventData.MainPathBootTime": "94637", "EventData.BootKernelInitTime": "173", "EventData.BootDriverInitTime": "928", "EventData.BootDevicesInitTime": "5341", "EventData.BootPrefetchInitTime": "0", "EventData.BootPrefetchBytes": "0", "EventData.BootAutoChkTime": "0", "EventData.BootSmssInitTime": "4837", "EventData.BootCriticalServicesInitTime": "1569", "EventData.BootUserProfileProcessingTime": "9349", "EventData.BootMachineProfileProcessingTime": "68", "EventData.BootExplorerInitTime": "71758", "EventData.BootNumStartupApps": "14", "EventData.BootPostBootTime": "21212", "EventData.BootIsRebootAfterInstall": "False", "EventData.BootRootCauseStepImprovementBits": "0", "EventData.BootRootCauseGradualImprovementBits": "0", "EventData.BootRootCauseStepDegradationBits": "1049088", "EventData.BootRootCauseGradualDegradationBits": "512", "EventData.BootIsDegradation": "True", "EventData.BootIsStepDegradation": "True", "EventData.BootIsGradualDegradation": "False", "EventData.BootImprovementDelta": "0", "EventData.BootDegradationDelta": "44163", "EventData.BootIsRootCauseIdentified": "True", "EventData.OSLoaderDuration": "1423", "EventData.BootPNPInitStartTimeMS": "173", "EventData.BootPNPInitDuration": "4453", "EventData.OtherKernelInitDuration": "2033", "EventData.SystemPNPInitStartTimeMS": "6464", "EventData.SystemPNPInitDuration": "395", "EventData.SessionInitStartTimeMS": "6883", "EventData.Session0InitDuration": "541", "EventData.Session1InitDuration": "65", "EventData.SessionInitOtherDuration": "4230", "EventData.WinLogonStartTimeMS": "11720", "EventData.OtherLogonInitActivityDuration": "1741", "EventData.UserLogonWaitDuration": "671"}
{"EventID": "101", "Channel": "Microsoft-Windows-Diagnostics-Performance/Operational", "Provider_Name": "Microsoft-Windows-Diagnostics-Performance", "Computer": "DESKTOP-OFJ6N53", "TimeCreated": "2025-01-24 12:05:34.248032+00:00", "RecordID": "485", "Level": "3", "UserID": "S-1-5-19", "EventData.StartTime": "2025-01-24 12:03:08.879873+00:00", "EventData.NameLength": "16", "EventData.Name": "ast_service.exe", "EventData.FriendlyNameLength": "17", "EventData.FriendlyName": "Служба Ассистент", "EventData.VersionLength": "13", "EventData.Version": "5.6.2408.801", "EventData.TotalTime": "2187", "EventData.DegradationTime": "1146", "EventData.PathLength": "49", "EventData.Path": "C:\\Program Files (x86)\\Ассистент\\ast_service.exe", "EventData.ProductNameLength": "10", "EventData.ProductName": "Ассистент", "EventData.CompanyNameLength": "12", "EventData.CompanyName": "ООО \"САФИБ\""}
{"EventID": "101", "Channel": "Microsoft-Windows-Diagnostics-Performance/Operational", "Provider_Name": "Microsoft-Windows-Diagnostics-Performance", "Computer": "DESKTOP-OFJ6N53", "TimeCreated": "2025-01-24 12:05:34.248043+00:00", "RecordID": "486", "Level": "3", "UserID": "S-1-5-19", "EventData.StartTime": "2025-01-24 12:03:08.879873+00:00", "EventData.NameLength": "9", "EventData.Name": "EPWD.exe", "EventData.FriendlyNameLength": "46", "EventData.FriendlyName": "Check Point Endpoint Security Client Watchdog", "EventData.VersionLength": "13", "EventData.Version": "86,8,7000,01", "EventData.TotalTime": "1682", "EventData.DegradationTime": "564", "EventData.PathLength": "69", "EventData.Path": "C:\\Program Files (x86)\\CheckPoint\\Endpoint Connect\\Watchdog\\EPWD.exe", "EventData.ProductNameLength": "23", "EventData.ProductName": "End Point Security R80", "EventData.CompanyNameLength": "39", "EventData.CompanyName": "Check Point Software Technologies Ltd."}
{"EventID": "101", "Channel": "Microsoft-Windows-Diagnostics-Performance/Operational", "Provider_Name": "Microsoft-Windows-Diagnostics-Performance", "Computer": "DESKTOP-OFJ6N53", "TimeCreated": "2025-01-24 12:05:34.248056+00:00", "RecordID": "487", "Level": "3", "UserID": "S-1-5-19", "EventData.StartTime": "2025-01-24 12:03:08.879873+00:00", "EventData.NameLength": "18", "EventData.Name": "SearchIndexer.exe", "EventData.FriendlyNameLength": "43", "EventData.FriendlyName": "Индексатор службы Microsoft Windows Search", "EventData.VersionLength": "38", "EventData.Version": "7.0.19041.4522 (WinBuild.160101.0800)", "EventData.TotalTime": "1108", "EventData.DegradationTime": "108", "EventData.PathLength": "38", "EventData.Path": "C:\\Windows\\System32\\SearchIndexer.exe", "EventData.ProductNameLength": "23", "EventData.ProductName": "Служба Windows® Search", "EventData.CompanyNameLength": "22", "EventData.CompanyName": "Microsoft Corporation"}
{"EventID": "101", "Channel": "Microsoft-Windows-Diagnostics-Performance/Operational", "Provider_Name": "Microsoft-Windows-Diagnostics-Performance", "Computer": "DESKTOP-OFJ6N53", "TimeCreated": "2025-01-24 12:05:34.248068+00:00", "RecordID": "488", "Level": "3", "UserID": "S-1-5-19", "EventData.StartTime": "2025-01-24 12:03:08.879873+00:00", "EventData.NameLength": "19", "EventData.Name": "TracSrvWrapper.exe", "EventData.FriendlyNameLength": "42", "EventData.FriendlyName": "Check Point Endpoint Security VPN service", "EventData.VersionLength": "13", "EventData.Version": "98,6,1047,07", "EventData.TotalTime": "1103", "EventData.DegradationTime": "103", "EventData.PathLength": "70", "EventData.Path": "C:\\Program Files (x86)\\CheckPoint\\Endpoint Connect\\TracSrvWrapper.exe", "EventData.ProductNameLength": "5", "EventData.ProductName": "trac", "EventData.CompanyNameLength": "34", "EventData.CompanyName": "Check Point Software Technologies"}
{"EventID": "103", "Channel": "Microsoft-Windows-Diagnostics-Performance/Operational", "Provider_Name": "Microsoft-Windows-Diagnostics-Performance", "Computer": "DESKTOP-OFJ6N53", "TimeCreated": "2025-01-24 12:05:34.248075+00:00", "RecordID": "489", "Level": "3", "UserID": "S-1-5-19", "EventData.StartTime": "2025-01-24 12:03:08.879873+00:00", "EventData.NameLength": "10", "EventData.Name": "windefend", "EventData.FriendlyNameLength": "0", "EventData.FriendlyName": null, "EventData.VersionLength": "0", "EventData.Version": null, "EventData.TotalTime": "1294", "EventData.DegradationTime": "879", "EventData.PathLength": "81", "EventData.Path": "\"c:\\programdata\\microsoft\\windows defender\\platform\\4.18.24090.11-0\\msmpeng.exe\"", "EventData.ProductNameLength": "0", "EventData.ProductName": null, "EventData.CompanyNameLength": "0", "EventData.CompanyName": null}
{"EventID": "200", "Channel": "Microsoft-Windows-Diagnostics-Performance/Operational", "Provider_Name": "Microsoft-Windows-Diagnostics-Performance", "Computer": "DESKTOP-OFJ6N53", "TimeCreated": "2025-02-05 14:03:45.219673+00:00", "RecordID": "490", "Level": "3", "UserID": "S-1-5-19", "EventData.ShutdownTsVersion": "1", "EventData.ShutdownStartTime": "2025-02-05 14:01:04.024355+00:00", "EventData.ShutdownEndTime": "2025-02-05 14:01:29.413050+00:00", "EventData.ShutdownTime": "25388", "EventData.ShutdownUserSessionTime": "4172", "EventData.ShutdownUserPolicyTime": "45", "EventData.ShutdownUserProfilesTime": "112", "EventData.ShutdownSystemSessionsTime": "5142", "EventData.ShutdownPreShutdownNotificationsTime": "67", "EventData.ShutdownServicesTime": "4990", "EventData.ShutdownKernelTime": "16073", "EventData.ShutdownRootCauseStepImprovementBits": "0", "EventData.ShutdownRootCauseGradualImprovementBits": "0", "EventData.ShutdownRootCauseStepDegradationBits": "32", "EventData.ShutdownRootCauseGradualDegradationBits": "32", "EventData.ShutdownIsDegradation": "True", "EventData.ShutdownTimeChange": "0"}
{"EventID": "203", "Channel": "Microsoft-Windows-Diagnostics-Performance/Operational", "Provider_Name": "Microsoft-Windows-Diagnostics-Performance", "Computer": "DESKTOP-OFJ6N53", "TimeCreated": "2025-02-05 14:03:45.220810+00:00", "RecordID": "491", "Level": "3", "UserID": "S-1-5-19", "EventData.StartTime": "2025-02-05 14:01:04.024355+00:00", "EventData.NameLength": "7", "EventData.Name": "vpnsvc", "EventData.FriendlyNameLength": "0", "EventData.FriendlyName": null, "EventData.VersionLength": "0", "EventData.Version": null, "EventData.TotalTime": "4049", "EventData.DegradationTime": "1366", "EventData.PathLength": "51", "EventData.Path": "\"c:\\program files (x86)\\s-terra client\\vpnsvc.exe\"", "EventData.ProductNameLength": "0", "EventData.ProductName": null, "EventData.CompanyNameLength": "0", "EventData.CompanyName": null}
{"EventID": "203", "Channel": "Microsoft-Windows-Diagnostics-Performance/Operational", "Provider_Name": "Microsoft-Windows-Diagnostics-Performance", "Computer": "DESKTOP-OFJ6N53", "TimeCreated": "2025-02-05 14:03:45.220819+00:00", "RecordID": "492", "Level": "3", "UserID": "S-1-5-19", "EventData.StartTime": "2025-02-05 14:01:04.024355+00:00", "EventData.NameLength": "10", "EventData.Name": "vpnlogsvc", "EventData.FriendlyNameLength": "0", "EventData.FriendlyName": null, "EventData.VersionLength": "0", "EventData.Version": null, "EventData.TotalTime": "1011", "EventData.DegradationTime": "635", "EventData.PathLength": "54", "EventData.Path": "\"c:\\program files (x86)\\s-terra client\\vpnlogsvc.exe\"", "EventData.ProductNameLength": "0", "EventData.ProductName": null, "EventData.CompanyNameLength": "0", "EventData.CompanyName": null}
{"EventID": "100", "Channel": "Microsoft-Windows-Diagnostics-Performance/Operational", "Provider_Name": "Microsoft-Windows-Diagnostics-Performance", "Computer": "DESKTOP-OFJ6N53", "TimeCreated": "2025-02-05 14:03:46.305681+00:00", "RecordID": "493", "Level": "1", "UserID": "S-1-5-19", "EventData.BootTsVersion": "2", "EventData.BootStartTime": "2025-02-05 14:01:40.865055+00:00", "EventData.BootEndTime": "2025-02-05 14:03:43.704159+00:00", "EventData.SystemBootInstance": "69", "EventData.UserBootInstance": "69", "EventData.BootTime": "108426", "EventData.MainPathBootTime": "46526", "EventData.BootKernelInitTime": "230", "EventData.BootDriverInitTime": "2462", "EventData.BootDevicesInitTime": "6663", "EventData.BootPrefetchInitTime": "0", "EventData.BootPrefetchBytes": "0", "EventData.BootAutoChkTime": "0", "EventData.BootSmssInitTime": "7910", "EventData.BootCriticalServicesInitTime": "1258", "EventData.BootUserProfileProcessingTime": "4918", "EventData.BootMachineProfileProcessingTime": "83", "EventData.BootExplorerInitTime": "20854", "EventData.BootNumStartupApps": "22", "EventData.BootPostBootTime": "61900", "EventData.BootIsRebootAfterInstall": "False", "EventData.BootRootCauseStepImprovementBits": "0", "EventData.BootRootCauseGradualImprovementBits": "0", "EventData.BootRootCauseStepDegradationBits": "0", "EventData.BootRootCauseGradualDegradationBits": "0", "EventData.BootIsDegradation": "False", "EventData.BootIsStepDegradation": "False", "EventData.BootIsGradualDegradation": "False", "EventData.BootImprovementDelta": "0", "EventData.BootDegradationDelta": "0", "EventData.BootIsRootCauseIdentified": "False", "EventData.OSLoaderDuration": "1506", "EventData.BootPNPInitStartTimeMS": "230", "EventData.BootPNPInitDuration": "6088", "EventData.OtherKernelInitDuration": "2808", "EventData.SystemPNPInitStartTimeMS": "8863", "EventData.SystemPNPInitDuration": "1127", "EventData.SessionInitStartTimeMS": "10023", "EventData.Session0InitDuration": "1447", "EventData.Session1InitDuration": "52", "EventData.SessionInitOtherDuration": "6409", "EventData.WinLogonStartTimeMS": "17934", "EventData.OtherLogonInitActivityDuration": "2736", "EventData.UserLogonWaitDuration": "1668"}
{"EventID": "101", "Channel": "Microsoft-Windows-Diagnostics-Performance/Operational", "Provider_Name": "Microsoft-Windows-Diagnostics-Performance", "Computer": "DESKTOP-OFJ6N53", "TimeCreated": "2025-02-05 14:03:46.305693+00:00", "RecordID": "494", "Level": "3", "UserID": "S-1-5-19", "EventData.StartTime": "2025-02-05 14:01:40.865055+00:00", "EventData.NameLength": "14", "EventData.Name": "SearchApp.exe", "EventData.FriendlyNameLength": "19", "EventData.FriendlyName": "Search application", "EventData.VersionLength": "39", "EventData.Version": "10.0.19041.5198 (WinBuild.160101.0800)", "EventData.TotalTime": "17090", "EventData.DegradationTime": "7554", "EventData.PathLength": "75", "EventData.Path": "C:\\Windows\\SystemApps\\Microsoft.Windows.Search_cw5n1h2txyewy\\SearchApp.exe", "EventData.ProductNameLength": "37", "EventData.ProductName": "Microsoft® Windows® Operating System", "EventData.CompanyNameLength": "22", "EventData.CompanyName": "Microsoft Corporation"}
{"EventID": "101", "Channel": "Microsoft-Windows-Diagnostics-Performance/Operational", "Provider_Name": "Microsoft-Windows-Diagnostics-Performance", "Computer": "DESKTOP-OFJ6N53", "TimeCreated": "2025-02-05 14:03:46.305698+00:00", "RecordID": "495", "Level": "3", "UserID": "S-1-5-19", "EventData.StartTime": "2025-02-05 14:01:40.865055+00:00", "EventData.NameLength": "12", "EventData.Name": "svchost.exe", "EventData.FriendlyNameLength": "31", "EventData.FriendlyName": "Хост-процесс для служб Windows", "EventData.VersionLength": "39", "EventData.Version": "10.0.19041.4522 (WinBuild.160101.0800)", "EventData.TotalTime": "6576", "EventData.DegradationTime": "3547", "EventData.PathLength": "32", "EventData.Path": "C:\\Windows\\System32\\svchost.exe", "EventData.ProductNameLength": "41", "EventData.ProductName": "Операционная система Microsoft® Windows®", "EventData.CompanyNameLength": "22", "EventData.CompanyName": "Microsoft Corporation"}
{"EventID": "200", "Channel": "Microsoft-Windows-Diagnostics-Performance/Operational", "Provider_Name": "Microsoft-Windows-Diagnostics-Performance", "Computer": "DESKTOP-OFJ6N53", "TimeCreated": "2025-02-12 14:57:02.435780+00:00", "RecordID": "496", "Level": "2", "UserID": "S-1-5-19", "EventData.ShutdownTsVersion": "1", "EventData.ShutdownStartTime": "2025-02-12 14:52:54.649797+00:00", "EventData.ShutdownEndTime": "2025-02-12 14:54:08.159975+00:00", "EventData.ShutdownTime": "73510", "EventData.ShutdownUserSessionTime": "3910", "EventData.ShutdownUserPolicyTime": "26", "EventData.ShutdownUserProfilesTime": "207", "EventData.ShutdownSystemSessionsTime": "60941", "EventData.ShutdownPreShutdownNotificationsTime": "55873", "EventData.ShutdownServicesTime": "5007", "EventData.ShutdownKernelTime": "8658", "EventData.ShutdownRootCauseStepImprovementBits": "0", "EventData.ShutdownRootCauseGradualImprovementBits": "0", "EventData.ShutdownRootCauseStepDegradationBits": "0", "EventData.ShutdownRootCauseGradualDegradationBits": "0", "EventData.ShutdownIsDegradation": "False", "EventData.ShutdownTimeChange": "0"}
{"EventID": "100", "Channel": "Microsoft-Windows-Diagnostics-Performance/Operational", "Provider_Name": "Microsoft-Windows-Diagnostics-Performance", "Computer": "DESKTOP-OFJ6N53", "TimeCreated": "2025-02-12 14:57:03.891449+00:00", "RecordID": "497", "Level": "2", "UserID": "S-1-5-19", "EventData.BootTsVersion": "2", "EventData.BootStartTime": "2025-02-12 14:54:17.175735+00:00", "EventData.BootEndTime": "2025-02-12 14:57:00.962217+00:00", "EventData.SystemBootInstance": "70", "EventData.UserBootInstance": "70", "EventData.BootTime": "141888", "EventData.MainPathBootTime": "92088", "EventData.BootKernelInitTime": "83", "EventData.BootDriverInitTime": "1140", "EventData.BootDevicesInitTime": "4848", "EventData.BootPrefetchInitTime": "0", "EventData.BootPrefetchBytes": "0", "EventData.BootAutoChkTime": "0", "EventData.BootSmssInitTime": "4776", "EventData.BootCriticalServicesInitTime": "3578", "EventData.BootUserProfileProcessingTime": "823", "EventData.BootMachineProfileProcessingTime": "1", "EventData.BootExplorerInitTime": "20949", "EventData.BootNumStartupApps": "26", "EventData.BootPostBootTime": "49800", "EventData.BootIsRebootAfterInstall": "False", "EventData.BootRootCauseStepImprovementBits": "0", "EventData.BootRootCauseGradualImprovementBits": "0", "EventData.BootRootCauseStepDegradationBits": "0", "EventData.BootRootCauseGradualDegradationBits": "0", "EventData.BootIsDegradation": "False", "EventData.BootIsStepDegradation": "False", "EventData.BootIsGradualDegradation": "False", "EventData.BootImprovementDelta": "0", "EventData.BootDegradationDelta": "0", "EventData.BootIsRootCauseIdentified": "False", "EventData.OSLoaderDuration": "1278", "EventData.BootPNPInitStartTimeMS": "83", "EventData.BootPNPInitDuration": "4002", "EventData.OtherKernelInitDuration": "1983", "EventData.SystemPNPInitStartTimeMS": "5965", "EventData.SystemPNPInitDuration": "505", "EventData.SessionInitStartTimeMS": "6491", "EventData.Session0InitDuration": "877", "EventData.Session1InitDuration": "44", "EventData.SessionInitOtherDuration": "3855", "EventData.WinLogonStartTimeMS": "11268", "EventData.OtherLogonInitActivityDuration": "59046", "EventData.UserLogonWaitDuration": "150"}
{"EventID": "101", "Channel": "Microsoft-Windows-Diagnostics-Performance/Operational", "Provider_Name": "Microsoft-Windows-Diagnostics-Performance", "Computer": "DESKTOP-OFJ6N53", "TimeCreated": "2025-02-12 14:57:03.891460+00:00", "RecordID": "498", "Level": "3", "UserID": "S-1-5-19", "EventData.StartTime": "2025-02-12 14:54:17.175735+00:00", "EventData.NameLength": "20", "EventData.Name": "MoUsoCoreWorker.exe", "EventData.FriendlyNameLength": "26", "EventData.FriendlyName": "MoUSO Core Worker Process", "EventData.VersionLength": "39", "EventData.Version": "10.0.19041.5438 (WinBuild.160101.0800)", "EventData.TotalTime": "13043", "EventData.DegradationTime": "7005", "EventData.PathLength": "40", "EventData.Path": "C:\\Windows\\System32\\MoUsoCoreWorker.exe", "EventData.ProductNameLength": "37", "EventData.ProductName": "Microsoft® Windows® Operating System", "EventData.CompanyNameLength": "22", "EventData.CompanyName": "Microsoft Corporation"}
{"EventID": "101", "Channel": "Microsoft-Windows-Diagnostics-Performance/Operational", "Provider_Name": "Microsoft-Windows-Diagnostics-Performance", "Computer": "DESKTOP-OFJ6N53", "TimeCreated": "2025-02-12 14:57:03.891468+00:00", "RecordID": "499", "Level": "3", "UserID": "S-1-5-19", "EventData.StartTime": "2025-02-12 14:54:17.175735+00:00", "EventData.NameLength": "14", "EventData.Name": "SearchApp.exe", "EventData.FriendlyNameLength": "19", "EventData.FriendlyName": "Search application", "EventData.VersionLength": "39", "EventData.Version": "10.0.19041.5438 (WinBuild.160101.0800)", "EventData.TotalTime": "10643", "EventData.DegradationTime": "5903", "EventData.PathLength": "75", "EventData.Path": "C:\\Windows\\SystemApps\\Microsoft.Windows.Search_cw5n1h2txyewy\\SearchApp.exe", "EventData.ProductNameLength": "37", "EventData.ProductName": "Microsoft® Windows® Operating System", "EventData.CompanyNameLength": "22", "EventData.CompanyName": "Microsoft Corporation"}
{"EventID": "200", "Channel": "Microsoft-Windows-Diagnostics-Performance/Operational", "Provider_Name": "Microsoft-Windows-Diagnostics-Performance", "Computer": "DESKTOP-OFJ6N53", "TimeCreated": "2025-03-07 15:06:36.440962+00:00", "RecordID": "500", "Level": "2", "UserID": "S-1-5-19", "EventData.ShutdownTsVersion": "1", "EventData.ShutdownStartTime": "2025-03-07 15:02:28.882719+00:00", "EventData.ShutdownEndTime": "2025-03-07 15:03:35.807348+00:00", "EventData.ShutdownTime": "66924", "EventData.ShutdownUserSessionTime": "5421", "EventData.ShutdownUserPolicyTime": "3", "EventData.ShutdownUserProfilesTime": "15", "EventData.ShutdownSystemSessionsTime": "31323", "EventData.ShutdownPreShutdownNotificationsTime": "26226", "EventData.ShutdownServicesTime": "4991", "EventData.ShutdownKernelTime": "30178", "EventData.ShutdownRootCauseStepImprovementBits": "0", "EventData.ShutdownRootCauseGradualImprovementBits": "0", "EventData.ShutdownRootCauseStepDegradationBits": "0", "EventData.ShutdownRootCauseGradualDegradationBits": "0", "EventData.ShutdownIsDegradation": "False", "EventData.ShutdownTimeChange": "0"}
{"EventID": "203", "Channel": "Microsoft-Windows-Diagnostics-Performance/Operational", "Provider_Name": "Microsoft-Windows-Diagnostics-Performance", "Computer": "DESKTOP-OFJ6N53", "TimeCreated": "2025-03-07 15:06:36.443216+00:00", "RecordID": "501", "Level": "3", "UserID": "S-1-5-19", "EventData.StartTime": "2025-03-07 15:02:28.882719+00:00", "EventData.NameLength": "12", "EventData.Name": "EpabService", "EventData.FriendlyNameLength": "0", "EventData.FriendlyName": null, "EventData.VersionLength": "0", "EventData.Version": null, "EventData.TotalTime": "4936", "EventData.DegradationTime": "936", "EventData.PathLength": "85", "EventData.Path": "\"c:\\program files (x86)\\checkpoint\\endpoint security\\antibot\\epab_svc.exe\" --service", "EventData.ProductNameLength": "0", "EventData.ProductName": null, "EventData.CompanyNameLength": "0", "EventData.CompanyName": null}
{"EventID": "203", "Channel": "Microsoft-Windows-Diagnostics-Performance/Operational", "Provider_Name": "Microsoft-Windows-Diagnostics-Performance", "Computer": "DESKTOP-OFJ6N53", "TimeCreated": "2025-03-07 15:06:36.443230+00:00", "RecordID": "502", "Level": "3", "UserID": "S-1-5-19", "EventData.StartTime": "2025-03-07 15:02:28.882719+00:00", "EventData.NameLength": "6", "EventData.Name": "vsmon", "EventData.FriendlyNameLength": "0", "EventData.FriendlyName": null, "EventData.VersionLength": "0", "EventData.Version": null, "EventData.TotalTime": "4745", "EventData.DegradationTime": "745", "EventData.PathLength": "48", "EventData.Path": "c:\\windows\\syswow64\\zonelabs\\vsmon.exe -service", "EventData.ProductNameLength": "0", "EventData.ProductName": null, "EventData.CompanyNameLength": "0", "EventData.CompanyName": null}
{"EventID": "100", "Channel": "Microsoft-Windows-Diagnostics-Performance/Operational", "Provider_Name": "Microsoft-Windows-Diagnostics-Performance", "Computer": "DESKTOP-OFJ6N53", "TimeCreated": "2025-03-07 15:06:37.261873+00:00", "RecordID": "503", "Level": "1", "UserID": "S-1-5-19", "EventData.BootTsVersion": "2", "EventData.BootStartTime": "2025-03-07 15:03:46.238605+00:00", "EventData.BootEndTime": "2025-03-07 15:06:34.966007+00:00", "EventData.SystemBootInstance": "71", "EventData.UserBootInstance": "71", "EventData.BootTime": "168017", "EventData.MainPathBootTime": "71213", "EventData.BootKernelInitTime": "87", "EventData.BootDriverInitTime": "6435", "EventData.BootDevicesInitTime": "4872", "EventData.BootPrefetchInitTime": "0", "EventData.BootPrefetchBytes": "0", "EventData.BootAutoChkTime": "0", "EventData.BootSmssInitTime": "4604", "EventData.BootCriticalServicesInitTime": "3712", "EventData.BootUserProfileProcessingTime": "52918", "EventData.BootMachineProfileProcessingTime": "112", "EventData.BootExplorerInitTime": "0", "EventData.BootNumStartupApps": "0", "EventData.BootPostBootTime": "96804", "EventData.BootIsRebootAfterInstall": "False", "EventData.BootRootCauseStepImprovementBits": "0", "EventData.BootRootCauseGradualImprovementBits": "0", "EventData.BootRootCauseStepDegradationBits": "0", "EventData.BootRootCauseGradualDegradationBits": "0", "EventData.BootIsDegradation": "False", "EventData.BootIsStepDegradation": "False", "EventData.BootIsGradualDegradation": "False", "EventData.BootImprovementDelta": "0", "EventData.BootDegradationDelta": "0", "EventData.BootIsRootCauseIdentified": "False", "EventData.OSLoaderDuration": "1062", "EventData.BootPNPInitStartTimeMS": "87", "EventData.BootPNPInitDuration": "3908", "EventData.OtherKernelInitDuration": "1931", "EventData.SystemPNPInitStartTimeMS": "5813", "EventData.SystemPNPInitDuration": "5854", "EventData.SessionInitStartTimeMS": "11694", "EventData.Session0InitDuration": "561", "EventData.Session1InitDuration": "77", "EventData.SessionInitOtherDuration": "3965", "EventData.WinLogonStartTimeMS": "16298", "EventData.OtherLogonInitActivityDuration": "1884", "EventData.UserLogonWaitDuration": "711"}
{"EventID": "101", "Channel": "Microsoft-Windows-Diagnostics-Performance/Operational", "Provider_Name": "Microsoft-Windows-Diagnostics-Performance", "Computer": "DESKTOP-OFJ6N53", "TimeCreated": "2025-03-07 15:06:37.261887+00:00", "RecordID": "504", "Level": "3", "UserID": "S-1-5-19", "EventData.StartTime": "2025-03-07 15:03:46.238605+00:00", "EventData.NameLength": "12", "EventData.Name": "MsMpEng.exe", "EventData.FriendlyNameLength": "31", "EventData.FriendlyName": "Antimalware Service Executable", "EventData.VersionLength": "57", "EventData.Version": "4.18.25010.11 (ec83cf58421ec327ad0aa75c31d55d275c486140)", "EventData.TotalTime": "55398", "EventData.DegradationTime": "50398", "EventData.PathLength": "79", "EventData.Path": "C:\\ProgramData\\Microsoft\\Windows Defender\\Platform\\4.18.25010.11-0\\MsMpEng.exe", "EventData.ProductNameLength": "37", "EventData.ProductName": "Microsoft® Windows® Operating System", "EventData.CompanyNameLength": "22", "EventData.CompanyName": "Microsoft Corporation"}
{"EventID": "101", "Channel": "Microsoft-Windows-Diagnostics-Performance/Operational", "Provider_Name": "Microsoft-Windows-Diagnostics-Performance", "Computer": "DESKTOP-OFJ6N53", "TimeCreated": "2025-03-07 15:06:37.261894+00:00", "RecordID": "505", "Level": "3", "UserID": "S-1-5-19", "EventData.StartTime": "2025-03-07 15:03:46.238605+00:00", "EventData.NameLength": "10", "EventData.Name": "TESvc.exe", "EventData.FriendlyNameLength": "43", "EventData.FriendlyName": "Check Point Harmony Agent Threat Emulation", "EventData.VersionLength": "13", "EventData.Version": "8.68.73.1003", "EventData.TotalTime": "37264", "EventData.DegradationTime": "31264", "EventData.PathLength": "79", "EventData.Path": "C:\\Program Files (x86)\\CheckPoint\\Endpoint Security\\Threat Emulation\\TESvc.exe", "EventData.ProductNameLength": "26", "EventData.ProductName": "Check Point Harmony Agent", "EventData.CompanyNameLength": "39", "EventData.CompanyName": "Check Point Software Technologies Ltd."}
{"EventID": "101", "Channel": "Microsoft-Windows-Diagnostics-Performance/Operational", "Provider_Name": "Microsoft-Windows-Diagnostics-Performance", "Computer": "DESKTOP-OFJ6N53", "TimeCreated": "2025-03-07 15:06:37.261900+00:00", "RecordID": "506", "Level": "3", "UserID": "S-1-5-19", "EventData.StartTime": "2025-03-07 15:03:46.238605+00:00", "EventData.NameLength": "15", "EventData.Name": "EFRService.exe", "EventData.FriendlyNameLength": "47", "EventData.FriendlyName": "Check Point Endpoint Forensic Recorder service", "EventData.VersionLength": "10", "EventData.Version": "868731001", "EventData.TotalTime": "20251", "EventData.DegradationTime": "19251", "EventData.PathLength": "71", "EventData.Path": "C:\\Program Files (x86)\\CheckPoint\\Endpoint Security\\EFR\\EFRService.exe", "EventData.ProductNameLength": "19", "EventData.ProductName": "End Point Security", "EventData.CompanyNameLength": "39", "EventData.CompanyName": "Check Point Software Technologies Ltd."}
{"EventID": "101", "Channel": "Microsoft-Windows-Diagnostics-Performance/Operational", "Provider_Name": "Microsoft-Windows-Diagnostics-Performance", "Computer": "DESKTOP-OFJ6N53", "TimeCreated": "2025-03-07 15:06:37.261908+00:00", "RecordID": "507", "Level": "3", "UserID": "S-1-5-19", "EventData.StartTime": "2025-03-07 15:03:46.238605+00:00", "EventData.NameLength": "13", "EventData.Name": "epab_svc.exe", "EventData.FriendlyNameLength": "46", "EventData.FriendlyName": "Check Point Endpoint Security AntiBot Service", "EventData.VersionLength": "10", "EventData.Version": "868731001", "EventData.TotalTime": "19414", "EventData.DegradationTime": "18414", "EventData.PathLength": "73", "EventData.Path": "C:\\Program Files (x86)\\CheckPoint\\Endpoint Security\\AntiBot\\epab_svc.exe", "EventData.ProductNameLength": "19", "EventData.ProductName": "End Point Security", "EventData.CompanyNameLength": "39", "EventData.CompanyName": "Check Point Software Technologies Ltd."}
{"EventID": "101", "Channel": "Microsoft-Windows-Diagnostics-Performance/Operational", "Provider_Name": "Microsoft-Windows-Diagnostics-Performance", "Computer": "DESKTOP-OFJ6N53", "TimeCreated": "2025-03-07 15:06:37.261917+00:00", "RecordID": "508", "Level": "3", "UserID": "S-1-5-19", "EventData.StartTime": "2025-03-07 15:03:46.238605+00:00", "EventData.NameLength": "10", "EventData.Name": "vsmon.exe", "EventData.FriendlyNameLength": "49", "EventData.FriendlyName": "Check Point Endpoint Security Network Protection", "EventData.VersionLength": "10", "EventData.Version": "868731001", "EventData.TotalTime": "14673", "EventData.DegradationTime": "13673", "EventData.PathLength": "39", "EventData.Path": "C:\\Windows\\SysWOW64\\Zonelabs\\vsmon.exe", "EventData.ProductNameLength": "19", "EventData.ProductName": "End Point Security", "EventData.CompanyNameLength": "39", "EventData.CompanyName": "Check Point Software Technologies Ltd."}
{"EventID": "101", "Channel": "Microsoft-Windows-Diagnostics-Performance/Operational", "Provider_Name": "Microsoft-Windows-Diagnostics-Performance", "Computer": "DESKTOP-OFJ6N53", "TimeCreated": "2025-03-07 15:06:37.261923+00:00", "RecordID": "509", "Level": "3", "UserID": "S-1-5-19", "EventData.StartTime": "2025-03-07 15:03:46.238605+00:00", "EventData.NameLength": "26", "EventData.Name": "IDAFServerHostService.exe", "EventData.FriendlyNameLength": "61", "EventData.FriendlyName": "Check Point Device Auxiliary Framework for Endpoint Security", "EventData.VersionLength": "10", "EventData.Version": "868731001", "EventData.TotalTime": "16596", "EventData.DegradationTime": "10596", "EventData.PathLength": "98", "EventData.Path": "C:\\Program Files (x86)\\CheckPoint\\Endpoint Security\\Endpoint Common\\bin\\IDAFServerHostService.exe", "EventData.ProductNameLength": "19", "EventData.ProductName": "End Point Security", "EventData.CompanyNameLength": "39", "EventData.CompanyName": "Check Point Software Technologies Ltd."}
{"EventID": "101", "Channel": "Microsoft-Windows-Diagnostics-Performance/Operational", "Provider_Name": "Microsoft-Windows-Diagnostics-Performance", "Computer": "DESKTOP-OFJ6N53", "TimeCreated": "2025-03-07 15:06:37.261929+00:00", "RecordID": "510", "Level": "3", "UserID": "S-1-5-19", "EventData.StartTime": "2025-03-07 15:03:46.238605+00:00", "EventData.NameLength": "13", "EventData.Name": "cptrayUI.exe", "EventData.FriendlyNameLength": "30", "EventData.FriendlyName": "Check Point Endpoint Security", "EventData.VersionLength": "13", "EventData.Version": "8.68.73.0005", "EventData.TotalTime": "13725", "EventData.DegradationTime": "8725", "EventData.PathLength": "81", "EventData.Path": "C:\\Program Files (x86)\\CheckPoint\\Endpoint Security\\UIFramework\\Bin\\cptrayUI.exe", "EventData.ProductNameLength": "9", "EventData.ProductName": "cptrayUI", "EventData.CompanyNameLength": "39", "EventData.CompanyName": "Check Point Software Technologies Ltd."}
{"EventID": "101", "Channel": "Microsoft-Windows-Diagnostics-Performance/Operational", "Provider_Name": "Microsoft-Windows-Diagnostics-Performance", "Computer": "DESKTOP-OFJ6N53", "TimeCreated": "2025-03-07 15:06:37.261936+00:00", "RecordID": "511", "Level": "3", "UserID": "S-1-5-19", "EventData.StartTime": "2025-03-07 15:03:46.238605+00:00", "EventData.NameLength": "12", "EventData.Name": "WWAHost.exe", "EventData.FriendlyNameLength": "22", "EventData.FriendlyName": "Узел WWA (Майкрософт)", "EventData.VersionLength": "39", "EventData.Version": "10.0.19041.4522 (WinBuild.160101.0800)", "EventData.TotalTime": "11936", "EventData.DegradationTime": "6936", "EventData.PathLength": "32", "EventData.Path": "C:\\Windows\\System32\\WWAHost.exe", "EventData.ProductNameLength": "41", "EventData.ProductName": "Операционная система Microsoft® Windows®", "EventData.CompanyNameLength": "22", "EventData.CompanyName": "Microsoft Corporation"}
{"EventID": "101", "Channel": "Microsoft-Windows-Diagnostics-Performance/Operational", "Provider_Name": "Microsoft-Windows-Diagnostics-Performance", "Computer": "DESKTOP-OFJ6N53", "TimeCreated": "2025-03-07 15:06:37.261944+00:00", "RecordID": "512", "Level": "3", "UserID": "S-1-5-19", "EventData.StartTime": "2025-03-07 15:03:46.238605+00:00", "EventData.NameLength": "9", "EventData.Name": "cpda.exe", "EventData.FriendlyNameLength": "27", "EventData.FriendlyName": "Check Point Endpoint Agent", "EventData.VersionLength": "13", "EventData.Version": "86,8,7310,02", "EventData.TotalTime": "5915", "EventData.DegradationTime": "4915", "EventData.PathLength": "81", "EventData.Path": "C:\\Program Files (x86)\\CheckPoint\\Endpoint Security\\Endpoint Common\\bin\\cpda.exe", "EventData.ProductNameLength": "23", "EventData.ProductName": "End Point Security R80", "EventData.CompanyNameLength": "39", "EventData.CompanyName": "Check Point Software Technologies Ltd."}
{"EventID": "200", "Channel": "Microsoft-Windows-Diagnostics-Performance/Operational", "Provider_Name": "Microsoft-Windows-Diagnostics-Performance", "Computer": "DESKTOP-OFJ6N53", "TimeCreated": "2025-03-11 20:24:02.625090+00:00", "RecordID": "513", "Level": "2", "UserID": "S-1-5-19", "EventData.ShutdownTsVersion": "1", "EventData.ShutdownStartTime": "2025-03-11 20:14:59.853756+00:00", "EventData.ShutdownEndTime": "2025-03-11 20:16:45.163597+00:00", "EventData.ShutdownTime": "105309", "EventData.ShutdownUserSessionTime": "6675", "EventData.ShutdownUserPolicyTime": "2", "EventData.ShutdownUserProfilesTime": "346", "EventData.ShutdownSystemSessionsTime": "94350", "EventData.ShutdownPreShutdownNotificationsTime": "89277", "EventData.ShutdownServicesTime": "4990", "EventData.ShutdownKernelTime": "4283", "EventData.ShutdownRootCauseStepImprovementBits": "0", "EventData.ShutdownRootCauseGradualImprovementBits": "0", "EventData.ShutdownRootCauseStepDegradationBits": "0", "EventData.ShutdownRootCauseGradualDegradationBits": "0", "EventData.ShutdownIsDegradation": "False", "EventData.ShutdownTimeChange": "0"}
{"EventID": "203", "Channel": "Microsoft-Windows-Diagnostics-Performance/Operational", "Provider_Name": "Microsoft-Windows-Diagnostics-Performance", "Computer": "DESKTOP-OFJ6N53", "TimeCreated": "2025-03-11 20:24:02.625105+00:00", "RecordID": "514", "Level": "3", "UserID": "S-1-5-19", "EventData.StartTime": "2025-03-11 20:14:59.853756+00:00", "EventData.NameLength": "6", "EventData.Name": "vsmon", "EventData.FriendlyNameLength": "0", "EventData.FriendlyName": null, "EventData.VersionLength": "0", "EventData.Version": null, "EventData.TotalTime": "5485", "EventData.DegradationTime": "1485", "EventData.PathLength": "48", "EventData.Path": "c:\\windows\\syswow64\\zonelabs\\vsmon.exe -service", "EventData.ProductNameLength": "0", "EventData.ProductName": null, "EventData.CompanyNameLength": "0", "EventData.CompanyName": null}
{"EventID": "203", "Channel": "Microsoft-Windows-Diagnostics-Performance/Operational", "Provider_Name": "Microsoft-Windows-Diagnostics-Performance", "Computer": "DESKTOP-OFJ6N53", "TimeCreated": "2025-03-11 20:24:02.625113+00:00", "RecordID": "515", "Level": "3", "UserID": "S-1-5-19", "EventData.StartTime": "2025-03-11 20:14:59.853756+00:00", "EventData.NameLength": "12", "EventData.Name": "EpabService", "EventData.FriendlyNameLength": "0", "EventData.FriendlyName": null, "EventData.VersionLength": "0", "EventData.Version": null, "EventData.TotalTime": "4934", "EventData.DegradationTime": "934", "EventData.PathLength": "85", "EventData.Path": "\"c:\\program files (x86)\\checkpoint\\endpoint security\\antibot\\epab_svc.exe\" --service", "EventData.ProductNameLength": "0", "EventData.ProductName": null, "EventData.CompanyNameLength": "0", "EventData.CompanyName": null}
{"EventID": "100", "Channel": "Microsoft-Windows-Diagnostics-Performance/Operational", "Provider_Name": "Microsoft-Windows-Diagnostics-Performance", "Computer": "DESKTOP-OFJ6N53", "TimeCreated": "2025-03-11 20:24:12.206329+00:00", "RecordID": "516", "Level": "1", "UserID": "S-1-5-19", "EventData.BootTsVersion": "2", "EventData.BootStartTime": "2025-03-11 20:16:53.831884+00:00", "EventData.BootEndTime": "2025-03-11 20:21:57.231285+00:00", "EventData.SystemBootInstance": "72", "EventData.UserBootInstance": "72", "EventData.BootTime": "302214", "EventData.MainPathBootTime": "291546", "EventData.BootKernelInitTime": "90", "EventData.BootDriverInitTime": "1733", "EventData.BootDevicesInitTime": "4850", "EventData.BootPrefetchInitTime": "0", "EventData.BootPrefetchBytes": "0", "EventData.BootAutoChkTime": "0", "EventData.BootSmssInitTime": "2941", "EventData.BootCriticalServicesInitTime": "6704", "EventData.BootUserProfileProcessingTime": "4635", "EventData.BootMachineProfileProcessingTime": "1", "EventData.BootExplorerInitTime": "92823", "EventData.BootNumStartupApps": "0", "EventData.BootPostBootTime": "10668", "EventData.BootIsRebootAfterInstall": "False", "EventData.BootRootCauseStepImprovementBits": "0", "EventData.BootRootCauseGradualImprovementBits": "0", "EventData.BootRootCauseStepDegradationBits": "0", "EventData.BootRootCauseGradualDegradationBits": "0", "EventData.BootIsDegradation": "False", "EventData.BootIsStepDegradation": "False", "EventData.BootIsGradualDegradation": "False", "EventData.BootImprovementDelta": "0", "EventData.BootDegradationDelta": "0", "EventData.BootIsRootCauseIdentified": "False", "EventData.OSLoaderDuration": "1059", "EventData.BootPNPInitStartTimeMS": "90", "EventData.BootPNPInitDuration": "4043", "EventData.OtherKernelInitDuration": "1946", "EventData.SystemPNPInitStartTimeMS": "5955", "EventData.SystemPNPInitDuration": "1143", "EventData.SessionInitStartTimeMS": "7133", "EventData.Session0InitDuration": "393", "EventData.Session1InitDuration": "124", "EventData.SessionInitOtherDuration": "2424", "EventData.WinLogonStartTimeMS": "10074", "EventData.OtherLogonInitActivityDuration": "184011", "EventData.UserLogonWaitDuration": "1821"}
{"EventID": "101", "Channel": "Microsoft-Windows-Diagnostics-Performance/Operational", "Provider_Name": "Microsoft-Windows-Diagnostics-Performance", "Computer": "DESKTOP-OFJ6N53", "TimeCreated": "2025-03-11 20:24:12.206341+00:00", "RecordID": "517", "Level": "2", "UserID": "S-1-5-19", "EventData.StartTime": "2025-03-11 20:16:53.831884+00:00", "EventData.NameLength": "12", "EventData.Name": "MsMpEng.exe", "EventData.FriendlyNameLength": "31", "EventData.FriendlyName": "Antimalware Service Executable", "EventData.VersionLength": "57", "EventData.Version": "4.18.25010.11 (ec83cf58421ec327ad0aa75c31d55d275c486140)", "EventData.TotalTime": "182651", "EventData.DegradationTime": "174151", "EventData.PathLength": "79", "EventData.Path": "C:\\ProgramData\\Microsoft\\Windows Defender\\Platform\\4.18.25010.11-0\\MsMpEng.exe", "EventData.ProductNameLength": "37", "EventData.ProductName": "Microsoft® Windows® Operating System", "EventData.CompanyNameLength": "22", "EventData.CompanyName": "Microsoft Corporation"}
{"EventID": "101", "Channel": "Microsoft-Windows-Diagnostics-Performance/Operational", "Provider_Name": "Microsoft-Windows-Diagnostics-Performance", "Computer": "DESKTOP-OFJ6N53", "TimeCreated": "2025-03-11 20:24:12.206350+00:00", "RecordID": "518", "Level": "3", "UserID": "S-1-5-19", "EventData.StartTime": "2025-03-11 20:16:53.831884+00:00", "EventData.NameLength": "10", "EventData.Name": "vsmon.exe", "EventData.FriendlyNameLength": "49", "EventData.FriendlyName": "Check Point Endpoint Security Network Protection", "EventData.VersionLength": "10", "EventData.Version": "868731001", "EventData.TotalTime": "22388", "EventData.DegradationTime": "19888", "EventData.PathLength": "39", "EventData.Path": "C:\\Windows\\SysWOW64\\Zonelabs\\vsmon.exe", "EventData.ProductNameLength": "19", "EventData.ProductName": "End Point Security", "EventData.CompanyNameLength": "39", "EventData.CompanyName": "Check Point Software Technologies Ltd."}
{"EventID": "101", "Channel": "Microsoft-Windows-Diagnostics-Performance/Operational", "Provider_Name": "Microsoft-Windows-Diagnostics-Performance", "Computer": "DESKTOP-OFJ6N53", "TimeCreated": "2025-03-11 20:24:12.206356+00:00", "RecordID": "519", "Level": "3", "UserID": "S-1-5-19", "EventData.StartTime": "2025-03-11 20:16:53.831884+00:00", "EventData.NameLength": "26", "EventData.Name": "IDAFServerHostService.exe", "EventData.FriendlyNameLength": "61", "EventData.FriendlyName": "Check Point Device Auxiliary Framework for Endpoint Security", "EventData.VersionLength": "10", "EventData.Version": "868731001", "EventData.TotalTime": "16547", "EventData.DegradationTime": "14047", "EventData.PathLength": "98", "EventData.Path": "C:\\Program Files (x86)\\CheckPoint\\Endpoint Security\\Endpoint Common\\bin\\IDAFServerHostService.exe", "EventData.ProductNameLength": "19", "EventData.ProductName": "End Point Security", "EventData.CompanyNameLength": "39", "EventData.CompanyName": "Check Point Software Technologies Ltd."}
{"EventID": "101", "Channel": "Microsoft-Windows-Diagnostics-Performance/Operational", "Provider_Name": "Microsoft-Windows-Diagnostics-Performance", "Computer": "DESKTOP-OFJ6N53", "TimeCreated": "2025-03-11 20:24:12.206364+00:00", "RecordID": "520", "Level": "3", "UserID": "S-1-5-19", "EventData.StartTime": "2025-03-11 20:16:53.831884+00:00", "EventData.NameLength": "15", "EventData.Name": "powershell.exe", "EventData.FriendlyNameLength": "19", "EventData.FriendlyName": "Windows PowerShell", "EventData.VersionLength": "36", "EventData.Version": "10.0.19041.1 (WinBuild.160101.0800)", "EventData.TotalTime": "15866", "EventData.DegradationTime": "12366", "EventData.PathLength": "58", "EventData.Path": "C:\\Windows\\SysWOW64\\WindowsPowerShell\\v1.0\\powershell.exe", "EventData.ProductNameLength": "41", "EventData.ProductName": "Операционная система Microsoft® Windows®", "EventData.CompanyNameLength": "22", "EventData.CompanyName": "Microsoft Corporation"}
