{"EventID": "1006", "Channel": "Microsoft-Windows-Wcmsvc/Operational", "Provider_Name": "Microsoft-Windows-Wcmsvc", "Computer": "DESKTOP-OFJ6N53", "TimeCreated": "2023-06-09 08:34:46.425581+00:00", "RecordID": "2931", "Level": "4", "UserID": "S-1-5-19", "EventData.Reason": "2"}
{"EventID": "1006", "Channel": "Microsoft-Windows-Wcmsvc/Operational", "Provider_Name": "Microsoft-Windows-Wcmsvc", "Computer": "DESKTOP-OFJ6N53", "TimeCreated": "2023-06-09 08:34:51.289743+00:00", "RecordID": "2932", "Level": "4", "UserID": "S-1-5-19", "EventData.Reason": "3"}
{"EventID": "1006", "Channel": "Microsoft-Windows-Wcmsvc/Operational", "Provider_Name": "Microsoft-Windows-Wcmsvc", "Computer": "DESKTOP-OFJ6N53", "TimeCreated": "2023-06-09 08:34:52.775316+00:00", "RecordID": "2933", "Level": "4", "UserID": "S-1-5-19", "EventData.Reason": "1"}
{"EventID": "1006", "Channel": "Microsoft-Windows-Wcmsvc/Operational", "Provider_Name": "Microsoft-Windows-Wcmsvc", "Computer": "DESKTOP-OFJ6N53", "TimeCreated": "2023-06-09 08:38:47.717386+00:00", "RecordID": "2934", "Level": "4", "UserID": "S-1-5-19", "EventData.Reason": "6"}
{"EventID": "10003", "Channel": "Microsoft-Windows-Wcmsvc/Operational", "Provider_Name": "Microsoft-Windows-Wcmsvc", "Computer": "DESKTOP-OFJ6N53", "TimeCreated": "2023-06-09 08:38:50.294374+00:00", "RecordID": "2935", "Level": "4", "UserID": "S-1-5-19"}
{"EventID": "10004", "Channel": "Microsoft-Windows-Wcmsvc/Operational", "Provider_Name": "Microsoft-Windows-Wcmsvc", "Computer": "DESKTOP-OFJ6N53", "TimeCreated": "2023-06-09 08:38:52.223003+00:00", "RecordID": "2936", "Level": "4", "UserID": "S-1-5-19"}
{"EventID": "10001", "Channel": "Microsoft-Windows-Wcmsvc/Operational", "Provider_Name": "Microsoft-Windows-Wcmsvc", "Computer": "DESKTOP-OFJ6N53", "TimeCreated": "2023-06-09 08:40:12.293732+00:00", "RecordID": "2937", "Level": "4", "UserID": "S-1-5-19"}
{"EventID": "1026", "Channel": "Microsoft-Windows-Wcmsvc/Operational", "Provider_Name": "Microsoft-Windows-Wcmsvc", "Computer": "DESKTOP-OFJ6N53", "TimeCreated": "2023-06-09 08:40:13.009224+00:00", "RecordID": "2938", "Level": "4", "UserID": "S-1-5-19", "EventData.InterfaceGuid": "{bed2c4be-ec11-4cc8-aafc-f0fd7a5e3a02}", "EventData.MediaType": "1"}
{"EventID": "1009", "Channel": "Microsoft-Windows-Wcmsvc/Operational", "Provider_Name": "Microsoft-Windows-Wcmsvc", "Computer": "DESKTOP-OFJ6N53", "TimeCreated": "2023-06-09 08:40:13.009663+00:00", "RecordID": "2939", "Level": "4", "UserID": "S-1-5-19", "EventData.InterfaceGuid": "{bed2c4be-ec11-4cc8-aafc-f0fd7a5e3a02}", "EventData.MediaType": "1"}
{"EventID": "10002", "Channel": "Microsoft-Windows-Wcmsvc/Operational", "Provider_Name": "Microsoft-Windows-Wcmsvc", "Computer": "DESKTOP-OFJ6N53", "TimeCreated": "2023-06-09 08:40:13.099495+00:00", "RecordID": "2940", "Level": "4", "UserID": "S-1-5-19"}
{"EventID": "1003", "Channel": "Microsoft-Windows-Wcmsvc/Operational", "Provider_Name": "Microsoft-Windows-Wcmsvc", "Computer": "DESKTOP-OFJ6N53", "TimeCreated": "2023-06-09 08:40:13.142008+00:00", "RecordID": "2941", "Level": "4", "UserID": "S-1-5-19", "EventData.Status": "1", "EventData.Name": "2"}
{"EventID": "1003", "Channel": "Microsoft-Windows-Wcmsvc/Operational", "Provider_Name": "Microsoft-Windows-Wcmsvc", "Computer": "DESKTOP-OFJ6N53", "TimeCreated": "2023-06-09 08:40:13.256832+00:00", "RecordID": "2942", "Level": "4", "UserID": "S-1-5-19", "EventData.Status": "1", "EventData.Name": "3"}
{"EventID": "1006", "Channel": "Microsoft-Windows-Wcmsvc/Operational", "Provider_Name": "Microsoft-Windows-Wcmsvc", "Computer": "DESKTOP-OFJ6N53", "TimeCreated": "2023-06-09 08:42:59.178043+00:00", "RecordID": "2943", "Level": "4", "UserID": "S-1-5-19", "EventData.Reason": "3"}
{"EventID": "1006", "Channel": "Microsoft-Windows-Wcmsvc/Operational", "Provider_Name": "Microsoft-Windows-Wcmsvc", "Computer": "DESKTOP-OFJ6N53", "TimeCreated": "2023-06-09 08:43:03.648146+00:00", "RecordID": "2944", "Level": "4", "UserID": "S-1-5-19", "EventData.Reason": "5"}
{"EventID": "1006", "Channel": "Microsoft-Windows-Wcmsvc/Operational", "Provider_Name": "Microsoft-Windows-Wcmsvc", "Computer": "DESKTOP-OFJ6N53", "TimeCreated": "2023-06-09 09:10:24.624352+00:00", "RecordID": "2945", "Level": "4", "UserID": "S-1-5-19", "EventData.Reason": "4"}
{"EventID": "1006", "Channel": "Microsoft-Windows-Wcmsvc/Operational", "Provider_Name": "Microsoft-Windows-Wcmsvc", "Computer": "DESKTOP-OFJ6N53", "TimeCreated": "2023-06-09 09:10:26.647064+00:00", "RecordID": "2946", "Level": "4", "UserID": "S-1-5-19", "EventData.Reason": "3"}
{"EventID": "1006", "Channel": "Microsoft-Windows-Wcmsvc/Operational", "Provider_Name": "Microsoft-Windows-Wcmsvc", "Computer": "DESKTOP-OFJ6N53", "TimeCreated": "2023-06-09 11:05:54.828066+00:00", "RecordID": "2947", "Level": "4", "UserID": "S-1-5-19", "EventData.Reason": "4"}
{"EventID": "1006", "Channel": "Microsoft-Windows-Wcmsvc/Operational", "Provider_Name": "Microsoft-Windows-Wcmsvc", "Computer": "DESKTOP-OFJ6N53", "TimeCreated": "2023-06-11 20:58:10.528271+00:00", "RecordID": "2948", "Level": "4", "UserID": "S-1-5-19", "EventData.Reason": "3"}
{"EventID": "1006", "Channel": "Microsoft-Windows-Wcmsvc/Operational", "Provider_Name": "Microsoft-Windows-Wcmsvc", "Computer": "DESKTOP-OFJ6N53", "TimeCreated": "2023-06-11 20:59:28.189621+00:00", "RecordID": "2949", "Level": "4", "UserID": "S-1-5-19", "EventData.Reason": "6"}
{"EventID": "10003", "Channel": "Microsoft-Windows-Wcmsvc/Operational", "Provider_Name": "Microsoft-Windows-Wcmsvc", "Computer": "DESKTOP-OFJ6N53", "TimeCreated": "2023-06-11 20:59:29.898476+00:00", "RecordID": "2950", "Level": "4", "UserID": "S-1-5-19"}
{"EventID": "10004", "Channel": "Microsoft-Windows-Wcmsvc/Operational", "Provider_Name": "Microsoft-Windows-Wcmsvc", "Computer": "DESKTOP-OFJ6N53", "TimeCreated": "2023-06-11 20:59:31.668493+00:00", "RecordID": "2951", "Level": "4", "UserID": "S-1-5-19"}
{"EventID": "10001", "Channel": "Microsoft-Windows-Wcmsvc/Operational", "Provider_Name": "Microsoft-Windows-Wcmsvc", "Computer": "DESKTOP-OFJ6N53", "TimeCreated": "2023-06-11 21:00:51.093412+00:00", "RecordID": "2952", "Level": "4", "UserID": "S-1-5-19"}
{"EventID": "1026", "Channel": "Microsoft-Windows-Wcmsvc/Operational", "Provider_Name": "Microsoft-Windows-Wcmsvc", "Computer": "DESKTOP-OFJ6N53", "TimeCreated": "2023-06-11 21:00:52.288883+00:00", "RecordID": "2953", "Level": "4", "UserID": "S-1-5-19", "EventData.InterfaceGuid": "{bed2c4be-ec11-4cc8-aafc-f0fd7a5e3a02}", "EventData.MediaType": "1"}
{"EventID": "1009", "Channel": "Microsoft-Windows-Wcmsvc/Operational", "Provider_Name": "Microsoft-Windows-Wcmsvc", "Computer": "DESKTOP-OFJ6N53", "TimeCreated": "2023-06-11 21:00:52.289614+00:00", "RecordID": "2954", "Level": "4", "UserID": "S-1-5-19", "EventData.InterfaceGuid": "{bed2c4be-ec11-4cc8-aafc-f0fd7a5e3a02}", "EventData.MediaType": "1"}
{"EventID": "10002", "Channel": "Microsoft-Windows-Wcmsvc/Operational", "Provider_Name": "Microsoft-Windows-Wcmsvc", "Computer": "DESKTOP-OFJ6N53", "TimeCreated": "2023-06-11 21:00:52.366062+00:00", "RecordID": "2955", "Level": "4", "UserID": "S-1-5-19"}
{"EventID": "1003", "Channel": "Microsoft-Windows-Wcmsvc/Operational", "Provider_Name": "Microsoft-Windows-Wcmsvc", "Computer": "DESKTOP-OFJ6N53", "TimeCreated": "2023-06-11 21:00:52.455616+00:00", "RecordID": "2956", "Level": "4", "UserID": "S-1-5-19", "EventData.Status": "1", "EventData.Name": "3"}
{"EventID": "1003", "Channel": "Microsoft-Windows-Wcmsvc/Operational", "Provider_Name": "Microsoft-Windows-Wcmsvc", "Computer": "DESKTOP-OFJ6N53", "TimeCreated": "2023-06-11 21:00:52.455643+00:00", "RecordID": "2957", "Level": "4", "UserID": "S-1-5-19", "EventData.Status": "1", "EventData.Name": "2"}
{"EventID": "1006", "Channel": "Microsoft-Windows-Wcmsvc/Operational", "Provider_Name": "Microsoft-Windows-Wcmsvc", "Computer": "DESKTOP-OFJ6N53", "TimeCreated": "2023-06-11 21:01:25.906467+00:00", "RecordID": "2958", "Level": "4", "UserID": "S-1-5-19", "EventData.Reason": "3"}
{"EventID": "1006", "Channel": "Microsoft-Windows-Wcmsvc/Operational", "Provider_Name": "Microsoft-Windows-Wcmsvc", "Computer": "DESKTOP-OFJ6N53", "TimeCreated": "2023-06-11 21:01:38.236244+00:00", "RecordID": "2959", "Level": "4", "UserID": "S-1-5-19", "EventData.Reason": "5"}
{"EventID": "1006", "Channel": "Microsoft-Windows-Wcmsvc/Operational", "Provider_Name": "Microsoft-Windows-Wcmsvc", "Computer": "DESKTOP-OFJ6N53", "TimeCreated": "2023-06-11 21:04:16.071421+00:00", "RecordID": "2960", "Level": "4", "UserID": "S-1-5-19", "EventData.Reason": "4"}
{"EventID": "1006", "Channel": "Microsoft-Windows-Wcmsvc/Operational", "Provider_Name": "Microsoft-Windows-Wcmsvc", "Computer": "DESKTOP-OFJ6N53", "TimeCreated": "2023-06-11 21:05:30.705954+00:00", "RecordID": "2961", "Level": "4", "UserID": "S-1-5-19", "EventData.Reason": "2"}
{"EventID": "1006", "Channel": "Microsoft-Windows-Wcmsvc/Operational", "Provider_Name": "Microsoft-Windows-Wcmsvc", "Computer": "DESKTOP-OFJ6N53", "TimeCreated": "2023-06-11 21:05:30.930067+00:00", "RecordID": "2962", "Level": "4", "UserID": "S-1-5-19", "EventData.Reason": "1"}
{"EventID": "1006", "Channel": "Microsoft-Windows-Wcmsvc/Operational", "Provider_Name": "Microsoft-Windows-Wcmsvc", "Computer": "DESKTOP-OFJ6N53", "TimeCreated": "2023-06-13 19:20:18.797113+00:00", "RecordID": "2963", "Level": "4", "UserID": "S-1-5-19", "EventData.Reason": "6"}
{"EventID": "10003", "Channel": "Microsoft-Windows-Wcmsvc/Operational", "Provider_Name": "Microsoft-Windows-Wcmsvc", "Computer": "DESKTOP-OFJ6N53", "TimeCreated": "2023-06-13 19:23:51.715286+00:00", "RecordID": "2964", "Level": "4", "UserID": "S-1-5-19"}
{"EventID": "10004", "Channel": "Microsoft-Windows-Wcmsvc/Operational", "Provider_Name": "Microsoft-Windows-Wcmsvc", "Computer": "DESKTOP-OFJ6N53", "TimeCreated": "2023-06-13 19:23:52.485575+00:00", "RecordID": "2965", "Level": "4", "UserID": "S-1-5-19"}
{"EventID": "10001", "Channel": "Microsoft-Windows-Wcmsvc/Operational", "Provider_Name": "Microsoft-Windows-Wcmsvc", "Computer": "DESKTOP-OFJ6N53", "TimeCreated": "2023-06-13 19:24:53.828709+00:00", "RecordID": "2966", "Level": "4", "UserID": "S-1-5-19"}
{"EventID": "1003", "Channel": "Microsoft-Windows-Wcmsvc/Operational", "Provider_Name": "Microsoft-Windows-Wcmsvc", "Computer": "DESKTOP-OFJ6N53", "TimeCreated": "2023-06-13 19:24:54.661638+00:00", "RecordID": "2967", "Level": "4", "UserID": "S-1-5-19", "EventData.Status": "1", "EventData.Name": "2"}
{"EventID": "1003", "Channel": "Microsoft-Windows-Wcmsvc/Operational", "Provider_Name": "Microsoft-Windows-Wcmsvc", "Computer": "DESKTOP-OFJ6N53", "TimeCreated": "2023-06-13 19:24:54.661667+00:00", "RecordID": "2968", "Level": "4", "UserID": "S-1-5-19", "EventData.Status": "1", "EventData.Name": "3"}
{"EventID": "1026", "Channel": "Microsoft-Windows-Wcmsvc/Operational", "Provider_Name": "Microsoft-Windows-Wcmsvc", "Computer": "DESKTOP-OFJ6N53", "TimeCreated": "2023-06-13 19:24:54.664412+00:00", "RecordID": "2969", "Level": "4", "UserID": "S-1-5-19", "EventData.InterfaceGuid": "{bed2c4be-ec11-4cc8-aafc-f0fd7a5e3a02}", "EventData.MediaType": "1"}
{"EventID": "1009", "Channel": "Microsoft-Windows-Wcmsvc/Operational", "Provider_Name": "Microsoft-Windows-Wcmsvc", "Computer": "DESKTOP-OFJ6N53", "TimeCreated": "2023-06-13 19:24:54.664459+00:00", "RecordID": "2970", "Level": "4", "UserID": "S-1-5-19", "EventData.InterfaceGuid": "{bed2c4be-ec11-4cc8-aafc-f0fd7a5e3a02}", "EventData.MediaType": "1"}
{"EventID": "10002", "Channel": "Microsoft-Windows-Wcmsvc/Operational", "Provider_Name": "Microsoft-Windows-Wcmsvc", "Computer": "DESKTOP-OFJ6N53", "TimeCreated": "2023-06-13 19:24:54.713219+00:00", "RecordID": "2971", "Level": "4", "UserID": "S-1-5-19"}
{"EventID": "1006", "Channel": "Microsoft-Windows-Wcmsvc/Operational", "Provider_Name": "Microsoft-Windows-Wcmsvc", "Computer": "DESKTOP-OFJ6N53", "TimeCreated": "2023-06-13 19:27:15.871288+00:00", "RecordID": "2972", "Level": "4", "UserID": "S-1-5-19", "EventData.Reason": "1"}
{"EventID": "1006", "Channel": "Microsoft-Windows-Wcmsvc/Operational", "Provider_Name": "Microsoft-Windows-Wcmsvc", "Computer": "DESKTOP-OFJ6N53", "TimeCreated": "2023-06-14 13:31:59.541916+00:00", "RecordID": "2973", "Level": "4", "UserID": "S-1-5-19", "EventData.Reason": "3"}
{"EventID": "1006", "Channel": "Microsoft-Windows-Wcmsvc/Operational", "Provider_Name": "Microsoft-Windows-Wcmsvc", "Computer": "DESKTOP-OFJ6N53", "TimeCreated": "2023-06-14 13:32:08.628872+00:00", "RecordID": "2974", "Level": "4", "UserID": "S-1-5-19", "EventData.Reason": "5"}
{"EventID": "1006", "Channel": "Microsoft-Windows-Wcmsvc/Operational", "Provider_Name": "Microsoft-Windows-Wcmsvc", "Computer": "DESKTOP-OFJ6N53", "TimeCreated": "2023-06-14 16:12:14.757696+00:00", "RecordID": "2975", "Level": "4", "UserID": "S-1-5-19", "EventData.Reason": "4"}
{"EventID": "1006", "Channel": "Microsoft-Windows-Wcmsvc/Operational", "Provider_Name": "Microsoft-Windows-Wcmsvc", "Computer": "DESKTOP-OFJ6N53", "TimeCreated": "2023-06-15 07:40:11.098743+00:00", "RecordID": "2976", "Level": "4", "UserID": "S-1-5-19", "EventData.Reason": "3"}
{"EventID": "1006", "Channel": "Microsoft-Windows-Wcmsvc/Operational", "Provider_Name": "Microsoft-Windows-Wcmsvc", "Computer": "DESKTOP-OFJ6N53", "TimeCreated": "2023-06-15 09:45:48.408981+00:00", "RecordID": "2977", "Level": "4", "UserID": "S-1-5-19", "EventData.Reason": "4"}
{"EventID": "1006", "Channel": "Microsoft-Windows-Wcmsvc/Operational", "Provider_Name": "Microsoft-Windows-Wcmsvc", "Computer": "DESKTOP-OFJ6N53", "TimeCreated": "2023-06-15 09:46:05.076693+00:00", "RecordID": "2978", "Level": "4", "UserID": "S-1-5-19", "EventData.Reason": "3"}
{"EventID": "1006", "Channel": "Microsoft-Windows-Wcmsvc/Operational", "Provider_Name": "Microsoft-Windows-Wcmsvc", "Computer": "DESKTOP-OFJ6N53", "TimeCreated": "2023-06-15 16:00:11.404234+00:00", "RecordID": "2979", "Level": "4", "UserID": "S-1-5-19", "EventData.Reason": "4"}
{"EventID": "1006", "Channel": "Microsoft-Windows-Wcmsvc/Operational", "Provider_Name": "Microsoft-Windows-Wcmsvc", "Computer": "DESKTOP-OFJ6N53", "TimeCreated": "2023-06-15 16:09:52.359180+00:00", "RecordID": "2980", "Level": "4", "UserID": "S-1-5-19", "EventData.Reason": "3"}
{"EventID": "1006", "Channel": "Microsoft-Windows-Wcmsvc/Operational", "Provider_Name": "Microsoft-Windows-Wcmsvc", "Computer": "DESKTOP-OFJ6N53", "TimeCreated": "2023-06-15 19:12:06.028231+00:00", "RecordID": "2981", "Level": "4", "UserID": "S-1-5-19", "EventData.Reason": "4"}
{"EventID": "1006", "Channel": "Microsoft-Windows-Wcmsvc/Operational", "Provider_Name": "Microsoft-Windows-Wcmsvc", "Computer": "DESKTOP-OFJ6N53", "TimeCreated": "2023-06-20 08:40:52.072134+00:00", "RecordID": "2982", "Level": "4", "UserID": "S-1-5-19", "EventData.Reason": "3"}
{"EventID": "1006", "Channel": "Microsoft-Windows-Wcmsvc/Operational", "Provider_Name": "Microsoft-Windows-Wcmsvc", "Computer": "DESKTOP-OFJ6N53", "TimeCreated": "2023-06-20 14:54:50.750519+00:00", "RecordID": "2983", "Level": "4", "UserID": "S-1-5-19", "EventData.Reason": "4"}
{"EventID": "1006", "Channel": "Microsoft-Windows-Wcmsvc/Operational", "Provider_Name": "Microsoft-Windows-Wcmsvc", "Computer": "DESKTOP-OFJ6N53", "TimeCreated": "2023-06-20 14:56:01.543625+00:00", "RecordID": "2984", "Level": "4", "UserID": "S-1-5-19", "EventData.Reason": "3"}
{"EventID": "1006", "Channel": "Microsoft-Windows-Wcmsvc/Operational", "Provider_Name": "Microsoft-Windows-Wcmsvc", "Computer": "DESKTOP-OFJ6N53", "TimeCreated": "2023-06-20 18:14:59.609192+00:00", "RecordID": "2985", "Level": "4", "UserID": "S-1-5-19", "EventData.Reason": "4"}
{"EventID": "1006", "Channel": "Microsoft-Windows-Wcmsvc/Operational", "Provider_Name": "Microsoft-Windows-Wcmsvc", "Computer": "DESKTOP-OFJ6N53", "TimeCreated": "2023-06-23 10:54:42.328053+00:00", "RecordID": "2986", "Level": "4", "UserID": "S-1-5-19", "EventData.Reason": "3"}
{"EventID": "1006", "Channel": "Microsoft-Windows-Wcmsvc/Operational", "Provider_Name": "Microsoft-Windows-Wcmsvc", "Computer": "DESKTOP-OFJ6N53", "TimeCreated": "2023-06-23 10:56:08.185640+00:00", "RecordID": "2987", "Level": "4", "UserID": "S-1-5-19", "EventData.Reason": "4"}
{"EventID": "1006", "Channel": "Microsoft-Windows-Wcmsvc/Operational", "Provider_Name": "Microsoft-Windows-Wcmsvc", "Computer": "DESKTOP-OFJ6N53", "TimeCreated": "2023-06-23 10:56:19.618200+00:00", "RecordID": "2988", "Level": "4", "UserID": "S-1-5-19", "EventData.Reason": "3"}
{"EventID": "1006", "Channel": "Microsoft-Windows-Wcmsvc/Operational", "Provider_Name": "Microsoft-Windows-Wcmsvc", "Computer": "DESKTOP-OFJ6N53", "TimeCreated": "2023-06-23 16:46:37.757807+00:00", "RecordID": "2989", "Level": "4", "UserID": "S-1-5-19", "EventData.Reason": "4"}
{"EventID": "1006", "Channel": "Microsoft-Windows-Wcmsvc/Operational", "Provider_Name": "Microsoft-Windows-Wcmsvc", "Computer": "DESKTOP-OFJ6N53", "TimeCreated": "2023-06-23 16:49:01.644228+00:00", "RecordID": "2990", "Level": "4", "UserID": "S-1-5-19", "EventData.Reason": "3"}
{"EventID": "1006", "Channel": "Microsoft-Windows-Wcmsvc/Operational", "Provider_Name": "Microsoft-Windows-Wcmsvc", "Computer": "DESKTOP-OFJ6N53", "TimeCreated": "2023-06-23 18:23:07.793125+00:00", "RecordID": "2991", "Level": "4", "UserID": "S-1-5-19", "EventData.Reason": "4"}
{"EventID": "1006", "Channel": "Microsoft-Windows-Wcmsvc/Operational", "Provider_Name": "Microsoft-Windows-Wcmsvc", "Computer": "DESKTOP-OFJ6N53", "TimeCreated": "2023-06-27 09:43:51.495295+00:00", "RecordID": "2992", "Level": "4", "UserID": "S-1-5-19", "EventData.Reason": "2"}
{"EventID": "1006", "Channel": "Microsoft-Windows-Wcmsvc/Operational", "Provider_Name": "Microsoft-Windows-Wcmsvc", "Computer": "DESKTOP-OFJ6N53", "TimeCreated": "2023-06-27 09:43:59.241047+00:00", "RecordID": "2993", "Level": "4", "UserID": "S-1-5-19", "EventData.Reason": "1"}
{"EventID": "1006", "Channel": "Microsoft-Windows-Wcmsvc/Operational", "Provider_Name": "Microsoft-Windows-Wcmsvc", "Computer": "DESKTOP-OFJ6N53", "TimeCreated": "2023-06-27 09:46:35.050190+00:00", "RecordID": "2994", "Level": "4", "UserID": "S-1-5-19", "EventData.Reason": "6"}
{"EventID": "10003", "Channel": "Microsoft-Windows-Wcmsvc/Operational", "Provider_Name": "Microsoft-Windows-Wcmsvc", "Computer": "DESKTOP-OFJ6N53", "TimeCreated": "2023-06-27 09:46:37.470354+00:00", "RecordID": "2995", "Level": "4", "UserID": "S-1-5-19"}
{"EventID": "10004", "Channel": "Microsoft-Windows-Wcmsvc/Operational", "Provider_Name": "Microsoft-Windows-Wcmsvc", "Computer": "DESKTOP-OFJ6N53", "TimeCreated": "2023-06-27 09:46:38.234108+00:00", "RecordID": "2996", "Level": "4", "UserID": "S-1-5-19"}
{"EventID": "10001", "Channel": "Microsoft-Windows-Wcmsvc/Operational", "Provider_Name": "Microsoft-Windows-Wcmsvc", "Computer": "DESKTOP-OFJ6N53", "TimeCreated": "2023-06-27 09:47:49.650818+00:00", "RecordID": "2997", "Level": "4", "UserID": "S-1-5-19"}
{"EventID": "1026", "Channel": "Microsoft-Windows-Wcmsvc/Operational", "Provider_Name": "Microsoft-Windows-Wcmsvc", "Computer": "DESKTOP-OFJ6N53", "TimeCreated": "2023-06-27 09:47:50.786663+00:00", "RecordID": "2998", "Level": "4", "UserID": "S-1-5-19", "EventData.InterfaceGuid": "{bed2c4be-ec11-4cc8-aafc-f0fd7a5e3a02}", "EventData.MediaType": "1"}
{"EventID": "1009", "Channel": "Microsoft-Windows-Wcmsvc/Operational", "Provider_Name": "Microsoft-Windows-Wcmsvc", "Computer": "DESKTOP-OFJ6N53", "TimeCreated": "2023-06-27 09:47:50.792149+00:00", "RecordID": "2999", "Level": "4", "UserID": "S-1-5-19", "EventData.InterfaceGuid": "{bed2c4be-ec11-4cc8-aafc-f0fd7a5e3a02}", "EventData.MediaType": "1"}
{"EventID": "10002", "Channel": "Microsoft-Windows-Wcmsvc/Operational", "Provider_Name": "Microsoft-Windows-Wcmsvc", "Computer": "DESKTOP-OFJ6N53", "TimeCreated": "2023-06-27 09:47:50.836121+00:00", "RecordID": "3000", "Level": "4", "UserID": "S-1-5-19"}
{"EventID": "1003", "Channel": "Microsoft-Windows-Wcmsvc/Operational", "Provider_Name": "Microsoft-Windows-Wcmsvc", "Computer": "DESKTOP-OFJ6N53", "TimeCreated": "2023-06-27 09:47:50.838999+00:00", "RecordID": "3001", "Level": "4", "UserID": "S-1-5-19", "EventData.Status": "1", "EventData.Name": "3"}
{"EventID": "1003", "Channel": "Microsoft-Windows-Wcmsvc/Operational", "Provider_Name": "Microsoft-Windows-Wcmsvc", "Computer": "DESKTOP-OFJ6N53", "TimeCreated": "2023-06-27 09:47:50.843441+00:00", "RecordID": "3002", "Level": "4", "UserID": "S-1-5-19", "EventData.Status": "1", "EventData.Name": "2"}
{"EventID": "1006", "Channel": "Microsoft-Windows-Wcmsvc/Operational", "Provider_Name": "Microsoft-Windows-Wcmsvc", "Computer": "DESKTOP-OFJ6N53", "TimeCreated": "2023-06-27 09:48:33.822853+00:00", "RecordID": "3003", "Level": "4", "UserID": "S-1-5-19", "EventData.Reason": "3"}
{"EventID": "1006", "Channel": "Microsoft-Windows-Wcmsvc/Operational", "Provider_Name": "Microsoft-Windows-Wcmsvc", "Computer": "DESKTOP-OFJ6N53", "TimeCreated": "2023-06-27 09:48:40.201555+00:00", "RecordID": "3004", "Level": "4", "UserID": "S-1-5-19", "EventData.Reason": "5"}
{"EventID": "1006", "Channel": "Microsoft-Windows-Wcmsvc/Operational", "Provider_Name": "Microsoft-Windows-Wcmsvc", "Computer": "DESKTOP-OFJ6N53", "TimeCreated": "2023-06-27 09:51:36.357489+00:00", "RecordID": "3005", "Level": "4", "UserID": "S-1-5-19", "EventData.Reason": "4"}
{"EventID": "1006", "Channel": "Microsoft-Windows-Wcmsvc/Operational", "Provider_Name": "Microsoft-Windows-Wcmsvc", "Computer": "DESKTOP-OFJ6N53", "TimeCreated": "2023-06-27 09:51:46.216599+00:00", "RecordID": "3006", "Level": "4", "UserID": "S-1-5-19", "EventData.Reason": "2"}
{"EventID": "1006", "Channel": "Microsoft-Windows-Wcmsvc/Operational", "Provider_Name": "Microsoft-Windows-Wcmsvc", "Computer": "DESKTOP-OFJ6N53", "TimeCreated": "2023-06-27 09:51:46.412603+00:00", "RecordID": "3007", "Level": "4", "UserID": "S-1-5-19", "EventData.Reason": "1"}
{"EventID": "1006", "Channel": "Microsoft-Windows-Wcmsvc/Operational", "Provider_Name": "Microsoft-Windows-Wcmsvc", "Computer": "DESKTOP-OFJ6N53", "TimeCreated": "2023-07-03 07:35:34.338951+00:00", "RecordID": "3008", "Level": "4", "UserID": "S-1-5-19", "EventData.Reason": "2"}
{"EventID": "1006", "Channel": "Microsoft-Windows-Wcmsvc/Operational", "Provider_Name": "Microsoft-Windows-Wcmsvc", "Computer": "DESKTOP-OFJ6N53", "TimeCreated": "2023-07-03 07:35:38.377708+00:00", "RecordID": "3009", "Level": "4", "UserID": "S-1-5-19", "EventData.Reason": "3"}
{"EventID": "1006", "Channel": "Microsoft-Windows-Wcmsvc/Operational", "Provider_Name": "Microsoft-Windows-Wcmsvc", "Computer": "DESKTOP-OFJ6N53", "TimeCreated": "2023-07-03 07:35:43.577845+00:00", "RecordID": "3010", "Level": "4", "UserID": "S-1-5-19", "EventData.Reason": "1"}
{"EventID": "1006", "Channel": "Microsoft-Windows-Wcmsvc/Operational", "Provider_Name": "Microsoft-Windows-Wcmsvc", "Computer": "DESKTOP-OFJ6N53", "TimeCreated": "2023-07-03 07:36:53.287359+00:00", "RecordID": "3011", "Level": "4", "UserID": "S-1-5-19", "EventData.Reason": "6"}
{"EventID": "10003", "Channel": "Microsoft-Windows-Wcmsvc/Operational", "Provider_Name": "Microsoft-Windows-Wcmsvc", "Computer": "DESKTOP-OFJ6N53", "TimeCreated": "2023-07-03 07:36:55.668461+00:00", "RecordID": "3012", "Level": "4", "UserID": "S-1-5-19"}
{"EventID": "10004", "Channel": "Microsoft-Windows-Wcmsvc/Operational", "Provider_Name": "Microsoft-Windows-Wcmsvc", "Computer": "DESKTOP-OFJ6N53", "TimeCreated": "2023-07-03 07:36:57.131348+00:00", "RecordID": "3013", "Level": "4", "UserID": "S-1-5-19"}
{"EventID": "10001", "Channel": "Microsoft-Windows-Wcmsvc/Operational", "Provider_Name": "Microsoft-Windows-Wcmsvc", "Computer": "DESKTOP-OFJ6N53", "TimeCreated": "2023-07-03 07:38:00.315275+00:00", "RecordID": "3014", "Level": "4", "UserID": "S-1-5-19"}
{"EventID": "1026", "Channel": "Microsoft-Windows-Wcmsvc/Operational", "Provider_Name": "Microsoft-Windows-Wcmsvc", "Computer": "DESKTOP-OFJ6N53", "TimeCreated": "2023-07-03 07:38:01.336138+00:00", "RecordID": "3015", "Level": "4", "UserID": "S-1-5-19", "EventData.InterfaceGuid": "{bed2c4be-ec11-4cc8-aafc-f0fd7a5e3a02}", "EventData.MediaType": "1"}
{"EventID": "1009", "Channel": "Microsoft-Windows-Wcmsvc/Operational", "Provider_Name": "Microsoft-Windows-Wcmsvc", "Computer": "DESKTOP-OFJ6N53", "TimeCreated": "2023-07-03 07:38:01.337420+00:00", "RecordID": "3016", "Level": "4", "UserID": "S-1-5-19", "EventData.InterfaceGuid": "{bed2c4be-ec11-4cc8-aafc-f0fd7a5e3a02}", "EventData.MediaType": "1"}
{"EventID": "1003", "Channel": "Microsoft-Windows-Wcmsvc/Operational", "Provider_Name": "Microsoft-Windows-Wcmsvc", "Computer": "DESKTOP-OFJ6N53", "TimeCreated": "2023-07-03 07:38:01.356956+00:00", "RecordID": "3017", "Level": "4", "UserID": "S-1-5-19", "EventData.Status": "1", "EventData.Name": "2"}
{"EventID": "1003", "Channel": "Microsoft-Windows-Wcmsvc/Operational", "Provider_Name": "Microsoft-Windows-Wcmsvc", "Computer": "DESKTOP-OFJ6N53", "TimeCreated": "2023-07-03 07:38:01.364958+00:00", "RecordID": "3018", "Level": "4", "UserID": "S-1-5-19", "EventData.Status": "1", "EventData.Name": "3"}
{"EventID": "10002", "Channel": "Microsoft-Windows-Wcmsvc/Operational", "Provider_Name": "Microsoft-Windows-Wcmsvc", "Computer": "DESKTOP-OFJ6N53", "TimeCreated": "2023-07-03 07:38:01.400385+00:00", "RecordID": "3019", "Level": "4", "UserID": "S-1-5-19"}
{"EventID": "1006", "Channel": "Microsoft-Windows-Wcmsvc/Operational", "Provider_Name": "Microsoft-Windows-Wcmsvc", "Computer": "DESKTOP-OFJ6N53", "TimeCreated": "2023-07-03 07:38:43.791712+00:00", "RecordID": "3020", "Level": "4", "UserID": "S-1-5-19", "EventData.Reason": "3"}
{"EventID": "1006", "Channel": "Microsoft-Windows-Wcmsvc/Operational", "Provider_Name": "Microsoft-Windows-Wcmsvc", "Computer": "DESKTOP-OFJ6N53", "TimeCreated": "2023-07-03 07:38:55.570572+00:00", "RecordID": "3021", "Level": "4", "UserID": "S-1-5-19", "EventData.Reason": "5"}
{"EventID": "1006", "Channel": "Microsoft-Windows-Wcmsvc/Operational", "Provider_Name": "Microsoft-Windows-Wcmsvc", "Computer": "DESKTOP-OFJ6N53", "TimeCreated": "2023-07-03 07:50:05.772114+00:00", "RecordID": "3022", "Level": "4", "UserID": "S-1-5-19", "EventData.Reason": "4"}
{"EventID": "1006", "Channel": "Microsoft-Windows-Wcmsvc/Operational", "Provider_Name": "Microsoft-Windows-Wcmsvc", "Computer": "DESKTOP-OFJ6N53", "TimeCreated": "2023-07-03 07:50:14.717110+00:00", "RecordID": "3023", "Level": "4", "UserID": "S-1-5-19", "EventData.Reason": "3"}
{"EventID": "1006", "Channel": "Microsoft-Windows-Wcmsvc/Operational", "Provider_Name": "Microsoft-Windows-Wcmsvc", "Computer": "DESKTOP-OFJ6N53", "TimeCreated": "2023-07-03 16:07:45.394520+00:00", "RecordID": "3024", "Level": "4", "UserID": "S-1-5-19", "EventData.Reason": "4"}
{"EventID": "1006", "Channel": "Microsoft-Windows-Wcmsvc/Operational", "Provider_Name": "Microsoft-Windows-Wcmsvc", "Computer": "DESKTOP-OFJ6N53", "TimeCreated": "2023-07-03 19:15:00.350727+00:00", "RecordID": "3025", "Level": "4", "UserID": "S-1-5-19", "EventData.Reason": "3"}
{"EventID": "1006", "Channel": "Microsoft-Windows-Wcmsvc/Operational", "Provider_Name": "Microsoft-Windows-Wcmsvc", "Computer": "DESKTOP-OFJ6N53", "TimeCreated": "2023-07-03 22:25:44.805487+00:00", "RecordID": "3026", "Level": "4", "UserID": "S-1-5-19", "EventData.Reason": "4"}
{"EventID": "1006", "Channel": "Microsoft-Windows-Wcmsvc/Operational", "Provider_Name": "Microsoft-Windows-Wcmsvc", "Computer": "DESKTOP-OFJ6N53", "TimeCreated": "2023-07-04 13:52:02.166565+00:00", "RecordID": "3027", "Level": "4", "UserID": "S-1-5-19", "EventData.Reason": "3"}
{"EventID": "1006", "Channel": "Microsoft-Windows-Wcmsvc/Operational", "Provider_Name": "Microsoft-Windows-Wcmsvc", "Computer": "DESKTOP-OFJ6N53", "TimeCreated": "2023-07-04 21:34:39.762840+00:00", "RecordID": "3028", "Level": "4", "UserID": "S-1-5-19", "EventData.Reason": "4"}
{"EventID": "1006", "Channel": "Microsoft-Windows-Wcmsvc/Operational", "Provider_Name": "Microsoft-Windows-Wcmsvc", "Computer": "DESKTOP-OFJ6N53", "TimeCreated": "2023-07-05 13:29:52.444414+00:00", "RecordID": "3029", "Level": "4", "UserID": "S-1-5-19", "EventData.Reason": "3"}
{"EventID": "1006", "Channel": "Microsoft-Windows-Wcmsvc/Operational", "Provider_Name": "Microsoft-Windows-Wcmsvc", "Computer": "DESKTOP-OFJ6N53", "TimeCreated": "2023-07-05 13:36:43.890766+00:00", "RecordID": "3030", "Level": "4", "UserID": "S-1-5-19", "EventData.Reason": "4"}
{"EventID": "1006", "Channel": "Microsoft-Windows-Wcmsvc/Operational", "Provider_Name": "Microsoft-Windows-Wcmsvc", "Computer": "DESKTOP-OFJ6N53", "TimeCreated": "2023-07-05 13:44:54.008902+00:00", "RecordID": "3031", "Level": "4", "UserID": "S-1-5-19", "EventData.Reason": "2"}
{"EventID": "1006", "Channel": "Microsoft-Windows-Wcmsvc/Operational", "Provider_Name": "Microsoft-Windows-Wcmsvc", "Computer": "DESKTOP-OFJ6N53", "TimeCreated": "2023-07-05 13:44:54.367867+00:00", "RecordID": "3032", "Level": "4", "UserID": "S-1-5-19", "EventData.Reason": "1"}
{"EventID": "1006", "Channel": "Microsoft-Windows-Wcmsvc/Operational", "Provider_Name": "Microsoft-Windows-Wcmsvc", "Computer": "DESKTOP-OFJ6N53", "TimeCreated": "2023-07-06 12:40:16.504292+00:00", "RecordID": "3033", "Level": "4", "UserID": "S-1-5-19", "EventData.Reason": "2"}
{"EventID": "1006", "Channel": "Microsoft-Windows-Wcmsvc/Operational", "Provider_Name": "Microsoft-Windows-Wcmsvc", "Computer": "DESKTOP-OFJ6N53", "TimeCreated": "2023-07-06 12:40:21.209648+00:00", "RecordID": "3034", "Level": "4", "UserID": "S-1-5-19", "EventData.Reason": "3"}
{"EventID": "1006", "Channel": "Microsoft-Windows-Wcmsvc/Operational", "Provider_Name": "Microsoft-Windows-Wcmsvc", "Computer": "DESKTOP-OFJ6N53", "TimeCreated": "2023-07-06 12:40:21.963997+00:00", "RecordID": "3035", "Level": "4", "UserID": "S-1-5-19", "EventData.Reason": "1"}
{"EventID": "1006", "Channel": "Microsoft-Windows-Wcmsvc/Operational", "Provider_Name": "Microsoft-Windows-Wcmsvc", "Computer": "DESKTOP-OFJ6N53", "TimeCreated": "2023-07-06 12:42:41.984163+00:00", "RecordID": "3036", "Level": "4", "UserID": "S-1-5-19", "EventData.Reason": "4"}
{"EventID": "1006", "Channel": "Microsoft-Windows-Wcmsvc/Operational", "Provider_Name": "Microsoft-Windows-Wcmsvc", "Computer": "DESKTOP-OFJ6N53", "TimeCreated": "2023-07-06 12:42:42.317392+00:00", "RecordID": "3037", "Level": "4", "UserID": "S-1-5-19", "EventData.Reason": "2"}
{"EventID": "1006", "Channel": "Microsoft-Windows-Wcmsvc/Operational", "Provider_Name": "Microsoft-Windows-Wcmsvc", "Computer": "DESKTOP-OFJ6N53", "TimeCreated": "2023-07-06 12:42:42.843998+00:00", "RecordID": "3038", "Level": "4", "UserID": "S-1-5-19", "EventData.Reason": "1"}
{"EventID": "1006", "Channel": "Microsoft-Windows-Wcmsvc/Operational", "Provider_Name": "Microsoft-Windows-Wcmsvc", "Computer": "DESKTOP-OFJ6N53", "TimeCreated": "2023-07-06 12:43:18.097326+00:00", "RecordID": "3039", "Level": "4", "UserID": "S-1-5-19", "EventData.Reason": "6"}
{"EventID": "10003", "Channel": "Microsoft-Windows-Wcmsvc/Operational", "Provider_Name": "Microsoft-Windows-Wcmsvc", "Computer": "DESKTOP-OFJ6N53", "TimeCreated": "2023-07-06 12:43:20.499048+00:00", "RecordID": "3040", "Level": "4", "UserID": "S-1-5-19"}
{"EventID": "10004", "Channel": "Microsoft-Windows-Wcmsvc/Operational", "Provider_Name": "Microsoft-Windows-Wcmsvc", "Computer": "DESKTOP-OFJ6N53", "TimeCreated": "2023-07-06 12:43:21.916895+00:00", "RecordID": "3041", "Level": "4", "UserID": "S-1-5-19"}
{"EventID": "10001", "Channel": "Microsoft-Windows-Wcmsvc/Operational", "Provider_Name": "Microsoft-Windows-Wcmsvc", "Computer": "DESKTOP-OFJ6N53", "TimeCreated": "2023-07-06 12:44:52.338402+00:00", "RecordID": "3042", "Level": "4", "UserID": "S-1-5-19"}
{"EventID": "1026", "Channel": "Microsoft-Windows-Wcmsvc/Operational", "Provider_Name": "Microsoft-Windows-Wcmsvc", "Computer": "DESKTOP-OFJ6N53", "TimeCreated": "2023-07-06 12:44:53.334476+00:00", "RecordID": "3043", "Level": "4", "UserID": "S-1-5-19", "EventData.InterfaceGuid": "{bed2c4be-ec11-4cc8-aafc-f0fd7a5e3a02}", "EventData.MediaType": "1"}
{"EventID": "1009", "Channel": "Microsoft-Windows-Wcmsvc/Operational", "Provider_Name": "Microsoft-Windows-Wcmsvc", "Computer": "DESKTOP-OFJ6N53", "TimeCreated": "2023-07-06 12:44:53.334711+00:00", "RecordID": "3044", "Level": "4", "UserID": "S-1-5-19", "EventData.InterfaceGuid": "{bed2c4be-ec11-4cc8-aafc-f0fd7a5e3a02}", "EventData.MediaType": "1"}
{"EventID": "10002", "Channel": "Microsoft-Windows-Wcmsvc/Operational", "Provider_Name": "Microsoft-Windows-Wcmsvc", "Computer": "DESKTOP-OFJ6N53", "TimeCreated": "2023-07-06 12:44:53.403265+00:00", "RecordID": "3045", "Level": "4", "UserID": "S-1-5-19"}
{"EventID": "1003", "Channel": "Microsoft-Windows-Wcmsvc/Operational", "Provider_Name": "Microsoft-Windows-Wcmsvc", "Computer": "DESKTOP-OFJ6N53", "TimeCreated": "2023-07-06 12:44:53.434963+00:00", "RecordID": "3046", "Level": "4", "UserID": "S-1-5-19", "EventData.Status": "1", "EventData.Name": "3"}
{"EventID": "1003", "Channel": "Microsoft-Windows-Wcmsvc/Operational", "Provider_Name": "Microsoft-Windows-Wcmsvc", "Computer": "DESKTOP-OFJ6N53", "TimeCreated": "2023-07-06 12:44:53.437168+00:00", "RecordID": "3047", "Level": "4", "UserID": "S-1-5-19", "EventData.Status": "1", "EventData.Name": "2"}
{"EventID": "1006", "Channel": "Microsoft-Windows-Wcmsvc/Operational", "Provider_Name": "Microsoft-Windows-Wcmsvc", "Computer": "DESKTOP-OFJ6N53", "TimeCreated": "2023-07-06 12:46:07.587885+00:00", "RecordID": "3048", "Level": "4", "UserID": "S-1-5-19", "EventData.Reason": "5"}
{"EventID": "1006", "Channel": "Microsoft-Windows-Wcmsvc/Operational", "Provider_Name": "Microsoft-Windows-Wcmsvc", "Computer": "DESKTOP-OFJ6N53", "TimeCreated": "2023-07-10 09:12:49.549837+00:00", "RecordID": "3049", "Level": "4", "UserID": "S-1-5-19", "EventData.Reason": "2"}
{"EventID": "1006", "Channel": "Microsoft-Windows-Wcmsvc/Operational", "Provider_Name": "Microsoft-Windows-Wcmsvc", "Computer": "DESKTOP-OFJ6N53", "TimeCreated": "2023-07-10 09:12:52.744522+00:00", "RecordID": "3050", "Level": "4", "UserID": "S-1-5-19", "EventData.Reason": "3"}
{"EventID": "1006", "Channel": "Microsoft-Windows-Wcmsvc/Operational", "Provider_Name": "Microsoft-Windows-Wcmsvc", "Computer": "DESKTOP-OFJ6N53", "TimeCreated": "2023-07-10 09:13:01.885077+00:00", "RecordID": "3051", "Level": "4", "UserID": "S-1-5-19", "EventData.Reason": "1"}
{"EventID": "1006", "Channel": "Microsoft-Windows-Wcmsvc/Operational", "Provider_Name": "Microsoft-Windows-Wcmsvc", "Computer": "DESKTOP-OFJ6N53", "TimeCreated": "2023-07-10 13:44:24.816387+00:00", "RecordID": "3052", "Level": "4", "UserID": "S-1-5-19", "EventData.Reason": "4"}
{"EventID": "1006", "Channel": "Microsoft-Windows-Wcmsvc/Operational", "Provider_Name": "Microsoft-Windows-Wcmsvc", "Computer": "DESKTOP-OFJ6N53", "TimeCreated": "2023-07-11 08:42:37.428787+00:00", "RecordID": "3053", "Level": "4", "UserID": "S-1-5-19", "EventData.Reason": "3"}
{"EventID": "1006", "Channel": "Microsoft-Windows-Wcmsvc/Operational", "Provider_Name": "Microsoft-Windows-Wcmsvc", "Computer": "DESKTOP-OFJ6N53", "TimeCreated": "2023-07-11 08:43:15.666723+00:00", "RecordID": "3054", "Level": "4", "UserID": "S-1-5-19", "EventData.Reason": "4"}
{"EventID": "1006", "Channel": "Microsoft-Windows-Wcmsvc/Operational", "Provider_Name": "Microsoft-Windows-Wcmsvc", "Computer": "DESKTOP-OFJ6N53", "TimeCreated": "2023-07-11 10:51:10.453930+00:00", "RecordID": "3055", "Level": "4", "UserID": "S-1-5-19", "EventData.Reason": "3"}
{"EventID": "1006", "Channel": "Microsoft-Windows-Wcmsvc/Operational", "Provider_Name": "Microsoft-Windows-Wcmsvc", "Computer": "DESKTOP-OFJ6N53", "TimeCreated": "2023-07-11 20:17:43.728319+00:00", "RecordID": "3056", "Level": "4", "UserID": "S-1-5-19", "EventData.Reason": "4"}
{"EventID": "1006", "Channel": "Microsoft-Windows-Wcmsvc/Operational", "Provider_Name": "Microsoft-Windows-Wcmsvc", "Computer": "DESKTOP-OFJ6N53", "TimeCreated": "2023-07-12 14:35:16.381884+00:00", "RecordID": "3057", "Level": "4", "UserID": "S-1-5-19", "EventData.Reason": "6"}
{"EventID": "10003", "Channel": "Microsoft-Windows-Wcmsvc/Operational", "Provider_Name": "Microsoft-Windows-Wcmsvc", "Computer": "DESKTOP-OFJ6N53", "TimeCreated": "2023-07-12 14:39:48.490330+00:00", "RecordID": "3058", "Level": "4", "UserID": "S-1-5-19"}
{"EventID": "10004", "Channel": "Microsoft-Windows-Wcmsvc/Operational", "Provider_Name": "Microsoft-Windows-Wcmsvc", "Computer": "DESKTOP-OFJ6N53", "TimeCreated": "2023-07-12 14:39:49.238861+00:00", "RecordID": "3059", "Level": "4", "UserID": "S-1-5-19"}
{"EventID": "10001", "Channel": "Microsoft-Windows-Wcmsvc/Operational", "Provider_Name": "Microsoft-Windows-Wcmsvc", "Computer": "DESKTOP-OFJ6N53", "TimeCreated": "2023-07-12 14:40:55.872681+00:00", "RecordID": "3060", "Level": "4", "UserID": "S-1-5-19"}
{"EventID": "1003", "Channel": "Microsoft-Windows-Wcmsvc/Operational", "Provider_Name": "Microsoft-Windows-Wcmsvc", "Computer": "DESKTOP-OFJ6N53", "TimeCreated": "2023-07-12 14:40:57.426392+00:00", "RecordID": "3061", "Level": "4", "UserID": "S-1-5-19", "EventData.Status": "1", "EventData.Name": "2"}
{"EventID": "1003", "Channel": "Microsoft-Windows-Wcmsvc/Operational", "Provider_Name": "Microsoft-Windows-Wcmsvc", "Computer": "DESKTOP-OFJ6N53", "TimeCreated": "2023-07-12 14:40:57.426426+00:00", "RecordID": "3062", "Level": "4", "UserID": "S-1-5-19", "EventData.Status": "1", "EventData.Name": "3"}
{"EventID": "1026", "Channel": "Microsoft-Windows-Wcmsvc/Operational", "Provider_Name": "Microsoft-Windows-Wcmsvc", "Computer": "DESKTOP-OFJ6N53", "TimeCreated": "2023-07-12 14:40:57.427855+00:00", "RecordID": "3063", "Level": "4", "UserID": "S-1-5-19", "EventData.InterfaceGuid": "{bed2c4be-ec11-4cc8-aafc-f0fd7a5e3a02}", "EventData.MediaType": "1"}
{"EventID": "1009", "Channel": "Microsoft-Windows-Wcmsvc/Operational", "Provider_Name": "Microsoft-Windows-Wcmsvc", "Computer": "DESKTOP-OFJ6N53", "TimeCreated": "2023-07-12 14:40:57.427895+00:00", "RecordID": "3064", "Level": "4", "UserID": "S-1-5-19", "EventData.InterfaceGuid": "{bed2c4be-ec11-4cc8-aafc-f0fd7a5e3a02}", "EventData.MediaType": "1"}
{"EventID": "10002", "Channel": "Microsoft-Windows-Wcmsvc/Operational", "Provider_Name": "Microsoft-Windows-Wcmsvc", "Computer": "DESKTOP-OFJ6N53", "TimeCreated": "2023-07-12 14:40:57.446531+00:00", "RecordID": "3065", "Level": "4", "UserID": "S-1-5-19"}
{"EventID": "1006", "Channel": "Microsoft-Windows-Wcmsvc/Operational", "Provider_Name": "Microsoft-Windows-Wcmsvc", "Computer": "DESKTOP-OFJ6N53", "TimeCreated": "2023-07-12 14:43:24.130585+00:00", "RecordID": "3066", "Level": "4", "UserID": "S-1-5-19", "EventData.Reason": "1"}
{"EventID": "1006", "Channel": "Microsoft-Windows-Wcmsvc/Operational", "Provider_Name": "Microsoft-Windows-Wcmsvc", "Computer": "DESKTOP-OFJ6N53", "TimeCreated": "2023-07-12 14:43:27.079573+00:00", "RecordID": "3067", "Level": "4", "UserID": "S-1-5-19", "EventData.Reason": "5"}
{"EventID": "1006", "Channel": "Microsoft-Windows-Wcmsvc/Operational", "Provider_Name": "Microsoft-Windows-Wcmsvc", "Computer": "DESKTOP-OFJ6N53", "TimeCreated": "2023-07-13 08:39:41.692305+00:00", "RecordID": "3068", "Level": "4", "UserID": "S-1-5-19", "EventData.Reason": "2"}
{"EventID": "1006", "Channel": "Microsoft-Windows-Wcmsvc/Operational", "Provider_Name": "Microsoft-Windows-Wcmsvc", "Computer": "DESKTOP-OFJ6N53", "TimeCreated": "2023-07-13 08:39:46.807014+00:00", "RecordID": "3069", "Level": "4", "UserID": "S-1-5-19", "EventData.Reason": "3"}
{"EventID": "1006", "Channel": "Microsoft-Windows-Wcmsvc/Operational", "Provider_Name": "Microsoft-Windows-Wcmsvc", "Computer": "DESKTOP-OFJ6N53", "TimeCreated": "2023-07-13 08:39:56.542253+00:00", "RecordID": "3070", "Level": "4", "UserID": "S-1-5-19", "EventData.Reason": "1"}
{"EventID": "1006", "Channel": "Microsoft-Windows-Wcmsvc/Operational", "Provider_Name": "Microsoft-Windows-Wcmsvc", "Computer": "DESKTOP-OFJ6N53", "TimeCreated": "2023-07-13 08:42:17.742466+00:00", "RecordID": "3071", "Level": "4", "UserID": "S-1-5-19", "EventData.Reason": "4"}
{"EventID": "1006", "Channel": "Microsoft-Windows-Wcmsvc/Operational", "Provider_Name": "Microsoft-Windows-Wcmsvc", "Computer": "DESKTOP-OFJ6N53", "TimeCreated": "2023-07-13 08:43:32.991816+00:00", "RecordID": "3072", "Level": "4", "UserID": "S-1-5-19", "EventData.Reason": "2"}
{"EventID": "1006", "Channel": "Microsoft-Windows-Wcmsvc/Operational", "Provider_Name": "Microsoft-Windows-Wcmsvc", "Computer": "DESKTOP-OFJ6N53", "TimeCreated": "2023-07-13 08:43:33.177494+00:00", "RecordID": "3073", "Level": "4", "UserID": "S-1-5-19", "EventData.Reason": "1"}
{"EventID": "1006", "Channel": "Microsoft-Windows-Wcmsvc/Operational", "Provider_Name": "Microsoft-Windows-Wcmsvc", "Computer": "DESKTOP-OFJ6N53", "TimeCreated": "2023-07-18 14:51:46.508669+00:00", "RecordID": "3074", "Level": "4", "UserID": "S-1-5-19", "EventData.Reason": "2"}
{"EventID": "1006", "Channel": "Microsoft-Windows-Wcmsvc/Operational", "Provider_Name": "Microsoft-Windows-Wcmsvc", "Computer": "DESKTOP-OFJ6N53", "TimeCreated": "2023-07-18 14:51:47.225805+00:00", "RecordID": "3075", "Level": "4", "UserID": "S-1-5-19", "EventData.Reason": "3"}
{"EventID": "1006", "Channel": "Microsoft-Windows-Wcmsvc/Operational", "Provider_Name": "Microsoft-Windows-Wcmsvc", "Computer": "DESKTOP-OFJ6N53", "TimeCreated": "2023-07-18 14:51:47.494770+00:00", "RecordID": "3076", "Level": "4", "UserID": "S-1-5-19", "EventData.Reason": "1"}
{"EventID": "1006", "Channel": "Microsoft-Windows-Wcmsvc/Operational", "Provider_Name": "Microsoft-Windows-Wcmsvc", "Computer": "DESKTOP-OFJ6N53", "TimeCreated": "2023-07-18 14:52:11.793610+00:00", "RecordID": "3077", "Level": "4", "UserID": "S-1-5-19", "EventData.Reason": "6"}
{"EventID": "10003", "Channel": "Microsoft-Windows-Wcmsvc/Operational", "Provider_Name": "Microsoft-Windows-Wcmsvc", "Computer": "DESKTOP-OFJ6N53", "TimeCreated": "2023-07-18 14:52:13.712011+00:00", "RecordID": "3078", "Level": "4", "UserID": "S-1-5-19"}
{"EventID": "10004", "Channel": "Microsoft-Windows-Wcmsvc/Operational", "Provider_Name": "Microsoft-Windows-Wcmsvc", "Computer": "DESKTOP-OFJ6N53", "TimeCreated": "2023-07-18 14:52:14.203835+00:00", "RecordID": "3079", "Level": "4", "UserID": "S-1-5-19"}
{"EventID": "10001", "Channel": "Microsoft-Windows-Wcmsvc/Operational", "Provider_Name": "Microsoft-Windows-Wcmsvc", "Computer": "DESKTOP-OFJ6N53", "TimeCreated": "2023-07-18 14:52:46.693998+00:00", "RecordID": "3080", "Level": "4", "UserID": "S-1-5-19"}
{"EventID": "1026", "Channel": "Microsoft-Windows-Wcmsvc/Operational", "Provider_Name": "Microsoft-Windows-Wcmsvc", "Computer": "DESKTOP-OFJ6N53", "TimeCreated": "2023-07-18 14:52:46.863214+00:00", "RecordID": "3081", "Level": "4", "UserID": "S-1-5-19", "EventData.InterfaceGuid": "{bed2c4be-ec11-4cc8-aafc-f0fd7a5e3a02}", "EventData.MediaType": "1"}
{"EventID": "1009", "Channel": "Microsoft-Windows-Wcmsvc/Operational", "Provider_Name": "Microsoft-Windows-Wcmsvc", "Computer": "DESKTOP-OFJ6N53", "TimeCreated": "2023-07-18 14:52:46.863644+00:00", "RecordID": "3082", "Level": "4", "UserID": "S-1-5-19", "EventData.InterfaceGuid": "{bed2c4be-ec11-4cc8-aafc-f0fd7a5e3a02}", "EventData.MediaType": "1"}
{"EventID": "10002", "Channel": "Microsoft-Windows-Wcmsvc/Operational", "Provider_Name": "Microsoft-Windows-Wcmsvc", "Computer": "DESKTOP-OFJ6N53", "TimeCreated": "2023-07-18 14:52:46.878300+00:00", "RecordID": "3083", "Level": "4", "UserID": "S-1-5-19"}
{"EventID": "1003", "Channel": "Microsoft-Windows-Wcmsvc/Operational", "Provider_Name": "Microsoft-Windows-Wcmsvc", "Computer": "DESKTOP-OFJ6N53", "TimeCreated": "2023-07-18 14:52:46.896856+00:00", "RecordID": "3084", "Level": "4", "UserID": "S-1-5-19", "EventData.Status": "1", "EventData.Name": "2"}
{"EventID": "1003", "Channel": "Microsoft-Windows-Wcmsvc/Operational", "Provider_Name": "Microsoft-Windows-Wcmsvc", "Computer": "DESKTOP-OFJ6N53", "TimeCreated": "2023-07-18 14:52:46.896881+00:00", "RecordID": "3085", "Level": "4", "UserID": "S-1-5-19", "EventData.Status": "1", "EventData.Name": "3"}
{"EventID": "1006", "Channel": "Microsoft-Windows-Wcmsvc/Operational", "Provider_Name": "Microsoft-Windows-Wcmsvc", "Computer": "DESKTOP-OFJ6N53", "TimeCreated": "2023-07-18 14:52:53.806122+00:00", "RecordID": "3086", "Level": "4", "UserID": "S-1-5-19", "EventData.Reason": "5"}
{"EventID": "1006", "Channel": "Microsoft-Windows-Wcmsvc/Operational", "Provider_Name": "Microsoft-Windows-Wcmsvc", "Computer": "DESKTOP-OFJ6N53", "TimeCreated": "2023-07-18 14:55:42.746719+00:00", "RecordID": "3087", "Level": "4", "UserID": "S-1-5-19", "EventData.Reason": "2"}
{"EventID": "1006", "Channel": "Microsoft-Windows-Wcmsvc/Operational", "Provider_Name": "Microsoft-Windows-Wcmsvc", "Computer": "DESKTOP-OFJ6N53", "TimeCreated": "2023-07-18 14:55:43.077145+00:00", "RecordID": "3088", "Level": "4", "UserID": "S-1-5-19", "EventData.Reason": "1"}
{"EventID": "1006", "Channel": "Microsoft-Windows-Wcmsvc/Operational", "Provider_Name": "Microsoft-Windows-Wcmsvc", "Computer": "DESKTOP-OFJ6N53", "TimeCreated": "2023-07-18 14:55:43.450991+00:00", "RecordID": "3089", "Level": "4", "UserID": "S-1-5-19", "EventData.Reason": "3"}
{"EventID": "1006", "Channel": "Microsoft-Windows-Wcmsvc/Operational", "Provider_Name": "Microsoft-Windows-Wcmsvc", "Computer": "DESKTOP-OFJ6N53", "TimeCreated": "2023-07-18 16:10:11.751478+00:00", "RecordID": "3090", "Level": "4", "UserID": "S-1-5-19", "EventData.Reason": "4"}
{"EventID": "1006", "Channel": "Microsoft-Windows-Wcmsvc/Operational", "Provider_Name": "Microsoft-Windows-Wcmsvc", "Computer": "DESKTOP-OFJ6N53", "TimeCreated": "2023-07-18 16:21:15.267714+00:00", "RecordID": "3091", "Level": "4", "UserID": "S-1-5-19", "EventData.Reason": "3"}
{"EventID": "1006", "Channel": "Microsoft-Windows-Wcmsvc/Operational", "Provider_Name": "Microsoft-Windows-Wcmsvc", "Computer": "DESKTOP-OFJ6N53", "TimeCreated": "2023-07-18 23:13:53.896616+00:00", "RecordID": "3092", "Level": "4", "UserID": "S-1-5-19", "EventData.Reason": "4"}
{"EventID": "1006", "Channel": "Microsoft-Windows-Wcmsvc/Operational", "Provider_Name": "Microsoft-Windows-Wcmsvc", "Computer": "DESKTOP-OFJ6N53", "TimeCreated": "2023-07-23 19:23:35.072952+00:00", "RecordID": "3093", "Level": "4", "UserID": "S-1-5-19", "EventData.Reason": "3"}
{"EventID": "1006", "Channel": "Microsoft-Windows-Wcmsvc/Operational", "Provider_Name": "Microsoft-Windows-Wcmsvc", "Computer": "DESKTOP-OFJ6N53", "TimeCreated": "2023-07-23 22:32:57.668903+00:00", "RecordID": "3094", "Level": "4", "UserID": "S-1-5-19", "EventData.Reason": "4"}
{"EventID": "1006", "Channel": "Microsoft-Windows-Wcmsvc/Operational", "Provider_Name": "Microsoft-Windows-Wcmsvc", "Computer": "DESKTOP-OFJ6N53", "TimeCreated": "2023-07-24 07:22:29.231651+00:00", "RecordID": "3095", "Level": "4", "UserID": "S-1-5-19", "EventData.Reason": "3"}
{"EventID": "1006", "Channel": "Microsoft-Windows-Wcmsvc/Operational", "Provider_Name": "Microsoft-Windows-Wcmsvc", "Computer": "DESKTOP-OFJ6N53", "TimeCreated": "2023-07-24 21:21:19.511055+00:00", "RecordID": "3096", "Level": "4", "UserID": "S-1-5-19", "EventData.Reason": "4"}
{"EventID": "1006", "Channel": "Microsoft-Windows-Wcmsvc/Operational", "Provider_Name": "Microsoft-Windows-Wcmsvc", "Computer": "DESKTOP-OFJ6N53", "TimeCreated": "2023-07-25 08:58:43.125309+00:00", "RecordID": "3097", "Level": "4", "UserID": "S-1-5-19", "EventData.Reason": "3"}
{"EventID": "1006", "Channel": "Microsoft-Windows-Wcmsvc/Operational", "Provider_Name": "Microsoft-Windows-Wcmsvc", "Computer": "DESKTOP-OFJ6N53", "TimeCreated": "2023-07-25 08:58:51.421129+00:00", "RecordID": "3098", "Level": "4", "UserID": "S-1-5-19", "EventData.Reason": "6"}
{"EventID": "1006", "Channel": "Microsoft-Windows-Wcmsvc/Operational", "Provider_Name": "Microsoft-Windows-Wcmsvc", "Computer": "DESKTOP-OFJ6N53", "TimeCreated": "2023-07-25 08:58:51.957882+00:00", "RecordID": "3099", "Level": "4", "UserID": "S-1-5-19", "EventData.Reason": "4"}
{"EventID": "10003", "Channel": "Microsoft-Windows-Wcmsvc/Operational", "Provider_Name": "Microsoft-Windows-Wcmsvc", "Computer": "DESKTOP-OFJ6N53", "TimeCreated": "2023-07-25 08:58:52.705599+00:00", "RecordID": "3100", "Level": "4", "UserID": "S-1-5-19"}
{"EventID": "10004", "Channel": "Microsoft-Windows-Wcmsvc/Operational", "Provider_Name": "Microsoft-Windows-Wcmsvc", "Computer": "DESKTOP-OFJ6N53", "TimeCreated": "2023-07-25 08:58:52.858656+00:00", "RecordID": "3101", "Level": "4", "UserID": "S-1-5-19"}
{"EventID": "10001", "Channel": "Microsoft-Windows-Wcmsvc/Operational", "Provider_Name": "Microsoft-Windows-Wcmsvc", "Computer": "DESKTOP-OFJ6N53", "TimeCreated": "2023-07-25 08:59:23.121817+00:00", "RecordID": "3102", "Level": "4", "UserID": "S-1-5-19"}
{"EventID": "1026", "Channel": "Microsoft-Windows-Wcmsvc/Operational", "Provider_Name": "Microsoft-Windows-Wcmsvc", "Computer": "DESKTOP-OFJ6N53", "TimeCreated": "2023-07-25 08:59:23.278889+00:00", "RecordID": "3103", "Level": "4", "UserID": "S-1-5-19", "EventData.InterfaceGuid": "{bed2c4be-ec11-4cc8-aafc-f0fd7a5e3a02}", "EventData.MediaType": "1"}
{"EventID": "1009", "Channel": "Microsoft-Windows-Wcmsvc/Operational", "Provider_Name": "Microsoft-Windows-Wcmsvc", "Computer": "DESKTOP-OFJ6N53", "TimeCreated": "2023-07-25 08:59:23.279104+00:00", "RecordID": "3104", "Level": "4", "UserID": "S-1-5-19", "EventData.InterfaceGuid": "{bed2c4be-ec11-4cc8-aafc-f0fd7a5e3a02}", "EventData.MediaType": "1"}
{"EventID": "10002", "Channel": "Microsoft-Windows-Wcmsvc/Operational", "Provider_Name": "Microsoft-Windows-Wcmsvc", "Computer": "DESKTOP-OFJ6N53", "TimeCreated": "2023-07-25 08:59:23.280855+00:00", "RecordID": "3105", "Level": "4", "UserID": "S-1-5-19"}
{"EventID": "1003", "Channel": "Microsoft-Windows-Wcmsvc/Operational", "Provider_Name": "Microsoft-Windows-Wcmsvc", "Computer": "DESKTOP-OFJ6N53", "TimeCreated": "2023-07-25 08:59:23.292433+00:00", "RecordID": "3106", "Level": "4", "UserID": "S-1-5-19", "EventData.Status": "1", "EventData.Name": "2"}
