{"EventID": "98", "Channel": "Microsoft-Windows-RemoteDesktopServices-RdpCoreTS/Operational", "Provider_Name": "Microsoft-Windows-RemoteDesktopServices-RdpCoreTS", "Computer": "DESKTOP-OFJ6N53", "TimeCreated": "2025-08-25 07:51:06.413361+00:00", "RecordID": "182129", "Level": "4", "UserID": "S-1-5-20"}
{"EventID": "100", "Channel": "Microsoft-Windows-RemoteDesktopServices-RdpCoreTS/Operational", "Provider_Name": "Microsoft-Windows-RemoteDesktopServices-RdpCoreTS", "Computer": "DESKTOP-OFJ6N53", "TimeCreated": "2025-08-25 07:51:06.413363+00:00", "RecordID": "182130", "Level": "4", "UserID": "S-1-5-20"}
{"EventID": "135", "Channel": "Microsoft-Windows-RemoteDesktopServices-RdpCoreTS/Operational", "Provider_Name": "Microsoft-Windows-RemoteDesktopServices-RdpCoreTS", "Computer": "DESKTOP-OFJ6N53", "TimeCreated": "2025-08-25 07:51:06.413374+00:00", "RecordID": "182131", "Level": "4", "UserID": "S-1-5-20", "EventData.TunnelID": "1", "EventData.TransportType": "TCP: Reason Code: 1 (No Client UDP Support)"}
{"EventID": "135", "Channel": "Microsoft-Windows-RemoteDesktopServices-RdpCoreTS/Operational", "Provider_Name": "Microsoft-Windows-RemoteDesktopServices-RdpCoreTS", "Computer": "DESKTOP-OFJ6N53", "TimeCreated": "2025-08-25 07:51:06.413376+00:00", "RecordID": "182132", "Level": "4", "UserID": "S-1-5-20", "EventData.TunnelID": "3", "EventData.TransportType": "TCP: Reason Code: 2 (Forced by Server Configuration)"}
{"EventID": "72", "Channel": "Microsoft-Windows-RemoteDesktopServices-RdpCoreTS/Operational", "Provider_Name": "Microsoft-Windows-RemoteDesktopServices-RdpCoreTS", "Computer": "DESKTOP-OFJ6N53", "TimeCreated": "2025-08-25 07:51:06.413691+00:00", "RecordID": "182133", "Level": "4", "UserID": "S-1-5-20", "EventData.MethodName": "AuthenticateClientToSession"}
{"EventID": "66", "Channel": "Microsoft-Windows-RemoteDesktopServices-RdpCoreTS/Operational", "Provider_Name": "Microsoft-Windows-RemoteDesktopServices-RdpCoreTS", "Computer": "DESKTOP-OFJ6N53", "TimeCreated": "2025-08-25 07:51:06.493349+00:00", "RecordID": "182134", "Level": "4", "UserID": "S-1-5-20", "EventData.ConnectionName": "RDP-Tcp#1", "EventData.SessionID": "1"}
{"EventID": "33", "Channel": "Microsoft-Windows-RemoteDesktopServices-RdpCoreTS/Operational", "Provider_Name": "Microsoft-Windows-RemoteDesktopServices-RdpCoreTS", "Computer": "DESKTOP-OFJ6N53", "TimeCreated": "2025-08-25 07:51:06.500389+00:00", "RecordID": "182135", "Level": "4", "UserID": "S-1-5-20"}
{"EventID": "132", "Channel": "Microsoft-Windows-RemoteDesktopServices-RdpCoreTS/Operational", "Provider_Name": "Microsoft-Windows-RemoteDesktopServices-RdpCoreTS", "Computer": "DESKTOP-OFJ6N53", "TimeCreated": "2025-08-25 07:51:06.500448+00:00", "RecordID": "182136", "Level": "4", "UserID": "S-1-5-20", "EventData.ChannelName": "rdpgrfx", "EventData.TunnelID": "0"}
{"EventID": "132", "Channel": "Microsoft-Windows-RemoteDesktopServices-RdpCoreTS/Operational", "Provider_Name": "Microsoft-Windows-RemoteDesktopServices-RdpCoreTS", "Computer": "DESKTOP-OFJ6N53", "TimeCreated": "2025-08-25 07:51:06.558273+00:00", "RecordID": "182137", "Level": "4", "UserID": "S-1-5-20", "EventData.ChannelName": "rdpinpt", "EventData.TunnelID": "0"}
{"EventID": "169", "Channel": "Microsoft-Windows-RemoteDesktopServices-RdpCoreTS/Operational", "Provider_Name": "Microsoft-Windows-RemoteDesktopServices-RdpCoreTS", "Computer": "DESKTOP-OFJ6N53", "TimeCreated": "2025-08-25 07:51:06.558502+00:00", "RecordID": "182138", "Level": "4", "UserID": "S-1-5-20", "EventData.MajorType": "6", "EventData.MinorType": "0", "EventData.ServerName": "DESKTOP-OFJ6N53"}
{"EventID": "72", "Channel": "Microsoft-Windows-RemoteDesktopServices-RdpCoreTS/Operational", "Provider_Name": "Microsoft-Windows-RemoteDesktopServices-RdpCoreTS", "Computer": "DESKTOP-OFJ6N53", "TimeCreated": "2025-08-25 07:51:06.558588+00:00", "RecordID": "182139", "Level": "4", "UserID": "S-1-5-20", "EventData.MethodName": "OnConnected"}
{"EventID": "72", "Channel": "Microsoft-Windows-RemoteDesktopServices-RdpCoreTS/Operational", "Provider_Name": "Microsoft-Windows-RemoteDesktopServices-RdpCoreTS", "Computer": "DESKTOP-OFJ6N53", "TimeCreated": "2025-08-25 07:51:06.558590+00:00", "RecordID": "182140", "Level": "4", "UserID": "S-1-5-20", "EventData.MethodName": "OnReady"}
{"EventID": "132", "Channel": "Microsoft-Windows-RemoteDesktopServices-RdpCoreTS/Operational", "Provider_Name": "Microsoft-Windows-RemoteDesktopServices-RdpCoreTS", "Computer": "DESKTOP-OFJ6N53", "TimeCreated": "2025-08-25 07:51:06.665768+00:00", "RecordID": "182141", "Level": "4", "UserID": "S-1-5-20", "EventData.ChannelName": "Microsoft::Windows::RDS::Telemetry", "EventData.TunnelID": "0"}
{"EventID": "132", "Channel": "Microsoft-Windows-RemoteDesktopServices-RdpCoreTS/Operational", "Provider_Name": "Microsoft-Windows-RemoteDesktopServices-RdpCoreTS", "Computer": "DESKTOP-OFJ6N53", "TimeCreated": "2025-08-25 07:51:06.665930+00:00", "RecordID": "182142", "Level": "4", "UserID": "S-1-5-20", "EventData.ChannelName": "Microsoft::Windows::RDS::Graphics", "EventData.TunnelID": "0"}
{"EventID": "162", "Channel": "Microsoft-Windows-RemoteDesktopServices-RdpCoreTS/Operational", "Provider_Name": "Microsoft-Windows-RemoteDesktopServices-RdpCoreTS", "Computer": "DESKTOP-OFJ6N53", "TimeCreated": "2025-08-25 07:51:06.668367+00:00", "RecordID": "182143", "Level": "4", "UserID": "S-1-5-20", "EventData.Version": "0x000a0400", "EventData.ClientMode": "2", "EventData.AvcEnabled": "1", "EventData.ProfileIdNum": "2", "EventData.ServerName": "DESKTOP-OFJ6N53"}
{"EventID": "72", "Channel": "Microsoft-Windows-RemoteDesktopServices-RdpCoreTS/Operational", "Provider_Name": "Microsoft-Windows-RemoteDesktopServices-RdpCoreTS", "Computer": "DESKTOP-OFJ6N53", "TimeCreated": "2025-08-25 07:51:06.718937+00:00", "RecordID": "182144", "Level": "4", "UserID": "S-1-5-20", "EventData.MethodName": "ConnectNotify(SessionId=1)"}
{"EventID": "148", "Channel": "Microsoft-Windows-RemoteDesktopServices-RdpCoreTS/Operational", "Provider_Name": "Microsoft-Windows-RemoteDesktopServices-RdpCoreTS", "Computer": "DESKTOP-OFJ6N53", "TimeCreated": "2025-08-25 07:51:07.004478+00:00", "RecordID": "182145", "Level": "4", "UserID": "S-1-5-20", "EventData.ChannelName": "Microsoft::Windows::RDS::Video::Control::v08.01", "EventData.TunnelID": "0"}
{"EventID": "148", "Channel": "Microsoft-Windows-RemoteDesktopServices-RdpCoreTS/Operational", "Provider_Name": "Microsoft-Windows-RemoteDesktopServices-RdpCoreTS", "Computer": "DESKTOP-OFJ6N53", "TimeCreated": "2025-08-25 07:51:07.004557+00:00", "RecordID": "182146", "Level": "4", "UserID": "S-1-5-20", "EventData.ChannelName": "Microsoft::Windows::RDS::Video::Data::v08.01", "EventData.TunnelID": "0"}
{"EventID": "148", "Channel": "Microsoft-Windows-RemoteDesktopServices-RdpCoreTS/Operational", "Provider_Name": "Microsoft-Windows-RemoteDesktopServices-RdpCoreTS", "Computer": "DESKTOP-OFJ6N53", "TimeCreated": "2025-08-25 07:51:07.046721+00:00", "RecordID": "182147", "Level": "4", "UserID": "S-1-5-20", "EventData.ChannelName": "Microsoft::Windows::RDS::Geometry::v08.01", "EventData.TunnelID": "0"}
{"EventID": "132", "Channel": "Microsoft-Windows-RemoteDesktopServices-RdpCoreTS/Operational", "Provider_Name": "Microsoft-Windows-RemoteDesktopServices-RdpCoreTS", "Computer": "DESKTOP-OFJ6N53", "TimeCreated": "2025-08-25 07:51:07.540533+00:00", "RecordID": "182148", "Level": "4", "UserID": "S-1-5-20", "EventData.ChannelName": "rdpdr", "EventData.TunnelID": "0"}
{"EventID": "132", "Channel": "Microsoft-Windows-RemoteDesktopServices-RdpCoreTS/Operational", "Provider_Name": "Microsoft-Windows-RemoteDesktopServices-RdpCoreTS", "Computer": "DESKTOP-OFJ6N53", "TimeCreated": "2025-08-25 07:51:08.050453+00:00", "RecordID": "182149", "Level": "4", "UserID": "S-1-5-20", "EventData.ChannelName": "Microsoft::Windows::RDS::Input", "EventData.TunnelID": "0"}
{"EventID": "132", "Channel": "Microsoft-Windows-RemoteDesktopServices-RdpCoreTS/Operational", "Provider_Name": "Microsoft-Windows-RemoteDesktopServices-RdpCoreTS", "Computer": "DESKTOP-OFJ6N53", "TimeCreated": "2025-08-25 07:51:08.050499+00:00", "RecordID": "182150", "Level": "4", "UserID": "S-1-5-20", "EventData.ChannelName": "Microsoft::Windows::RDS::Geometry::v08.01", "EventData.TunnelID": "0"}
{"EventID": "132", "Channel": "Microsoft-Windows-RemoteDesktopServices-RdpCoreTS/Operational", "Provider_Name": "Microsoft-Windows-RemoteDesktopServices-RdpCoreTS", "Computer": "DESKTOP-OFJ6N53", "TimeCreated": "2025-08-25 07:51:08.050505+00:00", "RecordID": "182151", "Level": "4", "UserID": "S-1-5-20", "EventData.ChannelName": "AUDIO_PLAYBACK_DVC", "EventData.TunnelID": "0"}
{"EventID": "227", "Channel": "Microsoft-Windows-RemoteDesktopServices-RdpCoreTS/Operational", "Provider_Name": "Microsoft-Windows-RemoteDesktopServices-RdpCoreTS", "Computer": "DESKTOP-OFJ6N53", "TimeCreated": "2025-08-25 07:51:08.051674+00:00", "RecordID": "182152", "Level": "2", "UserID": "S-1-5-20", "EventData.Name": "CUMRDPConnection", "EventData.Value": "3489660929", "EventData.CustomLevel": "'Failed CreateVirtualChannel call on this Connections Stack' in CUMRDPConnection::CreateVirtualChannel at 2961 err=[0xd0000001]"}
{"EventID": "227", "Channel": "Microsoft-Windows-RemoteDesktopServices-RdpCoreTS/Operational", "Provider_Name": "Microsoft-Windows-RemoteDesktopServices-RdpCoreTS", "Computer": "DESKTOP-OFJ6N53", "TimeCreated": "2025-08-25 07:51:08.056221+00:00", "RecordID": "182153", "Level": "2", "UserID": "S-1-5-20", "EventData.Name": "CUMRDPConnection", "EventData.Value": "3489660929", "EventData.CustomLevel": "'Failed CreateVirtualChannel call on this Connections Stack' in CUMRDPConnection::CreateVirtualChannel at 2961 err=[0xd0000001]"}
{"EventID": "148", "Channel": "Microsoft-Windows-RemoteDesktopServices-RdpCoreTS/Operational", "Provider_Name": "Microsoft-Windows-RemoteDesktopServices-RdpCoreTS", "Computer": "DESKTOP-OFJ6N53", "TimeCreated": "2025-08-25 07:51:08.057657+00:00", "RecordID": "182154", "Level": "4", "UserID": "S-1-5-20", "EventData.ChannelName": "Microsoft::Windows::RDS::Input", "EventData.TunnelID": "0"}
{"EventID": "148", "Channel": "Microsoft-Windows-RemoteDesktopServices-RdpCoreTS/Operational", "Provider_Name": "Microsoft-Windows-RemoteDesktopServices-RdpCoreTS", "Computer": "DESKTOP-OFJ6N53", "TimeCreated": "2025-08-25 07:51:08.057678+00:00", "RecordID": "182155", "Level": "4", "UserID": "S-1-5-20", "EventData.ChannelName": "AUDIO_PLAYBACK_DVC", "EventData.TunnelID": "0"}
{"EventID": "132", "Channel": "Microsoft-Windows-RemoteDesktopServices-RdpCoreTS/Operational", "Provider_Name": "Microsoft-Windows-RemoteDesktopServices-RdpCoreTS", "Computer": "DESKTOP-OFJ6N53", "TimeCreated": "2025-08-25 07:51:08.120901+00:00", "RecordID": "182156", "Level": "4", "UserID": "S-1-5-20", "EventData.ChannelName": "cliprdr", "EventData.TunnelID": "0"}
{"EventID": "227", "Channel": "Microsoft-Windows-RemoteDesktopServices-RdpCoreTS/Operational", "Provider_Name": "Microsoft-Windows-RemoteDesktopServices-RdpCoreTS", "Computer": "DESKTOP-OFJ6N53", "TimeCreated": "2025-08-25 07:51:08.137112+00:00", "RecordID": "182157", "Level": "2", "UserID": "S-1-5-20", "EventData.Name": "CUMRDPConnection", "EventData.Value": "2147500033", "EventData.CustomLevel": "'Failed GetConnectionProperty' in CUMRDPConnection::QueryProperty at 3347 err=[0x80004001]"}
{"EventID": "227", "Channel": "Microsoft-Windows-RemoteDesktopServices-RdpCoreTS/Operational", "Provider_Name": "Microsoft-Windows-RemoteDesktopServices-RdpCoreTS", "Computer": "DESKTOP-OFJ6N53", "TimeCreated": "2025-08-25 07:51:08.137701+00:00", "RecordID": "182158", "Level": "2", "UserID": "S-1-5-20", "EventData.Name": "CUMRDPConnection", "EventData.Value": "3489660929", "EventData.CustomLevel": "'Failed CreateVirtualChannel call on this Connections Stack' in CUMRDPConnection::CreateVirtualChannel at 2961 err=[0xd0000001]"}
{"EventID": "148", "Channel": "Microsoft-Windows-RemoteDesktopServices-RdpCoreTS/Operational", "Provider_Name": "Microsoft-Windows-RemoteDesktopServices-RdpCoreTS", "Computer": "DESKTOP-OFJ6N53", "TimeCreated": "2025-08-25 07:51:08.139751+00:00", "RecordID": "182159", "Level": "4", "UserID": "S-1-5-20", "EventData.ChannelName": "AUDIO_PLAYBACK_DVC", "EventData.TunnelID": "0"}
{"EventID": "132", "Channel": "Microsoft-Windows-RemoteDesktopServices-RdpCoreTS/Operational", "Provider_Name": "Microsoft-Windows-RemoteDesktopServices-RdpCoreTS", "Computer": "DESKTOP-OFJ6N53", "TimeCreated": "2025-08-25 07:51:08.139809+00:00", "RecordID": "182160", "Level": "4", "UserID": "S-1-5-20", "EventData.ChannelName": "AUDIO_PLAYBACK_DVC", "EventData.TunnelID": "0"}
{"EventID": "132", "Channel": "Microsoft-Windows-RemoteDesktopServices-RdpCoreTS/Operational", "Provider_Name": "Microsoft-Windows-RemoteDesktopServices-RdpCoreTS", "Computer": "DESKTOP-OFJ6N53", "TimeCreated": "2025-08-25 07:51:08.194357+00:00", "RecordID": "182161", "Level": "4", "UserID": "S-1-5-20", "EventData.ChannelName": "rdpsnd", "EventData.TunnelID": "0"}
{"EventID": "132", "Channel": "Microsoft-Windows-RemoteDesktopServices-RdpCoreTS/Operational", "Provider_Name": "Microsoft-Windows-RemoteDesktopServices-RdpCoreTS", "Computer": "DESKTOP-OFJ6N53", "TimeCreated": "2025-08-25 07:51:08.205582+00:00", "RecordID": "182162", "Level": "4", "UserID": "S-1-5-20", "EventData.ChannelName": "Microsoft::Windows::RDS::Geometry::v08.01", "EventData.TunnelID": "0"}
{"EventID": "148", "Channel": "Microsoft-Windows-RemoteDesktopServices-RdpCoreTS/Operational", "Provider_Name": "Microsoft-Windows-RemoteDesktopServices-RdpCoreTS", "Computer": "DESKTOP-OFJ6N53", "TimeCreated": "2025-08-25 07:51:08.484800+00:00", "RecordID": "182163", "Level": "4", "UserID": "S-1-5-20", "EventData.ChannelName": "Microsoft::Windows::RDS::Geometry::v08.01", "EventData.TunnelID": "0"}
{"EventID": "132", "Channel": "Microsoft-Windows-RemoteDesktopServices-RdpCoreTS/Operational", "Provider_Name": "Microsoft-Windows-RemoteDesktopServices-RdpCoreTS", "Computer": "DESKTOP-OFJ6N53", "TimeCreated": "2025-08-25 07:51:08.556042+00:00", "RecordID": "182164", "Level": "4", "UserID": "S-1-5-20", "EventData.ChannelName": "RDCamera_Device_Enumerator", "EventData.TunnelID": "0"}
{"EventID": "148", "Channel": "Microsoft-Windows-RemoteDesktopServices-RdpCoreTS/Operational", "Provider_Name": "Microsoft-Windows-RemoteDesktopServices-RdpCoreTS", "Computer": "DESKTOP-OFJ6N53", "TimeCreated": "2025-08-25 07:51:08.556149+00:00", "RecordID": "182165", "Level": "4", "UserID": "S-1-5-20", "EventData.ChannelName": "RDCamera_Device_Enumerator", "EventData.TunnelID": "0"}
{"EventID": "227", "Channel": "Microsoft-Windows-RemoteDesktopServices-RdpCoreTS/Operational", "Provider_Name": "Microsoft-Windows-RemoteDesktopServices-RdpCoreTS", "Computer": "DESKTOP-OFJ6N53", "TimeCreated": "2025-08-25 07:51:08.556519+00:00", "RecordID": "182166", "Level": "2", "UserID": "S-1-5-20", "EventData.Name": "CUMRDPConnection", "EventData.Value": "3489660929", "EventData.CustomLevel": "'Failed CreateVirtualChannel call on this Connections Stack' in CUMRDPConnection::CreateVirtualChannel at 2961 err=[0xd0000001]"}
{"EventID": "132", "Channel": "Microsoft-Windows-RemoteDesktopServices-RdpCoreTS/Operational", "Provider_Name": "Microsoft-Windows-RemoteDesktopServices-RdpCoreTS", "Computer": "DESKTOP-OFJ6N53", "TimeCreated": "2025-08-25 07:51:08.569033+00:00", "RecordID": "182167", "Level": "4", "UserID": "S-1-5-20", "EventData.ChannelName": "Microsoft::Windows::RDS::DisplayControl", "EventData.TunnelID": "0"}
{"EventID": "168", "Channel": "Microsoft-Windows-RemoteDesktopServices-RdpCoreTS/Operational", "Provider_Name": "Microsoft-Windows-RemoteDesktopServices-RdpCoreTS", "Computer": "DESKTOP-OFJ6N53", "TimeCreated": "2025-08-25 07:51:09.756310+00:00", "RecordID": "182168", "Level": "4", "UserID": "S-1-5-20", "EventData.MonitorNum": "0", "EventData.MonitorWidth": "1710", "EventData.MonitorHeight": "1068", "EventData.MonitorX": "0", "EventData.MonitorY": "0", "EventData.ServerName": "DESKTOP-OFJ6N53"}
{"EventID": "72", "Channel": "Microsoft-Windows-RemoteDesktopServices-RdpCoreTS/Operational", "Provider_Name": "Microsoft-Windows-RemoteDesktopServices-RdpCoreTS", "Computer": "DESKTOP-OFJ6N53", "TimeCreated": "2025-08-25 07:51:10.250101+00:00", "RecordID": "182169", "Level": "4", "UserID": "S-1-5-20", "EventData.MethodName": "LogonNotify(SessionId=1)"}
{"EventID": "132", "Channel": "Microsoft-Windows-RemoteDesktopServices-RdpCoreTS/Operational", "Provider_Name": "Microsoft-Windows-RemoteDesktopServices-RdpCoreTS", "Computer": "DESKTOP-OFJ6N53", "TimeCreated": "2025-08-25 07:51:11.530167+00:00", "RecordID": "182170", "Level": "4", "UserID": "S-1-5-20", "EventData.ChannelName": "Microsoft::Windows::RDS::Geometry::v08.01", "EventData.TunnelID": "0"}
{"EventID": "148", "Channel": "Microsoft-Windows-RemoteDesktopServices-RdpCoreTS/Operational", "Provider_Name": "Microsoft-Windows-RemoteDesktopServices-RdpCoreTS", "Computer": "DESKTOP-OFJ6N53", "TimeCreated": "2025-08-25 07:51:11.874943+00:00", "RecordID": "182171", "Level": "4", "UserID": "S-1-5-20", "EventData.ChannelName": "Microsoft::Windows::RDS::Geometry::v08.01", "EventData.TunnelID": "0"}
{"EventID": "107", "Channel": "Microsoft-Windows-RemoteDesktopServices-RdpCoreTS/Operational", "Provider_Name": "Microsoft-Windows-RemoteDesktopServices-RdpCoreTS", "Computer": "DESKTOP-OFJ6N53", "TimeCreated": "2025-08-25 10:03:14.813223+00:00", "RecordID": "182172", "Level": "4", "UserID": "S-1-5-20"}
{"EventID": "226", "Channel": "Microsoft-Windows-RemoteDesktopServices-RdpCoreTS/Operational", "Provider_Name": "Microsoft-Windows-RemoteDesktopServices-RdpCoreTS", "Computer": "DESKTOP-OFJ6N53", "TimeCreated": "2025-08-25 10:03:14.813795+00:00", "RecordID": "182173", "Level": "3", "UserID": "S-1-5-20", "EventData.StateTransition": "RDP_SEC", "EventData.PreviousState": "0", "EventData.PreviousStateName": "FStatePassthrough", "EventData.NewState": "9", "EventData.NewStateName": "FStateError", "EventData.Event": "16", "EventData.EventName": "FEventCheckAndCompleteReadsFailed", "EventData.ErrorCode": "0x8007139f"}
{"EventID": "72", "Channel": "Microsoft-Windows-RemoteDesktopServices-RdpCoreTS/Operational", "Provider_Name": "Microsoft-Windows-RemoteDesktopServices-RdpCoreTS", "Computer": "DESKTOP-OFJ6N53", "TimeCreated": "2025-08-25 10:03:15.068304+00:00", "RecordID": "182174", "Level": "4", "UserID": "S-1-5-20", "EventData.MethodName": "OnDisconnected"}
{"EventID": "102", "Channel": "Microsoft-Windows-RemoteDesktopServices-RdpCoreTS/Operational", "Provider_Name": "Microsoft-Windows-RemoteDesktopServices-RdpCoreTS", "Computer": "DESKTOP-OFJ6N53", "TimeCreated": "2025-08-25 10:03:15.068640+00:00", "RecordID": "182175", "Level": "4", "UserID": "S-1-5-20"}
{"EventID": "145", "Channel": "Microsoft-Windows-RemoteDesktopServices-RdpCoreTS/Operational", "Provider_Name": "Microsoft-Windows-RemoteDesktopServices-RdpCoreTS", "Computer": "DESKTOP-OFJ6N53", "TimeCreated": "2025-08-25 10:03:15.068642+00:00", "RecordID": "182176", "Level": "4", "UserID": "S-1-5-20", "EventData.IdleSeconds": "2718", "EventData.IdleSeconds1": "0", "EventData.IdleSeconds2": "0"}
{"EventID": "148", "Channel": "Microsoft-Windows-RemoteDesktopServices-RdpCoreTS/Operational", "Provider_Name": "Microsoft-Windows-RemoteDesktopServices-RdpCoreTS", "Computer": "DESKTOP-OFJ6N53", "TimeCreated": "2025-08-25 10:03:15.068651+00:00", "RecordID": "182177", "Level": "4", "UserID": "S-1-5-20", "EventData.ChannelName": "rdpinpt", "EventData.TunnelID": "0"}
{"EventID": "148", "Channel": "Microsoft-Windows-RemoteDesktopServices-RdpCoreTS/Operational", "Provider_Name": "Microsoft-Windows-RemoteDesktopServices-RdpCoreTS", "Computer": "DESKTOP-OFJ6N53", "TimeCreated": "2025-08-25 10:03:15.068659+00:00", "RecordID": "182178", "Level": "4", "UserID": "S-1-5-20", "EventData.ChannelName": "rdpcmd", "EventData.TunnelID": "0"}
{"EventID": "148", "Channel": "Microsoft-Windows-RemoteDesktopServices-RdpCoreTS/Operational", "Provider_Name": "Microsoft-Windows-RemoteDesktopServices-RdpCoreTS", "Computer": "DESKTOP-OFJ6N53", "TimeCreated": "2025-08-25 10:03:15.068663+00:00", "RecordID": "182179", "Level": "4", "UserID": "S-1-5-20", "EventData.ChannelName": "rdplic", "EventData.TunnelID": "0"}
{"EventID": "148", "Channel": "Microsoft-Windows-RemoteDesktopServices-RdpCoreTS/Operational", "Provider_Name": "Microsoft-Windows-RemoteDesktopServices-RdpCoreTS", "Computer": "DESKTOP-OFJ6N53", "TimeCreated": "2025-08-25 10:03:15.068665+00:00", "RecordID": "182180", "Level": "4", "UserID": "S-1-5-20", "EventData.ChannelName": "Microsoft::Windows::RDS::Telemetry", "EventData.TunnelID": "0"}
{"EventID": "148", "Channel": "Microsoft-Windows-RemoteDesktopServices-RdpCoreTS/Operational", "Provider_Name": "Microsoft-Windows-RemoteDesktopServices-RdpCoreTS", "Computer": "DESKTOP-OFJ6N53", "TimeCreated": "2025-08-25 10:03:15.068691+00:00", "RecordID": "182181", "Level": "4", "UserID": "S-1-5-20", "EventData.ChannelName": "rdpgrfx", "EventData.TunnelID": "0"}
{"EventID": "148", "Channel": "Microsoft-Windows-RemoteDesktopServices-RdpCoreTS/Operational", "Provider_Name": "Microsoft-Windows-RemoteDesktopServices-RdpCoreTS", "Computer": "DESKTOP-OFJ6N53", "TimeCreated": "2025-08-25 10:03:15.068693+00:00", "RecordID": "182182", "Level": "4", "UserID": "S-1-5-20", "EventData.ChannelName": "railenc", "EventData.TunnelID": "0"}
{"EventID": "148", "Channel": "Microsoft-Windows-RemoteDesktopServices-RdpCoreTS/Operational", "Provider_Name": "Microsoft-Windows-RemoteDesktopServices-RdpCoreTS", "Computer": "DESKTOP-OFJ6N53", "TimeCreated": "2025-08-25 10:03:15.068705+00:00", "RecordID": "182183", "Level": "4", "UserID": "S-1-5-20", "EventData.ChannelName": "Microsoft::Windows::RDS::Frame_Buffer::Control::v08.01", "EventData.TunnelID": "0"}
{"EventID": "148", "Channel": "Microsoft-Windows-RemoteDesktopServices-RdpCoreTS/Operational", "Provider_Name": "Microsoft-Windows-RemoteDesktopServices-RdpCoreTS", "Computer": "DESKTOP-OFJ6N53", "TimeCreated": "2025-08-25 10:03:15.068712+00:00", "RecordID": "182184", "Level": "4", "UserID": "S-1-5-20", "EventData.ChannelName": "Microsoft::Windows::RDS::Graphics", "EventData.TunnelID": "0"}
{"EventID": "148", "Channel": "Microsoft-Windows-RemoteDesktopServices-RdpCoreTS/Operational", "Provider_Name": "Microsoft-Windows-RemoteDesktopServices-RdpCoreTS", "Computer": "DESKTOP-OFJ6N53", "TimeCreated": "2025-08-25 10:03:15.068714+00:00", "RecordID": "182185", "Level": "4", "UserID": "S-1-5-20", "EventData.ChannelName": "ECHO", "EventData.TunnelID": "0"}
{"EventID": "148", "Channel": "Microsoft-Windows-RemoteDesktopServices-RdpCoreTS/Operational", "Provider_Name": "Microsoft-Windows-RemoteDesktopServices-RdpCoreTS", "Computer": "DESKTOP-OFJ6N53", "TimeCreated": "2025-08-25 10:03:15.069130+00:00", "RecordID": "182186", "Level": "4", "UserID": "S-1-5-20", "EventData.ChannelName": "Microsoft::Windows::RDS::Geometry::v08.01", "EventData.TunnelID": "0"}
{"EventID": "228", "Channel": "Microsoft-Windows-RemoteDesktopServices-RdpCoreTS/Operational", "Provider_Name": "Microsoft-Windows-RemoteDesktopServices-RdpCoreTS", "Computer": "DESKTOP-OFJ6N53", "TimeCreated": "2025-08-25 10:03:15.069319+00:00", "RecordID": "182187", "Level": "3", "UserID": "S-1-5-20", "EventData.ComponentName": "CUMRDPConnection", "EventData.Message": "Disconnect trace:'calling spGfxPlugin->PreDisconnect()' in CUMRDPConnection::PreDisconnect at 5076 err=[0x0]", "EventData.ErrorCode": "0"}
{"EventID": "72", "Channel": "Microsoft-Windows-RemoteDesktopServices-RdpCoreTS/Operational", "Provider_Name": "Microsoft-Windows-RemoteDesktopServices-RdpCoreTS", "Computer": "DESKTOP-OFJ6N53", "TimeCreated": "2025-08-25 10:03:15.069323+00:00", "RecordID": "182188", "Level": "4", "UserID": "S-1-5-20", "EventData.MethodName": "PreDisconnect(0)"}
{"EventID": "72", "Channel": "Microsoft-Windows-RemoteDesktopServices-RdpCoreTS/Operational", "Provider_Name": "Microsoft-Windows-RemoteDesktopServices-RdpCoreTS", "Computer": "DESKTOP-OFJ6N53", "TimeCreated": "2025-08-25 10:03:15.069332+00:00", "RecordID": "182189", "Level": "4", "UserID": "S-1-5-20", "EventData.MethodName": "SetErrorInfo(0x0)"}
{"EventID": "148", "Channel": "Microsoft-Windows-RemoteDesktopServices-RdpCoreTS/Operational", "Provider_Name": "Microsoft-Windows-RemoteDesktopServices-RdpCoreTS", "Computer": "DESKTOP-OFJ6N53", "TimeCreated": "2025-08-25 10:03:15.069565+00:00", "RecordID": "182190", "Level": "4", "UserID": "S-1-5-20", "EventData.ChannelName": "Microsoft::Windows::RDS::DisplayControl", "EventData.TunnelID": "0"}
{"EventID": "148", "Channel": "Microsoft-Windows-RemoteDesktopServices-RdpCoreTS/Operational", "Provider_Name": "Microsoft-Windows-RemoteDesktopServices-RdpCoreTS", "Computer": "DESKTOP-OFJ6N53", "TimeCreated": "2025-08-25 10:03:15.069981+00:00", "RecordID": "182191", "Level": "4", "UserID": "S-1-5-20", "EventData.ChannelName": "rdpdr", "EventData.TunnelID": "0"}
{"EventID": "148", "Channel": "Microsoft-Windows-RemoteDesktopServices-RdpCoreTS/Operational", "Provider_Name": "Microsoft-Windows-RemoteDesktopServices-RdpCoreTS", "Computer": "DESKTOP-OFJ6N53", "TimeCreated": "2025-08-25 10:03:15.070339+00:00", "RecordID": "182192", "Level": "4", "UserID": "S-1-5-20", "EventData.ChannelName": "rdpsnd", "EventData.TunnelID": "0"}
{"EventID": "148", "Channel": "Microsoft-Windows-RemoteDesktopServices-RdpCoreTS/Operational", "Provider_Name": "Microsoft-Windows-RemoteDesktopServices-RdpCoreTS", "Computer": "DESKTOP-OFJ6N53", "TimeCreated": "2025-08-25 10:03:15.070869+00:00", "RecordID": "182193", "Level": "4", "UserID": "S-1-5-20", "EventData.ChannelName": "cliprdr", "EventData.TunnelID": "0"}
{"EventID": "72", "Channel": "Microsoft-Windows-RemoteDesktopServices-RdpCoreTS/Operational", "Provider_Name": "Microsoft-Windows-RemoteDesktopServices-RdpCoreTS", "Computer": "DESKTOP-OFJ6N53", "TimeCreated": "2025-08-25 10:03:15.877583+00:00", "RecordID": "182194", "Level": "4", "UserID": "S-1-5-20", "EventData.MethodName": "DisconnectNotify"}
{"EventID": "72", "Channel": "Microsoft-Windows-RemoteDesktopServices-RdpCoreTS/Operational", "Provider_Name": "Microsoft-Windows-RemoteDesktopServices-RdpCoreTS", "Computer": "DESKTOP-OFJ6N53", "TimeCreated": "2025-08-25 10:03:15.877586+00:00", "RecordID": "182195", "Level": "4", "UserID": "S-1-5-20", "EventData.MethodName": "GetServerAutoReconnectInfo"}
{"EventID": "72", "Channel": "Microsoft-Windows-RemoteDesktopServices-RdpCoreTS/Operational", "Provider_Name": "Microsoft-Windows-RemoteDesktopServices-RdpCoreTS", "Computer": "DESKTOP-OFJ6N53", "TimeCreated": "2025-08-25 10:03:15.878000+00:00", "RecordID": "182196", "Level": "4", "UserID": "S-1-5-20", "EventData.MethodName": "GetServerAutoReconnectInfo"}
{"EventID": "103", "Channel": "Microsoft-Windows-RemoteDesktopServices-RdpCoreTS/Operational", "Provider_Name": "Microsoft-Windows-RemoteDesktopServices-RdpCoreTS", "Computer": "DESKTOP-OFJ6N53", "TimeCreated": "2025-08-25 10:03:15.878002+00:00", "RecordID": "182197", "Level": "4", "UserID": "S-1-5-20", "EventData.ReasonCode": "13"}
{"EventID": "131", "Channel": "Microsoft-Windows-RemoteDesktopServices-RdpCoreTS/Operational", "Provider_Name": "Microsoft-Windows-RemoteDesktopServices-RdpCoreTS", "Computer": "DESKTOP-OFJ6N53", "TimeCreated": "2025-08-25 10:31:48.484085+00:00", "RecordID": "182198", "Level": "4", "UserID": "S-1-5-20", "EventData.ConnType": "TCP", "EventData.ClientIP": "10.31.228.152:49462"}
{"EventID": "65", "Channel": "Microsoft-Windows-RemoteDesktopServices-RdpCoreTS/Operational", "Provider_Name": "Microsoft-Windows-RemoteDesktopServices-RdpCoreTS", "Computer": "DESKTOP-OFJ6N53", "TimeCreated": "2025-08-25 10:31:48.488085+00:00", "RecordID": "182199", "Level": "4", "UserID": "S-1-5-20", "EventData.ConnectionName": "RDP-Tcp#2"}
{"EventID": "72", "Channel": "Microsoft-Windows-RemoteDesktopServices-RdpCoreTS/Operational", "Provider_Name": "Microsoft-Windows-RemoteDesktopServices-RdpCoreTS", "Computer": "DESKTOP-OFJ6N53", "TimeCreated": "2025-08-25 10:31:48.490246+00:00", "RecordID": "182200", "Level": "4", "UserID": "S-1-5-20", "EventData.MethodName": "PrepareForAccept"}
{"EventID": "72", "Channel": "Microsoft-Windows-RemoteDesktopServices-RdpCoreTS/Operational", "Provider_Name": "Microsoft-Windows-RemoteDesktopServices-RdpCoreTS", "Computer": "DESKTOP-OFJ6N53", "TimeCreated": "2025-08-25 10:31:48.490257+00:00", "RecordID": "182201", "Level": "4", "UserID": "S-1-5-20", "EventData.MethodName": "SendPolicyData"}
{"EventID": "141", "Channel": "Microsoft-Windows-RemoteDesktopServices-RdpCoreTS/Operational", "Provider_Name": "Microsoft-Windows-RemoteDesktopServices-RdpCoreTS", "Computer": "DESKTOP-OFJ6N53", "TimeCreated": "2025-08-25 10:31:48.491434+00:00", "RecordID": "182202", "Level": "4", "UserID": "S-1-5-20", "EventData.InstanceID": "2"}
{"EventID": "101", "Channel": "Microsoft-Windows-RemoteDesktopServices-RdpCoreTS/Operational", "Provider_Name": "Microsoft-Windows-RemoteDesktopServices-RdpCoreTS", "Computer": "DESKTOP-OFJ6N53", "TimeCreated": "2025-08-25 10:31:50.687317+00:00", "RecordID": "182203", "Level": "3", "UserID": "S-1-5-20", "EventData.ReasonString": "Reason Code: 2(Server Configuration)."}
{"EventID": "132", "Channel": "Microsoft-Windows-RemoteDesktopServices-RdpCoreTS/Operational", "Provider_Name": "Microsoft-Windows-RemoteDesktopServices-RdpCoreTS", "Computer": "DESKTOP-OFJ6N53", "TimeCreated": "2025-08-25 10:31:50.687334+00:00", "RecordID": "182204", "Level": "4", "UserID": "S-1-5-20", "EventData.ChannelName": "rdplic", "EventData.TunnelID": "0"}
{"EventID": "132", "Channel": "Microsoft-Windows-RemoteDesktopServices-RdpCoreTS/Operational", "Provider_Name": "Microsoft-Windows-RemoteDesktopServices-RdpCoreTS", "Computer": "DESKTOP-OFJ6N53", "TimeCreated": "2025-08-25 10:31:50.687338+00:00", "RecordID": "182205", "Level": "4", "UserID": "S-1-5-20", "EventData.ChannelName": "rdpcmd", "EventData.TunnelID": "0"}
{"EventID": "72", "Channel": "Microsoft-Windows-RemoteDesktopServices-RdpCoreTS/Operational", "Provider_Name": "Microsoft-Windows-RemoteDesktopServices-RdpCoreTS", "Computer": "DESKTOP-OFJ6N53", "TimeCreated": "2025-08-25 10:31:50.687376+00:00", "RecordID": "182206", "Level": "4", "UserID": "S-1-5-20", "EventData.MethodName": "OnStartLicensing"}
{"EventID": "72", "Channel": "Microsoft-Windows-RemoteDesktopServices-RdpCoreTS/Operational", "Provider_Name": "Microsoft-Windows-RemoteDesktopServices-RdpCoreTS", "Computer": "DESKTOP-OFJ6N53", "TimeCreated": "2025-08-25 10:31:50.687416+00:00", "RecordID": "182207", "Level": "4", "UserID": "S-1-5-20", "EventData.MethodName": "AcceptConnection"}
{"EventID": "104", "Channel": "Microsoft-Windows-RemoteDesktopServices-RdpCoreTS/Operational", "Provider_Name": "Microsoft-Windows-RemoteDesktopServices-RdpCoreTS", "Computer": "DESKTOP-OFJ6N53", "TimeCreated": "2025-08-25 10:31:50.687571+00:00", "RecordID": "182208", "Level": "4", "UserID": "S-1-5-20", "EventData.TimezoneBiasHour": "[3]"}
{"EventID": "71", "Channel": "Microsoft-Windows-RemoteDesktopServices-RdpCoreTS/Operational", "Provider_Name": "Microsoft-Windows-RemoteDesktopServices-RdpCoreTS", "Computer": "DESKTOP-OFJ6N53", "TimeCreated": "2025-08-25 10:31:50.687574+00:00", "RecordID": "182209", "Level": "4", "UserID": "S-1-5-20", "EventData.ConnectionName": "RDP-Tcp#2", "EventData.DisplayDriverName": "RDPUDD"}
{"EventID": "227", "Channel": "Microsoft-Windows-RemoteDesktopServices-RdpCoreTS/Operational", "Provider_Name": "Microsoft-Windows-RemoteDesktopServices-RdpCoreTS", "Computer": "DESKTOP-OFJ6N53", "TimeCreated": "2025-08-25 10:31:50.687620+00:00", "RecordID": "182210", "Level": "2", "UserID": "S-1-5-20", "EventData.Name": "CUMRDPConnection", "EventData.Value": "2147500033", "EventData.CustomLevel": "'Failed GetConnectionProperty' in CUMRDPConnection::QueryProperty at 3347 err=[0x80004001]"}
{"EventID": "72", "Channel": "Microsoft-Windows-RemoteDesktopServices-RdpCoreTS/Operational", "Provider_Name": "Microsoft-Windows-RemoteDesktopServices-RdpCoreTS", "Computer": "DESKTOP-OFJ6N53", "TimeCreated": "2025-08-25 10:31:50.687624+00:00", "RecordID": "182211", "Level": "4", "UserID": "S-1-5-20", "EventData.MethodName": "GetSecurityFilterCreds"}
{"EventID": "72", "Channel": "Microsoft-Windows-RemoteDesktopServices-RdpCoreTS/Operational", "Provider_Name": "Microsoft-Windows-RemoteDesktopServices-RdpCoreTS", "Computer": "DESKTOP-OFJ6N53", "TimeCreated": "2025-08-25 10:31:50.731155+00:00", "RecordID": "182212", "Level": "4", "UserID": "S-1-5-20", "EventData.MethodName": "SendClientLicense"}
{"EventID": "72", "Channel": "Microsoft-Windows-RemoteDesktopServices-RdpCoreTS/Operational", "Provider_Name": "Microsoft-Windows-RemoteDesktopServices-RdpCoreTS", "Computer": "DESKTOP-OFJ6N53", "TimeCreated": "2025-08-25 10:31:50.731245+00:00", "RecordID": "182213", "Level": "4", "UserID": "S-1-5-20", "EventData.MethodName": "ProtocolComplete"}
{"EventID": "98", "Channel": "Microsoft-Windows-RemoteDesktopServices-RdpCoreTS/Operational", "Provider_Name": "Microsoft-Windows-RemoteDesktopServices-RdpCoreTS", "Computer": "DESKTOP-OFJ6N53", "TimeCreated": "2025-08-25 10:31:50.731363+00:00", "RecordID": "182214", "Level": "4", "UserID": "S-1-5-20"}
{"EventID": "100", "Channel": "Microsoft-Windows-RemoteDesktopServices-RdpCoreTS/Operational", "Provider_Name": "Microsoft-Windows-RemoteDesktopServices-RdpCoreTS", "Computer": "DESKTOP-OFJ6N53", "TimeCreated": "2025-08-25 10:31:50.731365+00:00", "RecordID": "182215", "Level": "4", "UserID": "S-1-5-20"}
{"EventID": "135", "Channel": "Microsoft-Windows-RemoteDesktopServices-RdpCoreTS/Operational", "Provider_Name": "Microsoft-Windows-RemoteDesktopServices-RdpCoreTS", "Computer": "DESKTOP-OFJ6N53", "TimeCreated": "2025-08-25 10:31:50.731377+00:00", "RecordID": "182216", "Level": "4", "UserID": "S-1-5-20", "EventData.TunnelID": "1", "EventData.TransportType": "TCP: Reason Code: 1 (No Client UDP Support)"}
{"EventID": "135", "Channel": "Microsoft-Windows-RemoteDesktopServices-RdpCoreTS/Operational", "Provider_Name": "Microsoft-Windows-RemoteDesktopServices-RdpCoreTS", "Computer": "DESKTOP-OFJ6N53", "TimeCreated": "2025-08-25 10:31:50.731380+00:00", "RecordID": "182217", "Level": "4", "UserID": "S-1-5-20", "EventData.TunnelID": "3", "EventData.TransportType": "TCP: Reason Code: 2 (Forced by Server Configuration)"}
{"EventID": "72", "Channel": "Microsoft-Windows-RemoteDesktopServices-RdpCoreTS/Operational", "Provider_Name": "Microsoft-Windows-RemoteDesktopServices-RdpCoreTS", "Computer": "DESKTOP-OFJ6N53", "TimeCreated": "2025-08-25 10:31:50.731821+00:00", "RecordID": "182218", "Level": "4", "UserID": "S-1-5-20", "EventData.MethodName": "AuthenticateClientToSession"}
{"EventID": "66", "Channel": "Microsoft-Windows-RemoteDesktopServices-RdpCoreTS/Operational", "Provider_Name": "Microsoft-Windows-RemoteDesktopServices-RdpCoreTS", "Computer": "DESKTOP-OFJ6N53", "TimeCreated": "2025-08-25 10:31:51.013807+00:00", "RecordID": "182219", "Level": "4", "UserID": "S-1-5-20", "EventData.ConnectionName": "RDP-Tcp#2", "EventData.SessionID": "1"}
{"EventID": "132", "Channel": "Microsoft-Windows-RemoteDesktopServices-RdpCoreTS/Operational", "Provider_Name": "Microsoft-Windows-RemoteDesktopServices-RdpCoreTS", "Computer": "DESKTOP-OFJ6N53", "TimeCreated": "2025-08-25 10:31:51.020178+00:00", "RecordID": "182220", "Level": "4", "UserID": "S-1-5-20", "EventData.ChannelName": "rdpgrfx", "EventData.TunnelID": "0"}
{"EventID": "33", "Channel": "Microsoft-Windows-RemoteDesktopServices-RdpCoreTS/Operational", "Provider_Name": "Microsoft-Windows-RemoteDesktopServices-RdpCoreTS", "Computer": "DESKTOP-OFJ6N53", "TimeCreated": "2025-08-25 10:31:51.021950+00:00", "RecordID": "182221", "Level": "4", "UserID": "S-1-5-20"}
{"EventID": "132", "Channel": "Microsoft-Windows-RemoteDesktopServices-RdpCoreTS/Operational", "Provider_Name": "Microsoft-Windows-RemoteDesktopServices-RdpCoreTS", "Computer": "DESKTOP-OFJ6N53", "TimeCreated": "2025-08-25 10:31:51.108618+00:00", "RecordID": "182222", "Level": "4", "UserID": "S-1-5-20", "EventData.ChannelName": "rdpinpt", "EventData.TunnelID": "0"}
{"EventID": "169", "Channel": "Microsoft-Windows-RemoteDesktopServices-RdpCoreTS/Operational", "Provider_Name": "Microsoft-Windows-RemoteDesktopServices-RdpCoreTS", "Computer": "DESKTOP-OFJ6N53", "TimeCreated": "2025-08-25 10:31:51.108940+00:00", "RecordID": "182223", "Level": "4", "UserID": "S-1-5-20", "EventData.MajorType": "6", "EventData.MinorType": "0", "EventData.ServerName": "DESKTOP-OFJ6N53"}
{"EventID": "72", "Channel": "Microsoft-Windows-RemoteDesktopServices-RdpCoreTS/Operational", "Provider_Name": "Microsoft-Windows-RemoteDesktopServices-RdpCoreTS", "Computer": "DESKTOP-OFJ6N53", "TimeCreated": "2025-08-25 10:31:51.109098+00:00", "RecordID": "182224", "Level": "4", "UserID": "S-1-5-20", "EventData.MethodName": "OnConnected"}
{"EventID": "72", "Channel": "Microsoft-Windows-RemoteDesktopServices-RdpCoreTS/Operational", "Provider_Name": "Microsoft-Windows-RemoteDesktopServices-RdpCoreTS", "Computer": "DESKTOP-OFJ6N53", "TimeCreated": "2025-08-25 10:31:51.109102+00:00", "RecordID": "182225", "Level": "4", "UserID": "S-1-5-20", "EventData.MethodName": "OnReady"}
{"EventID": "132", "Channel": "Microsoft-Windows-RemoteDesktopServices-RdpCoreTS/Operational", "Provider_Name": "Microsoft-Windows-RemoteDesktopServices-RdpCoreTS", "Computer": "DESKTOP-OFJ6N53", "TimeCreated": "2025-08-25 10:31:51.159567+00:00", "RecordID": "182226", "Level": "4", "UserID": "S-1-5-20", "EventData.ChannelName": "Microsoft::Windows::RDS::Telemetry", "EventData.TunnelID": "0"}
{"EventID": "132", "Channel": "Microsoft-Windows-RemoteDesktopServices-RdpCoreTS/Operational", "Provider_Name": "Microsoft-Windows-RemoteDesktopServices-RdpCoreTS", "Computer": "DESKTOP-OFJ6N53", "TimeCreated": "2025-08-25 10:31:51.159729+00:00", "RecordID": "182227", "Level": "4", "UserID": "S-1-5-20", "EventData.ChannelName": "Microsoft::Windows::RDS::Graphics", "EventData.TunnelID": "0"}
{"EventID": "162", "Channel": "Microsoft-Windows-RemoteDesktopServices-RdpCoreTS/Operational", "Provider_Name": "Microsoft-Windows-RemoteDesktopServices-RdpCoreTS", "Computer": "DESKTOP-OFJ6N53", "TimeCreated": "2025-08-25 10:31:51.160675+00:00", "RecordID": "182228", "Level": "4", "UserID": "S-1-5-20", "EventData.Version": "0x000a0400", "EventData.ClientMode": "2", "EventData.AvcEnabled": "1", "EventData.ProfileIdNum": "2", "EventData.ServerName": "DESKTOP-OFJ6N53"}
{"EventID": "72", "Channel": "Microsoft-Windows-RemoteDesktopServices-RdpCoreTS/Operational", "Provider_Name": "Microsoft-Windows-RemoteDesktopServices-RdpCoreTS", "Computer": "DESKTOP-OFJ6N53", "TimeCreated": "2025-08-25 10:31:51.191931+00:00", "RecordID": "182229", "Level": "4", "UserID": "S-1-5-20", "EventData.MethodName": "ConnectNotify(SessionId=1)"}
{"EventID": "148", "Channel": "Microsoft-Windows-RemoteDesktopServices-RdpCoreTS/Operational", "Provider_Name": "Microsoft-Windows-RemoteDesktopServices-RdpCoreTS", "Computer": "DESKTOP-OFJ6N53", "TimeCreated": "2025-08-25 10:31:51.201338+00:00", "RecordID": "182230", "Level": "4", "UserID": "S-1-5-20", "EventData.ChannelName": "Microsoft::Windows::RDS::Video::Control::v08.01", "EventData.TunnelID": "0"}
{"EventID": "148", "Channel": "Microsoft-Windows-RemoteDesktopServices-RdpCoreTS/Operational", "Provider_Name": "Microsoft-Windows-RemoteDesktopServices-RdpCoreTS", "Computer": "DESKTOP-OFJ6N53", "TimeCreated": "2025-08-25 10:31:51.201351+00:00", "RecordID": "182231", "Level": "4", "UserID": "S-1-5-20", "EventData.ChannelName": "Microsoft::Windows::RDS::Video::Data::v08.01", "EventData.TunnelID": "0"}
{"EventID": "132", "Channel": "Microsoft-Windows-RemoteDesktopServices-RdpCoreTS/Operational", "Provider_Name": "Microsoft-Windows-RemoteDesktopServices-RdpCoreTS", "Computer": "DESKTOP-OFJ6N53", "TimeCreated": "2025-08-25 10:31:51.243685+00:00", "RecordID": "182232", "Level": "4", "UserID": "S-1-5-20", "EventData.ChannelName": "rdpdr", "EventData.TunnelID": "0"}
{"EventID": "148", "Channel": "Microsoft-Windows-RemoteDesktopServices-RdpCoreTS/Operational", "Provider_Name": "Microsoft-Windows-RemoteDesktopServices-RdpCoreTS", "Computer": "DESKTOP-OFJ6N53", "TimeCreated": "2025-08-25 10:31:51.251003+00:00", "RecordID": "182233", "Level": "4", "UserID": "S-1-5-20", "EventData.ChannelName": "Microsoft::Windows::RDS::Geometry::v08.01", "EventData.TunnelID": "0"}
{"EventID": "132", "Channel": "Microsoft-Windows-RemoteDesktopServices-RdpCoreTS/Operational", "Provider_Name": "Microsoft-Windows-RemoteDesktopServices-RdpCoreTS", "Computer": "DESKTOP-OFJ6N53", "TimeCreated": "2025-08-25 10:31:51.338268+00:00", "RecordID": "182234", "Level": "4", "UserID": "S-1-5-20", "EventData.ChannelName": "AUDIO_PLAYBACK_DVC", "EventData.TunnelID": "0"}
{"EventID": "148", "Channel": "Microsoft-Windows-RemoteDesktopServices-RdpCoreTS/Operational", "Provider_Name": "Microsoft-Windows-RemoteDesktopServices-RdpCoreTS", "Computer": "DESKTOP-OFJ6N53", "TimeCreated": "2025-08-25 10:31:51.338404+00:00", "RecordID": "182235", "Level": "4", "UserID": "S-1-5-20", "EventData.ChannelName": "AUDIO_PLAYBACK_DVC", "EventData.TunnelID": "0"}
{"EventID": "227", "Channel": "Microsoft-Windows-RemoteDesktopServices-RdpCoreTS/Operational", "Provider_Name": "Microsoft-Windows-RemoteDesktopServices-RdpCoreTS", "Computer": "DESKTOP-OFJ6N53", "TimeCreated": "2025-08-25 10:31:51.339108+00:00", "RecordID": "182236", "Level": "2", "UserID": "S-1-5-20", "EventData.Name": "CUMRDPConnection", "EventData.Value": "3489660929", "EventData.CustomLevel": "'Failed CreateVirtualChannel call on this Connections Stack' in CUMRDPConnection::CreateVirtualChannel at 2961 err=[0xd0000001]"}
{"EventID": "227", "Channel": "Microsoft-Windows-RemoteDesktopServices-RdpCoreTS/Operational", "Provider_Name": "Microsoft-Windows-RemoteDesktopServices-RdpCoreTS", "Computer": "DESKTOP-OFJ6N53", "TimeCreated": "2025-08-25 10:31:51.603516+00:00", "RecordID": "182237", "Level": "2", "UserID": "S-1-5-20", "EventData.Name": "CUMRDPConnection", "EventData.Value": "3489660929", "EventData.CustomLevel": "'Failed CreateVirtualChannel call on this Connections Stack' in CUMRDPConnection::CreateVirtualChannel at 2961 err=[0xd0000001]"}
{"EventID": "148", "Channel": "Microsoft-Windows-RemoteDesktopServices-RdpCoreTS/Operational", "Provider_Name": "Microsoft-Windows-RemoteDesktopServices-RdpCoreTS", "Computer": "DESKTOP-OFJ6N53", "TimeCreated": "2025-08-25 10:31:51.603840+00:00", "RecordID": "182238", "Level": "4", "UserID": "S-1-5-20", "EventData.ChannelName": "AUDIO_PLAYBACK_DVC", "EventData.TunnelID": "0"}
{"EventID": "132", "Channel": "Microsoft-Windows-RemoteDesktopServices-RdpCoreTS/Operational", "Provider_Name": "Microsoft-Windows-RemoteDesktopServices-RdpCoreTS", "Computer": "DESKTOP-OFJ6N53", "TimeCreated": "2025-08-25 10:31:51.604521+00:00", "RecordID": "182239", "Level": "4", "UserID": "S-1-5-20", "EventData.ChannelName": "AUDIO_PLAYBACK_DVC", "EventData.TunnelID": "0"}
{"EventID": "132", "Channel": "Microsoft-Windows-RemoteDesktopServices-RdpCoreTS/Operational", "Provider_Name": "Microsoft-Windows-RemoteDesktopServices-RdpCoreTS", "Computer": "DESKTOP-OFJ6N53", "TimeCreated": "2025-08-25 10:31:51.615911+00:00", "RecordID": "182240", "Level": "4", "UserID": "S-1-5-20", "EventData.ChannelName": "rdpsnd", "EventData.TunnelID": "0"}
{"EventID": "132", "Channel": "Microsoft-Windows-RemoteDesktopServices-RdpCoreTS/Operational", "Provider_Name": "Microsoft-Windows-RemoteDesktopServices-RdpCoreTS", "Computer": "DESKTOP-OFJ6N53", "TimeCreated": "2025-08-25 10:31:51.678621+00:00", "RecordID": "182241", "Level": "4", "UserID": "S-1-5-20", "EventData.ChannelName": "Microsoft::Windows::RDS::Input", "EventData.TunnelID": "0"}
{"EventID": "148", "Channel": "Microsoft-Windows-RemoteDesktopServices-RdpCoreTS/Operational", "Provider_Name": "Microsoft-Windows-RemoteDesktopServices-RdpCoreTS", "Computer": "DESKTOP-OFJ6N53", "TimeCreated": "2025-08-25 10:31:51.678890+00:00", "RecordID": "182242", "Level": "4", "UserID": "S-1-5-20", "EventData.ChannelName": "Microsoft::Windows::RDS::Input", "EventData.TunnelID": "0"}
{"EventID": "227", "Channel": "Microsoft-Windows-RemoteDesktopServices-RdpCoreTS/Operational", "Provider_Name": "Microsoft-Windows-RemoteDesktopServices-RdpCoreTS", "Computer": "DESKTOP-OFJ6N53", "TimeCreated": "2025-08-25 10:31:51.679062+00:00", "RecordID": "182243", "Level": "2", "UserID": "S-1-5-20", "EventData.Name": "CUMRDPConnection", "EventData.Value": "3489660929", "EventData.CustomLevel": "'Failed CreateVirtualChannel call on this Connections Stack' in CUMRDPConnection::CreateVirtualChannel at 2961 err=[0xd0000001]"}
{"EventID": "132", "Channel": "Microsoft-Windows-RemoteDesktopServices-RdpCoreTS/Operational", "Provider_Name": "Microsoft-Windows-RemoteDesktopServices-RdpCoreTS", "Computer": "DESKTOP-OFJ6N53", "TimeCreated": "2025-08-25 10:31:52.019388+00:00", "RecordID": "182244", "Level": "4", "UserID": "S-1-5-20", "EventData.ChannelName": "Microsoft::Windows::RDS::Geometry::v08.01", "EventData.TunnelID": "0"}
{"EventID": "132", "Channel": "Microsoft-Windows-RemoteDesktopServices-RdpCoreTS/Operational", "Provider_Name": "Microsoft-Windows-RemoteDesktopServices-RdpCoreTS", "Computer": "DESKTOP-OFJ6N53", "TimeCreated": "2025-08-25 10:31:52.036488+00:00", "RecordID": "182245", "Level": "4", "UserID": "S-1-5-20", "EventData.ChannelName": "cliprdr", "EventData.TunnelID": "0"}
{"EventID": "148", "Channel": "Microsoft-Windows-RemoteDesktopServices-RdpCoreTS/Operational", "Provider_Name": "Microsoft-Windows-RemoteDesktopServices-RdpCoreTS", "Computer": "DESKTOP-OFJ6N53", "TimeCreated": "2025-08-25 10:31:52.070419+00:00", "RecordID": "182246", "Level": "4", "UserID": "S-1-5-20", "EventData.ChannelName": "Microsoft::Windows::RDS::Geometry::v08.01", "EventData.TunnelID": "0"}
{"EventID": "227", "Channel": "Microsoft-Windows-RemoteDesktopServices-RdpCoreTS/Operational", "Provider_Name": "Microsoft-Windows-RemoteDesktopServices-RdpCoreTS", "Computer": "DESKTOP-OFJ6N53", "TimeCreated": "2025-08-25 10:31:52.108313+00:00", "RecordID": "182247", "Level": "2", "UserID": "S-1-5-20", "EventData.Name": "CUMRDPConnection", "EventData.Value": "2147500033", "EventData.CustomLevel": "'Failed GetConnectionProperty' in CUMRDPConnection::QueryProperty at 3347 err=[0x80004001]"}
{"EventID": "132", "Channel": "Microsoft-Windows-RemoteDesktopServices-RdpCoreTS/Operational", "Provider_Name": "Microsoft-Windows-RemoteDesktopServices-RdpCoreTS", "Computer": "DESKTOP-OFJ6N53", "TimeCreated": "2025-08-25 10:31:52.396168+00:00", "RecordID": "182248", "Level": "4", "UserID": "S-1-5-20", "EventData.ChannelName": "Microsoft::Windows::RDS::DisplayControl", "EventData.TunnelID": "0"}
{"EventID": "132", "Channel": "Microsoft-Windows-RemoteDesktopServices-RdpCoreTS/Operational", "Provider_Name": "Microsoft-Windows-RemoteDesktopServices-RdpCoreTS", "Computer": "DESKTOP-OFJ6N53", "TimeCreated": "2025-08-25 10:31:52.396198+00:00", "RecordID": "182249", "Level": "4", "UserID": "S-1-5-20", "EventData.ChannelName": "RDCamera_Device_Enumerator", "EventData.TunnelID": "0"}
{"EventID": "227", "Channel": "Microsoft-Windows-RemoteDesktopServices-RdpCoreTS/Operational", "Provider_Name": "Microsoft-Windows-RemoteDesktopServices-RdpCoreTS", "Computer": "DESKTOP-OFJ6N53", "TimeCreated": "2025-08-25 10:31:52.396692+00:00", "RecordID": "182250", "Level": "2", "UserID": "S-1-5-20", "EventData.Name": "CUMRDPConnection", "EventData.Value": "3489660929", "EventData.CustomLevel": "'Failed CreateVirtualChannel call on this Connections Stack' in CUMRDPConnection::CreateVirtualChannel at 2961 err=[0xd0000001]"}
{"EventID": "148", "Channel": "Microsoft-Windows-RemoteDesktopServices-RdpCoreTS/Operational", "Provider_Name": "Microsoft-Windows-RemoteDesktopServices-RdpCoreTS", "Computer": "DESKTOP-OFJ6N53", "TimeCreated": "2025-08-25 10:31:52.396915+00:00", "RecordID": "182251", "Level": "4", "UserID": "S-1-5-20", "EventData.ChannelName": "RDCamera_Device_Enumerator", "EventData.TunnelID": "0"}
{"EventID": "132", "Channel": "Microsoft-Windows-RemoteDesktopServices-RdpCoreTS/Operational", "Provider_Name": "Microsoft-Windows-RemoteDesktopServices-RdpCoreTS", "Computer": "DESKTOP-OFJ6N53", "TimeCreated": "2025-08-25 10:31:52.495356+00:00", "RecordID": "182252", "Level": "4", "UserID": "S-1-5-20", "EventData.ChannelName": "Microsoft::Windows::RDS::Geometry::v08.01", "EventData.TunnelID": "0"}
{"EventID": "168", "Channel": "Microsoft-Windows-RemoteDesktopServices-RdpCoreTS/Operational", "Provider_Name": "Microsoft-Windows-RemoteDesktopServices-RdpCoreTS", "Computer": "DESKTOP-OFJ6N53", "TimeCreated": "2025-08-25 10:31:53.792929+00:00", "RecordID": "182253", "Level": "4", "UserID": "S-1-5-20", "EventData.MonitorNum": "0", "EventData.MonitorWidth": "1710", "EventData.MonitorHeight": "1068", "EventData.MonitorX": "0", "EventData.MonitorY": "0", "EventData.ServerName": "DESKTOP-OFJ6N53"}
{"EventID": "72", "Channel": "Microsoft-Windows-RemoteDesktopServices-RdpCoreTS/Operational", "Provider_Name": "Microsoft-Windows-RemoteDesktopServices-RdpCoreTS", "Computer": "DESKTOP-OFJ6N53", "TimeCreated": "2025-08-25 10:31:54.966242+00:00", "RecordID": "182254", "Level": "4", "UserID": "S-1-5-20", "EventData.MethodName": "LogonNotify(SessionId=1)"}
{"EventID": "132", "Channel": "Microsoft-Windows-RemoteDesktopServices-RdpCoreTS/Operational", "Provider_Name": "Microsoft-Windows-RemoteDesktopServices-RdpCoreTS", "Computer": "DESKTOP-OFJ6N53", "TimeCreated": "2025-08-25 10:31:55.582542+00:00", "RecordID": "182255", "Level": "4", "UserID": "S-1-5-20", "EventData.ChannelName": "Microsoft::Windows::RDS::Geometry::v08.01", "EventData.TunnelID": "0"}
