{"EventID": "5320", "Channel": "Microsoft-Windows-GroupPolicy/Operational", "Provider_Name": "Microsoft-Windows-GroupPolicy", "Computer": "DESKTOP-OFJ6N53", "TimeCreated": "2025-08-21 04:30:28.627075+00:00", "RecordID": "894234", "Level": "4", "UserID": "S-1-5-18", "EventData.InfoDescription": "%%4166"}
{"EventID": "5117", "Channel": "Microsoft-Windows-GroupPolicy/Operational", "Provider_Name": "Microsoft-Windows-GroupPolicy", "Computer": "DESKTOP-OFJ6N53", "TimeCreated": "2025-08-21 04:30:28.627970+00:00", "RecordID": "894235", "Level": "4", "UserID": "S-1-5-18", "EventData.IsMachine": "False", "EventData.SessionTimeElapsedInMilliseconds": "15"}
{"EventID": "5321", "Channel": "Microsoft-Windows-GroupPolicy/Operational", "Provider_Name": "Microsoft-Windows-GroupPolicy", "Computer": "DESKTOP-OFJ6N53", "TimeCreated": "2025-08-21 04:30:28.628407+00:00", "RecordID": "894236", "Level": "4", "UserID": "S-1-5-18", "EventData.InfoDescription": "%%4167", "EventData.OperationParameter1": "8948b73e-e983-4778-83a3-ca953dc9c246"}
{"EventID": "5117", "Channel": "Microsoft-Windows-GroupPolicy/Operational", "Provider_Name": "Microsoft-Windows-GroupPolicy", "Computer": "DESKTOP-OFJ6N53", "TimeCreated": "2025-08-21 04:30:28.628954+00:00", "RecordID": "894237", "Level": "4", "UserID": "S-1-5-18", "EventData.IsMachine": "True", "EventData.SessionTimeElapsedInMilliseconds": "15"}
{"EventID": "4116", "Channel": "Microsoft-Windows-GroupPolicy/Operational", "Provider_Name": "Microsoft-Windows-GroupPolicy", "Computer": "DESKTOP-OFJ6N53", "TimeCreated": "2025-08-21 04:45:28.685125+00:00", "RecordID": "894238", "Level": "4", "UserID": "S-1-5-18"}
{"EventID": "4115", "Channel": "Microsoft-Windows-GroupPolicy/Operational", "Provider_Name": "Microsoft-Windows-GroupPolicy", "Computer": "DESKTOP-OFJ6N53", "TimeCreated": "2025-08-21 04:45:28.687998+00:00", "RecordID": "894239", "Level": "4", "UserID": "S-1-5-18", "EventData.IsServiceRestart": "True", "EventData.IsMachineBoot": "False"}
{"EventID": "5324", "Channel": "Microsoft-Windows-GroupPolicy/Operational", "Provider_Name": "Microsoft-Windows-GroupPolicy", "Computer": "DESKTOP-OFJ6N53", "TimeCreated": "2025-08-21 04:45:28.688406+00:00", "RecordID": "894240", "Level": "4", "UserID": "S-1-5-18", "EventData.NotificationType": "0", "EventData.SessionId": "0"}
{"EventID": "5351", "Channel": "Microsoft-Windows-GroupPolicy/Operational", "Provider_Name": "Microsoft-Windows-GroupPolicy", "Computer": "DESKTOP-OFJ6N53", "TimeCreated": "2025-08-21 04:45:28.688452+00:00", "RecordID": "894241", "Level": "4", "UserID": "S-1-5-18", "EventData.IsMachine": "False", "EventData.WinlogonReturnTimeElapsedInMilliseconds": "0"}
{"EventID": "4117", "Channel": "Microsoft-Windows-GroupPolicy/Operational", "Provider_Name": "Microsoft-Windows-GroupPolicy", "Computer": "DESKTOP-OFJ6N53", "TimeCreated": "2025-08-21 04:45:28.689573+00:00", "RecordID": "894242", "Level": "4", "UserID": "S-1-5-18", "EventData.IsMachine": "True", "EventData.IsBackgroundProcessing": "True", "EventData.IsAsyncProcessing": "False"}
{"EventID": "5351", "Channel": "Microsoft-Windows-GroupPolicy/Operational", "Provider_Name": "Microsoft-Windows-GroupPolicy", "Computer": "DESKTOP-OFJ6N53", "TimeCreated": "2025-08-21 04:45:28.691315+00:00", "RecordID": "894243", "Level": "4", "UserID": "S-1-5-18", "EventData.IsMachine": "False", "EventData.WinlogonReturnTimeElapsedInMilliseconds": "0"}
{"EventID": "4117", "Channel": "Microsoft-Windows-GroupPolicy/Operational", "Provider_Name": "Microsoft-Windows-GroupPolicy", "Computer": "DESKTOP-OFJ6N53", "TimeCreated": "2025-08-21 04:45:28.692822+00:00", "RecordID": "894244", "Level": "4", "UserID": "S-1-5-18", "EventData.IsMachine": "False", "EventData.IsBackgroundProcessing": "True", "EventData.IsAsyncProcessing": "False"}
{"EventID": "5116", "Channel": "Microsoft-Windows-GroupPolicy/Operational", "Provider_Name": "Microsoft-Windows-GroupPolicy", "Computer": "DESKTOP-OFJ6N53", "TimeCreated": "2025-08-21 04:45:28.693316+00:00", "RecordID": "894245", "Level": "4", "UserID": "S-1-5-18", "EventData.GpsvcInitTimeElapsedInMilliseconds": "16"}
{"EventID": "5320", "Channel": "Microsoft-Windows-GroupPolicy/Operational", "Provider_Name": "Microsoft-Windows-GroupPolicy", "Computer": "DESKTOP-OFJ6N53", "TimeCreated": "2025-08-21 04:45:28.693899+00:00", "RecordID": "894246", "Level": "4", "UserID": "S-1-5-18", "EventData.InfoDescription": "%%4168"}
{"EventID": "5320", "Channel": "Microsoft-Windows-GroupPolicy/Operational", "Provider_Name": "Microsoft-Windows-GroupPolicy", "Computer": "DESKTOP-OFJ6N53", "TimeCreated": "2025-08-21 04:45:28.693930+00:00", "RecordID": "894247", "Level": "4", "UserID": "S-1-5-18", "EventData.InfoDescription": "%%4160"}
{"EventID": "5320", "Channel": "Microsoft-Windows-GroupPolicy/Operational", "Provider_Name": "Microsoft-Windows-GroupPolicy", "Computer": "DESKTOP-OFJ6N53", "TimeCreated": "2025-08-21 04:45:28.693930+00:00", "RecordID": "894248", "Level": "4", "UserID": "S-1-5-18", "EventData.InfoDescription": "%%4166"}
{"EventID": "5117", "Channel": "Microsoft-Windows-GroupPolicy/Operational", "Provider_Name": "Microsoft-Windows-GroupPolicy", "Computer": "DESKTOP-OFJ6N53", "TimeCreated": "2025-08-21 04:45:28.694519+00:00", "RecordID": "894249", "Level": "4", "UserID": "S-1-5-18", "EventData.IsMachine": "False", "EventData.SessionTimeElapsedInMilliseconds": "0"}
{"EventID": "5321", "Channel": "Microsoft-Windows-GroupPolicy/Operational", "Provider_Name": "Microsoft-Windows-GroupPolicy", "Computer": "DESKTOP-OFJ6N53", "TimeCreated": "2025-08-21 04:45:28.694544+00:00", "RecordID": "894250", "Level": "4", "UserID": "S-1-5-18", "EventData.InfoDescription": "%%4167", "EventData.OperationParameter1": "291b1b91-11b2-4501-9281-cabe636d4415"}
{"EventID": "5117", "Channel": "Microsoft-Windows-GroupPolicy/Operational", "Provider_Name": "Microsoft-Windows-GroupPolicy", "Computer": "DESKTOP-OFJ6N53", "TimeCreated": "2025-08-21 04:45:28.695499+00:00", "RecordID": "894251", "Level": "4", "UserID": "S-1-5-18", "EventData.IsMachine": "True", "EventData.SessionTimeElapsedInMilliseconds": "0"}
{"EventID": "4116", "Channel": "Microsoft-Windows-GroupPolicy/Operational", "Provider_Name": "Microsoft-Windows-GroupPolicy", "Computer": "DESKTOP-OFJ6N53", "TimeCreated": "2025-08-21 05:00:28.752588+00:00", "RecordID": "894252", "Level": "4", "UserID": "S-1-5-18"}
{"EventID": "4115", "Channel": "Microsoft-Windows-GroupPolicy/Operational", "Provider_Name": "Microsoft-Windows-GroupPolicy", "Computer": "DESKTOP-OFJ6N53", "TimeCreated": "2025-08-21 05:00:28.755714+00:00", "RecordID": "894253", "Level": "4", "UserID": "S-1-5-18", "EventData.IsServiceRestart": "True", "EventData.IsMachineBoot": "False"}
{"EventID": "5324", "Channel": "Microsoft-Windows-GroupPolicy/Operational", "Provider_Name": "Microsoft-Windows-GroupPolicy", "Computer": "DESKTOP-OFJ6N53", "TimeCreated": "2025-08-21 05:00:28.756359+00:00", "RecordID": "894254", "Level": "4", "UserID": "S-1-5-18", "EventData.NotificationType": "0", "EventData.SessionId": "0"}
{"EventID": "5351", "Channel": "Microsoft-Windows-GroupPolicy/Operational", "Provider_Name": "Microsoft-Windows-GroupPolicy", "Computer": "DESKTOP-OFJ6N53", "TimeCreated": "2025-08-21 05:00:28.756435+00:00", "RecordID": "894255", "Level": "4", "UserID": "S-1-5-18", "EventData.IsMachine": "False", "EventData.WinlogonReturnTimeElapsedInMilliseconds": "0"}
{"EventID": "4117", "Channel": "Microsoft-Windows-GroupPolicy/Operational", "Provider_Name": "Microsoft-Windows-GroupPolicy", "Computer": "DESKTOP-OFJ6N53", "TimeCreated": "2025-08-21 05:00:28.757729+00:00", "RecordID": "894256", "Level": "4", "UserID": "S-1-5-18", "EventData.IsMachine": "True", "EventData.IsBackgroundProcessing": "True", "EventData.IsAsyncProcessing": "False"}
{"EventID": "5351", "Channel": "Microsoft-Windows-GroupPolicy/Operational", "Provider_Name": "Microsoft-Windows-GroupPolicy", "Computer": "DESKTOP-OFJ6N53", "TimeCreated": "2025-08-21 05:00:28.760086+00:00", "RecordID": "894257", "Level": "4", "UserID": "S-1-5-18", "EventData.IsMachine": "False", "EventData.WinlogonReturnTimeElapsedInMilliseconds": "0"}
{"EventID": "4117", "Channel": "Microsoft-Windows-GroupPolicy/Operational", "Provider_Name": "Microsoft-Windows-GroupPolicy", "Computer": "DESKTOP-OFJ6N53", "TimeCreated": "2025-08-21 05:00:28.762022+00:00", "RecordID": "894258", "Level": "4", "UserID": "S-1-5-18", "EventData.IsMachine": "False", "EventData.IsBackgroundProcessing": "True", "EventData.IsAsyncProcessing": "False"}
{"EventID": "5116", "Channel": "Microsoft-Windows-GroupPolicy/Operational", "Provider_Name": "Microsoft-Windows-GroupPolicy", "Computer": "DESKTOP-OFJ6N53", "TimeCreated": "2025-08-21 05:00:28.762278+00:00", "RecordID": "894259", "Level": "4", "UserID": "S-1-5-18", "EventData.GpsvcInitTimeElapsedInMilliseconds": "0"}
{"EventID": "5320", "Channel": "Microsoft-Windows-GroupPolicy/Operational", "Provider_Name": "Microsoft-Windows-GroupPolicy", "Computer": "DESKTOP-OFJ6N53", "TimeCreated": "2025-08-21 05:00:28.763138+00:00", "RecordID": "894260", "Level": "4", "UserID": "S-1-5-18", "EventData.InfoDescription": "%%4168"}
{"EventID": "5320", "Channel": "Microsoft-Windows-GroupPolicy/Operational", "Provider_Name": "Microsoft-Windows-GroupPolicy", "Computer": "DESKTOP-OFJ6N53", "TimeCreated": "2025-08-21 05:00:28.763176+00:00", "RecordID": "894261", "Level": "4", "UserID": "S-1-5-18", "EventData.InfoDescription": "%%4160"}
{"EventID": "5320", "Channel": "Microsoft-Windows-GroupPolicy/Operational", "Provider_Name": "Microsoft-Windows-GroupPolicy", "Computer": "DESKTOP-OFJ6N53", "TimeCreated": "2025-08-21 05:00:28.763178+00:00", "RecordID": "894262", "Level": "4", "UserID": "S-1-5-18", "EventData.InfoDescription": "%%4166"}
{"EventID": "5117", "Channel": "Microsoft-Windows-GroupPolicy/Operational", "Provider_Name": "Microsoft-Windows-GroupPolicy", "Computer": "DESKTOP-OFJ6N53", "TimeCreated": "2025-08-21 05:00:28.763830+00:00", "RecordID": "894263", "Level": "4", "UserID": "S-1-5-18", "EventData.IsMachine": "False", "EventData.SessionTimeElapsedInMilliseconds": "0"}
{"EventID": "5321", "Channel": "Microsoft-Windows-GroupPolicy/Operational", "Provider_Name": "Microsoft-Windows-GroupPolicy", "Computer": "DESKTOP-OFJ6N53", "TimeCreated": "2025-08-21 05:00:28.763866+00:00", "RecordID": "894264", "Level": "4", "UserID": "S-1-5-18", "EventData.InfoDescription": "%%4167", "EventData.OperationParameter1": "dd651ee1-23bf-493e-8b91-6a024498e87d"}
{"EventID": "5117", "Channel": "Microsoft-Windows-GroupPolicy/Operational", "Provider_Name": "Microsoft-Windows-GroupPolicy", "Computer": "DESKTOP-OFJ6N53", "TimeCreated": "2025-08-21 05:00:28.764936+00:00", "RecordID": "894265", "Level": "4", "UserID": "S-1-5-18", "EventData.IsMachine": "True", "EventData.SessionTimeElapsedInMilliseconds": "16"}
{"EventID": "4116", "Channel": "Microsoft-Windows-GroupPolicy/Operational", "Provider_Name": "Microsoft-Windows-GroupPolicy", "Computer": "DESKTOP-OFJ6N53", "TimeCreated": "2025-08-21 05:15:28.829514+00:00", "RecordID": "894266", "Level": "4", "UserID": "S-1-5-18"}
{"EventID": "4115", "Channel": "Microsoft-Windows-GroupPolicy/Operational", "Provider_Name": "Microsoft-Windows-GroupPolicy", "Computer": "DESKTOP-OFJ6N53", "TimeCreated": "2025-08-21 05:15:28.833221+00:00", "RecordID": "894267", "Level": "4", "UserID": "S-1-5-18", "EventData.IsServiceRestart": "True", "EventData.IsMachineBoot": "False"}
{"EventID": "5324", "Channel": "Microsoft-Windows-GroupPolicy/Operational", "Provider_Name": "Microsoft-Windows-GroupPolicy", "Computer": "DESKTOP-OFJ6N53", "TimeCreated": "2025-08-21 05:15:28.833691+00:00", "RecordID": "894268", "Level": "4", "UserID": "S-1-5-18", "EventData.NotificationType": "0", "EventData.SessionId": "0"}
{"EventID": "5351", "Channel": "Microsoft-Windows-GroupPolicy/Operational", "Provider_Name": "Microsoft-Windows-GroupPolicy", "Computer": "DESKTOP-OFJ6N53", "TimeCreated": "2025-08-21 05:15:28.833900+00:00", "RecordID": "894269", "Level": "4", "UserID": "S-1-5-18", "EventData.IsMachine": "False", "EventData.WinlogonReturnTimeElapsedInMilliseconds": "0"}
{"EventID": "4117", "Channel": "Microsoft-Windows-GroupPolicy/Operational", "Provider_Name": "Microsoft-Windows-GroupPolicy", "Computer": "DESKTOP-OFJ6N53", "TimeCreated": "2025-08-21 05:15:28.835506+00:00", "RecordID": "894270", "Level": "4", "UserID": "S-1-5-18", "EventData.IsMachine": "True", "EventData.IsBackgroundProcessing": "True", "EventData.IsAsyncProcessing": "False"}
{"EventID": "5351", "Channel": "Microsoft-Windows-GroupPolicy/Operational", "Provider_Name": "Microsoft-Windows-GroupPolicy", "Computer": "DESKTOP-OFJ6N53", "TimeCreated": "2025-08-21 05:15:28.838867+00:00", "RecordID": "894271", "Level": "4", "UserID": "S-1-5-18", "EventData.IsMachine": "False", "EventData.WinlogonReturnTimeElapsedInMilliseconds": "0"}
{"EventID": "4117", "Channel": "Microsoft-Windows-GroupPolicy/Operational", "Provider_Name": "Microsoft-Windows-GroupPolicy", "Computer": "DESKTOP-OFJ6N53", "TimeCreated": "2025-08-21 05:15:28.841410+00:00", "RecordID": "894272", "Level": "4", "UserID": "S-1-5-18", "EventData.IsMachine": "False", "EventData.IsBackgroundProcessing": "True", "EventData.IsAsyncProcessing": "False"}
{"EventID": "5116", "Channel": "Microsoft-Windows-GroupPolicy/Operational", "Provider_Name": "Microsoft-Windows-GroupPolicy", "Computer": "DESKTOP-OFJ6N53", "TimeCreated": "2025-08-21 05:15:28.842014+00:00", "RecordID": "894273", "Level": "4", "UserID": "S-1-5-18", "EventData.GpsvcInitTimeElapsedInMilliseconds": "0"}
{"EventID": "5320", "Channel": "Microsoft-Windows-GroupPolicy/Operational", "Provider_Name": "Microsoft-Windows-GroupPolicy", "Computer": "DESKTOP-OFJ6N53", "TimeCreated": "2025-08-21 05:15:28.843344+00:00", "RecordID": "894274", "Level": "4", "UserID": "S-1-5-18", "EventData.InfoDescription": "%%4168"}
{"EventID": "5320", "Channel": "Microsoft-Windows-GroupPolicy/Operational", "Provider_Name": "Microsoft-Windows-GroupPolicy", "Computer": "DESKTOP-OFJ6N53", "TimeCreated": "2025-08-21 05:15:28.843378+00:00", "RecordID": "894275", "Level": "4", "UserID": "S-1-5-18", "EventData.InfoDescription": "%%4160"}
{"EventID": "5320", "Channel": "Microsoft-Windows-GroupPolicy/Operational", "Provider_Name": "Microsoft-Windows-GroupPolicy", "Computer": "DESKTOP-OFJ6N53", "TimeCreated": "2025-08-21 05:15:28.843378+00:00", "RecordID": "894276", "Level": "4", "UserID": "S-1-5-18", "EventData.InfoDescription": "%%4166"}
{"EventID": "5117", "Channel": "Microsoft-Windows-GroupPolicy/Operational", "Provider_Name": "Microsoft-Windows-GroupPolicy", "Computer": "DESKTOP-OFJ6N53", "TimeCreated": "2025-08-21 05:15:28.843828+00:00", "RecordID": "894277", "Level": "4", "UserID": "S-1-5-18", "EventData.IsMachine": "False", "EventData.SessionTimeElapsedInMilliseconds": "15"}
{"EventID": "5321", "Channel": "Microsoft-Windows-GroupPolicy/Operational", "Provider_Name": "Microsoft-Windows-GroupPolicy", "Computer": "DESKTOP-OFJ6N53", "TimeCreated": "2025-08-21 05:15:28.844082+00:00", "RecordID": "894278", "Level": "4", "UserID": "S-1-5-18", "EventData.InfoDescription": "%%4167", "EventData.OperationParameter1": "b7d47d3d-8cc9-45da-a2b6-9178f8dd8e90"}
{"EventID": "5117", "Channel": "Microsoft-Windows-GroupPolicy/Operational", "Provider_Name": "Microsoft-Windows-GroupPolicy", "Computer": "DESKTOP-OFJ6N53", "TimeCreated": "2025-08-21 05:15:28.845236+00:00", "RecordID": "894279", "Level": "4", "UserID": "S-1-5-18", "EventData.IsMachine": "True", "EventData.SessionTimeElapsedInMilliseconds": "15"}
{"EventID": "4116", "Channel": "Microsoft-Windows-GroupPolicy/Operational", "Provider_Name": "Microsoft-Windows-GroupPolicy", "Computer": "DESKTOP-OFJ6N53", "TimeCreated": "2025-08-21 05:30:28.924139+00:00", "RecordID": "894280", "Level": "4", "UserID": "S-1-5-18"}
{"EventID": "4115", "Channel": "Microsoft-Windows-GroupPolicy/Operational", "Provider_Name": "Microsoft-Windows-GroupPolicy", "Computer": "DESKTOP-OFJ6N53", "TimeCreated": "2025-08-21 05:30:28.927597+00:00", "RecordID": "894281", "Level": "4", "UserID": "S-1-5-18", "EventData.IsServiceRestart": "True", "EventData.IsMachineBoot": "False"}
{"EventID": "5324", "Channel": "Microsoft-Windows-GroupPolicy/Operational", "Provider_Name": "Microsoft-Windows-GroupPolicy", "Computer": "DESKTOP-OFJ6N53", "TimeCreated": "2025-08-21 05:30:28.928324+00:00", "RecordID": "894282", "Level": "4", "UserID": "S-1-5-18", "EventData.NotificationType": "0", "EventData.SessionId": "0"}
{"EventID": "5351", "Channel": "Microsoft-Windows-GroupPolicy/Operational", "Provider_Name": "Microsoft-Windows-GroupPolicy", "Computer": "DESKTOP-OFJ6N53", "TimeCreated": "2025-08-21 05:30:28.928400+00:00", "RecordID": "894283", "Level": "4", "UserID": "S-1-5-18", "EventData.IsMachine": "False", "EventData.WinlogonReturnTimeElapsedInMilliseconds": "0"}
{"EventID": "4117", "Channel": "Microsoft-Windows-GroupPolicy/Operational", "Provider_Name": "Microsoft-Windows-GroupPolicy", "Computer": "DESKTOP-OFJ6N53", "TimeCreated": "2025-08-21 05:30:28.929731+00:00", "RecordID": "894284", "Level": "4", "UserID": "S-1-5-18", "EventData.IsMachine": "True", "EventData.IsBackgroundProcessing": "True", "EventData.IsAsyncProcessing": "False"}
{"EventID": "5351", "Channel": "Microsoft-Windows-GroupPolicy/Operational", "Provider_Name": "Microsoft-Windows-GroupPolicy", "Computer": "DESKTOP-OFJ6N53", "TimeCreated": "2025-08-21 05:30:28.932568+00:00", "RecordID": "894285", "Level": "4", "UserID": "S-1-5-18", "EventData.IsMachine": "False", "EventData.WinlogonReturnTimeElapsedInMilliseconds": "0"}
{"EventID": "4117", "Channel": "Microsoft-Windows-GroupPolicy/Operational", "Provider_Name": "Microsoft-Windows-GroupPolicy", "Computer": "DESKTOP-OFJ6N53", "TimeCreated": "2025-08-21 05:30:28.934435+00:00", "RecordID": "894286", "Level": "4", "UserID": "S-1-5-18", "EventData.IsMachine": "False", "EventData.IsBackgroundProcessing": "True", "EventData.IsAsyncProcessing": "False"}
{"EventID": "5116", "Channel": "Microsoft-Windows-GroupPolicy/Operational", "Provider_Name": "Microsoft-Windows-GroupPolicy", "Computer": "DESKTOP-OFJ6N53", "TimeCreated": "2025-08-21 05:30:28.935461+00:00", "RecordID": "894287", "Level": "4", "UserID": "S-1-5-18", "EventData.GpsvcInitTimeElapsedInMilliseconds": "0"}
{"EventID": "5320", "Channel": "Microsoft-Windows-GroupPolicy/Operational", "Provider_Name": "Microsoft-Windows-GroupPolicy", "Computer": "DESKTOP-OFJ6N53", "TimeCreated": "2025-08-21 05:30:28.936626+00:00", "RecordID": "894288", "Level": "4", "UserID": "S-1-5-18", "EventData.InfoDescription": "%%4168"}
{"EventID": "5320", "Channel": "Microsoft-Windows-GroupPolicy/Operational", "Provider_Name": "Microsoft-Windows-GroupPolicy", "Computer": "DESKTOP-OFJ6N53", "TimeCreated": "2025-08-21 05:30:28.936668+00:00", "RecordID": "894289", "Level": "4", "UserID": "S-1-5-18", "EventData.InfoDescription": "%%4160"}
{"EventID": "5320", "Channel": "Microsoft-Windows-GroupPolicy/Operational", "Provider_Name": "Microsoft-Windows-GroupPolicy", "Computer": "DESKTOP-OFJ6N53", "TimeCreated": "2025-08-21 05:30:28.936670+00:00", "RecordID": "894290", "Level": "4", "UserID": "S-1-5-18", "EventData.InfoDescription": "%%4166"}
{"EventID": "5117", "Channel": "Microsoft-Windows-GroupPolicy/Operational", "Provider_Name": "Microsoft-Windows-GroupPolicy", "Computer": "DESKTOP-OFJ6N53", "TimeCreated": "2025-08-21 05:30:28.936991+00:00", "RecordID": "894291", "Level": "4", "UserID": "S-1-5-18", "EventData.IsMachine": "False", "EventData.SessionTimeElapsedInMilliseconds": "16"}
{"EventID": "5321", "Channel": "Microsoft-Windows-GroupPolicy/Operational", "Provider_Name": "Microsoft-Windows-GroupPolicy", "Computer": "DESKTOP-OFJ6N53", "TimeCreated": "2025-08-21 05:30:28.938351+00:00", "RecordID": "894292", "Level": "4", "UserID": "S-1-5-18", "EventData.InfoDescription": "%%4167", "EventData.OperationParameter1": "d69051ed-49b7-4619-88d6-2cac0df60b10"}
{"EventID": "5117", "Channel": "Microsoft-Windows-GroupPolicy/Operational", "Provider_Name": "Microsoft-Windows-GroupPolicy", "Computer": "DESKTOP-OFJ6N53", "TimeCreated": "2025-08-21 05:30:28.938374+00:00", "RecordID": "894293", "Level": "4", "UserID": "S-1-5-18", "EventData.IsMachine": "True", "EventData.SessionTimeElapsedInMilliseconds": "16"}
{"EventID": "4116", "Channel": "Microsoft-Windows-GroupPolicy/Operational", "Provider_Name": "Microsoft-Windows-GroupPolicy", "Computer": "DESKTOP-OFJ6N53", "TimeCreated": "2025-08-21 05:45:29.012812+00:00", "RecordID": "894294", "Level": "4", "UserID": "S-1-5-18"}
{"EventID": "4115", "Channel": "Microsoft-Windows-GroupPolicy/Operational", "Provider_Name": "Microsoft-Windows-GroupPolicy", "Computer": "DESKTOP-OFJ6N53", "TimeCreated": "2025-08-21 05:45:29.016653+00:00", "RecordID": "894295", "Level": "4", "UserID": "S-1-5-18", "EventData.IsServiceRestart": "True", "EventData.IsMachineBoot": "False"}
{"EventID": "5324", "Channel": "Microsoft-Windows-GroupPolicy/Operational", "Provider_Name": "Microsoft-Windows-GroupPolicy", "Computer": "DESKTOP-OFJ6N53", "TimeCreated": "2025-08-21 05:45:29.017267+00:00", "RecordID": "894296", "Level": "4", "UserID": "S-1-5-18", "EventData.NotificationType": "0", "EventData.SessionId": "0"}
{"EventID": "5351", "Channel": "Microsoft-Windows-GroupPolicy/Operational", "Provider_Name": "Microsoft-Windows-GroupPolicy", "Computer": "DESKTOP-OFJ6N53", "TimeCreated": "2025-08-21 05:45:29.017328+00:00", "RecordID": "894297", "Level": "4", "UserID": "S-1-5-18", "EventData.IsMachine": "False", "EventData.WinlogonReturnTimeElapsedInMilliseconds": "0"}
{"EventID": "4117", "Channel": "Microsoft-Windows-GroupPolicy/Operational", "Provider_Name": "Microsoft-Windows-GroupPolicy", "Computer": "DESKTOP-OFJ6N53", "TimeCreated": "2025-08-21 05:45:29.018715+00:00", "RecordID": "894298", "Level": "4", "UserID": "S-1-5-18", "EventData.IsMachine": "True", "EventData.IsBackgroundProcessing": "True", "EventData.IsAsyncProcessing": "False"}
{"EventID": "5351", "Channel": "Microsoft-Windows-GroupPolicy/Operational", "Provider_Name": "Microsoft-Windows-GroupPolicy", "Computer": "DESKTOP-OFJ6N53", "TimeCreated": "2025-08-21 05:45:29.021048+00:00", "RecordID": "894299", "Level": "4", "UserID": "S-1-5-18", "EventData.IsMachine": "False", "EventData.WinlogonReturnTimeElapsedInMilliseconds": "0"}
{"EventID": "4117", "Channel": "Microsoft-Windows-GroupPolicy/Operational", "Provider_Name": "Microsoft-Windows-GroupPolicy", "Computer": "DESKTOP-OFJ6N53", "TimeCreated": "2025-08-21 05:45:29.023722+00:00", "RecordID": "894300", "Level": "4", "UserID": "S-1-5-18", "EventData.IsMachine": "False", "EventData.IsBackgroundProcessing": "True", "EventData.IsAsyncProcessing": "False"}
{"EventID": "5116", "Channel": "Microsoft-Windows-GroupPolicy/Operational", "Provider_Name": "Microsoft-Windows-GroupPolicy", "Computer": "DESKTOP-OFJ6N53", "TimeCreated": "2025-08-21 05:45:29.023836+00:00", "RecordID": "894301", "Level": "4", "UserID": "S-1-5-18", "EventData.GpsvcInitTimeElapsedInMilliseconds": "16"}
{"EventID": "5320", "Channel": "Microsoft-Windows-GroupPolicy/Operational", "Provider_Name": "Microsoft-Windows-GroupPolicy", "Computer": "DESKTOP-OFJ6N53", "TimeCreated": "2025-08-21 05:45:29.024715+00:00", "RecordID": "894302", "Level": "4", "UserID": "S-1-5-18", "EventData.InfoDescription": "%%4168"}
{"EventID": "5320", "Channel": "Microsoft-Windows-GroupPolicy/Operational", "Provider_Name": "Microsoft-Windows-GroupPolicy", "Computer": "DESKTOP-OFJ6N53", "TimeCreated": "2025-08-21 05:45:29.024744+00:00", "RecordID": "894303", "Level": "4", "UserID": "S-1-5-18", "EventData.InfoDescription": "%%4160"}
{"EventID": "5320", "Channel": "Microsoft-Windows-GroupPolicy/Operational", "Provider_Name": "Microsoft-Windows-GroupPolicy", "Computer": "DESKTOP-OFJ6N53", "TimeCreated": "2025-08-21 05:45:29.024746+00:00", "RecordID": "894304", "Level": "4", "UserID": "S-1-5-18", "EventData.InfoDescription": "%%4166"}
{"EventID": "5321", "Channel": "Microsoft-Windows-GroupPolicy/Operational", "Provider_Name": "Microsoft-Windows-GroupPolicy", "Computer": "DESKTOP-OFJ6N53", "TimeCreated": "2025-08-21 05:45:29.025427+00:00", "RecordID": "894305", "Level": "4", "UserID": "S-1-5-18", "EventData.InfoDescription": "%%4167", "EventData.OperationParameter1": "1be894a1-bfb1-4343-bbb4-e22de5bd6a1a"}
{"EventID": "5117", "Channel": "Microsoft-Windows-GroupPolicy/Operational", "Provider_Name": "Microsoft-Windows-GroupPolicy", "Computer": "DESKTOP-OFJ6N53", "TimeCreated": "2025-08-21 05:45:29.025969+00:00", "RecordID": "894306", "Level": "4", "UserID": "S-1-5-18", "EventData.IsMachine": "False", "EventData.SessionTimeElapsedInMilliseconds": "0"}
{"EventID": "5117", "Channel": "Microsoft-Windows-GroupPolicy/Operational", "Provider_Name": "Microsoft-Windows-GroupPolicy", "Computer": "DESKTOP-OFJ6N53", "TimeCreated": "2025-08-21 05:45:29.026608+00:00", "RecordID": "894307", "Level": "4", "UserID": "S-1-5-18", "EventData.IsMachine": "True", "EventData.SessionTimeElapsedInMilliseconds": "0"}
{"EventID": "4116", "Channel": "Microsoft-Windows-GroupPolicy/Operational", "Provider_Name": "Microsoft-Windows-GroupPolicy", "Computer": "DESKTOP-OFJ6N53", "TimeCreated": "2025-08-21 06:00:29.085758+00:00", "RecordID": "894308", "Level": "4", "UserID": "S-1-5-18"}
{"EventID": "4115", "Channel": "Microsoft-Windows-GroupPolicy/Operational", "Provider_Name": "Microsoft-Windows-GroupPolicy", "Computer": "DESKTOP-OFJ6N53", "TimeCreated": "2025-08-21 06:00:29.088634+00:00", "RecordID": "894309", "Level": "4", "UserID": "S-1-5-18", "EventData.IsServiceRestart": "True", "EventData.IsMachineBoot": "False"}
{"EventID": "5324", "Channel": "Microsoft-Windows-GroupPolicy/Operational", "Provider_Name": "Microsoft-Windows-GroupPolicy", "Computer": "DESKTOP-OFJ6N53", "TimeCreated": "2025-08-21 06:00:29.088995+00:00", "RecordID": "894310", "Level": "4", "UserID": "S-1-5-18", "EventData.NotificationType": "0", "EventData.SessionId": "0"}
{"EventID": "5351", "Channel": "Microsoft-Windows-GroupPolicy/Operational", "Provider_Name": "Microsoft-Windows-GroupPolicy", "Computer": "DESKTOP-OFJ6N53", "TimeCreated": "2025-08-21 06:00:29.089045+00:00", "RecordID": "894311", "Level": "4", "UserID": "S-1-5-18", "EventData.IsMachine": "False", "EventData.WinlogonReturnTimeElapsedInMilliseconds": "0"}
{"EventID": "4117", "Channel": "Microsoft-Windows-GroupPolicy/Operational", "Provider_Name": "Microsoft-Windows-GroupPolicy", "Computer": "DESKTOP-OFJ6N53", "TimeCreated": "2025-08-21 06:00:29.089876+00:00", "RecordID": "894312", "Level": "4", "UserID": "S-1-5-18", "EventData.IsMachine": "True", "EventData.IsBackgroundProcessing": "True", "EventData.IsAsyncProcessing": "False"}
{"EventID": "5351", "Channel": "Microsoft-Windows-GroupPolicy/Operational", "Provider_Name": "Microsoft-Windows-GroupPolicy", "Computer": "DESKTOP-OFJ6N53", "TimeCreated": "2025-08-21 06:00:29.091980+00:00", "RecordID": "894313", "Level": "4", "UserID": "S-1-5-18", "EventData.IsMachine": "False", "EventData.WinlogonReturnTimeElapsedInMilliseconds": "0"}
{"EventID": "4117", "Channel": "Microsoft-Windows-GroupPolicy/Operational", "Provider_Name": "Microsoft-Windows-GroupPolicy", "Computer": "DESKTOP-OFJ6N53", "TimeCreated": "2025-08-21 06:00:29.093304+00:00", "RecordID": "894314", "Level": "4", "UserID": "S-1-5-18", "EventData.IsMachine": "False", "EventData.IsBackgroundProcessing": "True", "EventData.IsAsyncProcessing": "False"}
{"EventID": "5116", "Channel": "Microsoft-Windows-GroupPolicy/Operational", "Provider_Name": "Microsoft-Windows-GroupPolicy", "Computer": "DESKTOP-OFJ6N53", "TimeCreated": "2025-08-21 06:00:29.094330+00:00", "RecordID": "894315", "Level": "4", "UserID": "S-1-5-18", "EventData.GpsvcInitTimeElapsedInMilliseconds": "15"}
{"EventID": "5320", "Channel": "Microsoft-Windows-GroupPolicy/Operational", "Provider_Name": "Microsoft-Windows-GroupPolicy", "Computer": "DESKTOP-OFJ6N53", "TimeCreated": "2025-08-21 06:00:29.095055+00:00", "RecordID": "894316", "Level": "4", "UserID": "S-1-5-18", "EventData.InfoDescription": "%%4168"}
{"EventID": "5320", "Channel": "Microsoft-Windows-GroupPolicy/Operational", "Provider_Name": "Microsoft-Windows-GroupPolicy", "Computer": "DESKTOP-OFJ6N53", "TimeCreated": "2025-08-21 06:00:29.095085+00:00", "RecordID": "894317", "Level": "4", "UserID": "S-1-5-18", "EventData.InfoDescription": "%%4160"}
{"EventID": "5320", "Channel": "Microsoft-Windows-GroupPolicy/Operational", "Provider_Name": "Microsoft-Windows-GroupPolicy", "Computer": "DESKTOP-OFJ6N53", "TimeCreated": "2025-08-21 06:00:29.095085+00:00", "RecordID": "894318", "Level": "4", "UserID": "S-1-5-18", "EventData.InfoDescription": "%%4166"}
{"EventID": "5117", "Channel": "Microsoft-Windows-GroupPolicy/Operational", "Provider_Name": "Microsoft-Windows-GroupPolicy", "Computer": "DESKTOP-OFJ6N53", "TimeCreated": "2025-08-21 06:00:29.095371+00:00", "RecordID": "894319", "Level": "4", "UserID": "S-1-5-18", "EventData.IsMachine": "False", "EventData.SessionTimeElapsedInMilliseconds": "15"}
{"EventID": "5321", "Channel": "Microsoft-Windows-GroupPolicy/Operational", "Provider_Name": "Microsoft-Windows-GroupPolicy", "Computer": "DESKTOP-OFJ6N53", "TimeCreated": "2025-08-21 06:00:29.095600+00:00", "RecordID": "894320", "Level": "4", "UserID": "S-1-5-18", "EventData.InfoDescription": "%%4167", "EventData.OperationParameter1": "04285697-136f-41d1-a5ef-6be15db7c2a9"}
{"EventID": "5117", "Channel": "Microsoft-Windows-GroupPolicy/Operational", "Provider_Name": "Microsoft-Windows-GroupPolicy", "Computer": "DESKTOP-OFJ6N53", "TimeCreated": "2025-08-21 06:00:29.096561+00:00", "RecordID": "894321", "Level": "4", "UserID": "S-1-5-18", "EventData.IsMachine": "True", "EventData.SessionTimeElapsedInMilliseconds": "15"}
{"EventID": "4116", "Channel": "Microsoft-Windows-GroupPolicy/Operational", "Provider_Name": "Microsoft-Windows-GroupPolicy", "Computer": "DESKTOP-OFJ6N53", "TimeCreated": "2025-08-21 06:15:29.173855+00:00", "RecordID": "894322", "Level": "4", "UserID": "S-1-5-18"}
{"EventID": "4115", "Channel": "Microsoft-Windows-GroupPolicy/Operational", "Provider_Name": "Microsoft-Windows-GroupPolicy", "Computer": "DESKTOP-OFJ6N53", "TimeCreated": "2025-08-21 06:15:29.178307+00:00", "RecordID": "894323", "Level": "4", "UserID": "S-1-5-18", "EventData.IsServiceRestart": "True", "EventData.IsMachineBoot": "False"}
{"EventID": "5324", "Channel": "Microsoft-Windows-GroupPolicy/Operational", "Provider_Name": "Microsoft-Windows-GroupPolicy", "Computer": "DESKTOP-OFJ6N53", "TimeCreated": "2025-08-21 06:15:29.178938+00:00", "RecordID": "894324", "Level": "4", "UserID": "S-1-5-18", "EventData.NotificationType": "0", "EventData.SessionId": "0"}
{"EventID": "5351", "Channel": "Microsoft-Windows-GroupPolicy/Operational", "Provider_Name": "Microsoft-Windows-GroupPolicy", "Computer": "DESKTOP-OFJ6N53", "TimeCreated": "2025-08-21 06:15:29.178999+00:00", "RecordID": "894325", "Level": "4", "UserID": "S-1-5-18", "EventData.IsMachine": "False", "EventData.WinlogonReturnTimeElapsedInMilliseconds": "0"}
{"EventID": "4117", "Channel": "Microsoft-Windows-GroupPolicy/Operational", "Provider_Name": "Microsoft-Windows-GroupPolicy", "Computer": "DESKTOP-OFJ6N53", "TimeCreated": "2025-08-21 06:15:29.180674+00:00", "RecordID": "894326", "Level": "4", "UserID": "S-1-5-18", "EventData.IsMachine": "True", "EventData.IsBackgroundProcessing": "True", "EventData.IsAsyncProcessing": "False"}
{"EventID": "5351", "Channel": "Microsoft-Windows-GroupPolicy/Operational", "Provider_Name": "Microsoft-Windows-GroupPolicy", "Computer": "DESKTOP-OFJ6N53", "TimeCreated": "2025-08-21 06:15:29.183464+00:00", "RecordID": "894327", "Level": "4", "UserID": "S-1-5-18", "EventData.IsMachine": "False", "EventData.WinlogonReturnTimeElapsedInMilliseconds": "0"}
{"EventID": "4117", "Channel": "Microsoft-Windows-GroupPolicy/Operational", "Provider_Name": "Microsoft-Windows-GroupPolicy", "Computer": "DESKTOP-OFJ6N53", "TimeCreated": "2025-08-21 06:15:29.185551+00:00", "RecordID": "894328", "Level": "4", "UserID": "S-1-5-18", "EventData.IsMachine": "False", "EventData.IsBackgroundProcessing": "True", "EventData.IsAsyncProcessing": "False"}
{"EventID": "5116", "Channel": "Microsoft-Windows-GroupPolicy/Operational", "Provider_Name": "Microsoft-Windows-GroupPolicy", "Computer": "DESKTOP-OFJ6N53", "TimeCreated": "2025-08-21 06:15:29.186283+00:00", "RecordID": "894329", "Level": "4", "UserID": "S-1-5-18", "EventData.GpsvcInitTimeElapsedInMilliseconds": "0"}
{"EventID": "5320", "Channel": "Microsoft-Windows-GroupPolicy/Operational", "Provider_Name": "Microsoft-Windows-GroupPolicy", "Computer": "DESKTOP-OFJ6N53", "TimeCreated": "2025-08-21 06:15:29.187496+00:00", "RecordID": "894330", "Level": "4", "UserID": "S-1-5-18", "EventData.InfoDescription": "%%4168"}
{"EventID": "5320", "Channel": "Microsoft-Windows-GroupPolicy/Operational", "Provider_Name": "Microsoft-Windows-GroupPolicy", "Computer": "DESKTOP-OFJ6N53", "TimeCreated": "2025-08-21 06:15:29.187765+00:00", "RecordID": "894331", "Level": "4", "UserID": "S-1-5-18", "EventData.InfoDescription": "%%4160"}
{"EventID": "5320", "Channel": "Microsoft-Windows-GroupPolicy/Operational", "Provider_Name": "Microsoft-Windows-GroupPolicy", "Computer": "DESKTOP-OFJ6N53", "TimeCreated": "2025-08-21 06:15:29.187765+00:00", "RecordID": "894332", "Level": "4", "UserID": "S-1-5-18", "EventData.InfoDescription": "%%4166"}
{"EventID": "5117", "Channel": "Microsoft-Windows-GroupPolicy/Operational", "Provider_Name": "Microsoft-Windows-GroupPolicy", "Computer": "DESKTOP-OFJ6N53", "TimeCreated": "2025-08-21 06:15:29.188490+00:00", "RecordID": "894333", "Level": "4", "UserID": "S-1-5-18", "EventData.IsMachine": "False", "EventData.SessionTimeElapsedInMilliseconds": "16"}
{"EventID": "5321", "Channel": "Microsoft-Windows-GroupPolicy/Operational", "Provider_Name": "Microsoft-Windows-GroupPolicy", "Computer": "DESKTOP-OFJ6N53", "TimeCreated": "2025-08-21 06:15:29.188549+00:00", "RecordID": "894334", "Level": "4", "UserID": "S-1-5-18", "EventData.InfoDescription": "%%4167", "EventData.OperationParameter1": "b0ed50a8-29e2-4ecf-b5ca-402164430679"}
{"EventID": "5117", "Channel": "Microsoft-Windows-GroupPolicy/Operational", "Provider_Name": "Microsoft-Windows-GroupPolicy", "Computer": "DESKTOP-OFJ6N53", "TimeCreated": "2025-08-21 06:15:29.189436+00:00", "RecordID": "894335", "Level": "4", "UserID": "S-1-5-18", "EventData.IsMachine": "True", "EventData.SessionTimeElapsedInMilliseconds": "16"}
{"EventID": "4116", "Channel": "Microsoft-Windows-GroupPolicy/Operational", "Provider_Name": "Microsoft-Windows-GroupPolicy", "Computer": "DESKTOP-OFJ6N53", "TimeCreated": "2025-08-21 06:30:29.268433+00:00", "RecordID": "894336", "Level": "4", "UserID": "S-1-5-18"}
{"EventID": "4115", "Channel": "Microsoft-Windows-GroupPolicy/Operational", "Provider_Name": "Microsoft-Windows-GroupPolicy", "Computer": "DESKTOP-OFJ6N53", "TimeCreated": "2025-08-21 06:30:29.272366+00:00", "RecordID": "894337", "Level": "4", "UserID": "S-1-5-18", "EventData.IsServiceRestart": "True", "EventData.IsMachineBoot": "False"}
{"EventID": "5324", "Channel": "Microsoft-Windows-GroupPolicy/Operational", "Provider_Name": "Microsoft-Windows-GroupPolicy", "Computer": "DESKTOP-OFJ6N53", "TimeCreated": "2025-08-21 06:30:29.273012+00:00", "RecordID": "894338", "Level": "4", "UserID": "S-1-5-18", "EventData.NotificationType": "0", "EventData.SessionId": "0"}
{"EventID": "5351", "Channel": "Microsoft-Windows-GroupPolicy/Operational", "Provider_Name": "Microsoft-Windows-GroupPolicy", "Computer": "DESKTOP-OFJ6N53", "TimeCreated": "2025-08-21 06:30:29.273085+00:00", "RecordID": "894339", "Level": "4", "UserID": "S-1-5-18", "EventData.IsMachine": "False", "EventData.WinlogonReturnTimeElapsedInMilliseconds": "0"}
{"EventID": "4117", "Channel": "Microsoft-Windows-GroupPolicy/Operational", "Provider_Name": "Microsoft-Windows-GroupPolicy", "Computer": "DESKTOP-OFJ6N53", "TimeCreated": "2025-08-21 06:30:29.275776+00:00", "RecordID": "894340", "Level": "4", "UserID": "S-1-5-18", "EventData.IsMachine": "True", "EventData.IsBackgroundProcessing": "True", "EventData.IsAsyncProcessing": "False"}
{"EventID": "5351", "Channel": "Microsoft-Windows-GroupPolicy/Operational", "Provider_Name": "Microsoft-Windows-GroupPolicy", "Computer": "DESKTOP-OFJ6N53", "TimeCreated": "2025-08-21 06:30:29.277456+00:00", "RecordID": "894341", "Level": "4", "UserID": "S-1-5-18", "EventData.IsMachine": "False", "EventData.WinlogonReturnTimeElapsedInMilliseconds": "0"}
{"EventID": "4117", "Channel": "Microsoft-Windows-GroupPolicy/Operational", "Provider_Name": "Microsoft-Windows-GroupPolicy", "Computer": "DESKTOP-OFJ6N53", "TimeCreated": "2025-08-21 06:30:29.279585+00:00", "RecordID": "894342", "Level": "4", "UserID": "S-1-5-18", "EventData.IsMachine": "False", "EventData.IsBackgroundProcessing": "True", "EventData.IsAsyncProcessing": "False"}
{"EventID": "5116", "Channel": "Microsoft-Windows-GroupPolicy/Operational", "Provider_Name": "Microsoft-Windows-GroupPolicy", "Computer": "DESKTOP-OFJ6N53", "TimeCreated": "2025-08-21 06:30:29.280308+00:00", "RecordID": "894343", "Level": "4", "UserID": "S-1-5-18", "EventData.GpsvcInitTimeElapsedInMilliseconds": "16"}
{"EventID": "5320", "Channel": "Microsoft-Windows-GroupPolicy/Operational", "Provider_Name": "Microsoft-Windows-GroupPolicy", "Computer": "DESKTOP-OFJ6N53", "TimeCreated": "2025-08-21 06:30:29.281284+00:00", "RecordID": "894344", "Level": "4", "UserID": "S-1-5-18", "EventData.InfoDescription": "%%4168"}
{"EventID": "5320", "Channel": "Microsoft-Windows-GroupPolicy/Operational", "Provider_Name": "Microsoft-Windows-GroupPolicy", "Computer": "DESKTOP-OFJ6N53", "TimeCreated": "2025-08-21 06:30:29.281322+00:00", "RecordID": "894345", "Level": "4", "UserID": "S-1-5-18", "EventData.InfoDescription": "%%4160"}
{"EventID": "5320", "Channel": "Microsoft-Windows-GroupPolicy/Operational", "Provider_Name": "Microsoft-Windows-GroupPolicy", "Computer": "DESKTOP-OFJ6N53", "TimeCreated": "2025-08-21 06:30:29.281322+00:00", "RecordID": "894346", "Level": "4", "UserID": "S-1-5-18", "EventData.InfoDescription": "%%4166"}
{"EventID": "5117", "Channel": "Microsoft-Windows-GroupPolicy/Operational", "Provider_Name": "Microsoft-Windows-GroupPolicy", "Computer": "DESKTOP-OFJ6N53", "TimeCreated": "2025-08-21 06:30:29.281885+00:00", "RecordID": "894347", "Level": "4", "UserID": "S-1-5-18", "EventData.IsMachine": "False", "EventData.SessionTimeElapsedInMilliseconds": "16"}
{"EventID": "5321", "Channel": "Microsoft-Windows-GroupPolicy/Operational", "Provider_Name": "Microsoft-Windows-GroupPolicy", "Computer": "DESKTOP-OFJ6N53", "TimeCreated": "2025-08-21 06:30:29.282383+00:00", "RecordID": "894348", "Level": "4", "UserID": "S-1-5-18", "EventData.InfoDescription": "%%4167", "EventData.OperationParameter1": "84da3051-ddc6-4b2a-9950-b90e6960a176"}
{"EventID": "5117", "Channel": "Microsoft-Windows-GroupPolicy/Operational", "Provider_Name": "Microsoft-Windows-GroupPolicy", "Computer": "DESKTOP-OFJ6N53", "TimeCreated": "2025-08-21 06:30:29.283146+00:00", "RecordID": "894349", "Level": "4", "UserID": "S-1-5-18", "EventData.IsMachine": "True", "EventData.SessionTimeElapsedInMilliseconds": "16"}
{"EventID": "4116", "Channel": "Microsoft-Windows-GroupPolicy/Operational", "Provider_Name": "Microsoft-Windows-GroupPolicy", "Computer": "DESKTOP-OFJ6N53", "TimeCreated": "2025-08-21 06:45:29.343124+00:00", "RecordID": "894350", "Level": "4", "UserID": "S-1-5-18"}
{"EventID": "4115", "Channel": "Microsoft-Windows-GroupPolicy/Operational", "Provider_Name": "Microsoft-Windows-GroupPolicy", "Computer": "DESKTOP-OFJ6N53", "TimeCreated": "2025-08-21 06:45:29.345949+00:00", "RecordID": "894351", "Level": "4", "UserID": "S-1-5-18", "EventData.IsServiceRestart": "True", "EventData.IsMachineBoot": "False"}
{"EventID": "5324", "Channel": "Microsoft-Windows-GroupPolicy/Operational", "Provider_Name": "Microsoft-Windows-GroupPolicy", "Computer": "DESKTOP-OFJ6N53", "TimeCreated": "2025-08-21 06:45:29.346464+00:00", "RecordID": "894352", "Level": "4", "UserID": "S-1-5-18", "EventData.NotificationType": "0", "EventData.SessionId": "0"}
{"EventID": "5351", "Channel": "Microsoft-Windows-GroupPolicy/Operational", "Provider_Name": "Microsoft-Windows-GroupPolicy", "Computer": "DESKTOP-OFJ6N53", "TimeCreated": "2025-08-21 06:45:29.346518+00:00", "RecordID": "894353", "Level": "4", "UserID": "S-1-5-18", "EventData.IsMachine": "False", "EventData.WinlogonReturnTimeElapsedInMilliseconds": "0"}
{"EventID": "4117", "Channel": "Microsoft-Windows-GroupPolicy/Operational", "Provider_Name": "Microsoft-Windows-GroupPolicy", "Computer": "DESKTOP-OFJ6N53", "TimeCreated": "2025-08-21 06:45:29.347645+00:00", "RecordID": "894354", "Level": "4", "UserID": "S-1-5-18", "EventData.IsMachine": "True", "EventData.IsBackgroundProcessing": "True", "EventData.IsAsyncProcessing": "False"}
{"EventID": "5351", "Channel": "Microsoft-Windows-GroupPolicy/Operational", "Provider_Name": "Microsoft-Windows-GroupPolicy", "Computer": "DESKTOP-OFJ6N53", "TimeCreated": "2025-08-21 06:45:29.350195+00:00", "RecordID": "894355", "Level": "4", "UserID": "S-1-5-18", "EventData.IsMachine": "False", "EventData.WinlogonReturnTimeElapsedInMilliseconds": "0"}
{"EventID": "4117", "Channel": "Microsoft-Windows-GroupPolicy/Operational", "Provider_Name": "Microsoft-Windows-GroupPolicy", "Computer": "DESKTOP-OFJ6N53", "TimeCreated": "2025-08-21 06:45:29.351654+00:00", "RecordID": "894356", "Level": "4", "UserID": "S-1-5-18", "EventData.IsMachine": "False", "EventData.IsBackgroundProcessing": "True", "EventData.IsAsyncProcessing": "False"}
{"EventID": "5116", "Channel": "Microsoft-Windows-GroupPolicy/Operational", "Provider_Name": "Microsoft-Windows-GroupPolicy", "Computer": "DESKTOP-OFJ6N53", "TimeCreated": "2025-08-21 06:45:29.352272+00:00", "RecordID": "894357", "Level": "4", "UserID": "S-1-5-18", "EventData.GpsvcInitTimeElapsedInMilliseconds": "0"}
{"EventID": "5320", "Channel": "Microsoft-Windows-GroupPolicy/Operational", "Provider_Name": "Microsoft-Windows-GroupPolicy", "Computer": "DESKTOP-OFJ6N53", "TimeCreated": "2025-08-21 06:45:29.352976+00:00", "RecordID": "894358", "Level": "4", "UserID": "S-1-5-18", "EventData.InfoDescription": "%%4168"}
{"EventID": "5320", "Channel": "Microsoft-Windows-GroupPolicy/Operational", "Provider_Name": "Microsoft-Windows-GroupPolicy", "Computer": "DESKTOP-OFJ6N53", "TimeCreated": "2025-08-21 06:45:29.353016+00:00", "RecordID": "894359", "Level": "4", "UserID": "S-1-5-18", "EventData.InfoDescription": "%%4160"}
{"EventID": "5320", "Channel": "Microsoft-Windows-GroupPolicy/Operational", "Provider_Name": "Microsoft-Windows-GroupPolicy", "Computer": "DESKTOP-OFJ6N53", "TimeCreated": "2025-08-21 06:45:29.353018+00:00", "RecordID": "894360", "Level": "4", "UserID": "S-1-5-18", "EventData.InfoDescription": "%%4166"}
{"EventID": "5117", "Channel": "Microsoft-Windows-GroupPolicy/Operational", "Provider_Name": "Microsoft-Windows-GroupPolicy", "Computer": "DESKTOP-OFJ6N53", "TimeCreated": "2025-08-21 06:45:29.353313+00:00", "RecordID": "894361", "Level": "4", "UserID": "S-1-5-18", "EventData.IsMachine": "False", "EventData.SessionTimeElapsedInMilliseconds": "0"}
{"EventID": "5321", "Channel": "Microsoft-Windows-GroupPolicy/Operational", "Provider_Name": "Microsoft-Windows-GroupPolicy", "Computer": "DESKTOP-OFJ6N53", "TimeCreated": "2025-08-21 06:45:29.353952+00:00", "RecordID": "894362", "Level": "4", "UserID": "S-1-5-18", "EventData.InfoDescription": "%%4167", "EventData.OperationParameter1": "74f66057-ca89-42d2-9435-8ba5158f5272"}
{"EventID": "5117", "Channel": "Microsoft-Windows-GroupPolicy/Operational", "Provider_Name": "Microsoft-Windows-GroupPolicy", "Computer": "DESKTOP-OFJ6N53", "TimeCreated": "2025-08-21 06:45:29.354460+00:00", "RecordID": "894363", "Level": "4", "UserID": "S-1-5-18", "EventData.IsMachine": "True", "EventData.SessionTimeElapsedInMilliseconds": "0"}
{"EventID": "4116", "Channel": "Microsoft-Windows-GroupPolicy/Operational", "Provider_Name": "Microsoft-Windows-GroupPolicy", "Computer": "DESKTOP-OFJ6N53", "TimeCreated": "2025-08-21 07:00:29.510838+00:00", "RecordID": "894364", "Level": "4", "UserID": "S-1-5-18"}
{"EventID": "4115", "Channel": "Microsoft-Windows-GroupPolicy/Operational", "Provider_Name": "Microsoft-Windows-GroupPolicy", "Computer": "DESKTOP-OFJ6N53", "TimeCreated": "2025-08-21 07:00:29.513813+00:00", "RecordID": "894365", "Level": "4", "UserID": "S-1-5-18", "EventData.IsServiceRestart": "True", "EventData.IsMachineBoot": "False"}
{"EventID": "5324", "Channel": "Microsoft-Windows-GroupPolicy/Operational", "Provider_Name": "Microsoft-Windows-GroupPolicy", "Computer": "DESKTOP-OFJ6N53", "TimeCreated": "2025-08-21 07:00:29.514263+00:00", "RecordID": "894366", "Level": "4", "UserID": "S-1-5-18", "EventData.NotificationType": "0", "EventData.SessionId": "0"}
{"EventID": "5351", "Channel": "Microsoft-Windows-GroupPolicy/Operational", "Provider_Name": "Microsoft-Windows-GroupPolicy", "Computer": "DESKTOP-OFJ6N53", "TimeCreated": "2025-08-21 07:00:29.514313+00:00", "RecordID": "894367", "Level": "4", "UserID": "S-1-5-18", "EventData.IsMachine": "False", "EventData.WinlogonReturnTimeElapsedInMilliseconds": "0"}
{"EventID": "4117", "Channel": "Microsoft-Windows-GroupPolicy/Operational", "Provider_Name": "Microsoft-Windows-GroupPolicy", "Computer": "DESKTOP-OFJ6N53", "TimeCreated": "2025-08-21 07:00:29.516064+00:00", "RecordID": "894368", "Level": "4", "UserID": "S-1-5-18", "EventData.IsMachine": "True", "EventData.IsBackgroundProcessing": "True", "EventData.IsAsyncProcessing": "False"}
{"EventID": "5351", "Channel": "Microsoft-Windows-GroupPolicy/Operational", "Provider_Name": "Microsoft-Windows-GroupPolicy", "Computer": "DESKTOP-OFJ6N53", "TimeCreated": "2025-08-21 07:00:29.517693+00:00", "RecordID": "894369", "Level": "4", "UserID": "S-1-5-18", "EventData.IsMachine": "False", "EventData.WinlogonReturnTimeElapsedInMilliseconds": "0"}
{"EventID": "4117", "Channel": "Microsoft-Windows-GroupPolicy/Operational", "Provider_Name": "Microsoft-Windows-GroupPolicy", "Computer": "DESKTOP-OFJ6N53", "TimeCreated": "2025-08-21 07:00:29.519423+00:00", "RecordID": "894370", "Level": "4", "UserID": "S-1-5-18", "EventData.IsMachine": "False", "EventData.IsBackgroundProcessing": "True", "EventData.IsAsyncProcessing": "False"}
{"EventID": "5116", "Channel": "Microsoft-Windows-GroupPolicy/Operational", "Provider_Name": "Microsoft-Windows-GroupPolicy", "Computer": "DESKTOP-OFJ6N53", "TimeCreated": "2025-08-21 07:00:29.520079+00:00", "RecordID": "894371", "Level": "4", "UserID": "S-1-5-18", "EventData.GpsvcInitTimeElapsedInMilliseconds": "16"}
{"EventID": "5320", "Channel": "Microsoft-Windows-GroupPolicy/Operational", "Provider_Name": "Microsoft-Windows-GroupPolicy", "Computer": "DESKTOP-OFJ6N53", "TimeCreated": "2025-08-21 07:00:29.520897+00:00", "RecordID": "894372", "Level": "4", "UserID": "S-1-5-18", "EventData.InfoDescription": "%%4168"}
{"EventID": "5320", "Channel": "Microsoft-Windows-GroupPolicy/Operational", "Provider_Name": "Microsoft-Windows-GroupPolicy", "Computer": "DESKTOP-OFJ6N53", "TimeCreated": "2025-08-21 07:00:29.520926+00:00", "RecordID": "894373", "Level": "4", "UserID": "S-1-5-18", "EventData.InfoDescription": "%%4160"}
{"EventID": "5320", "Channel": "Microsoft-Windows-GroupPolicy/Operational", "Provider_Name": "Microsoft-Windows-GroupPolicy", "Computer": "DESKTOP-OFJ6N53", "TimeCreated": "2025-08-21 07:00:29.520926+00:00", "RecordID": "894374", "Level": "4", "UserID": "S-1-5-18", "EventData.InfoDescription": "%%4166"}
{"EventID": "5117", "Channel": "Microsoft-Windows-GroupPolicy/Operational", "Provider_Name": "Microsoft-Windows-GroupPolicy", "Computer": "DESKTOP-OFJ6N53", "TimeCreated": "2025-08-21 07:00:29.521229+00:00", "RecordID": "894375", "Level": "4", "UserID": "S-1-5-18", "EventData.IsMachine": "False", "EventData.SessionTimeElapsedInMilliseconds": "0"}
{"EventID": "5321", "Channel": "Microsoft-Windows-GroupPolicy/Operational", "Provider_Name": "Microsoft-Windows-GroupPolicy", "Computer": "DESKTOP-OFJ6N53", "TimeCreated": "2025-08-21 07:00:29.521835+00:00", "RecordID": "894376", "Level": "4", "UserID": "S-1-5-18", "EventData.InfoDescription": "%%4167", "EventData.OperationParameter1": "f2cbf17b-902d-48ac-aec3-25681a7c7184"}
{"EventID": "5117", "Channel": "Microsoft-Windows-GroupPolicy/Operational", "Provider_Name": "Microsoft-Windows-GroupPolicy", "Computer": "DESKTOP-OFJ6N53", "TimeCreated": "2025-08-21 07:00:29.522482+00:00", "RecordID": "894377", "Level": "4", "UserID": "S-1-5-18", "EventData.IsMachine": "True", "EventData.SessionTimeElapsedInMilliseconds": "0"}
{"EventID": "4116", "Channel": "Microsoft-Windows-GroupPolicy/Operational", "Provider_Name": "Microsoft-Windows-GroupPolicy", "Computer": "DESKTOP-OFJ6N53", "TimeCreated": "2025-08-21 07:15:29.590345+00:00", "RecordID": "894378", "Level": "4", "UserID": "S-1-5-18"}
{"EventID": "4115", "Channel": "Microsoft-Windows-GroupPolicy/Operational", "Provider_Name": "Microsoft-Windows-GroupPolicy", "Computer": "DESKTOP-OFJ6N53", "TimeCreated": "2025-08-21 07:15:29.593468+00:00", "RecordID": "894379", "Level": "4", "UserID": "S-1-5-18", "EventData.IsServiceRestart": "True", "EventData.IsMachineBoot": "False"}
{"EventID": "5324", "Channel": "Microsoft-Windows-GroupPolicy/Operational", "Provider_Name": "Microsoft-Windows-GroupPolicy", "Computer": "DESKTOP-OFJ6N53", "TimeCreated": "2025-08-21 07:15:29.594076+00:00", "RecordID": "894380", "Level": "4", "UserID": "S-1-5-18", "EventData.NotificationType": "0", "EventData.SessionId": "0"}
{"EventID": "5351", "Channel": "Microsoft-Windows-GroupPolicy/Operational", "Provider_Name": "Microsoft-Windows-GroupPolicy", "Computer": "DESKTOP-OFJ6N53", "TimeCreated": "2025-08-21 07:15:29.594196+00:00", "RecordID": "894381", "Level": "4", "UserID": "S-1-5-18", "EventData.IsMachine": "False", "EventData.WinlogonReturnTimeElapsedInMilliseconds": "0"}
