{"EventID": "235", "Channel": "Microsoft-Windows-Kernel-Boot/Operational", "Provider_Name": "Microsoft-Windows-Kernel-Boot", "Computer": "DESKTOP-OFJ6N53", "TimeCreated": "2025-07-31 08:03:22.886347+00:00", "RecordID": "793", "Level": "2", "UserID": "S-1-5-18", "EventData.StatusCode": "3221225474", "EventData.Position": "1"}
{"EventID": "208", "Channel": "Microsoft-Windows-Kernel-Boot/Operational", "Provider_Name": "Microsoft-Windows-Kernel-Boot", "Computer": "DESKTOP-OFJ6N53", "TimeCreated": "2025-07-31 08:03:22.886349+00:00", "RecordID": "794", "Level": "2", "UserID": "S-1-5-18", "EventData.InitState": "1", "EventData.StatusCode": "3221225473", "EventData.FailureAddress": "11630195", "EventData.ReferenceAddress": "12963296", "EventData.ReasonCode": "1"}
{"EventID": "158", "Channel": "Microsoft-Windows-Kernel-Boot/Operational", "Provider_Name": "Microsoft-Windows-Kernel-Boot", "Computer": "DESKTOP-OFJ6N53", "TimeCreated": "2025-07-31 08:03:22.886623+00:00", "RecordID": "795", "Level": "2", "UserID": "S-1-5-18", "EventData.DiagCode": "1076887595", "EventData.Status": "3221225659"}
{"EventID": "235", "Channel": "Microsoft-Windows-Kernel-Boot/Operational", "Provider_Name": "Microsoft-Windows-Kernel-Boot", "Computer": "DESKTOP-OFJ6N53", "TimeCreated": "2025-07-31 08:03:22.886707+00:00", "RecordID": "796", "Level": "2", "UserID": "S-1-5-18", "EventData.StatusCode": "3221225474", "EventData.Position": "1"}
{"EventID": "208", "Channel": "Microsoft-Windows-Kernel-Boot/Operational", "Provider_Name": "Microsoft-Windows-Kernel-Boot", "Computer": "DESKTOP-OFJ6N53", "TimeCreated": "2025-07-31 08:03:22.886709+00:00", "RecordID": "797", "Level": "2", "UserID": "S-1-5-18", "EventData.InitState": "1", "EventData.StatusCode": "3221225473", "EventData.FailureAddress": "268921370", "EventData.ReferenceAddress": "270165216", "EventData.ReasonCode": "1"}
{"EventID": "235", "Channel": "Microsoft-Windows-Kernel-Boot/Operational", "Provider_Name": "Microsoft-Windows-Kernel-Boot", "Computer": "DESKTOP-OFJ6N53", "TimeCreated": "2025-08-12 12:17:20.206959+00:00", "RecordID": "798", "Level": "2", "UserID": "S-1-5-18", "EventData.StatusCode": "3221225474", "EventData.Position": "1"}
{"EventID": "208", "Channel": "Microsoft-Windows-Kernel-Boot/Operational", "Provider_Name": "Microsoft-Windows-Kernel-Boot", "Computer": "DESKTOP-OFJ6N53", "TimeCreated": "2025-08-12 12:17:20.206961+00:00", "RecordID": "799", "Level": "2", "UserID": "S-1-5-18", "EventData.InitState": "1", "EventData.StatusCode": "3221225473", "EventData.FailureAddress": "11630195", "EventData.ReferenceAddress": "12963296", "EventData.ReasonCode": "1"}
{"EventID": "158", "Channel": "Microsoft-Windows-Kernel-Boot/Operational", "Provider_Name": "Microsoft-Windows-Kernel-Boot", "Computer": "DESKTOP-OFJ6N53", "TimeCreated": "2025-08-12 12:17:20.207165+00:00", "RecordID": "800", "Level": "2", "UserID": "S-1-5-18", "EventData.DiagCode": "1076887595", "EventData.Status": "3221225659"}
{"EventID": "235", "Channel": "Microsoft-Windows-Kernel-Boot/Operational", "Provider_Name": "Microsoft-Windows-Kernel-Boot", "Computer": "DESKTOP-OFJ6N53", "TimeCreated": "2025-08-12 12:17:20.207233+00:00", "RecordID": "801", "Level": "2", "UserID": "S-1-5-18", "EventData.StatusCode": "3221225474", "EventData.Position": "1"}
{"EventID": "208", "Channel": "Microsoft-Windows-Kernel-Boot/Operational", "Provider_Name": "Microsoft-Windows-Kernel-Boot", "Computer": "DESKTOP-OFJ6N53", "TimeCreated": "2025-08-12 12:17:20.207235+00:00", "RecordID": "802", "Level": "2", "UserID": "S-1-5-18", "EventData.InitState": "1", "EventData.StatusCode": "3221225473", "EventData.FailureAddress": "268921370", "EventData.ReferenceAddress": "270165216", "EventData.ReasonCode": "1"}
{"EventID": "235", "Channel": "Microsoft-Windows-Kernel-Boot/Operational", "Provider_Name": "Microsoft-Windows-Kernel-Boot", "Computer": "DESKTOP-OFJ6N53", "TimeCreated": "2025-08-13 14:39:40.883177+00:00", "RecordID": "803", "Level": "2", "UserID": "S-1-5-18", "EventData.StatusCode": "3221225474", "EventData.Position": "1"}
{"EventID": "208", "Channel": "Microsoft-Windows-Kernel-Boot/Operational", "Provider_Name": "Microsoft-Windows-Kernel-Boot", "Computer": "DESKTOP-OFJ6N53", "TimeCreated": "2025-08-13 14:39:40.883179+00:00", "RecordID": "804", "Level": "2", "UserID": "S-1-5-18", "EventData.InitState": "1", "EventData.StatusCode": "3221225473", "EventData.FailureAddress": "11630195", "EventData.ReferenceAddress": "12963296", "EventData.ReasonCode": "1"}
{"EventID": "158", "Channel": "Microsoft-Windows-Kernel-Boot/Operational", "Provider_Name": "Microsoft-Windows-Kernel-Boot", "Computer": "DESKTOP-OFJ6N53", "TimeCreated": "2025-08-13 14:39:40.883411+00:00", "RecordID": "805", "Level": "2", "UserID": "S-1-5-18", "EventData.DiagCode": "1076887595", "EventData.Status": "3221225659"}
{"EventID": "235", "Channel": "Microsoft-Windows-Kernel-Boot/Operational", "Provider_Name": "Microsoft-Windows-Kernel-Boot", "Computer": "DESKTOP-OFJ6N53", "TimeCreated": "2025-08-13 14:39:40.883492+00:00", "RecordID": "806", "Level": "2", "UserID": "S-1-5-18", "EventData.StatusCode": "3221225474", "EventData.Position": "1"}
{"EventID": "208", "Channel": "Microsoft-Windows-Kernel-Boot/Operational", "Provider_Name": "Microsoft-Windows-Kernel-Boot", "Computer": "DESKTOP-OFJ6N53", "TimeCreated": "2025-08-13 14:39:40.883492+00:00", "RecordID": "807", "Level": "2", "UserID": "S-1-5-18", "EventData.InitState": "1", "EventData.StatusCode": "3221225473", "EventData.FailureAddress": "268921370", "EventData.ReferenceAddress": "270165216", "EventData.ReasonCode": "1"}
{"EventID": "235", "Channel": "Microsoft-Windows-Kernel-Boot/Operational", "Provider_Name": "Microsoft-Windows-Kernel-Boot", "Computer": "DESKTOP-OFJ6N53", "TimeCreated": "2025-08-19 07:18:41.010168+00:00", "RecordID": "808", "Level": "2", "UserID": "S-1-5-18", "EventData.StatusCode": "3221225474", "EventData.Position": "1"}
{"EventID": "208", "Channel": "Microsoft-Windows-Kernel-Boot/Operational", "Provider_Name": "Microsoft-Windows-Kernel-Boot", "Computer": "DESKTOP-OFJ6N53", "TimeCreated": "2025-08-19 07:18:41.010168+00:00", "RecordID": "809", "Level": "2", "UserID": "S-1-5-18", "EventData.InitState": "1", "EventData.StatusCode": "3221225473", "EventData.FailureAddress": "11630195", "EventData.ReferenceAddress": "12963296", "EventData.ReasonCode": "1"}
{"EventID": "158", "Channel": "Microsoft-Windows-Kernel-Boot/Operational", "Provider_Name": "Microsoft-Windows-Kernel-Boot", "Computer": "DESKTOP-OFJ6N53", "TimeCreated": "2025-08-19 07:18:41.010418+00:00", "RecordID": "810", "Level": "2", "UserID": "S-1-5-18", "EventData.DiagCode": "1076887595", "EventData.Status": "3221225659"}
{"EventID": "235", "Channel": "Microsoft-Windows-Kernel-Boot/Operational", "Provider_Name": "Microsoft-Windows-Kernel-Boot", "Computer": "DESKTOP-OFJ6N53", "TimeCreated": "2025-08-19 07:18:41.010498+00:00", "RecordID": "811", "Level": "2", "UserID": "S-1-5-18", "EventData.StatusCode": "3221225474", "EventData.Position": "1"}
{"EventID": "208", "Channel": "Microsoft-Windows-Kernel-Boot/Operational", "Provider_Name": "Microsoft-Windows-Kernel-Boot", "Computer": "DESKTOP-OFJ6N53", "TimeCreated": "2025-08-19 07:18:41.010500+00:00", "RecordID": "812", "Level": "2", "UserID": "S-1-5-18", "EventData.InitState": "1", "EventData.StatusCode": "3221225473", "EventData.FailureAddress": "268921370", "EventData.ReferenceAddress": "270165216", "EventData.ReasonCode": "1"}
{"EventID": "235", "Channel": "Microsoft-Windows-Kernel-Boot/Operational", "Provider_Name": "Microsoft-Windows-Kernel-Boot", "Computer": "DESKTOP-OFJ6N53", "TimeCreated": "2025-08-19 07:44:07.136782+00:00", "RecordID": "813", "Level": "2", "UserID": "S-1-5-18", "EventData.StatusCode": "3221225474", "EventData.Position": "1"}
{"EventID": "208", "Channel": "Microsoft-Windows-Kernel-Boot/Operational", "Provider_Name": "Microsoft-Windows-Kernel-Boot", "Computer": "DESKTOP-OFJ6N53", "TimeCreated": "2025-08-19 07:44:07.136784+00:00", "RecordID": "814", "Level": "2", "UserID": "S-1-5-18", "EventData.InitState": "1", "EventData.StatusCode": "3221225473", "EventData.FailureAddress": "11630195", "EventData.ReferenceAddress": "12963296", "EventData.ReasonCode": "1"}
{"EventID": "158", "Channel": "Microsoft-Windows-Kernel-Boot/Operational", "Provider_Name": "Microsoft-Windows-Kernel-Boot", "Computer": "DESKTOP-OFJ6N53", "TimeCreated": "2025-08-19 07:44:07.137054+00:00", "RecordID": "815", "Level": "2", "UserID": "S-1-5-18", "EventData.DiagCode": "1076887595", "EventData.Status": "3221225659"}
{"EventID": "235", "Channel": "Microsoft-Windows-Kernel-Boot/Operational", "Provider_Name": "Microsoft-Windows-Kernel-Boot", "Computer": "DESKTOP-OFJ6N53", "TimeCreated": "2025-08-19 07:44:07.137154+00:00", "RecordID": "816", "Level": "2", "UserID": "S-1-5-18", "EventData.StatusCode": "3221225474", "EventData.Position": "1"}
{"EventID": "208", "Channel": "Microsoft-Windows-Kernel-Boot/Operational", "Provider_Name": "Microsoft-Windows-Kernel-Boot", "Computer": "DESKTOP-OFJ6N53", "TimeCreated": "2025-08-19 07:44:07.137156+00:00", "RecordID": "817", "Level": "2", "UserID": "S-1-5-18", "EventData.InitState": "1", "EventData.StatusCode": "3221225473", "EventData.FailureAddress": "268921370", "EventData.ReferenceAddress": "270165216", "EventData.ReasonCode": "1"}
{"EventID": "235", "Channel": "Microsoft-Windows-Kernel-Boot/Operational", "Provider_Name": "Microsoft-Windows-Kernel-Boot", "Computer": "DESKTOP-OFJ6N53", "TimeCreated": "2025-08-22 12:57:57.529732+00:00", "RecordID": "818", "Level": "2", "UserID": "S-1-5-18", "EventData.StatusCode": "3221225474", "EventData.Position": "1"}
{"EventID": "208", "Channel": "Microsoft-Windows-Kernel-Boot/Operational", "Provider_Name": "Microsoft-Windows-Kernel-Boot", "Computer": "DESKTOP-OFJ6N53", "TimeCreated": "2025-08-22 12:57:57.529734+00:00", "RecordID": "819", "Level": "2", "UserID": "S-1-5-18", "EventData.InitState": "1", "EventData.StatusCode": "3221225473", "EventData.FailureAddress": "11630195", "EventData.ReferenceAddress": "12963296", "EventData.ReasonCode": "1"}
{"EventID": "158", "Channel": "Microsoft-Windows-Kernel-Boot/Operational", "Provider_Name": "Microsoft-Windows-Kernel-Boot", "Computer": "DESKTOP-OFJ6N53", "TimeCreated": "2025-08-22 12:57:57.529940+00:00", "RecordID": "820", "Level": "2", "UserID": "S-1-5-18", "EventData.DiagCode": "1076887595", "EventData.Status": "3221225659"}
{"EventID": "235", "Channel": "Microsoft-Windows-Kernel-Boot/Operational", "Provider_Name": "Microsoft-Windows-Kernel-Boot", "Computer": "DESKTOP-OFJ6N53", "TimeCreated": "2025-08-22 12:57:57.530010+00:00", "RecordID": "821", "Level": "2", "UserID": "S-1-5-18", "EventData.StatusCode": "3221225474", "EventData.Position": "1"}
{"EventID": "208", "Channel": "Microsoft-Windows-Kernel-Boot/Operational", "Provider_Name": "Microsoft-Windows-Kernel-Boot", "Computer": "DESKTOP-OFJ6N53", "TimeCreated": "2025-08-22 12:57:57.530010+00:00", "RecordID": "822", "Level": "2", "UserID": "S-1-5-18", "EventData.InitState": "1", "EventData.StatusCode": "3221225473", "EventData.FailureAddress": "268921370", "EventData.ReferenceAddress": "270165216", "EventData.ReasonCode": "1"}
{"EventID": "235", "Channel": "Microsoft-Windows-Kernel-Boot/Operational", "Provider_Name": "Microsoft-Windows-Kernel-Boot", "Computer": "DESKTOP-OFJ6N53", "TimeCreated": "2025-08-23 20:32:59.433960+00:00", "RecordID": "823", "Level": "2", "UserID": "S-1-5-18", "EventData.StatusCode": "3221225474", "EventData.Position": "1"}
{"EventID": "208", "Channel": "Microsoft-Windows-Kernel-Boot/Operational", "Provider_Name": "Microsoft-Windows-Kernel-Boot", "Computer": "DESKTOP-OFJ6N53", "TimeCreated": "2025-08-23 20:32:59.433962+00:00", "RecordID": "824", "Level": "2", "UserID": "S-1-5-18", "EventData.InitState": "1", "EventData.StatusCode": "3221225473", "EventData.FailureAddress": "11630195", "EventData.ReferenceAddress": "12963296", "EventData.ReasonCode": "1"}
{"EventID": "158", "Channel": "Microsoft-Windows-Kernel-Boot/Operational", "Provider_Name": "Microsoft-Windows-Kernel-Boot", "Computer": "DESKTOP-OFJ6N53", "TimeCreated": "2025-08-23 20:32:59.434233+00:00", "RecordID": "825", "Level": "2", "UserID": "S-1-5-18", "EventData.DiagCode": "1076887595", "EventData.Status": "3221225659"}
{"EventID": "235", "Channel": "Microsoft-Windows-Kernel-Boot/Operational", "Provider_Name": "Microsoft-Windows-Kernel-Boot", "Computer": "DESKTOP-OFJ6N53", "TimeCreated": "2025-08-23 20:32:59.434319+00:00", "RecordID": "826", "Level": "2", "UserID": "S-1-5-18", "EventData.StatusCode": "3221225474", "EventData.Position": "1"}
{"EventID": "208", "Channel": "Microsoft-Windows-Kernel-Boot/Operational", "Provider_Name": "Microsoft-Windows-Kernel-Boot", "Computer": "DESKTOP-OFJ6N53", "TimeCreated": "2025-08-23 20:32:59.434320+00:00", "RecordID": "827", "Level": "2", "UserID": "S-1-5-18", "EventData.InitState": "1", "EventData.StatusCode": "3221225473", "EventData.FailureAddress": "268921370", "EventData.ReferenceAddress": "270165216", "EventData.ReasonCode": "1"}
