{"EventID": "1600", "Channel": "Microsoft-Windows-Biometrics/Operational", "Provider_Name": "Microsoft-Windows-Biometrics", "Computer": "DESKTOP-OFJ6N53", "TimeCreated": "2022-02-24 09:08:33.588253+00:00", "RecordID": "1", "Level": "4", "UserID": "S-1-5-18", "EventData.ErrorCode": "0x80070032"}
{"EventID": "1105", "Channel": "Microsoft-Windows-Biometrics/Operational", "Provider_Name": "Microsoft-Windows-Biometrics", "Computer": "DESKTOP-OFJ6N53", "TimeCreated": "2022-02-24 09:08:34.301558+00:00", "RecordID": "2", "Level": "4", "UserID": "S-1-5-18", "EventData.BiometricSensor": "Windows Hello Face Virtual Software Device (\\Bootstrap\\Virtual Sensors\\{0527b250-7514-4321-8b68-41c65f956998})", "EventData.SensorAdapter": "FaceBootstrapAdapter.dll", "EventData.EngineAdapter": "FaceBootstrapAdapter.dll", "EventData.StorageAdapter": "FaceBootstrapAdapter.dll", "EventData.DatabaseID": "{dc576da6-d676-4a15-906d-c0ceaf949543}", "EventData.SensorMode": "1", "EventData.SensorPool": "1", "EventData.IsolationLevel": "0", "EventData.IsolationSensorAdapter": "-", "EventData.IsolationEngineAdapter": "-", "EventData.IsolationStorageAdapter": "-", "EventData.Component": "1", "EventData.ErrorCode": "0x80004001"}
{"EventID": "1109", "Channel": "Microsoft-Windows-Biometrics/Operational", "Provider_Name": "Microsoft-Windows-Biometrics", "Computer": "DESKTOP-OFJ6N53", "TimeCreated": "2022-02-24 09:08:34.301569+00:00", "RecordID": "3", "Level": "4", "UserID": "S-1-5-18", "EventData.BiometricSensor": "Windows Hello Face Virtual Software Device (\\Bootstrap\\Virtual Sensors\\{0527b250-7514-4321-8b68-41c65f956998})", "EventData.SensorAdapter": "FaceBootstrapAdapter.dll", "EventData.EngineAdapter": "FaceBootstrapAdapter.dll", "EventData.StorageAdapter": "FaceBootstrapAdapter.dll", "EventData.DatabaseID": "{dc576da6-d676-4a15-906d-c0ceaf949543}", "EventData.SensorMode": "1", "EventData.SensorPool": "1", "EventData.IsolationLevel": "0", "EventData.IsolationSensorAdapter": "-", "EventData.IsolationEngineAdapter": "-", "EventData.IsolationStorageAdapter": "-", "EventData.ErrorCode": "0x80004001"}
{"EventID": "1108", "Channel": "Microsoft-Windows-Biometrics/Operational", "Provider_Name": "Microsoft-Windows-Biometrics", "Computer": "DESKTOP-OFJ6N53", "TimeCreated": "2022-02-24 09:08:34.500866+00:00", "RecordID": "4", "Level": "5", "UserID": "S-1-5-18", "EventData.BiometricSensor": "Analog NUI Voice Virtual Sensor (\\Voice\\Virtual Sensors\\{F25AB4A2-593A-4A89-B9FF-8144BEA81E15})", "EventData.SensorAdapter": "NUIVoiceWBSAdapters.dll", "EventData.EngineAdapter": "NUIVoiceWBSAdapters.dll", "EventData.StorageAdapter": "WinBioStorageAdapter.dll", "EventData.DatabaseID": "{51f39552-1075-4199-b513-0c10ea185db0}", "EventData.SensorMode": "1", "EventData.SensorPool": "1", "EventData.IsolationLevel": "0", "EventData.IsolationSensorAdapter": "-", "EventData.IsolationEngineAdapter": "-", "EventData.IsolationStorageAdapter": "-"}
{"EventID": "1600", "Channel": "Microsoft-Windows-Biometrics/Operational", "Provider_Name": "Microsoft-Windows-Biometrics", "Computer": "DESKTOP-OFJ6N53", "TimeCreated": "2022-02-25 00:32:00.873835+00:00", "RecordID": "5", "Level": "4", "UserID": "S-1-5-18", "EventData.ErrorCode": "0x80070032"}
{"EventID": "1105", "Channel": "Microsoft-Windows-Biometrics/Operational", "Provider_Name": "Microsoft-Windows-Biometrics", "Computer": "DESKTOP-OFJ6N53", "TimeCreated": "2022-02-25 00:32:01.207150+00:00", "RecordID": "6", "Level": "4", "UserID": "S-1-5-18", "EventData.BiometricSensor": "Windows Hello Face Virtual Software Device (\\Bootstrap\\Virtual Sensors\\{0527b250-7514-4321-8b68-41c65f956998})", "EventData.SensorAdapter": "FaceBootstrapAdapter.dll", "EventData.EngineAdapter": "FaceBootstrapAdapter.dll", "EventData.StorageAdapter": "FaceBootstrapAdapter.dll", "EventData.DatabaseID": "{dc576da6-d676-4a15-906d-c0ceaf949543}", "EventData.SensorMode": "1", "EventData.SensorPool": "1", "EventData.IsolationLevel": "0", "EventData.IsolationSensorAdapter": "-", "EventData.IsolationEngineAdapter": "-", "EventData.IsolationStorageAdapter": "-", "EventData.Component": "1", "EventData.ErrorCode": "0x80004001"}
{"EventID": "1109", "Channel": "Microsoft-Windows-Biometrics/Operational", "Provider_Name": "Microsoft-Windows-Biometrics", "Computer": "DESKTOP-OFJ6N53", "TimeCreated": "2022-02-25 00:32:01.207157+00:00", "RecordID": "7", "Level": "4", "UserID": "S-1-5-18", "EventData.BiometricSensor": "Windows Hello Face Virtual Software Device (\\Bootstrap\\Virtual Sensors\\{0527b250-7514-4321-8b68-41c65f956998})", "EventData.SensorAdapter": "FaceBootstrapAdapter.dll", "EventData.EngineAdapter": "FaceBootstrapAdapter.dll", "EventData.StorageAdapter": "FaceBootstrapAdapter.dll", "EventData.DatabaseID": "{dc576da6-d676-4a15-906d-c0ceaf949543}", "EventData.SensorMode": "1", "EventData.SensorPool": "1", "EventData.IsolationLevel": "0", "EventData.IsolationSensorAdapter": "-", "EventData.IsolationEngineAdapter": "-", "EventData.IsolationStorageAdapter": "-", "EventData.ErrorCode": "0x80004001"}
{"EventID": "1108", "Channel": "Microsoft-Windows-Biometrics/Operational", "Provider_Name": "Microsoft-Windows-Biometrics", "Computer": "DESKTOP-OFJ6N53", "TimeCreated": "2022-02-25 00:32:01.404381+00:00", "RecordID": "8", "Level": "5", "UserID": "S-1-5-18", "EventData.BiometricSensor": "Analog NUI Voice Virtual Sensor (\\Voice\\Virtual Sensors\\{F25AB4A2-593A-4A89-B9FF-8144BEA81E15})", "EventData.SensorAdapter": "NUIVoiceWBSAdapters.dll", "EventData.EngineAdapter": "NUIVoiceWBSAdapters.dll", "EventData.StorageAdapter": "WinBioStorageAdapter.dll", "EventData.DatabaseID": "{51f39552-1075-4199-b513-0c10ea185db0}", "EventData.SensorMode": "1", "EventData.SensorPool": "1", "EventData.IsolationLevel": "0", "EventData.IsolationSensorAdapter": "-", "EventData.IsolationEngineAdapter": "-", "EventData.IsolationStorageAdapter": "-"}
{"EventID": "1600", "Channel": "Microsoft-Windows-Biometrics/Operational", "Provider_Name": "Microsoft-Windows-Biometrics", "Computer": "DESKTOP-OFJ6N53", "TimeCreated": "2022-03-25 00:55:11.058846+00:00", "RecordID": "9", "Level": "4", "UserID": "S-1-5-18", "EventData.ErrorCode": "0x80070032"}
{"EventID": "1105", "Channel": "Microsoft-Windows-Biometrics/Operational", "Provider_Name": "Microsoft-Windows-Biometrics", "Computer": "DESKTOP-OFJ6N53", "TimeCreated": "2022-03-25 00:55:11.171854+00:00", "RecordID": "10", "Level": "4", "UserID": "S-1-5-18", "EventData.BiometricSensor": "Windows Hello Face Virtual Software Device (\\Bootstrap\\Virtual Sensors\\{0527b250-7514-4321-8b68-41c65f956998})", "EventData.SensorAdapter": "FaceBootstrapAdapter.dll", "EventData.EngineAdapter": "FaceBootstrapAdapter.dll", "EventData.StorageAdapter": "FaceBootstrapAdapter.dll", "EventData.DatabaseID": "{dc576da6-d676-4a15-906d-c0ceaf949543}", "EventData.SensorMode": "1", "EventData.SensorPool": "1", "EventData.IsolationLevel": "0", "EventData.IsolationSensorAdapter": "-", "EventData.IsolationEngineAdapter": "-", "EventData.IsolationStorageAdapter": "-", "EventData.Component": "1", "EventData.ErrorCode": "0x80004001"}
{"EventID": "1109", "Channel": "Microsoft-Windows-Biometrics/Operational", "Provider_Name": "Microsoft-Windows-Biometrics", "Computer": "DESKTOP-OFJ6N53", "TimeCreated": "2022-03-25 00:55:11.171860+00:00", "RecordID": "11", "Level": "4", "UserID": "S-1-5-18", "EventData.BiometricSensor": "Windows Hello Face Virtual Software Device (\\Bootstrap\\Virtual Sensors\\{0527b250-7514-4321-8b68-41c65f956998})", "EventData.SensorAdapter": "FaceBootstrapAdapter.dll", "EventData.EngineAdapter": "FaceBootstrapAdapter.dll", "EventData.StorageAdapter": "FaceBootstrapAdapter.dll", "EventData.DatabaseID": "{dc576da6-d676-4a15-906d-c0ceaf949543}", "EventData.SensorMode": "1", "EventData.SensorPool": "1", "EventData.IsolationLevel": "0", "EventData.IsolationSensorAdapter": "-", "EventData.IsolationEngineAdapter": "-", "EventData.IsolationStorageAdapter": "-", "EventData.ErrorCode": "0x80004001"}
{"EventID": "1108", "Channel": "Microsoft-Windows-Biometrics/Operational", "Provider_Name": "Microsoft-Windows-Biometrics", "Computer": "DESKTOP-OFJ6N53", "TimeCreated": "2022-03-25 00:55:11.214504+00:00", "RecordID": "12", "Level": "5", "UserID": "S-1-5-18", "EventData.BiometricSensor": "Analog NUI Voice Virtual Sensor (\\Voice\\Virtual Sensors\\{F25AB4A2-593A-4A89-B9FF-8144BEA81E15})", "EventData.SensorAdapter": "NUIVoiceWBSAdapters.dll", "EventData.EngineAdapter": "NUIVoiceWBSAdapters.dll", "EventData.StorageAdapter": "WinBioStorageAdapter.dll", "EventData.DatabaseID": "{51f39552-1075-4199-b513-0c10ea185db0}", "EventData.SensorMode": "1", "EventData.SensorPool": "1", "EventData.IsolationLevel": "0", "EventData.IsolationSensorAdapter": "-", "EventData.IsolationEngineAdapter": "-", "EventData.IsolationStorageAdapter": "-"}
{"EventID": "1600", "Channel": "Microsoft-Windows-Biometrics/Operational", "Provider_Name": "Microsoft-Windows-Biometrics", "Computer": "DESKTOP-OFJ6N53", "TimeCreated": "2022-04-23 01:59:18.718996+00:00", "RecordID": "13", "Level": "4", "UserID": "S-1-5-18", "EventData.ErrorCode": "0x80070032"}
{"EventID": "1105", "Channel": "Microsoft-Windows-Biometrics/Operational", "Provider_Name": "Microsoft-Windows-Biometrics", "Computer": "DESKTOP-OFJ6N53", "TimeCreated": "2022-04-23 01:59:18.775698+00:00", "RecordID": "14", "Level": "4", "UserID": "S-1-5-18", "EventData.BiometricSensor": "Windows Hello Face Virtual Software Device (\\Bootstrap\\Virtual Sensors\\{0527b250-7514-4321-8b68-41c65f956998})", "EventData.SensorAdapter": "FaceBootstrapAdapter.dll", "EventData.EngineAdapter": "FaceBootstrapAdapter.dll", "EventData.StorageAdapter": "FaceBootstrapAdapter.dll", "EventData.DatabaseID": "{dc576da6-d676-4a15-906d-c0ceaf949543}", "EventData.SensorMode": "1", "EventData.SensorPool": "1", "EventData.IsolationLevel": "0", "EventData.IsolationSensorAdapter": "-", "EventData.IsolationEngineAdapter": "-", "EventData.IsolationStorageAdapter": "-", "EventData.Component": "1", "EventData.ErrorCode": "0x80004001"}
{"EventID": "1109", "Channel": "Microsoft-Windows-Biometrics/Operational", "Provider_Name": "Microsoft-Windows-Biometrics", "Computer": "DESKTOP-OFJ6N53", "TimeCreated": "2022-04-23 01:59:18.775707+00:00", "RecordID": "15", "Level": "4", "UserID": "S-1-5-18", "EventData.BiometricSensor": "Windows Hello Face Virtual Software Device (\\Bootstrap\\Virtual Sensors\\{0527b250-7514-4321-8b68-41c65f956998})", "EventData.SensorAdapter": "FaceBootstrapAdapter.dll", "EventData.EngineAdapter": "FaceBootstrapAdapter.dll", "EventData.StorageAdapter": "FaceBootstrapAdapter.dll", "EventData.DatabaseID": "{dc576da6-d676-4a15-906d-c0ceaf949543}", "EventData.SensorMode": "1", "EventData.SensorPool": "1", "EventData.IsolationLevel": "0", "EventData.IsolationSensorAdapter": "-", "EventData.IsolationEngineAdapter": "-", "EventData.IsolationStorageAdapter": "-", "EventData.ErrorCode": "0x80004001"}
{"EventID": "1108", "Channel": "Microsoft-Windows-Biometrics/Operational", "Provider_Name": "Microsoft-Windows-Biometrics", "Computer": "DESKTOP-OFJ6N53", "TimeCreated": "2022-04-23 01:59:18.811583+00:00", "RecordID": "16", "Level": "5", "UserID": "S-1-5-18", "EventData.BiometricSensor": "Analog NUI Voice Virtual Sensor (\\Voice\\Virtual Sensors\\{F25AB4A2-593A-4A89-B9FF-8144BEA81E15})", "EventData.SensorAdapter": "NUIVoiceWBSAdapters.dll", "EventData.EngineAdapter": "NUIVoiceWBSAdapters.dll", "EventData.StorageAdapter": "WinBioStorageAdapter.dll", "EventData.DatabaseID": "{51f39552-1075-4199-b513-0c10ea185db0}", "EventData.SensorMode": "1", "EventData.SensorPool": "1", "EventData.IsolationLevel": "0", "EventData.IsolationSensorAdapter": "-", "EventData.IsolationEngineAdapter": "-", "EventData.IsolationStorageAdapter": "-"}
{"EventID": "1600", "Channel": "Microsoft-Windows-Biometrics/Operational", "Provider_Name": "Microsoft-Windows-Biometrics", "Computer": "DESKTOP-OFJ6N53", "TimeCreated": "2022-05-22 00:48:31.911621+00:00", "RecordID": "17", "Level": "4", "UserID": "S-1-5-18", "EventData.ErrorCode": "0x80070032"}
{"EventID": "1105", "Channel": "Microsoft-Windows-Biometrics/Operational", "Provider_Name": "Microsoft-Windows-Biometrics", "Computer": "DESKTOP-OFJ6N53", "TimeCreated": "2022-05-22 00:48:32.179493+00:00", "RecordID": "18", "Level": "4", "UserID": "S-1-5-18", "EventData.BiometricSensor": "Windows Hello Face Virtual Software Device (\\Bootstrap\\Virtual Sensors\\{0527b250-7514-4321-8b68-41c65f956998})", "EventData.SensorAdapter": "FaceBootstrapAdapter.dll", "EventData.EngineAdapter": "FaceBootstrapAdapter.dll", "EventData.StorageAdapter": "FaceBootstrapAdapter.dll", "EventData.DatabaseID": "{dc576da6-d676-4a15-906d-c0ceaf949543}", "EventData.SensorMode": "1", "EventData.SensorPool": "1", "EventData.IsolationLevel": "0", "EventData.IsolationSensorAdapter": "-", "EventData.IsolationEngineAdapter": "-", "EventData.IsolationStorageAdapter": "-", "EventData.Component": "1", "EventData.ErrorCode": "0x80004001"}
{"EventID": "1109", "Channel": "Microsoft-Windows-Biometrics/Operational", "Provider_Name": "Microsoft-Windows-Biometrics", "Computer": "DESKTOP-OFJ6N53", "TimeCreated": "2022-05-22 00:48:32.179501+00:00", "RecordID": "19", "Level": "4", "UserID": "S-1-5-18", "EventData.BiometricSensor": "Windows Hello Face Virtual Software Device (\\Bootstrap\\Virtual Sensors\\{0527b250-7514-4321-8b68-41c65f956998})", "EventData.SensorAdapter": "FaceBootstrapAdapter.dll", "EventData.EngineAdapter": "FaceBootstrapAdapter.dll", "EventData.StorageAdapter": "FaceBootstrapAdapter.dll", "EventData.DatabaseID": "{dc576da6-d676-4a15-906d-c0ceaf949543}", "EventData.SensorMode": "1", "EventData.SensorPool": "1", "EventData.IsolationLevel": "0", "EventData.IsolationSensorAdapter": "-", "EventData.IsolationEngineAdapter": "-", "EventData.IsolationStorageAdapter": "-", "EventData.ErrorCode": "0x80004001"}
{"EventID": "1108", "Channel": "Microsoft-Windows-Biometrics/Operational", "Provider_Name": "Microsoft-Windows-Biometrics", "Computer": "DESKTOP-OFJ6N53", "TimeCreated": "2022-05-22 00:48:32.420410+00:00", "RecordID": "20", "Level": "5", "UserID": "S-1-5-18", "EventData.BiometricSensor": "Analog NUI Voice Virtual Sensor (\\Voice\\Virtual Sensors\\{F25AB4A2-593A-4A89-B9FF-8144BEA81E15})", "EventData.SensorAdapter": "NUIVoiceWBSAdapters.dll", "EventData.EngineAdapter": "NUIVoiceWBSAdapters.dll", "EventData.StorageAdapter": "WinBioStorageAdapter.dll", "EventData.DatabaseID": "{51f39552-1075-4199-b513-0c10ea185db0}", "EventData.SensorMode": "1", "EventData.SensorPool": "1", "EventData.IsolationLevel": "0", "EventData.IsolationSensorAdapter": "-", "EventData.IsolationEngineAdapter": "-", "EventData.IsolationStorageAdapter": "-"}
{"EventID": "1600", "Channel": "Microsoft-Windows-Biometrics/Operational", "Provider_Name": "Microsoft-Windows-Biometrics", "Computer": "DESKTOP-OFJ6N53", "TimeCreated": "2022-06-19 01:41:37.842724+00:00", "RecordID": "21", "Level": "4", "UserID": "S-1-5-18", "EventData.ErrorCode": "0x80070032"}
{"EventID": "1105", "Channel": "Microsoft-Windows-Biometrics/Operational", "Provider_Name": "Microsoft-Windows-Biometrics", "Computer": "DESKTOP-OFJ6N53", "TimeCreated": "2022-06-19 01:41:38.377100+00:00", "RecordID": "22", "Level": "4", "UserID": "S-1-5-18", "EventData.BiometricSensor": "Windows Hello Face Virtual Software Device (\\Bootstrap\\Virtual Sensors\\{0527b250-7514-4321-8b68-41c65f956998})", "EventData.SensorAdapter": "FaceBootstrapAdapter.dll", "EventData.EngineAdapter": "FaceBootstrapAdapter.dll", "EventData.StorageAdapter": "FaceBootstrapAdapter.dll", "EventData.DatabaseID": "{dc576da6-d676-4a15-906d-c0ceaf949543}", "EventData.SensorMode": "1", "EventData.SensorPool": "1", "EventData.IsolationLevel": "0", "EventData.IsolationSensorAdapter": "-", "EventData.IsolationEngineAdapter": "-", "EventData.IsolationStorageAdapter": "-", "EventData.Component": "1", "EventData.ErrorCode": "0x80004001"}
{"EventID": "1109", "Channel": "Microsoft-Windows-Biometrics/Operational", "Provider_Name": "Microsoft-Windows-Biometrics", "Computer": "DESKTOP-OFJ6N53", "TimeCreated": "2022-06-19 01:41:38.377113+00:00", "RecordID": "23", "Level": "4", "UserID": "S-1-5-18", "EventData.BiometricSensor": "Windows Hello Face Virtual Software Device (\\Bootstrap\\Virtual Sensors\\{0527b250-7514-4321-8b68-41c65f956998})", "EventData.SensorAdapter": "FaceBootstrapAdapter.dll", "EventData.EngineAdapter": "FaceBootstrapAdapter.dll", "EventData.StorageAdapter": "FaceBootstrapAdapter.dll", "EventData.DatabaseID": "{dc576da6-d676-4a15-906d-c0ceaf949543}", "EventData.SensorMode": "1", "EventData.SensorPool": "1", "EventData.IsolationLevel": "0", "EventData.IsolationSensorAdapter": "-", "EventData.IsolationEngineAdapter": "-", "EventData.IsolationStorageAdapter": "-", "EventData.ErrorCode": "0x80004001"}
{"EventID": "1108", "Channel": "Microsoft-Windows-Biometrics/Operational", "Provider_Name": "Microsoft-Windows-Biometrics", "Computer": "DESKTOP-OFJ6N53", "TimeCreated": "2022-06-19 01:41:38.781670+00:00", "RecordID": "24", "Level": "5", "UserID": "S-1-5-18", "EventData.BiometricSensor": "Analog NUI Voice Virtual Sensor (\\Voice\\Virtual Sensors\\{F25AB4A2-593A-4A89-B9FF-8144BEA81E15})", "EventData.SensorAdapter": "NUIVoiceWBSAdapters.dll", "EventData.EngineAdapter": "NUIVoiceWBSAdapters.dll", "EventData.StorageAdapter": "WinBioStorageAdapter.dll", "EventData.DatabaseID": "{51f39552-1075-4199-b513-0c10ea185db0}", "EventData.SensorMode": "1", "EventData.SensorPool": "1", "EventData.IsolationLevel": "0", "EventData.IsolationSensorAdapter": "-", "EventData.IsolationEngineAdapter": "-", "EventData.IsolationStorageAdapter": "-"}
{"EventID": "1600", "Channel": "Microsoft-Windows-Biometrics/Operational", "Provider_Name": "Microsoft-Windows-Biometrics", "Computer": "DESKTOP-OFJ6N53", "TimeCreated": "2022-07-17 01:45:54.173113+00:00", "RecordID": "25", "Level": "4", "UserID": "S-1-5-18", "EventData.ErrorCode": "0x80070032"}
{"EventID": "1105", "Channel": "Microsoft-Windows-Biometrics/Operational", "Provider_Name": "Microsoft-Windows-Biometrics", "Computer": "DESKTOP-OFJ6N53", "TimeCreated": "2022-07-17 01:45:54.307802+00:00", "RecordID": "26", "Level": "4", "UserID": "S-1-5-18", "EventData.BiometricSensor": "Windows Hello Face Virtual Software Device (\\Bootstrap\\Virtual Sensors\\{0527b250-7514-4321-8b68-41c65f956998})", "EventData.SensorAdapter": "FaceBootstrapAdapter.dll", "EventData.EngineAdapter": "FaceBootstrapAdapter.dll", "EventData.StorageAdapter": "FaceBootstrapAdapter.dll", "EventData.DatabaseID": "{dc576da6-d676-4a15-906d-c0ceaf949543}", "EventData.SensorMode": "1", "EventData.SensorPool": "1", "EventData.IsolationLevel": "0", "EventData.IsolationSensorAdapter": "-", "EventData.IsolationEngineAdapter": "-", "EventData.IsolationStorageAdapter": "-", "EventData.Component": "1", "EventData.ErrorCode": "0x80004001"}
{"EventID": "1109", "Channel": "Microsoft-Windows-Biometrics/Operational", "Provider_Name": "Microsoft-Windows-Biometrics", "Computer": "DESKTOP-OFJ6N53", "TimeCreated": "2022-07-17 01:45:54.307814+00:00", "RecordID": "27", "Level": "4", "UserID": "S-1-5-18", "EventData.BiometricSensor": "Windows Hello Face Virtual Software Device (\\Bootstrap\\Virtual Sensors\\{0527b250-7514-4321-8b68-41c65f956998})", "EventData.SensorAdapter": "FaceBootstrapAdapter.dll", "EventData.EngineAdapter": "FaceBootstrapAdapter.dll", "EventData.StorageAdapter": "FaceBootstrapAdapter.dll", "EventData.DatabaseID": "{dc576da6-d676-4a15-906d-c0ceaf949543}", "EventData.SensorMode": "1", "EventData.SensorPool": "1", "EventData.IsolationLevel": "0", "EventData.IsolationSensorAdapter": "-", "EventData.IsolationEngineAdapter": "-", "EventData.IsolationStorageAdapter": "-", "EventData.ErrorCode": "0x80004001"}
{"EventID": "1108", "Channel": "Microsoft-Windows-Biometrics/Operational", "Provider_Name": "Microsoft-Windows-Biometrics", "Computer": "DESKTOP-OFJ6N53", "TimeCreated": "2022-07-17 01:45:54.469419+00:00", "RecordID": "28", "Level": "5", "UserID": "S-1-5-18", "EventData.BiometricSensor": "Analog NUI Voice Virtual Sensor (\\Voice\\Virtual Sensors\\{F25AB4A2-593A-4A89-B9FF-8144BEA81E15})", "EventData.SensorAdapter": "NUIVoiceWBSAdapters.dll", "EventData.EngineAdapter": "NUIVoiceWBSAdapters.dll", "EventData.StorageAdapter": "WinBioStorageAdapter.dll", "EventData.DatabaseID": "{51f39552-1075-4199-b513-0c10ea185db0}", "EventData.SensorMode": "1", "EventData.SensorPool": "1", "EventData.IsolationLevel": "0", "EventData.IsolationSensorAdapter": "-", "EventData.IsolationEngineAdapter": "-", "EventData.IsolationStorageAdapter": "-"}
{"EventID": "1600", "Channel": "Microsoft-Windows-Biometrics/Operational", "Provider_Name": "Microsoft-Windows-Biometrics", "Computer": "DESKTOP-OFJ6N53", "TimeCreated": "2022-08-15 00:42:06.274908+00:00", "RecordID": "29", "Level": "4", "UserID": "S-1-5-18", "EventData.ErrorCode": "0x80070032"}
{"EventID": "1105", "Channel": "Microsoft-Windows-Biometrics/Operational", "Provider_Name": "Microsoft-Windows-Biometrics", "Computer": "DESKTOP-OFJ6N53", "TimeCreated": "2022-08-15 00:42:06.521845+00:00", "RecordID": "30", "Level": "4", "UserID": "S-1-5-18", "EventData.BiometricSensor": "Windows Hello Face Virtual Software Device (\\Bootstrap\\Virtual Sensors\\{0527b250-7514-4321-8b68-41c65f956998})", "EventData.SensorAdapter": "FaceBootstrapAdapter.dll", "EventData.EngineAdapter": "FaceBootstrapAdapter.dll", "EventData.StorageAdapter": "FaceBootstrapAdapter.dll", "EventData.DatabaseID": "{dc576da6-d676-4a15-906d-c0ceaf949543}", "EventData.SensorMode": "1", "EventData.SensorPool": "1", "EventData.IsolationLevel": "0", "EventData.IsolationSensorAdapter": "-", "EventData.IsolationEngineAdapter": "-", "EventData.IsolationStorageAdapter": "-", "EventData.Component": "1", "EventData.ErrorCode": "0x80004001"}
{"EventID": "1109", "Channel": "Microsoft-Windows-Biometrics/Operational", "Provider_Name": "Microsoft-Windows-Biometrics", "Computer": "DESKTOP-OFJ6N53", "TimeCreated": "2022-08-15 00:42:06.521856+00:00", "RecordID": "31", "Level": "4", "UserID": "S-1-5-18", "EventData.BiometricSensor": "Windows Hello Face Virtual Software Device (\\Bootstrap\\Virtual Sensors\\{0527b250-7514-4321-8b68-41c65f956998})", "EventData.SensorAdapter": "FaceBootstrapAdapter.dll", "EventData.EngineAdapter": "FaceBootstrapAdapter.dll", "EventData.StorageAdapter": "FaceBootstrapAdapter.dll", "EventData.DatabaseID": "{dc576da6-d676-4a15-906d-c0ceaf949543}", "EventData.SensorMode": "1", "EventData.SensorPool": "1", "EventData.IsolationLevel": "0", "EventData.IsolationSensorAdapter": "-", "EventData.IsolationEngineAdapter": "-", "EventData.IsolationStorageAdapter": "-", "EventData.ErrorCode": "0x80004001"}
{"EventID": "1108", "Channel": "Microsoft-Windows-Biometrics/Operational", "Provider_Name": "Microsoft-Windows-Biometrics", "Computer": "DESKTOP-OFJ6N53", "TimeCreated": "2022-08-15 00:42:06.719959+00:00", "RecordID": "32", "Level": "5", "UserID": "S-1-5-18", "EventData.BiometricSensor": "Analog NUI Voice Virtual Sensor (\\Voice\\Virtual Sensors\\{F25AB4A2-593A-4A89-B9FF-8144BEA81E15})", "EventData.SensorAdapter": "NUIVoiceWBSAdapters.dll", "EventData.EngineAdapter": "NUIVoiceWBSAdapters.dll", "EventData.StorageAdapter": "WinBioStorageAdapter.dll", "EventData.DatabaseID": "{51f39552-1075-4199-b513-0c10ea185db0}", "EventData.SensorMode": "1", "EventData.SensorPool": "1", "EventData.IsolationLevel": "0", "EventData.IsolationSensorAdapter": "-", "EventData.IsolationEngineAdapter": "-", "EventData.IsolationStorageAdapter": "-"}
{"EventID": "1600", "Channel": "Microsoft-Windows-Biometrics/Operational", "Provider_Name": "Microsoft-Windows-Biometrics", "Computer": "DESKTOP-OFJ6N53", "TimeCreated": "2022-09-12 01:48:15.241365+00:00", "RecordID": "33", "Level": "4", "UserID": "S-1-5-18", "EventData.ErrorCode": "0x80070032"}
{"EventID": "1105", "Channel": "Microsoft-Windows-Biometrics/Operational", "Provider_Name": "Microsoft-Windows-Biometrics", "Computer": "DESKTOP-OFJ6N53", "TimeCreated": "2022-09-12 01:48:15.323380+00:00", "RecordID": "34", "Level": "4", "UserID": "S-1-5-18", "EventData.BiometricSensor": "Windows Hello Face Virtual Software Device (\\Bootstrap\\Virtual Sensors\\{0527b250-7514-4321-8b68-41c65f956998})", "EventData.SensorAdapter": "FaceBootstrapAdapter.dll", "EventData.EngineAdapter": "FaceBootstrapAdapter.dll", "EventData.StorageAdapter": "FaceBootstrapAdapter.dll", "EventData.DatabaseID": "{dc576da6-d676-4a15-906d-c0ceaf949543}", "EventData.SensorMode": "1", "EventData.SensorPool": "1", "EventData.IsolationLevel": "0", "EventData.IsolationSensorAdapter": "-", "EventData.IsolationEngineAdapter": "-", "EventData.IsolationStorageAdapter": "-", "EventData.Component": "1", "EventData.ErrorCode": "0x80004001"}
{"EventID": "1109", "Channel": "Microsoft-Windows-Biometrics/Operational", "Provider_Name": "Microsoft-Windows-Biometrics", "Computer": "DESKTOP-OFJ6N53", "TimeCreated": "2022-09-12 01:48:15.323387+00:00", "RecordID": "35", "Level": "4", "UserID": "S-1-5-18", "EventData.BiometricSensor": "Windows Hello Face Virtual Software Device (\\Bootstrap\\Virtual Sensors\\{0527b250-7514-4321-8b68-41c65f956998})", "EventData.SensorAdapter": "FaceBootstrapAdapter.dll", "EventData.EngineAdapter": "FaceBootstrapAdapter.dll", "EventData.StorageAdapter": "FaceBootstrapAdapter.dll", "EventData.DatabaseID": "{dc576da6-d676-4a15-906d-c0ceaf949543}", "EventData.SensorMode": "1", "EventData.SensorPool": "1", "EventData.IsolationLevel": "0", "EventData.IsolationSensorAdapter": "-", "EventData.IsolationEngineAdapter": "-", "EventData.IsolationStorageAdapter": "-", "EventData.ErrorCode": "0x80004001"}
{"EventID": "1108", "Channel": "Microsoft-Windows-Biometrics/Operational", "Provider_Name": "Microsoft-Windows-Biometrics", "Computer": "DESKTOP-OFJ6N53", "TimeCreated": "2022-09-12 01:48:15.386106+00:00", "RecordID": "36", "Level": "5", "UserID": "S-1-5-18", "EventData.BiometricSensor": "Analog NUI Voice Virtual Sensor (\\Voice\\Virtual Sensors\\{F25AB4A2-593A-4A89-B9FF-8144BEA81E15})", "EventData.SensorAdapter": "NUIVoiceWBSAdapters.dll", "EventData.EngineAdapter": "NUIVoiceWBSAdapters.dll", "EventData.StorageAdapter": "WinBioStorageAdapter.dll", "EventData.DatabaseID": "{51f39552-1075-4199-b513-0c10ea185db0}", "EventData.SensorMode": "1", "EventData.SensorPool": "1", "EventData.IsolationLevel": "0", "EventData.IsolationSensorAdapter": "-", "EventData.IsolationEngineAdapter": "-", "EventData.IsolationStorageAdapter": "-"}
{"EventID": "1600", "Channel": "Microsoft-Windows-Biometrics/Operational", "Provider_Name": "Microsoft-Windows-Biometrics", "Computer": "DESKTOP-OFJ6N53", "TimeCreated": "2022-10-11 01:31:40.686308+00:00", "RecordID": "37", "Level": "4", "UserID": "S-1-5-18", "EventData.ErrorCode": "0x80070032"}
{"EventID": "1105", "Channel": "Microsoft-Windows-Biometrics/Operational", "Provider_Name": "Microsoft-Windows-Biometrics", "Computer": "DESKTOP-OFJ6N53", "TimeCreated": "2022-10-11 01:31:40.814266+00:00", "RecordID": "38", "Level": "4", "UserID": "S-1-5-18", "EventData.BiometricSensor": "Windows Hello Face Virtual Software Device (\\Bootstrap\\Virtual Sensors\\{0527b250-7514-4321-8b68-41c65f956998})", "EventData.SensorAdapter": "FaceBootstrapAdapter.dll", "EventData.EngineAdapter": "FaceBootstrapAdapter.dll", "EventData.StorageAdapter": "FaceBootstrapAdapter.dll", "EventData.DatabaseID": "{dc576da6-d676-4a15-906d-c0ceaf949543}", "EventData.SensorMode": "1", "EventData.SensorPool": "1", "EventData.IsolationLevel": "0", "EventData.IsolationSensorAdapter": "-", "EventData.IsolationEngineAdapter": "-", "EventData.IsolationStorageAdapter": "-", "EventData.Component": "1", "EventData.ErrorCode": "0x80004001"}
{"EventID": "1109", "Channel": "Microsoft-Windows-Biometrics/Operational", "Provider_Name": "Microsoft-Windows-Biometrics", "Computer": "DESKTOP-OFJ6N53", "TimeCreated": "2022-10-11 01:31:40.814274+00:00", "RecordID": "39", "Level": "4", "UserID": "S-1-5-18", "EventData.BiometricSensor": "Windows Hello Face Virtual Software Device (\\Bootstrap\\Virtual Sensors\\{0527b250-7514-4321-8b68-41c65f956998})", "EventData.SensorAdapter": "FaceBootstrapAdapter.dll", "EventData.EngineAdapter": "FaceBootstrapAdapter.dll", "EventData.StorageAdapter": "FaceBootstrapAdapter.dll", "EventData.DatabaseID": "{dc576da6-d676-4a15-906d-c0ceaf949543}", "EventData.SensorMode": "1", "EventData.SensorPool": "1", "EventData.IsolationLevel": "0", "EventData.IsolationSensorAdapter": "-", "EventData.IsolationEngineAdapter": "-", "EventData.IsolationStorageAdapter": "-", "EventData.ErrorCode": "0x80004001"}
{"EventID": "1108", "Channel": "Microsoft-Windows-Biometrics/Operational", "Provider_Name": "Microsoft-Windows-Biometrics", "Computer": "DESKTOP-OFJ6N53", "TimeCreated": "2022-10-11 01:31:40.886049+00:00", "RecordID": "40", "Level": "5", "UserID": "S-1-5-18", "EventData.BiometricSensor": "Analog NUI Voice Virtual Sensor (\\Voice\\Virtual Sensors\\{F25AB4A2-593A-4A89-B9FF-8144BEA81E15})", "EventData.SensorAdapter": "NUIVoiceWBSAdapters.dll", "EventData.EngineAdapter": "NUIVoiceWBSAdapters.dll", "EventData.StorageAdapter": "WinBioStorageAdapter.dll", "EventData.DatabaseID": "{51f39552-1075-4199-b513-0c10ea185db0}", "EventData.SensorMode": "1", "EventData.SensorPool": "1", "EventData.IsolationLevel": "0", "EventData.IsolationSensorAdapter": "-", "EventData.IsolationEngineAdapter": "-", "EventData.IsolationStorageAdapter": "-"}
{"EventID": "1600", "Channel": "Microsoft-Windows-Biometrics/Operational", "Provider_Name": "Microsoft-Windows-Biometrics", "Computer": "DESKTOP-OFJ6N53", "TimeCreated": "2022-11-08 01:37:48.743567+00:00", "RecordID": "41", "Level": "4", "UserID": "S-1-5-18", "EventData.ErrorCode": "0x80070032"}
{"EventID": "1105", "Channel": "Microsoft-Windows-Biometrics/Operational", "Provider_Name": "Microsoft-Windows-Biometrics", "Computer": "DESKTOP-OFJ6N53", "TimeCreated": "2022-11-08 01:37:49.004337+00:00", "RecordID": "42", "Level": "4", "UserID": "S-1-5-18", "EventData.BiometricSensor": "Windows Hello Face Virtual Software Device (\\Bootstrap\\Virtual Sensors\\{0527b250-7514-4321-8b68-41c65f956998})", "EventData.SensorAdapter": "FaceBootstrapAdapter.dll", "EventData.EngineAdapter": "FaceBootstrapAdapter.dll", "EventData.StorageAdapter": "FaceBootstrapAdapter.dll", "EventData.DatabaseID": "{dc576da6-d676-4a15-906d-c0ceaf949543}", "EventData.SensorMode": "1", "EventData.SensorPool": "1", "EventData.IsolationLevel": "0", "EventData.IsolationSensorAdapter": "-", "EventData.IsolationEngineAdapter": "-", "EventData.IsolationStorageAdapter": "-", "EventData.Component": "1", "EventData.ErrorCode": "0x80004001"}
{"EventID": "1109", "Channel": "Microsoft-Windows-Biometrics/Operational", "Provider_Name": "Microsoft-Windows-Biometrics", "Computer": "DESKTOP-OFJ6N53", "TimeCreated": "2022-11-08 01:37:49.004347+00:00", "RecordID": "43", "Level": "4", "UserID": "S-1-5-18", "EventData.BiometricSensor": "Windows Hello Face Virtual Software Device (\\Bootstrap\\Virtual Sensors\\{0527b250-7514-4321-8b68-41c65f956998})", "EventData.SensorAdapter": "FaceBootstrapAdapter.dll", "EventData.EngineAdapter": "FaceBootstrapAdapter.dll", "EventData.StorageAdapter": "FaceBootstrapAdapter.dll", "EventData.DatabaseID": "{dc576da6-d676-4a15-906d-c0ceaf949543}", "EventData.SensorMode": "1", "EventData.SensorPool": "1", "EventData.IsolationLevel": "0", "EventData.IsolationSensorAdapter": "-", "EventData.IsolationEngineAdapter": "-", "EventData.IsolationStorageAdapter": "-", "EventData.ErrorCode": "0x80004001"}
{"EventID": "1108", "Channel": "Microsoft-Windows-Biometrics/Operational", "Provider_Name": "Microsoft-Windows-Biometrics", "Computer": "DESKTOP-OFJ6N53", "TimeCreated": "2022-11-08 01:37:49.169552+00:00", "RecordID": "44", "Level": "5", "UserID": "S-1-5-18", "EventData.BiometricSensor": "Analog NUI Voice Virtual Sensor (\\Voice\\Virtual Sensors\\{F25AB4A2-593A-4A89-B9FF-8144BEA81E15})", "EventData.SensorAdapter": "NUIVoiceWBSAdapters.dll", "EventData.EngineAdapter": "NUIVoiceWBSAdapters.dll", "EventData.StorageAdapter": "WinBioStorageAdapter.dll", "EventData.DatabaseID": "{51f39552-1075-4199-b513-0c10ea185db0}", "EventData.SensorMode": "1", "EventData.SensorPool": "1", "EventData.IsolationLevel": "0", "EventData.IsolationSensorAdapter": "-", "EventData.IsolationEngineAdapter": "-", "EventData.IsolationStorageAdapter": "-"}
{"EventID": "1600", "Channel": "Microsoft-Windows-Biometrics/Operational", "Provider_Name": "Microsoft-Windows-Biometrics", "Computer": "DESKTOP-OFJ6N53", "TimeCreated": "2022-12-07 00:00:34.958776+00:00", "RecordID": "45", "Level": "4", "UserID": "S-1-5-18", "EventData.ErrorCode": "0x80070032"}
{"EventID": "1105", "Channel": "Microsoft-Windows-Biometrics/Operational", "Provider_Name": "Microsoft-Windows-Biometrics", "Computer": "DESKTOP-OFJ6N53", "TimeCreated": "2022-12-07 00:00:35.516703+00:00", "RecordID": "46", "Level": "4", "UserID": "S-1-5-18", "EventData.BiometricSensor": "Windows Hello Face Virtual Software Device (\\Bootstrap\\Virtual Sensors\\{0527b250-7514-4321-8b68-41c65f956998})", "EventData.SensorAdapter": "FaceBootstrapAdapter.dll", "EventData.EngineAdapter": "FaceBootstrapAdapter.dll", "EventData.StorageAdapter": "FaceBootstrapAdapter.dll", "EventData.DatabaseID": "{dc576da6-d676-4a15-906d-c0ceaf949543}", "EventData.SensorMode": "1", "EventData.SensorPool": "1", "EventData.IsolationLevel": "0", "EventData.IsolationSensorAdapter": "-", "EventData.IsolationEngineAdapter": "-", "EventData.IsolationStorageAdapter": "-", "EventData.Component": "1", "EventData.ErrorCode": "0x80004001"}
{"EventID": "1109", "Channel": "Microsoft-Windows-Biometrics/Operational", "Provider_Name": "Microsoft-Windows-Biometrics", "Computer": "DESKTOP-OFJ6N53", "TimeCreated": "2022-12-07 00:00:35.516712+00:00", "RecordID": "47", "Level": "4", "UserID": "S-1-5-18", "EventData.BiometricSensor": "Windows Hello Face Virtual Software Device (\\Bootstrap\\Virtual Sensors\\{0527b250-7514-4321-8b68-41c65f956998})", "EventData.SensorAdapter": "FaceBootstrapAdapter.dll", "EventData.EngineAdapter": "FaceBootstrapAdapter.dll", "EventData.StorageAdapter": "FaceBootstrapAdapter.dll", "EventData.DatabaseID": "{dc576da6-d676-4a15-906d-c0ceaf949543}", "EventData.SensorMode": "1", "EventData.SensorPool": "1", "EventData.IsolationLevel": "0", "EventData.IsolationSensorAdapter": "-", "EventData.IsolationEngineAdapter": "-", "EventData.IsolationStorageAdapter": "-", "EventData.ErrorCode": "0x80004001"}
{"EventID": "1108", "Channel": "Microsoft-Windows-Biometrics/Operational", "Provider_Name": "Microsoft-Windows-Biometrics", "Computer": "DESKTOP-OFJ6N53", "TimeCreated": "2022-12-07 00:00:35.967064+00:00", "RecordID": "48", "Level": "5", "UserID": "S-1-5-18", "EventData.BiometricSensor": "Analog NUI Voice Virtual Sensor (\\Voice\\Virtual Sensors\\{F25AB4A2-593A-4A89-B9FF-8144BEA81E15})", "EventData.SensorAdapter": "NUIVoiceWBSAdapters.dll", "EventData.EngineAdapter": "NUIVoiceWBSAdapters.dll", "EventData.StorageAdapter": "WinBioStorageAdapter.dll", "EventData.DatabaseID": "{51f39552-1075-4199-b513-0c10ea185db0}", "EventData.SensorMode": "1", "EventData.SensorPool": "1", "EventData.IsolationLevel": "0", "EventData.IsolationSensorAdapter": "-", "EventData.IsolationEngineAdapter": "-", "EventData.IsolationStorageAdapter": "-"}
{"EventID": "1600", "Channel": "Microsoft-Windows-Biometrics/Operational", "Provider_Name": "Microsoft-Windows-Biometrics", "Computer": "DESKTOP-OFJ6N53", "TimeCreated": "2023-01-04 00:50:25.123003+00:00", "RecordID": "49", "Level": "4", "UserID": "S-1-5-18", "EventData.ErrorCode": "0x80070032"}
{"EventID": "1105", "Channel": "Microsoft-Windows-Biometrics/Operational", "Provider_Name": "Microsoft-Windows-Biometrics", "Computer": "DESKTOP-OFJ6N53", "TimeCreated": "2023-01-04 00:50:25.435163+00:00", "RecordID": "50", "Level": "4", "UserID": "S-1-5-18", "EventData.BiometricSensor": "Windows Hello Face Virtual Software Device (\\Bootstrap\\Virtual Sensors\\{0527b250-7514-4321-8b68-41c65f956998})", "EventData.SensorAdapter": "FaceBootstrapAdapter.dll", "EventData.EngineAdapter": "FaceBootstrapAdapter.dll", "EventData.StorageAdapter": "FaceBootstrapAdapter.dll", "EventData.DatabaseID": "{dc576da6-d676-4a15-906d-c0ceaf949543}", "EventData.SensorMode": "1", "EventData.SensorPool": "1", "EventData.IsolationLevel": "0", "EventData.IsolationSensorAdapter": "-", "EventData.IsolationEngineAdapter": "-", "EventData.IsolationStorageAdapter": "-", "EventData.Component": "1", "EventData.ErrorCode": "0x80004001"}
{"EventID": "1109", "Channel": "Microsoft-Windows-Biometrics/Operational", "Provider_Name": "Microsoft-Windows-Biometrics", "Computer": "DESKTOP-OFJ6N53", "TimeCreated": "2023-01-04 00:50:25.435173+00:00", "RecordID": "51", "Level": "4", "UserID": "S-1-5-18", "EventData.BiometricSensor": "Windows Hello Face Virtual Software Device (\\Bootstrap\\Virtual Sensors\\{0527b250-7514-4321-8b68-41c65f956998})", "EventData.SensorAdapter": "FaceBootstrapAdapter.dll", "EventData.EngineAdapter": "FaceBootstrapAdapter.dll", "EventData.StorageAdapter": "FaceBootstrapAdapter.dll", "EventData.DatabaseID": "{dc576da6-d676-4a15-906d-c0ceaf949543}", "EventData.SensorMode": "1", "EventData.SensorPool": "1", "EventData.IsolationLevel": "0", "EventData.IsolationSensorAdapter": "-", "EventData.IsolationEngineAdapter": "-", "EventData.IsolationStorageAdapter": "-", "EventData.ErrorCode": "0x80004001"}
{"EventID": "1108", "Channel": "Microsoft-Windows-Biometrics/Operational", "Provider_Name": "Microsoft-Windows-Biometrics", "Computer": "DESKTOP-OFJ6N53", "TimeCreated": "2023-01-04 00:50:25.609100+00:00", "RecordID": "52", "Level": "5", "UserID": "S-1-5-18", "EventData.BiometricSensor": "Analog NUI Voice Virtual Sensor (\\Voice\\Virtual Sensors\\{F25AB4A2-593A-4A89-B9FF-8144BEA81E15})", "EventData.SensorAdapter": "NUIVoiceWBSAdapters.dll", "EventData.EngineAdapter": "NUIVoiceWBSAdapters.dll", "EventData.StorageAdapter": "WinBioStorageAdapter.dll", "EventData.DatabaseID": "{51f39552-1075-4199-b513-0c10ea185db0}", "EventData.SensorMode": "1", "EventData.SensorPool": "1", "EventData.IsolationLevel": "0", "EventData.IsolationSensorAdapter": "-", "EventData.IsolationEngineAdapter": "-", "EventData.IsolationStorageAdapter": "-"}
{"EventID": "1600", "Channel": "Microsoft-Windows-Biometrics/Operational", "Provider_Name": "Microsoft-Windows-Biometrics", "Computer": "DESKTOP-OFJ6N53", "TimeCreated": "2023-02-02 00:52:27.437468+00:00", "RecordID": "53", "Level": "4", "UserID": "S-1-5-18", "EventData.ErrorCode": "0x80070032"}
{"EventID": "1105", "Channel": "Microsoft-Windows-Biometrics/Operational", "Provider_Name": "Microsoft-Windows-Biometrics", "Computer": "DESKTOP-OFJ6N53", "TimeCreated": "2023-02-02 00:52:27.652214+00:00", "RecordID": "54", "Level": "4", "UserID": "S-1-5-18", "EventData.BiometricSensor": "Windows Hello Face Virtual Software Device (\\Bootstrap\\Virtual Sensors\\{0527b250-7514-4321-8b68-41c65f956998})", "EventData.SensorAdapter": "FaceBootstrapAdapter.dll", "EventData.EngineAdapter": "FaceBootstrapAdapter.dll", "EventData.StorageAdapter": "FaceBootstrapAdapter.dll", "EventData.DatabaseID": "{dc576da6-d676-4a15-906d-c0ceaf949543}", "EventData.SensorMode": "1", "EventData.SensorPool": "1", "EventData.IsolationLevel": "0", "EventData.IsolationSensorAdapter": "-", "EventData.IsolationEngineAdapter": "-", "EventData.IsolationStorageAdapter": "-", "EventData.Component": "1", "EventData.ErrorCode": "0x80004001"}
{"EventID": "1109", "Channel": "Microsoft-Windows-Biometrics/Operational", "Provider_Name": "Microsoft-Windows-Biometrics", "Computer": "DESKTOP-OFJ6N53", "TimeCreated": "2023-02-02 00:52:27.652224+00:00", "RecordID": "55", "Level": "4", "UserID": "S-1-5-18", "EventData.BiometricSensor": "Windows Hello Face Virtual Software Device (\\Bootstrap\\Virtual Sensors\\{0527b250-7514-4321-8b68-41c65f956998})", "EventData.SensorAdapter": "FaceBootstrapAdapter.dll", "EventData.EngineAdapter": "FaceBootstrapAdapter.dll", "EventData.StorageAdapter": "FaceBootstrapAdapter.dll", "EventData.DatabaseID": "{dc576da6-d676-4a15-906d-c0ceaf949543}", "EventData.SensorMode": "1", "EventData.SensorPool": "1", "EventData.IsolationLevel": "0", "EventData.IsolationSensorAdapter": "-", "EventData.IsolationEngineAdapter": "-", "EventData.IsolationStorageAdapter": "-", "EventData.ErrorCode": "0x80004001"}
{"EventID": "1108", "Channel": "Microsoft-Windows-Biometrics/Operational", "Provider_Name": "Microsoft-Windows-Biometrics", "Computer": "DESKTOP-OFJ6N53", "TimeCreated": "2023-02-02 00:52:27.822565+00:00", "RecordID": "56", "Level": "5", "UserID": "S-1-5-18", "EventData.BiometricSensor": "Analog NUI Voice Virtual Sensor (\\Voice\\Virtual Sensors\\{F25AB4A2-593A-4A89-B9FF-8144BEA81E15})", "EventData.SensorAdapter": "NUIVoiceWBSAdapters.dll", "EventData.EngineAdapter": "NUIVoiceWBSAdapters.dll", "EventData.StorageAdapter": "WinBioStorageAdapter.dll", "EventData.DatabaseID": "{51f39552-1075-4199-b513-0c10ea185db0}", "EventData.SensorMode": "1", "EventData.SensorPool": "1", "EventData.IsolationLevel": "0", "EventData.IsolationSensorAdapter": "-", "EventData.IsolationEngineAdapter": "-", "EventData.IsolationStorageAdapter": "-"}
{"EventID": "1600", "Channel": "Microsoft-Windows-Biometrics/Operational", "Provider_Name": "Microsoft-Windows-Biometrics", "Computer": "DESKTOP-OFJ6N53", "TimeCreated": "2023-03-03 01:48:20.262556+00:00", "RecordID": "57", "Level": "4", "UserID": "S-1-5-18", "EventData.ErrorCode": "0x80070032"}
{"EventID": "1105", "Channel": "Microsoft-Windows-Biometrics/Operational", "Provider_Name": "Microsoft-Windows-Biometrics", "Computer": "DESKTOP-OFJ6N53", "TimeCreated": "2023-03-03 01:48:20.885700+00:00", "RecordID": "58", "Level": "4", "UserID": "S-1-5-18", "EventData.BiometricSensor": "Windows Hello Face Virtual Software Device (\\Bootstrap\\Virtual Sensors\\{0527b250-7514-4321-8b68-41c65f956998})", "EventData.SensorAdapter": "FaceBootstrapAdapter.dll", "EventData.EngineAdapter": "FaceBootstrapAdapter.dll", "EventData.StorageAdapter": "FaceBootstrapAdapter.dll", "EventData.DatabaseID": "{dc576da6-d676-4a15-906d-c0ceaf949543}", "EventData.SensorMode": "1", "EventData.SensorPool": "1", "EventData.IsolationLevel": "0", "EventData.IsolationSensorAdapter": "-", "EventData.IsolationEngineAdapter": "-", "EventData.IsolationStorageAdapter": "-", "EventData.Component": "1", "EventData.ErrorCode": "0x80004001"}
{"EventID": "1109", "Channel": "Microsoft-Windows-Biometrics/Operational", "Provider_Name": "Microsoft-Windows-Biometrics", "Computer": "DESKTOP-OFJ6N53", "TimeCreated": "2023-03-03 01:48:20.885715+00:00", "RecordID": "59", "Level": "4", "UserID": "S-1-5-18", "EventData.BiometricSensor": "Windows Hello Face Virtual Software Device (\\Bootstrap\\Virtual Sensors\\{0527b250-7514-4321-8b68-41c65f956998})", "EventData.SensorAdapter": "FaceBootstrapAdapter.dll", "EventData.EngineAdapter": "FaceBootstrapAdapter.dll", "EventData.StorageAdapter": "FaceBootstrapAdapter.dll", "EventData.DatabaseID": "{dc576da6-d676-4a15-906d-c0ceaf949543}", "EventData.SensorMode": "1", "EventData.SensorPool": "1", "EventData.IsolationLevel": "0", "EventData.IsolationSensorAdapter": "-", "EventData.IsolationEngineAdapter": "-", "EventData.IsolationStorageAdapter": "-", "EventData.ErrorCode": "0x80004001"}
{"EventID": "1108", "Channel": "Microsoft-Windows-Biometrics/Operational", "Provider_Name": "Microsoft-Windows-Biometrics", "Computer": "DESKTOP-OFJ6N53", "TimeCreated": "2023-03-03 01:48:21.043514+00:00", "RecordID": "60", "Level": "5", "UserID": "S-1-5-18", "EventData.BiometricSensor": "Analog NUI Voice Virtual Sensor (\\Voice\\Virtual Sensors\\{F25AB4A2-593A-4A89-B9FF-8144BEA81E15})", "EventData.SensorAdapter": "NUIVoiceWBSAdapters.dll", "EventData.EngineAdapter": "NUIVoiceWBSAdapters.dll", "EventData.StorageAdapter": "WinBioStorageAdapter.dll", "EventData.DatabaseID": "{51f39552-1075-4199-b513-0c10ea185db0}", "EventData.SensorMode": "1", "EventData.SensorPool": "1", "EventData.IsolationLevel": "0", "EventData.IsolationSensorAdapter": "-", "EventData.IsolationEngineAdapter": "-", "EventData.IsolationStorageAdapter": "-"}
{"EventID": "1600", "Channel": "Microsoft-Windows-Biometrics/Operational", "Provider_Name": "Microsoft-Windows-Biometrics", "Computer": "DESKTOP-OFJ6N53", "TimeCreated": "2023-04-01 01:41:03.410578+00:00", "RecordID": "61", "Level": "4", "UserID": "S-1-5-18", "EventData.ErrorCode": "0x80070032"}
{"EventID": "1105", "Channel": "Microsoft-Windows-Biometrics/Operational", "Provider_Name": "Microsoft-Windows-Biometrics", "Computer": "DESKTOP-OFJ6N53", "TimeCreated": "2023-04-01 01:41:04.953299+00:00", "RecordID": "62", "Level": "4", "UserID": "S-1-5-18", "EventData.BiometricSensor": "Windows Hello Face Virtual Software Device (\\Bootstrap\\Virtual Sensors\\{0527b250-7514-4321-8b68-41c65f956998})", "EventData.SensorAdapter": "FaceBootstrapAdapter.dll", "EventData.EngineAdapter": "FaceBootstrapAdapter.dll", "EventData.StorageAdapter": "FaceBootstrapAdapter.dll", "EventData.DatabaseID": "{dc576da6-d676-4a15-906d-c0ceaf949543}", "EventData.SensorMode": "1", "EventData.SensorPool": "1", "EventData.IsolationLevel": "0", "EventData.IsolationSensorAdapter": "-", "EventData.IsolationEngineAdapter": "-", "EventData.IsolationStorageAdapter": "-", "EventData.Component": "1", "EventData.ErrorCode": "0x80004001"}
{"EventID": "1109", "Channel": "Microsoft-Windows-Biometrics/Operational", "Provider_Name": "Microsoft-Windows-Biometrics", "Computer": "DESKTOP-OFJ6N53", "TimeCreated": "2023-04-01 01:41:04.954069+00:00", "RecordID": "63", "Level": "4", "UserID": "S-1-5-18", "EventData.BiometricSensor": "Windows Hello Face Virtual Software Device (\\Bootstrap\\Virtual Sensors\\{0527b250-7514-4321-8b68-41c65f956998})", "EventData.SensorAdapter": "FaceBootstrapAdapter.dll", "EventData.EngineAdapter": "FaceBootstrapAdapter.dll", "EventData.StorageAdapter": "FaceBootstrapAdapter.dll", "EventData.DatabaseID": "{dc576da6-d676-4a15-906d-c0ceaf949543}", "EventData.SensorMode": "1", "EventData.SensorPool": "1", "EventData.IsolationLevel": "0", "EventData.IsolationSensorAdapter": "-", "EventData.IsolationEngineAdapter": "-", "EventData.IsolationStorageAdapter": "-", "EventData.ErrorCode": "0x80004001"}
{"EventID": "1108", "Channel": "Microsoft-Windows-Biometrics/Operational", "Provider_Name": "Microsoft-Windows-Biometrics", "Computer": "DESKTOP-OFJ6N53", "TimeCreated": "2023-04-01 01:41:05.322409+00:00", "RecordID": "64", "Level": "5", "UserID": "S-1-5-18", "EventData.BiometricSensor": "Analog NUI Voice Virtual Sensor (\\Voice\\Virtual Sensors\\{F25AB4A2-593A-4A89-B9FF-8144BEA81E15})", "EventData.SensorAdapter": "NUIVoiceWBSAdapters.dll", "EventData.EngineAdapter": "NUIVoiceWBSAdapters.dll", "EventData.StorageAdapter": "WinBioStorageAdapter.dll", "EventData.DatabaseID": "{51f39552-1075-4199-b513-0c10ea185db0}", "EventData.SensorMode": "1", "EventData.SensorPool": "1", "EventData.IsolationLevel": "0", "EventData.IsolationSensorAdapter": "-", "EventData.IsolationEngineAdapter": "-", "EventData.IsolationStorageAdapter": "-"}
{"EventID": "1600", "Channel": "Microsoft-Windows-Biometrics/Operational", "Provider_Name": "Microsoft-Windows-Biometrics", "Computer": "DESKTOP-OFJ6N53", "TimeCreated": "2023-04-27 00:22:33.167030+00:00", "RecordID": "65", "Level": "4", "UserID": "S-1-5-18", "EventData.ErrorCode": "0x80070032"}
{"EventID": "1105", "Channel": "Microsoft-Windows-Biometrics/Operational", "Provider_Name": "Microsoft-Windows-Biometrics", "Computer": "DESKTOP-OFJ6N53", "TimeCreated": "2023-04-27 00:22:33.603081+00:00", "RecordID": "66", "Level": "4", "UserID": "S-1-5-18", "EventData.BiometricSensor": "Windows Hello Face Virtual Software Device (\\Bootstrap\\Virtual Sensors\\{0527b250-7514-4321-8b68-41c65f956998})", "EventData.SensorAdapter": "FaceBootstrapAdapter.dll", "EventData.EngineAdapter": "FaceBootstrapAdapter.dll", "EventData.StorageAdapter": "FaceBootstrapAdapter.dll", "EventData.DatabaseID": "{dc576da6-d676-4a15-906d-c0ceaf949543}", "EventData.SensorMode": "1", "EventData.SensorPool": "1", "EventData.IsolationLevel": "0", "EventData.IsolationSensorAdapter": "-", "EventData.IsolationEngineAdapter": "-", "EventData.IsolationStorageAdapter": "-", "EventData.Component": "1", "EventData.ErrorCode": "0x80004001"}
{"EventID": "1109", "Channel": "Microsoft-Windows-Biometrics/Operational", "Provider_Name": "Microsoft-Windows-Biometrics", "Computer": "DESKTOP-OFJ6N53", "TimeCreated": "2023-04-27 00:22:33.603096+00:00", "RecordID": "67", "Level": "4", "UserID": "S-1-5-18", "EventData.BiometricSensor": "Windows Hello Face Virtual Software Device (\\Bootstrap\\Virtual Sensors\\{0527b250-7514-4321-8b68-41c65f956998})", "EventData.SensorAdapter": "FaceBootstrapAdapter.dll", "EventData.EngineAdapter": "FaceBootstrapAdapter.dll", "EventData.StorageAdapter": "FaceBootstrapAdapter.dll", "EventData.DatabaseID": "{dc576da6-d676-4a15-906d-c0ceaf949543}", "EventData.SensorMode": "1", "EventData.SensorPool": "1", "EventData.IsolationLevel": "0", "EventData.IsolationSensorAdapter": "-", "EventData.IsolationEngineAdapter": "-", "EventData.IsolationStorageAdapter": "-", "EventData.ErrorCode": "0x80004001"}
{"EventID": "1108", "Channel": "Microsoft-Windows-Biometrics/Operational", "Provider_Name": "Microsoft-Windows-Biometrics", "Computer": "DESKTOP-OFJ6N53", "TimeCreated": "2023-04-27 00:22:33.763018+00:00", "RecordID": "68", "Level": "5", "UserID": "S-1-5-18", "EventData.BiometricSensor": "Analog NUI Voice Virtual Sensor (\\Voice\\Virtual Sensors\\{F25AB4A2-593A-4A89-B9FF-8144BEA81E15})", "EventData.SensorAdapter": "NUIVoiceWBSAdapters.dll", "EventData.EngineAdapter": "NUIVoiceWBSAdapters.dll", "EventData.StorageAdapter": "WinBioStorageAdapter.dll", "EventData.DatabaseID": "{51f39552-1075-4199-b513-0c10ea185db0}", "EventData.SensorMode": "1", "EventData.SensorPool": "1", "EventData.IsolationLevel": "0", "EventData.IsolationSensorAdapter": "-", "EventData.IsolationEngineAdapter": "-", "EventData.IsolationStorageAdapter": "-"}
