{"EventID": "1002", "Channel": "Microsoft-Windows-Storsvc/Diagnostic", "Provider_Name": "Microsoft-Windows-Storsvc", "Computer": "DESKTOP-OFJ6N53", "TimeCreated": "2025-08-10 08:03:52.412027+00:00", "RecordID": "1488", "Level": "4", "UserID": "S-1-5-18", "EventData.Version": "2", "EventData.Epoch": "10", "EventData.DiskIndex": "0", "EventData.TotalDisks": "1", "EventData.DiskNumber": "0", "EventData.VendorId": "VMware", "EventData.ProductId": "Virtual disk", "EventData.ProductRevision": "2.0", "EventData.SerialNumber": null, "EventData.ParentId": "PCI\\VEN_1000&DEV_0054&SUBSYS_197615AD&REV_01\\4&2509F6E&0&00A8", "EventData.FileSystem": "NTFS", "EventData.BusType": "10", "EventData.PartitionStyle": "1", "EventData.VolumeCount": "3", "EventData.ContainsRawVolumes": "False", "EventData.Size": "96636764160"}
{"EventID": "1002", "Channel": "Microsoft-Windows-Storsvc/Diagnostic", "Provider_Name": "Microsoft-Windows-Storsvc", "Computer": "DESKTOP-OFJ6N53", "TimeCreated": "2025-08-11 08:03:53.939003+00:00", "RecordID": "1489", "Level": "4", "UserID": "S-1-5-18", "EventData.Version": "2", "EventData.Epoch": "11", "EventData.DiskIndex": "0", "EventData.TotalDisks": "1", "EventData.DiskNumber": "0", "EventData.VendorId": "VMware", "EventData.ProductId": "Virtual disk", "EventData.ProductRevision": "2.0", "EventData.SerialNumber": null, "EventData.ParentId": "PCI\\VEN_1000&DEV_0054&SUBSYS_197615AD&REV_01\\4&2509F6E&0&00A8", "EventData.FileSystem": "NTFS", "EventData.BusType": "10", "EventData.PartitionStyle": "1", "EventData.VolumeCount": "3", "EventData.ContainsRawVolumes": "False", "EventData.Size": "96636764160"}
{"EventID": "1002", "Channel": "Microsoft-Windows-Storsvc/Diagnostic", "Provider_Name": "Microsoft-Windows-Storsvc", "Computer": "DESKTOP-OFJ6N53", "TimeCreated": "2025-08-12 08:03:55.156170+00:00", "RecordID": "1490", "Level": "4", "UserID": "S-1-5-18", "EventData.Version": "2", "EventData.Epoch": "12", "EventData.DiskIndex": "0", "EventData.TotalDisks": "1", "EventData.DiskNumber": "0", "EventData.VendorId": "VMware", "EventData.ProductId": "Virtual disk", "EventData.ProductRevision": "2.0", "EventData.SerialNumber": null, "EventData.ParentId": "PCI\\VEN_1000&DEV_0054&SUBSYS_197615AD&REV_01\\4&2509F6E&0&00A8", "EventData.FileSystem": "NTFS", "EventData.BusType": "10", "EventData.PartitionStyle": "1", "EventData.VolumeCount": "3", "EventData.ContainsRawVolumes": "False", "EventData.Size": "96636764160"}
{"EventID": "1002", "Channel": "Microsoft-Windows-Storsvc/Diagnostic", "Provider_Name": "Microsoft-Windows-Storsvc", "Computer": "DESKTOP-OFJ6N53", "TimeCreated": "2025-08-12 12:18:21.834932+00:00", "RecordID": "1491", "Level": "4", "UserID": "S-1-5-18", "EventData.Version": "2", "EventData.Epoch": "0", "EventData.DiskIndex": "0", "EventData.TotalDisks": "1", "EventData.DiskNumber": "0", "EventData.VendorId": "VMware", "EventData.ProductId": "Virtual disk", "EventData.ProductRevision": "2.0", "EventData.SerialNumber": null, "EventData.ParentId": "PCI\\VEN_1000&DEV_0054&SUBSYS_197615AD&REV_01\\4&2509F6E&0&00A8", "EventData.FileSystem": "NTFS", "EventData.BusType": "10", "EventData.PartitionStyle": "1", "EventData.VolumeCount": "3", "EventData.ContainsRawVolumes": "False", "EventData.Size": "96636764160"}
{"EventID": "1002", "Channel": "Microsoft-Windows-Storsvc/Diagnostic", "Provider_Name": "Microsoft-Windows-Storsvc", "Computer": "DESKTOP-OFJ6N53", "TimeCreated": "2025-08-13 12:18:23.106861+00:00", "RecordID": "1492", "Level": "4", "UserID": "S-1-5-18", "EventData.Version": "2", "EventData.Epoch": "1", "EventData.DiskIndex": "0", "EventData.TotalDisks": "1", "EventData.DiskNumber": "0", "EventData.VendorId": "VMware", "EventData.ProductId": "Virtual disk", "EventData.ProductRevision": "2.0", "EventData.SerialNumber": null, "EventData.ParentId": "PCI\\VEN_1000&DEV_0054&SUBSYS_197615AD&REV_01\\4&2509F6E&0&00A8", "EventData.FileSystem": "NTFS", "EventData.BusType": "10", "EventData.PartitionStyle": "1", "EventData.VolumeCount": "3", "EventData.ContainsRawVolumes": "False", "EventData.Size": "96636764160"}
{"EventID": "1002", "Channel": "Microsoft-Windows-Storsvc/Diagnostic", "Provider_Name": "Microsoft-Windows-Storsvc", "Computer": "DESKTOP-OFJ6N53", "TimeCreated": "2025-08-13 14:42:46.593037+00:00", "RecordID": "1493", "Level": "4", "UserID": "S-1-5-18", "EventData.Version": "2", "EventData.Epoch": "0", "EventData.DiskIndex": "0", "EventData.TotalDisks": "1", "EventData.DiskNumber": "0", "EventData.VendorId": "VMware", "EventData.ProductId": "Virtual disk", "EventData.ProductRevision": "2.0", "EventData.SerialNumber": null, "EventData.ParentId": "PCI\\VEN_1000&DEV_0054&SUBSYS_197615AD&REV_01\\4&2509F6E&0&00A8", "EventData.FileSystem": "NTFS", "EventData.BusType": "10", "EventData.PartitionStyle": "1", "EventData.VolumeCount": "3", "EventData.ContainsRawVolumes": "False", "EventData.Size": "96636764160"}
{"EventID": "1002", "Channel": "Microsoft-Windows-Storsvc/Diagnostic", "Provider_Name": "Microsoft-Windows-Storsvc", "Computer": "DESKTOP-OFJ6N53", "TimeCreated": "2025-08-14 14:42:48.355085+00:00", "RecordID": "1494", "Level": "4", "UserID": "S-1-5-18", "EventData.Version": "2", "EventData.Epoch": "1", "EventData.DiskIndex": "0", "EventData.TotalDisks": "1", "EventData.DiskNumber": "0", "EventData.VendorId": "VMware", "EventData.ProductId": "Virtual disk", "EventData.ProductRevision": "2.0", "EventData.SerialNumber": null, "EventData.ParentId": "PCI\\VEN_1000&DEV_0054&SUBSYS_197615AD&REV_01\\4&2509F6E&0&00A8", "EventData.FileSystem": "NTFS", "EventData.BusType": "10", "EventData.PartitionStyle": "1", "EventData.VolumeCount": "3", "EventData.ContainsRawVolumes": "False", "EventData.Size": "96636764160"}
{"EventID": "1002", "Channel": "Microsoft-Windows-Storsvc/Diagnostic", "Provider_Name": "Microsoft-Windows-Storsvc", "Computer": "DESKTOP-OFJ6N53", "TimeCreated": "2025-08-15 14:42:50.146122+00:00", "RecordID": "1495", "Level": "4", "UserID": "S-1-5-18", "EventData.Version": "2", "EventData.Epoch": "2", "EventData.DiskIndex": "0", "EventData.TotalDisks": "1", "EventData.DiskNumber": "0", "EventData.VendorId": "VMware", "EventData.ProductId": "Virtual disk", "EventData.ProductRevision": "2.0", "EventData.SerialNumber": null, "EventData.ParentId": "PCI\\VEN_1000&DEV_0054&SUBSYS_197615AD&REV_01\\4&2509F6E&0&00A8", "EventData.FileSystem": "NTFS", "EventData.BusType": "10", "EventData.PartitionStyle": "1", "EventData.VolumeCount": "3", "EventData.ContainsRawVolumes": "False", "EventData.Size": "96636764160"}
{"EventID": "1002", "Channel": "Microsoft-Windows-Storsvc/Diagnostic", "Provider_Name": "Microsoft-Windows-Storsvc", "Computer": "DESKTOP-OFJ6N53", "TimeCreated": "2025-08-16 14:42:51.719175+00:00", "RecordID": "1496", "Level": "4", "UserID": "S-1-5-18", "EventData.Version": "2", "EventData.Epoch": "3", "EventData.DiskIndex": "0", "EventData.TotalDisks": "1", "EventData.DiskNumber": "0", "EventData.VendorId": "VMware", "EventData.ProductId": "Virtual disk", "EventData.ProductRevision": "2.0", "EventData.SerialNumber": null, "EventData.ParentId": "PCI\\VEN_1000&DEV_0054&SUBSYS_197615AD&REV_01\\4&2509F6E&0&00A8", "EventData.FileSystem": "NTFS", "EventData.BusType": "10", "EventData.PartitionStyle": "1", "EventData.VolumeCount": "3", "EventData.ContainsRawVolumes": "False", "EventData.Size": "96636764160"}
{"EventID": "1002", "Channel": "Microsoft-Windows-Storsvc/Diagnostic", "Provider_Name": "Microsoft-Windows-Storsvc", "Computer": "DESKTOP-OFJ6N53", "TimeCreated": "2025-08-17 14:42:53.143686+00:00", "RecordID": "1497", "Level": "4", "UserID": "S-1-5-18", "EventData.Version": "2", "EventData.Epoch": "4", "EventData.DiskIndex": "0", "EventData.TotalDisks": "1", "EventData.DiskNumber": "0", "EventData.VendorId": "VMware", "EventData.ProductId": "Virtual disk", "EventData.ProductRevision": "2.0", "EventData.SerialNumber": null, "EventData.ParentId": "PCI\\VEN_1000&DEV_0054&SUBSYS_197615AD&REV_01\\4&2509F6E&0&00A8", "EventData.FileSystem": "NTFS", "EventData.BusType": "10", "EventData.PartitionStyle": "1", "EventData.VolumeCount": "3", "EventData.ContainsRawVolumes": "False", "EventData.Size": "96636764160"}
{"EventID": "1002", "Channel": "Microsoft-Windows-Storsvc/Diagnostic", "Provider_Name": "Microsoft-Windows-Storsvc", "Computer": "DESKTOP-OFJ6N53", "TimeCreated": "2025-08-18 14:42:54.693233+00:00", "RecordID": "1498", "Level": "4", "UserID": "S-1-5-18", "EventData.Version": "2", "EventData.Epoch": "5", "EventData.DiskIndex": "0", "EventData.TotalDisks": "1", "EventData.DiskNumber": "0", "EventData.VendorId": "VMware", "EventData.ProductId": "Virtual disk", "EventData.ProductRevision": "2.0", "EventData.SerialNumber": null, "EventData.ParentId": "PCI\\VEN_1000&DEV_0054&SUBSYS_197615AD&REV_01\\4&2509F6E&0&00A8", "EventData.FileSystem": "NTFS", "EventData.BusType": "10", "EventData.PartitionStyle": "1", "EventData.VolumeCount": "3", "EventData.ContainsRawVolumes": "False", "EventData.Size": "96636764160"}
{"EventID": "1002", "Channel": "Microsoft-Windows-Storsvc/Diagnostic", "Provider_Name": "Microsoft-Windows-Storsvc", "Computer": "DESKTOP-OFJ6N53", "TimeCreated": "2025-08-19 07:20:55.658361+00:00", "RecordID": "1499", "Level": "4", "UserID": "S-1-5-18", "EventData.Version": "2", "EventData.Epoch": "0", "EventData.DiskIndex": "0", "EventData.TotalDisks": "1", "EventData.DiskNumber": "0", "EventData.VendorId": "VMware", "EventData.ProductId": "Virtual disk", "EventData.ProductRevision": "2.0", "EventData.SerialNumber": null, "EventData.ParentId": "PCI\\VEN_1000&DEV_0054&SUBSYS_197615AD&REV_01\\4&2509F6E&0&00A8", "EventData.FileSystem": "NTFS", "EventData.BusType": "10", "EventData.PartitionStyle": "1", "EventData.VolumeCount": "3", "EventData.ContainsRawVolumes": "False", "EventData.Size": "96636764160"}
{"EventID": "1002", "Channel": "Microsoft-Windows-Storsvc/Diagnostic", "Provider_Name": "Microsoft-Windows-Storsvc", "Computer": "DESKTOP-OFJ6N53", "TimeCreated": "2025-08-19 07:46:23.370140+00:00", "RecordID": "1500", "Level": "4", "UserID": "S-1-5-18", "EventData.Version": "2", "EventData.Epoch": "0", "EventData.DiskIndex": "0", "EventData.TotalDisks": "1", "EventData.DiskNumber": "0", "EventData.VendorId": "VMware", "EventData.ProductId": "Virtual disk", "EventData.ProductRevision": "2.0", "EventData.SerialNumber": null, "EventData.ParentId": "PCI\\VEN_1000&DEV_0054&SUBSYS_197615AD&REV_01\\4&2509F6E&0&00A8", "EventData.FileSystem": "NTFS", "EventData.BusType": "10", "EventData.PartitionStyle": "1", "EventData.VolumeCount": "3", "EventData.ContainsRawVolumes": "False", "EventData.Size": "96636764160"}
{"EventID": "1002", "Channel": "Microsoft-Windows-Storsvc/Diagnostic", "Provider_Name": "Microsoft-Windows-Storsvc", "Computer": "DESKTOP-OFJ6N53", "TimeCreated": "2025-08-20 07:46:23.373680+00:00", "RecordID": "1501", "Level": "4", "UserID": "S-1-5-18", "EventData.Version": "2", "EventData.Epoch": "1", "EventData.DiskIndex": "0", "EventData.TotalDisks": "1", "EventData.DiskNumber": "0", "EventData.VendorId": "VMware", "EventData.ProductId": "Virtual disk", "EventData.ProductRevision": "2.0", "EventData.SerialNumber": null, "EventData.ParentId": "PCI\\VEN_1000&DEV_0054&SUBSYS_197615AD&REV_01\\4&2509F6E&0&00A8", "EventData.FileSystem": "NTFS", "EventData.BusType": "10", "EventData.PartitionStyle": "1", "EventData.VolumeCount": "3", "EventData.ContainsRawVolumes": "False", "EventData.Size": "96636764160"}
{"EventID": "1002", "Channel": "Microsoft-Windows-Storsvc/Diagnostic", "Provider_Name": "Microsoft-Windows-Storsvc", "Computer": "DESKTOP-OFJ6N53", "TimeCreated": "2025-08-21 07:46:23.375578+00:00", "RecordID": "1502", "Level": "4", "UserID": "S-1-5-18", "EventData.Version": "2", "EventData.Epoch": "2", "EventData.DiskIndex": "0", "EventData.TotalDisks": "1", "EventData.DiskNumber": "0", "EventData.VendorId": "VMware", "EventData.ProductId": "Virtual disk", "EventData.ProductRevision": "2.0", "EventData.SerialNumber": null, "EventData.ParentId": "PCI\\VEN_1000&DEV_0054&SUBSYS_197615AD&REV_01\\4&2509F6E&0&00A8", "EventData.FileSystem": "NTFS", "EventData.BusType": "10", "EventData.PartitionStyle": "1", "EventData.VolumeCount": "3", "EventData.ContainsRawVolumes": "False", "EventData.Size": "96636764160"}
{"EventID": "1002", "Channel": "Microsoft-Windows-Storsvc/Diagnostic", "Provider_Name": "Microsoft-Windows-Storsvc", "Computer": "DESKTOP-OFJ6N53", "TimeCreated": "2025-08-22 07:46:25.442488+00:00", "RecordID": "1503", "Level": "4", "UserID": "S-1-5-18", "EventData.Version": "2", "EventData.Epoch": "3", "EventData.DiskIndex": "0", "EventData.TotalDisks": "1", "EventData.DiskNumber": "0", "EventData.VendorId": "VMware", "EventData.ProductId": "Virtual disk", "EventData.ProductRevision": "2.0", "EventData.SerialNumber": null, "EventData.ParentId": "PCI\\VEN_1000&DEV_0054&SUBSYS_197615AD&REV_01\\4&2509F6E&0&00A8", "EventData.FileSystem": "NTFS", "EventData.BusType": "10", "EventData.PartitionStyle": "1", "EventData.VolumeCount": "3", "EventData.ContainsRawVolumes": "False", "EventData.Size": "96636764160"}
{"EventID": "1002", "Channel": "Microsoft-Windows-Storsvc/Diagnostic", "Provider_Name": "Microsoft-Windows-Storsvc", "Computer": "DESKTOP-OFJ6N53", "TimeCreated": "2025-08-22 12:58:58.531384+00:00", "RecordID": "1504", "Level": "4", "UserID": "S-1-5-18", "EventData.Version": "2", "EventData.Epoch": "0", "EventData.DiskIndex": "0", "EventData.TotalDisks": "1", "EventData.DiskNumber": "0", "EventData.VendorId": "VMware", "EventData.ProductId": "Virtual disk", "EventData.ProductRevision": "2.0", "EventData.SerialNumber": null, "EventData.ParentId": "PCI\\VEN_1000&DEV_0054&SUBSYS_197615AD&REV_01\\4&2509F6E&0&00A8", "EventData.FileSystem": "NTFS", "EventData.BusType": "10", "EventData.PartitionStyle": "1", "EventData.VolumeCount": "3", "EventData.ContainsRawVolumes": "False", "EventData.Size": "96636764160"}
{"EventID": "1002", "Channel": "Microsoft-Windows-Storsvc/Diagnostic", "Provider_Name": "Microsoft-Windows-Storsvc", "Computer": "DESKTOP-OFJ6N53", "TimeCreated": "2025-08-23 12:58:58.592669+00:00", "RecordID": "1505", "Level": "4", "UserID": "S-1-5-18", "EventData.Version": "2", "EventData.Epoch": "1", "EventData.DiskIndex": "0", "EventData.TotalDisks": "1", "EventData.DiskNumber": "0", "EventData.VendorId": "VMware", "EventData.ProductId": "Virtual disk", "EventData.ProductRevision": "2.0", "EventData.SerialNumber": null, "EventData.ParentId": "PCI\\VEN_1000&DEV_0054&SUBSYS_197615AD&REV_01\\4&2509F6E&0&00A8", "EventData.FileSystem": "NTFS", "EventData.BusType": "10", "EventData.PartitionStyle": "1", "EventData.VolumeCount": "3", "EventData.ContainsRawVolumes": "False", "EventData.Size": "96636764160"}
{"EventID": "1002", "Channel": "Microsoft-Windows-Storsvc/Diagnostic", "Provider_Name": "Microsoft-Windows-Storsvc", "Computer": "DESKTOP-OFJ6N53", "TimeCreated": "2025-08-23 20:35:29.243856+00:00", "RecordID": "1506", "Level": "4", "UserID": "S-1-5-18", "EventData.Version": "2", "EventData.Epoch": "0", "EventData.DiskIndex": "0", "EventData.TotalDisks": "1", "EventData.DiskNumber": "0", "EventData.VendorId": "VMware", "EventData.ProductId": "Virtual disk", "EventData.ProductRevision": "2.0", "EventData.SerialNumber": null, "EventData.ParentId": "PCI\\VEN_1000&DEV_0054&SUBSYS_197615AD&REV_01\\4&2509F6E&0&00A8", "EventData.FileSystem": "NTFS", "EventData.BusType": "10", "EventData.PartitionStyle": "1", "EventData.VolumeCount": "3", "EventData.ContainsRawVolumes": "False", "EventData.Size": "96636764160"}
{"EventID": "1002", "Channel": "Microsoft-Windows-Storsvc/Diagnostic", "Provider_Name": "Microsoft-Windows-Storsvc", "Computer": "DESKTOP-OFJ6N53", "TimeCreated": "2025-08-24 20:35:30.604836+00:00", "RecordID": "1507", "Level": "4", "UserID": "S-1-5-18", "EventData.Version": "2", "EventData.Epoch": "1", "EventData.DiskIndex": "0", "EventData.TotalDisks": "1", "EventData.DiskNumber": "0", "EventData.VendorId": "VMware", "EventData.ProductId": "Virtual disk", "EventData.ProductRevision": "2.0", "EventData.SerialNumber": null, "EventData.ParentId": "PCI\\VEN_1000&DEV_0054&SUBSYS_197615AD&REV_01\\4&2509F6E&0&00A8", "EventData.FileSystem": "NTFS", "EventData.BusType": "10", "EventData.PartitionStyle": "1", "EventData.VolumeCount": "3", "EventData.ContainsRawVolumes": "False", "EventData.Size": "96636764160"}
{"EventID": "1002", "Channel": "Microsoft-Windows-Storsvc/Diagnostic", "Provider_Name": "Microsoft-Windows-Storsvc", "Computer": "DESKTOP-OFJ6N53", "TimeCreated": "2025-08-25 20:35:32.118835+00:00", "RecordID": "1508", "Level": "4", "UserID": "S-1-5-18", "EventData.Version": "2", "EventData.Epoch": "2", "EventData.DiskIndex": "0", "EventData.TotalDisks": "1", "EventData.DiskNumber": "0", "EventData.VendorId": "VMware", "EventData.ProductId": "Virtual disk", "EventData.ProductRevision": "2.0", "EventData.SerialNumber": null, "EventData.ParentId": "PCI\\VEN_1000&DEV_0054&SUBSYS_197615AD&REV_01\\4&2509F6E&0&00A8", "EventData.FileSystem": "NTFS", "EventData.BusType": "10", "EventData.PartitionStyle": "1", "EventData.VolumeCount": "3", "EventData.ContainsRawVolumes": "False", "EventData.Size": "96636764160"}
