{"EventID": "36", "Channel": "Microsoft-Windows-TerminalServices-ServerUSBDevices/Admin", "Provider_Name": "Microsoft-Windows-TerminalServices-ServerUSBDevices", "Computer": "DESKTOP-OFJ6N53", "TimeCreated": "2022-02-28 14:18:18.152159+00:00", "RecordID": "1", "Level": "3", "UserID": "S-1-5-18"}
{"EventID": "36", "Channel": "Microsoft-Windows-TerminalServices-ServerUSBDevices/Admin", "Provider_Name": "Microsoft-Windows-TerminalServices-ServerUSBDevices", "Computer": "DESKTOP-OFJ6N53", "TimeCreated": "2022-03-04 08:21:57.086258+00:00", "RecordID": "2", "Level": "3", "UserID": "S-1-5-18"}
{"EventID": "36", "Channel": "Microsoft-Windows-TerminalServices-ServerUSBDevices/Admin", "Provider_Name": "Microsoft-Windows-TerminalServices-ServerUSBDevices", "Computer": "DESKTOP-OFJ6N53", "TimeCreated": "2022-03-09 07:32:05.813629+00:00", "RecordID": "3", "Level": "3", "UserID": "S-1-5-18"}
{"EventID": "36", "Channel": "Microsoft-Windows-TerminalServices-ServerUSBDevices/Admin", "Provider_Name": "Microsoft-Windows-TerminalServices-ServerUSBDevices", "Computer": "DESKTOP-OFJ6N53", "TimeCreated": "2022-03-09 10:35:52.598240+00:00", "RecordID": "4", "Level": "3", "UserID": "S-1-5-18"}
{"EventID": "36", "Channel": "Microsoft-Windows-TerminalServices-ServerUSBDevices/Admin", "Provider_Name": "Microsoft-Windows-TerminalServices-ServerUSBDevices", "Computer": "DESKTOP-OFJ6N53", "TimeCreated": "2022-03-09 12:31:22.768808+00:00", "RecordID": "5", "Level": "3", "UserID": "S-1-5-18"}
{"EventID": "36", "Channel": "Microsoft-Windows-TerminalServices-ServerUSBDevices/Admin", "Provider_Name": "Microsoft-Windows-TerminalServices-ServerUSBDevices", "Computer": "DESKTOP-OFJ6N53", "TimeCreated": "2022-03-11 08:56:01.857883+00:00", "RecordID": "6", "Level": "3", "UserID": "S-1-5-18"}
{"EventID": "36", "Channel": "Microsoft-Windows-TerminalServices-ServerUSBDevices/Admin", "Provider_Name": "Microsoft-Windows-TerminalServices-ServerUSBDevices", "Computer": "DESKTOP-OFJ6N53", "TimeCreated": "2022-03-16 10:12:40.881222+00:00", "RecordID": "7", "Level": "3", "UserID": "S-1-5-18"}
{"EventID": "36", "Channel": "Microsoft-Windows-TerminalServices-ServerUSBDevices/Admin", "Provider_Name": "Microsoft-Windows-TerminalServices-ServerUSBDevices", "Computer": "DESKTOP-OFJ6N53", "TimeCreated": "2022-04-13 15:54:41.405991+00:00", "RecordID": "8", "Level": "3", "UserID": "S-1-5-18"}
{"EventID": "36", "Channel": "Microsoft-Windows-TerminalServices-ServerUSBDevices/Admin", "Provider_Name": "Microsoft-Windows-TerminalServices-ServerUSBDevices", "Computer": "DESKTOP-OFJ6N53", "TimeCreated": "2022-05-05 10:05:30.014557+00:00", "RecordID": "9", "Level": "3", "UserID": "S-1-5-18"}
{"EventID": "36", "Channel": "Microsoft-Windows-TerminalServices-ServerUSBDevices/Admin", "Provider_Name": "Microsoft-Windows-TerminalServices-ServerUSBDevices", "Computer": "DESKTOP-OFJ6N53", "TimeCreated": "2022-05-11 09:20:11.115738+00:00", "RecordID": "10", "Level": "3", "UserID": "S-1-5-18"}
{"EventID": "36", "Channel": "Microsoft-Windows-TerminalServices-ServerUSBDevices/Admin", "Provider_Name": "Microsoft-Windows-TerminalServices-ServerUSBDevices", "Computer": "DESKTOP-OFJ6N53", "TimeCreated": "2022-06-06 07:41:49.377050+00:00", "RecordID": "11", "Level": "3", "UserID": "S-1-5-18"}
{"EventID": "36", "Channel": "Microsoft-Windows-TerminalServices-ServerUSBDevices/Admin", "Provider_Name": "Microsoft-Windows-TerminalServices-ServerUSBDevices", "Computer": "DESKTOP-OFJ6N53", "TimeCreated": "2022-06-15 12:40:44.969141+00:00", "RecordID": "12", "Level": "3", "UserID": "S-1-5-18"}
{"EventID": "36", "Channel": "Microsoft-Windows-TerminalServices-ServerUSBDevices/Admin", "Provider_Name": "Microsoft-Windows-TerminalServices-ServerUSBDevices", "Computer": "DESKTOP-OFJ6N53", "TimeCreated": "2022-07-14 09:38:26.620512+00:00", "RecordID": "13", "Level": "3", "UserID": "S-1-5-18"}
{"EventID": "36", "Channel": "Microsoft-Windows-TerminalServices-ServerUSBDevices/Admin", "Provider_Name": "Microsoft-Windows-TerminalServices-ServerUSBDevices", "Computer": "DESKTOP-OFJ6N53", "TimeCreated": "2022-08-07 19:12:02.364641+00:00", "RecordID": "14", "Level": "3", "UserID": "S-1-5-18"}
{"EventID": "36", "Channel": "Microsoft-Windows-TerminalServices-ServerUSBDevices/Admin", "Provider_Name": "Microsoft-Windows-TerminalServices-ServerUSBDevices", "Computer": "DESKTOP-OFJ6N53", "TimeCreated": "2022-08-10 14:03:46.868725+00:00", "RecordID": "15", "Level": "3", "UserID": "S-1-5-18"}
{"EventID": "36", "Channel": "Microsoft-Windows-TerminalServices-ServerUSBDevices/Admin", "Provider_Name": "Microsoft-Windows-TerminalServices-ServerUSBDevices", "Computer": "DESKTOP-OFJ6N53", "TimeCreated": "2022-09-06 09:02:40.555342+00:00", "RecordID": "16", "Level": "3", "UserID": "S-1-5-18"}
{"EventID": "36", "Channel": "Microsoft-Windows-TerminalServices-ServerUSBDevices/Admin", "Provider_Name": "Microsoft-Windows-TerminalServices-ServerUSBDevices", "Computer": "DESKTOP-OFJ6N53", "TimeCreated": "2022-09-06 13:02:47.775274+00:00", "RecordID": "17", "Level": "3", "UserID": "S-1-5-18"}
{"EventID": "36", "Channel": "Microsoft-Windows-TerminalServices-ServerUSBDevices/Admin", "Provider_Name": "Microsoft-Windows-TerminalServices-ServerUSBDevices", "Computer": "DESKTOP-OFJ6N53", "TimeCreated": "2022-09-13 14:23:58.549915+00:00", "RecordID": "18", "Level": "3", "UserID": "S-1-5-18"}
{"EventID": "36", "Channel": "Microsoft-Windows-TerminalServices-ServerUSBDevices/Admin", "Provider_Name": "Microsoft-Windows-TerminalServices-ServerUSBDevices", "Computer": "DESKTOP-OFJ6N53", "TimeCreated": "2022-09-18 21:33:38.175640+00:00", "RecordID": "19", "Level": "3", "UserID": "S-1-5-18"}
{"EventID": "36", "Channel": "Microsoft-Windows-TerminalServices-ServerUSBDevices/Admin", "Provider_Name": "Microsoft-Windows-TerminalServices-ServerUSBDevices", "Computer": "DESKTOP-OFJ6N53", "TimeCreated": "2022-09-22 13:18:22.952066+00:00", "RecordID": "20", "Level": "3", "UserID": "S-1-5-18"}
{"EventID": "36", "Channel": "Microsoft-Windows-TerminalServices-ServerUSBDevices/Admin", "Provider_Name": "Microsoft-Windows-TerminalServices-ServerUSBDevices", "Computer": "DESKTOP-OFJ6N53", "TimeCreated": "2022-09-30 11:10:20.466635+00:00", "RecordID": "21", "Level": "3", "UserID": "S-1-5-18"}
{"EventID": "36", "Channel": "Microsoft-Windows-TerminalServices-ServerUSBDevices/Admin", "Provider_Name": "Microsoft-Windows-TerminalServices-ServerUSBDevices", "Computer": "DESKTOP-OFJ6N53", "TimeCreated": "2022-10-04 11:48:47.452274+00:00", "RecordID": "22", "Level": "3", "UserID": "S-1-5-18"}
{"EventID": "36", "Channel": "Microsoft-Windows-TerminalServices-ServerUSBDevices/Admin", "Provider_Name": "Microsoft-Windows-TerminalServices-ServerUSBDevices", "Computer": "DESKTOP-OFJ6N53", "TimeCreated": "2022-10-06 08:17:45.323830+00:00", "RecordID": "23", "Level": "3", "UserID": "S-1-5-18"}
{"EventID": "36", "Channel": "Microsoft-Windows-TerminalServices-ServerUSBDevices/Admin", "Provider_Name": "Microsoft-Windows-TerminalServices-ServerUSBDevices", "Computer": "DESKTOP-OFJ6N53", "TimeCreated": "2022-10-06 13:43:49.666424+00:00", "RecordID": "24", "Level": "3", "UserID": "S-1-5-18"}
{"EventID": "36", "Channel": "Microsoft-Windows-TerminalServices-ServerUSBDevices/Admin", "Provider_Name": "Microsoft-Windows-TerminalServices-ServerUSBDevices", "Computer": "DESKTOP-OFJ6N53", "TimeCreated": "2022-10-12 08:07:58.080299+00:00", "RecordID": "25", "Level": "3", "UserID": "S-1-5-18"}
{"EventID": "36", "Channel": "Microsoft-Windows-TerminalServices-ServerUSBDevices/Admin", "Provider_Name": "Microsoft-Windows-TerminalServices-ServerUSBDevices", "Computer": "DESKTOP-OFJ6N53", "TimeCreated": "2022-10-18 13:06:26.678322+00:00", "RecordID": "26", "Level": "3", "UserID": "S-1-5-18"}
{"EventID": "36", "Channel": "Microsoft-Windows-TerminalServices-ServerUSBDevices/Admin", "Provider_Name": "Microsoft-Windows-TerminalServices-ServerUSBDevices", "Computer": "DESKTOP-OFJ6N53", "TimeCreated": "2022-10-20 15:27:45.686924+00:00", "RecordID": "27", "Level": "3", "UserID": "S-1-5-18"}
{"EventID": "36", "Channel": "Microsoft-Windows-TerminalServices-ServerUSBDevices/Admin", "Provider_Name": "Microsoft-Windows-TerminalServices-ServerUSBDevices", "Computer": "DESKTOP-OFJ6N53", "TimeCreated": "2022-10-27 13:14:03.124634+00:00", "RecordID": "28", "Level": "3", "UserID": "S-1-5-18"}
{"EventID": "36", "Channel": "Microsoft-Windows-TerminalServices-ServerUSBDevices/Admin", "Provider_Name": "Microsoft-Windows-TerminalServices-ServerUSBDevices", "Computer": "DESKTOP-OFJ6N53", "TimeCreated": "2022-11-09 15:23:24.096712+00:00", "RecordID": "29", "Level": "3", "UserID": "S-1-5-18"}
{"EventID": "36", "Channel": "Microsoft-Windows-TerminalServices-ServerUSBDevices/Admin", "Provider_Name": "Microsoft-Windows-TerminalServices-ServerUSBDevices", "Computer": "DESKTOP-OFJ6N53", "TimeCreated": "2022-11-10 12:06:07.020287+00:00", "RecordID": "30", "Level": "3", "UserID": "S-1-5-18"}
{"EventID": "36", "Channel": "Microsoft-Windows-TerminalServices-ServerUSBDevices/Admin", "Provider_Name": "Microsoft-Windows-TerminalServices-ServerUSBDevices", "Computer": "DESKTOP-OFJ6N53", "TimeCreated": "2022-11-17 17:39:49.132393+00:00", "RecordID": "31", "Level": "3", "UserID": "S-1-5-18"}
{"EventID": "36", "Channel": "Microsoft-Windows-TerminalServices-ServerUSBDevices/Admin", "Provider_Name": "Microsoft-Windows-TerminalServices-ServerUSBDevices", "Computer": "DESKTOP-OFJ6N53", "TimeCreated": "2022-11-18 08:30:51.078634+00:00", "RecordID": "32", "Level": "3", "UserID": "S-1-5-18"}
{"EventID": "36", "Channel": "Microsoft-Windows-TerminalServices-ServerUSBDevices/Admin", "Provider_Name": "Microsoft-Windows-TerminalServices-ServerUSBDevices", "Computer": "DESKTOP-OFJ6N53", "TimeCreated": "2022-11-19 20:57:04.380547+00:00", "RecordID": "33", "Level": "3", "UserID": "S-1-5-18"}
{"EventID": "36", "Channel": "Microsoft-Windows-TerminalServices-ServerUSBDevices/Admin", "Provider_Name": "Microsoft-Windows-TerminalServices-ServerUSBDevices", "Computer": "DESKTOP-OFJ6N53", "TimeCreated": "2022-11-21 07:56:44.968637+00:00", "RecordID": "34", "Level": "3", "UserID": "S-1-5-18"}
{"EventID": "36", "Channel": "Microsoft-Windows-TerminalServices-ServerUSBDevices/Admin", "Provider_Name": "Microsoft-Windows-TerminalServices-ServerUSBDevices", "Computer": "DESKTOP-OFJ6N53", "TimeCreated": "2022-11-22 07:20:06.753428+00:00", "RecordID": "35", "Level": "3", "UserID": "S-1-5-18"}
{"EventID": "36", "Channel": "Microsoft-Windows-TerminalServices-ServerUSBDevices/Admin", "Provider_Name": "Microsoft-Windows-TerminalServices-ServerUSBDevices", "Computer": "DESKTOP-OFJ6N53", "TimeCreated": "2022-11-22 11:58:26.604921+00:00", "RecordID": "36", "Level": "3", "UserID": "S-1-5-18"}
{"EventID": "36", "Channel": "Microsoft-Windows-TerminalServices-ServerUSBDevices/Admin", "Provider_Name": "Microsoft-Windows-TerminalServices-ServerUSBDevices", "Computer": "DESKTOP-OFJ6N53", "TimeCreated": "2022-11-24 10:54:10.697916+00:00", "RecordID": "37", "Level": "3", "UserID": "S-1-5-18"}
{"EventID": "36", "Channel": "Microsoft-Windows-TerminalServices-ServerUSBDevices/Admin", "Provider_Name": "Microsoft-Windows-TerminalServices-ServerUSBDevices", "Computer": "DESKTOP-OFJ6N53", "TimeCreated": "2022-11-28 11:25:54.764290+00:00", "RecordID": "38", "Level": "3", "UserID": "S-1-5-18"}
{"EventID": "36", "Channel": "Microsoft-Windows-TerminalServices-ServerUSBDevices/Admin", "Provider_Name": "Microsoft-Windows-TerminalServices-ServerUSBDevices", "Computer": "DESKTOP-OFJ6N53", "TimeCreated": "2022-11-30 10:10:24.975069+00:00", "RecordID": "39", "Level": "3", "UserID": "S-1-5-18"}
{"EventID": "36", "Channel": "Microsoft-Windows-TerminalServices-ServerUSBDevices/Admin", "Provider_Name": "Microsoft-Windows-TerminalServices-ServerUSBDevices", "Computer": "DESKTOP-OFJ6N53", "TimeCreated": "2022-12-06 11:57:22.942406+00:00", "RecordID": "40", "Level": "3", "UserID": "S-1-5-18"}
{"EventID": "36", "Channel": "Microsoft-Windows-TerminalServices-ServerUSBDevices/Admin", "Provider_Name": "Microsoft-Windows-TerminalServices-ServerUSBDevices", "Computer": "DESKTOP-OFJ6N53", "TimeCreated": "2022-12-09 11:51:59.915947+00:00", "RecordID": "41", "Level": "3", "UserID": "S-1-5-18"}
{"EventID": "36", "Channel": "Microsoft-Windows-TerminalServices-ServerUSBDevices/Admin", "Provider_Name": "Microsoft-Windows-TerminalServices-ServerUSBDevices", "Computer": "DESKTOP-OFJ6N53", "TimeCreated": "2022-12-12 15:21:50.348511+00:00", "RecordID": "42", "Level": "3", "UserID": "S-1-5-18"}
{"EventID": "36", "Channel": "Microsoft-Windows-TerminalServices-ServerUSBDevices/Admin", "Provider_Name": "Microsoft-Windows-TerminalServices-ServerUSBDevices", "Computer": "DESKTOP-OFJ6N53", "TimeCreated": "2022-12-14 12:51:14.447929+00:00", "RecordID": "43", "Level": "3", "UserID": "S-1-5-18"}
{"EventID": "36", "Channel": "Microsoft-Windows-TerminalServices-ServerUSBDevices/Admin", "Provider_Name": "Microsoft-Windows-TerminalServices-ServerUSBDevices", "Computer": "DESKTOP-OFJ6N53", "TimeCreated": "2022-12-15 08:37:05.218773+00:00", "RecordID": "44", "Level": "3", "UserID": "S-1-5-18"}
{"EventID": "36", "Channel": "Microsoft-Windows-TerminalServices-ServerUSBDevices/Admin", "Provider_Name": "Microsoft-Windows-TerminalServices-ServerUSBDevices", "Computer": "DESKTOP-OFJ6N53", "TimeCreated": "2022-12-21 10:00:28.622307+00:00", "RecordID": "45", "Level": "3", "UserID": "S-1-5-18"}
{"EventID": "36", "Channel": "Microsoft-Windows-TerminalServices-ServerUSBDevices/Admin", "Provider_Name": "Microsoft-Windows-TerminalServices-ServerUSBDevices", "Computer": "DESKTOP-OFJ6N53", "TimeCreated": "2022-12-27 11:08:25.072227+00:00", "RecordID": "46", "Level": "3", "UserID": "S-1-5-18"}
{"EventID": "36", "Channel": "Microsoft-Windows-TerminalServices-ServerUSBDevices/Admin", "Provider_Name": "Microsoft-Windows-TerminalServices-ServerUSBDevices", "Computer": "DESKTOP-OFJ6N53", "TimeCreated": "2022-12-30 09:21:34.586357+00:00", "RecordID": "47", "Level": "3", "UserID": "S-1-5-18"}
{"EventID": "36", "Channel": "Microsoft-Windows-TerminalServices-ServerUSBDevices/Admin", "Provider_Name": "Microsoft-Windows-TerminalServices-ServerUSBDevices", "Computer": "DESKTOP-OFJ6N53", "TimeCreated": "2023-01-10 07:59:26.981524+00:00", "RecordID": "48", "Level": "3", "UserID": "S-1-5-18"}
{"EventID": "36", "Channel": "Microsoft-Windows-TerminalServices-ServerUSBDevices/Admin", "Provider_Name": "Microsoft-Windows-TerminalServices-ServerUSBDevices", "Computer": "DESKTOP-OFJ6N53", "TimeCreated": "2023-01-13 13:22:33.073229+00:00", "RecordID": "49", "Level": "3", "UserID": "S-1-5-18"}
{"EventID": "36", "Channel": "Microsoft-Windows-TerminalServices-ServerUSBDevices/Admin", "Provider_Name": "Microsoft-Windows-TerminalServices-ServerUSBDevices", "Computer": "DESKTOP-OFJ6N53", "TimeCreated": "2023-01-13 13:32:04.033676+00:00", "RecordID": "50", "Level": "3", "UserID": "S-1-5-18"}
{"EventID": "36", "Channel": "Microsoft-Windows-TerminalServices-ServerUSBDevices/Admin", "Provider_Name": "Microsoft-Windows-TerminalServices-ServerUSBDevices", "Computer": "DESKTOP-OFJ6N53", "TimeCreated": "2023-01-16 08:14:49.621849+00:00", "RecordID": "51", "Level": "3", "UserID": "S-1-5-18"}
{"EventID": "36", "Channel": "Microsoft-Windows-TerminalServices-ServerUSBDevices/Admin", "Provider_Name": "Microsoft-Windows-TerminalServices-ServerUSBDevices", "Computer": "DESKTOP-OFJ6N53", "TimeCreated": "2023-01-17 12:30:40.557934+00:00", "RecordID": "52", "Level": "3", "UserID": "S-1-5-18"}
{"EventID": "36", "Channel": "Microsoft-Windows-TerminalServices-ServerUSBDevices/Admin", "Provider_Name": "Microsoft-Windows-TerminalServices-ServerUSBDevices", "Computer": "DESKTOP-OFJ6N53", "TimeCreated": "2023-01-19 08:45:43.548613+00:00", "RecordID": "53", "Level": "3", "UserID": "S-1-5-18"}
{"EventID": "36", "Channel": "Microsoft-Windows-TerminalServices-ServerUSBDevices/Admin", "Provider_Name": "Microsoft-Windows-TerminalServices-ServerUSBDevices", "Computer": "DESKTOP-OFJ6N53", "TimeCreated": "2023-01-19 11:55:17.426624+00:00", "RecordID": "54", "Level": "3", "UserID": "S-1-5-18"}
{"EventID": "36", "Channel": "Microsoft-Windows-TerminalServices-ServerUSBDevices/Admin", "Provider_Name": "Microsoft-Windows-TerminalServices-ServerUSBDevices", "Computer": "DESKTOP-OFJ6N53", "TimeCreated": "2023-01-23 10:02:44.365965+00:00", "RecordID": "55", "Level": "3", "UserID": "S-1-5-18"}
{"EventID": "36", "Channel": "Microsoft-Windows-TerminalServices-ServerUSBDevices/Admin", "Provider_Name": "Microsoft-Windows-TerminalServices-ServerUSBDevices", "Computer": "DESKTOP-OFJ6N53", "TimeCreated": "2023-01-23 12:34:39.334591+00:00", "RecordID": "56", "Level": "3", "UserID": "S-1-5-18"}
{"EventID": "36", "Channel": "Microsoft-Windows-TerminalServices-ServerUSBDevices/Admin", "Provider_Name": "Microsoft-Windows-TerminalServices-ServerUSBDevices", "Computer": "DESKTOP-OFJ6N53", "TimeCreated": "2023-01-23 13:02:32.747231+00:00", "RecordID": "57", "Level": "3", "UserID": "S-1-5-18"}
{"EventID": "36", "Channel": "Microsoft-Windows-TerminalServices-ServerUSBDevices/Admin", "Provider_Name": "Microsoft-Windows-TerminalServices-ServerUSBDevices", "Computer": "DESKTOP-OFJ6N53", "TimeCreated": "2023-01-25 08:57:39.323854+00:00", "RecordID": "58", "Level": "3", "UserID": "S-1-5-18"}
{"EventID": "36", "Channel": "Microsoft-Windows-TerminalServices-ServerUSBDevices/Admin", "Provider_Name": "Microsoft-Windows-TerminalServices-ServerUSBDevices", "Computer": "DESKTOP-OFJ6N53", "TimeCreated": "2023-01-28 09:55:25.846699+00:00", "RecordID": "59", "Level": "3", "UserID": "S-1-5-18"}
{"EventID": "36", "Channel": "Microsoft-Windows-TerminalServices-ServerUSBDevices/Admin", "Provider_Name": "Microsoft-Windows-TerminalServices-ServerUSBDevices", "Computer": "DESKTOP-OFJ6N53", "TimeCreated": "2023-01-30 08:07:06.796038+00:00", "RecordID": "60", "Level": "3", "UserID": "S-1-5-18"}
{"EventID": "36", "Channel": "Microsoft-Windows-TerminalServices-ServerUSBDevices/Admin", "Provider_Name": "Microsoft-Windows-TerminalServices-ServerUSBDevices", "Computer": "DESKTOP-OFJ6N53", "TimeCreated": "2023-02-09 10:52:58.726757+00:00", "RecordID": "61", "Level": "3", "UserID": "S-1-5-18"}
{"EventID": "36", "Channel": "Microsoft-Windows-TerminalServices-ServerUSBDevices/Admin", "Provider_Name": "Microsoft-Windows-TerminalServices-ServerUSBDevices", "Computer": "DESKTOP-OFJ6N53", "TimeCreated": "2023-02-14 14:08:19.932156+00:00", "RecordID": "62", "Level": "3", "UserID": "S-1-5-18"}
{"EventID": "36", "Channel": "Microsoft-Windows-TerminalServices-ServerUSBDevices/Admin", "Provider_Name": "Microsoft-Windows-TerminalServices-ServerUSBDevices", "Computer": "DESKTOP-OFJ6N53", "TimeCreated": "2023-02-15 12:52:28.087584+00:00", "RecordID": "63", "Level": "3", "UserID": "S-1-5-18"}
{"EventID": "36", "Channel": "Microsoft-Windows-TerminalServices-ServerUSBDevices/Admin", "Provider_Name": "Microsoft-Windows-TerminalServices-ServerUSBDevices", "Computer": "DESKTOP-OFJ6N53", "TimeCreated": "2023-02-27 12:53:09.989410+00:00", "RecordID": "64", "Level": "3", "UserID": "S-1-5-18"}
{"EventID": "36", "Channel": "Microsoft-Windows-TerminalServices-ServerUSBDevices/Admin", "Provider_Name": "Microsoft-Windows-TerminalServices-ServerUSBDevices", "Computer": "DESKTOP-OFJ6N53", "TimeCreated": "2023-02-27 19:07:05.460375+00:00", "RecordID": "65", "Level": "3", "UserID": "S-1-5-18"}
{"EventID": "36", "Channel": "Microsoft-Windows-TerminalServices-ServerUSBDevices/Admin", "Provider_Name": "Microsoft-Windows-TerminalServices-ServerUSBDevices", "Computer": "DESKTOP-OFJ6N53", "TimeCreated": "2023-03-06 09:09:07.544106+00:00", "RecordID": "66", "Level": "3", "UserID": "S-1-5-18"}
{"EventID": "36", "Channel": "Microsoft-Windows-TerminalServices-ServerUSBDevices/Admin", "Provider_Name": "Microsoft-Windows-TerminalServices-ServerUSBDevices", "Computer": "DESKTOP-OFJ6N53", "TimeCreated": "2023-03-10 12:21:29.674179+00:00", "RecordID": "67", "Level": "3", "UserID": "S-1-5-18"}
{"EventID": "36", "Channel": "Microsoft-Windows-TerminalServices-ServerUSBDevices/Admin", "Provider_Name": "Microsoft-Windows-TerminalServices-ServerUSBDevices", "Computer": "DESKTOP-OFJ6N53", "TimeCreated": "2023-03-13 11:27:34.260241+00:00", "RecordID": "68", "Level": "3", "UserID": "S-1-5-18"}
{"EventID": "36", "Channel": "Microsoft-Windows-TerminalServices-ServerUSBDevices/Admin", "Provider_Name": "Microsoft-Windows-TerminalServices-ServerUSBDevices", "Computer": "DESKTOP-OFJ6N53", "TimeCreated": "2023-03-16 14:58:50.688251+00:00", "RecordID": "69", "Level": "3", "UserID": "S-1-5-18"}
{"EventID": "36", "Channel": "Microsoft-Windows-TerminalServices-ServerUSBDevices/Admin", "Provider_Name": "Microsoft-Windows-TerminalServices-ServerUSBDevices", "Computer": "DESKTOP-OFJ6N53", "TimeCreated": "2023-03-19 01:10:19.694365+00:00", "RecordID": "70", "Level": "3", "UserID": "S-1-5-18"}
{"EventID": "36", "Channel": "Microsoft-Windows-TerminalServices-ServerUSBDevices/Admin", "Provider_Name": "Microsoft-Windows-TerminalServices-ServerUSBDevices", "Computer": "DESKTOP-OFJ6N53", "TimeCreated": "2023-03-20 08:32:24.049936+00:00", "RecordID": "71", "Level": "3", "UserID": "S-1-5-18"}
{"EventID": "36", "Channel": "Microsoft-Windows-TerminalServices-ServerUSBDevices/Admin", "Provider_Name": "Microsoft-Windows-TerminalServices-ServerUSBDevices", "Computer": "DESKTOP-OFJ6N53", "TimeCreated": "2023-03-23 10:11:54.066706+00:00", "RecordID": "72", "Level": "3", "UserID": "S-1-5-18"}
{"EventID": "36", "Channel": "Microsoft-Windows-TerminalServices-ServerUSBDevices/Admin", "Provider_Name": "Microsoft-Windows-TerminalServices-ServerUSBDevices", "Computer": "DESKTOP-OFJ6N53", "TimeCreated": "2023-03-29 11:27:45.482971+00:00", "RecordID": "73", "Level": "3", "UserID": "S-1-5-18"}
{"EventID": "36", "Channel": "Microsoft-Windows-TerminalServices-ServerUSBDevices/Admin", "Provider_Name": "Microsoft-Windows-TerminalServices-ServerUSBDevices", "Computer": "DESKTOP-OFJ6N53", "TimeCreated": "2023-04-03 13:38:26.777945+00:00", "RecordID": "74", "Level": "3", "UserID": "S-1-5-18"}
{"EventID": "36", "Channel": "Microsoft-Windows-TerminalServices-ServerUSBDevices/Admin", "Provider_Name": "Microsoft-Windows-TerminalServices-ServerUSBDevices", "Computer": "DESKTOP-OFJ6N53", "TimeCreated": "2023-04-03 15:15:43.576246+00:00", "RecordID": "75", "Level": "3", "UserID": "S-1-5-18"}
{"EventID": "36", "Channel": "Microsoft-Windows-TerminalServices-ServerUSBDevices/Admin", "Provider_Name": "Microsoft-Windows-TerminalServices-ServerUSBDevices", "Computer": "DESKTOP-OFJ6N53", "TimeCreated": "2023-04-04 06:32:13.017155+00:00", "RecordID": "76", "Level": "3", "UserID": "S-1-5-18"}
{"EventID": "36", "Channel": "Microsoft-Windows-TerminalServices-ServerUSBDevices/Admin", "Provider_Name": "Microsoft-Windows-TerminalServices-ServerUSBDevices", "Computer": "DESKTOP-OFJ6N53", "TimeCreated": "2023-04-05 07:29:07.690496+00:00", "RecordID": "77", "Level": "3", "UserID": "S-1-5-18"}
{"EventID": "36", "Channel": "Microsoft-Windows-TerminalServices-ServerUSBDevices/Admin", "Provider_Name": "Microsoft-Windows-TerminalServices-ServerUSBDevices", "Computer": "DESKTOP-OFJ6N53", "TimeCreated": "2023-04-05 15:19:46.977839+00:00", "RecordID": "78", "Level": "3", "UserID": "S-1-5-18"}
{"EventID": "36", "Channel": "Microsoft-Windows-TerminalServices-ServerUSBDevices/Admin", "Provider_Name": "Microsoft-Windows-TerminalServices-ServerUSBDevices", "Computer": "DESKTOP-OFJ6N53", "TimeCreated": "2023-04-11 19:59:54.350449+00:00", "RecordID": "79", "Level": "3", "UserID": "S-1-5-18"}
{"EventID": "36", "Channel": "Microsoft-Windows-TerminalServices-ServerUSBDevices/Admin", "Provider_Name": "Microsoft-Windows-TerminalServices-ServerUSBDevices", "Computer": "DESKTOP-OFJ6N53", "TimeCreated": "2023-04-13 10:51:21.127920+00:00", "RecordID": "80", "Level": "3", "UserID": "S-1-5-18"}
{"EventID": "36", "Channel": "Microsoft-Windows-TerminalServices-ServerUSBDevices/Admin", "Provider_Name": "Microsoft-Windows-TerminalServices-ServerUSBDevices", "Computer": "DESKTOP-OFJ6N53", "TimeCreated": "2023-04-22 12:25:26.469654+00:00", "RecordID": "81", "Level": "3", "UserID": "S-1-5-18"}
{"EventID": "36", "Channel": "Microsoft-Windows-TerminalServices-ServerUSBDevices/Admin", "Provider_Name": "Microsoft-Windows-TerminalServices-ServerUSBDevices", "Computer": "DESKTOP-OFJ6N53", "TimeCreated": "2023-04-26 10:12:28.411922+00:00", "RecordID": "82", "Level": "3", "UserID": "S-1-5-18"}
{"EventID": "36", "Channel": "Microsoft-Windows-TerminalServices-ServerUSBDevices/Admin", "Provider_Name": "Microsoft-Windows-TerminalServices-ServerUSBDevices", "Computer": "DESKTOP-OFJ6N53", "TimeCreated": "2023-05-03 08:11:00.216856+00:00", "RecordID": "83", "Level": "3", "UserID": "S-1-5-18"}
{"EventID": "36", "Channel": "Microsoft-Windows-TerminalServices-ServerUSBDevices/Admin", "Provider_Name": "Microsoft-Windows-TerminalServices-ServerUSBDevices", "Computer": "DESKTOP-OFJ6N53", "TimeCreated": "2023-05-03 09:53:42.144751+00:00", "RecordID": "84", "Level": "3", "UserID": "S-1-5-18"}
{"EventID": "36", "Channel": "Microsoft-Windows-TerminalServices-ServerUSBDevices/Admin", "Provider_Name": "Microsoft-Windows-TerminalServices-ServerUSBDevices", "Computer": "DESKTOP-OFJ6N53", "TimeCreated": "2023-05-10 09:34:52.937489+00:00", "RecordID": "85", "Level": "3", "UserID": "S-1-5-18"}
{"EventID": "36", "Channel": "Microsoft-Windows-TerminalServices-ServerUSBDevices/Admin", "Provider_Name": "Microsoft-Windows-TerminalServices-ServerUSBDevices", "Computer": "DESKTOP-OFJ6N53", "TimeCreated": "2023-05-15 12:22:50.478596+00:00", "RecordID": "86", "Level": "3", "UserID": "S-1-5-18"}
{"EventID": "36", "Channel": "Microsoft-Windows-TerminalServices-ServerUSBDevices/Admin", "Provider_Name": "Microsoft-Windows-TerminalServices-ServerUSBDevices", "Computer": "DESKTOP-OFJ6N53", "TimeCreated": "2023-05-16 14:59:09.885740+00:00", "RecordID": "87", "Level": "3", "UserID": "S-1-5-18"}
{"EventID": "36", "Channel": "Microsoft-Windows-TerminalServices-ServerUSBDevices/Admin", "Provider_Name": "Microsoft-Windows-TerminalServices-ServerUSBDevices", "Computer": "DESKTOP-OFJ6N53", "TimeCreated": "2023-06-09 08:42:59.437695+00:00", "RecordID": "88", "Level": "3", "UserID": "S-1-5-18"}
{"EventID": "36", "Channel": "Microsoft-Windows-TerminalServices-ServerUSBDevices/Admin", "Provider_Name": "Microsoft-Windows-TerminalServices-ServerUSBDevices", "Computer": "DESKTOP-OFJ6N53", "TimeCreated": "2023-06-11 21:01:26.799103+00:00", "RecordID": "89", "Level": "3", "UserID": "S-1-5-18"}
{"EventID": "36", "Channel": "Microsoft-Windows-TerminalServices-ServerUSBDevices/Admin", "Provider_Name": "Microsoft-Windows-TerminalServices-ServerUSBDevices", "Computer": "DESKTOP-OFJ6N53", "TimeCreated": "2023-06-14 13:31:59.605524+00:00", "RecordID": "90", "Level": "3", "UserID": "S-1-5-18"}
{"EventID": "36", "Channel": "Microsoft-Windows-TerminalServices-ServerUSBDevices/Admin", "Provider_Name": "Microsoft-Windows-TerminalServices-ServerUSBDevices", "Computer": "DESKTOP-OFJ6N53", "TimeCreated": "2023-06-27 09:48:33.905041+00:00", "RecordID": "91", "Level": "3", "UserID": "S-1-5-18"}
{"EventID": "36", "Channel": "Microsoft-Windows-TerminalServices-ServerUSBDevices/Admin", "Provider_Name": "Microsoft-Windows-TerminalServices-ServerUSBDevices", "Computer": "DESKTOP-OFJ6N53", "TimeCreated": "2023-07-03 07:38:43.954657+00:00", "RecordID": "92", "Level": "3", "UserID": "S-1-5-18"}
{"EventID": "36", "Channel": "Microsoft-Windows-TerminalServices-ServerUSBDevices/Admin", "Provider_Name": "Microsoft-Windows-TerminalServices-ServerUSBDevices", "Computer": "DESKTOP-OFJ6N53", "TimeCreated": "2023-07-10 09:13:00.386755+00:00", "RecordID": "93", "Level": "3", "UserID": "S-1-5-18"}
{"EventID": "36", "Channel": "Microsoft-Windows-TerminalServices-ServerUSBDevices/Admin", "Provider_Name": "Microsoft-Windows-TerminalServices-ServerUSBDevices", "Computer": "DESKTOP-OFJ6N53", "TimeCreated": "2023-07-13 08:39:56.502943+00:00", "RecordID": "94", "Level": "3", "UserID": "S-1-5-18"}
{"EventID": "36", "Channel": "Microsoft-Windows-TerminalServices-ServerUSBDevices/Admin", "Provider_Name": "Microsoft-Windows-TerminalServices-ServerUSBDevices", "Computer": "DESKTOP-OFJ6N53", "TimeCreated": "2023-07-18 14:55:45.218872+00:00", "RecordID": "95", "Level": "3", "UserID": "S-1-5-18"}
{"EventID": "36", "Channel": "Microsoft-Windows-TerminalServices-ServerUSBDevices/Admin", "Provider_Name": "Microsoft-Windows-TerminalServices-ServerUSBDevices", "Computer": "DESKTOP-OFJ6N53", "TimeCreated": "2023-07-25 10:38:53.752850+00:00", "RecordID": "96", "Level": "3", "UserID": "S-1-5-18"}
{"EventID": "36", "Channel": "Microsoft-Windows-TerminalServices-ServerUSBDevices/Admin", "Provider_Name": "Microsoft-Windows-TerminalServices-ServerUSBDevices", "Computer": "DESKTOP-OFJ6N53", "TimeCreated": "2023-07-27 07:41:47.048250+00:00", "RecordID": "97", "Level": "3", "UserID": "S-1-5-18"}
{"EventID": "36", "Channel": "Microsoft-Windows-TerminalServices-ServerUSBDevices/Admin", "Provider_Name": "Microsoft-Windows-TerminalServices-ServerUSBDevices", "Computer": "DESKTOP-OFJ6N53", "TimeCreated": "2023-07-31 13:01:38.590322+00:00", "RecordID": "98", "Level": "3", "UserID": "S-1-5-18"}
{"EventID": "36", "Channel": "Microsoft-Windows-TerminalServices-ServerUSBDevices/Admin", "Provider_Name": "Microsoft-Windows-TerminalServices-ServerUSBDevices", "Computer": "DESKTOP-OFJ6N53", "TimeCreated": "2023-08-02 10:09:00.751717+00:00", "RecordID": "99", "Level": "3", "UserID": "S-1-5-18"}
{"EventID": "36", "Channel": "Microsoft-Windows-TerminalServices-ServerUSBDevices/Admin", "Provider_Name": "Microsoft-Windows-TerminalServices-ServerUSBDevices", "Computer": "DESKTOP-OFJ6N53", "TimeCreated": "2023-08-10 07:41:45.555664+00:00", "RecordID": "100", "Level": "3", "UserID": "S-1-5-18"}
{"EventID": "36", "Channel": "Microsoft-Windows-TerminalServices-ServerUSBDevices/Admin", "Provider_Name": "Microsoft-Windows-TerminalServices-ServerUSBDevices", "Computer": "DESKTOP-OFJ6N53", "TimeCreated": "2023-08-16 10:00:48.734499+00:00", "RecordID": "101", "Level": "3", "UserID": "S-1-5-18"}
{"EventID": "36", "Channel": "Microsoft-Windows-TerminalServices-ServerUSBDevices/Admin", "Provider_Name": "Microsoft-Windows-TerminalServices-ServerUSBDevices", "Computer": "DESKTOP-OFJ6N53", "TimeCreated": "2023-09-04 11:37:15.534815+00:00", "RecordID": "102", "Level": "3", "UserID": "S-1-5-18"}
{"EventID": "36", "Channel": "Microsoft-Windows-TerminalServices-ServerUSBDevices/Admin", "Provider_Name": "Microsoft-Windows-TerminalServices-ServerUSBDevices", "Computer": "DESKTOP-OFJ6N53", "TimeCreated": "2023-09-07 11:18:51.891123+00:00", "RecordID": "103", "Level": "3", "UserID": "S-1-5-18"}
{"EventID": "36", "Channel": "Microsoft-Windows-TerminalServices-ServerUSBDevices/Admin", "Provider_Name": "Microsoft-Windows-TerminalServices-ServerUSBDevices", "Computer": "DESKTOP-OFJ6N53", "TimeCreated": "2023-09-18 11:51:07.458134+00:00", "RecordID": "104", "Level": "3", "UserID": "S-1-5-18"}
{"EventID": "36", "Channel": "Microsoft-Windows-TerminalServices-ServerUSBDevices/Admin", "Provider_Name": "Microsoft-Windows-TerminalServices-ServerUSBDevices", "Computer": "DESKTOP-OFJ6N53", "TimeCreated": "2023-10-02 12:52:33.221037+00:00", "RecordID": "105", "Level": "3", "UserID": "S-1-5-18"}
{"EventID": "36", "Channel": "Microsoft-Windows-TerminalServices-ServerUSBDevices/Admin", "Provider_Name": "Microsoft-Windows-TerminalServices-ServerUSBDevices", "Computer": "DESKTOP-OFJ6N53", "TimeCreated": "2023-10-13 09:13:31.448280+00:00", "RecordID": "106", "Level": "3", "UserID": "S-1-5-18"}
{"EventID": "36", "Channel": "Microsoft-Windows-TerminalServices-ServerUSBDevices/Admin", "Provider_Name": "Microsoft-Windows-TerminalServices-ServerUSBDevices", "Computer": "DESKTOP-OFJ6N53", "TimeCreated": "2023-11-02 14:00:10.909990+00:00", "RecordID": "107", "Level": "3", "UserID": "S-1-5-18"}
{"EventID": "36", "Channel": "Microsoft-Windows-TerminalServices-ServerUSBDevices/Admin", "Provider_Name": "Microsoft-Windows-TerminalServices-ServerUSBDevices", "Computer": "DESKTOP-OFJ6N53", "TimeCreated": "2023-11-22 10:37:19.264061+00:00", "RecordID": "108", "Level": "3", "UserID": "S-1-5-18"}
{"EventID": "36", "Channel": "Microsoft-Windows-TerminalServices-ServerUSBDevices/Admin", "Provider_Name": "Microsoft-Windows-TerminalServices-ServerUSBDevices", "Computer": "DESKTOP-OFJ6N53", "TimeCreated": "2023-12-12 15:14:58.469074+00:00", "RecordID": "109", "Level": "3", "UserID": "S-1-5-18"}
{"EventID": "36", "Channel": "Microsoft-Windows-TerminalServices-ServerUSBDevices/Admin", "Provider_Name": "Microsoft-Windows-TerminalServices-ServerUSBDevices", "Computer": "DESKTOP-OFJ6N53", "TimeCreated": "2023-12-14 08:20:10.951984+00:00", "RecordID": "110", "Level": "3", "UserID": "S-1-5-18"}
{"EventID": "36", "Channel": "Microsoft-Windows-TerminalServices-ServerUSBDevices/Admin", "Provider_Name": "Microsoft-Windows-TerminalServices-ServerUSBDevices", "Computer": "DESKTOP-OFJ6N53", "TimeCreated": "2023-12-29 14:46:13.881683+00:00", "RecordID": "111", "Level": "3", "UserID": "S-1-5-18"}
{"EventID": "36", "Channel": "Microsoft-Windows-TerminalServices-ServerUSBDevices/Admin", "Provider_Name": "Microsoft-Windows-TerminalServices-ServerUSBDevices", "Computer": "DESKTOP-OFJ6N53", "TimeCreated": "2024-01-16 11:10:49.711937+00:00", "RecordID": "112", "Level": "3", "UserID": "S-1-5-18"}
{"EventID": "36", "Channel": "Microsoft-Windows-TerminalServices-ServerUSBDevices/Admin", "Provider_Name": "Microsoft-Windows-TerminalServices-ServerUSBDevices", "Computer": "DESKTOP-OFJ6N53", "TimeCreated": "2024-02-16 14:07:14.892202+00:00", "RecordID": "113", "Level": "3", "UserID": "S-1-5-18"}
{"EventID": "36", "Channel": "Microsoft-Windows-TerminalServices-ServerUSBDevices/Admin", "Provider_Name": "Microsoft-Windows-TerminalServices-ServerUSBDevices", "Computer": "DESKTOP-OFJ6N53", "TimeCreated": "2024-03-12 11:04:49.227375+00:00", "RecordID": "114", "Level": "3", "UserID": "S-1-5-18"}
{"EventID": "36", "Channel": "Microsoft-Windows-TerminalServices-ServerUSBDevices/Admin", "Provider_Name": "Microsoft-Windows-TerminalServices-ServerUSBDevices", "Computer": "DESKTOP-OFJ6N53", "TimeCreated": "2024-04-15 08:28:12.507381+00:00", "RecordID": "115", "Level": "3", "UserID": "S-1-5-18"}
{"EventID": "36", "Channel": "Microsoft-Windows-TerminalServices-ServerUSBDevices/Admin", "Provider_Name": "Microsoft-Windows-TerminalServices-ServerUSBDevices", "Computer": "DESKTOP-OFJ6N53", "TimeCreated": "2024-04-24 13:45:06.441263+00:00", "RecordID": "116", "Level": "3", "UserID": "S-1-5-18"}
{"EventID": "36", "Channel": "Microsoft-Windows-TerminalServices-ServerUSBDevices/Admin", "Provider_Name": "Microsoft-Windows-TerminalServices-ServerUSBDevices", "Computer": "DESKTOP-OFJ6N53", "TimeCreated": "2024-05-02 13:48:18.270065+00:00", "RecordID": "117", "Level": "3", "UserID": "S-1-5-18"}
{"EventID": "36", "Channel": "Microsoft-Windows-TerminalServices-ServerUSBDevices/Admin", "Provider_Name": "Microsoft-Windows-TerminalServices-ServerUSBDevices", "Computer": "DESKTOP-OFJ6N53", "TimeCreated": "2024-05-14 09:25:05.301880+00:00", "RecordID": "118", "Level": "3", "UserID": "S-1-5-18"}
{"EventID": "36", "Channel": "Microsoft-Windows-TerminalServices-ServerUSBDevices/Admin", "Provider_Name": "Microsoft-Windows-TerminalServices-ServerUSBDevices", "Computer": "DESKTOP-OFJ6N53", "TimeCreated": "2024-05-15 13:47:29.851374+00:00", "RecordID": "119", "Level": "3", "UserID": "S-1-5-18"}
{"EventID": "36", "Channel": "Microsoft-Windows-TerminalServices-ServerUSBDevices/Admin", "Provider_Name": "Microsoft-Windows-TerminalServices-ServerUSBDevices", "Computer": "DESKTOP-OFJ6N53", "TimeCreated": "2024-05-31 10:49:58.281885+00:00", "RecordID": "120", "Level": "3", "UserID": "S-1-5-18"}
{"EventID": "36", "Channel": "Microsoft-Windows-TerminalServices-ServerUSBDevices/Admin", "Provider_Name": "Microsoft-Windows-TerminalServices-ServerUSBDevices", "Computer": "DESKTOP-OFJ6N53", "TimeCreated": "2024-06-06 12:19:06.837175+00:00", "RecordID": "121", "Level": "3", "UserID": "S-1-5-18"}
{"EventID": "36", "Channel": "Microsoft-Windows-TerminalServices-ServerUSBDevices/Admin", "Provider_Name": "Microsoft-Windows-TerminalServices-ServerUSBDevices", "Computer": "DESKTOP-OFJ6N53", "TimeCreated": "2024-06-13 10:02:51.022369+00:00", "RecordID": "122", "Level": "3", "UserID": "S-1-5-18"}
{"EventID": "36", "Channel": "Microsoft-Windows-TerminalServices-ServerUSBDevices/Admin", "Provider_Name": "Microsoft-Windows-TerminalServices-ServerUSBDevices", "Computer": "DESKTOP-OFJ6N53", "TimeCreated": "2024-06-13 10:21:31.589226+00:00", "RecordID": "123", "Level": "3", "UserID": "S-1-5-18"}
{"EventID": "36", "Channel": "Microsoft-Windows-TerminalServices-ServerUSBDevices/Admin", "Provider_Name": "Microsoft-Windows-TerminalServices-ServerUSBDevices", "Computer": "DESKTOP-OFJ6N53", "TimeCreated": "2024-07-04 10:12:41.979338+00:00", "RecordID": "124", "Level": "3", "UserID": "S-1-5-18"}
{"EventID": "36", "Channel": "Microsoft-Windows-TerminalServices-ServerUSBDevices/Admin", "Provider_Name": "Microsoft-Windows-TerminalServices-ServerUSBDevices", "Computer": "DESKTOP-OFJ6N53", "TimeCreated": "2024-07-11 10:32:08.703930+00:00", "RecordID": "125", "Level": "3", "UserID": "S-1-5-18"}
{"EventID": "36", "Channel": "Microsoft-Windows-TerminalServices-ServerUSBDevices/Admin", "Provider_Name": "Microsoft-Windows-TerminalServices-ServerUSBDevices", "Computer": "DESKTOP-OFJ6N53", "TimeCreated": "2024-07-22 07:27:22.793047+00:00", "RecordID": "126", "Level": "3", "UserID": "S-1-5-18"}
{"EventID": "36", "Channel": "Microsoft-Windows-TerminalServices-ServerUSBDevices/Admin", "Provider_Name": "Microsoft-Windows-TerminalServices-ServerUSBDevices", "Computer": "DESKTOP-OFJ6N53", "TimeCreated": "2024-08-30 11:01:53.199215+00:00", "RecordID": "127", "Level": "3", "UserID": "S-1-5-18"}
{"EventID": "36", "Channel": "Microsoft-Windows-TerminalServices-ServerUSBDevices/Admin", "Provider_Name": "Microsoft-Windows-TerminalServices-ServerUSBDevices", "Computer": "DESKTOP-OFJ6N53", "TimeCreated": "2024-09-06 13:40:40.331387+00:00", "RecordID": "128", "Level": "3", "UserID": "S-1-5-18"}
{"EventID": "36", "Channel": "Microsoft-Windows-TerminalServices-ServerUSBDevices/Admin", "Provider_Name": "Microsoft-Windows-TerminalServices-ServerUSBDevices", "Computer": "DESKTOP-OFJ6N53", "TimeCreated": "2024-09-16 12:51:01.312859+00:00", "RecordID": "129", "Level": "3", "UserID": "S-1-5-18"}
{"EventID": "36", "Channel": "Microsoft-Windows-TerminalServices-ServerUSBDevices/Admin", "Provider_Name": "Microsoft-Windows-TerminalServices-ServerUSBDevices", "Computer": "DESKTOP-OFJ6N53", "TimeCreated": "2024-09-19 17:25:45.827753+00:00", "RecordID": "130", "Level": "3", "UserID": "S-1-5-18"}
{"EventID": "36", "Channel": "Microsoft-Windows-TerminalServices-ServerUSBDevices/Admin", "Provider_Name": "Microsoft-Windows-TerminalServices-ServerUSBDevices", "Computer": "DESKTOP-OFJ6N53", "TimeCreated": "2024-09-24 12:12:18.324213+00:00", "RecordID": "131", "Level": "3", "UserID": "S-1-5-18"}
{"EventID": "36", "Channel": "Microsoft-Windows-TerminalServices-ServerUSBDevices/Admin", "Provider_Name": "Microsoft-Windows-TerminalServices-ServerUSBDevices", "Computer": "DESKTOP-OFJ6N53", "TimeCreated": "2024-09-25 13:56:41.918283+00:00", "RecordID": "132", "Level": "3", "UserID": "S-1-5-18"}
{"EventID": "36", "Channel": "Microsoft-Windows-TerminalServices-ServerUSBDevices/Admin", "Provider_Name": "Microsoft-Windows-TerminalServices-ServerUSBDevices", "Computer": "DESKTOP-OFJ6N53", "TimeCreated": "2024-09-30 22:32:22.624079+00:00", "RecordID": "133", "Level": "3", "UserID": "S-1-5-18"}
{"EventID": "36", "Channel": "Microsoft-Windows-TerminalServices-ServerUSBDevices/Admin", "Provider_Name": "Microsoft-Windows-TerminalServices-ServerUSBDevices", "Computer": "DESKTOP-OFJ6N53", "TimeCreated": "2024-10-04 11:18:33.697887+00:00", "RecordID": "134", "Level": "3", "UserID": "S-1-5-18"}
{"EventID": "36", "Channel": "Microsoft-Windows-TerminalServices-ServerUSBDevices/Admin", "Provider_Name": "Microsoft-Windows-TerminalServices-ServerUSBDevices", "Computer": "DESKTOP-OFJ6N53", "TimeCreated": "2024-10-04 22:03:40.004894+00:00", "RecordID": "135", "Level": "3", "UserID": "S-1-5-18"}
{"EventID": "36", "Channel": "Microsoft-Windows-TerminalServices-ServerUSBDevices/Admin", "Provider_Name": "Microsoft-Windows-TerminalServices-ServerUSBDevices", "Computer": "DESKTOP-OFJ6N53", "TimeCreated": "2024-10-16 22:41:57.180557+00:00", "RecordID": "136", "Level": "3", "UserID": "S-1-5-18"}
{"EventID": "36", "Channel": "Microsoft-Windows-TerminalServices-ServerUSBDevices/Admin", "Provider_Name": "Microsoft-Windows-TerminalServices-ServerUSBDevices", "Computer": "DESKTOP-OFJ6N53", "TimeCreated": "2024-11-20 13:45:31.359703+00:00", "RecordID": "137", "Level": "3", "UserID": "S-1-5-18"}
{"EventID": "36", "Channel": "Microsoft-Windows-TerminalServices-ServerUSBDevices/Admin", "Provider_Name": "Microsoft-Windows-TerminalServices-ServerUSBDevices", "Computer": "DESKTOP-OFJ6N53", "TimeCreated": "2024-12-03 11:35:36.342791+00:00", "RecordID": "138", "Level": "3", "UserID": "S-1-5-18"}
{"EventID": "36", "Channel": "Microsoft-Windows-TerminalServices-ServerUSBDevices/Admin", "Provider_Name": "Microsoft-Windows-TerminalServices-ServerUSBDevices", "Computer": "DESKTOP-OFJ6N53", "TimeCreated": "2024-12-09 10:51:13.436169+00:00", "RecordID": "139", "Level": "3", "UserID": "S-1-5-18"}
{"EventID": "36", "Channel": "Microsoft-Windows-TerminalServices-ServerUSBDevices/Admin", "Provider_Name": "Microsoft-Windows-TerminalServices-ServerUSBDevices", "Computer": "DESKTOP-OFJ6N53", "TimeCreated": "2024-12-11 16:23:21.061323+00:00", "RecordID": "140", "Level": "3", "UserID": "S-1-5-18"}
{"EventID": "36", "Channel": "Microsoft-Windows-TerminalServices-ServerUSBDevices/Admin", "Provider_Name": "Microsoft-Windows-TerminalServices-ServerUSBDevices", "Computer": "DESKTOP-OFJ6N53", "TimeCreated": "2024-12-23 14:15:17.979082+00:00", "RecordID": "141", "Level": "3", "UserID": "S-1-5-18"}
{"EventID": "36", "Channel": "Microsoft-Windows-TerminalServices-ServerUSBDevices/Admin", "Provider_Name": "Microsoft-Windows-TerminalServices-ServerUSBDevices", "Computer": "DESKTOP-OFJ6N53", "TimeCreated": "2025-01-09 14:56:26.655176+00:00", "RecordID": "142", "Level": "3", "UserID": "S-1-5-18"}
{"EventID": "36", "Channel": "Microsoft-Windows-TerminalServices-ServerUSBDevices/Admin", "Provider_Name": "Microsoft-Windows-TerminalServices-ServerUSBDevices", "Computer": "DESKTOP-OFJ6N53", "TimeCreated": "2025-01-16 12:58:09.922482+00:00", "RecordID": "143", "Level": "3", "UserID": "S-1-5-18"}
{"EventID": "36", "Channel": "Microsoft-Windows-TerminalServices-ServerUSBDevices/Admin", "Provider_Name": "Microsoft-Windows-TerminalServices-ServerUSBDevices", "Computer": "DESKTOP-OFJ6N53", "TimeCreated": "2025-01-24 12:04:33.369398+00:00", "RecordID": "144", "Level": "3", "UserID": "S-1-5-18"}
{"EventID": "36", "Channel": "Microsoft-Windows-TerminalServices-ServerUSBDevices/Admin", "Provider_Name": "Microsoft-Windows-TerminalServices-ServerUSBDevices", "Computer": "DESKTOP-OFJ6N53", "TimeCreated": "2025-02-05 14:19:38.470028+00:00", "RecordID": "145", "Level": "3", "UserID": "S-1-5-18"}
{"EventID": "36", "Channel": "Microsoft-Windows-TerminalServices-ServerUSBDevices/Admin", "Provider_Name": "Microsoft-Windows-TerminalServices-ServerUSBDevices", "Computer": "DESKTOP-OFJ6N53", "TimeCreated": "2025-02-12 16:12:53.926050+00:00", "RecordID": "146", "Level": "3", "UserID": "S-1-5-18"}
{"EventID": "36", "Channel": "Microsoft-Windows-TerminalServices-ServerUSBDevices/Admin", "Provider_Name": "Microsoft-Windows-TerminalServices-ServerUSBDevices", "Computer": "DESKTOP-OFJ6N53", "TimeCreated": "2025-03-07 15:29:27.594578+00:00", "RecordID": "147", "Level": "3", "UserID": "S-1-5-18"}
{"EventID": "36", "Channel": "Microsoft-Windows-TerminalServices-ServerUSBDevices/Admin", "Provider_Name": "Microsoft-Windows-TerminalServices-ServerUSBDevices", "Computer": "DESKTOP-OFJ6N53", "TimeCreated": "2025-03-12 07:34:14.574675+00:00", "RecordID": "148", "Level": "3", "UserID": "S-1-5-18"}
{"EventID": "36", "Channel": "Microsoft-Windows-TerminalServices-ServerUSBDevices/Admin", "Provider_Name": "Microsoft-Windows-TerminalServices-ServerUSBDevices", "Computer": "DESKTOP-OFJ6N53", "TimeCreated": "2025-04-02 09:13:42.803608+00:00", "RecordID": "149", "Level": "3", "UserID": "S-1-5-18"}
{"EventID": "36", "Channel": "Microsoft-Windows-TerminalServices-ServerUSBDevices/Admin", "Provider_Name": "Microsoft-Windows-TerminalServices-ServerUSBDevices", "Computer": "DESKTOP-OFJ6N53", "TimeCreated": "2025-04-02 09:19:59.070858+00:00", "RecordID": "150", "Level": "3", "UserID": "S-1-5-18"}
{"EventID": "36", "Channel": "Microsoft-Windows-TerminalServices-ServerUSBDevices/Admin", "Provider_Name": "Microsoft-Windows-TerminalServices-ServerUSBDevices", "Computer": "DESKTOP-OFJ6N53", "TimeCreated": "2025-04-02 09:53:53.363811+00:00", "RecordID": "151", "Level": "3", "UserID": "S-1-5-18"}
{"EventID": "36", "Channel": "Microsoft-Windows-TerminalServices-ServerUSBDevices/Admin", "Provider_Name": "Microsoft-Windows-TerminalServices-ServerUSBDevices", "Computer": "DESKTOP-OFJ6N53", "TimeCreated": "2025-04-02 10:02:29.590170+00:00", "RecordID": "152", "Level": "3", "UserID": "S-1-5-18"}
{"EventID": "36", "Channel": "Microsoft-Windows-TerminalServices-ServerUSBDevices/Admin", "Provider_Name": "Microsoft-Windows-TerminalServices-ServerUSBDevices", "Computer": "DESKTOP-OFJ6N53", "TimeCreated": "2025-04-02 10:08:42.361944+00:00", "RecordID": "153", "Level": "3", "UserID": "S-1-5-18"}
{"EventID": "36", "Channel": "Microsoft-Windows-TerminalServices-ServerUSBDevices/Admin", "Provider_Name": "Microsoft-Windows-TerminalServices-ServerUSBDevices", "Computer": "DESKTOP-OFJ6N53", "TimeCreated": "2025-04-02 10:12:46.515640+00:00", "RecordID": "154", "Level": "3", "UserID": "S-1-5-18"}
{"EventID": "36", "Channel": "Microsoft-Windows-TerminalServices-ServerUSBDevices/Admin", "Provider_Name": "Microsoft-Windows-TerminalServices-ServerUSBDevices", "Computer": "DESKTOP-OFJ6N53", "TimeCreated": "2025-04-02 10:30:56.486454+00:00", "RecordID": "155", "Level": "3", "UserID": "S-1-5-18"}
{"EventID": "36", "Channel": "Microsoft-Windows-TerminalServices-ServerUSBDevices/Admin", "Provider_Name": "Microsoft-Windows-TerminalServices-ServerUSBDevices", "Computer": "DESKTOP-OFJ6N53", "TimeCreated": "2025-04-02 10:37:51.663218+00:00", "RecordID": "156", "Level": "3", "UserID": "S-1-5-18"}
{"EventID": "36", "Channel": "Microsoft-Windows-TerminalServices-ServerUSBDevices/Admin", "Provider_Name": "Microsoft-Windows-TerminalServices-ServerUSBDevices", "Computer": "DESKTOP-OFJ6N53", "TimeCreated": "2025-04-10 05:53:04.837898+00:00", "RecordID": "157", "Level": "3", "UserID": "S-1-5-18"}
{"EventID": "36", "Channel": "Microsoft-Windows-TerminalServices-ServerUSBDevices/Admin", "Provider_Name": "Microsoft-Windows-TerminalServices-ServerUSBDevices", "Computer": "DESKTOP-OFJ6N53", "TimeCreated": "2025-04-24 11:02:01.863874+00:00", "RecordID": "158", "Level": "3", "UserID": "S-1-5-18"}
{"EventID": "36", "Channel": "Microsoft-Windows-TerminalServices-ServerUSBDevices/Admin", "Provider_Name": "Microsoft-Windows-TerminalServices-ServerUSBDevices", "Computer": "DESKTOP-OFJ6N53", "TimeCreated": "2025-05-21 14:11:25.380386+00:00", "RecordID": "159", "Level": "3", "UserID": "S-1-5-18"}
{"EventID": "36", "Channel": "Microsoft-Windows-TerminalServices-ServerUSBDevices/Admin", "Provider_Name": "Microsoft-Windows-TerminalServices-ServerUSBDevices", "Computer": "DESKTOP-OFJ6N53", "TimeCreated": "2025-06-18 13:21:34.967224+00:00", "RecordID": "160", "Level": "3", "UserID": "S-1-5-18"}
{"EventID": "36", "Channel": "Microsoft-Windows-TerminalServices-ServerUSBDevices/Admin", "Provider_Name": "Microsoft-Windows-TerminalServices-ServerUSBDevices", "Computer": "DESKTOP-OFJ6N53", "TimeCreated": "2025-07-07 13:11:59.009268+00:00", "RecordID": "161", "Level": "3", "UserID": "S-1-5-18"}
{"EventID": "36", "Channel": "Microsoft-Windows-TerminalServices-ServerUSBDevices/Admin", "Provider_Name": "Microsoft-Windows-TerminalServices-ServerUSBDevices", "Computer": "DESKTOP-OFJ6N53", "TimeCreated": "2025-07-14 09:52:10.195011+00:00", "RecordID": "162", "Level": "3", "UserID": "S-1-5-18"}
{"EventID": "36", "Channel": "Microsoft-Windows-TerminalServices-ServerUSBDevices/Admin", "Provider_Name": "Microsoft-Windows-TerminalServices-ServerUSBDevices", "Computer": "DESKTOP-OFJ6N53", "TimeCreated": "2025-07-24 21:30:33.854980+00:00", "RecordID": "163", "Level": "3", "UserID": "S-1-5-18"}
{"EventID": "36", "Channel": "Microsoft-Windows-TerminalServices-ServerUSBDevices/Admin", "Provider_Name": "Microsoft-Windows-TerminalServices-ServerUSBDevices", "Computer": "DESKTOP-OFJ6N53", "TimeCreated": "2025-07-31 08:16:26.004892+00:00", "RecordID": "164", "Level": "3", "UserID": "S-1-5-18"}
{"EventID": "36", "Channel": "Microsoft-Windows-TerminalServices-ServerUSBDevices/Admin", "Provider_Name": "Microsoft-Windows-TerminalServices-ServerUSBDevices", "Computer": "DESKTOP-OFJ6N53", "TimeCreated": "2025-08-12 12:19:10.585468+00:00", "RecordID": "165", "Level": "3", "UserID": "S-1-5-18"}
{"EventID": "36", "Channel": "Microsoft-Windows-TerminalServices-ServerUSBDevices/Admin", "Provider_Name": "Microsoft-Windows-TerminalServices-ServerUSBDevices", "Computer": "DESKTOP-OFJ6N53", "TimeCreated": "2025-08-13 15:30:23.495392+00:00", "RecordID": "166", "Level": "3", "UserID": "S-1-5-18"}
{"EventID": "36", "Channel": "Microsoft-Windows-TerminalServices-ServerUSBDevices/Admin", "Provider_Name": "Microsoft-Windows-TerminalServices-ServerUSBDevices", "Computer": "DESKTOP-OFJ6N53", "TimeCreated": "2025-08-19 07:20:31.494064+00:00", "RecordID": "167", "Level": "3", "UserID": "S-1-5-18"}
