{"EventID": "31018", "Channel": "Microsoft-Windows-SmbClient/Security", "Provider_Name": "Microsoft-Windows-SMBClient", "Computer": "DESKTOP-OFJ6N53", "TimeCreated": "2022-02-24 21:41:35.192066+00:00", "RecordID": "1", "Level": "3", "UserID": "S-1-5-18", "EventData.RegName": "AllowInsecureGuestAuth", "EventData.RegValue": "1"}
{"EventID": "31018", "Channel": "Microsoft-Windows-SmbClient/Security", "Provider_Name": "Microsoft-Windows-SMBClient", "Computer": "DESKTOP-OFJ6N53", "TimeCreated": "2022-02-25 13:25:17.305023+00:00", "RecordID": "2", "Level": "3", "UserID": "S-1-5-18", "EventData.RegName": "AllowInsecureGuestAuth", "EventData.RegValue": "1"}
{"EventID": "31018", "Channel": "Microsoft-Windows-SmbClient/Security", "Provider_Name": "Microsoft-Windows-SMBClient", "Computer": "DESKTOP-OFJ6N53", "TimeCreated": "2022-02-28 14:18:46.595539+00:00", "RecordID": "3", "Level": "3", "UserID": "S-1-5-18", "EventData.RegName": "AllowInsecureGuestAuth", "EventData.RegValue": "1"}
{"EventID": "31018", "Channel": "Microsoft-Windows-SmbClient/Security", "Provider_Name": "Microsoft-Windows-SMBClient", "Computer": "DESKTOP-OFJ6N53", "TimeCreated": "2022-02-28 18:14:37.083666+00:00", "RecordID": "4", "Level": "3", "UserID": "S-1-5-18", "EventData.RegName": "AllowInsecureGuestAuth", "EventData.RegValue": "1"}
{"EventID": "31018", "Channel": "Microsoft-Windows-SmbClient/Security", "Provider_Name": "Microsoft-Windows-SMBClient", "Computer": "DESKTOP-OFJ6N53", "TimeCreated": "2022-03-01 11:43:36.260719+00:00", "RecordID": "5", "Level": "3", "UserID": "S-1-5-18", "EventData.RegName": "AllowInsecureGuestAuth", "EventData.RegValue": "1"}
{"EventID": "31018", "Channel": "Microsoft-Windows-SmbClient/Security", "Provider_Name": "Microsoft-Windows-SMBClient", "Computer": "DESKTOP-OFJ6N53", "TimeCreated": "2022-03-01 12:57:17.651314+00:00", "RecordID": "6", "Level": "3", "UserID": "S-1-5-18", "EventData.RegName": "AllowInsecureGuestAuth", "EventData.RegValue": "1"}
{"EventID": "31018", "Channel": "Microsoft-Windows-SmbClient/Security", "Provider_Name": "Microsoft-Windows-SMBClient", "Computer": "DESKTOP-OFJ6N53", "TimeCreated": "2022-03-02 12:11:59.134949+00:00", "RecordID": "7", "Level": "3", "UserID": "S-1-5-18", "EventData.RegName": "AllowInsecureGuestAuth", "EventData.RegValue": "1"}
{"EventID": "31018", "Channel": "Microsoft-Windows-SmbClient/Security", "Provider_Name": "Microsoft-Windows-SMBClient", "Computer": "DESKTOP-OFJ6N53", "TimeCreated": "2022-03-02 13:13:34.563972+00:00", "RecordID": "8", "Level": "3", "UserID": "S-1-5-18", "EventData.RegName": "AllowInsecureGuestAuth", "EventData.RegValue": "1"}
{"EventID": "31018", "Channel": "Microsoft-Windows-SmbClient/Security", "Provider_Name": "Microsoft-Windows-SMBClient", "Computer": "DESKTOP-OFJ6N53", "TimeCreated": "2022-03-03 16:03:33.071833+00:00", "RecordID": "9", "Level": "3", "UserID": "S-1-5-18", "EventData.RegName": "AllowInsecureGuestAuth", "EventData.RegValue": "1"}
{"EventID": "31018", "Channel": "Microsoft-Windows-SmbClient/Security", "Provider_Name": "Microsoft-Windows-SMBClient", "Computer": "DESKTOP-OFJ6N53", "TimeCreated": "2022-03-03 17:14:35.011044+00:00", "RecordID": "10", "Level": "3", "UserID": "S-1-5-18", "EventData.RegName": "AllowInsecureGuestAuth", "EventData.RegValue": "1"}
{"EventID": "31018", "Channel": "Microsoft-Windows-SmbClient/Security", "Provider_Name": "Microsoft-Windows-SMBClient", "Computer": "DESKTOP-OFJ6N53", "TimeCreated": "2022-03-03 17:18:29.655691+00:00", "RecordID": "11", "Level": "3", "UserID": "S-1-5-18", "EventData.RegName": "AllowInsecureGuestAuth", "EventData.RegValue": "1"}
{"EventID": "31018", "Channel": "Microsoft-Windows-SmbClient/Security", "Provider_Name": "Microsoft-Windows-SMBClient", "Computer": "DESKTOP-OFJ6N53", "TimeCreated": "2022-03-04 08:23:42.546211+00:00", "RecordID": "12", "Level": "3", "UserID": "S-1-5-18", "EventData.RegName": "AllowInsecureGuestAuth", "EventData.RegValue": "1"}
{"EventID": "31018", "Channel": "Microsoft-Windows-SmbClient/Security", "Provider_Name": "Microsoft-Windows-SMBClient", "Computer": "DESKTOP-OFJ6N53", "TimeCreated": "2022-03-04 11:39:35.819799+00:00", "RecordID": "13", "Level": "3", "UserID": "S-1-5-18", "EventData.RegName": "AllowInsecureGuestAuth", "EventData.RegValue": "1"}
{"EventID": "31018", "Channel": "Microsoft-Windows-SmbClient/Security", "Provider_Name": "Microsoft-Windows-SMBClient", "Computer": "DESKTOP-OFJ6N53", "TimeCreated": "2022-03-04 14:02:07.513763+00:00", "RecordID": "14", "Level": "3", "UserID": "S-1-5-18", "EventData.RegName": "AllowInsecureGuestAuth", "EventData.RegValue": "1"}
{"EventID": "31018", "Channel": "Microsoft-Windows-SmbClient/Security", "Provider_Name": "Microsoft-Windows-SMBClient", "Computer": "DESKTOP-OFJ6N53", "TimeCreated": "2022-03-04 15:14:06.811558+00:00", "RecordID": "15", "Level": "3", "UserID": "S-1-5-18", "EventData.RegName": "AllowInsecureGuestAuth", "EventData.RegValue": "1"}
{"EventID": "31018", "Channel": "Microsoft-Windows-SmbClient/Security", "Provider_Name": "Microsoft-Windows-SMBClient", "Computer": "DESKTOP-OFJ6N53", "TimeCreated": "2022-03-05 06:35:44.995375+00:00", "RecordID": "16", "Level": "3", "UserID": "S-1-5-18", "EventData.RegName": "AllowInsecureGuestAuth", "EventData.RegValue": "1"}
{"EventID": "31018", "Channel": "Microsoft-Windows-SmbClient/Security", "Provider_Name": "Microsoft-Windows-SMBClient", "Computer": "DESKTOP-OFJ6N53", "TimeCreated": "2022-03-05 11:55:03.867785+00:00", "RecordID": "17", "Level": "3", "UserID": "S-1-5-18", "EventData.RegName": "AllowInsecureGuestAuth", "EventData.RegValue": "1"}
{"EventID": "31018", "Channel": "Microsoft-Windows-SmbClient/Security", "Provider_Name": "Microsoft-Windows-SMBClient", "Computer": "DESKTOP-OFJ6N53", "TimeCreated": "2022-03-09 07:31:46.196688+00:00", "RecordID": "18", "Level": "3", "UserID": "S-1-5-18", "EventData.RegName": "AllowInsecureGuestAuth", "EventData.RegValue": "1"}
{"EventID": "31018", "Channel": "Microsoft-Windows-SmbClient/Security", "Provider_Name": "Microsoft-Windows-SMBClient", "Computer": "DESKTOP-OFJ6N53", "TimeCreated": "2022-03-09 09:23:34.734707+00:00", "RecordID": "19", "Level": "3", "UserID": "S-1-5-18", "EventData.RegName": "AllowInsecureGuestAuth", "EventData.RegValue": "1"}
{"EventID": "31018", "Channel": "Microsoft-Windows-SmbClient/Security", "Provider_Name": "Microsoft-Windows-SMBClient", "Computer": "DESKTOP-OFJ6N53", "TimeCreated": "2022-03-09 10:16:44.093391+00:00", "RecordID": "20", "Level": "3", "UserID": "S-1-5-18", "EventData.RegName": "AllowInsecureGuestAuth", "EventData.RegValue": "1"}
{"EventID": "31018", "Channel": "Microsoft-Windows-SmbClient/Security", "Provider_Name": "Microsoft-Windows-SMBClient", "Computer": "DESKTOP-OFJ6N53", "TimeCreated": "2022-03-09 11:07:50.974403+00:00", "RecordID": "21", "Level": "3", "UserID": "S-1-5-18", "EventData.RegName": "AllowInsecureGuestAuth", "EventData.RegValue": "1"}
{"EventID": "31018", "Channel": "Microsoft-Windows-SmbClient/Security", "Provider_Name": "Microsoft-Windows-SMBClient", "Computer": "DESKTOP-OFJ6N53", "TimeCreated": "2022-03-09 12:31:03.518955+00:00", "RecordID": "22", "Level": "3", "UserID": "S-1-5-18", "EventData.RegName": "AllowInsecureGuestAuth", "EventData.RegValue": "1"}
{"EventID": "31018", "Channel": "Microsoft-Windows-SmbClient/Security", "Provider_Name": "Microsoft-Windows-SMBClient", "Computer": "DESKTOP-OFJ6N53", "TimeCreated": "2022-03-10 14:20:16.007833+00:00", "RecordID": "23", "Level": "3", "UserID": "S-1-5-18", "EventData.RegName": "AllowInsecureGuestAuth", "EventData.RegValue": "1"}
{"EventID": "31018", "Channel": "Microsoft-Windows-SmbClient/Security", "Provider_Name": "Microsoft-Windows-SMBClient", "Computer": "DESKTOP-OFJ6N53", "TimeCreated": "2022-03-10 16:25:11.323126+00:00", "RecordID": "24", "Level": "3", "UserID": "S-1-5-18", "EventData.RegName": "AllowInsecureGuestAuth", "EventData.RegValue": "1"}
{"EventID": "31018", "Channel": "Microsoft-Windows-SmbClient/Security", "Provider_Name": "Microsoft-Windows-SMBClient", "Computer": "DESKTOP-OFJ6N53", "TimeCreated": "2022-03-11 08:55:15.217896+00:00", "RecordID": "25", "Level": "3", "UserID": "S-1-5-18", "EventData.RegName": "AllowInsecureGuestAuth", "EventData.RegValue": "1"}
{"EventID": "31018", "Channel": "Microsoft-Windows-SmbClient/Security", "Provider_Name": "Microsoft-Windows-SMBClient", "Computer": "DESKTOP-OFJ6N53", "TimeCreated": "2022-03-11 10:16:44.337479+00:00", "RecordID": "26", "Level": "3", "UserID": "S-1-5-18", "EventData.RegName": "AllowInsecureGuestAuth", "EventData.RegValue": "1"}
{"EventID": "31018", "Channel": "Microsoft-Windows-SmbClient/Security", "Provider_Name": "Microsoft-Windows-SMBClient", "Computer": "DESKTOP-OFJ6N53", "TimeCreated": "2022-03-15 16:44:53.157701+00:00", "RecordID": "27", "Level": "3", "UserID": "S-1-5-18", "EventData.RegName": "AllowInsecureGuestAuth", "EventData.RegValue": "1"}
{"EventID": "31018", "Channel": "Microsoft-Windows-SmbClient/Security", "Provider_Name": "Microsoft-Windows-SMBClient", "Computer": "DESKTOP-OFJ6N53", "TimeCreated": "2022-03-16 10:50:39.815308+00:00", "RecordID": "28", "Level": "3", "UserID": "S-1-5-18", "EventData.RegName": "AllowInsecureGuestAuth", "EventData.RegValue": "1"}
{"EventID": "31018", "Channel": "Microsoft-Windows-SmbClient/Security", "Provider_Name": "Microsoft-Windows-SMBClient", "Computer": "DESKTOP-OFJ6N53", "TimeCreated": "2022-03-16 14:20:58.466393+00:00", "RecordID": "29", "Level": "3", "UserID": "S-1-5-18", "EventData.RegName": "AllowInsecureGuestAuth", "EventData.RegValue": "1"}
{"EventID": "31018", "Channel": "Microsoft-Windows-SmbClient/Security", "Provider_Name": "Microsoft-Windows-SMBClient", "Computer": "DESKTOP-OFJ6N53", "TimeCreated": "2022-03-17 09:55:28.584545+00:00", "RecordID": "30", "Level": "3", "UserID": "S-1-5-18", "EventData.RegName": "AllowInsecureGuestAuth", "EventData.RegValue": "1"}
{"EventID": "31018", "Channel": "Microsoft-Windows-SmbClient/Security", "Provider_Name": "Microsoft-Windows-SMBClient", "Computer": "DESKTOP-OFJ6N53", "TimeCreated": "2022-03-21 09:57:33.986050+00:00", "RecordID": "31", "Level": "3", "UserID": "S-1-5-18", "EventData.RegName": "AllowInsecureGuestAuth", "EventData.RegValue": "1"}
{"EventID": "31018", "Channel": "Microsoft-Windows-SmbClient/Security", "Provider_Name": "Microsoft-Windows-SMBClient", "Computer": "DESKTOP-OFJ6N53", "TimeCreated": "2022-03-21 11:23:59.722685+00:00", "RecordID": "32", "Level": "3", "UserID": "S-1-5-18", "EventData.RegName": "AllowInsecureGuestAuth", "EventData.RegValue": "1"}
{"EventID": "31018", "Channel": "Microsoft-Windows-SmbClient/Security", "Provider_Name": "Microsoft-Windows-SMBClient", "Computer": "DESKTOP-OFJ6N53", "TimeCreated": "2022-03-22 08:42:30.653992+00:00", "RecordID": "33", "Level": "3", "UserID": "S-1-5-18", "EventData.RegName": "AllowInsecureGuestAuth", "EventData.RegValue": "1"}
{"EventID": "31018", "Channel": "Microsoft-Windows-SmbClient/Security", "Provider_Name": "Microsoft-Windows-SMBClient", "Computer": "DESKTOP-OFJ6N53", "TimeCreated": "2022-03-23 12:56:51.102539+00:00", "RecordID": "34", "Level": "3", "UserID": "S-1-5-18", "EventData.RegName": "AllowInsecureGuestAuth", "EventData.RegValue": "1"}
{"EventID": "31018", "Channel": "Microsoft-Windows-SmbClient/Security", "Provider_Name": "Microsoft-Windows-SMBClient", "Computer": "DESKTOP-OFJ6N53", "TimeCreated": "2022-03-23 16:53:34.928328+00:00", "RecordID": "35", "Level": "3", "UserID": "S-1-5-18", "EventData.RegName": "AllowInsecureGuestAuth", "EventData.RegValue": "1"}
{"EventID": "31018", "Channel": "Microsoft-Windows-SmbClient/Security", "Provider_Name": "Microsoft-Windows-SMBClient", "Computer": "DESKTOP-OFJ6N53", "TimeCreated": "2022-03-24 08:40:12.259356+00:00", "RecordID": "36", "Level": "3", "UserID": "S-1-5-18", "EventData.RegName": "AllowInsecureGuestAuth", "EventData.RegValue": "1"}
{"EventID": "31018", "Channel": "Microsoft-Windows-SmbClient/Security", "Provider_Name": "Microsoft-Windows-SMBClient", "Computer": "DESKTOP-OFJ6N53", "TimeCreated": "2022-03-25 08:54:59.113359+00:00", "RecordID": "37", "Level": "3", "UserID": "S-1-5-18", "EventData.RegName": "AllowInsecureGuestAuth", "EventData.RegValue": "1"}
{"EventID": "31018", "Channel": "Microsoft-Windows-SmbClient/Security", "Provider_Name": "Microsoft-Windows-SMBClient", "Computer": "DESKTOP-OFJ6N53", "TimeCreated": "2022-03-29 10:03:52.353775+00:00", "RecordID": "38", "Level": "3", "UserID": "S-1-5-18", "EventData.RegName": "AllowInsecureGuestAuth", "EventData.RegValue": "1"}
{"EventID": "31018", "Channel": "Microsoft-Windows-SmbClient/Security", "Provider_Name": "Microsoft-Windows-SMBClient", "Computer": "DESKTOP-OFJ6N53", "TimeCreated": "2022-03-29 12:03:20.618944+00:00", "RecordID": "39", "Level": "3", "UserID": "S-1-5-18", "EventData.RegName": "AllowInsecureGuestAuth", "EventData.RegValue": "1"}
{"EventID": "31018", "Channel": "Microsoft-Windows-SmbClient/Security", "Provider_Name": "Microsoft-Windows-SMBClient", "Computer": "DESKTOP-OFJ6N53", "TimeCreated": "2022-03-29 14:13:25.035143+00:00", "RecordID": "40", "Level": "3", "UserID": "S-1-5-18", "EventData.RegName": "AllowInsecureGuestAuth", "EventData.RegValue": "1"}
{"EventID": "31018", "Channel": "Microsoft-Windows-SmbClient/Security", "Provider_Name": "Microsoft-Windows-SMBClient", "Computer": "DESKTOP-OFJ6N53", "TimeCreated": "2022-03-30 09:31:53.251858+00:00", "RecordID": "41", "Level": "3", "UserID": "S-1-5-18", "EventData.RegName": "AllowInsecureGuestAuth", "EventData.RegValue": "1"}
{"EventID": "31018", "Channel": "Microsoft-Windows-SmbClient/Security", "Provider_Name": "Microsoft-Windows-SMBClient", "Computer": "DESKTOP-OFJ6N53", "TimeCreated": "2022-03-30 10:48:02.447895+00:00", "RecordID": "42", "Level": "3", "UserID": "S-1-5-18", "EventData.RegName": "AllowInsecureGuestAuth", "EventData.RegValue": "1"}
{"EventID": "31018", "Channel": "Microsoft-Windows-SmbClient/Security", "Provider_Name": "Microsoft-Windows-SMBClient", "Computer": "DESKTOP-OFJ6N53", "TimeCreated": "2022-04-05 13:30:49.806438+00:00", "RecordID": "43", "Level": "3", "UserID": "S-1-5-18", "EventData.RegName": "AllowInsecureGuestAuth", "EventData.RegValue": "1"}
{"EventID": "31018", "Channel": "Microsoft-Windows-SmbClient/Security", "Provider_Name": "Microsoft-Windows-SMBClient", "Computer": "DESKTOP-OFJ6N53", "TimeCreated": "2022-04-05 15:58:14.023554+00:00", "RecordID": "44", "Level": "3", "UserID": "S-1-5-18", "EventData.RegName": "AllowInsecureGuestAuth", "EventData.RegValue": "1"}
{"EventID": "31018", "Channel": "Microsoft-Windows-SmbClient/Security", "Provider_Name": "Microsoft-Windows-SMBClient", "Computer": "DESKTOP-OFJ6N53", "TimeCreated": "2022-04-06 13:05:58.669157+00:00", "RecordID": "45", "Level": "3", "UserID": "S-1-5-18", "EventData.RegName": "AllowInsecureGuestAuth", "EventData.RegValue": "1"}
{"EventID": "31018", "Channel": "Microsoft-Windows-SmbClient/Security", "Provider_Name": "Microsoft-Windows-SMBClient", "Computer": "DESKTOP-OFJ6N53", "TimeCreated": "2022-04-06 15:08:03.699961+00:00", "RecordID": "46", "Level": "3", "UserID": "S-1-5-18", "EventData.RegName": "AllowInsecureGuestAuth", "EventData.RegValue": "1"}
{"EventID": "31018", "Channel": "Microsoft-Windows-SmbClient/Security", "Provider_Name": "Microsoft-Windows-SMBClient", "Computer": "DESKTOP-OFJ6N53", "TimeCreated": "2022-04-10 18:24:26.311407+00:00", "RecordID": "47", "Level": "3", "UserID": "S-1-5-18", "EventData.RegName": "AllowInsecureGuestAuth", "EventData.RegValue": "1"}
{"EventID": "31018", "Channel": "Microsoft-Windows-SmbClient/Security", "Provider_Name": "Microsoft-Windows-SMBClient", "Computer": "DESKTOP-OFJ6N53", "TimeCreated": "2022-04-13 07:10:12.068892+00:00", "RecordID": "48", "Level": "3", "UserID": "S-1-5-18", "EventData.RegName": "AllowInsecureGuestAuth", "EventData.RegValue": "1"}
{"EventID": "31018", "Channel": "Microsoft-Windows-SmbClient/Security", "Provider_Name": "Microsoft-Windows-SMBClient", "Computer": "DESKTOP-OFJ6N53", "TimeCreated": "2022-04-13 12:06:32.377995+00:00", "RecordID": "49", "Level": "3", "UserID": "S-1-5-18", "EventData.RegName": "AllowInsecureGuestAuth", "EventData.RegValue": "1"}
{"EventID": "31018", "Channel": "Microsoft-Windows-SmbClient/Security", "Provider_Name": "Microsoft-Windows-SMBClient", "Computer": "DESKTOP-OFJ6N53", "TimeCreated": "2022-04-13 14:34:27.594067+00:00", "RecordID": "50", "Level": "3", "UserID": "S-1-5-18", "EventData.RegName": "AllowInsecureGuestAuth", "EventData.RegValue": "1"}
{"EventID": "31018", "Channel": "Microsoft-Windows-SmbClient/Security", "Provider_Name": "Microsoft-Windows-SMBClient", "Computer": "DESKTOP-OFJ6N53", "TimeCreated": "2022-04-13 16:08:27.546329+00:00", "RecordID": "51", "Level": "3", "UserID": "S-1-5-18", "EventData.RegName": "AllowInsecureGuestAuth", "EventData.RegValue": "1"}
{"EventID": "31018", "Channel": "Microsoft-Windows-SmbClient/Security", "Provider_Name": "Microsoft-Windows-SMBClient", "Computer": "DESKTOP-OFJ6N53", "TimeCreated": "2022-04-15 07:47:36.725542+00:00", "RecordID": "52", "Level": "3", "UserID": "S-1-5-18", "EventData.RegName": "AllowInsecureGuestAuth", "EventData.RegValue": "1"}
{"EventID": "31018", "Channel": "Microsoft-Windows-SmbClient/Security", "Provider_Name": "Microsoft-Windows-SMBClient", "Computer": "DESKTOP-OFJ6N53", "TimeCreated": "2022-04-15 12:54:17.624466+00:00", "RecordID": "53", "Level": "3", "UserID": "S-1-5-18", "EventData.RegName": "AllowInsecureGuestAuth", "EventData.RegValue": "1"}
{"EventID": "31018", "Channel": "Microsoft-Windows-SmbClient/Security", "Provider_Name": "Microsoft-Windows-SMBClient", "Computer": "DESKTOP-OFJ6N53", "TimeCreated": "2022-04-15 14:45:27.359425+00:00", "RecordID": "54", "Level": "3", "UserID": "S-1-5-18", "EventData.RegName": "AllowInsecureGuestAuth", "EventData.RegValue": "1"}
{"EventID": "31018", "Channel": "Microsoft-Windows-SmbClient/Security", "Provider_Name": "Microsoft-Windows-SMBClient", "Computer": "DESKTOP-OFJ6N53", "TimeCreated": "2022-04-15 21:21:39.993748+00:00", "RecordID": "55", "Level": "3", "UserID": "S-1-5-18", "EventData.RegName": "AllowInsecureGuestAuth", "EventData.RegValue": "1"}
{"EventID": "31018", "Channel": "Microsoft-Windows-SmbClient/Security", "Provider_Name": "Microsoft-Windows-SMBClient", "Computer": "DESKTOP-OFJ6N53", "TimeCreated": "2022-04-15 23:46:27.216873+00:00", "RecordID": "56", "Level": "3", "UserID": "S-1-5-18", "EventData.RegName": "AllowInsecureGuestAuth", "EventData.RegValue": "1"}
{"EventID": "31018", "Channel": "Microsoft-Windows-SmbClient/Security", "Provider_Name": "Microsoft-Windows-SMBClient", "Computer": "DESKTOP-OFJ6N53", "TimeCreated": "2022-04-18 07:12:43.771093+00:00", "RecordID": "57", "Level": "3", "UserID": "S-1-5-18", "EventData.RegName": "AllowInsecureGuestAuth", "EventData.RegValue": "1"}
{"EventID": "31018", "Channel": "Microsoft-Windows-SmbClient/Security", "Provider_Name": "Microsoft-Windows-SMBClient", "Computer": "DESKTOP-OFJ6N53", "TimeCreated": "2022-04-18 14:38:09.858135+00:00", "RecordID": "58", "Level": "3", "UserID": "S-1-5-18", "EventData.RegName": "AllowInsecureGuestAuth", "EventData.RegValue": "1"}
{"EventID": "31018", "Channel": "Microsoft-Windows-SmbClient/Security", "Provider_Name": "Microsoft-Windows-SMBClient", "Computer": "DESKTOP-OFJ6N53", "TimeCreated": "2022-04-19 01:54:02.642006+00:00", "RecordID": "59", "Level": "3", "UserID": "S-1-5-18", "EventData.RegName": "AllowInsecureGuestAuth", "EventData.RegValue": "1"}
{"EventID": "31018", "Channel": "Microsoft-Windows-SmbClient/Security", "Provider_Name": "Microsoft-Windows-SMBClient", "Computer": "DESKTOP-OFJ6N53", "TimeCreated": "2022-04-19 08:37:54.638882+00:00", "RecordID": "60", "Level": "3", "UserID": "S-1-5-18", "EventData.RegName": "AllowInsecureGuestAuth", "EventData.RegValue": "1"}
{"EventID": "31018", "Channel": "Microsoft-Windows-SmbClient/Security", "Provider_Name": "Microsoft-Windows-SMBClient", "Computer": "DESKTOP-OFJ6N53", "TimeCreated": "2022-04-19 10:13:33.657570+00:00", "RecordID": "61", "Level": "3", "UserID": "S-1-5-18", "EventData.RegName": "AllowInsecureGuestAuth", "EventData.RegValue": "1"}
{"EventID": "31018", "Channel": "Microsoft-Windows-SmbClient/Security", "Provider_Name": "Microsoft-Windows-SMBClient", "Computer": "DESKTOP-OFJ6N53", "TimeCreated": "2022-04-19 11:22:56.652853+00:00", "RecordID": "62", "Level": "3", "UserID": "S-1-5-18", "EventData.RegName": "AllowInsecureGuestAuth", "EventData.RegValue": "1"}
{"EventID": "31018", "Channel": "Microsoft-Windows-SmbClient/Security", "Provider_Name": "Microsoft-Windows-SMBClient", "Computer": "DESKTOP-OFJ6N53", "TimeCreated": "2022-04-19 14:02:34.638525+00:00", "RecordID": "63", "Level": "3", "UserID": "S-1-5-18", "EventData.RegName": "AllowInsecureGuestAuth", "EventData.RegValue": "1"}
{"EventID": "31018", "Channel": "Microsoft-Windows-SmbClient/Security", "Provider_Name": "Microsoft-Windows-SMBClient", "Computer": "DESKTOP-OFJ6N53", "TimeCreated": "2022-04-20 08:27:49.902266+00:00", "RecordID": "64", "Level": "3", "UserID": "S-1-5-18", "EventData.RegName": "AllowInsecureGuestAuth", "EventData.RegValue": "1"}
{"EventID": "31018", "Channel": "Microsoft-Windows-SmbClient/Security", "Provider_Name": "Microsoft-Windows-SMBClient", "Computer": "DESKTOP-OFJ6N53", "TimeCreated": "2022-04-22 10:03:19.653271+00:00", "RecordID": "65", "Level": "3", "UserID": "S-1-5-18", "EventData.RegName": "AllowInsecureGuestAuth", "EventData.RegValue": "1"}
{"EventID": "31018", "Channel": "Microsoft-Windows-SmbClient/Security", "Provider_Name": "Microsoft-Windows-SMBClient", "Computer": "DESKTOP-OFJ6N53", "TimeCreated": "2022-04-26 13:20:48.921656+00:00", "RecordID": "66", "Level": "3", "UserID": "S-1-5-18", "EventData.RegName": "AllowInsecureGuestAuth", "EventData.RegValue": "1"}
{"EventID": "31018", "Channel": "Microsoft-Windows-SmbClient/Security", "Provider_Name": "Microsoft-Windows-SMBClient", "Computer": "DESKTOP-OFJ6N53", "TimeCreated": "2022-04-28 21:43:01.739761+00:00", "RecordID": "67", "Level": "3", "UserID": "S-1-5-18", "EventData.RegName": "AllowInsecureGuestAuth", "EventData.RegValue": "1"}
{"EventID": "31018", "Channel": "Microsoft-Windows-SmbClient/Security", "Provider_Name": "Microsoft-Windows-SMBClient", "Computer": "DESKTOP-OFJ6N53", "TimeCreated": "2022-05-05 10:00:51.442707+00:00", "RecordID": "68", "Level": "3", "UserID": "S-1-5-18", "EventData.RegName": "AllowInsecureGuestAuth", "EventData.RegValue": "1"}
{"EventID": "31018", "Channel": "Microsoft-Windows-SmbClient/Security", "Provider_Name": "Microsoft-Windows-SMBClient", "Computer": "DESKTOP-OFJ6N53", "TimeCreated": "2022-05-05 17:40:29.196371+00:00", "RecordID": "69", "Level": "3", "UserID": "S-1-5-18", "EventData.RegName": "AllowInsecureGuestAuth", "EventData.RegValue": "1"}
{"EventID": "31018", "Channel": "Microsoft-Windows-SmbClient/Security", "Provider_Name": "Microsoft-Windows-SMBClient", "Computer": "DESKTOP-OFJ6N53", "TimeCreated": "2022-05-10 23:33:05.550585+00:00", "RecordID": "70", "Level": "3", "UserID": "S-1-5-18", "EventData.RegName": "AllowInsecureGuestAuth", "EventData.RegValue": "1"}
{"EventID": "31018", "Channel": "Microsoft-Windows-SmbClient/Security", "Provider_Name": "Microsoft-Windows-SMBClient", "Computer": "DESKTOP-OFJ6N53", "TimeCreated": "2022-05-11 12:37:07.346834+00:00", "RecordID": "71", "Level": "3", "UserID": "S-1-5-18", "EventData.RegName": "AllowInsecureGuestAuth", "EventData.RegValue": "1"}
{"EventID": "31018", "Channel": "Microsoft-Windows-SmbClient/Security", "Provider_Name": "Microsoft-Windows-SMBClient", "Computer": "DESKTOP-OFJ6N53", "TimeCreated": "2022-05-11 15:04:36.709129+00:00", "RecordID": "72", "Level": "3", "UserID": "S-1-5-18", "EventData.RegName": "AllowInsecureGuestAuth", "EventData.RegValue": "1"}
{"EventID": "31018", "Channel": "Microsoft-Windows-SmbClient/Security", "Provider_Name": "Microsoft-Windows-SMBClient", "Computer": "DESKTOP-OFJ6N53", "TimeCreated": "2022-05-12 13:57:40.458382+00:00", "RecordID": "73", "Level": "3", "UserID": "S-1-5-18", "EventData.RegName": "AllowInsecureGuestAuth", "EventData.RegValue": "1"}
{"EventID": "31018", "Channel": "Microsoft-Windows-SmbClient/Security", "Provider_Name": "Microsoft-Windows-SMBClient", "Computer": "DESKTOP-OFJ6N53", "TimeCreated": "2022-05-13 15:06:37.679268+00:00", "RecordID": "74", "Level": "3", "UserID": "S-1-5-18", "EventData.RegName": "AllowInsecureGuestAuth", "EventData.RegValue": "1"}
{"EventID": "31018", "Channel": "Microsoft-Windows-SmbClient/Security", "Provider_Name": "Microsoft-Windows-SMBClient", "Computer": "DESKTOP-OFJ6N53", "TimeCreated": "2022-05-16 14:00:05.925184+00:00", "RecordID": "75", "Level": "3", "UserID": "S-1-5-18", "EventData.RegName": "AllowInsecureGuestAuth", "EventData.RegValue": "1"}
{"EventID": "31018", "Channel": "Microsoft-Windows-SmbClient/Security", "Provider_Name": "Microsoft-Windows-SMBClient", "Computer": "DESKTOP-OFJ6N53", "TimeCreated": "2022-05-16 15:44:52.823124+00:00", "RecordID": "76", "Level": "3", "UserID": "S-1-5-18", "EventData.RegName": "AllowInsecureGuestAuth", "EventData.RegValue": "1"}
{"EventID": "31018", "Channel": "Microsoft-Windows-SmbClient/Security", "Provider_Name": "Microsoft-Windows-SMBClient", "Computer": "DESKTOP-OFJ6N53", "TimeCreated": "2022-05-17 12:28:56.472153+00:00", "RecordID": "77", "Level": "3", "UserID": "S-1-5-18", "EventData.RegName": "AllowInsecureGuestAuth", "EventData.RegValue": "1"}
{"EventID": "31018", "Channel": "Microsoft-Windows-SmbClient/Security", "Provider_Name": "Microsoft-Windows-SMBClient", "Computer": "DESKTOP-OFJ6N53", "TimeCreated": "2022-05-17 15:17:53.250578+00:00", "RecordID": "78", "Level": "3", "UserID": "S-1-5-18", "EventData.RegName": "AllowInsecureGuestAuth", "EventData.RegValue": "1"}
{"EventID": "31018", "Channel": "Microsoft-Windows-SmbClient/Security", "Provider_Name": "Microsoft-Windows-SMBClient", "Computer": "DESKTOP-OFJ6N53", "TimeCreated": "2022-05-17 17:38:37.902321+00:00", "RecordID": "79", "Level": "3", "UserID": "S-1-5-18", "EventData.RegName": "AllowInsecureGuestAuth", "EventData.RegValue": "1"}
{"EventID": "31018", "Channel": "Microsoft-Windows-SmbClient/Security", "Provider_Name": "Microsoft-Windows-SMBClient", "Computer": "DESKTOP-OFJ6N53", "TimeCreated": "2022-05-18 08:01:44.951103+00:00", "RecordID": "80", "Level": "3", "UserID": "S-1-5-18", "EventData.RegName": "AllowInsecureGuestAuth", "EventData.RegValue": "1"}
{"EventID": "31018", "Channel": "Microsoft-Windows-SmbClient/Security", "Provider_Name": "Microsoft-Windows-SMBClient", "Computer": "DESKTOP-OFJ6N53", "TimeCreated": "2022-05-18 12:43:25.489740+00:00", "RecordID": "81", "Level": "3", "UserID": "S-1-5-18", "EventData.RegName": "AllowInsecureGuestAuth", "EventData.RegValue": "1"}
{"EventID": "31018", "Channel": "Microsoft-Windows-SmbClient/Security", "Provider_Name": "Microsoft-Windows-SMBClient", "Computer": "DESKTOP-OFJ6N53", "TimeCreated": "2022-05-18 14:22:39.443150+00:00", "RecordID": "82", "Level": "3", "UserID": "S-1-5-18", "EventData.RegName": "AllowInsecureGuestAuth", "EventData.RegValue": "1"}
{"EventID": "31018", "Channel": "Microsoft-Windows-SmbClient/Security", "Provider_Name": "Microsoft-Windows-SMBClient", "Computer": "DESKTOP-OFJ6N53", "TimeCreated": "2022-05-18 16:10:14.031666+00:00", "RecordID": "83", "Level": "3", "UserID": "S-1-5-18", "EventData.RegName": "AllowInsecureGuestAuth", "EventData.RegValue": "1"}
{"EventID": "31018", "Channel": "Microsoft-Windows-SmbClient/Security", "Provider_Name": "Microsoft-Windows-SMBClient", "Computer": "DESKTOP-OFJ6N53", "TimeCreated": "2022-05-19 08:53:39.670897+00:00", "RecordID": "84", "Level": "3", "UserID": "S-1-5-18", "EventData.RegName": "AllowInsecureGuestAuth", "EventData.RegValue": "1"}
{"EventID": "31018", "Channel": "Microsoft-Windows-SmbClient/Security", "Provider_Name": "Microsoft-Windows-SMBClient", "Computer": "DESKTOP-OFJ6N53", "TimeCreated": "2022-05-19 11:09:57.918161+00:00", "RecordID": "85", "Level": "3", "UserID": "S-1-5-18", "EventData.RegName": "AllowInsecureGuestAuth", "EventData.RegValue": "1"}
{"EventID": "31018", "Channel": "Microsoft-Windows-SmbClient/Security", "Provider_Name": "Microsoft-Windows-SMBClient", "Computer": "DESKTOP-OFJ6N53", "TimeCreated": "2022-05-19 12:27:45.418213+00:00", "RecordID": "86", "Level": "3", "UserID": "S-1-5-18", "EventData.RegName": "AllowInsecureGuestAuth", "EventData.RegValue": "1"}
{"EventID": "31018", "Channel": "Microsoft-Windows-SmbClient/Security", "Provider_Name": "Microsoft-Windows-SMBClient", "Computer": "DESKTOP-OFJ6N53", "TimeCreated": "2022-05-19 13:38:35.418186+00:00", "RecordID": "87", "Level": "3", "UserID": "S-1-5-18", "EventData.RegName": "AllowInsecureGuestAuth", "EventData.RegValue": "1"}
{"EventID": "31018", "Channel": "Microsoft-Windows-SmbClient/Security", "Provider_Name": "Microsoft-Windows-SMBClient", "Computer": "DESKTOP-OFJ6N53", "TimeCreated": "2022-05-20 10:18:59.443846+00:00", "RecordID": "88", "Level": "3", "UserID": "S-1-5-18", "EventData.RegName": "AllowInsecureGuestAuth", "EventData.RegValue": "1"}
{"EventID": "31018", "Channel": "Microsoft-Windows-SmbClient/Security", "Provider_Name": "Microsoft-Windows-SMBClient", "Computer": "DESKTOP-OFJ6N53", "TimeCreated": "2022-05-20 11:38:38.422955+00:00", "RecordID": "89", "Level": "3", "UserID": "S-1-5-18", "EventData.RegName": "AllowInsecureGuestAuth", "EventData.RegValue": "1"}
{"EventID": "31018", "Channel": "Microsoft-Windows-SmbClient/Security", "Provider_Name": "Microsoft-Windows-SMBClient", "Computer": "DESKTOP-OFJ6N53", "TimeCreated": "2022-05-20 12:38:40.408407+00:00", "RecordID": "90", "Level": "3", "UserID": "S-1-5-18", "EventData.RegName": "AllowInsecureGuestAuth", "EventData.RegValue": "1"}
{"EventID": "31018", "Channel": "Microsoft-Windows-SmbClient/Security", "Provider_Name": "Microsoft-Windows-SMBClient", "Computer": "DESKTOP-OFJ6N53", "TimeCreated": "2022-05-20 13:48:12.917599+00:00", "RecordID": "91", "Level": "3", "UserID": "S-1-5-18", "EventData.RegName": "AllowInsecureGuestAuth", "EventData.RegValue": "1"}
{"EventID": "31018", "Channel": "Microsoft-Windows-SmbClient/Security", "Provider_Name": "Microsoft-Windows-SMBClient", "Computer": "DESKTOP-OFJ6N53", "TimeCreated": "2022-05-20 15:12:31.917618+00:00", "RecordID": "92", "Level": "3", "UserID": "S-1-5-18", "EventData.RegName": "AllowInsecureGuestAuth", "EventData.RegValue": "1"}
{"EventID": "31018", "Channel": "Microsoft-Windows-SmbClient/Security", "Provider_Name": "Microsoft-Windows-SMBClient", "Computer": "DESKTOP-OFJ6N53", "TimeCreated": "2022-05-23 07:36:50.507217+00:00", "RecordID": "93", "Level": "3", "UserID": "S-1-5-18", "EventData.RegName": "AllowInsecureGuestAuth", "EventData.RegValue": "1"}
{"EventID": "31018", "Channel": "Microsoft-Windows-SmbClient/Security", "Provider_Name": "Microsoft-Windows-SMBClient", "Computer": "DESKTOP-OFJ6N53", "TimeCreated": "2022-05-23 09:23:30.391920+00:00", "RecordID": "94", "Level": "3", "UserID": "S-1-5-18", "EventData.RegName": "AllowInsecureGuestAuth", "EventData.RegValue": "1"}
{"EventID": "31018", "Channel": "Microsoft-Windows-SmbClient/Security", "Provider_Name": "Microsoft-Windows-SMBClient", "Computer": "DESKTOP-OFJ6N53", "TimeCreated": "2022-05-23 10:32:16.107771+00:00", "RecordID": "95", "Level": "3", "UserID": "S-1-5-18", "EventData.RegName": "AllowInsecureGuestAuth", "EventData.RegValue": "1"}
{"EventID": "31018", "Channel": "Microsoft-Windows-SmbClient/Security", "Provider_Name": "Microsoft-Windows-SMBClient", "Computer": "DESKTOP-OFJ6N53", "TimeCreated": "2022-05-23 11:56:54.608345+00:00", "RecordID": "96", "Level": "3", "UserID": "S-1-5-18", "EventData.RegName": "AllowInsecureGuestAuth", "EventData.RegValue": "1"}
{"EventID": "31018", "Channel": "Microsoft-Windows-SmbClient/Security", "Provider_Name": "Microsoft-Windows-SMBClient", "Computer": "DESKTOP-OFJ6N53", "TimeCreated": "2022-05-23 13:27:35.107611+00:00", "RecordID": "97", "Level": "3", "UserID": "S-1-5-18", "EventData.RegName": "AllowInsecureGuestAuth", "EventData.RegValue": "1"}
{"EventID": "31018", "Channel": "Microsoft-Windows-SmbClient/Security", "Provider_Name": "Microsoft-Windows-SMBClient", "Computer": "DESKTOP-OFJ6N53", "TimeCreated": "2022-05-23 14:37:18.097231+00:00", "RecordID": "98", "Level": "3", "UserID": "S-1-5-18", "EventData.RegName": "AllowInsecureGuestAuth", "EventData.RegValue": "1"}
{"EventID": "31018", "Channel": "Microsoft-Windows-SmbClient/Security", "Provider_Name": "Microsoft-Windows-SMBClient", "Computer": "DESKTOP-OFJ6N53", "TimeCreated": "2022-05-23 16:05:01.096294+00:00", "RecordID": "99", "Level": "3", "UserID": "S-1-5-18", "EventData.RegName": "AllowInsecureGuestAuth", "EventData.RegValue": "1"}
{"EventID": "31018", "Channel": "Microsoft-Windows-SmbClient/Security", "Provider_Name": "Microsoft-Windows-SMBClient", "Computer": "DESKTOP-OFJ6N53", "TimeCreated": "2022-05-23 17:28:29.096333+00:00", "RecordID": "100", "Level": "3", "UserID": "S-1-5-18", "EventData.RegName": "AllowInsecureGuestAuth", "EventData.RegValue": "1"}
{"EventID": "31018", "Channel": "Microsoft-Windows-SmbClient/Security", "Provider_Name": "Microsoft-Windows-SMBClient", "Computer": "DESKTOP-OFJ6N53", "TimeCreated": "2022-05-23 19:21:43.093859+00:00", "RecordID": "101", "Level": "3", "UserID": "S-1-5-18", "EventData.RegName": "AllowInsecureGuestAuth", "EventData.RegValue": "1"}
{"EventID": "31018", "Channel": "Microsoft-Windows-SmbClient/Security", "Provider_Name": "Microsoft-Windows-SMBClient", "Computer": "DESKTOP-OFJ6N53", "TimeCreated": "2022-05-23 21:01:56.105930+00:00", "RecordID": "102", "Level": "3", "UserID": "S-1-5-18", "EventData.RegName": "AllowInsecureGuestAuth", "EventData.RegValue": "1"}
{"EventID": "31018", "Channel": "Microsoft-Windows-SmbClient/Security", "Provider_Name": "Microsoft-Windows-SMBClient", "Computer": "DESKTOP-OFJ6N53", "TimeCreated": "2022-05-23 22:24:35.105076+00:00", "RecordID": "103", "Level": "3", "UserID": "S-1-5-18", "EventData.RegName": "AllowInsecureGuestAuth", "EventData.RegValue": "1"}
{"EventID": "31018", "Channel": "Microsoft-Windows-SmbClient/Security", "Provider_Name": "Microsoft-Windows-SMBClient", "Computer": "DESKTOP-OFJ6N53", "TimeCreated": "2022-05-24 00:11:14.606474+00:00", "RecordID": "104", "Level": "3", "UserID": "S-1-5-18", "EventData.RegName": "AllowInsecureGuestAuth", "EventData.RegValue": "1"}
{"EventID": "31018", "Channel": "Microsoft-Windows-SmbClient/Security", "Provider_Name": "Microsoft-Windows-SMBClient", "Computer": "DESKTOP-OFJ6N53", "TimeCreated": "2022-05-24 01:30:44.596642+00:00", "RecordID": "105", "Level": "3", "UserID": "S-1-5-18", "EventData.RegName": "AllowInsecureGuestAuth", "EventData.RegValue": "1"}
{"EventID": "31018", "Channel": "Microsoft-Windows-SmbClient/Security", "Provider_Name": "Microsoft-Windows-SMBClient", "Computer": "DESKTOP-OFJ6N53", "TimeCreated": "2022-05-24 03:25:16.597519+00:00", "RecordID": "106", "Level": "3", "UserID": "S-1-5-18", "EventData.RegName": "AllowInsecureGuestAuth", "EventData.RegValue": "1"}
{"EventID": "31018", "Channel": "Microsoft-Windows-SmbClient/Security", "Provider_Name": "Microsoft-Windows-SMBClient", "Computer": "DESKTOP-OFJ6N53", "TimeCreated": "2022-05-24 05:08:17.605513+00:00", "RecordID": "107", "Level": "3", "UserID": "S-1-5-18", "EventData.RegName": "AllowInsecureGuestAuth", "EventData.RegValue": "1"}
{"EventID": "31018", "Channel": "Microsoft-Windows-SmbClient/Security", "Provider_Name": "Microsoft-Windows-SMBClient", "Computer": "DESKTOP-OFJ6N53", "TimeCreated": "2022-05-24 06:34:35.620886+00:00", "RecordID": "108", "Level": "3", "UserID": "S-1-5-18", "EventData.RegName": "AllowInsecureGuestAuth", "EventData.RegValue": "1"}
{"EventID": "31018", "Channel": "Microsoft-Windows-SmbClient/Security", "Provider_Name": "Microsoft-Windows-SMBClient", "Computer": "DESKTOP-OFJ6N53", "TimeCreated": "2022-05-24 08:06:46.594437+00:00", "RecordID": "109", "Level": "3", "UserID": "S-1-5-18", "EventData.RegName": "AllowInsecureGuestAuth", "EventData.RegValue": "1"}
{"EventID": "31018", "Channel": "Microsoft-Windows-SmbClient/Security", "Provider_Name": "Microsoft-Windows-SMBClient", "Computer": "DESKTOP-OFJ6N53", "TimeCreated": "2022-05-24 09:27:18.611750+00:00", "RecordID": "110", "Level": "3", "UserID": "S-1-5-18", "EventData.RegName": "AllowInsecureGuestAuth", "EventData.RegValue": "1"}
{"EventID": "31018", "Channel": "Microsoft-Windows-SmbClient/Security", "Provider_Name": "Microsoft-Windows-SMBClient", "Computer": "DESKTOP-OFJ6N53", "TimeCreated": "2022-05-24 10:44:10.535797+00:00", "RecordID": "111", "Level": "3", "UserID": "S-1-5-18", "EventData.RegName": "AllowInsecureGuestAuth", "EventData.RegValue": "1"}
{"EventID": "31018", "Channel": "Microsoft-Windows-SmbClient/Security", "Provider_Name": "Microsoft-Windows-SMBClient", "Computer": "DESKTOP-OFJ6N53", "TimeCreated": "2022-05-24 11:56:20.037806+00:00", "RecordID": "112", "Level": "3", "UserID": "S-1-5-18", "EventData.RegName": "AllowInsecureGuestAuth", "EventData.RegValue": "1"}
{"EventID": "31018", "Channel": "Microsoft-Windows-SmbClient/Security", "Provider_Name": "Microsoft-Windows-SMBClient", "Computer": "DESKTOP-OFJ6N53", "TimeCreated": "2022-05-25 09:53:59.216076+00:00", "RecordID": "113", "Level": "3", "UserID": "S-1-5-18", "EventData.RegName": "AllowInsecureGuestAuth", "EventData.RegValue": "1"}
{"EventID": "31018", "Channel": "Microsoft-Windows-SmbClient/Security", "Provider_Name": "Microsoft-Windows-SMBClient", "Computer": "DESKTOP-OFJ6N53", "TimeCreated": "2022-05-26 05:40:55.760157+00:00", "RecordID": "114", "Level": "3", "UserID": "S-1-5-18", "EventData.RegName": "AllowInsecureGuestAuth", "EventData.RegValue": "1"}
{"EventID": "31018", "Channel": "Microsoft-Windows-SmbClient/Security", "Provider_Name": "Microsoft-Windows-SMBClient", "Computer": "DESKTOP-OFJ6N53", "TimeCreated": "2022-05-26 09:21:42.221720+00:00", "RecordID": "115", "Level": "3", "UserID": "S-1-5-18", "EventData.RegName": "AllowInsecureGuestAuth", "EventData.RegValue": "1"}
{"EventID": "31018", "Channel": "Microsoft-Windows-SmbClient/Security", "Provider_Name": "Microsoft-Windows-SMBClient", "Computer": "DESKTOP-OFJ6N53", "TimeCreated": "2022-05-26 10:59:13.922632+00:00", "RecordID": "116", "Level": "3", "UserID": "S-1-5-18", "EventData.RegName": "AllowInsecureGuestAuth", "EventData.RegValue": "1"}
{"EventID": "31018", "Channel": "Microsoft-Windows-SmbClient/Security", "Provider_Name": "Microsoft-Windows-SMBClient", "Computer": "DESKTOP-OFJ6N53", "TimeCreated": "2022-05-26 12:00:52.422722+00:00", "RecordID": "117", "Level": "3", "UserID": "S-1-5-18", "EventData.RegName": "AllowInsecureGuestAuth", "EventData.RegValue": "1"}
{"EventID": "31018", "Channel": "Microsoft-Windows-SmbClient/Security", "Provider_Name": "Microsoft-Windows-SMBClient", "Computer": "DESKTOP-OFJ6N53", "TimeCreated": "2022-05-27 09:04:57.173412+00:00", "RecordID": "118", "Level": "3", "UserID": "S-1-5-18", "EventData.RegName": "AllowInsecureGuestAuth", "EventData.RegValue": "1"}
{"EventID": "31018", "Channel": "Microsoft-Windows-SmbClient/Security", "Provider_Name": "Microsoft-Windows-SMBClient", "Computer": "DESKTOP-OFJ6N53", "TimeCreated": "2022-05-27 15:15:05.616787+00:00", "RecordID": "119", "Level": "3", "UserID": "S-1-5-18", "EventData.RegName": "AllowInsecureGuestAuth", "EventData.RegValue": "1"}
{"EventID": "31018", "Channel": "Microsoft-Windows-SmbClient/Security", "Provider_Name": "Microsoft-Windows-SMBClient", "Computer": "DESKTOP-OFJ6N53", "TimeCreated": "2022-05-29 08:18:51.243139+00:00", "RecordID": "120", "Level": "3", "UserID": "S-1-5-18", "EventData.RegName": "AllowInsecureGuestAuth", "EventData.RegValue": "1"}
{"EventID": "31018", "Channel": "Microsoft-Windows-SmbClient/Security", "Provider_Name": "Microsoft-Windows-SMBClient", "Computer": "DESKTOP-OFJ6N53", "TimeCreated": "2022-05-29 09:47:23.487345+00:00", "RecordID": "121", "Level": "3", "UserID": "S-1-5-18", "EventData.RegName": "AllowInsecureGuestAuth", "EventData.RegValue": "1"}
{"EventID": "31018", "Channel": "Microsoft-Windows-SmbClient/Security", "Provider_Name": "Microsoft-Windows-SMBClient", "Computer": "DESKTOP-OFJ6N53", "TimeCreated": "2022-05-29 11:27:33.494162+00:00", "RecordID": "122", "Level": "3", "UserID": "S-1-5-18", "EventData.RegName": "AllowInsecureGuestAuth", "EventData.RegValue": "1"}
{"EventID": "31018", "Channel": "Microsoft-Windows-SmbClient/Security", "Provider_Name": "Microsoft-Windows-SMBClient", "Computer": "DESKTOP-OFJ6N53", "TimeCreated": "2022-05-29 13:13:17.000959+00:00", "RecordID": "123", "Level": "3", "UserID": "S-1-5-18", "EventData.RegName": "AllowInsecureGuestAuth", "EventData.RegValue": "1"}
{"EventID": "31018", "Channel": "Microsoft-Windows-SmbClient/Security", "Provider_Name": "Microsoft-Windows-SMBClient", "Computer": "DESKTOP-OFJ6N53", "TimeCreated": "2022-05-29 14:18:36.998680+00:00", "RecordID": "124", "Level": "3", "UserID": "S-1-5-18", "EventData.RegName": "AllowInsecureGuestAuth", "EventData.RegValue": "1"}
{"EventID": "31018", "Channel": "Microsoft-Windows-SmbClient/Security", "Provider_Name": "Microsoft-Windows-SMBClient", "Computer": "DESKTOP-OFJ6N53", "TimeCreated": "2022-05-29 15:47:47.990078+00:00", "RecordID": "125", "Level": "3", "UserID": "S-1-5-18", "EventData.RegName": "AllowInsecureGuestAuth", "EventData.RegValue": "1"}
{"EventID": "31018", "Channel": "Microsoft-Windows-SmbClient/Security", "Provider_Name": "Microsoft-Windows-SMBClient", "Computer": "DESKTOP-OFJ6N53", "TimeCreated": "2022-05-30 10:53:29.401917+00:00", "RecordID": "126", "Level": "3", "UserID": "S-1-5-18", "EventData.RegName": "AllowInsecureGuestAuth", "EventData.RegValue": "1"}
{"EventID": "31018", "Channel": "Microsoft-Windows-SmbClient/Security", "Provider_Name": "Microsoft-Windows-SMBClient", "Computer": "DESKTOP-OFJ6N53", "TimeCreated": "2022-05-30 13:13:24.395273+00:00", "RecordID": "127", "Level": "3", "UserID": "S-1-5-18", "EventData.RegName": "AllowInsecureGuestAuth", "EventData.RegValue": "1"}
{"EventID": "31018", "Channel": "Microsoft-Windows-SmbClient/Security", "Provider_Name": "Microsoft-Windows-SMBClient", "Computer": "DESKTOP-OFJ6N53", "TimeCreated": "2022-05-30 14:22:50.688797+00:00", "RecordID": "128", "Level": "3", "UserID": "S-1-5-18", "EventData.RegName": "AllowInsecureGuestAuth", "EventData.RegValue": "1"}
{"EventID": "31018", "Channel": "Microsoft-Windows-SmbClient/Security", "Provider_Name": "Microsoft-Windows-SMBClient", "Computer": "DESKTOP-OFJ6N53", "TimeCreated": "2022-05-30 15:45:13.188793+00:00", "RecordID": "129", "Level": "3", "UserID": "S-1-5-18", "EventData.RegName": "AllowInsecureGuestAuth", "EventData.RegValue": "1"}
{"EventID": "31018", "Channel": "Microsoft-Windows-SmbClient/Security", "Provider_Name": "Microsoft-Windows-SMBClient", "Computer": "DESKTOP-OFJ6N53", "TimeCreated": "2022-05-30 16:59:31.683407+00:00", "RecordID": "130", "Level": "3", "UserID": "S-1-5-18", "EventData.RegName": "AllowInsecureGuestAuth", "EventData.RegValue": "1"}
{"EventID": "31018", "Channel": "Microsoft-Windows-SmbClient/Security", "Provider_Name": "Microsoft-Windows-SMBClient", "Computer": "DESKTOP-OFJ6N53", "TimeCreated": "2022-05-30 18:36:54.188828+00:00", "RecordID": "131", "Level": "3", "UserID": "S-1-5-18", "EventData.RegName": "AllowInsecureGuestAuth", "EventData.RegValue": "1"}
{"EventID": "31018", "Channel": "Microsoft-Windows-SmbClient/Security", "Provider_Name": "Microsoft-Windows-SMBClient", "Computer": "DESKTOP-OFJ6N53", "TimeCreated": "2022-05-30 20:03:35.682959+00:00", "RecordID": "132", "Level": "3", "UserID": "S-1-5-18", "EventData.RegName": "AllowInsecureGuestAuth", "EventData.RegValue": "1"}
{"EventID": "31018", "Channel": "Microsoft-Windows-SmbClient/Security", "Provider_Name": "Microsoft-Windows-SMBClient", "Computer": "DESKTOP-OFJ6N53", "TimeCreated": "2022-05-31 07:45:39.957827+00:00", "RecordID": "133", "Level": "3", "UserID": "S-1-5-18", "EventData.RegName": "AllowInsecureGuestAuth", "EventData.RegValue": "1"}
{"EventID": "31018", "Channel": "Microsoft-Windows-SmbClient/Security", "Provider_Name": "Microsoft-Windows-SMBClient", "Computer": "DESKTOP-OFJ6N53", "TimeCreated": "2022-05-31 08:59:51.689077+00:00", "RecordID": "134", "Level": "3", "UserID": "S-1-5-18", "EventData.RegName": "AllowInsecureGuestAuth", "EventData.RegValue": "1"}
{"EventID": "31018", "Channel": "Microsoft-Windows-SmbClient/Security", "Provider_Name": "Microsoft-Windows-SMBClient", "Computer": "DESKTOP-OFJ6N53", "TimeCreated": "2022-05-31 10:14:51.817324+00:00", "RecordID": "135", "Level": "3", "UserID": "S-1-5-18", "EventData.RegName": "AllowInsecureGuestAuth", "EventData.RegValue": "1"}
{"EventID": "31018", "Channel": "Microsoft-Windows-SmbClient/Security", "Provider_Name": "Microsoft-Windows-SMBClient", "Computer": "DESKTOP-OFJ6N53", "TimeCreated": "2022-05-31 11:21:08.340946+00:00", "RecordID": "136", "Level": "3", "UserID": "S-1-5-18", "EventData.RegName": "AllowInsecureGuestAuth", "EventData.RegValue": "1"}
{"EventID": "31018", "Channel": "Microsoft-Windows-SmbClient/Security", "Provider_Name": "Microsoft-Windows-SMBClient", "Computer": "DESKTOP-OFJ6N53", "TimeCreated": "2022-05-31 12:33:56.426916+00:00", "RecordID": "137", "Level": "3", "UserID": "S-1-5-18", "EventData.RegName": "AllowInsecureGuestAuth", "EventData.RegValue": "1"}
{"EventID": "31018", "Channel": "Microsoft-Windows-SmbClient/Security", "Provider_Name": "Microsoft-Windows-SMBClient", "Computer": "DESKTOP-OFJ6N53", "TimeCreated": "2022-05-31 13:49:05.650513+00:00", "RecordID": "138", "Level": "3", "UserID": "S-1-5-20", "EventData.RegName": "AllowInsecureGuestAuth", "EventData.RegValue": "1"}
{"EventID": "31018", "Channel": "Microsoft-Windows-SmbClient/Security", "Provider_Name": "Microsoft-Windows-SMBClient", "Computer": "DESKTOP-OFJ6N53", "TimeCreated": "2022-05-31 14:50:18.314198+00:00", "RecordID": "139", "Level": "3", "UserID": "S-1-5-18", "EventData.RegName": "AllowInsecureGuestAuth", "EventData.RegValue": "1"}
{"EventID": "31018", "Channel": "Microsoft-Windows-SmbClient/Security", "Provider_Name": "Microsoft-Windows-SMBClient", "Computer": "DESKTOP-OFJ6N53", "TimeCreated": "2022-05-31 16:09:42.812521+00:00", "RecordID": "140", "Level": "3", "UserID": "S-1-5-18", "EventData.RegName": "AllowInsecureGuestAuth", "EventData.RegValue": "1"}
{"EventID": "31018", "Channel": "Microsoft-Windows-SmbClient/Security", "Provider_Name": "Microsoft-Windows-SMBClient", "Computer": "DESKTOP-OFJ6N53", "TimeCreated": "2022-05-31 17:46:57.309093+00:00", "RecordID": "141", "Level": "3", "UserID": "S-1-5-18", "EventData.RegName": "AllowInsecureGuestAuth", "EventData.RegValue": "1"}
{"EventID": "31018", "Channel": "Microsoft-Windows-SmbClient/Security", "Provider_Name": "Microsoft-Windows-SMBClient", "Computer": "DESKTOP-OFJ6N53", "TimeCreated": "2022-05-31 19:23:34.806694+00:00", "RecordID": "142", "Level": "3", "UserID": "S-1-5-18", "EventData.RegName": "AllowInsecureGuestAuth", "EventData.RegValue": "1"}
{"EventID": "31018", "Channel": "Microsoft-Windows-SmbClient/Security", "Provider_Name": "Microsoft-Windows-SMBClient", "Computer": "DESKTOP-OFJ6N53", "TimeCreated": "2022-05-31 20:48:49.311146+00:00", "RecordID": "143", "Level": "3", "UserID": "S-1-5-18", "EventData.RegName": "AllowInsecureGuestAuth", "EventData.RegValue": "1"}
{"EventID": "31018", "Channel": "Microsoft-Windows-SmbClient/Security", "Provider_Name": "Microsoft-Windows-SMBClient", "Computer": "DESKTOP-OFJ6N53", "TimeCreated": "2022-06-01 08:21:43.488064+00:00", "RecordID": "144", "Level": "3", "UserID": "S-1-5-18", "EventData.RegName": "AllowInsecureGuestAuth", "EventData.RegValue": "1"}
{"EventID": "31018", "Channel": "Microsoft-Windows-SmbClient/Security", "Provider_Name": "Microsoft-Windows-SMBClient", "Computer": "DESKTOP-OFJ6N53", "TimeCreated": "2022-06-01 22:32:45.240496+00:00", "RecordID": "145", "Level": "3", "UserID": "S-1-5-20", "EventData.RegName": "AllowInsecureGuestAuth", "EventData.RegValue": "1"}
{"EventID": "31018", "Channel": "Microsoft-Windows-SmbClient/Security", "Provider_Name": "Microsoft-Windows-SMBClient", "Computer": "DESKTOP-OFJ6N53", "TimeCreated": "2022-06-02 08:12:15.565071+00:00", "RecordID": "146", "Level": "3", "UserID": "S-1-5-18", "EventData.RegName": "AllowInsecureGuestAuth", "EventData.RegValue": "1"}
{"EventID": "31018", "Channel": "Microsoft-Windows-SmbClient/Security", "Provider_Name": "Microsoft-Windows-SMBClient", "Computer": "DESKTOP-OFJ6N53", "TimeCreated": "2022-06-02 11:29:15.787523+00:00", "RecordID": "147", "Level": "3", "UserID": "S-1-5-20", "EventData.RegName": "AllowInsecureGuestAuth", "EventData.RegValue": "1"}
{"EventID": "31018", "Channel": "Microsoft-Windows-SmbClient/Security", "Provider_Name": "Microsoft-Windows-SMBClient", "Computer": "DESKTOP-OFJ6N53", "TimeCreated": "2022-06-02 12:30:49.001879+00:00", "RecordID": "148", "Level": "3", "UserID": "S-1-5-18", "EventData.RegName": "AllowInsecureGuestAuth", "EventData.RegValue": "1"}
{"EventID": "31018", "Channel": "Microsoft-Windows-SmbClient/Security", "Provider_Name": "Microsoft-Windows-SMBClient", "Computer": "DESKTOP-OFJ6N53", "TimeCreated": "2022-06-02 14:54:51.611101+00:00", "RecordID": "149", "Level": "3", "UserID": "S-1-5-20", "EventData.RegName": "AllowInsecureGuestAuth", "EventData.RegValue": "1"}
{"EventID": "31018", "Channel": "Microsoft-Windows-SmbClient/Security", "Provider_Name": "Microsoft-Windows-SMBClient", "Computer": "DESKTOP-OFJ6N53", "TimeCreated": "2022-06-02 16:07:13.570583+00:00", "RecordID": "150", "Level": "3", "UserID": "S-1-5-20", "EventData.RegName": "AllowInsecureGuestAuth", "EventData.RegValue": "1"}
{"EventID": "31018", "Channel": "Microsoft-Windows-SmbClient/Security", "Provider_Name": "Microsoft-Windows-SMBClient", "Computer": "DESKTOP-OFJ6N53", "TimeCreated": "2022-06-03 07:12:46.535107+00:00", "RecordID": "151", "Level": "3", "UserID": "S-1-5-18", "EventData.RegName": "AllowInsecureGuestAuth", "EventData.RegValue": "1"}
