{"EventID": "1006", "Channel": "Microsoft-Windows-Dhcpv6-Client/Admin", "Provider_Name": "Microsoft-Windows-DHCPv6-Client", "Computer": "DESKTOP-OFJ6N53", "TimeCreated": "2022-03-11 11:45:43.408867+00:00", "RecordID": "1", "Level": "4", "UserID": "S-1-5-19", "EventData.InterfaceId": "13", "EventData.Flag1": "True", "EventData.Flag2": "True"}
{"EventID": "1006", "Channel": "Microsoft-Windows-Dhcpv6-Client/Admin", "Provider_Name": "Microsoft-Windows-DHCPv6-Client", "Computer": "DESKTOP-OFJ6N53", "TimeCreated": "2022-03-15 16:44:53.234739+00:00", "RecordID": "2", "Level": "4", "UserID": "S-1-5-19", "EventData.InterfaceId": "14", "EventData.Flag1": "True", "EventData.Flag2": "True"}
{"EventID": "1006", "Channel": "Microsoft-Windows-Dhcpv6-Client/Admin", "Provider_Name": "Microsoft-Windows-DHCPv6-Client", "Computer": "DESKTOP-OFJ6N53", "TimeCreated": "2022-04-13 14:34:27.106236+00:00", "RecordID": "3", "Level": "4", "UserID": "S-1-5-19", "EventData.InterfaceId": "14", "EventData.Flag1": "True", "EventData.Flag2": "True"}
{"EventID": "1006", "Channel": "Microsoft-Windows-Dhcpv6-Client/Admin", "Provider_Name": "Microsoft-Windows-DHCPv6-Client", "Computer": "DESKTOP-OFJ6N53", "TimeCreated": "2022-04-13 16:08:30.605688+00:00", "RecordID": "4", "Level": "4", "UserID": "S-1-5-19", "EventData.InterfaceId": "14", "EventData.Flag1": "False", "EventData.Flag2": "False"}
{"EventID": "1006", "Channel": "Microsoft-Windows-Dhcpv6-Client/Admin", "Provider_Name": "Microsoft-Windows-DHCPv6-Client", "Computer": "DESKTOP-OFJ6N53", "TimeCreated": "2022-04-28 21:43:01.842108+00:00", "RecordID": "5", "Level": "4", "UserID": "S-1-5-19", "EventData.InterfaceId": "14", "EventData.Flag1": "True", "EventData.Flag2": "True"}
{"EventID": "1006", "Channel": "Microsoft-Windows-Dhcpv6-Client/Admin", "Provider_Name": "Microsoft-Windows-DHCPv6-Client", "Computer": "DESKTOP-OFJ6N53", "TimeCreated": "2022-05-05 10:00:52.954418+00:00", "RecordID": "6", "Level": "4", "UserID": "S-1-5-19", "EventData.InterfaceId": "14", "EventData.Flag1": "True", "EventData.Flag2": "True"}
{"EventID": "1006", "Channel": "Microsoft-Windows-Dhcpv6-Client/Admin", "Provider_Name": "Microsoft-Windows-DHCPv6-Client", "Computer": "DESKTOP-OFJ6N53", "TimeCreated": "2022-05-10 23:33:05.620680+00:00", "RecordID": "7", "Level": "4", "UserID": "S-1-5-19", "EventData.InterfaceId": "15", "EventData.Flag1": "True", "EventData.Flag2": "True"}
{"EventID": "1006", "Channel": "Microsoft-Windows-Dhcpv6-Client/Admin", "Provider_Name": "Microsoft-Windows-DHCPv6-Client", "Computer": "DESKTOP-OFJ6N53", "TimeCreated": "2022-05-11 15:04:37.193319+00:00", "RecordID": "8", "Level": "4", "UserID": "S-1-5-19", "EventData.InterfaceId": "15", "EventData.Flag1": "False", "EventData.Flag2": "False"}
{"EventID": "1006", "Channel": "Microsoft-Windows-Dhcpv6-Client/Admin", "Provider_Name": "Microsoft-Windows-DHCPv6-Client", "Computer": "DESKTOP-OFJ6N53", "TimeCreated": "2022-06-06 07:34:15.696920+00:00", "RecordID": "9", "Level": "4", "UserID": "S-1-5-19", "EventData.InterfaceId": "18", "EventData.Flag1": "True", "EventData.Flag2": "True"}
{"EventID": "1006", "Channel": "Microsoft-Windows-Dhcpv6-Client/Admin", "Provider_Name": "Microsoft-Windows-DHCPv6-Client", "Computer": "DESKTOP-OFJ6N53", "TimeCreated": "2022-07-29 07:24:36.177219+00:00", "RecordID": "10", "Level": "4", "UserID": "S-1-5-19", "EventData.InterfaceId": "18", "EventData.Flag1": "False", "EventData.Flag2": "True"}
{"EventID": "1006", "Channel": "Microsoft-Windows-Dhcpv6-Client/Admin", "Provider_Name": "Microsoft-Windows-DHCPv6-Client", "Computer": "DESKTOP-OFJ6N53", "TimeCreated": "2022-08-04 17:04:43.136639+00:00", "RecordID": "11", "Level": "4", "UserID": "S-1-5-19", "EventData.InterfaceId": "19", "EventData.Flag1": "False", "EventData.Flag2": "True"}
{"EventID": "1006", "Channel": "Microsoft-Windows-Dhcpv6-Client/Admin", "Provider_Name": "Microsoft-Windows-DHCPv6-Client", "Computer": "DESKTOP-OFJ6N53", "TimeCreated": "2022-08-09 19:08:41.020437+00:00", "RecordID": "12", "Level": "4", "UserID": "S-1-5-19", "EventData.InterfaceId": "19", "EventData.Flag1": "False", "EventData.Flag2": "True"}
{"EventID": "1006", "Channel": "Microsoft-Windows-Dhcpv6-Client/Admin", "Provider_Name": "Microsoft-Windows-DHCPv6-Client", "Computer": "DESKTOP-OFJ6N53", "TimeCreated": "2022-08-20 05:32:34.350441+00:00", "RecordID": "13", "Level": "4", "UserID": "S-1-5-19", "EventData.InterfaceId": "19", "EventData.Flag1": "False", "EventData.Flag2": "False"}
{"EventID": "1006", "Channel": "Microsoft-Windows-Dhcpv6-Client/Admin", "Provider_Name": "Microsoft-Windows-DHCPv6-Client", "Computer": "DESKTOP-OFJ6N53", "TimeCreated": "2022-08-20 05:32:40.342600+00:00", "RecordID": "14", "Level": "4", "UserID": "S-1-5-19", "EventData.InterfaceId": "19", "EventData.Flag1": "False", "EventData.Flag2": "True"}
{"EventID": "1006", "Channel": "Microsoft-Windows-Dhcpv6-Client/Admin", "Provider_Name": "Microsoft-Windows-DHCPv6-Client", "Computer": "DESKTOP-OFJ6N53", "TimeCreated": "2022-09-06 08:57:40.267582+00:00", "RecordID": "15", "Level": "4", "UserID": "S-1-5-19", "EventData.InterfaceId": "19", "EventData.Flag1": "False", "EventData.Flag2": "False"}
{"EventID": "1006", "Channel": "Microsoft-Windows-Dhcpv6-Client/Admin", "Provider_Name": "Microsoft-Windows-DHCPv6-Client", "Computer": "DESKTOP-OFJ6N53", "TimeCreated": "2022-09-06 09:01:47.294321+00:00", "RecordID": "16", "Level": "4", "UserID": "S-1-5-19", "EventData.InterfaceId": "19", "EventData.Flag1": "False", "EventData.Flag2": "True"}
{"EventID": "1006", "Channel": "Microsoft-Windows-Dhcpv6-Client/Admin", "Provider_Name": "Microsoft-Windows-DHCPv6-Client", "Computer": "DESKTOP-OFJ6N53", "TimeCreated": "2022-09-06 13:01:44.721350+00:00", "RecordID": "17", "Level": "4", "UserID": "S-1-5-19", "EventData.InterfaceId": "16", "EventData.Flag1": "False", "EventData.Flag2": "True"}
{"EventID": "1006", "Channel": "Microsoft-Windows-Dhcpv6-Client/Admin", "Provider_Name": "Microsoft-Windows-DHCPv6-Client", "Computer": "DESKTOP-OFJ6N53", "TimeCreated": "2022-09-11 16:46:17.876581+00:00", "RecordID": "18", "Level": "4", "UserID": "S-1-5-19", "EventData.InterfaceId": "16", "EventData.Flag1": "False", "EventData.Flag2": "False"}
{"EventID": "1006", "Channel": "Microsoft-Windows-Dhcpv6-Client/Admin", "Provider_Name": "Microsoft-Windows-DHCPv6-Client", "Computer": "DESKTOP-OFJ6N53", "TimeCreated": "2022-09-11 16:46:25.414396+00:00", "RecordID": "19", "Level": "4", "UserID": "S-1-5-19", "EventData.InterfaceId": "16", "EventData.Flag1": "False", "EventData.Flag2": "True"}
{"EventID": "1006", "Channel": "Microsoft-Windows-Dhcpv6-Client/Admin", "Provider_Name": "Microsoft-Windows-DHCPv6-Client", "Computer": "DESKTOP-OFJ6N53", "TimeCreated": "2022-09-13 14:05:39.007784+00:00", "RecordID": "20", "Level": "4", "UserID": "S-1-5-19", "EventData.InterfaceId": "17", "EventData.Flag1": "False", "EventData.Flag2": "True"}
{"EventID": "1006", "Channel": "Microsoft-Windows-Dhcpv6-Client/Admin", "Provider_Name": "Microsoft-Windows-DHCPv6-Client", "Computer": "DESKTOP-OFJ6N53", "TimeCreated": "2022-09-14 17:17:24.293926+00:00", "RecordID": "21", "Level": "4", "UserID": "S-1-5-19", "EventData.InterfaceId": "17", "EventData.Flag1": "False", "EventData.Flag2": "True"}
{"EventID": "1006", "Channel": "Microsoft-Windows-Dhcpv6-Client/Admin", "Provider_Name": "Microsoft-Windows-DHCPv6-Client", "Computer": "DESKTOP-OFJ6N53", "TimeCreated": "2022-09-22 12:40:30.824520+00:00", "RecordID": "22", "Level": "4", "UserID": "S-1-5-19", "EventData.InterfaceId": "17", "EventData.Flag1": "False", "EventData.Flag2": "True"}
{"EventID": "1006", "Channel": "Microsoft-Windows-Dhcpv6-Client/Admin", "Provider_Name": "Microsoft-Windows-DHCPv6-Client", "Computer": "DESKTOP-OFJ6N53", "TimeCreated": "2022-09-29 11:34:30.308636+00:00", "RecordID": "23", "Level": "4", "UserID": "S-1-5-19", "EventData.InterfaceId": "17", "EventData.Flag1": "False", "EventData.Flag2": "True"}
{"EventID": "1006", "Channel": "Microsoft-Windows-Dhcpv6-Client/Admin", "Provider_Name": "Microsoft-Windows-DHCPv6-Client", "Computer": "DESKTOP-OFJ6N53", "TimeCreated": "2022-10-04 08:34:53.114090+00:00", "RecordID": "24", "Level": "4", "UserID": "S-1-5-19", "EventData.InterfaceId": "17", "EventData.Flag1": "False", "EventData.Flag2": "True"}
{"EventID": "1006", "Channel": "Microsoft-Windows-Dhcpv6-Client/Admin", "Provider_Name": "Microsoft-Windows-DHCPv6-Client", "Computer": "DESKTOP-OFJ6N53", "TimeCreated": "2022-10-05 14:37:04.757309+00:00", "RecordID": "25", "Level": "4", "UserID": "S-1-5-19", "EventData.InterfaceId": "17", "EventData.Flag1": "False", "EventData.Flag2": "True"}
{"EventID": "1006", "Channel": "Microsoft-Windows-Dhcpv6-Client/Admin", "Provider_Name": "Microsoft-Windows-DHCPv6-Client", "Computer": "DESKTOP-OFJ6N53", "TimeCreated": "2022-10-06 08:21:02.188560+00:00", "RecordID": "26", "Level": "4", "UserID": "S-1-5-19", "EventData.InterfaceId": "17", "EventData.Flag1": "False", "EventData.Flag2": "True"}
{"EventID": "1009", "Channel": "Microsoft-Windows-Dhcpv6-Client/Admin", "Provider_Name": "Microsoft-Windows-DHCPv6-Client", "Computer": "DESKTOP-OFJ6N53", "TimeCreated": "2023-04-26 10:05:09.458857+00:00", "RecordID": "27", "Level": "4", "UserID": "S-1-5-19", "EventData.HWLength": "6", "EventData.HWAddress": "AFBWsrpx", "EventData.DUIDLength": "14", "EventData.DUID": "AAEAASmo+RwAUFayunE=", "EventData.NewHWLength": "6", "EventData.NewHWAddress": "AFBWsjWt", "EventData.NewDUIDLength": "14", "EventData.NewDUID": "AAEAASvar60AUFayNa0="}
{"EventID": "1006", "Channel": "Microsoft-Windows-Dhcpv6-Client/Admin", "Provider_Name": "Microsoft-Windows-DHCPv6-Client", "Computer": "DESKTOP-OFJ6N53", "TimeCreated": "2024-02-10 00:10:01.547350+00:00", "RecordID": "28", "Level": "4", "UserID": "S-1-5-19", "EventData.InterfaceId": "17", "EventData.Flag1": "False", "EventData.Flag2": "True"}
{"EventID": "1006", "Channel": "Microsoft-Windows-Dhcpv6-Client/Admin", "Provider_Name": "Microsoft-Windows-DHCPv6-Client", "Computer": "DESKTOP-OFJ6N53", "TimeCreated": "2024-02-10 00:57:56.001175+00:00", "RecordID": "29", "Level": "4", "UserID": "S-1-5-19", "EventData.InterfaceId": "17", "EventData.Flag1": "True", "EventData.Flag2": "True"}
{"EventID": "1006", "Channel": "Microsoft-Windows-Dhcpv6-Client/Admin", "Provider_Name": "Microsoft-Windows-DHCPv6-Client", "Computer": "DESKTOP-OFJ6N53", "TimeCreated": "2024-02-15 15:27:24.548178+00:00", "RecordID": "30", "Level": "4", "UserID": "S-1-5-19", "EventData.InterfaceId": "17", "EventData.Flag1": "True", "EventData.Flag2": "True"}
{"EventID": "1006", "Channel": "Microsoft-Windows-Dhcpv6-Client/Admin", "Provider_Name": "Microsoft-Windows-DHCPv6-Client", "Computer": "DESKTOP-OFJ6N53", "TimeCreated": "2024-03-11 11:41:32.386549+00:00", "RecordID": "31", "Level": "4", "UserID": "S-1-5-19", "EventData.InterfaceId": "17", "EventData.Flag1": "False", "EventData.Flag2": "False"}
{"EventID": "1006", "Channel": "Microsoft-Windows-Dhcpv6-Client/Admin", "Provider_Name": "Microsoft-Windows-DHCPv6-Client", "Computer": "DESKTOP-OFJ6N53", "TimeCreated": "2024-03-11 11:43:41.833830+00:00", "RecordID": "32", "Level": "4", "UserID": "S-1-5-19", "EventData.InterfaceId": "17", "EventData.Flag1": "True", "EventData.Flag2": "True"}
{"EventID": "1006", "Channel": "Microsoft-Windows-Dhcpv6-Client/Admin", "Provider_Name": "Microsoft-Windows-DHCPv6-Client", "Computer": "DESKTOP-OFJ6N53", "TimeCreated": "2024-03-12 11:04:42.812998+00:00", "RecordID": "33", "Level": "4", "UserID": "S-1-5-19", "EventData.InterfaceId": "17", "EventData.Flag1": "True", "EventData.Flag2": "True"}
{"EventID": "1006", "Channel": "Microsoft-Windows-Dhcpv6-Client/Admin", "Provider_Name": "Microsoft-Windows-DHCPv6-Client", "Computer": "DESKTOP-OFJ6N53", "TimeCreated": "2024-04-22 12:56:42.091133+00:00", "RecordID": "34", "Level": "4", "UserID": "S-1-5-19", "EventData.InterfaceId": "18", "EventData.Flag1": "True", "EventData.Flag2": "True"}
{"EventID": "1006", "Channel": "Microsoft-Windows-Dhcpv6-Client/Admin", "Provider_Name": "Microsoft-Windows-DHCPv6-Client", "Computer": "DESKTOP-OFJ6N53", "TimeCreated": "2024-04-23 15:39:50.086374+00:00", "RecordID": "35", "Level": "4", "UserID": "S-1-5-19", "EventData.InterfaceId": "18", "EventData.Flag1": "True", "EventData.Flag2": "True"}
{"EventID": "1006", "Channel": "Microsoft-Windows-Dhcpv6-Client/Admin", "Provider_Name": "Microsoft-Windows-DHCPv6-Client", "Computer": "DESKTOP-OFJ6N53", "TimeCreated": "2024-04-29 15:10:19.793081+00:00", "RecordID": "36", "Level": "4", "UserID": "S-1-5-19", "EventData.InterfaceId": "18", "EventData.Flag1": "True", "EventData.Flag2": "True"}
{"EventID": "1006", "Channel": "Microsoft-Windows-Dhcpv6-Client/Admin", "Provider_Name": "Microsoft-Windows-DHCPv6-Client", "Computer": "DESKTOP-OFJ6N53", "TimeCreated": "2024-05-02 09:22:44.056211+00:00", "RecordID": "37", "Level": "4", "UserID": "S-1-5-19", "EventData.InterfaceId": "18", "EventData.Flag1": "False", "EventData.Flag2": "False"}
{"EventID": "1006", "Channel": "Microsoft-Windows-Dhcpv6-Client/Admin", "Provider_Name": "Microsoft-Windows-DHCPv6-Client", "Computer": "DESKTOP-OFJ6N53", "TimeCreated": "2024-05-14 09:13:29.777683+00:00", "RecordID": "38", "Level": "4", "UserID": "S-1-5-19", "EventData.InterfaceId": "18", "EventData.Flag1": "True", "EventData.Flag2": "True"}
{"EventID": "1006", "Channel": "Microsoft-Windows-Dhcpv6-Client/Admin", "Provider_Name": "Microsoft-Windows-DHCPv6-Client", "Computer": "DESKTOP-OFJ6N53", "TimeCreated": "2024-05-15 13:36:42.738131+00:00", "RecordID": "39", "Level": "4", "UserID": "S-1-5-19", "EventData.InterfaceId": "17", "EventData.Flag1": "True", "EventData.Flag2": "True"}
{"EventID": "1006", "Channel": "Microsoft-Windows-Dhcpv6-Client/Admin", "Provider_Name": "Microsoft-Windows-DHCPv6-Client", "Computer": "DESKTOP-OFJ6N53", "TimeCreated": "2024-05-21 10:08:55.283689+00:00", "RecordID": "40", "Level": "4", "UserID": "S-1-5-19", "EventData.InterfaceId": "17", "EventData.Flag1": "False", "EventData.Flag2": "False"}
{"EventID": "1006", "Channel": "Microsoft-Windows-Dhcpv6-Client/Admin", "Provider_Name": "Microsoft-Windows-DHCPv6-Client", "Computer": "DESKTOP-OFJ6N53", "TimeCreated": "2024-05-21 10:14:46.008907+00:00", "RecordID": "41", "Level": "4", "UserID": "S-1-5-19", "EventData.InterfaceId": "17", "EventData.Flag1": "True", "EventData.Flag2": "True"}
{"EventID": "1006", "Channel": "Microsoft-Windows-Dhcpv6-Client/Admin", "Provider_Name": "Microsoft-Windows-DHCPv6-Client", "Computer": "DESKTOP-OFJ6N53", "TimeCreated": "2024-05-29 08:11:15.573948+00:00", "RecordID": "42", "Level": "4", "UserID": "S-1-5-19", "EventData.InterfaceId": "17", "EventData.Flag1": "False", "EventData.Flag2": "False"}
{"EventID": "1006", "Channel": "Microsoft-Windows-Dhcpv6-Client/Admin", "Provider_Name": "Microsoft-Windows-DHCPv6-Client", "Computer": "DESKTOP-OFJ6N53", "TimeCreated": "2024-05-29 08:13:06.537058+00:00", "RecordID": "43", "Level": "4", "UserID": "S-1-5-19", "EventData.InterfaceId": "17", "EventData.Flag1": "True", "EventData.Flag2": "True"}
{"EventID": "1006", "Channel": "Microsoft-Windows-Dhcpv6-Client/Admin", "Provider_Name": "Microsoft-Windows-DHCPv6-Client", "Computer": "DESKTOP-OFJ6N53", "TimeCreated": "2024-05-31 10:41:04.489813+00:00", "RecordID": "44", "Level": "4", "UserID": "S-1-5-19", "EventData.InterfaceId": "18", "EventData.Flag1": "True", "EventData.Flag2": "True"}
{"EventID": "1006", "Channel": "Microsoft-Windows-Dhcpv6-Client/Admin", "Provider_Name": "Microsoft-Windows-DHCPv6-Client", "Computer": "DESKTOP-OFJ6N53", "TimeCreated": "2024-06-06 12:16:27.419735+00:00", "RecordID": "45", "Level": "4", "UserID": "S-1-5-19", "EventData.InterfaceId": "18", "EventData.Flag1": "True", "EventData.Flag2": "True"}
{"EventID": "1006", "Channel": "Microsoft-Windows-Dhcpv6-Client/Admin", "Provider_Name": "Microsoft-Windows-DHCPv6-Client", "Computer": "DESKTOP-OFJ6N53", "TimeCreated": "2024-06-11 17:56:44.524656+00:00", "RecordID": "46", "Level": "4", "UserID": "S-1-5-19", "EventData.InterfaceId": "18", "EventData.Flag1": "True", "EventData.Flag2": "True"}
{"EventID": "1006", "Channel": "Microsoft-Windows-Dhcpv6-Client/Admin", "Provider_Name": "Microsoft-Windows-DHCPv6-Client", "Computer": "DESKTOP-OFJ6N53", "TimeCreated": "2024-06-13 10:18:55.874121+00:00", "RecordID": "47", "Level": "4", "UserID": "S-1-5-19", "EventData.InterfaceId": "18", "EventData.Flag1": "True", "EventData.Flag2": "True"}
{"EventID": "1006", "Channel": "Microsoft-Windows-Dhcpv6-Client/Admin", "Provider_Name": "Microsoft-Windows-DHCPv6-Client", "Computer": "DESKTOP-OFJ6N53", "TimeCreated": "2024-06-29 20:46:28.089432+00:00", "RecordID": "48", "Level": "4", "UserID": "S-1-5-19", "EventData.InterfaceId": "18", "EventData.Flag1": "False", "EventData.Flag2": "False"}
{"EventID": "1006", "Channel": "Microsoft-Windows-Dhcpv6-Client/Admin", "Provider_Name": "Microsoft-Windows-DHCPv6-Client", "Computer": "DESKTOP-OFJ6N53", "TimeCreated": "2024-07-03 13:21:56.096220+00:00", "RecordID": "49", "Level": "4", "UserID": "S-1-5-19", "EventData.InterfaceId": "18", "EventData.Flag1": "True", "EventData.Flag2": "True"}
{"EventID": "1006", "Channel": "Microsoft-Windows-Dhcpv6-Client/Admin", "Provider_Name": "Microsoft-Windows-DHCPv6-Client", "Computer": "DESKTOP-OFJ6N53", "TimeCreated": "2024-07-10 14:33:48.183693+00:00", "RecordID": "50", "Level": "4", "UserID": "S-1-5-19", "EventData.InterfaceId": "18", "EventData.Flag1": "True", "EventData.Flag2": "True"}
{"EventID": "1006", "Channel": "Microsoft-Windows-Dhcpv6-Client/Admin", "Provider_Name": "Microsoft-Windows-DHCPv6-Client", "Computer": "DESKTOP-OFJ6N53", "TimeCreated": "2024-07-16 12:22:34.013783+00:00", "RecordID": "51", "Level": "4", "UserID": "S-1-5-19", "EventData.InterfaceId": "18", "EventData.Flag1": "False", "EventData.Flag2": "False"}
{"EventID": "1006", "Channel": "Microsoft-Windows-Dhcpv6-Client/Admin", "Provider_Name": "Microsoft-Windows-DHCPv6-Client", "Computer": "DESKTOP-OFJ6N53", "TimeCreated": "2024-07-22 07:26:32.870771+00:00", "RecordID": "52", "Level": "4", "UserID": "S-1-5-19", "EventData.InterfaceId": "18", "EventData.Flag1": "True", "EventData.Flag2": "True"}
{"EventID": "1006", "Channel": "Microsoft-Windows-Dhcpv6-Client/Admin", "Provider_Name": "Microsoft-Windows-DHCPv6-Client", "Computer": "DESKTOP-OFJ6N53", "TimeCreated": "2024-07-24 12:33:14.625204+00:00", "RecordID": "53", "Level": "4", "UserID": "S-1-5-19", "EventData.InterfaceId": "18", "EventData.Flag1": "False", "EventData.Flag2": "False"}
{"EventID": "1006", "Channel": "Microsoft-Windows-Dhcpv6-Client/Admin", "Provider_Name": "Microsoft-Windows-DHCPv6-Client", "Computer": "DESKTOP-OFJ6N53", "TimeCreated": "2024-07-25 21:44:54.685978+00:00", "RecordID": "54", "Level": "4", "UserID": "S-1-5-19", "EventData.InterfaceId": "18", "EventData.Flag1": "True", "EventData.Flag2": "True"}
{"EventID": "1006", "Channel": "Microsoft-Windows-Dhcpv6-Client/Admin", "Provider_Name": "Microsoft-Windows-DHCPv6-Client", "Computer": "DESKTOP-OFJ6N53", "TimeCreated": "2024-08-14 00:10:14.538523+00:00", "RecordID": "55", "Level": "4", "UserID": "S-1-5-19", "EventData.InterfaceId": "18", "EventData.Flag1": "True", "EventData.Flag2": "True"}
{"EventID": "1006", "Channel": "Microsoft-Windows-Dhcpv6-Client/Admin", "Provider_Name": "Microsoft-Windows-DHCPv6-Client", "Computer": "DESKTOP-OFJ6N53", "TimeCreated": "2024-08-28 09:32:39.891848+00:00", "RecordID": "56", "Level": "4", "UserID": "S-1-5-19", "EventData.InterfaceId": "18", "EventData.Flag1": "False", "EventData.Flag2": "False"}
{"EventID": "1006", "Channel": "Microsoft-Windows-Dhcpv6-Client/Admin", "Provider_Name": "Microsoft-Windows-DHCPv6-Client", "Computer": "DESKTOP-OFJ6N53", "TimeCreated": "2024-09-06 13:40:15.438087+00:00", "RecordID": "57", "Level": "4", "UserID": "S-1-5-19", "EventData.InterfaceId": "18", "EventData.Flag1": "True", "EventData.Flag2": "True"}
{"EventID": "1006", "Channel": "Microsoft-Windows-Dhcpv6-Client/Admin", "Provider_Name": "Microsoft-Windows-DHCPv6-Client", "Computer": "DESKTOP-OFJ6N53", "TimeCreated": "2024-09-06 15:37:05.019960+00:00", "RecordID": "58", "Level": "4", "UserID": "S-1-5-19", "EventData.InterfaceId": "18", "EventData.Flag1": "False", "EventData.Flag2": "False"}
{"EventID": "1006", "Channel": "Microsoft-Windows-Dhcpv6-Client/Admin", "Provider_Name": "Microsoft-Windows-DHCPv6-Client", "Computer": "DESKTOP-OFJ6N53", "TimeCreated": "2024-09-11 14:51:04.450476+00:00", "RecordID": "59", "Level": "4", "UserID": "S-1-5-19", "EventData.InterfaceId": "18", "EventData.Flag1": "True", "EventData.Flag2": "True"}
{"EventID": "1006", "Channel": "Microsoft-Windows-Dhcpv6-Client/Admin", "Provider_Name": "Microsoft-Windows-DHCPv6-Client", "Computer": "DESKTOP-OFJ6N53", "TimeCreated": "2024-09-17 12:05:57.708803+00:00", "RecordID": "60", "Level": "4", "UserID": "S-1-5-19", "EventData.InterfaceId": "18", "EventData.Flag1": "False", "EventData.Flag2": "False"}
{"EventID": "1006", "Channel": "Microsoft-Windows-Dhcpv6-Client/Admin", "Provider_Name": "Microsoft-Windows-DHCPv6-Client", "Computer": "DESKTOP-OFJ6N53", "TimeCreated": "2024-09-19 17:25:27.252094+00:00", "RecordID": "61", "Level": "4", "UserID": "S-1-5-19", "EventData.InterfaceId": "18", "EventData.Flag1": "True", "EventData.Flag2": "True"}
{"EventID": "1006", "Channel": "Microsoft-Windows-Dhcpv6-Client/Admin", "Provider_Name": "Microsoft-Windows-DHCPv6-Client", "Computer": "DESKTOP-OFJ6N53", "TimeCreated": "2024-09-24 10:57:32.872091+00:00", "RecordID": "62", "Level": "4", "UserID": "S-1-5-19", "EventData.InterfaceId": "18", "EventData.Flag1": "True", "EventData.Flag2": "True"}
{"EventID": "1006", "Channel": "Microsoft-Windows-Dhcpv6-Client/Admin", "Provider_Name": "Microsoft-Windows-DHCPv6-Client", "Computer": "DESKTOP-OFJ6N53", "TimeCreated": "2024-09-25 13:38:58.154148+00:00", "RecordID": "63", "Level": "4", "UserID": "S-1-5-19", "EventData.InterfaceId": "18", "EventData.Flag1": "True", "EventData.Flag2": "True"}
{"EventID": "1006", "Channel": "Microsoft-Windows-Dhcpv6-Client/Admin", "Provider_Name": "Microsoft-Windows-DHCPv6-Client", "Computer": "DESKTOP-OFJ6N53", "TimeCreated": "2024-09-25 14:37:53.086943+00:00", "RecordID": "64", "Level": "4", "UserID": "S-1-5-19", "EventData.InterfaceId": "18", "EventData.Flag1": "False", "EventData.Flag2": "False"}
{"EventID": "1006", "Channel": "Microsoft-Windows-Dhcpv6-Client/Admin", "Provider_Name": "Microsoft-Windows-DHCPv6-Client", "Computer": "DESKTOP-OFJ6N53", "TimeCreated": "2024-09-28 12:29:08.135380+00:00", "RecordID": "65", "Level": "4", "UserID": "S-1-5-19", "EventData.InterfaceId": "18", "EventData.Flag1": "True", "EventData.Flag2": "True"}
{"EventID": "1006", "Channel": "Microsoft-Windows-Dhcpv6-Client/Admin", "Provider_Name": "Microsoft-Windows-DHCPv6-Client", "Computer": "DESKTOP-OFJ6N53", "TimeCreated": "2024-10-04 11:16:56.074547+00:00", "RecordID": "66", "Level": "4", "UserID": "S-1-5-19", "EventData.InterfaceId": "18", "EventData.Flag1": "True", "EventData.Flag2": "True"}
{"EventID": "1006", "Channel": "Microsoft-Windows-Dhcpv6-Client/Admin", "Provider_Name": "Microsoft-Windows-DHCPv6-Client", "Computer": "DESKTOP-OFJ6N53", "TimeCreated": "2024-10-04 22:02:52.339878+00:00", "RecordID": "67", "Level": "4", "UserID": "S-1-5-19", "EventData.InterfaceId": "18", "EventData.Flag1": "True", "EventData.Flag2": "True"}
{"EventID": "1006", "Channel": "Microsoft-Windows-Dhcpv6-Client/Admin", "Provider_Name": "Microsoft-Windows-DHCPv6-Client", "Computer": "DESKTOP-OFJ6N53", "TimeCreated": "2024-10-08 20:25:30.398146+00:00", "RecordID": "68", "Level": "4", "UserID": "S-1-5-19", "EventData.InterfaceId": "18", "EventData.Flag1": "True", "EventData.Flag2": "True"}
{"EventID": "1006", "Channel": "Microsoft-Windows-Dhcpv6-Client/Admin", "Provider_Name": "Microsoft-Windows-DHCPv6-Client", "Computer": "DESKTOP-OFJ6N53", "TimeCreated": "2025-02-08 20:16:37.127714+00:00", "RecordID": "69", "Level": "4", "UserID": "S-1-5-19", "EventData.InterfaceId": "18", "EventData.Flag1": "True", "EventData.Flag2": "True"}
{"EventID": "1006", "Channel": "Microsoft-Windows-Dhcpv6-Client/Admin", "Provider_Name": "Microsoft-Windows-DHCPv6-Client", "Computer": "DESKTOP-OFJ6N53", "TimeCreated": "2025-02-12 14:54:31.047617+00:00", "RecordID": "70", "Level": "4", "UserID": "S-1-5-19", "EventData.InterfaceId": "18", "EventData.Flag1": "True", "EventData.Flag2": "True"}
{"EventID": "1006", "Channel": "Microsoft-Windows-Dhcpv6-Client/Admin", "Provider_Name": "Microsoft-Windows-DHCPv6-Client", "Computer": "DESKTOP-OFJ6N53", "TimeCreated": "2025-02-20 20:28:10.358173+00:00", "RecordID": "71", "Level": "4", "UserID": "S-1-5-19", "EventData.InterfaceId": "18", "EventData.Flag1": "False", "EventData.Flag2": "False"}
{"EventID": "1006", "Channel": "Microsoft-Windows-Dhcpv6-Client/Admin", "Provider_Name": "Microsoft-Windows-DHCPv6-Client", "Computer": "DESKTOP-OFJ6N53", "TimeCreated": "2025-03-07 15:04:05.238741+00:00", "RecordID": "72", "Level": "4", "UserID": "S-1-5-19", "EventData.InterfaceId": "18", "EventData.Flag1": "True", "EventData.Flag2": "True"}
{"EventID": "1006", "Channel": "Microsoft-Windows-Dhcpv6-Client/Admin", "Provider_Name": "Microsoft-Windows-DHCPv6-Client", "Computer": "DESKTOP-OFJ6N53", "TimeCreated": "2025-03-11 20:17:06.361326+00:00", "RecordID": "73", "Level": "4", "UserID": "S-1-5-19", "EventData.InterfaceId": "18", "EventData.Flag1": "True", "EventData.Flag2": "True"}
{"EventID": "1006", "Channel": "Microsoft-Windows-Dhcpv6-Client/Admin", "Provider_Name": "Microsoft-Windows-DHCPv6-Client", "Computer": "DESKTOP-OFJ6N53", "TimeCreated": "2025-04-01 16:03:31.396667+00:00", "RecordID": "74", "Level": "4", "UserID": "S-1-5-19", "EventData.InterfaceId": "18", "EventData.Flag1": "True", "EventData.Flag2": "True"}
{"EventID": "1006", "Channel": "Microsoft-Windows-Dhcpv6-Client/Admin", "Provider_Name": "Microsoft-Windows-DHCPv6-Client", "Computer": "DESKTOP-OFJ6N53", "TimeCreated": "2025-04-02 09:18:21.869619+00:00", "RecordID": "75", "Level": "4", "UserID": "S-1-5-19", "EventData.InterfaceId": "18", "EventData.Flag1": "True", "EventData.Flag2": "True"}
