{"EventID": "6", "Channel": "Microsoft-Windows-BackgroundTaskInfrastructure/Operational", "Provider_Name": "Microsoft-Windows-BrokerInfrastructure", "Computer": "DESKTOP-OFJ6N53", "TimeCreated": "2023-04-03 13:41:34.375265+00:00", "RecordID": "90", "Level": "4", "UserID": "S-1-5-18", "EventData.PackageFullName": "Microsoft.Windows.Search_1.14.8.19041_neutral_neutral_cw5n1h2txyewy", "EventData.EntryPointLength": "57", "EventData.EntryPoint": "Windows.ApplicationModel.Core.DefaultInProcBackgroundTask", "EventData.UserSid": "S-1-5-21-963789628-1060504924-4285088085-1001"}
{"EventID": "6", "Channel": "Microsoft-Windows-BackgroundTaskInfrastructure/Operational", "Provider_Name": "Microsoft-Windows-BrokerInfrastructure", "Computer": "DESKTOP-OFJ6N53", "TimeCreated": "2023-04-04 06:34:12.812979+00:00", "RecordID": "91", "Level": "4", "UserID": "S-1-5-18", "EventData.PackageFullName": "Microsoft.Windows.Search_1.14.8.19041_neutral_neutral_cw5n1h2txyewy", "EventData.EntryPointLength": "57", "EventData.EntryPoint": "Windows.ApplicationModel.Core.DefaultInProcBackgroundTask", "EventData.UserSid": "S-1-5-21-963789628-1060504924-4285088085-1001"}
{"EventID": "6", "Channel": "Microsoft-Windows-BackgroundTaskInfrastructure/Operational", "Provider_Name": "Microsoft-Windows-BrokerInfrastructure", "Computer": "DESKTOP-OFJ6N53", "TimeCreated": "2023-04-04 06:34:32.679205+00:00", "RecordID": "92", "Level": "4", "UserID": "S-1-5-18", "EventData.PackageFullName": "Microsoft.Windows.Search_1.14.8.19041_neutral_neutral_cw5n1h2txyewy", "EventData.EntryPointLength": "57", "EventData.EntryPoint": "Windows.ApplicationModel.Core.DefaultInProcBackgroundTask", "EventData.UserSid": "S-1-5-21-963789628-1060504924-4285088085-1001"}
{"EventID": "6", "Channel": "Microsoft-Windows-BackgroundTaskInfrastructure/Operational", "Provider_Name": "Microsoft-Windows-BrokerInfrastructure", "Computer": "DESKTOP-OFJ6N53", "TimeCreated": "2023-04-04 06:34:43.150967+00:00", "RecordID": "93", "Level": "4", "UserID": "S-1-5-18", "EventData.PackageFullName": "Microsoft.Windows.Search_1.14.8.19041_neutral_neutral_cw5n1h2txyewy", "EventData.EntryPointLength": "57", "EventData.EntryPoint": "Windows.ApplicationModel.Core.DefaultInProcBackgroundTask", "EventData.UserSid": "S-1-5-21-963789628-1060504924-4285088085-1001"}
{"EventID": "6", "Channel": "Microsoft-Windows-BackgroundTaskInfrastructure/Operational", "Provider_Name": "Microsoft-Windows-BrokerInfrastructure", "Computer": "DESKTOP-OFJ6N53", "TimeCreated": "2023-04-04 06:34:43.150980+00:00", "RecordID": "94", "Level": "4", "UserID": "S-1-5-18", "EventData.PackageFullName": "Microsoft.Windows.Search_1.14.8.19041_neutral_neutral_cw5n1h2txyewy", "EventData.EntryPointLength": "57", "EventData.EntryPoint": "Windows.ApplicationModel.Core.DefaultInProcBackgroundTask", "EventData.UserSid": "S-1-5-21-963789628-1060504924-4285088085-1001"}
{"EventID": "6", "Channel": "Microsoft-Windows-BackgroundTaskInfrastructure/Operational", "Provider_Name": "Microsoft-Windows-BrokerInfrastructure", "Computer": "DESKTOP-OFJ6N53", "TimeCreated": "2023-04-04 06:34:43.151112+00:00", "RecordID": "95", "Level": "4", "UserID": "S-1-5-18", "EventData.PackageFullName": "Microsoft.Windows.Search_1.14.8.19041_neutral_neutral_cw5n1h2txyewy", "EventData.EntryPointLength": "57", "EventData.EntryPoint": "Windows.ApplicationModel.Core.DefaultInProcBackgroundTask", "EventData.UserSid": "S-1-5-21-963789628-1060504924-4285088085-1001"}
{"EventID": "6", "Channel": "Microsoft-Windows-BackgroundTaskInfrastructure/Operational", "Provider_Name": "Microsoft-Windows-BrokerInfrastructure", "Computer": "DESKTOP-OFJ6N53", "TimeCreated": "2023-04-05 07:30:13.335501+00:00", "RecordID": "96", "Level": "4", "UserID": "S-1-5-18", "EventData.PackageFullName": "Microsoft.Windows.Search_1.14.8.19041_neutral_neutral_cw5n1h2txyewy", "EventData.EntryPointLength": "57", "EventData.EntryPoint": "Windows.ApplicationModel.Core.DefaultInProcBackgroundTask", "EventData.UserSid": "S-1-5-21-963789628-1060504924-4285088085-1001"}
{"EventID": "6", "Channel": "Microsoft-Windows-BackgroundTaskInfrastructure/Operational", "Provider_Name": "Microsoft-Windows-BrokerInfrastructure", "Computer": "DESKTOP-OFJ6N53", "TimeCreated": "2023-04-05 07:30:14.350639+00:00", "RecordID": "97", "Level": "4", "UserID": "S-1-5-18", "EventData.PackageFullName": "Microsoft.Windows.Search_1.14.8.19041_neutral_neutral_cw5n1h2txyewy", "EventData.EntryPointLength": "57", "EventData.EntryPoint": "Windows.ApplicationModel.Core.DefaultInProcBackgroundTask", "EventData.UserSid": "S-1-5-21-963789628-1060504924-4285088085-1001"}
{"EventID": "6", "Channel": "Microsoft-Windows-BackgroundTaskInfrastructure/Operational", "Provider_Name": "Microsoft-Windows-BrokerInfrastructure", "Computer": "DESKTOP-OFJ6N53", "TimeCreated": "2023-04-05 07:30:19.553825+00:00", "RecordID": "98", "Level": "4", "UserID": "S-1-5-18", "EventData.PackageFullName": "Microsoft.Windows.Search_1.14.8.19041_neutral_neutral_cw5n1h2txyewy", "EventData.EntryPointLength": "57", "EventData.EntryPoint": "Windows.ApplicationModel.Core.DefaultInProcBackgroundTask", "EventData.UserSid": "S-1-5-21-963789628-1060504924-4285088085-1001"}
{"EventID": "6", "Channel": "Microsoft-Windows-BackgroundTaskInfrastructure/Operational", "Provider_Name": "Microsoft-Windows-BrokerInfrastructure", "Computer": "DESKTOP-OFJ6N53", "TimeCreated": "2023-04-05 07:30:19.553837+00:00", "RecordID": "99", "Level": "4", "UserID": "S-1-5-18", "EventData.PackageFullName": "Microsoft.Windows.Search_1.14.8.19041_neutral_neutral_cw5n1h2txyewy", "EventData.EntryPointLength": "57", "EventData.EntryPoint": "Windows.ApplicationModel.Core.DefaultInProcBackgroundTask", "EventData.UserSid": "S-1-5-21-963789628-1060504924-4285088085-1001"}
{"EventID": "6", "Channel": "Microsoft-Windows-BackgroundTaskInfrastructure/Operational", "Provider_Name": "Microsoft-Windows-BrokerInfrastructure", "Computer": "DESKTOP-OFJ6N53", "TimeCreated": "2023-04-05 07:30:19.553888+00:00", "RecordID": "100", "Level": "4", "UserID": "S-1-5-18", "EventData.PackageFullName": "Microsoft.Windows.Search_1.14.8.19041_neutral_neutral_cw5n1h2txyewy", "EventData.EntryPointLength": "57", "EventData.EntryPoint": "Windows.ApplicationModel.Core.DefaultInProcBackgroundTask", "EventData.UserSid": "S-1-5-21-963789628-1060504924-4285088085-1001"}
{"EventID": "6", "Channel": "Microsoft-Windows-BackgroundTaskInfrastructure/Operational", "Provider_Name": "Microsoft-Windows-BrokerInfrastructure", "Computer": "DESKTOP-OFJ6N53", "TimeCreated": "2023-04-05 07:30:19.553896+00:00", "RecordID": "101", "Level": "4", "UserID": "S-1-5-18", "EventData.PackageFullName": "Microsoft.Windows.Search_1.14.8.19041_neutral_neutral_cw5n1h2txyewy", "EventData.EntryPointLength": "57", "EventData.EntryPoint": "Windows.ApplicationModel.Core.DefaultInProcBackgroundTask", "EventData.UserSid": "S-1-5-21-963789628-1060504924-4285088085-1001"}
{"EventID": "6", "Channel": "Microsoft-Windows-BackgroundTaskInfrastructure/Operational", "Provider_Name": "Microsoft-Windows-BrokerInfrastructure", "Computer": "DESKTOP-OFJ6N53", "TimeCreated": "2023-04-05 15:22:07.752632+00:00", "RecordID": "102", "Level": "4", "UserID": "S-1-5-18", "EventData.PackageFullName": "Microsoft.Windows.Search_1.14.8.19041_neutral_neutral_cw5n1h2txyewy", "EventData.EntryPointLength": "57", "EventData.EntryPoint": "Windows.ApplicationModel.Core.DefaultInProcBackgroundTask", "EventData.UserSid": "S-1-5-21-963789628-1060504924-4285088085-1001"}
{"EventID": "6", "Channel": "Microsoft-Windows-BackgroundTaskInfrastructure/Operational", "Provider_Name": "Microsoft-Windows-BrokerInfrastructure", "Computer": "DESKTOP-OFJ6N53", "TimeCreated": "2023-04-05 15:22:51.530394+00:00", "RecordID": "103", "Level": "4", "UserID": "S-1-5-18", "EventData.PackageFullName": "Microsoft.Windows.Search_1.14.8.19041_neutral_neutral_cw5n1h2txyewy", "EventData.EntryPointLength": "57", "EventData.EntryPoint": "Windows.ApplicationModel.Core.DefaultInProcBackgroundTask", "EventData.UserSid": "S-1-5-21-963789628-1060504924-4285088085-1001"}
{"EventID": "6", "Channel": "Microsoft-Windows-BackgroundTaskInfrastructure/Operational", "Provider_Name": "Microsoft-Windows-BrokerInfrastructure", "Computer": "DESKTOP-OFJ6N53", "TimeCreated": "2023-04-05 15:24:34.135101+00:00", "RecordID": "104", "Level": "4", "UserID": "S-1-5-18", "EventData.PackageFullName": "Microsoft.YourPhone_1.23022.140.0_x64__8wekyb3d8bbwe", "EventData.EntryPointLength": "41", "EventData.EntryPoint": "YourPhone.Background.Tasks.BackgroundTask", "EventData.UserSid": "S-1-5-21-963789628-1060504924-4285088085-1001"}
{"EventID": "21", "Channel": "Microsoft-Windows-BackgroundTaskInfrastructure/Operational", "Provider_Name": "Microsoft-Windows-BrokerInfrastructure", "Computer": "DESKTOP-OFJ6N53", "TimeCreated": "2023-04-11 14:21:47.382925+00:00", "RecordID": "105", "Level": "4", "UserID": "S-1-5-18", "EventData.EntryPointLength": "41", "EventData.TaskEntryPoint": "YourPhone.Background.Tasks.BackgroundTask", "EventData.NameLength": "39", "EventData.TaskName": "FreIncompleteNotificationBackgroundTask", "EventData.Result": "2150040154"}
{"EventID": "21", "Channel": "Microsoft-Windows-BackgroundTaskInfrastructure/Operational", "Provider_Name": "Microsoft-Windows-BrokerInfrastructure", "Computer": "DESKTOP-OFJ6N53", "TimeCreated": "2023-04-11 14:21:47.406948+00:00", "RecordID": "106", "Level": "4", "UserID": "S-1-5-18", "EventData.EntryPointLength": "31", "EventData.TaskEntryPoint": "WinStore.Tasks.OEMDiscoveryTask", "EventData.NameLength": "16", "EventData.TaskName": "OEMDiscoveryTask", "EventData.Result": "2150040154"}
{"EventID": "21", "Channel": "Microsoft-Windows-BackgroundTaskInfrastructure/Operational", "Provider_Name": "Microsoft-Windows-BrokerInfrastructure", "Computer": "DESKTOP-OFJ6N53", "TimeCreated": "2023-04-11 14:21:47.411121+00:00", "RecordID": "107", "Level": "4", "UserID": "S-1-5-18", "EventData.EntryPointLength": "28", "EventData.TaskEntryPoint": "HxMail.WindowsBackgroundTask", "EventData.NameLength": "30", "EventData.TaskName": "HxPeriodicWeatherUpdateTask_v2", "EventData.Result": "2150040154"}
{"EventID": "21", "Channel": "Microsoft-Windows-BackgroundTaskInfrastructure/Operational", "Provider_Name": "Microsoft-Windows-BrokerInfrastructure", "Computer": "DESKTOP-OFJ6N53", "TimeCreated": "2023-04-11 14:21:47.413290+00:00", "RecordID": "108", "Level": "4", "UserID": "S-1-5-18", "EventData.EntryPointLength": "38", "EventData.TaskEntryPoint": "NcsiUwpBackgroundTasks.MaintenanceTask", "EventData.NameLength": "25", "EventData.TaskName": "NcsiUwpAppMaintenanceTask", "EventData.Result": "2150040154"}
{"EventID": "21", "Channel": "Microsoft-Windows-BackgroundTaskInfrastructure/Operational", "Provider_Name": "Microsoft-Windows-BrokerInfrastructure", "Computer": "DESKTOP-OFJ6N53", "TimeCreated": "2023-04-11 14:21:47.418421+00:00", "RecordID": "109", "Level": "4", "UserID": "S-1-5-18", "EventData.EntryPointLength": "42", "EventData.TaskEntryPoint": "MyOffice.BackgroundTasks.NotificationsTask", "EventData.NameLength": "16", "EventData.TaskName": "NotificationTask", "EventData.Result": "2150040154"}
{"EventID": "6", "Channel": "Microsoft-Windows-BackgroundTaskInfrastructure/Operational", "Provider_Name": "Microsoft-Windows-BrokerInfrastructure", "Computer": "DESKTOP-OFJ6N53", "TimeCreated": "2023-04-13 10:52:59.979090+00:00", "RecordID": "110", "Level": "4", "UserID": "S-1-5-18", "EventData.PackageFullName": "Microsoft.Windows.Search_1.14.9.19041_neutral_neutral_cw5n1h2txyewy", "EventData.EntryPointLength": "57", "EventData.EntryPoint": "Windows.ApplicationModel.Core.DefaultInProcBackgroundTask", "EventData.UserSid": "S-1-5-21-963789628-1060504924-4285088085-1001"}
{"EventID": "6", "Channel": "Microsoft-Windows-BackgroundTaskInfrastructure/Operational", "Provider_Name": "Microsoft-Windows-BrokerInfrastructure", "Computer": "DESKTOP-OFJ6N53", "TimeCreated": "2023-04-13 10:53:06.481653+00:00", "RecordID": "111", "Level": "4", "UserID": "S-1-5-18", "EventData.PackageFullName": "Microsoft.Windows.Search_1.14.9.19041_neutral_neutral_cw5n1h2txyewy", "EventData.EntryPointLength": "57", "EventData.EntryPoint": "Windows.ApplicationModel.Core.DefaultInProcBackgroundTask", "EventData.UserSid": "S-1-5-21-963789628-1060504924-4285088085-1001"}
{"EventID": "6", "Channel": "Microsoft-Windows-BackgroundTaskInfrastructure/Operational", "Provider_Name": "Microsoft-Windows-BrokerInfrastructure", "Computer": "DESKTOP-OFJ6N53", "TimeCreated": "2023-04-21 11:32:46.451895+00:00", "RecordID": "112", "Level": "4", "UserID": "S-1-5-18", "EventData.PackageFullName": "Microsoft.YourPhone_1.23022.140.0_x64__8wekyb3d8bbwe", "EventData.EntryPointLength": "41", "EventData.EntryPoint": "YourPhone.Background.Tasks.BackgroundTask", "EventData.UserSid": "S-1-5-21-963789628-1060504924-4285088085-1001"}
{"EventID": "21", "Channel": "Microsoft-Windows-BackgroundTaskInfrastructure/Operational", "Provider_Name": "Microsoft-Windows-BrokerInfrastructure", "Computer": "DESKTOP-OFJ6N53", "TimeCreated": "2023-04-21 12:13:35.021391+00:00", "RecordID": "113", "Level": "4", "UserID": "S-1-5-18", "EventData.EntryPointLength": "45", "EventData.TaskEntryPoint": "Microsoft.Pay.Background.LocalMaintenanceTask", "EventData.NameLength": "45", "EventData.TaskName": "Microsoft.Pay.Background.LocalMaintenanceTask", "EventData.Result": "2150040154"}
{"EventID": "21", "Channel": "Microsoft-Windows-BackgroundTaskInfrastructure/Operational", "Provider_Name": "Microsoft-Windows-BrokerInfrastructure", "Computer": "DESKTOP-OFJ6N53", "TimeCreated": "2023-04-21 23:41:03.067303+00:00", "RecordID": "114", "Level": "4", "UserID": "S-1-5-18", "EventData.EntryPointLength": "41", "EventData.TaskEntryPoint": "YourPhone.Background.Tasks.BackgroundTask", "EventData.NameLength": "38", "EventData.TaskName": "UpdateConfigAndTelemetryBackgroundTask", "EventData.Result": "2150040154"}
{"EventID": "6", "Channel": "Microsoft-Windows-BackgroundTaskInfrastructure/Operational", "Provider_Name": "Microsoft-Windows-BrokerInfrastructure", "Computer": "DESKTOP-OFJ6N53", "TimeCreated": "2023-04-22 03:33:28.303959+00:00", "RecordID": "115", "Level": "4", "UserID": "S-1-5-18", "EventData.PackageFullName": "Microsoft.YourPhone_1.23022.140.0_x64__8wekyb3d8bbwe", "EventData.EntryPointLength": "41", "EventData.EntryPoint": "YourPhone.Background.Tasks.BackgroundTask", "EventData.UserSid": "S-1-5-21-963789628-1060504924-4285088085-1001"}
{"EventID": "6", "Channel": "Microsoft-Windows-BackgroundTaskInfrastructure/Operational", "Provider_Name": "Microsoft-Windows-BrokerInfrastructure", "Computer": "DESKTOP-OFJ6N53", "TimeCreated": "2023-04-22 06:39:36.779932+00:00", "RecordID": "116", "Level": "4", "UserID": "S-1-5-18", "EventData.PackageFullName": "Microsoft.Windows.Search_1.14.9.19041_neutral_neutral_cw5n1h2txyewy", "EventData.EntryPointLength": "50", "EventData.EntryPoint": "Cortana.Internal.Search.ConfigPollerBackgroundTask", "EventData.UserSid": "S-1-5-21-963789628-1060504924-4285088085-1001"}
{"EventID": "6", "Channel": "Microsoft-Windows-BackgroundTaskInfrastructure/Operational", "Provider_Name": "Microsoft-Windows-BrokerInfrastructure", "Computer": "DESKTOP-OFJ6N53", "TimeCreated": "2023-04-22 07:33:49.209938+00:00", "RecordID": "117", "Level": "4", "UserID": "S-1-5-18", "EventData.PackageFullName": "Microsoft.YourPhone_1.23022.140.0_x64__8wekyb3d8bbwe", "EventData.EntryPointLength": "41", "EventData.EntryPoint": "YourPhone.Background.Tasks.BackgroundTask", "EventData.UserSid": "S-1-5-21-963789628-1060504924-4285088085-1001"}
{"EventID": "21", "Channel": "Microsoft-Windows-BackgroundTaskInfrastructure/Operational", "Provider_Name": "Microsoft-Windows-BrokerInfrastructure", "Computer": "DESKTOP-OFJ6N53", "TimeCreated": "2023-05-02 09:27:50.053785+00:00", "RecordID": "118", "Level": "4", "UserID": "S-1-5-18", "EventData.EntryPointLength": "28", "EventData.TaskEntryPoint": "HxMail.WindowsBackgroundTask", "EventData.NameLength": "30", "EventData.TaskName": "HxPeriodicWeatherUpdateTask_v2", "EventData.Result": "2150040154"}
{"EventID": "21", "Channel": "Microsoft-Windows-BackgroundTaskInfrastructure/Operational", "Provider_Name": "Microsoft-Windows-BrokerInfrastructure", "Computer": "DESKTOP-OFJ6N53", "TimeCreated": "2023-05-02 09:27:51.066473+00:00", "RecordID": "119", "Level": "4", "UserID": "S-1-5-18", "EventData.EntryPointLength": "41", "EventData.TaskEntryPoint": "YourPhone.Background.Tasks.BackgroundTask", "EventData.NameLength": "39", "EventData.TaskName": "FreIncompleteNotificationBackgroundTask", "EventData.Result": "2150040154"}
{"EventID": "21", "Channel": "Microsoft-Windows-BackgroundTaskInfrastructure/Operational", "Provider_Name": "Microsoft-Windows-BrokerInfrastructure", "Computer": "DESKTOP-OFJ6N53", "TimeCreated": "2023-05-02 09:27:51.084745+00:00", "RecordID": "120", "Level": "4", "UserID": "S-1-5-18", "EventData.EntryPointLength": "38", "EventData.TaskEntryPoint": "NcsiUwpBackgroundTasks.MaintenanceTask", "EventData.NameLength": "25", "EventData.TaskName": "NcsiUwpAppMaintenanceTask", "EventData.Result": "2150040154"}
{"EventID": "21", "Channel": "Microsoft-Windows-BackgroundTaskInfrastructure/Operational", "Provider_Name": "Microsoft-Windows-BrokerInfrastructure", "Computer": "DESKTOP-OFJ6N53", "TimeCreated": "2023-05-02 09:27:51.095184+00:00", "RecordID": "121", "Level": "4", "UserID": "S-1-5-18", "EventData.EntryPointLength": "31", "EventData.TaskEntryPoint": "WinStore.Tasks.OEMDiscoveryTask", "EventData.NameLength": "16", "EventData.TaskName": "OEMDiscoveryTask", "EventData.Result": "2150040154"}
{"EventID": "21", "Channel": "Microsoft-Windows-BackgroundTaskInfrastructure/Operational", "Provider_Name": "Microsoft-Windows-BrokerInfrastructure", "Computer": "DESKTOP-OFJ6N53", "TimeCreated": "2023-05-02 09:27:51.108709+00:00", "RecordID": "122", "Level": "4", "UserID": "S-1-5-18", "EventData.EntryPointLength": "42", "EventData.TaskEntryPoint": "MyOffice.BackgroundTasks.NotificationsTask", "EventData.NameLength": "16", "EventData.TaskName": "NotificationTask", "EventData.Result": "2150040154"}
{"EventID": "6", "Channel": "Microsoft-Windows-BackgroundTaskInfrastructure/Operational", "Provider_Name": "Microsoft-Windows-BrokerInfrastructure", "Computer": "DESKTOP-OFJ6N53", "TimeCreated": "2023-05-02 10:14:44.247969+00:00", "RecordID": "123", "Level": "4", "UserID": "S-1-5-18", "EventData.PackageFullName": "Microsoft.Windows.Photos_2023.10030.27002.0_x64__8wekyb3d8bbwe", "EventData.EntryPointLength": "47", "EventData.EntryPoint": "PhotosApp.BackgroundTasks.BackgroundTaskStarter", "EventData.UserSid": "S-1-5-21-963789628-1060504924-4285088085-1001"}
{"EventID": "6", "Channel": "Microsoft-Windows-BackgroundTaskInfrastructure/Operational", "Provider_Name": "Microsoft-Windows-BrokerInfrastructure", "Computer": "DESKTOP-OFJ6N53", "TimeCreated": "2023-05-03 08:17:40.891256+00:00", "RecordID": "124", "Level": "4", "UserID": "S-1-5-18", "EventData.PackageFullName": "Microsoft.Windows.Search_1.14.9.19041_neutral_neutral_cw5n1h2txyewy", "EventData.EntryPointLength": "57", "EventData.EntryPoint": "Windows.ApplicationModel.Core.DefaultInProcBackgroundTask", "EventData.UserSid": "S-1-5-21-963789628-1060504924-4285088085-1001"}
{"EventID": "6", "Channel": "Microsoft-Windows-BackgroundTaskInfrastructure/Operational", "Provider_Name": "Microsoft-Windows-BrokerInfrastructure", "Computer": "DESKTOP-OFJ6N53", "TimeCreated": "2023-05-03 08:17:41.485126+00:00", "RecordID": "125", "Level": "4", "UserID": "S-1-5-18", "EventData.PackageFullName": "Microsoft.Windows.Search_1.14.9.19041_neutral_neutral_cw5n1h2txyewy", "EventData.EntryPointLength": "57", "EventData.EntryPoint": "Windows.ApplicationModel.Core.DefaultInProcBackgroundTask", "EventData.UserSid": "S-1-5-21-963789628-1060504924-4285088085-1001"}
{"EventID": "6", "Channel": "Microsoft-Windows-BackgroundTaskInfrastructure/Operational", "Provider_Name": "Microsoft-Windows-BrokerInfrastructure", "Computer": "DESKTOP-OFJ6N53", "TimeCreated": "2023-05-15 12:23:36.184120+00:00", "RecordID": "126", "Level": "4", "UserID": "S-1-5-18", "EventData.PackageFullName": "Microsoft.YourPhone_1.23032.186.0_x64__8wekyb3d8bbwe", "EventData.EntryPointLength": "41", "EventData.EntryPoint": "YourPhone.Background.Tasks.BackgroundTask", "EventData.UserSid": "S-1-5-21-963789628-1060504924-4285088085-1001"}
{"EventID": "6", "Channel": "Microsoft-Windows-BackgroundTaskInfrastructure/Operational", "Provider_Name": "Microsoft-Windows-BrokerInfrastructure", "Computer": "DESKTOP-OFJ6N53", "TimeCreated": "2023-06-11 20:58:15.715021+00:00", "RecordID": "127", "Level": "4", "UserID": "S-1-5-18", "EventData.PackageFullName": "Microsoft.Windows.Photos_2023.10030.27002.0_x64__8wekyb3d8bbwe", "EventData.EntryPointLength": "47", "EventData.EntryPoint": "PhotosApp.BackgroundTasks.BackgroundTaskStarter", "EventData.UserSid": "S-1-5-21-963789628-1060504924-4285088085-1001"}
{"EventID": "6", "Channel": "Microsoft-Windows-BackgroundTaskInfrastructure/Operational", "Provider_Name": "Microsoft-Windows-BrokerInfrastructure", "Computer": "DESKTOP-OFJ6N53", "TimeCreated": "2023-06-11 21:02:14.486244+00:00", "RecordID": "128", "Level": "4", "UserID": "S-1-5-18", "EventData.PackageFullName": "Microsoft.Windows.Search_1.14.9.19041_neutral_neutral_cw5n1h2txyewy", "EventData.EntryPointLength": "57", "EventData.EntryPoint": "Windows.ApplicationModel.Core.DefaultInProcBackgroundTask", "EventData.UserSid": "S-1-5-21-963789628-1060504924-4285088085-1001"}
{"EventID": "6", "Channel": "Microsoft-Windows-BackgroundTaskInfrastructure/Operational", "Provider_Name": "Microsoft-Windows-BrokerInfrastructure", "Computer": "DESKTOP-OFJ6N53", "TimeCreated": "2023-06-11 21:03:16.142536+00:00", "RecordID": "129", "Level": "4", "UserID": "S-1-5-18", "EventData.PackageFullName": "Microsoft.YourPhone_1.23042.108.0_x64__8wekyb3d8bbwe", "EventData.EntryPointLength": "41", "EventData.EntryPoint": "YourPhone.Background.Tasks.BackgroundTask", "EventData.UserSid": "S-1-5-21-963789628-1060504924-4285088085-1001"}
{"EventID": "6", "Channel": "Microsoft-Windows-BackgroundTaskInfrastructure/Operational", "Provider_Name": "Microsoft-Windows-BrokerInfrastructure", "Computer": "DESKTOP-OFJ6N53", "TimeCreated": "2023-06-27 09:49:27.564051+00:00", "RecordID": "130", "Level": "4", "UserID": "S-1-5-18", "EventData.PackageFullName": "Microsoft.Windows.Search_1.14.10.19041_neutral_neutral_cw5n1h2txyewy", "EventData.EntryPointLength": "57", "EventData.EntryPoint": "Windows.ApplicationModel.Core.DefaultInProcBackgroundTask", "EventData.UserSid": "S-1-5-21-963789628-1060504924-4285088085-1001"}
{"EventID": "6", "Channel": "Microsoft-Windows-BackgroundTaskInfrastructure/Operational", "Provider_Name": "Microsoft-Windows-BrokerInfrastructure", "Computer": "DESKTOP-OFJ6N53", "TimeCreated": "2023-06-27 09:49:27.636591+00:00", "RecordID": "131", "Level": "4", "UserID": "S-1-5-18", "EventData.PackageFullName": "Microsoft.Windows.Search_1.14.10.19041_neutral_neutral_cw5n1h2txyewy", "EventData.EntryPointLength": "57", "EventData.EntryPoint": "Windows.ApplicationModel.Core.DefaultInProcBackgroundTask", "EventData.UserSid": "S-1-5-21-963789628-1060504924-4285088085-1001"}
{"EventID": "6", "Channel": "Microsoft-Windows-BackgroundTaskInfrastructure/Operational", "Provider_Name": "Microsoft-Windows-BrokerInfrastructure", "Computer": "DESKTOP-OFJ6N53", "TimeCreated": "2023-07-03 07:40:01.161030+00:00", "RecordID": "132", "Level": "4", "UserID": "S-1-5-18", "EventData.PackageFullName": "Microsoft.YourPhone_1.23052.121.0_x64__8wekyb3d8bbwe", "EventData.EntryPointLength": "41", "EventData.EntryPoint": "YourPhone.Background.Tasks.BackgroundTask", "EventData.UserSid": "S-1-5-21-963789628-1060504924-4285088085-1001"}
{"EventID": "6", "Channel": "Microsoft-Windows-BackgroundTaskInfrastructure/Operational", "Provider_Name": "Microsoft-Windows-BrokerInfrastructure", "Computer": "DESKTOP-OFJ6N53", "TimeCreated": "2023-07-06 12:46:45.487894+00:00", "RecordID": "133", "Level": "4", "UserID": "S-1-5-18", "EventData.PackageFullName": "Microsoft.Windows.Search_1.14.10.19041_neutral_neutral_cw5n1h2txyewy", "EventData.EntryPointLength": "57", "EventData.EntryPoint": "Windows.ApplicationModel.Core.DefaultInProcBackgroundTask", "EventData.UserSid": "S-1-5-21-963789628-1060504924-4285088085-1001"}
{"EventID": "6", "Channel": "Microsoft-Windows-BackgroundTaskInfrastructure/Operational", "Provider_Name": "Microsoft-Windows-BrokerInfrastructure", "Computer": "DESKTOP-OFJ6N53", "TimeCreated": "2023-07-06 12:46:45.804890+00:00", "RecordID": "134", "Level": "4", "UserID": "S-1-5-18", "EventData.PackageFullName": "Microsoft.Windows.Search_1.14.10.19041_neutral_neutral_cw5n1h2txyewy", "EventData.EntryPointLength": "57", "EventData.EntryPoint": "Windows.ApplicationModel.Core.DefaultInProcBackgroundTask", "EventData.UserSid": "S-1-5-21-963789628-1060504924-4285088085-1001"}
{"EventID": "21", "Channel": "Microsoft-Windows-BackgroundTaskInfrastructure/Operational", "Provider_Name": "Microsoft-Windows-BrokerInfrastructure", "Computer": "DESKTOP-OFJ6N53", "TimeCreated": "2023-07-10 13:51:04.085861+00:00", "RecordID": "135", "Level": "4", "UserID": "S-1-5-18", "EventData.EntryPointLength": "50", "EventData.TaskEntryPoint": "ContentDeliveryManager.Background.RefreshCacheTask", "EventData.NameLength": "50", "EventData.TaskName": "ContentDeliveryManager.Background.RefreshCacheTask", "EventData.Result": "2150040154"}
{"EventID": "6", "Channel": "Microsoft-Windows-BackgroundTaskInfrastructure/Operational", "Provider_Name": "Microsoft-Windows-BrokerInfrastructure", "Computer": "DESKTOP-OFJ6N53", "TimeCreated": "2023-07-25 09:00:27.897432+00:00", "RecordID": "136", "Level": "4", "UserID": "S-1-5-18", "EventData.PackageFullName": "Microsoft.YourPhone_1.23052.123.0_x64__8wekyb3d8bbwe", "EventData.EntryPointLength": "41", "EventData.EntryPoint": "YourPhone.Background.Tasks.BackgroundTask", "EventData.UserSid": "S-1-5-21-963789628-1060504924-4285088085-1001"}
{"EventID": "21", "Channel": "Microsoft-Windows-BackgroundTaskInfrastructure/Operational", "Provider_Name": "Microsoft-Windows-BrokerInfrastructure", "Computer": "DESKTOP-OFJ6N53", "TimeCreated": "2023-08-02 10:02:36.706156+00:00", "RecordID": "137", "Level": "4", "UserID": "S-1-5-18", "EventData.EntryPointLength": "24", "EventData.TaskEntryPoint": "AAD.Core.TokenBackground", "EventData.NameLength": "0", "EventData.TaskName": null, "EventData.Result": "2150040155"}
{"EventID": "6", "Channel": "Microsoft-Windows-BackgroundTaskInfrastructure/Operational", "Provider_Name": "Microsoft-Windows-BrokerInfrastructure", "Computer": "DESKTOP-OFJ6N53", "TimeCreated": "2023-08-02 10:04:35.746605+00:00", "RecordID": "138", "Level": "4", "UserID": "S-1-5-18", "EventData.PackageFullName": "Microsoft.YourPhone_1.23052.125.0_x64__8wekyb3d8bbwe", "EventData.EntryPointLength": "41", "EventData.EntryPoint": "YourPhone.Background.Tasks.BackgroundTask", "EventData.UserSid": "S-1-5-21-963789628-1060504924-4285088085-1001"}
{"EventID": "6", "Channel": "Microsoft-Windows-BackgroundTaskInfrastructure/Operational", "Provider_Name": "Microsoft-Windows-BrokerInfrastructure", "Computer": "DESKTOP-OFJ6N53", "TimeCreated": "2023-08-10 07:41:08.133921+00:00", "RecordID": "139", "Level": "4", "UserID": "S-1-5-18", "EventData.PackageFullName": "Microsoft.YourPhone_1.23062.153.0_x64__8wekyb3d8bbwe", "EventData.EntryPointLength": "41", "EventData.EntryPoint": "YourPhone.Background.Tasks.BackgroundTask", "EventData.UserSid": "S-1-5-21-963789628-1060504924-4285088085-1001"}
{"EventID": "6", "Channel": "Microsoft-Windows-BackgroundTaskInfrastructure/Operational", "Provider_Name": "Microsoft-Windows-BrokerInfrastructure", "Computer": "DESKTOP-OFJ6N53", "TimeCreated": "2023-08-29 22:46:36.985277+00:00", "RecordID": "140", "Level": "4", "UserID": "S-1-5-18", "EventData.PackageFullName": "Microsoft.YourPhone_1.23062.153.0_x64__8wekyb3d8bbwe", "EventData.EntryPointLength": "41", "EventData.EntryPoint": "YourPhone.Background.Tasks.BackgroundTask", "EventData.UserSid": "S-1-5-21-963789628-1060504924-4285088085-1001"}
{"EventID": "6", "Channel": "Microsoft-Windows-BackgroundTaskInfrastructure/Operational", "Provider_Name": "Microsoft-Windows-BrokerInfrastructure", "Computer": "DESKTOP-OFJ6N53", "TimeCreated": "2023-09-04 14:38:33.205206+00:00", "RecordID": "141", "Level": "4", "UserID": "S-1-5-18", "EventData.PackageFullName": "Microsoft.YourPhone_1.23062.153.0_x64__8wekyb3d8bbwe", "EventData.EntryPointLength": "41", "EventData.EntryPoint": "YourPhone.Background.Tasks.BackgroundTask", "EventData.UserSid": "S-1-5-21-963789628-1060504924-4285088085-1001"}
{"EventID": "6", "Channel": "Microsoft-Windows-BackgroundTaskInfrastructure/Operational", "Provider_Name": "Microsoft-Windows-BrokerInfrastructure", "Computer": "DESKTOP-OFJ6N53", "TimeCreated": "2023-09-13 14:39:52.902256+00:00", "RecordID": "142", "Level": "4", "UserID": "S-1-5-18", "EventData.PackageFullName": "Microsoft.Windows.Search_1.14.10.19041_neutral_neutral_cw5n1h2txyewy", "EventData.EntryPointLength": "57", "EventData.EntryPoint": "Windows.ApplicationModel.Core.DefaultInProcBackgroundTask", "EventData.UserSid": "S-1-5-21-963789628-1060504924-4285088085-1001"}
{"EventID": "21", "Channel": "Microsoft-Windows-BackgroundTaskInfrastructure/Operational", "Provider_Name": "Microsoft-Windows-BrokerInfrastructure", "Computer": "DESKTOP-OFJ6N53", "TimeCreated": "2023-10-12 16:58:43.882444+00:00", "RecordID": "143", "Level": "4", "UserID": "S-1-5-18", "EventData.EntryPointLength": "36", "EventData.TaskEntryPoint": "SpModel.Model.BookTileBackgroundTask", "EventData.NameLength": "30", "EventData.TaskName": "windows.preInstalledConfigTask", "EventData.Result": "2147942526"}
{"EventID": "21", "Channel": "Microsoft-Windows-BackgroundTaskInfrastructure/Operational", "Provider_Name": "Microsoft-Windows-BrokerInfrastructure", "Computer": "DESKTOP-OFJ6N53", "TimeCreated": "2023-10-12 17:09:14.046211+00:00", "RecordID": "144", "Level": "4", "UserID": "S-1-5-18", "EventData.EntryPointLength": "36", "EventData.TaskEntryPoint": "SpModel.Model.BookTileBackgroundTask", "EventData.NameLength": "0", "EventData.TaskName": null, "EventData.Result": "2147942526"}
{"EventID": "21", "Channel": "Microsoft-Windows-BackgroundTaskInfrastructure/Operational", "Provider_Name": "Microsoft-Windows-BrokerInfrastructure", "Computer": "DESKTOP-OFJ6N53", "TimeCreated": "2023-10-12 17:24:14.127182+00:00", "RecordID": "145", "Level": "4", "UserID": "S-1-5-18", "EventData.EntryPointLength": "36", "EventData.TaskEntryPoint": "SpModel.Model.BookTileBackgroundTask", "EventData.NameLength": "0", "EventData.TaskName": null, "EventData.Result": "2147942526"}
{"EventID": "6", "Channel": "Microsoft-Windows-BackgroundTaskInfrastructure/Operational", "Provider_Name": "Microsoft-Windows-BrokerInfrastructure", "Computer": "DESKTOP-OFJ6N53", "TimeCreated": "2023-10-27 14:42:06.430399+00:00", "RecordID": "146", "Level": "4", "UserID": "S-1-5-18", "EventData.PackageFullName": "Microsoft.Windows.Search_1.14.10.19041_neutral_neutral_cw5n1h2txyewy", "EventData.EntryPointLength": "57", "EventData.EntryPoint": "Windows.ApplicationModel.Core.DefaultInProcBackgroundTask", "EventData.UserSid": "S-1-5-21-963789628-1060504924-4285088085-1001"}
{"EventID": "6", "Channel": "Microsoft-Windows-BackgroundTaskInfrastructure/Operational", "Provider_Name": "Microsoft-Windows-BrokerInfrastructure", "Computer": "DESKTOP-OFJ6N53", "TimeCreated": "2023-10-27 14:42:16.159138+00:00", "RecordID": "147", "Level": "4", "UserID": "S-1-5-18", "EventData.PackageFullName": "Microsoft.Windows.Search_1.14.10.19041_neutral_neutral_cw5n1h2txyewy", "EventData.EntryPointLength": "57", "EventData.EntryPoint": "Windows.ApplicationModel.Core.DefaultInProcBackgroundTask", "EventData.UserSid": "S-1-5-21-963789628-1060504924-4285088085-1001"}
{"EventID": "6", "Channel": "Microsoft-Windows-BackgroundTaskInfrastructure/Operational", "Provider_Name": "Microsoft-Windows-BrokerInfrastructure", "Computer": "DESKTOP-OFJ6N53", "TimeCreated": "2023-11-03 02:35:51.263691+00:00", "RecordID": "148", "Level": "4", "UserID": "S-1-5-18", "EventData.PackageFullName": "Microsoft.YourPhone_1.23092.151.0_x64__8wekyb3d8bbwe", "EventData.EntryPointLength": "41", "EventData.EntryPoint": "YourPhone.Background.Tasks.BackgroundTask", "EventData.UserSid": "S-1-5-21-963789628-1060504924-4285088085-1001"}
{"EventID": "21", "Channel": "Microsoft-Windows-BackgroundTaskInfrastructure/Operational", "Provider_Name": "Microsoft-Windows-BrokerInfrastructure", "Computer": "DESKTOP-OFJ6N53", "TimeCreated": "2023-11-20 15:12:47.021961+00:00", "RecordID": "149", "Level": "4", "UserID": "S-1-5-18", "EventData.EntryPointLength": "36", "EventData.TaskEntryPoint": "SpModel.Model.BookTileBackgroundTask", "EventData.NameLength": "30", "EventData.TaskName": "windows.preInstalledConfigTask", "EventData.Result": "2147942526"}
{"EventID": "21", "Channel": "Microsoft-Windows-BackgroundTaskInfrastructure/Operational", "Provider_Name": "Microsoft-Windows-BrokerInfrastructure", "Computer": "DESKTOP-OFJ6N53", "TimeCreated": "2023-11-20 15:29:50.104458+00:00", "RecordID": "150", "Level": "4", "UserID": "S-1-5-18", "EventData.EntryPointLength": "36", "EventData.TaskEntryPoint": "SpModel.Model.BookTileBackgroundTask", "EventData.NameLength": "0", "EventData.TaskName": null, "EventData.Result": "2147942526"}
{"EventID": "21", "Channel": "Microsoft-Windows-BackgroundTaskInfrastructure/Operational", "Provider_Name": "Microsoft-Windows-BrokerInfrastructure", "Computer": "DESKTOP-OFJ6N53", "TimeCreated": "2023-11-20 15:49:50.190638+00:00", "RecordID": "151", "Level": "4", "UserID": "S-1-5-18", "EventData.EntryPointLength": "36", "EventData.TaskEntryPoint": "SpModel.Model.BookTileBackgroundTask", "EventData.NameLength": "0", "EventData.TaskName": null, "EventData.Result": "2147942526"}
{"EventID": "6", "Channel": "Microsoft-Windows-BackgroundTaskInfrastructure/Operational", "Provider_Name": "Microsoft-Windows-BrokerInfrastructure", "Computer": "DESKTOP-OFJ6N53", "TimeCreated": "2023-12-11 16:51:55.760263+00:00", "RecordID": "152", "Level": "4", "UserID": "S-1-5-18", "EventData.PackageFullName": "MicrosoftWindows.Client.CBS_1000.19053.1000.0_x64__cw5n1h2txyewy", "EventData.EntryPointLength": "38", "EventData.EntryPoint": "IrisService.BackgroundTask.UpdateTimer", "EventData.UserSid": "S-1-5-21-963789628-1060504924-4285088085-1001"}
{"EventID": "6", "Channel": "Microsoft-Windows-BackgroundTaskInfrastructure/Operational", "Provider_Name": "Microsoft-Windows-BrokerInfrastructure", "Computer": "DESKTOP-OFJ6N53", "TimeCreated": "2023-12-12 07:27:16.819973+00:00", "RecordID": "153", "Level": "4", "UserID": "S-1-5-18", "EventData.PackageFullName": "Microsoft.YourPhone_1.23092.158.0_x64__8wekyb3d8bbwe", "EventData.EntryPointLength": "41", "EventData.EntryPoint": "YourPhone.Background.Tasks.BackgroundTask", "EventData.UserSid": "S-1-5-21-963789628-1060504924-4285088085-1001"}
{"EventID": "6", "Channel": "Microsoft-Windows-BackgroundTaskInfrastructure/Operational", "Provider_Name": "Microsoft-Windows-BrokerInfrastructure", "Computer": "DESKTOP-OFJ6N53", "TimeCreated": "2023-12-13 14:36:02.672195+00:00", "RecordID": "154", "Level": "4", "UserID": "S-1-5-18", "EventData.PackageFullName": "Microsoft.Windows.Search_1.14.10.19041_neutral_neutral_cw5n1h2txyewy", "EventData.EntryPointLength": "57", "EventData.EntryPoint": "Windows.ApplicationModel.Core.DefaultInProcBackgroundTask", "EventData.UserSid": "S-1-5-21-963789628-1060504924-4285088085-1001"}
{"EventID": "6", "Channel": "Microsoft-Windows-BackgroundTaskInfrastructure/Operational", "Provider_Name": "Microsoft-Windows-BrokerInfrastructure", "Computer": "DESKTOP-OFJ6N53", "TimeCreated": "2023-12-29 14:46:31.019093+00:00", "RecordID": "155", "Level": "4", "UserID": "S-1-5-18", "EventData.PackageFullName": "Microsoft.Windows.Search_1.14.10.19041_neutral_neutral_cw5n1h2txyewy", "EventData.EntryPointLength": "57", "EventData.EntryPoint": "Windows.ApplicationModel.Core.DefaultInProcBackgroundTask", "EventData.UserSid": "S-1-5-21-963789628-1060504924-4285088085-1001"}
{"EventID": "6", "Channel": "Microsoft-Windows-BackgroundTaskInfrastructure/Operational", "Provider_Name": "Microsoft-Windows-BrokerInfrastructure", "Computer": "DESKTOP-OFJ6N53", "TimeCreated": "2023-12-29 14:46:50.025608+00:00", "RecordID": "156", "Level": "4", "UserID": "S-1-5-18", "EventData.PackageFullName": "Microsoft.Windows.Search_1.14.10.19041_neutral_neutral_cw5n1h2txyewy", "EventData.EntryPointLength": "57", "EventData.EntryPoint": "Windows.ApplicationModel.Core.DefaultInProcBackgroundTask", "EventData.UserSid": "S-1-5-21-963789628-1060504924-4285088085-1001"}
{"EventID": "6", "Channel": "Microsoft-Windows-BackgroundTaskInfrastructure/Operational", "Provider_Name": "Microsoft-Windows-BrokerInfrastructure", "Computer": "DESKTOP-OFJ6N53", "TimeCreated": "2023-12-29 14:47:04.455008+00:00", "RecordID": "157", "Level": "4", "UserID": "S-1-5-18", "EventData.PackageFullName": "Microsoft.Windows.Search_1.14.10.19041_neutral_neutral_cw5n1h2txyewy", "EventData.EntryPointLength": "57", "EventData.EntryPoint": "Windows.ApplicationModel.Core.DefaultInProcBackgroundTask", "EventData.UserSid": "S-1-5-21-963789628-1060504924-4285088085-1001"}
{"EventID": "6", "Channel": "Microsoft-Windows-BackgroundTaskInfrastructure/Operational", "Provider_Name": "Microsoft-Windows-BrokerInfrastructure", "Computer": "DESKTOP-OFJ6N53", "TimeCreated": "2023-12-29 14:47:04.458225+00:00", "RecordID": "158", "Level": "4", "UserID": "S-1-5-18", "EventData.PackageFullName": "Microsoft.Windows.Search_1.14.10.19041_neutral_neutral_cw5n1h2txyewy", "EventData.EntryPointLength": "57", "EventData.EntryPoint": "Windows.ApplicationModel.Core.DefaultInProcBackgroundTask", "EventData.UserSid": "S-1-5-21-963789628-1060504924-4285088085-1001"}
{"EventID": "6", "Channel": "Microsoft-Windows-BackgroundTaskInfrastructure/Operational", "Provider_Name": "Microsoft-Windows-BrokerInfrastructure", "Computer": "DESKTOP-OFJ6N53", "TimeCreated": "2023-12-29 14:48:47.217588+00:00", "RecordID": "159", "Level": "4", "UserID": "S-1-5-18", "EventData.PackageFullName": "Microsoft.YourPhone_1.23102.126.0_x64__8wekyb3d8bbwe", "EventData.EntryPointLength": "41", "EventData.EntryPoint": "YourPhone.Background.Tasks.BackgroundTask", "EventData.UserSid": "S-1-5-21-963789628-1060504924-4285088085-1001"}
{"EventID": "6", "Channel": "Microsoft-Windows-BackgroundTaskInfrastructure/Operational", "Provider_Name": "Microsoft-Windows-BrokerInfrastructure", "Computer": "DESKTOP-OFJ6N53", "TimeCreated": "2023-12-29 14:48:48.587557+00:00", "RecordID": "160", "Level": "4", "UserID": "S-1-5-18", "EventData.PackageFullName": "Microsoft.YourPhone_1.23102.126.0_x64__8wekyb3d8bbwe", "EventData.EntryPointLength": "41", "EventData.EntryPoint": "YourPhone.Background.Tasks.BackgroundTask", "EventData.UserSid": "S-1-5-21-963789628-1060504924-4285088085-1001"}
{"EventID": "6", "Channel": "Microsoft-Windows-BackgroundTaskInfrastructure/Operational", "Provider_Name": "Microsoft-Windows-BrokerInfrastructure", "Computer": "DESKTOP-OFJ6N53", "TimeCreated": "2024-01-10 15:00:35.600912+00:00", "RecordID": "161", "Level": "4", "UserID": "S-1-5-18", "EventData.PackageFullName": "Microsoft.Windows.Search_1.14.10.19041_neutral_neutral_cw5n1h2txyewy", "EventData.EntryPointLength": "57", "EventData.EntryPoint": "Windows.ApplicationModel.Core.DefaultInProcBackgroundTask", "EventData.UserSid": "S-1-5-21-963789628-1060504924-4285088085-1001"}
{"EventID": "6", "Channel": "Microsoft-Windows-BackgroundTaskInfrastructure/Operational", "Provider_Name": "Microsoft-Windows-BrokerInfrastructure", "Computer": "DESKTOP-OFJ6N53", "TimeCreated": "2024-01-10 15:00:43.226330+00:00", "RecordID": "162", "Level": "4", "UserID": "S-1-5-18", "EventData.PackageFullName": "Microsoft.Windows.Search_1.14.10.19041_neutral_neutral_cw5n1h2txyewy", "EventData.EntryPointLength": "57", "EventData.EntryPoint": "Windows.ApplicationModel.Core.DefaultInProcBackgroundTask", "EventData.UserSid": "S-1-5-21-963789628-1060504924-4285088085-1001"}
{"EventID": "6", "Channel": "Microsoft-Windows-BackgroundTaskInfrastructure/Operational", "Provider_Name": "Microsoft-Windows-BrokerInfrastructure", "Computer": "DESKTOP-OFJ6N53", "TimeCreated": "2024-01-10 15:02:31.697500+00:00", "RecordID": "163", "Level": "4", "UserID": "S-1-5-18", "EventData.PackageFullName": "Microsoft.Windows.Search_1.14.10.19041_neutral_neutral_cw5n1h2txyewy", "EventData.EntryPointLength": "57", "EventData.EntryPoint": "Windows.ApplicationModel.Core.DefaultInProcBackgroundTask", "EventData.UserSid": "S-1-5-21-963789628-1060504924-4285088085-1001"}
{"EventID": "6", "Channel": "Microsoft-Windows-BackgroundTaskInfrastructure/Operational", "Provider_Name": "Microsoft-Windows-BrokerInfrastructure", "Computer": "DESKTOP-OFJ6N53", "TimeCreated": "2024-01-16 11:10:47.490509+00:00", "RecordID": "164", "Level": "4", "UserID": "S-1-5-18", "EventData.PackageFullName": "Microsoft.Windows.Search_1.14.10.19041_neutral_neutral_cw5n1h2txyewy", "EventData.EntryPointLength": "57", "EventData.EntryPoint": "Windows.ApplicationModel.Core.DefaultInProcBackgroundTask", "EventData.UserSid": "S-1-5-21-963789628-1060504924-4285088085-1001"}
{"EventID": "6", "Channel": "Microsoft-Windows-BackgroundTaskInfrastructure/Operational", "Provider_Name": "Microsoft-Windows-BrokerInfrastructure", "Computer": "DESKTOP-OFJ6N53", "TimeCreated": "2024-01-17 14:58:45.713036+00:00", "RecordID": "165", "Level": "4", "UserID": "S-1-5-18", "EventData.PackageFullName": "Microsoft.YourPhone_1.23102.126.0_x64__8wekyb3d8bbwe", "EventData.EntryPointLength": "41", "EventData.EntryPoint": "YourPhone.Background.Tasks.BackgroundTask", "EventData.UserSid": "S-1-5-21-963789628-1060504924-4285088085-1001"}
{"EventID": "6", "Channel": "Microsoft-Windows-BackgroundTaskInfrastructure/Operational", "Provider_Name": "Microsoft-Windows-BrokerInfrastructure", "Computer": "DESKTOP-OFJ6N53", "TimeCreated": "2024-01-18 09:44:45.456194+00:00", "RecordID": "166", "Level": "4", "UserID": "S-1-5-18", "EventData.PackageFullName": "Microsoft.Windows.Search_1.14.10.19041_neutral_neutral_cw5n1h2txyewy", "EventData.EntryPointLength": "57", "EventData.EntryPoint": "Windows.ApplicationModel.Core.DefaultInProcBackgroundTask", "EventData.UserSid": "S-1-5-21-963789628-1060504924-4285088085-1001"}
{"EventID": "6", "Channel": "Microsoft-Windows-BackgroundTaskInfrastructure/Operational", "Provider_Name": "Microsoft-Windows-BrokerInfrastructure", "Computer": "DESKTOP-OFJ6N53", "TimeCreated": "2024-01-25 16:09:18.076298+00:00", "RecordID": "167", "Level": "4", "UserID": "S-1-5-18", "EventData.PackageFullName": "Microsoft.YourPhone_1.23112.87.0_x64__8wekyb3d8bbwe", "EventData.EntryPointLength": "41", "EventData.EntryPoint": "YourPhone.Background.Tasks.BackgroundTask", "EventData.UserSid": "S-1-5-21-963789628-1060504924-4285088085-1001"}
{"EventID": "6", "Channel": "Microsoft-Windows-BackgroundTaskInfrastructure/Operational", "Provider_Name": "Microsoft-Windows-BrokerInfrastructure", "Computer": "DESKTOP-OFJ6N53", "TimeCreated": "2024-02-09 03:57:31.108521+00:00", "RecordID": "168", "Level": "4", "UserID": "S-1-5-18", "EventData.PackageFullName": "Microsoft.YourPhone_1.23122.73.0_x64__8wekyb3d8bbwe", "EventData.EntryPointLength": "41", "EventData.EntryPoint": "YourPhone.Background.Tasks.BackgroundTask", "EventData.UserSid": "S-1-5-21-963789628-1060504924-4285088085-1001"}
{"EventID": "6", "Channel": "Microsoft-Windows-BackgroundTaskInfrastructure/Operational", "Provider_Name": "Microsoft-Windows-BrokerInfrastructure", "Computer": "DESKTOP-OFJ6N53", "TimeCreated": "2024-02-15 15:30:52.149963+00:00", "RecordID": "169", "Level": "4", "UserID": "S-1-5-18", "EventData.PackageFullName": "Microsoft.Windows.Search_1.14.12.19041_neutral_neutral_cw5n1h2txyewy", "EventData.EntryPointLength": "57", "EventData.EntryPoint": "Windows.ApplicationModel.Core.DefaultInProcBackgroundTask", "EventData.UserSid": "S-1-5-21-963789628-1060504924-4285088085-1001"}
{"EventID": "6", "Channel": "Microsoft-Windows-BackgroundTaskInfrastructure/Operational", "Provider_Name": "Microsoft-Windows-BrokerInfrastructure", "Computer": "DESKTOP-OFJ6N53", "TimeCreated": "2024-02-15 15:31:15.848082+00:00", "RecordID": "170", "Level": "4", "UserID": "S-1-5-18", "EventData.PackageFullName": "Microsoft.Windows.Search_1.14.12.19041_neutral_neutral_cw5n1h2txyewy", "EventData.EntryPointLength": "57", "EventData.EntryPoint": "Windows.ApplicationModel.Core.DefaultInProcBackgroundTask", "EventData.UserSid": "S-1-5-21-963789628-1060504924-4285088085-1001"}
{"EventID": "6", "Channel": "Microsoft-Windows-BackgroundTaskInfrastructure/Operational", "Provider_Name": "Microsoft-Windows-BrokerInfrastructure", "Computer": "DESKTOP-OFJ6N53", "TimeCreated": "2024-03-06 13:16:58.732710+00:00", "RecordID": "171", "Level": "4", "UserID": "S-1-5-18", "EventData.PackageFullName": "Microsoft.YourPhone_1.24021.105.0_x64__8wekyb3d8bbwe", "EventData.EntryPointLength": "41", "EventData.EntryPoint": "YourPhone.Background.Tasks.BackgroundTask", "EventData.UserSid": "S-1-5-21-963789628-1060504924-4285088085-1001"}
{"EventID": "6", "Channel": "Microsoft-Windows-BackgroundTaskInfrastructure/Operational", "Provider_Name": "Microsoft-Windows-BrokerInfrastructure", "Computer": "DESKTOP-OFJ6N53", "TimeCreated": "2024-03-06 18:17:44.745333+00:00", "RecordID": "172", "Level": "4", "UserID": "S-1-5-18", "EventData.PackageFullName": "Microsoft.Windows.Search_1.14.12.19041_neutral_neutral_cw5n1h2txyewy", "EventData.EntryPointLength": "57", "EventData.EntryPoint": "Windows.ApplicationModel.Core.DefaultInProcBackgroundTask", "EventData.UserSid": "S-1-5-21-963789628-1060504924-4285088085-1001"}
{"EventID": "6", "Channel": "Microsoft-Windows-BackgroundTaskInfrastructure/Operational", "Provider_Name": "Microsoft-Windows-BrokerInfrastructure", "Computer": "DESKTOP-OFJ6N53", "TimeCreated": "2024-03-06 18:17:44.747786+00:00", "RecordID": "173", "Level": "4", "UserID": "S-1-5-18", "EventData.PackageFullName": "Microsoft.Windows.Search_1.14.12.19041_neutral_neutral_cw5n1h2txyewy", "EventData.EntryPointLength": "57", "EventData.EntryPoint": "Windows.ApplicationModel.Core.DefaultInProcBackgroundTask", "EventData.UserSid": "S-1-5-21-963789628-1060504924-4285088085-1001"}
{"EventID": "6", "Channel": "Microsoft-Windows-BackgroundTaskInfrastructure/Operational", "Provider_Name": "Microsoft-Windows-BrokerInfrastructure", "Computer": "DESKTOP-OFJ6N53", "TimeCreated": "2024-03-06 18:17:44.752335+00:00", "RecordID": "174", "Level": "4", "UserID": "S-1-5-18", "EventData.PackageFullName": "Microsoft.Windows.Search_1.14.12.19041_neutral_neutral_cw5n1h2txyewy", "EventData.EntryPointLength": "57", "EventData.EntryPoint": "Windows.ApplicationModel.Core.DefaultInProcBackgroundTask", "EventData.UserSid": "S-1-5-21-963789628-1060504924-4285088085-1001"}
{"EventID": "6", "Channel": "Microsoft-Windows-BackgroundTaskInfrastructure/Operational", "Provider_Name": "Microsoft-Windows-BrokerInfrastructure", "Computer": "DESKTOP-OFJ6N53", "TimeCreated": "2024-03-06 18:17:50.318102+00:00", "RecordID": "175", "Level": "4", "UserID": "S-1-5-18", "EventData.PackageFullName": "Microsoft.Windows.Search_1.14.12.19041_neutral_neutral_cw5n1h2txyewy", "EventData.EntryPointLength": "57", "EventData.EntryPoint": "Windows.ApplicationModel.Core.DefaultInProcBackgroundTask", "EventData.UserSid": "S-1-5-21-963789628-1060504924-4285088085-1001"}
{"EventID": "6", "Channel": "Microsoft-Windows-BackgroundTaskInfrastructure/Operational", "Provider_Name": "Microsoft-Windows-BrokerInfrastructure", "Computer": "DESKTOP-OFJ6N53", "TimeCreated": "2024-03-06 18:18:18.105774+00:00", "RecordID": "176", "Level": "4", "UserID": "S-1-5-18", "EventData.PackageFullName": "Microsoft.Windows.Search_1.14.12.19041_neutral_neutral_cw5n1h2txyewy", "EventData.EntryPointLength": "57", "EventData.EntryPoint": "Windows.ApplicationModel.Core.DefaultInProcBackgroundTask", "EventData.UserSid": "S-1-5-21-963789628-1060504924-4285088085-1001"}
{"EventID": "6", "Channel": "Microsoft-Windows-BackgroundTaskInfrastructure/Operational", "Provider_Name": "Microsoft-Windows-BrokerInfrastructure", "Computer": "DESKTOP-OFJ6N53", "TimeCreated": "2024-03-06 18:18:37.369759+00:00", "RecordID": "177", "Level": "4", "UserID": "S-1-5-18", "EventData.PackageFullName": "Microsoft.Windows.Search_1.14.12.19041_neutral_neutral_cw5n1h2txyewy", "EventData.EntryPointLength": "57", "EventData.EntryPoint": "Windows.ApplicationModel.Core.DefaultInProcBackgroundTask", "EventData.UserSid": "S-1-5-21-963789628-1060504924-4285088085-1001"}
{"EventID": "6", "Channel": "Microsoft-Windows-BackgroundTaskInfrastructure/Operational", "Provider_Name": "Microsoft-Windows-BrokerInfrastructure", "Computer": "DESKTOP-OFJ6N53", "TimeCreated": "2024-03-06 18:18:37.370087+00:00", "RecordID": "178", "Level": "4", "UserID": "S-1-5-18", "EventData.PackageFullName": "Microsoft.Windows.Search_1.14.12.19041_neutral_neutral_cw5n1h2txyewy", "EventData.EntryPointLength": "57", "EventData.EntryPoint": "Windows.ApplicationModel.Core.DefaultInProcBackgroundTask", "EventData.UserSid": "S-1-5-21-963789628-1060504924-4285088085-1001"}
{"EventID": "6", "Channel": "Microsoft-Windows-BackgroundTaskInfrastructure/Operational", "Provider_Name": "Microsoft-Windows-BrokerInfrastructure", "Computer": "DESKTOP-OFJ6N53", "TimeCreated": "2024-04-12 02:57:08.524502+00:00", "RecordID": "179", "Level": "4", "UserID": "S-1-5-18", "EventData.PackageFullName": "Microsoft.Windows.Search_1.14.13.19041_neutral_neutral_cw5n1h2txyewy", "EventData.EntryPointLength": "57", "EventData.EntryPoint": "Windows.ApplicationModel.Core.DefaultInProcBackgroundTask", "EventData.UserSid": "S-1-5-21-963789628-1060504924-4285088085-1001"}
