{"EventID": "1002", "Channel": "Microsoft-Windows-Known Folders API Service", "Provider_Name": "Microsoft-Windows-KnownFolders", "Computer": "DESKTOP-OFJ6N53", "TimeCreated": "2025-04-02 10:17:19.843840+00:00", "RecordID": "140282", "Level": "3", "UserID": "S-1-5-18", "EventData.hrError": "0x80070002", "EventData.FolderId": "{fdd39ad0-238f-46af-adb4-6c85480369c7}", "EventData.Path": "C:\\Windows\\system32\\config\\systemprofile\\Documents"}
{"EventID": "1002", "Channel": "Microsoft-Windows-Known Folders API Service", "Provider_Name": "Microsoft-Windows-KnownFolders", "Computer": "DESKTOP-OFJ6N53", "TimeCreated": "2025-04-02 10:17:25.114716+00:00", "RecordID": "140283", "Level": "3", "UserID": "S-1-5-18", "EventData.hrError": "0x80070002", "EventData.FolderId": "{fdd39ad0-238f-46af-adb4-6c85480369c7}", "EventData.Path": "C:\\Windows\\system32\\config\\systemprofile\\Documents"}
{"EventID": "1002", "Channel": "Microsoft-Windows-Known Folders API Service", "Provider_Name": "Microsoft-Windows-KnownFolders", "Computer": "DESKTOP-OFJ6N53", "TimeCreated": "2025-04-02 10:17:30.523067+00:00", "RecordID": "140284", "Level": "3", "UserID": "S-1-5-18", "EventData.hrError": "0x80070003", "EventData.FolderId": "{b97d20bb-f46a-4c97-ba10-5e3608430854}", "EventData.Path": "C:\\Windows\\system32\\config\\systemprofile\\AppData\\Roaming\\Microsoft\\Windows\\Start Menu\\Programs\\Startup"}
{"EventID": "1002", "Channel": "Microsoft-Windows-Known Folders API Service", "Provider_Name": "Microsoft-Windows-KnownFolders", "Computer": "DESKTOP-OFJ6N53", "TimeCreated": "2025-04-02 10:17:30.523430+00:00", "RecordID": "140285", "Level": "3", "UserID": "S-1-5-18", "EventData.hrError": "0x80070002", "EventData.FolderId": "{1777f761-68ad-4d8a-87bd-30b759fa33dd}", "EventData.Path": "C:\\Windows\\system32\\config\\systemprofile\\Favorites"}
{"EventID": "1002", "Channel": "Microsoft-Windows-Known Folders API Service", "Provider_Name": "Microsoft-Windows-KnownFolders", "Computer": "DESKTOP-OFJ6N53", "TimeCreated": "2025-04-02 10:31:06.912416+00:00", "RecordID": "140286", "Level": "3", "UserID": "S-1-5-18", "EventData.hrError": "0x80070002", "EventData.FolderId": "{fdd39ad0-238f-46af-adb4-6c85480369c7}", "EventData.Path": "C:\\Windows\\system32\\config\\systemprofile\\Documents"}
{"EventID": "1002", "Channel": "Microsoft-Windows-Known Folders API Service", "Provider_Name": "Microsoft-Windows-KnownFolders", "Computer": "DESKTOP-OFJ6N53", "TimeCreated": "2025-04-02 10:34:26.419569+00:00", "RecordID": "140287", "Level": "3", "UserID": "S-1-5-18", "EventData.hrError": "0x80070002", "EventData.FolderId": "{b4bfcc3a-db2c-424c-b029-7fe99a87c641}", "EventData.Path": "C:\\Windows\\system32\\config\\systemprofile\\Desktop"}
{"EventID": "1002", "Channel": "Microsoft-Windows-Known Folders API Service", "Provider_Name": "Microsoft-Windows-KnownFolders", "Computer": "DESKTOP-OFJ6N53", "TimeCreated": "2025-04-02 10:34:26.706369+00:00", "RecordID": "140288", "Level": "3", "UserID": "S-1-5-18", "EventData.hrError": "0x80070002", "EventData.FolderId": "{b4bfcc3a-db2c-424c-b029-7fe99a87c641}", "EventData.Path": "C:\\Windows\\system32\\config\\systemprofile\\Desktop"}
{"EventID": "1002", "Channel": "Microsoft-Windows-Known Folders API Service", "Provider_Name": "Microsoft-Windows-KnownFolders", "Computer": "DESKTOP-OFJ6N53", "TimeCreated": "2025-04-02 10:34:28.210085+00:00", "RecordID": "140289", "Level": "3", "UserID": "S-1-5-18", "EventData.hrError": "0x80070002", "EventData.FolderId": "{b4bfcc3a-db2c-424c-b029-7fe99a87c641}", "EventData.Path": "C:\\Windows\\system32\\config\\systemprofile\\Desktop"}
{"EventID": "1002", "Channel": "Microsoft-Windows-Known Folders API Service", "Provider_Name": "Microsoft-Windows-KnownFolders", "Computer": "DESKTOP-OFJ6N53", "TimeCreated": "2025-04-02 10:34:28.688221+00:00", "RecordID": "140290", "Level": "3", "UserID": "S-1-5-18", "EventData.hrError": "0x80070002", "EventData.FolderId": "{b4bfcc3a-db2c-424c-b029-7fe99a87c641}", "EventData.Path": "C:\\Windows\\system32\\config\\systemprofile\\Desktop"}
{"EventID": "1002", "Channel": "Microsoft-Windows-Known Folders API Service", "Provider_Name": "Microsoft-Windows-KnownFolders", "Computer": "DESKTOP-OFJ6N53", "TimeCreated": "2025-04-02 10:35:09.079466+00:00", "RecordID": "140291", "Level": "3", "UserID": "S-1-5-18", "EventData.hrError": "0x80070002", "EventData.FolderId": "{fdd39ad0-238f-46af-adb4-6c85480369c7}", "EventData.Path": "C:\\Windows\\system32\\config\\systemprofile\\Documents"}
{"EventID": "1002", "Channel": "Microsoft-Windows-Known Folders API Service", "Provider_Name": "Microsoft-Windows-KnownFolders", "Computer": "DESKTOP-OFJ6N53", "TimeCreated": "2025-04-02 10:35:14.494066+00:00", "RecordID": "140292", "Level": "3", "UserID": "S-1-5-18", "EventData.hrError": "0x80070002", "EventData.FolderId": "{fdd39ad0-238f-46af-adb4-6c85480369c7}", "EventData.Path": "C:\\Windows\\system32\\config\\systemprofile\\Documents"}
{"EventID": "1002", "Channel": "Microsoft-Windows-Known Folders API Service", "Provider_Name": "Microsoft-Windows-KnownFolders", "Computer": "DESKTOP-OFJ6N53", "TimeCreated": "2025-04-02 10:35:16.751987+00:00", "RecordID": "140293", "Level": "3", "UserID": "S-1-5-18", "EventData.hrError": "0x80070003", "EventData.FolderId": "{b97d20bb-f46a-4c97-ba10-5e3608430854}", "EventData.Path": "C:\\Windows\\system32\\config\\systemprofile\\AppData\\Roaming\\Microsoft\\Windows\\Start Menu\\Programs\\Startup"}
{"EventID": "1002", "Channel": "Microsoft-Windows-Known Folders API Service", "Provider_Name": "Microsoft-Windows-KnownFolders", "Computer": "DESKTOP-OFJ6N53", "TimeCreated": "2025-04-02 10:35:16.752403+00:00", "RecordID": "140294", "Level": "3", "UserID": "S-1-5-18", "EventData.hrError": "0x80070002", "EventData.FolderId": "{1777f761-68ad-4d8a-87bd-30b759fa33dd}", "EventData.Path": "C:\\Windows\\system32\\config\\systemprofile\\Favorites"}
{"EventID": "1002", "Channel": "Microsoft-Windows-Known Folders API Service", "Provider_Name": "Microsoft-Windows-KnownFolders", "Computer": "DESKTOP-OFJ6N53", "TimeCreated": "2025-04-02 10:38:03.261869+00:00", "RecordID": "140295", "Level": "3", "UserID": "S-1-5-18", "EventData.hrError": "0x80070002", "EventData.FolderId": "{fdd39ad0-238f-46af-adb4-6c85480369c7}", "EventData.Path": "C:\\Windows\\system32\\config\\systemprofile\\Documents"}
{"EventID": "1002", "Channel": "Microsoft-Windows-Known Folders API Service", "Provider_Name": "Microsoft-Windows-KnownFolders", "Computer": "DESKTOP-OFJ6N53", "TimeCreated": "2025-04-02 10:38:18.302139+00:00", "RecordID": "140296", "Level": "3", "UserID": "S-1-5-18", "EventData.hrError": "0x80070002", "EventData.FolderId": "{1777f761-68ad-4d8a-87bd-30b759fa33dd}", "EventData.Path": "C:\\Windows\\system32\\config\\systemprofile\\Favorites"}
{"EventID": "1002", "Channel": "Microsoft-Windows-Known Folders API Service", "Provider_Name": "Microsoft-Windows-KnownFolders", "Computer": "DESKTOP-OFJ6N53", "TimeCreated": "2025-04-02 10:38:18.302536+00:00", "RecordID": "140297", "Level": "3", "UserID": "S-1-5-18", "EventData.hrError": "0x80070003", "EventData.FolderId": "{625b53c3-ab48-4ec1-ba1f-a1ef4146fc19}", "EventData.Path": "C:\\Windows\\system32\\config\\systemprofile\\AppData\\Roaming\\Microsoft\\Windows\\Start Menu"}
{"EventID": "1002", "Channel": "Microsoft-Windows-Known Folders API Service", "Provider_Name": "Microsoft-Windows-KnownFolders", "Computer": "DESKTOP-OFJ6N53", "TimeCreated": "2025-04-02 10:38:18.303043+00:00", "RecordID": "140298", "Level": "3", "UserID": "S-1-5-18", "EventData.hrError": "0x80070002", "EventData.FolderId": "{fdd39ad0-238f-46af-adb4-6c85480369c7}", "EventData.Path": "C:\\Windows\\system32\\config\\systemprofile\\Documents"}
{"EventID": "1002", "Channel": "Microsoft-Windows-Known Folders API Service", "Provider_Name": "Microsoft-Windows-KnownFolders", "Computer": "DESKTOP-OFJ6N53", "TimeCreated": "2025-04-02 10:38:18.303492+00:00", "RecordID": "140299", "Level": "3", "UserID": "S-1-5-18", "EventData.hrError": "0x80070002", "EventData.FolderId": "{b4bfcc3a-db2c-424c-b029-7fe99a87c641}", "EventData.Path": "C:\\Windows\\system32\\config\\systemprofile\\Desktop"}
{"EventID": "1002", "Channel": "Microsoft-Windows-Known Folders API Service", "Provider_Name": "Microsoft-Windows-KnownFolders", "Computer": "DESKTOP-OFJ6N53", "TimeCreated": "2025-04-03 01:08:21.134233+00:00", "RecordID": "140300", "Level": "3", "UserID": "S-1-5-18", "EventData.hrError": "0x80070002", "EventData.FolderId": "{fdd39ad0-238f-46af-adb4-6c85480369c7}", "EventData.Path": "C:\\Windows\\system32\\config\\systemprofile\\Documents"}
{"EventID": "1002", "Channel": "Microsoft-Windows-Known Folders API Service", "Provider_Name": "Microsoft-Windows-KnownFolders", "Computer": "DESKTOP-OFJ6N53", "TimeCreated": "2025-04-03 01:08:22.089174+00:00", "RecordID": "140301", "Level": "3", "UserID": "S-1-5-18", "EventData.hrError": "0x80070002", "EventData.FolderId": "{fdd39ad0-238f-46af-adb4-6c85480369c7}", "EventData.Path": "C:\\Windows\\system32\\config\\systemprofile\\Documents"}
{"EventID": "1002", "Channel": "Microsoft-Windows-Known Folders API Service", "Provider_Name": "Microsoft-Windows-KnownFolders", "Computer": "DESKTOP-OFJ6N53", "TimeCreated": "2025-04-03 01:08:28.935312+00:00", "RecordID": "140302", "Level": "3", "UserID": "S-1-5-18", "EventData.hrError": "0x80070002", "EventData.FolderId": "{fdd39ad0-238f-46af-adb4-6c85480369c7}", "EventData.Path": "C:\\Windows\\system32\\config\\systemprofile\\Documents"}
{"EventID": "1002", "Channel": "Microsoft-Windows-Known Folders API Service", "Provider_Name": "Microsoft-Windows-KnownFolders", "Computer": "DESKTOP-OFJ6N53", "TimeCreated": "2025-04-03 01:08:30.337366+00:00", "RecordID": "140303", "Level": "3", "UserID": "S-1-5-18", "EventData.hrError": "0x80070002", "EventData.FolderId": "{fdd39ad0-238f-46af-adb4-6c85480369c7}", "EventData.Path": "C:\\Windows\\system32\\config\\systemprofile\\Documents"}
{"EventID": "1002", "Channel": "Microsoft-Windows-Known Folders API Service", "Provider_Name": "Microsoft-Windows-KnownFolders", "Computer": "DESKTOP-OFJ6N53", "TimeCreated": "2025-04-03 06:59:43.448103+00:00", "RecordID": "140304", "Level": "3", "UserID": "S-1-5-18", "EventData.hrError": "0x80070002", "EventData.FolderId": "{b4bfcc3a-db2c-424c-b029-7fe99a87c641}", "EventData.Path": "C:\\Windows\\system32\\config\\systemprofile\\Desktop"}
{"EventID": "1002", "Channel": "Microsoft-Windows-Known Folders API Service", "Provider_Name": "Microsoft-Windows-KnownFolders", "Computer": "DESKTOP-OFJ6N53", "TimeCreated": "2025-04-03 06:59:44.419142+00:00", "RecordID": "140305", "Level": "3", "UserID": "S-1-5-18", "EventData.hrError": "0x80070002", "EventData.FolderId": "{b4bfcc3a-db2c-424c-b029-7fe99a87c641}", "EventData.Path": "C:\\Windows\\system32\\config\\systemprofile\\Desktop"}
{"EventID": "1002", "Channel": "Microsoft-Windows-Known Folders API Service", "Provider_Name": "Microsoft-Windows-KnownFolders", "Computer": "DESKTOP-OFJ6N53", "TimeCreated": "2025-04-04 00:27:34.801538+00:00", "RecordID": "140306", "Level": "3", "UserID": "S-1-5-18", "EventData.hrError": "0x80070002", "EventData.FolderId": "{fdd39ad0-238f-46af-adb4-6c85480369c7}", "EventData.Path": "C:\\Windows\\system32\\config\\systemprofile\\Documents"}
{"EventID": "1002", "Channel": "Microsoft-Windows-Known Folders API Service", "Provider_Name": "Microsoft-Windows-KnownFolders", "Computer": "DESKTOP-OFJ6N53", "TimeCreated": "2025-04-04 00:27:36.436096+00:00", "RecordID": "140307", "Level": "3", "UserID": "S-1-5-18", "EventData.hrError": "0x80070002", "EventData.FolderId": "{fdd39ad0-238f-46af-adb4-6c85480369c7}", "EventData.Path": "C:\\Windows\\system32\\config\\systemprofile\\Documents"}
{"EventID": "1002", "Channel": "Microsoft-Windows-Known Folders API Service", "Provider_Name": "Microsoft-Windows-KnownFolders", "Computer": "DESKTOP-OFJ6N53", "TimeCreated": "2025-04-04 00:27:44.126997+00:00", "RecordID": "140308", "Level": "3", "UserID": "S-1-5-18", "EventData.hrError": "0x80070002", "EventData.FolderId": "{fdd39ad0-238f-46af-adb4-6c85480369c7}", "EventData.Path": "C:\\Windows\\system32\\config\\systemprofile\\Documents"}
{"EventID": "1002", "Channel": "Microsoft-Windows-Known Folders API Service", "Provider_Name": "Microsoft-Windows-KnownFolders", "Computer": "DESKTOP-OFJ6N53", "TimeCreated": "2025-04-04 00:27:46.068741+00:00", "RecordID": "140309", "Level": "3", "UserID": "S-1-5-18", "EventData.hrError": "0x80070002", "EventData.FolderId": "{fdd39ad0-238f-46af-adb4-6c85480369c7}", "EventData.Path": "C:\\Windows\\system32\\config\\systemprofile\\Documents"}
{"EventID": "1002", "Channel": "Microsoft-Windows-Known Folders API Service", "Provider_Name": "Microsoft-Windows-KnownFolders", "Computer": "DESKTOP-OFJ6N53", "TimeCreated": "2025-04-05 01:29:22.421423+00:00", "RecordID": "140310", "Level": "3", "UserID": "S-1-5-18", "EventData.hrError": "0x80070002", "EventData.FolderId": "{fdd39ad0-238f-46af-adb4-6c85480369c7}", "EventData.Path": "C:\\Windows\\system32\\config\\systemprofile\\Documents"}
{"EventID": "1002", "Channel": "Microsoft-Windows-Known Folders API Service", "Provider_Name": "Microsoft-Windows-KnownFolders", "Computer": "DESKTOP-OFJ6N53", "TimeCreated": "2025-04-05 01:29:24.363285+00:00", "RecordID": "140311", "Level": "3", "UserID": "S-1-5-18", "EventData.hrError": "0x80070002", "EventData.FolderId": "{fdd39ad0-238f-46af-adb4-6c85480369c7}", "EventData.Path": "C:\\Windows\\system32\\config\\systemprofile\\Documents"}
{"EventID": "1002", "Channel": "Microsoft-Windows-Known Folders API Service", "Provider_Name": "Microsoft-Windows-KnownFolders", "Computer": "DESKTOP-OFJ6N53", "TimeCreated": "2025-04-05 01:29:31.069777+00:00", "RecordID": "140312", "Level": "3", "UserID": "S-1-5-18", "EventData.hrError": "0x80070002", "EventData.FolderId": "{fdd39ad0-238f-46af-adb4-6c85480369c7}", "EventData.Path": "C:\\Windows\\system32\\config\\systemprofile\\Documents"}
{"EventID": "1002", "Channel": "Microsoft-Windows-Known Folders API Service", "Provider_Name": "Microsoft-Windows-KnownFolders", "Computer": "DESKTOP-OFJ6N53", "TimeCreated": "2025-04-05 01:29:32.417919+00:00", "RecordID": "140313", "Level": "3", "UserID": "S-1-5-18", "EventData.hrError": "0x80070002", "EventData.FolderId": "{fdd39ad0-238f-46af-adb4-6c85480369c7}", "EventData.Path": "C:\\Windows\\system32\\config\\systemprofile\\Documents"}
{"EventID": "1002", "Channel": "Microsoft-Windows-Known Folders API Service", "Provider_Name": "Microsoft-Windows-KnownFolders", "Computer": "DESKTOP-OFJ6N53", "TimeCreated": "2025-04-06 01:23:52.259209+00:00", "RecordID": "140314", "Level": "3", "UserID": "S-1-5-18", "EventData.hrError": "0x80070002", "EventData.FolderId": "{fdd39ad0-238f-46af-adb4-6c85480369c7}", "EventData.Path": "C:\\Windows\\system32\\config\\systemprofile\\Documents"}
{"EventID": "1002", "Channel": "Microsoft-Windows-Known Folders API Service", "Provider_Name": "Microsoft-Windows-KnownFolders", "Computer": "DESKTOP-OFJ6N53", "TimeCreated": "2025-04-06 01:23:54.416098+00:00", "RecordID": "140315", "Level": "3", "UserID": "S-1-5-18", "EventData.hrError": "0x80070002", "EventData.FolderId": "{fdd39ad0-238f-46af-adb4-6c85480369c7}", "EventData.Path": "C:\\Windows\\system32\\config\\systemprofile\\Documents"}
{"EventID": "1002", "Channel": "Microsoft-Windows-Known Folders API Service", "Provider_Name": "Microsoft-Windows-KnownFolders", "Computer": "DESKTOP-OFJ6N53", "TimeCreated": "2025-04-06 01:24:01.858820+00:00", "RecordID": "140316", "Level": "3", "UserID": "S-1-5-18", "EventData.hrError": "0x80070002", "EventData.FolderId": "{fdd39ad0-238f-46af-adb4-6c85480369c7}", "EventData.Path": "C:\\Windows\\system32\\config\\systemprofile\\Documents"}
{"EventID": "1002", "Channel": "Microsoft-Windows-Known Folders API Service", "Provider_Name": "Microsoft-Windows-KnownFolders", "Computer": "DESKTOP-OFJ6N53", "TimeCreated": "2025-04-06 01:24:03.974571+00:00", "RecordID": "140317", "Level": "3", "UserID": "S-1-5-18", "EventData.hrError": "0x80070002", "EventData.FolderId": "{fdd39ad0-238f-46af-adb4-6c85480369c7}", "EventData.Path": "C:\\Windows\\system32\\config\\systemprofile\\Documents"}
{"EventID": "1002", "Channel": "Microsoft-Windows-Known Folders API Service", "Provider_Name": "Microsoft-Windows-KnownFolders", "Computer": "DESKTOP-OFJ6N53", "TimeCreated": "2025-04-06 12:19:52.131266+00:00", "RecordID": "140318", "Level": "3", "UserID": "S-1-5-18", "EventData.hrError": "0x80070002", "EventData.FolderId": "{b4bfcc3a-db2c-424c-b029-7fe99a87c641}", "EventData.Path": "C:\\Windows\\system32\\config\\systemprofile\\Desktop"}
{"EventID": "1002", "Channel": "Microsoft-Windows-Known Folders API Service", "Provider_Name": "Microsoft-Windows-KnownFolders", "Computer": "DESKTOP-OFJ6N53", "TimeCreated": "2025-04-06 12:19:53.113268+00:00", "RecordID": "140319", "Level": "3", "UserID": "S-1-5-18", "EventData.hrError": "0x80070002", "EventData.FolderId": "{b4bfcc3a-db2c-424c-b029-7fe99a87c641}", "EventData.Path": "C:\\Windows\\system32\\config\\systemprofile\\Desktop"}
{"EventID": "1002", "Channel": "Microsoft-Windows-Known Folders API Service", "Provider_Name": "Microsoft-Windows-KnownFolders", "Computer": "DESKTOP-OFJ6N53", "TimeCreated": "2025-04-06 12:19:55.978971+00:00", "RecordID": "140320", "Level": "3", "UserID": "S-1-5-18", "EventData.hrError": "0x80070002", "EventData.FolderId": "{b4bfcc3a-db2c-424c-b029-7fe99a87c641}", "EventData.Path": "C:\\Windows\\system32\\config\\systemprofile\\Desktop"}
{"EventID": "1002", "Channel": "Microsoft-Windows-Known Folders API Service", "Provider_Name": "Microsoft-Windows-KnownFolders", "Computer": "DESKTOP-OFJ6N53", "TimeCreated": "2025-04-06 12:19:56.362160+00:00", "RecordID": "140321", "Level": "3", "UserID": "S-1-5-18", "EventData.hrError": "0x80070002", "EventData.FolderId": "{b4bfcc3a-db2c-424c-b029-7fe99a87c641}", "EventData.Path": "C:\\Windows\\system32\\config\\systemprofile\\Desktop"}
{"EventID": "1002", "Channel": "Microsoft-Windows-Known Folders API Service", "Provider_Name": "Microsoft-Windows-KnownFolders", "Computer": "DESKTOP-OFJ6N53", "TimeCreated": "2025-04-07 00:11:01.119699+00:00", "RecordID": "140322", "Level": "3", "UserID": "S-1-5-18", "EventData.hrError": "0x80070002", "EventData.FolderId": "{fdd39ad0-238f-46af-adb4-6c85480369c7}", "EventData.Path": "C:\\Windows\\system32\\config\\systemprofile\\Documents"}
{"EventID": "1002", "Channel": "Microsoft-Windows-Known Folders API Service", "Provider_Name": "Microsoft-Windows-KnownFolders", "Computer": "DESKTOP-OFJ6N53", "TimeCreated": "2025-04-07 00:11:06.679491+00:00", "RecordID": "140323", "Level": "3", "UserID": "S-1-5-18", "EventData.hrError": "0x80070002", "EventData.FolderId": "{fdd39ad0-238f-46af-adb4-6c85480369c7}", "EventData.Path": "C:\\Windows\\system32\\config\\systemprofile\\Documents"}
{"EventID": "1002", "Channel": "Microsoft-Windows-Known Folders API Service", "Provider_Name": "Microsoft-Windows-KnownFolders", "Computer": "DESKTOP-OFJ6N53", "TimeCreated": "2025-04-07 00:11:13.480709+00:00", "RecordID": "140324", "Level": "3", "UserID": "S-1-5-18", "EventData.hrError": "0x80070002", "EventData.FolderId": "{fdd39ad0-238f-46af-adb4-6c85480369c7}", "EventData.Path": "C:\\Windows\\system32\\config\\systemprofile\\Documents"}
{"EventID": "1002", "Channel": "Microsoft-Windows-Known Folders API Service", "Provider_Name": "Microsoft-Windows-KnownFolders", "Computer": "DESKTOP-OFJ6N53", "TimeCreated": "2025-04-07 00:11:15.283426+00:00", "RecordID": "140325", "Level": "3", "UserID": "S-1-5-18", "EventData.hrError": "0x80070002", "EventData.FolderId": "{fdd39ad0-238f-46af-adb4-6c85480369c7}", "EventData.Path": "C:\\Windows\\system32\\config\\systemprofile\\Documents"}
{"EventID": "1002", "Channel": "Microsoft-Windows-Known Folders API Service", "Provider_Name": "Microsoft-Windows-KnownFolders", "Computer": "DESKTOP-OFJ6N53", "TimeCreated": "2025-04-08 00:18:58.364988+00:00", "RecordID": "140326", "Level": "3", "UserID": "S-1-5-18", "EventData.hrError": "0x80070002", "EventData.FolderId": "{fdd39ad0-238f-46af-adb4-6c85480369c7}", "EventData.Path": "C:\\Windows\\system32\\config\\systemprofile\\Documents"}
{"EventID": "1002", "Channel": "Microsoft-Windows-Known Folders API Service", "Provider_Name": "Microsoft-Windows-KnownFolders", "Computer": "DESKTOP-OFJ6N53", "TimeCreated": "2025-04-08 00:19:05.056643+00:00", "RecordID": "140327", "Level": "3", "UserID": "S-1-5-18", "EventData.hrError": "0x80070002", "EventData.FolderId": "{fdd39ad0-238f-46af-adb4-6c85480369c7}", "EventData.Path": "C:\\Windows\\system32\\config\\systemprofile\\Documents"}
{"EventID": "1002", "Channel": "Microsoft-Windows-Known Folders API Service", "Provider_Name": "Microsoft-Windows-KnownFolders", "Computer": "DESKTOP-OFJ6N53", "TimeCreated": "2025-04-08 00:19:12.074638+00:00", "RecordID": "140328", "Level": "3", "UserID": "S-1-5-18", "EventData.hrError": "0x80070002", "EventData.FolderId": "{fdd39ad0-238f-46af-adb4-6c85480369c7}", "EventData.Path": "C:\\Windows\\system32\\config\\systemprofile\\Documents"}
{"EventID": "1002", "Channel": "Microsoft-Windows-Known Folders API Service", "Provider_Name": "Microsoft-Windows-KnownFolders", "Computer": "DESKTOP-OFJ6N53", "TimeCreated": "2025-04-08 00:19:14.005146+00:00", "RecordID": "140329", "Level": "3", "UserID": "S-1-5-18", "EventData.hrError": "0x80070002", "EventData.FolderId": "{fdd39ad0-238f-46af-adb4-6c85480369c7}", "EventData.Path": "C:\\Windows\\system32\\config\\systemprofile\\Documents"}
{"EventID": "1002", "Channel": "Microsoft-Windows-Known Folders API Service", "Provider_Name": "Microsoft-Windows-KnownFolders", "Computer": "DESKTOP-OFJ6N53", "TimeCreated": "2025-04-09 00:31:23.537369+00:00", "RecordID": "140330", "Level": "3", "UserID": "S-1-5-18", "EventData.hrError": "0x80070002", "EventData.FolderId": "{fdd39ad0-238f-46af-adb4-6c85480369c7}", "EventData.Path": "C:\\Windows\\system32\\config\\systemprofile\\Documents"}
{"EventID": "1002", "Channel": "Microsoft-Windows-Known Folders API Service", "Provider_Name": "Microsoft-Windows-KnownFolders", "Computer": "DESKTOP-OFJ6N53", "TimeCreated": "2025-04-09 00:31:24.775715+00:00", "RecordID": "140331", "Level": "3", "UserID": "S-1-5-18", "EventData.hrError": "0x80070002", "EventData.FolderId": "{fdd39ad0-238f-46af-adb4-6c85480369c7}", "EventData.Path": "C:\\Windows\\system32\\config\\systemprofile\\Documents"}
{"EventID": "1002", "Channel": "Microsoft-Windows-Known Folders API Service", "Provider_Name": "Microsoft-Windows-KnownFolders", "Computer": "DESKTOP-OFJ6N53", "TimeCreated": "2025-04-09 00:31:31.315487+00:00", "RecordID": "140332", "Level": "3", "UserID": "S-1-5-18", "EventData.hrError": "0x80070002", "EventData.FolderId": "{fdd39ad0-238f-46af-adb4-6c85480369c7}", "EventData.Path": "C:\\Windows\\system32\\config\\systemprofile\\Documents"}
{"EventID": "1002", "Channel": "Microsoft-Windows-Known Folders API Service", "Provider_Name": "Microsoft-Windows-KnownFolders", "Computer": "DESKTOP-OFJ6N53", "TimeCreated": "2025-04-09 00:31:32.517065+00:00", "RecordID": "140333", "Level": "3", "UserID": "S-1-5-18", "EventData.hrError": "0x80070002", "EventData.FolderId": "{fdd39ad0-238f-46af-adb4-6c85480369c7}", "EventData.Path": "C:\\Windows\\system32\\config\\systemprofile\\Documents"}
{"EventID": "1002", "Channel": "Microsoft-Windows-Known Folders API Service", "Provider_Name": "Microsoft-Windows-KnownFolders", "Computer": "DESKTOP-OFJ6N53", "TimeCreated": "2025-04-09 14:36:10.204020+00:00", "RecordID": "140334", "Level": "3", "UserID": "S-1-5-18", "EventData.hrError": "0x80070002", "EventData.FolderId": "{b4bfcc3a-db2c-424c-b029-7fe99a87c641}", "EventData.Path": "C:\\Windows\\system32\\config\\systemprofile\\Desktop"}
{"EventID": "1002", "Channel": "Microsoft-Windows-Known Folders API Service", "Provider_Name": "Microsoft-Windows-KnownFolders", "Computer": "DESKTOP-OFJ6N53", "TimeCreated": "2025-04-09 14:36:10.908367+00:00", "RecordID": "140335", "Level": "3", "UserID": "S-1-5-18", "EventData.hrError": "0x80070002", "EventData.FolderId": "{b4bfcc3a-db2c-424c-b029-7fe99a87c641}", "EventData.Path": "C:\\Windows\\system32\\config\\systemprofile\\Desktop"}
{"EventID": "1002", "Channel": "Microsoft-Windows-Known Folders API Service", "Provider_Name": "Microsoft-Windows-KnownFolders", "Computer": "DESKTOP-OFJ6N53", "TimeCreated": "2025-04-09 14:36:12.687080+00:00", "RecordID": "140336", "Level": "3", "UserID": "S-1-5-18", "EventData.hrError": "0x80070002", "EventData.FolderId": "{b4bfcc3a-db2c-424c-b029-7fe99a87c641}", "EventData.Path": "C:\\Windows\\system32\\config\\systemprofile\\Desktop"}
{"EventID": "1002", "Channel": "Microsoft-Windows-Known Folders API Service", "Provider_Name": "Microsoft-Windows-KnownFolders", "Computer": "DESKTOP-OFJ6N53", "TimeCreated": "2025-04-09 14:36:12.880726+00:00", "RecordID": "140337", "Level": "3", "UserID": "S-1-5-18", "EventData.hrError": "0x80070002", "EventData.FolderId": "{b4bfcc3a-db2c-424c-b029-7fe99a87c641}", "EventData.Path": "C:\\Windows\\system32\\config\\systemprofile\\Desktop"}
{"EventID": "1002", "Channel": "Microsoft-Windows-Known Folders API Service", "Provider_Name": "Microsoft-Windows-KnownFolders", "Computer": "DESKTOP-OFJ6N53", "TimeCreated": "2025-04-09 14:36:53.077778+00:00", "RecordID": "140338", "Level": "3", "UserID": "S-1-5-18", "EventData.hrError": "0x80070003", "EventData.FolderId": "{b97d20bb-f46a-4c97-ba10-5e3608430854}", "EventData.Path": "C:\\Windows\\system32\\config\\systemprofile\\AppData\\Roaming\\Microsoft\\Windows\\Start Menu\\Programs\\Startup"}
{"EventID": "1002", "Channel": "Microsoft-Windows-Known Folders API Service", "Provider_Name": "Microsoft-Windows-KnownFolders", "Computer": "DESKTOP-OFJ6N53", "TimeCreated": "2025-04-09 14:36:53.078157+00:00", "RecordID": "140339", "Level": "3", "UserID": "S-1-5-18", "EventData.hrError": "0x80070002", "EventData.FolderId": "{1777f761-68ad-4d8a-87bd-30b759fa33dd}", "EventData.Path": "C:\\Windows\\system32\\config\\systemprofile\\Favorites"}
{"EventID": "1002", "Channel": "Microsoft-Windows-Known Folders API Service", "Provider_Name": "Microsoft-Windows-KnownFolders", "Computer": "DESKTOP-OFJ6N53", "TimeCreated": "2025-04-09 14:37:07.552763+00:00", "RecordID": "140340", "Level": "3", "UserID": "S-1-5-18", "EventData.hrError": "0x80070002", "EventData.FolderId": "{fdd39ad0-238f-46af-adb4-6c85480369c7}", "EventData.Path": "C:\\Windows\\system32\\config\\systemprofile\\Documents"}
{"EventID": "1002", "Channel": "Microsoft-Windows-Known Folders API Service", "Provider_Name": "Microsoft-Windows-KnownFolders", "Computer": "DESKTOP-OFJ6N53", "TimeCreated": "2025-04-09 14:37:37.401596+00:00", "RecordID": "140341", "Level": "3", "UserID": "S-1-5-18", "EventData.hrError": "0x80070002", "EventData.FolderId": "{fdd39ad0-238f-46af-adb4-6c85480369c7}", "EventData.Path": "C:\\Windows\\system32\\config\\systemprofile\\Documents"}
{"EventID": "1002", "Channel": "Microsoft-Windows-Known Folders API Service", "Provider_Name": "Microsoft-Windows-KnownFolders", "Computer": "DESKTOP-OFJ6N53", "TimeCreated": "2025-04-09 14:37:42.342463+00:00", "RecordID": "140342", "Level": "3", "UserID": "S-1-5-18", "EventData.hrError": "0x80070002", "EventData.FolderId": "{1777f761-68ad-4d8a-87bd-30b759fa33dd}", "EventData.Path": "C:\\Windows\\system32\\config\\systemprofile\\Favorites"}
{"EventID": "1002", "Channel": "Microsoft-Windows-Known Folders API Service", "Provider_Name": "Microsoft-Windows-KnownFolders", "Computer": "DESKTOP-OFJ6N53", "TimeCreated": "2025-04-09 14:37:42.342972+00:00", "RecordID": "140343", "Level": "3", "UserID": "S-1-5-18", "EventData.hrError": "0x80070003", "EventData.FolderId": "{625b53c3-ab48-4ec1-ba1f-a1ef4146fc19}", "EventData.Path": "C:\\Windows\\system32\\config\\systemprofile\\AppData\\Roaming\\Microsoft\\Windows\\Start Menu"}
{"EventID": "1002", "Channel": "Microsoft-Windows-Known Folders API Service", "Provider_Name": "Microsoft-Windows-KnownFolders", "Computer": "DESKTOP-OFJ6N53", "TimeCreated": "2025-04-09 14:37:42.343567+00:00", "RecordID": "140344", "Level": "3", "UserID": "S-1-5-18", "EventData.hrError": "0x80070002", "EventData.FolderId": "{fdd39ad0-238f-46af-adb4-6c85480369c7}", "EventData.Path": "C:\\Windows\\system32\\config\\systemprofile\\Documents"}
{"EventID": "1002", "Channel": "Microsoft-Windows-Known Folders API Service", "Provider_Name": "Microsoft-Windows-KnownFolders", "Computer": "DESKTOP-OFJ6N53", "TimeCreated": "2025-04-09 14:37:42.344376+00:00", "RecordID": "140345", "Level": "3", "UserID": "S-1-5-18", "EventData.hrError": "0x80070002", "EventData.FolderId": "{b4bfcc3a-db2c-424c-b029-7fe99a87c641}", "EventData.Path": "C:\\Windows\\system32\\config\\systemprofile\\Desktop"}
{"EventID": "1002", "Channel": "Microsoft-Windows-Known Folders API Service", "Provider_Name": "Microsoft-Windows-KnownFolders", "Computer": "DESKTOP-OFJ6N53", "TimeCreated": "2025-04-09 14:37:48.322386+00:00", "RecordID": "140346", "Level": "3", "UserID": "S-1-5-18", "EventData.hrError": "0x80070002", "EventData.FolderId": "{fdd39ad0-238f-46af-adb4-6c85480369c7}", "EventData.Path": "C:\\Windows\\system32\\config\\systemprofile\\Documents"}
{"EventID": "1002", "Channel": "Microsoft-Windows-Known Folders API Service", "Provider_Name": "Microsoft-Windows-KnownFolders", "Computer": "DESKTOP-OFJ6N53", "TimeCreated": "2025-04-10 00:53:58.291668+00:00", "RecordID": "140347", "Level": "3", "UserID": "S-1-5-18", "EventData.hrError": "0x80070002", "EventData.FolderId": "{fdd39ad0-238f-46af-adb4-6c85480369c7}", "EventData.Path": "C:\\Windows\\system32\\config\\systemprofile\\Documents"}
{"EventID": "1002", "Channel": "Microsoft-Windows-Known Folders API Service", "Provider_Name": "Microsoft-Windows-KnownFolders", "Computer": "DESKTOP-OFJ6N53", "TimeCreated": "2025-04-10 00:54:04.844313+00:00", "RecordID": "140348", "Level": "3", "UserID": "S-1-5-18", "EventData.hrError": "0x80070002", "EventData.FolderId": "{fdd39ad0-238f-46af-adb4-6c85480369c7}", "EventData.Path": "C:\\Windows\\system32\\config\\systemprofile\\Documents"}
{"EventID": "1002", "Channel": "Microsoft-Windows-Known Folders API Service", "Provider_Name": "Microsoft-Windows-KnownFolders", "Computer": "DESKTOP-OFJ6N53", "TimeCreated": "2025-04-10 00:54:10.632702+00:00", "RecordID": "140349", "Level": "3", "UserID": "S-1-5-18", "EventData.hrError": "0x80070002", "EventData.FolderId": "{fdd39ad0-238f-46af-adb4-6c85480369c7}", "EventData.Path": "C:\\Windows\\system32\\config\\systemprofile\\Documents"}
{"EventID": "1002", "Channel": "Microsoft-Windows-Known Folders API Service", "Provider_Name": "Microsoft-Windows-KnownFolders", "Computer": "DESKTOP-OFJ6N53", "TimeCreated": "2025-04-10 00:54:12.365677+00:00", "RecordID": "140350", "Level": "3", "UserID": "S-1-5-18", "EventData.hrError": "0x80070002", "EventData.FolderId": "{fdd39ad0-238f-46af-adb4-6c85480369c7}", "EventData.Path": "C:\\Windows\\system32\\config\\systemprofile\\Documents"}
{"EventID": "1002", "Channel": "Microsoft-Windows-Known Folders API Service", "Provider_Name": "Microsoft-Windows-KnownFolders", "Computer": "DESKTOP-OFJ6N53", "TimeCreated": "2025-04-10 05:53:14.350409+00:00", "RecordID": "140351", "Level": "3", "UserID": "S-1-5-18", "EventData.hrError": "0x80070002", "EventData.FolderId": "{fdd39ad0-238f-46af-adb4-6c85480369c7}", "EventData.Path": "C:\\Windows\\system32\\config\\systemprofile\\Documents"}
{"EventID": "1002", "Channel": "Microsoft-Windows-Known Folders API Service", "Provider_Name": "Microsoft-Windows-KnownFolders", "Computer": "DESKTOP-OFJ6N53", "TimeCreated": "2025-04-11 01:58:29.669750+00:00", "RecordID": "140352", "Level": "3", "UserID": "S-1-5-18", "EventData.hrError": "0x80070002", "EventData.FolderId": "{fdd39ad0-238f-46af-adb4-6c85480369c7}", "EventData.Path": "C:\\Windows\\system32\\config\\systemprofile\\Documents"}
{"EventID": "1002", "Channel": "Microsoft-Windows-Known Folders API Service", "Provider_Name": "Microsoft-Windows-KnownFolders", "Computer": "DESKTOP-OFJ6N53", "TimeCreated": "2025-04-11 01:58:32.831820+00:00", "RecordID": "140353", "Level": "3", "UserID": "S-1-5-18", "EventData.hrError": "0x80070002", "EventData.FolderId": "{fdd39ad0-238f-46af-adb4-6c85480369c7}", "EventData.Path": "C:\\Windows\\system32\\config\\systemprofile\\Documents"}
{"EventID": "1002", "Channel": "Microsoft-Windows-Known Folders API Service", "Provider_Name": "Microsoft-Windows-KnownFolders", "Computer": "DESKTOP-OFJ6N53", "TimeCreated": "2025-04-11 01:58:36.318075+00:00", "RecordID": "140354", "Level": "3", "UserID": "S-1-5-18", "EventData.hrError": "0x80070002", "EventData.FolderId": "{fdd39ad0-238f-46af-adb4-6c85480369c7}", "EventData.Path": "C:\\Windows\\system32\\config\\systemprofile\\Documents"}
{"EventID": "1002", "Channel": "Microsoft-Windows-Known Folders API Service", "Provider_Name": "Microsoft-Windows-KnownFolders", "Computer": "DESKTOP-OFJ6N53", "TimeCreated": "2025-04-11 01:58:36.889627+00:00", "RecordID": "140355", "Level": "3", "UserID": "S-1-5-18", "EventData.hrError": "0x80070002", "EventData.FolderId": "{fdd39ad0-238f-46af-adb4-6c85480369c7}", "EventData.Path": "C:\\Windows\\system32\\config\\systemprofile\\Documents"}
{"EventID": "1002", "Channel": "Microsoft-Windows-Known Folders API Service", "Provider_Name": "Microsoft-Windows-KnownFolders", "Computer": "DESKTOP-OFJ6N53", "TimeCreated": "2025-04-12 01:39:55.131952+00:00", "RecordID": "140356", "Level": "3", "UserID": "S-1-5-18", "EventData.hrError": "0x80070002", "EventData.FolderId": "{fdd39ad0-238f-46af-adb4-6c85480369c7}", "EventData.Path": "C:\\Windows\\system32\\config\\systemprofile\\Documents"}
{"EventID": "1002", "Channel": "Microsoft-Windows-Known Folders API Service", "Provider_Name": "Microsoft-Windows-KnownFolders", "Computer": "DESKTOP-OFJ6N53", "TimeCreated": "2025-04-12 01:39:58.047546+00:00", "RecordID": "140357", "Level": "3", "UserID": "S-1-5-18", "EventData.hrError": "0x80070002", "EventData.FolderId": "{fdd39ad0-238f-46af-adb4-6c85480369c7}", "EventData.Path": "C:\\Windows\\system32\\config\\systemprofile\\Documents"}
{"EventID": "1002", "Channel": "Microsoft-Windows-Known Folders API Service", "Provider_Name": "Microsoft-Windows-KnownFolders", "Computer": "DESKTOP-OFJ6N53", "TimeCreated": "2025-04-12 01:40:02.570639+00:00", "RecordID": "140358", "Level": "3", "UserID": "S-1-5-18", "EventData.hrError": "0x80070002", "EventData.FolderId": "{fdd39ad0-238f-46af-adb4-6c85480369c7}", "EventData.Path": "C:\\Windows\\system32\\config\\systemprofile\\Documents"}
{"EventID": "1002", "Channel": "Microsoft-Windows-Known Folders API Service", "Provider_Name": "Microsoft-Windows-KnownFolders", "Computer": "DESKTOP-OFJ6N53", "TimeCreated": "2025-04-12 01:40:03.118429+00:00", "RecordID": "140359", "Level": "3", "UserID": "S-1-5-18", "EventData.hrError": "0x80070002", "EventData.FolderId": "{fdd39ad0-238f-46af-adb4-6c85480369c7}", "EventData.Path": "C:\\Windows\\system32\\config\\systemprofile\\Documents"}
{"EventID": "1002", "Channel": "Microsoft-Windows-Known Folders API Service", "Provider_Name": "Microsoft-Windows-KnownFolders", "Computer": "DESKTOP-OFJ6N53", "TimeCreated": "2025-04-13 00:55:15.897583+00:00", "RecordID": "140360", "Level": "3", "UserID": "S-1-5-18", "EventData.hrError": "0x80070002", "EventData.FolderId": "{fdd39ad0-238f-46af-adb4-6c85480369c7}", "EventData.Path": "C:\\Windows\\system32\\config\\systemprofile\\Documents"}
{"EventID": "1002", "Channel": "Microsoft-Windows-Known Folders API Service", "Provider_Name": "Microsoft-Windows-KnownFolders", "Computer": "DESKTOP-OFJ6N53", "TimeCreated": "2025-04-13 00:55:19.091291+00:00", "RecordID": "140361", "Level": "3", "UserID": "S-1-5-18", "EventData.hrError": "0x80070002", "EventData.FolderId": "{fdd39ad0-238f-46af-adb4-6c85480369c7}", "EventData.Path": "C:\\Windows\\system32\\config\\systemprofile\\Documents"}
{"EventID": "1002", "Channel": "Microsoft-Windows-Known Folders API Service", "Provider_Name": "Microsoft-Windows-KnownFolders", "Computer": "DESKTOP-OFJ6N53", "TimeCreated": "2025-04-13 00:55:23.774797+00:00", "RecordID": "140362", "Level": "3", "UserID": "S-1-5-18", "EventData.hrError": "0x80070002", "EventData.FolderId": "{fdd39ad0-238f-46af-adb4-6c85480369c7}", "EventData.Path": "C:\\Windows\\system32\\config\\systemprofile\\Documents"}
{"EventID": "1002", "Channel": "Microsoft-Windows-Known Folders API Service", "Provider_Name": "Microsoft-Windows-KnownFolders", "Computer": "DESKTOP-OFJ6N53", "TimeCreated": "2025-04-13 00:55:24.350842+00:00", "RecordID": "140363", "Level": "3", "UserID": "S-1-5-18", "EventData.hrError": "0x80070002", "EventData.FolderId": "{fdd39ad0-238f-46af-adb4-6c85480369c7}", "EventData.Path": "C:\\Windows\\system32\\config\\systemprofile\\Documents"}
{"EventID": "1002", "Channel": "Microsoft-Windows-Known Folders API Service", "Provider_Name": "Microsoft-Windows-KnownFolders", "Computer": "DESKTOP-OFJ6N53", "TimeCreated": "2025-04-14 01:17:55.202909+00:00", "RecordID": "140364", "Level": "3", "UserID": "S-1-5-18", "EventData.hrError": "0x80070002", "EventData.FolderId": "{fdd39ad0-238f-46af-adb4-6c85480369c7}", "EventData.Path": "C:\\Windows\\system32\\config\\systemprofile\\Documents"}
{"EventID": "1002", "Channel": "Microsoft-Windows-Known Folders API Service", "Provider_Name": "Microsoft-Windows-KnownFolders", "Computer": "DESKTOP-OFJ6N53", "TimeCreated": "2025-04-14 01:17:59.498089+00:00", "RecordID": "140365", "Level": "3", "UserID": "S-1-5-18", "EventData.hrError": "0x80070002", "EventData.FolderId": "{fdd39ad0-238f-46af-adb4-6c85480369c7}", "EventData.Path": "C:\\Windows\\system32\\config\\systemprofile\\Documents"}
{"EventID": "1002", "Channel": "Microsoft-Windows-Known Folders API Service", "Provider_Name": "Microsoft-Windows-KnownFolders", "Computer": "DESKTOP-OFJ6N53", "TimeCreated": "2025-04-14 01:18:03.527359+00:00", "RecordID": "140366", "Level": "3", "UserID": "S-1-5-18", "EventData.hrError": "0x80070002", "EventData.FolderId": "{fdd39ad0-238f-46af-adb4-6c85480369c7}", "EventData.Path": "C:\\Windows\\system32\\config\\systemprofile\\Documents"}
{"EventID": "1002", "Channel": "Microsoft-Windows-Known Folders API Service", "Provider_Name": "Microsoft-Windows-KnownFolders", "Computer": "DESKTOP-OFJ6N53", "TimeCreated": "2025-04-14 01:18:04.072470+00:00", "RecordID": "140367", "Level": "3", "UserID": "S-1-5-18", "EventData.hrError": "0x80070002", "EventData.FolderId": "{fdd39ad0-238f-46af-adb4-6c85480369c7}", "EventData.Path": "C:\\Windows\\system32\\config\\systemprofile\\Documents"}
{"EventID": "1002", "Channel": "Microsoft-Windows-Known Folders API Service", "Provider_Name": "Microsoft-Windows-KnownFolders", "Computer": "DESKTOP-OFJ6N53", "TimeCreated": "2025-04-15 00:49:54.678459+00:00", "RecordID": "140368", "Level": "3", "UserID": "S-1-5-18", "EventData.hrError": "0x80070002", "EventData.FolderId": "{fdd39ad0-238f-46af-adb4-6c85480369c7}", "EventData.Path": "C:\\Windows\\system32\\config\\systemprofile\\Documents"}
{"EventID": "1002", "Channel": "Microsoft-Windows-Known Folders API Service", "Provider_Name": "Microsoft-Windows-KnownFolders", "Computer": "DESKTOP-OFJ6N53", "TimeCreated": "2025-04-15 00:49:59.619417+00:00", "RecordID": "140369", "Level": "3", "UserID": "S-1-5-18", "EventData.hrError": "0x80070002", "EventData.FolderId": "{fdd39ad0-238f-46af-adb4-6c85480369c7}", "EventData.Path": "C:\\Windows\\system32\\config\\systemprofile\\Documents"}
{"EventID": "1002", "Channel": "Microsoft-Windows-Known Folders API Service", "Provider_Name": "Microsoft-Windows-KnownFolders", "Computer": "DESKTOP-OFJ6N53", "TimeCreated": "2025-04-15 00:50:02.953382+00:00", "RecordID": "140370", "Level": "3", "UserID": "S-1-5-18", "EventData.hrError": "0x80070002", "EventData.FolderId": "{fdd39ad0-238f-46af-adb4-6c85480369c7}", "EventData.Path": "C:\\Windows\\system32\\config\\systemprofile\\Documents"}
{"EventID": "1002", "Channel": "Microsoft-Windows-Known Folders API Service", "Provider_Name": "Microsoft-Windows-KnownFolders", "Computer": "DESKTOP-OFJ6N53", "TimeCreated": "2025-04-15 00:50:03.498095+00:00", "RecordID": "140371", "Level": "3", "UserID": "S-1-5-18", "EventData.hrError": "0x80070002", "EventData.FolderId": "{fdd39ad0-238f-46af-adb4-6c85480369c7}", "EventData.Path": "C:\\Windows\\system32\\config\\systemprofile\\Documents"}
{"EventID": "1002", "Channel": "Microsoft-Windows-Known Folders API Service", "Provider_Name": "Microsoft-Windows-KnownFolders", "Computer": "DESKTOP-OFJ6N53", "TimeCreated": "2025-04-16 00:32:37.577213+00:00", "RecordID": "140372", "Level": "3", "UserID": "S-1-5-18", "EventData.hrError": "0x80070002", "EventData.FolderId": "{fdd39ad0-238f-46af-adb4-6c85480369c7}", "EventData.Path": "C:\\Windows\\system32\\config\\systemprofile\\Documents"}
{"EventID": "1002", "Channel": "Microsoft-Windows-Known Folders API Service", "Provider_Name": "Microsoft-Windows-KnownFolders", "Computer": "DESKTOP-OFJ6N53", "TimeCreated": "2025-04-16 00:32:43.116594+00:00", "RecordID": "140373", "Level": "3", "UserID": "S-1-5-18", "EventData.hrError": "0x80070002", "EventData.FolderId": "{fdd39ad0-238f-46af-adb4-6c85480369c7}", "EventData.Path": "C:\\Windows\\system32\\config\\systemprofile\\Documents"}
{"EventID": "1002", "Channel": "Microsoft-Windows-Known Folders API Service", "Provider_Name": "Microsoft-Windows-KnownFolders", "Computer": "DESKTOP-OFJ6N53", "TimeCreated": "2025-04-16 00:32:47.804050+00:00", "RecordID": "140374", "Level": "3", "UserID": "S-1-5-18", "EventData.hrError": "0x80070002", "EventData.FolderId": "{fdd39ad0-238f-46af-adb4-6c85480369c7}", "EventData.Path": "C:\\Windows\\system32\\config\\systemprofile\\Documents"}
{"EventID": "1002", "Channel": "Microsoft-Windows-Known Folders API Service", "Provider_Name": "Microsoft-Windows-KnownFolders", "Computer": "DESKTOP-OFJ6N53", "TimeCreated": "2025-04-16 00:32:48.601147+00:00", "RecordID": "140375", "Level": "3", "UserID": "S-1-5-18", "EventData.hrError": "0x80070002", "EventData.FolderId": "{fdd39ad0-238f-46af-adb4-6c85480369c7}", "EventData.Path": "C:\\Windows\\system32\\config\\systemprofile\\Documents"}
{"EventID": "1002", "Channel": "Microsoft-Windows-Known Folders API Service", "Provider_Name": "Microsoft-Windows-KnownFolders", "Computer": "DESKTOP-OFJ6N53", "TimeCreated": "2025-04-17 01:32:41.519882+00:00", "RecordID": "140376", "Level": "3", "UserID": "S-1-5-18", "EventData.hrError": "0x80070002", "EventData.FolderId": "{fdd39ad0-238f-46af-adb4-6c85480369c7}", "EventData.Path": "C:\\Windows\\system32\\config\\systemprofile\\Documents"}
{"EventID": "1002", "Channel": "Microsoft-Windows-Known Folders API Service", "Provider_Name": "Microsoft-Windows-KnownFolders", "Computer": "DESKTOP-OFJ6N53", "TimeCreated": "2025-04-17 01:32:46.056049+00:00", "RecordID": "140377", "Level": "3", "UserID": "S-1-5-18", "EventData.hrError": "0x80070002", "EventData.FolderId": "{fdd39ad0-238f-46af-adb4-6c85480369c7}", "EventData.Path": "C:\\Windows\\system32\\config\\systemprofile\\Documents"}
{"EventID": "1002", "Channel": "Microsoft-Windows-Known Folders API Service", "Provider_Name": "Microsoft-Windows-KnownFolders", "Computer": "DESKTOP-OFJ6N53", "TimeCreated": "2025-04-17 01:32:49.119024+00:00", "RecordID": "140378", "Level": "3", "UserID": "S-1-5-18", "EventData.hrError": "0x80070002", "EventData.FolderId": "{fdd39ad0-238f-46af-adb4-6c85480369c7}", "EventData.Path": "C:\\Windows\\system32\\config\\systemprofile\\Documents"}
{"EventID": "1002", "Channel": "Microsoft-Windows-Known Folders API Service", "Provider_Name": "Microsoft-Windows-KnownFolders", "Computer": "DESKTOP-OFJ6N53", "TimeCreated": "2025-04-17 01:32:49.643284+00:00", "RecordID": "140379", "Level": "3", "UserID": "S-1-5-18", "EventData.hrError": "0x80070002", "EventData.FolderId": "{fdd39ad0-238f-46af-adb4-6c85480369c7}", "EventData.Path": "C:\\Windows\\system32\\config\\systemprofile\\Documents"}
{"EventID": "1002", "Channel": "Microsoft-Windows-Known Folders API Service", "Provider_Name": "Microsoft-Windows-KnownFolders", "Computer": "DESKTOP-OFJ6N53", "TimeCreated": "2025-04-18 01:56:20.878025+00:00", "RecordID": "140380", "Level": "3", "UserID": "S-1-5-18", "EventData.hrError": "0x80070002", "EventData.FolderId": "{fdd39ad0-238f-46af-adb4-6c85480369c7}", "EventData.Path": "C:\\Windows\\system32\\config\\systemprofile\\Documents"}
{"EventID": "1002", "Channel": "Microsoft-Windows-Known Folders API Service", "Provider_Name": "Microsoft-Windows-KnownFolders", "Computer": "DESKTOP-OFJ6N53", "TimeCreated": "2025-04-18 01:56:25.860352+00:00", "RecordID": "140381", "Level": "3", "UserID": "S-1-5-18", "EventData.hrError": "0x80070002", "EventData.FolderId": "{fdd39ad0-238f-46af-adb4-6c85480369c7}", "EventData.Path": "C:\\Windows\\system32\\config\\systemprofile\\Documents"}
{"EventID": "1002", "Channel": "Microsoft-Windows-Known Folders API Service", "Provider_Name": "Microsoft-Windows-KnownFolders", "Computer": "DESKTOP-OFJ6N53", "TimeCreated": "2025-04-18 01:56:32.413734+00:00", "RecordID": "140382", "Level": "3", "UserID": "S-1-5-18", "EventData.hrError": "0x80070002", "EventData.FolderId": "{fdd39ad0-238f-46af-adb4-6c85480369c7}", "EventData.Path": "C:\\Windows\\system32\\config\\systemprofile\\Documents"}
{"EventID": "1002", "Channel": "Microsoft-Windows-Known Folders API Service", "Provider_Name": "Microsoft-Windows-KnownFolders", "Computer": "DESKTOP-OFJ6N53", "TimeCreated": "2025-04-18 01:56:33.153151+00:00", "RecordID": "140383", "Level": "3", "UserID": "S-1-5-18", "EventData.hrError": "0x80070002", "EventData.FolderId": "{fdd39ad0-238f-46af-adb4-6c85480369c7}", "EventData.Path": "C:\\Windows\\system32\\config\\systemprofile\\Documents"}
{"EventID": "1002", "Channel": "Microsoft-Windows-Known Folders API Service", "Provider_Name": "Microsoft-Windows-KnownFolders", "Computer": "DESKTOP-OFJ6N53", "TimeCreated": "2025-04-19 00:04:07.528404+00:00", "RecordID": "140384", "Level": "3", "UserID": "S-1-5-18", "EventData.hrError": "0x80070002", "EventData.FolderId": "{fdd39ad0-238f-46af-adb4-6c85480369c7}", "EventData.Path": "C:\\Windows\\system32\\config\\systemprofile\\Documents"}
{"EventID": "1002", "Channel": "Microsoft-Windows-Known Folders API Service", "Provider_Name": "Microsoft-Windows-KnownFolders", "Computer": "DESKTOP-OFJ6N53", "TimeCreated": "2025-04-19 00:04:13.034002+00:00", "RecordID": "140385", "Level": "3", "UserID": "S-1-5-18", "EventData.hrError": "0x80070002", "EventData.FolderId": "{fdd39ad0-238f-46af-adb4-6c85480369c7}", "EventData.Path": "C:\\Windows\\system32\\config\\systemprofile\\Documents"}
{"EventID": "1002", "Channel": "Microsoft-Windows-Known Folders API Service", "Provider_Name": "Microsoft-Windows-KnownFolders", "Computer": "DESKTOP-OFJ6N53", "TimeCreated": "2025-04-19 00:04:18.373449+00:00", "RecordID": "140386", "Level": "3", "UserID": "S-1-5-18", "EventData.hrError": "0x80070002", "EventData.FolderId": "{fdd39ad0-238f-46af-adb4-6c85480369c7}", "EventData.Path": "C:\\Windows\\system32\\config\\systemprofile\\Documents"}
{"EventID": "1002", "Channel": "Microsoft-Windows-Known Folders API Service", "Provider_Name": "Microsoft-Windows-KnownFolders", "Computer": "DESKTOP-OFJ6N53", "TimeCreated": "2025-04-19 00:04:19.004051+00:00", "RecordID": "140387", "Level": "3", "UserID": "S-1-5-18", "EventData.hrError": "0x80070002", "EventData.FolderId": "{fdd39ad0-238f-46af-adb4-6c85480369c7}", "EventData.Path": "C:\\Windows\\system32\\config\\systemprofile\\Documents"}
{"EventID": "1002", "Channel": "Microsoft-Windows-Known Folders API Service", "Provider_Name": "Microsoft-Windows-KnownFolders", "Computer": "DESKTOP-OFJ6N53", "TimeCreated": "2025-04-20 01:46:38.215883+00:00", "RecordID": "140388", "Level": "3", "UserID": "S-1-5-18", "EventData.hrError": "0x80070002", "EventData.FolderId": "{fdd39ad0-238f-46af-adb4-6c85480369c7}", "EventData.Path": "C:\\Windows\\system32\\config\\systemprofile\\Documents"}
{"EventID": "1002", "Channel": "Microsoft-Windows-Known Folders API Service", "Provider_Name": "Microsoft-Windows-KnownFolders", "Computer": "DESKTOP-OFJ6N53", "TimeCreated": "2025-04-20 01:46:46.179012+00:00", "RecordID": "140389", "Level": "3", "UserID": "S-1-5-18", "EventData.hrError": "0x80070002", "EventData.FolderId": "{fdd39ad0-238f-46af-adb4-6c85480369c7}", "EventData.Path": "C:\\Windows\\system32\\config\\systemprofile\\Documents"}
{"EventID": "1002", "Channel": "Microsoft-Windows-Known Folders API Service", "Provider_Name": "Microsoft-Windows-KnownFolders", "Computer": "DESKTOP-OFJ6N53", "TimeCreated": "2025-04-20 01:46:52.399527+00:00", "RecordID": "140390", "Level": "3", "UserID": "S-1-5-18", "EventData.hrError": "0x80070002", "EventData.FolderId": "{fdd39ad0-238f-46af-adb4-6c85480369c7}", "EventData.Path": "C:\\Windows\\system32\\config\\systemprofile\\Documents"}
{"EventID": "1002", "Channel": "Microsoft-Windows-Known Folders API Service", "Provider_Name": "Microsoft-Windows-KnownFolders", "Computer": "DESKTOP-OFJ6N53", "TimeCreated": "2025-04-20 01:46:53.066654+00:00", "RecordID": "140391", "Level": "3", "UserID": "S-1-5-18", "EventData.hrError": "0x80070002", "EventData.FolderId": "{fdd39ad0-238f-46af-adb4-6c85480369c7}", "EventData.Path": "C:\\Windows\\system32\\config\\systemprofile\\Documents"}
{"EventID": "1002", "Channel": "Microsoft-Windows-Known Folders API Service", "Provider_Name": "Microsoft-Windows-KnownFolders", "Computer": "DESKTOP-OFJ6N53", "TimeCreated": "2025-04-21 00:12:30.420265+00:00", "RecordID": "140392", "Level": "3", "UserID": "S-1-5-18", "EventData.hrError": "0x80070002", "EventData.FolderId": "{fdd39ad0-238f-46af-adb4-6c85480369c7}", "EventData.Path": "C:\\Windows\\system32\\config\\systemprofile\\Documents"}
