{"EventID": "8210", "Channel": "Microsoft-Windows-HelloForBusiness/Operational", "Provider_Name": "Microsoft-Windows-HelloForBusiness", "Computer": "DESKTOP-OFJ6N53", "TimeCreated": "2025-03-07 15:05:47.949389+00:00", "RecordID": "2583", "Level": "16", "UserID": "S-1-5-21-963789628-1060504924-4285088085-1001"}
{"EventID": "7201", "Channel": "Microsoft-Windows-HelloForBusiness/Operational", "Provider_Name": "Microsoft-Windows-HelloForBusiness", "Computer": "DESKTOP-OFJ6N53", "TimeCreated": "2025-03-07 15:05:47.949389+00:00", "RecordID": "2584", "Level": "2", "UserID": "S-1-5-21-963789628-1060504924-4285088085-1001"}
{"EventID": "7054", "Channel": "Microsoft-Windows-HelloForBusiness/Operational", "Provider_Name": "Microsoft-Windows-HelloForBusiness", "Computer": "DESKTOP-OFJ6N53", "TimeCreated": "2025-03-07 15:05:47.949390+00:00", "RecordID": "2585", "Level": "2", "UserID": "S-1-5-21-963789628-1060504924-4285088085-1001", "EventData.Error": "0x00000001"}
{"EventID": "5520", "Channel": "Microsoft-Windows-HelloForBusiness/Operational", "Provider_Name": "Microsoft-Windows-HelloForBusiness", "Computer": "DESKTOP-OFJ6N53", "TimeCreated": "2025-03-07 15:29:29.473570+00:00", "RecordID": "2586", "Level": "4", "UserID": "S-1-5-18"}
{"EventID": "8025", "Channel": "Microsoft-Windows-HelloForBusiness/Operational", "Provider_Name": "Microsoft-Windows-HelloForBusiness", "Computer": "DESKTOP-OFJ6N53", "TimeCreated": "2025-03-10 14:11:26.371424+00:00", "RecordID": "2587", "Level": "16", "UserID": "S-1-5-18", "EventData.ServiceName": "Microsoft Passport"}
{"EventID": "8025", "Channel": "Microsoft-Windows-HelloForBusiness/Operational", "Provider_Name": "Microsoft-Windows-HelloForBusiness", "Computer": "DESKTOP-OFJ6N53", "TimeCreated": "2025-03-10 18:50:00.499844+00:00", "RecordID": "2588", "Level": "16", "UserID": "S-1-5-18", "EventData.ServiceName": "Microsoft Passport"}
{"EventID": "8025", "Channel": "Microsoft-Windows-HelloForBusiness/Operational", "Provider_Name": "Microsoft-Windows-HelloForBusiness", "Computer": "DESKTOP-OFJ6N53", "TimeCreated": "2025-03-10 18:50:02.696653+00:00", "RecordID": "2589", "Level": "16", "UserID": "S-1-5-19", "EventData.ServiceName": "Microsoft Passport Container"}
{"EventID": "8025", "Channel": "Microsoft-Windows-HelloForBusiness/Operational", "Provider_Name": "Microsoft-Windows-HelloForBusiness", "Computer": "DESKTOP-OFJ6N53", "TimeCreated": "2025-03-11 13:06:55.850536+00:00", "RecordID": "2590", "Level": "16", "UserID": "S-1-5-19", "EventData.ServiceName": "Microsoft Passport Container"}
{"EventID": "8025", "Channel": "Microsoft-Windows-HelloForBusiness/Operational", "Provider_Name": "Microsoft-Windows-HelloForBusiness", "Computer": "DESKTOP-OFJ6N53", "TimeCreated": "2025-03-11 20:17:08.878151+00:00", "RecordID": "2591", "Level": "16", "UserID": "S-1-5-19", "EventData.ServiceName": "Microsoft Passport Container"}
{"EventID": "5520", "Channel": "Microsoft-Windows-HelloForBusiness/Operational", "Provider_Name": "Microsoft-Windows-HelloForBusiness", "Computer": "DESKTOP-OFJ6N53", "TimeCreated": "2025-03-11 20:20:34.358353+00:00", "RecordID": "2592", "Level": "4", "UserID": "S-1-5-18"}
{"EventID": "3054", "Channel": "Microsoft-Windows-HelloForBusiness/Operational", "Provider_Name": "Microsoft-Windows-HelloForBusiness", "Computer": "DESKTOP-OFJ6N53", "TimeCreated": "2025-03-11 20:21:20.997416+00:00", "RecordID": "2593", "Level": "4", "UserID": "S-1-5-21-963789628-1060504924-4285088085-1001"}
{"EventID": "8210", "Channel": "Microsoft-Windows-HelloForBusiness/Operational", "Provider_Name": "Microsoft-Windows-HelloForBusiness", "Computer": "DESKTOP-OFJ6N53", "TimeCreated": "2025-03-11 20:21:20.997417+00:00", "RecordID": "2594", "Level": "16", "UserID": "S-1-5-21-963789628-1060504924-4285088085-1001"}
{"EventID": "7201", "Channel": "Microsoft-Windows-HelloForBusiness/Operational", "Provider_Name": "Microsoft-Windows-HelloForBusiness", "Computer": "DESKTOP-OFJ6N53", "TimeCreated": "2025-03-11 20:21:20.997419+00:00", "RecordID": "2595", "Level": "2", "UserID": "S-1-5-21-963789628-1060504924-4285088085-1001"}
{"EventID": "7054", "Channel": "Microsoft-Windows-HelloForBusiness/Operational", "Provider_Name": "Microsoft-Windows-HelloForBusiness", "Computer": "DESKTOP-OFJ6N53", "TimeCreated": "2025-03-11 20:21:20.997419+00:00", "RecordID": "2596", "Level": "2", "UserID": "S-1-5-21-963789628-1060504924-4285088085-1001", "EventData.Error": "0x00000001"}
{"EventID": "8025", "Channel": "Microsoft-Windows-HelloForBusiness/Operational", "Provider_Name": "Microsoft-Windows-HelloForBusiness", "Computer": "DESKTOP-OFJ6N53", "TimeCreated": "2025-03-11 20:22:12.696609+00:00", "RecordID": "2597", "Level": "16", "UserID": "S-1-5-18", "EventData.ServiceName": "Microsoft Passport"}
{"EventID": "8025", "Channel": "Microsoft-Windows-HelloForBusiness/Operational", "Provider_Name": "Microsoft-Windows-HelloForBusiness", "Computer": "DESKTOP-OFJ6N53", "TimeCreated": "2025-03-11 20:23:42.415266+00:00", "RecordID": "2598", "Level": "16", "UserID": "S-1-5-19", "EventData.ServiceName": "Microsoft Passport Container"}
{"EventID": "8025", "Channel": "Microsoft-Windows-HelloForBusiness/Operational", "Provider_Name": "Microsoft-Windows-HelloForBusiness", "Computer": "DESKTOP-OFJ6N53", "TimeCreated": "2025-03-11 20:32:06.317715+00:00", "RecordID": "2599", "Level": "16", "UserID": "S-1-5-18", "EventData.ServiceName": "Microsoft Passport"}
{"EventID": "5520", "Channel": "Microsoft-Windows-HelloForBusiness/Operational", "Provider_Name": "Microsoft-Windows-HelloForBusiness", "Computer": "DESKTOP-OFJ6N53", "TimeCreated": "2025-03-12 07:34:20.668034+00:00", "RecordID": "2600", "Level": "4", "UserID": "S-1-5-18"}
{"EventID": "8025", "Channel": "Microsoft-Windows-HelloForBusiness/Operational", "Provider_Name": "Microsoft-Windows-HelloForBusiness", "Computer": "DESKTOP-OFJ6N53", "TimeCreated": "2025-03-12 09:32:57.658751+00:00", "RecordID": "2601", "Level": "16", "UserID": "S-1-5-18", "EventData.ServiceName": "Microsoft Passport"}
{"EventID": "8025", "Channel": "Microsoft-Windows-HelloForBusiness/Operational", "Provider_Name": "Microsoft-Windows-HelloForBusiness", "Computer": "DESKTOP-OFJ6N53", "TimeCreated": "2025-03-12 13:46:43.153198+00:00", "RecordID": "2602", "Level": "16", "UserID": "S-1-5-18", "EventData.ServiceName": "Microsoft Passport"}
{"EventID": "8025", "Channel": "Microsoft-Windows-HelloForBusiness/Operational", "Provider_Name": "Microsoft-Windows-HelloForBusiness", "Computer": "DESKTOP-OFJ6N53", "TimeCreated": "2025-03-14 10:09:35.869562+00:00", "RecordID": "2603", "Level": "16", "UserID": "S-1-5-19", "EventData.ServiceName": "Microsoft Passport Container"}
{"EventID": "8025", "Channel": "Microsoft-Windows-HelloForBusiness/Operational", "Provider_Name": "Microsoft-Windows-HelloForBusiness", "Computer": "DESKTOP-OFJ6N53", "TimeCreated": "2025-03-14 11:05:24.492325+00:00", "RecordID": "2604", "Level": "16", "UserID": "S-1-5-19", "EventData.ServiceName": "Microsoft Passport Container"}
{"EventID": "8025", "Channel": "Microsoft-Windows-HelloForBusiness/Operational", "Provider_Name": "Microsoft-Windows-HelloForBusiness", "Computer": "DESKTOP-OFJ6N53", "TimeCreated": "2025-03-14 11:42:58.164736+00:00", "RecordID": "2605", "Level": "16", "UserID": "S-1-5-19", "EventData.ServiceName": "Microsoft Passport Container"}
{"EventID": "8025", "Channel": "Microsoft-Windows-HelloForBusiness/Operational", "Provider_Name": "Microsoft-Windows-HelloForBusiness", "Computer": "DESKTOP-OFJ6N53", "TimeCreated": "2025-03-14 17:05:50.166105+00:00", "RecordID": "2606", "Level": "16", "UserID": "S-1-5-18", "EventData.ServiceName": "Microsoft Passport"}
{"EventID": "8025", "Channel": "Microsoft-Windows-HelloForBusiness/Operational", "Provider_Name": "Microsoft-Windows-HelloForBusiness", "Computer": "DESKTOP-OFJ6N53", "TimeCreated": "2025-03-15 19:06:24.334766+00:00", "RecordID": "2607", "Level": "16", "UserID": "S-1-5-18", "EventData.ServiceName": "Microsoft Passport"}
{"EventID": "8025", "Channel": "Microsoft-Windows-HelloForBusiness/Operational", "Provider_Name": "Microsoft-Windows-HelloForBusiness", "Computer": "DESKTOP-OFJ6N53", "TimeCreated": "2025-03-15 19:18:24.128393+00:00", "RecordID": "2608", "Level": "16", "UserID": "S-1-5-18", "EventData.ServiceName": "Microsoft Passport"}
{"EventID": "8025", "Channel": "Microsoft-Windows-HelloForBusiness/Operational", "Provider_Name": "Microsoft-Windows-HelloForBusiness", "Computer": "DESKTOP-OFJ6N53", "TimeCreated": "2025-03-17 11:06:40.988369+00:00", "RecordID": "2609", "Level": "16", "UserID": "S-1-5-19", "EventData.ServiceName": "Microsoft Passport Container"}
{"EventID": "8025", "Channel": "Microsoft-Windows-HelloForBusiness/Operational", "Provider_Name": "Microsoft-Windows-HelloForBusiness", "Computer": "DESKTOP-OFJ6N53", "TimeCreated": "2025-03-17 11:12:58.004032+00:00", "RecordID": "2610", "Level": "16", "UserID": "S-1-5-19", "EventData.ServiceName": "Microsoft Passport Container"}
{"EventID": "8025", "Channel": "Microsoft-Windows-HelloForBusiness/Operational", "Provider_Name": "Microsoft-Windows-HelloForBusiness", "Computer": "DESKTOP-OFJ6N53", "TimeCreated": "2025-03-17 18:07:02.167477+00:00", "RecordID": "2611", "Level": "16", "UserID": "S-1-5-18", "EventData.ServiceName": "Microsoft Passport"}
{"EventID": "8025", "Channel": "Microsoft-Windows-HelloForBusiness/Operational", "Provider_Name": "Microsoft-Windows-HelloForBusiness", "Computer": "DESKTOP-OFJ6N53", "TimeCreated": "2025-03-17 18:22:29.502384+00:00", "RecordID": "2612", "Level": "16", "UserID": "S-1-5-19", "EventData.ServiceName": "Microsoft Passport Container"}
{"EventID": "8025", "Channel": "Microsoft-Windows-HelloForBusiness/Operational", "Provider_Name": "Microsoft-Windows-HelloForBusiness", "Computer": "DESKTOP-OFJ6N53", "TimeCreated": "2025-03-19 04:41:44.050629+00:00", "RecordID": "2613", "Level": "16", "UserID": "S-1-5-18", "EventData.ServiceName": "Microsoft Passport"}
{"EventID": "8025", "Channel": "Microsoft-Windows-HelloForBusiness/Operational", "Provider_Name": "Microsoft-Windows-HelloForBusiness", "Computer": "DESKTOP-OFJ6N53", "TimeCreated": "2025-03-19 04:41:46.014238+00:00", "RecordID": "2614", "Level": "16", "UserID": "S-1-5-19", "EventData.ServiceName": "Microsoft Passport Container"}
{"EventID": "8025", "Channel": "Microsoft-Windows-HelloForBusiness/Operational", "Provider_Name": "Microsoft-Windows-HelloForBusiness", "Computer": "DESKTOP-OFJ6N53", "TimeCreated": "2025-03-20 07:18:40.006590+00:00", "RecordID": "2615", "Level": "16", "UserID": "S-1-5-18", "EventData.ServiceName": "Microsoft Passport"}
{"EventID": "8025", "Channel": "Microsoft-Windows-HelloForBusiness/Operational", "Provider_Name": "Microsoft-Windows-HelloForBusiness", "Computer": "DESKTOP-OFJ6N53", "TimeCreated": "2025-03-20 07:18:42.969408+00:00", "RecordID": "2616", "Level": "16", "UserID": "S-1-5-19", "EventData.ServiceName": "Microsoft Passport Container"}
{"EventID": "8025", "Channel": "Microsoft-Windows-HelloForBusiness/Operational", "Provider_Name": "Microsoft-Windows-HelloForBusiness", "Computer": "DESKTOP-OFJ6N53", "TimeCreated": "2025-03-21 16:30:02.863317+00:00", "RecordID": "2617", "Level": "16", "UserID": "S-1-5-18", "EventData.ServiceName": "Microsoft Passport"}
{"EventID": "8025", "Channel": "Microsoft-Windows-HelloForBusiness/Operational", "Provider_Name": "Microsoft-Windows-HelloForBusiness", "Computer": "DESKTOP-OFJ6N53", "TimeCreated": "2025-03-21 16:30:05.069778+00:00", "RecordID": "2618", "Level": "16", "UserID": "S-1-5-19", "EventData.ServiceName": "Microsoft Passport Container"}
{"EventID": "8025", "Channel": "Microsoft-Windows-HelloForBusiness/Operational", "Provider_Name": "Microsoft-Windows-HelloForBusiness", "Computer": "DESKTOP-OFJ6N53", "TimeCreated": "2025-03-25 15:44:21.721579+00:00", "RecordID": "2619", "Level": "16", "UserID": "S-1-5-19", "EventData.ServiceName": "Microsoft Passport Container"}
{"EventID": "8025", "Channel": "Microsoft-Windows-HelloForBusiness/Operational", "Provider_Name": "Microsoft-Windows-HelloForBusiness", "Computer": "DESKTOP-OFJ6N53", "TimeCreated": "2025-03-25 18:12:00.856461+00:00", "RecordID": "2620", "Level": "16", "UserID": "S-1-5-18", "EventData.ServiceName": "Microsoft Passport"}
{"EventID": "8025", "Channel": "Microsoft-Windows-HelloForBusiness/Operational", "Provider_Name": "Microsoft-Windows-HelloForBusiness", "Computer": "DESKTOP-OFJ6N53", "TimeCreated": "2025-03-25 18:12:02.955301+00:00", "RecordID": "2621", "Level": "16", "UserID": "S-1-5-19", "EventData.ServiceName": "Microsoft Passport Container"}
{"EventID": "8025", "Channel": "Microsoft-Windows-HelloForBusiness/Operational", "Provider_Name": "Microsoft-Windows-HelloForBusiness", "Computer": "DESKTOP-OFJ6N53", "TimeCreated": "2025-03-27 15:33:05.821779+00:00", "RecordID": "2622", "Level": "16", "UserID": "S-1-5-19", "EventData.ServiceName": "Microsoft Passport Container"}
{"EventID": "8025", "Channel": "Microsoft-Windows-HelloForBusiness/Operational", "Provider_Name": "Microsoft-Windows-HelloForBusiness", "Computer": "DESKTOP-OFJ6N53", "TimeCreated": "2025-03-27 15:33:23.189230+00:00", "RecordID": "2623", "Level": "16", "UserID": "S-1-5-18", "EventData.ServiceName": "Microsoft Passport"}
{"EventID": "5520", "Channel": "Microsoft-Windows-HelloForBusiness/Operational", "Provider_Name": "Microsoft-Windows-HelloForBusiness", "Computer": "DESKTOP-OFJ6N53", "TimeCreated": "2025-03-27 15:35:02.710472+00:00", "RecordID": "2624", "Level": "4", "UserID": "S-1-5-18"}
{"EventID": "8025", "Channel": "Microsoft-Windows-HelloForBusiness/Operational", "Provider_Name": "Microsoft-Windows-HelloForBusiness", "Computer": "DESKTOP-OFJ6N53", "TimeCreated": "2025-03-28 12:37:58.518082+00:00", "RecordID": "2625", "Level": "16", "UserID": "S-1-5-19", "EventData.ServiceName": "Microsoft Passport Container"}
{"EventID": "8025", "Channel": "Microsoft-Windows-HelloForBusiness/Operational", "Provider_Name": "Microsoft-Windows-HelloForBusiness", "Computer": "DESKTOP-OFJ6N53", "TimeCreated": "2025-03-28 16:44:26.519453+00:00", "RecordID": "2626", "Level": "16", "UserID": "S-1-5-18", "EventData.ServiceName": "Microsoft Passport"}
{"EventID": "8025", "Channel": "Microsoft-Windows-HelloForBusiness/Operational", "Provider_Name": "Microsoft-Windows-HelloForBusiness", "Computer": "DESKTOP-OFJ6N53", "TimeCreated": "2025-03-30 07:17:46.910011+00:00", "RecordID": "2627", "Level": "16", "UserID": "S-1-5-19", "EventData.ServiceName": "Microsoft Passport Container"}
{"EventID": "8025", "Channel": "Microsoft-Windows-HelloForBusiness/Operational", "Provider_Name": "Microsoft-Windows-HelloForBusiness", "Computer": "DESKTOP-OFJ6N53", "TimeCreated": "2025-03-30 09:45:53.705542+00:00", "RecordID": "2628", "Level": "16", "UserID": "S-1-5-18", "EventData.ServiceName": "Microsoft Passport"}
{"EventID": "8025", "Channel": "Microsoft-Windows-HelloForBusiness/Operational", "Provider_Name": "Microsoft-Windows-HelloForBusiness", "Computer": "DESKTOP-OFJ6N53", "TimeCreated": "2025-03-31 15:35:05.894882+00:00", "RecordID": "2629", "Level": "16", "UserID": "S-1-5-18", "EventData.ServiceName": "Microsoft Passport"}
{"EventID": "8025", "Channel": "Microsoft-Windows-HelloForBusiness/Operational", "Provider_Name": "Microsoft-Windows-HelloForBusiness", "Computer": "DESKTOP-OFJ6N53", "TimeCreated": "2025-04-01 05:00:41.479467+00:00", "RecordID": "2630", "Level": "16", "UserID": "S-1-5-19", "EventData.ServiceName": "Microsoft Passport Container"}
{"EventID": "8025", "Channel": "Microsoft-Windows-HelloForBusiness/Operational", "Provider_Name": "Microsoft-Windows-HelloForBusiness", "Computer": "DESKTOP-OFJ6N53", "TimeCreated": "2025-04-01 05:02:12.827551+00:00", "RecordID": "2631", "Level": "16", "UserID": "S-1-5-18", "EventData.ServiceName": "Microsoft Passport"}
{"EventID": "8025", "Channel": "Microsoft-Windows-HelloForBusiness/Operational", "Provider_Name": "Microsoft-Windows-HelloForBusiness", "Computer": "DESKTOP-OFJ6N53", "TimeCreated": "2025-04-01 13:00:24.118265+00:00", "RecordID": "2632", "Level": "16", "UserID": "S-1-5-19", "EventData.ServiceName": "Microsoft Passport Container"}
{"EventID": "8025", "Channel": "Microsoft-Windows-HelloForBusiness/Operational", "Provider_Name": "Microsoft-Windows-HelloForBusiness", "Computer": "DESKTOP-OFJ6N53", "TimeCreated": "2025-04-01 16:02:02.255959+00:00", "RecordID": "2633", "Level": "16", "UserID": "S-1-5-18", "EventData.ServiceName": "Microsoft Passport"}
{"EventID": "8025", "Channel": "Microsoft-Windows-HelloForBusiness/Operational", "Provider_Name": "Microsoft-Windows-HelloForBusiness", "Computer": "DESKTOP-OFJ6N53", "TimeCreated": "2025-04-01 16:02:03.236532+00:00", "RecordID": "2634", "Level": "16", "UserID": "S-1-5-19", "EventData.ServiceName": "Microsoft Passport Container"}
{"EventID": "8025", "Channel": "Microsoft-Windows-HelloForBusiness/Operational", "Provider_Name": "Microsoft-Windows-HelloForBusiness", "Computer": "DESKTOP-OFJ6N53", "TimeCreated": "2025-04-01 16:03:34.149866+00:00", "RecordID": "2635", "Level": "16", "UserID": "S-1-5-19", "EventData.ServiceName": "Microsoft Passport Container"}
{"EventID": "5520", "Channel": "Microsoft-Windows-HelloForBusiness/Operational", "Provider_Name": "Microsoft-Windows-HelloForBusiness", "Computer": "DESKTOP-OFJ6N53", "TimeCreated": "2025-04-01 16:03:52.659273+00:00", "RecordID": "2636", "Level": "4", "UserID": "S-1-5-18"}
{"EventID": "3054", "Channel": "Microsoft-Windows-HelloForBusiness/Operational", "Provider_Name": "Microsoft-Windows-HelloForBusiness", "Computer": "DESKTOP-OFJ6N53", "TimeCreated": "2025-04-01 16:04:07.507977+00:00", "RecordID": "2637", "Level": "4", "UserID": "S-1-5-21-963789628-1060504924-4285088085-1001"}
{"EventID": "8210", "Channel": "Microsoft-Windows-HelloForBusiness/Operational", "Provider_Name": "Microsoft-Windows-HelloForBusiness", "Computer": "DESKTOP-OFJ6N53", "TimeCreated": "2025-04-01 16:04:07.507977+00:00", "RecordID": "2638", "Level": "16", "UserID": "S-1-5-21-963789628-1060504924-4285088085-1001"}
{"EventID": "7201", "Channel": "Microsoft-Windows-HelloForBusiness/Operational", "Provider_Name": "Microsoft-Windows-HelloForBusiness", "Computer": "DESKTOP-OFJ6N53", "TimeCreated": "2025-04-01 16:04:07.507978+00:00", "RecordID": "2639", "Level": "2", "UserID": "S-1-5-21-963789628-1060504924-4285088085-1001"}
{"EventID": "7054", "Channel": "Microsoft-Windows-HelloForBusiness/Operational", "Provider_Name": "Microsoft-Windows-HelloForBusiness", "Computer": "DESKTOP-OFJ6N53", "TimeCreated": "2025-04-01 16:04:07.507980+00:00", "RecordID": "2640", "Level": "2", "UserID": "S-1-5-21-963789628-1060504924-4285088085-1001", "EventData.Error": "0x00000001"}
{"EventID": "5520", "Channel": "Microsoft-Windows-HelloForBusiness/Operational", "Provider_Name": "Microsoft-Windows-HelloForBusiness", "Computer": "DESKTOP-OFJ6N53", "TimeCreated": "2025-04-02 09:13:43.104263+00:00", "RecordID": "2641", "Level": "4", "UserID": "S-1-5-18"}
{"EventID": "8025", "Channel": "Microsoft-Windows-HelloForBusiness/Operational", "Provider_Name": "Microsoft-Windows-HelloForBusiness", "Computer": "DESKTOP-OFJ6N53", "TimeCreated": "2025-04-02 09:13:46.435167+00:00", "RecordID": "2642", "Level": "16", "UserID": "S-1-5-18", "EventData.ServiceName": "Microsoft Passport"}
{"EventID": "8025", "Channel": "Microsoft-Windows-HelloForBusiness/Operational", "Provider_Name": "Microsoft-Windows-HelloForBusiness", "Computer": "DESKTOP-OFJ6N53", "TimeCreated": "2025-04-02 09:18:24.318933+00:00", "RecordID": "2643", "Level": "16", "UserID": "S-1-5-19", "EventData.ServiceName": "Microsoft Passport Container"}
{"EventID": "5520", "Channel": "Microsoft-Windows-HelloForBusiness/Operational", "Provider_Name": "Microsoft-Windows-HelloForBusiness", "Computer": "DESKTOP-OFJ6N53", "TimeCreated": "2025-04-02 09:18:45.840883+00:00", "RecordID": "2644", "Level": "4", "UserID": "S-1-5-18"}
{"EventID": "3054", "Channel": "Microsoft-Windows-HelloForBusiness/Operational", "Provider_Name": "Microsoft-Windows-HelloForBusiness", "Computer": "DESKTOP-OFJ6N53", "TimeCreated": "2025-04-02 09:18:54.506546+00:00", "RecordID": "2645", "Level": "4", "UserID": "S-1-5-21-963789628-1060504924-4285088085-1001"}
{"EventID": "8210", "Channel": "Microsoft-Windows-HelloForBusiness/Operational", "Provider_Name": "Microsoft-Windows-HelloForBusiness", "Computer": "DESKTOP-OFJ6N53", "TimeCreated": "2025-04-02 09:18:54.506548+00:00", "RecordID": "2646", "Level": "16", "UserID": "S-1-5-21-963789628-1060504924-4285088085-1001"}
{"EventID": "7201", "Channel": "Microsoft-Windows-HelloForBusiness/Operational", "Provider_Name": "Microsoft-Windows-HelloForBusiness", "Computer": "DESKTOP-OFJ6N53", "TimeCreated": "2025-04-02 09:18:54.506550+00:00", "RecordID": "2647", "Level": "2", "UserID": "S-1-5-21-963789628-1060504924-4285088085-1001"}
{"EventID": "7054", "Channel": "Microsoft-Windows-HelloForBusiness/Operational", "Provider_Name": "Microsoft-Windows-HelloForBusiness", "Computer": "DESKTOP-OFJ6N53", "TimeCreated": "2025-04-02 09:18:54.506550+00:00", "RecordID": "2648", "Level": "2", "UserID": "S-1-5-21-963789628-1060504924-4285088085-1001", "EventData.Error": "0x00000001"}
{"EventID": "5520", "Channel": "Microsoft-Windows-HelloForBusiness/Operational", "Provider_Name": "Microsoft-Windows-HelloForBusiness", "Computer": "DESKTOP-OFJ6N53", "TimeCreated": "2025-04-02 09:19:59.170273+00:00", "RecordID": "2649", "Level": "4", "UserID": "S-1-5-18"}
{"EventID": "8025", "Channel": "Microsoft-Windows-HelloForBusiness/Operational", "Provider_Name": "Microsoft-Windows-HelloForBusiness", "Computer": "DESKTOP-OFJ6N53", "TimeCreated": "2025-04-02 09:20:04.635410+00:00", "RecordID": "2650", "Level": "16", "UserID": "S-1-5-18", "EventData.ServiceName": "Microsoft Passport"}
{"EventID": "8025", "Channel": "Microsoft-Windows-HelloForBusiness/Operational", "Provider_Name": "Microsoft-Windows-HelloForBusiness", "Computer": "DESKTOP-OFJ6N53", "TimeCreated": "2025-04-02 09:31:35.793463+00:00", "RecordID": "2651", "Level": "16", "UserID": "S-1-5-19", "EventData.ServiceName": "Microsoft Passport Container"}
{"EventID": "5520", "Channel": "Microsoft-Windows-HelloForBusiness/Operational", "Provider_Name": "Microsoft-Windows-HelloForBusiness", "Computer": "DESKTOP-OFJ6N53", "TimeCreated": "2025-04-02 09:31:36.048912+00:00", "RecordID": "2652", "Level": "4", "UserID": "S-1-5-18"}
{"EventID": "3054", "Channel": "Microsoft-Windows-HelloForBusiness/Operational", "Provider_Name": "Microsoft-Windows-HelloForBusiness", "Computer": "DESKTOP-OFJ6N53", "TimeCreated": "2025-04-02 09:54:03.303806+00:00", "RecordID": "2653", "Level": "4", "UserID": "S-1-5-21-963789628-1060504924-4285088085-1001"}
{"EventID": "7210", "Channel": "Microsoft-Windows-HelloForBusiness/Operational", "Provider_Name": "Microsoft-Windows-HelloForBusiness", "Computer": "DESKTOP-OFJ6N53", "TimeCreated": "2025-04-02 09:54:03.305412+00:00", "RecordID": "2654", "Level": "2", "UserID": "S-1-5-21-963789628-1060504924-4285088085-1001"}
{"EventID": "7054", "Channel": "Microsoft-Windows-HelloForBusiness/Operational", "Provider_Name": "Microsoft-Windows-HelloForBusiness", "Computer": "DESKTOP-OFJ6N53", "TimeCreated": "2025-04-02 09:54:03.305414+00:00", "RecordID": "2655", "Level": "2", "UserID": "S-1-5-21-963789628-1060504924-4285088085-1001", "EventData.Error": "0x00000001"}
{"EventID": "8025", "Channel": "Microsoft-Windows-HelloForBusiness/Operational", "Provider_Name": "Microsoft-Windows-HelloForBusiness", "Computer": "DESKTOP-OFJ6N53", "TimeCreated": "2025-04-02 09:54:40.475769+00:00", "RecordID": "2656", "Level": "16", "UserID": "S-1-5-18", "EventData.ServiceName": "Microsoft Passport"}
{"EventID": "8025", "Channel": "Microsoft-Windows-HelloForBusiness/Operational", "Provider_Name": "Microsoft-Windows-HelloForBusiness", "Computer": "DESKTOP-OFJ6N53", "TimeCreated": "2025-04-02 09:57:43.237659+00:00", "RecordID": "2657", "Level": "16", "UserID": "S-1-5-19", "EventData.ServiceName": "Microsoft Passport Container"}
{"EventID": "5520", "Channel": "Microsoft-Windows-HelloForBusiness/Operational", "Provider_Name": "Microsoft-Windows-HelloForBusiness", "Computer": "DESKTOP-OFJ6N53", "TimeCreated": "2025-04-02 09:57:43.755688+00:00", "RecordID": "2658", "Level": "4", "UserID": "S-1-5-18"}
{"EventID": "3054", "Channel": "Microsoft-Windows-HelloForBusiness/Operational", "Provider_Name": "Microsoft-Windows-HelloForBusiness", "Computer": "DESKTOP-OFJ6N53", "TimeCreated": "2025-04-02 10:02:38.150620+00:00", "RecordID": "2659", "Level": "4", "UserID": "S-1-5-21-963789628-1060504924-4285088085-1001"}
{"EventID": "7210", "Channel": "Microsoft-Windows-HelloForBusiness/Operational", "Provider_Name": "Microsoft-Windows-HelloForBusiness", "Computer": "DESKTOP-OFJ6N53", "TimeCreated": "2025-04-02 10:02:38.151463+00:00", "RecordID": "2660", "Level": "2", "UserID": "S-1-5-21-963789628-1060504924-4285088085-1001"}
{"EventID": "7054", "Channel": "Microsoft-Windows-HelloForBusiness/Operational", "Provider_Name": "Microsoft-Windows-HelloForBusiness", "Computer": "DESKTOP-OFJ6N53", "TimeCreated": "2025-04-02 10:02:38.151463+00:00", "RecordID": "2661", "Level": "2", "UserID": "S-1-5-21-963789628-1060504924-4285088085-1001", "EventData.Error": "0x00000001"}
{"EventID": "8025", "Channel": "Microsoft-Windows-HelloForBusiness/Operational", "Provider_Name": "Microsoft-Windows-HelloForBusiness", "Computer": "DESKTOP-OFJ6N53", "TimeCreated": "2025-04-02 10:03:11.205896+00:00", "RecordID": "2662", "Level": "16", "UserID": "S-1-5-18", "EventData.ServiceName": "Microsoft Passport"}
{"EventID": "8025", "Channel": "Microsoft-Windows-HelloForBusiness/Operational", "Provider_Name": "Microsoft-Windows-HelloForBusiness", "Computer": "DESKTOP-OFJ6N53", "TimeCreated": "2025-04-02 10:08:28.397860+00:00", "RecordID": "2663", "Level": "16", "UserID": "S-1-5-19", "EventData.ServiceName": "Microsoft Passport Container"}
{"EventID": "5520", "Channel": "Microsoft-Windows-HelloForBusiness/Operational", "Provider_Name": "Microsoft-Windows-HelloForBusiness", "Computer": "DESKTOP-OFJ6N53", "TimeCreated": "2025-04-02 10:08:28.750368+00:00", "RecordID": "2664", "Level": "4", "UserID": "S-1-5-18"}
{"EventID": "3054", "Channel": "Microsoft-Windows-HelloForBusiness/Operational", "Provider_Name": "Microsoft-Windows-HelloForBusiness", "Computer": "DESKTOP-OFJ6N53", "TimeCreated": "2025-04-02 10:08:58.526590+00:00", "RecordID": "2665", "Level": "4", "UserID": "S-1-5-21-963789628-1060504924-4285088085-1001"}
{"EventID": "7210", "Channel": "Microsoft-Windows-HelloForBusiness/Operational", "Provider_Name": "Microsoft-Windows-HelloForBusiness", "Computer": "DESKTOP-OFJ6N53", "TimeCreated": "2025-04-02 10:08:58.528210+00:00", "RecordID": "2666", "Level": "2", "UserID": "S-1-5-21-963789628-1060504924-4285088085-1001"}
{"EventID": "7054", "Channel": "Microsoft-Windows-HelloForBusiness/Operational", "Provider_Name": "Microsoft-Windows-HelloForBusiness", "Computer": "DESKTOP-OFJ6N53", "TimeCreated": "2025-04-02 10:08:58.528212+00:00", "RecordID": "2667", "Level": "2", "UserID": "S-1-5-21-963789628-1060504924-4285088085-1001", "EventData.Error": "0x00000001"}
{"EventID": "8025", "Channel": "Microsoft-Windows-HelloForBusiness/Operational", "Provider_Name": "Microsoft-Windows-HelloForBusiness", "Computer": "DESKTOP-OFJ6N53", "TimeCreated": "2025-04-02 10:09:40.547327+00:00", "RecordID": "2668", "Level": "16", "UserID": "S-1-5-18", "EventData.ServiceName": "Microsoft Passport"}
{"EventID": "8025", "Channel": "Microsoft-Windows-HelloForBusiness/Operational", "Provider_Name": "Microsoft-Windows-HelloForBusiness", "Computer": "DESKTOP-OFJ6N53", "TimeCreated": "2025-04-02 10:11:55.012825+00:00", "RecordID": "2669", "Level": "16", "UserID": "S-1-5-19", "EventData.ServiceName": "Microsoft Passport Container"}
{"EventID": "5520", "Channel": "Microsoft-Windows-HelloForBusiness/Operational", "Provider_Name": "Microsoft-Windows-HelloForBusiness", "Computer": "DESKTOP-OFJ6N53", "TimeCreated": "2025-04-02 10:11:55.124435+00:00", "RecordID": "2670", "Level": "4", "UserID": "S-1-5-18"}
{"EventID": "3054", "Channel": "Microsoft-Windows-HelloForBusiness/Operational", "Provider_Name": "Microsoft-Windows-HelloForBusiness", "Computer": "DESKTOP-OFJ6N53", "TimeCreated": "2025-04-02 10:12:53.766954+00:00", "RecordID": "2671", "Level": "4", "UserID": "S-1-5-21-963789628-1060504924-4285088085-1001"}
{"EventID": "7210", "Channel": "Microsoft-Windows-HelloForBusiness/Operational", "Provider_Name": "Microsoft-Windows-HelloForBusiness", "Computer": "DESKTOP-OFJ6N53", "TimeCreated": "2025-04-02 10:12:53.767626+00:00", "RecordID": "2672", "Level": "2", "UserID": "S-1-5-21-963789628-1060504924-4285088085-1001"}
{"EventID": "7054", "Channel": "Microsoft-Windows-HelloForBusiness/Operational", "Provider_Name": "Microsoft-Windows-HelloForBusiness", "Computer": "DESKTOP-OFJ6N53", "TimeCreated": "2025-04-02 10:12:53.767626+00:00", "RecordID": "2673", "Level": "2", "UserID": "S-1-5-21-963789628-1060504924-4285088085-1001", "EventData.Error": "0x00000001"}
{"EventID": "8025", "Channel": "Microsoft-Windows-HelloForBusiness/Operational", "Provider_Name": "Microsoft-Windows-HelloForBusiness", "Computer": "DESKTOP-OFJ6N53", "TimeCreated": "2025-04-02 10:13:32.675268+00:00", "RecordID": "2674", "Level": "16", "UserID": "S-1-5-18", "EventData.ServiceName": "Microsoft Passport"}
{"EventID": "8025", "Channel": "Microsoft-Windows-HelloForBusiness/Operational", "Provider_Name": "Microsoft-Windows-HelloForBusiness", "Computer": "DESKTOP-OFJ6N53", "TimeCreated": "2025-04-02 10:16:20.721495+00:00", "RecordID": "2675", "Level": "16", "UserID": "S-1-5-19", "EventData.ServiceName": "Microsoft Passport Container"}
{"EventID": "5520", "Channel": "Microsoft-Windows-HelloForBusiness/Operational", "Provider_Name": "Microsoft-Windows-HelloForBusiness", "Computer": "DESKTOP-OFJ6N53", "TimeCreated": "2025-04-02 10:16:21.578255+00:00", "RecordID": "2676", "Level": "4", "UserID": "S-1-5-18"}
{"EventID": "3054", "Channel": "Microsoft-Windows-HelloForBusiness/Operational", "Provider_Name": "Microsoft-Windows-HelloForBusiness", "Computer": "DESKTOP-OFJ6N53", "TimeCreated": "2025-04-02 10:31:04.812965+00:00", "RecordID": "2677", "Level": "4", "UserID": "S-1-5-21-963789628-1060504924-4285088085-1001"}
{"EventID": "7210", "Channel": "Microsoft-Windows-HelloForBusiness/Operational", "Provider_Name": "Microsoft-Windows-HelloForBusiness", "Computer": "DESKTOP-OFJ6N53", "TimeCreated": "2025-04-02 10:31:04.816185+00:00", "RecordID": "2678", "Level": "2", "UserID": "S-1-5-21-963789628-1060504924-4285088085-1001"}
{"EventID": "7054", "Channel": "Microsoft-Windows-HelloForBusiness/Operational", "Provider_Name": "Microsoft-Windows-HelloForBusiness", "Computer": "DESKTOP-OFJ6N53", "TimeCreated": "2025-04-02 10:31:04.816187+00:00", "RecordID": "2679", "Level": "2", "UserID": "S-1-5-21-963789628-1060504924-4285088085-1001", "EventData.Error": "0x00000001"}
{"EventID": "8025", "Channel": "Microsoft-Windows-HelloForBusiness/Operational", "Provider_Name": "Microsoft-Windows-HelloForBusiness", "Computer": "DESKTOP-OFJ6N53", "TimeCreated": "2025-04-02 10:31:38.247444+00:00", "RecordID": "2680", "Level": "16", "UserID": "S-1-5-18", "EventData.ServiceName": "Microsoft Passport"}
{"EventID": "5520", "Channel": "Microsoft-Windows-HelloForBusiness/Operational", "Provider_Name": "Microsoft-Windows-HelloForBusiness", "Computer": "DESKTOP-OFJ6N53", "TimeCreated": "2025-04-02 10:34:07.688025+00:00", "RecordID": "2681", "Level": "4", "UserID": "S-1-5-18"}
{"EventID": "8025", "Channel": "Microsoft-Windows-HelloForBusiness/Operational", "Provider_Name": "Microsoft-Windows-HelloForBusiness", "Computer": "DESKTOP-OFJ6N53", "TimeCreated": "2025-04-02 10:34:07.926458+00:00", "RecordID": "2682", "Level": "16", "UserID": "S-1-5-19", "EventData.ServiceName": "Microsoft Passport Container"}
{"EventID": "3054", "Channel": "Microsoft-Windows-HelloForBusiness/Operational", "Provider_Name": "Microsoft-Windows-HelloForBusiness", "Computer": "DESKTOP-OFJ6N53", "TimeCreated": "2025-04-02 10:37:59.155346+00:00", "RecordID": "2683", "Level": "4", "UserID": "S-1-5-21-963789628-1060504924-4285088085-1001"}
{"EventID": "7210", "Channel": "Microsoft-Windows-HelloForBusiness/Operational", "Provider_Name": "Microsoft-Windows-HelloForBusiness", "Computer": "DESKTOP-OFJ6N53", "TimeCreated": "2025-04-02 10:37:59.156239+00:00", "RecordID": "2684", "Level": "2", "UserID": "S-1-5-21-963789628-1060504924-4285088085-1001"}
{"EventID": "7054", "Channel": "Microsoft-Windows-HelloForBusiness/Operational", "Provider_Name": "Microsoft-Windows-HelloForBusiness", "Computer": "DESKTOP-OFJ6N53", "TimeCreated": "2025-04-02 10:37:59.156242+00:00", "RecordID": "2685", "Level": "2", "UserID": "S-1-5-21-963789628-1060504924-4285088085-1001", "EventData.Error": "0x00000001"}
{"EventID": "8025", "Channel": "Microsoft-Windows-HelloForBusiness/Operational", "Provider_Name": "Microsoft-Windows-HelloForBusiness", "Computer": "DESKTOP-OFJ6N53", "TimeCreated": "2025-04-02 10:38:37.043274+00:00", "RecordID": "2686", "Level": "16", "UserID": "S-1-5-18", "EventData.ServiceName": "Microsoft Passport"}
{"EventID": "8025", "Channel": "Microsoft-Windows-HelloForBusiness/Operational", "Provider_Name": "Microsoft-Windows-HelloForBusiness", "Computer": "DESKTOP-OFJ6N53", "TimeCreated": "2025-04-02 12:12:50.497168+00:00", "RecordID": "2687", "Level": "16", "UserID": "S-1-5-19", "EventData.ServiceName": "Microsoft Passport Container"}
{"EventID": "8025", "Channel": "Microsoft-Windows-HelloForBusiness/Operational", "Provider_Name": "Microsoft-Windows-HelloForBusiness", "Computer": "DESKTOP-OFJ6N53", "TimeCreated": "2025-04-02 12:24:41.779024+00:00", "RecordID": "2688", "Level": "16", "UserID": "S-1-5-18", "EventData.ServiceName": "Microsoft Passport"}
{"EventID": "8025", "Channel": "Microsoft-Windows-HelloForBusiness/Operational", "Provider_Name": "Microsoft-Windows-HelloForBusiness", "Computer": "DESKTOP-OFJ6N53", "TimeCreated": "2025-04-02 14:21:08.753267+00:00", "RecordID": "2689", "Level": "16", "UserID": "S-1-5-19", "EventData.ServiceName": "Microsoft Passport Container"}
{"EventID": "8025", "Channel": "Microsoft-Windows-HelloForBusiness/Operational", "Provider_Name": "Microsoft-Windows-HelloForBusiness", "Computer": "DESKTOP-OFJ6N53", "TimeCreated": "2025-04-02 14:58:09.780401+00:00", "RecordID": "2690", "Level": "16", "UserID": "S-1-5-19", "EventData.ServiceName": "Microsoft Passport Container"}
{"EventID": "8025", "Channel": "Microsoft-Windows-HelloForBusiness/Operational", "Provider_Name": "Microsoft-Windows-HelloForBusiness", "Computer": "DESKTOP-OFJ6N53", "TimeCreated": "2025-04-02 17:15:45.808414+00:00", "RecordID": "2691", "Level": "16", "UserID": "S-1-5-19", "EventData.ServiceName": "Microsoft Passport Container"}
{"EventID": "8025", "Channel": "Microsoft-Windows-HelloForBusiness/Operational", "Provider_Name": "Microsoft-Windows-HelloForBusiness", "Computer": "DESKTOP-OFJ6N53", "TimeCreated": "2025-04-02 17:18:53.207891+00:00", "RecordID": "2692", "Level": "16", "UserID": "S-1-5-18", "EventData.ServiceName": "Microsoft Passport"}
{"EventID": "8025", "Channel": "Microsoft-Windows-HelloForBusiness/Operational", "Provider_Name": "Microsoft-Windows-HelloForBusiness", "Computer": "DESKTOP-OFJ6N53", "TimeCreated": "2025-04-03 06:59:42.891344+00:00", "RecordID": "2693", "Level": "16", "UserID": "S-1-5-19", "EventData.ServiceName": "Microsoft Passport Container"}
{"EventID": "8025", "Channel": "Microsoft-Windows-HelloForBusiness/Operational", "Provider_Name": "Microsoft-Windows-HelloForBusiness", "Computer": "DESKTOP-OFJ6N53", "TimeCreated": "2025-04-03 07:01:50.896730+00:00", "RecordID": "2694", "Level": "16", "UserID": "S-1-5-18", "EventData.ServiceName": "Microsoft Passport"}
{"EventID": "8025", "Channel": "Microsoft-Windows-HelloForBusiness/Operational", "Provider_Name": "Microsoft-Windows-HelloForBusiness", "Computer": "DESKTOP-OFJ6N53", "TimeCreated": "2025-04-03 10:48:15.854677+00:00", "RecordID": "2695", "Level": "16", "UserID": "S-1-5-18", "EventData.ServiceName": "Microsoft Passport"}
{"EventID": "5520", "Channel": "Microsoft-Windows-HelloForBusiness/Operational", "Provider_Name": "Microsoft-Windows-HelloForBusiness", "Computer": "DESKTOP-OFJ6N53", "TimeCreated": "2025-04-03 13:09:22.877972+00:00", "RecordID": "2696", "Level": "4", "UserID": "S-1-5-21-963789628-1060504924-4285088085-1001"}
{"EventID": "5520", "Channel": "Microsoft-Windows-HelloForBusiness/Operational", "Provider_Name": "Microsoft-Windows-HelloForBusiness", "Computer": "DESKTOP-OFJ6N53", "TimeCreated": "2025-04-03 13:10:50.809111+00:00", "RecordID": "2697", "Level": "4", "UserID": "S-1-5-21-963789628-1060504924-4285088085-1001"}
{"EventID": "5520", "Channel": "Microsoft-Windows-HelloForBusiness/Operational", "Provider_Name": "Microsoft-Windows-HelloForBusiness", "Computer": "DESKTOP-OFJ6N53", "TimeCreated": "2025-04-03 13:11:31.355068+00:00", "RecordID": "2698", "Level": "4", "UserID": "S-1-5-21-963789628-1060504924-4285088085-1001"}
{"EventID": "5520", "Channel": "Microsoft-Windows-HelloForBusiness/Operational", "Provider_Name": "Microsoft-Windows-HelloForBusiness", "Computer": "DESKTOP-OFJ6N53", "TimeCreated": "2025-04-03 13:42:52.933235+00:00", "RecordID": "2699", "Level": "4", "UserID": "S-1-5-21-963789628-1060504924-4285088085-1001"}
{"EventID": "8025", "Channel": "Microsoft-Windows-HelloForBusiness/Operational", "Provider_Name": "Microsoft-Windows-HelloForBusiness", "Computer": "DESKTOP-OFJ6N53", "TimeCreated": "2025-04-04 10:48:17.257690+00:00", "RecordID": "2700", "Level": "16", "UserID": "S-1-5-18", "EventData.ServiceName": "Microsoft Passport"}
{"EventID": "8025", "Channel": "Microsoft-Windows-HelloForBusiness/Operational", "Provider_Name": "Microsoft-Windows-HelloForBusiness", "Computer": "DESKTOP-OFJ6N53", "TimeCreated": "2025-04-05 10:48:18.792925+00:00", "RecordID": "2701", "Level": "16", "UserID": "S-1-5-18", "EventData.ServiceName": "Microsoft Passport"}
{"EventID": "8025", "Channel": "Microsoft-Windows-HelloForBusiness/Operational", "Provider_Name": "Microsoft-Windows-HelloForBusiness", "Computer": "DESKTOP-OFJ6N53", "TimeCreated": "2025-04-06 10:48:20.069595+00:00", "RecordID": "2702", "Level": "16", "UserID": "S-1-5-18", "EventData.ServiceName": "Microsoft Passport"}
{"EventID": "5520", "Channel": "Microsoft-Windows-HelloForBusiness/Operational", "Provider_Name": "Microsoft-Windows-HelloForBusiness", "Computer": "DESKTOP-OFJ6N53", "TimeCreated": "2025-04-06 12:19:52.031763+00:00", "RecordID": "2703", "Level": "4", "UserID": "S-1-5-18"}
{"EventID": "8025", "Channel": "Microsoft-Windows-HelloForBusiness/Operational", "Provider_Name": "Microsoft-Windows-HelloForBusiness", "Computer": "DESKTOP-OFJ6N53", "TimeCreated": "2025-04-06 12:20:08.983614+00:00", "RecordID": "2704", "Level": "16", "UserID": "S-1-5-18", "EventData.ServiceName": "Microsoft Passport"}
{"EventID": "8025", "Channel": "Microsoft-Windows-HelloForBusiness/Operational", "Provider_Name": "Microsoft-Windows-HelloForBusiness", "Computer": "DESKTOP-OFJ6N53", "TimeCreated": "2025-04-06 16:58:15.334536+00:00", "RecordID": "2705", "Level": "16", "UserID": "S-1-5-18", "EventData.ServiceName": "Microsoft Passport"}
{"EventID": "8025", "Channel": "Microsoft-Windows-HelloForBusiness/Operational", "Provider_Name": "Microsoft-Windows-HelloForBusiness", "Computer": "DESKTOP-OFJ6N53", "TimeCreated": "2025-04-06 20:20:31.076559+00:00", "RecordID": "2706", "Level": "16", "UserID": "S-1-5-19", "EventData.ServiceName": "Microsoft Passport Container"}
{"EventID": "8025", "Channel": "Microsoft-Windows-HelloForBusiness/Operational", "Provider_Name": "Microsoft-Windows-HelloForBusiness", "Computer": "DESKTOP-OFJ6N53", "TimeCreated": "2025-04-07 05:37:47.986597+00:00", "RecordID": "2707", "Level": "16", "UserID": "S-1-5-19", "EventData.ServiceName": "Microsoft Passport Container"}
{"EventID": "8025", "Channel": "Microsoft-Windows-HelloForBusiness/Operational", "Provider_Name": "Microsoft-Windows-HelloForBusiness", "Computer": "DESKTOP-OFJ6N53", "TimeCreated": "2025-04-07 13:37:13.418549+00:00", "RecordID": "2708", "Level": "16", "UserID": "S-1-5-19", "EventData.ServiceName": "Microsoft Passport Container"}
{"EventID": "8025", "Channel": "Microsoft-Windows-HelloForBusiness/Operational", "Provider_Name": "Microsoft-Windows-HelloForBusiness", "Computer": "DESKTOP-OFJ6N53", "TimeCreated": "2025-04-07 18:38:32.075249+00:00", "RecordID": "2709", "Level": "16", "UserID": "S-1-5-19", "EventData.ServiceName": "Microsoft Passport Container"}
{"EventID": "8025", "Channel": "Microsoft-Windows-HelloForBusiness/Operational", "Provider_Name": "Microsoft-Windows-HelloForBusiness", "Computer": "DESKTOP-OFJ6N53", "TimeCreated": "2025-04-08 22:37:51.645554+00:00", "RecordID": "2710", "Level": "16", "UserID": "S-1-5-18", "EventData.ServiceName": "Microsoft Passport"}
{"EventID": "8025", "Channel": "Microsoft-Windows-HelloForBusiness/Operational", "Provider_Name": "Microsoft-Windows-HelloForBusiness", "Computer": "DESKTOP-OFJ6N53", "TimeCreated": "2025-04-08 22:37:53.878542+00:00", "RecordID": "2711", "Level": "16", "UserID": "S-1-5-19", "EventData.ServiceName": "Microsoft Passport Container"}
{"EventID": "8025", "Channel": "Microsoft-Windows-HelloForBusiness/Operational", "Provider_Name": "Microsoft-Windows-HelloForBusiness", "Computer": "DESKTOP-OFJ6N53", "TimeCreated": "2025-04-09 14:35:43.440874+00:00", "RecordID": "2712", "Level": "16", "UserID": "S-1-5-19", "EventData.ServiceName": "Microsoft Passport Container"}
{"EventID": "5520", "Channel": "Microsoft-Windows-HelloForBusiness/Operational", "Provider_Name": "Microsoft-Windows-HelloForBusiness", "Computer": "DESKTOP-OFJ6N53", "TimeCreated": "2025-04-09 14:41:20.874924+00:00", "RecordID": "2713", "Level": "4", "UserID": "S-1-5-18"}
{"EventID": "3054", "Channel": "Microsoft-Windows-HelloForBusiness/Operational", "Provider_Name": "Microsoft-Windows-HelloForBusiness", "Computer": "DESKTOP-OFJ6N53", "TimeCreated": "2025-04-10 05:53:21.438501+00:00", "RecordID": "2714", "Level": "4", "UserID": "S-1-5-21-963789628-1060504924-4285088085-1001"}
{"EventID": "7210", "Channel": "Microsoft-Windows-HelloForBusiness/Operational", "Provider_Name": "Microsoft-Windows-HelloForBusiness", "Computer": "DESKTOP-OFJ6N53", "TimeCreated": "2025-04-10 05:53:21.438515+00:00", "RecordID": "2715", "Level": "2", "UserID": "S-1-5-21-963789628-1060504924-4285088085-1001"}
{"EventID": "7054", "Channel": "Microsoft-Windows-HelloForBusiness/Operational", "Provider_Name": "Microsoft-Windows-HelloForBusiness", "Computer": "DESKTOP-OFJ6N53", "TimeCreated": "2025-04-10 05:53:21.438515+00:00", "RecordID": "2716", "Level": "2", "UserID": "S-1-5-21-963789628-1060504924-4285088085-1001", "EventData.Error": "0x00000001"}
{"EventID": "8025", "Channel": "Microsoft-Windows-HelloForBusiness/Operational", "Provider_Name": "Microsoft-Windows-HelloForBusiness", "Computer": "DESKTOP-OFJ6N53", "TimeCreated": "2025-04-10 05:53:57.696630+00:00", "RecordID": "2717", "Level": "16", "UserID": "S-1-5-18", "EventData.ServiceName": "Microsoft Passport"}
{"EventID": "8025", "Channel": "Microsoft-Windows-HelloForBusiness/Operational", "Provider_Name": "Microsoft-Windows-HelloForBusiness", "Computer": "DESKTOP-OFJ6N53", "TimeCreated": "2025-04-10 05:54:36.154541+00:00", "RecordID": "2718", "Level": "16", "UserID": "S-1-5-19", "EventData.ServiceName": "Microsoft Passport Container"}
{"EventID": "8025", "Channel": "Microsoft-Windows-HelloForBusiness/Operational", "Provider_Name": "Microsoft-Windows-HelloForBusiness", "Computer": "DESKTOP-OFJ6N53", "TimeCreated": "2025-04-10 06:07:55.158766+00:00", "RecordID": "2719", "Level": "16", "UserID": "S-1-5-18", "EventData.ServiceName": "Microsoft Passport"}
{"EventID": "8025", "Channel": "Microsoft-Windows-HelloForBusiness/Operational", "Provider_Name": "Microsoft-Windows-HelloForBusiness", "Computer": "DESKTOP-OFJ6N53", "TimeCreated": "2025-04-14 11:39:47.115101+00:00", "RecordID": "2720", "Level": "16", "UserID": "S-1-5-18", "EventData.ServiceName": "Microsoft Passport"}
{"EventID": "8025", "Channel": "Microsoft-Windows-HelloForBusiness/Operational", "Provider_Name": "Microsoft-Windows-HelloForBusiness", "Computer": "DESKTOP-OFJ6N53", "TimeCreated": "2025-04-14 19:56:58.093811+00:00", "RecordID": "2721", "Level": "16", "UserID": "S-1-5-18", "EventData.ServiceName": "Microsoft Passport"}
{"EventID": "8025", "Channel": "Microsoft-Windows-HelloForBusiness/Operational", "Provider_Name": "Microsoft-Windows-HelloForBusiness", "Computer": "DESKTOP-OFJ6N53", "TimeCreated": "2025-04-14 19:56:59.915134+00:00", "RecordID": "2722", "Level": "16", "UserID": "S-1-5-19", "EventData.ServiceName": "Microsoft Passport Container"}
{"EventID": "8025", "Channel": "Microsoft-Windows-HelloForBusiness/Operational", "Provider_Name": "Microsoft-Windows-HelloForBusiness", "Computer": "DESKTOP-OFJ6N53", "TimeCreated": "2025-04-16 16:00:34.830416+00:00", "RecordID": "2723", "Level": "16", "UserID": "S-1-5-18", "EventData.ServiceName": "Microsoft Passport"}
{"EventID": "8025", "Channel": "Microsoft-Windows-HelloForBusiness/Operational", "Provider_Name": "Microsoft-Windows-HelloForBusiness", "Computer": "DESKTOP-OFJ6N53", "TimeCreated": "2025-04-16 16:00:36.759970+00:00", "RecordID": "2724", "Level": "16", "UserID": "S-1-5-19", "EventData.ServiceName": "Microsoft Passport Container"}
{"EventID": "8025", "Channel": "Microsoft-Windows-HelloForBusiness/Operational", "Provider_Name": "Microsoft-Windows-HelloForBusiness", "Computer": "DESKTOP-OFJ6N53", "TimeCreated": "2025-04-18 17:09:09.497002+00:00", "RecordID": "2725", "Level": "16", "UserID": "S-1-5-18", "EventData.ServiceName": "Microsoft Passport"}
{"EventID": "8025", "Channel": "Microsoft-Windows-HelloForBusiness/Operational", "Provider_Name": "Microsoft-Windows-HelloForBusiness", "Computer": "DESKTOP-OFJ6N53", "TimeCreated": "2025-04-18 17:09:12.059826+00:00", "RecordID": "2726", "Level": "16", "UserID": "S-1-5-19", "EventData.ServiceName": "Microsoft Passport Container"}
{"EventID": "8025", "Channel": "Microsoft-Windows-HelloForBusiness/Operational", "Provider_Name": "Microsoft-Windows-HelloForBusiness", "Computer": "DESKTOP-OFJ6N53", "TimeCreated": "2025-04-22 07:19:47.199665+00:00", "RecordID": "2727", "Level": "16", "UserID": "S-1-5-18", "EventData.ServiceName": "Microsoft Passport"}
{"EventID": "8025", "Channel": "Microsoft-Windows-HelloForBusiness/Operational", "Provider_Name": "Microsoft-Windows-HelloForBusiness", "Computer": "DESKTOP-OFJ6N53", "TimeCreated": "2025-04-22 07:19:49.304491+00:00", "RecordID": "2728", "Level": "16", "UserID": "S-1-5-19", "EventData.ServiceName": "Microsoft Passport Container"}
{"EventID": "8025", "Channel": "Microsoft-Windows-HelloForBusiness/Operational", "Provider_Name": "Microsoft-Windows-HelloForBusiness", "Computer": "DESKTOP-OFJ6N53", "TimeCreated": "2025-04-22 15:18:11.143066+00:00", "RecordID": "2729", "Level": "16", "UserID": "S-1-5-19", "EventData.ServiceName": "Microsoft Passport Container"}
{"EventID": "8025", "Channel": "Microsoft-Windows-HelloForBusiness/Operational", "Provider_Name": "Microsoft-Windows-HelloForBusiness", "Computer": "DESKTOP-OFJ6N53", "TimeCreated": "2025-04-22 16:16:33.541924+00:00", "RecordID": "2730", "Level": "16", "UserID": "S-1-5-19", "EventData.ServiceName": "Microsoft Passport Container"}
{"EventID": "8025", "Channel": "Microsoft-Windows-HelloForBusiness/Operational", "Provider_Name": "Microsoft-Windows-HelloForBusiness", "Computer": "DESKTOP-OFJ6N53", "TimeCreated": "2025-04-23 00:40:25.267925+00:00", "RecordID": "2731", "Level": "16", "UserID": "S-1-5-19", "EventData.ServiceName": "Microsoft Passport Container"}
{"EventID": "5520", "Channel": "Microsoft-Windows-HelloForBusiness/Operational", "Provider_Name": "Microsoft-Windows-HelloForBusiness", "Computer": "DESKTOP-OFJ6N53", "TimeCreated": "2025-04-23 00:40:40.612034+00:00", "RecordID": "2732", "Level": "4", "UserID": "S-1-5-18"}
{"EventID": "3054", "Channel": "Microsoft-Windows-HelloForBusiness/Operational", "Provider_Name": "Microsoft-Windows-HelloForBusiness", "Computer": "DESKTOP-OFJ6N53", "TimeCreated": "2025-04-24 11:02:18.940281+00:00", "RecordID": "2733", "Level": "4", "UserID": "S-1-5-21-963789628-1060504924-4285088085-1001"}
{"EventID": "7210", "Channel": "Microsoft-Windows-HelloForBusiness/Operational", "Provider_Name": "Microsoft-Windows-HelloForBusiness", "Computer": "DESKTOP-OFJ6N53", "TimeCreated": "2025-04-24 11:02:18.941881+00:00", "RecordID": "2734", "Level": "2", "UserID": "S-1-5-21-963789628-1060504924-4285088085-1001"}
{"EventID": "7054", "Channel": "Microsoft-Windows-HelloForBusiness/Operational", "Provider_Name": "Microsoft-Windows-HelloForBusiness", "Computer": "DESKTOP-OFJ6N53", "TimeCreated": "2025-04-24 11:02:18.941883+00:00", "RecordID": "2735", "Level": "2", "UserID": "S-1-5-21-963789628-1060504924-4285088085-1001", "EventData.Error": "0x00000001"}
{"EventID": "8025", "Channel": "Microsoft-Windows-HelloForBusiness/Operational", "Provider_Name": "Microsoft-Windows-HelloForBusiness", "Computer": "DESKTOP-OFJ6N53", "TimeCreated": "2025-04-24 11:03:03.093613+00:00", "RecordID": "2736", "Level": "16", "UserID": "S-1-5-18", "EventData.ServiceName": "Microsoft Passport"}
{"EventID": "8025", "Channel": "Microsoft-Windows-HelloForBusiness/Operational", "Provider_Name": "Microsoft-Windows-HelloForBusiness", "Computer": "DESKTOP-OFJ6N53", "TimeCreated": "2025-04-24 11:11:38.442471+00:00", "RecordID": "2737", "Level": "16", "UserID": "S-1-5-19", "EventData.ServiceName": "Microsoft Passport Container"}
{"EventID": "8025", "Channel": "Microsoft-Windows-HelloForBusiness/Operational", "Provider_Name": "Microsoft-Windows-HelloForBusiness", "Computer": "DESKTOP-OFJ6N53", "TimeCreated": "2025-04-28 17:03:24.437449+00:00", "RecordID": "2738", "Level": "16", "UserID": "S-1-5-18", "EventData.ServiceName": "Microsoft Passport"}
