{"EventID": "3", "Channel": "Microsoft-Windows-Crypto-DPAPI/Operational", "Provider_Name": "Microsoft-Windows-Crypto-DPAPI", "Computer": "DESKTOP-OFJ6N53", "TimeCreated": "2025-08-26 01:23:42.629417+00:00", "RecordID": "18166", "Level": "4", "UserID": "S-1-5-18", "EventData.MasterKeyGUID": "{d948afd0-4605-4a10-84a0-37c90b19395e}", "EventData.Success": "False", "EventData.LastError": "0x00000000", "EventData.MasterKeyDisposition": "0x00000003"}
{"EventID": "8198", "Channel": "Microsoft-Windows-Crypto-DPAPI/Operational", "Provider_Name": "Microsoft-Windows-Crypto-DPAPI", "Computer": "DESKTOP-OFJ6N53", "TimeCreated": "2025-08-26 01:23:42.629423+00:00", "RecordID": "18167", "Level": "2", "UserID": "S-1-5-18", "EventData.Status": "0x8009000b", "EventData.ReasonForFailure": "6"}
{"EventID": "3", "Channel": "Microsoft-Windows-Crypto-DPAPI/Operational", "Provider_Name": "Microsoft-Windows-Crypto-DPAPI", "Computer": "DESKTOP-OFJ6N53", "TimeCreated": "2025-08-26 01:23:42.767481+00:00", "RecordID": "18168", "Level": "4", "UserID": "S-1-5-18", "EventData.MasterKeyGUID": "{d948afd0-4605-4a10-84a0-37c90b19395e}", "EventData.Success": "False", "EventData.LastError": "0x00000000", "EventData.MasterKeyDisposition": "0x00000003"}
{"EventID": "8198", "Channel": "Microsoft-Windows-Crypto-DPAPI/Operational", "Provider_Name": "Microsoft-Windows-Crypto-DPAPI", "Computer": "DESKTOP-OFJ6N53", "TimeCreated": "2025-08-26 01:23:42.767485+00:00", "RecordID": "18169", "Level": "2", "UserID": "S-1-5-18", "EventData.Status": "0x8009000b", "EventData.ReasonForFailure": "6"}
{"EventID": "12289", "Channel": "Microsoft-Windows-Crypto-DPAPI/Operational", "Provider_Name": "Microsoft-Windows-Crypto-DPAPI", "Computer": "DESKTOP-OFJ6N53", "TimeCreated": "2025-08-26 07:07:45.171198+00:00", "RecordID": "18170", "Level": "4", "UserID": "S-1-5-18", "EventData.CredKeyIdentifier": "bDlzZcwRSiWEKLg5fSnmYP7NRrbjNtYbKhrW2ONnho0=", "EventData.UserName": "sk.batsiev", "EventData.UserSid": "S-1-5-21-963789628-1060504924-4285088085-1001"}
{"EventID": "12289", "Channel": "Microsoft-Windows-Crypto-DPAPI/Operational", "Provider_Name": "Microsoft-Windows-Crypto-DPAPI", "Computer": "DESKTOP-OFJ6N53", "TimeCreated": "2025-08-26 07:07:45.179321+00:00", "RecordID": "18171", "Level": "4", "UserID": "S-1-5-18", "EventData.CredKeyIdentifier": "bDlzZcwRSiWEKLg5fSnmYP7NRrbjNtYbKhrW2ONnho0=", "EventData.UserName": "sk.batsiev", "EventData.UserSid": "S-1-5-21-963789628-1060504924-4285088085-1001"}
{"EventID": "12289", "Channel": "Microsoft-Windows-Crypto-DPAPI/Operational", "Provider_Name": "Microsoft-Windows-Crypto-DPAPI", "Computer": "DESKTOP-OFJ6N53", "TimeCreated": "2025-08-26 07:07:45.179453+00:00", "RecordID": "18172", "Level": "4", "UserID": "S-1-5-18", "EventData.CredKeyIdentifier": "bDlzZcwRSiWEKLg5fSnmYP7NRrbjNtYbKhrW2ONnho0=", "EventData.UserName": "sk.batsiev", "EventData.UserSid": "S-1-5-21-963789628-1060504924-4285088085-1001"}
{"EventID": "12289", "Channel": "Microsoft-Windows-Crypto-DPAPI/Operational", "Provider_Name": "Microsoft-Windows-Crypto-DPAPI", "Computer": "DESKTOP-OFJ6N53", "TimeCreated": "2025-08-26 07:07:45.179611+00:00", "RecordID": "18173", "Level": "4", "UserID": "S-1-5-18", "EventData.CredKeyIdentifier": "bDlzZcwRSiWEKLg5fSnmYP7NRrbjNtYbKhrW2ONnho0=", "EventData.UserName": "sk.batsiev", "EventData.UserSid": "S-1-5-21-963789628-1060504924-4285088085-1001"}
{"EventID": "12289", "Channel": "Microsoft-Windows-Crypto-DPAPI/Operational", "Provider_Name": "Microsoft-Windows-Crypto-DPAPI", "Computer": "DESKTOP-OFJ6N53", "TimeCreated": "2025-08-26 07:07:45.179771+00:00", "RecordID": "18174", "Level": "4", "UserID": "S-1-5-18", "EventData.CredKeyIdentifier": "bDlzZcwRSiWEKLg5fSnmYP7NRrbjNtYbKhrW2ONnho0=", "EventData.UserName": "sk.batsiev", "EventData.UserSid": "S-1-5-21-963789628-1060504924-4285088085-1001"}
{"EventID": "12289", "Channel": "Microsoft-Windows-Crypto-DPAPI/Operational", "Provider_Name": "Microsoft-Windows-Crypto-DPAPI", "Computer": "DESKTOP-OFJ6N53", "TimeCreated": "2025-08-26 07:15:40.659132+00:00", "RecordID": "18175", "Level": "4", "UserID": "S-1-5-18", "EventData.CredKeyIdentifier": "bDlzZcwRSiWEKLg5fSnmYP7NRrbjNtYbKhrW2ONnho0=", "EventData.UserName": "sk.batsiev", "EventData.UserSid": "S-1-5-21-963789628-1060504924-4285088085-1001"}
{"EventID": "12289", "Channel": "Microsoft-Windows-Crypto-DPAPI/Operational", "Provider_Name": "Microsoft-Windows-Crypto-DPAPI", "Computer": "DESKTOP-OFJ6N53", "TimeCreated": "2025-08-26 07:15:40.698792+00:00", "RecordID": "18176", "Level": "4", "UserID": "S-1-5-18", "EventData.CredKeyIdentifier": "bDlzZcwRSiWEKLg5fSnmYP7NRrbjNtYbKhrW2ONnho0=", "EventData.UserName": "sk.batsiev", "EventData.UserSid": "S-1-5-21-963789628-1060504924-4285088085-1001"}
{"EventID": "12289", "Channel": "Microsoft-Windows-Crypto-DPAPI/Operational", "Provider_Name": "Microsoft-Windows-Crypto-DPAPI", "Computer": "DESKTOP-OFJ6N53", "TimeCreated": "2025-08-26 07:15:40.698904+00:00", "RecordID": "18177", "Level": "4", "UserID": "S-1-5-18", "EventData.CredKeyIdentifier": "bDlzZcwRSiWEKLg5fSnmYP7NRrbjNtYbKhrW2ONnho0=", "EventData.UserName": "sk.batsiev", "EventData.UserSid": "S-1-5-21-963789628-1060504924-4285088085-1001"}
{"EventID": "12289", "Channel": "Microsoft-Windows-Crypto-DPAPI/Operational", "Provider_Name": "Microsoft-Windows-Crypto-DPAPI", "Computer": "DESKTOP-OFJ6N53", "TimeCreated": "2025-08-26 07:15:40.699034+00:00", "RecordID": "18178", "Level": "4", "UserID": "S-1-5-18", "EventData.CredKeyIdentifier": "bDlzZcwRSiWEKLg5fSnmYP7NRrbjNtYbKhrW2ONnho0=", "EventData.UserName": "sk.batsiev", "EventData.UserSid": "S-1-5-21-963789628-1060504924-4285088085-1001"}
{"EventID": "12289", "Channel": "Microsoft-Windows-Crypto-DPAPI/Operational", "Provider_Name": "Microsoft-Windows-Crypto-DPAPI", "Computer": "DESKTOP-OFJ6N53", "TimeCreated": "2025-08-26 07:15:40.699202+00:00", "RecordID": "18179", "Level": "4", "UserID": "S-1-5-18", "EventData.CredKeyIdentifier": "bDlzZcwRSiWEKLg5fSnmYP7NRrbjNtYbKhrW2ONnho0=", "EventData.UserName": "sk.batsiev", "EventData.UserSid": "S-1-5-21-963789628-1060504924-4285088085-1001"}
{"EventID": "3", "Channel": "Microsoft-Windows-Crypto-DPAPI/Operational", "Provider_Name": "Microsoft-Windows-Crypto-DPAPI", "Computer": "DESKTOP-OFJ6N53", "TimeCreated": "2025-08-26 07:57:47.062220+00:00", "RecordID": "18180", "Level": "4", "UserID": "S-1-5-18", "EventData.MasterKeyGUID": "{d948afd0-4605-4a10-84a0-37c90b19395e}", "EventData.Success": "False", "EventData.LastError": "0x00000000", "EventData.MasterKeyDisposition": "0x00000003"}
{"EventID": "8198", "Channel": "Microsoft-Windows-Crypto-DPAPI/Operational", "Provider_Name": "Microsoft-Windows-Crypto-DPAPI", "Computer": "DESKTOP-OFJ6N53", "TimeCreated": "2025-08-26 07:57:47.062223+00:00", "RecordID": "18181", "Level": "2", "UserID": "S-1-5-18", "EventData.Status": "0x8009000b", "EventData.ReasonForFailure": "6"}
{"EventID": "3", "Channel": "Microsoft-Windows-Crypto-DPAPI/Operational", "Provider_Name": "Microsoft-Windows-Crypto-DPAPI", "Computer": "DESKTOP-OFJ6N53", "TimeCreated": "2025-08-26 07:57:47.139645+00:00", "RecordID": "18182", "Level": "4", "UserID": "S-1-5-18", "EventData.MasterKeyGUID": "{d948afd0-4605-4a10-84a0-37c90b19395e}", "EventData.Success": "False", "EventData.LastError": "0x00000000", "EventData.MasterKeyDisposition": "0x00000003"}
{"EventID": "8198", "Channel": "Microsoft-Windows-Crypto-DPAPI/Operational", "Provider_Name": "Microsoft-Windows-Crypto-DPAPI", "Computer": "DESKTOP-OFJ6N53", "TimeCreated": "2025-08-26 07:57:47.139648+00:00", "RecordID": "18183", "Level": "2", "UserID": "S-1-5-18", "EventData.Status": "0x8009000b", "EventData.ReasonForFailure": "6"}
{"EventID": "12289", "Channel": "Microsoft-Windows-Crypto-DPAPI/Operational", "Provider_Name": "Microsoft-Windows-Crypto-DPAPI", "Computer": "DESKTOP-OFJ6N53", "TimeCreated": "2025-08-26 09:54:59.989723+00:00", "RecordID": "18184", "Level": "4", "UserID": "S-1-5-18", "EventData.CredKeyIdentifier": "bDlzZcwRSiWEKLg5fSnmYP7NRrbjNtYbKhrW2ONnho0=", "EventData.UserName": "sk.batsiev", "EventData.UserSid": "S-1-5-21-963789628-1060504924-4285088085-1001"}
{"EventID": "12289", "Channel": "Microsoft-Windows-Crypto-DPAPI/Operational", "Provider_Name": "Microsoft-Windows-Crypto-DPAPI", "Computer": "DESKTOP-OFJ6N53", "TimeCreated": "2025-08-26 09:54:59.999556+00:00", "RecordID": "18185", "Level": "4", "UserID": "S-1-5-18", "EventData.CredKeyIdentifier": "bDlzZcwRSiWEKLg5fSnmYP7NRrbjNtYbKhrW2ONnho0=", "EventData.UserName": "sk.batsiev", "EventData.UserSid": "S-1-5-21-963789628-1060504924-4285088085-1001"}
{"EventID": "12289", "Channel": "Microsoft-Windows-Crypto-DPAPI/Operational", "Provider_Name": "Microsoft-Windows-Crypto-DPAPI", "Computer": "DESKTOP-OFJ6N53", "TimeCreated": "2025-08-26 09:54:59.999668+00:00", "RecordID": "18186", "Level": "4", "UserID": "S-1-5-18", "EventData.CredKeyIdentifier": "bDlzZcwRSiWEKLg5fSnmYP7NRrbjNtYbKhrW2ONnho0=", "EventData.UserName": "sk.batsiev", "EventData.UserSid": "S-1-5-21-963789628-1060504924-4285088085-1001"}
{"EventID": "12289", "Channel": "Microsoft-Windows-Crypto-DPAPI/Operational", "Provider_Name": "Microsoft-Windows-Crypto-DPAPI", "Computer": "DESKTOP-OFJ6N53", "TimeCreated": "2025-08-26 09:54:59.999800+00:00", "RecordID": "18187", "Level": "4", "UserID": "S-1-5-18", "EventData.CredKeyIdentifier": "bDlzZcwRSiWEKLg5fSnmYP7NRrbjNtYbKhrW2ONnho0=", "EventData.UserName": "sk.batsiev", "EventData.UserSid": "S-1-5-21-963789628-1060504924-4285088085-1001"}
{"EventID": "12289", "Channel": "Microsoft-Windows-Crypto-DPAPI/Operational", "Provider_Name": "Microsoft-Windows-Crypto-DPAPI", "Computer": "DESKTOP-OFJ6N53", "TimeCreated": "2025-08-26 09:54:59.999931+00:00", "RecordID": "18188", "Level": "4", "UserID": "S-1-5-18", "EventData.CredKeyIdentifier": "bDlzZcwRSiWEKLg5fSnmYP7NRrbjNtYbKhrW2ONnho0=", "EventData.UserName": "sk.batsiev", "EventData.UserSid": "S-1-5-21-963789628-1060504924-4285088085-1001"}
{"EventID": "12289", "Channel": "Microsoft-Windows-Crypto-DPAPI/Operational", "Provider_Name": "Microsoft-Windows-Crypto-DPAPI", "Computer": "DESKTOP-OFJ6N53", "TimeCreated": "2025-08-26 09:58:32.115976+00:00", "RecordID": "18189", "Level": "4", "UserID": "S-1-5-18", "EventData.CredKeyIdentifier": "bDlzZcwRSiWEKLg5fSnmYP7NRrbjNtYbKhrW2ONnho0=", "EventData.UserName": "sk.batsiev", "EventData.UserSid": "S-1-5-21-963789628-1060504924-4285088085-1001"}
{"EventID": "12289", "Channel": "Microsoft-Windows-Crypto-DPAPI/Operational", "Provider_Name": "Microsoft-Windows-Crypto-DPAPI", "Computer": "DESKTOP-OFJ6N53", "TimeCreated": "2025-08-26 09:58:32.122520+00:00", "RecordID": "18190", "Level": "4", "UserID": "S-1-5-18", "EventData.CredKeyIdentifier": "bDlzZcwRSiWEKLg5fSnmYP7NRrbjNtYbKhrW2ONnho0=", "EventData.UserName": "sk.batsiev", "EventData.UserSid": "S-1-5-21-963789628-1060504924-4285088085-1001"}
{"EventID": "12289", "Channel": "Microsoft-Windows-Crypto-DPAPI/Operational", "Provider_Name": "Microsoft-Windows-Crypto-DPAPI", "Computer": "DESKTOP-OFJ6N53", "TimeCreated": "2025-08-26 09:58:32.122646+00:00", "RecordID": "18191", "Level": "4", "UserID": "S-1-5-18", "EventData.CredKeyIdentifier": "bDlzZcwRSiWEKLg5fSnmYP7NRrbjNtYbKhrW2ONnho0=", "EventData.UserName": "sk.batsiev", "EventData.UserSid": "S-1-5-21-963789628-1060504924-4285088085-1001"}
{"EventID": "12289", "Channel": "Microsoft-Windows-Crypto-DPAPI/Operational", "Provider_Name": "Microsoft-Windows-Crypto-DPAPI", "Computer": "DESKTOP-OFJ6N53", "TimeCreated": "2025-08-26 09:58:32.122778+00:00", "RecordID": "18192", "Level": "4", "UserID": "S-1-5-18", "EventData.CredKeyIdentifier": "bDlzZcwRSiWEKLg5fSnmYP7NRrbjNtYbKhrW2ONnho0=", "EventData.UserName": "sk.batsiev", "EventData.UserSid": "S-1-5-21-963789628-1060504924-4285088085-1001"}
{"EventID": "12289", "Channel": "Microsoft-Windows-Crypto-DPAPI/Operational", "Provider_Name": "Microsoft-Windows-Crypto-DPAPI", "Computer": "DESKTOP-OFJ6N53", "TimeCreated": "2025-08-26 09:58:32.122904+00:00", "RecordID": "18193", "Level": "4", "UserID": "S-1-5-18", "EventData.CredKeyIdentifier": "bDlzZcwRSiWEKLg5fSnmYP7NRrbjNtYbKhrW2ONnho0=", "EventData.UserName": "sk.batsiev", "EventData.UserSid": "S-1-5-21-963789628-1060504924-4285088085-1001"}
{"EventID": "8198", "Channel": "Microsoft-Windows-Crypto-DPAPI/Operational", "Provider_Name": "Microsoft-Windows-Crypto-DPAPI", "Computer": "DESKTOP-OFJ6N53", "TimeCreated": "2025-04-15 14:39:37.750780+00:00", "RecordID": "15916", "Level": "2", "UserID": "S-1-5-18", "EventData.Status": "0x8009000b", "EventData.ReasonForFailure": "6"}
{"EventID": "3", "Channel": "Microsoft-Windows-Crypto-DPAPI/Operational", "Provider_Name": "Microsoft-Windows-Crypto-DPAPI", "Computer": "DESKTOP-OFJ6N53", "TimeCreated": "2025-04-15 20:46:55.052353+00:00", "RecordID": "15917", "Level": "4", "UserID": "S-1-5-18", "EventData.MasterKeyGUID": "{d948afd0-4605-4a10-84a0-37c90b19395e}", "EventData.Success": "False", "EventData.LastError": "0x00000000", "EventData.MasterKeyDisposition": "0x00000003"}
{"EventID": "8198", "Channel": "Microsoft-Windows-Crypto-DPAPI/Operational", "Provider_Name": "Microsoft-Windows-Crypto-DPAPI", "Computer": "DESKTOP-OFJ6N53", "TimeCreated": "2025-04-15 20:46:55.052359+00:00", "RecordID": "15918", "Level": "2", "UserID": "S-1-5-18", "EventData.Status": "0x8009000b", "EventData.ReasonForFailure": "6"}
{"EventID": "3", "Channel": "Microsoft-Windows-Crypto-DPAPI/Operational", "Provider_Name": "Microsoft-Windows-Crypto-DPAPI", "Computer": "DESKTOP-OFJ6N53", "TimeCreated": "2025-04-15 20:46:55.180994+00:00", "RecordID": "15919", "Level": "4", "UserID": "S-1-5-18", "EventData.MasterKeyGUID": "{d948afd0-4605-4a10-84a0-37c90b19395e}", "EventData.Success": "False", "EventData.LastError": "0x00000000", "EventData.MasterKeyDisposition": "0x00000003"}
{"EventID": "8198", "Channel": "Microsoft-Windows-Crypto-DPAPI/Operational", "Provider_Name": "Microsoft-Windows-Crypto-DPAPI", "Computer": "DESKTOP-OFJ6N53", "TimeCreated": "2025-04-15 20:46:55.180998+00:00", "RecordID": "15920", "Level": "2", "UserID": "S-1-5-18", "EventData.Status": "0x8009000b", "EventData.ReasonForFailure": "6"}
{"EventID": "3", "Channel": "Microsoft-Windows-Crypto-DPAPI/Operational", "Provider_Name": "Microsoft-Windows-Crypto-DPAPI", "Computer": "DESKTOP-OFJ6N53", "TimeCreated": "2025-04-16 03:29:26.319405+00:00", "RecordID": "15921", "Level": "4", "UserID": "S-1-5-18", "EventData.MasterKeyGUID": "{d948afd0-4605-4a10-84a0-37c90b19395e}", "EventData.Success": "False", "EventData.LastError": "0x00000000", "EventData.MasterKeyDisposition": "0x00000003"}
{"EventID": "8198", "Channel": "Microsoft-Windows-Crypto-DPAPI/Operational", "Provider_Name": "Microsoft-Windows-Crypto-DPAPI", "Computer": "DESKTOP-OFJ6N53", "TimeCreated": "2025-04-16 03:29:26.319407+00:00", "RecordID": "15922", "Level": "2", "UserID": "S-1-5-18", "EventData.Status": "0x8009000b", "EventData.ReasonForFailure": "6"}
{"EventID": "3", "Channel": "Microsoft-Windows-Crypto-DPAPI/Operational", "Provider_Name": "Microsoft-Windows-Crypto-DPAPI", "Computer": "DESKTOP-OFJ6N53", "TimeCreated": "2025-04-16 03:29:26.444450+00:00", "RecordID": "15923", "Level": "4", "UserID": "S-1-5-18", "EventData.MasterKeyGUID": "{d948afd0-4605-4a10-84a0-37c90b19395e}", "EventData.Success": "False", "EventData.LastError": "0x00000000", "EventData.MasterKeyDisposition": "0x00000003"}
{"EventID": "8198", "Channel": "Microsoft-Windows-Crypto-DPAPI/Operational", "Provider_Name": "Microsoft-Windows-Crypto-DPAPI", "Computer": "DESKTOP-OFJ6N53", "TimeCreated": "2025-04-16 03:29:26.444456+00:00", "RecordID": "15924", "Level": "2", "UserID": "S-1-5-18", "EventData.Status": "0x8009000b", "EventData.ReasonForFailure": "6"}
{"EventID": "3", "Channel": "Microsoft-Windows-Crypto-DPAPI/Operational", "Provider_Name": "Microsoft-Windows-Crypto-DPAPI", "Computer": "DESKTOP-OFJ6N53", "TimeCreated": "2025-04-16 09:54:34.612932+00:00", "RecordID": "15925", "Level": "4", "UserID": "S-1-5-18", "EventData.MasterKeyGUID": "{d948afd0-4605-4a10-84a0-37c90b19395e}", "EventData.Success": "False", "EventData.LastError": "0x00000000", "EventData.MasterKeyDisposition": "0x00000003"}
{"EventID": "8198", "Channel": "Microsoft-Windows-Crypto-DPAPI/Operational", "Provider_Name": "Microsoft-Windows-Crypto-DPAPI", "Computer": "DESKTOP-OFJ6N53", "TimeCreated": "2025-04-16 09:54:34.612947+00:00", "RecordID": "15926", "Level": "2", "UserID": "S-1-5-18", "EventData.Status": "0x8009000b", "EventData.ReasonForFailure": "6"}
{"EventID": "3", "Channel": "Microsoft-Windows-Crypto-DPAPI/Operational", "Provider_Name": "Microsoft-Windows-Crypto-DPAPI", "Computer": "DESKTOP-OFJ6N53", "TimeCreated": "2025-04-16 09:54:34.746130+00:00", "RecordID": "15927", "Level": "4", "UserID": "S-1-5-18", "EventData.MasterKeyGUID": "{d948afd0-4605-4a10-84a0-37c90b19395e}", "EventData.Success": "False", "EventData.LastError": "0x00000000", "EventData.MasterKeyDisposition": "0x00000003"}
{"EventID": "8198", "Channel": "Microsoft-Windows-Crypto-DPAPI/Operational", "Provider_Name": "Microsoft-Windows-Crypto-DPAPI", "Computer": "DESKTOP-OFJ6N53", "TimeCreated": "2025-04-16 09:54:34.746134+00:00", "RecordID": "15928", "Level": "2", "UserID": "S-1-5-18", "EventData.Status": "0x8009000b", "EventData.ReasonForFailure": "6"}
{"EventID": "12289", "Channel": "Microsoft-Windows-Crypto-DPAPI/Operational", "Provider_Name": "Microsoft-Windows-Crypto-DPAPI", "Computer": "DESKTOP-OFJ6N53", "TimeCreated": "2025-04-16 15:09:29.684845+00:00", "RecordID": "15929", "Level": "4", "UserID": "S-1-5-18", "EventData.CredKeyIdentifier": "bDlzZcwRSiWEKLg5fSnmYP7NRrbjNtYbKhrW2ONnho0=", "EventData.UserName": "sk.batsiev", "EventData.UserSid": "S-1-5-21-963789628-1060504924-4285088085-1001"}
{"EventID": "12289", "Channel": "Microsoft-Windows-Crypto-DPAPI/Operational", "Provider_Name": "Microsoft-Windows-Crypto-DPAPI", "Computer": "DESKTOP-OFJ6N53", "TimeCreated": "2025-04-16 15:09:29.697287+00:00", "RecordID": "15930", "Level": "4", "UserID": "S-1-5-18", "EventData.CredKeyIdentifier": "bDlzZcwRSiWEKLg5fSnmYP7NRrbjNtYbKhrW2ONnho0=", "EventData.UserName": "sk.batsiev", "EventData.UserSid": "S-1-5-21-963789628-1060504924-4285088085-1001"}
{"EventID": "12289", "Channel": "Microsoft-Windows-Crypto-DPAPI/Operational", "Provider_Name": "Microsoft-Windows-Crypto-DPAPI", "Computer": "DESKTOP-OFJ6N53", "TimeCreated": "2025-04-16 15:09:29.697445+00:00", "RecordID": "15931", "Level": "4", "UserID": "S-1-5-18", "EventData.CredKeyIdentifier": "bDlzZcwRSiWEKLg5fSnmYP7NRrbjNtYbKhrW2ONnho0=", "EventData.UserName": "sk.batsiev", "EventData.UserSid": "S-1-5-21-963789628-1060504924-4285088085-1001"}
{"EventID": "12289", "Channel": "Microsoft-Windows-Crypto-DPAPI/Operational", "Provider_Name": "Microsoft-Windows-Crypto-DPAPI", "Computer": "DESKTOP-OFJ6N53", "TimeCreated": "2025-04-16 15:09:29.697620+00:00", "RecordID": "15932", "Level": "4", "UserID": "S-1-5-18", "EventData.CredKeyIdentifier": "bDlzZcwRSiWEKLg5fSnmYP7NRrbjNtYbKhrW2ONnho0=", "EventData.UserName": "sk.batsiev", "EventData.UserSid": "S-1-5-21-963789628-1060504924-4285088085-1001"}
{"EventID": "12289", "Channel": "Microsoft-Windows-Crypto-DPAPI/Operational", "Provider_Name": "Microsoft-Windows-Crypto-DPAPI", "Computer": "DESKTOP-OFJ6N53", "TimeCreated": "2025-04-16 15:09:29.697847+00:00", "RecordID": "15933", "Level": "4", "UserID": "S-1-5-18", "EventData.CredKeyIdentifier": "bDlzZcwRSiWEKLg5fSnmYP7NRrbjNtYbKhrW2ONnho0=", "EventData.UserName": "sk.batsiev", "EventData.UserSid": "S-1-5-21-963789628-1060504924-4285088085-1001"}
{"EventID": "3", "Channel": "Microsoft-Windows-Crypto-DPAPI/Operational", "Provider_Name": "Microsoft-Windows-Crypto-DPAPI", "Computer": "DESKTOP-OFJ6N53", "TimeCreated": "2025-04-16 16:26:53.912386+00:00", "RecordID": "15934", "Level": "4", "UserID": "S-1-5-18", "EventData.MasterKeyGUID": "{d948afd0-4605-4a10-84a0-37c90b19395e}", "EventData.Success": "False", "EventData.LastError": "0x00000000", "EventData.MasterKeyDisposition": "0x00000003"}
{"EventID": "8198", "Channel": "Microsoft-Windows-Crypto-DPAPI/Operational", "Provider_Name": "Microsoft-Windows-Crypto-DPAPI", "Computer": "DESKTOP-OFJ6N53", "TimeCreated": "2025-04-16 16:26:53.912390+00:00", "RecordID": "15935", "Level": "2", "UserID": "S-1-5-18", "EventData.Status": "0x8009000b", "EventData.ReasonForFailure": "6"}
{"EventID": "3", "Channel": "Microsoft-Windows-Crypto-DPAPI/Operational", "Provider_Name": "Microsoft-Windows-Crypto-DPAPI", "Computer": "DESKTOP-OFJ6N53", "TimeCreated": "2025-04-16 16:26:54.057415+00:00", "RecordID": "15936", "Level": "4", "UserID": "S-1-5-18", "EventData.MasterKeyGUID": "{d948afd0-4605-4a10-84a0-37c90b19395e}", "EventData.Success": "False", "EventData.LastError": "0x00000000", "EventData.MasterKeyDisposition": "0x00000003"}
{"EventID": "8198", "Channel": "Microsoft-Windows-Crypto-DPAPI/Operational", "Provider_Name": "Microsoft-Windows-Crypto-DPAPI", "Computer": "DESKTOP-OFJ6N53", "TimeCreated": "2025-04-16 16:26:54.057419+00:00", "RecordID": "15937", "Level": "2", "UserID": "S-1-5-18", "EventData.Status": "0x8009000b", "EventData.ReasonForFailure": "6"}
{"EventID": "3", "Channel": "Microsoft-Windows-Crypto-DPAPI/Operational", "Provider_Name": "Microsoft-Windows-Crypto-DPAPI", "Computer": "DESKTOP-OFJ6N53", "TimeCreated": "2025-04-16 23:22:57.091587+00:00", "RecordID": "15938", "Level": "4", "UserID": "S-1-5-18", "EventData.MasterKeyGUID": "{d948afd0-4605-4a10-84a0-37c90b19395e}", "EventData.Success": "False", "EventData.LastError": "0x00000000", "EventData.MasterKeyDisposition": "0x00000003"}
{"EventID": "8198", "Channel": "Microsoft-Windows-Crypto-DPAPI/Operational", "Provider_Name": "Microsoft-Windows-Crypto-DPAPI", "Computer": "DESKTOP-OFJ6N53", "TimeCreated": "2025-04-16 23:22:57.091591+00:00", "RecordID": "15939", "Level": "2", "UserID": "S-1-5-18", "EventData.Status": "0x8009000b", "EventData.ReasonForFailure": "6"}
{"EventID": "3", "Channel": "Microsoft-Windows-Crypto-DPAPI/Operational", "Provider_Name": "Microsoft-Windows-Crypto-DPAPI", "Computer": "DESKTOP-OFJ6N53", "TimeCreated": "2025-04-16 23:22:57.211714+00:00", "RecordID": "15940", "Level": "4", "UserID": "S-1-5-18", "EventData.MasterKeyGUID": "{d948afd0-4605-4a10-84a0-37c90b19395e}", "EventData.Success": "False", "EventData.LastError": "0x00000000", "EventData.MasterKeyDisposition": "0x00000003"}
{"EventID": "8198", "Channel": "Microsoft-Windows-Crypto-DPAPI/Operational", "Provider_Name": "Microsoft-Windows-Crypto-DPAPI", "Computer": "DESKTOP-OFJ6N53", "TimeCreated": "2025-04-16 23:22:57.211718+00:00", "RecordID": "15941", "Level": "2", "UserID": "S-1-5-18", "EventData.Status": "0x8009000b", "EventData.ReasonForFailure": "6"}
{"EventID": "3", "Channel": "Microsoft-Windows-Crypto-DPAPI/Operational", "Provider_Name": "Microsoft-Windows-Crypto-DPAPI", "Computer": "DESKTOP-OFJ6N53", "TimeCreated": "2025-04-17 06:10:14.396479+00:00", "RecordID": "15942", "Level": "4", "UserID": "S-1-5-18", "EventData.MasterKeyGUID": "{d948afd0-4605-4a10-84a0-37c90b19395e}", "EventData.Success": "False", "EventData.LastError": "0x00000000", "EventData.MasterKeyDisposition": "0x00000003"}
{"EventID": "8198", "Channel": "Microsoft-Windows-Crypto-DPAPI/Operational", "Provider_Name": "Microsoft-Windows-Crypto-DPAPI", "Computer": "DESKTOP-OFJ6N53", "TimeCreated": "2025-04-17 06:10:14.396484+00:00", "RecordID": "15943", "Level": "2", "UserID": "S-1-5-18", "EventData.Status": "0x8009000b", "EventData.ReasonForFailure": "6"}
{"EventID": "3", "Channel": "Microsoft-Windows-Crypto-DPAPI/Operational", "Provider_Name": "Microsoft-Windows-Crypto-DPAPI", "Computer": "DESKTOP-OFJ6N53", "TimeCreated": "2025-04-17 06:10:14.529703+00:00", "RecordID": "15944", "Level": "4", "UserID": "S-1-5-18", "EventData.MasterKeyGUID": "{d948afd0-4605-4a10-84a0-37c90b19395e}", "EventData.Success": "False", "EventData.LastError": "0x00000000", "EventData.MasterKeyDisposition": "0x00000003"}
{"EventID": "8198", "Channel": "Microsoft-Windows-Crypto-DPAPI/Operational", "Provider_Name": "Microsoft-Windows-Crypto-DPAPI", "Computer": "DESKTOP-OFJ6N53", "TimeCreated": "2025-04-17 06:10:14.529707+00:00", "RecordID": "15945", "Level": "2", "UserID": "S-1-5-18", "EventData.Status": "0x8009000b", "EventData.ReasonForFailure": "6"}
{"EventID": "3", "Channel": "Microsoft-Windows-Crypto-DPAPI/Operational", "Provider_Name": "Microsoft-Windows-Crypto-DPAPI", "Computer": "DESKTOP-OFJ6N53", "TimeCreated": "2025-04-17 12:28:39.966711+00:00", "RecordID": "15946", "Level": "4", "UserID": "S-1-5-18", "EventData.MasterKeyGUID": "{d948afd0-4605-4a10-84a0-37c90b19395e}", "EventData.Success": "False", "EventData.LastError": "0x00000000", "EventData.MasterKeyDisposition": "0x00000003"}
{"EventID": "8198", "Channel": "Microsoft-Windows-Crypto-DPAPI/Operational", "Provider_Name": "Microsoft-Windows-Crypto-DPAPI", "Computer": "DESKTOP-OFJ6N53", "TimeCreated": "2025-04-17 12:28:39.966717+00:00", "RecordID": "15947", "Level": "2", "UserID": "S-1-5-18", "EventData.Status": "0x8009000b", "EventData.ReasonForFailure": "6"}
{"EventID": "3", "Channel": "Microsoft-Windows-Crypto-DPAPI/Operational", "Provider_Name": "Microsoft-Windows-Crypto-DPAPI", "Computer": "DESKTOP-OFJ6N53", "TimeCreated": "2025-04-17 12:28:40.093174+00:00", "RecordID": "15948", "Level": "4", "UserID": "S-1-5-18", "EventData.MasterKeyGUID": "{d948afd0-4605-4a10-84a0-37c90b19395e}", "EventData.Success": "False", "EventData.LastError": "0x00000000", "EventData.MasterKeyDisposition": "0x00000003"}
{"EventID": "8198", "Channel": "Microsoft-Windows-Crypto-DPAPI/Operational", "Provider_Name": "Microsoft-Windows-Crypto-DPAPI", "Computer": "DESKTOP-OFJ6N53", "TimeCreated": "2025-04-17 12:28:40.093178+00:00", "RecordID": "15949", "Level": "2", "UserID": "S-1-5-18", "EventData.Status": "0x8009000b", "EventData.ReasonForFailure": "6"}
{"EventID": "3", "Channel": "Microsoft-Windows-Crypto-DPAPI/Operational", "Provider_Name": "Microsoft-Windows-Crypto-DPAPI", "Computer": "DESKTOP-OFJ6N53", "TimeCreated": "2025-04-17 19:11:46.646975+00:00", "RecordID": "15950", "Level": "4", "UserID": "S-1-5-18", "EventData.MasterKeyGUID": "{d948afd0-4605-4a10-84a0-37c90b19395e}", "EventData.Success": "False", "EventData.LastError": "0x00000000", "EventData.MasterKeyDisposition": "0x00000003"}
{"EventID": "8198", "Channel": "Microsoft-Windows-Crypto-DPAPI/Operational", "Provider_Name": "Microsoft-Windows-Crypto-DPAPI", "Computer": "DESKTOP-OFJ6N53", "TimeCreated": "2025-04-17 19:11:46.646975+00:00", "RecordID": "15951", "Level": "2", "UserID": "S-1-5-18", "EventData.Status": "0x8009000b", "EventData.ReasonForFailure": "6"}
{"EventID": "3", "Channel": "Microsoft-Windows-Crypto-DPAPI/Operational", "Provider_Name": "Microsoft-Windows-Crypto-DPAPI", "Computer": "DESKTOP-OFJ6N53", "TimeCreated": "2025-04-17 19:11:46.769075+00:00", "RecordID": "15952", "Level": "4", "UserID": "S-1-5-18", "EventData.MasterKeyGUID": "{d948afd0-4605-4a10-84a0-37c90b19395e}", "EventData.Success": "False", "EventData.LastError": "0x00000000", "EventData.MasterKeyDisposition": "0x00000003"}
{"EventID": "8198", "Channel": "Microsoft-Windows-Crypto-DPAPI/Operational", "Provider_Name": "Microsoft-Windows-Crypto-DPAPI", "Computer": "DESKTOP-OFJ6N53", "TimeCreated": "2025-04-17 19:11:46.769081+00:00", "RecordID": "15953", "Level": "2", "UserID": "S-1-5-18", "EventData.Status": "0x8009000b", "EventData.ReasonForFailure": "6"}
{"EventID": "3", "Channel": "Microsoft-Windows-Crypto-DPAPI/Operational", "Provider_Name": "Microsoft-Windows-Crypto-DPAPI", "Computer": "DESKTOP-OFJ6N53", "TimeCreated": "2025-04-18 02:05:08.111626+00:00", "RecordID": "15954", "Level": "4", "UserID": "S-1-5-18", "EventData.MasterKeyGUID": "{d948afd0-4605-4a10-84a0-37c90b19395e}", "EventData.Success": "False", "EventData.LastError": "0x00000000", "EventData.MasterKeyDisposition": "0x00000003"}
{"EventID": "8198", "Channel": "Microsoft-Windows-Crypto-DPAPI/Operational", "Provider_Name": "Microsoft-Windows-Crypto-DPAPI", "Computer": "DESKTOP-OFJ6N53", "TimeCreated": "2025-04-18 02:05:08.111629+00:00", "RecordID": "15955", "Level": "2", "UserID": "S-1-5-18", "EventData.Status": "0x8009000b", "EventData.ReasonForFailure": "6"}
{"EventID": "3", "Channel": "Microsoft-Windows-Crypto-DPAPI/Operational", "Provider_Name": "Microsoft-Windows-Crypto-DPAPI", "Computer": "DESKTOP-OFJ6N53", "TimeCreated": "2025-04-18 02:05:08.383707+00:00", "RecordID": "15956", "Level": "4", "UserID": "S-1-5-18", "EventData.MasterKeyGUID": "{d948afd0-4605-4a10-84a0-37c90b19395e}", "EventData.Success": "False", "EventData.LastError": "0x00000000", "EventData.MasterKeyDisposition": "0x00000003"}
{"EventID": "8198", "Channel": "Microsoft-Windows-Crypto-DPAPI/Operational", "Provider_Name": "Microsoft-Windows-Crypto-DPAPI", "Computer": "DESKTOP-OFJ6N53", "TimeCreated": "2025-04-18 02:05:08.383709+00:00", "RecordID": "15957", "Level": "2", "UserID": "S-1-5-18", "EventData.Status": "0x8009000b", "EventData.ReasonForFailure": "6"}
{"EventID": "3", "Channel": "Microsoft-Windows-Crypto-DPAPI/Operational", "Provider_Name": "Microsoft-Windows-Crypto-DPAPI", "Computer": "DESKTOP-OFJ6N53", "TimeCreated": "2025-04-18 08:50:11.303143+00:00", "RecordID": "15958", "Level": "4", "UserID": "S-1-5-18", "EventData.MasterKeyGUID": "{d948afd0-4605-4a10-84a0-37c90b19395e}", "EventData.Success": "False", "EventData.LastError": "0x00000000", "EventData.MasterKeyDisposition": "0x00000003"}
{"EventID": "8198", "Channel": "Microsoft-Windows-Crypto-DPAPI/Operational", "Provider_Name": "Microsoft-Windows-Crypto-DPAPI", "Computer": "DESKTOP-OFJ6N53", "TimeCreated": "2025-04-18 08:50:11.303154+00:00", "RecordID": "15959", "Level": "2", "UserID": "S-1-5-18", "EventData.Status": "0x8009000b", "EventData.ReasonForFailure": "6"}
{"EventID": "3", "Channel": "Microsoft-Windows-Crypto-DPAPI/Operational", "Provider_Name": "Microsoft-Windows-Crypto-DPAPI", "Computer": "DESKTOP-OFJ6N53", "TimeCreated": "2025-04-18 08:50:11.483080+00:00", "RecordID": "15960", "Level": "4", "UserID": "S-1-5-18", "EventData.MasterKeyGUID": "{d948afd0-4605-4a10-84a0-37c90b19395e}", "EventData.Success": "False", "EventData.LastError": "0x00000000", "EventData.MasterKeyDisposition": "0x00000003"}
{"EventID": "8198", "Channel": "Microsoft-Windows-Crypto-DPAPI/Operational", "Provider_Name": "Microsoft-Windows-Crypto-DPAPI", "Computer": "DESKTOP-OFJ6N53", "TimeCreated": "2025-04-18 08:50:11.483084+00:00", "RecordID": "15961", "Level": "2", "UserID": "S-1-5-18", "EventData.Status": "0x8009000b", "EventData.ReasonForFailure": "6"}
{"EventID": "12289", "Channel": "Microsoft-Windows-Crypto-DPAPI/Operational", "Provider_Name": "Microsoft-Windows-Crypto-DPAPI", "Computer": "DESKTOP-OFJ6N53", "TimeCreated": "2025-04-18 13:44:53.705276+00:00", "RecordID": "15962", "Level": "4", "UserID": "S-1-5-18", "EventData.CredKeyIdentifier": "bDlzZcwRSiWEKLg5fSnmYP7NRrbjNtYbKhrW2ONnho0=", "EventData.UserName": "sk.batsiev", "EventData.UserSid": "S-1-5-21-963789628-1060504924-4285088085-1001"}
{"EventID": "12289", "Channel": "Microsoft-Windows-Crypto-DPAPI/Operational", "Provider_Name": "Microsoft-Windows-Crypto-DPAPI", "Computer": "DESKTOP-OFJ6N53", "TimeCreated": "2025-04-18 13:44:53.719473+00:00", "RecordID": "15963", "Level": "4", "UserID": "S-1-5-18", "EventData.CredKeyIdentifier": "bDlzZcwRSiWEKLg5fSnmYP7NRrbjNtYbKhrW2ONnho0=", "EventData.UserName": "sk.batsiev", "EventData.UserSid": "S-1-5-21-963789628-1060504924-4285088085-1001"}
{"EventID": "12289", "Channel": "Microsoft-Windows-Crypto-DPAPI/Operational", "Provider_Name": "Microsoft-Windows-Crypto-DPAPI", "Computer": "DESKTOP-OFJ6N53", "TimeCreated": "2025-04-18 13:44:53.719589+00:00", "RecordID": "15964", "Level": "4", "UserID": "S-1-5-18", "EventData.CredKeyIdentifier": "bDlzZcwRSiWEKLg5fSnmYP7NRrbjNtYbKhrW2ONnho0=", "EventData.UserName": "sk.batsiev", "EventData.UserSid": "S-1-5-21-963789628-1060504924-4285088085-1001"}
{"EventID": "12289", "Channel": "Microsoft-Windows-Crypto-DPAPI/Operational", "Provider_Name": "Microsoft-Windows-Crypto-DPAPI", "Computer": "DESKTOP-OFJ6N53", "TimeCreated": "2025-04-18 13:44:53.719721+00:00", "RecordID": "15965", "Level": "4", "UserID": "S-1-5-18", "EventData.CredKeyIdentifier": "bDlzZcwRSiWEKLg5fSnmYP7NRrbjNtYbKhrW2ONnho0=", "EventData.UserName": "sk.batsiev", "EventData.UserSid": "S-1-5-21-963789628-1060504924-4285088085-1001"}
{"EventID": "12289", "Channel": "Microsoft-Windows-Crypto-DPAPI/Operational", "Provider_Name": "Microsoft-Windows-Crypto-DPAPI", "Computer": "DESKTOP-OFJ6N53", "TimeCreated": "2025-04-18 13:44:53.719847+00:00", "RecordID": "15966", "Level": "4", "UserID": "S-1-5-18", "EventData.CredKeyIdentifier": "bDlzZcwRSiWEKLg5fSnmYP7NRrbjNtYbKhrW2ONnho0=", "EventData.UserName": "sk.batsiev", "EventData.UserSid": "S-1-5-21-963789628-1060504924-4285088085-1001"}
{"EventID": "3", "Channel": "Microsoft-Windows-Crypto-DPAPI/Operational", "Provider_Name": "Microsoft-Windows-Crypto-DPAPI", "Computer": "DESKTOP-OFJ6N53", "TimeCreated": "2025-04-18 15:33:27.915382+00:00", "RecordID": "15967", "Level": "4", "UserID": "S-1-5-18", "EventData.MasterKeyGUID": "{d948afd0-4605-4a10-84a0-37c90b19395e}", "EventData.Success": "False", "EventData.LastError": "0x00000000", "EventData.MasterKeyDisposition": "0x00000003"}
{"EventID": "8198", "Channel": "Microsoft-Windows-Crypto-DPAPI/Operational", "Provider_Name": "Microsoft-Windows-Crypto-DPAPI", "Computer": "DESKTOP-OFJ6N53", "TimeCreated": "2025-04-18 15:33:27.915384+00:00", "RecordID": "15968", "Level": "2", "UserID": "S-1-5-18", "EventData.Status": "0x8009000b", "EventData.ReasonForFailure": "6"}
{"EventID": "3", "Channel": "Microsoft-Windows-Crypto-DPAPI/Operational", "Provider_Name": "Microsoft-Windows-Crypto-DPAPI", "Computer": "DESKTOP-OFJ6N53", "TimeCreated": "2025-04-18 15:33:27.995762+00:00", "RecordID": "15969", "Level": "4", "UserID": "S-1-5-18", "EventData.MasterKeyGUID": "{d948afd0-4605-4a10-84a0-37c90b19395e}", "EventData.Success": "False", "EventData.LastError": "0x00000000", "EventData.MasterKeyDisposition": "0x00000003"}
{"EventID": "8198", "Channel": "Microsoft-Windows-Crypto-DPAPI/Operational", "Provider_Name": "Microsoft-Windows-Crypto-DPAPI", "Computer": "DESKTOP-OFJ6N53", "TimeCreated": "2025-04-18 15:33:27.995768+00:00", "RecordID": "15970", "Level": "2", "UserID": "S-1-5-18", "EventData.Status": "0x8009000b", "EventData.ReasonForFailure": "6"}
{"EventID": "3", "Channel": "Microsoft-Windows-Crypto-DPAPI/Operational", "Provider_Name": "Microsoft-Windows-Crypto-DPAPI", "Computer": "DESKTOP-OFJ6N53", "TimeCreated": "2025-04-18 22:42:29.394428+00:00", "RecordID": "15971", "Level": "4", "UserID": "S-1-5-18", "EventData.MasterKeyGUID": "{d948afd0-4605-4a10-84a0-37c90b19395e}", "EventData.Success": "False", "EventData.LastError": "0x00000000", "EventData.MasterKeyDisposition": "0x00000003"}
{"EventID": "8198", "Channel": "Microsoft-Windows-Crypto-DPAPI/Operational", "Provider_Name": "Microsoft-Windows-Crypto-DPAPI", "Computer": "DESKTOP-OFJ6N53", "TimeCreated": "2025-04-18 22:42:29.394432+00:00", "RecordID": "15972", "Level": "2", "UserID": "S-1-5-18", "EventData.Status": "0x8009000b", "EventData.ReasonForFailure": "6"}
{"EventID": "3", "Channel": "Microsoft-Windows-Crypto-DPAPI/Operational", "Provider_Name": "Microsoft-Windows-Crypto-DPAPI", "Computer": "DESKTOP-OFJ6N53", "TimeCreated": "2025-04-18 22:42:29.516981+00:00", "RecordID": "15973", "Level": "4", "UserID": "S-1-5-18", "EventData.MasterKeyGUID": "{d948afd0-4605-4a10-84a0-37c90b19395e}", "EventData.Success": "False", "EventData.LastError": "0x00000000", "EventData.MasterKeyDisposition": "0x00000003"}
{"EventID": "8198", "Channel": "Microsoft-Windows-Crypto-DPAPI/Operational", "Provider_Name": "Microsoft-Windows-Crypto-DPAPI", "Computer": "DESKTOP-OFJ6N53", "TimeCreated": "2025-04-18 22:42:29.516985+00:00", "RecordID": "15974", "Level": "2", "UserID": "S-1-5-18", "EventData.Status": "0x8009000b", "EventData.ReasonForFailure": "6"}
{"EventID": "3", "Channel": "Microsoft-Windows-Crypto-DPAPI/Operational", "Provider_Name": "Microsoft-Windows-Crypto-DPAPI", "Computer": "DESKTOP-OFJ6N53", "TimeCreated": "2025-04-19 04:49:37.937254+00:00", "RecordID": "15975", "Level": "4", "UserID": "S-1-5-18", "EventData.MasterKeyGUID": "{d948afd0-4605-4a10-84a0-37c90b19395e}", "EventData.Success": "False", "EventData.LastError": "0x00000000", "EventData.MasterKeyDisposition": "0x00000003"}
{"EventID": "8198", "Channel": "Microsoft-Windows-Crypto-DPAPI/Operational", "Provider_Name": "Microsoft-Windows-Crypto-DPAPI", "Computer": "DESKTOP-OFJ6N53", "TimeCreated": "2025-04-19 04:49:37.937258+00:00", "RecordID": "15976", "Level": "2", "UserID": "S-1-5-18", "EventData.Status": "0x8009000b", "EventData.ReasonForFailure": "6"}
{"EventID": "3", "Channel": "Microsoft-Windows-Crypto-DPAPI/Operational", "Provider_Name": "Microsoft-Windows-Crypto-DPAPI", "Computer": "DESKTOP-OFJ6N53", "TimeCreated": "2025-04-19 04:49:38.119915+00:00", "RecordID": "15977", "Level": "4", "UserID": "S-1-5-18", "EventData.MasterKeyGUID": "{d948afd0-4605-4a10-84a0-37c90b19395e}", "EventData.Success": "False", "EventData.LastError": "0x00000000", "EventData.MasterKeyDisposition": "0x00000003"}
{"EventID": "8198", "Channel": "Microsoft-Windows-Crypto-DPAPI/Operational", "Provider_Name": "Microsoft-Windows-Crypto-DPAPI", "Computer": "DESKTOP-OFJ6N53", "TimeCreated": "2025-04-19 04:49:38.119919+00:00", "RecordID": "15978", "Level": "2", "UserID": "S-1-5-18", "EventData.Status": "0x8009000b", "EventData.ReasonForFailure": "6"}
{"EventID": "3", "Channel": "Microsoft-Windows-Crypto-DPAPI/Operational", "Provider_Name": "Microsoft-Windows-Crypto-DPAPI", "Computer": "DESKTOP-OFJ6N53", "TimeCreated": "2025-04-19 11:05:55.031397+00:00", "RecordID": "15979", "Level": "4", "UserID": "S-1-5-18", "EventData.MasterKeyGUID": "{d948afd0-4605-4a10-84a0-37c90b19395e}", "EventData.Success": "False", "EventData.LastError": "0x00000000", "EventData.MasterKeyDisposition": "0x00000003"}
{"EventID": "8198", "Channel": "Microsoft-Windows-Crypto-DPAPI/Operational", "Provider_Name": "Microsoft-Windows-Crypto-DPAPI", "Computer": "DESKTOP-OFJ6N53", "TimeCreated": "2025-04-19 11:05:55.031403+00:00", "RecordID": "15980", "Level": "2", "UserID": "S-1-5-18", "EventData.Status": "0x8009000b", "EventData.ReasonForFailure": "6"}
{"EventID": "3", "Channel": "Microsoft-Windows-Crypto-DPAPI/Operational", "Provider_Name": "Microsoft-Windows-Crypto-DPAPI", "Computer": "DESKTOP-OFJ6N53", "TimeCreated": "2025-04-19 11:05:55.161016+00:00", "RecordID": "15981", "Level": "4", "UserID": "S-1-5-18", "EventData.MasterKeyGUID": "{d948afd0-4605-4a10-84a0-37c90b19395e}", "EventData.Success": "False", "EventData.LastError": "0x00000000", "EventData.MasterKeyDisposition": "0x00000003"}
{"EventID": "8198", "Channel": "Microsoft-Windows-Crypto-DPAPI/Operational", "Provider_Name": "Microsoft-Windows-Crypto-DPAPI", "Computer": "DESKTOP-OFJ6N53", "TimeCreated": "2025-04-19 11:05:55.161022+00:00", "RecordID": "15982", "Level": "2", "UserID": "S-1-5-18", "EventData.Status": "0x8009000b", "EventData.ReasonForFailure": "6"}
{"EventID": "3", "Channel": "Microsoft-Windows-Crypto-DPAPI/Operational", "Provider_Name": "Microsoft-Windows-Crypto-DPAPI", "Computer": "DESKTOP-OFJ6N53", "TimeCreated": "2025-04-19 17:47:25.057041+00:00", "RecordID": "15983", "Level": "4", "UserID": "S-1-5-18", "EventData.MasterKeyGUID": "{d948afd0-4605-4a10-84a0-37c90b19395e}", "EventData.Success": "False", "EventData.LastError": "0x00000000", "EventData.MasterKeyDisposition": "0x00000003"}
{"EventID": "8198", "Channel": "Microsoft-Windows-Crypto-DPAPI/Operational", "Provider_Name": "Microsoft-Windows-Crypto-DPAPI", "Computer": "DESKTOP-OFJ6N53", "TimeCreated": "2025-04-19 17:47:25.057045+00:00", "RecordID": "15984", "Level": "2", "UserID": "S-1-5-18", "EventData.Status": "0x8009000b", "EventData.ReasonForFailure": "6"}
{"EventID": "3", "Channel": "Microsoft-Windows-Crypto-DPAPI/Operational", "Provider_Name": "Microsoft-Windows-Crypto-DPAPI", "Computer": "DESKTOP-OFJ6N53", "TimeCreated": "2025-04-19 17:47:25.175842+00:00", "RecordID": "15985", "Level": "4", "UserID": "S-1-5-18", "EventData.MasterKeyGUID": "{d948afd0-4605-4a10-84a0-37c90b19395e}", "EventData.Success": "False", "EventData.LastError": "0x00000000", "EventData.MasterKeyDisposition": "0x00000003"}
{"EventID": "8198", "Channel": "Microsoft-Windows-Crypto-DPAPI/Operational", "Provider_Name": "Microsoft-Windows-Crypto-DPAPI", "Computer": "DESKTOP-OFJ6N53", "TimeCreated": "2025-04-19 17:47:25.175846+00:00", "RecordID": "15986", "Level": "2", "UserID": "S-1-5-18", "EventData.Status": "0x8009000b", "EventData.ReasonForFailure": "6"}
{"EventID": "3", "Channel": "Microsoft-Windows-Crypto-DPAPI/Operational", "Provider_Name": "Microsoft-Windows-Crypto-DPAPI", "Computer": "DESKTOP-OFJ6N53", "TimeCreated": "2025-04-20 00:36:36.989864+00:00", "RecordID": "15987", "Level": "4", "UserID": "S-1-5-18", "EventData.MasterKeyGUID": "{d948afd0-4605-4a10-84a0-37c90b19395e}", "EventData.Success": "False", "EventData.LastError": "0x00000000", "EventData.MasterKeyDisposition": "0x00000003"}
{"EventID": "8198", "Channel": "Microsoft-Windows-Crypto-DPAPI/Operational", "Provider_Name": "Microsoft-Windows-Crypto-DPAPI", "Computer": "DESKTOP-OFJ6N53", "TimeCreated": "2025-04-20 00:36:36.989870+00:00", "RecordID": "15988", "Level": "2", "UserID": "S-1-5-18", "EventData.Status": "0x8009000b", "EventData.ReasonForFailure": "6"}
{"EventID": "3", "Channel": "Microsoft-Windows-Crypto-DPAPI/Operational", "Provider_Name": "Microsoft-Windows-Crypto-DPAPI", "Computer": "DESKTOP-OFJ6N53", "TimeCreated": "2025-04-20 00:36:37.108393+00:00", "RecordID": "15989", "Level": "4", "UserID": "S-1-5-18", "EventData.MasterKeyGUID": "{d948afd0-4605-4a10-84a0-37c90b19395e}", "EventData.Success": "False", "EventData.LastError": "0x00000000", "EventData.MasterKeyDisposition": "0x00000003"}
{"EventID": "8198", "Channel": "Microsoft-Windows-Crypto-DPAPI/Operational", "Provider_Name": "Microsoft-Windows-Crypto-DPAPI", "Computer": "DESKTOP-OFJ6N53", "TimeCreated": "2025-04-20 00:36:37.108398+00:00", "RecordID": "15990", "Level": "2", "UserID": "S-1-5-18", "EventData.Status": "0x8009000b", "EventData.ReasonForFailure": "6"}
{"EventID": "3", "Channel": "Microsoft-Windows-Crypto-DPAPI/Operational", "Provider_Name": "Microsoft-Windows-Crypto-DPAPI", "Computer": "DESKTOP-OFJ6N53", "TimeCreated": "2025-04-20 07:03:59.400751+00:00", "RecordID": "15991", "Level": "4", "UserID": "S-1-5-18", "EventData.MasterKeyGUID": "{d948afd0-4605-4a10-84a0-37c90b19395e}", "EventData.Success": "False", "EventData.LastError": "0x00000000", "EventData.MasterKeyDisposition": "0x00000003"}
{"EventID": "8198", "Channel": "Microsoft-Windows-Crypto-DPAPI/Operational", "Provider_Name": "Microsoft-Windows-Crypto-DPAPI", "Computer": "DESKTOP-OFJ6N53", "TimeCreated": "2025-04-20 07:03:59.400757+00:00", "RecordID": "15992", "Level": "2", "UserID": "S-1-5-18", "EventData.Status": "0x8009000b", "EventData.ReasonForFailure": "6"}
{"EventID": "3", "Channel": "Microsoft-Windows-Crypto-DPAPI/Operational", "Provider_Name": "Microsoft-Windows-Crypto-DPAPI", "Computer": "DESKTOP-OFJ6N53", "TimeCreated": "2025-04-20 07:03:59.538675+00:00", "RecordID": "15993", "Level": "4", "UserID": "S-1-5-18", "EventData.MasterKeyGUID": "{d948afd0-4605-4a10-84a0-37c90b19395e}", "EventData.Success": "False", "EventData.LastError": "0x00000000", "EventData.MasterKeyDisposition": "0x00000003"}
{"EventID": "8198", "Channel": "Microsoft-Windows-Crypto-DPAPI/Operational", "Provider_Name": "Microsoft-Windows-Crypto-DPAPI", "Computer": "DESKTOP-OFJ6N53", "TimeCreated": "2025-04-20 07:03:59.538679+00:00", "RecordID": "15994", "Level": "2", "UserID": "S-1-5-18", "EventData.Status": "0x8009000b", "EventData.ReasonForFailure": "6"}
{"EventID": "3", "Channel": "Microsoft-Windows-Crypto-DPAPI/Operational", "Provider_Name": "Microsoft-Windows-Crypto-DPAPI", "Computer": "DESKTOP-OFJ6N53", "TimeCreated": "2025-04-20 14:07:05.942551+00:00", "RecordID": "15995", "Level": "4", "UserID": "S-1-5-18", "EventData.MasterKeyGUID": "{d948afd0-4605-4a10-84a0-37c90b19395e}", "EventData.Success": "False", "EventData.LastError": "0x00000000", "EventData.MasterKeyDisposition": "0x00000003"}
{"EventID": "8198", "Channel": "Microsoft-Windows-Crypto-DPAPI/Operational", "Provider_Name": "Microsoft-Windows-Crypto-DPAPI", "Computer": "DESKTOP-OFJ6N53", "TimeCreated": "2025-04-20 14:07:05.942553+00:00", "RecordID": "15996", "Level": "2", "UserID": "S-1-5-18", "EventData.Status": "0x8009000b", "EventData.ReasonForFailure": "6"}
{"EventID": "3", "Channel": "Microsoft-Windows-Crypto-DPAPI/Operational", "Provider_Name": "Microsoft-Windows-Crypto-DPAPI", "Computer": "DESKTOP-OFJ6N53", "TimeCreated": "2025-04-20 14:07:06.067225+00:00", "RecordID": "15997", "Level": "4", "UserID": "S-1-5-18", "EventData.MasterKeyGUID": "{d948afd0-4605-4a10-84a0-37c90b19395e}", "EventData.Success": "False", "EventData.LastError": "0x00000000", "EventData.MasterKeyDisposition": "0x00000003"}
{"EventID": "8198", "Channel": "Microsoft-Windows-Crypto-DPAPI/Operational", "Provider_Name": "Microsoft-Windows-Crypto-DPAPI", "Computer": "DESKTOP-OFJ6N53", "TimeCreated": "2025-04-20 14:07:06.067226+00:00", "RecordID": "15998", "Level": "2", "UserID": "S-1-5-18", "EventData.Status": "0x8009000b", "EventData.ReasonForFailure": "6"}
{"EventID": "3", "Channel": "Microsoft-Windows-Crypto-DPAPI/Operational", "Provider_Name": "Microsoft-Windows-Crypto-DPAPI", "Computer": "DESKTOP-OFJ6N53", "TimeCreated": "2025-04-20 20:33:23.160131+00:00", "RecordID": "15999", "Level": "4", "UserID": "S-1-5-18", "EventData.MasterKeyGUID": "{d948afd0-4605-4a10-84a0-37c90b19395e}", "EventData.Success": "False", "EventData.LastError": "0x00000000", "EventData.MasterKeyDisposition": "0x00000003"}
{"EventID": "8198", "Channel": "Microsoft-Windows-Crypto-DPAPI/Operational", "Provider_Name": "Microsoft-Windows-Crypto-DPAPI", "Computer": "DESKTOP-OFJ6N53", "TimeCreated": "2025-04-20 20:33:23.160149+00:00", "RecordID": "16000", "Level": "2", "UserID": "S-1-5-18", "EventData.Status": "0x8009000b", "EventData.ReasonForFailure": "6"}
{"EventID": "3", "Channel": "Microsoft-Windows-Crypto-DPAPI/Operational", "Provider_Name": "Microsoft-Windows-Crypto-DPAPI", "Computer": "DESKTOP-OFJ6N53", "TimeCreated": "2025-04-20 20:33:23.279222+00:00", "RecordID": "16001", "Level": "4", "UserID": "S-1-5-18", "EventData.MasterKeyGUID": "{d948afd0-4605-4a10-84a0-37c90b19395e}", "EventData.Success": "False", "EventData.LastError": "0x00000000", "EventData.MasterKeyDisposition": "0x00000003"}
{"EventID": "8198", "Channel": "Microsoft-Windows-Crypto-DPAPI/Operational", "Provider_Name": "Microsoft-Windows-Crypto-DPAPI", "Computer": "DESKTOP-OFJ6N53", "TimeCreated": "2025-04-20 20:33:23.279224+00:00", "RecordID": "16002", "Level": "2", "UserID": "S-1-5-18", "EventData.Status": "0x8009000b", "EventData.ReasonForFailure": "6"}
{"EventID": "3", "Channel": "Microsoft-Windows-Crypto-DPAPI/Operational", "Provider_Name": "Microsoft-Windows-Crypto-DPAPI", "Computer": "DESKTOP-OFJ6N53", "TimeCreated": "2025-04-21 03:29:23.491211+00:00", "RecordID": "16003", "Level": "4", "UserID": "S-1-5-18", "EventData.MasterKeyGUID": "{d948afd0-4605-4a10-84a0-37c90b19395e}", "EventData.Success": "False", "EventData.LastError": "0x00000000", "EventData.MasterKeyDisposition": "0x00000003"}
{"EventID": "8198", "Channel": "Microsoft-Windows-Crypto-DPAPI/Operational", "Provider_Name": "Microsoft-Windows-Crypto-DPAPI", "Computer": "DESKTOP-OFJ6N53", "TimeCreated": "2025-04-21 03:29:23.491215+00:00", "RecordID": "16004", "Level": "2", "UserID": "S-1-5-18", "EventData.Status": "0x8009000b", "EventData.ReasonForFailure": "6"}
{"EventID": "3", "Channel": "Microsoft-Windows-Crypto-DPAPI/Operational", "Provider_Name": "Microsoft-Windows-Crypto-DPAPI", "Computer": "DESKTOP-OFJ6N53", "TimeCreated": "2025-04-21 03:29:23.624523+00:00", "RecordID": "16005", "Level": "4", "UserID": "S-1-5-18", "EventData.MasterKeyGUID": "{d948afd0-4605-4a10-84a0-37c90b19395e}", "EventData.Success": "False", "EventData.LastError": "0x00000000", "EventData.MasterKeyDisposition": "0x00000003"}
{"EventID": "8198", "Channel": "Microsoft-Windows-Crypto-DPAPI/Operational", "Provider_Name": "Microsoft-Windows-Crypto-DPAPI", "Computer": "DESKTOP-OFJ6N53", "TimeCreated": "2025-04-21 03:29:23.624527+00:00", "RecordID": "16006", "Level": "2", "UserID": "S-1-5-18", "EventData.Status": "0x8009000b", "EventData.ReasonForFailure": "6"}
{"EventID": "3", "Channel": "Microsoft-Windows-Crypto-DPAPI/Operational", "Provider_Name": "Microsoft-Windows-Crypto-DPAPI", "Computer": "DESKTOP-OFJ6N53", "TimeCreated": "2025-04-21 09:35:29.631823+00:00", "RecordID": "16007", "Level": "4", "UserID": "S-1-5-18", "EventData.MasterKeyGUID": "{d948afd0-4605-4a10-84a0-37c90b19395e}", "EventData.Success": "False", "EventData.LastError": "0x00000000", "EventData.MasterKeyDisposition": "0x00000003"}
{"EventID": "8198", "Channel": "Microsoft-Windows-Crypto-DPAPI/Operational", "Provider_Name": "Microsoft-Windows-Crypto-DPAPI", "Computer": "DESKTOP-OFJ6N53", "TimeCreated": "2025-04-21 09:35:29.631824+00:00", "RecordID": "16008", "Level": "2", "UserID": "S-1-5-18", "EventData.Status": "0x8009000b", "EventData.ReasonForFailure": "6"}
{"EventID": "3", "Channel": "Microsoft-Windows-Crypto-DPAPI/Operational", "Provider_Name": "Microsoft-Windows-Crypto-DPAPI", "Computer": "DESKTOP-OFJ6N53", "TimeCreated": "2025-04-21 09:35:29.759220+00:00", "RecordID": "16009", "Level": "4", "UserID": "S-1-5-18", "EventData.MasterKeyGUID": "{d948afd0-4605-4a10-84a0-37c90b19395e}", "EventData.Success": "False", "EventData.LastError": "0x00000000", "EventData.MasterKeyDisposition": "0x00000003"}
{"EventID": "8198", "Channel": "Microsoft-Windows-Crypto-DPAPI/Operational", "Provider_Name": "Microsoft-Windows-Crypto-DPAPI", "Computer": "DESKTOP-OFJ6N53", "TimeCreated": "2025-04-21 09:35:29.759226+00:00", "RecordID": "16010", "Level": "2", "UserID": "S-1-5-18", "EventData.Status": "0x8009000b", "EventData.ReasonForFailure": "6"}
