{"EventID": "110", "Channel": "Microsoft-Windows-DeviceManagement-Enterprise-Diagnostics-Provider/Operational", "Provider_Name": "Microsoft-Windows-DeviceManagement-Pushrouter", "Computer": "DESKTOP-OFJ6N53", "TimeCreated": "2022-10-11 22:55:53.038795+00:00", "RecordID": "820", "Level": "4", "UserID": "S-1-5-18", "EventData.HexInt1": "0x00000001"}
{"EventID": "112", "Channel": "Microsoft-Windows-DeviceManagement-Enterprise-Diagnostics-Provider/Operational", "Provider_Name": "Microsoft-Windows-DeviceManagement-Pushrouter", "Computer": "DESKTOP-OFJ6N53", "TimeCreated": "2022-10-11 22:55:53.038797+00:00", "RecordID": "821", "Level": "4", "UserID": "S-1-5-18", "EventData.HexInt1": "0x00000000"}
{"EventID": "111", "Channel": "Microsoft-Windows-DeviceManagement-Enterprise-Diagnostics-Provider/Operational", "Provider_Name": "Microsoft-Windows-DeviceManagement-Pushrouter", "Computer": "DESKTOP-OFJ6N53", "TimeCreated": "2022-10-11 22:57:51.176689+00:00", "RecordID": "822", "Level": "4", "UserID": "S-1-5-18", "EventData.Message1": "Checking if all clients are handled", "EventData.HRESULT": "0x00000000"}
{"EventID": "510", "Channel": "Microsoft-Windows-DeviceManagement-Enterprise-Diagnostics-Provider/Operational", "Provider_Name": "Microsoft-Windows-DeviceManagement-Pushrouter", "Computer": "DESKTOP-OFJ6N53", "TimeCreated": "2022-10-11 22:57:51.176702+00:00", "RecordID": "823", "Level": "4", "UserID": "S-1-5-18"}
{"EventID": "514", "Channel": "Microsoft-Windows-DeviceManagement-Enterprise-Diagnostics-Provider/Operational", "Provider_Name": "Microsoft-Windows-DeviceManagement-Pushrouter", "Computer": "DESKTOP-OFJ6N53", "TimeCreated": "2022-10-11 22:57:51.176727+00:00", "RecordID": "824", "Level": "4", "UserID": "S-1-5-18", "EventData.HexInt1": "0x00000003", "EventData.HexInt2": "0x00000000", "EventData.HexInt3": "0x00000000"}
{"EventID": "106", "Channel": "Microsoft-Windows-DeviceManagement-Enterprise-Diagnostics-Provider/Operational", "Provider_Name": "Microsoft-Windows-DeviceManagement-Pushrouter", "Computer": "DESKTOP-OFJ6N53", "TimeCreated": "2022-10-11 22:57:51.177340+00:00", "RecordID": "825", "Level": "4", "UserID": "S-1-5-18", "EventData.HRESULT": "0x00000000"}
{"EventID": "108", "Channel": "Microsoft-Windows-DeviceManagement-Enterprise-Diagnostics-Provider/Operational", "Provider_Name": "Microsoft-Windows-DeviceManagement-Pushrouter", "Computer": "DESKTOP-OFJ6N53", "TimeCreated": "2022-10-11 22:57:51.177349+00:00", "RecordID": "826", "Level": "4", "UserID": "S-1-5-18", "EventData.HRESULT": "0x00000000"}
{"EventID": "522", "Channel": "Microsoft-Windows-DeviceManagement-Enterprise-Diagnostics-Provider/Operational", "Provider_Name": "Microsoft-Windows-DeviceManagement-Pushrouter", "Computer": "DESKTOP-OFJ6N53", "TimeCreated": "2022-10-11 22:57:51.177378+00:00", "RecordID": "827", "Level": "4", "UserID": "S-1-5-18", "EventData.HRESULT": "0x00000000"}
{"EventID": "513", "Channel": "Microsoft-Windows-DeviceManagement-Enterprise-Diagnostics-Provider/Operational", "Provider_Name": "Microsoft-Windows-DeviceManagement-Pushrouter", "Computer": "DESKTOP-OFJ6N53", "TimeCreated": "2022-10-11 22:57:51.177383+00:00", "RecordID": "828", "Level": "4", "UserID": "S-1-5-18"}
{"EventID": "520", "Channel": "Microsoft-Windows-DeviceManagement-Enterprise-Diagnostics-Provider/Operational", "Provider_Name": "Microsoft-Windows-DeviceManagement-Pushrouter", "Computer": "DESKTOP-OFJ6N53", "TimeCreated": "2022-10-11 22:57:51.177439+00:00", "RecordID": "829", "Level": "4", "UserID": "S-1-5-18", "EventData.HRESULT": "0x00000000"}
{"EventID": "514", "Channel": "Microsoft-Windows-DeviceManagement-Enterprise-Diagnostics-Provider/Operational", "Provider_Name": "Microsoft-Windows-DeviceManagement-Pushrouter", "Computer": "DESKTOP-OFJ6N53", "TimeCreated": "2022-10-11 22:57:51.177441+00:00", "RecordID": "830", "Level": "4", "UserID": "S-1-5-18", "EventData.HexInt1": "0x00000001", "EventData.HexInt2": "0x00000000", "EventData.HexInt3": "0x00000000"}
{"EventID": "524", "Channel": "Microsoft-Windows-DeviceManagement-Enterprise-Diagnostics-Provider/Operational", "Provider_Name": "Microsoft-Windows-DeviceManagement-Pushrouter", "Computer": "DESKTOP-OFJ6N53", "TimeCreated": "2022-10-17 12:22:48.491831+00:00", "RecordID": "831", "Level": "4", "UserID": "S-1-5-18"}
{"EventID": "514", "Channel": "Microsoft-Windows-DeviceManagement-Enterprise-Diagnostics-Provider/Operational", "Provider_Name": "Microsoft-Windows-DeviceManagement-Pushrouter", "Computer": "DESKTOP-OFJ6N53", "TimeCreated": "2022-10-17 12:22:48.491835+00:00", "RecordID": "832", "Level": "4", "UserID": "S-1-5-18", "EventData.HexInt1": "0x00000002", "EventData.HexInt2": "0x00000000", "EventData.HexInt3": "0x00000064"}
{"EventID": "512", "Channel": "Microsoft-Windows-DeviceManagement-Enterprise-Diagnostics-Provider/Operational", "Provider_Name": "Microsoft-Windows-DeviceManagement-Pushrouter", "Computer": "DESKTOP-OFJ6N53", "TimeCreated": "2022-10-17 12:22:48.491932+00:00", "RecordID": "833", "Level": "4", "UserID": "S-1-5-18", "EventData.HexInt1": "0x00000078"}
{"EventID": "111", "Channel": "Microsoft-Windows-DeviceManagement-Enterprise-Diagnostics-Provider/Operational", "Provider_Name": "Microsoft-Windows-DeviceManagement-Pushrouter", "Computer": "DESKTOP-OFJ6N53", "TimeCreated": "2022-10-17 12:22:48.491949+00:00", "RecordID": "834", "Level": "4", "UserID": "S-1-5-18", "EventData.Message1": "Incremented active client count", "EventData.HRESULT": "0x00000000"}
{"EventID": "511", "Channel": "Microsoft-Windows-DeviceManagement-Enterprise-Diagnostics-Provider/Operational", "Provider_Name": "Microsoft-Windows-DeviceManagement-Pushrouter", "Computer": "DESKTOP-OFJ6N53", "TimeCreated": "2022-10-17 12:22:48.491951+00:00", "RecordID": "835", "Level": "4", "UserID": "S-1-5-18", "EventData.HexInt1": "0x00000078"}
{"EventID": "144", "Channel": "Microsoft-Windows-DeviceManagement-Enterprise-Diagnostics-Provider/Operational", "Provider_Name": "Microsoft-Windows-DeviceManagement-Pushrouter", "Computer": "DESKTOP-OFJ6N53", "TimeCreated": "2022-10-17 12:22:48.498827+00:00", "RecordID": "836", "Level": "4", "UserID": "S-1-5-18", "EventData.HRESULT": "0x00000000"}
{"EventID": "507", "Channel": "Microsoft-Windows-DeviceManagement-Enterprise-Diagnostics-Provider/Operational", "Provider_Name": "Microsoft-Windows-DeviceManagement-Pushrouter", "Computer": "DESKTOP-OFJ6N53", "TimeCreated": "2022-10-17 12:22:48.711874+00:00", "RecordID": "837", "Level": "4", "UserID": "S-1-5-18", "EventData.HexInt1": "0x00000000"}
{"EventID": "516", "Channel": "Microsoft-Windows-DeviceManagement-Enterprise-Diagnostics-Provider/Operational", "Provider_Name": "Microsoft-Windows-DeviceManagement-Pushrouter", "Computer": "DESKTOP-OFJ6N53", "TimeCreated": "2022-10-17 12:22:48.711878+00:00", "RecordID": "838", "Level": "4", "UserID": "S-1-5-18", "EventData.HRESULT": "0x00000000"}
{"EventID": "101", "Channel": "Microsoft-Windows-DeviceManagement-Enterprise-Diagnostics-Provider/Operational", "Provider_Name": "Microsoft-Windows-DeviceManagement-Pushrouter", "Computer": "DESKTOP-OFJ6N53", "TimeCreated": "2022-10-17 12:22:48.712358+00:00", "RecordID": "839", "Level": "4", "UserID": "S-1-5-18", "EventData.HRESULT": "0x00000000"}
{"EventID": "111", "Channel": "Microsoft-Windows-DeviceManagement-Enterprise-Diagnostics-Provider/Operational", "Provider_Name": "Microsoft-Windows-DeviceManagement-Pushrouter", "Computer": "DESKTOP-OFJ6N53", "TimeCreated": "2022-10-17 12:22:48.712955+00:00", "RecordID": "840", "Level": "4", "UserID": "S-1-5-18", "EventData.Message1": "Incremented active client count successfully", "EventData.HRESULT": "0x00000001"}
{"EventID": "104", "Channel": "Microsoft-Windows-DeviceManagement-Enterprise-Diagnostics-Provider/Operational", "Provider_Name": "Microsoft-Windows-DeviceManagement-Pushrouter", "Computer": "DESKTOP-OFJ6N53", "TimeCreated": "2022-10-17 12:22:48.712959+00:00", "RecordID": "841", "Level": "4", "UserID": "S-1-5-18", "EventData.HRESULT": "0x00000000"}
{"EventID": "518", "Channel": "Microsoft-Windows-DeviceManagement-Enterprise-Diagnostics-Provider/Operational", "Provider_Name": "Microsoft-Windows-DeviceManagement-Pushrouter", "Computer": "DESKTOP-OFJ6N53", "TimeCreated": "2022-10-17 12:22:48.712963+00:00", "RecordID": "842", "Level": "4", "UserID": "S-1-5-18", "EventData.HRESULT": "0x00000000"}
{"EventID": "525", "Channel": "Microsoft-Windows-DeviceManagement-Enterprise-Diagnostics-Provider/Operational", "Provider_Name": "Microsoft-Windows-DeviceManagement-Pushrouter", "Computer": "DESKTOP-OFJ6N53", "TimeCreated": "2022-10-17 12:22:48.712971+00:00", "RecordID": "843", "Level": "4", "UserID": "S-1-5-18", "EventData.HexInt1": "0x00000000", "EventData.HRESULT": "0x00000000"}
{"EventID": "514", "Channel": "Microsoft-Windows-DeviceManagement-Enterprise-Diagnostics-Provider/Operational", "Provider_Name": "Microsoft-Windows-DeviceManagement-Pushrouter", "Computer": "DESKTOP-OFJ6N53", "TimeCreated": "2022-10-17 12:22:48.712973+00:00", "RecordID": "844", "Level": "4", "UserID": "S-1-5-18", "EventData.HexInt1": "0x00000004", "EventData.HexInt2": "0x00000000", "EventData.HexInt3": "0x00000000"}
{"EventID": "111", "Channel": "Microsoft-Windows-DeviceManagement-Enterprise-Diagnostics-Provider/Operational", "Provider_Name": "Microsoft-Windows-DeviceManagement-Pushrouter", "Computer": "DESKTOP-OFJ6N53", "TimeCreated": "2022-10-17 12:24:48.485321+00:00", "RecordID": "845", "Level": "4", "UserID": "S-1-5-18", "EventData.Message1": "Checking if all clients are handled", "EventData.HRESULT": "0x00000001"}
{"EventID": "509", "Channel": "Microsoft-Windows-DeviceManagement-Enterprise-Diagnostics-Provider/Operational", "Provider_Name": "Microsoft-Windows-DeviceManagement-Pushrouter", "Computer": "DESKTOP-OFJ6N53", "TimeCreated": "2022-10-17 12:24:48.485325+00:00", "RecordID": "846", "Level": "4", "UserID": "S-1-5-18"}
{"EventID": "511", "Channel": "Microsoft-Windows-DeviceManagement-Enterprise-Diagnostics-Provider/Operational", "Provider_Name": "Microsoft-Windows-DeviceManagement-Pushrouter", "Computer": "DESKTOP-OFJ6N53", "TimeCreated": "2022-10-17 12:24:48.485325+00:00", "RecordID": "847", "Level": "4", "UserID": "S-1-5-18", "EventData.HexInt1": "0x00000078"}
{"EventID": "110", "Channel": "Microsoft-Windows-DeviceManagement-Enterprise-Diagnostics-Provider/Operational", "Provider_Name": "Microsoft-Windows-DeviceManagement-Pushrouter", "Computer": "DESKTOP-OFJ6N53", "TimeCreated": "2022-10-17 12:24:50.250902+00:00", "RecordID": "848", "Level": "4", "UserID": "S-1-5-18", "EventData.HexInt1": "0x00000001"}
{"EventID": "112", "Channel": "Microsoft-Windows-DeviceManagement-Enterprise-Diagnostics-Provider/Operational", "Provider_Name": "Microsoft-Windows-DeviceManagement-Pushrouter", "Computer": "DESKTOP-OFJ6N53", "TimeCreated": "2022-10-17 12:24:50.250904+00:00", "RecordID": "849", "Level": "4", "UserID": "S-1-5-18", "EventData.HexInt1": "0x00000000"}
{"EventID": "111", "Channel": "Microsoft-Windows-DeviceManagement-Enterprise-Diagnostics-Provider/Operational", "Provider_Name": "Microsoft-Windows-DeviceManagement-Pushrouter", "Computer": "DESKTOP-OFJ6N53", "TimeCreated": "2022-10-17 12:27:05.872316+00:00", "RecordID": "850", "Level": "4", "UserID": "S-1-5-18", "EventData.Message1": "Checking if all clients are handled", "EventData.HRESULT": "0x00000000"}
{"EventID": "510", "Channel": "Microsoft-Windows-DeviceManagement-Enterprise-Diagnostics-Provider/Operational", "Provider_Name": "Microsoft-Windows-DeviceManagement-Pushrouter", "Computer": "DESKTOP-OFJ6N53", "TimeCreated": "2022-10-17 12:27:05.874094+00:00", "RecordID": "851", "Level": "4", "UserID": "S-1-5-18"}
{"EventID": "514", "Channel": "Microsoft-Windows-DeviceManagement-Enterprise-Diagnostics-Provider/Operational", "Provider_Name": "Microsoft-Windows-DeviceManagement-Pushrouter", "Computer": "DESKTOP-OFJ6N53", "TimeCreated": "2022-10-17 12:27:05.874105+00:00", "RecordID": "852", "Level": "4", "UserID": "S-1-5-18", "EventData.HexInt1": "0x00000003", "EventData.HexInt2": "0x00000000", "EventData.HexInt3": "0x00000000"}
{"EventID": "106", "Channel": "Microsoft-Windows-DeviceManagement-Enterprise-Diagnostics-Provider/Operational", "Provider_Name": "Microsoft-Windows-DeviceManagement-Pushrouter", "Computer": "DESKTOP-OFJ6N53", "TimeCreated": "2022-10-17 12:27:05.883020+00:00", "RecordID": "853", "Level": "4", "UserID": "S-1-5-18", "EventData.HRESULT": "0x00000000"}
{"EventID": "108", "Channel": "Microsoft-Windows-DeviceManagement-Enterprise-Diagnostics-Provider/Operational", "Provider_Name": "Microsoft-Windows-DeviceManagement-Pushrouter", "Computer": "DESKTOP-OFJ6N53", "TimeCreated": "2022-10-17 12:27:05.883034+00:00", "RecordID": "854", "Level": "4", "UserID": "S-1-5-18", "EventData.HRESULT": "0x00000000"}
{"EventID": "522", "Channel": "Microsoft-Windows-DeviceManagement-Enterprise-Diagnostics-Provider/Operational", "Provider_Name": "Microsoft-Windows-DeviceManagement-Pushrouter", "Computer": "DESKTOP-OFJ6N53", "TimeCreated": "2022-10-17 12:27:05.883135+00:00", "RecordID": "855", "Level": "4", "UserID": "S-1-5-18", "EventData.HRESULT": "0x00000000"}
{"EventID": "513", "Channel": "Microsoft-Windows-DeviceManagement-Enterprise-Diagnostics-Provider/Operational", "Provider_Name": "Microsoft-Windows-DeviceManagement-Pushrouter", "Computer": "DESKTOP-OFJ6N53", "TimeCreated": "2022-10-17 12:27:05.883141+00:00", "RecordID": "856", "Level": "4", "UserID": "S-1-5-18"}
{"EventID": "520", "Channel": "Microsoft-Windows-DeviceManagement-Enterprise-Diagnostics-Provider/Operational", "Provider_Name": "Microsoft-Windows-DeviceManagement-Pushrouter", "Computer": "DESKTOP-OFJ6N53", "TimeCreated": "2022-10-17 12:27:05.883280+00:00", "RecordID": "857", "Level": "4", "UserID": "S-1-5-18", "EventData.HRESULT": "0x00000000"}
{"EventID": "514", "Channel": "Microsoft-Windows-DeviceManagement-Enterprise-Diagnostics-Provider/Operational", "Provider_Name": "Microsoft-Windows-DeviceManagement-Pushrouter", "Computer": "DESKTOP-OFJ6N53", "TimeCreated": "2022-10-17 12:27:05.883284+00:00", "RecordID": "858", "Level": "4", "UserID": "S-1-5-18", "EventData.HexInt1": "0x00000001", "EventData.HexInt2": "0x00000000", "EventData.HexInt3": "0x00000000"}
{"EventID": "524", "Channel": "Microsoft-Windows-DeviceManagement-Enterprise-Diagnostics-Provider/Operational", "Provider_Name": "Microsoft-Windows-DeviceManagement-Pushrouter", "Computer": "DESKTOP-OFJ6N53", "TimeCreated": "2022-10-19 13:58:11.738474+00:00", "RecordID": "859", "Level": "4", "UserID": "S-1-5-18"}
{"EventID": "514", "Channel": "Microsoft-Windows-DeviceManagement-Enterprise-Diagnostics-Provider/Operational", "Provider_Name": "Microsoft-Windows-DeviceManagement-Pushrouter", "Computer": "DESKTOP-OFJ6N53", "TimeCreated": "2022-10-19 13:58:11.738480+00:00", "RecordID": "860", "Level": "4", "UserID": "S-1-5-18", "EventData.HexInt1": "0x00000002", "EventData.HexInt2": "0x00000000", "EventData.HexInt3": "0x00000064"}
{"EventID": "512", "Channel": "Microsoft-Windows-DeviceManagement-Enterprise-Diagnostics-Provider/Operational", "Provider_Name": "Microsoft-Windows-DeviceManagement-Pushrouter", "Computer": "DESKTOP-OFJ6N53", "TimeCreated": "2022-10-19 13:58:11.738602+00:00", "RecordID": "861", "Level": "4", "UserID": "S-1-5-18", "EventData.HexInt1": "0x00000078"}
{"EventID": "111", "Channel": "Microsoft-Windows-DeviceManagement-Enterprise-Diagnostics-Provider/Operational", "Provider_Name": "Microsoft-Windows-DeviceManagement-Pushrouter", "Computer": "DESKTOP-OFJ6N53", "TimeCreated": "2022-10-19 13:58:11.738615+00:00", "RecordID": "862", "Level": "4", "UserID": "S-1-5-18", "EventData.Message1": "Incremented active client count", "EventData.HRESULT": "0x00000000"}
{"EventID": "511", "Channel": "Microsoft-Windows-DeviceManagement-Enterprise-Diagnostics-Provider/Operational", "Provider_Name": "Microsoft-Windows-DeviceManagement-Pushrouter", "Computer": "DESKTOP-OFJ6N53", "TimeCreated": "2022-10-19 13:58:11.738619+00:00", "RecordID": "863", "Level": "4", "UserID": "S-1-5-18", "EventData.HexInt1": "0x00000078"}
{"EventID": "144", "Channel": "Microsoft-Windows-DeviceManagement-Enterprise-Diagnostics-Provider/Operational", "Provider_Name": "Microsoft-Windows-DeviceManagement-Pushrouter", "Computer": "DESKTOP-OFJ6N53", "TimeCreated": "2022-10-19 13:58:11.743359+00:00", "RecordID": "864", "Level": "4", "UserID": "S-1-5-18", "EventData.HRESULT": "0x00000000"}
{"EventID": "507", "Channel": "Microsoft-Windows-DeviceManagement-Enterprise-Diagnostics-Provider/Operational", "Provider_Name": "Microsoft-Windows-DeviceManagement-Pushrouter", "Computer": "DESKTOP-OFJ6N53", "TimeCreated": "2022-10-19 13:58:11.924002+00:00", "RecordID": "865", "Level": "4", "UserID": "S-1-5-18", "EventData.HexInt1": "0x00000000"}
{"EventID": "516", "Channel": "Microsoft-Windows-DeviceManagement-Enterprise-Diagnostics-Provider/Operational", "Provider_Name": "Microsoft-Windows-DeviceManagement-Pushrouter", "Computer": "DESKTOP-OFJ6N53", "TimeCreated": "2022-10-19 13:58:11.924004+00:00", "RecordID": "866", "Level": "4", "UserID": "S-1-5-18", "EventData.HRESULT": "0x00000000"}
{"EventID": "101", "Channel": "Microsoft-Windows-DeviceManagement-Enterprise-Diagnostics-Provider/Operational", "Provider_Name": "Microsoft-Windows-DeviceManagement-Pushrouter", "Computer": "DESKTOP-OFJ6N53", "TimeCreated": "2022-10-19 13:58:11.924524+00:00", "RecordID": "867", "Level": "4", "UserID": "S-1-5-18", "EventData.HRESULT": "0x00000000"}
{"EventID": "111", "Channel": "Microsoft-Windows-DeviceManagement-Enterprise-Diagnostics-Provider/Operational", "Provider_Name": "Microsoft-Windows-DeviceManagement-Pushrouter", "Computer": "DESKTOP-OFJ6N53", "TimeCreated": "2022-10-19 13:58:11.926102+00:00", "RecordID": "868", "Level": "4", "UserID": "S-1-5-18", "EventData.Message1": "Incremented active client count successfully", "EventData.HRESULT": "0x00000001"}
{"EventID": "104", "Channel": "Microsoft-Windows-DeviceManagement-Enterprise-Diagnostics-Provider/Operational", "Provider_Name": "Microsoft-Windows-DeviceManagement-Pushrouter", "Computer": "DESKTOP-OFJ6N53", "TimeCreated": "2022-10-19 13:58:11.926107+00:00", "RecordID": "869", "Level": "4", "UserID": "S-1-5-18", "EventData.HRESULT": "0x00000000"}
{"EventID": "518", "Channel": "Microsoft-Windows-DeviceManagement-Enterprise-Diagnostics-Provider/Operational", "Provider_Name": "Microsoft-Windows-DeviceManagement-Pushrouter", "Computer": "DESKTOP-OFJ6N53", "TimeCreated": "2022-10-19 13:58:11.926107+00:00", "RecordID": "870", "Level": "4", "UserID": "S-1-5-18", "EventData.HRESULT": "0x00000000"}
{"EventID": "525", "Channel": "Microsoft-Windows-DeviceManagement-Enterprise-Diagnostics-Provider/Operational", "Provider_Name": "Microsoft-Windows-DeviceManagement-Pushrouter", "Computer": "DESKTOP-OFJ6N53", "TimeCreated": "2022-10-19 13:58:11.926117+00:00", "RecordID": "871", "Level": "4", "UserID": "S-1-5-18", "EventData.HexInt1": "0x00000000", "EventData.HRESULT": "0x00000000"}
{"EventID": "514", "Channel": "Microsoft-Windows-DeviceManagement-Enterprise-Diagnostics-Provider/Operational", "Provider_Name": "Microsoft-Windows-DeviceManagement-Pushrouter", "Computer": "DESKTOP-OFJ6N53", "TimeCreated": "2022-10-19 13:58:11.926119+00:00", "RecordID": "872", "Level": "4", "UserID": "S-1-5-18", "EventData.HexInt1": "0x00000004", "EventData.HexInt2": "0x00000000", "EventData.HexInt3": "0x00000000"}
{"EventID": "111", "Channel": "Microsoft-Windows-DeviceManagement-Enterprise-Diagnostics-Provider/Operational", "Provider_Name": "Microsoft-Windows-DeviceManagement-Pushrouter", "Computer": "DESKTOP-OFJ6N53", "TimeCreated": "2022-10-19 14:00:11.737732+00:00", "RecordID": "873", "Level": "4", "UserID": "S-1-5-18", "EventData.Message1": "Checking if all clients are handled", "EventData.HRESULT": "0x00000001"}
{"EventID": "509", "Channel": "Microsoft-Windows-DeviceManagement-Enterprise-Diagnostics-Provider/Operational", "Provider_Name": "Microsoft-Windows-DeviceManagement-Pushrouter", "Computer": "DESKTOP-OFJ6N53", "TimeCreated": "2022-10-19 14:00:11.737741+00:00", "RecordID": "874", "Level": "4", "UserID": "S-1-5-18"}
{"EventID": "511", "Channel": "Microsoft-Windows-DeviceManagement-Enterprise-Diagnostics-Provider/Operational", "Provider_Name": "Microsoft-Windows-DeviceManagement-Pushrouter", "Computer": "DESKTOP-OFJ6N53", "TimeCreated": "2022-10-19 14:00:11.737741+00:00", "RecordID": "875", "Level": "4", "UserID": "S-1-5-18", "EventData.HexInt1": "0x00000078"}
{"EventID": "110", "Channel": "Microsoft-Windows-DeviceManagement-Enterprise-Diagnostics-Provider/Operational", "Provider_Name": "Microsoft-Windows-DeviceManagement-Pushrouter", "Computer": "DESKTOP-OFJ6N53", "TimeCreated": "2022-10-19 14:00:13.487740+00:00", "RecordID": "876", "Level": "4", "UserID": "S-1-5-18", "EventData.HexInt1": "0x00000001"}
{"EventID": "112", "Channel": "Microsoft-Windows-DeviceManagement-Enterprise-Diagnostics-Provider/Operational", "Provider_Name": "Microsoft-Windows-DeviceManagement-Pushrouter", "Computer": "DESKTOP-OFJ6N53", "TimeCreated": "2022-10-19 14:00:13.487747+00:00", "RecordID": "877", "Level": "4", "UserID": "S-1-5-18", "EventData.HexInt1": "0x00000000"}
{"EventID": "111", "Channel": "Microsoft-Windows-DeviceManagement-Enterprise-Diagnostics-Provider/Operational", "Provider_Name": "Microsoft-Windows-DeviceManagement-Pushrouter", "Computer": "DESKTOP-OFJ6N53", "TimeCreated": "2022-10-19 14:02:11.744329+00:00", "RecordID": "878", "Level": "4", "UserID": "S-1-5-18", "EventData.Message1": "Checking if all clients are handled", "EventData.HRESULT": "0x00000000"}
{"EventID": "510", "Channel": "Microsoft-Windows-DeviceManagement-Enterprise-Diagnostics-Provider/Operational", "Provider_Name": "Microsoft-Windows-DeviceManagement-Pushrouter", "Computer": "DESKTOP-OFJ6N53", "TimeCreated": "2022-10-19 14:02:11.744343+00:00", "RecordID": "879", "Level": "4", "UserID": "S-1-5-18"}
{"EventID": "514", "Channel": "Microsoft-Windows-DeviceManagement-Enterprise-Diagnostics-Provider/Operational", "Provider_Name": "Microsoft-Windows-DeviceManagement-Pushrouter", "Computer": "DESKTOP-OFJ6N53", "TimeCreated": "2022-10-19 14:02:11.744349+00:00", "RecordID": "880", "Level": "4", "UserID": "S-1-5-18", "EventData.HexInt1": "0x00000003", "EventData.HexInt2": "0x00000000", "EventData.HexInt3": "0x00000000"}
{"EventID": "106", "Channel": "Microsoft-Windows-DeviceManagement-Enterprise-Diagnostics-Provider/Operational", "Provider_Name": "Microsoft-Windows-DeviceManagement-Pushrouter", "Computer": "DESKTOP-OFJ6N53", "TimeCreated": "2022-10-19 14:02:11.745016+00:00", "RecordID": "881", "Level": "4", "UserID": "S-1-5-18", "EventData.HRESULT": "0x00000000"}
{"EventID": "108", "Channel": "Microsoft-Windows-DeviceManagement-Enterprise-Diagnostics-Provider/Operational", "Provider_Name": "Microsoft-Windows-DeviceManagement-Pushrouter", "Computer": "DESKTOP-OFJ6N53", "TimeCreated": "2022-10-19 14:02:11.745026+00:00", "RecordID": "882", "Level": "4", "UserID": "S-1-5-18", "EventData.HRESULT": "0x00000000"}
{"EventID": "522", "Channel": "Microsoft-Windows-DeviceManagement-Enterprise-Diagnostics-Provider/Operational", "Provider_Name": "Microsoft-Windows-DeviceManagement-Pushrouter", "Computer": "DESKTOP-OFJ6N53", "TimeCreated": "2022-10-19 14:02:11.745052+00:00", "RecordID": "883", "Level": "4", "UserID": "S-1-5-18", "EventData.HRESULT": "0x00000000"}
{"EventID": "513", "Channel": "Microsoft-Windows-DeviceManagement-Enterprise-Diagnostics-Provider/Operational", "Provider_Name": "Microsoft-Windows-DeviceManagement-Pushrouter", "Computer": "DESKTOP-OFJ6N53", "TimeCreated": "2022-10-19 14:02:11.745056+00:00", "RecordID": "884", "Level": "4", "UserID": "S-1-5-18"}
{"EventID": "520", "Channel": "Microsoft-Windows-DeviceManagement-Enterprise-Diagnostics-Provider/Operational", "Provider_Name": "Microsoft-Windows-DeviceManagement-Pushrouter", "Computer": "DESKTOP-OFJ6N53", "TimeCreated": "2022-10-19 14:02:11.745106+00:00", "RecordID": "885", "Level": "4", "UserID": "S-1-5-18", "EventData.HRESULT": "0x00000000"}
{"EventID": "514", "Channel": "Microsoft-Windows-DeviceManagement-Enterprise-Diagnostics-Provider/Operational", "Provider_Name": "Microsoft-Windows-DeviceManagement-Pushrouter", "Computer": "DESKTOP-OFJ6N53", "TimeCreated": "2022-10-19 14:02:11.745111+00:00", "RecordID": "886", "Level": "4", "UserID": "S-1-5-18", "EventData.HexInt1": "0x00000001", "EventData.HexInt2": "0x00000000", "EventData.HexInt3": "0x00000000"}
{"EventID": "524", "Channel": "Microsoft-Windows-DeviceManagement-Enterprise-Diagnostics-Provider/Operational", "Provider_Name": "Microsoft-Windows-DeviceManagement-Pushrouter", "Computer": "DESKTOP-OFJ6N53", "TimeCreated": "2022-10-27 11:58:30.066986+00:00", "RecordID": "887", "Level": "4", "UserID": "S-1-5-18"}
{"EventID": "514", "Channel": "Microsoft-Windows-DeviceManagement-Enterprise-Diagnostics-Provider/Operational", "Provider_Name": "Microsoft-Windows-DeviceManagement-Pushrouter", "Computer": "DESKTOP-OFJ6N53", "TimeCreated": "2022-10-27 11:58:30.066990+00:00", "RecordID": "888", "Level": "4", "UserID": "S-1-5-18", "EventData.HexInt1": "0x00000002", "EventData.HexInt2": "0x00000000", "EventData.HexInt3": "0x00000064"}
{"EventID": "512", "Channel": "Microsoft-Windows-DeviceManagement-Enterprise-Diagnostics-Provider/Operational", "Provider_Name": "Microsoft-Windows-DeviceManagement-Pushrouter", "Computer": "DESKTOP-OFJ6N53", "TimeCreated": "2022-10-27 11:58:30.067118+00:00", "RecordID": "889", "Level": "4", "UserID": "S-1-5-18", "EventData.HexInt1": "0x00000078"}
{"EventID": "111", "Channel": "Microsoft-Windows-DeviceManagement-Enterprise-Diagnostics-Provider/Operational", "Provider_Name": "Microsoft-Windows-DeviceManagement-Pushrouter", "Computer": "DESKTOP-OFJ6N53", "TimeCreated": "2022-10-27 11:58:30.068096+00:00", "RecordID": "890", "Level": "4", "UserID": "S-1-5-18", "EventData.Message1": "Incremented active client count", "EventData.HRESULT": "0x00000000"}
{"EventID": "511", "Channel": "Microsoft-Windows-DeviceManagement-Enterprise-Diagnostics-Provider/Operational", "Provider_Name": "Microsoft-Windows-DeviceManagement-Pushrouter", "Computer": "DESKTOP-OFJ6N53", "TimeCreated": "2022-10-27 11:58:30.068104+00:00", "RecordID": "891", "Level": "4", "UserID": "S-1-5-18", "EventData.HexInt1": "0x00000078"}
{"EventID": "144", "Channel": "Microsoft-Windows-DeviceManagement-Enterprise-Diagnostics-Provider/Operational", "Provider_Name": "Microsoft-Windows-DeviceManagement-Pushrouter", "Computer": "DESKTOP-OFJ6N53", "TimeCreated": "2022-10-27 11:58:30.072493+00:00", "RecordID": "892", "Level": "4", "UserID": "S-1-5-18", "EventData.HRESULT": "0x00000000"}
{"EventID": "507", "Channel": "Microsoft-Windows-DeviceManagement-Enterprise-Diagnostics-Provider/Operational", "Provider_Name": "Microsoft-Windows-DeviceManagement-Pushrouter", "Computer": "DESKTOP-OFJ6N53", "TimeCreated": "2022-10-27 11:58:30.249298+00:00", "RecordID": "893", "Level": "4", "UserID": "S-1-5-18", "EventData.HexInt1": "0x00000000"}
{"EventID": "516", "Channel": "Microsoft-Windows-DeviceManagement-Enterprise-Diagnostics-Provider/Operational", "Provider_Name": "Microsoft-Windows-DeviceManagement-Pushrouter", "Computer": "DESKTOP-OFJ6N53", "TimeCreated": "2022-10-27 11:58:30.249304+00:00", "RecordID": "894", "Level": "4", "UserID": "S-1-5-18", "EventData.HRESULT": "0x00000000"}
{"EventID": "101", "Channel": "Microsoft-Windows-DeviceManagement-Enterprise-Diagnostics-Provider/Operational", "Provider_Name": "Microsoft-Windows-DeviceManagement-Pushrouter", "Computer": "DESKTOP-OFJ6N53", "TimeCreated": "2022-10-27 11:58:30.250523+00:00", "RecordID": "895", "Level": "4", "UserID": "S-1-5-18", "EventData.HRESULT": "0x00000000"}
{"EventID": "111", "Channel": "Microsoft-Windows-DeviceManagement-Enterprise-Diagnostics-Provider/Operational", "Provider_Name": "Microsoft-Windows-DeviceManagement-Pushrouter", "Computer": "DESKTOP-OFJ6N53", "TimeCreated": "2022-10-27 11:58:30.251863+00:00", "RecordID": "896", "Level": "4", "UserID": "S-1-5-18", "EventData.Message1": "Incremented active client count successfully", "EventData.HRESULT": "0x00000001"}
{"EventID": "104", "Channel": "Microsoft-Windows-DeviceManagement-Enterprise-Diagnostics-Provider/Operational", "Provider_Name": "Microsoft-Windows-DeviceManagement-Pushrouter", "Computer": "DESKTOP-OFJ6N53", "TimeCreated": "2022-10-27 11:58:30.251865+00:00", "RecordID": "897", "Level": "4", "UserID": "S-1-5-18", "EventData.HRESULT": "0x00000000"}
{"EventID": "518", "Channel": "Microsoft-Windows-DeviceManagement-Enterprise-Diagnostics-Provider/Operational", "Provider_Name": "Microsoft-Windows-DeviceManagement-Pushrouter", "Computer": "DESKTOP-OFJ6N53", "TimeCreated": "2022-10-27 11:58:30.251867+00:00", "RecordID": "898", "Level": "4", "UserID": "S-1-5-18", "EventData.HRESULT": "0x00000000"}
{"EventID": "525", "Channel": "Microsoft-Windows-DeviceManagement-Enterprise-Diagnostics-Provider/Operational", "Provider_Name": "Microsoft-Windows-DeviceManagement-Pushrouter", "Computer": "DESKTOP-OFJ6N53", "TimeCreated": "2022-10-27 11:58:30.251877+00:00", "RecordID": "899", "Level": "4", "UserID": "S-1-5-18", "EventData.HexInt1": "0x00000000", "EventData.HRESULT": "0x00000000"}
{"EventID": "514", "Channel": "Microsoft-Windows-DeviceManagement-Enterprise-Diagnostics-Provider/Operational", "Provider_Name": "Microsoft-Windows-DeviceManagement-Pushrouter", "Computer": "DESKTOP-OFJ6N53", "TimeCreated": "2022-10-27 11:58:30.251877+00:00", "RecordID": "900", "Level": "4", "UserID": "S-1-5-18", "EventData.HexInt1": "0x00000004", "EventData.HexInt2": "0x00000000", "EventData.HexInt3": "0x00000000"}
{"EventID": "111", "Channel": "Microsoft-Windows-DeviceManagement-Enterprise-Diagnostics-Provider/Operational", "Provider_Name": "Microsoft-Windows-DeviceManagement-Pushrouter", "Computer": "DESKTOP-OFJ6N53", "TimeCreated": "2022-10-27 12:00:30.076473+00:00", "RecordID": "901", "Level": "4", "UserID": "S-1-5-18", "EventData.Message1": "Checking if all clients are handled", "EventData.HRESULT": "0x00000001"}
{"EventID": "509", "Channel": "Microsoft-Windows-DeviceManagement-Enterprise-Diagnostics-Provider/Operational", "Provider_Name": "Microsoft-Windows-DeviceManagement-Pushrouter", "Computer": "DESKTOP-OFJ6N53", "TimeCreated": "2022-10-27 12:00:30.077265+00:00", "RecordID": "902", "Level": "4", "UserID": "S-1-5-18"}
{"EventID": "511", "Channel": "Microsoft-Windows-DeviceManagement-Enterprise-Diagnostics-Provider/Operational", "Provider_Name": "Microsoft-Windows-DeviceManagement-Pushrouter", "Computer": "DESKTOP-OFJ6N53", "TimeCreated": "2022-10-27 12:00:30.077271+00:00", "RecordID": "903", "Level": "4", "UserID": "S-1-5-18", "EventData.HexInt1": "0x00000078"}
{"EventID": "110", "Channel": "Microsoft-Windows-DeviceManagement-Enterprise-Diagnostics-Provider/Operational", "Provider_Name": "Microsoft-Windows-DeviceManagement-Pushrouter", "Computer": "DESKTOP-OFJ6N53", "TimeCreated": "2022-10-27 12:00:31.731897+00:00", "RecordID": "904", "Level": "4", "UserID": "S-1-5-18", "EventData.HexInt1": "0x00000001"}
{"EventID": "112", "Channel": "Microsoft-Windows-DeviceManagement-Enterprise-Diagnostics-Provider/Operational", "Provider_Name": "Microsoft-Windows-DeviceManagement-Pushrouter", "Computer": "DESKTOP-OFJ6N53", "TimeCreated": "2022-10-27 12:00:31.731901+00:00", "RecordID": "905", "Level": "4", "UserID": "S-1-5-18", "EventData.HexInt1": "0x00000000"}
{"EventID": "111", "Channel": "Microsoft-Windows-DeviceManagement-Enterprise-Diagnostics-Provider/Operational", "Provider_Name": "Microsoft-Windows-DeviceManagement-Pushrouter", "Computer": "DESKTOP-OFJ6N53", "TimeCreated": "2022-10-27 12:02:30.085917+00:00", "RecordID": "906", "Level": "4", "UserID": "S-1-5-18", "EventData.Message1": "Checking if all clients are handled", "EventData.HRESULT": "0x00000000"}
{"EventID": "510", "Channel": "Microsoft-Windows-DeviceManagement-Enterprise-Diagnostics-Provider/Operational", "Provider_Name": "Microsoft-Windows-DeviceManagement-Pushrouter", "Computer": "DESKTOP-OFJ6N53", "TimeCreated": "2022-10-27 12:02:30.086376+00:00", "RecordID": "907", "Level": "4", "UserID": "S-1-5-18"}
{"EventID": "514", "Channel": "Microsoft-Windows-DeviceManagement-Enterprise-Diagnostics-Provider/Operational", "Provider_Name": "Microsoft-Windows-DeviceManagement-Pushrouter", "Computer": "DESKTOP-OFJ6N53", "TimeCreated": "2022-10-27 12:02:30.086386+00:00", "RecordID": "908", "Level": "4", "UserID": "S-1-5-18", "EventData.HexInt1": "0x00000003", "EventData.HexInt2": "0x00000000", "EventData.HexInt3": "0x00000000"}
{"EventID": "106", "Channel": "Microsoft-Windows-DeviceManagement-Enterprise-Diagnostics-Provider/Operational", "Provider_Name": "Microsoft-Windows-DeviceManagement-Pushrouter", "Computer": "DESKTOP-OFJ6N53", "TimeCreated": "2022-10-27 12:02:30.088079+00:00", "RecordID": "909", "Level": "4", "UserID": "S-1-5-18", "EventData.HRESULT": "0x00000000"}
{"EventID": "108", "Channel": "Microsoft-Windows-DeviceManagement-Enterprise-Diagnostics-Provider/Operational", "Provider_Name": "Microsoft-Windows-DeviceManagement-Pushrouter", "Computer": "DESKTOP-OFJ6N53", "TimeCreated": "2022-10-27 12:02:30.088089+00:00", "RecordID": "910", "Level": "4", "UserID": "S-1-5-18", "EventData.HRESULT": "0x00000000"}
{"EventID": "522", "Channel": "Microsoft-Windows-DeviceManagement-Enterprise-Diagnostics-Provider/Operational", "Provider_Name": "Microsoft-Windows-DeviceManagement-Pushrouter", "Computer": "DESKTOP-OFJ6N53", "TimeCreated": "2022-10-27 12:02:30.090250+00:00", "RecordID": "911", "Level": "4", "UserID": "S-1-5-18", "EventData.HRESULT": "0x00000000"}
{"EventID": "513", "Channel": "Microsoft-Windows-DeviceManagement-Enterprise-Diagnostics-Provider/Operational", "Provider_Name": "Microsoft-Windows-DeviceManagement-Pushrouter", "Computer": "DESKTOP-OFJ6N53", "TimeCreated": "2022-10-27 12:02:30.090258+00:00", "RecordID": "912", "Level": "4", "UserID": "S-1-5-18"}
{"EventID": "520", "Channel": "Microsoft-Windows-DeviceManagement-Enterprise-Diagnostics-Provider/Operational", "Provider_Name": "Microsoft-Windows-DeviceManagement-Pushrouter", "Computer": "DESKTOP-OFJ6N53", "TimeCreated": "2022-10-27 12:02:30.090904+00:00", "RecordID": "913", "Level": "4", "UserID": "S-1-5-18", "EventData.HRESULT": "0x00000000"}
{"EventID": "514", "Channel": "Microsoft-Windows-DeviceManagement-Enterprise-Diagnostics-Provider/Operational", "Provider_Name": "Microsoft-Windows-DeviceManagement-Pushrouter", "Computer": "DESKTOP-OFJ6N53", "TimeCreated": "2022-10-27 12:02:30.090912+00:00", "RecordID": "914", "Level": "4", "UserID": "S-1-5-18", "EventData.HexInt1": "0x00000001", "EventData.HexInt2": "0x00000000", "EventData.HexInt3": "0x00000000"}
{"EventID": "4019", "Channel": "Microsoft-Windows-DeviceManagement-Enterprise-Diagnostics-Provider/Operational", "Provider_Name": "Microsoft-Windows-DeviceManagement-Enterprise-Diagnostics-Provider", "Computer": "DESKTOP-OFJ6N53", "TimeCreated": "2022-11-09 14:52:12.120714+00:00", "RecordID": "915", "Level": "4", "UserID": "S-1-5-18"}
{"EventID": "4009", "Channel": "Microsoft-Windows-DeviceManagement-Enterprise-Diagnostics-Provider/Operational", "Provider_Name": "Microsoft-Windows-DeviceManagement-Enterprise-Diagnostics-Provider", "Computer": "DESKTOP-OFJ6N53", "TimeCreated": "2022-11-09 14:52:12.120718+00:00", "RecordID": "916", "Level": "4", "UserID": "S-1-5-18", "EventData.HexInt1": "0x00000002", "EventData.HexInt2": "0x00000000", "EventData.HexInt3": "0x00000064"}
{"EventID": "4000", "Channel": "Microsoft-Windows-DeviceManagement-Enterprise-Diagnostics-Provider/Operational", "Provider_Name": "Microsoft-Windows-DeviceManagement-Enterprise-Diagnostics-Provider", "Computer": "DESKTOP-OFJ6N53", "TimeCreated": "2022-11-09 14:52:12.120844+00:00", "RecordID": "917", "Level": "4", "UserID": "S-1-5-18", "EventData.HRESULT": "0x00000000"}
{"EventID": "4009", "Channel": "Microsoft-Windows-DeviceManagement-Enterprise-Diagnostics-Provider/Operational", "Provider_Name": "Microsoft-Windows-DeviceManagement-Enterprise-Diagnostics-Provider", "Computer": "DESKTOP-OFJ6N53", "TimeCreated": "2022-11-09 14:52:12.122461+00:00", "RecordID": "918", "Level": "4", "UserID": "S-1-5-18", "EventData.HexInt1": "0x00000004", "EventData.HexInt2": "0x00000000", "EventData.HexInt3": "0x00000000"}
{"EventID": "4009", "Channel": "Microsoft-Windows-DeviceManagement-Enterprise-Diagnostics-Provider/Operational", "Provider_Name": "Microsoft-Windows-DeviceManagement-Enterprise-Diagnostics-Provider", "Computer": "DESKTOP-OFJ6N53", "TimeCreated": "2022-11-09 14:54:12.127459+00:00", "RecordID": "919", "Level": "4", "UserID": "S-1-5-18", "EventData.HexInt1": "0x00000003", "EventData.HexInt2": "0x00000000", "EventData.HexInt3": "0x00000000"}
{"EventID": "4009", "Channel": "Microsoft-Windows-DeviceManagement-Enterprise-Diagnostics-Provider/Operational", "Provider_Name": "Microsoft-Windows-DeviceManagement-Enterprise-Diagnostics-Provider", "Computer": "DESKTOP-OFJ6N53", "TimeCreated": "2022-11-09 14:54:12.128218+00:00", "RecordID": "920", "Level": "4", "UserID": "S-1-5-18", "EventData.HexInt1": "0x00000001", "EventData.HexInt2": "0x00000000", "EventData.HexInt3": "0x00000000"}
{"EventID": "4019", "Channel": "Microsoft-Windows-DeviceManagement-Enterprise-Diagnostics-Provider/Operational", "Provider_Name": "Microsoft-Windows-DeviceManagement-Enterprise-Diagnostics-Provider", "Computer": "DESKTOP-OFJ6N53", "TimeCreated": "2022-11-10 09:38:38.448309+00:00", "RecordID": "921", "Level": "4", "UserID": "S-1-5-18"}
{"EventID": "4009", "Channel": "Microsoft-Windows-DeviceManagement-Enterprise-Diagnostics-Provider/Operational", "Provider_Name": "Microsoft-Windows-DeviceManagement-Enterprise-Diagnostics-Provider", "Computer": "DESKTOP-OFJ6N53", "TimeCreated": "2022-11-10 09:38:38.448311+00:00", "RecordID": "922", "Level": "4", "UserID": "S-1-5-18", "EventData.HexInt1": "0x00000002", "EventData.HexInt2": "0x00000000", "EventData.HexInt3": "0x00000064"}
{"EventID": "4000", "Channel": "Microsoft-Windows-DeviceManagement-Enterprise-Diagnostics-Provider/Operational", "Provider_Name": "Microsoft-Windows-DeviceManagement-Enterprise-Diagnostics-Provider", "Computer": "DESKTOP-OFJ6N53", "TimeCreated": "2022-11-10 09:38:38.448448+00:00", "RecordID": "923", "Level": "4", "UserID": "S-1-5-18", "EventData.HRESULT": "0x00000000"}
{"EventID": "4009", "Channel": "Microsoft-Windows-DeviceManagement-Enterprise-Diagnostics-Provider/Operational", "Provider_Name": "Microsoft-Windows-DeviceManagement-Enterprise-Diagnostics-Provider", "Computer": "DESKTOP-OFJ6N53", "TimeCreated": "2022-11-10 09:38:38.449741+00:00", "RecordID": "924", "Level": "4", "UserID": "S-1-5-18", "EventData.HexInt1": "0x00000004", "EventData.HexInt2": "0x00000000", "EventData.HexInt3": "0x00000000"}
{"EventID": "4009", "Channel": "Microsoft-Windows-DeviceManagement-Enterprise-Diagnostics-Provider/Operational", "Provider_Name": "Microsoft-Windows-DeviceManagement-Enterprise-Diagnostics-Provider", "Computer": "DESKTOP-OFJ6N53", "TimeCreated": "2022-11-10 09:40:38.454624+00:00", "RecordID": "925", "Level": "4", "UserID": "S-1-5-18", "EventData.HexInt1": "0x00000003", "EventData.HexInt2": "0x00000000", "EventData.HexInt3": "0x00000000"}
{"EventID": "4009", "Channel": "Microsoft-Windows-DeviceManagement-Enterprise-Diagnostics-Provider/Operational", "Provider_Name": "Microsoft-Windows-DeviceManagement-Enterprise-Diagnostics-Provider", "Computer": "DESKTOP-OFJ6N53", "TimeCreated": "2022-11-10 09:40:38.458654+00:00", "RecordID": "926", "Level": "4", "UserID": "S-1-5-18", "EventData.HexInt1": "0x00000001", "EventData.HexInt2": "0x00000000", "EventData.HexInt3": "0x00000000"}
{"EventID": "4019", "Channel": "Microsoft-Windows-DeviceManagement-Enterprise-Diagnostics-Provider/Operational", "Provider_Name": "Microsoft-Windows-DeviceManagement-Enterprise-Diagnostics-Provider", "Computer": "DESKTOP-OFJ6N53", "TimeCreated": "2022-11-17 18:50:56.615582+00:00", "RecordID": "927", "Level": "4", "UserID": "S-1-5-18"}
{"EventID": "4009", "Channel": "Microsoft-Windows-DeviceManagement-Enterprise-Diagnostics-Provider/Operational", "Provider_Name": "Microsoft-Windows-DeviceManagement-Enterprise-Diagnostics-Provider", "Computer": "DESKTOP-OFJ6N53", "TimeCreated": "2022-11-17 18:50:56.615585+00:00", "RecordID": "928", "Level": "4", "UserID": "S-1-5-18", "EventData.HexInt1": "0x00000002", "EventData.HexInt2": "0x00000000", "EventData.HexInt3": "0x00000064"}
{"EventID": "4000", "Channel": "Microsoft-Windows-DeviceManagement-Enterprise-Diagnostics-Provider/Operational", "Provider_Name": "Microsoft-Windows-DeviceManagement-Enterprise-Diagnostics-Provider", "Computer": "DESKTOP-OFJ6N53", "TimeCreated": "2022-11-17 18:50:56.615702+00:00", "RecordID": "929", "Level": "4", "UserID": "S-1-5-18", "EventData.HRESULT": "0x00000000"}
{"EventID": "4009", "Channel": "Microsoft-Windows-DeviceManagement-Enterprise-Diagnostics-Provider/Operational", "Provider_Name": "Microsoft-Windows-DeviceManagement-Enterprise-Diagnostics-Provider", "Computer": "DESKTOP-OFJ6N53", "TimeCreated": "2022-11-17 18:50:56.617281+00:00", "RecordID": "930", "Level": "4", "UserID": "S-1-5-18", "EventData.HexInt1": "0x00000004", "EventData.HexInt2": "0x00000000", "EventData.HexInt3": "0x00000000"}
{"EventID": "4009", "Channel": "Microsoft-Windows-DeviceManagement-Enterprise-Diagnostics-Provider/Operational", "Provider_Name": "Microsoft-Windows-DeviceManagement-Enterprise-Diagnostics-Provider", "Computer": "DESKTOP-OFJ6N53", "TimeCreated": "2022-11-17 18:52:56.616528+00:00", "RecordID": "931", "Level": "4", "UserID": "S-1-5-18", "EventData.HexInt1": "0x00000003", "EventData.HexInt2": "0x00000000", "EventData.HexInt3": "0x00000000"}
{"EventID": "4009", "Channel": "Microsoft-Windows-DeviceManagement-Enterprise-Diagnostics-Provider/Operational", "Provider_Name": "Microsoft-Windows-DeviceManagement-Enterprise-Diagnostics-Provider", "Computer": "DESKTOP-OFJ6N53", "TimeCreated": "2022-11-17 18:52:56.617165+00:00", "RecordID": "932", "Level": "4", "UserID": "S-1-5-18", "EventData.HexInt1": "0x00000001", "EventData.HexInt2": "0x00000000", "EventData.HexInt3": "0x00000000"}
{"EventID": "4019", "Channel": "Microsoft-Windows-DeviceManagement-Enterprise-Diagnostics-Provider/Operational", "Provider_Name": "Microsoft-Windows-DeviceManagement-Enterprise-Diagnostics-Provider", "Computer": "DESKTOP-OFJ6N53", "TimeCreated": "2022-11-18 08:50:18.369497+00:00", "RecordID": "933", "Level": "4", "UserID": "S-1-5-18"}
{"EventID": "4009", "Channel": "Microsoft-Windows-DeviceManagement-Enterprise-Diagnostics-Provider/Operational", "Provider_Name": "Microsoft-Windows-DeviceManagement-Enterprise-Diagnostics-Provider", "Computer": "DESKTOP-OFJ6N53", "TimeCreated": "2022-11-18 08:50:18.369501+00:00", "RecordID": "934", "Level": "4", "UserID": "S-1-5-18", "EventData.HexInt1": "0x00000002", "EventData.HexInt2": "0x00000000", "EventData.HexInt3": "0x00000064"}
{"EventID": "4000", "Channel": "Microsoft-Windows-DeviceManagement-Enterprise-Diagnostics-Provider/Operational", "Provider_Name": "Microsoft-Windows-DeviceManagement-Enterprise-Diagnostics-Provider", "Computer": "DESKTOP-OFJ6N53", "TimeCreated": "2022-11-18 08:50:18.369640+00:00", "RecordID": "935", "Level": "4", "UserID": "S-1-5-18", "EventData.HRESULT": "0x00000000"}
{"EventID": "4009", "Channel": "Microsoft-Windows-DeviceManagement-Enterprise-Diagnostics-Provider/Operational", "Provider_Name": "Microsoft-Windows-DeviceManagement-Enterprise-Diagnostics-Provider", "Computer": "DESKTOP-OFJ6N53", "TimeCreated": "2022-11-18 08:50:18.418180+00:00", "RecordID": "936", "Level": "4", "UserID": "S-1-5-18", "EventData.HexInt1": "0x00000004", "EventData.HexInt2": "0x00000000", "EventData.HexInt3": "0x00000000"}
{"EventID": "4009", "Channel": "Microsoft-Windows-DeviceManagement-Enterprise-Diagnostics-Provider/Operational", "Provider_Name": "Microsoft-Windows-DeviceManagement-Enterprise-Diagnostics-Provider", "Computer": "DESKTOP-OFJ6N53", "TimeCreated": "2022-11-18 08:52:19.917503+00:00", "RecordID": "937", "Level": "4", "UserID": "S-1-5-18", "EventData.HexInt1": "0x00000003", "EventData.HexInt2": "0x00000000", "EventData.HexInt3": "0x00000000"}
{"EventID": "4009", "Channel": "Microsoft-Windows-DeviceManagement-Enterprise-Diagnostics-Provider/Operational", "Provider_Name": "Microsoft-Windows-DeviceManagement-Enterprise-Diagnostics-Provider", "Computer": "DESKTOP-OFJ6N53", "TimeCreated": "2022-11-18 08:52:19.920033+00:00", "RecordID": "938", "Level": "4", "UserID": "S-1-5-18", "EventData.HexInt1": "0x00000001", "EventData.HexInt2": "0x00000000", "EventData.HexInt3": "0x00000000"}
{"EventID": "4019", "Channel": "Microsoft-Windows-DeviceManagement-Enterprise-Diagnostics-Provider/Operational", "Provider_Name": "Microsoft-Windows-DeviceManagement-Enterprise-Diagnostics-Provider", "Computer": "DESKTOP-OFJ6N53", "TimeCreated": "2022-11-19 21:25:34.313498+00:00", "RecordID": "939", "Level": "4", "UserID": "S-1-5-18"}
{"EventID": "4009", "Channel": "Microsoft-Windows-DeviceManagement-Enterprise-Diagnostics-Provider/Operational", "Provider_Name": "Microsoft-Windows-DeviceManagement-Enterprise-Diagnostics-Provider", "Computer": "DESKTOP-OFJ6N53", "TimeCreated": "2022-11-19 21:25:34.313503+00:00", "RecordID": "940", "Level": "4", "UserID": "S-1-5-18", "EventData.HexInt1": "0x00000002", "EventData.HexInt2": "0x00000000", "EventData.HexInt3": "0x00000064"}
{"EventID": "4000", "Channel": "Microsoft-Windows-DeviceManagement-Enterprise-Diagnostics-Provider/Operational", "Provider_Name": "Microsoft-Windows-DeviceManagement-Enterprise-Diagnostics-Provider", "Computer": "DESKTOP-OFJ6N53", "TimeCreated": "2022-11-19 21:25:34.313679+00:00", "RecordID": "941", "Level": "4", "UserID": "S-1-5-18", "EventData.HRESULT": "0x00000000"}
{"EventID": "4009", "Channel": "Microsoft-Windows-DeviceManagement-Enterprise-Diagnostics-Provider/Operational", "Provider_Name": "Microsoft-Windows-DeviceManagement-Enterprise-Diagnostics-Provider", "Computer": "DESKTOP-OFJ6N53", "TimeCreated": "2022-11-19 21:25:34.318151+00:00", "RecordID": "942", "Level": "4", "UserID": "S-1-5-18", "EventData.HexInt1": "0x00000004", "EventData.HexInt2": "0x00000000", "EventData.HexInt3": "0x00000000"}
{"EventID": "4009", "Channel": "Microsoft-Windows-DeviceManagement-Enterprise-Diagnostics-Provider/Operational", "Provider_Name": "Microsoft-Windows-DeviceManagement-Enterprise-Diagnostics-Provider", "Computer": "DESKTOP-OFJ6N53", "TimeCreated": "2022-11-19 21:27:34.330236+00:00", "RecordID": "943", "Level": "4", "UserID": "S-1-5-18", "EventData.HexInt1": "0x00000003", "EventData.HexInt2": "0x00000000", "EventData.HexInt3": "0x00000000"}
{"EventID": "4009", "Channel": "Microsoft-Windows-DeviceManagement-Enterprise-Diagnostics-Provider/Operational", "Provider_Name": "Microsoft-Windows-DeviceManagement-Enterprise-Diagnostics-Provider", "Computer": "DESKTOP-OFJ6N53", "TimeCreated": "2022-11-19 21:27:34.331104+00:00", "RecordID": "944", "Level": "4", "UserID": "S-1-5-18", "EventData.HexInt1": "0x00000001", "EventData.HexInt2": "0x00000000", "EventData.HexInt3": "0x00000000"}
{"EventID": "4019", "Channel": "Microsoft-Windows-DeviceManagement-Enterprise-Diagnostics-Provider/Operational", "Provider_Name": "Microsoft-Windows-DeviceManagement-Enterprise-Diagnostics-Provider", "Computer": "DESKTOP-OFJ6N53", "TimeCreated": "2022-11-21 08:18:20.847507+00:00", "RecordID": "945", "Level": "4", "UserID": "S-1-5-18"}
{"EventID": "4009", "Channel": "Microsoft-Windows-DeviceManagement-Enterprise-Diagnostics-Provider/Operational", "Provider_Name": "Microsoft-Windows-DeviceManagement-Enterprise-Diagnostics-Provider", "Computer": "DESKTOP-OFJ6N53", "TimeCreated": "2022-11-21 08:18:20.847513+00:00", "RecordID": "946", "Level": "4", "UserID": "S-1-5-18", "EventData.HexInt1": "0x00000002", "EventData.HexInt2": "0x00000000", "EventData.HexInt3": "0x00000064"}
{"EventID": "4000", "Channel": "Microsoft-Windows-DeviceManagement-Enterprise-Diagnostics-Provider/Operational", "Provider_Name": "Microsoft-Windows-DeviceManagement-Enterprise-Diagnostics-Provider", "Computer": "DESKTOP-OFJ6N53", "TimeCreated": "2022-11-21 08:18:20.847696+00:00", "RecordID": "947", "Level": "4", "UserID": "S-1-5-18", "EventData.HRESULT": "0x00000000"}
{"EventID": "4009", "Channel": "Microsoft-Windows-DeviceManagement-Enterprise-Diagnostics-Provider/Operational", "Provider_Name": "Microsoft-Windows-DeviceManagement-Enterprise-Diagnostics-Provider", "Computer": "DESKTOP-OFJ6N53", "TimeCreated": "2022-11-21 08:18:20.849157+00:00", "RecordID": "948", "Level": "4", "UserID": "S-1-5-18", "EventData.HexInt1": "0x00000004", "EventData.HexInt2": "0x00000000", "EventData.HexInt3": "0x00000000"}
{"EventID": "4009", "Channel": "Microsoft-Windows-DeviceManagement-Enterprise-Diagnostics-Provider/Operational", "Provider_Name": "Microsoft-Windows-DeviceManagement-Enterprise-Diagnostics-Provider", "Computer": "DESKTOP-OFJ6N53", "TimeCreated": "2022-11-21 08:20:20.855074+00:00", "RecordID": "949", "Level": "4", "UserID": "S-1-5-18", "EventData.HexInt1": "0x00000003", "EventData.HexInt2": "0x00000000", "EventData.HexInt3": "0x00000000"}
{"EventID": "4009", "Channel": "Microsoft-Windows-DeviceManagement-Enterprise-Diagnostics-Provider/Operational", "Provider_Name": "Microsoft-Windows-DeviceManagement-Enterprise-Diagnostics-Provider", "Computer": "DESKTOP-OFJ6N53", "TimeCreated": "2022-11-21 08:20:20.857094+00:00", "RecordID": "950", "Level": "4", "UserID": "S-1-5-18", "EventData.HexInt1": "0x00000001", "EventData.HexInt2": "0x00000000", "EventData.HexInt3": "0x00000000"}
{"EventID": "4019", "Channel": "Microsoft-Windows-DeviceManagement-Enterprise-Diagnostics-Provider/Operational", "Provider_Name": "Microsoft-Windows-DeviceManagement-Enterprise-Diagnostics-Provider", "Computer": "DESKTOP-OFJ6N53", "TimeCreated": "2022-11-22 07:39:18.001303+00:00", "RecordID": "951", "Level": "4", "UserID": "S-1-5-18"}
