{"EventID": "10000", "Channel": "Microsoft-Windows-NetworkProfile/Operational", "Provider_Name": "Microsoft-Windows-NetworkProfile", "Computer": "DESKTOP-OFJ6N53", "TimeCreated": "2025-04-02 14:58:50.361532+00:00", "RecordID": "16084", "Level": "4", "UserID": "S-1-5-19", "EventData.Name": "Неопознанная сеть", "EventData.Description": "Неопознанная сеть", "EventData.Guid": "{56bb994d-9259-41e5-8bc2-d3a07aad05cc}", "EventData.Type": "0", "EventData.State": "1", "EventData.Category": "0"}
{"EventID": "4004", "Channel": "Microsoft-Windows-NetworkProfile/Operational", "Provider_Name": "Microsoft-Windows-NetworkProfile", "Computer": "DESKTOP-OFJ6N53", "TimeCreated": "2025-04-02 14:58:52.895311+00:00", "RecordID": "16085", "Level": "4", "UserID": "S-1-5-19", "EventData.NewInternetConnectionProfile": "False", "EventData.ConnectionCostChanged": "False", "EventData.DomainConnectivityLevelChanged": "False", "EventData.NetworkConnectivityLevelChanged": "True", "EventData.HostNameChanged": "True", "EventData.WwanRegistrationStateChanged": "False", "EventData.TetheringOperationalStateChanged": "False", "EventData.TetheringClientCountChanged": "False"}
{"EventID": "10001", "Channel": "Microsoft-Windows-NetworkProfile/Operational", "Provider_Name": "Microsoft-Windows-NetworkProfile", "Computer": "DESKTOP-OFJ6N53", "TimeCreated": "2025-04-02 17:15:40.171000+00:00", "RecordID": "16086", "Level": "4", "UserID": "S-1-5-19", "EventData.Name": "Подключение по локальной сети 2", "EventData.Description": "Подключение по локальной сети 2", "EventData.Guid": "{64d4a23d-0b49-4ba4-af40-5d69bac7af73}", "EventData.Type": "0", "EventData.State": "2", "EventData.Category": "0"}
{"EventID": "4004", "Channel": "Microsoft-Windows-NetworkProfile/Operational", "Provider_Name": "Microsoft-Windows-NetworkProfile", "Computer": "DESKTOP-OFJ6N53", "TimeCreated": "2025-04-02 17:15:41.351986+00:00", "RecordID": "16087", "Level": "4", "UserID": "S-1-5-19", "EventData.NewInternetConnectionProfile": "False", "EventData.ConnectionCostChanged": "False", "EventData.DomainConnectivityLevelChanged": "False", "EventData.NetworkConnectivityLevelChanged": "True", "EventData.HostNameChanged": "True", "EventData.WwanRegistrationStateChanged": "False", "EventData.TetheringOperationalStateChanged": "False", "EventData.TetheringClientCountChanged": "False"}
{"EventID": "4004", "Channel": "Microsoft-Windows-NetworkProfile/Operational", "Provider_Name": "Microsoft-Windows-NetworkProfile", "Computer": "DESKTOP-OFJ6N53", "TimeCreated": "2025-04-02 17:15:45.870781+00:00", "RecordID": "16088", "Level": "4", "UserID": "S-1-5-19", "EventData.NewInternetConnectionProfile": "False", "EventData.ConnectionCostChanged": "False", "EventData.DomainConnectivityLevelChanged": "False", "EventData.NetworkConnectivityLevelChanged": "True", "EventData.HostNameChanged": "False", "EventData.WwanRegistrationStateChanged": "False", "EventData.TetheringOperationalStateChanged": "False", "EventData.TetheringClientCountChanged": "False"}
{"EventID": "4004", "Channel": "Microsoft-Windows-NetworkProfile/Operational", "Provider_Name": "Microsoft-Windows-NetworkProfile", "Computer": "DESKTOP-OFJ6N53", "TimeCreated": "2025-04-02 17:15:52.301863+00:00", "RecordID": "16089", "Level": "4", "UserID": "S-1-5-19", "EventData.NewInternetConnectionProfile": "False", "EventData.ConnectionCostChanged": "False", "EventData.DomainConnectivityLevelChanged": "False", "EventData.NetworkConnectivityLevelChanged": "True", "EventData.HostNameChanged": "True", "EventData.WwanRegistrationStateChanged": "False", "EventData.TetheringOperationalStateChanged": "False", "EventData.TetheringClientCountChanged": "False"}
{"EventID": "4003", "Channel": "Microsoft-Windows-NetworkProfile/Operational", "Provider_Name": "Microsoft-Windows-NetworkProfile", "Computer": "DESKTOP-OFJ6N53", "TimeCreated": "2025-04-02 17:15:54.262320+00:00", "RecordID": "16090", "Level": "4", "UserID": "S-1-5-19", "EventData.InterfaceGuid": "{0172e17a-3456-4bc7-bb55-da15689cd0b2}", "EventData.CurrentOrNextState": "2"}
{"EventID": "10000", "Channel": "Microsoft-Windows-NetworkProfile/Operational", "Provider_Name": "Microsoft-Windows-NetworkProfile", "Computer": "DESKTOP-OFJ6N53", "TimeCreated": "2025-04-02 17:15:54.262651+00:00", "RecordID": "16091", "Level": "4", "UserID": "S-1-5-19", "EventData.Name": "Неопознанная сеть", "EventData.Description": "Неопознанная сеть", "EventData.Guid": "{56bb994d-9259-41e5-8bc2-d3a07aad05cc}", "EventData.Type": "0", "EventData.State": "1", "EventData.Category": "0"}
{"EventID": "20002", "Channel": "Microsoft-Windows-NetworkProfile/Operational", "Provider_Name": "Microsoft-Windows-NetworkProfile", "Computer": "DESKTOP-OFJ6N53", "TimeCreated": "2025-04-02 17:15:54.271276+00:00", "RecordID": "16092", "Level": "4", "UserID": "S-1-5-19", "EventData.ProfileGuid": "{00000000-0000-0000-0000-000000000000}", "EventData.InterfaceGuid": "{0172e17a-3456-4bc7-bb55-da15689cd0b2}", "EventData.Category": "0", "EventData.ErrorCodev4": "0", "EventData.ErrorCodev6": "0", "EventData.Context": "3987"}
{"EventID": "4004", "Channel": "Microsoft-Windows-NetworkProfile/Operational", "Provider_Name": "Microsoft-Windows-NetworkProfile", "Computer": "DESKTOP-OFJ6N53", "TimeCreated": "2025-04-02 17:15:59.381657+00:00", "RecordID": "16093", "Level": "4", "UserID": "S-1-5-19", "EventData.NewInternetConnectionProfile": "False", "EventData.ConnectionCostChanged": "False", "EventData.DomainConnectivityLevelChanged": "False", "EventData.NetworkConnectivityLevelChanged": "True", "EventData.HostNameChanged": "True", "EventData.WwanRegistrationStateChanged": "False", "EventData.TetheringOperationalStateChanged": "False", "EventData.TetheringClientCountChanged": "False"}
{"EventID": "4004", "Channel": "Microsoft-Windows-NetworkProfile/Operational", "Provider_Name": "Microsoft-Windows-NetworkProfile", "Computer": "DESKTOP-OFJ6N53", "TimeCreated": "2025-04-03 06:59:50.197811+00:00", "RecordID": "16094", "Level": "4", "UserID": "S-1-5-19", "EventData.NewInternetConnectionProfile": "False", "EventData.ConnectionCostChanged": "False", "EventData.DomainConnectivityLevelChanged": "False", "EventData.NetworkConnectivityLevelChanged": "True", "EventData.HostNameChanged": "True", "EventData.WwanRegistrationStateChanged": "False", "EventData.TetheringOperationalStateChanged": "False", "EventData.TetheringClientCountChanged": "False"}
{"EventID": "4001", "Channel": "Microsoft-Windows-NetworkProfile/Operational", "Provider_Name": "Microsoft-Windows-NetworkProfile", "Computer": "DESKTOP-OFJ6N53", "TimeCreated": "2025-04-03 07:01:23.567093+00:00", "RecordID": "16095", "Level": "4", "UserID": "S-1-5-19", "EventData.InterfaceGuid": "{4ce1134c-e059-4f27-a6df-bafcb007188c}", "EventData.CurrentOrNextState": "0"}
{"EventID": "10000", "Channel": "Microsoft-Windows-NetworkProfile/Operational", "Provider_Name": "Microsoft-Windows-NetworkProfile", "Computer": "DESKTOP-OFJ6N53", "TimeCreated": "2025-04-03 07:01:23.572155+00:00", "RecordID": "16096", "Level": "4", "UserID": "S-1-5-19", "EventData.Name": "Идентификация...", "EventData.Description": "Идентификация...", "EventData.Guid": "{8d02dcb2-58e7-4004-9513-b0db79ab024b}", "EventData.Type": "0", "EventData.State": "1", "EventData.Category": "0"}
{"EventID": "20002", "Channel": "Microsoft-Windows-NetworkProfile/Operational", "Provider_Name": "Microsoft-Windows-NetworkProfile", "Computer": "DESKTOP-OFJ6N53", "TimeCreated": "2025-04-03 07:01:23.596792+00:00", "RecordID": "16097", "Level": "4", "UserID": "S-1-5-19", "EventData.ProfileGuid": "{ffffffff-ffff-ffff-ffff-ffffffffffff}", "EventData.InterfaceGuid": "{4ce1134c-e059-4f27-a6df-bafcb007188c}", "EventData.Category": "0", "EventData.ErrorCodev4": "0", "EventData.ErrorCodev6": "0", "EventData.Context": "3987"}
{"EventID": "4003", "Channel": "Microsoft-Windows-NetworkProfile/Operational", "Provider_Name": "Microsoft-Windows-NetworkProfile", "Computer": "DESKTOP-OFJ6N53", "TimeCreated": "2025-04-03 07:01:23.684765+00:00", "RecordID": "16098", "Level": "4", "UserID": "S-1-5-19", "EventData.InterfaceGuid": "{4ce1134c-e059-4f27-a6df-bafcb007188c}", "EventData.CurrentOrNextState": "2"}
{"EventID": "10000", "Channel": "Microsoft-Windows-NetworkProfile/Operational", "Provider_Name": "Microsoft-Windows-NetworkProfile", "Computer": "DESKTOP-OFJ6N53", "TimeCreated": "2025-04-03 07:01:23.684874+00:00", "RecordID": "16099", "Level": "4", "UserID": "S-1-5-19", "EventData.Name": "Неопознанная сеть", "EventData.Description": "Неопознанная сеть", "EventData.Guid": "{56bb994d-9259-41e5-8bc2-d3a07aad05cc}", "EventData.Type": "0", "EventData.State": "1", "EventData.Category": "0"}
{"EventID": "4004", "Channel": "Microsoft-Windows-NetworkProfile/Operational", "Provider_Name": "Microsoft-Windows-NetworkProfile", "Computer": "DESKTOP-OFJ6N53", "TimeCreated": "2025-04-03 07:01:26.277111+00:00", "RecordID": "16100", "Level": "4", "UserID": "S-1-5-19", "EventData.NewInternetConnectionProfile": "False", "EventData.ConnectionCostChanged": "False", "EventData.DomainConnectivityLevelChanged": "False", "EventData.NetworkConnectivityLevelChanged": "True", "EventData.HostNameChanged": "True", "EventData.WwanRegistrationStateChanged": "False", "EventData.TetheringOperationalStateChanged": "False", "EventData.TetheringClientCountChanged": "False"}
{"EventID": "4004", "Channel": "Microsoft-Windows-NetworkProfile/Operational", "Provider_Name": "Microsoft-Windows-NetworkProfile", "Computer": "DESKTOP-OFJ6N53", "TimeCreated": "2025-04-03 07:01:29.488543+00:00", "RecordID": "16101", "Level": "4", "UserID": "S-1-5-19", "EventData.NewInternetConnectionProfile": "False", "EventData.ConnectionCostChanged": "False", "EventData.DomainConnectivityLevelChanged": "False", "EventData.NetworkConnectivityLevelChanged": "True", "EventData.HostNameChanged": "False", "EventData.WwanRegistrationStateChanged": "False", "EventData.TetheringOperationalStateChanged": "False", "EventData.TetheringClientCountChanged": "False"}
{"EventID": "20002", "Channel": "Microsoft-Windows-NetworkProfile/Operational", "Provider_Name": "Microsoft-Windows-NetworkProfile", "Computer": "DESKTOP-OFJ6N53", "TimeCreated": "2025-04-03 07:03:25.066072+00:00", "RecordID": "16102", "Level": "4", "UserID": "S-1-5-19", "EventData.ProfileGuid": "{56bb994d-9259-41e5-8bc2-d3a07aad05cc}", "EventData.InterfaceGuid": "{4ce1134c-e059-4f27-a6df-bafcb007188c}", "EventData.Category": "1", "EventData.ErrorCodev4": "0", "EventData.ErrorCodev6": "0", "EventData.Context": "3802"}
{"EventID": "10002", "Channel": "Microsoft-Windows-NetworkProfile/Operational", "Provider_Name": "Microsoft-Windows-NetworkProfile", "Computer": "DESKTOP-OFJ6N53", "TimeCreated": "2025-04-03 07:03:25.066179+00:00", "RecordID": "16103", "Level": "4", "UserID": "S-1-5-19", "EventData.Name": "Неопознанная сеть", "EventData.Description": "Неопознанная сеть", "EventData.Guid": "{56bb994d-9259-41e5-8bc2-d3a07aad05cc}", "EventData.Type": "0", "EventData.State": "5", "EventData.Category": "1"}
{"EventID": "4001", "Channel": "Microsoft-Windows-NetworkProfile/Operational", "Provider_Name": "Microsoft-Windows-NetworkProfile", "Computer": "DESKTOP-OFJ6N53", "TimeCreated": "2025-04-06 12:20:44.194361+00:00", "RecordID": "16104", "Level": "4", "UserID": "S-1-5-19", "EventData.InterfaceGuid": "{3a3da926-b5f6-4fbc-8db9-26210316f556}", "EventData.CurrentOrNextState": "0"}
{"EventID": "10000", "Channel": "Microsoft-Windows-NetworkProfile/Operational", "Provider_Name": "Microsoft-Windows-NetworkProfile", "Computer": "DESKTOP-OFJ6N53", "TimeCreated": "2025-04-06 12:20:44.194874+00:00", "RecordID": "16105", "Level": "4", "UserID": "S-1-5-19", "EventData.Name": "Идентификация...", "EventData.Description": "Идентификация...", "EventData.Guid": "{8d02dcb2-58e7-4004-9513-b0db79ab024b}", "EventData.Type": "0", "EventData.State": "1", "EventData.Category": "0"}
{"EventID": "20002", "Channel": "Microsoft-Windows-NetworkProfile/Operational", "Provider_Name": "Microsoft-Windows-NetworkProfile", "Computer": "DESKTOP-OFJ6N53", "TimeCreated": "2025-04-06 12:20:44.213535+00:00", "RecordID": "16106", "Level": "4", "UserID": "S-1-5-19", "EventData.ProfileGuid": "{ffffffff-ffff-ffff-ffff-ffffffffffff}", "EventData.InterfaceGuid": "{3a3da926-b5f6-4fbc-8db9-26210316f556}", "EventData.Category": "0", "EventData.ErrorCodev4": "0", "EventData.ErrorCodev6": "0", "EventData.Context": "3987"}
{"EventID": "4003", "Channel": "Microsoft-Windows-NetworkProfile/Operational", "Provider_Name": "Microsoft-Windows-NetworkProfile", "Computer": "DESKTOP-OFJ6N53", "TimeCreated": "2025-04-06 12:20:46.218847+00:00", "RecordID": "16107", "Level": "4", "UserID": "S-1-5-19", "EventData.InterfaceGuid": "{3a3da926-b5f6-4fbc-8db9-26210316f556}", "EventData.CurrentOrNextState": "2"}
{"EventID": "20002", "Channel": "Microsoft-Windows-NetworkProfile/Operational", "Provider_Name": "Microsoft-Windows-NetworkProfile", "Computer": "DESKTOP-OFJ6N53", "TimeCreated": "2025-04-06 12:20:46.233646+00:00", "RecordID": "16108", "Level": "4", "UserID": "S-1-5-19", "EventData.ProfileGuid": "{00000000-0000-0000-0000-000000000000}", "EventData.InterfaceGuid": "{3a3da926-b5f6-4fbc-8db9-26210316f556}", "EventData.Category": "1", "EventData.ErrorCodev4": "0", "EventData.ErrorCodev6": "0", "EventData.Context": "3987"}
{"EventID": "4004", "Channel": "Microsoft-Windows-NetworkProfile/Operational", "Provider_Name": "Microsoft-Windows-NetworkProfile", "Computer": "DESKTOP-OFJ6N53", "TimeCreated": "2025-04-06 12:20:48.350962+00:00", "RecordID": "16109", "Level": "4", "UserID": "S-1-5-19", "EventData.NewInternetConnectionProfile": "False", "EventData.ConnectionCostChanged": "False", "EventData.DomainConnectivityLevelChanged": "False", "EventData.NetworkConnectivityLevelChanged": "True", "EventData.HostNameChanged": "True", "EventData.WwanRegistrationStateChanged": "False", "EventData.TetheringOperationalStateChanged": "False", "EventData.TetheringClientCountChanged": "False"}
{"EventID": "4004", "Channel": "Microsoft-Windows-NetworkProfile/Operational", "Provider_Name": "Microsoft-Windows-NetworkProfile", "Computer": "DESKTOP-OFJ6N53", "TimeCreated": "2025-04-06 12:20:53.705120+00:00", "RecordID": "16110", "Level": "4", "UserID": "S-1-5-19", "EventData.NewInternetConnectionProfile": "False", "EventData.ConnectionCostChanged": "False", "EventData.DomainConnectivityLevelChanged": "False", "EventData.NetworkConnectivityLevelChanged": "True", "EventData.HostNameChanged": "True", "EventData.WwanRegistrationStateChanged": "False", "EventData.TetheringOperationalStateChanged": "False", "EventData.TetheringClientCountChanged": "False"}
{"EventID": "4004", "Channel": "Microsoft-Windows-NetworkProfile/Operational", "Provider_Name": "Microsoft-Windows-NetworkProfile", "Computer": "DESKTOP-OFJ6N53", "TimeCreated": "2025-04-06 20:20:22.442291+00:00", "RecordID": "16111", "Level": "4", "UserID": "S-1-5-19", "EventData.NewInternetConnectionProfile": "False", "EventData.ConnectionCostChanged": "False", "EventData.DomainConnectivityLevelChanged": "False", "EventData.NetworkConnectivityLevelChanged": "True", "EventData.HostNameChanged": "True", "EventData.WwanRegistrationStateChanged": "False", "EventData.TetheringOperationalStateChanged": "False", "EventData.TetheringClientCountChanged": "False"}
{"EventID": "4004", "Channel": "Microsoft-Windows-NetworkProfile/Operational", "Provider_Name": "Microsoft-Windows-NetworkProfile", "Computer": "DESKTOP-OFJ6N53", "TimeCreated": "2025-04-06 20:20:27.696339+00:00", "RecordID": "16112", "Level": "4", "UserID": "S-1-5-19", "EventData.NewInternetConnectionProfile": "False", "EventData.ConnectionCostChanged": "False", "EventData.DomainConnectivityLevelChanged": "False", "EventData.NetworkConnectivityLevelChanged": "True", "EventData.HostNameChanged": "True", "EventData.WwanRegistrationStateChanged": "False", "EventData.TetheringOperationalStateChanged": "False", "EventData.TetheringClientCountChanged": "False"}
{"EventID": "4001", "Channel": "Microsoft-Windows-NetworkProfile/Operational", "Provider_Name": "Microsoft-Windows-NetworkProfile", "Computer": "DESKTOP-OFJ6N53", "TimeCreated": "2025-04-07 05:37:41.572420+00:00", "RecordID": "16113", "Level": "4", "UserID": "S-1-5-19", "EventData.InterfaceGuid": "{3a3da926-b5f6-4fbc-8db9-26210316f556}", "EventData.CurrentOrNextState": "0"}
{"EventID": "10000", "Channel": "Microsoft-Windows-NetworkProfile/Operational", "Provider_Name": "Microsoft-Windows-NetworkProfile", "Computer": "DESKTOP-OFJ6N53", "TimeCreated": "2025-04-07 05:37:41.572992+00:00", "RecordID": "16114", "Level": "4", "UserID": "S-1-5-19", "EventData.Name": "Идентификация...", "EventData.Description": "Идентификация...", "EventData.Guid": "{8d02dcb2-58e7-4004-9513-b0db79ab024b}", "EventData.Type": "0", "EventData.State": "1", "EventData.Category": "0"}
{"EventID": "20002", "Channel": "Microsoft-Windows-NetworkProfile/Operational", "Provider_Name": "Microsoft-Windows-NetworkProfile", "Computer": "DESKTOP-OFJ6N53", "TimeCreated": "2025-04-07 05:37:41.579256+00:00", "RecordID": "16115", "Level": "4", "UserID": "S-1-5-19", "EventData.ProfileGuid": "{ffffffff-ffff-ffff-ffff-ffffffffffff}", "EventData.InterfaceGuid": "{3a3da926-b5f6-4fbc-8db9-26210316f556}", "EventData.Category": "0", "EventData.ErrorCodev4": "0", "EventData.ErrorCodev6": "0", "EventData.Context": "3987"}
{"EventID": "4003", "Channel": "Microsoft-Windows-NetworkProfile/Operational", "Provider_Name": "Microsoft-Windows-NetworkProfile", "Computer": "DESKTOP-OFJ6N53", "TimeCreated": "2025-04-07 05:37:42.875732+00:00", "RecordID": "16116", "Level": "4", "UserID": "S-1-5-19", "EventData.InterfaceGuid": "{3a3da926-b5f6-4fbc-8db9-26210316f556}", "EventData.CurrentOrNextState": "2"}
{"EventID": "10000", "Channel": "Microsoft-Windows-NetworkProfile/Operational", "Provider_Name": "Microsoft-Windows-NetworkProfile", "Computer": "DESKTOP-OFJ6N53", "TimeCreated": "2025-04-07 05:37:42.875931+00:00", "RecordID": "16117", "Level": "4", "UserID": "S-1-5-19", "EventData.Name": "Неопознанная сеть", "EventData.Description": "Неопознанная сеть", "EventData.Guid": "{56bb994d-9259-41e5-8bc2-d3a07aad05cc}", "EventData.Type": "0", "EventData.State": "1", "EventData.Category": "0"}
{"EventID": "4004", "Channel": "Microsoft-Windows-NetworkProfile/Operational", "Provider_Name": "Microsoft-Windows-NetworkProfile", "Computer": "DESKTOP-OFJ6N53", "TimeCreated": "2025-04-07 05:37:44.505493+00:00", "RecordID": "16118", "Level": "4", "UserID": "S-1-5-19", "EventData.NewInternetConnectionProfile": "False", "EventData.ConnectionCostChanged": "False", "EventData.DomainConnectivityLevelChanged": "False", "EventData.NetworkConnectivityLevelChanged": "True", "EventData.HostNameChanged": "True", "EventData.WwanRegistrationStateChanged": "False", "EventData.TetheringOperationalStateChanged": "False", "EventData.TetheringClientCountChanged": "False"}
{"EventID": "4004", "Channel": "Microsoft-Windows-NetworkProfile/Operational", "Provider_Name": "Microsoft-Windows-NetworkProfile", "Computer": "DESKTOP-OFJ6N53", "TimeCreated": "2025-04-07 13:37:11.089846+00:00", "RecordID": "16119", "Level": "4", "UserID": "S-1-5-19", "EventData.NewInternetConnectionProfile": "False", "EventData.ConnectionCostChanged": "False", "EventData.DomainConnectivityLevelChanged": "False", "EventData.NetworkConnectivityLevelChanged": "True", "EventData.HostNameChanged": "True", "EventData.WwanRegistrationStateChanged": "False", "EventData.TetheringOperationalStateChanged": "False", "EventData.TetheringClientCountChanged": "False"}
{"EventID": "4004", "Channel": "Microsoft-Windows-NetworkProfile/Operational", "Provider_Name": "Microsoft-Windows-NetworkProfile", "Computer": "DESKTOP-OFJ6N53", "TimeCreated": "2025-04-07 13:37:19.232052+00:00", "RecordID": "16120", "Level": "4", "UserID": "S-1-5-19", "EventData.NewInternetConnectionProfile": "False", "EventData.ConnectionCostChanged": "False", "EventData.DomainConnectivityLevelChanged": "False", "EventData.NetworkConnectivityLevelChanged": "False", "EventData.HostNameChanged": "True", "EventData.WwanRegistrationStateChanged": "False", "EventData.TetheringOperationalStateChanged": "False", "EventData.TetheringClientCountChanged": "False"}
{"EventID": "4001", "Channel": "Microsoft-Windows-NetworkProfile/Operational", "Provider_Name": "Microsoft-Windows-NetworkProfile", "Computer": "DESKTOP-OFJ6N53", "TimeCreated": "2025-04-08 21:27:17.848772+00:00", "RecordID": "16121", "Level": "4", "UserID": "S-1-5-19", "EventData.InterfaceGuid": "{ee10f974-80c1-4e29-b33f-2b8580dcad3b}", "EventData.CurrentOrNextState": "0"}
{"EventID": "10000", "Channel": "Microsoft-Windows-NetworkProfile/Operational", "Provider_Name": "Microsoft-Windows-NetworkProfile", "Computer": "DESKTOP-OFJ6N53", "TimeCreated": "2025-04-08 21:27:17.849394+00:00", "RecordID": "16122", "Level": "4", "UserID": "S-1-5-19", "EventData.Name": "Идентификация...", "EventData.Description": "Идентификация...", "EventData.Guid": "{8d02dcb2-58e7-4004-9513-b0db79ab024b}", "EventData.Type": "0", "EventData.State": "1", "EventData.Category": "0"}
{"EventID": "20002", "Channel": "Microsoft-Windows-NetworkProfile/Operational", "Provider_Name": "Microsoft-Windows-NetworkProfile", "Computer": "DESKTOP-OFJ6N53", "TimeCreated": "2025-04-08 21:27:17.891361+00:00", "RecordID": "16123", "Level": "4", "UserID": "S-1-5-19", "EventData.ProfileGuid": "{ffffffff-ffff-ffff-ffff-ffffffffffff}", "EventData.InterfaceGuid": "{ee10f974-80c1-4e29-b33f-2b8580dcad3b}", "EventData.Category": "0", "EventData.ErrorCodev4": "0", "EventData.ErrorCodev6": "0", "EventData.Context": "3987"}
{"EventID": "4004", "Channel": "Microsoft-Windows-NetworkProfile/Operational", "Provider_Name": "Microsoft-Windows-NetworkProfile", "Computer": "DESKTOP-OFJ6N53", "TimeCreated": "2025-04-08 21:27:23.365761+00:00", "RecordID": "16124", "Level": "4", "UserID": "S-1-5-19", "EventData.NewInternetConnectionProfile": "False", "EventData.ConnectionCostChanged": "False", "EventData.DomainConnectivityLevelChanged": "False", "EventData.NetworkConnectivityLevelChanged": "True", "EventData.HostNameChanged": "True", "EventData.WwanRegistrationStateChanged": "False", "EventData.TetheringOperationalStateChanged": "False", "EventData.TetheringClientCountChanged": "False"}
{"EventID": "4002", "Channel": "Microsoft-Windows-NetworkProfile/Operational", "Provider_Name": "Microsoft-Windows-NetworkProfile", "Computer": "DESKTOP-OFJ6N53", "TimeCreated": "2025-04-08 21:27:48.332458+00:00", "RecordID": "16125", "Level": "4", "UserID": "S-1-5-19", "EventData.InterfaceGuid": "{ee10f974-80c1-4e29-b33f-2b8580dcad3b}", "EventData.CurrentOrNextState": "1"}
{"EventID": "10000", "Channel": "Microsoft-Windows-NetworkProfile/Operational", "Provider_Name": "Microsoft-Windows-NetworkProfile", "Computer": "DESKTOP-OFJ6N53", "TimeCreated": "2025-04-08 21:27:48.335287+00:00", "RecordID": "16126", "Level": "4", "UserID": "S-1-5-19", "EventData.Name": "VPN - VPN Client", "EventData.Description": "VPN - VPN Client", "EventData.Guid": "{a3e7f884-58fb-4794-8ef3-9531229ee989}", "EventData.Type": "0", "EventData.State": "5", "EventData.Category": "0"}
{"EventID": "4004", "Channel": "Microsoft-Windows-NetworkProfile/Operational", "Provider_Name": "Microsoft-Windows-NetworkProfile", "Computer": "DESKTOP-OFJ6N53", "TimeCreated": "2025-04-08 21:27:50.383570+00:00", "RecordID": "16127", "Level": "4", "UserID": "S-1-5-19", "EventData.NewInternetConnectionProfile": "False", "EventData.ConnectionCostChanged": "False", "EventData.DomainConnectivityLevelChanged": "False", "EventData.NetworkConnectivityLevelChanged": "True", "EventData.HostNameChanged": "False", "EventData.WwanRegistrationStateChanged": "False", "EventData.TetheringOperationalStateChanged": "False", "EventData.TetheringClientCountChanged": "False"}
{"EventID": "10001", "Channel": "Microsoft-Windows-NetworkProfile/Operational", "Provider_Name": "Microsoft-Windows-NetworkProfile", "Computer": "DESKTOP-OFJ6N53", "TimeCreated": "2025-04-09 14:35:09.093960+00:00", "RecordID": "16128", "Level": "4", "UserID": "S-1-5-19", "EventData.Name": "VPN - VPN Client", "EventData.Description": "VPN - VPN Client", "EventData.Guid": "{a3e7f884-58fb-4794-8ef3-9531229ee989}", "EventData.Type": "0", "EventData.State": "2", "EventData.Category": "0"}
{"EventID": "4001", "Channel": "Microsoft-Windows-NetworkProfile/Operational", "Provider_Name": "Microsoft-Windows-NetworkProfile", "Computer": "DESKTOP-OFJ6N53", "TimeCreated": "2025-04-09 14:35:09.094740+00:00", "RecordID": "16129", "Level": "4", "UserID": "S-1-5-19", "EventData.InterfaceGuid": "{ee10f974-80c1-4e29-b33f-2b8580dcad3b}", "EventData.CurrentOrNextState": "0"}
{"EventID": "10000", "Channel": "Microsoft-Windows-NetworkProfile/Operational", "Provider_Name": "Microsoft-Windows-NetworkProfile", "Computer": "DESKTOP-OFJ6N53", "TimeCreated": "2025-04-09 14:35:09.094881+00:00", "RecordID": "16130", "Level": "4", "UserID": "S-1-5-19", "EventData.Name": "Идентификация...", "EventData.Description": "Идентификация...", "EventData.Guid": "{8d02dcb2-58e7-4004-9513-b0db79ab024b}", "EventData.Type": "0", "EventData.State": "5", "EventData.Category": "0"}
{"EventID": "4004", "Channel": "Microsoft-Windows-NetworkProfile/Operational", "Provider_Name": "Microsoft-Windows-NetworkProfile", "Computer": "DESKTOP-OFJ6N53", "TimeCreated": "2025-04-09 14:35:11.079792+00:00", "RecordID": "16131", "Level": "4", "UserID": "S-1-5-19", "EventData.NewInternetConnectionProfile": "False", "EventData.ConnectionCostChanged": "False", "EventData.DomainConnectivityLevelChanged": "False", "EventData.NetworkConnectivityLevelChanged": "True", "EventData.HostNameChanged": "False", "EventData.WwanRegistrationStateChanged": "False", "EventData.TetheringOperationalStateChanged": "False", "EventData.TetheringClientCountChanged": "False"}
{"EventID": "4002", "Channel": "Microsoft-Windows-NetworkProfile/Operational", "Provider_Name": "Microsoft-Windows-NetworkProfile", "Computer": "DESKTOP-OFJ6N53", "TimeCreated": "2025-04-09 14:35:40.412689+00:00", "RecordID": "16132", "Level": "4", "UserID": "S-1-5-19", "EventData.InterfaceGuid": "{bed2c4be-ec11-4cc8-aafc-f0fd7a5e3a02}", "EventData.CurrentOrNextState": "1"}
{"EventID": "10000", "Channel": "Microsoft-Windows-NetworkProfile/Operational", "Provider_Name": "Microsoft-Windows-NetworkProfile", "Computer": "DESKTOP-OFJ6N53", "TimeCreated": "2025-04-09 14:35:40.413956+00:00", "RecordID": "16133", "Level": "4", "UserID": "S-1-5-19", "EventData.Name": "Сеть", "EventData.Description": "Сеть", "EventData.Guid": "{19ac8ff0-efa8-408b-8c0c-3213ff4867dc}", "EventData.Type": "0", "EventData.State": "1", "EventData.Category": "1"}
{"EventID": "20002", "Channel": "Microsoft-Windows-NetworkProfile/Operational", "Provider_Name": "Microsoft-Windows-NetworkProfile", "Computer": "DESKTOP-OFJ6N53", "TimeCreated": "2025-04-09 14:35:40.415314+00:00", "RecordID": "16134", "Level": "4", "UserID": "S-1-5-19", "EventData.ProfileGuid": "{19ac8ff0-efa8-408b-8c0c-3213ff4867dc}", "EventData.InterfaceGuid": "{bed2c4be-ec11-4cc8-aafc-f0fd7a5e3a02}", "EventData.Category": "1", "EventData.ErrorCodev4": "0", "EventData.ErrorCodev6": "0", "EventData.Context": "3987"}
{"EventID": "4004", "Channel": "Microsoft-Windows-NetworkProfile/Operational", "Provider_Name": "Microsoft-Windows-NetworkProfile", "Computer": "DESKTOP-OFJ6N53", "TimeCreated": "2025-04-09 14:35:45.902597+00:00", "RecordID": "16135", "Level": "4", "UserID": "S-1-5-19", "EventData.NewInternetConnectionProfile": "True", "EventData.ConnectionCostChanged": "True", "EventData.DomainConnectivityLevelChanged": "False", "EventData.NetworkConnectivityLevelChanged": "True", "EventData.HostNameChanged": "False", "EventData.WwanRegistrationStateChanged": "False", "EventData.TetheringOperationalStateChanged": "False", "EventData.TetheringClientCountChanged": "False"}
{"EventID": "4001", "Channel": "Microsoft-Windows-NetworkProfile/Operational", "Provider_Name": "Microsoft-Windows-NetworkProfile", "Computer": "DESKTOP-OFJ6N53", "TimeCreated": "2025-04-10 05:54:30.409464+00:00", "RecordID": "16136", "Level": "4", "UserID": "S-1-5-19", "EventData.InterfaceGuid": "{0172e17a-3456-4bc7-bb55-da15689cd0b2}", "EventData.CurrentOrNextState": "0"}
{"EventID": "10000", "Channel": "Microsoft-Windows-NetworkProfile/Operational", "Provider_Name": "Microsoft-Windows-NetworkProfile", "Computer": "DESKTOP-OFJ6N53", "TimeCreated": "2025-04-10 05:54:30.409956+00:00", "RecordID": "16137", "Level": "4", "UserID": "S-1-5-19", "EventData.Name": "Идентификация...", "EventData.Description": "Идентификация...", "EventData.Guid": "{b7b8acee-d5bb-41fc-b2be-f9acb8e876c5}", "EventData.Type": "0", "EventData.State": "1", "EventData.Category": "0"}
{"EventID": "20002", "Channel": "Microsoft-Windows-NetworkProfile/Operational", "Provider_Name": "Microsoft-Windows-NetworkProfile", "Computer": "DESKTOP-OFJ6N53", "TimeCreated": "2025-04-10 05:54:30.431816+00:00", "RecordID": "16138", "Level": "4", "UserID": "S-1-5-19", "EventData.ProfileGuid": "{ffffffff-ffff-ffff-ffff-ffffffffffff}", "EventData.InterfaceGuid": "{0172e17a-3456-4bc7-bb55-da15689cd0b2}", "EventData.Category": "0", "EventData.ErrorCodev4": "0", "EventData.ErrorCodev6": "0", "EventData.Context": "3987"}
{"EventID": "4003", "Channel": "Microsoft-Windows-NetworkProfile/Operational", "Provider_Name": "Microsoft-Windows-NetworkProfile", "Computer": "DESKTOP-OFJ6N53", "TimeCreated": "2025-04-10 05:54:30.444550+00:00", "RecordID": "16139", "Level": "4", "UserID": "S-1-5-19", "EventData.InterfaceGuid": "{0172e17a-3456-4bc7-bb55-da15689cd0b2}", "EventData.CurrentOrNextState": "2"}
{"EventID": "10000", "Channel": "Microsoft-Windows-NetworkProfile/Operational", "Provider_Name": "Microsoft-Windows-NetworkProfile", "Computer": "DESKTOP-OFJ6N53", "TimeCreated": "2025-04-10 05:54:30.444656+00:00", "RecordID": "16140", "Level": "4", "UserID": "S-1-5-19", "EventData.Name": "Неопознанная сеть", "EventData.Description": "Неопознанная сеть", "EventData.Guid": "{2333c037-e3d2-4f63-ba92-00c0dc612709}", "EventData.Type": "0", "EventData.State": "1", "EventData.Category": "0"}
{"EventID": "4004", "Channel": "Microsoft-Windows-NetworkProfile/Operational", "Provider_Name": "Microsoft-Windows-NetworkProfile", "Computer": "DESKTOP-OFJ6N53", "TimeCreated": "2025-04-10 05:54:32.041878+00:00", "RecordID": "16141", "Level": "4", "UserID": "S-1-5-19", "EventData.NewInternetConnectionProfile": "False", "EventData.ConnectionCostChanged": "False", "EventData.DomainConnectivityLevelChanged": "False", "EventData.NetworkConnectivityLevelChanged": "True", "EventData.HostNameChanged": "True", "EventData.WwanRegistrationStateChanged": "False", "EventData.TetheringOperationalStateChanged": "False", "EventData.TetheringClientCountChanged": "False"}
{"EventID": "4004", "Channel": "Microsoft-Windows-NetworkProfile/Operational", "Provider_Name": "Microsoft-Windows-NetworkProfile", "Computer": "DESKTOP-OFJ6N53", "TimeCreated": "2025-04-10 19:14:47.241730+00:00", "RecordID": "16142", "Level": "4", "UserID": "S-1-5-19", "EventData.NewInternetConnectionProfile": "False", "EventData.ConnectionCostChanged": "False", "EventData.DomainConnectivityLevelChanged": "False", "EventData.NetworkConnectivityLevelChanged": "True", "EventData.HostNameChanged": "True", "EventData.WwanRegistrationStateChanged": "False", "EventData.TetheringOperationalStateChanged": "False", "EventData.TetheringClientCountChanged": "False"}
{"EventID": "4004", "Channel": "Microsoft-Windows-NetworkProfile/Operational", "Provider_Name": "Microsoft-Windows-NetworkProfile", "Computer": "DESKTOP-OFJ6N53", "TimeCreated": "2025-04-10 19:15:08.731623+00:00", "RecordID": "16143", "Level": "4", "UserID": "S-1-5-19", "EventData.NewInternetConnectionProfile": "False", "EventData.ConnectionCostChanged": "False", "EventData.DomainConnectivityLevelChanged": "False", "EventData.NetworkConnectivityLevelChanged": "True", "EventData.HostNameChanged": "False", "EventData.WwanRegistrationStateChanged": "False", "EventData.TetheringOperationalStateChanged": "False", "EventData.TetheringClientCountChanged": "False"}
{"EventID": "4004", "Channel": "Microsoft-Windows-NetworkProfile/Operational", "Provider_Name": "Microsoft-Windows-NetworkProfile", "Computer": "DESKTOP-OFJ6N53", "TimeCreated": "2025-04-14 11:38:18.537647+00:00", "RecordID": "16144", "Level": "4", "UserID": "S-1-5-19", "EventData.NewInternetConnectionProfile": "False", "EventData.ConnectionCostChanged": "False", "EventData.DomainConnectivityLevelChanged": "False", "EventData.NetworkConnectivityLevelChanged": "True", "EventData.HostNameChanged": "False", "EventData.WwanRegistrationStateChanged": "False", "EventData.TetheringOperationalStateChanged": "False", "EventData.TetheringClientCountChanged": "False"}
{"EventID": "4003", "Channel": "Microsoft-Windows-NetworkProfile/Operational", "Provider_Name": "Microsoft-Windows-NetworkProfile", "Computer": "DESKTOP-OFJ6N53", "TimeCreated": "2025-04-16 15:09:50.979664+00:00", "RecordID": "16145", "Level": "4", "UserID": "S-1-5-19", "EventData.InterfaceGuid": "{0172e17a-3456-4bc7-bb55-da15689cd0b2}", "EventData.CurrentOrNextState": "2"}
{"EventID": "10000", "Channel": "Microsoft-Windows-NetworkProfile/Operational", "Provider_Name": "Microsoft-Windows-NetworkProfile", "Computer": "DESKTOP-OFJ6N53", "TimeCreated": "2025-04-16 15:09:50.980043+00:00", "RecordID": "16146", "Level": "4", "UserID": "S-1-5-19", "EventData.Name": "Неопознанная сеть", "EventData.Description": "Неопознанная сеть", "EventData.Guid": "{2333c037-e3d2-4f63-ba92-00c0dc612709}", "EventData.Type": "0", "EventData.State": "1", "EventData.Category": "0"}
{"EventID": "20002", "Channel": "Microsoft-Windows-NetworkProfile/Operational", "Provider_Name": "Microsoft-Windows-NetworkProfile", "Computer": "DESKTOP-OFJ6N53", "TimeCreated": "2025-04-16 15:09:50.984999+00:00", "RecordID": "16147", "Level": "4", "UserID": "S-1-5-19", "EventData.ProfileGuid": "{00000000-0000-0000-0000-000000000000}", "EventData.InterfaceGuid": "{0172e17a-3456-4bc7-bb55-da15689cd0b2}", "EventData.Category": "0", "EventData.ErrorCodev4": "0", "EventData.ErrorCodev6": "0", "EventData.Context": "3987"}
{"EventID": "4004", "Channel": "Microsoft-Windows-NetworkProfile/Operational", "Provider_Name": "Microsoft-Windows-NetworkProfile", "Computer": "DESKTOP-OFJ6N53", "TimeCreated": "2025-04-16 15:09:55.924231+00:00", "RecordID": "16148", "Level": "4", "UserID": "S-1-5-19", "EventData.NewInternetConnectionProfile": "False", "EventData.ConnectionCostChanged": "False", "EventData.DomainConnectivityLevelChanged": "False", "EventData.NetworkConnectivityLevelChanged": "True", "EventData.HostNameChanged": "True", "EventData.WwanRegistrationStateChanged": "False", "EventData.TetheringOperationalStateChanged": "False", "EventData.TetheringClientCountChanged": "False"}
{"EventID": "4004", "Channel": "Microsoft-Windows-NetworkProfile/Operational", "Provider_Name": "Microsoft-Windows-NetworkProfile", "Computer": "DESKTOP-OFJ6N53", "TimeCreated": "2025-04-16 15:09:59.434679+00:00", "RecordID": "16149", "Level": "4", "UserID": "S-1-5-19", "EventData.NewInternetConnectionProfile": "False", "EventData.ConnectionCostChanged": "False", "EventData.DomainConnectivityLevelChanged": "False", "EventData.NetworkConnectivityLevelChanged": "True", "EventData.HostNameChanged": "True", "EventData.WwanRegistrationStateChanged": "False", "EventData.TetheringOperationalStateChanged": "False", "EventData.TetheringClientCountChanged": "False"}
{"EventID": "4001", "Channel": "Microsoft-Windows-NetworkProfile/Operational", "Provider_Name": "Microsoft-Windows-NetworkProfile", "Computer": "DESKTOP-OFJ6N53", "TimeCreated": "2025-04-16 15:10:05.718546+00:00", "RecordID": "16150", "Level": "4", "UserID": "S-1-5-19", "EventData.InterfaceGuid": "{0172e17a-3456-4bc7-bb55-da15689cd0b2}", "EventData.CurrentOrNextState": "0"}
{"EventID": "10000", "Channel": "Microsoft-Windows-NetworkProfile/Operational", "Provider_Name": "Microsoft-Windows-NetworkProfile", "Computer": "DESKTOP-OFJ6N53", "TimeCreated": "2025-04-16 15:10:05.718704+00:00", "RecordID": "16151", "Level": "4", "UserID": "S-1-5-19", "EventData.Name": "Идентификация...", "EventData.Description": "Идентификация...", "EventData.Guid": "{b7b8acee-d5bb-41fc-b2be-f9acb8e876c5}", "EventData.Type": "0", "EventData.State": "1", "EventData.Category": "0"}
{"EventID": "20002", "Channel": "Microsoft-Windows-NetworkProfile/Operational", "Provider_Name": "Microsoft-Windows-NetworkProfile", "Computer": "DESKTOP-OFJ6N53", "TimeCreated": "2025-04-16 15:10:05.730450+00:00", "RecordID": "16152", "Level": "4", "UserID": "S-1-5-19", "EventData.ProfileGuid": "{ffffffff-ffff-ffff-ffff-ffffffffffff}", "EventData.InterfaceGuid": "{0172e17a-3456-4bc7-bb55-da15689cd0b2}", "EventData.Category": "0", "EventData.ErrorCodev4": "0", "EventData.ErrorCodev6": "0", "EventData.Context": "3987"}
{"EventID": "4003", "Channel": "Microsoft-Windows-NetworkProfile/Operational", "Provider_Name": "Microsoft-Windows-NetworkProfile", "Computer": "DESKTOP-OFJ6N53", "TimeCreated": "2025-04-16 15:10:05.824137+00:00", "RecordID": "16153", "Level": "4", "UserID": "S-1-5-19", "EventData.InterfaceGuid": "{0172e17a-3456-4bc7-bb55-da15689cd0b2}", "EventData.CurrentOrNextState": "2"}
{"EventID": "10000", "Channel": "Microsoft-Windows-NetworkProfile/Operational", "Provider_Name": "Microsoft-Windows-NetworkProfile", "Computer": "DESKTOP-OFJ6N53", "TimeCreated": "2025-04-16 15:10:05.824268+00:00", "RecordID": "16154", "Level": "4", "UserID": "S-1-5-19", "EventData.Name": "Неопознанная сеть", "EventData.Description": "Неопознанная сеть", "EventData.Guid": "{2333c037-e3d2-4f63-ba92-00c0dc612709}", "EventData.Type": "0", "EventData.State": "1", "EventData.Category": "0"}
{"EventID": "4004", "Channel": "Microsoft-Windows-NetworkProfile/Operational", "Provider_Name": "Microsoft-Windows-NetworkProfile", "Computer": "DESKTOP-OFJ6N53", "TimeCreated": "2025-04-16 15:10:07.758217+00:00", "RecordID": "16155", "Level": "4", "UserID": "S-1-5-19", "EventData.NewInternetConnectionProfile": "False", "EventData.ConnectionCostChanged": "False", "EventData.DomainConnectivityLevelChanged": "False", "EventData.NetworkConnectivityLevelChanged": "True", "EventData.HostNameChanged": "True", "EventData.WwanRegistrationStateChanged": "False", "EventData.TetheringOperationalStateChanged": "False", "EventData.TetheringClientCountChanged": "False"}
{"EventID": "4002", "Channel": "Microsoft-Windows-NetworkProfile/Operational", "Provider_Name": "Microsoft-Windows-NetworkProfile", "Computer": "DESKTOP-OFJ6N53", "TimeCreated": "2025-04-23 00:40:22.649042+00:00", "RecordID": "16156", "Level": "4", "UserID": "S-1-5-19", "EventData.InterfaceGuid": "{bed2c4be-ec11-4cc8-aafc-f0fd7a5e3a02}", "EventData.CurrentOrNextState": "1"}
{"EventID": "10000", "Channel": "Microsoft-Windows-NetworkProfile/Operational", "Provider_Name": "Microsoft-Windows-NetworkProfile", "Computer": "DESKTOP-OFJ6N53", "TimeCreated": "2025-04-23 00:40:22.650171+00:00", "RecordID": "16157", "Level": "4", "UserID": "S-1-5-19", "EventData.Name": "Сеть", "EventData.Description": "Сеть", "EventData.Guid": "{19ac8ff0-efa8-408b-8c0c-3213ff4867dc}", "EventData.Type": "0", "EventData.State": "1", "EventData.Category": "1"}
{"EventID": "4003", "Channel": "Microsoft-Windows-NetworkProfile/Operational", "Provider_Name": "Microsoft-Windows-NetworkProfile", "Computer": "DESKTOP-OFJ6N53", "TimeCreated": "2025-04-23 00:40:22.650440+00:00", "RecordID": "16158", "Level": "4", "UserID": "S-1-5-19", "EventData.InterfaceGuid": "{0172e17a-3456-4bc7-bb55-da15689cd0b2}", "EventData.CurrentOrNextState": "2"}
{"EventID": "10000", "Channel": "Microsoft-Windows-NetworkProfile/Operational", "Provider_Name": "Microsoft-Windows-NetworkProfile", "Computer": "DESKTOP-OFJ6N53", "TimeCreated": "2025-04-23 00:40:22.650503+00:00", "RecordID": "16159", "Level": "4", "UserID": "S-1-5-19", "EventData.Name": "Неопознанная сеть", "EventData.Description": "Неопознанная сеть", "EventData.Guid": "{de268494-a9c8-4f45-95fa-448ef4695830}", "EventData.Type": "0", "EventData.State": "1", "EventData.Category": "0"}
{"EventID": "20002", "Channel": "Microsoft-Windows-NetworkProfile/Operational", "Provider_Name": "Microsoft-Windows-NetworkProfile", "Computer": "DESKTOP-OFJ6N53", "TimeCreated": "2025-04-23 00:40:22.653709+00:00", "RecordID": "16160", "Level": "4", "UserID": "S-1-5-19", "EventData.ProfileGuid": "{19ac8ff0-efa8-408b-8c0c-3213ff4867dc}", "EventData.InterfaceGuid": "{bed2c4be-ec11-4cc8-aafc-f0fd7a5e3a02}", "EventData.Category": "1", "EventData.ErrorCodev4": "0", "EventData.ErrorCodev6": "0", "EventData.Context": "3987"}
{"EventID": "20002", "Channel": "Microsoft-Windows-NetworkProfile/Operational", "Provider_Name": "Microsoft-Windows-NetworkProfile", "Computer": "DESKTOP-OFJ6N53", "TimeCreated": "2025-04-23 00:40:22.655056+00:00", "RecordID": "16161", "Level": "4", "UserID": "S-1-5-19", "EventData.ProfileGuid": "{00000000-0000-0000-0000-000000000000}", "EventData.InterfaceGuid": "{0172e17a-3456-4bc7-bb55-da15689cd0b2}", "EventData.Category": "0", "EventData.ErrorCodev4": "0", "EventData.ErrorCodev6": "0", "EventData.Context": "3987"}
{"EventID": "4004", "Channel": "Microsoft-Windows-NetworkProfile/Operational", "Provider_Name": "Microsoft-Windows-NetworkProfile", "Computer": "DESKTOP-OFJ6N53", "TimeCreated": "2025-04-23 00:40:27.670971+00:00", "RecordID": "16162", "Level": "4", "UserID": "S-1-5-19", "EventData.NewInternetConnectionProfile": "True", "EventData.ConnectionCostChanged": "True", "EventData.DomainConnectivityLevelChanged": "False", "EventData.NetworkConnectivityLevelChanged": "True", "EventData.HostNameChanged": "False", "EventData.WwanRegistrationStateChanged": "False", "EventData.TetheringOperationalStateChanged": "False", "EventData.TetheringClientCountChanged": "False"}
{"EventID": "4004", "Channel": "Microsoft-Windows-NetworkProfile/Operational", "Provider_Name": "Microsoft-Windows-NetworkProfile", "Computer": "DESKTOP-OFJ6N53", "TimeCreated": "2025-04-23 00:40:58.499485+00:00", "RecordID": "16163", "Level": "4", "UserID": "S-1-5-19", "EventData.NewInternetConnectionProfile": "False", "EventData.ConnectionCostChanged": "False", "EventData.DomainConnectivityLevelChanged": "False", "EventData.NetworkConnectivityLevelChanged": "True", "EventData.HostNameChanged": "True", "EventData.WwanRegistrationStateChanged": "False", "EventData.TetheringOperationalStateChanged": "False", "EventData.TetheringClientCountChanged": "False"}
{"EventID": "4003", "Channel": "Microsoft-Windows-NetworkProfile/Operational", "Provider_Name": "Microsoft-Windows-NetworkProfile", "Computer": "DESKTOP-OFJ6N53", "TimeCreated": "2025-04-24 11:11:33.211023+00:00", "RecordID": "16164", "Level": "4", "UserID": "S-1-5-19", "EventData.InterfaceGuid": "{0172e17a-3456-4bc7-bb55-da15689cd0b2}", "EventData.CurrentOrNextState": "2"}
{"EventID": "10000", "Channel": "Microsoft-Windows-NetworkProfile/Operational", "Provider_Name": "Microsoft-Windows-NetworkProfile", "Computer": "DESKTOP-OFJ6N53", "TimeCreated": "2025-04-24 11:11:33.211357+00:00", "RecordID": "16165", "Level": "4", "UserID": "S-1-5-19", "EventData.Name": "Неопознанная сеть", "EventData.Description": "Неопознанная сеть", "EventData.Guid": "{de268494-a9c8-4f45-95fa-448ef4695830}", "EventData.Type": "0", "EventData.State": "1", "EventData.Category": "0"}
{"EventID": "20002", "Channel": "Microsoft-Windows-NetworkProfile/Operational", "Provider_Name": "Microsoft-Windows-NetworkProfile", "Computer": "DESKTOP-OFJ6N53", "TimeCreated": "2025-04-24 11:11:33.214895+00:00", "RecordID": "16166", "Level": "4", "UserID": "S-1-5-19", "EventData.ProfileGuid": "{00000000-0000-0000-0000-000000000000}", "EventData.InterfaceGuid": "{0172e17a-3456-4bc7-bb55-da15689cd0b2}", "EventData.Category": "0", "EventData.ErrorCodev4": "0", "EventData.ErrorCodev6": "0", "EventData.Context": "3987"}
{"EventID": "4004", "Channel": "Microsoft-Windows-NetworkProfile/Operational", "Provider_Name": "Microsoft-Windows-NetworkProfile", "Computer": "DESKTOP-OFJ6N53", "TimeCreated": "2025-04-24 11:11:38.522552+00:00", "RecordID": "16167", "Level": "4", "UserID": "S-1-5-19", "EventData.NewInternetConnectionProfile": "False", "EventData.ConnectionCostChanged": "False", "EventData.DomainConnectivityLevelChanged": "False", "EventData.NetworkConnectivityLevelChanged": "True", "EventData.HostNameChanged": "True", "EventData.WwanRegistrationStateChanged": "False", "EventData.TetheringOperationalStateChanged": "False", "EventData.TetheringClientCountChanged": "False"}
{"EventID": "4004", "Channel": "Microsoft-Windows-NetworkProfile/Operational", "Provider_Name": "Microsoft-Windows-NetworkProfile", "Computer": "DESKTOP-OFJ6N53", "TimeCreated": "2025-04-29 17:05:27.817043+00:00", "RecordID": "16168", "Level": "4", "UserID": "S-1-5-19", "EventData.NewInternetConnectionProfile": "False", "EventData.ConnectionCostChanged": "False", "EventData.DomainConnectivityLevelChanged": "False", "EventData.NetworkConnectivityLevelChanged": "True", "EventData.HostNameChanged": "True", "EventData.WwanRegistrationStateChanged": "False", "EventData.TetheringOperationalStateChanged": "False", "EventData.TetheringClientCountChanged": "False"}
{"EventID": "4004", "Channel": "Microsoft-Windows-NetworkProfile/Operational", "Provider_Name": "Microsoft-Windows-NetworkProfile", "Computer": "DESKTOP-OFJ6N53", "TimeCreated": "2025-05-06 19:39:23.084530+00:00", "RecordID": "16169", "Level": "4", "UserID": "S-1-5-19", "EventData.NewInternetConnectionProfile": "False", "EventData.ConnectionCostChanged": "False", "EventData.DomainConnectivityLevelChanged": "False", "EventData.NetworkConnectivityLevelChanged": "True", "EventData.HostNameChanged": "False", "EventData.WwanRegistrationStateChanged": "False", "EventData.TetheringOperationalStateChanged": "False", "EventData.TetheringClientCountChanged": "False"}
{"EventID": "4004", "Channel": "Microsoft-Windows-NetworkProfile/Operational", "Provider_Name": "Microsoft-Windows-NetworkProfile", "Computer": "DESKTOP-OFJ6N53", "TimeCreated": "2025-05-07 09:26:19.321674+00:00", "RecordID": "16170", "Level": "4", "UserID": "S-1-5-19", "EventData.NewInternetConnectionProfile": "False", "EventData.ConnectionCostChanged": "False", "EventData.DomainConnectivityLevelChanged": "False", "EventData.NetworkConnectivityLevelChanged": "True", "EventData.HostNameChanged": "False", "EventData.WwanRegistrationStateChanged": "False", "EventData.TetheringOperationalStateChanged": "False", "EventData.TetheringClientCountChanged": "False"}
{"EventID": "4002", "Channel": "Microsoft-Windows-NetworkProfile/Operational", "Provider_Name": "Microsoft-Windows-NetworkProfile", "Computer": "DESKTOP-OFJ6N53", "TimeCreated": "2025-05-14 14:42:07.993629+00:00", "RecordID": "16171", "Level": "4", "UserID": "S-1-5-19", "EventData.InterfaceGuid": "{bed2c4be-ec11-4cc8-aafc-f0fd7a5e3a02}", "EventData.CurrentOrNextState": "1"}
{"EventID": "20002", "Channel": "Microsoft-Windows-NetworkProfile/Operational", "Provider_Name": "Microsoft-Windows-NetworkProfile", "Computer": "DESKTOP-OFJ6N53", "TimeCreated": "2025-05-14 14:42:07.995007+00:00", "RecordID": "16172", "Level": "4", "UserID": "S-1-5-19", "EventData.ProfileGuid": "{19ac8ff0-efa8-408b-8c0c-3213ff4867dc}", "EventData.InterfaceGuid": "{bed2c4be-ec11-4cc8-aafc-f0fd7a5e3a02}", "EventData.Category": "1", "EventData.ErrorCodev4": "0", "EventData.ErrorCodev6": "0", "EventData.Context": "3987"}
{"EventID": "10000", "Channel": "Microsoft-Windows-NetworkProfile/Operational", "Provider_Name": "Microsoft-Windows-NetworkProfile", "Computer": "DESKTOP-OFJ6N53", "TimeCreated": "2025-05-14 14:42:07.995182+00:00", "RecordID": "16173", "Level": "4", "UserID": "S-1-5-19", "EventData.Name": "Сеть", "EventData.Description": "Сеть", "EventData.Guid": "{19ac8ff0-efa8-408b-8c0c-3213ff4867dc}", "EventData.Type": "0", "EventData.State": "1", "EventData.Category": "1"}
{"EventID": "4004", "Channel": "Microsoft-Windows-NetworkProfile/Operational", "Provider_Name": "Microsoft-Windows-NetworkProfile", "Computer": "DESKTOP-OFJ6N53", "TimeCreated": "2025-05-14 14:42:13.085039+00:00", "RecordID": "16174", "Level": "4", "UserID": "S-1-5-19", "EventData.NewInternetConnectionProfile": "True", "EventData.ConnectionCostChanged": "True", "EventData.DomainConnectivityLevelChanged": "False", "EventData.NetworkConnectivityLevelChanged": "True", "EventData.HostNameChanged": "False", "EventData.WwanRegistrationStateChanged": "False", "EventData.TetheringOperationalStateChanged": "False", "EventData.TetheringClientCountChanged": "False"}
{"EventID": "4001", "Channel": "Microsoft-Windows-NetworkProfile/Operational", "Provider_Name": "Microsoft-Windows-NetworkProfile", "Computer": "DESKTOP-OFJ6N53", "TimeCreated": "2025-06-01 08:22:33.191101+00:00", "RecordID": "16175", "Level": "4", "UserID": "S-1-5-19", "EventData.InterfaceGuid": "{ee10f974-80c1-4e29-b33f-2b8580dcad3b}", "EventData.CurrentOrNextState": "0"}
{"EventID": "10000", "Channel": "Microsoft-Windows-NetworkProfile/Operational", "Provider_Name": "Microsoft-Windows-NetworkProfile", "Computer": "DESKTOP-OFJ6N53", "TimeCreated": "2025-06-01 08:22:33.192272+00:00", "RecordID": "16176", "Level": "4", "UserID": "S-1-5-19", "EventData.Name": "Идентификация...", "EventData.Description": "Идентификация...", "EventData.Guid": "{e04b9a77-0df9-447b-9e90-95a41d6a2f83}", "EventData.Type": "0", "EventData.State": "1", "EventData.Category": "0"}
{"EventID": "20002", "Channel": "Microsoft-Windows-NetworkProfile/Operational", "Provider_Name": "Microsoft-Windows-NetworkProfile", "Computer": "DESKTOP-OFJ6N53", "TimeCreated": "2025-06-01 08:22:33.199476+00:00", "RecordID": "16177", "Level": "4", "UserID": "S-1-5-19", "EventData.ProfileGuid": "{ffffffff-ffff-ffff-ffff-ffffffffffff}", "EventData.InterfaceGuid": "{ee10f974-80c1-4e29-b33f-2b8580dcad3b}", "EventData.Category": "0", "EventData.ErrorCodev4": "0", "EventData.ErrorCodev6": "0", "EventData.Context": "3987"}
