{"EventID": "31018", "Channel": "Microsoft-Windows-SmbClient/Security", "Provider_Name": "Microsoft-Windows-SMBClient", "Computer": "DESKTOP-OFJ6N53", "TimeCreated": "2024-12-08 16:52:22.727072+00:00", "RecordID": "907", "Level": "3", "UserID": "S-1-5-18", "EventData.RegName": "AllowInsecureGuestAuth", "EventData.RegValue": "1"}
{"EventID": "31018", "Channel": "Microsoft-Windows-SmbClient/Security", "Provider_Name": "Microsoft-Windows-SMBClient", "Computer": "DESKTOP-OFJ6N53", "TimeCreated": "2024-12-09 08:10:22.381308+00:00", "RecordID": "908", "Level": "3", "UserID": "S-1-5-18", "EventData.RegName": "AllowInsecureGuestAuth", "EventData.RegValue": "1"}
{"EventID": "31018", "Channel": "Microsoft-Windows-SmbClient/Security", "Provider_Name": "Microsoft-Windows-SMBClient", "Computer": "DESKTOP-OFJ6N53", "TimeCreated": "2024-12-11 15:06:15.405058+00:00", "RecordID": "909", "Level": "3", "UserID": "S-1-5-18", "EventData.RegName": "AllowInsecureGuestAuth", "EventData.RegValue": "1"}
{"EventID": "31018", "Channel": "Microsoft-Windows-SmbClient/Security", "Provider_Name": "Microsoft-Windows-SMBClient", "Computer": "DESKTOP-OFJ6N53", "TimeCreated": "2024-12-18 15:52:18.400543+00:00", "RecordID": "910", "Level": "3", "UserID": "S-1-5-18", "EventData.RegName": "AllowInsecureGuestAuth", "EventData.RegValue": "1"}
{"EventID": "31018", "Channel": "Microsoft-Windows-SmbClient/Security", "Provider_Name": "Microsoft-Windows-SMBClient", "Computer": "DESKTOP-OFJ6N53", "TimeCreated": "2024-12-19 15:15:25.984863+00:00", "RecordID": "911", "Level": "3", "UserID": "S-1-5-18", "EventData.RegName": "AllowInsecureGuestAuth", "EventData.RegValue": "1"}
{"EventID": "31018", "Channel": "Microsoft-Windows-SmbClient/Security", "Provider_Name": "Microsoft-Windows-SMBClient", "Computer": "DESKTOP-OFJ6N53", "TimeCreated": "2024-12-23 14:10:02.816496+00:00", "RecordID": "912", "Level": "3", "UserID": "S-1-5-18", "EventData.RegName": "AllowInsecureGuestAuth", "EventData.RegValue": "1"}
{"EventID": "31018", "Channel": "Microsoft-Windows-SmbClient/Security", "Provider_Name": "Microsoft-Windows-SMBClient", "Computer": "DESKTOP-OFJ6N53", "TimeCreated": "2024-12-24 14:12:27.379074+00:00", "RecordID": "913", "Level": "3", "UserID": "S-1-5-18", "EventData.RegName": "AllowInsecureGuestAuth", "EventData.RegValue": "1"}
{"EventID": "31018", "Channel": "Microsoft-Windows-SmbClient/Security", "Provider_Name": "Microsoft-Windows-SMBClient", "Computer": "DESKTOP-OFJ6N53", "TimeCreated": "2024-12-25 08:30:14.424543+00:00", "RecordID": "914", "Level": "3", "UserID": "S-1-5-18", "EventData.RegName": "AllowInsecureGuestAuth", "EventData.RegValue": "1"}
{"EventID": "31018", "Channel": "Microsoft-Windows-SmbClient/Security", "Provider_Name": "Microsoft-Windows-SMBClient", "Computer": "DESKTOP-OFJ6N53", "TimeCreated": "2024-12-25 20:33:06.504667+00:00", "RecordID": "915", "Level": "3", "UserID": "S-1-5-18", "EventData.RegName": "AllowInsecureGuestAuth", "EventData.RegValue": "1"}
{"EventID": "31018", "Channel": "Microsoft-Windows-SmbClient/Security", "Provider_Name": "Microsoft-Windows-SMBClient", "Computer": "DESKTOP-OFJ6N53", "TimeCreated": "2024-12-28 11:02:52.978096+00:00", "RecordID": "916", "Level": "3", "UserID": "S-1-5-18", "EventData.RegName": "AllowInsecureGuestAuth", "EventData.RegValue": "1"}
{"EventID": "31018", "Channel": "Microsoft-Windows-SmbClient/Security", "Provider_Name": "Microsoft-Windows-SMBClient", "Computer": "DESKTOP-OFJ6N53", "TimeCreated": "2024-12-30 13:44:04.990902+00:00", "RecordID": "917", "Level": "3", "UserID": "S-1-5-18", "EventData.RegName": "AllowInsecureGuestAuth", "EventData.RegValue": "1"}
{"EventID": "31018", "Channel": "Microsoft-Windows-SmbClient/Security", "Provider_Name": "Microsoft-Windows-SMBClient", "Computer": "DESKTOP-OFJ6N53", "TimeCreated": "2025-01-09 13:06:20.668911+00:00", "RecordID": "918", "Level": "3", "UserID": "S-1-5-18", "EventData.RegName": "AllowInsecureGuestAuth", "EventData.RegValue": "1"}
{"EventID": "31018", "Channel": "Microsoft-Windows-SmbClient/Security", "Provider_Name": "Microsoft-Windows-SMBClient", "Computer": "DESKTOP-OFJ6N53", "TimeCreated": "2025-01-09 14:55:18.421715+00:00", "RecordID": "919", "Level": "3", "UserID": "S-1-5-18", "EventData.RegName": "AllowInsecureGuestAuth", "EventData.RegValue": "1"}
{"EventID": "31018", "Channel": "Microsoft-Windows-SmbClient/Security", "Provider_Name": "Microsoft-Windows-SMBClient", "Computer": "DESKTOP-OFJ6N53", "TimeCreated": "2025-01-14 23:22:38.310614+00:00", "RecordID": "920", "Level": "3", "UserID": "S-1-5-18", "EventData.RegName": "AllowInsecureGuestAuth", "EventData.RegValue": "1"}
{"EventID": "31018", "Channel": "Microsoft-Windows-SmbClient/Security", "Provider_Name": "Microsoft-Windows-SMBClient", "Computer": "DESKTOP-OFJ6N53", "TimeCreated": "2025-01-22 12:12:24.145590+00:00", "RecordID": "921", "Level": "3", "UserID": "S-1-5-18", "EventData.RegName": "AllowInsecureGuestAuth", "EventData.RegValue": "1"}
{"EventID": "31018", "Channel": "Microsoft-Windows-SmbClient/Security", "Provider_Name": "Microsoft-Windows-SMBClient", "Computer": "DESKTOP-OFJ6N53", "TimeCreated": "2025-01-23 07:56:14.270544+00:00", "RecordID": "922", "Level": "3", "UserID": "S-1-5-18", "EventData.RegName": "AllowInsecureGuestAuth", "EventData.RegValue": "1"}
{"EventID": "31018", "Channel": "Microsoft-Windows-SmbClient/Security", "Provider_Name": "Microsoft-Windows-SMBClient", "Computer": "DESKTOP-OFJ6N53", "TimeCreated": "2025-01-24 12:03:22.976866+00:00", "RecordID": "923", "Level": "3", "UserID": "S-1-5-18", "EventData.RegName": "AllowInsecureGuestAuth", "EventData.RegValue": "1"}
{"EventID": "31018", "Channel": "Microsoft-Windows-SmbClient/Security", "Provider_Name": "Microsoft-Windows-SMBClient", "Computer": "DESKTOP-OFJ6N53", "TimeCreated": "2025-01-29 14:02:27.842117+00:00", "RecordID": "924", "Level": "3", "UserID": "S-1-5-18", "EventData.RegName": "AllowInsecureGuestAuth", "EventData.RegValue": "1"}
{"EventID": "31018", "Channel": "Microsoft-Windows-SmbClient/Security", "Provider_Name": "Microsoft-Windows-SMBClient", "Computer": "DESKTOP-OFJ6N53", "TimeCreated": "2025-01-31 09:50:50.509361+00:00", "RecordID": "925", "Level": "3", "UserID": "S-1-5-18", "EventData.RegName": "AllowInsecureGuestAuth", "EventData.RegValue": "1"}
{"EventID": "31018", "Channel": "Microsoft-Windows-SmbClient/Security", "Provider_Name": "Microsoft-Windows-SMBClient", "Computer": "DESKTOP-OFJ6N53", "TimeCreated": "2025-02-05 12:49:54.431240+00:00", "RecordID": "926", "Level": "3", "UserID": "S-1-5-18", "EventData.RegName": "AllowInsecureGuestAuth", "EventData.RegValue": "1"}
{"EventID": "31018", "Channel": "Microsoft-Windows-SmbClient/Security", "Provider_Name": "Microsoft-Windows-SMBClient", "Computer": "DESKTOP-OFJ6N53", "TimeCreated": "2025-02-05 14:02:02.685055+00:00", "RecordID": "927", "Level": "3", "UserID": "S-1-5-18", "EventData.RegName": "AllowInsecureGuestAuth", "EventData.RegValue": "1"}
{"EventID": "31018", "Channel": "Microsoft-Windows-SmbClient/Security", "Provider_Name": "Microsoft-Windows-SMBClient", "Computer": "DESKTOP-OFJ6N53", "TimeCreated": "2025-02-12 14:54:31.288895+00:00", "RecordID": "928", "Level": "3", "UserID": "S-1-5-18", "EventData.RegName": "AllowInsecureGuestAuth", "EventData.RegValue": "1"}
{"EventID": "31018", "Channel": "Microsoft-Windows-SmbClient/Security", "Provider_Name": "Microsoft-Windows-SMBClient", "Computer": "DESKTOP-OFJ6N53", "TimeCreated": "2025-02-20 09:46:45.873039+00:00", "RecordID": "929", "Level": "3", "UserID": "S-1-5-18", "EventData.RegName": "AllowInsecureGuestAuth", "EventData.RegValue": "1"}
{"EventID": "31018", "Channel": "Microsoft-Windows-SmbClient/Security", "Provider_Name": "Microsoft-Windows-SMBClient", "Computer": "DESKTOP-OFJ6N53", "TimeCreated": "2025-03-07 15:04:05.056147+00:00", "RecordID": "930", "Level": "3", "UserID": "S-1-5-18", "EventData.RegName": "AllowInsecureGuestAuth", "EventData.RegValue": "1"}
{"EventID": "31018", "Channel": "Microsoft-Windows-SmbClient/Security", "Provider_Name": "Microsoft-Windows-SMBClient", "Computer": "DESKTOP-OFJ6N53", "TimeCreated": "2025-03-11 20:17:06.816351+00:00", "RecordID": "931", "Level": "3", "UserID": "S-1-5-18", "EventData.RegName": "AllowInsecureGuestAuth", "EventData.RegValue": "1"}
{"EventID": "31018", "Channel": "Microsoft-Windows-SmbClient/Security", "Provider_Name": "Microsoft-Windows-SMBClient", "Computer": "DESKTOP-OFJ6N53", "TimeCreated": "2025-03-14 10:09:28.999086+00:00", "RecordID": "932", "Level": "3", "UserID": "S-1-5-18", "EventData.RegName": "AllowInsecureGuestAuth", "EventData.RegValue": "1"}
{"EventID": "31018", "Channel": "Microsoft-Windows-SmbClient/Security", "Provider_Name": "Microsoft-Windows-SMBClient", "Computer": "DESKTOP-OFJ6N53", "TimeCreated": "2025-03-14 11:42:52.834089+00:00", "RecordID": "933", "Level": "3", "UserID": "S-1-5-18", "EventData.RegName": "AllowInsecureGuestAuth", "EventData.RegValue": "1"}
{"EventID": "31018", "Channel": "Microsoft-Windows-SmbClient/Security", "Provider_Name": "Microsoft-Windows-SMBClient", "Computer": "DESKTOP-OFJ6N53", "TimeCreated": "2025-03-17 11:12:55.562258+00:00", "RecordID": "934", "Level": "3", "UserID": "S-1-5-18", "EventData.RegName": "AllowInsecureGuestAuth", "EventData.RegValue": "1"}
{"EventID": "31018", "Channel": "Microsoft-Windows-SmbClient/Security", "Provider_Name": "Microsoft-Windows-SMBClient", "Computer": "DESKTOP-OFJ6N53", "TimeCreated": "2025-03-25 12:04:56.114489+00:00", "RecordID": "935", "Level": "3", "UserID": "S-1-5-18", "EventData.RegName": "AllowInsecureGuestAuth", "EventData.RegValue": "1"}
{"EventID": "31018", "Channel": "Microsoft-Windows-SmbClient/Security", "Provider_Name": "Microsoft-Windows-SMBClient", "Computer": "DESKTOP-OFJ6N53", "TimeCreated": "2025-03-25 15:44:27.274399+00:00", "RecordID": "936", "Level": "3", "UserID": "S-1-5-18", "EventData.RegName": "AllowInsecureGuestAuth", "EventData.RegValue": "1"}
{"EventID": "31018", "Channel": "Microsoft-Windows-SmbClient/Security", "Provider_Name": "Microsoft-Windows-SMBClient", "Computer": "DESKTOP-OFJ6N53", "TimeCreated": "2025-03-25 22:31:11.071125+00:00", "RecordID": "937", "Level": "3", "UserID": "S-1-5-18", "EventData.RegName": "AllowInsecureGuestAuth", "EventData.RegValue": "1"}
{"EventID": "31018", "Channel": "Microsoft-Windows-SmbClient/Security", "Provider_Name": "Microsoft-Windows-SMBClient", "Computer": "DESKTOP-OFJ6N53", "TimeCreated": "2025-03-27 15:33:02.077559+00:00", "RecordID": "938", "Level": "3", "UserID": "S-1-5-18", "EventData.RegName": "AllowInsecureGuestAuth", "EventData.RegValue": "1"}
{"EventID": "31018", "Channel": "Microsoft-Windows-SmbClient/Security", "Provider_Name": "Microsoft-Windows-SMBClient", "Computer": "DESKTOP-OFJ6N53", "TimeCreated": "2025-03-30 07:17:44.324484+00:00", "RecordID": "939", "Level": "3", "UserID": "S-1-5-18", "EventData.RegName": "AllowInsecureGuestAuth", "EventData.RegValue": "1"}
{"EventID": "31018", "Channel": "Microsoft-Windows-SmbClient/Security", "Provider_Name": "Microsoft-Windows-SMBClient", "Computer": "DESKTOP-OFJ6N53", "TimeCreated": "2025-04-01 05:00:35.931107+00:00", "RecordID": "940", "Level": "3", "UserID": "S-1-5-18", "EventData.RegName": "AllowInsecureGuestAuth", "EventData.RegValue": "1"}
{"EventID": "31018", "Channel": "Microsoft-Windows-SmbClient/Security", "Provider_Name": "Microsoft-Windows-SMBClient", "Computer": "DESKTOP-OFJ6N53", "TimeCreated": "2025-04-01 16:03:31.891747+00:00", "RecordID": "941", "Level": "3", "UserID": "S-1-5-18", "EventData.RegName": "AllowInsecureGuestAuth", "EventData.RegValue": "1"}
{"EventID": "31018", "Channel": "Microsoft-Windows-SmbClient/Security", "Provider_Name": "Microsoft-Windows-SMBClient", "Computer": "DESKTOP-OFJ6N53", "TimeCreated": "2025-04-02 09:18:22.141184+00:00", "RecordID": "942", "Level": "3", "UserID": "S-1-5-18", "EventData.RegName": "AllowInsecureGuestAuth", "EventData.RegValue": "1"}
{"EventID": "31018", "Channel": "Microsoft-Windows-SmbClient/Security", "Provider_Name": "Microsoft-Windows-SMBClient", "Computer": "DESKTOP-OFJ6N53", "TimeCreated": "2025-04-02 09:31:33.799746+00:00", "RecordID": "943", "Level": "3", "UserID": "S-1-5-18", "EventData.RegName": "AllowInsecureGuestAuth", "EventData.RegValue": "1"}
{"EventID": "31018", "Channel": "Microsoft-Windows-SmbClient/Security", "Provider_Name": "Microsoft-Windows-SMBClient", "Computer": "DESKTOP-OFJ6N53", "TimeCreated": "2025-04-02 09:57:41.712572+00:00", "RecordID": "944", "Level": "3", "UserID": "S-1-5-18", "EventData.RegName": "AllowInsecureGuestAuth", "EventData.RegValue": "1"}
{"EventID": "31018", "Channel": "Microsoft-Windows-SmbClient/Security", "Provider_Name": "Microsoft-Windows-SMBClient", "Computer": "DESKTOP-OFJ6N53", "TimeCreated": "2025-04-02 10:08:26.543869+00:00", "RecordID": "945", "Level": "3", "UserID": "S-1-5-18", "EventData.RegName": "AllowInsecureGuestAuth", "EventData.RegValue": "1"}
{"EventID": "31018", "Channel": "Microsoft-Windows-SmbClient/Security", "Provider_Name": "Microsoft-Windows-SMBClient", "Computer": "DESKTOP-OFJ6N53", "TimeCreated": "2025-04-02 10:11:53.660528+00:00", "RecordID": "946", "Level": "3", "UserID": "S-1-5-18", "EventData.RegName": "AllowInsecureGuestAuth", "EventData.RegValue": "1"}
{"EventID": "31018", "Channel": "Microsoft-Windows-SmbClient/Security", "Provider_Name": "Microsoft-Windows-SMBClient", "Computer": "DESKTOP-OFJ6N53", "TimeCreated": "2025-04-02 10:16:18.647652+00:00", "RecordID": "947", "Level": "3", "UserID": "S-1-5-18", "EventData.RegName": "AllowInsecureGuestAuth", "EventData.RegValue": "1"}
{"EventID": "31018", "Channel": "Microsoft-Windows-SmbClient/Security", "Provider_Name": "Microsoft-Windows-SMBClient", "Computer": "DESKTOP-OFJ6N53", "TimeCreated": "2025-04-02 10:34:06.505257+00:00", "RecordID": "948", "Level": "3", "UserID": "S-1-5-18", "EventData.RegName": "AllowInsecureGuestAuth", "EventData.RegValue": "1"}
{"EventID": "31018", "Channel": "Microsoft-Windows-SmbClient/Security", "Provider_Name": "Microsoft-Windows-SMBClient", "Computer": "DESKTOP-OFJ6N53", "TimeCreated": "2025-04-02 12:13:03.859644+00:00", "RecordID": "949", "Level": "3", "UserID": "S-1-5-18", "EventData.RegName": "AllowInsecureGuestAuth", "EventData.RegValue": "1"}
{"EventID": "31018", "Channel": "Microsoft-Windows-SmbClient/Security", "Provider_Name": "Microsoft-Windows-SMBClient", "Computer": "DESKTOP-OFJ6N53", "TimeCreated": "2025-04-02 14:21:19.332752+00:00", "RecordID": "950", "Level": "3", "UserID": "S-1-5-18", "EventData.RegName": "AllowInsecureGuestAuth", "EventData.RegValue": "1"}
{"EventID": "31018", "Channel": "Microsoft-Windows-SmbClient/Security", "Provider_Name": "Microsoft-Windows-SMBClient", "Computer": "DESKTOP-OFJ6N53", "TimeCreated": "2025-04-02 17:15:57.346424+00:00", "RecordID": "951", "Level": "3", "UserID": "S-1-5-18", "EventData.RegName": "AllowInsecureGuestAuth", "EventData.RegValue": "1"}
{"EventID": "31018", "Channel": "Microsoft-Windows-SmbClient/Security", "Provider_Name": "Microsoft-Windows-SMBClient", "Computer": "DESKTOP-OFJ6N53", "TimeCreated": "2025-04-03 07:01:24.509632+00:00", "RecordID": "952", "Level": "3", "UserID": "S-1-5-18", "EventData.RegName": "AllowInsecureGuestAuth", "EventData.RegValue": "1"}
{"EventID": "31018", "Channel": "Microsoft-Windows-SmbClient/Security", "Provider_Name": "Microsoft-Windows-SMBClient", "Computer": "DESKTOP-OFJ6N53", "TimeCreated": "2025-04-06 12:20:45.355864+00:00", "RecordID": "953", "Level": "3", "UserID": "S-1-5-18", "EventData.RegName": "AllowInsecureGuestAuth", "EventData.RegValue": "1"}
{"EventID": "31018", "Channel": "Microsoft-Windows-SmbClient/Security", "Provider_Name": "Microsoft-Windows-SMBClient", "Computer": "DESKTOP-OFJ6N53", "TimeCreated": "2025-04-07 05:37:42.461348+00:00", "RecordID": "954", "Level": "3", "UserID": "S-1-5-18", "EventData.RegName": "AllowInsecureGuestAuth", "EventData.RegValue": "1"}
{"EventID": "31018", "Channel": "Microsoft-Windows-SmbClient/Security", "Provider_Name": "Microsoft-Windows-SMBClient", "Computer": "DESKTOP-OFJ6N53", "TimeCreated": "2025-04-08 21:27:18.066622+00:00", "RecordID": "955", "Level": "3", "UserID": "S-1-5-18", "EventData.RegName": "AllowInsecureGuestAuth", "EventData.RegValue": "1"}
{"EventID": "31018", "Channel": "Microsoft-Windows-SmbClient/Security", "Provider_Name": "Microsoft-Windows-SMBClient", "Computer": "DESKTOP-OFJ6N53", "TimeCreated": "2025-04-09 14:35:40.674355+00:00", "RecordID": "956", "Level": "3", "UserID": "S-1-5-18", "EventData.RegName": "AllowInsecureGuestAuth", "EventData.RegValue": "1"}
{"EventID": "31018", "Channel": "Microsoft-Windows-SmbClient/Security", "Provider_Name": "Microsoft-Windows-SMBClient", "Computer": "DESKTOP-OFJ6N53", "TimeCreated": "2025-04-10 05:54:33.359428+00:00", "RecordID": "957", "Level": "3", "UserID": "S-1-5-18", "EventData.RegName": "AllowInsecureGuestAuth", "EventData.RegValue": "1"}
{"EventID": "31018", "Channel": "Microsoft-Windows-SmbClient/Security", "Provider_Name": "Microsoft-Windows-SMBClient", "Computer": "DESKTOP-OFJ6N53", "TimeCreated": "2025-04-16 15:09:53.969114+00:00", "RecordID": "958", "Level": "3", "UserID": "S-1-5-18", "EventData.RegName": "AllowInsecureGuestAuth", "EventData.RegValue": "1"}
{"EventID": "31018", "Channel": "Microsoft-Windows-SmbClient/Security", "Provider_Name": "Microsoft-Windows-SMBClient", "Computer": "DESKTOP-OFJ6N53", "TimeCreated": "2025-04-23 00:40:23.019053+00:00", "RecordID": "959", "Level": "3", "UserID": "S-1-5-18", "EventData.RegName": "AllowInsecureGuestAuth", "EventData.RegValue": "1"}
{"EventID": "31018", "Channel": "Microsoft-Windows-SmbClient/Security", "Provider_Name": "Microsoft-Windows-SMBClient", "Computer": "DESKTOP-OFJ6N53", "TimeCreated": "2025-04-24 11:11:36.583725+00:00", "RecordID": "960", "Level": "3", "UserID": "S-1-5-18", "EventData.RegName": "AllowInsecureGuestAuth", "EventData.RegValue": "1"}
{"EventID": "31018", "Channel": "Microsoft-Windows-SmbClient/Security", "Provider_Name": "Microsoft-Windows-SMBClient", "Computer": "DESKTOP-OFJ6N53", "TimeCreated": "2025-05-14 14:42:08.042589+00:00", "RecordID": "961", "Level": "3", "UserID": "S-1-5-18", "EventData.RegName": "AllowInsecureGuestAuth", "EventData.RegValue": "1"}
{"EventID": "31018", "Channel": "Microsoft-Windows-SmbClient/Security", "Provider_Name": "Microsoft-Windows-SMBClient", "Computer": "DESKTOP-OFJ6N53", "TimeCreated": "2025-06-01 08:22:34.278299+00:00", "RecordID": "962", "Level": "3", "UserID": "S-1-5-18", "EventData.RegName": "AllowInsecureGuestAuth", "EventData.RegValue": "1"}
{"EventID": "31018", "Channel": "Microsoft-Windows-SmbClient/Security", "Provider_Name": "Microsoft-Windows-SMBClient", "Computer": "DESKTOP-OFJ6N53", "TimeCreated": "2025-06-11 14:45:41.519274+00:00", "RecordID": "963", "Level": "3", "UserID": "S-1-5-18", "EventData.RegName": "AllowInsecureGuestAuth", "EventData.RegValue": "1"}
{"EventID": "31018", "Channel": "Microsoft-Windows-SmbClient/Security", "Provider_Name": "Microsoft-Windows-SMBClient", "Computer": "DESKTOP-OFJ6N53", "TimeCreated": "2025-07-07 12:49:26.269199+00:00", "RecordID": "964", "Level": "3", "UserID": "S-1-5-18", "EventData.RegName": "AllowInsecureGuestAuth", "EventData.RegValue": "1"}
{"EventID": "31018", "Channel": "Microsoft-Windows-SmbClient/Security", "Provider_Name": "Microsoft-Windows-SMBClient", "Computer": "DESKTOP-OFJ6N53", "TimeCreated": "2025-07-09 14:39:51.307461+00:00", "RecordID": "965", "Level": "3", "UserID": "S-1-5-18", "EventData.RegName": "AllowInsecureGuestAuth", "EventData.RegValue": "1"}
{"EventID": "31018", "Channel": "Microsoft-Windows-SmbClient/Security", "Provider_Name": "Microsoft-Windows-SMBClient", "Computer": "DESKTOP-OFJ6N53", "TimeCreated": "2025-07-24 21:29:45.290455+00:00", "RecordID": "966", "Level": "3", "UserID": "S-1-5-18", "EventData.RegName": "AllowInsecureGuestAuth", "EventData.RegValue": "1"}
{"EventID": "31018", "Channel": "Microsoft-Windows-SmbClient/Security", "Provider_Name": "Microsoft-Windows-SMBClient", "Computer": "DESKTOP-OFJ6N53", "TimeCreated": "2025-07-31 08:03:39.203850+00:00", "RecordID": "967", "Level": "3", "UserID": "S-1-5-18", "EventData.RegName": "AllowInsecureGuestAuth", "EventData.RegValue": "1"}
{"EventID": "31018", "Channel": "Microsoft-Windows-SmbClient/Security", "Provider_Name": "Microsoft-Windows-SMBClient", "Computer": "DESKTOP-OFJ6N53", "TimeCreated": "2025-08-12 12:17:39.683081+00:00", "RecordID": "968", "Level": "3", "UserID": "S-1-5-18", "EventData.RegName": "AllowInsecureGuestAuth", "EventData.RegValue": "1"}
{"EventID": "31018", "Channel": "Microsoft-Windows-SmbClient/Security", "Provider_Name": "Microsoft-Windows-SMBClient", "Computer": "DESKTOP-OFJ6N53", "TimeCreated": "2025-08-13 14:40:01.445419+00:00", "RecordID": "969", "Level": "3", "UserID": "S-1-5-18", "EventData.RegName": "AllowInsecureGuestAuth", "EventData.RegValue": "1"}
{"EventID": "31018", "Channel": "Microsoft-Windows-SmbClient/Security", "Provider_Name": "Microsoft-Windows-SMBClient", "Computer": "DESKTOP-OFJ6N53", "TimeCreated": "2025-08-19 07:18:54.029428+00:00", "RecordID": "970", "Level": "3", "UserID": "S-1-5-18", "EventData.RegName": "AllowInsecureGuestAuth", "EventData.RegValue": "1"}
{"EventID": "31018", "Channel": "Microsoft-Windows-SmbClient/Security", "Provider_Name": "Microsoft-Windows-SMBClient", "Computer": "DESKTOP-OFJ6N53", "TimeCreated": "2025-08-19 07:44:21.166451+00:00", "RecordID": "971", "Level": "3", "UserID": "S-1-5-18", "EventData.RegName": "AllowInsecureGuestAuth", "EventData.RegValue": "1"}
{"EventID": "31018", "Channel": "Microsoft-Windows-SmbClient/Security", "Provider_Name": "Microsoft-Windows-SMBClient", "Computer": "DESKTOP-OFJ6N53", "TimeCreated": "2025-08-22 12:58:29.676004+00:00", "RecordID": "972", "Level": "3", "UserID": "S-1-5-18", "EventData.RegName": "AllowInsecureGuestAuth", "EventData.RegValue": "1"}
{"EventID": "31018", "Channel": "Microsoft-Windows-SmbClient/Security", "Provider_Name": "Microsoft-Windows-SMBClient", "Computer": "DESKTOP-OFJ6N53", "TimeCreated": "2025-08-23 20:33:22.611813+00:00", "RecordID": "973", "Level": "3", "UserID": "S-1-5-18", "EventData.RegName": "AllowInsecureGuestAuth", "EventData.RegValue": "1"}
