{"EventID": "813", "Channel": "Microsoft-Windows-DeviceManagement-Enterprise-Diagnostics-Provider/Admin", "Provider_Name": "Microsoft-Windows-DeviceManagement-Enterprise-Diagnostics-Provider", "Computer": "WIN-E725EAE32MJ", "TimeCreated": "2022-02-24 08:26:32.508371+00:00", "RecordID": "1", "Level": "4", "UserID": "S-1-5-18", "EventData.Message1": "Power/Controls/EnergyEstimationEnabled", "EventData.Message2": "knobs", "EventData.Message3": "1e05dd5d-a022-46c5-963c-b20de341170f", "EventData.Message4": "device", "EventData.HexInt1": "0x00000001", "EventData.HexInt2": "0x00000001", "EventData.HexInt3": "0x00000000"}
{"EventID": "844", "Channel": "Microsoft-Windows-DeviceManagement-Enterprise-Diagnostics-Provider/Admin", "Provider_Name": "Microsoft-Windows-DeviceManagement-Enterprise-Diagnostics-Provider", "Computer": "WIN-E725EAE32MJ", "TimeCreated": "2022-02-24 08:26:32.508837+00:00", "RecordID": "2", "Level": "2", "UserID": "S-1-5-18", "EventData.Message1": "Inbox", "EventData.Message2": "82965F5A-6C65-4B7A-8075-488FCCE07D4E", "EventData.Message3": "1e05dd5d-a022-46c5-963c-b20de341170f", "EventData.HRESULT": "0x0000003f"}
{"EventID": "813", "Channel": "Microsoft-Windows-DeviceManagement-Enterprise-Diagnostics-Provider/Admin", "Provider_Name": "Microsoft-Windows-DeviceManagement-Enterprise-Diagnostics-Provider", "Computer": "WIN-E725EAE32MJ", "TimeCreated": "2022-02-24 08:26:32.833426+00:00", "RecordID": "3", "Level": "4", "UserID": "S-1-5-18", "EventData.Message1": "Power/EnergyEstimationEngine/StandbyActivationEnergy/DripsPowerFloorMilliWatts", "EventData.Message2": "knobs", "EventData.Message3": "8d196d7f-3eef-48ad-8bea-be749f12d3ad", "EventData.Message4": "device", "EventData.HexInt1": "0x00000096", "EventData.HexInt2": "0x00000001", "EventData.HexInt3": "0x00000000"}
{"EventID": "813", "Channel": "Microsoft-Windows-DeviceManagement-Enterprise-Diagnostics-Provider/Admin", "Provider_Name": "Microsoft-Windows-DeviceManagement-Enterprise-Diagnostics-Provider", "Computer": "WIN-E725EAE32MJ", "TimeCreated": "2022-02-24 08:26:33.159548+00:00", "RecordID": "4", "Level": "4", "UserID": "S-1-5-18", "EventData.Message1": "Power/EnergyEstimationEngine/EnergyEstimationTelemetry/BatteryDrainMinRate", "EventData.Message2": "knobs", "EventData.Message3": "8fb7d64e-70fc-4f9d-89ee-d486817534df", "EventData.Message4": "device", "EventData.HexInt1": "0x00000003", "EventData.HexInt2": "0x00000001", "EventData.HexInt3": "0x00000000"}
{"EventID": "813", "Channel": "Microsoft-Windows-DeviceManagement-Enterprise-Diagnostics-Provider/Admin", "Provider_Name": "Microsoft-Windows-DeviceManagement-Enterprise-Diagnostics-Provider", "Computer": "WIN-E725EAE32MJ", "TimeCreated": "2022-02-24 08:26:33.161486+00:00", "RecordID": "5", "Level": "4", "UserID": "S-1-5-18", "EventData.Message1": "Power/EnergyEstimationEngine/EnergyEstimationTelemetry/LongtermTimerInMinutes", "EventData.Message2": "knobs", "EventData.Message3": "8fb7d64e-70fc-4f9d-89ee-d486817534df", "EventData.Message4": "device", "EventData.HexInt1": "0x000005a0", "EventData.HexInt2": "0x00000001", "EventData.HexInt3": "0x00000000"}
{"EventID": "813", "Channel": "Microsoft-Windows-DeviceManagement-Enterprise-Diagnostics-Provider/Admin", "Provider_Name": "Microsoft-Windows-DeviceManagement-Enterprise-Diagnostics-Provider", "Computer": "WIN-E725EAE32MJ", "TimeCreated": "2022-02-24 08:26:33.479128+00:00", "RecordID": "6", "Level": "4", "UserID": "S-1-5-18", "EventData.Message1": "Power/Policy/Settings/Processor/SchemePersonality/381b4222-f694-41f0-9685-ff5bb260df2e/d4140c81-ebba-4e60-8561-6918290359cd/MinPerformance/AcValue", "EventData.Message2": "knobs", "EventData.Message3": "fc01e91f-914c-45af-9d7c-0b2e5fbedf62", "EventData.Message4": "device", "EventData.HexInt1": "0x00000064", "EventData.HexInt2": "0x00000001", "EventData.HexInt3": "0x00000000"}
{"EventID": "813", "Channel": "Microsoft-Windows-DeviceManagement-Enterprise-Diagnostics-Provider/Admin", "Provider_Name": "Microsoft-Windows-DeviceManagement-Enterprise-Diagnostics-Provider", "Computer": "WIN-E725EAE32MJ", "TimeCreated": "2022-02-24 08:26:33.482761+00:00", "RecordID": "7", "Level": "4", "UserID": "S-1-5-18", "EventData.Message1": "Power/Policy/Settings/Processor/SchemePersonality/381b4222-f694-41f0-9685-ff5bb260df2e/d4140c81-ebba-4e60-8561-6918290359cd/MinPerformance/DcValue", "EventData.Message2": "knobs", "EventData.Message3": "fc01e91f-914c-45af-9d7c-0b2e5fbedf62", "EventData.Message4": "device", "EventData.HexInt1": "0x00000064", "EventData.HexInt2": "0x00000001", "EventData.HexInt3": "0x00000000"}
{"EventID": "813", "Channel": "Microsoft-Windows-DeviceManagement-Enterprise-Diagnostics-Provider/Admin", "Provider_Name": "Microsoft-Windows-DeviceManagement-Enterprise-Diagnostics-Provider", "Computer": "WIN-E725EAE32MJ", "TimeCreated": "2022-02-24 08:26:33.855808+00:00", "RecordID": "8", "Level": "4", "UserID": "S-1-5-18", "EventData.Message1": "Power/Policy/Settings/Processor/SchemePersonality/381b4222-f694-41f0-9685-ff5bb260df2e/0aabb002-a307-447e-9b81-1d819df6c6d0/MinPerformance/AcValue", "EventData.Message2": "knobs", "EventData.Message3": "fc01e91f-914c-45af-9d7c-0b2e5fbedf62", "EventData.Message4": "device", "EventData.HexInt1": "0x00000064", "EventData.HexInt2": "0x00000001", "EventData.HexInt3": "0x00000000"}
{"EventID": "813", "Channel": "Microsoft-Windows-DeviceManagement-Enterprise-Diagnostics-Provider/Admin", "Provider_Name": "Microsoft-Windows-DeviceManagement-Enterprise-Diagnostics-Provider", "Computer": "WIN-E725EAE32MJ", "TimeCreated": "2022-02-24 08:26:33.859432+00:00", "RecordID": "9", "Level": "4", "UserID": "S-1-5-18", "EventData.Message1": "Power/Policy/Settings/Processor/SchemePersonality/381b4222-f694-41f0-9685-ff5bb260df2e/0aabb002-a307-447e-9b81-1d819df6c6d0/PerfDecreaseThreshold/DcValue", "EventData.Message2": "knobs", "EventData.Message3": "fc01e91f-914c-45af-9d7c-0b2e5fbedf62", "EventData.Message4": "device", "EventData.HexInt1": "0x0000000a", "EventData.HexInt2": "0x00000001", "EventData.HexInt3": "0x00000000"}
{"EventID": "813", "Channel": "Microsoft-Windows-DeviceManagement-Enterprise-Diagnostics-Provider/Admin", "Provider_Name": "Microsoft-Windows-DeviceManagement-Enterprise-Diagnostics-Provider", "Computer": "WIN-E725EAE32MJ", "TimeCreated": "2022-02-24 08:26:33.862585+00:00", "RecordID": "10", "Level": "4", "UserID": "S-1-5-18", "EventData.Message1": "Power/Policy/Settings/Processor/SchemePersonality/381b4222-f694-41f0-9685-ff5bb260df2e/0aabb002-a307-447e-9b81-1d819df6c6d0/PerfEnergyPreference/AcValue", "EventData.Message2": "knobs", "EventData.Message3": "fc01e91f-914c-45af-9d7c-0b2e5fbedf62", "EventData.Message4": "device", "EventData.HexInt1": "0x00000000", "EventData.HexInt2": "0x00000001", "EventData.HexInt3": "0x00000000"}
{"EventID": "813", "Channel": "Microsoft-Windows-DeviceManagement-Enterprise-Diagnostics-Provider/Admin", "Provider_Name": "Microsoft-Windows-DeviceManagement-Enterprise-Diagnostics-Provider", "Computer": "WIN-E725EAE32MJ", "TimeCreated": "2022-02-24 08:26:33.865513+00:00", "RecordID": "11", "Level": "4", "UserID": "S-1-5-18", "EventData.Message1": "Power/Policy/Settings/Processor/SchemePersonality/381b4222-f694-41f0-9685-ff5bb260df2e/0aabb002-a307-447e-9b81-1d819df6c6d0/PerfEnergyPreference/DcValue", "EventData.Message2": "knobs", "EventData.Message3": "fc01e91f-914c-45af-9d7c-0b2e5fbedf62", "EventData.Message4": "device", "EventData.HexInt1": "0x00000021", "EventData.HexInt2": "0x00000001", "EventData.HexInt3": "0x00000000"}
{"EventID": "813", "Channel": "Microsoft-Windows-DeviceManagement-Enterprise-Diagnostics-Provider/Admin", "Provider_Name": "Microsoft-Windows-DeviceManagement-Enterprise-Diagnostics-Provider", "Computer": "WIN-E725EAE32MJ", "TimeCreated": "2022-02-24 08:26:33.869310+00:00", "RecordID": "12", "Level": "4", "UserID": "S-1-5-18", "EventData.Message1": "Power/Policy/Settings/Processor/SchemePersonality/381b4222-f694-41f0-9685-ff5bb260df2e/0aabb002-a307-447e-9b81-1d819df6c6d0/PerfIncreasePolicy/DcValue", "EventData.Message2": "knobs", "EventData.Message3": "fc01e91f-914c-45af-9d7c-0b2e5fbedf62", "EventData.Message4": "device", "EventData.HexInt1": "0x00000002", "EventData.HexInt2": "0x00000001", "EventData.HexInt3": "0x00000000"}
{"EventID": "813", "Channel": "Microsoft-Windows-DeviceManagement-Enterprise-Diagnostics-Provider/Admin", "Provider_Name": "Microsoft-Windows-DeviceManagement-Enterprise-Diagnostics-Provider", "Computer": "WIN-E725EAE32MJ", "TimeCreated": "2022-02-24 08:26:33.872553+00:00", "RecordID": "13", "Level": "4", "UserID": "S-1-5-18", "EventData.Message1": "Power/Policy/Settings/Processor/SchemePersonality/381b4222-f694-41f0-9685-ff5bb260df2e/0aabb002-a307-447e-9b81-1d819df6c6d0/PerfIncreaseThreshold/DcValue", "EventData.Message2": "knobs", "EventData.Message3": "fc01e91f-914c-45af-9d7c-0b2e5fbedf62", "EventData.Message4": "device", "EventData.HexInt1": "0x0000001e", "EventData.HexInt2": "0x00000001", "EventData.HexInt3": "0x00000000"}
{"EventID": "813", "Channel": "Microsoft-Windows-DeviceManagement-Enterprise-Diagnostics-Provider/Admin", "Provider_Name": "Microsoft-Windows-DeviceManagement-Enterprise-Diagnostics-Provider", "Computer": "WIN-E725EAE32MJ", "TimeCreated": "2022-02-24 08:26:34.185072+00:00", "RecordID": "14", "Level": "4", "UserID": "S-1-5-18", "EventData.Message1": "Power/Policy/Settings/Processor/SchemePersonality/381b4222-f694-41f0-9685-ff5bb260df2e/DefaultPowerSchemeValues/CPMinCores/AcValue", "EventData.Message2": "knobs", "EventData.Message3": "fc01e91f-914c-45af-9d7c-0b2e5fbedf62", "EventData.Message4": "device", "EventData.HexInt1": "0x00000064", "EventData.HexInt2": "0x00000001", "EventData.HexInt3": "0x00000000"}
{"EventID": "813", "Channel": "Microsoft-Windows-DeviceManagement-Enterprise-Diagnostics-Provider/Admin", "Provider_Name": "Microsoft-Windows-DeviceManagement-Enterprise-Diagnostics-Provider", "Computer": "WIN-E725EAE32MJ", "TimeCreated": "2022-02-24 08:26:34.188181+00:00", "RecordID": "15", "Level": "4", "UserID": "S-1-5-18", "EventData.Message1": "Power/Policy/Settings/Processor/SchemePersonality/381b4222-f694-41f0-9685-ff5bb260df2e/DefaultPowerSchemeValues/CPMinCores/DcValue", "EventData.Message2": "knobs", "EventData.Message3": "fc01e91f-914c-45af-9d7c-0b2e5fbedf62", "EventData.Message4": "device", "EventData.HexInt1": "0x00000064", "EventData.HexInt2": "0x00000001", "EventData.HexInt3": "0x00000000"}
{"EventID": "813", "Channel": "Microsoft-Windows-DeviceManagement-Enterprise-Diagnostics-Provider/Admin", "Provider_Name": "Microsoft-Windows-DeviceManagement-Enterprise-Diagnostics-Provider", "Computer": "WIN-E725EAE32MJ", "TimeCreated": "2022-02-24 08:26:34.191732+00:00", "RecordID": "16", "Level": "4", "UserID": "S-1-5-18", "EventData.Message1": "Power/Policy/Settings/Processor/SchemePersonality/381b4222-f694-41f0-9685-ff5bb260df2e/DefaultPowerSchemeValues/PerfAutonomousMode/AcValue", "EventData.Message2": "knobs", "EventData.Message3": "fc01e91f-914c-45af-9d7c-0b2e5fbedf62", "EventData.Message4": "device", "EventData.HexInt1": "0x00000001", "EventData.HexInt2": "0x00000001", "EventData.HexInt3": "0x00000000"}
{"EventID": "813", "Channel": "Microsoft-Windows-DeviceManagement-Enterprise-Diagnostics-Provider/Admin", "Provider_Name": "Microsoft-Windows-DeviceManagement-Enterprise-Diagnostics-Provider", "Computer": "WIN-E725EAE32MJ", "TimeCreated": "2022-02-24 08:26:34.194965+00:00", "RecordID": "17", "Level": "4", "UserID": "S-1-5-18", "EventData.Message1": "Power/Policy/Settings/Processor/SchemePersonality/381b4222-f694-41f0-9685-ff5bb260df2e/DefaultPowerSchemeValues/PerfAutonomousMode/DcValue", "EventData.Message2": "knobs", "EventData.Message3": "fc01e91f-914c-45af-9d7c-0b2e5fbedf62", "EventData.Message4": "device", "EventData.HexInt1": "0x00000001", "EventData.HexInt2": "0x00000001", "EventData.HexInt3": "0x00000000"}
{"EventID": "813", "Channel": "Microsoft-Windows-DeviceManagement-Enterprise-Diagnostics-Provider/Admin", "Provider_Name": "Microsoft-Windows-DeviceManagement-Enterprise-Diagnostics-Provider", "Computer": "WIN-E725EAE32MJ", "TimeCreated": "2022-02-24 08:26:34.198528+00:00", "RecordID": "18", "Level": "4", "UserID": "S-1-5-18", "EventData.Message1": "Power/Policy/Settings/Processor/SchemePersonality/8c5e7fda-e8bf-4a96-9a85-a6e23a8c635c/DefaultPowerSchemeValues/PerfAutonomousMode/AcValue", "EventData.Message2": "knobs", "EventData.Message3": "fc01e91f-914c-45af-9d7c-0b2e5fbedf62", "EventData.Message4": "device", "EventData.HexInt1": "0x00000001", "EventData.HexInt2": "0x00000001", "EventData.HexInt3": "0x00000000"}
{"EventID": "813", "Channel": "Microsoft-Windows-DeviceManagement-Enterprise-Diagnostics-Provider/Admin", "Provider_Name": "Microsoft-Windows-DeviceManagement-Enterprise-Diagnostics-Provider", "Computer": "WIN-E725EAE32MJ", "TimeCreated": "2022-02-24 08:26:34.201687+00:00", "RecordID": "19", "Level": "4", "UserID": "S-1-5-18", "EventData.Message1": "Power/Policy/Settings/Processor/SchemePersonality/8c5e7fda-e8bf-4a96-9a85-a6e23a8c635c/DefaultPowerSchemeValues/PerfAutonomousMode/DcValue", "EventData.Message2": "knobs", "EventData.Message3": "fc01e91f-914c-45af-9d7c-0b2e5fbedf62", "EventData.Message4": "device", "EventData.HexInt1": "0x00000001", "EventData.HexInt2": "0x00000001", "EventData.HexInt3": "0x00000000"}
{"EventID": "813", "Channel": "Microsoft-Windows-DeviceManagement-Enterprise-Diagnostics-Provider/Admin", "Provider_Name": "Microsoft-Windows-DeviceManagement-Enterprise-Diagnostics-Provider", "Computer": "WIN-E725EAE32MJ", "TimeCreated": "2022-02-24 08:26:34.204628+00:00", "RecordID": "20", "Level": "4", "UserID": "S-1-5-18", "EventData.Message1": "Power/Policy/Settings/Processor/SchemePersonality/a1841308-3541-4fab-bc81-f71556f20b4a/DefaultPowerSchemeValues/CPMinCores/AcValue", "EventData.Message2": "knobs", "EventData.Message3": "fc01e91f-914c-45af-9d7c-0b2e5fbedf62", "EventData.Message4": "device", "EventData.HexInt1": "0x00000064", "EventData.HexInt2": "0x00000001", "EventData.HexInt3": "0x00000000"}
{"EventID": "813", "Channel": "Microsoft-Windows-DeviceManagement-Enterprise-Diagnostics-Provider/Admin", "Provider_Name": "Microsoft-Windows-DeviceManagement-Enterprise-Diagnostics-Provider", "Computer": "WIN-E725EAE32MJ", "TimeCreated": "2022-02-24 08:26:34.207499+00:00", "RecordID": "21", "Level": "4", "UserID": "S-1-5-18", "EventData.Message1": "Power/Policy/Settings/Processor/SchemePersonality/a1841308-3541-4fab-bc81-f71556f20b4a/DefaultPowerSchemeValues/CPMinCores/DcValue", "EventData.Message2": "knobs", "EventData.Message3": "fc01e91f-914c-45af-9d7c-0b2e5fbedf62", "EventData.Message4": "device", "EventData.HexInt1": "0x00000064", "EventData.HexInt2": "0x00000001", "EventData.HexInt3": "0x00000000"}
{"EventID": "813", "Channel": "Microsoft-Windows-DeviceManagement-Enterprise-Diagnostics-Provider/Admin", "Provider_Name": "Microsoft-Windows-DeviceManagement-Enterprise-Diagnostics-Provider", "Computer": "WIN-E725EAE32MJ", "TimeCreated": "2022-02-24 08:26:34.211445+00:00", "RecordID": "22", "Level": "4", "UserID": "S-1-5-18", "EventData.Message1": "Power/Policy/Settings/Processor/SchemePersonality/a1841308-3541-4fab-bc81-f71556f20b4a/DefaultPowerSchemeValues/PerfAutonomousMode/AcValue", "EventData.Message2": "knobs", "EventData.Message3": "fc01e91f-914c-45af-9d7c-0b2e5fbedf62", "EventData.Message4": "device", "EventData.HexInt1": "0x00000001", "EventData.HexInt2": "0x00000001", "EventData.HexInt3": "0x00000000"}
{"EventID": "813", "Channel": "Microsoft-Windows-DeviceManagement-Enterprise-Diagnostics-Provider/Admin", "Provider_Name": "Microsoft-Windows-DeviceManagement-Enterprise-Diagnostics-Provider", "Computer": "WIN-E725EAE32MJ", "TimeCreated": "2022-02-24 08:26:34.215919+00:00", "RecordID": "23", "Level": "4", "UserID": "S-1-5-18", "EventData.Message1": "Power/Policy/Settings/Processor/SchemePersonality/a1841308-3541-4fab-bc81-f71556f20b4a/DefaultPowerSchemeValues/PerfAutonomousMode/DcValue", "EventData.Message2": "knobs", "EventData.Message3": "fc01e91f-914c-45af-9d7c-0b2e5fbedf62", "EventData.Message4": "device", "EventData.HexInt1": "0x00000001", "EventData.HexInt2": "0x00000001", "EventData.HexInt3": "0x00000000"}
{"EventID": "1709", "Channel": "Microsoft-Windows-DeviceManagement-Enterprise-Diagnostics-Provider/Admin", "Provider_Name": "Microsoft-Windows-DeviceManagement-Enterprise-Diagnostics-Provider", "Computer": "DESKTOP-OFJ6N53", "TimeCreated": "2022-02-24 08:27:36.316349+00:00", "RecordID": "24", "Level": "4", "UserID": "S-1-5-18"}
{"EventID": "839", "Channel": "Microsoft-Windows-DeviceManagement-Enterprise-Diagnostics-Provider/Admin", "Provider_Name": "Microsoft-Windows-DeviceManagement-Enterprise-Diagnostics-Provider", "Computer": "DESKTOP-OFJ6N53", "TimeCreated": "2022-02-24 21:52:27.372082+00:00", "RecordID": "25", "Level": "4", "UserID": "S-1-5-18", "EventData.Message1": "FC01E91F-914C-45AF-9D7C-0B2E5FBEDF62", "EventData.Message2": "EnterpriseDataProtection"}
{"EventID": "839", "Channel": "Microsoft-Windows-DeviceManagement-Enterprise-Diagnostics-Provider/Admin", "Provider_Name": "Microsoft-Windows-DeviceManagement-Enterprise-Diagnostics-Provider", "Computer": "DESKTOP-OFJ6N53", "TimeCreated": "2022-02-24 21:52:27.372086+00:00", "RecordID": "26", "Level": "4", "UserID": "S-1-5-18", "EventData.Message1": "FC01E91F-914C-45AF-9D7C-0B2E5FBEDF62", "EventData.Message2": "AppHVSI"}
{"EventID": "833", "Channel": "Microsoft-Windows-DeviceManagement-Enterprise-Diagnostics-Provider/Admin", "Provider_Name": "Microsoft-Windows-DeviceManagement-Enterprise-Diagnostics-Provider", "Computer": "DESKTOP-OFJ6N53", "TimeCreated": "2022-02-24 21:52:27.391603+00:00", "RecordID": "27", "Level": "4", "UserID": "S-1-5-18", "EventData.Message1": "EnterpriseDataProtection", "EventData.HexInt1": "0xa3bd7875", "EventData.HexInt2": "0x13920028"}
{"EventID": "833", "Channel": "Microsoft-Windows-DeviceManagement-Enterprise-Diagnostics-Provider/Admin", "Provider_Name": "Microsoft-Windows-DeviceManagement-Enterprise-Diagnostics-Provider", "Computer": "DESKTOP-OFJ6N53", "TimeCreated": "2022-02-24 21:52:27.391684+00:00", "RecordID": "28", "Level": "4", "UserID": "S-1-5-18", "EventData.Message1": "AppHVSI", "EventData.HexInt1": "0xa3bd9075", "EventData.HexInt2": "0x13920028"}
{"EventID": "2437", "Channel": "Microsoft-Windows-DeviceManagement-Enterprise-Diagnostics-Provider/Admin", "Provider_Name": "Microsoft-Windows-DeviceManagement-Enterprise-Diagnostics-Provider", "Computer": "DESKTOP-OFJ6N53", "TimeCreated": "2022-02-24 21:52:27.459747+00:00", "RecordID": "29", "Level": "4", "UserID": "S-1-5-18"}
{"EventID": "2438", "Channel": "Microsoft-Windows-DeviceManagement-Enterprise-Diagnostics-Provider/Admin", "Provider_Name": "Microsoft-Windows-DeviceManagement-Enterprise-Diagnostics-Provider", "Computer": "DESKTOP-OFJ6N53", "TimeCreated": "2022-02-24 21:52:27.459747+00:00", "RecordID": "30", "Level": "4", "UserID": "S-1-5-18"}
{"EventID": "2439", "Channel": "Microsoft-Windows-DeviceManagement-Enterprise-Diagnostics-Provider/Admin", "Provider_Name": "Microsoft-Windows-DeviceManagement-Enterprise-Diagnostics-Provider", "Computer": "DESKTOP-OFJ6N53", "TimeCreated": "2022-02-24 21:52:27.459793+00:00", "RecordID": "31", "Level": "4", "UserID": "S-1-5-18"}
{"EventID": "2437", "Channel": "Microsoft-Windows-DeviceManagement-Enterprise-Diagnostics-Provider/Admin", "Provider_Name": "Microsoft-Windows-DeviceManagement-Enterprise-Diagnostics-Provider", "Computer": "DESKTOP-OFJ6N53", "TimeCreated": "2022-02-24 21:52:27.475380+00:00", "RecordID": "32", "Level": "4", "UserID": "S-1-5-18"}
{"EventID": "2438", "Channel": "Microsoft-Windows-DeviceManagement-Enterprise-Diagnostics-Provider/Admin", "Provider_Name": "Microsoft-Windows-DeviceManagement-Enterprise-Diagnostics-Provider", "Computer": "DESKTOP-OFJ6N53", "TimeCreated": "2022-02-24 21:52:27.475382+00:00", "RecordID": "33", "Level": "4", "UserID": "S-1-5-18"}
{"EventID": "2439", "Channel": "Microsoft-Windows-DeviceManagement-Enterprise-Diagnostics-Provider/Admin", "Provider_Name": "Microsoft-Windows-DeviceManagement-Enterprise-Diagnostics-Provider", "Computer": "DESKTOP-OFJ6N53", "TimeCreated": "2022-02-24 21:52:27.475920+00:00", "RecordID": "34", "Level": "4", "UserID": "S-1-5-18"}
{"EventID": "2437", "Channel": "Microsoft-Windows-DeviceManagement-Enterprise-Diagnostics-Provider/Admin", "Provider_Name": "Microsoft-Windows-DeviceManagement-Enterprise-Diagnostics-Provider", "Computer": "DESKTOP-OFJ6N53", "TimeCreated": "2022-02-24 21:52:27.804920+00:00", "RecordID": "35", "Level": "4", "UserID": "S-1-5-18"}
{"EventID": "2438", "Channel": "Microsoft-Windows-DeviceManagement-Enterprise-Diagnostics-Provider/Admin", "Provider_Name": "Microsoft-Windows-DeviceManagement-Enterprise-Diagnostics-Provider", "Computer": "DESKTOP-OFJ6N53", "TimeCreated": "2022-02-24 21:52:27.804922+00:00", "RecordID": "36", "Level": "4", "UserID": "S-1-5-18"}
{"EventID": "2439", "Channel": "Microsoft-Windows-DeviceManagement-Enterprise-Diagnostics-Provider/Admin", "Provider_Name": "Microsoft-Windows-DeviceManagement-Enterprise-Diagnostics-Provider", "Computer": "DESKTOP-OFJ6N53", "TimeCreated": "2022-02-24 21:52:27.804947+00:00", "RecordID": "37", "Level": "4", "UserID": "S-1-5-18"}
{"EventID": "813", "Channel": "Microsoft-Windows-DeviceManagement-Enterprise-Diagnostics-Provider/Admin", "Provider_Name": "Microsoft-Windows-DeviceManagement-Enterprise-Diagnostics-Provider", "Computer": "DESKTOP-OFJ6N53", "TimeCreated": "2022-02-24 21:52:31.915445+00:00", "RecordID": "38", "Level": "4", "UserID": "S-1-5-18", "EventData.Message1": "Power/Policy/Settings/Processor/SchemePersonality/381b4222-f694-41f0-9685-ff5bb260df2e/d4140c81-ebba-4e60-8561-6918290359cd/MinPerformance/AcValue", "EventData.Message2": "knobs", "EventData.Message3": "fc01e91f-914c-45af-9d7c-0b2e5fbedf62", "EventData.Message4": "device", "EventData.HexInt1": "0x00000064", "EventData.HexInt2": "0x00000001", "EventData.HexInt3": "0x00000000"}
{"EventID": "813", "Channel": "Microsoft-Windows-DeviceManagement-Enterprise-Diagnostics-Provider/Admin", "Provider_Name": "Microsoft-Windows-DeviceManagement-Enterprise-Diagnostics-Provider", "Computer": "DESKTOP-OFJ6N53", "TimeCreated": "2022-02-24 21:52:31.923660+00:00", "RecordID": "39", "Level": "4", "UserID": "S-1-5-18", "EventData.Message1": "Power/Policy/Settings/Processor/SchemePersonality/381b4222-f694-41f0-9685-ff5bb260df2e/d4140c81-ebba-4e60-8561-6918290359cd/MinPerformance/DcValue", "EventData.Message2": "knobs", "EventData.Message3": "fc01e91f-914c-45af-9d7c-0b2e5fbedf62", "EventData.Message4": "device", "EventData.HexInt1": "0x00000064", "EventData.HexInt2": "0x00000001", "EventData.HexInt3": "0x00000000"}
{"EventID": "813", "Channel": "Microsoft-Windows-DeviceManagement-Enterprise-Diagnostics-Provider/Admin", "Provider_Name": "Microsoft-Windows-DeviceManagement-Enterprise-Diagnostics-Provider", "Computer": "DESKTOP-OFJ6N53", "TimeCreated": "2022-02-24 21:52:32.208843+00:00", "RecordID": "40", "Level": "4", "UserID": "S-1-5-18", "EventData.Message1": "Power/Policy/Settings/Processor/SchemePersonality/381b4222-f694-41f0-9685-ff5bb260df2e/0aabb002-a307-447e-9b81-1d819df6c6d0/MinPerformance/AcValue", "EventData.Message2": "knobs", "EventData.Message3": "fc01e91f-914c-45af-9d7c-0b2e5fbedf62", "EventData.Message4": "device", "EventData.HexInt1": "0x00000064", "EventData.HexInt2": "0x00000001", "EventData.HexInt3": "0x00000000"}
{"EventID": "813", "Channel": "Microsoft-Windows-DeviceManagement-Enterprise-Diagnostics-Provider/Admin", "Provider_Name": "Microsoft-Windows-DeviceManagement-Enterprise-Diagnostics-Provider", "Computer": "DESKTOP-OFJ6N53", "TimeCreated": "2022-02-24 21:52:32.220270+00:00", "RecordID": "41", "Level": "4", "UserID": "S-1-5-18", "EventData.Message1": "Power/Policy/Settings/Processor/SchemePersonality/381b4222-f694-41f0-9685-ff5bb260df2e/0aabb002-a307-447e-9b81-1d819df6c6d0/PerfDecreaseThreshold/DcValue", "EventData.Message2": "knobs", "EventData.Message3": "fc01e91f-914c-45af-9d7c-0b2e5fbedf62", "EventData.Message4": "device", "EventData.HexInt1": "0x0000000a", "EventData.HexInt2": "0x00000001", "EventData.HexInt3": "0x00000000"}
{"EventID": "813", "Channel": "Microsoft-Windows-DeviceManagement-Enterprise-Diagnostics-Provider/Admin", "Provider_Name": "Microsoft-Windows-DeviceManagement-Enterprise-Diagnostics-Provider", "Computer": "DESKTOP-OFJ6N53", "TimeCreated": "2022-02-24 21:52:32.234619+00:00", "RecordID": "42", "Level": "4", "UserID": "S-1-5-18", "EventData.Message1": "Power/Policy/Settings/Processor/SchemePersonality/381b4222-f694-41f0-9685-ff5bb260df2e/0aabb002-a307-447e-9b81-1d819df6c6d0/PerfEnergyPreference/AcValue", "EventData.Message2": "knobs", "EventData.Message3": "fc01e91f-914c-45af-9d7c-0b2e5fbedf62", "EventData.Message4": "device", "EventData.HexInt1": "0x00000000", "EventData.HexInt2": "0x00000001", "EventData.HexInt3": "0x00000000"}
{"EventID": "813", "Channel": "Microsoft-Windows-DeviceManagement-Enterprise-Diagnostics-Provider/Admin", "Provider_Name": "Microsoft-Windows-DeviceManagement-Enterprise-Diagnostics-Provider", "Computer": "DESKTOP-OFJ6N53", "TimeCreated": "2022-02-24 21:52:32.244362+00:00", "RecordID": "43", "Level": "4", "UserID": "S-1-5-18", "EventData.Message1": "Power/Policy/Settings/Processor/SchemePersonality/381b4222-f694-41f0-9685-ff5bb260df2e/0aabb002-a307-447e-9b81-1d819df6c6d0/PerfEnergyPreference/DcValue", "EventData.Message2": "knobs", "EventData.Message3": "fc01e91f-914c-45af-9d7c-0b2e5fbedf62", "EventData.Message4": "device", "EventData.HexInt1": "0x00000021", "EventData.HexInt2": "0x00000001", "EventData.HexInt3": "0x00000000"}
{"EventID": "813", "Channel": "Microsoft-Windows-DeviceManagement-Enterprise-Diagnostics-Provider/Admin", "Provider_Name": "Microsoft-Windows-DeviceManagement-Enterprise-Diagnostics-Provider", "Computer": "DESKTOP-OFJ6N53", "TimeCreated": "2022-02-24 21:52:32.260237+00:00", "RecordID": "44", "Level": "4", "UserID": "S-1-5-18", "EventData.Message1": "Power/Policy/Settings/Processor/SchemePersonality/381b4222-f694-41f0-9685-ff5bb260df2e/0aabb002-a307-447e-9b81-1d819df6c6d0/PerfIncreasePolicy/DcValue", "EventData.Message2": "knobs", "EventData.Message3": "fc01e91f-914c-45af-9d7c-0b2e5fbedf62", "EventData.Message4": "device", "EventData.HexInt1": "0x00000002", "EventData.HexInt2": "0x00000001", "EventData.HexInt3": "0x00000000"}
{"EventID": "813", "Channel": "Microsoft-Windows-DeviceManagement-Enterprise-Diagnostics-Provider/Admin", "Provider_Name": "Microsoft-Windows-DeviceManagement-Enterprise-Diagnostics-Provider", "Computer": "DESKTOP-OFJ6N53", "TimeCreated": "2022-02-24 21:52:32.285795+00:00", "RecordID": "45", "Level": "4", "UserID": "S-1-5-18", "EventData.Message1": "Power/Policy/Settings/Processor/SchemePersonality/381b4222-f694-41f0-9685-ff5bb260df2e/0aabb002-a307-447e-9b81-1d819df6c6d0/PerfIncreaseThreshold/DcValue", "EventData.Message2": "knobs", "EventData.Message3": "fc01e91f-914c-45af-9d7c-0b2e5fbedf62", "EventData.Message4": "device", "EventData.HexInt1": "0x0000001e", "EventData.HexInt2": "0x00000001", "EventData.HexInt3": "0x00000000"}
{"EventID": "813", "Channel": "Microsoft-Windows-DeviceManagement-Enterprise-Diagnostics-Provider/Admin", "Provider_Name": "Microsoft-Windows-DeviceManagement-Enterprise-Diagnostics-Provider", "Computer": "DESKTOP-OFJ6N53", "TimeCreated": "2022-02-24 21:52:32.728971+00:00", "RecordID": "46", "Level": "4", "UserID": "S-1-5-18", "EventData.Message1": "Power/Policy/Settings/Processor/SchemePersonality/381b4222-f694-41f0-9685-ff5bb260df2e/DefaultPowerSchemeValues/CPMinCores/AcValue", "EventData.Message2": "knobs", "EventData.Message3": "fc01e91f-914c-45af-9d7c-0b2e5fbedf62", "EventData.Message4": "device", "EventData.HexInt1": "0x00000064", "EventData.HexInt2": "0x00000001", "EventData.HexInt3": "0x00000000"}
{"EventID": "813", "Channel": "Microsoft-Windows-DeviceManagement-Enterprise-Diagnostics-Provider/Admin", "Provider_Name": "Microsoft-Windows-DeviceManagement-Enterprise-Diagnostics-Provider", "Computer": "DESKTOP-OFJ6N53", "TimeCreated": "2022-02-24 21:52:32.743986+00:00", "RecordID": "47", "Level": "4", "UserID": "S-1-5-18", "EventData.Message1": "Power/Policy/Settings/Processor/SchemePersonality/381b4222-f694-41f0-9685-ff5bb260df2e/DefaultPowerSchemeValues/CPMinCores/DcValue", "EventData.Message2": "knobs", "EventData.Message3": "fc01e91f-914c-45af-9d7c-0b2e5fbedf62", "EventData.Message4": "device", "EventData.HexInt1": "0x00000064", "EventData.HexInt2": "0x00000001", "EventData.HexInt3": "0x00000000"}
{"EventID": "813", "Channel": "Microsoft-Windows-DeviceManagement-Enterprise-Diagnostics-Provider/Admin", "Provider_Name": "Microsoft-Windows-DeviceManagement-Enterprise-Diagnostics-Provider", "Computer": "DESKTOP-OFJ6N53", "TimeCreated": "2022-02-24 21:52:32.754787+00:00", "RecordID": "48", "Level": "4", "UserID": "S-1-5-18", "EventData.Message1": "Power/Policy/Settings/Processor/SchemePersonality/381b4222-f694-41f0-9685-ff5bb260df2e/DefaultPowerSchemeValues/PerfAutonomousMode/AcValue", "EventData.Message2": "knobs", "EventData.Message3": "fc01e91f-914c-45af-9d7c-0b2e5fbedf62", "EventData.Message4": "device", "EventData.HexInt1": "0x00000001", "EventData.HexInt2": "0x00000001", "EventData.HexInt3": "0x00000000"}
{"EventID": "813", "Channel": "Microsoft-Windows-DeviceManagement-Enterprise-Diagnostics-Provider/Admin", "Provider_Name": "Microsoft-Windows-DeviceManagement-Enterprise-Diagnostics-Provider", "Computer": "DESKTOP-OFJ6N53", "TimeCreated": "2022-02-24 21:52:33.002136+00:00", "RecordID": "49", "Level": "4", "UserID": "S-1-5-18", "EventData.Message1": "Power/Policy/Settings/Processor/SchemePersonality/381b4222-f694-41f0-9685-ff5bb260df2e/DefaultPowerSchemeValues/PerfAutonomousMode/DcValue", "EventData.Message2": "knobs", "EventData.Message3": "fc01e91f-914c-45af-9d7c-0b2e5fbedf62", "EventData.Message4": "device", "EventData.HexInt1": "0x00000001", "EventData.HexInt2": "0x00000001", "EventData.HexInt3": "0x00000000"}
{"EventID": "813", "Channel": "Microsoft-Windows-DeviceManagement-Enterprise-Diagnostics-Provider/Admin", "Provider_Name": "Microsoft-Windows-DeviceManagement-Enterprise-Diagnostics-Provider", "Computer": "DESKTOP-OFJ6N53", "TimeCreated": "2022-02-24 21:52:33.452976+00:00", "RecordID": "50", "Level": "4", "UserID": "S-1-5-18", "EventData.Message1": "Power/Policy/Settings/Processor/SchemePersonality/8c5e7fda-e8bf-4a96-9a85-a6e23a8c635c/DefaultPowerSchemeValues/PerfAutonomousMode/AcValue", "EventData.Message2": "knobs", "EventData.Message3": "fc01e91f-914c-45af-9d7c-0b2e5fbedf62", "EventData.Message4": "device", "EventData.HexInt1": "0x00000001", "EventData.HexInt2": "0x00000001", "EventData.HexInt3": "0x00000000"}
{"EventID": "813", "Channel": "Microsoft-Windows-DeviceManagement-Enterprise-Diagnostics-Provider/Admin", "Provider_Name": "Microsoft-Windows-DeviceManagement-Enterprise-Diagnostics-Provider", "Computer": "DESKTOP-OFJ6N53", "TimeCreated": "2022-02-24 21:52:34.446959+00:00", "RecordID": "51", "Level": "4", "UserID": "S-1-5-18", "EventData.Message1": "Power/Policy/Settings/Processor/SchemePersonality/8c5e7fda-e8bf-4a96-9a85-a6e23a8c635c/DefaultPowerSchemeValues/PerfAutonomousMode/DcValue", "EventData.Message2": "knobs", "EventData.Message3": "fc01e91f-914c-45af-9d7c-0b2e5fbedf62", "EventData.Message4": "device", "EventData.HexInt1": "0x00000001", "EventData.HexInt2": "0x00000001", "EventData.HexInt3": "0x00000000"}
{"EventID": "813", "Channel": "Microsoft-Windows-DeviceManagement-Enterprise-Diagnostics-Provider/Admin", "Provider_Name": "Microsoft-Windows-DeviceManagement-Enterprise-Diagnostics-Provider", "Computer": "DESKTOP-OFJ6N53", "TimeCreated": "2022-02-24 21:52:34.457817+00:00", "RecordID": "52", "Level": "4", "UserID": "S-1-5-18", "EventData.Message1": "Power/Policy/Settings/Processor/SchemePersonality/a1841308-3541-4fab-bc81-f71556f20b4a/DefaultPowerSchemeValues/CPMinCores/AcValue", "EventData.Message2": "knobs", "EventData.Message3": "fc01e91f-914c-45af-9d7c-0b2e5fbedf62", "EventData.Message4": "device", "EventData.HexInt1": "0x00000064", "EventData.HexInt2": "0x00000001", "EventData.HexInt3": "0x00000000"}
{"EventID": "813", "Channel": "Microsoft-Windows-DeviceManagement-Enterprise-Diagnostics-Provider/Admin", "Provider_Name": "Microsoft-Windows-DeviceManagement-Enterprise-Diagnostics-Provider", "Computer": "DESKTOP-OFJ6N53", "TimeCreated": "2022-02-24 21:52:34.468777+00:00", "RecordID": "53", "Level": "4", "UserID": "S-1-5-18", "EventData.Message1": "Power/Policy/Settings/Processor/SchemePersonality/a1841308-3541-4fab-bc81-f71556f20b4a/DefaultPowerSchemeValues/CPMinCores/DcValue", "EventData.Message2": "knobs", "EventData.Message3": "fc01e91f-914c-45af-9d7c-0b2e5fbedf62", "EventData.Message4": "device", "EventData.HexInt1": "0x00000064", "EventData.HexInt2": "0x00000001", "EventData.HexInt3": "0x00000000"}
{"EventID": "813", "Channel": "Microsoft-Windows-DeviceManagement-Enterprise-Diagnostics-Provider/Admin", "Provider_Name": "Microsoft-Windows-DeviceManagement-Enterprise-Diagnostics-Provider", "Computer": "DESKTOP-OFJ6N53", "TimeCreated": "2022-02-24 21:52:34.489775+00:00", "RecordID": "54", "Level": "4", "UserID": "S-1-5-18", "EventData.Message1": "Power/Policy/Settings/Processor/SchemePersonality/a1841308-3541-4fab-bc81-f71556f20b4a/DefaultPowerSchemeValues/PerfAutonomousMode/AcValue", "EventData.Message2": "knobs", "EventData.Message3": "fc01e91f-914c-45af-9d7c-0b2e5fbedf62", "EventData.Message4": "device", "EventData.HexInt1": "0x00000001", "EventData.HexInt2": "0x00000001", "EventData.HexInt3": "0x00000000"}
{"EventID": "813", "Channel": "Microsoft-Windows-DeviceManagement-Enterprise-Diagnostics-Provider/Admin", "Provider_Name": "Microsoft-Windows-DeviceManagement-Enterprise-Diagnostics-Provider", "Computer": "DESKTOP-OFJ6N53", "TimeCreated": "2022-02-24 21:52:34.505505+00:00", "RecordID": "55", "Level": "4", "UserID": "S-1-5-18", "EventData.Message1": "Power/Policy/Settings/Processor/SchemePersonality/a1841308-3541-4fab-bc81-f71556f20b4a/DefaultPowerSchemeValues/PerfAutonomousMode/DcValue", "EventData.Message2": "knobs", "EventData.Message3": "fc01e91f-914c-45af-9d7c-0b2e5fbedf62", "EventData.Message4": "device", "EventData.HexInt1": "0x00000001", "EventData.HexInt2": "0x00000001", "EventData.HexInt3": "0x00000000"}
{"EventID": "2437", "Channel": "Microsoft-Windows-DeviceManagement-Enterprise-Diagnostics-Provider/Admin", "Provider_Name": "Microsoft-Windows-DeviceManagement-Enterprise-Diagnostics-Provider", "Computer": "DESKTOP-OFJ6N53", "TimeCreated": "2022-04-13 16:06:07.649069+00:00", "RecordID": "56", "Level": "4", "UserID": "S-1-5-18"}
{"EventID": "2438", "Channel": "Microsoft-Windows-DeviceManagement-Enterprise-Diagnostics-Provider/Admin", "Provider_Name": "Microsoft-Windows-DeviceManagement-Enterprise-Diagnostics-Provider", "Computer": "DESKTOP-OFJ6N53", "TimeCreated": "2022-04-13 16:06:07.649071+00:00", "RecordID": "57", "Level": "4", "UserID": "S-1-5-18"}
{"EventID": "2439", "Channel": "Microsoft-Windows-DeviceManagement-Enterprise-Diagnostics-Provider/Admin", "Provider_Name": "Microsoft-Windows-DeviceManagement-Enterprise-Diagnostics-Provider", "Computer": "DESKTOP-OFJ6N53", "TimeCreated": "2022-04-13 16:06:07.652777+00:00", "RecordID": "58", "Level": "4", "UserID": "S-1-5-18"}
{"EventID": "2437", "Channel": "Microsoft-Windows-DeviceManagement-Enterprise-Diagnostics-Provider/Admin", "Provider_Name": "Microsoft-Windows-DeviceManagement-Enterprise-Diagnostics-Provider", "Computer": "DESKTOP-OFJ6N53", "TimeCreated": "2022-04-13 16:06:07.655027+00:00", "RecordID": "59", "Level": "4", "UserID": "S-1-5-18"}
{"EventID": "2438", "Channel": "Microsoft-Windows-DeviceManagement-Enterprise-Diagnostics-Provider/Admin", "Provider_Name": "Microsoft-Windows-DeviceManagement-Enterprise-Diagnostics-Provider", "Computer": "DESKTOP-OFJ6N53", "TimeCreated": "2022-04-13 16:06:07.655029+00:00", "RecordID": "60", "Level": "4", "UserID": "S-1-5-18"}
{"EventID": "2439", "Channel": "Microsoft-Windows-DeviceManagement-Enterprise-Diagnostics-Provider/Admin", "Provider_Name": "Microsoft-Windows-DeviceManagement-Enterprise-Diagnostics-Provider", "Computer": "DESKTOP-OFJ6N53", "TimeCreated": "2022-04-13 16:06:07.655363+00:00", "RecordID": "61", "Level": "4", "UserID": "S-1-5-18"}
{"EventID": "2437", "Channel": "Microsoft-Windows-DeviceManagement-Enterprise-Diagnostics-Provider/Admin", "Provider_Name": "Microsoft-Windows-DeviceManagement-Enterprise-Diagnostics-Provider", "Computer": "DESKTOP-OFJ6N53", "TimeCreated": "2022-05-10 23:43:08.743921+00:00", "RecordID": "62", "Level": "4", "UserID": "S-1-5-18"}
{"EventID": "2438", "Channel": "Microsoft-Windows-DeviceManagement-Enterprise-Diagnostics-Provider/Admin", "Provider_Name": "Microsoft-Windows-DeviceManagement-Enterprise-Diagnostics-Provider", "Computer": "DESKTOP-OFJ6N53", "TimeCreated": "2022-05-10 23:43:08.743923+00:00", "RecordID": "63", "Level": "4", "UserID": "S-1-5-18"}
{"EventID": "2439", "Channel": "Microsoft-Windows-DeviceManagement-Enterprise-Diagnostics-Provider/Admin", "Provider_Name": "Microsoft-Windows-DeviceManagement-Enterprise-Diagnostics-Provider", "Computer": "DESKTOP-OFJ6N53", "TimeCreated": "2022-05-10 23:43:08.744549+00:00", "RecordID": "64", "Level": "4", "UserID": "S-1-5-18"}
{"EventID": "2437", "Channel": "Microsoft-Windows-DeviceManagement-Enterprise-Diagnostics-Provider/Admin", "Provider_Name": "Microsoft-Windows-DeviceManagement-Enterprise-Diagnostics-Provider", "Computer": "DESKTOP-OFJ6N53", "TimeCreated": "2022-05-10 23:43:08.757010+00:00", "RecordID": "65", "Level": "4", "UserID": "S-1-5-18"}
{"EventID": "2438", "Channel": "Microsoft-Windows-DeviceManagement-Enterprise-Diagnostics-Provider/Admin", "Provider_Name": "Microsoft-Windows-DeviceManagement-Enterprise-Diagnostics-Provider", "Computer": "DESKTOP-OFJ6N53", "TimeCreated": "2022-05-10 23:43:08.757011+00:00", "RecordID": "66", "Level": "4", "UserID": "S-1-5-18"}
{"EventID": "2439", "Channel": "Microsoft-Windows-DeviceManagement-Enterprise-Diagnostics-Provider/Admin", "Provider_Name": "Microsoft-Windows-DeviceManagement-Enterprise-Diagnostics-Provider", "Computer": "DESKTOP-OFJ6N53", "TimeCreated": "2022-05-10 23:43:08.757593+00:00", "RecordID": "67", "Level": "4", "UserID": "S-1-5-18"}
{"EventID": "2437", "Channel": "Microsoft-Windows-DeviceManagement-Enterprise-Diagnostics-Provider/Admin", "Provider_Name": "Microsoft-Windows-DeviceManagement-Enterprise-Diagnostics-Provider", "Computer": "DESKTOP-OFJ6N53", "TimeCreated": "2022-06-14 18:12:16.504072+00:00", "RecordID": "68", "Level": "4", "UserID": "S-1-5-18"}
{"EventID": "2438", "Channel": "Microsoft-Windows-DeviceManagement-Enterprise-Diagnostics-Provider/Admin", "Provider_Name": "Microsoft-Windows-DeviceManagement-Enterprise-Diagnostics-Provider", "Computer": "DESKTOP-OFJ6N53", "TimeCreated": "2022-06-14 18:12:16.504076+00:00", "RecordID": "69", "Level": "4", "UserID": "S-1-5-18"}
{"EventID": "2439", "Channel": "Microsoft-Windows-DeviceManagement-Enterprise-Diagnostics-Provider/Admin", "Provider_Name": "Microsoft-Windows-DeviceManagement-Enterprise-Diagnostics-Provider", "Computer": "DESKTOP-OFJ6N53", "TimeCreated": "2022-06-14 18:12:16.504509+00:00", "RecordID": "70", "Level": "4", "UserID": "S-1-5-18"}
{"EventID": "2437", "Channel": "Microsoft-Windows-DeviceManagement-Enterprise-Diagnostics-Provider/Admin", "Provider_Name": "Microsoft-Windows-DeviceManagement-Enterprise-Diagnostics-Provider", "Computer": "DESKTOP-OFJ6N53", "TimeCreated": "2022-06-14 18:12:16.509012+00:00", "RecordID": "71", "Level": "4", "UserID": "S-1-5-18"}
{"EventID": "2438", "Channel": "Microsoft-Windows-DeviceManagement-Enterprise-Diagnostics-Provider/Admin", "Provider_Name": "Microsoft-Windows-DeviceManagement-Enterprise-Diagnostics-Provider", "Computer": "DESKTOP-OFJ6N53", "TimeCreated": "2022-06-14 18:12:16.509014+00:00", "RecordID": "72", "Level": "4", "UserID": "S-1-5-18"}
{"EventID": "2439", "Channel": "Microsoft-Windows-DeviceManagement-Enterprise-Diagnostics-Provider/Admin", "Provider_Name": "Microsoft-Windows-DeviceManagement-Enterprise-Diagnostics-Provider", "Computer": "DESKTOP-OFJ6N53", "TimeCreated": "2022-06-14 18:12:16.509554+00:00", "RecordID": "73", "Level": "4", "UserID": "S-1-5-18"}
{"EventID": "2437", "Channel": "Microsoft-Windows-DeviceManagement-Enterprise-Diagnostics-Provider/Admin", "Provider_Name": "Microsoft-Windows-DeviceManagement-Enterprise-Diagnostics-Provider", "Computer": "DESKTOP-OFJ6N53", "TimeCreated": "2022-07-13 14:52:33.767784+00:00", "RecordID": "74", "Level": "4", "UserID": "S-1-5-18"}
{"EventID": "2438", "Channel": "Microsoft-Windows-DeviceManagement-Enterprise-Diagnostics-Provider/Admin", "Provider_Name": "Microsoft-Windows-DeviceManagement-Enterprise-Diagnostics-Provider", "Computer": "DESKTOP-OFJ6N53", "TimeCreated": "2022-07-13 14:52:33.767788+00:00", "RecordID": "75", "Level": "4", "UserID": "S-1-5-18"}
{"EventID": "2439", "Channel": "Microsoft-Windows-DeviceManagement-Enterprise-Diagnostics-Provider/Admin", "Provider_Name": "Microsoft-Windows-DeviceManagement-Enterprise-Diagnostics-Provider", "Computer": "DESKTOP-OFJ6N53", "TimeCreated": "2022-07-13 14:52:33.768633+00:00", "RecordID": "76", "Level": "4", "UserID": "S-1-5-18"}
{"EventID": "2437", "Channel": "Microsoft-Windows-DeviceManagement-Enterprise-Diagnostics-Provider/Admin", "Provider_Name": "Microsoft-Windows-DeviceManagement-Enterprise-Diagnostics-Provider", "Computer": "DESKTOP-OFJ6N53", "TimeCreated": "2022-07-13 14:52:33.772745+00:00", "RecordID": "77", "Level": "4", "UserID": "S-1-5-18"}
{"EventID": "2438", "Channel": "Microsoft-Windows-DeviceManagement-Enterprise-Diagnostics-Provider/Admin", "Provider_Name": "Microsoft-Windows-DeviceManagement-Enterprise-Diagnostics-Provider", "Computer": "DESKTOP-OFJ6N53", "TimeCreated": "2022-07-13 14:52:33.772751+00:00", "RecordID": "78", "Level": "4", "UserID": "S-1-5-18"}
{"EventID": "2439", "Channel": "Microsoft-Windows-DeviceManagement-Enterprise-Diagnostics-Provider/Admin", "Provider_Name": "Microsoft-Windows-DeviceManagement-Enterprise-Diagnostics-Provider", "Computer": "DESKTOP-OFJ6N53", "TimeCreated": "2022-07-13 14:52:33.773232+00:00", "RecordID": "79", "Level": "4", "UserID": "S-1-5-18"}
{"EventID": "2437", "Channel": "Microsoft-Windows-DeviceManagement-Enterprise-Diagnostics-Provider/Admin", "Provider_Name": "Microsoft-Windows-DeviceManagement-Enterprise-Diagnostics-Provider", "Computer": "DESKTOP-OFJ6N53", "TimeCreated": "2022-08-09 19:18:46.496525+00:00", "RecordID": "80", "Level": "4", "UserID": "S-1-5-18"}
{"EventID": "2438", "Channel": "Microsoft-Windows-DeviceManagement-Enterprise-Diagnostics-Provider/Admin", "Provider_Name": "Microsoft-Windows-DeviceManagement-Enterprise-Diagnostics-Provider", "Computer": "DESKTOP-OFJ6N53", "TimeCreated": "2022-08-09 19:18:46.496527+00:00", "RecordID": "81", "Level": "4", "UserID": "S-1-5-18"}
{"EventID": "2439", "Channel": "Microsoft-Windows-DeviceManagement-Enterprise-Diagnostics-Provider/Admin", "Provider_Name": "Microsoft-Windows-DeviceManagement-Enterprise-Diagnostics-Provider", "Computer": "DESKTOP-OFJ6N53", "TimeCreated": "2022-08-09 19:18:46.497578+00:00", "RecordID": "82", "Level": "4", "UserID": "S-1-5-18"}
{"EventID": "2437", "Channel": "Microsoft-Windows-DeviceManagement-Enterprise-Diagnostics-Provider/Admin", "Provider_Name": "Microsoft-Windows-DeviceManagement-Enterprise-Diagnostics-Provider", "Computer": "DESKTOP-OFJ6N53", "TimeCreated": "2022-08-09 19:18:46.501659+00:00", "RecordID": "83", "Level": "4", "UserID": "S-1-5-18"}
{"EventID": "2438", "Channel": "Microsoft-Windows-DeviceManagement-Enterprise-Diagnostics-Provider/Admin", "Provider_Name": "Microsoft-Windows-DeviceManagement-Enterprise-Diagnostics-Provider", "Computer": "DESKTOP-OFJ6N53", "TimeCreated": "2022-08-09 19:18:46.501659+00:00", "RecordID": "84", "Level": "4", "UserID": "S-1-5-18"}
{"EventID": "2439", "Channel": "Microsoft-Windows-DeviceManagement-Enterprise-Diagnostics-Provider/Admin", "Provider_Name": "Microsoft-Windows-DeviceManagement-Enterprise-Diagnostics-Provider", "Computer": "DESKTOP-OFJ6N53", "TimeCreated": "2022-08-09 19:18:46.502283+00:00", "RecordID": "85", "Level": "4", "UserID": "S-1-5-18"}
{"EventID": "2437", "Channel": "Microsoft-Windows-DeviceManagement-Enterprise-Diagnostics-Provider/Admin", "Provider_Name": "Microsoft-Windows-DeviceManagement-Enterprise-Diagnostics-Provider", "Computer": "DESKTOP-OFJ6N53", "TimeCreated": "2022-10-11 22:53:52.198799+00:00", "RecordID": "86", "Level": "4", "UserID": "S-1-5-18"}
{"EventID": "2438", "Channel": "Microsoft-Windows-DeviceManagement-Enterprise-Diagnostics-Provider/Admin", "Provider_Name": "Microsoft-Windows-DeviceManagement-Enterprise-Diagnostics-Provider", "Computer": "DESKTOP-OFJ6N53", "TimeCreated": "2022-10-11 22:53:52.198803+00:00", "RecordID": "87", "Level": "4", "UserID": "S-1-5-18"}
{"EventID": "2439", "Channel": "Microsoft-Windows-DeviceManagement-Enterprise-Diagnostics-Provider/Admin", "Provider_Name": "Microsoft-Windows-DeviceManagement-Enterprise-Diagnostics-Provider", "Computer": "DESKTOP-OFJ6N53", "TimeCreated": "2022-10-11 22:53:52.199579+00:00", "RecordID": "88", "Level": "4", "UserID": "S-1-5-18"}
{"EventID": "2437", "Channel": "Microsoft-Windows-DeviceManagement-Enterprise-Diagnostics-Provider/Admin", "Provider_Name": "Microsoft-Windows-DeviceManagement-Enterprise-Diagnostics-Provider", "Computer": "DESKTOP-OFJ6N53", "TimeCreated": "2022-10-11 22:53:52.203615+00:00", "RecordID": "89", "Level": "4", "UserID": "S-1-5-18"}
{"EventID": "2438", "Channel": "Microsoft-Windows-DeviceManagement-Enterprise-Diagnostics-Provider/Admin", "Provider_Name": "Microsoft-Windows-DeviceManagement-Enterprise-Diagnostics-Provider", "Computer": "DESKTOP-OFJ6N53", "TimeCreated": "2022-10-11 22:53:52.203619+00:00", "RecordID": "90", "Level": "4", "UserID": "S-1-5-18"}
{"EventID": "2439", "Channel": "Microsoft-Windows-DeviceManagement-Enterprise-Diagnostics-Provider/Admin", "Provider_Name": "Microsoft-Windows-DeviceManagement-Enterprise-Diagnostics-Provider", "Computer": "DESKTOP-OFJ6N53", "TimeCreated": "2022-10-11 22:53:52.204210+00:00", "RecordID": "91", "Level": "4", "UserID": "S-1-5-18"}
{"EventID": "2545", "Channel": "Microsoft-Windows-DeviceManagement-Enterprise-Diagnostics-Provider/Admin", "Provider_Name": "Microsoft-Windows-DeviceManagement-Enterprise-Diagnostics-Provider", "Computer": "DESKTOP-OFJ6N53", "TimeCreated": "2022-11-09 14:52:42.129225+00:00", "RecordID": "92", "Level": "2", "UserID": "S-1-5-18", "EventData.Message1": "checkNewInstanceData", "EventData.Message2": "Read isNewInstanceData", "EventData.HRESULT": "0x80070057"}
{"EventID": "2545", "Channel": "Microsoft-Windows-DeviceManagement-Enterprise-Diagnostics-Provider/Admin", "Provider_Name": "Microsoft-Windows-DeviceManagement-Enterprise-Diagnostics-Provider", "Computer": "DESKTOP-OFJ6N53", "TimeCreated": "2022-11-10 09:39:08.897976+00:00", "RecordID": "93", "Level": "2", "UserID": "S-1-5-18", "EventData.Message1": "checkNewInstanceData", "EventData.Message2": "Read isNewInstanceData", "EventData.HRESULT": "0x80070057"}
{"EventID": "2545", "Channel": "Microsoft-Windows-DeviceManagement-Enterprise-Diagnostics-Provider/Admin", "Provider_Name": "Microsoft-Windows-DeviceManagement-Enterprise-Diagnostics-Provider", "Computer": "DESKTOP-OFJ6N53", "TimeCreated": "2022-11-17 18:51:26.626455+00:00", "RecordID": "94", "Level": "2", "UserID": "S-1-5-18", "EventData.Message1": "checkNewInstanceData", "EventData.Message2": "Read isNewInstanceData", "EventData.HRESULT": "0x80070057"}
{"EventID": "2545", "Channel": "Microsoft-Windows-DeviceManagement-Enterprise-Diagnostics-Provider/Admin", "Provider_Name": "Microsoft-Windows-DeviceManagement-Enterprise-Diagnostics-Provider", "Computer": "DESKTOP-OFJ6N53", "TimeCreated": "2022-11-18 08:50:49.975655+00:00", "RecordID": "95", "Level": "2", "UserID": "S-1-5-18", "EventData.Message1": "checkNewInstanceData", "EventData.Message2": "Read isNewInstanceData", "EventData.HRESULT": "0x80070057"}
{"EventID": "2545", "Channel": "Microsoft-Windows-DeviceManagement-Enterprise-Diagnostics-Provider/Admin", "Provider_Name": "Microsoft-Windows-DeviceManagement-Enterprise-Diagnostics-Provider", "Computer": "DESKTOP-OFJ6N53", "TimeCreated": "2022-11-19 21:26:04.319954+00:00", "RecordID": "96", "Level": "2", "UserID": "S-1-5-18", "EventData.Message1": "checkNewInstanceData", "EventData.Message2": "Read isNewInstanceData", "EventData.HRESULT": "0x80070057"}
{"EventID": "2545", "Channel": "Microsoft-Windows-DeviceManagement-Enterprise-Diagnostics-Provider/Admin", "Provider_Name": "Microsoft-Windows-DeviceManagement-Enterprise-Diagnostics-Provider", "Computer": "DESKTOP-OFJ6N53", "TimeCreated": "2022-11-21 08:18:50.850906+00:00", "RecordID": "97", "Level": "2", "UserID": "S-1-5-18", "EventData.Message1": "checkNewInstanceData", "EventData.Message2": "Read isNewInstanceData", "EventData.HRESULT": "0x80070057"}
{"EventID": "2545", "Channel": "Microsoft-Windows-DeviceManagement-Enterprise-Diagnostics-Provider/Admin", "Provider_Name": "Microsoft-Windows-DeviceManagement-Enterprise-Diagnostics-Provider", "Computer": "DESKTOP-OFJ6N53", "TimeCreated": "2022-11-22 07:39:48.036903+00:00", "RecordID": "98", "Level": "2", "UserID": "S-1-5-18", "EventData.Message1": "checkNewInstanceData", "EventData.Message2": "Read isNewInstanceData", "EventData.HRESULT": "0x80070057"}
{"EventID": "2545", "Channel": "Microsoft-Windows-DeviceManagement-Enterprise-Diagnostics-Provider/Admin", "Provider_Name": "Microsoft-Windows-DeviceManagement-Enterprise-Diagnostics-Provider", "Computer": "DESKTOP-OFJ6N53", "TimeCreated": "2022-11-22 12:13:02.213987+00:00", "RecordID": "99", "Level": "2", "UserID": "S-1-5-18", "EventData.Message1": "checkNewInstanceData", "EventData.Message2": "Read isNewInstanceData", "EventData.HRESULT": "0x80070057"}
