{"EventID": "41", "Channel": "Microsoft-Windows-WindowsUpdateClient/Operational", "Provider_Name": "Microsoft-Windows-WindowsUpdateClient", "Computer": "DESKTOP-OFJ6N53", "TimeCreated": "2025-07-28 21:40:47.135197+00:00", "RecordID": "9608", "Level": "4", "UserID": "S-1-5-18", "EventData.updateTitle": "Обновление механизма обнаружения угроз для Microsoft Defender Antivirus — KB2267602 (версия 1.433.125.0) — Актуальный канал (широкий выпуск)", "EventData.updateGuid": "{a3180492-d635-4850-a899-2ec9e3b1b511}", "EventData.updateRevisionNumber": "200"}
{"EventID": "26", "Channel": "Microsoft-Windows-WindowsUpdateClient/Operational", "Provider_Name": "Microsoft-Windows-WindowsUpdateClient", "Computer": "DESKTOP-OFJ6N53", "TimeCreated": "2025-07-29 05:54:28.927845+00:00", "RecordID": "9609", "Level": "4", "UserID": "S-1-5-18", "EventData.updateCount": "1", "EventData.serviceGuid": "{9482f4b4-e343-43b6-b170-9a65bc822c77}"}
{"EventID": "26", "Channel": "Microsoft-Windows-WindowsUpdateClient/Operational", "Provider_Name": "Microsoft-Windows-WindowsUpdateClient", "Computer": "DESKTOP-OFJ6N53", "TimeCreated": "2025-07-29 05:54:28.927853+00:00", "RecordID": "9610", "Level": "4", "UserID": "S-1-5-18", "EventData.updateCount": "2", "EventData.serviceGuid": "{8b24b027-1dee-babb-9a95-3517dfb9c552}"}
{"EventID": "41", "Channel": "Microsoft-Windows-WindowsUpdateClient/Operational", "Provider_Name": "Microsoft-Windows-WindowsUpdateClient", "Computer": "DESKTOP-OFJ6N53", "TimeCreated": "2025-07-29 05:54:33.564730+00:00", "RecordID": "9611", "Level": "4", "UserID": "S-1-5-18", "EventData.updateTitle": "Обновление механизма обнаружения угроз для Microsoft Defender Antivirus — KB2267602 (версия 1.433.130.0) — Актуальный канал (широкий выпуск)", "EventData.updateGuid": "{e1069a26-d358-4d96-9a7f-90f6dbc2c60a}", "EventData.updateRevisionNumber": "200"}
{"EventID": "26", "Channel": "Microsoft-Windows-WindowsUpdateClient/Operational", "Provider_Name": "Microsoft-Windows-WindowsUpdateClient", "Computer": "DESKTOP-OFJ6N53", "TimeCreated": "2025-07-29 20:38:46.534327+00:00", "RecordID": "9612", "Level": "4", "UserID": "S-1-5-18", "EventData.updateCount": "2", "EventData.serviceGuid": "{855e8a7c-ecb4-4ca3-b045-1dfa50104289}"}
{"EventID": "26", "Channel": "Microsoft-Windows-WindowsUpdateClient/Operational", "Provider_Name": "Microsoft-Windows-WindowsUpdateClient", "Computer": "DESKTOP-OFJ6N53", "TimeCreated": "2025-07-29 20:38:55.550751+00:00", "RecordID": "9613", "Level": "4", "UserID": "S-1-5-18", "EventData.updateCount": "2", "EventData.serviceGuid": "{855e8a7c-ecb4-4ca3-b045-1dfa50104289}"}
{"EventID": "41", "Channel": "Microsoft-Windows-WindowsUpdateClient/Operational", "Provider_Name": "Microsoft-Windows-WindowsUpdateClient", "Computer": "DESKTOP-OFJ6N53", "TimeCreated": "2025-07-29 20:39:11.793060+00:00", "RecordID": "9614", "Level": "4", "UserID": "S-1-5-18", "EventData.updateTitle": "9WZDNCRFJBMP-MICROSOFT.WINDOWSSTORE", "EventData.updateGuid": "{7bbb39dd-faea-4f51-9e18-d8dc94dc7525}", "EventData.updateRevisionNumber": "1"}
{"EventID": "41", "Channel": "Microsoft-Windows-WindowsUpdateClient/Operational", "Provider_Name": "Microsoft-Windows-WindowsUpdateClient", "Computer": "DESKTOP-OFJ6N53", "TimeCreated": "2025-07-29 20:39:16.390881+00:00", "RecordID": "9615", "Level": "4", "UserID": "S-1-5-18", "EventData.updateTitle": "9NBLGGH4NNS1-Microsoft.DesktopAppInstaller", "EventData.updateGuid": "{bf5163d6-7590-4a2a-bce3-7d8af0b8cd4a}", "EventData.updateRevisionNumber": "1"}
{"EventID": "26", "Channel": "Microsoft-Windows-WindowsUpdateClient/Operational", "Provider_Name": "Microsoft-Windows-WindowsUpdateClient", "Computer": "DESKTOP-OFJ6N53", "TimeCreated": "2025-07-29 21:40:45.249702+00:00", "RecordID": "9616", "Level": "4", "UserID": "S-1-5-18", "EventData.updateCount": "1", "EventData.serviceGuid": "{9482f4b4-e343-43b6-b170-9a65bc822c77}"}
{"EventID": "26", "Channel": "Microsoft-Windows-WindowsUpdateClient/Operational", "Provider_Name": "Microsoft-Windows-WindowsUpdateClient", "Computer": "DESKTOP-OFJ6N53", "TimeCreated": "2025-07-29 21:40:45.249708+00:00", "RecordID": "9617", "Level": "4", "UserID": "S-1-5-18", "EventData.updateCount": "0", "EventData.serviceGuid": "{8b24b027-1dee-babb-9a95-3517dfb9c552}"}
{"EventID": "41", "Channel": "Microsoft-Windows-WindowsUpdateClient/Operational", "Provider_Name": "Microsoft-Windows-WindowsUpdateClient", "Computer": "DESKTOP-OFJ6N53", "TimeCreated": "2025-07-29 21:40:45.249712+00:00", "RecordID": "9618", "Level": "4", "UserID": "S-1-5-18", "EventData.updateTitle": "Обновление механизма обнаружения угроз для Microsoft Defender Antivirus — KB2267602 (версия 1.433.155.0) — Актуальный канал (широкий выпуск)", "EventData.updateGuid": "{7726dad8-1094-44d1-9e10-3743255ebc06}", "EventData.updateRevisionNumber": "200"}
{"EventID": "26", "Channel": "Microsoft-Windows-WindowsUpdateClient/Operational", "Provider_Name": "Microsoft-Windows-WindowsUpdateClient", "Computer": "DESKTOP-OFJ6N53", "TimeCreated": "2025-07-30 01:58:48.587463+00:00", "RecordID": "9619", "Level": "4", "UserID": "S-1-5-18", "EventData.updateCount": "1", "EventData.serviceGuid": "{9482f4b4-e343-43b6-b170-9a65bc822c77}"}
{"EventID": "26", "Channel": "Microsoft-Windows-WindowsUpdateClient/Operational", "Provider_Name": "Microsoft-Windows-WindowsUpdateClient", "Computer": "DESKTOP-OFJ6N53", "TimeCreated": "2025-07-30 01:58:53.458704+00:00", "RecordID": "9620", "Level": "4", "UserID": "S-1-5-18", "EventData.updateCount": "2", "EventData.serviceGuid": "{8b24b027-1dee-babb-9a95-3517dfb9c552}"}
{"EventID": "41", "Channel": "Microsoft-Windows-WindowsUpdateClient/Operational", "Provider_Name": "Microsoft-Windows-WindowsUpdateClient", "Computer": "DESKTOP-OFJ6N53", "TimeCreated": "2025-07-30 01:58:53.458710+00:00", "RecordID": "9621", "Level": "4", "UserID": "S-1-5-18", "EventData.updateTitle": "Обновление механизма обнаружения угроз для Microsoft Defender Antivirus — KB2267602 (версия 1.433.159.0) — Актуальный канал (широкий выпуск)", "EventData.updateGuid": "{1e1d9ecb-1c7c-45db-890b-638ed3eb321c}", "EventData.updateRevisionNumber": "200"}
{"EventID": "26", "Channel": "Microsoft-Windows-WindowsUpdateClient/Operational", "Provider_Name": "Microsoft-Windows-WindowsUpdateClient", "Computer": "DESKTOP-OFJ6N53", "TimeCreated": "2025-07-30 21:40:51.933870+00:00", "RecordID": "9622", "Level": "4", "UserID": "S-1-5-18", "EventData.updateCount": "1", "EventData.serviceGuid": "{9482f4b4-e343-43b6-b170-9a65bc822c77}"}
{"EventID": "26", "Channel": "Microsoft-Windows-WindowsUpdateClient/Operational", "Provider_Name": "Microsoft-Windows-WindowsUpdateClient", "Computer": "DESKTOP-OFJ6N53", "TimeCreated": "2025-07-30 21:40:51.933876+00:00", "RecordID": "9623", "Level": "4", "UserID": "S-1-5-18", "EventData.updateCount": "0", "EventData.serviceGuid": "{8b24b027-1dee-babb-9a95-3517dfb9c552}"}
{"EventID": "41", "Channel": "Microsoft-Windows-WindowsUpdateClient/Operational", "Provider_Name": "Microsoft-Windows-WindowsUpdateClient", "Computer": "DESKTOP-OFJ6N53", "TimeCreated": "2025-07-30 21:40:51.933882+00:00", "RecordID": "9624", "Level": "4", "UserID": "S-1-5-18", "EventData.updateTitle": "Обновление механизма обнаружения угроз для Microsoft Defender Antivirus — KB2267602 (версия 1.433.181.0) — Актуальный канал (широкий выпуск)", "EventData.updateGuid": "{6fe2d1f4-69ae-4ab9-9930-a1ca35607ba8}", "EventData.updateRevisionNumber": "200"}
{"EventID": "26", "Channel": "Microsoft-Windows-WindowsUpdateClient/Operational", "Provider_Name": "Microsoft-Windows-WindowsUpdateClient", "Computer": "DESKTOP-OFJ6N53", "TimeCreated": "2025-07-30 23:37:04.176947+00:00", "RecordID": "9625", "Level": "4", "UserID": "S-1-5-18", "EventData.updateCount": "1", "EventData.serviceGuid": "{855e8a7c-ecb4-4ca3-b045-1dfa50104289}"}
{"EventID": "26", "Channel": "Microsoft-Windows-WindowsUpdateClient/Operational", "Provider_Name": "Microsoft-Windows-WindowsUpdateClient", "Computer": "DESKTOP-OFJ6N53", "TimeCreated": "2025-07-30 23:37:12.144699+00:00", "RecordID": "9626", "Level": "4", "UserID": "S-1-5-18", "EventData.updateCount": "1", "EventData.serviceGuid": "{855e8a7c-ecb4-4ca3-b045-1dfa50104289}"}
{"EventID": "41", "Channel": "Microsoft-Windows-WindowsUpdateClient/Operational", "Provider_Name": "Microsoft-Windows-WindowsUpdateClient", "Computer": "DESKTOP-OFJ6N53", "TimeCreated": "2025-07-30 23:37:27.942793+00:00", "RecordID": "9627", "Level": "4", "UserID": "S-1-5-18", "EventData.updateTitle": "9WZDNCRD29V9-MICROSOFT.MICROSOFTOFFICEHUB", "EventData.updateGuid": "{4b6e915f-76a5-4f50-8df7-5e506b29d59d}", "EventData.updateRevisionNumber": "1"}
{"EventID": "26", "Channel": "Microsoft-Windows-WindowsUpdateClient/Operational", "Provider_Name": "Microsoft-Windows-WindowsUpdateClient", "Computer": "DESKTOP-OFJ6N53", "TimeCreated": "2025-07-31 00:10:08.942381+00:00", "RecordID": "9628", "Level": "4", "UserID": "S-1-5-18", "EventData.updateCount": "1", "EventData.serviceGuid": "{9482f4b4-e343-43b6-b170-9a65bc822c77}"}
{"EventID": "26", "Channel": "Microsoft-Windows-WindowsUpdateClient/Operational", "Provider_Name": "Microsoft-Windows-WindowsUpdateClient", "Computer": "DESKTOP-OFJ6N53", "TimeCreated": "2025-07-31 00:10:14.237448+00:00", "RecordID": "9629", "Level": "4", "UserID": "S-1-5-18", "EventData.updateCount": "2", "EventData.serviceGuid": "{8b24b027-1dee-babb-9a95-3517dfb9c552}"}
{"EventID": "41", "Channel": "Microsoft-Windows-WindowsUpdateClient/Operational", "Provider_Name": "Microsoft-Windows-WindowsUpdateClient", "Computer": "DESKTOP-OFJ6N53", "TimeCreated": "2025-07-31 00:10:14.237452+00:00", "RecordID": "9630", "Level": "4", "UserID": "S-1-5-18", "EventData.updateTitle": "Обновление механизма обнаружения угроз для Microsoft Defender Antivirus — KB2267602 (версия 1.433.183.0) — Актуальный канал (широкий выпуск)", "EventData.updateGuid": "{a036a46b-0eb0-4f18-9f4e-c5d5a37bf5d1}", "EventData.updateRevisionNumber": "200"}
{"EventID": "26", "Channel": "Microsoft-Windows-WindowsUpdateClient/Operational", "Provider_Name": "Microsoft-Windows-WindowsUpdateClient", "Computer": "DESKTOP-OFJ6N53", "TimeCreated": "2025-07-31 08:14:51.301977+00:00", "RecordID": "9631", "Level": "4", "UserID": "S-1-5-18", "EventData.updateCount": "1", "EventData.serviceGuid": "{9482f4b4-e343-43b6-b170-9a65bc822c77}"}
{"EventID": "26", "Channel": "Microsoft-Windows-WindowsUpdateClient/Operational", "Provider_Name": "Microsoft-Windows-WindowsUpdateClient", "Computer": "DESKTOP-OFJ6N53", "TimeCreated": "2025-07-31 08:14:51.301981+00:00", "RecordID": "9632", "Level": "4", "UserID": "S-1-5-18", "EventData.updateCount": "0", "EventData.serviceGuid": "{8b24b027-1dee-babb-9a95-3517dfb9c552}"}
{"EventID": "41", "Channel": "Microsoft-Windows-WindowsUpdateClient/Operational", "Provider_Name": "Microsoft-Windows-WindowsUpdateClient", "Computer": "DESKTOP-OFJ6N53", "TimeCreated": "2025-07-31 08:14:51.301985+00:00", "RecordID": "9633", "Level": "4", "UserID": "S-1-5-18", "EventData.updateTitle": "Обновление механизма обнаружения угроз для Microsoft Defender Antivirus — KB2267602 (версия 1.433.192.0) — Актуальный канал (широкий выпуск)", "EventData.updateGuid": "{4699591b-e377-4fbc-9099-f5457ade3fcf}", "EventData.updateRevisionNumber": "200"}
{"EventID": "26", "Channel": "Microsoft-Windows-WindowsUpdateClient/Operational", "Provider_Name": "Microsoft-Windows-WindowsUpdateClient", "Computer": "DESKTOP-OFJ6N53", "TimeCreated": "2025-07-31 22:57:30.276035+00:00", "RecordID": "9634", "Level": "4", "UserID": "S-1-5-18", "EventData.updateCount": "1", "EventData.serviceGuid": "{9482f4b4-e343-43b6-b170-9a65bc822c77}"}
{"EventID": "26", "Channel": "Microsoft-Windows-WindowsUpdateClient/Operational", "Provider_Name": "Microsoft-Windows-WindowsUpdateClient", "Computer": "DESKTOP-OFJ6N53", "TimeCreated": "2025-07-31 22:57:35.291914+00:00", "RecordID": "9635", "Level": "4", "UserID": "S-1-5-18", "EventData.updateCount": "2", "EventData.serviceGuid": "{8b24b027-1dee-babb-9a95-3517dfb9c552}"}
{"EventID": "41", "Channel": "Microsoft-Windows-WindowsUpdateClient/Operational", "Provider_Name": "Microsoft-Windows-WindowsUpdateClient", "Computer": "DESKTOP-OFJ6N53", "TimeCreated": "2025-07-31 22:57:36.312529+00:00", "RecordID": "9636", "Level": "4", "UserID": "S-1-5-18", "EventData.updateTitle": "Обновление механизма обнаружения угроз для Microsoft Defender Antivirus — KB2267602 (версия 1.433.211.0) — Актуальный канал (широкий выпуск)", "EventData.updateGuid": "{601d0695-fcde-4dc4-908e-d9144992aa58}", "EventData.updateRevisionNumber": "200"}
{"EventID": "26", "Channel": "Microsoft-Windows-WindowsUpdateClient/Operational", "Provider_Name": "Microsoft-Windows-WindowsUpdateClient", "Computer": "DESKTOP-OFJ6N53", "TimeCreated": "2025-08-01 01:35:11.074303+00:00", "RecordID": "9637", "Level": "4", "UserID": "S-1-5-18", "EventData.updateCount": "0", "EventData.serviceGuid": "{9482f4b4-e343-43b6-b170-9a65bc822c77}"}
{"EventID": "26", "Channel": "Microsoft-Windows-WindowsUpdateClient/Operational", "Provider_Name": "Microsoft-Windows-WindowsUpdateClient", "Computer": "DESKTOP-OFJ6N53", "TimeCreated": "2025-08-01 01:35:11.074310+00:00", "RecordID": "9638", "Level": "4", "UserID": "S-1-5-18", "EventData.updateCount": "2", "EventData.serviceGuid": "{8b24b027-1dee-babb-9a95-3517dfb9c552}"}
{"EventID": "26", "Channel": "Microsoft-Windows-WindowsUpdateClient/Operational", "Provider_Name": "Microsoft-Windows-WindowsUpdateClient", "Computer": "DESKTOP-OFJ6N53", "TimeCreated": "2025-08-01 08:14:27.043562+00:00", "RecordID": "9639", "Level": "4", "UserID": "S-1-5-18", "EventData.updateCount": "1", "EventData.serviceGuid": "{9482f4b4-e343-43b6-b170-9a65bc822c77}"}
{"EventID": "26", "Channel": "Microsoft-Windows-WindowsUpdateClient/Operational", "Provider_Name": "Microsoft-Windows-WindowsUpdateClient", "Computer": "DESKTOP-OFJ6N53", "TimeCreated": "2025-08-01 08:14:27.043570+00:00", "RecordID": "9640", "Level": "4", "UserID": "S-1-5-18", "EventData.updateCount": "0", "EventData.serviceGuid": "{8b24b027-1dee-babb-9a95-3517dfb9c552}"}
{"EventID": "41", "Channel": "Microsoft-Windows-WindowsUpdateClient/Operational", "Provider_Name": "Microsoft-Windows-WindowsUpdateClient", "Computer": "DESKTOP-OFJ6N53", "TimeCreated": "2025-08-01 08:14:27.043573+00:00", "RecordID": "9641", "Level": "4", "UserID": "S-1-5-18", "EventData.updateTitle": "Обновление механизма обнаружения угроз для Microsoft Defender Antivirus — KB2267602 (версия 1.433.221.0) — Актуальный канал (широкий выпуск)", "EventData.updateGuid": "{50b5ac2f-1f80-4f03-ae47-e848fb4e89bb}", "EventData.updateRevisionNumber": "200"}
{"EventID": "26", "Channel": "Microsoft-Windows-WindowsUpdateClient/Operational", "Provider_Name": "Microsoft-Windows-WindowsUpdateClient", "Computer": "DESKTOP-OFJ6N53", "TimeCreated": "2025-08-01 08:45:12.521137+00:00", "RecordID": "9642", "Level": "4", "UserID": "S-1-5-18", "EventData.updateCount": "2", "EventData.serviceGuid": "{855e8a7c-ecb4-4ca3-b045-1dfa50104289}"}
{"EventID": "26", "Channel": "Microsoft-Windows-WindowsUpdateClient/Operational", "Provider_Name": "Microsoft-Windows-WindowsUpdateClient", "Computer": "DESKTOP-OFJ6N53", "TimeCreated": "2025-08-01 21:02:52.097870+00:00", "RecordID": "9643", "Level": "4", "UserID": "S-1-5-18", "EventData.updateCount": "1", "EventData.serviceGuid": "{9482f4b4-e343-43b6-b170-9a65bc822c77}"}
{"EventID": "26", "Channel": "Microsoft-Windows-WindowsUpdateClient/Operational", "Provider_Name": "Microsoft-Windows-WindowsUpdateClient", "Computer": "DESKTOP-OFJ6N53", "TimeCreated": "2025-08-01 21:03:01.888704+00:00", "RecordID": "9644", "Level": "4", "UserID": "S-1-5-18", "EventData.updateCount": "2", "EventData.serviceGuid": "{8b24b027-1dee-babb-9a95-3517dfb9c552}"}
{"EventID": "41", "Channel": "Microsoft-Windows-WindowsUpdateClient/Operational", "Provider_Name": "Microsoft-Windows-WindowsUpdateClient", "Computer": "DESKTOP-OFJ6N53", "TimeCreated": "2025-08-01 21:03:03.306929+00:00", "RecordID": "9645", "Level": "4", "UserID": "S-1-5-18", "EventData.updateTitle": "Обновление механизма обнаружения угроз для Microsoft Defender Antivirus — KB2267602 (версия 1.433.233.0) — Актуальный канал (широкий выпуск)", "EventData.updateGuid": "{a0ec7545-6e72-42ed-859c-252fd261dba6}", "EventData.updateRevisionNumber": "200"}
{"EventID": "26", "Channel": "Microsoft-Windows-WindowsUpdateClient/Operational", "Provider_Name": "Microsoft-Windows-WindowsUpdateClient", "Computer": "DESKTOP-OFJ6N53", "TimeCreated": "2025-08-01 21:34:20.999495+00:00", "RecordID": "9646", "Level": "4", "UserID": "S-1-5-18", "EventData.updateCount": "3", "EventData.serviceGuid": "{855e8a7c-ecb4-4ca3-b045-1dfa50104289}"}
{"EventID": "26", "Channel": "Microsoft-Windows-WindowsUpdateClient/Operational", "Provider_Name": "Microsoft-Windows-WindowsUpdateClient", "Computer": "DESKTOP-OFJ6N53", "TimeCreated": "2025-08-01 21:34:28.810389+00:00", "RecordID": "9647", "Level": "4", "UserID": "S-1-5-18", "EventData.updateCount": "3", "EventData.serviceGuid": "{855e8a7c-ecb4-4ca3-b045-1dfa50104289}"}
{"EventID": "41", "Channel": "Microsoft-Windows-WindowsUpdateClient/Operational", "Provider_Name": "Microsoft-Windows-WindowsUpdateClient", "Computer": "DESKTOP-OFJ6N53", "TimeCreated": "2025-08-01 21:35:03.298138+00:00", "RecordID": "9648", "Level": "4", "UserID": "S-1-5-18", "EventData.updateTitle": "9WZDNCRD29V9-MICROSOFT.MICROSOFTOFFICEHUB", "EventData.updateGuid": "{21b2dcb8-8802-41d6-a3a8-1b59614771ca}", "EventData.updateRevisionNumber": "1"}
{"EventID": "41", "Channel": "Microsoft-Windows-WindowsUpdateClient/Operational", "Provider_Name": "Microsoft-Windows-WindowsUpdateClient", "Computer": "DESKTOP-OFJ6N53", "TimeCreated": "2025-08-01 21:35:03.298141+00:00", "RecordID": "9649", "Level": "4", "UserID": "S-1-5-18", "EventData.updateTitle": "9WZDNCRFJ3Q2-Microsoft.BingWeather", "EventData.updateGuid": "{a9627d31-e48e-4b46-a4ea-479f4aacba60}", "EventData.updateRevisionNumber": "1"}
{"EventID": "41", "Channel": "Microsoft-Windows-WindowsUpdateClient/Operational", "Provider_Name": "Microsoft-Windows-WindowsUpdateClient", "Computer": "DESKTOP-OFJ6N53", "TimeCreated": "2025-08-01 21:35:03.298143+00:00", "RecordID": "9650", "Level": "4", "UserID": "S-1-5-18", "EventData.updateTitle": "9WZDNCRFHVJL-MICROSOFT.OFFICE.ONENOTE", "EventData.updateGuid": "{5391ecf8-b800-41c2-9ba0-f186a50860dd}", "EventData.updateRevisionNumber": "1"}
{"EventID": "26", "Channel": "Microsoft-Windows-WindowsUpdateClient/Operational", "Provider_Name": "Microsoft-Windows-WindowsUpdateClient", "Computer": "DESKTOP-OFJ6N53", "TimeCreated": "2025-08-02 08:14:28.175789+00:00", "RecordID": "9651", "Level": "4", "UserID": "S-1-5-18", "EventData.updateCount": "1", "EventData.serviceGuid": "{9482f4b4-e343-43b6-b170-9a65bc822c77}"}
{"EventID": "26", "Channel": "Microsoft-Windows-WindowsUpdateClient/Operational", "Provider_Name": "Microsoft-Windows-WindowsUpdateClient", "Computer": "DESKTOP-OFJ6N53", "TimeCreated": "2025-08-02 08:14:28.175797+00:00", "RecordID": "9652", "Level": "4", "UserID": "S-1-5-18", "EventData.updateCount": "0", "EventData.serviceGuid": "{8b24b027-1dee-babb-9a95-3517dfb9c552}"}
{"EventID": "41", "Channel": "Microsoft-Windows-WindowsUpdateClient/Operational", "Provider_Name": "Microsoft-Windows-WindowsUpdateClient", "Computer": "DESKTOP-OFJ6N53", "TimeCreated": "2025-08-02 08:14:28.175800+00:00", "RecordID": "9653", "Level": "4", "UserID": "S-1-5-18", "EventData.updateTitle": "Обновление механизма обнаружения угроз для Microsoft Defender Antivirus — KB2267602 (версия 1.433.239.0) — Актуальный канал (широкий выпуск)", "EventData.updateGuid": "{6177d16d-c564-40b8-a1c1-ac642c9fbfd5}", "EventData.updateRevisionNumber": "200"}
{"EventID": "26", "Channel": "Microsoft-Windows-WindowsUpdateClient/Operational", "Provider_Name": "Microsoft-Windows-WindowsUpdateClient", "Computer": "DESKTOP-OFJ6N53", "TimeCreated": "2025-08-02 17:38:40.077642+00:00", "RecordID": "9654", "Level": "4", "UserID": "S-1-5-18", "EventData.updateCount": "1", "EventData.serviceGuid": "{9482f4b4-e343-43b6-b170-9a65bc822c77}"}
{"EventID": "26", "Channel": "Microsoft-Windows-WindowsUpdateClient/Operational", "Provider_Name": "Microsoft-Windows-WindowsUpdateClient", "Computer": "DESKTOP-OFJ6N53", "TimeCreated": "2025-08-02 17:38:45.921829+00:00", "RecordID": "9655", "Level": "4", "UserID": "S-1-5-18", "EventData.updateCount": "2", "EventData.serviceGuid": "{8b24b027-1dee-babb-9a95-3517dfb9c552}"}
{"EventID": "41", "Channel": "Microsoft-Windows-WindowsUpdateClient/Operational", "Provider_Name": "Microsoft-Windows-WindowsUpdateClient", "Computer": "DESKTOP-OFJ6N53", "TimeCreated": "2025-08-02 17:38:45.921835+00:00", "RecordID": "9656", "Level": "4", "UserID": "S-1-5-18", "EventData.updateTitle": "Обновление механизма обнаружения угроз для Microsoft Defender Antivirus — KB2267602 (версия 1.433.243.0) — Актуальный канал (широкий выпуск)", "EventData.updateGuid": "{0937dc48-8113-4aeb-9cfa-24143d31d0d7}", "EventData.updateRevisionNumber": "200"}
{"EventID": "26", "Channel": "Microsoft-Windows-WindowsUpdateClient/Operational", "Provider_Name": "Microsoft-Windows-WindowsUpdateClient", "Computer": "DESKTOP-OFJ6N53", "TimeCreated": "2025-08-03 01:35:39.772863+00:00", "RecordID": "9657", "Level": "4", "UserID": "S-1-5-18", "EventData.updateCount": "0", "EventData.serviceGuid": "{9482f4b4-e343-43b6-b170-9a65bc822c77}"}
{"EventID": "26", "Channel": "Microsoft-Windows-WindowsUpdateClient/Operational", "Provider_Name": "Microsoft-Windows-WindowsUpdateClient", "Computer": "DESKTOP-OFJ6N53", "TimeCreated": "2025-08-03 01:35:44.959013+00:00", "RecordID": "9658", "Level": "4", "UserID": "S-1-5-18", "EventData.updateCount": "2", "EventData.serviceGuid": "{8b24b027-1dee-babb-9a95-3517dfb9c552}"}
{"EventID": "26", "Channel": "Microsoft-Windows-WindowsUpdateClient/Operational", "Provider_Name": "Microsoft-Windows-WindowsUpdateClient", "Computer": "DESKTOP-OFJ6N53", "TimeCreated": "2025-08-03 08:14:34.252108+00:00", "RecordID": "9659", "Level": "4", "UserID": "S-1-5-18", "EventData.updateCount": "1", "EventData.serviceGuid": "{9482f4b4-e343-43b6-b170-9a65bc822c77}"}
{"EventID": "26", "Channel": "Microsoft-Windows-WindowsUpdateClient/Operational", "Provider_Name": "Microsoft-Windows-WindowsUpdateClient", "Computer": "DESKTOP-OFJ6N53", "TimeCreated": "2025-08-03 08:14:34.252115+00:00", "RecordID": "9660", "Level": "4", "UserID": "S-1-5-18", "EventData.updateCount": "0", "EventData.serviceGuid": "{8b24b027-1dee-babb-9a95-3517dfb9c552}"}
{"EventID": "41", "Channel": "Microsoft-Windows-WindowsUpdateClient/Operational", "Provider_Name": "Microsoft-Windows-WindowsUpdateClient", "Computer": "DESKTOP-OFJ6N53", "TimeCreated": "2025-08-03 08:14:34.252121+00:00", "RecordID": "9661", "Level": "4", "UserID": "S-1-5-18", "EventData.updateTitle": "Обновление механизма обнаружения угроз для Microsoft Defender Antivirus — KB2267602 (версия 1.433.253.0) — Актуальный канал (широкий выпуск)", "EventData.updateGuid": "{e0db526f-1221-4e79-a749-ce5b3fa2378b}", "EventData.updateRevisionNumber": "200"}
{"EventID": "26", "Channel": "Microsoft-Windows-WindowsUpdateClient/Operational", "Provider_Name": "Microsoft-Windows-WindowsUpdateClient", "Computer": "DESKTOP-OFJ6N53", "TimeCreated": "2025-08-03 10:04:05.299969+00:00", "RecordID": "9662", "Level": "4", "UserID": "S-1-5-18", "EventData.updateCount": "0", "EventData.serviceGuid": "{855e8a7c-ecb4-4ca3-b045-1dfa50104289}"}
{"EventID": "26", "Channel": "Microsoft-Windows-WindowsUpdateClient/Operational", "Provider_Name": "Microsoft-Windows-WindowsUpdateClient", "Computer": "DESKTOP-OFJ6N53", "TimeCreated": "2025-08-03 13:00:50.975174+00:00", "RecordID": "9663", "Level": "4", "UserID": "S-1-5-18", "EventData.updateCount": "0", "EventData.serviceGuid": "{855e8a7c-ecb4-4ca3-b045-1dfa50104289}"}
{"EventID": "26", "Channel": "Microsoft-Windows-WindowsUpdateClient/Operational", "Provider_Name": "Microsoft-Windows-WindowsUpdateClient", "Computer": "DESKTOP-OFJ6N53", "TimeCreated": "2025-08-03 16:02:24.075089+00:00", "RecordID": "9664", "Level": "4", "UserID": "S-1-5-18", "EventData.updateCount": "1", "EventData.serviceGuid": "{9482f4b4-e343-43b6-b170-9a65bc822c77}"}
{"EventID": "26", "Channel": "Microsoft-Windows-WindowsUpdateClient/Operational", "Provider_Name": "Microsoft-Windows-WindowsUpdateClient", "Computer": "DESKTOP-OFJ6N53", "TimeCreated": "2025-08-03 16:02:28.822414+00:00", "RecordID": "9665", "Level": "4", "UserID": "S-1-5-18", "EventData.updateCount": "2", "EventData.serviceGuid": "{8b24b027-1dee-babb-9a95-3517dfb9c552}"}
{"EventID": "41", "Channel": "Microsoft-Windows-WindowsUpdateClient/Operational", "Provider_Name": "Microsoft-Windows-WindowsUpdateClient", "Computer": "DESKTOP-OFJ6N53", "TimeCreated": "2025-08-03 16:02:29.772715+00:00", "RecordID": "9666", "Level": "4", "UserID": "S-1-5-18", "EventData.updateTitle": "Обновление механизма обнаружения угроз для Microsoft Defender Antivirus — KB2267602 (версия 1.433.257.0) — Актуальный канал (широкий выпуск)", "EventData.updateGuid": "{7aa06e07-fcd5-4e24-98c7-a4d1e315b8c0}", "EventData.updateRevisionNumber": "200"}
{"EventID": "26", "Channel": "Microsoft-Windows-WindowsUpdateClient/Operational", "Provider_Name": "Microsoft-Windows-WindowsUpdateClient", "Computer": "DESKTOP-OFJ6N53", "TimeCreated": "2025-08-04 08:14:36.098494+00:00", "RecordID": "9667", "Level": "4", "UserID": "S-1-5-18", "EventData.updateCount": "1", "EventData.serviceGuid": "{9482f4b4-e343-43b6-b170-9a65bc822c77}"}
{"EventID": "26", "Channel": "Microsoft-Windows-WindowsUpdateClient/Operational", "Provider_Name": "Microsoft-Windows-WindowsUpdateClient", "Computer": "DESKTOP-OFJ6N53", "TimeCreated": "2025-08-04 08:14:36.098499+00:00", "RecordID": "9668", "Level": "4", "UserID": "S-1-5-18", "EventData.updateCount": "0", "EventData.serviceGuid": "{8b24b027-1dee-babb-9a95-3517dfb9c552}"}
{"EventID": "41", "Channel": "Microsoft-Windows-WindowsUpdateClient/Operational", "Provider_Name": "Microsoft-Windows-WindowsUpdateClient", "Computer": "DESKTOP-OFJ6N53", "TimeCreated": "2025-08-04 08:14:36.098503+00:00", "RecordID": "9669", "Level": "4", "UserID": "S-1-5-18", "EventData.updateTitle": "Обновление механизма обнаружения угроз для Microsoft Defender Antivirus — KB2267602 (версия 1.433.264.0) — Актуальный канал (широкий выпуск)", "EventData.updateGuid": "{fd02510f-c253-4dbd-87bc-b3e5ce962155}", "EventData.updateRevisionNumber": "200"}
{"EventID": "26", "Channel": "Microsoft-Windows-WindowsUpdateClient/Operational", "Provider_Name": "Microsoft-Windows-WindowsUpdateClient", "Computer": "DESKTOP-OFJ6N53", "TimeCreated": "2025-08-04 14:10:45.672989+00:00", "RecordID": "9670", "Level": "4", "UserID": "S-1-5-18", "EventData.updateCount": "1", "EventData.serviceGuid": "{9482f4b4-e343-43b6-b170-9a65bc822c77}"}
{"EventID": "26", "Channel": "Microsoft-Windows-WindowsUpdateClient/Operational", "Provider_Name": "Microsoft-Windows-WindowsUpdateClient", "Computer": "DESKTOP-OFJ6N53", "TimeCreated": "2025-08-04 14:10:50.705885+00:00", "RecordID": "9671", "Level": "4", "UserID": "S-1-5-18", "EventData.updateCount": "2", "EventData.serviceGuid": "{8b24b027-1dee-babb-9a95-3517dfb9c552}"}
{"EventID": "41", "Channel": "Microsoft-Windows-WindowsUpdateClient/Operational", "Provider_Name": "Microsoft-Windows-WindowsUpdateClient", "Computer": "DESKTOP-OFJ6N53", "TimeCreated": "2025-08-04 14:10:51.672646+00:00", "RecordID": "9672", "Level": "4", "UserID": "S-1-5-18", "EventData.updateTitle": "Обновление механизма обнаружения угроз для Microsoft Defender Antivirus — KB2267602 (версия 1.433.269.0) — Актуальный канал (широкий выпуск)", "EventData.updateGuid": "{72931e74-67f4-4c23-b6f4-2787c6bbadba}", "EventData.updateRevisionNumber": "200"}
{"EventID": "26", "Channel": "Microsoft-Windows-WindowsUpdateClient/Operational", "Provider_Name": "Microsoft-Windows-WindowsUpdateClient", "Computer": "DESKTOP-OFJ6N53", "TimeCreated": "2025-08-04 20:53:50.883484+00:00", "RecordID": "9673", "Level": "4", "UserID": "S-1-5-18", "EventData.updateCount": "0", "EventData.serviceGuid": "{855e8a7c-ecb4-4ca3-b045-1dfa50104289}"}
{"EventID": "26", "Channel": "Microsoft-Windows-WindowsUpdateClient/Operational", "Provider_Name": "Microsoft-Windows-WindowsUpdateClient", "Computer": "DESKTOP-OFJ6N53", "TimeCreated": "2025-08-05 08:14:29.830481+00:00", "RecordID": "9674", "Level": "4", "UserID": "S-1-5-18", "EventData.updateCount": "1", "EventData.serviceGuid": "{9482f4b4-e343-43b6-b170-9a65bc822c77}"}
{"EventID": "26", "Channel": "Microsoft-Windows-WindowsUpdateClient/Operational", "Provider_Name": "Microsoft-Windows-WindowsUpdateClient", "Computer": "DESKTOP-OFJ6N53", "TimeCreated": "2025-08-05 08:14:29.830488+00:00", "RecordID": "9675", "Level": "4", "UserID": "S-1-5-18", "EventData.updateCount": "0", "EventData.serviceGuid": "{8b24b027-1dee-babb-9a95-3517dfb9c552}"}
{"EventID": "41", "Channel": "Microsoft-Windows-WindowsUpdateClient/Operational", "Provider_Name": "Microsoft-Windows-WindowsUpdateClient", "Computer": "DESKTOP-OFJ6N53", "TimeCreated": "2025-08-05 08:14:29.830494+00:00", "RecordID": "9676", "Level": "4", "UserID": "S-1-5-18", "EventData.updateTitle": "Обновление механизма обнаружения угроз для Microsoft Defender Antivirus — KB2267602 (версия 1.433.289.0) — Актуальный канал (широкий выпуск)", "EventData.updateGuid": "{46a609dc-420d-45cd-9d89-c0f9996746cb}", "EventData.updateRevisionNumber": "200"}
{"EventID": "26", "Channel": "Microsoft-Windows-WindowsUpdateClient/Operational", "Provider_Name": "Microsoft-Windows-WindowsUpdateClient", "Computer": "DESKTOP-OFJ6N53", "TimeCreated": "2025-08-05 12:11:37.706467+00:00", "RecordID": "9677", "Level": "4", "UserID": "S-1-5-18", "EventData.updateCount": "1", "EventData.serviceGuid": "{9482f4b4-e343-43b6-b170-9a65bc822c77}"}
{"EventID": "26", "Channel": "Microsoft-Windows-WindowsUpdateClient/Operational", "Provider_Name": "Microsoft-Windows-WindowsUpdateClient", "Computer": "DESKTOP-OFJ6N53", "TimeCreated": "2025-08-05 12:11:43.718788+00:00", "RecordID": "9678", "Level": "4", "UserID": "S-1-5-18", "EventData.updateCount": "2", "EventData.serviceGuid": "{8b24b027-1dee-babb-9a95-3517dfb9c552}"}
{"EventID": "41", "Channel": "Microsoft-Windows-WindowsUpdateClient/Operational", "Provider_Name": "Microsoft-Windows-WindowsUpdateClient", "Computer": "DESKTOP-OFJ6N53", "TimeCreated": "2025-08-05 12:11:44.648092+00:00", "RecordID": "9679", "Level": "4", "UserID": "S-1-5-18", "EventData.updateTitle": "Обновление механизма обнаружения угроз для Microsoft Defender Antivirus — KB2267602 (версия 1.433.294.0) — Актуальный канал (широкий выпуск)", "EventData.updateGuid": "{9c03fb3e-7bbd-4990-8099-f30201747d26}", "EventData.updateRevisionNumber": "200"}
{"EventID": "26", "Channel": "Microsoft-Windows-WindowsUpdateClient/Operational", "Provider_Name": "Microsoft-Windows-WindowsUpdateClient", "Computer": "DESKTOP-OFJ6N53", "TimeCreated": "2025-08-06 08:14:38.821568+00:00", "RecordID": "9680", "Level": "4", "UserID": "S-1-5-18", "EventData.updateCount": "1", "EventData.serviceGuid": "{9482f4b4-e343-43b6-b170-9a65bc822c77}"}
{"EventID": "26", "Channel": "Microsoft-Windows-WindowsUpdateClient/Operational", "Provider_Name": "Microsoft-Windows-WindowsUpdateClient", "Computer": "DESKTOP-OFJ6N53", "TimeCreated": "2025-08-06 08:14:38.821571+00:00", "RecordID": "9681", "Level": "4", "UserID": "S-1-5-18", "EventData.updateCount": "0", "EventData.serviceGuid": "{8b24b027-1dee-babb-9a95-3517dfb9c552}"}
{"EventID": "41", "Channel": "Microsoft-Windows-WindowsUpdateClient/Operational", "Provider_Name": "Microsoft-Windows-WindowsUpdateClient", "Computer": "DESKTOP-OFJ6N53", "TimeCreated": "2025-08-06 08:14:38.821573+00:00", "RecordID": "9682", "Level": "4", "UserID": "S-1-5-18", "EventData.updateTitle": "Обновление механизма обнаружения угроз для Microsoft Defender Antivirus — KB2267602 (версия 1.433.308.0) — Актуальный канал (широкий выпуск)", "EventData.updateGuid": "{3b3bf58d-fc7f-472c-9809-36fb3ab514c1}", "EventData.updateRevisionNumber": "200"}
{"EventID": "26", "Channel": "Microsoft-Windows-WindowsUpdateClient/Operational", "Provider_Name": "Microsoft-Windows-WindowsUpdateClient", "Computer": "DESKTOP-OFJ6N53", "TimeCreated": "2025-08-06 09:34:10.834940+00:00", "RecordID": "9683", "Level": "4", "UserID": "S-1-5-18", "EventData.updateCount": "0", "EventData.serviceGuid": "{9482f4b4-e343-43b6-b170-9a65bc822c77}"}
{"EventID": "26", "Channel": "Microsoft-Windows-WindowsUpdateClient/Operational", "Provider_Name": "Microsoft-Windows-WindowsUpdateClient", "Computer": "DESKTOP-OFJ6N53", "TimeCreated": "2025-08-06 09:34:17.769573+00:00", "RecordID": "9684", "Level": "4", "UserID": "S-1-5-18", "EventData.updateCount": "2", "EventData.serviceGuid": "{8b24b027-1dee-babb-9a95-3517dfb9c552}"}
{"EventID": "26", "Channel": "Microsoft-Windows-WindowsUpdateClient/Operational", "Provider_Name": "Microsoft-Windows-WindowsUpdateClient", "Computer": "DESKTOP-OFJ6N53", "TimeCreated": "2025-08-06 10:04:25.841240+00:00", "RecordID": "9685", "Level": "4", "UserID": "S-1-5-18", "EventData.updateCount": "1", "EventData.serviceGuid": "{855e8a7c-ecb4-4ca3-b045-1dfa50104289}"}
{"EventID": "26", "Channel": "Microsoft-Windows-WindowsUpdateClient/Operational", "Provider_Name": "Microsoft-Windows-WindowsUpdateClient", "Computer": "DESKTOP-OFJ6N53", "TimeCreated": "2025-08-06 10:37:39.603140+00:00", "RecordID": "9686", "Level": "4", "UserID": "S-1-5-18", "EventData.updateCount": "1", "EventData.serviceGuid": "{855e8a7c-ecb4-4ca3-b045-1dfa50104289}"}
{"EventID": "26", "Channel": "Microsoft-Windows-WindowsUpdateClient/Operational", "Provider_Name": "Microsoft-Windows-WindowsUpdateClient", "Computer": "DESKTOP-OFJ6N53", "TimeCreated": "2025-08-06 10:37:47.274511+00:00", "RecordID": "9687", "Level": "4", "UserID": "S-1-5-18", "EventData.updateCount": "1", "EventData.serviceGuid": "{855e8a7c-ecb4-4ca3-b045-1dfa50104289}"}
{"EventID": "41", "Channel": "Microsoft-Windows-WindowsUpdateClient/Operational", "Provider_Name": "Microsoft-Windows-WindowsUpdateClient", "Computer": "DESKTOP-OFJ6N53", "TimeCreated": "2025-08-06 12:04:37.415680+00:00", "RecordID": "9688", "Level": "4", "UserID": "S-1-5-18", "EventData.updateTitle": "9NBLGGH4LS1F-Microsoft.StorePurchaseApp", "EventData.updateGuid": "{d8ccbfea-06bd-4c0f-8fe4-529f2151c49b}", "EventData.updateRevisionNumber": "1"}
{"EventID": "26", "Channel": "Microsoft-Windows-WindowsUpdateClient/Operational", "Provider_Name": "Microsoft-Windows-WindowsUpdateClient", "Computer": "DESKTOP-OFJ6N53", "TimeCreated": "2025-08-07 07:57:29.251991+00:00", "RecordID": "9689", "Level": "4", "UserID": "S-1-5-18", "EventData.updateCount": "1", "EventData.serviceGuid": "{9482f4b4-e343-43b6-b170-9a65bc822c77}"}
{"EventID": "26", "Channel": "Microsoft-Windows-WindowsUpdateClient/Operational", "Provider_Name": "Microsoft-Windows-WindowsUpdateClient", "Computer": "DESKTOP-OFJ6N53", "TimeCreated": "2025-08-07 07:57:34.356403+00:00", "RecordID": "9690", "Level": "4", "UserID": "S-1-5-18", "EventData.updateCount": "2", "EventData.serviceGuid": "{8b24b027-1dee-babb-9a95-3517dfb9c552}"}
{"EventID": "41", "Channel": "Microsoft-Windows-WindowsUpdateClient/Operational", "Provider_Name": "Microsoft-Windows-WindowsUpdateClient", "Computer": "DESKTOP-OFJ6N53", "TimeCreated": "2025-08-07 07:57:34.356411+00:00", "RecordID": "9691", "Level": "4", "UserID": "S-1-5-18", "EventData.updateTitle": "Обновление механизма обнаружения угроз для Microsoft Defender Antivirus — KB2267602 (версия 1.435.31.0) — Актуальный канал (широкий выпуск)", "EventData.updateGuid": "{2c7872e4-c8b3-4ba9-b701-9f2f2f5d120e}", "EventData.updateRevisionNumber": "200"}
{"EventID": "26", "Channel": "Microsoft-Windows-WindowsUpdateClient/Operational", "Provider_Name": "Microsoft-Windows-WindowsUpdateClient", "Computer": "DESKTOP-OFJ6N53", "TimeCreated": "2025-08-07 08:14:31.139008+00:00", "RecordID": "9692", "Level": "4", "UserID": "S-1-5-18", "EventData.updateCount": "1", "EventData.serviceGuid": "{9482f4b4-e343-43b6-b170-9a65bc822c77}"}
{"EventID": "26", "Channel": "Microsoft-Windows-WindowsUpdateClient/Operational", "Provider_Name": "Microsoft-Windows-WindowsUpdateClient", "Computer": "DESKTOP-OFJ6N53", "TimeCreated": "2025-08-07 08:14:31.139034+00:00", "RecordID": "9693", "Level": "4", "UserID": "S-1-5-18", "EventData.updateCount": "0", "EventData.serviceGuid": "{8b24b027-1dee-babb-9a95-3517dfb9c552}"}
{"EventID": "41", "Channel": "Microsoft-Windows-WindowsUpdateClient/Operational", "Provider_Name": "Microsoft-Windows-WindowsUpdateClient", "Computer": "DESKTOP-OFJ6N53", "TimeCreated": "2025-08-07 08:14:31.139042+00:00", "RecordID": "9694", "Level": "4", "UserID": "S-1-5-18", "EventData.updateTitle": "Обновление для антивредоносной платформы Microsoft Defender Antivirus — KB4052623 (версия 4.18.25070.5) — Актуальный канал (широкий выпуск)", "EventData.updateGuid": "{0093e73e-d41f-4c83-a803-cf6a207038fe}", "EventData.updateRevisionNumber": "200"}
{"EventID": "26", "Channel": "Microsoft-Windows-WindowsUpdateClient/Operational", "Provider_Name": "Microsoft-Windows-WindowsUpdateClient", "Computer": "DESKTOP-OFJ6N53", "TimeCreated": "2025-08-07 08:25:15.577415+00:00", "RecordID": "9695", "Level": "4", "UserID": "S-1-5-18", "EventData.updateCount": "0", "EventData.serviceGuid": "{9482f4b4-e343-43b6-b170-9a65bc822c77}"}
{"EventID": "26", "Channel": "Microsoft-Windows-WindowsUpdateClient/Operational", "Provider_Name": "Microsoft-Windows-WindowsUpdateClient", "Computer": "DESKTOP-OFJ6N53", "TimeCreated": "2025-08-07 08:25:15.577419+00:00", "RecordID": "9696", "Level": "4", "UserID": "S-1-5-18", "EventData.updateCount": "0", "EventData.serviceGuid": "{8b24b027-1dee-babb-9a95-3517dfb9c552}"}
{"EventID": "26", "Channel": "Microsoft-Windows-WindowsUpdateClient/Operational", "Provider_Name": "Microsoft-Windows-WindowsUpdateClient", "Computer": "DESKTOP-OFJ6N53", "TimeCreated": "2025-08-07 16:51:39.410437+00:00", "RecordID": "9697", "Level": "4", "UserID": "S-1-5-18", "EventData.updateCount": "1", "EventData.serviceGuid": "{855e8a7c-ecb4-4ca3-b045-1dfa50104289}"}
{"EventID": "26", "Channel": "Microsoft-Windows-WindowsUpdateClient/Operational", "Provider_Name": "Microsoft-Windows-WindowsUpdateClient", "Computer": "DESKTOP-OFJ6N53", "TimeCreated": "2025-08-07 16:51:46.829788+00:00", "RecordID": "9698", "Level": "4", "UserID": "S-1-5-18", "EventData.updateCount": "1", "EventData.serviceGuid": "{855e8a7c-ecb4-4ca3-b045-1dfa50104289}"}
{"EventID": "41", "Channel": "Microsoft-Windows-WindowsUpdateClient/Operational", "Provider_Name": "Microsoft-Windows-WindowsUpdateClient", "Computer": "DESKTOP-OFJ6N53", "TimeCreated": "2025-08-07 16:51:59.380629+00:00", "RecordID": "9699", "Level": "4", "UserID": "S-1-5-18", "EventData.updateTitle": "9WZDNCRD29V9-MICROSOFT.MICROSOFTOFFICEHUB", "EventData.updateGuid": "{56c0bc95-c226-4f8f-b032-7e2da313104e}", "EventData.updateRevisionNumber": "1"}
{"EventID": "26", "Channel": "Microsoft-Windows-WindowsUpdateClient/Operational", "Provider_Name": "Microsoft-Windows-WindowsUpdateClient", "Computer": "DESKTOP-OFJ6N53", "TimeCreated": "2025-08-08 06:57:06.597214+00:00", "RecordID": "9700", "Level": "4", "UserID": "S-1-5-18", "EventData.updateCount": "1", "EventData.serviceGuid": "{9482f4b4-e343-43b6-b170-9a65bc822c77}"}
{"EventID": "26", "Channel": "Microsoft-Windows-WindowsUpdateClient/Operational", "Provider_Name": "Microsoft-Windows-WindowsUpdateClient", "Computer": "DESKTOP-OFJ6N53", "TimeCreated": "2025-08-08 06:57:17.859680+00:00", "RecordID": "9701", "Level": "4", "UserID": "S-1-5-18", "EventData.updateCount": "2", "EventData.serviceGuid": "{8b24b027-1dee-babb-9a95-3517dfb9c552}"}
{"EventID": "41", "Channel": "Microsoft-Windows-WindowsUpdateClient/Operational", "Provider_Name": "Microsoft-Windows-WindowsUpdateClient", "Computer": "DESKTOP-OFJ6N53", "TimeCreated": "2025-08-08 06:57:20.450645+00:00", "RecordID": "9702", "Level": "4", "UserID": "S-1-5-18", "EventData.updateTitle": "Обновление механизма обнаружения угроз для Microsoft Defender Antivirus — KB2267602 (версия 1.435.50.0) — Актуальный канал (широкий выпуск)", "EventData.updateGuid": "{8c87e007-79e6-4b0a-a41a-c2f37aeba921}", "EventData.updateRevisionNumber": "200"}
{"EventID": "26", "Channel": "Microsoft-Windows-WindowsUpdateClient/Operational", "Provider_Name": "Microsoft-Windows-WindowsUpdateClient", "Computer": "DESKTOP-OFJ6N53", "TimeCreated": "2025-08-08 08:25:22.613443+00:00", "RecordID": "9703", "Level": "4", "UserID": "S-1-5-18", "EventData.updateCount": "1", "EventData.serviceGuid": "{9482f4b4-e343-43b6-b170-9a65bc822c77}"}
{"EventID": "26", "Channel": "Microsoft-Windows-WindowsUpdateClient/Operational", "Provider_Name": "Microsoft-Windows-WindowsUpdateClient", "Computer": "DESKTOP-OFJ6N53", "TimeCreated": "2025-08-08 08:25:22.613447+00:00", "RecordID": "9704", "Level": "4", "UserID": "S-1-5-18", "EventData.updateCount": "0", "EventData.serviceGuid": "{8b24b027-1dee-babb-9a95-3517dfb9c552}"}
{"EventID": "41", "Channel": "Microsoft-Windows-WindowsUpdateClient/Operational", "Provider_Name": "Microsoft-Windows-WindowsUpdateClient", "Computer": "DESKTOP-OFJ6N53", "TimeCreated": "2025-08-08 08:25:22.613451+00:00", "RecordID": "9705", "Level": "4", "UserID": "S-1-5-18", "EventData.updateTitle": "Обновление механизма обнаружения угроз для Microsoft Defender Antivirus — KB2267602 (версия 1.435.53.0) — Актуальный канал (широкий выпуск)", "EventData.updateGuid": "{5040b897-950a-4808-82b7-1f2361b6de60}", "EventData.updateRevisionNumber": "200"}
{"EventID": "26", "Channel": "Microsoft-Windows-WindowsUpdateClient/Operational", "Provider_Name": "Microsoft-Windows-WindowsUpdateClient", "Computer": "DESKTOP-OFJ6N53", "TimeCreated": "2025-08-08 17:15:26.569485+00:00", "RecordID": "9706", "Level": "4", "UserID": "S-1-5-18", "EventData.updateCount": "2", "EventData.serviceGuid": "{855e8a7c-ecb4-4ca3-b045-1dfa50104289}"}
{"EventID": "26", "Channel": "Microsoft-Windows-WindowsUpdateClient/Operational", "Provider_Name": "Microsoft-Windows-WindowsUpdateClient", "Computer": "DESKTOP-OFJ6N53", "TimeCreated": "2025-08-08 17:15:42.804174+00:00", "RecordID": "9707", "Level": "4", "UserID": "S-1-5-18", "EventData.updateCount": "2", "EventData.serviceGuid": "{855e8a7c-ecb4-4ca3-b045-1dfa50104289}"}
{"EventID": "41", "Channel": "Microsoft-Windows-WindowsUpdateClient/Operational", "Provider_Name": "Microsoft-Windows-WindowsUpdateClient", "Computer": "DESKTOP-OFJ6N53", "TimeCreated": "2025-08-08 17:16:18.257622+00:00", "RecordID": "9708", "Level": "4", "UserID": "S-1-5-18", "EventData.updateTitle": "9WZDNCRD29V9-MICROSOFT.MICROSOFTOFFICEHUB", "EventData.updateGuid": "{56c0bc95-c226-4f8f-b032-7e2da313104e}", "EventData.updateRevisionNumber": "1"}
{"EventID": "41", "Channel": "Microsoft-Windows-WindowsUpdateClient/Operational", "Provider_Name": "Microsoft-Windows-WindowsUpdateClient", "Computer": "DESKTOP-OFJ6N53", "TimeCreated": "2025-08-08 17:16:48.318855+00:00", "RecordID": "9709", "Level": "4", "UserID": "S-1-5-18", "EventData.updateTitle": "9NMPJ99VJBWV-Microsoft.YourPhone", "EventData.updateGuid": "{422ba07b-e69d-4fae-aba2-8065fc6a7293}", "EventData.updateRevisionNumber": "1"}
{"EventID": "26", "Channel": "Microsoft-Windows-WindowsUpdateClient/Operational", "Provider_Name": "Microsoft-Windows-WindowsUpdateClient", "Computer": "DESKTOP-OFJ6N53", "TimeCreated": "2025-08-09 05:53:23.353519+00:00", "RecordID": "9710", "Level": "4", "UserID": "S-1-5-18", "EventData.updateCount": "1", "EventData.serviceGuid": "{9482f4b4-e343-43b6-b170-9a65bc822c77}"}
{"EventID": "26", "Channel": "Microsoft-Windows-WindowsUpdateClient/Operational", "Provider_Name": "Microsoft-Windows-WindowsUpdateClient", "Computer": "DESKTOP-OFJ6N53", "TimeCreated": "2025-08-09 05:53:40.166756+00:00", "RecordID": "9711", "Level": "4", "UserID": "S-1-5-18", "EventData.updateCount": "2", "EventData.serviceGuid": "{8b24b027-1dee-babb-9a95-3517dfb9c552}"}
{"EventID": "41", "Channel": "Microsoft-Windows-WindowsUpdateClient/Operational", "Provider_Name": "Microsoft-Windows-WindowsUpdateClient", "Computer": "DESKTOP-OFJ6N53", "TimeCreated": "2025-08-09 05:53:40.166761+00:00", "RecordID": "9712", "Level": "4", "UserID": "S-1-5-18", "EventData.updateTitle": "Обновление механизма обнаружения угроз для Microsoft Defender Antivirus — KB2267602 (версия 1.435.71.0) — Актуальный канал (широкий выпуск)", "EventData.updateGuid": "{74a4317a-49cf-4343-a7c5-78cfaae98f39}", "EventData.updateRevisionNumber": "200"}
{"EventID": "26", "Channel": "Microsoft-Windows-WindowsUpdateClient/Operational", "Provider_Name": "Microsoft-Windows-WindowsUpdateClient", "Computer": "DESKTOP-OFJ6N53", "TimeCreated": "2025-08-09 08:25:29.256102+00:00", "RecordID": "9713", "Level": "4", "UserID": "S-1-5-18", "EventData.updateCount": "1", "EventData.serviceGuid": "{9482f4b4-e343-43b6-b170-9a65bc822c77}"}
{"EventID": "26", "Channel": "Microsoft-Windows-WindowsUpdateClient/Operational", "Provider_Name": "Microsoft-Windows-WindowsUpdateClient", "Computer": "DESKTOP-OFJ6N53", "TimeCreated": "2025-08-09 08:25:29.256107+00:00", "RecordID": "9714", "Level": "4", "UserID": "S-1-5-18", "EventData.updateCount": "0", "EventData.serviceGuid": "{8b24b027-1dee-babb-9a95-3517dfb9c552}"}
{"EventID": "41", "Channel": "Microsoft-Windows-WindowsUpdateClient/Operational", "Provider_Name": "Microsoft-Windows-WindowsUpdateClient", "Computer": "DESKTOP-OFJ6N53", "TimeCreated": "2025-08-09 08:25:31.365816+00:00", "RecordID": "9715", "Level": "4", "UserID": "S-1-5-18", "EventData.updateTitle": "Обновление механизма обнаружения угроз для Microsoft Defender Antivirus — KB2267602 (версия 1.435.73.0) — Актуальный канал (широкий выпуск)", "EventData.updateGuid": "{7dac7640-ef06-4f95-a6d1-1298ee6a2f5c}", "EventData.updateRevisionNumber": "200"}
{"EventID": "26", "Channel": "Microsoft-Windows-WindowsUpdateClient/Operational", "Provider_Name": "Microsoft-Windows-WindowsUpdateClient", "Computer": "DESKTOP-OFJ6N53", "TimeCreated": "2025-08-10 02:23:22.547306+00:00", "RecordID": "9716", "Level": "4", "UserID": "S-1-5-18", "EventData.updateCount": "1", "EventData.serviceGuid": "{9482f4b4-e343-43b6-b170-9a65bc822c77}"}
{"EventID": "26", "Channel": "Microsoft-Windows-WindowsUpdateClient/Operational", "Provider_Name": "Microsoft-Windows-WindowsUpdateClient", "Computer": "DESKTOP-OFJ6N53", "TimeCreated": "2025-08-10 02:23:33.147806+00:00", "RecordID": "9717", "Level": "4", "UserID": "S-1-5-18", "EventData.updateCount": "2", "EventData.serviceGuid": "{8b24b027-1dee-babb-9a95-3517dfb9c552}"}
{"EventID": "41", "Channel": "Microsoft-Windows-WindowsUpdateClient/Operational", "Provider_Name": "Microsoft-Windows-WindowsUpdateClient", "Computer": "DESKTOP-OFJ6N53", "TimeCreated": "2025-08-10 02:23:36.715071+00:00", "RecordID": "9718", "Level": "4", "UserID": "S-1-5-18", "EventData.updateTitle": "Обновление механизма обнаружения угроз для Microsoft Defender Antivirus — KB2267602 (версия 1.435.82.0) — Актуальный канал (широкий выпуск)", "EventData.updateGuid": "{e8b5a073-881f-4c5e-ab00-d87dd88090bd}", "EventData.updateRevisionNumber": "200"}
{"EventID": "26", "Channel": "Microsoft-Windows-WindowsUpdateClient/Operational", "Provider_Name": "Microsoft-Windows-WindowsUpdateClient", "Computer": "DESKTOP-OFJ6N53", "TimeCreated": "2025-08-10 08:25:24.589746+00:00", "RecordID": "9719", "Level": "4", "UserID": "S-1-5-18", "EventData.updateCount": "1", "EventData.serviceGuid": "{9482f4b4-e343-43b6-b170-9a65bc822c77}"}
{"EventID": "26", "Channel": "Microsoft-Windows-WindowsUpdateClient/Operational", "Provider_Name": "Microsoft-Windows-WindowsUpdateClient", "Computer": "DESKTOP-OFJ6N53", "TimeCreated": "2025-08-10 08:25:24.589752+00:00", "RecordID": "9720", "Level": "4", "UserID": "S-1-5-18", "EventData.updateCount": "0", "EventData.serviceGuid": "{8b24b027-1dee-babb-9a95-3517dfb9c552}"}
{"EventID": "41", "Channel": "Microsoft-Windows-WindowsUpdateClient/Operational", "Provider_Name": "Microsoft-Windows-WindowsUpdateClient", "Computer": "DESKTOP-OFJ6N53", "TimeCreated": "2025-08-10 08:25:24.589756+00:00", "RecordID": "9721", "Level": "4", "UserID": "S-1-5-18", "EventData.updateTitle": "Обновление механизма обнаружения угроз для Microsoft Defender Antivirus — KB2267602 (версия 1.435.85.0) — Актуальный канал (широкий выпуск)", "EventData.updateGuid": "{3033a9e2-1364-497e-b690-d89bde25f223}", "EventData.updateRevisionNumber": "200"}
{"EventID": "26", "Channel": "Microsoft-Windows-WindowsUpdateClient/Operational", "Provider_Name": "Microsoft-Windows-WindowsUpdateClient", "Computer": "DESKTOP-OFJ6N53", "TimeCreated": "2025-08-10 10:05:27.001953+00:00", "RecordID": "9722", "Level": "4", "UserID": "S-1-5-18", "EventData.updateCount": "2", "EventData.serviceGuid": "{855e8a7c-ecb4-4ca3-b045-1dfa50104289}"}
{"EventID": "41", "Channel": "Microsoft-Windows-WindowsUpdateClient/Operational", "Provider_Name": "Microsoft-Windows-WindowsUpdateClient", "Computer": "DESKTOP-OFJ6N53", "TimeCreated": "2025-08-10 10:06:43.551159+00:00", "RecordID": "9723", "Level": "4", "UserID": "S-1-5-18", "EventData.updateTitle": "9NBLGGH4LS1F-Microsoft.StorePurchaseApp", "EventData.updateGuid": "{ce5f8f47-595d-4279-b094-de9dcf96dde9}", "EventData.updateRevisionNumber": "1"}
{"EventID": "26", "Channel": "Microsoft-Windows-WindowsUpdateClient/Operational", "Provider_Name": "Microsoft-Windows-WindowsUpdateClient", "Computer": "DESKTOP-OFJ6N53", "TimeCreated": "2025-08-10 16:34:07.169188+00:00", "RecordID": "9724", "Level": "4", "UserID": "S-1-5-18", "EventData.updateCount": "1", "EventData.serviceGuid": "{855e8a7c-ecb4-4ca3-b045-1dfa50104289}"}
{"EventID": "26", "Channel": "Microsoft-Windows-WindowsUpdateClient/Operational", "Provider_Name": "Microsoft-Windows-WindowsUpdateClient", "Computer": "DESKTOP-OFJ6N53", "TimeCreated": "2025-08-10 16:34:19.871040+00:00", "RecordID": "9725", "Level": "4", "UserID": "S-1-5-18", "EventData.updateCount": "1", "EventData.serviceGuid": "{855e8a7c-ecb4-4ca3-b045-1dfa50104289}"}
