{"EventID": "2", "Channel": "Microsoft-Windows-WER-PayloadHealth/Operational", "Provider_Name": "Microsoft-Windows-WER-PayloadHealth", "Computer": "DESKTOP-OFJ6N53", "TimeCreated": "2022-09-06 12:15:45.509764+00:00", "RecordID": "1078", "Level": "4", "UserID": "S-1-5-21-963789628-1060504924-4285088085-1001", "EventData.HttpExchangeResult": "2147954429", "EventData.UploadDuration": "31", "EventData.PayloadSize": "4437", "EventData.Protocol": "Watson", "EventData.Stage": "s1event", "EventData.RequestStatusCode": "0", "EventData.BytesUploaded": "0", "EventData.ServerName": "umwatson.events.data.microsoft.com", "EventData.TransportHr": "2147954429"}
{"EventID": "1", "Channel": "Microsoft-Windows-WER-PayloadHealth/Operational", "Provider_Name": "Microsoft-Windows-WER-PayloadHealth", "Computer": "DESKTOP-OFJ6N53", "TimeCreated": "2022-09-06 13:01:54.334391+00:00", "RecordID": "1079", "Level": "4", "UserID": "S-1-5-18", "EventData.UploadDuration": "1078", "EventData.PayloadSize": "4437", "EventData.Protocol": "Watson", "EventData.Stage": "s1event", "EventData.BytesUploaded": "4437", "EventData.ServerName": "umwatson.events.data.microsoft.com"}
{"EventID": "1", "Channel": "Microsoft-Windows-WER-PayloadHealth/Operational", "Provider_Name": "Microsoft-Windows-WER-PayloadHealth", "Computer": "DESKTOP-OFJ6N53", "TimeCreated": "2022-09-07 07:17:31.928387+00:00", "RecordID": "1080", "Level": "4", "UserID": "S-1-5-21-963789628-1060504924-4285088085-1001", "EventData.UploadDuration": "1578", "EventData.PayloadSize": "4287", "EventData.Protocol": "Watson", "EventData.Stage": "s1event", "EventData.BytesUploaded": "4287", "EventData.ServerName": "umwatson.events.data.microsoft.com"}
{"EventID": "1", "Channel": "Microsoft-Windows-WER-PayloadHealth/Operational", "Provider_Name": "Microsoft-Windows-WER-PayloadHealth", "Computer": "DESKTOP-OFJ6N53", "TimeCreated": "2022-09-14 11:45:25.886480+00:00", "RecordID": "1081", "Level": "4", "UserID": "S-1-5-21-963789628-1060504924-4285088085-1001", "EventData.UploadDuration": "5532", "EventData.PayloadSize": "4895", "EventData.Protocol": "Watson", "EventData.Stage": "s1event", "EventData.BytesUploaded": "4895", "EventData.ServerName": "umwatson.events.data.microsoft.com"}
{"EventID": "1", "Channel": "Microsoft-Windows-WER-PayloadHealth/Operational", "Provider_Name": "Microsoft-Windows-WER-PayloadHealth", "Computer": "DESKTOP-OFJ6N53", "TimeCreated": "2022-09-14 14:05:36.382547+00:00", "RecordID": "1082", "Level": "4", "UserID": "S-1-5-21-963789628-1060504924-4285088085-1001", "EventData.UploadDuration": "2047", "EventData.PayloadSize": "4965", "EventData.Protocol": "Watson", "EventData.Stage": "s1event", "EventData.BytesUploaded": "4965", "EventData.ServerName": "umwatson.events.data.microsoft.com"}
{"EventID": "2", "Channel": "Microsoft-Windows-WER-PayloadHealth/Operational", "Provider_Name": "Microsoft-Windows-WER-PayloadHealth", "Computer": "DESKTOP-OFJ6N53", "TimeCreated": "2022-09-29 11:38:34.900705+00:00", "RecordID": "1083", "Level": "4", "UserID": "S-1-5-21-963789628-1060504924-4285088085-1001", "EventData.HttpExchangeResult": "2147954430", "EventData.UploadDuration": "1078", "EventData.PayloadSize": "3645", "EventData.Protocol": "OCA", "EventData.Stage": "request-upload/minidump", "EventData.RequestStatusCode": "0", "EventData.BytesUploaded": "0", "EventData.ServerName": "kmwatson.events.data.microsoft.com", "EventData.TransportHr": "2147954430"}
{"EventID": "1", "Channel": "Microsoft-Windows-WER-PayloadHealth/Operational", "Provider_Name": "Microsoft-Windows-WER-PayloadHealth", "Computer": "DESKTOP-OFJ6N53", "TimeCreated": "2022-09-29 11:41:35.690466+00:00", "RecordID": "1084", "Level": "4", "UserID": "S-1-5-21-963789628-1060504924-4285088085-1001", "EventData.UploadDuration": "1640", "EventData.PayloadSize": "3645", "EventData.Protocol": "OCA", "EventData.Stage": "request-upload/minidump", "EventData.BytesUploaded": "3645", "EventData.ServerName": "kmwatson.events.data.microsoft.com"}
{"EventID": "2", "Channel": "Microsoft-Windows-WER-PayloadHealth/Operational", "Provider_Name": "Microsoft-Windows-WER-PayloadHealth", "Computer": "DESKTOP-OFJ6N53", "TimeCreated": "2022-09-29 11:42:38.057695+00:00", "RecordID": "1085", "Level": "4", "UserID": "S-1-5-21-963789628-1060504924-4285088085-1001", "EventData.HttpExchangeResult": "2147954402", "EventData.UploadDuration": "62313", "EventData.PayloadSize": "183593", "EventData.Protocol": "OCA", "EventData.Stage": "data-upload/minidump", "EventData.RequestStatusCode": "0", "EventData.BytesUploaded": "183593", "EventData.ServerName": "kmwatson.events.data.microsoft.com", "EventData.TransportHr": "2147954402"}
{"EventID": "2", "Channel": "Microsoft-Windows-WER-PayloadHealth/Operational", "Provider_Name": "Microsoft-Windows-WER-PayloadHealth", "Computer": "DESKTOP-OFJ6N53", "TimeCreated": "2022-09-29 12:12:35.744049+00:00", "RecordID": "1086", "Level": "4", "UserID": "S-1-5-21-963789628-1060504924-4285088085-1001", "EventData.HttpExchangeResult": "2147954407", "EventData.UploadDuration": "16", "EventData.PayloadSize": "3645", "EventData.Protocol": "OCA", "EventData.Stage": "request-upload/minidump", "EventData.RequestStatusCode": "0", "EventData.BytesUploaded": "0", "EventData.ServerName": "kmwatson.events.data.microsoft.com", "EventData.TransportHr": "2147954407"}
{"EventID": "2", "Channel": "Microsoft-Windows-WER-PayloadHealth/Operational", "Provider_Name": "Microsoft-Windows-WER-PayloadHealth", "Computer": "DESKTOP-OFJ6N53", "TimeCreated": "2022-09-29 12:26:47.694752+00:00", "RecordID": "1087", "Level": "4", "UserID": "S-1-5-21-963789628-1060504924-4285088085-1001", "EventData.HttpExchangeResult": "2147954407", "EventData.UploadDuration": "12047", "EventData.PayloadSize": "3645", "EventData.Protocol": "OCA", "EventData.Stage": "request-upload/minidump", "EventData.RequestStatusCode": "0", "EventData.BytesUploaded": "0", "EventData.ServerName": "kmwatson.events.data.microsoft.com", "EventData.TransportHr": "2147954407"}
{"EventID": "2", "Channel": "Microsoft-Windows-WER-PayloadHealth/Operational", "Provider_Name": "Microsoft-Windows-WER-PayloadHealth", "Computer": "DESKTOP-OFJ6N53", "TimeCreated": "2022-09-29 16:26:52.924850+00:00", "RecordID": "1088", "Level": "4", "UserID": "S-1-5-21-963789628-1060504924-4285088085-1001", "EventData.HttpExchangeResult": "2147954407", "EventData.UploadDuration": "12078", "EventData.PayloadSize": "3645", "EventData.Protocol": "OCA", "EventData.Stage": "request-upload/minidump", "EventData.RequestStatusCode": "0", "EventData.BytesUploaded": "0", "EventData.ServerName": "kmwatson.events.data.microsoft.com", "EventData.TransportHr": "2147954407"}
{"EventID": "1", "Channel": "Microsoft-Windows-WER-PayloadHealth/Operational", "Provider_Name": "Microsoft-Windows-WER-PayloadHealth", "Computer": "DESKTOP-OFJ6N53", "TimeCreated": "2022-09-29 19:18:34.268459+00:00", "RecordID": "1089", "Level": "4", "UserID": "S-1-5-21-963789628-1060504924-4285088085-1001", "EventData.UploadDuration": "1953", "EventData.PayloadSize": "3645", "EventData.Protocol": "OCA", "EventData.Stage": "request-upload/minidump", "EventData.BytesUploaded": "3645", "EventData.ServerName": "kmwatson.events.data.microsoft.com"}
{"EventID": "1", "Channel": "Microsoft-Windows-WER-PayloadHealth/Operational", "Provider_Name": "Microsoft-Windows-WER-PayloadHealth", "Computer": "DESKTOP-OFJ6N53", "TimeCreated": "2022-09-29 19:18:56.111738+00:00", "RecordID": "1090", "Level": "4", "UserID": "S-1-5-21-963789628-1060504924-4285088085-1001", "EventData.UploadDuration": "21516", "EventData.PayloadSize": "183593", "EventData.Protocol": "OCA", "EventData.Stage": "data-upload/minidump", "EventData.BytesUploaded": "183593", "EventData.ServerName": "kmwatson.events.data.microsoft.com"}
{"EventID": "2", "Channel": "Microsoft-Windows-WER-PayloadHealth/Operational", "Provider_Name": "Microsoft-Windows-WER-PayloadHealth", "Computer": "DESKTOP-OFJ6N53", "TimeCreated": "2022-10-04 08:43:39.810629+00:00", "RecordID": "1091", "Level": "4", "UserID": "S-1-5-21-963789628-1060504924-4285088085-1001", "EventData.HttpExchangeResult": "2147954407", "EventData.UploadDuration": "12047", "EventData.PayloadSize": "4437", "EventData.Protocol": "Watson", "EventData.Stage": "s1event", "EventData.RequestStatusCode": "0", "EventData.BytesUploaded": "0", "EventData.ServerName": "umwatson.events.data.microsoft.com", "EventData.TransportHr": "2147954407"}
{"EventID": "2", "Channel": "Microsoft-Windows-WER-PayloadHealth/Operational", "Provider_Name": "Microsoft-Windows-WER-PayloadHealth", "Computer": "DESKTOP-OFJ6N53", "TimeCreated": "2022-10-04 09:57:10.180300+00:00", "RecordID": "1092", "Level": "4", "UserID": "S-1-5-21-963789628-1060504924-4285088085-1001", "EventData.HttpExchangeResult": "2147954407", "EventData.UploadDuration": "12078", "EventData.PayloadSize": "4437", "EventData.Protocol": "Watson", "EventData.Stage": "s1event", "EventData.RequestStatusCode": "0", "EventData.BytesUploaded": "0", "EventData.ServerName": "umwatson.events.data.microsoft.com", "EventData.TransportHr": "2147954407"}
{"EventID": "2", "Channel": "Microsoft-Windows-WER-PayloadHealth/Operational", "Provider_Name": "Microsoft-Windows-WER-PayloadHealth", "Computer": "DESKTOP-OFJ6N53", "TimeCreated": "2022-10-04 11:17:10.445013+00:00", "RecordID": "1093", "Level": "4", "UserID": "S-1-5-21-963789628-1060504924-4285088085-1001", "EventData.HttpExchangeResult": "2147954407", "EventData.UploadDuration": "12031", "EventData.PayloadSize": "4437", "EventData.Protocol": "Watson", "EventData.Stage": "s1event", "EventData.RequestStatusCode": "0", "EventData.BytesUploaded": "0", "EventData.ServerName": "umwatson.events.data.microsoft.com", "EventData.TransportHr": "2147954407"}
{"EventID": "2", "Channel": "Microsoft-Windows-WER-PayloadHealth/Operational", "Provider_Name": "Microsoft-Windows-WER-PayloadHealth", "Computer": "DESKTOP-OFJ6N53", "TimeCreated": "2022-10-04 11:29:40.040730+00:00", "RecordID": "1094", "Level": "4", "UserID": "S-1-5-21-963789628-1060504924-4285088085-1001", "EventData.HttpExchangeResult": "2147954407", "EventData.UploadDuration": "12016", "EventData.PayloadSize": "4437", "EventData.Protocol": "Watson", "EventData.Stage": "s1event", "EventData.RequestStatusCode": "0", "EventData.BytesUploaded": "0", "EventData.ServerName": "umwatson.events.data.microsoft.com", "EventData.TransportHr": "2147954407"}
{"EventID": "2", "Channel": "Microsoft-Windows-WER-PayloadHealth/Operational", "Provider_Name": "Microsoft-Windows-WER-PayloadHealth", "Computer": "DESKTOP-OFJ6N53", "TimeCreated": "2022-10-04 11:52:41.726061+00:00", "RecordID": "1095", "Level": "4", "UserID": "S-1-5-21-963789628-1060504924-4285088085-1001", "EventData.HttpExchangeResult": "2147954407", "EventData.UploadDuration": "12047", "EventData.PayloadSize": "4437", "EventData.Protocol": "Watson", "EventData.Stage": "s1event", "EventData.RequestStatusCode": "0", "EventData.BytesUploaded": "0", "EventData.ServerName": "umwatson.events.data.microsoft.com", "EventData.TransportHr": "2147954407"}
{"EventID": "2", "Channel": "Microsoft-Windows-WER-PayloadHealth/Operational", "Provider_Name": "Microsoft-Windows-WER-PayloadHealth", "Computer": "DESKTOP-OFJ6N53", "TimeCreated": "2022-10-04 12:31:52.028370+00:00", "RecordID": "1096", "Level": "4", "UserID": "S-1-5-21-963789628-1060504924-4285088085-1001", "EventData.HttpExchangeResult": "2147954407", "EventData.UploadDuration": "12093", "EventData.PayloadSize": "4437", "EventData.Protocol": "Watson", "EventData.Stage": "s1event", "EventData.RequestStatusCode": "0", "EventData.BytesUploaded": "0", "EventData.ServerName": "umwatson.events.data.microsoft.com", "EventData.TransportHr": "2147954407"}
{"EventID": "2", "Channel": "Microsoft-Windows-WER-PayloadHealth/Operational", "Provider_Name": "Microsoft-Windows-WER-PayloadHealth", "Computer": "DESKTOP-OFJ6N53", "TimeCreated": "2022-10-04 16:07:38.026949+00:00", "RecordID": "1097", "Level": "4", "UserID": "S-1-5-21-963789628-1060504924-4285088085-1001", "EventData.HttpExchangeResult": "2147954407", "EventData.UploadDuration": "12046", "EventData.PayloadSize": "4437", "EventData.Protocol": "Watson", "EventData.Stage": "s1event", "EventData.RequestStatusCode": "0", "EventData.BytesUploaded": "0", "EventData.ServerName": "umwatson.events.data.microsoft.com", "EventData.TransportHr": "2147954407"}
{"EventID": "2", "Channel": "Microsoft-Windows-WER-PayloadHealth/Operational", "Provider_Name": "Microsoft-Windows-WER-PayloadHealth", "Computer": "DESKTOP-OFJ6N53", "TimeCreated": "2022-10-04 20:18:35.970783+00:00", "RecordID": "1098", "Level": "4", "UserID": "S-1-5-21-963789628-1060504924-4285088085-1001", "EventData.HttpExchangeResult": "2147954407", "EventData.UploadDuration": "16", "EventData.PayloadSize": "4437", "EventData.Protocol": "Watson", "EventData.Stage": "s1event", "EventData.RequestStatusCode": "0", "EventData.BytesUploaded": "0", "EventData.ServerName": "umwatson.events.data.microsoft.com", "EventData.TransportHr": "2147954407"}
{"EventID": "2", "Channel": "Microsoft-Windows-WER-PayloadHealth/Operational", "Provider_Name": "Microsoft-Windows-WER-PayloadHealth", "Computer": "DESKTOP-OFJ6N53", "TimeCreated": "2022-10-05 00:33:54.645252+00:00", "RecordID": "1099", "Level": "4", "UserID": "S-1-5-21-963789628-1060504924-4285088085-1001", "EventData.HttpExchangeResult": "2147954407", "EventData.UploadDuration": "47", "EventData.PayloadSize": "4437", "EventData.Protocol": "Watson", "EventData.Stage": "s1event", "EventData.RequestStatusCode": "0", "EventData.BytesUploaded": "0", "EventData.ServerName": "umwatson.events.data.microsoft.com", "EventData.TransportHr": "2147954407"}
{"EventID": "2", "Channel": "Microsoft-Windows-WER-PayloadHealth/Operational", "Provider_Name": "Microsoft-Windows-WER-PayloadHealth", "Computer": "DESKTOP-OFJ6N53", "TimeCreated": "2022-10-05 04:47:11.090944+00:00", "RecordID": "1100", "Level": "4", "UserID": "S-1-5-21-963789628-1060504924-4285088085-1001", "EventData.HttpExchangeResult": "2147954407", "EventData.UploadDuration": "12047", "EventData.PayloadSize": "4437", "EventData.Protocol": "Watson", "EventData.Stage": "s1event", "EventData.RequestStatusCode": "0", "EventData.BytesUploaded": "0", "EventData.ServerName": "umwatson.events.data.microsoft.com", "EventData.TransportHr": "2147954407"}
{"EventID": "2", "Channel": "Microsoft-Windows-WER-PayloadHealth/Operational", "Provider_Name": "Microsoft-Windows-WER-PayloadHealth", "Computer": "DESKTOP-OFJ6N53", "TimeCreated": "2022-10-05 08:56:12.996595+00:00", "RecordID": "1101", "Level": "4", "UserID": "S-1-5-21-963789628-1060504924-4285088085-1001", "EventData.HttpExchangeResult": "2147954407", "EventData.UploadDuration": "15", "EventData.PayloadSize": "4437", "EventData.Protocol": "Watson", "EventData.Stage": "s1event", "EventData.RequestStatusCode": "0", "EventData.BytesUploaded": "0", "EventData.ServerName": "umwatson.events.data.microsoft.com", "EventData.TransportHr": "2147954407"}
{"EventID": "1", "Channel": "Microsoft-Windows-WER-PayloadHealth/Operational", "Provider_Name": "Microsoft-Windows-WER-PayloadHealth", "Computer": "DESKTOP-OFJ6N53", "TimeCreated": "2022-10-05 09:23:04.464792+00:00", "RecordID": "1102", "Level": "4", "UserID": "S-1-5-21-963789628-1060504924-4285088085-1001", "EventData.UploadDuration": "2000", "EventData.PayloadSize": "4437", "EventData.Protocol": "Watson", "EventData.Stage": "s1event", "EventData.BytesUploaded": "4437", "EventData.ServerName": "umwatson.events.data.microsoft.com"}
{"EventID": "1", "Channel": "Microsoft-Windows-WER-PayloadHealth/Operational", "Provider_Name": "Microsoft-Windows-WER-PayloadHealth", "Computer": "DESKTOP-OFJ6N53", "TimeCreated": "2022-10-11 22:27:01.475285+00:00", "RecordID": "1103", "Level": "4", "UserID": "S-1-5-21-963789628-1060504924-4285088085-1001", "EventData.UploadDuration": "1453", "EventData.PayloadSize": "4909", "EventData.Protocol": "Watson", "EventData.Stage": "s1event", "EventData.BytesUploaded": "4909", "EventData.ServerName": "umwatson.events.data.microsoft.com"}
{"EventID": "1", "Channel": "Microsoft-Windows-WER-PayloadHealth/Operational", "Provider_Name": "Microsoft-Windows-WER-PayloadHealth", "Computer": "DESKTOP-OFJ6N53", "TimeCreated": "2022-10-27 13:28:55.059877+00:00", "RecordID": "1104", "Level": "4", "UserID": "S-1-5-21-963789628-1060504924-4285088085-1001", "EventData.UploadDuration": "1500", "EventData.PayloadSize": "4964", "EventData.Protocol": "Watson", "EventData.Stage": "s1event", "EventData.BytesUploaded": "4964", "EventData.ServerName": "umwatson.events.data.microsoft.com"}
{"EventID": "1", "Channel": "Microsoft-Windows-WER-PayloadHealth/Operational", "Provider_Name": "Microsoft-Windows-WER-PayloadHealth", "Computer": "DESKTOP-OFJ6N53", "TimeCreated": "2022-11-08 15:00:38.618055+00:00", "RecordID": "1105", "Level": "4", "UserID": "S-1-5-21-963789628-1060504924-4285088085-1001", "EventData.UploadDuration": "1593", "EventData.PayloadSize": "4437", "EventData.Protocol": "Watson", "EventData.Stage": "s1event", "EventData.BytesUploaded": "4437", "EventData.ServerName": "umwatson.events.data.microsoft.com"}
{"EventID": "1", "Channel": "Microsoft-Windows-WER-PayloadHealth/Operational", "Provider_Name": "Microsoft-Windows-WER-PayloadHealth", "Computer": "DESKTOP-OFJ6N53", "TimeCreated": "2022-11-09 11:05:48.613043+00:00", "RecordID": "1106", "Level": "4", "UserID": "S-1-5-21-963789628-1060504924-4285088085-1001", "EventData.UploadDuration": "3234", "EventData.PayloadSize": "4896", "EventData.Protocol": "Watson", "EventData.Stage": "s1event", "EventData.BytesUploaded": "4896", "EventData.ServerName": "umwatson.events.data.microsoft.com"}
{"EventID": "1", "Channel": "Microsoft-Windows-WER-PayloadHealth/Operational", "Provider_Name": "Microsoft-Windows-WER-PayloadHealth", "Computer": "DESKTOP-OFJ6N53", "TimeCreated": "2022-11-11 22:06:36.593365+00:00", "RecordID": "1107", "Level": "4", "UserID": "S-1-5-21-963789628-1060504924-4285088085-1001", "EventData.UploadDuration": "860", "EventData.PayloadSize": "4965", "EventData.Protocol": "Watson", "EventData.Stage": "s1event", "EventData.BytesUploaded": "4965", "EventData.ServerName": "umwatson.events.data.microsoft.com"}
{"EventID": "1", "Channel": "Microsoft-Windows-WER-PayloadHealth/Operational", "Provider_Name": "Microsoft-Windows-WER-PayloadHealth", "Computer": "DESKTOP-OFJ6N53", "TimeCreated": "2022-11-16 09:28:50.997389+00:00", "RecordID": "1108", "Level": "4", "UserID": "S-1-5-21-963789628-1060504924-4285088085-1001", "EventData.UploadDuration": "828", "EventData.PayloadSize": "4437", "EventData.Protocol": "Watson", "EventData.Stage": "s1event", "EventData.BytesUploaded": "4437", "EventData.ServerName": "umwatson.events.data.microsoft.com"}
{"EventID": "1", "Channel": "Microsoft-Windows-WER-PayloadHealth/Operational", "Provider_Name": "Microsoft-Windows-WER-PayloadHealth", "Computer": "DESKTOP-OFJ6N53", "TimeCreated": "2022-11-16 17:31:22.556189+00:00", "RecordID": "1109", "Level": "4", "UserID": "S-1-5-21-963789628-1060504924-4285088085-1001", "EventData.UploadDuration": "3485", "EventData.PayloadSize": "4965", "EventData.Protocol": "Watson", "EventData.Stage": "s1event", "EventData.BytesUploaded": "4965", "EventData.ServerName": "umwatson.events.data.microsoft.com"}
{"EventID": "1", "Channel": "Microsoft-Windows-WER-PayloadHealth/Operational", "Provider_Name": "Microsoft-Windows-WER-PayloadHealth", "Computer": "DESKTOP-OFJ6N53", "TimeCreated": "2022-11-17 12:32:51.577633+00:00", "RecordID": "1110", "Level": "4", "UserID": "S-1-5-21-963789628-1060504924-4285088085-1001", "EventData.UploadDuration": "1531", "EventData.PayloadSize": "4965", "EventData.Protocol": "Watson", "EventData.Stage": "s1event", "EventData.BytesUploaded": "4965", "EventData.ServerName": "umwatson.events.data.microsoft.com"}
{"EventID": "1", "Channel": "Microsoft-Windows-WER-PayloadHealth/Operational", "Provider_Name": "Microsoft-Windows-WER-PayloadHealth", "Computer": "DESKTOP-OFJ6N53", "TimeCreated": "2022-11-22 07:13:59.031961+00:00", "RecordID": "1111", "Level": "4", "UserID": "S-1-5-21-963789628-1060504924-4285088085-1001", "EventData.UploadDuration": "8359", "EventData.PayloadSize": "4287", "EventData.Protocol": "Watson", "EventData.Stage": "s1event", "EventData.BytesUploaded": "4287", "EventData.ServerName": "umwatson.events.data.microsoft.com"}
{"EventID": "1", "Channel": "Microsoft-Windows-WER-PayloadHealth/Operational", "Provider_Name": "Microsoft-Windows-WER-PayloadHealth", "Computer": "DESKTOP-OFJ6N53", "TimeCreated": "2022-11-23 10:12:01.491697+00:00", "RecordID": "1112", "Level": "4", "UserID": "S-1-5-21-963789628-1060504924-4285088085-1001", "EventData.UploadDuration": "3281", "EventData.PayloadSize": "4965", "EventData.Protocol": "Watson", "EventData.Stage": "s1event", "EventData.BytesUploaded": "4965", "EventData.ServerName": "umwatson.events.data.microsoft.com"}
{"EventID": "1", "Channel": "Microsoft-Windows-WER-PayloadHealth/Operational", "Provider_Name": "Microsoft-Windows-WER-PayloadHealth", "Computer": "DESKTOP-OFJ6N53", "TimeCreated": "2022-11-23 13:44:46.656960+00:00", "RecordID": "1113", "Level": "4", "UserID": "S-1-5-21-963789628-1060504924-4285088085-1001", "EventData.UploadDuration": "1343", "EventData.PayloadSize": "4965", "EventData.Protocol": "Watson", "EventData.Stage": "s1event", "EventData.BytesUploaded": "4965", "EventData.ServerName": "umwatson.events.data.microsoft.com"}
{"EventID": "1", "Channel": "Microsoft-Windows-WER-PayloadHealth/Operational", "Provider_Name": "Microsoft-Windows-WER-PayloadHealth", "Computer": "DESKTOP-OFJ6N53", "TimeCreated": "2022-12-05 10:21:02.645992+00:00", "RecordID": "1114", "Level": "4", "UserID": "S-1-5-21-963789628-1060504924-4285088085-1001", "EventData.UploadDuration": "781", "EventData.PayloadSize": "4817", "EventData.Protocol": "Watson", "EventData.Stage": "s1event", "EventData.BytesUploaded": "4817", "EventData.ServerName": "umwatson.events.data.microsoft.com"}
{"EventID": "1", "Channel": "Microsoft-Windows-WER-PayloadHealth/Operational", "Provider_Name": "Microsoft-Windows-WER-PayloadHealth", "Computer": "DESKTOP-OFJ6N53", "TimeCreated": "2022-12-09 12:01:59.790306+00:00", "RecordID": "1115", "Level": "4", "UserID": "S-1-5-21-963789628-1060504924-4285088085-1001", "EventData.UploadDuration": "2422", "EventData.PayloadSize": "4964", "EventData.Protocol": "Watson", "EventData.Stage": "s1event", "EventData.BytesUploaded": "4964", "EventData.ServerName": "umwatson.events.data.microsoft.com"}
{"EventID": "1", "Channel": "Microsoft-Windows-WER-PayloadHealth/Operational", "Provider_Name": "Microsoft-Windows-WER-PayloadHealth", "Computer": "DESKTOP-OFJ6N53", "TimeCreated": "2022-12-14 06:58:19.759056+00:00", "RecordID": "1116", "Level": "4", "UserID": "S-1-5-21-963789628-1060504924-4285088085-1001", "EventData.UploadDuration": "2000", "EventData.PayloadSize": "4863", "EventData.Protocol": "Watson", "EventData.Stage": "s1event", "EventData.BytesUploaded": "4863", "EventData.ServerName": "umwatson.events.data.microsoft.com"}
{"EventID": "2", "Channel": "Microsoft-Windows-WER-PayloadHealth/Operational", "Provider_Name": "Microsoft-Windows-WER-PayloadHealth", "Computer": "DESKTOP-OFJ6N53", "TimeCreated": "2022-12-28 12:17:52.385893+00:00", "RecordID": "1117", "Level": "4", "UserID": "S-1-5-21-963789628-1060504924-4285088085-1001", "EventData.HttpExchangeResult": "2147954402", "EventData.UploadDuration": "21359", "EventData.PayloadSize": "4437", "EventData.Protocol": "Watson", "EventData.Stage": "s1event", "EventData.RequestStatusCode": "0", "EventData.BytesUploaded": "0", "EventData.ServerName": "umwatson.events.data.microsoft.com", "EventData.TransportHr": "2147954402"}
{"EventID": "1", "Channel": "Microsoft-Windows-WER-PayloadHealth/Operational", "Provider_Name": "Microsoft-Windows-WER-PayloadHealth", "Computer": "DESKTOP-OFJ6N53", "TimeCreated": "2022-12-28 15:10:42.816555+00:00", "RecordID": "1118", "Level": "4", "UserID": "S-1-5-21-963789628-1060504924-4285088085-1001", "EventData.UploadDuration": "1000", "EventData.PayloadSize": "4437", "EventData.Protocol": "Watson", "EventData.Stage": "s1event", "EventData.BytesUploaded": "4437", "EventData.ServerName": "umwatson.events.data.microsoft.com"}
{"EventID": "1", "Channel": "Microsoft-Windows-WER-PayloadHealth/Operational", "Provider_Name": "Microsoft-Windows-WER-PayloadHealth", "Computer": "DESKTOP-OFJ6N53", "TimeCreated": "2023-01-11 06:03:44.550688+00:00", "RecordID": "1119", "Level": "4", "UserID": "S-1-5-21-963789628-1060504924-4285088085-1001", "EventData.UploadDuration": "953", "EventData.PayloadSize": "3645", "EventData.Protocol": "OCA", "EventData.Stage": "request-upload/minidump", "EventData.BytesUploaded": "3645", "EventData.ServerName": "kmwatson.events.data.microsoft.com"}
{"EventID": "1", "Channel": "Microsoft-Windows-WER-PayloadHealth/Operational", "Provider_Name": "Microsoft-Windows-WER-PayloadHealth", "Computer": "DESKTOP-OFJ6N53", "TimeCreated": "2023-01-11 06:04:10.531765+00:00", "RecordID": "1120", "Level": "4", "UserID": "S-1-5-21-963789628-1060504924-4285088085-1001", "EventData.UploadDuration": "25828", "EventData.PayloadSize": "176065", "EventData.Protocol": "OCA", "EventData.Stage": "data-upload/minidump", "EventData.BytesUploaded": "176065", "EventData.ServerName": "kmwatson.events.data.microsoft.com"}
{"EventID": "1", "Channel": "Microsoft-Windows-WER-PayloadHealth/Operational", "Provider_Name": "Microsoft-Windows-WER-PayloadHealth", "Computer": "DESKTOP-OFJ6N53", "TimeCreated": "2023-01-11 06:43:16.930618+00:00", "RecordID": "1121", "Level": "4", "UserID": "S-1-5-21-963789628-1060504924-4285088085-1001", "EventData.UploadDuration": "3719", "EventData.PayloadSize": "4132", "EventData.Protocol": "OCA", "EventData.Stage": "data-upload/minidump", "EventData.BytesUploaded": "4132", "EventData.ServerName": "kmwatson.events.data.microsoft.com"}
{"EventID": "1", "Channel": "Microsoft-Windows-WER-PayloadHealth/Operational", "Provider_Name": "Microsoft-Windows-WER-PayloadHealth", "Computer": "DESKTOP-OFJ6N53", "TimeCreated": "2023-01-11 06:43:20.629847+00:00", "RecordID": "1122", "Level": "4", "UserID": "S-1-5-21-963789628-1060504924-4285088085-1001", "EventData.UploadDuration": "1531", "EventData.PayloadSize": "4895", "EventData.Protocol": "Watson", "EventData.Stage": "s1event", "EventData.BytesUploaded": "4895", "EventData.ServerName": "umwatson.events.data.microsoft.com"}
{"EventID": "1", "Channel": "Microsoft-Windows-WER-PayloadHealth/Operational", "Provider_Name": "Microsoft-Windows-WER-PayloadHealth", "Computer": "DESKTOP-OFJ6N53", "TimeCreated": "2023-01-11 08:19:07.411879+00:00", "RecordID": "1123", "Level": "4", "UserID": "S-1-5-21-963789628-1060504924-4285088085-1001", "EventData.UploadDuration": "2234", "EventData.PayloadSize": "4132", "EventData.Protocol": "OCA", "EventData.Stage": "data-upload/minidump", "EventData.BytesUploaded": "4132", "EventData.ServerName": "kmwatson.events.data.microsoft.com"}
{"EventID": "1", "Channel": "Microsoft-Windows-WER-PayloadHealth/Operational", "Provider_Name": "Microsoft-Windows-WER-PayloadHealth", "Computer": "DESKTOP-OFJ6N53", "TimeCreated": "2023-01-11 10:03:54.636448+00:00", "RecordID": "1124", "Level": "4", "UserID": "S-1-5-21-963789628-1060504924-4285088085-1001", "EventData.UploadDuration": "5250", "EventData.PayloadSize": "4132", "EventData.Protocol": "OCA", "EventData.Stage": "data-upload/minidump", "EventData.BytesUploaded": "4132", "EventData.ServerName": "kmwatson.events.data.microsoft.com"}
{"EventID": "1", "Channel": "Microsoft-Windows-WER-PayloadHealth/Operational", "Provider_Name": "Microsoft-Windows-WER-PayloadHealth", "Computer": "DESKTOP-OFJ6N53", "TimeCreated": "2023-01-11 10:04:09.535053+00:00", "RecordID": "1125", "Level": "4", "UserID": "S-1-5-21-963789628-1060504924-4285088085-1001", "EventData.UploadDuration": "14609", "EventData.PayloadSize": "4965", "EventData.Protocol": "Watson", "EventData.Stage": "s1event", "EventData.BytesUploaded": "4965", "EventData.ServerName": "umwatson.events.data.microsoft.com"}
{"EventID": "2", "Channel": "Microsoft-Windows-WER-PayloadHealth/Operational", "Provider_Name": "Microsoft-Windows-WER-PayloadHealth", "Computer": "DESKTOP-OFJ6N53", "TimeCreated": "2023-01-11 11:20:27.975986+00:00", "RecordID": "1126", "Level": "4", "UserID": "S-1-5-21-963789628-1060504924-4285088085-1001", "EventData.HttpExchangeResult": "2147954402", "EventData.UploadDuration": "24234", "EventData.PayloadSize": "4678", "EventData.Protocol": "Watson", "EventData.Stage": "s1event", "EventData.RequestStatusCode": "0", "EventData.BytesUploaded": "0", "EventData.ServerName": "umwatson.events.data.microsoft.com", "EventData.TransportHr": "2147954402"}
{"EventID": "2", "Channel": "Microsoft-Windows-WER-PayloadHealth/Operational", "Provider_Name": "Microsoft-Windows-WER-PayloadHealth", "Computer": "DESKTOP-OFJ6N53", "TimeCreated": "2023-01-11 11:22:37.277555+00:00", "RecordID": "1127", "Level": "4", "UserID": "S-1-5-21-963789628-1060504924-4285088085-1001", "EventData.HttpExchangeResult": "2147954402", "EventData.UploadDuration": "23297", "EventData.PayloadSize": "4132", "EventData.Protocol": "OCA", "EventData.Stage": "data-upload/minidump", "EventData.RequestStatusCode": "0", "EventData.BytesUploaded": "0", "EventData.ServerName": "kmwatson.events.data.microsoft.com", "EventData.TransportHr": "2147954402"}
{"EventID": "2", "Channel": "Microsoft-Windows-WER-PayloadHealth/Operational", "Provider_Name": "Microsoft-Windows-WER-PayloadHealth", "Computer": "DESKTOP-OFJ6N53", "TimeCreated": "2023-01-11 11:23:07.919746+00:00", "RecordID": "1128", "Level": "4", "UserID": "S-1-5-21-963789628-1060504924-4285088085-1001", "EventData.HttpExchangeResult": "2147954402", "EventData.UploadDuration": "26359", "EventData.PayloadSize": "4678", "EventData.Protocol": "Watson", "EventData.Stage": "s1event", "EventData.RequestStatusCode": "0", "EventData.BytesUploaded": "0", "EventData.ServerName": "umwatson.events.data.microsoft.com", "EventData.TransportHr": "2147954402"}
{"EventID": "2", "Channel": "Microsoft-Windows-WER-PayloadHealth/Operational", "Provider_Name": "Microsoft-Windows-WER-PayloadHealth", "Computer": "DESKTOP-OFJ6N53", "TimeCreated": "2023-01-11 12:58:19.573687+00:00", "RecordID": "1129", "Level": "4", "UserID": "S-1-5-21-963789628-1060504924-4285088085-1001", "EventData.HttpExchangeResult": "2147954402", "EventData.UploadDuration": "21547", "EventData.PayloadSize": "4132", "EventData.Protocol": "OCA", "EventData.Stage": "data-upload/minidump", "EventData.RequestStatusCode": "0", "EventData.BytesUploaded": "0", "EventData.ServerName": "kmwatson.events.data.microsoft.com", "EventData.TransportHr": "2147954402"}
{"EventID": "2", "Channel": "Microsoft-Windows-WER-PayloadHealth/Operational", "Provider_Name": "Microsoft-Windows-WER-PayloadHealth", "Computer": "DESKTOP-OFJ6N53", "TimeCreated": "2023-01-11 12:58:40.993156+00:00", "RecordID": "1130", "Level": "4", "UserID": "S-1-5-21-963789628-1060504924-4285088085-1001", "EventData.HttpExchangeResult": "2147954402", "EventData.UploadDuration": "21250", "EventData.PayloadSize": "4678", "EventData.Protocol": "Watson", "EventData.Stage": "s1event", "EventData.RequestStatusCode": "0", "EventData.BytesUploaded": "0", "EventData.ServerName": "umwatson.events.data.microsoft.com", "EventData.TransportHr": "2147954402"}
{"EventID": "1", "Channel": "Microsoft-Windows-WER-PayloadHealth/Operational", "Provider_Name": "Microsoft-Windows-WER-PayloadHealth", "Computer": "DESKTOP-OFJ6N53", "TimeCreated": "2023-01-11 14:48:24.391323+00:00", "RecordID": "1131", "Level": "4", "UserID": "S-1-5-18", "EventData.UploadDuration": "108516", "EventData.PayloadSize": "4132", "EventData.Protocol": "OCA", "EventData.Stage": "data-upload/minidump", "EventData.BytesUploaded": "4132", "EventData.ServerName": "kmwatson.events.data.microsoft.com"}
{"EventID": "1", "Channel": "Microsoft-Windows-WER-PayloadHealth/Operational", "Provider_Name": "Microsoft-Windows-WER-PayloadHealth", "Computer": "DESKTOP-OFJ6N53", "TimeCreated": "2023-01-11 14:48:26.867123+00:00", "RecordID": "1132", "Level": "4", "UserID": "S-1-5-18", "EventData.UploadDuration": "2000", "EventData.PayloadSize": "4678", "EventData.Protocol": "Watson", "EventData.Stage": "s1event", "EventData.BytesUploaded": "4678", "EventData.ServerName": "umwatson.events.data.microsoft.com"}
{"EventID": "1", "Channel": "Microsoft-Windows-WER-PayloadHealth/Operational", "Provider_Name": "Microsoft-Windows-WER-PayloadHealth", "Computer": "DESKTOP-OFJ6N53", "TimeCreated": "2023-01-13 13:27:22.589905+00:00", "RecordID": "1133", "Level": "4", "UserID": "S-1-5-21-963789628-1060504924-4285088085-1001", "EventData.UploadDuration": "1265", "EventData.PayloadSize": "5099", "EventData.Protocol": "Watson", "EventData.Stage": "s1event", "EventData.BytesUploaded": "5099", "EventData.ServerName": "umwatson.events.data.microsoft.com"}
{"EventID": "1", "Channel": "Microsoft-Windows-WER-PayloadHealth/Operational", "Provider_Name": "Microsoft-Windows-WER-PayloadHealth", "Computer": "DESKTOP-OFJ6N53", "TimeCreated": "2023-01-17 14:43:43.913641+00:00", "RecordID": "1134", "Level": "4", "UserID": "S-1-5-21-963789628-1060504924-4285088085-1001", "EventData.UploadDuration": "2109", "EventData.PayloadSize": "4964", "EventData.Protocol": "Watson", "EventData.Stage": "s1event", "EventData.BytesUploaded": "4964", "EventData.ServerName": "umwatson.events.data.microsoft.com"}
{"EventID": "1", "Channel": "Microsoft-Windows-WER-PayloadHealth/Operational", "Provider_Name": "Microsoft-Windows-WER-PayloadHealth", "Computer": "DESKTOP-OFJ6N53", "TimeCreated": "2023-01-24 13:10:20.053312+00:00", "RecordID": "1135", "Level": "4", "UserID": "S-1-5-21-963789628-1060504924-4285088085-1001", "EventData.UploadDuration": "1750", "EventData.PayloadSize": "4910", "EventData.Protocol": "Watson", "EventData.Stage": "s1event", "EventData.BytesUploaded": "4910", "EventData.ServerName": "umwatson.events.data.microsoft.com"}
{"EventID": "1", "Channel": "Microsoft-Windows-WER-PayloadHealth/Operational", "Provider_Name": "Microsoft-Windows-WER-PayloadHealth", "Computer": "DESKTOP-OFJ6N53", "TimeCreated": "2023-01-25 13:31:29.102390+00:00", "RecordID": "1136", "Level": "4", "UserID": "S-1-5-21-963789628-1060504924-4285088085-1001", "EventData.UploadDuration": "1750", "EventData.PayloadSize": "4909", "EventData.Protocol": "Watson", "EventData.Stage": "s1event", "EventData.BytesUploaded": "4909", "EventData.ServerName": "umwatson.events.data.microsoft.com"}
{"EventID": "1", "Channel": "Microsoft-Windows-WER-PayloadHealth/Operational", "Provider_Name": "Microsoft-Windows-WER-PayloadHealth", "Computer": "DESKTOP-OFJ6N53", "TimeCreated": "2023-01-26 13:18:27.629808+00:00", "RecordID": "1137", "Level": "4", "UserID": "S-1-5-21-963789628-1060504924-4285088085-1001", "EventData.UploadDuration": "1016", "EventData.PayloadSize": "4910", "EventData.Protocol": "Watson", "EventData.Stage": "s1event", "EventData.BytesUploaded": "4910", "EventData.ServerName": "umwatson.events.data.microsoft.com"}
{"EventID": "1", "Channel": "Microsoft-Windows-WER-PayloadHealth/Operational", "Provider_Name": "Microsoft-Windows-WER-PayloadHealth", "Computer": "DESKTOP-OFJ6N53", "TimeCreated": "2023-01-27 11:57:09.793732+00:00", "RecordID": "1138", "Level": "4", "UserID": "S-1-5-21-963789628-1060504924-4285088085-1001", "EventData.UploadDuration": "1422", "EventData.PayloadSize": "5099", "EventData.Protocol": "Watson", "EventData.Stage": "s1event", "EventData.BytesUploaded": "5099", "EventData.ServerName": "umwatson.events.data.microsoft.com"}
{"EventID": "1", "Channel": "Microsoft-Windows-WER-PayloadHealth/Operational", "Provider_Name": "Microsoft-Windows-WER-PayloadHealth", "Computer": "DESKTOP-OFJ6N53", "TimeCreated": "2023-01-27 11:57:32.566835+00:00", "RecordID": "1139", "Level": "4", "UserID": "S-1-5-21-963789628-1060504924-4285088085-1001", "EventData.UploadDuration": "1250", "EventData.PayloadSize": "5130", "EventData.Protocol": "Watson", "EventData.Stage": "s1event", "EventData.BytesUploaded": "5130", "EventData.ServerName": "umwatson.events.data.microsoft.com"}
{"EventID": "1", "Channel": "Microsoft-Windows-WER-PayloadHealth/Operational", "Provider_Name": "Microsoft-Windows-WER-PayloadHealth", "Computer": "DESKTOP-OFJ6N53", "TimeCreated": "2023-01-28 14:27:51.278761+00:00", "RecordID": "1140", "Level": "4", "UserID": "S-1-5-21-963789628-1060504924-4285088085-1001", "EventData.UploadDuration": "890", "EventData.PayloadSize": "4909", "EventData.Protocol": "Watson", "EventData.Stage": "s1event", "EventData.BytesUploaded": "4909", "EventData.ServerName": "umwatson.events.data.microsoft.com"}
{"EventID": "1", "Channel": "Microsoft-Windows-WER-PayloadHealth/Operational", "Provider_Name": "Microsoft-Windows-WER-PayloadHealth", "Computer": "DESKTOP-OFJ6N53", "TimeCreated": "2023-01-29 14:31:43.320129+00:00", "RecordID": "1141", "Level": "4", "UserID": "S-1-5-21-963789628-1060504924-4285088085-1001", "EventData.UploadDuration": "875", "EventData.PayloadSize": "4910", "EventData.Protocol": "Watson", "EventData.Stage": "s1event", "EventData.BytesUploaded": "4910", "EventData.ServerName": "umwatson.events.data.microsoft.com"}
{"EventID": "1", "Channel": "Microsoft-Windows-WER-PayloadHealth/Operational", "Provider_Name": "Microsoft-Windows-WER-PayloadHealth", "Computer": "DESKTOP-OFJ6N53", "TimeCreated": "2023-01-30 08:58:51.402079+00:00", "RecordID": "1142", "Level": "4", "UserID": "S-1-5-18", "EventData.UploadDuration": "15640", "EventData.PayloadSize": "4637", "EventData.Protocol": "Watson", "EventData.Stage": "s1event", "EventData.BytesUploaded": "4637", "EventData.ServerName": "umwatson.events.data.microsoft.com"}
{"EventID": "1", "Channel": "Microsoft-Windows-WER-PayloadHealth/Operational", "Provider_Name": "Microsoft-Windows-WER-PayloadHealth", "Computer": "DESKTOP-OFJ6N53", "TimeCreated": "2023-01-30 13:56:32.788168+00:00", "RecordID": "1143", "Level": "4", "UserID": "S-1-5-21-963789628-1060504924-4285088085-1001", "EventData.UploadDuration": "984", "EventData.PayloadSize": "4909", "EventData.Protocol": "Watson", "EventData.Stage": "s1event", "EventData.BytesUploaded": "4909", "EventData.ServerName": "umwatson.events.data.microsoft.com"}
{"EventID": "1", "Channel": "Microsoft-Windows-WER-PayloadHealth/Operational", "Provider_Name": "Microsoft-Windows-WER-PayloadHealth", "Computer": "DESKTOP-OFJ6N53", "TimeCreated": "2023-02-03 14:04:21.748825+00:00", "RecordID": "1144", "Level": "4", "UserID": "S-1-5-21-963789628-1060504924-4285088085-1001", "EventData.UploadDuration": "22265", "EventData.PayloadSize": "4281", "EventData.Protocol": "Watson", "EventData.Stage": "s1event", "EventData.BytesUploaded": "4281", "EventData.ServerName": "umwatson.events.data.microsoft.com"}
{"EventID": "1", "Channel": "Microsoft-Windows-WER-PayloadHealth/Operational", "Provider_Name": "Microsoft-Windows-WER-PayloadHealth", "Computer": "DESKTOP-OFJ6N53", "TimeCreated": "2023-02-06 14:03:13.737156+00:00", "RecordID": "1145", "Level": "4", "UserID": "S-1-5-21-963789628-1060504924-4285088085-1001", "EventData.UploadDuration": "1093", "EventData.PayloadSize": "5083", "EventData.Protocol": "Watson", "EventData.Stage": "s1event", "EventData.BytesUploaded": "5083", "EventData.ServerName": "umwatson.events.data.microsoft.com"}
{"EventID": "1", "Channel": "Microsoft-Windows-WER-PayloadHealth/Operational", "Provider_Name": "Microsoft-Windows-WER-PayloadHealth", "Computer": "DESKTOP-OFJ6N53", "TimeCreated": "2023-02-06 14:03:16.915052+00:00", "RecordID": "1146", "Level": "4", "UserID": "S-1-5-21-963789628-1060504924-4285088085-1001", "EventData.UploadDuration": "1531", "EventData.PayloadSize": "5129", "EventData.Protocol": "Watson", "EventData.Stage": "s1event", "EventData.BytesUploaded": "5129", "EventData.ServerName": "umwatson.events.data.microsoft.com"}
{"EventID": "1", "Channel": "Microsoft-Windows-WER-PayloadHealth/Operational", "Provider_Name": "Microsoft-Windows-WER-PayloadHealth", "Computer": "DESKTOP-OFJ6N53", "TimeCreated": "2023-02-14 14:23:53.751183+00:00", "RecordID": "1147", "Level": "4", "UserID": "S-1-5-21-963789628-1060504924-4285088085-1001", "EventData.UploadDuration": "30218", "EventData.PayloadSize": "4437", "EventData.Protocol": "Watson", "EventData.Stage": "s1event", "EventData.BytesUploaded": "4437", "EventData.ServerName": "umwatson.events.data.microsoft.com"}
{"EventID": "1", "Channel": "Microsoft-Windows-WER-PayloadHealth/Operational", "Provider_Name": "Microsoft-Windows-WER-PayloadHealth", "Computer": "DESKTOP-OFJ6N53", "TimeCreated": "2023-02-16 01:00:50.833416+00:00", "RecordID": "1148", "Level": "4", "UserID": "S-1-5-18", "EventData.UploadDuration": "6829", "EventData.PayloadSize": "4894", "EventData.Protocol": "Watson", "EventData.Stage": "s1event", "EventData.BytesUploaded": "4894", "EventData.ServerName": "umwatson.events.data.microsoft.com"}
{"EventID": "1", "Channel": "Microsoft-Windows-WER-PayloadHealth/Operational", "Provider_Name": "Microsoft-Windows-WER-PayloadHealth", "Computer": "DESKTOP-OFJ6N53", "TimeCreated": "2023-03-06 09:06:46.954962+00:00", "RecordID": "1149", "Level": "4", "UserID": "S-1-5-18", "EventData.UploadDuration": "782", "EventData.PayloadSize": "4437", "EventData.Protocol": "Watson", "EventData.Stage": "s1event", "EventData.BytesUploaded": "4437", "EventData.ServerName": "watson.events.data.microsoft.com"}
{"EventID": "1", "Channel": "Microsoft-Windows-WER-PayloadHealth/Operational", "Provider_Name": "Microsoft-Windows-WER-PayloadHealth", "Computer": "DESKTOP-OFJ6N53", "TimeCreated": "2023-03-15 00:29:50.473663+00:00", "RecordID": "1150", "Level": "4", "UserID": "S-1-5-21-963789628-1060504924-4285088085-1001", "EventData.UploadDuration": "11687", "EventData.PayloadSize": "4965", "EventData.Protocol": "Watson", "EventData.Stage": "s1event", "EventData.BytesUploaded": "4965", "EventData.ServerName": "watson.events.data.microsoft.com"}
{"EventID": "1", "Channel": "Microsoft-Windows-WER-PayloadHealth/Operational", "Provider_Name": "Microsoft-Windows-WER-PayloadHealth", "Computer": "DESKTOP-OFJ6N53", "TimeCreated": "2023-03-15 02:42:26.348751+00:00", "RecordID": "1151", "Level": "4", "UserID": "S-1-5-21-963789628-1060504924-4285088085-1001", "EventData.UploadDuration": "1563", "EventData.PayloadSize": "4887", "EventData.Protocol": "Watson", "EventData.Stage": "s1event", "EventData.BytesUploaded": "4887", "EventData.ServerName": "watson.events.data.microsoft.com"}
{"EventID": "1", "Channel": "Microsoft-Windows-WER-PayloadHealth/Operational", "Provider_Name": "Microsoft-Windows-WER-PayloadHealth", "Computer": "DESKTOP-OFJ6N53", "TimeCreated": "2023-03-15 10:27:15.948273+00:00", "RecordID": "1152", "Level": "4", "UserID": "S-1-5-21-963789628-1060504924-4285088085-1001", "EventData.UploadDuration": "3672", "EventData.PayloadSize": "4650", "EventData.Protocol": "Watson", "EventData.Stage": "s1event", "EventData.BytesUploaded": "4650", "EventData.ServerName": "watson.events.data.microsoft.com"}
{"EventID": "1", "Channel": "Microsoft-Windows-WER-PayloadHealth/Operational", "Provider_Name": "Microsoft-Windows-WER-PayloadHealth", "Computer": "DESKTOP-OFJ6N53", "TimeCreated": "2023-03-17 13:54:16.783062+00:00", "RecordID": "1153", "Level": "4", "UserID": "S-1-5-21-963789628-1060504924-4285088085-1001", "EventData.UploadDuration": "3671", "EventData.PayloadSize": "4966", "EventData.Protocol": "Watson", "EventData.Stage": "s1event", "EventData.BytesUploaded": "4966", "EventData.ServerName": "watson.events.data.microsoft.com"}
{"EventID": "1", "Channel": "Microsoft-Windows-WER-PayloadHealth/Operational", "Provider_Name": "Microsoft-Windows-WER-PayloadHealth", "Computer": "DESKTOP-OFJ6N53", "TimeCreated": "2023-03-17 13:54:20.522070+00:00", "RecordID": "1154", "Level": "4", "UserID": "S-1-5-21-963789628-1060504924-4285088085-1001", "EventData.UploadDuration": "2016", "EventData.PayloadSize": "4650", "EventData.Protocol": "Watson", "EventData.Stage": "s1event", "EventData.BytesUploaded": "4650", "EventData.ServerName": "watson.events.data.microsoft.com"}
{"EventID": "1", "Channel": "Microsoft-Windows-WER-PayloadHealth/Operational", "Provider_Name": "Microsoft-Windows-WER-PayloadHealth", "Computer": "DESKTOP-OFJ6N53", "TimeCreated": "2023-03-19 01:04:51.013662+00:00", "RecordID": "1155", "Level": "4", "UserID": "S-1-5-21-963789628-1060504924-4285088085-1001", "EventData.UploadDuration": "2094", "EventData.PayloadSize": "4653", "EventData.Protocol": "Watson", "EventData.Stage": "s1event", "EventData.BytesUploaded": "4653", "EventData.ServerName": "watson.events.data.microsoft.com"}
{"EventID": "1", "Channel": "Microsoft-Windows-WER-PayloadHealth/Operational", "Provider_Name": "Microsoft-Windows-WER-PayloadHealth", "Computer": "DESKTOP-OFJ6N53", "TimeCreated": "2023-03-19 12:42:10.554220+00:00", "RecordID": "1156", "Level": "4", "UserID": "S-1-5-21-963789628-1060504924-4285088085-1001", "EventData.UploadDuration": "5157", "EventData.PayloadSize": "3645", "EventData.Protocol": "OCA", "EventData.Stage": "request-upload/minidump", "EventData.BytesUploaded": "3645", "EventData.ServerName": "watson.events.data.microsoft.com"}
{"EventID": "1", "Channel": "Microsoft-Windows-WER-PayloadHealth/Operational", "Provider_Name": "Microsoft-Windows-WER-PayloadHealth", "Computer": "DESKTOP-OFJ6N53", "TimeCreated": "2023-03-19 12:42:28.543879+00:00", "RecordID": "1157", "Level": "4", "UserID": "S-1-5-21-963789628-1060504924-4285088085-1001", "EventData.UploadDuration": "17797", "EventData.PayloadSize": "170093", "EventData.Protocol": "OCA", "EventData.Stage": "data-upload/minidump", "EventData.BytesUploaded": "170093", "EventData.ServerName": "watson.events.data.microsoft.com"}
{"EventID": "1", "Channel": "Microsoft-Windows-WER-PayloadHealth/Operational", "Provider_Name": "Microsoft-Windows-WER-PayloadHealth", "Computer": "DESKTOP-OFJ6N53", "TimeCreated": "2023-03-23 09:50:20.289885+00:00", "RecordID": "1158", "Level": "4", "UserID": "S-1-5-21-963789628-1060504924-4285088085-1001", "EventData.UploadDuration": "1719", "EventData.PayloadSize": "4965", "EventData.Protocol": "Watson", "EventData.Stage": "s1event", "EventData.BytesUploaded": "4965", "EventData.ServerName": "watson.events.data.microsoft.com"}
{"EventID": "1", "Channel": "Microsoft-Windows-WER-PayloadHealth/Operational", "Provider_Name": "Microsoft-Windows-WER-PayloadHealth", "Computer": "DESKTOP-OFJ6N53", "TimeCreated": "2023-03-23 11:16:59.056757+00:00", "RecordID": "1159", "Level": "4", "UserID": "S-1-5-21-963789628-1060504924-4285088085-1001", "EventData.UploadDuration": "2906", "EventData.PayloadSize": "4651", "EventData.Protocol": "Watson", "EventData.Stage": "s1event", "EventData.BytesUploaded": "4651", "EventData.ServerName": "watson.events.data.microsoft.com"}
{"EventID": "1", "Channel": "Microsoft-Windows-WER-PayloadHealth/Operational", "Provider_Name": "Microsoft-Windows-WER-PayloadHealth", "Computer": "DESKTOP-OFJ6N53", "TimeCreated": "2023-03-28 07:51:13.355297+00:00", "RecordID": "1160", "Level": "4", "UserID": "S-1-5-21-963789628-1060504924-4285088085-1001", "EventData.UploadDuration": "2422", "EventData.PayloadSize": "4650", "EventData.Protocol": "Watson", "EventData.Stage": "s1event", "EventData.BytesUploaded": "4650", "EventData.ServerName": "watson.events.data.microsoft.com"}
{"EventID": "1", "Channel": "Microsoft-Windows-WER-PayloadHealth/Operational", "Provider_Name": "Microsoft-Windows-WER-PayloadHealth", "Computer": "DESKTOP-OFJ6N53", "TimeCreated": "2023-03-28 07:51:58.065393+00:00", "RecordID": "1161", "Level": "4", "UserID": "S-1-5-21-963789628-1060504924-4285088085-1001", "EventData.UploadDuration": "8125", "EventData.PayloadSize": "4281", "EventData.Protocol": "Watson", "EventData.Stage": "s1event", "EventData.BytesUploaded": "4281", "EventData.ServerName": "watson.events.data.microsoft.com"}
{"EventID": "1", "Channel": "Microsoft-Windows-WER-PayloadHealth/Operational", "Provider_Name": "Microsoft-Windows-WER-PayloadHealth", "Computer": "DESKTOP-OFJ6N53", "TimeCreated": "2023-03-28 15:44:34.721306+00:00", "RecordID": "1162", "Level": "4", "UserID": "S-1-5-21-963789628-1060504924-4285088085-1001", "EventData.UploadDuration": "22454", "EventData.PayloadSize": "4652", "EventData.Protocol": "Watson", "EventData.Stage": "s1event", "EventData.BytesUploaded": "4652", "EventData.ServerName": "watson.events.data.microsoft.com"}
{"EventID": "1", "Channel": "Microsoft-Windows-WER-PayloadHealth/Operational", "Provider_Name": "Microsoft-Windows-WER-PayloadHealth", "Computer": "DESKTOP-OFJ6N53", "TimeCreated": "2023-03-29 10:48:15.568533+00:00", "RecordID": "1163", "Level": "4", "UserID": "S-1-5-21-963789628-1060504924-4285088085-1001", "EventData.UploadDuration": "2547", "EventData.PayloadSize": "4652", "EventData.Protocol": "Watson", "EventData.Stage": "s1event", "EventData.BytesUploaded": "4652", "EventData.ServerName": "watson.events.data.microsoft.com"}
{"EventID": "1", "Channel": "Microsoft-Windows-WER-PayloadHealth/Operational", "Provider_Name": "Microsoft-Windows-WER-PayloadHealth", "Computer": "DESKTOP-OFJ6N53", "TimeCreated": "2023-03-30 01:46:48.474264+00:00", "RecordID": "1164", "Level": "4", "UserID": "S-1-5-21-963789628-1060504924-4285088085-1001", "EventData.UploadDuration": "1359", "EventData.PayloadSize": "3645", "EventData.Protocol": "OCA", "EventData.Stage": "request-upload/minidump", "EventData.BytesUploaded": "3645", "EventData.ServerName": "watson.events.data.microsoft.com"}
