{"EventID": "1041", "Channel": "Microsoft-Windows-RemoteApp and Desktop Connections/Operational", "Provider_Name": "Microsoft-Windows-RemoteApp and Desktop Connections", "Computer": "DESKTOP-OFJ6N53", "TimeCreated": "2022-11-29 09:41:44.426397+00:00", "RecordID": "1", "Level": "3", "UserID": "S-1-5-21-963789628-1060504924-4285088085-1001"}
{"EventID": "1027", "Channel": "Microsoft-Windows-RemoteApp and Desktop Connections/Operational", "Provider_Name": "Microsoft-Windows-RemoteApp and Desktop Connections", "Computer": "DESKTOP-OFJ6N53", "TimeCreated": "2022-11-29 09:44:06.758898+00:00", "RecordID": "2", "Level": "4", "UserID": "S-1-5-21-963789628-1060504924-4285088085-1001"}
{"EventID": "1034", "Channel": "Microsoft-Windows-RemoteApp and Desktop Connections/Operational", "Provider_Name": "Microsoft-Windows-RemoteApp and Desktop Connections", "Computer": "DESKTOP-OFJ6N53", "TimeCreated": "2022-11-29 09:44:06.762253+00:00", "RecordID": "3", "Level": "4", "UserID": "S-1-5-21-963789628-1060504924-4285088085-1001"}
{"EventID": "1037", "Channel": "Microsoft-Windows-RemoteApp and Desktop Connections/Operational", "Provider_Name": "Microsoft-Windows-RemoteApp and Desktop Connections", "Computer": "DESKTOP-OFJ6N53", "TimeCreated": "2022-11-29 11:59:00.087875+00:00", "RecordID": "4", "Level": "4", "UserID": "S-1-5-21-963789628-1060504924-4285088085-1001"}
{"EventID": "1041", "Channel": "Microsoft-Windows-RemoteApp and Desktop Connections/Operational", "Provider_Name": "Microsoft-Windows-RemoteApp and Desktop Connections", "Computer": "DESKTOP-OFJ6N53", "TimeCreated": "2022-12-01 10:01:01.176228+00:00", "RecordID": "5", "Level": "3", "UserID": "S-1-5-21-963789628-1060504924-4285088085-1001"}
{"EventID": "1027", "Channel": "Microsoft-Windows-RemoteApp and Desktop Connections/Operational", "Provider_Name": "Microsoft-Windows-RemoteApp and Desktop Connections", "Computer": "DESKTOP-OFJ6N53", "TimeCreated": "2022-12-01 10:11:33.958622+00:00", "RecordID": "6", "Level": "4", "UserID": "S-1-5-21-963789628-1060504924-4285088085-1001"}
{"EventID": "1034", "Channel": "Microsoft-Windows-RemoteApp and Desktop Connections/Operational", "Provider_Name": "Microsoft-Windows-RemoteApp and Desktop Connections", "Computer": "DESKTOP-OFJ6N53", "TimeCreated": "2022-12-01 10:11:33.962273+00:00", "RecordID": "7", "Level": "4", "UserID": "S-1-5-21-963789628-1060504924-4285088085-1001"}
{"EventID": "1037", "Channel": "Microsoft-Windows-RemoteApp and Desktop Connections/Operational", "Provider_Name": "Microsoft-Windows-RemoteApp and Desktop Connections", "Computer": "DESKTOP-OFJ6N53", "TimeCreated": "2022-12-01 10:29:41.100645+00:00", "RecordID": "8", "Level": "4", "UserID": "S-1-5-21-963789628-1060504924-4285088085-1001"}
{"EventID": "1041", "Channel": "Microsoft-Windows-RemoteApp and Desktop Connections/Operational", "Provider_Name": "Microsoft-Windows-RemoteApp and Desktop Connections", "Computer": "DESKTOP-OFJ6N53", "TimeCreated": "2022-12-01 10:29:49.918777+00:00", "RecordID": "9", "Level": "3", "UserID": "S-1-5-21-963789628-1060504924-4285088085-1001"}
{"EventID": "1027", "Channel": "Microsoft-Windows-RemoteApp and Desktop Connections/Operational", "Provider_Name": "Microsoft-Windows-RemoteApp and Desktop Connections", "Computer": "DESKTOP-OFJ6N53", "TimeCreated": "2022-12-01 10:37:18.340815+00:00", "RecordID": "10", "Level": "4", "UserID": "S-1-5-21-963789628-1060504924-4285088085-1001"}
{"EventID": "1034", "Channel": "Microsoft-Windows-RemoteApp and Desktop Connections/Operational", "Provider_Name": "Microsoft-Windows-RemoteApp and Desktop Connections", "Computer": "DESKTOP-OFJ6N53", "TimeCreated": "2022-12-01 10:37:18.345522+00:00", "RecordID": "11", "Level": "4", "UserID": "S-1-5-21-963789628-1060504924-4285088085-1001"}
{"EventID": "1037", "Channel": "Microsoft-Windows-RemoteApp and Desktop Connections/Operational", "Provider_Name": "Microsoft-Windows-RemoteApp and Desktop Connections", "Computer": "DESKTOP-OFJ6N53", "TimeCreated": "2022-12-01 11:51:19.080652+00:00", "RecordID": "12", "Level": "4", "UserID": "S-1-5-21-963789628-1060504924-4285088085-1001"}
{"EventID": "1041", "Channel": "Microsoft-Windows-RemoteApp and Desktop Connections/Operational", "Provider_Name": "Microsoft-Windows-RemoteApp and Desktop Connections", "Computer": "DESKTOP-OFJ6N53", "TimeCreated": "2023-01-18 13:52:56.536024+00:00", "RecordID": "13", "Level": "3", "UserID": "S-1-5-21-963789628-1060504924-4285088085-1001"}
{"EventID": "1041", "Channel": "Microsoft-Windows-RemoteApp and Desktop Connections/Operational", "Provider_Name": "Microsoft-Windows-RemoteApp and Desktop Connections", "Computer": "DESKTOP-OFJ6N53", "TimeCreated": "2024-05-03 10:25:09.339743+00:00", "RecordID": "14", "Level": "3", "UserID": "S-1-5-21-963789628-1060504924-4285088085-1001"}
{"EventID": "1041", "Channel": "Microsoft-Windows-RemoteApp and Desktop Connections/Operational", "Provider_Name": "Microsoft-Windows-RemoteApp and Desktop Connections", "Computer": "DESKTOP-OFJ6N53", "TimeCreated": "2024-05-03 10:26:07.736967+00:00", "RecordID": "15", "Level": "3", "UserID": "S-1-5-21-963789628-1060504924-4285088085-1001"}
{"EventID": "1027", "Channel": "Microsoft-Windows-RemoteApp and Desktop Connections/Operational", "Provider_Name": "Microsoft-Windows-RemoteApp and Desktop Connections", "Computer": "DESKTOP-OFJ6N53", "TimeCreated": "2024-05-03 10:26:52.734407+00:00", "RecordID": "16", "Level": "4", "UserID": "S-1-5-21-963789628-1060504924-4285088085-1001"}
{"EventID": "1034", "Channel": "Microsoft-Windows-RemoteApp and Desktop Connections/Operational", "Provider_Name": "Microsoft-Windows-RemoteApp and Desktop Connections", "Computer": "DESKTOP-OFJ6N53", "TimeCreated": "2024-05-03 10:26:52.746138+00:00", "RecordID": "17", "Level": "4", "UserID": "S-1-5-21-963789628-1060504924-4285088085-1001"}
{"EventID": "1037", "Channel": "Microsoft-Windows-RemoteApp and Desktop Connections/Operational", "Provider_Name": "Microsoft-Windows-RemoteApp and Desktop Connections", "Computer": "DESKTOP-OFJ6N53", "TimeCreated": "2024-05-03 10:38:06.315819+00:00", "RecordID": "18", "Level": "4", "UserID": "S-1-5-21-963789628-1060504924-4285088085-1001"}
{"EventID": "1041", "Channel": "Microsoft-Windows-RemoteApp and Desktop Connections/Operational", "Provider_Name": "Microsoft-Windows-RemoteApp and Desktop Connections", "Computer": "DESKTOP-OFJ6N53", "TimeCreated": "2024-05-03 10:41:25.918226+00:00", "RecordID": "19", "Level": "3", "UserID": "S-1-5-21-963789628-1060504924-4285088085-1001"}
{"EventID": "1027", "Channel": "Microsoft-Windows-RemoteApp and Desktop Connections/Operational", "Provider_Name": "Microsoft-Windows-RemoteApp and Desktop Connections", "Computer": "DESKTOP-OFJ6N53", "TimeCreated": "2024-05-03 10:42:04.206121+00:00", "RecordID": "20", "Level": "4", "UserID": "S-1-5-21-963789628-1060504924-4285088085-1001"}
{"EventID": "1034", "Channel": "Microsoft-Windows-RemoteApp and Desktop Connections/Operational", "Provider_Name": "Microsoft-Windows-RemoteApp and Desktop Connections", "Computer": "DESKTOP-OFJ6N53", "TimeCreated": "2024-05-03 10:42:04.215576+00:00", "RecordID": "21", "Level": "4", "UserID": "S-1-5-21-963789628-1060504924-4285088085-1001"}
{"EventID": "1037", "Channel": "Microsoft-Windows-RemoteApp and Desktop Connections/Operational", "Provider_Name": "Microsoft-Windows-RemoteApp and Desktop Connections", "Computer": "DESKTOP-OFJ6N53", "TimeCreated": "2024-05-08 08:53:38.491426+00:00", "RecordID": "22", "Level": "4", "UserID": "S-1-5-21-963789628-1060504924-4285088085-1001"}
{"EventID": "1041", "Channel": "Microsoft-Windows-RemoteApp and Desktop Connections/Operational", "Provider_Name": "Microsoft-Windows-RemoteApp and Desktop Connections", "Computer": "DESKTOP-OFJ6N53", "TimeCreated": "2024-09-25 14:38:56.819258+00:00", "RecordID": "23", "Level": "3", "UserID": "S-1-5-21-963789628-1060504924-4285088085-1001"}
{"EventID": "1027", "Channel": "Microsoft-Windows-RemoteApp and Desktop Connections/Operational", "Provider_Name": "Microsoft-Windows-RemoteApp and Desktop Connections", "Computer": "DESKTOP-OFJ6N53", "TimeCreated": "2024-09-25 14:39:17.526308+00:00", "RecordID": "24", "Level": "4", "UserID": "S-1-5-21-963789628-1060504924-4285088085-1001"}
{"EventID": "1034", "Channel": "Microsoft-Windows-RemoteApp and Desktop Connections/Operational", "Provider_Name": "Microsoft-Windows-RemoteApp and Desktop Connections", "Computer": "DESKTOP-OFJ6N53", "TimeCreated": "2024-09-25 14:39:17.527140+00:00", "RecordID": "25", "Level": "4", "UserID": "S-1-5-21-963789628-1060504924-4285088085-1001"}
{"EventID": "1037", "Channel": "Microsoft-Windows-RemoteApp and Desktop Connections/Operational", "Provider_Name": "Microsoft-Windows-RemoteApp and Desktop Connections", "Computer": "DESKTOP-OFJ6N53", "TimeCreated": "2024-09-25 15:00:50.526066+00:00", "RecordID": "26", "Level": "4", "UserID": "S-1-5-21-963789628-1060504924-4285088085-1001"}
