{"EventID": "238", "Channel": "Microsoft-Windows-AppReadiness/Admin", "Provider_Name": "Microsoft-Windows-AppReadiness", "Computer": "DESKTOP-OFJ6N53", "TimeCreated": "2023-01-23 10:03:38.604513+00:00", "RecordID": "2019", "Level": "4", "UserID": "S-1-5-21-963789628-1060504924-4285088085-1001", "EventData.ExitCode": "0x00000000"}
{"EventID": "240", "Channel": "Microsoft-Windows-AppReadiness/Admin", "Provider_Name": "Microsoft-Windows-AppReadiness", "Computer": "DESKTOP-OFJ6N53", "TimeCreated": "2023-01-23 10:03:38.611200+00:00", "RecordID": "2020", "Level": "4", "UserID": "S-1-5-18", "EventData.User": "S-1-5-21-963789628-1060504924-4285088085-1001", "EventData.TaskId": "install::Microsoft.MicrosoftStickyNotes_8wekyb3d8bbwe", "EventData.TaskCount": "1"}
{"EventID": "240", "Channel": "Microsoft-Windows-AppReadiness/Admin", "Provider_Name": "Microsoft-Windows-AppReadiness", "Computer": "DESKTOP-OFJ6N53", "TimeCreated": "2023-01-23 10:03:38.666267+00:00", "RecordID": "2021", "Level": "4", "UserID": "S-1-5-18", "EventData.User": "S-1-5-21-963789628-1060504924-4285088085-1001", "EventData.TaskId": "PreviewTiles", "EventData.TaskCount": "2"}
{"EventID": "240", "Channel": "Microsoft-Windows-AppReadiness/Admin", "Provider_Name": "Microsoft-Windows-AppReadiness", "Computer": "DESKTOP-OFJ6N53", "TimeCreated": "2023-01-23 10:03:38.666403+00:00", "RecordID": "2022", "Level": "4", "UserID": "S-1-5-18", "EventData.User": "S-1-5-21-963789628-1060504924-4285088085-1001", "EventData.TaskId": "install::Microsoft.MicrosoftOfficeHub_8wekyb3d8bbwe", "EventData.TaskCount": "3"}
{"EventID": "240", "Channel": "Microsoft-Windows-AppReadiness/Admin", "Provider_Name": "Microsoft-Windows-AppReadiness", "Computer": "DESKTOP-OFJ6N53", "TimeCreated": "2023-01-23 10:03:38.666758+00:00", "RecordID": "2023", "Level": "4", "UserID": "S-1-5-18", "EventData.User": "S-1-5-21-963789628-1060504924-4285088085-1001", "EventData.TaskId": "install::Microsoft.YourPhone_8wekyb3d8bbwe", "EventData.TaskCount": "4"}
{"EventID": "240", "Channel": "Microsoft-Windows-AppReadiness/Admin", "Provider_Name": "Microsoft-Windows-AppReadiness", "Computer": "DESKTOP-OFJ6N53", "TimeCreated": "2023-01-23 10:03:38.667002+00:00", "RecordID": "2024", "Level": "4", "UserID": "S-1-5-18", "EventData.User": "S-1-5-21-963789628-1060504924-4285088085-1001", "EventData.TaskId": "install::Microsoft.MicrosoftEdge.Stable_8wekyb3d8bbwe", "EventData.TaskCount": "5"}
{"EventID": "210", "Channel": "Microsoft-Windows-AppReadiness/Admin", "Provider_Name": "Microsoft-Windows-AppReadiness", "Computer": "DESKTOP-OFJ6N53", "TimeCreated": "2023-01-23 10:03:38.678421+00:00", "RecordID": "2025", "Level": "4", "UserID": "S-1-5-18", "EventData.User": "S-1-5-21-963789628-1060504924-4285088085-1001"}
{"EventID": "240", "Channel": "Microsoft-Windows-AppReadiness/Admin", "Provider_Name": "Microsoft-Windows-AppReadiness", "Computer": "DESKTOP-OFJ6N53", "TimeCreated": "2023-01-23 10:03:38.678555+00:00", "RecordID": "2026", "Level": "4", "UserID": "S-1-5-18", "EventData.User": "S-1-5-21-963789628-1060504924-4285088085-1001", "EventData.TaskId": "ART:UserLogon", "EventData.TaskCount": "6"}
{"EventID": "216", "Channel": "Microsoft-Windows-AppReadiness/Admin", "Provider_Name": "Microsoft-Windows-AppReadiness", "Computer": "DESKTOP-OFJ6N53", "TimeCreated": "2023-01-23 10:03:38.738432+00:00", "RecordID": "2027", "Level": "4", "UserID": "S-1-5-18", "EventData.User": "S-1-5-21-963789628-1060504924-4285088085-1001", "EventData.ResumeAt": "2023-01-23 13:04:08.727999+00:00"}
{"EventID": "241", "Channel": "Microsoft-Windows-AppReadiness/Admin", "Provider_Name": "Microsoft-Windows-AppReadiness", "Computer": "DESKTOP-OFJ6N53", "TimeCreated": "2023-01-23 10:03:38.738586+00:00", "RecordID": "2028", "Level": "4", "UserID": "S-1-5-18", "EventData.User": "S-1-5-21-963789628-1060504924-4285088085-1001", "EventData.TaskId": "ART:UserLogon", "EventData.TaskCount": "5"}
{"EventID": "220", "Channel": "Microsoft-Windows-AppReadiness/Admin", "Provider_Name": "Microsoft-Windows-AppReadiness", "Computer": "DESKTOP-OFJ6N53", "TimeCreated": "2023-01-23 10:03:38.738588+00:00", "RecordID": "2029", "Level": "4", "UserID": "S-1-5-18", "EventData.Username": "S-1-5-21-963789628-1060504924-4285088085-1001", "EventData.Task": "ART:UserLogon", "EventData.Elapsed": "0.060506"}
{"EventID": "240", "Channel": "Microsoft-Windows-AppReadiness/Admin", "Provider_Name": "Microsoft-Windows-AppReadiness", "Computer": "DESKTOP-OFJ6N53", "TimeCreated": "2023-01-23 10:04:07.676451+00:00", "RecordID": "2030", "Level": "4", "UserID": "S-1-5-18", "EventData.User": "S-1-5-21-963789628-1060504924-4285088085-1001", "EventData.TaskId": "ART:OemFirstRun", "EventData.TaskCount": "6"}
{"EventID": "209", "Channel": "Microsoft-Windows-AppReadiness/Admin", "Provider_Name": "Microsoft-Windows-AppReadiness", "Computer": "DESKTOP-OFJ6N53", "TimeCreated": "2023-01-23 10:04:07.709002+00:00", "RecordID": "2031", "Level": "4", "UserID": "S-1-5-18", "EventData.User": "S-1-5-21-963789628-1060504924-4285088085-1001", "EventData.From": "0", "EventData.To": "1"}
{"EventID": "209", "Channel": "Microsoft-Windows-AppReadiness/Admin", "Provider_Name": "Microsoft-Windows-AppReadiness", "Computer": "DESKTOP-OFJ6N53", "TimeCreated": "2023-01-23 10:04:07.790768+00:00", "RecordID": "2032", "Level": "4", "UserID": "S-1-5-18", "EventData.User": "S-1-5-21-963789628-1060504924-4285088085-1001", "EventData.From": "1", "EventData.To": "2"}
{"EventID": "234", "Channel": "Microsoft-Windows-AppReadiness/Admin", "Provider_Name": "Microsoft-Windows-AppReadiness", "Computer": "DESKTOP-OFJ6N53", "TimeCreated": "2023-01-23 10:04:07.823761+00:00", "RecordID": "2033", "Level": "4", "UserID": "S-1-5-18", "EventData.ExitCode": "0x00000000"}
{"EventID": "241", "Channel": "Microsoft-Windows-AppReadiness/Admin", "Provider_Name": "Microsoft-Windows-AppReadiness", "Computer": "DESKTOP-OFJ6N53", "TimeCreated": "2023-01-23 10:04:10.512362+00:00", "RecordID": "2034", "Level": "4", "UserID": "S-1-5-18", "EventData.User": "S-1-5-21-963789628-1060504924-4285088085-1001", "EventData.TaskId": "PreviewTiles", "EventData.TaskCount": "5"}
{"EventID": "220", "Channel": "Microsoft-Windows-AppReadiness/Admin", "Provider_Name": "Microsoft-Windows-AppReadiness", "Computer": "DESKTOP-OFJ6N53", "TimeCreated": "2023-01-23 10:04:10.512365+00:00", "RecordID": "2035", "Level": "4", "UserID": "S-1-5-18", "EventData.Username": "S-1-5-21-963789628-1060504924-4285088085-1001", "EventData.Task": "PreviewTiles", "EventData.Elapsed": "1.0163399"}
{"EventID": "241", "Channel": "Microsoft-Windows-AppReadiness/Admin", "Provider_Name": "Microsoft-Windows-AppReadiness", "Computer": "DESKTOP-OFJ6N53", "TimeCreated": "2023-01-23 10:04:20.377802+00:00", "RecordID": "2036", "Level": "4", "UserID": "S-1-5-18", "EventData.User": "S-1-5-21-963789628-1060504924-4285088085-1001", "EventData.TaskId": "install::Microsoft.MicrosoftEdge.Stable_8wekyb3d8bbwe", "EventData.TaskCount": "4"}
{"EventID": "213", "Channel": "Microsoft-Windows-AppReadiness/Admin", "Provider_Name": "Microsoft-Windows-AppReadiness", "Computer": "DESKTOP-OFJ6N53", "TimeCreated": "2023-01-23 10:04:20.377806+00:00", "RecordID": "2037", "Level": "4", "UserID": "S-1-5-18", "EventData.Username": "S-1-5-21-963789628-1060504924-4285088085-1001", "EventData.Package": "Microsoft.MicrosoftEdge.Stable_8wekyb3d8bbwe", "EventData.Operation": "1", "EventData.Elapsed": "9.8588251"}
{"EventID": "241", "Channel": "Microsoft-Windows-AppReadiness/Admin", "Provider_Name": "Microsoft-Windows-AppReadiness", "Computer": "DESKTOP-OFJ6N53", "TimeCreated": "2023-01-23 10:04:21.039461+00:00", "RecordID": "2038", "Level": "4", "UserID": "S-1-5-18", "EventData.User": "S-1-5-21-963789628-1060504924-4285088085-1001", "EventData.TaskId": "install::Microsoft.YourPhone_8wekyb3d8bbwe", "EventData.TaskCount": "3"}
{"EventID": "213", "Channel": "Microsoft-Windows-AppReadiness/Admin", "Provider_Name": "Microsoft-Windows-AppReadiness", "Computer": "DESKTOP-OFJ6N53", "TimeCreated": "2023-01-23 10:04:21.039465+00:00", "RecordID": "2039", "Level": "4", "UserID": "S-1-5-18", "EventData.Username": "S-1-5-21-963789628-1060504924-4285088085-1001", "EventData.Package": "Microsoft.YourPhone_8wekyb3d8bbwe", "EventData.Operation": "1", "EventData.Elapsed": "0.6561181"}
{"EventID": "241", "Channel": "Microsoft-Windows-AppReadiness/Admin", "Provider_Name": "Microsoft-Windows-AppReadiness", "Computer": "DESKTOP-OFJ6N53", "TimeCreated": "2023-01-23 10:05:08.547979+00:00", "RecordID": "2040", "Level": "4", "UserID": "S-1-5-18", "EventData.User": "S-1-5-21-963789628-1060504924-4285088085-1001", "EventData.TaskId": "install::Microsoft.MicrosoftOfficeHub_8wekyb3d8bbwe", "EventData.TaskCount": "2"}
{"EventID": "213", "Channel": "Microsoft-Windows-AppReadiness/Admin", "Provider_Name": "Microsoft-Windows-AppReadiness", "Computer": "DESKTOP-OFJ6N53", "TimeCreated": "2023-01-23 10:05:08.547983+00:00", "RecordID": "2041", "Level": "4", "UserID": "S-1-5-18", "EventData.Username": "S-1-5-21-963789628-1060504924-4285088085-1001", "EventData.Package": "Microsoft.MicrosoftOfficeHub_8wekyb3d8bbwe", "EventData.Operation": "1", "EventData.Elapsed": "47.5157951"}
{"EventID": "241", "Channel": "Microsoft-Windows-AppReadiness/Admin", "Provider_Name": "Microsoft-Windows-AppReadiness", "Computer": "DESKTOP-OFJ6N53", "TimeCreated": "2023-01-23 10:05:15.594418+00:00", "RecordID": "2042", "Level": "4", "UserID": "S-1-5-18", "EventData.User": "S-1-5-21-963789628-1060504924-4285088085-1001", "EventData.TaskId": "install::Microsoft.MicrosoftStickyNotes_8wekyb3d8bbwe", "EventData.TaskCount": "1"}
{"EventID": "213", "Channel": "Microsoft-Windows-AppReadiness/Admin", "Provider_Name": "Microsoft-Windows-AppReadiness", "Computer": "DESKTOP-OFJ6N53", "TimeCreated": "2023-01-23 10:05:15.594421+00:00", "RecordID": "2043", "Level": "4", "UserID": "S-1-5-18", "EventData.Username": "S-1-5-21-963789628-1060504924-4285088085-1001", "EventData.Package": "Microsoft.MicrosoftStickyNotes_8wekyb3d8bbwe", "EventData.Operation": "1", "EventData.Elapsed": "7.0352378"}
{"EventID": "211", "Channel": "Microsoft-Windows-AppReadiness/Admin", "Provider_Name": "Microsoft-Windows-AppReadiness", "Computer": "DESKTOP-OFJ6N53", "TimeCreated": "2023-01-23 10:05:15.594704+00:00", "RecordID": "2044", "Level": "4", "UserID": "S-1-5-18", "EventData.User": "S-1-5-21-963789628-1060504924-4285088085-1001"}
{"EventID": "241", "Channel": "Microsoft-Windows-AppReadiness/Admin", "Provider_Name": "Microsoft-Windows-AppReadiness", "Computer": "DESKTOP-OFJ6N53", "TimeCreated": "2023-01-23 10:05:15.596735+00:00", "RecordID": "2045", "Level": "4", "UserID": "S-1-5-18", "EventData.User": "S-1-5-21-963789628-1060504924-4285088085-1001", "EventData.TaskId": "ART:OemFirstRun", "EventData.TaskCount": "0"}
{"EventID": "220", "Channel": "Microsoft-Windows-AppReadiness/Admin", "Provider_Name": "Microsoft-Windows-AppReadiness", "Computer": "DESKTOP-OFJ6N53", "TimeCreated": "2023-01-23 10:05:15.596739+00:00", "RecordID": "2046", "Level": "4", "UserID": "S-1-5-18", "EventData.Username": "S-1-5-21-963789628-1060504924-4285088085-1001", "EventData.Task": "ART:OemFirstRun", "EventData.Elapsed": "0.0"}
{"EventID": "209", "Channel": "Microsoft-Windows-AppReadiness/Admin", "Provider_Name": "Microsoft-Windows-AppReadiness", "Computer": "DESKTOP-OFJ6N53", "TimeCreated": "2023-01-23 10:06:01.587273+00:00", "RecordID": "2047", "Level": "4", "UserID": "S-1-5-18", "EventData.User": "S-1-5-21-963789628-1060504924-4285088085-1001", "EventData.From": "2", "EventData.To": "3"}
{"EventID": "209", "Channel": "Microsoft-Windows-AppReadiness/Admin", "Provider_Name": "Microsoft-Windows-AppReadiness", "Computer": "DESKTOP-OFJ6N53", "TimeCreated": "2023-01-23 10:06:01.587288+00:00", "RecordID": "2048", "Level": "4", "UserID": "S-1-5-18", "EventData.User": "S-1-5-18", "EventData.From": "2", "EventData.To": "3"}
{"EventID": "101", "Channel": "Microsoft-Windows-AppReadiness/Admin", "Provider_Name": "Microsoft-Windows-AppReadiness", "Computer": "DESKTOP-OFJ6N53", "TimeCreated": "2023-01-23 10:06:01.602510+00:00", "RecordID": "2049", "Level": "4", "UserID": "S-1-5-18"}
{"EventID": "100", "Channel": "Microsoft-Windows-AppReadiness/Admin", "Provider_Name": "Microsoft-Windows-AppReadiness", "Computer": "DESKTOP-OFJ6N53", "TimeCreated": "2023-01-27 15:16:32.740013+00:00", "RecordID": "2050", "Level": "4", "UserID": "S-1-5-18"}
{"EventID": "240", "Channel": "Microsoft-Windows-AppReadiness/Admin", "Provider_Name": "Microsoft-Windows-AppReadiness", "Computer": "DESKTOP-OFJ6N53", "TimeCreated": "2023-01-27 15:16:32.773474+00:00", "RecordID": "2051", "Level": "4", "UserID": "S-1-5-18", "EventData.User": "S-1-5-18", "EventData.TaskId": "packageChanges-1", "EventData.TaskCount": "1"}
{"EventID": "109", "Channel": "Microsoft-Windows-AppReadiness/Admin", "Provider_Name": "Microsoft-Windows-AppReadiness", "Computer": "DESKTOP-OFJ6N53", "TimeCreated": "2023-01-27 15:16:32.778799+00:00", "RecordID": "2052", "Level": "4", "UserID": "S-1-5-18", "EventData.Source": "2", "EventData.Result": "0"}
{"EventID": "241", "Channel": "Microsoft-Windows-AppReadiness/Admin", "Provider_Name": "Microsoft-Windows-AppReadiness", "Computer": "DESKTOP-OFJ6N53", "TimeCreated": "2023-01-27 15:16:32.779285+00:00", "RecordID": "2053", "Level": "4", "UserID": "S-1-5-18", "EventData.User": "S-1-5-18", "EventData.TaskId": "packageChanges-1", "EventData.TaskCount": "0"}
{"EventID": "220", "Channel": "Microsoft-Windows-AppReadiness/Admin", "Provider_Name": "Microsoft-Windows-AppReadiness", "Computer": "DESKTOP-OFJ6N53", "TimeCreated": "2023-01-27 15:16:32.779291+00:00", "RecordID": "2054", "Level": "4", "UserID": "S-1-5-18", "EventData.Username": "S-1-5-18", "EventData.Task": "packageChanges-1", "EventData.Elapsed": "0.0"}
{"EventID": "211", "Channel": "Microsoft-Windows-AppReadiness/Admin", "Provider_Name": "Microsoft-Windows-AppReadiness", "Computer": "DESKTOP-OFJ6N53", "TimeCreated": "2023-01-27 15:16:32.779411+00:00", "RecordID": "2055", "Level": "4", "UserID": "S-1-5-18", "EventData.User": "S-1-5-18"}
{"EventID": "209", "Channel": "Microsoft-Windows-AppReadiness/Admin", "Provider_Name": "Microsoft-Windows-AppReadiness", "Computer": "DESKTOP-OFJ6N53", "TimeCreated": "2023-01-27 15:19:02.767218+00:00", "RecordID": "2056", "Level": "4", "UserID": "S-1-5-18", "EventData.User": "S-1-5-18", "EventData.From": "2", "EventData.To": "3"}
{"EventID": "101", "Channel": "Microsoft-Windows-AppReadiness/Admin", "Provider_Name": "Microsoft-Windows-AppReadiness", "Computer": "DESKTOP-OFJ6N53", "TimeCreated": "2023-01-27 15:19:02.783016+00:00", "RecordID": "2057", "Level": "4", "UserID": "S-1-5-18"}
{"EventID": "100", "Channel": "Microsoft-Windows-AppReadiness/Admin", "Provider_Name": "Microsoft-Windows-AppReadiness", "Computer": "DESKTOP-OFJ6N53", "TimeCreated": "2023-01-28 09:55:37.311438+00:00", "RecordID": "2058", "Level": "4", "UserID": "S-1-5-18"}
{"EventID": "209", "Channel": "Microsoft-Windows-AppReadiness/Admin", "Provider_Name": "Microsoft-Windows-AppReadiness", "Computer": "DESKTOP-OFJ6N53", "TimeCreated": "2023-01-28 09:55:37.430199+00:00", "RecordID": "2059", "Level": "4", "UserID": "S-1-5-18", "EventData.User": "S-1-5-21-963789628-1060504924-4285088085-1001", "EventData.From": "2", "EventData.To": "0"}
{"EventID": "232", "Channel": "Microsoft-Windows-AppReadiness/Admin", "Provider_Name": "Microsoft-Windows-AppReadiness", "Computer": "DESKTOP-OFJ6N53", "TimeCreated": "2023-01-28 09:55:37.565514+00:00", "RecordID": "2060", "Level": "4", "UserID": "S-1-5-18", "EventData.ExitCode": "0x00000000"}
{"EventID": "236", "Channel": "Microsoft-Windows-AppReadiness/Admin", "Provider_Name": "Microsoft-Windows-AppReadiness", "Computer": "DESKTOP-OFJ6N53", "TimeCreated": "2023-01-28 09:55:39.528196+00:00", "RecordID": "2061", "Level": "4", "UserID": "S-1-5-21-963789628-1060504924-4285088085-1001", "EventData.ExitCode": "0x00000000"}
{"EventID": "238", "Channel": "Microsoft-Windows-AppReadiness/Admin", "Provider_Name": "Microsoft-Windows-AppReadiness", "Computer": "DESKTOP-OFJ6N53", "TimeCreated": "2023-01-28 09:55:41.430298+00:00", "RecordID": "2062", "Level": "4", "UserID": "S-1-5-21-963789628-1060504924-4285088085-1001", "EventData.ExitCode": "0x00000000"}
{"EventID": "240", "Channel": "Microsoft-Windows-AppReadiness/Admin", "Provider_Name": "Microsoft-Windows-AppReadiness", "Computer": "DESKTOP-OFJ6N53", "TimeCreated": "2023-01-28 09:55:41.433859+00:00", "RecordID": "2063", "Level": "4", "UserID": "S-1-5-18", "EventData.User": "S-1-5-21-963789628-1060504924-4285088085-1001", "EventData.TaskId": "install::Microsoft.MicrosoftEdge.Stable_8wekyb3d8bbwe", "EventData.TaskCount": "1"}
{"EventID": "240", "Channel": "Microsoft-Windows-AppReadiness/Admin", "Provider_Name": "Microsoft-Windows-AppReadiness", "Computer": "DESKTOP-OFJ6N53", "TimeCreated": "2023-01-28 09:55:41.665802+00:00", "RecordID": "2064", "Level": "4", "UserID": "S-1-5-18", "EventData.User": "S-1-5-21-963789628-1060504924-4285088085-1001", "EventData.TaskId": "PreviewTiles", "EventData.TaskCount": "2"}
{"EventID": "240", "Channel": "Microsoft-Windows-AppReadiness/Admin", "Provider_Name": "Microsoft-Windows-AppReadiness", "Computer": "DESKTOP-OFJ6N53", "TimeCreated": "2023-01-28 09:55:41.666161+00:00", "RecordID": "2065", "Level": "4", "UserID": "S-1-5-18", "EventData.User": "S-1-5-21-963789628-1060504924-4285088085-1001", "EventData.TaskId": "ART:UserLogon", "EventData.TaskCount": "3"}
{"EventID": "216", "Channel": "Microsoft-Windows-AppReadiness/Admin", "Provider_Name": "Microsoft-Windows-AppReadiness", "Computer": "DESKTOP-OFJ6N53", "TimeCreated": "2023-01-28 09:55:41.673609+00:00", "RecordID": "2066", "Level": "4", "UserID": "S-1-5-18", "EventData.User": "S-1-5-21-963789628-1060504924-4285088085-1001", "EventData.ResumeAt": "2023-01-28 12:56:11.668999+00:00"}
{"EventID": "241", "Channel": "Microsoft-Windows-AppReadiness/Admin", "Provider_Name": "Microsoft-Windows-AppReadiness", "Computer": "DESKTOP-OFJ6N53", "TimeCreated": "2023-01-28 09:55:41.673798+00:00", "RecordID": "2067", "Level": "4", "UserID": "S-1-5-18", "EventData.User": "S-1-5-21-963789628-1060504924-4285088085-1001", "EventData.TaskId": "ART:UserLogon", "EventData.TaskCount": "2"}
{"EventID": "220", "Channel": "Microsoft-Windows-AppReadiness/Admin", "Provider_Name": "Microsoft-Windows-AppReadiness", "Computer": "DESKTOP-OFJ6N53", "TimeCreated": "2023-01-28 09:55:41.673801+00:00", "RecordID": "2068", "Level": "4", "UserID": "S-1-5-18", "EventData.Username": "S-1-5-21-963789628-1060504924-4285088085-1001", "EventData.Task": "ART:UserLogon", "EventData.Elapsed": "0.0056384"}
{"EventID": "240", "Channel": "Microsoft-Windows-AppReadiness/Admin", "Provider_Name": "Microsoft-Windows-AppReadiness", "Computer": "DESKTOP-OFJ6N53", "TimeCreated": "2023-01-28 09:56:11.421053+00:00", "RecordID": "2069", "Level": "4", "UserID": "S-1-5-18", "EventData.User": "S-1-5-21-963789628-1060504924-4285088085-1001", "EventData.TaskId": "ART:OemFirstRun", "EventData.TaskCount": "3"}
{"EventID": "209", "Channel": "Microsoft-Windows-AppReadiness/Admin", "Provider_Name": "Microsoft-Windows-AppReadiness", "Computer": "DESKTOP-OFJ6N53", "TimeCreated": "2023-01-28 09:56:12.130814+00:00", "RecordID": "2070", "Level": "4", "UserID": "S-1-5-18", "EventData.User": "S-1-5-21-963789628-1060504924-4285088085-1001", "EventData.From": "0", "EventData.To": "1"}
{"EventID": "209", "Channel": "Microsoft-Windows-AppReadiness/Admin", "Provider_Name": "Microsoft-Windows-AppReadiness", "Computer": "DESKTOP-OFJ6N53", "TimeCreated": "2023-01-28 09:56:12.475796+00:00", "RecordID": "2071", "Level": "4", "UserID": "S-1-5-18", "EventData.User": "S-1-5-21-963789628-1060504924-4285088085-1001", "EventData.From": "1", "EventData.To": "2"}
{"EventID": "234", "Channel": "Microsoft-Windows-AppReadiness/Admin", "Provider_Name": "Microsoft-Windows-AppReadiness", "Computer": "DESKTOP-OFJ6N53", "TimeCreated": "2023-01-28 09:56:12.553806+00:00", "RecordID": "2072", "Level": "4", "UserID": "S-1-5-18", "EventData.ExitCode": "0x00000000"}
{"EventID": "241", "Channel": "Microsoft-Windows-AppReadiness/Admin", "Provider_Name": "Microsoft-Windows-AppReadiness", "Computer": "DESKTOP-OFJ6N53", "TimeCreated": "2023-01-28 09:56:17.526289+00:00", "RecordID": "2073", "Level": "4", "UserID": "S-1-5-18", "EventData.User": "S-1-5-21-963789628-1060504924-4285088085-1001", "EventData.TaskId": "PreviewTiles", "EventData.TaskCount": "2"}
{"EventID": "220", "Channel": "Microsoft-Windows-AppReadiness/Admin", "Provider_Name": "Microsoft-Windows-AppReadiness", "Computer": "DESKTOP-OFJ6N53", "TimeCreated": "2023-01-28 09:56:17.526293+00:00", "RecordID": "2074", "Level": "4", "UserID": "S-1-5-18", "EventData.Username": "S-1-5-21-963789628-1060504924-4285088085-1001", "EventData.Task": "PreviewTiles", "EventData.Elapsed": "0.578126"}
{"EventID": "241", "Channel": "Microsoft-Windows-AppReadiness/Admin", "Provider_Name": "Microsoft-Windows-AppReadiness", "Computer": "DESKTOP-OFJ6N53", "TimeCreated": "2023-01-28 09:57:03.132935+00:00", "RecordID": "2075", "Level": "4", "UserID": "S-1-5-18", "EventData.User": "S-1-5-21-963789628-1060504924-4285088085-1001", "EventData.TaskId": "install::Microsoft.MicrosoftEdge.Stable_8wekyb3d8bbwe", "EventData.TaskCount": "1"}
{"EventID": "213", "Channel": "Microsoft-Windows-AppReadiness/Admin", "Provider_Name": "Microsoft-Windows-AppReadiness", "Computer": "DESKTOP-OFJ6N53", "TimeCreated": "2023-01-28 09:57:03.132940+00:00", "RecordID": "2076", "Level": "4", "UserID": "S-1-5-18", "EventData.Username": "S-1-5-21-963789628-1060504924-4285088085-1001", "EventData.Package": "Microsoft.MicrosoftEdge.Stable_8wekyb3d8bbwe", "EventData.Operation": "1", "EventData.Elapsed": "45.6041372"}
{"EventID": "211", "Channel": "Microsoft-Windows-AppReadiness/Admin", "Provider_Name": "Microsoft-Windows-AppReadiness", "Computer": "DESKTOP-OFJ6N53", "TimeCreated": "2023-01-28 09:57:03.133263+00:00", "RecordID": "2077", "Level": "4", "UserID": "S-1-5-18", "EventData.User": "S-1-5-21-963789628-1060504924-4285088085-1001"}
{"EventID": "241", "Channel": "Microsoft-Windows-AppReadiness/Admin", "Provider_Name": "Microsoft-Windows-AppReadiness", "Computer": "DESKTOP-OFJ6N53", "TimeCreated": "2023-01-28 09:57:03.135584+00:00", "RecordID": "2078", "Level": "4", "UserID": "S-1-5-18", "EventData.User": "S-1-5-21-963789628-1060504924-4285088085-1001", "EventData.TaskId": "ART:OemFirstRun", "EventData.TaskCount": "0"}
{"EventID": "220", "Channel": "Microsoft-Windows-AppReadiness/Admin", "Provider_Name": "Microsoft-Windows-AppReadiness", "Computer": "DESKTOP-OFJ6N53", "TimeCreated": "2023-01-28 09:57:03.135586+00:00", "RecordID": "2079", "Level": "4", "UserID": "S-1-5-18", "EventData.Username": "S-1-5-21-963789628-1060504924-4285088085-1001", "EventData.Task": "ART:OemFirstRun", "EventData.Elapsed": "0.0"}
{"EventID": "209", "Channel": "Microsoft-Windows-AppReadiness/Admin", "Provider_Name": "Microsoft-Windows-AppReadiness", "Computer": "DESKTOP-OFJ6N53", "TimeCreated": "2023-01-28 09:58:07.415098+00:00", "RecordID": "2080", "Level": "4", "UserID": "S-1-5-18", "EventData.User": "S-1-5-21-963789628-1060504924-4285088085-1001", "EventData.From": "2", "EventData.To": "3"}
{"EventID": "209", "Channel": "Microsoft-Windows-AppReadiness/Admin", "Provider_Name": "Microsoft-Windows-AppReadiness", "Computer": "DESKTOP-OFJ6N53", "TimeCreated": "2023-01-28 09:58:07.415106+00:00", "RecordID": "2081", "Level": "4", "UserID": "S-1-5-18", "EventData.User": "S-1-5-18", "EventData.From": "2", "EventData.To": "3"}
{"EventID": "101", "Channel": "Microsoft-Windows-AppReadiness/Admin", "Provider_Name": "Microsoft-Windows-AppReadiness", "Computer": "DESKTOP-OFJ6N53", "TimeCreated": "2023-01-28 09:58:07.430658+00:00", "RecordID": "2082", "Level": "4", "UserID": "S-1-5-18"}
{"EventID": "100", "Channel": "Microsoft-Windows-AppReadiness/Admin", "Provider_Name": "Microsoft-Windows-AppReadiness", "Computer": "DESKTOP-OFJ6N53", "TimeCreated": "2023-01-30 08:07:12.807121+00:00", "RecordID": "2083", "Level": "4", "UserID": "S-1-5-18"}
{"EventID": "209", "Channel": "Microsoft-Windows-AppReadiness/Admin", "Provider_Name": "Microsoft-Windows-AppReadiness", "Computer": "DESKTOP-OFJ6N53", "TimeCreated": "2023-01-30 08:07:12.856468+00:00", "RecordID": "2084", "Level": "4", "UserID": "S-1-5-18", "EventData.User": "S-1-5-21-963789628-1060504924-4285088085-1001", "EventData.From": "2", "EventData.To": "0"}
{"EventID": "232", "Channel": "Microsoft-Windows-AppReadiness/Admin", "Provider_Name": "Microsoft-Windows-AppReadiness", "Computer": "DESKTOP-OFJ6N53", "TimeCreated": "2023-01-30 08:07:12.869318+00:00", "RecordID": "2085", "Level": "4", "UserID": "S-1-5-18", "EventData.ExitCode": "0x00000000"}
{"EventID": "236", "Channel": "Microsoft-Windows-AppReadiness/Admin", "Provider_Name": "Microsoft-Windows-AppReadiness", "Computer": "DESKTOP-OFJ6N53", "TimeCreated": "2023-01-30 08:07:13.169033+00:00", "RecordID": "2086", "Level": "4", "UserID": "S-1-5-21-963789628-1060504924-4285088085-1001", "EventData.ExitCode": "0x00000000"}
{"EventID": "238", "Channel": "Microsoft-Windows-AppReadiness/Admin", "Provider_Name": "Microsoft-Windows-AppReadiness", "Computer": "DESKTOP-OFJ6N53", "TimeCreated": "2023-01-30 08:07:13.576639+00:00", "RecordID": "2087", "Level": "4", "UserID": "S-1-5-21-963789628-1060504924-4285088085-1001", "EventData.ExitCode": "0x00000000"}
{"EventID": "240", "Channel": "Microsoft-Windows-AppReadiness/Admin", "Provider_Name": "Microsoft-Windows-AppReadiness", "Computer": "DESKTOP-OFJ6N53", "TimeCreated": "2023-01-30 08:07:13.580812+00:00", "RecordID": "2088", "Level": "4", "UserID": "S-1-5-18", "EventData.User": "S-1-5-21-963789628-1060504924-4285088085-1001", "EventData.TaskId": "install::Microsoft.MicrosoftEdge.Stable_8wekyb3d8bbwe", "EventData.TaskCount": "1"}
{"EventID": "240", "Channel": "Microsoft-Windows-AppReadiness/Admin", "Provider_Name": "Microsoft-Windows-AppReadiness", "Computer": "DESKTOP-OFJ6N53", "TimeCreated": "2023-01-30 08:07:13.582571+00:00", "RecordID": "2089", "Level": "4", "UserID": "S-1-5-18", "EventData.User": "S-1-5-21-963789628-1060504924-4285088085-1001", "EventData.TaskId": "PreviewTiles", "EventData.TaskCount": "2"}
{"EventID": "210", "Channel": "Microsoft-Windows-AppReadiness/Admin", "Provider_Name": "Microsoft-Windows-AppReadiness", "Computer": "DESKTOP-OFJ6N53", "TimeCreated": "2023-01-30 08:07:13.582886+00:00", "RecordID": "2090", "Level": "4", "UserID": "S-1-5-18", "EventData.User": "S-1-5-21-963789628-1060504924-4285088085-1001"}
{"EventID": "240", "Channel": "Microsoft-Windows-AppReadiness/Admin", "Provider_Name": "Microsoft-Windows-AppReadiness", "Computer": "DESKTOP-OFJ6N53", "TimeCreated": "2023-01-30 08:07:13.583040+00:00", "RecordID": "2091", "Level": "4", "UserID": "S-1-5-18", "EventData.User": "S-1-5-21-963789628-1060504924-4285088085-1001", "EventData.TaskId": "ART:UserLogon", "EventData.TaskCount": "3"}
{"EventID": "216", "Channel": "Microsoft-Windows-AppReadiness/Admin", "Provider_Name": "Microsoft-Windows-AppReadiness", "Computer": "DESKTOP-OFJ6N53", "TimeCreated": "2023-01-30 08:07:13.588125+00:00", "RecordID": "2092", "Level": "4", "UserID": "S-1-5-18", "EventData.User": "S-1-5-21-963789628-1060504924-4285088085-1001", "EventData.ResumeAt": "2023-01-30 11:07:43.578999+00:00"}
{"EventID": "241", "Channel": "Microsoft-Windows-AppReadiness/Admin", "Provider_Name": "Microsoft-Windows-AppReadiness", "Computer": "DESKTOP-OFJ6N53", "TimeCreated": "2023-01-30 08:07:13.589403+00:00", "RecordID": "2093", "Level": "4", "UserID": "S-1-5-18", "EventData.User": "S-1-5-21-963789628-1060504924-4285088085-1001", "EventData.TaskId": "ART:UserLogon", "EventData.TaskCount": "2"}
{"EventID": "220", "Channel": "Microsoft-Windows-AppReadiness/Admin", "Provider_Name": "Microsoft-Windows-AppReadiness", "Computer": "DESKTOP-OFJ6N53", "TimeCreated": "2023-01-30 08:07:13.589405+00:00", "RecordID": "2094", "Level": "4", "UserID": "S-1-5-18", "EventData.Username": "S-1-5-21-963789628-1060504924-4285088085-1001", "EventData.Task": "ART:UserLogon", "EventData.Elapsed": "0.0"}
{"EventID": "240", "Channel": "Microsoft-Windows-AppReadiness/Admin", "Provider_Name": "Microsoft-Windows-AppReadiness", "Computer": "DESKTOP-OFJ6N53", "TimeCreated": "2023-01-30 08:07:18.367483+00:00", "RecordID": "2095", "Level": "4", "UserID": "S-1-5-18", "EventData.User": "S-1-5-21-963789628-1060504924-4285088085-1001", "EventData.TaskId": "ART:OemFirstRun", "EventData.TaskCount": "3"}
{"EventID": "209", "Channel": "Microsoft-Windows-AppReadiness/Admin", "Provider_Name": "Microsoft-Windows-AppReadiness", "Computer": "DESKTOP-OFJ6N53", "TimeCreated": "2023-01-30 08:07:18.371317+00:00", "RecordID": "2096", "Level": "4", "UserID": "S-1-5-18", "EventData.User": "S-1-5-21-963789628-1060504924-4285088085-1001", "EventData.From": "0", "EventData.To": "1"}
{"EventID": "209", "Channel": "Microsoft-Windows-AppReadiness/Admin", "Provider_Name": "Microsoft-Windows-AppReadiness", "Computer": "DESKTOP-OFJ6N53", "TimeCreated": "2023-01-30 08:07:18.388079+00:00", "RecordID": "2097", "Level": "4", "UserID": "S-1-5-18", "EventData.User": "S-1-5-21-963789628-1060504924-4285088085-1001", "EventData.From": "1", "EventData.To": "2"}
{"EventID": "234", "Channel": "Microsoft-Windows-AppReadiness/Admin", "Provider_Name": "Microsoft-Windows-AppReadiness", "Computer": "DESKTOP-OFJ6N53", "TimeCreated": "2023-01-30 08:07:18.389769+00:00", "RecordID": "2098", "Level": "4", "UserID": "S-1-5-18", "EventData.ExitCode": "0x00000000"}
{"EventID": "241", "Channel": "Microsoft-Windows-AppReadiness/Admin", "Provider_Name": "Microsoft-Windows-AppReadiness", "Computer": "DESKTOP-OFJ6N53", "TimeCreated": "2023-01-30 08:07:43.604980+00:00", "RecordID": "2099", "Level": "4", "UserID": "S-1-5-18", "EventData.User": "S-1-5-21-963789628-1060504924-4285088085-1001", "EventData.TaskId": "PreviewTiles", "EventData.TaskCount": "2"}
{"EventID": "220", "Channel": "Microsoft-Windows-AppReadiness/Admin", "Provider_Name": "Microsoft-Windows-AppReadiness", "Computer": "DESKTOP-OFJ6N53", "TimeCreated": "2023-01-30 08:07:43.604984+00:00", "RecordID": "2100", "Level": "4", "UserID": "S-1-5-18", "EventData.Username": "S-1-5-21-963789628-1060504924-4285088085-1001", "EventData.Task": "PreviewTiles", "EventData.Elapsed": "0.0"}
{"EventID": "241", "Channel": "Microsoft-Windows-AppReadiness/Admin", "Provider_Name": "Microsoft-Windows-AppReadiness", "Computer": "DESKTOP-OFJ6N53", "TimeCreated": "2023-01-30 08:07:44.921381+00:00", "RecordID": "2101", "Level": "4", "UserID": "S-1-5-18", "EventData.User": "S-1-5-21-963789628-1060504924-4285088085-1001", "EventData.TaskId": "install::Microsoft.MicrosoftEdge.Stable_8wekyb3d8bbwe", "EventData.TaskCount": "1"}
{"EventID": "213", "Channel": "Microsoft-Windows-AppReadiness/Admin", "Provider_Name": "Microsoft-Windows-AppReadiness", "Computer": "DESKTOP-OFJ6N53", "TimeCreated": "2023-01-30 08:07:44.921383+00:00", "RecordID": "2102", "Level": "4", "UserID": "S-1-5-18", "EventData.Username": "S-1-5-21-963789628-1060504924-4285088085-1001", "EventData.Package": "Microsoft.MicrosoftEdge.Stable_8wekyb3d8bbwe", "EventData.Operation": "1", "EventData.Elapsed": "1.3125232"}
{"EventID": "211", "Channel": "Microsoft-Windows-AppReadiness/Admin", "Provider_Name": "Microsoft-Windows-AppReadiness", "Computer": "DESKTOP-OFJ6N53", "TimeCreated": "2023-01-30 08:07:44.921604+00:00", "RecordID": "2103", "Level": "4", "UserID": "S-1-5-18", "EventData.User": "S-1-5-21-963789628-1060504924-4285088085-1001"}
{"EventID": "241", "Channel": "Microsoft-Windows-AppReadiness/Admin", "Provider_Name": "Microsoft-Windows-AppReadiness", "Computer": "DESKTOP-OFJ6N53", "TimeCreated": "2023-01-30 08:07:44.923670+00:00", "RecordID": "2104", "Level": "4", "UserID": "S-1-5-18", "EventData.User": "S-1-5-21-963789628-1060504924-4285088085-1001", "EventData.TaskId": "ART:OemFirstRun", "EventData.TaskCount": "0"}
{"EventID": "220", "Channel": "Microsoft-Windows-AppReadiness/Admin", "Provider_Name": "Microsoft-Windows-AppReadiness", "Computer": "DESKTOP-OFJ6N53", "TimeCreated": "2023-01-30 08:07:44.923674+00:00", "RecordID": "2105", "Level": "4", "UserID": "S-1-5-18", "EventData.Username": "S-1-5-21-963789628-1060504924-4285088085-1001", "EventData.Task": "ART:OemFirstRun", "EventData.Elapsed": "0.0"}
{"EventID": "209", "Channel": "Microsoft-Windows-AppReadiness/Admin", "Provider_Name": "Microsoft-Windows-AppReadiness", "Computer": "DESKTOP-OFJ6N53", "TimeCreated": "2023-01-30 08:09:42.830055+00:00", "RecordID": "2106", "Level": "4", "UserID": "S-1-5-18", "EventData.User": "S-1-5-21-963789628-1060504924-4285088085-1001", "EventData.From": "2", "EventData.To": "3"}
{"EventID": "209", "Channel": "Microsoft-Windows-AppReadiness/Admin", "Provider_Name": "Microsoft-Windows-AppReadiness", "Computer": "DESKTOP-OFJ6N53", "TimeCreated": "2023-01-30 08:09:42.830067+00:00", "RecordID": "2107", "Level": "4", "UserID": "S-1-5-18", "EventData.User": "S-1-5-18", "EventData.From": "2", "EventData.To": "3"}
{"EventID": "101", "Channel": "Microsoft-Windows-AppReadiness/Admin", "Provider_Name": "Microsoft-Windows-AppReadiness", "Computer": "DESKTOP-OFJ6N53", "TimeCreated": "2023-01-30 08:09:42.845858+00:00", "RecordID": "2108", "Level": "4", "UserID": "S-1-5-18"}
{"EventID": "100", "Channel": "Microsoft-Windows-AppReadiness/Admin", "Provider_Name": "Microsoft-Windows-AppReadiness", "Computer": "DESKTOP-OFJ6N53", "TimeCreated": "2023-02-04 13:18:28.968866+00:00", "RecordID": "2109", "Level": "4", "UserID": "S-1-5-18"}
{"EventID": "240", "Channel": "Microsoft-Windows-AppReadiness/Admin", "Provider_Name": "Microsoft-Windows-AppReadiness", "Computer": "DESKTOP-OFJ6N53", "TimeCreated": "2023-02-04 13:18:29.016640+00:00", "RecordID": "2110", "Level": "4", "UserID": "S-1-5-18", "EventData.User": "S-1-5-18", "EventData.TaskId": "packageChanges-1", "EventData.TaskCount": "1"}
{"EventID": "109", "Channel": "Microsoft-Windows-AppReadiness/Admin", "Provider_Name": "Microsoft-Windows-AppReadiness", "Computer": "DESKTOP-OFJ6N53", "TimeCreated": "2023-02-04 13:18:29.038191+00:00", "RecordID": "2111", "Level": "4", "UserID": "S-1-5-18", "EventData.Source": "2", "EventData.Result": "0"}
{"EventID": "241", "Channel": "Microsoft-Windows-AppReadiness/Admin", "Provider_Name": "Microsoft-Windows-AppReadiness", "Computer": "DESKTOP-OFJ6N53", "TimeCreated": "2023-02-04 13:18:29.039644+00:00", "RecordID": "2112", "Level": "4", "UserID": "S-1-5-18", "EventData.User": "S-1-5-18", "EventData.TaskId": "packageChanges-1", "EventData.TaskCount": "0"}
{"EventID": "220", "Channel": "Microsoft-Windows-AppReadiness/Admin", "Provider_Name": "Microsoft-Windows-AppReadiness", "Computer": "DESKTOP-OFJ6N53", "TimeCreated": "2023-02-04 13:18:29.039646+00:00", "RecordID": "2113", "Level": "4", "UserID": "S-1-5-18", "EventData.Username": "S-1-5-18", "EventData.Task": "packageChanges-1", "EventData.Elapsed": "0.0156275"}
{"EventID": "211", "Channel": "Microsoft-Windows-AppReadiness/Admin", "Provider_Name": "Microsoft-Windows-AppReadiness", "Computer": "DESKTOP-OFJ6N53", "TimeCreated": "2023-02-04 13:18:29.039795+00:00", "RecordID": "2114", "Level": "4", "UserID": "S-1-5-18", "EventData.User": "S-1-5-18"}
{"EventID": "209", "Channel": "Microsoft-Windows-AppReadiness/Admin", "Provider_Name": "Microsoft-Windows-AppReadiness", "Computer": "DESKTOP-OFJ6N53", "TimeCreated": "2023-02-04 13:20:58.985205+00:00", "RecordID": "2115", "Level": "4", "UserID": "S-1-5-18", "EventData.User": "S-1-5-18", "EventData.From": "2", "EventData.To": "3"}
{"EventID": "101", "Channel": "Microsoft-Windows-AppReadiness/Admin", "Provider_Name": "Microsoft-Windows-AppReadiness", "Computer": "DESKTOP-OFJ6N53", "TimeCreated": "2023-02-04 13:20:59.001160+00:00", "RecordID": "2116", "Level": "4", "UserID": "S-1-5-18"}
{"EventID": "100", "Channel": "Microsoft-Windows-AppReadiness/Admin", "Provider_Name": "Microsoft-Windows-AppReadiness", "Computer": "DESKTOP-OFJ6N53", "TimeCreated": "2023-02-09 10:53:11.088572+00:00", "RecordID": "2117", "Level": "4", "UserID": "S-1-5-18"}
{"EventID": "209", "Channel": "Microsoft-Windows-AppReadiness/Admin", "Provider_Name": "Microsoft-Windows-AppReadiness", "Computer": "DESKTOP-OFJ6N53", "TimeCreated": "2023-02-09 10:53:11.379761+00:00", "RecordID": "2118", "Level": "4", "UserID": "S-1-5-18", "EventData.User": "S-1-5-21-963789628-1060504924-4285088085-1001", "EventData.From": "2", "EventData.To": "0"}
{"EventID": "232", "Channel": "Microsoft-Windows-AppReadiness/Admin", "Provider_Name": "Microsoft-Windows-AppReadiness", "Computer": "DESKTOP-OFJ6N53", "TimeCreated": "2023-02-09 10:53:11.408340+00:00", "RecordID": "2119", "Level": "4", "UserID": "S-1-5-18", "EventData.ExitCode": "0x00000000"}
{"EventID": "236", "Channel": "Microsoft-Windows-AppReadiness/Admin", "Provider_Name": "Microsoft-Windows-AppReadiness", "Computer": "DESKTOP-OFJ6N53", "TimeCreated": "2023-02-09 10:53:12.286530+00:00", "RecordID": "2120", "Level": "4", "UserID": "S-1-5-21-963789628-1060504924-4285088085-1001", "EventData.ExitCode": "0x00000000"}
{"EventID": "238", "Channel": "Microsoft-Windows-AppReadiness/Admin", "Provider_Name": "Microsoft-Windows-AppReadiness", "Computer": "DESKTOP-OFJ6N53", "TimeCreated": "2023-02-09 10:53:13.726171+00:00", "RecordID": "2121", "Level": "4", "UserID": "S-1-5-21-963789628-1060504924-4285088085-1001", "EventData.ExitCode": "0x00000000"}
{"EventID": "240", "Channel": "Microsoft-Windows-AppReadiness/Admin", "Provider_Name": "Microsoft-Windows-AppReadiness", "Computer": "DESKTOP-OFJ6N53", "TimeCreated": "2023-02-09 10:53:13.730431+00:00", "RecordID": "2122", "Level": "4", "UserID": "S-1-5-18", "EventData.User": "S-1-5-21-963789628-1060504924-4285088085-1001", "EventData.TaskId": "install::Microsoft.MicrosoftEdge.Stable_8wekyb3d8bbwe", "EventData.TaskCount": "1"}
{"EventID": "240", "Channel": "Microsoft-Windows-AppReadiness/Admin", "Provider_Name": "Microsoft-Windows-AppReadiness", "Computer": "DESKTOP-OFJ6N53", "TimeCreated": "2023-02-09 10:53:13.732689+00:00", "RecordID": "2123", "Level": "4", "UserID": "S-1-5-18", "EventData.User": "S-1-5-21-963789628-1060504924-4285088085-1001", "EventData.TaskId": "PreviewTiles", "EventData.TaskCount": "2"}
{"EventID": "240", "Channel": "Microsoft-Windows-AppReadiness/Admin", "Provider_Name": "Microsoft-Windows-AppReadiness", "Computer": "DESKTOP-OFJ6N53", "TimeCreated": "2023-02-09 10:53:13.733141+00:00", "RecordID": "2124", "Level": "4", "UserID": "S-1-5-18", "EventData.User": "S-1-5-21-963789628-1060504924-4285088085-1001", "EventData.TaskId": "ART:UserLogon", "EventData.TaskCount": "3"}
{"EventID": "216", "Channel": "Microsoft-Windows-AppReadiness/Admin", "Provider_Name": "Microsoft-Windows-AppReadiness", "Computer": "DESKTOP-OFJ6N53", "TimeCreated": "2023-02-09 10:53:13.739149+00:00", "RecordID": "2125", "Level": "4", "UserID": "S-1-5-18", "EventData.User": "S-1-5-21-963789628-1060504924-4285088085-1001", "EventData.ResumeAt": "2023-02-09 13:53:43.729000+00:00"}
{"EventID": "241", "Channel": "Microsoft-Windows-AppReadiness/Admin", "Provider_Name": "Microsoft-Windows-AppReadiness", "Computer": "DESKTOP-OFJ6N53", "TimeCreated": "2023-02-09 10:53:13.740162+00:00", "RecordID": "2126", "Level": "4", "UserID": "S-1-5-18", "EventData.User": "S-1-5-21-963789628-1060504924-4285088085-1001", "EventData.TaskId": "ART:UserLogon", "EventData.TaskCount": "2"}
{"EventID": "220", "Channel": "Microsoft-Windows-AppReadiness/Admin", "Provider_Name": "Microsoft-Windows-AppReadiness", "Computer": "DESKTOP-OFJ6N53", "TimeCreated": "2023-02-09 10:53:13.740162+00:00", "RecordID": "2127", "Level": "4", "UserID": "S-1-5-18", "EventData.Username": "S-1-5-21-963789628-1060504924-4285088085-1001", "EventData.Task": "ART:UserLogon", "EventData.Elapsed": "0.0"}
{"EventID": "240", "Channel": "Microsoft-Windows-AppReadiness/Admin", "Provider_Name": "Microsoft-Windows-AppReadiness", "Computer": "DESKTOP-OFJ6N53", "TimeCreated": "2023-02-09 10:53:24.840405+00:00", "RecordID": "2128", "Level": "4", "UserID": "S-1-5-18", "EventData.User": "S-1-5-21-963789628-1060504924-4285088085-1001", "EventData.TaskId": "ART:OemFirstRun", "EventData.TaskCount": "3"}
{"EventID": "209", "Channel": "Microsoft-Windows-AppReadiness/Admin", "Provider_Name": "Microsoft-Windows-AppReadiness", "Computer": "DESKTOP-OFJ6N53", "TimeCreated": "2023-02-09 10:53:24.860704+00:00", "RecordID": "2129", "Level": "4", "UserID": "S-1-5-18", "EventData.User": "S-1-5-21-963789628-1060504924-4285088085-1001", "EventData.From": "0", "EventData.To": "1"}
{"EventID": "209", "Channel": "Microsoft-Windows-AppReadiness/Admin", "Provider_Name": "Microsoft-Windows-AppReadiness", "Computer": "DESKTOP-OFJ6N53", "TimeCreated": "2023-02-09 10:53:24.863363+00:00", "RecordID": "2130", "Level": "4", "UserID": "S-1-5-18", "EventData.User": "S-1-5-21-963789628-1060504924-4285088085-1001", "EventData.From": "1", "EventData.To": "2"}
{"EventID": "234", "Channel": "Microsoft-Windows-AppReadiness/Admin", "Provider_Name": "Microsoft-Windows-AppReadiness", "Computer": "DESKTOP-OFJ6N53", "TimeCreated": "2023-02-09 10:53:24.866995+00:00", "RecordID": "2131", "Level": "4", "UserID": "S-1-5-18", "EventData.ExitCode": "0x00000000"}
{"EventID": "241", "Channel": "Microsoft-Windows-AppReadiness/Admin", "Provider_Name": "Microsoft-Windows-AppReadiness", "Computer": "DESKTOP-OFJ6N53", "TimeCreated": "2023-02-09 10:53:43.777662+00:00", "RecordID": "2132", "Level": "4", "UserID": "S-1-5-18", "EventData.User": "S-1-5-21-963789628-1060504924-4285088085-1001", "EventData.TaskId": "PreviewTiles", "EventData.TaskCount": "2"}
{"EventID": "220", "Channel": "Microsoft-Windows-AppReadiness/Admin", "Provider_Name": "Microsoft-Windows-AppReadiness", "Computer": "DESKTOP-OFJ6N53", "TimeCreated": "2023-02-09 10:53:43.777664+00:00", "RecordID": "2133", "Level": "4", "UserID": "S-1-5-18", "EventData.Username": "S-1-5-21-963789628-1060504924-4285088085-1001", "EventData.Task": "PreviewTiles", "EventData.Elapsed": "0.0312508"}
{"EventID": "241", "Channel": "Microsoft-Windows-AppReadiness/Admin", "Provider_Name": "Microsoft-Windows-AppReadiness", "Computer": "DESKTOP-OFJ6N53", "TimeCreated": "2023-02-09 10:53:46.121885+00:00", "RecordID": "2134", "Level": "4", "UserID": "S-1-5-18", "EventData.User": "S-1-5-21-963789628-1060504924-4285088085-1001", "EventData.TaskId": "install::Microsoft.MicrosoftEdge.Stable_8wekyb3d8bbwe", "EventData.TaskCount": "1"}
{"EventID": "213", "Channel": "Microsoft-Windows-AppReadiness/Admin", "Provider_Name": "Microsoft-Windows-AppReadiness", "Computer": "DESKTOP-OFJ6N53", "TimeCreated": "2023-02-09 10:53:46.121889+00:00", "RecordID": "2135", "Level": "4", "UserID": "S-1-5-18", "EventData.Username": "S-1-5-21-963789628-1060504924-4285088085-1001", "EventData.Package": "Microsoft.MicrosoftEdge.Stable_8wekyb3d8bbwe", "EventData.Operation": "1", "EventData.Elapsed": "2.3437481"}
{"EventID": "211", "Channel": "Microsoft-Windows-AppReadiness/Admin", "Provider_Name": "Microsoft-Windows-AppReadiness", "Computer": "DESKTOP-OFJ6N53", "TimeCreated": "2023-02-09 10:53:46.122133+00:00", "RecordID": "2136", "Level": "4", "UserID": "S-1-5-18", "EventData.User": "S-1-5-21-963789628-1060504924-4285088085-1001"}
{"EventID": "241", "Channel": "Microsoft-Windows-AppReadiness/Admin", "Provider_Name": "Microsoft-Windows-AppReadiness", "Computer": "DESKTOP-OFJ6N53", "TimeCreated": "2023-02-09 10:53:46.123899+00:00", "RecordID": "2137", "Level": "4", "UserID": "S-1-5-18", "EventData.User": "S-1-5-21-963789628-1060504924-4285088085-1001", "EventData.TaskId": "ART:OemFirstRun", "EventData.TaskCount": "0"}
{"EventID": "220", "Channel": "Microsoft-Windows-AppReadiness/Admin", "Provider_Name": "Microsoft-Windows-AppReadiness", "Computer": "DESKTOP-OFJ6N53", "TimeCreated": "2023-02-09 10:53:46.123903+00:00", "RecordID": "2138", "Level": "4", "UserID": "S-1-5-18", "EventData.Username": "S-1-5-21-963789628-1060504924-4285088085-1001", "EventData.Task": "ART:OemFirstRun", "EventData.Elapsed": "0.0"}
{"EventID": "209", "Channel": "Microsoft-Windows-AppReadiness/Admin", "Provider_Name": "Microsoft-Windows-AppReadiness", "Computer": "DESKTOP-OFJ6N53", "TimeCreated": "2023-02-09 10:55:41.268679+00:00", "RecordID": "2139", "Level": "4", "UserID": "S-1-5-18", "EventData.User": "S-1-5-21-963789628-1060504924-4285088085-1001", "EventData.From": "2", "EventData.To": "3"}
{"EventID": "209", "Channel": "Microsoft-Windows-AppReadiness/Admin", "Provider_Name": "Microsoft-Windows-AppReadiness", "Computer": "DESKTOP-OFJ6N53", "TimeCreated": "2023-02-09 10:55:41.268688+00:00", "RecordID": "2140", "Level": "4", "UserID": "S-1-5-18", "EventData.User": "S-1-5-18", "EventData.From": "2", "EventData.To": "3"}
{"EventID": "101", "Channel": "Microsoft-Windows-AppReadiness/Admin", "Provider_Name": "Microsoft-Windows-AppReadiness", "Computer": "DESKTOP-OFJ6N53", "TimeCreated": "2023-02-09 10:55:41.284456+00:00", "RecordID": "2141", "Level": "4", "UserID": "S-1-5-18"}
{"EventID": "100", "Channel": "Microsoft-Windows-AppReadiness/Admin", "Provider_Name": "Microsoft-Windows-AppReadiness", "Computer": "DESKTOP-OFJ6N53", "TimeCreated": "2023-02-14 14:08:37.326643+00:00", "RecordID": "2142", "Level": "4", "UserID": "S-1-5-18"}
{"EventID": "209", "Channel": "Microsoft-Windows-AppReadiness/Admin", "Provider_Name": "Microsoft-Windows-AppReadiness", "Computer": "DESKTOP-OFJ6N53", "TimeCreated": "2023-02-14 14:08:37.424580+00:00", "RecordID": "2143", "Level": "4", "UserID": "S-1-5-18", "EventData.User": "S-1-5-21-963789628-1060504924-4285088085-1001", "EventData.From": "2", "EventData.To": "0"}
{"EventID": "232", "Channel": "Microsoft-Windows-AppReadiness/Admin", "Provider_Name": "Microsoft-Windows-AppReadiness", "Computer": "DESKTOP-OFJ6N53", "TimeCreated": "2023-02-14 14:08:37.446932+00:00", "RecordID": "2144", "Level": "4", "UserID": "S-1-5-18", "EventData.ExitCode": "0x00000000"}
{"EventID": "236", "Channel": "Microsoft-Windows-AppReadiness/Admin", "Provider_Name": "Microsoft-Windows-AppReadiness", "Computer": "DESKTOP-OFJ6N53", "TimeCreated": "2023-02-14 14:08:37.990847+00:00", "RecordID": "2145", "Level": "4", "UserID": "S-1-5-21-963789628-1060504924-4285088085-1001", "EventData.ExitCode": "0x00000000"}
{"EventID": "238", "Channel": "Microsoft-Windows-AppReadiness/Admin", "Provider_Name": "Microsoft-Windows-AppReadiness", "Computer": "DESKTOP-OFJ6N53", "TimeCreated": "2023-02-14 14:08:39.096807+00:00", "RecordID": "2146", "Level": "4", "UserID": "S-1-5-21-963789628-1060504924-4285088085-1001", "EventData.ExitCode": "0x00000000"}
{"EventID": "240", "Channel": "Microsoft-Windows-AppReadiness/Admin", "Provider_Name": "Microsoft-Windows-AppReadiness", "Computer": "DESKTOP-OFJ6N53", "TimeCreated": "2023-02-14 14:08:39.113964+00:00", "RecordID": "2147", "Level": "4", "UserID": "S-1-5-18", "EventData.User": "S-1-5-21-963789628-1060504924-4285088085-1001", "EventData.TaskId": "install::Microsoft.YourPhone_8wekyb3d8bbwe", "EventData.TaskCount": "1"}
{"EventID": "240", "Channel": "Microsoft-Windows-AppReadiness/Admin", "Provider_Name": "Microsoft-Windows-AppReadiness", "Computer": "DESKTOP-OFJ6N53", "TimeCreated": "2023-02-14 14:08:39.120907+00:00", "RecordID": "2148", "Level": "4", "UserID": "S-1-5-18", "EventData.User": "S-1-5-21-963789628-1060504924-4285088085-1001", "EventData.TaskId": "PreviewTiles", "EventData.TaskCount": "2"}
{"EventID": "240", "Channel": "Microsoft-Windows-AppReadiness/Admin", "Provider_Name": "Microsoft-Windows-AppReadiness", "Computer": "DESKTOP-OFJ6N53", "TimeCreated": "2023-02-14 14:08:39.120953+00:00", "RecordID": "2149", "Level": "4", "UserID": "S-1-5-18", "EventData.User": "S-1-5-21-963789628-1060504924-4285088085-1001", "EventData.TaskId": "install::Microsoft.MicrosoftEdge.Stable_8wekyb3d8bbwe", "EventData.TaskCount": "3"}
{"EventID": "210", "Channel": "Microsoft-Windows-AppReadiness/Admin", "Provider_Name": "Microsoft-Windows-AppReadiness", "Computer": "DESKTOP-OFJ6N53", "TimeCreated": "2023-02-14 14:08:39.121431+00:00", "RecordID": "2150", "Level": "4", "UserID": "S-1-5-18", "EventData.User": "S-1-5-21-963789628-1060504924-4285088085-1001"}
{"EventID": "240", "Channel": "Microsoft-Windows-AppReadiness/Admin", "Provider_Name": "Microsoft-Windows-AppReadiness", "Computer": "DESKTOP-OFJ6N53", "TimeCreated": "2023-02-14 14:08:39.122675+00:00", "RecordID": "2151", "Level": "4", "UserID": "S-1-5-18", "EventData.User": "S-1-5-21-963789628-1060504924-4285088085-1001", "EventData.TaskId": "ART:UserLogon", "EventData.TaskCount": "4"}
{"EventID": "216", "Channel": "Microsoft-Windows-AppReadiness/Admin", "Provider_Name": "Microsoft-Windows-AppReadiness", "Computer": "DESKTOP-OFJ6N53", "TimeCreated": "2023-02-14 14:08:39.129847+00:00", "RecordID": "2152", "Level": "4", "UserID": "S-1-5-18", "EventData.User": "S-1-5-21-963789628-1060504924-4285088085-1001", "EventData.ResumeAt": "2023-02-14 17:09:09.116999+00:00"}
{"EventID": "241", "Channel": "Microsoft-Windows-AppReadiness/Admin", "Provider_Name": "Microsoft-Windows-AppReadiness", "Computer": "DESKTOP-OFJ6N53", "TimeCreated": "2023-02-14 14:08:39.130283+00:00", "RecordID": "2153", "Level": "4", "UserID": "S-1-5-18", "EventData.User": "S-1-5-21-963789628-1060504924-4285088085-1001", "EventData.TaskId": "ART:UserLogon", "EventData.TaskCount": "3"}
{"EventID": "220", "Channel": "Microsoft-Windows-AppReadiness/Admin", "Provider_Name": "Microsoft-Windows-AppReadiness", "Computer": "DESKTOP-OFJ6N53", "TimeCreated": "2023-02-14 14:08:39.130283+00:00", "RecordID": "2154", "Level": "4", "UserID": "S-1-5-18", "EventData.Username": "S-1-5-21-963789628-1060504924-4285088085-1001", "EventData.Task": "ART:UserLogon", "EventData.Elapsed": "0.0"}
