{"EventID": "8025", "Channel": "Microsoft-Windows-HelloForBusiness/Operational", "Provider_Name": "Microsoft-Windows-HelloForBusiness", "Computer": "DESKTOP-OFJ6N53", "TimeCreated": "2024-07-23 12:09:04.950644+00:00", "RecordID": "2129", "Level": "16", "UserID": "S-1-5-19", "EventData.ServiceName": "Microsoft Passport Container"}
{"EventID": "8025", "Channel": "Microsoft-Windows-HelloForBusiness/Operational", "Provider_Name": "Microsoft-Windows-HelloForBusiness", "Computer": "DESKTOP-OFJ6N53", "TimeCreated": "2024-07-23 18:18:56.014004+00:00", "RecordID": "2130", "Level": "16", "UserID": "S-1-5-18", "EventData.ServiceName": "Microsoft Passport"}
{"EventID": "8025", "Channel": "Microsoft-Windows-HelloForBusiness/Operational", "Provider_Name": "Microsoft-Windows-HelloForBusiness", "Computer": "DESKTOP-OFJ6N53", "TimeCreated": "2024-07-23 18:21:06.337513+00:00", "RecordID": "2131", "Level": "16", "UserID": "S-1-5-19", "EventData.ServiceName": "Microsoft Passport Container"}
{"EventID": "8025", "Channel": "Microsoft-Windows-HelloForBusiness/Operational", "Provider_Name": "Microsoft-Windows-HelloForBusiness", "Computer": "DESKTOP-OFJ6N53", "TimeCreated": "2024-07-24 07:37:59.514009+00:00", "RecordID": "2132", "Level": "16", "UserID": "S-1-5-18", "EventData.ServiceName": "Microsoft Passport"}
{"EventID": "5520", "Channel": "Microsoft-Windows-HelloForBusiness/Operational", "Provider_Name": "Microsoft-Windows-HelloForBusiness", "Computer": "DESKTOP-OFJ6N53", "TimeCreated": "2024-07-24 09:02:27.216675+00:00", "RecordID": "2133", "Level": "4", "UserID": "S-1-5-18"}
{"EventID": "8025", "Channel": "Microsoft-Windows-HelloForBusiness/Operational", "Provider_Name": "Microsoft-Windows-HelloForBusiness", "Computer": "DESKTOP-OFJ6N53", "TimeCreated": "2024-07-24 09:11:14.726473+00:00", "RecordID": "2134", "Level": "16", "UserID": "S-1-5-18", "EventData.ServiceName": "Microsoft Passport"}
{"EventID": "5520", "Channel": "Microsoft-Windows-HelloForBusiness/Operational", "Provider_Name": "Microsoft-Windows-HelloForBusiness", "Computer": "DESKTOP-OFJ6N53", "TimeCreated": "2024-07-24 12:48:18.854675+00:00", "RecordID": "2135", "Level": "4", "UserID": "S-1-5-21-963789628-1060504924-4285088085-1001"}
{"EventID": "8025", "Channel": "Microsoft-Windows-HelloForBusiness/Operational", "Provider_Name": "Microsoft-Windows-HelloForBusiness", "Computer": "DESKTOP-OFJ6N53", "TimeCreated": "2024-07-25 07:38:01.535398+00:00", "RecordID": "2136", "Level": "16", "UserID": "S-1-5-18", "EventData.ServiceName": "Microsoft Passport"}
{"EventID": "5520", "Channel": "Microsoft-Windows-HelloForBusiness/Operational", "Provider_Name": "Microsoft-Windows-HelloForBusiness", "Computer": "DESKTOP-OFJ6N53", "TimeCreated": "2024-07-25 12:58:19.890514+00:00", "RecordID": "2137", "Level": "4", "UserID": "S-1-5-18"}
{"EventID": "8025", "Channel": "Microsoft-Windows-HelloForBusiness/Operational", "Provider_Name": "Microsoft-Windows-HelloForBusiness", "Computer": "DESKTOP-OFJ6N53", "TimeCreated": "2024-07-25 14:57:02.327450+00:00", "RecordID": "2138", "Level": "16", "UserID": "S-1-5-18", "EventData.ServiceName": "Microsoft Passport"}
{"EventID": "8025", "Channel": "Microsoft-Windows-HelloForBusiness/Operational", "Provider_Name": "Microsoft-Windows-HelloForBusiness", "Computer": "DESKTOP-OFJ6N53", "TimeCreated": "2024-07-25 14:57:21.255724+00:00", "RecordID": "2139", "Level": "16", "UserID": "S-1-5-19", "EventData.ServiceName": "Microsoft Passport Container"}
{"EventID": "8025", "Channel": "Microsoft-Windows-HelloForBusiness/Operational", "Provider_Name": "Microsoft-Windows-HelloForBusiness", "Computer": "DESKTOP-OFJ6N53", "TimeCreated": "2024-07-26 07:38:01.560802+00:00", "RecordID": "2140", "Level": "16", "UserID": "S-1-5-18", "EventData.ServiceName": "Microsoft Passport"}
{"EventID": "5520", "Channel": "Microsoft-Windows-HelloForBusiness/Operational", "Provider_Name": "Microsoft-Windows-HelloForBusiness", "Computer": "DESKTOP-OFJ6N53", "TimeCreated": "2024-07-26 10:21:24.327152+00:00", "RecordID": "2141", "Level": "4", "UserID": "S-1-5-18"}
{"EventID": "8025", "Channel": "Microsoft-Windows-HelloForBusiness/Operational", "Provider_Name": "Microsoft-Windows-HelloForBusiness", "Computer": "DESKTOP-OFJ6N53", "TimeCreated": "2024-07-26 16:35:36.988535+00:00", "RecordID": "2142", "Level": "16", "UserID": "S-1-5-18", "EventData.ServiceName": "Microsoft Passport"}
{"EventID": "8025", "Channel": "Microsoft-Windows-HelloForBusiness/Operational", "Provider_Name": "Microsoft-Windows-HelloForBusiness", "Computer": "DESKTOP-OFJ6N53", "TimeCreated": "2024-07-28 15:27:05.500488+00:00", "RecordID": "2143", "Level": "16", "UserID": "S-1-5-19", "EventData.ServiceName": "Microsoft Passport Container"}
{"EventID": "8025", "Channel": "Microsoft-Windows-HelloForBusiness/Operational", "Provider_Name": "Microsoft-Windows-HelloForBusiness", "Computer": "DESKTOP-OFJ6N53", "TimeCreated": "2024-07-28 15:27:43.049324+00:00", "RecordID": "2144", "Level": "16", "UserID": "S-1-5-18", "EventData.ServiceName": "Microsoft Passport"}
{"EventID": "8025", "Channel": "Microsoft-Windows-HelloForBusiness/Operational", "Provider_Name": "Microsoft-Windows-HelloForBusiness", "Computer": "DESKTOP-OFJ6N53", "TimeCreated": "2024-07-28 15:32:49.480789+00:00", "RecordID": "2145", "Level": "16", "UserID": "S-1-5-18", "EventData.ServiceName": "Microsoft Passport"}
{"EventID": "8025", "Channel": "Microsoft-Windows-HelloForBusiness/Operational", "Provider_Name": "Microsoft-Windows-HelloForBusiness", "Computer": "DESKTOP-OFJ6N53", "TimeCreated": "2024-07-29 07:38:02.804785+00:00", "RecordID": "2146", "Level": "16", "UserID": "S-1-5-18", "EventData.ServiceName": "Microsoft Passport"}
{"EventID": "5520", "Channel": "Microsoft-Windows-HelloForBusiness/Operational", "Provider_Name": "Microsoft-Windows-HelloForBusiness", "Computer": "DESKTOP-OFJ6N53", "TimeCreated": "2024-07-29 12:10:52.952259+00:00", "RecordID": "2147", "Level": "4", "UserID": "S-1-5-18"}
{"EventID": "5520", "Channel": "Microsoft-Windows-HelloForBusiness/Operational", "Provider_Name": "Microsoft-Windows-HelloForBusiness", "Computer": "DESKTOP-OFJ6N53", "TimeCreated": "2024-07-29 15:24:21.653599+00:00", "RecordID": "2148", "Level": "4", "UserID": "S-1-5-18"}
{"EventID": "8025", "Channel": "Microsoft-Windows-HelloForBusiness/Operational", "Provider_Name": "Microsoft-Windows-HelloForBusiness", "Computer": "DESKTOP-OFJ6N53", "TimeCreated": "2024-07-29 17:42:22.075111+00:00", "RecordID": "2149", "Level": "16", "UserID": "S-1-5-18", "EventData.ServiceName": "Microsoft Passport"}
{"EventID": "5520", "Channel": "Microsoft-Windows-HelloForBusiness/Operational", "Provider_Name": "Microsoft-Windows-HelloForBusiness", "Computer": "DESKTOP-OFJ6N53", "TimeCreated": "2024-07-29 17:54:04.483854+00:00", "RecordID": "2150", "Level": "4", "UserID": "S-1-5-21-963789628-1060504924-4285088085-1001"}
{"EventID": "5520", "Channel": "Microsoft-Windows-HelloForBusiness/Operational", "Provider_Name": "Microsoft-Windows-HelloForBusiness", "Computer": "DESKTOP-OFJ6N53", "TimeCreated": "2024-07-29 17:59:40.699331+00:00", "RecordID": "2151", "Level": "4", "UserID": "S-1-5-21-963789628-1060504924-4285088085-1001"}
{"EventID": "8025", "Channel": "Microsoft-Windows-HelloForBusiness/Operational", "Provider_Name": "Microsoft-Windows-HelloForBusiness", "Computer": "DESKTOP-OFJ6N53", "TimeCreated": "2024-07-30 07:38:04.236589+00:00", "RecordID": "2152", "Level": "16", "UserID": "S-1-5-18", "EventData.ServiceName": "Microsoft Passport"}
{"EventID": "5520", "Channel": "Microsoft-Windows-HelloForBusiness/Operational", "Provider_Name": "Microsoft-Windows-HelloForBusiness", "Computer": "DESKTOP-OFJ6N53", "TimeCreated": "2024-07-30 08:02:17.738338+00:00", "RecordID": "2153", "Level": "4", "UserID": "S-1-5-18"}
{"EventID": "8025", "Channel": "Microsoft-Windows-HelloForBusiness/Operational", "Provider_Name": "Microsoft-Windows-HelloForBusiness", "Computer": "DESKTOP-OFJ6N53", "TimeCreated": "2024-08-01 20:34:37.218111+00:00", "RecordID": "2154", "Level": "16", "UserID": "S-1-5-18", "EventData.ServiceName": "Microsoft Passport"}
{"EventID": "8025", "Channel": "Microsoft-Windows-HelloForBusiness/Operational", "Provider_Name": "Microsoft-Windows-HelloForBusiness", "Computer": "DESKTOP-OFJ6N53", "TimeCreated": "2024-08-01 20:37:31.730759+00:00", "RecordID": "2155", "Level": "16", "UserID": "S-1-5-19", "EventData.ServiceName": "Microsoft Passport Container"}
{"EventID": "8025", "Channel": "Microsoft-Windows-HelloForBusiness/Operational", "Provider_Name": "Microsoft-Windows-HelloForBusiness", "Computer": "DESKTOP-OFJ6N53", "TimeCreated": "2024-08-02 07:38:05.458395+00:00", "RecordID": "2156", "Level": "16", "UserID": "S-1-5-18", "EventData.ServiceName": "Microsoft Passport"}
{"EventID": "8025", "Channel": "Microsoft-Windows-HelloForBusiness/Operational", "Provider_Name": "Microsoft-Windows-HelloForBusiness", "Computer": "DESKTOP-OFJ6N53", "TimeCreated": "2024-08-03 07:38:05.531815+00:00", "RecordID": "2157", "Level": "16", "UserID": "S-1-5-18", "EventData.ServiceName": "Microsoft Passport"}
{"EventID": "8025", "Channel": "Microsoft-Windows-HelloForBusiness/Operational", "Provider_Name": "Microsoft-Windows-HelloForBusiness", "Computer": "DESKTOP-OFJ6N53", "TimeCreated": "2024-08-04 07:38:05.570572+00:00", "RecordID": "2158", "Level": "16", "UserID": "S-1-5-18", "EventData.ServiceName": "Microsoft Passport"}
{"EventID": "8025", "Channel": "Microsoft-Windows-HelloForBusiness/Operational", "Provider_Name": "Microsoft-Windows-HelloForBusiness", "Computer": "DESKTOP-OFJ6N53", "TimeCreated": "2024-08-05 07:38:06.885612+00:00", "RecordID": "2159", "Level": "16", "UserID": "S-1-5-18", "EventData.ServiceName": "Microsoft Passport"}
{"EventID": "8025", "Channel": "Microsoft-Windows-HelloForBusiness/Operational", "Provider_Name": "Microsoft-Windows-HelloForBusiness", "Computer": "DESKTOP-OFJ6N53", "TimeCreated": "2024-08-06 07:38:06.773220+00:00", "RecordID": "2160", "Level": "16", "UserID": "S-1-5-18", "EventData.ServiceName": "Microsoft Passport"}
{"EventID": "5520", "Channel": "Microsoft-Windows-HelloForBusiness/Operational", "Provider_Name": "Microsoft-Windows-HelloForBusiness", "Computer": "DESKTOP-OFJ6N53", "TimeCreated": "2024-08-06 11:55:11.556564+00:00", "RecordID": "2161", "Level": "4", "UserID": "S-1-5-18"}
{"EventID": "8025", "Channel": "Microsoft-Windows-HelloForBusiness/Operational", "Provider_Name": "Microsoft-Windows-HelloForBusiness", "Computer": "DESKTOP-OFJ6N53", "TimeCreated": "2024-08-06 15:51:04.479540+00:00", "RecordID": "2162", "Level": "16", "UserID": "S-1-5-18", "EventData.ServiceName": "Microsoft Passport"}
{"EventID": "8025", "Channel": "Microsoft-Windows-HelloForBusiness/Operational", "Provider_Name": "Microsoft-Windows-HelloForBusiness", "Computer": "DESKTOP-OFJ6N53", "TimeCreated": "2024-08-07 18:16:53.853773+00:00", "RecordID": "2163", "Level": "16", "UserID": "S-1-5-18", "EventData.ServiceName": "Microsoft Passport"}
{"EventID": "8025", "Channel": "Microsoft-Windows-HelloForBusiness/Operational", "Provider_Name": "Microsoft-Windows-HelloForBusiness", "Computer": "DESKTOP-OFJ6N53", "TimeCreated": "2024-08-07 18:16:56.045349+00:00", "RecordID": "2164", "Level": "16", "UserID": "S-1-5-19", "EventData.ServiceName": "Microsoft Passport Container"}
{"EventID": "8025", "Channel": "Microsoft-Windows-HelloForBusiness/Operational", "Provider_Name": "Microsoft-Windows-HelloForBusiness", "Computer": "DESKTOP-OFJ6N53", "TimeCreated": "2024-08-07 19:31:42.547190+00:00", "RecordID": "2165", "Level": "16", "UserID": "S-1-5-19", "EventData.ServiceName": "Microsoft Passport Container"}
{"EventID": "8025", "Channel": "Microsoft-Windows-HelloForBusiness/Operational", "Provider_Name": "Microsoft-Windows-HelloForBusiness", "Computer": "DESKTOP-OFJ6N53", "TimeCreated": "2024-08-07 19:46:09.134068+00:00", "RecordID": "2166", "Level": "16", "UserID": "S-1-5-19", "EventData.ServiceName": "Microsoft Passport Container"}
{"EventID": "8025", "Channel": "Microsoft-Windows-HelloForBusiness/Operational", "Provider_Name": "Microsoft-Windows-HelloForBusiness", "Computer": "DESKTOP-OFJ6N53", "TimeCreated": "2024-08-07 22:40:22.965147+00:00", "RecordID": "2167", "Level": "16", "UserID": "S-1-5-19", "EventData.ServiceName": "Microsoft Passport Container"}
{"EventID": "8025", "Channel": "Microsoft-Windows-HelloForBusiness/Operational", "Provider_Name": "Microsoft-Windows-HelloForBusiness", "Computer": "DESKTOP-OFJ6N53", "TimeCreated": "2024-08-08 23:11:02.520308+00:00", "RecordID": "2168", "Level": "16", "UserID": "S-1-5-18", "EventData.ServiceName": "Microsoft Passport"}
{"EventID": "8025", "Channel": "Microsoft-Windows-HelloForBusiness/Operational", "Provider_Name": "Microsoft-Windows-HelloForBusiness", "Computer": "DESKTOP-OFJ6N53", "TimeCreated": "2024-08-08 23:11:05.495138+00:00", "RecordID": "2169", "Level": "16", "UserID": "S-1-5-19", "EventData.ServiceName": "Microsoft Passport Container"}
{"EventID": "8025", "Channel": "Microsoft-Windows-HelloForBusiness/Operational", "Provider_Name": "Microsoft-Windows-HelloForBusiness", "Computer": "DESKTOP-OFJ6N53", "TimeCreated": "2024-08-09 18:26:56.166704+00:00", "RecordID": "2170", "Level": "16", "UserID": "S-1-5-19", "EventData.ServiceName": "Microsoft Passport Container"}
{"EventID": "8025", "Channel": "Microsoft-Windows-HelloForBusiness/Operational", "Provider_Name": "Microsoft-Windows-HelloForBusiness", "Computer": "DESKTOP-OFJ6N53", "TimeCreated": "2024-08-14 00:10:18.304306+00:00", "RecordID": "2171", "Level": "16", "UserID": "S-1-5-19", "EventData.ServiceName": "Microsoft Passport Container"}
{"EventID": "5520", "Channel": "Microsoft-Windows-HelloForBusiness/Operational", "Provider_Name": "Microsoft-Windows-HelloForBusiness", "Computer": "DESKTOP-OFJ6N53", "TimeCreated": "2024-08-14 00:13:16.681200+00:00", "RecordID": "2172", "Level": "4", "UserID": "S-1-5-18"}
{"EventID": "3054", "Channel": "Microsoft-Windows-HelloForBusiness/Operational", "Provider_Name": "Microsoft-Windows-HelloForBusiness", "Computer": "DESKTOP-OFJ6N53", "TimeCreated": "2024-08-28 09:28:40.753719+00:00", "RecordID": "2173", "Level": "4", "UserID": "S-1-5-21-963789628-1060504924-4285088085-1001"}
{"EventID": "8210", "Channel": "Microsoft-Windows-HelloForBusiness/Operational", "Provider_Name": "Microsoft-Windows-HelloForBusiness", "Computer": "DESKTOP-OFJ6N53", "TimeCreated": "2024-08-28 09:28:40.753721+00:00", "RecordID": "2174", "Level": "16", "UserID": "S-1-5-21-963789628-1060504924-4285088085-1001"}
{"EventID": "7201", "Channel": "Microsoft-Windows-HelloForBusiness/Operational", "Provider_Name": "Microsoft-Windows-HelloForBusiness", "Computer": "DESKTOP-OFJ6N53", "TimeCreated": "2024-08-28 09:28:40.753721+00:00", "RecordID": "2175", "Level": "2", "UserID": "S-1-5-21-963789628-1060504924-4285088085-1001"}
{"EventID": "7054", "Channel": "Microsoft-Windows-HelloForBusiness/Operational", "Provider_Name": "Microsoft-Windows-HelloForBusiness", "Computer": "DESKTOP-OFJ6N53", "TimeCreated": "2024-08-28 09:28:40.753723+00:00", "RecordID": "2176", "Level": "2", "UserID": "S-1-5-21-963789628-1060504924-4285088085-1001", "EventData.Error": "0x00000001"}
{"EventID": "8025", "Channel": "Microsoft-Windows-HelloForBusiness/Operational", "Provider_Name": "Microsoft-Windows-HelloForBusiness", "Computer": "DESKTOP-OFJ6N53", "TimeCreated": "2024-08-28 09:29:12.603298+00:00", "RecordID": "2177", "Level": "16", "UserID": "S-1-5-18", "EventData.ServiceName": "Microsoft Passport"}
{"EventID": "8025", "Channel": "Microsoft-Windows-HelloForBusiness/Operational", "Provider_Name": "Microsoft-Windows-HelloForBusiness", "Computer": "DESKTOP-OFJ6N53", "TimeCreated": "2024-08-28 09:29:13.682926+00:00", "RecordID": "2178", "Level": "16", "UserID": "S-1-5-19", "EventData.ServiceName": "Microsoft Passport Container"}
{"EventID": "8025", "Channel": "Microsoft-Windows-HelloForBusiness/Operational", "Provider_Name": "Microsoft-Windows-HelloForBusiness", "Computer": "DESKTOP-OFJ6N53", "TimeCreated": "2024-08-28 09:33:07.358881+00:00", "RecordID": "2179", "Level": "16", "UserID": "S-1-5-18", "EventData.ServiceName": "Microsoft Passport"}
{"EventID": "8025", "Channel": "Microsoft-Windows-HelloForBusiness/Operational", "Provider_Name": "Microsoft-Windows-HelloForBusiness", "Computer": "DESKTOP-OFJ6N53", "TimeCreated": "2024-08-28 09:39:12.314489+00:00", "RecordID": "2180", "Level": "16", "UserID": "S-1-5-18", "EventData.ServiceName": "Microsoft Passport"}
{"EventID": "5520", "Channel": "Microsoft-Windows-HelloForBusiness/Operational", "Provider_Name": "Microsoft-Windows-HelloForBusiness", "Computer": "DESKTOP-OFJ6N53", "TimeCreated": "2024-08-28 10:22:18.417770+00:00", "RecordID": "2181", "Level": "4", "UserID": "S-1-5-18"}
{"EventID": "8025", "Channel": "Microsoft-Windows-HelloForBusiness/Operational", "Provider_Name": "Microsoft-Windows-HelloForBusiness", "Computer": "DESKTOP-OFJ6N53", "TimeCreated": "2024-08-28 10:25:22.901434+00:00", "RecordID": "2182", "Level": "16", "UserID": "S-1-5-18", "EventData.ServiceName": "Microsoft Passport"}
{"EventID": "5520", "Channel": "Microsoft-Windows-HelloForBusiness/Operational", "Provider_Name": "Microsoft-Windows-HelloForBusiness", "Computer": "DESKTOP-OFJ6N53", "TimeCreated": "2024-08-28 10:31:37.083942+00:00", "RecordID": "2183", "Level": "4", "UserID": "S-1-5-18"}
{"EventID": "8025", "Channel": "Microsoft-Windows-HelloForBusiness/Operational", "Provider_Name": "Microsoft-Windows-HelloForBusiness", "Computer": "DESKTOP-OFJ6N53", "TimeCreated": "2024-08-29 08:20:22.781000+00:00", "RecordID": "2184", "Level": "16", "UserID": "S-1-5-18", "EventData.ServiceName": "Microsoft Passport"}
{"EventID": "8025", "Channel": "Microsoft-Windows-HelloForBusiness/Operational", "Provider_Name": "Microsoft-Windows-HelloForBusiness", "Computer": "DESKTOP-OFJ6N53", "TimeCreated": "2024-08-30 08:20:22.808947+00:00", "RecordID": "2185", "Level": "16", "UserID": "S-1-5-18", "EventData.ServiceName": "Microsoft Passport"}
{"EventID": "5520", "Channel": "Microsoft-Windows-HelloForBusiness/Operational", "Provider_Name": "Microsoft-Windows-HelloForBusiness", "Computer": "DESKTOP-OFJ6N53", "TimeCreated": "2024-08-30 11:01:56.922831+00:00", "RecordID": "2186", "Level": "4", "UserID": "S-1-5-18"}
{"EventID": "8025", "Channel": "Microsoft-Windows-HelloForBusiness/Operational", "Provider_Name": "Microsoft-Windows-HelloForBusiness", "Computer": "DESKTOP-OFJ6N53", "TimeCreated": "2024-08-30 16:18:31.208990+00:00", "RecordID": "2187", "Level": "16", "UserID": "S-1-5-18", "EventData.ServiceName": "Microsoft Passport"}
{"EventID": "8025", "Channel": "Microsoft-Windows-HelloForBusiness/Operational", "Provider_Name": "Microsoft-Windows-HelloForBusiness", "Computer": "DESKTOP-OFJ6N53", "TimeCreated": "2024-09-02 15:29:32.305883+00:00", "RecordID": "2188", "Level": "16", "UserID": "S-1-5-18", "EventData.ServiceName": "Microsoft Passport"}
{"EventID": "8025", "Channel": "Microsoft-Windows-HelloForBusiness/Operational", "Provider_Name": "Microsoft-Windows-HelloForBusiness", "Computer": "DESKTOP-OFJ6N53", "TimeCreated": "2024-09-03 08:20:28.704754+00:00", "RecordID": "2189", "Level": "16", "UserID": "S-1-5-18", "EventData.ServiceName": "Microsoft Passport"}
{"EventID": "8025", "Channel": "Microsoft-Windows-HelloForBusiness/Operational", "Provider_Name": "Microsoft-Windows-HelloForBusiness", "Computer": "DESKTOP-OFJ6N53", "TimeCreated": "2024-09-04 08:20:28.713146+00:00", "RecordID": "2190", "Level": "16", "UserID": "S-1-5-18", "EventData.ServiceName": "Microsoft Passport"}
{"EventID": "5520", "Channel": "Microsoft-Windows-HelloForBusiness/Operational", "Provider_Name": "Microsoft-Windows-HelloForBusiness", "Computer": "DESKTOP-OFJ6N53", "TimeCreated": "2024-09-04 10:51:54.382097+00:00", "RecordID": "2191", "Level": "4", "UserID": "S-1-5-21-963789628-1060504924-4285088085-1001"}
{"EventID": "8025", "Channel": "Microsoft-Windows-HelloForBusiness/Operational", "Provider_Name": "Microsoft-Windows-HelloForBusiness", "Computer": "DESKTOP-OFJ6N53", "TimeCreated": "2024-09-04 10:51:54.461840+00:00", "RecordID": "2192", "Level": "16", "UserID": "S-1-5-18", "EventData.ServiceName": "Microsoft Passport"}
{"EventID": "5520", "Channel": "Microsoft-Windows-HelloForBusiness/Operational", "Provider_Name": "Microsoft-Windows-HelloForBusiness", "Computer": "DESKTOP-OFJ6N53", "TimeCreated": "2024-09-04 10:52:29.838184+00:00", "RecordID": "2193", "Level": "4", "UserID": "S-1-5-21-963789628-1060504924-4285088085-1001"}
{"EventID": "8025", "Channel": "Microsoft-Windows-HelloForBusiness/Operational", "Provider_Name": "Microsoft-Windows-HelloForBusiness", "Computer": "DESKTOP-OFJ6N53", "TimeCreated": "2024-09-05 08:20:32.076595+00:00", "RecordID": "2194", "Level": "16", "UserID": "S-1-5-18", "EventData.ServiceName": "Microsoft Passport"}
{"EventID": "8025", "Channel": "Microsoft-Windows-HelloForBusiness/Operational", "Provider_Name": "Microsoft-Windows-HelloForBusiness", "Computer": "DESKTOP-OFJ6N53", "TimeCreated": "2024-09-06 08:20:33.708124+00:00", "RecordID": "2195", "Level": "16", "UserID": "S-1-5-18", "EventData.ServiceName": "Microsoft Passport"}
{"EventID": "8025", "Channel": "Microsoft-Windows-HelloForBusiness/Operational", "Provider_Name": "Microsoft-Windows-HelloForBusiness", "Computer": "DESKTOP-OFJ6N53", "TimeCreated": "2024-09-06 13:35:30.349400+00:00", "RecordID": "2196", "Level": "16", "UserID": "S-1-5-18", "EventData.ServiceName": "Microsoft Passport"}
{"EventID": "8025", "Channel": "Microsoft-Windows-HelloForBusiness/Operational", "Provider_Name": "Microsoft-Windows-HelloForBusiness", "Computer": "DESKTOP-OFJ6N53", "TimeCreated": "2024-09-06 13:40:17.302511+00:00", "RecordID": "2197", "Level": "16", "UserID": "S-1-5-19", "EventData.ServiceName": "Microsoft Passport Container"}
{"EventID": "5520", "Channel": "Microsoft-Windows-HelloForBusiness/Operational", "Provider_Name": "Microsoft-Windows-HelloForBusiness", "Computer": "DESKTOP-OFJ6N53", "TimeCreated": "2024-09-06 13:40:21.216782+00:00", "RecordID": "2198", "Level": "4", "UserID": "S-1-5-18"}
{"EventID": "3054", "Channel": "Microsoft-Windows-HelloForBusiness/Operational", "Provider_Name": "Microsoft-Windows-HelloForBusiness", "Computer": "DESKTOP-OFJ6N53", "TimeCreated": "2024-09-06 13:40:27.546076+00:00", "RecordID": "2199", "Level": "4", "UserID": "S-1-5-21-963789628-1060504924-4285088085-1001"}
{"EventID": "8210", "Channel": "Microsoft-Windows-HelloForBusiness/Operational", "Provider_Name": "Microsoft-Windows-HelloForBusiness", "Computer": "DESKTOP-OFJ6N53", "TimeCreated": "2024-09-06 13:40:27.546080+00:00", "RecordID": "2200", "Level": "16", "UserID": "S-1-5-21-963789628-1060504924-4285088085-1001"}
{"EventID": "7201", "Channel": "Microsoft-Windows-HelloForBusiness/Operational", "Provider_Name": "Microsoft-Windows-HelloForBusiness", "Computer": "DESKTOP-OFJ6N53", "TimeCreated": "2024-09-06 13:40:27.546080+00:00", "RecordID": "2201", "Level": "2", "UserID": "S-1-5-21-963789628-1060504924-4285088085-1001"}
{"EventID": "7054", "Channel": "Microsoft-Windows-HelloForBusiness/Operational", "Provider_Name": "Microsoft-Windows-HelloForBusiness", "Computer": "DESKTOP-OFJ6N53", "TimeCreated": "2024-09-06 13:40:27.546082+00:00", "RecordID": "2202", "Level": "2", "UserID": "S-1-5-21-963789628-1060504924-4285088085-1001", "EventData.Error": "0x00000001"}
{"EventID": "5520", "Channel": "Microsoft-Windows-HelloForBusiness/Operational", "Provider_Name": "Microsoft-Windows-HelloForBusiness", "Computer": "DESKTOP-OFJ6N53", "TimeCreated": "2024-09-06 13:40:38.012695+00:00", "RecordID": "2203", "Level": "4", "UserID": "S-1-5-18"}
{"EventID": "8025", "Channel": "Microsoft-Windows-HelloForBusiness/Operational", "Provider_Name": "Microsoft-Windows-HelloForBusiness", "Computer": "DESKTOP-OFJ6N53", "TimeCreated": "2024-09-06 13:41:05.041613+00:00", "RecordID": "2204", "Level": "16", "UserID": "S-1-5-18", "EventData.ServiceName": "Microsoft Passport"}
{"EventID": "8025", "Channel": "Microsoft-Windows-HelloForBusiness/Operational", "Provider_Name": "Microsoft-Windows-HelloForBusiness", "Computer": "DESKTOP-OFJ6N53", "TimeCreated": "2024-09-06 15:32:00.902138+00:00", "RecordID": "2205", "Level": "16", "UserID": "S-1-5-18", "EventData.ServiceName": "Microsoft Passport"}
{"EventID": "8025", "Channel": "Microsoft-Windows-HelloForBusiness/Operational", "Provider_Name": "Microsoft-Windows-HelloForBusiness", "Computer": "DESKTOP-OFJ6N53", "TimeCreated": "2024-09-06 15:35:16.579990+00:00", "RecordID": "2206", "Level": "16", "UserID": "S-1-5-19", "EventData.ServiceName": "Microsoft Passport Container"}
{"EventID": "8025", "Channel": "Microsoft-Windows-HelloForBusiness/Operational", "Provider_Name": "Microsoft-Windows-HelloForBusiness", "Computer": "DESKTOP-OFJ6N53", "TimeCreated": "2024-09-07 13:50:55.337650+00:00", "RecordID": "2207", "Level": "16", "UserID": "S-1-5-18", "EventData.ServiceName": "Microsoft Passport"}
{"EventID": "8025", "Channel": "Microsoft-Windows-HelloForBusiness/Operational", "Provider_Name": "Microsoft-Windows-HelloForBusiness", "Computer": "DESKTOP-OFJ6N53", "TimeCreated": "2024-09-08 13:50:57.002920+00:00", "RecordID": "2208", "Level": "16", "UserID": "S-1-5-18", "EventData.ServiceName": "Microsoft Passport"}
{"EventID": "8025", "Channel": "Microsoft-Windows-HelloForBusiness/Operational", "Provider_Name": "Microsoft-Windows-HelloForBusiness", "Computer": "DESKTOP-OFJ6N53", "TimeCreated": "2024-09-09 13:50:58.698011+00:00", "RecordID": "2209", "Level": "16", "UserID": "S-1-5-18", "EventData.ServiceName": "Microsoft Passport"}
{"EventID": "8025", "Channel": "Microsoft-Windows-HelloForBusiness/Operational", "Provider_Name": "Microsoft-Windows-HelloForBusiness", "Computer": "DESKTOP-OFJ6N53", "TimeCreated": "2024-09-10 13:51:00.401632+00:00", "RecordID": "2210", "Level": "16", "UserID": "S-1-5-18", "EventData.ServiceName": "Microsoft Passport"}
{"EventID": "8025", "Channel": "Microsoft-Windows-HelloForBusiness/Operational", "Provider_Name": "Microsoft-Windows-HelloForBusiness", "Computer": "DESKTOP-OFJ6N53", "TimeCreated": "2024-09-10 16:34:49.939451+00:00", "RecordID": "2211", "Level": "16", "UserID": "S-1-5-18", "EventData.ServiceName": "Microsoft Passport"}
{"EventID": "8025", "Channel": "Microsoft-Windows-HelloForBusiness/Operational", "Provider_Name": "Microsoft-Windows-HelloForBusiness", "Computer": "DESKTOP-OFJ6N53", "TimeCreated": "2024-09-10 16:34:50.010189+00:00", "RecordID": "2212", "Level": "16", "UserID": "S-1-5-19", "EventData.ServiceName": "Microsoft Passport Container"}
{"EventID": "5520", "Channel": "Microsoft-Windows-HelloForBusiness/Operational", "Provider_Name": "Microsoft-Windows-HelloForBusiness", "Computer": "DESKTOP-OFJ6N53", "TimeCreated": "2024-09-10 16:35:10.591345+00:00", "RecordID": "2213", "Level": "4", "UserID": "S-1-5-21-963789628-1060504924-4285088085-1001"}
{"EventID": "5520", "Channel": "Microsoft-Windows-HelloForBusiness/Operational", "Provider_Name": "Microsoft-Windows-HelloForBusiness", "Computer": "DESKTOP-OFJ6N53", "TimeCreated": "2024-09-11 09:22:04.057014+00:00", "RecordID": "2214", "Level": "4", "UserID": "S-1-5-18"}
{"EventID": "8025", "Channel": "Microsoft-Windows-HelloForBusiness/Operational", "Provider_Name": "Microsoft-Windows-HelloForBusiness", "Computer": "DESKTOP-OFJ6N53", "TimeCreated": "2024-09-11 09:22:52.022074+00:00", "RecordID": "2215", "Level": "16", "UserID": "S-1-5-18", "EventData.ServiceName": "Microsoft Passport"}
{"EventID": "8025", "Channel": "Microsoft-Windows-HelloForBusiness/Operational", "Provider_Name": "Microsoft-Windows-HelloForBusiness", "Computer": "DESKTOP-OFJ6N53", "TimeCreated": "2024-09-11 14:51:06.545143+00:00", "RecordID": "2216", "Level": "16", "UserID": "S-1-5-19", "EventData.ServiceName": "Microsoft Passport Container"}
{"EventID": "5520", "Channel": "Microsoft-Windows-HelloForBusiness/Operational", "Provider_Name": "Microsoft-Windows-HelloForBusiness", "Computer": "DESKTOP-OFJ6N53", "TimeCreated": "2024-09-11 14:52:01.678904+00:00", "RecordID": "2217", "Level": "4", "UserID": "S-1-5-18"}
{"EventID": "3054", "Channel": "Microsoft-Windows-HelloForBusiness/Operational", "Provider_Name": "Microsoft-Windows-HelloForBusiness", "Computer": "DESKTOP-OFJ6N53", "TimeCreated": "2024-09-11 14:52:11.227356+00:00", "RecordID": "2218", "Level": "4", "UserID": "S-1-5-21-963789628-1060504924-4285088085-1001"}
{"EventID": "8210", "Channel": "Microsoft-Windows-HelloForBusiness/Operational", "Provider_Name": "Microsoft-Windows-HelloForBusiness", "Computer": "DESKTOP-OFJ6N53", "TimeCreated": "2024-09-11 14:52:11.227358+00:00", "RecordID": "2219", "Level": "16", "UserID": "S-1-5-21-963789628-1060504924-4285088085-1001"}
{"EventID": "7201", "Channel": "Microsoft-Windows-HelloForBusiness/Operational", "Provider_Name": "Microsoft-Windows-HelloForBusiness", "Computer": "DESKTOP-OFJ6N53", "TimeCreated": "2024-09-11 14:52:11.227360+00:00", "RecordID": "2220", "Level": "2", "UserID": "S-1-5-21-963789628-1060504924-4285088085-1001"}
{"EventID": "7054", "Channel": "Microsoft-Windows-HelloForBusiness/Operational", "Provider_Name": "Microsoft-Windows-HelloForBusiness", "Computer": "DESKTOP-OFJ6N53", "TimeCreated": "2024-09-11 14:52:11.227362+00:00", "RecordID": "2221", "Level": "2", "UserID": "S-1-5-21-963789628-1060504924-4285088085-1001", "EventData.Error": "0x00000001"}
{"EventID": "8025", "Channel": "Microsoft-Windows-HelloForBusiness/Operational", "Provider_Name": "Microsoft-Windows-HelloForBusiness", "Computer": "DESKTOP-OFJ6N53", "TimeCreated": "2024-09-11 14:52:41.460571+00:00", "RecordID": "2222", "Level": "16", "UserID": "S-1-5-18", "EventData.ServiceName": "Microsoft Passport"}
{"EventID": "8025", "Channel": "Microsoft-Windows-HelloForBusiness/Operational", "Provider_Name": "Microsoft-Windows-HelloForBusiness", "Computer": "DESKTOP-OFJ6N53", "TimeCreated": "2024-09-12 15:02:29.668451+00:00", "RecordID": "2223", "Level": "16", "UserID": "S-1-5-18", "EventData.ServiceName": "Microsoft Passport"}
{"EventID": "8025", "Channel": "Microsoft-Windows-HelloForBusiness/Operational", "Provider_Name": "Microsoft-Windows-HelloForBusiness", "Computer": "DESKTOP-OFJ6N53", "TimeCreated": "2024-09-13 15:02:31.374748+00:00", "RecordID": "2224", "Level": "16", "UserID": "S-1-5-18", "EventData.ServiceName": "Microsoft Passport"}
{"EventID": "8025", "Channel": "Microsoft-Windows-HelloForBusiness/Operational", "Provider_Name": "Microsoft-Windows-HelloForBusiness", "Computer": "DESKTOP-OFJ6N53", "TimeCreated": "2024-09-14 15:02:33.057568+00:00", "RecordID": "2225", "Level": "16", "UserID": "S-1-5-18", "EventData.ServiceName": "Microsoft Passport"}
{"EventID": "8025", "Channel": "Microsoft-Windows-HelloForBusiness/Operational", "Provider_Name": "Microsoft-Windows-HelloForBusiness", "Computer": "DESKTOP-OFJ6N53", "TimeCreated": "2024-09-15 15:02:34.732124+00:00", "RecordID": "2226", "Level": "16", "UserID": "S-1-5-18", "EventData.ServiceName": "Microsoft Passport"}
{"EventID": "5520", "Channel": "Microsoft-Windows-HelloForBusiness/Operational", "Provider_Name": "Microsoft-Windows-HelloForBusiness", "Computer": "DESKTOP-OFJ6N53", "TimeCreated": "2024-09-16 12:51:02.104517+00:00", "RecordID": "2227", "Level": "4", "UserID": "S-1-5-18"}
{"EventID": "8025", "Channel": "Microsoft-Windows-HelloForBusiness/Operational", "Provider_Name": "Microsoft-Windows-HelloForBusiness", "Computer": "DESKTOP-OFJ6N53", "TimeCreated": "2024-09-16 12:51:07.332951+00:00", "RecordID": "2228", "Level": "16", "UserID": "S-1-5-18", "EventData.ServiceName": "Microsoft Passport"}
{"EventID": "8025", "Channel": "Microsoft-Windows-HelloForBusiness/Operational", "Provider_Name": "Microsoft-Windows-HelloForBusiness", "Computer": "DESKTOP-OFJ6N53", "TimeCreated": "2024-09-16 15:52:49.200155+00:00", "RecordID": "2229", "Level": "16", "UserID": "S-1-5-18", "EventData.ServiceName": "Microsoft Passport"}
{"EventID": "8025", "Channel": "Microsoft-Windows-HelloForBusiness/Operational", "Provider_Name": "Microsoft-Windows-HelloForBusiness", "Computer": "DESKTOP-OFJ6N53", "TimeCreated": "2024-09-16 20:52:55.230925+00:00", "RecordID": "2230", "Level": "16", "UserID": "S-1-5-19", "EventData.ServiceName": "Microsoft Passport Container"}
{"EventID": "8025", "Channel": "Microsoft-Windows-HelloForBusiness/Operational", "Provider_Name": "Microsoft-Windows-HelloForBusiness", "Computer": "DESKTOP-OFJ6N53", "TimeCreated": "2024-09-17 12:03:40.879347+00:00", "RecordID": "2231", "Level": "16", "UserID": "S-1-5-19", "EventData.ServiceName": "Microsoft Passport Container"}
{"EventID": "8025", "Channel": "Microsoft-Windows-HelloForBusiness/Operational", "Provider_Name": "Microsoft-Windows-HelloForBusiness", "Computer": "DESKTOP-OFJ6N53", "TimeCreated": "2024-09-18 15:02:39.817743+00:00", "RecordID": "2232", "Level": "16", "UserID": "S-1-5-18", "EventData.ServiceName": "Microsoft Passport"}
{"EventID": "5520", "Channel": "Microsoft-Windows-HelloForBusiness/Operational", "Provider_Name": "Microsoft-Windows-HelloForBusiness", "Computer": "DESKTOP-OFJ6N53", "TimeCreated": "2024-09-19 07:42:12.329451+00:00", "RecordID": "2233", "Level": "4", "UserID": "S-1-5-21-963789628-1060504924-4285088085-1001"}
{"EventID": "8025", "Channel": "Microsoft-Windows-HelloForBusiness/Operational", "Provider_Name": "Microsoft-Windows-HelloForBusiness", "Computer": "DESKTOP-OFJ6N53", "TimeCreated": "2024-09-19 15:02:41.482006+00:00", "RecordID": "2234", "Level": "16", "UserID": "S-1-5-18", "EventData.ServiceName": "Microsoft Passport"}
{"EventID": "5520", "Channel": "Microsoft-Windows-HelloForBusiness/Operational", "Provider_Name": "Microsoft-Windows-HelloForBusiness", "Computer": "DESKTOP-OFJ6N53", "TimeCreated": "2024-09-19 17:12:19.448647+00:00", "RecordID": "2235", "Level": "4", "UserID": "S-1-5-18"}
{"EventID": "8025", "Channel": "Microsoft-Windows-HelloForBusiness/Operational", "Provider_Name": "Microsoft-Windows-HelloForBusiness", "Computer": "DESKTOP-OFJ6N53", "TimeCreated": "2024-09-19 17:25:28.704790+00:00", "RecordID": "2236", "Level": "16", "UserID": "S-1-5-19", "EventData.ServiceName": "Microsoft Passport Container"}
{"EventID": "5520", "Channel": "Microsoft-Windows-HelloForBusiness/Operational", "Provider_Name": "Microsoft-Windows-HelloForBusiness", "Computer": "DESKTOP-OFJ6N53", "TimeCreated": "2024-09-19 17:25:34.780054+00:00", "RecordID": "2237", "Level": "4", "UserID": "S-1-5-18"}
{"EventID": "3054", "Channel": "Microsoft-Windows-HelloForBusiness/Operational", "Provider_Name": "Microsoft-Windows-HelloForBusiness", "Computer": "DESKTOP-OFJ6N53", "TimeCreated": "2024-09-19 17:25:36.160032+00:00", "RecordID": "2238", "Level": "4", "UserID": "S-1-5-21-963789628-1060504924-4285088085-1001"}
{"EventID": "8210", "Channel": "Microsoft-Windows-HelloForBusiness/Operational", "Provider_Name": "Microsoft-Windows-HelloForBusiness", "Computer": "DESKTOP-OFJ6N53", "TimeCreated": "2024-09-19 17:25:36.160034+00:00", "RecordID": "2239", "Level": "16", "UserID": "S-1-5-21-963789628-1060504924-4285088085-1001"}
{"EventID": "7201", "Channel": "Microsoft-Windows-HelloForBusiness/Operational", "Provider_Name": "Microsoft-Windows-HelloForBusiness", "Computer": "DESKTOP-OFJ6N53", "TimeCreated": "2024-09-19 17:25:36.160036+00:00", "RecordID": "2240", "Level": "2", "UserID": "S-1-5-21-963789628-1060504924-4285088085-1001"}
{"EventID": "7054", "Channel": "Microsoft-Windows-HelloForBusiness/Operational", "Provider_Name": "Microsoft-Windows-HelloForBusiness", "Computer": "DESKTOP-OFJ6N53", "TimeCreated": "2024-09-19 17:25:36.160038+00:00", "RecordID": "2241", "Level": "2", "UserID": "S-1-5-21-963789628-1060504924-4285088085-1001", "EventData.Error": "0x00000001"}
{"EventID": "5520", "Channel": "Microsoft-Windows-HelloForBusiness/Operational", "Provider_Name": "Microsoft-Windows-HelloForBusiness", "Computer": "DESKTOP-OFJ6N53", "TimeCreated": "2024-09-19 17:25:43.367386+00:00", "RecordID": "2242", "Level": "4", "UserID": "S-1-5-18"}
{"EventID": "8025", "Channel": "Microsoft-Windows-HelloForBusiness/Operational", "Provider_Name": "Microsoft-Windows-HelloForBusiness", "Computer": "DESKTOP-OFJ6N53", "TimeCreated": "2024-09-19 17:26:07.452423+00:00", "RecordID": "2243", "Level": "16", "UserID": "S-1-5-18", "EventData.ServiceName": "Microsoft Passport"}
{"EventID": "8025", "Channel": "Microsoft-Windows-HelloForBusiness/Operational", "Provider_Name": "Microsoft-Windows-HelloForBusiness", "Computer": "DESKTOP-OFJ6N53", "TimeCreated": "2024-09-22 14:15:47.117088+00:00", "RecordID": "2244", "Level": "16", "UserID": "S-1-5-18", "EventData.ServiceName": "Microsoft Passport"}
{"EventID": "8025", "Channel": "Microsoft-Windows-HelloForBusiness/Operational", "Provider_Name": "Microsoft-Windows-HelloForBusiness", "Computer": "DESKTOP-OFJ6N53", "TimeCreated": "2024-09-22 14:20:27.749182+00:00", "RecordID": "2245", "Level": "16", "UserID": "S-1-5-18", "EventData.ServiceName": "Microsoft Passport"}
{"EventID": "8025", "Channel": "Microsoft-Windows-HelloForBusiness/Operational", "Provider_Name": "Microsoft-Windows-HelloForBusiness", "Computer": "DESKTOP-OFJ6N53", "TimeCreated": "2024-09-22 14:20:53.950876+00:00", "RecordID": "2246", "Level": "16", "UserID": "S-1-5-19", "EventData.ServiceName": "Microsoft Passport Container"}
{"EventID": "5520", "Channel": "Microsoft-Windows-HelloForBusiness/Operational", "Provider_Name": "Microsoft-Windows-HelloForBusiness", "Computer": "DESKTOP-OFJ6N53", "TimeCreated": "2024-09-22 14:31:12.585793+00:00", "RecordID": "2247", "Level": "4", "UserID": "S-1-5-21-963789628-1060504924-4285088085-1001"}
{"EventID": "8025", "Channel": "Microsoft-Windows-HelloForBusiness/Operational", "Provider_Name": "Microsoft-Windows-HelloForBusiness", "Computer": "DESKTOP-OFJ6N53", "TimeCreated": "2024-09-22 17:35:55.960432+00:00", "RecordID": "2248", "Level": "16", "UserID": "S-1-5-18", "EventData.ServiceName": "Microsoft Passport"}
{"EventID": "8025", "Channel": "Microsoft-Windows-HelloForBusiness/Operational", "Provider_Name": "Microsoft-Windows-HelloForBusiness", "Computer": "DESKTOP-OFJ6N53", "TimeCreated": "2024-09-23 17:35:57.626341+00:00", "RecordID": "2249", "Level": "16", "UserID": "S-1-5-18", "EventData.ServiceName": "Microsoft Passport"}
{"EventID": "5520", "Channel": "Microsoft-Windows-HelloForBusiness/Operational", "Provider_Name": "Microsoft-Windows-HelloForBusiness", "Computer": "DESKTOP-OFJ6N53", "TimeCreated": "2024-09-24 10:56:38.775698+00:00", "RecordID": "2250", "Level": "4", "UserID": "S-1-5-18"}
{"EventID": "8025", "Channel": "Microsoft-Windows-HelloForBusiness/Operational", "Provider_Name": "Microsoft-Windows-HelloForBusiness", "Computer": "DESKTOP-OFJ6N53", "TimeCreated": "2024-09-24 10:57:34.600428+00:00", "RecordID": "2251", "Level": "16", "UserID": "S-1-5-19", "EventData.ServiceName": "Microsoft Passport Container"}
{"EventID": "5520", "Channel": "Microsoft-Windows-HelloForBusiness/Operational", "Provider_Name": "Microsoft-Windows-HelloForBusiness", "Computer": "DESKTOP-OFJ6N53", "TimeCreated": "2024-09-24 10:57:40.349886+00:00", "RecordID": "2252", "Level": "4", "UserID": "S-1-5-18"}
{"EventID": "3054", "Channel": "Microsoft-Windows-HelloForBusiness/Operational", "Provider_Name": "Microsoft-Windows-HelloForBusiness", "Computer": "DESKTOP-OFJ6N53", "TimeCreated": "2024-09-24 10:57:42.969248+00:00", "RecordID": "2253", "Level": "4", "UserID": "S-1-5-21-963789628-1060504924-4285088085-1001"}
{"EventID": "8210", "Channel": "Microsoft-Windows-HelloForBusiness/Operational", "Provider_Name": "Microsoft-Windows-HelloForBusiness", "Computer": "DESKTOP-OFJ6N53", "TimeCreated": "2024-09-24 10:57:42.969250+00:00", "RecordID": "2254", "Level": "16", "UserID": "S-1-5-21-963789628-1060504924-4285088085-1001"}
{"EventID": "7201", "Channel": "Microsoft-Windows-HelloForBusiness/Operational", "Provider_Name": "Microsoft-Windows-HelloForBusiness", "Computer": "DESKTOP-OFJ6N53", "TimeCreated": "2024-09-24 10:57:42.969250+00:00", "RecordID": "2255", "Level": "2", "UserID": "S-1-5-21-963789628-1060504924-4285088085-1001"}
{"EventID": "7054", "Channel": "Microsoft-Windows-HelloForBusiness/Operational", "Provider_Name": "Microsoft-Windows-HelloForBusiness", "Computer": "DESKTOP-OFJ6N53", "TimeCreated": "2024-09-24 10:57:42.969252+00:00", "RecordID": "2256", "Level": "2", "UserID": "S-1-5-21-963789628-1060504924-4285088085-1001", "EventData.Error": "0x00000001"}
{"EventID": "8025", "Channel": "Microsoft-Windows-HelloForBusiness/Operational", "Provider_Name": "Microsoft-Windows-HelloForBusiness", "Computer": "DESKTOP-OFJ6N53", "TimeCreated": "2024-09-24 10:57:55.838491+00:00", "RecordID": "2257", "Level": "16", "UserID": "S-1-5-18", "EventData.ServiceName": "Microsoft Passport"}
{"EventID": "5520", "Channel": "Microsoft-Windows-HelloForBusiness/Operational", "Provider_Name": "Microsoft-Windows-HelloForBusiness", "Computer": "DESKTOP-OFJ6N53", "TimeCreated": "2024-09-24 12:12:18.851217+00:00", "RecordID": "2258", "Level": "4", "UserID": "S-1-5-18"}
{"EventID": "8025", "Channel": "Microsoft-Windows-HelloForBusiness/Operational", "Provider_Name": "Microsoft-Windows-HelloForBusiness", "Computer": "DESKTOP-OFJ6N53", "TimeCreated": "2024-09-24 12:12:20.330162+00:00", "RecordID": "2259", "Level": "16", "UserID": "S-1-5-18", "EventData.ServiceName": "Microsoft Passport"}
{"EventID": "8025", "Channel": "Microsoft-Windows-HelloForBusiness/Operational", "Provider_Name": "Microsoft-Windows-HelloForBusiness", "Computer": "DESKTOP-OFJ6N53", "TimeCreated": "2024-09-24 12:15:19.982409+00:00", "RecordID": "2260", "Level": "16", "UserID": "S-1-5-18", "EventData.ServiceName": "Microsoft Passport"}
{"EventID": "8025", "Channel": "Microsoft-Windows-HelloForBusiness/Operational", "Provider_Name": "Microsoft-Windows-HelloForBusiness", "Computer": "DESKTOP-OFJ6N53", "TimeCreated": "2024-09-24 12:15:20.041630+00:00", "RecordID": "2261", "Level": "16", "UserID": "S-1-5-19", "EventData.ServiceName": "Microsoft Passport Container"}
{"EventID": "5520", "Channel": "Microsoft-Windows-HelloForBusiness/Operational", "Provider_Name": "Microsoft-Windows-HelloForBusiness", "Computer": "DESKTOP-OFJ6N53", "TimeCreated": "2024-09-24 12:15:48.730240+00:00", "RecordID": "2262", "Level": "4", "UserID": "S-1-5-18"}
{"EventID": "8025", "Channel": "Microsoft-Windows-HelloForBusiness/Operational", "Provider_Name": "Microsoft-Windows-HelloForBusiness", "Computer": "DESKTOP-OFJ6N53", "TimeCreated": "2024-09-24 15:14:29.114456+00:00", "RecordID": "2263", "Level": "16", "UserID": "S-1-5-18", "EventData.ServiceName": "Microsoft Passport"}
{"EventID": "8025", "Channel": "Microsoft-Windows-HelloForBusiness/Operational", "Provider_Name": "Microsoft-Windows-HelloForBusiness", "Computer": "DESKTOP-OFJ6N53", "TimeCreated": "2024-09-25 13:21:45.308350+00:00", "RecordID": "2264", "Level": "16", "UserID": "S-1-5-18", "EventData.ServiceName": "Microsoft Passport"}
{"EventID": "5520", "Channel": "Microsoft-Windows-HelloForBusiness/Operational", "Provider_Name": "Microsoft-Windows-HelloForBusiness", "Computer": "DESKTOP-OFJ6N53", "TimeCreated": "2024-09-25 13:23:09.407440+00:00", "RecordID": "2265", "Level": "4", "UserID": "S-1-5-18"}
{"EventID": "8025", "Channel": "Microsoft-Windows-HelloForBusiness/Operational", "Provider_Name": "Microsoft-Windows-HelloForBusiness", "Computer": "DESKTOP-OFJ6N53", "TimeCreated": "2024-09-25 13:27:15.760004+00:00", "RecordID": "2266", "Level": "16", "UserID": "S-1-5-19", "EventData.ServiceName": "Microsoft Passport Container"}
{"EventID": "8025", "Channel": "Microsoft-Windows-HelloForBusiness/Operational", "Provider_Name": "Microsoft-Windows-HelloForBusiness", "Computer": "DESKTOP-OFJ6N53", "TimeCreated": "2024-09-25 13:39:00.058430+00:00", "RecordID": "2267", "Level": "16", "UserID": "S-1-5-19", "EventData.ServiceName": "Microsoft Passport Container"}
{"EventID": "5520", "Channel": "Microsoft-Windows-HelloForBusiness/Operational", "Provider_Name": "Microsoft-Windows-HelloForBusiness", "Computer": "DESKTOP-OFJ6N53", "TimeCreated": "2024-09-25 13:39:05.638830+00:00", "RecordID": "2268", "Level": "4", "UserID": "S-1-5-18"}
{"EventID": "3054", "Channel": "Microsoft-Windows-HelloForBusiness/Operational", "Provider_Name": "Microsoft-Windows-HelloForBusiness", "Computer": "DESKTOP-OFJ6N53", "TimeCreated": "2024-09-25 13:39:07.641125+00:00", "RecordID": "2269", "Level": "4", "UserID": "S-1-5-21-963789628-1060504924-4285088085-1001"}
{"EventID": "8210", "Channel": "Microsoft-Windows-HelloForBusiness/Operational", "Provider_Name": "Microsoft-Windows-HelloForBusiness", "Computer": "DESKTOP-OFJ6N53", "TimeCreated": "2024-09-25 13:39:07.641127+00:00", "RecordID": "2270", "Level": "16", "UserID": "S-1-5-21-963789628-1060504924-4285088085-1001"}
{"EventID": "7201", "Channel": "Microsoft-Windows-HelloForBusiness/Operational", "Provider_Name": "Microsoft-Windows-HelloForBusiness", "Computer": "DESKTOP-OFJ6N53", "TimeCreated": "2024-09-25 13:39:07.641127+00:00", "RecordID": "2271", "Level": "2", "UserID": "S-1-5-21-963789628-1060504924-4285088085-1001"}
{"EventID": "7054", "Channel": "Microsoft-Windows-HelloForBusiness/Operational", "Provider_Name": "Microsoft-Windows-HelloForBusiness", "Computer": "DESKTOP-OFJ6N53", "TimeCreated": "2024-09-25 13:39:07.641127+00:00", "RecordID": "2272", "Level": "2", "UserID": "S-1-5-21-963789628-1060504924-4285088085-1001", "EventData.Error": "0x00000001"}
{"EventID": "5520", "Channel": "Microsoft-Windows-HelloForBusiness/Operational", "Provider_Name": "Microsoft-Windows-HelloForBusiness", "Computer": "DESKTOP-OFJ6N53", "TimeCreated": "2024-09-25 13:56:42.226259+00:00", "RecordID": "2273", "Level": "4", "UserID": "S-1-5-18"}
{"EventID": "8025", "Channel": "Microsoft-Windows-HelloForBusiness/Operational", "Provider_Name": "Microsoft-Windows-HelloForBusiness", "Computer": "DESKTOP-OFJ6N53", "TimeCreated": "2024-09-25 13:56:43.893606+00:00", "RecordID": "2274", "Level": "16", "UserID": "S-1-5-18", "EventData.ServiceName": "Microsoft Passport"}
{"EventID": "8025", "Channel": "Microsoft-Windows-HelloForBusiness/Operational", "Provider_Name": "Microsoft-Windows-HelloForBusiness", "Computer": "DESKTOP-OFJ6N53", "TimeCreated": "2024-09-25 14:23:00.093012+00:00", "RecordID": "2275", "Level": "16", "UserID": "S-1-5-18", "EventData.ServiceName": "Microsoft Passport"}
{"EventID": "8025", "Channel": "Microsoft-Windows-HelloForBusiness/Operational", "Provider_Name": "Microsoft-Windows-HelloForBusiness", "Computer": "DESKTOP-OFJ6N53", "TimeCreated": "2024-09-25 14:26:09.369286+00:00", "RecordID": "2276", "Level": "16", "UserID": "S-1-5-18", "EventData.ServiceName": "Microsoft Passport"}
{"EventID": "8025", "Channel": "Microsoft-Windows-HelloForBusiness/Operational", "Provider_Name": "Microsoft-Windows-HelloForBusiness", "Computer": "DESKTOP-OFJ6N53", "TimeCreated": "2024-09-25 14:38:12.013664+00:00", "RecordID": "2277", "Level": "16", "UserID": "S-1-5-18", "EventData.ServiceName": "Microsoft Passport"}
{"EventID": "8025", "Channel": "Microsoft-Windows-HelloForBusiness/Operational", "Provider_Name": "Microsoft-Windows-HelloForBusiness", "Computer": "DESKTOP-OFJ6N53", "TimeCreated": "2024-09-25 14:38:12.102634+00:00", "RecordID": "2278", "Level": "16", "UserID": "S-1-5-19", "EventData.ServiceName": "Microsoft Passport Container"}
{"EventID": "5520", "Channel": "Microsoft-Windows-HelloForBusiness/Operational", "Provider_Name": "Microsoft-Windows-HelloForBusiness", "Computer": "DESKTOP-OFJ6N53", "TimeCreated": "2024-09-25 14:39:00.038986+00:00", "RecordID": "2279", "Level": "4", "UserID": "S-1-5-21-963789628-1060504924-4285088085-1001"}
{"EventID": "8025", "Channel": "Microsoft-Windows-HelloForBusiness/Operational", "Provider_Name": "Microsoft-Windows-HelloForBusiness", "Computer": "DESKTOP-OFJ6N53", "TimeCreated": "2024-09-26 13:49:22.387264+00:00", "RecordID": "2280", "Level": "16", "UserID": "S-1-5-18", "EventData.ServiceName": "Microsoft Passport"}
{"EventID": "5520", "Channel": "Microsoft-Windows-HelloForBusiness/Operational", "Provider_Name": "Microsoft-Windows-HelloForBusiness", "Computer": "DESKTOP-OFJ6N53", "TimeCreated": "2024-09-27 03:13:30.703230+00:00", "RecordID": "2281", "Level": "4", "UserID": "S-1-5-18"}
{"EventID": "8025", "Channel": "Microsoft-Windows-HelloForBusiness/Operational", "Provider_Name": "Microsoft-Windows-HelloForBusiness", "Computer": "DESKTOP-OFJ6N53", "TimeCreated": "2024-09-27 13:49:24.533960+00:00", "RecordID": "2282", "Level": "16", "UserID": "S-1-5-18", "EventData.ServiceName": "Microsoft Passport"}
{"EventID": "8025", "Channel": "Microsoft-Windows-HelloForBusiness/Operational", "Provider_Name": "Microsoft-Windows-HelloForBusiness", "Computer": "DESKTOP-OFJ6N53", "TimeCreated": "2024-09-28 12:29:09.781651+00:00", "RecordID": "2283", "Level": "16", "UserID": "S-1-5-19", "EventData.ServiceName": "Microsoft Passport Container"}
{"EventID": "5520", "Channel": "Microsoft-Windows-HelloForBusiness/Operational", "Provider_Name": "Microsoft-Windows-HelloForBusiness", "Computer": "DESKTOP-OFJ6N53", "TimeCreated": "2024-09-28 12:29:15.176901+00:00", "RecordID": "2284", "Level": "4", "UserID": "S-1-5-18"}
{"EventID": "3054", "Channel": "Microsoft-Windows-HelloForBusiness/Operational", "Provider_Name": "Microsoft-Windows-HelloForBusiness", "Computer": "DESKTOP-OFJ6N53", "TimeCreated": "2024-09-28 12:29:17.654093+00:00", "RecordID": "2285", "Level": "4", "UserID": "S-1-5-21-963789628-1060504924-4285088085-1001"}
{"EventID": "8210", "Channel": "Microsoft-Windows-HelloForBusiness/Operational", "Provider_Name": "Microsoft-Windows-HelloForBusiness", "Computer": "DESKTOP-OFJ6N53", "TimeCreated": "2024-09-28 12:29:17.654095+00:00", "RecordID": "2286", "Level": "16", "UserID": "S-1-5-21-963789628-1060504924-4285088085-1001"}
{"EventID": "7201", "Channel": "Microsoft-Windows-HelloForBusiness/Operational", "Provider_Name": "Microsoft-Windows-HelloForBusiness", "Computer": "DESKTOP-OFJ6N53", "TimeCreated": "2024-09-28 12:29:17.654095+00:00", "RecordID": "2287", "Level": "2", "UserID": "S-1-5-21-963789628-1060504924-4285088085-1001"}
