{"EventID": "20", "Channel": "Microsoft-Windows-Provisioning-Diagnostics-Provider/Admin", "Provider_Name": "Microsoft-Windows-Provisioning-Diagnostics-Provider", "Computer": "DESKTOP-OFJ6N53", "TimeCreated": "2024-09-24 11:08:02.402557+00:00", "RecordID": "2553", "Level": "4", "UserID": "S-1-5-18", "EventData.Message1": "Power.EnergyEstimationEngine.Storage.ppkg", "EventData.Message2": "{9aec5bda-1e87-46b3-bb96-1a01c606555e}"}
{"EventID": "20", "Channel": "Microsoft-Windows-Provisioning-Diagnostics-Provider/Admin", "Provider_Name": "Microsoft-Windows-Provisioning-Diagnostics-Provider", "Computer": "DESKTOP-OFJ6N53", "TimeCreated": "2024-09-24 11:08:02.414173+00:00", "RecordID": "2554", "Level": "4", "UserID": "S-1-5-18", "EventData.Message1": "Power.EnergyEstimationEngine.Telemetry.ppkg", "EventData.Message2": "{8fb7d64e-70fc-4f9d-89ee-d486817534df}"}
{"EventID": "20", "Channel": "Microsoft-Windows-Provisioning-Diagnostics-Provider/Admin", "Provider_Name": "Microsoft-Windows-Provisioning-Diagnostics-Provider", "Computer": "DESKTOP-OFJ6N53", "TimeCreated": "2024-09-24 11:08:02.427917+00:00", "RecordID": "2555", "Level": "4", "UserID": "S-1-5-18", "EventData.Message1": "Power.EnergyEstimationEngine.Wifi.ppkg", "EventData.Message2": "{b0b9123d-7d7f-4c6b-9973-ceced46f2a09}"}
{"EventID": "20", "Channel": "Microsoft-Windows-Provisioning-Diagnostics-Provider/Admin", "Provider_Name": "Microsoft-Windows-Provisioning-Diagnostics-Provider", "Computer": "DESKTOP-OFJ6N53", "TimeCreated": "2024-09-24 11:08:02.465069+00:00", "RecordID": "2556", "Level": "4", "UserID": "S-1-5-18", "EventData.Message1": "Power.Settings.Battery.ppkg", "EventData.Message2": "{7a30a9be-737f-47a1-a541-6e7b0761ed19}"}
{"EventID": "20", "Channel": "Microsoft-Windows-Provisioning-Diagnostics-Provider/Admin", "Provider_Name": "Microsoft-Windows-Provisioning-Diagnostics-Provider", "Computer": "DESKTOP-OFJ6N53", "TimeCreated": "2024-09-24 11:08:02.477226+00:00", "RecordID": "2557", "Level": "4", "UserID": "S-1-5-18", "EventData.Message1": "Power.Settings.Button.ppkg", "EventData.Message2": "{18dcffd4-37d6-4bc6-87e0-4266fdbb8e49}"}
{"EventID": "20", "Channel": "Microsoft-Windows-Provisioning-Diagnostics-Provider/Admin", "Provider_Name": "Microsoft-Windows-Provisioning-Diagnostics-Provider", "Computer": "DESKTOP-OFJ6N53", "TimeCreated": "2024-09-24 11:08:02.506098+00:00", "RecordID": "2558", "Level": "4", "UserID": "S-1-5-18", "EventData.Message1": "Power.Settings.Control.ppkg", "EventData.Message2": "{5f568920-10ad-4dc0-a97e-b78a3255c351}"}
{"EventID": "20", "Channel": "Microsoft-Windows-Provisioning-Diagnostics-Provider/Admin", "Provider_Name": "Microsoft-Windows-Provisioning-Diagnostics-Provider", "Computer": "DESKTOP-OFJ6N53", "TimeCreated": "2024-09-24 11:08:02.520374+00:00", "RecordID": "2559", "Level": "4", "UserID": "S-1-5-18", "EventData.Message1": "Power.Settings.Disk.ppkg", "EventData.Message2": "{9df6a4ed-fc16-48bf-8b24-6e2ad2bfcfea}"}
{"EventID": "20", "Channel": "Microsoft-Windows-Provisioning-Diagnostics-Provider/Admin", "Provider_Name": "Microsoft-Windows-Provisioning-Diagnostics-Provider", "Computer": "DESKTOP-OFJ6N53", "TimeCreated": "2024-09-24 11:08:02.575842+00:00", "RecordID": "2560", "Level": "4", "UserID": "S-1-5-18", "EventData.Message1": "Power.Settings.Display.ppkg", "EventData.Message2": "{23cb517f-5073-4e96-a202-7fe6122a2271}"}
{"EventID": "20", "Channel": "Microsoft-Windows-Provisioning-Diagnostics-Provider/Admin", "Provider_Name": "Microsoft-Windows-Provisioning-Diagnostics-Provider", "Computer": "DESKTOP-OFJ6N53", "TimeCreated": "2024-09-24 11:08:02.612173+00:00", "RecordID": "2561", "Level": "4", "UserID": "S-1-5-18", "EventData.Message1": "Power.Settings.Graphics.ppkg", "EventData.Message2": "{bf56ce5a-946b-45b5-858a-1794eb0125e2}"}
{"EventID": "20", "Channel": "Microsoft-Windows-Provisioning-Diagnostics-Provider/Admin", "Provider_Name": "Microsoft-Windows-Provisioning-Diagnostics-Provider", "Computer": "DESKTOP-OFJ6N53", "TimeCreated": "2024-09-24 11:08:02.665903+00:00", "RecordID": "2562", "Level": "4", "UserID": "S-1-5-18", "EventData.Message1": "Power.Settings.IdleResiliency.ppkg", "EventData.Message2": "{f11899f2-71ec-4621-9997-e17ae2f6eb26}"}
{"EventID": "20", "Channel": "Microsoft-Windows-Provisioning-Diagnostics-Provider/Admin", "Provider_Name": "Microsoft-Windows-Provisioning-Diagnostics-Provider", "Computer": "DESKTOP-OFJ6N53", "TimeCreated": "2024-09-24 11:08:02.679987+00:00", "RecordID": "2563", "Level": "4", "UserID": "S-1-5-18", "EventData.Message1": "Power.Settings.PCIExpress.ppkg", "EventData.Message2": "{268c43e1-aa2b-4036-86ef-8cda98a0c2fe}"}
{"EventID": "20", "Channel": "Microsoft-Windows-Provisioning-Diagnostics-Provider/Admin", "Provider_Name": "Microsoft-Windows-Provisioning-Diagnostics-Provider", "Computer": "DESKTOP-OFJ6N53", "TimeCreated": "2024-09-24 11:08:02.692898+00:00", "RecordID": "2564", "Level": "4", "UserID": "S-1-5-18", "EventData.Message1": "Power.Settings.Processor.ppkg", "EventData.Message2": "{fc01e91f-914c-45af-9d7c-0b2e5fbedf62}"}
{"EventID": "20", "Channel": "Microsoft-Windows-Provisioning-Diagnostics-Provider/Admin", "Provider_Name": "Microsoft-Windows-Provisioning-Diagnostics-Provider", "Computer": "DESKTOP-OFJ6N53", "TimeCreated": "2024-09-24 11:08:02.723543+00:00", "RecordID": "2565", "Level": "4", "UserID": "S-1-5-18", "EventData.Message1": "Power.Settings.Sleep.ppkg", "EventData.Message2": "{3742e5e8-6d9d-473b-99a6-8ecc0f43548a}"}
{"EventID": "20", "Channel": "Microsoft-Windows-Provisioning-Diagnostics-Provider/Admin", "Provider_Name": "Microsoft-Windows-Provisioning-Diagnostics-Provider", "Computer": "DESKTOP-OFJ6N53", "TimeCreated": "2024-09-24 11:08:02.799723+00:00", "RecordID": "2566", "Level": "4", "UserID": "S-1-5-18", "EventData.Message1": "Microsoft.Windows.Cosa.Desktop.Client.ppkg", "EventData.Message2": "{c8a326e4-f518-4f14-b543-97a57e1a975e}"}
{"EventID": "90", "Channel": "Microsoft-Windows-Provisioning-Diagnostics-Provider/Admin", "Provider_Name": "Microsoft-Windows-Provisioning-Diagnostics-Provider", "Computer": "DESKTOP-OFJ6N53", "TimeCreated": "2024-09-25 13:49:26.102068+00:00", "RecordID": "2567", "Level": "4", "UserID": "S-1-5-18", "EventData.Message1": "LogonIdleTask", "EventData.Message2": "<Not Present>", "EventData.Message3": "<Not Present>"}
{"EventID": "20", "Channel": "Microsoft-Windows-Provisioning-Diagnostics-Provider/Admin", "Provider_Name": "Microsoft-Windows-Provisioning-Diagnostics-Provider", "Computer": "DESKTOP-OFJ6N53", "TimeCreated": "2024-09-25 13:49:27.600365+00:00", "RecordID": "2568", "Level": "4", "UserID": "S-1-5-18", "EventData.Message1": "Power.EnergyEstimationEngine.Control.ppkg", "EventData.Message2": "{1e05dd5d-a022-46c5-963c-b20de341170f}"}
{"EventID": "20", "Channel": "Microsoft-Windows-Provisioning-Diagnostics-Provider/Admin", "Provider_Name": "Microsoft-Windows-Provisioning-Diagnostics-Provider", "Computer": "DESKTOP-OFJ6N53", "TimeCreated": "2024-09-25 13:49:27.625965+00:00", "RecordID": "2569", "Level": "4", "UserID": "S-1-5-18", "EventData.Message1": "Power.EnergyEstimationEngine.CPU.ppkg", "EventData.Message2": "{c5dc3753-b6c8-4057-b396-bf13d769311c}"}
{"EventID": "20", "Channel": "Microsoft-Windows-Provisioning-Diagnostics-Provider/Admin", "Provider_Name": "Microsoft-Windows-Provisioning-Diagnostics-Provider", "Computer": "DESKTOP-OFJ6N53", "TimeCreated": "2024-09-25 13:49:27.639767+00:00", "RecordID": "2570", "Level": "4", "UserID": "S-1-5-18", "EventData.Message1": "Power.EnergyEstimationEngine.Display.ppkg", "EventData.Message2": "{ee4aac98-c174-4941-82b1-d121e493e4fb}"}
{"EventID": "20", "Channel": "Microsoft-Windows-Provisioning-Diagnostics-Provider/Admin", "Provider_Name": "Microsoft-Windows-Provisioning-Diagnostics-Provider", "Computer": "DESKTOP-OFJ6N53", "TimeCreated": "2024-09-25 13:49:27.689838+00:00", "RecordID": "2571", "Level": "4", "UserID": "S-1-5-18", "EventData.Message1": "Power.EnergyEstimationEngine.MBB.ppkg", "EventData.Message2": "{99b095d8-5959-4820-bea7-7448c8427b4e}"}
{"EventID": "20", "Channel": "Microsoft-Windows-Provisioning-Diagnostics-Provider/Admin", "Provider_Name": "Microsoft-Windows-Provisioning-Diagnostics-Provider", "Computer": "DESKTOP-OFJ6N53", "TimeCreated": "2024-09-25 13:49:27.702198+00:00", "RecordID": "2572", "Level": "4", "UserID": "S-1-5-18", "EventData.Message1": "Power.EnergyEstimationEngine.StandbyActivation.ppkg", "EventData.Message2": "{8d196d7f-3eef-48ad-8bea-be749f12d3ad}"}
{"EventID": "20", "Channel": "Microsoft-Windows-Provisioning-Diagnostics-Provider/Admin", "Provider_Name": "Microsoft-Windows-Provisioning-Diagnostics-Provider", "Computer": "DESKTOP-OFJ6N53", "TimeCreated": "2024-09-25 13:49:27.743841+00:00", "RecordID": "2573", "Level": "4", "UserID": "S-1-5-18", "EventData.Message1": "Power.EnergyEstimationEngine.Storage.ppkg", "EventData.Message2": "{9aec5bda-1e87-46b3-bb96-1a01c606555e}"}
{"EventID": "20", "Channel": "Microsoft-Windows-Provisioning-Diagnostics-Provider/Admin", "Provider_Name": "Microsoft-Windows-Provisioning-Diagnostics-Provider", "Computer": "DESKTOP-OFJ6N53", "TimeCreated": "2024-09-25 13:49:27.759714+00:00", "RecordID": "2574", "Level": "4", "UserID": "S-1-5-18", "EventData.Message1": "Power.EnergyEstimationEngine.Telemetry.ppkg", "EventData.Message2": "{8fb7d64e-70fc-4f9d-89ee-d486817534df}"}
{"EventID": "20", "Channel": "Microsoft-Windows-Provisioning-Diagnostics-Provider/Admin", "Provider_Name": "Microsoft-Windows-Provisioning-Diagnostics-Provider", "Computer": "DESKTOP-OFJ6N53", "TimeCreated": "2024-09-25 13:49:27.854061+00:00", "RecordID": "2575", "Level": "4", "UserID": "S-1-5-18", "EventData.Message1": "Power.EnergyEstimationEngine.Wifi.ppkg", "EventData.Message2": "{b0b9123d-7d7f-4c6b-9973-ceced46f2a09}"}
{"EventID": "20", "Channel": "Microsoft-Windows-Provisioning-Diagnostics-Provider/Admin", "Provider_Name": "Microsoft-Windows-Provisioning-Diagnostics-Provider", "Computer": "DESKTOP-OFJ6N53", "TimeCreated": "2024-09-25 13:49:27.871397+00:00", "RecordID": "2576", "Level": "4", "UserID": "S-1-5-18", "EventData.Message1": "Power.Settings.Battery.ppkg", "EventData.Message2": "{7a30a9be-737f-47a1-a541-6e7b0761ed19}"}
{"EventID": "20", "Channel": "Microsoft-Windows-Provisioning-Diagnostics-Provider/Admin", "Provider_Name": "Microsoft-Windows-Provisioning-Diagnostics-Provider", "Computer": "DESKTOP-OFJ6N53", "TimeCreated": "2024-09-25 13:49:27.933872+00:00", "RecordID": "2577", "Level": "4", "UserID": "S-1-5-18", "EventData.Message1": "Power.Settings.Button.ppkg", "EventData.Message2": "{18dcffd4-37d6-4bc6-87e0-4266fdbb8e49}"}
{"EventID": "20", "Channel": "Microsoft-Windows-Provisioning-Diagnostics-Provider/Admin", "Provider_Name": "Microsoft-Windows-Provisioning-Diagnostics-Provider", "Computer": "DESKTOP-OFJ6N53", "TimeCreated": "2024-09-25 13:49:27.967966+00:00", "RecordID": "2578", "Level": "4", "UserID": "S-1-5-18", "EventData.Message1": "Power.Settings.Control.ppkg", "EventData.Message2": "{5f568920-10ad-4dc0-a97e-b78a3255c351}"}
{"EventID": "20", "Channel": "Microsoft-Windows-Provisioning-Diagnostics-Provider/Admin", "Provider_Name": "Microsoft-Windows-Provisioning-Diagnostics-Provider", "Computer": "DESKTOP-OFJ6N53", "TimeCreated": "2024-09-25 13:49:28.047413+00:00", "RecordID": "2579", "Level": "4", "UserID": "S-1-5-18", "EventData.Message1": "Power.Settings.Disk.ppkg", "EventData.Message2": "{9df6a4ed-fc16-48bf-8b24-6e2ad2bfcfea}"}
{"EventID": "20", "Channel": "Microsoft-Windows-Provisioning-Diagnostics-Provider/Admin", "Provider_Name": "Microsoft-Windows-Provisioning-Diagnostics-Provider", "Computer": "DESKTOP-OFJ6N53", "TimeCreated": "2024-09-25 13:49:28.086813+00:00", "RecordID": "2580", "Level": "4", "UserID": "S-1-5-18", "EventData.Message1": "Power.Settings.Display.ppkg", "EventData.Message2": "{23cb517f-5073-4e96-a202-7fe6122a2271}"}
{"EventID": "20", "Channel": "Microsoft-Windows-Provisioning-Diagnostics-Provider/Admin", "Provider_Name": "Microsoft-Windows-Provisioning-Diagnostics-Provider", "Computer": "DESKTOP-OFJ6N53", "TimeCreated": "2024-09-25 13:49:28.159031+00:00", "RecordID": "2581", "Level": "4", "UserID": "S-1-5-18", "EventData.Message1": "Power.Settings.Graphics.ppkg", "EventData.Message2": "{bf56ce5a-946b-45b5-858a-1794eb0125e2}"}
{"EventID": "20", "Channel": "Microsoft-Windows-Provisioning-Diagnostics-Provider/Admin", "Provider_Name": "Microsoft-Windows-Provisioning-Diagnostics-Provider", "Computer": "DESKTOP-OFJ6N53", "TimeCreated": "2024-09-25 13:49:28.198332+00:00", "RecordID": "2582", "Level": "4", "UserID": "S-1-5-18", "EventData.Message1": "Power.Settings.IdleResiliency.ppkg", "EventData.Message2": "{f11899f2-71ec-4621-9997-e17ae2f6eb26}"}
{"EventID": "20", "Channel": "Microsoft-Windows-Provisioning-Diagnostics-Provider/Admin", "Provider_Name": "Microsoft-Windows-Provisioning-Diagnostics-Provider", "Computer": "DESKTOP-OFJ6N53", "TimeCreated": "2024-09-25 13:49:28.212078+00:00", "RecordID": "2583", "Level": "4", "UserID": "S-1-5-18", "EventData.Message1": "Power.Settings.PCIExpress.ppkg", "EventData.Message2": "{268c43e1-aa2b-4036-86ef-8cda98a0c2fe}"}
{"EventID": "20", "Channel": "Microsoft-Windows-Provisioning-Diagnostics-Provider/Admin", "Provider_Name": "Microsoft-Windows-Provisioning-Diagnostics-Provider", "Computer": "DESKTOP-OFJ6N53", "TimeCreated": "2024-09-25 13:49:28.244028+00:00", "RecordID": "2584", "Level": "4", "UserID": "S-1-5-18", "EventData.Message1": "Power.Settings.Processor.ppkg", "EventData.Message2": "{fc01e91f-914c-45af-9d7c-0b2e5fbedf62}"}
{"EventID": "20", "Channel": "Microsoft-Windows-Provisioning-Diagnostics-Provider/Admin", "Provider_Name": "Microsoft-Windows-Provisioning-Diagnostics-Provider", "Computer": "DESKTOP-OFJ6N53", "TimeCreated": "2024-09-25 13:49:28.274420+00:00", "RecordID": "2585", "Level": "4", "UserID": "S-1-5-18", "EventData.Message1": "Power.Settings.Sleep.ppkg", "EventData.Message2": "{3742e5e8-6d9d-473b-99a6-8ecc0f43548a}"}
{"EventID": "20", "Channel": "Microsoft-Windows-Provisioning-Diagnostics-Provider/Admin", "Provider_Name": "Microsoft-Windows-Provisioning-Diagnostics-Provider", "Computer": "DESKTOP-OFJ6N53", "TimeCreated": "2024-09-25 13:49:28.313599+00:00", "RecordID": "2586", "Level": "4", "UserID": "S-1-5-18", "EventData.Message1": "Microsoft.Windows.Cosa.Desktop.Client.ppkg", "EventData.Message2": "{c8a326e4-f518-4f14-b543-97a57e1a975e}"}
{"EventID": "90", "Channel": "Microsoft-Windows-Provisioning-Diagnostics-Provider/Admin", "Provider_Name": "Microsoft-Windows-Provisioning-Diagnostics-Provider", "Computer": "DESKTOP-OFJ6N53", "TimeCreated": "2024-09-28 12:50:59.452759+00:00", "RecordID": "2587", "Level": "4", "UserID": "S-1-5-18", "EventData.Message1": "LogonIdleTask", "EventData.Message2": "<Not Present>", "EventData.Message3": "<Not Present>"}
{"EventID": "20", "Channel": "Microsoft-Windows-Provisioning-Diagnostics-Provider/Admin", "Provider_Name": "Microsoft-Windows-Provisioning-Diagnostics-Provider", "Computer": "DESKTOP-OFJ6N53", "TimeCreated": "2024-09-28 12:51:00.825178+00:00", "RecordID": "2588", "Level": "4", "UserID": "S-1-5-18", "EventData.Message1": "Power.EnergyEstimationEngine.Control.ppkg", "EventData.Message2": "{1e05dd5d-a022-46c5-963c-b20de341170f}"}
{"EventID": "20", "Channel": "Microsoft-Windows-Provisioning-Diagnostics-Provider/Admin", "Provider_Name": "Microsoft-Windows-Provisioning-Diagnostics-Provider", "Computer": "DESKTOP-OFJ6N53", "TimeCreated": "2024-09-28 12:51:00.837788+00:00", "RecordID": "2589", "Level": "4", "UserID": "S-1-5-18", "EventData.Message1": "Power.EnergyEstimationEngine.CPU.ppkg", "EventData.Message2": "{c5dc3753-b6c8-4057-b396-bf13d769311c}"}
{"EventID": "20", "Channel": "Microsoft-Windows-Provisioning-Diagnostics-Provider/Admin", "Provider_Name": "Microsoft-Windows-Provisioning-Diagnostics-Provider", "Computer": "DESKTOP-OFJ6N53", "TimeCreated": "2024-09-28 12:51:00.854553+00:00", "RecordID": "2590", "Level": "4", "UserID": "S-1-5-18", "EventData.Message1": "Power.EnergyEstimationEngine.Display.ppkg", "EventData.Message2": "{ee4aac98-c174-4941-82b1-d121e493e4fb}"}
{"EventID": "20", "Channel": "Microsoft-Windows-Provisioning-Diagnostics-Provider/Admin", "Provider_Name": "Microsoft-Windows-Provisioning-Diagnostics-Provider", "Computer": "DESKTOP-OFJ6N53", "TimeCreated": "2024-09-28 12:51:00.870928+00:00", "RecordID": "2591", "Level": "4", "UserID": "S-1-5-18", "EventData.Message1": "Power.EnergyEstimationEngine.MBB.ppkg", "EventData.Message2": "{99b095d8-5959-4820-bea7-7448c8427b4e}"}
{"EventID": "20", "Channel": "Microsoft-Windows-Provisioning-Diagnostics-Provider/Admin", "Provider_Name": "Microsoft-Windows-Provisioning-Diagnostics-Provider", "Computer": "DESKTOP-OFJ6N53", "TimeCreated": "2024-09-28 12:51:00.898163+00:00", "RecordID": "2592", "Level": "4", "UserID": "S-1-5-18", "EventData.Message1": "Power.EnergyEstimationEngine.StandbyActivation.ppkg", "EventData.Message2": "{8d196d7f-3eef-48ad-8bea-be749f12d3ad}"}
{"EventID": "20", "Channel": "Microsoft-Windows-Provisioning-Diagnostics-Provider/Admin", "Provider_Name": "Microsoft-Windows-Provisioning-Diagnostics-Provider", "Computer": "DESKTOP-OFJ6N53", "TimeCreated": "2024-09-28 12:51:00.910212+00:00", "RecordID": "2593", "Level": "4", "UserID": "S-1-5-18", "EventData.Message1": "Power.EnergyEstimationEngine.Storage.ppkg", "EventData.Message2": "{9aec5bda-1e87-46b3-bb96-1a01c606555e}"}
{"EventID": "20", "Channel": "Microsoft-Windows-Provisioning-Diagnostics-Provider/Admin", "Provider_Name": "Microsoft-Windows-Provisioning-Diagnostics-Provider", "Computer": "DESKTOP-OFJ6N53", "TimeCreated": "2024-09-28 12:51:00.938665+00:00", "RecordID": "2594", "Level": "4", "UserID": "S-1-5-18", "EventData.Message1": "Power.EnergyEstimationEngine.Telemetry.ppkg", "EventData.Message2": "{8fb7d64e-70fc-4f9d-89ee-d486817534df}"}
{"EventID": "20", "Channel": "Microsoft-Windows-Provisioning-Diagnostics-Provider/Admin", "Provider_Name": "Microsoft-Windows-Provisioning-Diagnostics-Provider", "Computer": "DESKTOP-OFJ6N53", "TimeCreated": "2024-09-28 12:51:00.969648+00:00", "RecordID": "2595", "Level": "4", "UserID": "S-1-5-18", "EventData.Message1": "Power.EnergyEstimationEngine.Wifi.ppkg", "EventData.Message2": "{b0b9123d-7d7f-4c6b-9973-ceced46f2a09}"}
{"EventID": "20", "Channel": "Microsoft-Windows-Provisioning-Diagnostics-Provider/Admin", "Provider_Name": "Microsoft-Windows-Provisioning-Diagnostics-Provider", "Computer": "DESKTOP-OFJ6N53", "TimeCreated": "2024-09-28 12:51:00.982162+00:00", "RecordID": "2596", "Level": "4", "UserID": "S-1-5-18", "EventData.Message1": "Power.Settings.Battery.ppkg", "EventData.Message2": "{7a30a9be-737f-47a1-a541-6e7b0761ed19}"}
{"EventID": "20", "Channel": "Microsoft-Windows-Provisioning-Diagnostics-Provider/Admin", "Provider_Name": "Microsoft-Windows-Provisioning-Diagnostics-Provider", "Computer": "DESKTOP-OFJ6N53", "TimeCreated": "2024-09-28 12:51:00.995838+00:00", "RecordID": "2597", "Level": "4", "UserID": "S-1-5-18", "EventData.Message1": "Power.Settings.Button.ppkg", "EventData.Message2": "{18dcffd4-37d6-4bc6-87e0-4266fdbb8e49}"}
{"EventID": "20", "Channel": "Microsoft-Windows-Provisioning-Diagnostics-Provider/Admin", "Provider_Name": "Microsoft-Windows-Provisioning-Diagnostics-Provider", "Computer": "DESKTOP-OFJ6N53", "TimeCreated": "2024-09-28 12:51:01.007656+00:00", "RecordID": "2598", "Level": "4", "UserID": "S-1-5-18", "EventData.Message1": "Power.Settings.Control.ppkg", "EventData.Message2": "{5f568920-10ad-4dc0-a97e-b78a3255c351}"}
{"EventID": "20", "Channel": "Microsoft-Windows-Provisioning-Diagnostics-Provider/Admin", "Provider_Name": "Microsoft-Windows-Provisioning-Diagnostics-Provider", "Computer": "DESKTOP-OFJ6N53", "TimeCreated": "2024-09-28 12:51:01.038708+00:00", "RecordID": "2599", "Level": "4", "UserID": "S-1-5-18", "EventData.Message1": "Power.Settings.Disk.ppkg", "EventData.Message2": "{9df6a4ed-fc16-48bf-8b24-6e2ad2bfcfea}"}
{"EventID": "20", "Channel": "Microsoft-Windows-Provisioning-Diagnostics-Provider/Admin", "Provider_Name": "Microsoft-Windows-Provisioning-Diagnostics-Provider", "Computer": "DESKTOP-OFJ6N53", "TimeCreated": "2024-09-28 12:51:01.109846+00:00", "RecordID": "2600", "Level": "4", "UserID": "S-1-5-18", "EventData.Message1": "Power.Settings.Display.ppkg", "EventData.Message2": "{23cb517f-5073-4e96-a202-7fe6122a2271}"}
{"EventID": "20", "Channel": "Microsoft-Windows-Provisioning-Diagnostics-Provider/Admin", "Provider_Name": "Microsoft-Windows-Provisioning-Diagnostics-Provider", "Computer": "DESKTOP-OFJ6N53", "TimeCreated": "2024-09-28 12:51:01.125759+00:00", "RecordID": "2601", "Level": "4", "UserID": "S-1-5-18", "EventData.Message1": "Power.Settings.Graphics.ppkg", "EventData.Message2": "{bf56ce5a-946b-45b5-858a-1794eb0125e2}"}
{"EventID": "20", "Channel": "Microsoft-Windows-Provisioning-Diagnostics-Provider/Admin", "Provider_Name": "Microsoft-Windows-Provisioning-Diagnostics-Provider", "Computer": "DESKTOP-OFJ6N53", "TimeCreated": "2024-09-28 12:51:01.141115+00:00", "RecordID": "2602", "Level": "4", "UserID": "S-1-5-18", "EventData.Message1": "Power.Settings.IdleResiliency.ppkg", "EventData.Message2": "{f11899f2-71ec-4621-9997-e17ae2f6eb26}"}
{"EventID": "20", "Channel": "Microsoft-Windows-Provisioning-Diagnostics-Provider/Admin", "Provider_Name": "Microsoft-Windows-Provisioning-Diagnostics-Provider", "Computer": "DESKTOP-OFJ6N53", "TimeCreated": "2024-09-28 12:51:01.155933+00:00", "RecordID": "2603", "Level": "4", "UserID": "S-1-5-18", "EventData.Message1": "Power.Settings.PCIExpress.ppkg", "EventData.Message2": "{268c43e1-aa2b-4036-86ef-8cda98a0c2fe}"}
{"EventID": "20", "Channel": "Microsoft-Windows-Provisioning-Diagnostics-Provider/Admin", "Provider_Name": "Microsoft-Windows-Provisioning-Diagnostics-Provider", "Computer": "DESKTOP-OFJ6N53", "TimeCreated": "2024-09-28 12:51:01.227430+00:00", "RecordID": "2604", "Level": "4", "UserID": "S-1-5-18", "EventData.Message1": "Power.Settings.Processor.ppkg", "EventData.Message2": "{fc01e91f-914c-45af-9d7c-0b2e5fbedf62}"}
{"EventID": "20", "Channel": "Microsoft-Windows-Provisioning-Diagnostics-Provider/Admin", "Provider_Name": "Microsoft-Windows-Provisioning-Diagnostics-Provider", "Computer": "DESKTOP-OFJ6N53", "TimeCreated": "2024-09-28 12:51:01.241751+00:00", "RecordID": "2605", "Level": "4", "UserID": "S-1-5-18", "EventData.Message1": "Power.Settings.Sleep.ppkg", "EventData.Message2": "{3742e5e8-6d9d-473b-99a6-8ecc0f43548a}"}
{"EventID": "20", "Channel": "Microsoft-Windows-Provisioning-Diagnostics-Provider/Admin", "Provider_Name": "Microsoft-Windows-Provisioning-Diagnostics-Provider", "Computer": "DESKTOP-OFJ6N53", "TimeCreated": "2024-09-28 12:51:01.284285+00:00", "RecordID": "2606", "Level": "4", "UserID": "S-1-5-18", "EventData.Message1": "Microsoft.Windows.Cosa.Desktop.Client.ppkg", "EventData.Message2": "{c8a326e4-f518-4f14-b543-97a57e1a975e}"}
{"EventID": "90", "Channel": "Microsoft-Windows-Provisioning-Diagnostics-Provider/Admin", "Provider_Name": "Microsoft-Windows-Provisioning-Diagnostics-Provider", "Computer": "DESKTOP-OFJ6N53", "TimeCreated": "2024-10-04 11:26:55.673229+00:00", "RecordID": "2607", "Level": "4", "UserID": "S-1-5-18", "EventData.Message1": "LogonIdleTask", "EventData.Message2": "<Not Present>", "EventData.Message3": "<Not Present>"}
{"EventID": "20", "Channel": "Microsoft-Windows-Provisioning-Diagnostics-Provider/Admin", "Provider_Name": "Microsoft-Windows-Provisioning-Diagnostics-Provider", "Computer": "DESKTOP-OFJ6N53", "TimeCreated": "2024-10-04 11:26:56.594547+00:00", "RecordID": "2608", "Level": "4", "UserID": "S-1-5-18", "EventData.Message1": "Power.EnergyEstimationEngine.Control.ppkg", "EventData.Message2": "{1e05dd5d-a022-46c5-963c-b20de341170f}"}
{"EventID": "20", "Channel": "Microsoft-Windows-Provisioning-Diagnostics-Provider/Admin", "Provider_Name": "Microsoft-Windows-Provisioning-Diagnostics-Provider", "Computer": "DESKTOP-OFJ6N53", "TimeCreated": "2024-10-04 11:26:56.607868+00:00", "RecordID": "2609", "Level": "4", "UserID": "S-1-5-18", "EventData.Message1": "Power.EnergyEstimationEngine.CPU.ppkg", "EventData.Message2": "{c5dc3753-b6c8-4057-b396-bf13d769311c}"}
{"EventID": "20", "Channel": "Microsoft-Windows-Provisioning-Diagnostics-Provider/Admin", "Provider_Name": "Microsoft-Windows-Provisioning-Diagnostics-Provider", "Computer": "DESKTOP-OFJ6N53", "TimeCreated": "2024-10-04 11:26:56.623430+00:00", "RecordID": "2610", "Level": "4", "UserID": "S-1-5-18", "EventData.Message1": "Power.EnergyEstimationEngine.Display.ppkg", "EventData.Message2": "{ee4aac98-c174-4941-82b1-d121e493e4fb}"}
{"EventID": "20", "Channel": "Microsoft-Windows-Provisioning-Diagnostics-Provider/Admin", "Provider_Name": "Microsoft-Windows-Provisioning-Diagnostics-Provider", "Computer": "DESKTOP-OFJ6N53", "TimeCreated": "2024-10-04 11:26:56.654228+00:00", "RecordID": "2611", "Level": "4", "UserID": "S-1-5-18", "EventData.Message1": "Power.EnergyEstimationEngine.MBB.ppkg", "EventData.Message2": "{99b095d8-5959-4820-bea7-7448c8427b4e}"}
{"EventID": "20", "Channel": "Microsoft-Windows-Provisioning-Diagnostics-Provider/Admin", "Provider_Name": "Microsoft-Windows-Provisioning-Diagnostics-Provider", "Computer": "DESKTOP-OFJ6N53", "TimeCreated": "2024-10-04 11:26:56.680937+00:00", "RecordID": "2612", "Level": "4", "UserID": "S-1-5-18", "EventData.Message1": "Power.EnergyEstimationEngine.StandbyActivation.ppkg", "EventData.Message2": "{8d196d7f-3eef-48ad-8bea-be749f12d3ad}"}
{"EventID": "20", "Channel": "Microsoft-Windows-Provisioning-Diagnostics-Provider/Admin", "Provider_Name": "Microsoft-Windows-Provisioning-Diagnostics-Provider", "Computer": "DESKTOP-OFJ6N53", "TimeCreated": "2024-10-04 11:26:56.707235+00:00", "RecordID": "2613", "Level": "4", "UserID": "S-1-5-18", "EventData.Message1": "Power.EnergyEstimationEngine.Storage.ppkg", "EventData.Message2": "{9aec5bda-1e87-46b3-bb96-1a01c606555e}"}
{"EventID": "20", "Channel": "Microsoft-Windows-Provisioning-Diagnostics-Provider/Admin", "Provider_Name": "Microsoft-Windows-Provisioning-Diagnostics-Provider", "Computer": "DESKTOP-OFJ6N53", "TimeCreated": "2024-10-04 11:26:56.721668+00:00", "RecordID": "2614", "Level": "4", "UserID": "S-1-5-18", "EventData.Message1": "Power.EnergyEstimationEngine.Telemetry.ppkg", "EventData.Message2": "{8fb7d64e-70fc-4f9d-89ee-d486817534df}"}
{"EventID": "20", "Channel": "Microsoft-Windows-Provisioning-Diagnostics-Provider/Admin", "Provider_Name": "Microsoft-Windows-Provisioning-Diagnostics-Provider", "Computer": "DESKTOP-OFJ6N53", "TimeCreated": "2024-10-04 11:26:56.737520+00:00", "RecordID": "2615", "Level": "4", "UserID": "S-1-5-18", "EventData.Message1": "Power.EnergyEstimationEngine.Wifi.ppkg", "EventData.Message2": "{b0b9123d-7d7f-4c6b-9973-ceced46f2a09}"}
{"EventID": "20", "Channel": "Microsoft-Windows-Provisioning-Diagnostics-Provider/Admin", "Provider_Name": "Microsoft-Windows-Provisioning-Diagnostics-Provider", "Computer": "DESKTOP-OFJ6N53", "TimeCreated": "2024-10-04 11:26:56.749640+00:00", "RecordID": "2616", "Level": "4", "UserID": "S-1-5-18", "EventData.Message1": "Power.Settings.Battery.ppkg", "EventData.Message2": "{7a30a9be-737f-47a1-a541-6e7b0761ed19}"}
{"EventID": "20", "Channel": "Microsoft-Windows-Provisioning-Diagnostics-Provider/Admin", "Provider_Name": "Microsoft-Windows-Provisioning-Diagnostics-Provider", "Computer": "DESKTOP-OFJ6N53", "TimeCreated": "2024-10-04 11:26:56.761360+00:00", "RecordID": "2617", "Level": "4", "UserID": "S-1-5-18", "EventData.Message1": "Power.Settings.Button.ppkg", "EventData.Message2": "{18dcffd4-37d6-4bc6-87e0-4266fdbb8e49}"}
{"EventID": "20", "Channel": "Microsoft-Windows-Provisioning-Diagnostics-Provider/Admin", "Provider_Name": "Microsoft-Windows-Provisioning-Diagnostics-Provider", "Computer": "DESKTOP-OFJ6N53", "TimeCreated": "2024-10-04 11:26:56.788486+00:00", "RecordID": "2618", "Level": "4", "UserID": "S-1-5-18", "EventData.Message1": "Power.Settings.Control.ppkg", "EventData.Message2": "{5f568920-10ad-4dc0-a97e-b78a3255c351}"}
{"EventID": "20", "Channel": "Microsoft-Windows-Provisioning-Diagnostics-Provider/Admin", "Provider_Name": "Microsoft-Windows-Provisioning-Diagnostics-Provider", "Computer": "DESKTOP-OFJ6N53", "TimeCreated": "2024-10-04 11:26:56.825747+00:00", "RecordID": "2619", "Level": "4", "UserID": "S-1-5-18", "EventData.Message1": "Power.Settings.Disk.ppkg", "EventData.Message2": "{9df6a4ed-fc16-48bf-8b24-6e2ad2bfcfea}"}
{"EventID": "20", "Channel": "Microsoft-Windows-Provisioning-Diagnostics-Provider/Admin", "Provider_Name": "Microsoft-Windows-Provisioning-Diagnostics-Provider", "Computer": "DESKTOP-OFJ6N53", "TimeCreated": "2024-10-04 11:26:56.838278+00:00", "RecordID": "2620", "Level": "4", "UserID": "S-1-5-18", "EventData.Message1": "Power.Settings.Display.ppkg", "EventData.Message2": "{23cb517f-5073-4e96-a202-7fe6122a2271}"}
{"EventID": "20", "Channel": "Microsoft-Windows-Provisioning-Diagnostics-Provider/Admin", "Provider_Name": "Microsoft-Windows-Provisioning-Diagnostics-Provider", "Computer": "DESKTOP-OFJ6N53", "TimeCreated": "2024-10-04 11:26:56.852633+00:00", "RecordID": "2621", "Level": "4", "UserID": "S-1-5-18", "EventData.Message1": "Power.Settings.Graphics.ppkg", "EventData.Message2": "{bf56ce5a-946b-45b5-858a-1794eb0125e2}"}
{"EventID": "20", "Channel": "Microsoft-Windows-Provisioning-Diagnostics-Provider/Admin", "Provider_Name": "Microsoft-Windows-Provisioning-Diagnostics-Provider", "Computer": "DESKTOP-OFJ6N53", "TimeCreated": "2024-10-04 11:26:56.864094+00:00", "RecordID": "2622", "Level": "4", "UserID": "S-1-5-18", "EventData.Message1": "Power.Settings.IdleResiliency.ppkg", "EventData.Message2": "{f11899f2-71ec-4621-9997-e17ae2f6eb26}"}
{"EventID": "20", "Channel": "Microsoft-Windows-Provisioning-Diagnostics-Provider/Admin", "Provider_Name": "Microsoft-Windows-Provisioning-Diagnostics-Provider", "Computer": "DESKTOP-OFJ6N53", "TimeCreated": "2024-10-04 11:26:56.893847+00:00", "RecordID": "2623", "Level": "4", "UserID": "S-1-5-18", "EventData.Message1": "Power.Settings.PCIExpress.ppkg", "EventData.Message2": "{268c43e1-aa2b-4036-86ef-8cda98a0c2fe}"}
{"EventID": "20", "Channel": "Microsoft-Windows-Provisioning-Diagnostics-Provider/Admin", "Provider_Name": "Microsoft-Windows-Provisioning-Diagnostics-Provider", "Computer": "DESKTOP-OFJ6N53", "TimeCreated": "2024-10-04 11:26:56.906853+00:00", "RecordID": "2624", "Level": "4", "UserID": "S-1-5-18", "EventData.Message1": "Power.Settings.Processor.ppkg", "EventData.Message2": "{fc01e91f-914c-45af-9d7c-0b2e5fbedf62}"}
{"EventID": "20", "Channel": "Microsoft-Windows-Provisioning-Diagnostics-Provider/Admin", "Provider_Name": "Microsoft-Windows-Provisioning-Diagnostics-Provider", "Computer": "DESKTOP-OFJ6N53", "TimeCreated": "2024-10-04 11:26:56.924072+00:00", "RecordID": "2625", "Level": "4", "UserID": "S-1-5-18", "EventData.Message1": "Power.Settings.Sleep.ppkg", "EventData.Message2": "{3742e5e8-6d9d-473b-99a6-8ecc0f43548a}"}
{"EventID": "20", "Channel": "Microsoft-Windows-Provisioning-Diagnostics-Provider/Admin", "Provider_Name": "Microsoft-Windows-Provisioning-Diagnostics-Provider", "Computer": "DESKTOP-OFJ6N53", "TimeCreated": "2024-10-04 11:26:56.944973+00:00", "RecordID": "2626", "Level": "4", "UserID": "S-1-5-18", "EventData.Message1": "Microsoft.Windows.Cosa.Desktop.Client.ppkg", "EventData.Message2": "{c8a326e4-f518-4f14-b543-97a57e1a975e}"}
{"EventID": "90", "Channel": "Microsoft-Windows-Provisioning-Diagnostics-Provider/Admin", "Provider_Name": "Microsoft-Windows-Provisioning-Diagnostics-Provider", "Computer": "DESKTOP-OFJ6N53", "TimeCreated": "2024-10-04 23:25:31.698727+00:00", "RecordID": "2627", "Level": "4", "UserID": "S-1-5-18", "EventData.Message1": "LogonIdleTask", "EventData.Message2": "<Not Present>", "EventData.Message3": "<Not Present>"}
{"EventID": "20", "Channel": "Microsoft-Windows-Provisioning-Diagnostics-Provider/Admin", "Provider_Name": "Microsoft-Windows-Provisioning-Diagnostics-Provider", "Computer": "DESKTOP-OFJ6N53", "TimeCreated": "2024-10-04 23:25:32.545721+00:00", "RecordID": "2628", "Level": "4", "UserID": "S-1-5-18", "EventData.Message1": "Power.EnergyEstimationEngine.Control.ppkg", "EventData.Message2": "{1e05dd5d-a022-46c5-963c-b20de341170f}"}
{"EventID": "20", "Channel": "Microsoft-Windows-Provisioning-Diagnostics-Provider/Admin", "Provider_Name": "Microsoft-Windows-Provisioning-Diagnostics-Provider", "Computer": "DESKTOP-OFJ6N53", "TimeCreated": "2024-10-04 23:25:32.578630+00:00", "RecordID": "2629", "Level": "4", "UserID": "S-1-5-18", "EventData.Message1": "Power.EnergyEstimationEngine.CPU.ppkg", "EventData.Message2": "{c5dc3753-b6c8-4057-b396-bf13d769311c}"}
{"EventID": "20", "Channel": "Microsoft-Windows-Provisioning-Diagnostics-Provider/Admin", "Provider_Name": "Microsoft-Windows-Provisioning-Diagnostics-Provider", "Computer": "DESKTOP-OFJ6N53", "TimeCreated": "2024-10-04 23:25:32.595627+00:00", "RecordID": "2630", "Level": "4", "UserID": "S-1-5-18", "EventData.Message1": "Power.EnergyEstimationEngine.Display.ppkg", "EventData.Message2": "{ee4aac98-c174-4941-82b1-d121e493e4fb}"}
{"EventID": "20", "Channel": "Microsoft-Windows-Provisioning-Diagnostics-Provider/Admin", "Provider_Name": "Microsoft-Windows-Provisioning-Diagnostics-Provider", "Computer": "DESKTOP-OFJ6N53", "TimeCreated": "2024-10-04 23:25:32.610554+00:00", "RecordID": "2631", "Level": "4", "UserID": "S-1-5-18", "EventData.Message1": "Power.EnergyEstimationEngine.MBB.ppkg", "EventData.Message2": "{99b095d8-5959-4820-bea7-7448c8427b4e}"}
{"EventID": "20", "Channel": "Microsoft-Windows-Provisioning-Diagnostics-Provider/Admin", "Provider_Name": "Microsoft-Windows-Provisioning-Diagnostics-Provider", "Computer": "DESKTOP-OFJ6N53", "TimeCreated": "2024-10-04 23:25:32.624865+00:00", "RecordID": "2632", "Level": "4", "UserID": "S-1-5-18", "EventData.Message1": "Power.EnergyEstimationEngine.StandbyActivation.ppkg", "EventData.Message2": "{8d196d7f-3eef-48ad-8bea-be749f12d3ad}"}
{"EventID": "20", "Channel": "Microsoft-Windows-Provisioning-Diagnostics-Provider/Admin", "Provider_Name": "Microsoft-Windows-Provisioning-Diagnostics-Provider", "Computer": "DESKTOP-OFJ6N53", "TimeCreated": "2024-10-04 23:25:32.640711+00:00", "RecordID": "2633", "Level": "4", "UserID": "S-1-5-18", "EventData.Message1": "Power.EnergyEstimationEngine.Storage.ppkg", "EventData.Message2": "{9aec5bda-1e87-46b3-bb96-1a01c606555e}"}
{"EventID": "20", "Channel": "Microsoft-Windows-Provisioning-Diagnostics-Provider/Admin", "Provider_Name": "Microsoft-Windows-Provisioning-Diagnostics-Provider", "Computer": "DESKTOP-OFJ6N53", "TimeCreated": "2024-10-04 23:25:32.654064+00:00", "RecordID": "2634", "Level": "4", "UserID": "S-1-5-18", "EventData.Message1": "Power.EnergyEstimationEngine.Telemetry.ppkg", "EventData.Message2": "{8fb7d64e-70fc-4f9d-89ee-d486817534df}"}
{"EventID": "20", "Channel": "Microsoft-Windows-Provisioning-Diagnostics-Provider/Admin", "Provider_Name": "Microsoft-Windows-Provisioning-Diagnostics-Provider", "Computer": "DESKTOP-OFJ6N53", "TimeCreated": "2024-10-04 23:25:32.666878+00:00", "RecordID": "2635", "Level": "4", "UserID": "S-1-5-18", "EventData.Message1": "Power.EnergyEstimationEngine.Wifi.ppkg", "EventData.Message2": "{b0b9123d-7d7f-4c6b-9973-ceced46f2a09}"}
{"EventID": "20", "Channel": "Microsoft-Windows-Provisioning-Diagnostics-Provider/Admin", "Provider_Name": "Microsoft-Windows-Provisioning-Diagnostics-Provider", "Computer": "DESKTOP-OFJ6N53", "TimeCreated": "2024-10-04 23:25:32.683233+00:00", "RecordID": "2636", "Level": "4", "UserID": "S-1-5-18", "EventData.Message1": "Power.Settings.Battery.ppkg", "EventData.Message2": "{7a30a9be-737f-47a1-a541-6e7b0761ed19}"}
{"EventID": "20", "Channel": "Microsoft-Windows-Provisioning-Diagnostics-Provider/Admin", "Provider_Name": "Microsoft-Windows-Provisioning-Diagnostics-Provider", "Computer": "DESKTOP-OFJ6N53", "TimeCreated": "2024-10-04 23:25:32.696539+00:00", "RecordID": "2637", "Level": "4", "UserID": "S-1-5-18", "EventData.Message1": "Power.Settings.Button.ppkg", "EventData.Message2": "{18dcffd4-37d6-4bc6-87e0-4266fdbb8e49}"}
{"EventID": "20", "Channel": "Microsoft-Windows-Provisioning-Diagnostics-Provider/Admin", "Provider_Name": "Microsoft-Windows-Provisioning-Diagnostics-Provider", "Computer": "DESKTOP-OFJ6N53", "TimeCreated": "2024-10-04 23:25:32.711077+00:00", "RecordID": "2638", "Level": "4", "UserID": "S-1-5-18", "EventData.Message1": "Power.Settings.Control.ppkg", "EventData.Message2": "{5f568920-10ad-4dc0-a97e-b78a3255c351}"}
{"EventID": "20", "Channel": "Microsoft-Windows-Provisioning-Diagnostics-Provider/Admin", "Provider_Name": "Microsoft-Windows-Provisioning-Diagnostics-Provider", "Computer": "DESKTOP-OFJ6N53", "TimeCreated": "2024-10-04 23:25:32.723021+00:00", "RecordID": "2639", "Level": "4", "UserID": "S-1-5-18", "EventData.Message1": "Power.Settings.Disk.ppkg", "EventData.Message2": "{9df6a4ed-fc16-48bf-8b24-6e2ad2bfcfea}"}
{"EventID": "20", "Channel": "Microsoft-Windows-Provisioning-Diagnostics-Provider/Admin", "Provider_Name": "Microsoft-Windows-Provisioning-Diagnostics-Provider", "Computer": "DESKTOP-OFJ6N53", "TimeCreated": "2024-10-04 23:25:32.741314+00:00", "RecordID": "2640", "Level": "4", "UserID": "S-1-5-18", "EventData.Message1": "Power.Settings.Display.ppkg", "EventData.Message2": "{23cb517f-5073-4e96-a202-7fe6122a2271}"}
{"EventID": "20", "Channel": "Microsoft-Windows-Provisioning-Diagnostics-Provider/Admin", "Provider_Name": "Microsoft-Windows-Provisioning-Diagnostics-Provider", "Computer": "DESKTOP-OFJ6N53", "TimeCreated": "2024-10-04 23:25:32.756176+00:00", "RecordID": "2641", "Level": "4", "UserID": "S-1-5-18", "EventData.Message1": "Power.Settings.Graphics.ppkg", "EventData.Message2": "{bf56ce5a-946b-45b5-858a-1794eb0125e2}"}
{"EventID": "20", "Channel": "Microsoft-Windows-Provisioning-Diagnostics-Provider/Admin", "Provider_Name": "Microsoft-Windows-Provisioning-Diagnostics-Provider", "Computer": "DESKTOP-OFJ6N53", "TimeCreated": "2024-10-04 23:25:32.771429+00:00", "RecordID": "2642", "Level": "4", "UserID": "S-1-5-18", "EventData.Message1": "Power.Settings.IdleResiliency.ppkg", "EventData.Message2": "{f11899f2-71ec-4621-9997-e17ae2f6eb26}"}
{"EventID": "20", "Channel": "Microsoft-Windows-Provisioning-Diagnostics-Provider/Admin", "Provider_Name": "Microsoft-Windows-Provisioning-Diagnostics-Provider", "Computer": "DESKTOP-OFJ6N53", "TimeCreated": "2024-10-04 23:25:32.787516+00:00", "RecordID": "2643", "Level": "4", "UserID": "S-1-5-18", "EventData.Message1": "Power.Settings.PCIExpress.ppkg", "EventData.Message2": "{268c43e1-aa2b-4036-86ef-8cda98a0c2fe}"}
{"EventID": "20", "Channel": "Microsoft-Windows-Provisioning-Diagnostics-Provider/Admin", "Provider_Name": "Microsoft-Windows-Provisioning-Diagnostics-Provider", "Computer": "DESKTOP-OFJ6N53", "TimeCreated": "2024-10-04 23:25:32.813547+00:00", "RecordID": "2644", "Level": "4", "UserID": "S-1-5-18", "EventData.Message1": "Power.Settings.Processor.ppkg", "EventData.Message2": "{fc01e91f-914c-45af-9d7c-0b2e5fbedf62}"}
{"EventID": "20", "Channel": "Microsoft-Windows-Provisioning-Diagnostics-Provider/Admin", "Provider_Name": "Microsoft-Windows-Provisioning-Diagnostics-Provider", "Computer": "DESKTOP-OFJ6N53", "TimeCreated": "2024-10-04 23:25:32.832848+00:00", "RecordID": "2645", "Level": "4", "UserID": "S-1-5-18", "EventData.Message1": "Power.Settings.Sleep.ppkg", "EventData.Message2": "{3742e5e8-6d9d-473b-99a6-8ecc0f43548a}"}
{"EventID": "20", "Channel": "Microsoft-Windows-Provisioning-Diagnostics-Provider/Admin", "Provider_Name": "Microsoft-Windows-Provisioning-Diagnostics-Provider", "Computer": "DESKTOP-OFJ6N53", "TimeCreated": "2024-10-04 23:25:32.867859+00:00", "RecordID": "2646", "Level": "4", "UserID": "S-1-5-18", "EventData.Message1": "Microsoft.Windows.Cosa.Desktop.Client.ppkg", "EventData.Message2": "{c8a326e4-f518-4f14-b543-97a57e1a975e}"}
{"EventID": "90", "Channel": "Microsoft-Windows-Provisioning-Diagnostics-Provider/Admin", "Provider_Name": "Microsoft-Windows-Provisioning-Diagnostics-Provider", "Computer": "DESKTOP-OFJ6N53", "TimeCreated": "2024-10-16 22:57:48.242958+00:00", "RecordID": "2647", "Level": "4", "UserID": "S-1-5-18", "EventData.Message1": "LogonIdleTask", "EventData.Message2": "<Not Present>", "EventData.Message3": "<Not Present>"}
{"EventID": "20", "Channel": "Microsoft-Windows-Provisioning-Diagnostics-Provider/Admin", "Provider_Name": "Microsoft-Windows-Provisioning-Diagnostics-Provider", "Computer": "DESKTOP-OFJ6N53", "TimeCreated": "2024-10-16 22:57:52.215336+00:00", "RecordID": "2648", "Level": "4", "UserID": "S-1-5-18", "EventData.Message1": "Power.EnergyEstimationEngine.Control.ppkg", "EventData.Message2": "{1e05dd5d-a022-46c5-963c-b20de341170f}"}
{"EventID": "20", "Channel": "Microsoft-Windows-Provisioning-Diagnostics-Provider/Admin", "Provider_Name": "Microsoft-Windows-Provisioning-Diagnostics-Provider", "Computer": "DESKTOP-OFJ6N53", "TimeCreated": "2024-10-16 22:57:52.244431+00:00", "RecordID": "2649", "Level": "4", "UserID": "S-1-5-18", "EventData.Message1": "Power.EnergyEstimationEngine.CPU.ppkg", "EventData.Message2": "{c5dc3753-b6c8-4057-b396-bf13d769311c}"}
{"EventID": "20", "Channel": "Microsoft-Windows-Provisioning-Diagnostics-Provider/Admin", "Provider_Name": "Microsoft-Windows-Provisioning-Diagnostics-Provider", "Computer": "DESKTOP-OFJ6N53", "TimeCreated": "2024-10-16 22:57:52.269850+00:00", "RecordID": "2650", "Level": "4", "UserID": "S-1-5-18", "EventData.Message1": "Power.EnergyEstimationEngine.Display.ppkg", "EventData.Message2": "{ee4aac98-c174-4941-82b1-d121e493e4fb}"}
{"EventID": "20", "Channel": "Microsoft-Windows-Provisioning-Diagnostics-Provider/Admin", "Provider_Name": "Microsoft-Windows-Provisioning-Diagnostics-Provider", "Computer": "DESKTOP-OFJ6N53", "TimeCreated": "2024-10-16 22:57:52.293438+00:00", "RecordID": "2651", "Level": "4", "UserID": "S-1-5-18", "EventData.Message1": "Power.EnergyEstimationEngine.MBB.ppkg", "EventData.Message2": "{99b095d8-5959-4820-bea7-7448c8427b4e}"}
{"EventID": "20", "Channel": "Microsoft-Windows-Provisioning-Diagnostics-Provider/Admin", "Provider_Name": "Microsoft-Windows-Provisioning-Diagnostics-Provider", "Computer": "DESKTOP-OFJ6N53", "TimeCreated": "2024-10-16 22:57:52.331888+00:00", "RecordID": "2652", "Level": "4", "UserID": "S-1-5-18", "EventData.Message1": "Power.EnergyEstimationEngine.StandbyActivation.ppkg", "EventData.Message2": "{8d196d7f-3eef-48ad-8bea-be749f12d3ad}"}
{"EventID": "20", "Channel": "Microsoft-Windows-Provisioning-Diagnostics-Provider/Admin", "Provider_Name": "Microsoft-Windows-Provisioning-Diagnostics-Provider", "Computer": "DESKTOP-OFJ6N53", "TimeCreated": "2024-10-16 22:57:52.385908+00:00", "RecordID": "2653", "Level": "4", "UserID": "S-1-5-18", "EventData.Message1": "Power.EnergyEstimationEngine.Storage.ppkg", "EventData.Message2": "{9aec5bda-1e87-46b3-bb96-1a01c606555e}"}
{"EventID": "20", "Channel": "Microsoft-Windows-Provisioning-Diagnostics-Provider/Admin", "Provider_Name": "Microsoft-Windows-Provisioning-Diagnostics-Provider", "Computer": "DESKTOP-OFJ6N53", "TimeCreated": "2024-10-16 22:57:52.416813+00:00", "RecordID": "2654", "Level": "4", "UserID": "S-1-5-18", "EventData.Message1": "Power.EnergyEstimationEngine.Telemetry.ppkg", "EventData.Message2": "{8fb7d64e-70fc-4f9d-89ee-d486817534df}"}
{"EventID": "20", "Channel": "Microsoft-Windows-Provisioning-Diagnostics-Provider/Admin", "Provider_Name": "Microsoft-Windows-Provisioning-Diagnostics-Provider", "Computer": "DESKTOP-OFJ6N53", "TimeCreated": "2024-10-16 22:57:52.463879+00:00", "RecordID": "2655", "Level": "4", "UserID": "S-1-5-18", "EventData.Message1": "Power.EnergyEstimationEngine.Wifi.ppkg", "EventData.Message2": "{b0b9123d-7d7f-4c6b-9973-ceced46f2a09}"}
{"EventID": "20", "Channel": "Microsoft-Windows-Provisioning-Diagnostics-Provider/Admin", "Provider_Name": "Microsoft-Windows-Provisioning-Diagnostics-Provider", "Computer": "DESKTOP-OFJ6N53", "TimeCreated": "2024-10-16 22:57:52.499950+00:00", "RecordID": "2656", "Level": "4", "UserID": "S-1-5-18", "EventData.Message1": "Power.Settings.Battery.ppkg", "EventData.Message2": "{7a30a9be-737f-47a1-a541-6e7b0761ed19}"}
{"EventID": "20", "Channel": "Microsoft-Windows-Provisioning-Diagnostics-Provider/Admin", "Provider_Name": "Microsoft-Windows-Provisioning-Diagnostics-Provider", "Computer": "DESKTOP-OFJ6N53", "TimeCreated": "2024-10-16 22:57:52.512005+00:00", "RecordID": "2657", "Level": "4", "UserID": "S-1-5-18", "EventData.Message1": "Power.Settings.Button.ppkg", "EventData.Message2": "{18dcffd4-37d6-4bc6-87e0-4266fdbb8e49}"}
{"EventID": "20", "Channel": "Microsoft-Windows-Provisioning-Diagnostics-Provider/Admin", "Provider_Name": "Microsoft-Windows-Provisioning-Diagnostics-Provider", "Computer": "DESKTOP-OFJ6N53", "TimeCreated": "2024-10-16 22:57:52.524338+00:00", "RecordID": "2658", "Level": "4", "UserID": "S-1-5-18", "EventData.Message1": "Power.Settings.Control.ppkg", "EventData.Message2": "{5f568920-10ad-4dc0-a97e-b78a3255c351}"}
{"EventID": "20", "Channel": "Microsoft-Windows-Provisioning-Diagnostics-Provider/Admin", "Provider_Name": "Microsoft-Windows-Provisioning-Diagnostics-Provider", "Computer": "DESKTOP-OFJ6N53", "TimeCreated": "2024-10-16 22:57:52.538298+00:00", "RecordID": "2659", "Level": "4", "UserID": "S-1-5-18", "EventData.Message1": "Power.Settings.Disk.ppkg", "EventData.Message2": "{9df6a4ed-fc16-48bf-8b24-6e2ad2bfcfea}"}
{"EventID": "20", "Channel": "Microsoft-Windows-Provisioning-Diagnostics-Provider/Admin", "Provider_Name": "Microsoft-Windows-Provisioning-Diagnostics-Provider", "Computer": "DESKTOP-OFJ6N53", "TimeCreated": "2024-10-16 22:57:52.550703+00:00", "RecordID": "2660", "Level": "4", "UserID": "S-1-5-18", "EventData.Message1": "Power.Settings.Display.ppkg", "EventData.Message2": "{23cb517f-5073-4e96-a202-7fe6122a2271}"}
{"EventID": "20", "Channel": "Microsoft-Windows-Provisioning-Diagnostics-Provider/Admin", "Provider_Name": "Microsoft-Windows-Provisioning-Diagnostics-Provider", "Computer": "DESKTOP-OFJ6N53", "TimeCreated": "2024-10-16 22:57:52.577372+00:00", "RecordID": "2661", "Level": "4", "UserID": "S-1-5-18", "EventData.Message1": "Power.Settings.Graphics.ppkg", "EventData.Message2": "{bf56ce5a-946b-45b5-858a-1794eb0125e2}"}
{"EventID": "20", "Channel": "Microsoft-Windows-Provisioning-Diagnostics-Provider/Admin", "Provider_Name": "Microsoft-Windows-Provisioning-Diagnostics-Provider", "Computer": "DESKTOP-OFJ6N53", "TimeCreated": "2024-10-16 22:57:52.591372+00:00", "RecordID": "2662", "Level": "4", "UserID": "S-1-5-18", "EventData.Message1": "Power.Settings.IdleResiliency.ppkg", "EventData.Message2": "{f11899f2-71ec-4621-9997-e17ae2f6eb26}"}
{"EventID": "20", "Channel": "Microsoft-Windows-Provisioning-Diagnostics-Provider/Admin", "Provider_Name": "Microsoft-Windows-Provisioning-Diagnostics-Provider", "Computer": "DESKTOP-OFJ6N53", "TimeCreated": "2024-10-16 22:57:52.606102+00:00", "RecordID": "2663", "Level": "4", "UserID": "S-1-5-18", "EventData.Message1": "Power.Settings.PCIExpress.ppkg", "EventData.Message2": "{268c43e1-aa2b-4036-86ef-8cda98a0c2fe}"}
{"EventID": "20", "Channel": "Microsoft-Windows-Provisioning-Diagnostics-Provider/Admin", "Provider_Name": "Microsoft-Windows-Provisioning-Diagnostics-Provider", "Computer": "DESKTOP-OFJ6N53", "TimeCreated": "2024-10-16 22:57:52.620310+00:00", "RecordID": "2664", "Level": "4", "UserID": "S-1-5-18", "EventData.Message1": "Power.Settings.Processor.ppkg", "EventData.Message2": "{fc01e91f-914c-45af-9d7c-0b2e5fbedf62}"}
{"EventID": "20", "Channel": "Microsoft-Windows-Provisioning-Diagnostics-Provider/Admin", "Provider_Name": "Microsoft-Windows-Provisioning-Diagnostics-Provider", "Computer": "DESKTOP-OFJ6N53", "TimeCreated": "2024-10-16 22:57:52.642115+00:00", "RecordID": "2665", "Level": "4", "UserID": "S-1-5-18", "EventData.Message1": "Power.Settings.Sleep.ppkg", "EventData.Message2": "{3742e5e8-6d9d-473b-99a6-8ecc0f43548a}"}
{"EventID": "20", "Channel": "Microsoft-Windows-Provisioning-Diagnostics-Provider/Admin", "Provider_Name": "Microsoft-Windows-Provisioning-Diagnostics-Provider", "Computer": "DESKTOP-OFJ6N53", "TimeCreated": "2024-10-16 22:57:52.755804+00:00", "RecordID": "2666", "Level": "4", "UserID": "S-1-5-18", "EventData.Message1": "Microsoft.Windows.Cosa.Desktop.Client.ppkg", "EventData.Message2": "{c8a326e4-f518-4f14-b543-97a57e1a975e}"}
{"EventID": "90", "Channel": "Microsoft-Windows-Provisioning-Diagnostics-Provider/Admin", "Provider_Name": "Microsoft-Windows-Provisioning-Diagnostics-Provider", "Computer": "DESKTOP-OFJ6N53", "TimeCreated": "2024-12-03 10:34:00.269466+00:00", "RecordID": "2667", "Level": "4", "UserID": "S-1-5-18", "EventData.Message1": "LogonIdleTask", "EventData.Message2": "<Not Present>", "EventData.Message3": "<Not Present>"}
{"EventID": "20", "Channel": "Microsoft-Windows-Provisioning-Diagnostics-Provider/Admin", "Provider_Name": "Microsoft-Windows-Provisioning-Diagnostics-Provider", "Computer": "DESKTOP-OFJ6N53", "TimeCreated": "2024-12-03 10:34:01.629946+00:00", "RecordID": "2668", "Level": "4", "UserID": "S-1-5-18", "EventData.Message1": "Power.EnergyEstimationEngine.Control.ppkg", "EventData.Message2": "{1e05dd5d-a022-46c5-963c-b20de341170f}"}
{"EventID": "20", "Channel": "Microsoft-Windows-Provisioning-Diagnostics-Provider/Admin", "Provider_Name": "Microsoft-Windows-Provisioning-Diagnostics-Provider", "Computer": "DESKTOP-OFJ6N53", "TimeCreated": "2024-12-03 10:34:01.641594+00:00", "RecordID": "2669", "Level": "4", "UserID": "S-1-5-18", "EventData.Message1": "Power.EnergyEstimationEngine.CPU.ppkg", "EventData.Message2": "{c5dc3753-b6c8-4057-b396-bf13d769311c}"}
{"EventID": "20", "Channel": "Microsoft-Windows-Provisioning-Diagnostics-Provider/Admin", "Provider_Name": "Microsoft-Windows-Provisioning-Diagnostics-Provider", "Computer": "DESKTOP-OFJ6N53", "TimeCreated": "2024-12-03 10:34:01.671911+00:00", "RecordID": "2670", "Level": "4", "UserID": "S-1-5-18", "EventData.Message1": "Power.EnergyEstimationEngine.Display.ppkg", "EventData.Message2": "{ee4aac98-c174-4941-82b1-d121e493e4fb}"}
