{"EventID": "61", "Channel": "Microsoft-Windows-Bits-Client/Operational", "Provider_Name": "Microsoft-Windows-Bits-Client", "Computer": "DESKTOP-OFJ6N53", "TimeCreated": "2025-08-26 00:59:00.113237+00:00", "RecordID": "85560", "Level": "3", "UserID": "S-1-5-18", "EventData.transferId": "{6f9da5ad-1dcb-47b0-bc94-f108bce8b7d9}", "EventData.name": "Chrome Component Updater", "EventData.Id": "{2292fbb2-1074-477f-82c1-dfe34fa44857}", "EventData.url": "https://edgedl.me.gvt1.com/edgedl/diffgen-puffin/hfnkpimlhhgieaddgfemjhofmfblmnib/02dc8570d8df05d2bad54cdf8643db162d1b9ad45dbcdb610b84b45bdf70b7d1", "EventData.peer": null, "EventData.hr": "2147954402", "EventData.fileTime": "0001-01-01 00:00:00", "EventData.fileLength": "18446744073709551615", "EventData.bytesTotal": "18446744073709551615", "EventData.bytesTransferred": "0", "EventData.proxy": null, "EventData.peerProtocolFlags": "0", "EventData.bytesTransferredFromPeer": "0", "EventData.AdditionalInfoHr": "0", "EventData.PeerContextInfo": "0", "EventData.bandwidthLimit": "18446744073709551615", "EventData.ignoreBandwidthLimitsOnLan": "False"}
{"EventID": "61", "Channel": "Microsoft-Windows-Bits-Client/Operational", "Provider_Name": "Microsoft-Windows-Bits-Client", "Computer": "DESKTOP-OFJ6N53", "TimeCreated": "2025-08-26 01:00:21.643400+00:00", "RecordID": "85561", "Level": "3", "UserID": "S-1-5-18", "EventData.transferId": "{e065afea-bc36-4ced-943f-f86b14e7f9e3}", "EventData.name": "Chrome Component Updater", "EventData.Id": "{2292fbb2-1074-477f-82c1-dfe34fa44857}", "EventData.url": "https://edgedl.me.gvt1.com/edgedl/diffgen-puffin/hfnkpimlhhgieaddgfemjhofmfblmnib/02dc8570d8df05d2bad54cdf8643db162d1b9ad45dbcdb610b84b45bdf70b7d1", "EventData.peer": null, "EventData.hr": "2147954402", "EventData.fileTime": "0001-01-01 00:00:00", "EventData.fileLength": "18446744073709551615", "EventData.bytesTotal": "18446744073709551615", "EventData.bytesTransferred": "0", "EventData.proxy": null, "EventData.peerProtocolFlags": "0", "EventData.bytesTransferredFromPeer": "0", "EventData.AdditionalInfoHr": "0", "EventData.PeerContextInfo": "0", "EventData.bandwidthLimit": "18446744073709551615", "EventData.ignoreBandwidthLimitsOnLan": "False"}
{"EventID": "61", "Channel": "Microsoft-Windows-Bits-Client/Operational", "Provider_Name": "Microsoft-Windows-Bits-Client", "Computer": "DESKTOP-OFJ6N53", "TimeCreated": "2025-08-26 01:01:43.059414+00:00", "RecordID": "85562", "Level": "3", "UserID": "S-1-5-18", "EventData.transferId": "{8bab7958-5920-434b-ba8d-c0f6d2d63ed4}", "EventData.name": "Chrome Component Updater", "EventData.Id": "{2292fbb2-1074-477f-82c1-dfe34fa44857}", "EventData.url": "https://edgedl.me.gvt1.com/edgedl/diffgen-puffin/hfnkpimlhhgieaddgfemjhofmfblmnib/02dc8570d8df05d2bad54cdf8643db162d1b9ad45dbcdb610b84b45bdf70b7d1", "EventData.peer": null, "EventData.hr": "2147954402", "EventData.fileTime": "0001-01-01 00:00:00", "EventData.fileLength": "18446744073709551615", "EventData.bytesTotal": "18446744073709551615", "EventData.bytesTransferred": "0", "EventData.proxy": null, "EventData.peerProtocolFlags": "0", "EventData.bytesTransferredFromPeer": "0", "EventData.AdditionalInfoHr": "0", "EventData.PeerContextInfo": "0", "EventData.bandwidthLimit": "18446744073709551615", "EventData.ignoreBandwidthLimitsOnLan": "False"}
{"EventID": "61", "Channel": "Microsoft-Windows-Bits-Client/Operational", "Provider_Name": "Microsoft-Windows-Bits-Client", "Computer": "DESKTOP-OFJ6N53", "TimeCreated": "2025-08-26 01:03:04.127028+00:00", "RecordID": "85563", "Level": "3", "UserID": "S-1-5-18", "EventData.transferId": "{d7052be0-f2a6-4525-9b0b-c8a4060d6bfb}", "EventData.name": "Chrome Component Updater", "EventData.Id": "{2292fbb2-1074-477f-82c1-dfe34fa44857}", "EventData.url": "https://edgedl.me.gvt1.com/edgedl/diffgen-puffin/hfnkpimlhhgieaddgfemjhofmfblmnib/02dc8570d8df05d2bad54cdf8643db162d1b9ad45dbcdb610b84b45bdf70b7d1", "EventData.peer": null, "EventData.hr": "2147954402", "EventData.fileTime": "0001-01-01 00:00:00", "EventData.fileLength": "18446744073709551615", "EventData.bytesTotal": "18446744073709551615", "EventData.bytesTransferred": "0", "EventData.proxy": null, "EventData.peerProtocolFlags": "0", "EventData.bytesTransferredFromPeer": "0", "EventData.AdditionalInfoHr": "0", "EventData.PeerContextInfo": "0", "EventData.bandwidthLimit": "18446744073709551615", "EventData.ignoreBandwidthLimitsOnLan": "False"}
{"EventID": "61", "Channel": "Microsoft-Windows-Bits-Client/Operational", "Provider_Name": "Microsoft-Windows-Bits-Client", "Computer": "DESKTOP-OFJ6N53", "TimeCreated": "2025-08-26 01:04:25.383167+00:00", "RecordID": "85564", "Level": "3", "UserID": "S-1-5-18", "EventData.transferId": "{3ba3bcb4-fc41-4f08-9e17-a1ba28783a9b}", "EventData.name": "Chrome Component Updater", "EventData.Id": "{2292fbb2-1074-477f-82c1-dfe34fa44857}", "EventData.url": "https://edgedl.me.gvt1.com/edgedl/diffgen-puffin/hfnkpimlhhgieaddgfemjhofmfblmnib/02dc8570d8df05d2bad54cdf8643db162d1b9ad45dbcdb610b84b45bdf70b7d1", "EventData.peer": null, "EventData.hr": "2147954402", "EventData.fileTime": "0001-01-01 00:00:00", "EventData.fileLength": "18446744073709551615", "EventData.bytesTotal": "18446744073709551615", "EventData.bytesTransferred": "0", "EventData.proxy": null, "EventData.peerProtocolFlags": "0", "EventData.bytesTransferredFromPeer": "0", "EventData.AdditionalInfoHr": "0", "EventData.PeerContextInfo": "0", "EventData.bandwidthLimit": "18446744073709551615", "EventData.ignoreBandwidthLimitsOnLan": "False"}
{"EventID": "61", "Channel": "Microsoft-Windows-Bits-Client/Operational", "Provider_Name": "Microsoft-Windows-Bits-Client", "Computer": "DESKTOP-OFJ6N53", "TimeCreated": "2025-08-26 01:05:46.437891+00:00", "RecordID": "85565", "Level": "3", "UserID": "S-1-5-18", "EventData.transferId": "{c5c472e0-fbf8-4a0a-963d-d7697b21e95c}", "EventData.name": "Chrome Component Updater", "EventData.Id": "{2292fbb2-1074-477f-82c1-dfe34fa44857}", "EventData.url": "https://edgedl.me.gvt1.com/edgedl/diffgen-puffin/hfnkpimlhhgieaddgfemjhofmfblmnib/02dc8570d8df05d2bad54cdf8643db162d1b9ad45dbcdb610b84b45bdf70b7d1", "EventData.peer": null, "EventData.hr": "2147954402", "EventData.fileTime": "0001-01-01 00:00:00", "EventData.fileLength": "18446744073709551615", "EventData.bytesTotal": "18446744073709551615", "EventData.bytesTransferred": "0", "EventData.proxy": null, "EventData.peerProtocolFlags": "0", "EventData.bytesTransferredFromPeer": "0", "EventData.AdditionalInfoHr": "0", "EventData.PeerContextInfo": "0", "EventData.bandwidthLimit": "18446744073709551615", "EventData.ignoreBandwidthLimitsOnLan": "False"}
{"EventID": "61", "Channel": "Microsoft-Windows-Bits-Client/Operational", "Provider_Name": "Microsoft-Windows-Bits-Client", "Computer": "DESKTOP-OFJ6N53", "TimeCreated": "2025-08-26 01:07:07.654873+00:00", "RecordID": "85566", "Level": "3", "UserID": "S-1-5-18", "EventData.transferId": "{7a9dffdb-b224-4897-a68a-6650f970792f}", "EventData.name": "Chrome Component Updater", "EventData.Id": "{2292fbb2-1074-477f-82c1-dfe34fa44857}", "EventData.url": "https://edgedl.me.gvt1.com/edgedl/diffgen-puffin/hfnkpimlhhgieaddgfemjhofmfblmnib/02dc8570d8df05d2bad54cdf8643db162d1b9ad45dbcdb610b84b45bdf70b7d1", "EventData.peer": null, "EventData.hr": "2147954402", "EventData.fileTime": "0001-01-01 00:00:00", "EventData.fileLength": "18446744073709551615", "EventData.bytesTotal": "18446744073709551615", "EventData.bytesTransferred": "0", "EventData.proxy": null, "EventData.peerProtocolFlags": "0", "EventData.bytesTransferredFromPeer": "0", "EventData.AdditionalInfoHr": "0", "EventData.PeerContextInfo": "0", "EventData.bandwidthLimit": "18446744073709551615", "EventData.ignoreBandwidthLimitsOnLan": "False"}
{"EventID": "61", "Channel": "Microsoft-Windows-Bits-Client/Operational", "Provider_Name": "Microsoft-Windows-Bits-Client", "Computer": "DESKTOP-OFJ6N53", "TimeCreated": "2025-08-26 01:08:28.734283+00:00", "RecordID": "85567", "Level": "3", "UserID": "S-1-5-18", "EventData.transferId": "{3aa77439-40e3-4b11-b653-f952d66e6f93}", "EventData.name": "Chrome Component Updater", "EventData.Id": "{2292fbb2-1074-477f-82c1-dfe34fa44857}", "EventData.url": "https://edgedl.me.gvt1.com/edgedl/diffgen-puffin/hfnkpimlhhgieaddgfemjhofmfblmnib/02dc8570d8df05d2bad54cdf8643db162d1b9ad45dbcdb610b84b45bdf70b7d1", "EventData.peer": null, "EventData.hr": "2147954402", "EventData.fileTime": "0001-01-01 00:00:00", "EventData.fileLength": "18446744073709551615", "EventData.bytesTotal": "18446744073709551615", "EventData.bytesTransferred": "0", "EventData.proxy": null, "EventData.peerProtocolFlags": "0", "EventData.bytesTransferredFromPeer": "0", "EventData.AdditionalInfoHr": "0", "EventData.PeerContextInfo": "0", "EventData.bandwidthLimit": "18446744073709551615", "EventData.ignoreBandwidthLimitsOnLan": "False"}
{"EventID": "61", "Channel": "Microsoft-Windows-Bits-Client/Operational", "Provider_Name": "Microsoft-Windows-Bits-Client", "Computer": "DESKTOP-OFJ6N53", "TimeCreated": "2025-08-26 01:09:50.109900+00:00", "RecordID": "85568", "Level": "3", "UserID": "S-1-5-18", "EventData.transferId": "{409a042c-810f-4dae-bb1a-c94a69b714cc}", "EventData.name": "Chrome Component Updater", "EventData.Id": "{2292fbb2-1074-477f-82c1-dfe34fa44857}", "EventData.url": "https://edgedl.me.gvt1.com/edgedl/diffgen-puffin/hfnkpimlhhgieaddgfemjhofmfblmnib/02dc8570d8df05d2bad54cdf8643db162d1b9ad45dbcdb610b84b45bdf70b7d1", "EventData.peer": null, "EventData.hr": "2147954402", "EventData.fileTime": "0001-01-01 00:00:00", "EventData.fileLength": "18446744073709551615", "EventData.bytesTotal": "18446744073709551615", "EventData.bytesTransferred": "0", "EventData.proxy": null, "EventData.peerProtocolFlags": "0", "EventData.bytesTransferredFromPeer": "0", "EventData.AdditionalInfoHr": "0", "EventData.PeerContextInfo": "0", "EventData.bandwidthLimit": "18446744073709551615", "EventData.ignoreBandwidthLimitsOnLan": "False"}
{"EventID": "61", "Channel": "Microsoft-Windows-Bits-Client/Operational", "Provider_Name": "Microsoft-Windows-Bits-Client", "Computer": "DESKTOP-OFJ6N53", "TimeCreated": "2025-08-26 01:11:11.183346+00:00", "RecordID": "85569", "Level": "3", "UserID": "S-1-5-18", "EventData.transferId": "{79b6f898-8d31-41a5-a32e-e1be55232093}", "EventData.name": "Chrome Component Updater", "EventData.Id": "{2292fbb2-1074-477f-82c1-dfe34fa44857}", "EventData.url": "https://edgedl.me.gvt1.com/edgedl/diffgen-puffin/hfnkpimlhhgieaddgfemjhofmfblmnib/02dc8570d8df05d2bad54cdf8643db162d1b9ad45dbcdb610b84b45bdf70b7d1", "EventData.peer": null, "EventData.hr": "2147954402", "EventData.fileTime": "0001-01-01 00:00:00", "EventData.fileLength": "18446744073709551615", "EventData.bytesTotal": "18446744073709551615", "EventData.bytesTransferred": "0", "EventData.proxy": null, "EventData.peerProtocolFlags": "0", "EventData.bytesTransferredFromPeer": "0", "EventData.AdditionalInfoHr": "0", "EventData.PeerContextInfo": "0", "EventData.bandwidthLimit": "18446744073709551615", "EventData.ignoreBandwidthLimitsOnLan": "False"}
{"EventID": "5", "Channel": "Microsoft-Windows-Bits-Client/Operational", "Provider_Name": "Microsoft-Windows-Bits-Client", "Computer": "DESKTOP-OFJ6N53", "TimeCreated": "2025-08-26 01:12:14.444113+00:00", "RecordID": "85570", "Level": "4", "UserID": "S-1-5-21-963789628-1060504924-4285088085-1001", "EventData.User": "DESKTOP-OFJ6N53\\sk.batsiev", "EventData.jobTitle": "Chrome Component Updater", "EventData.jobId": "{2292fbb2-1074-477f-82c1-dfe34fa44857}", "EventData.jobOwner": "DESKTOP-OFJ6N53\\sk.batsiev", "EventData.fileCount": "1"}
{"EventID": "3", "Channel": "Microsoft-Windows-Bits-Client/Operational", "Provider_Name": "Microsoft-Windows-Bits-Client", "Computer": "DESKTOP-OFJ6N53", "TimeCreated": "2025-08-26 01:12:14.449780+00:00", "RecordID": "85571", "Level": "4", "UserID": "S-1-5-18", "EventData.jobTitle": "Chrome Component Updater", "EventData.jobId": "{306f2590-457e-4006-8479-7520b0bfd02b}", "EventData.jobOwner": "DESKTOP-OFJ6N53\\sk.batsiev", "EventData.processPath": "C:\\Program Files\\Google\\Chrome\\Application\\chrome.exe", "EventData.processId": "10884", "EventData.ClientProcessStartKey": "50384020831213050"}
{"EventID": "16403", "Channel": "Microsoft-Windows-Bits-Client/Operational", "Provider_Name": "Microsoft-Windows-Bits-Client", "Computer": "DESKTOP-OFJ6N53", "TimeCreated": "2025-08-26 01:12:14.456736+00:00", "RecordID": "85572", "Level": "4", "UserID": "S-1-5-21-963789628-1060504924-4285088085-1001", "EventData.User": "DESKTOP-OFJ6N53\\sk.batsiev", "EventData.jobTitle": "Chrome Component Updater", "EventData.jobId": "{306f2590-457e-4006-8479-7520b0bfd02b}", "EventData.jobOwner": "DESKTOP-OFJ6N53\\sk.batsiev", "EventData.fileCount": "1", "EventData.RemoteName": "http://dl.google.com/diffgen-puffin/hfnkpimlhhgieaddgfemjhofmfblmnib/02dc8570d8df05d2bad54cdf8643db162d1b9ad45dbcdb610b84b45bdf70b7d1", "EventData.LocalName": "C:\\Users\\SKA580~1.BAT\\AppData\\Local\\Temp\\chrome_BITS_10884_256513218\\02dc8570d8df05d2bad54cdf8643db162d1b9ad45dbcdb610b84b45bdf70b7d1", "EventData.processId": "10884", "EventData.ClientProcessStartKey": "50384020831213050"}
{"EventID": "59", "Channel": "Microsoft-Windows-Bits-Client/Operational", "Provider_Name": "Microsoft-Windows-Bits-Client", "Computer": "DESKTOP-OFJ6N53", "TimeCreated": "2025-08-26 01:12:14.532080+00:00", "RecordID": "85573", "Level": "4", "UserID": "S-1-5-18", "EventData.transferId": "{460a9777-98cc-4c40-a3ee-a80545ccb218}", "EventData.name": "Chrome Component Updater", "EventData.Id": "{306f2590-457e-4006-8479-7520b0bfd02b}", "EventData.url": "http://dl.google.com/diffgen-puffin/hfnkpimlhhgieaddgfemjhofmfblmnib/02dc8570d8df05d2bad54cdf8643db162d1b9ad45dbcdb610b84b45bdf70b7d1", "EventData.peer": null, "EventData.fileTime": "2025-08-25 19:24:55+00:00", "EventData.fileLength": "16824", "EventData.bytesTotal": "16824", "EventData.bytesTransferred": "0", "EventData.bytesTransferredFromPeer": "0"}
{"EventID": "60", "Channel": "Microsoft-Windows-Bits-Client/Operational", "Provider_Name": "Microsoft-Windows-Bits-Client", "Computer": "DESKTOP-OFJ6N53", "TimeCreated": "2025-08-26 01:12:15.052345+00:00", "RecordID": "85574", "Level": "4", "UserID": "S-1-5-18", "EventData.transferId": "{460a9777-98cc-4c40-a3ee-a80545ccb218}", "EventData.name": "Chrome Component Updater", "EventData.Id": "{306f2590-457e-4006-8479-7520b0bfd02b}", "EventData.url": "http://dl.google.com/diffgen-puffin/hfnkpimlhhgieaddgfemjhofmfblmnib/02dc8570d8df05d2bad54cdf8643db162d1b9ad45dbcdb610b84b45bdf70b7d1", "EventData.peer": null, "EventData.hr": "0", "EventData.fileTime": "2025-08-25 19:24:55+00:00", "EventData.fileLength": "16824", "EventData.bytesTotal": "16824", "EventData.bytesTransferred": "16824", "EventData.proxy": null, "EventData.peerProtocolFlags": "0", "EventData.bytesTransferredFromPeer": "0", "EventData.AdditionalInfoHr": "0", "EventData.PeerContextInfo": "0", "EventData.bandwidthLimit": "18446744073709551615", "EventData.ignoreBandwidthLimitsOnLan": "False"}
{"EventID": "4", "Channel": "Microsoft-Windows-Bits-Client/Operational", "Provider_Name": "Microsoft-Windows-Bits-Client", "Computer": "DESKTOP-OFJ6N53", "TimeCreated": "2025-08-26 01:12:18.465618+00:00", "RecordID": "85575", "Level": "4", "UserID": "S-1-5-18", "EventData.User": "DESKTOP-OFJ6N53\\sk.batsiev", "EventData.jobTitle": "Chrome Component Updater", "EventData.jobId": "{306f2590-457e-4006-8479-7520b0bfd02b}", "EventData.jobOwner": "DESKTOP-OFJ6N53\\sk.batsiev", "EventData.fileCount": "1", "EventData.bytesTransferred": "16824", "EventData.bytesTransferredFromPeer": "0"}
{"EventID": "3", "Channel": "Microsoft-Windows-Bits-Client/Operational", "Provider_Name": "Microsoft-Windows-Bits-Client", "Computer": "DESKTOP-OFJ6N53", "TimeCreated": "2025-08-26 01:12:19.413616+00:00", "RecordID": "85576", "Level": "4", "UserID": "S-1-5-18", "EventData.jobTitle": "Chrome Component Updater", "EventData.jobId": "{168f105d-ebe9-49a5-afd9-4dcc37db3024}", "EventData.jobOwner": "DESKTOP-OFJ6N53\\sk.batsiev", "EventData.processPath": "C:\\Program Files\\Google\\Chrome\\Application\\chrome.exe", "EventData.processId": "10884", "EventData.ClientProcessStartKey": "50384020831213050"}
{"EventID": "16403", "Channel": "Microsoft-Windows-Bits-Client/Operational", "Provider_Name": "Microsoft-Windows-Bits-Client", "Computer": "DESKTOP-OFJ6N53", "TimeCreated": "2025-08-26 01:12:19.424379+00:00", "RecordID": "85577", "Level": "4", "UserID": "S-1-5-21-963789628-1060504924-4285088085-1001", "EventData.User": "DESKTOP-OFJ6N53\\sk.batsiev", "EventData.jobTitle": "Chrome Component Updater", "EventData.jobId": "{168f105d-ebe9-49a5-afd9-4dcc37db3024}", "EventData.jobOwner": "DESKTOP-OFJ6N53\\sk.batsiev", "EventData.fileCount": "1", "EventData.RemoteName": "http://edgedl.me.gvt1.com/edgedl/diffgen-puffin/jflhchccmppkfebkiaminageehmchikm/39e005944ae16519dd0439caa03452c45733d633f4a16dca2c8c221505daf613", "EventData.LocalName": "C:\\Users\\SKA580~1.BAT\\AppData\\Local\\Temp\\chrome_BITS_10884_2059624985\\39e005944ae16519dd0439caa03452c45733d633f4a16dca2c8c221505daf613", "EventData.processId": "10884", "EventData.ClientProcessStartKey": "50384020831213050"}
{"EventID": "61", "Channel": "Microsoft-Windows-Bits-Client/Operational", "Provider_Name": "Microsoft-Windows-Bits-Client", "Computer": "DESKTOP-OFJ6N53", "TimeCreated": "2025-08-26 01:13:01.644323+00:00", "RecordID": "85578", "Level": "3", "UserID": "S-1-5-18", "EventData.transferId": "{81295dd0-55ae-45a0-9945-d96d9cfa6b53}", "EventData.name": "Chrome Component Updater", "EventData.Id": "{168f105d-ebe9-49a5-afd9-4dcc37db3024}", "EventData.url": "http://edgedl.me.gvt1.com/edgedl/diffgen-puffin/jflhchccmppkfebkiaminageehmchikm/39e005944ae16519dd0439caa03452c45733d633f4a16dca2c8c221505daf613", "EventData.peer": null, "EventData.hr": "2147954402", "EventData.fileTime": "0001-01-01 00:00:00", "EventData.fileLength": "18446744073709551615", "EventData.bytesTotal": "18446744073709551615", "EventData.bytesTransferred": "0", "EventData.proxy": null, "EventData.peerProtocolFlags": "0", "EventData.bytesTransferredFromPeer": "0", "EventData.AdditionalInfoHr": "0", "EventData.PeerContextInfo": "0", "EventData.bandwidthLimit": "18446744073709551615", "EventData.ignoreBandwidthLimitsOnLan": "False"}
{"EventID": "61", "Channel": "Microsoft-Windows-Bits-Client/Operational", "Provider_Name": "Microsoft-Windows-Bits-Client", "Computer": "DESKTOP-OFJ6N53", "TimeCreated": "2025-08-26 01:14:22.876883+00:00", "RecordID": "85579", "Level": "3", "UserID": "S-1-5-18", "EventData.transferId": "{cbb01e55-fd33-4e8b-b48c-513760109512}", "EventData.name": "Chrome Component Updater", "EventData.Id": "{168f105d-ebe9-49a5-afd9-4dcc37db3024}", "EventData.url": "http://edgedl.me.gvt1.com/edgedl/diffgen-puffin/jflhchccmppkfebkiaminageehmchikm/39e005944ae16519dd0439caa03452c45733d633f4a16dca2c8c221505daf613", "EventData.peer": null, "EventData.hr": "2147954402", "EventData.fileTime": "0001-01-01 00:00:00", "EventData.fileLength": "18446744073709551615", "EventData.bytesTotal": "18446744073709551615", "EventData.bytesTransferred": "0", "EventData.proxy": null, "EventData.peerProtocolFlags": "0", "EventData.bytesTransferredFromPeer": "0", "EventData.AdditionalInfoHr": "0", "EventData.PeerContextInfo": "0", "EventData.bandwidthLimit": "18446744073709551615", "EventData.ignoreBandwidthLimitsOnLan": "False"}
{"EventID": "61", "Channel": "Microsoft-Windows-Bits-Client/Operational", "Provider_Name": "Microsoft-Windows-Bits-Client", "Computer": "DESKTOP-OFJ6N53", "TimeCreated": "2025-08-26 01:15:43.980310+00:00", "RecordID": "85580", "Level": "3", "UserID": "S-1-5-18", "EventData.transferId": "{24ec95e1-4ee3-43c0-a2f6-6a5cbd04a275}", "EventData.name": "Chrome Component Updater", "EventData.Id": "{168f105d-ebe9-49a5-afd9-4dcc37db3024}", "EventData.url": "http://edgedl.me.gvt1.com/edgedl/diffgen-puffin/jflhchccmppkfebkiaminageehmchikm/39e005944ae16519dd0439caa03452c45733d633f4a16dca2c8c221505daf613", "EventData.peer": null, "EventData.hr": "2147954402", "EventData.fileTime": "0001-01-01 00:00:00", "EventData.fileLength": "18446744073709551615", "EventData.bytesTotal": "18446744073709551615", "EventData.bytesTransferred": "0", "EventData.proxy": null, "EventData.peerProtocolFlags": "0", "EventData.bytesTransferredFromPeer": "0", "EventData.AdditionalInfoHr": "0", "EventData.PeerContextInfo": "0", "EventData.bandwidthLimit": "18446744073709551615", "EventData.ignoreBandwidthLimitsOnLan": "False"}
{"EventID": "61", "Channel": "Microsoft-Windows-Bits-Client/Operational", "Provider_Name": "Microsoft-Windows-Bits-Client", "Computer": "DESKTOP-OFJ6N53", "TimeCreated": "2025-08-26 01:17:05.207329+00:00", "RecordID": "85581", "Level": "3", "UserID": "S-1-5-18", "EventData.transferId": "{7df22835-5b99-4fe7-b670-6f3a738ccd17}", "EventData.name": "Chrome Component Updater", "EventData.Id": "{168f105d-ebe9-49a5-afd9-4dcc37db3024}", "EventData.url": "http://edgedl.me.gvt1.com/edgedl/diffgen-puffin/jflhchccmppkfebkiaminageehmchikm/39e005944ae16519dd0439caa03452c45733d633f4a16dca2c8c221505daf613", "EventData.peer": null, "EventData.hr": "2147954402", "EventData.fileTime": "0001-01-01 00:00:00", "EventData.fileLength": "18446744073709551615", "EventData.bytesTotal": "18446744073709551615", "EventData.bytesTransferred": "0", "EventData.proxy": null, "EventData.peerProtocolFlags": "0", "EventData.bytesTransferredFromPeer": "0", "EventData.AdditionalInfoHr": "0", "EventData.PeerContextInfo": "0", "EventData.bandwidthLimit": "18446744073709551615", "EventData.ignoreBandwidthLimitsOnLan": "False"}
{"EventID": "61", "Channel": "Microsoft-Windows-Bits-Client/Operational", "Provider_Name": "Microsoft-Windows-Bits-Client", "Computer": "DESKTOP-OFJ6N53", "TimeCreated": "2025-08-26 01:18:26.264790+00:00", "RecordID": "85582", "Level": "3", "UserID": "S-1-5-18", "EventData.transferId": "{f447b258-c451-4b8b-80df-ecaf09f2cb29}", "EventData.name": "Chrome Component Updater", "EventData.Id": "{168f105d-ebe9-49a5-afd9-4dcc37db3024}", "EventData.url": "http://edgedl.me.gvt1.com/edgedl/diffgen-puffin/jflhchccmppkfebkiaminageehmchikm/39e005944ae16519dd0439caa03452c45733d633f4a16dca2c8c221505daf613", "EventData.peer": null, "EventData.hr": "2147954402", "EventData.fileTime": "0001-01-01 00:00:00", "EventData.fileLength": "18446744073709551615", "EventData.bytesTotal": "18446744073709551615", "EventData.bytesTransferred": "0", "EventData.proxy": null, "EventData.peerProtocolFlags": "0", "EventData.bytesTransferredFromPeer": "0", "EventData.AdditionalInfoHr": "0", "EventData.PeerContextInfo": "0", "EventData.bandwidthLimit": "18446744073709551615", "EventData.ignoreBandwidthLimitsOnLan": "False"}
{"EventID": "61", "Channel": "Microsoft-Windows-Bits-Client/Operational", "Provider_Name": "Microsoft-Windows-Bits-Client", "Computer": "DESKTOP-OFJ6N53", "TimeCreated": "2025-08-26 01:19:47.485708+00:00", "RecordID": "85583", "Level": "3", "UserID": "S-1-5-18", "EventData.transferId": "{80f9deff-b2c7-4496-8e77-a0f568902e23}", "EventData.name": "Chrome Component Updater", "EventData.Id": "{168f105d-ebe9-49a5-afd9-4dcc37db3024}", "EventData.url": "http://edgedl.me.gvt1.com/edgedl/diffgen-puffin/jflhchccmppkfebkiaminageehmchikm/39e005944ae16519dd0439caa03452c45733d633f4a16dca2c8c221505daf613", "EventData.peer": null, "EventData.hr": "2147954402", "EventData.fileTime": "0001-01-01 00:00:00", "EventData.fileLength": "18446744073709551615", "EventData.bytesTotal": "18446744073709551615", "EventData.bytesTransferred": "0", "EventData.proxy": null, "EventData.peerProtocolFlags": "0", "EventData.bytesTransferredFromPeer": "0", "EventData.AdditionalInfoHr": "0", "EventData.PeerContextInfo": "0", "EventData.bandwidthLimit": "18446744073709551615", "EventData.ignoreBandwidthLimitsOnLan": "False"}
{"EventID": "61", "Channel": "Microsoft-Windows-Bits-Client/Operational", "Provider_Name": "Microsoft-Windows-Bits-Client", "Computer": "DESKTOP-OFJ6N53", "TimeCreated": "2025-08-26 01:21:08.549767+00:00", "RecordID": "85584", "Level": "3", "UserID": "S-1-5-18", "EventData.transferId": "{040c5f7c-aaa3-445e-89cf-f5ff0db03b5b}", "EventData.name": "Chrome Component Updater", "EventData.Id": "{168f105d-ebe9-49a5-afd9-4dcc37db3024}", "EventData.url": "http://edgedl.me.gvt1.com/edgedl/diffgen-puffin/jflhchccmppkfebkiaminageehmchikm/39e005944ae16519dd0439caa03452c45733d633f4a16dca2c8c221505daf613", "EventData.peer": null, "EventData.hr": "2147954402", "EventData.fileTime": "0001-01-01 00:00:00", "EventData.fileLength": "18446744073709551615", "EventData.bytesTotal": "18446744073709551615", "EventData.bytesTransferred": "0", "EventData.proxy": null, "EventData.peerProtocolFlags": "0", "EventData.bytesTransferredFromPeer": "0", "EventData.AdditionalInfoHr": "0", "EventData.PeerContextInfo": "0", "EventData.bandwidthLimit": "18446744073709551615", "EventData.ignoreBandwidthLimitsOnLan": "False"}
{"EventID": "61", "Channel": "Microsoft-Windows-Bits-Client/Operational", "Provider_Name": "Microsoft-Windows-Bits-Client", "Computer": "DESKTOP-OFJ6N53", "TimeCreated": "2025-08-26 01:22:30.205673+00:00", "RecordID": "85585", "Level": "3", "UserID": "S-1-5-18", "EventData.transferId": "{12045daf-6c8e-4d61-ab9a-854deb3fa92f}", "EventData.name": "Chrome Component Updater", "EventData.Id": "{168f105d-ebe9-49a5-afd9-4dcc37db3024}", "EventData.url": "http://edgedl.me.gvt1.com/edgedl/diffgen-puffin/jflhchccmppkfebkiaminageehmchikm/39e005944ae16519dd0439caa03452c45733d633f4a16dca2c8c221505daf613", "EventData.peer": null, "EventData.hr": "2147954402", "EventData.fileTime": "0001-01-01 00:00:00", "EventData.fileLength": "18446744073709551615", "EventData.bytesTotal": "18446744073709551615", "EventData.bytesTransferred": "0", "EventData.proxy": null, "EventData.peerProtocolFlags": "0", "EventData.bytesTransferredFromPeer": "0", "EventData.AdditionalInfoHr": "0", "EventData.PeerContextInfo": "0", "EventData.bandwidthLimit": "18446744073709551615", "EventData.ignoreBandwidthLimitsOnLan": "False"}
{"EventID": "61", "Channel": "Microsoft-Windows-Bits-Client/Operational", "Provider_Name": "Microsoft-Windows-Bits-Client", "Computer": "DESKTOP-OFJ6N53", "TimeCreated": "2025-08-26 01:23:51.444000+00:00", "RecordID": "85586", "Level": "3", "UserID": "S-1-5-18", "EventData.transferId": "{64d68968-aec2-45ad-b6d1-94f995933fc0}", "EventData.name": "Chrome Component Updater", "EventData.Id": "{168f105d-ebe9-49a5-afd9-4dcc37db3024}", "EventData.url": "http://edgedl.me.gvt1.com/edgedl/diffgen-puffin/jflhchccmppkfebkiaminageehmchikm/39e005944ae16519dd0439caa03452c45733d633f4a16dca2c8c221505daf613", "EventData.peer": null, "EventData.hr": "2147954402", "EventData.fileTime": "0001-01-01 00:00:00", "EventData.fileLength": "18446744073709551615", "EventData.bytesTotal": "18446744073709551615", "EventData.bytesTransferred": "0", "EventData.proxy": null, "EventData.peerProtocolFlags": "0", "EventData.bytesTransferredFromPeer": "0", "EventData.AdditionalInfoHr": "0", "EventData.PeerContextInfo": "0", "EventData.bandwidthLimit": "18446744073709551615", "EventData.ignoreBandwidthLimitsOnLan": "False"}
{"EventID": "61", "Channel": "Microsoft-Windows-Bits-Client/Operational", "Provider_Name": "Microsoft-Windows-Bits-Client", "Computer": "DESKTOP-OFJ6N53", "TimeCreated": "2025-08-26 01:25:12.936720+00:00", "RecordID": "85587", "Level": "3", "UserID": "S-1-5-18", "EventData.transferId": "{cb39e8da-f675-482e-95dd-e9735366b8ef}", "EventData.name": "Chrome Component Updater", "EventData.Id": "{168f105d-ebe9-49a5-afd9-4dcc37db3024}", "EventData.url": "http://edgedl.me.gvt1.com/edgedl/diffgen-puffin/jflhchccmppkfebkiaminageehmchikm/39e005944ae16519dd0439caa03452c45733d633f4a16dca2c8c221505daf613", "EventData.peer": null, "EventData.hr": "2147954402", "EventData.fileTime": "0001-01-01 00:00:00", "EventData.fileLength": "18446744073709551615", "EventData.bytesTotal": "18446744073709551615", "EventData.bytesTransferred": "0", "EventData.proxy": null, "EventData.peerProtocolFlags": "0", "EventData.bytesTransferredFromPeer": "0", "EventData.AdditionalInfoHr": "0", "EventData.PeerContextInfo": "0", "EventData.bandwidthLimit": "18446744073709551615", "EventData.ignoreBandwidthLimitsOnLan": "False"}
{"EventID": "61", "Channel": "Microsoft-Windows-Bits-Client/Operational", "Provider_Name": "Microsoft-Windows-Bits-Client", "Computer": "DESKTOP-OFJ6N53", "TimeCreated": "2025-08-26 01:26:33.967974+00:00", "RecordID": "85588", "Level": "3", "UserID": "S-1-5-18", "EventData.transferId": "{1a3f6d81-143e-4a2c-b2da-0af967cc3d50}", "EventData.name": "Chrome Component Updater", "EventData.Id": "{168f105d-ebe9-49a5-afd9-4dcc37db3024}", "EventData.url": "http://edgedl.me.gvt1.com/edgedl/diffgen-puffin/jflhchccmppkfebkiaminageehmchikm/39e005944ae16519dd0439caa03452c45733d633f4a16dca2c8c221505daf613", "EventData.peer": null, "EventData.hr": "2147954402", "EventData.fileTime": "0001-01-01 00:00:00", "EventData.fileLength": "18446744073709551615", "EventData.bytesTotal": "18446744073709551615", "EventData.bytesTransferred": "0", "EventData.proxy": null, "EventData.peerProtocolFlags": "0", "EventData.bytesTransferredFromPeer": "0", "EventData.AdditionalInfoHr": "0", "EventData.PeerContextInfo": "0", "EventData.bandwidthLimit": "18446744073709551615", "EventData.ignoreBandwidthLimitsOnLan": "False"}
{"EventID": "5", "Channel": "Microsoft-Windows-Bits-Client/Operational", "Provider_Name": "Microsoft-Windows-Bits-Client", "Computer": "DESKTOP-OFJ6N53", "TimeCreated": "2025-08-26 01:27:35.820381+00:00", "RecordID": "85589", "Level": "4", "UserID": "S-1-5-21-963789628-1060504924-4285088085-1001", "EventData.User": "DESKTOP-OFJ6N53\\sk.batsiev", "EventData.jobTitle": "Chrome Component Updater", "EventData.jobId": "{168f105d-ebe9-49a5-afd9-4dcc37db3024}", "EventData.jobOwner": "DESKTOP-OFJ6N53\\sk.batsiev", "EventData.fileCount": "1"}
{"EventID": "3", "Channel": "Microsoft-Windows-Bits-Client/Operational", "Provider_Name": "Microsoft-Windows-Bits-Client", "Computer": "DESKTOP-OFJ6N53", "TimeCreated": "2025-08-26 01:27:35.825752+00:00", "RecordID": "85590", "Level": "4", "UserID": "S-1-5-18", "EventData.jobTitle": "Chrome Component Updater", "EventData.jobId": "{7520336f-dec1-4a89-8ed2-c975a3f679fb}", "EventData.jobOwner": "DESKTOP-OFJ6N53\\sk.batsiev", "EventData.processPath": "C:\\Program Files\\Google\\Chrome\\Application\\chrome.exe", "EventData.processId": "10884", "EventData.ClientProcessStartKey": "50384020831213050"}
{"EventID": "16403", "Channel": "Microsoft-Windows-Bits-Client/Operational", "Provider_Name": "Microsoft-Windows-Bits-Client", "Computer": "DESKTOP-OFJ6N53", "TimeCreated": "2025-08-26 01:27:35.832315+00:00", "RecordID": "85591", "Level": "4", "UserID": "S-1-5-21-963789628-1060504924-4285088085-1001", "EventData.User": "DESKTOP-OFJ6N53\\sk.batsiev", "EventData.jobTitle": "Chrome Component Updater", "EventData.jobId": "{7520336f-dec1-4a89-8ed2-c975a3f679fb}", "EventData.jobOwner": "DESKTOP-OFJ6N53\\sk.batsiev", "EventData.fileCount": "1", "EventData.RemoteName": "https://edgedl.me.gvt1.com/edgedl/diffgen-puffin/jflhchccmppkfebkiaminageehmchikm/39e005944ae16519dd0439caa03452c45733d633f4a16dca2c8c221505daf613", "EventData.LocalName": "C:\\Users\\SKA580~1.BAT\\AppData\\Local\\Temp\\chrome_BITS_10884_849827356\\39e005944ae16519dd0439caa03452c45733d633f4a16dca2c8c221505daf613", "EventData.processId": "10884", "EventData.ClientProcessStartKey": "50384020831213050"}
{"EventID": "61", "Channel": "Microsoft-Windows-Bits-Client/Operational", "Provider_Name": "Microsoft-Windows-Bits-Client", "Computer": "DESKTOP-OFJ6N53", "TimeCreated": "2025-08-26 01:28:18.113136+00:00", "RecordID": "85592", "Level": "3", "UserID": "S-1-5-18", "EventData.transferId": "{7fdb5529-ee35-478a-861a-3923de83e77c}", "EventData.name": "Chrome Component Updater", "EventData.Id": "{7520336f-dec1-4a89-8ed2-c975a3f679fb}", "EventData.url": "https://edgedl.me.gvt1.com/edgedl/diffgen-puffin/jflhchccmppkfebkiaminageehmchikm/39e005944ae16519dd0439caa03452c45733d633f4a16dca2c8c221505daf613", "EventData.peer": null, "EventData.hr": "2147954402", "EventData.fileTime": "0001-01-01 00:00:00", "EventData.fileLength": "18446744073709551615", "EventData.bytesTotal": "18446744073709551615", "EventData.bytesTransferred": "0", "EventData.proxy": null, "EventData.peerProtocolFlags": "0", "EventData.bytesTransferredFromPeer": "0", "EventData.AdditionalInfoHr": "0", "EventData.PeerContextInfo": "0", "EventData.bandwidthLimit": "18446744073709551615", "EventData.ignoreBandwidthLimitsOnLan": "False"}
{"EventID": "61", "Channel": "Microsoft-Windows-Bits-Client/Operational", "Provider_Name": "Microsoft-Windows-Bits-Client", "Computer": "DESKTOP-OFJ6N53", "TimeCreated": "2025-08-26 01:29:39.264523+00:00", "RecordID": "85593", "Level": "3", "UserID": "S-1-5-18", "EventData.transferId": "{445e37f4-fe8b-427f-bddc-c4dd47ab5070}", "EventData.name": "Chrome Component Updater", "EventData.Id": "{7520336f-dec1-4a89-8ed2-c975a3f679fb}", "EventData.url": "https://edgedl.me.gvt1.com/edgedl/diffgen-puffin/jflhchccmppkfebkiaminageehmchikm/39e005944ae16519dd0439caa03452c45733d633f4a16dca2c8c221505daf613", "EventData.peer": null, "EventData.hr": "2147954402", "EventData.fileTime": "0001-01-01 00:00:00", "EventData.fileLength": "18446744073709551615", "EventData.bytesTotal": "18446744073709551615", "EventData.bytesTransferred": "0", "EventData.proxy": null, "EventData.peerProtocolFlags": "0", "EventData.bytesTransferredFromPeer": "0", "EventData.AdditionalInfoHr": "0", "EventData.PeerContextInfo": "0", "EventData.bandwidthLimit": "18446744073709551615", "EventData.ignoreBandwidthLimitsOnLan": "False"}
{"EventID": "61", "Channel": "Microsoft-Windows-Bits-Client/Operational", "Provider_Name": "Microsoft-Windows-Bits-Client", "Computer": "DESKTOP-OFJ6N53", "TimeCreated": "2025-08-26 01:31:01.140297+00:00", "RecordID": "85594", "Level": "3", "UserID": "S-1-5-18", "EventData.transferId": "{3df85283-4504-4a3a-97eb-799d80fbfc2e}", "EventData.name": "Chrome Component Updater", "EventData.Id": "{7520336f-dec1-4a89-8ed2-c975a3f679fb}", "EventData.url": "https://edgedl.me.gvt1.com/edgedl/diffgen-puffin/jflhchccmppkfebkiaminageehmchikm/39e005944ae16519dd0439caa03452c45733d633f4a16dca2c8c221505daf613", "EventData.peer": null, "EventData.hr": "2147954402", "EventData.fileTime": "0001-01-01 00:00:00", "EventData.fileLength": "18446744073709551615", "EventData.bytesTotal": "18446744073709551615", "EventData.bytesTransferred": "0", "EventData.proxy": null, "EventData.peerProtocolFlags": "0", "EventData.bytesTransferredFromPeer": "0", "EventData.AdditionalInfoHr": "0", "EventData.PeerContextInfo": "0", "EventData.bandwidthLimit": "18446744073709551615", "EventData.ignoreBandwidthLimitsOnLan": "False"}
{"EventID": "61", "Channel": "Microsoft-Windows-Bits-Client/Operational", "Provider_Name": "Microsoft-Windows-Bits-Client", "Computer": "DESKTOP-OFJ6N53", "TimeCreated": "2025-08-26 01:32:22.168459+00:00", "RecordID": "85595", "Level": "3", "UserID": "S-1-5-18", "EventData.transferId": "{282cc85f-0ad3-4a38-abbe-586ded6ef12f}", "EventData.name": "Chrome Component Updater", "EventData.Id": "{7520336f-dec1-4a89-8ed2-c975a3f679fb}", "EventData.url": "https://edgedl.me.gvt1.com/edgedl/diffgen-puffin/jflhchccmppkfebkiaminageehmchikm/39e005944ae16519dd0439caa03452c45733d633f4a16dca2c8c221505daf613", "EventData.peer": null, "EventData.hr": "2147954402", "EventData.fileTime": "0001-01-01 00:00:00", "EventData.fileLength": "18446744073709551615", "EventData.bytesTotal": "18446744073709551615", "EventData.bytesTransferred": "0", "EventData.proxy": null, "EventData.peerProtocolFlags": "0", "EventData.bytesTransferredFromPeer": "0", "EventData.AdditionalInfoHr": "0", "EventData.PeerContextInfo": "0", "EventData.bandwidthLimit": "18446744073709551615", "EventData.ignoreBandwidthLimitsOnLan": "False"}
{"EventID": "61", "Channel": "Microsoft-Windows-Bits-Client/Operational", "Provider_Name": "Microsoft-Windows-Bits-Client", "Computer": "DESKTOP-OFJ6N53", "TimeCreated": "2025-08-26 01:33:43.506191+00:00", "RecordID": "85596", "Level": "3", "UserID": "S-1-5-18", "EventData.transferId": "{ea31a6b4-98a6-40cd-9538-c6ff333e9f88}", "EventData.name": "Chrome Component Updater", "EventData.Id": "{7520336f-dec1-4a89-8ed2-c975a3f679fb}", "EventData.url": "https://edgedl.me.gvt1.com/edgedl/diffgen-puffin/jflhchccmppkfebkiaminageehmchikm/39e005944ae16519dd0439caa03452c45733d633f4a16dca2c8c221505daf613", "EventData.peer": null, "EventData.hr": "2147954402", "EventData.fileTime": "0001-01-01 00:00:00", "EventData.fileLength": "18446744073709551615", "EventData.bytesTotal": "18446744073709551615", "EventData.bytesTransferred": "0", "EventData.proxy": null, "EventData.peerProtocolFlags": "0", "EventData.bytesTransferredFromPeer": "0", "EventData.AdditionalInfoHr": "0", "EventData.PeerContextInfo": "0", "EventData.bandwidthLimit": "18446744073709551615", "EventData.ignoreBandwidthLimitsOnLan": "False"}
{"EventID": "61", "Channel": "Microsoft-Windows-Bits-Client/Operational", "Provider_Name": "Microsoft-Windows-Bits-Client", "Computer": "DESKTOP-OFJ6N53", "TimeCreated": "2025-08-26 01:35:04.549900+00:00", "RecordID": "85597", "Level": "3", "UserID": "S-1-5-18", "EventData.transferId": "{4b366705-179a-49eb-bea0-1dcc4df3c4a0}", "EventData.name": "Chrome Component Updater", "EventData.Id": "{7520336f-dec1-4a89-8ed2-c975a3f679fb}", "EventData.url": "https://edgedl.me.gvt1.com/edgedl/diffgen-puffin/jflhchccmppkfebkiaminageehmchikm/39e005944ae16519dd0439caa03452c45733d633f4a16dca2c8c221505daf613", "EventData.peer": null, "EventData.hr": "2147954402", "EventData.fileTime": "0001-01-01 00:00:00", "EventData.fileLength": "18446744073709551615", "EventData.bytesTotal": "18446744073709551615", "EventData.bytesTransferred": "0", "EventData.proxy": null, "EventData.peerProtocolFlags": "0", "EventData.bytesTransferredFromPeer": "0", "EventData.AdditionalInfoHr": "0", "EventData.PeerContextInfo": "0", "EventData.bandwidthLimit": "18446744073709551615", "EventData.ignoreBandwidthLimitsOnLan": "False"}
{"EventID": "61", "Channel": "Microsoft-Windows-Bits-Client/Operational", "Provider_Name": "Microsoft-Windows-Bits-Client", "Computer": "DESKTOP-OFJ6N53", "TimeCreated": "2025-08-26 01:36:25.883230+00:00", "RecordID": "85598", "Level": "3", "UserID": "S-1-5-18", "EventData.transferId": "{b29ed783-7793-4885-9366-a47bd9f4dff7}", "EventData.name": "Chrome Component Updater", "EventData.Id": "{7520336f-dec1-4a89-8ed2-c975a3f679fb}", "EventData.url": "https://edgedl.me.gvt1.com/edgedl/diffgen-puffin/jflhchccmppkfebkiaminageehmchikm/39e005944ae16519dd0439caa03452c45733d633f4a16dca2c8c221505daf613", "EventData.peer": null, "EventData.hr": "2147954402", "EventData.fileTime": "0001-01-01 00:00:00", "EventData.fileLength": "18446744073709551615", "EventData.bytesTotal": "18446744073709551615", "EventData.bytesTransferred": "0", "EventData.proxy": null, "EventData.peerProtocolFlags": "0", "EventData.bytesTransferredFromPeer": "0", "EventData.AdditionalInfoHr": "0", "EventData.PeerContextInfo": "0", "EventData.bandwidthLimit": "18446744073709551615", "EventData.ignoreBandwidthLimitsOnLan": "False"}
{"EventID": "61", "Channel": "Microsoft-Windows-Bits-Client/Operational", "Provider_Name": "Microsoft-Windows-Bits-Client", "Computer": "DESKTOP-OFJ6N53", "TimeCreated": "2025-08-26 01:37:46.945284+00:00", "RecordID": "85599", "Level": "3", "UserID": "S-1-5-18", "EventData.transferId": "{33b075e5-fb90-459a-ac41-ccc8da12b92c}", "EventData.name": "Chrome Component Updater", "EventData.Id": "{7520336f-dec1-4a89-8ed2-c975a3f679fb}", "EventData.url": "https://edgedl.me.gvt1.com/edgedl/diffgen-puffin/jflhchccmppkfebkiaminageehmchikm/39e005944ae16519dd0439caa03452c45733d633f4a16dca2c8c221505daf613", "EventData.peer": null, "EventData.hr": "2147954402", "EventData.fileTime": "0001-01-01 00:00:00", "EventData.fileLength": "18446744073709551615", "EventData.bytesTotal": "18446744073709551615", "EventData.bytesTransferred": "0", "EventData.proxy": null, "EventData.peerProtocolFlags": "0", "EventData.bytesTransferredFromPeer": "0", "EventData.AdditionalInfoHr": "0", "EventData.PeerContextInfo": "0", "EventData.bandwidthLimit": "18446744073709551615", "EventData.ignoreBandwidthLimitsOnLan": "False"}
{"EventID": "61", "Channel": "Microsoft-Windows-Bits-Client/Operational", "Provider_Name": "Microsoft-Windows-Bits-Client", "Computer": "DESKTOP-OFJ6N53", "TimeCreated": "2025-08-26 01:39:08.159220+00:00", "RecordID": "85600", "Level": "3", "UserID": "S-1-5-18", "EventData.transferId": "{e5e4b3aa-6b10-433d-be97-85c0058cdd27}", "EventData.name": "Chrome Component Updater", "EventData.Id": "{7520336f-dec1-4a89-8ed2-c975a3f679fb}", "EventData.url": "https://edgedl.me.gvt1.com/edgedl/diffgen-puffin/jflhchccmppkfebkiaminageehmchikm/39e005944ae16519dd0439caa03452c45733d633f4a16dca2c8c221505daf613", "EventData.peer": null, "EventData.hr": "2147954402", "EventData.fileTime": "0001-01-01 00:00:00", "EventData.fileLength": "18446744073709551615", "EventData.bytesTotal": "18446744073709551615", "EventData.bytesTransferred": "0", "EventData.proxy": null, "EventData.peerProtocolFlags": "0", "EventData.bytesTransferredFromPeer": "0", "EventData.AdditionalInfoHr": "0", "EventData.PeerContextInfo": "0", "EventData.bandwidthLimit": "18446744073709551615", "EventData.ignoreBandwidthLimitsOnLan": "False"}
{"EventID": "61", "Channel": "Microsoft-Windows-Bits-Client/Operational", "Provider_Name": "Microsoft-Windows-Bits-Client", "Computer": "DESKTOP-OFJ6N53", "TimeCreated": "2025-08-26 01:40:29.224611+00:00", "RecordID": "85601", "Level": "3", "UserID": "S-1-5-18", "EventData.transferId": "{820f3473-0bd7-4709-b65c-9fc3af6d6a17}", "EventData.name": "Chrome Component Updater", "EventData.Id": "{7520336f-dec1-4a89-8ed2-c975a3f679fb}", "EventData.url": "https://edgedl.me.gvt1.com/edgedl/diffgen-puffin/jflhchccmppkfebkiaminageehmchikm/39e005944ae16519dd0439caa03452c45733d633f4a16dca2c8c221505daf613", "EventData.peer": null, "EventData.hr": "2147954402", "EventData.fileTime": "0001-01-01 00:00:00", "EventData.fileLength": "18446744073709551615", "EventData.bytesTotal": "18446744073709551615", "EventData.bytesTransferred": "0", "EventData.proxy": null, "EventData.peerProtocolFlags": "0", "EventData.bytesTransferredFromPeer": "0", "EventData.AdditionalInfoHr": "0", "EventData.PeerContextInfo": "0", "EventData.bandwidthLimit": "18446744073709551615", "EventData.ignoreBandwidthLimitsOnLan": "False"}
{"EventID": "61", "Channel": "Microsoft-Windows-Bits-Client/Operational", "Provider_Name": "Microsoft-Windows-Bits-Client", "Computer": "DESKTOP-OFJ6N53", "TimeCreated": "2025-08-26 01:41:50.408503+00:00", "RecordID": "85602", "Level": "3", "UserID": "S-1-5-18", "EventData.transferId": "{e6ad4ba7-0895-47a8-af85-fc45b997f401}", "EventData.name": "Chrome Component Updater", "EventData.Id": "{7520336f-dec1-4a89-8ed2-c975a3f679fb}", "EventData.url": "https://edgedl.me.gvt1.com/edgedl/diffgen-puffin/jflhchccmppkfebkiaminageehmchikm/39e005944ae16519dd0439caa03452c45733d633f4a16dca2c8c221505daf613", "EventData.peer": null, "EventData.hr": "2147954402", "EventData.fileTime": "0001-01-01 00:00:00", "EventData.fileLength": "18446744073709551615", "EventData.bytesTotal": "18446744073709551615", "EventData.bytesTransferred": "0", "EventData.proxy": null, "EventData.peerProtocolFlags": "0", "EventData.bytesTransferredFromPeer": "0", "EventData.AdditionalInfoHr": "0", "EventData.PeerContextInfo": "0", "EventData.bandwidthLimit": "18446744073709551615", "EventData.ignoreBandwidthLimitsOnLan": "False"}
{"EventID": "5", "Channel": "Microsoft-Windows-Bits-Client/Operational", "Provider_Name": "Microsoft-Windows-Bits-Client", "Computer": "DESKTOP-OFJ6N53", "TimeCreated": "2025-08-26 01:42:50.575396+00:00", "RecordID": "85603", "Level": "4", "UserID": "S-1-5-21-963789628-1060504924-4285088085-1001", "EventData.User": "DESKTOP-OFJ6N53\\sk.batsiev", "EventData.jobTitle": "Chrome Component Updater", "EventData.jobId": "{7520336f-dec1-4a89-8ed2-c975a3f679fb}", "EventData.jobOwner": "DESKTOP-OFJ6N53\\sk.batsiev", "EventData.fileCount": "1"}
{"EventID": "3", "Channel": "Microsoft-Windows-Bits-Client/Operational", "Provider_Name": "Microsoft-Windows-Bits-Client", "Computer": "DESKTOP-OFJ6N53", "TimeCreated": "2025-08-26 01:42:50.581142+00:00", "RecordID": "85604", "Level": "4", "UserID": "S-1-5-18", "EventData.jobTitle": "Chrome Component Updater", "EventData.jobId": "{037887ec-4172-4031-87ae-c8181ea690dc}", "EventData.jobOwner": "DESKTOP-OFJ6N53\\sk.batsiev", "EventData.processPath": "C:\\Program Files\\Google\\Chrome\\Application\\chrome.exe", "EventData.processId": "10884", "EventData.ClientProcessStartKey": "50384020831213050"}
{"EventID": "16403", "Channel": "Microsoft-Windows-Bits-Client/Operational", "Provider_Name": "Microsoft-Windows-Bits-Client", "Computer": "DESKTOP-OFJ6N53", "TimeCreated": "2025-08-26 01:42:50.588348+00:00", "RecordID": "85605", "Level": "4", "UserID": "S-1-5-21-963789628-1060504924-4285088085-1001", "EventData.User": "DESKTOP-OFJ6N53\\sk.batsiev", "EventData.jobTitle": "Chrome Component Updater", "EventData.jobId": "{037887ec-4172-4031-87ae-c8181ea690dc}", "EventData.jobOwner": "DESKTOP-OFJ6N53\\sk.batsiev", "EventData.fileCount": "1", "EventData.RemoteName": "http://dl.google.com/diffgen-puffin/jflhchccmppkfebkiaminageehmchikm/39e005944ae16519dd0439caa03452c45733d633f4a16dca2c8c221505daf613", "EventData.LocalName": "C:\\Users\\SKA580~1.BAT\\AppData\\Local\\Temp\\chrome_BITS_10884_436580262\\39e005944ae16519dd0439caa03452c45733d633f4a16dca2c8c221505daf613", "EventData.processId": "10884", "EventData.ClientProcessStartKey": "50384020831213050"}
{"EventID": "59", "Channel": "Microsoft-Windows-Bits-Client/Operational", "Provider_Name": "Microsoft-Windows-Bits-Client", "Computer": "DESKTOP-OFJ6N53", "TimeCreated": "2025-08-26 01:42:50.727928+00:00", "RecordID": "85606", "Level": "4", "UserID": "S-1-5-18", "EventData.transferId": "{5566b99f-aae0-48e8-ac5c-66ba0800a83b}", "EventData.name": "Chrome Component Updater", "EventData.Id": "{037887ec-4172-4031-87ae-c8181ea690dc}", "EventData.url": "http://dl.google.com/diffgen-puffin/jflhchccmppkfebkiaminageehmchikm/39e005944ae16519dd0439caa03452c45733d633f4a16dca2c8c221505daf613", "EventData.peer": null, "EventData.fileTime": "2025-08-25 04:31:48+00:00", "EventData.fileLength": "1941", "EventData.bytesTotal": "1941", "EventData.bytesTransferred": "0", "EventData.bytesTransferredFromPeer": "0"}
{"EventID": "60", "Channel": "Microsoft-Windows-Bits-Client/Operational", "Provider_Name": "Microsoft-Windows-Bits-Client", "Computer": "DESKTOP-OFJ6N53", "TimeCreated": "2025-08-26 01:42:50.858839+00:00", "RecordID": "85607", "Level": "4", "UserID": "S-1-5-18", "EventData.transferId": "{5566b99f-aae0-48e8-ac5c-66ba0800a83b}", "EventData.name": "Chrome Component Updater", "EventData.Id": "{037887ec-4172-4031-87ae-c8181ea690dc}", "EventData.url": "http://dl.google.com/diffgen-puffin/jflhchccmppkfebkiaminageehmchikm/39e005944ae16519dd0439caa03452c45733d633f4a16dca2c8c221505daf613", "EventData.peer": null, "EventData.hr": "0", "EventData.fileTime": "2025-08-25 04:31:48+00:00", "EventData.fileLength": "1941", "EventData.bytesTotal": "1941", "EventData.bytesTransferred": "1941", "EventData.proxy": null, "EventData.peerProtocolFlags": "0", "EventData.bytesTransferredFromPeer": "0", "EventData.AdditionalInfoHr": "0", "EventData.PeerContextInfo": "0", "EventData.bandwidthLimit": "18446744073709551615", "EventData.ignoreBandwidthLimitsOnLan": "False"}
{"EventID": "4", "Channel": "Microsoft-Windows-Bits-Client/Operational", "Provider_Name": "Microsoft-Windows-Bits-Client", "Computer": "DESKTOP-OFJ6N53", "TimeCreated": "2025-08-26 01:42:54.610622+00:00", "RecordID": "85608", "Level": "4", "UserID": "S-1-5-18", "EventData.User": "DESKTOP-OFJ6N53\\sk.batsiev", "EventData.jobTitle": "Chrome Component Updater", "EventData.jobId": "{037887ec-4172-4031-87ae-c8181ea690dc}", "EventData.jobOwner": "DESKTOP-OFJ6N53\\sk.batsiev", "EventData.fileCount": "1", "EventData.bytesTransferred": "1941", "EventData.bytesTransferredFromPeer": "0"}
{"EventID": "3", "Channel": "Microsoft-Windows-Bits-Client/Operational", "Provider_Name": "Microsoft-Windows-Bits-Client", "Computer": "DESKTOP-OFJ6N53", "TimeCreated": "2025-08-26 01:42:54.840496+00:00", "RecordID": "85609", "Level": "4", "UserID": "S-1-5-18", "EventData.jobTitle": "Chrome Component Updater", "EventData.jobId": "{f45defb6-a731-4ce8-9eec-ce2adf9cb5d4}", "EventData.jobOwner": "DESKTOP-OFJ6N53\\sk.batsiev", "EventData.processPath": "C:\\Program Files\\Google\\Chrome\\Application\\chrome.exe", "EventData.processId": "10884", "EventData.ClientProcessStartKey": "50384020831213050"}
{"EventID": "16403", "Channel": "Microsoft-Windows-Bits-Client/Operational", "Provider_Name": "Microsoft-Windows-Bits-Client", "Computer": "DESKTOP-OFJ6N53", "TimeCreated": "2025-08-26 01:42:54.848743+00:00", "RecordID": "85610", "Level": "4", "UserID": "S-1-5-21-963789628-1060504924-4285088085-1001", "EventData.User": "DESKTOP-OFJ6N53\\sk.batsiev", "EventData.jobTitle": "Chrome Component Updater", "EventData.jobId": "{f45defb6-a731-4ce8-9eec-ce2adf9cb5d4}", "EventData.jobOwner": "DESKTOP-OFJ6N53\\sk.batsiev", "EventData.fileCount": "1", "EventData.RemoteName": "http://edgedl.me.gvt1.com/edgedl/diffgen-puffin/kiabhabjdbkjdpjbpigfodbdjmbglcoo/2f9ff0a6bc5f1b3fb9a93f3d0c0292f000d2a2aa5c101c0b7bc1cc98d4374bd3", "EventData.LocalName": "C:\\Users\\SKA580~1.BAT\\AppData\\Local\\Temp\\chrome_BITS_10884_1062720719\\2f9ff0a6bc5f1b3fb9a93f3d0c0292f000d2a2aa5c101c0b7bc1cc98d4374bd3", "EventData.processId": "10884", "EventData.ClientProcessStartKey": "50384020831213050"}
