{"EventID": "5857", "Channel": "Microsoft-Windows-WMI-Activity/Operational", "Provider_Name": "Microsoft-Windows-WMI-Activity", "Computer": "DESKTOP-OFJ6N53", "TimeCreated": "2025-08-25 08:37:56.356947+00:00", "RecordID": "161153", "Level": "0", "UserID": "S-1-5-20"}
{"EventID": "5857", "Channel": "Microsoft-Windows-WMI-Activity/Operational", "Provider_Name": "Microsoft-Windows-WMI-Activity", "Computer": "DESKTOP-OFJ6N53", "TimeCreated": "2025-08-25 08:55:15.487968+00:00", "RecordID": "161154", "Level": "0", "UserID": "S-1-5-20"}
{"EventID": "5857", "Channel": "Microsoft-Windows-WMI-Activity/Operational", "Provider_Name": "Microsoft-Windows-WMI-Activity", "Computer": "DESKTOP-OFJ6N53", "TimeCreated": "2025-08-25 08:55:15.681410+00:00", "RecordID": "161155", "Level": "0", "UserID": "S-1-5-20"}
{"EventID": "5857", "Channel": "Microsoft-Windows-WMI-Activity/Operational", "Provider_Name": "Microsoft-Windows-WMI-Activity", "Computer": "DESKTOP-OFJ6N53", "TimeCreated": "2025-08-25 09:09:48.260927+00:00", "RecordID": "161156", "Level": "0", "UserID": "S-1-5-20"}
{"EventID": "5857", "Channel": "Microsoft-Windows-WMI-Activity/Operational", "Provider_Name": "Microsoft-Windows-WMI-Activity", "Computer": "DESKTOP-OFJ6N53", "TimeCreated": "2025-08-25 09:09:48.330959+00:00", "RecordID": "161157", "Level": "0", "UserID": "S-1-5-20"}
{"EventID": "5858", "Channel": "Microsoft-Windows-WMI-Activity/Operational", "Provider_Name": "Microsoft-Windows-WMI-Activity", "Computer": "DESKTOP-OFJ6N53", "TimeCreated": "2025-08-25 09:10:09.020515+00:00", "RecordID": "161158", "Level": "2", "UserID": "S-1-5-18"}
{"EventID": "5858", "Channel": "Microsoft-Windows-WMI-Activity/Operational", "Provider_Name": "Microsoft-Windows-WMI-Activity", "Computer": "DESKTOP-OFJ6N53", "TimeCreated": "2025-08-25 09:10:09.030262+00:00", "RecordID": "161159", "Level": "2", "UserID": "S-1-5-18"}
{"EventID": "5857", "Channel": "Microsoft-Windows-WMI-Activity/Operational", "Provider_Name": "Microsoft-Windows-WMI-Activity", "Computer": "DESKTOP-OFJ6N53", "TimeCreated": "2025-08-25 09:20:02.436762+00:00", "RecordID": "161160", "Level": "0", "UserID": "S-1-5-20"}
{"EventID": "5857", "Channel": "Microsoft-Windows-WMI-Activity/Operational", "Provider_Name": "Microsoft-Windows-WMI-Activity", "Computer": "DESKTOP-OFJ6N53", "TimeCreated": "2025-08-25 09:20:03.054203+00:00", "RecordID": "161161", "Level": "0", "UserID": "S-1-5-20"}
{"EventID": "5857", "Channel": "Microsoft-Windows-WMI-Activity/Operational", "Provider_Name": "Microsoft-Windows-WMI-Activity", "Computer": "DESKTOP-OFJ6N53", "TimeCreated": "2025-08-25 09:29:25.932829+00:00", "RecordID": "161162", "Level": "0", "UserID": "S-1-5-20"}
{"EventID": "5857", "Channel": "Microsoft-Windows-WMI-Activity/Operational", "Provider_Name": "Microsoft-Windows-WMI-Activity", "Computer": "DESKTOP-OFJ6N53", "TimeCreated": "2025-08-25 09:48:48.226171+00:00", "RecordID": "161163", "Level": "0", "UserID": "S-1-5-20"}
{"EventID": "5857", "Channel": "Microsoft-Windows-WMI-Activity/Operational", "Provider_Name": "Microsoft-Windows-WMI-Activity", "Computer": "DESKTOP-OFJ6N53", "TimeCreated": "2025-08-25 10:00:18.817904+00:00", "RecordID": "161164", "Level": "0", "UserID": "S-1-5-20"}
{"EventID": "5857", "Channel": "Microsoft-Windows-WMI-Activity/Operational", "Provider_Name": "Microsoft-Windows-WMI-Activity", "Computer": "DESKTOP-OFJ6N53", "TimeCreated": "2025-08-25 10:00:18.939075+00:00", "RecordID": "161165", "Level": "0", "UserID": "S-1-5-20"}
{"EventID": "5857", "Channel": "Microsoft-Windows-WMI-Activity/Operational", "Provider_Name": "Microsoft-Windows-WMI-Activity", "Computer": "DESKTOP-OFJ6N53", "TimeCreated": "2025-08-25 10:03:10.060217+00:00", "RecordID": "161166", "Level": "0", "UserID": "S-1-5-20"}
{"EventID": "5857", "Channel": "Microsoft-Windows-WMI-Activity/Operational", "Provider_Name": "Microsoft-Windows-WMI-Activity", "Computer": "DESKTOP-OFJ6N53", "TimeCreated": "2025-08-25 10:31:53.715755+00:00", "RecordID": "161167", "Level": "0", "UserID": "S-1-5-20"}
{"EventID": "5857", "Channel": "Microsoft-Windows-WMI-Activity/Operational", "Provider_Name": "Microsoft-Windows-WMI-Activity", "Computer": "DESKTOP-OFJ6N53", "TimeCreated": "2025-08-25 10:31:54.959734+00:00", "RecordID": "161168", "Level": "0", "UserID": "S-1-5-20"}
{"EventID": "5857", "Channel": "Microsoft-Windows-WMI-Activity/Operational", "Provider_Name": "Microsoft-Windows-WMI-Activity", "Computer": "DESKTOP-OFJ6N53", "TimeCreated": "2025-08-25 10:48:56.843443+00:00", "RecordID": "161169", "Level": "0", "UserID": "S-1-5-20"}
{"EventID": "5857", "Channel": "Microsoft-Windows-WMI-Activity/Operational", "Provider_Name": "Microsoft-Windows-WMI-Activity", "Computer": "DESKTOP-OFJ6N53", "TimeCreated": "2025-08-25 10:48:57.848164+00:00", "RecordID": "161170", "Level": "0", "UserID": "S-1-5-20"}
{"EventID": "5857", "Channel": "Microsoft-Windows-WMI-Activity/Operational", "Provider_Name": "Microsoft-Windows-WMI-Activity", "Computer": "DESKTOP-OFJ6N53", "TimeCreated": "2025-08-25 10:56:33.282579+00:00", "RecordID": "161171", "Level": "0", "UserID": "S-1-5-20"}
{"EventID": "5857", "Channel": "Microsoft-Windows-WMI-Activity/Operational", "Provider_Name": "Microsoft-Windows-WMI-Activity", "Computer": "DESKTOP-OFJ6N53", "TimeCreated": "2025-08-25 11:01:05.795229+00:00", "RecordID": "161172", "Level": "0", "UserID": "S-1-5-20"}
{"EventID": "5857", "Channel": "Microsoft-Windows-WMI-Activity/Operational", "Provider_Name": "Microsoft-Windows-WMI-Activity", "Computer": "DESKTOP-OFJ6N53", "TimeCreated": "2025-08-25 11:19:33.853188+00:00", "RecordID": "161173", "Level": "0", "UserID": "S-1-5-20"}
{"EventID": "5857", "Channel": "Microsoft-Windows-WMI-Activity/Operational", "Provider_Name": "Microsoft-Windows-WMI-Activity", "Computer": "DESKTOP-OFJ6N53", "TimeCreated": "2025-08-25 11:49:18.090338+00:00", "RecordID": "161174", "Level": "0", "UserID": "S-1-5-20"}
{"EventID": "5857", "Channel": "Microsoft-Windows-WMI-Activity/Operational", "Provider_Name": "Microsoft-Windows-WMI-Activity", "Computer": "DESKTOP-OFJ6N53", "TimeCreated": "2025-08-25 11:49:19.461107+00:00", "RecordID": "161175", "Level": "0", "UserID": "S-1-5-20"}
{"EventID": "5857", "Channel": "Microsoft-Windows-WMI-Activity/Operational", "Provider_Name": "Microsoft-Windows-WMI-Activity", "Computer": "DESKTOP-OFJ6N53", "TimeCreated": "2025-08-25 11:50:29.309275+00:00", "RecordID": "161176", "Level": "0", "UserID": "S-1-5-20"}
{"EventID": "5858", "Channel": "Microsoft-Windows-WMI-Activity/Operational", "Provider_Name": "Microsoft-Windows-WMI-Activity", "Computer": "DESKTOP-OFJ6N53", "TimeCreated": "2025-08-25 11:50:46.755819+00:00", "RecordID": "161177", "Level": "2", "UserID": "S-1-5-18"}
{"EventID": "5857", "Channel": "Microsoft-Windows-WMI-Activity/Operational", "Provider_Name": "Microsoft-Windows-WMI-Activity", "Computer": "DESKTOP-OFJ6N53", "TimeCreated": "2025-08-25 11:55:17.532238+00:00", "RecordID": "161178", "Level": "0", "UserID": "S-1-5-20"}
{"EventID": "5857", "Channel": "Microsoft-Windows-WMI-Activity/Operational", "Provider_Name": "Microsoft-Windows-WMI-Activity", "Computer": "DESKTOP-OFJ6N53", "TimeCreated": "2025-08-25 11:58:26.380224+00:00", "RecordID": "161179", "Level": "0", "UserID": "S-1-5-20"}
{"EventID": "5857", "Channel": "Microsoft-Windows-WMI-Activity/Operational", "Provider_Name": "Microsoft-Windows-WMI-Activity", "Computer": "DESKTOP-OFJ6N53", "TimeCreated": "2025-08-25 12:05:28.393747+00:00", "RecordID": "161180", "Level": "0", "UserID": "S-1-5-20"}
{"EventID": "5857", "Channel": "Microsoft-Windows-WMI-Activity/Operational", "Provider_Name": "Microsoft-Windows-WMI-Activity", "Computer": "DESKTOP-OFJ6N53", "TimeCreated": "2025-08-25 12:08:38.104267+00:00", "RecordID": "161181", "Level": "0", "UserID": "S-1-5-20"}
{"EventID": "5857", "Channel": "Microsoft-Windows-WMI-Activity/Operational", "Provider_Name": "Microsoft-Windows-WMI-Activity", "Computer": "DESKTOP-OFJ6N53", "TimeCreated": "2025-08-25 12:14:04.635889+00:00", "RecordID": "161182", "Level": "0", "UserID": "S-1-5-20"}
{"EventID": "5857", "Channel": "Microsoft-Windows-WMI-Activity/Operational", "Provider_Name": "Microsoft-Windows-WMI-Activity", "Computer": "DESKTOP-OFJ6N53", "TimeCreated": "2025-08-25 12:15:25.609283+00:00", "RecordID": "161183", "Level": "0", "UserID": "S-1-5-20"}
{"EventID": "5857", "Channel": "Microsoft-Windows-WMI-Activity/Operational", "Provider_Name": "Microsoft-Windows-WMI-Activity", "Computer": "DESKTOP-OFJ6N53", "TimeCreated": "2025-08-25 12:15:37.805393+00:00", "RecordID": "161184", "Level": "0", "UserID": "S-1-5-20"}
{"EventID": "5857", "Channel": "Microsoft-Windows-WMI-Activity/Operational", "Provider_Name": "Microsoft-Windows-WMI-Activity", "Computer": "DESKTOP-OFJ6N53", "TimeCreated": "2025-08-25 12:16:55.740038+00:00", "RecordID": "161185", "Level": "0", "UserID": "S-1-5-20"}
{"EventID": "5857", "Channel": "Microsoft-Windows-WMI-Activity/Operational", "Provider_Name": "Microsoft-Windows-WMI-Activity", "Computer": "DESKTOP-OFJ6N53", "TimeCreated": "2025-08-25 12:17:57.326168+00:00", "RecordID": "161186", "Level": "0", "UserID": "S-1-5-20"}
{"EventID": "5857", "Channel": "Microsoft-Windows-WMI-Activity/Operational", "Provider_Name": "Microsoft-Windows-WMI-Activity", "Computer": "DESKTOP-OFJ6N53", "TimeCreated": "2025-08-25 12:19:39.274561+00:00", "RecordID": "161187", "Level": "0", "UserID": "S-1-5-20"}
{"EventID": "5857", "Channel": "Microsoft-Windows-WMI-Activity/Operational", "Provider_Name": "Microsoft-Windows-WMI-Activity", "Computer": "DESKTOP-OFJ6N53", "TimeCreated": "2025-08-25 12:19:39.622677+00:00", "RecordID": "161188", "Level": "0", "UserID": "S-1-5-20"}
{"EventID": "5857", "Channel": "Microsoft-Windows-WMI-Activity/Operational", "Provider_Name": "Microsoft-Windows-WMI-Activity", "Computer": "DESKTOP-OFJ6N53", "TimeCreated": "2025-08-25 12:55:48.250463+00:00", "RecordID": "161189", "Level": "0", "UserID": "S-1-5-20"}
{"EventID": "5857", "Channel": "Microsoft-Windows-WMI-Activity/Operational", "Provider_Name": "Microsoft-Windows-WMI-Activity", "Computer": "DESKTOP-OFJ6N53", "TimeCreated": "2025-08-25 12:55:49.636637+00:00", "RecordID": "161190", "Level": "0", "UserID": "S-1-5-20"}
{"EventID": "5857", "Channel": "Microsoft-Windows-WMI-Activity/Operational", "Provider_Name": "Microsoft-Windows-WMI-Activity", "Computer": "DESKTOP-OFJ6N53", "TimeCreated": "2025-08-25 13:25:53.781548+00:00", "RecordID": "161191", "Level": "0", "UserID": "S-1-5-20"}
{"EventID": "5857", "Channel": "Microsoft-Windows-WMI-Activity/Operational", "Provider_Name": "Microsoft-Windows-WMI-Activity", "Computer": "DESKTOP-OFJ6N53", "TimeCreated": "2025-08-25 13:25:53.905247+00:00", "RecordID": "161192", "Level": "0", "UserID": "S-1-5-20"}
{"EventID": "5857", "Channel": "Microsoft-Windows-WMI-Activity/Operational", "Provider_Name": "Microsoft-Windows-WMI-Activity", "Computer": "DESKTOP-OFJ6N53", "TimeCreated": "2025-08-25 13:31:24.813305+00:00", "RecordID": "161193", "Level": "0", "UserID": "S-1-5-20"}
{"EventID": "5857", "Channel": "Microsoft-Windows-WMI-Activity/Operational", "Provider_Name": "Microsoft-Windows-WMI-Activity", "Computer": "DESKTOP-OFJ6N53", "TimeCreated": "2025-08-25 13:40:57.314363+00:00", "RecordID": "161194", "Level": "0", "UserID": "S-1-5-20"}
{"EventID": "5857", "Channel": "Microsoft-Windows-WMI-Activity/Operational", "Provider_Name": "Microsoft-Windows-WMI-Activity", "Computer": "DESKTOP-OFJ6N53", "TimeCreated": "2025-08-25 13:44:59.323139+00:00", "RecordID": "161195", "Level": "0", "UserID": "S-1-5-20"}
{"EventID": "5857", "Channel": "Microsoft-Windows-WMI-Activity/Operational", "Provider_Name": "Microsoft-Windows-WMI-Activity", "Computer": "DESKTOP-OFJ6N53", "TimeCreated": "2025-08-25 13:44:59.504152+00:00", "RecordID": "161196", "Level": "0", "UserID": "S-1-5-20"}
{"EventID": "5857", "Channel": "Microsoft-Windows-WMI-Activity/Operational", "Provider_Name": "Microsoft-Windows-WMI-Activity", "Computer": "DESKTOP-OFJ6N53", "TimeCreated": "2025-08-25 13:53:59.726406+00:00", "RecordID": "161197", "Level": "0", "UserID": "S-1-5-20"}
{"EventID": "5857", "Channel": "Microsoft-Windows-WMI-Activity/Operational", "Provider_Name": "Microsoft-Windows-WMI-Activity", "Computer": "DESKTOP-OFJ6N53", "TimeCreated": "2025-08-25 14:05:40.231987+00:00", "RecordID": "161198", "Level": "0", "UserID": "S-1-5-20"}
{"EventID": "5857", "Channel": "Microsoft-Windows-WMI-Activity/Operational", "Provider_Name": "Microsoft-Windows-WMI-Activity", "Computer": "DESKTOP-OFJ6N53", "TimeCreated": "2025-08-25 14:08:13.415802+00:00", "RecordID": "161199", "Level": "0", "UserID": "S-1-5-20"}
{"EventID": "5857", "Channel": "Microsoft-Windows-WMI-Activity/Operational", "Provider_Name": "Microsoft-Windows-WMI-Activity", "Computer": "DESKTOP-OFJ6N53", "TimeCreated": "2025-08-25 14:30:20.342590+00:00", "RecordID": "161200", "Level": "0", "UserID": "S-1-5-20"}
{"EventID": "5857", "Channel": "Microsoft-Windows-WMI-Activity/Operational", "Provider_Name": "Microsoft-Windows-WMI-Activity", "Computer": "DESKTOP-OFJ6N53", "TimeCreated": "2025-08-25 14:30:20.420485+00:00", "RecordID": "161201", "Level": "0", "UserID": "S-1-5-20"}
{"EventID": "5857", "Channel": "Microsoft-Windows-WMI-Activity/Operational", "Provider_Name": "Microsoft-Windows-WMI-Activity", "Computer": "DESKTOP-OFJ6N53", "TimeCreated": "2025-08-25 15:31:16.056528+00:00", "RecordID": "161202", "Level": "0", "UserID": "S-1-5-20"}
{"EventID": "5857", "Channel": "Microsoft-Windows-WMI-Activity/Operational", "Provider_Name": "Microsoft-Windows-WMI-Activity", "Computer": "DESKTOP-OFJ6N53", "TimeCreated": "2025-08-25 15:31:16.129173+00:00", "RecordID": "161203", "Level": "0", "UserID": "S-1-5-20"}
{"EventID": "5857", "Channel": "Microsoft-Windows-WMI-Activity/Operational", "Provider_Name": "Microsoft-Windows-WMI-Activity", "Computer": "DESKTOP-OFJ6N53", "TimeCreated": "2025-08-25 15:55:57.259851+00:00", "RecordID": "161204", "Level": "0", "UserID": "S-1-5-20"}
{"EventID": "5857", "Channel": "Microsoft-Windows-WMI-Activity/Operational", "Provider_Name": "Microsoft-Windows-WMI-Activity", "Computer": "DESKTOP-OFJ6N53", "TimeCreated": "2025-08-25 15:55:58.404329+00:00", "RecordID": "161205", "Level": "0", "UserID": "S-1-5-20"}
{"EventID": "5857", "Channel": "Microsoft-Windows-WMI-Activity/Operational", "Provider_Name": "Microsoft-Windows-WMI-Activity", "Computer": "DESKTOP-OFJ6N53", "TimeCreated": "2025-08-25 16:17:02.202023+00:00", "RecordID": "161206", "Level": "0", "UserID": "S-1-5-20"}
{"EventID": "5857", "Channel": "Microsoft-Windows-WMI-Activity/Operational", "Provider_Name": "Microsoft-Windows-WMI-Activity", "Computer": "DESKTOP-OFJ6N53", "TimeCreated": "2025-08-25 16:17:04.109512+00:00", "RecordID": "161207", "Level": "0", "UserID": "S-1-5-20"}
{"EventID": "5857", "Channel": "Microsoft-Windows-WMI-Activity/Operational", "Provider_Name": "Microsoft-Windows-WMI-Activity", "Computer": "DESKTOP-OFJ6N53", "TimeCreated": "2025-08-25 16:24:26.465647+00:00", "RecordID": "161208", "Level": "0", "UserID": "S-1-5-20"}
{"EventID": "5857", "Channel": "Microsoft-Windows-WMI-Activity/Operational", "Provider_Name": "Microsoft-Windows-WMI-Activity", "Computer": "DESKTOP-OFJ6N53", "TimeCreated": "2025-08-25 16:38:19.221035+00:00", "RecordID": "161209", "Level": "0", "UserID": "S-1-5-20"}
{"EventID": "5857", "Channel": "Microsoft-Windows-WMI-Activity/Operational", "Provider_Name": "Microsoft-Windows-WMI-Activity", "Computer": "DESKTOP-OFJ6N53", "TimeCreated": "2025-08-25 16:38:19.590796+00:00", "RecordID": "161210", "Level": "0", "UserID": "S-1-5-20"}
{"EventID": "5857", "Channel": "Microsoft-Windows-WMI-Activity/Operational", "Provider_Name": "Microsoft-Windows-WMI-Activity", "Computer": "DESKTOP-OFJ6N53", "TimeCreated": "2025-08-25 17:32:34.315817+00:00", "RecordID": "161211", "Level": "0", "UserID": "S-1-5-20"}
{"EventID": "5857", "Channel": "Microsoft-Windows-WMI-Activity/Operational", "Provider_Name": "Microsoft-Windows-WMI-Activity", "Computer": "DESKTOP-OFJ6N53", "TimeCreated": "2025-08-25 17:32:34.989643+00:00", "RecordID": "161212", "Level": "0", "UserID": "S-1-5-20"}
{"EventID": "5857", "Channel": "Microsoft-Windows-WMI-Activity/Operational", "Provider_Name": "Microsoft-Windows-WMI-Activity", "Computer": "DESKTOP-OFJ6N53", "TimeCreated": "2025-08-25 17:56:36.566200+00:00", "RecordID": "161213", "Level": "0", "UserID": "S-1-5-20"}
{"EventID": "5857", "Channel": "Microsoft-Windows-WMI-Activity/Operational", "Provider_Name": "Microsoft-Windows-WMI-Activity", "Computer": "DESKTOP-OFJ6N53", "TimeCreated": "2025-08-25 17:56:36.643858+00:00", "RecordID": "161214", "Level": "0", "UserID": "S-1-5-20"}
{"EventID": "5857", "Channel": "Microsoft-Windows-WMI-Activity/Operational", "Provider_Name": "Microsoft-Windows-WMI-Activity", "Computer": "DESKTOP-OFJ6N53", "TimeCreated": "2025-08-25 18:25:08.711823+00:00", "RecordID": "161215", "Level": "0", "UserID": "S-1-5-20"}
{"EventID": "5857", "Channel": "Microsoft-Windows-WMI-Activity/Operational", "Provider_Name": "Microsoft-Windows-WMI-Activity", "Computer": "DESKTOP-OFJ6N53", "TimeCreated": "2025-08-25 18:41:56.583488+00:00", "RecordID": "161216", "Level": "0", "UserID": "S-1-5-20"}
{"EventID": "5857", "Channel": "Microsoft-Windows-WMI-Activity/Operational", "Provider_Name": "Microsoft-Windows-WMI-Activity", "Computer": "DESKTOP-OFJ6N53", "TimeCreated": "2025-08-25 18:41:56.679785+00:00", "RecordID": "161217", "Level": "0", "UserID": "S-1-5-20"}
{"EventID": "5857", "Channel": "Microsoft-Windows-WMI-Activity/Operational", "Provider_Name": "Microsoft-Windows-WMI-Activity", "Computer": "DESKTOP-OFJ6N53", "TimeCreated": "2025-08-25 18:47:17.612169+00:00", "RecordID": "161218", "Level": "0", "UserID": "S-1-5-20"}
{"EventID": "5857", "Channel": "Microsoft-Windows-WMI-Activity/Operational", "Provider_Name": "Microsoft-Windows-WMI-Activity", "Computer": "DESKTOP-OFJ6N53", "TimeCreated": "2025-08-25 19:04:54.452894+00:00", "RecordID": "161219", "Level": "0", "UserID": "S-1-5-20"}
{"EventID": "5857", "Channel": "Microsoft-Windows-WMI-Activity/Operational", "Provider_Name": "Microsoft-Windows-WMI-Activity", "Computer": "DESKTOP-OFJ6N53", "TimeCreated": "2025-08-25 19:04:54.587749+00:00", "RecordID": "161220", "Level": "0", "UserID": "S-1-5-20"}
{"EventID": "5857", "Channel": "Microsoft-Windows-WMI-Activity/Operational", "Provider_Name": "Microsoft-Windows-WMI-Activity", "Computer": "DESKTOP-OFJ6N53", "TimeCreated": "2025-08-25 19:09:05.951843+00:00", "RecordID": "161221", "Level": "0", "UserID": "S-1-5-20"}
{"EventID": "5857", "Channel": "Microsoft-Windows-WMI-Activity/Operational", "Provider_Name": "Microsoft-Windows-WMI-Activity", "Computer": "DESKTOP-OFJ6N53", "TimeCreated": "2025-08-25 19:09:10.692471+00:00", "RecordID": "161222", "Level": "0", "UserID": "S-1-5-20"}
{"EventID": "5857", "Channel": "Microsoft-Windows-WMI-Activity/Operational", "Provider_Name": "Microsoft-Windows-WMI-Activity", "Computer": "DESKTOP-OFJ6N53", "TimeCreated": "2025-08-25 19:25:36.772524+00:00", "RecordID": "161223", "Level": "0", "UserID": "S-1-5-20"}
{"EventID": "5858", "Channel": "Microsoft-Windows-WMI-Activity/Operational", "Provider_Name": "Microsoft-Windows-WMI-Activity", "Computer": "DESKTOP-OFJ6N53", "TimeCreated": "2025-08-25 19:25:38.879456+00:00", "RecordID": "161224", "Level": "2", "UserID": "S-1-5-18"}
{"EventID": "5858", "Channel": "Microsoft-Windows-WMI-Activity/Operational", "Provider_Name": "Microsoft-Windows-WMI-Activity", "Computer": "DESKTOP-OFJ6N53", "TimeCreated": "2025-08-25 19:25:40.254391+00:00", "RecordID": "161225", "Level": "2", "UserID": "S-1-5-18"}
{"EventID": "5858", "Channel": "Microsoft-Windows-WMI-Activity/Operational", "Provider_Name": "Microsoft-Windows-WMI-Activity", "Computer": "DESKTOP-OFJ6N53", "TimeCreated": "2025-08-25 19:25:41.272015+00:00", "RecordID": "161226", "Level": "2", "UserID": "S-1-5-18"}
{"EventID": "5858", "Channel": "Microsoft-Windows-WMI-Activity/Operational", "Provider_Name": "Microsoft-Windows-WMI-Activity", "Computer": "DESKTOP-OFJ6N53", "TimeCreated": "2025-08-25 19:25:42.142208+00:00", "RecordID": "161227", "Level": "2", "UserID": "S-1-5-18"}
{"EventID": "5858", "Channel": "Microsoft-Windows-WMI-Activity/Operational", "Provider_Name": "Microsoft-Windows-WMI-Activity", "Computer": "DESKTOP-OFJ6N53", "TimeCreated": "2025-08-25 19:25:43.156530+00:00", "RecordID": "161228", "Level": "2", "UserID": "S-1-5-18"}
{"EventID": "5857", "Channel": "Microsoft-Windows-WMI-Activity/Operational", "Provider_Name": "Microsoft-Windows-WMI-Activity", "Computer": "DESKTOP-OFJ6N53", "TimeCreated": "2025-08-25 19:25:44.898319+00:00", "RecordID": "161229", "Level": "0", "UserID": "S-1-5-20"}
{"EventID": "5858", "Channel": "Microsoft-Windows-WMI-Activity/Operational", "Provider_Name": "Microsoft-Windows-WMI-Activity", "Computer": "DESKTOP-OFJ6N53", "TimeCreated": "2025-08-25 19:25:46.841890+00:00", "RecordID": "161230", "Level": "2", "UserID": "S-1-5-18"}
{"EventID": "5857", "Channel": "Microsoft-Windows-WMI-Activity/Operational", "Provider_Name": "Microsoft-Windows-WMI-Activity", "Computer": "DESKTOP-OFJ6N53", "TimeCreated": "2025-08-25 19:25:46.916626+00:00", "RecordID": "161231", "Level": "0", "UserID": "S-1-5-18"}
{"EventID": "5857", "Channel": "Microsoft-Windows-WMI-Activity/Operational", "Provider_Name": "Microsoft-Windows-WMI-Activity", "Computer": "DESKTOP-OFJ6N53", "TimeCreated": "2025-08-25 19:42:22.501740+00:00", "RecordID": "161232", "Level": "0", "UserID": "S-1-5-20"}
{"EventID": "5857", "Channel": "Microsoft-Windows-WMI-Activity/Operational", "Provider_Name": "Microsoft-Windows-WMI-Activity", "Computer": "DESKTOP-OFJ6N53", "TimeCreated": "2025-08-25 19:42:22.574068+00:00", "RecordID": "161233", "Level": "0", "UserID": "S-1-5-20"}
{"EventID": "5857", "Channel": "Microsoft-Windows-WMI-Activity/Operational", "Provider_Name": "Microsoft-Windows-WMI-Activity", "Computer": "DESKTOP-OFJ6N53", "TimeCreated": "2025-08-25 20:05:20.796286+00:00", "RecordID": "161234", "Level": "0", "UserID": "S-1-5-20"}
{"EventID": "5857", "Channel": "Microsoft-Windows-WMI-Activity/Operational", "Provider_Name": "Microsoft-Windows-WMI-Activity", "Computer": "DESKTOP-OFJ6N53", "TimeCreated": "2025-08-25 20:05:21.114525+00:00", "RecordID": "161235", "Level": "0", "UserID": "S-1-5-20"}
{"EventID": "5857", "Channel": "Microsoft-Windows-WMI-Activity/Operational", "Provider_Name": "Microsoft-Windows-WMI-Activity", "Computer": "DESKTOP-OFJ6N53", "TimeCreated": "2025-08-25 20:25:53.993378+00:00", "RecordID": "161236", "Level": "0", "UserID": "S-1-5-20"}
{"EventID": "5857", "Channel": "Microsoft-Windows-WMI-Activity/Operational", "Provider_Name": "Microsoft-Windows-WMI-Activity", "Computer": "DESKTOP-OFJ6N53", "TimeCreated": "2025-08-25 20:25:54.809898+00:00", "RecordID": "161237", "Level": "0", "UserID": "S-1-5-20"}
{"EventID": "5857", "Channel": "Microsoft-Windows-WMI-Activity/Operational", "Provider_Name": "Microsoft-Windows-WMI-Activity", "Computer": "DESKTOP-OFJ6N53", "TimeCreated": "2025-08-25 20:34:12.051872+00:00", "RecordID": "161238", "Level": "0", "UserID": "S-1-5-20"}
{"EventID": "5857", "Channel": "Microsoft-Windows-WMI-Activity/Operational", "Provider_Name": "Microsoft-Windows-WMI-Activity", "Computer": "DESKTOP-OFJ6N53", "TimeCreated": "2025-08-25 20:37:01.112095+00:00", "RecordID": "161239", "Level": "0", "UserID": "S-1-5-20"}
{"EventID": "5857", "Channel": "Microsoft-Windows-WMI-Activity/Operational", "Provider_Name": "Microsoft-Windows-WMI-Activity", "Computer": "DESKTOP-OFJ6N53", "TimeCreated": "2025-08-25 20:37:03.232801+00:00", "RecordID": "161240", "Level": "0", "UserID": "S-1-5-20"}
{"EventID": "5857", "Channel": "Microsoft-Windows-WMI-Activity/Operational", "Provider_Name": "Microsoft-Windows-WMI-Activity", "Computer": "DESKTOP-OFJ6N53", "TimeCreated": "2025-08-25 20:44:42.271151+00:00", "RecordID": "161241", "Level": "0", "UserID": "S-1-5-20"}
{"EventID": "5858", "Channel": "Microsoft-Windows-WMI-Activity/Operational", "Provider_Name": "Microsoft-Windows-WMI-Activity", "Computer": "DESKTOP-OFJ6N53", "TimeCreated": "2025-08-25 21:03:52.700991+00:00", "RecordID": "161242", "Level": "2", "UserID": "S-1-5-18"}
{"EventID": "5858", "Channel": "Microsoft-Windows-WMI-Activity/Operational", "Provider_Name": "Microsoft-Windows-WMI-Activity", "Computer": "DESKTOP-OFJ6N53", "TimeCreated": "2025-08-25 21:03:52.701073+00:00", "RecordID": "161243", "Level": "2", "UserID": "S-1-5-18"}
{"EventID": "5858", "Channel": "Microsoft-Windows-WMI-Activity/Operational", "Provider_Name": "Microsoft-Windows-WMI-Activity", "Computer": "DESKTOP-OFJ6N53", "TimeCreated": "2025-08-25 21:03:52.701139+00:00", "RecordID": "161244", "Level": "2", "UserID": "S-1-5-18"}
{"EventID": "5858", "Channel": "Microsoft-Windows-WMI-Activity/Operational", "Provider_Name": "Microsoft-Windows-WMI-Activity", "Computer": "DESKTOP-OFJ6N53", "TimeCreated": "2025-08-25 21:03:52.701199+00:00", "RecordID": "161245", "Level": "2", "UserID": "S-1-5-18"}
{"EventID": "5858", "Channel": "Microsoft-Windows-WMI-Activity/Operational", "Provider_Name": "Microsoft-Windows-WMI-Activity", "Computer": "DESKTOP-OFJ6N53", "TimeCreated": "2025-08-25 21:03:52.701252+00:00", "RecordID": "161246", "Level": "2", "UserID": "S-1-5-18"}
{"EventID": "5857", "Channel": "Microsoft-Windows-WMI-Activity/Operational", "Provider_Name": "Microsoft-Windows-WMI-Activity", "Computer": "DESKTOP-OFJ6N53", "TimeCreated": "2025-08-25 21:06:24.488745+00:00", "RecordID": "161247", "Level": "0", "UserID": "S-1-5-20"}
{"EventID": "5858", "Channel": "Microsoft-Windows-WMI-Activity/Operational", "Provider_Name": "Microsoft-Windows-WMI-Activity", "Computer": "DESKTOP-OFJ6N53", "TimeCreated": "2025-08-25 21:29:52.951353+00:00", "RecordID": "161248", "Level": "2", "UserID": "S-1-5-18"}
{"EventID": "5858", "Channel": "Microsoft-Windows-WMI-Activity/Operational", "Provider_Name": "Microsoft-Windows-WMI-Activity", "Computer": "DESKTOP-OFJ6N53", "TimeCreated": "2025-08-25 21:29:52.951391+00:00", "RecordID": "161249", "Level": "2", "UserID": "S-1-5-18"}
{"EventID": "5858", "Channel": "Microsoft-Windows-WMI-Activity/Operational", "Provider_Name": "Microsoft-Windows-WMI-Activity", "Computer": "DESKTOP-OFJ6N53", "TimeCreated": "2025-08-25 21:29:52.951424+00:00", "RecordID": "161250", "Level": "2", "UserID": "S-1-5-18"}
{"EventID": "5858", "Channel": "Microsoft-Windows-WMI-Activity/Operational", "Provider_Name": "Microsoft-Windows-WMI-Activity", "Computer": "DESKTOP-OFJ6N53", "TimeCreated": "2025-08-25 21:29:52.951454+00:00", "RecordID": "161251", "Level": "2", "UserID": "S-1-5-18"}
{"EventID": "5858", "Channel": "Microsoft-Windows-WMI-Activity/Operational", "Provider_Name": "Microsoft-Windows-WMI-Activity", "Computer": "DESKTOP-OFJ6N53", "TimeCreated": "2025-08-25 21:29:52.951490+00:00", "RecordID": "161252", "Level": "2", "UserID": "S-1-5-18"}
{"EventID": "5857", "Channel": "Microsoft-Windows-WMI-Activity/Operational", "Provider_Name": "Microsoft-Windows-WMI-Activity", "Computer": "DESKTOP-OFJ6N53", "TimeCreated": "2025-08-25 21:29:53.232824+00:00", "RecordID": "161253", "Level": "0", "UserID": "S-1-5-20"}
{"EventID": "5857", "Channel": "Microsoft-Windows-WMI-Activity/Operational", "Provider_Name": "Microsoft-Windows-WMI-Activity", "Computer": "DESKTOP-OFJ6N53", "TimeCreated": "2025-08-25 22:29:52.669638+00:00", "RecordID": "161254", "Level": "0", "UserID": "S-1-5-20"}
{"EventID": "5857", "Channel": "Microsoft-Windows-WMI-Activity/Operational", "Provider_Name": "Microsoft-Windows-WMI-Activity", "Computer": "DESKTOP-OFJ6N53", "TimeCreated": "2025-08-25 22:29:52.740553+00:00", "RecordID": "161255", "Level": "0", "UserID": "S-1-5-20"}
{"EventID": "5857", "Channel": "Microsoft-Windows-WMI-Activity/Operational", "Provider_Name": "Microsoft-Windows-WMI-Activity", "Computer": "DESKTOP-OFJ6N53", "TimeCreated": "2025-08-25 23:29:52.759546+00:00", "RecordID": "161256", "Level": "0", "UserID": "S-1-5-20"}
{"EventID": "5857", "Channel": "Microsoft-Windows-WMI-Activity/Operational", "Provider_Name": "Microsoft-Windows-WMI-Activity", "Computer": "DESKTOP-OFJ6N53", "TimeCreated": "2025-08-25 23:29:52.833801+00:00", "RecordID": "161257", "Level": "0", "UserID": "S-1-5-20"}
{"EventID": "5857", "Channel": "Microsoft-Windows-WMI-Activity/Operational", "Provider_Name": "Microsoft-Windows-WMI-Activity", "Computer": "DESKTOP-OFJ6N53", "TimeCreated": "2025-08-26 00:05:02.225403+00:00", "RecordID": "161258", "Level": "0", "UserID": "S-1-5-20"}
{"EventID": "5857", "Channel": "Microsoft-Windows-WMI-Activity/Operational", "Provider_Name": "Microsoft-Windows-WMI-Activity", "Computer": "DESKTOP-OFJ6N53", "TimeCreated": "2025-08-26 00:05:02.713526+00:00", "RecordID": "161259", "Level": "0", "UserID": "S-1-5-20"}
{"EventID": "5857", "Channel": "Microsoft-Windows-WMI-Activity/Operational", "Provider_Name": "Microsoft-Windows-WMI-Activity", "Computer": "DESKTOP-OFJ6N53", "TimeCreated": "2025-08-26 00:06:26.825245+00:00", "RecordID": "161260", "Level": "0", "UserID": "S-1-5-20"}
{"EventID": "5858", "Channel": "Microsoft-Windows-WMI-Activity/Operational", "Provider_Name": "Microsoft-Windows-WMI-Activity", "Computer": "DESKTOP-OFJ6N53", "TimeCreated": "2025-08-26 00:06:26.831017+00:00", "RecordID": "161261", "Level": "2", "UserID": "S-1-5-18"}
{"EventID": "5858", "Channel": "Microsoft-Windows-WMI-Activity/Operational", "Provider_Name": "Microsoft-Windows-WMI-Activity", "Computer": "DESKTOP-OFJ6N53", "TimeCreated": "2025-08-26 00:06:30.544352+00:00", "RecordID": "161262", "Level": "2", "UserID": "S-1-5-18"}
{"EventID": "5857", "Channel": "Microsoft-Windows-WMI-Activity/Operational", "Provider_Name": "Microsoft-Windows-WMI-Activity", "Computer": "DESKTOP-OFJ6N53", "TimeCreated": "2025-08-26 00:06:37.036295+00:00", "RecordID": "161263", "Level": "0", "UserID": "S-1-5-20"}
{"EventID": "5858", "Channel": "Microsoft-Windows-WMI-Activity/Operational", "Provider_Name": "Microsoft-Windows-WMI-Activity", "Computer": "DESKTOP-OFJ6N53", "TimeCreated": "2025-08-26 00:06:37.093071+00:00", "RecordID": "161264", "Level": "2", "UserID": "S-1-5-18"}
{"EventID": "5857", "Channel": "Microsoft-Windows-WMI-Activity/Operational", "Provider_Name": "Microsoft-Windows-WMI-Activity", "Computer": "DESKTOP-OFJ6N53", "TimeCreated": "2025-08-26 00:25:53.275034+00:00", "RecordID": "161265", "Level": "0", "UserID": "S-1-5-18"}
{"EventID": "5858", "Channel": "Microsoft-Windows-WMI-Activity/Operational", "Provider_Name": "Microsoft-Windows-WMI-Activity", "Computer": "DESKTOP-OFJ6N53", "TimeCreated": "2025-08-26 00:25:53.280579+00:00", "RecordID": "161266", "Level": "2", "UserID": "S-1-5-18"}
{"EventID": "5857", "Channel": "Microsoft-Windows-WMI-Activity/Operational", "Provider_Name": "Microsoft-Windows-WMI-Activity", "Computer": "DESKTOP-OFJ6N53", "TimeCreated": "2025-08-26 00:25:53.581984+00:00", "RecordID": "161267", "Level": "0", "UserID": "S-1-5-20"}
{"EventID": "5857", "Channel": "Microsoft-Windows-WMI-Activity/Operational", "Provider_Name": "Microsoft-Windows-WMI-Activity", "Computer": "DESKTOP-OFJ6N53", "TimeCreated": "2025-08-26 00:25:55.971603+00:00", "RecordID": "161268", "Level": "0", "UserID": "S-1-5-20"}
{"EventID": "5858", "Channel": "Microsoft-Windows-WMI-Activity/Operational", "Provider_Name": "Microsoft-Windows-WMI-Activity", "Computer": "DESKTOP-OFJ6N53", "TimeCreated": "2025-08-26 00:25:55.991760+00:00", "RecordID": "161269", "Level": "2", "UserID": "S-1-5-18"}
{"EventID": "5857", "Channel": "Microsoft-Windows-WMI-Activity/Operational", "Provider_Name": "Microsoft-Windows-WMI-Activity", "Computer": "DESKTOP-OFJ6N53", "TimeCreated": "2025-08-26 00:29:52.981899+00:00", "RecordID": "161270", "Level": "0", "UserID": "S-1-5-20"}
{"EventID": "5857", "Channel": "Microsoft-Windows-WMI-Activity/Operational", "Provider_Name": "Microsoft-Windows-WMI-Activity", "Computer": "DESKTOP-OFJ6N53", "TimeCreated": "2025-08-26 00:29:53.054985+00:00", "RecordID": "161271", "Level": "0", "UserID": "S-1-5-20"}
{"EventID": "5857", "Channel": "Microsoft-Windows-WMI-Activity/Operational", "Provider_Name": "Microsoft-Windows-WMI-Activity", "Computer": "DESKTOP-OFJ6N53", "TimeCreated": "2025-08-26 01:23:42.710379+00:00", "RecordID": "161272", "Level": "0", "UserID": "S-1-5-20"}
{"EventID": "5857", "Channel": "Microsoft-Windows-WMI-Activity/Operational", "Provider_Name": "Microsoft-Windows-WMI-Activity", "Computer": "DESKTOP-OFJ6N53", "TimeCreated": "2025-08-26 01:29:53.240372+00:00", "RecordID": "161273", "Level": "0", "UserID": "S-1-5-20"}
{"EventID": "5857", "Channel": "Microsoft-Windows-WMI-Activity/Operational", "Provider_Name": "Microsoft-Windows-WMI-Activity", "Computer": "DESKTOP-OFJ6N53", "TimeCreated": "2025-08-26 01:29:53.485107+00:00", "RecordID": "161274", "Level": "0", "UserID": "S-1-5-20"}
{"EventID": "5857", "Channel": "Microsoft-Windows-WMI-Activity/Operational", "Provider_Name": "Microsoft-Windows-WMI-Activity", "Computer": "DESKTOP-OFJ6N53", "TimeCreated": "2025-08-26 02:05:30.843262+00:00", "RecordID": "161275", "Level": "0", "UserID": "S-1-5-20"}
{"EventID": "5857", "Channel": "Microsoft-Windows-WMI-Activity/Operational", "Provider_Name": "Microsoft-Windows-WMI-Activity", "Computer": "DESKTOP-OFJ6N53", "TimeCreated": "2025-08-26 02:05:30.973255+00:00", "RecordID": "161276", "Level": "0", "UserID": "S-1-5-20"}
{"EventID": "5857", "Channel": "Microsoft-Windows-WMI-Activity/Operational", "Provider_Name": "Microsoft-Windows-WMI-Activity", "Computer": "DESKTOP-OFJ6N53", "TimeCreated": "2025-08-26 02:29:53.059061+00:00", "RecordID": "161277", "Level": "0", "UserID": "S-1-5-20"}
{"EventID": "5857", "Channel": "Microsoft-Windows-WMI-Activity/Operational", "Provider_Name": "Microsoft-Windows-WMI-Activity", "Computer": "DESKTOP-OFJ6N53", "TimeCreated": "2025-08-26 02:29:53.133091+00:00", "RecordID": "161278", "Level": "0", "UserID": "S-1-5-20"}
{"EventID": "5857", "Channel": "Microsoft-Windows-WMI-Activity/Operational", "Provider_Name": "Microsoft-Windows-WMI-Activity", "Computer": "DESKTOP-OFJ6N53", "TimeCreated": "2025-08-26 02:33:51.596819+00:00", "RecordID": "161279", "Level": "0", "UserID": "S-1-5-20"}
{"EventID": "5857", "Channel": "Microsoft-Windows-WMI-Activity/Operational", "Provider_Name": "Microsoft-Windows-WMI-Activity", "Computer": "DESKTOP-OFJ6N53", "TimeCreated": "2025-08-26 03:29:53.867329+00:00", "RecordID": "161280", "Level": "0", "UserID": "S-1-5-20"}
{"EventID": "5857", "Channel": "Microsoft-Windows-WMI-Activity/Operational", "Provider_Name": "Microsoft-Windows-WMI-Activity", "Computer": "DESKTOP-OFJ6N53", "TimeCreated": "2025-08-26 03:29:54.116337+00:00", "RecordID": "161281", "Level": "0", "UserID": "S-1-5-20"}
{"EventID": "5857", "Channel": "Microsoft-Windows-WMI-Activity/Operational", "Provider_Name": "Microsoft-Windows-WMI-Activity", "Computer": "DESKTOP-OFJ6N53", "TimeCreated": "2025-08-26 04:29:53.806320+00:00", "RecordID": "161282", "Level": "0", "UserID": "S-1-5-20"}
{"EventID": "5857", "Channel": "Microsoft-Windows-WMI-Activity/Operational", "Provider_Name": "Microsoft-Windows-WMI-Activity", "Computer": "DESKTOP-OFJ6N53", "TimeCreated": "2025-08-26 04:29:53.880798+00:00", "RecordID": "161283", "Level": "0", "UserID": "S-1-5-20"}
{"EventID": "5857", "Channel": "Microsoft-Windows-WMI-Activity/Operational", "Provider_Name": "Microsoft-Windows-WMI-Activity", "Computer": "DESKTOP-OFJ6N53", "TimeCreated": "2025-08-26 04:55:06.261301+00:00", "RecordID": "161284", "Level": "0", "UserID": "S-1-5-20"}
{"EventID": "5857", "Channel": "Microsoft-Windows-WMI-Activity/Operational", "Provider_Name": "Microsoft-Windows-WMI-Activity", "Computer": "DESKTOP-OFJ6N53", "TimeCreated": "2025-08-26 04:55:06.645218+00:00", "RecordID": "161285", "Level": "0", "UserID": "S-1-5-20"}
{"EventID": "5857", "Channel": "Microsoft-Windows-WMI-Activity/Operational", "Provider_Name": "Microsoft-Windows-WMI-Activity", "Computer": "DESKTOP-OFJ6N53", "TimeCreated": "2025-08-26 05:29:53.419226+00:00", "RecordID": "161286", "Level": "0", "UserID": "S-1-5-20"}
{"EventID": "5857", "Channel": "Microsoft-Windows-WMI-Activity/Operational", "Provider_Name": "Microsoft-Windows-WMI-Activity", "Computer": "DESKTOP-OFJ6N53", "TimeCreated": "2025-08-26 05:29:53.674194+00:00", "RecordID": "161287", "Level": "0", "UserID": "S-1-5-20"}
{"EventID": "5857", "Channel": "Microsoft-Windows-WMI-Activity/Operational", "Provider_Name": "Microsoft-Windows-WMI-Activity", "Computer": "DESKTOP-OFJ6N53", "TimeCreated": "2025-08-26 06:29:53.385103+00:00", "RecordID": "161288", "Level": "0", "UserID": "S-1-5-20"}
{"EventID": "5857", "Channel": "Microsoft-Windows-WMI-Activity/Operational", "Provider_Name": "Microsoft-Windows-WMI-Activity", "Computer": "DESKTOP-OFJ6N53", "TimeCreated": "2025-08-26 06:29:53.456675+00:00", "RecordID": "161289", "Level": "0", "UserID": "S-1-5-20"}
{"EventID": "5857", "Channel": "Microsoft-Windows-WMI-Activity/Operational", "Provider_Name": "Microsoft-Windows-WMI-Activity", "Computer": "DESKTOP-OFJ6N53", "TimeCreated": "2025-08-26 07:07:45.248037+00:00", "RecordID": "161290", "Level": "0", "UserID": "S-1-5-20"}
{"EventID": "5857", "Channel": "Microsoft-Windows-WMI-Activity/Operational", "Provider_Name": "Microsoft-Windows-WMI-Activity", "Computer": "DESKTOP-OFJ6N53", "TimeCreated": "2025-08-26 07:07:45.593781+00:00", "RecordID": "161291", "Level": "0", "UserID": "S-1-5-20"}
{"EventID": "5857", "Channel": "Microsoft-Windows-WMI-Activity/Operational", "Provider_Name": "Microsoft-Windows-WMI-Activity", "Computer": "DESKTOP-OFJ6N53", "TimeCreated": "2025-08-26 07:55:55.630798+00:00", "RecordID": "161292", "Level": "0", "UserID": "S-1-5-20"}
{"EventID": "5857", "Channel": "Microsoft-Windows-WMI-Activity/Operational", "Provider_Name": "Microsoft-Windows-WMI-Activity", "Computer": "DESKTOP-OFJ6N53", "TimeCreated": "2025-08-26 07:55:55.718271+00:00", "RecordID": "161293", "Level": "0", "UserID": "S-1-5-20"}
{"EventID": "5858", "Channel": "Microsoft-Windows-WMI-Activity/Operational", "Provider_Name": "Microsoft-Windows-WMI-Activity", "Computer": "DESKTOP-OFJ6N53", "TimeCreated": "2025-08-26 07:56:14.895136+00:00", "RecordID": "161294", "Level": "2", "UserID": "S-1-5-18"}
{"EventID": "5857", "Channel": "Microsoft-Windows-WMI-Activity/Operational", "Provider_Name": "Microsoft-Windows-WMI-Activity", "Computer": "DESKTOP-OFJ6N53", "TimeCreated": "2025-08-26 07:57:47.093231+00:00", "RecordID": "161295", "Level": "0", "UserID": "S-1-5-20"}
{"EventID": "5857", "Channel": "Microsoft-Windows-WMI-Activity/Operational", "Provider_Name": "Microsoft-Windows-WMI-Activity", "Computer": "DESKTOP-OFJ6N53", "TimeCreated": "2025-08-26 08:18:26.517319+00:00", "RecordID": "161296", "Level": "0", "UserID": "S-1-5-20"}
{"EventID": "5857", "Channel": "Microsoft-Windows-WMI-Activity/Operational", "Provider_Name": "Microsoft-Windows-WMI-Activity", "Computer": "DESKTOP-OFJ6N53", "TimeCreated": "2025-08-26 08:18:26.733122+00:00", "RecordID": "161297", "Level": "0", "UserID": "S-1-5-20"}
{"EventID": "5857", "Channel": "Microsoft-Windows-WMI-Activity/Operational", "Provider_Name": "Microsoft-Windows-WMI-Activity", "Computer": "DESKTOP-OFJ6N53", "TimeCreated": "2025-08-26 08:27:09.623278+00:00", "RecordID": "161298", "Level": "0", "UserID": "S-1-5-20"}
{"EventID": "5857", "Channel": "Microsoft-Windows-WMI-Activity/Operational", "Provider_Name": "Microsoft-Windows-WMI-Activity", "Computer": "DESKTOP-OFJ6N53", "TimeCreated": "2025-08-26 09:13:28.619663+00:00", "RecordID": "161299", "Level": "0", "UserID": "S-1-5-20"}
{"EventID": "5858", "Channel": "Microsoft-Windows-WMI-Activity/Operational", "Provider_Name": "Microsoft-Windows-WMI-Activity", "Computer": "DESKTOP-OFJ6N53", "TimeCreated": "2025-08-26 09:13:28.701643+00:00", "RecordID": "161300", "Level": "2", "UserID": "S-1-5-18"}
{"EventID": "5857", "Channel": "Microsoft-Windows-WMI-Activity/Operational", "Provider_Name": "Microsoft-Windows-WMI-Activity", "Computer": "DESKTOP-OFJ6N53", "TimeCreated": "2025-08-26 09:19:40.217184+00:00", "RecordID": "161301", "Level": "0", "UserID": "S-1-5-20"}
{"EventID": "5857", "Channel": "Microsoft-Windows-WMI-Activity/Operational", "Provider_Name": "Microsoft-Windows-WMI-Activity", "Computer": "DESKTOP-OFJ6N53", "TimeCreated": "2025-08-26 09:19:47.431313+00:00", "RecordID": "161302", "Level": "0", "UserID": "S-1-5-20"}
{"EventID": "5857", "Channel": "Microsoft-Windows-WMI-Activity/Operational", "Provider_Name": "Microsoft-Windows-WMI-Activity", "Computer": "DESKTOP-OFJ6N53", "TimeCreated": "2025-08-26 09:32:16.150005+00:00", "RecordID": "161303", "Level": "0", "UserID": "S-1-5-20"}
{"EventID": "5857", "Channel": "Microsoft-Windows-WMI-Activity/Operational", "Provider_Name": "Microsoft-Windows-WMI-Activity", "Computer": "DESKTOP-OFJ6N53", "TimeCreated": "2025-08-26 09:32:16.227501+00:00", "RecordID": "161304", "Level": "0", "UserID": "S-1-5-20"}
{"EventID": "5857", "Channel": "Microsoft-Windows-WMI-Activity/Operational", "Provider_Name": "Microsoft-Windows-WMI-Activity", "Computer": "DESKTOP-OFJ6N53", "TimeCreated": "2025-08-26 10:00:59.257181+00:00", "RecordID": "161305", "Level": "0", "UserID": "S-1-5-20"}
{"EventID": "5857", "Channel": "Microsoft-Windows-WMI-Activity/Operational", "Provider_Name": "Microsoft-Windows-WMI-Activity", "Computer": "DESKTOP-OFJ6N53", "TimeCreated": "2025-08-26 10:12:05.906002+00:00", "RecordID": "161306", "Level": "0", "UserID": "S-1-5-20"}
{"EventID": "5857", "Channel": "Microsoft-Windows-WMI-Activity/Operational", "Provider_Name": "Microsoft-Windows-WMI-Activity", "Computer": "DESKTOP-OFJ6N53", "TimeCreated": "2025-08-26 10:12:06.086206+00:00", "RecordID": "161307", "Level": "0", "UserID": "S-1-5-20"}
