{"EventID": "1149", "Channel": "Microsoft-Windows-TerminalServices-RemoteConnectionManager/Operational", "Provider_Name": "Microsoft-Windows-TerminalServices-RemoteConnectionManager", "Computer": "DESKTOP-OFJ6N53", "TimeCreated": "2025-08-22 12:53:18.665701+00:00", "RecordID": "6028", "Level": "4", "UserID": "S-1-5-20"}
{"EventID": "261", "Channel": "Microsoft-Windows-TerminalServices-RemoteConnectionManager/Operational", "Provider_Name": "Microsoft-Windows-TerminalServices-RemoteConnectionManager", "Computer": "DESKTOP-OFJ6N53", "TimeCreated": "2025-08-22 12:55:28.204376+00:00", "RecordID": "6029", "Level": "4", "UserID": "S-1-5-20"}
{"EventID": "263", "Channel": "Microsoft-Windows-TerminalServices-RemoteConnectionManager/Operational", "Provider_Name": "Microsoft-Windows-TerminalServices-RemoteConnectionManager", "Computer": "DESKTOP-OFJ6N53", "TimeCreated": "2025-08-22 12:58:28.378912+00:00", "RecordID": "6030", "Level": "4", "UserID": "S-1-5-20"}
{"EventID": "20523", "Channel": "Microsoft-Windows-TerminalServices-RemoteConnectionManager/Operational", "Provider_Name": "Microsoft-Windows-TerminalServices-RemoteConnectionManager", "Computer": "DESKTOP-OFJ6N53", "TimeCreated": "2025-08-22 12:58:28.536249+00:00", "RecordID": "6031", "Level": "4", "UserID": "S-1-5-20"}
{"EventID": "258", "Channel": "Microsoft-Windows-TerminalServices-RemoteConnectionManager/Operational", "Provider_Name": "Microsoft-Windows-TerminalServices-RemoteConnectionManager", "Computer": "DESKTOP-OFJ6N53", "TimeCreated": "2025-08-22 12:58:29.122509+00:00", "RecordID": "6032", "Level": "4", "UserID": "S-1-5-20"}
{"EventID": "263", "Channel": "Microsoft-Windows-TerminalServices-RemoteConnectionManager/Operational", "Provider_Name": "Microsoft-Windows-TerminalServices-RemoteConnectionManager", "Computer": "DESKTOP-OFJ6N53", "TimeCreated": "2025-08-22 12:58:30.781773+00:00", "RecordID": "6033", "Level": "4", "UserID": "S-1-5-20"}
{"EventID": "1136", "Channel": "Microsoft-Windows-TerminalServices-RemoteConnectionManager/Operational", "Provider_Name": "Microsoft-Windows-TerminalServices-RemoteConnectionManager", "Computer": "DESKTOP-OFJ6N53", "TimeCreated": "2025-08-22 12:58:30.793337+00:00", "RecordID": "6034", "Level": "4", "UserID": "S-1-5-18"}
{"EventID": "263", "Channel": "Microsoft-Windows-TerminalServices-RemoteConnectionManager/Operational", "Provider_Name": "Microsoft-Windows-TerminalServices-RemoteConnectionManager", "Computer": "DESKTOP-OFJ6N53", "TimeCreated": "2025-08-22 12:58:30.806797+00:00", "RecordID": "6035", "Level": "4", "UserID": "S-1-5-20"}
{"EventID": "263", "Channel": "Microsoft-Windows-TerminalServices-RemoteConnectionManager/Operational", "Provider_Name": "Microsoft-Windows-TerminalServices-RemoteConnectionManager", "Computer": "DESKTOP-OFJ6N53", "TimeCreated": "2025-08-22 12:58:31.005329+00:00", "RecordID": "6036", "Level": "4", "UserID": "S-1-5-20"}
{"EventID": "263", "Channel": "Microsoft-Windows-TerminalServices-RemoteConnectionManager/Operational", "Provider_Name": "Microsoft-Windows-TerminalServices-RemoteConnectionManager", "Computer": "DESKTOP-OFJ6N53", "TimeCreated": "2025-08-22 12:58:31.059755+00:00", "RecordID": "6037", "Level": "4", "UserID": "S-1-5-20"}
{"EventID": "263", "Channel": "Microsoft-Windows-TerminalServices-RemoteConnectionManager/Operational", "Provider_Name": "Microsoft-Windows-TerminalServices-RemoteConnectionManager", "Computer": "DESKTOP-OFJ6N53", "TimeCreated": "2025-08-22 12:58:31.195688+00:00", "RecordID": "6038", "Level": "4", "UserID": "S-1-5-20"}
{"EventID": "263", "Channel": "Microsoft-Windows-TerminalServices-RemoteConnectionManager/Operational", "Provider_Name": "Microsoft-Windows-TerminalServices-RemoteConnectionManager", "Computer": "DESKTOP-OFJ6N53", "TimeCreated": "2025-08-22 12:58:48.063168+00:00", "RecordID": "6039", "Level": "4", "UserID": "S-1-5-20"}
{"EventID": "261", "Channel": "Microsoft-Windows-TerminalServices-RemoteConnectionManager/Operational", "Provider_Name": "Microsoft-Windows-TerminalServices-RemoteConnectionManager", "Computer": "DESKTOP-OFJ6N53", "TimeCreated": "2025-08-22 13:12:02.497053+00:00", "RecordID": "6040", "Level": "4", "UserID": "S-1-5-20"}
{"EventID": "261", "Channel": "Microsoft-Windows-TerminalServices-RemoteConnectionManager/Operational", "Provider_Name": "Microsoft-Windows-TerminalServices-RemoteConnectionManager", "Computer": "DESKTOP-OFJ6N53", "TimeCreated": "2025-08-22 13:13:07.964462+00:00", "RecordID": "6041", "Level": "4", "UserID": "S-1-5-20"}
{"EventID": "1149", "Channel": "Microsoft-Windows-TerminalServices-RemoteConnectionManager/Operational", "Provider_Name": "Microsoft-Windows-TerminalServices-RemoteConnectionManager", "Computer": "DESKTOP-OFJ6N53", "TimeCreated": "2025-08-22 13:13:10.246521+00:00", "RecordID": "6042", "Level": "4", "UserID": "S-1-5-20"}
{"EventID": "261", "Channel": "Microsoft-Windows-TerminalServices-RemoteConnectionManager/Operational", "Provider_Name": "Microsoft-Windows-TerminalServices-RemoteConnectionManager", "Computer": "DESKTOP-OFJ6N53", "TimeCreated": "2025-08-23 15:36:23.475267+00:00", "RecordID": "6043", "Level": "4", "UserID": "S-1-5-20"}
{"EventID": "1149", "Channel": "Microsoft-Windows-TerminalServices-RemoteConnectionManager/Operational", "Provider_Name": "Microsoft-Windows-TerminalServices-RemoteConnectionManager", "Computer": "DESKTOP-OFJ6N53", "TimeCreated": "2025-08-23 15:36:25.754623+00:00", "RecordID": "6044", "Level": "4", "UserID": "S-1-5-20"}
{"EventID": "261", "Channel": "Microsoft-Windows-TerminalServices-RemoteConnectionManager/Operational", "Provider_Name": "Microsoft-Windows-TerminalServices-RemoteConnectionManager", "Computer": "DESKTOP-OFJ6N53", "TimeCreated": "2025-08-23 16:02:12.591927+00:00", "RecordID": "6045", "Level": "4", "UserID": "S-1-5-20"}
{"EventID": "1149", "Channel": "Microsoft-Windows-TerminalServices-RemoteConnectionManager/Operational", "Provider_Name": "Microsoft-Windows-TerminalServices-RemoteConnectionManager", "Computer": "DESKTOP-OFJ6N53", "TimeCreated": "2025-08-23 16:02:13.796238+00:00", "RecordID": "6046", "Level": "4", "UserID": "S-1-5-20"}
{"EventID": "261", "Channel": "Microsoft-Windows-TerminalServices-RemoteConnectionManager/Operational", "Provider_Name": "Microsoft-Windows-TerminalServices-RemoteConnectionManager", "Computer": "DESKTOP-OFJ6N53", "TimeCreated": "2025-08-23 16:32:08.404778+00:00", "RecordID": "6047", "Level": "4", "UserID": "S-1-5-20"}
{"EventID": "1149", "Channel": "Microsoft-Windows-TerminalServices-RemoteConnectionManager/Operational", "Provider_Name": "Microsoft-Windows-TerminalServices-RemoteConnectionManager", "Computer": "DESKTOP-OFJ6N53", "TimeCreated": "2025-08-23 16:32:12.212328+00:00", "RecordID": "6048", "Level": "4", "UserID": "S-1-5-20"}
{"EventID": "261", "Channel": "Microsoft-Windows-TerminalServices-RemoteConnectionManager/Operational", "Provider_Name": "Microsoft-Windows-TerminalServices-RemoteConnectionManager", "Computer": "DESKTOP-OFJ6N53", "TimeCreated": "2025-08-23 18:13:02.636328+00:00", "RecordID": "6049", "Level": "4", "UserID": "S-1-5-20"}
{"EventID": "1149", "Channel": "Microsoft-Windows-TerminalServices-RemoteConnectionManager/Operational", "Provider_Name": "Microsoft-Windows-TerminalServices-RemoteConnectionManager", "Computer": "DESKTOP-OFJ6N53", "TimeCreated": "2025-08-23 18:13:04.663475+00:00", "RecordID": "6050", "Level": "4", "UserID": "S-1-5-20"}
{"EventID": "261", "Channel": "Microsoft-Windows-TerminalServices-RemoteConnectionManager/Operational", "Provider_Name": "Microsoft-Windows-TerminalServices-RemoteConnectionManager", "Computer": "DESKTOP-OFJ6N53", "TimeCreated": "2025-08-23 18:59:01.267843+00:00", "RecordID": "6051", "Level": "4", "UserID": "S-1-5-20"}
{"EventID": "1149", "Channel": "Microsoft-Windows-TerminalServices-RemoteConnectionManager/Operational", "Provider_Name": "Microsoft-Windows-TerminalServices-RemoteConnectionManager", "Computer": "DESKTOP-OFJ6N53", "TimeCreated": "2025-08-23 18:59:02.692003+00:00", "RecordID": "6052", "Level": "4", "UserID": "S-1-5-20"}
{"EventID": "261", "Channel": "Microsoft-Windows-TerminalServices-RemoteConnectionManager/Operational", "Provider_Name": "Microsoft-Windows-TerminalServices-RemoteConnectionManager", "Computer": "DESKTOP-OFJ6N53", "TimeCreated": "2025-08-23 19:07:50.373192+00:00", "RecordID": "6053", "Level": "4", "UserID": "S-1-5-20"}
{"EventID": "1149", "Channel": "Microsoft-Windows-TerminalServices-RemoteConnectionManager/Operational", "Provider_Name": "Microsoft-Windows-TerminalServices-RemoteConnectionManager", "Computer": "DESKTOP-OFJ6N53", "TimeCreated": "2025-08-23 19:07:51.921614+00:00", "RecordID": "6054", "Level": "4", "UserID": "S-1-5-20"}
{"EventID": "261", "Channel": "Microsoft-Windows-TerminalServices-RemoteConnectionManager/Operational", "Provider_Name": "Microsoft-Windows-TerminalServices-RemoteConnectionManager", "Computer": "DESKTOP-OFJ6N53", "TimeCreated": "2025-08-23 19:07:58.339218+00:00", "RecordID": "6055", "Level": "4", "UserID": "S-1-5-20"}
{"EventID": "1149", "Channel": "Microsoft-Windows-TerminalServices-RemoteConnectionManager/Operational", "Provider_Name": "Microsoft-Windows-TerminalServices-RemoteConnectionManager", "Computer": "DESKTOP-OFJ6N53", "TimeCreated": "2025-08-23 19:08:10.976357+00:00", "RecordID": "6056", "Level": "4", "UserID": "S-1-5-20"}
{"EventID": "261", "Channel": "Microsoft-Windows-TerminalServices-RemoteConnectionManager/Operational", "Provider_Name": "Microsoft-Windows-TerminalServices-RemoteConnectionManager", "Computer": "DESKTOP-OFJ6N53", "TimeCreated": "2025-08-23 19:40:24.943672+00:00", "RecordID": "6057", "Level": "4", "UserID": "S-1-5-20"}
{"EventID": "1149", "Channel": "Microsoft-Windows-TerminalServices-RemoteConnectionManager/Operational", "Provider_Name": "Microsoft-Windows-TerminalServices-RemoteConnectionManager", "Computer": "DESKTOP-OFJ6N53", "TimeCreated": "2025-08-23 19:40:27.903065+00:00", "RecordID": "6058", "Level": "4", "UserID": "S-1-5-20"}
{"EventID": "261", "Channel": "Microsoft-Windows-TerminalServices-RemoteConnectionManager/Operational", "Provider_Name": "Microsoft-Windows-TerminalServices-RemoteConnectionManager", "Computer": "DESKTOP-OFJ6N53", "TimeCreated": "2025-08-23 20:04:35.339867+00:00", "RecordID": "6059", "Level": "4", "UserID": "S-1-5-20"}
{"EventID": "1149", "Channel": "Microsoft-Windows-TerminalServices-RemoteConnectionManager/Operational", "Provider_Name": "Microsoft-Windows-TerminalServices-RemoteConnectionManager", "Computer": "DESKTOP-OFJ6N53", "TimeCreated": "2025-08-23 20:04:35.974861+00:00", "RecordID": "6060", "Level": "4", "UserID": "S-1-5-20"}
{"EventID": "261", "Channel": "Microsoft-Windows-TerminalServices-RemoteConnectionManager/Operational", "Provider_Name": "Microsoft-Windows-TerminalServices-RemoteConnectionManager", "Computer": "DESKTOP-OFJ6N53", "TimeCreated": "2025-08-23 20:30:56.528328+00:00", "RecordID": "6061", "Level": "4", "UserID": "S-1-5-20"}
{"EventID": "1149", "Channel": "Microsoft-Windows-TerminalServices-RemoteConnectionManager/Operational", "Provider_Name": "Microsoft-Windows-TerminalServices-RemoteConnectionManager", "Computer": "DESKTOP-OFJ6N53", "TimeCreated": "2025-08-23 20:31:06.110115+00:00", "RecordID": "6062", "Level": "4", "UserID": "S-1-5-20"}
{"EventID": "261", "Channel": "Microsoft-Windows-TerminalServices-RemoteConnectionManager/Operational", "Provider_Name": "Microsoft-Windows-TerminalServices-RemoteConnectionManager", "Computer": "DESKTOP-OFJ6N53", "TimeCreated": "2025-08-23 20:32:09.628035+00:00", "RecordID": "6063", "Level": "4", "UserID": "S-1-5-20"}
{"EventID": "1149", "Channel": "Microsoft-Windows-TerminalServices-RemoteConnectionManager/Operational", "Provider_Name": "Microsoft-Windows-TerminalServices-RemoteConnectionManager", "Computer": "DESKTOP-OFJ6N53", "TimeCreated": "2025-08-23 20:32:12.958941+00:00", "RecordID": "6064", "Level": "4", "UserID": "S-1-5-20"}
{"EventID": "261", "Channel": "Microsoft-Windows-TerminalServices-RemoteConnectionManager/Operational", "Provider_Name": "Microsoft-Windows-TerminalServices-RemoteConnectionManager", "Computer": "DESKTOP-OFJ6N53", "TimeCreated": "2025-08-23 20:32:20.506643+00:00", "RecordID": "6065", "Level": "4", "UserID": "S-1-5-20"}
{"EventID": "1149", "Channel": "Microsoft-Windows-TerminalServices-RemoteConnectionManager/Operational", "Provider_Name": "Microsoft-Windows-TerminalServices-RemoteConnectionManager", "Computer": "DESKTOP-OFJ6N53", "TimeCreated": "2025-08-23 20:32:23.635380+00:00", "RecordID": "6066", "Level": "4", "UserID": "S-1-5-20"}
{"EventID": "263", "Channel": "Microsoft-Windows-TerminalServices-RemoteConnectionManager/Operational", "Provider_Name": "Microsoft-Windows-TerminalServices-RemoteConnectionManager", "Computer": "DESKTOP-OFJ6N53", "TimeCreated": "2025-08-23 20:33:21.151352+00:00", "RecordID": "6067", "Level": "4", "UserID": "S-1-5-20"}
{"EventID": "20523", "Channel": "Microsoft-Windows-TerminalServices-RemoteConnectionManager/Operational", "Provider_Name": "Microsoft-Windows-TerminalServices-RemoteConnectionManager", "Computer": "DESKTOP-OFJ6N53", "TimeCreated": "2025-08-23 20:33:21.329012+00:00", "RecordID": "6068", "Level": "4", "UserID": "S-1-5-20"}
{"EventID": "258", "Channel": "Microsoft-Windows-TerminalServices-RemoteConnectionManager/Operational", "Provider_Name": "Microsoft-Windows-TerminalServices-RemoteConnectionManager", "Computer": "DESKTOP-OFJ6N53", "TimeCreated": "2025-08-23 20:33:22.045233+00:00", "RecordID": "6069", "Level": "4", "UserID": "S-1-5-20"}
{"EventID": "263", "Channel": "Microsoft-Windows-TerminalServices-RemoteConnectionManager/Operational", "Provider_Name": "Microsoft-Windows-TerminalServices-RemoteConnectionManager", "Computer": "DESKTOP-OFJ6N53", "TimeCreated": "2025-08-23 20:33:23.603064+00:00", "RecordID": "6070", "Level": "4", "UserID": "S-1-5-20"}
{"EventID": "263", "Channel": "Microsoft-Windows-TerminalServices-RemoteConnectionManager/Operational", "Provider_Name": "Microsoft-Windows-TerminalServices-RemoteConnectionManager", "Computer": "DESKTOP-OFJ6N53", "TimeCreated": "2025-08-23 20:33:23.616156+00:00", "RecordID": "6071", "Level": "4", "UserID": "S-1-5-20"}
{"EventID": "1136", "Channel": "Microsoft-Windows-TerminalServices-RemoteConnectionManager/Operational", "Provider_Name": "Microsoft-Windows-TerminalServices-RemoteConnectionManager", "Computer": "DESKTOP-OFJ6N53", "TimeCreated": "2025-08-23 20:33:23.630152+00:00", "RecordID": "6072", "Level": "4", "UserID": "S-1-5-18"}
{"EventID": "263", "Channel": "Microsoft-Windows-TerminalServices-RemoteConnectionManager/Operational", "Provider_Name": "Microsoft-Windows-TerminalServices-RemoteConnectionManager", "Computer": "DESKTOP-OFJ6N53", "TimeCreated": "2025-08-23 20:33:23.632521+00:00", "RecordID": "6073", "Level": "4", "UserID": "S-1-5-20"}
{"EventID": "263", "Channel": "Microsoft-Windows-TerminalServices-RemoteConnectionManager/Operational", "Provider_Name": "Microsoft-Windows-TerminalServices-RemoteConnectionManager", "Computer": "DESKTOP-OFJ6N53", "TimeCreated": "2025-08-23 20:33:23.660633+00:00", "RecordID": "6074", "Level": "4", "UserID": "S-1-5-20"}
{"EventID": "263", "Channel": "Microsoft-Windows-TerminalServices-RemoteConnectionManager/Operational", "Provider_Name": "Microsoft-Windows-TerminalServices-RemoteConnectionManager", "Computer": "DESKTOP-OFJ6N53", "TimeCreated": "2025-08-23 20:33:23.693855+00:00", "RecordID": "6075", "Level": "4", "UserID": "S-1-5-20"}
{"EventID": "261", "Channel": "Microsoft-Windows-TerminalServices-RemoteConnectionManager/Operational", "Provider_Name": "Microsoft-Windows-TerminalServices-RemoteConnectionManager", "Computer": "DESKTOP-OFJ6N53", "TimeCreated": "2025-08-23 20:33:25.849012+00:00", "RecordID": "6076", "Level": "4", "UserID": "S-1-5-20"}
{"EventID": "1149", "Channel": "Microsoft-Windows-TerminalServices-RemoteConnectionManager/Operational", "Provider_Name": "Microsoft-Windows-TerminalServices-RemoteConnectionManager", "Computer": "DESKTOP-OFJ6N53", "TimeCreated": "2025-08-23 20:33:29.084784+00:00", "RecordID": "6077", "Level": "4", "UserID": "S-1-5-20"}
{"EventID": "263", "Channel": "Microsoft-Windows-TerminalServices-RemoteConnectionManager/Operational", "Provider_Name": "Microsoft-Windows-TerminalServices-RemoteConnectionManager", "Computer": "DESKTOP-OFJ6N53", "TimeCreated": "2025-08-23 21:05:06.386688+00:00", "RecordID": "6078", "Level": "4", "UserID": "S-1-5-20"}
{"EventID": "261", "Channel": "Microsoft-Windows-TerminalServices-RemoteConnectionManager/Operational", "Provider_Name": "Microsoft-Windows-TerminalServices-RemoteConnectionManager", "Computer": "DESKTOP-OFJ6N53", "TimeCreated": "2025-08-25 07:51:03.988764+00:00", "RecordID": "6079", "Level": "4", "UserID": "S-1-5-20"}
{"EventID": "1149", "Channel": "Microsoft-Windows-TerminalServices-RemoteConnectionManager/Operational", "Provider_Name": "Microsoft-Windows-TerminalServices-RemoteConnectionManager", "Computer": "DESKTOP-OFJ6N53", "TimeCreated": "2025-08-25 07:51:06.412197+00:00", "RecordID": "6080", "Level": "4", "UserID": "S-1-5-20"}
{"EventID": "261", "Channel": "Microsoft-Windows-TerminalServices-RemoteConnectionManager/Operational", "Provider_Name": "Microsoft-Windows-TerminalServices-RemoteConnectionManager", "Computer": "DESKTOP-OFJ6N53", "TimeCreated": "2025-08-25 10:31:48.485500+00:00", "RecordID": "6081", "Level": "4", "UserID": "S-1-5-20"}
{"EventID": "1149", "Channel": "Microsoft-Windows-TerminalServices-RemoteConnectionManager/Operational", "Provider_Name": "Microsoft-Windows-TerminalServices-RemoteConnectionManager", "Computer": "DESKTOP-OFJ6N53", "TimeCreated": "2025-08-25 10:31:50.687740+00:00", "RecordID": "6082", "Level": "4", "UserID": "S-1-5-20"}
{"EventID": "261", "Channel": "Microsoft-Windows-TerminalServices-RemoteConnectionManager/Operational", "Provider_Name": "Microsoft-Windows-TerminalServices-RemoteConnectionManager", "Computer": "DESKTOP-OFJ6N53", "TimeCreated": "2025-08-25 10:48:52.616888+00:00", "RecordID": "6083", "Level": "4", "UserID": "S-1-5-20"}
{"EventID": "1149", "Channel": "Microsoft-Windows-TerminalServices-RemoteConnectionManager/Operational", "Provider_Name": "Microsoft-Windows-TerminalServices-RemoteConnectionManager", "Computer": "DESKTOP-OFJ6N53", "TimeCreated": "2025-08-25 10:48:54.923409+00:00", "RecordID": "6084", "Level": "4", "UserID": "S-1-5-20"}
{"EventID": "261", "Channel": "Microsoft-Windows-TerminalServices-RemoteConnectionManager/Operational", "Provider_Name": "Microsoft-Windows-TerminalServices-RemoteConnectionManager", "Computer": "DESKTOP-OFJ6N53", "TimeCreated": "2025-08-25 11:49:10.373285+00:00", "RecordID": "6085", "Level": "4", "UserID": "S-1-5-20"}
{"EventID": "1149", "Channel": "Microsoft-Windows-TerminalServices-RemoteConnectionManager/Operational", "Provider_Name": "Microsoft-Windows-TerminalServices-RemoteConnectionManager", "Computer": "DESKTOP-OFJ6N53", "TimeCreated": "2025-08-25 11:49:12.896290+00:00", "RecordID": "6086", "Level": "4", "UserID": "S-1-5-20"}
{"EventID": "261", "Channel": "Microsoft-Windows-TerminalServices-RemoteConnectionManager/Operational", "Provider_Name": "Microsoft-Windows-TerminalServices-RemoteConnectionManager", "Computer": "DESKTOP-OFJ6N53", "TimeCreated": "2025-08-25 12:55:41.907181+00:00", "RecordID": "6087", "Level": "4", "UserID": "S-1-5-20"}
{"EventID": "1149", "Channel": "Microsoft-Windows-TerminalServices-RemoteConnectionManager/Operational", "Provider_Name": "Microsoft-Windows-TerminalServices-RemoteConnectionManager", "Computer": "DESKTOP-OFJ6N53", "TimeCreated": "2025-08-25 12:55:42.934855+00:00", "RecordID": "6088", "Level": "4", "UserID": "S-1-5-20"}
{"EventID": "261", "Channel": "Microsoft-Windows-TerminalServices-RemoteConnectionManager/Operational", "Provider_Name": "Microsoft-Windows-TerminalServices-RemoteConnectionManager", "Computer": "DESKTOP-OFJ6N53", "TimeCreated": "2025-08-25 15:55:49.538811+00:00", "RecordID": "6089", "Level": "4", "UserID": "S-1-5-20"}
{"EventID": "1149", "Channel": "Microsoft-Windows-TerminalServices-RemoteConnectionManager/Operational", "Provider_Name": "Microsoft-Windows-TerminalServices-RemoteConnectionManager", "Computer": "DESKTOP-OFJ6N53", "TimeCreated": "2025-08-25 15:55:50.566854+00:00", "RecordID": "6090", "Level": "4", "UserID": "S-1-5-20"}
{"EventID": "261", "Channel": "Microsoft-Windows-TerminalServices-RemoteConnectionManager/Operational", "Provider_Name": "Microsoft-Windows-TerminalServices-RemoteConnectionManager", "Computer": "DESKTOP-OFJ6N53", "TimeCreated": "2025-08-25 15:57:37.187424+00:00", "RecordID": "6091", "Level": "4", "UserID": "S-1-5-20"}
{"EventID": "1149", "Channel": "Microsoft-Windows-TerminalServices-RemoteConnectionManager/Operational", "Provider_Name": "Microsoft-Windows-TerminalServices-RemoteConnectionManager", "Computer": "DESKTOP-OFJ6N53", "TimeCreated": "2025-08-25 15:57:39.792517+00:00", "RecordID": "6092", "Level": "4", "UserID": "S-1-5-20"}
{"EventID": "261", "Channel": "Microsoft-Windows-TerminalServices-RemoteConnectionManager/Operational", "Provider_Name": "Microsoft-Windows-TerminalServices-RemoteConnectionManager", "Computer": "DESKTOP-OFJ6N53", "TimeCreated": "2025-08-25 16:16:55.496080+00:00", "RecordID": "6093", "Level": "4", "UserID": "S-1-5-20"}
{"EventID": "1149", "Channel": "Microsoft-Windows-TerminalServices-RemoteConnectionManager/Operational", "Provider_Name": "Microsoft-Windows-TerminalServices-RemoteConnectionManager", "Computer": "DESKTOP-OFJ6N53", "TimeCreated": "2025-08-25 16:16:56.196451+00:00", "RecordID": "6094", "Level": "4", "UserID": "S-1-5-20"}
{"EventID": "261", "Channel": "Microsoft-Windows-TerminalServices-RemoteConnectionManager/Operational", "Provider_Name": "Microsoft-Windows-TerminalServices-RemoteConnectionManager", "Computer": "DESKTOP-OFJ6N53", "TimeCreated": "2025-08-25 17:32:17.253139+00:00", "RecordID": "6095", "Level": "4", "UserID": "S-1-5-20"}
{"EventID": "261", "Channel": "Microsoft-Windows-TerminalServices-RemoteConnectionManager/Operational", "Provider_Name": "Microsoft-Windows-TerminalServices-RemoteConnectionManager", "Computer": "DESKTOP-OFJ6N53", "TimeCreated": "2025-08-25 17:32:23.976141+00:00", "RecordID": "6096", "Level": "4", "UserID": "S-1-5-20"}
{"EventID": "261", "Channel": "Microsoft-Windows-TerminalServices-RemoteConnectionManager/Operational", "Provider_Name": "Microsoft-Windows-TerminalServices-RemoteConnectionManager", "Computer": "DESKTOP-OFJ6N53", "TimeCreated": "2025-08-25 17:32:24.086281+00:00", "RecordID": "6097", "Level": "4", "UserID": "S-1-5-20"}
{"EventID": "1149", "Channel": "Microsoft-Windows-TerminalServices-RemoteConnectionManager/Operational", "Provider_Name": "Microsoft-Windows-TerminalServices-RemoteConnectionManager", "Computer": "DESKTOP-OFJ6N53", "TimeCreated": "2025-08-25 17:32:24.329227+00:00", "RecordID": "6098", "Level": "4", "UserID": "S-1-5-20"}
{"EventID": "261", "Channel": "Microsoft-Windows-TerminalServices-RemoteConnectionManager/Operational", "Provider_Name": "Microsoft-Windows-TerminalServices-RemoteConnectionManager", "Computer": "DESKTOP-OFJ6N53", "TimeCreated": "2025-08-25 20:25:47.627466+00:00", "RecordID": "6099", "Level": "4", "UserID": "S-1-5-20"}
{"EventID": "1149", "Channel": "Microsoft-Windows-TerminalServices-RemoteConnectionManager/Operational", "Provider_Name": "Microsoft-Windows-TerminalServices-RemoteConnectionManager", "Computer": "DESKTOP-OFJ6N53", "TimeCreated": "2025-08-25 20:25:48.124041+00:00", "RecordID": "6100", "Level": "4", "UserID": "S-1-5-20"}
{"EventID": "261", "Channel": "Microsoft-Windows-TerminalServices-RemoteConnectionManager/Operational", "Provider_Name": "Microsoft-Windows-TerminalServices-RemoteConnectionManager", "Computer": "DESKTOP-OFJ6N53", "TimeCreated": "2025-08-26 07:07:40.617958+00:00", "RecordID": "6101", "Level": "4", "UserID": "S-1-5-20"}
{"EventID": "1149", "Channel": "Microsoft-Windows-TerminalServices-RemoteConnectionManager/Operational", "Provider_Name": "Microsoft-Windows-TerminalServices-RemoteConnectionManager", "Computer": "DESKTOP-OFJ6N53", "TimeCreated": "2025-08-26 07:07:43.030319+00:00", "RecordID": "6102", "Level": "4", "UserID": "S-1-5-20"}
{"EventID": "261", "Channel": "Microsoft-Windows-TerminalServices-RemoteConnectionManager/Operational", "Provider_Name": "Microsoft-Windows-TerminalServices-RemoteConnectionManager", "Computer": "DESKTOP-OFJ6N53", "TimeCreated": "2025-08-26 07:15:37.267555+00:00", "RecordID": "6103", "Level": "4", "UserID": "S-1-5-20"}
{"EventID": "1149", "Channel": "Microsoft-Windows-TerminalServices-RemoteConnectionManager/Operational", "Provider_Name": "Microsoft-Windows-TerminalServices-RemoteConnectionManager", "Computer": "DESKTOP-OFJ6N53", "TimeCreated": "2025-08-26 07:15:37.927431+00:00", "RecordID": "6104", "Level": "4", "UserID": "S-1-5-20"}
{"EventID": "261", "Channel": "Microsoft-Windows-TerminalServices-RemoteConnectionManager/Operational", "Provider_Name": "Microsoft-Windows-TerminalServices-RemoteConnectionManager", "Computer": "DESKTOP-OFJ6N53", "TimeCreated": "2025-08-26 09:54:53.280075+00:00", "RecordID": "6105", "Level": "4", "UserID": "S-1-5-20"}
{"EventID": "1149", "Channel": "Microsoft-Windows-TerminalServices-RemoteConnectionManager/Operational", "Provider_Name": "Microsoft-Windows-TerminalServices-RemoteConnectionManager", "Computer": "DESKTOP-OFJ6N53", "TimeCreated": "2025-08-26 09:54:56.373493+00:00", "RecordID": "6106", "Level": "4", "UserID": "S-1-5-20"}
{"EventID": "261", "Channel": "Microsoft-Windows-TerminalServices-RemoteConnectionManager/Operational", "Provider_Name": "Microsoft-Windows-TerminalServices-RemoteConnectionManager", "Computer": "DESKTOP-OFJ6N53", "TimeCreated": "2025-08-26 09:58:28.694010+00:00", "RecordID": "6107", "Level": "4", "UserID": "S-1-5-20"}
{"EventID": "1149", "Channel": "Microsoft-Windows-TerminalServices-RemoteConnectionManager/Operational", "Provider_Name": "Microsoft-Windows-TerminalServices-RemoteConnectionManager", "Computer": "DESKTOP-OFJ6N53", "TimeCreated": "2025-08-26 09:58:29.627762+00:00", "RecordID": "6108", "Level": "4", "UserID": "S-1-5-20"}
{"EventID": "1149", "Channel": "Microsoft-Windows-TerminalServices-RemoteConnectionManager/Operational", "Provider_Name": "Microsoft-Windows-TerminalServices-RemoteConnectionManager", "Computer": "DESKTOP-OFJ6N53", "TimeCreated": "2024-05-14 09:03:37.902966+00:00", "RecordID": "4149", "Level": "4", "UserID": "S-1-5-20"}
{"EventID": "263", "Channel": "Microsoft-Windows-TerminalServices-RemoteConnectionManager/Operational", "Provider_Name": "Microsoft-Windows-TerminalServices-RemoteConnectionManager", "Computer": "DESKTOP-OFJ6N53", "TimeCreated": "2024-05-14 09:13:26.534582+00:00", "RecordID": "4150", "Level": "4", "UserID": "S-1-5-20"}
{"EventID": "20523", "Channel": "Microsoft-Windows-TerminalServices-RemoteConnectionManager/Operational", "Provider_Name": "Microsoft-Windows-TerminalServices-RemoteConnectionManager", "Computer": "DESKTOP-OFJ6N53", "TimeCreated": "2024-05-14 09:13:26.625385+00:00", "RecordID": "4151", "Level": "4", "UserID": "S-1-5-20"}
{"EventID": "258", "Channel": "Microsoft-Windows-TerminalServices-RemoteConnectionManager/Operational", "Provider_Name": "Microsoft-Windows-TerminalServices-RemoteConnectionManager", "Computer": "DESKTOP-OFJ6N53", "TimeCreated": "2024-05-14 09:13:27.858995+00:00", "RecordID": "4152", "Level": "4", "UserID": "S-1-5-20"}
{"EventID": "263", "Channel": "Microsoft-Windows-TerminalServices-RemoteConnectionManager/Operational", "Provider_Name": "Microsoft-Windows-TerminalServices-RemoteConnectionManager", "Computer": "DESKTOP-OFJ6N53", "TimeCreated": "2024-05-14 09:13:29.745945+00:00", "RecordID": "4153", "Level": "4", "UserID": "S-1-5-20"}
{"EventID": "263", "Channel": "Microsoft-Windows-TerminalServices-RemoteConnectionManager/Operational", "Provider_Name": "Microsoft-Windows-TerminalServices-RemoteConnectionManager", "Computer": "DESKTOP-OFJ6N53", "TimeCreated": "2024-05-14 09:13:29.767433+00:00", "RecordID": "4154", "Level": "4", "UserID": "S-1-5-20"}
{"EventID": "263", "Channel": "Microsoft-Windows-TerminalServices-RemoteConnectionManager/Operational", "Provider_Name": "Microsoft-Windows-TerminalServices-RemoteConnectionManager", "Computer": "DESKTOP-OFJ6N53", "TimeCreated": "2024-05-14 09:13:29.777359+00:00", "RecordID": "4155", "Level": "4", "UserID": "S-1-5-20"}
{"EventID": "263", "Channel": "Microsoft-Windows-TerminalServices-RemoteConnectionManager/Operational", "Provider_Name": "Microsoft-Windows-TerminalServices-RemoteConnectionManager", "Computer": "DESKTOP-OFJ6N53", "TimeCreated": "2024-05-14 09:13:29.912790+00:00", "RecordID": "4156", "Level": "4", "UserID": "S-1-5-20"}
{"EventID": "1136", "Channel": "Microsoft-Windows-TerminalServices-RemoteConnectionManager/Operational", "Provider_Name": "Microsoft-Windows-TerminalServices-RemoteConnectionManager", "Computer": "DESKTOP-OFJ6N53", "TimeCreated": "2024-05-14 09:13:29.915661+00:00", "RecordID": "4157", "Level": "4", "UserID": "S-1-5-18"}
{"EventID": "263", "Channel": "Microsoft-Windows-TerminalServices-RemoteConnectionManager/Operational", "Provider_Name": "Microsoft-Windows-TerminalServices-RemoteConnectionManager", "Computer": "DESKTOP-OFJ6N53", "TimeCreated": "2024-05-14 09:13:29.937431+00:00", "RecordID": "4158", "Level": "4", "UserID": "S-1-5-20"}
{"EventID": "263", "Channel": "Microsoft-Windows-TerminalServices-RemoteConnectionManager/Operational", "Provider_Name": "Microsoft-Windows-TerminalServices-RemoteConnectionManager", "Computer": "DESKTOP-OFJ6N53", "TimeCreated": "2024-05-14 09:13:45.618805+00:00", "RecordID": "4159", "Level": "4", "UserID": "S-1-5-20"}
{"EventID": "261", "Channel": "Microsoft-Windows-TerminalServices-RemoteConnectionManager/Operational", "Provider_Name": "Microsoft-Windows-TerminalServices-RemoteConnectionManager", "Computer": "DESKTOP-OFJ6N53", "TimeCreated": "2024-05-14 09:24:41.729649+00:00", "RecordID": "4160", "Level": "4", "UserID": "S-1-5-20"}
{"EventID": "261", "Channel": "Microsoft-Windows-TerminalServices-RemoteConnectionManager/Operational", "Provider_Name": "Microsoft-Windows-TerminalServices-RemoteConnectionManager", "Computer": "DESKTOP-OFJ6N53", "TimeCreated": "2024-05-14 09:24:47.765873+00:00", "RecordID": "4161", "Level": "4", "UserID": "S-1-5-20"}
{"EventID": "1149", "Channel": "Microsoft-Windows-TerminalServices-RemoteConnectionManager/Operational", "Provider_Name": "Microsoft-Windows-TerminalServices-RemoteConnectionManager", "Computer": "DESKTOP-OFJ6N53", "TimeCreated": "2024-05-14 09:24:48.190111+00:00", "RecordID": "4162", "Level": "4", "UserID": "S-1-5-20"}
{"EventID": "261", "Channel": "Microsoft-Windows-TerminalServices-RemoteConnectionManager/Operational", "Provider_Name": "Microsoft-Windows-TerminalServices-RemoteConnectionManager", "Computer": "DESKTOP-OFJ6N53", "TimeCreated": "2024-05-14 09:38:31.828894+00:00", "RecordID": "4163", "Level": "4", "UserID": "S-1-5-20"}
{"EventID": "261", "Channel": "Microsoft-Windows-TerminalServices-RemoteConnectionManager/Operational", "Provider_Name": "Microsoft-Windows-TerminalServices-RemoteConnectionManager", "Computer": "DESKTOP-OFJ6N53", "TimeCreated": "2024-05-14 09:38:47.725836+00:00", "RecordID": "4164", "Level": "4", "UserID": "S-1-5-20"}
{"EventID": "261", "Channel": "Microsoft-Windows-TerminalServices-RemoteConnectionManager/Operational", "Provider_Name": "Microsoft-Windows-TerminalServices-RemoteConnectionManager", "Computer": "DESKTOP-OFJ6N53", "TimeCreated": "2024-05-14 09:38:53.665518+00:00", "RecordID": "4165", "Level": "4", "UserID": "S-1-5-20"}
{"EventID": "1149", "Channel": "Microsoft-Windows-TerminalServices-RemoteConnectionManager/Operational", "Provider_Name": "Microsoft-Windows-TerminalServices-RemoteConnectionManager", "Computer": "DESKTOP-OFJ6N53", "TimeCreated": "2024-05-14 09:38:53.875647+00:00", "RecordID": "4166", "Level": "4", "UserID": "S-1-5-20"}
{"EventID": "261", "Channel": "Microsoft-Windows-TerminalServices-RemoteConnectionManager/Operational", "Provider_Name": "Microsoft-Windows-TerminalServices-RemoteConnectionManager", "Computer": "DESKTOP-OFJ6N53", "TimeCreated": "2024-05-15 12:54:25.413681+00:00", "RecordID": "4167", "Level": "4", "UserID": "S-1-5-20"}
{"EventID": "261", "Channel": "Microsoft-Windows-TerminalServices-RemoteConnectionManager/Operational", "Provider_Name": "Microsoft-Windows-TerminalServices-RemoteConnectionManager", "Computer": "DESKTOP-OFJ6N53", "TimeCreated": "2024-05-15 12:54:32.636736+00:00", "RecordID": "4168", "Level": "4", "UserID": "S-1-5-20"}
{"EventID": "1149", "Channel": "Microsoft-Windows-TerminalServices-RemoteConnectionManager/Operational", "Provider_Name": "Microsoft-Windows-TerminalServices-RemoteConnectionManager", "Computer": "DESKTOP-OFJ6N53", "TimeCreated": "2024-05-15 12:54:34.468115+00:00", "RecordID": "4169", "Level": "4", "UserID": "S-1-5-20"}
{"EventID": "261", "Channel": "Microsoft-Windows-TerminalServices-RemoteConnectionManager/Operational", "Provider_Name": "Microsoft-Windows-TerminalServices-RemoteConnectionManager", "Computer": "DESKTOP-OFJ6N53", "TimeCreated": "2024-05-15 12:58:47.601141+00:00", "RecordID": "4170", "Level": "4", "UserID": "S-1-5-20"}
{"EventID": "261", "Channel": "Microsoft-Windows-TerminalServices-RemoteConnectionManager/Operational", "Provider_Name": "Microsoft-Windows-TerminalServices-RemoteConnectionManager", "Computer": "DESKTOP-OFJ6N53", "TimeCreated": "2024-05-15 12:58:53.764467+00:00", "RecordID": "4171", "Level": "4", "UserID": "S-1-5-20"}
{"EventID": "1149", "Channel": "Microsoft-Windows-TerminalServices-RemoteConnectionManager/Operational", "Provider_Name": "Microsoft-Windows-TerminalServices-RemoteConnectionManager", "Computer": "DESKTOP-OFJ6N53", "TimeCreated": "2024-05-15 12:58:54.981976+00:00", "RecordID": "4172", "Level": "4", "UserID": "S-1-5-20"}
{"EventID": "261", "Channel": "Microsoft-Windows-TerminalServices-RemoteConnectionManager/Operational", "Provider_Name": "Microsoft-Windows-TerminalServices-RemoteConnectionManager", "Computer": "DESKTOP-OFJ6N53", "TimeCreated": "2024-05-15 13:21:28.279850+00:00", "RecordID": "4173", "Level": "4", "UserID": "S-1-5-20"}
{"EventID": "261", "Channel": "Microsoft-Windows-TerminalServices-RemoteConnectionManager/Operational", "Provider_Name": "Microsoft-Windows-TerminalServices-RemoteConnectionManager", "Computer": "DESKTOP-OFJ6N53", "TimeCreated": "2024-05-15 13:21:33.337711+00:00", "RecordID": "4174", "Level": "4", "UserID": "S-1-5-20"}
{"EventID": "1149", "Channel": "Microsoft-Windows-TerminalServices-RemoteConnectionManager/Operational", "Provider_Name": "Microsoft-Windows-TerminalServices-RemoteConnectionManager", "Computer": "DESKTOP-OFJ6N53", "TimeCreated": "2024-05-15 13:21:33.967527+00:00", "RecordID": "4175", "Level": "4", "UserID": "S-1-5-20"}
{"EventID": "261", "Channel": "Microsoft-Windows-TerminalServices-RemoteConnectionManager/Operational", "Provider_Name": "Microsoft-Windows-TerminalServices-RemoteConnectionManager", "Computer": "DESKTOP-OFJ6N53", "TimeCreated": "2024-05-15 13:21:39.747366+00:00", "RecordID": "4176", "Level": "4", "UserID": "S-1-5-20"}
{"EventID": "261", "Channel": "Microsoft-Windows-TerminalServices-RemoteConnectionManager/Operational", "Provider_Name": "Microsoft-Windows-TerminalServices-RemoteConnectionManager", "Computer": "DESKTOP-OFJ6N53", "TimeCreated": "2024-05-15 13:21:43.916157+00:00", "RecordID": "4177", "Level": "4", "UserID": "S-1-5-20"}
{"EventID": "1149", "Channel": "Microsoft-Windows-TerminalServices-RemoteConnectionManager/Operational", "Provider_Name": "Microsoft-Windows-TerminalServices-RemoteConnectionManager", "Computer": "DESKTOP-OFJ6N53", "TimeCreated": "2024-05-15 13:21:44.963531+00:00", "RecordID": "4178", "Level": "4", "UserID": "S-1-5-20"}
{"EventID": "261", "Channel": "Microsoft-Windows-TerminalServices-RemoteConnectionManager/Operational", "Provider_Name": "Microsoft-Windows-TerminalServices-RemoteConnectionManager", "Computer": "DESKTOP-OFJ6N53", "TimeCreated": "2024-05-15 13:21:54.831186+00:00", "RecordID": "4179", "Level": "4", "UserID": "S-1-5-20"}
{"EventID": "261", "Channel": "Microsoft-Windows-TerminalServices-RemoteConnectionManager/Operational", "Provider_Name": "Microsoft-Windows-TerminalServices-RemoteConnectionManager", "Computer": "DESKTOP-OFJ6N53", "TimeCreated": "2024-05-15 13:21:59.196835+00:00", "RecordID": "4180", "Level": "4", "UserID": "S-1-5-20"}
{"EventID": "1149", "Channel": "Microsoft-Windows-TerminalServices-RemoteConnectionManager/Operational", "Provider_Name": "Microsoft-Windows-TerminalServices-RemoteConnectionManager", "Computer": "DESKTOP-OFJ6N53", "TimeCreated": "2024-05-15 13:21:59.944744+00:00", "RecordID": "4181", "Level": "4", "UserID": "S-1-5-20"}
{"EventID": "263", "Channel": "Microsoft-Windows-TerminalServices-RemoteConnectionManager/Operational", "Provider_Name": "Microsoft-Windows-TerminalServices-RemoteConnectionManager", "Computer": "DESKTOP-OFJ6N53", "TimeCreated": "2024-05-15 13:36:39.944965+00:00", "RecordID": "4182", "Level": "4", "UserID": "S-1-5-20"}
{"EventID": "20523", "Channel": "Microsoft-Windows-TerminalServices-RemoteConnectionManager/Operational", "Provider_Name": "Microsoft-Windows-TerminalServices-RemoteConnectionManager", "Computer": "DESKTOP-OFJ6N53", "TimeCreated": "2024-05-15 13:36:40.371298+00:00", "RecordID": "4183", "Level": "4", "UserID": "S-1-5-20"}
{"EventID": "258", "Channel": "Microsoft-Windows-TerminalServices-RemoteConnectionManager/Operational", "Provider_Name": "Microsoft-Windows-TerminalServices-RemoteConnectionManager", "Computer": "DESKTOP-OFJ6N53", "TimeCreated": "2024-05-15 13:36:42.945356+00:00", "RecordID": "4184", "Level": "4", "UserID": "S-1-5-20"}
{"EventID": "263", "Channel": "Microsoft-Windows-TerminalServices-RemoteConnectionManager/Operational", "Provider_Name": "Microsoft-Windows-TerminalServices-RemoteConnectionManager", "Computer": "DESKTOP-OFJ6N53", "TimeCreated": "2024-05-15 13:36:45.495329+00:00", "RecordID": "4185", "Level": "4", "UserID": "S-1-5-20"}
{"EventID": "263", "Channel": "Microsoft-Windows-TerminalServices-RemoteConnectionManager/Operational", "Provider_Name": "Microsoft-Windows-TerminalServices-RemoteConnectionManager", "Computer": "DESKTOP-OFJ6N53", "TimeCreated": "2024-05-15 13:36:45.522472+00:00", "RecordID": "4186", "Level": "4", "UserID": "S-1-5-20"}
{"EventID": "263", "Channel": "Microsoft-Windows-TerminalServices-RemoteConnectionManager/Operational", "Provider_Name": "Microsoft-Windows-TerminalServices-RemoteConnectionManager", "Computer": "DESKTOP-OFJ6N53", "TimeCreated": "2024-05-15 13:36:45.540663+00:00", "RecordID": "4187", "Level": "4", "UserID": "S-1-5-20"}
{"EventID": "1136", "Channel": "Microsoft-Windows-TerminalServices-RemoteConnectionManager/Operational", "Provider_Name": "Microsoft-Windows-TerminalServices-RemoteConnectionManager", "Computer": "DESKTOP-OFJ6N53", "TimeCreated": "2024-05-15 13:36:45.551018+00:00", "RecordID": "4188", "Level": "4", "UserID": "S-1-5-18"}
{"EventID": "263", "Channel": "Microsoft-Windows-TerminalServices-RemoteConnectionManager/Operational", "Provider_Name": "Microsoft-Windows-TerminalServices-RemoteConnectionManager", "Computer": "DESKTOP-OFJ6N53", "TimeCreated": "2024-05-15 13:36:45.556940+00:00", "RecordID": "4189", "Level": "4", "UserID": "S-1-5-20"}
{"EventID": "263", "Channel": "Microsoft-Windows-TerminalServices-RemoteConnectionManager/Operational", "Provider_Name": "Microsoft-Windows-TerminalServices-RemoteConnectionManager", "Computer": "DESKTOP-OFJ6N53", "TimeCreated": "2024-05-15 13:36:45.585768+00:00", "RecordID": "4190", "Level": "4", "UserID": "S-1-5-20"}
{"EventID": "263", "Channel": "Microsoft-Windows-TerminalServices-RemoteConnectionManager/Operational", "Provider_Name": "Microsoft-Windows-TerminalServices-RemoteConnectionManager", "Computer": "DESKTOP-OFJ6N53", "TimeCreated": "2024-05-15 13:37:19.912794+00:00", "RecordID": "4191", "Level": "4", "UserID": "S-1-5-20"}
{"EventID": "261", "Channel": "Microsoft-Windows-TerminalServices-RemoteConnectionManager/Operational", "Provider_Name": "Microsoft-Windows-TerminalServices-RemoteConnectionManager", "Computer": "DESKTOP-OFJ6N53", "TimeCreated": "2024-05-15 13:47:03.244518+00:00", "RecordID": "4192", "Level": "4", "UserID": "S-1-5-20"}
{"EventID": "261", "Channel": "Microsoft-Windows-TerminalServices-RemoteConnectionManager/Operational", "Provider_Name": "Microsoft-Windows-TerminalServices-RemoteConnectionManager", "Computer": "DESKTOP-OFJ6N53", "TimeCreated": "2024-05-15 13:47:07.589245+00:00", "RecordID": "4193", "Level": "4", "UserID": "S-1-5-20"}
{"EventID": "1149", "Channel": "Microsoft-Windows-TerminalServices-RemoteConnectionManager/Operational", "Provider_Name": "Microsoft-Windows-TerminalServices-RemoteConnectionManager", "Computer": "DESKTOP-OFJ6N53", "TimeCreated": "2024-05-15 13:47:08.091600+00:00", "RecordID": "4194", "Level": "4", "UserID": "S-1-5-20"}
{"EventID": "261", "Channel": "Microsoft-Windows-TerminalServices-RemoteConnectionManager/Operational", "Provider_Name": "Microsoft-Windows-TerminalServices-RemoteConnectionManager", "Computer": "DESKTOP-OFJ6N53", "TimeCreated": "2024-05-15 13:47:14.101385+00:00", "RecordID": "4195", "Level": "4", "UserID": "S-1-5-20"}
{"EventID": "261", "Channel": "Microsoft-Windows-TerminalServices-RemoteConnectionManager/Operational", "Provider_Name": "Microsoft-Windows-TerminalServices-RemoteConnectionManager", "Computer": "DESKTOP-OFJ6N53", "TimeCreated": "2024-05-15 13:47:18.465437+00:00", "RecordID": "4196", "Level": "4", "UserID": "S-1-5-20"}
{"EventID": "1149", "Channel": "Microsoft-Windows-TerminalServices-RemoteConnectionManager/Operational", "Provider_Name": "Microsoft-Windows-TerminalServices-RemoteConnectionManager", "Computer": "DESKTOP-OFJ6N53", "TimeCreated": "2024-05-15 13:47:19.341562+00:00", "RecordID": "4197", "Level": "4", "UserID": "S-1-5-20"}
{"EventID": "261", "Channel": "Microsoft-Windows-TerminalServices-RemoteConnectionManager/Operational", "Provider_Name": "Microsoft-Windows-TerminalServices-RemoteConnectionManager", "Computer": "DESKTOP-OFJ6N53", "TimeCreated": "2024-05-15 14:04:40.950258+00:00", "RecordID": "4198", "Level": "4", "UserID": "S-1-5-20"}
{"EventID": "1149", "Channel": "Microsoft-Windows-TerminalServices-RemoteConnectionManager/Operational", "Provider_Name": "Microsoft-Windows-TerminalServices-RemoteConnectionManager", "Computer": "DESKTOP-OFJ6N53", "TimeCreated": "2024-05-15 14:04:44.839643+00:00", "RecordID": "4199", "Level": "4", "UserID": "S-1-5-20"}
{"EventID": "261", "Channel": "Microsoft-Windows-TerminalServices-RemoteConnectionManager/Operational", "Provider_Name": "Microsoft-Windows-TerminalServices-RemoteConnectionManager", "Computer": "DESKTOP-OFJ6N53", "TimeCreated": "2024-05-15 14:18:16.616390+00:00", "RecordID": "4200", "Level": "4", "UserID": "S-1-5-20"}
{"EventID": "261", "Channel": "Microsoft-Windows-TerminalServices-RemoteConnectionManager/Operational", "Provider_Name": "Microsoft-Windows-TerminalServices-RemoteConnectionManager", "Computer": "DESKTOP-OFJ6N53", "TimeCreated": "2024-05-15 14:18:28.622906+00:00", "RecordID": "4201", "Level": "4", "UserID": "S-1-5-20"}
{"EventID": "1149", "Channel": "Microsoft-Windows-TerminalServices-RemoteConnectionManager/Operational", "Provider_Name": "Microsoft-Windows-TerminalServices-RemoteConnectionManager", "Computer": "DESKTOP-OFJ6N53", "TimeCreated": "2024-05-15 14:18:29.834869+00:00", "RecordID": "4202", "Level": "4", "UserID": "S-1-5-20"}
{"EventID": "261", "Channel": "Microsoft-Windows-TerminalServices-RemoteConnectionManager/Operational", "Provider_Name": "Microsoft-Windows-TerminalServices-RemoteConnectionManager", "Computer": "DESKTOP-OFJ6N53", "TimeCreated": "2024-05-15 14:19:41.382139+00:00", "RecordID": "4203", "Level": "4", "UserID": "S-1-5-20"}
{"EventID": "261", "Channel": "Microsoft-Windows-TerminalServices-RemoteConnectionManager/Operational", "Provider_Name": "Microsoft-Windows-TerminalServices-RemoteConnectionManager", "Computer": "DESKTOP-OFJ6N53", "TimeCreated": "2024-05-15 14:19:59.224407+00:00", "RecordID": "4204", "Level": "4", "UserID": "S-1-5-20"}
{"EventID": "261", "Channel": "Microsoft-Windows-TerminalServices-RemoteConnectionManager/Operational", "Provider_Name": "Microsoft-Windows-TerminalServices-RemoteConnectionManager", "Computer": "DESKTOP-OFJ6N53", "TimeCreated": "2024-05-15 14:20:07.786121+00:00", "RecordID": "4205", "Level": "4", "UserID": "S-1-5-20"}
{"EventID": "1149", "Channel": "Microsoft-Windows-TerminalServices-RemoteConnectionManager/Operational", "Provider_Name": "Microsoft-Windows-TerminalServices-RemoteConnectionManager", "Computer": "DESKTOP-OFJ6N53", "TimeCreated": "2024-05-15 14:20:10.069715+00:00", "RecordID": "4206", "Level": "4", "UserID": "S-1-5-20"}
{"EventID": "261", "Channel": "Microsoft-Windows-TerminalServices-RemoteConnectionManager/Operational", "Provider_Name": "Microsoft-Windows-TerminalServices-RemoteConnectionManager", "Computer": "DESKTOP-OFJ6N53", "TimeCreated": "2024-05-15 14:20:40.191250+00:00", "RecordID": "4207", "Level": "4", "UserID": "S-1-5-20"}
{"EventID": "261", "Channel": "Microsoft-Windows-TerminalServices-RemoteConnectionManager/Operational", "Provider_Name": "Microsoft-Windows-TerminalServices-RemoteConnectionManager", "Computer": "DESKTOP-OFJ6N53", "TimeCreated": "2024-05-15 14:20:46.221712+00:00", "RecordID": "4208", "Level": "4", "UserID": "S-1-5-20"}
{"EventID": "1149", "Channel": "Microsoft-Windows-TerminalServices-RemoteConnectionManager/Operational", "Provider_Name": "Microsoft-Windows-TerminalServices-RemoteConnectionManager", "Computer": "DESKTOP-OFJ6N53", "TimeCreated": "2024-05-15 14:20:46.938711+00:00", "RecordID": "4209", "Level": "4", "UserID": "S-1-5-20"}
{"EventID": "261", "Channel": "Microsoft-Windows-TerminalServices-RemoteConnectionManager/Operational", "Provider_Name": "Microsoft-Windows-TerminalServices-RemoteConnectionManager", "Computer": "DESKTOP-OFJ6N53", "TimeCreated": "2024-05-16 23:19:09.748857+00:00", "RecordID": "4210", "Level": "4", "UserID": "S-1-5-20"}
{"EventID": "261", "Channel": "Microsoft-Windows-TerminalServices-RemoteConnectionManager/Operational", "Provider_Name": "Microsoft-Windows-TerminalServices-RemoteConnectionManager", "Computer": "DESKTOP-OFJ6N53", "TimeCreated": "2024-05-16 23:19:16.918522+00:00", "RecordID": "4211", "Level": "4", "UserID": "S-1-5-20"}
{"EventID": "1149", "Channel": "Microsoft-Windows-TerminalServices-RemoteConnectionManager/Operational", "Provider_Name": "Microsoft-Windows-TerminalServices-RemoteConnectionManager", "Computer": "DESKTOP-OFJ6N53", "TimeCreated": "2024-05-16 23:19:17.420418+00:00", "RecordID": "4212", "Level": "4", "UserID": "S-1-5-20"}
{"EventID": "261", "Channel": "Microsoft-Windows-TerminalServices-RemoteConnectionManager/Operational", "Provider_Name": "Microsoft-Windows-TerminalServices-RemoteConnectionManager", "Computer": "DESKTOP-OFJ6N53", "TimeCreated": "2024-05-16 23:20:05.160006+00:00", "RecordID": "4213", "Level": "4", "UserID": "S-1-5-20"}
{"EventID": "261", "Channel": "Microsoft-Windows-TerminalServices-RemoteConnectionManager/Operational", "Provider_Name": "Microsoft-Windows-TerminalServices-RemoteConnectionManager", "Computer": "DESKTOP-OFJ6N53", "TimeCreated": "2024-05-16 23:20:11.256927+00:00", "RecordID": "4214", "Level": "4", "UserID": "S-1-5-20"}
{"EventID": "1149", "Channel": "Microsoft-Windows-TerminalServices-RemoteConnectionManager/Operational", "Provider_Name": "Microsoft-Windows-TerminalServices-RemoteConnectionManager", "Computer": "DESKTOP-OFJ6N53", "TimeCreated": "2024-05-16 23:20:11.637465+00:00", "RecordID": "4215", "Level": "4", "UserID": "S-1-5-20"}
{"EventID": "261", "Channel": "Microsoft-Windows-TerminalServices-RemoteConnectionManager/Operational", "Provider_Name": "Microsoft-Windows-TerminalServices-RemoteConnectionManager", "Computer": "DESKTOP-OFJ6N53", "TimeCreated": "2024-05-17 08:06:35.383579+00:00", "RecordID": "4216", "Level": "4", "UserID": "S-1-5-20"}
{"EventID": "1149", "Channel": "Microsoft-Windows-TerminalServices-RemoteConnectionManager/Operational", "Provider_Name": "Microsoft-Windows-TerminalServices-RemoteConnectionManager", "Computer": "DESKTOP-OFJ6N53", "TimeCreated": "2024-05-17 08:06:36.006268+00:00", "RecordID": "4217", "Level": "4", "UserID": "S-1-5-20"}
{"EventID": "261", "Channel": "Microsoft-Windows-TerminalServices-RemoteConnectionManager/Operational", "Provider_Name": "Microsoft-Windows-TerminalServices-RemoteConnectionManager", "Computer": "DESKTOP-OFJ6N53", "TimeCreated": "2024-05-17 09:40:31.595993+00:00", "RecordID": "4218", "Level": "4", "UserID": "S-1-5-20"}
{"EventID": "1149", "Channel": "Microsoft-Windows-TerminalServices-RemoteConnectionManager/Operational", "Provider_Name": "Microsoft-Windows-TerminalServices-RemoteConnectionManager", "Computer": "DESKTOP-OFJ6N53", "TimeCreated": "2024-05-17 09:40:32.487610+00:00", "RecordID": "4219", "Level": "4", "UserID": "S-1-5-20"}
{"EventID": "261", "Channel": "Microsoft-Windows-TerminalServices-RemoteConnectionManager/Operational", "Provider_Name": "Microsoft-Windows-TerminalServices-RemoteConnectionManager", "Computer": "DESKTOP-OFJ6N53", "TimeCreated": "2024-05-20 07:22:26.586723+00:00", "RecordID": "4220", "Level": "4", "UserID": "S-1-5-20"}
{"EventID": "1149", "Channel": "Microsoft-Windows-TerminalServices-RemoteConnectionManager/Operational", "Provider_Name": "Microsoft-Windows-TerminalServices-RemoteConnectionManager", "Computer": "DESKTOP-OFJ6N53", "TimeCreated": "2024-05-20 07:22:28.019455+00:00", "RecordID": "4221", "Level": "4", "UserID": "S-1-5-20"}
{"EventID": "261", "Channel": "Microsoft-Windows-TerminalServices-RemoteConnectionManager/Operational", "Provider_Name": "Microsoft-Windows-TerminalServices-RemoteConnectionManager", "Computer": "DESKTOP-OFJ6N53", "TimeCreated": "2024-05-21 10:06:27.472883+00:00", "RecordID": "4222", "Level": "4", "UserID": "S-1-5-20"}
