{"EventID": "1", "Channel": "Microsoft-Windows-RemoteDesktopServices-SessionServices/Operational", "Provider_Name": "Microsoft-Windows-RemoteDesktopServices-SessionServices", "Computer": "DESKTOP-OFJ6N53", "TimeCreated": "2022-03-01 11:43:00.084711+00:00", "RecordID": "1", "Level": "4", "UserID": "S-1-5-21-963789628-1060504924-4285088085-1001", "EventData.NumMonitors": "1"}
{"EventID": "1", "Channel": "Microsoft-Windows-RemoteDesktopServices-SessionServices/Operational", "Provider_Name": "Microsoft-Windows-RemoteDesktopServices-SessionServices", "Computer": "DESKTOP-OFJ6N53", "TimeCreated": "2022-03-01 12:10:56.264677+00:00", "RecordID": "2", "Level": "4", "UserID": "S-1-5-21-963789628-1060504924-4285088085-1001", "EventData.NumMonitors": "1"}
{"EventID": "1", "Channel": "Microsoft-Windows-RemoteDesktopServices-SessionServices/Operational", "Provider_Name": "Microsoft-Windows-RemoteDesktopServices-SessionServices", "Computer": "DESKTOP-OFJ6N53", "TimeCreated": "2022-03-01 13:25:32.798601+00:00", "RecordID": "3", "Level": "4", "UserID": "S-1-5-21-963789628-1060504924-4285088085-1001", "EventData.NumMonitors": "1"}
{"EventID": "1", "Channel": "Microsoft-Windows-RemoteDesktopServices-SessionServices/Operational", "Provider_Name": "Microsoft-Windows-RemoteDesktopServices-SessionServices", "Computer": "DESKTOP-OFJ6N53", "TimeCreated": "2022-03-09 09:51:58.701366+00:00", "RecordID": "4", "Level": "4", "UserID": "S-1-5-21-963789628-1060504924-4285088085-1001", "EventData.NumMonitors": "1"}
{"EventID": "1", "Channel": "Microsoft-Windows-RemoteDesktopServices-SessionServices/Operational", "Provider_Name": "Microsoft-Windows-RemoteDesktopServices-SessionServices", "Computer": "DESKTOP-OFJ6N53", "TimeCreated": "2022-03-09 10:45:16.471920+00:00", "RecordID": "5", "Level": "4", "UserID": "S-1-5-21-963789628-1060504924-4285088085-1001", "EventData.NumMonitors": "1"}
{"EventID": "1", "Channel": "Microsoft-Windows-RemoteDesktopServices-SessionServices/Operational", "Provider_Name": "Microsoft-Windows-RemoteDesktopServices-SessionServices", "Computer": "DESKTOP-OFJ6N53", "TimeCreated": "2022-03-09 12:31:37.022022+00:00", "RecordID": "6", "Level": "4", "UserID": "S-1-5-21-963789628-1060504924-4285088085-1001", "EventData.NumMonitors": "1"}
{"EventID": "1", "Channel": "Microsoft-Windows-RemoteDesktopServices-SessionServices/Operational", "Provider_Name": "Microsoft-Windows-RemoteDesktopServices-SessionServices", "Computer": "DESKTOP-OFJ6N53", "TimeCreated": "2022-03-24 08:30:34.098778+00:00", "RecordID": "7", "Level": "4", "UserID": "S-1-5-21-963789628-1060504924-4285088085-1001", "EventData.NumMonitors": "1"}
{"EventID": "1", "Channel": "Microsoft-Windows-RemoteDesktopServices-SessionServices/Operational", "Provider_Name": "Microsoft-Windows-RemoteDesktopServices-SessionServices", "Computer": "DESKTOP-OFJ6N53", "TimeCreated": "2022-04-06 13:06:57.439112+00:00", "RecordID": "8", "Level": "4", "UserID": "S-1-5-21-963789628-1060504924-4285088085-1001", "EventData.NumMonitors": "1"}
{"EventID": "1", "Channel": "Microsoft-Windows-RemoteDesktopServices-SessionServices/Operational", "Provider_Name": "Microsoft-Windows-RemoteDesktopServices-SessionServices", "Computer": "DESKTOP-OFJ6N53", "TimeCreated": "2022-04-06 13:13:29.433187+00:00", "RecordID": "9", "Level": "4", "UserID": "S-1-5-21-963789628-1060504924-4285088085-1001", "EventData.NumMonitors": "1"}
{"EventID": "1", "Channel": "Microsoft-Windows-RemoteDesktopServices-SessionServices/Operational", "Provider_Name": "Microsoft-Windows-RemoteDesktopServices-SessionServices", "Computer": "DESKTOP-OFJ6N53", "TimeCreated": "2022-04-11 09:49:42.140533+00:00", "RecordID": "10", "Level": "4", "UserID": "S-1-5-21-963789628-1060504924-4285088085-1001", "EventData.NumMonitors": "1"}
{"EventID": "1", "Channel": "Microsoft-Windows-RemoteDesktopServices-SessionServices/Operational", "Provider_Name": "Microsoft-Windows-RemoteDesktopServices-SessionServices", "Computer": "DESKTOP-OFJ6N53", "TimeCreated": "2022-04-12 14:15:31.554142+00:00", "RecordID": "11", "Level": "4", "UserID": "S-1-5-21-963789628-1060504924-4285088085-1001", "EventData.NumMonitors": "1"}
{"EventID": "1", "Channel": "Microsoft-Windows-RemoteDesktopServices-SessionServices/Operational", "Provider_Name": "Microsoft-Windows-RemoteDesktopServices-SessionServices", "Computer": "DESKTOP-OFJ6N53", "TimeCreated": "2022-05-16 13:58:54.704237+00:00", "RecordID": "12", "Level": "4", "UserID": "S-1-5-21-963789628-1060504924-4285088085-1001", "EventData.NumMonitors": "1"}
{"EventID": "1", "Channel": "Microsoft-Windows-RemoteDesktopServices-SessionServices/Operational", "Provider_Name": "Microsoft-Windows-RemoteDesktopServices-SessionServices", "Computer": "DESKTOP-OFJ6N53", "TimeCreated": "2022-05-26 10:58:42.084335+00:00", "RecordID": "13", "Level": "4", "UserID": "S-1-5-21-963789628-1060504924-4285088085-1001", "EventData.NumMonitors": "1"}
{"EventID": "1", "Channel": "Microsoft-Windows-RemoteDesktopServices-SessionServices/Operational", "Provider_Name": "Microsoft-Windows-RemoteDesktopServices-SessionServices", "Computer": "DESKTOP-OFJ6N53", "TimeCreated": "2022-06-01 08:16:20.422287+00:00", "RecordID": "14", "Level": "4", "UserID": "S-1-5-21-963789628-1060504924-4285088085-1001", "EventData.NumMonitors": "1"}
{"EventID": "1", "Channel": "Microsoft-Windows-RemoteDesktopServices-SessionServices/Operational", "Provider_Name": "Microsoft-Windows-RemoteDesktopServices-SessionServices", "Computer": "DESKTOP-OFJ6N53", "TimeCreated": "2022-07-26 07:52:34.731970+00:00", "RecordID": "15", "Level": "4", "UserID": "S-1-5-21-963789628-1060504924-4285088085-1001", "EventData.NumMonitors": "1"}
{"EventID": "1", "Channel": "Microsoft-Windows-RemoteDesktopServices-SessionServices/Operational", "Provider_Name": "Microsoft-Windows-RemoteDesktopServices-SessionServices", "Computer": "DESKTOP-OFJ6N53", "TimeCreated": "2022-07-26 10:05:37.060947+00:00", "RecordID": "16", "Level": "4", "UserID": "S-1-5-21-963789628-1060504924-4285088085-1001", "EventData.NumMonitors": "1"}
{"EventID": "1", "Channel": "Microsoft-Windows-RemoteDesktopServices-SessionServices/Operational", "Provider_Name": "Microsoft-Windows-RemoteDesktopServices-SessionServices", "Computer": "DESKTOP-OFJ6N53", "TimeCreated": "2022-08-04 15:08:39.425076+00:00", "RecordID": "17", "Level": "4", "UserID": "S-1-5-21-963789628-1060504924-4285088085-1001", "EventData.NumMonitors": "1"}
{"EventID": "1", "Channel": "Microsoft-Windows-RemoteDesktopServices-SessionServices/Operational", "Provider_Name": "Microsoft-Windows-RemoteDesktopServices-SessionServices", "Computer": "DESKTOP-OFJ6N53", "TimeCreated": "2022-08-04 15:08:43.703835+00:00", "RecordID": "18", "Level": "4", "UserID": "S-1-5-21-963789628-1060504924-4285088085-1001", "EventData.NumMonitors": "1"}
{"EventID": "1", "Channel": "Microsoft-Windows-RemoteDesktopServices-SessionServices/Operational", "Provider_Name": "Microsoft-Windows-RemoteDesktopServices-SessionServices", "Computer": "DESKTOP-OFJ6N53", "TimeCreated": "2022-09-07 08:50:41.861507+00:00", "RecordID": "19", "Level": "4", "UserID": "S-1-5-21-963789628-1060504924-4285088085-1001", "EventData.NumMonitors": "1"}
{"EventID": "1", "Channel": "Microsoft-Windows-RemoteDesktopServices-SessionServices/Operational", "Provider_Name": "Microsoft-Windows-RemoteDesktopServices-SessionServices", "Computer": "DESKTOP-OFJ6N53", "TimeCreated": "2022-09-19 08:16:38.556950+00:00", "RecordID": "20", "Level": "4", "UserID": "S-1-5-21-963789628-1060504924-4285088085-1001", "EventData.NumMonitors": "1"}
{"EventID": "1", "Channel": "Microsoft-Windows-RemoteDesktopServices-SessionServices/Operational", "Provider_Name": "Microsoft-Windows-RemoteDesktopServices-SessionServices", "Computer": "DESKTOP-OFJ6N53", "TimeCreated": "2022-10-10 09:56:43.637156+00:00", "RecordID": "21", "Level": "4", "UserID": "S-1-5-21-963789628-1060504924-4285088085-1001", "EventData.NumMonitors": "1"}
{"EventID": "1", "Channel": "Microsoft-Windows-RemoteDesktopServices-SessionServices/Operational", "Provider_Name": "Microsoft-Windows-RemoteDesktopServices-SessionServices", "Computer": "DESKTOP-OFJ6N53", "TimeCreated": "2022-11-09 07:30:32.749098+00:00", "RecordID": "22", "Level": "4", "UserID": "S-1-5-21-963789628-1060504924-4285088085-1001", "EventData.NumMonitors": "1"}
{"EventID": "1", "Channel": "Microsoft-Windows-RemoteDesktopServices-SessionServices/Operational", "Provider_Name": "Microsoft-Windows-RemoteDesktopServices-SessionServices", "Computer": "DESKTOP-OFJ6N53", "TimeCreated": "2022-11-14 08:54:59.861809+00:00", "RecordID": "23", "Level": "4", "UserID": "S-1-5-21-963789628-1060504924-4285088085-1001", "EventData.NumMonitors": "1"}
{"EventID": "1", "Channel": "Microsoft-Windows-RemoteDesktopServices-SessionServices/Operational", "Provider_Name": "Microsoft-Windows-RemoteDesktopServices-SessionServices", "Computer": "DESKTOP-OFJ6N53", "TimeCreated": "2022-11-17 17:37:36.604170+00:00", "RecordID": "24", "Level": "4", "UserID": "S-1-5-21-963789628-1060504924-4285088085-1001", "EventData.NumMonitors": "1"}
{"EventID": "2", "Channel": "Microsoft-Windows-RemoteDesktopServices-SessionServices/Operational", "Provider_Name": "Microsoft-Windows-RemoteDesktopServices-SessionServices", "Computer": "DESKTOP-OFJ6N53", "TimeCreated": "2022-11-17 17:37:38.657463+00:00", "RecordID": "25", "Level": "2", "UserID": "S-1-5-21-963789628-1060504924-4285088085-1001", "EventData.ErrorCode": "0xffffffff"}
{"EventID": "2", "Channel": "Microsoft-Windows-RemoteDesktopServices-SessionServices/Operational", "Provider_Name": "Microsoft-Windows-RemoteDesktopServices-SessionServices", "Computer": "DESKTOP-OFJ6N53", "TimeCreated": "2022-11-17 17:37:38.657829+00:00", "RecordID": "26", "Level": "2", "UserID": "S-1-5-21-963789628-1060504924-4285088085-1001", "EventData.ErrorCode": "0xffffffff"}
{"EventID": "2", "Channel": "Microsoft-Windows-RemoteDesktopServices-SessionServices/Operational", "Provider_Name": "Microsoft-Windows-RemoteDesktopServices-SessionServices", "Computer": "DESKTOP-OFJ6N53", "TimeCreated": "2022-11-17 17:37:39.142595+00:00", "RecordID": "27", "Level": "2", "UserID": "S-1-5-21-963789628-1060504924-4285088085-1001", "EventData.ErrorCode": "0xffffffff"}
{"EventID": "2", "Channel": "Microsoft-Windows-RemoteDesktopServices-SessionServices/Operational", "Provider_Name": "Microsoft-Windows-RemoteDesktopServices-SessionServices", "Computer": "DESKTOP-OFJ6N53", "TimeCreated": "2022-11-17 17:37:39.920130+00:00", "RecordID": "28", "Level": "2", "UserID": "S-1-5-21-963789628-1060504924-4285088085-1001", "EventData.ErrorCode": "0xffffffff"}
{"EventID": "2", "Channel": "Microsoft-Windows-RemoteDesktopServices-SessionServices/Operational", "Provider_Name": "Microsoft-Windows-RemoteDesktopServices-SessionServices", "Computer": "DESKTOP-OFJ6N53", "TimeCreated": "2022-11-17 17:37:40.735197+00:00", "RecordID": "29", "Level": "2", "UserID": "S-1-5-21-963789628-1060504924-4285088085-1001", "EventData.ErrorCode": "0xffffffff"}
{"EventID": "1", "Channel": "Microsoft-Windows-RemoteDesktopServices-SessionServices/Operational", "Provider_Name": "Microsoft-Windows-RemoteDesktopServices-SessionServices", "Computer": "DESKTOP-OFJ6N53", "TimeCreated": "2022-11-21 07:54:38.891493+00:00", "RecordID": "30", "Level": "4", "UserID": "S-1-5-21-963789628-1060504924-4285088085-1001", "EventData.NumMonitors": "1"}
{"EventID": "1", "Channel": "Microsoft-Windows-RemoteDesktopServices-SessionServices/Operational", "Provider_Name": "Microsoft-Windows-RemoteDesktopServices-SessionServices", "Computer": "DESKTOP-OFJ6N53", "TimeCreated": "2022-11-28 08:54:19.164913+00:00", "RecordID": "31", "Level": "4", "UserID": "S-1-5-21-963789628-1060504924-4285088085-1001", "EventData.NumMonitors": "1"}
{"EventID": "1", "Channel": "Microsoft-Windows-RemoteDesktopServices-SessionServices/Operational", "Provider_Name": "Microsoft-Windows-RemoteDesktopServices-SessionServices", "Computer": "DESKTOP-OFJ6N53", "TimeCreated": "2022-11-30 14:19:25.953896+00:00", "RecordID": "32", "Level": "4", "UserID": "S-1-5-21-963789628-1060504924-4285088085-1001", "EventData.NumMonitors": "1"}
{"EventID": "1", "Channel": "Microsoft-Windows-RemoteDesktopServices-SessionServices/Operational", "Provider_Name": "Microsoft-Windows-RemoteDesktopServices-SessionServices", "Computer": "DESKTOP-OFJ6N53", "TimeCreated": "2023-01-13 13:36:47.606731+00:00", "RecordID": "33", "Level": "4", "UserID": "S-1-5-21-963789628-1060504924-4285088085-1001", "EventData.NumMonitors": "1"}
{"EventID": "1", "Channel": "Microsoft-Windows-RemoteDesktopServices-SessionServices/Operational", "Provider_Name": "Microsoft-Windows-RemoteDesktopServices-SessionServices", "Computer": "DESKTOP-OFJ6N53", "TimeCreated": "2023-01-13 13:55:58.570438+00:00", "RecordID": "34", "Level": "4", "UserID": "S-1-5-21-963789628-1060504924-4285088085-1001", "EventData.NumMonitors": "1"}
{"EventID": "1", "Channel": "Microsoft-Windows-RemoteDesktopServices-SessionServices/Operational", "Provider_Name": "Microsoft-Windows-RemoteDesktopServices-SessionServices", "Computer": "DESKTOP-OFJ6N53", "TimeCreated": "2023-01-13 13:56:03.949217+00:00", "RecordID": "35", "Level": "4", "UserID": "S-1-5-21-963789628-1060504924-4285088085-1001", "EventData.NumMonitors": "1"}
{"EventID": "1", "Channel": "Microsoft-Windows-RemoteDesktopServices-SessionServices/Operational", "Provider_Name": "Microsoft-Windows-RemoteDesktopServices-SessionServices", "Computer": "DESKTOP-OFJ6N53", "TimeCreated": "2023-01-16 08:11:21.828411+00:00", "RecordID": "36", "Level": "4", "UserID": "S-1-5-21-963789628-1060504924-4285088085-1001", "EventData.NumMonitors": "1"}
{"EventID": "1", "Channel": "Microsoft-Windows-RemoteDesktopServices-SessionServices/Operational", "Provider_Name": "Microsoft-Windows-RemoteDesktopServices-SessionServices", "Computer": "DESKTOP-OFJ6N53", "TimeCreated": "2023-01-16 08:17:28.187244+00:00", "RecordID": "37", "Level": "4", "UserID": "S-1-5-21-963789628-1060504924-4285088085-1001", "EventData.NumMonitors": "1"}
{"EventID": "1", "Channel": "Microsoft-Windows-RemoteDesktopServices-SessionServices/Operational", "Provider_Name": "Microsoft-Windows-RemoteDesktopServices-SessionServices", "Computer": "DESKTOP-OFJ6N53", "TimeCreated": "2023-01-16 08:20:21.751019+00:00", "RecordID": "38", "Level": "4", "UserID": "S-1-5-21-963789628-1060504924-4285088085-1001", "EventData.NumMonitors": "1"}
{"EventID": "1", "Channel": "Microsoft-Windows-RemoteDesktopServices-SessionServices/Operational", "Provider_Name": "Microsoft-Windows-RemoteDesktopServices-SessionServices", "Computer": "DESKTOP-OFJ6N53", "TimeCreated": "2023-01-17 08:24:50.975662+00:00", "RecordID": "39", "Level": "4", "UserID": "S-1-5-21-963789628-1060504924-4285088085-1001", "EventData.NumMonitors": "1"}
{"EventID": "1", "Channel": "Microsoft-Windows-RemoteDesktopServices-SessionServices/Operational", "Provider_Name": "Microsoft-Windows-RemoteDesktopServices-SessionServices", "Computer": "DESKTOP-OFJ6N53", "TimeCreated": "2023-01-26 10:12:58.537365+00:00", "RecordID": "40", "Level": "4", "UserID": "S-1-5-21-963789628-1060504924-4285088085-1001", "EventData.NumMonitors": "1"}
{"EventID": "1", "Channel": "Microsoft-Windows-RemoteDesktopServices-SessionServices/Operational", "Provider_Name": "Microsoft-Windows-RemoteDesktopServices-SessionServices", "Computer": "DESKTOP-OFJ6N53", "TimeCreated": "2023-01-30 10:22:21.382736+00:00", "RecordID": "41", "Level": "4", "UserID": "S-1-5-21-963789628-1060504924-4285088085-1001", "EventData.NumMonitors": "1"}
{"EventID": "2", "Channel": "Microsoft-Windows-RemoteDesktopServices-SessionServices/Operational", "Provider_Name": "Microsoft-Windows-RemoteDesktopServices-SessionServices", "Computer": "DESKTOP-OFJ6N53", "TimeCreated": "2023-02-08 06:23:06.379957+00:00", "RecordID": "42", "Level": "2", "UserID": "S-1-5-21-963789628-1060504924-4285088085-1001", "EventData.ErrorCode": "0xffffffff"}
{"EventID": "2", "Channel": "Microsoft-Windows-RemoteDesktopServices-SessionServices/Operational", "Provider_Name": "Microsoft-Windows-RemoteDesktopServices-SessionServices", "Computer": "DESKTOP-OFJ6N53", "TimeCreated": "2023-02-08 06:23:06.891459+00:00", "RecordID": "43", "Level": "2", "UserID": "S-1-5-21-963789628-1060504924-4285088085-1001", "EventData.ErrorCode": "0xffffffff"}
{"EventID": "1", "Channel": "Microsoft-Windows-RemoteDesktopServices-SessionServices/Operational", "Provider_Name": "Microsoft-Windows-RemoteDesktopServices-SessionServices", "Computer": "DESKTOP-OFJ6N53", "TimeCreated": "2023-02-08 06:23:07.723894+00:00", "RecordID": "44", "Level": "4", "UserID": "S-1-5-21-963789628-1060504924-4285088085-1001", "EventData.NumMonitors": "1"}
{"EventID": "1", "Channel": "Microsoft-Windows-RemoteDesktopServices-SessionServices/Operational", "Provider_Name": "Microsoft-Windows-RemoteDesktopServices-SessionServices", "Computer": "DESKTOP-OFJ6N53", "TimeCreated": "2023-02-14 14:03:05.235746+00:00", "RecordID": "45", "Level": "4", "UserID": "S-1-5-21-963789628-1060504924-4285088085-1001", "EventData.NumMonitors": "1"}
{"EventID": "1", "Channel": "Microsoft-Windows-RemoteDesktopServices-SessionServices/Operational", "Provider_Name": "Microsoft-Windows-RemoteDesktopServices-SessionServices", "Computer": "DESKTOP-OFJ6N53", "TimeCreated": "2023-03-09 12:50:05.265381+00:00", "RecordID": "46", "Level": "4", "UserID": "S-1-5-21-963789628-1060504924-4285088085-1001", "EventData.NumMonitors": "1"}
{"EventID": "1", "Channel": "Microsoft-Windows-RemoteDesktopServices-SessionServices/Operational", "Provider_Name": "Microsoft-Windows-RemoteDesktopServices-SessionServices", "Computer": "DESKTOP-OFJ6N53", "TimeCreated": "2023-03-21 08:53:07.162951+00:00", "RecordID": "47", "Level": "4", "UserID": "S-1-5-21-963789628-1060504924-4285088085-1001", "EventData.NumMonitors": "1"}
{"EventID": "1", "Channel": "Microsoft-Windows-RemoteDesktopServices-SessionServices/Operational", "Provider_Name": "Microsoft-Windows-RemoteDesktopServices-SessionServices", "Computer": "DESKTOP-OFJ6N53", "TimeCreated": "2023-04-19 08:08:40.084208+00:00", "RecordID": "48", "Level": "4", "UserID": "S-1-5-21-963789628-1060504924-4285088085-1001", "EventData.NumMonitors": "1"}
{"EventID": "1", "Channel": "Microsoft-Windows-RemoteDesktopServices-SessionServices/Operational", "Provider_Name": "Microsoft-Windows-RemoteDesktopServices-SessionServices", "Computer": "DESKTOP-OFJ6N53", "TimeCreated": "2023-04-19 15:37:31.577326+00:00", "RecordID": "49", "Level": "4", "UserID": "S-1-5-21-963789628-1060504924-4285088085-1001", "EventData.NumMonitors": "1"}
{"EventID": "1", "Channel": "Microsoft-Windows-RemoteDesktopServices-SessionServices/Operational", "Provider_Name": "Microsoft-Windows-RemoteDesktopServices-SessionServices", "Computer": "DESKTOP-OFJ6N53", "TimeCreated": "2023-04-26 10:34:07.519106+00:00", "RecordID": "50", "Level": "4", "UserID": "S-1-5-21-963789628-1060504924-4285088085-1001", "EventData.NumMonitors": "1"}
{"EventID": "1", "Channel": "Microsoft-Windows-RemoteDesktopServices-SessionServices/Operational", "Provider_Name": "Microsoft-Windows-RemoteDesktopServices-SessionServices", "Computer": "DESKTOP-OFJ6N53", "TimeCreated": "2023-05-15 12:22:51.665775+00:00", "RecordID": "51", "Level": "4", "UserID": "S-1-5-21-963789628-1060504924-4285088085-1001", "EventData.NumMonitors": "1"}
{"EventID": "1", "Channel": "Microsoft-Windows-RemoteDesktopServices-SessionServices/Operational", "Provider_Name": "Microsoft-Windows-RemoteDesktopServices-SessionServices", "Computer": "DESKTOP-OFJ6N53", "TimeCreated": "2023-05-15 15:51:01.134329+00:00", "RecordID": "52", "Level": "4", "UserID": "S-1-5-21-963789628-1060504924-4285088085-1001", "EventData.NumMonitors": "1"}
{"EventID": "1", "Channel": "Microsoft-Windows-RemoteDesktopServices-SessionServices/Operational", "Provider_Name": "Microsoft-Windows-RemoteDesktopServices-SessionServices", "Computer": "DESKTOP-OFJ6N53", "TimeCreated": "2023-06-14 14:03:14.362766+00:00", "RecordID": "53", "Level": "4", "UserID": "S-1-5-21-963789628-1060504924-4285088085-1001", "EventData.NumMonitors": "1"}
{"EventID": "1", "Channel": "Microsoft-Windows-RemoteDesktopServices-SessionServices/Operational", "Provider_Name": "Microsoft-Windows-RemoteDesktopServices-SessionServices", "Computer": "DESKTOP-OFJ6N53", "TimeCreated": "2023-10-12 09:42:11.347296+00:00", "RecordID": "54", "Level": "4", "UserID": "S-1-5-21-963789628-1060504924-4285088085-1001", "EventData.NumMonitors": "1"}
{"EventID": "1", "Channel": "Microsoft-Windows-RemoteDesktopServices-SessionServices/Operational", "Provider_Name": "Microsoft-Windows-RemoteDesktopServices-SessionServices", "Computer": "DESKTOP-OFJ6N53", "TimeCreated": "2023-11-13 08:37:10.864784+00:00", "RecordID": "55", "Level": "4", "UserID": "S-1-5-21-963789628-1060504924-4285088085-1001", "EventData.NumMonitors": "1"}
{"EventID": "1", "Channel": "Microsoft-Windows-RemoteDesktopServices-SessionServices/Operational", "Provider_Name": "Microsoft-Windows-RemoteDesktopServices-SessionServices", "Computer": "DESKTOP-OFJ6N53", "TimeCreated": "2023-11-20 14:02:16.269684+00:00", "RecordID": "56", "Level": "4", "UserID": "S-1-5-21-963789628-1060504924-4285088085-1001", "EventData.NumMonitors": "1"}
{"EventID": "1", "Channel": "Microsoft-Windows-RemoteDesktopServices-SessionServices/Operational", "Provider_Name": "Microsoft-Windows-RemoteDesktopServices-SessionServices", "Computer": "DESKTOP-OFJ6N53", "TimeCreated": "2023-12-12 07:21:32.447733+00:00", "RecordID": "57", "Level": "4", "UserID": "S-1-5-21-963789628-1060504924-4285088085-1001", "EventData.NumMonitors": "1"}
{"EventID": "1", "Channel": "Microsoft-Windows-RemoteDesktopServices-SessionServices/Operational", "Provider_Name": "Microsoft-Windows-RemoteDesktopServices-SessionServices", "Computer": "DESKTOP-OFJ6N53", "TimeCreated": "2024-02-12 14:40:57.377329+00:00", "RecordID": "58", "Level": "4", "UserID": "S-1-5-21-963789628-1060504924-4285088085-1001", "EventData.NumMonitors": "1"}
{"EventID": "1", "Channel": "Microsoft-Windows-RemoteDesktopServices-SessionServices/Operational", "Provider_Name": "Microsoft-Windows-RemoteDesktopServices-SessionServices", "Computer": "DESKTOP-OFJ6N53", "TimeCreated": "2024-02-21 09:51:02.433714+00:00", "RecordID": "59", "Level": "4", "UserID": "S-1-5-21-963789628-1060504924-4285088085-1001", "EventData.NumMonitors": "1"}
{"EventID": "1", "Channel": "Microsoft-Windows-RemoteDesktopServices-SessionServices/Operational", "Provider_Name": "Microsoft-Windows-RemoteDesktopServices-SessionServices", "Computer": "DESKTOP-OFJ6N53", "TimeCreated": "2024-06-07 11:44:21.747032+00:00", "RecordID": "60", "Level": "4", "UserID": "S-1-5-21-963789628-1060504924-4285088085-1001", "EventData.NumMonitors": "1"}
{"EventID": "1", "Channel": "Microsoft-Windows-RemoteDesktopServices-SessionServices/Operational", "Provider_Name": "Microsoft-Windows-RemoteDesktopServices-SessionServices", "Computer": "DESKTOP-OFJ6N53", "TimeCreated": "2024-06-10 10:22:48.725485+00:00", "RecordID": "61", "Level": "4", "UserID": "S-1-5-21-963789628-1060504924-4285088085-1001", "EventData.NumMonitors": "1"}
{"EventID": "1", "Channel": "Microsoft-Windows-RemoteDesktopServices-SessionServices/Operational", "Provider_Name": "Microsoft-Windows-RemoteDesktopServices-SessionServices", "Computer": "DESKTOP-OFJ6N53", "TimeCreated": "2024-09-06 13:40:39.495373+00:00", "RecordID": "62", "Level": "4", "UserID": "S-1-5-21-963789628-1060504924-4285088085-1001", "EventData.NumMonitors": "1"}
{"EventID": "1", "Channel": "Microsoft-Windows-RemoteDesktopServices-SessionServices/Operational", "Provider_Name": "Microsoft-Windows-RemoteDesktopServices-SessionServices", "Computer": "DESKTOP-OFJ6N53", "TimeCreated": "2024-10-04 21:59:46.459654+00:00", "RecordID": "63", "Level": "4", "UserID": "S-1-5-21-963789628-1060504924-4285088085-1001", "EventData.NumMonitors": "1"}
{"EventID": "1", "Channel": "Microsoft-Windows-RemoteDesktopServices-SessionServices/Operational", "Provider_Name": "Microsoft-Windows-RemoteDesktopServices-SessionServices", "Computer": "DESKTOP-OFJ6N53", "TimeCreated": "2024-10-04 21:59:47.289858+00:00", "RecordID": "64", "Level": "4", "UserID": "S-1-5-21-963789628-1060504924-4285088085-1001", "EventData.NumMonitors": "1"}
{"EventID": "1", "Channel": "Microsoft-Windows-RemoteDesktopServices-SessionServices/Operational", "Provider_Name": "Microsoft-Windows-RemoteDesktopServices-SessionServices", "Computer": "DESKTOP-OFJ6N53", "TimeCreated": "2024-10-18 09:03:42.709686+00:00", "RecordID": "65", "Level": "4", "UserID": "S-1-5-21-963789628-1060504924-4285088085-1001", "EventData.NumMonitors": "1"}
{"EventID": "1", "Channel": "Microsoft-Windows-RemoteDesktopServices-SessionServices/Operational", "Provider_Name": "Microsoft-Windows-RemoteDesktopServices-SessionServices", "Computer": "DESKTOP-OFJ6N53", "TimeCreated": "2024-12-06 10:12:24.376204+00:00", "RecordID": "66", "Level": "4", "UserID": "S-1-5-21-963789628-1060504924-4285088085-1001", "EventData.NumMonitors": "1"}
{"EventID": "1", "Channel": "Microsoft-Windows-RemoteDesktopServices-SessionServices/Operational", "Provider_Name": "Microsoft-Windows-RemoteDesktopServices-SessionServices", "Computer": "DESKTOP-OFJ6N53", "TimeCreated": "2025-01-10 07:43:29.240656+00:00", "RecordID": "67", "Level": "4", "UserID": "S-1-5-21-963789628-1060504924-4285088085-1001", "EventData.NumMonitors": "1"}
{"EventID": "1", "Channel": "Microsoft-Windows-RemoteDesktopServices-SessionServices/Operational", "Provider_Name": "Microsoft-Windows-RemoteDesktopServices-SessionServices", "Computer": "DESKTOP-OFJ6N53", "TimeCreated": "2025-02-07 16:21:32.902975+00:00", "RecordID": "68", "Level": "4", "UserID": "S-1-5-21-963789628-1060504924-4285088085-1001", "EventData.NumMonitors": "1"}
{"EventID": "1", "Channel": "Microsoft-Windows-RemoteDesktopServices-SessionServices/Operational", "Provider_Name": "Microsoft-Windows-RemoteDesktopServices-SessionServices", "Computer": "DESKTOP-OFJ6N53", "TimeCreated": "2025-02-07 16:21:36.667599+00:00", "RecordID": "69", "Level": "4", "UserID": "S-1-5-21-963789628-1060504924-4285088085-1001", "EventData.NumMonitors": "1"}
{"EventID": "1", "Channel": "Microsoft-Windows-RemoteDesktopServices-SessionServices/Operational", "Provider_Name": "Microsoft-Windows-RemoteDesktopServices-SessionServices", "Computer": "DESKTOP-OFJ6N53", "TimeCreated": "2025-02-10 13:23:20.386549+00:00", "RecordID": "70", "Level": "4", "UserID": "S-1-5-21-963789628-1060504924-4285088085-1001", "EventData.NumMonitors": "1"}
{"EventID": "1", "Channel": "Microsoft-Windows-RemoteDesktopServices-SessionServices/Operational", "Provider_Name": "Microsoft-Windows-RemoteDesktopServices-SessionServices", "Computer": "DESKTOP-OFJ6N53", "TimeCreated": "2025-02-12 13:17:08.293886+00:00", "RecordID": "71", "Level": "4", "UserID": "S-1-5-21-963789628-1060504924-4285088085-1001", "EventData.NumMonitors": "1"}
{"EventID": "2", "Channel": "Microsoft-Windows-RemoteDesktopServices-SessionServices/Operational", "Provider_Name": "Microsoft-Windows-RemoteDesktopServices-SessionServices", "Computer": "DESKTOP-OFJ6N53", "TimeCreated": "2025-02-17 09:01:36.930035+00:00", "RecordID": "72", "Level": "2", "UserID": "S-1-5-21-963789628-1060504924-4285088085-1001", "EventData.ErrorCode": "0xffffffff"}
{"EventID": "1", "Channel": "Microsoft-Windows-RemoteDesktopServices-SessionServices/Operational", "Provider_Name": "Microsoft-Windows-RemoteDesktopServices-SessionServices", "Computer": "DESKTOP-OFJ6N53", "TimeCreated": "2025-02-17 09:01:37.865770+00:00", "RecordID": "73", "Level": "4", "UserID": "S-1-5-21-963789628-1060504924-4285088085-1001", "EventData.NumMonitors": "1"}
{"EventID": "1", "Channel": "Microsoft-Windows-RemoteDesktopServices-SessionServices/Operational", "Provider_Name": "Microsoft-Windows-RemoteDesktopServices-SessionServices", "Computer": "DESKTOP-OFJ6N53", "TimeCreated": "2025-02-20 20:28:27.961617+00:00", "RecordID": "74", "Level": "4", "UserID": "S-1-5-21-963789628-1060504924-4285088085-1001", "EventData.NumMonitors": "1"}
{"EventID": "1", "Channel": "Microsoft-Windows-RemoteDesktopServices-SessionServices/Operational", "Provider_Name": "Microsoft-Windows-RemoteDesktopServices-SessionServices", "Computer": "DESKTOP-OFJ6N53", "TimeCreated": "2025-03-10 14:09:25.630632+00:00", "RecordID": "75", "Level": "4", "UserID": "S-1-5-21-963789628-1060504924-4285088085-1001", "EventData.NumMonitors": "1"}
{"EventID": "1", "Channel": "Microsoft-Windows-RemoteDesktopServices-SessionServices/Operational", "Provider_Name": "Microsoft-Windows-RemoteDesktopServices-SessionServices", "Computer": "DESKTOP-OFJ6N53", "TimeCreated": "2025-03-12 11:05:20.018188+00:00", "RecordID": "76", "Level": "4", "UserID": "S-1-5-21-963789628-1060504924-4285088085-1001", "EventData.NumMonitors": "1"}
{"EventID": "1", "Channel": "Microsoft-Windows-RemoteDesktopServices-SessionServices/Operational", "Provider_Name": "Microsoft-Windows-RemoteDesktopServices-SessionServices", "Computer": "DESKTOP-OFJ6N53", "TimeCreated": "2025-03-12 11:05:21.635063+00:00", "RecordID": "77", "Level": "4", "UserID": "S-1-5-21-963789628-1060504924-4285088085-1001", "EventData.NumMonitors": "1"}
{"EventID": "1", "Channel": "Microsoft-Windows-RemoteDesktopServices-SessionServices/Operational", "Provider_Name": "Microsoft-Windows-RemoteDesktopServices-SessionServices", "Computer": "DESKTOP-OFJ6N53", "TimeCreated": "2025-03-14 12:09:08.358416+00:00", "RecordID": "78", "Level": "4", "UserID": "S-1-5-21-963789628-1060504924-4285088085-1001", "EventData.NumMonitors": "1"}
{"EventID": "1", "Channel": "Microsoft-Windows-RemoteDesktopServices-SessionServices/Operational", "Provider_Name": "Microsoft-Windows-RemoteDesktopServices-SessionServices", "Computer": "DESKTOP-OFJ6N53", "TimeCreated": "2025-03-14 12:25:13.529501+00:00", "RecordID": "79", "Level": "4", "UserID": "S-1-5-21-963789628-1060504924-4285088085-1001", "EventData.NumMonitors": "1"}
{"EventID": "1", "Channel": "Microsoft-Windows-RemoteDesktopServices-SessionServices/Operational", "Provider_Name": "Microsoft-Windows-RemoteDesktopServices-SessionServices", "Computer": "DESKTOP-OFJ6N53", "TimeCreated": "2025-04-18 13:44:57.315432+00:00", "RecordID": "80", "Level": "4", "UserID": "S-1-5-21-963789628-1060504924-4285088085-1001", "EventData.NumMonitors": "1"}
{"EventID": "1", "Channel": "Microsoft-Windows-RemoteDesktopServices-SessionServices/Operational", "Provider_Name": "Microsoft-Windows-RemoteDesktopServices-SessionServices", "Computer": "DESKTOP-OFJ6N53", "TimeCreated": "2025-04-24 11:02:08.438858+00:00", "RecordID": "81", "Level": "4", "UserID": "S-1-5-21-963789628-1060504924-4285088085-1001", "EventData.NumMonitors": "1"}
{"EventID": "1", "Channel": "Microsoft-Windows-RemoteDesktopServices-SessionServices/Operational", "Provider_Name": "Microsoft-Windows-RemoteDesktopServices-SessionServices", "Computer": "DESKTOP-OFJ6N53", "TimeCreated": "2025-04-24 11:13:36.340086+00:00", "RecordID": "82", "Level": "4", "UserID": "S-1-5-21-963789628-1060504924-4285088085-1001", "EventData.NumMonitors": "1"}
{"EventID": "1", "Channel": "Microsoft-Windows-RemoteDesktopServices-SessionServices/Operational", "Provider_Name": "Microsoft-Windows-RemoteDesktopServices-SessionServices", "Computer": "DESKTOP-OFJ6N53", "TimeCreated": "2025-04-24 11:33:04.058372+00:00", "RecordID": "83", "Level": "4", "UserID": "S-1-5-21-963789628-1060504924-4285088085-1001", "EventData.NumMonitors": "1"}
{"EventID": "1", "Channel": "Microsoft-Windows-RemoteDesktopServices-SessionServices/Operational", "Provider_Name": "Microsoft-Windows-RemoteDesktopServices-SessionServices", "Computer": "DESKTOP-OFJ6N53", "TimeCreated": "2025-04-24 11:33:13.362286+00:00", "RecordID": "84", "Level": "4", "UserID": "S-1-5-21-963789628-1060504924-4285088085-1001", "EventData.NumMonitors": "1"}
{"EventID": "1", "Channel": "Microsoft-Windows-RemoteDesktopServices-SessionServices/Operational", "Provider_Name": "Microsoft-Windows-RemoteDesktopServices-SessionServices", "Computer": "DESKTOP-OFJ6N53", "TimeCreated": "2025-04-24 11:34:23.932611+00:00", "RecordID": "85", "Level": "4", "UserID": "S-1-5-21-963789628-1060504924-4285088085-1001", "EventData.NumMonitors": "1"}
{"EventID": "1", "Channel": "Microsoft-Windows-RemoteDesktopServices-SessionServices/Operational", "Provider_Name": "Microsoft-Windows-RemoteDesktopServices-SessionServices", "Computer": "DESKTOP-OFJ6N53", "TimeCreated": "2025-04-24 11:34:38.460472+00:00", "RecordID": "86", "Level": "4", "UserID": "S-1-5-21-963789628-1060504924-4285088085-1001", "EventData.NumMonitors": "1"}
{"EventID": "1", "Channel": "Microsoft-Windows-RemoteDesktopServices-SessionServices/Operational", "Provider_Name": "Microsoft-Windows-RemoteDesktopServices-SessionServices", "Computer": "DESKTOP-OFJ6N53", "TimeCreated": "2025-07-31 08:16:59.449127+00:00", "RecordID": "87", "Level": "4", "UserID": "S-1-5-21-963789628-1060504924-4285088085-1001", "EventData.NumMonitors": "1"}
{"EventID": "2", "Channel": "Microsoft-Windows-RemoteDesktopServices-SessionServices/Operational", "Provider_Name": "Microsoft-Windows-RemoteDesktopServices-SessionServices", "Computer": "DESKTOP-OFJ6N53", "TimeCreated": "2025-08-23 16:32:14.694685+00:00", "RecordID": "88", "Level": "2", "UserID": "S-1-5-21-963789628-1060504924-4285088085-1001", "EventData.ErrorCode": "0xffffffff"}
{"EventID": "1", "Channel": "Microsoft-Windows-RemoteDesktopServices-SessionServices/Operational", "Provider_Name": "Microsoft-Windows-RemoteDesktopServices-SessionServices", "Computer": "DESKTOP-OFJ6N53", "TimeCreated": "2025-08-23 16:32:15.659054+00:00", "RecordID": "89", "Level": "4", "UserID": "S-1-5-21-963789628-1060504924-4285088085-1001", "EventData.NumMonitors": "1"}
