{"EventID": "8025", "Channel": "Microsoft-Windows-HelloForBusiness/Operational", "Provider_Name": "Microsoft-Windows-HelloForBusiness", "Computer": "DESKTOP-OFJ6N53", "TimeCreated": "2024-02-13 13:17:11.213284+00:00", "RecordID": "1813", "Level": "16", "UserID": "S-1-5-18", "EventData.ServiceName": "Microsoft Passport"}
{"EventID": "8025", "Channel": "Microsoft-Windows-HelloForBusiness/Operational", "Provider_Name": "Microsoft-Windows-HelloForBusiness", "Computer": "DESKTOP-OFJ6N53", "TimeCreated": "2024-02-13 23:02:11.041973+00:00", "RecordID": "1814", "Level": "16", "UserID": "S-1-5-18", "EventData.ServiceName": "Microsoft Passport"}
{"EventID": "8025", "Channel": "Microsoft-Windows-HelloForBusiness/Operational", "Provider_Name": "Microsoft-Windows-HelloForBusiness", "Computer": "DESKTOP-OFJ6N53", "TimeCreated": "2024-02-13 23:02:11.136782+00:00", "RecordID": "1815", "Level": "16", "UserID": "S-1-5-19", "EventData.ServiceName": "Microsoft Passport Container"}
{"EventID": "8025", "Channel": "Microsoft-Windows-HelloForBusiness/Operational", "Provider_Name": "Microsoft-Windows-HelloForBusiness", "Computer": "DESKTOP-OFJ6N53", "TimeCreated": "2024-02-14 15:11:33.410585+00:00", "RecordID": "1816", "Level": "16", "UserID": "S-1-5-18", "EventData.ServiceName": "Microsoft Passport"}
{"EventID": "8025", "Channel": "Microsoft-Windows-HelloForBusiness/Operational", "Provider_Name": "Microsoft-Windows-HelloForBusiness", "Computer": "DESKTOP-OFJ6N53", "TimeCreated": "2024-02-14 18:02:13.212259+00:00", "RecordID": "1817", "Level": "16", "UserID": "S-1-5-18", "EventData.ServiceName": "Microsoft Passport"}
{"EventID": "8025", "Channel": "Microsoft-Windows-HelloForBusiness/Operational", "Provider_Name": "Microsoft-Windows-HelloForBusiness", "Computer": "DESKTOP-OFJ6N53", "TimeCreated": "2024-02-14 18:02:13.378794+00:00", "RecordID": "1818", "Level": "16", "UserID": "S-1-5-19", "EventData.ServiceName": "Microsoft Passport Container"}
{"EventID": "8025", "Channel": "Microsoft-Windows-HelloForBusiness/Operational", "Provider_Name": "Microsoft-Windows-HelloForBusiness", "Computer": "DESKTOP-OFJ6N53", "TimeCreated": "2024-02-15 12:02:16.358410+00:00", "RecordID": "1819", "Level": "16", "UserID": "S-1-5-18", "EventData.ServiceName": "Microsoft Passport"}
{"EventID": "8025", "Channel": "Microsoft-Windows-HelloForBusiness/Operational", "Provider_Name": "Microsoft-Windows-HelloForBusiness", "Computer": "DESKTOP-OFJ6N53", "TimeCreated": "2024-02-15 12:02:16.447794+00:00", "RecordID": "1820", "Level": "16", "UserID": "S-1-5-19", "EventData.ServiceName": "Microsoft Passport Container"}
{"EventID": "8025", "Channel": "Microsoft-Windows-HelloForBusiness/Operational", "Provider_Name": "Microsoft-Windows-HelloForBusiness", "Computer": "DESKTOP-OFJ6N53", "TimeCreated": "2024-02-15 15:11:35.006525+00:00", "RecordID": "1821", "Level": "16", "UserID": "S-1-5-18", "EventData.ServiceName": "Microsoft Passport"}
{"EventID": "8025", "Channel": "Microsoft-Windows-HelloForBusiness/Operational", "Provider_Name": "Microsoft-Windows-HelloForBusiness", "Computer": "DESKTOP-OFJ6N53", "TimeCreated": "2024-02-15 15:26:53.802080+00:00", "RecordID": "1822", "Level": "16", "UserID": "S-1-5-19", "EventData.ServiceName": "Microsoft Passport Container"}
{"EventID": "5520", "Channel": "Microsoft-Windows-HelloForBusiness/Operational", "Provider_Name": "Microsoft-Windows-HelloForBusiness", "Computer": "DESKTOP-OFJ6N53", "TimeCreated": "2024-02-15 15:30:11.792515+00:00", "RecordID": "1823", "Level": "4", "UserID": "S-1-5-18"}
{"EventID": "3054", "Channel": "Microsoft-Windows-HelloForBusiness/Operational", "Provider_Name": "Microsoft-Windows-HelloForBusiness", "Computer": "DESKTOP-OFJ6N53", "TimeCreated": "2024-02-15 15:30:35.261829+00:00", "RecordID": "1824", "Level": "4", "UserID": "S-1-5-21-963789628-1060504924-4285088085-1001"}
{"EventID": "8210", "Channel": "Microsoft-Windows-HelloForBusiness/Operational", "Provider_Name": "Microsoft-Windows-HelloForBusiness", "Computer": "DESKTOP-OFJ6N53", "TimeCreated": "2024-02-15 15:30:35.261831+00:00", "RecordID": "1825", "Level": "16", "UserID": "S-1-5-21-963789628-1060504924-4285088085-1001"}
{"EventID": "7201", "Channel": "Microsoft-Windows-HelloForBusiness/Operational", "Provider_Name": "Microsoft-Windows-HelloForBusiness", "Computer": "DESKTOP-OFJ6N53", "TimeCreated": "2024-02-15 15:30:35.261831+00:00", "RecordID": "1826", "Level": "2", "UserID": "S-1-5-21-963789628-1060504924-4285088085-1001"}
{"EventID": "7054", "Channel": "Microsoft-Windows-HelloForBusiness/Operational", "Provider_Name": "Microsoft-Windows-HelloForBusiness", "Computer": "DESKTOP-OFJ6N53", "TimeCreated": "2024-02-15 15:30:35.261833+00:00", "RecordID": "1827", "Level": "2", "UserID": "S-1-5-21-963789628-1060504924-4285088085-1001", "EventData.Error": "0x00000001"}
{"EventID": "8025", "Channel": "Microsoft-Windows-HelloForBusiness/Operational", "Provider_Name": "Microsoft-Windows-HelloForBusiness", "Computer": "DESKTOP-OFJ6N53", "TimeCreated": "2024-02-15 15:30:58.705322+00:00", "RecordID": "1828", "Level": "16", "UserID": "S-1-5-18", "EventData.ServiceName": "Microsoft Passport"}
{"EventID": "8025", "Channel": "Microsoft-Windows-HelloForBusiness/Operational", "Provider_Name": "Microsoft-Windows-HelloForBusiness", "Computer": "DESKTOP-OFJ6N53", "TimeCreated": "2024-02-15 15:40:57.704248+00:00", "RecordID": "1829", "Level": "16", "UserID": "S-1-5-18", "EventData.ServiceName": "Microsoft Passport"}
{"EventID": "8025", "Channel": "Microsoft-Windows-HelloForBusiness/Operational", "Provider_Name": "Microsoft-Windows-HelloForBusiness", "Computer": "DESKTOP-OFJ6N53", "TimeCreated": "2024-02-15 23:31:08.337175+00:00", "RecordID": "1830", "Level": "16", "UserID": "S-1-5-18", "EventData.ServiceName": "Microsoft Passport"}
{"EventID": "8025", "Channel": "Microsoft-Windows-HelloForBusiness/Operational", "Provider_Name": "Microsoft-Windows-HelloForBusiness", "Computer": "DESKTOP-OFJ6N53", "TimeCreated": "2024-02-15 23:31:08.507488+00:00", "RecordID": "1831", "Level": "16", "UserID": "S-1-5-19", "EventData.ServiceName": "Microsoft Passport Container"}
{"EventID": "8025", "Channel": "Microsoft-Windows-HelloForBusiness/Operational", "Provider_Name": "Microsoft-Windows-HelloForBusiness", "Computer": "DESKTOP-OFJ6N53", "TimeCreated": "2024-02-16 05:31:23.059872+00:00", "RecordID": "1832", "Level": "16", "UserID": "S-1-5-18", "EventData.ServiceName": "Microsoft Passport"}
{"EventID": "8025", "Channel": "Microsoft-Windows-HelloForBusiness/Operational", "Provider_Name": "Microsoft-Windows-HelloForBusiness", "Computer": "DESKTOP-OFJ6N53", "TimeCreated": "2024-02-16 05:31:23.685799+00:00", "RecordID": "1833", "Level": "16", "UserID": "S-1-5-19", "EventData.ServiceName": "Microsoft Passport Container"}
{"EventID": "5520", "Channel": "Microsoft-Windows-HelloForBusiness/Operational", "Provider_Name": "Microsoft-Windows-HelloForBusiness", "Computer": "DESKTOP-OFJ6N53", "TimeCreated": "2024-02-16 14:07:14.591230+00:00", "RecordID": "1834", "Level": "4", "UserID": "S-1-5-18"}
{"EventID": "8025", "Channel": "Microsoft-Windows-HelloForBusiness/Operational", "Provider_Name": "Microsoft-Windows-HelloForBusiness", "Computer": "DESKTOP-OFJ6N53", "TimeCreated": "2024-02-16 15:34:26.759176+00:00", "RecordID": "1835", "Level": "16", "UserID": "S-1-5-18", "EventData.ServiceName": "Microsoft Passport"}
{"EventID": "5520", "Channel": "Microsoft-Windows-HelloForBusiness/Operational", "Provider_Name": "Microsoft-Windows-HelloForBusiness", "Computer": "DESKTOP-OFJ6N53", "TimeCreated": "2024-02-16 15:36:25.327698+00:00", "RecordID": "1836", "Level": "4", "UserID": "S-1-5-18"}
{"EventID": "8025", "Channel": "Microsoft-Windows-HelloForBusiness/Operational", "Provider_Name": "Microsoft-Windows-HelloForBusiness", "Computer": "DESKTOP-OFJ6N53", "TimeCreated": "2024-02-17 15:41:00.139570+00:00", "RecordID": "1837", "Level": "16", "UserID": "S-1-5-18", "EventData.ServiceName": "Microsoft Passport"}
{"EventID": "8025", "Channel": "Microsoft-Windows-HelloForBusiness/Operational", "Provider_Name": "Microsoft-Windows-HelloForBusiness", "Computer": "DESKTOP-OFJ6N53", "TimeCreated": "2024-02-17 19:31:20.794090+00:00", "RecordID": "1838", "Level": "16", "UserID": "S-1-5-18", "EventData.ServiceName": "Microsoft Passport"}
{"EventID": "8025", "Channel": "Microsoft-Windows-HelloForBusiness/Operational", "Provider_Name": "Microsoft-Windows-HelloForBusiness", "Computer": "DESKTOP-OFJ6N53", "TimeCreated": "2024-02-17 19:31:20.867086+00:00", "RecordID": "1839", "Level": "16", "UserID": "S-1-5-19", "EventData.ServiceName": "Microsoft Passport Container"}
{"EventID": "8025", "Channel": "Microsoft-Windows-HelloForBusiness/Operational", "Provider_Name": "Microsoft-Windows-HelloForBusiness", "Computer": "DESKTOP-OFJ6N53", "TimeCreated": "2024-02-17 23:31:19.910410+00:00", "RecordID": "1840", "Level": "16", "UserID": "S-1-5-18", "EventData.ServiceName": "Microsoft Passport"}
{"EventID": "8025", "Channel": "Microsoft-Windows-HelloForBusiness/Operational", "Provider_Name": "Microsoft-Windows-HelloForBusiness", "Computer": "DESKTOP-OFJ6N53", "TimeCreated": "2024-02-17 23:31:20.003290+00:00", "RecordID": "1841", "Level": "16", "UserID": "S-1-5-19", "EventData.ServiceName": "Microsoft Passport Container"}
{"EventID": "8025", "Channel": "Microsoft-Windows-HelloForBusiness/Operational", "Provider_Name": "Microsoft-Windows-HelloForBusiness", "Computer": "DESKTOP-OFJ6N53", "TimeCreated": "2024-02-18 15:41:01.583818+00:00", "RecordID": "1842", "Level": "16", "UserID": "S-1-5-18", "EventData.ServiceName": "Microsoft Passport"}
{"EventID": "5520", "Channel": "Microsoft-Windows-HelloForBusiness/Operational", "Provider_Name": "Microsoft-Windows-HelloForBusiness", "Computer": "DESKTOP-OFJ6N53", "TimeCreated": "2024-02-18 18:07:49.066324+00:00", "RecordID": "1843", "Level": "4", "UserID": "S-1-5-18"}
{"EventID": "8025", "Channel": "Microsoft-Windows-HelloForBusiness/Operational", "Provider_Name": "Microsoft-Windows-HelloForBusiness", "Computer": "DESKTOP-OFJ6N53", "TimeCreated": "2024-02-18 19:58:31.498491+00:00", "RecordID": "1844", "Level": "16", "UserID": "S-1-5-18", "EventData.ServiceName": "Microsoft Passport"}
{"EventID": "5520", "Channel": "Microsoft-Windows-HelloForBusiness/Operational", "Provider_Name": "Microsoft-Windows-HelloForBusiness", "Computer": "DESKTOP-OFJ6N53", "TimeCreated": "2024-02-18 20:01:47.754942+00:00", "RecordID": "1845", "Level": "4", "UserID": "S-1-5-18"}
{"EventID": "5520", "Channel": "Microsoft-Windows-HelloForBusiness/Operational", "Provider_Name": "Microsoft-Windows-HelloForBusiness", "Computer": "DESKTOP-OFJ6N53", "TimeCreated": "2024-02-19 13:42:55.094816+00:00", "RecordID": "1846", "Level": "4", "UserID": "S-1-5-18"}
{"EventID": "8025", "Channel": "Microsoft-Windows-HelloForBusiness/Operational", "Provider_Name": "Microsoft-Windows-HelloForBusiness", "Computer": "DESKTOP-OFJ6N53", "TimeCreated": "2024-02-20 11:17:59.743563+00:00", "RecordID": "1847", "Level": "16", "UserID": "S-1-5-18", "EventData.ServiceName": "Microsoft Passport"}
{"EventID": "8025", "Channel": "Microsoft-Windows-HelloForBusiness/Operational", "Provider_Name": "Microsoft-Windows-HelloForBusiness", "Computer": "DESKTOP-OFJ6N53", "TimeCreated": "2024-02-20 11:17:59.933475+00:00", "RecordID": "1848", "Level": "16", "UserID": "S-1-5-19", "EventData.ServiceName": "Microsoft Passport Container"}
{"EventID": "5520", "Channel": "Microsoft-Windows-HelloForBusiness/Operational", "Provider_Name": "Microsoft-Windows-HelloForBusiness", "Computer": "DESKTOP-OFJ6N53", "TimeCreated": "2024-02-20 11:28:21.147793+00:00", "RecordID": "1849", "Level": "4", "UserID": "S-1-5-18"}
{"EventID": "5520", "Channel": "Microsoft-Windows-HelloForBusiness/Operational", "Provider_Name": "Microsoft-Windows-HelloForBusiness", "Computer": "DESKTOP-OFJ6N53", "TimeCreated": "2024-02-20 13:59:15.278637+00:00", "RecordID": "1850", "Level": "4", "UserID": "S-1-5-18"}
{"EventID": "5520", "Channel": "Microsoft-Windows-HelloForBusiness/Operational", "Provider_Name": "Microsoft-Windows-HelloForBusiness", "Computer": "DESKTOP-OFJ6N53", "TimeCreated": "2024-02-20 16:01:12.470297+00:00", "RecordID": "1851", "Level": "4", "UserID": "S-1-5-18"}
{"EventID": "5520", "Channel": "Microsoft-Windows-HelloForBusiness/Operational", "Provider_Name": "Microsoft-Windows-HelloForBusiness", "Computer": "DESKTOP-OFJ6N53", "TimeCreated": "2024-02-20 18:02:53.721922+00:00", "RecordID": "1852", "Level": "4", "UserID": "S-1-5-18"}
{"EventID": "5520", "Channel": "Microsoft-Windows-HelloForBusiness/Operational", "Provider_Name": "Microsoft-Windows-HelloForBusiness", "Computer": "DESKTOP-OFJ6N53", "TimeCreated": "2024-02-20 22:37:09.877256+00:00", "RecordID": "1853", "Level": "4", "UserID": "S-1-5-18"}
{"EventID": "5520", "Channel": "Microsoft-Windows-HelloForBusiness/Operational", "Provider_Name": "Microsoft-Windows-HelloForBusiness", "Computer": "DESKTOP-OFJ6N53", "TimeCreated": "2024-02-21 09:51:06.780722+00:00", "RecordID": "1854", "Level": "4", "UserID": "S-1-5-18"}
{"EventID": "8025", "Channel": "Microsoft-Windows-HelloForBusiness/Operational", "Provider_Name": "Microsoft-Windows-HelloForBusiness", "Computer": "DESKTOP-OFJ6N53", "TimeCreated": "2024-02-21 11:51:11.396757+00:00", "RecordID": "1855", "Level": "16", "UserID": "S-1-5-18", "EventData.ServiceName": "Microsoft Passport"}
{"EventID": "5520", "Channel": "Microsoft-Windows-HelloForBusiness/Operational", "Provider_Name": "Microsoft-Windows-HelloForBusiness", "Computer": "DESKTOP-OFJ6N53", "TimeCreated": "2024-02-21 11:53:30.554848+00:00", "RecordID": "1856", "Level": "4", "UserID": "S-1-5-18"}
{"EventID": "8025", "Channel": "Microsoft-Windows-HelloForBusiness/Operational", "Provider_Name": "Microsoft-Windows-HelloForBusiness", "Computer": "DESKTOP-OFJ6N53", "TimeCreated": "2024-02-21 13:54:22.310966+00:00", "RecordID": "1857", "Level": "16", "UserID": "S-1-5-19", "EventData.ServiceName": "Microsoft Passport Container"}
{"EventID": "5520", "Channel": "Microsoft-Windows-HelloForBusiness/Operational", "Provider_Name": "Microsoft-Windows-HelloForBusiness", "Computer": "DESKTOP-OFJ6N53", "TimeCreated": "2024-02-21 13:55:29.206026+00:00", "RecordID": "1858", "Level": "4", "UserID": "S-1-5-18"}
{"EventID": "5520", "Channel": "Microsoft-Windows-HelloForBusiness/Operational", "Provider_Name": "Microsoft-Windows-HelloForBusiness", "Computer": "DESKTOP-OFJ6N53", "TimeCreated": "2024-02-21 18:04:38.383316+00:00", "RecordID": "1859", "Level": "4", "UserID": "S-1-5-18"}
{"EventID": "8025", "Channel": "Microsoft-Windows-HelloForBusiness/Operational", "Provider_Name": "Microsoft-Windows-HelloForBusiness", "Computer": "DESKTOP-OFJ6N53", "TimeCreated": "2024-02-22 15:41:06.330223+00:00", "RecordID": "1860", "Level": "16", "UserID": "S-1-5-18", "EventData.ServiceName": "Microsoft Passport"}
{"EventID": "8025", "Channel": "Microsoft-Windows-HelloForBusiness/Operational", "Provider_Name": "Microsoft-Windows-HelloForBusiness", "Computer": "DESKTOP-OFJ6N53", "TimeCreated": "2024-02-23 15:41:06.337908+00:00", "RecordID": "1861", "Level": "16", "UserID": "S-1-5-18", "EventData.ServiceName": "Microsoft Passport"}
{"EventID": "8025", "Channel": "Microsoft-Windows-HelloForBusiness/Operational", "Provider_Name": "Microsoft-Windows-HelloForBusiness", "Computer": "DESKTOP-OFJ6N53", "TimeCreated": "2024-02-23 23:31:29.546877+00:00", "RecordID": "1862", "Level": "16", "UserID": "S-1-5-18", "EventData.ServiceName": "Microsoft Passport"}
{"EventID": "8025", "Channel": "Microsoft-Windows-HelloForBusiness/Operational", "Provider_Name": "Microsoft-Windows-HelloForBusiness", "Computer": "DESKTOP-OFJ6N53", "TimeCreated": "2024-02-23 23:31:29.613276+00:00", "RecordID": "1863", "Level": "16", "UserID": "S-1-5-19", "EventData.ServiceName": "Microsoft Passport Container"}
{"EventID": "8025", "Channel": "Microsoft-Windows-HelloForBusiness/Operational", "Provider_Name": "Microsoft-Windows-HelloForBusiness", "Computer": "DESKTOP-OFJ6N53", "TimeCreated": "2024-02-24 15:41:10.624163+00:00", "RecordID": "1864", "Level": "16", "UserID": "S-1-5-18", "EventData.ServiceName": "Microsoft Passport"}
{"EventID": "8025", "Channel": "Microsoft-Windows-HelloForBusiness/Operational", "Provider_Name": "Microsoft-Windows-HelloForBusiness", "Computer": "DESKTOP-OFJ6N53", "TimeCreated": "2024-02-25 15:41:12.706903+00:00", "RecordID": "1865", "Level": "16", "UserID": "S-1-5-18", "EventData.ServiceName": "Microsoft Passport"}
{"EventID": "8025", "Channel": "Microsoft-Windows-HelloForBusiness/Operational", "Provider_Name": "Microsoft-Windows-HelloForBusiness", "Computer": "DESKTOP-OFJ6N53", "TimeCreated": "2024-02-26 15:41:14.296337+00:00", "RecordID": "1866", "Level": "16", "UserID": "S-1-5-18", "EventData.ServiceName": "Microsoft Passport"}
{"EventID": "5520", "Channel": "Microsoft-Windows-HelloForBusiness/Operational", "Provider_Name": "Microsoft-Windows-HelloForBusiness", "Computer": "DESKTOP-OFJ6N53", "TimeCreated": "2024-02-27 08:26:45.328934+00:00", "RecordID": "1867", "Level": "4", "UserID": "S-1-5-18"}
{"EventID": "8025", "Channel": "Microsoft-Windows-HelloForBusiness/Operational", "Provider_Name": "Microsoft-Windows-HelloForBusiness", "Computer": "DESKTOP-OFJ6N53", "TimeCreated": "2024-02-27 15:41:15.889746+00:00", "RecordID": "1868", "Level": "16", "UserID": "S-1-5-18", "EventData.ServiceName": "Microsoft Passport"}
{"EventID": "8025", "Channel": "Microsoft-Windows-HelloForBusiness/Operational", "Provider_Name": "Microsoft-Windows-HelloForBusiness", "Computer": "DESKTOP-OFJ6N53", "TimeCreated": "2024-02-27 23:38:30.634474+00:00", "RecordID": "1869", "Level": "16", "UserID": "S-1-5-18", "EventData.ServiceName": "Microsoft Passport"}
{"EventID": "8025", "Channel": "Microsoft-Windows-HelloForBusiness/Operational", "Provider_Name": "Microsoft-Windows-HelloForBusiness", "Computer": "DESKTOP-OFJ6N53", "TimeCreated": "2024-02-28 15:41:17.488564+00:00", "RecordID": "1870", "Level": "16", "UserID": "S-1-5-18", "EventData.ServiceName": "Microsoft Passport"}
{"EventID": "8025", "Channel": "Microsoft-Windows-HelloForBusiness/Operational", "Provider_Name": "Microsoft-Windows-HelloForBusiness", "Computer": "DESKTOP-OFJ6N53", "TimeCreated": "2024-02-29 15:41:19.039534+00:00", "RecordID": "1871", "Level": "16", "UserID": "S-1-5-18", "EventData.ServiceName": "Microsoft Passport"}
{"EventID": "8025", "Channel": "Microsoft-Windows-HelloForBusiness/Operational", "Provider_Name": "Microsoft-Windows-HelloForBusiness", "Computer": "DESKTOP-OFJ6N53", "TimeCreated": "2024-03-01 15:41:20.651377+00:00", "RecordID": "1872", "Level": "16", "UserID": "S-1-5-18", "EventData.ServiceName": "Microsoft Passport"}
{"EventID": "8025", "Channel": "Microsoft-Windows-HelloForBusiness/Operational", "Provider_Name": "Microsoft-Windows-HelloForBusiness", "Computer": "DESKTOP-OFJ6N53", "TimeCreated": "2024-03-02 15:41:22.212896+00:00", "RecordID": "1873", "Level": "16", "UserID": "S-1-5-18", "EventData.ServiceName": "Microsoft Passport"}
{"EventID": "8025", "Channel": "Microsoft-Windows-HelloForBusiness/Operational", "Provider_Name": "Microsoft-Windows-HelloForBusiness", "Computer": "DESKTOP-OFJ6N53", "TimeCreated": "2024-03-03 15:41:23.842085+00:00", "RecordID": "1874", "Level": "16", "UserID": "S-1-5-18", "EventData.ServiceName": "Microsoft Passport"}
{"EventID": "8025", "Channel": "Microsoft-Windows-HelloForBusiness/Operational", "Provider_Name": "Microsoft-Windows-HelloForBusiness", "Computer": "DESKTOP-OFJ6N53", "TimeCreated": "2024-03-04 15:41:25.443321+00:00", "RecordID": "1875", "Level": "16", "UserID": "S-1-5-18", "EventData.ServiceName": "Microsoft Passport"}
{"EventID": "8025", "Channel": "Microsoft-Windows-HelloForBusiness/Operational", "Provider_Name": "Microsoft-Windows-HelloForBusiness", "Computer": "DESKTOP-OFJ6N53", "TimeCreated": "2024-03-05 15:41:27.545141+00:00", "RecordID": "1876", "Level": "16", "UserID": "S-1-5-18", "EventData.ServiceName": "Microsoft Passport"}
{"EventID": "8025", "Channel": "Microsoft-Windows-HelloForBusiness/Operational", "Provider_Name": "Microsoft-Windows-HelloForBusiness", "Computer": "DESKTOP-OFJ6N53", "TimeCreated": "2024-03-06 15:41:29.996140+00:00", "RecordID": "1877", "Level": "16", "UserID": "S-1-5-18", "EventData.ServiceName": "Microsoft Passport"}
{"EventID": "8025", "Channel": "Microsoft-Windows-HelloForBusiness/Operational", "Provider_Name": "Microsoft-Windows-HelloForBusiness", "Computer": "DESKTOP-OFJ6N53", "TimeCreated": "2024-03-07 15:41:29.911442+00:00", "RecordID": "1878", "Level": "16", "UserID": "S-1-5-18", "EventData.ServiceName": "Microsoft Passport"}
{"EventID": "8025", "Channel": "Microsoft-Windows-HelloForBusiness/Operational", "Provider_Name": "Microsoft-Windows-HelloForBusiness", "Computer": "DESKTOP-OFJ6N53", "TimeCreated": "2024-03-08 01:57:08.288546+00:00", "RecordID": "1879", "Level": "16", "UserID": "S-1-5-19", "EventData.ServiceName": "Microsoft Passport Container"}
{"EventID": "8025", "Channel": "Microsoft-Windows-HelloForBusiness/Operational", "Provider_Name": "Microsoft-Windows-HelloForBusiness", "Computer": "DESKTOP-OFJ6N53", "TimeCreated": "2024-03-08 15:41:32.301926+00:00", "RecordID": "1880", "Level": "16", "UserID": "S-1-5-18", "EventData.ServiceName": "Microsoft Passport"}
{"EventID": "8025", "Channel": "Microsoft-Windows-HelloForBusiness/Operational", "Provider_Name": "Microsoft-Windows-HelloForBusiness", "Computer": "DESKTOP-OFJ6N53", "TimeCreated": "2024-03-09 15:41:33.908264+00:00", "RecordID": "1881", "Level": "16", "UserID": "S-1-5-18", "EventData.ServiceName": "Microsoft Passport"}
{"EventID": "8025", "Channel": "Microsoft-Windows-HelloForBusiness/Operational", "Provider_Name": "Microsoft-Windows-HelloForBusiness", "Computer": "DESKTOP-OFJ6N53", "TimeCreated": "2024-03-10 15:41:36.340933+00:00", "RecordID": "1882", "Level": "16", "UserID": "S-1-5-18", "EventData.ServiceName": "Microsoft Passport"}
{"EventID": "5520", "Channel": "Microsoft-Windows-HelloForBusiness/Operational", "Provider_Name": "Microsoft-Windows-HelloForBusiness", "Computer": "DESKTOP-OFJ6N53", "TimeCreated": "2024-03-11 11:32:38.510937+00:00", "RecordID": "1883", "Level": "4", "UserID": "S-1-5-18"}
{"EventID": "8025", "Channel": "Microsoft-Windows-HelloForBusiness/Operational", "Provider_Name": "Microsoft-Windows-HelloForBusiness", "Computer": "DESKTOP-OFJ6N53", "TimeCreated": "2024-03-11 11:41:46.048355+00:00", "RecordID": "1884", "Level": "16", "UserID": "S-1-5-18", "EventData.ServiceName": "Microsoft Passport"}
{"EventID": "8025", "Channel": "Microsoft-Windows-HelloForBusiness/Operational", "Provider_Name": "Microsoft-Windows-HelloForBusiness", "Computer": "DESKTOP-OFJ6N53", "TimeCreated": "2024-03-11 12:31:55.269123+00:00", "RecordID": "1885", "Level": "16", "UserID": "S-1-5-18", "EventData.ServiceName": "Microsoft Passport"}
{"EventID": "8025", "Channel": "Microsoft-Windows-HelloForBusiness/Operational", "Provider_Name": "Microsoft-Windows-HelloForBusiness", "Computer": "DESKTOP-OFJ6N53", "TimeCreated": "2024-03-11 12:31:55.777317+00:00", "RecordID": "1886", "Level": "16", "UserID": "S-1-5-19", "EventData.ServiceName": "Microsoft Passport Container"}
{"EventID": "8025", "Channel": "Microsoft-Windows-HelloForBusiness/Operational", "Provider_Name": "Microsoft-Windows-HelloForBusiness", "Computer": "DESKTOP-OFJ6N53", "TimeCreated": "2024-03-11 15:41:37.120483+00:00", "RecordID": "1887", "Level": "16", "UserID": "S-1-5-18", "EventData.ServiceName": "Microsoft Passport"}
{"EventID": "8025", "Channel": "Microsoft-Windows-HelloForBusiness/Operational", "Provider_Name": "Microsoft-Windows-HelloForBusiness", "Computer": "DESKTOP-OFJ6N53", "TimeCreated": "2024-03-12 10:55:04.010874+00:00", "RecordID": "1888", "Level": "16", "UserID": "S-1-5-19", "EventData.ServiceName": "Microsoft Passport Container"}
{"EventID": "5520", "Channel": "Microsoft-Windows-HelloForBusiness/Operational", "Provider_Name": "Microsoft-Windows-HelloForBusiness", "Computer": "DESKTOP-OFJ6N53", "TimeCreated": "2024-03-12 11:03:17.983635+00:00", "RecordID": "1889", "Level": "4", "UserID": "S-1-5-18"}
{"EventID": "8025", "Channel": "Microsoft-Windows-HelloForBusiness/Operational", "Provider_Name": "Microsoft-Windows-HelloForBusiness", "Computer": "DESKTOP-OFJ6N53", "TimeCreated": "2024-03-12 11:04:44.379370+00:00", "RecordID": "1890", "Level": "16", "UserID": "S-1-5-19", "EventData.ServiceName": "Microsoft Passport Container"}
{"EventID": "5520", "Channel": "Microsoft-Windows-HelloForBusiness/Operational", "Provider_Name": "Microsoft-Windows-HelloForBusiness", "Computer": "DESKTOP-OFJ6N53", "TimeCreated": "2024-03-12 11:04:44.422546+00:00", "RecordID": "1891", "Level": "4", "UserID": "S-1-5-18"}
{"EventID": "3054", "Channel": "Microsoft-Windows-HelloForBusiness/Operational", "Provider_Name": "Microsoft-Windows-HelloForBusiness", "Computer": "DESKTOP-OFJ6N53", "TimeCreated": "2024-03-12 11:05:16.225372+00:00", "RecordID": "1892", "Level": "4", "UserID": "S-1-5-21-963789628-1060504924-4285088085-1001"}
{"EventID": "8210", "Channel": "Microsoft-Windows-HelloForBusiness/Operational", "Provider_Name": "Microsoft-Windows-HelloForBusiness", "Computer": "DESKTOP-OFJ6N53", "TimeCreated": "2024-03-12 11:05:16.225372+00:00", "RecordID": "1893", "Level": "16", "UserID": "S-1-5-21-963789628-1060504924-4285088085-1001"}
{"EventID": "7201", "Channel": "Microsoft-Windows-HelloForBusiness/Operational", "Provider_Name": "Microsoft-Windows-HelloForBusiness", "Computer": "DESKTOP-OFJ6N53", "TimeCreated": "2024-03-12 11:05:16.225374+00:00", "RecordID": "1894", "Level": "2", "UserID": "S-1-5-21-963789628-1060504924-4285088085-1001"}
{"EventID": "7054", "Channel": "Microsoft-Windows-HelloForBusiness/Operational", "Provider_Name": "Microsoft-Windows-HelloForBusiness", "Computer": "DESKTOP-OFJ6N53", "TimeCreated": "2024-03-12 11:05:16.225374+00:00", "RecordID": "1895", "Level": "2", "UserID": "S-1-5-21-963789628-1060504924-4285088085-1001", "EventData.Error": "0x00000001"}
{"EventID": "8025", "Channel": "Microsoft-Windows-HelloForBusiness/Operational", "Provider_Name": "Microsoft-Windows-HelloForBusiness", "Computer": "DESKTOP-OFJ6N53", "TimeCreated": "2024-03-12 11:05:52.606838+00:00", "RecordID": "1896", "Level": "16", "UserID": "S-1-5-18", "EventData.ServiceName": "Microsoft Passport"}
{"EventID": "5520", "Channel": "Microsoft-Windows-HelloForBusiness/Operational", "Provider_Name": "Microsoft-Windows-HelloForBusiness", "Computer": "DESKTOP-OFJ6N53", "TimeCreated": "2024-03-12 14:04:14.242250+00:00", "RecordID": "1897", "Level": "4", "UserID": "S-1-5-18"}
{"EventID": "8025", "Channel": "Microsoft-Windows-HelloForBusiness/Operational", "Provider_Name": "Microsoft-Windows-HelloForBusiness", "Computer": "DESKTOP-OFJ6N53", "TimeCreated": "2024-03-13 00:17:32.182106+00:00", "RecordID": "1898", "Level": "16", "UserID": "S-1-5-18", "EventData.ServiceName": "Microsoft Passport"}
{"EventID": "8025", "Channel": "Microsoft-Windows-HelloForBusiness/Operational", "Provider_Name": "Microsoft-Windows-HelloForBusiness", "Computer": "DESKTOP-OFJ6N53", "TimeCreated": "2024-03-13 09:53:14.063171+00:00", "RecordID": "1899", "Level": "16", "UserID": "S-1-5-18", "EventData.ServiceName": "Microsoft Passport"}
{"EventID": "8025", "Channel": "Microsoft-Windows-HelloForBusiness/Operational", "Provider_Name": "Microsoft-Windows-HelloForBusiness", "Computer": "DESKTOP-OFJ6N53", "TimeCreated": "2024-03-13 09:53:14.155087+00:00", "RecordID": "1900", "Level": "16", "UserID": "S-1-5-19", "EventData.ServiceName": "Microsoft Passport Container"}
{"EventID": "8025", "Channel": "Microsoft-Windows-HelloForBusiness/Operational", "Provider_Name": "Microsoft-Windows-HelloForBusiness", "Computer": "DESKTOP-OFJ6N53", "TimeCreated": "2024-03-14 11:15:40.725475+00:00", "RecordID": "1901", "Level": "16", "UserID": "S-1-5-18", "EventData.ServiceName": "Microsoft Passport"}
{"EventID": "8025", "Channel": "Microsoft-Windows-HelloForBusiness/Operational", "Provider_Name": "Microsoft-Windows-HelloForBusiness", "Computer": "DESKTOP-OFJ6N53", "TimeCreated": "2024-03-14 11:18:43.912127+00:00", "RecordID": "1902", "Level": "16", "UserID": "S-1-5-18", "EventData.ServiceName": "Microsoft Passport"}
{"EventID": "8025", "Channel": "Microsoft-Windows-HelloForBusiness/Operational", "Provider_Name": "Microsoft-Windows-HelloForBusiness", "Computer": "DESKTOP-OFJ6N53", "TimeCreated": "2024-03-14 11:18:44.021418+00:00", "RecordID": "1903", "Level": "16", "UserID": "S-1-5-19", "EventData.ServiceName": "Microsoft Passport Container"}
{"EventID": "8025", "Channel": "Microsoft-Windows-HelloForBusiness/Operational", "Provider_Name": "Microsoft-Windows-HelloForBusiness", "Computer": "DESKTOP-OFJ6N53", "TimeCreated": "2024-03-15 11:15:42.001570+00:00", "RecordID": "1904", "Level": "16", "UserID": "S-1-5-18", "EventData.ServiceName": "Microsoft Passport"}
{"EventID": "8025", "Channel": "Microsoft-Windows-HelloForBusiness/Operational", "Provider_Name": "Microsoft-Windows-HelloForBusiness", "Computer": "DESKTOP-OFJ6N53", "TimeCreated": "2024-03-17 11:15:44.013756+00:00", "RecordID": "1905", "Level": "16", "UserID": "S-1-5-18", "EventData.ServiceName": "Microsoft Passport"}
{"EventID": "8025", "Channel": "Microsoft-Windows-HelloForBusiness/Operational", "Provider_Name": "Microsoft-Windows-HelloForBusiness", "Computer": "DESKTOP-OFJ6N53", "TimeCreated": "2024-03-18 11:15:45.104944+00:00", "RecordID": "1906", "Level": "16", "UserID": "S-1-5-18", "EventData.ServiceName": "Microsoft Passport"}
{"EventID": "8025", "Channel": "Microsoft-Windows-HelloForBusiness/Operational", "Provider_Name": "Microsoft-Windows-HelloForBusiness", "Computer": "DESKTOP-OFJ6N53", "TimeCreated": "2024-03-19 11:15:46.414728+00:00", "RecordID": "1907", "Level": "16", "UserID": "S-1-5-18", "EventData.ServiceName": "Microsoft Passport"}
{"EventID": "8025", "Channel": "Microsoft-Windows-HelloForBusiness/Operational", "Provider_Name": "Microsoft-Windows-HelloForBusiness", "Computer": "DESKTOP-OFJ6N53", "TimeCreated": "2024-03-20 11:15:48.490082+00:00", "RecordID": "1908", "Level": "16", "UserID": "S-1-5-18", "EventData.ServiceName": "Microsoft Passport"}
{"EventID": "8025", "Channel": "Microsoft-Windows-HelloForBusiness/Operational", "Provider_Name": "Microsoft-Windows-HelloForBusiness", "Computer": "DESKTOP-OFJ6N53", "TimeCreated": "2024-03-21 11:15:50.552696+00:00", "RecordID": "1909", "Level": "16", "UserID": "S-1-5-18", "EventData.ServiceName": "Microsoft Passport"}
{"EventID": "8025", "Channel": "Microsoft-Windows-HelloForBusiness/Operational", "Provider_Name": "Microsoft-Windows-HelloForBusiness", "Computer": "DESKTOP-OFJ6N53", "TimeCreated": "2024-03-22 11:15:52.568802+00:00", "RecordID": "1910", "Level": "16", "UserID": "S-1-5-18", "EventData.ServiceName": "Microsoft Passport"}
{"EventID": "8025", "Channel": "Microsoft-Windows-HelloForBusiness/Operational", "Provider_Name": "Microsoft-Windows-HelloForBusiness", "Computer": "DESKTOP-OFJ6N53", "TimeCreated": "2024-03-23 11:15:54.460743+00:00", "RecordID": "1911", "Level": "16", "UserID": "S-1-5-18", "EventData.ServiceName": "Microsoft Passport"}
{"EventID": "8025", "Channel": "Microsoft-Windows-HelloForBusiness/Operational", "Provider_Name": "Microsoft-Windows-HelloForBusiness", "Computer": "DESKTOP-OFJ6N53", "TimeCreated": "2024-03-24 11:15:56.779989+00:00", "RecordID": "1912", "Level": "16", "UserID": "S-1-5-18", "EventData.ServiceName": "Microsoft Passport"}
{"EventID": "8025", "Channel": "Microsoft-Windows-HelloForBusiness/Operational", "Provider_Name": "Microsoft-Windows-HelloForBusiness", "Computer": "DESKTOP-OFJ6N53", "TimeCreated": "2024-03-25 11:15:58.622290+00:00", "RecordID": "1913", "Level": "16", "UserID": "S-1-5-18", "EventData.ServiceName": "Microsoft Passport"}
{"EventID": "8025", "Channel": "Microsoft-Windows-HelloForBusiness/Operational", "Provider_Name": "Microsoft-Windows-HelloForBusiness", "Computer": "DESKTOP-OFJ6N53", "TimeCreated": "2024-03-27 11:16:02.333389+00:00", "RecordID": "1914", "Level": "16", "UserID": "S-1-5-18", "EventData.ServiceName": "Microsoft Passport"}
{"EventID": "8025", "Channel": "Microsoft-Windows-HelloForBusiness/Operational", "Provider_Name": "Microsoft-Windows-HelloForBusiness", "Computer": "DESKTOP-OFJ6N53", "TimeCreated": "2024-03-28 11:16:04.437450+00:00", "RecordID": "1915", "Level": "16", "UserID": "S-1-5-18", "EventData.ServiceName": "Microsoft Passport"}
{"EventID": "5520", "Channel": "Microsoft-Windows-HelloForBusiness/Operational", "Provider_Name": "Microsoft-Windows-HelloForBusiness", "Computer": "DESKTOP-OFJ6N53", "TimeCreated": "2024-03-28 14:10:29.968798+00:00", "RecordID": "1916", "Level": "4", "UserID": "S-1-5-18"}
{"EventID": "8025", "Channel": "Microsoft-Windows-HelloForBusiness/Operational", "Provider_Name": "Microsoft-Windows-HelloForBusiness", "Computer": "DESKTOP-OFJ6N53", "TimeCreated": "2024-04-08 13:32:09.104034+00:00", "RecordID": "1917", "Level": "16", "UserID": "S-1-5-18", "EventData.ServiceName": "Microsoft Passport"}
{"EventID": "8025", "Channel": "Microsoft-Windows-HelloForBusiness/Operational", "Provider_Name": "Microsoft-Windows-HelloForBusiness", "Computer": "DESKTOP-OFJ6N53", "TimeCreated": "2024-04-08 13:46:20.359735+00:00", "RecordID": "1918", "Level": "16", "UserID": "S-1-5-18", "EventData.ServiceName": "Microsoft Passport"}
{"EventID": "8025", "Channel": "Microsoft-Windows-HelloForBusiness/Operational", "Provider_Name": "Microsoft-Windows-HelloForBusiness", "Computer": "DESKTOP-OFJ6N53", "TimeCreated": "2024-04-08 13:49:02.772184+00:00", "RecordID": "1919", "Level": "16", "UserID": "S-1-5-18", "EventData.ServiceName": "Microsoft Passport"}
{"EventID": "8025", "Channel": "Microsoft-Windows-HelloForBusiness/Operational", "Provider_Name": "Microsoft-Windows-HelloForBusiness", "Computer": "DESKTOP-OFJ6N53", "TimeCreated": "2024-04-08 14:04:40.117628+00:00", "RecordID": "1920", "Level": "16", "UserID": "S-1-5-19", "EventData.ServiceName": "Microsoft Passport Container"}
{"EventID": "8025", "Channel": "Microsoft-Windows-HelloForBusiness/Operational", "Provider_Name": "Microsoft-Windows-HelloForBusiness", "Computer": "DESKTOP-OFJ6N53", "TimeCreated": "2024-04-08 14:08:39.849300+00:00", "RecordID": "1921", "Level": "16", "UserID": "S-1-5-18", "EventData.ServiceName": "Microsoft Passport"}
{"EventID": "5520", "Channel": "Microsoft-Windows-HelloForBusiness/Operational", "Provider_Name": "Microsoft-Windows-HelloForBusiness", "Computer": "DESKTOP-OFJ6N53", "TimeCreated": "2024-04-08 14:30:34.080244+00:00", "RecordID": "1922", "Level": "4", "UserID": "S-1-5-18"}
{"EventID": "8025", "Channel": "Microsoft-Windows-HelloForBusiness/Operational", "Provider_Name": "Microsoft-Windows-HelloForBusiness", "Computer": "DESKTOP-OFJ6N53", "TimeCreated": "2024-04-10 02:19:15.271797+00:00", "RecordID": "1923", "Level": "16", "UserID": "S-1-5-18", "EventData.ServiceName": "Microsoft Passport"}
{"EventID": "8025", "Channel": "Microsoft-Windows-HelloForBusiness/Operational", "Provider_Name": "Microsoft-Windows-HelloForBusiness", "Computer": "DESKTOP-OFJ6N53", "TimeCreated": "2024-04-12 02:53:19.139713+00:00", "RecordID": "1924", "Level": "16", "UserID": "S-1-5-19", "EventData.ServiceName": "Microsoft Passport Container"}
{"EventID": "5520", "Channel": "Microsoft-Windows-HelloForBusiness/Operational", "Provider_Name": "Microsoft-Windows-HelloForBusiness", "Computer": "DESKTOP-OFJ6N53", "TimeCreated": "2024-04-12 02:55:14.513201+00:00", "RecordID": "1925", "Level": "4", "UserID": "S-1-5-18"}
{"EventID": "3054", "Channel": "Microsoft-Windows-HelloForBusiness/Operational", "Provider_Name": "Microsoft-Windows-HelloForBusiness", "Computer": "DESKTOP-OFJ6N53", "TimeCreated": "2024-04-12 02:56:44.588182+00:00", "RecordID": "1926", "Level": "4", "UserID": "S-1-5-21-963789628-1060504924-4285088085-1001"}
{"EventID": "8210", "Channel": "Microsoft-Windows-HelloForBusiness/Operational", "Provider_Name": "Microsoft-Windows-HelloForBusiness", "Computer": "DESKTOP-OFJ6N53", "TimeCreated": "2024-04-12 02:56:44.588182+00:00", "RecordID": "1927", "Level": "16", "UserID": "S-1-5-21-963789628-1060504924-4285088085-1001"}
{"EventID": "7201", "Channel": "Microsoft-Windows-HelloForBusiness/Operational", "Provider_Name": "Microsoft-Windows-HelloForBusiness", "Computer": "DESKTOP-OFJ6N53", "TimeCreated": "2024-04-12 02:56:44.588184+00:00", "RecordID": "1928", "Level": "2", "UserID": "S-1-5-21-963789628-1060504924-4285088085-1001"}
{"EventID": "7054", "Channel": "Microsoft-Windows-HelloForBusiness/Operational", "Provider_Name": "Microsoft-Windows-HelloForBusiness", "Computer": "DESKTOP-OFJ6N53", "TimeCreated": "2024-04-12 02:56:44.588184+00:00", "RecordID": "1929", "Level": "2", "UserID": "S-1-5-21-963789628-1060504924-4285088085-1001", "EventData.Error": "0x00000001"}
{"EventID": "8025", "Channel": "Microsoft-Windows-HelloForBusiness/Operational", "Provider_Name": "Microsoft-Windows-HelloForBusiness", "Computer": "DESKTOP-OFJ6N53", "TimeCreated": "2024-04-12 02:57:16.553692+00:00", "RecordID": "1930", "Level": "16", "UserID": "S-1-5-18", "EventData.ServiceName": "Microsoft Passport"}
{"EventID": "8025", "Channel": "Microsoft-Windows-HelloForBusiness/Operational", "Provider_Name": "Microsoft-Windows-HelloForBusiness", "Computer": "DESKTOP-OFJ6N53", "TimeCreated": "2024-04-13 03:07:16.071503+00:00", "RecordID": "1931", "Level": "16", "UserID": "S-1-5-18", "EventData.ServiceName": "Microsoft Passport"}
{"EventID": "8025", "Channel": "Microsoft-Windows-HelloForBusiness/Operational", "Provider_Name": "Microsoft-Windows-HelloForBusiness", "Computer": "DESKTOP-OFJ6N53", "TimeCreated": "2024-04-14 03:07:17.758974+00:00", "RecordID": "1932", "Level": "16", "UserID": "S-1-5-18", "EventData.ServiceName": "Microsoft Passport"}
{"EventID": "8025", "Channel": "Microsoft-Windows-HelloForBusiness/Operational", "Provider_Name": "Microsoft-Windows-HelloForBusiness", "Computer": "DESKTOP-OFJ6N53", "TimeCreated": "2024-04-15 03:07:19.452578+00:00", "RecordID": "1933", "Level": "16", "UserID": "S-1-5-18", "EventData.ServiceName": "Microsoft Passport"}
{"EventID": "5520", "Channel": "Microsoft-Windows-HelloForBusiness/Operational", "Provider_Name": "Microsoft-Windows-HelloForBusiness", "Computer": "DESKTOP-OFJ6N53", "TimeCreated": "2024-04-15 08:28:18.265284+00:00", "RecordID": "1934", "Level": "4", "UserID": "S-1-5-18"}
{"EventID": "8025", "Channel": "Microsoft-Windows-HelloForBusiness/Operational", "Provider_Name": "Microsoft-Windows-HelloForBusiness", "Computer": "DESKTOP-OFJ6N53", "TimeCreated": "2024-04-15 08:51:42.541130+00:00", "RecordID": "1935", "Level": "16", "UserID": "S-1-5-19", "EventData.ServiceName": "Microsoft Passport Container"}
{"EventID": "8025", "Channel": "Microsoft-Windows-HelloForBusiness/Operational", "Provider_Name": "Microsoft-Windows-HelloForBusiness", "Computer": "DESKTOP-OFJ6N53", "TimeCreated": "2024-04-16 03:07:22.029169+00:00", "RecordID": "1936", "Level": "16", "UserID": "S-1-5-18", "EventData.ServiceName": "Microsoft Passport"}
{"EventID": "8025", "Channel": "Microsoft-Windows-HelloForBusiness/Operational", "Provider_Name": "Microsoft-Windows-HelloForBusiness", "Computer": "DESKTOP-OFJ6N53", "TimeCreated": "2024-04-17 03:07:23.291880+00:00", "RecordID": "1937", "Level": "16", "UserID": "S-1-5-18", "EventData.ServiceName": "Microsoft Passport"}
{"EventID": "8025", "Channel": "Microsoft-Windows-HelloForBusiness/Operational", "Provider_Name": "Microsoft-Windows-HelloForBusiness", "Computer": "DESKTOP-OFJ6N53", "TimeCreated": "2024-04-18 03:07:25.565969+00:00", "RecordID": "1938", "Level": "16", "UserID": "S-1-5-18", "EventData.ServiceName": "Microsoft Passport"}
{"EventID": "8025", "Channel": "Microsoft-Windows-HelloForBusiness/Operational", "Provider_Name": "Microsoft-Windows-HelloForBusiness", "Computer": "DESKTOP-OFJ6N53", "TimeCreated": "2024-04-19 03:07:26.815207+00:00", "RecordID": "1939", "Level": "16", "UserID": "S-1-5-18", "EventData.ServiceName": "Microsoft Passport"}
{"EventID": "8025", "Channel": "Microsoft-Windows-HelloForBusiness/Operational", "Provider_Name": "Microsoft-Windows-HelloForBusiness", "Computer": "DESKTOP-OFJ6N53", "TimeCreated": "2024-04-20 03:07:28.420753+00:00", "RecordID": "1940", "Level": "16", "UserID": "S-1-5-18", "EventData.ServiceName": "Microsoft Passport"}
{"EventID": "8025", "Channel": "Microsoft-Windows-HelloForBusiness/Operational", "Provider_Name": "Microsoft-Windows-HelloForBusiness", "Computer": "DESKTOP-OFJ6N53", "TimeCreated": "2024-04-21 03:07:29.918451+00:00", "RecordID": "1941", "Level": "16", "UserID": "S-1-5-18", "EventData.ServiceName": "Microsoft Passport"}
{"EventID": "8025", "Channel": "Microsoft-Windows-HelloForBusiness/Operational", "Provider_Name": "Microsoft-Windows-HelloForBusiness", "Computer": "DESKTOP-OFJ6N53", "TimeCreated": "2024-04-21 18:42:04.889418+00:00", "RecordID": "1942", "Level": "16", "UserID": "S-1-5-18", "EventData.ServiceName": "Microsoft Passport"}
{"EventID": "8025", "Channel": "Microsoft-Windows-HelloForBusiness/Operational", "Provider_Name": "Microsoft-Windows-HelloForBusiness", "Computer": "DESKTOP-OFJ6N53", "TimeCreated": "2024-04-21 18:42:05.081821+00:00", "RecordID": "1943", "Level": "16", "UserID": "S-1-5-19", "EventData.ServiceName": "Microsoft Passport Container"}
{"EventID": "8025", "Channel": "Microsoft-Windows-HelloForBusiness/Operational", "Provider_Name": "Microsoft-Windows-HelloForBusiness", "Computer": "DESKTOP-OFJ6N53", "TimeCreated": "2024-04-22 03:07:31.250494+00:00", "RecordID": "1944", "Level": "16", "UserID": "S-1-5-18", "EventData.ServiceName": "Microsoft Passport"}
{"EventID": "8025", "Channel": "Microsoft-Windows-HelloForBusiness/Operational", "Provider_Name": "Microsoft-Windows-HelloForBusiness", "Computer": "DESKTOP-OFJ6N53", "TimeCreated": "2024-04-23 03:07:33.887711+00:00", "RecordID": "1945", "Level": "16", "UserID": "S-1-5-18", "EventData.ServiceName": "Microsoft Passport"}
{"EventID": "5520", "Channel": "Microsoft-Windows-HelloForBusiness/Operational", "Provider_Name": "Microsoft-Windows-HelloForBusiness", "Computer": "DESKTOP-OFJ6N53", "TimeCreated": "2024-04-23 11:04:42.138741+00:00", "RecordID": "1946", "Level": "4", "UserID": "S-1-5-18"}
{"EventID": "8025", "Channel": "Microsoft-Windows-HelloForBusiness/Operational", "Provider_Name": "Microsoft-Windows-HelloForBusiness", "Computer": "DESKTOP-OFJ6N53", "TimeCreated": "2024-04-23 15:39:58.049522+00:00", "RecordID": "1947", "Level": "16", "UserID": "S-1-5-19", "EventData.ServiceName": "Microsoft Passport Container"}
{"EventID": "5520", "Channel": "Microsoft-Windows-HelloForBusiness/Operational", "Provider_Name": "Microsoft-Windows-HelloForBusiness", "Computer": "DESKTOP-OFJ6N53", "TimeCreated": "2024-04-23 15:44:43.744751+00:00", "RecordID": "1948", "Level": "4", "UserID": "S-1-5-18"}
{"EventID": "3054", "Channel": "Microsoft-Windows-HelloForBusiness/Operational", "Provider_Name": "Microsoft-Windows-HelloForBusiness", "Computer": "DESKTOP-OFJ6N53", "TimeCreated": "2024-04-23 15:45:33.490152+00:00", "RecordID": "1949", "Level": "4", "UserID": "S-1-5-21-963789628-1060504924-4285088085-1001"}
{"EventID": "8210", "Channel": "Microsoft-Windows-HelloForBusiness/Operational", "Provider_Name": "Microsoft-Windows-HelloForBusiness", "Computer": "DESKTOP-OFJ6N53", "TimeCreated": "2024-04-23 15:45:33.490154+00:00", "RecordID": "1950", "Level": "16", "UserID": "S-1-5-21-963789628-1060504924-4285088085-1001"}
{"EventID": "7201", "Channel": "Microsoft-Windows-HelloForBusiness/Operational", "Provider_Name": "Microsoft-Windows-HelloForBusiness", "Computer": "DESKTOP-OFJ6N53", "TimeCreated": "2024-04-23 15:45:33.490156+00:00", "RecordID": "1951", "Level": "2", "UserID": "S-1-5-21-963789628-1060504924-4285088085-1001"}
{"EventID": "7054", "Channel": "Microsoft-Windows-HelloForBusiness/Operational", "Provider_Name": "Microsoft-Windows-HelloForBusiness", "Computer": "DESKTOP-OFJ6N53", "TimeCreated": "2024-04-23 15:45:33.490158+00:00", "RecordID": "1952", "Level": "2", "UserID": "S-1-5-21-963789628-1060504924-4285088085-1001", "EventData.Error": "0x00000001"}
{"EventID": "8025", "Channel": "Microsoft-Windows-HelloForBusiness/Operational", "Provider_Name": "Microsoft-Windows-HelloForBusiness", "Computer": "DESKTOP-OFJ6N53", "TimeCreated": "2024-04-23 15:45:57.249586+00:00", "RecordID": "1953", "Level": "16", "UserID": "S-1-5-18", "EventData.ServiceName": "Microsoft Passport"}
{"EventID": "8025", "Channel": "Microsoft-Windows-HelloForBusiness/Operational", "Provider_Name": "Microsoft-Windows-HelloForBusiness", "Computer": "DESKTOP-OFJ6N53", "TimeCreated": "2024-04-23 15:45:57.789318+00:00", "RecordID": "1954", "Level": "16", "UserID": "S-1-5-19", "EventData.ServiceName": "Microsoft Passport Container"}
{"EventID": "8025", "Channel": "Microsoft-Windows-HelloForBusiness/Operational", "Provider_Name": "Microsoft-Windows-HelloForBusiness", "Computer": "DESKTOP-OFJ6N53", "TimeCreated": "2024-04-23 15:55:54.436733+00:00", "RecordID": "1955", "Level": "16", "UserID": "S-1-5-18", "EventData.ServiceName": "Microsoft Passport"}
{"EventID": "8025", "Channel": "Microsoft-Windows-HelloForBusiness/Operational", "Provider_Name": "Microsoft-Windows-HelloForBusiness", "Computer": "DESKTOP-OFJ6N53", "TimeCreated": "2024-04-24 13:11:21.593836+00:00", "RecordID": "1956", "Level": "16", "UserID": "S-1-5-18", "EventData.ServiceName": "Microsoft Passport"}
{"EventID": "5520", "Channel": "Microsoft-Windows-HelloForBusiness/Operational", "Provider_Name": "Microsoft-Windows-HelloForBusiness", "Computer": "DESKTOP-OFJ6N53", "TimeCreated": "2024-04-24 13:45:06.978960+00:00", "RecordID": "1957", "Level": "4", "UserID": "S-1-5-18"}
{"EventID": "8025", "Channel": "Microsoft-Windows-HelloForBusiness/Operational", "Provider_Name": "Microsoft-Windows-HelloForBusiness", "Computer": "DESKTOP-OFJ6N53", "TimeCreated": "2024-04-25 14:58:04.308012+00:00", "RecordID": "1958", "Level": "16", "UserID": "S-1-5-18", "EventData.ServiceName": "Microsoft Passport"}
{"EventID": "5520", "Channel": "Microsoft-Windows-HelloForBusiness/Operational", "Provider_Name": "Microsoft-Windows-HelloForBusiness", "Computer": "DESKTOP-OFJ6N53", "TimeCreated": "2024-04-25 15:02:58.646538+00:00", "RecordID": "1959", "Level": "4", "UserID": "S-1-5-18"}
{"EventID": "8025", "Channel": "Microsoft-Windows-HelloForBusiness/Operational", "Provider_Name": "Microsoft-Windows-HelloForBusiness", "Computer": "DESKTOP-OFJ6N53", "TimeCreated": "2024-04-26 10:37:38.508369+00:00", "RecordID": "1960", "Level": "16", "UserID": "S-1-5-18", "EventData.ServiceName": "Microsoft Passport"}
{"EventID": "5520", "Channel": "Microsoft-Windows-HelloForBusiness/Operational", "Provider_Name": "Microsoft-Windows-HelloForBusiness", "Computer": "DESKTOP-OFJ6N53", "TimeCreated": "2024-04-26 10:59:09.315544+00:00", "RecordID": "1961", "Level": "4", "UserID": "S-1-5-18"}
{"EventID": "5520", "Channel": "Microsoft-Windows-HelloForBusiness/Operational", "Provider_Name": "Microsoft-Windows-HelloForBusiness", "Computer": "DESKTOP-OFJ6N53", "TimeCreated": "2024-04-26 12:19:03.545618+00:00", "RecordID": "1962", "Level": "4", "UserID": "S-1-5-18"}
{"EventID": "8025", "Channel": "Microsoft-Windows-HelloForBusiness/Operational", "Provider_Name": "Microsoft-Windows-HelloForBusiness", "Computer": "DESKTOP-OFJ6N53", "TimeCreated": "2024-04-26 15:04:30.510300+00:00", "RecordID": "1963", "Level": "16", "UserID": "S-1-5-18", "EventData.ServiceName": "Microsoft Passport"}
{"EventID": "5520", "Channel": "Microsoft-Windows-HelloForBusiness/Operational", "Provider_Name": "Microsoft-Windows-HelloForBusiness", "Computer": "DESKTOP-OFJ6N53", "TimeCreated": "2024-04-26 15:05:33.756912+00:00", "RecordID": "1964", "Level": "4", "UserID": "S-1-5-18"}
{"EventID": "8025", "Channel": "Microsoft-Windows-HelloForBusiness/Operational", "Provider_Name": "Microsoft-Windows-HelloForBusiness", "Computer": "DESKTOP-OFJ6N53", "TimeCreated": "2024-04-29 10:26:42.332062+00:00", "RecordID": "1965", "Level": "16", "UserID": "S-1-5-18", "EventData.ServiceName": "Microsoft Passport"}
{"EventID": "8025", "Channel": "Microsoft-Windows-HelloForBusiness/Operational", "Provider_Name": "Microsoft-Windows-HelloForBusiness", "Computer": "DESKTOP-OFJ6N53", "TimeCreated": "2024-04-29 15:10:24.334663+00:00", "RecordID": "1966", "Level": "16", "UserID": "S-1-5-19", "EventData.ServiceName": "Microsoft Passport Container"}
{"EventID": "5520", "Channel": "Microsoft-Windows-HelloForBusiness/Operational", "Provider_Name": "Microsoft-Windows-HelloForBusiness", "Computer": "DESKTOP-OFJ6N53", "TimeCreated": "2024-04-29 15:10:33.586386+00:00", "RecordID": "1967", "Level": "4", "UserID": "S-1-5-18"}
{"EventID": "3054", "Channel": "Microsoft-Windows-HelloForBusiness/Operational", "Provider_Name": "Microsoft-Windows-HelloForBusiness", "Computer": "DESKTOP-OFJ6N53", "TimeCreated": "2024-04-29 15:10:37.285191+00:00", "RecordID": "1968", "Level": "4", "UserID": "S-1-5-21-963789628-1060504924-4285088085-1001"}
{"EventID": "8210", "Channel": "Microsoft-Windows-HelloForBusiness/Operational", "Provider_Name": "Microsoft-Windows-HelloForBusiness", "Computer": "DESKTOP-OFJ6N53", "TimeCreated": "2024-04-29 15:10:37.285192+00:00", "RecordID": "1969", "Level": "16", "UserID": "S-1-5-21-963789628-1060504924-4285088085-1001"}
{"EventID": "7201", "Channel": "Microsoft-Windows-HelloForBusiness/Operational", "Provider_Name": "Microsoft-Windows-HelloForBusiness", "Computer": "DESKTOP-OFJ6N53", "TimeCreated": "2024-04-29 15:10:37.285192+00:00", "RecordID": "1970", "Level": "2", "UserID": "S-1-5-21-963789628-1060504924-4285088085-1001"}
{"EventID": "7054", "Channel": "Microsoft-Windows-HelloForBusiness/Operational", "Provider_Name": "Microsoft-Windows-HelloForBusiness", "Computer": "DESKTOP-OFJ6N53", "TimeCreated": "2024-04-29 15:10:37.285194+00:00", "RecordID": "1971", "Level": "2", "UserID": "S-1-5-21-963789628-1060504924-4285088085-1001", "EventData.Error": "0x00000001"}
