{"EventID": "105", "Channel": "Microsoft-Windows-AppReadiness/Operational", "Provider_Name": "Microsoft-Windows-AppReadiness", "Computer": "DESKTOP-OFJ6N53", "TimeCreated": "2024-09-28 12:31:44.442881+00:00", "RecordID": "816", "Level": "4", "UserID": "S-1-5-18", "EventData.IsIdle": "True", "EventData.Reason": "None"}
{"EventID": "103", "Channel": "Microsoft-Windows-AppReadiness/Operational", "Provider_Name": "Microsoft-Windows-AppReadiness", "Computer": "DESKTOP-OFJ6N53", "TimeCreated": "2024-09-28 12:31:44.458496+00:00", "RecordID": "817", "Level": "4", "UserID": "S-1-5-18"}
{"EventID": "108", "Channel": "Microsoft-Windows-AppReadiness/Operational", "Provider_Name": "Microsoft-Windows-AppReadiness", "Computer": "DESKTOP-OFJ6N53", "TimeCreated": "2024-10-08 20:26:00.262493+00:00", "RecordID": "818", "Level": "4", "UserID": "S-1-5-18", "EventData.Source": "1"}
{"EventID": "108", "Channel": "Microsoft-Windows-AppReadiness/Operational", "Provider_Name": "Microsoft-Windows-AppReadiness", "Computer": "DESKTOP-OFJ6N53", "TimeCreated": "2024-10-08 20:26:02.882532+00:00", "RecordID": "819", "Level": "4", "UserID": "S-1-5-18", "EventData.Source": "1"}
{"EventID": "108", "Channel": "Microsoft-Windows-AppReadiness/Operational", "Provider_Name": "Microsoft-Windows-AppReadiness", "Computer": "DESKTOP-OFJ6N53", "TimeCreated": "2024-10-08 20:26:05.228718+00:00", "RecordID": "820", "Level": "4", "UserID": "S-1-5-18", "EventData.Source": "1"}
{"EventID": "105", "Channel": "Microsoft-Windows-AppReadiness/Operational", "Provider_Name": "Microsoft-Windows-AppReadiness", "Computer": "DESKTOP-OFJ6N53", "TimeCreated": "2024-10-08 20:28:30.208935+00:00", "RecordID": "821", "Level": "4", "UserID": "S-1-5-18", "EventData.IsIdle": "True", "EventData.Reason": "None"}
{"EventID": "103", "Channel": "Microsoft-Windows-AppReadiness/Operational", "Provider_Name": "Microsoft-Windows-AppReadiness", "Computer": "DESKTOP-OFJ6N53", "TimeCreated": "2024-10-08 20:28:30.224997+00:00", "RecordID": "822", "Level": "4", "UserID": "S-1-5-18"}
{"EventID": "108", "Channel": "Microsoft-Windows-AppReadiness/Operational", "Provider_Name": "Microsoft-Windows-AppReadiness", "Computer": "DESKTOP-OFJ6N53", "TimeCreated": "2024-10-12 10:13:08.477377+00:00", "RecordID": "823", "Level": "4", "UserID": "S-1-5-18", "EventData.Source": "2"}
{"EventID": "105", "Channel": "Microsoft-Windows-AppReadiness/Operational", "Provider_Name": "Microsoft-Windows-AppReadiness", "Computer": "DESKTOP-OFJ6N53", "TimeCreated": "2024-10-12 10:15:38.460770+00:00", "RecordID": "824", "Level": "4", "UserID": "S-1-5-18", "EventData.IsIdle": "True", "EventData.Reason": "None"}
{"EventID": "103", "Channel": "Microsoft-Windows-AppReadiness/Operational", "Provider_Name": "Microsoft-Windows-AppReadiness", "Computer": "DESKTOP-OFJ6N53", "TimeCreated": "2024-10-12 10:15:38.476793+00:00", "RecordID": "825", "Level": "4", "UserID": "S-1-5-18"}
{"EventID": "217", "Channel": "Microsoft-Windows-AppReadiness/Operational", "Provider_Name": "Microsoft-Windows-AppReadiness", "Computer": "DESKTOP-OFJ6N53", "TimeCreated": "2024-10-16 22:42:36.968435+00:00", "RecordID": "826", "Level": "4", "UserID": "S-1-5-18", "EventData.User": "S-1-5-21-963789628-1060504924-4285088085-1001"}
{"EventID": "11", "Channel": "Microsoft-Windows-AppReadiness/Operational", "Provider_Name": "Microsoft-Windows-AppReadiness", "Computer": "DESKTOP-OFJ6N53", "TimeCreated": "2024-10-16 22:43:04.545250+00:00", "RecordID": "827", "Level": "3", "UserID": "S-1-5-21-963789628-1060504924-4285088085-1001", "EventData.Error": "-2147024809", "EventData.Expression": "ResultFromWin32FromStatus(BiPtAssociateApplicationExtensionClass(&guid, &acid, &eventId, nullptr, 0, 0, nullptr))", "EventData.Function": "AppReadiness::Tasks::ActivateApps::OnExecute::<lambda_77ffb5b4c88d980e092855dcb2471f73>::operator ()", "EventData.File": "onecoreuap\\shell\\appreadiness\\src\\tasks\\activateapps.cpp", "EventData.Line": "107"}
{"EventID": "105", "Channel": "Microsoft-Windows-AppReadiness/Operational", "Provider_Name": "Microsoft-Windows-AppReadiness", "Computer": "DESKTOP-OFJ6N53", "TimeCreated": "2024-10-16 22:44:29.532183+00:00", "RecordID": "828", "Level": "4", "UserID": "S-1-5-18", "EventData.IsIdle": "True", "EventData.Reason": "None"}
{"EventID": "103", "Channel": "Microsoft-Windows-AppReadiness/Operational", "Provider_Name": "Microsoft-Windows-AppReadiness", "Computer": "DESKTOP-OFJ6N53", "TimeCreated": "2024-10-16 22:44:29.547821+00:00", "RecordID": "829", "Level": "4", "UserID": "S-1-5-18"}
{"EventID": "108", "Channel": "Microsoft-Windows-AppReadiness/Operational", "Provider_Name": "Microsoft-Windows-AppReadiness", "Computer": "DESKTOP-OFJ6N53", "TimeCreated": "2024-11-13 14:45:58.830225+00:00", "RecordID": "830", "Level": "4", "UserID": "S-1-5-18", "EventData.Source": "1"}
{"EventID": "108", "Channel": "Microsoft-Windows-AppReadiness/Operational", "Provider_Name": "Microsoft-Windows-AppReadiness", "Computer": "DESKTOP-OFJ6N53", "TimeCreated": "2024-11-13 14:46:01.508453+00:00", "RecordID": "831", "Level": "4", "UserID": "S-1-5-18", "EventData.Source": "1"}
{"EventID": "108", "Channel": "Microsoft-Windows-AppReadiness/Operational", "Provider_Name": "Microsoft-Windows-AppReadiness", "Computer": "DESKTOP-OFJ6N53", "TimeCreated": "2024-11-13 14:46:03.859444+00:00", "RecordID": "832", "Level": "4", "UserID": "S-1-5-18", "EventData.Source": "1"}
{"EventID": "105", "Channel": "Microsoft-Windows-AppReadiness/Operational", "Provider_Name": "Microsoft-Windows-AppReadiness", "Computer": "DESKTOP-OFJ6N53", "TimeCreated": "2024-11-13 14:48:28.783541+00:00", "RecordID": "833", "Level": "4", "UserID": "S-1-5-18", "EventData.IsIdle": "True", "EventData.Reason": "None"}
{"EventID": "103", "Channel": "Microsoft-Windows-AppReadiness/Operational", "Provider_Name": "Microsoft-Windows-AppReadiness", "Computer": "DESKTOP-OFJ6N53", "TimeCreated": "2024-11-13 14:48:28.798868+00:00", "RecordID": "834", "Level": "4", "UserID": "S-1-5-18"}
{"EventID": "217", "Channel": "Microsoft-Windows-AppReadiness/Operational", "Provider_Name": "Microsoft-Windows-AppReadiness", "Computer": "DESKTOP-OFJ6N53", "TimeCreated": "2024-11-18 12:13:00.921448+00:00", "RecordID": "835", "Level": "4", "UserID": "S-1-5-18", "EventData.User": "S-1-5-21-963789628-1060504924-4285088085-1001"}
{"EventID": "105", "Channel": "Microsoft-Windows-AppReadiness/Operational", "Provider_Name": "Microsoft-Windows-AppReadiness", "Computer": "DESKTOP-OFJ6N53", "TimeCreated": "2024-11-18 12:14:54.825960+00:00", "RecordID": "836", "Level": "4", "UserID": "S-1-5-18", "EventData.IsIdle": "True", "EventData.Reason": "None"}
{"EventID": "103", "Channel": "Microsoft-Windows-AppReadiness/Operational", "Provider_Name": "Microsoft-Windows-AppReadiness", "Computer": "DESKTOP-OFJ6N53", "TimeCreated": "2024-11-18 12:14:54.842306+00:00", "RecordID": "837", "Level": "4", "UserID": "S-1-5-18"}
{"EventID": "108", "Channel": "Microsoft-Windows-AppReadiness/Operational", "Provider_Name": "Microsoft-Windows-AppReadiness", "Computer": "DESKTOP-OFJ6N53", "TimeCreated": "2024-11-23 20:25:14.573656+00:00", "RecordID": "838", "Level": "4", "UserID": "S-1-5-18", "EventData.Source": "2"}
{"EventID": "105", "Channel": "Microsoft-Windows-AppReadiness/Operational", "Provider_Name": "Microsoft-Windows-AppReadiness", "Computer": "DESKTOP-OFJ6N53", "TimeCreated": "2024-11-23 20:27:44.542776+00:00", "RecordID": "839", "Level": "4", "UserID": "S-1-5-18", "EventData.IsIdle": "True", "EventData.Reason": "None"}
{"EventID": "103", "Channel": "Microsoft-Windows-AppReadiness/Operational", "Provider_Name": "Microsoft-Windows-AppReadiness", "Computer": "DESKTOP-OFJ6N53", "TimeCreated": "2024-11-23 20:27:44.558920+00:00", "RecordID": "840", "Level": "4", "UserID": "S-1-5-18"}
{"EventID": "217", "Channel": "Microsoft-Windows-AppReadiness/Operational", "Provider_Name": "Microsoft-Windows-AppReadiness", "Computer": "DESKTOP-OFJ6N53", "TimeCreated": "2024-12-03 10:24:38.546810+00:00", "RecordID": "841", "Level": "4", "UserID": "S-1-5-18", "EventData.User": "S-1-5-21-963789628-1060504924-4285088085-1001"}
{"EventID": "105", "Channel": "Microsoft-Windows-AppReadiness/Operational", "Provider_Name": "Microsoft-Windows-AppReadiness", "Computer": "DESKTOP-OFJ6N53", "TimeCreated": "2024-12-03 10:26:34.939184+00:00", "RecordID": "842", "Level": "4", "UserID": "S-1-5-18", "EventData.IsIdle": "True", "EventData.Reason": "None"}
{"EventID": "103", "Channel": "Microsoft-Windows-AppReadiness/Operational", "Provider_Name": "Microsoft-Windows-AppReadiness", "Computer": "DESKTOP-OFJ6N53", "TimeCreated": "2024-12-03 10:26:34.954931+00:00", "RecordID": "843", "Level": "4", "UserID": "S-1-5-18"}
{"EventID": "108", "Channel": "Microsoft-Windows-AppReadiness/Operational", "Provider_Name": "Microsoft-Windows-AppReadiness", "Computer": "DESKTOP-OFJ6N53", "TimeCreated": "2024-12-11 15:06:39.767208+00:00", "RecordID": "844", "Level": "4", "UserID": "S-1-5-18", "EventData.Source": "1"}
{"EventID": "108", "Channel": "Microsoft-Windows-AppReadiness/Operational", "Provider_Name": "Microsoft-Windows-AppReadiness", "Computer": "DESKTOP-OFJ6N53", "TimeCreated": "2024-12-11 15:06:43.727943+00:00", "RecordID": "845", "Level": "4", "UserID": "S-1-5-18", "EventData.Source": "1"}
{"EventID": "108", "Channel": "Microsoft-Windows-AppReadiness/Operational", "Provider_Name": "Microsoft-Windows-AppReadiness", "Computer": "DESKTOP-OFJ6N53", "TimeCreated": "2024-12-11 15:06:47.815535+00:00", "RecordID": "846", "Level": "4", "UserID": "S-1-5-18", "EventData.Source": "1"}
{"EventID": "106", "Channel": "Microsoft-Windows-AppReadiness/Operational", "Provider_Name": "Microsoft-Windows-AppReadiness", "Computer": "DESKTOP-OFJ6N53", "TimeCreated": "2024-12-11 15:07:06.989853+00:00", "RecordID": "847", "Level": "4", "UserID": "S-1-5-18", "EventData.User": "S-1-5-21-963789628-1060504924-4285088085-1001"}
{"EventID": "217", "Channel": "Microsoft-Windows-AppReadiness/Operational", "Provider_Name": "Microsoft-Windows-AppReadiness", "Computer": "DESKTOP-OFJ6N53", "TimeCreated": "2024-12-11 15:07:48.336012+00:00", "RecordID": "848", "Level": "4", "UserID": "S-1-5-18", "EventData.User": "S-1-5-21-963789628-1060504924-4285088085-1001"}
{"EventID": "105", "Channel": "Microsoft-Windows-AppReadiness/Operational", "Provider_Name": "Microsoft-Windows-AppReadiness", "Computer": "DESKTOP-OFJ6N53", "TimeCreated": "2024-12-11 15:09:09.729431+00:00", "RecordID": "849", "Level": "4", "UserID": "S-1-5-18", "EventData.IsIdle": "True", "EventData.Reason": "None"}
{"EventID": "103", "Channel": "Microsoft-Windows-AppReadiness/Operational", "Provider_Name": "Microsoft-Windows-AppReadiness", "Computer": "DESKTOP-OFJ6N53", "TimeCreated": "2024-12-11 15:09:09.745235+00:00", "RecordID": "850", "Level": "4", "UserID": "S-1-5-18"}
{"EventID": "217", "Channel": "Microsoft-Windows-AppReadiness/Operational", "Provider_Name": "Microsoft-Windows-AppReadiness", "Computer": "DESKTOP-OFJ6N53", "TimeCreated": "2024-12-23 14:11:02.626959+00:00", "RecordID": "851", "Level": "4", "UserID": "S-1-5-18", "EventData.User": "S-1-5-21-963789628-1060504924-4285088085-1001"}
{"EventID": "105", "Channel": "Microsoft-Windows-AppReadiness/Operational", "Provider_Name": "Microsoft-Windows-AppReadiness", "Computer": "DESKTOP-OFJ6N53", "TimeCreated": "2024-12-23 14:12:52.632187+00:00", "RecordID": "852", "Level": "4", "UserID": "S-1-5-18", "EventData.IsIdle": "True", "EventData.Reason": "None"}
{"EventID": "103", "Channel": "Microsoft-Windows-AppReadiness/Operational", "Provider_Name": "Microsoft-Windows-AppReadiness", "Computer": "DESKTOP-OFJ6N53", "TimeCreated": "2024-12-23 14:12:52.647560+00:00", "RecordID": "853", "Level": "4", "UserID": "S-1-5-18"}
{"EventID": "108", "Channel": "Microsoft-Windows-AppReadiness/Operational", "Provider_Name": "Microsoft-Windows-AppReadiness", "Computer": "DESKTOP-OFJ6N53", "TimeCreated": "2025-01-12 21:36:44.785280+00:00", "RecordID": "854", "Level": "4", "UserID": "S-1-5-18", "EventData.Source": "2"}
{"EventID": "105", "Channel": "Microsoft-Windows-AppReadiness/Operational", "Provider_Name": "Microsoft-Windows-AppReadiness", "Computer": "DESKTOP-OFJ6N53", "TimeCreated": "2025-01-12 21:39:14.757681+00:00", "RecordID": "855", "Level": "4", "UserID": "S-1-5-18", "EventData.IsIdle": "True", "EventData.Reason": "None"}
{"EventID": "103", "Channel": "Microsoft-Windows-AppReadiness/Operational", "Provider_Name": "Microsoft-Windows-AppReadiness", "Computer": "DESKTOP-OFJ6N53", "TimeCreated": "2025-01-12 21:39:14.773672+00:00", "RecordID": "856", "Level": "4", "UserID": "S-1-5-18"}
{"EventID": "217", "Channel": "Microsoft-Windows-AppReadiness/Operational", "Provider_Name": "Microsoft-Windows-AppReadiness", "Computer": "DESKTOP-OFJ6N53", "TimeCreated": "2025-01-14 23:26:58.167383+00:00", "RecordID": "857", "Level": "4", "UserID": "S-1-5-18", "EventData.User": "S-1-5-21-963789628-1060504924-4285088085-1001"}
{"EventID": "105", "Channel": "Microsoft-Windows-AppReadiness/Operational", "Provider_Name": "Microsoft-Windows-AppReadiness", "Computer": "DESKTOP-OFJ6N53", "TimeCreated": "2025-01-14 23:28:51.762592+00:00", "RecordID": "858", "Level": "4", "UserID": "S-1-5-18", "EventData.IsIdle": "True", "EventData.Reason": "None"}
{"EventID": "103", "Channel": "Microsoft-Windows-AppReadiness/Operational", "Provider_Name": "Microsoft-Windows-AppReadiness", "Computer": "DESKTOP-OFJ6N53", "TimeCreated": "2025-01-14 23:28:51.778313+00:00", "RecordID": "859", "Level": "4", "UserID": "S-1-5-18"}
{"EventID": "217", "Channel": "Microsoft-Windows-AppReadiness/Operational", "Provider_Name": "Microsoft-Windows-AppReadiness", "Computer": "DESKTOP-OFJ6N53", "TimeCreated": "2025-01-24 12:04:12.452662+00:00", "RecordID": "860", "Level": "4", "UserID": "S-1-5-18", "EventData.User": "S-1-5-21-963789628-1060504924-4285088085-1001"}
{"EventID": "105", "Channel": "Microsoft-Windows-AppReadiness/Operational", "Provider_Name": "Microsoft-Windows-AppReadiness", "Computer": "DESKTOP-OFJ6N53", "TimeCreated": "2025-01-24 12:06:05.626375+00:00", "RecordID": "861", "Level": "4", "UserID": "S-1-5-18", "EventData.IsIdle": "True", "EventData.Reason": "None"}
{"EventID": "103", "Channel": "Microsoft-Windows-AppReadiness/Operational", "Provider_Name": "Microsoft-Windows-AppReadiness", "Computer": "DESKTOP-OFJ6N53", "TimeCreated": "2025-01-24 12:06:05.645912+00:00", "RecordID": "862", "Level": "4", "UserID": "S-1-5-18"}
{"EventID": "108", "Channel": "Microsoft-Windows-AppReadiness/Operational", "Provider_Name": "Microsoft-Windows-AppReadiness", "Computer": "DESKTOP-OFJ6N53", "TimeCreated": "2025-01-26 16:36:42.669603+00:00", "RecordID": "863", "Level": "4", "UserID": "S-1-5-18", "EventData.Source": "2"}
{"EventID": "105", "Channel": "Microsoft-Windows-AppReadiness/Operational", "Provider_Name": "Microsoft-Windows-AppReadiness", "Computer": "DESKTOP-OFJ6N53", "TimeCreated": "2025-01-26 16:39:12.654070+00:00", "RecordID": "864", "Level": "4", "UserID": "S-1-5-18", "EventData.IsIdle": "True", "EventData.Reason": "None"}
{"EventID": "103", "Channel": "Microsoft-Windows-AppReadiness/Operational", "Provider_Name": "Microsoft-Windows-AppReadiness", "Computer": "DESKTOP-OFJ6N53", "TimeCreated": "2025-01-26 16:39:12.669851+00:00", "RecordID": "865", "Level": "4", "UserID": "S-1-5-18"}
{"EventID": "217", "Channel": "Microsoft-Windows-AppReadiness/Operational", "Provider_Name": "Microsoft-Windows-AppReadiness", "Computer": "DESKTOP-OFJ6N53", "TimeCreated": "2025-02-05 14:02:49.270786+00:00", "RecordID": "866", "Level": "4", "UserID": "S-1-5-18", "EventData.User": "S-1-5-21-963789628-1060504924-4285088085-1001"}
{"EventID": "105", "Channel": "Microsoft-Windows-AppReadiness/Operational", "Provider_Name": "Microsoft-Windows-AppReadiness", "Computer": "DESKTOP-OFJ6N53", "TimeCreated": "2025-02-05 14:04:44.440586+00:00", "RecordID": "867", "Level": "4", "UserID": "S-1-5-18", "EventData.IsIdle": "True", "EventData.Reason": "None"}
{"EventID": "103", "Channel": "Microsoft-Windows-AppReadiness/Operational", "Provider_Name": "Microsoft-Windows-AppReadiness", "Computer": "DESKTOP-OFJ6N53", "TimeCreated": "2025-02-05 14:04:44.455452+00:00", "RecordID": "868", "Level": "4", "UserID": "S-1-5-18"}
{"EventID": "108", "Channel": "Microsoft-Windows-AppReadiness/Operational", "Provider_Name": "Microsoft-Windows-AppReadiness", "Computer": "DESKTOP-OFJ6N53", "TimeCreated": "2025-02-12 14:55:07.848152+00:00", "RecordID": "869", "Level": "4", "UserID": "S-1-5-18", "EventData.Source": "1"}
{"EventID": "108", "Channel": "Microsoft-Windows-AppReadiness/Operational", "Provider_Name": "Microsoft-Windows-AppReadiness", "Computer": "DESKTOP-OFJ6N53", "TimeCreated": "2025-02-12 14:55:10.704935+00:00", "RecordID": "870", "Level": "4", "UserID": "S-1-5-18", "EventData.Source": "1"}
{"EventID": "106", "Channel": "Microsoft-Windows-AppReadiness/Operational", "Provider_Name": "Microsoft-Windows-AppReadiness", "Computer": "DESKTOP-OFJ6N53", "TimeCreated": "2025-02-12 14:55:28.596149+00:00", "RecordID": "871", "Level": "4", "UserID": "S-1-5-18", "EventData.User": "S-1-5-21-963789628-1060504924-4285088085-1001"}
{"EventID": "217", "Channel": "Microsoft-Windows-AppReadiness/Operational", "Provider_Name": "Microsoft-Windows-AppReadiness", "Computer": "DESKTOP-OFJ6N53", "TimeCreated": "2025-02-12 14:56:10.331434+00:00", "RecordID": "872", "Level": "4", "UserID": "S-1-5-18", "EventData.User": "S-1-5-21-963789628-1060504924-4285088085-1001"}
{"EventID": "105", "Channel": "Microsoft-Windows-AppReadiness/Operational", "Provider_Name": "Microsoft-Windows-AppReadiness", "Computer": "DESKTOP-OFJ6N53", "TimeCreated": "2025-02-12 14:57:37.824133+00:00", "RecordID": "873", "Level": "4", "UserID": "S-1-5-18", "EventData.IsIdle": "True", "EventData.Reason": "None"}
{"EventID": "103", "Channel": "Microsoft-Windows-AppReadiness/Operational", "Provider_Name": "Microsoft-Windows-AppReadiness", "Computer": "DESKTOP-OFJ6N53", "TimeCreated": "2025-02-12 14:57:37.839672+00:00", "RecordID": "874", "Level": "4", "UserID": "S-1-5-18"}
{"EventID": "108", "Channel": "Microsoft-Windows-AppReadiness/Operational", "Provider_Name": "Microsoft-Windows-AppReadiness", "Computer": "DESKTOP-OFJ6N53", "TimeCreated": "2025-02-12 15:10:37.560587+00:00", "RecordID": "875", "Level": "4", "UserID": "S-1-5-18", "EventData.Source": "2"}
{"EventID": "105", "Channel": "Microsoft-Windows-AppReadiness/Operational", "Provider_Name": "Microsoft-Windows-AppReadiness", "Computer": "DESKTOP-OFJ6N53", "TimeCreated": "2025-02-12 15:13:07.541851+00:00", "RecordID": "876", "Level": "4", "UserID": "S-1-5-18", "EventData.IsIdle": "True", "EventData.Reason": "None"}
{"EventID": "103", "Channel": "Microsoft-Windows-AppReadiness/Operational", "Provider_Name": "Microsoft-Windows-AppReadiness", "Computer": "DESKTOP-OFJ6N53", "TimeCreated": "2025-02-12 15:13:07.557581+00:00", "RecordID": "877", "Level": "4", "UserID": "S-1-5-18"}
{"EventID": "217", "Channel": "Microsoft-Windows-AppReadiness/Operational", "Provider_Name": "Microsoft-Windows-AppReadiness", "Computer": "DESKTOP-OFJ6N53", "TimeCreated": "2025-03-07 15:06:01.164566+00:00", "RecordID": "878", "Level": "4", "UserID": "S-1-5-18", "EventData.User": "S-1-5-21-963789628-1060504924-4285088085-1001"}
{"EventID": "105", "Channel": "Microsoft-Windows-AppReadiness/Operational", "Provider_Name": "Microsoft-Windows-AppReadiness", "Computer": "DESKTOP-OFJ6N53", "TimeCreated": "2025-03-07 15:07:39.051197+00:00", "RecordID": "879", "Level": "4", "UserID": "S-1-5-18", "EventData.IsIdle": "False", "EventData.Reason": "S-1-5-21-963789628-1060504924-4285088085-1001"}
{"EventID": "105", "Channel": "Microsoft-Windows-AppReadiness/Operational", "Provider_Name": "Microsoft-Windows-AppReadiness", "Computer": "DESKTOP-OFJ6N53", "TimeCreated": "2025-03-07 15:10:09.062992+00:00", "RecordID": "880", "Level": "4", "UserID": "S-1-5-18", "EventData.IsIdle": "False", "EventData.Reason": "S-1-5-21-963789628-1060504924-4285088085-1001"}
{"EventID": "105", "Channel": "Microsoft-Windows-AppReadiness/Operational", "Provider_Name": "Microsoft-Windows-AppReadiness", "Computer": "DESKTOP-OFJ6N53", "TimeCreated": "2025-03-07 15:12:39.067974+00:00", "RecordID": "881", "Level": "4", "UserID": "S-1-5-18", "EventData.IsIdle": "False", "EventData.Reason": "S-1-5-21-963789628-1060504924-4285088085-1001"}
{"EventID": "105", "Channel": "Microsoft-Windows-AppReadiness/Operational", "Provider_Name": "Microsoft-Windows-AppReadiness", "Computer": "DESKTOP-OFJ6N53", "TimeCreated": "2025-03-07 15:15:09.082819+00:00", "RecordID": "882", "Level": "4", "UserID": "S-1-5-18", "EventData.IsIdle": "False", "EventData.Reason": "S-1-5-21-963789628-1060504924-4285088085-1001"}
{"EventID": "105", "Channel": "Microsoft-Windows-AppReadiness/Operational", "Provider_Name": "Microsoft-Windows-AppReadiness", "Computer": "DESKTOP-OFJ6N53", "TimeCreated": "2025-03-07 15:17:39.092703+00:00", "RecordID": "883", "Level": "4", "UserID": "S-1-5-18", "EventData.IsIdle": "False", "EventData.Reason": "S-1-5-21-963789628-1060504924-4285088085-1001"}
{"EventID": "105", "Channel": "Microsoft-Windows-AppReadiness/Operational", "Provider_Name": "Microsoft-Windows-AppReadiness", "Computer": "DESKTOP-OFJ6N53", "TimeCreated": "2025-03-07 15:20:09.105141+00:00", "RecordID": "884", "Level": "4", "UserID": "S-1-5-18", "EventData.IsIdle": "False", "EventData.Reason": "S-1-5-21-963789628-1060504924-4285088085-1001"}
{"EventID": "105", "Channel": "Microsoft-Windows-AppReadiness/Operational", "Provider_Name": "Microsoft-Windows-AppReadiness", "Computer": "DESKTOP-OFJ6N53", "TimeCreated": "2025-03-07 15:22:39.113361+00:00", "RecordID": "885", "Level": "4", "UserID": "S-1-5-18", "EventData.IsIdle": "False", "EventData.Reason": "S-1-5-21-963789628-1060504924-4285088085-1001"}
{"EventID": "105", "Channel": "Microsoft-Windows-AppReadiness/Operational", "Provider_Name": "Microsoft-Windows-AppReadiness", "Computer": "DESKTOP-OFJ6N53", "TimeCreated": "2025-03-07 15:25:09.123987+00:00", "RecordID": "886", "Level": "4", "UserID": "S-1-5-18", "EventData.IsIdle": "False", "EventData.Reason": "S-1-5-21-963789628-1060504924-4285088085-1001"}
{"EventID": "105", "Channel": "Microsoft-Windows-AppReadiness/Operational", "Provider_Name": "Microsoft-Windows-AppReadiness", "Computer": "DESKTOP-OFJ6N53", "TimeCreated": "2025-03-07 15:27:39.124302+00:00", "RecordID": "887", "Level": "4", "UserID": "S-1-5-18", "EventData.IsIdle": "False", "EventData.Reason": "S-1-5-21-963789628-1060504924-4285088085-1001"}
{"EventID": "105", "Channel": "Microsoft-Windows-AppReadiness/Operational", "Provider_Name": "Microsoft-Windows-AppReadiness", "Computer": "DESKTOP-OFJ6N53", "TimeCreated": "2025-03-07 15:30:09.420010+00:00", "RecordID": "888", "Level": "4", "UserID": "S-1-5-18", "EventData.IsIdle": "True", "EventData.Reason": "None"}
{"EventID": "103", "Channel": "Microsoft-Windows-AppReadiness/Operational", "Provider_Name": "Microsoft-Windows-AppReadiness", "Computer": "DESKTOP-OFJ6N53", "TimeCreated": "2025-03-07 15:30:09.485395+00:00", "RecordID": "889", "Level": "4", "UserID": "S-1-5-18"}
{"EventID": "108", "Channel": "Microsoft-Windows-AppReadiness/Operational", "Provider_Name": "Microsoft-Windows-AppReadiness", "Computer": "DESKTOP-OFJ6N53", "TimeCreated": "2025-03-08 13:44:08.042994+00:00", "RecordID": "890", "Level": "4", "UserID": "S-1-5-18", "EventData.Source": "2"}
{"EventID": "105", "Channel": "Microsoft-Windows-AppReadiness/Operational", "Provider_Name": "Microsoft-Windows-AppReadiness", "Computer": "DESKTOP-OFJ6N53", "TimeCreated": "2025-03-08 13:46:37.922230+00:00", "RecordID": "891", "Level": "4", "UserID": "S-1-5-18", "EventData.IsIdle": "True", "EventData.Reason": "None"}
{"EventID": "103", "Channel": "Microsoft-Windows-AppReadiness/Operational", "Provider_Name": "Microsoft-Windows-AppReadiness", "Computer": "DESKTOP-OFJ6N53", "TimeCreated": "2025-03-08 13:46:37.938484+00:00", "RecordID": "892", "Level": "4", "UserID": "S-1-5-18"}
{"EventID": "108", "Channel": "Microsoft-Windows-AppReadiness/Operational", "Provider_Name": "Microsoft-Windows-AppReadiness", "Computer": "DESKTOP-OFJ6N53", "TimeCreated": "2025-03-11 20:19:10.505095+00:00", "RecordID": "893", "Level": "4", "UserID": "S-1-5-18", "EventData.Source": "1"}
{"EventID": "106", "Channel": "Microsoft-Windows-AppReadiness/Operational", "Provider_Name": "Microsoft-Windows-AppReadiness", "Computer": "DESKTOP-OFJ6N53", "TimeCreated": "2025-03-11 20:20:15.486868+00:00", "RecordID": "894", "Level": "4", "UserID": "S-1-5-18", "EventData.User": "S-1-5-21-963789628-1060504924-4285088085-1001"}
{"EventID": "217", "Channel": "Microsoft-Windows-AppReadiness/Operational", "Provider_Name": "Microsoft-Windows-AppReadiness", "Computer": "DESKTOP-OFJ6N53", "TimeCreated": "2025-03-11 20:21:33.727961+00:00", "RecordID": "895", "Level": "4", "UserID": "S-1-5-18", "EventData.User": "S-1-5-21-963789628-1060504924-4285088085-1001"}
{"EventID": "105", "Channel": "Microsoft-Windows-AppReadiness/Operational", "Provider_Name": "Microsoft-Windows-AppReadiness", "Computer": "DESKTOP-OFJ6N53", "TimeCreated": "2025-03-11 20:21:40.464752+00:00", "RecordID": "896", "Level": "4", "UserID": "S-1-5-18", "EventData.IsIdle": "False", "EventData.Reason": "S-1-5-21-963789628-1060504924-4285088085-1001"}
{"EventID": "105", "Channel": "Microsoft-Windows-AppReadiness/Operational", "Provider_Name": "Microsoft-Windows-AppReadiness", "Computer": "DESKTOP-OFJ6N53", "TimeCreated": "2025-03-11 20:24:10.522102+00:00", "RecordID": "897", "Level": "4", "UserID": "S-1-5-18", "EventData.IsIdle": "True", "EventData.Reason": "None"}
{"EventID": "103", "Channel": "Microsoft-Windows-AppReadiness/Operational", "Provider_Name": "Microsoft-Windows-AppReadiness", "Computer": "DESKTOP-OFJ6N53", "TimeCreated": "2025-03-11 20:24:10.536901+00:00", "RecordID": "898", "Level": "4", "UserID": "S-1-5-18"}
{"EventID": "217", "Channel": "Microsoft-Windows-AppReadiness/Operational", "Provider_Name": "Microsoft-Windows-AppReadiness", "Computer": "DESKTOP-OFJ6N53", "TimeCreated": "2025-04-01 16:04:29.838221+00:00", "RecordID": "899", "Level": "4", "UserID": "S-1-5-18", "EventData.User": "S-1-5-21-963789628-1060504924-4285088085-1001"}
{"EventID": "105", "Channel": "Microsoft-Windows-AppReadiness/Operational", "Provider_Name": "Microsoft-Windows-AppReadiness", "Computer": "DESKTOP-OFJ6N53", "TimeCreated": "2025-04-01 16:06:20.956802+00:00", "RecordID": "900", "Level": "4", "UserID": "S-1-5-18", "EventData.IsIdle": "True", "EventData.Reason": "None"}
{"EventID": "103", "Channel": "Microsoft-Windows-AppReadiness/Operational", "Provider_Name": "Microsoft-Windows-AppReadiness", "Computer": "DESKTOP-OFJ6N53", "TimeCreated": "2025-04-01 16:06:20.973083+00:00", "RecordID": "901", "Level": "4", "UserID": "S-1-5-18"}
{"EventID": "108", "Channel": "Microsoft-Windows-AppReadiness/Operational", "Provider_Name": "Microsoft-Windows-AppReadiness", "Computer": "DESKTOP-OFJ6N53", "TimeCreated": "2025-04-09 14:36:49.800804+00:00", "RecordID": "902", "Level": "4", "UserID": "S-1-5-18", "EventData.Source": "1"}
{"EventID": "105", "Channel": "Microsoft-Windows-AppReadiness/Operational", "Provider_Name": "Microsoft-Windows-AppReadiness", "Computer": "DESKTOP-OFJ6N53", "TimeCreated": "2025-04-09 14:39:19.776295+00:00", "RecordID": "903", "Level": "4", "UserID": "S-1-5-18", "EventData.IsIdle": "True", "EventData.Reason": "None"}
{"EventID": "103", "Channel": "Microsoft-Windows-AppReadiness/Operational", "Provider_Name": "Microsoft-Windows-AppReadiness", "Computer": "DESKTOP-OFJ6N53", "TimeCreated": "2025-04-09 14:39:19.792799+00:00", "RecordID": "904", "Level": "4", "UserID": "S-1-5-18"}
{"EventID": "217", "Channel": "Microsoft-Windows-AppReadiness/Operational", "Provider_Name": "Microsoft-Windows-AppReadiness", "Computer": "DESKTOP-OFJ6N53", "TimeCreated": "2025-04-10 05:53:48.949371+00:00", "RecordID": "905", "Level": "4", "UserID": "S-1-5-18", "EventData.User": "S-1-5-21-963789628-1060504924-4285088085-1001"}
{"EventID": "105", "Channel": "Microsoft-Windows-AppReadiness/Operational", "Provider_Name": "Microsoft-Windows-AppReadiness", "Computer": "DESKTOP-OFJ6N53", "TimeCreated": "2025-04-10 05:55:40.665651+00:00", "RecordID": "906", "Level": "4", "UserID": "S-1-5-18", "EventData.IsIdle": "True", "EventData.Reason": "None"}
{"EventID": "103", "Channel": "Microsoft-Windows-AppReadiness/Operational", "Provider_Name": "Microsoft-Windows-AppReadiness", "Computer": "DESKTOP-OFJ6N53", "TimeCreated": "2025-04-10 05:55:40.690311+00:00", "RecordID": "907", "Level": "4", "UserID": "S-1-5-18"}
{"EventID": "108", "Channel": "Microsoft-Windows-AppReadiness/Operational", "Provider_Name": "Microsoft-Windows-AppReadiness", "Computer": "DESKTOP-OFJ6N53", "TimeCreated": "2025-04-10 23:54:08.085657+00:00", "RecordID": "908", "Level": "4", "UserID": "S-1-5-18", "EventData.Source": "2"}
{"EventID": "105", "Channel": "Microsoft-Windows-AppReadiness/Operational", "Provider_Name": "Microsoft-Windows-AppReadiness", "Computer": "DESKTOP-OFJ6N53", "TimeCreated": "2025-04-10 23:56:38.054508+00:00", "RecordID": "909", "Level": "4", "UserID": "S-1-5-18", "EventData.IsIdle": "True", "EventData.Reason": "None"}
{"EventID": "103", "Channel": "Microsoft-Windows-AppReadiness/Operational", "Provider_Name": "Microsoft-Windows-AppReadiness", "Computer": "DESKTOP-OFJ6N53", "TimeCreated": "2025-04-10 23:56:38.080925+00:00", "RecordID": "910", "Level": "4", "UserID": "S-1-5-18"}
{"EventID": "108", "Channel": "Microsoft-Windows-AppReadiness/Operational", "Provider_Name": "Microsoft-Windows-AppReadiness", "Computer": "DESKTOP-OFJ6N53", "TimeCreated": "2025-04-13 12:48:29.036839+00:00", "RecordID": "911", "Level": "4", "UserID": "S-1-5-18", "EventData.Source": "2"}
{"EventID": "105", "Channel": "Microsoft-Windows-AppReadiness/Operational", "Provider_Name": "Microsoft-Windows-AppReadiness", "Computer": "DESKTOP-OFJ6N53", "TimeCreated": "2025-04-13 12:50:59.007109+00:00", "RecordID": "912", "Level": "4", "UserID": "S-1-5-18", "EventData.IsIdle": "True", "EventData.Reason": "None"}
{"EventID": "103", "Channel": "Microsoft-Windows-AppReadiness/Operational", "Provider_Name": "Microsoft-Windows-AppReadiness", "Computer": "DESKTOP-OFJ6N53", "TimeCreated": "2025-04-13 12:50:59.034845+00:00", "RecordID": "913", "Level": "4", "UserID": "S-1-5-18"}
{"EventID": "108", "Channel": "Microsoft-Windows-AppReadiness/Operational", "Provider_Name": "Microsoft-Windows-AppReadiness", "Computer": "DESKTOP-OFJ6N53", "TimeCreated": "2025-04-19 08:48:41.491112+00:00", "RecordID": "914", "Level": "4", "UserID": "S-1-5-18", "EventData.Source": "2"}
{"EventID": "105", "Channel": "Microsoft-Windows-AppReadiness/Operational", "Provider_Name": "Microsoft-Windows-AppReadiness", "Computer": "DESKTOP-OFJ6N53", "TimeCreated": "2025-04-19 08:51:11.468399+00:00", "RecordID": "915", "Level": "4", "UserID": "S-1-5-18", "EventData.IsIdle": "True", "EventData.Reason": "None"}
{"EventID": "103", "Channel": "Microsoft-Windows-AppReadiness/Operational", "Provider_Name": "Microsoft-Windows-AppReadiness", "Computer": "DESKTOP-OFJ6N53", "TimeCreated": "2025-04-19 08:51:11.494841+00:00", "RecordID": "916", "Level": "4", "UserID": "S-1-5-18"}
{"EventID": "217", "Channel": "Microsoft-Windows-AppReadiness/Operational", "Provider_Name": "Microsoft-Windows-AppReadiness", "Computer": "DESKTOP-OFJ6N53", "TimeCreated": "2025-04-24 11:02:41.963881+00:00", "RecordID": "917", "Level": "4", "UserID": "S-1-5-18", "EventData.User": "S-1-5-21-963789628-1060504924-4285088085-1001"}
{"EventID": "105", "Channel": "Microsoft-Windows-AppReadiness/Operational", "Provider_Name": "Microsoft-Windows-AppReadiness", "Computer": "DESKTOP-OFJ6N53", "TimeCreated": "2025-04-24 11:04:36.638063+00:00", "RecordID": "918", "Level": "4", "UserID": "S-1-5-18", "EventData.IsIdle": "True", "EventData.Reason": "None"}
{"EventID": "103", "Channel": "Microsoft-Windows-AppReadiness/Operational", "Provider_Name": "Microsoft-Windows-AppReadiness", "Computer": "DESKTOP-OFJ6N53", "TimeCreated": "2025-04-24 11:04:36.662472+00:00", "RecordID": "919", "Level": "4", "UserID": "S-1-5-18"}
{"EventID": "108", "Channel": "Microsoft-Windows-AppReadiness/Operational", "Provider_Name": "Microsoft-Windows-AppReadiness", "Computer": "DESKTOP-OFJ6N53", "TimeCreated": "2025-05-14 14:43:26.576435+00:00", "RecordID": "920", "Level": "4", "UserID": "S-1-5-18", "EventData.Source": "1"}
{"EventID": "105", "Channel": "Microsoft-Windows-AppReadiness/Operational", "Provider_Name": "Microsoft-Windows-AppReadiness", "Computer": "DESKTOP-OFJ6N53", "TimeCreated": "2025-05-14 14:45:56.496370+00:00", "RecordID": "921", "Level": "4", "UserID": "S-1-5-18", "EventData.IsIdle": "True", "EventData.Reason": "None"}
{"EventID": "103", "Channel": "Microsoft-Windows-AppReadiness/Operational", "Provider_Name": "Microsoft-Windows-AppReadiness", "Computer": "DESKTOP-OFJ6N53", "TimeCreated": "2025-05-14 14:45:56.567743+00:00", "RecordID": "922", "Level": "4", "UserID": "S-1-5-18"}
{"EventID": "217", "Channel": "Microsoft-Windows-AppReadiness/Operational", "Provider_Name": "Microsoft-Windows-AppReadiness", "Computer": "DESKTOP-OFJ6N53", "TimeCreated": "2025-05-21 14:12:10.342876+00:00", "RecordID": "923", "Level": "4", "UserID": "S-1-5-18", "EventData.User": "S-1-5-21-963789628-1060504924-4285088085-1001"}
{"EventID": "105", "Channel": "Microsoft-Windows-AppReadiness/Operational", "Provider_Name": "Microsoft-Windows-AppReadiness", "Computer": "DESKTOP-OFJ6N53", "TimeCreated": "2025-05-21 14:13:58.077148+00:00", "RecordID": "924", "Level": "4", "UserID": "S-1-5-18", "EventData.IsIdle": "False", "EventData.Reason": "ExternalObjects"}
{"EventID": "105", "Channel": "Microsoft-Windows-AppReadiness/Operational", "Provider_Name": "Microsoft-Windows-AppReadiness", "Computer": "DESKTOP-OFJ6N53", "TimeCreated": "2025-05-21 14:16:28.085646+00:00", "RecordID": "925", "Level": "4", "UserID": "S-1-5-18", "EventData.IsIdle": "True", "EventData.Reason": "None"}
{"EventID": "103", "Channel": "Microsoft-Windows-AppReadiness/Operational", "Provider_Name": "Microsoft-Windows-AppReadiness", "Computer": "DESKTOP-OFJ6N53", "TimeCreated": "2025-05-21 14:16:28.101313+00:00", "RecordID": "926", "Level": "4", "UserID": "S-1-5-18"}
{"EventID": "108", "Channel": "Microsoft-Windows-AppReadiness/Operational", "Provider_Name": "Microsoft-Windows-AppReadiness", "Computer": "DESKTOP-OFJ6N53", "TimeCreated": "2025-05-25 14:05:38.749674+00:00", "RecordID": "927", "Level": "4", "UserID": "S-1-5-18", "EventData.Source": "2"}
{"EventID": "105", "Channel": "Microsoft-Windows-AppReadiness/Operational", "Provider_Name": "Microsoft-Windows-AppReadiness", "Computer": "DESKTOP-OFJ6N53", "TimeCreated": "2025-05-25 14:08:08.699163+00:00", "RecordID": "928", "Level": "4", "UserID": "S-1-5-18", "EventData.IsIdle": "True", "EventData.Reason": "None"}
{"EventID": "103", "Channel": "Microsoft-Windows-AppReadiness/Operational", "Provider_Name": "Microsoft-Windows-AppReadiness", "Computer": "DESKTOP-OFJ6N53", "TimeCreated": "2025-05-25 14:08:08.715359+00:00", "RecordID": "929", "Level": "4", "UserID": "S-1-5-18"}
{"EventID": "108", "Channel": "Microsoft-Windows-AppReadiness/Operational", "Provider_Name": "Microsoft-Windows-AppReadiness", "Computer": "DESKTOP-OFJ6N53", "TimeCreated": "2025-06-05 13:05:53.769392+00:00", "RecordID": "930", "Level": "4", "UserID": "S-1-5-18", "EventData.Source": "2"}
{"EventID": "108", "Channel": "Microsoft-Windows-AppReadiness/Operational", "Provider_Name": "Microsoft-Windows-AppReadiness", "Computer": "DESKTOP-OFJ6N53", "TimeCreated": "2025-06-05 13:05:53.786951+00:00", "RecordID": "931", "Level": "4", "UserID": "S-1-5-18", "EventData.Source": "2"}
{"EventID": "105", "Channel": "Microsoft-Windows-AppReadiness/Operational", "Provider_Name": "Microsoft-Windows-AppReadiness", "Computer": "DESKTOP-OFJ6N53", "TimeCreated": "2025-06-05 13:08:23.726061+00:00", "RecordID": "932", "Level": "4", "UserID": "S-1-5-18", "EventData.IsIdle": "True", "EventData.Reason": "None"}
{"EventID": "103", "Channel": "Microsoft-Windows-AppReadiness/Operational", "Provider_Name": "Microsoft-Windows-AppReadiness", "Computer": "DESKTOP-OFJ6N53", "TimeCreated": "2025-06-05 13:08:23.741957+00:00", "RecordID": "933", "Level": "4", "UserID": "S-1-5-18"}
{"EventID": "108", "Channel": "Microsoft-Windows-AppReadiness/Operational", "Provider_Name": "Microsoft-Windows-AppReadiness", "Computer": "DESKTOP-OFJ6N53", "TimeCreated": "2025-06-08 14:04:59.342577+00:00", "RecordID": "934", "Level": "4", "UserID": "S-1-5-18", "EventData.Source": "2"}
{"EventID": "105", "Channel": "Microsoft-Windows-AppReadiness/Operational", "Provider_Name": "Microsoft-Windows-AppReadiness", "Computer": "DESKTOP-OFJ6N53", "TimeCreated": "2025-06-08 14:07:29.241684+00:00", "RecordID": "935", "Level": "4", "UserID": "S-1-5-18", "EventData.IsIdle": "True", "EventData.Reason": "None"}
{"EventID": "103", "Channel": "Microsoft-Windows-AppReadiness/Operational", "Provider_Name": "Microsoft-Windows-AppReadiness", "Computer": "DESKTOP-OFJ6N53", "TimeCreated": "2025-06-08 14:07:29.257647+00:00", "RecordID": "936", "Level": "4", "UserID": "S-1-5-18"}
{"EventID": "108", "Channel": "Microsoft-Windows-AppReadiness/Operational", "Provider_Name": "Microsoft-Windows-AppReadiness", "Computer": "DESKTOP-OFJ6N53", "TimeCreated": "2025-06-11 14:46:41.249537+00:00", "RecordID": "937", "Level": "4", "UserID": "S-1-5-18", "EventData.Source": "1"}
{"EventID": "108", "Channel": "Microsoft-Windows-AppReadiness/Operational", "Provider_Name": "Microsoft-Windows-AppReadiness", "Computer": "DESKTOP-OFJ6N53", "TimeCreated": "2025-06-11 14:46:43.393082+00:00", "RecordID": "938", "Level": "4", "UserID": "S-1-5-18", "EventData.Source": "1"}
{"EventID": "105", "Channel": "Microsoft-Windows-AppReadiness/Operational", "Provider_Name": "Microsoft-Windows-AppReadiness", "Computer": "DESKTOP-OFJ6N53", "TimeCreated": "2025-06-11 14:49:11.185255+00:00", "RecordID": "939", "Level": "4", "UserID": "S-1-5-18", "EventData.IsIdle": "True", "EventData.Reason": "None"}
{"EventID": "103", "Channel": "Microsoft-Windows-AppReadiness/Operational", "Provider_Name": "Microsoft-Windows-AppReadiness", "Computer": "DESKTOP-OFJ6N53", "TimeCreated": "2025-06-11 14:49:11.201508+00:00", "RecordID": "940", "Level": "4", "UserID": "S-1-5-18"}
{"EventID": "108", "Channel": "Microsoft-Windows-AppReadiness/Operational", "Provider_Name": "Microsoft-Windows-AppReadiness", "Computer": "DESKTOP-OFJ6N53", "TimeCreated": "2025-06-15 17:05:48.921144+00:00", "RecordID": "941", "Level": "4", "UserID": "S-1-5-18", "EventData.Source": "2"}
{"EventID": "105", "Channel": "Microsoft-Windows-AppReadiness/Operational", "Provider_Name": "Microsoft-Windows-AppReadiness", "Computer": "DESKTOP-OFJ6N53", "TimeCreated": "2025-06-15 17:08:18.713034+00:00", "RecordID": "942", "Level": "4", "UserID": "S-1-5-18", "EventData.IsIdle": "True", "EventData.Reason": "None"}
{"EventID": "103", "Channel": "Microsoft-Windows-AppReadiness/Operational", "Provider_Name": "Microsoft-Windows-AppReadiness", "Computer": "DESKTOP-OFJ6N53", "TimeCreated": "2025-06-15 17:08:18.729198+00:00", "RecordID": "943", "Level": "4", "UserID": "S-1-5-18"}
{"EventID": "217", "Channel": "Microsoft-Windows-AppReadiness/Operational", "Provider_Name": "Microsoft-Windows-AppReadiness", "Computer": "DESKTOP-OFJ6N53", "TimeCreated": "2025-06-18 13:22:25.864210+00:00", "RecordID": "944", "Level": "4", "UserID": "S-1-5-18", "EventData.User": "S-1-5-21-963789628-1060504924-4285088085-1001"}
{"EventID": "105", "Channel": "Microsoft-Windows-AppReadiness/Operational", "Provider_Name": "Microsoft-Windows-AppReadiness", "Computer": "DESKTOP-OFJ6N53", "TimeCreated": "2025-06-18 13:24:10.008598+00:00", "RecordID": "945", "Level": "4", "UserID": "S-1-5-18", "EventData.IsIdle": "True", "EventData.Reason": "None"}
{"EventID": "103", "Channel": "Microsoft-Windows-AppReadiness/Operational", "Provider_Name": "Microsoft-Windows-AppReadiness", "Computer": "DESKTOP-OFJ6N53", "TimeCreated": "2025-06-18 13:24:10.020411+00:00", "RecordID": "946", "Level": "4", "UserID": "S-1-5-18"}
{"EventID": "108", "Channel": "Microsoft-Windows-AppReadiness/Operational", "Provider_Name": "Microsoft-Windows-AppReadiness", "Computer": "DESKTOP-OFJ6N53", "TimeCreated": "2025-06-21 14:05:33.076256+00:00", "RecordID": "947", "Level": "4", "UserID": "S-1-5-18", "EventData.Source": "2"}
{"EventID": "105", "Channel": "Microsoft-Windows-AppReadiness/Operational", "Provider_Name": "Microsoft-Windows-AppReadiness", "Computer": "DESKTOP-OFJ6N53", "TimeCreated": "2025-06-21 14:08:03.061689+00:00", "RecordID": "948", "Level": "4", "UserID": "S-1-5-18", "EventData.IsIdle": "True", "EventData.Reason": "None"}
{"EventID": "103", "Channel": "Microsoft-Windows-AppReadiness/Operational", "Provider_Name": "Microsoft-Windows-AppReadiness", "Computer": "DESKTOP-OFJ6N53", "TimeCreated": "2025-06-21 14:08:03.075661+00:00", "RecordID": "949", "Level": "4", "UserID": "S-1-5-18"}
{"EventID": "108", "Channel": "Microsoft-Windows-AppReadiness/Operational", "Provider_Name": "Microsoft-Windows-AppReadiness", "Computer": "DESKTOP-OFJ6N53", "TimeCreated": "2025-07-03 07:06:24.485674+00:00", "RecordID": "950", "Level": "4", "UserID": "S-1-5-18", "EventData.Source": "2"}
{"EventID": "105", "Channel": "Microsoft-Windows-AppReadiness/Operational", "Provider_Name": "Microsoft-Windows-AppReadiness", "Computer": "DESKTOP-OFJ6N53", "TimeCreated": "2025-07-03 07:08:54.399000+00:00", "RecordID": "951", "Level": "4", "UserID": "S-1-5-18", "EventData.IsIdle": "True", "EventData.Reason": "None"}
{"EventID": "103", "Channel": "Microsoft-Windows-AppReadiness/Operational", "Provider_Name": "Microsoft-Windows-AppReadiness", "Computer": "DESKTOP-OFJ6N53", "TimeCreated": "2025-07-03 07:08:54.415285+00:00", "RecordID": "952", "Level": "4", "UserID": "S-1-5-18"}
{"EventID": "217", "Channel": "Microsoft-Windows-AppReadiness/Operational", "Provider_Name": "Microsoft-Windows-AppReadiness", "Computer": "DESKTOP-OFJ6N53", "TimeCreated": "2025-07-07 13:12:40.604092+00:00", "RecordID": "953", "Level": "4", "UserID": "S-1-5-18", "EventData.User": "S-1-5-21-963789628-1060504924-4285088085-1001"}
{"EventID": "105", "Channel": "Microsoft-Windows-AppReadiness/Operational", "Provider_Name": "Microsoft-Windows-AppReadiness", "Computer": "DESKTOP-OFJ6N53", "TimeCreated": "2025-07-07 13:14:34.822845+00:00", "RecordID": "954", "Level": "4", "UserID": "S-1-5-18", "EventData.IsIdle": "False", "EventData.Reason": "S-1-5-21-963789628-1060504924-4285088085-1001"}
{"EventID": "105", "Channel": "Microsoft-Windows-AppReadiness/Operational", "Provider_Name": "Microsoft-Windows-AppReadiness", "Computer": "DESKTOP-OFJ6N53", "TimeCreated": "2025-07-07 13:17:04.829643+00:00", "RecordID": "955", "Level": "4", "UserID": "S-1-5-18", "EventData.IsIdle": "True", "EventData.Reason": "None"}
{"EventID": "103", "Channel": "Microsoft-Windows-AppReadiness/Operational", "Provider_Name": "Microsoft-Windows-AppReadiness", "Computer": "DESKTOP-OFJ6N53", "TimeCreated": "2025-07-07 13:17:04.846025+00:00", "RecordID": "956", "Level": "4", "UserID": "S-1-5-18"}
{"EventID": "108", "Channel": "Microsoft-Windows-AppReadiness/Operational", "Provider_Name": "Microsoft-Windows-AppReadiness", "Computer": "DESKTOP-OFJ6N53", "TimeCreated": "2025-07-09 14:26:11.583668+00:00", "RecordID": "957", "Level": "4", "UserID": "S-1-5-18", "EventData.Source": "2"}
{"EventID": "105", "Channel": "Microsoft-Windows-AppReadiness/Operational", "Provider_Name": "Microsoft-Windows-AppReadiness", "Computer": "DESKTOP-OFJ6N53", "TimeCreated": "2025-07-09 14:28:41.508232+00:00", "RecordID": "958", "Level": "4", "UserID": "S-1-5-18", "EventData.IsIdle": "True", "EventData.Reason": "None"}
{"EventID": "103", "Channel": "Microsoft-Windows-AppReadiness/Operational", "Provider_Name": "Microsoft-Windows-AppReadiness", "Computer": "DESKTOP-OFJ6N53", "TimeCreated": "2025-07-09 14:28:41.524332+00:00", "RecordID": "959", "Level": "4", "UserID": "S-1-5-18"}
{"EventID": "108", "Channel": "Microsoft-Windows-AppReadiness/Operational", "Provider_Name": "Microsoft-Windows-AppReadiness", "Computer": "DESKTOP-OFJ6N53", "TimeCreated": "2025-07-09 14:40:57.403658+00:00", "RecordID": "960", "Level": "4", "UserID": "S-1-5-18", "EventData.Source": "1"}
{"EventID": "105", "Channel": "Microsoft-Windows-AppReadiness/Operational", "Provider_Name": "Microsoft-Windows-AppReadiness", "Computer": "DESKTOP-OFJ6N53", "TimeCreated": "2025-07-09 14:43:27.359900+00:00", "RecordID": "961", "Level": "4", "UserID": "S-1-5-18", "EventData.IsIdle": "True", "EventData.Reason": "None"}
{"EventID": "103", "Channel": "Microsoft-Windows-AppReadiness/Operational", "Provider_Name": "Microsoft-Windows-AppReadiness", "Computer": "DESKTOP-OFJ6N53", "TimeCreated": "2025-07-09 14:43:27.376060+00:00", "RecordID": "962", "Level": "4", "UserID": "S-1-5-18"}
{"EventID": "108", "Channel": "Microsoft-Windows-AppReadiness/Operational", "Provider_Name": "Microsoft-Windows-AppReadiness", "Computer": "DESKTOP-OFJ6N53", "TimeCreated": "2025-07-12 12:05:41.297483+00:00", "RecordID": "963", "Level": "4", "UserID": "S-1-5-18", "EventData.Source": "2"}
{"EventID": "108", "Channel": "Microsoft-Windows-AppReadiness/Operational", "Provider_Name": "Microsoft-Windows-AppReadiness", "Computer": "DESKTOP-OFJ6N53", "TimeCreated": "2025-07-12 12:05:41.302322+00:00", "RecordID": "964", "Level": "4", "UserID": "S-1-5-18", "EventData.Source": "2"}
{"EventID": "105", "Channel": "Microsoft-Windows-AppReadiness/Operational", "Provider_Name": "Microsoft-Windows-AppReadiness", "Computer": "DESKTOP-OFJ6N53", "TimeCreated": "2025-07-12 12:08:11.183895+00:00", "RecordID": "965", "Level": "4", "UserID": "S-1-5-18", "EventData.IsIdle": "True", "EventData.Reason": "None"}
{"EventID": "103", "Channel": "Microsoft-Windows-AppReadiness/Operational", "Provider_Name": "Microsoft-Windows-AppReadiness", "Computer": "DESKTOP-OFJ6N53", "TimeCreated": "2025-07-12 12:08:11.231394+00:00", "RecordID": "966", "Level": "4", "UserID": "S-1-5-18"}
{"EventID": "11", "Channel": "Microsoft-Windows-AppReadiness/Operational", "Provider_Name": "Microsoft-Windows-AppReadiness", "Computer": "DESKTOP-OFJ6N53", "TimeCreated": "2025-07-14 09:52:23.557549+00:00", "RecordID": "967", "Level": "3", "UserID": "S-1-5-18", "EventData.Error": "-2147024894", "EventData.Expression": "AppxAllUserStore::MarkStatusOfMainPackageForUser(user->GetUserSid().c_str(), user->IsSpecialProfile(), &mainPackage, resultCode)", "EventData.Function": "AppReadiness::PackageInfo::MarkStatus", "EventData.File": "onecoreuap\\shell\\appreadiness\\src\\core\\packageinfo.cpp", "EventData.Line": "460"}
{"EventID": "217", "Channel": "Microsoft-Windows-AppReadiness/Operational", "Provider_Name": "Microsoft-Windows-AppReadiness", "Computer": "DESKTOP-OFJ6N53", "TimeCreated": "2025-07-14 09:52:55.234249+00:00", "RecordID": "968", "Level": "4", "UserID": "S-1-5-18", "EventData.User": "S-1-5-21-963789628-1060504924-4285088085-1001"}
{"EventID": "105", "Channel": "Microsoft-Windows-AppReadiness/Operational", "Provider_Name": "Microsoft-Windows-AppReadiness", "Computer": "DESKTOP-OFJ6N53", "TimeCreated": "2025-07-14 09:54:45.224871+00:00", "RecordID": "969", "Level": "4", "UserID": "S-1-5-18", "EventData.IsIdle": "True", "EventData.Reason": "None"}
{"EventID": "103", "Channel": "Microsoft-Windows-AppReadiness/Operational", "Provider_Name": "Microsoft-Windows-AppReadiness", "Computer": "DESKTOP-OFJ6N53", "TimeCreated": "2025-07-14 09:54:45.239651+00:00", "RecordID": "970", "Level": "4", "UserID": "S-1-5-18"}
{"EventID": "217", "Channel": "Microsoft-Windows-AppReadiness/Operational", "Provider_Name": "Microsoft-Windows-AppReadiness", "Computer": "DESKTOP-OFJ6N53", "TimeCreated": "2025-07-24 21:31:14.629847+00:00", "RecordID": "971", "Level": "4", "UserID": "S-1-5-18", "EventData.User": "S-1-5-21-963789628-1060504924-4285088085-1001"}
{"EventID": "105", "Channel": "Microsoft-Windows-AppReadiness/Operational", "Provider_Name": "Microsoft-Windows-AppReadiness", "Computer": "DESKTOP-OFJ6N53", "TimeCreated": "2025-07-24 21:33:08.713690+00:00", "RecordID": "972", "Level": "4", "UserID": "S-1-5-18", "EventData.IsIdle": "True", "EventData.Reason": "None"}
{"EventID": "103", "Channel": "Microsoft-Windows-AppReadiness/Operational", "Provider_Name": "Microsoft-Windows-AppReadiness", "Computer": "DESKTOP-OFJ6N53", "TimeCreated": "2025-07-24 21:33:08.727612+00:00", "RecordID": "973", "Level": "4", "UserID": "S-1-5-18"}
{"EventID": "108", "Channel": "Microsoft-Windows-AppReadiness/Operational", "Provider_Name": "Microsoft-Windows-AppReadiness", "Computer": "DESKTOP-OFJ6N53", "TimeCreated": "2025-07-27 06:05:57.094479+00:00", "RecordID": "974", "Level": "4", "UserID": "S-1-5-18", "EventData.Source": "2"}
{"EventID": "108", "Channel": "Microsoft-Windows-AppReadiness/Operational", "Provider_Name": "Microsoft-Windows-AppReadiness", "Computer": "DESKTOP-OFJ6N53", "TimeCreated": "2025-07-27 06:05:57.098684+00:00", "RecordID": "975", "Level": "4", "UserID": "S-1-5-18", "EventData.Source": "2"}
{"EventID": "105", "Channel": "Microsoft-Windows-AppReadiness/Operational", "Provider_Name": "Microsoft-Windows-AppReadiness", "Computer": "DESKTOP-OFJ6N53", "TimeCreated": "2025-07-27 06:08:27.048237+00:00", "RecordID": "976", "Level": "4", "UserID": "S-1-5-18", "EventData.IsIdle": "True", "EventData.Reason": "None"}
{"EventID": "103", "Channel": "Microsoft-Windows-AppReadiness/Operational", "Provider_Name": "Microsoft-Windows-AppReadiness", "Computer": "DESKTOP-OFJ6N53", "TimeCreated": "2025-07-27 06:08:27.064392+00:00", "RecordID": "977", "Level": "4", "UserID": "S-1-5-18"}
{"EventID": "217", "Channel": "Microsoft-Windows-AppReadiness/Operational", "Provider_Name": "Microsoft-Windows-AppReadiness", "Computer": "DESKTOP-OFJ6N53", "TimeCreated": "2025-07-31 08:14:37.817333+00:00", "RecordID": "978", "Level": "4", "UserID": "S-1-5-18", "EventData.User": "S-1-5-21-963789628-1060504924-4285088085-1001"}
