{"EventID": "112", "Channel": "Microsoft-Windows-DeviceSetupManager/Admin", "Provider_Name": "Microsoft-Windows-DeviceSetupManager", "Computer": "DESKTOP-OFJ6N53", "TimeCreated": "2025-08-12 12:15:30.553492+00:00", "RecordID": "57071", "Level": "4", "UserID": "S-1-5-18", "EventData.Prop_DeviceName": "VMware Virtual USB Hub", "EventData.Prop_ContainerId": "{eb3e824a-9b15-11ec-a6bd-00059a3c7a00}", "EventData.Prop_TaskCount": "4", "EventData.Prop_PropertyCount": "0", "EventData.Prop_WorkTime_MilliSeconds": "1901"}
{"EventID": "131", "Channel": "Microsoft-Windows-DeviceSetupManager/Admin", "Provider_Name": "Microsoft-Windows-DeviceSetupManager", "Computer": "DESKTOP-OFJ6N53", "TimeCreated": "2025-08-12 12:15:31.074944+00:00", "RecordID": "57072", "Level": "2", "UserID": "S-1-5-18", "EventData.Prop_ContainerId": "{2572A949-954B-11EC-A6B8-806E6F6E6963}", "EventData.HRESULT": "2147943568"}
{"EventID": "112", "Channel": "Microsoft-Windows-DeviceSetupManager/Admin", "Provider_Name": "Microsoft-Windows-DeviceSetupManager", "Computer": "DESKTOP-OFJ6N53", "TimeCreated": "2025-08-12 12:15:31.079023+00:00", "RecordID": "57073", "Level": "4", "UserID": "S-1-5-18", "EventData.Prop_DeviceName": "USB Root Hub (USB 3.0)", "EventData.Prop_ContainerId": "{2572a949-954b-11ec-a6b8-806e6f6e6963}", "EventData.Prop_TaskCount": "4", "EventData.Prop_PropertyCount": "0", "EventData.Prop_WorkTime_MilliSeconds": "1398"}
{"EventID": "131", "Channel": "Microsoft-Windows-DeviceSetupManager/Admin", "Provider_Name": "Microsoft-Windows-DeviceSetupManager", "Computer": "DESKTOP-OFJ6N53", "TimeCreated": "2025-08-12 12:15:31.936140+00:00", "RecordID": "57074", "Level": "2", "UserID": "S-1-5-18", "EventData.Prop_ContainerId": "{298580E3-E0E9-5B21-9699-52225753EF2E}", "EventData.HRESULT": "2147943568"}
{"EventID": "112", "Channel": "Microsoft-Windows-DeviceSetupManager/Admin", "Provider_Name": "Microsoft-Windows-DeviceSetupManager", "Computer": "DESKTOP-OFJ6N53", "TimeCreated": "2025-08-12 12:15:31.937515+00:00", "RecordID": "57075", "Level": "4", "UserID": "S-1-5-18", "EventData.Prop_DeviceName": "Generic Non-PnP Monitor", "EventData.Prop_ContainerId": "{298580e3-e0e9-5b21-9699-52225753ef2e}", "EventData.Prop_TaskCount": "4", "EventData.Prop_PropertyCount": "0", "EventData.Prop_WorkTime_MilliSeconds": "1760"}
{"EventID": "131", "Channel": "Microsoft-Windows-DeviceSetupManager/Admin", "Provider_Name": "Microsoft-Windows-DeviceSetupManager", "Computer": "DESKTOP-OFJ6N53", "TimeCreated": "2025-08-12 12:15:32.466469+00:00", "RecordID": "57076", "Level": "2", "UserID": "S-1-5-18", "EventData.Prop_ContainerId": "{EB3E8249-9B15-11EC-A6BD-00059A3C7A00}", "EventData.HRESULT": "2147943568"}
{"EventID": "112", "Channel": "Microsoft-Windows-DeviceSetupManager/Admin", "Provider_Name": "Microsoft-Windows-DeviceSetupManager", "Computer": "DESKTOP-OFJ6N53", "TimeCreated": "2025-08-12 12:15:32.469484+00:00", "RecordID": "57077", "Level": "4", "UserID": "S-1-5-18", "EventData.Prop_DeviceName": "VMware Virtual USB Hub", "EventData.Prop_ContainerId": "{eb3e8249-9b15-11ec-a6bd-00059a3c7a00}", "EventData.Prop_TaskCount": "4", "EventData.Prop_PropertyCount": "0", "EventData.Prop_WorkTime_MilliSeconds": "3098"}
{"EventID": "131", "Channel": "Microsoft-Windows-DeviceSetupManager/Admin", "Provider_Name": "Microsoft-Windows-DeviceSetupManager", "Computer": "DESKTOP-OFJ6N53", "TimeCreated": "2025-08-12 12:15:33.160089+00:00", "RecordID": "57078", "Level": "2", "UserID": "S-1-5-18", "EventData.Prop_ContainerId": "{2572A947-954B-11EC-A6B8-806E6F6E6963}", "EventData.HRESULT": "2147943568"}
{"EventID": "112", "Channel": "Microsoft-Windows-DeviceSetupManager/Admin", "Provider_Name": "Microsoft-Windows-DeviceSetupManager", "Computer": "DESKTOP-OFJ6N53", "TimeCreated": "2025-08-12 12:15:33.160955+00:00", "RecordID": "57079", "Level": "4", "UserID": "S-1-5-18", "EventData.Prop_DeviceName": "SAS Controller", "EventData.Prop_ContainerId": "{2572a947-954b-11ec-a6b8-806e6f6e6963}", "EventData.Prop_TaskCount": "4", "EventData.Prop_PropertyCount": "0", "EventData.Prop_WorkTime_MilliSeconds": "2607"}
{"EventID": "131", "Channel": "Microsoft-Windows-DeviceSetupManager/Admin", "Provider_Name": "Microsoft-Windows-DeviceSetupManager", "Computer": "DESKTOP-OFJ6N53", "TimeCreated": "2025-08-12 12:15:34.038239+00:00", "RecordID": "57080", "Level": "2", "UserID": "S-1-5-18", "EventData.Prop_ContainerId": "{4DF4D30C-95BA-11EC-A6BC-00059A3C7A00}", "EventData.HRESULT": "2147943568"}
{"EventID": "112", "Channel": "Microsoft-Windows-DeviceSetupManager/Admin", "Provider_Name": "Microsoft-Windows-DeviceSetupManager", "Computer": "DESKTOP-OFJ6N53", "TimeCreated": "2025-08-12 12:15:34.042509+00:00", "RecordID": "57081", "Level": "4", "UserID": "S-1-5-18", "EventData.Prop_DeviceName": "Microsoft Remote Display Adapter", "EventData.Prop_ContainerId": "{4df4d30c-95ba-11ec-a6bc-00059a3c7a00}", "EventData.Prop_TaskCount": "4", "EventData.Prop_PropertyCount": "0", "EventData.Prop_WorkTime_MilliSeconds": "2962"}
{"EventID": "131", "Channel": "Microsoft-Windows-DeviceSetupManager/Admin", "Provider_Name": "Microsoft-Windows-DeviceSetupManager", "Computer": "DESKTOP-OFJ6N53", "TimeCreated": "2025-08-12 12:15:34.720263+00:00", "RecordID": "57082", "Level": "2", "UserID": "S-1-5-18", "EventData.Prop_ContainerId": "{638A814A-9AB2-8042-7EC4-097E2614E753}", "EventData.HRESULT": "2147943568"}
{"EventID": "112", "Channel": "Microsoft-Windows-DeviceSetupManager/Admin", "Provider_Name": "Microsoft-Windows-DeviceSetupManager", "Computer": "DESKTOP-OFJ6N53", "TimeCreated": "2025-08-12 12:15:34.721157+00:00", "RecordID": "57083", "Level": "4", "UserID": "S-1-5-18", "EventData.Prop_DeviceName": "OneNote for Windows 10", "EventData.Prop_ContainerId": "{638a814a-9ab2-8042-7ec4-097e2614e753}", "EventData.Prop_TaskCount": "4", "EventData.Prop_PropertyCount": "0", "EventData.Prop_WorkTime_MilliSeconds": "2792"}
{"EventID": "131", "Channel": "Microsoft-Windows-DeviceSetupManager/Admin", "Provider_Name": "Microsoft-Windows-DeviceSetupManager", "Computer": "DESKTOP-OFJ6N53", "TimeCreated": "2025-08-12 12:15:35.256330+00:00", "RecordID": "57084", "Level": "2", "UserID": "S-1-5-18", "EventData.Prop_ContainerId": "{D397268A-724C-B4EF-D641-C9234BA2948B}", "EventData.HRESULT": "2147943568"}
{"EventID": "112", "Channel": "Microsoft-Windows-DeviceSetupManager/Admin", "Provider_Name": "Microsoft-Windows-DeviceSetupManager", "Computer": "DESKTOP-OFJ6N53", "TimeCreated": "2025-08-12 12:15:35.267170+00:00", "RecordID": "57085", "Level": "4", "UserID": "S-1-5-18", "EventData.Prop_DeviceName": "Microsoft Print to PDF", "EventData.Prop_ContainerId": "{d397268a-724c-b4ef-d641-c9234ba2948b}", "EventData.Prop_TaskCount": "4", "EventData.Prop_PropertyCount": "0", "EventData.Prop_WorkTime_MilliSeconds": "2097"}
{"EventID": "131", "Channel": "Microsoft-Windows-DeviceSetupManager/Admin", "Provider_Name": "Microsoft-Windows-DeviceSetupManager", "Computer": "DESKTOP-OFJ6N53", "TimeCreated": "2025-08-12 12:15:37.692610+00:00", "RecordID": "57086", "Level": "2", "UserID": "S-1-5-18", "EventData.Prop_ContainerId": "{00000000-0000-0000-FFFF-FFFFFFFFFFFF}", "EventData.HRESULT": "2147943568"}
{"EventID": "112", "Channel": "Microsoft-Windows-DeviceSetupManager/Admin", "Provider_Name": "Microsoft-Windows-DeviceSetupManager", "Computer": "DESKTOP-OFJ6N53", "TimeCreated": "2025-08-12 12:15:37.695826+00:00", "RecordID": "57087", "Level": "4", "UserID": "S-1-5-18", "EventData.Prop_DeviceName": "DESKTOP-OFJ6N53", "EventData.Prop_ContainerId": "{00000000-0000-0000-ffff-ffffffffffff}", "EventData.Prop_TaskCount": "4", "EventData.Prop_PropertyCount": "40", "EventData.Prop_WorkTime_MilliSeconds": "5221"}
{"EventID": "101", "Channel": "Microsoft-Windows-DeviceSetupManager/Admin", "Provider_Name": "Microsoft-Windows-DeviceSetupManager", "Computer": "DESKTOP-OFJ6N53", "TimeCreated": "2025-08-12 12:16:22.761608+00:00", "RecordID": "57088", "Level": "4", "UserID": "S-1-5-18", "EventData.Prop_UpTime_Seconds": "63", "EventData.Prop_WorkTime_MilliSeconds": "18253"}
{"EventID": "100", "Channel": "Microsoft-Windows-DeviceSetupManager/Admin", "Provider_Name": "Microsoft-Windows-DeviceSetupManager", "Computer": "DESKTOP-OFJ6N53", "TimeCreated": "2025-08-12 12:17:39.174585+00:00", "RecordID": "57089", "Level": "4", "UserID": "S-1-5-18", "EventData.Prop_CoreServiceMode": "0", "EventData.Prop_Event_Window_Seconds": "19"}
{"EventID": "131", "Channel": "Microsoft-Windows-DeviceSetupManager/Admin", "Provider_Name": "Microsoft-Windows-DeviceSetupManager", "Computer": "DESKTOP-OFJ6N53", "TimeCreated": "2025-08-12 12:17:40.985964+00:00", "RecordID": "57090", "Level": "2", "UserID": "S-1-5-18", "EventData.Prop_ContainerId": "{2572A947-954B-11EC-A6B8-806E6F6E6963}", "EventData.HRESULT": "2147943568"}
{"EventID": "112", "Channel": "Microsoft-Windows-DeviceSetupManager/Admin", "Provider_Name": "Microsoft-Windows-DeviceSetupManager", "Computer": "DESKTOP-OFJ6N53", "TimeCreated": "2025-08-12 12:17:40.986673+00:00", "RecordID": "57091", "Level": "4", "UserID": "S-1-5-18", "EventData.Prop_DeviceName": "SAS Controller", "EventData.Prop_ContainerId": "{2572a947-954b-11ec-a6b8-806e6f6e6963}", "EventData.Prop_TaskCount": "4", "EventData.Prop_PropertyCount": "0", "EventData.Prop_WorkTime_MilliSeconds": "1770"}
{"EventID": "131", "Channel": "Microsoft-Windows-DeviceSetupManager/Admin", "Provider_Name": "Microsoft-Windows-DeviceSetupManager", "Computer": "DESKTOP-OFJ6N53", "TimeCreated": "2025-08-12 12:17:41.195171+00:00", "RecordID": "57092", "Level": "2", "UserID": "S-1-5-18", "EventData.Prop_ContainerId": "{2572A948-954B-11EC-A6B8-806E6F6E6963}", "EventData.HRESULT": "2147943568"}
{"EventID": "112", "Channel": "Microsoft-Windows-DeviceSetupManager/Admin", "Provider_Name": "Microsoft-Windows-DeviceSetupManager", "Computer": "DESKTOP-OFJ6N53", "TimeCreated": "2025-08-12 12:17:41.195972+00:00", "RecordID": "57093", "Level": "4", "UserID": "S-1-5-18", "EventData.Prop_DeviceName": "Intel(R) 82574L Gigabit Network Connection", "EventData.Prop_ContainerId": "{2572a948-954b-11ec-a6b8-806e6f6e6963}", "EventData.Prop_TaskCount": "4", "EventData.Prop_PropertyCount": "0", "EventData.Prop_WorkTime_MilliSeconds": "1703"}
{"EventID": "131", "Channel": "Microsoft-Windows-DeviceSetupManager/Admin", "Provider_Name": "Microsoft-Windows-DeviceSetupManager", "Computer": "DESKTOP-OFJ6N53", "TimeCreated": "2025-08-12 12:17:41.551020+00:00", "RecordID": "57094", "Level": "2", "UserID": "S-1-5-18", "EventData.Prop_ContainerId": "{298580E3-E0E9-5B21-9699-52225753EF2E}", "EventData.HRESULT": "2147943568"}
{"EventID": "112", "Channel": "Microsoft-Windows-DeviceSetupManager/Admin", "Provider_Name": "Microsoft-Windows-DeviceSetupManager", "Computer": "DESKTOP-OFJ6N53", "TimeCreated": "2025-08-12 12:17:41.555033+00:00", "RecordID": "57095", "Level": "4", "UserID": "S-1-5-18", "EventData.Prop_DeviceName": "Generic Non-PnP Monitor", "EventData.Prop_ContainerId": "{298580e3-e0e9-5b21-9699-52225753ef2e}", "EventData.Prop_TaskCount": "4", "EventData.Prop_PropertyCount": "0", "EventData.Prop_WorkTime_MilliSeconds": "2343"}
{"EventID": "131", "Channel": "Microsoft-Windows-DeviceSetupManager/Admin", "Provider_Name": "Microsoft-Windows-DeviceSetupManager", "Computer": "DESKTOP-OFJ6N53", "TimeCreated": "2025-08-12 12:17:41.751688+00:00", "RecordID": "57096", "Level": "2", "UserID": "S-1-5-18", "EventData.Prop_ContainerId": "{B01CB9B2-9E9C-11EC-A6BD-00059A3C7A00}", "EventData.HRESULT": "2147943568"}
{"EventID": "112", "Channel": "Microsoft-Windows-DeviceSetupManager/Admin", "Provider_Name": "Microsoft-Windows-DeviceSetupManager", "Computer": "DESKTOP-OFJ6N53", "TimeCreated": "2025-08-12 12:17:41.752665+00:00", "RecordID": "57097", "Level": "4", "UserID": "S-1-5-18", "EventData.Prop_DeviceName": "Citrix Indirect Display Adapter", "EventData.Prop_ContainerId": "{b01cb9b2-9e9c-11ec-a6bd-00059a3c7a00}", "EventData.Prop_TaskCount": "4", "EventData.Prop_PropertyCount": "0", "EventData.Prop_WorkTime_MilliSeconds": "2258"}
{"EventID": "131", "Channel": "Microsoft-Windows-DeviceSetupManager/Admin", "Provider_Name": "Microsoft-Windows-DeviceSetupManager", "Computer": "DESKTOP-OFJ6N53", "TimeCreated": "2025-08-12 12:17:42.062206+00:00", "RecordID": "57098", "Level": "2", "UserID": "S-1-5-18", "EventData.Prop_ContainerId": "{EB3E824A-9B15-11EC-A6BD-00059A3C7A00}", "EventData.HRESULT": "2147943568"}
{"EventID": "112", "Channel": "Microsoft-Windows-DeviceSetupManager/Admin", "Provider_Name": "Microsoft-Windows-DeviceSetupManager", "Computer": "DESKTOP-OFJ6N53", "TimeCreated": "2025-08-12 12:17:42.063297+00:00", "RecordID": "57099", "Level": "4", "UserID": "S-1-5-18", "EventData.Prop_DeviceName": "VMware Virtual USB Hub", "EventData.Prop_ContainerId": "{eb3e824a-9b15-11ec-a6bd-00059a3c7a00}", "EventData.Prop_TaskCount": "4", "EventData.Prop_PropertyCount": "0", "EventData.Prop_WorkTime_MilliSeconds": "864"}
{"EventID": "131", "Channel": "Microsoft-Windows-DeviceSetupManager/Admin", "Provider_Name": "Microsoft-Windows-DeviceSetupManager", "Computer": "DESKTOP-OFJ6N53", "TimeCreated": "2025-08-12 12:17:42.295042+00:00", "RecordID": "57100", "Level": "2", "UserID": "S-1-5-18", "EventData.Prop_ContainerId": "{2572A968-954B-11EC-A6B8-806E6F6E6963}", "EventData.HRESULT": "2147943568"}
{"EventID": "112", "Channel": "Microsoft-Windows-DeviceSetupManager/Admin", "Provider_Name": "Microsoft-Windows-DeviceSetupManager", "Computer": "DESKTOP-OFJ6N53", "TimeCreated": "2025-08-12 12:17:42.296059+00:00", "RecordID": "57101", "Level": "4", "UserID": "S-1-5-18", "EventData.Prop_DeviceName": "VMware Virtual USB Mouse", "EventData.Prop_ContainerId": "{2572a968-954b-11ec-a6b8-806e6f6e6963}", "EventData.Prop_TaskCount": "4", "EventData.Prop_PropertyCount": "0", "EventData.Prop_WorkTime_MilliSeconds": "1307"}
{"EventID": "131", "Channel": "Microsoft-Windows-DeviceSetupManager/Admin", "Provider_Name": "Microsoft-Windows-DeviceSetupManager", "Computer": "DESKTOP-OFJ6N53", "TimeCreated": "2025-08-12 12:17:42.490150+00:00", "RecordID": "57102", "Level": "2", "UserID": "S-1-5-18", "EventData.Prop_ContainerId": "{2572A954-954B-11EC-A6B8-806E6F6E6963}", "EventData.HRESULT": "2147943568"}
{"EventID": "112", "Channel": "Microsoft-Windows-DeviceSetupManager/Admin", "Provider_Name": "Microsoft-Windows-DeviceSetupManager", "Computer": "DESKTOP-OFJ6N53", "TimeCreated": "2025-08-12 12:17:42.498281+00:00", "RecordID": "57103", "Level": "4", "UserID": "S-1-5-18", "EventData.Prop_DeviceName": "VMware Virtual disk SCSI Disk Device", "EventData.Prop_ContainerId": "{2572a954-954b-11ec-a6b8-806e6f6e6963}", "EventData.Prop_TaskCount": "4", "EventData.Prop_PropertyCount": "0", "EventData.Prop_WorkTime_MilliSeconds": "937"}
{"EventID": "131", "Channel": "Microsoft-Windows-DeviceSetupManager/Admin", "Provider_Name": "Microsoft-Windows-DeviceSetupManager", "Computer": "DESKTOP-OFJ6N53", "TimeCreated": "2025-08-12 12:17:42.741421+00:00", "RecordID": "57104", "Level": "2", "UserID": "S-1-5-18", "EventData.Prop_ContainerId": "{2572A949-954B-11EC-A6B8-806E6F6E6963}", "EventData.HRESULT": "2147943568"}
{"EventID": "112", "Channel": "Microsoft-Windows-DeviceSetupManager/Admin", "Provider_Name": "Microsoft-Windows-DeviceSetupManager", "Computer": "DESKTOP-OFJ6N53", "TimeCreated": "2025-08-12 12:17:42.744726+00:00", "RecordID": "57105", "Level": "4", "UserID": "S-1-5-18", "EventData.Prop_DeviceName": "USB Root Hub (USB 3.0)", "EventData.Prop_ContainerId": "{2572a949-954b-11ec-a6b8-806e6f6e6963}", "EventData.Prop_TaskCount": "4", "EventData.Prop_PropertyCount": "0", "EventData.Prop_WorkTime_MilliSeconds": "681"}
{"EventID": "131", "Channel": "Microsoft-Windows-DeviceSetupManager/Admin", "Provider_Name": "Microsoft-Windows-DeviceSetupManager", "Computer": "DESKTOP-OFJ6N53", "TimeCreated": "2025-08-12 12:17:42.943344+00:00", "RecordID": "57106", "Level": "2", "UserID": "S-1-5-18", "EventData.Prop_ContainerId": "{EB3E8249-9B15-11EC-A6BD-00059A3C7A00}", "EventData.HRESULT": "2147943568"}
{"EventID": "112", "Channel": "Microsoft-Windows-DeviceSetupManager/Admin", "Provider_Name": "Microsoft-Windows-DeviceSetupManager", "Computer": "DESKTOP-OFJ6N53", "TimeCreated": "2025-08-12 12:17:42.944262+00:00", "RecordID": "57107", "Level": "4", "UserID": "S-1-5-18", "EventData.Prop_DeviceName": "VMware Virtual USB Hub", "EventData.Prop_ContainerId": "{eb3e8249-9b15-11ec-a6bd-00059a3c7a00}", "EventData.Prop_TaskCount": "4", "EventData.Prop_PropertyCount": "0", "EventData.Prop_WorkTime_MilliSeconds": "1178"}
{"EventID": "131", "Channel": "Microsoft-Windows-DeviceSetupManager/Admin", "Provider_Name": "Microsoft-Windows-DeviceSetupManager", "Computer": "DESKTOP-OFJ6N53", "TimeCreated": "2025-08-12 12:17:43.151880+00:00", "RecordID": "57108", "Level": "2", "UserID": "S-1-5-18", "EventData.Prop_ContainerId": "{00000000-0000-0000-FFFF-FFFFFFFFFFFF}", "EventData.HRESULT": "2147943568"}
{"EventID": "112", "Channel": "Microsoft-Windows-DeviceSetupManager/Admin", "Provider_Name": "Microsoft-Windows-DeviceSetupManager", "Computer": "DESKTOP-OFJ6N53", "TimeCreated": "2025-08-12 12:17:43.152712+00:00", "RecordID": "57109", "Level": "4", "UserID": "S-1-5-18", "EventData.Prop_DeviceName": "DESKTOP-OFJ6N53", "EventData.Prop_ContainerId": "{00000000-0000-0000-ffff-ffffffffffff}", "EventData.Prop_TaskCount": "4", "EventData.Prop_PropertyCount": "0", "EventData.Prop_WorkTime_MilliSeconds": "862"}
{"EventID": "131", "Channel": "Microsoft-Windows-DeviceSetupManager/Admin", "Provider_Name": "Microsoft-Windows-DeviceSetupManager", "Computer": "DESKTOP-OFJ6N53", "TimeCreated": "2025-08-12 12:18:20.380217+00:00", "RecordID": "57110", "Level": "2", "UserID": "S-1-5-18", "EventData.Prop_ContainerId": "{0A568158-2954-F19C-89F3-03ACAEE1F85E}", "EventData.HRESULT": "2147943568"}
{"EventID": "112", "Channel": "Microsoft-Windows-DeviceSetupManager/Admin", "Provider_Name": "Microsoft-Windows-DeviceSetupManager", "Computer": "DESKTOP-OFJ6N53", "TimeCreated": "2025-08-12 12:18:20.386406+00:00", "RecordID": "57111", "Level": "4", "UserID": "S-1-5-18", "EventData.Prop_DeviceName": "Microsoft XPS Document Writer", "EventData.Prop_ContainerId": "{0a568158-2954-f19c-89f3-03acaee1f85e}", "EventData.Prop_TaskCount": "4", "EventData.Prop_PropertyCount": "0", "EventData.Prop_WorkTime_MilliSeconds": "3386"}
{"EventID": "131", "Channel": "Microsoft-Windows-DeviceSetupManager/Admin", "Provider_Name": "Microsoft-Windows-DeviceSetupManager", "Computer": "DESKTOP-OFJ6N53", "TimeCreated": "2025-08-12 12:18:22.117746+00:00", "RecordID": "57112", "Level": "2", "UserID": "S-1-5-18", "EventData.Prop_ContainerId": "{D397268A-724C-B4EF-D641-C9234BA2948B}", "EventData.HRESULT": "2147943568"}
{"EventID": "112", "Channel": "Microsoft-Windows-DeviceSetupManager/Admin", "Provider_Name": "Microsoft-Windows-DeviceSetupManager", "Computer": "DESKTOP-OFJ6N53", "TimeCreated": "2025-08-12 12:18:22.118464+00:00", "RecordID": "57113", "Level": "4", "UserID": "S-1-5-18", "EventData.Prop_DeviceName": "Microsoft Print to PDF", "EventData.Prop_ContainerId": "{d397268a-724c-b4ef-d641-c9234ba2948b}", "EventData.Prop_TaskCount": "4", "EventData.Prop_PropertyCount": "0", "EventData.Prop_WorkTime_MilliSeconds": "5078"}
{"EventID": "131", "Channel": "Microsoft-Windows-DeviceSetupManager/Admin", "Provider_Name": "Microsoft-Windows-DeviceSetupManager", "Computer": "DESKTOP-OFJ6N53", "TimeCreated": "2025-08-12 12:18:23.253149+00:00", "RecordID": "57114", "Level": "2", "UserID": "S-1-5-18", "EventData.Prop_ContainerId": "{638A814A-9AB2-8042-7EC4-097E2614E753}", "EventData.HRESULT": "2147943568"}
{"EventID": "112", "Channel": "Microsoft-Windows-DeviceSetupManager/Admin", "Provider_Name": "Microsoft-Windows-DeviceSetupManager", "Computer": "DESKTOP-OFJ6N53", "TimeCreated": "2025-08-12 12:18:23.254068+00:00", "RecordID": "57115", "Level": "4", "UserID": "S-1-5-18", "EventData.Prop_DeviceName": "OneNote for Windows 10", "EventData.Prop_ContainerId": "{638a814a-9ab2-8042-7ec4-097e2614e753}", "EventData.Prop_TaskCount": "4", "EventData.Prop_PropertyCount": "0", "EventData.Prop_WorkTime_MilliSeconds": "5890"}
{"EventID": "131", "Channel": "Microsoft-Windows-DeviceSetupManager/Admin", "Provider_Name": "Microsoft-Windows-DeviceSetupManager", "Computer": "DESKTOP-OFJ6N53", "TimeCreated": "2025-08-12 12:18:24.660284+00:00", "RecordID": "57116", "Level": "2", "UserID": "S-1-5-18", "EventData.Prop_ContainerId": "{CA0E9E80-3E97-FCAC-730A-8CB080FA2581}", "EventData.HRESULT": "2147943568"}
{"EventID": "112", "Channel": "Microsoft-Windows-DeviceSetupManager/Admin", "Provider_Name": "Microsoft-Windows-DeviceSetupManager", "Computer": "DESKTOP-OFJ6N53", "TimeCreated": "2025-08-12 12:18:24.660866+00:00", "RecordID": "57117", "Level": "4", "UserID": "S-1-5-18", "EventData.Prop_DeviceName": "Fax", "EventData.Prop_ContainerId": "{ca0e9e80-3e97-fcac-730a-8cb080fa2581}", "EventData.Prop_TaskCount": "4", "EventData.Prop_PropertyCount": "0", "EventData.Prop_WorkTime_MilliSeconds": "7625"}
{"EventID": "131", "Channel": "Microsoft-Windows-DeviceSetupManager/Admin", "Provider_Name": "Microsoft-Windows-DeviceSetupManager", "Computer": "DESKTOP-OFJ6N53", "TimeCreated": "2025-08-12 12:18:39.193785+00:00", "RecordID": "57118", "Level": "2", "UserID": "S-1-5-18", "EventData.Prop_ContainerId": "{4DF4D30C-95BA-11EC-A6BC-00059A3C7A00}", "EventData.HRESULT": "2147943568"}
{"EventID": "112", "Channel": "Microsoft-Windows-DeviceSetupManager/Admin", "Provider_Name": "Microsoft-Windows-DeviceSetupManager", "Computer": "DESKTOP-OFJ6N53", "TimeCreated": "2025-08-12 12:18:39.401882+00:00", "RecordID": "57119", "Level": "4", "UserID": "S-1-5-18", "EventData.Prop_DeviceName": "Microsoft Remote Display Adapter", "EventData.Prop_ContainerId": "{4df4d30c-95ba-11ec-a6bc-00059a3c7a00}", "EventData.Prop_TaskCount": "4", "EventData.Prop_PropertyCount": "0", "EventData.Prop_WorkTime_MilliSeconds": "4541"}
{"EventID": "131", "Channel": "Microsoft-Windows-DeviceSetupManager/Admin", "Provider_Name": "Microsoft-Windows-DeviceSetupManager", "Computer": "DESKTOP-OFJ6N53", "TimeCreated": "2025-08-12 12:18:43.675762+00:00", "RecordID": "57120", "Level": "2", "UserID": "S-1-5-18", "EventData.Prop_ContainerId": "{9E39F51E-4F93-45BB-8CAB-7CDA44AFE7D1}", "EventData.HRESULT": "2147943568"}
{"EventID": "112", "Channel": "Microsoft-Windows-DeviceSetupManager/Admin", "Provider_Name": "Microsoft-Windows-DeviceSetupManager", "Computer": "DESKTOP-OFJ6N53", "TimeCreated": "2025-08-12 12:18:43.679195+00:00", "RecordID": "57121", "Level": "4", "UserID": "S-1-5-18", "EventData.Prop_DeviceName": "Generic Non-PnP Monitor", "EventData.Prop_ContainerId": "{9e39f51e-4f93-45bb-8cab-7cda44afe7d1}", "EventData.Prop_TaskCount": "4", "EventData.Prop_PropertyCount": "42", "EventData.Prop_WorkTime_MilliSeconds": "2390"}
{"EventID": "131", "Channel": "Microsoft-Windows-DeviceSetupManager/Admin", "Provider_Name": "Microsoft-Windows-DeviceSetupManager", "Computer": "DESKTOP-OFJ6N53", "TimeCreated": "2025-08-12 12:18:48.358103+00:00", "RecordID": "57122", "Level": "2", "UserID": "S-1-5-18", "EventData.Prop_ContainerId": "{00000000-0000-0000-FFFF-FFFFFFFFFFFF}", "EventData.HRESULT": "2147943568"}
{"EventID": "112", "Channel": "Microsoft-Windows-DeviceSetupManager/Admin", "Provider_Name": "Microsoft-Windows-DeviceSetupManager", "Computer": "DESKTOP-OFJ6N53", "TimeCreated": "2025-08-12 12:18:48.360464+00:00", "RecordID": "57123", "Level": "4", "UserID": "S-1-5-18", "EventData.Prop_DeviceName": "DESKTOP-OFJ6N53", "EventData.Prop_ContainerId": "{00000000-0000-0000-ffff-ffffffffffff}", "EventData.Prop_TaskCount": "4", "EventData.Prop_PropertyCount": "40", "EventData.Prop_WorkTime_MilliSeconds": "7228"}
{"EventID": "101", "Channel": "Microsoft-Windows-DeviceSetupManager/Admin", "Provider_Name": "Microsoft-Windows-DeviceSetupManager", "Computer": "DESKTOP-OFJ6N53", "TimeCreated": "2025-08-12 12:19:33.435667+00:00", "RecordID": "57124", "Level": "4", "UserID": "S-1-5-18", "EventData.Prop_UpTime_Seconds": "114", "EventData.Prop_WorkTime_MilliSeconds": "23887"}
{"EventID": "100", "Channel": "Microsoft-Windows-DeviceSetupManager/Admin", "Provider_Name": "Microsoft-Windows-DeviceSetupManager", "Computer": "DESKTOP-OFJ6N53", "TimeCreated": "2025-08-12 13:27:59.726484+00:00", "RecordID": "57125", "Level": "4", "UserID": "S-1-5-18", "EventData.Prop_CoreServiceMode": "0", "EventData.Prop_Event_Window_Seconds": "4106"}
{"EventID": "131", "Channel": "Microsoft-Windows-DeviceSetupManager/Admin", "Provider_Name": "Microsoft-Windows-DeviceSetupManager", "Computer": "DESKTOP-OFJ6N53", "TimeCreated": "2025-08-12 13:28:03.046291+00:00", "RecordID": "57126", "Level": "2", "UserID": "S-1-5-18", "EventData.Prop_ContainerId": "{2572A949-954B-11EC-A6B8-806E6F6E6963}", "EventData.HRESULT": "2147943568"}
{"EventID": "112", "Channel": "Microsoft-Windows-DeviceSetupManager/Admin", "Provider_Name": "Microsoft-Windows-DeviceSetupManager", "Computer": "DESKTOP-OFJ6N53", "TimeCreated": "2025-08-12 13:28:03.047876+00:00", "RecordID": "57127", "Level": "4", "UserID": "S-1-5-18", "EventData.Prop_DeviceName": "USB Root Hub (USB 3.0)", "EventData.Prop_ContainerId": "{2572a949-954b-11ec-a6b8-806e6f6e6963}", "EventData.Prop_TaskCount": "4", "EventData.Prop_PropertyCount": "0", "EventData.Prop_WorkTime_MilliSeconds": "2937"}
{"EventID": "131", "Channel": "Microsoft-Windows-DeviceSetupManager/Admin", "Provider_Name": "Microsoft-Windows-DeviceSetupManager", "Computer": "DESKTOP-OFJ6N53", "TimeCreated": "2025-08-12 13:28:03.749802+00:00", "RecordID": "57128", "Level": "2", "UserID": "S-1-5-18", "EventData.Prop_ContainerId": "{2572A948-954B-11EC-A6B8-806E6F6E6963}", "EventData.HRESULT": "2147943568"}
{"EventID": "112", "Channel": "Microsoft-Windows-DeviceSetupManager/Admin", "Provider_Name": "Microsoft-Windows-DeviceSetupManager", "Computer": "DESKTOP-OFJ6N53", "TimeCreated": "2025-08-12 13:28:03.865707+00:00", "RecordID": "57129", "Level": "4", "UserID": "S-1-5-18", "EventData.Prop_DeviceName": "Intel(R) 82574L Gigabit Network Connection", "EventData.Prop_ContainerId": "{2572a948-954b-11ec-a6b8-806e6f6e6963}", "EventData.Prop_TaskCount": "4", "EventData.Prop_PropertyCount": "0", "EventData.Prop_WorkTime_MilliSeconds": "3605"}
{"EventID": "131", "Channel": "Microsoft-Windows-DeviceSetupManager/Admin", "Provider_Name": "Microsoft-Windows-DeviceSetupManager", "Computer": "DESKTOP-OFJ6N53", "TimeCreated": "2025-08-12 13:28:04.606161+00:00", "RecordID": "57130", "Level": "2", "UserID": "S-1-5-18", "EventData.Prop_ContainerId": "{B01CB9B2-9E9C-11EC-A6BD-00059A3C7A00}", "EventData.HRESULT": "2147943568"}
{"EventID": "112", "Channel": "Microsoft-Windows-DeviceSetupManager/Admin", "Provider_Name": "Microsoft-Windows-DeviceSetupManager", "Computer": "DESKTOP-OFJ6N53", "TimeCreated": "2025-08-12 13:28:04.607391+00:00", "RecordID": "57131", "Level": "4", "UserID": "S-1-5-18", "EventData.Prop_DeviceName": "Citrix Indirect Display Adapter", "EventData.Prop_ContainerId": "{b01cb9b2-9e9c-11ec-a6bd-00059a3c7a00}", "EventData.Prop_TaskCount": "4", "EventData.Prop_PropertyCount": "0", "EventData.Prop_WorkTime_MilliSeconds": "4312"}
{"EventID": "131", "Channel": "Microsoft-Windows-DeviceSetupManager/Admin", "Provider_Name": "Microsoft-Windows-DeviceSetupManager", "Computer": "DESKTOP-OFJ6N53", "TimeCreated": "2025-08-12 13:28:05.204296+00:00", "RecordID": "57132", "Level": "2", "UserID": "S-1-5-18", "EventData.Prop_ContainerId": "{CA0E9E80-3E97-FCAC-730A-8CB080FA2581}", "EventData.HRESULT": "2147943568"}
{"EventID": "112", "Channel": "Microsoft-Windows-DeviceSetupManager/Admin", "Provider_Name": "Microsoft-Windows-DeviceSetupManager", "Computer": "DESKTOP-OFJ6N53", "TimeCreated": "2025-08-12 13:28:05.204979+00:00", "RecordID": "57133", "Level": "4", "UserID": "S-1-5-18", "EventData.Prop_DeviceName": "Fax", "EventData.Prop_ContainerId": "{ca0e9e80-3e97-fcac-730a-8cb080fa2581}", "EventData.Prop_TaskCount": "4", "EventData.Prop_PropertyCount": "0", "EventData.Prop_WorkTime_MilliSeconds": "4781"}
{"EventID": "131", "Channel": "Microsoft-Windows-DeviceSetupManager/Admin", "Provider_Name": "Microsoft-Windows-DeviceSetupManager", "Computer": "DESKTOP-OFJ6N53", "TimeCreated": "2025-08-12 13:28:05.778149+00:00", "RecordID": "57134", "Level": "2", "UserID": "S-1-5-18", "EventData.Prop_ContainerId": "{18F8FB79-55CC-4786-9D48-4C06D1E6AF47}", "EventData.HRESULT": "2147943568"}
{"EventID": "112", "Channel": "Microsoft-Windows-DeviceSetupManager/Admin", "Provider_Name": "Microsoft-Windows-DeviceSetupManager", "Computer": "DESKTOP-OFJ6N53", "TimeCreated": "2025-08-12 13:28:05.787981+00:00", "RecordID": "57135", "Level": "4", "UserID": "S-1-5-18", "EventData.Prop_DeviceName": "Generic Non-PnP Monitor", "EventData.Prop_ContainerId": "{18f8fb79-55cc-4786-9d48-4c06d1e6af47}", "EventData.Prop_TaskCount": "4", "EventData.Prop_PropertyCount": "42", "EventData.Prop_WorkTime_MilliSeconds": "2718"}
{"EventID": "131", "Channel": "Microsoft-Windows-DeviceSetupManager/Admin", "Provider_Name": "Microsoft-Windows-DeviceSetupManager", "Computer": "DESKTOP-OFJ6N53", "TimeCreated": "2025-08-12 13:28:06.071621+00:00", "RecordID": "57136", "Level": "2", "UserID": "S-1-5-18", "EventData.Prop_ContainerId": "{0A568158-2954-F19C-89F3-03ACAEE1F85E}", "EventData.HRESULT": "2147943568"}
{"EventID": "112", "Channel": "Microsoft-Windows-DeviceSetupManager/Admin", "Provider_Name": "Microsoft-Windows-DeviceSetupManager", "Computer": "DESKTOP-OFJ6N53", "TimeCreated": "2025-08-12 13:28:06.073635+00:00", "RecordID": "57137", "Level": "4", "UserID": "S-1-5-18", "EventData.Prop_DeviceName": "Microsoft XPS Document Writer", "EventData.Prop_ContainerId": "{0a568158-2954-f19c-89f3-03acaee1f85e}", "EventData.Prop_TaskCount": "4", "EventData.Prop_PropertyCount": "0", "EventData.Prop_WorkTime_MilliSeconds": "1468"}
{"EventID": "131", "Channel": "Microsoft-Windows-DeviceSetupManager/Admin", "Provider_Name": "Microsoft-Windows-DeviceSetupManager", "Computer": "DESKTOP-OFJ6N53", "TimeCreated": "2025-08-12 13:28:06.489586+00:00", "RecordID": "57138", "Level": "2", "UserID": "S-1-5-18", "EventData.Prop_ContainerId": "{2572A968-954B-11EC-A6B8-806E6F6E6963}", "EventData.HRESULT": "2147943568"}
{"EventID": "112", "Channel": "Microsoft-Windows-DeviceSetupManager/Admin", "Provider_Name": "Microsoft-Windows-DeviceSetupManager", "Computer": "DESKTOP-OFJ6N53", "TimeCreated": "2025-08-12 13:28:06.490856+00:00", "RecordID": "57139", "Level": "4", "UserID": "S-1-5-18", "EventData.Prop_DeviceName": "VMware Virtual USB Mouse", "EventData.Prop_ContainerId": "{2572a968-954b-11ec-a6b8-806e6f6e6963}", "EventData.Prop_TaskCount": "4", "EventData.Prop_PropertyCount": "0", "EventData.Prop_WorkTime_MilliSeconds": "2625"}
{"EventID": "131", "Channel": "Microsoft-Windows-DeviceSetupManager/Admin", "Provider_Name": "Microsoft-Windows-DeviceSetupManager", "Computer": "DESKTOP-OFJ6N53", "TimeCreated": "2025-08-12 13:28:06.947252+00:00", "RecordID": "57140", "Level": "2", "UserID": "S-1-5-18", "EventData.Prop_ContainerId": "{EB3E824A-9B15-11EC-A6BD-00059A3C7A00}", "EventData.HRESULT": "2147943568"}
{"EventID": "112", "Channel": "Microsoft-Windows-DeviceSetupManager/Admin", "Provider_Name": "Microsoft-Windows-DeviceSetupManager", "Computer": "DESKTOP-OFJ6N53", "TimeCreated": "2025-08-12 13:28:06.948229+00:00", "RecordID": "57141", "Level": "4", "UserID": "S-1-5-18", "EventData.Prop_DeviceName": "VMware Virtual USB Hub", "EventData.Prop_ContainerId": "{eb3e824a-9b15-11ec-a6bd-00059a3c7a00}", "EventData.Prop_TaskCount": "4", "EventData.Prop_PropertyCount": "0", "EventData.Prop_WorkTime_MilliSeconds": "1734"}
{"EventID": "131", "Channel": "Microsoft-Windows-DeviceSetupManager/Admin", "Provider_Name": "Microsoft-Windows-DeviceSetupManager", "Computer": "DESKTOP-OFJ6N53", "TimeCreated": "2025-08-12 13:28:07.360542+00:00", "RecordID": "57142", "Level": "2", "UserID": "S-1-5-18", "EventData.Prop_ContainerId": "{2572A954-954B-11EC-A6B8-806E6F6E6963}", "EventData.HRESULT": "2147943568"}
{"EventID": "112", "Channel": "Microsoft-Windows-DeviceSetupManager/Admin", "Provider_Name": "Microsoft-Windows-DeviceSetupManager", "Computer": "DESKTOP-OFJ6N53", "TimeCreated": "2025-08-12 13:28:07.364208+00:00", "RecordID": "57143", "Level": "4", "UserID": "S-1-5-18", "EventData.Prop_DeviceName": "VMware Virtual disk SCSI Disk Device", "EventData.Prop_ContainerId": "{2572a954-954b-11ec-a6b8-806e6f6e6963}", "EventData.Prop_TaskCount": "4", "EventData.Prop_PropertyCount": "0", "EventData.Prop_WorkTime_MilliSeconds": "1580"}
{"EventID": "131", "Channel": "Microsoft-Windows-DeviceSetupManager/Admin", "Provider_Name": "Microsoft-Windows-DeviceSetupManager", "Computer": "DESKTOP-OFJ6N53", "TimeCreated": "2025-08-12 13:28:07.761351+00:00", "RecordID": "57144", "Level": "2", "UserID": "S-1-5-18", "EventData.Prop_ContainerId": "{EB3E8249-9B15-11EC-A6BD-00059A3C7A00}", "EventData.HRESULT": "2147943568"}
{"EventID": "112", "Channel": "Microsoft-Windows-DeviceSetupManager/Admin", "Provider_Name": "Microsoft-Windows-DeviceSetupManager", "Computer": "DESKTOP-OFJ6N53", "TimeCreated": "2025-08-12 13:28:07.762106+00:00", "RecordID": "57145", "Level": "4", "UserID": "S-1-5-18", "EventData.Prop_DeviceName": "VMware Virtual USB Hub", "EventData.Prop_ContainerId": "{eb3e8249-9b15-11ec-a6bd-00059a3c7a00}", "EventData.Prop_TaskCount": "4", "EventData.Prop_PropertyCount": "0", "EventData.Prop_WorkTime_MilliSeconds": "1687"}
{"EventID": "131", "Channel": "Microsoft-Windows-DeviceSetupManager/Admin", "Provider_Name": "Microsoft-Windows-DeviceSetupManager", "Computer": "DESKTOP-OFJ6N53", "TimeCreated": "2025-08-12 13:28:08.090714+00:00", "RecordID": "57146", "Level": "2", "UserID": "S-1-5-18", "EventData.Prop_ContainerId": "{298580E3-E0E9-5B21-9699-52225753EF2E}", "EventData.HRESULT": "2147943568"}
{"EventID": "112", "Channel": "Microsoft-Windows-DeviceSetupManager/Admin", "Provider_Name": "Microsoft-Windows-DeviceSetupManager", "Computer": "DESKTOP-OFJ6N53", "TimeCreated": "2025-08-12 13:28:08.092249+00:00", "RecordID": "57147", "Level": "4", "UserID": "S-1-5-18", "EventData.Prop_DeviceName": "Generic Non-PnP Monitor", "EventData.Prop_ContainerId": "{298580e3-e0e9-5b21-9699-52225753ef2e}", "EventData.Prop_TaskCount": "4", "EventData.Prop_PropertyCount": "0", "EventData.Prop_WorkTime_MilliSeconds": "1603"}
{"EventID": "131", "Channel": "Microsoft-Windows-DeviceSetupManager/Admin", "Provider_Name": "Microsoft-Windows-DeviceSetupManager", "Computer": "DESKTOP-OFJ6N53", "TimeCreated": "2025-08-12 13:28:08.325590+00:00", "RecordID": "57148", "Level": "2", "UserID": "S-1-5-18", "EventData.Prop_ContainerId": "{4DF4D30C-95BA-11EC-A6BC-00059A3C7A00}", "EventData.HRESULT": "2147943568"}
{"EventID": "112", "Channel": "Microsoft-Windows-DeviceSetupManager/Admin", "Provider_Name": "Microsoft-Windows-DeviceSetupManager", "Computer": "DESKTOP-OFJ6N53", "TimeCreated": "2025-08-12 13:28:08.326410+00:00", "RecordID": "57149", "Level": "4", "UserID": "S-1-5-18", "EventData.Prop_DeviceName": "Microsoft Remote Display Adapter", "EventData.Prop_ContainerId": "{4df4d30c-95ba-11ec-a6bc-00059a3c7a00}", "EventData.Prop_TaskCount": "4", "EventData.Prop_PropertyCount": "0", "EventData.Prop_WorkTime_MilliSeconds": "951"}
{"EventID": "131", "Channel": "Microsoft-Windows-DeviceSetupManager/Admin", "Provider_Name": "Microsoft-Windows-DeviceSetupManager", "Computer": "DESKTOP-OFJ6N53", "TimeCreated": "2025-08-12 13:28:08.665665+00:00", "RecordID": "57150", "Level": "2", "UserID": "S-1-5-18", "EventData.Prop_ContainerId": "{2572A947-954B-11EC-A6B8-806E6F6E6963}", "EventData.HRESULT": "2147943568"}
{"EventID": "112", "Channel": "Microsoft-Windows-DeviceSetupManager/Admin", "Provider_Name": "Microsoft-Windows-DeviceSetupManager", "Computer": "DESKTOP-OFJ6N53", "TimeCreated": "2025-08-12 13:28:08.669298+00:00", "RecordID": "57151", "Level": "4", "UserID": "S-1-5-18", "EventData.Prop_DeviceName": "SAS Controller", "EventData.Prop_ContainerId": "{2572a947-954b-11ec-a6b8-806e6f6e6963}", "EventData.Prop_TaskCount": "4", "EventData.Prop_PropertyCount": "0", "EventData.Prop_WorkTime_MilliSeconds": "1722"}
{"EventID": "131", "Channel": "Microsoft-Windows-DeviceSetupManager/Admin", "Provider_Name": "Microsoft-Windows-DeviceSetupManager", "Computer": "DESKTOP-OFJ6N53", "TimeCreated": "2025-08-12 13:28:08.893629+00:00", "RecordID": "57152", "Level": "2", "UserID": "S-1-5-18", "EventData.Prop_ContainerId": "{638A814A-9AB2-8042-7EC4-097E2614E753}", "EventData.HRESULT": "2147943568"}
{"EventID": "112", "Channel": "Microsoft-Windows-DeviceSetupManager/Admin", "Provider_Name": "Microsoft-Windows-DeviceSetupManager", "Computer": "DESKTOP-OFJ6N53", "TimeCreated": "2025-08-12 13:28:08.895678+00:00", "RecordID": "57153", "Level": "4", "UserID": "S-1-5-18", "EventData.Prop_DeviceName": "OneNote for Windows 10", "EventData.Prop_ContainerId": "{638a814a-9ab2-8042-7ec4-097e2614e753}", "EventData.Prop_TaskCount": "4", "EventData.Prop_PropertyCount": "0", "EventData.Prop_WorkTime_MilliSeconds": "1140"}
{"EventID": "131", "Channel": "Microsoft-Windows-DeviceSetupManager/Admin", "Provider_Name": "Microsoft-Windows-DeviceSetupManager", "Computer": "DESKTOP-OFJ6N53", "TimeCreated": "2025-08-12 13:28:09.085810+00:00", "RecordID": "57154", "Level": "2", "UserID": "S-1-5-18", "EventData.Prop_ContainerId": "{D397268A-724C-B4EF-D641-C9234BA2948B}", "EventData.HRESULT": "2147943568"}
{"EventID": "112", "Channel": "Microsoft-Windows-DeviceSetupManager/Admin", "Provider_Name": "Microsoft-Windows-DeviceSetupManager", "Computer": "DESKTOP-OFJ6N53", "TimeCreated": "2025-08-12 13:28:09.086643+00:00", "RecordID": "57155", "Level": "4", "UserID": "S-1-5-18", "EventData.Prop_DeviceName": "Microsoft Print to PDF", "EventData.Prop_ContainerId": "{d397268a-724c-b4ef-d641-c9234ba2948b}", "EventData.Prop_TaskCount": "4", "EventData.Prop_PropertyCount": "0", "EventData.Prop_WorkTime_MilliSeconds": "766"}
{"EventID": "131", "Channel": "Microsoft-Windows-DeviceSetupManager/Admin", "Provider_Name": "Microsoft-Windows-DeviceSetupManager", "Computer": "DESKTOP-OFJ6N53", "TimeCreated": "2025-08-12 13:28:09.402624+00:00", "RecordID": "57156", "Level": "2", "UserID": "S-1-5-18", "EventData.Prop_ContainerId": "{00000000-0000-0000-FFFF-FFFFFFFFFFFF}", "EventData.HRESULT": "2147943568"}
{"EventID": "112", "Channel": "Microsoft-Windows-DeviceSetupManager/Admin", "Provider_Name": "Microsoft-Windows-DeviceSetupManager", "Computer": "DESKTOP-OFJ6N53", "TimeCreated": "2025-08-12 13:28:09.404692+00:00", "RecordID": "57157", "Level": "4", "UserID": "S-1-5-18", "EventData.Prop_DeviceName": "DESKTOP-OFJ6N53", "EventData.Prop_ContainerId": "{00000000-0000-0000-ffff-ffffffffffff}", "EventData.Prop_TaskCount": "4", "EventData.Prop_PropertyCount": "40", "EventData.Prop_WorkTime_MilliSeconds": "1295"}
{"EventID": "101", "Channel": "Microsoft-Windows-DeviceSetupManager/Admin", "Provider_Name": "Microsoft-Windows-DeviceSetupManager", "Computer": "DESKTOP-OFJ6N53", "TimeCreated": "2025-08-12 13:28:54.559614+00:00", "RecordID": "57158", "Level": "4", "UserID": "S-1-5-18", "EventData.Prop_UpTime_Seconds": "54", "EventData.Prop_WorkTime_MilliSeconds": "9337"}
{"EventID": "100", "Channel": "Microsoft-Windows-DeviceSetupManager/Admin", "Provider_Name": "Microsoft-Windows-DeviceSetupManager", "Computer": "DESKTOP-OFJ6N53", "TimeCreated": "2025-08-12 14:20:03.246695+00:00", "RecordID": "57159", "Level": "4", "UserID": "S-1-5-18", "EventData.Prop_CoreServiceMode": "0", "EventData.Prop_Event_Window_Seconds": "3068"}
{"EventID": "131", "Channel": "Microsoft-Windows-DeviceSetupManager/Admin", "Provider_Name": "Microsoft-Windows-DeviceSetupManager", "Computer": "DESKTOP-OFJ6N53", "TimeCreated": "2025-08-12 14:20:07.407610+00:00", "RecordID": "57160", "Level": "2", "UserID": "S-1-5-18", "EventData.Prop_ContainerId": "{B01CB9B2-9E9C-11EC-A6BD-00059A3C7A00}", "EventData.HRESULT": "2147943568"}
{"EventID": "112", "Channel": "Microsoft-Windows-DeviceSetupManager/Admin", "Provider_Name": "Microsoft-Windows-DeviceSetupManager", "Computer": "DESKTOP-OFJ6N53", "TimeCreated": "2025-08-12 14:20:07.412216+00:00", "RecordID": "57161", "Level": "4", "UserID": "S-1-5-18", "EventData.Prop_DeviceName": "Citrix Indirect Display Adapter", "EventData.Prop_ContainerId": "{b01cb9b2-9e9c-11ec-a6bd-00059a3c7a00}", "EventData.Prop_TaskCount": "4", "EventData.Prop_PropertyCount": "0", "EventData.Prop_WorkTime_MilliSeconds": "3726"}
{"EventID": "131", "Channel": "Microsoft-Windows-DeviceSetupManager/Admin", "Provider_Name": "Microsoft-Windows-DeviceSetupManager", "Computer": "DESKTOP-OFJ6N53", "TimeCreated": "2025-08-12 14:20:07.880827+00:00", "RecordID": "57162", "Level": "2", "UserID": "S-1-5-18", "EventData.Prop_ContainerId": "{2572A968-954B-11EC-A6B8-806E6F6E6963}", "EventData.HRESULT": "2147943568"}
{"EventID": "112", "Channel": "Microsoft-Windows-DeviceSetupManager/Admin", "Provider_Name": "Microsoft-Windows-DeviceSetupManager", "Computer": "DESKTOP-OFJ6N53", "TimeCreated": "2025-08-12 14:20:07.881714+00:00", "RecordID": "57163", "Level": "4", "UserID": "S-1-5-18", "EventData.Prop_DeviceName": "VMware Virtual USB Mouse", "EventData.Prop_ContainerId": "{2572a968-954b-11ec-a6b8-806e6f6e6963}", "EventData.Prop_TaskCount": "4", "EventData.Prop_PropertyCount": "0", "EventData.Prop_WorkTime_MilliSeconds": "3784"}
{"EventID": "131", "Channel": "Microsoft-Windows-DeviceSetupManager/Admin", "Provider_Name": "Microsoft-Windows-DeviceSetupManager", "Computer": "DESKTOP-OFJ6N53", "TimeCreated": "2025-08-12 14:20:08.010065+00:00", "RecordID": "57164", "Level": "2", "UserID": "S-1-5-18", "EventData.Prop_ContainerId": "{2572A948-954B-11EC-A6B8-806E6F6E6963}", "EventData.HRESULT": "2147943568"}
{"EventID": "112", "Channel": "Microsoft-Windows-DeviceSetupManager/Admin", "Provider_Name": "Microsoft-Windows-DeviceSetupManager", "Computer": "DESKTOP-OFJ6N53", "TimeCreated": "2025-08-12 14:20:08.011055+00:00", "RecordID": "57165", "Level": "4", "UserID": "S-1-5-18", "EventData.Prop_DeviceName": "Intel(R) 82574L Gigabit Network Connection", "EventData.Prop_ContainerId": "{2572a948-954b-11ec-a6b8-806e6f6e6963}", "EventData.Prop_TaskCount": "4", "EventData.Prop_PropertyCount": "0", "EventData.Prop_WorkTime_MilliSeconds": "4320"}
{"EventID": "131", "Channel": "Microsoft-Windows-DeviceSetupManager/Admin", "Provider_Name": "Microsoft-Windows-DeviceSetupManager", "Computer": "DESKTOP-OFJ6N53", "TimeCreated": "2025-08-12 14:20:08.559620+00:00", "RecordID": "57166", "Level": "2", "UserID": "S-1-5-18", "EventData.Prop_ContainerId": "{CA0E9E80-3E97-FCAC-730A-8CB080FA2581}", "EventData.HRESULT": "2147943568"}
{"EventID": "112", "Channel": "Microsoft-Windows-DeviceSetupManager/Admin", "Provider_Name": "Microsoft-Windows-DeviceSetupManager", "Computer": "DESKTOP-OFJ6N53", "TimeCreated": "2025-08-12 14:20:08.560608+00:00", "RecordID": "57167", "Level": "4", "UserID": "S-1-5-18", "EventData.Prop_DeviceName": "Fax", "EventData.Prop_ContainerId": "{ca0e9e80-3e97-fcac-730a-8cb080fa2581}", "EventData.Prop_TaskCount": "4", "EventData.Prop_PropertyCount": "0", "EventData.Prop_WorkTime_MilliSeconds": "4679"}
{"EventID": "131", "Channel": "Microsoft-Windows-DeviceSetupManager/Admin", "Provider_Name": "Microsoft-Windows-DeviceSetupManager", "Computer": "DESKTOP-OFJ6N53", "TimeCreated": "2025-08-12 14:20:08.702694+00:00", "RecordID": "57168", "Level": "2", "UserID": "S-1-5-18", "EventData.Prop_ContainerId": "{09C6E8DE-6F3E-471D-8221-D2D8D037E821}", "EventData.HRESULT": "2147943568"}
{"EventID": "112", "Channel": "Microsoft-Windows-DeviceSetupManager/Admin", "Provider_Name": "Microsoft-Windows-DeviceSetupManager", "Computer": "DESKTOP-OFJ6N53", "TimeCreated": "2025-08-12 14:20:08.708790+00:00", "RecordID": "57169", "Level": "4", "UserID": "S-1-5-18", "EventData.Prop_DeviceName": "Generic Non-PnP Monitor", "EventData.Prop_ContainerId": "{09c6e8de-6f3e-471d-8221-d2d8d037e821}", "EventData.Prop_TaskCount": "4", "EventData.Prop_PropertyCount": "42", "EventData.Prop_WorkTime_MilliSeconds": "1280"}
{"EventID": "131", "Channel": "Microsoft-Windows-DeviceSetupManager/Admin", "Provider_Name": "Microsoft-Windows-DeviceSetupManager", "Computer": "DESKTOP-OFJ6N53", "TimeCreated": "2025-08-12 14:20:09.223711+00:00", "RecordID": "57170", "Level": "2", "UserID": "S-1-5-18", "EventData.Prop_ContainerId": "{0A568158-2954-F19C-89F3-03ACAEE1F85E}", "EventData.HRESULT": "2147943568"}
{"EventID": "112", "Channel": "Microsoft-Windows-DeviceSetupManager/Admin", "Provider_Name": "Microsoft-Windows-DeviceSetupManager", "Computer": "DESKTOP-OFJ6N53", "TimeCreated": "2025-08-12 14:20:09.223711+00:00", "RecordID": "57171", "Level": "4", "UserID": "S-1-5-18", "EventData.Prop_DeviceName": "Microsoft XPS Document Writer", "EventData.Prop_ContainerId": "{0a568158-2954-f19c-89f3-03acaee1f85e}", "EventData.Prop_TaskCount": "4", "EventData.Prop_PropertyCount": "0", "EventData.Prop_WorkTime_MilliSeconds": "1339"}
{"EventID": "131", "Channel": "Microsoft-Windows-DeviceSetupManager/Admin", "Provider_Name": "Microsoft-Windows-DeviceSetupManager", "Computer": "DESKTOP-OFJ6N53", "TimeCreated": "2025-08-12 14:20:09.365442+00:00", "RecordID": "57172", "Level": "2", "UserID": "S-1-5-18", "EventData.Prop_ContainerId": "{EB3E824A-9B15-11EC-A6BD-00059A3C7A00}", "EventData.HRESULT": "2147943568"}
{"EventID": "112", "Channel": "Microsoft-Windows-DeviceSetupManager/Admin", "Provider_Name": "Microsoft-Windows-DeviceSetupManager", "Computer": "DESKTOP-OFJ6N53", "TimeCreated": "2025-08-12 14:20:09.366306+00:00", "RecordID": "57173", "Level": "4", "UserID": "S-1-5-18", "EventData.Prop_DeviceName": "VMware Virtual USB Hub", "EventData.Prop_ContainerId": "{eb3e824a-9b15-11ec-a6bd-00059a3c7a00}", "EventData.Prop_TaskCount": "4", "EventData.Prop_PropertyCount": "0", "EventData.Prop_WorkTime_MilliSeconds": "1359"}
{"EventID": "131", "Channel": "Microsoft-Windows-DeviceSetupManager/Admin", "Provider_Name": "Microsoft-Windows-DeviceSetupManager", "Computer": "DESKTOP-OFJ6N53", "TimeCreated": "2025-08-12 14:20:09.612373+00:00", "RecordID": "57174", "Level": "2", "UserID": "S-1-5-18", "EventData.Prop_ContainerId": "{2572A954-954B-11EC-A6B8-806E6F6E6963}", "EventData.HRESULT": "2147943568"}
{"EventID": "112", "Channel": "Microsoft-Windows-DeviceSetupManager/Admin", "Provider_Name": "Microsoft-Windows-DeviceSetupManager", "Computer": "DESKTOP-OFJ6N53", "TimeCreated": "2025-08-12 14:20:09.613976+00:00", "RecordID": "57175", "Level": "4", "UserID": "S-1-5-18", "EventData.Prop_DeviceName": "VMware Virtual disk SCSI Disk Device", "EventData.Prop_ContainerId": "{2572a954-954b-11ec-a6b8-806e6f6e6963}", "EventData.Prop_TaskCount": "4", "EventData.Prop_PropertyCount": "0", "EventData.Prop_WorkTime_MilliSeconds": "1065"}
{"EventID": "131", "Channel": "Microsoft-Windows-DeviceSetupManager/Admin", "Provider_Name": "Microsoft-Windows-DeviceSetupManager", "Computer": "DESKTOP-OFJ6N53", "TimeCreated": "2025-08-12 14:20:09.811666+00:00", "RecordID": "57176", "Level": "2", "UserID": "S-1-5-18", "EventData.Prop_ContainerId": "{EB3E8249-9B15-11EC-A6BD-00059A3C7A00}", "EventData.HRESULT": "2147943568"}
{"EventID": "112", "Channel": "Microsoft-Windows-DeviceSetupManager/Admin", "Provider_Name": "Microsoft-Windows-DeviceSetupManager", "Computer": "DESKTOP-OFJ6N53", "TimeCreated": "2025-08-12 14:20:09.812492+00:00", "RecordID": "57177", "Level": "4", "UserID": "S-1-5-18", "EventData.Prop_DeviceName": "VMware Virtual USB Hub", "EventData.Prop_ContainerId": "{eb3e8249-9b15-11ec-a6bd-00059a3c7a00}", "EventData.Prop_TaskCount": "4", "EventData.Prop_PropertyCount": "0", "EventData.Prop_WorkTime_MilliSeconds": "1107"}
{"EventID": "131", "Channel": "Microsoft-Windows-DeviceSetupManager/Admin", "Provider_Name": "Microsoft-Windows-DeviceSetupManager", "Computer": "DESKTOP-OFJ6N53", "TimeCreated": "2025-08-12 14:20:10.077555+00:00", "RecordID": "57178", "Level": "2", "UserID": "S-1-5-18", "EventData.Prop_ContainerId": "{2572A949-954B-11EC-A6B8-806E6F6E6963}", "EventData.HRESULT": "2147943568"}
{"EventID": "112", "Channel": "Microsoft-Windows-DeviceSetupManager/Admin", "Provider_Name": "Microsoft-Windows-DeviceSetupManager", "Computer": "DESKTOP-OFJ6N53", "TimeCreated": "2025-08-12 14:20:10.078465+00:00", "RecordID": "57179", "Level": "4", "UserID": "S-1-5-18", "EventData.Prop_DeviceName": "USB Root Hub (USB 3.0)", "EventData.Prop_ContainerId": "{2572a949-954b-11ec-a6b8-806e6f6e6963}", "EventData.Prop_TaskCount": "4", "EventData.Prop_PropertyCount": "0", "EventData.Prop_WorkTime_MilliSeconds": "855"}
{"EventID": "131", "Channel": "Microsoft-Windows-DeviceSetupManager/Admin", "Provider_Name": "Microsoft-Windows-DeviceSetupManager", "Computer": "DESKTOP-OFJ6N53", "TimeCreated": "2025-08-12 14:20:10.605400+00:00", "RecordID": "57180", "Level": "2", "UserID": "S-1-5-18", "EventData.Prop_ContainerId": "{298580E3-E0E9-5B21-9699-52225753EF2E}", "EventData.HRESULT": "2147943568"}
{"EventID": "112", "Channel": "Microsoft-Windows-DeviceSetupManager/Admin", "Provider_Name": "Microsoft-Windows-DeviceSetupManager", "Computer": "DESKTOP-OFJ6N53", "TimeCreated": "2025-08-12 14:20:10.606255+00:00", "RecordID": "57181", "Level": "4", "UserID": "S-1-5-18", "EventData.Prop_DeviceName": "Generic Non-PnP Monitor", "EventData.Prop_ContainerId": "{298580e3-e0e9-5b21-9699-52225753ef2e}", "EventData.Prop_TaskCount": "4", "EventData.Prop_PropertyCount": "0", "EventData.Prop_WorkTime_MilliSeconds": "1239"}
{"EventID": "131", "Channel": "Microsoft-Windows-DeviceSetupManager/Admin", "Provider_Name": "Microsoft-Windows-DeviceSetupManager", "Computer": "DESKTOP-OFJ6N53", "TimeCreated": "2025-08-12 14:20:10.901890+00:00", "RecordID": "57182", "Level": "2", "UserID": "S-1-5-18", "EventData.Prop_ContainerId": "{4DF4D30C-95BA-11EC-A6BC-00059A3C7A00}", "EventData.HRESULT": "2147943568"}
