{"EventID": "12", "Channel": "Microsoft-Windows-Security-Mitigations/KernelMode", "Provider_Name": "Microsoft-Windows-Security-Mitigations", "Computer": "DESKTOP-OFJ6N53", "TimeCreated": "2025-04-02 09:42:07.295359+00:00", "RecordID": "8759", "Level": "3", "UserID": "S-1-5-18", "EventData.ProcessPathLength": "102", "EventData.ProcessPath": "\\Device\\HarddiskVolume3\\ProgramData\\Microsoft\\Windows Defender\\Platform\\4.18.25020.1009-0\\MpCmdRun.exe", "EventData.ProcessCommandLineLength": "137", "EventData.ProcessCommandLine": "\"C:\\ProgramData\\Microsoft\\Windows Defender\\Platform\\4.18.25020.1009-0\\MpCmdRun.exe\" SignaturesUpdateService -ScheduleJob -UnmanagedUpdate", "EventData.ProcessId": "5332", "EventData.ProcessCreateTime": "2025-04-02 09:42:00.590096+00:00", "EventData.ProcessStartKey": "45035996273705357", "EventData.ProcessSignatureLevel": "8", "EventData.ProcessSectionSignatureLevel": "8", "EventData.ProcessProtection": "0", "EventData.TargetThreadId": "6276", "EventData.TargetThreadCreateTime": "2025-04-02 09:42:00.712540+00:00", "EventData.RequiredSignatureLevel": "8", "EventData.SignatureLevel": "0", "EventData.ImageNameLength": "60", "EventData.ImageName": "\\Program Files\\Common Files\\Crypto Pro\\AppCompat\\cpadvai.dll"}
{"EventID": "2", "Channel": "Microsoft-Windows-Security-Mitigations/KernelMode", "Provider_Name": "Microsoft-Windows-Security-Mitigations", "Computer": "DESKTOP-OFJ6N53", "TimeCreated": "2025-04-02 09:56:04.794846+00:00", "RecordID": "8760", "Level": "3", "UserID": "S-1-5-21-963789628-1060504924-4285088085-1001", "EventData.ProcessPathLength": "52", "EventData.ProcessPath": "\\Device\\HarddiskVolume3\\Windows\\System32\\dllhost.exe", "EventData.ProcessCommandLineLength": "81", "EventData.ProcessCommandLine": "C:\\Windows\\system32\\DllHost.exe /Processid:{7966B4D8-4FDC-4126-A10B-39A3209AD251}", "EventData.CallingProcessId": "10756", "EventData.CallingProcessCreateTime": "2025-04-02 09:56:04.789436+00:00", "EventData.CallingProcessStartKey": "45035996273705560", "EventData.CallingProcessSignatureLevel": "8", "EventData.CallingProcessSectionSignatureLevel": "8", "EventData.CallingProcessProtection": "0", "EventData.CallingThreadId": "12956", "EventData.CallingThreadCreateTime": "2025-04-02 09:56:04.789440+00:00"}
{"EventID": "2", "Channel": "Microsoft-Windows-Security-Mitigations/KernelMode", "Provider_Name": "Microsoft-Windows-Security-Mitigations", "Computer": "DESKTOP-OFJ6N53", "TimeCreated": "2025-04-02 09:56:04.933247+00:00", "RecordID": "8761", "Level": "3", "UserID": "S-1-5-21-963789628-1060504924-4285088085-1001", "EventData.ProcessPathLength": "52", "EventData.ProcessPath": "\\Device\\HarddiskVolume3\\Windows\\System32\\dllhost.exe", "EventData.ProcessCommandLineLength": "81", "EventData.ProcessCommandLine": "C:\\Windows\\system32\\DllHost.exe /Processid:{973D20D7-562D-44B9-B70B-5A0F49CCDF3F}", "EventData.CallingProcessId": "11540", "EventData.CallingProcessCreateTime": "2025-04-02 09:56:04.927670+00:00", "EventData.CallingProcessStartKey": "45035996273705561", "EventData.CallingProcessSignatureLevel": "8", "EventData.CallingProcessSectionSignatureLevel": "8", "EventData.CallingProcessProtection": "0", "EventData.CallingThreadId": "7712", "EventData.CallingThreadCreateTime": "2025-04-02 09:56:04.927673+00:00"}
{"EventID": "2", "Channel": "Microsoft-Windows-Security-Mitigations/KernelMode", "Provider_Name": "Microsoft-Windows-Security-Mitigations", "Computer": "DESKTOP-OFJ6N53", "TimeCreated": "2025-04-02 09:57:51.850386+00:00", "RecordID": "8762", "Level": "3", "UserID": "S-1-5-18", "EventData.ProcessPathLength": "52", "EventData.ProcessPath": "\\Device\\HarddiskVolume3\\Windows\\System32\\dllhost.exe", "EventData.ProcessCommandLineLength": "81", "EventData.ProcessCommandLine": "C:\\Windows\\system32\\DllHost.exe /Processid:{3EB3C877-1F16-487C-9050-104DBCD66683}", "EventData.CallingProcessId": "7448", "EventData.CallingProcessCreateTime": "2025-04-02 09:57:51.823254+00:00", "EventData.CallingProcessStartKey": "45317471250415761", "EventData.CallingProcessSignatureLevel": "8", "EventData.CallingProcessSectionSignatureLevel": "8", "EventData.CallingProcessProtection": "0", "EventData.CallingThreadId": "7452", "EventData.CallingThreadCreateTime": "2025-04-02 09:57:51.823256+00:00"}
{"EventID": "1", "Channel": "Microsoft-Windows-Security-Mitigations/KernelMode", "Provider_Name": "Microsoft-Windows-Security-Mitigations", "Computer": "DESKTOP-OFJ6N53", "TimeCreated": "2025-04-02 09:59:42.892033+00:00", "RecordID": "8763", "Level": "0", "UserID": "S-1-5-18", "EventData.ProcessPathLength": "52", "EventData.ProcessPath": "\\Device\\HarddiskVolume3\\Windows\\System32\\spoolsv.exe", "EventData.ProcessCommandLineLength": "31", "EventData.ProcessCommandLine": "C:\\Windows\\System32\\spoolsv.exe", "EventData.CallingProcessId": "3788", "EventData.CallingProcessCreateTime": "2025-04-02 09:57:42.801620+00:00", "EventData.CallingProcessStartKey": "45317471250415697", "EventData.CallingProcessSignatureLevel": "0", "EventData.CallingProcessSectionSignatureLevel": "0", "EventData.CallingProcessProtection": "0", "EventData.CallingThreadId": "4132", "EventData.CallingThreadCreateTime": "2025-04-02 09:57:42.878288+00:00"}
{"EventID": "3", "Channel": "Microsoft-Windows-Security-Mitigations/KernelMode", "Provider_Name": "Microsoft-Windows-Security-Mitigations", "Computer": "DESKTOP-OFJ6N53", "TimeCreated": "2025-04-09 14:37:43.640362+00:00", "RecordID": "8764", "Level": "0", "UserID": "S-1-5-18", "EventData.ProcessPathLength": "52", "EventData.ProcessPath": "\\Device\\HarddiskVolume3\\Windows\\System32\\spoolsv.exe", "EventData.ProcessCommandLineLength": "31", "EventData.ProcessCommandLine": "C:\\Windows\\System32\\spoolsv.exe", "EventData.CallingProcessId": "3716", "EventData.CallingProcessCreateTime": "2025-04-09 14:35:43.093195+00:00", "EventData.CallingProcessStartKey": "46724846133968973", "EventData.CallingProcessSignatureLevel": "0", "EventData.CallingProcessSectionSignatureLevel": "0", "EventData.CallingProcessProtection": "0", "EventData.CallingThreadId": "6640", "EventData.CallingThreadCreateTime": "2025-04-09 14:37:43.606121+00:00", "EventData.ChildImagePathNameLength": "32", "EventData.ChildImagePathName": "C:\\Windows\\system32\\regsvr32.exe", "EventData.ChildCommandLineLength": "93", "EventData.ChildCommandLine": "C:\\Windows\\system32\\regsvr32.exe /s \"C:\\Windows\\system32\\spool\\drivers\\x64\\3\\PrintConfig.dll\""}
{"EventID": "3", "Channel": "Microsoft-Windows-Security-Mitigations/KernelMode", "Provider_Name": "Microsoft-Windows-Security-Mitigations", "Computer": "DESKTOP-OFJ6N53", "TimeCreated": "2025-04-09 14:37:43.878344+00:00", "RecordID": "8765", "Level": "0", "UserID": "S-1-5-18", "EventData.ProcessPathLength": "52", "EventData.ProcessPath": "\\Device\\HarddiskVolume3\\Windows\\System32\\spoolsv.exe", "EventData.ProcessCommandLineLength": "31", "EventData.ProcessCommandLine": "C:\\Windows\\System32\\spoolsv.exe", "EventData.CallingProcessId": "3716", "EventData.CallingProcessCreateTime": "2025-04-09 14:35:43.093195+00:00", "EventData.CallingProcessStartKey": "46724846133968973", "EventData.CallingProcessSignatureLevel": "0", "EventData.CallingProcessSectionSignatureLevel": "0", "EventData.CallingProcessProtection": "0", "EventData.CallingThreadId": "6640", "EventData.CallingThreadCreateTime": "2025-04-09 14:37:43.606121+00:00", "EventData.ChildImagePathNameLength": "32", "EventData.ChildImagePathName": "C:\\Windows\\SysWOW64\\regsvr32.exe", "EventData.ChildCommandLineLength": "73", "EventData.ChildCommandLine": "C:\\Windows\\SysWOW64\\regsvr32.exe /s \"C:\\Windows\\SysWOW64\\PrintConfig.dll\""}
{"EventID": "3", "Channel": "Microsoft-Windows-Security-Mitigations/KernelMode", "Provider_Name": "Microsoft-Windows-Security-Mitigations", "Computer": "DESKTOP-OFJ6N53", "TimeCreated": "2025-05-14 14:44:10.630671+00:00", "RecordID": "8766", "Level": "0", "UserID": "S-1-5-18", "EventData.ProcessPathLength": "52", "EventData.ProcessPath": "\\Device\\HarddiskVolume3\\Windows\\System32\\spoolsv.exe", "EventData.ProcessCommandLineLength": "31", "EventData.ProcessCommandLine": "C:\\Windows\\System32\\spoolsv.exe", "EventData.CallingProcessId": "3576", "EventData.CallingProcessCreateTime": "2025-05-14 14:42:09.685522+00:00", "EventData.CallingProcessStartKey": "47287796087390283", "EventData.CallingProcessSignatureLevel": "0", "EventData.CallingProcessSectionSignatureLevel": "0", "EventData.CallingProcessProtection": "0", "EventData.CallingThreadId": "4844", "EventData.CallingThreadCreateTime": "2025-05-14 14:44:09.881332+00:00", "EventData.ChildImagePathNameLength": "32", "EventData.ChildImagePathName": "C:\\Windows\\system32\\regsvr32.exe", "EventData.ChildCommandLineLength": "93", "EventData.ChildCommandLine": "C:\\Windows\\system32\\regsvr32.exe /s \"C:\\Windows\\system32\\spool\\drivers\\x64\\3\\PrintConfig.dll\""}
{"EventID": "3", "Channel": "Microsoft-Windows-Security-Mitigations/KernelMode", "Provider_Name": "Microsoft-Windows-Security-Mitigations", "Computer": "DESKTOP-OFJ6N53", "TimeCreated": "2025-05-14 14:44:10.932457+00:00", "RecordID": "8767", "Level": "0", "UserID": "S-1-5-18", "EventData.ProcessPathLength": "52", "EventData.ProcessPath": "\\Device\\HarddiskVolume3\\Windows\\System32\\spoolsv.exe", "EventData.ProcessCommandLineLength": "31", "EventData.ProcessCommandLine": "C:\\Windows\\System32\\spoolsv.exe", "EventData.CallingProcessId": "3576", "EventData.CallingProcessCreateTime": "2025-05-14 14:42:09.685522+00:00", "EventData.CallingProcessStartKey": "47287796087390283", "EventData.CallingProcessSignatureLevel": "0", "EventData.CallingProcessSectionSignatureLevel": "0", "EventData.CallingProcessProtection": "0", "EventData.CallingThreadId": "4844", "EventData.CallingThreadCreateTime": "2025-05-14 14:44:09.881332+00:00", "EventData.ChildImagePathNameLength": "32", "EventData.ChildImagePathName": "C:\\Windows\\SysWOW64\\regsvr32.exe", "EventData.ChildCommandLineLength": "73", "EventData.ChildCommandLine": "C:\\Windows\\SysWOW64\\regsvr32.exe /s \"C:\\Windows\\SysWOW64\\PrintConfig.dll\""}
{"EventID": "3", "Channel": "Microsoft-Windows-Security-Mitigations/KernelMode", "Provider_Name": "Microsoft-Windows-Security-Mitigations", "Computer": "DESKTOP-OFJ6N53", "TimeCreated": "2025-06-11 14:47:43.600979+00:00", "RecordID": "8768", "Level": "0", "UserID": "S-1-5-18", "EventData.ProcessPathLength": "52", "EventData.ProcessPath": "\\Device\\HarddiskVolume3\\Windows\\System32\\spoolsv.exe", "EventData.ProcessCommandLineLength": "31", "EventData.ProcessCommandLine": "C:\\Windows\\System32\\spoolsv.exe", "EventData.CallingProcessId": "3688", "EventData.CallingProcessCreateTime": "2025-06-11 14:45:43.231352+00:00", "EventData.CallingProcessStartKey": "47569271064100940", "EventData.CallingProcessSignatureLevel": "0", "EventData.CallingProcessSectionSignatureLevel": "0", "EventData.CallingProcessProtection": "0", "EventData.CallingThreadId": "8232", "EventData.CallingThreadCreateTime": "2025-06-11 14:47:43.562325+00:00", "EventData.ChildImagePathNameLength": "32", "EventData.ChildImagePathName": "C:\\Windows\\system32\\regsvr32.exe", "EventData.ChildCommandLineLength": "93", "EventData.ChildCommandLine": "C:\\Windows\\system32\\regsvr32.exe /s \"C:\\Windows\\system32\\spool\\drivers\\x64\\3\\PrintConfig.dll\""}
{"EventID": "3", "Channel": "Microsoft-Windows-Security-Mitigations/KernelMode", "Provider_Name": "Microsoft-Windows-Security-Mitigations", "Computer": "DESKTOP-OFJ6N53", "TimeCreated": "2025-06-11 14:47:43.744848+00:00", "RecordID": "8769", "Level": "0", "UserID": "S-1-5-18", "EventData.ProcessPathLength": "52", "EventData.ProcessPath": "\\Device\\HarddiskVolume3\\Windows\\System32\\spoolsv.exe", "EventData.ProcessCommandLineLength": "31", "EventData.ProcessCommandLine": "C:\\Windows\\System32\\spoolsv.exe", "EventData.CallingProcessId": "3688", "EventData.CallingProcessCreateTime": "2025-06-11 14:45:43.231352+00:00", "EventData.CallingProcessStartKey": "47569271064100940", "EventData.CallingProcessSignatureLevel": "0", "EventData.CallingProcessSectionSignatureLevel": "0", "EventData.CallingProcessProtection": "0", "EventData.CallingThreadId": "8232", "EventData.CallingThreadCreateTime": "2025-06-11 14:47:43.562325+00:00", "EventData.ChildImagePathNameLength": "32", "EventData.ChildImagePathName": "C:\\Windows\\SysWOW64\\regsvr32.exe", "EventData.ChildCommandLineLength": "73", "EventData.ChildCommandLine": "C:\\Windows\\SysWOW64\\regsvr32.exe /s \"C:\\Windows\\SysWOW64\\PrintConfig.dll\""}
{"EventID": "34", "Channel": "Microsoft-Windows-Security-Mitigations/KernelMode", "Provider_Name": "Microsoft-Windows-Security-Mitigations", "Computer": "DESKTOP-OFJ6N53", "TimeCreated": "2025-07-07 12:45:34.271051+00:00", "RecordID": "8770", "Level": "3", "UserID": "S-1-5-21-963789628-1060504924-4285088085-1001", "EventData.ProcessPathLength": "81", "EventData.ProcessPath": "\\Device\\HarddiskVolume3\\Program Files (x86)\\Microsoft\\Edge\\Application\\msedge.exe", "EventData.ProcessCommandLineLength": "394", "EventData.ProcessCommandLine": "\"C:\\Program Files (x86)\\Microsoft\\Edge\\Application\\msedge.exe\" --type=utility --utility-sub-type=on_device_model.mojom.OnDeviceModelService --lang=ru --service-sandbox-type=on_device_model_execution --no-pre-read-main-dll --always-read-main-dll --field-trial-handle=2324,i,14295134792749452909,8526922412155648236,262144 --variations-seed-version --mojo-platform-channel-handle=1548 /prefetch:8", "EventData.CallingProcessId": "5060", "EventData.CallingProcessCreateTime": "2025-07-07 12:45:34.044950+00:00", "EventData.CallingProcessStartKey": "47569271064122109", "EventData.CallingProcessSignatureLevel": "0", "EventData.CallingProcessSectionSignatureLevel": "0", "EventData.CallingProcessProtection": "0", "EventData.CallingThreadId": "10848", "EventData.CallingThreadCreateTime": "2025-07-07 12:45:34.044956+00:00"}
{"EventID": "34", "Channel": "Microsoft-Windows-Security-Mitigations/KernelMode", "Provider_Name": "Microsoft-Windows-Security-Mitigations", "Computer": "DESKTOP-OFJ6N53", "TimeCreated": "2025-07-09 14:29:09.818308+00:00", "RecordID": "8771", "Level": "3", "UserID": "S-1-5-21-963789628-1060504924-4285088085-1001", "EventData.ProcessPathLength": "81", "EventData.ProcessPath": "\\Device\\HarddiskVolume3\\Program Files (x86)\\Microsoft\\Edge\\Application\\msedge.exe", "EventData.ProcessCommandLineLength": "394", "EventData.ProcessCommandLine": "\"C:\\Program Files (x86)\\Microsoft\\Edge\\Application\\msedge.exe\" --type=utility --utility-sub-type=on_device_model.mojom.OnDeviceModelService --lang=ru --service-sandbox-type=on_device_model_execution --no-pre-read-main-dll --always-read-main-dll --field-trial-handle=2368,i,16619992862231536118,7764839634210131709,262144 --variations-seed-version --mojo-platform-channel-handle=3016 /prefetch:8", "EventData.CallingProcessId": "12808", "EventData.CallingProcessCreateTime": "2025-07-09 14:29:09.451845+00:00", "EventData.CallingProcessStartKey": "47850746040814942", "EventData.CallingProcessSignatureLevel": "0", "EventData.CallingProcessSectionSignatureLevel": "0", "EventData.CallingProcessProtection": "0", "EventData.CallingThreadId": "1144", "EventData.CallingThreadCreateTime": "2025-07-09 14:29:09.451857+00:00"}
{"EventID": "3", "Channel": "Microsoft-Windows-Security-Mitigations/KernelMode", "Provider_Name": "Microsoft-Windows-Security-Mitigations", "Computer": "DESKTOP-OFJ6N53", "TimeCreated": "2025-07-09 14:41:54.711819+00:00", "RecordID": "8772", "Level": "0", "UserID": "S-1-5-18", "EventData.ProcessPathLength": "52", "EventData.ProcessPath": "\\Device\\HarddiskVolume3\\Windows\\System32\\spoolsv.exe", "EventData.ProcessCommandLineLength": "31", "EventData.ProcessCommandLine": "C:\\Windows\\System32\\spoolsv.exe", "EventData.CallingProcessId": "3624", "EventData.CallingProcessCreateTime": "2025-07-09 14:39:54.260878+00:00", "EventData.CallingProcessStartKey": "48132221017522252", "EventData.CallingProcessSignatureLevel": "0", "EventData.CallingProcessSectionSignatureLevel": "0", "EventData.CallingProcessProtection": "0", "EventData.CallingThreadId": "3532", "EventData.CallingThreadCreateTime": "2025-07-09 14:41:54.709442+00:00", "EventData.ChildImagePathNameLength": "32", "EventData.ChildImagePathName": "C:\\Windows\\system32\\regsvr32.exe", "EventData.ChildCommandLineLength": "93", "EventData.ChildCommandLine": "C:\\Windows\\system32\\regsvr32.exe /s \"C:\\Windows\\system32\\spool\\drivers\\x64\\3\\PrintConfig.dll\""}
{"EventID": "3", "Channel": "Microsoft-Windows-Security-Mitigations/KernelMode", "Provider_Name": "Microsoft-Windows-Security-Mitigations", "Computer": "DESKTOP-OFJ6N53", "TimeCreated": "2025-07-09 14:41:54.911970+00:00", "RecordID": "8773", "Level": "0", "UserID": "S-1-5-18", "EventData.ProcessPathLength": "52", "EventData.ProcessPath": "\\Device\\HarddiskVolume3\\Windows\\System32\\spoolsv.exe", "EventData.ProcessCommandLineLength": "31", "EventData.ProcessCommandLine": "C:\\Windows\\System32\\spoolsv.exe", "EventData.CallingProcessId": "3624", "EventData.CallingProcessCreateTime": "2025-07-09 14:39:54.260878+00:00", "EventData.CallingProcessStartKey": "48132221017522252", "EventData.CallingProcessSignatureLevel": "0", "EventData.CallingProcessSectionSignatureLevel": "0", "EventData.CallingProcessProtection": "0", "EventData.CallingThreadId": "3532", "EventData.CallingThreadCreateTime": "2025-07-09 14:41:54.709442+00:00", "EventData.ChildImagePathNameLength": "32", "EventData.ChildImagePathName": "C:\\Windows\\SysWOW64\\regsvr32.exe", "EventData.ChildCommandLineLength": "73", "EventData.ChildCommandLine": "C:\\Windows\\SysWOW64\\regsvr32.exe /s \"C:\\Windows\\SysWOW64\\PrintConfig.dll\""}
{"EventID": "34", "Channel": "Microsoft-Windows-Security-Mitigations/KernelMode", "Provider_Name": "Microsoft-Windows-Security-Mitigations", "Computer": "DESKTOP-OFJ6N53", "TimeCreated": "2025-07-14 09:55:56.365892+00:00", "RecordID": "8774", "Level": "3", "UserID": "S-1-5-21-963789628-1060504924-4285088085-1001", "EventData.ProcessPathLength": "81", "EventData.ProcessPath": "\\Device\\HarddiskVolume3\\Program Files (x86)\\Microsoft\\Edge\\Application\\msedge.exe", "EventData.ProcessCommandLineLength": "394", "EventData.ProcessCommandLine": "\"C:\\Program Files (x86)\\Microsoft\\Edge\\Application\\msedge.exe\" --type=utility --utility-sub-type=on_device_model.mojom.OnDeviceModelService --lang=ru --service-sandbox-type=on_device_model_execution --no-pre-read-main-dll --always-read-main-dll --field-trial-handle=2128,i,11183495831079670560,7462647151360709083,262144 --variations-seed-version --mojo-platform-channel-handle=3936 /prefetch:8", "EventData.CallingProcessId": "2752", "EventData.CallingProcessCreateTime": "2025-07-14 09:55:56.216642+00:00", "EventData.CallingProcessStartKey": "48132221017525570", "EventData.CallingProcessSignatureLevel": "0", "EventData.CallingProcessSectionSignatureLevel": "0", "EventData.CallingProcessProtection": "0", "EventData.CallingThreadId": "2212", "EventData.CallingThreadCreateTime": "2025-07-14 09:55:56.216654+00:00"}
{"EventID": "34", "Channel": "Microsoft-Windows-Security-Mitigations/KernelMode", "Provider_Name": "Microsoft-Windows-Security-Mitigations", "Computer": "DESKTOP-OFJ6N53", "TimeCreated": "2025-07-16 09:55:05.947203+00:00", "RecordID": "8775", "Level": "3", "UserID": "S-1-5-21-963789628-1060504924-4285088085-1001", "EventData.ProcessPathLength": "74", "EventData.ProcessPath": "\\Device\\HarddiskVolume3\\Program Files\\Google\\Chrome\\Application\\chrome.exe", "EventData.ProcessCommandLineLength": "362", "EventData.ProcessCommandLine": "\"C:\\Program Files\\Google\\Chrome\\Application\\chrome.exe\" --type=utility --utility-sub-type=on_device_model.mojom.OnDeviceModelService --lang=ru --service-sandbox-type=on_device_model_execution --no-pre-read-main-dll --field-trial-handle=2036,i,6423717695626892299,772478172206197656,262144 --variations-seed-version --mojo-platform-channel-handle=1288 /prefetch:8", "EventData.CallingProcessId": "10300", "EventData.CallingProcessCreateTime": "2025-07-16 09:55:05.756250+00:00", "EventData.CallingProcessStartKey": "48132221017528118", "EventData.CallingProcessSignatureLevel": "0", "EventData.CallingProcessSectionSignatureLevel": "0", "EventData.CallingProcessProtection": "0", "EventData.CallingThreadId": "10980", "EventData.CallingThreadCreateTime": "2025-07-16 09:55:05.756254+00:00"}
{"EventID": "34", "Channel": "Microsoft-Windows-Security-Mitigations/KernelMode", "Provider_Name": "Microsoft-Windows-Security-Mitigations", "Computer": "DESKTOP-OFJ6N53", "TimeCreated": "2025-07-18 10:27:12.846497+00:00", "RecordID": "8776", "Level": "3", "UserID": "S-1-5-21-963789628-1060504924-4285088085-1001", "EventData.ProcessPathLength": "81", "EventData.ProcessPath": "\\Device\\HarddiskVolume3\\Program Files (x86)\\Microsoft\\Edge\\Application\\msedge.exe", "EventData.ProcessCommandLineLength": "393", "EventData.ProcessCommandLine": "\"C:\\Program Files (x86)\\Microsoft\\Edge\\Application\\msedge.exe\" --type=utility --utility-sub-type=on_device_model.mojom.OnDeviceModelService --lang=ru --service-sandbox-type=on_device_model_execution --no-pre-read-main-dll --always-read-main-dll --field-trial-handle=2348,i,7629785858963561410,9686051521168564752,262144 --variations-seed-version --mojo-platform-channel-handle=2360 /prefetch:8", "EventData.CallingProcessId": "3868", "EventData.CallingProcessCreateTime": "2025-07-18 10:27:12.624481+00:00", "EventData.CallingProcessStartKey": "48132221017530562", "EventData.CallingProcessSignatureLevel": "0", "EventData.CallingProcessSectionSignatureLevel": "0", "EventData.CallingProcessProtection": "0", "EventData.CallingThreadId": "10828", "EventData.CallingThreadCreateTime": "2025-07-18 10:27:12.624485+00:00"}
{"EventID": "34", "Channel": "Microsoft-Windows-Security-Mitigations/KernelMode", "Provider_Name": "Microsoft-Windows-Security-Mitigations", "Computer": "DESKTOP-OFJ6N53", "TimeCreated": "2025-07-31 11:17:17.440689+00:00", "RecordID": "8777", "Level": "3", "UserID": "S-1-5-21-963789628-1060504924-4285088085-1001", "EventData.ProcessPathLength": "81", "EventData.ProcessPath": "\\Device\\HarddiskVolume3\\Program Files (x86)\\Microsoft\\Edge\\Application\\msedge.exe", "EventData.ProcessCommandLineLength": "393", "EventData.ProcessCommandLine": "\"C:\\Program Files (x86)\\Microsoft\\Edge\\Application\\msedge.exe\" --type=utility --utility-sub-type=on_device_model.mojom.OnDeviceModelService --lang=ru --service-sandbox-type=on_device_model_execution --no-pre-read-main-dll --always-read-main-dll --field-trial-handle=2440,i,9989273503394618634,7394605717578035424,262144 --variations-seed-version --mojo-platform-channel-handle=5300 /prefetch:8", "EventData.CallingProcessId": "13076", "EventData.CallingProcessCreateTime": "2025-07-31 11:17:17.182371+00:00", "EventData.CallingProcessStartKey": "48695170970944476", "EventData.CallingProcessSignatureLevel": "0", "EventData.CallingProcessSectionSignatureLevel": "0", "EventData.CallingProcessProtection": "0", "EventData.CallingThreadId": "12668", "EventData.CallingThreadCreateTime": "2025-07-31 11:17:17.182373+00:00"}
{"EventID": "2", "Channel": "Microsoft-Windows-Security-Mitigations/KernelMode", "Provider_Name": "Microsoft-Windows-Security-Mitigations", "Computer": "DESKTOP-OFJ6N53", "TimeCreated": "2025-07-31 11:18:24.558290+00:00", "RecordID": "8778", "Level": "3", "UserID": "S-1-5-21-963789628-1060504924-4285088085-1001", "EventData.ProcessPathLength": "74", "EventData.ProcessPath": "\\Device\\HarddiskVolume3\\Program Files\\Google\\Chrome\\Application\\chrome.exe", "EventData.ProcessCommandLineLength": "426", "EventData.ProcessCommandLine": "\"C:\\Program Files\\Google\\Chrome\\Application\\chrome.exe\" --type=utility --utility-sub-type=audio.mojom.AudioService --lang=ru --service-sandbox-type=audio --no-pre-read-main-dll --metrics-shmem-handle=6236,i,117542257261165084,16034190806532057567,524288 --field-trial-handle=2044,i,9663952947390746578,12643216198361852229,262144 --variations-seed-version=20250730-180055.533000 --mojo-platform-channel-handle=5756 /prefetch:8", "EventData.CallingProcessId": "3568", "EventData.CallingProcessCreateTime": "2025-07-31 11:18:24.483360+00:00", "EventData.CallingProcessStartKey": "48695170970944490", "EventData.CallingProcessSignatureLevel": "8", "EventData.CallingProcessSectionSignatureLevel": "8", "EventData.CallingProcessProtection": "0", "EventData.CallingThreadId": "13024", "EventData.CallingThreadCreateTime": "2025-07-31 11:18:24.483362+00:00"}
{"EventID": "34", "Channel": "Microsoft-Windows-Security-Mitigations/KernelMode", "Provider_Name": "Microsoft-Windows-Security-Mitigations", "Computer": "DESKTOP-OFJ6N53", "TimeCreated": "2025-07-31 11:24:44.177605+00:00", "RecordID": "8779", "Level": "3", "UserID": "S-1-5-21-963789628-1060504924-4285088085-1001", "EventData.ProcessPathLength": "74", "EventData.ProcessPath": "\\Device\\HarddiskVolume3\\Program Files\\Google\\Chrome\\Application\\chrome.exe", "EventData.ProcessCommandLineLength": "464", "EventData.ProcessCommandLine": "\"C:\\Program Files\\Google\\Chrome\\Application\\chrome.exe\" --type=utility --utility-sub-type=on_device_model.mojom.OnDeviceModelService --lang=ru --service-sandbox-type=on_device_model_execution --no-pre-read-main-dll --metrics-shmem-handle=6044,i,4535012240724723340,2119780924158213223,524288 --field-trial-handle=2020,i,14469773527382008554,5559616602149599701,262144 --variations-seed-version=20250730-180055.533000 --mojo-platform-channel-handle=6084 /prefetch:8", "EventData.CallingProcessId": "3544", "EventData.CallingProcessCreateTime": "2025-07-31 11:24:44.087719+00:00", "EventData.CallingProcessStartKey": "48695170970944606", "EventData.CallingProcessSignatureLevel": "0", "EventData.CallingProcessSectionSignatureLevel": "0", "EventData.CallingProcessProtection": "0", "EventData.CallingThreadId": "9300", "EventData.CallingThreadCreateTime": "2025-07-31 11:24:44.087723+00:00"}
{"EventID": "34", "Channel": "Microsoft-Windows-Security-Mitigations/KernelMode", "Provider_Name": "Microsoft-Windows-Security-Mitigations", "Computer": "DESKTOP-OFJ6N53", "TimeCreated": "2025-08-04 15:21:25.071716+00:00", "RecordID": "8780", "Level": "3", "UserID": "S-1-5-21-963789628-1060504924-4285088085-1001", "EventData.ProcessPathLength": "74", "EventData.ProcessPath": "\\Device\\HarddiskVolume3\\Program Files\\Google\\Chrome\\Application\\chrome.exe", "EventData.ProcessCommandLineLength": "465", "EventData.ProcessCommandLine": "\"C:\\Program Files\\Google\\Chrome\\Application\\chrome.exe\" --type=utility --utility-sub-type=on_device_model.mojom.OnDeviceModelService --lang=ru --service-sandbox-type=on_device_model_execution --no-pre-read-main-dll --metrics-shmem-handle=1344,i,8066044955061379303,14052347431163408979,524288 --field-trial-handle=2056,i,4939507652098781737,14599613408602811119,262144 --variations-seed-version=20250803-180036.179000 --mojo-platform-channel-handle=5564 /prefetch:8", "EventData.CallingProcessId": "13996", "EventData.CallingProcessCreateTime": "2025-08-04 15:21:24.964949+00:00", "EventData.CallingProcessStartKey": "48695170970949332", "EventData.CallingProcessSignatureLevel": "0", "EventData.CallingProcessSectionSignatureLevel": "0", "EventData.CallingProcessProtection": "0", "EventData.CallingThreadId": "9324", "EventData.CallingThreadCreateTime": "2025-08-04 15:21:24.964951+00:00"}
{"EventID": "34", "Channel": "Microsoft-Windows-Security-Mitigations/KernelMode", "Provider_Name": "Microsoft-Windows-Security-Mitigations", "Computer": "DESKTOP-OFJ6N53", "TimeCreated": "2025-08-05 11:25:37.805229+00:00", "RecordID": "8781", "Level": "3", "UserID": "S-1-5-21-963789628-1060504924-4285088085-1001", "EventData.ProcessPathLength": "81", "EventData.ProcessPath": "\\Device\\HarddiskVolume3\\Program Files (x86)\\Microsoft\\Edge\\Application\\msedge.exe", "EventData.ProcessCommandLineLength": "394", "EventData.ProcessCommandLine": "\"C:\\Program Files (x86)\\Microsoft\\Edge\\Application\\msedge.exe\" --type=utility --utility-sub-type=on_device_model.mojom.OnDeviceModelService --lang=ru --service-sandbox-type=on_device_model_execution --no-pre-read-main-dll --always-read-main-dll --field-trial-handle=2428,i,14604312871536599510,5189846143675970700,262144 --variations-seed-version --mojo-platform-channel-handle=3116 /prefetch:8", "EventData.CallingProcessId": "4900", "EventData.CallingProcessCreateTime": "2025-08-05 11:25:37.567818+00:00", "EventData.CallingProcessStartKey": "48695170970950930", "EventData.CallingProcessSignatureLevel": "0", "EventData.CallingProcessSectionSignatureLevel": "0", "EventData.CallingProcessProtection": "0", "EventData.CallingThreadId": "10276", "EventData.CallingThreadCreateTime": "2025-08-05 11:25:37.567820+00:00"}
{"EventID": "34", "Channel": "Microsoft-Windows-Security-Mitigations/KernelMode", "Provider_Name": "Microsoft-Windows-Security-Mitigations", "Computer": "DESKTOP-OFJ6N53", "TimeCreated": "2025-08-12 12:23:18.178301+00:00", "RecordID": "8782", "Level": "3", "UserID": "S-1-5-21-963789628-1060504924-4285088085-1001", "EventData.ProcessPathLength": "81", "EventData.ProcessPath": "\\Device\\HarddiskVolume3\\Program Files (x86)\\Microsoft\\Edge\\Application\\msedge.exe", "EventData.ProcessCommandLineLength": "480", "EventData.ProcessCommandLine": "\"C:\\Program Files (x86)\\Microsoft\\Edge\\Application\\msedge.exe\" --type=utility --utility-sub-type=on_device_model.mojom.OnDeviceModelService --lang=ru --service-sandbox-type=on_device_model_execution --no-pre-read-main-dll --ssd-no-pressure-read-main-dll --metrics-shmem-handle=4404,i,18194841622971279943,2402767263899461168,524288 --field-trial-handle=2372,i,8179150481287726594,6289806795053807607,262144 --variations-seed-version --mojo-platform-channel-handle=4712 /prefetch:8", "EventData.CallingProcessId": "3316", "EventData.CallingProcessCreateTime": "2025-08-12 12:23:17.307743+00:00", "EventData.CallingProcessStartKey": "48976645947654693", "EventData.CallingProcessSignatureLevel": "0", "EventData.CallingProcessSectionSignatureLevel": "0", "EventData.CallingProcessProtection": "0", "EventData.CallingThreadId": "2760", "EventData.CallingThreadCreateTime": "2025-08-12 12:23:17.307745+00:00"}
{"EventID": "3", "Channel": "Microsoft-Windows-Security-Mitigations/KernelMode", "Provider_Name": "Microsoft-Windows-Security-Mitigations", "Computer": "DESKTOP-OFJ6N53", "TimeCreated": "2025-08-13 14:42:15.779076+00:00", "RecordID": "8783", "Level": "0", "UserID": "S-1-5-18", "EventData.ProcessPathLength": "52", "EventData.ProcessPath": "\\Device\\HarddiskVolume3\\Windows\\System32\\spoolsv.exe", "EventData.ProcessCommandLineLength": "31", "EventData.ProcessCommandLine": "C:\\Windows\\System32\\spoolsv.exe", "EventData.CallingProcessId": "3872", "EventData.CallingProcessCreateTime": "2025-08-13 14:40:11.612537+00:00", "EventData.CallingProcessStartKey": "49258120924364877", "EventData.CallingProcessSignatureLevel": "0", "EventData.CallingProcessSectionSignatureLevel": "0", "EventData.CallingProcessProtection": "0", "EventData.CallingThreadId": "4988", "EventData.CallingThreadCreateTime": "2025-08-13 14:42:12.940821+00:00", "EventData.ChildImagePathNameLength": "32", "EventData.ChildImagePathName": "C:\\Windows\\system32\\regsvr32.exe", "EventData.ChildCommandLineLength": "93", "EventData.ChildCommandLine": "C:\\Windows\\system32\\regsvr32.exe /s \"C:\\Windows\\system32\\spool\\drivers\\x64\\3\\PrintConfig.dll\""}
{"EventID": "3", "Channel": "Microsoft-Windows-Security-Mitigations/KernelMode", "Provider_Name": "Microsoft-Windows-Security-Mitigations", "Computer": "DESKTOP-OFJ6N53", "TimeCreated": "2025-08-13 14:42:16.919920+00:00", "RecordID": "8784", "Level": "0", "UserID": "S-1-5-18", "EventData.ProcessPathLength": "52", "EventData.ProcessPath": "\\Device\\HarddiskVolume3\\Windows\\System32\\spoolsv.exe", "EventData.ProcessCommandLineLength": "31", "EventData.ProcessCommandLine": "C:\\Windows\\System32\\spoolsv.exe", "EventData.CallingProcessId": "3872", "EventData.CallingProcessCreateTime": "2025-08-13 14:40:11.612537+00:00", "EventData.CallingProcessStartKey": "49258120924364877", "EventData.CallingProcessSignatureLevel": "0", "EventData.CallingProcessSectionSignatureLevel": "0", "EventData.CallingProcessProtection": "0", "EventData.CallingThreadId": "4988", "EventData.CallingThreadCreateTime": "2025-08-13 14:42:12.940821+00:00", "EventData.ChildImagePathNameLength": "32", "EventData.ChildImagePathName": "C:\\Windows\\SysWOW64\\regsvr32.exe", "EventData.ChildCommandLineLength": "73", "EventData.ChildCommandLine": "C:\\Windows\\SysWOW64\\regsvr32.exe /s \"C:\\Windows\\SysWOW64\\PrintConfig.dll\""}
{"EventID": "34", "Channel": "Microsoft-Windows-Security-Mitigations/KernelMode", "Provider_Name": "Microsoft-Windows-Security-Mitigations", "Computer": "DESKTOP-OFJ6N53", "TimeCreated": "2025-08-17 08:47:31.552992+00:00", "RecordID": "8785", "Level": "3", "UserID": "S-1-5-21-963789628-1060504924-4285088085-1001", "EventData.ProcessPathLength": "81", "EventData.ProcessPath": "\\Device\\HarddiskVolume3\\Program Files (x86)\\Microsoft\\Edge\\Application\\msedge.exe", "EventData.ProcessCommandLineLength": "480", "EventData.ProcessCommandLine": "\"C:\\Program Files (x86)\\Microsoft\\Edge\\Application\\msedge.exe\" --type=utility --utility-sub-type=on_device_model.mojom.OnDeviceModelService --lang=ru --service-sandbox-type=on_device_model_execution --no-pre-read-main-dll --ssd-no-pressure-read-main-dll --metrics-shmem-handle=624,i,9855403777106409095,2034579734903231584,524288 --field-trial-handle=2272,i,18404218653176096342,14884004340549503926,262144 --variations-seed-version --mojo-platform-channel-handle=2876 /prefetch:8", "EventData.CallingProcessId": "2796", "EventData.CallingProcessCreateTime": "2025-08-17 08:47:31.364511+00:00", "EventData.CallingProcessStartKey": "49258120924376346", "EventData.CallingProcessSignatureLevel": "0", "EventData.CallingProcessSectionSignatureLevel": "0", "EventData.CallingProcessProtection": "0", "EventData.CallingThreadId": "1996", "EventData.CallingThreadCreateTime": "2025-08-17 08:47:31.364515+00:00"}
{"EventID": "10", "Channel": "Microsoft-Windows-Security-Mitigations/KernelMode", "Provider_Name": "Microsoft-Windows-Security-Mitigations", "Computer": "DESKTOP-OFJ6N53", "TimeCreated": "2025-08-18 08:07:58.461554+00:00", "RecordID": "8786", "Level": "3", "UserID": "S-1-5-21-963789628-1060504924-4285088085-1001", "EventData.ProcessPathLength": "81", "EventData.ProcessPath": "\\Device\\HarddiskVolume3\\Users\\sk.batsiev\\AppData\\Local\\Programs\\cursor\\Cursor.exe", "EventData.ProcessCommandLineLength": "512", "EventData.ProcessCommandLine": "\"C:\\Users\\sk.batsiev\\AppData\\Local\\Programs\\cursor\\Cursor.exe\" --type=renderer --user-data-dir=\"C:\\Users\\sk.batsiev\\AppData\\Roaming\\Cursor\" --standard-schemes=vscode-webview,vscode-file --enable-sandbox --secure-schemes=vscode-webview,vscode-file --cors-schemes=vscode-webview,vscode-file --fetch-schemes=vscode-webview,vscode-file --service-worker-schemes=vscode-webview --code-cache-schemes=vscode-webview,vscode-file --app-user-model-id=Anysphere.Cursor --app-path=\"C:\\Users\\sk.batsiev\\AppData\\Local\\Programs\\", "EventData.CallingProcessId": "14264", "EventData.CallingProcessCreateTime": "2025-08-18 08:07:58.420410+00:00", "EventData.CallingProcessStartKey": "49258120924377588", "EventData.CallingProcessSignatureLevel": "0", "EventData.CallingProcessSectionSignatureLevel": "0", "EventData.CallingProcessProtection": "0", "EventData.CallingThreadId": "13944", "EventData.CallingThreadCreateTime": "2025-08-18 08:07:58.420416+00:00"}
{"EventID": "10", "Channel": "Microsoft-Windows-Security-Mitigations/KernelMode", "Provider_Name": "Microsoft-Windows-Security-Mitigations", "Computer": "DESKTOP-OFJ6N53", "TimeCreated": "2025-08-18 08:08:00.077272+00:00", "RecordID": "8787", "Level": "3", "UserID": "S-1-5-21-963789628-1060504924-4285088085-1001", "EventData.ProcessPathLength": "81", "EventData.ProcessPath": "\\Device\\HarddiskVolume3\\Users\\sk.batsiev\\AppData\\Local\\Programs\\cursor\\Cursor.exe", "EventData.ProcessCommandLineLength": "512", "EventData.ProcessCommandLine": "\"C:\\Users\\sk.batsiev\\AppData\\Local\\Programs\\cursor\\Cursor.exe\" --type=renderer --user-data-dir=\"C:\\Users\\sk.batsiev\\AppData\\Roaming\\Cursor\" --standard-schemes=vscode-webview,vscode-file --enable-sandbox --secure-schemes=vscode-webview,vscode-file --cors-schemes=vscode-webview,vscode-file --fetch-schemes=vscode-webview,vscode-file --service-worker-schemes=vscode-webview --code-cache-schemes=vscode-webview,vscode-file --app-user-model-id=Anysphere.Cursor --app-path=\"C:\\Users\\sk.batsiev\\AppData\\Local\\Programs\\", "EventData.CallingProcessId": "10812", "EventData.CallingProcessCreateTime": "2025-08-18 08:08:00.004766+00:00", "EventData.CallingProcessStartKey": "49258120924377593", "EventData.CallingProcessSignatureLevel": "0", "EventData.CallingProcessSectionSignatureLevel": "0", "EventData.CallingProcessProtection": "0", "EventData.CallingThreadId": "14288", "EventData.CallingThreadCreateTime": "2025-08-18 08:08:00.004770+00:00"}
{"EventID": "2", "Channel": "Microsoft-Windows-Security-Mitigations/KernelMode", "Provider_Name": "Microsoft-Windows-Security-Mitigations", "Computer": "DESKTOP-OFJ6N53", "TimeCreated": "2025-08-18 08:14:36.712454+00:00", "RecordID": "8788", "Level": "3", "UserID": "S-1-5-21-963789628-1060504924-4285088085-1001", "EventData.ProcessPathLength": "74", "EventData.ProcessPath": "\\Device\\HarddiskVolume3\\Program Files\\Google\\Chrome\\Application\\chrome.exe", "EventData.ProcessCommandLineLength": "428", "EventData.ProcessCommandLine": "\"C:\\Program Files\\Google\\Chrome\\Application\\chrome.exe\" --type=utility --utility-sub-type=audio.mojom.AudioService --lang=ru --service-sandbox-type=audio --no-pre-read-main-dll --metrics-shmem-handle=7832,i,12770643747105093886,13415435970163052600,524288 --field-trial-handle=2040,i,5816689898719070638,11047928890124197667,262144 --variations-seed-version=20250814-180035.011000 --mojo-platform-channel-handle=7060 /prefetch:8", "EventData.CallingProcessId": "13668", "EventData.CallingProcessCreateTime": "2025-08-18 08:14:36.638870+00:00", "EventData.CallingProcessStartKey": "49258120924377682", "EventData.CallingProcessSignatureLevel": "8", "EventData.CallingProcessSectionSignatureLevel": "8", "EventData.CallingProcessProtection": "0", "EventData.CallingThreadId": "5112", "EventData.CallingThreadCreateTime": "2025-08-18 08:14:36.638874+00:00"}
{"EventID": "10", "Channel": "Microsoft-Windows-Security-Mitigations/KernelMode", "Provider_Name": "Microsoft-Windows-Security-Mitigations", "Computer": "DESKTOP-OFJ6N53", "TimeCreated": "2025-08-18 08:20:17.082682+00:00", "RecordID": "8789", "Level": "3", "UserID": "S-1-5-21-963789628-1060504924-4285088085-1001", "EventData.ProcessPathLength": "81", "EventData.ProcessPath": "\\Device\\HarddiskVolume3\\Users\\sk.batsiev\\AppData\\Local\\Programs\\cursor\\Cursor.exe", "EventData.ProcessCommandLineLength": "512", "EventData.ProcessCommandLine": "\"C:\\Users\\sk.batsiev\\AppData\\Local\\Programs\\cursor\\Cursor.exe\" --type=renderer --user-data-dir=\"C:\\Users\\sk.batsiev\\AppData\\Roaming\\Cursor\" --standard-schemes=vscode-webview,vscode-file --enable-sandbox --secure-schemes=vscode-webview,vscode-file --cors-schemes=vscode-webview,vscode-file --fetch-schemes=vscode-webview,vscode-file --service-worker-schemes=vscode-webview --code-cache-schemes=vscode-webview,vscode-file --app-user-model-id=Anysphere.Cursor --app-path=\"C:\\Users\\sk.batsiev\\AppData\\Local\\Programs\\", "EventData.CallingProcessId": "10496", "EventData.CallingProcessCreateTime": "2025-08-18 08:20:16.892208+00:00", "EventData.CallingProcessStartKey": "49258120924377989", "EventData.CallingProcessSignatureLevel": "0", "EventData.CallingProcessSectionSignatureLevel": "0", "EventData.CallingProcessProtection": "0", "EventData.CallingThreadId": "13388", "EventData.CallingThreadCreateTime": "2025-08-18 08:20:16.892218+00:00"}
{"EventID": "2", "Channel": "Microsoft-Windows-Security-Mitigations/KernelMode", "Provider_Name": "Microsoft-Windows-Security-Mitigations", "Computer": "DESKTOP-OFJ6N53", "TimeCreated": "2025-08-18 12:08:59.719717+00:00", "RecordID": "8790", "Level": "3", "UserID": "S-1-5-21-963789628-1060504924-4285088085-1001", "EventData.ProcessPathLength": "74", "EventData.ProcessPath": "\\Device\\HarddiskVolume3\\Program Files\\Google\\Chrome\\Application\\chrome.exe", "EventData.ProcessCommandLineLength": "429", "EventData.ProcessCommandLine": "\"C:\\Program Files\\Google\\Chrome\\Application\\chrome.exe\" --type=utility --utility-sub-type=audio.mojom.AudioService --lang=ru --service-sandbox-type=audio --no-pre-read-main-dll --metrics-shmem-handle=6772,i,15664200803289304882,17212232053801835058,524288 --field-trial-handle=2036,i,16744522836242897860,15513410793290754012,262144 --variations-seed-version=20250817-180047.308000 --mojo-platform-channel-handle=6776 /prefetch:8", "EventData.CallingProcessId": "8276", "EventData.CallingProcessCreateTime": "2025-08-18 12:08:59.669924+00:00", "EventData.CallingProcessStartKey": "49258120924379981", "EventData.CallingProcessSignatureLevel": "8", "EventData.CallingProcessSectionSignatureLevel": "8", "EventData.CallingProcessProtection": "0", "EventData.CallingThreadId": "9160", "EventData.CallingThreadCreateTime": "2025-08-18 12:08:59.669928+00:00"}
{"EventID": "10", "Channel": "Microsoft-Windows-Security-Mitigations/KernelMode", "Provider_Name": "Microsoft-Windows-Security-Mitigations", "Computer": "DESKTOP-OFJ6N53", "TimeCreated": "2025-08-19 09:14:50.444990+00:00", "RecordID": "8791", "Level": "3", "UserID": "S-1-5-21-963789628-1060504924-4285088085-1001", "EventData.ProcessPathLength": "81", "EventData.ProcessPath": "\\Device\\HarddiskVolume3\\Users\\sk.batsiev\\AppData\\Local\\Programs\\cursor\\Cursor.exe", "EventData.ProcessCommandLineLength": "512", "EventData.ProcessCommandLine": "\"C:\\Users\\sk.batsiev\\AppData\\Local\\Programs\\cursor\\Cursor.exe\" --type=renderer --user-data-dir=\"C:\\Users\\sk.batsiev\\AppData\\Roaming\\Cursor\" --standard-schemes=vscode-webview,vscode-file --enable-sandbox --secure-schemes=vscode-webview,vscode-file --cors-schemes=vscode-webview,vscode-file --fetch-schemes=vscode-webview,vscode-file --service-worker-schemes=vscode-webview --code-cache-schemes=vscode-webview,vscode-file --app-user-model-id=Anysphere.Cursor --app-path=\"C:\\Users\\sk.batsiev\\AppData\\Local\\Programs\\", "EventData.CallingProcessId": "5984", "EventData.CallingProcessCreateTime": "2025-08-19 09:14:50.326273+00:00", "EventData.CallingProcessStartKey": "49821070877787184", "EventData.CallingProcessSignatureLevel": "0", "EventData.CallingProcessSectionSignatureLevel": "0", "EventData.CallingProcessProtection": "0", "EventData.CallingThreadId": "2916", "EventData.CallingThreadCreateTime": "2025-08-19 09:14:50.326279+00:00"}
{"EventID": "10", "Channel": "Microsoft-Windows-Security-Mitigations/KernelMode", "Provider_Name": "Microsoft-Windows-Security-Mitigations", "Computer": "DESKTOP-OFJ6N53", "TimeCreated": "2025-08-19 09:17:29.180700+00:00", "RecordID": "8792", "Level": "3", "UserID": "S-1-5-21-963789628-1060504924-4285088085-1001", "EventData.ProcessPathLength": "81", "EventData.ProcessPath": "\\Device\\HarddiskVolume3\\Users\\sk.batsiev\\AppData\\Local\\Programs\\cursor\\Cursor.exe", "EventData.ProcessCommandLineLength": "512", "EventData.ProcessCommandLine": "\"C:\\Users\\sk.batsiev\\AppData\\Local\\Programs\\cursor\\Cursor.exe\" --type=renderer --user-data-dir=\"C:\\Users\\sk.batsiev\\AppData\\Roaming\\Cursor\" --standard-schemes=vscode-webview,vscode-file --enable-sandbox --secure-schemes=vscode-webview,vscode-file --cors-schemes=vscode-webview,vscode-file --fetch-schemes=vscode-webview,vscode-file --service-worker-schemes=vscode-webview --code-cache-schemes=vscode-webview,vscode-file --app-user-model-id=Anysphere.Cursor --app-path=\"C:\\Users\\sk.batsiev\\AppData\\Local\\Programs\\", "EventData.CallingProcessId": "13116", "EventData.CallingProcessCreateTime": "2025-08-19 09:17:29.126148+00:00", "EventData.CallingProcessStartKey": "49821070877787405", "EventData.CallingProcessSignatureLevel": "0", "EventData.CallingProcessSectionSignatureLevel": "0", "EventData.CallingProcessProtection": "0", "EventData.CallingThreadId": "6524", "EventData.CallingThreadCreateTime": "2025-08-19 09:17:29.126152+00:00"}
{"EventID": "34", "Channel": "Microsoft-Windows-Security-Mitigations/KernelMode", "Provider_Name": "Microsoft-Windows-Security-Mitigations", "Computer": "DESKTOP-OFJ6N53", "TimeCreated": "2025-08-23 16:03:24.322010+00:00", "RecordID": "8793", "Level": "3", "UserID": "S-1-5-21-963789628-1060504924-4285088085-1001", "EventData.ProcessPathLength": "81", "EventData.ProcessPath": "\\Device\\HarddiskVolume3\\Program Files (x86)\\Microsoft\\Edge\\Application\\msedge.exe", "EventData.ProcessCommandLineLength": "480", "EventData.ProcessCommandLine": "\"C:\\Program Files (x86)\\Microsoft\\Edge\\Application\\msedge.exe\" --type=utility --utility-sub-type=on_device_model.mojom.OnDeviceModelService --lang=ru --service-sandbox-type=on_device_model_execution --no-pre-read-main-dll --ssd-no-pressure-read-main-dll --metrics-shmem-handle=3180,i,6559032067612476124,424553329004569842,524288 --field-trial-handle=2392,i,15318790379821283944,16603055344417161242,262144 --variations-seed-version --mojo-platform-channel-handle=3740 /prefetch:8", "EventData.CallingProcessId": "8404", "EventData.CallingProcessCreateTime": "2025-08-23 16:03:23.402376+00:00", "EventData.CallingProcessStartKey": "50102545854498953", "EventData.CallingProcessSignatureLevel": "0", "EventData.CallingProcessSectionSignatureLevel": "0", "EventData.CallingProcessProtection": "0", "EventData.CallingThreadId": "852", "EventData.CallingThreadCreateTime": "2025-08-23 16:03:23.402382+00:00"}
{"EventID": "10", "Channel": "Microsoft-Windows-Security-Mitigations/KernelMode", "Provider_Name": "Microsoft-Windows-Security-Mitigations", "Computer": "DESKTOP-OFJ6N53", "TimeCreated": "2025-08-23 19:01:02.991409+00:00", "RecordID": "8794", "Level": "3", "UserID": "S-1-5-21-963789628-1060504924-4285088085-1001", "EventData.ProcessPathLength": "81", "EventData.ProcessPath": "\\Device\\HarddiskVolume3\\Users\\sk.batsiev\\AppData\\Local\\Programs\\cursor\\Cursor.exe", "EventData.ProcessCommandLineLength": "512", "EventData.ProcessCommandLine": "\"C:\\Users\\sk.batsiev\\AppData\\Local\\Programs\\cursor\\Cursor.exe\" --type=renderer --user-data-dir=\"C:\\Users\\sk.batsiev\\AppData\\Roaming\\Cursor\" --standard-schemes=vscode-webview,vscode-file --enable-sandbox --secure-schemes=vscode-webview,vscode-file --cors-schemes=vscode-webview,vscode-file --fetch-schemes=vscode-webview,vscode-file --service-worker-schemes=vscode-webview --code-cache-schemes=vscode-webview,vscode-file --app-user-model-id=Anysphere.Cursor --app-path=\"C:\\Users\\sk.batsiev\\AppData\\Local\\Programs\\", "EventData.CallingProcessId": "9036", "EventData.CallingProcessCreateTime": "2025-08-23 19:01:02.832579+00:00", "EventData.CallingProcessStartKey": "50102545854499589", "EventData.CallingProcessSignatureLevel": "0", "EventData.CallingProcessSectionSignatureLevel": "0", "EventData.CallingProcessProtection": "0", "EventData.CallingThreadId": "1884", "EventData.CallingThreadCreateTime": "2025-08-23 19:01:02.832582+00:00"}
{"EventID": "10", "Channel": "Microsoft-Windows-Security-Mitigations/KernelMode", "Provider_Name": "Microsoft-Windows-Security-Mitigations", "Computer": "DESKTOP-OFJ6N53", "TimeCreated": "2025-08-23 19:05:11.941568+00:00", "RecordID": "8795", "Level": "3", "UserID": "S-1-5-21-963789628-1060504924-4285088085-1001", "EventData.ProcessPathLength": "81", "EventData.ProcessPath": "\\Device\\HarddiskVolume3\\Users\\sk.batsiev\\AppData\\Local\\Programs\\cursor\\Cursor.exe", "EventData.ProcessCommandLineLength": "512", "EventData.ProcessCommandLine": "\"C:\\Users\\sk.batsiev\\AppData\\Local\\Programs\\cursor\\Cursor.exe\" --type=renderer --user-data-dir=\"C:\\Users\\sk.batsiev\\AppData\\Roaming\\Cursor\" --standard-schemes=vscode-webview,vscode-file --enable-sandbox --secure-schemes=vscode-webview,vscode-file --cors-schemes=vscode-webview,vscode-file --fetch-schemes=vscode-webview,vscode-file --service-worker-schemes=vscode-webview --code-cache-schemes=vscode-webview,vscode-file --app-user-model-id=Anysphere.Cursor --app-path=\"C:\\Users\\sk.batsiev\\AppData\\Local\\Programs\\", "EventData.CallingProcessId": "4716", "EventData.CallingProcessCreateTime": "2025-08-23 19:05:11.862659+00:00", "EventData.CallingProcessStartKey": "50102545854499797", "EventData.CallingProcessSignatureLevel": "0", "EventData.CallingProcessSectionSignatureLevel": "0", "EventData.CallingProcessProtection": "0", "EventData.CallingThreadId": "13524", "EventData.CallingThreadCreateTime": "2025-08-23 19:05:11.862663+00:00"}
