{"EventID": "10004", "Channel": "Microsoft-Windows-Wcmsvc/Operational", "Provider_Name": "Microsoft-Windows-Wcmsvc", "Computer": "DESKTOP-OFJ6N53", "TimeCreated": "2024-05-15 13:34:22.377739+00:00", "RecordID": "3993", "Level": "4", "UserID": "S-1-5-19"}
{"EventID": "10001", "Channel": "Microsoft-Windows-Wcmsvc/Operational", "Provider_Name": "Microsoft-Windows-Wcmsvc", "Computer": "DESKTOP-OFJ6N53", "TimeCreated": "2024-05-15 13:36:42.728094+00:00", "RecordID": "3994", "Level": "4", "UserID": "S-1-5-19"}
{"EventID": "1026", "Channel": "Microsoft-Windows-Wcmsvc/Operational", "Provider_Name": "Microsoft-Windows-Wcmsvc", "Computer": "DESKTOP-OFJ6N53", "TimeCreated": "2024-05-15 13:36:44.336191+00:00", "RecordID": "3995", "Level": "4", "UserID": "S-1-5-19", "EventData.InterfaceGuid": "{bed2c4be-ec11-4cc8-aafc-f0fd7a5e3a02}", "EventData.MediaType": "1"}
{"EventID": "1009", "Channel": "Microsoft-Windows-Wcmsvc/Operational", "Provider_Name": "Microsoft-Windows-Wcmsvc", "Computer": "DESKTOP-OFJ6N53", "TimeCreated": "2024-05-15 13:36:44.336462+00:00", "RecordID": "3996", "Level": "4", "UserID": "S-1-5-19", "EventData.InterfaceGuid": "{bed2c4be-ec11-4cc8-aafc-f0fd7a5e3a02}", "EventData.MediaType": "1"}
{"EventID": "10002", "Channel": "Microsoft-Windows-Wcmsvc/Operational", "Provider_Name": "Microsoft-Windows-Wcmsvc", "Computer": "DESKTOP-OFJ6N53", "TimeCreated": "2024-05-15 13:36:45.023157+00:00", "RecordID": "3997", "Level": "4", "UserID": "S-1-5-19"}
{"EventID": "1003", "Channel": "Microsoft-Windows-Wcmsvc/Operational", "Provider_Name": "Microsoft-Windows-Wcmsvc", "Computer": "DESKTOP-OFJ6N53", "TimeCreated": "2024-05-15 13:36:45.027884+00:00", "RecordID": "3998", "Level": "4", "UserID": "S-1-5-19", "EventData.Status": "1", "EventData.Name": "2"}
{"EventID": "1003", "Channel": "Microsoft-Windows-Wcmsvc/Operational", "Provider_Name": "Microsoft-Windows-Wcmsvc", "Computer": "DESKTOP-OFJ6N53", "TimeCreated": "2024-05-15 13:36:45.146336+00:00", "RecordID": "3999", "Level": "4", "UserID": "S-1-5-19", "EventData.Status": "1", "EventData.Name": "3"}
{"EventID": "1006", "Channel": "Microsoft-Windows-Wcmsvc/Operational", "Provider_Name": "Microsoft-Windows-Wcmsvc", "Computer": "DESKTOP-OFJ6N53", "TimeCreated": "2024-05-15 13:40:35.434595+00:00", "RecordID": "4000", "Level": "4", "UserID": "S-1-5-19", "EventData.Reason": "1"}
{"EventID": "1006", "Channel": "Microsoft-Windows-Wcmsvc/Operational", "Provider_Name": "Microsoft-Windows-Wcmsvc", "Computer": "DESKTOP-OFJ6N53", "TimeCreated": "2024-05-15 13:47:29.682793+00:00", "RecordID": "4001", "Level": "4", "UserID": "S-1-5-19", "EventData.Reason": "3"}
{"EventID": "1006", "Channel": "Microsoft-Windows-Wcmsvc/Operational", "Provider_Name": "Microsoft-Windows-Wcmsvc", "Computer": "DESKTOP-OFJ6N53", "TimeCreated": "2024-05-15 13:47:34.818035+00:00", "RecordID": "4002", "Level": "4", "UserID": "S-1-5-19", "EventData.Reason": "5"}
{"EventID": "1006", "Channel": "Microsoft-Windows-Wcmsvc/Operational", "Provider_Name": "Microsoft-Windows-Wcmsvc", "Computer": "DESKTOP-OFJ6N53", "TimeCreated": "2024-05-15 14:04:55.212276+00:00", "RecordID": "4003", "Level": "4", "UserID": "S-1-5-19", "EventData.Reason": "4"}
{"EventID": "1006", "Channel": "Microsoft-Windows-Wcmsvc/Operational", "Provider_Name": "Microsoft-Windows-Wcmsvc", "Computer": "DESKTOP-OFJ6N53", "TimeCreated": "2024-05-15 14:05:10.811966+00:00", "RecordID": "4004", "Level": "4", "UserID": "S-1-5-19", "EventData.Reason": "3"}
{"EventID": "1006", "Channel": "Microsoft-Windows-Wcmsvc/Operational", "Provider_Name": "Microsoft-Windows-Wcmsvc", "Computer": "DESKTOP-OFJ6N53", "TimeCreated": "2024-05-15 14:18:39.263039+00:00", "RecordID": "4005", "Level": "4", "UserID": "S-1-5-19", "EventData.Reason": "4"}
{"EventID": "1006", "Channel": "Microsoft-Windows-Wcmsvc/Operational", "Provider_Name": "Microsoft-Windows-Wcmsvc", "Computer": "DESKTOP-OFJ6N53", "TimeCreated": "2024-05-15 14:18:52.940464+00:00", "RecordID": "4006", "Level": "4", "UserID": "S-1-5-19", "EventData.Reason": "3"}
{"EventID": "1006", "Channel": "Microsoft-Windows-Wcmsvc/Operational", "Provider_Name": "Microsoft-Windows-Wcmsvc", "Computer": "DESKTOP-OFJ6N53", "TimeCreated": "2024-05-15 14:20:00.717091+00:00", "RecordID": "4007", "Level": "4", "UserID": "S-1-5-19", "EventData.Reason": "4"}
{"EventID": "1006", "Channel": "Microsoft-Windows-Wcmsvc/Operational", "Provider_Name": "Microsoft-Windows-Wcmsvc", "Computer": "DESKTOP-OFJ6N53", "TimeCreated": "2024-05-15 14:20:49.093359+00:00", "RecordID": "4008", "Level": "4", "UserID": "S-1-5-19", "EventData.Reason": "3"}
{"EventID": "1006", "Channel": "Microsoft-Windows-Wcmsvc/Operational", "Provider_Name": "Microsoft-Windows-Wcmsvc", "Computer": "DESKTOP-OFJ6N53", "TimeCreated": "2024-05-15 14:20:49.602720+00:00", "RecordID": "4009", "Level": "4", "UserID": "S-1-5-19", "EventData.Reason": "4"}
{"EventID": "1006", "Channel": "Microsoft-Windows-Wcmsvc/Operational", "Provider_Name": "Microsoft-Windows-Wcmsvc", "Computer": "DESKTOP-OFJ6N53", "TimeCreated": "2024-05-15 14:20:50.207493+00:00", "RecordID": "4010", "Level": "4", "UserID": "S-1-5-19", "EventData.Reason": "3"}
{"EventID": "1006", "Channel": "Microsoft-Windows-Wcmsvc/Operational", "Provider_Name": "Microsoft-Windows-Wcmsvc", "Computer": "DESKTOP-OFJ6N53", "TimeCreated": "2024-05-15 14:20:52.348970+00:00", "RecordID": "4011", "Level": "4", "UserID": "S-1-5-19", "EventData.Reason": "4"}
{"EventID": "1006", "Channel": "Microsoft-Windows-Wcmsvc/Operational", "Provider_Name": "Microsoft-Windows-Wcmsvc", "Computer": "DESKTOP-OFJ6N53", "TimeCreated": "2024-05-15 14:20:53.679285+00:00", "RecordID": "4012", "Level": "4", "UserID": "S-1-5-19", "EventData.Reason": "3"}
{"EventID": "1006", "Channel": "Microsoft-Windows-Wcmsvc/Operational", "Provider_Name": "Microsoft-Windows-Wcmsvc", "Computer": "DESKTOP-OFJ6N53", "TimeCreated": "2024-05-15 14:31:26.609125+00:00", "RecordID": "4013", "Level": "4", "UserID": "S-1-5-19", "EventData.Reason": "4"}
{"EventID": "1006", "Channel": "Microsoft-Windows-Wcmsvc/Operational", "Provider_Name": "Microsoft-Windows-Wcmsvc", "Computer": "DESKTOP-OFJ6N53", "TimeCreated": "2024-05-16 23:19:20.361099+00:00", "RecordID": "4014", "Level": "4", "UserID": "S-1-5-19", "EventData.Reason": "3"}
{"EventID": "1006", "Channel": "Microsoft-Windows-Wcmsvc/Operational", "Provider_Name": "Microsoft-Windows-Wcmsvc", "Computer": "DESKTOP-OFJ6N53", "TimeCreated": "2024-05-16 23:19:56.629797+00:00", "RecordID": "4015", "Level": "4", "UserID": "S-1-5-19", "EventData.Reason": "4"}
{"EventID": "1006", "Channel": "Microsoft-Windows-Wcmsvc/Operational", "Provider_Name": "Microsoft-Windows-Wcmsvc", "Computer": "DESKTOP-OFJ6N53", "TimeCreated": "2024-05-16 23:20:12.649549+00:00", "RecordID": "4016", "Level": "4", "UserID": "S-1-5-19", "EventData.Reason": "3"}
{"EventID": "1006", "Channel": "Microsoft-Windows-Wcmsvc/Operational", "Provider_Name": "Microsoft-Windows-Wcmsvc", "Computer": "DESKTOP-OFJ6N53", "TimeCreated": "2024-05-16 23:41:53.041557+00:00", "RecordID": "4017", "Level": "4", "UserID": "S-1-5-19", "EventData.Reason": "4"}
{"EventID": "1006", "Channel": "Microsoft-Windows-Wcmsvc/Operational", "Provider_Name": "Microsoft-Windows-Wcmsvc", "Computer": "DESKTOP-OFJ6N53", "TimeCreated": "2024-05-17 08:06:38.658831+00:00", "RecordID": "4018", "Level": "4", "UserID": "S-1-5-19", "EventData.Reason": "3"}
{"EventID": "1006", "Channel": "Microsoft-Windows-Wcmsvc/Operational", "Provider_Name": "Microsoft-Windows-Wcmsvc", "Computer": "DESKTOP-OFJ6N53", "TimeCreated": "2024-05-17 08:10:26.397421+00:00", "RecordID": "4019", "Level": "4", "UserID": "S-1-5-19", "EventData.Reason": "4"}
{"EventID": "1006", "Channel": "Microsoft-Windows-Wcmsvc/Operational", "Provider_Name": "Microsoft-Windows-Wcmsvc", "Computer": "DESKTOP-OFJ6N53", "TimeCreated": "2024-05-17 09:40:33.896597+00:00", "RecordID": "4020", "Level": "4", "UserID": "S-1-5-19", "EventData.Reason": "3"}
{"EventID": "1006", "Channel": "Microsoft-Windows-Wcmsvc/Operational", "Provider_Name": "Microsoft-Windows-Wcmsvc", "Computer": "DESKTOP-OFJ6N53", "TimeCreated": "2024-05-17 11:50:14.342377+00:00", "RecordID": "4021", "Level": "4", "UserID": "S-1-5-19", "EventData.Reason": "4"}
{"EventID": "1006", "Channel": "Microsoft-Windows-Wcmsvc/Operational", "Provider_Name": "Microsoft-Windows-Wcmsvc", "Computer": "DESKTOP-OFJ6N53", "TimeCreated": "2024-05-20 07:22:36.893169+00:00", "RecordID": "4022", "Level": "4", "UserID": "S-1-5-19", "EventData.Reason": "3"}
{"EventID": "1006", "Channel": "Microsoft-Windows-Wcmsvc/Operational", "Provider_Name": "Microsoft-Windows-Wcmsvc", "Computer": "DESKTOP-OFJ6N53", "TimeCreated": "2024-05-20 07:42:48.748495+00:00", "RecordID": "4023", "Level": "4", "UserID": "S-1-5-19", "EventData.Reason": "4"}
{"EventID": "1006", "Channel": "Microsoft-Windows-Wcmsvc/Operational", "Provider_Name": "Microsoft-Windows-Wcmsvc", "Computer": "DESKTOP-OFJ6N53", "TimeCreated": "2024-05-21 10:06:36.479288+00:00", "RecordID": "4024", "Level": "4", "UserID": "S-1-5-19", "EventData.Reason": "3"}
{"EventID": "1006", "Channel": "Microsoft-Windows-Wcmsvc/Operational", "Provider_Name": "Microsoft-Windows-Wcmsvc", "Computer": "DESKTOP-OFJ6N53", "TimeCreated": "2024-05-21 10:07:19.644392+00:00", "RecordID": "4025", "Level": "4", "UserID": "S-1-5-19", "EventData.Reason": "4"}
{"EventID": "1006", "Channel": "Microsoft-Windows-Wcmsvc/Operational", "Provider_Name": "Microsoft-Windows-Wcmsvc", "Computer": "DESKTOP-OFJ6N53", "TimeCreated": "2024-05-21 10:07:31.562803+00:00", "RecordID": "4026", "Level": "4", "UserID": "S-1-5-19", "EventData.Reason": "3"}
{"EventID": "1006", "Channel": "Microsoft-Windows-Wcmsvc/Operational", "Provider_Name": "Microsoft-Windows-Wcmsvc", "Computer": "DESKTOP-OFJ6N53", "TimeCreated": "2024-05-21 10:08:56.374752+00:00", "RecordID": "4027", "Level": "4", "UserID": "S-1-5-19", "EventData.Reason": "4"}
{"EventID": "1006", "Channel": "Microsoft-Windows-Wcmsvc/Operational", "Provider_Name": "Microsoft-Windows-Wcmsvc", "Computer": "DESKTOP-OFJ6N53", "TimeCreated": "2024-05-24 12:42:05.691088+00:00", "RecordID": "4028", "Level": "4", "UserID": "S-1-5-19", "EventData.Reason": "3"}
{"EventID": "1006", "Channel": "Microsoft-Windows-Wcmsvc/Operational", "Provider_Name": "Microsoft-Windows-Wcmsvc", "Computer": "DESKTOP-OFJ6N53", "TimeCreated": "2024-05-24 12:50:44.246977+00:00", "RecordID": "4029", "Level": "4", "UserID": "S-1-5-19", "EventData.Reason": "4"}
{"EventID": "1006", "Channel": "Microsoft-Windows-Wcmsvc/Operational", "Provider_Name": "Microsoft-Windows-Wcmsvc", "Computer": "DESKTOP-OFJ6N53", "TimeCreated": "2024-05-24 12:58:18.234880+00:00", "RecordID": "4030", "Level": "4", "UserID": "S-1-5-19", "EventData.Reason": "3"}
{"EventID": "1006", "Channel": "Microsoft-Windows-Wcmsvc/Operational", "Provider_Name": "Microsoft-Windows-Wcmsvc", "Computer": "DESKTOP-OFJ6N53", "TimeCreated": "2024-05-24 12:59:14.351261+00:00", "RecordID": "4031", "Level": "4", "UserID": "S-1-5-19", "EventData.Reason": "4"}
{"EventID": "1006", "Channel": "Microsoft-Windows-Wcmsvc/Operational", "Provider_Name": "Microsoft-Windows-Wcmsvc", "Computer": "DESKTOP-OFJ6N53", "TimeCreated": "2024-05-24 12:59:15.307478+00:00", "RecordID": "4032", "Level": "4", "UserID": "S-1-5-19", "EventData.Reason": "2"}
{"EventID": "1006", "Channel": "Microsoft-Windows-Wcmsvc/Operational", "Provider_Name": "Microsoft-Windows-Wcmsvc", "Computer": "DESKTOP-OFJ6N53", "TimeCreated": "2024-05-24 12:59:17.157841+00:00", "RecordID": "4033", "Level": "4", "UserID": "S-1-5-19", "EventData.Reason": "1"}
{"EventID": "1006", "Channel": "Microsoft-Windows-Wcmsvc/Operational", "Provider_Name": "Microsoft-Windows-Wcmsvc", "Computer": "DESKTOP-OFJ6N53", "TimeCreated": "2024-05-28 12:32:22.658855+00:00", "RecordID": "4034", "Level": "4", "UserID": "S-1-5-19", "EventData.Reason": "2"}
{"EventID": "1006", "Channel": "Microsoft-Windows-Wcmsvc/Operational", "Provider_Name": "Microsoft-Windows-Wcmsvc", "Computer": "DESKTOP-OFJ6N53", "TimeCreated": "2024-05-28 12:32:43.276831+00:00", "RecordID": "4035", "Level": "4", "UserID": "S-1-5-19", "EventData.Reason": "3"}
{"EventID": "1006", "Channel": "Microsoft-Windows-Wcmsvc/Operational", "Provider_Name": "Microsoft-Windows-Wcmsvc", "Computer": "DESKTOP-OFJ6N53", "TimeCreated": "2024-05-28 12:32:49.717110+00:00", "RecordID": "4036", "Level": "4", "UserID": "S-1-5-19", "EventData.Reason": "1"}
{"EventID": "1006", "Channel": "Microsoft-Windows-Wcmsvc/Operational", "Provider_Name": "Microsoft-Windows-Wcmsvc", "Computer": "DESKTOP-OFJ6N53", "TimeCreated": "2024-05-28 13:00:34.939375+00:00", "RecordID": "4037", "Level": "4", "UserID": "S-1-5-19", "EventData.Reason": "4"}
{"EventID": "1006", "Channel": "Microsoft-Windows-Wcmsvc/Operational", "Provider_Name": "Microsoft-Windows-Wcmsvc", "Computer": "DESKTOP-OFJ6N53", "TimeCreated": "2024-05-29 08:06:11.822304+00:00", "RecordID": "4038", "Level": "4", "UserID": "S-1-5-19", "EventData.Reason": "2"}
{"EventID": "1006", "Channel": "Microsoft-Windows-Wcmsvc/Operational", "Provider_Name": "Microsoft-Windows-Wcmsvc", "Computer": "DESKTOP-OFJ6N53", "TimeCreated": "2024-05-29 08:06:41.718884+00:00", "RecordID": "4039", "Level": "4", "UserID": "S-1-5-19", "EventData.Reason": "1"}
{"EventID": "1006", "Channel": "Microsoft-Windows-Wcmsvc/Operational", "Provider_Name": "Microsoft-Windows-Wcmsvc", "Computer": "DESKTOP-OFJ6N53", "TimeCreated": "2024-05-31 10:36:44.919308+00:00", "RecordID": "4040", "Level": "4", "UserID": "S-1-5-19", "EventData.Reason": "2"}
{"EventID": "1006", "Channel": "Microsoft-Windows-Wcmsvc/Operational", "Provider_Name": "Microsoft-Windows-Wcmsvc", "Computer": "DESKTOP-OFJ6N53", "TimeCreated": "2024-05-31 10:36:50.112427+00:00", "RecordID": "4041", "Level": "4", "UserID": "S-1-5-19", "EventData.Reason": "3"}
{"EventID": "1006", "Channel": "Microsoft-Windows-Wcmsvc/Operational", "Provider_Name": "Microsoft-Windows-Wcmsvc", "Computer": "DESKTOP-OFJ6N53", "TimeCreated": "2024-05-31 10:36:53.815731+00:00", "RecordID": "4042", "Level": "4", "UserID": "S-1-5-19", "EventData.Reason": "1"}
{"EventID": "1006", "Channel": "Microsoft-Windows-Wcmsvc/Operational", "Provider_Name": "Microsoft-Windows-Wcmsvc", "Computer": "DESKTOP-OFJ6N53", "TimeCreated": "2024-05-31 10:39:37.975868+00:00", "RecordID": "4043", "Level": "4", "UserID": "S-1-5-19", "EventData.Reason": "6"}
{"EventID": "10003", "Channel": "Microsoft-Windows-Wcmsvc/Operational", "Provider_Name": "Microsoft-Windows-Wcmsvc", "Computer": "DESKTOP-OFJ6N53", "TimeCreated": "2024-05-31 10:39:42.366016+00:00", "RecordID": "4044", "Level": "4", "UserID": "S-1-5-19"}
{"EventID": "10004", "Channel": "Microsoft-Windows-Wcmsvc/Operational", "Provider_Name": "Microsoft-Windows-Wcmsvc", "Computer": "DESKTOP-OFJ6N53", "TimeCreated": "2024-05-31 10:39:44.159397+00:00", "RecordID": "4045", "Level": "4", "UserID": "S-1-5-19"}
{"EventID": "10001", "Channel": "Microsoft-Windows-Wcmsvc/Operational", "Provider_Name": "Microsoft-Windows-Wcmsvc", "Computer": "DESKTOP-OFJ6N53", "TimeCreated": "2024-05-31 10:41:02.682869+00:00", "RecordID": "4046", "Level": "4", "UserID": "S-1-5-19"}
{"EventID": "1026", "Channel": "Microsoft-Windows-Wcmsvc/Operational", "Provider_Name": "Microsoft-Windows-Wcmsvc", "Computer": "DESKTOP-OFJ6N53", "TimeCreated": "2024-05-31 10:41:04.481117+00:00", "RecordID": "4047", "Level": "4", "UserID": "S-1-5-19", "EventData.InterfaceGuid": "{bed2c4be-ec11-4cc8-aafc-f0fd7a5e3a02}", "EventData.MediaType": "1"}
{"EventID": "1009", "Channel": "Microsoft-Windows-Wcmsvc/Operational", "Provider_Name": "Microsoft-Windows-Wcmsvc", "Computer": "DESKTOP-OFJ6N53", "TimeCreated": "2024-05-31 10:41:04.481434+00:00", "RecordID": "4048", "Level": "4", "UserID": "S-1-5-19", "EventData.InterfaceGuid": "{bed2c4be-ec11-4cc8-aafc-f0fd7a5e3a02}", "EventData.MediaType": "1"}
{"EventID": "10002", "Channel": "Microsoft-Windows-Wcmsvc/Operational", "Provider_Name": "Microsoft-Windows-Wcmsvc", "Computer": "DESKTOP-OFJ6N53", "TimeCreated": "2024-05-31 10:41:04.742266+00:00", "RecordID": "4049", "Level": "4", "UserID": "S-1-5-19"}
{"EventID": "1003", "Channel": "Microsoft-Windows-Wcmsvc/Operational", "Provider_Name": "Microsoft-Windows-Wcmsvc", "Computer": "DESKTOP-OFJ6N53", "TimeCreated": "2024-05-31 10:41:05.275337+00:00", "RecordID": "4050", "Level": "4", "UserID": "S-1-5-19", "EventData.Status": "1", "EventData.Name": "2"}
{"EventID": "1003", "Channel": "Microsoft-Windows-Wcmsvc/Operational", "Provider_Name": "Microsoft-Windows-Wcmsvc", "Computer": "DESKTOP-OFJ6N53", "TimeCreated": "2024-05-31 10:41:05.295679+00:00", "RecordID": "4051", "Level": "4", "UserID": "S-1-5-19", "EventData.Status": "1", "EventData.Name": "3"}
{"EventID": "1006", "Channel": "Microsoft-Windows-Wcmsvc/Operational", "Provider_Name": "Microsoft-Windows-Wcmsvc", "Computer": "DESKTOP-OFJ6N53", "TimeCreated": "2024-05-31 10:49:58.225807+00:00", "RecordID": "4052", "Level": "4", "UserID": "S-1-5-19", "EventData.Reason": "3"}
{"EventID": "1006", "Channel": "Microsoft-Windows-Wcmsvc/Operational", "Provider_Name": "Microsoft-Windows-Wcmsvc", "Computer": "DESKTOP-OFJ6N53", "TimeCreated": "2024-05-31 10:49:59.920610+00:00", "RecordID": "4053", "Level": "4", "UserID": "S-1-5-19", "EventData.Reason": "5"}
{"EventID": "1006", "Channel": "Microsoft-Windows-Wcmsvc/Operational", "Provider_Name": "Microsoft-Windows-Wcmsvc", "Computer": "DESKTOP-OFJ6N53", "TimeCreated": "2024-05-31 11:19:38.670305+00:00", "RecordID": "4054", "Level": "4", "UserID": "S-1-5-19", "EventData.Reason": "4"}
{"EventID": "1006", "Channel": "Microsoft-Windows-Wcmsvc/Operational", "Provider_Name": "Microsoft-Windows-Wcmsvc", "Computer": "DESKTOP-OFJ6N53", "TimeCreated": "2024-05-31 11:19:39.454435+00:00", "RecordID": "4055", "Level": "4", "UserID": "S-1-5-19", "EventData.Reason": "3"}
{"EventID": "1006", "Channel": "Microsoft-Windows-Wcmsvc/Operational", "Provider_Name": "Microsoft-Windows-Wcmsvc", "Computer": "DESKTOP-OFJ6N53", "TimeCreated": "2024-05-31 11:20:01.786566+00:00", "RecordID": "4056", "Level": "4", "UserID": "S-1-5-19", "EventData.Reason": "4"}
{"EventID": "1006", "Channel": "Microsoft-Windows-Wcmsvc/Operational", "Provider_Name": "Microsoft-Windows-Wcmsvc", "Computer": "DESKTOP-OFJ6N53", "TimeCreated": "2024-05-31 11:20:18.776804+00:00", "RecordID": "4057", "Level": "4", "UserID": "S-1-5-19", "EventData.Reason": "3"}
{"EventID": "1006", "Channel": "Microsoft-Windows-Wcmsvc/Operational", "Provider_Name": "Microsoft-Windows-Wcmsvc", "Computer": "DESKTOP-OFJ6N53", "TimeCreated": "2024-05-31 11:21:09.271221+00:00", "RecordID": "4058", "Level": "4", "UserID": "S-1-5-19", "EventData.Reason": "4"}
{"EventID": "1006", "Channel": "Microsoft-Windows-Wcmsvc/Operational", "Provider_Name": "Microsoft-Windows-Wcmsvc", "Computer": "DESKTOP-OFJ6N53", "TimeCreated": "2024-05-31 11:21:22.951267+00:00", "RecordID": "4059", "Level": "4", "UserID": "S-1-5-19", "EventData.Reason": "3"}
{"EventID": "1006", "Channel": "Microsoft-Windows-Wcmsvc/Operational", "Provider_Name": "Microsoft-Windows-Wcmsvc", "Computer": "DESKTOP-OFJ6N53", "TimeCreated": "2024-05-31 11:21:39.029093+00:00", "RecordID": "4060", "Level": "4", "UserID": "S-1-5-19", "EventData.Reason": "4"}
{"EventID": "1006", "Channel": "Microsoft-Windows-Wcmsvc/Operational", "Provider_Name": "Microsoft-Windows-Wcmsvc", "Computer": "DESKTOP-OFJ6N53", "TimeCreated": "2024-05-31 11:21:40.767012+00:00", "RecordID": "4061", "Level": "4", "UserID": "S-1-5-19", "EventData.Reason": "3"}
{"EventID": "1006", "Channel": "Microsoft-Windows-Wcmsvc/Operational", "Provider_Name": "Microsoft-Windows-Wcmsvc", "Computer": "DESKTOP-OFJ6N53", "TimeCreated": "2024-05-31 11:47:19.782198+00:00", "RecordID": "4062", "Level": "4", "UserID": "S-1-5-19", "EventData.Reason": "4"}
{"EventID": "1006", "Channel": "Microsoft-Windows-Wcmsvc/Operational", "Provider_Name": "Microsoft-Windows-Wcmsvc", "Computer": "DESKTOP-OFJ6N53", "TimeCreated": "2024-06-04 13:10:44.897224+00:00", "RecordID": "4063", "Level": "4", "UserID": "S-1-5-19", "EventData.Reason": "3"}
{"EventID": "1006", "Channel": "Microsoft-Windows-Wcmsvc/Operational", "Provider_Name": "Microsoft-Windows-Wcmsvc", "Computer": "DESKTOP-OFJ6N53", "TimeCreated": "2024-06-04 14:20:23.749321+00:00", "RecordID": "4064", "Level": "4", "UserID": "S-1-5-19", "EventData.Reason": "4"}
{"EventID": "1006", "Channel": "Microsoft-Windows-Wcmsvc/Operational", "Provider_Name": "Microsoft-Windows-Wcmsvc", "Computer": "DESKTOP-OFJ6N53", "TimeCreated": "2024-06-04 14:20:25.327747+00:00", "RecordID": "4065", "Level": "4", "UserID": "S-1-5-19", "EventData.Reason": "3"}
{"EventID": "1006", "Channel": "Microsoft-Windows-Wcmsvc/Operational", "Provider_Name": "Microsoft-Windows-Wcmsvc", "Computer": "DESKTOP-OFJ6N53", "TimeCreated": "2024-06-04 15:24:46.739740+00:00", "RecordID": "4066", "Level": "4", "UserID": "S-1-5-19", "EventData.Reason": "4"}
{"EventID": "1006", "Channel": "Microsoft-Windows-Wcmsvc/Operational", "Provider_Name": "Microsoft-Windows-Wcmsvc", "Computer": "DESKTOP-OFJ6N53", "TimeCreated": "2024-06-05 15:37:15.924816+00:00", "RecordID": "4067", "Level": "4", "UserID": "S-1-5-19", "EventData.Reason": "3"}
{"EventID": "1006", "Channel": "Microsoft-Windows-Wcmsvc/Operational", "Provider_Name": "Microsoft-Windows-Wcmsvc", "Computer": "DESKTOP-OFJ6N53", "TimeCreated": "2024-06-05 15:39:03.246332+00:00", "RecordID": "4068", "Level": "4", "UserID": "S-1-5-19", "EventData.Reason": "4"}
{"EventID": "1006", "Channel": "Microsoft-Windows-Wcmsvc/Operational", "Provider_Name": "Microsoft-Windows-Wcmsvc", "Computer": "DESKTOP-OFJ6N53", "TimeCreated": "2024-06-05 15:39:20.039419+00:00", "RecordID": "4069", "Level": "4", "UserID": "S-1-5-19", "EventData.Reason": "3"}
{"EventID": "1006", "Channel": "Microsoft-Windows-Wcmsvc/Operational", "Provider_Name": "Microsoft-Windows-Wcmsvc", "Computer": "DESKTOP-OFJ6N53", "TimeCreated": "2024-06-05 17:05:09.995649+00:00", "RecordID": "4070", "Level": "4", "UserID": "S-1-5-19", "EventData.Reason": "4"}
{"EventID": "1006", "Channel": "Microsoft-Windows-Wcmsvc/Operational", "Provider_Name": "Microsoft-Windows-Wcmsvc", "Computer": "DESKTOP-OFJ6N53", "TimeCreated": "2024-06-06 12:14:48.364902+00:00", "RecordID": "4071", "Level": "4", "UserID": "S-1-5-19", "EventData.Reason": "3"}
{"EventID": "1006", "Channel": "Microsoft-Windows-Wcmsvc/Operational", "Provider_Name": "Microsoft-Windows-Wcmsvc", "Computer": "DESKTOP-OFJ6N53", "TimeCreated": "2024-06-06 12:15:47.154789+00:00", "RecordID": "4072", "Level": "4", "UserID": "S-1-5-19", "EventData.Reason": "6"}
{"EventID": "10003", "Channel": "Microsoft-Windows-Wcmsvc/Operational", "Provider_Name": "Microsoft-Windows-Wcmsvc", "Computer": "DESKTOP-OFJ6N53", "TimeCreated": "2024-06-06 12:15:48.221386+00:00", "RecordID": "4073", "Level": "4", "UserID": "S-1-5-19"}
{"EventID": "10004", "Channel": "Microsoft-Windows-Wcmsvc/Operational", "Provider_Name": "Microsoft-Windows-Wcmsvc", "Computer": "DESKTOP-OFJ6N53", "TimeCreated": "2024-06-06 12:15:48.955462+00:00", "RecordID": "4074", "Level": "4", "UserID": "S-1-5-19"}
{"EventID": "10001", "Channel": "Microsoft-Windows-Wcmsvc/Operational", "Provider_Name": "Microsoft-Windows-Wcmsvc", "Computer": "DESKTOP-OFJ6N53", "TimeCreated": "2024-06-06 12:16:27.267534+00:00", "RecordID": "4075", "Level": "4", "UserID": "S-1-5-19"}
{"EventID": "1026", "Channel": "Microsoft-Windows-Wcmsvc/Operational", "Provider_Name": "Microsoft-Windows-Wcmsvc", "Computer": "DESKTOP-OFJ6N53", "TimeCreated": "2024-06-06 12:16:27.850273+00:00", "RecordID": "4076", "Level": "4", "UserID": "S-1-5-19", "EventData.InterfaceGuid": "{bed2c4be-ec11-4cc8-aafc-f0fd7a5e3a02}", "EventData.MediaType": "1"}
{"EventID": "1009", "Channel": "Microsoft-Windows-Wcmsvc/Operational", "Provider_Name": "Microsoft-Windows-Wcmsvc", "Computer": "DESKTOP-OFJ6N53", "TimeCreated": "2024-06-06 12:16:27.850340+00:00", "RecordID": "4077", "Level": "4", "UserID": "S-1-5-19", "EventData.InterfaceGuid": "{bed2c4be-ec11-4cc8-aafc-f0fd7a5e3a02}", "EventData.MediaType": "1"}
{"EventID": "10002", "Channel": "Microsoft-Windows-Wcmsvc/Operational", "Provider_Name": "Microsoft-Windows-Wcmsvc", "Computer": "DESKTOP-OFJ6N53", "TimeCreated": "2024-06-06 12:16:27.858513+00:00", "RecordID": "4078", "Level": "4", "UserID": "S-1-5-19"}
{"EventID": "1003", "Channel": "Microsoft-Windows-Wcmsvc/Operational", "Provider_Name": "Microsoft-Windows-Wcmsvc", "Computer": "DESKTOP-OFJ6N53", "TimeCreated": "2024-06-06 12:16:27.977108+00:00", "RecordID": "4079", "Level": "4", "UserID": "S-1-5-19", "EventData.Status": "1", "EventData.Name": "2"}
{"EventID": "1003", "Channel": "Microsoft-Windows-Wcmsvc/Operational", "Provider_Name": "Microsoft-Windows-Wcmsvc", "Computer": "DESKTOP-OFJ6N53", "TimeCreated": "2024-06-06 12:16:27.986799+00:00", "RecordID": "4080", "Level": "4", "UserID": "S-1-5-19", "EventData.Status": "1", "EventData.Name": "3"}
{"EventID": "1006", "Channel": "Microsoft-Windows-Wcmsvc/Operational", "Provider_Name": "Microsoft-Windows-Wcmsvc", "Computer": "DESKTOP-OFJ6N53", "TimeCreated": "2024-06-06 12:19:06.641911+00:00", "RecordID": "4081", "Level": "4", "UserID": "S-1-5-19", "EventData.Reason": "3"}
{"EventID": "1006", "Channel": "Microsoft-Windows-Wcmsvc/Operational", "Provider_Name": "Microsoft-Windows-Wcmsvc", "Computer": "DESKTOP-OFJ6N53", "TimeCreated": "2024-06-06 12:19:10.174728+00:00", "RecordID": "4082", "Level": "4", "UserID": "S-1-5-19", "EventData.Reason": "5"}
{"EventID": "1006", "Channel": "Microsoft-Windows-Wcmsvc/Operational", "Provider_Name": "Microsoft-Windows-Wcmsvc", "Computer": "DESKTOP-OFJ6N53", "TimeCreated": "2024-06-06 13:00:05.290012+00:00", "RecordID": "4083", "Level": "4", "UserID": "S-1-5-19", "EventData.Reason": "4"}
{"EventID": "1006", "Channel": "Microsoft-Windows-Wcmsvc/Operational", "Provider_Name": "Microsoft-Windows-Wcmsvc", "Computer": "DESKTOP-OFJ6N53", "TimeCreated": "2024-06-06 13:00:19.571825+00:00", "RecordID": "4084", "Level": "4", "UserID": "S-1-5-19", "EventData.Reason": "3"}
{"EventID": "1006", "Channel": "Microsoft-Windows-Wcmsvc/Operational", "Provider_Name": "Microsoft-Windows-Wcmsvc", "Computer": "DESKTOP-OFJ6N53", "TimeCreated": "2024-06-06 16:43:23.259304+00:00", "RecordID": "4085", "Level": "4", "UserID": "S-1-5-19", "EventData.Reason": "4"}
{"EventID": "1006", "Channel": "Microsoft-Windows-Wcmsvc/Operational", "Provider_Name": "Microsoft-Windows-Wcmsvc", "Computer": "DESKTOP-OFJ6N53", "TimeCreated": "2024-06-07 11:23:05.274048+00:00", "RecordID": "4086", "Level": "4", "UserID": "S-1-5-19", "EventData.Reason": "3"}
{"EventID": "1006", "Channel": "Microsoft-Windows-Wcmsvc/Operational", "Provider_Name": "Microsoft-Windows-Wcmsvc", "Computer": "DESKTOP-OFJ6N53", "TimeCreated": "2024-06-07 11:24:32.235722+00:00", "RecordID": "4087", "Level": "4", "UserID": "S-1-5-19", "EventData.Reason": "4"}
{"EventID": "1006", "Channel": "Microsoft-Windows-Wcmsvc/Operational", "Provider_Name": "Microsoft-Windows-Wcmsvc", "Computer": "DESKTOP-OFJ6N53", "TimeCreated": "2024-06-07 11:24:43.334358+00:00", "RecordID": "4088", "Level": "4", "UserID": "S-1-5-19", "EventData.Reason": "3"}
{"EventID": "1006", "Channel": "Microsoft-Windows-Wcmsvc/Operational", "Provider_Name": "Microsoft-Windows-Wcmsvc", "Computer": "DESKTOP-OFJ6N53", "TimeCreated": "2024-06-07 11:44:14.934847+00:00", "RecordID": "4089", "Level": "4", "UserID": "S-1-5-19", "EventData.Reason": "4"}
{"EventID": "1006", "Channel": "Microsoft-Windows-Wcmsvc/Operational", "Provider_Name": "Microsoft-Windows-Wcmsvc", "Computer": "DESKTOP-OFJ6N53", "TimeCreated": "2024-06-07 11:44:17.765890+00:00", "RecordID": "4090", "Level": "4", "UserID": "S-1-5-19", "EventData.Reason": "3"}
{"EventID": "1006", "Channel": "Microsoft-Windows-Wcmsvc/Operational", "Provider_Name": "Microsoft-Windows-Wcmsvc", "Computer": "DESKTOP-OFJ6N53", "TimeCreated": "2024-06-07 11:45:03.592783+00:00", "RecordID": "4091", "Level": "4", "UserID": "S-1-5-19", "EventData.Reason": "4"}
{"EventID": "1006", "Channel": "Microsoft-Windows-Wcmsvc/Operational", "Provider_Name": "Microsoft-Windows-Wcmsvc", "Computer": "DESKTOP-OFJ6N53", "TimeCreated": "2024-06-07 11:45:16.815542+00:00", "RecordID": "4092", "Level": "4", "UserID": "S-1-5-19", "EventData.Reason": "3"}
{"EventID": "1006", "Channel": "Microsoft-Windows-Wcmsvc/Operational", "Provider_Name": "Microsoft-Windows-Wcmsvc", "Computer": "DESKTOP-OFJ6N53", "TimeCreated": "2024-06-07 11:59:45.672483+00:00", "RecordID": "4093", "Level": "4", "UserID": "S-1-5-19", "EventData.Reason": "4"}
{"EventID": "1006", "Channel": "Microsoft-Windows-Wcmsvc/Operational", "Provider_Name": "Microsoft-Windows-Wcmsvc", "Computer": "DESKTOP-OFJ6N53", "TimeCreated": "2024-06-09 06:05:09.510624+00:00", "RecordID": "4094", "Level": "4", "UserID": "S-1-5-19", "EventData.Reason": "3"}
{"EventID": "1006", "Channel": "Microsoft-Windows-Wcmsvc/Operational", "Provider_Name": "Microsoft-Windows-Wcmsvc", "Computer": "DESKTOP-OFJ6N53", "TimeCreated": "2024-06-09 07:37:38.741011+00:00", "RecordID": "4095", "Level": "4", "UserID": "S-1-5-19", "EventData.Reason": "4"}
{"EventID": "1006", "Channel": "Microsoft-Windows-Wcmsvc/Operational", "Provider_Name": "Microsoft-Windows-Wcmsvc", "Computer": "DESKTOP-OFJ6N53", "TimeCreated": "2024-06-10 09:45:50.857313+00:00", "RecordID": "4096", "Level": "4", "UserID": "S-1-5-19", "EventData.Reason": "3"}
{"EventID": "1006", "Channel": "Microsoft-Windows-Wcmsvc/Operational", "Provider_Name": "Microsoft-Windows-Wcmsvc", "Computer": "DESKTOP-OFJ6N53", "TimeCreated": "2024-06-10 10:22:52.540419+00:00", "RecordID": "4097", "Level": "4", "UserID": "S-1-5-19", "EventData.Reason": "4"}
{"EventID": "1006", "Channel": "Microsoft-Windows-Wcmsvc/Operational", "Provider_Name": "Microsoft-Windows-Wcmsvc", "Computer": "DESKTOP-OFJ6N53", "TimeCreated": "2024-06-11 17:55:06.723297+00:00", "RecordID": "4098", "Level": "4", "UserID": "S-1-5-19", "EventData.Reason": "6"}
{"EventID": "10003", "Channel": "Microsoft-Windows-Wcmsvc/Operational", "Provider_Name": "Microsoft-Windows-Wcmsvc", "Computer": "DESKTOP-OFJ6N53", "TimeCreated": "2024-06-11 17:56:07.270336+00:00", "RecordID": "4099", "Level": "4", "UserID": "S-1-5-19"}
{"EventID": "10004", "Channel": "Microsoft-Windows-Wcmsvc/Operational", "Provider_Name": "Microsoft-Windows-Wcmsvc", "Computer": "DESKTOP-OFJ6N53", "TimeCreated": "2024-06-11 17:56:07.345930+00:00", "RecordID": "4100", "Level": "4", "UserID": "S-1-5-19"}
{"EventID": "10001", "Channel": "Microsoft-Windows-Wcmsvc/Operational", "Provider_Name": "Microsoft-Windows-Wcmsvc", "Computer": "DESKTOP-OFJ6N53", "TimeCreated": "2024-06-11 17:56:44.470835+00:00", "RecordID": "4101", "Level": "4", "UserID": "S-1-5-19"}
{"EventID": "1003", "Channel": "Microsoft-Windows-Wcmsvc/Operational", "Provider_Name": "Microsoft-Windows-Wcmsvc", "Computer": "DESKTOP-OFJ6N53", "TimeCreated": "2024-06-11 17:56:44.796402+00:00", "RecordID": "4102", "Level": "4", "UserID": "S-1-5-19", "EventData.Status": "1", "EventData.Name": "3"}
{"EventID": "1003", "Channel": "Microsoft-Windows-Wcmsvc/Operational", "Provider_Name": "Microsoft-Windows-Wcmsvc", "Computer": "DESKTOP-OFJ6N53", "TimeCreated": "2024-06-11 17:56:44.796431+00:00", "RecordID": "4103", "Level": "4", "UserID": "S-1-5-19", "EventData.Status": "1", "EventData.Name": "2"}
{"EventID": "1026", "Channel": "Microsoft-Windows-Wcmsvc/Operational", "Provider_Name": "Microsoft-Windows-Wcmsvc", "Computer": "DESKTOP-OFJ6N53", "TimeCreated": "2024-06-11 17:56:44.797298+00:00", "RecordID": "4104", "Level": "4", "UserID": "S-1-5-19", "EventData.InterfaceGuid": "{bed2c4be-ec11-4cc8-aafc-f0fd7a5e3a02}", "EventData.MediaType": "1"}
{"EventID": "1009", "Channel": "Microsoft-Windows-Wcmsvc/Operational", "Provider_Name": "Microsoft-Windows-Wcmsvc", "Computer": "DESKTOP-OFJ6N53", "TimeCreated": "2024-06-11 17:56:44.797335+00:00", "RecordID": "4105", "Level": "4", "UserID": "S-1-5-19", "EventData.InterfaceGuid": "{bed2c4be-ec11-4cc8-aafc-f0fd7a5e3a02}", "EventData.MediaType": "1"}
{"EventID": "10002", "Channel": "Microsoft-Windows-Wcmsvc/Operational", "Provider_Name": "Microsoft-Windows-Wcmsvc", "Computer": "DESKTOP-OFJ6N53", "TimeCreated": "2024-06-11 17:56:44.802080+00:00", "RecordID": "4106", "Level": "4", "UserID": "S-1-5-19"}
{"EventID": "1006", "Channel": "Microsoft-Windows-Wcmsvc/Operational", "Provider_Name": "Microsoft-Windows-Wcmsvc", "Computer": "DESKTOP-OFJ6N53", "TimeCreated": "2024-06-11 17:57:53.084095+00:00", "RecordID": "4107", "Level": "4", "UserID": "S-1-5-19", "EventData.Reason": "1"}
{"EventID": "1006", "Channel": "Microsoft-Windows-Wcmsvc/Operational", "Provider_Name": "Microsoft-Windows-Wcmsvc", "Computer": "DESKTOP-OFJ6N53", "TimeCreated": "2024-06-13 10:02:50.872021+00:00", "RecordID": "4108", "Level": "4", "UserID": "S-1-5-19", "EventData.Reason": "3"}
{"EventID": "1006", "Channel": "Microsoft-Windows-Wcmsvc/Operational", "Provider_Name": "Microsoft-Windows-Wcmsvc", "Computer": "DESKTOP-OFJ6N53", "TimeCreated": "2024-06-13 10:02:55.891176+00:00", "RecordID": "4109", "Level": "4", "UserID": "S-1-5-19", "EventData.Reason": "5"}
{"EventID": "1006", "Channel": "Microsoft-Windows-Wcmsvc/Operational", "Provider_Name": "Microsoft-Windows-Wcmsvc", "Computer": "DESKTOP-OFJ6N53", "TimeCreated": "2024-06-13 10:18:12.211563+00:00", "RecordID": "4110", "Level": "4", "UserID": "S-1-5-19", "EventData.Reason": "6"}
{"EventID": "10003", "Channel": "Microsoft-Windows-Wcmsvc/Operational", "Provider_Name": "Microsoft-Windows-Wcmsvc", "Computer": "DESKTOP-OFJ6N53", "TimeCreated": "2024-06-13 10:18:14.118425+00:00", "RecordID": "4111", "Level": "4", "UserID": "S-1-5-19"}
{"EventID": "10004", "Channel": "Microsoft-Windows-Wcmsvc/Operational", "Provider_Name": "Microsoft-Windows-Wcmsvc", "Computer": "DESKTOP-OFJ6N53", "TimeCreated": "2024-06-13 10:18:15.251509+00:00", "RecordID": "4112", "Level": "4", "UserID": "S-1-5-19"}
{"EventID": "10001", "Channel": "Microsoft-Windows-Wcmsvc/Operational", "Provider_Name": "Microsoft-Windows-Wcmsvc", "Computer": "DESKTOP-OFJ6N53", "TimeCreated": "2024-06-13 10:18:55.306969+00:00", "RecordID": "4113", "Level": "4", "UserID": "S-1-5-19"}
{"EventID": "1026", "Channel": "Microsoft-Windows-Wcmsvc/Operational", "Provider_Name": "Microsoft-Windows-Wcmsvc", "Computer": "DESKTOP-OFJ6N53", "TimeCreated": "2024-06-13 10:18:56.063644+00:00", "RecordID": "4114", "Level": "4", "UserID": "S-1-5-19", "EventData.InterfaceGuid": "{bed2c4be-ec11-4cc8-aafc-f0fd7a5e3a02}", "EventData.MediaType": "1"}
{"EventID": "1009", "Channel": "Microsoft-Windows-Wcmsvc/Operational", "Provider_Name": "Microsoft-Windows-Wcmsvc", "Computer": "DESKTOP-OFJ6N53", "TimeCreated": "2024-06-13 10:18:56.063898+00:00", "RecordID": "4115", "Level": "4", "UserID": "S-1-5-19", "EventData.InterfaceGuid": "{bed2c4be-ec11-4cc8-aafc-f0fd7a5e3a02}", "EventData.MediaType": "1"}
{"EventID": "10002", "Channel": "Microsoft-Windows-Wcmsvc/Operational", "Provider_Name": "Microsoft-Windows-Wcmsvc", "Computer": "DESKTOP-OFJ6N53", "TimeCreated": "2024-06-13 10:18:56.102058+00:00", "RecordID": "4116", "Level": "4", "UserID": "S-1-5-19"}
{"EventID": "1003", "Channel": "Microsoft-Windows-Wcmsvc/Operational", "Provider_Name": "Microsoft-Windows-Wcmsvc", "Computer": "DESKTOP-OFJ6N53", "TimeCreated": "2024-06-13 10:18:56.135321+00:00", "RecordID": "4117", "Level": "4", "UserID": "S-1-5-19", "EventData.Status": "1", "EventData.Name": "2"}
{"EventID": "1003", "Channel": "Microsoft-Windows-Wcmsvc/Operational", "Provider_Name": "Microsoft-Windows-Wcmsvc", "Computer": "DESKTOP-OFJ6N53", "TimeCreated": "2024-06-13 10:18:56.138287+00:00", "RecordID": "4118", "Level": "4", "UserID": "S-1-5-19", "EventData.Status": "1", "EventData.Name": "3"}
{"EventID": "1006", "Channel": "Microsoft-Windows-Wcmsvc/Operational", "Provider_Name": "Microsoft-Windows-Wcmsvc", "Computer": "DESKTOP-OFJ6N53", "TimeCreated": "2024-06-13 10:21:31.548655+00:00", "RecordID": "4119", "Level": "4", "UserID": "S-1-5-19", "EventData.Reason": "3"}
{"EventID": "1006", "Channel": "Microsoft-Windows-Wcmsvc/Operational", "Provider_Name": "Microsoft-Windows-Wcmsvc", "Computer": "DESKTOP-OFJ6N53", "TimeCreated": "2024-06-13 10:21:34.581882+00:00", "RecordID": "4120", "Level": "4", "UserID": "S-1-5-19", "EventData.Reason": "5"}
{"EventID": "1006", "Channel": "Microsoft-Windows-Wcmsvc/Operational", "Provider_Name": "Microsoft-Windows-Wcmsvc", "Computer": "DESKTOP-OFJ6N53", "TimeCreated": "2024-06-14 05:06:01.800894+00:00", "RecordID": "4121", "Level": "4", "UserID": "S-1-5-19", "EventData.Reason": "4"}
{"EventID": "1006", "Channel": "Microsoft-Windows-Wcmsvc/Operational", "Provider_Name": "Microsoft-Windows-Wcmsvc", "Computer": "DESKTOP-OFJ6N53", "TimeCreated": "2024-06-14 07:38:15.667046+00:00", "RecordID": "4122", "Level": "4", "UserID": "S-1-5-19", "EventData.Reason": "3"}
{"EventID": "1006", "Channel": "Microsoft-Windows-Wcmsvc/Operational", "Provider_Name": "Microsoft-Windows-Wcmsvc", "Computer": "DESKTOP-OFJ6N53", "TimeCreated": "2024-06-14 08:44:47.094011+00:00", "RecordID": "4123", "Level": "4", "UserID": "S-1-5-19", "EventData.Reason": "4"}
{"EventID": "1006", "Channel": "Microsoft-Windows-Wcmsvc/Operational", "Provider_Name": "Microsoft-Windows-Wcmsvc", "Computer": "DESKTOP-OFJ6N53", "TimeCreated": "2024-06-14 11:18:14.068350+00:00", "RecordID": "4124", "Level": "4", "UserID": "S-1-5-19", "EventData.Reason": "3"}
{"EventID": "1006", "Channel": "Microsoft-Windows-Wcmsvc/Operational", "Provider_Name": "Microsoft-Windows-Wcmsvc", "Computer": "DESKTOP-OFJ6N53", "TimeCreated": "2024-06-14 11:20:42.236383+00:00", "RecordID": "4125", "Level": "4", "UserID": "S-1-5-19", "EventData.Reason": "4"}
{"EventID": "1006", "Channel": "Microsoft-Windows-Wcmsvc/Operational", "Provider_Name": "Microsoft-Windows-Wcmsvc", "Computer": "DESKTOP-OFJ6N53", "TimeCreated": "2024-06-14 11:20:55.583586+00:00", "RecordID": "4126", "Level": "4", "UserID": "S-1-5-19", "EventData.Reason": "3"}
{"EventID": "1006", "Channel": "Microsoft-Windows-Wcmsvc/Operational", "Provider_Name": "Microsoft-Windows-Wcmsvc", "Computer": "DESKTOP-OFJ6N53", "TimeCreated": "2024-06-14 23:52:18.086508+00:00", "RecordID": "4127", "Level": "4", "UserID": "S-1-5-19", "EventData.Reason": "4"}
{"EventID": "1006", "Channel": "Microsoft-Windows-Wcmsvc/Operational", "Provider_Name": "Microsoft-Windows-Wcmsvc", "Computer": "DESKTOP-OFJ6N53", "TimeCreated": "2024-06-18 07:32:27.491129+00:00", "RecordID": "4128", "Level": "4", "UserID": "S-1-5-19", "EventData.Reason": "3"}
{"EventID": "1006", "Channel": "Microsoft-Windows-Wcmsvc/Operational", "Provider_Name": "Microsoft-Windows-Wcmsvc", "Computer": "DESKTOP-OFJ6N53", "TimeCreated": "2024-06-18 08:22:12.452066+00:00", "RecordID": "4129", "Level": "4", "UserID": "S-1-5-19", "EventData.Reason": "4"}
{"EventID": "1006", "Channel": "Microsoft-Windows-Wcmsvc/Operational", "Provider_Name": "Microsoft-Windows-Wcmsvc", "Computer": "DESKTOP-OFJ6N53", "TimeCreated": "2024-06-18 22:00:07.913568+00:00", "RecordID": "4130", "Level": "4", "UserID": "S-1-5-19", "EventData.Reason": "3"}
{"EventID": "1006", "Channel": "Microsoft-Windows-Wcmsvc/Operational", "Provider_Name": "Microsoft-Windows-Wcmsvc", "Computer": "DESKTOP-OFJ6N53", "TimeCreated": "2024-06-18 22:01:13.403002+00:00", "RecordID": "4131", "Level": "4", "UserID": "S-1-5-19", "EventData.Reason": "4"}
{"EventID": "1006", "Channel": "Microsoft-Windows-Wcmsvc/Operational", "Provider_Name": "Microsoft-Windows-Wcmsvc", "Computer": "DESKTOP-OFJ6N53", "TimeCreated": "2024-06-18 22:01:52.700302+00:00", "RecordID": "4132", "Level": "4", "UserID": "S-1-5-19", "EventData.Reason": "2"}
{"EventID": "1006", "Channel": "Microsoft-Windows-Wcmsvc/Operational", "Provider_Name": "Microsoft-Windows-Wcmsvc", "Computer": "DESKTOP-OFJ6N53", "TimeCreated": "2024-06-18 22:01:52.989038+00:00", "RecordID": "4133", "Level": "4", "UserID": "S-1-5-19", "EventData.Reason": "1"}
{"EventID": "1006", "Channel": "Microsoft-Windows-Wcmsvc/Operational", "Provider_Name": "Microsoft-Windows-Wcmsvc", "Computer": "DESKTOP-OFJ6N53", "TimeCreated": "2024-06-19 15:06:19.583658+00:00", "RecordID": "4134", "Level": "4", "UserID": "S-1-5-19", "EventData.Reason": "2"}
{"EventID": "1006", "Channel": "Microsoft-Windows-Wcmsvc/Operational", "Provider_Name": "Microsoft-Windows-Wcmsvc", "Computer": "DESKTOP-OFJ6N53", "TimeCreated": "2024-06-19 15:06:20.027061+00:00", "RecordID": "4135", "Level": "4", "UserID": "S-1-5-19", "EventData.Reason": "1"}
{"EventID": "1006", "Channel": "Microsoft-Windows-Wcmsvc/Operational", "Provider_Name": "Microsoft-Windows-Wcmsvc", "Computer": "DESKTOP-OFJ6N53", "TimeCreated": "2024-06-19 15:06:20.355848+00:00", "RecordID": "4136", "Level": "4", "UserID": "S-1-5-19", "EventData.Reason": "3"}
{"EventID": "1006", "Channel": "Microsoft-Windows-Wcmsvc/Operational", "Provider_Name": "Microsoft-Windows-Wcmsvc", "Computer": "DESKTOP-OFJ6N53", "TimeCreated": "2024-06-19 15:43:00.663206+00:00", "RecordID": "4137", "Level": "4", "UserID": "S-1-5-19", "EventData.Reason": "4"}
{"EventID": "1006", "Channel": "Microsoft-Windows-Wcmsvc/Operational", "Provider_Name": "Microsoft-Windows-Wcmsvc", "Computer": "DESKTOP-OFJ6N53", "TimeCreated": "2024-06-22 09:09:53.387215+00:00", "RecordID": "4138", "Level": "4", "UserID": "S-1-5-19", "EventData.Reason": "3"}
{"EventID": "1006", "Channel": "Microsoft-Windows-Wcmsvc/Operational", "Provider_Name": "Microsoft-Windows-Wcmsvc", "Computer": "DESKTOP-OFJ6N53", "TimeCreated": "2024-06-22 12:56:57.348213+00:00", "RecordID": "4139", "Level": "4", "UserID": "S-1-5-19", "EventData.Reason": "4"}
{"EventID": "1006", "Channel": "Microsoft-Windows-Wcmsvc/Operational", "Provider_Name": "Microsoft-Windows-Wcmsvc", "Computer": "DESKTOP-OFJ6N53", "TimeCreated": "2024-06-24 07:30:36.187557+00:00", "RecordID": "4140", "Level": "4", "UserID": "S-1-5-19", "EventData.Reason": "3"}
{"EventID": "1006", "Channel": "Microsoft-Windows-Wcmsvc/Operational", "Provider_Name": "Microsoft-Windows-Wcmsvc", "Computer": "DESKTOP-OFJ6N53", "TimeCreated": "2024-06-24 07:30:49.334658+00:00", "RecordID": "4141", "Level": "4", "UserID": "S-1-5-19", "EventData.Reason": "4"}
{"EventID": "1006", "Channel": "Microsoft-Windows-Wcmsvc/Operational", "Provider_Name": "Microsoft-Windows-Wcmsvc", "Computer": "DESKTOP-OFJ6N53", "TimeCreated": "2024-06-27 15:21:32.782011+00:00", "RecordID": "4142", "Level": "4", "UserID": "S-1-5-19", "EventData.Reason": "3"}
{"EventID": "1006", "Channel": "Microsoft-Windows-Wcmsvc/Operational", "Provider_Name": "Microsoft-Windows-Wcmsvc", "Computer": "DESKTOP-OFJ6N53", "TimeCreated": "2024-06-27 20:13:17.874441+00:00", "RecordID": "4143", "Level": "4", "UserID": "S-1-5-19", "EventData.Reason": "4"}
{"EventID": "1006", "Channel": "Microsoft-Windows-Wcmsvc/Operational", "Provider_Name": "Microsoft-Windows-Wcmsvc", "Computer": "DESKTOP-OFJ6N53", "TimeCreated": "2024-06-27 20:13:27.932674+00:00", "RecordID": "4144", "Level": "4", "UserID": "S-1-5-19", "EventData.Reason": "3"}
{"EventID": "1006", "Channel": "Microsoft-Windows-Wcmsvc/Operational", "Provider_Name": "Microsoft-Windows-Wcmsvc", "Computer": "DESKTOP-OFJ6N53", "TimeCreated": "2024-06-28 00:43:56.071049+00:00", "RecordID": "4145", "Level": "4", "UserID": "S-1-5-19", "EventData.Reason": "4"}
{"EventID": "1006", "Channel": "Microsoft-Windows-Wcmsvc/Operational", "Provider_Name": "Microsoft-Windows-Wcmsvc", "Computer": "DESKTOP-OFJ6N53", "TimeCreated": "2024-06-28 00:46:18.593843+00:00", "RecordID": "4146", "Level": "4", "UserID": "S-1-5-19", "EventData.Reason": "3"}
{"EventID": "1006", "Channel": "Microsoft-Windows-Wcmsvc/Operational", "Provider_Name": "Microsoft-Windows-Wcmsvc", "Computer": "DESKTOP-OFJ6N53", "TimeCreated": "2024-06-28 01:16:54.653917+00:00", "RecordID": "4147", "Level": "4", "UserID": "S-1-5-19", "EventData.Reason": "4"}
{"EventID": "1006", "Channel": "Microsoft-Windows-Wcmsvc/Operational", "Provider_Name": "Microsoft-Windows-Wcmsvc", "Computer": "DESKTOP-OFJ6N53", "TimeCreated": "2024-06-28 06:58:32.283058+00:00", "RecordID": "4148", "Level": "4", "UserID": "S-1-5-19", "EventData.Reason": "3"}
{"EventID": "1006", "Channel": "Microsoft-Windows-Wcmsvc/Operational", "Provider_Name": "Microsoft-Windows-Wcmsvc", "Computer": "DESKTOP-OFJ6N53", "TimeCreated": "2024-06-28 07:29:05.388447+00:00", "RecordID": "4149", "Level": "4", "UserID": "S-1-5-19", "EventData.Reason": "4"}
{"EventID": "1006", "Channel": "Microsoft-Windows-Wcmsvc/Operational", "Provider_Name": "Microsoft-Windows-Wcmsvc", "Computer": "DESKTOP-OFJ6N53", "TimeCreated": "2024-06-28 07:59:21.438448+00:00", "RecordID": "4150", "Level": "4", "UserID": "S-1-5-19", "EventData.Reason": "3"}
{"EventID": "1006", "Channel": "Microsoft-Windows-Wcmsvc/Operational", "Provider_Name": "Microsoft-Windows-Wcmsvc", "Computer": "DESKTOP-OFJ6N53", "TimeCreated": "2024-06-28 10:41:43.132444+00:00", "RecordID": "4151", "Level": "4", "UserID": "S-1-5-19", "EventData.Reason": "4"}
{"EventID": "1006", "Channel": "Microsoft-Windows-Wcmsvc/Operational", "Provider_Name": "Microsoft-Windows-Wcmsvc", "Computer": "DESKTOP-OFJ6N53", "TimeCreated": "2024-06-29 20:30:54.439125+00:00", "RecordID": "4152", "Level": "4", "UserID": "S-1-5-19", "EventData.Reason": "3"}
{"EventID": "1006", "Channel": "Microsoft-Windows-Wcmsvc/Operational", "Provider_Name": "Microsoft-Windows-Wcmsvc", "Computer": "DESKTOP-OFJ6N53", "TimeCreated": "2024-06-30 04:28:54.412683+00:00", "RecordID": "4153", "Level": "4", "UserID": "S-1-5-19", "EventData.Reason": "4"}
{"EventID": "1006", "Channel": "Microsoft-Windows-Wcmsvc/Operational", "Provider_Name": "Microsoft-Windows-Wcmsvc", "Computer": "DESKTOP-OFJ6N53", "TimeCreated": "2024-07-03 13:18:52.476995+00:00", "RecordID": "4154", "Level": "4", "UserID": "S-1-5-19", "EventData.Reason": "2"}
{"EventID": "1006", "Channel": "Microsoft-Windows-Wcmsvc/Operational", "Provider_Name": "Microsoft-Windows-Wcmsvc", "Computer": "DESKTOP-OFJ6N53", "TimeCreated": "2024-07-03 13:18:56.563465+00:00", "RecordID": "4155", "Level": "4", "UserID": "S-1-5-19", "EventData.Reason": "1"}
{"EventID": "1006", "Channel": "Microsoft-Windows-Wcmsvc/Operational", "Provider_Name": "Microsoft-Windows-Wcmsvc", "Computer": "DESKTOP-OFJ6N53", "TimeCreated": "2024-07-03 13:20:34.141840+00:00", "RecordID": "4156", "Level": "4", "UserID": "S-1-5-19", "EventData.Reason": "6"}
{"EventID": "10003", "Channel": "Microsoft-Windows-Wcmsvc/Operational", "Provider_Name": "Microsoft-Windows-Wcmsvc", "Computer": "DESKTOP-OFJ6N53", "TimeCreated": "2024-07-03 13:20:40.614532+00:00", "RecordID": "4157", "Level": "4", "UserID": "S-1-5-19"}
{"EventID": "10004", "Channel": "Microsoft-Windows-Wcmsvc/Operational", "Provider_Name": "Microsoft-Windows-Wcmsvc", "Computer": "DESKTOP-OFJ6N53", "TimeCreated": "2024-07-03 13:20:43.266811+00:00", "RecordID": "4158", "Level": "4", "UserID": "S-1-5-19"}
{"EventID": "10001", "Channel": "Microsoft-Windows-Wcmsvc/Operational", "Provider_Name": "Microsoft-Windows-Wcmsvc", "Computer": "DESKTOP-OFJ6N53", "TimeCreated": "2024-07-03 13:21:55.535051+00:00", "RecordID": "4159", "Level": "4", "UserID": "S-1-5-19"}
{"EventID": "1026", "Channel": "Microsoft-Windows-Wcmsvc/Operational", "Provider_Name": "Microsoft-Windows-Wcmsvc", "Computer": "DESKTOP-OFJ6N53", "TimeCreated": "2024-07-03 13:21:56.278143+00:00", "RecordID": "4160", "Level": "4", "UserID": "S-1-5-19", "EventData.InterfaceGuid": "{bed2c4be-ec11-4cc8-aafc-f0fd7a5e3a02}", "EventData.MediaType": "1"}
{"EventID": "1009", "Channel": "Microsoft-Windows-Wcmsvc/Operational", "Provider_Name": "Microsoft-Windows-Wcmsvc", "Computer": "DESKTOP-OFJ6N53", "TimeCreated": "2024-07-03 13:21:56.278233+00:00", "RecordID": "4161", "Level": "4", "UserID": "S-1-5-19", "EventData.InterfaceGuid": "{bed2c4be-ec11-4cc8-aafc-f0fd7a5e3a02}", "EventData.MediaType": "1"}
{"EventID": "1003", "Channel": "Microsoft-Windows-Wcmsvc/Operational", "Provider_Name": "Microsoft-Windows-Wcmsvc", "Computer": "DESKTOP-OFJ6N53", "TimeCreated": "2024-07-03 13:21:56.285120+00:00", "RecordID": "4162", "Level": "4", "UserID": "S-1-5-19", "EventData.Status": "1", "EventData.Name": "2"}
{"EventID": "1003", "Channel": "Microsoft-Windows-Wcmsvc/Operational", "Provider_Name": "Microsoft-Windows-Wcmsvc", "Computer": "DESKTOP-OFJ6N53", "TimeCreated": "2024-07-03 13:21:56.285131+00:00", "RecordID": "4163", "Level": "4", "UserID": "S-1-5-19", "EventData.Status": "1", "EventData.Name": "3"}
{"EventID": "10002", "Channel": "Microsoft-Windows-Wcmsvc/Operational", "Provider_Name": "Microsoft-Windows-Wcmsvc", "Computer": "DESKTOP-OFJ6N53", "TimeCreated": "2024-07-03 13:21:56.289627+00:00", "RecordID": "4164", "Level": "4", "UserID": "S-1-5-19"}
{"EventID": "1006", "Channel": "Microsoft-Windows-Wcmsvc/Operational", "Provider_Name": "Microsoft-Windows-Wcmsvc", "Computer": "DESKTOP-OFJ6N53", "TimeCreated": "2024-07-04 10:12:41.707815+00:00", "RecordID": "4165", "Level": "4", "UserID": "S-1-5-19", "EventData.Reason": "3"}
{"EventID": "1006", "Channel": "Microsoft-Windows-Wcmsvc/Operational", "Provider_Name": "Microsoft-Windows-Wcmsvc", "Computer": "DESKTOP-OFJ6N53", "TimeCreated": "2024-07-04 10:12:46.830578+00:00", "RecordID": "4166", "Level": "4", "UserID": "S-1-5-19", "EventData.Reason": "5"}
{"EventID": "1006", "Channel": "Microsoft-Windows-Wcmsvc/Operational", "Provider_Name": "Microsoft-Windows-Wcmsvc", "Computer": "DESKTOP-OFJ6N53", "TimeCreated": "2024-07-05 00:44:51.674873+00:00", "RecordID": "4167", "Level": "4", "UserID": "S-1-5-19", "EventData.Reason": "4"}
{"EventID": "1006", "Channel": "Microsoft-Windows-Wcmsvc/Operational", "Provider_Name": "Microsoft-Windows-Wcmsvc", "Computer": "DESKTOP-OFJ6N53", "TimeCreated": "2024-07-05 14:23:34.231949+00:00", "RecordID": "4168", "Level": "4", "UserID": "S-1-5-19", "EventData.Reason": "2"}
{"EventID": "1006", "Channel": "Microsoft-Windows-Wcmsvc/Operational", "Provider_Name": "Microsoft-Windows-Wcmsvc", "Computer": "DESKTOP-OFJ6N53", "TimeCreated": "2024-07-05 14:23:34.647953+00:00", "RecordID": "4169", "Level": "4", "UserID": "S-1-5-19", "EventData.Reason": "1"}
