{"EventID": "2000", "Channel": "Microsoft-Windows-Diagnosis-ScriptedDiagnosticsProvider/Operational", "Provider_Name": "Microsoft-Windows-Diagnosis-ScriptedDiagnosticsProvider", "Computer": "DESKTOP-OFJ6N53", "TimeCreated": "2022-12-23 10:34:16.846233+00:00", "RecordID": "1", "Level": "4", "UserID": "S-1-5-21-963789628-1060504924-4285088085-1001", "EventData.IndexPath": "C:\\Windows\\Diagnostics\\Index\\AppsDiagnostic.xml"}
{"EventID": "2000", "Channel": "Microsoft-Windows-Diagnosis-ScriptedDiagnosticsProvider/Operational", "Provider_Name": "Microsoft-Windows-Diagnosis-ScriptedDiagnosticsProvider", "Computer": "DESKTOP-OFJ6N53", "TimeCreated": "2022-12-23 10:34:16.891850+00:00", "RecordID": "2", "Level": "4", "UserID": "S-1-5-21-963789628-1060504924-4285088085-1001", "EventData.IndexPath": "C:\\Windows\\Diagnostics\\Index\\AudioPlaybackDiagnostic.xml"}
{"EventID": "1000", "Channel": "Microsoft-Windows-Diagnosis-ScriptedDiagnosticsProvider/Operational", "Provider_Name": "Microsoft-Windows-Diagnosis-ScriptedDiagnosticsProvider", "Computer": "DESKTOP-OFJ6N53", "TimeCreated": "2022-12-23 10:34:16.892427+00:00", "RecordID": "3", "Level": "4", "UserID": "S-1-5-21-963789628-1060504924-4285088085-1001", "EventData.UILanguage": "ru-RU", "EventData.ResultSize": "1"}
{"EventID": "2000", "Channel": "Microsoft-Windows-Diagnosis-ScriptedDiagnosticsProvider/Operational", "Provider_Name": "Microsoft-Windows-Diagnosis-ScriptedDiagnosticsProvider", "Computer": "DESKTOP-OFJ6N53", "TimeCreated": "2022-12-23 10:34:17.470123+00:00", "RecordID": "4", "Level": "4", "UserID": "S-1-5-21-963789628-1060504924-4285088085-1001", "EventData.IndexPath": "C:\\Windows\\Diagnostics\\Index\\AppsDiagnostic.xml"}
{"EventID": "2000", "Channel": "Microsoft-Windows-Diagnosis-ScriptedDiagnosticsProvider/Operational", "Provider_Name": "Microsoft-Windows-Diagnosis-ScriptedDiagnosticsProvider", "Computer": "DESKTOP-OFJ6N53", "TimeCreated": "2022-12-23 10:34:17.473413+00:00", "RecordID": "5", "Level": "4", "UserID": "S-1-5-21-963789628-1060504924-4285088085-1001", "EventData.IndexPath": "C:\\Windows\\Diagnostics\\Index\\AudioPlaybackDiagnostic.xml"}
{"EventID": "1000", "Channel": "Microsoft-Windows-Diagnosis-ScriptedDiagnosticsProvider/Operational", "Provider_Name": "Microsoft-Windows-Diagnosis-ScriptedDiagnosticsProvider", "Computer": "DESKTOP-OFJ6N53", "TimeCreated": "2022-12-23 10:34:17.473785+00:00", "RecordID": "6", "Level": "4", "UserID": "S-1-5-21-963789628-1060504924-4285088085-1001", "EventData.UILanguage": "ru-RU", "EventData.ResultSize": "1"}
{"EventID": "2000", "Channel": "Microsoft-Windows-Diagnosis-ScriptedDiagnosticsProvider/Operational", "Provider_Name": "Microsoft-Windows-Diagnosis-ScriptedDiagnosticsProvider", "Computer": "DESKTOP-OFJ6N53", "TimeCreated": "2024-07-29 17:43:21.054651+00:00", "RecordID": "7", "Level": "4", "UserID": "S-1-5-21-963789628-1060504924-4285088085-1001", "EventData.IndexPath": "C:\\Windows\\Diagnostics\\Index\\AppsDiagnostic.xml"}
{"EventID": "2000", "Channel": "Microsoft-Windows-Diagnosis-ScriptedDiagnosticsProvider/Operational", "Provider_Name": "Microsoft-Windows-Diagnosis-ScriptedDiagnosticsProvider", "Computer": "DESKTOP-OFJ6N53", "TimeCreated": "2024-07-29 17:43:21.091473+00:00", "RecordID": "8", "Level": "4", "UserID": "S-1-5-21-963789628-1060504924-4285088085-1001", "EventData.IndexPath": "C:\\Windows\\Diagnostics\\Index\\AudioPlaybackDiagnostic.xml"}
{"EventID": "1000", "Channel": "Microsoft-Windows-Diagnosis-ScriptedDiagnosticsProvider/Operational", "Provider_Name": "Microsoft-Windows-Diagnosis-ScriptedDiagnosticsProvider", "Computer": "DESKTOP-OFJ6N53", "TimeCreated": "2024-07-29 17:43:21.091858+00:00", "RecordID": "9", "Level": "4", "UserID": "S-1-5-21-963789628-1060504924-4285088085-1001", "EventData.UILanguage": "ru-RU", "EventData.ResultSize": "1"}
{"EventID": "2000", "Channel": "Microsoft-Windows-Diagnosis-ScriptedDiagnosticsProvider/Operational", "Provider_Name": "Microsoft-Windows-Diagnosis-ScriptedDiagnosticsProvider", "Computer": "DESKTOP-OFJ6N53", "TimeCreated": "2024-07-29 17:43:21.344296+00:00", "RecordID": "10", "Level": "4", "UserID": "S-1-5-21-963789628-1060504924-4285088085-1001", "EventData.IndexPath": "C:\\Windows\\Diagnostics\\Index\\AppsDiagnostic.xml"}
{"EventID": "2000", "Channel": "Microsoft-Windows-Diagnosis-ScriptedDiagnosticsProvider/Operational", "Provider_Name": "Microsoft-Windows-Diagnosis-ScriptedDiagnosticsProvider", "Computer": "DESKTOP-OFJ6N53", "TimeCreated": "2024-07-29 17:43:21.346724+00:00", "RecordID": "11", "Level": "4", "UserID": "S-1-5-21-963789628-1060504924-4285088085-1001", "EventData.IndexPath": "C:\\Windows\\Diagnostics\\Index\\AudioPlaybackDiagnostic.xml"}
{"EventID": "1000", "Channel": "Microsoft-Windows-Diagnosis-ScriptedDiagnosticsProvider/Operational", "Provider_Name": "Microsoft-Windows-Diagnosis-ScriptedDiagnosticsProvider", "Computer": "DESKTOP-OFJ6N53", "TimeCreated": "2024-07-29 17:43:21.346975+00:00", "RecordID": "12", "Level": "4", "UserID": "S-1-5-21-963789628-1060504924-4285088085-1001", "EventData.UILanguage": "ru-RU", "EventData.ResultSize": "1"}
