{"EventID": "2", "Channel": "Microsoft-Windows-Diagnosis-Scheduled/Operational", "Provider_Name": "Microsoft-Windows-Diagnosis-Scheduled", "Computer": "DESKTOP-OFJ6N53", "TimeCreated": "2025-03-23 10:17:40.810562+00:00", "RecordID": "1125", "Level": "4", "UserID": "S-1-5-21-963789628-1060504924-4285088085-1001"}
{"EventID": "5", "Channel": "Microsoft-Windows-Diagnosis-Scheduled/Operational", "Provider_Name": "Microsoft-Windows-Diagnosis-Scheduled", "Computer": "DESKTOP-OFJ6N53", "TimeCreated": "2025-03-23 10:17:40.817322+00:00", "RecordID": "1126", "Level": "4", "UserID": "S-1-5-21-963789628-1060504924-4285088085-1001", "EventData.PackagePath": "C:\\Windows\\diagnostics\\scheduled\\Maintenance"}
{"EventID": "6", "Channel": "Microsoft-Windows-Diagnosis-Scheduled/Operational", "Provider_Name": "Microsoft-Windows-Diagnosis-Scheduled", "Computer": "DESKTOP-OFJ6N53", "TimeCreated": "2025-03-23 10:17:41.526791+00:00", "RecordID": "1127", "Level": "4", "UserID": "S-1-5-21-963789628-1060504924-4285088085-1001", "EventData.PackageID": "MaintenanceDiagnostic"}
{"EventID": "7", "Channel": "Microsoft-Windows-Diagnosis-Scheduled/Operational", "Provider_Name": "Microsoft-Windows-Diagnosis-Scheduled", "Computer": "DESKTOP-OFJ6N53", "TimeCreated": "2025-03-23 10:17:41.526794+00:00", "RecordID": "1128", "Level": "4", "UserID": "S-1-5-21-963789628-1060504924-4285088085-1001", "EventData.PackageID": "MaintenanceDiagnostic"}
{"EventID": "8", "Channel": "Microsoft-Windows-Diagnosis-Scheduled/Operational", "Provider_Name": "Microsoft-Windows-Diagnosis-Scheduled", "Computer": "DESKTOP-OFJ6N53", "TimeCreated": "2025-03-23 10:17:49.239727+00:00", "RecordID": "1129", "Level": "4", "UserID": "S-1-5-21-963789628-1060504924-4285088085-1001", "EventData.PackageID": "MaintenanceDiagnostic", "EventData.RootCauseCount": "2"}
{"EventID": "100", "Channel": "Microsoft-Windows-Diagnosis-Scheduled/Operational", "Provider_Name": "Microsoft-Windows-Diagnosis-Scheduled", "Computer": "DESKTOP-OFJ6N53", "TimeCreated": "2025-03-23 10:17:49.239733+00:00", "RecordID": "1130", "Level": "1", "UserID": "S-1-5-21-963789628-1060504924-4285088085-1001", "EventData.hc_stateid": "0"}
{"EventID": "3", "Channel": "Microsoft-Windows-Diagnosis-Scheduled/Operational", "Provider_Name": "Microsoft-Windows-Diagnosis-Scheduled", "Computer": "DESKTOP-OFJ6N53", "TimeCreated": "2025-03-23 10:17:49.248884+00:00", "RecordID": "1131", "Level": "4", "UserID": "S-1-5-21-963789628-1060504924-4285088085-1001"}
{"EventID": "2", "Channel": "Microsoft-Windows-Diagnosis-Scheduled/Operational", "Provider_Name": "Microsoft-Windows-Diagnosis-Scheduled", "Computer": "DESKTOP-OFJ6N53", "TimeCreated": "2025-03-30 09:26:56.642843+00:00", "RecordID": "1132", "Level": "4", "UserID": "S-1-5-21-963789628-1060504924-4285088085-1001"}
{"EventID": "5", "Channel": "Microsoft-Windows-Diagnosis-Scheduled/Operational", "Provider_Name": "Microsoft-Windows-Diagnosis-Scheduled", "Computer": "DESKTOP-OFJ6N53", "TimeCreated": "2025-03-30 09:26:56.643253+00:00", "RecordID": "1133", "Level": "4", "UserID": "S-1-5-21-963789628-1060504924-4285088085-1001", "EventData.PackagePath": "C:\\Windows\\diagnostics\\scheduled\\Maintenance"}
{"EventID": "6", "Channel": "Microsoft-Windows-Diagnosis-Scheduled/Operational", "Provider_Name": "Microsoft-Windows-Diagnosis-Scheduled", "Computer": "DESKTOP-OFJ6N53", "TimeCreated": "2025-03-30 09:26:57.164143+00:00", "RecordID": "1134", "Level": "4", "UserID": "S-1-5-21-963789628-1060504924-4285088085-1001", "EventData.PackageID": "MaintenanceDiagnostic"}
{"EventID": "7", "Channel": "Microsoft-Windows-Diagnosis-Scheduled/Operational", "Provider_Name": "Microsoft-Windows-Diagnosis-Scheduled", "Computer": "DESKTOP-OFJ6N53", "TimeCreated": "2025-03-30 09:26:57.164143+00:00", "RecordID": "1135", "Level": "4", "UserID": "S-1-5-21-963789628-1060504924-4285088085-1001", "EventData.PackageID": "MaintenanceDiagnostic"}
{"EventID": "8", "Channel": "Microsoft-Windows-Diagnosis-Scheduled/Operational", "Provider_Name": "Microsoft-Windows-Diagnosis-Scheduled", "Computer": "DESKTOP-OFJ6N53", "TimeCreated": "2025-03-30 09:27:01.547453+00:00", "RecordID": "1136", "Level": "4", "UserID": "S-1-5-21-963789628-1060504924-4285088085-1001", "EventData.PackageID": "MaintenanceDiagnostic", "EventData.RootCauseCount": "2"}
{"EventID": "100", "Channel": "Microsoft-Windows-Diagnosis-Scheduled/Operational", "Provider_Name": "Microsoft-Windows-Diagnosis-Scheduled", "Computer": "DESKTOP-OFJ6N53", "TimeCreated": "2025-03-30 09:27:01.547455+00:00", "RecordID": "1137", "Level": "1", "UserID": "S-1-5-21-963789628-1060504924-4285088085-1001", "EventData.hc_stateid": "0"}
{"EventID": "3", "Channel": "Microsoft-Windows-Diagnosis-Scheduled/Operational", "Provider_Name": "Microsoft-Windows-Diagnosis-Scheduled", "Computer": "DESKTOP-OFJ6N53", "TimeCreated": "2025-03-30 09:27:01.558725+00:00", "RecordID": "1138", "Level": "4", "UserID": "S-1-5-21-963789628-1060504924-4285088085-1001"}
{"EventID": "2", "Channel": "Microsoft-Windows-Diagnosis-Scheduled/Operational", "Provider_Name": "Microsoft-Windows-Diagnosis-Scheduled", "Computer": "DESKTOP-OFJ6N53", "TimeCreated": "2025-04-06 08:34:15.543386+00:00", "RecordID": "1139", "Level": "4", "UserID": "S-1-5-21-963789628-1060504924-4285088085-1001"}
{"EventID": "5", "Channel": "Microsoft-Windows-Diagnosis-Scheduled/Operational", "Provider_Name": "Microsoft-Windows-Diagnosis-Scheduled", "Computer": "DESKTOP-OFJ6N53", "TimeCreated": "2025-04-06 08:34:15.543718+00:00", "RecordID": "1140", "Level": "4", "UserID": "S-1-5-21-963789628-1060504924-4285088085-1001", "EventData.PackagePath": "C:\\Windows\\diagnostics\\scheduled\\Maintenance"}
{"EventID": "6", "Channel": "Microsoft-Windows-Diagnosis-Scheduled/Operational", "Provider_Name": "Microsoft-Windows-Diagnosis-Scheduled", "Computer": "DESKTOP-OFJ6N53", "TimeCreated": "2025-04-06 08:34:16.572536+00:00", "RecordID": "1141", "Level": "4", "UserID": "S-1-5-21-963789628-1060504924-4285088085-1001", "EventData.PackageID": "MaintenanceDiagnostic"}
{"EventID": "7", "Channel": "Microsoft-Windows-Diagnosis-Scheduled/Operational", "Provider_Name": "Microsoft-Windows-Diagnosis-Scheduled", "Computer": "DESKTOP-OFJ6N53", "TimeCreated": "2025-04-06 08:34:16.572540+00:00", "RecordID": "1142", "Level": "4", "UserID": "S-1-5-21-963789628-1060504924-4285088085-1001", "EventData.PackageID": "MaintenanceDiagnostic"}
{"EventID": "8", "Channel": "Microsoft-Windows-Diagnosis-Scheduled/Operational", "Provider_Name": "Microsoft-Windows-Diagnosis-Scheduled", "Computer": "DESKTOP-OFJ6N53", "TimeCreated": "2025-04-06 08:34:24.703468+00:00", "RecordID": "1143", "Level": "4", "UserID": "S-1-5-21-963789628-1060504924-4285088085-1001", "EventData.PackageID": "MaintenanceDiagnostic", "EventData.RootCauseCount": "2"}
{"EventID": "100", "Channel": "Microsoft-Windows-Diagnosis-Scheduled/Operational", "Provider_Name": "Microsoft-Windows-Diagnosis-Scheduled", "Computer": "DESKTOP-OFJ6N53", "TimeCreated": "2025-04-06 08:34:24.703472+00:00", "RecordID": "1144", "Level": "1", "UserID": "S-1-5-21-963789628-1060504924-4285088085-1001", "EventData.hc_stateid": "0"}
{"EventID": "3", "Channel": "Microsoft-Windows-Diagnosis-Scheduled/Operational", "Provider_Name": "Microsoft-Windows-Diagnosis-Scheduled", "Computer": "DESKTOP-OFJ6N53", "TimeCreated": "2025-04-06 08:34:24.716297+00:00", "RecordID": "1145", "Level": "4", "UserID": "S-1-5-21-963789628-1060504924-4285088085-1001"}
{"EventID": "2", "Channel": "Microsoft-Windows-Diagnosis-Scheduled/Operational", "Provider_Name": "Microsoft-Windows-Diagnosis-Scheduled", "Computer": "DESKTOP-OFJ6N53", "TimeCreated": "2025-04-13 08:35:48.361214+00:00", "RecordID": "1146", "Level": "4", "UserID": "S-1-5-21-963789628-1060504924-4285088085-1001"}
{"EventID": "5", "Channel": "Microsoft-Windows-Diagnosis-Scheduled/Operational", "Provider_Name": "Microsoft-Windows-Diagnosis-Scheduled", "Computer": "DESKTOP-OFJ6N53", "TimeCreated": "2025-04-13 08:35:48.361563+00:00", "RecordID": "1147", "Level": "4", "UserID": "S-1-5-21-963789628-1060504924-4285088085-1001", "EventData.PackagePath": "C:\\Windows\\diagnostics\\scheduled\\Maintenance"}
{"EventID": "6", "Channel": "Microsoft-Windows-Diagnosis-Scheduled/Operational", "Provider_Name": "Microsoft-Windows-Diagnosis-Scheduled", "Computer": "DESKTOP-OFJ6N53", "TimeCreated": "2025-04-13 08:35:48.772257+00:00", "RecordID": "1148", "Level": "4", "UserID": "S-1-5-21-963789628-1060504924-4285088085-1001", "EventData.PackageID": "MaintenanceDiagnostic"}
{"EventID": "7", "Channel": "Microsoft-Windows-Diagnosis-Scheduled/Operational", "Provider_Name": "Microsoft-Windows-Diagnosis-Scheduled", "Computer": "DESKTOP-OFJ6N53", "TimeCreated": "2025-04-13 08:35:48.772261+00:00", "RecordID": "1149", "Level": "4", "UserID": "S-1-5-21-963789628-1060504924-4285088085-1001", "EventData.PackageID": "MaintenanceDiagnostic"}
{"EventID": "8", "Channel": "Microsoft-Windows-Diagnosis-Scheduled/Operational", "Provider_Name": "Microsoft-Windows-Diagnosis-Scheduled", "Computer": "DESKTOP-OFJ6N53", "TimeCreated": "2025-04-13 08:35:54.411064+00:00", "RecordID": "1150", "Level": "4", "UserID": "S-1-5-21-963789628-1060504924-4285088085-1001", "EventData.PackageID": "MaintenanceDiagnostic", "EventData.RootCauseCount": "2"}
{"EventID": "100", "Channel": "Microsoft-Windows-Diagnosis-Scheduled/Operational", "Provider_Name": "Microsoft-Windows-Diagnosis-Scheduled", "Computer": "DESKTOP-OFJ6N53", "TimeCreated": "2025-04-13 08:35:54.411081+00:00", "RecordID": "1151", "Level": "1", "UserID": "S-1-5-21-963789628-1060504924-4285088085-1001", "EventData.hc_stateid": "0"}
{"EventID": "3", "Channel": "Microsoft-Windows-Diagnosis-Scheduled/Operational", "Provider_Name": "Microsoft-Windows-Diagnosis-Scheduled", "Computer": "DESKTOP-OFJ6N53", "TimeCreated": "2025-04-13 08:35:54.419334+00:00", "RecordID": "1152", "Level": "4", "UserID": "S-1-5-21-963789628-1060504924-4285088085-1001"}
{"EventID": "2", "Channel": "Microsoft-Windows-Diagnosis-Scheduled/Operational", "Provider_Name": "Microsoft-Windows-Diagnosis-Scheduled", "Computer": "DESKTOP-OFJ6N53", "TimeCreated": "2025-04-20 08:36:05.588026+00:00", "RecordID": "1153", "Level": "4", "UserID": "S-1-5-21-963789628-1060504924-4285088085-1001"}
{"EventID": "5", "Channel": "Microsoft-Windows-Diagnosis-Scheduled/Operational", "Provider_Name": "Microsoft-Windows-Diagnosis-Scheduled", "Computer": "DESKTOP-OFJ6N53", "TimeCreated": "2025-04-20 08:36:05.593546+00:00", "RecordID": "1154", "Level": "4", "UserID": "S-1-5-21-963789628-1060504924-4285088085-1001", "EventData.PackagePath": "C:\\Windows\\diagnostics\\scheduled\\Maintenance"}
{"EventID": "6", "Channel": "Microsoft-Windows-Diagnosis-Scheduled/Operational", "Provider_Name": "Microsoft-Windows-Diagnosis-Scheduled", "Computer": "DESKTOP-OFJ6N53", "TimeCreated": "2025-04-20 08:36:06.157511+00:00", "RecordID": "1155", "Level": "4", "UserID": "S-1-5-21-963789628-1060504924-4285088085-1001", "EventData.PackageID": "MaintenanceDiagnostic"}
{"EventID": "7", "Channel": "Microsoft-Windows-Diagnosis-Scheduled/Operational", "Provider_Name": "Microsoft-Windows-Diagnosis-Scheduled", "Computer": "DESKTOP-OFJ6N53", "TimeCreated": "2025-04-20 08:36:06.157515+00:00", "RecordID": "1156", "Level": "4", "UserID": "S-1-5-21-963789628-1060504924-4285088085-1001", "EventData.PackageID": "MaintenanceDiagnostic"}
{"EventID": "8", "Channel": "Microsoft-Windows-Diagnosis-Scheduled/Operational", "Provider_Name": "Microsoft-Windows-Diagnosis-Scheduled", "Computer": "DESKTOP-OFJ6N53", "TimeCreated": "2025-04-20 08:36:11.935801+00:00", "RecordID": "1157", "Level": "4", "UserID": "S-1-5-21-963789628-1060504924-4285088085-1001", "EventData.PackageID": "MaintenanceDiagnostic", "EventData.RootCauseCount": "2"}
{"EventID": "100", "Channel": "Microsoft-Windows-Diagnosis-Scheduled/Operational", "Provider_Name": "Microsoft-Windows-Diagnosis-Scheduled", "Computer": "DESKTOP-OFJ6N53", "TimeCreated": "2025-04-20 08:36:11.935806+00:00", "RecordID": "1158", "Level": "1", "UserID": "S-1-5-21-963789628-1060504924-4285088085-1001", "EventData.hc_stateid": "0"}
{"EventID": "3", "Channel": "Microsoft-Windows-Diagnosis-Scheduled/Operational", "Provider_Name": "Microsoft-Windows-Diagnosis-Scheduled", "Computer": "DESKTOP-OFJ6N53", "TimeCreated": "2025-04-20 08:36:12.081533+00:00", "RecordID": "1159", "Level": "4", "UserID": "S-1-5-21-963789628-1060504924-4285088085-1001"}
{"EventID": "2", "Channel": "Microsoft-Windows-Diagnosis-Scheduled/Operational", "Provider_Name": "Microsoft-Windows-Diagnosis-Scheduled", "Computer": "DESKTOP-OFJ6N53", "TimeCreated": "2025-04-27 08:40:30.563698+00:00", "RecordID": "1160", "Level": "4", "UserID": "S-1-5-21-963789628-1060504924-4285088085-1001"}
{"EventID": "5", "Channel": "Microsoft-Windows-Diagnosis-Scheduled/Operational", "Provider_Name": "Microsoft-Windows-Diagnosis-Scheduled", "Computer": "DESKTOP-OFJ6N53", "TimeCreated": "2025-04-27 08:40:30.564180+00:00", "RecordID": "1161", "Level": "4", "UserID": "S-1-5-21-963789628-1060504924-4285088085-1001", "EventData.PackagePath": "C:\\Windows\\diagnostics\\scheduled\\Maintenance"}
{"EventID": "6", "Channel": "Microsoft-Windows-Diagnosis-Scheduled/Operational", "Provider_Name": "Microsoft-Windows-Diagnosis-Scheduled", "Computer": "DESKTOP-OFJ6N53", "TimeCreated": "2025-04-27 08:40:31.001835+00:00", "RecordID": "1162", "Level": "4", "UserID": "S-1-5-21-963789628-1060504924-4285088085-1001", "EventData.PackageID": "MaintenanceDiagnostic"}
{"EventID": "7", "Channel": "Microsoft-Windows-Diagnosis-Scheduled/Operational", "Provider_Name": "Microsoft-Windows-Diagnosis-Scheduled", "Computer": "DESKTOP-OFJ6N53", "TimeCreated": "2025-04-27 08:40:31.001839+00:00", "RecordID": "1163", "Level": "4", "UserID": "S-1-5-21-963789628-1060504924-4285088085-1001", "EventData.PackageID": "MaintenanceDiagnostic"}
{"EventID": "8", "Channel": "Microsoft-Windows-Diagnosis-Scheduled/Operational", "Provider_Name": "Microsoft-Windows-Diagnosis-Scheduled", "Computer": "DESKTOP-OFJ6N53", "TimeCreated": "2025-04-27 08:40:37.916710+00:00", "RecordID": "1164", "Level": "4", "UserID": "S-1-5-21-963789628-1060504924-4285088085-1001", "EventData.PackageID": "MaintenanceDiagnostic", "EventData.RootCauseCount": "2"}
{"EventID": "100", "Channel": "Microsoft-Windows-Diagnosis-Scheduled/Operational", "Provider_Name": "Microsoft-Windows-Diagnosis-Scheduled", "Computer": "DESKTOP-OFJ6N53", "TimeCreated": "2025-04-27 08:40:37.916714+00:00", "RecordID": "1165", "Level": "1", "UserID": "S-1-5-21-963789628-1060504924-4285088085-1001", "EventData.hc_stateid": "0"}
{"EventID": "3", "Channel": "Microsoft-Windows-Diagnosis-Scheduled/Operational", "Provider_Name": "Microsoft-Windows-Diagnosis-Scheduled", "Computer": "DESKTOP-OFJ6N53", "TimeCreated": "2025-04-27 08:40:37.926031+00:00", "RecordID": "1166", "Level": "4", "UserID": "S-1-5-21-963789628-1060504924-4285088085-1001"}
{"EventID": "2", "Channel": "Microsoft-Windows-Diagnosis-Scheduled/Operational", "Provider_Name": "Microsoft-Windows-Diagnosis-Scheduled", "Computer": "DESKTOP-OFJ6N53", "TimeCreated": "2025-05-04 08:40:33.952427+00:00", "RecordID": "1167", "Level": "4", "UserID": "S-1-5-21-963789628-1060504924-4285088085-1001"}
{"EventID": "5", "Channel": "Microsoft-Windows-Diagnosis-Scheduled/Operational", "Provider_Name": "Microsoft-Windows-Diagnosis-Scheduled", "Computer": "DESKTOP-OFJ6N53", "TimeCreated": "2025-05-04 08:40:33.952818+00:00", "RecordID": "1168", "Level": "4", "UserID": "S-1-5-21-963789628-1060504924-4285088085-1001", "EventData.PackagePath": "C:\\Windows\\diagnostics\\scheduled\\Maintenance"}
{"EventID": "6", "Channel": "Microsoft-Windows-Diagnosis-Scheduled/Operational", "Provider_Name": "Microsoft-Windows-Diagnosis-Scheduled", "Computer": "DESKTOP-OFJ6N53", "TimeCreated": "2025-05-04 08:40:34.397236+00:00", "RecordID": "1169", "Level": "4", "UserID": "S-1-5-21-963789628-1060504924-4285088085-1001", "EventData.PackageID": "MaintenanceDiagnostic"}
{"EventID": "7", "Channel": "Microsoft-Windows-Diagnosis-Scheduled/Operational", "Provider_Name": "Microsoft-Windows-Diagnosis-Scheduled", "Computer": "DESKTOP-OFJ6N53", "TimeCreated": "2025-05-04 08:40:34.397240+00:00", "RecordID": "1170", "Level": "4", "UserID": "S-1-5-21-963789628-1060504924-4285088085-1001", "EventData.PackageID": "MaintenanceDiagnostic"}
{"EventID": "8", "Channel": "Microsoft-Windows-Diagnosis-Scheduled/Operational", "Provider_Name": "Microsoft-Windows-Diagnosis-Scheduled", "Computer": "DESKTOP-OFJ6N53", "TimeCreated": "2025-05-04 08:40:40.625732+00:00", "RecordID": "1171", "Level": "4", "UserID": "S-1-5-21-963789628-1060504924-4285088085-1001", "EventData.PackageID": "MaintenanceDiagnostic", "EventData.RootCauseCount": "2"}
{"EventID": "100", "Channel": "Microsoft-Windows-Diagnosis-Scheduled/Operational", "Provider_Name": "Microsoft-Windows-Diagnosis-Scheduled", "Computer": "DESKTOP-OFJ6N53", "TimeCreated": "2025-05-04 08:40:40.625736+00:00", "RecordID": "1172", "Level": "1", "UserID": "S-1-5-21-963789628-1060504924-4285088085-1001", "EventData.hc_stateid": "0"}
{"EventID": "3", "Channel": "Microsoft-Windows-Diagnosis-Scheduled/Operational", "Provider_Name": "Microsoft-Windows-Diagnosis-Scheduled", "Computer": "DESKTOP-OFJ6N53", "TimeCreated": "2025-05-04 08:40:40.635141+00:00", "RecordID": "1173", "Level": "4", "UserID": "S-1-5-21-963789628-1060504924-4285088085-1001"}
{"EventID": "2", "Channel": "Microsoft-Windows-Diagnosis-Scheduled/Operational", "Provider_Name": "Microsoft-Windows-Diagnosis-Scheduled", "Computer": "DESKTOP-OFJ6N53", "TimeCreated": "2025-05-11 08:40:33.940866+00:00", "RecordID": "1174", "Level": "4", "UserID": "S-1-5-21-963789628-1060504924-4285088085-1001"}
{"EventID": "5", "Channel": "Microsoft-Windows-Diagnosis-Scheduled/Operational", "Provider_Name": "Microsoft-Windows-Diagnosis-Scheduled", "Computer": "DESKTOP-OFJ6N53", "TimeCreated": "2025-05-11 08:40:33.941187+00:00", "RecordID": "1175", "Level": "4", "UserID": "S-1-5-21-963789628-1060504924-4285088085-1001", "EventData.PackagePath": "C:\\Windows\\diagnostics\\scheduled\\Maintenance"}
{"EventID": "6", "Channel": "Microsoft-Windows-Diagnosis-Scheduled/Operational", "Provider_Name": "Microsoft-Windows-Diagnosis-Scheduled", "Computer": "DESKTOP-OFJ6N53", "TimeCreated": "2025-05-11 08:40:34.288651+00:00", "RecordID": "1176", "Level": "4", "UserID": "S-1-5-21-963789628-1060504924-4285088085-1001", "EventData.PackageID": "MaintenanceDiagnostic"}
{"EventID": "7", "Channel": "Microsoft-Windows-Diagnosis-Scheduled/Operational", "Provider_Name": "Microsoft-Windows-Diagnosis-Scheduled", "Computer": "DESKTOP-OFJ6N53", "TimeCreated": "2025-05-11 08:40:34.288652+00:00", "RecordID": "1177", "Level": "4", "UserID": "S-1-5-21-963789628-1060504924-4285088085-1001", "EventData.PackageID": "MaintenanceDiagnostic"}
{"EventID": "8", "Channel": "Microsoft-Windows-Diagnosis-Scheduled/Operational", "Provider_Name": "Microsoft-Windows-Diagnosis-Scheduled", "Computer": "DESKTOP-OFJ6N53", "TimeCreated": "2025-05-11 08:40:41.299210+00:00", "RecordID": "1178", "Level": "4", "UserID": "S-1-5-21-963789628-1060504924-4285088085-1001", "EventData.PackageID": "MaintenanceDiagnostic", "EventData.RootCauseCount": "2"}
{"EventID": "100", "Channel": "Microsoft-Windows-Diagnosis-Scheduled/Operational", "Provider_Name": "Microsoft-Windows-Diagnosis-Scheduled", "Computer": "DESKTOP-OFJ6N53", "TimeCreated": "2025-05-11 08:40:41.299213+00:00", "RecordID": "1179", "Level": "1", "UserID": "S-1-5-21-963789628-1060504924-4285088085-1001", "EventData.hc_stateid": "0"}
{"EventID": "3", "Channel": "Microsoft-Windows-Diagnosis-Scheduled/Operational", "Provider_Name": "Microsoft-Windows-Diagnosis-Scheduled", "Computer": "DESKTOP-OFJ6N53", "TimeCreated": "2025-05-11 08:40:41.309206+00:00", "RecordID": "1180", "Level": "4", "UserID": "S-1-5-21-963789628-1060504924-4285088085-1001"}
{"EventID": "2", "Channel": "Microsoft-Windows-Diagnosis-Scheduled/Operational", "Provider_Name": "Microsoft-Windows-Diagnosis-Scheduled", "Computer": "DESKTOP-OFJ6N53", "TimeCreated": "2025-05-21 14:20:12.811852+00:00", "RecordID": "1181", "Level": "4", "UserID": "S-1-5-21-963789628-1060504924-4285088085-1001"}
{"EventID": "5", "Channel": "Microsoft-Windows-Diagnosis-Scheduled/Operational", "Provider_Name": "Microsoft-Windows-Diagnosis-Scheduled", "Computer": "DESKTOP-OFJ6N53", "TimeCreated": "2025-05-21 14:20:12.815464+00:00", "RecordID": "1182", "Level": "4", "UserID": "S-1-5-21-963789628-1060504924-4285088085-1001", "EventData.PackagePath": "C:\\Windows\\diagnostics\\scheduled\\Maintenance"}
{"EventID": "6", "Channel": "Microsoft-Windows-Diagnosis-Scheduled/Operational", "Provider_Name": "Microsoft-Windows-Diagnosis-Scheduled", "Computer": "DESKTOP-OFJ6N53", "TimeCreated": "2025-05-21 14:20:13.169386+00:00", "RecordID": "1183", "Level": "4", "UserID": "S-1-5-21-963789628-1060504924-4285088085-1001", "EventData.PackageID": "MaintenanceDiagnostic"}
{"EventID": "7", "Channel": "Microsoft-Windows-Diagnosis-Scheduled/Operational", "Provider_Name": "Microsoft-Windows-Diagnosis-Scheduled", "Computer": "DESKTOP-OFJ6N53", "TimeCreated": "2025-05-21 14:20:13.169395+00:00", "RecordID": "1184", "Level": "4", "UserID": "S-1-5-21-963789628-1060504924-4285088085-1001", "EventData.PackageID": "MaintenanceDiagnostic"}
{"EventID": "8", "Channel": "Microsoft-Windows-Diagnosis-Scheduled/Operational", "Provider_Name": "Microsoft-Windows-Diagnosis-Scheduled", "Computer": "DESKTOP-OFJ6N53", "TimeCreated": "2025-05-21 14:20:17.766596+00:00", "RecordID": "1185", "Level": "4", "UserID": "S-1-5-21-963789628-1060504924-4285088085-1001", "EventData.PackageID": "MaintenanceDiagnostic", "EventData.RootCauseCount": "2"}
{"EventID": "100", "Channel": "Microsoft-Windows-Diagnosis-Scheduled/Operational", "Provider_Name": "Microsoft-Windows-Diagnosis-Scheduled", "Computer": "DESKTOP-OFJ6N53", "TimeCreated": "2025-05-21 14:20:17.766602+00:00", "RecordID": "1186", "Level": "1", "UserID": "S-1-5-21-963789628-1060504924-4285088085-1001", "EventData.hc_stateid": "0"}
{"EventID": "3", "Channel": "Microsoft-Windows-Diagnosis-Scheduled/Operational", "Provider_Name": "Microsoft-Windows-Diagnosis-Scheduled", "Computer": "DESKTOP-OFJ6N53", "TimeCreated": "2025-05-21 14:20:17.775827+00:00", "RecordID": "1187", "Level": "4", "UserID": "S-1-5-21-963789628-1060504924-4285088085-1001"}
{"EventID": "2", "Channel": "Microsoft-Windows-Diagnosis-Scheduled/Operational", "Provider_Name": "Microsoft-Windows-Diagnosis-Scheduled", "Computer": "DESKTOP-OFJ6N53", "TimeCreated": "2025-05-25 08:42:30.792139+00:00", "RecordID": "1188", "Level": "4", "UserID": "S-1-5-21-963789628-1060504924-4285088085-1001"}
{"EventID": "5", "Channel": "Microsoft-Windows-Diagnosis-Scheduled/Operational", "Provider_Name": "Microsoft-Windows-Diagnosis-Scheduled", "Computer": "DESKTOP-OFJ6N53", "TimeCreated": "2025-05-25 08:42:30.792694+00:00", "RecordID": "1189", "Level": "4", "UserID": "S-1-5-21-963789628-1060504924-4285088085-1001", "EventData.PackagePath": "C:\\Windows\\diagnostics\\scheduled\\Maintenance"}
{"EventID": "6", "Channel": "Microsoft-Windows-Diagnosis-Scheduled/Operational", "Provider_Name": "Microsoft-Windows-Diagnosis-Scheduled", "Computer": "DESKTOP-OFJ6N53", "TimeCreated": "2025-05-25 08:42:31.161533+00:00", "RecordID": "1190", "Level": "4", "UserID": "S-1-5-21-963789628-1060504924-4285088085-1001", "EventData.PackageID": "MaintenanceDiagnostic"}
{"EventID": "7", "Channel": "Microsoft-Windows-Diagnosis-Scheduled/Operational", "Provider_Name": "Microsoft-Windows-Diagnosis-Scheduled", "Computer": "DESKTOP-OFJ6N53", "TimeCreated": "2025-05-25 08:42:31.161537+00:00", "RecordID": "1191", "Level": "4", "UserID": "S-1-5-21-963789628-1060504924-4285088085-1001", "EventData.PackageID": "MaintenanceDiagnostic"}
{"EventID": "8", "Channel": "Microsoft-Windows-Diagnosis-Scheduled/Operational", "Provider_Name": "Microsoft-Windows-Diagnosis-Scheduled", "Computer": "DESKTOP-OFJ6N53", "TimeCreated": "2025-05-25 08:42:33.983103+00:00", "RecordID": "1192", "Level": "4", "UserID": "S-1-5-21-963789628-1060504924-4285088085-1001", "EventData.PackageID": "MaintenanceDiagnostic", "EventData.RootCauseCount": "2"}
{"EventID": "100", "Channel": "Microsoft-Windows-Diagnosis-Scheduled/Operational", "Provider_Name": "Microsoft-Windows-Diagnosis-Scheduled", "Computer": "DESKTOP-OFJ6N53", "TimeCreated": "2025-05-25 08:42:33.983109+00:00", "RecordID": "1193", "Level": "1", "UserID": "S-1-5-21-963789628-1060504924-4285088085-1001", "EventData.hc_stateid": "0"}
{"EventID": "3", "Channel": "Microsoft-Windows-Diagnosis-Scheduled/Operational", "Provider_Name": "Microsoft-Windows-Diagnosis-Scheduled", "Computer": "DESKTOP-OFJ6N53", "TimeCreated": "2025-05-25 08:42:33.993624+00:00", "RecordID": "1194", "Level": "4", "UserID": "S-1-5-21-963789628-1060504924-4285088085-1001"}
{"EventID": "2", "Channel": "Microsoft-Windows-Diagnosis-Scheduled/Operational", "Provider_Name": "Microsoft-Windows-Diagnosis-Scheduled", "Computer": "DESKTOP-OFJ6N53", "TimeCreated": "2025-06-01 08:30:42.429075+00:00", "RecordID": "1195", "Level": "4", "UserID": "S-1-5-21-963789628-1060504924-4285088085-1001"}
{"EventID": "5", "Channel": "Microsoft-Windows-Diagnosis-Scheduled/Operational", "Provider_Name": "Microsoft-Windows-Diagnosis-Scheduled", "Computer": "DESKTOP-OFJ6N53", "TimeCreated": "2025-06-01 08:30:42.431753+00:00", "RecordID": "1196", "Level": "4", "UserID": "S-1-5-21-963789628-1060504924-4285088085-1001", "EventData.PackagePath": "C:\\Windows\\diagnostics\\scheduled\\Maintenance"}
{"EventID": "6", "Channel": "Microsoft-Windows-Diagnosis-Scheduled/Operational", "Provider_Name": "Microsoft-Windows-Diagnosis-Scheduled", "Computer": "DESKTOP-OFJ6N53", "TimeCreated": "2025-06-01 08:30:42.836256+00:00", "RecordID": "1197", "Level": "4", "UserID": "S-1-5-21-963789628-1060504924-4285088085-1001", "EventData.PackageID": "MaintenanceDiagnostic"}
{"EventID": "7", "Channel": "Microsoft-Windows-Diagnosis-Scheduled/Operational", "Provider_Name": "Microsoft-Windows-Diagnosis-Scheduled", "Computer": "DESKTOP-OFJ6N53", "TimeCreated": "2025-06-01 08:30:42.836258+00:00", "RecordID": "1198", "Level": "4", "UserID": "S-1-5-21-963789628-1060504924-4285088085-1001", "EventData.PackageID": "MaintenanceDiagnostic"}
{"EventID": "8", "Channel": "Microsoft-Windows-Diagnosis-Scheduled/Operational", "Provider_Name": "Microsoft-Windows-Diagnosis-Scheduled", "Computer": "DESKTOP-OFJ6N53", "TimeCreated": "2025-06-01 08:30:47.497063+00:00", "RecordID": "1199", "Level": "4", "UserID": "S-1-5-21-963789628-1060504924-4285088085-1001", "EventData.PackageID": "MaintenanceDiagnostic", "EventData.RootCauseCount": "2"}
{"EventID": "100", "Channel": "Microsoft-Windows-Diagnosis-Scheduled/Operational", "Provider_Name": "Microsoft-Windows-Diagnosis-Scheduled", "Computer": "DESKTOP-OFJ6N53", "TimeCreated": "2025-06-01 08:30:47.497068+00:00", "RecordID": "1200", "Level": "1", "UserID": "S-1-5-21-963789628-1060504924-4285088085-1001", "EventData.hc_stateid": "0"}
{"EventID": "3", "Channel": "Microsoft-Windows-Diagnosis-Scheduled/Operational", "Provider_Name": "Microsoft-Windows-Diagnosis-Scheduled", "Computer": "DESKTOP-OFJ6N53", "TimeCreated": "2025-06-01 08:30:47.506512+00:00", "RecordID": "1201", "Level": "4", "UserID": "S-1-5-21-963789628-1060504924-4285088085-1001"}
{"EventID": "2", "Channel": "Microsoft-Windows-Diagnosis-Scheduled/Operational", "Provider_Name": "Microsoft-Windows-Diagnosis-Scheduled", "Computer": "DESKTOP-OFJ6N53", "TimeCreated": "2025-06-08 08:42:35.704578+00:00", "RecordID": "1202", "Level": "4", "UserID": "S-1-5-21-963789628-1060504924-4285088085-1001"}
{"EventID": "5", "Channel": "Microsoft-Windows-Diagnosis-Scheduled/Operational", "Provider_Name": "Microsoft-Windows-Diagnosis-Scheduled", "Computer": "DESKTOP-OFJ6N53", "TimeCreated": "2025-06-08 08:42:35.707216+00:00", "RecordID": "1203", "Level": "4", "UserID": "S-1-5-21-963789628-1060504924-4285088085-1001", "EventData.PackagePath": "C:\\Windows\\diagnostics\\scheduled\\Maintenance"}
{"EventID": "6", "Channel": "Microsoft-Windows-Diagnosis-Scheduled/Operational", "Provider_Name": "Microsoft-Windows-Diagnosis-Scheduled", "Computer": "DESKTOP-OFJ6N53", "TimeCreated": "2025-06-08 08:42:35.983444+00:00", "RecordID": "1204", "Level": "4", "UserID": "S-1-5-21-963789628-1060504924-4285088085-1001", "EventData.PackageID": "MaintenanceDiagnostic"}
{"EventID": "7", "Channel": "Microsoft-Windows-Diagnosis-Scheduled/Operational", "Provider_Name": "Microsoft-Windows-Diagnosis-Scheduled", "Computer": "DESKTOP-OFJ6N53", "TimeCreated": "2025-06-08 08:42:35.983446+00:00", "RecordID": "1205", "Level": "4", "UserID": "S-1-5-21-963789628-1060504924-4285088085-1001", "EventData.PackageID": "MaintenanceDiagnostic"}
{"EventID": "8", "Channel": "Microsoft-Windows-Diagnosis-Scheduled/Operational", "Provider_Name": "Microsoft-Windows-Diagnosis-Scheduled", "Computer": "DESKTOP-OFJ6N53", "TimeCreated": "2025-06-08 08:42:40.120676+00:00", "RecordID": "1206", "Level": "4", "UserID": "S-1-5-21-963789628-1060504924-4285088085-1001", "EventData.PackageID": "MaintenanceDiagnostic", "EventData.RootCauseCount": "2"}
{"EventID": "100", "Channel": "Microsoft-Windows-Diagnosis-Scheduled/Operational", "Provider_Name": "Microsoft-Windows-Diagnosis-Scheduled", "Computer": "DESKTOP-OFJ6N53", "TimeCreated": "2025-06-08 08:42:40.120682+00:00", "RecordID": "1207", "Level": "1", "UserID": "S-1-5-21-963789628-1060504924-4285088085-1001", "EventData.hc_stateid": "0"}
{"EventID": "3", "Channel": "Microsoft-Windows-Diagnosis-Scheduled/Operational", "Provider_Name": "Microsoft-Windows-Diagnosis-Scheduled", "Computer": "DESKTOP-OFJ6N53", "TimeCreated": "2025-06-08 08:42:40.128366+00:00", "RecordID": "1208", "Level": "4", "UserID": "S-1-5-21-963789628-1060504924-4285088085-1001"}
{"EventID": "2", "Channel": "Microsoft-Windows-Diagnosis-Scheduled/Operational", "Provider_Name": "Microsoft-Windows-Diagnosis-Scheduled", "Computer": "DESKTOP-OFJ6N53", "TimeCreated": "2025-06-18 13:28:45.679953+00:00", "RecordID": "1209", "Level": "4", "UserID": "S-1-5-21-963789628-1060504924-4285088085-1001"}
{"EventID": "5", "Channel": "Microsoft-Windows-Diagnosis-Scheduled/Operational", "Provider_Name": "Microsoft-Windows-Diagnosis-Scheduled", "Computer": "DESKTOP-OFJ6N53", "TimeCreated": "2025-06-18 13:28:45.683920+00:00", "RecordID": "1210", "Level": "4", "UserID": "S-1-5-21-963789628-1060504924-4285088085-1001", "EventData.PackagePath": "C:\\Windows\\diagnostics\\scheduled\\Maintenance"}
{"EventID": "6", "Channel": "Microsoft-Windows-Diagnosis-Scheduled/Operational", "Provider_Name": "Microsoft-Windows-Diagnosis-Scheduled", "Computer": "DESKTOP-OFJ6N53", "TimeCreated": "2025-06-18 13:28:46.115862+00:00", "RecordID": "1211", "Level": "4", "UserID": "S-1-5-21-963789628-1060504924-4285088085-1001", "EventData.PackageID": "MaintenanceDiagnostic"}
{"EventID": "7", "Channel": "Microsoft-Windows-Diagnosis-Scheduled/Operational", "Provider_Name": "Microsoft-Windows-Diagnosis-Scheduled", "Computer": "DESKTOP-OFJ6N53", "TimeCreated": "2025-06-18 13:28:46.115866+00:00", "RecordID": "1212", "Level": "4", "UserID": "S-1-5-21-963789628-1060504924-4285088085-1001", "EventData.PackageID": "MaintenanceDiagnostic"}
{"EventID": "8", "Channel": "Microsoft-Windows-Diagnosis-Scheduled/Operational", "Provider_Name": "Microsoft-Windows-Diagnosis-Scheduled", "Computer": "DESKTOP-OFJ6N53", "TimeCreated": "2025-06-18 13:28:50.578642+00:00", "RecordID": "1213", "Level": "4", "UserID": "S-1-5-21-963789628-1060504924-4285088085-1001", "EventData.PackageID": "MaintenanceDiagnostic", "EventData.RootCauseCount": "2"}
{"EventID": "100", "Channel": "Microsoft-Windows-Diagnosis-Scheduled/Operational", "Provider_Name": "Microsoft-Windows-Diagnosis-Scheduled", "Computer": "DESKTOP-OFJ6N53", "TimeCreated": "2025-06-18 13:28:50.578650+00:00", "RecordID": "1214", "Level": "1", "UserID": "S-1-5-21-963789628-1060504924-4285088085-1001", "EventData.hc_stateid": "0"}
{"EventID": "3", "Channel": "Microsoft-Windows-Diagnosis-Scheduled/Operational", "Provider_Name": "Microsoft-Windows-Diagnosis-Scheduled", "Computer": "DESKTOP-OFJ6N53", "TimeCreated": "2025-06-18 13:28:50.590010+00:00", "RecordID": "1215", "Level": "4", "UserID": "S-1-5-21-963789628-1060504924-4285088085-1001"}
{"EventID": "2", "Channel": "Microsoft-Windows-Diagnosis-Scheduled/Operational", "Provider_Name": "Microsoft-Windows-Diagnosis-Scheduled", "Computer": "DESKTOP-OFJ6N53", "TimeCreated": "2025-06-22 08:46:08.627573+00:00", "RecordID": "1216", "Level": "4", "UserID": "S-1-5-21-963789628-1060504924-4285088085-1001"}
{"EventID": "5", "Channel": "Microsoft-Windows-Diagnosis-Scheduled/Operational", "Provider_Name": "Microsoft-Windows-Diagnosis-Scheduled", "Computer": "DESKTOP-OFJ6N53", "TimeCreated": "2025-06-22 08:46:08.630623+00:00", "RecordID": "1217", "Level": "4", "UserID": "S-1-5-21-963789628-1060504924-4285088085-1001", "EventData.PackagePath": "C:\\Windows\\diagnostics\\scheduled\\Maintenance"}
{"EventID": "6", "Channel": "Microsoft-Windows-Diagnosis-Scheduled/Operational", "Provider_Name": "Microsoft-Windows-Diagnosis-Scheduled", "Computer": "DESKTOP-OFJ6N53", "TimeCreated": "2025-06-22 08:46:08.975513+00:00", "RecordID": "1218", "Level": "4", "UserID": "S-1-5-21-963789628-1060504924-4285088085-1001", "EventData.PackageID": "MaintenanceDiagnostic"}
{"EventID": "7", "Channel": "Microsoft-Windows-Diagnosis-Scheduled/Operational", "Provider_Name": "Microsoft-Windows-Diagnosis-Scheduled", "Computer": "DESKTOP-OFJ6N53", "TimeCreated": "2025-06-22 08:46:08.975515+00:00", "RecordID": "1219", "Level": "4", "UserID": "S-1-5-21-963789628-1060504924-4285088085-1001", "EventData.PackageID": "MaintenanceDiagnostic"}
{"EventID": "8", "Channel": "Microsoft-Windows-Diagnosis-Scheduled/Operational", "Provider_Name": "Microsoft-Windows-Diagnosis-Scheduled", "Computer": "DESKTOP-OFJ6N53", "TimeCreated": "2025-06-22 08:46:19.567839+00:00", "RecordID": "1220", "Level": "4", "UserID": "S-1-5-21-963789628-1060504924-4285088085-1001", "EventData.PackageID": "MaintenanceDiagnostic", "EventData.RootCauseCount": "2"}
{"EventID": "100", "Channel": "Microsoft-Windows-Diagnosis-Scheduled/Operational", "Provider_Name": "Microsoft-Windows-Diagnosis-Scheduled", "Computer": "DESKTOP-OFJ6N53", "TimeCreated": "2025-06-22 08:46:19.567844+00:00", "RecordID": "1221", "Level": "1", "UserID": "S-1-5-21-963789628-1060504924-4285088085-1001", "EventData.hc_stateid": "0"}
{"EventID": "3", "Channel": "Microsoft-Windows-Diagnosis-Scheduled/Operational", "Provider_Name": "Microsoft-Windows-Diagnosis-Scheduled", "Computer": "DESKTOP-OFJ6N53", "TimeCreated": "2025-06-22 08:46:19.576595+00:00", "RecordID": "1222", "Level": "4", "UserID": "S-1-5-21-963789628-1060504924-4285088085-1001"}
{"EventID": "2", "Channel": "Microsoft-Windows-Diagnosis-Scheduled/Operational", "Provider_Name": "Microsoft-Windows-Diagnosis-Scheduled", "Computer": "DESKTOP-OFJ6N53", "TimeCreated": "2025-06-29 08:45:50.838739+00:00", "RecordID": "1223", "Level": "4", "UserID": "S-1-5-21-963789628-1060504924-4285088085-1001"}
{"EventID": "5", "Channel": "Microsoft-Windows-Diagnosis-Scheduled/Operational", "Provider_Name": "Microsoft-Windows-Diagnosis-Scheduled", "Computer": "DESKTOP-OFJ6N53", "TimeCreated": "2025-06-29 08:45:50.844425+00:00", "RecordID": "1224", "Level": "4", "UserID": "S-1-5-21-963789628-1060504924-4285088085-1001", "EventData.PackagePath": "C:\\Windows\\diagnostics\\scheduled\\Maintenance"}
{"EventID": "6", "Channel": "Microsoft-Windows-Diagnosis-Scheduled/Operational", "Provider_Name": "Microsoft-Windows-Diagnosis-Scheduled", "Computer": "DESKTOP-OFJ6N53", "TimeCreated": "2025-06-29 08:45:51.272751+00:00", "RecordID": "1225", "Level": "4", "UserID": "S-1-5-21-963789628-1060504924-4285088085-1001", "EventData.PackageID": "MaintenanceDiagnostic"}
{"EventID": "7", "Channel": "Microsoft-Windows-Diagnosis-Scheduled/Operational", "Provider_Name": "Microsoft-Windows-Diagnosis-Scheduled", "Computer": "DESKTOP-OFJ6N53", "TimeCreated": "2025-06-29 08:45:51.272755+00:00", "RecordID": "1226", "Level": "4", "UserID": "S-1-5-21-963789628-1060504924-4285088085-1001", "EventData.PackageID": "MaintenanceDiagnostic"}
{"EventID": "8", "Channel": "Microsoft-Windows-Diagnosis-Scheduled/Operational", "Provider_Name": "Microsoft-Windows-Diagnosis-Scheduled", "Computer": "DESKTOP-OFJ6N53", "TimeCreated": "2025-06-29 08:45:55.383787+00:00", "RecordID": "1227", "Level": "4", "UserID": "S-1-5-21-963789628-1060504924-4285088085-1001", "EventData.PackageID": "MaintenanceDiagnostic", "EventData.RootCauseCount": "2"}
{"EventID": "100", "Channel": "Microsoft-Windows-Diagnosis-Scheduled/Operational", "Provider_Name": "Microsoft-Windows-Diagnosis-Scheduled", "Computer": "DESKTOP-OFJ6N53", "TimeCreated": "2025-06-29 08:45:55.383791+00:00", "RecordID": "1228", "Level": "1", "UserID": "S-1-5-21-963789628-1060504924-4285088085-1001", "EventData.hc_stateid": "0"}
{"EventID": "3", "Channel": "Microsoft-Windows-Diagnosis-Scheduled/Operational", "Provider_Name": "Microsoft-Windows-Diagnosis-Scheduled", "Computer": "DESKTOP-OFJ6N53", "TimeCreated": "2025-06-29 08:45:55.392330+00:00", "RecordID": "1229", "Level": "4", "UserID": "S-1-5-21-963789628-1060504924-4285088085-1001"}
{"EventID": "2", "Channel": "Microsoft-Windows-Diagnosis-Scheduled/Operational", "Provider_Name": "Microsoft-Windows-Diagnosis-Scheduled", "Computer": "DESKTOP-OFJ6N53", "TimeCreated": "2025-07-06 08:46:40.348156+00:00", "RecordID": "1230", "Level": "4", "UserID": "S-1-5-21-963789628-1060504924-4285088085-1001"}
{"EventID": "5", "Channel": "Microsoft-Windows-Diagnosis-Scheduled/Operational", "Provider_Name": "Microsoft-Windows-Diagnosis-Scheduled", "Computer": "DESKTOP-OFJ6N53", "TimeCreated": "2025-07-06 08:46:40.351973+00:00", "RecordID": "1231", "Level": "4", "UserID": "S-1-5-21-963789628-1060504924-4285088085-1001", "EventData.PackagePath": "C:\\Windows\\diagnostics\\scheduled\\Maintenance"}
{"EventID": "6", "Channel": "Microsoft-Windows-Diagnosis-Scheduled/Operational", "Provider_Name": "Microsoft-Windows-Diagnosis-Scheduled", "Computer": "DESKTOP-OFJ6N53", "TimeCreated": "2025-07-06 08:46:40.674101+00:00", "RecordID": "1232", "Level": "4", "UserID": "S-1-5-21-963789628-1060504924-4285088085-1001", "EventData.PackageID": "MaintenanceDiagnostic"}
{"EventID": "7", "Channel": "Microsoft-Windows-Diagnosis-Scheduled/Operational", "Provider_Name": "Microsoft-Windows-Diagnosis-Scheduled", "Computer": "DESKTOP-OFJ6N53", "TimeCreated": "2025-07-06 08:46:40.674105+00:00", "RecordID": "1233", "Level": "4", "UserID": "S-1-5-21-963789628-1060504924-4285088085-1001", "EventData.PackageID": "MaintenanceDiagnostic"}
{"EventID": "8", "Channel": "Microsoft-Windows-Diagnosis-Scheduled/Operational", "Provider_Name": "Microsoft-Windows-Diagnosis-Scheduled", "Computer": "DESKTOP-OFJ6N53", "TimeCreated": "2025-07-06 08:46:44.769314+00:00", "RecordID": "1234", "Level": "4", "UserID": "S-1-5-21-963789628-1060504924-4285088085-1001", "EventData.PackageID": "MaintenanceDiagnostic", "EventData.RootCauseCount": "2"}
{"EventID": "100", "Channel": "Microsoft-Windows-Diagnosis-Scheduled/Operational", "Provider_Name": "Microsoft-Windows-Diagnosis-Scheduled", "Computer": "DESKTOP-OFJ6N53", "TimeCreated": "2025-07-06 08:46:44.769320+00:00", "RecordID": "1235", "Level": "1", "UserID": "S-1-5-21-963789628-1060504924-4285088085-1001", "EventData.hc_stateid": "0"}
{"EventID": "3", "Channel": "Microsoft-Windows-Diagnosis-Scheduled/Operational", "Provider_Name": "Microsoft-Windows-Diagnosis-Scheduled", "Computer": "DESKTOP-OFJ6N53", "TimeCreated": "2025-07-06 08:46:44.778749+00:00", "RecordID": "1236", "Level": "4", "UserID": "S-1-5-21-963789628-1060504924-4285088085-1001"}
{"EventID": "2", "Channel": "Microsoft-Windows-Diagnosis-Scheduled/Operational", "Provider_Name": "Microsoft-Windows-Diagnosis-Scheduled", "Computer": "DESKTOP-OFJ6N53", "TimeCreated": "2025-07-14 09:57:22.502295+00:00", "RecordID": "1237", "Level": "4", "UserID": "S-1-5-21-963789628-1060504924-4285088085-1001"}
{"EventID": "5", "Channel": "Microsoft-Windows-Diagnosis-Scheduled/Operational", "Provider_Name": "Microsoft-Windows-Diagnosis-Scheduled", "Computer": "DESKTOP-OFJ6N53", "TimeCreated": "2025-07-14 09:57:22.503057+00:00", "RecordID": "1238", "Level": "4", "UserID": "S-1-5-21-963789628-1060504924-4285088085-1001", "EventData.PackagePath": "C:\\Windows\\diagnostics\\scheduled\\Maintenance"}
{"EventID": "6", "Channel": "Microsoft-Windows-Diagnosis-Scheduled/Operational", "Provider_Name": "Microsoft-Windows-Diagnosis-Scheduled", "Computer": "DESKTOP-OFJ6N53", "TimeCreated": "2025-07-14 09:57:22.886410+00:00", "RecordID": "1239", "Level": "4", "UserID": "S-1-5-21-963789628-1060504924-4285088085-1001", "EventData.PackageID": "MaintenanceDiagnostic"}
{"EventID": "7", "Channel": "Microsoft-Windows-Diagnosis-Scheduled/Operational", "Provider_Name": "Microsoft-Windows-Diagnosis-Scheduled", "Computer": "DESKTOP-OFJ6N53", "TimeCreated": "2025-07-14 09:57:22.886414+00:00", "RecordID": "1240", "Level": "4", "UserID": "S-1-5-21-963789628-1060504924-4285088085-1001", "EventData.PackageID": "MaintenanceDiagnostic"}
{"EventID": "8", "Channel": "Microsoft-Windows-Diagnosis-Scheduled/Operational", "Provider_Name": "Microsoft-Windows-Diagnosis-Scheduled", "Computer": "DESKTOP-OFJ6N53", "TimeCreated": "2025-07-14 09:57:27.518297+00:00", "RecordID": "1241", "Level": "4", "UserID": "S-1-5-21-963789628-1060504924-4285088085-1001", "EventData.PackageID": "MaintenanceDiagnostic", "EventData.RootCauseCount": "2"}
{"EventID": "100", "Channel": "Microsoft-Windows-Diagnosis-Scheduled/Operational", "Provider_Name": "Microsoft-Windows-Diagnosis-Scheduled", "Computer": "DESKTOP-OFJ6N53", "TimeCreated": "2025-07-14 09:57:27.518303+00:00", "RecordID": "1242", "Level": "1", "UserID": "S-1-5-21-963789628-1060504924-4285088085-1001", "EventData.hc_stateid": "0"}
{"EventID": "3", "Channel": "Microsoft-Windows-Diagnosis-Scheduled/Operational", "Provider_Name": "Microsoft-Windows-Diagnosis-Scheduled", "Computer": "DESKTOP-OFJ6N53", "TimeCreated": "2025-07-14 09:57:27.528214+00:00", "RecordID": "1243", "Level": "4", "UserID": "S-1-5-21-963789628-1060504924-4285088085-1001"}
{"EventID": "2", "Channel": "Microsoft-Windows-Diagnosis-Scheduled/Operational", "Provider_Name": "Microsoft-Windows-Diagnosis-Scheduled", "Computer": "DESKTOP-OFJ6N53", "TimeCreated": "2025-07-20 08:39:55.764072+00:00", "RecordID": "1244", "Level": "4", "UserID": "S-1-5-21-963789628-1060504924-4285088085-1001"}
{"EventID": "5", "Channel": "Microsoft-Windows-Diagnosis-Scheduled/Operational", "Provider_Name": "Microsoft-Windows-Diagnosis-Scheduled", "Computer": "DESKTOP-OFJ6N53", "TimeCreated": "2025-07-20 08:39:55.765490+00:00", "RecordID": "1245", "Level": "4", "UserID": "S-1-5-21-963789628-1060504924-4285088085-1001", "EventData.PackagePath": "C:\\Windows\\diagnostics\\scheduled\\Maintenance"}
{"EventID": "6", "Channel": "Microsoft-Windows-Diagnosis-Scheduled/Operational", "Provider_Name": "Microsoft-Windows-Diagnosis-Scheduled", "Computer": "DESKTOP-OFJ6N53", "TimeCreated": "2025-07-20 08:39:56.178843+00:00", "RecordID": "1246", "Level": "4", "UserID": "S-1-5-21-963789628-1060504924-4285088085-1001", "EventData.PackageID": "MaintenanceDiagnostic"}
{"EventID": "7", "Channel": "Microsoft-Windows-Diagnosis-Scheduled/Operational", "Provider_Name": "Microsoft-Windows-Diagnosis-Scheduled", "Computer": "DESKTOP-OFJ6N53", "TimeCreated": "2025-07-20 08:39:56.178846+00:00", "RecordID": "1247", "Level": "4", "UserID": "S-1-5-21-963789628-1060504924-4285088085-1001", "EventData.PackageID": "MaintenanceDiagnostic"}
{"EventID": "8", "Channel": "Microsoft-Windows-Diagnosis-Scheduled/Operational", "Provider_Name": "Microsoft-Windows-Diagnosis-Scheduled", "Computer": "DESKTOP-OFJ6N53", "TimeCreated": "2025-07-20 08:40:01.478605+00:00", "RecordID": "1248", "Level": "4", "UserID": "S-1-5-21-963789628-1060504924-4285088085-1001", "EventData.PackageID": "MaintenanceDiagnostic", "EventData.RootCauseCount": "2"}
{"EventID": "100", "Channel": "Microsoft-Windows-Diagnosis-Scheduled/Operational", "Provider_Name": "Microsoft-Windows-Diagnosis-Scheduled", "Computer": "DESKTOP-OFJ6N53", "TimeCreated": "2025-07-20 08:40:01.478613+00:00", "RecordID": "1249", "Level": "1", "UserID": "S-1-5-21-963789628-1060504924-4285088085-1001", "EventData.hc_stateid": "0"}
{"EventID": "3", "Channel": "Microsoft-Windows-Diagnosis-Scheduled/Operational", "Provider_Name": "Microsoft-Windows-Diagnosis-Scheduled", "Computer": "DESKTOP-OFJ6N53", "TimeCreated": "2025-07-20 08:40:01.488987+00:00", "RecordID": "1250", "Level": "4", "UserID": "S-1-5-21-963789628-1060504924-4285088085-1001"}
{"EventID": "2", "Channel": "Microsoft-Windows-Diagnosis-Scheduled/Operational", "Provider_Name": "Microsoft-Windows-Diagnosis-Scheduled", "Computer": "DESKTOP-OFJ6N53", "TimeCreated": "2025-07-27 09:29:51.562626+00:00", "RecordID": "1251", "Level": "4", "UserID": "S-1-5-21-963789628-1060504924-4285088085-1001"}
{"EventID": "5", "Channel": "Microsoft-Windows-Diagnosis-Scheduled/Operational", "Provider_Name": "Microsoft-Windows-Diagnosis-Scheduled", "Computer": "DESKTOP-OFJ6N53", "TimeCreated": "2025-07-27 09:29:51.566856+00:00", "RecordID": "1252", "Level": "4", "UserID": "S-1-5-21-963789628-1060504924-4285088085-1001", "EventData.PackagePath": "C:\\Windows\\diagnostics\\scheduled\\Maintenance"}
{"EventID": "6", "Channel": "Microsoft-Windows-Diagnosis-Scheduled/Operational", "Provider_Name": "Microsoft-Windows-Diagnosis-Scheduled", "Computer": "DESKTOP-OFJ6N53", "TimeCreated": "2025-07-27 09:29:51.907270+00:00", "RecordID": "1253", "Level": "4", "UserID": "S-1-5-21-963789628-1060504924-4285088085-1001", "EventData.PackageID": "MaintenanceDiagnostic"}
{"EventID": "7", "Channel": "Microsoft-Windows-Diagnosis-Scheduled/Operational", "Provider_Name": "Microsoft-Windows-Diagnosis-Scheduled", "Computer": "DESKTOP-OFJ6N53", "TimeCreated": "2025-07-27 09:29:51.907274+00:00", "RecordID": "1254", "Level": "4", "UserID": "S-1-5-21-963789628-1060504924-4285088085-1001", "EventData.PackageID": "MaintenanceDiagnostic"}
{"EventID": "8", "Channel": "Microsoft-Windows-Diagnosis-Scheduled/Operational", "Provider_Name": "Microsoft-Windows-Diagnosis-Scheduled", "Computer": "DESKTOP-OFJ6N53", "TimeCreated": "2025-07-27 09:29:56.070520+00:00", "RecordID": "1255", "Level": "4", "UserID": "S-1-5-21-963789628-1060504924-4285088085-1001", "EventData.PackageID": "MaintenanceDiagnostic", "EventData.RootCauseCount": "2"}
{"EventID": "100", "Channel": "Microsoft-Windows-Diagnosis-Scheduled/Operational", "Provider_Name": "Microsoft-Windows-Diagnosis-Scheduled", "Computer": "DESKTOP-OFJ6N53", "TimeCreated": "2025-07-27 09:29:56.070526+00:00", "RecordID": "1256", "Level": "1", "UserID": "S-1-5-21-963789628-1060504924-4285088085-1001", "EventData.hc_stateid": "0"}
{"EventID": "3", "Channel": "Microsoft-Windows-Diagnosis-Scheduled/Operational", "Provider_Name": "Microsoft-Windows-Diagnosis-Scheduled", "Computer": "DESKTOP-OFJ6N53", "TimeCreated": "2025-07-27 09:29:56.079964+00:00", "RecordID": "1257", "Level": "4", "UserID": "S-1-5-21-963789628-1060504924-4285088085-1001"}
{"EventID": "2", "Channel": "Microsoft-Windows-Diagnosis-Scheduled/Operational", "Provider_Name": "Microsoft-Windows-Diagnosis-Scheduled", "Computer": "DESKTOP-OFJ6N53", "TimeCreated": "2025-08-03 10:03:39.447779+00:00", "RecordID": "1258", "Level": "4", "UserID": "S-1-5-21-963789628-1060504924-4285088085-1001"}
{"EventID": "5", "Channel": "Microsoft-Windows-Diagnosis-Scheduled/Operational", "Provider_Name": "Microsoft-Windows-Diagnosis-Scheduled", "Computer": "DESKTOP-OFJ6N53", "TimeCreated": "2025-08-03 10:03:39.448660+00:00", "RecordID": "1259", "Level": "4", "UserID": "S-1-5-21-963789628-1060504924-4285088085-1001", "EventData.PackagePath": "C:\\Windows\\diagnostics\\scheduled\\Maintenance"}
{"EventID": "6", "Channel": "Microsoft-Windows-Diagnosis-Scheduled/Operational", "Provider_Name": "Microsoft-Windows-Diagnosis-Scheduled", "Computer": "DESKTOP-OFJ6N53", "TimeCreated": "2025-08-03 10:03:39.830889+00:00", "RecordID": "1260", "Level": "4", "UserID": "S-1-5-21-963789628-1060504924-4285088085-1001", "EventData.PackageID": "MaintenanceDiagnostic"}
{"EventID": "7", "Channel": "Microsoft-Windows-Diagnosis-Scheduled/Operational", "Provider_Name": "Microsoft-Windows-Diagnosis-Scheduled", "Computer": "DESKTOP-OFJ6N53", "TimeCreated": "2025-08-03 10:03:39.830891+00:00", "RecordID": "1261", "Level": "4", "UserID": "S-1-5-21-963789628-1060504924-4285088085-1001", "EventData.PackageID": "MaintenanceDiagnostic"}
{"EventID": "8", "Channel": "Microsoft-Windows-Diagnosis-Scheduled/Operational", "Provider_Name": "Microsoft-Windows-Diagnosis-Scheduled", "Computer": "DESKTOP-OFJ6N53", "TimeCreated": "2025-08-03 10:03:45.176504+00:00", "RecordID": "1262", "Level": "4", "UserID": "S-1-5-21-963789628-1060504924-4285088085-1001", "EventData.PackageID": "MaintenanceDiagnostic", "EventData.RootCauseCount": "2"}
{"EventID": "100", "Channel": "Microsoft-Windows-Diagnosis-Scheduled/Operational", "Provider_Name": "Microsoft-Windows-Diagnosis-Scheduled", "Computer": "DESKTOP-OFJ6N53", "TimeCreated": "2025-08-03 10:03:45.176510+00:00", "RecordID": "1263", "Level": "1", "UserID": "S-1-5-21-963789628-1060504924-4285088085-1001", "EventData.hc_stateid": "0"}
{"EventID": "3", "Channel": "Microsoft-Windows-Diagnosis-Scheduled/Operational", "Provider_Name": "Microsoft-Windows-Diagnosis-Scheduled", "Computer": "DESKTOP-OFJ6N53", "TimeCreated": "2025-08-03 10:03:45.185442+00:00", "RecordID": "1264", "Level": "4", "UserID": "S-1-5-21-963789628-1060504924-4285088085-1001"}
{"EventID": "2", "Channel": "Microsoft-Windows-Diagnosis-Scheduled/Operational", "Provider_Name": "Microsoft-Windows-Diagnosis-Scheduled", "Computer": "DESKTOP-OFJ6N53", "TimeCreated": "2025-08-10 10:03:59.271969+00:00", "RecordID": "1265", "Level": "4", "UserID": "S-1-5-21-963789628-1060504924-4285088085-1001"}
