{"EventID": "100", "Channel": "Microsoft-Windows-Security-SPP-UX-Notifications/ActionCenter", "Provider_Name": "Microsoft-Windows-Security-SPP-UX-Notifications", "Computer": "DESKTOP-OFJ6N53", "TimeCreated": "2023-12-14 13:36:38.288439+00:00", "RecordID": "1518", "Level": "3", "UserID": "S-1-5-20", "EventData.hc_stateid": "2"}
{"EventID": "100", "Channel": "Microsoft-Windows-Security-SPP-UX-Notifications/ActionCenter", "Provider_Name": "Microsoft-Windows-Security-SPP-UX-Notifications", "Computer": "DESKTOP-OFJ6N53", "TimeCreated": "2023-12-15 14:32:39.894003+00:00", "RecordID": "1519", "Level": "3", "UserID": "S-1-5-20", "EventData.hc_stateid": "2"}
{"EventID": "100", "Channel": "Microsoft-Windows-Security-SPP-UX-Notifications/ActionCenter", "Provider_Name": "Microsoft-Windows-Security-SPP-UX-Notifications", "Computer": "DESKTOP-OFJ6N53", "TimeCreated": "2023-12-17 19:35:02.602406+00:00", "RecordID": "1520", "Level": "3", "UserID": "S-1-5-20", "EventData.hc_stateid": "2"}
{"EventID": "100", "Channel": "Microsoft-Windows-Security-SPP-UX-Notifications/ActionCenter", "Provider_Name": "Microsoft-Windows-Security-SPP-UX-Notifications", "Computer": "DESKTOP-OFJ6N53", "TimeCreated": "2023-12-17 20:02:04.374716+00:00", "RecordID": "1521", "Level": "3", "UserID": "S-1-5-20", "EventData.hc_stateid": "2"}
{"EventID": "100", "Channel": "Microsoft-Windows-Security-SPP-UX-Notifications/ActionCenter", "Provider_Name": "Microsoft-Windows-Security-SPP-UX-Notifications", "Computer": "DESKTOP-OFJ6N53", "TimeCreated": "2023-12-17 20:02:08.206829+00:00", "RecordID": "1522", "Level": "3", "UserID": "S-1-5-20", "EventData.hc_stateid": "2"}
{"EventID": "100", "Channel": "Microsoft-Windows-Security-SPP-UX-Notifications/ActionCenter", "Provider_Name": "Microsoft-Windows-Security-SPP-UX-Notifications", "Computer": "DESKTOP-OFJ6N53", "TimeCreated": "2023-12-17 20:06:12.712650+00:00", "RecordID": "1523", "Level": "3", "UserID": "S-1-5-20", "EventData.hc_stateid": "2"}
{"EventID": "100", "Channel": "Microsoft-Windows-Security-SPP-UX-Notifications/ActionCenter", "Provider_Name": "Microsoft-Windows-Security-SPP-UX-Notifications", "Computer": "DESKTOP-OFJ6N53", "TimeCreated": "2023-12-17 20:06:16.007875+00:00", "RecordID": "1524", "Level": "3", "UserID": "S-1-5-20", "EventData.hc_stateid": "2"}
{"EventID": "100", "Channel": "Microsoft-Windows-Security-SPP-UX-Notifications/ActionCenter", "Provider_Name": "Microsoft-Windows-Security-SPP-UX-Notifications", "Computer": "DESKTOP-OFJ6N53", "TimeCreated": "2023-12-18 15:53:27.653212+00:00", "RecordID": "1525", "Level": "3", "UserID": "S-1-5-20", "EventData.hc_stateid": "2"}
{"EventID": "100", "Channel": "Microsoft-Windows-Security-SPP-UX-Notifications/ActionCenter", "Provider_Name": "Microsoft-Windows-Security-SPP-UX-Notifications", "Computer": "DESKTOP-OFJ6N53", "TimeCreated": "2023-12-18 15:53:35.361671+00:00", "RecordID": "1526", "Level": "3", "UserID": "S-1-5-20", "EventData.hc_stateid": "2"}
{"EventID": "100", "Channel": "Microsoft-Windows-Security-SPP-UX-Notifications/ActionCenter", "Provider_Name": "Microsoft-Windows-Security-SPP-UX-Notifications", "Computer": "DESKTOP-OFJ6N53", "TimeCreated": "2023-12-19 15:53:32.363825+00:00", "RecordID": "1527", "Level": "3", "UserID": "S-1-5-20", "EventData.hc_stateid": "2"}
{"EventID": "100", "Channel": "Microsoft-Windows-Security-SPP-UX-Notifications/ActionCenter", "Provider_Name": "Microsoft-Windows-Security-SPP-UX-Notifications", "Computer": "DESKTOP-OFJ6N53", "TimeCreated": "2023-12-20 13:51:22.442987+00:00", "RecordID": "1528", "Level": "3", "UserID": "S-1-5-20", "EventData.hc_stateid": "2"}
{"EventID": "100", "Channel": "Microsoft-Windows-Security-SPP-UX-Notifications/ActionCenter", "Provider_Name": "Microsoft-Windows-Security-SPP-UX-Notifications", "Computer": "DESKTOP-OFJ6N53", "TimeCreated": "2023-12-21 13:51:22.241899+00:00", "RecordID": "1529", "Level": "3", "UserID": "S-1-5-20", "EventData.hc_stateid": "2"}
{"EventID": "100", "Channel": "Microsoft-Windows-Security-SPP-UX-Notifications/ActionCenter", "Provider_Name": "Microsoft-Windows-Security-SPP-UX-Notifications", "Computer": "DESKTOP-OFJ6N53", "TimeCreated": "2023-12-22 13:51:22.337551+00:00", "RecordID": "1530", "Level": "3", "UserID": "S-1-5-20", "EventData.hc_stateid": "2"}
{"EventID": "100", "Channel": "Microsoft-Windows-Security-SPP-UX-Notifications/ActionCenter", "Provider_Name": "Microsoft-Windows-Security-SPP-UX-Notifications", "Computer": "DESKTOP-OFJ6N53", "TimeCreated": "2023-12-26 13:51:22.316473+00:00", "RecordID": "1531", "Level": "3", "UserID": "S-1-5-20", "EventData.hc_stateid": "2"}
{"EventID": "100", "Channel": "Microsoft-Windows-Security-SPP-UX-Notifications/ActionCenter", "Provider_Name": "Microsoft-Windows-Security-SPP-UX-Notifications", "Computer": "DESKTOP-OFJ6N53", "TimeCreated": "2023-12-27 13:51:22.276304+00:00", "RecordID": "1532", "Level": "3", "UserID": "S-1-5-20", "EventData.hc_stateid": "2"}
{"EventID": "100", "Channel": "Microsoft-Windows-Security-SPP-UX-Notifications/ActionCenter", "Provider_Name": "Microsoft-Windows-Security-SPP-UX-Notifications", "Computer": "DESKTOP-OFJ6N53", "TimeCreated": "2023-12-28 13:51:22.342205+00:00", "RecordID": "1533", "Level": "3", "UserID": "S-1-5-20", "EventData.hc_stateid": "2"}
{"EventID": "100", "Channel": "Microsoft-Windows-Security-SPP-UX-Notifications/ActionCenter", "Provider_Name": "Microsoft-Windows-Security-SPP-UX-Notifications", "Computer": "DESKTOP-OFJ6N53", "TimeCreated": "2023-12-29 11:51:36.663305+00:00", "RecordID": "1534", "Level": "3", "UserID": "S-1-5-20", "EventData.hc_stateid": "2"}
{"EventID": "100", "Channel": "Microsoft-Windows-Security-SPP-UX-Notifications/ActionCenter", "Provider_Name": "Microsoft-Windows-Security-SPP-UX-Notifications", "Computer": "DESKTOP-OFJ6N53", "TimeCreated": "2023-12-29 14:45:41.172367+00:00", "RecordID": "1535", "Level": "3", "UserID": "S-1-5-20", "EventData.hc_stateid": "2"}
{"EventID": "100", "Channel": "Microsoft-Windows-Security-SPP-UX-Notifications/ActionCenter", "Provider_Name": "Microsoft-Windows-Security-SPP-UX-Notifications", "Computer": "DESKTOP-OFJ6N53", "TimeCreated": "2023-12-29 14:45:46.537247+00:00", "RecordID": "1536", "Level": "3", "UserID": "S-1-5-20", "EventData.hc_stateid": "2"}
{"EventID": "100", "Channel": "Microsoft-Windows-Security-SPP-UX-Notifications/ActionCenter", "Provider_Name": "Microsoft-Windows-Security-SPP-UX-Notifications", "Computer": "DESKTOP-OFJ6N53", "TimeCreated": "2023-12-29 14:49:59.919891+00:00", "RecordID": "1537", "Level": "3", "UserID": "S-1-5-20", "EventData.hc_stateid": "2"}
{"EventID": "100", "Channel": "Microsoft-Windows-Security-SPP-UX-Notifications/ActionCenter", "Provider_Name": "Microsoft-Windows-Security-SPP-UX-Notifications", "Computer": "DESKTOP-OFJ6N53", "TimeCreated": "2024-01-10 15:00:14.204744+00:00", "RecordID": "1538", "Level": "3", "UserID": "S-1-5-20", "EventData.hc_stateid": "2"}
{"EventID": "100", "Channel": "Microsoft-Windows-Security-SPP-UX-Notifications/ActionCenter", "Provider_Name": "Microsoft-Windows-Security-SPP-UX-Notifications", "Computer": "DESKTOP-OFJ6N53", "TimeCreated": "2024-01-11 15:00:07.495913+00:00", "RecordID": "1539", "Level": "3", "UserID": "S-1-5-20", "EventData.hc_stateid": "2"}
{"EventID": "100", "Channel": "Microsoft-Windows-Security-SPP-UX-Notifications/ActionCenter", "Provider_Name": "Microsoft-Windows-Security-SPP-UX-Notifications", "Computer": "DESKTOP-OFJ6N53", "TimeCreated": "2024-01-12 15:00:08.792101+00:00", "RecordID": "1540", "Level": "3", "UserID": "S-1-5-20", "EventData.hc_stateid": "2"}
{"EventID": "100", "Channel": "Microsoft-Windows-Security-SPP-UX-Notifications/ActionCenter", "Provider_Name": "Microsoft-Windows-Security-SPP-UX-Notifications", "Computer": "DESKTOP-OFJ6N53", "TimeCreated": "2024-01-13 08:58:23.847771+00:00", "RecordID": "1541", "Level": "3", "UserID": "S-1-5-20", "EventData.hc_stateid": "2"}
{"EventID": "100", "Channel": "Microsoft-Windows-Security-SPP-UX-Notifications/ActionCenter", "Provider_Name": "Microsoft-Windows-Security-SPP-UX-Notifications", "Computer": "DESKTOP-OFJ6N53", "TimeCreated": "2024-01-14 08:58:20.900410+00:00", "RecordID": "1542", "Level": "3", "UserID": "S-1-5-20", "EventData.hc_stateid": "2"}
{"EventID": "100", "Channel": "Microsoft-Windows-Security-SPP-UX-Notifications/ActionCenter", "Provider_Name": "Microsoft-Windows-Security-SPP-UX-Notifications", "Computer": "DESKTOP-OFJ6N53", "TimeCreated": "2024-01-15 04:24:52.355162+00:00", "RecordID": "1543", "Level": "3", "UserID": "S-1-5-20", "EventData.hc_stateid": "2"}
{"EventID": "100", "Channel": "Microsoft-Windows-Security-SPP-UX-Notifications/ActionCenter", "Provider_Name": "Microsoft-Windows-Security-SPP-UX-Notifications", "Computer": "DESKTOP-OFJ6N53", "TimeCreated": "2024-01-16 04:24:51.530748+00:00", "RecordID": "1544", "Level": "3", "UserID": "S-1-5-20", "EventData.hc_stateid": "2"}
{"EventID": "100", "Channel": "Microsoft-Windows-Security-SPP-UX-Notifications/ActionCenter", "Provider_Name": "Microsoft-Windows-Security-SPP-UX-Notifications", "Computer": "DESKTOP-OFJ6N53", "TimeCreated": "2024-01-17 14:20:06.960949+00:00", "RecordID": "1545", "Level": "3", "UserID": "S-1-5-20", "EventData.hc_stateid": "2"}
{"EventID": "100", "Channel": "Microsoft-Windows-Security-SPP-UX-Notifications/ActionCenter", "Provider_Name": "Microsoft-Windows-Security-SPP-UX-Notifications", "Computer": "DESKTOP-OFJ6N53", "TimeCreated": "2024-01-18 09:48:45.130129+00:00", "RecordID": "1546", "Level": "3", "UserID": "S-1-5-20", "EventData.hc_stateid": "2"}
{"EventID": "100", "Channel": "Microsoft-Windows-Security-SPP-UX-Notifications/ActionCenter", "Provider_Name": "Microsoft-Windows-Security-SPP-UX-Notifications", "Computer": "DESKTOP-OFJ6N53", "TimeCreated": "2024-01-18 09:48:45.264595+00:00", "RecordID": "1547", "Level": "3", "UserID": "S-1-5-20", "EventData.hc_stateid": "2"}
{"EventID": "100", "Channel": "Microsoft-Windows-Security-SPP-UX-Notifications/ActionCenter", "Provider_Name": "Microsoft-Windows-Security-SPP-UX-Notifications", "Computer": "DESKTOP-OFJ6N53", "TimeCreated": "2024-01-18 15:48:14.734774+00:00", "RecordID": "1548", "Level": "3", "UserID": "S-1-5-20", "EventData.hc_stateid": "2"}
{"EventID": "100", "Channel": "Microsoft-Windows-Security-SPP-UX-Notifications/ActionCenter", "Provider_Name": "Microsoft-Windows-Security-SPP-UX-Notifications", "Computer": "DESKTOP-OFJ6N53", "TimeCreated": "2024-01-19 05:27:11.552042+00:00", "RecordID": "1549", "Level": "3", "UserID": "S-1-5-20", "EventData.hc_stateid": "2"}
{"EventID": "100", "Channel": "Microsoft-Windows-Security-SPP-UX-Notifications/ActionCenter", "Provider_Name": "Microsoft-Windows-Security-SPP-UX-Notifications", "Computer": "DESKTOP-OFJ6N53", "TimeCreated": "2024-01-19 05:27:15.964342+00:00", "RecordID": "1550", "Level": "3", "UserID": "S-1-5-20", "EventData.hc_stateid": "2"}
{"EventID": "100", "Channel": "Microsoft-Windows-Security-SPP-UX-Notifications/ActionCenter", "Provider_Name": "Microsoft-Windows-Security-SPP-UX-Notifications", "Computer": "DESKTOP-OFJ6N53", "TimeCreated": "2024-01-19 09:57:58.481743+00:00", "RecordID": "1551", "Level": "3", "UserID": "S-1-5-20", "EventData.hc_stateid": "2"}
{"EventID": "100", "Channel": "Microsoft-Windows-Security-SPP-UX-Notifications/ActionCenter", "Provider_Name": "Microsoft-Windows-Security-SPP-UX-Notifications", "Computer": "DESKTOP-OFJ6N53", "TimeCreated": "2024-01-19 11:58:16.811464+00:00", "RecordID": "1552", "Level": "3", "UserID": "S-1-5-20", "EventData.hc_stateid": "2"}
{"EventID": "100", "Channel": "Microsoft-Windows-Security-SPP-UX-Notifications/ActionCenter", "Provider_Name": "Microsoft-Windows-Security-SPP-UX-Notifications", "Computer": "DESKTOP-OFJ6N53", "TimeCreated": "2024-01-19 11:58:17.646725+00:00", "RecordID": "1553", "Level": "3", "UserID": "S-1-5-20", "EventData.hc_stateid": "2"}
{"EventID": "100", "Channel": "Microsoft-Windows-Security-SPP-UX-Notifications/ActionCenter", "Provider_Name": "Microsoft-Windows-Security-SPP-UX-Notifications", "Computer": "DESKTOP-OFJ6N53", "TimeCreated": "2024-01-19 13:02:48.492844+00:00", "RecordID": "1554", "Level": "3", "UserID": "S-1-5-20", "EventData.hc_stateid": "2"}
{"EventID": "100", "Channel": "Microsoft-Windows-Security-SPP-UX-Notifications/ActionCenter", "Provider_Name": "Microsoft-Windows-Security-SPP-UX-Notifications", "Computer": "DESKTOP-OFJ6N53", "TimeCreated": "2024-01-20 13:02:49.852741+00:00", "RecordID": "1555", "Level": "3", "UserID": "S-1-5-20", "EventData.hc_stateid": "2"}
{"EventID": "100", "Channel": "Microsoft-Windows-Security-SPP-UX-Notifications/ActionCenter", "Provider_Name": "Microsoft-Windows-Security-SPP-UX-Notifications", "Computer": "DESKTOP-OFJ6N53", "TimeCreated": "2024-01-21 13:02:49.694427+00:00", "RecordID": "1556", "Level": "3", "UserID": "S-1-5-20", "EventData.hc_stateid": "2"}
{"EventID": "100", "Channel": "Microsoft-Windows-Security-SPP-UX-Notifications/ActionCenter", "Provider_Name": "Microsoft-Windows-Security-SPP-UX-Notifications", "Computer": "DESKTOP-OFJ6N53", "TimeCreated": "2024-01-22 10:30:53.623800+00:00", "RecordID": "1557", "Level": "3", "UserID": "S-1-5-20", "EventData.hc_stateid": "2"}
{"EventID": "100", "Channel": "Microsoft-Windows-Security-SPP-UX-Notifications/ActionCenter", "Provider_Name": "Microsoft-Windows-Security-SPP-UX-Notifications", "Computer": "DESKTOP-OFJ6N53", "TimeCreated": "2024-01-22 14:20:05.683662+00:00", "RecordID": "1558", "Level": "3", "UserID": "S-1-5-20", "EventData.hc_stateid": "2"}
{"EventID": "100", "Channel": "Microsoft-Windows-Security-SPP-UX-Notifications/ActionCenter", "Provider_Name": "Microsoft-Windows-Security-SPP-UX-Notifications", "Computer": "DESKTOP-OFJ6N53", "TimeCreated": "2024-01-23 08:51:21.742632+00:00", "RecordID": "1559", "Level": "3", "UserID": "S-1-5-20", "EventData.hc_stateid": "2"}
{"EventID": "100", "Channel": "Microsoft-Windows-Security-SPP-UX-Notifications/ActionCenter", "Provider_Name": "Microsoft-Windows-Security-SPP-UX-Notifications", "Computer": "DESKTOP-OFJ6N53", "TimeCreated": "2024-01-23 11:14:17.668070+00:00", "RecordID": "1560", "Level": "3", "UserID": "S-1-5-20", "EventData.hc_stateid": "2"}
{"EventID": "100", "Channel": "Microsoft-Windows-Security-SPP-UX-Notifications/ActionCenter", "Provider_Name": "Microsoft-Windows-Security-SPP-UX-Notifications", "Computer": "DESKTOP-OFJ6N53", "TimeCreated": "2024-01-23 14:31:40.234102+00:00", "RecordID": "1561", "Level": "3", "UserID": "S-1-5-20", "EventData.hc_stateid": "2"}
{"EventID": "100", "Channel": "Microsoft-Windows-Security-SPP-UX-Notifications/ActionCenter", "Provider_Name": "Microsoft-Windows-Security-SPP-UX-Notifications", "Computer": "DESKTOP-OFJ6N53", "TimeCreated": "2024-01-24 13:17:08.312546+00:00", "RecordID": "1562", "Level": "3", "UserID": "S-1-5-20", "EventData.hc_stateid": "2"}
{"EventID": "100", "Channel": "Microsoft-Windows-Security-SPP-UX-Notifications/ActionCenter", "Provider_Name": "Microsoft-Windows-Security-SPP-UX-Notifications", "Computer": "DESKTOP-OFJ6N53", "TimeCreated": "2024-01-24 13:17:08.439493+00:00", "RecordID": "1563", "Level": "3", "UserID": "S-1-5-20", "EventData.hc_stateid": "2"}
{"EventID": "100", "Channel": "Microsoft-Windows-Security-SPP-UX-Notifications/ActionCenter", "Provider_Name": "Microsoft-Windows-Security-SPP-UX-Notifications", "Computer": "DESKTOP-OFJ6N53", "TimeCreated": "2024-01-25 13:17:05.840387+00:00", "RecordID": "1564", "Level": "3", "UserID": "S-1-5-20", "EventData.hc_stateid": "2"}
{"EventID": "100", "Channel": "Microsoft-Windows-Security-SPP-UX-Notifications/ActionCenter", "Provider_Name": "Microsoft-Windows-Security-SPP-UX-Notifications", "Computer": "DESKTOP-OFJ6N53", "TimeCreated": "2024-01-26 13:17:05.717329+00:00", "RecordID": "1565", "Level": "3", "UserID": "S-1-5-20", "EventData.hc_stateid": "2"}
{"EventID": "100", "Channel": "Microsoft-Windows-Security-SPP-UX-Notifications/ActionCenter", "Provider_Name": "Microsoft-Windows-Security-SPP-UX-Notifications", "Computer": "DESKTOP-OFJ6N53", "TimeCreated": "2024-01-27 13:17:05.894743+00:00", "RecordID": "1566", "Level": "3", "UserID": "S-1-5-20", "EventData.hc_stateid": "2"}
{"EventID": "100", "Channel": "Microsoft-Windows-Security-SPP-UX-Notifications/ActionCenter", "Provider_Name": "Microsoft-Windows-Security-SPP-UX-Notifications", "Computer": "DESKTOP-OFJ6N53", "TimeCreated": "2024-01-28 13:17:05.724373+00:00", "RecordID": "1567", "Level": "3", "UserID": "S-1-5-20", "EventData.hc_stateid": "2"}
{"EventID": "100", "Channel": "Microsoft-Windows-Security-SPP-UX-Notifications/ActionCenter", "Provider_Name": "Microsoft-Windows-Security-SPP-UX-Notifications", "Computer": "DESKTOP-OFJ6N53", "TimeCreated": "2024-01-29 13:17:05.748117+00:00", "RecordID": "1568", "Level": "3", "UserID": "S-1-5-20", "EventData.hc_stateid": "2"}
{"EventID": "100", "Channel": "Microsoft-Windows-Security-SPP-UX-Notifications/ActionCenter", "Provider_Name": "Microsoft-Windows-Security-SPP-UX-Notifications", "Computer": "DESKTOP-OFJ6N53", "TimeCreated": "2024-01-29 14:17:51.863592+00:00", "RecordID": "1569", "Level": "3", "UserID": "S-1-5-20", "EventData.hc_stateid": "2"}
{"EventID": "100", "Channel": "Microsoft-Windows-Security-SPP-UX-Notifications/ActionCenter", "Provider_Name": "Microsoft-Windows-Security-SPP-UX-Notifications", "Computer": "DESKTOP-OFJ6N53", "TimeCreated": "2024-01-30 09:39:05.427414+00:00", "RecordID": "1570", "Level": "3", "UserID": "S-1-5-20", "EventData.hc_stateid": "2"}
{"EventID": "100", "Channel": "Microsoft-Windows-Security-SPP-UX-Notifications/ActionCenter", "Provider_Name": "Microsoft-Windows-Security-SPP-UX-Notifications", "Computer": "DESKTOP-OFJ6N53", "TimeCreated": "2024-01-30 09:39:05.907759+00:00", "RecordID": "1571", "Level": "3", "UserID": "S-1-5-20", "EventData.hc_stateid": "2"}
{"EventID": "100", "Channel": "Microsoft-Windows-Security-SPP-UX-Notifications/ActionCenter", "Provider_Name": "Microsoft-Windows-Security-SPP-UX-Notifications", "Computer": "DESKTOP-OFJ6N53", "TimeCreated": "2024-01-31 09:38:57.899279+00:00", "RecordID": "1572", "Level": "3", "UserID": "S-1-5-20", "EventData.hc_stateid": "2"}
{"EventID": "100", "Channel": "Microsoft-Windows-Security-SPP-UX-Notifications/ActionCenter", "Provider_Name": "Microsoft-Windows-Security-SPP-UX-Notifications", "Computer": "DESKTOP-OFJ6N53", "TimeCreated": "2024-01-31 12:32:29.933239+00:00", "RecordID": "1573", "Level": "3", "UserID": "S-1-5-20", "EventData.hc_stateid": "2"}
{"EventID": "100", "Channel": "Microsoft-Windows-Security-SPP-UX-Notifications/ActionCenter", "Provider_Name": "Microsoft-Windows-Security-SPP-UX-Notifications", "Computer": "DESKTOP-OFJ6N53", "TimeCreated": "2024-01-31 12:32:33.895727+00:00", "RecordID": "1574", "Level": "3", "UserID": "S-1-5-20", "EventData.hc_stateid": "2"}
{"EventID": "100", "Channel": "Microsoft-Windows-Security-SPP-UX-Notifications/ActionCenter", "Provider_Name": "Microsoft-Windows-Security-SPP-UX-Notifications", "Computer": "DESKTOP-OFJ6N53", "TimeCreated": "2024-02-01 12:32:33.220869+00:00", "RecordID": "1575", "Level": "3", "UserID": "S-1-5-20", "EventData.hc_stateid": "2"}
{"EventID": "100", "Channel": "Microsoft-Windows-Security-SPP-UX-Notifications/ActionCenter", "Provider_Name": "Microsoft-Windows-Security-SPP-UX-Notifications", "Computer": "DESKTOP-OFJ6N53", "TimeCreated": "2024-02-02 12:32:33.212442+00:00", "RecordID": "1576", "Level": "3", "UserID": "S-1-5-20", "EventData.hc_stateid": "2"}
{"EventID": "100", "Channel": "Microsoft-Windows-Security-SPP-UX-Notifications/ActionCenter", "Provider_Name": "Microsoft-Windows-Security-SPP-UX-Notifications", "Computer": "DESKTOP-OFJ6N53", "TimeCreated": "2024-02-05 07:38:38.619143+00:00", "RecordID": "1577", "Level": "3", "UserID": "S-1-5-20", "EventData.hc_stateid": "2"}
{"EventID": "100", "Channel": "Microsoft-Windows-Security-SPP-UX-Notifications/ActionCenter", "Provider_Name": "Microsoft-Windows-Security-SPP-UX-Notifications", "Computer": "DESKTOP-OFJ6N53", "TimeCreated": "2024-02-05 07:38:42.094654+00:00", "RecordID": "1578", "Level": "3", "UserID": "S-1-5-20", "EventData.hc_stateid": "2"}
{"EventID": "100", "Channel": "Microsoft-Windows-Security-SPP-UX-Notifications/ActionCenter", "Provider_Name": "Microsoft-Windows-Security-SPP-UX-Notifications", "Computer": "DESKTOP-OFJ6N53", "TimeCreated": "2024-02-05 09:18:28.789537+00:00", "RecordID": "1579", "Level": "3", "UserID": "S-1-5-20", "EventData.hc_stateid": "2"}
{"EventID": "100", "Channel": "Microsoft-Windows-Security-SPP-UX-Notifications/ActionCenter", "Provider_Name": "Microsoft-Windows-Security-SPP-UX-Notifications", "Computer": "DESKTOP-OFJ6N53", "TimeCreated": "2024-02-05 09:20:32.300983+00:00", "RecordID": "1580", "Level": "3", "UserID": "S-1-5-20", "EventData.hc_stateid": "2"}
{"EventID": "100", "Channel": "Microsoft-Windows-Security-SPP-UX-Notifications/ActionCenter", "Provider_Name": "Microsoft-Windows-Security-SPP-UX-Notifications", "Computer": "DESKTOP-OFJ6N53", "TimeCreated": "2024-02-06 09:20:32.963953+00:00", "RecordID": "1581", "Level": "3", "UserID": "S-1-5-20", "EventData.hc_stateid": "2"}
{"EventID": "100", "Channel": "Microsoft-Windows-Security-SPP-UX-Notifications/ActionCenter", "Provider_Name": "Microsoft-Windows-Security-SPP-UX-Notifications", "Computer": "DESKTOP-OFJ6N53", "TimeCreated": "2024-02-06 12:27:10.550835+00:00", "RecordID": "1582", "Level": "3", "UserID": "S-1-5-20", "EventData.hc_stateid": "2"}
{"EventID": "100", "Channel": "Microsoft-Windows-Security-SPP-UX-Notifications/ActionCenter", "Provider_Name": "Microsoft-Windows-Security-SPP-UX-Notifications", "Computer": "DESKTOP-OFJ6N53", "TimeCreated": "2024-02-06 12:27:19.276634+00:00", "RecordID": "1583", "Level": "3", "UserID": "S-1-5-20", "EventData.hc_stateid": "2"}
{"EventID": "100", "Channel": "Microsoft-Windows-Security-SPP-UX-Notifications/ActionCenter", "Provider_Name": "Microsoft-Windows-Security-SPP-UX-Notifications", "Computer": "DESKTOP-OFJ6N53", "TimeCreated": "2024-02-07 12:27:13.578367+00:00", "RecordID": "1584", "Level": "3", "UserID": "S-1-5-20", "EventData.hc_stateid": "2"}
{"EventID": "100", "Channel": "Microsoft-Windows-Security-SPP-UX-Notifications/ActionCenter", "Provider_Name": "Microsoft-Windows-Security-SPP-UX-Notifications", "Computer": "DESKTOP-OFJ6N53", "TimeCreated": "2024-02-08 12:27:13.694654+00:00", "RecordID": "1585", "Level": "3", "UserID": "S-1-5-20", "EventData.hc_stateid": "2"}
{"EventID": "100", "Channel": "Microsoft-Windows-Security-SPP-UX-Notifications/ActionCenter", "Provider_Name": "Microsoft-Windows-Security-SPP-UX-Notifications", "Computer": "DESKTOP-OFJ6N53", "TimeCreated": "2024-02-08 13:17:58.503941+00:00", "RecordID": "1586", "Level": "3", "UserID": "S-1-5-20", "EventData.hc_stateid": "2"}
{"EventID": "100", "Channel": "Microsoft-Windows-Security-SPP-UX-Notifications/ActionCenter", "Provider_Name": "Microsoft-Windows-Security-SPP-UX-Notifications", "Computer": "DESKTOP-OFJ6N53", "TimeCreated": "2024-02-09 13:17:59.024746+00:00", "RecordID": "1587", "Level": "3", "UserID": "S-1-5-20", "EventData.hc_stateid": "2"}
{"EventID": "100", "Channel": "Microsoft-Windows-Security-SPP-UX-Notifications/ActionCenter", "Provider_Name": "Microsoft-Windows-Security-SPP-UX-Notifications", "Computer": "DESKTOP-OFJ6N53", "TimeCreated": "2024-02-12 12:20:42.175425+00:00", "RecordID": "1588", "Level": "3", "UserID": "S-1-5-20", "EventData.hc_stateid": "2"}
{"EventID": "100", "Channel": "Microsoft-Windows-Security-SPP-UX-Notifications/ActionCenter", "Provider_Name": "Microsoft-Windows-Security-SPP-UX-Notifications", "Computer": "DESKTOP-OFJ6N53", "TimeCreated": "2024-02-12 12:20:42.304262+00:00", "RecordID": "1589", "Level": "3", "UserID": "S-1-5-20", "EventData.hc_stateid": "2"}
{"EventID": "100", "Channel": "Microsoft-Windows-Security-SPP-UX-Notifications/ActionCenter", "Provider_Name": "Microsoft-Windows-Security-SPP-UX-Notifications", "Computer": "DESKTOP-OFJ6N53", "TimeCreated": "2024-02-12 12:34:04.810776+00:00", "RecordID": "1590", "Level": "3", "UserID": "S-1-5-20", "EventData.hc_stateid": "2"}
{"EventID": "100", "Channel": "Microsoft-Windows-Security-SPP-UX-Notifications/ActionCenter", "Provider_Name": "Microsoft-Windows-Security-SPP-UX-Notifications", "Computer": "DESKTOP-OFJ6N53", "TimeCreated": "2024-02-12 12:38:44.835472+00:00", "RecordID": "1591", "Level": "3", "UserID": "S-1-5-20", "EventData.hc_stateid": "2"}
{"EventID": "100", "Channel": "Microsoft-Windows-Security-SPP-UX-Notifications/ActionCenter", "Provider_Name": "Microsoft-Windows-Security-SPP-UX-Notifications", "Computer": "DESKTOP-OFJ6N53", "TimeCreated": "2024-02-12 14:06:46.958954+00:00", "RecordID": "1592", "Level": "3", "UserID": "S-1-5-20", "EventData.hc_stateid": "2"}
{"EventID": "100", "Channel": "Microsoft-Windows-Security-SPP-UX-Notifications/ActionCenter", "Provider_Name": "Microsoft-Windows-Security-SPP-UX-Notifications", "Computer": "DESKTOP-OFJ6N53", "TimeCreated": "2024-02-13 10:51:00.814760+00:00", "RecordID": "1593", "Level": "3", "UserID": "S-1-5-20", "EventData.hc_stateid": "2"}
{"EventID": "100", "Channel": "Microsoft-Windows-Security-SPP-UX-Notifications/ActionCenter", "Provider_Name": "Microsoft-Windows-Security-SPP-UX-Notifications", "Computer": "DESKTOP-OFJ6N53", "TimeCreated": "2024-02-13 18:36:15.940405+00:00", "RecordID": "1594", "Level": "3", "UserID": "S-1-5-20", "EventData.hc_stateid": "2"}
{"EventID": "100", "Channel": "Microsoft-Windows-Security-SPP-UX-Notifications/ActionCenter", "Provider_Name": "Microsoft-Windows-Security-SPP-UX-Notifications", "Computer": "DESKTOP-OFJ6N53", "TimeCreated": "2024-02-14 11:04:55.018656+00:00", "RecordID": "1595", "Level": "3", "UserID": "S-1-5-20", "EventData.hc_stateid": "2"}
{"EventID": "100", "Channel": "Microsoft-Windows-Security-SPP-UX-Notifications/ActionCenter", "Provider_Name": "Microsoft-Windows-Security-SPP-UX-Notifications", "Computer": "DESKTOP-OFJ6N53", "TimeCreated": "2024-02-14 17:04:29.983307+00:00", "RecordID": "1596", "Level": "3", "UserID": "S-1-5-20", "EventData.hc_stateid": "2"}
{"EventID": "100", "Channel": "Microsoft-Windows-Security-SPP-UX-Notifications/ActionCenter", "Provider_Name": "Microsoft-Windows-Security-SPP-UX-Notifications", "Computer": "DESKTOP-OFJ6N53", "TimeCreated": "2024-02-14 23:18:31.955875+00:00", "RecordID": "1597", "Level": "3", "UserID": "S-1-5-20", "EventData.hc_stateid": "2"}
{"EventID": "100", "Channel": "Microsoft-Windows-Security-SPP-UX-Notifications/ActionCenter", "Provider_Name": "Microsoft-Windows-Security-SPP-UX-Notifications", "Computer": "DESKTOP-OFJ6N53", "TimeCreated": "2024-02-15 11:48:17.628428+00:00", "RecordID": "1598", "Level": "3", "UserID": "S-1-5-20", "EventData.hc_stateid": "2"}
{"EventID": "100", "Channel": "Microsoft-Windows-Security-SPP-UX-Notifications/ActionCenter", "Provider_Name": "Microsoft-Windows-Security-SPP-UX-Notifications", "Computer": "DESKTOP-OFJ6N53", "TimeCreated": "2024-02-15 15:30:30.649836+00:00", "RecordID": "1599", "Level": "3", "UserID": "S-1-5-20", "EventData.hc_stateid": "2"}
{"EventID": "100", "Channel": "Microsoft-Windows-Security-SPP-UX-Notifications/ActionCenter", "Provider_Name": "Microsoft-Windows-Security-SPP-UX-Notifications", "Computer": "DESKTOP-OFJ6N53", "TimeCreated": "2024-02-16 11:32:44.410275+00:00", "RecordID": "1600", "Level": "3", "UserID": "S-1-5-20", "EventData.hc_stateid": "2"}
{"EventID": "100", "Channel": "Microsoft-Windows-Security-SPP-UX-Notifications/ActionCenter", "Provider_Name": "Microsoft-Windows-Security-SPP-UX-Notifications", "Computer": "DESKTOP-OFJ6N53", "TimeCreated": "2024-02-16 13:33:16.056988+00:00", "RecordID": "1601", "Level": "3", "UserID": "S-1-5-20", "EventData.hc_stateid": "2"}
{"EventID": "100", "Channel": "Microsoft-Windows-Security-SPP-UX-Notifications/ActionCenter", "Provider_Name": "Microsoft-Windows-Security-SPP-UX-Notifications", "Computer": "DESKTOP-OFJ6N53", "TimeCreated": "2024-02-16 15:34:42.141920+00:00", "RecordID": "1602", "Level": "3", "UserID": "S-1-5-20", "EventData.hc_stateid": "2"}
{"EventID": "100", "Channel": "Microsoft-Windows-Security-SPP-UX-Notifications/ActionCenter", "Provider_Name": "Microsoft-Windows-Security-SPP-UX-Notifications", "Computer": "DESKTOP-OFJ6N53", "TimeCreated": "2024-02-16 17:35:57.258978+00:00", "RecordID": "1603", "Level": "3", "UserID": "S-1-5-20", "EventData.hc_stateid": "2"}
{"EventID": "100", "Channel": "Microsoft-Windows-Security-SPP-UX-Notifications/ActionCenter", "Provider_Name": "Microsoft-Windows-Security-SPP-UX-Notifications", "Computer": "DESKTOP-OFJ6N53", "TimeCreated": "2024-02-17 17:35:57.252823+00:00", "RecordID": "1604", "Level": "3", "UserID": "S-1-5-20", "EventData.hc_stateid": "2"}
{"EventID": "100", "Channel": "Microsoft-Windows-Security-SPP-UX-Notifications/ActionCenter", "Provider_Name": "Microsoft-Windows-Security-SPP-UX-Notifications", "Computer": "DESKTOP-OFJ6N53", "TimeCreated": "2024-02-18 17:35:57.405634+00:00", "RecordID": "1605", "Level": "3", "UserID": "S-1-5-20", "EventData.hc_stateid": "2"}
{"EventID": "100", "Channel": "Microsoft-Windows-Security-SPP-UX-Notifications/ActionCenter", "Provider_Name": "Microsoft-Windows-Security-SPP-UX-Notifications", "Computer": "DESKTOP-OFJ6N53", "TimeCreated": "2024-02-18 17:57:41.892769+00:00", "RecordID": "1606", "Level": "3", "UserID": "S-1-5-20", "EventData.hc_stateid": "2"}
{"EventID": "100", "Channel": "Microsoft-Windows-Security-SPP-UX-Notifications/ActionCenter", "Provider_Name": "Microsoft-Windows-Security-SPP-UX-Notifications", "Computer": "DESKTOP-OFJ6N53", "TimeCreated": "2024-02-18 20:01:19.785875+00:00", "RecordID": "1607", "Level": "3", "UserID": "S-1-5-20", "EventData.hc_stateid": "2"}
{"EventID": "100", "Channel": "Microsoft-Windows-Security-SPP-UX-Notifications/ActionCenter", "Provider_Name": "Microsoft-Windows-Security-SPP-UX-Notifications", "Computer": "DESKTOP-OFJ6N53", "TimeCreated": "2024-02-19 13:43:02.557016+00:00", "RecordID": "1608", "Level": "3", "UserID": "S-1-5-20", "EventData.hc_stateid": "2"}
{"EventID": "100", "Channel": "Microsoft-Windows-Security-SPP-UX-Notifications/ActionCenter", "Provider_Name": "Microsoft-Windows-Security-SPP-UX-Notifications", "Computer": "DESKTOP-OFJ6N53", "TimeCreated": "2024-02-20 11:28:16.670328+00:00", "RecordID": "1609", "Level": "3", "UserID": "S-1-5-20", "EventData.hc_stateid": "2"}
{"EventID": "100", "Channel": "Microsoft-Windows-Security-SPP-UX-Notifications/ActionCenter", "Provider_Name": "Microsoft-Windows-Security-SPP-UX-Notifications", "Computer": "DESKTOP-OFJ6N53", "TimeCreated": "2024-02-20 13:59:05.687494+00:00", "RecordID": "1610", "Level": "3", "UserID": "S-1-5-20", "EventData.hc_stateid": "2"}
{"EventID": "100", "Channel": "Microsoft-Windows-Security-SPP-UX-Notifications/ActionCenter", "Provider_Name": "Microsoft-Windows-Security-SPP-UX-Notifications", "Computer": "DESKTOP-OFJ6N53", "TimeCreated": "2024-02-20 16:01:00.005690+00:00", "RecordID": "1611", "Level": "3", "UserID": "S-1-5-20", "EventData.hc_stateid": "2"}
{"EventID": "100", "Channel": "Microsoft-Windows-Security-SPP-UX-Notifications/ActionCenter", "Provider_Name": "Microsoft-Windows-Security-SPP-UX-Notifications", "Computer": "DESKTOP-OFJ6N53", "TimeCreated": "2024-02-20 18:03:06.666636+00:00", "RecordID": "1612", "Level": "3", "UserID": "S-1-5-20", "EventData.hc_stateid": "2"}
{"EventID": "100", "Channel": "Microsoft-Windows-Security-SPP-UX-Notifications/ActionCenter", "Provider_Name": "Microsoft-Windows-Security-SPP-UX-Notifications", "Computer": "DESKTOP-OFJ6N53", "TimeCreated": "2024-02-20 22:36:29.062902+00:00", "RecordID": "1613", "Level": "3", "UserID": "S-1-5-20", "EventData.hc_stateid": "2"}
{"EventID": "100", "Channel": "Microsoft-Windows-Security-SPP-UX-Notifications/ActionCenter", "Provider_Name": "Microsoft-Windows-Security-SPP-UX-Notifications", "Computer": "DESKTOP-OFJ6N53", "TimeCreated": "2024-02-21 09:50:42.647121+00:00", "RecordID": "1614", "Level": "3", "UserID": "S-1-5-20", "EventData.hc_stateid": "2"}
{"EventID": "100", "Channel": "Microsoft-Windows-Security-SPP-UX-Notifications/ActionCenter", "Provider_Name": "Microsoft-Windows-Security-SPP-UX-Notifications", "Computer": "DESKTOP-OFJ6N53", "TimeCreated": "2024-02-21 11:53:17.507549+00:00", "RecordID": "1615", "Level": "3", "UserID": "S-1-5-20", "EventData.hc_stateid": "2"}
{"EventID": "100", "Channel": "Microsoft-Windows-Security-SPP-UX-Notifications/ActionCenter", "Provider_Name": "Microsoft-Windows-Security-SPP-UX-Notifications", "Computer": "DESKTOP-OFJ6N53", "TimeCreated": "2024-02-21 13:55:14.134077+00:00", "RecordID": "1616", "Level": "3", "UserID": "S-1-5-20", "EventData.hc_stateid": "2"}
{"EventID": "100", "Channel": "Microsoft-Windows-Security-SPP-UX-Notifications/ActionCenter", "Provider_Name": "Microsoft-Windows-Security-SPP-UX-Notifications", "Computer": "DESKTOP-OFJ6N53", "TimeCreated": "2024-02-21 15:55:55.186947+00:00", "RecordID": "1617", "Level": "3", "UserID": "S-1-5-20", "EventData.hc_stateid": "2"}
{"EventID": "100", "Channel": "Microsoft-Windows-Security-SPP-UX-Notifications/ActionCenter", "Provider_Name": "Microsoft-Windows-Security-SPP-UX-Notifications", "Computer": "DESKTOP-OFJ6N53", "TimeCreated": "2024-02-21 18:07:14.040102+00:00", "RecordID": "1618", "Level": "3", "UserID": "S-1-5-20", "EventData.hc_stateid": "2"}
{"EventID": "100", "Channel": "Microsoft-Windows-Security-SPP-UX-Notifications/ActionCenter", "Provider_Name": "Microsoft-Windows-Security-SPP-UX-Notifications", "Computer": "DESKTOP-OFJ6N53", "TimeCreated": "2024-02-21 18:07:16.816505+00:00", "RecordID": "1619", "Level": "3", "UserID": "S-1-5-20", "EventData.hc_stateid": "2"}
{"EventID": "100", "Channel": "Microsoft-Windows-Security-SPP-UX-Notifications/ActionCenter", "Provider_Name": "Microsoft-Windows-Security-SPP-UX-Notifications", "Computer": "DESKTOP-OFJ6N53", "TimeCreated": "2024-02-22 18:07:17.365450+00:00", "RecordID": "1620", "Level": "3", "UserID": "S-1-5-20", "EventData.hc_stateid": "2"}
{"EventID": "100", "Channel": "Microsoft-Windows-Security-SPP-UX-Notifications/ActionCenter", "Provider_Name": "Microsoft-Windows-Security-SPP-UX-Notifications", "Computer": "DESKTOP-OFJ6N53", "TimeCreated": "2024-02-23 18:07:20.011879+00:00", "RecordID": "1621", "Level": "3", "UserID": "S-1-5-20", "EventData.hc_stateid": "2"}
{"EventID": "100", "Channel": "Microsoft-Windows-Security-SPP-UX-Notifications/ActionCenter", "Provider_Name": "Microsoft-Windows-Security-SPP-UX-Notifications", "Computer": "DESKTOP-OFJ6N53", "TimeCreated": "2024-02-24 18:07:17.477930+00:00", "RecordID": "1622", "Level": "3", "UserID": "S-1-5-20", "EventData.hc_stateid": "2"}
{"EventID": "100", "Channel": "Microsoft-Windows-Security-SPP-UX-Notifications/ActionCenter", "Provider_Name": "Microsoft-Windows-Security-SPP-UX-Notifications", "Computer": "DESKTOP-OFJ6N53", "TimeCreated": "2024-02-25 18:07:17.556923+00:00", "RecordID": "1623", "Level": "3", "UserID": "S-1-5-20", "EventData.hc_stateid": "2"}
{"EventID": "100", "Channel": "Microsoft-Windows-Security-SPP-UX-Notifications/ActionCenter", "Provider_Name": "Microsoft-Windows-Security-SPP-UX-Notifications", "Computer": "DESKTOP-OFJ6N53", "TimeCreated": "2024-02-26 18:07:18.032969+00:00", "RecordID": "1624", "Level": "3", "UserID": "S-1-5-20", "EventData.hc_stateid": "2"}
{"EventID": "100", "Channel": "Microsoft-Windows-Security-SPP-UX-Notifications/ActionCenter", "Provider_Name": "Microsoft-Windows-Security-SPP-UX-Notifications", "Computer": "DESKTOP-OFJ6N53", "TimeCreated": "2024-02-27 18:07:17.604822+00:00", "RecordID": "1625", "Level": "3", "UserID": "S-1-5-20", "EventData.hc_stateid": "2"}
{"EventID": "100", "Channel": "Microsoft-Windows-Security-SPP-UX-Notifications/ActionCenter", "Provider_Name": "Microsoft-Windows-Security-SPP-UX-Notifications", "Computer": "DESKTOP-OFJ6N53", "TimeCreated": "2024-02-28 18:07:18.883612+00:00", "RecordID": "1626", "Level": "3", "UserID": "S-1-5-20", "EventData.hc_stateid": "2"}
{"EventID": "100", "Channel": "Microsoft-Windows-Security-SPP-UX-Notifications/ActionCenter", "Provider_Name": "Microsoft-Windows-Security-SPP-UX-Notifications", "Computer": "DESKTOP-OFJ6N53", "TimeCreated": "2024-02-29 18:07:17.677275+00:00", "RecordID": "1627", "Level": "3", "UserID": "S-1-5-20", "EventData.hc_stateid": "2"}
{"EventID": "100", "Channel": "Microsoft-Windows-Security-SPP-UX-Notifications/ActionCenter", "Provider_Name": "Microsoft-Windows-Security-SPP-UX-Notifications", "Computer": "DESKTOP-OFJ6N53", "TimeCreated": "2024-03-01 18:07:17.615562+00:00", "RecordID": "1628", "Level": "3", "UserID": "S-1-5-20", "EventData.hc_stateid": "2"}
{"EventID": "100", "Channel": "Microsoft-Windows-Security-SPP-UX-Notifications/ActionCenter", "Provider_Name": "Microsoft-Windows-Security-SPP-UX-Notifications", "Computer": "DESKTOP-OFJ6N53", "TimeCreated": "2024-03-02 18:07:17.512196+00:00", "RecordID": "1629", "Level": "3", "UserID": "S-1-5-20", "EventData.hc_stateid": "2"}
{"EventID": "100", "Channel": "Microsoft-Windows-Security-SPP-UX-Notifications/ActionCenter", "Provider_Name": "Microsoft-Windows-Security-SPP-UX-Notifications", "Computer": "DESKTOP-OFJ6N53", "TimeCreated": "2024-03-03 18:07:17.447222+00:00", "RecordID": "1630", "Level": "3", "UserID": "S-1-5-20", "EventData.hc_stateid": "2"}
{"EventID": "100", "Channel": "Microsoft-Windows-Security-SPP-UX-Notifications/ActionCenter", "Provider_Name": "Microsoft-Windows-Security-SPP-UX-Notifications", "Computer": "DESKTOP-OFJ6N53", "TimeCreated": "2024-03-04 18:07:18.701683+00:00", "RecordID": "1631", "Level": "3", "UserID": "S-1-5-20", "EventData.hc_stateid": "2"}
{"EventID": "100", "Channel": "Microsoft-Windows-Security-SPP-UX-Notifications/ActionCenter", "Provider_Name": "Microsoft-Windows-Security-SPP-UX-Notifications", "Computer": "DESKTOP-OFJ6N53", "TimeCreated": "2024-03-05 18:07:22.698044+00:00", "RecordID": "1632", "Level": "3", "UserID": "S-1-5-20", "EventData.hc_stateid": "2"}
{"EventID": "100", "Channel": "Microsoft-Windows-Security-SPP-UX-Notifications/ActionCenter", "Provider_Name": "Microsoft-Windows-Security-SPP-UX-Notifications", "Computer": "DESKTOP-OFJ6N53", "TimeCreated": "2024-03-06 18:07:22.279848+00:00", "RecordID": "1633", "Level": "3", "UserID": "S-1-5-20", "EventData.hc_stateid": "2"}
{"EventID": "100", "Channel": "Microsoft-Windows-Security-SPP-UX-Notifications/ActionCenter", "Provider_Name": "Microsoft-Windows-Security-SPP-UX-Notifications", "Computer": "DESKTOP-OFJ6N53", "TimeCreated": "2024-03-07 18:07:22.711800+00:00", "RecordID": "1634", "Level": "3", "UserID": "S-1-5-20", "EventData.hc_stateid": "2"}
{"EventID": "100", "Channel": "Microsoft-Windows-Security-SPP-UX-Notifications/ActionCenter", "Provider_Name": "Microsoft-Windows-Security-SPP-UX-Notifications", "Computer": "DESKTOP-OFJ6N53", "TimeCreated": "2024-03-08 18:07:21.330088+00:00", "RecordID": "1635", "Level": "3", "UserID": "S-1-5-20", "EventData.hc_stateid": "2"}
{"EventID": "100", "Channel": "Microsoft-Windows-Security-SPP-UX-Notifications/ActionCenter", "Provider_Name": "Microsoft-Windows-Security-SPP-UX-Notifications", "Computer": "DESKTOP-OFJ6N53", "TimeCreated": "2024-03-09 18:07:18.504847+00:00", "RecordID": "1636", "Level": "3", "UserID": "S-1-5-20", "EventData.hc_stateid": "2"}
{"EventID": "100", "Channel": "Microsoft-Windows-Security-SPP-UX-Notifications/ActionCenter", "Provider_Name": "Microsoft-Windows-Security-SPP-UX-Notifications", "Computer": "DESKTOP-OFJ6N53", "TimeCreated": "2024-03-10 18:07:18.012005+00:00", "RecordID": "1637", "Level": "3", "UserID": "S-1-5-20", "EventData.hc_stateid": "2"}
{"EventID": "100", "Channel": "Microsoft-Windows-Security-SPP-UX-Notifications/ActionCenter", "Provider_Name": "Microsoft-Windows-Security-SPP-UX-Notifications", "Computer": "DESKTOP-OFJ6N53", "TimeCreated": "2024-03-11 11:42:53.878515+00:00", "RecordID": "1638", "Level": "3", "UserID": "S-1-5-20", "EventData.hc_stateid": "2"}
{"EventID": "100", "Channel": "Microsoft-Windows-Security-SPP-UX-Notifications/ActionCenter", "Provider_Name": "Microsoft-Windows-Security-SPP-UX-Notifications", "Computer": "DESKTOP-OFJ6N53", "TimeCreated": "2024-03-11 11:43:21.028036+00:00", "RecordID": "1639", "Level": "3", "UserID": "S-1-5-20", "EventData.hc_stateid": "2"}
{"EventID": "100", "Channel": "Microsoft-Windows-Security-SPP-UX-Notifications/ActionCenter", "Provider_Name": "Microsoft-Windows-Security-SPP-UX-Notifications", "Computer": "DESKTOP-OFJ6N53", "TimeCreated": "2024-03-12 11:05:08.723888+00:00", "RecordID": "1640", "Level": "3", "UserID": "S-1-5-20", "EventData.hc_stateid": "2"}
{"EventID": "100", "Channel": "Microsoft-Windows-Security-SPP-UX-Notifications/ActionCenter", "Provider_Name": "Microsoft-Windows-Security-SPP-UX-Notifications", "Computer": "DESKTOP-OFJ6N53", "TimeCreated": "2024-03-12 11:05:10.946394+00:00", "RecordID": "1641", "Level": "3", "UserID": "S-1-5-20", "EventData.hc_stateid": "2"}
{"EventID": "100", "Channel": "Microsoft-Windows-Security-SPP-UX-Notifications/ActionCenter", "Provider_Name": "Microsoft-Windows-Security-SPP-UX-Notifications", "Computer": "DESKTOP-OFJ6N53", "TimeCreated": "2024-03-12 14:04:35.677998+00:00", "RecordID": "1642", "Level": "3", "UserID": "S-1-5-20", "EventData.hc_stateid": "2"}
{"EventID": "100", "Channel": "Microsoft-Windows-Security-SPP-UX-Notifications/ActionCenter", "Provider_Name": "Microsoft-Windows-Security-SPP-UX-Notifications", "Computer": "DESKTOP-OFJ6N53", "TimeCreated": "2024-03-13 09:51:03.726091+00:00", "RecordID": "1643", "Level": "3", "UserID": "S-1-5-20", "EventData.hc_stateid": "2"}
{"EventID": "100", "Channel": "Microsoft-Windows-Security-SPP-UX-Notifications/ActionCenter", "Provider_Name": "Microsoft-Windows-Security-SPP-UX-Notifications", "Computer": "DESKTOP-OFJ6N53", "TimeCreated": "2024-03-13 09:51:03.828320+00:00", "RecordID": "1644", "Level": "3", "UserID": "S-1-5-20", "EventData.hc_stateid": "2"}
{"EventID": "100", "Channel": "Microsoft-Windows-Security-SPP-UX-Notifications/ActionCenter", "Provider_Name": "Microsoft-Windows-Security-SPP-UX-Notifications", "Computer": "DESKTOP-OFJ6N53", "TimeCreated": "2024-03-14 09:51:06.795792+00:00", "RecordID": "1645", "Level": "3", "UserID": "S-1-5-20", "EventData.hc_stateid": "2"}
{"EventID": "100", "Channel": "Microsoft-Windows-Security-SPP-UX-Notifications/ActionCenter", "Provider_Name": "Microsoft-Windows-Security-SPP-UX-Notifications", "Computer": "DESKTOP-OFJ6N53", "TimeCreated": "2024-03-14 11:18:54.781303+00:00", "RecordID": "1646", "Level": "3", "UserID": "S-1-5-20", "EventData.hc_stateid": "2"}
{"EventID": "100", "Channel": "Microsoft-Windows-Security-SPP-UX-Notifications/ActionCenter", "Provider_Name": "Microsoft-Windows-Security-SPP-UX-Notifications", "Computer": "DESKTOP-OFJ6N53", "TimeCreated": "2024-03-15 10:31:51.537775+00:00", "RecordID": "1647", "Level": "3", "UserID": "S-1-5-20", "EventData.hc_stateid": "2"}
{"EventID": "100", "Channel": "Microsoft-Windows-Security-SPP-UX-Notifications/ActionCenter", "Provider_Name": "Microsoft-Windows-Security-SPP-UX-Notifications", "Computer": "DESKTOP-OFJ6N53", "TimeCreated": "2024-03-16 10:31:33.330648+00:00", "RecordID": "1648", "Level": "3", "UserID": "S-1-5-20", "EventData.hc_stateid": "2"}
{"EventID": "100", "Channel": "Microsoft-Windows-Security-SPP-UX-Notifications/ActionCenter", "Provider_Name": "Microsoft-Windows-Security-SPP-UX-Notifications", "Computer": "DESKTOP-OFJ6N53", "TimeCreated": "2024-03-17 10:31:31.797230+00:00", "RecordID": "1649", "Level": "3", "UserID": "S-1-5-20", "EventData.hc_stateid": "2"}
{"EventID": "100", "Channel": "Microsoft-Windows-Security-SPP-UX-Notifications/ActionCenter", "Provider_Name": "Microsoft-Windows-Security-SPP-UX-Notifications", "Computer": "DESKTOP-OFJ6N53", "TimeCreated": "2024-03-18 07:41:30.531523+00:00", "RecordID": "1650", "Level": "3", "UserID": "S-1-5-20", "EventData.hc_stateid": "2"}
{"EventID": "100", "Channel": "Microsoft-Windows-Security-SPP-UX-Notifications/ActionCenter", "Provider_Name": "Microsoft-Windows-Security-SPP-UX-Notifications", "Computer": "DESKTOP-OFJ6N53", "TimeCreated": "2024-03-19 07:41:08.482719+00:00", "RecordID": "1651", "Level": "3", "UserID": "S-1-5-20", "EventData.hc_stateid": "2"}
{"EventID": "100", "Channel": "Microsoft-Windows-Security-SPP-UX-Notifications/ActionCenter", "Provider_Name": "Microsoft-Windows-Security-SPP-UX-Notifications", "Computer": "DESKTOP-OFJ6N53", "TimeCreated": "2024-03-19 08:28:31.171040+00:00", "RecordID": "1652", "Level": "3", "UserID": "S-1-5-20", "EventData.hc_stateid": "2"}
{"EventID": "100", "Channel": "Microsoft-Windows-Security-SPP-UX-Notifications/ActionCenter", "Provider_Name": "Microsoft-Windows-Security-SPP-UX-Notifications", "Computer": "DESKTOP-OFJ6N53", "TimeCreated": "2024-03-20 08:28:29.974499+00:00", "RecordID": "1653", "Level": "3", "UserID": "S-1-5-20", "EventData.hc_stateid": "2"}
{"EventID": "100", "Channel": "Microsoft-Windows-Security-SPP-UX-Notifications/ActionCenter", "Provider_Name": "Microsoft-Windows-Security-SPP-UX-Notifications", "Computer": "DESKTOP-OFJ6N53", "TimeCreated": "2024-03-20 11:52:34.332266+00:00", "RecordID": "1654", "Level": "3", "UserID": "S-1-5-20", "EventData.hc_stateid": "2"}
{"EventID": "100", "Channel": "Microsoft-Windows-Security-SPP-UX-Notifications/ActionCenter", "Provider_Name": "Microsoft-Windows-Security-SPP-UX-Notifications", "Computer": "DESKTOP-OFJ6N53", "TimeCreated": "2024-03-21 11:52:17.115257+00:00", "RecordID": "1655", "Level": "3", "UserID": "S-1-5-20", "EventData.hc_stateid": "2"}
{"EventID": "100", "Channel": "Microsoft-Windows-Security-SPP-UX-Notifications/ActionCenter", "Provider_Name": "Microsoft-Windows-Security-SPP-UX-Notifications", "Computer": "DESKTOP-OFJ6N53", "TimeCreated": "2024-03-21 14:47:36.416027+00:00", "RecordID": "1656", "Level": "3", "UserID": "S-1-5-20", "EventData.hc_stateid": "2"}
{"EventID": "100", "Channel": "Microsoft-Windows-Security-SPP-UX-Notifications/ActionCenter", "Provider_Name": "Microsoft-Windows-Security-SPP-UX-Notifications", "Computer": "DESKTOP-OFJ6N53", "TimeCreated": "2024-03-22 14:47:19.024542+00:00", "RecordID": "1657", "Level": "3", "UserID": "S-1-5-20", "EventData.hc_stateid": "2"}
{"EventID": "100", "Channel": "Microsoft-Windows-Security-SPP-UX-Notifications/ActionCenter", "Provider_Name": "Microsoft-Windows-Security-SPP-UX-Notifications", "Computer": "DESKTOP-OFJ6N53", "TimeCreated": "2024-03-23 14:47:20.697395+00:00", "RecordID": "1658", "Level": "3", "UserID": "S-1-5-20", "EventData.hc_stateid": "2"}
{"EventID": "100", "Channel": "Microsoft-Windows-Security-SPP-UX-Notifications/ActionCenter", "Provider_Name": "Microsoft-Windows-Security-SPP-UX-Notifications", "Computer": "DESKTOP-OFJ6N53", "TimeCreated": "2024-03-24 14:47:19.276670+00:00", "RecordID": "1659", "Level": "3", "UserID": "S-1-5-20", "EventData.hc_stateid": "2"}
{"EventID": "100", "Channel": "Microsoft-Windows-Security-SPP-UX-Notifications/ActionCenter", "Provider_Name": "Microsoft-Windows-Security-SPP-UX-Notifications", "Computer": "DESKTOP-OFJ6N53", "TimeCreated": "2024-03-25 07:34:01.137957+00:00", "RecordID": "1660", "Level": "3", "UserID": "S-1-5-20", "EventData.hc_stateid": "2"}
{"EventID": "100", "Channel": "Microsoft-Windows-Security-SPP-UX-Notifications/ActionCenter", "Provider_Name": "Microsoft-Windows-Security-SPP-UX-Notifications", "Computer": "DESKTOP-OFJ6N53", "TimeCreated": "2024-03-26 07:33:42.483360+00:00", "RecordID": "1661", "Level": "3", "UserID": "S-1-5-20", "EventData.hc_stateid": "2"}
{"EventID": "100", "Channel": "Microsoft-Windows-Security-SPP-UX-Notifications/ActionCenter", "Provider_Name": "Microsoft-Windows-Security-SPP-UX-Notifications", "Computer": "DESKTOP-OFJ6N53", "TimeCreated": "2024-03-26 15:13:39.771231+00:00", "RecordID": "1662", "Level": "3", "UserID": "S-1-5-20", "EventData.hc_stateid": "2"}
{"EventID": "100", "Channel": "Microsoft-Windows-Security-SPP-UX-Notifications/ActionCenter", "Provider_Name": "Microsoft-Windows-Security-SPP-UX-Notifications", "Computer": "DESKTOP-OFJ6N53", "TimeCreated": "2024-03-27 15:13:20.724977+00:00", "RecordID": "1663", "Level": "3", "UserID": "S-1-5-20", "EventData.hc_stateid": "2"}
{"EventID": "100", "Channel": "Microsoft-Windows-Security-SPP-UX-Notifications/ActionCenter", "Provider_Name": "Microsoft-Windows-Security-SPP-UX-Notifications", "Computer": "DESKTOP-OFJ6N53", "TimeCreated": "2024-03-28 15:13:20.951927+00:00", "RecordID": "1664", "Level": "3", "UserID": "S-1-5-20", "EventData.hc_stateid": "2"}
{"EventID": "100", "Channel": "Microsoft-Windows-Security-SPP-UX-Notifications/ActionCenter", "Provider_Name": "Microsoft-Windows-Security-SPP-UX-Notifications", "Computer": "DESKTOP-OFJ6N53", "TimeCreated": "2024-03-28 18:54:55.318483+00:00", "RecordID": "1665", "Level": "3", "UserID": "S-1-5-20", "EventData.hc_stateid": "2"}
{"EventID": "100", "Channel": "Microsoft-Windows-Security-SPP-UX-Notifications/ActionCenter", "Provider_Name": "Microsoft-Windows-Security-SPP-UX-Notifications", "Computer": "DESKTOP-OFJ6N53", "TimeCreated": "2024-04-08 13:32:39.091587+00:00", "RecordID": "1666", "Level": "3", "UserID": "S-1-5-20", "EventData.hc_stateid": "2"}
{"EventID": "100", "Channel": "Microsoft-Windows-Security-SPP-UX-Notifications/ActionCenter", "Provider_Name": "Microsoft-Windows-Security-SPP-UX-Notifications", "Computer": "DESKTOP-OFJ6N53", "TimeCreated": "2024-04-08 14:08:28.078154+00:00", "RecordID": "1667", "Level": "3", "UserID": "S-1-5-20", "EventData.hc_stateid": "2"}
{"EventID": "100", "Channel": "Microsoft-Windows-Security-SPP-UX-Notifications/ActionCenter", "Provider_Name": "Microsoft-Windows-Security-SPP-UX-Notifications", "Computer": "DESKTOP-OFJ6N53", "TimeCreated": "2024-04-09 15:29:08.425503+00:00", "RecordID": "1668", "Level": "3", "UserID": "S-1-5-20", "EventData.hc_stateid": "2"}
