{"EventID": "70", "Channel": "Microsoft-Windows-AppModel-Runtime/Admin", "Provider_Name": "Microsoft-Windows-AppModel-Runtime", "Computer": "DESKTOP-OFJ6N53", "TimeCreated": "2025-04-24 11:02:43.296055+00:00", "RecordID": "11795", "Level": "4", "UserID": "S-1-5-18", "EventData.PackageFullName": "Microsoft.MicrosoftOfficeHub_18.2503.12711.0_x64__8wekyb3d8bbwe", "EventData.User": "S-1-5-21-963789628-1060504924-4285088085-1001", "EventData.DesiredStatus": "2080", "EventData.CurrentStatus": "2048"}
{"EventID": "70", "Channel": "Microsoft-Windows-AppModel-Runtime/Admin", "Provider_Name": "Microsoft-Windows-AppModel-Runtime", "Computer": "DESKTOP-OFJ6N53", "TimeCreated": "2025-04-24 11:02:43.296421+00:00", "RecordID": "11796", "Level": "4", "UserID": "S-1-5-18", "EventData.PackageFullName": "Microsoft.MicrosoftOfficeHub_18.2504.31709.0_x64__8wekyb3d8bbwe", "EventData.User": "S-1-5-21-963789628-1060504924-4285088085-1001", "EventData.DesiredStatus": "2080", "EventData.CurrentStatus": "2048"}
{"EventID": "42", "Channel": "Microsoft-Windows-AppModel-Runtime/Admin", "Provider_Name": "Microsoft-Windows-AppModel-Runtime", "Computer": "DESKTOP-OFJ6N53", "TimeCreated": "2025-04-24 11:02:43.635595+00:00", "RecordID": "11797", "Level": "4", "UserID": "S-1-5-21-963789628-1060504924-4285088085-1001", "EventData.AppContainerName": "Microsoft.MicrosoftOfficeHub_8wekyb3d8bbwe"}
{"EventID": "70", "Channel": "Microsoft-Windows-AppModel-Runtime/Admin", "Provider_Name": "Microsoft-Windows-AppModel-Runtime", "Computer": "DESKTOP-OFJ6N53", "TimeCreated": "2025-04-24 11:02:44.851416+00:00", "RecordID": "11798", "Level": "4", "UserID": "S-1-5-18", "EventData.PackageFullName": "Microsoft.MicrosoftOfficeHub_18.2504.31709.0_x64__8wekyb3d8bbwe", "EventData.User": "S-1-5-21-963789628-1060504924-4285088085-1001", "EventData.DesiredStatus": "0", "EventData.CurrentStatus": "32"}
{"EventID": "70", "Channel": "Microsoft-Windows-AppModel-Runtime/Admin", "Provider_Name": "Microsoft-Windows-AppModel-Runtime", "Computer": "DESKTOP-OFJ6N53", "TimeCreated": "2025-04-24 11:02:45.903122+00:00", "RecordID": "11799", "Level": "4", "UserID": "S-1-5-18", "EventData.PackageFullName": "Microsoft.XboxGamingOverlay_7.225.3271.0_x64__8wekyb3d8bbwe", "EventData.User": "S-1-5-21-963789628-1060504924-4285088085-1001", "EventData.DesiredStatus": "2080", "EventData.CurrentStatus": "2048"}
{"EventID": "70", "Channel": "Microsoft-Windows-AppModel-Runtime/Admin", "Provider_Name": "Microsoft-Windows-AppModel-Runtime", "Computer": "DESKTOP-OFJ6N53", "TimeCreated": "2025-04-24 11:02:45.903503+00:00", "RecordID": "11800", "Level": "4", "UserID": "S-1-5-18", "EventData.PackageFullName": "Microsoft.XboxGamingOverlay_7.225.4081.0_x64__8wekyb3d8bbwe", "EventData.User": "S-1-5-21-963789628-1060504924-4285088085-1001", "EventData.DesiredStatus": "2080", "EventData.CurrentStatus": "2048"}
{"EventID": "42", "Channel": "Microsoft-Windows-AppModel-Runtime/Admin", "Provider_Name": "Microsoft-Windows-AppModel-Runtime", "Computer": "DESKTOP-OFJ6N53", "TimeCreated": "2025-04-24 11:02:46.455105+00:00", "RecordID": "11801", "Level": "4", "UserID": "S-1-5-21-963789628-1060504924-4285088085-1001", "EventData.AppContainerName": "Microsoft.XboxGamingOverlay_8wekyb3d8bbwe"}
{"EventID": "70", "Channel": "Microsoft-Windows-AppModel-Runtime/Admin", "Provider_Name": "Microsoft-Windows-AppModel-Runtime", "Computer": "DESKTOP-OFJ6N53", "TimeCreated": "2025-04-24 11:02:48.253750+00:00", "RecordID": "11802", "Level": "4", "UserID": "S-1-5-18", "EventData.PackageFullName": "Microsoft.XboxGamingOverlay_7.225.4081.0_x64__8wekyb3d8bbwe", "EventData.User": "S-1-5-21-963789628-1060504924-4285088085-1001", "EventData.DesiredStatus": "0", "EventData.CurrentStatus": "32"}
{"EventID": "210", "Channel": "Microsoft-Windows-AppModel-Runtime/Admin", "Provider_Name": "Microsoft-Windows-AppModel-Runtime", "Computer": "DESKTOP-OFJ6N53", "TimeCreated": "2025-04-24 11:02:56.390230+00:00", "RecordID": "11803", "Level": "4", "UserID": "S-1-5-18", "EventData.PackageName": "Microsoft.YourPhone_1.25032.76.0_x64__8wekyb3d8bbwe", "EventData.ContainerName": "Microsoft.YourPhone_1.25032.76.0_x64__8wekyb3d8bbwe-S-1-5-21-963789628-1060504924-4285088085-1001", "EventData.ContainerId": "7eda07bf-1fdb-11f0-a75e-005056b235ad"}
{"EventID": "211", "Channel": "Microsoft-Windows-AppModel-Runtime/Admin", "Provider_Name": "Microsoft-Windows-AppModel-Runtime", "Computer": "DESKTOP-OFJ6N53", "TimeCreated": "2025-04-24 11:02:56.390274+00:00", "RecordID": "11804", "Level": "4", "UserID": "S-1-5-18", "EventData.ProcessID": "13096", "EventData.PackageName": "Microsoft.YourPhone_1.25032.76.0_x64__8wekyb3d8bbwe", "EventData.ContainerId": "7eda07bf-1fdb-11f0-a75e-005056b235ad"}
{"EventID": "201", "Channel": "Microsoft-Windows-AppModel-Runtime/Admin", "Provider_Name": "Microsoft-Windows-AppModel-Runtime", "Computer": "DESKTOP-OFJ6N53", "TimeCreated": "2025-04-24 11:02:56.414242+00:00", "RecordID": "11805", "Level": "4", "UserID": "S-1-5-18", "EventData.ProcessID": "13096", "EventData.PackageName": "Microsoft.YourPhone_1.25032.76.0_x64__8wekyb3d8bbwe", "EventData.ImageName": "PhoneExperienceHost.exe", "EventData.ApplicationName": "Microsoft.YourPhone_8wekyb3d8bbwe!App", "EventData.Message": "[LaunchProcess]"}
{"EventID": "70", "Channel": "Microsoft-Windows-AppModel-Runtime/Admin", "Provider_Name": "Microsoft-Windows-AppModel-Runtime", "Computer": "DESKTOP-OFJ6N53", "TimeCreated": "2025-04-24 11:03:05.886036+00:00", "RecordID": "11806", "Level": "4", "UserID": "S-1-5-18", "EventData.PackageFullName": "Microsoft.ZuneVideo_10.25021.10041.0_x64__8wekyb3d8bbwe", "EventData.User": "S-1-5-21-963789628-1060504924-4285088085-1001", "EventData.DesiredStatus": "2080", "EventData.CurrentStatus": "2048"}
{"EventID": "70", "Channel": "Microsoft-Windows-AppModel-Runtime/Admin", "Provider_Name": "Microsoft-Windows-AppModel-Runtime", "Computer": "DESKTOP-OFJ6N53", "TimeCreated": "2025-04-24 11:03:05.886406+00:00", "RecordID": "11807", "Level": "4", "UserID": "S-1-5-18", "EventData.PackageFullName": "Microsoft.ZuneVideo_10.25031.10021.0_x64__8wekyb3d8bbwe", "EventData.User": "S-1-5-21-963789628-1060504924-4285088085-1001", "EventData.DesiredStatus": "2080", "EventData.CurrentStatus": "2048"}
{"EventID": "42", "Channel": "Microsoft-Windows-AppModel-Runtime/Admin", "Provider_Name": "Microsoft-Windows-AppModel-Runtime", "Computer": "DESKTOP-OFJ6N53", "TimeCreated": "2025-04-24 11:03:06.575880+00:00", "RecordID": "11808", "Level": "4", "UserID": "S-1-5-21-963789628-1060504924-4285088085-1001", "EventData.AppContainerName": "Microsoft.ZuneVideo_8wekyb3d8bbwe"}
{"EventID": "211", "Channel": "Microsoft-Windows-AppModel-Runtime/Admin", "Provider_Name": "Microsoft-Windows-AppModel-Runtime", "Computer": "DESKTOP-OFJ6N53", "TimeCreated": "2025-04-24 11:03:09.047487+00:00", "RecordID": "11809", "Level": "4", "UserID": "S-1-5-18", "EventData.ProcessID": "11164", "EventData.PackageName": "Microsoft.YourPhone_1.25032.76.0_x64__8wekyb3d8bbwe", "EventData.ContainerId": "7eda07bf-1fdb-11f0-a75e-005056b235ad"}
{"EventID": "70", "Channel": "Microsoft-Windows-AppModel-Runtime/Admin", "Provider_Name": "Microsoft-Windows-AppModel-Runtime", "Computer": "DESKTOP-OFJ6N53", "TimeCreated": "2025-04-24 11:03:13.515488+00:00", "RecordID": "11810", "Level": "4", "UserID": "S-1-5-18", "EventData.PackageFullName": "Microsoft.ZuneVideo_10.25031.10021.0_x64__8wekyb3d8bbwe", "EventData.User": "S-1-5-21-963789628-1060504924-4285088085-1001", "EventData.DesiredStatus": "0", "EventData.CurrentStatus": "32"}
{"EventID": "211", "Channel": "Microsoft-Windows-AppModel-Runtime/Admin", "Provider_Name": "Microsoft-Windows-AppModel-Runtime", "Computer": "DESKTOP-OFJ6N53", "TimeCreated": "2025-04-24 11:03:15.246172+00:00", "RecordID": "11811", "Level": "4", "UserID": "S-1-5-18", "EventData.ProcessID": "13500", "EventData.PackageName": "Microsoft.YourPhone_1.25032.76.0_x64__8wekyb3d8bbwe", "EventData.ContainerId": "7eda07bf-1fdb-11f0-a75e-005056b235ad"}
{"EventID": "70", "Channel": "Microsoft-Windows-AppModel-Runtime/Admin", "Provider_Name": "Microsoft-Windows-AppModel-Runtime", "Computer": "DESKTOP-OFJ6N53", "TimeCreated": "2025-04-24 11:03:25.818354+00:00", "RecordID": "11812", "Level": "4", "UserID": "S-1-5-18", "EventData.PackageFullName": "Microsoft.ZuneMusic_11.2502.4.0_x64__8wekyb3d8bbwe", "EventData.User": "S-1-5-21-963789628-1060504924-4285088085-1001", "EventData.DesiredStatus": "2080", "EventData.CurrentStatus": "2048"}
{"EventID": "70", "Channel": "Microsoft-Windows-AppModel-Runtime/Admin", "Provider_Name": "Microsoft-Windows-AppModel-Runtime", "Computer": "DESKTOP-OFJ6N53", "TimeCreated": "2025-04-24 11:03:25.818724+00:00", "RecordID": "11813", "Level": "4", "UserID": "S-1-5-18", "EventData.PackageFullName": "Microsoft.ZuneMusic_11.2503.5.0_x64__8wekyb3d8bbwe", "EventData.User": "S-1-5-21-963789628-1060504924-4285088085-1001", "EventData.DesiredStatus": "2080", "EventData.CurrentStatus": "2048"}
{"EventID": "42", "Channel": "Microsoft-Windows-AppModel-Runtime/Admin", "Provider_Name": "Microsoft-Windows-AppModel-Runtime", "Computer": "DESKTOP-OFJ6N53", "TimeCreated": "2025-04-24 11:03:26.464811+00:00", "RecordID": "11814", "Level": "4", "UserID": "S-1-5-21-963789628-1060504924-4285088085-1001", "EventData.AppContainerName": "Microsoft.ZuneMusic_8wekyb3d8bbwe"}
{"EventID": "70", "Channel": "Microsoft-Windows-AppModel-Runtime/Admin", "Provider_Name": "Microsoft-Windows-AppModel-Runtime", "Computer": "DESKTOP-OFJ6N53", "TimeCreated": "2025-04-24 11:03:31.624805+00:00", "RecordID": "11815", "Level": "4", "UserID": "S-1-5-18", "EventData.PackageFullName": "Microsoft.ZuneMusic_11.2503.5.0_x64__8wekyb3d8bbwe", "EventData.User": "S-1-5-21-963789628-1060504924-4285088085-1001", "EventData.DesiredStatus": "0", "EventData.CurrentStatus": "32"}
{"EventID": "70", "Channel": "Microsoft-Windows-AppModel-Runtime/Admin", "Provider_Name": "Microsoft-Windows-AppModel-Runtime", "Computer": "DESKTOP-OFJ6N53", "TimeCreated": "2025-04-24 11:03:33.533957+00:00", "RecordID": "11816", "Level": "4", "UserID": "S-1-5-18", "EventData.PackageFullName": "Microsoft.DesktopAppInstaller_1.25.340.0_x64__8wekyb3d8bbwe", "EventData.User": "S-1-5-21-963789628-1060504924-4285088085-1001", "EventData.DesiredStatus": "2080", "EventData.CurrentStatus": "2048"}
{"EventID": "70", "Channel": "Microsoft-Windows-AppModel-Runtime/Admin", "Provider_Name": "Microsoft-Windows-AppModel-Runtime", "Computer": "DESKTOP-OFJ6N53", "TimeCreated": "2025-04-24 11:03:33.534365+00:00", "RecordID": "11817", "Level": "4", "UserID": "S-1-5-18", "EventData.PackageFullName": "Microsoft.DesktopAppInstaller_1.25.390.0_x64__8wekyb3d8bbwe", "EventData.User": "S-1-5-21-963789628-1060504924-4285088085-1001", "EventData.DesiredStatus": "2080", "EventData.CurrentStatus": "2048"}
{"EventID": "42", "Channel": "Microsoft-Windows-AppModel-Runtime/Admin", "Provider_Name": "Microsoft-Windows-AppModel-Runtime", "Computer": "DESKTOP-OFJ6N53", "TimeCreated": "2025-04-24 11:03:34.243719+00:00", "RecordID": "11818", "Level": "4", "UserID": "S-1-5-21-963789628-1060504924-4285088085-1001", "EventData.AppContainerName": "Microsoft.DesktopAppInstaller_8wekyb3d8bbwe"}
{"EventID": "70", "Channel": "Microsoft-Windows-AppModel-Runtime/Admin", "Provider_Name": "Microsoft-Windows-AppModel-Runtime", "Computer": "DESKTOP-OFJ6N53", "TimeCreated": "2025-04-24 11:03:36.342989+00:00", "RecordID": "11819", "Level": "4", "UserID": "S-1-5-18", "EventData.PackageFullName": "Microsoft.DesktopAppInstaller_1.25.390.0_x64__8wekyb3d8bbwe", "EventData.User": "S-1-5-21-963789628-1060504924-4285088085-1001", "EventData.DesiredStatus": "0", "EventData.CurrentStatus": "32"}
{"EventID": "70", "Channel": "Microsoft-Windows-AppModel-Runtime/Admin", "Provider_Name": "Microsoft-Windows-AppModel-Runtime", "Computer": "DESKTOP-OFJ6N53", "TimeCreated": "2025-04-24 11:03:38.140917+00:00", "RecordID": "11820", "Level": "4", "UserID": "S-1-5-18", "EventData.PackageFullName": "Microsoft.WindowsAlarms_11.2501.7.0_x64__8wekyb3d8bbwe", "EventData.User": "S-1-5-21-963789628-1060504924-4285088085-1001", "EventData.DesiredStatus": "2080", "EventData.CurrentStatus": "2048"}
{"EventID": "70", "Channel": "Microsoft-Windows-AppModel-Runtime/Admin", "Provider_Name": "Microsoft-Windows-AppModel-Runtime", "Computer": "DESKTOP-OFJ6N53", "TimeCreated": "2025-04-24 11:03:38.141417+00:00", "RecordID": "11821", "Level": "4", "UserID": "S-1-5-18", "EventData.PackageFullName": "Microsoft.WindowsAlarms_11.2503.4.0_x64__8wekyb3d8bbwe", "EventData.User": "S-1-5-21-963789628-1060504924-4285088085-1001", "EventData.DesiredStatus": "2080", "EventData.CurrentStatus": "2048"}
{"EventID": "42", "Channel": "Microsoft-Windows-AppModel-Runtime/Admin", "Provider_Name": "Microsoft-Windows-AppModel-Runtime", "Computer": "DESKTOP-OFJ6N53", "TimeCreated": "2025-04-24 11:03:38.565575+00:00", "RecordID": "11822", "Level": "4", "UserID": "S-1-5-21-963789628-1060504924-4285088085-1001", "EventData.AppContainerName": "Microsoft.WindowsAlarms_8wekyb3d8bbwe"}
{"EventID": "70", "Channel": "Microsoft-Windows-AppModel-Runtime/Admin", "Provider_Name": "Microsoft-Windows-AppModel-Runtime", "Computer": "DESKTOP-OFJ6N53", "TimeCreated": "2025-04-24 11:03:40.286829+00:00", "RecordID": "11823", "Level": "4", "UserID": "S-1-5-18", "EventData.PackageFullName": "Microsoft.WindowsAlarms_11.2503.4.0_x64__8wekyb3d8bbwe", "EventData.User": "S-1-5-21-963789628-1060504924-4285088085-1001", "EventData.DesiredStatus": "0", "EventData.CurrentStatus": "32"}
{"EventID": "70", "Channel": "Microsoft-Windows-AppModel-Runtime/Admin", "Provider_Name": "Microsoft-Windows-AppModel-Runtime", "Computer": "DESKTOP-OFJ6N53", "TimeCreated": "2025-04-24 11:03:41.437197+00:00", "RecordID": "11824", "Level": "4", "UserID": "S-1-5-18", "EventData.PackageFullName": "Microsoft.WindowsCamera_2025.2501.1.0_x64__8wekyb3d8bbwe", "EventData.User": "S-1-5-21-963789628-1060504924-4285088085-1001", "EventData.DesiredStatus": "2080", "EventData.CurrentStatus": "2048"}
{"EventID": "70", "Channel": "Microsoft-Windows-AppModel-Runtime/Admin", "Provider_Name": "Microsoft-Windows-AppModel-Runtime", "Computer": "DESKTOP-OFJ6N53", "TimeCreated": "2025-04-24 11:03:41.437675+00:00", "RecordID": "11825", "Level": "4", "UserID": "S-1-5-18", "EventData.PackageFullName": "Microsoft.WindowsCamera_2025.2502.17.0_x64__8wekyb3d8bbwe", "EventData.User": "S-1-5-21-963789628-1060504924-4285088085-1001", "EventData.DesiredStatus": "2080", "EventData.CurrentStatus": "2048"}
{"EventID": "42", "Channel": "Microsoft-Windows-AppModel-Runtime/Admin", "Provider_Name": "Microsoft-Windows-AppModel-Runtime", "Computer": "DESKTOP-OFJ6N53", "TimeCreated": "2025-04-24 11:03:41.789957+00:00", "RecordID": "11826", "Level": "4", "UserID": "S-1-5-21-963789628-1060504924-4285088085-1001", "EventData.AppContainerName": "Microsoft.WindowsCamera_8wekyb3d8bbwe"}
{"EventID": "70", "Channel": "Microsoft-Windows-AppModel-Runtime/Admin", "Provider_Name": "Microsoft-Windows-AppModel-Runtime", "Computer": "DESKTOP-OFJ6N53", "TimeCreated": "2025-04-24 11:03:43.071754+00:00", "RecordID": "11827", "Level": "4", "UserID": "S-1-5-18", "EventData.PackageFullName": "Microsoft.WindowsCamera_2025.2502.17.0_x64__8wekyb3d8bbwe", "EventData.User": "S-1-5-21-963789628-1060504924-4285088085-1001", "EventData.DesiredStatus": "0", "EventData.CurrentStatus": "32"}
{"EventID": "70", "Channel": "Microsoft-Windows-AppModel-Runtime/Admin", "Provider_Name": "Microsoft-Windows-AppModel-Runtime", "Computer": "DESKTOP-OFJ6N53", "TimeCreated": "2025-04-24 11:03:43.840565+00:00", "RecordID": "11828", "Level": "4", "UserID": "S-1-5-18", "EventData.PackageFullName": "Microsoft.HEIFImageExtension_1.2.3.0_x64__8wekyb3d8bbwe", "EventData.User": "S-1-5-21-963789628-1060504924-4285088085-1001", "EventData.DesiredStatus": "2080", "EventData.CurrentStatus": "2048"}
{"EventID": "70", "Channel": "Microsoft-Windows-AppModel-Runtime/Admin", "Provider_Name": "Microsoft-Windows-AppModel-Runtime", "Computer": "DESKTOP-OFJ6N53", "TimeCreated": "2025-04-24 11:03:43.840910+00:00", "RecordID": "11829", "Level": "4", "UserID": "S-1-5-18", "EventData.PackageFullName": "Microsoft.HEIFImageExtension_1.2.16.0_x64__8wekyb3d8bbwe", "EventData.User": "S-1-5-21-963789628-1060504924-4285088085-1001", "EventData.DesiredStatus": "2080", "EventData.CurrentStatus": "2048"}
{"EventID": "42", "Channel": "Microsoft-Windows-AppModel-Runtime/Admin", "Provider_Name": "Microsoft-Windows-AppModel-Runtime", "Computer": "DESKTOP-OFJ6N53", "TimeCreated": "2025-04-24 11:03:43.967236+00:00", "RecordID": "11830", "Level": "4", "UserID": "S-1-5-21-963789628-1060504924-4285088085-1001", "EventData.AppContainerName": "Microsoft.HEIFImageExtension_8wekyb3d8bbwe"}
{"EventID": "70", "Channel": "Microsoft-Windows-AppModel-Runtime/Admin", "Provider_Name": "Microsoft-Windows-AppModel-Runtime", "Computer": "DESKTOP-OFJ6N53", "TimeCreated": "2025-04-24 11:03:44.853592+00:00", "RecordID": "11831", "Level": "4", "UserID": "S-1-5-18", "EventData.PackageFullName": "Microsoft.HEIFImageExtension_1.2.16.0_x64__8wekyb3d8bbwe", "EventData.User": "S-1-5-21-963789628-1060504924-4285088085-1001", "EventData.DesiredStatus": "0", "EventData.CurrentStatus": "32"}
{"EventID": "70", "Channel": "Microsoft-Windows-AppModel-Runtime/Admin", "Provider_Name": "Microsoft-Windows-AppModel-Runtime", "Computer": "DESKTOP-OFJ6N53", "TimeCreated": "2025-04-24 11:03:45.292219+00:00", "RecordID": "11832", "Level": "4", "UserID": "S-1-5-18", "EventData.PackageFullName": "Microsoft.WebpImageExtension_1.1.1711.0_x64__8wekyb3d8bbwe", "EventData.User": "S-1-5-21-963789628-1060504924-4285088085-1001", "EventData.DesiredStatus": "2080", "EventData.CurrentStatus": "2048"}
{"EventID": "70", "Channel": "Microsoft-Windows-AppModel-Runtime/Admin", "Provider_Name": "Microsoft-Windows-AppModel-Runtime", "Computer": "DESKTOP-OFJ6N53", "TimeCreated": "2025-04-24 11:03:45.292686+00:00", "RecordID": "11833", "Level": "4", "UserID": "S-1-5-18", "EventData.PackageFullName": "Microsoft.WebpImageExtension_1.2.10.0_x64__8wekyb3d8bbwe", "EventData.User": "S-1-5-21-963789628-1060504924-4285088085-1001", "EventData.DesiredStatus": "2080", "EventData.CurrentStatus": "2048"}
{"EventID": "42", "Channel": "Microsoft-Windows-AppModel-Runtime/Admin", "Provider_Name": "Microsoft-Windows-AppModel-Runtime", "Computer": "DESKTOP-OFJ6N53", "TimeCreated": "2025-04-24 11:03:45.369778+00:00", "RecordID": "11834", "Level": "4", "UserID": "S-1-5-21-963789628-1060504924-4285088085-1001", "EventData.AppContainerName": "Microsoft.WebpImageExtension_8wekyb3d8bbwe"}
{"EventID": "70", "Channel": "Microsoft-Windows-AppModel-Runtime/Admin", "Provider_Name": "Microsoft-Windows-AppModel-Runtime", "Computer": "DESKTOP-OFJ6N53", "TimeCreated": "2025-04-24 11:03:46.155754+00:00", "RecordID": "11835", "Level": "4", "UserID": "S-1-5-18", "EventData.PackageFullName": "Microsoft.WebpImageExtension_1.2.10.0_x64__8wekyb3d8bbwe", "EventData.User": "S-1-5-21-963789628-1060504924-4285088085-1001", "EventData.DesiredStatus": "0", "EventData.CurrentStatus": "32"}
{"EventID": "210", "Channel": "Microsoft-Windows-AppModel-Runtime/Admin", "Provider_Name": "Microsoft-Windows-AppModel-Runtime", "Computer": "DESKTOP-OFJ6N53", "TimeCreated": "2025-04-24 11:05:13.118647+00:00", "RecordID": "11836", "Level": "4", "UserID": "S-1-5-18", "EventData.PackageName": "Microsoft.SkypeApp_15.138.3214.0_x64__kzf8qxf38zg5c", "EventData.ContainerName": "Microsoft.SkypeApp_15.138.3214.0_x64__kzf8qxf38zg5c-S-1-5-21-963789628-1060504924-4285088085-1001", "EventData.ContainerId": "7eda0854-1fdb-11f0-a75e-005056b235ad"}
{"EventID": "211", "Channel": "Microsoft-Windows-AppModel-Runtime/Admin", "Provider_Name": "Microsoft-Windows-AppModel-Runtime", "Computer": "DESKTOP-OFJ6N53", "TimeCreated": "2025-04-24 11:05:13.118687+00:00", "RecordID": "11837", "Level": "4", "UserID": "S-1-5-18", "EventData.ProcessID": "3256", "EventData.PackageName": "Microsoft.SkypeApp_15.138.3214.0_x64__kzf8qxf38zg5c", "EventData.ContainerId": "7eda0854-1fdb-11f0-a75e-005056b235ad"}
{"EventID": "217", "Channel": "Microsoft-Windows-AppModel-Runtime/Admin", "Provider_Name": "Microsoft-Windows-AppModel-Runtime", "Computer": "DESKTOP-OFJ6N53", "TimeCreated": "2025-04-24 11:18:01.767181+00:00", "RecordID": "11838", "Level": "4", "UserID": "S-1-5-18", "EventData.PackageName": "Microsoft.SkypeApp_15.138.3214.0_x64__kzf8qxf38zg5c", "EventData.ContainerId": "7eda0854-1fdb-11f0-a75e-005056b235ad"}
{"EventID": "70", "Channel": "Microsoft-Windows-AppModel-Runtime/Admin", "Provider_Name": "Microsoft-Windows-AppModel-Runtime", "Computer": "DESKTOP-OFJ6N53", "TimeCreated": "2025-04-24 11:26:21.571903+00:00", "RecordID": "11839", "Level": "4", "UserID": "S-1-5-18", "EventData.PackageFullName": "Microsoft.Getstarted_10.2312.1.0_x64__8wekyb3d8bbwe", "EventData.User": "S-1-5-21-963789628-1060504924-4285088085-1001", "EventData.DesiredStatus": "32", "EventData.CurrentStatus": "0"}
{"EventID": "40", "Channel": "Microsoft-Windows-AppModel-Runtime/Admin", "Provider_Name": "Microsoft-Windows-AppModel-Runtime", "Computer": "DESKTOP-OFJ6N53", "TimeCreated": "2025-04-24 11:26:24.501171+00:00", "RecordID": "11840", "Level": "4", "UserID": "S-1-5-21-963789628-1060504924-4285088085-1001", "EventData.AppContainerName": "onecore\\ds\\security\\gina\\profile\\profext\\appcontainer.cpp Line:1813 @{Microsoft.Getstarted_10.2312.1.0_x64__8wekyb3d8bbwe?ms-resource://Microsoft.Getstarted/Resources/AppStoreName} Microsoft.Getstarted_8wekyb3d8bbwe"}
{"EventID": "70", "Channel": "Microsoft-Windows-AppModel-Runtime/Admin", "Provider_Name": "Microsoft-Windows-AppModel-Runtime", "Computer": "DESKTOP-OFJ6N53", "TimeCreated": "2025-04-24 11:26:25.204386+00:00", "RecordID": "11841", "Level": "4", "UserID": "S-1-5-18", "EventData.PackageFullName": "Microsoft.Getstarted_10.2312.1.0_x64__8wekyb3d8bbwe", "EventData.User": "S-1-5-21-963789628-1060504924-4285088085-1001", "EventData.DesiredStatus": "0", "EventData.CurrentStatus": "32"}
{"EventID": "70", "Channel": "Microsoft-Windows-AppModel-Runtime/Admin", "Provider_Name": "Microsoft-Windows-AppModel-Runtime", "Computer": "DESKTOP-OFJ6N53", "TimeCreated": "2025-04-24 11:26:28.185574+00:00", "RecordID": "11842", "Level": "4", "UserID": "S-1-5-18", "EventData.PackageFullName": "MicrosoftWindows.CrossDevice_0.25032.52.0_x64__cw5n1h2txyewy", "EventData.User": "S-1-5-21-963789628-1060504924-4285088085-1001", "EventData.DesiredStatus": "32", "EventData.CurrentStatus": "0"}
{"EventID": "69", "Channel": "Microsoft-Windows-AppModel-Runtime/Admin", "Provider_Name": "Microsoft-Windows-AppModel-Runtime", "Computer": "DESKTOP-OFJ6N53", "TimeCreated": "2025-04-24 11:26:28.185888+00:00", "RecordID": "11843", "Level": "4", "UserID": "S-1-5-18", "EventData.ErrorCode": "1168", "EventData.PackageFullName": "MicrosoftWindows.CrossDevice_1.25032.52.0_x64__cw5n1h2txyewy", "EventData.User": "S-1-5-21-963789628-1060504924-4285088085-1001", "EventData.DesiredStatus": "32", "EventData.CurrentStatus": "0"}
{"EventID": "42", "Channel": "Microsoft-Windows-AppModel-Runtime/Admin", "Provider_Name": "Microsoft-Windows-AppModel-Runtime", "Computer": "DESKTOP-OFJ6N53", "TimeCreated": "2025-04-24 11:26:28.297899+00:00", "RecordID": "11844", "Level": "4", "UserID": "S-1-5-21-963789628-1060504924-4285088085-1001", "EventData.AppContainerName": "MicrosoftWindows.CrossDevice_cw5n1h2txyewy"}
{"EventID": "70", "Channel": "Microsoft-Windows-AppModel-Runtime/Admin", "Provider_Name": "Microsoft-Windows-AppModel-Runtime", "Computer": "DESKTOP-OFJ6N53", "TimeCreated": "2025-04-24 11:26:28.856443+00:00", "RecordID": "11845", "Level": "4", "UserID": "S-1-5-18", "EventData.PackageFullName": "MicrosoftWindows.CrossDevice_1.25032.52.0_x64__cw5n1h2txyewy", "EventData.User": "S-1-5-21-963789628-1060504924-4285088085-1001", "EventData.DesiredStatus": "0", "EventData.CurrentStatus": "32"}
{"EventID": "217", "Channel": "Microsoft-Windows-AppModel-Runtime/Admin", "Provider_Name": "Microsoft-Windows-AppModel-Runtime", "Computer": "DESKTOP-OFJ6N53", "TimeCreated": "2025-04-24 18:30:04.119677+00:00", "RecordID": "11846", "Level": "4", "UserID": "S-1-5-18", "EventData.PackageName": "Microsoft.YourPhone_1.25032.76.0_x64__8wekyb3d8bbwe", "EventData.ContainerId": "7eda07bf-1fdb-11f0-a75e-005056b235ad"}
{"EventID": "210", "Channel": "Microsoft-Windows-AppModel-Runtime/Admin", "Provider_Name": "Microsoft-Windows-AppModel-Runtime", "Computer": "DESKTOP-OFJ6N53", "TimeCreated": "2025-04-24 22:55:25.146152+00:00", "RecordID": "11847", "Level": "4", "UserID": "S-1-5-18", "EventData.PackageName": "Microsoft.YourPhone_1.25032.76.0_x64__8wekyb3d8bbwe", "EventData.ContainerName": "Microsoft.YourPhone_1.25032.76.0_x64__8wekyb3d8bbwe-S-1-5-21-963789628-1060504924-4285088085-1001", "EventData.ContainerId": "7eda0bf3-1fdb-11f0-a75e-005056b235ad"}
{"EventID": "211", "Channel": "Microsoft-Windows-AppModel-Runtime/Admin", "Provider_Name": "Microsoft-Windows-AppModel-Runtime", "Computer": "DESKTOP-OFJ6N53", "TimeCreated": "2025-04-24 22:55:25.146204+00:00", "RecordID": "11848", "Level": "4", "UserID": "S-1-5-18", "EventData.ProcessID": "2128", "EventData.PackageName": "Microsoft.YourPhone_1.25032.76.0_x64__8wekyb3d8bbwe", "EventData.ContainerId": "7eda0bf3-1fdb-11f0-a75e-005056b235ad"}
{"EventID": "210", "Channel": "Microsoft-Windows-AppModel-Runtime/Admin", "Provider_Name": "Microsoft-Windows-AppModel-Runtime", "Computer": "DESKTOP-OFJ6N53", "TimeCreated": "2025-04-25 03:23:21.506227+00:00", "RecordID": "11849", "Level": "4", "UserID": "S-1-5-18", "EventData.PackageName": "Microsoft.XboxGamingOverlay_7.225.4081.0_x64__8wekyb3d8bbwe", "EventData.ContainerName": "Microsoft.XboxGamingOverlay_7.225.4081.0_x64__8wekyb3d8bbwe-S-1-5-21-963789628-1060504924-4285088085-1001", "EventData.ContainerId": "7eda0d5a-1fdb-11f0-a75e-005056b235ad"}
{"EventID": "211", "Channel": "Microsoft-Windows-AppModel-Runtime/Admin", "Provider_Name": "Microsoft-Windows-AppModel-Runtime", "Computer": "DESKTOP-OFJ6N53", "TimeCreated": "2025-04-25 03:23:21.506281+00:00", "RecordID": "11850", "Level": "4", "UserID": "S-1-5-18", "EventData.ProcessID": "11888", "EventData.PackageName": "Microsoft.XboxGamingOverlay_7.225.4081.0_x64__8wekyb3d8bbwe", "EventData.ContainerId": "7eda0d5a-1fdb-11f0-a75e-005056b235ad"}
{"EventID": "217", "Channel": "Microsoft-Windows-AppModel-Runtime/Admin", "Provider_Name": "Microsoft-Windows-AppModel-Runtime", "Computer": "DESKTOP-OFJ6N53", "TimeCreated": "2025-04-25 03:28:21.337156+00:00", "RecordID": "11851", "Level": "4", "UserID": "S-1-5-18", "EventData.PackageName": "Microsoft.XboxGamingOverlay_7.225.4081.0_x64__8wekyb3d8bbwe", "EventData.ContainerId": "7eda0d5a-1fdb-11f0-a75e-005056b235ad"}
{"EventID": "217", "Channel": "Microsoft-Windows-AppModel-Runtime/Admin", "Provider_Name": "Microsoft-Windows-AppModel-Runtime", "Computer": "DESKTOP-OFJ6N53", "TimeCreated": "2025-04-25 06:56:22.134623+00:00", "RecordID": "11852", "Level": "4", "UserID": "S-1-5-18", "EventData.PackageName": "Microsoft.YourPhone_1.25032.76.0_x64__8wekyb3d8bbwe", "EventData.ContainerId": "7eda0bf3-1fdb-11f0-a75e-005056b235ad"}
{"EventID": "210", "Channel": "Microsoft-Windows-AppModel-Runtime/Admin", "Provider_Name": "Microsoft-Windows-AppModel-Runtime", "Computer": "DESKTOP-OFJ6N53", "TimeCreated": "2025-04-25 10:55:27.160713+00:00", "RecordID": "11853", "Level": "4", "UserID": "S-1-5-18", "EventData.PackageName": "Microsoft.YourPhone_1.25032.76.0_x64__8wekyb3d8bbwe", "EventData.ContainerName": "Microsoft.YourPhone_1.25032.76.0_x64__8wekyb3d8bbwe-S-1-5-21-963789628-1060504924-4285088085-1001", "EventData.ContainerId": "7eda0f61-1fdb-11f0-a75e-005056b235ad"}
{"EventID": "211", "Channel": "Microsoft-Windows-AppModel-Runtime/Admin", "Provider_Name": "Microsoft-Windows-AppModel-Runtime", "Computer": "DESKTOP-OFJ6N53", "TimeCreated": "2025-04-25 10:55:27.160757+00:00", "RecordID": "11854", "Level": "4", "UserID": "S-1-5-18", "EventData.ProcessID": "8012", "EventData.PackageName": "Microsoft.YourPhone_1.25032.76.0_x64__8wekyb3d8bbwe", "EventData.ContainerId": "7eda0f61-1fdb-11f0-a75e-005056b235ad"}
{"EventID": "217", "Channel": "Microsoft-Windows-AppModel-Runtime/Admin", "Provider_Name": "Microsoft-Windows-AppModel-Runtime", "Computer": "DESKTOP-OFJ6N53", "TimeCreated": "2025-04-25 18:46:52.910643+00:00", "RecordID": "11855", "Level": "4", "UserID": "S-1-5-18", "EventData.PackageName": "Microsoft.YourPhone_1.25032.76.0_x64__8wekyb3d8bbwe", "EventData.ContainerId": "7eda0f61-1fdb-11f0-a75e-005056b235ad"}
{"EventID": "70", "Channel": "Microsoft-Windows-AppModel-Runtime/Admin", "Provider_Name": "Microsoft-Windows-AppModel-Runtime", "Computer": "DESKTOP-OFJ6N53", "TimeCreated": "2025-04-25 19:56:57.456175+00:00", "RecordID": "11856", "Level": "4", "UserID": "S-1-5-18", "EventData.PackageFullName": "Microsoft.XboxApp_48.104.4001.0_x64__8wekyb3d8bbwe", "EventData.User": "S-1-5-21-963789628-1060504924-4285088085-1001", "EventData.DesiredStatus": "32", "EventData.CurrentStatus": "0"}
{"EventID": "40", "Channel": "Microsoft-Windows-AppModel-Runtime/Admin", "Provider_Name": "Microsoft-Windows-AppModel-Runtime", "Computer": "DESKTOP-OFJ6N53", "TimeCreated": "2025-04-25 19:56:59.106087+00:00", "RecordID": "11857", "Level": "4", "UserID": "S-1-5-21-963789628-1060504924-4285088085-1001", "EventData.AppContainerName": "onecore\\ds\\security\\gina\\profile\\profext\\appcontainer.cpp Line:1813 @{Microsoft.XboxApp_48.104.4001.0_x64__8wekyb3d8bbwe?ms-resource://Microsoft.XboxApp/XboxApp.Resource/Resources/App_Title} Microsoft.XboxApp_8wekyb3d8bbwe"}
{"EventID": "70", "Channel": "Microsoft-Windows-AppModel-Runtime/Admin", "Provider_Name": "Microsoft-Windows-AppModel-Runtime", "Computer": "DESKTOP-OFJ6N53", "TimeCreated": "2025-04-25 19:56:59.369247+00:00", "RecordID": "11858", "Level": "4", "UserID": "S-1-5-18", "EventData.PackageFullName": "Microsoft.XboxApp_48.104.4001.0_x64__8wekyb3d8bbwe", "EventData.User": "S-1-5-21-963789628-1060504924-4285088085-1001", "EventData.DesiredStatus": "0", "EventData.CurrentStatus": "32"}
{"EventID": "70", "Channel": "Microsoft-Windows-AppModel-Runtime/Admin", "Provider_Name": "Microsoft-Windows-AppModel-Runtime", "Computer": "DESKTOP-OFJ6N53", "TimeCreated": "2025-04-25 19:57:00.544306+00:00", "RecordID": "11859", "Level": "4", "UserID": "S-1-5-18", "EventData.PackageFullName": "A025C540.Yandex.Music_4.54.8517.0_x64__vfvw9svesycw6", "EventData.User": "S-1-5-21-963789628-1060504924-4285088085-1001", "EventData.DesiredStatus": "32", "EventData.CurrentStatus": "0"}
{"EventID": "40", "Channel": "Microsoft-Windows-AppModel-Runtime/Admin", "Provider_Name": "Microsoft-Windows-AppModel-Runtime", "Computer": "DESKTOP-OFJ6N53", "TimeCreated": "2025-04-25 19:57:03.150503+00:00", "RecordID": "11860", "Level": "4", "UserID": "S-1-5-21-963789628-1060504924-4285088085-1001", "EventData.AppContainerName": "onecore\\ds\\security\\gina\\profile\\profext\\appcontainer.cpp Line:1813 @{A025C540.Yandex.Music_4.54.8517.0_x64__vfvw9svesycw6?ms-resource://A025C540.Yandex.Music/Resources/PackageDisplayName} A025C540.Yandex.Music_vfvw9svesycw6"}
{"EventID": "70", "Channel": "Microsoft-Windows-AppModel-Runtime/Admin", "Provider_Name": "Microsoft-Windows-AppModel-Runtime", "Computer": "DESKTOP-OFJ6N53", "TimeCreated": "2025-04-25 19:57:03.687441+00:00", "RecordID": "11861", "Level": "4", "UserID": "S-1-5-18", "EventData.PackageFullName": "A025C540.Yandex.Music_4.54.8517.0_x64__vfvw9svesycw6", "EventData.User": "S-1-5-21-963789628-1060504924-4285088085-1001", "EventData.DesiredStatus": "0", "EventData.CurrentStatus": "32"}
{"EventID": "70", "Channel": "Microsoft-Windows-AppModel-Runtime/Admin", "Provider_Name": "Microsoft-Windows-AppModel-Runtime", "Computer": "DESKTOP-OFJ6N53", "TimeCreated": "2025-04-25 19:57:05.085564+00:00", "RecordID": "11862", "Level": "4", "UserID": "S-1-5-18", "EventData.PackageFullName": "Microsoft.XboxIdentityProvider_12.115.1001.0_x64__8wekyb3d8bbwe", "EventData.User": "S-1-5-21-963789628-1060504924-4285088085-1001", "EventData.DesiredStatus": "32", "EventData.CurrentStatus": "0"}
{"EventID": "40", "Channel": "Microsoft-Windows-AppModel-Runtime/Admin", "Provider_Name": "Microsoft-Windows-AppModel-Runtime", "Computer": "DESKTOP-OFJ6N53", "TimeCreated": "2025-04-25 19:57:06.013229+00:00", "RecordID": "11863", "Level": "4", "UserID": "S-1-5-21-963789628-1060504924-4285088085-1001", "EventData.AppContainerName": "onecore\\ds\\security\\gina\\profile\\profext\\appcontainer.cpp Line:1813 @{Microsoft.XboxIdentityProvider_12.115.1001.0_x64__8wekyb3d8bbwe?ms-resource://Microsoft.XboxIdentityProvider/Resources/DisplayName} Microsoft.XboxIdentityProvider_8wekyb3d8bbwe"}
{"EventID": "70", "Channel": "Microsoft-Windows-AppModel-Runtime/Admin", "Provider_Name": "Microsoft-Windows-AppModel-Runtime", "Computer": "DESKTOP-OFJ6N53", "TimeCreated": "2025-04-25 19:57:06.446550+00:00", "RecordID": "11864", "Level": "4", "UserID": "S-1-5-18", "EventData.PackageFullName": "Microsoft.XboxIdentityProvider_12.115.1001.0_x64__8wekyb3d8bbwe", "EventData.User": "S-1-5-21-963789628-1060504924-4285088085-1001", "EventData.DesiredStatus": "0", "EventData.CurrentStatus": "32"}
{"EventID": "70", "Channel": "Microsoft-Windows-AppModel-Runtime/Admin", "Provider_Name": "Microsoft-Windows-AppModel-Runtime", "Computer": "DESKTOP-OFJ6N53", "TimeCreated": "2025-04-25 19:57:08.222229+00:00", "RecordID": "11865", "Level": "4", "UserID": "S-1-5-18", "EventData.PackageFullName": "Microsoft.WindowsSoundRecorder_10.2103.28.0_x64__8wekyb3d8bbwe", "EventData.User": "S-1-5-21-963789628-1060504924-4285088085-1001", "EventData.DesiredStatus": "32", "EventData.CurrentStatus": "0"}
{"EventID": "40", "Channel": "Microsoft-Windows-AppModel-Runtime/Admin", "Provider_Name": "Microsoft-Windows-AppModel-Runtime", "Computer": "DESKTOP-OFJ6N53", "TimeCreated": "2025-04-25 19:57:09.761009+00:00", "RecordID": "11866", "Level": "4", "UserID": "S-1-5-21-963789628-1060504924-4285088085-1001", "EventData.AppContainerName": "onecore\\ds\\security\\gina\\profile\\profext\\appcontainer.cpp Line:1813 @{Microsoft.WindowsSoundRecorder_10.2103.28.0_x64__8wekyb3d8bbwe?ms-resource://Microsoft.WindowsSoundRecorder/Resources/AppStoreName} Microsoft.WindowsSoundRecorder_8wekyb3d8bbwe"}
{"EventID": "70", "Channel": "Microsoft-Windows-AppModel-Runtime/Admin", "Provider_Name": "Microsoft-Windows-AppModel-Runtime", "Computer": "DESKTOP-OFJ6N53", "TimeCreated": "2025-04-25 19:57:09.975616+00:00", "RecordID": "11867", "Level": "4", "UserID": "S-1-5-18", "EventData.PackageFullName": "Microsoft.WindowsSoundRecorder_10.2103.28.0_x64__8wekyb3d8bbwe", "EventData.User": "S-1-5-21-963789628-1060504924-4285088085-1001", "EventData.DesiredStatus": "0", "EventData.CurrentStatus": "32"}
{"EventID": "70", "Channel": "Microsoft-Windows-AppModel-Runtime/Admin", "Provider_Name": "Microsoft-Windows-AppModel-Runtime", "Computer": "DESKTOP-OFJ6N53", "TimeCreated": "2025-04-25 19:57:10.837091+00:00", "RecordID": "11868", "Level": "4", "UserID": "S-1-5-18", "EventData.PackageFullName": "Microsoft.MicrosoftSolitaireCollection_4.22.4040.0_x64__8wekyb3d8bbwe", "EventData.User": "S-1-5-21-963789628-1060504924-4285088085-1001", "EventData.DesiredStatus": "32", "EventData.CurrentStatus": "0"}
{"EventID": "40", "Channel": "Microsoft-Windows-AppModel-Runtime/Admin", "Provider_Name": "Microsoft-Windows-AppModel-Runtime", "Computer": "DESKTOP-OFJ6N53", "TimeCreated": "2025-04-25 19:57:10.993151+00:00", "RecordID": "11869", "Level": "4", "UserID": "S-1-5-21-963789628-1060504924-4285088085-1001", "EventData.AppContainerName": "onecore\\ds\\security\\gina\\profile\\profext\\appcontainer.cpp Line:1813 Solitaire & Casual Games Microsoft.MicrosoftSolitaireCollection_8wekyb3d8bbwe"}
{"EventID": "70", "Channel": "Microsoft-Windows-AppModel-Runtime/Admin", "Provider_Name": "Microsoft-Windows-AppModel-Runtime", "Computer": "DESKTOP-OFJ6N53", "TimeCreated": "2025-04-25 19:57:11.284723+00:00", "RecordID": "11870", "Level": "4", "UserID": "S-1-5-18", "EventData.PackageFullName": "Microsoft.MicrosoftSolitaireCollection_4.22.4040.0_x64__8wekyb3d8bbwe", "EventData.User": "S-1-5-21-963789628-1060504924-4285088085-1001", "EventData.DesiredStatus": "0", "EventData.CurrentStatus": "32"}
{"EventID": "210", "Channel": "Microsoft-Windows-AppModel-Runtime/Admin", "Provider_Name": "Microsoft-Windows-AppModel-Runtime", "Computer": "DESKTOP-OFJ6N53", "TimeCreated": "2025-04-25 22:50:27.554138+00:00", "RecordID": "11871", "Level": "4", "UserID": "S-1-5-18", "EventData.PackageName": "Microsoft.YourPhone_1.25032.76.0_x64__8wekyb3d8bbwe", "EventData.ContainerName": "Microsoft.YourPhone_1.25032.76.0_x64__8wekyb3d8bbwe-S-1-5-21-963789628-1060504924-4285088085-1001", "EventData.ContainerId": "7eda129f-1fdb-11f0-a75e-005056b235ad"}
{"EventID": "211", "Channel": "Microsoft-Windows-AppModel-Runtime/Admin", "Provider_Name": "Microsoft-Windows-AppModel-Runtime", "Computer": "DESKTOP-OFJ6N53", "TimeCreated": "2025-04-25 22:50:27.554186+00:00", "RecordID": "11872", "Level": "4", "UserID": "S-1-5-18", "EventData.ProcessID": "5440", "EventData.PackageName": "Microsoft.YourPhone_1.25032.76.0_x64__8wekyb3d8bbwe", "EventData.ContainerId": "7eda129f-1fdb-11f0-a75e-005056b235ad"}
{"EventID": "217", "Channel": "Microsoft-Windows-AppModel-Runtime/Admin", "Provider_Name": "Microsoft-Windows-AppModel-Runtime", "Computer": "DESKTOP-OFJ6N53", "TimeCreated": "2025-04-26 06:52:34.261444+00:00", "RecordID": "11873", "Level": "4", "UserID": "S-1-5-18", "EventData.PackageName": "Microsoft.YourPhone_1.25032.76.0_x64__8wekyb3d8bbwe", "EventData.ContainerId": "7eda129f-1fdb-11f0-a75e-005056b235ad"}
{"EventID": "210", "Channel": "Microsoft-Windows-AppModel-Runtime/Admin", "Provider_Name": "Microsoft-Windows-AppModel-Runtime", "Computer": "DESKTOP-OFJ6N53", "TimeCreated": "2025-04-26 10:51:56.617535+00:00", "RecordID": "11874", "Level": "4", "UserID": "S-1-5-18", "EventData.PackageName": "Microsoft.YourPhone_1.25032.76.0_x64__8wekyb3d8bbwe", "EventData.ContainerName": "Microsoft.YourPhone_1.25032.76.0_x64__8wekyb3d8bbwe-S-1-5-21-963789628-1060504924-4285088085-1001", "EventData.ContainerId": "7eda15df-1fdb-11f0-a75e-005056b235ad"}
{"EventID": "211", "Channel": "Microsoft-Windows-AppModel-Runtime/Admin", "Provider_Name": "Microsoft-Windows-AppModel-Runtime", "Computer": "DESKTOP-OFJ6N53", "TimeCreated": "2025-04-26 10:51:56.617577+00:00", "RecordID": "11875", "Level": "4", "UserID": "S-1-5-18", "EventData.ProcessID": "9660", "EventData.PackageName": "Microsoft.YourPhone_1.25032.76.0_x64__8wekyb3d8bbwe", "EventData.ContainerId": "7eda15df-1fdb-11f0-a75e-005056b235ad"}
{"EventID": "217", "Channel": "Microsoft-Windows-AppModel-Runtime/Admin", "Provider_Name": "Microsoft-Windows-AppModel-Runtime", "Computer": "DESKTOP-OFJ6N53", "TimeCreated": "2025-04-26 18:54:53.148397+00:00", "RecordID": "11876", "Level": "4", "UserID": "S-1-5-18", "EventData.PackageName": "Microsoft.YourPhone_1.25032.76.0_x64__8wekyb3d8bbwe", "EventData.ContainerId": "7eda15df-1fdb-11f0-a75e-005056b235ad"}
{"EventID": "210", "Channel": "Microsoft-Windows-AppModel-Runtime/Admin", "Provider_Name": "Microsoft-Windows-AppModel-Runtime", "Computer": "DESKTOP-OFJ6N53", "TimeCreated": "2025-04-26 22:48:25.725212+00:00", "RecordID": "11877", "Level": "4", "UserID": "S-1-5-18", "EventData.PackageName": "Microsoft.YourPhone_1.25032.76.0_x64__8wekyb3d8bbwe", "EventData.ContainerName": "Microsoft.YourPhone_1.25032.76.0_x64__8wekyb3d8bbwe-S-1-5-21-963789628-1060504924-4285088085-1001", "EventData.ContainerId": "7eda1925-1fdb-11f0-a75e-005056b235ad"}
{"EventID": "211", "Channel": "Microsoft-Windows-AppModel-Runtime/Admin", "Provider_Name": "Microsoft-Windows-AppModel-Runtime", "Computer": "DESKTOP-OFJ6N53", "TimeCreated": "2025-04-26 22:48:25.725258+00:00", "RecordID": "11878", "Level": "4", "UserID": "S-1-5-18", "EventData.ProcessID": "2120", "EventData.PackageName": "Microsoft.YourPhone_1.25032.76.0_x64__8wekyb3d8bbwe", "EventData.ContainerId": "7eda1925-1fdb-11f0-a75e-005056b235ad"}
{"EventID": "217", "Channel": "Microsoft-Windows-AppModel-Runtime/Admin", "Provider_Name": "Microsoft-Windows-AppModel-Runtime", "Computer": "DESKTOP-OFJ6N53", "TimeCreated": "2025-04-27 06:50:33.137732+00:00", "RecordID": "11879", "Level": "4", "UserID": "S-1-5-18", "EventData.PackageName": "Microsoft.YourPhone_1.25032.76.0_x64__8wekyb3d8bbwe", "EventData.ContainerId": "7eda1925-1fdb-11f0-a75e-005056b235ad"}
{"EventID": "210", "Channel": "Microsoft-Windows-AppModel-Runtime/Admin", "Provider_Name": "Microsoft-Windows-AppModel-Runtime", "Computer": "DESKTOP-OFJ6N53", "TimeCreated": "2025-04-27 10:48:31.052229+00:00", "RecordID": "11880", "Level": "4", "UserID": "S-1-5-18", "EventData.PackageName": "Microsoft.YourPhone_1.25032.76.0_x64__8wekyb3d8bbwe", "EventData.ContainerName": "Microsoft.YourPhone_1.25032.76.0_x64__8wekyb3d8bbwe-S-1-5-21-963789628-1060504924-4285088085-1001", "EventData.ContainerId": "7eda1c84-1fdb-11f0-a75e-005056b235ad"}
{"EventID": "211", "Channel": "Microsoft-Windows-AppModel-Runtime/Admin", "Provider_Name": "Microsoft-Windows-AppModel-Runtime", "Computer": "DESKTOP-OFJ6N53", "TimeCreated": "2025-04-27 10:48:31.052279+00:00", "RecordID": "11881", "Level": "4", "UserID": "S-1-5-18", "EventData.ProcessID": "5512", "EventData.PackageName": "Microsoft.YourPhone_1.25032.76.0_x64__8wekyb3d8bbwe", "EventData.ContainerId": "7eda1c84-1fdb-11f0-a75e-005056b235ad"}
{"EventID": "70", "Channel": "Microsoft-Windows-AppModel-Runtime/Admin", "Provider_Name": "Microsoft-Windows-AppModel-Runtime", "Computer": "DESKTOP-OFJ6N53", "TimeCreated": "2025-04-27 15:42:00.559608+00:00", "RecordID": "11882", "Level": "4", "UserID": "S-1-5-18", "EventData.PackageFullName": "Microsoft.MicrosoftOfficeHub_18.2504.31709.0_x64__8wekyb3d8bbwe", "EventData.User": "S-1-5-21-963789628-1060504924-4285088085-1001", "EventData.DesiredStatus": "32", "EventData.CurrentStatus": "0"}
{"EventID": "69", "Channel": "Microsoft-Windows-AppModel-Runtime/Admin", "Provider_Name": "Microsoft-Windows-AppModel-Runtime", "Computer": "DESKTOP-OFJ6N53", "TimeCreated": "2025-04-27 15:42:00.559925+00:00", "RecordID": "11883", "Level": "4", "UserID": "S-1-5-18", "EventData.ErrorCode": "1168", "EventData.PackageFullName": "Microsoft.MicrosoftOfficeHub_19.2504.23153.0_x64__8wekyb3d8bbwe", "EventData.User": "S-1-5-21-963789628-1060504924-4285088085-1001", "EventData.DesiredStatus": "32", "EventData.CurrentStatus": "0"}
{"EventID": "42", "Channel": "Microsoft-Windows-AppModel-Runtime/Admin", "Provider_Name": "Microsoft-Windows-AppModel-Runtime", "Computer": "DESKTOP-OFJ6N53", "TimeCreated": "2025-04-27 15:42:00.870611+00:00", "RecordID": "11884", "Level": "4", "UserID": "S-1-5-21-963789628-1060504924-4285088085-1001", "EventData.AppContainerName": "Microsoft.MicrosoftOfficeHub_8wekyb3d8bbwe"}
{"EventID": "70", "Channel": "Microsoft-Windows-AppModel-Runtime/Admin", "Provider_Name": "Microsoft-Windows-AppModel-Runtime", "Computer": "DESKTOP-OFJ6N53", "TimeCreated": "2025-04-27 15:42:01.830006+00:00", "RecordID": "11885", "Level": "4", "UserID": "S-1-5-18", "EventData.PackageFullName": "Microsoft.MicrosoftOfficeHub_19.2504.23153.0_x64__8wekyb3d8bbwe", "EventData.User": "S-1-5-21-963789628-1060504924-4285088085-1001", "EventData.DesiredStatus": "0", "EventData.CurrentStatus": "32"}
{"EventID": "217", "Channel": "Microsoft-Windows-AppModel-Runtime/Admin", "Provider_Name": "Microsoft-Windows-AppModel-Runtime", "Computer": "DESKTOP-OFJ6N53", "TimeCreated": "2025-04-27 18:40:07.447765+00:00", "RecordID": "11886", "Level": "4", "UserID": "S-1-5-18", "EventData.PackageName": "Microsoft.YourPhone_1.25032.76.0_x64__8wekyb3d8bbwe", "EventData.ContainerId": "7eda1c84-1fdb-11f0-a75e-005056b235ad"}
