{"EventID": "1030", "Channel": "Microsoft-Windows-WFP/Operational", "Provider_Name": "Microsoft-Windows-WFP", "Computer": "DESKTOP-OFJ6N53", "TimeCreated": "2023-05-10 09:41:28.760096+00:00", "RecordID": "255", "Level": "3", "UserID": "S-1-5-19", "EventData.ProcessId": "3088", "EventData.TxnTimeInMSec": "562", "EventData.CommitTimeInMSec": "546", "EventData.WatchdogTimeoutInMSec": "500"}
{"EventID": "1030", "Channel": "Microsoft-Windows-WFP/Operational", "Provider_Name": "Microsoft-Windows-WFP", "Computer": "DESKTOP-OFJ6N53", "TimeCreated": "2023-05-10 22:11:00.745388+00:00", "RecordID": "256", "Level": "3", "UserID": "S-1-5-19", "EventData.ProcessId": "3088", "EventData.TxnTimeInMSec": "719", "EventData.CommitTimeInMSec": "687", "EventData.WatchdogTimeoutInMSec": "500"}
{"EventID": "1030", "Channel": "Microsoft-Windows-WFP/Operational", "Provider_Name": "Microsoft-Windows-WFP", "Computer": "DESKTOP-OFJ6N53", "TimeCreated": "2023-05-11 09:54:37.810076+00:00", "RecordID": "257", "Level": "3", "UserID": "S-1-5-19", "EventData.ProcessId": "3088", "EventData.TxnTimeInMSec": "922", "EventData.CommitTimeInMSec": "31", "EventData.WatchdogTimeoutInMSec": "500"}
{"EventID": "1030", "Channel": "Microsoft-Windows-WFP/Operational", "Provider_Name": "Microsoft-Windows-WFP", "Computer": "DESKTOP-OFJ6N53", "TimeCreated": "2023-05-11 22:24:13.173187+00:00", "RecordID": "258", "Level": "3", "UserID": "S-1-5-19", "EventData.ProcessId": "3088", "EventData.TxnTimeInMSec": "765", "EventData.CommitTimeInMSec": "719", "EventData.WatchdogTimeoutInMSec": "500"}
{"EventID": "1030", "Channel": "Microsoft-Windows-WFP/Operational", "Provider_Name": "Microsoft-Windows-WFP", "Computer": "DESKTOP-OFJ6N53", "TimeCreated": "2023-05-30 09:27:57.664566+00:00", "RecordID": "259", "Level": "3", "UserID": "S-1-5-19", "EventData.ProcessId": "2748", "EventData.TxnTimeInMSec": "15094", "EventData.CommitTimeInMSec": "188", "EventData.WatchdogTimeoutInMSec": "500"}
{"EventID": "1030", "Channel": "Microsoft-Windows-WFP/Operational", "Provider_Name": "Microsoft-Windows-WFP", "Computer": "DESKTOP-OFJ6N53", "TimeCreated": "2023-06-09 14:59:22.036919+00:00", "RecordID": "260", "Level": "3", "UserID": "S-1-5-19", "EventData.ProcessId": "2360", "EventData.TxnTimeInMSec": "1406", "EventData.CommitTimeInMSec": "1359", "EventData.WatchdogTimeoutInMSec": "500"}
{"EventID": "1030", "Channel": "Microsoft-Windows-WFP/Operational", "Provider_Name": "Microsoft-Windows-WFP", "Computer": "DESKTOP-OFJ6N53", "TimeCreated": "2023-06-12 09:04:01.106422+00:00", "RecordID": "261", "Level": "3", "UserID": "S-1-5-19", "EventData.ProcessId": "2496", "EventData.TxnTimeInMSec": "500", "EventData.CommitTimeInMSec": "438", "EventData.WatchdogTimeoutInMSec": "500"}
{"EventID": "1030", "Channel": "Microsoft-Windows-WFP/Operational", "Provider_Name": "Microsoft-Windows-WFP", "Computer": "DESKTOP-OFJ6N53", "TimeCreated": "2023-06-13 19:24:57.983080+00:00", "RecordID": "262", "Level": "3", "UserID": "S-1-5-19", "EventData.ProcessId": "0", "EventData.TxnTimeInMSec": "1218", "EventData.CommitTimeInMSec": "218", "EventData.WatchdogTimeoutInMSec": "500"}
{"EventID": "1030", "Channel": "Microsoft-Windows-WFP/Operational", "Provider_Name": "Microsoft-Windows-WFP", "Computer": "DESKTOP-OFJ6N53", "TimeCreated": "2023-06-14 14:03:57.445511+00:00", "RecordID": "263", "Level": "3", "UserID": "S-1-5-19", "EventData.ProcessId": "3044", "EventData.TxnTimeInMSec": "562", "EventData.CommitTimeInMSec": "15", "EventData.WatchdogTimeoutInMSec": "500"}
{"EventID": "1030", "Channel": "Microsoft-Windows-WFP/Operational", "Provider_Name": "Microsoft-Windows-WFP", "Computer": "DESKTOP-OFJ6N53", "TimeCreated": "2023-06-23 10:56:07.475878+00:00", "RecordID": "264", "Level": "3", "UserID": "S-1-5-19", "EventData.ProcessId": "3044", "EventData.TxnTimeInMSec": "9812", "EventData.CommitTimeInMSec": "9672", "EventData.WatchdogTimeoutInMSec": "500"}
{"EventID": "1030", "Channel": "Microsoft-Windows-WFP/Operational", "Provider_Name": "Microsoft-Windows-WFP", "Computer": "DESKTOP-OFJ6N53", "TimeCreated": "2023-06-24 11:54:24.215067+00:00", "RecordID": "265", "Level": "3", "UserID": "S-1-5-19", "EventData.ProcessId": "3044", "EventData.TxnTimeInMSec": "2391", "EventData.CommitTimeInMSec": "2360", "EventData.WatchdogTimeoutInMSec": "500"}
{"EventID": "1030", "Channel": "Microsoft-Windows-WFP/Operational", "Provider_Name": "Microsoft-Windows-WFP", "Computer": "DESKTOP-OFJ6N53", "TimeCreated": "2023-06-27 21:51:30.836889+00:00", "RecordID": "266", "Level": "3", "UserID": "S-1-5-19", "EventData.ProcessId": "2348", "EventData.TxnTimeInMSec": "766", "EventData.CommitTimeInMSec": "703", "EventData.WatchdogTimeoutInMSec": "500"}
{"EventID": "1030", "Channel": "Microsoft-Windows-WFP/Operational", "Provider_Name": "Microsoft-Windows-WFP", "Computer": "DESKTOP-OFJ6N53", "TimeCreated": "2023-06-29 09:25:38.028856+00:00", "RecordID": "267", "Level": "3", "UserID": "S-1-5-19", "EventData.ProcessId": "2348", "EventData.TxnTimeInMSec": "1781", "EventData.CommitTimeInMSec": "1781", "EventData.WatchdogTimeoutInMSec": "500"}
{"EventID": "1030", "Channel": "Microsoft-Windows-WFP/Operational", "Provider_Name": "Microsoft-Windows-WFP", "Computer": "DESKTOP-OFJ6N53", "TimeCreated": "2023-07-05 13:35:27.498468+00:00", "RecordID": "268", "Level": "3", "UserID": "S-1-5-19", "EventData.ProcessId": "2684", "EventData.TxnTimeInMSec": "5172", "EventData.CommitTimeInMSec": "5125", "EventData.WatchdogTimeoutInMSec": "500"}
{"EventID": "1030", "Channel": "Microsoft-Windows-WFP/Operational", "Provider_Name": "Microsoft-Windows-WFP", "Computer": "DESKTOP-OFJ6N53", "TimeCreated": "2023-07-10 09:15:03.152828+00:00", "RecordID": "269", "Level": "3", "UserID": "S-1-5-19", "EventData.ProcessId": "2320", "EventData.TxnTimeInMSec": "11735", "EventData.CommitTimeInMSec": "594", "EventData.WatchdogTimeoutInMSec": "500"}
{"EventID": "1030", "Channel": "Microsoft-Windows-WFP/Operational", "Provider_Name": "Microsoft-Windows-WFP", "Computer": "DESKTOP-OFJ6N53", "TimeCreated": "2023-07-10 13:44:40.731516+00:00", "RecordID": "270", "Level": "3", "UserID": "S-1-5-19", "EventData.ProcessId": "7284", "EventData.TxnTimeInMSec": "82547", "EventData.CommitTimeInMSec": "64984", "EventData.WatchdogTimeoutInMSec": "500"}
{"EventID": "1030", "Channel": "Microsoft-Windows-WFP/Operational", "Provider_Name": "Microsoft-Windows-WFP", "Computer": "DESKTOP-OFJ6N53", "TimeCreated": "2023-07-10 13:51:45.786848+00:00", "RecordID": "271", "Level": "3", "UserID": "S-1-5-19", "EventData.ProcessId": "3876", "EventData.TxnTimeInMSec": "625", "EventData.CommitTimeInMSec": "141", "EventData.WatchdogTimeoutInMSec": "500"}
{"EventID": "1030", "Channel": "Microsoft-Windows-WFP/Operational", "Provider_Name": "Microsoft-Windows-WFP", "Computer": "DESKTOP-OFJ6N53", "TimeCreated": "2023-07-11 07:16:14.448433+00:00", "RecordID": "272", "Level": "3", "UserID": "S-1-5-19", "EventData.ProcessId": "3876", "EventData.TxnTimeInMSec": "6391", "EventData.CommitTimeInMSec": "5516", "EventData.WatchdogTimeoutInMSec": "500"}
{"EventID": "1030", "Channel": "Microsoft-Windows-WFP/Operational", "Provider_Name": "Microsoft-Windows-WFP", "Computer": "DESKTOP-OFJ6N53", "TimeCreated": "2023-07-12 08:31:06.668043+00:00", "RecordID": "273", "Level": "3", "UserID": "S-1-5-19", "EventData.ProcessId": "6076", "EventData.TxnTimeInMSec": "1156", "EventData.CommitTimeInMSec": "1047", "EventData.WatchdogTimeoutInMSec": "500"}
{"EventID": "1030", "Channel": "Microsoft-Windows-WFP/Operational", "Provider_Name": "Microsoft-Windows-WFP", "Computer": "DESKTOP-OFJ6N53", "TimeCreated": "2023-07-12 10:44:41.213306+00:00", "RecordID": "274", "Level": "3", "UserID": "S-1-5-19", "EventData.ProcessId": "12004", "EventData.TxnTimeInMSec": "12984", "EventData.CommitTimeInMSec": "10812", "EventData.WatchdogTimeoutInMSec": "500"}
{"EventID": "1030", "Channel": "Microsoft-Windows-WFP/Operational", "Provider_Name": "Microsoft-Windows-WFP", "Computer": "DESKTOP-OFJ6N53", "TimeCreated": "2023-07-12 14:41:01.408224+00:00", "RecordID": "275", "Level": "3", "UserID": "S-1-5-19", "EventData.ProcessId": "0", "EventData.TxnTimeInMSec": "1234", "EventData.CommitTimeInMSec": "219", "EventData.WatchdogTimeoutInMSec": "500"}
{"EventID": "1030", "Channel": "Microsoft-Windows-WFP/Operational", "Provider_Name": "Microsoft-Windows-WFP", "Computer": "DESKTOP-OFJ6N53", "TimeCreated": "2023-07-13 07:32:31.880106+00:00", "RecordID": "276", "Level": "3", "UserID": "S-1-5-19", "EventData.ProcessId": "7876", "EventData.TxnTimeInMSec": "5531", "EventData.CommitTimeInMSec": "4953", "EventData.WatchdogTimeoutInMSec": "500"}
{"EventID": "1030", "Channel": "Microsoft-Windows-WFP/Operational", "Provider_Name": "Microsoft-Windows-WFP", "Computer": "DESKTOP-OFJ6N53", "TimeCreated": "2023-07-13 08:42:11.622086+00:00", "RecordID": "277", "Level": "3", "UserID": "S-1-5-19", "EventData.ProcessId": "3136", "EventData.TxnTimeInMSec": "781", "EventData.CommitTimeInMSec": "765", "EventData.WatchdogTimeoutInMSec": "500"}
{"EventID": "1030", "Channel": "Microsoft-Windows-WFP/Operational", "Provider_Name": "Microsoft-Windows-WFP", "Computer": "DESKTOP-OFJ6N53", "TimeCreated": "2023-10-27 14:40:48.888262+00:00", "RecordID": "278", "Level": "3", "UserID": "S-1-5-19", "EventData.ProcessId": "3208", "EventData.TxnTimeInMSec": "672", "EventData.CommitTimeInMSec": "0", "EventData.WatchdogTimeoutInMSec": "500"}
{"EventID": "1030", "Channel": "Microsoft-Windows-WFP/Operational", "Provider_Name": "Microsoft-Windows-WFP", "Computer": "DESKTOP-OFJ6N53", "TimeCreated": "2023-11-11 10:56:03.678173+00:00", "RecordID": "279", "Level": "3", "UserID": "S-1-5-19", "EventData.ProcessId": "3208", "EventData.TxnTimeInMSec": "515", "EventData.CommitTimeInMSec": "15", "EventData.WatchdogTimeoutInMSec": "500"}
{"EventID": "1030", "Channel": "Microsoft-Windows-WFP/Operational", "Provider_Name": "Microsoft-Windows-WFP", "Computer": "DESKTOP-OFJ6N53", "TimeCreated": "2023-11-20 14:30:26.040537+00:00", "RecordID": "280", "Level": "3", "UserID": "S-1-5-19", "EventData.ProcessId": "3208", "EventData.TxnTimeInMSec": "500", "EventData.CommitTimeInMSec": "485", "EventData.WatchdogTimeoutInMSec": "500"}
{"EventID": "1030", "Channel": "Microsoft-Windows-WFP/Operational", "Provider_Name": "Microsoft-Windows-WFP", "Computer": "DESKTOP-OFJ6N53", "TimeCreated": "2023-12-29 11:43:27.775698+00:00", "RecordID": "281", "Level": "3", "UserID": "S-1-5-19", "EventData.ProcessId": "3148", "EventData.TxnTimeInMSec": "3047", "EventData.CommitTimeInMSec": "3000", "EventData.WatchdogTimeoutInMSec": "500"}
{"EventID": "1030", "Channel": "Microsoft-Windows-WFP/Operational", "Provider_Name": "Microsoft-Windows-WFP", "Computer": "DESKTOP-OFJ6N53", "TimeCreated": "2023-12-29 14:44:43.198570+00:00", "RecordID": "282", "Level": "3", "UserID": "S-1-5-19", "EventData.ProcessId": "2620", "EventData.TxnTimeInMSec": "625", "EventData.CommitTimeInMSec": "0", "EventData.WatchdogTimeoutInMSec": "500"}
{"EventID": "1030", "Channel": "Microsoft-Windows-WFP/Operational", "Provider_Name": "Microsoft-Windows-WFP", "Computer": "DESKTOP-OFJ6N53", "TimeCreated": "2024-01-10 13:08:24.152584+00:00", "RecordID": "283", "Level": "3", "UserID": "S-1-5-19", "EventData.ProcessId": "2620", "EventData.TxnTimeInMSec": "969", "EventData.CommitTimeInMSec": "937", "EventData.WatchdogTimeoutInMSec": "500"}
{"EventID": "1030", "Channel": "Microsoft-Windows-WFP/Operational", "Provider_Name": "Microsoft-Windows-WFP", "Computer": "DESKTOP-OFJ6N53", "TimeCreated": "2024-01-10 13:09:30.941303+00:00", "RecordID": "284", "Level": "3", "UserID": "S-1-5-19", "EventData.ProcessId": "2620", "EventData.TxnTimeInMSec": "66734", "EventData.CommitTimeInMSec": "66672", "EventData.WatchdogTimeoutInMSec": "500"}
{"EventID": "1030", "Channel": "Microsoft-Windows-WFP/Operational", "Provider_Name": "Microsoft-Windows-WFP", "Computer": "DESKTOP-OFJ6N53", "TimeCreated": "2024-01-13 08:58:08.948940+00:00", "RecordID": "285", "Level": "3", "UserID": "S-1-5-19", "EventData.ProcessId": "3124", "EventData.TxnTimeInMSec": "516", "EventData.CommitTimeInMSec": "328", "EventData.WatchdogTimeoutInMSec": "500"}
{"EventID": "1030", "Channel": "Microsoft-Windows-WFP/Operational", "Provider_Name": "Microsoft-Windows-WFP", "Computer": "DESKTOP-OFJ6N53", "TimeCreated": "2024-01-13 08:58:12.495493+00:00", "RecordID": "286", "Level": "3", "UserID": "S-1-5-19", "EventData.ProcessId": "3124", "EventData.TxnTimeInMSec": "2797", "EventData.CommitTimeInMSec": "2797", "EventData.WatchdogTimeoutInMSec": "500"}
{"EventID": "1030", "Channel": "Microsoft-Windows-WFP/Operational", "Provider_Name": "Microsoft-Windows-WFP", "Computer": "DESKTOP-OFJ6N53", "TimeCreated": "2024-01-13 08:58:17.753656+00:00", "RecordID": "287", "Level": "3", "UserID": "S-1-5-19", "EventData.ProcessId": "3124", "EventData.TxnTimeInMSec": "1453", "EventData.CommitTimeInMSec": "1453", "EventData.WatchdogTimeoutInMSec": "500"}
{"EventID": "1030", "Channel": "Microsoft-Windows-WFP/Operational", "Provider_Name": "Microsoft-Windows-WFP", "Computer": "DESKTOP-OFJ6N53", "TimeCreated": "2024-01-16 14:19:36.216055+00:00", "RecordID": "288", "Level": "3", "UserID": "S-1-5-19", "EventData.ProcessId": "3124", "EventData.TxnTimeInMSec": "1047", "EventData.CommitTimeInMSec": "578", "EventData.WatchdogTimeoutInMSec": "500"}
{"EventID": "1030", "Channel": "Microsoft-Windows-WFP/Operational", "Provider_Name": "Microsoft-Windows-WFP", "Computer": "DESKTOP-OFJ6N53", "TimeCreated": "2024-01-16 14:19:40.778124+00:00", "RecordID": "289", "Level": "3", "UserID": "S-1-5-19", "EventData.ProcessId": "3124", "EventData.TxnTimeInMSec": "4360", "EventData.CommitTimeInMSec": "4297", "EventData.WatchdogTimeoutInMSec": "500"}
{"EventID": "1030", "Channel": "Microsoft-Windows-WFP/Operational", "Provider_Name": "Microsoft-Windows-WFP", "Computer": "DESKTOP-OFJ6N53", "TimeCreated": "2024-01-22 10:30:29.313658+00:00", "RecordID": "290", "Level": "3", "UserID": "S-1-5-19", "EventData.ProcessId": "3124", "EventData.TxnTimeInMSec": "1656", "EventData.CommitTimeInMSec": "47", "EventData.WatchdogTimeoutInMSec": "500"}
{"EventID": "1030", "Channel": "Microsoft-Windows-WFP/Operational", "Provider_Name": "Microsoft-Windows-WFP", "Computer": "DESKTOP-OFJ6N53", "TimeCreated": "2024-02-06 12:27:08.069750+00:00", "RecordID": "291", "Level": "3", "UserID": "S-1-5-19", "EventData.ProcessId": "2416", "EventData.TxnTimeInMSec": "500", "EventData.CommitTimeInMSec": "0", "EventData.WatchdogTimeoutInMSec": "500"}
{"EventID": "1030", "Channel": "Microsoft-Windows-WFP/Operational", "Provider_Name": "Microsoft-Windows-WFP", "Computer": "DESKTOP-OFJ6N53", "TimeCreated": "2024-02-08 13:17:48.803759+00:00", "RecordID": "292", "Level": "3", "UserID": "S-1-5-19", "EventData.ProcessId": "3124", "EventData.TxnTimeInMSec": "1250", "EventData.CommitTimeInMSec": "875", "EventData.WatchdogTimeoutInMSec": "500"}
{"EventID": "1030", "Channel": "Microsoft-Windows-WFP/Operational", "Provider_Name": "Microsoft-Windows-WFP", "Computer": "DESKTOP-OFJ6N53", "TimeCreated": "2024-02-09 10:29:09.064215+00:00", "RecordID": "293", "Level": "3", "UserID": "S-1-5-19", "EventData.ProcessId": "3124", "EventData.TxnTimeInMSec": "500", "EventData.CommitTimeInMSec": "454", "EventData.WatchdogTimeoutInMSec": "500"}
{"EventID": "1030", "Channel": "Microsoft-Windows-WFP/Operational", "Provider_Name": "Microsoft-Windows-WFP", "Computer": "DESKTOP-OFJ6N53", "TimeCreated": "2024-02-18 04:28:24.217224+00:00", "RecordID": "294", "Level": "3", "UserID": "S-1-5-19", "EventData.ProcessId": "688", "EventData.TxnTimeInMSec": "1000", "EventData.CommitTimeInMSec": "985", "EventData.WatchdogTimeoutInMSec": "500"}
{"EventID": "1030", "Channel": "Microsoft-Windows-WFP/Operational", "Provider_Name": "Microsoft-Windows-WFP", "Computer": "DESKTOP-OFJ6N53", "TimeCreated": "2024-03-07 00:29:43.135590+00:00", "RecordID": "295", "Level": "3", "UserID": "S-1-5-19", "EventData.ProcessId": "9796", "EventData.TxnTimeInMSec": "4078", "EventData.CommitTimeInMSec": "4062", "EventData.WatchdogTimeoutInMSec": "500"}
{"EventID": "1030", "Channel": "Microsoft-Windows-WFP/Operational", "Provider_Name": "Microsoft-Windows-WFP", "Computer": "DESKTOP-OFJ6N53", "TimeCreated": "2024-03-08 22:12:29.697544+00:00", "RecordID": "296", "Level": "3", "UserID": "S-1-5-19", "EventData.ProcessId": "3212", "EventData.TxnTimeInMSec": "984", "EventData.CommitTimeInMSec": "422", "EventData.WatchdogTimeoutInMSec": "500"}
{"EventID": "1030", "Channel": "Microsoft-Windows-WFP/Operational", "Provider_Name": "Microsoft-Windows-WFP", "Computer": "DESKTOP-OFJ6N53", "TimeCreated": "2024-03-11 11:41:26.498169+00:00", "RecordID": "297", "Level": "3", "UserID": "S-1-5-19", "EventData.ProcessId": "3212", "EventData.TxnTimeInMSec": "58328", "EventData.CommitTimeInMSec": "1000", "EventData.WatchdogTimeoutInMSec": "500"}
{"EventID": "1030", "Channel": "Microsoft-Windows-WFP/Operational", "Provider_Name": "Microsoft-Windows-WFP", "Computer": "DESKTOP-OFJ6N53", "TimeCreated": "2024-03-13 09:49:44.013628+00:00", "RecordID": "298", "Level": "3", "UserID": "S-1-5-19", "EventData.ProcessId": "2532", "EventData.TxnTimeInMSec": "797", "EventData.CommitTimeInMSec": "32", "EventData.WatchdogTimeoutInMSec": "500"}
{"EventID": "1030", "Channel": "Microsoft-Windows-WFP/Operational", "Provider_Name": "Microsoft-Windows-WFP", "Computer": "DESKTOP-OFJ6N53", "TimeCreated": "2024-03-13 18:10:35.223026+00:00", "RecordID": "299", "Level": "3", "UserID": "S-1-5-19", "EventData.ProcessId": "2532", "EventData.TxnTimeInMSec": "718", "EventData.CommitTimeInMSec": "312", "EventData.WatchdogTimeoutInMSec": "500"}
{"EventID": "1030", "Channel": "Microsoft-Windows-WFP/Operational", "Provider_Name": "Microsoft-Windows-WFP", "Computer": "DESKTOP-OFJ6N53", "TimeCreated": "2024-03-18 07:41:06.163586+00:00", "RecordID": "300", "Level": "3", "UserID": "S-1-5-19", "EventData.ProcessId": "2492", "EventData.TxnTimeInMSec": "3937", "EventData.CommitTimeInMSec": "15", "EventData.WatchdogTimeoutInMSec": "500"}
{"EventID": "1030", "Channel": "Microsoft-Windows-WFP/Operational", "Provider_Name": "Microsoft-Windows-WFP", "Computer": "DESKTOP-OFJ6N53", "TimeCreated": "2024-03-18 07:41:06.999201+00:00", "RecordID": "301", "Level": "3", "UserID": "S-1-5-19", "EventData.ProcessId": "2492", "EventData.TxnTimeInMSec": "781", "EventData.CommitTimeInMSec": "0", "EventData.WatchdogTimeoutInMSec": "500"}
{"EventID": "1030", "Channel": "Microsoft-Windows-WFP/Operational", "Provider_Name": "Microsoft-Windows-WFP", "Computer": "DESKTOP-OFJ6N53", "TimeCreated": "2024-03-19 08:28:23.265553+00:00", "RecordID": "302", "Level": "3", "UserID": "S-1-5-19", "EventData.ProcessId": "2532", "EventData.TxnTimeInMSec": "703", "EventData.CommitTimeInMSec": "0", "EventData.WatchdogTimeoutInMSec": "500"}
{"EventID": "1030", "Channel": "Microsoft-Windows-WFP/Operational", "Provider_Name": "Microsoft-Windows-WFP", "Computer": "DESKTOP-OFJ6N53", "TimeCreated": "2024-03-21 14:04:55.652748+00:00", "RecordID": "303", "Level": "3", "UserID": "S-1-5-19", "EventData.ProcessId": "2532", "EventData.TxnTimeInMSec": "579", "EventData.CommitTimeInMSec": "579", "EventData.WatchdogTimeoutInMSec": "500"}
{"EventID": "1030", "Channel": "Microsoft-Windows-WFP/Operational", "Provider_Name": "Microsoft-Windows-WFP", "Computer": "DESKTOP-OFJ6N53", "TimeCreated": "2024-04-08 13:30:38.243120+00:00", "RecordID": "304", "Level": "3", "UserID": "S-1-5-19", "EventData.ProcessId": "2532", "EventData.TxnTimeInMSec": "45047", "EventData.CommitTimeInMSec": "45000", "EventData.WatchdogTimeoutInMSec": "500"}
{"EventID": "1030", "Channel": "Microsoft-Windows-WFP/Operational", "Provider_Name": "Microsoft-Windows-WFP", "Computer": "DESKTOP-OFJ6N53", "TimeCreated": "2024-04-12 02:53:09.272558+00:00", "RecordID": "305", "Level": "3", "UserID": "S-1-5-19", "EventData.ProcessId": "0", "EventData.TxnTimeInMSec": "922", "EventData.CommitTimeInMSec": "125", "EventData.WatchdogTimeoutInMSec": "500"}
{"EventID": "1030", "Channel": "Microsoft-Windows-WFP/Operational", "Provider_Name": "Microsoft-Windows-WFP", "Computer": "DESKTOP-OFJ6N53", "TimeCreated": "2024-04-15 22:16:30.750341+00:00", "RecordID": "306", "Level": "3", "UserID": "S-1-5-19", "EventData.ProcessId": "2396", "EventData.TxnTimeInMSec": "3735", "EventData.CommitTimeInMSec": "3516", "EventData.WatchdogTimeoutInMSec": "500"}
{"EventID": "1030", "Channel": "Microsoft-Windows-WFP/Operational", "Provider_Name": "Microsoft-Windows-WFP", "Computer": "DESKTOP-OFJ6N53", "TimeCreated": "2024-04-21 18:40:38.083708+00:00", "RecordID": "307", "Level": "3", "UserID": "S-1-5-19", "EventData.ProcessId": "3192", "EventData.TxnTimeInMSec": "609", "EventData.CommitTimeInMSec": "469", "EventData.WatchdogTimeoutInMSec": "500"}
{"EventID": "1030", "Channel": "Microsoft-Windows-WFP/Operational", "Provider_Name": "Microsoft-Windows-WFP", "Computer": "DESKTOP-OFJ6N53", "TimeCreated": "2024-04-21 18:41:05.492914+00:00", "RecordID": "308", "Level": "3", "UserID": "S-1-5-19", "EventData.ProcessId": "3192", "EventData.TxnTimeInMSec": "25265", "EventData.CommitTimeInMSec": "25265", "EventData.WatchdogTimeoutInMSec": "500"}
{"EventID": "1030", "Channel": "Microsoft-Windows-WFP/Operational", "Provider_Name": "Microsoft-Windows-WFP", "Computer": "DESKTOP-OFJ6N53", "TimeCreated": "2024-04-22 15:44:58.952299+00:00", "RecordID": "309", "Level": "3", "UserID": "S-1-5-19", "EventData.ProcessId": "3192", "EventData.TxnTimeInMSec": "531", "EventData.CommitTimeInMSec": "203", "EventData.WatchdogTimeoutInMSec": "500"}
{"EventID": "1030", "Channel": "Microsoft-Windows-WFP/Operational", "Provider_Name": "Microsoft-Windows-WFP", "Computer": "DESKTOP-OFJ6N53", "TimeCreated": "2024-04-23 10:46:19.476316+00:00", "RecordID": "310", "Level": "3", "UserID": "S-1-5-19", "EventData.ProcessId": "3192", "EventData.TxnTimeInMSec": "734", "EventData.CommitTimeInMSec": "515", "EventData.WatchdogTimeoutInMSec": "500"}
{"EventID": "1030", "Channel": "Microsoft-Windows-WFP/Operational", "Provider_Name": "Microsoft-Windows-WFP", "Computer": "DESKTOP-OFJ6N53", "TimeCreated": "2024-04-23 10:46:20.839792+00:00", "RecordID": "311", "Level": "3", "UserID": "S-1-5-19", "EventData.ProcessId": "3192", "EventData.TxnTimeInMSec": "921", "EventData.CommitTimeInMSec": "62", "EventData.WatchdogTimeoutInMSec": "500"}
{"EventID": "1030", "Channel": "Microsoft-Windows-WFP/Operational", "Provider_Name": "Microsoft-Windows-WFP", "Computer": "DESKTOP-OFJ6N53", "TimeCreated": "2024-04-26 10:40:09.499956+00:00", "RecordID": "312", "Level": "3", "UserID": "S-1-5-19", "EventData.ProcessId": "3176", "EventData.TxnTimeInMSec": "688", "EventData.CommitTimeInMSec": "375", "EventData.WatchdogTimeoutInMSec": "500"}
{"EventID": "1030", "Channel": "Microsoft-Windows-WFP/Operational", "Provider_Name": "Microsoft-Windows-WFP", "Computer": "DESKTOP-OFJ6N53", "TimeCreated": "2024-04-29 10:31:07.719528+00:00", "RecordID": "313", "Level": "3", "UserID": "S-1-5-19", "EventData.ProcessId": "3176", "EventData.TxnTimeInMSec": "734", "EventData.CommitTimeInMSec": "31", "EventData.WatchdogTimeoutInMSec": "500"}
{"EventID": "1030", "Channel": "Microsoft-Windows-WFP/Operational", "Provider_Name": "Microsoft-Windows-WFP", "Computer": "DESKTOP-OFJ6N53", "TimeCreated": "2024-05-02 09:22:48.169559+00:00", "RecordID": "314", "Level": "3", "UserID": "S-1-5-19", "EventData.ProcessId": "2492", "EventData.TxnTimeInMSec": "4078", "EventData.CommitTimeInMSec": "47", "EventData.WatchdogTimeoutInMSec": "500"}
{"EventID": "1030", "Channel": "Microsoft-Windows-WFP/Operational", "Provider_Name": "Microsoft-Windows-WFP", "Computer": "DESKTOP-OFJ6N53", "TimeCreated": "2024-05-06 13:20:08.504322+00:00", "RecordID": "315", "Level": "3", "UserID": "S-1-5-19", "EventData.ProcessId": "11776", "EventData.TxnTimeInMSec": "1218", "EventData.CommitTimeInMSec": "1172", "EventData.WatchdogTimeoutInMSec": "500"}
{"EventID": "1030", "Channel": "Microsoft-Windows-WFP/Operational", "Provider_Name": "Microsoft-Windows-WFP", "Computer": "DESKTOP-OFJ6N53", "TimeCreated": "2024-05-13 14:06:48.623730+00:00", "RecordID": "316", "Level": "3", "UserID": "S-1-5-19", "EventData.ProcessId": "14820", "EventData.TxnTimeInMSec": "14875", "EventData.CommitTimeInMSec": "14375", "EventData.WatchdogTimeoutInMSec": "500"}
{"EventID": "1030", "Channel": "Microsoft-Windows-WFP/Operational", "Provider_Name": "Microsoft-Windows-WFP", "Computer": "DESKTOP-OFJ6N53", "TimeCreated": "2024-05-13 22:10:32.252068+00:00", "RecordID": "317", "Level": "3", "UserID": "S-1-5-19", "EventData.ProcessId": "5796", "EventData.TxnTimeInMSec": "688", "EventData.CommitTimeInMSec": "453", "EventData.WatchdogTimeoutInMSec": "500"}
{"EventID": "1030", "Channel": "Microsoft-Windows-WFP/Operational", "Provider_Name": "Microsoft-Windows-WFP", "Computer": "DESKTOP-OFJ6N53", "TimeCreated": "2024-05-14 09:13:39.914520+00:00", "RecordID": "318", "Level": "3", "UserID": "S-1-5-19", "EventData.ProcessId": "2600", "EventData.TxnTimeInMSec": "625", "EventData.CommitTimeInMSec": "609", "EventData.WatchdogTimeoutInMSec": "500"}
{"EventID": "1030", "Channel": "Microsoft-Windows-WFP/Operational", "Provider_Name": "Microsoft-Windows-WFP", "Computer": "DESKTOP-OFJ6N53", "TimeCreated": "2024-05-14 09:15:04.209827+00:00", "RecordID": "319", "Level": "3", "UserID": "S-1-5-19", "EventData.ProcessId": "11236", "EventData.TxnTimeInMSec": "640", "EventData.CommitTimeInMSec": "0", "EventData.WatchdogTimeoutInMSec": "500"}
{"EventID": "1030", "Channel": "Microsoft-Windows-WFP/Operational", "Provider_Name": "Microsoft-Windows-WFP", "Computer": "DESKTOP-OFJ6N53", "TimeCreated": "2024-05-14 15:33:32.151955+00:00", "RecordID": "320", "Level": "3", "UserID": "S-1-5-19", "EventData.ProcessId": "11236", "EventData.TxnTimeInMSec": "3078", "EventData.CommitTimeInMSec": "2625", "EventData.WatchdogTimeoutInMSec": "500"}
{"EventID": "1030", "Channel": "Microsoft-Windows-WFP/Operational", "Provider_Name": "Microsoft-Windows-WFP", "Computer": "DESKTOP-OFJ6N53", "TimeCreated": "2024-05-15 13:13:18.106434+00:00", "RecordID": "321", "Level": "3", "UserID": "S-1-5-19", "EventData.ProcessId": "4416", "EventData.TxnTimeInMSec": "640", "EventData.CommitTimeInMSec": "640", "EventData.WatchdogTimeoutInMSec": "500"}
{"EventID": "1030", "Channel": "Microsoft-Windows-WFP/Operational", "Provider_Name": "Microsoft-Windows-WFP", "Computer": "DESKTOP-OFJ6N53", "TimeCreated": "2024-05-15 13:15:22.219254+00:00", "RecordID": "322", "Level": "3", "UserID": "S-1-5-19", "EventData.ProcessId": "7756", "EventData.TxnTimeInMSec": "578", "EventData.CommitTimeInMSec": "578", "EventData.WatchdogTimeoutInMSec": "500"}
{"EventID": "1030", "Channel": "Microsoft-Windows-WFP/Operational", "Provider_Name": "Microsoft-Windows-WFP", "Computer": "DESKTOP-OFJ6N53", "TimeCreated": "2024-05-15 13:37:01.862957+00:00", "RecordID": "323", "Level": "3", "UserID": "S-1-5-19", "EventData.ProcessId": "4", "EventData.TxnTimeInMSec": "734", "EventData.CommitTimeInMSec": "719", "EventData.WatchdogTimeoutInMSec": "500"}
{"EventID": "1030", "Channel": "Microsoft-Windows-WFP/Operational", "Provider_Name": "Microsoft-Windows-WFP", "Computer": "DESKTOP-OFJ6N53", "TimeCreated": "2024-05-15 13:55:27.127459+00:00", "RecordID": "324", "Level": "3", "UserID": "S-1-5-19", "EventData.ProcessId": "1712", "EventData.TxnTimeInMSec": "969", "EventData.CommitTimeInMSec": "16", "EventData.WatchdogTimeoutInMSec": "500"}
{"EventID": "1030", "Channel": "Microsoft-Windows-WFP/Operational", "Provider_Name": "Microsoft-Windows-WFP", "Computer": "DESKTOP-OFJ6N53", "TimeCreated": "2024-05-15 14:06:15.018425+00:00", "RecordID": "325", "Level": "3", "UserID": "S-1-5-19", "EventData.ProcessId": "1712", "EventData.TxnTimeInMSec": "703", "EventData.CommitTimeInMSec": "688", "EventData.WatchdogTimeoutInMSec": "500"}
{"EventID": "1030", "Channel": "Microsoft-Windows-WFP/Operational", "Provider_Name": "Microsoft-Windows-WFP", "Computer": "DESKTOP-OFJ6N53", "TimeCreated": "2024-05-15 14:06:29.238142+00:00", "RecordID": "326", "Level": "3", "UserID": "S-1-5-19", "EventData.ProcessId": "1712", "EventData.TxnTimeInMSec": "797", "EventData.CommitTimeInMSec": "797", "EventData.WatchdogTimeoutInMSec": "500"}
{"EventID": "1030", "Channel": "Microsoft-Windows-WFP/Operational", "Provider_Name": "Microsoft-Windows-WFP", "Computer": "DESKTOP-OFJ6N53", "TimeCreated": "2024-05-16 22:58:04.732613+00:00", "RecordID": "327", "Level": "3", "UserID": "S-1-5-19", "EventData.ProcessId": "1712", "EventData.TxnTimeInMSec": "4234", "EventData.CommitTimeInMSec": "4156", "EventData.WatchdogTimeoutInMSec": "500"}
{"EventID": "1030", "Channel": "Microsoft-Windows-WFP/Operational", "Provider_Name": "Microsoft-Windows-WFP", "Computer": "DESKTOP-OFJ6N53", "TimeCreated": "2024-05-18 09:37:02.151430+00:00", "RecordID": "328", "Level": "3", "UserID": "S-1-5-19", "EventData.ProcessId": "1712", "EventData.TxnTimeInMSec": "594", "EventData.CommitTimeInMSec": "109", "EventData.WatchdogTimeoutInMSec": "500"}
{"EventID": "1030", "Channel": "Microsoft-Windows-WFP/Operational", "Provider_Name": "Microsoft-Windows-WFP", "Computer": "DESKTOP-OFJ6N53", "TimeCreated": "2024-05-18 21:07:04.103683+00:00", "RecordID": "329", "Level": "3", "UserID": "S-1-5-19", "EventData.ProcessId": "1712", "EventData.TxnTimeInMSec": "672", "EventData.CommitTimeInMSec": "406", "EventData.WatchdogTimeoutInMSec": "500"}
{"EventID": "1030", "Channel": "Microsoft-Windows-WFP/Operational", "Provider_Name": "Microsoft-Windows-WFP", "Computer": "DESKTOP-OFJ6N53", "TimeCreated": "2024-05-20 23:37:08.381897+00:00", "RecordID": "330", "Level": "3", "UserID": "S-1-5-19", "EventData.ProcessId": "1712", "EventData.TxnTimeInMSec": "625", "EventData.CommitTimeInMSec": "609", "EventData.WatchdogTimeoutInMSec": "500"}
{"EventID": "1030", "Channel": "Microsoft-Windows-WFP/Operational", "Provider_Name": "Microsoft-Windows-WFP", "Computer": "DESKTOP-OFJ6N53", "TimeCreated": "2024-05-21 10:08:54.102306+00:00", "RecordID": "331", "Level": "3", "UserID": "S-1-5-19", "EventData.ProcessId": "1712", "EventData.TxnTimeInMSec": "40219", "EventData.CommitTimeInMSec": "40203", "EventData.WatchdogTimeoutInMSec": "500"}
{"EventID": "1030", "Channel": "Microsoft-Windows-WFP/Operational", "Provider_Name": "Microsoft-Windows-WFP", "Computer": "DESKTOP-OFJ6N53", "TimeCreated": "2024-05-23 09:07:13.235363+00:00", "RecordID": "332", "Level": "3", "UserID": "S-1-5-19", "EventData.ProcessId": "1712", "EventData.TxnTimeInMSec": "1578", "EventData.CommitTimeInMSec": "1484", "EventData.WatchdogTimeoutInMSec": "500"}
{"EventID": "1030", "Channel": "Microsoft-Windows-WFP/Operational", "Provider_Name": "Microsoft-Windows-WFP", "Computer": "DESKTOP-OFJ6N53", "TimeCreated": "2024-05-24 13:01:38.105162+00:00", "RecordID": "333", "Level": "3", "UserID": "S-1-5-19", "EventData.ProcessId": "2216", "EventData.TxnTimeInMSec": "9328", "EventData.CommitTimeInMSec": "125", "EventData.WatchdogTimeoutInMSec": "500"}
{"EventID": "1030", "Channel": "Microsoft-Windows-WFP/Operational", "Provider_Name": "Microsoft-Windows-WFP", "Computer": "DESKTOP-OFJ6N53", "TimeCreated": "2024-05-24 13:01:40.037846+00:00", "RecordID": "334", "Level": "3", "UserID": "S-1-5-19", "EventData.ProcessId": "2216", "EventData.TxnTimeInMSec": "1750", "EventData.CommitTimeInMSec": "0", "EventData.WatchdogTimeoutInMSec": "500"}
{"EventID": "1030", "Channel": "Microsoft-Windows-WFP/Operational", "Provider_Name": "Microsoft-Windows-WFP", "Computer": "DESKTOP-OFJ6N53", "TimeCreated": "2024-05-29 08:11:02.831797+00:00", "RecordID": "335", "Level": "3", "UserID": "S-1-5-19", "EventData.ProcessId": "2216", "EventData.TxnTimeInMSec": "59000", "EventData.CommitTimeInMSec": "15", "EventData.WatchdogTimeoutInMSec": "500"}
{"EventID": "1030", "Channel": "Microsoft-Windows-WFP/Operational", "Provider_Name": "Microsoft-Windows-WFP", "Computer": "DESKTOP-OFJ6N53", "TimeCreated": "2024-05-29 08:11:03.872339+00:00", "RecordID": "336", "Level": "3", "UserID": "S-1-5-19", "EventData.ProcessId": "1712", "EventData.TxnTimeInMSec": "1032", "EventData.CommitTimeInMSec": "203", "EventData.WatchdogTimeoutInMSec": "500"}
{"EventID": "1030", "Channel": "Microsoft-Windows-WFP/Operational", "Provider_Name": "Microsoft-Windows-WFP", "Computer": "DESKTOP-OFJ6N53", "TimeCreated": "2024-05-29 08:11:04.751474+00:00", "RecordID": "337", "Level": "3", "UserID": "S-1-5-19", "EventData.ProcessId": "1712", "EventData.TxnTimeInMSec": "797", "EventData.CommitTimeInMSec": "797", "EventData.WatchdogTimeoutInMSec": "500"}
{"EventID": "1030", "Channel": "Microsoft-Windows-WFP/Operational", "Provider_Name": "Microsoft-Windows-WFP", "Computer": "DESKTOP-OFJ6N53", "TimeCreated": "2024-05-29 08:11:12.922152+00:00", "RecordID": "338", "Level": "3", "UserID": "S-1-5-19", "EventData.ProcessId": "2216", "EventData.TxnTimeInMSec": "7125", "EventData.CommitTimeInMSec": "15", "EventData.WatchdogTimeoutInMSec": "500"}
{"EventID": "1030", "Channel": "Microsoft-Windows-WFP/Operational", "Provider_Name": "Microsoft-Windows-WFP", "Computer": "DESKTOP-OFJ6N53", "TimeCreated": "2024-05-30 15:06:03.441521+00:00", "RecordID": "339", "Level": "3", "UserID": "S-1-5-19", "EventData.ProcessId": "1712", "EventData.TxnTimeInMSec": "1719", "EventData.CommitTimeInMSec": "0", "EventData.WatchdogTimeoutInMSec": "500"}
{"EventID": "1030", "Channel": "Microsoft-Windows-WFP/Operational", "Provider_Name": "Microsoft-Windows-WFP", "Computer": "DESKTOP-OFJ6N53", "TimeCreated": "2024-06-04 21:59:36.565226+00:00", "RecordID": "340", "Level": "3", "UserID": "S-1-5-19", "EventData.ProcessId": "2300", "EventData.TxnTimeInMSec": "13407", "EventData.CommitTimeInMSec": "13375", "EventData.WatchdogTimeoutInMSec": "500"}
{"EventID": "1030", "Channel": "Microsoft-Windows-WFP/Operational", "Provider_Name": "Microsoft-Windows-WFP", "Computer": "DESKTOP-OFJ6N53", "TimeCreated": "2024-06-27 15:22:08.071959+00:00", "RecordID": "341", "Level": "3", "UserID": "S-1-5-19", "EventData.ProcessId": "2228", "EventData.TxnTimeInMSec": "1235", "EventData.CommitTimeInMSec": "1219", "EventData.WatchdogTimeoutInMSec": "500"}
{"EventID": "1030", "Channel": "Microsoft-Windows-WFP/Operational", "Provider_Name": "Microsoft-Windows-WFP", "Computer": "DESKTOP-OFJ6N53", "TimeCreated": "2024-06-29 20:32:04.678143+00:00", "RecordID": "342", "Level": "3", "UserID": "S-1-5-19", "EventData.ProcessId": "2228", "EventData.TxnTimeInMSec": "6156", "EventData.CommitTimeInMSec": "6125", "EventData.WatchdogTimeoutInMSec": "500"}
{"EventID": "1030", "Channel": "Microsoft-Windows-WFP/Operational", "Provider_Name": "Microsoft-Windows-WFP", "Computer": "DESKTOP-OFJ6N53", "TimeCreated": "2024-07-01 21:01:49.986710+00:00", "RecordID": "343", "Level": "3", "UserID": "S-1-5-19", "EventData.ProcessId": "6848", "EventData.TxnTimeInMSec": "9812", "EventData.CommitTimeInMSec": "6297", "EventData.WatchdogTimeoutInMSec": "500"}
{"EventID": "1030", "Channel": "Microsoft-Windows-WFP/Operational", "Provider_Name": "Microsoft-Windows-WFP", "Computer": "DESKTOP-OFJ6N53", "TimeCreated": "2024-07-02 13:24:58.532274+00:00", "RecordID": "344", "Level": "3", "UserID": "S-1-5-19", "EventData.ProcessId": "9468", "EventData.TxnTimeInMSec": "1171", "EventData.CommitTimeInMSec": "609", "EventData.WatchdogTimeoutInMSec": "500"}
{"EventID": "1030", "Channel": "Microsoft-Windows-WFP/Operational", "Provider_Name": "Microsoft-Windows-WFP", "Computer": "DESKTOP-OFJ6N53", "TimeCreated": "2024-07-02 13:25:26.870100+00:00", "RecordID": "345", "Level": "3", "UserID": "S-1-5-19", "EventData.ProcessId": "1296", "EventData.TxnTimeInMSec": "547", "EventData.CommitTimeInMSec": "0", "EventData.WatchdogTimeoutInMSec": "500"}
{"EventID": "1030", "Channel": "Microsoft-Windows-WFP/Operational", "Provider_Name": "Microsoft-Windows-WFP", "Computer": "DESKTOP-OFJ6N53", "TimeCreated": "2024-07-02 19:22:57.404293+00:00", "RecordID": "346", "Level": "3", "UserID": "S-1-5-19", "EventData.ProcessId": "1296", "EventData.TxnTimeInMSec": "656", "EventData.CommitTimeInMSec": "31", "EventData.WatchdogTimeoutInMSec": "500"}
{"EventID": "1030", "Channel": "Microsoft-Windows-WFP/Operational", "Provider_Name": "Microsoft-Windows-WFP", "Computer": "DESKTOP-OFJ6N53", "TimeCreated": "2024-07-02 23:09:02.580145+00:00", "RecordID": "347", "Level": "3", "UserID": "S-1-5-19", "EventData.ProcessId": "12164", "EventData.TxnTimeInMSec": "4344", "EventData.CommitTimeInMSec": "2891", "EventData.WatchdogTimeoutInMSec": "500"}
{"EventID": "1030", "Channel": "Microsoft-Windows-WFP/Operational", "Provider_Name": "Microsoft-Windows-WFP", "Computer": "DESKTOP-OFJ6N53", "TimeCreated": "2024-07-24 14:10:41.884312+00:00", "RecordID": "348", "Level": "3", "UserID": "S-1-5-19", "EventData.ProcessId": "2460", "EventData.TxnTimeInMSec": "656", "EventData.CommitTimeInMSec": "625", "EventData.WatchdogTimeoutInMSec": "500"}
{"EventID": "1030", "Channel": "Microsoft-Windows-WFP/Operational", "Provider_Name": "Microsoft-Windows-WFP", "Computer": "DESKTOP-OFJ6N53", "TimeCreated": "2025-03-07 15:04:08.049561+00:00", "RecordID": "349", "Level": "3", "UserID": "S-1-5-19", "EventData.ProcessId": "3484", "EventData.TxnTimeInMSec": "515", "EventData.CommitTimeInMSec": "500", "EventData.WatchdogTimeoutInMSec": "500"}
{"EventID": "1030", "Channel": "Microsoft-Windows-WFP/Operational", "Provider_Name": "Microsoft-Windows-WFP", "Computer": "DESKTOP-OFJ6N53", "TimeCreated": "2025-03-11 20:17:32.351082+00:00", "RecordID": "350", "Level": "3", "UserID": "S-1-5-19", "EventData.ProcessId": "2532", "EventData.TxnTimeInMSec": "516", "EventData.CommitTimeInMSec": "516", "EventData.WatchdogTimeoutInMSec": "500"}
{"EventID": "1030", "Channel": "Microsoft-Windows-WFP/Operational", "Provider_Name": "Microsoft-Windows-WFP", "Computer": "DESKTOP-OFJ6N53", "TimeCreated": "2025-03-21 15:15:22.188540+00:00", "RecordID": "351", "Level": "3", "UserID": "S-1-5-19", "EventData.ProcessId": "2532", "EventData.TxnTimeInMSec": "516", "EventData.CommitTimeInMSec": "406", "EventData.WatchdogTimeoutInMSec": "500"}
