{"EventID": "104", "Channel": "Microsoft-Windows-SmartCard-DeviceEnum/Operational", "Provider_Name": "Microsoft-Windows-SmartCard-DeviceEnum", "Computer": "DESKTOP-OFJ6N53", "TimeCreated": "2025-08-21 11:02:40.730890+00:00", "RecordID": "7675", "Level": "4", "UserID": "S-1-5-18"}
{"EventID": "101", "Channel": "Microsoft-Windows-SmartCard-DeviceEnum/Operational", "Provider_Name": "Microsoft-Windows-SmartCard-DeviceEnum", "Computer": "DESKTOP-OFJ6N53", "TimeCreated": "2025-08-21 11:07:05.657345+00:00", "RecordID": "7676", "Level": "4", "UserID": "S-1-5-18", "EventData.InstancePath": "SWD\\ScDeviceEnumBus\\1", "EventData.SessionId": "0"}
{"EventID": "101", "Channel": "Microsoft-Windows-SmartCard-DeviceEnum/Operational", "Provider_Name": "Microsoft-Windows-SmartCard-DeviceEnum", "Computer": "DESKTOP-OFJ6N53", "TimeCreated": "2025-08-21 11:07:05.657368+00:00", "RecordID": "7677", "Level": "4", "UserID": "S-1-5-18", "EventData.InstancePath": "SWD\\ScDeviceEnumBus\\0", "EventData.SessionId": "0"}
{"EventID": "103", "Channel": "Microsoft-Windows-SmartCard-DeviceEnum/Operational", "Provider_Name": "Microsoft-Windows-SmartCard-DeviceEnum", "Computer": "DESKTOP-OFJ6N53", "TimeCreated": "2025-08-21 11:07:05.676758+00:00", "RecordID": "7678", "Level": "4", "UserID": "S-1-5-18"}
{"EventID": "104", "Channel": "Microsoft-Windows-SmartCard-DeviceEnum/Operational", "Provider_Name": "Microsoft-Windows-SmartCard-DeviceEnum", "Computer": "DESKTOP-OFJ6N53", "TimeCreated": "2025-08-21 11:19:20.446196+00:00", "RecordID": "7679", "Level": "4", "UserID": "S-1-5-18"}
{"EventID": "101", "Channel": "Microsoft-Windows-SmartCard-DeviceEnum/Operational", "Provider_Name": "Microsoft-Windows-SmartCard-DeviceEnum", "Computer": "DESKTOP-OFJ6N53", "TimeCreated": "2025-08-21 11:26:42.602676+00:00", "RecordID": "7680", "Level": "4", "UserID": "S-1-5-18", "EventData.InstancePath": "SWD\\ScDeviceEnumBus\\1", "EventData.SessionId": "0"}
{"EventID": "101", "Channel": "Microsoft-Windows-SmartCard-DeviceEnum/Operational", "Provider_Name": "Microsoft-Windows-SmartCard-DeviceEnum", "Computer": "DESKTOP-OFJ6N53", "TimeCreated": "2025-08-21 11:26:42.602695+00:00", "RecordID": "7681", "Level": "4", "UserID": "S-1-5-18", "EventData.InstancePath": "SWD\\ScDeviceEnumBus\\0", "EventData.SessionId": "0"}
{"EventID": "103", "Channel": "Microsoft-Windows-SmartCard-DeviceEnum/Operational", "Provider_Name": "Microsoft-Windows-SmartCard-DeviceEnum", "Computer": "DESKTOP-OFJ6N53", "TimeCreated": "2025-08-21 11:26:42.630093+00:00", "RecordID": "7682", "Level": "4", "UserID": "S-1-5-18"}
{"EventID": "104", "Channel": "Microsoft-Windows-SmartCard-DeviceEnum/Operational", "Provider_Name": "Microsoft-Windows-SmartCard-DeviceEnum", "Computer": "DESKTOP-OFJ6N53", "TimeCreated": "2025-08-21 12:11:19.705647+00:00", "RecordID": "7683", "Level": "4", "UserID": "S-1-5-18"}
{"EventID": "101", "Channel": "Microsoft-Windows-SmartCard-DeviceEnum/Operational", "Provider_Name": "Microsoft-Windows-SmartCard-DeviceEnum", "Computer": "DESKTOP-OFJ6N53", "TimeCreated": "2025-08-21 12:23:31.441555+00:00", "RecordID": "7684", "Level": "4", "UserID": "S-1-5-18", "EventData.InstancePath": "SWD\\ScDeviceEnumBus\\1", "EventData.SessionId": "0"}
{"EventID": "101", "Channel": "Microsoft-Windows-SmartCard-DeviceEnum/Operational", "Provider_Name": "Microsoft-Windows-SmartCard-DeviceEnum", "Computer": "DESKTOP-OFJ6N53", "TimeCreated": "2025-08-21 12:23:31.441574+00:00", "RecordID": "7685", "Level": "4", "UserID": "S-1-5-18", "EventData.InstancePath": "SWD\\ScDeviceEnumBus\\0", "EventData.SessionId": "0"}
{"EventID": "103", "Channel": "Microsoft-Windows-SmartCard-DeviceEnum/Operational", "Provider_Name": "Microsoft-Windows-SmartCard-DeviceEnum", "Computer": "DESKTOP-OFJ6N53", "TimeCreated": "2025-08-21 12:23:31.601194+00:00", "RecordID": "7686", "Level": "4", "UserID": "S-1-5-18"}
{"EventID": "104", "Channel": "Microsoft-Windows-SmartCard-DeviceEnum/Operational", "Provider_Name": "Microsoft-Windows-SmartCard-DeviceEnum", "Computer": "DESKTOP-OFJ6N53", "TimeCreated": "2025-08-21 13:12:53.510180+00:00", "RecordID": "7687", "Level": "4", "UserID": "S-1-5-18"}
{"EventID": "101", "Channel": "Microsoft-Windows-SmartCard-DeviceEnum/Operational", "Provider_Name": "Microsoft-Windows-SmartCard-DeviceEnum", "Computer": "DESKTOP-OFJ6N53", "TimeCreated": "2025-08-21 13:26:19.522997+00:00", "RecordID": "7688", "Level": "4", "UserID": "S-1-5-18", "EventData.InstancePath": "SWD\\ScDeviceEnumBus\\1", "EventData.SessionId": "0"}
{"EventID": "101", "Channel": "Microsoft-Windows-SmartCard-DeviceEnum/Operational", "Provider_Name": "Microsoft-Windows-SmartCard-DeviceEnum", "Computer": "DESKTOP-OFJ6N53", "TimeCreated": "2025-08-21 13:26:19.523020+00:00", "RecordID": "7689", "Level": "4", "UserID": "S-1-5-18", "EventData.InstancePath": "SWD\\ScDeviceEnumBus\\0", "EventData.SessionId": "0"}
{"EventID": "103", "Channel": "Microsoft-Windows-SmartCard-DeviceEnum/Operational", "Provider_Name": "Microsoft-Windows-SmartCard-DeviceEnum", "Computer": "DESKTOP-OFJ6N53", "TimeCreated": "2025-08-21 13:26:19.616417+00:00", "RecordID": "7690", "Level": "4", "UserID": "S-1-5-18"}
{"EventID": "104", "Channel": "Microsoft-Windows-SmartCard-DeviceEnum/Operational", "Provider_Name": "Microsoft-Windows-SmartCard-DeviceEnum", "Computer": "DESKTOP-OFJ6N53", "TimeCreated": "2025-08-21 14:26:52.830246+00:00", "RecordID": "7691", "Level": "4", "UserID": "S-1-5-18"}
{"EventID": "101", "Channel": "Microsoft-Windows-SmartCard-DeviceEnum/Operational", "Provider_Name": "Microsoft-Windows-SmartCard-DeviceEnum", "Computer": "DESKTOP-OFJ6N53", "TimeCreated": "2025-08-21 14:44:12.171692+00:00", "RecordID": "7692", "Level": "4", "UserID": "S-1-5-18", "EventData.InstancePath": "SWD\\ScDeviceEnumBus\\1", "EventData.SessionId": "0"}
{"EventID": "101", "Channel": "Microsoft-Windows-SmartCard-DeviceEnum/Operational", "Provider_Name": "Microsoft-Windows-SmartCard-DeviceEnum", "Computer": "DESKTOP-OFJ6N53", "TimeCreated": "2025-08-21 14:44:12.172338+00:00", "RecordID": "7693", "Level": "4", "UserID": "S-1-5-18", "EventData.InstancePath": "SWD\\ScDeviceEnumBus\\0", "EventData.SessionId": "0"}
{"EventID": "103", "Channel": "Microsoft-Windows-SmartCard-DeviceEnum/Operational", "Provider_Name": "Microsoft-Windows-SmartCard-DeviceEnum", "Computer": "DESKTOP-OFJ6N53", "TimeCreated": "2025-08-21 14:44:12.470356+00:00", "RecordID": "7694", "Level": "4", "UserID": "S-1-5-18"}
{"EventID": "104", "Channel": "Microsoft-Windows-SmartCard-DeviceEnum/Operational", "Provider_Name": "Microsoft-Windows-SmartCard-DeviceEnum", "Computer": "DESKTOP-OFJ6N53", "TimeCreated": "2025-08-21 15:31:20.234818+00:00", "RecordID": "7695", "Level": "4", "UserID": "S-1-5-18"}
{"EventID": "101", "Channel": "Microsoft-Windows-SmartCard-DeviceEnum/Operational", "Provider_Name": "Microsoft-Windows-SmartCard-DeviceEnum", "Computer": "DESKTOP-OFJ6N53", "TimeCreated": "2025-08-22 06:09:17.645061+00:00", "RecordID": "7696", "Level": "4", "UserID": "S-1-5-18", "EventData.InstancePath": "SWD\\ScDeviceEnumBus\\1", "EventData.SessionId": "0"}
{"EventID": "101", "Channel": "Microsoft-Windows-SmartCard-DeviceEnum/Operational", "Provider_Name": "Microsoft-Windows-SmartCard-DeviceEnum", "Computer": "DESKTOP-OFJ6N53", "TimeCreated": "2025-08-22 06:09:17.645081+00:00", "RecordID": "7697", "Level": "4", "UserID": "S-1-5-18", "EventData.InstancePath": "SWD\\ScDeviceEnumBus\\0", "EventData.SessionId": "0"}
{"EventID": "103", "Channel": "Microsoft-Windows-SmartCard-DeviceEnum/Operational", "Provider_Name": "Microsoft-Windows-SmartCard-DeviceEnum", "Computer": "DESKTOP-OFJ6N53", "TimeCreated": "2025-08-22 06:09:17.861389+00:00", "RecordID": "7698", "Level": "4", "UserID": "S-1-5-18"}
{"EventID": "104", "Channel": "Microsoft-Windows-SmartCard-DeviceEnum/Operational", "Provider_Name": "Microsoft-Windows-SmartCard-DeviceEnum", "Computer": "DESKTOP-OFJ6N53", "TimeCreated": "2025-08-22 06:13:30.763556+00:00", "RecordID": "7699", "Level": "4", "UserID": "S-1-5-18"}
{"EventID": "101", "Channel": "Microsoft-Windows-SmartCard-DeviceEnum/Operational", "Provider_Name": "Microsoft-Windows-SmartCard-DeviceEnum", "Computer": "DESKTOP-OFJ6N53", "TimeCreated": "2025-08-22 06:29:26.596630+00:00", "RecordID": "7700", "Level": "4", "UserID": "S-1-5-18", "EventData.InstancePath": "SWD\\ScDeviceEnumBus\\1", "EventData.SessionId": "0"}
{"EventID": "101", "Channel": "Microsoft-Windows-SmartCard-DeviceEnum/Operational", "Provider_Name": "Microsoft-Windows-SmartCard-DeviceEnum", "Computer": "DESKTOP-OFJ6N53", "TimeCreated": "2025-08-22 06:29:26.596693+00:00", "RecordID": "7701", "Level": "4", "UserID": "S-1-5-18", "EventData.InstancePath": "SWD\\ScDeviceEnumBus\\0", "EventData.SessionId": "0"}
{"EventID": "103", "Channel": "Microsoft-Windows-SmartCard-DeviceEnum/Operational", "Provider_Name": "Microsoft-Windows-SmartCard-DeviceEnum", "Computer": "DESKTOP-OFJ6N53", "TimeCreated": "2025-08-22 06:29:26.954794+00:00", "RecordID": "7702", "Level": "4", "UserID": "S-1-5-18"}
{"EventID": "104", "Channel": "Microsoft-Windows-SmartCard-DeviceEnum/Operational", "Provider_Name": "Microsoft-Windows-SmartCard-DeviceEnum", "Computer": "DESKTOP-OFJ6N53", "TimeCreated": "2025-08-22 06:32:40.783846+00:00", "RecordID": "7703", "Level": "4", "UserID": "S-1-5-18"}
{"EventID": "101", "Channel": "Microsoft-Windows-SmartCard-DeviceEnum/Operational", "Provider_Name": "Microsoft-Windows-SmartCard-DeviceEnum", "Computer": "DESKTOP-OFJ6N53", "TimeCreated": "2025-08-22 08:17:55.931368+00:00", "RecordID": "7704", "Level": "4", "UserID": "S-1-5-18", "EventData.InstancePath": "SWD\\ScDeviceEnumBus\\1", "EventData.SessionId": "0"}
{"EventID": "101", "Channel": "Microsoft-Windows-SmartCard-DeviceEnum/Operational", "Provider_Name": "Microsoft-Windows-SmartCard-DeviceEnum", "Computer": "DESKTOP-OFJ6N53", "TimeCreated": "2025-08-22 08:17:55.931389+00:00", "RecordID": "7705", "Level": "4", "UserID": "S-1-5-18", "EventData.InstancePath": "SWD\\ScDeviceEnumBus\\0", "EventData.SessionId": "0"}
{"EventID": "103", "Channel": "Microsoft-Windows-SmartCard-DeviceEnum/Operational", "Provider_Name": "Microsoft-Windows-SmartCard-DeviceEnum", "Computer": "DESKTOP-OFJ6N53", "TimeCreated": "2025-08-22 08:17:56.626789+00:00", "RecordID": "7706", "Level": "4", "UserID": "S-1-5-18"}
{"EventID": "104", "Channel": "Microsoft-Windows-SmartCard-DeviceEnum/Operational", "Provider_Name": "Microsoft-Windows-SmartCard-DeviceEnum", "Computer": "DESKTOP-OFJ6N53", "TimeCreated": "2025-08-22 12:32:41.872770+00:00", "RecordID": "7707", "Level": "4", "UserID": "S-1-5-18"}
{"EventID": "101", "Channel": "Microsoft-Windows-SmartCard-DeviceEnum/Operational", "Provider_Name": "Microsoft-Windows-SmartCard-DeviceEnum", "Computer": "DESKTOP-OFJ6N53", "TimeCreated": "2025-08-22 12:53:22.358421+00:00", "RecordID": "7708", "Level": "4", "UserID": "S-1-5-18", "EventData.InstancePath": "SWD\\ScDeviceEnumBus\\1", "EventData.SessionId": "0"}
{"EventID": "101", "Channel": "Microsoft-Windows-SmartCard-DeviceEnum/Operational", "Provider_Name": "Microsoft-Windows-SmartCard-DeviceEnum", "Computer": "DESKTOP-OFJ6N53", "TimeCreated": "2025-08-22 12:53:22.358421+00:00", "RecordID": "7709", "Level": "4", "UserID": "S-1-5-18", "EventData.InstancePath": "SWD\\ScDeviceEnumBus\\0", "EventData.SessionId": "0"}
{"EventID": "103", "Channel": "Microsoft-Windows-SmartCard-DeviceEnum/Operational", "Provider_Name": "Microsoft-Windows-SmartCard-DeviceEnum", "Computer": "DESKTOP-OFJ6N53", "TimeCreated": "2025-08-22 12:53:22.662901+00:00", "RecordID": "7710", "Level": "4", "UserID": "S-1-5-18"}
{"EventID": "101", "Channel": "Microsoft-Windows-SmartCard-DeviceEnum/Operational", "Provider_Name": "Microsoft-Windows-SmartCard-DeviceEnum", "Computer": "DESKTOP-OFJ6N53", "TimeCreated": "2025-08-22 12:53:24.289171+00:00", "RecordID": "7711", "Level": "4", "UserID": "S-1-5-18", "EventData.InstancePath": "SWD\\ScDeviceEnum\\1_Windows_Hello_for_Business_1", "EventData.SessionId": "1"}
{"EventID": "101", "Channel": "Microsoft-Windows-SmartCard-DeviceEnum/Operational", "Provider_Name": "Microsoft-Windows-SmartCard-DeviceEnum", "Computer": "DESKTOP-OFJ6N53", "TimeCreated": "2025-08-22 12:53:24.721237+00:00", "RecordID": "7712", "Level": "4", "UserID": "S-1-5-18", "EventData.InstancePath": "SWD\\ScDeviceEnum\\1_AKS_VR_0", "EventData.SessionId": "1"}
{"EventID": "101", "Channel": "Microsoft-Windows-SmartCard-DeviceEnum/Operational", "Provider_Name": "Microsoft-Windows-SmartCard-DeviceEnum", "Computer": "DESKTOP-OFJ6N53", "TimeCreated": "2025-08-22 12:53:25.410057+00:00", "RecordID": "7713", "Level": "4", "UserID": "S-1-5-18", "EventData.InstancePath": "SWD\\ScDeviceEnum\\1_AKS_ifdh_1", "EventData.SessionId": "1"}
{"EventID": "101", "Channel": "Microsoft-Windows-SmartCard-DeviceEnum/Operational", "Provider_Name": "Microsoft-Windows-SmartCard-DeviceEnum", "Computer": "DESKTOP-OFJ6N53", "TimeCreated": "2025-08-22 12:53:27.199528+00:00", "RecordID": "7714", "Level": "4", "UserID": "S-1-5-18", "EventData.InstancePath": "SWD\\ScDeviceEnum\\1_AKS_ifdh_0", "EventData.SessionId": "1"}
{"EventID": "101", "Channel": "Microsoft-Windows-SmartCard-DeviceEnum/Operational", "Provider_Name": "Microsoft-Windows-SmartCard-DeviceEnum", "Computer": "DESKTOP-OFJ6N53", "TimeCreated": "2025-08-22 12:58:47.315395+00:00", "RecordID": "7715", "Level": "4", "UserID": "S-1-5-18", "EventData.InstancePath": "SWD\\ScDeviceEnumBus\\1", "EventData.SessionId": "0"}
{"EventID": "101", "Channel": "Microsoft-Windows-SmartCard-DeviceEnum/Operational", "Provider_Name": "Microsoft-Windows-SmartCard-DeviceEnum", "Computer": "DESKTOP-OFJ6N53", "TimeCreated": "2025-08-22 12:58:47.316544+00:00", "RecordID": "7716", "Level": "4", "UserID": "S-1-5-18", "EventData.InstancePath": "SWD\\ScDeviceEnumBus\\0", "EventData.SessionId": "0"}
{"EventID": "103", "Channel": "Microsoft-Windows-SmartCard-DeviceEnum/Operational", "Provider_Name": "Microsoft-Windows-SmartCard-DeviceEnum", "Computer": "DESKTOP-OFJ6N53", "TimeCreated": "2025-08-22 12:58:47.319221+00:00", "RecordID": "7717", "Level": "4", "UserID": "S-1-5-18"}
{"EventID": "101", "Channel": "Microsoft-Windows-SmartCard-DeviceEnum/Operational", "Provider_Name": "Microsoft-Windows-SmartCard-DeviceEnum", "Computer": "DESKTOP-OFJ6N53", "TimeCreated": "2025-08-22 12:58:47.748623+00:00", "RecordID": "7718", "Level": "4", "UserID": "S-1-5-18", "EventData.InstancePath": "SWD\\ScDeviceEnum\\1_AKS_VR_0", "EventData.SessionId": "1"}
{"EventID": "102", "Channel": "Microsoft-Windows-SmartCard-DeviceEnum/Operational", "Provider_Name": "Microsoft-Windows-SmartCard-DeviceEnum", "Computer": "DESKTOP-OFJ6N53", "TimeCreated": "2025-08-22 12:58:48.467165+00:00", "RecordID": "7719", "Level": "4", "UserID": "S-1-5-18", "EventData.InstancePath": "SWD\\ScDeviceEnum\\1_AKS_VR_0", "EventData.SessionId": "1"}
{"EventID": "101", "Channel": "Microsoft-Windows-SmartCard-DeviceEnum/Operational", "Provider_Name": "Microsoft-Windows-SmartCard-DeviceEnum", "Computer": "DESKTOP-OFJ6N53", "TimeCreated": "2025-08-22 12:58:48.468367+00:00", "RecordID": "7720", "Level": "4", "UserID": "S-1-5-18", "EventData.InstancePath": "SWD\\ScDeviceEnum\\1_AKS_ifdh_1", "EventData.SessionId": "1"}
{"EventID": "102", "Channel": "Microsoft-Windows-SmartCard-DeviceEnum/Operational", "Provider_Name": "Microsoft-Windows-SmartCard-DeviceEnum", "Computer": "DESKTOP-OFJ6N53", "TimeCreated": "2025-08-22 12:58:49.000237+00:00", "RecordID": "7721", "Level": "4", "UserID": "S-1-5-18", "EventData.InstancePath": "SWD\\ScDeviceEnum\\1_AKS_ifdh_1", "EventData.SessionId": "1"}
{"EventID": "101", "Channel": "Microsoft-Windows-SmartCard-DeviceEnum/Operational", "Provider_Name": "Microsoft-Windows-SmartCard-DeviceEnum", "Computer": "DESKTOP-OFJ6N53", "TimeCreated": "2025-08-22 12:58:49.006248+00:00", "RecordID": "7722", "Level": "4", "UserID": "S-1-5-18", "EventData.InstancePath": "SWD\\ScDeviceEnum\\1_Windows_Hello_for_Business_1", "EventData.SessionId": "1"}
{"EventID": "102", "Channel": "Microsoft-Windows-SmartCard-DeviceEnum/Operational", "Provider_Name": "Microsoft-Windows-SmartCard-DeviceEnum", "Computer": "DESKTOP-OFJ6N53", "TimeCreated": "2025-08-22 12:58:49.192583+00:00", "RecordID": "7723", "Level": "4", "UserID": "S-1-5-18", "EventData.InstancePath": "SWD\\ScDeviceEnum\\1_Windows_Hello_for_Business_1", "EventData.SessionId": "1"}
{"EventID": "101", "Channel": "Microsoft-Windows-SmartCard-DeviceEnum/Operational", "Provider_Name": "Microsoft-Windows-SmartCard-DeviceEnum", "Computer": "DESKTOP-OFJ6N53", "TimeCreated": "2025-08-22 12:58:49.256727+00:00", "RecordID": "7724", "Level": "4", "UserID": "S-1-5-18", "EventData.InstancePath": "SWD\\ScDeviceEnum\\1_AKS_ifdh_0", "EventData.SessionId": "1"}
{"EventID": "102", "Channel": "Microsoft-Windows-SmartCard-DeviceEnum/Operational", "Provider_Name": "Microsoft-Windows-SmartCard-DeviceEnum", "Computer": "DESKTOP-OFJ6N53", "TimeCreated": "2025-08-22 12:58:49.709013+00:00", "RecordID": "7725", "Level": "4", "UserID": "S-1-5-18", "EventData.InstancePath": "SWD\\ScDeviceEnum\\1_AKS_ifdh_0", "EventData.SessionId": "1"}
{"EventID": "104", "Channel": "Microsoft-Windows-SmartCard-DeviceEnum/Operational", "Provider_Name": "Microsoft-Windows-SmartCard-DeviceEnum", "Computer": "DESKTOP-OFJ6N53", "TimeCreated": "2025-08-22 12:59:49.707943+00:00", "RecordID": "7726", "Level": "4", "UserID": "S-1-5-18"}
{"EventID": "101", "Channel": "Microsoft-Windows-SmartCard-DeviceEnum/Operational", "Provider_Name": "Microsoft-Windows-SmartCard-DeviceEnum", "Computer": "DESKTOP-OFJ6N53", "TimeCreated": "2025-08-22 13:13:14.709341+00:00", "RecordID": "7727", "Level": "4", "UserID": "S-1-5-18", "EventData.InstancePath": "SWD\\ScDeviceEnumBus\\1", "EventData.SessionId": "0"}
{"EventID": "101", "Channel": "Microsoft-Windows-SmartCard-DeviceEnum/Operational", "Provider_Name": "Microsoft-Windows-SmartCard-DeviceEnum", "Computer": "DESKTOP-OFJ6N53", "TimeCreated": "2025-08-22 13:13:14.709356+00:00", "RecordID": "7728", "Level": "4", "UserID": "S-1-5-18", "EventData.InstancePath": "SWD\\ScDeviceEnumBus\\0", "EventData.SessionId": "0"}
{"EventID": "103", "Channel": "Microsoft-Windows-SmartCard-DeviceEnum/Operational", "Provider_Name": "Microsoft-Windows-SmartCard-DeviceEnum", "Computer": "DESKTOP-OFJ6N53", "TimeCreated": "2025-08-22 13:13:14.746943+00:00", "RecordID": "7729", "Level": "4", "UserID": "S-1-5-18"}
{"EventID": "104", "Channel": "Microsoft-Windows-SmartCard-DeviceEnum/Operational", "Provider_Name": "Microsoft-Windows-SmartCard-DeviceEnum", "Computer": "DESKTOP-OFJ6N53", "TimeCreated": "2025-08-22 14:30:27.005730+00:00", "RecordID": "7730", "Level": "4", "UserID": "S-1-5-18"}
{"EventID": "101", "Channel": "Microsoft-Windows-SmartCard-DeviceEnum/Operational", "Provider_Name": "Microsoft-Windows-SmartCard-DeviceEnum", "Computer": "DESKTOP-OFJ6N53", "TimeCreated": "2025-08-23 15:36:27.415998+00:00", "RecordID": "7731", "Level": "4", "UserID": "S-1-5-18", "EventData.InstancePath": "SWD\\ScDeviceEnumBus\\1", "EventData.SessionId": "0"}
{"EventID": "101", "Channel": "Microsoft-Windows-SmartCard-DeviceEnum/Operational", "Provider_Name": "Microsoft-Windows-SmartCard-DeviceEnum", "Computer": "DESKTOP-OFJ6N53", "TimeCreated": "2025-08-23 15:36:27.416012+00:00", "RecordID": "7732", "Level": "4", "UserID": "S-1-5-18", "EventData.InstancePath": "SWD\\ScDeviceEnumBus\\0", "EventData.SessionId": "0"}
{"EventID": "103", "Channel": "Microsoft-Windows-SmartCard-DeviceEnum/Operational", "Provider_Name": "Microsoft-Windows-SmartCard-DeviceEnum", "Computer": "DESKTOP-OFJ6N53", "TimeCreated": "2025-08-23 15:36:27.447445+00:00", "RecordID": "7733", "Level": "4", "UserID": "S-1-5-18"}
{"EventID": "104", "Channel": "Microsoft-Windows-SmartCard-DeviceEnum/Operational", "Provider_Name": "Microsoft-Windows-SmartCard-DeviceEnum", "Computer": "DESKTOP-OFJ6N53", "TimeCreated": "2025-08-23 15:49:06.694870+00:00", "RecordID": "7734", "Level": "4", "UserID": "S-1-5-18"}
{"EventID": "101", "Channel": "Microsoft-Windows-SmartCard-DeviceEnum/Operational", "Provider_Name": "Microsoft-Windows-SmartCard-DeviceEnum", "Computer": "DESKTOP-OFJ6N53", "TimeCreated": "2025-08-23 16:02:14.596334+00:00", "RecordID": "7735", "Level": "4", "UserID": "S-1-5-18", "EventData.InstancePath": "SWD\\ScDeviceEnumBus\\1", "EventData.SessionId": "0"}
{"EventID": "101", "Channel": "Microsoft-Windows-SmartCard-DeviceEnum/Operational", "Provider_Name": "Microsoft-Windows-SmartCard-DeviceEnum", "Computer": "DESKTOP-OFJ6N53", "TimeCreated": "2025-08-23 16:02:14.596676+00:00", "RecordID": "7736", "Level": "4", "UserID": "S-1-5-18", "EventData.InstancePath": "SWD\\ScDeviceEnumBus\\0", "EventData.SessionId": "0"}
{"EventID": "103", "Channel": "Microsoft-Windows-SmartCard-DeviceEnum/Operational", "Provider_Name": "Microsoft-Windows-SmartCard-DeviceEnum", "Computer": "DESKTOP-OFJ6N53", "TimeCreated": "2025-08-23 16:02:14.716780+00:00", "RecordID": "7737", "Level": "4", "UserID": "S-1-5-18"}
{"EventID": "104", "Channel": "Microsoft-Windows-SmartCard-DeviceEnum/Operational", "Provider_Name": "Microsoft-Windows-SmartCard-DeviceEnum", "Computer": "DESKTOP-OFJ6N53", "TimeCreated": "2025-08-23 16:13:53.820984+00:00", "RecordID": "7738", "Level": "4", "UserID": "S-1-5-18"}
{"EventID": "101", "Channel": "Microsoft-Windows-SmartCard-DeviceEnum/Operational", "Provider_Name": "Microsoft-Windows-SmartCard-DeviceEnum", "Computer": "DESKTOP-OFJ6N53", "TimeCreated": "2025-08-23 16:32:13.882944+00:00", "RecordID": "7739", "Level": "4", "UserID": "S-1-5-18", "EventData.InstancePath": "SWD\\ScDeviceEnumBus\\1", "EventData.SessionId": "0"}
{"EventID": "101", "Channel": "Microsoft-Windows-SmartCard-DeviceEnum/Operational", "Provider_Name": "Microsoft-Windows-SmartCard-DeviceEnum", "Computer": "DESKTOP-OFJ6N53", "TimeCreated": "2025-08-23 16:32:13.882956+00:00", "RecordID": "7740", "Level": "4", "UserID": "S-1-5-18", "EventData.InstancePath": "SWD\\ScDeviceEnumBus\\0", "EventData.SessionId": "0"}
{"EventID": "103", "Channel": "Microsoft-Windows-SmartCard-DeviceEnum/Operational", "Provider_Name": "Microsoft-Windows-SmartCard-DeviceEnum", "Computer": "DESKTOP-OFJ6N53", "TimeCreated": "2025-08-23 16:32:13.944025+00:00", "RecordID": "7741", "Level": "4", "UserID": "S-1-5-18"}
{"EventID": "104", "Channel": "Microsoft-Windows-SmartCard-DeviceEnum/Operational", "Provider_Name": "Microsoft-Windows-SmartCard-DeviceEnum", "Computer": "DESKTOP-OFJ6N53", "TimeCreated": "2025-08-23 16:33:29.618320+00:00", "RecordID": "7742", "Level": "4", "UserID": "S-1-5-18"}
{"EventID": "101", "Channel": "Microsoft-Windows-SmartCard-DeviceEnum/Operational", "Provider_Name": "Microsoft-Windows-SmartCard-DeviceEnum", "Computer": "DESKTOP-OFJ6N53", "TimeCreated": "2025-08-23 18:13:06.678854+00:00", "RecordID": "7743", "Level": "4", "UserID": "S-1-5-18", "EventData.InstancePath": "SWD\\ScDeviceEnumBus\\1", "EventData.SessionId": "0"}
{"EventID": "101", "Channel": "Microsoft-Windows-SmartCard-DeviceEnum/Operational", "Provider_Name": "Microsoft-Windows-SmartCard-DeviceEnum", "Computer": "DESKTOP-OFJ6N53", "TimeCreated": "2025-08-23 18:13:06.678869+00:00", "RecordID": "7744", "Level": "4", "UserID": "S-1-5-18", "EventData.InstancePath": "SWD\\ScDeviceEnumBus\\0", "EventData.SessionId": "0"}
{"EventID": "103", "Channel": "Microsoft-Windows-SmartCard-DeviceEnum/Operational", "Provider_Name": "Microsoft-Windows-SmartCard-DeviceEnum", "Computer": "DESKTOP-OFJ6N53", "TimeCreated": "2025-08-23 18:13:07.022558+00:00", "RecordID": "7745", "Level": "4", "UserID": "S-1-5-18"}
{"EventID": "104", "Channel": "Microsoft-Windows-SmartCard-DeviceEnum/Operational", "Provider_Name": "Microsoft-Windows-SmartCard-DeviceEnum", "Computer": "DESKTOP-OFJ6N53", "TimeCreated": "2025-08-23 18:37:00.579643+00:00", "RecordID": "7746", "Level": "4", "UserID": "S-1-5-18"}
{"EventID": "101", "Channel": "Microsoft-Windows-SmartCard-DeviceEnum/Operational", "Provider_Name": "Microsoft-Windows-SmartCard-DeviceEnum", "Computer": "DESKTOP-OFJ6N53", "TimeCreated": "2025-08-23 18:59:04.493879+00:00", "RecordID": "7747", "Level": "4", "UserID": "S-1-5-18", "EventData.InstancePath": "SWD\\ScDeviceEnumBus\\1", "EventData.SessionId": "0"}
{"EventID": "101", "Channel": "Microsoft-Windows-SmartCard-DeviceEnum/Operational", "Provider_Name": "Microsoft-Windows-SmartCard-DeviceEnum", "Computer": "DESKTOP-OFJ6N53", "TimeCreated": "2025-08-23 18:59:04.493900+00:00", "RecordID": "7748", "Level": "4", "UserID": "S-1-5-18", "EventData.InstancePath": "SWD\\ScDeviceEnumBus\\0", "EventData.SessionId": "0"}
{"EventID": "103", "Channel": "Microsoft-Windows-SmartCard-DeviceEnum/Operational", "Provider_Name": "Microsoft-Windows-SmartCard-DeviceEnum", "Computer": "DESKTOP-OFJ6N53", "TimeCreated": "2025-08-23 18:59:04.802277+00:00", "RecordID": "7749", "Level": "4", "UserID": "S-1-5-18"}
{"EventID": "104", "Channel": "Microsoft-Windows-SmartCard-DeviceEnum/Operational", "Provider_Name": "Microsoft-Windows-SmartCard-DeviceEnum", "Computer": "DESKTOP-OFJ6N53", "TimeCreated": "2025-08-23 19:10:40.369526+00:00", "RecordID": "7750", "Level": "4", "UserID": "S-1-5-18"}
{"EventID": "101", "Channel": "Microsoft-Windows-SmartCard-DeviceEnum/Operational", "Provider_Name": "Microsoft-Windows-SmartCard-DeviceEnum", "Computer": "DESKTOP-OFJ6N53", "TimeCreated": "2025-08-23 19:40:28.687614+00:00", "RecordID": "7751", "Level": "4", "UserID": "S-1-5-18", "EventData.InstancePath": "SWD\\ScDeviceEnumBus\\1", "EventData.SessionId": "0"}
{"EventID": "101", "Channel": "Microsoft-Windows-SmartCard-DeviceEnum/Operational", "Provider_Name": "Microsoft-Windows-SmartCard-DeviceEnum", "Computer": "DESKTOP-OFJ6N53", "TimeCreated": "2025-08-23 19:40:28.687635+00:00", "RecordID": "7752", "Level": "4", "UserID": "S-1-5-18", "EventData.InstancePath": "SWD\\ScDeviceEnumBus\\0", "EventData.SessionId": "0"}
{"EventID": "103", "Channel": "Microsoft-Windows-SmartCard-DeviceEnum/Operational", "Provider_Name": "Microsoft-Windows-SmartCard-DeviceEnum", "Computer": "DESKTOP-OFJ6N53", "TimeCreated": "2025-08-23 19:40:28.717733+00:00", "RecordID": "7753", "Level": "4", "UserID": "S-1-5-18"}
{"EventID": "104", "Channel": "Microsoft-Windows-SmartCard-DeviceEnum/Operational", "Provider_Name": "Microsoft-Windows-SmartCard-DeviceEnum", "Computer": "DESKTOP-OFJ6N53", "TimeCreated": "2025-08-23 19:59:17.527290+00:00", "RecordID": "7754", "Level": "4", "UserID": "S-1-5-18"}
{"EventID": "101", "Channel": "Microsoft-Windows-SmartCard-DeviceEnum/Operational", "Provider_Name": "Microsoft-Windows-SmartCard-DeviceEnum", "Computer": "DESKTOP-OFJ6N53", "TimeCreated": "2025-08-23 20:04:37.874216+00:00", "RecordID": "7755", "Level": "4", "UserID": "S-1-5-18", "EventData.InstancePath": "SWD\\ScDeviceEnumBus\\1", "EventData.SessionId": "0"}
{"EventID": "101", "Channel": "Microsoft-Windows-SmartCard-DeviceEnum/Operational", "Provider_Name": "Microsoft-Windows-SmartCard-DeviceEnum", "Computer": "DESKTOP-OFJ6N53", "TimeCreated": "2025-08-23 20:04:37.874815+00:00", "RecordID": "7756", "Level": "4", "UserID": "S-1-5-18", "EventData.InstancePath": "SWD\\ScDeviceEnumBus\\0", "EventData.SessionId": "0"}
{"EventID": "103", "Channel": "Microsoft-Windows-SmartCard-DeviceEnum/Operational", "Provider_Name": "Microsoft-Windows-SmartCard-DeviceEnum", "Computer": "DESKTOP-OFJ6N53", "TimeCreated": "2025-08-23 20:04:37.923714+00:00", "RecordID": "7757", "Level": "4", "UserID": "S-1-5-18"}
{"EventID": "101", "Channel": "Microsoft-Windows-SmartCard-DeviceEnum/Operational", "Provider_Name": "Microsoft-Windows-SmartCard-DeviceEnum", "Computer": "DESKTOP-OFJ6N53", "TimeCreated": "2025-08-23 20:33:42.855785+00:00", "RecordID": "7758", "Level": "4", "UserID": "S-1-5-18", "EventData.InstancePath": "SWD\\ScDeviceEnumBus\\1", "EventData.SessionId": "0"}
{"EventID": "101", "Channel": "Microsoft-Windows-SmartCard-DeviceEnum/Operational", "Provider_Name": "Microsoft-Windows-SmartCard-DeviceEnum", "Computer": "DESKTOP-OFJ6N53", "TimeCreated": "2025-08-23 20:33:42.855810+00:00", "RecordID": "7759", "Level": "4", "UserID": "S-1-5-18", "EventData.InstancePath": "SWD\\ScDeviceEnumBus\\0", "EventData.SessionId": "0"}
{"EventID": "103", "Channel": "Microsoft-Windows-SmartCard-DeviceEnum/Operational", "Provider_Name": "Microsoft-Windows-SmartCard-DeviceEnum", "Computer": "DESKTOP-OFJ6N53", "TimeCreated": "2025-08-23 20:33:43.083593+00:00", "RecordID": "7760", "Level": "4", "UserID": "S-1-5-18"}
{"EventID": "104", "Channel": "Microsoft-Windows-SmartCard-DeviceEnum/Operational", "Provider_Name": "Microsoft-Windows-SmartCard-DeviceEnum", "Computer": "DESKTOP-OFJ6N53", "TimeCreated": "2025-08-23 21:06:06.112019+00:00", "RecordID": "7761", "Level": "4", "UserID": "S-1-5-18"}
{"EventID": "101", "Channel": "Microsoft-Windows-SmartCard-DeviceEnum/Operational", "Provider_Name": "Microsoft-Windows-SmartCard-DeviceEnum", "Computer": "DESKTOP-OFJ6N53", "TimeCreated": "2025-08-25 07:51:08.234921+00:00", "RecordID": "7762", "Level": "4", "UserID": "S-1-5-18", "EventData.InstancePath": "SWD\\ScDeviceEnumBus\\1", "EventData.SessionId": "0"}
{"EventID": "101", "Channel": "Microsoft-Windows-SmartCard-DeviceEnum/Operational", "Provider_Name": "Microsoft-Windows-SmartCard-DeviceEnum", "Computer": "DESKTOP-OFJ6N53", "TimeCreated": "2025-08-25 07:51:08.234938+00:00", "RecordID": "7763", "Level": "4", "UserID": "S-1-5-18", "EventData.InstancePath": "SWD\\ScDeviceEnumBus\\0", "EventData.SessionId": "0"}
{"EventID": "103", "Channel": "Microsoft-Windows-SmartCard-DeviceEnum/Operational", "Provider_Name": "Microsoft-Windows-SmartCard-DeviceEnum", "Computer": "DESKTOP-OFJ6N53", "TimeCreated": "2025-08-25 07:51:08.523613+00:00", "RecordID": "7764", "Level": "4", "UserID": "S-1-5-18"}
{"EventID": "104", "Channel": "Microsoft-Windows-SmartCard-DeviceEnum/Operational", "Provider_Name": "Microsoft-Windows-SmartCard-DeviceEnum", "Computer": "DESKTOP-OFJ6N53", "TimeCreated": "2025-08-25 10:04:16.094542+00:00", "RecordID": "7765", "Level": "4", "UserID": "S-1-5-18"}
{"EventID": "101", "Channel": "Microsoft-Windows-SmartCard-DeviceEnum/Operational", "Provider_Name": "Microsoft-Windows-SmartCard-DeviceEnum", "Computer": "DESKTOP-OFJ6N53", "TimeCreated": "2025-08-25 10:31:52.412132+00:00", "RecordID": "7766", "Level": "4", "UserID": "S-1-5-18", "EventData.InstancePath": "SWD\\ScDeviceEnumBus\\1", "EventData.SessionId": "0"}
{"EventID": "101", "Channel": "Microsoft-Windows-SmartCard-DeviceEnum/Operational", "Provider_Name": "Microsoft-Windows-SmartCard-DeviceEnum", "Computer": "DESKTOP-OFJ6N53", "TimeCreated": "2025-08-25 10:31:52.412195+00:00", "RecordID": "7767", "Level": "4", "UserID": "S-1-5-18", "EventData.InstancePath": "SWD\\ScDeviceEnumBus\\0", "EventData.SessionId": "0"}
{"EventID": "103", "Channel": "Microsoft-Windows-SmartCard-DeviceEnum/Operational", "Provider_Name": "Microsoft-Windows-SmartCard-DeviceEnum", "Computer": "DESKTOP-OFJ6N53", "TimeCreated": "2025-08-25 10:31:52.442924+00:00", "RecordID": "7768", "Level": "4", "UserID": "S-1-5-18"}
{"EventID": "101", "Channel": "Microsoft-Windows-SmartCard-DeviceEnum/Operational", "Provider_Name": "Microsoft-Windows-SmartCard-DeviceEnum", "Computer": "DESKTOP-OFJ6N53", "TimeCreated": "2025-08-25 10:31:53.674383+00:00", "RecordID": "7769", "Level": "4", "UserID": "S-1-5-18", "EventData.InstancePath": "SWD\\ScDeviceEnum\\1_Aladdin_Token_JC", "EventData.SessionId": "1"}
{"EventID": "102", "Channel": "Microsoft-Windows-SmartCard-DeviceEnum/Operational", "Provider_Name": "Microsoft-Windows-SmartCard-DeviceEnum", "Computer": "DESKTOP-OFJ6N53", "TimeCreated": "2025-08-25 10:32:50.790382+00:00", "RecordID": "7770", "Level": "4", "UserID": "S-1-5-18", "EventData.InstancePath": "SWD\\ScDeviceEnum\\1_Aladdin_Token_JC", "EventData.SessionId": "1"}
{"EventID": "104", "Channel": "Microsoft-Windows-SmartCard-DeviceEnum/Operational", "Provider_Name": "Microsoft-Windows-SmartCard-DeviceEnum", "Computer": "DESKTOP-OFJ6N53", "TimeCreated": "2025-08-25 10:33:51.996628+00:00", "RecordID": "7771", "Level": "4", "UserID": "S-1-5-18"}
{"EventID": "101", "Channel": "Microsoft-Windows-SmartCard-DeviceEnum/Operational", "Provider_Name": "Microsoft-Windows-SmartCard-DeviceEnum", "Computer": "DESKTOP-OFJ6N53", "TimeCreated": "2025-08-25 10:48:55.815018+00:00", "RecordID": "7772", "Level": "4", "UserID": "S-1-5-18", "EventData.InstancePath": "SWD\\ScDeviceEnumBus\\1", "EventData.SessionId": "0"}
{"EventID": "101", "Channel": "Microsoft-Windows-SmartCard-DeviceEnum/Operational", "Provider_Name": "Microsoft-Windows-SmartCard-DeviceEnum", "Computer": "DESKTOP-OFJ6N53", "TimeCreated": "2025-08-25 10:48:55.815033+00:00", "RecordID": "7773", "Level": "4", "UserID": "S-1-5-18", "EventData.InstancePath": "SWD\\ScDeviceEnumBus\\0", "EventData.SessionId": "0"}
{"EventID": "103", "Channel": "Microsoft-Windows-SmartCard-DeviceEnum/Operational", "Provider_Name": "Microsoft-Windows-SmartCard-DeviceEnum", "Computer": "DESKTOP-OFJ6N53", "TimeCreated": "2025-08-25 10:48:55.845512+00:00", "RecordID": "7774", "Level": "4", "UserID": "S-1-5-18"}
{"EventID": "104", "Channel": "Microsoft-Windows-SmartCard-DeviceEnum/Operational", "Provider_Name": "Microsoft-Windows-SmartCard-DeviceEnum", "Computer": "DESKTOP-OFJ6N53", "TimeCreated": "2025-08-25 11:28:19.027361+00:00", "RecordID": "7775", "Level": "4", "UserID": "S-1-5-18"}
{"EventID": "101", "Channel": "Microsoft-Windows-SmartCard-DeviceEnum/Operational", "Provider_Name": "Microsoft-Windows-SmartCard-DeviceEnum", "Computer": "DESKTOP-OFJ6N53", "TimeCreated": "2025-08-25 11:49:14.448717+00:00", "RecordID": "7776", "Level": "4", "UserID": "S-1-5-18", "EventData.InstancePath": "SWD\\ScDeviceEnumBus\\1", "EventData.SessionId": "0"}
{"EventID": "101", "Channel": "Microsoft-Windows-SmartCard-DeviceEnum/Operational", "Provider_Name": "Microsoft-Windows-SmartCard-DeviceEnum", "Computer": "DESKTOP-OFJ6N53", "TimeCreated": "2025-08-25 11:49:14.448736+00:00", "RecordID": "7777", "Level": "4", "UserID": "S-1-5-18", "EventData.InstancePath": "SWD\\ScDeviceEnumBus\\0", "EventData.SessionId": "0"}
{"EventID": "103", "Channel": "Microsoft-Windows-SmartCard-DeviceEnum/Operational", "Provider_Name": "Microsoft-Windows-SmartCard-DeviceEnum", "Computer": "DESKTOP-OFJ6N53", "TimeCreated": "2025-08-25 11:49:14.488523+00:00", "RecordID": "7778", "Level": "4", "UserID": "S-1-5-18"}
{"EventID": "101", "Channel": "Microsoft-Windows-SmartCard-DeviceEnum/Operational", "Provider_Name": "Microsoft-Windows-SmartCard-DeviceEnum", "Computer": "DESKTOP-OFJ6N53", "TimeCreated": "2025-08-25 11:49:15.747351+00:00", "RecordID": "7779", "Level": "4", "UserID": "S-1-5-18", "EventData.InstancePath": "SWD\\ScDeviceEnum\\1_Aladdin_Token_JC", "EventData.SessionId": "1"}
{"EventID": "102", "Channel": "Microsoft-Windows-SmartCard-DeviceEnum/Operational", "Provider_Name": "Microsoft-Windows-SmartCard-DeviceEnum", "Computer": "DESKTOP-OFJ6N53", "TimeCreated": "2025-08-25 12:30:02.694141+00:00", "RecordID": "7780", "Level": "4", "UserID": "S-1-5-18", "EventData.InstancePath": "SWD\\ScDeviceEnum\\1_Aladdin_Token_JC", "EventData.SessionId": "1"}
{"EventID": "104", "Channel": "Microsoft-Windows-SmartCard-DeviceEnum/Operational", "Provider_Name": "Microsoft-Windows-SmartCard-DeviceEnum", "Computer": "DESKTOP-OFJ6N53", "TimeCreated": "2025-08-25 12:31:04.862551+00:00", "RecordID": "7781", "Level": "4", "UserID": "S-1-5-18"}
{"EventID": "101", "Channel": "Microsoft-Windows-SmartCard-DeviceEnum/Operational", "Provider_Name": "Microsoft-Windows-SmartCard-DeviceEnum", "Computer": "DESKTOP-OFJ6N53", "TimeCreated": "2025-08-25 12:55:45.668970+00:00", "RecordID": "7782", "Level": "4", "UserID": "S-1-5-18", "EventData.InstancePath": "SWD\\ScDeviceEnumBus\\1", "EventData.SessionId": "0"}
{"EventID": "101", "Channel": "Microsoft-Windows-SmartCard-DeviceEnum/Operational", "Provider_Name": "Microsoft-Windows-SmartCard-DeviceEnum", "Computer": "DESKTOP-OFJ6N53", "TimeCreated": "2025-08-25 12:55:45.668987+00:00", "RecordID": "7783", "Level": "4", "UserID": "S-1-5-18", "EventData.InstancePath": "SWD\\ScDeviceEnumBus\\0", "EventData.SessionId": "0"}
{"EventID": "103", "Channel": "Microsoft-Windows-SmartCard-DeviceEnum/Operational", "Provider_Name": "Microsoft-Windows-SmartCard-DeviceEnum", "Computer": "DESKTOP-OFJ6N53", "TimeCreated": "2025-08-25 12:55:45.682314+00:00", "RecordID": "7784", "Level": "4", "UserID": "S-1-5-18"}
{"EventID": "104", "Channel": "Microsoft-Windows-SmartCard-DeviceEnum/Operational", "Provider_Name": "Microsoft-Windows-SmartCard-DeviceEnum", "Computer": "DESKTOP-OFJ6N53", "TimeCreated": "2025-08-25 14:32:13.506111+00:00", "RecordID": "7785", "Level": "4", "UserID": "S-1-5-18"}
{"EventID": "101", "Channel": "Microsoft-Windows-SmartCard-DeviceEnum/Operational", "Provider_Name": "Microsoft-Windows-SmartCard-DeviceEnum", "Computer": "DESKTOP-OFJ6N53", "TimeCreated": "2025-08-25 15:55:53.167330+00:00", "RecordID": "7786", "Level": "4", "UserID": "S-1-5-18", "EventData.InstancePath": "SWD\\ScDeviceEnumBus\\1", "EventData.SessionId": "0"}
{"EventID": "101", "Channel": "Microsoft-Windows-SmartCard-DeviceEnum/Operational", "Provider_Name": "Microsoft-Windows-SmartCard-DeviceEnum", "Computer": "DESKTOP-OFJ6N53", "TimeCreated": "2025-08-25 15:55:53.167343+00:00", "RecordID": "7787", "Level": "4", "UserID": "S-1-5-18", "EventData.InstancePath": "SWD\\ScDeviceEnumBus\\0", "EventData.SessionId": "0"}
{"EventID": "103", "Channel": "Microsoft-Windows-SmartCard-DeviceEnum/Operational", "Provider_Name": "Microsoft-Windows-SmartCard-DeviceEnum", "Computer": "DESKTOP-OFJ6N53", "TimeCreated": "2025-08-25 15:55:53.541197+00:00", "RecordID": "7788", "Level": "4", "UserID": "S-1-5-18"}
{"EventID": "104", "Channel": "Microsoft-Windows-SmartCard-DeviceEnum/Operational", "Provider_Name": "Microsoft-Windows-SmartCard-DeviceEnum", "Computer": "DESKTOP-OFJ6N53", "TimeCreated": "2025-08-25 16:03:21.829777+00:00", "RecordID": "7789", "Level": "4", "UserID": "S-1-5-18"}
{"EventID": "101", "Channel": "Microsoft-Windows-SmartCard-DeviceEnum/Operational", "Provider_Name": "Microsoft-Windows-SmartCard-DeviceEnum", "Computer": "DESKTOP-OFJ6N53", "TimeCreated": "2025-08-25 16:16:58.150284+00:00", "RecordID": "7790", "Level": "4", "UserID": "S-1-5-18", "EventData.InstancePath": "SWD\\ScDeviceEnumBus\\1", "EventData.SessionId": "0"}
{"EventID": "101", "Channel": "Microsoft-Windows-SmartCard-DeviceEnum/Operational", "Provider_Name": "Microsoft-Windows-SmartCard-DeviceEnum", "Computer": "DESKTOP-OFJ6N53", "TimeCreated": "2025-08-25 16:16:58.150301+00:00", "RecordID": "7791", "Level": "4", "UserID": "S-1-5-18", "EventData.InstancePath": "SWD\\ScDeviceEnumBus\\0", "EventData.SessionId": "0"}
{"EventID": "103", "Channel": "Microsoft-Windows-SmartCard-DeviceEnum/Operational", "Provider_Name": "Microsoft-Windows-SmartCard-DeviceEnum", "Computer": "DESKTOP-OFJ6N53", "TimeCreated": "2025-08-25 16:16:58.277519+00:00", "RecordID": "7792", "Level": "4", "UserID": "S-1-5-18"}
{"EventID": "104", "Channel": "Microsoft-Windows-SmartCard-DeviceEnum/Operational", "Provider_Name": "Microsoft-Windows-SmartCard-DeviceEnum", "Computer": "DESKTOP-OFJ6N53", "TimeCreated": "2025-08-25 16:52:44.651245+00:00", "RecordID": "7793", "Level": "4", "UserID": "S-1-5-18"}
{"EventID": "101", "Channel": "Microsoft-Windows-SmartCard-DeviceEnum/Operational", "Provider_Name": "Microsoft-Windows-SmartCard-DeviceEnum", "Computer": "DESKTOP-OFJ6N53", "TimeCreated": "2025-08-25 17:32:28.522978+00:00", "RecordID": "7794", "Level": "4", "UserID": "S-1-5-18", "EventData.InstancePath": "SWD\\ScDeviceEnumBus\\1", "EventData.SessionId": "0"}
{"EventID": "101", "Channel": "Microsoft-Windows-SmartCard-DeviceEnum/Operational", "Provider_Name": "Microsoft-Windows-SmartCard-DeviceEnum", "Computer": "DESKTOP-OFJ6N53", "TimeCreated": "2025-08-25 17:32:28.522993+00:00", "RecordID": "7795", "Level": "4", "UserID": "S-1-5-18", "EventData.InstancePath": "SWD\\ScDeviceEnumBus\\0", "EventData.SessionId": "0"}
{"EventID": "103", "Channel": "Microsoft-Windows-SmartCard-DeviceEnum/Operational", "Provider_Name": "Microsoft-Windows-SmartCard-DeviceEnum", "Computer": "DESKTOP-OFJ6N53", "TimeCreated": "2025-08-25 17:32:28.600241+00:00", "RecordID": "7796", "Level": "4", "UserID": "S-1-5-18"}
{"EventID": "101", "Channel": "Microsoft-Windows-SmartCard-DeviceEnum/Operational", "Provider_Name": "Microsoft-Windows-SmartCard-DeviceEnum", "Computer": "DESKTOP-OFJ6N53", "TimeCreated": "2025-08-25 17:32:32.029980+00:00", "RecordID": "7797", "Level": "4", "UserID": "S-1-5-18", "EventData.InstancePath": "SWD\\ScDeviceEnum\\1_Windows_Hello_for_Business_1", "EventData.SessionId": "1"}
{"EventID": "101", "Channel": "Microsoft-Windows-SmartCard-DeviceEnum/Operational", "Provider_Name": "Microsoft-Windows-SmartCard-DeviceEnum", "Computer": "DESKTOP-OFJ6N53", "TimeCreated": "2025-08-25 17:32:32.676168+00:00", "RecordID": "7798", "Level": "4", "UserID": "S-1-5-18", "EventData.InstancePath": "SWD\\ScDeviceEnum\\1_AKS_VR_0", "EventData.SessionId": "1"}
{"EventID": "101", "Channel": "Microsoft-Windows-SmartCard-DeviceEnum/Operational", "Provider_Name": "Microsoft-Windows-SmartCard-DeviceEnum", "Computer": "DESKTOP-OFJ6N53", "TimeCreated": "2025-08-25 17:32:34.090332+00:00", "RecordID": "7799", "Level": "4", "UserID": "S-1-5-18", "EventData.InstancePath": "SWD\\ScDeviceEnum\\1_AKS_ifdh_1", "EventData.SessionId": "1"}
{"EventID": "101", "Channel": "Microsoft-Windows-SmartCard-DeviceEnum/Operational", "Provider_Name": "Microsoft-Windows-SmartCard-DeviceEnum", "Computer": "DESKTOP-OFJ6N53", "TimeCreated": "2025-08-25 17:32:34.766876+00:00", "RecordID": "7800", "Level": "4", "UserID": "S-1-5-18", "EventData.InstancePath": "SWD\\ScDeviceEnum\\1_AKS_ifdh_0", "EventData.SessionId": "1"}
{"EventID": "102", "Channel": "Microsoft-Windows-SmartCard-DeviceEnum/Operational", "Provider_Name": "Microsoft-Windows-SmartCard-DeviceEnum", "Computer": "DESKTOP-OFJ6N53", "TimeCreated": "2025-08-25 20:25:22.479424+00:00", "RecordID": "7801", "Level": "4", "UserID": "S-1-5-18", "EventData.InstancePath": "SWD\\ScDeviceEnum\\1_Windows_Hello_for_Business_1", "EventData.SessionId": "1"}
{"EventID": "102", "Channel": "Microsoft-Windows-SmartCard-DeviceEnum/Operational", "Provider_Name": "Microsoft-Windows-SmartCard-DeviceEnum", "Computer": "DESKTOP-OFJ6N53", "TimeCreated": "2025-08-25 20:25:22.509760+00:00", "RecordID": "7802", "Level": "4", "UserID": "S-1-5-18", "EventData.InstancePath": "SWD\\ScDeviceEnum\\1_AKS_VR_0", "EventData.SessionId": "1"}
{"EventID": "102", "Channel": "Microsoft-Windows-SmartCard-DeviceEnum/Operational", "Provider_Name": "Microsoft-Windows-SmartCard-DeviceEnum", "Computer": "DESKTOP-OFJ6N53", "TimeCreated": "2025-08-25 20:25:22.669256+00:00", "RecordID": "7803", "Level": "4", "UserID": "S-1-5-18", "EventData.InstancePath": "SWD\\ScDeviceEnum\\1_AKS_ifdh_1", "EventData.SessionId": "1"}
{"EventID": "102", "Channel": "Microsoft-Windows-SmartCard-DeviceEnum/Operational", "Provider_Name": "Microsoft-Windows-SmartCard-DeviceEnum", "Computer": "DESKTOP-OFJ6N53", "TimeCreated": "2025-08-25 20:25:22.817778+00:00", "RecordID": "7804", "Level": "4", "UserID": "S-1-5-18", "EventData.InstancePath": "SWD\\ScDeviceEnum\\1_AKS_ifdh_0", "EventData.SessionId": "1"}
{"EventID": "101", "Channel": "Microsoft-Windows-SmartCard-DeviceEnum/Operational", "Provider_Name": "Microsoft-Windows-SmartCard-DeviceEnum", "Computer": "DESKTOP-OFJ6N53", "TimeCreated": "2025-08-25 20:25:51.862556+00:00", "RecordID": "7805", "Level": "4", "UserID": "S-1-5-18", "EventData.InstancePath": "SWD\\ScDeviceEnum\\1_Windows_Hello_for_Business_1", "EventData.SessionId": "1"}
{"EventID": "101", "Channel": "Microsoft-Windows-SmartCard-DeviceEnum/Operational", "Provider_Name": "Microsoft-Windows-SmartCard-DeviceEnum", "Computer": "DESKTOP-OFJ6N53", "TimeCreated": "2025-08-25 20:25:52.355803+00:00", "RecordID": "7806", "Level": "4", "UserID": "S-1-5-18", "EventData.InstancePath": "SWD\\ScDeviceEnum\\1_AKS_VR_0", "EventData.SessionId": "1"}
{"EventID": "101", "Channel": "Microsoft-Windows-SmartCard-DeviceEnum/Operational", "Provider_Name": "Microsoft-Windows-SmartCard-DeviceEnum", "Computer": "DESKTOP-OFJ6N53", "TimeCreated": "2025-08-25 20:25:52.697376+00:00", "RecordID": "7807", "Level": "4", "UserID": "S-1-5-18", "EventData.InstancePath": "SWD\\ScDeviceEnum\\1_AKS_ifdh_1", "EventData.SessionId": "1"}
{"EventID": "101", "Channel": "Microsoft-Windows-SmartCard-DeviceEnum/Operational", "Provider_Name": "Microsoft-Windows-SmartCard-DeviceEnum", "Computer": "DESKTOP-OFJ6N53", "TimeCreated": "2025-08-25 20:25:53.223776+00:00", "RecordID": "7808", "Level": "4", "UserID": "S-1-5-18", "EventData.InstancePath": "SWD\\ScDeviceEnum\\1_AKS_ifdh_0", "EventData.SessionId": "1"}
{"EventID": "102", "Channel": "Microsoft-Windows-SmartCard-DeviceEnum/Operational", "Provider_Name": "Microsoft-Windows-SmartCard-DeviceEnum", "Computer": "DESKTOP-OFJ6N53", "TimeCreated": "2025-08-25 21:06:22.218416+00:00", "RecordID": "7809", "Level": "4", "UserID": "S-1-5-18", "EventData.InstancePath": "SWD\\ScDeviceEnum\\1_Windows_Hello_for_Business_1", "EventData.SessionId": "1"}
{"EventID": "102", "Channel": "Microsoft-Windows-SmartCard-DeviceEnum/Operational", "Provider_Name": "Microsoft-Windows-SmartCard-DeviceEnum", "Computer": "DESKTOP-OFJ6N53", "TimeCreated": "2025-08-25 21:06:22.402678+00:00", "RecordID": "7810", "Level": "4", "UserID": "S-1-5-18", "EventData.InstancePath": "SWD\\ScDeviceEnum\\1_AKS_VR_0", "EventData.SessionId": "1"}
{"EventID": "102", "Channel": "Microsoft-Windows-SmartCard-DeviceEnum/Operational", "Provider_Name": "Microsoft-Windows-SmartCard-DeviceEnum", "Computer": "DESKTOP-OFJ6N53", "TimeCreated": "2025-08-25 21:06:22.570431+00:00", "RecordID": "7811", "Level": "4", "UserID": "S-1-5-18", "EventData.InstancePath": "SWD\\ScDeviceEnum\\1_AKS_ifdh_1", "EventData.SessionId": "1"}
{"EventID": "102", "Channel": "Microsoft-Windows-SmartCard-DeviceEnum/Operational", "Provider_Name": "Microsoft-Windows-SmartCard-DeviceEnum", "Computer": "DESKTOP-OFJ6N53", "TimeCreated": "2025-08-25 21:06:22.825232+00:00", "RecordID": "7812", "Level": "4", "UserID": "S-1-5-18", "EventData.InstancePath": "SWD\\ScDeviceEnum\\1_AKS_ifdh_0", "EventData.SessionId": "1"}
{"EventID": "104", "Channel": "Microsoft-Windows-SmartCard-DeviceEnum/Operational", "Provider_Name": "Microsoft-Windows-SmartCard-DeviceEnum", "Computer": "DESKTOP-OFJ6N53", "TimeCreated": "2025-08-25 21:07:22.860428+00:00", "RecordID": "7813", "Level": "4", "UserID": "S-1-5-18"}
{"EventID": "101", "Channel": "Microsoft-Windows-SmartCard-DeviceEnum/Operational", "Provider_Name": "Microsoft-Windows-SmartCard-DeviceEnum", "Computer": "DESKTOP-OFJ6N53", "TimeCreated": "2025-08-26 07:07:44.334841+00:00", "RecordID": "7814", "Level": "4", "UserID": "S-1-5-18", "EventData.InstancePath": "SWD\\ScDeviceEnumBus\\1", "EventData.SessionId": "0"}
{"EventID": "101", "Channel": "Microsoft-Windows-SmartCard-DeviceEnum/Operational", "Provider_Name": "Microsoft-Windows-SmartCard-DeviceEnum", "Computer": "DESKTOP-OFJ6N53", "TimeCreated": "2025-08-26 07:07:44.334864+00:00", "RecordID": "7815", "Level": "4", "UserID": "S-1-5-18", "EventData.InstancePath": "SWD\\ScDeviceEnumBus\\0", "EventData.SessionId": "0"}
{"EventID": "103", "Channel": "Microsoft-Windows-SmartCard-DeviceEnum/Operational", "Provider_Name": "Microsoft-Windows-SmartCard-DeviceEnum", "Computer": "DESKTOP-OFJ6N53", "TimeCreated": "2025-08-26 07:07:44.395079+00:00", "RecordID": "7816", "Level": "4", "UserID": "S-1-5-18"}
{"EventID": "104", "Channel": "Microsoft-Windows-SmartCard-DeviceEnum/Operational", "Provider_Name": "Microsoft-Windows-SmartCard-DeviceEnum", "Computer": "DESKTOP-OFJ6N53", "TimeCreated": "2025-08-26 07:13:44.663837+00:00", "RecordID": "7817", "Level": "4", "UserID": "S-1-5-18"}
{"EventID": "101", "Channel": "Microsoft-Windows-SmartCard-DeviceEnum/Operational", "Provider_Name": "Microsoft-Windows-SmartCard-DeviceEnum", "Computer": "DESKTOP-OFJ6N53", "TimeCreated": "2025-08-26 07:15:40.218817+00:00", "RecordID": "7818", "Level": "4", "UserID": "S-1-5-18", "EventData.InstancePath": "SWD\\ScDeviceEnumBus\\1", "EventData.SessionId": "0"}
{"EventID": "101", "Channel": "Microsoft-Windows-SmartCard-DeviceEnum/Operational", "Provider_Name": "Microsoft-Windows-SmartCard-DeviceEnum", "Computer": "DESKTOP-OFJ6N53", "TimeCreated": "2025-08-26 07:15:40.218834+00:00", "RecordID": "7819", "Level": "4", "UserID": "S-1-5-18", "EventData.InstancePath": "SWD\\ScDeviceEnumBus\\0", "EventData.SessionId": "0"}
{"EventID": "103", "Channel": "Microsoft-Windows-SmartCard-DeviceEnum/Operational", "Provider_Name": "Microsoft-Windows-SmartCard-DeviceEnum", "Computer": "DESKTOP-OFJ6N53", "TimeCreated": "2025-08-26 07:15:40.230932+00:00", "RecordID": "7820", "Level": "4", "UserID": "S-1-5-18"}
{"EventID": "104", "Channel": "Microsoft-Windows-SmartCard-DeviceEnum/Operational", "Provider_Name": "Microsoft-Windows-SmartCard-DeviceEnum", "Computer": "DESKTOP-OFJ6N53", "TimeCreated": "2025-08-26 10:02:07.455103+00:00", "RecordID": "7821", "Level": "4", "UserID": "S-1-5-18"}
{"EventID": "101", "Channel": "Microsoft-Windows-SmartCard-DeviceEnum/Operational", "Provider_Name": "Microsoft-Windows-SmartCard-DeviceEnum", "Computer": "DESKTOP-OFJ6N53", "TimeCreated": "2024-11-20 14:14:41.640087+00:00", "RecordID": "5714", "Level": "4", "UserID": "S-1-5-18", "EventData.InstancePath": "SWD\\ScDeviceEnum\\1_Aladdin_Token_JC_0", "EventData.SessionId": "1"}
{"EventID": "102", "Channel": "Microsoft-Windows-SmartCard-DeviceEnum/Operational", "Provider_Name": "Microsoft-Windows-SmartCard-DeviceEnum", "Computer": "DESKTOP-OFJ6N53", "TimeCreated": "2024-11-20 14:14:43.609612+00:00", "RecordID": "5715", "Level": "4", "UserID": "S-1-5-18", "EventData.InstancePath": "SWD\\ScDeviceEnum\\1_Aladdin_Token_JC_0", "EventData.SessionId": "1"}
