{"EventID": "101", "Channel": "Microsoft-Windows-SmartCard-DeviceEnum/Operational", "Provider_Name": "Microsoft-Windows-SmartCard-DeviceEnum", "Computer": "DESKTOP-OFJ6N53", "TimeCreated": "2024-12-11 19:21:13.443653+00:00", "RecordID": "5859", "Level": "4", "UserID": "S-1-5-18", "EventData.InstancePath": "SWD\\ScDeviceEnum\\1_Windows_Hello_for_Business_1", "EventData.SessionId": "1"}
{"EventID": "102", "Channel": "Microsoft-Windows-SmartCard-DeviceEnum/Operational", "Provider_Name": "Microsoft-Windows-SmartCard-DeviceEnum", "Computer": "DESKTOP-OFJ6N53", "TimeCreated": "2024-12-11 23:40:21.275864+00:00", "RecordID": "5860", "Level": "4", "UserID": "S-1-5-18", "EventData.InstancePath": "SWD\\ScDeviceEnum\\1_Windows_Hello_for_Business_1", "EventData.SessionId": "1"}
{"EventID": "104", "Channel": "Microsoft-Windows-SmartCard-DeviceEnum/Operational", "Provider_Name": "Microsoft-Windows-SmartCard-DeviceEnum", "Computer": "DESKTOP-OFJ6N53", "TimeCreated": "2024-12-11 23:41:21.516121+00:00", "RecordID": "5861", "Level": "4", "UserID": "S-1-5-18"}
{"EventID": "101", "Channel": "Microsoft-Windows-SmartCard-DeviceEnum/Operational", "Provider_Name": "Microsoft-Windows-SmartCard-DeviceEnum", "Computer": "DESKTOP-OFJ6N53", "TimeCreated": "2024-12-12 07:37:19.416506+00:00", "RecordID": "5862", "Level": "4", "UserID": "S-1-5-18", "EventData.InstancePath": "SWD\\ScDeviceEnumBus\\1", "EventData.SessionId": "0"}
{"EventID": "101", "Channel": "Microsoft-Windows-SmartCard-DeviceEnum/Operational", "Provider_Name": "Microsoft-Windows-SmartCard-DeviceEnum", "Computer": "DESKTOP-OFJ6N53", "TimeCreated": "2024-12-12 07:37:19.416521+00:00", "RecordID": "5863", "Level": "4", "UserID": "S-1-5-18", "EventData.InstancePath": "SWD\\ScDeviceEnumBus\\0", "EventData.SessionId": "0"}
{"EventID": "103", "Channel": "Microsoft-Windows-SmartCard-DeviceEnum/Operational", "Provider_Name": "Microsoft-Windows-SmartCard-DeviceEnum", "Computer": "DESKTOP-OFJ6N53", "TimeCreated": "2024-12-12 07:37:19.485920+00:00", "RecordID": "5864", "Level": "4", "UserID": "S-1-5-18"}
{"EventID": "101", "Channel": "Microsoft-Windows-SmartCard-DeviceEnum/Operational", "Provider_Name": "Microsoft-Windows-SmartCard-DeviceEnum", "Computer": "DESKTOP-OFJ6N53", "TimeCreated": "2024-12-12 07:37:20.552223+00:00", "RecordID": "5865", "Level": "4", "UserID": "S-1-5-18", "EventData.InstancePath": "SWD\\ScDeviceEnum\\1_Windows_Hello_for_Business_1", "EventData.SessionId": "1"}
{"EventID": "102", "Channel": "Microsoft-Windows-SmartCard-DeviceEnum/Operational", "Provider_Name": "Microsoft-Windows-SmartCard-DeviceEnum", "Computer": "DESKTOP-OFJ6N53", "TimeCreated": "2024-12-12 10:01:18.348101+00:00", "RecordID": "5866", "Level": "4", "UserID": "S-1-5-18", "EventData.InstancePath": "SWD\\ScDeviceEnum\\1_Windows_Hello_for_Business_1", "EventData.SessionId": "1"}
{"EventID": "101", "Channel": "Microsoft-Windows-SmartCard-DeviceEnum/Operational", "Provider_Name": "Microsoft-Windows-SmartCard-DeviceEnum", "Computer": "DESKTOP-OFJ6N53", "TimeCreated": "2024-12-12 10:01:49.519375+00:00", "RecordID": "5867", "Level": "4", "UserID": "S-1-5-18", "EventData.InstancePath": "SWD\\ScDeviceEnum\\1_Windows_Hello_for_Business_1", "EventData.SessionId": "1"}
{"EventID": "102", "Channel": "Microsoft-Windows-SmartCard-DeviceEnum/Operational", "Provider_Name": "Microsoft-Windows-SmartCard-DeviceEnum", "Computer": "DESKTOP-OFJ6N53", "TimeCreated": "2024-12-12 11:55:10.293001+00:00", "RecordID": "5868", "Level": "4", "UserID": "S-1-5-18", "EventData.InstancePath": "SWD\\ScDeviceEnum\\1_Windows_Hello_for_Business_1", "EventData.SessionId": "1"}
{"EventID": "104", "Channel": "Microsoft-Windows-SmartCard-DeviceEnum/Operational", "Provider_Name": "Microsoft-Windows-SmartCard-DeviceEnum", "Computer": "DESKTOP-OFJ6N53", "TimeCreated": "2024-12-12 11:56:10.491417+00:00", "RecordID": "5869", "Level": "4", "UserID": "S-1-5-18"}
{"EventID": "101", "Channel": "Microsoft-Windows-SmartCard-DeviceEnum/Operational", "Provider_Name": "Microsoft-Windows-SmartCard-DeviceEnum", "Computer": "DESKTOP-OFJ6N53", "TimeCreated": "2024-12-12 17:00:05.482637+00:00", "RecordID": "5870", "Level": "4", "UserID": "S-1-5-18", "EventData.InstancePath": "SWD\\ScDeviceEnumBus\\1", "EventData.SessionId": "0"}
{"EventID": "101", "Channel": "Microsoft-Windows-SmartCard-DeviceEnum/Operational", "Provider_Name": "Microsoft-Windows-SmartCard-DeviceEnum", "Computer": "DESKTOP-OFJ6N53", "TimeCreated": "2024-12-12 17:00:05.482655+00:00", "RecordID": "5871", "Level": "4", "UserID": "S-1-5-18", "EventData.InstancePath": "SWD\\ScDeviceEnumBus\\0", "EventData.SessionId": "0"}
{"EventID": "103", "Channel": "Microsoft-Windows-SmartCard-DeviceEnum/Operational", "Provider_Name": "Microsoft-Windows-SmartCard-DeviceEnum", "Computer": "DESKTOP-OFJ6N53", "TimeCreated": "2024-12-12 17:00:05.499176+00:00", "RecordID": "5872", "Level": "4", "UserID": "S-1-5-18"}
{"EventID": "101", "Channel": "Microsoft-Windows-SmartCard-DeviceEnum/Operational", "Provider_Name": "Microsoft-Windows-SmartCard-DeviceEnum", "Computer": "DESKTOP-OFJ6N53", "TimeCreated": "2024-12-12 17:00:06.284496+00:00", "RecordID": "5873", "Level": "4", "UserID": "S-1-5-18", "EventData.InstancePath": "SWD\\ScDeviceEnum\\1_Windows_Hello_for_Business_1", "EventData.SessionId": "1"}
{"EventID": "102", "Channel": "Microsoft-Windows-SmartCard-DeviceEnum/Operational", "Provider_Name": "Microsoft-Windows-SmartCard-DeviceEnum", "Computer": "DESKTOP-OFJ6N53", "TimeCreated": "2024-12-12 17:03:21.691177+00:00", "RecordID": "5874", "Level": "4", "UserID": "S-1-5-18", "EventData.InstancePath": "SWD\\ScDeviceEnum\\1_Windows_Hello_for_Business_1", "EventData.SessionId": "1"}
{"EventID": "104", "Channel": "Microsoft-Windows-SmartCard-DeviceEnum/Operational", "Provider_Name": "Microsoft-Windows-SmartCard-DeviceEnum", "Computer": "DESKTOP-OFJ6N53", "TimeCreated": "2024-12-12 17:04:21.975773+00:00", "RecordID": "5875", "Level": "4", "UserID": "S-1-5-18"}
{"EventID": "101", "Channel": "Microsoft-Windows-SmartCard-DeviceEnum/Operational", "Provider_Name": "Microsoft-Windows-SmartCard-DeviceEnum", "Computer": "DESKTOP-OFJ6N53", "TimeCreated": "2024-12-13 14:45:08.015575+00:00", "RecordID": "5876", "Level": "4", "UserID": "S-1-5-18", "EventData.InstancePath": "SWD\\ScDeviceEnumBus\\1", "EventData.SessionId": "0"}
{"EventID": "101", "Channel": "Microsoft-Windows-SmartCard-DeviceEnum/Operational", "Provider_Name": "Microsoft-Windows-SmartCard-DeviceEnum", "Computer": "DESKTOP-OFJ6N53", "TimeCreated": "2024-12-13 14:45:08.015591+00:00", "RecordID": "5877", "Level": "4", "UserID": "S-1-5-18", "EventData.InstancePath": "SWD\\ScDeviceEnumBus\\0", "EventData.SessionId": "0"}
{"EventID": "103", "Channel": "Microsoft-Windows-SmartCard-DeviceEnum/Operational", "Provider_Name": "Microsoft-Windows-SmartCard-DeviceEnum", "Computer": "DESKTOP-OFJ6N53", "TimeCreated": "2024-12-13 14:45:08.191559+00:00", "RecordID": "5878", "Level": "4", "UserID": "S-1-5-18"}
{"EventID": "101", "Channel": "Microsoft-Windows-SmartCard-DeviceEnum/Operational", "Provider_Name": "Microsoft-Windows-SmartCard-DeviceEnum", "Computer": "DESKTOP-OFJ6N53", "TimeCreated": "2024-12-13 14:45:08.536579+00:00", "RecordID": "5879", "Level": "4", "UserID": "S-1-5-18", "EventData.InstancePath": "SWD\\ScDeviceEnum\\1_Windows_Hello_for_Business_1", "EventData.SessionId": "1"}
{"EventID": "102", "Channel": "Microsoft-Windows-SmartCard-DeviceEnum/Operational", "Provider_Name": "Microsoft-Windows-SmartCard-DeviceEnum", "Computer": "DESKTOP-OFJ6N53", "TimeCreated": "2024-12-13 22:10:37.160547+00:00", "RecordID": "5880", "Level": "4", "UserID": "S-1-5-18", "EventData.InstancePath": "SWD\\ScDeviceEnum\\1_Windows_Hello_for_Business_1", "EventData.SessionId": "1"}
{"EventID": "104", "Channel": "Microsoft-Windows-SmartCard-DeviceEnum/Operational", "Provider_Name": "Microsoft-Windows-SmartCard-DeviceEnum", "Computer": "DESKTOP-OFJ6N53", "TimeCreated": "2024-12-13 22:11:37.385307+00:00", "RecordID": "5881", "Level": "4", "UserID": "S-1-5-18"}
{"EventID": "101", "Channel": "Microsoft-Windows-SmartCard-DeviceEnum/Operational", "Provider_Name": "Microsoft-Windows-SmartCard-DeviceEnum", "Computer": "DESKTOP-OFJ6N53", "TimeCreated": "2024-12-14 18:04:29.782339+00:00", "RecordID": "5882", "Level": "4", "UserID": "S-1-5-18", "EventData.InstancePath": "SWD\\ScDeviceEnumBus\\1", "EventData.SessionId": "0"}
{"EventID": "101", "Channel": "Microsoft-Windows-SmartCard-DeviceEnum/Operational", "Provider_Name": "Microsoft-Windows-SmartCard-DeviceEnum", "Computer": "DESKTOP-OFJ6N53", "TimeCreated": "2024-12-14 18:04:29.782354+00:00", "RecordID": "5883", "Level": "4", "UserID": "S-1-5-18", "EventData.InstancePath": "SWD\\ScDeviceEnumBus\\0", "EventData.SessionId": "0"}
{"EventID": "103", "Channel": "Microsoft-Windows-SmartCard-DeviceEnum/Operational", "Provider_Name": "Microsoft-Windows-SmartCard-DeviceEnum", "Computer": "DESKTOP-OFJ6N53", "TimeCreated": "2024-12-14 18:04:29.804716+00:00", "RecordID": "5884", "Level": "4", "UserID": "S-1-5-18"}
{"EventID": "101", "Channel": "Microsoft-Windows-SmartCard-DeviceEnum/Operational", "Provider_Name": "Microsoft-Windows-SmartCard-DeviceEnum", "Computer": "DESKTOP-OFJ6N53", "TimeCreated": "2024-12-14 18:04:30.248779+00:00", "RecordID": "5885", "Level": "4", "UserID": "S-1-5-18", "EventData.InstancePath": "SWD\\ScDeviceEnum\\1_Windows_Hello_for_Business_1", "EventData.SessionId": "1"}
{"EventID": "102", "Channel": "Microsoft-Windows-SmartCard-DeviceEnum/Operational", "Provider_Name": "Microsoft-Windows-SmartCard-DeviceEnum", "Computer": "DESKTOP-OFJ6N53", "TimeCreated": "2024-12-14 18:06:18.943769+00:00", "RecordID": "5886", "Level": "4", "UserID": "S-1-5-18", "EventData.InstancePath": "SWD\\ScDeviceEnum\\1_Windows_Hello_for_Business_1", "EventData.SessionId": "1"}
{"EventID": "104", "Channel": "Microsoft-Windows-SmartCard-DeviceEnum/Operational", "Provider_Name": "Microsoft-Windows-SmartCard-DeviceEnum", "Computer": "DESKTOP-OFJ6N53", "TimeCreated": "2024-12-14 18:07:19.266216+00:00", "RecordID": "5887", "Level": "4", "UserID": "S-1-5-18"}
{"EventID": "101", "Channel": "Microsoft-Windows-SmartCard-DeviceEnum/Operational", "Provider_Name": "Microsoft-Windows-SmartCard-DeviceEnum", "Computer": "DESKTOP-OFJ6N53", "TimeCreated": "2024-12-16 11:16:48.688072+00:00", "RecordID": "5888", "Level": "4", "UserID": "S-1-5-18", "EventData.InstancePath": "SWD\\ScDeviceEnumBus\\1", "EventData.SessionId": "0"}
{"EventID": "101", "Channel": "Microsoft-Windows-SmartCard-DeviceEnum/Operational", "Provider_Name": "Microsoft-Windows-SmartCard-DeviceEnum", "Computer": "DESKTOP-OFJ6N53", "TimeCreated": "2024-12-16 11:16:48.688091+00:00", "RecordID": "5889", "Level": "4", "UserID": "S-1-5-18", "EventData.InstancePath": "SWD\\ScDeviceEnumBus\\0", "EventData.SessionId": "0"}
{"EventID": "103", "Channel": "Microsoft-Windows-SmartCard-DeviceEnum/Operational", "Provider_Name": "Microsoft-Windows-SmartCard-DeviceEnum", "Computer": "DESKTOP-OFJ6N53", "TimeCreated": "2024-12-16 11:16:48.710566+00:00", "RecordID": "5890", "Level": "4", "UserID": "S-1-5-18"}
{"EventID": "101", "Channel": "Microsoft-Windows-SmartCard-DeviceEnum/Operational", "Provider_Name": "Microsoft-Windows-SmartCard-DeviceEnum", "Computer": "DESKTOP-OFJ6N53", "TimeCreated": "2024-12-16 11:16:49.405907+00:00", "RecordID": "5891", "Level": "4", "UserID": "S-1-5-18", "EventData.InstancePath": "SWD\\ScDeviceEnum\\1_Windows_Hello_for_Business_1", "EventData.SessionId": "1"}
{"EventID": "102", "Channel": "Microsoft-Windows-SmartCard-DeviceEnum/Operational", "Provider_Name": "Microsoft-Windows-SmartCard-DeviceEnum", "Computer": "DESKTOP-OFJ6N53", "TimeCreated": "2024-12-16 12:28:18.041292+00:00", "RecordID": "5892", "Level": "4", "UserID": "S-1-5-18", "EventData.InstancePath": "SWD\\ScDeviceEnum\\1_Windows_Hello_for_Business_1", "EventData.SessionId": "1"}
{"EventID": "104", "Channel": "Microsoft-Windows-SmartCard-DeviceEnum/Operational", "Provider_Name": "Microsoft-Windows-SmartCard-DeviceEnum", "Computer": "DESKTOP-OFJ6N53", "TimeCreated": "2024-12-16 12:29:18.363256+00:00", "RecordID": "5893", "Level": "4", "UserID": "S-1-5-18"}
{"EventID": "101", "Channel": "Microsoft-Windows-SmartCard-DeviceEnum/Operational", "Provider_Name": "Microsoft-Windows-SmartCard-DeviceEnum", "Computer": "DESKTOP-OFJ6N53", "TimeCreated": "2024-12-17 10:16:55.676300+00:00", "RecordID": "5894", "Level": "4", "UserID": "S-1-5-18", "EventData.InstancePath": "SWD\\ScDeviceEnumBus\\1", "EventData.SessionId": "0"}
{"EventID": "101", "Channel": "Microsoft-Windows-SmartCard-DeviceEnum/Operational", "Provider_Name": "Microsoft-Windows-SmartCard-DeviceEnum", "Computer": "DESKTOP-OFJ6N53", "TimeCreated": "2024-12-17 10:16:55.676315+00:00", "RecordID": "5895", "Level": "4", "UserID": "S-1-5-18", "EventData.InstancePath": "SWD\\ScDeviceEnumBus\\0", "EventData.SessionId": "0"}
{"EventID": "103", "Channel": "Microsoft-Windows-SmartCard-DeviceEnum/Operational", "Provider_Name": "Microsoft-Windows-SmartCard-DeviceEnum", "Computer": "DESKTOP-OFJ6N53", "TimeCreated": "2024-12-17 10:16:55.741520+00:00", "RecordID": "5896", "Level": "4", "UserID": "S-1-5-18"}
{"EventID": "101", "Channel": "Microsoft-Windows-SmartCard-DeviceEnum/Operational", "Provider_Name": "Microsoft-Windows-SmartCard-DeviceEnum", "Computer": "DESKTOP-OFJ6N53", "TimeCreated": "2024-12-17 10:16:55.994823+00:00", "RecordID": "5897", "Level": "4", "UserID": "S-1-5-18", "EventData.InstancePath": "SWD\\ScDeviceEnum\\1_Windows_Hello_for_Business_1", "EventData.SessionId": "1"}
{"EventID": "102", "Channel": "Microsoft-Windows-SmartCard-DeviceEnum/Operational", "Provider_Name": "Microsoft-Windows-SmartCard-DeviceEnum", "Computer": "DESKTOP-OFJ6N53", "TimeCreated": "2024-12-17 13:57:17.469891+00:00", "RecordID": "5898", "Level": "4", "UserID": "S-1-5-18", "EventData.InstancePath": "SWD\\ScDeviceEnum\\1_Windows_Hello_for_Business_1", "EventData.SessionId": "1"}
{"EventID": "104", "Channel": "Microsoft-Windows-SmartCard-DeviceEnum/Operational", "Provider_Name": "Microsoft-Windows-SmartCard-DeviceEnum", "Computer": "DESKTOP-OFJ6N53", "TimeCreated": "2024-12-17 13:58:17.703512+00:00", "RecordID": "5899", "Level": "4", "UserID": "S-1-5-18"}
{"EventID": "101", "Channel": "Microsoft-Windows-SmartCard-DeviceEnum/Operational", "Provider_Name": "Microsoft-Windows-SmartCard-DeviceEnum", "Computer": "DESKTOP-OFJ6N53", "TimeCreated": "2024-12-18 15:46:03.134769+00:00", "RecordID": "5900", "Level": "4", "UserID": "S-1-5-18", "EventData.InstancePath": "SWD\\ScDeviceEnumBus\\1", "EventData.SessionId": "0"}
{"EventID": "101", "Channel": "Microsoft-Windows-SmartCard-DeviceEnum/Operational", "Provider_Name": "Microsoft-Windows-SmartCard-DeviceEnum", "Computer": "DESKTOP-OFJ6N53", "TimeCreated": "2024-12-18 15:46:03.134787+00:00", "RecordID": "5901", "Level": "4", "UserID": "S-1-5-18", "EventData.InstancePath": "SWD\\ScDeviceEnumBus\\0", "EventData.SessionId": "0"}
{"EventID": "103", "Channel": "Microsoft-Windows-SmartCard-DeviceEnum/Operational", "Provider_Name": "Microsoft-Windows-SmartCard-DeviceEnum", "Computer": "DESKTOP-OFJ6N53", "TimeCreated": "2024-12-18 15:46:03.201843+00:00", "RecordID": "5902", "Level": "4", "UserID": "S-1-5-18"}
{"EventID": "101", "Channel": "Microsoft-Windows-SmartCard-DeviceEnum/Operational", "Provider_Name": "Microsoft-Windows-SmartCard-DeviceEnum", "Computer": "DESKTOP-OFJ6N53", "TimeCreated": "2024-12-18 15:46:03.623005+00:00", "RecordID": "5903", "Level": "4", "UserID": "S-1-5-18", "EventData.InstancePath": "SWD\\ScDeviceEnum\\1_Windows_Hello_for_Business_1", "EventData.SessionId": "1"}
{"EventID": "102", "Channel": "Microsoft-Windows-SmartCard-DeviceEnum/Operational", "Provider_Name": "Microsoft-Windows-SmartCard-DeviceEnum", "Computer": "DESKTOP-OFJ6N53", "TimeCreated": "2024-12-18 16:34:43.023731+00:00", "RecordID": "5904", "Level": "4", "UserID": "S-1-5-18", "EventData.InstancePath": "SWD\\ScDeviceEnum\\1_Windows_Hello_for_Business_1", "EventData.SessionId": "1"}
{"EventID": "104", "Channel": "Microsoft-Windows-SmartCard-DeviceEnum/Operational", "Provider_Name": "Microsoft-Windows-SmartCard-DeviceEnum", "Computer": "DESKTOP-OFJ6N53", "TimeCreated": "2024-12-18 16:35:43.280029+00:00", "RecordID": "5905", "Level": "4", "UserID": "S-1-5-18"}
{"EventID": "101", "Channel": "Microsoft-Windows-SmartCard-DeviceEnum/Operational", "Provider_Name": "Microsoft-Windows-SmartCard-DeviceEnum", "Computer": "DESKTOP-OFJ6N53", "TimeCreated": "2024-12-19 09:49:33.395885+00:00", "RecordID": "5906", "Level": "4", "UserID": "S-1-5-18", "EventData.InstancePath": "SWD\\ScDeviceEnumBus\\1", "EventData.SessionId": "0"}
{"EventID": "101", "Channel": "Microsoft-Windows-SmartCard-DeviceEnum/Operational", "Provider_Name": "Microsoft-Windows-SmartCard-DeviceEnum", "Computer": "DESKTOP-OFJ6N53", "TimeCreated": "2024-12-19 09:49:33.395903+00:00", "RecordID": "5907", "Level": "4", "UserID": "S-1-5-18", "EventData.InstancePath": "SWD\\ScDeviceEnumBus\\0", "EventData.SessionId": "0"}
{"EventID": "103", "Channel": "Microsoft-Windows-SmartCard-DeviceEnum/Operational", "Provider_Name": "Microsoft-Windows-SmartCard-DeviceEnum", "Computer": "DESKTOP-OFJ6N53", "TimeCreated": "2024-12-19 09:49:33.465010+00:00", "RecordID": "5908", "Level": "4", "UserID": "S-1-5-18"}
{"EventID": "101", "Channel": "Microsoft-Windows-SmartCard-DeviceEnum/Operational", "Provider_Name": "Microsoft-Windows-SmartCard-DeviceEnum", "Computer": "DESKTOP-OFJ6N53", "TimeCreated": "2024-12-19 09:49:34.258739+00:00", "RecordID": "5909", "Level": "4", "UserID": "S-1-5-18", "EventData.InstancePath": "SWD\\ScDeviceEnum\\1_Windows_Hello_for_Business_1", "EventData.SessionId": "1"}
{"EventID": "102", "Channel": "Microsoft-Windows-SmartCard-DeviceEnum/Operational", "Provider_Name": "Microsoft-Windows-SmartCard-DeviceEnum", "Computer": "DESKTOP-OFJ6N53", "TimeCreated": "2024-12-19 15:16:37.202688+00:00", "RecordID": "5910", "Level": "4", "UserID": "S-1-5-18", "EventData.InstancePath": "SWD\\ScDeviceEnum\\1_Windows_Hello_for_Business_1", "EventData.SessionId": "1"}
{"EventID": "104", "Channel": "Microsoft-Windows-SmartCard-DeviceEnum/Operational", "Provider_Name": "Microsoft-Windows-SmartCard-DeviceEnum", "Computer": "DESKTOP-OFJ6N53", "TimeCreated": "2024-12-19 15:17:37.548759+00:00", "RecordID": "5911", "Level": "4", "UserID": "S-1-5-18"}
{"EventID": "101", "Channel": "Microsoft-Windows-SmartCard-DeviceEnum/Operational", "Provider_Name": "Microsoft-Windows-SmartCard-DeviceEnum", "Computer": "DESKTOP-OFJ6N53", "TimeCreated": "2024-12-23 14:09:24.444555+00:00", "RecordID": "5912", "Level": "4", "UserID": "S-1-5-18", "EventData.InstancePath": "SWD\\ScDeviceEnumBus\\0", "EventData.SessionId": "0"}
{"EventID": "101", "Channel": "Microsoft-Windows-SmartCard-DeviceEnum/Operational", "Provider_Name": "Microsoft-Windows-SmartCard-DeviceEnum", "Computer": "DESKTOP-OFJ6N53", "TimeCreated": "2024-12-23 14:09:24.444571+00:00", "RecordID": "5913", "Level": "4", "UserID": "S-1-5-18", "EventData.InstancePath": "SWD\\ScDeviceEnumBus\\1", "EventData.SessionId": "0"}
{"EventID": "103", "Channel": "Microsoft-Windows-SmartCard-DeviceEnum/Operational", "Provider_Name": "Microsoft-Windows-SmartCard-DeviceEnum", "Computer": "DESKTOP-OFJ6N53", "TimeCreated": "2024-12-23 14:09:24.446671+00:00", "RecordID": "5914", "Level": "4", "UserID": "S-1-5-18"}
{"EventID": "101", "Channel": "Microsoft-Windows-SmartCard-DeviceEnum/Operational", "Provider_Name": "Microsoft-Windows-SmartCard-DeviceEnum", "Computer": "DESKTOP-OFJ6N53", "TimeCreated": "2024-12-23 14:10:06.338936+00:00", "RecordID": "5915", "Level": "4", "UserID": "S-1-5-18", "EventData.InstancePath": "SWD\\ScDeviceEnumBus\\1", "EventData.SessionId": "0"}
{"EventID": "101", "Channel": "Microsoft-Windows-SmartCard-DeviceEnum/Operational", "Provider_Name": "Microsoft-Windows-SmartCard-DeviceEnum", "Computer": "DESKTOP-OFJ6N53", "TimeCreated": "2024-12-23 14:10:06.338959+00:00", "RecordID": "5916", "Level": "4", "UserID": "S-1-5-18", "EventData.InstancePath": "SWD\\ScDeviceEnumBus\\0", "EventData.SessionId": "0"}
{"EventID": "103", "Channel": "Microsoft-Windows-SmartCard-DeviceEnum/Operational", "Provider_Name": "Microsoft-Windows-SmartCard-DeviceEnum", "Computer": "DESKTOP-OFJ6N53", "TimeCreated": "2024-12-23 14:10:06.846725+00:00", "RecordID": "5917", "Level": "4", "UserID": "S-1-5-18"}
{"EventID": "104", "Channel": "Microsoft-Windows-SmartCard-DeviceEnum/Operational", "Provider_Name": "Microsoft-Windows-SmartCard-DeviceEnum", "Computer": "DESKTOP-OFJ6N53", "TimeCreated": "2024-12-23 14:11:06.323767+00:00", "RecordID": "5918", "Level": "4", "UserID": "S-1-5-18"}
{"EventID": "101", "Channel": "Microsoft-Windows-SmartCard-DeviceEnum/Operational", "Provider_Name": "Microsoft-Windows-SmartCard-DeviceEnum", "Computer": "DESKTOP-OFJ6N53", "TimeCreated": "2024-12-23 14:15:16.296450+00:00", "RecordID": "5919", "Level": "4", "UserID": "S-1-5-18", "EventData.InstancePath": "SWD\\ScDeviceEnumBus\\1", "EventData.SessionId": "0"}
{"EventID": "101", "Channel": "Microsoft-Windows-SmartCard-DeviceEnum/Operational", "Provider_Name": "Microsoft-Windows-SmartCard-DeviceEnum", "Computer": "DESKTOP-OFJ6N53", "TimeCreated": "2024-12-23 14:15:16.296465+00:00", "RecordID": "5920", "Level": "4", "UserID": "S-1-5-18", "EventData.InstancePath": "SWD\\ScDeviceEnumBus\\0", "EventData.SessionId": "0"}
{"EventID": "103", "Channel": "Microsoft-Windows-SmartCard-DeviceEnum/Operational", "Provider_Name": "Microsoft-Windows-SmartCard-DeviceEnum", "Computer": "DESKTOP-OFJ6N53", "TimeCreated": "2024-12-23 14:15:16.359453+00:00", "RecordID": "5921", "Level": "4", "UserID": "S-1-5-18"}
{"EventID": "101", "Channel": "Microsoft-Windows-SmartCard-DeviceEnum/Operational", "Provider_Name": "Microsoft-Windows-SmartCard-DeviceEnum", "Computer": "DESKTOP-OFJ6N53", "TimeCreated": "2024-12-23 14:15:18.493061+00:00", "RecordID": "5922", "Level": "4", "UserID": "S-1-5-18", "EventData.InstancePath": "SWD\\ScDeviceEnum\\1_Windows_Hello_for_Business_1", "EventData.SessionId": "1"}
{"EventID": "102", "Channel": "Microsoft-Windows-SmartCard-DeviceEnum/Operational", "Provider_Name": "Microsoft-Windows-SmartCard-DeviceEnum", "Computer": "DESKTOP-OFJ6N53", "TimeCreated": "2024-12-23 14:15:57.055689+00:00", "RecordID": "5923", "Level": "4", "UserID": "S-1-5-18", "EventData.InstancePath": "SWD\\ScDeviceEnum\\1_Windows_Hello_for_Business_1", "EventData.SessionId": "1"}
{"EventID": "104", "Channel": "Microsoft-Windows-SmartCard-DeviceEnum/Operational", "Provider_Name": "Microsoft-Windows-SmartCard-DeviceEnum", "Computer": "DESKTOP-OFJ6N53", "TimeCreated": "2024-12-23 14:16:57.261724+00:00", "RecordID": "5924", "Level": "4", "UserID": "S-1-5-18"}
{"EventID": "101", "Channel": "Microsoft-Windows-SmartCard-DeviceEnum/Operational", "Provider_Name": "Microsoft-Windows-SmartCard-DeviceEnum", "Computer": "DESKTOP-OFJ6N53", "TimeCreated": "2024-12-23 16:06:28.307434+00:00", "RecordID": "5925", "Level": "4", "UserID": "S-1-5-18", "EventData.InstancePath": "SWD\\ScDeviceEnumBus\\1", "EventData.SessionId": "0"}
{"EventID": "101", "Channel": "Microsoft-Windows-SmartCard-DeviceEnum/Operational", "Provider_Name": "Microsoft-Windows-SmartCard-DeviceEnum", "Computer": "DESKTOP-OFJ6N53", "TimeCreated": "2024-12-23 16:06:28.307451+00:00", "RecordID": "5926", "Level": "4", "UserID": "S-1-5-18", "EventData.InstancePath": "SWD\\ScDeviceEnumBus\\0", "EventData.SessionId": "0"}
{"EventID": "103", "Channel": "Microsoft-Windows-SmartCard-DeviceEnum/Operational", "Provider_Name": "Microsoft-Windows-SmartCard-DeviceEnum", "Computer": "DESKTOP-OFJ6N53", "TimeCreated": "2024-12-23 16:06:28.354958+00:00", "RecordID": "5927", "Level": "4", "UserID": "S-1-5-18"}
{"EventID": "101", "Channel": "Microsoft-Windows-SmartCard-DeviceEnum/Operational", "Provider_Name": "Microsoft-Windows-SmartCard-DeviceEnum", "Computer": "DESKTOP-OFJ6N53", "TimeCreated": "2024-12-23 16:06:29.006058+00:00", "RecordID": "5928", "Level": "4", "UserID": "S-1-5-18", "EventData.InstancePath": "SWD\\ScDeviceEnum\\1_Windows_Hello_for_Business_1", "EventData.SessionId": "1"}
{"EventID": "102", "Channel": "Microsoft-Windows-SmartCard-DeviceEnum/Operational", "Provider_Name": "Microsoft-Windows-SmartCard-DeviceEnum", "Computer": "DESKTOP-OFJ6N53", "TimeCreated": "2024-12-23 16:37:57.966452+00:00", "RecordID": "5929", "Level": "4", "UserID": "S-1-5-18", "EventData.InstancePath": "SWD\\ScDeviceEnum\\1_Windows_Hello_for_Business_1", "EventData.SessionId": "1"}
{"EventID": "101", "Channel": "Microsoft-Windows-SmartCard-DeviceEnum/Operational", "Provider_Name": "Microsoft-Windows-SmartCard-DeviceEnum", "Computer": "DESKTOP-OFJ6N53", "TimeCreated": "2024-12-23 16:37:59.660282+00:00", "RecordID": "5930", "Level": "4", "UserID": "S-1-5-18", "EventData.InstancePath": "SWD\\ScDeviceEnum\\1_Windows_Hello_for_Business_1", "EventData.SessionId": "1"}
{"EventID": "102", "Channel": "Microsoft-Windows-SmartCard-DeviceEnum/Operational", "Provider_Name": "Microsoft-Windows-SmartCard-DeviceEnum", "Computer": "DESKTOP-OFJ6N53", "TimeCreated": "2024-12-23 19:21:17.185322+00:00", "RecordID": "5931", "Level": "4", "UserID": "S-1-5-18", "EventData.InstancePath": "SWD\\ScDeviceEnum\\1_Windows_Hello_for_Business_1", "EventData.SessionId": "1"}
{"EventID": "104", "Channel": "Microsoft-Windows-SmartCard-DeviceEnum/Operational", "Provider_Name": "Microsoft-Windows-SmartCard-DeviceEnum", "Computer": "DESKTOP-OFJ6N53", "TimeCreated": "2024-12-23 19:22:17.420876+00:00", "RecordID": "5932", "Level": "4", "UserID": "S-1-5-18"}
{"EventID": "101", "Channel": "Microsoft-Windows-SmartCard-DeviceEnum/Operational", "Provider_Name": "Microsoft-Windows-SmartCard-DeviceEnum", "Computer": "DESKTOP-OFJ6N53", "TimeCreated": "2024-12-24 10:24:28.012909+00:00", "RecordID": "5933", "Level": "4", "UserID": "S-1-5-18", "EventData.InstancePath": "SWD\\ScDeviceEnumBus\\1", "EventData.SessionId": "0"}
{"EventID": "101", "Channel": "Microsoft-Windows-SmartCard-DeviceEnum/Operational", "Provider_Name": "Microsoft-Windows-SmartCard-DeviceEnum", "Computer": "DESKTOP-OFJ6N53", "TimeCreated": "2024-12-24 10:24:28.012928+00:00", "RecordID": "5934", "Level": "4", "UserID": "S-1-5-18", "EventData.InstancePath": "SWD\\ScDeviceEnumBus\\0", "EventData.SessionId": "0"}
{"EventID": "103", "Channel": "Microsoft-Windows-SmartCard-DeviceEnum/Operational", "Provider_Name": "Microsoft-Windows-SmartCard-DeviceEnum", "Computer": "DESKTOP-OFJ6N53", "TimeCreated": "2024-12-24 10:24:28.118307+00:00", "RecordID": "5935", "Level": "4", "UserID": "S-1-5-18"}
{"EventID": "101", "Channel": "Microsoft-Windows-SmartCard-DeviceEnum/Operational", "Provider_Name": "Microsoft-Windows-SmartCard-DeviceEnum", "Computer": "DESKTOP-OFJ6N53", "TimeCreated": "2024-12-24 10:24:28.816521+00:00", "RecordID": "5936", "Level": "4", "UserID": "S-1-5-18", "EventData.InstancePath": "SWD\\ScDeviceEnum\\1_Windows_Hello_for_Business_1", "EventData.SessionId": "1"}
{"EventID": "102", "Channel": "Microsoft-Windows-SmartCard-DeviceEnum/Operational", "Provider_Name": "Microsoft-Windows-SmartCard-DeviceEnum", "Computer": "DESKTOP-OFJ6N53", "TimeCreated": "2024-12-24 14:12:40.416763+00:00", "RecordID": "5937", "Level": "4", "UserID": "S-1-5-18", "EventData.InstancePath": "SWD\\ScDeviceEnum\\1_Windows_Hello_for_Business_1", "EventData.SessionId": "1"}
{"EventID": "104", "Channel": "Microsoft-Windows-SmartCard-DeviceEnum/Operational", "Provider_Name": "Microsoft-Windows-SmartCard-DeviceEnum", "Computer": "DESKTOP-OFJ6N53", "TimeCreated": "2024-12-24 14:13:40.719488+00:00", "RecordID": "5938", "Level": "4", "UserID": "S-1-5-18"}
{"EventID": "101", "Channel": "Microsoft-Windows-SmartCard-DeviceEnum/Operational", "Provider_Name": "Microsoft-Windows-SmartCard-DeviceEnum", "Computer": "DESKTOP-OFJ6N53", "TimeCreated": "2024-12-27 13:29:41.044556+00:00", "RecordID": "5939", "Level": "4", "UserID": "S-1-5-18", "EventData.InstancePath": "SWD\\ScDeviceEnumBus\\1", "EventData.SessionId": "0"}
{"EventID": "101", "Channel": "Microsoft-Windows-SmartCard-DeviceEnum/Operational", "Provider_Name": "Microsoft-Windows-SmartCard-DeviceEnum", "Computer": "DESKTOP-OFJ6N53", "TimeCreated": "2024-12-27 13:29:41.044569+00:00", "RecordID": "5940", "Level": "4", "UserID": "S-1-5-18", "EventData.InstancePath": "SWD\\ScDeviceEnumBus\\0", "EventData.SessionId": "0"}
{"EventID": "103", "Channel": "Microsoft-Windows-SmartCard-DeviceEnum/Operational", "Provider_Name": "Microsoft-Windows-SmartCard-DeviceEnum", "Computer": "DESKTOP-OFJ6N53", "TimeCreated": "2024-12-27 13:29:41.334547+00:00", "RecordID": "5941", "Level": "4", "UserID": "S-1-5-18"}
{"EventID": "101", "Channel": "Microsoft-Windows-SmartCard-DeviceEnum/Operational", "Provider_Name": "Microsoft-Windows-SmartCard-DeviceEnum", "Computer": "DESKTOP-OFJ6N53", "TimeCreated": "2024-12-27 13:29:42.239357+00:00", "RecordID": "5942", "Level": "4", "UserID": "S-1-5-18", "EventData.InstancePath": "SWD\\ScDeviceEnum\\1_Windows_Hello_for_Business_1", "EventData.SessionId": "1"}
{"EventID": "102", "Channel": "Microsoft-Windows-SmartCard-DeviceEnum/Operational", "Provider_Name": "Microsoft-Windows-SmartCard-DeviceEnum", "Computer": "DESKTOP-OFJ6N53", "TimeCreated": "2024-12-27 13:30:37.160172+00:00", "RecordID": "5943", "Level": "4", "UserID": "S-1-5-18", "EventData.InstancePath": "SWD\\ScDeviceEnum\\1_Windows_Hello_for_Business_1", "EventData.SessionId": "1"}
{"EventID": "101", "Channel": "Microsoft-Windows-SmartCard-DeviceEnum/Operational", "Provider_Name": "Microsoft-Windows-SmartCard-DeviceEnum", "Computer": "DESKTOP-OFJ6N53", "TimeCreated": "2024-12-27 13:30:51.913616+00:00", "RecordID": "5944", "Level": "4", "UserID": "S-1-5-18", "EventData.InstancePath": "SWD\\ScDeviceEnum\\1_Windows_Hello_for_Business_1", "EventData.SessionId": "1"}
{"EventID": "102", "Channel": "Microsoft-Windows-SmartCard-DeviceEnum/Operational", "Provider_Name": "Microsoft-Windows-SmartCard-DeviceEnum", "Computer": "DESKTOP-OFJ6N53", "TimeCreated": "2024-12-28 04:12:30.757389+00:00", "RecordID": "5945", "Level": "4", "UserID": "S-1-5-18", "EventData.InstancePath": "SWD\\ScDeviceEnum\\1_Windows_Hello_for_Business_1", "EventData.SessionId": "1"}
{"EventID": "104", "Channel": "Microsoft-Windows-SmartCard-DeviceEnum/Operational", "Provider_Name": "Microsoft-Windows-SmartCard-DeviceEnum", "Computer": "DESKTOP-OFJ6N53", "TimeCreated": "2024-12-28 04:13:31.182089+00:00", "RecordID": "5946", "Level": "4", "UserID": "S-1-5-18"}
{"EventID": "101", "Channel": "Microsoft-Windows-SmartCard-DeviceEnum/Operational", "Provider_Name": "Microsoft-Windows-SmartCard-DeviceEnum", "Computer": "DESKTOP-OFJ6N53", "TimeCreated": "2024-12-28 10:49:05.697704+00:00", "RecordID": "5947", "Level": "4", "UserID": "S-1-5-18", "EventData.InstancePath": "SWD\\ScDeviceEnumBus\\1", "EventData.SessionId": "0"}
{"EventID": "101", "Channel": "Microsoft-Windows-SmartCard-DeviceEnum/Operational", "Provider_Name": "Microsoft-Windows-SmartCard-DeviceEnum", "Computer": "DESKTOP-OFJ6N53", "TimeCreated": "2024-12-28 10:49:05.697779+00:00", "RecordID": "5948", "Level": "4", "UserID": "S-1-5-18", "EventData.InstancePath": "SWD\\ScDeviceEnumBus\\0", "EventData.SessionId": "0"}
{"EventID": "103", "Channel": "Microsoft-Windows-SmartCard-DeviceEnum/Operational", "Provider_Name": "Microsoft-Windows-SmartCard-DeviceEnum", "Computer": "DESKTOP-OFJ6N53", "TimeCreated": "2024-12-28 10:49:05.715681+00:00", "RecordID": "5949", "Level": "4", "UserID": "S-1-5-18"}
{"EventID": "101", "Channel": "Microsoft-Windows-SmartCard-DeviceEnum/Operational", "Provider_Name": "Microsoft-Windows-SmartCard-DeviceEnum", "Computer": "DESKTOP-OFJ6N53", "TimeCreated": "2024-12-28 10:49:07.104237+00:00", "RecordID": "5950", "Level": "4", "UserID": "S-1-5-18", "EventData.InstancePath": "SWD\\ScDeviceEnum\\1_Windows_Hello_for_Business_1", "EventData.SessionId": "1"}
{"EventID": "102", "Channel": "Microsoft-Windows-SmartCard-DeviceEnum/Operational", "Provider_Name": "Microsoft-Windows-SmartCard-DeviceEnum", "Computer": "DESKTOP-OFJ6N53", "TimeCreated": "2024-12-29 04:12:38.933414+00:00", "RecordID": "5951", "Level": "4", "UserID": "S-1-5-18", "EventData.InstancePath": "SWD\\ScDeviceEnum\\1_Windows_Hello_for_Business_1", "EventData.SessionId": "1"}
{"EventID": "104", "Channel": "Microsoft-Windows-SmartCard-DeviceEnum/Operational", "Provider_Name": "Microsoft-Windows-SmartCard-DeviceEnum", "Computer": "DESKTOP-OFJ6N53", "TimeCreated": "2024-12-29 04:13:39.111561+00:00", "RecordID": "5952", "Level": "4", "UserID": "S-1-5-18"}
{"EventID": "101", "Channel": "Microsoft-Windows-SmartCard-DeviceEnum/Operational", "Provider_Name": "Microsoft-Windows-SmartCard-DeviceEnum", "Computer": "DESKTOP-OFJ6N53", "TimeCreated": "2024-12-30 13:40:19.573082+00:00", "RecordID": "5953", "Level": "4", "UserID": "S-1-5-18", "EventData.InstancePath": "SWD\\ScDeviceEnumBus\\1", "EventData.SessionId": "0"}
{"EventID": "101", "Channel": "Microsoft-Windows-SmartCard-DeviceEnum/Operational", "Provider_Name": "Microsoft-Windows-SmartCard-DeviceEnum", "Computer": "DESKTOP-OFJ6N53", "TimeCreated": "2024-12-30 13:40:19.573479+00:00", "RecordID": "5954", "Level": "4", "UserID": "S-1-5-18", "EventData.InstancePath": "SWD\\ScDeviceEnumBus\\0", "EventData.SessionId": "0"}
{"EventID": "103", "Channel": "Microsoft-Windows-SmartCard-DeviceEnum/Operational", "Provider_Name": "Microsoft-Windows-SmartCard-DeviceEnum", "Computer": "DESKTOP-OFJ6N53", "TimeCreated": "2024-12-30 13:40:19.630432+00:00", "RecordID": "5955", "Level": "4", "UserID": "S-1-5-18"}
{"EventID": "101", "Channel": "Microsoft-Windows-SmartCard-DeviceEnum/Operational", "Provider_Name": "Microsoft-Windows-SmartCard-DeviceEnum", "Computer": "DESKTOP-OFJ6N53", "TimeCreated": "2024-12-30 13:40:20.008789+00:00", "RecordID": "5956", "Level": "4", "UserID": "S-1-5-18", "EventData.InstancePath": "SWD\\ScDeviceEnum\\1_Windows_Hello_for_Business_1", "EventData.SessionId": "1"}
{"EventID": "102", "Channel": "Microsoft-Windows-SmartCard-DeviceEnum/Operational", "Provider_Name": "Microsoft-Windows-SmartCard-DeviceEnum", "Computer": "DESKTOP-OFJ6N53", "TimeCreated": "2024-12-30 13:40:53.054592+00:00", "RecordID": "5957", "Level": "4", "UserID": "S-1-5-18", "EventData.InstancePath": "SWD\\ScDeviceEnum\\1_Windows_Hello_for_Business_1", "EventData.SessionId": "1"}
{"EventID": "104", "Channel": "Microsoft-Windows-SmartCard-DeviceEnum/Operational", "Provider_Name": "Microsoft-Windows-SmartCard-DeviceEnum", "Computer": "DESKTOP-OFJ6N53", "TimeCreated": "2024-12-30 13:41:53.340050+00:00", "RecordID": "5958", "Level": "4", "UserID": "S-1-5-18"}
{"EventID": "101", "Channel": "Microsoft-Windows-SmartCard-DeviceEnum/Operational", "Provider_Name": "Microsoft-Windows-SmartCard-DeviceEnum", "Computer": "DESKTOP-OFJ6N53", "TimeCreated": "2024-12-30 14:59:20.618870+00:00", "RecordID": "5959", "Level": "4", "UserID": "S-1-5-18", "EventData.InstancePath": "SWD\\ScDeviceEnumBus\\1", "EventData.SessionId": "0"}
{"EventID": "101", "Channel": "Microsoft-Windows-SmartCard-DeviceEnum/Operational", "Provider_Name": "Microsoft-Windows-SmartCard-DeviceEnum", "Computer": "DESKTOP-OFJ6N53", "TimeCreated": "2024-12-30 14:59:20.618885+00:00", "RecordID": "5960", "Level": "4", "UserID": "S-1-5-18", "EventData.InstancePath": "SWD\\ScDeviceEnumBus\\0", "EventData.SessionId": "0"}
{"EventID": "103", "Channel": "Microsoft-Windows-SmartCard-DeviceEnum/Operational", "Provider_Name": "Microsoft-Windows-SmartCard-DeviceEnum", "Computer": "DESKTOP-OFJ6N53", "TimeCreated": "2024-12-30 14:59:20.780910+00:00", "RecordID": "5961", "Level": "4", "UserID": "S-1-5-18"}
{"EventID": "101", "Channel": "Microsoft-Windows-SmartCard-DeviceEnum/Operational", "Provider_Name": "Microsoft-Windows-SmartCard-DeviceEnum", "Computer": "DESKTOP-OFJ6N53", "TimeCreated": "2024-12-30 14:59:21.994654+00:00", "RecordID": "5962", "Level": "4", "UserID": "S-1-5-18", "EventData.InstancePath": "SWD\\ScDeviceEnum\\1_Windows_Hello_for_Business_1", "EventData.SessionId": "1"}
{"EventID": "102", "Channel": "Microsoft-Windows-SmartCard-DeviceEnum/Operational", "Provider_Name": "Microsoft-Windows-SmartCard-DeviceEnum", "Computer": "DESKTOP-OFJ6N53", "TimeCreated": "2024-12-30 15:34:56.443388+00:00", "RecordID": "5963", "Level": "4", "UserID": "S-1-5-18", "EventData.InstancePath": "SWD\\ScDeviceEnum\\1_Windows_Hello_for_Business_1", "EventData.SessionId": "1"}
{"EventID": "104", "Channel": "Microsoft-Windows-SmartCard-DeviceEnum/Operational", "Provider_Name": "Microsoft-Windows-SmartCard-DeviceEnum", "Computer": "DESKTOP-OFJ6N53", "TimeCreated": "2024-12-30 15:35:56.625872+00:00", "RecordID": "5964", "Level": "4", "UserID": "S-1-5-18"}
{"EventID": "101", "Channel": "Microsoft-Windows-SmartCard-DeviceEnum/Operational", "Provider_Name": "Microsoft-Windows-SmartCard-DeviceEnum", "Computer": "DESKTOP-OFJ6N53", "TimeCreated": "2025-01-09 11:28:54.735708+00:00", "RecordID": "5965", "Level": "4", "UserID": "S-1-5-18", "EventData.InstancePath": "SWD\\ScDeviceEnumBus\\1", "EventData.SessionId": "0"}
{"EventID": "101", "Channel": "Microsoft-Windows-SmartCard-DeviceEnum/Operational", "Provider_Name": "Microsoft-Windows-SmartCard-DeviceEnum", "Computer": "DESKTOP-OFJ6N53", "TimeCreated": "2025-01-09 11:28:54.735723+00:00", "RecordID": "5966", "Level": "4", "UserID": "S-1-5-18", "EventData.InstancePath": "SWD\\ScDeviceEnumBus\\0", "EventData.SessionId": "0"}
{"EventID": "103", "Channel": "Microsoft-Windows-SmartCard-DeviceEnum/Operational", "Provider_Name": "Microsoft-Windows-SmartCard-DeviceEnum", "Computer": "DESKTOP-OFJ6N53", "TimeCreated": "2025-01-09 11:28:54.779591+00:00", "RecordID": "5967", "Level": "4", "UserID": "S-1-5-18"}
{"EventID": "101", "Channel": "Microsoft-Windows-SmartCard-DeviceEnum/Operational", "Provider_Name": "Microsoft-Windows-SmartCard-DeviceEnum", "Computer": "DESKTOP-OFJ6N53", "TimeCreated": "2025-01-09 11:28:55.074862+00:00", "RecordID": "5968", "Level": "4", "UserID": "S-1-5-18", "EventData.InstancePath": "SWD\\ScDeviceEnum\\1_Windows_Hello_for_Business_1", "EventData.SessionId": "1"}
{"EventID": "102", "Channel": "Microsoft-Windows-SmartCard-DeviceEnum/Operational", "Provider_Name": "Microsoft-Windows-SmartCard-DeviceEnum", "Computer": "DESKTOP-OFJ6N53", "TimeCreated": "2025-01-09 13:06:35.468697+00:00", "RecordID": "5969", "Level": "4", "UserID": "S-1-5-18", "EventData.InstancePath": "SWD\\ScDeviceEnum\\1_Windows_Hello_for_Business_1", "EventData.SessionId": "1"}
{"EventID": "104", "Channel": "Microsoft-Windows-SmartCard-DeviceEnum/Operational", "Provider_Name": "Microsoft-Windows-SmartCard-DeviceEnum", "Computer": "DESKTOP-OFJ6N53", "TimeCreated": "2025-01-09 13:07:35.822184+00:00", "RecordID": "5970", "Level": "4", "UserID": "S-1-5-18"}
{"EventID": "101", "Channel": "Microsoft-Windows-SmartCard-DeviceEnum/Operational", "Provider_Name": "Microsoft-Windows-SmartCard-DeviceEnum", "Computer": "DESKTOP-OFJ6N53", "TimeCreated": "2025-01-09 13:16:04.615076+00:00", "RecordID": "5971", "Level": "4", "UserID": "S-1-5-18", "EventData.InstancePath": "SWD\\ScDeviceEnumBus\\1", "EventData.SessionId": "0"}
{"EventID": "101", "Channel": "Microsoft-Windows-SmartCard-DeviceEnum/Operational", "Provider_Name": "Microsoft-Windows-SmartCard-DeviceEnum", "Computer": "DESKTOP-OFJ6N53", "TimeCreated": "2025-01-09 13:16:04.615093+00:00", "RecordID": "5972", "Level": "4", "UserID": "S-1-5-18", "EventData.InstancePath": "SWD\\ScDeviceEnumBus\\0", "EventData.SessionId": "0"}
{"EventID": "103", "Channel": "Microsoft-Windows-SmartCard-DeviceEnum/Operational", "Provider_Name": "Microsoft-Windows-SmartCard-DeviceEnum", "Computer": "DESKTOP-OFJ6N53", "TimeCreated": "2025-01-09 13:16:04.724846+00:00", "RecordID": "5973", "Level": "4", "UserID": "S-1-5-18"}
{"EventID": "101", "Channel": "Microsoft-Windows-SmartCard-DeviceEnum/Operational", "Provider_Name": "Microsoft-Windows-SmartCard-DeviceEnum", "Computer": "DESKTOP-OFJ6N53", "TimeCreated": "2025-01-09 13:16:05.155760+00:00", "RecordID": "5974", "Level": "4", "UserID": "S-1-5-18", "EventData.InstancePath": "SWD\\ScDeviceEnum\\1_Windows_Hello_for_Business_1", "EventData.SessionId": "1"}
{"EventID": "101", "Channel": "Microsoft-Windows-SmartCard-DeviceEnum/Operational", "Provider_Name": "Microsoft-Windows-SmartCard-DeviceEnum", "Computer": "DESKTOP-OFJ6N53", "TimeCreated": "2025-01-09 14:55:20.862293+00:00", "RecordID": "5975", "Level": "4", "UserID": "S-1-5-18", "EventData.InstancePath": "SWD\\ScDeviceEnumBus\\1", "EventData.SessionId": "0"}
{"EventID": "101", "Channel": "Microsoft-Windows-SmartCard-DeviceEnum/Operational", "Provider_Name": "Microsoft-Windows-SmartCard-DeviceEnum", "Computer": "DESKTOP-OFJ6N53", "TimeCreated": "2025-01-09 14:55:20.862316+00:00", "RecordID": "5976", "Level": "4", "UserID": "S-1-5-18", "EventData.InstancePath": "SWD\\ScDeviceEnumBus\\0", "EventData.SessionId": "0"}
{"EventID": "103", "Channel": "Microsoft-Windows-SmartCard-DeviceEnum/Operational", "Provider_Name": "Microsoft-Windows-SmartCard-DeviceEnum", "Computer": "DESKTOP-OFJ6N53", "TimeCreated": "2025-01-09 14:55:20.877327+00:00", "RecordID": "5977", "Level": "4", "UserID": "S-1-5-18"}
{"EventID": "101", "Channel": "Microsoft-Windows-SmartCard-DeviceEnum/Operational", "Provider_Name": "Microsoft-Windows-SmartCard-DeviceEnum", "Computer": "DESKTOP-OFJ6N53", "TimeCreated": "2025-01-09 14:55:21.194366+00:00", "RecordID": "5978", "Level": "4", "UserID": "S-1-5-18", "EventData.InstancePath": "SWD\\ScDeviceEnum\\1_Windows_Hello_for_Business_1", "EventData.SessionId": "1"}
{"EventID": "102", "Channel": "Microsoft-Windows-SmartCard-DeviceEnum/Operational", "Provider_Name": "Microsoft-Windows-SmartCard-DeviceEnum", "Computer": "DESKTOP-OFJ6N53", "TimeCreated": "2025-01-09 14:55:21.222076+00:00", "RecordID": "5979", "Level": "4", "UserID": "S-1-5-18", "EventData.InstancePath": "SWD\\ScDeviceEnum\\1_Windows_Hello_for_Business_1", "EventData.SessionId": "1"}
{"EventID": "104", "Channel": "Microsoft-Windows-SmartCard-DeviceEnum/Operational", "Provider_Name": "Microsoft-Windows-SmartCard-DeviceEnum", "Computer": "DESKTOP-OFJ6N53", "TimeCreated": "2025-01-09 14:56:21.451313+00:00", "RecordID": "5980", "Level": "4", "UserID": "S-1-5-18"}
{"EventID": "101", "Channel": "Microsoft-Windows-SmartCard-DeviceEnum/Operational", "Provider_Name": "Microsoft-Windows-SmartCard-DeviceEnum", "Computer": "DESKTOP-OFJ6N53", "TimeCreated": "2025-01-09 14:56:23.842009+00:00", "RecordID": "5981", "Level": "4", "UserID": "S-1-5-18", "EventData.InstancePath": "SWD\\ScDeviceEnumBus\\1", "EventData.SessionId": "0"}
{"EventID": "101", "Channel": "Microsoft-Windows-SmartCard-DeviceEnum/Operational", "Provider_Name": "Microsoft-Windows-SmartCard-DeviceEnum", "Computer": "DESKTOP-OFJ6N53", "TimeCreated": "2025-01-09 14:56:23.842026+00:00", "RecordID": "5982", "Level": "4", "UserID": "S-1-5-18", "EventData.InstancePath": "SWD\\ScDeviceEnumBus\\0", "EventData.SessionId": "0"}
{"EventID": "103", "Channel": "Microsoft-Windows-SmartCard-DeviceEnum/Operational", "Provider_Name": "Microsoft-Windows-SmartCard-DeviceEnum", "Computer": "DESKTOP-OFJ6N53", "TimeCreated": "2025-01-09 14:56:23.920872+00:00", "RecordID": "5983", "Level": "4", "UserID": "S-1-5-18"}
{"EventID": "101", "Channel": "Microsoft-Windows-SmartCard-DeviceEnum/Operational", "Provider_Name": "Microsoft-Windows-SmartCard-DeviceEnum", "Computer": "DESKTOP-OFJ6N53", "TimeCreated": "2025-01-09 14:56:27.198820+00:00", "RecordID": "5984", "Level": "4", "UserID": "S-1-5-18", "EventData.InstancePath": "SWD\\ScDeviceEnum\\1_Windows_Hello_for_Business_1", "EventData.SessionId": "1"}
{"EventID": "102", "Channel": "Microsoft-Windows-SmartCard-DeviceEnum/Operational", "Provider_Name": "Microsoft-Windows-SmartCard-DeviceEnum", "Computer": "DESKTOP-OFJ6N53", "TimeCreated": "2025-01-09 16:34:00.589443+00:00", "RecordID": "5985", "Level": "4", "UserID": "S-1-5-18", "EventData.InstancePath": "SWD\\ScDeviceEnum\\1_Windows_Hello_for_Business_1", "EventData.SessionId": "1"}
{"EventID": "104", "Channel": "Microsoft-Windows-SmartCard-DeviceEnum/Operational", "Provider_Name": "Microsoft-Windows-SmartCard-DeviceEnum", "Computer": "DESKTOP-OFJ6N53", "TimeCreated": "2025-01-09 16:35:00.785164+00:00", "RecordID": "5986", "Level": "4", "UserID": "S-1-5-18"}
{"EventID": "101", "Channel": "Microsoft-Windows-SmartCard-DeviceEnum/Operational", "Provider_Name": "Microsoft-Windows-SmartCard-DeviceEnum", "Computer": "DESKTOP-OFJ6N53", "TimeCreated": "2025-01-10 07:43:27.680683+00:00", "RecordID": "5987", "Level": "4", "UserID": "S-1-5-18", "EventData.InstancePath": "SWD\\ScDeviceEnumBus\\1", "EventData.SessionId": "0"}
{"EventID": "101", "Channel": "Microsoft-Windows-SmartCard-DeviceEnum/Operational", "Provider_Name": "Microsoft-Windows-SmartCard-DeviceEnum", "Computer": "DESKTOP-OFJ6N53", "TimeCreated": "2025-01-10 07:43:27.680769+00:00", "RecordID": "5988", "Level": "4", "UserID": "S-1-5-18", "EventData.InstancePath": "SWD\\ScDeviceEnumBus\\0", "EventData.SessionId": "0"}
{"EventID": "103", "Channel": "Microsoft-Windows-SmartCard-DeviceEnum/Operational", "Provider_Name": "Microsoft-Windows-SmartCard-DeviceEnum", "Computer": "DESKTOP-OFJ6N53", "TimeCreated": "2025-01-10 07:43:27.706633+00:00", "RecordID": "5989", "Level": "4", "UserID": "S-1-5-18"}
{"EventID": "101", "Channel": "Microsoft-Windows-SmartCard-DeviceEnum/Operational", "Provider_Name": "Microsoft-Windows-SmartCard-DeviceEnum", "Computer": "DESKTOP-OFJ6N53", "TimeCreated": "2025-01-10 07:43:27.978281+00:00", "RecordID": "5990", "Level": "4", "UserID": "S-1-5-18", "EventData.InstancePath": "SWD\\ScDeviceEnum\\1_Windows_Hello_for_Business_1", "EventData.SessionId": "1"}
{"EventID": "102", "Channel": "Microsoft-Windows-SmartCard-DeviceEnum/Operational", "Provider_Name": "Microsoft-Windows-SmartCard-DeviceEnum", "Computer": "DESKTOP-OFJ6N53", "TimeCreated": "2025-01-10 07:52:14.572491+00:00", "RecordID": "5991", "Level": "4", "UserID": "S-1-5-18", "EventData.InstancePath": "SWD\\ScDeviceEnum\\1_Windows_Hello_for_Business_1", "EventData.SessionId": "1"}
{"EventID": "104", "Channel": "Microsoft-Windows-SmartCard-DeviceEnum/Operational", "Provider_Name": "Microsoft-Windows-SmartCard-DeviceEnum", "Computer": "DESKTOP-OFJ6N53", "TimeCreated": "2025-01-10 07:53:14.721167+00:00", "RecordID": "5992", "Level": "4", "UserID": "S-1-5-18"}
{"EventID": "101", "Channel": "Microsoft-Windows-SmartCard-DeviceEnum/Operational", "Provider_Name": "Microsoft-Windows-SmartCard-DeviceEnum", "Computer": "DESKTOP-OFJ6N53", "TimeCreated": "2025-01-13 09:25:42.548281+00:00", "RecordID": "5993", "Level": "4", "UserID": "S-1-5-18", "EventData.InstancePath": "SWD\\ScDeviceEnumBus\\1", "EventData.SessionId": "0"}
{"EventID": "101", "Channel": "Microsoft-Windows-SmartCard-DeviceEnum/Operational", "Provider_Name": "Microsoft-Windows-SmartCard-DeviceEnum", "Computer": "DESKTOP-OFJ6N53", "TimeCreated": "2025-01-13 09:25:42.548298+00:00", "RecordID": "5994", "Level": "4", "UserID": "S-1-5-18", "EventData.InstancePath": "SWD\\ScDeviceEnumBus\\0", "EventData.SessionId": "0"}
{"EventID": "103", "Channel": "Microsoft-Windows-SmartCard-DeviceEnum/Operational", "Provider_Name": "Microsoft-Windows-SmartCard-DeviceEnum", "Computer": "DESKTOP-OFJ6N53", "TimeCreated": "2025-01-13 09:25:42.561735+00:00", "RecordID": "5995", "Level": "4", "UserID": "S-1-5-18"}
{"EventID": "101", "Channel": "Microsoft-Windows-SmartCard-DeviceEnum/Operational", "Provider_Name": "Microsoft-Windows-SmartCard-DeviceEnum", "Computer": "DESKTOP-OFJ6N53", "TimeCreated": "2025-01-13 09:25:42.827076+00:00", "RecordID": "5996", "Level": "4", "UserID": "S-1-5-18", "EventData.InstancePath": "SWD\\ScDeviceEnum\\1_Windows_Hello_for_Business_1", "EventData.SessionId": "1"}
{"EventID": "102", "Channel": "Microsoft-Windows-SmartCard-DeviceEnum/Operational", "Provider_Name": "Microsoft-Windows-SmartCard-DeviceEnum", "Computer": "DESKTOP-OFJ6N53", "TimeCreated": "2025-01-14 02:42:01.379553+00:00", "RecordID": "5997", "Level": "4", "UserID": "S-1-5-18", "EventData.InstancePath": "SWD\\ScDeviceEnum\\1_Windows_Hello_for_Business_1", "EventData.SessionId": "1"}
{"EventID": "104", "Channel": "Microsoft-Windows-SmartCard-DeviceEnum/Operational", "Provider_Name": "Microsoft-Windows-SmartCard-DeviceEnum", "Computer": "DESKTOP-OFJ6N53", "TimeCreated": "2025-01-14 02:43:01.496832+00:00", "RecordID": "5998", "Level": "4", "UserID": "S-1-5-18"}
{"EventID": "101", "Channel": "Microsoft-Windows-SmartCard-DeviceEnum/Operational", "Provider_Name": "Microsoft-Windows-SmartCard-DeviceEnum", "Computer": "DESKTOP-OFJ6N53", "TimeCreated": "2025-01-14 03:51:25.831203+00:00", "RecordID": "5999", "Level": "4", "UserID": "S-1-5-18", "EventData.InstancePath": "SWD\\ScDeviceEnumBus\\1", "EventData.SessionId": "0"}
{"EventID": "101", "Channel": "Microsoft-Windows-SmartCard-DeviceEnum/Operational", "Provider_Name": "Microsoft-Windows-SmartCard-DeviceEnum", "Computer": "DESKTOP-OFJ6N53", "TimeCreated": "2025-01-14 03:51:25.831223+00:00", "RecordID": "6000", "Level": "4", "UserID": "S-1-5-18", "EventData.InstancePath": "SWD\\ScDeviceEnumBus\\0", "EventData.SessionId": "0"}
{"EventID": "103", "Channel": "Microsoft-Windows-SmartCard-DeviceEnum/Operational", "Provider_Name": "Microsoft-Windows-SmartCard-DeviceEnum", "Computer": "DESKTOP-OFJ6N53", "TimeCreated": "2025-01-14 03:51:25.842777+00:00", "RecordID": "6001", "Level": "4", "UserID": "S-1-5-18"}
{"EventID": "101", "Channel": "Microsoft-Windows-SmartCard-DeviceEnum/Operational", "Provider_Name": "Microsoft-Windows-SmartCard-DeviceEnum", "Computer": "DESKTOP-OFJ6N53", "TimeCreated": "2025-01-14 03:51:26.077227+00:00", "RecordID": "6002", "Level": "4", "UserID": "S-1-5-18", "EventData.InstancePath": "SWD\\ScDeviceEnum\\1_Windows_Hello_for_Business_1", "EventData.SessionId": "1"}
