{"EventID": "211", "Channel": "Microsoft-Windows-AppModel-Runtime/Admin", "Provider_Name": "Microsoft-Windows-AppModel-Runtime", "Computer": "DESKTOP-OFJ6N53", "TimeCreated": "2025-08-14 12:47:58.140678+00:00", "RecordID": "13147", "Level": "4", "UserID": "S-1-5-18", "EventData.ProcessID": "13288", "EventData.PackageName": "Microsoft.DesktopAppInstaller_1.26.430.0_x64__8wekyb3d8bbwe", "EventData.ContainerId": "582641f5-7853-11f0-a766-005056b235ad"}
{"EventID": "201", "Channel": "Microsoft-Windows-AppModel-Runtime/Admin", "Provider_Name": "Microsoft-Windows-AppModel-Runtime", "Computer": "DESKTOP-OFJ6N53", "TimeCreated": "2025-08-14 12:47:58.208160+00:00", "RecordID": "13148", "Level": "4", "UserID": "S-1-5-18", "EventData.ProcessID": "13288", "EventData.PackageName": "Microsoft.DesktopAppInstaller_1.26.430.0_x64__8wekyb3d8bbwe", "EventData.ImageName": "AppInstallerPythonRedirector.exe", "EventData.ApplicationName": "Microsoft.DesktopAppInstaller_8wekyb3d8bbwe!PythonRedirector", "EventData.Message": "[FinishPackageActivation]"}
{"EventID": "217", "Channel": "Microsoft-Windows-AppModel-Runtime/Admin", "Provider_Name": "Microsoft-Windows-AppModel-Runtime", "Computer": "DESKTOP-OFJ6N53", "TimeCreated": "2025-08-14 12:47:58.605848+00:00", "RecordID": "13149", "Level": "4", "UserID": "S-1-5-18", "EventData.PackageName": "Microsoft.DesktopAppInstaller_1.26.430.0_x64__8wekyb3d8bbwe", "EventData.ContainerId": "582641f5-7853-11f0-a766-005056b235ad"}
{"EventID": "210", "Channel": "Microsoft-Windows-AppModel-Runtime/Admin", "Provider_Name": "Microsoft-Windows-AppModel-Runtime", "Computer": "DESKTOP-OFJ6N53", "TimeCreated": "2025-08-14 12:50:10.357931+00:00", "RecordID": "13150", "Level": "4", "UserID": "S-1-5-18", "EventData.PackageName": "Microsoft.DesktopAppInstaller_1.26.430.0_x64__8wekyb3d8bbwe", "EventData.ContainerName": "Microsoft.DesktopAppInstaller_1.26.430.0_x64__8wekyb3d8bbwe-S-1-5-21-963789628-1060504924-4285088085-1001", "EventData.ContainerId": "5826421b-7853-11f0-a766-005056b235ad"}
{"EventID": "211", "Channel": "Microsoft-Windows-AppModel-Runtime/Admin", "Provider_Name": "Microsoft-Windows-AppModel-Runtime", "Computer": "DESKTOP-OFJ6N53", "TimeCreated": "2025-08-14 12:50:10.357981+00:00", "RecordID": "13151", "Level": "4", "UserID": "S-1-5-18", "EventData.ProcessID": "12640", "EventData.PackageName": "Microsoft.DesktopAppInstaller_1.26.430.0_x64__8wekyb3d8bbwe", "EventData.ContainerId": "5826421b-7853-11f0-a766-005056b235ad"}
{"EventID": "201", "Channel": "Microsoft-Windows-AppModel-Runtime/Admin", "Provider_Name": "Microsoft-Windows-AppModel-Runtime", "Computer": "DESKTOP-OFJ6N53", "TimeCreated": "2025-08-14 12:50:10.359798+00:00", "RecordID": "13152", "Level": "4", "UserID": "S-1-5-18", "EventData.ProcessID": "12640", "EventData.PackageName": "Microsoft.DesktopAppInstaller_1.26.430.0_x64__8wekyb3d8bbwe", "EventData.ImageName": "AppInstallerPythonRedirector.exe", "EventData.ApplicationName": "Microsoft.DesktopAppInstaller_8wekyb3d8bbwe!PythonRedirector", "EventData.Message": "[FinishPackageActivation]"}
{"EventID": "217", "Channel": "Microsoft-Windows-AppModel-Runtime/Admin", "Provider_Name": "Microsoft-Windows-AppModel-Runtime", "Computer": "DESKTOP-OFJ6N53", "TimeCreated": "2025-08-14 12:50:10.463367+00:00", "RecordID": "13153", "Level": "4", "UserID": "S-1-5-18", "EventData.PackageName": "Microsoft.DesktopAppInstaller_1.26.430.0_x64__8wekyb3d8bbwe", "EventData.ContainerId": "5826421b-7853-11f0-a766-005056b235ad"}
{"EventID": "217", "Channel": "Microsoft-Windows-AppModel-Runtime/Admin", "Provider_Name": "Microsoft-Windows-AppModel-Runtime", "Computer": "DESKTOP-OFJ6N53", "TimeCreated": "2025-08-14 12:55:04.174103+00:00", "RecordID": "13154", "Level": "4", "UserID": "S-1-5-18", "EventData.PackageName": "Microsoft.YourPhone_1.25071.54.0_x64__8wekyb3d8bbwe", "EventData.ContainerId": "58263b5c-7853-11f0-a766-005056b235ad"}
{"EventID": "210", "Channel": "Microsoft-Windows-AppModel-Runtime/Admin", "Provider_Name": "Microsoft-Windows-AppModel-Runtime", "Computer": "DESKTOP-OFJ6N53", "TimeCreated": "2025-08-14 14:39:08.199863+00:00", "RecordID": "13155", "Level": "4", "UserID": "S-1-5-18", "EventData.PackageName": "Microsoft.YourPhone_1.25071.54.0_x64__8wekyb3d8bbwe", "EventData.ContainerName": "Microsoft.YourPhone_1.25071.54.0_x64__8wekyb3d8bbwe-S-1-5-21-963789628-1060504924-4285088085-1001", "EventData.ContainerId": "582643b8-7853-11f0-a766-005056b235ad"}
{"EventID": "211", "Channel": "Microsoft-Windows-AppModel-Runtime/Admin", "Provider_Name": "Microsoft-Windows-AppModel-Runtime", "Computer": "DESKTOP-OFJ6N53", "TimeCreated": "2025-08-14 14:39:08.199917+00:00", "RecordID": "13156", "Level": "4", "UserID": "S-1-5-18", "EventData.ProcessID": "4512", "EventData.PackageName": "Microsoft.YourPhone_1.25071.54.0_x64__8wekyb3d8bbwe", "EventData.ContainerId": "582643b8-7853-11f0-a766-005056b235ad"}
{"EventID": "210", "Channel": "Microsoft-Windows-AppModel-Runtime/Admin", "Provider_Name": "Microsoft-Windows-AppModel-Runtime", "Computer": "DESKTOP-OFJ6N53", "TimeCreated": "2025-08-14 17:02:01.569139+00:00", "RecordID": "13157", "Level": "4", "UserID": "S-1-5-18", "EventData.PackageName": "Microsoft.XboxGamingOverlay_7.325.7090.0_x64__8wekyb3d8bbwe", "EventData.ContainerName": "Microsoft.XboxGamingOverlay_7.325.7090.0_x64__8wekyb3d8bbwe-S-1-5-21-963789628-1060504924-4285088085-1001", "EventData.ContainerId": "58264641-7853-11f0-a766-005056b235ad"}
{"EventID": "211", "Channel": "Microsoft-Windows-AppModel-Runtime/Admin", "Provider_Name": "Microsoft-Windows-AppModel-Runtime", "Computer": "DESKTOP-OFJ6N53", "TimeCreated": "2025-08-14 17:02:01.569180+00:00", "RecordID": "13158", "Level": "4", "UserID": "S-1-5-18", "EventData.ProcessID": "11296", "EventData.PackageName": "Microsoft.XboxGamingOverlay_7.325.7090.0_x64__8wekyb3d8bbwe", "EventData.ContainerId": "58264641-7853-11f0-a766-005056b235ad"}
{"EventID": "217", "Channel": "Microsoft-Windows-AppModel-Runtime/Admin", "Provider_Name": "Microsoft-Windows-AppModel-Runtime", "Computer": "DESKTOP-OFJ6N53", "TimeCreated": "2025-08-14 17:07:01.275856+00:00", "RecordID": "13159", "Level": "4", "UserID": "S-1-5-18", "EventData.PackageName": "Microsoft.XboxGamingOverlay_7.325.7090.0_x64__8wekyb3d8bbwe", "EventData.ContainerId": "58264641-7853-11f0-a766-005056b235ad"}
{"EventID": "217", "Channel": "Microsoft-Windows-AppModel-Runtime/Admin", "Provider_Name": "Microsoft-Windows-AppModel-Runtime", "Computer": "DESKTOP-OFJ6N53", "TimeCreated": "2025-08-14 22:00:05.128893+00:00", "RecordID": "13160", "Level": "4", "UserID": "S-1-5-18", "EventData.PackageName": "Microsoft.YourPhone_1.25071.54.0_x64__8wekyb3d8bbwe", "EventData.ContainerId": "582643b8-7853-11f0-a766-005056b235ad"}
{"EventID": "70", "Channel": "Microsoft-Windows-AppModel-Runtime/Admin", "Provider_Name": "Microsoft-Windows-AppModel-Runtime", "Computer": "DESKTOP-OFJ6N53", "TimeCreated": "2025-08-14 22:04:49.198578+00:00", "RecordID": "13161", "Level": "4", "UserID": "S-1-5-18", "EventData.PackageFullName": "Microsoft.HEIFImageExtension_1.2.20.0_x64__8wekyb3d8bbwe", "EventData.User": "S-1-5-21-963789628-1060504924-4285088085-1001", "EventData.DesiredStatus": "32", "EventData.CurrentStatus": "0"}
{"EventID": "69", "Channel": "Microsoft-Windows-AppModel-Runtime/Admin", "Provider_Name": "Microsoft-Windows-AppModel-Runtime", "Computer": "DESKTOP-OFJ6N53", "TimeCreated": "2025-08-14 22:04:49.198795+00:00", "RecordID": "13162", "Level": "4", "UserID": "S-1-5-18", "EventData.ErrorCode": "1168", "EventData.PackageFullName": "Microsoft.HEIFImageExtension_1.2.22.0_x64__8wekyb3d8bbwe", "EventData.User": "S-1-5-21-963789628-1060504924-4285088085-1001", "EventData.DesiredStatus": "32", "EventData.CurrentStatus": "0"}
{"EventID": "42", "Channel": "Microsoft-Windows-AppModel-Runtime/Admin", "Provider_Name": "Microsoft-Windows-AppModel-Runtime", "Computer": "DESKTOP-OFJ6N53", "TimeCreated": "2025-08-14 22:04:49.811392+00:00", "RecordID": "13163", "Level": "4", "UserID": "S-1-5-21-963789628-1060504924-4285088085-1001", "EventData.AppContainerName": "Microsoft.HEIFImageExtension_8wekyb3d8bbwe"}
{"EventID": "70", "Channel": "Microsoft-Windows-AppModel-Runtime/Admin", "Provider_Name": "Microsoft-Windows-AppModel-Runtime", "Computer": "DESKTOP-OFJ6N53", "TimeCreated": "2025-08-14 22:04:51.790209+00:00", "RecordID": "13164", "Level": "4", "UserID": "S-1-5-18", "EventData.PackageFullName": "Microsoft.HEIFImageExtension_1.2.22.0_x64__8wekyb3d8bbwe", "EventData.User": "S-1-5-21-963789628-1060504924-4285088085-1001", "EventData.DesiredStatus": "0", "EventData.CurrentStatus": "32"}
{"EventID": "70", "Channel": "Microsoft-Windows-AppModel-Runtime/Admin", "Provider_Name": "Microsoft-Windows-AppModel-Runtime", "Computer": "DESKTOP-OFJ6N53", "TimeCreated": "2025-08-14 22:05:07.857016+00:00", "RecordID": "13165", "Level": "4", "UserID": "S-1-5-18", "EventData.PackageFullName": "Microsoft.ZuneMusic_11.2505.2.0_x64__8wekyb3d8bbwe", "EventData.User": "S-1-5-21-963789628-1060504924-4285088085-1001", "EventData.DesiredStatus": "32", "EventData.CurrentStatus": "0"}
{"EventID": "69", "Channel": "Microsoft-Windows-AppModel-Runtime/Admin", "Provider_Name": "Microsoft-Windows-AppModel-Runtime", "Computer": "DESKTOP-OFJ6N53", "TimeCreated": "2025-08-14 22:05:07.857258+00:00", "RecordID": "13166", "Level": "4", "UserID": "S-1-5-18", "EventData.ErrorCode": "1168", "EventData.PackageFullName": "Microsoft.ZuneMusic_11.2507.6.0_x64__8wekyb3d8bbwe", "EventData.User": "S-1-5-21-963789628-1060504924-4285088085-1001", "EventData.DesiredStatus": "32", "EventData.CurrentStatus": "0"}
{"EventID": "42", "Channel": "Microsoft-Windows-AppModel-Runtime/Admin", "Provider_Name": "Microsoft-Windows-AppModel-Runtime", "Computer": "DESKTOP-OFJ6N53", "TimeCreated": "2025-08-14 22:05:08.648899+00:00", "RecordID": "13167", "Level": "4", "UserID": "S-1-5-21-963789628-1060504924-4285088085-1001", "EventData.AppContainerName": "Microsoft.ZuneMusic_8wekyb3d8bbwe"}
{"EventID": "70", "Channel": "Microsoft-Windows-AppModel-Runtime/Admin", "Provider_Name": "Microsoft-Windows-AppModel-Runtime", "Computer": "DESKTOP-OFJ6N53", "TimeCreated": "2025-08-14 22:05:12.629629+00:00", "RecordID": "13168", "Level": "4", "UserID": "S-1-5-18", "EventData.PackageFullName": "Microsoft.ZuneMusic_11.2507.6.0_x64__8wekyb3d8bbwe", "EventData.User": "S-1-5-21-963789628-1060504924-4285088085-1001", "EventData.DesiredStatus": "0", "EventData.CurrentStatus": "32"}
{"EventID": "210", "Channel": "Microsoft-Windows-AppModel-Runtime/Admin", "Provider_Name": "Microsoft-Windows-AppModel-Runtime", "Computer": "DESKTOP-OFJ6N53", "TimeCreated": "2025-08-15 05:02:01.433327+00:00", "RecordID": "13169", "Level": "4", "UserID": "S-1-5-18", "EventData.PackageName": "Microsoft.YourPhone_1.25071.54.0_x64__8wekyb3d8bbwe", "EventData.ContainerName": "Microsoft.YourPhone_1.25071.54.0_x64__8wekyb3d8bbwe-S-1-5-21-963789628-1060504924-4285088085-1001", "EventData.ContainerId": "58264960-7853-11f0-a766-005056b235ad"}
{"EventID": "211", "Channel": "Microsoft-Windows-AppModel-Runtime/Admin", "Provider_Name": "Microsoft-Windows-AppModel-Runtime", "Computer": "DESKTOP-OFJ6N53", "TimeCreated": "2025-08-15 05:02:01.433369+00:00", "RecordID": "13170", "Level": "4", "UserID": "S-1-5-18", "EventData.ProcessID": "9276", "EventData.PackageName": "Microsoft.YourPhone_1.25071.54.0_x64__8wekyb3d8bbwe", "EventData.ContainerId": "58264960-7853-11f0-a766-005056b235ad"}
{"EventID": "210", "Channel": "Microsoft-Windows-AppModel-Runtime/Admin", "Provider_Name": "Microsoft-Windows-AppModel-Runtime", "Computer": "DESKTOP-OFJ6N53", "TimeCreated": "2025-08-15 08:11:11.579227+00:00", "RecordID": "13171", "Level": "4", "UserID": "S-1-5-18", "EventData.PackageName": "Microsoft.DesktopAppInstaller_1.26.430.0_x64__8wekyb3d8bbwe", "EventData.ContainerName": "Microsoft.DesktopAppInstaller_1.26.430.0_x64__8wekyb3d8bbwe-S-1-5-21-963789628-1060504924-4285088085-1001", "EventData.ContainerId": "58264a51-7853-11f0-a766-005056b235ad"}
{"EventID": "211", "Channel": "Microsoft-Windows-AppModel-Runtime/Admin", "Provider_Name": "Microsoft-Windows-AppModel-Runtime", "Computer": "DESKTOP-OFJ6N53", "TimeCreated": "2025-08-15 08:11:11.579268+00:00", "RecordID": "13172", "Level": "4", "UserID": "S-1-5-18", "EventData.ProcessID": "7012", "EventData.PackageName": "Microsoft.DesktopAppInstaller_1.26.430.0_x64__8wekyb3d8bbwe", "EventData.ContainerId": "58264a51-7853-11f0-a766-005056b235ad"}
{"EventID": "217", "Channel": "Microsoft-Windows-AppModel-Runtime/Admin", "Provider_Name": "Microsoft-Windows-AppModel-Runtime", "Computer": "DESKTOP-OFJ6N53", "TimeCreated": "2025-08-15 08:12:14.218664+00:00", "RecordID": "13173", "Level": "4", "UserID": "S-1-5-18", "EventData.PackageName": "Microsoft.DesktopAppInstaller_1.26.430.0_x64__8wekyb3d8bbwe", "EventData.ContainerId": "58264a51-7853-11f0-a766-005056b235ad"}
{"EventID": "217", "Channel": "Microsoft-Windows-AppModel-Runtime/Admin", "Provider_Name": "Microsoft-Windows-AppModel-Runtime", "Computer": "DESKTOP-OFJ6N53", "TimeCreated": "2025-08-15 12:30:06.289852+00:00", "RecordID": "13174", "Level": "4", "UserID": "S-1-5-18", "EventData.PackageName": "Microsoft.YourPhone_1.25071.54.0_x64__8wekyb3d8bbwe", "EventData.ContainerId": "58264960-7853-11f0-a766-005056b235ad"}
{"EventID": "210", "Channel": "Microsoft-Windows-AppModel-Runtime/Admin", "Provider_Name": "Microsoft-Windows-AppModel-Runtime", "Computer": "DESKTOP-OFJ6N53", "TimeCreated": "2025-08-15 15:35:34.976423+00:00", "RecordID": "13175", "Level": "4", "UserID": "S-1-5-18", "EventData.PackageName": "Microsoft.XboxGamingOverlay_7.325.7090.0_x64__8wekyb3d8bbwe", "EventData.ContainerName": "Microsoft.XboxGamingOverlay_7.325.7090.0_x64__8wekyb3d8bbwe-S-1-5-21-963789628-1060504924-4285088085-1001", "EventData.ContainerId": "cd295bc0-79bd-11f0-a766-005056b235ad"}
{"EventID": "211", "Channel": "Microsoft-Windows-AppModel-Runtime/Admin", "Provider_Name": "Microsoft-Windows-AppModel-Runtime", "Computer": "DESKTOP-OFJ6N53", "TimeCreated": "2025-08-15 15:35:34.976469+00:00", "RecordID": "13176", "Level": "4", "UserID": "S-1-5-18", "EventData.ProcessID": "12708", "EventData.PackageName": "Microsoft.XboxGamingOverlay_7.325.7090.0_x64__8wekyb3d8bbwe", "EventData.ContainerId": "cd295bc0-79bd-11f0-a766-005056b235ad"}
{"EventID": "217", "Channel": "Microsoft-Windows-AppModel-Runtime/Admin", "Provider_Name": "Microsoft-Windows-AppModel-Runtime", "Computer": "DESKTOP-OFJ6N53", "TimeCreated": "2025-08-15 15:40:34.858276+00:00", "RecordID": "13177", "Level": "4", "UserID": "S-1-5-18", "EventData.PackageName": "Microsoft.XboxGamingOverlay_7.325.7090.0_x64__8wekyb3d8bbwe", "EventData.ContainerId": "cd295bc0-79bd-11f0-a766-005056b235ad"}
{"EventID": "210", "Channel": "Microsoft-Windows-AppModel-Runtime/Admin", "Provider_Name": "Microsoft-Windows-AppModel-Runtime", "Computer": "DESKTOP-OFJ6N53", "TimeCreated": "2025-08-15 17:02:37.556488+00:00", "RecordID": "13178", "Level": "4", "UserID": "S-1-5-18", "EventData.PackageName": "Microsoft.YourPhone_1.25071.54.0_x64__8wekyb3d8bbwe", "EventData.ContainerName": "Microsoft.YourPhone_1.25071.54.0_x64__8wekyb3d8bbwe-S-1-5-21-963789628-1060504924-4285088085-1001", "EventData.ContainerId": "cd295c42-79bd-11f0-a766-005056b235ad"}
{"EventID": "211", "Channel": "Microsoft-Windows-AppModel-Runtime/Admin", "Provider_Name": "Microsoft-Windows-AppModel-Runtime", "Computer": "DESKTOP-OFJ6N53", "TimeCreated": "2025-08-15 17:02:37.556551+00:00", "RecordID": "13179", "Level": "4", "UserID": "S-1-5-18", "EventData.ProcessID": "4376", "EventData.PackageName": "Microsoft.YourPhone_1.25071.54.0_x64__8wekyb3d8bbwe", "EventData.ContainerId": "cd295c42-79bd-11f0-a766-005056b235ad"}
{"EventID": "201", "Channel": "Microsoft-Windows-AppModel-Runtime/Admin", "Provider_Name": "Microsoft-Windows-AppModel-Runtime", "Computer": "DESKTOP-OFJ6N53", "TimeCreated": "2025-08-15 22:44:26.481270+00:00", "RecordID": "13180", "Level": "4", "UserID": "S-1-5-18", "EventData.ProcessID": "2740", "EventData.PackageName": "Microsoft.MicrosoftEdge.Stable_138.0.3351.109_neutral__8wekyb3d8bbwe", "EventData.ImageName": "identity_helper.exe", "EventData.ApplicationName": "Microsoft.MicrosoftEdge.Stable_8wekyb3d8bbwe!App", "EventData.Message": "[FinishPackageActivation]"}
{"EventID": "217", "Channel": "Microsoft-Windows-AppModel-Runtime/Admin", "Provider_Name": "Microsoft-Windows-AppModel-Runtime", "Computer": "DESKTOP-OFJ6N53", "TimeCreated": "2025-08-16 01:04:57.709917+00:00", "RecordID": "13181", "Level": "4", "UserID": "S-1-5-18", "EventData.PackageName": "Microsoft.YourPhone_1.25071.54.0_x64__8wekyb3d8bbwe", "EventData.ContainerId": "cd295c42-79bd-11f0-a766-005056b235ad"}
{"EventID": "210", "Channel": "Microsoft-Windows-AppModel-Runtime/Admin", "Provider_Name": "Microsoft-Windows-AppModel-Runtime", "Computer": "DESKTOP-OFJ6N53", "TimeCreated": "2025-08-16 05:02:28.520784+00:00", "RecordID": "13182", "Level": "4", "UserID": "S-1-5-18", "EventData.PackageName": "Microsoft.YourPhone_1.25071.54.0_x64__8wekyb3d8bbwe", "EventData.ContainerName": "Microsoft.YourPhone_1.25071.54.0_x64__8wekyb3d8bbwe-S-1-5-21-963789628-1060504924-4285088085-1001", "EventData.ContainerId": "cd295f57-79bd-11f0-a766-005056b235ad"}
{"EventID": "211", "Channel": "Microsoft-Windows-AppModel-Runtime/Admin", "Provider_Name": "Microsoft-Windows-AppModel-Runtime", "Computer": "DESKTOP-OFJ6N53", "TimeCreated": "2025-08-16 05:02:28.520832+00:00", "RecordID": "13183", "Level": "4", "UserID": "S-1-5-18", "EventData.ProcessID": "11612", "EventData.PackageName": "Microsoft.YourPhone_1.25071.54.0_x64__8wekyb3d8bbwe", "EventData.ContainerId": "cd295f57-79bd-11f0-a766-005056b235ad"}
{"EventID": "217", "Channel": "Microsoft-Windows-AppModel-Runtime/Admin", "Provider_Name": "Microsoft-Windows-AppModel-Runtime", "Computer": "DESKTOP-OFJ6N53", "TimeCreated": "2025-08-16 12:26:42.422695+00:00", "RecordID": "13184", "Level": "4", "UserID": "S-1-5-18", "EventData.PackageName": "Microsoft.YourPhone_1.25071.54.0_x64__8wekyb3d8bbwe", "EventData.ContainerId": "cd295f57-79bd-11f0-a766-005056b235ad"}
{"EventID": "210", "Channel": "Microsoft-Windows-AppModel-Runtime/Admin", "Provider_Name": "Microsoft-Windows-AppModel-Runtime", "Computer": "DESKTOP-OFJ6N53", "TimeCreated": "2025-08-16 17:02:28.381004+00:00", "RecordID": "13185", "Level": "4", "UserID": "S-1-5-18", "EventData.PackageName": "Microsoft.YourPhone_1.25071.54.0_x64__8wekyb3d8bbwe", "EventData.ContainerName": "Microsoft.YourPhone_1.25071.54.0_x64__8wekyb3d8bbwe-S-1-5-21-963789628-1060504924-4285088085-1001", "EventData.ContainerId": "cd296571-79bd-11f0-a766-005056b235ad"}
{"EventID": "211", "Channel": "Microsoft-Windows-AppModel-Runtime/Admin", "Provider_Name": "Microsoft-Windows-AppModel-Runtime", "Computer": "DESKTOP-OFJ6N53", "TimeCreated": "2025-08-16 17:02:28.381065+00:00", "RecordID": "13186", "Level": "4", "UserID": "S-1-5-18", "EventData.ProcessID": "12124", "EventData.PackageName": "Microsoft.YourPhone_1.25071.54.0_x64__8wekyb3d8bbwe", "EventData.ContainerId": "cd296571-79bd-11f0-a766-005056b235ad"}
{"EventID": "217", "Channel": "Microsoft-Windows-AppModel-Runtime/Admin", "Provider_Name": "Microsoft-Windows-AppModel-Runtime", "Computer": "DESKTOP-OFJ6N53", "TimeCreated": "2025-08-17 01:04:53.421982+00:00", "RecordID": "13187", "Level": "4", "UserID": "S-1-5-18", "EventData.PackageName": "Microsoft.YourPhone_1.25071.54.0_x64__8wekyb3d8bbwe", "EventData.ContainerId": "cd296571-79bd-11f0-a766-005056b235ad"}
{"EventID": "210", "Channel": "Microsoft-Windows-AppModel-Runtime/Admin", "Provider_Name": "Microsoft-Windows-AppModel-Runtime", "Computer": "DESKTOP-OFJ6N53", "TimeCreated": "2025-08-17 05:02:56.208939+00:00", "RecordID": "13188", "Level": "4", "UserID": "S-1-5-18", "EventData.PackageName": "Microsoft.YourPhone_1.25071.54.0_x64__8wekyb3d8bbwe", "EventData.ContainerName": "Microsoft.YourPhone_1.25071.54.0_x64__8wekyb3d8bbwe-S-1-5-21-963789628-1060504924-4285088085-1001", "EventData.ContainerId": "cd2968d7-79bd-11f0-a766-005056b235ad"}
{"EventID": "211", "Channel": "Microsoft-Windows-AppModel-Runtime/Admin", "Provider_Name": "Microsoft-Windows-AppModel-Runtime", "Computer": "DESKTOP-OFJ6N53", "TimeCreated": "2025-08-17 05:02:56.208988+00:00", "RecordID": "13189", "Level": "4", "UserID": "S-1-5-18", "EventData.ProcessID": "8072", "EventData.PackageName": "Microsoft.YourPhone_1.25071.54.0_x64__8wekyb3d8bbwe", "EventData.ContainerId": "cd2968d7-79bd-11f0-a766-005056b235ad"}
{"EventID": "201", "Channel": "Microsoft-Windows-AppModel-Runtime/Admin", "Provider_Name": "Microsoft-Windows-AppModel-Runtime", "Computer": "DESKTOP-OFJ6N53", "TimeCreated": "2025-08-17 08:44:42.221703+00:00", "RecordID": "13190", "Level": "4", "UserID": "S-1-5-18", "EventData.ProcessID": "10252", "EventData.PackageName": "Microsoft.MicrosoftEdge.Stable_138.0.3351.109_neutral__8wekyb3d8bbwe", "EventData.ImageName": "identity_helper.exe", "EventData.ApplicationName": "Microsoft.MicrosoftEdge.Stable_8wekyb3d8bbwe!App", "EventData.Message": "[FinishPackageActivation]"}
{"EventID": "40", "Channel": "Microsoft-Windows-AppModel-Runtime/Admin", "Provider_Name": "Microsoft-Windows-AppModel-Runtime", "Computer": "DESKTOP-OFJ6N53", "TimeCreated": "2025-08-17 08:47:31.357632+00:00", "RecordID": "13191", "Level": "4", "UserID": "S-1-5-21-963789628-1060504924-4285088085-1001", "EventData.AppContainerName": "onecore\\ds\\security\\gina\\profile\\profext\\appcontainer.cpp Line:1813 Chrome Sandbox cr.sb.odmF5200EAFD3AD904629CBB0F87A78A3C7211081FE"}
{"EventID": "217", "Channel": "Microsoft-Windows-AppModel-Runtime/Admin", "Provider_Name": "Microsoft-Windows-AppModel-Runtime", "Computer": "DESKTOP-OFJ6N53", "TimeCreated": "2025-08-17 13:05:08.257948+00:00", "RecordID": "13192", "Level": "4", "UserID": "S-1-5-18", "EventData.PackageName": "Microsoft.YourPhone_1.25071.54.0_x64__8wekyb3d8bbwe", "EventData.ContainerId": "cd2968d7-79bd-11f0-a766-005056b235ad"}
{"EventID": "210", "Channel": "Microsoft-Windows-AppModel-Runtime/Admin", "Provider_Name": "Microsoft-Windows-AppModel-Runtime", "Computer": "DESKTOP-OFJ6N53", "TimeCreated": "2025-08-17 17:02:04.199244+00:00", "RecordID": "13193", "Level": "4", "UserID": "S-1-5-18", "EventData.PackageName": "Microsoft.YourPhone_1.25071.54.0_x64__8wekyb3d8bbwe", "EventData.ContainerName": "Microsoft.YourPhone_1.25071.54.0_x64__8wekyb3d8bbwe-S-1-5-21-963789628-1060504924-4285088085-1001", "EventData.ContainerId": "cd296d67-79bd-11f0-a766-005056b235ad"}
{"EventID": "211", "Channel": "Microsoft-Windows-AppModel-Runtime/Admin", "Provider_Name": "Microsoft-Windows-AppModel-Runtime", "Computer": "DESKTOP-OFJ6N53", "TimeCreated": "2025-08-17 17:02:04.199289+00:00", "RecordID": "13194", "Level": "4", "UserID": "S-1-5-18", "EventData.ProcessID": "10024", "EventData.PackageName": "Microsoft.YourPhone_1.25071.54.0_x64__8wekyb3d8bbwe", "EventData.ContainerId": "cd296d67-79bd-11f0-a766-005056b235ad"}
{"EventID": "217", "Channel": "Microsoft-Windows-AppModel-Runtime/Admin", "Provider_Name": "Microsoft-Windows-AppModel-Runtime", "Computer": "DESKTOP-OFJ6N53", "TimeCreated": "2025-08-18 00:53:43.460352+00:00", "RecordID": "13195", "Level": "4", "UserID": "S-1-5-18", "EventData.PackageName": "Microsoft.YourPhone_1.25071.54.0_x64__8wekyb3d8bbwe", "EventData.ContainerId": "cd296d67-79bd-11f0-a766-005056b235ad"}
{"EventID": "210", "Channel": "Microsoft-Windows-AppModel-Runtime/Admin", "Provider_Name": "Microsoft-Windows-AppModel-Runtime", "Computer": "DESKTOP-OFJ6N53", "TimeCreated": "2025-08-18 05:02:10.620384+00:00", "RecordID": "13196", "Level": "4", "UserID": "S-1-5-18", "EventData.PackageName": "Microsoft.YourPhone_1.25071.54.0_x64__8wekyb3d8bbwe", "EventData.ContainerName": "Microsoft.YourPhone_1.25071.54.0_x64__8wekyb3d8bbwe-S-1-5-21-963789628-1060504924-4285088085-1001", "EventData.ContainerId": "cd2970ac-79bd-11f0-a766-005056b235ad"}
{"EventID": "211", "Channel": "Microsoft-Windows-AppModel-Runtime/Admin", "Provider_Name": "Microsoft-Windows-AppModel-Runtime", "Computer": "DESKTOP-OFJ6N53", "TimeCreated": "2025-08-18 05:02:10.620432+00:00", "RecordID": "13197", "Level": "4", "UserID": "S-1-5-18", "EventData.ProcessID": "5288", "EventData.PackageName": "Microsoft.YourPhone_1.25071.54.0_x64__8wekyb3d8bbwe", "EventData.ContainerId": "cd2970ac-79bd-11f0-a766-005056b235ad"}
{"EventID": "210", "Channel": "Microsoft-Windows-AppModel-Runtime/Admin", "Provider_Name": "Microsoft-Windows-AppModel-Runtime", "Computer": "DESKTOP-OFJ6N53", "TimeCreated": "2025-08-18 07:20:20.631170+00:00", "RecordID": "13198", "Level": "4", "UserID": "S-1-5-18", "EventData.PackageName": "Microsoft.DesktopAppInstaller_1.26.430.0_x64__8wekyb3d8bbwe", "EventData.ContainerName": "Microsoft.DesktopAppInstaller_1.26.430.0_x64__8wekyb3d8bbwe-S-1-5-21-963789628-1060504924-4285088085-1001", "EventData.ContainerId": "cd29716d-79bd-11f0-a766-005056b235ad"}
{"EventID": "211", "Channel": "Microsoft-Windows-AppModel-Runtime/Admin", "Provider_Name": "Microsoft-Windows-AppModel-Runtime", "Computer": "DESKTOP-OFJ6N53", "TimeCreated": "2025-08-18 07:20:20.631226+00:00", "RecordID": "13199", "Level": "4", "UserID": "S-1-5-18", "EventData.ProcessID": "13604", "EventData.PackageName": "Microsoft.DesktopAppInstaller_1.26.430.0_x64__8wekyb3d8bbwe", "EventData.ContainerId": "cd29716d-79bd-11f0-a766-005056b235ad"}
{"EventID": "217", "Channel": "Microsoft-Windows-AppModel-Runtime/Admin", "Provider_Name": "Microsoft-Windows-AppModel-Runtime", "Computer": "DESKTOP-OFJ6N53", "TimeCreated": "2025-08-18 08:25:29.533024+00:00", "RecordID": "13200", "Level": "4", "UserID": "S-1-5-18", "EventData.PackageName": "Microsoft.YourPhone_1.25071.54.0_x64__8wekyb3d8bbwe", "EventData.ContainerId": "cd2970ac-79bd-11f0-a766-005056b235ad"}
{"EventID": "210", "Channel": "Microsoft-Windows-AppModel-Runtime/Admin", "Provider_Name": "Microsoft-Windows-AppModel-Runtime", "Computer": "DESKTOP-OFJ6N53", "TimeCreated": "2025-08-18 17:02:30.396372+00:00", "RecordID": "13201", "Level": "4", "UserID": "S-1-5-18", "EventData.PackageName": "Microsoft.YourPhone_1.25071.54.0_x64__8wekyb3d8bbwe", "EventData.ContainerName": "Microsoft.YourPhone_1.25071.54.0_x64__8wekyb3d8bbwe-S-1-5-21-963789628-1060504924-4285088085-1001", "EventData.ContainerId": "1ee1f0fc-7c2c-11f0-a766-005056b235ad"}
{"EventID": "211", "Channel": "Microsoft-Windows-AppModel-Runtime/Admin", "Provider_Name": "Microsoft-Windows-AppModel-Runtime", "Computer": "DESKTOP-OFJ6N53", "TimeCreated": "2025-08-18 17:02:30.396418+00:00", "RecordID": "13202", "Level": "4", "UserID": "S-1-5-18", "EventData.ProcessID": "4536", "EventData.PackageName": "Microsoft.YourPhone_1.25071.54.0_x64__8wekyb3d8bbwe", "EventData.ContainerId": "1ee1f0fc-7c2c-11f0-a766-005056b235ad"}
{"EventID": "217", "Channel": "Microsoft-Windows-AppModel-Runtime/Admin", "Provider_Name": "Microsoft-Windows-AppModel-Runtime", "Computer": "DESKTOP-OFJ6N53", "TimeCreated": "2025-08-19 01:04:43.377861+00:00", "RecordID": "13203", "Level": "4", "UserID": "S-1-5-18", "EventData.PackageName": "Microsoft.YourPhone_1.25071.54.0_x64__8wekyb3d8bbwe", "EventData.ContainerId": "1ee1f0fc-7c2c-11f0-a766-005056b235ad"}
{"EventID": "201", "Channel": "Microsoft-Windows-AppModel-Runtime/Admin", "Provider_Name": "Microsoft-Windows-AppModel-Runtime", "Computer": "DESKTOP-OFJ6N53", "TimeCreated": "2025-08-19 04:44:35.047766+00:00", "RecordID": "13204", "Level": "4", "UserID": "S-1-5-18", "EventData.ProcessID": "13652", "EventData.PackageName": "Microsoft.MicrosoftEdge.Stable_138.0.3351.109_neutral__8wekyb3d8bbwe", "EventData.ImageName": "identity_helper.exe", "EventData.ApplicationName": "Microsoft.MicrosoftEdge.Stable_8wekyb3d8bbwe!App", "EventData.Message": "[FinishPackageActivation]"}
{"EventID": "210", "Channel": "Microsoft-Windows-AppModel-Runtime/Admin", "Provider_Name": "Microsoft-Windows-AppModel-Runtime", "Computer": "DESKTOP-OFJ6N53", "TimeCreated": "2025-08-19 05:02:28.120718+00:00", "RecordID": "13205", "Level": "4", "UserID": "S-1-5-18", "EventData.PackageName": "Microsoft.YourPhone_1.25071.54.0_x64__8wekyb3d8bbwe", "EventData.ContainerName": "Microsoft.YourPhone_1.25071.54.0_x64__8wekyb3d8bbwe-S-1-5-21-963789628-1060504924-4285088085-1001", "EventData.ContainerId": "1ee1fa19-7c2c-11f0-a766-005056b235ad"}
{"EventID": "211", "Channel": "Microsoft-Windows-AppModel-Runtime/Admin", "Provider_Name": "Microsoft-Windows-AppModel-Runtime", "Computer": "DESKTOP-OFJ6N53", "TimeCreated": "2025-08-19 05:02:28.120771+00:00", "RecordID": "13206", "Level": "4", "UserID": "S-1-5-18", "EventData.ProcessID": "8424", "EventData.PackageName": "Microsoft.YourPhone_1.25071.54.0_x64__8wekyb3d8bbwe", "EventData.ContainerId": "1ee1fa19-7c2c-11f0-a766-005056b235ad"}
{"EventID": "217", "Channel": "Microsoft-Windows-AppModel-Runtime/Admin", "Provider_Name": "Microsoft-Windows-AppModel-Runtime", "Computer": "DESKTOP-OFJ6N53", "TimeCreated": "2025-08-19 06:43:18.854786+00:00", "RecordID": "13207", "Level": "4", "UserID": "S-1-5-18", "EventData.PackageName": "Microsoft.YourPhone_1.25071.54.0_x64__8wekyb3d8bbwe", "EventData.ContainerId": "1ee1fa19-7c2c-11f0-a766-005056b235ad"}
{"EventID": "217", "Channel": "Microsoft-Windows-AppModel-Runtime/Admin", "Provider_Name": "Microsoft-Windows-AppModel-Runtime", "Computer": "DESKTOP-OFJ6N53", "TimeCreated": "2025-08-19 07:17:56.077517+00:00", "RecordID": "13208", "Level": "4", "UserID": "S-1-5-18", "EventData.PackageName": "Microsoft.DesktopAppInstaller_1.26.430.0_x64__8wekyb3d8bbwe", "EventData.ContainerId": "cd29716d-79bd-11f0-a766-005056b235ad"}
{"EventID": "40", "Channel": "Microsoft-Windows-AppModel-Runtime/Admin", "Provider_Name": "Microsoft-Windows-AppModel-Runtime", "Computer": "DESKTOP-OFJ6N53", "TimeCreated": "2025-08-19 07:18:52.444818+00:00", "RecordID": "13209", "Level": "4", "UserID": "S-1-5-18", "EventData.AppContainerName": "onecore\\ds\\security\\gina\\profile\\profext\\appcontainer.cpp Line:1813 Usermode Font Driver Host microsoft.windows.fontdrvhost"}
{"EventID": "40", "Channel": "Microsoft-Windows-AppModel-Runtime/Admin", "Provider_Name": "Microsoft-Windows-AppModel-Runtime", "Computer": "DESKTOP-OFJ6N53", "TimeCreated": "2025-08-19 07:18:52.444860+00:00", "RecordID": "13210", "Level": "4", "UserID": "S-1-5-18", "EventData.AppContainerName": "onecore\\ds\\security\\gina\\profile\\profext\\appcontainer.cpp Line:1813 Usermode Font Driver Host microsoft.windows.fontdrvhost"}
{"EventID": "70", "Channel": "Microsoft-Windows-AppModel-Runtime/Admin", "Provider_Name": "Microsoft-Windows-AppModel-Runtime", "Computer": "DESKTOP-OFJ6N53", "TimeCreated": "2025-08-19 07:19:23.246367+00:00", "RecordID": "13211", "Level": "4", "UserID": "S-1-5-18", "EventData.PackageFullName": "Microsoft.MicrosoftEdge.Stable_138.0.3351.109_neutral__8wekyb3d8bbwe", "EventData.User": "S-1-5-21-963789628-1060504924-4285088085-1001", "EventData.DesiredStatus": "2048", "EventData.CurrentStatus": "0"}
{"EventID": "70", "Channel": "Microsoft-Windows-AppModel-Runtime/Admin", "Provider_Name": "Microsoft-Windows-AppModel-Runtime", "Computer": "DESKTOP-OFJ6N53", "TimeCreated": "2025-08-19 07:19:23.247154+00:00", "RecordID": "13212", "Level": "4", "UserID": "S-1-5-18", "EventData.PackageFullName": "Microsoft.MicrosoftEdge.Stable_139.0.3405.102_neutral__8wekyb3d8bbwe", "EventData.User": "S-1-5-21-963789628-1060504924-4285088085-1001", "EventData.DesiredStatus": "2048", "EventData.CurrentStatus": "0"}
{"EventID": "41", "Channel": "Microsoft-Windows-AppModel-Runtime/Admin", "Provider_Name": "Microsoft-Windows-AppModel-Runtime", "Computer": "DESKTOP-OFJ6N53", "TimeCreated": "2025-08-19 07:19:28.739166+00:00", "RecordID": "13213", "Level": "4", "UserID": "S-1-5-21-963789628-1060504924-4285088085-1001", "EventData.AppContainerName": "Microsoft.Edge.GameAssist_8wekyb3d8bbwe"}
{"EventID": "70", "Channel": "Microsoft-Windows-AppModel-Runtime/Admin", "Provider_Name": "Microsoft-Windows-AppModel-Runtime", "Computer": "DESKTOP-OFJ6N53", "TimeCreated": "2025-08-19 07:19:29.144602+00:00", "RecordID": "13214", "Level": "4", "UserID": "S-1-5-18", "EventData.PackageFullName": "Microsoft.MicrosoftEdge.Stable_138.0.3351.109_neutral__8wekyb3d8bbwe", "EventData.User": "S-1-5-21-963789628-1060504924-4285088085-1001", "EventData.DesiredStatus": "2080", "EventData.CurrentStatus": "2048"}
{"EventID": "70", "Channel": "Microsoft-Windows-AppModel-Runtime/Admin", "Provider_Name": "Microsoft-Windows-AppModel-Runtime", "Computer": "DESKTOP-OFJ6N53", "TimeCreated": "2025-08-19 07:19:29.145069+00:00", "RecordID": "13215", "Level": "4", "UserID": "S-1-5-18", "EventData.PackageFullName": "Microsoft.MicrosoftEdge.Stable_139.0.3405.102_neutral__8wekyb3d8bbwe", "EventData.User": "S-1-5-21-963789628-1060504924-4285088085-1001", "EventData.DesiredStatus": "2080", "EventData.CurrentStatus": "2048"}
{"EventID": "42", "Channel": "Microsoft-Windows-AppModel-Runtime/Admin", "Provider_Name": "Microsoft-Windows-AppModel-Runtime", "Computer": "DESKTOP-OFJ6N53", "TimeCreated": "2025-08-19 07:19:29.299313+00:00", "RecordID": "13216", "Level": "4", "UserID": "S-1-5-21-963789628-1060504924-4285088085-1001", "EventData.AppContainerName": "Microsoft.MicrosoftEdge.Stable_8wekyb3d8bbwe"}
{"EventID": "70", "Channel": "Microsoft-Windows-AppModel-Runtime/Admin", "Provider_Name": "Microsoft-Windows-AppModel-Runtime", "Computer": "DESKTOP-OFJ6N53", "TimeCreated": "2025-08-19 07:19:30.025454+00:00", "RecordID": "13217", "Level": "4", "UserID": "S-1-5-18", "EventData.PackageFullName": "Microsoft.MicrosoftEdge.Stable_139.0.3405.102_neutral__8wekyb3d8bbwe", "EventData.User": "S-1-5-21-963789628-1060504924-4285088085-1001", "EventData.DesiredStatus": "0", "EventData.CurrentStatus": "32"}
{"EventID": "40", "Channel": "Microsoft-Windows-AppModel-Runtime/Admin", "Provider_Name": "Microsoft-Windows-AppModel-Runtime", "Computer": "DESKTOP-OFJ6N53", "TimeCreated": "2025-08-19 07:19:59.906458+00:00", "RecordID": "13218", "Level": "4", "UserID": "S-1-5-18", "EventData.AppContainerName": "onecore\\ds\\security\\gina\\profile\\profext\\appcontainer.cpp Line:1813 Usermode Font Driver Host microsoft.windows.fontdrvhost"}
{"EventID": "201", "Channel": "Microsoft-Windows-AppModel-Runtime/Admin", "Provider_Name": "Microsoft-Windows-AppModel-Runtime", "Computer": "DESKTOP-OFJ6N53", "TimeCreated": "2025-08-19 07:20:28.651222+00:00", "RecordID": "13219", "Level": "4", "UserID": "S-1-5-18", "EventData.ProcessID": "6824", "EventData.PackageName": "Microsoft.MicrosoftEdge.Stable_139.0.3405.102_neutral__8wekyb3d8bbwe", "EventData.ImageName": "identity_helper.exe", "EventData.ApplicationName": "Microsoft.MicrosoftEdge.Stable_8wekyb3d8bbwe!App", "EventData.Message": "[FinishPackageActivation]"}
{"EventID": "210", "Channel": "Microsoft-Windows-AppModel-Runtime/Admin", "Provider_Name": "Microsoft-Windows-AppModel-Runtime", "Computer": "DESKTOP-OFJ6N53", "TimeCreated": "2025-08-19 07:20:43.718109+00:00", "RecordID": "13220", "Level": "4", "UserID": "S-1-5-18", "EventData.PackageName": "Microsoft.YourPhone_1.25071.54.0_x64__8wekyb3d8bbwe", "EventData.ContainerName": "Microsoft.YourPhone_1.25071.54.0_x64__8wekyb3d8bbwe-S-1-5-21-963789628-1060504924-4285088085-1001", "EventData.ContainerId": "bb3fb249-7ccc-11f0-a767-005056b235ad"}
{"EventID": "211", "Channel": "Microsoft-Windows-AppModel-Runtime/Admin", "Provider_Name": "Microsoft-Windows-AppModel-Runtime", "Computer": "DESKTOP-OFJ6N53", "TimeCreated": "2025-08-19 07:20:43.718155+00:00", "RecordID": "13221", "Level": "4", "UserID": "S-1-5-18", "EventData.ProcessID": "8376", "EventData.PackageName": "Microsoft.YourPhone_1.25071.54.0_x64__8wekyb3d8bbwe", "EventData.ContainerId": "bb3fb249-7ccc-11f0-a767-005056b235ad"}
{"EventID": "217", "Channel": "Microsoft-Windows-AppModel-Runtime/Admin", "Provider_Name": "Microsoft-Windows-AppModel-Runtime", "Computer": "DESKTOP-OFJ6N53", "TimeCreated": "2025-08-19 07:43:13.010435+00:00", "RecordID": "13222", "Level": "4", "UserID": "S-1-5-18", "EventData.PackageName": "Microsoft.YourPhone_1.25071.54.0_x64__8wekyb3d8bbwe", "EventData.ContainerId": "bb3fb249-7ccc-11f0-a767-005056b235ad"}
{"EventID": "40", "Channel": "Microsoft-Windows-AppModel-Runtime/Admin", "Provider_Name": "Microsoft-Windows-AppModel-Runtime", "Computer": "DESKTOP-OFJ6N53", "TimeCreated": "2025-08-19 07:44:19.107845+00:00", "RecordID": "13223", "Level": "4", "UserID": "S-1-5-18", "EventData.AppContainerName": "onecore\\ds\\security\\gina\\profile\\profext\\appcontainer.cpp Line:1813 Usermode Font Driver Host microsoft.windows.fontdrvhost"}
{"EventID": "40", "Channel": "Microsoft-Windows-AppModel-Runtime/Admin", "Provider_Name": "Microsoft-Windows-AppModel-Runtime", "Computer": "DESKTOP-OFJ6N53", "TimeCreated": "2025-08-19 07:44:19.107855+00:00", "RecordID": "13224", "Level": "4", "UserID": "S-1-5-18", "EventData.AppContainerName": "onecore\\ds\\security\\gina\\profile\\profext\\appcontainer.cpp Line:1813 Usermode Font Driver Host microsoft.windows.fontdrvhost"}
{"EventID": "201", "Channel": "Microsoft-Windows-AppModel-Runtime/Admin", "Provider_Name": "Microsoft-Windows-AppModel-Runtime", "Computer": "DESKTOP-OFJ6N53", "TimeCreated": "2025-08-19 07:45:31.325935+00:00", "RecordID": "13225", "Level": "4", "UserID": "S-1-5-18", "EventData.ProcessID": "5552", "EventData.PackageName": "Microsoft.MicrosoftEdge.Stable_139.0.3405.102_neutral__8wekyb3d8bbwe", "EventData.ImageName": "identity_helper.exe", "EventData.ApplicationName": "Microsoft.MicrosoftEdge.Stable_8wekyb3d8bbwe!App", "EventData.Message": "[FinishPackageActivation]"}
{"EventID": "210", "Channel": "Microsoft-Windows-AppModel-Runtime/Admin", "Provider_Name": "Microsoft-Windows-AppModel-Runtime", "Computer": "DESKTOP-OFJ6N53", "TimeCreated": "2025-08-19 07:45:35.930260+00:00", "RecordID": "13226", "Level": "4", "UserID": "S-1-5-18", "EventData.PackageName": "Microsoft.YourPhone_1.25071.54.0_x64__8wekyb3d8bbwe", "EventData.ContainerName": "Microsoft.YourPhone_1.25071.54.0_x64__8wekyb3d8bbwe-S-1-5-21-963789628-1060504924-4285088085-1001", "EventData.ContainerId": "48cec192-7cd0-11f0-a768-005056b235ad"}
{"EventID": "211", "Channel": "Microsoft-Windows-AppModel-Runtime/Admin", "Provider_Name": "Microsoft-Windows-AppModel-Runtime", "Computer": "DESKTOP-OFJ6N53", "TimeCreated": "2025-08-19 07:45:35.930317+00:00", "RecordID": "13227", "Level": "4", "UserID": "S-1-5-18", "EventData.ProcessID": "12792", "EventData.PackageName": "Microsoft.YourPhone_1.25071.54.0_x64__8wekyb3d8bbwe", "EventData.ContainerId": "48cec192-7cd0-11f0-a768-005056b235ad"}
{"EventID": "40", "Channel": "Microsoft-Windows-AppModel-Runtime/Admin", "Provider_Name": "Microsoft-Windows-AppModel-Runtime", "Computer": "DESKTOP-OFJ6N53", "TimeCreated": "2025-08-19 07:45:52.350376+00:00", "RecordID": "13228", "Level": "4", "UserID": "S-1-5-18", "EventData.AppContainerName": "onecore\\ds\\security\\gina\\profile\\profext\\appcontainer.cpp Line:1813 Usermode Font Driver Host microsoft.windows.fontdrvhost"}
{"EventID": "201", "Channel": "Microsoft-Windows-AppModel-Runtime/Admin", "Provider_Name": "Microsoft-Windows-AppModel-Runtime", "Computer": "DESKTOP-OFJ6N53", "TimeCreated": "2025-08-19 10:45:23.156507+00:00", "RecordID": "13229", "Level": "4", "UserID": "S-1-5-18", "EventData.ProcessID": "9600", "EventData.PackageName": "Microsoft.MicrosoftEdge.Stable_139.0.3405.102_neutral__8wekyb3d8bbwe", "EventData.ImageName": "identity_helper.exe", "EventData.ApplicationName": "Microsoft.MicrosoftEdge.Stable_8wekyb3d8bbwe!App", "EventData.Message": "[FinishPackageActivation]"}
{"EventID": "210", "Channel": "Microsoft-Windows-AppModel-Runtime/Admin", "Provider_Name": "Microsoft-Windows-AppModel-Runtime", "Computer": "DESKTOP-OFJ6N53", "TimeCreated": "2025-08-19 11:43:13.005030+00:00", "RecordID": "13230", "Level": "4", "UserID": "S-1-5-18", "EventData.PackageName": "Microsoft.Windows.Photos_2025.11070.8001.0_x64__8wekyb3d8bbwe", "EventData.ContainerName": "Microsoft.Windows.Photos_2025.11070.8001.0_x64__8wekyb3d8bbwe-S-1-5-21-963789628-1060504924-4285088085-1001", "EventData.ContainerId": "48cece82-7cd0-11f0-a768-005056b235ad"}
{"EventID": "211", "Channel": "Microsoft-Windows-AppModel-Runtime/Admin", "Provider_Name": "Microsoft-Windows-AppModel-Runtime", "Computer": "DESKTOP-OFJ6N53", "TimeCreated": "2025-08-19 11:43:13.005075+00:00", "RecordID": "13231", "Level": "4", "UserID": "S-1-5-18", "EventData.ProcessID": "3260", "EventData.PackageName": "Microsoft.Windows.Photos_2025.11070.8001.0_x64__8wekyb3d8bbwe", "EventData.ContainerId": "48cece82-7cd0-11f0-a768-005056b235ad"}
{"EventID": "217", "Channel": "Microsoft-Windows-AppModel-Runtime/Admin", "Provider_Name": "Microsoft-Windows-AppModel-Runtime", "Computer": "DESKTOP-OFJ6N53", "TimeCreated": "2025-08-19 11:43:20.632706+00:00", "RecordID": "13232", "Level": "4", "UserID": "S-1-5-18", "EventData.PackageName": "Microsoft.Windows.Photos_2025.11070.8001.0_x64__8wekyb3d8bbwe", "EventData.ContainerId": "48cece82-7cd0-11f0-a768-005056b235ad"}
{"EventID": "217", "Channel": "Microsoft-Windows-AppModel-Runtime/Admin", "Provider_Name": "Microsoft-Windows-AppModel-Runtime", "Computer": "DESKTOP-OFJ6N53", "TimeCreated": "2025-08-19 15:06:29.394482+00:00", "RecordID": "13233", "Level": "4", "UserID": "S-1-5-18", "EventData.PackageName": "Microsoft.YourPhone_1.25071.54.0_x64__8wekyb3d8bbwe", "EventData.ContainerId": "48cec192-7cd0-11f0-a768-005056b235ad"}
{"EventID": "210", "Channel": "Microsoft-Windows-AppModel-Runtime/Admin", "Provider_Name": "Microsoft-Windows-AppModel-Runtime", "Computer": "DESKTOP-OFJ6N53", "TimeCreated": "2025-08-19 17:02:21.373440+00:00", "RecordID": "13234", "Level": "4", "UserID": "S-1-5-18", "EventData.PackageName": "Microsoft.YourPhone_1.25071.54.0_x64__8wekyb3d8bbwe", "EventData.ContainerName": "Microsoft.YourPhone_1.25071.54.0_x64__8wekyb3d8bbwe-S-1-5-21-963789628-1060504924-4285088085-1001", "EventData.ContainerId": "48cedad5-7cd0-11f0-a768-005056b235ad"}
{"EventID": "211", "Channel": "Microsoft-Windows-AppModel-Runtime/Admin", "Provider_Name": "Microsoft-Windows-AppModel-Runtime", "Computer": "DESKTOP-OFJ6N53", "TimeCreated": "2025-08-19 17:02:21.373489+00:00", "RecordID": "13235", "Level": "4", "UserID": "S-1-5-18", "EventData.ProcessID": "11324", "EventData.PackageName": "Microsoft.YourPhone_1.25071.54.0_x64__8wekyb3d8bbwe", "EventData.ContainerId": "48cedad5-7cd0-11f0-a768-005056b235ad"}
{"EventID": "70", "Channel": "Microsoft-Windows-AppModel-Runtime/Admin", "Provider_Name": "Microsoft-Windows-AppModel-Runtime", "Computer": "DESKTOP-OFJ6N53", "TimeCreated": "2025-08-20 00:22:02.426945+00:00", "RecordID": "13236", "Level": "4", "UserID": "S-1-5-18", "EventData.PackageFullName": "Microsoft.MicrosoftOfficeHub_19.2508.37081.0_x64__8wekyb3d8bbwe", "EventData.User": "S-1-5-21-963789628-1060504924-4285088085-1001", "EventData.DesiredStatus": "32", "EventData.CurrentStatus": "0"}
{"EventID": "69", "Channel": "Microsoft-Windows-AppModel-Runtime/Admin", "Provider_Name": "Microsoft-Windows-AppModel-Runtime", "Computer": "DESKTOP-OFJ6N53", "TimeCreated": "2025-08-20 00:22:02.427280+00:00", "RecordID": "13237", "Level": "4", "UserID": "S-1-5-18", "EventData.ErrorCode": "1168", "EventData.PackageFullName": "Microsoft.MicrosoftOfficeHub_19.2508.43121.0_x64__8wekyb3d8bbwe", "EventData.User": "S-1-5-21-963789628-1060504924-4285088085-1001", "EventData.DesiredStatus": "32", "EventData.CurrentStatus": "0"}
{"EventID": "42", "Channel": "Microsoft-Windows-AppModel-Runtime/Admin", "Provider_Name": "Microsoft-Windows-AppModel-Runtime", "Computer": "DESKTOP-OFJ6N53", "TimeCreated": "2025-08-20 00:22:03.008482+00:00", "RecordID": "13238", "Level": "4", "UserID": "S-1-5-21-963789628-1060504924-4285088085-1001", "EventData.AppContainerName": "Microsoft.MicrosoftOfficeHub_8wekyb3d8bbwe"}
{"EventID": "70", "Channel": "Microsoft-Windows-AppModel-Runtime/Admin", "Provider_Name": "Microsoft-Windows-AppModel-Runtime", "Computer": "DESKTOP-OFJ6N53", "TimeCreated": "2025-08-20 00:22:04.724274+00:00", "RecordID": "13239", "Level": "4", "UserID": "S-1-5-18", "EventData.PackageFullName": "Microsoft.MicrosoftOfficeHub_19.2508.43121.0_x64__8wekyb3d8bbwe", "EventData.User": "S-1-5-21-963789628-1060504924-4285088085-1001", "EventData.DesiredStatus": "0", "EventData.CurrentStatus": "32"}
{"EventID": "69", "Channel": "Microsoft-Windows-AppModel-Runtime/Admin", "Provider_Name": "Microsoft-Windows-AppModel-Runtime", "Computer": "DESKTOP-OFJ6N53", "TimeCreated": "2025-08-20 00:22:21.933767+00:00", "RecordID": "13240", "Level": "4", "UserID": "S-1-5-18", "EventData.ErrorCode": "1168", "EventData.PackageFullName": "Microsoft.YourPhone_1.25072.63.0_x64__8wekyb3d8bbwe", "EventData.User": "S-1-5-21-963789628-1060504924-4285088085-1001", "EventData.DesiredStatus": "32", "EventData.CurrentStatus": "0"}
{"EventID": "70", "Channel": "Microsoft-Windows-AppModel-Runtime/Admin", "Provider_Name": "Microsoft-Windows-AppModel-Runtime", "Computer": "DESKTOP-OFJ6N53", "TimeCreated": "2025-08-20 00:22:21.953527+00:00", "RecordID": "13241", "Level": "4", "UserID": "S-1-5-18", "EventData.PackageFullName": "Microsoft.YourPhone_1.25071.54.0_x64__8wekyb3d8bbwe", "EventData.User": "S-1-5-21-963789628-1060504924-4285088085-1001", "EventData.DesiredStatus": "1024", "EventData.CurrentStatus": "0"}
{"EventID": "217", "Channel": "Microsoft-Windows-AppModel-Runtime/Admin", "Provider_Name": "Microsoft-Windows-AppModel-Runtime", "Computer": "DESKTOP-OFJ6N53", "TimeCreated": "2025-08-20 01:04:42.923607+00:00", "RecordID": "13242", "Level": "4", "UserID": "S-1-5-18", "EventData.PackageName": "Microsoft.YourPhone_1.25071.54.0_x64__8wekyb3d8bbwe", "EventData.ContainerId": "48cedad5-7cd0-11f0-a768-005056b235ad"}
{"EventID": "70", "Channel": "Microsoft-Windows-AppModel-Runtime/Admin", "Provider_Name": "Microsoft-Windows-AppModel-Runtime", "Computer": "DESKTOP-OFJ6N53", "TimeCreated": "2025-08-20 01:04:43.073126+00:00", "RecordID": "13243", "Level": "4", "UserID": "S-1-5-18", "EventData.PackageFullName": "Microsoft.YourPhone_1.25071.54.0_x64__8wekyb3d8bbwe", "EventData.User": "S-1-5-21-963789628-1060504924-4285088085-1001", "EventData.DesiredStatus": "2048", "EventData.CurrentStatus": "1024"}
{"EventID": "70", "Channel": "Microsoft-Windows-AppModel-Runtime/Admin", "Provider_Name": "Microsoft-Windows-AppModel-Runtime", "Computer": "DESKTOP-OFJ6N53", "TimeCreated": "2025-08-20 05:02:22.097616+00:00", "RecordID": "13244", "Level": "4", "UserID": "S-1-5-18", "EventData.PackageFullName": "Microsoft.YourPhone_1.25071.54.0_x64__8wekyb3d8bbwe", "EventData.User": "S-1-5-21-963789628-1060504924-4285088085-1001", "EventData.DesiredStatus": "2080", "EventData.CurrentStatus": "2048"}
{"EventID": "69", "Channel": "Microsoft-Windows-AppModel-Runtime/Admin", "Provider_Name": "Microsoft-Windows-AppModel-Runtime", "Computer": "DESKTOP-OFJ6N53", "TimeCreated": "2025-08-20 05:02:22.098122+00:00", "RecordID": "13245", "Level": "4", "UserID": "S-1-5-18", "EventData.ErrorCode": "1168", "EventData.PackageFullName": "Microsoft.YourPhone_1.25072.63.0_x64__8wekyb3d8bbwe", "EventData.User": "S-1-5-21-963789628-1060504924-4285088085-1001", "EventData.DesiredStatus": "32", "EventData.CurrentStatus": "0"}
{"EventID": "42", "Channel": "Microsoft-Windows-AppModel-Runtime/Admin", "Provider_Name": "Microsoft-Windows-AppModel-Runtime", "Computer": "DESKTOP-OFJ6N53", "TimeCreated": "2025-08-20 05:02:22.840677+00:00", "RecordID": "13246", "Level": "4", "UserID": "S-1-5-21-963789628-1060504924-4285088085-1001", "EventData.AppContainerName": "Microsoft.YourPhone_8wekyb3d8bbwe"}
{"EventID": "70", "Channel": "Microsoft-Windows-AppModel-Runtime/Admin", "Provider_Name": "Microsoft-Windows-AppModel-Runtime", "Computer": "DESKTOP-OFJ6N53", "TimeCreated": "2025-08-20 05:02:24.208220+00:00", "RecordID": "13247", "Level": "4", "UserID": "S-1-5-18", "EventData.PackageFullName": "Microsoft.YourPhone_1.25072.63.0_x64__8wekyb3d8bbwe", "EventData.User": "S-1-5-21-963789628-1060504924-4285088085-1001", "EventData.DesiredStatus": "0", "EventData.CurrentStatus": "32"}
{"EventID": "210", "Channel": "Microsoft-Windows-AppModel-Runtime/Admin", "Provider_Name": "Microsoft-Windows-AppModel-Runtime", "Computer": "DESKTOP-OFJ6N53", "TimeCreated": "2025-08-20 05:02:27.321091+00:00", "RecordID": "13248", "Level": "4", "UserID": "S-1-5-18", "EventData.PackageName": "Microsoft.YourPhone_1.25072.63.0_x64__8wekyb3d8bbwe", "EventData.ContainerName": "Microsoft.YourPhone_1.25072.63.0_x64__8wekyb3d8bbwe-S-1-5-21-963789628-1060504924-4285088085-1001", "EventData.ContainerId": "48cee209-7cd0-11f0-a768-005056b235ad"}
{"EventID": "211", "Channel": "Microsoft-Windows-AppModel-Runtime/Admin", "Provider_Name": "Microsoft-Windows-AppModel-Runtime", "Computer": "DESKTOP-OFJ6N53", "TimeCreated": "2025-08-20 05:02:27.321140+00:00", "RecordID": "13249", "Level": "4", "UserID": "S-1-5-18", "EventData.ProcessID": "12008", "EventData.PackageName": "Microsoft.YourPhone_1.25072.63.0_x64__8wekyb3d8bbwe", "EventData.ContainerId": "48cee209-7cd0-11f0-a768-005056b235ad"}
{"EventID": "210", "Channel": "Microsoft-Windows-AppModel-Runtime/Admin", "Provider_Name": "Microsoft-Windows-AppModel-Runtime", "Computer": "DESKTOP-OFJ6N53", "TimeCreated": "2025-08-20 07:02:23.165236+00:00", "RecordID": "13250", "Level": "4", "UserID": "S-1-5-18", "EventData.PackageName": "Microsoft.DesktopAppInstaller_1.26.430.0_x64__8wekyb3d8bbwe", "EventData.ContainerName": "Microsoft.DesktopAppInstaller_1.26.430.0_x64__8wekyb3d8bbwe-S-1-5-21-963789628-1060504924-4285088085-1001", "EventData.ContainerId": "48cee360-7cd0-11f0-a768-005056b235ad"}
{"EventID": "211", "Channel": "Microsoft-Windows-AppModel-Runtime/Admin", "Provider_Name": "Microsoft-Windows-AppModel-Runtime", "Computer": "DESKTOP-OFJ6N53", "TimeCreated": "2025-08-20 07:02:23.165274+00:00", "RecordID": "13251", "Level": "4", "UserID": "S-1-5-18", "EventData.ProcessID": "2968", "EventData.PackageName": "Microsoft.DesktopAppInstaller_1.26.430.0_x64__8wekyb3d8bbwe", "EventData.ContainerId": "48cee360-7cd0-11f0-a768-005056b235ad"}
