{"EventID": "3", "Channel": "Microsoft-Windows-Crypto-DPAPI/Operational", "Provider_Name": "Microsoft-Windows-Crypto-DPAPI", "Computer": "DESKTOP-OFJ6N53", "TimeCreated": "2025-05-22 22:55:13.748621+00:00", "RecordID": "16385", "Level": "4", "UserID": "S-1-5-18", "EventData.MasterKeyGUID": "{d948afd0-4605-4a10-84a0-37c90b19395e}", "EventData.Success": "False", "EventData.LastError": "0x00000000", "EventData.MasterKeyDisposition": "0x00000003"}
{"EventID": "8198", "Channel": "Microsoft-Windows-Crypto-DPAPI/Operational", "Provider_Name": "Microsoft-Windows-Crypto-DPAPI", "Computer": "DESKTOP-OFJ6N53", "TimeCreated": "2025-05-22 22:55:13.748627+00:00", "RecordID": "16386", "Level": "2", "UserID": "S-1-5-18", "EventData.Status": "0x8009000b", "EventData.ReasonForFailure": "6"}
{"EventID": "3", "Channel": "Microsoft-Windows-Crypto-DPAPI/Operational", "Provider_Name": "Microsoft-Windows-Crypto-DPAPI", "Computer": "DESKTOP-OFJ6N53", "TimeCreated": "2025-05-23 05:28:21.359982+00:00", "RecordID": "16387", "Level": "4", "UserID": "S-1-5-18", "EventData.MasterKeyGUID": "{d948afd0-4605-4a10-84a0-37c90b19395e}", "EventData.Success": "False", "EventData.LastError": "0x00000000", "EventData.MasterKeyDisposition": "0x00000003"}
{"EventID": "8198", "Channel": "Microsoft-Windows-Crypto-DPAPI/Operational", "Provider_Name": "Microsoft-Windows-Crypto-DPAPI", "Computer": "DESKTOP-OFJ6N53", "TimeCreated": "2025-05-23 05:28:21.359987+00:00", "RecordID": "16388", "Level": "2", "UserID": "S-1-5-18", "EventData.Status": "0x8009000b", "EventData.ReasonForFailure": "6"}
{"EventID": "3", "Channel": "Microsoft-Windows-Crypto-DPAPI/Operational", "Provider_Name": "Microsoft-Windows-Crypto-DPAPI", "Computer": "DESKTOP-OFJ6N53", "TimeCreated": "2025-05-23 05:28:21.541775+00:00", "RecordID": "16389", "Level": "4", "UserID": "S-1-5-18", "EventData.MasterKeyGUID": "{d948afd0-4605-4a10-84a0-37c90b19395e}", "EventData.Success": "False", "EventData.LastError": "0x00000000", "EventData.MasterKeyDisposition": "0x00000003"}
{"EventID": "8198", "Channel": "Microsoft-Windows-Crypto-DPAPI/Operational", "Provider_Name": "Microsoft-Windows-Crypto-DPAPI", "Computer": "DESKTOP-OFJ6N53", "TimeCreated": "2025-05-23 05:28:21.541782+00:00", "RecordID": "16390", "Level": "2", "UserID": "S-1-5-18", "EventData.Status": "0x8009000b", "EventData.ReasonForFailure": "6"}
{"EventID": "3", "Channel": "Microsoft-Windows-Crypto-DPAPI/Operational", "Provider_Name": "Microsoft-Windows-Crypto-DPAPI", "Computer": "DESKTOP-OFJ6N53", "TimeCreated": "2025-05-23 12:26:45.890825+00:00", "RecordID": "16391", "Level": "4", "UserID": "S-1-5-18", "EventData.MasterKeyGUID": "{d948afd0-4605-4a10-84a0-37c90b19395e}", "EventData.Success": "False", "EventData.LastError": "0x00000000", "EventData.MasterKeyDisposition": "0x00000003"}
{"EventID": "8198", "Channel": "Microsoft-Windows-Crypto-DPAPI/Operational", "Provider_Name": "Microsoft-Windows-Crypto-DPAPI", "Computer": "DESKTOP-OFJ6N53", "TimeCreated": "2025-05-23 12:26:45.890829+00:00", "RecordID": "16392", "Level": "2", "UserID": "S-1-5-18", "EventData.Status": "0x8009000b", "EventData.ReasonForFailure": "6"}
{"EventID": "3", "Channel": "Microsoft-Windows-Crypto-DPAPI/Operational", "Provider_Name": "Microsoft-Windows-Crypto-DPAPI", "Computer": "DESKTOP-OFJ6N53", "TimeCreated": "2025-05-23 12:26:46.024576+00:00", "RecordID": "16393", "Level": "4", "UserID": "S-1-5-18", "EventData.MasterKeyGUID": "{d948afd0-4605-4a10-84a0-37c90b19395e}", "EventData.Success": "False", "EventData.LastError": "0x00000000", "EventData.MasterKeyDisposition": "0x00000003"}
{"EventID": "8198", "Channel": "Microsoft-Windows-Crypto-DPAPI/Operational", "Provider_Name": "Microsoft-Windows-Crypto-DPAPI", "Computer": "DESKTOP-OFJ6N53", "TimeCreated": "2025-05-23 12:26:46.024584+00:00", "RecordID": "16394", "Level": "2", "UserID": "S-1-5-18", "EventData.Status": "0x8009000b", "EventData.ReasonForFailure": "6"}
{"EventID": "3", "Channel": "Microsoft-Windows-Crypto-DPAPI/Operational", "Provider_Name": "Microsoft-Windows-Crypto-DPAPI", "Computer": "DESKTOP-OFJ6N53", "TimeCreated": "2025-05-23 19:02:50.200562+00:00", "RecordID": "16395", "Level": "4", "UserID": "S-1-5-18", "EventData.MasterKeyGUID": "{d948afd0-4605-4a10-84a0-37c90b19395e}", "EventData.Success": "False", "EventData.LastError": "0x00000000", "EventData.MasterKeyDisposition": "0x00000003"}
{"EventID": "8198", "Channel": "Microsoft-Windows-Crypto-DPAPI/Operational", "Provider_Name": "Microsoft-Windows-Crypto-DPAPI", "Computer": "DESKTOP-OFJ6N53", "TimeCreated": "2025-05-23 19:02:50.200573+00:00", "RecordID": "16396", "Level": "2", "UserID": "S-1-5-18", "EventData.Status": "0x8009000b", "EventData.ReasonForFailure": "6"}
{"EventID": "3", "Channel": "Microsoft-Windows-Crypto-DPAPI/Operational", "Provider_Name": "Microsoft-Windows-Crypto-DPAPI", "Computer": "DESKTOP-OFJ6N53", "TimeCreated": "2025-05-23 19:02:50.368233+00:00", "RecordID": "16397", "Level": "4", "UserID": "S-1-5-18", "EventData.MasterKeyGUID": "{d948afd0-4605-4a10-84a0-37c90b19395e}", "EventData.Success": "False", "EventData.LastError": "0x00000000", "EventData.MasterKeyDisposition": "0x00000003"}
{"EventID": "8198", "Channel": "Microsoft-Windows-Crypto-DPAPI/Operational", "Provider_Name": "Microsoft-Windows-Crypto-DPAPI", "Computer": "DESKTOP-OFJ6N53", "TimeCreated": "2025-05-23 19:02:50.368238+00:00", "RecordID": "16398", "Level": "2", "UserID": "S-1-5-18", "EventData.Status": "0x8009000b", "EventData.ReasonForFailure": "6"}
{"EventID": "3", "Channel": "Microsoft-Windows-Crypto-DPAPI/Operational", "Provider_Name": "Microsoft-Windows-Crypto-DPAPI", "Computer": "DESKTOP-OFJ6N53", "TimeCreated": "2025-05-24 01:30:04.414089+00:00", "RecordID": "16399", "Level": "4", "UserID": "S-1-5-18", "EventData.MasterKeyGUID": "{d948afd0-4605-4a10-84a0-37c90b19395e}", "EventData.Success": "False", "EventData.LastError": "0x00000000", "EventData.MasterKeyDisposition": "0x00000003"}
{"EventID": "8198", "Channel": "Microsoft-Windows-Crypto-DPAPI/Operational", "Provider_Name": "Microsoft-Windows-Crypto-DPAPI", "Computer": "DESKTOP-OFJ6N53", "TimeCreated": "2025-05-24 01:30:04.414093+00:00", "RecordID": "16400", "Level": "2", "UserID": "S-1-5-18", "EventData.Status": "0x8009000b", "EventData.ReasonForFailure": "6"}
{"EventID": "3", "Channel": "Microsoft-Windows-Crypto-DPAPI/Operational", "Provider_Name": "Microsoft-Windows-Crypto-DPAPI", "Computer": "DESKTOP-OFJ6N53", "TimeCreated": "2025-05-24 01:30:04.556328+00:00", "RecordID": "16401", "Level": "4", "UserID": "S-1-5-18", "EventData.MasterKeyGUID": "{d948afd0-4605-4a10-84a0-37c90b19395e}", "EventData.Success": "False", "EventData.LastError": "0x00000000", "EventData.MasterKeyDisposition": "0x00000003"}
{"EventID": "8198", "Channel": "Microsoft-Windows-Crypto-DPAPI/Operational", "Provider_Name": "Microsoft-Windows-Crypto-DPAPI", "Computer": "DESKTOP-OFJ6N53", "TimeCreated": "2025-05-24 01:30:04.556332+00:00", "RecordID": "16402", "Level": "2", "UserID": "S-1-5-18", "EventData.Status": "0x8009000b", "EventData.ReasonForFailure": "6"}
{"EventID": "3", "Channel": "Microsoft-Windows-Crypto-DPAPI/Operational", "Provider_Name": "Microsoft-Windows-Crypto-DPAPI", "Computer": "DESKTOP-OFJ6N53", "TimeCreated": "2025-05-24 08:11:31.536545+00:00", "RecordID": "16403", "Level": "4", "UserID": "S-1-5-18", "EventData.MasterKeyGUID": "{d948afd0-4605-4a10-84a0-37c90b19395e}", "EventData.Success": "False", "EventData.LastError": "0x00000000", "EventData.MasterKeyDisposition": "0x00000003"}
{"EventID": "8198", "Channel": "Microsoft-Windows-Crypto-DPAPI/Operational", "Provider_Name": "Microsoft-Windows-Crypto-DPAPI", "Computer": "DESKTOP-OFJ6N53", "TimeCreated": "2025-05-24 08:11:31.536554+00:00", "RecordID": "16404", "Level": "2", "UserID": "S-1-5-18", "EventData.Status": "0x8009000b", "EventData.ReasonForFailure": "6"}
{"EventID": "3", "Channel": "Microsoft-Windows-Crypto-DPAPI/Operational", "Provider_Name": "Microsoft-Windows-Crypto-DPAPI", "Computer": "DESKTOP-OFJ6N53", "TimeCreated": "2025-05-24 08:11:31.690256+00:00", "RecordID": "16405", "Level": "4", "UserID": "S-1-5-18", "EventData.MasterKeyGUID": "{d948afd0-4605-4a10-84a0-37c90b19395e}", "EventData.Success": "False", "EventData.LastError": "0x00000000", "EventData.MasterKeyDisposition": "0x00000003"}
{"EventID": "8198", "Channel": "Microsoft-Windows-Crypto-DPAPI/Operational", "Provider_Name": "Microsoft-Windows-Crypto-DPAPI", "Computer": "DESKTOP-OFJ6N53", "TimeCreated": "2025-05-24 08:11:31.690264+00:00", "RecordID": "16406", "Level": "2", "UserID": "S-1-5-18", "EventData.Status": "0x8009000b", "EventData.ReasonForFailure": "6"}
{"EventID": "3", "Channel": "Microsoft-Windows-Crypto-DPAPI/Operational", "Provider_Name": "Microsoft-Windows-Crypto-DPAPI", "Computer": "DESKTOP-OFJ6N53", "TimeCreated": "2025-05-24 14:22:32.971096+00:00", "RecordID": "16407", "Level": "4", "UserID": "S-1-5-18", "EventData.MasterKeyGUID": "{d948afd0-4605-4a10-84a0-37c90b19395e}", "EventData.Success": "False", "EventData.LastError": "0x00000000", "EventData.MasterKeyDisposition": "0x00000003"}
{"EventID": "8198", "Channel": "Microsoft-Windows-Crypto-DPAPI/Operational", "Provider_Name": "Microsoft-Windows-Crypto-DPAPI", "Computer": "DESKTOP-OFJ6N53", "TimeCreated": "2025-05-24 14:22:32.971100+00:00", "RecordID": "16408", "Level": "2", "UserID": "S-1-5-18", "EventData.Status": "0x8009000b", "EventData.ReasonForFailure": "6"}
{"EventID": "3", "Channel": "Microsoft-Windows-Crypto-DPAPI/Operational", "Provider_Name": "Microsoft-Windows-Crypto-DPAPI", "Computer": "DESKTOP-OFJ6N53", "TimeCreated": "2025-05-24 14:22:33.104980+00:00", "RecordID": "16409", "Level": "4", "UserID": "S-1-5-18", "EventData.MasterKeyGUID": "{d948afd0-4605-4a10-84a0-37c90b19395e}", "EventData.Success": "False", "EventData.LastError": "0x00000000", "EventData.MasterKeyDisposition": "0x00000003"}
{"EventID": "8198", "Channel": "Microsoft-Windows-Crypto-DPAPI/Operational", "Provider_Name": "Microsoft-Windows-Crypto-DPAPI", "Computer": "DESKTOP-OFJ6N53", "TimeCreated": "2025-05-24 14:22:33.104984+00:00", "RecordID": "16410", "Level": "2", "UserID": "S-1-5-18", "EventData.Status": "0x8009000b", "EventData.ReasonForFailure": "6"}
{"EventID": "3", "Channel": "Microsoft-Windows-Crypto-DPAPI/Operational", "Provider_Name": "Microsoft-Windows-Crypto-DPAPI", "Computer": "DESKTOP-OFJ6N53", "TimeCreated": "2025-05-24 21:14:50.664331+00:00", "RecordID": "16411", "Level": "4", "UserID": "S-1-5-18", "EventData.MasterKeyGUID": "{d948afd0-4605-4a10-84a0-37c90b19395e}", "EventData.Success": "False", "EventData.LastError": "0x00000000", "EventData.MasterKeyDisposition": "0x00000003"}
{"EventID": "8198", "Channel": "Microsoft-Windows-Crypto-DPAPI/Operational", "Provider_Name": "Microsoft-Windows-Crypto-DPAPI", "Computer": "DESKTOP-OFJ6N53", "TimeCreated": "2025-05-24 21:14:50.664337+00:00", "RecordID": "16412", "Level": "2", "UserID": "S-1-5-18", "EventData.Status": "0x8009000b", "EventData.ReasonForFailure": "6"}
{"EventID": "3", "Channel": "Microsoft-Windows-Crypto-DPAPI/Operational", "Provider_Name": "Microsoft-Windows-Crypto-DPAPI", "Computer": "DESKTOP-OFJ6N53", "TimeCreated": "2025-05-24 21:14:50.808123+00:00", "RecordID": "16413", "Level": "4", "UserID": "S-1-5-18", "EventData.MasterKeyGUID": "{d948afd0-4605-4a10-84a0-37c90b19395e}", "EventData.Success": "False", "EventData.LastError": "0x00000000", "EventData.MasterKeyDisposition": "0x00000003"}
{"EventID": "8198", "Channel": "Microsoft-Windows-Crypto-DPAPI/Operational", "Provider_Name": "Microsoft-Windows-Crypto-DPAPI", "Computer": "DESKTOP-OFJ6N53", "TimeCreated": "2025-05-24 21:14:50.808126+00:00", "RecordID": "16414", "Level": "2", "UserID": "S-1-5-18", "EventData.Status": "0x8009000b", "EventData.ReasonForFailure": "6"}
{"EventID": "3", "Channel": "Microsoft-Windows-Crypto-DPAPI/Operational", "Provider_Name": "Microsoft-Windows-Crypto-DPAPI", "Computer": "DESKTOP-OFJ6N53", "TimeCreated": "2025-05-25 03:58:20.690723+00:00", "RecordID": "16415", "Level": "4", "UserID": "S-1-5-18", "EventData.MasterKeyGUID": "{d948afd0-4605-4a10-84a0-37c90b19395e}", "EventData.Success": "False", "EventData.LastError": "0x00000000", "EventData.MasterKeyDisposition": "0x00000003"}
{"EventID": "8198", "Channel": "Microsoft-Windows-Crypto-DPAPI/Operational", "Provider_Name": "Microsoft-Windows-Crypto-DPAPI", "Computer": "DESKTOP-OFJ6N53", "TimeCreated": "2025-05-25 03:58:20.690727+00:00", "RecordID": "16416", "Level": "2", "UserID": "S-1-5-18", "EventData.Status": "0x8009000b", "EventData.ReasonForFailure": "6"}
{"EventID": "3", "Channel": "Microsoft-Windows-Crypto-DPAPI/Operational", "Provider_Name": "Microsoft-Windows-Crypto-DPAPI", "Computer": "DESKTOP-OFJ6N53", "TimeCreated": "2025-05-25 03:58:20.828529+00:00", "RecordID": "16417", "Level": "4", "UserID": "S-1-5-18", "EventData.MasterKeyGUID": "{d948afd0-4605-4a10-84a0-37c90b19395e}", "EventData.Success": "False", "EventData.LastError": "0x00000000", "EventData.MasterKeyDisposition": "0x00000003"}
{"EventID": "8198", "Channel": "Microsoft-Windows-Crypto-DPAPI/Operational", "Provider_Name": "Microsoft-Windows-Crypto-DPAPI", "Computer": "DESKTOP-OFJ6N53", "TimeCreated": "2025-05-25 03:58:20.828533+00:00", "RecordID": "16418", "Level": "2", "UserID": "S-1-5-18", "EventData.Status": "0x8009000b", "EventData.ReasonForFailure": "6"}
{"EventID": "3", "Channel": "Microsoft-Windows-Crypto-DPAPI/Operational", "Provider_Name": "Microsoft-Windows-Crypto-DPAPI", "Computer": "DESKTOP-OFJ6N53", "TimeCreated": "2025-05-25 10:40:31.172928+00:00", "RecordID": "16419", "Level": "4", "UserID": "S-1-5-18", "EventData.MasterKeyGUID": "{d948afd0-4605-4a10-84a0-37c90b19395e}", "EventData.Success": "False", "EventData.LastError": "0x00000000", "EventData.MasterKeyDisposition": "0x00000003"}
{"EventID": "8198", "Channel": "Microsoft-Windows-Crypto-DPAPI/Operational", "Provider_Name": "Microsoft-Windows-Crypto-DPAPI", "Computer": "DESKTOP-OFJ6N53", "TimeCreated": "2025-05-25 10:40:31.172953+00:00", "RecordID": "16420", "Level": "2", "UserID": "S-1-5-18", "EventData.Status": "0x8009000b", "EventData.ReasonForFailure": "6"}
{"EventID": "3", "Channel": "Microsoft-Windows-Crypto-DPAPI/Operational", "Provider_Name": "Microsoft-Windows-Crypto-DPAPI", "Computer": "DESKTOP-OFJ6N53", "TimeCreated": "2025-05-25 10:40:31.245632+00:00", "RecordID": "16421", "Level": "4", "UserID": "S-1-5-18", "EventData.MasterKeyGUID": "{d948afd0-4605-4a10-84a0-37c90b19395e}", "EventData.Success": "False", "EventData.LastError": "0x00000000", "EventData.MasterKeyDisposition": "0x00000003"}
{"EventID": "8198", "Channel": "Microsoft-Windows-Crypto-DPAPI/Operational", "Provider_Name": "Microsoft-Windows-Crypto-DPAPI", "Computer": "DESKTOP-OFJ6N53", "TimeCreated": "2025-05-25 10:40:31.245636+00:00", "RecordID": "16422", "Level": "2", "UserID": "S-1-5-18", "EventData.Status": "0x8009000b", "EventData.ReasonForFailure": "6"}
{"EventID": "3", "Channel": "Microsoft-Windows-Crypto-DPAPI/Operational", "Provider_Name": "Microsoft-Windows-Crypto-DPAPI", "Computer": "DESKTOP-OFJ6N53", "TimeCreated": "2025-05-25 16:54:50.002062+00:00", "RecordID": "16423", "Level": "4", "UserID": "S-1-5-18", "EventData.MasterKeyGUID": "{d948afd0-4605-4a10-84a0-37c90b19395e}", "EventData.Success": "False", "EventData.LastError": "0x00000000", "EventData.MasterKeyDisposition": "0x00000003"}
{"EventID": "8198", "Channel": "Microsoft-Windows-Crypto-DPAPI/Operational", "Provider_Name": "Microsoft-Windows-Crypto-DPAPI", "Computer": "DESKTOP-OFJ6N53", "TimeCreated": "2025-05-25 16:54:50.002073+00:00", "RecordID": "16424", "Level": "2", "UserID": "S-1-5-18", "EventData.Status": "0x8009000b", "EventData.ReasonForFailure": "6"}
{"EventID": "3", "Channel": "Microsoft-Windows-Crypto-DPAPI/Operational", "Provider_Name": "Microsoft-Windows-Crypto-DPAPI", "Computer": "DESKTOP-OFJ6N53", "TimeCreated": "2025-05-25 16:54:50.136600+00:00", "RecordID": "16425", "Level": "4", "UserID": "S-1-5-18", "EventData.MasterKeyGUID": "{d948afd0-4605-4a10-84a0-37c90b19395e}", "EventData.Success": "False", "EventData.LastError": "0x00000000", "EventData.MasterKeyDisposition": "0x00000003"}
{"EventID": "8198", "Channel": "Microsoft-Windows-Crypto-DPAPI/Operational", "Provider_Name": "Microsoft-Windows-Crypto-DPAPI", "Computer": "DESKTOP-OFJ6N53", "TimeCreated": "2025-05-25 16:54:50.136606+00:00", "RecordID": "16426", "Level": "2", "UserID": "S-1-5-18", "EventData.Status": "0x8009000b", "EventData.ReasonForFailure": "6"}
{"EventID": "3", "Channel": "Microsoft-Windows-Crypto-DPAPI/Operational", "Provider_Name": "Microsoft-Windows-Crypto-DPAPI", "Computer": "DESKTOP-OFJ6N53", "TimeCreated": "2025-05-25 23:16:18.205484+00:00", "RecordID": "16427", "Level": "4", "UserID": "S-1-5-18", "EventData.MasterKeyGUID": "{d948afd0-4605-4a10-84a0-37c90b19395e}", "EventData.Success": "False", "EventData.LastError": "0x00000000", "EventData.MasterKeyDisposition": "0x00000003"}
{"EventID": "8198", "Channel": "Microsoft-Windows-Crypto-DPAPI/Operational", "Provider_Name": "Microsoft-Windows-Crypto-DPAPI", "Computer": "DESKTOP-OFJ6N53", "TimeCreated": "2025-05-25 23:16:18.205494+00:00", "RecordID": "16428", "Level": "2", "UserID": "S-1-5-18", "EventData.Status": "0x8009000b", "EventData.ReasonForFailure": "6"}
{"EventID": "3", "Channel": "Microsoft-Windows-Crypto-DPAPI/Operational", "Provider_Name": "Microsoft-Windows-Crypto-DPAPI", "Computer": "DESKTOP-OFJ6N53", "TimeCreated": "2025-05-25 23:16:18.341688+00:00", "RecordID": "16429", "Level": "4", "UserID": "S-1-5-18", "EventData.MasterKeyGUID": "{d948afd0-4605-4a10-84a0-37c90b19395e}", "EventData.Success": "False", "EventData.LastError": "0x00000000", "EventData.MasterKeyDisposition": "0x00000003"}
{"EventID": "8198", "Channel": "Microsoft-Windows-Crypto-DPAPI/Operational", "Provider_Name": "Microsoft-Windows-Crypto-DPAPI", "Computer": "DESKTOP-OFJ6N53", "TimeCreated": "2025-05-25 23:16:18.341694+00:00", "RecordID": "16430", "Level": "2", "UserID": "S-1-5-18", "EventData.Status": "0x8009000b", "EventData.ReasonForFailure": "6"}
{"EventID": "3", "Channel": "Microsoft-Windows-Crypto-DPAPI/Operational", "Provider_Name": "Microsoft-Windows-Crypto-DPAPI", "Computer": "DESKTOP-OFJ6N53", "TimeCreated": "2025-05-26 05:45:24.194761+00:00", "RecordID": "16431", "Level": "4", "UserID": "S-1-5-18", "EventData.MasterKeyGUID": "{d948afd0-4605-4a10-84a0-37c90b19395e}", "EventData.Success": "False", "EventData.LastError": "0x00000000", "EventData.MasterKeyDisposition": "0x00000003"}
{"EventID": "8198", "Channel": "Microsoft-Windows-Crypto-DPAPI/Operational", "Provider_Name": "Microsoft-Windows-Crypto-DPAPI", "Computer": "DESKTOP-OFJ6N53", "TimeCreated": "2025-05-26 05:45:24.194767+00:00", "RecordID": "16432", "Level": "2", "UserID": "S-1-5-18", "EventData.Status": "0x8009000b", "EventData.ReasonForFailure": "6"}
{"EventID": "3", "Channel": "Microsoft-Windows-Crypto-DPAPI/Operational", "Provider_Name": "Microsoft-Windows-Crypto-DPAPI", "Computer": "DESKTOP-OFJ6N53", "TimeCreated": "2025-05-26 05:45:24.324778+00:00", "RecordID": "16433", "Level": "4", "UserID": "S-1-5-18", "EventData.MasterKeyGUID": "{d948afd0-4605-4a10-84a0-37c90b19395e}", "EventData.Success": "False", "EventData.LastError": "0x00000000", "EventData.MasterKeyDisposition": "0x00000003"}
{"EventID": "8198", "Channel": "Microsoft-Windows-Crypto-DPAPI/Operational", "Provider_Name": "Microsoft-Windows-Crypto-DPAPI", "Computer": "DESKTOP-OFJ6N53", "TimeCreated": "2025-05-26 05:45:24.324781+00:00", "RecordID": "16434", "Level": "2", "UserID": "S-1-5-18", "EventData.Status": "0x8009000b", "EventData.ReasonForFailure": "6"}
{"EventID": "3", "Channel": "Microsoft-Windows-Crypto-DPAPI/Operational", "Provider_Name": "Microsoft-Windows-Crypto-DPAPI", "Computer": "DESKTOP-OFJ6N53", "TimeCreated": "2025-05-26 12:27:43.378088+00:00", "RecordID": "16435", "Level": "4", "UserID": "S-1-5-18", "EventData.MasterKeyGUID": "{d948afd0-4605-4a10-84a0-37c90b19395e}", "EventData.Success": "False", "EventData.LastError": "0x00000000", "EventData.MasterKeyDisposition": "0x00000003"}
{"EventID": "8198", "Channel": "Microsoft-Windows-Crypto-DPAPI/Operational", "Provider_Name": "Microsoft-Windows-Crypto-DPAPI", "Computer": "DESKTOP-OFJ6N53", "TimeCreated": "2025-05-26 12:27:43.378090+00:00", "RecordID": "16436", "Level": "2", "UserID": "S-1-5-18", "EventData.Status": "0x8009000b", "EventData.ReasonForFailure": "6"}
{"EventID": "3", "Channel": "Microsoft-Windows-Crypto-DPAPI/Operational", "Provider_Name": "Microsoft-Windows-Crypto-DPAPI", "Computer": "DESKTOP-OFJ6N53", "TimeCreated": "2025-05-26 12:27:43.512182+00:00", "RecordID": "16437", "Level": "4", "UserID": "S-1-5-18", "EventData.MasterKeyGUID": "{d948afd0-4605-4a10-84a0-37c90b19395e}", "EventData.Success": "False", "EventData.LastError": "0x00000000", "EventData.MasterKeyDisposition": "0x00000003"}
{"EventID": "8198", "Channel": "Microsoft-Windows-Crypto-DPAPI/Operational", "Provider_Name": "Microsoft-Windows-Crypto-DPAPI", "Computer": "DESKTOP-OFJ6N53", "TimeCreated": "2025-05-26 12:27:43.512188+00:00", "RecordID": "16438", "Level": "2", "UserID": "S-1-5-18", "EventData.Status": "0x8009000b", "EventData.ReasonForFailure": "6"}
{"EventID": "3", "Channel": "Microsoft-Windows-Crypto-DPAPI/Operational", "Provider_Name": "Microsoft-Windows-Crypto-DPAPI", "Computer": "DESKTOP-OFJ6N53", "TimeCreated": "2025-05-26 18:51:12.046211+00:00", "RecordID": "16439", "Level": "4", "UserID": "S-1-5-18", "EventData.MasterKeyGUID": "{d948afd0-4605-4a10-84a0-37c90b19395e}", "EventData.Success": "False", "EventData.LastError": "0x00000000", "EventData.MasterKeyDisposition": "0x00000003"}
{"EventID": "8198", "Channel": "Microsoft-Windows-Crypto-DPAPI/Operational", "Provider_Name": "Microsoft-Windows-Crypto-DPAPI", "Computer": "DESKTOP-OFJ6N53", "TimeCreated": "2025-05-26 18:51:12.046223+00:00", "RecordID": "16440", "Level": "2", "UserID": "S-1-5-18", "EventData.Status": "0x8009000b", "EventData.ReasonForFailure": "6"}
{"EventID": "3", "Channel": "Microsoft-Windows-Crypto-DPAPI/Operational", "Provider_Name": "Microsoft-Windows-Crypto-DPAPI", "Computer": "DESKTOP-OFJ6N53", "TimeCreated": "2025-05-26 18:51:12.194349+00:00", "RecordID": "16441", "Level": "4", "UserID": "S-1-5-18", "EventData.MasterKeyGUID": "{d948afd0-4605-4a10-84a0-37c90b19395e}", "EventData.Success": "False", "EventData.LastError": "0x00000000", "EventData.MasterKeyDisposition": "0x00000003"}
{"EventID": "8198", "Channel": "Microsoft-Windows-Crypto-DPAPI/Operational", "Provider_Name": "Microsoft-Windows-Crypto-DPAPI", "Computer": "DESKTOP-OFJ6N53", "TimeCreated": "2025-05-26 18:51:12.194357+00:00", "RecordID": "16442", "Level": "2", "UserID": "S-1-5-18", "EventData.Status": "0x8009000b", "EventData.ReasonForFailure": "6"}
{"EventID": "3", "Channel": "Microsoft-Windows-Crypto-DPAPI/Operational", "Provider_Name": "Microsoft-Windows-Crypto-DPAPI", "Computer": "DESKTOP-OFJ6N53", "TimeCreated": "2025-05-27 01:26:20.198885+00:00", "RecordID": "16443", "Level": "4", "UserID": "S-1-5-18", "EventData.MasterKeyGUID": "{d948afd0-4605-4a10-84a0-37c90b19395e}", "EventData.Success": "False", "EventData.LastError": "0x00000000", "EventData.MasterKeyDisposition": "0x00000003"}
{"EventID": "8198", "Channel": "Microsoft-Windows-Crypto-DPAPI/Operational", "Provider_Name": "Microsoft-Windows-Crypto-DPAPI", "Computer": "DESKTOP-OFJ6N53", "TimeCreated": "2025-05-27 01:26:20.198891+00:00", "RecordID": "16444", "Level": "2", "UserID": "S-1-5-18", "EventData.Status": "0x8009000b", "EventData.ReasonForFailure": "6"}
{"EventID": "3", "Channel": "Microsoft-Windows-Crypto-DPAPI/Operational", "Provider_Name": "Microsoft-Windows-Crypto-DPAPI", "Computer": "DESKTOP-OFJ6N53", "TimeCreated": "2025-05-27 01:26:20.343086+00:00", "RecordID": "16445", "Level": "4", "UserID": "S-1-5-18", "EventData.MasterKeyGUID": "{d948afd0-4605-4a10-84a0-37c90b19395e}", "EventData.Success": "False", "EventData.LastError": "0x00000000", "EventData.MasterKeyDisposition": "0x00000003"}
{"EventID": "8198", "Channel": "Microsoft-Windows-Crypto-DPAPI/Operational", "Provider_Name": "Microsoft-Windows-Crypto-DPAPI", "Computer": "DESKTOP-OFJ6N53", "TimeCreated": "2025-05-27 01:26:20.343090+00:00", "RecordID": "16446", "Level": "2", "UserID": "S-1-5-18", "EventData.Status": "0x8009000b", "EventData.ReasonForFailure": "6"}
{"EventID": "3", "Channel": "Microsoft-Windows-Crypto-DPAPI/Operational", "Provider_Name": "Microsoft-Windows-Crypto-DPAPI", "Computer": "DESKTOP-OFJ6N53", "TimeCreated": "2025-05-27 08:02:40.202940+00:00", "RecordID": "16447", "Level": "4", "UserID": "S-1-5-18", "EventData.MasterKeyGUID": "{d948afd0-4605-4a10-84a0-37c90b19395e}", "EventData.Success": "False", "EventData.LastError": "0x00000000", "EventData.MasterKeyDisposition": "0x00000003"}
{"EventID": "8198", "Channel": "Microsoft-Windows-Crypto-DPAPI/Operational", "Provider_Name": "Microsoft-Windows-Crypto-DPAPI", "Computer": "DESKTOP-OFJ6N53", "TimeCreated": "2025-05-27 08:02:40.202946+00:00", "RecordID": "16448", "Level": "2", "UserID": "S-1-5-18", "EventData.Status": "0x8009000b", "EventData.ReasonForFailure": "6"}
{"EventID": "3", "Channel": "Microsoft-Windows-Crypto-DPAPI/Operational", "Provider_Name": "Microsoft-Windows-Crypto-DPAPI", "Computer": "DESKTOP-OFJ6N53", "TimeCreated": "2025-05-27 08:02:40.354269+00:00", "RecordID": "16449", "Level": "4", "UserID": "S-1-5-18", "EventData.MasterKeyGUID": "{d948afd0-4605-4a10-84a0-37c90b19395e}", "EventData.Success": "False", "EventData.LastError": "0x00000000", "EventData.MasterKeyDisposition": "0x00000003"}
{"EventID": "8198", "Channel": "Microsoft-Windows-Crypto-DPAPI/Operational", "Provider_Name": "Microsoft-Windows-Crypto-DPAPI", "Computer": "DESKTOP-OFJ6N53", "TimeCreated": "2025-05-27 08:02:40.354273+00:00", "RecordID": "16450", "Level": "2", "UserID": "S-1-5-18", "EventData.Status": "0x8009000b", "EventData.ReasonForFailure": "6"}
{"EventID": "3", "Channel": "Microsoft-Windows-Crypto-DPAPI/Operational", "Provider_Name": "Microsoft-Windows-Crypto-DPAPI", "Computer": "DESKTOP-OFJ6N53", "TimeCreated": "2025-05-27 14:34:11.394022+00:00", "RecordID": "16451", "Level": "4", "UserID": "S-1-5-18", "EventData.MasterKeyGUID": "{d948afd0-4605-4a10-84a0-37c90b19395e}", "EventData.Success": "False", "EventData.LastError": "0x00000000", "EventData.MasterKeyDisposition": "0x00000003"}
{"EventID": "8198", "Channel": "Microsoft-Windows-Crypto-DPAPI/Operational", "Provider_Name": "Microsoft-Windows-Crypto-DPAPI", "Computer": "DESKTOP-OFJ6N53", "TimeCreated": "2025-05-27 14:34:11.394028+00:00", "RecordID": "16452", "Level": "2", "UserID": "S-1-5-18", "EventData.Status": "0x8009000b", "EventData.ReasonForFailure": "6"}
{"EventID": "3", "Channel": "Microsoft-Windows-Crypto-DPAPI/Operational", "Provider_Name": "Microsoft-Windows-Crypto-DPAPI", "Computer": "DESKTOP-OFJ6N53", "TimeCreated": "2025-05-27 14:34:11.533205+00:00", "RecordID": "16453", "Level": "4", "UserID": "S-1-5-18", "EventData.MasterKeyGUID": "{d948afd0-4605-4a10-84a0-37c90b19395e}", "EventData.Success": "False", "EventData.LastError": "0x00000000", "EventData.MasterKeyDisposition": "0x00000003"}
{"EventID": "8198", "Channel": "Microsoft-Windows-Crypto-DPAPI/Operational", "Provider_Name": "Microsoft-Windows-Crypto-DPAPI", "Computer": "DESKTOP-OFJ6N53", "TimeCreated": "2025-05-27 14:34:11.533211+00:00", "RecordID": "16454", "Level": "2", "UserID": "S-1-5-18", "EventData.Status": "0x8009000b", "EventData.ReasonForFailure": "6"}
{"EventID": "3", "Channel": "Microsoft-Windows-Crypto-DPAPI/Operational", "Provider_Name": "Microsoft-Windows-Crypto-DPAPI", "Computer": "DESKTOP-OFJ6N53", "TimeCreated": "2025-05-27 21:22:24.193697+00:00", "RecordID": "16455", "Level": "4", "UserID": "S-1-5-18", "EventData.MasterKeyGUID": "{d948afd0-4605-4a10-84a0-37c90b19395e}", "EventData.Success": "False", "EventData.LastError": "0x00000000", "EventData.MasterKeyDisposition": "0x00000003"}
{"EventID": "8198", "Channel": "Microsoft-Windows-Crypto-DPAPI/Operational", "Provider_Name": "Microsoft-Windows-Crypto-DPAPI", "Computer": "DESKTOP-OFJ6N53", "TimeCreated": "2025-05-27 21:22:24.193703+00:00", "RecordID": "16456", "Level": "2", "UserID": "S-1-5-18", "EventData.Status": "0x8009000b", "EventData.ReasonForFailure": "6"}
{"EventID": "3", "Channel": "Microsoft-Windows-Crypto-DPAPI/Operational", "Provider_Name": "Microsoft-Windows-Crypto-DPAPI", "Computer": "DESKTOP-OFJ6N53", "TimeCreated": "2025-05-27 21:22:24.342810+00:00", "RecordID": "16457", "Level": "4", "UserID": "S-1-5-18", "EventData.MasterKeyGUID": "{d948afd0-4605-4a10-84a0-37c90b19395e}", "EventData.Success": "False", "EventData.LastError": "0x00000000", "EventData.MasterKeyDisposition": "0x00000003"}
{"EventID": "8198", "Channel": "Microsoft-Windows-Crypto-DPAPI/Operational", "Provider_Name": "Microsoft-Windows-Crypto-DPAPI", "Computer": "DESKTOP-OFJ6N53", "TimeCreated": "2025-05-27 21:22:24.342813+00:00", "RecordID": "16458", "Level": "2", "UserID": "S-1-5-18", "EventData.Status": "0x8009000b", "EventData.ReasonForFailure": "6"}
{"EventID": "3", "Channel": "Microsoft-Windows-Crypto-DPAPI/Operational", "Provider_Name": "Microsoft-Windows-Crypto-DPAPI", "Computer": "DESKTOP-OFJ6N53", "TimeCreated": "2025-05-28 04:11:51.821621+00:00", "RecordID": "16459", "Level": "4", "UserID": "S-1-5-18", "EventData.MasterKeyGUID": "{d948afd0-4605-4a10-84a0-37c90b19395e}", "EventData.Success": "False", "EventData.LastError": "0x00000000", "EventData.MasterKeyDisposition": "0x00000003"}
{"EventID": "8198", "Channel": "Microsoft-Windows-Crypto-DPAPI/Operational", "Provider_Name": "Microsoft-Windows-Crypto-DPAPI", "Computer": "DESKTOP-OFJ6N53", "TimeCreated": "2025-05-28 04:11:51.821625+00:00", "RecordID": "16460", "Level": "2", "UserID": "S-1-5-18", "EventData.Status": "0x8009000b", "EventData.ReasonForFailure": "6"}
{"EventID": "3", "Channel": "Microsoft-Windows-Crypto-DPAPI/Operational", "Provider_Name": "Microsoft-Windows-Crypto-DPAPI", "Computer": "DESKTOP-OFJ6N53", "TimeCreated": "2025-05-28 04:11:51.989679+00:00", "RecordID": "16461", "Level": "4", "UserID": "S-1-5-18", "EventData.MasterKeyGUID": "{d948afd0-4605-4a10-84a0-37c90b19395e}", "EventData.Success": "False", "EventData.LastError": "0x00000000", "EventData.MasterKeyDisposition": "0x00000003"}
{"EventID": "8198", "Channel": "Microsoft-Windows-Crypto-DPAPI/Operational", "Provider_Name": "Microsoft-Windows-Crypto-DPAPI", "Computer": "DESKTOP-OFJ6N53", "TimeCreated": "2025-05-28 04:11:51.989685+00:00", "RecordID": "16462", "Level": "2", "UserID": "S-1-5-18", "EventData.Status": "0x8009000b", "EventData.ReasonForFailure": "6"}
{"EventID": "3", "Channel": "Microsoft-Windows-Crypto-DPAPI/Operational", "Provider_Name": "Microsoft-Windows-Crypto-DPAPI", "Computer": "DESKTOP-OFJ6N53", "TimeCreated": "2025-05-28 10:40:56.805180+00:00", "RecordID": "16463", "Level": "4", "UserID": "S-1-5-18", "EventData.MasterKeyGUID": "{d948afd0-4605-4a10-84a0-37c90b19395e}", "EventData.Success": "False", "EventData.LastError": "0x00000000", "EventData.MasterKeyDisposition": "0x00000003"}
{"EventID": "8198", "Channel": "Microsoft-Windows-Crypto-DPAPI/Operational", "Provider_Name": "Microsoft-Windows-Crypto-DPAPI", "Computer": "DESKTOP-OFJ6N53", "TimeCreated": "2025-05-28 10:40:56.805187+00:00", "RecordID": "16464", "Level": "2", "UserID": "S-1-5-18", "EventData.Status": "0x8009000b", "EventData.ReasonForFailure": "6"}
{"EventID": "3", "Channel": "Microsoft-Windows-Crypto-DPAPI/Operational", "Provider_Name": "Microsoft-Windows-Crypto-DPAPI", "Computer": "DESKTOP-OFJ6N53", "TimeCreated": "2025-05-28 10:40:56.890930+00:00", "RecordID": "16465", "Level": "4", "UserID": "S-1-5-18", "EventData.MasterKeyGUID": "{d948afd0-4605-4a10-84a0-37c90b19395e}", "EventData.Success": "False", "EventData.LastError": "0x00000000", "EventData.MasterKeyDisposition": "0x00000003"}
{"EventID": "8198", "Channel": "Microsoft-Windows-Crypto-DPAPI/Operational", "Provider_Name": "Microsoft-Windows-Crypto-DPAPI", "Computer": "DESKTOP-OFJ6N53", "TimeCreated": "2025-05-28 10:40:56.890936+00:00", "RecordID": "16466", "Level": "2", "UserID": "S-1-5-18", "EventData.Status": "0x8009000b", "EventData.ReasonForFailure": "6"}
{"EventID": "3", "Channel": "Microsoft-Windows-Crypto-DPAPI/Operational", "Provider_Name": "Microsoft-Windows-Crypto-DPAPI", "Computer": "DESKTOP-OFJ6N53", "TimeCreated": "2025-05-28 17:14:13.461376+00:00", "RecordID": "16467", "Level": "4", "UserID": "S-1-5-18", "EventData.MasterKeyGUID": "{d948afd0-4605-4a10-84a0-37c90b19395e}", "EventData.Success": "False", "EventData.LastError": "0x00000000", "EventData.MasterKeyDisposition": "0x00000003"}
{"EventID": "8198", "Channel": "Microsoft-Windows-Crypto-DPAPI/Operational", "Provider_Name": "Microsoft-Windows-Crypto-DPAPI", "Computer": "DESKTOP-OFJ6N53", "TimeCreated": "2025-05-28 17:14:13.461382+00:00", "RecordID": "16468", "Level": "2", "UserID": "S-1-5-18", "EventData.Status": "0x8009000b", "EventData.ReasonForFailure": "6"}
{"EventID": "3", "Channel": "Microsoft-Windows-Crypto-DPAPI/Operational", "Provider_Name": "Microsoft-Windows-Crypto-DPAPI", "Computer": "DESKTOP-OFJ6N53", "TimeCreated": "2025-05-28 17:14:13.627453+00:00", "RecordID": "16469", "Level": "4", "UserID": "S-1-5-18", "EventData.MasterKeyGUID": "{d948afd0-4605-4a10-84a0-37c90b19395e}", "EventData.Success": "False", "EventData.LastError": "0x00000000", "EventData.MasterKeyDisposition": "0x00000003"}
{"EventID": "8198", "Channel": "Microsoft-Windows-Crypto-DPAPI/Operational", "Provider_Name": "Microsoft-Windows-Crypto-DPAPI", "Computer": "DESKTOP-OFJ6N53", "TimeCreated": "2025-05-28 17:14:13.627457+00:00", "RecordID": "16470", "Level": "2", "UserID": "S-1-5-18", "EventData.Status": "0x8009000b", "EventData.ReasonForFailure": "6"}
{"EventID": "3", "Channel": "Microsoft-Windows-Crypto-DPAPI/Operational", "Provider_Name": "Microsoft-Windows-Crypto-DPAPI", "Computer": "DESKTOP-OFJ6N53", "TimeCreated": "2025-05-29 00:10:13.567484+00:00", "RecordID": "16471", "Level": "4", "UserID": "S-1-5-18", "EventData.MasterKeyGUID": "{d948afd0-4605-4a10-84a0-37c90b19395e}", "EventData.Success": "False", "EventData.LastError": "0x00000000", "EventData.MasterKeyDisposition": "0x00000003"}
{"EventID": "8198", "Channel": "Microsoft-Windows-Crypto-DPAPI/Operational", "Provider_Name": "Microsoft-Windows-Crypto-DPAPI", "Computer": "DESKTOP-OFJ6N53", "TimeCreated": "2025-05-29 00:10:13.567492+00:00", "RecordID": "16472", "Level": "2", "UserID": "S-1-5-18", "EventData.Status": "0x8009000b", "EventData.ReasonForFailure": "6"}
{"EventID": "3", "Channel": "Microsoft-Windows-Crypto-DPAPI/Operational", "Provider_Name": "Microsoft-Windows-Crypto-DPAPI", "Computer": "DESKTOP-OFJ6N53", "TimeCreated": "2025-05-29 00:10:13.695988+00:00", "RecordID": "16473", "Level": "4", "UserID": "S-1-5-18", "EventData.MasterKeyGUID": "{d948afd0-4605-4a10-84a0-37c90b19395e}", "EventData.Success": "False", "EventData.LastError": "0x00000000", "EventData.MasterKeyDisposition": "0x00000003"}
{"EventID": "8198", "Channel": "Microsoft-Windows-Crypto-DPAPI/Operational", "Provider_Name": "Microsoft-Windows-Crypto-DPAPI", "Computer": "DESKTOP-OFJ6N53", "TimeCreated": "2025-05-29 00:10:13.695995+00:00", "RecordID": "16474", "Level": "2", "UserID": "S-1-5-18", "EventData.Status": "0x8009000b", "EventData.ReasonForFailure": "6"}
{"EventID": "3", "Channel": "Microsoft-Windows-Crypto-DPAPI/Operational", "Provider_Name": "Microsoft-Windows-Crypto-DPAPI", "Computer": "DESKTOP-OFJ6N53", "TimeCreated": "2025-05-29 07:03:28.925631+00:00", "RecordID": "16475", "Level": "4", "UserID": "S-1-5-18", "EventData.MasterKeyGUID": "{d948afd0-4605-4a10-84a0-37c90b19395e}", "EventData.Success": "False", "EventData.LastError": "0x00000000", "EventData.MasterKeyDisposition": "0x00000003"}
{"EventID": "8198", "Channel": "Microsoft-Windows-Crypto-DPAPI/Operational", "Provider_Name": "Microsoft-Windows-Crypto-DPAPI", "Computer": "DESKTOP-OFJ6N53", "TimeCreated": "2025-05-29 07:03:28.925638+00:00", "RecordID": "16476", "Level": "2", "UserID": "S-1-5-18", "EventData.Status": "0x8009000b", "EventData.ReasonForFailure": "6"}
{"EventID": "3", "Channel": "Microsoft-Windows-Crypto-DPAPI/Operational", "Provider_Name": "Microsoft-Windows-Crypto-DPAPI", "Computer": "DESKTOP-OFJ6N53", "TimeCreated": "2025-05-29 07:03:29.078518+00:00", "RecordID": "16477", "Level": "4", "UserID": "S-1-5-18", "EventData.MasterKeyGUID": "{d948afd0-4605-4a10-84a0-37c90b19395e}", "EventData.Success": "False", "EventData.LastError": "0x00000000", "EventData.MasterKeyDisposition": "0x00000003"}
{"EventID": "8198", "Channel": "Microsoft-Windows-Crypto-DPAPI/Operational", "Provider_Name": "Microsoft-Windows-Crypto-DPAPI", "Computer": "DESKTOP-OFJ6N53", "TimeCreated": "2025-05-29 07:03:29.078522+00:00", "RecordID": "16478", "Level": "2", "UserID": "S-1-5-18", "EventData.Status": "0x8009000b", "EventData.ReasonForFailure": "6"}
{"EventID": "12289", "Channel": "Microsoft-Windows-Crypto-DPAPI/Operational", "Provider_Name": "Microsoft-Windows-Crypto-DPAPI", "Computer": "DESKTOP-OFJ6N53", "TimeCreated": "2025-05-29 10:58:16.623568+00:00", "RecordID": "16479", "Level": "4", "UserID": "S-1-5-18", "EventData.CredKeyIdentifier": "bDlzZcwRSiWEKLg5fSnmYP7NRrbjNtYbKhrW2ONnho0=", "EventData.UserName": "sk.batsiev", "EventData.UserSid": "S-1-5-21-963789628-1060504924-4285088085-1001"}
{"EventID": "12289", "Channel": "Microsoft-Windows-Crypto-DPAPI/Operational", "Provider_Name": "Microsoft-Windows-Crypto-DPAPI", "Computer": "DESKTOP-OFJ6N53", "TimeCreated": "2025-05-29 10:58:16.661076+00:00", "RecordID": "16480", "Level": "4", "UserID": "S-1-5-18", "EventData.CredKeyIdentifier": "bDlzZcwRSiWEKLg5fSnmYP7NRrbjNtYbKhrW2ONnho0=", "EventData.UserName": "sk.batsiev", "EventData.UserSid": "S-1-5-21-963789628-1060504924-4285088085-1001"}
{"EventID": "12289", "Channel": "Microsoft-Windows-Crypto-DPAPI/Operational", "Provider_Name": "Microsoft-Windows-Crypto-DPAPI", "Computer": "DESKTOP-OFJ6N53", "TimeCreated": "2025-05-29 10:58:16.661243+00:00", "RecordID": "16481", "Level": "4", "UserID": "S-1-5-18", "EventData.CredKeyIdentifier": "bDlzZcwRSiWEKLg5fSnmYP7NRrbjNtYbKhrW2ONnho0=", "EventData.UserName": "sk.batsiev", "EventData.UserSid": "S-1-5-21-963789628-1060504924-4285088085-1001"}
{"EventID": "12289", "Channel": "Microsoft-Windows-Crypto-DPAPI/Operational", "Provider_Name": "Microsoft-Windows-Crypto-DPAPI", "Computer": "DESKTOP-OFJ6N53", "TimeCreated": "2025-05-29 10:58:16.661430+00:00", "RecordID": "16482", "Level": "4", "UserID": "S-1-5-18", "EventData.CredKeyIdentifier": "bDlzZcwRSiWEKLg5fSnmYP7NRrbjNtYbKhrW2ONnho0=", "EventData.UserName": "sk.batsiev", "EventData.UserSid": "S-1-5-21-963789628-1060504924-4285088085-1001"}
{"EventID": "12289", "Channel": "Microsoft-Windows-Crypto-DPAPI/Operational", "Provider_Name": "Microsoft-Windows-Crypto-DPAPI", "Computer": "DESKTOP-OFJ6N53", "TimeCreated": "2025-05-29 10:58:16.663153+00:00", "RecordID": "16483", "Level": "4", "UserID": "S-1-5-18", "EventData.CredKeyIdentifier": "bDlzZcwRSiWEKLg5fSnmYP7NRrbjNtYbKhrW2ONnho0=", "EventData.UserName": "sk.batsiev", "EventData.UserSid": "S-1-5-21-963789628-1060504924-4285088085-1001"}
{"EventID": "12289", "Channel": "Microsoft-Windows-Crypto-DPAPI/Operational", "Provider_Name": "Microsoft-Windows-Crypto-DPAPI", "Computer": "DESKTOP-OFJ6N53", "TimeCreated": "2025-05-29 10:59:14.534534+00:00", "RecordID": "16484", "Level": "4", "UserID": "S-1-5-18", "EventData.CredKeyIdentifier": "bDlzZcwRSiWEKLg5fSnmYP7NRrbjNtYbKhrW2ONnho0=", "EventData.UserName": "sk.batsiev", "EventData.UserSid": "S-1-5-21-963789628-1060504924-4285088085-1001"}
{"EventID": "12289", "Channel": "Microsoft-Windows-Crypto-DPAPI/Operational", "Provider_Name": "Microsoft-Windows-Crypto-DPAPI", "Computer": "DESKTOP-OFJ6N53", "TimeCreated": "2025-05-29 10:59:14.542013+00:00", "RecordID": "16485", "Level": "4", "UserID": "S-1-5-18", "EventData.CredKeyIdentifier": "bDlzZcwRSiWEKLg5fSnmYP7NRrbjNtYbKhrW2ONnho0=", "EventData.UserName": "sk.batsiev", "EventData.UserSid": "S-1-5-21-963789628-1060504924-4285088085-1001"}
{"EventID": "12289", "Channel": "Microsoft-Windows-Crypto-DPAPI/Operational", "Provider_Name": "Microsoft-Windows-Crypto-DPAPI", "Computer": "DESKTOP-OFJ6N53", "TimeCreated": "2025-05-29 10:59:14.542141+00:00", "RecordID": "16486", "Level": "4", "UserID": "S-1-5-18", "EventData.CredKeyIdentifier": "bDlzZcwRSiWEKLg5fSnmYP7NRrbjNtYbKhrW2ONnho0=", "EventData.UserName": "sk.batsiev", "EventData.UserSid": "S-1-5-21-963789628-1060504924-4285088085-1001"}
{"EventID": "12289", "Channel": "Microsoft-Windows-Crypto-DPAPI/Operational", "Provider_Name": "Microsoft-Windows-Crypto-DPAPI", "Computer": "DESKTOP-OFJ6N53", "TimeCreated": "2025-05-29 10:59:14.542290+00:00", "RecordID": "16487", "Level": "4", "UserID": "S-1-5-18", "EventData.CredKeyIdentifier": "bDlzZcwRSiWEKLg5fSnmYP7NRrbjNtYbKhrW2ONnho0=", "EventData.UserName": "sk.batsiev", "EventData.UserSid": "S-1-5-21-963789628-1060504924-4285088085-1001"}
{"EventID": "12289", "Channel": "Microsoft-Windows-Crypto-DPAPI/Operational", "Provider_Name": "Microsoft-Windows-Crypto-DPAPI", "Computer": "DESKTOP-OFJ6N53", "TimeCreated": "2025-05-29 10:59:14.542450+00:00", "RecordID": "16488", "Level": "4", "UserID": "S-1-5-18", "EventData.CredKeyIdentifier": "bDlzZcwRSiWEKLg5fSnmYP7NRrbjNtYbKhrW2ONnho0=", "EventData.UserName": "sk.batsiev", "EventData.UserSid": "S-1-5-21-963789628-1060504924-4285088085-1001"}
{"EventID": "3", "Channel": "Microsoft-Windows-Crypto-DPAPI/Operational", "Provider_Name": "Microsoft-Windows-Crypto-DPAPI", "Computer": "DESKTOP-OFJ6N53", "TimeCreated": "2025-05-29 13:35:56.279360+00:00", "RecordID": "16489", "Level": "4", "UserID": "S-1-5-18", "EventData.MasterKeyGUID": "{d948afd0-4605-4a10-84a0-37c90b19395e}", "EventData.Success": "False", "EventData.LastError": "0x00000000", "EventData.MasterKeyDisposition": "0x00000003"}
{"EventID": "8198", "Channel": "Microsoft-Windows-Crypto-DPAPI/Operational", "Provider_Name": "Microsoft-Windows-Crypto-DPAPI", "Computer": "DESKTOP-OFJ6N53", "TimeCreated": "2025-05-29 13:35:56.279364+00:00", "RecordID": "16490", "Level": "2", "UserID": "S-1-5-18", "EventData.Status": "0x8009000b", "EventData.ReasonForFailure": "6"}
{"EventID": "3", "Channel": "Microsoft-Windows-Crypto-DPAPI/Operational", "Provider_Name": "Microsoft-Windows-Crypto-DPAPI", "Computer": "DESKTOP-OFJ6N53", "TimeCreated": "2025-05-29 13:35:56.420256+00:00", "RecordID": "16491", "Level": "4", "UserID": "S-1-5-18", "EventData.MasterKeyGUID": "{d948afd0-4605-4a10-84a0-37c90b19395e}", "EventData.Success": "False", "EventData.LastError": "0x00000000", "EventData.MasterKeyDisposition": "0x00000003"}
{"EventID": "8198", "Channel": "Microsoft-Windows-Crypto-DPAPI/Operational", "Provider_Name": "Microsoft-Windows-Crypto-DPAPI", "Computer": "DESKTOP-OFJ6N53", "TimeCreated": "2025-05-29 13:35:56.420259+00:00", "RecordID": "16492", "Level": "2", "UserID": "S-1-5-18", "EventData.Status": "0x8009000b", "EventData.ReasonForFailure": "6"}
{"EventID": "3", "Channel": "Microsoft-Windows-Crypto-DPAPI/Operational", "Provider_Name": "Microsoft-Windows-Crypto-DPAPI", "Computer": "DESKTOP-OFJ6N53", "TimeCreated": "2025-05-29 19:54:59.340221+00:00", "RecordID": "16493", "Level": "4", "UserID": "S-1-5-18", "EventData.MasterKeyGUID": "{d948afd0-4605-4a10-84a0-37c90b19395e}", "EventData.Success": "False", "EventData.LastError": "0x00000000", "EventData.MasterKeyDisposition": "0x00000003"}
{"EventID": "8198", "Channel": "Microsoft-Windows-Crypto-DPAPI/Operational", "Provider_Name": "Microsoft-Windows-Crypto-DPAPI", "Computer": "DESKTOP-OFJ6N53", "TimeCreated": "2025-05-29 19:54:59.340227+00:00", "RecordID": "16494", "Level": "2", "UserID": "S-1-5-18", "EventData.Status": "0x8009000b", "EventData.ReasonForFailure": "6"}
{"EventID": "3", "Channel": "Microsoft-Windows-Crypto-DPAPI/Operational", "Provider_Name": "Microsoft-Windows-Crypto-DPAPI", "Computer": "DESKTOP-OFJ6N53", "TimeCreated": "2025-05-29 19:54:59.481314+00:00", "RecordID": "16495", "Level": "4", "UserID": "S-1-5-18", "EventData.MasterKeyGUID": "{d948afd0-4605-4a10-84a0-37c90b19395e}", "EventData.Success": "False", "EventData.LastError": "0x00000000", "EventData.MasterKeyDisposition": "0x00000003"}
{"EventID": "8198", "Channel": "Microsoft-Windows-Crypto-DPAPI/Operational", "Provider_Name": "Microsoft-Windows-Crypto-DPAPI", "Computer": "DESKTOP-OFJ6N53", "TimeCreated": "2025-05-29 19:54:59.481318+00:00", "RecordID": "16496", "Level": "2", "UserID": "S-1-5-18", "EventData.Status": "0x8009000b", "EventData.ReasonForFailure": "6"}
{"EventID": "3", "Channel": "Microsoft-Windows-Crypto-DPAPI/Operational", "Provider_Name": "Microsoft-Windows-Crypto-DPAPI", "Computer": "DESKTOP-OFJ6N53", "TimeCreated": "2025-05-30 02:55:19.006247+00:00", "RecordID": "16497", "Level": "4", "UserID": "S-1-5-18", "EventData.MasterKeyGUID": "{d948afd0-4605-4a10-84a0-37c90b19395e}", "EventData.Success": "False", "EventData.LastError": "0x00000000", "EventData.MasterKeyDisposition": "0x00000003"}
{"EventID": "8198", "Channel": "Microsoft-Windows-Crypto-DPAPI/Operational", "Provider_Name": "Microsoft-Windows-Crypto-DPAPI", "Computer": "DESKTOP-OFJ6N53", "TimeCreated": "2025-05-30 02:55:19.006248+00:00", "RecordID": "16498", "Level": "2", "UserID": "S-1-5-18", "EventData.Status": "0x8009000b", "EventData.ReasonForFailure": "6"}
{"EventID": "3", "Channel": "Microsoft-Windows-Crypto-DPAPI/Operational", "Provider_Name": "Microsoft-Windows-Crypto-DPAPI", "Computer": "DESKTOP-OFJ6N53", "TimeCreated": "2025-05-30 02:55:19.136335+00:00", "RecordID": "16499", "Level": "4", "UserID": "S-1-5-18", "EventData.MasterKeyGUID": "{d948afd0-4605-4a10-84a0-37c90b19395e}", "EventData.Success": "False", "EventData.LastError": "0x00000000", "EventData.MasterKeyDisposition": "0x00000003"}
{"EventID": "8198", "Channel": "Microsoft-Windows-Crypto-DPAPI/Operational", "Provider_Name": "Microsoft-Windows-Crypto-DPAPI", "Computer": "DESKTOP-OFJ6N53", "TimeCreated": "2025-05-30 02:55:19.136341+00:00", "RecordID": "16500", "Level": "2", "UserID": "S-1-5-18", "EventData.Status": "0x8009000b", "EventData.ReasonForFailure": "6"}
{"EventID": "3", "Channel": "Microsoft-Windows-Crypto-DPAPI/Operational", "Provider_Name": "Microsoft-Windows-Crypto-DPAPI", "Computer": "DESKTOP-OFJ6N53", "TimeCreated": "2025-05-30 09:15:48.107761+00:00", "RecordID": "16501", "Level": "4", "UserID": "S-1-5-18", "EventData.MasterKeyGUID": "{d948afd0-4605-4a10-84a0-37c90b19395e}", "EventData.Success": "False", "EventData.LastError": "0x00000000", "EventData.MasterKeyDisposition": "0x00000003"}
{"EventID": "8198", "Channel": "Microsoft-Windows-Crypto-DPAPI/Operational", "Provider_Name": "Microsoft-Windows-Crypto-DPAPI", "Computer": "DESKTOP-OFJ6N53", "TimeCreated": "2025-05-30 09:15:48.107769+00:00", "RecordID": "16502", "Level": "2", "UserID": "S-1-5-18", "EventData.Status": "0x8009000b", "EventData.ReasonForFailure": "6"}
{"EventID": "3", "Channel": "Microsoft-Windows-Crypto-DPAPI/Operational", "Provider_Name": "Microsoft-Windows-Crypto-DPAPI", "Computer": "DESKTOP-OFJ6N53", "TimeCreated": "2025-05-30 09:15:48.265491+00:00", "RecordID": "16503", "Level": "4", "UserID": "S-1-5-18", "EventData.MasterKeyGUID": "{d948afd0-4605-4a10-84a0-37c90b19395e}", "EventData.Success": "False", "EventData.LastError": "0x00000000", "EventData.MasterKeyDisposition": "0x00000003"}
{"EventID": "8198", "Channel": "Microsoft-Windows-Crypto-DPAPI/Operational", "Provider_Name": "Microsoft-Windows-Crypto-DPAPI", "Computer": "DESKTOP-OFJ6N53", "TimeCreated": "2025-05-30 09:15:48.265495+00:00", "RecordID": "16504", "Level": "2", "UserID": "S-1-5-18", "EventData.Status": "0x8009000b", "EventData.ReasonForFailure": "6"}
{"EventID": "3", "Channel": "Microsoft-Windows-Crypto-DPAPI/Operational", "Provider_Name": "Microsoft-Windows-Crypto-DPAPI", "Computer": "DESKTOP-OFJ6N53", "TimeCreated": "2025-05-30 16:23:02.535624+00:00", "RecordID": "16505", "Level": "4", "UserID": "S-1-5-18", "EventData.MasterKeyGUID": "{d948afd0-4605-4a10-84a0-37c90b19395e}", "EventData.Success": "False", "EventData.LastError": "0x00000000", "EventData.MasterKeyDisposition": "0x00000003"}
{"EventID": "8198", "Channel": "Microsoft-Windows-Crypto-DPAPI/Operational", "Provider_Name": "Microsoft-Windows-Crypto-DPAPI", "Computer": "DESKTOP-OFJ6N53", "TimeCreated": "2025-05-30 16:23:02.535637+00:00", "RecordID": "16506", "Level": "2", "UserID": "S-1-5-18", "EventData.Status": "0x8009000b", "EventData.ReasonForFailure": "6"}
{"EventID": "3", "Channel": "Microsoft-Windows-Crypto-DPAPI/Operational", "Provider_Name": "Microsoft-Windows-Crypto-DPAPI", "Computer": "DESKTOP-OFJ6N53", "TimeCreated": "2025-05-30 16:23:02.615749+00:00", "RecordID": "16507", "Level": "4", "UserID": "S-1-5-18", "EventData.MasterKeyGUID": "{d948afd0-4605-4a10-84a0-37c90b19395e}", "EventData.Success": "False", "EventData.LastError": "0x00000000", "EventData.MasterKeyDisposition": "0x00000003"}
{"EventID": "8198", "Channel": "Microsoft-Windows-Crypto-DPAPI/Operational", "Provider_Name": "Microsoft-Windows-Crypto-DPAPI", "Computer": "DESKTOP-OFJ6N53", "TimeCreated": "2025-05-30 16:23:02.615755+00:00", "RecordID": "16508", "Level": "2", "UserID": "S-1-5-18", "EventData.Status": "0x8009000b", "EventData.ReasonForFailure": "6"}
{"EventID": "3", "Channel": "Microsoft-Windows-Crypto-DPAPI/Operational", "Provider_Name": "Microsoft-Windows-Crypto-DPAPI", "Computer": "DESKTOP-OFJ6N53", "TimeCreated": "2025-05-30 22:53:27.415405+00:00", "RecordID": "16509", "Level": "4", "UserID": "S-1-5-18", "EventData.MasterKeyGUID": "{d948afd0-4605-4a10-84a0-37c90b19395e}", "EventData.Success": "False", "EventData.LastError": "0x00000000", "EventData.MasterKeyDisposition": "0x00000003"}
