{"EventID": "3000", "Channel": "Microsoft-Windows-MUI/Operational", "Provider_Name": "Microsoft-Windows-MUI", "Computer": "DESKTOP-OFJ6N53", "TimeCreated": "2022-02-24 08:27:16.331545+00:00", "RecordID": "1", "Level": "4", "UserID": "S-1-5-18", "EventData.Flags": "264", "EventData.NewLanguage": "(null)", "EventData.PrevLanguage": "(null)", "EventData.ExtendedFlag": "0"}
{"EventID": "3002", "Channel": "Microsoft-Windows-MUI/Operational", "Provider_Name": "Microsoft-Windows-MUI", "Computer": "DESKTOP-OFJ6N53", "TimeCreated": "2022-02-24 08:27:16.660152+00:00", "RecordID": "2", "Level": "4", "UserID": "S-1-5-18", "EventData.FileName": "c:\\windows\\system32\\languageoverlayutil.dll", "EventData.FunctionName": "OnMachineUILanguageInit", "EventData.ReturnValue": "0"}
{"EventID": "3002", "Channel": "Microsoft-Windows-MUI/Operational", "Provider_Name": "Microsoft-Windows-MUI", "Computer": "DESKTOP-OFJ6N53", "TimeCreated": "2022-02-24 08:27:16.762451+00:00", "RecordID": "3", "Level": "4", "UserID": "S-1-5-18", "EventData.FileName": "c:\\windows\\system32\\muifontsetup.dll", "EventData.FunctionName": "OnMachineUILanguageInit", "EventData.ReturnValue": "0"}
{"EventID": "3002", "Channel": "Microsoft-Windows-MUI/Operational", "Provider_Name": "Microsoft-Windows-MUI", "Computer": "DESKTOP-OFJ6N53", "TimeCreated": "2022-02-24 08:27:18.530451+00:00", "RecordID": "4", "Level": "4", "UserID": "S-1-5-18", "EventData.FileName": "c:\\windows\\system32\\muilanguagecleanup.dll", "EventData.FunctionName": "OnMachineUILanguageInit", "EventData.ReturnValue": "0"}
{"EventID": "3002", "Channel": "Microsoft-Windows-MUI/Operational", "Provider_Name": "Microsoft-Windows-MUI", "Computer": "DESKTOP-OFJ6N53", "TimeCreated": "2022-02-24 08:27:18.644945+00:00", "RecordID": "5", "Level": "4", "UserID": "S-1-5-18", "EventData.FileName": "c:\\windows\\system32\\netsetupapi.dll", "EventData.FunctionName": "OnMachineUILanguageInit", "EventData.ReturnValue": "0"}
{"EventID": "3002", "Channel": "Microsoft-Windows-MUI/Operational", "Provider_Name": "Microsoft-Windows-MUI", "Computer": "DESKTOP-OFJ6N53", "TimeCreated": "2022-02-24 08:27:18.720892+00:00", "RecordID": "6", "Level": "4", "UserID": "S-1-5-18", "EventData.FileName": "c:\\windows\\system32\\samlib.dll", "EventData.FunctionName": "OnMachineUILanguageInit", "EventData.ReturnValue": "0"}
{"EventID": "3000", "Channel": "Microsoft-Windows-MUI/Operational", "Provider_Name": "Microsoft-Windows-MUI", "Computer": "DESKTOP-OFJ6N53", "TimeCreated": "2022-02-24 08:27:18.721125+00:00", "RecordID": "7", "Level": "4", "UserID": "S-1-5-18", "EventData.Flags": "1", "EventData.NewLanguage": "ru-RU,en-US", "EventData.PrevLanguage": "ru-RU", "EventData.ExtendedFlag": "0"}
{"EventID": "3002", "Channel": "Microsoft-Windows-MUI/Operational", "Provider_Name": "Microsoft-Windows-MUI", "Computer": "DESKTOP-OFJ6N53", "TimeCreated": "2022-02-24 08:27:18.747059+00:00", "RecordID": "8", "Level": "4", "UserID": "S-1-5-18", "EventData.FileName": "c:\\windows\\system32\\languageoverlayutil.dll", "EventData.FunctionName": "OnMachineUILanguageSwitch", "EventData.ReturnValue": "0"}
{"EventID": "3002", "Channel": "Microsoft-Windows-MUI/Operational", "Provider_Name": "Microsoft-Windows-MUI", "Computer": "DESKTOP-OFJ6N53", "TimeCreated": "2022-02-24 08:27:18.838978+00:00", "RecordID": "9", "Level": "4", "UserID": "S-1-5-18", "EventData.FileName": "c:\\windows\\system32\\setbcdlocale.dll", "EventData.FunctionName": "OnMachineUILanguageSwitch", "EventData.ReturnValue": "0"}
{"EventID": "3002", "Channel": "Microsoft-Windows-MUI/Operational", "Provider_Name": "Microsoft-Windows-MUI", "Computer": "DESKTOP-OFJ6N53", "TimeCreated": "2022-02-24 08:27:19.072046+00:00", "RecordID": "10", "Level": "4", "UserID": "S-1-5-18", "EventData.FileName": "c:\\windows\\system32\\muifontsetup.dll", "EventData.FunctionName": "OnMachineUILanguageSwitch", "EventData.ReturnValue": "512"}
{"EventID": "3002", "Channel": "Microsoft-Windows-MUI/Operational", "Provider_Name": "Microsoft-Windows-MUI", "Computer": "DESKTOP-OFJ6N53", "TimeCreated": "2022-02-24 08:27:19.107100+00:00", "RecordID": "11", "Level": "4", "UserID": "S-1-5-18", "EventData.FileName": "c:\\windows\\system32\\muilanguagecleanup.dll", "EventData.FunctionName": "OnMachineUILanguageSwitch", "EventData.ReturnValue": "0"}
{"EventID": "3002", "Channel": "Microsoft-Windows-MUI/Operational", "Provider_Name": "Microsoft-Windows-MUI", "Computer": "DESKTOP-OFJ6N53", "TimeCreated": "2022-02-24 08:27:19.246183+00:00", "RecordID": "12", "Level": "4", "UserID": "S-1-5-18", "EventData.FileName": "c:\\windows\\system32\\netsetupapi.dll", "EventData.FunctionName": "OnMachineUILanguageSwitch", "EventData.ReturnValue": "0"}
{"EventID": "3002", "Channel": "Microsoft-Windows-MUI/Operational", "Provider_Name": "Microsoft-Windows-MUI", "Computer": "DESKTOP-OFJ6N53", "TimeCreated": "2022-02-24 08:27:19.441837+00:00", "RecordID": "13", "Level": "4", "UserID": "S-1-5-18", "EventData.FileName": "c:\\windows\\system32\\timedatemuicallback.dll", "EventData.FunctionName": "OnMachineUILanguageSwitch", "EventData.ReturnValue": "0"}
{"EventID": "3003", "Channel": "Microsoft-Windows-MUI/Operational", "Provider_Name": "Microsoft-Windows-MUI", "Computer": "DESKTOP-OFJ6N53", "TimeCreated": "2022-02-24 08:27:19.638075+00:00", "RecordID": "14", "Level": "4", "UserID": "S-1-5-18", "EventData.Parameter": "-s"}
{"EventID": "3003", "Channel": "Microsoft-Windows-MUI/Operational", "Provider_Name": "Microsoft-Windows-MUI", "Computer": "DESKTOP-OFJ6N53", "TimeCreated": "2022-02-27 09:43:47.587975+00:00", "RecordID": "15", "Level": "4", "UserID": "S-1-5-18", "EventData.Parameter": "-s"}
{"EventID": "3003", "Channel": "Microsoft-Windows-MUI/Operational", "Provider_Name": "Microsoft-Windows-MUI", "Computer": "DESKTOP-OFJ6N53", "TimeCreated": "2022-03-17 08:45:12.612661+00:00", "RecordID": "16", "Level": "4", "UserID": "S-1-5-18", "EventData.Parameter": "-s"}
{"EventID": "3003", "Channel": "Microsoft-Windows-MUI/Operational", "Provider_Name": "Microsoft-Windows-MUI", "Computer": "DESKTOP-OFJ6N53", "TimeCreated": "2022-04-19 08:25:30.576010+00:00", "RecordID": "17", "Level": "4", "UserID": "S-1-5-18", "EventData.Parameter": "-s"}
{"EventID": "3003", "Channel": "Microsoft-Windows-MUI/Operational", "Provider_Name": "Microsoft-Windows-MUI", "Computer": "DESKTOP-OFJ6N53", "TimeCreated": "2022-05-13 09:34:13.427370+00:00", "RecordID": "18", "Level": "4", "UserID": "S-1-5-18", "EventData.Parameter": "-s"}
{"EventID": "3003", "Channel": "Microsoft-Windows-MUI/Operational", "Provider_Name": "Microsoft-Windows-MUI", "Computer": "DESKTOP-OFJ6N53", "TimeCreated": "2022-07-18 08:42:58.141752+00:00", "RecordID": "19", "Level": "4", "UserID": "S-1-5-18", "EventData.Parameter": "-s"}
{"EventID": "3003", "Channel": "Microsoft-Windows-MUI/Operational", "Provider_Name": "Microsoft-Windows-MUI", "Computer": "DESKTOP-OFJ6N53", "TimeCreated": "2022-08-14 09:09:41.840206+00:00", "RecordID": "20", "Level": "4", "UserID": "S-1-5-18", "EventData.Parameter": "-s"}
{"EventID": "3003", "Channel": "Microsoft-Windows-MUI/Operational", "Provider_Name": "Microsoft-Windows-MUI", "Computer": "DESKTOP-OFJ6N53", "TimeCreated": "2022-10-16 08:43:52.003366+00:00", "RecordID": "21", "Level": "4", "UserID": "S-1-5-18", "EventData.Parameter": "-s"}
{"EventID": "3003", "Channel": "Microsoft-Windows-MUI/Operational", "Provider_Name": "Microsoft-Windows-MUI", "Computer": "DESKTOP-OFJ6N53", "TimeCreated": "2022-11-18 08:50:50.949303+00:00", "RecordID": "22", "Level": "4", "UserID": "S-1-5-18", "EventData.Parameter": "-s"}
{"EventID": "3003", "Channel": "Microsoft-Windows-MUI/Operational", "Provider_Name": "Microsoft-Windows-MUI", "Computer": "DESKTOP-OFJ6N53", "TimeCreated": "2022-12-15 08:52:10.261564+00:00", "RecordID": "23", "Level": "4", "UserID": "S-1-5-18", "EventData.Parameter": "-s"}
{"EventID": "3003", "Channel": "Microsoft-Windows-MUI/Operational", "Provider_Name": "Microsoft-Windows-MUI", "Computer": "DESKTOP-OFJ6N53", "TimeCreated": "2023-01-11 09:52:49.641117+00:00", "RecordID": "24", "Level": "4", "UserID": "S-1-5-18", "EventData.Parameter": "-s"}
{"EventID": "3003", "Channel": "Microsoft-Windows-MUI/Operational", "Provider_Name": "Microsoft-Windows-MUI", "Computer": "DESKTOP-OFJ6N53", "TimeCreated": "2023-02-28 09:07:07.385574+00:00", "RecordID": "25", "Level": "4", "UserID": "S-1-5-18", "EventData.Parameter": "-s"}
{"EventID": "3003", "Channel": "Microsoft-Windows-MUI/Operational", "Provider_Name": "Microsoft-Windows-MUI", "Computer": "DESKTOP-OFJ6N53", "TimeCreated": "2023-04-20 09:27:38.328621+00:00", "RecordID": "26", "Level": "4", "UserID": "S-1-5-18", "EventData.Parameter": "-s"}
{"EventID": "3003", "Channel": "Microsoft-Windows-MUI/Operational", "Provider_Name": "Microsoft-Windows-MUI", "Computer": "DESKTOP-OFJ6N53", "TimeCreated": "2023-05-29 08:55:43.766579+00:00", "RecordID": "27", "Level": "4", "UserID": "S-1-5-18", "EventData.Parameter": "-s"}
{"EventID": "3003", "Channel": "Microsoft-Windows-MUI/Operational", "Provider_Name": "Microsoft-Windows-MUI", "Computer": "DESKTOP-OFJ6N53", "TimeCreated": "2023-06-16 09:25:16.695311+00:00", "RecordID": "28", "Level": "4", "UserID": "S-1-5-18", "EventData.Parameter": "-s"}
{"EventID": "3003", "Channel": "Microsoft-Windows-MUI/Operational", "Provider_Name": "Microsoft-Windows-MUI", "Computer": "DESKTOP-OFJ6N53", "TimeCreated": "2023-07-16 08:41:03.893291+00:00", "RecordID": "29", "Level": "4", "UserID": "S-1-5-18", "EventData.Parameter": "-s"}
{"EventID": "3003", "Channel": "Microsoft-Windows-MUI/Operational", "Provider_Name": "Microsoft-Windows-MUI", "Computer": "DESKTOP-OFJ6N53", "TimeCreated": "2023-08-15 09:39:23.458672+00:00", "RecordID": "30", "Level": "4", "UserID": "S-1-5-18", "EventData.Parameter": "-s"}
{"EventID": "3003", "Channel": "Microsoft-Windows-MUI/Operational", "Provider_Name": "Microsoft-Windows-MUI", "Computer": "DESKTOP-OFJ6N53", "TimeCreated": "2023-10-14 08:55:41.780396+00:00", "RecordID": "31", "Level": "4", "UserID": "S-1-5-18", "EventData.Parameter": "-s"}
{"EventID": "3003", "Channel": "Microsoft-Windows-MUI/Operational", "Provider_Name": "Microsoft-Windows-MUI", "Computer": "DESKTOP-OFJ6N53", "TimeCreated": "2023-11-19 08:41:49.747656+00:00", "RecordID": "32", "Level": "4", "UserID": "S-1-5-18", "EventData.Parameter": "-s"}
{"EventID": "3003", "Channel": "Microsoft-Windows-MUI/Operational", "Provider_Name": "Microsoft-Windows-MUI", "Computer": "DESKTOP-OFJ6N53", "TimeCreated": "2024-03-24 09:06:03.443186+00:00", "RecordID": "33", "Level": "4", "UserID": "S-1-5-18", "EventData.Parameter": "-s"}
{"EventID": "3003", "Channel": "Microsoft-Windows-MUI/Operational", "Provider_Name": "Microsoft-Windows-MUI", "Computer": "DESKTOP-OFJ6N53", "TimeCreated": "2024-06-01 08:46:18.301069+00:00", "RecordID": "34", "Level": "4", "UserID": "S-1-5-18", "EventData.Parameter": "-s"}
{"EventID": "3003", "Channel": "Microsoft-Windows-MUI/Operational", "Provider_Name": "Microsoft-Windows-MUI", "Computer": "DESKTOP-OFJ6N53", "TimeCreated": "2024-08-30 10:10:46.956533+00:00", "RecordID": "35", "Level": "4", "UserID": "S-1-5-18", "EventData.Parameter": "-s"}
{"EventID": "3003", "Channel": "Microsoft-Windows-MUI/Operational", "Provider_Name": "Microsoft-Windows-MUI", "Computer": "DESKTOP-OFJ6N53", "TimeCreated": "2024-10-17 08:25:54.728121+00:00", "RecordID": "36", "Level": "4", "UserID": "S-1-5-18", "EventData.Parameter": "-s"}
