{"EventID": "62171", "Channel": "Microsoft-Windows-Shell-Core/Operational", "Provider_Name": "Microsoft-Windows-Shell-Core", "Computer": "DESKTOP-OFJ6N53", "TimeCreated": "2025-07-24 21:30:58.370106+00:00", "RecordID": "33839", "Level": "4", "UserID": "S-1-5-21-963789628-1060504924-4285088085-1001", "EventData.LogonType": "1024", "EventData.TaskName": "AssignedAccessLogonTaskAgentPreStart"}
{"EventID": "62171", "Channel": "Microsoft-Windows-Shell-Core/Operational", "Provider_Name": "Microsoft-Windows-Shell-Core", "Computer": "DESKTOP-OFJ6N53", "TimeCreated": "2025-07-24 21:30:58.370106+00:00", "RecordID": "33840", "Level": "4", "UserID": "S-1-5-21-963789628-1060504924-4285088085-1001", "EventData.LogonType": "1024", "EventData.TaskName": "PerformSignInSuggestions"}
{"EventID": "62402", "Channel": "Microsoft-Windows-Shell-Core/Operational", "Provider_Name": "Microsoft-Windows-Shell-Core", "Computer": "DESKTOP-OFJ6N53", "TimeCreated": "2025-07-24 21:30:58.704485+00:00", "RecordID": "33841", "Level": "4", "UserID": "S-1-5-21-963789628-1060504924-4285088085-1001", "EventData.Name": "ClearTemporaryWebDataAsyncSucceeded"}
{"EventID": "62400", "Channel": "Microsoft-Windows-Shell-Core/Operational", "Provider_Name": "Microsoft-Windows-Shell-Core", "Computer": "DESKTOP-OFJ6N53", "TimeCreated": "2025-07-24 21:30:58.705290+00:00", "RecordID": "33842", "Level": "4", "UserID": "S-1-5-21-963789628-1060504924-4285088085-1001", "EventData.Source": "ms-cxh://scoobe/backup", "EventData.Experience": "{\"source\":\"ms-cxh://scoobe/backup\",\"protocol\":\"ms-cxh\",\"host\":\"scoobe\",\"port\":\"\",\"params\":{\"surface\":\"mz\"},\"file\":\"backup\",\"hash\":\"\",\"path\":\"/backup\",\"segments\":[\"backup\"]}"}
{"EventID": "62403", "Channel": "Microsoft-Windows-Shell-Core/Operational", "Provider_Name": "Microsoft-Windows-Shell-Core", "Computer": "DESKTOP-OFJ6N53", "TimeCreated": "2025-07-24 21:30:59.044291+00:00", "RecordID": "33843", "Level": "4", "UserID": "S-1-5-21-963789628-1060504924-4285088085-1001", "EventData.Name": "Discovery_URL", "EventData.Value": "data\\prod"}
{"EventID": "62404", "Channel": "Microsoft-Windows-Shell-Core/Operational", "Provider_Name": "Microsoft-Windows-Shell-Core", "Computer": "DESKTOP-OFJ6N53", "TimeCreated": "2025-07-24 21:30:59.178091+00:00", "RecordID": "33844", "Level": "4", "UserID": "S-1-5-21-963789628-1060504924-4285088085-1001", "EventData.CXID": "StartSelector"}
{"EventID": "62407", "Channel": "Microsoft-Windows-Shell-Core/Operational", "Provider_Name": "Microsoft-Windows-Shell-Core", "Computer": "DESKTOP-OFJ6N53", "TimeCreated": "2025-07-24 21:30:59.243456+00:00", "RecordID": "33845", "Level": "4", "UserID": "S-1-5-21-963789628-1060504924-4285088085-1001", "EventData.Name": "Done", "EventData.Value": "success"}
{"EventID": "62405", "Channel": "Microsoft-Windows-Shell-Core/Operational", "Provider_Name": "Microsoft-Windows-Shell-Core", "Computer": "DESKTOP-OFJ6N53", "TimeCreated": "2025-07-24 21:30:59.244127+00:00", "RecordID": "33846", "Level": "4", "UserID": "S-1-5-21-963789628-1060504924-4285088085-1001", "EventData.Result": "success"}
{"EventID": "62404", "Channel": "Microsoft-Windows-Shell-Core/Operational", "Provider_Name": "Microsoft-Windows-Shell-Core", "Computer": "DESKTOP-OFJ6N53", "TimeCreated": "2025-07-24 21:30:59.247540+00:00", "RecordID": "33847", "Level": "4", "UserID": "S-1-5-21-963789628-1060504924-4285088085-1001", "EventData.CXID": "RequestFilter"}
{"EventID": "62407", "Channel": "Microsoft-Windows-Shell-Core/Operational", "Provider_Name": "Microsoft-Windows-Shell-Core", "Computer": "DESKTOP-OFJ6N53", "TimeCreated": "2025-07-24 21:30:59.338903+00:00", "RecordID": "33848", "Level": "4", "UserID": "S-1-5-21-963789628-1060504924-4285088085-1001", "EventData.Name": "NavigationStarted", "EventData.Value": "{\"requestUri\":{},\"method\":{\"method\":\"GET\"},\"headers\":{\"cxh-osVersionInfo\":\"{\\\"platformId\\\":2,\\\"majorVersion\\\":10,\\\"minorVersion\\\":0,\\\"buildNumber\\\":19045}\",\"cxh-msaBinaryVersion\":\"24\",\"hostapp\":\"CloudExperienceHost\",\"client-request-id\":\"086b94af-fce2-0001-30b4-6b08e2fcdb01\",\"cxh-protocol\":\"ms-cxh\",\"cxh-cxid\":\"RequestFilter\",\"cxh-preferredLanguage\":\"ru\",\"cxh-region\":\"ru\",\"cxh-correlationId\":\"086b94af-fce2-0001-30b4-6b08e2fcdb01\",\"cxh-machineModel\":\"VMware7,1\",\"cxh-manufacturer\":\"VMware, Inc.\",\"cxh-osPlatform\":\"CloudExperienceHost.Platform.DESKTOP\",\"cxh-platform\":\"CloudExperienceHost.Platform.DESKTOP\",\"cxh-windowsProductId\":\"0\",\"cxh-edition\":\"Professional\",\"cxh-isRTL\":\"false\",\"cxh-colors\":\"themeAccent=#0078d7;themeAccentLight1=#429ce3;themeAccentLight2=#76b9ed;themeAccentLight3=#a6d8ff;themeAccentDark1=#005a9e;themeAccentDark2=#004275;themeAccentDark3=#002642;themeTextApplication=#000000;themeTextSystem=#ffffff;\",\"cxh-host\":\"scoobe\",\"cxh-hostAppVersion\":\"1\",\"cxh-capabilities\":\"{\\\"PrivatePropertyBag\\\":1,\\\"PasswordlessConnect\\\":1,\\\"Inclusive\\\":1,\\\"IsCloudPolicyEnforced\\\":0,\\\"PasswordlessSelfConnect\\\":1,\\\"VisibilityTimerCancelledByShowProgress\\\":true,\\\"RegionPolicyCompliant\\\":false,\\\"GetTokenSilently\\\":1}\",\"cxh-launchSurface\":\"mz\",\"cxh-windowsFlightData\":\"FX:117B97D4,FX:119E26AD,FX:11C0E96C,FX:11CC111C,FX:11D5BFCD,FX:11DF5B12,FX:11DF5B75,FX:1240931B,FX:124117A5,FX:124B38D0\",\"cxh-tailoredExperiencesEnabled\":\"true\",\"cxh-daysSinceFirstLogon\":\"1246\",\"cxh-daysSinceFirstLogonOnCurrentInstallation\":\"1246\",\"cxh-oobeNetworkState\":\"false\",\"cxh-scoobeLaunchInstance\":\"18\",\"cxh-intraWebAppVisibility\":\"false\"}}"}
{"EventID": "62407", "Channel": "Microsoft-Windows-Shell-Core/Operational", "Provider_Name": "Microsoft-Windows-Shell-Core", "Computer": "DESKTOP-OFJ6N53", "TimeCreated": "2025-07-24 21:31:01.435305+00:00", "RecordID": "33849", "Level": "4", "UserID": "S-1-5-21-963789628-1060504924-4285088085-1001", "EventData.Name": "NavigationSucceed", "EventData.Value": "{\"webErrorStatus\":18,\"uri\":\"https://sdx.microsoft.com/frx/request-filter\"}"}
{"EventID": "62407", "Channel": "Microsoft-Windows-Shell-Core/Operational", "Provider_Name": "Microsoft-Windows-Shell-Core", "Computer": "DESKTOP-OFJ6N53", "TimeCreated": "2025-07-24 21:31:01.442699+00:00", "RecordID": "33850", "Level": "4", "UserID": "S-1-5-21-963789628-1060504924-4285088085-1001", "EventData.Name": "SdxWebAppExperimentTriggerEvent", "EventData.Value": "{\"visitorId\":\"54bda02630e24769ba14d83aafa05492\",\"flightBehaviors\":\"ShouldGenerateExpIdWithCxhId:1\"}"}
{"EventID": "62407", "Channel": "Microsoft-Windows-Shell-Core/Operational", "Provider_Name": "Microsoft-Windows-Shell-Core", "Computer": "DESKTOP-OFJ6N53", "TimeCreated": "2025-07-24 21:31:01.445328+00:00", "RecordID": "33851", "Level": "4", "UserID": "S-1-5-21-963789628-1060504924-4285088085-1001", "EventData.Name": "SdxWebAppExperimentTriggerEvent", "EventData.Value": "{\"visitorId\":\"54bda02630e24769ba14d83aafa05492\",\"flightBehaviors\":\"GIris:1\"}"}
{"EventID": "62407", "Channel": "Microsoft-Windows-Shell-Core/Operational", "Provider_Name": "Microsoft-Windows-Shell-Core", "Computer": "DESKTOP-OFJ6N53", "TimeCreated": "2025-07-24 21:31:01.445959+00:00", "RecordID": "33852", "Level": "4", "UserID": "S-1-5-21-963789628-1060504924-4285088085-1001", "EventData.Name": "SdxWebAppExperimentTriggerEvent", "EventData.Value": "{\"visitorId\":\"54bda02630e24769ba14d83aafa05492\",\"flightBehaviors\":\"RedirectOriginToSdx:1\"}"}
{"EventID": "62407", "Channel": "Microsoft-Windows-Shell-Core/Operational", "Provider_Name": "Microsoft-Windows-Shell-Core", "Computer": "DESKTOP-OFJ6N53", "TimeCreated": "2025-07-24 21:31:01.448591+00:00", "RecordID": "33853", "Level": "4", "UserID": "S-1-5-21-963789628-1060504924-4285088085-1001", "EventData.Name": "SdxWebAppExperimentTriggerEvent", "EventData.Value": "{\"visitorId\":\"54bda02630e24769ba14d83aafa05492\",\"flightBehaviors\":\"ScoobeBackupMaxRPSCheck:30953664\"}"}
{"EventID": "62407", "Channel": "Microsoft-Windows-Shell-Core/Operational", "Provider_Name": "Microsoft-Windows-Shell-Core", "Computer": "DESKTOP-OFJ6N53", "TimeCreated": "2025-07-24 21:31:01.458775+00:00", "RecordID": "33854", "Level": "4", "UserID": "S-1-5-21-963789628-1060504924-4285088085-1001", "EventData.Name": "Done", "EventData.Value": "cancel"}
{"EventID": "62405", "Channel": "Microsoft-Windows-Shell-Core/Operational", "Provider_Name": "Microsoft-Windows-Shell-Core", "Computer": "DESKTOP-OFJ6N53", "TimeCreated": "2025-07-24 21:31:01.459251+00:00", "RecordID": "33855", "Level": "4", "UserID": "S-1-5-21-963789628-1060504924-4285088085-1001", "EventData.Result": "cancel"}
{"EventID": "62404", "Channel": "Microsoft-Windows-Shell-Core/Operational", "Provider_Name": "Microsoft-Windows-Shell-Core", "Computer": "DESKTOP-OFJ6N53", "TimeCreated": "2025-07-24 21:31:01.619139+00:00", "RecordID": "33856", "Level": "4", "UserID": "S-1-5-21-963789628-1060504924-4285088085-1001", "EventData.CXID": "SkipBackupODStartScan"}
{"EventID": "62407", "Channel": "Microsoft-Windows-Shell-Core/Operational", "Provider_Name": "Microsoft-Windows-Shell-Core", "Computer": "DESKTOP-OFJ6N53", "TimeCreated": "2025-07-24 21:31:01.637831+00:00", "RecordID": "33857", "Level": "4", "UserID": "S-1-5-21-963789628-1060504924-4285088085-1001", "EventData.Name": "NavigationStarted", "EventData.Value": "{\"requestUri\":{},\"method\":{\"method\":\"GET\"},\"headers\":{\"cxh-osVersionInfo\":\"{\\\"platformId\\\":2,\\\"majorVersion\\\":10,\\\"minorVersion\\\":0,\\\"buildNumber\\\":19045}\",\"cxh-msaBinaryVersion\":\"24\",\"hostapp\":\"CloudExperienceHost\",\"client-request-id\":\"086b94af-fce2-0001-dcb7-6b08e2fcdb01\",\"cxh-protocol\":\"ms-cxh\",\"cxh-cxid\":\"SkipBackupODStartScan\",\"cxh-preferredLanguage\":\"ru\",\"cxh-region\":\"ru\",\"cxh-correlationId\":\"086b94af-fce2-0001-dcb7-6b08e2fcdb01\",\"cxh-machineModel\":\"VMware7,1\",\"cxh-manufacturer\":\"VMware, Inc.\",\"cxh-osPlatform\":\"CloudExperienceHost.Platform.DESKTOP\",\"cxh-platform\":\"CloudExperienceHost.Platform.DESKTOP\",\"cxh-windowsProductId\":\"0\",\"cxh-edition\":\"Professional\",\"cxh-isRTL\":\"false\",\"cxh-colors\":\"themeAccent=#0078d7;themeAccentLight1=#429ce3;themeAccentLight2=#76b9ed;themeAccentLight3=#a6d8ff;themeAccentDark1=#005a9e;themeAccentDark2=#004275;themeAccentDark3=#002642;themeTextApplication=#000000;themeTextSystem=#ffffff;\",\"cxh-host\":\"scoobe\",\"cxh-hostAppVersion\":\"1\",\"cxh-capabilities\":\"{\\\"PrivatePropertyBag\\\":1,\\\"PasswordlessConnect\\\":1,\\\"Inclusive\\\":1,\\\"IsCloudPolicyEnforced\\\":0,\\\"PasswordlessSelfConnect\\\":1,\\\"VisibilityTimerCancelledByShowProgress\\\":true,\\\"RegionPolicyCompliant\\\":false,\\\"GetTokenSilently\\\":1}\",\"cxh-launchSurface\":\"mz\",\"cxh-windowsFlightData\":\"FX:117B97D4,FX:119E26AD,FX:11C0E96C,FX:11CC111C,FX:11D5BFCD,FX:11DF5B12,FX:11DF5B75,FX:1240931B,FX:124117A5,FX:124B38D0\",\"cxh-tailoredExperiencesEnabled\":\"true\",\"cxh-daysSinceFirstLogon\":\"1246\",\"cxh-daysSinceFirstLogonOnCurrentInstallation\":\"1246\",\"cxh-oobeNetworkState\":\"false\",\"cxh-scoobeLaunchInstance\":\"18\",\"cxh-intraWebAppVisibility\":\"true\"}}"}
{"EventID": "62407", "Channel": "Microsoft-Windows-Shell-Core/Operational", "Provider_Name": "Microsoft-Windows-Shell-Core", "Computer": "DESKTOP-OFJ6N53", "TimeCreated": "2025-07-24 21:31:02.812456+00:00", "RecordID": "33858", "Level": "4", "UserID": "S-1-5-21-963789628-1060504924-4285088085-1001", "EventData.Name": "NavigationSucceed", "EventData.Value": "{\"webErrorStatus\":18,\"uri\":\"https://sdx.microsoft.com/frx/skip-od-startscan-node\"}"}
{"EventID": "62407", "Channel": "Microsoft-Windows-Shell-Core/Operational", "Provider_Name": "Microsoft-Windows-Shell-Core", "Computer": "DESKTOP-OFJ6N53", "TimeCreated": "2025-07-24 21:31:02.841600+00:00", "RecordID": "33859", "Level": "4", "UserID": "S-1-5-21-963789628-1060504924-4285088085-1001", "EventData.Name": "SdxWebAppExperimentTriggerEvent", "EventData.Value": "{\"visitorId\":\"54bda02630e24769ba14d83aafa05492\",\"flightBehaviors\":\"ShouldGenerateExpIdWithCxhId:1\"}"}
{"EventID": "62407", "Channel": "Microsoft-Windows-Shell-Core/Operational", "Provider_Name": "Microsoft-Windows-Shell-Core", "Computer": "DESKTOP-OFJ6N53", "TimeCreated": "2025-07-24 21:31:02.843185+00:00", "RecordID": "33860", "Level": "4", "UserID": "S-1-5-21-963789628-1060504924-4285088085-1001", "EventData.Name": "SdxWebAppExperimentTriggerEvent", "EventData.Value": "{\"visitorId\":\"54bda02630e24769ba14d83aafa05492\",\"flightBehaviors\":\"GIris:1\"}"}
{"EventID": "62407", "Channel": "Microsoft-Windows-Shell-Core/Operational", "Provider_Name": "Microsoft-Windows-Shell-Core", "Computer": "DESKTOP-OFJ6N53", "TimeCreated": "2025-07-24 21:31:02.846931+00:00", "RecordID": "33861", "Level": "4", "UserID": "S-1-5-21-963789628-1060504924-4285088085-1001", "EventData.Name": "SdxWebAppExperimentTriggerEvent", "EventData.Value": "{\"visitorId\":\"54bda02630e24769ba14d83aafa05492\",\"flightBehaviors\":\"RedirectOriginToSdx:1\"}"}
{"EventID": "62407", "Channel": "Microsoft-Windows-Shell-Core/Operational", "Provider_Name": "Microsoft-Windows-Shell-Core", "Computer": "DESKTOP-OFJ6N53", "TimeCreated": "2025-07-24 21:31:02.849215+00:00", "RecordID": "33862", "Level": "4", "UserID": "S-1-5-21-963789628-1060504924-4285088085-1001", "EventData.Name": "SdxWebAppExperimentTriggerEvent", "EventData.Value": "{\"visitorId\":\"54bda02630e24769ba14d83aafa05492\",\"flightBehaviors\":\"ScoobeODKFMEligibilityWin10:31123994\"}"}
{"EventID": "62407", "Channel": "Microsoft-Windows-Shell-Core/Operational", "Provider_Name": "Microsoft-Windows-Shell-Core", "Computer": "DESKTOP-OFJ6N53", "TimeCreated": "2025-07-24 21:31:02.850578+00:00", "RecordID": "33863", "Level": "4", "UserID": "S-1-5-21-963789628-1060504924-4285088085-1001", "EventData.Name": "SdxWebAppExperimentTriggerEvent", "EventData.Value": "{\"visitorId\":\"54bda02630e24769ba14d83aafa05492\",\"flightBehaviors\":\"TailoredScoobeStartScanRegistryCheck:1\"}"}
{"EventID": "62407", "Channel": "Microsoft-Windows-Shell-Core/Operational", "Provider_Name": "Microsoft-Windows-Shell-Core", "Computer": "DESKTOP-OFJ6N53", "TimeCreated": "2025-07-24 21:31:02.913105+00:00", "RecordID": "33864", "Level": "4", "UserID": "S-1-5-21-963789628-1060504924-4285088085-1001", "EventData.Name": "OSStartScanRegistryJsonObject", "EventData.Value": "{\"succeeded\":false,\"value\":0}"}
{"EventID": "62407", "Channel": "Microsoft-Windows-Shell-Core/Operational", "Provider_Name": "Microsoft-Windows-Shell-Core", "Computer": "DESKTOP-OFJ6N53", "TimeCreated": "2025-07-24 21:31:02.914042+00:00", "RecordID": "33865", "Level": "4", "UserID": "S-1-5-21-963789628-1060504924-4285088085-1001", "EventData.Name": "SkipODBackupStartScanNode", "EventData.Value": "NotSkipped"}
{"EventID": "62407", "Channel": "Microsoft-Windows-Shell-Core/Operational", "Provider_Name": "Microsoft-Windows-Shell-Core", "Computer": "DESKTOP-OFJ6N53", "TimeCreated": "2025-07-24 21:31:03.195650+00:00", "RecordID": "33866", "Level": "4", "UserID": "S-1-5-21-963789628-1060504924-4285088085-1001", "EventData.Name": "Done", "EventData.Value": "cancel"}
{"EventID": "62405", "Channel": "Microsoft-Windows-Shell-Core/Operational", "Provider_Name": "Microsoft-Windows-Shell-Core", "Computer": "DESKTOP-OFJ6N53", "TimeCreated": "2025-07-24 21:31:03.197765+00:00", "RecordID": "33867", "Level": "4", "UserID": "S-1-5-21-963789628-1060504924-4285088085-1001", "EventData.Result": "cancel"}
{"EventID": "62404", "Channel": "Microsoft-Windows-Shell-Core/Operational", "Provider_Name": "Microsoft-Windows-Shell-Core", "Computer": "DESKTOP-OFJ6N53", "TimeCreated": "2025-07-24 21:31:03.219032+00:00", "RecordID": "33868", "Level": "4", "UserID": "S-1-5-21-963789628-1060504924-4285088085-1001", "EventData.CXID": "OneDriveStartScan"}
{"EventID": "62407", "Channel": "Microsoft-Windows-Shell-Core/Operational", "Provider_Name": "Microsoft-Windows-Shell-Core", "Computer": "DESKTOP-OFJ6N53", "TimeCreated": "2025-07-24 21:31:03.231613+00:00", "RecordID": "33869", "Level": "4", "UserID": "S-1-5-21-963789628-1060504924-4285088085-1001", "EventData.Name": "NavigationStarted", "EventData.Value": "{\"requestUri\":{},\"method\":{\"method\":\"GET\"},\"headers\":{\"cxh-osVersionInfo\":\"{\\\"platformId\\\":2,\\\"majorVersion\\\":10,\\\"minorVersion\\\":0,\\\"buildNumber\\\":19045}\",\"cxh-msaBinaryVersion\":\"24\",\"hostapp\":\"CloudExperienceHost\",\"client-request-id\":\"086b94af-fce2-0001-d2b8-6b08e2fcdb01\",\"cxh-protocol\":\"ms-cxh\",\"cxh-cxid\":\"OneDriveStartScan\",\"cxh-preferredLanguage\":\"ru\",\"cxh-region\":\"ru\",\"cxh-correlationId\":\"086b94af-fce2-0001-d2b8-6b08e2fcdb01\",\"cxh-machineModel\":\"VMware7,1\",\"cxh-manufacturer\":\"VMware, Inc.\",\"cxh-osPlatform\":\"CloudExperienceHost.Platform.DESKTOP\",\"cxh-platform\":\"CloudExperienceHost.Platform.DESKTOP\",\"cxh-windowsProductId\":\"0\",\"cxh-edition\":\"Professional\",\"cxh-isRTL\":\"false\",\"cxh-colors\":\"themeAccent=#0078d7;themeAccentLight1=#429ce3;themeAccentLight2=#76b9ed;themeAccentLight3=#a6d8ff;themeAccentDark1=#005a9e;themeAccentDark2=#004275;themeAccentDark3=#002642;themeTextApplication=#000000;themeTextSystem=#ffffff;\",\"cxh-host\":\"scoobe\",\"cxh-hostAppVersion\":\"1\",\"cxh-capabilities\":\"{\\\"PrivatePropertyBag\\\":1,\\\"PasswordlessConnect\\\":1,\\\"Inclusive\\\":1,\\\"IsCloudPolicyEnforced\\\":0,\\\"PasswordlessSelfConnect\\\":1,\\\"VisibilityTimerCancelledByShowProgress\\\":true,\\\"RegionPolicyCompliant\\\":false,\\\"GetTokenSilently\\\":1}\",\"cxh-launchSurface\":\"mz\",\"cxh-windowsFlightData\":\"FX:117B97D4,FX:119E26AD,FX:11C0E96C,FX:11CC111C,FX:11D5BFCD,FX:11DF5B12,FX:11DF5B75,FX:1240931B,FX:124117A5,FX:124B38D0\",\"cxh-tailoredExperiencesEnabled\":\"true\",\"cxh-daysSinceFirstLogon\":\"1246\",\"cxh-daysSinceFirstLogonOnCurrentInstallation\":\"1246\",\"cxh-oobeNetworkState\":\"false\",\"cxh-scoobeLaunchInstance\":\"18\",\"cxh-intraWebAppVisibility\":\"true\"}}"}
{"EventID": "62407", "Channel": "Microsoft-Windows-Shell-Core/Operational", "Provider_Name": "Microsoft-Windows-Shell-Core", "Computer": "DESKTOP-OFJ6N53", "TimeCreated": "2025-07-24 21:31:04.995106+00:00", "RecordID": "33870", "Level": "4", "UserID": "S-1-5-21-963789628-1060504924-4285088085-1001", "EventData.Name": "NavigationSucceed", "EventData.Value": "{\"webErrorStatus\":18,\"uri\":\"https://oloobe.officeapps.live.com/officeoobe/onedrive\"}"}
{"EventID": "62407", "Channel": "Microsoft-Windows-Shell-Core/Operational", "Provider_Name": "Microsoft-Windows-Shell-Core", "Computer": "DESKTOP-OFJ6N53", "TimeCreated": "2025-07-24 21:31:13.022898+00:00", "RecordID": "33871", "Level": "4", "UserID": "S-1-5-21-963789628-1060504924-4285088085-1001", "EventData.Name": "Done", "EventData.Value": "success"}
{"EventID": "62405", "Channel": "Microsoft-Windows-Shell-Core/Operational", "Provider_Name": "Microsoft-Windows-Shell-Core", "Computer": "DESKTOP-OFJ6N53", "TimeCreated": "2025-07-24 21:31:13.023405+00:00", "RecordID": "33872", "Level": "4", "UserID": "S-1-5-21-963789628-1060504924-4285088085-1001", "EventData.Result": "success"}
{"EventID": "62404", "Channel": "Microsoft-Windows-Shell-Core/Operational", "Provider_Name": "Microsoft-Windows-Shell-Core", "Computer": "DESKTOP-OFJ6N53", "TimeCreated": "2025-07-24 21:31:13.053158+00:00", "RecordID": "33873", "Level": "4", "UserID": "S-1-5-21-963789628-1060504924-4285088085-1001", "EventData.CXID": "BackupWelcome"}
{"EventID": "62407", "Channel": "Microsoft-Windows-Shell-Core/Operational", "Provider_Name": "Microsoft-Windows-Shell-Core", "Computer": "DESKTOP-OFJ6N53", "TimeCreated": "2025-07-24 21:31:13.076431+00:00", "RecordID": "33874", "Level": "4", "UserID": "S-1-5-21-963789628-1060504924-4285088085-1001", "EventData.Name": "NavigationStarted", "EventData.Value": "{\"requestUri\":{},\"method\":{\"method\":\"GET\"},\"headers\":{\"cxh-osVersionInfo\":\"{\\\"platformId\\\":2,\\\"majorVersion\\\":10,\\\"minorVersion\\\":0,\\\"buildNumber\\\":19045}\",\"cxh-msaBinaryVersion\":\"24\",\"hostapp\":\"CloudExperienceHost\",\"client-request-id\":\"086b94af-fce2-0000-ffbf-6b08e2fcdb01\",\"cxh-protocol\":\"ms-cxh\",\"cxh-cxid\":\"BackupWelcome\",\"cxh-preferredLanguage\":\"ru\",\"cxh-region\":\"ru\",\"cxh-correlationId\":\"086b94af-fce2-0000-ffbf-6b08e2fcdb01\",\"cxh-machineModel\":\"VMware7,1\",\"cxh-manufacturer\":\"VMware, Inc.\",\"cxh-osPlatform\":\"CloudExperienceHost.Platform.DESKTOP\",\"cxh-platform\":\"CloudExperienceHost.Platform.DESKTOP\",\"cxh-windowsProductId\":\"0\",\"cxh-edition\":\"Professional\",\"cxh-isRTL\":\"false\",\"cxh-colors\":\"themeAccent=#0078d7;themeAccentLight1=#429ce3;themeAccentLight2=#76b9ed;themeAccentLight3=#a6d8ff;themeAccentDark1=#005a9e;themeAccentDark2=#004275;themeAccentDark3=#002642;themeTextApplication=#000000;themeTextSystem=#ffffff;\",\"cxh-host\":\"scoobe\",\"cxh-hostAppVersion\":\"1\",\"cxh-capabilities\":\"{\\\"PrivatePropertyBag\\\":1,\\\"PasswordlessConnect\\\":1,\\\"Inclusive\\\":1,\\\"IsCloudPolicyEnforced\\\":0,\\\"PasswordlessSelfConnect\\\":1,\\\"VisibilityTimerCancelledByShowProgress\\\":true,\\\"RegionPolicyCompliant\\\":false,\\\"GetTokenSilently\\\":1}\",\"cxh-launchSurface\":\"mz\",\"cxh-windowsFlightData\":\"FX:117B97D4,FX:119E26AD,FX:11C0E96C,FX:11CC111C,FX:11D5BFCD,FX:11DF5B12,FX:11DF5B75,FX:1240931B,FX:124117A5,FX:124B38D0\",\"cxh-tailoredExperiencesEnabled\":\"true\",\"cxh-daysSinceFirstLogon\":\"1246\",\"cxh-daysSinceFirstLogonOnCurrentInstallation\":\"1246\",\"cxh-oobeNetworkState\":\"false\",\"cxh-scoobeLaunchInstance\":\"18\",\"cxh-intraWebAppVisibility\":\"true\"}}"}
{"EventID": "62407", "Channel": "Microsoft-Windows-Shell-Core/Operational", "Provider_Name": "Microsoft-Windows-Shell-Core", "Computer": "DESKTOP-OFJ6N53", "TimeCreated": "2025-07-24 21:31:16.646399+00:00", "RecordID": "33875", "Level": "4", "UserID": "S-1-5-21-963789628-1060504924-4285088085-1001", "EventData.Name": "NavigationSucceed", "EventData.Value": "{\"webErrorStatus\":18,\"uri\":\"https://sdx.microsoft.com/frx/scoobebackup-intro\"}"}
{"EventID": "62407", "Channel": "Microsoft-Windows-Shell-Core/Operational", "Provider_Name": "Microsoft-Windows-Shell-Core", "Computer": "DESKTOP-OFJ6N53", "TimeCreated": "2025-07-24 21:31:16.668310+00:00", "RecordID": "33876", "Level": "4", "UserID": "S-1-5-21-963789628-1060504924-4285088085-1001", "EventData.Name": "SdxWebAppExperimentTriggerEvent", "EventData.Value": "{\"visitorId\":\"54bda02630e24769ba14d83aafa05492\",\"flightBehaviors\":\"ShouldGenerateExpIdWithCxhId:1\"}"}
{"EventID": "62407", "Channel": "Microsoft-Windows-Shell-Core/Operational", "Provider_Name": "Microsoft-Windows-Shell-Core", "Computer": "DESKTOP-OFJ6N53", "TimeCreated": "2025-07-24 21:31:16.693567+00:00", "RecordID": "33877", "Level": "4", "UserID": "S-1-5-21-963789628-1060504924-4285088085-1001", "EventData.Name": "SdxWebAppExperimentTriggerEvent", "EventData.Value": "{\"visitorId\":\"54bda02630e24769ba14d83aafa05492\",\"flightBehaviors\":\"GIris:1\"}"}
{"EventID": "62407", "Channel": "Microsoft-Windows-Shell-Core/Operational", "Provider_Name": "Microsoft-Windows-Shell-Core", "Computer": "DESKTOP-OFJ6N53", "TimeCreated": "2025-07-24 21:31:16.698530+00:00", "RecordID": "33878", "Level": "4", "UserID": "S-1-5-21-963789628-1060504924-4285088085-1001", "EventData.Name": "SdxWebAppExperimentTriggerEvent", "EventData.Value": "{\"visitorId\":\"54bda02630e24769ba14d83aafa05492\",\"flightBehaviors\":\"RedirectOriginToSdx:1\"}"}
{"EventID": "62407", "Channel": "Microsoft-Windows-Shell-Core/Operational", "Provider_Name": "Microsoft-Windows-Shell-Core", "Computer": "DESKTOP-OFJ6N53", "TimeCreated": "2025-07-24 21:31:16.709454+00:00", "RecordID": "33879", "Level": "4", "UserID": "S-1-5-21-963789628-1060504924-4285088085-1001", "EventData.Name": "SdxWebAppExperimentTriggerEvent", "EventData.Value": "{\"visitorId\":\"54bda02630e24769ba14d83aafa05492\",\"flightBehaviors\":\"ScoobeBackupSingleClickBackupWin10:31354036\"}"}
{"EventID": "62407", "Channel": "Microsoft-Windows-Shell-Core/Operational", "Provider_Name": "Microsoft-Windows-Shell-Core", "Computer": "DESKTOP-OFJ6N53", "TimeCreated": "2025-07-24 21:31:16.712408+00:00", "RecordID": "33880", "Level": "4", "UserID": "S-1-5-21-963789628-1060504924-4285088085-1001", "EventData.Name": "SdxWebAppExperimentTriggerEvent", "EventData.Value": "{\"visitorId\":\"54bda02630e24769ba14d83aafa05492\",\"flightBehaviors\":\"ScoobeBackupWASCConsentCheck:31278040\"}"}
{"EventID": "62407", "Channel": "Microsoft-Windows-Shell-Core/Operational", "Provider_Name": "Microsoft-Windows-Shell-Core", "Computer": "DESKTOP-OFJ6N53", "TimeCreated": "2025-07-24 21:31:16.713989+00:00", "RecordID": "33881", "Level": "4", "UserID": "S-1-5-21-963789628-1060504924-4285088085-1001", "EventData.Name": "SdxWebAppExperimentTriggerEvent", "EventData.Value": "{\"visitorId\":\"54bda02630e24769ba14d83aafa05492\",\"flightBehaviors\":\"ScoobeBackupOdUnderQuotaEligibiltyCheckWin11:1\"}"}
{"EventID": "62407", "Channel": "Microsoft-Windows-Shell-Core/Operational", "Provider_Name": "Microsoft-Windows-Shell-Core", "Computer": "DESKTOP-OFJ6N53", "TimeCreated": "2025-07-24 21:31:16.731174+00:00", "RecordID": "33882", "Level": "4", "UserID": "S-1-5-21-963789628-1060504924-4285088085-1001", "EventData.Name": "SdxWebAppExperimentTriggerEvent", "EventData.Value": "{\"visitorId\":\"54bda02630e24769ba14d83aafa05492\",\"flightBehaviors\":\"TScoobeEOSExperiencecf:31353201\"}"}
{"EventID": "62407", "Channel": "Microsoft-Windows-Shell-Core/Operational", "Provider_Name": "Microsoft-Windows-Shell-Core", "Computer": "DESKTOP-OFJ6N53", "TimeCreated": "2025-07-24 21:31:16.738319+00:00", "RecordID": "33883", "Level": "4", "UserID": "S-1-5-21-963789628-1060504924-4285088085-1001", "EventData.Name": "SdxWebAppExperimentTriggerEvent", "EventData.Value": "{\"visitorId\":\"54bda02630e24769ba14d83aafa05492\",\"flightBehaviors\":\"TscoobeStringsUpdate:31342997\"}"}
{"EventID": "62407", "Channel": "Microsoft-Windows-Shell-Core/Operational", "Provider_Name": "Microsoft-Windows-Shell-Core", "Computer": "DESKTOP-OFJ6N53", "TimeCreated": "2025-07-24 21:31:16.741079+00:00", "RecordID": "33884", "Level": "4", "UserID": "S-1-5-21-963789628-1060504924-4285088085-1001", "EventData.Name": "WebAppActivityStarted", "EventData.Value": "{\"eventType\":\"PCAndFilesBackupIntro\",\"timeStamp\":\"2025-07-24T21:31:16.650Z\"}"}
{"EventID": "62407", "Channel": "Microsoft-Windows-Shell-Core/Operational", "Provider_Name": "Microsoft-Windows-Shell-Core", "Computer": "DESKTOP-OFJ6N53", "TimeCreated": "2025-07-24 21:31:17.136026+00:00", "RecordID": "33885", "Level": "4", "UserID": "S-1-5-21-963789628-1060504924-4285088085-1001", "EventData.Name": "isEnabledByRegionPolicy", "EventData.Value": "true"}
{"EventID": "62407", "Channel": "Microsoft-Windows-Shell-Core/Operational", "Provider_Name": "Microsoft-Windows-Shell-Core", "Computer": "DESKTOP-OFJ6N53", "TimeCreated": "2025-07-24 21:31:17.214731+00:00", "RecordID": "33886", "Level": "4", "UserID": "S-1-5-21-963789628-1060504924-4285088085-1001", "EventData.Name": "UserProfileEngagementItem", "EventData.Value": "{\"item\":\"MsaPrimaryAccount\",\"result\":\"Eligible\"}"}
{"EventID": "62407", "Channel": "Microsoft-Windows-Shell-Core/Operational", "Provider_Name": "Microsoft-Windows-Shell-Core", "Computer": "DESKTOP-OFJ6N53", "TimeCreated": "2025-07-24 21:31:17.242523+00:00", "RecordID": "33887", "Level": "4", "UserID": "S-1-5-21-963789628-1060504924-4285088085-1001", "EventData.Name": "ODUnderQuota Scan result:", "EventData.Value": "{\"result\":1,\"totalKnownFolderSizeMB\":28088,\"wasScanClean\":true}"}
{"EventID": "62407", "Channel": "Microsoft-Windows-Shell-Core/Operational", "Provider_Name": "Microsoft-Windows-Shell-Core", "Computer": "DESKTOP-OFJ6N53", "TimeCreated": "2025-07-24 21:31:17.244434+00:00", "RecordID": "33888", "Level": "4", "UserID": "S-1-5-21-963789628-1060504924-4285088085-1001", "EventData.Name": "ODUnderQuotaCheck", "EventData.Value": "Condition not met for Scan Result"}
{"EventID": "62407", "Channel": "Microsoft-Windows-Shell-Core/Operational", "Provider_Name": "Microsoft-Windows-Shell-Core", "Computer": "DESKTOP-OFJ6N53", "TimeCreated": "2025-07-24 21:31:17.418192+00:00", "RecordID": "33889", "Level": "4", "UserID": "S-1-5-21-963789628-1060504924-4285088085-1001", "EventData.Name": "OdUnderQuotaErrorInApi", "EventData.Value": "false"}
{"EventID": "62407", "Channel": "Microsoft-Windows-Shell-Core/Operational", "Provider_Name": "Microsoft-Windows-Shell-Core", "Computer": "DESKTOP-OFJ6N53", "TimeCreated": "2025-07-24 21:31:17.421541+00:00", "RecordID": "33890", "Level": "4", "UserID": "S-1-5-21-963789628-1060504924-4285088085-1001", "EventData.Name": "IsEnabledByRegionPolicy", "EventData.Value": "true"}
{"EventID": "62407", "Channel": "Microsoft-Windows-Shell-Core/Operational", "Provider_Name": "Microsoft-Windows-Shell-Core", "Computer": "DESKTOP-OFJ6N53", "TimeCreated": "2025-07-24 21:31:17.422445+00:00", "RecordID": "33891", "Level": "4", "UserID": "S-1-5-21-963789628-1060504924-4285088085-1001", "EventData.Name": "shouldShowODUnderQuotaPage", "EventData.Value": "false"}
{"EventID": "62407", "Channel": "Microsoft-Windows-Shell-Core/Operational", "Provider_Name": "Microsoft-Windows-Shell-Core", "Computer": "DESKTOP-OFJ6N53", "TimeCreated": "2025-07-24 21:31:17.424885+00:00", "RecordID": "33892", "Level": "4", "UserID": "S-1-5-21-963789628-1060504924-4285088085-1001", "EventData.Name": "isEOSEnabledOnIntroPage", "EventData.Value": "false"}
{"EventID": "62407", "Channel": "Microsoft-Windows-Shell-Core/Operational", "Provider_Name": "Microsoft-Windows-Shell-Core", "Computer": "DESKTOP-OFJ6N53", "TimeCreated": "2025-07-24 21:31:17.439226+00:00", "RecordID": "33893", "Level": "4", "UserID": "S-1-5-21-963789628-1060504924-4285088085-1001", "EventData.Name": "BackupIntroConsent", "EventData.Value": "false"}
{"EventID": "62407", "Channel": "Microsoft-Windows-Shell-Core/Operational", "Provider_Name": "Microsoft-Windows-Shell-Core", "Computer": "DESKTOP-OFJ6N53", "TimeCreated": "2025-07-24 21:31:17.450573+00:00", "RecordID": "33894", "Level": "4", "UserID": "S-1-5-21-963789628-1060504924-4285088085-1001", "EventData.Name": "UserProfileEngagementStatus", "EventData.Value": "{\"MsaPrimaryAccount\":\"Eligible\"}"}
{"EventID": "62407", "Channel": "Microsoft-Windows-Shell-Core/Operational", "Provider_Name": "Microsoft-Windows-Shell-Core", "Computer": "DESKTOP-OFJ6N53", "TimeCreated": "2025-07-24 21:31:17.451406+00:00", "RecordID": "33895", "Level": "4", "UserID": "S-1-5-21-963789628-1060504924-4285088085-1001", "EventData.Name": "ScoobeBackupEligible", "EventData.Value": "true"}
{"EventID": "62406", "Channel": "Microsoft-Windows-Shell-Core/Operational", "Provider_Name": "Microsoft-Windows-Shell-Core", "Computer": "DESKTOP-OFJ6N53", "TimeCreated": "2025-07-24 21:31:17.566357+00:00", "RecordID": "33896", "Level": "4", "UserID": "S-1-5-21-963789628-1060504924-4285088085-1001", "EventData.Name": "CommitScoobeBackupIneligibleTimestampSuccess"}
{"EventID": "62406", "Channel": "Microsoft-Windows-Shell-Core/Operational", "Provider_Name": "Microsoft-Windows-Shell-Core", "Computer": "DESKTOP-OFJ6N53", "TimeCreated": "2025-07-24 21:31:17.582661+00:00", "RecordID": "33897", "Level": "4", "UserID": "S-1-5-21-963789628-1060504924-4285088085-1001", "EventData.Name": "ScoobeBackupIntroPageVisible"}
{"EventID": "62407", "Channel": "Microsoft-Windows-Shell-Core/Operational", "Provider_Name": "Microsoft-Windows-Shell-Core", "Computer": "DESKTOP-OFJ6N53", "TimeCreated": "2025-07-24 21:31:17.592962+00:00", "RecordID": "33898", "Level": "4", "UserID": "S-1-5-21-963789628-1060504924-4285088085-1001", "EventData.Name": "Visible", "EventData.Value": "true"}
{"EventID": "62407", "Channel": "Microsoft-Windows-Shell-Core/Operational", "Provider_Name": "Microsoft-Windows-Shell-Core", "Computer": "DESKTOP-OFJ6N53", "TimeCreated": "2025-07-24 21:31:17.604467+00:00", "RecordID": "33899", "Level": "4", "UserID": "S-1-5-21-963789628-1060504924-4285088085-1001", "EventData.Name": "SdxWebAppPageView", "EventData.Value": "{\"platform\":\"Desktop\",\"appId\":\"ScoobeBackupIntro-scoobebackup-intro\",\"scenario\":\"Frx\",\"hostVersion\":\"1\",\"language\":\"ru\",\"pageTimeData\":{\"domainLookupTime\":-1,\"connectTime\":-1,\"requestTime\":-1,\"responseTime\":-1,\"domProcessingTime\":-1,\"totalRequestTime\":-1,\"pageLoadTime\":-1},\"resourceTimeData\":{},\"userAgent\":\"Mozilla/5.0 (Windows NT 10.0; Win64; x64; MSAppHost/3.0) AppleWebKit/537.36 (KHTML, like Gecko) Chrome/70.0.3538.102 Safari/537.36 Edge/18.19045\",\"utcOffset\":3,\"screenRes\":\"1536x864\",\"cookieEnabled\":true,\"browserSize\":\"1080x768\",\"cookies\":\"MC1=GUID=54bda02630e24769ba14d83aafa05492&HASH=54bd&LV=202507&V=4&LU=1753392660049;\",\"flightId\":\"\",\"featureVariants\":\"\",\"signInStatus\":0,\"browserLanguage\":\"ru-RU\",\"browserCodeName\":\"Mozilla\",\"browserAppName\":\"Netscape\",\"browserVersion\":\"5.0 (Windows NT 10.0; Win64; x64; MSAppHost/3.0) AppleWebKit/537.36 (KHTML, like Gecko) Chrome/70.0.3538.102 Safari/537.36 Edge/18.19045\",\"browserOnline\":true,\"browserPlatform\":\"Win32\"}"}
{"EventID": "62407", "Channel": "Microsoft-Windows-Shell-Core/Operational", "Provider_Name": "Microsoft-Windows-Shell-Core", "Computer": "DESKTOP-OFJ6N53", "TimeCreated": "2025-07-24 21:31:17.605700+00:00", "RecordID": "33900", "Level": "4", "UserID": "S-1-5-21-963789628-1060504924-4285088085-1001", "EventData.Name": "WebAppActivityEnded", "EventData.Value": "{\"eventType\":\"PCAndFilesBackupIntro\",\"timeStamp\":\"2025-07-24T21:31:17.548Z\"}"}
{"EventID": "62403", "Channel": "Microsoft-Windows-Shell-Core/Operational", "Provider_Name": "Microsoft-Windows-Shell-Core", "Computer": "DESKTOP-OFJ6N53", "TimeCreated": "2025-07-24 21:31:17.802626+00:00", "RecordID": "33901", "Level": "4", "UserID": "S-1-5-21-963789628-1060504924-4285088085-1001", "EventData.Name": "FirstWebAppVisible", "EventData.Value": "BackupWelcome"}
{"EventID": "62407", "Channel": "Microsoft-Windows-Shell-Core/Operational", "Provider_Name": "Microsoft-Windows-Shell-Core", "Computer": "DESKTOP-OFJ6N53", "TimeCreated": "2025-07-24 21:31:22.614140+00:00", "RecordID": "33902", "Level": "4", "UserID": "S-1-5-21-963789628-1060504924-4285088085-1001", "EventData.Name": "ScoobeBackupIntroLearnMore", "EventData.Value": "Clicked"}
{"EventID": "62407", "Channel": "Microsoft-Windows-Shell-Core/Operational", "Provider_Name": "Microsoft-Windows-Shell-Core", "Computer": "DESKTOP-OFJ6N53", "TimeCreated": "2025-07-24 21:31:22.615345+00:00", "RecordID": "33903", "Level": "4", "UserID": "S-1-5-21-963789628-1060504924-4285088085-1001", "EventData.Name": "Done", "EventData.Value": "action1"}
{"EventID": "62405", "Channel": "Microsoft-Windows-Shell-Core/Operational", "Provider_Name": "Microsoft-Windows-Shell-Core", "Computer": "DESKTOP-OFJ6N53", "TimeCreated": "2025-07-24 21:31:22.616890+00:00", "RecordID": "33904", "Level": "4", "UserID": "S-1-5-21-963789628-1060504924-4285088085-1001", "EventData.Result": "action1"}
{"EventID": "62404", "Channel": "Microsoft-Windows-Shell-Core/Operational", "Provider_Name": "Microsoft-Windows-Shell-Core", "Computer": "DESKTOP-OFJ6N53", "TimeCreated": "2025-07-24 21:31:22.658224+00:00", "RecordID": "33905", "Level": "4", "UserID": "S-1-5-21-963789628-1060504924-4285088085-1001", "EventData.CXID": "IntroBackupLossAversion"}
{"EventID": "62407", "Channel": "Microsoft-Windows-Shell-Core/Operational", "Provider_Name": "Microsoft-Windows-Shell-Core", "Computer": "DESKTOP-OFJ6N53", "TimeCreated": "2025-07-24 21:31:22.675928+00:00", "RecordID": "33906", "Level": "4", "UserID": "S-1-5-21-963789628-1060504924-4285088085-1001", "EventData.Name": "NavigationStarted", "EventData.Value": "{\"requestUri\":{},\"method\":{\"method\":\"GET\"},\"headers\":{\"cxh-osVersionInfo\":\"{\\\"platformId\\\":2,\\\"majorVersion\\\":10,\\\"minorVersion\\\":0,\\\"buildNumber\\\":19045}\",\"cxh-msaBinaryVersion\":\"24\",\"hostapp\":\"CloudExperienceHost\",\"client-request-id\":\"086b94af-fce2-0002-a9c2-6b08e2fcdb01\",\"cxh-protocol\":\"ms-cxh\",\"cxh-cxid\":\"IntroBackupLossAversion\",\"cxh-preferredLanguage\":\"ru\",\"cxh-region\":\"ru\",\"cxh-correlationId\":\"086b94af-fce2-0002-a9c2-6b08e2fcdb01\",\"cxh-machineModel\":\"VMware7,1\",\"cxh-manufacturer\":\"VMware, Inc.\",\"cxh-osPlatform\":\"CloudExperienceHost.Platform.DESKTOP\",\"cxh-platform\":\"CloudExperienceHost.Platform.DESKTOP\",\"cxh-windowsProductId\":\"0\",\"cxh-edition\":\"Professional\",\"cxh-isRTL\":\"false\",\"cxh-colors\":\"themeAccent=#0078d7;themeAccentLight1=#429ce3;themeAccentLight2=#76b9ed;themeAccentLight3=#a6d8ff;themeAccentDark1=#005a9e;themeAccentDark2=#004275;themeAccentDark3=#002642;themeTextApplication=#000000;themeTextSystem=#ffffff;\",\"cxh-host\":\"scoobe\",\"cxh-hostAppVersion\":\"1\",\"cxh-capabilities\":\"{\\\"PrivatePropertyBag\\\":1,\\\"PasswordlessConnect\\\":1,\\\"Inclusive\\\":1,\\\"IsCloudPolicyEnforced\\\":0,\\\"PasswordlessSelfConnect\\\":1,\\\"VisibilityTimerCancelledByShowProgress\\\":true,\\\"RegionPolicyCompliant\\\":false,\\\"GetTokenSilently\\\":1}\",\"cxh-launchSurface\":\"mz\",\"cxh-windowsFlightData\":\"FX:117B97D4,FX:119E26AD,FX:11C0E96C,FX:11CC111C,FX:11D5BFCD,FX:11DF5B12,FX:11DF5B75,FX:1240931B,FX:124117A5,FX:124B38D0\",\"cxh-tailoredExperiencesEnabled\":\"true\",\"cxh-daysSinceFirstLogon\":\"1246\",\"cxh-daysSinceFirstLogonOnCurrentInstallation\":\"1246\",\"cxh-oobeNetworkState\":\"false\",\"cxh-scoobeLaunchInstance\":\"18\",\"cxh-intraWebAppVisibility\":\"true\"}}"}
{"EventID": "62407", "Channel": "Microsoft-Windows-Shell-Core/Operational", "Provider_Name": "Microsoft-Windows-Shell-Core", "Computer": "DESKTOP-OFJ6N53", "TimeCreated": "2025-07-24 21:31:24.311258+00:00", "RecordID": "33907", "Level": "4", "UserID": "S-1-5-21-963789628-1060504924-4285088085-1001", "EventData.Name": "NavigationSucceed", "EventData.Value": "{\"webErrorStatus\":18,\"uri\":\"https://sdx.microsoft.com/frx/scoobebackup-learnmore\"}"}
{"EventID": "62407", "Channel": "Microsoft-Windows-Shell-Core/Operational", "Provider_Name": "Microsoft-Windows-Shell-Core", "Computer": "DESKTOP-OFJ6N53", "TimeCreated": "2025-07-24 21:31:24.312687+00:00", "RecordID": "33908", "Level": "4", "UserID": "S-1-5-21-963789628-1060504924-4285088085-1001", "EventData.Name": "SdxWebAppExperimentTriggerEvent", "EventData.Value": "{\"visitorId\":\"54bda02630e24769ba14d83aafa05492\",\"flightBehaviors\":\"ShouldGenerateExpIdWithCxhId:1\"}"}
{"EventID": "62407", "Channel": "Microsoft-Windows-Shell-Core/Operational", "Provider_Name": "Microsoft-Windows-Shell-Core", "Computer": "DESKTOP-OFJ6N53", "TimeCreated": "2025-07-24 21:31:24.343740+00:00", "RecordID": "33909", "Level": "4", "UserID": "S-1-5-21-963789628-1060504924-4285088085-1001", "EventData.Name": "SdxWebAppExperimentTriggerEvent", "EventData.Value": "{\"visitorId\":\"54bda02630e24769ba14d83aafa05492\",\"flightBehaviors\":\"GIris:1\"}"}
{"EventID": "62407", "Channel": "Microsoft-Windows-Shell-Core/Operational", "Provider_Name": "Microsoft-Windows-Shell-Core", "Computer": "DESKTOP-OFJ6N53", "TimeCreated": "2025-07-24 21:31:24.347916+00:00", "RecordID": "33910", "Level": "4", "UserID": "S-1-5-21-963789628-1060504924-4285088085-1001", "EventData.Name": "SdxWebAppExperimentTriggerEvent", "EventData.Value": "{\"visitorId\":\"54bda02630e24769ba14d83aafa05492\",\"flightBehaviors\":\"RedirectOriginToSdx:1\"}"}
{"EventID": "62407", "Channel": "Microsoft-Windows-Shell-Core/Operational", "Provider_Name": "Microsoft-Windows-Shell-Core", "Computer": "DESKTOP-OFJ6N53", "TimeCreated": "2025-07-24 21:31:24.358362+00:00", "RecordID": "33911", "Level": "4", "UserID": "S-1-5-21-963789628-1060504924-4285088085-1001", "EventData.Name": "Visible", "EventData.Value": "true"}
{"EventID": "62407", "Channel": "Microsoft-Windows-Shell-Core/Operational", "Provider_Name": "Microsoft-Windows-Shell-Core", "Computer": "DESKTOP-OFJ6N53", "TimeCreated": "2025-07-24 21:31:24.366131+00:00", "RecordID": "33912", "Level": "4", "UserID": "S-1-5-21-963789628-1060504924-4285088085-1001", "EventData.Name": "SdxWebAppPageView", "EventData.Value": "{\"platform\":\"Desktop\",\"appId\":\"ScoobeBackupLearnMore-scoobebackup-learnmore\",\"scenario\":\"Frx\",\"hostVersion\":\"1\",\"language\":\"ru\",\"pageTimeData\":{\"domainLookupTime\":-1,\"connectTime\":-1,\"requestTime\":-1,\"responseTime\":-1,\"domProcessingTime\":-1,\"totalRequestTime\":-1,\"pageLoadTime\":-1},\"resourceTimeData\":{},\"userAgent\":\"Mozilla/5.0 (Windows NT 10.0; Win64; x64; MSAppHost/3.0) AppleWebKit/537.36 (KHTML, like Gecko) Chrome/70.0.3538.102 Safari/537.36 Edge/18.19045\",\"utcOffset\":3,\"screenRes\":\"1536x864\",\"cookieEnabled\":true,\"browserSize\":\"1080x768\",\"cookies\":\"MC1=GUID=54bda02630e24769ba14d83aafa05492&HASH=54bd&LV=202507&V=4&LU=1753392660049;\",\"flightId\":\"\",\"featureVariants\":\"\",\"signInStatus\":0,\"browserLanguage\":\"ru-RU\",\"browserCodeName\":\"Mozilla\",\"browserAppName\":\"Netscape\",\"browserVersion\":\"5.0 (Windows NT 10.0; Win64; x64; MSAppHost/3.0) AppleWebKit/537.36 (KHTML, like Gecko) Chrome/70.0.3538.102 Safari/537.36 Edge/18.19045\",\"browserOnline\":true,\"browserPlatform\":\"Win32\"}"}
{"EventID": "62406", "Channel": "Microsoft-Windows-Shell-Core/Operational", "Provider_Name": "Microsoft-Windows-Shell-Core", "Computer": "DESKTOP-OFJ6N53", "TimeCreated": "2025-07-24 21:31:24.372797+00:00", "RecordID": "33913", "Level": "4", "UserID": "S-1-5-21-963789628-1060504924-4285088085-1001", "EventData.Name": "ScoobeBackupLearnMorePageVisible"}
{"EventID": "62407", "Channel": "Microsoft-Windows-Shell-Core/Operational", "Provider_Name": "Microsoft-Windows-Shell-Core", "Computer": "DESKTOP-OFJ6N53", "TimeCreated": "2025-07-24 21:31:26.654722+00:00", "RecordID": "33914", "Level": "4", "UserID": "S-1-5-21-963789628-1060504924-4285088085-1001", "EventData.Name": "ScoobeBackupLearnMore", "EventData.Value": "on Secondary Button Click"}
{"EventID": "62407", "Channel": "Microsoft-Windows-Shell-Core/Operational", "Provider_Name": "Microsoft-Windows-Shell-Core", "Computer": "DESKTOP-OFJ6N53", "TimeCreated": "2025-07-24 21:31:26.667568+00:00", "RecordID": "33915", "Level": "4", "UserID": "S-1-5-21-963789628-1060504924-4285088085-1001", "EventData.Name": "Done", "EventData.Value": "cancel"}
{"EventID": "62405", "Channel": "Microsoft-Windows-Shell-Core/Operational", "Provider_Name": "Microsoft-Windows-Shell-Core", "Computer": "DESKTOP-OFJ6N53", "TimeCreated": "2025-07-24 21:31:26.668131+00:00", "RecordID": "33916", "Level": "4", "UserID": "S-1-5-21-963789628-1060504924-4285088085-1001", "EventData.Result": "cancel"}
{"EventID": "62404", "Channel": "Microsoft-Windows-Shell-Core/Operational", "Provider_Name": "Microsoft-Windows-Shell-Core", "Computer": "DESKTOP-OFJ6N53", "TimeCreated": "2025-07-24 21:31:26.710438+00:00", "RecordID": "33917", "Level": "4", "UserID": "S-1-5-21-963789628-1060504924-4285088085-1001", "EventData.CXID": "EarlyExitOnFailure"}
{"EventID": "62407", "Channel": "Microsoft-Windows-Shell-Core/Operational", "Provider_Name": "Microsoft-Windows-Shell-Core", "Computer": "DESKTOP-OFJ6N53", "TimeCreated": "2025-07-24 21:31:26.719591+00:00", "RecordID": "33918", "Level": "4", "UserID": "S-1-5-21-963789628-1060504924-4285088085-1001", "EventData.Name": "Done", "EventData.Value": "success"}
{"EventID": "62405", "Channel": "Microsoft-Windows-Shell-Core/Operational", "Provider_Name": "Microsoft-Windows-Shell-Core", "Computer": "DESKTOP-OFJ6N53", "TimeCreated": "2025-07-24 21:31:26.720932+00:00", "RecordID": "33919", "Level": "4", "UserID": "S-1-5-21-963789628-1060504924-4285088085-1001", "EventData.Result": "success"}
{"EventID": "62401", "Channel": "Microsoft-Windows-Shell-Core/Operational", "Provider_Name": "Microsoft-Windows-Shell-Core", "Computer": "DESKTOP-OFJ6N53", "TimeCreated": "2025-07-24 21:31:26.728710+00:00", "RecordID": "33920", "Level": "4", "UserID": "S-1-5-21-963789628-1060504924-4285088085-1001", "EventData.Result": "success"}
{"EventID": "62171", "Channel": "Microsoft-Windows-Shell-Core/Operational", "Provider_Name": "Microsoft-Windows-Shell-Core", "Computer": "DESKTOP-OFJ6N53", "TimeCreated": "2025-07-24 21:31:27.112064+00:00", "RecordID": "33921", "Level": "4", "UserID": "S-1-5-21-963789628-1060504924-4285088085-1001", "EventData.LogonType": "1024", "EventData.TaskName": "PerUserSetup"}
{"EventID": "62171", "Channel": "Microsoft-Windows-Shell-Core/Operational", "Provider_Name": "Microsoft-Windows-Shell-Core", "Computer": "DESKTOP-OFJ6N53", "TimeCreated": "2025-07-24 21:31:27.112074+00:00", "RecordID": "33922", "Level": "4", "UserID": "S-1-5-21-963789628-1060504924-4285088085-1001", "EventData.LogonType": "1024", "EventData.TaskName": "PreStartTasks"}
{"EventID": "62171", "Channel": "Microsoft-Windows-Shell-Core/Operational", "Provider_Name": "Microsoft-Windows-Shell-Core", "Computer": "DESKTOP-OFJ6N53", "TimeCreated": "2025-07-24 21:31:27.453939+00:00", "RecordID": "33923", "Level": "4", "UserID": "S-1-5-21-963789628-1060504924-4285088085-1001", "EventData.LogonType": "1024", "EventData.TaskName": "AllLogonTasks"}
{"EventID": "62170", "Channel": "Microsoft-Windows-Shell-Core/Operational", "Provider_Name": "Microsoft-Windows-Shell-Core", "Computer": "DESKTOP-OFJ6N53", "TimeCreated": "2025-07-24 21:31:27.454220+00:00", "RecordID": "33924", "Level": "4", "UserID": "S-1-5-21-963789628-1060504924-4285088085-1001", "EventData.LogonType": "1024", "EventData.TaskName": "PostStartTasks"}
{"EventID": "62170", "Channel": "Microsoft-Windows-Shell-Core/Operational", "Provider_Name": "Microsoft-Windows-Shell-Core", "Computer": "DESKTOP-OFJ6N53", "TimeCreated": "2025-07-24 21:31:27.454412+00:00", "RecordID": "33925", "Level": "4", "UserID": "S-1-5-21-963789628-1060504924-4285088085-1001", "EventData.LogonType": "1024", "EventData.TaskName": "PerUserSetupPostStart"}
{"EventID": "62171", "Channel": "Microsoft-Windows-Shell-Core/Operational", "Provider_Name": "Microsoft-Windows-Shell-Core", "Computer": "DESKTOP-OFJ6N53", "TimeCreated": "2025-07-24 21:31:27.454416+00:00", "RecordID": "33926", "Level": "4", "UserID": "S-1-5-21-963789628-1060504924-4285088085-1001", "EventData.LogonType": "1024", "EventData.TaskName": "PerUserSetupPostStart"}
{"EventID": "62170", "Channel": "Microsoft-Windows-Shell-Core/Operational", "Provider_Name": "Microsoft-Windows-Shell-Core", "Computer": "DESKTOP-OFJ6N53", "TimeCreated": "2025-07-24 21:31:27.454418+00:00", "RecordID": "33927", "Level": "4", "UserID": "S-1-5-21-963789628-1060504924-4285088085-1001", "EventData.LogonType": "1024", "EventData.TaskName": "LaunchExperienceHostPostStart"}
{"EventID": "62171", "Channel": "Microsoft-Windows-Shell-Core/Operational", "Provider_Name": "Microsoft-Windows-Shell-Core", "Computer": "DESKTOP-OFJ6N53", "TimeCreated": "2025-07-24 21:31:27.454420+00:00", "RecordID": "33928", "Level": "4", "UserID": "S-1-5-21-963789628-1060504924-4285088085-1001", "EventData.LogonType": "1024", "EventData.TaskName": "LaunchExperienceHostPostStart"}
{"EventID": "62170", "Channel": "Microsoft-Windows-Shell-Core/Operational", "Provider_Name": "Microsoft-Windows-Shell-Core", "Computer": "DESKTOP-OFJ6N53", "TimeCreated": "2025-07-24 21:31:27.454435+00:00", "RecordID": "33929", "Level": "4", "UserID": "S-1-5-21-963789628-1060504924-4285088085-1001", "EventData.LogonType": "1024", "EventData.TaskName": "LaunchPeopleExperiencePostStart"}
{"EventID": "62170", "Channel": "Microsoft-Windows-Shell-Core/Operational", "Provider_Name": "Microsoft-Windows-Shell-Core", "Computer": "DESKTOP-OFJ6N53", "TimeCreated": "2025-07-24 21:31:27.454435+00:00", "RecordID": "33930", "Level": "4", "UserID": "S-1-5-21-963789628-1060504924-4285088085-1001", "EventData.LogonType": "1024", "EventData.TaskName": "LaunchLockAppHostPostStart"}
{"EventID": "62171", "Channel": "Microsoft-Windows-Shell-Core/Operational", "Provider_Name": "Microsoft-Windows-Shell-Core", "Computer": "DESKTOP-OFJ6N53", "TimeCreated": "2025-07-24 21:31:27.454449+00:00", "RecordID": "33931", "Level": "4", "UserID": "S-1-5-21-963789628-1060504924-4285088085-1001", "EventData.LogonType": "1024", "EventData.TaskName": "LaunchLockAppHostPostStart"}
{"EventID": "62170", "Channel": "Microsoft-Windows-Shell-Core/Operational", "Provider_Name": "Microsoft-Windows-Shell-Core", "Computer": "DESKTOP-OFJ6N53", "TimeCreated": "2025-07-24 21:31:27.454506+00:00", "RecordID": "33932", "Level": "4", "UserID": "S-1-5-21-963789628-1060504924-4285088085-1001", "EventData.LogonType": "1024", "EventData.TaskName": "LaunchInputDialListenerPostStart"}
{"EventID": "62171", "Channel": "Microsoft-Windows-Shell-Core/Operational", "Provider_Name": "Microsoft-Windows-Shell-Core", "Computer": "DESKTOP-OFJ6N53", "TimeCreated": "2025-07-24 21:31:27.454535+00:00", "RecordID": "33933", "Level": "4", "UserID": "S-1-5-21-963789628-1060504924-4285088085-1001", "EventData.LogonType": "1024", "EventData.TaskName": "LaunchPeopleExperiencePostStart"}
{"EventID": "62170", "Channel": "Microsoft-Windows-Shell-Core/Operational", "Provider_Name": "Microsoft-Windows-Shell-Core", "Computer": "DESKTOP-OFJ6N53", "TimeCreated": "2025-07-24 21:31:27.454546+00:00", "RecordID": "33934", "Level": "4", "UserID": "S-1-5-21-963789628-1060504924-4285088085-1001", "EventData.LogonType": "1024", "EventData.TaskName": "RoamingPayload3"}
{"EventID": "62170", "Channel": "Microsoft-Windows-Shell-Core/Operational", "Provider_Name": "Microsoft-Windows-Shell-Core", "Computer": "DESKTOP-OFJ6N53", "TimeCreated": "2025-07-24 21:31:27.454554+00:00", "RecordID": "33935", "Level": "4", "UserID": "S-1-5-21-963789628-1060504924-4285088085-1001", "EventData.LogonType": "1024", "EventData.TaskName": "NotifyTrayStartIsReady"}
