{"EventID": "819", "Channel": "Microsoft-Windows-AppXDeploymentServer/Operational", "Provider_Name": "Microsoft-Windows-AppXDeployment-Server", "Computer": "DESKTOP-OFJ6N53", "TimeCreated": "2025-08-13 14:43:23.422308+00:00", "RecordID": "115947", "Level": "5", "UserID": "S-1-5-18", "EventData.InstallPackageList": "1527c705-839a-4832-9118-54d4Bd6a0c89_10.0.19041.4239_neutral_neutral_cw5n1h2txyewy c5e2524a-ea46-4f67-841f-6a9465d9d515_10.0.19041.4239_neutral_neutral_cw5n1h2txyewy E2A4F912-2574-4A75-9BB0-0D023378592B_10.0.19041.4239_neutral_neutral_cw5n1h2txyewy F46D4000-FD22-4DB4-AC8E-4E1DDDE828FE_10.0.19041.4239_neutral_neutral_cw5n1h2txyewy Microsoft.AAD.BrokerPlugin_10.0.19041.4239_neutral_neutral_cw5n1h2txyewy Microsoft.AccountsControl_10.0.19041.4239_neutral_neutral_cw5n1h2txyewy Microsoft.AsyncTextService_10.0.19041.4239_neutral_neutral_8wekyb3d8bbwe Microsoft.BioEnrollment_10.0.19041.4239_neutral_neutral_cw5n1h2txyewy Microsoft.CredDialogHost_10.0.19041.4239_neutral_neutral_cw5n1h2txyewy Microsoft.ECApp_10.0.19041.4597_neutral_neutral_8wekyb3d8bbwe Microsoft.LockApp_10.0.19041.4239_neutral_neutral_cw5n1h2txyewy Microsoft.MicrosoftEdgeDevToolsClient_10.0.19041.4239_neutral__8wekyb3d8bbwe Microsoft.Win32WebViewHost_10.0.19041.4239_neutral_neutral_cw5n1h2txyewy Microsoft.Windows.AppRep.ChxApp_10.0.19041.4239_neutral_neutral_cw5n1h2txyewy Microsoft.Windows.AssignedAccessLockApp_10.0.19041.4239_neutral_neutral_cw5n1h2txyewy Microsoft.Windows.CallingShellApp_10.0.19041.4239_neutral_neutral_cw5n1h2txyewy Microsoft.Windows.CapturePicker_10.0.19041.4239_neutral_neutral_cw5n1h2txyewy Microsoft.Windows.CloudExperienceHost_10.0.19041.5198_neutral_neutral_cw5n1h2txyewy Microsoft.Windows.ContentDeliveryManager_10.0.19041.4239_neutral_neutral_cw5n1h2txyewy Microsoft.Windows.NarratorQuickStart_10.0.19041.4239_neutral_neutral_8wekyb3d8bbwe Microsoft.Windows.OOBENetworkCaptivePortal_10.0.19041.4239_neutral_neutral_cw5n1h2txyewy Microsoft.Windows.OOBENetworkConnectionFlow_10.0.19041.4239_neutral_neutral_cw5n1h2txyewy Microsoft.Windows.ParentalControls_10.0.19041.4239_neutral_neutral_cw5n1h2txyewy Microsoft.Windows.PeopleExperienceHost_10.0.19041.4239_neutral_neutral_cw5n1h2txyewy Microsoft.Windows.PinningConfirmationDialog_10.0.19041.4239_neutral_neutral_cw5n1h2txyewy Microsoft.Windows.Search_10.0.19041.6157_neutral_neutral_cw5n1h2txyewy Microsoft.Windows.SecHealthUI_10.0.19041.4239_neutral__cw5n1h2txyewy Microsoft.Windows.SecureAssessmentBrowser_10.0.19041.4239_neutral_neutral_cw5n1h2txyewy Microsoft.Windows.ShellExperienceHost_10.0.19041.5072_neutral_neutral_cw5n1h2txyewy Microsoft.Windows.StartMenuExperienceHost_10.0.19041.5438_neutral_neutral_cw5n1h2txyewy Microsoft.Windows.XGpuEjectDialog_10.0.19041.4239_neutral_neutral_cw5n1h2txyewy Microsoft.XboxGameCallableUI_10.0.19041.4239_neutral_neutral_cw5n1h2txyewy MicrosoftWindows.Client.CBS_1000.19062.1000.0_neutral_neutral_cw5n1h2txyewy MicrosoftWindows.UndockedDevKit_10.0.19041.4239_neutral_neutral_cw5n1h2txyewy NcsiUwpApp_10.0.19041.4239_neutral_neutral_8wekyb3d8bbwe Windows.CBSPreview_10.0.19041.4239_neutral_neutral_cw5n1h2txyewy windows.immersivecontrolpanel_10.0.2.1000_neutral_neutral_cw5n1h2txyewy Windows.PrintDialog_6.2.1.0_neutral_neutral_cw5n1h2txyewy", "EventData.EndOfLifePackageList": "NULL"}
{"EventID": "819", "Channel": "Microsoft-Windows-AppXDeploymentServer/Operational", "Provider_Name": "Microsoft-Windows-AppXDeployment-Server", "Computer": "DESKTOP-OFJ6N53", "TimeCreated": "2025-08-13 14:43:23.470112+00:00", "RecordID": "115948", "Level": "5", "UserID": "S-1-5-18", "EventData.InstallPackageList": "1527c705-839a-4832-9118-54d4Bd6a0c89_10.0.19041.4239_neutral_neutral_cw5n1h2txyewy c5e2524a-ea46-4f67-841f-6a9465d9d515_10.0.19041.4239_neutral_neutral_cw5n1h2txyewy E2A4F912-2574-4A75-9BB0-0D023378592B_10.0.19041.4239_neutral_neutral_cw5n1h2txyewy F46D4000-FD22-4DB4-AC8E-4E1DDDE828FE_10.0.19041.4239_neutral_neutral_cw5n1h2txyewy Microsoft.AAD.BrokerPlugin_10.0.19041.4239_neutral_neutral_cw5n1h2txyewy Microsoft.AccountsControl_10.0.19041.4239_neutral_neutral_cw5n1h2txyewy Microsoft.AsyncTextService_10.0.19041.4239_neutral_neutral_8wekyb3d8bbwe Microsoft.BioEnrollment_10.0.19041.4239_neutral_neutral_cw5n1h2txyewy Microsoft.CredDialogHost_10.0.19041.4239_neutral_neutral_cw5n1h2txyewy Microsoft.ECApp_10.0.19041.4597_neutral_neutral_8wekyb3d8bbwe Microsoft.LockApp_10.0.19041.4239_neutral_neutral_cw5n1h2txyewy Microsoft.MicrosoftEdgeDevToolsClient_10.0.19041.4239_neutral__8wekyb3d8bbwe Microsoft.Win32WebViewHost_10.0.19041.4239_neutral_neutral_cw5n1h2txyewy Microsoft.Windows.AppRep.ChxApp_10.0.19041.4239_neutral_neutral_cw5n1h2txyewy Microsoft.Windows.AssignedAccessLockApp_10.0.19041.4239_neutral_neutral_cw5n1h2txyewy Microsoft.Windows.CallingShellApp_10.0.19041.4239_neutral_neutral_cw5n1h2txyewy Microsoft.Windows.CapturePicker_10.0.19041.4239_neutral_neutral_cw5n1h2txyewy Microsoft.Windows.CloudExperienceHost_10.0.19041.5198_neutral_neutral_cw5n1h2txyewy Microsoft.Windows.ContentDeliveryManager_10.0.19041.4239_neutral_neutral_cw5n1h2txyewy Microsoft.Windows.NarratorQuickStart_10.0.19041.4239_neutral_neutral_8wekyb3d8bbwe Microsoft.Windows.OOBENetworkCaptivePortal_10.0.19041.4239_neutral_neutral_cw5n1h2txyewy Microsoft.Windows.OOBENetworkConnectionFlow_10.0.19041.4239_neutral_neutral_cw5n1h2txyewy Microsoft.Windows.ParentalControls_10.0.19041.4239_neutral_neutral_cw5n1h2txyewy Microsoft.Windows.PeopleExperienceHost_10.0.19041.4239_neutral_neutral_cw5n1h2txyewy Microsoft.Windows.PinningConfirmationDialog_10.0.19041.4239_neutral_neutral_cw5n1h2txyewy Microsoft.Windows.Search_10.0.19041.6157_neutral_neutral_cw5n1h2txyewy Microsoft.Windows.SecHealthUI_10.0.19041.4239_neutral__cw5n1h2txyewy Microsoft.Windows.SecureAssessmentBrowser_10.0.19041.4239_neutral_neutral_cw5n1h2txyewy Microsoft.Windows.ShellExperienceHost_10.0.19041.5072_neutral_neutral_cw5n1h2txyewy Microsoft.Windows.StartMenuExperienceHost_10.0.19041.5438_neutral_neutral_cw5n1h2txyewy Microsoft.Windows.XGpuEjectDialog_10.0.19041.4239_neutral_neutral_cw5n1h2txyewy Microsoft.XboxGameCallableUI_10.0.19041.4239_neutral_neutral_cw5n1h2txyewy MicrosoftWindows.Client.CBS_1000.19062.1000.0_neutral_neutral_cw5n1h2txyewy MicrosoftWindows.UndockedDevKit_10.0.19041.4239_neutral_neutral_cw5n1h2txyewy NcsiUwpApp_10.0.19041.4239_neutral_neutral_8wekyb3d8bbwe Windows.CBSPreview_10.0.19041.4239_neutral_neutral_cw5n1h2txyewy windows.immersivecontrolpanel_10.0.2.1000_neutral_neutral_cw5n1h2txyewy Windows.PrintDialog_6.2.1.0_neutral_neutral_cw5n1h2txyewy", "EventData.EndOfLifePackageList": "NULL"}
{"EventID": "10002", "Channel": "Microsoft-Windows-AppXDeploymentServer/Operational", "Provider_Name": "Microsoft-Windows-AppXDeployment-Server", "Computer": "DESKTOP-OFJ6N53", "TimeCreated": "2025-08-13 14:43:23.504477+00:00", "RecordID": "115949", "Level": "5", "UserID": "S-1-5-18", "EventData.DeploymentOperation": "6", "EventData.MainPackageMoniker": "Microsoft.Windows.Search_1.14.18.19041_neutral_neutral_cw5n1h2txyewy", "EventData.ResiliencyFilePath": "C:\\ProgramData\\Microsoft\\Windows\\AppRepository\\061fde5c-e89c-4431-8961-017cabb7394b_S-1-5-21-963789628-1060504924-4285088085-1001_2.rslc"}
{"EventID": "607", "Channel": "Microsoft-Windows-AppXDeploymentServer/Operational", "Provider_Name": "Microsoft-Windows-AppXDeployment-Server", "Computer": "DESKTOP-OFJ6N53", "TimeCreated": "2025-08-13 14:43:23.505075+00:00", "RecordID": "115950", "Level": "4", "UserID": "S-1-5-21-963789628-1060504924-4285088085-1001", "EventData.DeploymentOperation": "6", "EventData.PackageFullName": "Microsoft.Windows.Search_1.14.18.19041_neutral_neutral_cw5n1h2txyewy", "EventData.UserSid": "S-1-5-21-963789628-1060504924-4285088085-1001", "EventData.CallingProcess": "svchost.exe,AppReadiness"}
{"EventID": "854", "Channel": "Microsoft-Windows-AppXDeploymentServer/Operational", "Provider_Name": "Microsoft-Windows-AppXDeployment-Server", "Computer": "DESKTOP-OFJ6N53", "TimeCreated": "2025-08-13 14:43:23.506216+00:00", "RecordID": "115951", "Level": "4", "UserID": "S-1-5-21-963789628-1060504924-4285088085-1001", "EventData.Path": "C:\\Windows\\SystemApps\\Microsoft.Windows.Search_cw5n1h2txyewy\\AppxManifest.xml"}
{"EventID": "400", "Channel": "Microsoft-Windows-AppXDeploymentServer/Operational", "Provider_Name": "Microsoft-Windows-AppXDeployment-Server", "Computer": "DESKTOP-OFJ6N53", "TimeCreated": "2025-08-13 14:43:23.998024+00:00", "RecordID": "115952", "Level": "4", "UserID": "S-1-5-21-963789628-1060504924-4285088085-1001", "EventData.DeploymentOperation": "6", "EventData.PackageFullName": "Microsoft.Windows.Search_1.14.18.19041_neutral_neutral_cw5n1h2txyewy", "EventData.Path": "(AppxManifest.xml)", "EventData.MountPoint": "C:", "EventData.TargetPlatform": "0x00000000", "EventData.SystemVolume": "True", "EventData.StorageId": "\\\\?\\Volume{c33a8663-71a2-4031-8cec-c21914fe12ad}", "EventData.IsCentennial": "False", "EventData.PackageType": "0x00000000", "EventData.IsPackageEncrypted": "False", "EventData.DeploymentOptions": "0x0004000092040240", "EventData.IsStreamingPackage": "False", "EventData.IsInRelatedSet": "False", "EventData.IsPackageUsingBDC": "False", "EventData.MainPackageFamilyName": "NULL", "EventData.CallingProcess": "svchost.exe,AppReadiness", "EventData.IsOptional": "False", "EventData.PackageFlags": "0x00000000", "EventData.PackageFlags2": "0x00000000", "EventData.HasWin32alacarte": "False", "EventData.HasFullTrust": "False", "EventData.ExternalLocation": null, "EventData.PackageSourceUri": null}
{"EventID": "649", "Channel": "Microsoft-Windows-AppXDeploymentServer/Operational", "Provider_Name": "Microsoft-Windows-AppXDeployment-Server", "Computer": "DESKTOP-OFJ6N53", "TimeCreated": "2025-08-13 14:43:24.005453+00:00", "RecordID": "115953", "Level": "4", "UserID": "S-1-5-21-963789628-1060504924-4285088085-1001", "EventData.DeploymentOperation": "6", "EventData.PackageFullName": "Microsoft.Windows.Search_1.14.18.19041_neutral_neutral_cw5n1h2txyewy", "EventData.Summary": "PostDeploymentOperationCheck cost: 0 ms"}
{"EventID": "613", "Channel": "Microsoft-Windows-AppXDeploymentServer/Operational", "Provider_Name": "Microsoft-Windows-AppXDeployment-Server", "Computer": "DESKTOP-OFJ6N53", "TimeCreated": "2025-08-13 14:43:24.006802+00:00", "RecordID": "115954", "Level": "4", "UserID": "S-1-5-21-963789628-1060504924-4285088085-1001", "EventData.DeploymentOperation": "6", "EventData.PackageFullName": "Microsoft.Windows.Search_1.14.18.19041_neutral_neutral_cw5n1h2txyewy", "EventData.Summary": "Overall time: 1015 ms\nGap: 437 ms\nEnqueue cost: 78 ms\nDequeue delay: 0 ms\nBundle processing cost: 0 ms\nIndexing cost: 31 ms\nResolve dependency cost: 16 ms\nCheck approval cost: 0 ms\nEvaluation cost: 0 ms\nHardlinking evaluation cost: 0 ms\nStage required cost: 0 ms\nFlushing and closing files cost: 0 ms\nMachine register cost: 0 ms\nStage user data cost: 0 ms\nRegistration cost: 0 ms\nRepository commit transaction cost: 453 ms\nData flush cost: 0 ms\nPost DeStage repository commit transaction cost: 0 ms\nRemaining cost: 0 ms"}
{"EventID": "10002", "Channel": "Microsoft-Windows-AppXDeploymentServer/Operational", "Provider_Name": "Microsoft-Windows-AppXDeployment-Server", "Computer": "DESKTOP-OFJ6N53", "TimeCreated": "2025-08-13 14:43:24.010010+00:00", "RecordID": "115955", "Level": "5", "UserID": "S-1-5-18", "EventData.DeploymentOperation": "6", "EventData.MainPackageMoniker": "MicrosoftWindows.Client.CBS_1000.19062.1000.0_x64__cw5n1h2txyewy", "EventData.ResiliencyFilePath": "C:\\ProgramData\\Microsoft\\Windows\\AppRepository\\061fde5c-e89c-4431-8961-017cabb7394b_S-1-5-21-963789628-1060504924-4285088085-1001_3.rslc"}
{"EventID": "607", "Channel": "Microsoft-Windows-AppXDeploymentServer/Operational", "Provider_Name": "Microsoft-Windows-AppXDeployment-Server", "Computer": "DESKTOP-OFJ6N53", "TimeCreated": "2025-08-13 14:43:24.010681+00:00", "RecordID": "115956", "Level": "4", "UserID": "S-1-5-21-963789628-1060504924-4285088085-1001", "EventData.DeploymentOperation": "6", "EventData.PackageFullName": "MicrosoftWindows.Client.CBS_1000.19062.1000.0_x64__cw5n1h2txyewy", "EventData.UserSid": "S-1-5-21-963789628-1060504924-4285088085-1001", "EventData.CallingProcess": "svchost.exe,AppReadiness"}
{"EventID": "854", "Channel": "Microsoft-Windows-AppXDeploymentServer/Operational", "Provider_Name": "Microsoft-Windows-AppXDeployment-Server", "Computer": "DESKTOP-OFJ6N53", "TimeCreated": "2025-08-13 14:43:24.011829+00:00", "RecordID": "115957", "Level": "4", "UserID": "S-1-5-21-963789628-1060504924-4285088085-1001", "EventData.Path": "C:\\Windows\\SystemApps\\MicrosoftWindows.Client.CBS_cw5n1h2txyewy\\AppxManifest.xml"}
{"EventID": "821", "Channel": "Microsoft-Windows-AppXDeploymentServer/Operational", "Provider_Name": "Microsoft-Windows-AppXDeployment-Server", "Computer": "DESKTOP-OFJ6N53", "TimeCreated": "2025-08-13 14:43:24.044687+00:00", "RecordID": "115958", "Level": "5", "UserID": "S-1-5-18", "EventData.UserSid": "S-1-5-21-963789628-1060504924-4285088085-1001", "EventData.MainPackageFullName": "Microsoft.Windows.Search_10.0.19041.6157_neutral_neutral_cw5n1h2txyewy", "EventData.ErrorCode": "0x00000000"}
{"EventID": "822", "Channel": "Microsoft-Windows-AppXDeploymentServer/Operational", "Provider_Name": "Microsoft-Windows-AppXDeployment-Server", "Computer": "DESKTOP-OFJ6N53", "TimeCreated": "2025-08-13 14:43:24.045944+00:00", "RecordID": "115959", "Level": "5", "UserID": "S-1-5-18", "EventData.Error": "0x00000000", "EventData.PackageMoniker": "Microsoft.Windows.Search_10.0.19041.6157_neutral_neutral_cw5n1h2txyewy"}
{"EventID": "400", "Channel": "Microsoft-Windows-AppXDeploymentServer/Operational", "Provider_Name": "Microsoft-Windows-AppXDeployment-Server", "Computer": "DESKTOP-OFJ6N53", "TimeCreated": "2025-08-13 14:43:24.846291+00:00", "RecordID": "115960", "Level": "4", "UserID": "S-1-5-21-963789628-1060504924-4285088085-1001", "EventData.DeploymentOperation": "6", "EventData.PackageFullName": "MicrosoftWindows.Client.CBS_1000.19062.1000.0_x64__cw5n1h2txyewy", "EventData.Path": "(AppxManifest.xml)", "EventData.MountPoint": "C:", "EventData.TargetPlatform": "0x00000003", "EventData.SystemVolume": "True", "EventData.StorageId": "\\\\?\\Volume{c33a8663-71a2-4031-8cec-c21914fe12ad}", "EventData.IsCentennial": "False", "EventData.PackageType": "0x00000000", "EventData.IsPackageEncrypted": "False", "EventData.DeploymentOptions": "0x0004000092040240", "EventData.IsStreamingPackage": "False", "EventData.IsInRelatedSet": "False", "EventData.IsPackageUsingBDC": "False", "EventData.MainPackageFamilyName": "NULL", "EventData.CallingProcess": "svchost.exe,AppReadiness", "EventData.IsOptional": "False", "EventData.PackageFlags": "0x00000000", "EventData.PackageFlags2": "0x00000000", "EventData.HasWin32alacarte": "False", "EventData.HasFullTrust": "False", "EventData.ExternalLocation": null, "EventData.PackageSourceUri": null}
{"EventID": "649", "Channel": "Microsoft-Windows-AppXDeploymentServer/Operational", "Provider_Name": "Microsoft-Windows-AppXDeployment-Server", "Computer": "DESKTOP-OFJ6N53", "TimeCreated": "2025-08-13 14:43:24.854681+00:00", "RecordID": "115961", "Level": "4", "UserID": "S-1-5-21-963789628-1060504924-4285088085-1001", "EventData.DeploymentOperation": "6", "EventData.PackageFullName": "MicrosoftWindows.Client.CBS_1000.19062.1000.0_x64__cw5n1h2txyewy", "EventData.Summary": "PostDeploymentOperationCheck cost: 0 ms"}
{"EventID": "613", "Channel": "Microsoft-Windows-AppXDeploymentServer/Operational", "Provider_Name": "Microsoft-Windows-AppXDeployment-Server", "Computer": "DESKTOP-OFJ6N53", "TimeCreated": "2025-08-13 14:43:24.855898+00:00", "RecordID": "115962", "Level": "4", "UserID": "S-1-5-21-963789628-1060504924-4285088085-1001", "EventData.DeploymentOperation": "6", "EventData.PackageFullName": "MicrosoftWindows.Client.CBS_1000.19062.1000.0_x64__cw5n1h2txyewy", "EventData.Summary": "Overall time: 1891 ms\nGap: 484 ms\nEnqueue cost: 469 ms\nDequeue delay: 94 ms\nBundle processing cost: 0 ms\nIndexing cost: 0 ms\nResolve dependency cost: 15 ms\nCheck approval cost: 0 ms\nEvaluation cost: 0 ms\nHardlinking evaluation cost: 0 ms\nStage required cost: 0 ms\nFlushing and closing files cost: 0 ms\nMachine register cost: 0 ms\nStage user data cost: 0 ms\nRegistration cost: 0 ms\nRepository commit transaction cost: 813 ms\nData flush cost: 16 ms\nPost DeStage repository commit transaction cost: 0 ms\nRemaining cost: 0 ms"}
{"EventID": "821", "Channel": "Microsoft-Windows-AppXDeploymentServer/Operational", "Provider_Name": "Microsoft-Windows-AppXDeployment-Server", "Computer": "DESKTOP-OFJ6N53", "TimeCreated": "2025-08-13 14:43:24.865095+00:00", "RecordID": "115963", "Level": "5", "UserID": "S-1-5-18", "EventData.UserSid": "S-1-5-21-963789628-1060504924-4285088085-1001", "EventData.MainPackageFullName": "MicrosoftWindows.Client.CBS_1000.19062.1000.0_neutral_neutral_cw5n1h2txyewy", "EventData.ErrorCode": "0x00000000"}
{"EventID": "822", "Channel": "Microsoft-Windows-AppXDeploymentServer/Operational", "Provider_Name": "Microsoft-Windows-AppXDeployment-Server", "Computer": "DESKTOP-OFJ6N53", "TimeCreated": "2025-08-13 14:43:24.866064+00:00", "RecordID": "115964", "Level": "5", "UserID": "S-1-5-18", "EventData.Error": "0x00000000", "EventData.PackageMoniker": "MicrosoftWindows.Client.CBS_1000.19062.1000.0_neutral_neutral_cw5n1h2txyewy"}
{"EventID": "603", "Channel": "Microsoft-Windows-AppXDeploymentServer/Operational", "Provider_Name": "Microsoft-Windows-AppXDeployment-Server", "Computer": "DESKTOP-OFJ6N53", "TimeCreated": "2025-08-14 09:23:57.209139+00:00", "RecordID": "115965", "Level": "4", "UserID": "S-1-5-18", "EventData.DeploymentOperation": "5", "EventData.Path": "Microsoft.ZuneMusic_11.2505.2.0_neutral_~_8wekyb3d8bbwe", "EventData.Flags": "0", "EventData.FlagsHigh": "0", "EventData.CallingProcess": "svchost.exe,wuauserv", "EventData.ExternalLocation": null}
{"EventID": "10002", "Channel": "Microsoft-Windows-AppXDeploymentServer/Operational", "Provider_Name": "Microsoft-Windows-AppXDeployment-Server", "Computer": "DESKTOP-OFJ6N53", "TimeCreated": "2025-08-14 09:23:57.447826+00:00", "RecordID": "115966", "Level": "5", "UserID": "S-1-5-18", "EventData.DeploymentOperation": "2", "EventData.MainPackageMoniker": "Microsoft.ZuneMusic_11.2505.2.0_neutral_~_8wekyb3d8bbwe", "EventData.ResiliencyFilePath": "C:\\ProgramData\\Microsoft\\Windows\\AppRepository\\820ff4c2-b7db-4b06-9751-84ab724e346f_S-1-5-18_1.rslc"}
{"EventID": "607", "Channel": "Microsoft-Windows-AppXDeploymentServer/Operational", "Provider_Name": "Microsoft-Windows-AppXDeployment-Server", "Computer": "DESKTOP-OFJ6N53", "TimeCreated": "2025-08-14 09:23:57.450987+00:00", "RecordID": "115967", "Level": "4", "UserID": "S-1-5-18", "EventData.DeploymentOperation": "2", "EventData.PackageFullName": "Microsoft.ZuneMusic_11.2505.2.0_neutral_~_8wekyb3d8bbwe", "EventData.UserSid": "S-1-5-18", "EventData.CallingProcess": "svchost.exe,wuauserv"}
{"EventID": "627", "Channel": "Microsoft-Windows-AppXDeploymentServer/Operational", "Provider_Name": "Microsoft-Windows-AppXDeployment-Server", "Computer": "DESKTOP-OFJ6N53", "TimeCreated": "2025-08-14 09:23:57.460066+00:00", "RecordID": "115968", "Level": "5", "UserID": "S-1-5-18", "EventData.PackageMoniker": "Microsoft.ZuneMusic_11.2505.2.0_neutral_~_8wekyb3d8bbwe"}
{"EventID": "400", "Channel": "Microsoft-Windows-AppXDeploymentServer/Operational", "Provider_Name": "Microsoft-Windows-AppXDeployment-Server", "Computer": "DESKTOP-OFJ6N53", "TimeCreated": "2025-08-14 09:23:58.106457+00:00", "RecordID": "115969", "Level": "4", "UserID": "S-1-5-18", "EventData.DeploymentOperation": "5", "EventData.PackageFullName": "Microsoft.ZuneMusic_11.2505.2.0_neutral_~_8wekyb3d8bbwe", "EventData.Path": null, "EventData.MountPoint": "C:", "EventData.TargetPlatform": "0x00000001", "EventData.SystemVolume": "True", "EventData.StorageId": "\\\\?\\Volume{c33a8663-71a2-4031-8cec-c21914fe12ad}", "EventData.IsCentennial": "False", "EventData.PackageType": "0x00000000", "EventData.IsPackageEncrypted": "False", "EventData.DeploymentOptions": "0x0000000000000000", "EventData.IsStreamingPackage": "False", "EventData.IsInRelatedSet": "False", "EventData.IsPackageUsingBDC": "False", "EventData.MainPackageFamilyName": "NULL", "EventData.CallingProcess": "svchost.exe,wuauserv", "EventData.IsOptional": "False", "EventData.PackageFlags": "0x00000000", "EventData.PackageFlags2": "0x00000000", "EventData.HasWin32alacarte": "False", "EventData.HasFullTrust": "False", "EventData.ExternalLocation": null, "EventData.PackageSourceUri": null}
{"EventID": "649", "Channel": "Microsoft-Windows-AppXDeploymentServer/Operational", "Provider_Name": "Microsoft-Windows-AppXDeployment-Server", "Computer": "DESKTOP-OFJ6N53", "TimeCreated": "2025-08-14 09:23:58.107569+00:00", "RecordID": "115970", "Level": "4", "UserID": "S-1-5-18", "EventData.DeploymentOperation": "2", "EventData.PackageFullName": "Microsoft.ZuneMusic_11.2505.2.0_neutral_~_8wekyb3d8bbwe", "EventData.Summary": "PostDeploymentOperationCheck cost: 0 ms"}
{"EventID": "603", "Channel": "Microsoft-Windows-AppXDeploymentServer/Operational", "Provider_Name": "Microsoft-Windows-AppXDeployment-Server", "Computer": "DESKTOP-OFJ6N53", "TimeCreated": "2025-08-14 09:24:26.037544+00:00", "RecordID": "115971", "Level": "4", "UserID": "S-1-5-18", "EventData.DeploymentOperation": "4", "EventData.Path": "6f70126255a84bdbd52a8b2a8c5ff212250ff4d7", "EventData.Flags": "67108880", "EventData.FlagsHigh": "128", "EventData.CallingProcess": "svchost.exe,wuauserv", "EventData.ExternalLocation": null}
{"EventID": "10002", "Channel": "Microsoft-Windows-AppXDeploymentServer/Operational", "Provider_Name": "Microsoft-Windows-AppXDeployment-Server", "Computer": "DESKTOP-OFJ6N53", "TimeCreated": "2025-08-14 09:24:29.797541+00:00", "RecordID": "115972", "Level": "5", "UserID": "S-1-5-18", "EventData.DeploymentOperation": "4", "EventData.MainPackageMoniker": "Microsoft.WindowsStore_22506.1401.10.0_neutral_~_8wekyb3d8bbwe", "EventData.ResiliencyFilePath": "C:\\ProgramData\\Microsoft\\Windows\\AppRepository\\820ff4c2-b7db-4b06-9751-84ab724e346f_S-1-5-18_2.rslc"}
{"EventID": "607", "Channel": "Microsoft-Windows-AppXDeploymentServer/Operational", "Provider_Name": "Microsoft-Windows-AppXDeployment-Server", "Computer": "DESKTOP-OFJ6N53", "TimeCreated": "2025-08-14 09:24:29.798729+00:00", "RecordID": "115973", "Level": "4", "UserID": "S-1-5-18", "EventData.DeploymentOperation": "4", "EventData.PackageFullName": "Microsoft.WindowsStore_22506.1401.10.0_neutral_~_8wekyb3d8bbwe", "EventData.UserSid": "S-1-5-18", "EventData.CallingProcess": "svchost.exe,wuauserv"}
{"EventID": "614", "Channel": "Microsoft-Windows-AppXDeploymentServer/Operational", "Provider_Name": "Microsoft-Windows-AppXDeployment-Server", "Computer": "DESKTOP-OFJ6N53", "TimeCreated": "2025-08-14 09:24:29.981848+00:00", "RecordID": "115974", "Level": "5", "UserID": "S-1-5-18", "EventData.PathOne": "x-windowsupdate://363EA134-C66D-4AFA-980B-47ACD141ED82/64293252-5926-453C-9494-2D4021F1C78D/6f70126255a84bdbd52a8b2a8c5ff212250ff4d7", "EventData.PathTwo": "\"StorePackage_22506.1401.10.0_x64.msix\": Microsoft.WindowsStore_22506.1401.10.0_x64__8wekyb3d8bbwe \"StorePackage_22506.1401.10.0_x86.msix\": Microsoft.WindowsStore_22506.1401.10.0_x86__8wekyb3d8bbwe \"StorePackage_22506.1401.10.0_ARM64.msix\": Microsoft.WindowsStore_22506.1401.10.0_arm64__8wekyb3d8bbwe"}
{"EventID": "854", "Channel": "Microsoft-Windows-AppXDeploymentServer/Operational", "Provider_Name": "Microsoft-Windows-AppXDeployment-Server", "Computer": "DESKTOP-OFJ6N53", "TimeCreated": "2025-08-14 09:24:34.444069+00:00", "RecordID": "115975", "Level": "4", "UserID": "S-1-5-18", "EventData.Path": "x-windowsupdate://363EA134-C66D-4AFA-980B-47ACD141ED82/64293252-5926-453C-9494-2D4021F1C78D/6f70126255a84bdbd52a8b2a8c5ff212250ff4d7 x-windowsupdate://363EA134-C66D-4AFA-980B-47ACD141ED82/64293252-5926-453C-9494-2D4021F1C78D/6f70126255a84bdbd52a8b2a8c5ff212250ff4d7\\StorePackage_22506.1401.10.0_x64.msix"}
{"EventID": "400", "Channel": "Microsoft-Windows-AppXDeploymentServer/Operational", "Provider_Name": "Microsoft-Windows-AppXDeployment-Server", "Computer": "DESKTOP-OFJ6N53", "TimeCreated": "2025-08-14 09:25:16.872278+00:00", "RecordID": "115976", "Level": "4", "UserID": "S-1-5-18", "EventData.DeploymentOperation": "4", "EventData.PackageFullName": "Microsoft.WindowsStore_22506.1401.10.0_neutral_~_8wekyb3d8bbwe", "EventData.Path": "(6f70126255a84bdbd52a8b2a8c5ff212250ff4d7)", "EventData.MountPoint": "C:", "EventData.TargetPlatform": "0x00000003", "EventData.SystemVolume": "True", "EventData.StorageId": "\\\\?\\Volume{c33a8663-71a2-4031-8cec-c21914fe12ad}", "EventData.IsCentennial": "False", "EventData.PackageType": "0x00000008", "EventData.IsPackageEncrypted": "False", "EventData.DeploymentOptions": "0x0040008004000010", "EventData.IsStreamingPackage": "False", "EventData.IsInRelatedSet": "False", "EventData.IsPackageUsingBDC": "False", "EventData.MainPackageFamilyName": "NULL", "EventData.CallingProcess": "svchost.exe,wuauserv", "EventData.IsOptional": "False", "EventData.PackageFlags": "0x00000000", "EventData.PackageFlags2": "0x00000800", "EventData.HasWin32alacarte": "False", "EventData.HasFullTrust": "False", "EventData.ExternalLocation": null, "EventData.PackageSourceUri": "x-windowsupdate://363EA134-C66D-4AFA-980B-47ACD141ED82/64293252-5926-453C-9494-2D4021F1C78D/6f70126255a84bdbd52a8b2a8c5ff212250ff4d7"}
{"EventID": "478", "Channel": "Microsoft-Windows-AppXDeploymentServer/Operational", "Provider_Name": "Microsoft-Windows-AppXDeployment-Server", "Computer": "DESKTOP-OFJ6N53", "TimeCreated": "2025-08-14 09:25:16.872419+00:00", "RecordID": "115977", "Level": "5", "UserID": "S-1-5-18", "EventData.DeploymentOperation": "4", "EventData.PackageFullName": "Microsoft.WindowsStore_22506.1401.10.0_x64__8wekyb3d8bbwe", "EventData.Path": "(6f70126255a84bdbd52a8b2a8c5ff212250ff4d7)", "EventData.MountPoint": "C:", "EventData.TargetPlatform": "0x00000003", "EventData.SystemVolume": "True", "EventData.StorageId": "\\\\?\\Volume{c33a8663-71a2-4031-8cec-c21914fe12ad}", "EventData.IsCentennial": "True", "EventData.PackageType": "0x00000001", "EventData.IsPackageEncrypted": "False", "EventData.DeploymentOptions": "0x0040008004000010", "EventData.IsStreamingPackage": "False", "EventData.IsInRelatedSet": "False", "EventData.IsPackageUsingBDC": "False", "EventData.MainPackageFamilyName": "NULL", "EventData.CallingProcess": "svchost.exe,wuauserv", "EventData.IsOptional": "False", "EventData.PackageFlags": "0x0080804c", "EventData.PackageFlags2": "0x00000800", "EventData.HasWin32alacarte": "False", "EventData.HasFullTrust": "True", "EventData.ExternalLocation": null, "EventData.PackageSourceUri": "x-windowsupdate://363EA134-C66D-4AFA-980B-47ACD141ED82/64293252-5926-453C-9494-2D4021F1C78D/6f70126255a84bdbd52a8b2a8c5ff212250ff4d7"}
{"EventID": "649", "Channel": "Microsoft-Windows-AppXDeploymentServer/Operational", "Provider_Name": "Microsoft-Windows-AppXDeployment-Server", "Computer": "DESKTOP-OFJ6N53", "TimeCreated": "2025-08-14 09:25:17.017342+00:00", "RecordID": "115978", "Level": "4", "UserID": "S-1-5-18", "EventData.DeploymentOperation": "4", "EventData.PackageFullName": "Microsoft.WindowsStore_22506.1401.10.0_neutral_~_8wekyb3d8bbwe", "EventData.Summary": "PostDeploymentOperationCheck cost: 0 ms"}
{"EventID": "613", "Channel": "Microsoft-Windows-AppXDeploymentServer/Operational", "Provider_Name": "Microsoft-Windows-AppXDeployment-Server", "Computer": "DESKTOP-OFJ6N53", "TimeCreated": "2025-08-14 09:25:17.046843+00:00", "RecordID": "115979", "Level": "4", "UserID": "S-1-5-18", "EventData.DeploymentOperation": "4", "EventData.PackageFullName": "Microsoft.WindowsStore_22506.1401.10.0_neutral_~_8wekyb3d8bbwe", "EventData.Summary": "Overall time: 51015 ms\nEnqueue cost: 3750 ms\nDequeue delay: 15 ms\nBundle processing cost: 4641 ms\nIndexing cost: 2047 ms\nResolve dependency cost: 0 ms\nCheck approval cost: 203 ms\nEvaluation cost: 23266 ms\nHardlinking evaluation cost: 859 ms\nStage required cost: 10281 ms\nFlushing and closing files cost: 47 ms\nGap: 234 ms\nMachine register cost: 3797 ms\nStage user data cost: 0 ms\nRegistration cost: 0 ms\nGap: 16 ms\nRepository commit transaction cost: 2578 ms\nGap: 156 ms\nData flush cost: 0 ms\nPost DeStage repository commit transaction cost: 0 ms\nRemaining cost: 31 ms"}
{"EventID": "603", "Channel": "Microsoft-Windows-AppXDeploymentServer/Operational", "Provider_Name": "Microsoft-Windows-AppXDeployment-Server", "Computer": "DESKTOP-OFJ6N53", "TimeCreated": "2025-08-14 09:25:23.415607+00:00", "RecordID": "115980", "Level": "4", "UserID": "S-1-5-21-963789628-1060504924-4285088085-1001", "EventData.DeploymentOperation": "20", "EventData.Path": "Microsoft.WindowsStore_8wekyb3d8bbwe", "EventData.Flags": "67127296", "EventData.FlagsHigh": "262144", "EventData.CallingProcess": "svchost.exe,wuauserv", "EventData.ExternalLocation": null}
{"EventID": "10002", "Channel": "Microsoft-Windows-AppXDeploymentServer/Operational", "Provider_Name": "Microsoft-Windows-AppXDeployment-Server", "Computer": "DESKTOP-OFJ6N53", "TimeCreated": "2025-08-14 09:25:23.442791+00:00", "RecordID": "115981", "Level": "5", "UserID": "S-1-5-18", "EventData.DeploymentOperation": "6", "EventData.MainPackageMoniker": "Microsoft.WindowsStore_22506.1401.10.0_neutral_~_8wekyb3d8bbwe", "EventData.ResiliencyFilePath": "C:\\ProgramData\\Microsoft\\Windows\\AppRepository\\820ff4c2-b7db-4b06-9751-84ab724e346f_S-1-5-21-963789628-1060504924-4285088085-1001_3.rslc"}
{"EventID": "607", "Channel": "Microsoft-Windows-AppXDeploymentServer/Operational", "Provider_Name": "Microsoft-Windows-AppXDeployment-Server", "Computer": "DESKTOP-OFJ6N53", "TimeCreated": "2025-08-14 09:25:23.444107+00:00", "RecordID": "115982", "Level": "4", "UserID": "S-1-5-21-963789628-1060504924-4285088085-1001", "EventData.DeploymentOperation": "6", "EventData.PackageFullName": "Microsoft.WindowsStore_22506.1401.10.0_neutral_~_8wekyb3d8bbwe", "EventData.UserSid": "S-1-5-21-963789628-1060504924-4285088085-1001", "EventData.CallingProcess": "svchost.exe,wuauserv"}
{"EventID": "614", "Channel": "Microsoft-Windows-AppXDeploymentServer/Operational", "Provider_Name": "Microsoft-Windows-AppXDeployment-Server", "Computer": "DESKTOP-OFJ6N53", "TimeCreated": "2025-08-14 09:25:23.449636+00:00", "RecordID": "115983", "Level": "5", "UserID": "S-1-5-21-963789628-1060504924-4285088085-1001", "EventData.PathOne": "C:\\Program Files\\WindowsApps\\Microsoft.WindowsStore_22506.1401.10.0_neutral_~_8wekyb3d8bbwe\\AppxMetadata\\AppxBundleManifest.xml", "EventData.PathTwo": "\"StorePackage_22506.1401.10.0_x64.msix\": Microsoft.WindowsStore_22506.1401.10.0_x64__8wekyb3d8bbwe \"StorePackage_22506.1401.10.0_x86.msix\": Microsoft.WindowsStore_22506.1401.10.0_x86__8wekyb3d8bbwe \"StorePackage_22506.1401.10.0_ARM64.msix\": Microsoft.WindowsStore_22506.1401.10.0_arm64__8wekyb3d8bbwe"}
{"EventID": "854", "Channel": "Microsoft-Windows-AppXDeploymentServer/Operational", "Provider_Name": "Microsoft-Windows-AppXDeployment-Server", "Computer": "DESKTOP-OFJ6N53", "TimeCreated": "2025-08-14 09:25:23.454058+00:00", "RecordID": "115984", "Level": "4", "UserID": "S-1-5-21-963789628-1060504924-4285088085-1001", "EventData.Path": "C:\\Program Files\\WindowsApps\\Microsoft.WindowsStore_22506.1401.10.0_neutral_~_8wekyb3d8bbwe\\AppxMetadata\\AppxBundleManifest.xml C:\\Program Files\\WindowsApps\\Microsoft.WindowsStore_22506.1401.10.0_x64__8wekyb3d8bbwe\\AppxManifest.xml"}
{"EventID": "855", "Channel": "Microsoft-Windows-AppXDeploymentServer/Operational", "Provider_Name": "Microsoft-Windows-AppXDeployment-Server", "Computer": "DESKTOP-OFJ6N53", "TimeCreated": "2025-08-14 09:25:23.823885+00:00", "RecordID": "115985", "Level": "4", "UserID": "S-1-5-21-963789628-1060504924-4285088085-1001", "EventData.PackageMoniker": "updateList: Microsoft.WindowsStore_22506.1401.9.0_neutral_~_8wekyb3d8bbwe is updating to Microsoft.WindowsStore_22506.1401.10.0_neutral_~_8wekyb3d8bbwe Microsoft.WindowsStore_22506.1401.9.0_x64__8wekyb3d8bbwe is updating to Microsoft.WindowsStore_22506.1401.10.0_x64__8wekyb3d8bbwe"}
{"EventID": "9645", "Channel": "Microsoft-Windows-AppXDeploymentServer/Operational", "Provider_Name": "Microsoft-Windows-AppXDeployment-Server", "Computer": "DESKTOP-OFJ6N53", "TimeCreated": "2025-08-14 09:25:24.055862+00:00", "RecordID": "115986", "Level": "5", "UserID": "S-1-5-21-963789628-1060504924-4285088085-1001", "EventData.ErrorCode": "0x00000000", "EventData.String": "Microsoft.WindowsStore_22506.1401.9.0_x64__8wekyb3d8bbwe"}
{"EventID": "10000", "Channel": "Microsoft-Windows-AppXDeploymentServer/Operational", "Provider_Name": "Microsoft-Windows-AppXDeployment-Server", "Computer": "DESKTOP-OFJ6N53", "TimeCreated": "2025-08-14 09:25:24.058260+00:00", "RecordID": "115987", "Level": "5", "UserID": "S-1-5-18", "EventData.PackageFullName": "Microsoft.WindowsStore_22506.1401.9.0_x64__8wekyb3d8bbwe", "EventData.ErrorCode": "0x00000000"}
{"EventID": "10000", "Channel": "Microsoft-Windows-AppXDeploymentServer/Operational", "Provider_Name": "Microsoft-Windows-AppXDeployment-Server", "Computer": "DESKTOP-OFJ6N53", "TimeCreated": "2025-08-14 09:25:24.058565+00:00", "RecordID": "115988", "Level": "5", "UserID": "S-1-5-18", "EventData.PackageFullName": "Microsoft.WindowsStore_22506.1401.10.0_x64__8wekyb3d8bbwe", "EventData.ErrorCode": "0x00000000"}
{"EventID": "9645", "Channel": "Microsoft-Windows-AppXDeploymentServer/Operational", "Provider_Name": "Microsoft-Windows-AppXDeployment-Server", "Computer": "DESKTOP-OFJ6N53", "TimeCreated": "2025-08-14 09:25:24.290171+00:00", "RecordID": "115989", "Level": "5", "UserID": "S-1-5-21-963789628-1060504924-4285088085-1001", "EventData.ErrorCode": "0x00000000", "EventData.String": "Microsoft.WindowsStore_22506.1401.9.0_x64__8wekyb3d8bbwe"}
{"EventID": "8100", "Channel": "Microsoft-Windows-AppXDeploymentServer/Operational", "Provider_Name": "Microsoft-Windows-AppXDeployment-Server", "Computer": "DESKTOP-OFJ6N53", "TimeCreated": "2025-08-14 09:25:25.982599+00:00", "RecordID": "115990", "Level": "5", "UserID": "S-1-5-18", "EventData.PackageFullName": "Microsoft.WindowsStore_22506.1401.10.0_x64__8wekyb3d8bbwe", "EventData.Flags": "0x00000009"}
{"EventID": "8106", "Channel": "Microsoft-Windows-AppXDeploymentServer/Operational", "Provider_Name": "Microsoft-Windows-AppXDeployment-Server", "Computer": "DESKTOP-OFJ6N53", "TimeCreated": "2025-08-14 09:25:25.985270+00:00", "RecordID": "115991", "Level": "5", "UserID": "S-1-5-18", "EventData.PackageFullName": "Microsoft.WindowsStore_22506.1401.10.0_x64__8wekyb3d8bbwe", "EventData.Flags": "0x00000009"}
{"EventID": "8101", "Channel": "Microsoft-Windows-AppXDeploymentServer/Operational", "Provider_Name": "Microsoft-Windows-AppXDeployment-Server", "Computer": "DESKTOP-OFJ6N53", "TimeCreated": "2025-08-14 09:25:25.985285+00:00", "RecordID": "115992", "Level": "5", "UserID": "S-1-5-18", "EventData.PackageFullName": "Microsoft.WindowsStore_22506.1401.10.0_x64__8wekyb3d8bbwe", "EventData.Flags": "0x00000009"}
{"EventID": "5507", "Channel": "Microsoft-Windows-AppXDeploymentServer/Operational", "Provider_Name": "Microsoft-Windows-AppXDeployment-Server", "Computer": "DESKTOP-OFJ6N53", "TimeCreated": "2025-08-14 09:25:27.216967+00:00", "RecordID": "115993", "Level": "5", "UserID": "S-1-5-21-963789628-1060504924-4285088085-1001", "EventData.PackageName": "Microsoft.WindowsStore_22506.1401.10.0_x64__8wekyb3d8bbwe", "EventData.FilePath": "C:\\Program Files\\WindowsApps\\Microsoft.WindowsStore_22506.1401.10.0_x64__8wekyb3d8bbwe\\microsoft.system.package.metadata\\S-1-5-21-963789628-1060504924-4285088085-1001-MergedResources-*.pri", "EventData.Message": "No user-specific merged files found"}
{"EventID": "5507", "Channel": "Microsoft-Windows-AppXDeploymentServer/Operational", "Provider_Name": "Microsoft-Windows-AppXDeployment-Server", "Computer": "DESKTOP-OFJ6N53", "TimeCreated": "2025-08-14 09:25:27.217083+00:00", "RecordID": "115994", "Level": "5", "UserID": "S-1-5-21-963789628-1060504924-4285088085-1001", "EventData.PackageName": "Microsoft.WindowsStore_22506.1401.10.0_x64__8wekyb3d8bbwe", "EventData.FilePath": "C:\\Program Files\\WindowsApps\\Microsoft.WindowsStore_22506.1401.10.0_x64__8wekyb3d8bbwe\\microsoft.system.package.metadata\\Resources.????????.pri", "EventData.Message": "No shared merged files found"}
{"EventID": "5507", "Channel": "Microsoft-Windows-AppXDeploymentServer/Operational", "Provider_Name": "Microsoft-Windows-AppXDeployment-Server", "Computer": "DESKTOP-OFJ6N53", "TimeCreated": "2025-08-14 09:25:27.217173+00:00", "RecordID": "115995", "Level": "5", "UserID": "S-1-5-21-963789628-1060504924-4285088085-1001", "EventData.PackageName": "Microsoft.WindowsStore_22506.1401.10.0_x64__8wekyb3d8bbwe", "EventData.FilePath": "C:\\Program Files\\WindowsApps\\Microsoft.WindowsStore_22506.1401.10.0_x64__8wekyb3d8bbwe\\microsoft.system.package.metadata\\S-1-5-21-963789628-1060504924-4285088085-1001-MergedResources-*.pri", "EventData.Message": "No user-specific merged files found"}
{"EventID": "5507", "Channel": "Microsoft-Windows-AppXDeploymentServer/Operational", "Provider_Name": "Microsoft-Windows-AppXDeployment-Server", "Computer": "DESKTOP-OFJ6N53", "TimeCreated": "2025-08-14 09:25:27.217249+00:00", "RecordID": "115996", "Level": "5", "UserID": "S-1-5-21-963789628-1060504924-4285088085-1001", "EventData.PackageName": "Microsoft.WindowsStore_22506.1401.10.0_x64__8wekyb3d8bbwe", "EventData.FilePath": "C:\\Program Files\\WindowsApps\\Microsoft.WindowsStore_22506.1401.10.0_x64__8wekyb3d8bbwe\\microsoft.system.package.metadata\\Resources.????????.pri", "EventData.Message": "No shared merged files found"}
{"EventID": "821", "Channel": "Microsoft-Windows-AppXDeploymentServer/Operational", "Provider_Name": "Microsoft-Windows-AppXDeployment-Server", "Computer": "DESKTOP-OFJ6N53", "TimeCreated": "2025-08-14 09:25:27.402981+00:00", "RecordID": "115997", "Level": "5", "UserID": "S-1-5-18", "EventData.UserSid": "S-1-5-18", "EventData.MainPackageFullName": "Microsoft.WindowsStore_22506.1401.10.0_neutral_~_8wekyb3d8bbwe", "EventData.ErrorCode": "0x00000000"}
{"EventID": "822", "Channel": "Microsoft-Windows-AppXDeploymentServer/Operational", "Provider_Name": "Microsoft-Windows-AppXDeployment-Server", "Computer": "DESKTOP-OFJ6N53", "TimeCreated": "2025-08-14 09:25:27.484024+00:00", "RecordID": "115998", "Level": "5", "UserID": "S-1-5-18", "EventData.Error": "0x00000000", "EventData.PackageMoniker": "Microsoft.WindowsStore_22506.1401.10.0_neutral_~_8wekyb3d8bbwe"}
{"EventID": "821", "Channel": "Microsoft-Windows-AppXDeploymentServer/Operational", "Provider_Name": "Microsoft-Windows-AppXDeployment-Server", "Computer": "DESKTOP-OFJ6N53", "TimeCreated": "2025-08-14 09:25:27.486942+00:00", "RecordID": "115999", "Level": "5", "UserID": "S-1-5-18", "EventData.UserSid": "S-1-5-21-963789628-1060504924-4285088085-1001", "EventData.MainPackageFullName": "Microsoft.WindowsStore_22506.1401.10.0_neutral_~_8wekyb3d8bbwe", "EventData.ErrorCode": "0x00000000"}
{"EventID": "822", "Channel": "Microsoft-Windows-AppXDeploymentServer/Operational", "Provider_Name": "Microsoft-Windows-AppXDeployment-Server", "Computer": "DESKTOP-OFJ6N53", "TimeCreated": "2025-08-14 09:25:27.490910+00:00", "RecordID": "116000", "Level": "5", "UserID": "S-1-5-18", "EventData.Error": "0x00000000", "EventData.PackageMoniker": "Microsoft.WindowsStore_22506.1401.10.0_neutral_~_8wekyb3d8bbwe"}
{"EventID": "813", "Channel": "Microsoft-Windows-AppXDeploymentServer/Operational", "Provider_Name": "Microsoft-Windows-AppXDeployment-Server", "Computer": "DESKTOP-OFJ6N53", "TimeCreated": "2025-08-14 09:25:27.490946+00:00", "RecordID": "116001", "Level": "5", "UserID": "S-1-5-18", "EventData.PackageMoniker": "Microsoft.WindowsStore_22506.1401.10.0_neutral_~_8wekyb3d8bbwe"}
{"EventID": "10001", "Channel": "Microsoft-Windows-AppXDeploymentServer/Operational", "Provider_Name": "Microsoft-Windows-AppXDeployment-Server", "Computer": "DESKTOP-OFJ6N53", "TimeCreated": "2025-08-14 09:25:29.690008+00:00", "RecordID": "116002", "Level": "5", "UserID": "S-1-5-18", "EventData.PackageFullName": "Microsoft.WindowsStore_22506.1401.9.0_x64__8wekyb3d8bbwe", "EventData.ErrorCode": "0x80070490"}
{"EventID": "10001", "Channel": "Microsoft-Windows-AppXDeploymentServer/Operational", "Provider_Name": "Microsoft-Windows-AppXDeployment-Server", "Computer": "DESKTOP-OFJ6N53", "TimeCreated": "2025-08-14 09:25:29.690233+00:00", "RecordID": "116003", "Level": "5", "UserID": "S-1-5-18", "EventData.PackageFullName": "Microsoft.WindowsStore_22506.1401.10.0_x64__8wekyb3d8bbwe", "EventData.ErrorCode": "0x00000000"}
{"EventID": "10001", "Channel": "Microsoft-Windows-AppXDeploymentServer/Operational", "Provider_Name": "Microsoft-Windows-AppXDeployment-Server", "Computer": "DESKTOP-OFJ6N53", "TimeCreated": "2025-08-14 09:25:29.690727+00:00", "RecordID": "116004", "Level": "5", "UserID": "S-1-5-18", "EventData.PackageFullName": "Microsoft.WindowsStore_22506.1401.10.0_x64__8wekyb3d8bbwe", "EventData.ErrorCode": "0x00000000"}
{"EventID": "10001", "Channel": "Microsoft-Windows-AppXDeploymentServer/Operational", "Provider_Name": "Microsoft-Windows-AppXDeployment-Server", "Computer": "DESKTOP-OFJ6N53", "TimeCreated": "2025-08-14 09:25:29.690887+00:00", "RecordID": "116005", "Level": "5", "UserID": "S-1-5-18", "EventData.PackageFullName": "Microsoft.WindowsStore_22506.1401.10.0_neutral_~_8wekyb3d8bbwe", "EventData.ErrorCode": "0x00000000"}
{"EventID": "10001", "Channel": "Microsoft-Windows-AppXDeploymentServer/Operational", "Provider_Name": "Microsoft-Windows-AppXDeployment-Server", "Computer": "DESKTOP-OFJ6N53", "TimeCreated": "2025-08-14 09:25:29.691017+00:00", "RecordID": "116006", "Level": "5", "UserID": "S-1-5-18", "EventData.PackageFullName": "Microsoft.WindowsStore_22506.1401.10.0_neutral_~_8wekyb3d8bbwe", "EventData.ErrorCode": "0x00000000"}
{"EventID": "10001", "Channel": "Microsoft-Windows-AppXDeploymentServer/Operational", "Provider_Name": "Microsoft-Windows-AppXDeployment-Server", "Computer": "DESKTOP-OFJ6N53", "TimeCreated": "2025-08-14 09:25:29.691130+00:00", "RecordID": "116007", "Level": "5", "UserID": "S-1-5-18", "EventData.PackageFullName": "Microsoft.WindowsStore_22506.1401.10.0_x64__8wekyb3d8bbwe", "EventData.ErrorCode": "0x00000000"}
{"EventID": "10001", "Channel": "Microsoft-Windows-AppXDeploymentServer/Operational", "Provider_Name": "Microsoft-Windows-AppXDeployment-Server", "Computer": "DESKTOP-OFJ6N53", "TimeCreated": "2025-08-14 09:25:29.691244+00:00", "RecordID": "116008", "Level": "5", "UserID": "S-1-5-18", "EventData.PackageFullName": "Microsoft.WindowsStore_22506.1401.10.0_x64__8wekyb3d8bbwe", "EventData.ErrorCode": "0x00000000"}
{"EventID": "400", "Channel": "Microsoft-Windows-AppXDeploymentServer/Operational", "Provider_Name": "Microsoft-Windows-AppXDeployment-Server", "Computer": "DESKTOP-OFJ6N53", "TimeCreated": "2025-08-14 09:25:30.425743+00:00", "RecordID": "116009", "Level": "4", "UserID": "S-1-5-21-963789628-1060504924-4285088085-1001", "EventData.DeploymentOperation": "6", "EventData.PackageFullName": "Microsoft.WindowsStore_22506.1401.10.0_neutral_~_8wekyb3d8bbwe", "EventData.Path": "(AppxBundleManifest.xml)", "EventData.MountPoint": "C:", "EventData.TargetPlatform": "0x00000003", "EventData.SystemVolume": "True", "EventData.StorageId": "\\\\?\\Volume{c33a8663-71a2-4031-8cec-c21914fe12ad}", "EventData.IsCentennial": "False", "EventData.PackageType": "0x00000008", "EventData.IsPackageEncrypted": "False", "EventData.DeploymentOptions": "0x0004000004044800", "EventData.IsStreamingPackage": "False", "EventData.IsInRelatedSet": "False", "EventData.IsPackageUsingBDC": "False", "EventData.MainPackageFamilyName": "NULL", "EventData.CallingProcess": "svchost.exe,wuauserv", "EventData.IsOptional": "False", "EventData.PackageFlags": "0x00000400", "EventData.PackageFlags2": "0x00000800", "EventData.HasWin32alacarte": "False", "EventData.HasFullTrust": "False", "EventData.ExternalLocation": null, "EventData.PackageSourceUri": "x-windowsupdate://363EA134-C66D-4AFA-980B-47ACD141ED82/64293252-5926-453C-9494-2D4021F1C78D/6f70126255a84bdbd52a8b2a8c5ff212250ff4d7"}
{"EventID": "478", "Channel": "Microsoft-Windows-AppXDeploymentServer/Operational", "Provider_Name": "Microsoft-Windows-AppXDeployment-Server", "Computer": "DESKTOP-OFJ6N53", "TimeCreated": "2025-08-14 09:25:30.425850+00:00", "RecordID": "116010", "Level": "5", "UserID": "S-1-5-21-963789628-1060504924-4285088085-1001", "EventData.DeploymentOperation": "6", "EventData.PackageFullName": "Microsoft.WindowsStore_22506.1401.10.0_x64__8wekyb3d8bbwe", "EventData.Path": "(AppxBundleManifest.xml)", "EventData.MountPoint": "C:", "EventData.TargetPlatform": "0x00000003", "EventData.SystemVolume": "True", "EventData.StorageId": "\\\\?\\Volume{c33a8663-71a2-4031-8cec-c21914fe12ad}", "EventData.IsCentennial": "True", "EventData.PackageType": "0x00000001", "EventData.IsPackageEncrypted": "False", "EventData.DeploymentOptions": "0x0004000004044800", "EventData.IsStreamingPackage": "False", "EventData.IsInRelatedSet": "False", "EventData.IsPackageUsingBDC": "False", "EventData.MainPackageFamilyName": "NULL", "EventData.CallingProcess": "svchost.exe,wuauserv", "EventData.IsOptional": "False", "EventData.PackageFlags": "0x0080804c", "EventData.PackageFlags2": "0x00000800", "EventData.HasWin32alacarte": "False", "EventData.HasFullTrust": "True", "EventData.ExternalLocation": null, "EventData.PackageSourceUri": "x-windowsupdate://363EA134-C66D-4AFA-980B-47ACD141ED82/64293252-5926-453C-9494-2D4021F1C78D/6f70126255a84bdbd52a8b2a8c5ff212250ff4d7"}
{"EventID": "472", "Channel": "Microsoft-Windows-AppXDeploymentServer/Operational", "Provider_Name": "Microsoft-Windows-AppXDeployment-Server", "Computer": "DESKTOP-OFJ6N53", "TimeCreated": "2025-08-14 09:25:30.442806+00:00", "RecordID": "116011", "Level": "5", "UserID": "S-1-5-18", "EventData.SourceFolderPath": "\\\\?\\C:\\Program Files\\WindowsApps\\Microsoft.WindowsStore_22506.1401.9.0_neutral_~_8wekyb3d8bbwe", "EventData.DestinationFolderPath": "\\\\?\\C:\\Program Files\\WindowsApps\\Deleted\\Microsoft.WindowsStore_22506.1401.9.0_neutral_~_8wekyb3d8bbweda2e1fe8-fc07-4486-8703-7429557d062a", "EventData.ErrorCode": "0x00000000"}
{"EventID": "472", "Channel": "Microsoft-Windows-AppXDeploymentServer/Operational", "Provider_Name": "Microsoft-Windows-AppXDeployment-Server", "Computer": "DESKTOP-OFJ6N53", "TimeCreated": "2025-08-14 09:25:30.669779+00:00", "RecordID": "116012", "Level": "5", "UserID": "S-1-5-18", "EventData.SourceFolderPath": "\\\\?\\C:\\Program Files\\WindowsApps\\Microsoft.WindowsStore_22506.1401.9.0_x64__8wekyb3d8bbwe", "EventData.DestinationFolderPath": "\\\\?\\C:\\Program Files\\WindowsApps\\Deleted\\Microsoft.WindowsStore_22506.1401.9.0_x64__8wekyb3d8bbwe2254d780-f508-481c-b733-477311ac757d", "EventData.ErrorCode": "0x00000000"}
{"EventID": "649", "Channel": "Microsoft-Windows-AppXDeploymentServer/Operational", "Provider_Name": "Microsoft-Windows-AppXDeployment-Server", "Computer": "DESKTOP-OFJ6N53", "TimeCreated": "2025-08-14 09:25:32.386538+00:00", "RecordID": "116013", "Level": "4", "UserID": "S-1-5-21-963789628-1060504924-4285088085-1001", "EventData.DeploymentOperation": "6", "EventData.PackageFullName": "Microsoft.WindowsStore_22506.1401.10.0_neutral_~_8wekyb3d8bbwe", "EventData.Summary": "PostDeploymentOperationCheck cost: 0 ms"}
{"EventID": "613", "Channel": "Microsoft-Windows-AppXDeploymentServer/Operational", "Provider_Name": "Microsoft-Windows-AppXDeployment-Server", "Computer": "DESKTOP-OFJ6N53", "TimeCreated": "2025-08-14 09:25:32.480074+00:00", "RecordID": "116014", "Level": "4", "UserID": "S-1-5-21-963789628-1060504924-4285088085-1001", "EventData.DeploymentOperation": "6", "EventData.PackageFullName": "Microsoft.WindowsStore_22506.1401.10.0_neutral_~_8wekyb3d8bbwe", "EventData.Summary": "Overall time: 9047 ms\nEnqueue cost: 16 ms\nDequeue delay: 0 ms\nBundle processing cost: 16 ms\nIndexing cost: 203 ms\nResolve dependency cost: 172 ms\nCheck approval cost: 15 ms\nEvaluation cost: 0 ms\nHardlinking evaluation cost: 0 ms\nStage required cost: 16 ms\nFlushing and closing files cost: 0 ms\nGap: 109 ms\nMachine register cost: 0 ms\nStage user data cost: 0 ms\nGap: 360 ms\nRegistration cost: 2906 ms\nGap: 1625 ms\nRepository commit transaction cost: 828 ms\nGap: 984 ms\nData flush cost: 1719 ms\nPost DeStage repository commit transaction cost: 0 ms\nRemaining cost: 78 ms"}
{"EventID": "603", "Channel": "Microsoft-Windows-AppXDeploymentServer/Operational", "Provider_Name": "Microsoft-Windows-AppXDeployment-Server", "Computer": "DESKTOP-OFJ6N53", "TimeCreated": "2025-08-14 22:03:45.630955+00:00", "RecordID": "116015", "Level": "4", "UserID": "S-1-5-18", "EventData.DeploymentOperation": "5", "EventData.Path": "Microsoft.HEIFImageExtension_1.2.20.0_neutral_~_8wekyb3d8bbwe", "EventData.Flags": "0", "EventData.FlagsHigh": "0", "EventData.CallingProcess": "svchost.exe,wuauserv", "EventData.ExternalLocation": null}
{"EventID": "10002", "Channel": "Microsoft-Windows-AppXDeploymentServer/Operational", "Provider_Name": "Microsoft-Windows-AppXDeployment-Server", "Computer": "DESKTOP-OFJ6N53", "TimeCreated": "2025-08-14 22:03:45.645052+00:00", "RecordID": "116016", "Level": "5", "UserID": "S-1-5-18", "EventData.DeploymentOperation": "2", "EventData.MainPackageMoniker": "Microsoft.HEIFImageExtension_1.2.20.0_neutral_~_8wekyb3d8bbwe", "EventData.ResiliencyFilePath": "C:\\ProgramData\\Microsoft\\Windows\\AppRepository\\5cf7dd6b-d8b8-4a4f-8d07-28493fb44243_S-1-5-18_1.rslc"}
