{"EventID": "551", "Channel": "Microsoft-Windows-SMBServer/Security", "Provider_Name": "Microsoft-Windows-SMBServer", "Computer": "DESKTOP-OFJ6N53", "TimeCreated": "2025-02-18 05:12:40.874748+00:00", "RecordID": "19201", "Level": "2", "UserID": "S-1-5-18"}
{"EventID": "1009", "Channel": "Microsoft-Windows-SMBServer/Security", "Provider_Name": "Microsoft-Windows-SMBServer", "Computer": "DESKTOP-OFJ6N53", "TimeCreated": "2025-02-18 05:12:53.026297+00:00", "RecordID": "19202", "Level": "2", "UserID": "S-1-5-18"}
{"EventID": "551", "Channel": "Microsoft-Windows-SMBServer/Security", "Provider_Name": "Microsoft-Windows-SMBServer", "Computer": "DESKTOP-OFJ6N53", "TimeCreated": "2025-02-18 05:12:53.026302+00:00", "RecordID": "19203", "Level": "2", "UserID": "S-1-5-18"}
{"EventID": "551", "Channel": "Microsoft-Windows-SMBServer/Security", "Provider_Name": "Microsoft-Windows-SMBServer", "Computer": "DESKTOP-OFJ6N53", "TimeCreated": "2025-02-18 09:33:51.446999+00:00", "RecordID": "19204", "Level": "2", "UserID": "S-1-5-18"}
{"EventID": "551", "Channel": "Microsoft-Windows-SMBServer/Security", "Provider_Name": "Microsoft-Windows-SMBServer", "Computer": "DESKTOP-OFJ6N53", "TimeCreated": "2025-02-18 09:34:04.438244+00:00", "RecordID": "19205", "Level": "2", "UserID": "S-1-5-18"}
{"EventID": "1009", "Channel": "Microsoft-Windows-SMBServer/Security", "Provider_Name": "Microsoft-Windows-SMBServer", "Computer": "DESKTOP-OFJ6N53", "TimeCreated": "2025-02-18 12:12:41.529074+00:00", "RecordID": "19206", "Level": "2", "UserID": "S-1-5-18"}
{"EventID": "551", "Channel": "Microsoft-Windows-SMBServer/Security", "Provider_Name": "Microsoft-Windows-SMBServer", "Computer": "DESKTOP-OFJ6N53", "TimeCreated": "2025-02-18 12:12:41.529076+00:00", "RecordID": "19207", "Level": "2", "UserID": "S-1-5-18"}
{"EventID": "1009", "Channel": "Microsoft-Windows-SMBServer/Security", "Provider_Name": "Microsoft-Windows-SMBServer", "Computer": "DESKTOP-OFJ6N53", "TimeCreated": "2025-02-18 12:12:53.565086+00:00", "RecordID": "19208", "Level": "2", "UserID": "S-1-5-18"}
{"EventID": "551", "Channel": "Microsoft-Windows-SMBServer/Security", "Provider_Name": "Microsoft-Windows-SMBServer", "Computer": "DESKTOP-OFJ6N53", "TimeCreated": "2025-02-18 12:12:53.565088+00:00", "RecordID": "19209", "Level": "2", "UserID": "S-1-5-18"}
{"EventID": "551", "Channel": "Microsoft-Windows-SMBServer/Security", "Provider_Name": "Microsoft-Windows-SMBServer", "Computer": "DESKTOP-OFJ6N53", "TimeCreated": "2025-02-18 16:33:51.940310+00:00", "RecordID": "19210", "Level": "2", "UserID": "S-1-5-18"}
{"EventID": "551", "Channel": "Microsoft-Windows-SMBServer/Security", "Provider_Name": "Microsoft-Windows-SMBServer", "Computer": "DESKTOP-OFJ6N53", "TimeCreated": "2025-02-18 16:34:04.033512+00:00", "RecordID": "19211", "Level": "2", "UserID": "S-1-5-18"}
{"EventID": "1009", "Channel": "Microsoft-Windows-SMBServer/Security", "Provider_Name": "Microsoft-Windows-SMBServer", "Computer": "DESKTOP-OFJ6N53", "TimeCreated": "2025-02-18 19:12:42.534893+00:00", "RecordID": "19212", "Level": "2", "UserID": "S-1-5-18"}
{"EventID": "551", "Channel": "Microsoft-Windows-SMBServer/Security", "Provider_Name": "Microsoft-Windows-SMBServer", "Computer": "DESKTOP-OFJ6N53", "TimeCreated": "2025-02-18 19:12:42.534897+00:00", "RecordID": "19213", "Level": "2", "UserID": "S-1-5-18"}
{"EventID": "1009", "Channel": "Microsoft-Windows-SMBServer/Security", "Provider_Name": "Microsoft-Windows-SMBServer", "Computer": "DESKTOP-OFJ6N53", "TimeCreated": "2025-02-18 19:12:54.635349+00:00", "RecordID": "19214", "Level": "2", "UserID": "S-1-5-18"}
{"EventID": "551", "Channel": "Microsoft-Windows-SMBServer/Security", "Provider_Name": "Microsoft-Windows-SMBServer", "Computer": "DESKTOP-OFJ6N53", "TimeCreated": "2025-02-18 19:12:54.635353+00:00", "RecordID": "19215", "Level": "2", "UserID": "S-1-5-18"}
{"EventID": "551", "Channel": "Microsoft-Windows-SMBServer/Security", "Provider_Name": "Microsoft-Windows-SMBServer", "Computer": "DESKTOP-OFJ6N53", "TimeCreated": "2025-02-18 23:33:51.732449+00:00", "RecordID": "19216", "Level": "2", "UserID": "S-1-5-18"}
{"EventID": "551", "Channel": "Microsoft-Windows-SMBServer/Security", "Provider_Name": "Microsoft-Windows-SMBServer", "Computer": "DESKTOP-OFJ6N53", "TimeCreated": "2025-02-18 23:34:03.771240+00:00", "RecordID": "19217", "Level": "2", "UserID": "S-1-5-18"}
{"EventID": "1009", "Channel": "Microsoft-Windows-SMBServer/Security", "Provider_Name": "Microsoft-Windows-SMBServer", "Computer": "DESKTOP-OFJ6N53", "TimeCreated": "2025-02-19 02:12:42.433601+00:00", "RecordID": "19218", "Level": "2", "UserID": "S-1-5-18"}
{"EventID": "551", "Channel": "Microsoft-Windows-SMBServer/Security", "Provider_Name": "Microsoft-Windows-SMBServer", "Computer": "DESKTOP-OFJ6N53", "TimeCreated": "2025-02-19 02:12:42.433615+00:00", "RecordID": "19219", "Level": "2", "UserID": "S-1-5-18"}
{"EventID": "1009", "Channel": "Microsoft-Windows-SMBServer/Security", "Provider_Name": "Microsoft-Windows-SMBServer", "Computer": "DESKTOP-OFJ6N53", "TimeCreated": "2025-02-19 02:12:55.419292+00:00", "RecordID": "19220", "Level": "2", "UserID": "S-1-5-18"}
{"EventID": "551", "Channel": "Microsoft-Windows-SMBServer/Security", "Provider_Name": "Microsoft-Windows-SMBServer", "Computer": "DESKTOP-OFJ6N53", "TimeCreated": "2025-02-19 02:12:55.419296+00:00", "RecordID": "19221", "Level": "2", "UserID": "S-1-5-18"}
{"EventID": "551", "Channel": "Microsoft-Windows-SMBServer/Security", "Provider_Name": "Microsoft-Windows-SMBServer", "Computer": "DESKTOP-OFJ6N53", "TimeCreated": "2025-02-19 06:33:53.216747+00:00", "RecordID": "19222", "Level": "2", "UserID": "S-1-5-18"}
{"EventID": "551", "Channel": "Microsoft-Windows-SMBServer/Security", "Provider_Name": "Microsoft-Windows-SMBServer", "Computer": "DESKTOP-OFJ6N53", "TimeCreated": "2025-02-19 06:34:05.236341+00:00", "RecordID": "19223", "Level": "2", "UserID": "S-1-5-18"}
{"EventID": "1009", "Channel": "Microsoft-Windows-SMBServer/Security", "Provider_Name": "Microsoft-Windows-SMBServer", "Computer": "DESKTOP-OFJ6N53", "TimeCreated": "2025-02-19 09:12:56.709539+00:00", "RecordID": "19224", "Level": "2", "UserID": "S-1-5-18"}
{"EventID": "551", "Channel": "Microsoft-Windows-SMBServer/Security", "Provider_Name": "Microsoft-Windows-SMBServer", "Computer": "DESKTOP-OFJ6N53", "TimeCreated": "2025-02-19 09:12:56.709541+00:00", "RecordID": "19225", "Level": "2", "UserID": "S-1-5-18"}
{"EventID": "551", "Channel": "Microsoft-Windows-SMBServer/Security", "Provider_Name": "Microsoft-Windows-SMBServer", "Computer": "DESKTOP-OFJ6N53", "TimeCreated": "2025-02-19 13:33:53.853067+00:00", "RecordID": "19226", "Level": "2", "UserID": "S-1-5-18"}
{"EventID": "551", "Channel": "Microsoft-Windows-SMBServer/Security", "Provider_Name": "Microsoft-Windows-SMBServer", "Computer": "DESKTOP-OFJ6N53", "TimeCreated": "2025-02-19 13:34:05.911966+00:00", "RecordID": "19227", "Level": "2", "UserID": "S-1-5-18"}
{"EventID": "1009", "Channel": "Microsoft-Windows-SMBServer/Security", "Provider_Name": "Microsoft-Windows-SMBServer", "Computer": "DESKTOP-OFJ6N53", "TimeCreated": "2025-02-19 16:12:57.259693+00:00", "RecordID": "19228", "Level": "2", "UserID": "S-1-5-18"}
{"EventID": "551", "Channel": "Microsoft-Windows-SMBServer/Security", "Provider_Name": "Microsoft-Windows-SMBServer", "Computer": "DESKTOP-OFJ6N53", "TimeCreated": "2025-02-19 16:12:57.259705+00:00", "RecordID": "19229", "Level": "2", "UserID": "S-1-5-18"}
{"EventID": "1009", "Channel": "Microsoft-Windows-SMBServer/Security", "Provider_Name": "Microsoft-Windows-SMBServer", "Computer": "DESKTOP-OFJ6N53", "TimeCreated": "2025-02-19 23:12:43.906578+00:00", "RecordID": "19230", "Level": "2", "UserID": "S-1-5-18"}
{"EventID": "551", "Channel": "Microsoft-Windows-SMBServer/Security", "Provider_Name": "Microsoft-Windows-SMBServer", "Computer": "DESKTOP-OFJ6N53", "TimeCreated": "2025-02-19 23:12:43.906584+00:00", "RecordID": "19231", "Level": "2", "UserID": "S-1-5-18"}
{"EventID": "1009", "Channel": "Microsoft-Windows-SMBServer/Security", "Provider_Name": "Microsoft-Windows-SMBServer", "Computer": "DESKTOP-OFJ6N53", "TimeCreated": "2025-02-19 23:12:56.046898+00:00", "RecordID": "19232", "Level": "2", "UserID": "S-1-5-18"}
{"EventID": "551", "Channel": "Microsoft-Windows-SMBServer/Security", "Provider_Name": "Microsoft-Windows-SMBServer", "Computer": "DESKTOP-OFJ6N53", "TimeCreated": "2025-02-19 23:12:56.046902+00:00", "RecordID": "19233", "Level": "2", "UserID": "S-1-5-18"}
{"EventID": "551", "Channel": "Microsoft-Windows-SMBServer/Security", "Provider_Name": "Microsoft-Windows-SMBServer", "Computer": "DESKTOP-OFJ6N53", "TimeCreated": "2025-02-20 03:33:30.299122+00:00", "RecordID": "19234", "Level": "2", "UserID": "S-1-5-18"}
{"EventID": "1009", "Channel": "Microsoft-Windows-SMBServer/Security", "Provider_Name": "Microsoft-Windows-SMBServer", "Computer": "DESKTOP-OFJ6N53", "TimeCreated": "2025-02-20 06:12:46.017443+00:00", "RecordID": "19235", "Level": "2", "UserID": "S-1-5-18"}
{"EventID": "551", "Channel": "Microsoft-Windows-SMBServer/Security", "Provider_Name": "Microsoft-Windows-SMBServer", "Computer": "DESKTOP-OFJ6N53", "TimeCreated": "2025-02-20 06:12:46.017447+00:00", "RecordID": "19236", "Level": "2", "UserID": "S-1-5-18"}
{"EventID": "1009", "Channel": "Microsoft-Windows-SMBServer/Security", "Provider_Name": "Microsoft-Windows-SMBServer", "Computer": "DESKTOP-OFJ6N53", "TimeCreated": "2025-02-20 06:12:58.055271+00:00", "RecordID": "19237", "Level": "2", "UserID": "S-1-5-18"}
{"EventID": "551", "Channel": "Microsoft-Windows-SMBServer/Security", "Provider_Name": "Microsoft-Windows-SMBServer", "Computer": "DESKTOP-OFJ6N53", "TimeCreated": "2025-02-20 06:12:58.055275+00:00", "RecordID": "19238", "Level": "2", "UserID": "S-1-5-18"}
{"EventID": "551", "Channel": "Microsoft-Windows-SMBServer/Security", "Provider_Name": "Microsoft-Windows-SMBServer", "Computer": "DESKTOP-OFJ6N53", "TimeCreated": "2025-02-20 10:33:20.241909+00:00", "RecordID": "19239", "Level": "2", "UserID": "S-1-5-18"}
{"EventID": "551", "Channel": "Microsoft-Windows-SMBServer/Security", "Provider_Name": "Microsoft-Windows-SMBServer", "Computer": "DESKTOP-OFJ6N53", "TimeCreated": "2025-02-20 10:33:33.253109+00:00", "RecordID": "19240", "Level": "2", "UserID": "S-1-5-18"}
{"EventID": "1009", "Channel": "Microsoft-Windows-SMBServer/Security", "Provider_Name": "Microsoft-Windows-SMBServer", "Computer": "DESKTOP-OFJ6N53", "TimeCreated": "2025-02-20 13:12:47.048077+00:00", "RecordID": "19241", "Level": "2", "UserID": "S-1-5-18"}
{"EventID": "551", "Channel": "Microsoft-Windows-SMBServer/Security", "Provider_Name": "Microsoft-Windows-SMBServer", "Computer": "DESKTOP-OFJ6N53", "TimeCreated": "2025-02-20 13:12:47.048079+00:00", "RecordID": "19242", "Level": "2", "UserID": "S-1-5-18"}
{"EventID": "1009", "Channel": "Microsoft-Windows-SMBServer/Security", "Provider_Name": "Microsoft-Windows-SMBServer", "Computer": "DESKTOP-OFJ6N53", "TimeCreated": "2025-02-20 13:12:59.108963+00:00", "RecordID": "19243", "Level": "2", "UserID": "S-1-5-18"}
{"EventID": "551", "Channel": "Microsoft-Windows-SMBServer/Security", "Provider_Name": "Microsoft-Windows-SMBServer", "Computer": "DESKTOP-OFJ6N53", "TimeCreated": "2025-02-20 13:12:59.108965+00:00", "RecordID": "19244", "Level": "2", "UserID": "S-1-5-18"}
{"EventID": "551", "Channel": "Microsoft-Windows-SMBServer/Security", "Provider_Name": "Microsoft-Windows-SMBServer", "Computer": "DESKTOP-OFJ6N53", "TimeCreated": "2025-02-20 17:33:20.687746+00:00", "RecordID": "19245", "Level": "2", "UserID": "S-1-5-18"}
{"EventID": "551", "Channel": "Microsoft-Windows-SMBServer/Security", "Provider_Name": "Microsoft-Windows-SMBServer", "Computer": "DESKTOP-OFJ6N53", "TimeCreated": "2025-02-20 17:33:33.646879+00:00", "RecordID": "19246", "Level": "2", "UserID": "S-1-5-18"}
{"EventID": "1009", "Channel": "Microsoft-Windows-SMBServer/Security", "Provider_Name": "Microsoft-Windows-SMBServer", "Computer": "DESKTOP-OFJ6N53", "TimeCreated": "2025-02-20 20:12:46.140516+00:00", "RecordID": "19247", "Level": "2", "UserID": "S-1-5-18"}
{"EventID": "551", "Channel": "Microsoft-Windows-SMBServer/Security", "Provider_Name": "Microsoft-Windows-SMBServer", "Computer": "DESKTOP-OFJ6N53", "TimeCreated": "2025-02-20 20:12:46.140520+00:00", "RecordID": "19248", "Level": "2", "UserID": "S-1-5-18"}
{"EventID": "1009", "Channel": "Microsoft-Windows-SMBServer/Security", "Provider_Name": "Microsoft-Windows-SMBServer", "Computer": "DESKTOP-OFJ6N53", "TimeCreated": "2025-02-20 20:12:58.154154+00:00", "RecordID": "19249", "Level": "2", "UserID": "S-1-5-18"}
{"EventID": "551", "Channel": "Microsoft-Windows-SMBServer/Security", "Provider_Name": "Microsoft-Windows-SMBServer", "Computer": "DESKTOP-OFJ6N53", "TimeCreated": "2025-02-20 20:12:58.154158+00:00", "RecordID": "19250", "Level": "2", "UserID": "S-1-5-18"}
{"EventID": "551", "Channel": "Microsoft-Windows-SMBServer/Security", "Provider_Name": "Microsoft-Windows-SMBServer", "Computer": "DESKTOP-OFJ6N53", "TimeCreated": "2025-02-21 00:33:21.888798+00:00", "RecordID": "19251", "Level": "2", "UserID": "S-1-5-18"}
{"EventID": "551", "Channel": "Microsoft-Windows-SMBServer/Security", "Provider_Name": "Microsoft-Windows-SMBServer", "Computer": "DESKTOP-OFJ6N53", "TimeCreated": "2025-02-21 00:33:34.790592+00:00", "RecordID": "19252", "Level": "2", "UserID": "S-1-5-18"}
{"EventID": "1009", "Channel": "Microsoft-Windows-SMBServer/Security", "Provider_Name": "Microsoft-Windows-SMBServer", "Computer": "DESKTOP-OFJ6N53", "TimeCreated": "2025-02-21 03:13:00.551434+00:00", "RecordID": "19253", "Level": "2", "UserID": "S-1-5-18"}
{"EventID": "551", "Channel": "Microsoft-Windows-SMBServer/Security", "Provider_Name": "Microsoft-Windows-SMBServer", "Computer": "DESKTOP-OFJ6N53", "TimeCreated": "2025-02-21 03:13:00.551439+00:00", "RecordID": "19254", "Level": "2", "UserID": "S-1-5-18"}
{"EventID": "551", "Channel": "Microsoft-Windows-SMBServer/Security", "Provider_Name": "Microsoft-Windows-SMBServer", "Computer": "DESKTOP-OFJ6N53", "TimeCreated": "2025-02-21 07:33:22.807125+00:00", "RecordID": "19255", "Level": "2", "UserID": "S-1-5-18"}
{"EventID": "551", "Channel": "Microsoft-Windows-SMBServer/Security", "Provider_Name": "Microsoft-Windows-SMBServer", "Computer": "DESKTOP-OFJ6N53", "TimeCreated": "2025-02-21 07:33:35.810894+00:00", "RecordID": "19256", "Level": "2", "UserID": "S-1-5-18"}
{"EventID": "1009", "Channel": "Microsoft-Windows-SMBServer/Security", "Provider_Name": "Microsoft-Windows-SMBServer", "Computer": "DESKTOP-OFJ6N53", "TimeCreated": "2025-02-21 10:13:02.498404+00:00", "RecordID": "19257", "Level": "2", "UserID": "S-1-5-18"}
{"EventID": "551", "Channel": "Microsoft-Windows-SMBServer/Security", "Provider_Name": "Microsoft-Windows-SMBServer", "Computer": "DESKTOP-OFJ6N53", "TimeCreated": "2025-02-21 10:13:02.498405+00:00", "RecordID": "19258", "Level": "2", "UserID": "S-1-5-18"}
{"EventID": "1009", "Channel": "Microsoft-Windows-SMBServer/Security", "Provider_Name": "Microsoft-Windows-SMBServer", "Computer": "DESKTOP-OFJ6N53", "TimeCreated": "2025-02-21 17:13:03.218922+00:00", "RecordID": "19259", "Level": "2", "UserID": "S-1-5-18"}
{"EventID": "551", "Channel": "Microsoft-Windows-SMBServer/Security", "Provider_Name": "Microsoft-Windows-SMBServer", "Computer": "DESKTOP-OFJ6N53", "TimeCreated": "2025-02-21 17:13:03.218925+00:00", "RecordID": "19260", "Level": "2", "UserID": "S-1-5-18"}
{"EventID": "551", "Channel": "Microsoft-Windows-SMBServer/Security", "Provider_Name": "Microsoft-Windows-SMBServer", "Computer": "DESKTOP-OFJ6N53", "TimeCreated": "2025-02-21 21:33:34.731596+00:00", "RecordID": "19261", "Level": "2", "UserID": "S-1-5-18"}
{"EventID": "1009", "Channel": "Microsoft-Windows-SMBServer/Security", "Provider_Name": "Microsoft-Windows-SMBServer", "Computer": "DESKTOP-OFJ6N53", "TimeCreated": "2025-02-22 00:13:03.099222+00:00", "RecordID": "19262", "Level": "2", "UserID": "S-1-5-18"}
{"EventID": "551", "Channel": "Microsoft-Windows-SMBServer/Security", "Provider_Name": "Microsoft-Windows-SMBServer", "Computer": "DESKTOP-OFJ6N53", "TimeCreated": "2025-02-22 00:13:03.099224+00:00", "RecordID": "19263", "Level": "2", "UserID": "S-1-5-18"}
{"EventID": "1009", "Channel": "Microsoft-Windows-SMBServer/Security", "Provider_Name": "Microsoft-Windows-SMBServer", "Computer": "DESKTOP-OFJ6N53", "TimeCreated": "2025-02-22 07:12:51.482523+00:00", "RecordID": "19264", "Level": "2", "UserID": "S-1-5-18"}
{"EventID": "551", "Channel": "Microsoft-Windows-SMBServer/Security", "Provider_Name": "Microsoft-Windows-SMBServer", "Computer": "DESKTOP-OFJ6N53", "TimeCreated": "2025-02-22 07:12:51.482525+00:00", "RecordID": "19265", "Level": "2", "UserID": "S-1-5-18"}
{"EventID": "1009", "Channel": "Microsoft-Windows-SMBServer/Security", "Provider_Name": "Microsoft-Windows-SMBServer", "Computer": "DESKTOP-OFJ6N53", "TimeCreated": "2025-02-22 07:13:04.533739+00:00", "RecordID": "19266", "Level": "2", "UserID": "S-1-5-18"}
{"EventID": "551", "Channel": "Microsoft-Windows-SMBServer/Security", "Provider_Name": "Microsoft-Windows-SMBServer", "Computer": "DESKTOP-OFJ6N53", "TimeCreated": "2025-02-22 07:13:04.533741+00:00", "RecordID": "19267", "Level": "2", "UserID": "S-1-5-18"}
{"EventID": "551", "Channel": "Microsoft-Windows-SMBServer/Security", "Provider_Name": "Microsoft-Windows-SMBServer", "Computer": "DESKTOP-OFJ6N53", "TimeCreated": "2025-02-22 11:33:38.183872+00:00", "RecordID": "19268", "Level": "2", "UserID": "S-1-5-18"}
{"EventID": "1009", "Channel": "Microsoft-Windows-SMBServer/Security", "Provider_Name": "Microsoft-Windows-SMBServer", "Computer": "DESKTOP-OFJ6N53", "TimeCreated": "2025-02-22 14:13:05.298317+00:00", "RecordID": "19269", "Level": "2", "UserID": "S-1-5-18"}
{"EventID": "551", "Channel": "Microsoft-Windows-SMBServer/Security", "Provider_Name": "Microsoft-Windows-SMBServer", "Computer": "DESKTOP-OFJ6N53", "TimeCreated": "2025-02-22 14:13:05.298319+00:00", "RecordID": "19270", "Level": "2", "UserID": "S-1-5-18"}
{"EventID": "1009", "Channel": "Microsoft-Windows-SMBServer/Security", "Provider_Name": "Microsoft-Windows-SMBServer", "Computer": "DESKTOP-OFJ6N53", "TimeCreated": "2025-02-22 21:13:05.083351+00:00", "RecordID": "19271", "Level": "2", "UserID": "S-1-5-18"}
{"EventID": "551", "Channel": "Microsoft-Windows-SMBServer/Security", "Provider_Name": "Microsoft-Windows-SMBServer", "Computer": "DESKTOP-OFJ6N53", "TimeCreated": "2025-02-22 21:13:05.083357+00:00", "RecordID": "19272", "Level": "2", "UserID": "S-1-5-18"}
{"EventID": "551", "Channel": "Microsoft-Windows-SMBServer/Security", "Provider_Name": "Microsoft-Windows-SMBServer", "Computer": "DESKTOP-OFJ6N53", "TimeCreated": "2025-02-23 01:33:38.964607+00:00", "RecordID": "19273", "Level": "2", "UserID": "S-1-5-18"}
{"EventID": "1009", "Channel": "Microsoft-Windows-SMBServer/Security", "Provider_Name": "Microsoft-Windows-SMBServer", "Computer": "DESKTOP-OFJ6N53", "TimeCreated": "2025-02-23 04:13:06.166792+00:00", "RecordID": "19274", "Level": "2", "UserID": "S-1-5-18"}
{"EventID": "551", "Channel": "Microsoft-Windows-SMBServer/Security", "Provider_Name": "Microsoft-Windows-SMBServer", "Computer": "DESKTOP-OFJ6N53", "TimeCreated": "2025-02-23 04:13:06.166800+00:00", "RecordID": "19275", "Level": "2", "UserID": "S-1-5-18"}
{"EventID": "1009", "Channel": "Microsoft-Windows-SMBServer/Security", "Provider_Name": "Microsoft-Windows-SMBServer", "Computer": "DESKTOP-OFJ6N53", "TimeCreated": "2025-02-23 11:13:07.742327+00:00", "RecordID": "19276", "Level": "2", "UserID": "S-1-5-18"}
{"EventID": "551", "Channel": "Microsoft-Windows-SMBServer/Security", "Provider_Name": "Microsoft-Windows-SMBServer", "Computer": "DESKTOP-OFJ6N53", "TimeCreated": "2025-02-23 11:13:07.742329+00:00", "RecordID": "19277", "Level": "2", "UserID": "S-1-5-18"}
{"EventID": "1009", "Channel": "Microsoft-Windows-SMBServer/Security", "Provider_Name": "Microsoft-Windows-SMBServer", "Computer": "DESKTOP-OFJ6N53", "TimeCreated": "2025-02-23 18:12:56.369890+00:00", "RecordID": "19278", "Level": "2", "UserID": "S-1-5-18"}
{"EventID": "551", "Channel": "Microsoft-Windows-SMBServer/Security", "Provider_Name": "Microsoft-Windows-SMBServer", "Computer": "DESKTOP-OFJ6N53", "TimeCreated": "2025-02-23 18:12:56.369894+00:00", "RecordID": "19279", "Level": "2", "UserID": "S-1-5-18"}
{"EventID": "1009", "Channel": "Microsoft-Windows-SMBServer/Security", "Provider_Name": "Microsoft-Windows-SMBServer", "Computer": "DESKTOP-OFJ6N53", "TimeCreated": "2025-02-23 18:13:09.375919+00:00", "RecordID": "19280", "Level": "2", "UserID": "S-1-5-18"}
{"EventID": "551", "Channel": "Microsoft-Windows-SMBServer/Security", "Provider_Name": "Microsoft-Windows-SMBServer", "Computer": "DESKTOP-OFJ6N53", "TimeCreated": "2025-02-23 18:13:09.375923+00:00", "RecordID": "19281", "Level": "2", "UserID": "S-1-5-18"}
{"EventID": "1009", "Channel": "Microsoft-Windows-SMBServer/Security", "Provider_Name": "Microsoft-Windows-SMBServer", "Computer": "DESKTOP-OFJ6N53", "TimeCreated": "2025-02-24 01:13:07.575882+00:00", "RecordID": "19282", "Level": "2", "UserID": "S-1-5-18"}
{"EventID": "551", "Channel": "Microsoft-Windows-SMBServer/Security", "Provider_Name": "Microsoft-Windows-SMBServer", "Computer": "DESKTOP-OFJ6N53", "TimeCreated": "2025-02-24 01:13:07.575886+00:00", "RecordID": "19283", "Level": "2", "UserID": "S-1-5-18"}
{"EventID": "1009", "Channel": "Microsoft-Windows-SMBServer/Security", "Provider_Name": "Microsoft-Windows-SMBServer", "Computer": "DESKTOP-OFJ6N53", "TimeCreated": "2025-02-24 08:13:09.045303+00:00", "RecordID": "19284", "Level": "2", "UserID": "S-1-5-18"}
{"EventID": "551", "Channel": "Microsoft-Windows-SMBServer/Security", "Provider_Name": "Microsoft-Windows-SMBServer", "Computer": "DESKTOP-OFJ6N53", "TimeCreated": "2025-02-24 08:13:09.045307+00:00", "RecordID": "19285", "Level": "2", "UserID": "S-1-5-18"}
{"EventID": "551", "Channel": "Microsoft-Windows-SMBServer/Security", "Provider_Name": "Microsoft-Windows-SMBServer", "Computer": "DESKTOP-OFJ6N53", "TimeCreated": "2025-02-24 12:33:57.199217+00:00", "RecordID": "19286", "Level": "2", "UserID": "S-1-5-18"}
{"EventID": "1009", "Channel": "Microsoft-Windows-SMBServer/Security", "Provider_Name": "Microsoft-Windows-SMBServer", "Computer": "DESKTOP-OFJ6N53", "TimeCreated": "2025-02-24 15:13:09.844036+00:00", "RecordID": "19287", "Level": "2", "UserID": "S-1-5-18"}
{"EventID": "551", "Channel": "Microsoft-Windows-SMBServer/Security", "Provider_Name": "Microsoft-Windows-SMBServer", "Computer": "DESKTOP-OFJ6N53", "TimeCreated": "2025-02-24 15:13:09.844042+00:00", "RecordID": "19288", "Level": "2", "UserID": "S-1-5-18"}
{"EventID": "1009", "Channel": "Microsoft-Windows-SMBServer/Security", "Provider_Name": "Microsoft-Windows-SMBServer", "Computer": "DESKTOP-OFJ6N53", "TimeCreated": "2025-02-24 22:13:13.438513+00:00", "RecordID": "19289", "Level": "2", "UserID": "S-1-5-18"}
{"EventID": "551", "Channel": "Microsoft-Windows-SMBServer/Security", "Provider_Name": "Microsoft-Windows-SMBServer", "Computer": "DESKTOP-OFJ6N53", "TimeCreated": "2025-02-24 22:13:13.438517+00:00", "RecordID": "19290", "Level": "2", "UserID": "S-1-5-18"}
{"EventID": "1009", "Channel": "Microsoft-Windows-SMBServer/Security", "Provider_Name": "Microsoft-Windows-SMBServer", "Computer": "DESKTOP-OFJ6N53", "TimeCreated": "2025-02-25 05:12:57.810232+00:00", "RecordID": "19291", "Level": "2", "UserID": "S-1-5-18"}
{"EventID": "551", "Channel": "Microsoft-Windows-SMBServer/Security", "Provider_Name": "Microsoft-Windows-SMBServer", "Computer": "DESKTOP-OFJ6N53", "TimeCreated": "2025-02-25 05:12:57.810246+00:00", "RecordID": "19292", "Level": "2", "UserID": "S-1-5-18"}
{"EventID": "1009", "Channel": "Microsoft-Windows-SMBServer/Security", "Provider_Name": "Microsoft-Windows-SMBServer", "Computer": "DESKTOP-OFJ6N53", "TimeCreated": "2025-02-25 05:13:09.899122+00:00", "RecordID": "19293", "Level": "2", "UserID": "S-1-5-18"}
{"EventID": "551", "Channel": "Microsoft-Windows-SMBServer/Security", "Provider_Name": "Microsoft-Windows-SMBServer", "Computer": "DESKTOP-OFJ6N53", "TimeCreated": "2025-02-25 05:13:09.899126+00:00", "RecordID": "19294", "Level": "2", "UserID": "S-1-5-18"}
{"EventID": "1009", "Channel": "Microsoft-Windows-SMBServer/Security", "Provider_Name": "Microsoft-Windows-SMBServer", "Computer": "DESKTOP-OFJ6N53", "TimeCreated": "2025-02-25 12:13:02.292799+00:00", "RecordID": "19295", "Level": "2", "UserID": "S-1-5-18"}
{"EventID": "551", "Channel": "Microsoft-Windows-SMBServer/Security", "Provider_Name": "Microsoft-Windows-SMBServer", "Computer": "DESKTOP-OFJ6N53", "TimeCreated": "2025-02-25 12:13:02.292803+00:00", "RecordID": "19296", "Level": "2", "UserID": "S-1-5-18"}
{"EventID": "1009", "Channel": "Microsoft-Windows-SMBServer/Security", "Provider_Name": "Microsoft-Windows-SMBServer", "Computer": "DESKTOP-OFJ6N53", "TimeCreated": "2025-02-25 12:13:14.387573+00:00", "RecordID": "19297", "Level": "2", "UserID": "S-1-5-18"}
{"EventID": "551", "Channel": "Microsoft-Windows-SMBServer/Security", "Provider_Name": "Microsoft-Windows-SMBServer", "Computer": "DESKTOP-OFJ6N53", "TimeCreated": "2025-02-25 12:13:14.387577+00:00", "RecordID": "19298", "Level": "2", "UserID": "S-1-5-18"}
{"EventID": "551", "Channel": "Microsoft-Windows-SMBServer/Security", "Provider_Name": "Microsoft-Windows-SMBServer", "Computer": "DESKTOP-OFJ6N53", "TimeCreated": "2025-02-25 16:33:45.640587+00:00", "RecordID": "19299", "Level": "2", "UserID": "S-1-5-18"}
{"EventID": "1009", "Channel": "Microsoft-Windows-SMBServer/Security", "Provider_Name": "Microsoft-Windows-SMBServer", "Computer": "DESKTOP-OFJ6N53", "TimeCreated": "2025-02-25 19:12:59.627712+00:00", "RecordID": "19300", "Level": "2", "UserID": "S-1-5-18"}
{"EventID": "551", "Channel": "Microsoft-Windows-SMBServer/Security", "Provider_Name": "Microsoft-Windows-SMBServer", "Computer": "DESKTOP-OFJ6N53", "TimeCreated": "2025-02-25 19:12:59.627716+00:00", "RecordID": "19301", "Level": "2", "UserID": "S-1-5-18"}
{"EventID": "1009", "Channel": "Microsoft-Windows-SMBServer/Security", "Provider_Name": "Microsoft-Windows-SMBServer", "Computer": "DESKTOP-OFJ6N53", "TimeCreated": "2025-02-25 19:13:12.818106+00:00", "RecordID": "19302", "Level": "2", "UserID": "S-1-5-18"}
{"EventID": "551", "Channel": "Microsoft-Windows-SMBServer/Security", "Provider_Name": "Microsoft-Windows-SMBServer", "Computer": "DESKTOP-OFJ6N53", "TimeCreated": "2025-02-25 19:13:12.818111+00:00", "RecordID": "19303", "Level": "2", "UserID": "S-1-5-18"}
{"EventID": "551", "Channel": "Microsoft-Windows-SMBServer/Security", "Provider_Name": "Microsoft-Windows-SMBServer", "Computer": "DESKTOP-OFJ6N53", "TimeCreated": "2025-02-25 23:33:45.495127+00:00", "RecordID": "19304", "Level": "2", "UserID": "S-1-5-18"}
{"EventID": "1009", "Channel": "Microsoft-Windows-SMBServer/Security", "Provider_Name": "Microsoft-Windows-SMBServer", "Computer": "DESKTOP-OFJ6N53", "TimeCreated": "2025-02-26 02:13:00.668922+00:00", "RecordID": "19305", "Level": "2", "UserID": "S-1-5-18"}
{"EventID": "551", "Channel": "Microsoft-Windows-SMBServer/Security", "Provider_Name": "Microsoft-Windows-SMBServer", "Computer": "DESKTOP-OFJ6N53", "TimeCreated": "2025-02-26 02:13:00.668928+00:00", "RecordID": "19306", "Level": "2", "UserID": "S-1-5-18"}
{"EventID": "1009", "Channel": "Microsoft-Windows-SMBServer/Security", "Provider_Name": "Microsoft-Windows-SMBServer", "Computer": "DESKTOP-OFJ6N53", "TimeCreated": "2025-02-26 02:13:12.809366+00:00", "RecordID": "19307", "Level": "2", "UserID": "S-1-5-18"}
{"EventID": "551", "Channel": "Microsoft-Windows-SMBServer/Security", "Provider_Name": "Microsoft-Windows-SMBServer", "Computer": "DESKTOP-OFJ6N53", "TimeCreated": "2025-02-26 02:13:12.809372+00:00", "RecordID": "19308", "Level": "2", "UserID": "S-1-5-18"}
{"EventID": "1009", "Channel": "Microsoft-Windows-SMBServer/Security", "Provider_Name": "Microsoft-Windows-SMBServer", "Computer": "DESKTOP-OFJ6N53", "TimeCreated": "2025-02-26 09:13:02.491997+00:00", "RecordID": "19309", "Level": "2", "UserID": "S-1-5-18"}
{"EventID": "551", "Channel": "Microsoft-Windows-SMBServer/Security", "Provider_Name": "Microsoft-Windows-SMBServer", "Computer": "DESKTOP-OFJ6N53", "TimeCreated": "2025-02-26 09:13:02.492008+00:00", "RecordID": "19310", "Level": "2", "UserID": "S-1-5-18"}
{"EventID": "1009", "Channel": "Microsoft-Windows-SMBServer/Security", "Provider_Name": "Microsoft-Windows-SMBServer", "Computer": "DESKTOP-OFJ6N53", "TimeCreated": "2025-02-26 09:13:14.679937+00:00", "RecordID": "19311", "Level": "2", "UserID": "S-1-5-18"}
{"EventID": "551", "Channel": "Microsoft-Windows-SMBServer/Security", "Provider_Name": "Microsoft-Windows-SMBServer", "Computer": "DESKTOP-OFJ6N53", "TimeCreated": "2025-02-26 09:13:14.679941+00:00", "RecordID": "19312", "Level": "2", "UserID": "S-1-5-18"}
{"EventID": "1009", "Channel": "Microsoft-Windows-SMBServer/Security", "Provider_Name": "Microsoft-Windows-SMBServer", "Computer": "DESKTOP-OFJ6N53", "TimeCreated": "2025-02-26 16:13:02.323843+00:00", "RecordID": "19313", "Level": "2", "UserID": "S-1-5-18"}
{"EventID": "551", "Channel": "Microsoft-Windows-SMBServer/Security", "Provider_Name": "Microsoft-Windows-SMBServer", "Computer": "DESKTOP-OFJ6N53", "TimeCreated": "2025-02-26 16:13:02.323847+00:00", "RecordID": "19314", "Level": "2", "UserID": "S-1-5-18"}
{"EventID": "1009", "Channel": "Microsoft-Windows-SMBServer/Security", "Provider_Name": "Microsoft-Windows-SMBServer", "Computer": "DESKTOP-OFJ6N53", "TimeCreated": "2025-02-26 16:13:14.565882+00:00", "RecordID": "19315", "Level": "2", "UserID": "S-1-5-18"}
{"EventID": "551", "Channel": "Microsoft-Windows-SMBServer/Security", "Provider_Name": "Microsoft-Windows-SMBServer", "Computer": "DESKTOP-OFJ6N53", "TimeCreated": "2025-02-26 16:13:14.565886+00:00", "RecordID": "19316", "Level": "2", "UserID": "S-1-5-18"}
{"EventID": "1009", "Channel": "Microsoft-Windows-SMBServer/Security", "Provider_Name": "Microsoft-Windows-SMBServer", "Computer": "DESKTOP-OFJ6N53", "TimeCreated": "2025-02-26 23:13:04.271646+00:00", "RecordID": "19317", "Level": "2", "UserID": "S-1-5-18"}
{"EventID": "551", "Channel": "Microsoft-Windows-SMBServer/Security", "Provider_Name": "Microsoft-Windows-SMBServer", "Computer": "DESKTOP-OFJ6N53", "TimeCreated": "2025-02-26 23:13:04.271648+00:00", "RecordID": "19318", "Level": "2", "UserID": "S-1-5-18"}
{"EventID": "1009", "Channel": "Microsoft-Windows-SMBServer/Security", "Provider_Name": "Microsoft-Windows-SMBServer", "Computer": "DESKTOP-OFJ6N53", "TimeCreated": "2025-02-26 23:13:17.311279+00:00", "RecordID": "19319", "Level": "2", "UserID": "S-1-5-18"}
{"EventID": "551", "Channel": "Microsoft-Windows-SMBServer/Security", "Provider_Name": "Microsoft-Windows-SMBServer", "Computer": "DESKTOP-OFJ6N53", "TimeCreated": "2025-02-26 23:13:17.311283+00:00", "RecordID": "19320", "Level": "2", "UserID": "S-1-5-18"}
{"EventID": "1009", "Channel": "Microsoft-Windows-SMBServer/Security", "Provider_Name": "Microsoft-Windows-SMBServer", "Computer": "DESKTOP-OFJ6N53", "TimeCreated": "2025-02-27 06:13:01.932068+00:00", "RecordID": "19321", "Level": "2", "UserID": "S-1-5-18"}
{"EventID": "551", "Channel": "Microsoft-Windows-SMBServer/Security", "Provider_Name": "Microsoft-Windows-SMBServer", "Computer": "DESKTOP-OFJ6N53", "TimeCreated": "2025-02-27 06:13:01.932070+00:00", "RecordID": "19322", "Level": "2", "UserID": "S-1-5-18"}
{"EventID": "1009", "Channel": "Microsoft-Windows-SMBServer/Security", "Provider_Name": "Microsoft-Windows-SMBServer", "Computer": "DESKTOP-OFJ6N53", "TimeCreated": "2025-02-27 06:13:14.496950+00:00", "RecordID": "19323", "Level": "2", "UserID": "S-1-5-18"}
{"EventID": "551", "Channel": "Microsoft-Windows-SMBServer/Security", "Provider_Name": "Microsoft-Windows-SMBServer", "Computer": "DESKTOP-OFJ6N53", "TimeCreated": "2025-02-27 06:13:14.496952+00:00", "RecordID": "19324", "Level": "2", "UserID": "S-1-5-18"}
{"EventID": "551", "Channel": "Microsoft-Windows-SMBServer/Security", "Provider_Name": "Microsoft-Windows-SMBServer", "Computer": "DESKTOP-OFJ6N53", "TimeCreated": "2025-02-27 10:34:22.164358+00:00", "RecordID": "19325", "Level": "2", "UserID": "S-1-5-18"}
{"EventID": "1009", "Channel": "Microsoft-Windows-SMBServer/Security", "Provider_Name": "Microsoft-Windows-SMBServer", "Computer": "DESKTOP-OFJ6N53", "TimeCreated": "2025-02-27 13:13:04.770550+00:00", "RecordID": "19326", "Level": "2", "UserID": "S-1-5-18"}
{"EventID": "551", "Channel": "Microsoft-Windows-SMBServer/Security", "Provider_Name": "Microsoft-Windows-SMBServer", "Computer": "DESKTOP-OFJ6N53", "TimeCreated": "2025-02-27 13:13:04.770559+00:00", "RecordID": "19327", "Level": "2", "UserID": "S-1-5-18"}
{"EventID": "1009", "Channel": "Microsoft-Windows-SMBServer/Security", "Provider_Name": "Microsoft-Windows-SMBServer", "Computer": "DESKTOP-OFJ6N53", "TimeCreated": "2025-02-27 13:13:17.007627+00:00", "RecordID": "19328", "Level": "2", "UserID": "S-1-5-18"}
{"EventID": "551", "Channel": "Microsoft-Windows-SMBServer/Security", "Provider_Name": "Microsoft-Windows-SMBServer", "Computer": "DESKTOP-OFJ6N53", "TimeCreated": "2025-02-27 13:13:17.007631+00:00", "RecordID": "19329", "Level": "2", "UserID": "S-1-5-18"}
{"EventID": "551", "Channel": "Microsoft-Windows-SMBServer/Security", "Provider_Name": "Microsoft-Windows-SMBServer", "Computer": "DESKTOP-OFJ6N53", "TimeCreated": "2025-02-27 17:33:51.690742+00:00", "RecordID": "19330", "Level": "2", "UserID": "S-1-5-18"}
{"EventID": "1009", "Channel": "Microsoft-Windows-SMBServer/Security", "Provider_Name": "Microsoft-Windows-SMBServer", "Computer": "DESKTOP-OFJ6N53", "TimeCreated": "2025-02-27 20:13:05.107491+00:00", "RecordID": "19331", "Level": "2", "UserID": "S-1-5-18"}
{"EventID": "551", "Channel": "Microsoft-Windows-SMBServer/Security", "Provider_Name": "Microsoft-Windows-SMBServer", "Computer": "DESKTOP-OFJ6N53", "TimeCreated": "2025-02-27 20:13:05.107496+00:00", "RecordID": "19332", "Level": "2", "UserID": "S-1-5-18"}
{"EventID": "1009", "Channel": "Microsoft-Windows-SMBServer/Security", "Provider_Name": "Microsoft-Windows-SMBServer", "Computer": "DESKTOP-OFJ6N53", "TimeCreated": "2025-02-27 20:13:17.178091+00:00", "RecordID": "19333", "Level": "2", "UserID": "S-1-5-18"}
{"EventID": "551", "Channel": "Microsoft-Windows-SMBServer/Security", "Provider_Name": "Microsoft-Windows-SMBServer", "Computer": "DESKTOP-OFJ6N53", "TimeCreated": "2025-02-27 20:13:17.178093+00:00", "RecordID": "19334", "Level": "2", "UserID": "S-1-5-18"}
{"EventID": "551", "Channel": "Microsoft-Windows-SMBServer/Security", "Provider_Name": "Microsoft-Windows-SMBServer", "Computer": "DESKTOP-OFJ6N53", "TimeCreated": "2025-02-28 00:33:53.663109+00:00", "RecordID": "19335", "Level": "2", "UserID": "S-1-5-18"}
{"EventID": "1009", "Channel": "Microsoft-Windows-SMBServer/Security", "Provider_Name": "Microsoft-Windows-SMBServer", "Computer": "DESKTOP-OFJ6N53", "TimeCreated": "2025-02-28 03:13:17.429056+00:00", "RecordID": "19336", "Level": "2", "UserID": "S-1-5-18"}
{"EventID": "551", "Channel": "Microsoft-Windows-SMBServer/Security", "Provider_Name": "Microsoft-Windows-SMBServer", "Computer": "DESKTOP-OFJ6N53", "TimeCreated": "2025-02-28 03:13:17.429064+00:00", "RecordID": "19337", "Level": "2", "UserID": "S-1-5-18"}
{"EventID": "551", "Channel": "Microsoft-Windows-SMBServer/Security", "Provider_Name": "Microsoft-Windows-SMBServer", "Computer": "DESKTOP-OFJ6N53", "TimeCreated": "2025-02-28 07:33:53.151878+00:00", "RecordID": "19338", "Level": "2", "UserID": "S-1-5-18"}
{"EventID": "1009", "Channel": "Microsoft-Windows-SMBServer/Security", "Provider_Name": "Microsoft-Windows-SMBServer", "Computer": "DESKTOP-OFJ6N53", "TimeCreated": "2025-02-28 10:13:04.484016+00:00", "RecordID": "19339", "Level": "2", "UserID": "S-1-5-18"}
{"EventID": "551", "Channel": "Microsoft-Windows-SMBServer/Security", "Provider_Name": "Microsoft-Windows-SMBServer", "Computer": "DESKTOP-OFJ6N53", "TimeCreated": "2025-02-28 10:13:04.484022+00:00", "RecordID": "19340", "Level": "2", "UserID": "S-1-5-18"}
{"EventID": "1009", "Channel": "Microsoft-Windows-SMBServer/Security", "Provider_Name": "Microsoft-Windows-SMBServer", "Computer": "DESKTOP-OFJ6N53", "TimeCreated": "2025-02-28 10:13:16.582840+00:00", "RecordID": "19341", "Level": "2", "UserID": "S-1-5-18"}
{"EventID": "551", "Channel": "Microsoft-Windows-SMBServer/Security", "Provider_Name": "Microsoft-Windows-SMBServer", "Computer": "DESKTOP-OFJ6N53", "TimeCreated": "2025-02-28 10:13:16.582842+00:00", "RecordID": "19342", "Level": "2", "UserID": "S-1-5-18"}
{"EventID": "551", "Channel": "Microsoft-Windows-SMBServer/Security", "Provider_Name": "Microsoft-Windows-SMBServer", "Computer": "DESKTOP-OFJ6N53", "TimeCreated": "2025-02-28 14:34:24.665697+00:00", "RecordID": "19343", "Level": "2", "UserID": "S-1-5-18"}
{"EventID": "1009", "Channel": "Microsoft-Windows-SMBServer/Security", "Provider_Name": "Microsoft-Windows-SMBServer", "Computer": "DESKTOP-OFJ6N53", "TimeCreated": "2025-02-28 17:13:05.924345+00:00", "RecordID": "19344", "Level": "2", "UserID": "S-1-5-18"}
{"EventID": "551", "Channel": "Microsoft-Windows-SMBServer/Security", "Provider_Name": "Microsoft-Windows-SMBServer", "Computer": "DESKTOP-OFJ6N53", "TimeCreated": "2025-02-28 17:13:05.924349+00:00", "RecordID": "19345", "Level": "2", "UserID": "S-1-5-18"}
{"EventID": "1009", "Channel": "Microsoft-Windows-SMBServer/Security", "Provider_Name": "Microsoft-Windows-SMBServer", "Computer": "DESKTOP-OFJ6N53", "TimeCreated": "2025-02-28 17:13:18.285969+00:00", "RecordID": "19346", "Level": "2", "UserID": "S-1-5-18"}
{"EventID": "551", "Channel": "Microsoft-Windows-SMBServer/Security", "Provider_Name": "Microsoft-Windows-SMBServer", "Computer": "DESKTOP-OFJ6N53", "TimeCreated": "2025-02-28 17:13:18.285973+00:00", "RecordID": "19347", "Level": "2", "UserID": "S-1-5-18"}
{"EventID": "551", "Channel": "Microsoft-Windows-SMBServer/Security", "Provider_Name": "Microsoft-Windows-SMBServer", "Computer": "DESKTOP-OFJ6N53", "TimeCreated": "2025-02-28 21:33:56.565603+00:00", "RecordID": "19348", "Level": "2", "UserID": "S-1-5-18"}
{"EventID": "1009", "Channel": "Microsoft-Windows-SMBServer/Security", "Provider_Name": "Microsoft-Windows-SMBServer", "Computer": "DESKTOP-OFJ6N53", "TimeCreated": "2025-03-01 00:13:05.333483+00:00", "RecordID": "19349", "Level": "2", "UserID": "S-1-5-18"}
{"EventID": "551", "Channel": "Microsoft-Windows-SMBServer/Security", "Provider_Name": "Microsoft-Windows-SMBServer", "Computer": "DESKTOP-OFJ6N53", "TimeCreated": "2025-03-01 00:13:05.333488+00:00", "RecordID": "19350", "Level": "2", "UserID": "S-1-5-18"}
{"EventID": "1009", "Channel": "Microsoft-Windows-SMBServer/Security", "Provider_Name": "Microsoft-Windows-SMBServer", "Computer": "DESKTOP-OFJ6N53", "TimeCreated": "2025-03-01 00:13:17.532366+00:00", "RecordID": "19351", "Level": "2", "UserID": "S-1-5-18"}
{"EventID": "551", "Channel": "Microsoft-Windows-SMBServer/Security", "Provider_Name": "Microsoft-Windows-SMBServer", "Computer": "DESKTOP-OFJ6N53", "TimeCreated": "2025-03-01 00:13:17.532370+00:00", "RecordID": "19352", "Level": "2", "UserID": "S-1-5-18"}
{"EventID": "551", "Channel": "Microsoft-Windows-SMBServer/Security", "Provider_Name": "Microsoft-Windows-SMBServer", "Computer": "DESKTOP-OFJ6N53", "TimeCreated": "2025-03-01 04:33:56.764601+00:00", "RecordID": "19353", "Level": "2", "UserID": "S-1-5-18"}
{"EventID": "1009", "Channel": "Microsoft-Windows-SMBServer/Security", "Provider_Name": "Microsoft-Windows-SMBServer", "Computer": "DESKTOP-OFJ6N53", "TimeCreated": "2025-03-01 07:13:04.920540+00:00", "RecordID": "19354", "Level": "2", "UserID": "S-1-5-18"}
{"EventID": "551", "Channel": "Microsoft-Windows-SMBServer/Security", "Provider_Name": "Microsoft-Windows-SMBServer", "Computer": "DESKTOP-OFJ6N53", "TimeCreated": "2025-03-01 07:13:04.920544+00:00", "RecordID": "19355", "Level": "2", "UserID": "S-1-5-18"}
{"EventID": "1009", "Channel": "Microsoft-Windows-SMBServer/Security", "Provider_Name": "Microsoft-Windows-SMBServer", "Computer": "DESKTOP-OFJ6N53", "TimeCreated": "2025-03-01 07:13:17.062553+00:00", "RecordID": "19356", "Level": "2", "UserID": "S-1-5-18"}
{"EventID": "551", "Channel": "Microsoft-Windows-SMBServer/Security", "Provider_Name": "Microsoft-Windows-SMBServer", "Computer": "DESKTOP-OFJ6N53", "TimeCreated": "2025-03-01 07:13:17.062555+00:00", "RecordID": "19357", "Level": "2", "UserID": "S-1-5-18"}
{"EventID": "551", "Channel": "Microsoft-Windows-SMBServer/Security", "Provider_Name": "Microsoft-Windows-SMBServer", "Computer": "DESKTOP-OFJ6N53", "TimeCreated": "2025-03-01 11:33:59.420744+00:00", "RecordID": "19358", "Level": "2", "UserID": "S-1-5-18"}
{"EventID": "1009", "Channel": "Microsoft-Windows-SMBServer/Security", "Provider_Name": "Microsoft-Windows-SMBServer", "Computer": "DESKTOP-OFJ6N53", "TimeCreated": "2025-03-01 14:13:07.955725+00:00", "RecordID": "19359", "Level": "2", "UserID": "S-1-5-18"}
{"EventID": "551", "Channel": "Microsoft-Windows-SMBServer/Security", "Provider_Name": "Microsoft-Windows-SMBServer", "Computer": "DESKTOP-OFJ6N53", "TimeCreated": "2025-03-01 14:13:07.955729+00:00", "RecordID": "19360", "Level": "2", "UserID": "S-1-5-18"}
{"EventID": "1009", "Channel": "Microsoft-Windows-SMBServer/Security", "Provider_Name": "Microsoft-Windows-SMBServer", "Computer": "DESKTOP-OFJ6N53", "TimeCreated": "2025-03-01 14:13:20.173794+00:00", "RecordID": "19361", "Level": "2", "UserID": "S-1-5-18"}
{"EventID": "551", "Channel": "Microsoft-Windows-SMBServer/Security", "Provider_Name": "Microsoft-Windows-SMBServer", "Computer": "DESKTOP-OFJ6N53", "TimeCreated": "2025-03-01 14:13:20.173796+00:00", "RecordID": "19362", "Level": "2", "UserID": "S-1-5-18"}
{"EventID": "551", "Channel": "Microsoft-Windows-SMBServer/Security", "Provider_Name": "Microsoft-Windows-SMBServer", "Computer": "DESKTOP-OFJ6N53", "TimeCreated": "2025-03-01 18:33:58.679251+00:00", "RecordID": "19363", "Level": "2", "UserID": "S-1-5-18"}
{"EventID": "1009", "Channel": "Microsoft-Windows-SMBServer/Security", "Provider_Name": "Microsoft-Windows-SMBServer", "Computer": "DESKTOP-OFJ6N53", "TimeCreated": "2025-03-01 21:13:21.843618+00:00", "RecordID": "19364", "Level": "2", "UserID": "S-1-5-18"}
{"EventID": "551", "Channel": "Microsoft-Windows-SMBServer/Security", "Provider_Name": "Microsoft-Windows-SMBServer", "Computer": "DESKTOP-OFJ6N53", "TimeCreated": "2025-03-01 21:13:21.843634+00:00", "RecordID": "19365", "Level": "2", "UserID": "S-1-5-18"}
{"EventID": "551", "Channel": "Microsoft-Windows-SMBServer/Security", "Provider_Name": "Microsoft-Windows-SMBServer", "Computer": "DESKTOP-OFJ6N53", "TimeCreated": "2025-03-02 01:34:07.825762+00:00", "RecordID": "19366", "Level": "2", "UserID": "S-1-5-18"}
{"EventID": "1009", "Channel": "Microsoft-Windows-SMBServer/Security", "Provider_Name": "Microsoft-Windows-SMBServer", "Computer": "DESKTOP-OFJ6N53", "TimeCreated": "2025-03-02 04:13:06.894981+00:00", "RecordID": "19367", "Level": "2", "UserID": "S-1-5-18"}
{"EventID": "551", "Channel": "Microsoft-Windows-SMBServer/Security", "Provider_Name": "Microsoft-Windows-SMBServer", "Computer": "DESKTOP-OFJ6N53", "TimeCreated": "2025-03-02 04:13:06.894983+00:00", "RecordID": "19368", "Level": "2", "UserID": "S-1-5-18"}
{"EventID": "1009", "Channel": "Microsoft-Windows-SMBServer/Security", "Provider_Name": "Microsoft-Windows-SMBServer", "Computer": "DESKTOP-OFJ6N53", "TimeCreated": "2025-03-02 04:13:18.994020+00:00", "RecordID": "19369", "Level": "2", "UserID": "S-1-5-18"}
{"EventID": "551", "Channel": "Microsoft-Windows-SMBServer/Security", "Provider_Name": "Microsoft-Windows-SMBServer", "Computer": "DESKTOP-OFJ6N53", "TimeCreated": "2025-03-02 04:13:18.994024+00:00", "RecordID": "19370", "Level": "2", "UserID": "S-1-5-18"}
{"EventID": "551", "Channel": "Microsoft-Windows-SMBServer/Security", "Provider_Name": "Microsoft-Windows-SMBServer", "Computer": "DESKTOP-OFJ6N53", "TimeCreated": "2025-03-02 08:34:00.838963+00:00", "RecordID": "19371", "Level": "2", "UserID": "S-1-5-18"}
{"EventID": "1009", "Channel": "Microsoft-Windows-SMBServer/Security", "Provider_Name": "Microsoft-Windows-SMBServer", "Computer": "DESKTOP-OFJ6N53", "TimeCreated": "2025-03-02 11:13:20.973135+00:00", "RecordID": "19372", "Level": "2", "UserID": "S-1-5-18"}
{"EventID": "551", "Channel": "Microsoft-Windows-SMBServer/Security", "Provider_Name": "Microsoft-Windows-SMBServer", "Computer": "DESKTOP-OFJ6N53", "TimeCreated": "2025-03-02 11:13:20.973139+00:00", "RecordID": "19373", "Level": "2", "UserID": "S-1-5-18"}
{"EventID": "551", "Channel": "Microsoft-Windows-SMBServer/Security", "Provider_Name": "Microsoft-Windows-SMBServer", "Computer": "DESKTOP-OFJ6N53", "TimeCreated": "2025-03-02 15:34:00.973677+00:00", "RecordID": "19374", "Level": "2", "UserID": "S-1-5-18"}
{"EventID": "1009", "Channel": "Microsoft-Windows-SMBServer/Security", "Provider_Name": "Microsoft-Windows-SMBServer", "Computer": "DESKTOP-OFJ6N53", "TimeCreated": "2025-03-02 18:13:21.534113+00:00", "RecordID": "19375", "Level": "2", "UserID": "S-1-5-18"}
{"EventID": "551", "Channel": "Microsoft-Windows-SMBServer/Security", "Provider_Name": "Microsoft-Windows-SMBServer", "Computer": "DESKTOP-OFJ6N53", "TimeCreated": "2025-03-02 18:13:21.534117+00:00", "RecordID": "19376", "Level": "2", "UserID": "S-1-5-18"}
{"EventID": "551", "Channel": "Microsoft-Windows-SMBServer/Security", "Provider_Name": "Microsoft-Windows-SMBServer", "Computer": "DESKTOP-OFJ6N53", "TimeCreated": "2025-03-02 22:34:01.958731+00:00", "RecordID": "19377", "Level": "2", "UserID": "S-1-5-18"}
{"EventID": "1009", "Channel": "Microsoft-Windows-SMBServer/Security", "Provider_Name": "Microsoft-Windows-SMBServer", "Computer": "DESKTOP-OFJ6N53", "TimeCreated": "2025-03-03 01:13:08.737898+00:00", "RecordID": "19378", "Level": "2", "UserID": "S-1-5-18"}
{"EventID": "551", "Channel": "Microsoft-Windows-SMBServer/Security", "Provider_Name": "Microsoft-Windows-SMBServer", "Computer": "DESKTOP-OFJ6N53", "TimeCreated": "2025-03-03 01:13:08.737902+00:00", "RecordID": "19379", "Level": "2", "UserID": "S-1-5-18"}
{"EventID": "1009", "Channel": "Microsoft-Windows-SMBServer/Security", "Provider_Name": "Microsoft-Windows-SMBServer", "Computer": "DESKTOP-OFJ6N53", "TimeCreated": "2025-03-03 01:13:20.905418+00:00", "RecordID": "19380", "Level": "2", "UserID": "S-1-5-18"}
{"EventID": "551", "Channel": "Microsoft-Windows-SMBServer/Security", "Provider_Name": "Microsoft-Windows-SMBServer", "Computer": "DESKTOP-OFJ6N53", "TimeCreated": "2025-03-03 01:13:20.905422+00:00", "RecordID": "19381", "Level": "2", "UserID": "S-1-5-18"}
{"EventID": "551", "Channel": "Microsoft-Windows-SMBServer/Security", "Provider_Name": "Microsoft-Windows-SMBServer", "Computer": "DESKTOP-OFJ6N53", "TimeCreated": "2025-03-03 05:35:06.523712+00:00", "RecordID": "19382", "Level": "2", "UserID": "S-1-5-18"}
{"EventID": "1009", "Channel": "Microsoft-Windows-SMBServer/Security", "Provider_Name": "Microsoft-Windows-SMBServer", "Computer": "DESKTOP-OFJ6N53", "TimeCreated": "2025-03-03 08:13:22.494873+00:00", "RecordID": "19383", "Level": "2", "UserID": "S-1-5-18"}
{"EventID": "551", "Channel": "Microsoft-Windows-SMBServer/Security", "Provider_Name": "Microsoft-Windows-SMBServer", "Computer": "DESKTOP-OFJ6N53", "TimeCreated": "2025-03-03 08:13:22.494877+00:00", "RecordID": "19384", "Level": "2", "UserID": "S-1-5-18"}
{"EventID": "551", "Channel": "Microsoft-Windows-SMBServer/Security", "Provider_Name": "Microsoft-Windows-SMBServer", "Computer": "DESKTOP-OFJ6N53", "TimeCreated": "2025-03-03 12:34:04.009405+00:00", "RecordID": "19385", "Level": "2", "UserID": "S-1-5-18"}
{"EventID": "1009", "Channel": "Microsoft-Windows-SMBServer/Security", "Provider_Name": "Microsoft-Windows-SMBServer", "Computer": "DESKTOP-OFJ6N53", "TimeCreated": "2025-03-03 15:13:10.851538+00:00", "RecordID": "19386", "Level": "2", "UserID": "S-1-5-18"}
{"EventID": "551", "Channel": "Microsoft-Windows-SMBServer/Security", "Provider_Name": "Microsoft-Windows-SMBServer", "Computer": "DESKTOP-OFJ6N53", "TimeCreated": "2025-03-03 15:13:10.851542+00:00", "RecordID": "19387", "Level": "2", "UserID": "S-1-5-18"}
{"EventID": "1009", "Channel": "Microsoft-Windows-SMBServer/Security", "Provider_Name": "Microsoft-Windows-SMBServer", "Computer": "DESKTOP-OFJ6N53", "TimeCreated": "2025-03-03 15:13:22.941719+00:00", "RecordID": "19388", "Level": "2", "UserID": "S-1-5-18"}
{"EventID": "551", "Channel": "Microsoft-Windows-SMBServer/Security", "Provider_Name": "Microsoft-Windows-SMBServer", "Computer": "DESKTOP-OFJ6N53", "TimeCreated": "2025-03-03 15:13:22.941723+00:00", "RecordID": "19389", "Level": "2", "UserID": "S-1-5-18"}
{"EventID": "551", "Channel": "Microsoft-Windows-SMBServer/Security", "Provider_Name": "Microsoft-Windows-SMBServer", "Computer": "DESKTOP-OFJ6N53", "TimeCreated": "2025-03-03 19:34:14.479898+00:00", "RecordID": "19390", "Level": "2", "UserID": "S-1-5-18"}
{"EventID": "1009", "Channel": "Microsoft-Windows-SMBServer/Security", "Provider_Name": "Microsoft-Windows-SMBServer", "Computer": "DESKTOP-OFJ6N53", "TimeCreated": "2025-03-03 22:13:10.625788+00:00", "RecordID": "19391", "Level": "2", "UserID": "S-1-5-18"}
{"EventID": "551", "Channel": "Microsoft-Windows-SMBServer/Security", "Provider_Name": "Microsoft-Windows-SMBServer", "Computer": "DESKTOP-OFJ6N53", "TimeCreated": "2025-03-03 22:13:10.625792+00:00", "RecordID": "19392", "Level": "2", "UserID": "S-1-5-18"}
{"EventID": "1009", "Channel": "Microsoft-Windows-SMBServer/Security", "Provider_Name": "Microsoft-Windows-SMBServer", "Computer": "DESKTOP-OFJ6N53", "TimeCreated": "2025-03-03 22:13:23.710943+00:00", "RecordID": "19393", "Level": "2", "UserID": "S-1-5-18"}
{"EventID": "551", "Channel": "Microsoft-Windows-SMBServer/Security", "Provider_Name": "Microsoft-Windows-SMBServer", "Computer": "DESKTOP-OFJ6N53", "TimeCreated": "2025-03-03 22:13:23.710949+00:00", "RecordID": "19394", "Level": "2", "UserID": "S-1-5-18"}
