{"EventID": "1149", "Channel": "Microsoft-Windows-TerminalServices-RemoteConnectionManager/Operational", "Provider_Name": "Microsoft-Windows-TerminalServices-RemoteConnectionManager", "Computer": "DESKTOP-OFJ6N53", "TimeCreated": "2024-06-27 20:13:26.544863+00:00", "RecordID": "4378", "Level": "4", "UserID": "S-1-5-20"}
{"EventID": "261", "Channel": "Microsoft-Windows-TerminalServices-RemoteConnectionManager/Operational", "Provider_Name": "Microsoft-Windows-TerminalServices-RemoteConnectionManager", "Computer": "DESKTOP-OFJ6N53", "TimeCreated": "2024-06-28 00:46:17.319283+00:00", "RecordID": "4379", "Level": "4", "UserID": "S-1-5-20"}
{"EventID": "1149", "Channel": "Microsoft-Windows-TerminalServices-RemoteConnectionManager/Operational", "Provider_Name": "Microsoft-Windows-TerminalServices-RemoteConnectionManager", "Computer": "DESKTOP-OFJ6N53", "TimeCreated": "2024-06-28 00:46:17.464861+00:00", "RecordID": "4380", "Level": "4", "UserID": "S-1-5-20"}
{"EventID": "261", "Channel": "Microsoft-Windows-TerminalServices-RemoteConnectionManager/Operational", "Provider_Name": "Microsoft-Windows-TerminalServices-RemoteConnectionManager", "Computer": "DESKTOP-OFJ6N53", "TimeCreated": "2024-06-28 06:58:25.525385+00:00", "RecordID": "4381", "Level": "4", "UserID": "S-1-5-20"}
{"EventID": "1149", "Channel": "Microsoft-Windows-TerminalServices-RemoteConnectionManager/Operational", "Provider_Name": "Microsoft-Windows-TerminalServices-RemoteConnectionManager", "Computer": "DESKTOP-OFJ6N53", "TimeCreated": "2024-06-28 06:58:30.747009+00:00", "RecordID": "4382", "Level": "4", "UserID": "S-1-5-20"}
{"EventID": "261", "Channel": "Microsoft-Windows-TerminalServices-RemoteConnectionManager/Operational", "Provider_Name": "Microsoft-Windows-TerminalServices-RemoteConnectionManager", "Computer": "DESKTOP-OFJ6N53", "TimeCreated": "2024-06-28 07:59:20.707113+00:00", "RecordID": "4383", "Level": "4", "UserID": "S-1-5-20"}
{"EventID": "1149", "Channel": "Microsoft-Windows-TerminalServices-RemoteConnectionManager/Operational", "Provider_Name": "Microsoft-Windows-TerminalServices-RemoteConnectionManager", "Computer": "DESKTOP-OFJ6N53", "TimeCreated": "2024-06-28 07:59:20.937731+00:00", "RecordID": "4384", "Level": "4", "UserID": "S-1-5-20"}
{"EventID": "261", "Channel": "Microsoft-Windows-TerminalServices-RemoteConnectionManager/Operational", "Provider_Name": "Microsoft-Windows-TerminalServices-RemoteConnectionManager", "Computer": "DESKTOP-OFJ6N53", "TimeCreated": "2024-06-29 20:30:47.077044+00:00", "RecordID": "4385", "Level": "4", "UserID": "S-1-5-20"}
{"EventID": "261", "Channel": "Microsoft-Windows-TerminalServices-RemoteConnectionManager/Operational", "Provider_Name": "Microsoft-Windows-TerminalServices-RemoteConnectionManager", "Computer": "DESKTOP-OFJ6N53", "TimeCreated": "2024-06-29 20:30:51.527143+00:00", "RecordID": "4386", "Level": "4", "UserID": "S-1-5-20"}
{"EventID": "1149", "Channel": "Microsoft-Windows-TerminalServices-RemoteConnectionManager/Operational", "Provider_Name": "Microsoft-Windows-TerminalServices-RemoteConnectionManager", "Computer": "DESKTOP-OFJ6N53", "TimeCreated": "2024-06-29 20:30:51.764746+00:00", "RecordID": "4387", "Level": "4", "UserID": "S-1-5-20"}
{"EventID": "263", "Channel": "Microsoft-Windows-TerminalServices-RemoteConnectionManager/Operational", "Provider_Name": "Microsoft-Windows-TerminalServices-RemoteConnectionManager", "Computer": "DESKTOP-OFJ6N53", "TimeCreated": "2024-07-03 13:21:54.931353+00:00", "RecordID": "4388", "Level": "4", "UserID": "S-1-5-20"}
{"EventID": "20523", "Channel": "Microsoft-Windows-TerminalServices-RemoteConnectionManager/Operational", "Provider_Name": "Microsoft-Windows-TerminalServices-RemoteConnectionManager", "Computer": "DESKTOP-OFJ6N53", "TimeCreated": "2024-07-03 13:21:55.048004+00:00", "RecordID": "4389", "Level": "4", "UserID": "S-1-5-20"}
{"EventID": "258", "Channel": "Microsoft-Windows-TerminalServices-RemoteConnectionManager/Operational", "Provider_Name": "Microsoft-Windows-TerminalServices-RemoteConnectionManager", "Computer": "DESKTOP-OFJ6N53", "TimeCreated": "2024-07-03 13:21:55.848778+00:00", "RecordID": "4390", "Level": "4", "UserID": "S-1-5-20"}
{"EventID": "263", "Channel": "Microsoft-Windows-TerminalServices-RemoteConnectionManager/Operational", "Provider_Name": "Microsoft-Windows-TerminalServices-RemoteConnectionManager", "Computer": "DESKTOP-OFJ6N53", "TimeCreated": "2024-07-03 13:21:56.724907+00:00", "RecordID": "4391", "Level": "4", "UserID": "S-1-5-20"}
{"EventID": "263", "Channel": "Microsoft-Windows-TerminalServices-RemoteConnectionManager/Operational", "Provider_Name": "Microsoft-Windows-TerminalServices-RemoteConnectionManager", "Computer": "DESKTOP-OFJ6N53", "TimeCreated": "2024-07-03 13:21:56.736546+00:00", "RecordID": "4392", "Level": "4", "UserID": "S-1-5-20"}
{"EventID": "1136", "Channel": "Microsoft-Windows-TerminalServices-RemoteConnectionManager/Operational", "Provider_Name": "Microsoft-Windows-TerminalServices-RemoteConnectionManager", "Computer": "DESKTOP-OFJ6N53", "TimeCreated": "2024-07-03 13:21:56.744202+00:00", "RecordID": "4393", "Level": "4", "UserID": "S-1-5-18"}
{"EventID": "263", "Channel": "Microsoft-Windows-TerminalServices-RemoteConnectionManager/Operational", "Provider_Name": "Microsoft-Windows-TerminalServices-RemoteConnectionManager", "Computer": "DESKTOP-OFJ6N53", "TimeCreated": "2024-07-03 13:21:56.749496+00:00", "RecordID": "4394", "Level": "4", "UserID": "S-1-5-20"}
{"EventID": "263", "Channel": "Microsoft-Windows-TerminalServices-RemoteConnectionManager/Operational", "Provider_Name": "Microsoft-Windows-TerminalServices-RemoteConnectionManager", "Computer": "DESKTOP-OFJ6N53", "TimeCreated": "2024-07-03 13:21:56.772127+00:00", "RecordID": "4395", "Level": "4", "UserID": "S-1-5-20"}
{"EventID": "263", "Channel": "Microsoft-Windows-TerminalServices-RemoteConnectionManager/Operational", "Provider_Name": "Microsoft-Windows-TerminalServices-RemoteConnectionManager", "Computer": "DESKTOP-OFJ6N53", "TimeCreated": "2024-07-03 13:21:56.786844+00:00", "RecordID": "4396", "Level": "4", "UserID": "S-1-5-20"}
{"EventID": "261", "Channel": "Microsoft-Windows-TerminalServices-RemoteConnectionManager/Operational", "Provider_Name": "Microsoft-Windows-TerminalServices-RemoteConnectionManager", "Computer": "DESKTOP-OFJ6N53", "TimeCreated": "2024-07-04 10:12:31.739706+00:00", "RecordID": "4397", "Level": "4", "UserID": "S-1-5-20"}
{"EventID": "261", "Channel": "Microsoft-Windows-TerminalServices-RemoteConnectionManager/Operational", "Provider_Name": "Microsoft-Windows-TerminalServices-RemoteConnectionManager", "Computer": "DESKTOP-OFJ6N53", "TimeCreated": "2024-07-04 10:12:37.277515+00:00", "RecordID": "4398", "Level": "4", "UserID": "S-1-5-20"}
{"EventID": "1149", "Channel": "Microsoft-Windows-TerminalServices-RemoteConnectionManager/Operational", "Provider_Name": "Microsoft-Windows-TerminalServices-RemoteConnectionManager", "Computer": "DESKTOP-OFJ6N53", "TimeCreated": "2024-07-04 10:12:37.507591+00:00", "RecordID": "4399", "Level": "4", "UserID": "S-1-5-20"}
{"EventID": "263", "Channel": "Microsoft-Windows-TerminalServices-RemoteConnectionManager/Operational", "Provider_Name": "Microsoft-Windows-TerminalServices-RemoteConnectionManager", "Computer": "DESKTOP-OFJ6N53", "TimeCreated": "2024-07-05 00:44:51.499352+00:00", "RecordID": "4400", "Level": "4", "UserID": "S-1-5-20"}
{"EventID": "263", "Channel": "Microsoft-Windows-TerminalServices-RemoteConnectionManager/Operational", "Provider_Name": "Microsoft-Windows-TerminalServices-RemoteConnectionManager", "Computer": "DESKTOP-OFJ6N53", "TimeCreated": "2024-07-10 14:33:47.064739+00:00", "RecordID": "4401", "Level": "4", "UserID": "S-1-5-20"}
{"EventID": "20523", "Channel": "Microsoft-Windows-TerminalServices-RemoteConnectionManager/Operational", "Provider_Name": "Microsoft-Windows-TerminalServices-RemoteConnectionManager", "Computer": "DESKTOP-OFJ6N53", "TimeCreated": "2024-07-10 14:33:47.248005+00:00", "RecordID": "4402", "Level": "4", "UserID": "S-1-5-20"}
{"EventID": "258", "Channel": "Microsoft-Windows-TerminalServices-RemoteConnectionManager/Operational", "Provider_Name": "Microsoft-Windows-TerminalServices-RemoteConnectionManager", "Computer": "DESKTOP-OFJ6N53", "TimeCreated": "2024-07-10 14:33:48.159939+00:00", "RecordID": "4403", "Level": "4", "UserID": "S-1-5-20"}
{"EventID": "263", "Channel": "Microsoft-Windows-TerminalServices-RemoteConnectionManager/Operational", "Provider_Name": "Microsoft-Windows-TerminalServices-RemoteConnectionManager", "Computer": "DESKTOP-OFJ6N53", "TimeCreated": "2024-07-10 14:33:49.003679+00:00", "RecordID": "4404", "Level": "4", "UserID": "S-1-5-20"}
{"EventID": "1136", "Channel": "Microsoft-Windows-TerminalServices-RemoteConnectionManager/Operational", "Provider_Name": "Microsoft-Windows-TerminalServices-RemoteConnectionManager", "Computer": "DESKTOP-OFJ6N53", "TimeCreated": "2024-07-10 14:33:49.007063+00:00", "RecordID": "4405", "Level": "4", "UserID": "S-1-5-18"}
{"EventID": "263", "Channel": "Microsoft-Windows-TerminalServices-RemoteConnectionManager/Operational", "Provider_Name": "Microsoft-Windows-TerminalServices-RemoteConnectionManager", "Computer": "DESKTOP-OFJ6N53", "TimeCreated": "2024-07-10 14:33:49.025480+00:00", "RecordID": "4406", "Level": "4", "UserID": "S-1-5-20"}
{"EventID": "263", "Channel": "Microsoft-Windows-TerminalServices-RemoteConnectionManager/Operational", "Provider_Name": "Microsoft-Windows-TerminalServices-RemoteConnectionManager", "Computer": "DESKTOP-OFJ6N53", "TimeCreated": "2024-07-10 14:33:49.035244+00:00", "RecordID": "4407", "Level": "4", "UserID": "S-1-5-20"}
{"EventID": "263", "Channel": "Microsoft-Windows-TerminalServices-RemoteConnectionManager/Operational", "Provider_Name": "Microsoft-Windows-TerminalServices-RemoteConnectionManager", "Computer": "DESKTOP-OFJ6N53", "TimeCreated": "2024-07-10 14:33:49.158123+00:00", "RecordID": "4408", "Level": "4", "UserID": "S-1-5-20"}
{"EventID": "263", "Channel": "Microsoft-Windows-TerminalServices-RemoteConnectionManager/Operational", "Provider_Name": "Microsoft-Windows-TerminalServices-RemoteConnectionManager", "Computer": "DESKTOP-OFJ6N53", "TimeCreated": "2024-07-10 14:33:49.168270+00:00", "RecordID": "4409", "Level": "4", "UserID": "S-1-5-20"}
{"EventID": "263", "Channel": "Microsoft-Windows-TerminalServices-RemoteConnectionManager/Operational", "Provider_Name": "Microsoft-Windows-TerminalServices-RemoteConnectionManager", "Computer": "DESKTOP-OFJ6N53", "TimeCreated": "2024-07-10 14:34:02.835169+00:00", "RecordID": "4410", "Level": "4", "UserID": "S-1-5-20"}
{"EventID": "261", "Channel": "Microsoft-Windows-TerminalServices-RemoteConnectionManager/Operational", "Provider_Name": "Microsoft-Windows-TerminalServices-RemoteConnectionManager", "Computer": "DESKTOP-OFJ6N53", "TimeCreated": "2024-07-11 10:32:00.889456+00:00", "RecordID": "4411", "Level": "4", "UserID": "S-1-5-20"}
{"EventID": "261", "Channel": "Microsoft-Windows-TerminalServices-RemoteConnectionManager/Operational", "Provider_Name": "Microsoft-Windows-TerminalServices-RemoteConnectionManager", "Computer": "DESKTOP-OFJ6N53", "TimeCreated": "2024-07-11 10:32:06.000393+00:00", "RecordID": "4412", "Level": "4", "UserID": "S-1-5-20"}
{"EventID": "1149", "Channel": "Microsoft-Windows-TerminalServices-RemoteConnectionManager/Operational", "Provider_Name": "Microsoft-Windows-TerminalServices-RemoteConnectionManager", "Computer": "DESKTOP-OFJ6N53", "TimeCreated": "2024-07-11 10:32:06.252073+00:00", "RecordID": "4413", "Level": "4", "UserID": "S-1-5-20"}
{"EventID": "261", "Channel": "Microsoft-Windows-TerminalServices-RemoteConnectionManager/Operational", "Provider_Name": "Microsoft-Windows-TerminalServices-RemoteConnectionManager", "Computer": "DESKTOP-OFJ6N53", "TimeCreated": "2024-07-13 13:32:59.015356+00:00", "RecordID": "4414", "Level": "4", "UserID": "S-1-5-20"}
{"EventID": "261", "Channel": "Microsoft-Windows-TerminalServices-RemoteConnectionManager/Operational", "Provider_Name": "Microsoft-Windows-TerminalServices-RemoteConnectionManager", "Computer": "DESKTOP-OFJ6N53", "TimeCreated": "2024-07-13 13:33:03.625227+00:00", "RecordID": "4415", "Level": "4", "UserID": "S-1-5-20"}
{"EventID": "1149", "Channel": "Microsoft-Windows-TerminalServices-RemoteConnectionManager/Operational", "Provider_Name": "Microsoft-Windows-TerminalServices-RemoteConnectionManager", "Computer": "DESKTOP-OFJ6N53", "TimeCreated": "2024-07-13 13:33:03.833372+00:00", "RecordID": "4416", "Level": "4", "UserID": "S-1-5-20"}
{"EventID": "261", "Channel": "Microsoft-Windows-TerminalServices-RemoteConnectionManager/Operational", "Provider_Name": "Microsoft-Windows-TerminalServices-RemoteConnectionManager", "Computer": "DESKTOP-OFJ6N53", "TimeCreated": "2024-07-22 07:25:01.891127+00:00", "RecordID": "4417", "Level": "4", "UserID": "S-1-5-20"}
{"EventID": "261", "Channel": "Microsoft-Windows-TerminalServices-RemoteConnectionManager/Operational", "Provider_Name": "Microsoft-Windows-TerminalServices-RemoteConnectionManager", "Computer": "DESKTOP-OFJ6N53", "TimeCreated": "2024-07-22 07:25:09.609280+00:00", "RecordID": "4418", "Level": "4", "UserID": "S-1-5-20"}
{"EventID": "1149", "Channel": "Microsoft-Windows-TerminalServices-RemoteConnectionManager/Operational", "Provider_Name": "Microsoft-Windows-TerminalServices-RemoteConnectionManager", "Computer": "DESKTOP-OFJ6N53", "TimeCreated": "2024-07-22 07:25:10.096638+00:00", "RecordID": "4419", "Level": "4", "UserID": "S-1-5-20"}
{"EventID": "263", "Channel": "Microsoft-Windows-TerminalServices-RemoteConnectionManager/Operational", "Provider_Name": "Microsoft-Windows-TerminalServices-RemoteConnectionManager", "Computer": "DESKTOP-OFJ6N53", "TimeCreated": "2024-07-22 07:26:32.572737+00:00", "RecordID": "4420", "Level": "4", "UserID": "S-1-5-20"}
{"EventID": "20523", "Channel": "Microsoft-Windows-TerminalServices-RemoteConnectionManager/Operational", "Provider_Name": "Microsoft-Windows-TerminalServices-RemoteConnectionManager", "Computer": "DESKTOP-OFJ6N53", "TimeCreated": "2024-07-22 07:26:32.603594+00:00", "RecordID": "4421", "Level": "4", "UserID": "S-1-5-20"}
{"EventID": "258", "Channel": "Microsoft-Windows-TerminalServices-RemoteConnectionManager/Operational", "Provider_Name": "Microsoft-Windows-TerminalServices-RemoteConnectionManager", "Computer": "DESKTOP-OFJ6N53", "TimeCreated": "2024-07-22 07:26:32.846062+00:00", "RecordID": "4422", "Level": "4", "UserID": "S-1-5-20"}
{"EventID": "263", "Channel": "Microsoft-Windows-TerminalServices-RemoteConnectionManager/Operational", "Provider_Name": "Microsoft-Windows-TerminalServices-RemoteConnectionManager", "Computer": "DESKTOP-OFJ6N53", "TimeCreated": "2024-07-22 07:26:33.145514+00:00", "RecordID": "4423", "Level": "4", "UserID": "S-1-5-20"}
{"EventID": "263", "Channel": "Microsoft-Windows-TerminalServices-RemoteConnectionManager/Operational", "Provider_Name": "Microsoft-Windows-TerminalServices-RemoteConnectionManager", "Computer": "DESKTOP-OFJ6N53", "TimeCreated": "2024-07-22 07:26:33.156780+00:00", "RecordID": "4424", "Level": "4", "UserID": "S-1-5-20"}
{"EventID": "263", "Channel": "Microsoft-Windows-TerminalServices-RemoteConnectionManager/Operational", "Provider_Name": "Microsoft-Windows-TerminalServices-RemoteConnectionManager", "Computer": "DESKTOP-OFJ6N53", "TimeCreated": "2024-07-22 07:26:33.167089+00:00", "RecordID": "4425", "Level": "4", "UserID": "S-1-5-20"}
{"EventID": "1136", "Channel": "Microsoft-Windows-TerminalServices-RemoteConnectionManager/Operational", "Provider_Name": "Microsoft-Windows-TerminalServices-RemoteConnectionManager", "Computer": "DESKTOP-OFJ6N53", "TimeCreated": "2024-07-22 07:26:33.178370+00:00", "RecordID": "4426", "Level": "4", "UserID": "S-1-5-18"}
{"EventID": "263", "Channel": "Microsoft-Windows-TerminalServices-RemoteConnectionManager/Operational", "Provider_Name": "Microsoft-Windows-TerminalServices-RemoteConnectionManager", "Computer": "DESKTOP-OFJ6N53", "TimeCreated": "2024-07-22 07:26:33.184647+00:00", "RecordID": "4427", "Level": "4", "UserID": "S-1-5-20"}
{"EventID": "263", "Channel": "Microsoft-Windows-TerminalServices-RemoteConnectionManager/Operational", "Provider_Name": "Microsoft-Windows-TerminalServices-RemoteConnectionManager", "Computer": "DESKTOP-OFJ6N53", "TimeCreated": "2024-07-22 07:26:33.202879+00:00", "RecordID": "4428", "Level": "4", "UserID": "S-1-5-20"}
{"EventID": "261", "Channel": "Microsoft-Windows-TerminalServices-RemoteConnectionManager/Operational", "Provider_Name": "Microsoft-Windows-TerminalServices-RemoteConnectionManager", "Computer": "DESKTOP-OFJ6N53", "TimeCreated": "2024-07-22 07:27:14.180605+00:00", "RecordID": "4429", "Level": "4", "UserID": "S-1-5-20"}
{"EventID": "261", "Channel": "Microsoft-Windows-TerminalServices-RemoteConnectionManager/Operational", "Provider_Name": "Microsoft-Windows-TerminalServices-RemoteConnectionManager", "Computer": "DESKTOP-OFJ6N53", "TimeCreated": "2024-07-22 07:27:20.457811+00:00", "RecordID": "4430", "Level": "4", "UserID": "S-1-5-20"}
{"EventID": "1149", "Channel": "Microsoft-Windows-TerminalServices-RemoteConnectionManager/Operational", "Provider_Name": "Microsoft-Windows-TerminalServices-RemoteConnectionManager", "Computer": "DESKTOP-OFJ6N53", "TimeCreated": "2024-07-22 07:27:20.582159+00:00", "RecordID": "4431", "Level": "4", "UserID": "S-1-5-20"}
{"EventID": "263", "Channel": "Microsoft-Windows-TerminalServices-RemoteConnectionManager/Operational", "Provider_Name": "Microsoft-Windows-TerminalServices-RemoteConnectionManager", "Computer": "DESKTOP-OFJ6N53", "TimeCreated": "2024-07-22 07:27:23.818485+00:00", "RecordID": "4432", "Level": "4", "UserID": "S-1-5-20"}
{"EventID": "261", "Channel": "Microsoft-Windows-TerminalServices-RemoteConnectionManager/Operational", "Provider_Name": "Microsoft-Windows-TerminalServices-RemoteConnectionManager", "Computer": "DESKTOP-OFJ6N53", "TimeCreated": "2024-07-23 11:59:21.568550+00:00", "RecordID": "4433", "Level": "4", "UserID": "S-1-5-20"}
{"EventID": "1149", "Channel": "Microsoft-Windows-TerminalServices-RemoteConnectionManager/Operational", "Provider_Name": "Microsoft-Windows-TerminalServices-RemoteConnectionManager", "Computer": "DESKTOP-OFJ6N53", "TimeCreated": "2024-07-23 11:59:36.024132+00:00", "RecordID": "4434", "Level": "4", "UserID": "S-1-5-20"}
{"EventID": "261", "Channel": "Microsoft-Windows-TerminalServices-RemoteConnectionManager/Operational", "Provider_Name": "Microsoft-Windows-TerminalServices-RemoteConnectionManager", "Computer": "DESKTOP-OFJ6N53", "TimeCreated": "2024-07-24 09:02:19.423155+00:00", "RecordID": "4435", "Level": "4", "UserID": "S-1-5-20"}
{"EventID": "261", "Channel": "Microsoft-Windows-TerminalServices-RemoteConnectionManager/Operational", "Provider_Name": "Microsoft-Windows-TerminalServices-RemoteConnectionManager", "Computer": "DESKTOP-OFJ6N53", "TimeCreated": "2024-07-24 09:02:24.949528+00:00", "RecordID": "4436", "Level": "4", "UserID": "S-1-5-20"}
{"EventID": "1149", "Channel": "Microsoft-Windows-TerminalServices-RemoteConnectionManager/Operational", "Provider_Name": "Microsoft-Windows-TerminalServices-RemoteConnectionManager", "Computer": "DESKTOP-OFJ6N53", "TimeCreated": "2024-07-24 09:02:25.129843+00:00", "RecordID": "4437", "Level": "4", "UserID": "S-1-5-20"}
{"EventID": "261", "Channel": "Microsoft-Windows-TerminalServices-RemoteConnectionManager/Operational", "Provider_Name": "Microsoft-Windows-TerminalServices-RemoteConnectionManager", "Computer": "DESKTOP-OFJ6N53", "TimeCreated": "2024-07-25 12:58:13.509247+00:00", "RecordID": "4438", "Level": "4", "UserID": "S-1-5-20"}
{"EventID": "261", "Channel": "Microsoft-Windows-TerminalServices-RemoteConnectionManager/Operational", "Provider_Name": "Microsoft-Windows-TerminalServices-RemoteConnectionManager", "Computer": "DESKTOP-OFJ6N53", "TimeCreated": "2024-07-25 12:58:17.659348+00:00", "RecordID": "4439", "Level": "4", "UserID": "S-1-5-20"}
{"EventID": "1149", "Channel": "Microsoft-Windows-TerminalServices-RemoteConnectionManager/Operational", "Provider_Name": "Microsoft-Windows-TerminalServices-RemoteConnectionManager", "Computer": "DESKTOP-OFJ6N53", "TimeCreated": "2024-07-25 12:58:18.185465+00:00", "RecordID": "4440", "Level": "4", "UserID": "S-1-5-20"}
{"EventID": "261", "Channel": "Microsoft-Windows-TerminalServices-RemoteConnectionManager/Operational", "Provider_Name": "Microsoft-Windows-TerminalServices-RemoteConnectionManager", "Computer": "DESKTOP-OFJ6N53", "TimeCreated": "2024-07-26 10:21:17.414610+00:00", "RecordID": "4441", "Level": "4", "UserID": "S-1-5-20"}
{"EventID": "261", "Channel": "Microsoft-Windows-TerminalServices-RemoteConnectionManager/Operational", "Provider_Name": "Microsoft-Windows-TerminalServices-RemoteConnectionManager", "Computer": "DESKTOP-OFJ6N53", "TimeCreated": "2024-07-26 10:21:22.244583+00:00", "RecordID": "4442", "Level": "4", "UserID": "S-1-5-20"}
{"EventID": "1149", "Channel": "Microsoft-Windows-TerminalServices-RemoteConnectionManager/Operational", "Provider_Name": "Microsoft-Windows-TerminalServices-RemoteConnectionManager", "Computer": "DESKTOP-OFJ6N53", "TimeCreated": "2024-07-26 10:21:22.360609+00:00", "RecordID": "4443", "Level": "4", "UserID": "S-1-5-20"}
{"EventID": "261", "Channel": "Microsoft-Windows-TerminalServices-RemoteConnectionManager/Operational", "Provider_Name": "Microsoft-Windows-TerminalServices-RemoteConnectionManager", "Computer": "DESKTOP-OFJ6N53", "TimeCreated": "2024-07-28 15:24:38.449644+00:00", "RecordID": "4444", "Level": "4", "UserID": "S-1-5-20"}
{"EventID": "1149", "Channel": "Microsoft-Windows-TerminalServices-RemoteConnectionManager/Operational", "Provider_Name": "Microsoft-Windows-TerminalServices-RemoteConnectionManager", "Computer": "DESKTOP-OFJ6N53", "TimeCreated": "2024-07-28 15:24:38.753590+00:00", "RecordID": "4445", "Level": "4", "UserID": "S-1-5-20"}
{"EventID": "261", "Channel": "Microsoft-Windows-TerminalServices-RemoteConnectionManager/Operational", "Provider_Name": "Microsoft-Windows-TerminalServices-RemoteConnectionManager", "Computer": "DESKTOP-OFJ6N53", "TimeCreated": "2024-07-29 12:10:38.510307+00:00", "RecordID": "4446", "Level": "4", "UserID": "S-1-5-20"}
{"EventID": "261", "Channel": "Microsoft-Windows-TerminalServices-RemoteConnectionManager/Operational", "Provider_Name": "Microsoft-Windows-TerminalServices-RemoteConnectionManager", "Computer": "DESKTOP-OFJ6N53", "TimeCreated": "2024-07-29 12:10:43.304018+00:00", "RecordID": "4447", "Level": "4", "UserID": "S-1-5-20"}
{"EventID": "1149", "Channel": "Microsoft-Windows-TerminalServices-RemoteConnectionManager/Operational", "Provider_Name": "Microsoft-Windows-TerminalServices-RemoteConnectionManager", "Computer": "DESKTOP-OFJ6N53", "TimeCreated": "2024-07-29 12:10:43.423304+00:00", "RecordID": "4448", "Level": "4", "UserID": "S-1-5-20"}
{"EventID": "261", "Channel": "Microsoft-Windows-TerminalServices-RemoteConnectionManager/Operational", "Provider_Name": "Microsoft-Windows-TerminalServices-RemoteConnectionManager", "Computer": "DESKTOP-OFJ6N53", "TimeCreated": "2024-07-30 08:02:10.112015+00:00", "RecordID": "4449", "Level": "4", "UserID": "S-1-5-20"}
{"EventID": "261", "Channel": "Microsoft-Windows-TerminalServices-RemoteConnectionManager/Operational", "Provider_Name": "Microsoft-Windows-TerminalServices-RemoteConnectionManager", "Computer": "DESKTOP-OFJ6N53", "TimeCreated": "2024-07-30 08:02:15.537724+00:00", "RecordID": "4450", "Level": "4", "UserID": "S-1-5-20"}
{"EventID": "1149", "Channel": "Microsoft-Windows-TerminalServices-RemoteConnectionManager/Operational", "Provider_Name": "Microsoft-Windows-TerminalServices-RemoteConnectionManager", "Computer": "DESKTOP-OFJ6N53", "TimeCreated": "2024-07-30 08:02:15.614843+00:00", "RecordID": "4451", "Level": "4", "UserID": "S-1-5-20"}
{"EventID": "261", "Channel": "Microsoft-Windows-TerminalServices-RemoteConnectionManager/Operational", "Provider_Name": "Microsoft-Windows-TerminalServices-RemoteConnectionManager", "Computer": "DESKTOP-OFJ6N53", "TimeCreated": "2024-07-31 06:27:07.505104+00:00", "RecordID": "4452", "Level": "4", "UserID": "S-1-5-20"}
{"EventID": "1149", "Channel": "Microsoft-Windows-TerminalServices-RemoteConnectionManager/Operational", "Provider_Name": "Microsoft-Windows-TerminalServices-RemoteConnectionManager", "Computer": "DESKTOP-OFJ6N53", "TimeCreated": "2024-07-31 06:27:08.857189+00:00", "RecordID": "4453", "Level": "4", "UserID": "S-1-5-20"}
{"EventID": "261", "Channel": "Microsoft-Windows-TerminalServices-RemoteConnectionManager/Operational", "Provider_Name": "Microsoft-Windows-TerminalServices-RemoteConnectionManager", "Computer": "DESKTOP-OFJ6N53", "TimeCreated": "2024-08-06 11:54:57.070690+00:00", "RecordID": "4454", "Level": "4", "UserID": "S-1-5-20"}
{"EventID": "261", "Channel": "Microsoft-Windows-TerminalServices-RemoteConnectionManager/Operational", "Provider_Name": "Microsoft-Windows-TerminalServices-RemoteConnectionManager", "Computer": "DESKTOP-OFJ6N53", "TimeCreated": "2024-08-06 11:55:03.085354+00:00", "RecordID": "4455", "Level": "4", "UserID": "S-1-5-20"}
{"EventID": "1149", "Channel": "Microsoft-Windows-TerminalServices-RemoteConnectionManager/Operational", "Provider_Name": "Microsoft-Windows-TerminalServices-RemoteConnectionManager", "Computer": "DESKTOP-OFJ6N53", "TimeCreated": "2024-08-06 11:55:03.331829+00:00", "RecordID": "4456", "Level": "4", "UserID": "S-1-5-20"}
{"EventID": "261", "Channel": "Microsoft-Windows-TerminalServices-RemoteConnectionManager/Operational", "Provider_Name": "Microsoft-Windows-TerminalServices-RemoteConnectionManager", "Computer": "DESKTOP-OFJ6N53", "TimeCreated": "2024-08-06 15:54:20.905302+00:00", "RecordID": "4457", "Level": "4", "UserID": "S-1-5-20"}
{"EventID": "1149", "Channel": "Microsoft-Windows-TerminalServices-RemoteConnectionManager/Operational", "Provider_Name": "Microsoft-Windows-TerminalServices-RemoteConnectionManager", "Computer": "DESKTOP-OFJ6N53", "TimeCreated": "2024-08-06 15:54:21.128450+00:00", "RecordID": "4458", "Level": "4", "UserID": "S-1-5-20"}
{"EventID": "261", "Channel": "Microsoft-Windows-TerminalServices-RemoteConnectionManager/Operational", "Provider_Name": "Microsoft-Windows-TerminalServices-RemoteConnectionManager", "Computer": "DESKTOP-OFJ6N53", "TimeCreated": "2024-08-06 16:03:36.546232+00:00", "RecordID": "4459", "Level": "4", "UserID": "S-1-5-20"}
{"EventID": "1149", "Channel": "Microsoft-Windows-TerminalServices-RemoteConnectionManager/Operational", "Provider_Name": "Microsoft-Windows-TerminalServices-RemoteConnectionManager", "Computer": "DESKTOP-OFJ6N53", "TimeCreated": "2024-08-06 16:03:36.634453+00:00", "RecordID": "4460", "Level": "4", "UserID": "S-1-5-20"}
{"EventID": "261", "Channel": "Microsoft-Windows-TerminalServices-RemoteConnectionManager/Operational", "Provider_Name": "Microsoft-Windows-TerminalServices-RemoteConnectionManager", "Computer": "DESKTOP-OFJ6N53", "TimeCreated": "2024-08-07 14:37:27.666731+00:00", "RecordID": "4461", "Level": "4", "UserID": "S-1-5-20"}
{"EventID": "261", "Channel": "Microsoft-Windows-TerminalServices-RemoteConnectionManager/Operational", "Provider_Name": "Microsoft-Windows-TerminalServices-RemoteConnectionManager", "Computer": "DESKTOP-OFJ6N53", "TimeCreated": "2024-08-07 14:37:33.008009+00:00", "RecordID": "4462", "Level": "4", "UserID": "S-1-5-20"}
{"EventID": "1149", "Channel": "Microsoft-Windows-TerminalServices-RemoteConnectionManager/Operational", "Provider_Name": "Microsoft-Windows-TerminalServices-RemoteConnectionManager", "Computer": "DESKTOP-OFJ6N53", "TimeCreated": "2024-08-07 14:37:33.354204+00:00", "RecordID": "4463", "Level": "4", "UserID": "S-1-5-20"}
{"EventID": "261", "Channel": "Microsoft-Windows-TerminalServices-RemoteConnectionManager/Operational", "Provider_Name": "Microsoft-Windows-TerminalServices-RemoteConnectionManager", "Computer": "DESKTOP-OFJ6N53", "TimeCreated": "2024-08-07 18:17:09.531992+00:00", "RecordID": "4464", "Level": "4", "UserID": "S-1-5-20"}
{"EventID": "1149", "Channel": "Microsoft-Windows-TerminalServices-RemoteConnectionManager/Operational", "Provider_Name": "Microsoft-Windows-TerminalServices-RemoteConnectionManager", "Computer": "DESKTOP-OFJ6N53", "TimeCreated": "2024-08-07 18:17:09.795259+00:00", "RecordID": "4465", "Level": "4", "UserID": "S-1-5-20"}
{"EventID": "261", "Channel": "Microsoft-Windows-TerminalServices-RemoteConnectionManager/Operational", "Provider_Name": "Microsoft-Windows-TerminalServices-RemoteConnectionManager", "Computer": "DESKTOP-OFJ6N53", "TimeCreated": "2024-08-07 19:33:24.897058+00:00", "RecordID": "4466", "Level": "4", "UserID": "S-1-5-20"}
{"EventID": "1149", "Channel": "Microsoft-Windows-TerminalServices-RemoteConnectionManager/Operational", "Provider_Name": "Microsoft-Windows-TerminalServices-RemoteConnectionManager", "Computer": "DESKTOP-OFJ6N53", "TimeCreated": "2024-08-07 19:33:25.103481+00:00", "RecordID": "4467", "Level": "4", "UserID": "S-1-5-20"}
{"EventID": "261", "Channel": "Microsoft-Windows-TerminalServices-RemoteConnectionManager/Operational", "Provider_Name": "Microsoft-Windows-TerminalServices-RemoteConnectionManager", "Computer": "DESKTOP-OFJ6N53", "TimeCreated": "2024-08-07 19:46:40.317959+00:00", "RecordID": "4468", "Level": "4", "UserID": "S-1-5-20"}
{"EventID": "1149", "Channel": "Microsoft-Windows-TerminalServices-RemoteConnectionManager/Operational", "Provider_Name": "Microsoft-Windows-TerminalServices-RemoteConnectionManager", "Computer": "DESKTOP-OFJ6N53", "TimeCreated": "2024-08-07 19:46:40.560759+00:00", "RecordID": "4469", "Level": "4", "UserID": "S-1-5-20"}
{"EventID": "261", "Channel": "Microsoft-Windows-TerminalServices-RemoteConnectionManager/Operational", "Provider_Name": "Microsoft-Windows-TerminalServices-RemoteConnectionManager", "Computer": "DESKTOP-OFJ6N53", "TimeCreated": "2024-08-08 13:25:09.670408+00:00", "RecordID": "4470", "Level": "4", "UserID": "S-1-5-20"}
{"EventID": "261", "Channel": "Microsoft-Windows-TerminalServices-RemoteConnectionManager/Operational", "Provider_Name": "Microsoft-Windows-TerminalServices-RemoteConnectionManager", "Computer": "DESKTOP-OFJ6N53", "TimeCreated": "2024-08-08 13:25:14.338324+00:00", "RecordID": "4471", "Level": "4", "UserID": "S-1-5-20"}
{"EventID": "1149", "Channel": "Microsoft-Windows-TerminalServices-RemoteConnectionManager/Operational", "Provider_Name": "Microsoft-Windows-TerminalServices-RemoteConnectionManager", "Computer": "DESKTOP-OFJ6N53", "TimeCreated": "2024-08-08 13:25:14.512602+00:00", "RecordID": "4472", "Level": "4", "UserID": "S-1-5-20"}
{"EventID": "261", "Channel": "Microsoft-Windows-TerminalServices-RemoteConnectionManager/Operational", "Provider_Name": "Microsoft-Windows-TerminalServices-RemoteConnectionManager", "Computer": "DESKTOP-OFJ6N53", "TimeCreated": "2024-08-08 14:28:29.647764+00:00", "RecordID": "4473", "Level": "4", "UserID": "S-1-5-20"}
{"EventID": "261", "Channel": "Microsoft-Windows-TerminalServices-RemoteConnectionManager/Operational", "Provider_Name": "Microsoft-Windows-TerminalServices-RemoteConnectionManager", "Computer": "DESKTOP-OFJ6N53", "TimeCreated": "2024-08-09 08:39:54.457609+00:00", "RecordID": "4474", "Level": "4", "UserID": "S-1-5-20"}
{"EventID": "261", "Channel": "Microsoft-Windows-TerminalServices-RemoteConnectionManager/Operational", "Provider_Name": "Microsoft-Windows-TerminalServices-RemoteConnectionManager", "Computer": "DESKTOP-OFJ6N53", "TimeCreated": "2024-08-09 08:39:59.976122+00:00", "RecordID": "4475", "Level": "4", "UserID": "S-1-5-20"}
{"EventID": "1149", "Channel": "Microsoft-Windows-TerminalServices-RemoteConnectionManager/Operational", "Provider_Name": "Microsoft-Windows-TerminalServices-RemoteConnectionManager", "Computer": "DESKTOP-OFJ6N53", "TimeCreated": "2024-08-09 08:40:00.679800+00:00", "RecordID": "4476", "Level": "4", "UserID": "S-1-5-20"}
{"EventID": "263", "Channel": "Microsoft-Windows-TerminalServices-RemoteConnectionManager/Operational", "Provider_Name": "Microsoft-Windows-TerminalServices-RemoteConnectionManager", "Computer": "DESKTOP-OFJ6N53", "TimeCreated": "2024-08-14 00:10:13.680527+00:00", "RecordID": "4477", "Level": "4", "UserID": "S-1-5-20"}
{"EventID": "20523", "Channel": "Microsoft-Windows-TerminalServices-RemoteConnectionManager/Operational", "Provider_Name": "Microsoft-Windows-TerminalServices-RemoteConnectionManager", "Computer": "DESKTOP-OFJ6N53", "TimeCreated": "2024-08-14 00:10:13.721586+00:00", "RecordID": "4478", "Level": "4", "UserID": "S-1-5-20"}
{"EventID": "258", "Channel": "Microsoft-Windows-TerminalServices-RemoteConnectionManager/Operational", "Provider_Name": "Microsoft-Windows-TerminalServices-RemoteConnectionManager", "Computer": "DESKTOP-OFJ6N53", "TimeCreated": "2024-08-14 00:10:14.445017+00:00", "RecordID": "4479", "Level": "4", "UserID": "S-1-5-20"}
{"EventID": "263", "Channel": "Microsoft-Windows-TerminalServices-RemoteConnectionManager/Operational", "Provider_Name": "Microsoft-Windows-TerminalServices-RemoteConnectionManager", "Computer": "DESKTOP-OFJ6N53", "TimeCreated": "2024-08-14 00:10:15.210098+00:00", "RecordID": "4480", "Level": "4", "UserID": "S-1-5-20"}
{"EventID": "1136", "Channel": "Microsoft-Windows-TerminalServices-RemoteConnectionManager/Operational", "Provider_Name": "Microsoft-Windows-TerminalServices-RemoteConnectionManager", "Computer": "DESKTOP-OFJ6N53", "TimeCreated": "2024-08-14 00:10:15.214672+00:00", "RecordID": "4481", "Level": "4", "UserID": "S-1-5-18"}
{"EventID": "263", "Channel": "Microsoft-Windows-TerminalServices-RemoteConnectionManager/Operational", "Provider_Name": "Microsoft-Windows-TerminalServices-RemoteConnectionManager", "Computer": "DESKTOP-OFJ6N53", "TimeCreated": "2024-08-14 00:10:15.336895+00:00", "RecordID": "4482", "Level": "4", "UserID": "S-1-5-20"}
{"EventID": "263", "Channel": "Microsoft-Windows-TerminalServices-RemoteConnectionManager/Operational", "Provider_Name": "Microsoft-Windows-TerminalServices-RemoteConnectionManager", "Computer": "DESKTOP-OFJ6N53", "TimeCreated": "2024-08-14 00:10:15.348272+00:00", "RecordID": "4483", "Level": "4", "UserID": "S-1-5-20"}
{"EventID": "263", "Channel": "Microsoft-Windows-TerminalServices-RemoteConnectionManager/Operational", "Provider_Name": "Microsoft-Windows-TerminalServices-RemoteConnectionManager", "Computer": "DESKTOP-OFJ6N53", "TimeCreated": "2024-08-14 00:10:15.366758+00:00", "RecordID": "4484", "Level": "4", "UserID": "S-1-5-20"}
{"EventID": "263", "Channel": "Microsoft-Windows-TerminalServices-RemoteConnectionManager/Operational", "Provider_Name": "Microsoft-Windows-TerminalServices-RemoteConnectionManager", "Computer": "DESKTOP-OFJ6N53", "TimeCreated": "2024-08-14 00:10:15.376646+00:00", "RecordID": "4485", "Level": "4", "UserID": "S-1-5-20"}
{"EventID": "263", "Channel": "Microsoft-Windows-TerminalServices-RemoteConnectionManager/Operational", "Provider_Name": "Microsoft-Windows-TerminalServices-RemoteConnectionManager", "Computer": "DESKTOP-OFJ6N53", "TimeCreated": "2024-08-14 00:10:26.619280+00:00", "RecordID": "4486", "Level": "4", "UserID": "S-1-5-20"}
{"EventID": "263", "Channel": "Microsoft-Windows-TerminalServices-RemoteConnectionManager/Operational", "Provider_Name": "Microsoft-Windows-TerminalServices-RemoteConnectionManager", "Computer": "DESKTOP-OFJ6N53", "TimeCreated": "2024-08-23 22:10:43.622118+00:00", "RecordID": "4487", "Level": "4", "UserID": "S-1-5-20"}
{"EventID": "261", "Channel": "Microsoft-Windows-TerminalServices-RemoteConnectionManager/Operational", "Provider_Name": "Microsoft-Windows-TerminalServices-RemoteConnectionManager", "Computer": "DESKTOP-OFJ6N53", "TimeCreated": "2024-08-30 11:01:38.897120+00:00", "RecordID": "4488", "Level": "4", "UserID": "S-1-5-20"}
{"EventID": "261", "Channel": "Microsoft-Windows-TerminalServices-RemoteConnectionManager/Operational", "Provider_Name": "Microsoft-Windows-TerminalServices-RemoteConnectionManager", "Computer": "DESKTOP-OFJ6N53", "TimeCreated": "2024-08-30 11:01:44.904219+00:00", "RecordID": "4489", "Level": "4", "UserID": "S-1-5-20"}
{"EventID": "1149", "Channel": "Microsoft-Windows-TerminalServices-RemoteConnectionManager/Operational", "Provider_Name": "Microsoft-Windows-TerminalServices-RemoteConnectionManager", "Computer": "DESKTOP-OFJ6N53", "TimeCreated": "2024-08-30 11:01:45.300930+00:00", "RecordID": "4490", "Level": "4", "UserID": "S-1-5-20"}
{"EventID": "263", "Channel": "Microsoft-Windows-TerminalServices-RemoteConnectionManager/Operational", "Provider_Name": "Microsoft-Windows-TerminalServices-RemoteConnectionManager", "Computer": "DESKTOP-OFJ6N53", "TimeCreated": "2024-09-06 13:40:15.181433+00:00", "RecordID": "4491", "Level": "4", "UserID": "S-1-5-20"}
{"EventID": "20523", "Channel": "Microsoft-Windows-TerminalServices-RemoteConnectionManager/Operational", "Provider_Name": "Microsoft-Windows-TerminalServices-RemoteConnectionManager", "Computer": "DESKTOP-OFJ6N53", "TimeCreated": "2024-09-06 13:40:15.224295+00:00", "RecordID": "4492", "Level": "4", "UserID": "S-1-5-20"}
{"EventID": "258", "Channel": "Microsoft-Windows-TerminalServices-RemoteConnectionManager/Operational", "Provider_Name": "Microsoft-Windows-TerminalServices-RemoteConnectionManager", "Computer": "DESKTOP-OFJ6N53", "TimeCreated": "2024-09-06 13:40:15.487797+00:00", "RecordID": "4493", "Level": "4", "UserID": "S-1-5-20"}
{"EventID": "263", "Channel": "Microsoft-Windows-TerminalServices-RemoteConnectionManager/Operational", "Provider_Name": "Microsoft-Windows-TerminalServices-RemoteConnectionManager", "Computer": "DESKTOP-OFJ6N53", "TimeCreated": "2024-09-06 13:40:15.790155+00:00", "RecordID": "4494", "Level": "4", "UserID": "S-1-5-20"}
{"EventID": "263", "Channel": "Microsoft-Windows-TerminalServices-RemoteConnectionManager/Operational", "Provider_Name": "Microsoft-Windows-TerminalServices-RemoteConnectionManager", "Computer": "DESKTOP-OFJ6N53", "TimeCreated": "2024-09-06 13:40:15.799301+00:00", "RecordID": "4495", "Level": "4", "UserID": "S-1-5-20"}
{"EventID": "263", "Channel": "Microsoft-Windows-TerminalServices-RemoteConnectionManager/Operational", "Provider_Name": "Microsoft-Windows-TerminalServices-RemoteConnectionManager", "Computer": "DESKTOP-OFJ6N53", "TimeCreated": "2024-09-06 13:40:15.812159+00:00", "RecordID": "4496", "Level": "4", "UserID": "S-1-5-20"}
{"EventID": "1136", "Channel": "Microsoft-Windows-TerminalServices-RemoteConnectionManager/Operational", "Provider_Name": "Microsoft-Windows-TerminalServices-RemoteConnectionManager", "Computer": "DESKTOP-OFJ6N53", "TimeCreated": "2024-09-06 13:40:15.822683+00:00", "RecordID": "4497", "Level": "4", "UserID": "S-1-5-18"}
{"EventID": "263", "Channel": "Microsoft-Windows-TerminalServices-RemoteConnectionManager/Operational", "Provider_Name": "Microsoft-Windows-TerminalServices-RemoteConnectionManager", "Computer": "DESKTOP-OFJ6N53", "TimeCreated": "2024-09-06 13:40:15.823875+00:00", "RecordID": "4498", "Level": "4", "UserID": "S-1-5-20"}
{"EventID": "263", "Channel": "Microsoft-Windows-TerminalServices-RemoteConnectionManager/Operational", "Provider_Name": "Microsoft-Windows-TerminalServices-RemoteConnectionManager", "Computer": "DESKTOP-OFJ6N53", "TimeCreated": "2024-09-06 13:40:15.841103+00:00", "RecordID": "4499", "Level": "4", "UserID": "S-1-5-20"}
{"EventID": "261", "Channel": "Microsoft-Windows-TerminalServices-RemoteConnectionManager/Operational", "Provider_Name": "Microsoft-Windows-TerminalServices-RemoteConnectionManager", "Computer": "DESKTOP-OFJ6N53", "TimeCreated": "2024-09-06 13:40:25.631409+00:00", "RecordID": "4500", "Level": "4", "UserID": "S-1-5-20"}
{"EventID": "261", "Channel": "Microsoft-Windows-TerminalServices-RemoteConnectionManager/Operational", "Provider_Name": "Microsoft-Windows-TerminalServices-RemoteConnectionManager", "Computer": "DESKTOP-OFJ6N53", "TimeCreated": "2024-09-06 13:40:32.064373+00:00", "RecordID": "4501", "Level": "4", "UserID": "S-1-5-20"}
{"EventID": "1149", "Channel": "Microsoft-Windows-TerminalServices-RemoteConnectionManager/Operational", "Provider_Name": "Microsoft-Windows-TerminalServices-RemoteConnectionManager", "Computer": "DESKTOP-OFJ6N53", "TimeCreated": "2024-09-06 13:40:32.561724+00:00", "RecordID": "4502", "Level": "4", "UserID": "S-1-5-20"}
{"EventID": "263", "Channel": "Microsoft-Windows-TerminalServices-RemoteConnectionManager/Operational", "Provider_Name": "Microsoft-Windows-TerminalServices-RemoteConnectionManager", "Computer": "DESKTOP-OFJ6N53", "TimeCreated": "2024-09-06 15:32:00.842314+00:00", "RecordID": "4503", "Level": "4", "UserID": "S-1-5-20"}
{"EventID": "261", "Channel": "Microsoft-Windows-TerminalServices-RemoteConnectionManager/Operational", "Provider_Name": "Microsoft-Windows-TerminalServices-RemoteConnectionManager", "Computer": "DESKTOP-OFJ6N53", "TimeCreated": "2024-09-06 15:33:50.504379+00:00", "RecordID": "4504", "Level": "4", "UserID": "S-1-5-20"}
{"EventID": "261", "Channel": "Microsoft-Windows-TerminalServices-RemoteConnectionManager/Operational", "Provider_Name": "Microsoft-Windows-TerminalServices-RemoteConnectionManager", "Computer": "DESKTOP-OFJ6N53", "TimeCreated": "2024-09-06 15:33:56.479120+00:00", "RecordID": "4505", "Level": "4", "UserID": "S-1-5-20"}
{"EventID": "1149", "Channel": "Microsoft-Windows-TerminalServices-RemoteConnectionManager/Operational", "Provider_Name": "Microsoft-Windows-TerminalServices-RemoteConnectionManager", "Computer": "DESKTOP-OFJ6N53", "TimeCreated": "2024-09-06 15:33:56.677458+00:00", "RecordID": "4506", "Level": "4", "UserID": "S-1-5-20"}
{"EventID": "261", "Channel": "Microsoft-Windows-TerminalServices-RemoteConnectionManager/Operational", "Provider_Name": "Microsoft-Windows-TerminalServices-RemoteConnectionManager", "Computer": "DESKTOP-OFJ6N53", "TimeCreated": "2024-09-11 09:21:55.723692+00:00", "RecordID": "4507", "Level": "4", "UserID": "S-1-5-20"}
{"EventID": "261", "Channel": "Microsoft-Windows-TerminalServices-RemoteConnectionManager/Operational", "Provider_Name": "Microsoft-Windows-TerminalServices-RemoteConnectionManager", "Computer": "DESKTOP-OFJ6N53", "TimeCreated": "2024-09-11 09:22:02.147339+00:00", "RecordID": "4508", "Level": "4", "UserID": "S-1-5-20"}
{"EventID": "1149", "Channel": "Microsoft-Windows-TerminalServices-RemoteConnectionManager/Operational", "Provider_Name": "Microsoft-Windows-TerminalServices-RemoteConnectionManager", "Computer": "DESKTOP-OFJ6N53", "TimeCreated": "2024-09-11 09:22:02.553270+00:00", "RecordID": "4509", "Level": "4", "UserID": "S-1-5-20"}
{"EventID": "263", "Channel": "Microsoft-Windows-TerminalServices-RemoteConnectionManager/Operational", "Provider_Name": "Microsoft-Windows-TerminalServices-RemoteConnectionManager", "Computer": "DESKTOP-OFJ6N53", "TimeCreated": "2024-09-11 14:51:04.287477+00:00", "RecordID": "4510", "Level": "4", "UserID": "S-1-5-20"}
{"EventID": "20523", "Channel": "Microsoft-Windows-TerminalServices-RemoteConnectionManager/Operational", "Provider_Name": "Microsoft-Windows-TerminalServices-RemoteConnectionManager", "Computer": "DESKTOP-OFJ6N53", "TimeCreated": "2024-09-11 14:51:04.354916+00:00", "RecordID": "4511", "Level": "4", "UserID": "S-1-5-20"}
{"EventID": "258", "Channel": "Microsoft-Windows-TerminalServices-RemoteConnectionManager/Operational", "Provider_Name": "Microsoft-Windows-TerminalServices-RemoteConnectionManager", "Computer": "DESKTOP-OFJ6N53", "TimeCreated": "2024-09-11 14:51:04.659592+00:00", "RecordID": "4512", "Level": "4", "UserID": "S-1-5-20"}
{"EventID": "1136", "Channel": "Microsoft-Windows-TerminalServices-RemoteConnectionManager/Operational", "Provider_Name": "Microsoft-Windows-TerminalServices-RemoteConnectionManager", "Computer": "DESKTOP-OFJ6N53", "TimeCreated": "2024-09-11 14:51:04.983986+00:00", "RecordID": "4513", "Level": "4", "UserID": "S-1-5-18"}
{"EventID": "263", "Channel": "Microsoft-Windows-TerminalServices-RemoteConnectionManager/Operational", "Provider_Name": "Microsoft-Windows-TerminalServices-RemoteConnectionManager", "Computer": "DESKTOP-OFJ6N53", "TimeCreated": "2024-09-11 14:51:04.996393+00:00", "RecordID": "4514", "Level": "4", "UserID": "S-1-5-20"}
{"EventID": "263", "Channel": "Microsoft-Windows-TerminalServices-RemoteConnectionManager/Operational", "Provider_Name": "Microsoft-Windows-TerminalServices-RemoteConnectionManager", "Computer": "DESKTOP-OFJ6N53", "TimeCreated": "2024-09-11 14:51:05.009109+00:00", "RecordID": "4515", "Level": "4", "UserID": "S-1-5-20"}
{"EventID": "263", "Channel": "Microsoft-Windows-TerminalServices-RemoteConnectionManager/Operational", "Provider_Name": "Microsoft-Windows-TerminalServices-RemoteConnectionManager", "Computer": "DESKTOP-OFJ6N53", "TimeCreated": "2024-09-11 14:51:05.027359+00:00", "RecordID": "4516", "Level": "4", "UserID": "S-1-5-20"}
{"EventID": "263", "Channel": "Microsoft-Windows-TerminalServices-RemoteConnectionManager/Operational", "Provider_Name": "Microsoft-Windows-TerminalServices-RemoteConnectionManager", "Computer": "DESKTOP-OFJ6N53", "TimeCreated": "2024-09-11 14:51:05.039972+00:00", "RecordID": "4517", "Level": "4", "UserID": "S-1-5-20"}
{"EventID": "263", "Channel": "Microsoft-Windows-TerminalServices-RemoteConnectionManager/Operational", "Provider_Name": "Microsoft-Windows-TerminalServices-RemoteConnectionManager", "Computer": "DESKTOP-OFJ6N53", "TimeCreated": "2024-09-11 14:51:05.048937+00:00", "RecordID": "4518", "Level": "4", "UserID": "S-1-5-20"}
{"EventID": "263", "Channel": "Microsoft-Windows-TerminalServices-RemoteConnectionManager/Operational", "Provider_Name": "Microsoft-Windows-TerminalServices-RemoteConnectionManager", "Computer": "DESKTOP-OFJ6N53", "TimeCreated": "2024-09-11 14:51:13.346777+00:00", "RecordID": "4519", "Level": "4", "UserID": "S-1-5-20"}
{"EventID": "261", "Channel": "Microsoft-Windows-TerminalServices-RemoteConnectionManager/Operational", "Provider_Name": "Microsoft-Windows-TerminalServices-RemoteConnectionManager", "Computer": "DESKTOP-OFJ6N53", "TimeCreated": "2024-09-16 12:50:51.739386+00:00", "RecordID": "4520", "Level": "4", "UserID": "S-1-5-20"}
{"EventID": "261", "Channel": "Microsoft-Windows-TerminalServices-RemoteConnectionManager/Operational", "Provider_Name": "Microsoft-Windows-TerminalServices-RemoteConnectionManager", "Computer": "DESKTOP-OFJ6N53", "TimeCreated": "2024-09-16 12:50:57.959520+00:00", "RecordID": "4521", "Level": "4", "UserID": "S-1-5-20"}
{"EventID": "1149", "Channel": "Microsoft-Windows-TerminalServices-RemoteConnectionManager/Operational", "Provider_Name": "Microsoft-Windows-TerminalServices-RemoteConnectionManager", "Computer": "DESKTOP-OFJ6N53", "TimeCreated": "2024-09-16 12:50:58.138788+00:00", "RecordID": "4522", "Level": "4", "UserID": "S-1-5-20"}
{"EventID": "261", "Channel": "Microsoft-Windows-TerminalServices-RemoteConnectionManager/Operational", "Provider_Name": "Microsoft-Windows-TerminalServices-RemoteConnectionManager", "Computer": "DESKTOP-OFJ6N53", "TimeCreated": "2024-09-16 12:52:36.559301+00:00", "RecordID": "4523", "Level": "4", "UserID": "S-1-5-20"}
{"EventID": "261", "Channel": "Microsoft-Windows-TerminalServices-RemoteConnectionManager/Operational", "Provider_Name": "Microsoft-Windows-TerminalServices-RemoteConnectionManager", "Computer": "DESKTOP-OFJ6N53", "TimeCreated": "2024-09-16 12:52:41.766817+00:00", "RecordID": "4524", "Level": "4", "UserID": "S-1-5-20"}
{"EventID": "1149", "Channel": "Microsoft-Windows-TerminalServices-RemoteConnectionManager/Operational", "Provider_Name": "Microsoft-Windows-TerminalServices-RemoteConnectionManager", "Computer": "DESKTOP-OFJ6N53", "TimeCreated": "2024-09-16 12:52:41.852316+00:00", "RecordID": "4525", "Level": "4", "UserID": "S-1-5-20"}
{"EventID": "261", "Channel": "Microsoft-Windows-TerminalServices-RemoteConnectionManager/Operational", "Provider_Name": "Microsoft-Windows-TerminalServices-RemoteConnectionManager", "Computer": "DESKTOP-OFJ6N53", "TimeCreated": "2024-09-19 17:12:09.013809+00:00", "RecordID": "4526", "Level": "4", "UserID": "S-1-5-20"}
{"EventID": "261", "Channel": "Microsoft-Windows-TerminalServices-RemoteConnectionManager/Operational", "Provider_Name": "Microsoft-Windows-TerminalServices-RemoteConnectionManager", "Computer": "DESKTOP-OFJ6N53", "TimeCreated": "2024-09-19 17:12:15.993317+00:00", "RecordID": "4527", "Level": "4", "UserID": "S-1-5-20"}
{"EventID": "1149", "Channel": "Microsoft-Windows-TerminalServices-RemoteConnectionManager/Operational", "Provider_Name": "Microsoft-Windows-TerminalServices-RemoteConnectionManager", "Computer": "DESKTOP-OFJ6N53", "TimeCreated": "2024-09-19 17:12:17.043821+00:00", "RecordID": "4528", "Level": "4", "UserID": "S-1-5-20"}
{"EventID": "263", "Channel": "Microsoft-Windows-TerminalServices-RemoteConnectionManager/Operational", "Provider_Name": "Microsoft-Windows-TerminalServices-RemoteConnectionManager", "Computer": "DESKTOP-OFJ6N53", "TimeCreated": "2024-09-19 17:25:26.920208+00:00", "RecordID": "4529", "Level": "4", "UserID": "S-1-5-20"}
{"EventID": "20523", "Channel": "Microsoft-Windows-TerminalServices-RemoteConnectionManager/Operational", "Provider_Name": "Microsoft-Windows-TerminalServices-RemoteConnectionManager", "Computer": "DESKTOP-OFJ6N53", "TimeCreated": "2024-09-19 17:25:26.957504+00:00", "RecordID": "4530", "Level": "4", "UserID": "S-1-5-20"}
{"EventID": "258", "Channel": "Microsoft-Windows-TerminalServices-RemoteConnectionManager/Operational", "Provider_Name": "Microsoft-Windows-TerminalServices-RemoteConnectionManager", "Computer": "DESKTOP-OFJ6N53", "TimeCreated": "2024-09-19 17:25:27.209084+00:00", "RecordID": "4531", "Level": "4", "UserID": "S-1-5-20"}
{"EventID": "263", "Channel": "Microsoft-Windows-TerminalServices-RemoteConnectionManager/Operational", "Provider_Name": "Microsoft-Windows-TerminalServices-RemoteConnectionManager", "Computer": "DESKTOP-OFJ6N53", "TimeCreated": "2024-09-19 17:25:27.515343+00:00", "RecordID": "4532", "Level": "4", "UserID": "S-1-5-20"}
