{"EventID": "1008", "Channel": "Microsoft-Windows-Privacy-Auditing/Operational", "Provider_Name": "Microsoft-Windows-Privacy-Auditing", "Computer": "DESKTOP-OFJ6N53", "TimeCreated": "2022-02-24 13:09:55.912893+00:00", "RecordID": "173", "Level": "4", "UserID": "S-1-5-18", "EventData.NewConsentValue": "Allow", "EventData.TargetUserSid": "S-1-5-21-963789628-1060504924-4285088085-1001", "EventData.ConsentID": null, "EventData.AppPackageFamilyName": "NULL", "EventData.HResult": "0x00000000", "EventData.SettingName": "appDiagnostics", "EventData.Migrated": "False", "EventData.Suppressed": "False"}
{"EventID": "1008", "Channel": "Microsoft-Windows-Privacy-Auditing/Operational", "Provider_Name": "Microsoft-Windows-Privacy-Auditing", "Computer": "DESKTOP-OFJ6N53", "TimeCreated": "2022-02-24 13:09:55.920897+00:00", "RecordID": "174", "Level": "4", "UserID": "S-1-5-18", "EventData.NewConsentValue": "Allow", "EventData.TargetUserSid": "S-1-5-21-963789628-1060504924-4285088085-1001", "EventData.ConsentID": null, "EventData.AppPackageFamilyName": "NULL", "EventData.HResult": "0x00000000", "EventData.SettingName": "bluetooth", "EventData.Migrated": "False", "EventData.Suppressed": "False"}
{"EventID": "1008", "Channel": "Microsoft-Windows-Privacy-Auditing/Operational", "Provider_Name": "Microsoft-Windows-Privacy-Auditing", "Computer": "DESKTOP-OFJ6N53", "TimeCreated": "2022-02-24 13:09:55.922735+00:00", "RecordID": "175", "Level": "4", "UserID": "S-1-5-18", "EventData.NewConsentValue": "Allow", "EventData.TargetUserSid": "S-1-5-21-963789628-1060504924-4285088085-1001", "EventData.ConsentID": null, "EventData.AppPackageFamilyName": "NULL", "EventData.HResult": "0x00000000", "EventData.SettingName": "bluetoothSync", "EventData.Migrated": "False", "EventData.Suppressed": "False"}
{"EventID": "1008", "Channel": "Microsoft-Windows-Privacy-Auditing/Operational", "Provider_Name": "Microsoft-Windows-Privacy-Auditing", "Computer": "DESKTOP-OFJ6N53", "TimeCreated": "2022-02-24 13:09:55.924009+00:00", "RecordID": "176", "Level": "4", "UserID": "S-1-5-18", "EventData.NewConsentValue": "Allow", "EventData.TargetUserSid": "S-1-5-21-963789628-1060504924-4285088085-1001", "EventData.ConsentID": null, "EventData.AppPackageFamilyName": "NULL", "EventData.HResult": "0x00000000", "EventData.SettingName": "broadFileSystemAccess", "EventData.Migrated": "False", "EventData.Suppressed": "False"}
{"EventID": "1008", "Channel": "Microsoft-Windows-Privacy-Auditing/Operational", "Provider_Name": "Microsoft-Windows-Privacy-Auditing", "Computer": "DESKTOP-OFJ6N53", "TimeCreated": "2022-02-24 13:09:55.928680+00:00", "RecordID": "177", "Level": "4", "UserID": "S-1-5-18", "EventData.NewConsentValue": "Allow", "EventData.TargetUserSid": "S-1-5-21-963789628-1060504924-4285088085-1001", "EventData.ConsentID": null, "EventData.AppPackageFamilyName": "NULL", "EventData.HResult": "0x00000000", "EventData.SettingName": "chat", "EventData.Migrated": "False", "EventData.Suppressed": "False"}
{"EventID": "1008", "Channel": "Microsoft-Windows-Privacy-Auditing/Operational", "Provider_Name": "Microsoft-Windows-Privacy-Auditing", "Computer": "DESKTOP-OFJ6N53", "TimeCreated": "2022-02-24 13:09:55.931568+00:00", "RecordID": "178", "Level": "4", "UserID": "S-1-5-18", "EventData.NewConsentValue": "Allow", "EventData.TargetUserSid": "S-1-5-21-963789628-1060504924-4285088085-1001", "EventData.ConsentID": null, "EventData.AppPackageFamilyName": "NULL", "EventData.HResult": "0x00000000", "EventData.SettingName": "documentsLibrary", "EventData.Migrated": "False", "EventData.Suppressed": "False"}
{"EventID": "1008", "Channel": "Microsoft-Windows-Privacy-Auditing/Operational", "Provider_Name": "Microsoft-Windows-Privacy-Auditing", "Computer": "DESKTOP-OFJ6N53", "TimeCreated": "2022-02-24 13:09:55.934002+00:00", "RecordID": "179", "Level": "4", "UserID": "S-1-5-18", "EventData.NewConsentValue": "Allow", "EventData.TargetUserSid": "S-1-5-21-963789628-1060504924-4285088085-1001", "EventData.ConsentID": null, "EventData.AppPackageFamilyName": "NULL", "EventData.HResult": "0x00000000", "EventData.SettingName": "gazeInput", "EventData.Migrated": "False", "EventData.Suppressed": "False"}
{"EventID": "1008", "Channel": "Microsoft-Windows-Privacy-Auditing/Operational", "Provider_Name": "Microsoft-Windows-Privacy-Auditing", "Computer": "DESKTOP-OFJ6N53", "TimeCreated": "2022-02-24 13:09:55.936573+00:00", "RecordID": "180", "Level": "4", "UserID": "S-1-5-18", "EventData.NewConsentValue": "Allow", "EventData.TargetUserSid": "S-1-5-21-963789628-1060504924-4285088085-1001", "EventData.ConsentID": null, "EventData.AppPackageFamilyName": "NULL", "EventData.HResult": "0x00000000", "EventData.SettingName": "humanInterfaceDevice", "EventData.Migrated": "False", "EventData.Suppressed": "False"}
{"EventID": "1008", "Channel": "Microsoft-Windows-Privacy-Auditing/Operational", "Provider_Name": "Microsoft-Windows-Privacy-Auditing", "Computer": "DESKTOP-OFJ6N53", "TimeCreated": "2022-02-24 13:09:55.945192+00:00", "RecordID": "181", "Level": "4", "UserID": "S-1-5-18", "EventData.NewConsentValue": "Allow", "EventData.TargetUserSid": "S-1-5-21-963789628-1060504924-4285088085-1001", "EventData.ConsentID": null, "EventData.AppPackageFamilyName": "NULL", "EventData.HResult": "0x00000000", "EventData.SettingName": "phoneCall", "EventData.Migrated": "False", "EventData.Suppressed": "False"}
{"EventID": "1008", "Channel": "Microsoft-Windows-Privacy-Auditing/Operational", "Provider_Name": "Microsoft-Windows-Privacy-Auditing", "Computer": "DESKTOP-OFJ6N53", "TimeCreated": "2022-02-24 13:09:55.946793+00:00", "RecordID": "182", "Level": "4", "UserID": "S-1-5-18", "EventData.NewConsentValue": "Allow", "EventData.TargetUserSid": "S-1-5-21-963789628-1060504924-4285088085-1001", "EventData.ConsentID": null, "EventData.AppPackageFamilyName": "NULL", "EventData.HResult": "0x00000000", "EventData.SettingName": "phoneCallHistory", "EventData.Migrated": "False", "EventData.Suppressed": "False"}
{"EventID": "1008", "Channel": "Microsoft-Windows-Privacy-Auditing/Operational", "Provider_Name": "Microsoft-Windows-Privacy-Auditing", "Computer": "DESKTOP-OFJ6N53", "TimeCreated": "2022-02-24 13:09:55.948097+00:00", "RecordID": "183", "Level": "4", "UserID": "S-1-5-18", "EventData.NewConsentValue": "Allow", "EventData.TargetUserSid": "S-1-5-21-963789628-1060504924-4285088085-1001", "EventData.ConsentID": null, "EventData.AppPackageFamilyName": "NULL", "EventData.HResult": "0x00000000", "EventData.SettingName": "picturesLibrary", "EventData.Migrated": "False", "EventData.Suppressed": "False"}
{"EventID": "1008", "Channel": "Microsoft-Windows-Privacy-Auditing/Operational", "Provider_Name": "Microsoft-Windows-Privacy-Auditing", "Computer": "DESKTOP-OFJ6N53", "TimeCreated": "2022-02-24 13:09:55.949293+00:00", "RecordID": "184", "Level": "4", "UserID": "S-1-5-18", "EventData.NewConsentValue": "Allow", "EventData.TargetUserSid": "S-1-5-21-963789628-1060504924-4285088085-1001", "EventData.ConsentID": null, "EventData.AppPackageFamilyName": "NULL", "EventData.HResult": "0x00000000", "EventData.SettingName": "radios", "EventData.Migrated": "False", "EventData.Suppressed": "False"}
{"EventID": "1008", "Channel": "Microsoft-Windows-Privacy-Auditing/Operational", "Provider_Name": "Microsoft-Windows-Privacy-Auditing", "Computer": "DESKTOP-OFJ6N53", "TimeCreated": "2022-02-24 13:09:55.951073+00:00", "RecordID": "185", "Level": "4", "UserID": "S-1-5-18", "EventData.NewConsentValue": "Allow", "EventData.TargetUserSid": "S-1-5-21-963789628-1060504924-4285088085-1001", "EventData.ConsentID": null, "EventData.AppPackageFamilyName": "NULL", "EventData.HResult": "0x00000000", "EventData.SettingName": "sensors.custom", "EventData.Migrated": "False", "EventData.Suppressed": "False"}
{"EventID": "1008", "Channel": "Microsoft-Windows-Privacy-Auditing/Operational", "Provider_Name": "Microsoft-Windows-Privacy-Auditing", "Computer": "DESKTOP-OFJ6N53", "TimeCreated": "2022-02-24 13:09:55.952549+00:00", "RecordID": "186", "Level": "4", "UserID": "S-1-5-18", "EventData.NewConsentValue": "Allow", "EventData.TargetUserSid": "S-1-5-21-963789628-1060504924-4285088085-1001", "EventData.ConsentID": null, "EventData.AppPackageFamilyName": "NULL", "EventData.HResult": "0x00000000", "EventData.SettingName": "serialCommunication", "EventData.Migrated": "False", "EventData.Suppressed": "False"}
{"EventID": "1008", "Channel": "Microsoft-Windows-Privacy-Auditing/Operational", "Provider_Name": "Microsoft-Windows-Privacy-Auditing", "Computer": "DESKTOP-OFJ6N53", "TimeCreated": "2022-02-24 13:09:55.955399+00:00", "RecordID": "187", "Level": "4", "UserID": "S-1-5-18", "EventData.NewConsentValue": "Allow", "EventData.TargetUserSid": "S-1-5-21-963789628-1060504924-4285088085-1001", "EventData.ConsentID": null, "EventData.AppPackageFamilyName": "NULL", "EventData.HResult": "0x00000000", "EventData.SettingName": "usb", "EventData.Migrated": "False", "EventData.Suppressed": "False"}
{"EventID": "1008", "Channel": "Microsoft-Windows-Privacy-Auditing/Operational", "Provider_Name": "Microsoft-Windows-Privacy-Auditing", "Computer": "DESKTOP-OFJ6N53", "TimeCreated": "2022-02-24 13:09:55.957125+00:00", "RecordID": "188", "Level": "4", "UserID": "S-1-5-18", "EventData.NewConsentValue": "Allow", "EventData.TargetUserSid": "S-1-5-21-963789628-1060504924-4285088085-1001", "EventData.ConsentID": null, "EventData.AppPackageFamilyName": "NULL", "EventData.HResult": "0x00000000", "EventData.SettingName": "userAccountInformation", "EventData.Migrated": "False", "EventData.Suppressed": "False"}
{"EventID": "1008", "Channel": "Microsoft-Windows-Privacy-Auditing/Operational", "Provider_Name": "Microsoft-Windows-Privacy-Auditing", "Computer": "DESKTOP-OFJ6N53", "TimeCreated": "2022-02-24 13:09:55.958467+00:00", "RecordID": "189", "Level": "4", "UserID": "S-1-5-18", "EventData.NewConsentValue": "Allow", "EventData.TargetUserSid": "S-1-5-21-963789628-1060504924-4285088085-1001", "EventData.ConsentID": null, "EventData.AppPackageFamilyName": "NULL", "EventData.HResult": "0x00000000", "EventData.SettingName": "userDataTasks", "EventData.Migrated": "False", "EventData.Suppressed": "False"}
{"EventID": "1008", "Channel": "Microsoft-Windows-Privacy-Auditing/Operational", "Provider_Name": "Microsoft-Windows-Privacy-Auditing", "Computer": "DESKTOP-OFJ6N53", "TimeCreated": "2022-02-24 13:09:55.959665+00:00", "RecordID": "190", "Level": "4", "UserID": "S-1-5-18", "EventData.NewConsentValue": "Allow", "EventData.TargetUserSid": "S-1-5-21-963789628-1060504924-4285088085-1001", "EventData.ConsentID": null, "EventData.AppPackageFamilyName": "NULL", "EventData.HResult": "0x00000000", "EventData.SettingName": "userNotificationListener", "EventData.Migrated": "False", "EventData.Suppressed": "False"}
{"EventID": "1008", "Channel": "Microsoft-Windows-Privacy-Auditing/Operational", "Provider_Name": "Microsoft-Windows-Privacy-Auditing", "Computer": "DESKTOP-OFJ6N53", "TimeCreated": "2022-02-24 13:09:55.960873+00:00", "RecordID": "191", "Level": "4", "UserID": "S-1-5-18", "EventData.NewConsentValue": "Allow", "EventData.TargetUserSid": "S-1-5-21-963789628-1060504924-4285088085-1001", "EventData.ConsentID": null, "EventData.AppPackageFamilyName": "NULL", "EventData.HResult": "0x00000000", "EventData.SettingName": "videosLibrary", "EventData.Migrated": "False", "EventData.Suppressed": "False"}
{"EventID": "1008", "Channel": "Microsoft-Windows-Privacy-Auditing/Operational", "Provider_Name": "Microsoft-Windows-Privacy-Auditing", "Computer": "DESKTOP-OFJ6N53", "TimeCreated": "2022-02-24 13:09:55.963148+00:00", "RecordID": "192", "Level": "4", "UserID": "S-1-5-18", "EventData.NewConsentValue": "Allow", "EventData.TargetUserSid": "S-1-5-21-963789628-1060504924-4285088085-1001", "EventData.ConsentID": null, "EventData.AppPackageFamilyName": "NULL", "EventData.HResult": "0x00000000", "EventData.SettingName": "webcam", "EventData.Migrated": "False", "EventData.Suppressed": "False"}
{"EventID": "1008", "Channel": "Microsoft-Windows-Privacy-Auditing/Operational", "Provider_Name": "Microsoft-Windows-Privacy-Auditing", "Computer": "DESKTOP-OFJ6N53", "TimeCreated": "2022-02-24 13:09:55.969255+00:00", "RecordID": "193", "Level": "4", "UserID": "S-1-5-18", "EventData.NewConsentValue": "Allow", "EventData.TargetUserSid": "S-1-5-21-963789628-1060504924-4285088085-1001", "EventData.ConsentID": null, "EventData.AppPackageFamilyName": "NULL", "EventData.HResult": "0x00000000", "EventData.SettingName": "wiFiDirect", "EventData.Migrated": "False", "EventData.Suppressed": "False"}
{"EventID": "1012", "Channel": "Microsoft-Windows-Privacy-Auditing/Operational", "Provider_Name": "Microsoft-Windows-Privacy-Auditing", "Computer": "DESKTOP-OFJ6N53", "TimeCreated": "2022-02-24 21:44:27.862581+00:00", "RecordID": "194", "Level": "4", "UserID": "S-1-5-18", "EventData.NewConsentValue": "Prompt", "EventData.TargetUserSid": "S-1-5-21-963789628-1060504924-4285088085-1001", "EventData.AppPackageFamilyName": "Microsoft.Windows.Search_cw5n1h2txyewy", "EventData.HResult": "0x00000000", "EventData.SettingName": "location", "EventData.Migrated": "False"}
{"EventID": "713", "Channel": "Microsoft-Windows-Privacy-Auditing/Operational", "Provider_Name": "Microsoft-Windows-AppModel-Exec", "Computer": "DESKTOP-OFJ6N53", "TimeCreated": "2022-02-25 10:21:05.133947+00:00", "RecordID": "195", "Level": "4", "UserID": "S-1-5-21-963789628-1060504924-4285088085-1001", "EventData.CallerUserSid": "S-1-5-21-963789628-1060504924-4285088085-1001", "EventData.CallerProcessName": "RuntimeBroker.exe", "EventData.CallerPackageFamilyName": "Microsoft.YourPhone_8wekyb3d8bbwe", "EventData.OldConsentValue": "0", "EventData.NewConsentValue": "8", "EventData.IsSetByHigherAuthority": "False", "EventData.EffectiveConsentValue": "8", "EventData.TargetUserSid": "S-1-5-21-963789628-1060504924-4285088085-1001", "EventData.TargetPackageFamilyName": "Microsoft.YourPhone_8wekyb3d8bbwe", "EventData.HRESULT": "0"}
{"EventID": "1012", "Channel": "Microsoft-Windows-Privacy-Auditing/Operational", "Provider_Name": "Microsoft-Windows-Privacy-Auditing", "Computer": "DESKTOP-OFJ6N53", "TimeCreated": "2022-02-25 10:21:46.560707+00:00", "RecordID": "196", "Level": "4", "UserID": "S-1-5-18", "EventData.NewConsentValue": "Prompt", "EventData.TargetUserSid": "S-1-5-21-963789628-1060504924-4285088085-1001", "EventData.AppPackageFamilyName": "Microsoft.GetHelp_8wekyb3d8bbwe", "EventData.HResult": "0x00000000", "EventData.SettingName": "microphone", "EventData.Migrated": "False"}
{"EventID": "1012", "Channel": "Microsoft-Windows-Privacy-Auditing/Operational", "Provider_Name": "Microsoft-Windows-Privacy-Auditing", "Computer": "DESKTOP-OFJ6N53", "TimeCreated": "2022-02-26 17:37:02.794237+00:00", "RecordID": "197", "Level": "4", "UserID": "S-1-5-18", "EventData.NewConsentValue": "Prompt", "EventData.TargetUserSid": "S-1-5-21-963789628-1060504924-4285088085-1001", "EventData.AppPackageFamilyName": "Microsoft.WindowsFeedbackHub_8wekyb3d8bbwe", "EventData.HResult": "0x00000000", "EventData.SettingName": "userAccountInformation", "EventData.Migrated": "False"}
{"EventID": "1012", "Channel": "Microsoft-Windows-Privacy-Auditing/Operational", "Provider_Name": "Microsoft-Windows-Privacy-Auditing", "Computer": "DESKTOP-OFJ6N53", "TimeCreated": "2022-03-01 22:13:20.765188+00:00", "RecordID": "198", "Level": "4", "UserID": "S-1-5-18", "EventData.NewConsentValue": "Prompt", "EventData.TargetUserSid": "S-1-5-21-963789628-1060504924-4285088085-1001", "EventData.AppPackageFamilyName": "Microsoft.Getstarted_8wekyb3d8bbwe", "EventData.HResult": "0x00000000", "EventData.SettingName": "appDiagnostics", "EventData.Migrated": "False"}
{"EventID": "1012", "Channel": "Microsoft-Windows-Privacy-Auditing/Operational", "Provider_Name": "Microsoft-Windows-Privacy-Auditing", "Computer": "DESKTOP-OFJ6N53", "TimeCreated": "2022-03-01 22:13:20.779324+00:00", "RecordID": "199", "Level": "4", "UserID": "S-1-5-18", "EventData.NewConsentValue": "Allow", "EventData.TargetUserSid": "S-1-5-21-963789628-1060504924-4285088085-1001", "EventData.AppPackageFamilyName": "Microsoft.Getstarted_8wekyb3d8bbwe", "EventData.HResult": "0x00000000", "EventData.SettingName": "cellularData", "EventData.Migrated": "False"}
{"EventID": "1012", "Channel": "Microsoft-Windows-Privacy-Auditing/Operational", "Provider_Name": "Microsoft-Windows-Privacy-Auditing", "Computer": "DESKTOP-OFJ6N53", "TimeCreated": "2022-03-01 22:13:20.788589+00:00", "RecordID": "200", "Level": "4", "UserID": "S-1-5-18", "EventData.NewConsentValue": "Allow", "EventData.TargetUserSid": "S-1-5-21-963789628-1060504924-4285088085-1001", "EventData.AppPackageFamilyName": "Microsoft.Getstarted_8wekyb3d8bbwe", "EventData.HResult": "0x00000000", "EventData.SettingName": "wifiData", "EventData.Migrated": "False"}
{"EventID": "1012", "Channel": "Microsoft-Windows-Privacy-Auditing/Operational", "Provider_Name": "Microsoft-Windows-Privacy-Auditing", "Computer": "DESKTOP-OFJ6N53", "TimeCreated": "2022-07-20 19:24:37.874170+00:00", "RecordID": "201", "Level": "4", "UserID": "S-1-5-18", "EventData.NewConsentValue": "Allow", "EventData.TargetUserSid": "S-1-5-21-963789628-1060504924-4285088085-1001", "EventData.AppPackageFamilyName": "Microsoft.WindowsAlarms_8wekyb3d8bbwe", "EventData.HResult": "0x00000000", "EventData.SettingName": "cellularData", "EventData.Migrated": "False"}
{"EventID": "1012", "Channel": "Microsoft-Windows-Privacy-Auditing/Operational", "Provider_Name": "Microsoft-Windows-Privacy-Auditing", "Computer": "DESKTOP-OFJ6N53", "TimeCreated": "2022-07-20 19:24:37.886332+00:00", "RecordID": "202", "Level": "4", "UserID": "S-1-5-18", "EventData.NewConsentValue": "Allow", "EventData.TargetUserSid": "S-1-5-21-963789628-1060504924-4285088085-1001", "EventData.AppPackageFamilyName": "Microsoft.WindowsAlarms_8wekyb3d8bbwe", "EventData.HResult": "0x00000000", "EventData.SettingName": "wifiData", "EventData.Migrated": "False"}
{"EventID": "1012", "Channel": "Microsoft-Windows-Privacy-Auditing/Operational", "Provider_Name": "Microsoft-Windows-Privacy-Auditing", "Computer": "DESKTOP-OFJ6N53", "TimeCreated": "2022-08-09 18:19:44.563215+00:00", "RecordID": "203", "Level": "4", "UserID": "S-1-5-18", "EventData.NewConsentValue": "Prompt", "EventData.TargetUserSid": "S-1-5-21-963789628-1060504924-4285088085-1001", "EventData.AppPackageFamilyName": "Microsoft.GetHelp_8wekyb3d8bbwe", "EventData.HResult": "0x00000000", "EventData.SettingName": "radios", "EventData.Migrated": "False"}
{"EventID": "1012", "Channel": "Microsoft-Windows-Privacy-Auditing/Operational", "Provider_Name": "Microsoft-Windows-Privacy-Auditing", "Computer": "DESKTOP-OFJ6N53", "TimeCreated": "2023-06-01 02:12:46.002411+00:00", "RecordID": "204", "Level": "4", "UserID": "S-1-5-18", "EventData.NewConsentValue": "Allow", "EventData.TargetUserSid": "S-1-5-21-963789628-1060504924-4285088085-1001", "EventData.AppPackageFamilyName": "Microsoft.ZuneMusic_8wekyb3d8bbwe", "EventData.HResult": "0x00000000", "EventData.SettingName": "videosLibrary", "EventData.Migrated": "False"}
{"EventID": "1010", "Channel": "Microsoft-Windows-Privacy-Auditing/Operational", "Provider_Name": "Microsoft-Windows-Privacy-Auditing", "Computer": "DESKTOP-OFJ6N53", "TimeCreated": "2023-10-18 21:19:37.790367+00:00", "RecordID": "205", "Level": "4", "UserID": "S-1-5-18", "EventData.NewConsentValue": "Allow", "EventData.TargetUserSid": "S-1-5-18", "EventData.ConsentID": null, "EventData.AppPackageFamilyName": "NonPackaged", "EventData.HResult": "0x00000000", "EventData.SettingName": "location", "EventData.Migrated": "False", "EventData.Suppressed": "False"}
{"EventID": "1012", "Channel": "Microsoft-Windows-Privacy-Auditing/Operational", "Provider_Name": "Microsoft-Windows-Privacy-Auditing", "Computer": "DESKTOP-OFJ6N53", "TimeCreated": "2023-12-29 14:51:46.882811+00:00", "RecordID": "206", "Level": "4", "UserID": "S-1-5-18", "EventData.NewConsentValue": "Allow", "EventData.TargetUserSid": "S-1-5-21-963789628-1060504924-4285088085-1001", "EventData.AppPackageFamilyName": "AD2F1837.HPPrinterControl_v10z8vjag6ke6", "EventData.HResult": "0x00000000", "EventData.SettingName": "webcam", "EventData.Migrated": "False"}
{"EventID": "713", "Channel": "Microsoft-Windows-Privacy-Auditing/Operational", "Provider_Name": "Microsoft-Windows-AppModel-Exec", "Computer": "DESKTOP-OFJ6N53", "TimeCreated": "2024-04-24 21:21:18.519964+00:00", "RecordID": "207", "Level": "4", "UserID": "S-1-5-21-963789628-1060504924-4285088085-1001", "EventData.CallerUserSid": "S-1-5-21-963789628-1060504924-4285088085-1001", "EventData.CallerProcessName": "RuntimeBroker.exe", "EventData.CallerPackageFamilyName": "Microsoft.WindowsStore_8wekyb3d8bbwe", "EventData.OldConsentValue": "128", "EventData.NewConsentValue": "8", "EventData.IsSetByHigherAuthority": "False", "EventData.EffectiveConsentValue": "136", "EventData.TargetUserSid": "S-1-5-21-963789628-1060504924-4285088085-1001", "EventData.TargetPackageFamilyName": "Microsoft.WindowsStore_8wekyb3d8bbwe", "EventData.HRESULT": "0"}
{"EventID": "713", "Channel": "Microsoft-Windows-Privacy-Auditing/Operational", "Provider_Name": "Microsoft-Windows-AppModel-Exec", "Computer": "DESKTOP-OFJ6N53", "TimeCreated": "2024-05-17 11:23:28.188612+00:00", "RecordID": "208", "Level": "4", "UserID": "S-1-5-21-963789628-1060504924-4285088085-1001", "EventData.CallerUserSid": "S-1-5-21-963789628-1060504924-4285088085-1001", "EventData.CallerProcessName": "RuntimeBroker.exe", "EventData.CallerPackageFamilyName": "Microsoft.MicrosoftOfficeHub_8wekyb3d8bbwe", "EventData.OldConsentValue": "0", "EventData.NewConsentValue": "8", "EventData.IsSetByHigherAuthority": "False", "EventData.EffectiveConsentValue": "8", "EventData.TargetUserSid": "S-1-5-21-963789628-1060504924-4285088085-1001", "EventData.TargetPackageFamilyName": "Microsoft.MicrosoftOfficeHub_8wekyb3d8bbwe", "EventData.HRESULT": "0"}
{"EventID": "1012", "Channel": "Microsoft-Windows-Privacy-Auditing/Operational", "Provider_Name": "Microsoft-Windows-Privacy-Auditing", "Computer": "DESKTOP-OFJ6N53", "TimeCreated": "2024-05-25 09:42:13.590401+00:00", "RecordID": "209", "Level": "4", "UserID": "S-1-5-18", "EventData.NewConsentValue": "Allow", "EventData.TargetUserSid": "S-1-5-21-963789628-1060504924-4285088085-1001", "EventData.AppPackageFamilyName": "Microsoft.MixedReality.Portal_8wekyb3d8bbwe", "EventData.HResult": "0x00000000", "EventData.SettingName": "webcam", "EventData.Migrated": "False"}
{"EventID": "1012", "Channel": "Microsoft-Windows-Privacy-Auditing/Operational", "Provider_Name": "Microsoft-Windows-Privacy-Auditing", "Computer": "DESKTOP-OFJ6N53", "TimeCreated": "2024-05-25 11:20:44.626900+00:00", "RecordID": "210", "Level": "4", "UserID": "S-1-5-18", "EventData.NewConsentValue": "Allow", "EventData.TargetUserSid": "S-1-5-21-963789628-1060504924-4285088085-1001", "EventData.AppPackageFamilyName": "Microsoft.XboxIdentityProvider_8wekyb3d8bbwe", "EventData.HResult": "0x00000000", "EventData.SettingName": "cellularData", "EventData.Migrated": "False"}
{"EventID": "1012", "Channel": "Microsoft-Windows-Privacy-Auditing/Operational", "Provider_Name": "Microsoft-Windows-Privacy-Auditing", "Computer": "DESKTOP-OFJ6N53", "TimeCreated": "2024-05-25 11:20:44.644180+00:00", "RecordID": "211", "Level": "4", "UserID": "S-1-5-18", "EventData.NewConsentValue": "Allow", "EventData.TargetUserSid": "S-1-5-21-963789628-1060504924-4285088085-1001", "EventData.AppPackageFamilyName": "Microsoft.XboxIdentityProvider_8wekyb3d8bbwe", "EventData.HResult": "0x00000000", "EventData.SettingName": "wifiData", "EventData.Migrated": "False"}
{"EventID": "1012", "Channel": "Microsoft-Windows-Privacy-Auditing/Operational", "Provider_Name": "Microsoft-Windows-Privacy-Auditing", "Computer": "DESKTOP-OFJ6N53", "TimeCreated": "2024-05-25 11:21:10.105610+00:00", "RecordID": "212", "Level": "4", "UserID": "S-1-5-18", "EventData.NewConsentValue": "Prompt", "EventData.TargetUserSid": "S-1-5-21-963789628-1060504924-4285088085-1001", "EventData.AppPackageFamilyName": "Microsoft.People_8wekyb3d8bbwe", "EventData.HResult": "0x00000000", "EventData.SettingName": "contacts", "EventData.Migrated": "False"}
{"EventID": "1012", "Channel": "Microsoft-Windows-Privacy-Auditing/Operational", "Provider_Name": "Microsoft-Windows-Privacy-Auditing", "Computer": "DESKTOP-OFJ6N53", "TimeCreated": "2024-05-25 11:21:10.108305+00:00", "RecordID": "213", "Level": "4", "UserID": "S-1-5-18", "EventData.NewConsentValue": "Prompt", "EventData.TargetUserSid": "S-1-5-21-963789628-1060504924-4285088085-1001", "EventData.AppPackageFamilyName": "Microsoft.People_8wekyb3d8bbwe", "EventData.HResult": "0x00000000", "EventData.SettingName": "phoneCall", "EventData.Migrated": "False"}
{"EventID": "1012", "Channel": "Microsoft-Windows-Privacy-Auditing/Operational", "Provider_Name": "Microsoft-Windows-Privacy-Auditing", "Computer": "DESKTOP-OFJ6N53", "TimeCreated": "2024-05-25 11:25:32.391977+00:00", "RecordID": "214", "Level": "4", "UserID": "S-1-5-18", "EventData.NewConsentValue": "Allow", "EventData.TargetUserSid": "S-1-5-21-963789628-1060504924-4285088085-1001", "EventData.AppPackageFamilyName": "Microsoft.WindowsCamera_8wekyb3d8bbwe", "EventData.HResult": "0x00000000", "EventData.SettingName": "picturesLibrary", "EventData.Migrated": "False"}
{"EventID": "713", "Channel": "Microsoft-Windows-Privacy-Auditing/Operational", "Provider_Name": "Microsoft-Windows-AppModel-Exec", "Computer": "DESKTOP-OFJ6N53", "TimeCreated": "2024-12-19 09:06:58.151558+00:00", "RecordID": "215", "Level": "4", "UserID": "S-1-5-21-963789628-1060504924-4285088085-1001", "EventData.CallerUserSid": "S-1-5-21-963789628-1060504924-4285088085-1001", "EventData.CallerProcessName": "RuntimeBroker.exe", "EventData.CallerPackageFamilyName": "MicrosoftWindows.CrossDevice_cw5n1h2txyewy", "EventData.OldConsentValue": "0", "EventData.NewConsentValue": "8", "EventData.IsSetByHigherAuthority": "False", "EventData.EffectiveConsentValue": "8", "EventData.TargetUserSid": "S-1-5-21-963789628-1060504924-4285088085-1001", "EventData.TargetPackageFamilyName": "MicrosoftWindows.CrossDevice_cw5n1h2txyewy", "EventData.HRESULT": "0"}
{"EventID": "1012", "Channel": "Microsoft-Windows-Privacy-Auditing/Operational", "Provider_Name": "Microsoft-Windows-Privacy-Auditing", "Computer": "DESKTOP-OFJ6N53", "TimeCreated": "2025-04-24 11:02:43.681347+00:00", "RecordID": "216", "Level": "4", "UserID": "S-1-5-18", "EventData.NewConsentValue": "Allow", "EventData.TargetUserSid": "S-1-5-21-963789628-1060504924-4285088085-1001", "EventData.AppPackageFamilyName": "Microsoft.MicrosoftOfficeHub_8wekyb3d8bbwe", "EventData.HResult": "0x00000000", "EventData.SettingName": "microphone", "EventData.Migrated": "False"}
