{"EventID": "5857", "Channel": "Microsoft-Windows-WMI-Activity/Operational", "Provider_Name": "Microsoft-Windows-WMI-Activity", "Computer": "DESKTOP-OFJ6N53", "TimeCreated": "2025-08-23 19:00:00.985680+00:00", "RecordID": "160967", "Level": "0", "UserID": "S-1-5-20"}
{"EventID": "5857", "Channel": "Microsoft-Windows-WMI-Activity/Operational", "Provider_Name": "Microsoft-Windows-WMI-Activity", "Computer": "DESKTOP-OFJ6N53", "TimeCreated": "2025-08-23 19:00:01.065256+00:00", "RecordID": "160968", "Level": "0", "UserID": "S-1-5-20"}
{"EventID": "5857", "Channel": "Microsoft-Windows-WMI-Activity/Operational", "Provider_Name": "Microsoft-Windows-WMI-Activity", "Computer": "DESKTOP-OFJ6N53", "TimeCreated": "2025-08-23 19:01:12.542488+00:00", "RecordID": "160969", "Level": "0", "UserID": "S-1-5-20"}
{"EventID": "5857", "Channel": "Microsoft-Windows-WMI-Activity/Operational", "Provider_Name": "Microsoft-Windows-WMI-Activity", "Computer": "DESKTOP-OFJ6N53", "TimeCreated": "2025-08-23 19:07:18.708815+00:00", "RecordID": "160970", "Level": "0", "UserID": "S-1-5-20"}
{"EventID": "5857", "Channel": "Microsoft-Windows-WMI-Activity/Operational", "Provider_Name": "Microsoft-Windows-WMI-Activity", "Computer": "DESKTOP-OFJ6N53", "TimeCreated": "2025-08-23 19:51:31.482042+00:00", "RecordID": "160971", "Level": "0", "UserID": "S-1-5-20"}
{"EventID": "5857", "Channel": "Microsoft-Windows-WMI-Activity/Operational", "Provider_Name": "Microsoft-Windows-WMI-Activity", "Computer": "DESKTOP-OFJ6N53", "TimeCreated": "2025-08-23 19:56:20.517040+00:00", "RecordID": "160972", "Level": "0", "UserID": "S-1-5-20"}
{"EventID": "5857", "Channel": "Microsoft-Windows-WMI-Activity/Operational", "Provider_Name": "Microsoft-Windows-WMI-Activity", "Computer": "DESKTOP-OFJ6N53", "TimeCreated": "2025-08-23 19:56:20.599524+00:00", "RecordID": "160973", "Level": "0", "UserID": "S-1-5-20"}
{"EventID": "5857", "Channel": "Microsoft-Windows-WMI-Activity/Operational", "Provider_Name": "Microsoft-Windows-WMI-Activity", "Computer": "DESKTOP-OFJ6N53", "TimeCreated": "2025-08-23 20:05:07.694162+00:00", "RecordID": "160974", "Level": "0", "UserID": "S-1-5-20"}
{"EventID": "5857", "Channel": "Microsoft-Windows-WMI-Activity/Operational", "Provider_Name": "Microsoft-Windows-WMI-Activity", "Computer": "DESKTOP-OFJ6N53", "TimeCreated": "2025-08-23 20:15:34.771082+00:00", "RecordID": "160975", "Level": "0", "UserID": "S-1-5-20"}
{"EventID": "5857", "Channel": "Microsoft-Windows-WMI-Activity/Operational", "Provider_Name": "Microsoft-Windows-WMI-Activity", "Computer": "DESKTOP-OFJ6N53", "TimeCreated": "2025-08-23 20:15:35.535686+00:00", "RecordID": "160976", "Level": "0", "UserID": "S-1-5-20"}
{"EventID": "5857", "Channel": "Microsoft-Windows-WMI-Activity/Operational", "Provider_Name": "Microsoft-Windows-WMI-Activity", "Computer": "DESKTOP-OFJ6N53", "TimeCreated": "2025-08-23 20:29:23.883667+00:00", "RecordID": "160977", "Level": "0", "UserID": "S-1-5-20"}
{"EventID": "5858", "Channel": "Microsoft-Windows-WMI-Activity/Operational", "Provider_Name": "Microsoft-Windows-WMI-Activity", "Computer": "DESKTOP-OFJ6N53", "TimeCreated": "2025-08-23 20:32:33.448805+00:00", "RecordID": "160978", "Level": "2", "UserID": "S-1-5-18"}
{"EventID": "5857", "Channel": "Microsoft-Windows-WMI-Activity/Operational", "Provider_Name": "Microsoft-Windows-WMI-Activity", "Computer": "DESKTOP-OFJ6N53", "TimeCreated": "2025-08-23 20:33:26.649546+00:00", "RecordID": "160979", "Level": "0", "UserID": "S-1-5-20"}
{"EventID": "5857", "Channel": "Microsoft-Windows-WMI-Activity/Operational", "Provider_Name": "Microsoft-Windows-WMI-Activity", "Computer": "DESKTOP-OFJ6N53", "TimeCreated": "2025-08-23 20:33:27.912558+00:00", "RecordID": "160980", "Level": "0", "UserID": "S-1-5-20"}
{"EventID": "5857", "Channel": "Microsoft-Windows-WMI-Activity/Operational", "Provider_Name": "Microsoft-Windows-WMI-Activity", "Computer": "DESKTOP-OFJ6N53", "TimeCreated": "2025-08-23 20:33:36.643490+00:00", "RecordID": "160981", "Level": "0", "UserID": "S-1-5-18"}
{"EventID": "5858", "Channel": "Microsoft-Windows-WMI-Activity/Operational", "Provider_Name": "Microsoft-Windows-WMI-Activity", "Computer": "DESKTOP-OFJ6N53", "TimeCreated": "2025-08-23 20:33:36.996834+00:00", "RecordID": "160982", "Level": "2", "UserID": "S-1-5-18"}
{"EventID": "5858", "Channel": "Microsoft-Windows-WMI-Activity/Operational", "Provider_Name": "Microsoft-Windows-WMI-Activity", "Computer": "DESKTOP-OFJ6N53", "TimeCreated": "2025-08-23 20:34:24.618601+00:00", "RecordID": "160983", "Level": "2", "UserID": "S-1-5-18"}
{"EventID": "5861", "Channel": "Microsoft-Windows-WMI-Activity/Operational", "Provider_Name": "Microsoft-Windows-WMI-Activity", "Computer": "DESKTOP-OFJ6N53", "TimeCreated": "2025-08-23 20:34:28.890089+00:00", "RecordID": "160984", "Level": "0", "UserID": "S-1-5-18"}
{"EventID": "5858", "Channel": "Microsoft-Windows-WMI-Activity/Operational", "Provider_Name": "Microsoft-Windows-WMI-Activity", "Computer": "DESKTOP-OFJ6N53", "TimeCreated": "2025-08-23 20:34:29.165104+00:00", "RecordID": "160985", "Level": "2", "UserID": "S-1-5-18"}
{"EventID": "5859", "Channel": "Microsoft-Windows-WMI-Activity/Operational", "Provider_Name": "Microsoft-Windows-WMI-Activity", "Computer": "DESKTOP-OFJ6N53", "TimeCreated": "2025-08-23 20:34:29.202131+00:00", "RecordID": "160986", "Level": "0", "UserID": "S-1-5-18"}
{"EventID": "5857", "Channel": "Microsoft-Windows-WMI-Activity/Operational", "Provider_Name": "Microsoft-Windows-WMI-Activity", "Computer": "DESKTOP-OFJ6N53", "TimeCreated": "2025-08-23 20:34:29.305578+00:00", "RecordID": "160987", "Level": "0", "UserID": "S-1-5-18"}
{"EventID": "5860", "Channel": "Microsoft-Windows-WMI-Activity/Operational", "Provider_Name": "Microsoft-Windows-WMI-Activity", "Computer": "DESKTOP-OFJ6N53", "TimeCreated": "2025-08-23 20:34:29.584530+00:00", "RecordID": "160988", "Level": "0", "UserID": "S-1-5-18"}
{"EventID": "5857", "Channel": "Microsoft-Windows-WMI-Activity/Operational", "Provider_Name": "Microsoft-Windows-WMI-Activity", "Computer": "DESKTOP-OFJ6N53", "TimeCreated": "2025-08-23 20:34:30.998199+00:00", "RecordID": "160989", "Level": "0", "UserID": "S-1-5-18"}
{"EventID": "5860", "Channel": "Microsoft-Windows-WMI-Activity/Operational", "Provider_Name": "Microsoft-Windows-WMI-Activity", "Computer": "DESKTOP-OFJ6N53", "TimeCreated": "2025-08-23 20:35:51.248293+00:00", "RecordID": "160990", "Level": "0", "UserID": "S-1-5-18"}
{"EventID": "5857", "Channel": "Microsoft-Windows-WMI-Activity/Operational", "Provider_Name": "Microsoft-Windows-WMI-Activity", "Computer": "DESKTOP-OFJ6N53", "TimeCreated": "2025-08-23 20:36:38.903379+00:00", "RecordID": "160991", "Level": "0", "UserID": "S-1-5-20"}
{"EventID": "5857", "Channel": "Microsoft-Windows-WMI-Activity/Operational", "Provider_Name": "Microsoft-Windows-WMI-Activity", "Computer": "DESKTOP-OFJ6N53", "TimeCreated": "2025-08-23 20:44:39.969130+00:00", "RecordID": "160992", "Level": "0", "UserID": "S-1-5-20"}
{"EventID": "5858", "Channel": "Microsoft-Windows-WMI-Activity/Operational", "Provider_Name": "Microsoft-Windows-WMI-Activity", "Computer": "DESKTOP-OFJ6N53", "TimeCreated": "2025-08-23 21:03:49.911865+00:00", "RecordID": "160993", "Level": "2", "UserID": "S-1-5-18"}
{"EventID": "5858", "Channel": "Microsoft-Windows-WMI-Activity/Operational", "Provider_Name": "Microsoft-Windows-WMI-Activity", "Computer": "DESKTOP-OFJ6N53", "TimeCreated": "2025-08-23 21:03:49.911968+00:00", "RecordID": "160994", "Level": "2", "UserID": "S-1-5-18"}
{"EventID": "5858", "Channel": "Microsoft-Windows-WMI-Activity/Operational", "Provider_Name": "Microsoft-Windows-WMI-Activity", "Computer": "DESKTOP-OFJ6N53", "TimeCreated": "2025-08-23 21:03:49.912029+00:00", "RecordID": "160995", "Level": "2", "UserID": "S-1-5-18"}
{"EventID": "5858", "Channel": "Microsoft-Windows-WMI-Activity/Operational", "Provider_Name": "Microsoft-Windows-WMI-Activity", "Computer": "DESKTOP-OFJ6N53", "TimeCreated": "2025-08-23 21:03:49.912088+00:00", "RecordID": "160996", "Level": "2", "UserID": "S-1-5-18"}
{"EventID": "5858", "Channel": "Microsoft-Windows-WMI-Activity/Operational", "Provider_Name": "Microsoft-Windows-WMI-Activity", "Computer": "DESKTOP-OFJ6N53", "TimeCreated": "2025-08-23 21:03:49.912127+00:00", "RecordID": "160997", "Level": "2", "UserID": "S-1-5-18"}
{"EventID": "5858", "Channel": "Microsoft-Windows-WMI-Activity/Operational", "Provider_Name": "Microsoft-Windows-WMI-Activity", "Computer": "DESKTOP-OFJ6N53", "TimeCreated": "2025-08-23 21:03:49.912159+00:00", "RecordID": "160998", "Level": "2", "UserID": "S-1-5-18"}
{"EventID": "5858", "Channel": "Microsoft-Windows-WMI-Activity/Operational", "Provider_Name": "Microsoft-Windows-WMI-Activity", "Computer": "DESKTOP-OFJ6N53", "TimeCreated": "2025-08-23 21:03:49.912197+00:00", "RecordID": "160999", "Level": "2", "UserID": "S-1-5-18"}
{"EventID": "5858", "Channel": "Microsoft-Windows-WMI-Activity/Operational", "Provider_Name": "Microsoft-Windows-WMI-Activity", "Computer": "DESKTOP-OFJ6N53", "TimeCreated": "2025-08-23 21:04:10.563707+00:00", "RecordID": "161000", "Level": "2", "UserID": "S-1-5-18"}
{"EventID": "5857", "Channel": "Microsoft-Windows-WMI-Activity/Operational", "Provider_Name": "Microsoft-Windows-WMI-Activity", "Computer": "DESKTOP-OFJ6N53", "TimeCreated": "2025-08-23 21:04:11.589924+00:00", "RecordID": "161001", "Level": "0", "UserID": "S-1-5-20"}
{"EventID": "5858", "Channel": "Microsoft-Windows-WMI-Activity/Operational", "Provider_Name": "Microsoft-Windows-WMI-Activity", "Computer": "DESKTOP-OFJ6N53", "TimeCreated": "2025-08-23 21:15:10.370186+00:00", "RecordID": "161002", "Level": "2", "UserID": "S-1-5-18"}
{"EventID": "5858", "Channel": "Microsoft-Windows-WMI-Activity/Operational", "Provider_Name": "Microsoft-Windows-WMI-Activity", "Computer": "DESKTOP-OFJ6N53", "TimeCreated": "2025-08-23 21:15:14.693609+00:00", "RecordID": "161003", "Level": "2", "UserID": "S-1-5-18"}
{"EventID": "5858", "Channel": "Microsoft-Windows-WMI-Activity/Operational", "Provider_Name": "Microsoft-Windows-WMI-Activity", "Computer": "DESKTOP-OFJ6N53", "TimeCreated": "2025-08-23 21:15:21.599611+00:00", "RecordID": "161004", "Level": "2", "UserID": "S-1-5-18"}
{"EventID": "5858", "Channel": "Microsoft-Windows-WMI-Activity/Operational", "Provider_Name": "Microsoft-Windows-WMI-Activity", "Computer": "DESKTOP-OFJ6N53", "TimeCreated": "2025-08-23 21:15:24.938801+00:00", "RecordID": "161005", "Level": "2", "UserID": "S-1-5-18"}
{"EventID": "5858", "Channel": "Microsoft-Windows-WMI-Activity/Operational", "Provider_Name": "Microsoft-Windows-WMI-Activity", "Computer": "DESKTOP-OFJ6N53", "TimeCreated": "2025-08-23 21:15:28.088606+00:00", "RecordID": "161006", "Level": "2", "UserID": "S-1-5-18"}
{"EventID": "5857", "Channel": "Microsoft-Windows-WMI-Activity/Operational", "Provider_Name": "Microsoft-Windows-WMI-Activity", "Computer": "DESKTOP-OFJ6N53", "TimeCreated": "2025-08-23 21:15:29.051582+00:00", "RecordID": "161007", "Level": "0", "UserID": "S-1-5-20"}
{"EventID": "5858", "Channel": "Microsoft-Windows-WMI-Activity/Operational", "Provider_Name": "Microsoft-Windows-WMI-Activity", "Computer": "DESKTOP-OFJ6N53", "TimeCreated": "2025-08-23 21:15:30.915930+00:00", "RecordID": "161008", "Level": "2", "UserID": "S-1-5-18"}
{"EventID": "5857", "Channel": "Microsoft-Windows-WMI-Activity/Operational", "Provider_Name": "Microsoft-Windows-WMI-Activity", "Computer": "DESKTOP-OFJ6N53", "TimeCreated": "2025-08-23 21:15:31.634369+00:00", "RecordID": "161009", "Level": "0", "UserID": "S-1-5-18"}
{"EventID": "5858", "Channel": "Microsoft-Windows-WMI-Activity/Operational", "Provider_Name": "Microsoft-Windows-WMI-Activity", "Computer": "DESKTOP-OFJ6N53", "TimeCreated": "2025-08-23 21:25:45.677250+00:00", "RecordID": "161010", "Level": "2", "UserID": "S-1-5-18"}
{"EventID": "5858", "Channel": "Microsoft-Windows-WMI-Activity/Operational", "Provider_Name": "Microsoft-Windows-WMI-Activity", "Computer": "DESKTOP-OFJ6N53", "TimeCreated": "2025-08-23 21:25:45.677309+00:00", "RecordID": "161011", "Level": "2", "UserID": "S-1-5-18"}
{"EventID": "5858", "Channel": "Microsoft-Windows-WMI-Activity/Operational", "Provider_Name": "Microsoft-Windows-WMI-Activity", "Computer": "DESKTOP-OFJ6N53", "TimeCreated": "2025-08-23 21:25:45.677338+00:00", "RecordID": "161012", "Level": "2", "UserID": "S-1-5-18"}
{"EventID": "5858", "Channel": "Microsoft-Windows-WMI-Activity/Operational", "Provider_Name": "Microsoft-Windows-WMI-Activity", "Computer": "DESKTOP-OFJ6N53", "TimeCreated": "2025-08-23 21:25:45.677395+00:00", "RecordID": "161013", "Level": "2", "UserID": "S-1-5-18"}
{"EventID": "5858", "Channel": "Microsoft-Windows-WMI-Activity/Operational", "Provider_Name": "Microsoft-Windows-WMI-Activity", "Computer": "DESKTOP-OFJ6N53", "TimeCreated": "2025-08-23 21:25:45.677471+00:00", "RecordID": "161014", "Level": "2", "UserID": "S-1-5-18"}
{"EventID": "5858", "Channel": "Microsoft-Windows-WMI-Activity/Operational", "Provider_Name": "Microsoft-Windows-WMI-Activity", "Computer": "DESKTOP-OFJ6N53", "TimeCreated": "2025-08-23 21:25:45.677498+00:00", "RecordID": "161015", "Level": "2", "UserID": "S-1-5-18"}
{"EventID": "5858", "Channel": "Microsoft-Windows-WMI-Activity/Operational", "Provider_Name": "Microsoft-Windows-WMI-Activity", "Computer": "DESKTOP-OFJ6N53", "TimeCreated": "2025-08-23 21:25:45.677523+00:00", "RecordID": "161016", "Level": "2", "UserID": "S-1-5-18"}
{"EventID": "5858", "Channel": "Microsoft-Windows-WMI-Activity/Operational", "Provider_Name": "Microsoft-Windows-WMI-Activity", "Computer": "DESKTOP-OFJ6N53", "TimeCreated": "2025-08-23 21:25:45.677574+00:00", "RecordID": "161017", "Level": "2", "UserID": "S-1-5-18"}
{"EventID": "5857", "Channel": "Microsoft-Windows-WMI-Activity/Operational", "Provider_Name": "Microsoft-Windows-WMI-Activity", "Computer": "DESKTOP-OFJ6N53", "TimeCreated": "2025-08-23 22:38:37.158239+00:00", "RecordID": "161018", "Level": "0", "UserID": "S-1-5-20"}
{"EventID": "5857", "Channel": "Microsoft-Windows-WMI-Activity/Operational", "Provider_Name": "Microsoft-Windows-WMI-Activity", "Computer": "DESKTOP-OFJ6N53", "TimeCreated": "2025-08-23 22:38:37.451773+00:00", "RecordID": "161019", "Level": "0", "UserID": "S-1-5-20"}
{"EventID": "5857", "Channel": "Microsoft-Windows-WMI-Activity/Operational", "Provider_Name": "Microsoft-Windows-WMI-Activity", "Computer": "DESKTOP-OFJ6N53", "TimeCreated": "2025-08-23 22:38:41.233145+00:00", "RecordID": "161020", "Level": "0", "UserID": "S-1-5-20"}
{"EventID": "5857", "Channel": "Microsoft-Windows-WMI-Activity/Operational", "Provider_Name": "Microsoft-Windows-WMI-Activity", "Computer": "DESKTOP-OFJ6N53", "TimeCreated": "2025-08-23 23:05:07.241673+00:00", "RecordID": "161021", "Level": "0", "UserID": "S-1-5-20"}
{"EventID": "5857", "Channel": "Microsoft-Windows-WMI-Activity/Operational", "Provider_Name": "Microsoft-Windows-WMI-Activity", "Computer": "DESKTOP-OFJ6N53", "TimeCreated": "2025-08-23 23:05:07.398880+00:00", "RecordID": "161022", "Level": "0", "UserID": "S-1-5-20"}
{"EventID": "5857", "Channel": "Microsoft-Windows-WMI-Activity/Operational", "Provider_Name": "Microsoft-Windows-WMI-Activity", "Computer": "DESKTOP-OFJ6N53", "TimeCreated": "2025-08-24 00:05:08.404728+00:00", "RecordID": "161023", "Level": "0", "UserID": "S-1-5-20"}
{"EventID": "5857", "Channel": "Microsoft-Windows-WMI-Activity/Operational", "Provider_Name": "Microsoft-Windows-WMI-Activity", "Computer": "DESKTOP-OFJ6N53", "TimeCreated": "2025-08-24 00:05:08.742174+00:00", "RecordID": "161024", "Level": "0", "UserID": "S-1-5-20"}
{"EventID": "5857", "Channel": "Microsoft-Windows-WMI-Activity/Operational", "Provider_Name": "Microsoft-Windows-WMI-Activity", "Computer": "DESKTOP-OFJ6N53", "TimeCreated": "2025-08-24 00:25:30.408398+00:00", "RecordID": "161025", "Level": "0", "UserID": "S-1-5-18"}
{"EventID": "5858", "Channel": "Microsoft-Windows-WMI-Activity/Operational", "Provider_Name": "Microsoft-Windows-WMI-Activity", "Computer": "DESKTOP-OFJ6N53", "TimeCreated": "2025-08-24 00:25:30.413647+00:00", "RecordID": "161026", "Level": "2", "UserID": "S-1-5-18"}
{"EventID": "5857", "Channel": "Microsoft-Windows-WMI-Activity/Operational", "Provider_Name": "Microsoft-Windows-WMI-Activity", "Computer": "DESKTOP-OFJ6N53", "TimeCreated": "2025-08-24 00:25:31.293999+00:00", "RecordID": "161027", "Level": "0", "UserID": "S-1-5-20"}
{"EventID": "5857", "Channel": "Microsoft-Windows-WMI-Activity/Operational", "Provider_Name": "Microsoft-Windows-WMI-Activity", "Computer": "DESKTOP-OFJ6N53", "TimeCreated": "2025-08-24 00:25:38.061449+00:00", "RecordID": "161028", "Level": "0", "UserID": "S-1-5-20"}
{"EventID": "5858", "Channel": "Microsoft-Windows-WMI-Activity/Operational", "Provider_Name": "Microsoft-Windows-WMI-Activity", "Computer": "DESKTOP-OFJ6N53", "TimeCreated": "2025-08-24 00:25:38.085011+00:00", "RecordID": "161029", "Level": "2", "UserID": "S-1-5-18"}
{"EventID": "5857", "Channel": "Microsoft-Windows-WMI-Activity/Operational", "Provider_Name": "Microsoft-Windows-WMI-Activity", "Computer": "DESKTOP-OFJ6N53", "TimeCreated": "2025-08-24 01:05:08.922905+00:00", "RecordID": "161030", "Level": "0", "UserID": "S-1-5-20"}
{"EventID": "5857", "Channel": "Microsoft-Windows-WMI-Activity/Operational", "Provider_Name": "Microsoft-Windows-WMI-Activity", "Computer": "DESKTOP-OFJ6N53", "TimeCreated": "2025-08-24 01:05:09.486506+00:00", "RecordID": "161031", "Level": "0", "UserID": "S-1-5-20"}
{"EventID": "5857", "Channel": "Microsoft-Windows-WMI-Activity/Operational", "Provider_Name": "Microsoft-Windows-WMI-Activity", "Computer": "DESKTOP-OFJ6N53", "TimeCreated": "2025-08-24 01:49:06.993343+00:00", "RecordID": "161032", "Level": "0", "UserID": "S-1-5-20"}
{"EventID": "5857", "Channel": "Microsoft-Windows-WMI-Activity/Operational", "Provider_Name": "Microsoft-Windows-WMI-Activity", "Computer": "DESKTOP-OFJ6N53", "TimeCreated": "2025-08-24 01:49:07.204742+00:00", "RecordID": "161033", "Level": "0", "UserID": "S-1-5-20"}
{"EventID": "5857", "Channel": "Microsoft-Windows-WMI-Activity/Operational", "Provider_Name": "Microsoft-Windows-WMI-Activity", "Computer": "DESKTOP-OFJ6N53", "TimeCreated": "2025-08-24 01:49:13.722187+00:00", "RecordID": "161034", "Level": "0", "UserID": "S-1-5-20"}
{"EventID": "5857", "Channel": "Microsoft-Windows-WMI-Activity/Operational", "Provider_Name": "Microsoft-Windows-WMI-Activity", "Computer": "DESKTOP-OFJ6N53", "TimeCreated": "2025-08-24 01:50:30.027754+00:00", "RecordID": "161035", "Level": "0", "UserID": "S-1-5-20"}
{"EventID": "5857", "Channel": "Microsoft-Windows-WMI-Activity/Operational", "Provider_Name": "Microsoft-Windows-WMI-Activity", "Computer": "DESKTOP-OFJ6N53", "TimeCreated": "2025-08-24 01:50:40.018755+00:00", "RecordID": "161036", "Level": "0", "UserID": "S-1-5-20"}
{"EventID": "5858", "Channel": "Microsoft-Windows-WMI-Activity/Operational", "Provider_Name": "Microsoft-Windows-WMI-Activity", "Computer": "DESKTOP-OFJ6N53", "TimeCreated": "2025-08-24 01:50:40.051947+00:00", "RecordID": "161037", "Level": "2", "UserID": "S-1-5-18"}
{"EventID": "5857", "Channel": "Microsoft-Windows-WMI-Activity/Operational", "Provider_Name": "Microsoft-Windows-WMI-Activity", "Computer": "DESKTOP-OFJ6N53", "TimeCreated": "2025-08-24 03:05:07.790293+00:00", "RecordID": "161038", "Level": "0", "UserID": "S-1-5-20"}
{"EventID": "5857", "Channel": "Microsoft-Windows-WMI-Activity/Operational", "Provider_Name": "Microsoft-Windows-WMI-Activity", "Computer": "DESKTOP-OFJ6N53", "TimeCreated": "2025-08-24 03:05:08.008518+00:00", "RecordID": "161039", "Level": "0", "UserID": "S-1-5-20"}
{"EventID": "5857", "Channel": "Microsoft-Windows-WMI-Activity/Operational", "Provider_Name": "Microsoft-Windows-WMI-Activity", "Computer": "DESKTOP-OFJ6N53", "TimeCreated": "2025-08-24 03:49:46.327013+00:00", "RecordID": "161040", "Level": "0", "UserID": "S-1-5-20"}
{"EventID": "5857", "Channel": "Microsoft-Windows-WMI-Activity/Operational", "Provider_Name": "Microsoft-Windows-WMI-Activity", "Computer": "DESKTOP-OFJ6N53", "TimeCreated": "2025-08-24 04:05:07.700855+00:00", "RecordID": "161041", "Level": "0", "UserID": "S-1-5-20"}
{"EventID": "5857", "Channel": "Microsoft-Windows-WMI-Activity/Operational", "Provider_Name": "Microsoft-Windows-WMI-Activity", "Computer": "DESKTOP-OFJ6N53", "TimeCreated": "2025-08-24 04:05:08.068592+00:00", "RecordID": "161042", "Level": "0", "UserID": "S-1-5-20"}
{"EventID": "5857", "Channel": "Microsoft-Windows-WMI-Activity/Operational", "Provider_Name": "Microsoft-Windows-WMI-Activity", "Computer": "DESKTOP-OFJ6N53", "TimeCreated": "2025-08-24 05:05:07.201630+00:00", "RecordID": "161043", "Level": "0", "UserID": "S-1-5-20"}
{"EventID": "5857", "Channel": "Microsoft-Windows-WMI-Activity/Operational", "Provider_Name": "Microsoft-Windows-WMI-Activity", "Computer": "DESKTOP-OFJ6N53", "TimeCreated": "2025-08-24 05:05:07.271807+00:00", "RecordID": "161044", "Level": "0", "UserID": "S-1-5-20"}
{"EventID": "5857", "Channel": "Microsoft-Windows-WMI-Activity/Operational", "Provider_Name": "Microsoft-Windows-WMI-Activity", "Computer": "DESKTOP-OFJ6N53", "TimeCreated": "2025-08-24 06:05:07.688499+00:00", "RecordID": "161045", "Level": "0", "UserID": "S-1-5-20"}
{"EventID": "5857", "Channel": "Microsoft-Windows-WMI-Activity/Operational", "Provider_Name": "Microsoft-Windows-WMI-Activity", "Computer": "DESKTOP-OFJ6N53", "TimeCreated": "2025-08-24 06:05:07.812094+00:00", "RecordID": "161046", "Level": "0", "UserID": "S-1-5-20"}
{"EventID": "5857", "Channel": "Microsoft-Windows-WMI-Activity/Operational", "Provider_Name": "Microsoft-Windows-WMI-Activity", "Computer": "DESKTOP-OFJ6N53", "TimeCreated": "2025-08-24 07:05:07.185339+00:00", "RecordID": "161047", "Level": "0", "UserID": "S-1-5-20"}
{"EventID": "5857", "Channel": "Microsoft-Windows-WMI-Activity/Operational", "Provider_Name": "Microsoft-Windows-WMI-Activity", "Computer": "DESKTOP-OFJ6N53", "TimeCreated": "2025-08-24 07:05:07.259905+00:00", "RecordID": "161048", "Level": "0", "UserID": "S-1-5-20"}
{"EventID": "5857", "Channel": "Microsoft-Windows-WMI-Activity/Operational", "Provider_Name": "Microsoft-Windows-WMI-Activity", "Computer": "DESKTOP-OFJ6N53", "TimeCreated": "2025-08-24 08:05:07.713343+00:00", "RecordID": "161049", "Level": "0", "UserID": "S-1-5-20"}
{"EventID": "5857", "Channel": "Microsoft-Windows-WMI-Activity/Operational", "Provider_Name": "Microsoft-Windows-WMI-Activity", "Computer": "DESKTOP-OFJ6N53", "TimeCreated": "2025-08-24 08:05:07.902317+00:00", "RecordID": "161050", "Level": "0", "UserID": "S-1-5-20"}
{"EventID": "5857", "Channel": "Microsoft-Windows-WMI-Activity/Operational", "Provider_Name": "Microsoft-Windows-WMI-Activity", "Computer": "DESKTOP-OFJ6N53", "TimeCreated": "2025-08-24 08:34:28.542679+00:00", "RecordID": "161051", "Level": "0", "UserID": "S-1-5-20"}
{"EventID": "5857", "Channel": "Microsoft-Windows-WMI-Activity/Operational", "Provider_Name": "Microsoft-Windows-WMI-Activity", "Computer": "DESKTOP-OFJ6N53", "TimeCreated": "2025-08-24 08:34:28.544453+00:00", "RecordID": "161052", "Level": "0", "UserID": "S-1-5-20"}
{"EventID": "5857", "Channel": "Microsoft-Windows-WMI-Activity/Operational", "Provider_Name": "Microsoft-Windows-WMI-Activity", "Computer": "DESKTOP-OFJ6N53", "TimeCreated": "2025-08-24 08:36:34.728575+00:00", "RecordID": "161053", "Level": "0", "UserID": "S-1-5-20"}
{"EventID": "5857", "Channel": "Microsoft-Windows-WMI-Activity/Operational", "Provider_Name": "Microsoft-Windows-WMI-Activity", "Computer": "DESKTOP-OFJ6N53", "TimeCreated": "2025-08-24 08:37:39.230965+00:00", "RecordID": "161054", "Level": "0", "UserID": "S-1-5-20"}
{"EventID": "5857", "Channel": "Microsoft-Windows-WMI-Activity/Operational", "Provider_Name": "Microsoft-Windows-WMI-Activity", "Computer": "DESKTOP-OFJ6N53", "TimeCreated": "2025-08-24 08:37:39.422369+00:00", "RecordID": "161055", "Level": "0", "UserID": "S-1-5-20"}
{"EventID": "5857", "Channel": "Microsoft-Windows-WMI-Activity/Operational", "Provider_Name": "Microsoft-Windows-WMI-Activity", "Computer": "DESKTOP-OFJ6N53", "TimeCreated": "2025-08-24 08:42:02.166500+00:00", "RecordID": "161056", "Level": "0", "UserID": "S-1-5-18"}
{"EventID": "5857", "Channel": "Microsoft-Windows-WMI-Activity/Operational", "Provider_Name": "Microsoft-Windows-WMI-Activity", "Computer": "DESKTOP-OFJ6N53", "TimeCreated": "2025-08-24 09:05:09.130432+00:00", "RecordID": "161057", "Level": "0", "UserID": "S-1-5-20"}
{"EventID": "5857", "Channel": "Microsoft-Windows-WMI-Activity/Operational", "Provider_Name": "Microsoft-Windows-WMI-Activity", "Computer": "DESKTOP-OFJ6N53", "TimeCreated": "2025-08-24 09:05:09.251329+00:00", "RecordID": "161058", "Level": "0", "UserID": "S-1-5-20"}
{"EventID": "5857", "Channel": "Microsoft-Windows-WMI-Activity/Operational", "Provider_Name": "Microsoft-Windows-WMI-Activity", "Computer": "DESKTOP-OFJ6N53", "TimeCreated": "2025-08-24 10:05:08.939323+00:00", "RecordID": "161059", "Level": "0", "UserID": "S-1-5-20"}
{"EventID": "5857", "Channel": "Microsoft-Windows-WMI-Activity/Operational", "Provider_Name": "Microsoft-Windows-WMI-Activity", "Computer": "DESKTOP-OFJ6N53", "TimeCreated": "2025-08-24 10:05:09.243610+00:00", "RecordID": "161060", "Level": "0", "UserID": "S-1-5-20"}
{"EventID": "5857", "Channel": "Microsoft-Windows-WMI-Activity/Operational", "Provider_Name": "Microsoft-Windows-WMI-Activity", "Computer": "DESKTOP-OFJ6N53", "TimeCreated": "2025-08-24 10:42:15.549593+00:00", "RecordID": "161061", "Level": "0", "UserID": "S-1-5-20"}
{"EventID": "5857", "Channel": "Microsoft-Windows-WMI-Activity/Operational", "Provider_Name": "Microsoft-Windows-WMI-Activity", "Computer": "DESKTOP-OFJ6N53", "TimeCreated": "2025-08-24 11:05:08.795881+00:00", "RecordID": "161062", "Level": "0", "UserID": "S-1-5-20"}
{"EventID": "5857", "Channel": "Microsoft-Windows-WMI-Activity/Operational", "Provider_Name": "Microsoft-Windows-WMI-Activity", "Computer": "DESKTOP-OFJ6N53", "TimeCreated": "2025-08-24 11:05:08.859144+00:00", "RecordID": "161063", "Level": "0", "UserID": "S-1-5-20"}
{"EventID": "5857", "Channel": "Microsoft-Windows-WMI-Activity/Operational", "Provider_Name": "Microsoft-Windows-WMI-Activity", "Computer": "DESKTOP-OFJ6N53", "TimeCreated": "2025-08-24 12:05:09.154713+00:00", "RecordID": "161064", "Level": "0", "UserID": "S-1-5-20"}
{"EventID": "5857", "Channel": "Microsoft-Windows-WMI-Activity/Operational", "Provider_Name": "Microsoft-Windows-WMI-Activity", "Computer": "DESKTOP-OFJ6N53", "TimeCreated": "2025-08-24 12:05:09.219858+00:00", "RecordID": "161065", "Level": "0", "UserID": "S-1-5-20"}
{"EventID": "5857", "Channel": "Microsoft-Windows-WMI-Activity/Operational", "Provider_Name": "Microsoft-Windows-WMI-Activity", "Computer": "DESKTOP-OFJ6N53", "TimeCreated": "2025-08-24 13:05:08.652435+00:00", "RecordID": "161066", "Level": "0", "UserID": "S-1-5-20"}
{"EventID": "5857", "Channel": "Microsoft-Windows-WMI-Activity/Operational", "Provider_Name": "Microsoft-Windows-WMI-Activity", "Computer": "DESKTOP-OFJ6N53", "TimeCreated": "2025-08-24 13:05:08.717731+00:00", "RecordID": "161067", "Level": "0", "UserID": "S-1-5-20"}
{"EventID": "5857", "Channel": "Microsoft-Windows-WMI-Activity/Operational", "Provider_Name": "Microsoft-Windows-WMI-Activity", "Computer": "DESKTOP-OFJ6N53", "TimeCreated": "2025-08-24 14:05:09.311584+00:00", "RecordID": "161068", "Level": "0", "UserID": "S-1-5-20"}
{"EventID": "5857", "Channel": "Microsoft-Windows-WMI-Activity/Operational", "Provider_Name": "Microsoft-Windows-WMI-Activity", "Computer": "DESKTOP-OFJ6N53", "TimeCreated": "2025-08-24 14:05:09.516930+00:00", "RecordID": "161069", "Level": "0", "UserID": "S-1-5-20"}
{"EventID": "5857", "Channel": "Microsoft-Windows-WMI-Activity/Operational", "Provider_Name": "Microsoft-Windows-WMI-Activity", "Computer": "DESKTOP-OFJ6N53", "TimeCreated": "2025-08-24 14:33:51.131468+00:00", "RecordID": "161070", "Level": "0", "UserID": "S-1-5-20"}
{"EventID": "5857", "Channel": "Microsoft-Windows-WMI-Activity/Operational", "Provider_Name": "Microsoft-Windows-WMI-Activity", "Computer": "DESKTOP-OFJ6N53", "TimeCreated": "2025-08-24 15:05:09.049959+00:00", "RecordID": "161071", "Level": "0", "UserID": "S-1-5-20"}
{"EventID": "5857", "Channel": "Microsoft-Windows-WMI-Activity/Operational", "Provider_Name": "Microsoft-Windows-WMI-Activity", "Computer": "DESKTOP-OFJ6N53", "TimeCreated": "2025-08-24 15:05:09.153786+00:00", "RecordID": "161072", "Level": "0", "UserID": "S-1-5-20"}
{"EventID": "5857", "Channel": "Microsoft-Windows-WMI-Activity/Operational", "Provider_Name": "Microsoft-Windows-WMI-Activity", "Computer": "DESKTOP-OFJ6N53", "TimeCreated": "2025-08-24 16:05:09.160788+00:00", "RecordID": "161073", "Level": "0", "UserID": "S-1-5-20"}
{"EventID": "5857", "Channel": "Microsoft-Windows-WMI-Activity/Operational", "Provider_Name": "Microsoft-Windows-WMI-Activity", "Computer": "DESKTOP-OFJ6N53", "TimeCreated": "2025-08-24 16:05:09.296419+00:00", "RecordID": "161074", "Level": "0", "UserID": "S-1-5-20"}
{"EventID": "5857", "Channel": "Microsoft-Windows-WMI-Activity/Operational", "Provider_Name": "Microsoft-Windows-WMI-Activity", "Computer": "DESKTOP-OFJ6N53", "TimeCreated": "2025-08-24 17:05:09.322454+00:00", "RecordID": "161075", "Level": "0", "UserID": "S-1-5-20"}
{"EventID": "5857", "Channel": "Microsoft-Windows-WMI-Activity/Operational", "Provider_Name": "Microsoft-Windows-WMI-Activity", "Computer": "DESKTOP-OFJ6N53", "TimeCreated": "2025-08-24 17:05:09.680355+00:00", "RecordID": "161076", "Level": "0", "UserID": "S-1-5-20"}
{"EventID": "5857", "Channel": "Microsoft-Windows-WMI-Activity/Operational", "Provider_Name": "Microsoft-Windows-WMI-Activity", "Computer": "DESKTOP-OFJ6N53", "TimeCreated": "2025-08-24 17:09:22.291126+00:00", "RecordID": "161077", "Level": "0", "UserID": "S-1-5-20"}
{"EventID": "5857", "Channel": "Microsoft-Windows-WMI-Activity/Operational", "Provider_Name": "Microsoft-Windows-WMI-Activity", "Computer": "DESKTOP-OFJ6N53", "TimeCreated": "2025-08-24 18:05:08.951794+00:00", "RecordID": "161078", "Level": "0", "UserID": "S-1-5-20"}
{"EventID": "5857", "Channel": "Microsoft-Windows-WMI-Activity/Operational", "Provider_Name": "Microsoft-Windows-WMI-Activity", "Computer": "DESKTOP-OFJ6N53", "TimeCreated": "2025-08-24 18:05:09.015982+00:00", "RecordID": "161079", "Level": "0", "UserID": "S-1-5-20"}
{"EventID": "5857", "Channel": "Microsoft-Windows-WMI-Activity/Operational", "Provider_Name": "Microsoft-Windows-WMI-Activity", "Computer": "DESKTOP-OFJ6N53", "TimeCreated": "2025-08-24 19:05:08.838928+00:00", "RecordID": "161080", "Level": "0", "UserID": "S-1-5-20"}
{"EventID": "5857", "Channel": "Microsoft-Windows-WMI-Activity/Operational", "Provider_Name": "Microsoft-Windows-WMI-Activity", "Computer": "DESKTOP-OFJ6N53", "TimeCreated": "2025-08-24 19:05:08.901300+00:00", "RecordID": "161081", "Level": "0", "UserID": "S-1-5-20"}
{"EventID": "5857", "Channel": "Microsoft-Windows-WMI-Activity/Operational", "Provider_Name": "Microsoft-Windows-WMI-Activity", "Computer": "DESKTOP-OFJ6N53", "TimeCreated": "2025-08-24 20:05:08.839769+00:00", "RecordID": "161082", "Level": "0", "UserID": "S-1-5-20"}
{"EventID": "5857", "Channel": "Microsoft-Windows-WMI-Activity/Operational", "Provider_Name": "Microsoft-Windows-WMI-Activity", "Computer": "DESKTOP-OFJ6N53", "TimeCreated": "2025-08-24 20:05:09.005861+00:00", "RecordID": "161083", "Level": "0", "UserID": "S-1-5-20"}
{"EventID": "5857", "Channel": "Microsoft-Windows-WMI-Activity/Operational", "Provider_Name": "Microsoft-Windows-WMI-Activity", "Computer": "DESKTOP-OFJ6N53", "TimeCreated": "2025-08-24 20:34:10.598133+00:00", "RecordID": "161084", "Level": "0", "UserID": "S-1-5-20"}
{"EventID": "5857", "Channel": "Microsoft-Windows-WMI-Activity/Operational", "Provider_Name": "Microsoft-Windows-WMI-Activity", "Computer": "DESKTOP-OFJ6N53", "TimeCreated": "2025-08-24 20:36:39.998156+00:00", "RecordID": "161085", "Level": "0", "UserID": "S-1-5-20"}
{"EventID": "5857", "Channel": "Microsoft-Windows-WMI-Activity/Operational", "Provider_Name": "Microsoft-Windows-WMI-Activity", "Computer": "DESKTOP-OFJ6N53", "TimeCreated": "2025-08-24 20:36:43.257706+00:00", "RecordID": "161086", "Level": "0", "UserID": "S-1-5-20"}
{"EventID": "5857", "Channel": "Microsoft-Windows-WMI-Activity/Operational", "Provider_Name": "Microsoft-Windows-WMI-Activity", "Computer": "DESKTOP-OFJ6N53", "TimeCreated": "2025-08-24 20:44:40.088745+00:00", "RecordID": "161087", "Level": "0", "UserID": "S-1-5-20"}
{"EventID": "5858", "Channel": "Microsoft-Windows-WMI-Activity/Operational", "Provider_Name": "Microsoft-Windows-WMI-Activity", "Computer": "DESKTOP-OFJ6N53", "TimeCreated": "2025-08-24 21:03:51.335728+00:00", "RecordID": "161088", "Level": "2", "UserID": "S-1-5-18"}
{"EventID": "5858", "Channel": "Microsoft-Windows-WMI-Activity/Operational", "Provider_Name": "Microsoft-Windows-WMI-Activity", "Computer": "DESKTOP-OFJ6N53", "TimeCreated": "2025-08-24 21:03:51.335827+00:00", "RecordID": "161089", "Level": "2", "UserID": "S-1-5-18"}
{"EventID": "5858", "Channel": "Microsoft-Windows-WMI-Activity/Operational", "Provider_Name": "Microsoft-Windows-WMI-Activity", "Computer": "DESKTOP-OFJ6N53", "TimeCreated": "2025-08-24 21:03:51.335859+00:00", "RecordID": "161090", "Level": "2", "UserID": "S-1-5-18"}
{"EventID": "5858", "Channel": "Microsoft-Windows-WMI-Activity/Operational", "Provider_Name": "Microsoft-Windows-WMI-Activity", "Computer": "DESKTOP-OFJ6N53", "TimeCreated": "2025-08-24 21:03:51.335896+00:00", "RecordID": "161091", "Level": "2", "UserID": "S-1-5-18"}
{"EventID": "5858", "Channel": "Microsoft-Windows-WMI-Activity/Operational", "Provider_Name": "Microsoft-Windows-WMI-Activity", "Computer": "DESKTOP-OFJ6N53", "TimeCreated": "2025-08-24 21:03:51.335924+00:00", "RecordID": "161092", "Level": "2", "UserID": "S-1-5-18"}
{"EventID": "5857", "Channel": "Microsoft-Windows-WMI-Activity/Operational", "Provider_Name": "Microsoft-Windows-WMI-Activity", "Computer": "DESKTOP-OFJ6N53", "TimeCreated": "2025-08-24 21:05:10.529562+00:00", "RecordID": "161093", "Level": "0", "UserID": "S-1-5-20"}
{"EventID": "5857", "Channel": "Microsoft-Windows-WMI-Activity/Operational", "Provider_Name": "Microsoft-Windows-WMI-Activity", "Computer": "DESKTOP-OFJ6N53", "TimeCreated": "2025-08-24 21:05:25.453676+00:00", "RecordID": "161094", "Level": "0", "UserID": "S-1-5-20"}
{"EventID": "5858", "Channel": "Microsoft-Windows-WMI-Activity/Operational", "Provider_Name": "Microsoft-Windows-WMI-Activity", "Computer": "DESKTOP-OFJ6N53", "TimeCreated": "2025-08-24 22:05:09.101250+00:00", "RecordID": "161095", "Level": "2", "UserID": "S-1-5-18"}
{"EventID": "5858", "Channel": "Microsoft-Windows-WMI-Activity/Operational", "Provider_Name": "Microsoft-Windows-WMI-Activity", "Computer": "DESKTOP-OFJ6N53", "TimeCreated": "2025-08-24 22:05:09.101351+00:00", "RecordID": "161096", "Level": "2", "UserID": "S-1-5-18"}
{"EventID": "5858", "Channel": "Microsoft-Windows-WMI-Activity/Operational", "Provider_Name": "Microsoft-Windows-WMI-Activity", "Computer": "DESKTOP-OFJ6N53", "TimeCreated": "2025-08-24 22:05:09.101414+00:00", "RecordID": "161097", "Level": "2", "UserID": "S-1-5-18"}
{"EventID": "5858", "Channel": "Microsoft-Windows-WMI-Activity/Operational", "Provider_Name": "Microsoft-Windows-WMI-Activity", "Computer": "DESKTOP-OFJ6N53", "TimeCreated": "2025-08-24 22:05:09.101450+00:00", "RecordID": "161098", "Level": "2", "UserID": "S-1-5-18"}
{"EventID": "5858", "Channel": "Microsoft-Windows-WMI-Activity/Operational", "Provider_Name": "Microsoft-Windows-WMI-Activity", "Computer": "DESKTOP-OFJ6N53", "TimeCreated": "2025-08-24 22:05:09.101484+00:00", "RecordID": "161099", "Level": "2", "UserID": "S-1-5-18"}
{"EventID": "5857", "Channel": "Microsoft-Windows-WMI-Activity/Operational", "Provider_Name": "Microsoft-Windows-WMI-Activity", "Computer": "DESKTOP-OFJ6N53", "TimeCreated": "2025-08-24 22:05:09.297295+00:00", "RecordID": "161100", "Level": "0", "UserID": "S-1-5-20"}
{"EventID": "5857", "Channel": "Microsoft-Windows-WMI-Activity/Operational", "Provider_Name": "Microsoft-Windows-WMI-Activity", "Computer": "DESKTOP-OFJ6N53", "TimeCreated": "2025-08-24 22:48:52.348648+00:00", "RecordID": "161101", "Level": "0", "UserID": "S-1-5-20"}
{"EventID": "5857", "Channel": "Microsoft-Windows-WMI-Activity/Operational", "Provider_Name": "Microsoft-Windows-WMI-Activity", "Computer": "DESKTOP-OFJ6N53", "TimeCreated": "2025-08-24 22:48:52.412838+00:00", "RecordID": "161102", "Level": "0", "UserID": "S-1-5-20"}
{"EventID": "5857", "Channel": "Microsoft-Windows-WMI-Activity/Operational", "Provider_Name": "Microsoft-Windows-WMI-Activity", "Computer": "DESKTOP-OFJ6N53", "TimeCreated": "2025-08-24 23:05:09.047976+00:00", "RecordID": "161103", "Level": "0", "UserID": "S-1-5-20"}
{"EventID": "5857", "Channel": "Microsoft-Windows-WMI-Activity/Operational", "Provider_Name": "Microsoft-Windows-WMI-Activity", "Computer": "DESKTOP-OFJ6N53", "TimeCreated": "2025-08-24 23:05:09.111080+00:00", "RecordID": "161104", "Level": "0", "UserID": "S-1-5-20"}
{"EventID": "5857", "Channel": "Microsoft-Windows-WMI-Activity/Operational", "Provider_Name": "Microsoft-Windows-WMI-Activity", "Computer": "DESKTOP-OFJ6N53", "TimeCreated": "2025-08-24 23:26:37.717779+00:00", "RecordID": "161105", "Level": "0", "UserID": "S-1-5-20"}
{"EventID": "5857", "Channel": "Microsoft-Windows-WMI-Activity/Operational", "Provider_Name": "Microsoft-Windows-WMI-Activity", "Computer": "DESKTOP-OFJ6N53", "TimeCreated": "2025-08-25 00:05:09.033791+00:00", "RecordID": "161106", "Level": "0", "UserID": "S-1-5-20"}
{"EventID": "5857", "Channel": "Microsoft-Windows-WMI-Activity/Operational", "Provider_Name": "Microsoft-Windows-WMI-Activity", "Computer": "DESKTOP-OFJ6N53", "TimeCreated": "2025-08-25 00:05:09.100557+00:00", "RecordID": "161107", "Level": "0", "UserID": "S-1-5-20"}
{"EventID": "5857", "Channel": "Microsoft-Windows-WMI-Activity/Operational", "Provider_Name": "Microsoft-Windows-WMI-Activity", "Computer": "DESKTOP-OFJ6N53", "TimeCreated": "2025-08-25 00:20:02.033131+00:00", "RecordID": "161108", "Level": "0", "UserID": "S-1-5-20"}
{"EventID": "5857", "Channel": "Microsoft-Windows-WMI-Activity/Operational", "Provider_Name": "Microsoft-Windows-WMI-Activity", "Computer": "DESKTOP-OFJ6N53", "TimeCreated": "2025-08-25 00:20:02.205503+00:00", "RecordID": "161109", "Level": "0", "UserID": "S-1-5-20"}
{"EventID": "5857", "Channel": "Microsoft-Windows-WMI-Activity/Operational", "Provider_Name": "Microsoft-Windows-WMI-Activity", "Computer": "DESKTOP-OFJ6N53", "TimeCreated": "2025-08-25 00:21:01.828274+00:00", "RecordID": "161110", "Level": "0", "UserID": "S-1-5-20"}
{"EventID": "5858", "Channel": "Microsoft-Windows-WMI-Activity/Operational", "Provider_Name": "Microsoft-Windows-WMI-Activity", "Computer": "DESKTOP-OFJ6N53", "TimeCreated": "2025-08-25 00:21:01.966431+00:00", "RecordID": "161111", "Level": "2", "UserID": "S-1-5-18"}
{"EventID": "5857", "Channel": "Microsoft-Windows-WMI-Activity/Operational", "Provider_Name": "Microsoft-Windows-WMI-Activity", "Computer": "DESKTOP-OFJ6N53", "TimeCreated": "2025-08-25 00:22:40.950445+00:00", "RecordID": "161112", "Level": "0", "UserID": "S-1-5-20"}
{"EventID": "5858", "Channel": "Microsoft-Windows-WMI-Activity/Operational", "Provider_Name": "Microsoft-Windows-WMI-Activity", "Computer": "DESKTOP-OFJ6N53", "TimeCreated": "2025-08-25 00:22:43.224575+00:00", "RecordID": "161113", "Level": "2", "UserID": "S-1-5-18"}
{"EventID": "5858", "Channel": "Microsoft-Windows-WMI-Activity/Operational", "Provider_Name": "Microsoft-Windows-WMI-Activity", "Computer": "DESKTOP-OFJ6N53", "TimeCreated": "2025-08-25 00:22:44.059898+00:00", "RecordID": "161114", "Level": "2", "UserID": "S-1-5-18"}
{"EventID": "5858", "Channel": "Microsoft-Windows-WMI-Activity/Operational", "Provider_Name": "Microsoft-Windows-WMI-Activity", "Computer": "DESKTOP-OFJ6N53", "TimeCreated": "2025-08-25 00:22:44.801287+00:00", "RecordID": "161115", "Level": "2", "UserID": "S-1-5-18"}
{"EventID": "5858", "Channel": "Microsoft-Windows-WMI-Activity/Operational", "Provider_Name": "Microsoft-Windows-WMI-Activity", "Computer": "DESKTOP-OFJ6N53", "TimeCreated": "2025-08-25 00:22:46.012709+00:00", "RecordID": "161116", "Level": "2", "UserID": "S-1-5-18"}
{"EventID": "5858", "Channel": "Microsoft-Windows-WMI-Activity/Operational", "Provider_Name": "Microsoft-Windows-WMI-Activity", "Computer": "DESKTOP-OFJ6N53", "TimeCreated": "2025-08-25 00:22:46.821898+00:00", "RecordID": "161117", "Level": "2", "UserID": "S-1-5-18"}
{"EventID": "5857", "Channel": "Microsoft-Windows-WMI-Activity/Operational", "Provider_Name": "Microsoft-Windows-WMI-Activity", "Computer": "DESKTOP-OFJ6N53", "TimeCreated": "2025-08-25 00:22:46.972677+00:00", "RecordID": "161118", "Level": "0", "UserID": "S-1-5-20"}
{"EventID": "5858", "Channel": "Microsoft-Windows-WMI-Activity/Operational", "Provider_Name": "Microsoft-Windows-WMI-Activity", "Computer": "DESKTOP-OFJ6N53", "TimeCreated": "2025-08-25 00:22:48.840586+00:00", "RecordID": "161119", "Level": "2", "UserID": "S-1-5-18"}
{"EventID": "5857", "Channel": "Microsoft-Windows-WMI-Activity/Operational", "Provider_Name": "Microsoft-Windows-WMI-Activity", "Computer": "DESKTOP-OFJ6N53", "TimeCreated": "2025-08-25 00:22:48.911812+00:00", "RecordID": "161120", "Level": "0", "UserID": "S-1-5-18"}
{"EventID": "5857", "Channel": "Microsoft-Windows-WMI-Activity/Operational", "Provider_Name": "Microsoft-Windows-WMI-Activity", "Computer": "DESKTOP-OFJ6N53", "TimeCreated": "2025-08-25 01:05:09.111080+00:00", "RecordID": "161121", "Level": "0", "UserID": "S-1-5-20"}
{"EventID": "5857", "Channel": "Microsoft-Windows-WMI-Activity/Operational", "Provider_Name": "Microsoft-Windows-WMI-Activity", "Computer": "DESKTOP-OFJ6N53", "TimeCreated": "2025-08-25 01:05:09.174450+00:00", "RecordID": "161122", "Level": "0", "UserID": "S-1-5-20"}
{"EventID": "5857", "Channel": "Microsoft-Windows-WMI-Activity/Operational", "Provider_Name": "Microsoft-Windows-WMI-Activity", "Computer": "DESKTOP-OFJ6N53", "TimeCreated": "2025-08-25 01:10:45.668938+00:00", "RecordID": "161123", "Level": "0", "UserID": "S-1-5-18"}
{"EventID": "5858", "Channel": "Microsoft-Windows-WMI-Activity/Operational", "Provider_Name": "Microsoft-Windows-WMI-Activity", "Computer": "DESKTOP-OFJ6N53", "TimeCreated": "2025-08-25 01:10:45.674032+00:00", "RecordID": "161124", "Level": "2", "UserID": "S-1-5-18"}
{"EventID": "5857", "Channel": "Microsoft-Windows-WMI-Activity/Operational", "Provider_Name": "Microsoft-Windows-WMI-Activity", "Computer": "DESKTOP-OFJ6N53", "TimeCreated": "2025-08-25 01:10:46.081827+00:00", "RecordID": "161125", "Level": "0", "UserID": "S-1-5-20"}
{"EventID": "5857", "Channel": "Microsoft-Windows-WMI-Activity/Operational", "Provider_Name": "Microsoft-Windows-WMI-Activity", "Computer": "DESKTOP-OFJ6N53", "TimeCreated": "2025-08-25 01:10:48.883829+00:00", "RecordID": "161126", "Level": "0", "UserID": "S-1-5-20"}
{"EventID": "5857", "Channel": "Microsoft-Windows-WMI-Activity/Operational", "Provider_Name": "Microsoft-Windows-WMI-Activity", "Computer": "DESKTOP-OFJ6N53", "TimeCreated": "2025-08-25 02:05:09.271854+00:00", "RecordID": "161127", "Level": "0", "UserID": "S-1-5-20"}
{"EventID": "5857", "Channel": "Microsoft-Windows-WMI-Activity/Operational", "Provider_Name": "Microsoft-Windows-WMI-Activity", "Computer": "DESKTOP-OFJ6N53", "TimeCreated": "2025-08-25 02:05:09.422588+00:00", "RecordID": "161128", "Level": "0", "UserID": "S-1-5-20"}
{"EventID": "5857", "Channel": "Microsoft-Windows-WMI-Activity/Operational", "Provider_Name": "Microsoft-Windows-WMI-Activity", "Computer": "DESKTOP-OFJ6N53", "TimeCreated": "2025-08-25 03:05:09.048676+00:00", "RecordID": "161129", "Level": "0", "UserID": "S-1-5-20"}
{"EventID": "5857", "Channel": "Microsoft-Windows-WMI-Activity/Operational", "Provider_Name": "Microsoft-Windows-WMI-Activity", "Computer": "DESKTOP-OFJ6N53", "TimeCreated": "2025-08-25 03:05:09.115036+00:00", "RecordID": "161130", "Level": "0", "UserID": "S-1-5-20"}
{"EventID": "5857", "Channel": "Microsoft-Windows-WMI-Activity/Operational", "Provider_Name": "Microsoft-Windows-WMI-Activity", "Computer": "DESKTOP-OFJ6N53", "TimeCreated": "2025-08-25 04:05:09.503382+00:00", "RecordID": "161131", "Level": "0", "UserID": "S-1-5-20"}
{"EventID": "5857", "Channel": "Microsoft-Windows-WMI-Activity/Operational", "Provider_Name": "Microsoft-Windows-WMI-Activity", "Computer": "DESKTOP-OFJ6N53", "TimeCreated": "2025-08-25 04:05:09.723396+00:00", "RecordID": "161132", "Level": "0", "UserID": "S-1-5-20"}
{"EventID": "5857", "Channel": "Microsoft-Windows-WMI-Activity/Operational", "Provider_Name": "Microsoft-Windows-WMI-Activity", "Computer": "DESKTOP-OFJ6N53", "TimeCreated": "2025-08-25 04:44:34.324024+00:00", "RecordID": "161133", "Level": "0", "UserID": "S-1-5-20"}
{"EventID": "5857", "Channel": "Microsoft-Windows-WMI-Activity/Operational", "Provider_Name": "Microsoft-Windows-WMI-Activity", "Computer": "DESKTOP-OFJ6N53", "TimeCreated": "2025-08-25 04:44:34.393742+00:00", "RecordID": "161134", "Level": "0", "UserID": "S-1-5-20"}
{"EventID": "5857", "Channel": "Microsoft-Windows-WMI-Activity/Operational", "Provider_Name": "Microsoft-Windows-WMI-Activity", "Computer": "DESKTOP-OFJ6N53", "TimeCreated": "2025-08-25 05:05:09.321760+00:00", "RecordID": "161135", "Level": "0", "UserID": "S-1-5-20"}
{"EventID": "5857", "Channel": "Microsoft-Windows-WMI-Activity/Operational", "Provider_Name": "Microsoft-Windows-WMI-Activity", "Computer": "DESKTOP-OFJ6N53", "TimeCreated": "2025-08-25 05:05:09.467438+00:00", "RecordID": "161136", "Level": "0", "UserID": "S-1-5-20"}
{"EventID": "5857", "Channel": "Microsoft-Windows-WMI-Activity/Operational", "Provider_Name": "Microsoft-Windows-WMI-Activity", "Computer": "DESKTOP-OFJ6N53", "TimeCreated": "2025-08-25 05:14:22.163666+00:00", "RecordID": "161137", "Level": "0", "UserID": "S-1-5-20"}
{"EventID": "5857", "Channel": "Microsoft-Windows-WMI-Activity/Operational", "Provider_Name": "Microsoft-Windows-WMI-Activity", "Computer": "DESKTOP-OFJ6N53", "TimeCreated": "2025-08-25 05:55:03.502914+00:00", "RecordID": "161138", "Level": "0", "UserID": "S-1-5-20"}
{"EventID": "5857", "Channel": "Microsoft-Windows-WMI-Activity/Operational", "Provider_Name": "Microsoft-Windows-WMI-Activity", "Computer": "DESKTOP-OFJ6N53", "TimeCreated": "2025-08-25 06:05:09.082552+00:00", "RecordID": "161139", "Level": "0", "UserID": "S-1-5-20"}
{"EventID": "5857", "Channel": "Microsoft-Windows-WMI-Activity/Operational", "Provider_Name": "Microsoft-Windows-WMI-Activity", "Computer": "DESKTOP-OFJ6N53", "TimeCreated": "2025-08-25 06:05:09.153719+00:00", "RecordID": "161140", "Level": "0", "UserID": "S-1-5-20"}
{"EventID": "5857", "Channel": "Microsoft-Windows-WMI-Activity/Operational", "Provider_Name": "Microsoft-Windows-WMI-Activity", "Computer": "DESKTOP-OFJ6N53", "TimeCreated": "2025-08-25 07:05:09.100834+00:00", "RecordID": "161141", "Level": "0", "UserID": "S-1-5-20"}
{"EventID": "5857", "Channel": "Microsoft-Windows-WMI-Activity/Operational", "Provider_Name": "Microsoft-Windows-WMI-Activity", "Computer": "DESKTOP-OFJ6N53", "TimeCreated": "2025-08-25 07:05:09.167994+00:00", "RecordID": "161142", "Level": "0", "UserID": "S-1-5-20"}
{"EventID": "5857", "Channel": "Microsoft-Windows-WMI-Activity/Operational", "Provider_Name": "Microsoft-Windows-WMI-Activity", "Computer": "DESKTOP-OFJ6N53", "TimeCreated": "2025-08-25 07:51:09.803522+00:00", "RecordID": "161143", "Level": "0", "UserID": "S-1-5-20"}
{"EventID": "5857", "Channel": "Microsoft-Windows-WMI-Activity/Operational", "Provider_Name": "Microsoft-Windows-WMI-Activity", "Computer": "DESKTOP-OFJ6N53", "TimeCreated": "2025-08-25 07:51:14.051445+00:00", "RecordID": "161144", "Level": "0", "UserID": "S-1-5-20"}
{"EventID": "5857", "Channel": "Microsoft-Windows-WMI-Activity/Operational", "Provider_Name": "Microsoft-Windows-WMI-Activity", "Computer": "DESKTOP-OFJ6N53", "TimeCreated": "2025-08-25 08:05:59.369804+00:00", "RecordID": "161145", "Level": "0", "UserID": "S-1-5-20"}
{"EventID": "5857", "Channel": "Microsoft-Windows-WMI-Activity/Operational", "Provider_Name": "Microsoft-Windows-WMI-Activity", "Computer": "DESKTOP-OFJ6N53", "TimeCreated": "2025-08-25 08:05:59.451105+00:00", "RecordID": "161146", "Level": "0", "UserID": "S-1-5-20"}
{"EventID": "5857", "Channel": "Microsoft-Windows-WMI-Activity/Operational", "Provider_Name": "Microsoft-Windows-WMI-Activity", "Computer": "DESKTOP-OFJ6N53", "TimeCreated": "2025-08-25 08:33:31.567278+00:00", "RecordID": "161147", "Level": "0", "UserID": "S-1-5-20"}
{"EventID": "5857", "Channel": "Microsoft-Windows-WMI-Activity/Operational", "Provider_Name": "Microsoft-Windows-WMI-Activity", "Computer": "DESKTOP-OFJ6N53", "TimeCreated": "2025-08-25 08:33:52.588747+00:00", "RecordID": "161148", "Level": "0", "UserID": "S-1-5-20"}
{"EventID": "5857", "Channel": "Microsoft-Windows-WMI-Activity/Operational", "Provider_Name": "Microsoft-Windows-WMI-Activity", "Computer": "DESKTOP-OFJ6N53", "TimeCreated": "2025-08-25 08:35:33.244610+00:00", "RecordID": "161149", "Level": "0", "UserID": "S-1-5-20"}
{"EventID": "5858", "Channel": "Microsoft-Windows-WMI-Activity/Operational", "Provider_Name": "Microsoft-Windows-WMI-Activity", "Computer": "DESKTOP-OFJ6N53", "TimeCreated": "2025-08-25 08:35:33.254845+00:00", "RecordID": "161150", "Level": "2", "UserID": "S-1-5-18"}
{"EventID": "5857", "Channel": "Microsoft-Windows-WMI-Activity/Operational", "Provider_Name": "Microsoft-Windows-WMI-Activity", "Computer": "DESKTOP-OFJ6N53", "TimeCreated": "2025-08-25 08:35:34.931429+00:00", "RecordID": "161151", "Level": "0", "UserID": "S-1-5-18"}
{"EventID": "5857", "Channel": "Microsoft-Windows-WMI-Activity/Operational", "Provider_Name": "Microsoft-Windows-WMI-Activity", "Computer": "DESKTOP-OFJ6N53", "TimeCreated": "2025-08-25 08:37:56.263126+00:00", "RecordID": "161152", "Level": "0", "UserID": "S-1-5-20"}
