{"EventID": "614", "Channel": "Microsoft-Windows-AppXDeploymentServer/Operational", "Provider_Name": "Microsoft-Windows-AppXDeployment-Server", "Computer": "DESKTOP-OFJ6N53", "TimeCreated": "2025-07-24 21:46:40.972712+00:00", "RecordID": "114432", "Level": "5", "UserID": "S-1-5-21-963789628-1060504924-4285088085-1001", "EventData.PathOne": "C:\\Program Files\\WindowsApps\\Microsoft.WindowsSoundRecorder_2021.2103.28.0_neutral_~_8wekyb3d8bbwe\\AppxMetadata\\AppxBundleManifest.xml", "EventData.PathTwo": "\"AppxMetadata\\Stub\\VoiceRecorderStub_1.0.42.0_ARM64.appx\": Microsoft.WindowsSoundRecorder_1.0.42.0_arm64__8wekyb3d8bbwe \"AppxMetadata\\Stub\\VoiceRecorderStub_1.0.42.0_language-af.appx\": Microsoft.WindowsSoundRecorder_1.0.42.0_neutral_split.language-af_8wekyb3d8bbwe \"AppxMetadata\\Stub\\VoiceRecorderStub_1.0.42.0_language-am.appx\": Microsoft.WindowsSoundRecorder_1.0.42.0_neutral_split.language-am_8wekyb3d8bbwe \"AppxMetadata\\Stub\\VoiceRecorderStub_1.0.42.0_language-ar.appx\": Microsoft.WindowsSoundRecorder_1.0.42.0_neutral_split.language-ar_8wekyb3d8bbwe \"AppxMetadata\\Stub\\VoiceRecorderStub_1.0.42.0_language-az-latn.appx\": Microsoft.WindowsSoundRecorder_1.0.42.0_neutral_split.language-az-latn_8wekyb3d8bbwe \"AppxMetadata\\Stub\\VoiceRecorderStub_1.0.42.0_language-bg.appx\": Microsoft.WindowsSoundRecorder_1.0.42.0_neutral_split.language-bg_8wekyb3d8bbwe \"AppxMetadata\\Stub\\VoiceRecorderStub_1.0.42.0_language-ca.appx\": Microsoft.WindowsSoundRecorder_1.0.42.0_neutral_split.language-ca_8wekyb3d8bbwe \"AppxMetadata\\Stub\\VoiceRecorderStub_1.0.42.0_language-cs.appx\": Microsoft.WindowsSoundRecorder_1.0.42.0_neutral_split.language-cs_8wekyb3d8bbwe \"AppxMetadata\\Stub\\VoiceRecorderStub_1.0.42.0_language-da.appx\": Microsoft.WindowsSoundRecorder_1.0.42.0_neutral_split.language-da_8wekyb3d8bbwe \"AppxMetadata\\Stub\\VoiceRecorderStub_1.0.42.0_language-de.appx\": Microsoft.WindowsSoundRecorder_1.0.42.0_neutral_split.language-de_8wekyb3d8bbwe \"AppxMetadata\\Stub\\VoiceRecorderStub_1.0.42.0_language-el.appx\": Microsoft.WindowsSoundRecorder_1.0.42.0_neutral_split.language-el_8wekyb3d8bbwe \"AppxMetadata\\Stub\\VoiceRecorderStub_1.0.42.0_language-es.appx\": Microsoft.WindowsSoundRecorder_1.0.42.0_neutral_split.language-es_8wekyb3d8bbwe \"AppxMetadata\\Stub\\VoiceRecorderStub_1.0.42.0_language-et.appx\": Microsoft.WindowsSoundRecorder_1.0.42.0_neutral_split.language-et_8wekyb3d8bbwe \"AppxMetadata\\Stub\\VoiceRecorderStub_1.0.42.0_language-eu.appx\": Microsoft.WindowsSoundRecorder_1.0.42.0_neutral_split.language-eu_8wekyb3d8bbwe \"AppxMetadata\\Stub\\VoiceRecorderStub_1.0.42.0_language-fa.appx\": Microsoft.WindowsSoundRecorder_1.0.42.0_neutral_split.language-fa_8wekyb3d8bbwe \"AppxMetadata\\Stub\\VoiceRecorderStub_1.0.42.0_language-fi.appx\": Microsoft.WindowsSoundRecorder_1.0.42.0_neutral_split.language-fi_8wekyb3d8bbwe \"AppxMetadata\\Stub\\VoiceRecorderStub_1.0.42.0_language-fil-latn.appx\": Microsoft.WindowsSoundRecorder_1.0.42.0_neutral_split.language-fil-latn_8wekyb3d8bbwe \"AppxMetadata\\Stub\\VoiceRecorderStub_1.0.42.0_language-fr.appx\": Microsoft.WindowsSoundRecorder_1.0.42.0_neutral_split.language-fr_8wekyb3d8bbwe \"AppxMetadata\\Stub\\VoiceRecorderStub_1.0.42.0_language-gl.appx\": Microsoft.WindowsSoundRecorder_1.0.42.0_neutral_split.language-gl_8wekyb3d8bbwe \"AppxMetadata\\Stub\\VoiceRecorderStub_1.0.42.0_language-he.appx\": Microsoft.WindowsSoundRecorder_1.0.42.0_neutral_split.language-he_8wekyb3d8bbwe \"AppxMetadata\\Stub\\VoiceRecorderStub_1.0.42.0_language-hi.appx\": Microsoft.WindowsSoundRecorder_1.0.42.0_neutral_split.language-hi_8wekyb3d8bbwe \"AppxMetadata\\Stub\\VoiceRecorderStub_1.0.42.0_language-hr.appx\": Microsoft.WindowsSoundRecorder_1.0.42.0_neutral_split.language-hr_8wekyb3d8bbwe \"AppxMetadata\\Stub\\VoiceRecorderStub_1.0.42.0_language-hu.appx\": Microsoft.WindowsSoundRecorder_1.0.42.0_neutral_split.language-hu_8wekyb3d8bbwe \"AppxMetadata\\Stub\\VoiceRecorderStub_1.0.42.0_language-id.appx\": Microsoft.WindowsSoundRecorder_1.0.42.0_neutral_split.language-id_8wekyb3d8bbwe \"AppxMetadata\\Stub\\VoiceRecorderStub_1.0.42.0_language-is.appx\": Microsoft.WindowsSoundRecorder_1.0.42.0_neutral_split.language-is_8wekyb3d8bbwe \"AppxMetadata\\Stub\\VoiceRecorderStub_1.0.42.0_language-it.appx\": Microsoft.WindowsSoundRecorder_1.0.42.0_neutral_split.language-it_8wekyb3d8bbwe \"AppxMetadata\\Stub\\VoiceRecorderStub_1.0.42.0_language-ja.appx\": Microsoft.WindowsSoundRecorder_1.0.42.0_neutral_split.language-ja_8wekyb3d8bbwe \"AppxMetadata\\Stub\\VoiceRecorderStub_1.0.42.0_language-kk.appx\": Microsoft.WindowsSoundRecorder_1.0.42.0_neutral_split.language-kk_8wekyb3d8bbwe \"AppxMetadata\\Stub\\VoiceRecorderStub_1.0.42.0_language-km.appx\": Microsoft.WindowsSoundRecorder_1.0.42.0_neutral_split.language-km_8wekyb3d8bbwe \"AppxMetadata\\Stub\\VoiceRecorderStub_1.0.42.0_language-kn.appx\": Microsoft.WindowsSoundRecorder_1.0.42.0_neutral_split.language-kn_8wekyb3d8bbwe \"AppxMetadata\\Stub\\VoiceRecorderStub_1.0.42.0_language-ko.appx\": Microsoft.WindowsSoundRecorder_1.0.42.0_neutral_split.language-ko_8wekyb3d8bbwe \"AppxMetadata\\Stub\\VoiceRecorderStub_1.0.42.0_language-lo.appx\": Microsoft.WindowsSoundRecorder_1.0.42.0_neutral_split.language-lo_8wekyb3d8bbwe \"AppxMetadata\\Stub\\VoiceRecorderStub_1.0.42.0_language-lt.appx\": Microsoft.WindowsSoundRecorder_1.0.42.0_neutral_split.language-lt_8wekyb3d8bbwe \"AppxMetadata\\Stub\\VoiceRecorderStub_1.0.42.0_language-lv.appx\": Microsoft.WindowsSoundRecorder_1.0.42.0_neutral_split.language-lv_8wekyb3d8bbwe \"AppxMetadata\\Stub\\VoiceRecorderStub_1.0.42.0_language-mk.appx\": Microsoft.WindowsSoundRecorder_1.0.42.0_neutral_split.language-mk_8wekyb3d8bbwe \"AppxMetadata\\Stub\\VoiceRecorderStub_1.0.42.0_language-ml.appx\": Microsoft.WindowsSoundRecorder_1.0.42.0_neutral_split.language-ml_8wekyb3d8bbwe \"AppxMetadata\\Stub\\VoiceRecorderStub_1.0.42.0_language-ms.appx\": Microsoft.WindowsSoundRecorder_1.0.42.0_neutral_split.language-ms_8wekyb3d8bbwe \"AppxMetadata\\Stub\\VoiceRecorderStub_1.0.42.0_language-nb.appx\": Microsoft.WindowsSoundRecorder_1.0.42.0_neutral_split.language-nb_8wekyb3d8bbwe \"AppxMetadata\\Stub\\VoiceRecorderStub_1.0.42.0_language-nl.appx\": Microsoft.WindowsSoundRecorder_1.0.42.0_neutral_split.language-nl_8wekyb3d8bbwe \"AppxMetadata\\Stub\\VoiceRecorderStub_1.0.42.0_language-pl.appx\": Microsoft.WindowsSoundRecorder_1.0.42.0_neutral_split.language-pl_8wekyb3d8bbwe \"AppxMetadata\\Stub\\VoiceRecorderStub_1.0.42.0_language-pt.appx\": Microsoft.WindowsSoundRecorder_1.0.42.0_neutral_split.language-pt_8wekyb3d8bbwe \"AppxMetadata\\Stub\\VoiceRecorderStub_1.0.42.0_language-ro.appx\": Microsoft.WindowsSoundRecorder_1.0.42.0_neutral_split.language-ro_8wekyb3d8bbwe \"AppxMetadata\\Stub\\VoiceRecorderStub_1.0.42.0_language-ru.appx\": Microsoft.WindowsSoundRecorder_1.0.42.0_neutral_split.language-ru_8wekyb3d8bbwe \"AppxMetadata\\Stub\\VoiceRecorderStub_1.0.42.0_language-sk.appx\": Microsoft.WindowsSoundRecorder_1.0.42.0_neutral_split.language-sk_8wekyb3d8bbwe \"AppxMetadata\\Stub\\VoiceRecorderStub_1.0.42.0_language-sl.appx\": Microsoft.WindowsSoundRecorder_1.0.42.0_neutral_split.language-sl_8wekyb3d8bbwe \"AppxMetadata\\Stub\\VoiceRecorderStub_1.0.42.0_language-sq.appx\": Microsoft.WindowsSoundRecorder_1.0.42.0_neutral_split.language-sq_8wekyb3d8bbwe \"AppxMetadata\\Stub\\VoiceRecorderStub_1.0.42.0_language-sr-latn.appx\": Microsoft.WindowsSoundRecorder_1.0.42.0_neutral_split.language-sr-latn_8wekyb3d8bbwe \"AppxMetadata\\Stub\\VoiceRecorderStub_1.0.42.0_language-sv.appx\": Microsoft.WindowsSoundRecorder_1.0.42.0_neutral_split.language-sv_8wekyb3d8bbwe \"AppxMetadata\\Stub\\VoiceRecorderStub_1.0.42.0_language-ta.appx\": Microsoft.WindowsSoundRecorder_1.0.42.0_neutral_split.language-ta_8wekyb3d8bbwe \"AppxMetadata\\Stub\\VoiceRecorderStub_1.0.42.0_language-te.appx\": Microsoft.WindowsSoundRecorder_1.0.42.0_neutral_split.language-te_8wekyb3d8bbwe \"AppxMetadata\\Stub\\VoiceRecorderStub_1.0.42.0_language-th.appx\": Microsoft.WindowsSoundRecorder_1.0.42.0_neutral_split.language-th_8wekyb3d8bbwe \"AppxMetadata\\Stub\\VoiceRecorderStub_1.0.42.0_language-tr.appx\": Microsoft.WindowsSoundRecorder_1.0.42.0_neutral_split.language-tr_8wekyb3d8bbwe \"AppxMetadata\\Stub\\VoiceRecorderStub_1.0.42.0_language-uk.appx\": Microsoft.WindowsSoundRecorder_1.0.42.0_neutral_split.language-uk_8wekyb3d8bbwe \"AppxMetadata\\Stub\\VoiceRecorderStub_1.0.42.0_language-vi.appx\": Microsoft.WindowsSoundRecorder_1.0.42.0_neutral_split.language-vi_8wekyb3d8bbwe \"AppxMetadata\\Stub\\VoiceRecorderStub_1.0.42.0_language-zh-hans.appx\": Microsoft.WindowsSoundRecorder_1.0.42.0_neutral_split.language-zh-hans_8wekyb3d8bbwe \"AppxMetadata\\Stub\\VoiceRecorderStub_1.0.42.0_language-zh-hant.appx\": Microsoft.WindowsSoundRecorder_1.0.42.0_neutral_split.language-zh-hant_8wekyb3d8bbwe \"AppxMetadata\\Stub\\VoiceRecorderStub_1.0.42.0_scale-125.appx\": Microsoft.WindowsSoundRecorder_1.0.42.0_neutral_split.scale-125_8wekyb3d8bbwe \"AppxMetadata\\Stub\\VoiceRecorderStub_1.0.42.0_scale-150.appx\": Microsoft.WindowsSoundRecorder_1.0.42.0_neutral_split.scale-150_8wekyb3d8bbwe \"AppxMetadata\\Stub\\VoiceRecorderStub_1.0.42.0_scale-200.appx\": Microsoft.WindowsSoundRecorder_1.0.42.0_neutral_split.scale-200_8wekyb3d8bbwe \"AppxMetadata\\Stub\\VoiceRecorderStub_1.0.42.0_scale-400.appx\": Microsoft.WindowsSoundRecorder_1.0.42.0_neutral_split.scale-400_8wekyb3d8bbwe \"AppxMetadata\\Stub\\VoiceRecorderStub_1.0.42.0_Win32.appx\": Microsoft.WindowsSoundRecorder_1.0.42.0_x86__8wekyb3d8bbwe \"AppxMetadata\\Stub\\VoiceRecorderStub_1.0.42.0_x64.appx\": Microsoft.WindowsSoundRecorder_1.0.42.0_x64__8wekyb3d8bbwe \"SoundRecorder_10.2103.28.0_ARM64.appx\": Microsoft.WindowsSoundRecorder_10.2103.28.0_arm64__8wekyb3d8bbwe \"SoundRecorder_10.2103.28.0_x64.appx\": Microsoft.WindowsSoundRecorder_10.2103.28.0_x64__8wekyb3d8bbwe \"SoundRecorder_10.2103.28.0_Win32.appx\": Microsoft.WindowsSoundRecorder_10.2103.28.0_x86__8wekyb3d8bbwe \"SoundRecorder_10.2103.28.0_language-af.appx\": Microsoft.WindowsSoundRecorder_10.2103.28.0_neutral_split.language-af_8wekyb3d8bbwe \"SoundRecorder_10.2103.28.0_language-am.appx\": Microsoft.WindowsSoundRecorder_10.2103.28.0_neutral_split.language-am_8wekyb3d8bbwe \"SoundRecorder_10.2103.28.0_language-ar.appx\": Microsoft.WindowsSoundRecorder_10.2103.28.0_neutral_split.language-ar_8wekyb3d8bbwe \"SoundRecorder_10.2103.28.0_language-az-latn.appx\": Microsoft.WindowsSoundRecorder_10.2103.28.0_neutral_split.language-az-latn_8wekyb3d8bbwe \"SoundRecorder_10.2103.28.0_language-cs.appx\": Microsoft.WindowsSoundRecorder_10.2103.28.0_neutral_split.language-cs_8wekyb3d8bbwe \"SoundRecorder_10.2103.28.0_language-de.appx\": Microsoft.WindowsSoundRecorder_10.2103.28.0_neutral_split.language-de_8wekyb3d8bbwe \"SoundRecorder_10.2103.28.0_language-bg.appx\": Microsoft.WindowsSoundRecorder_10.2103.28.0_neutral_split.language-bg_8wekyb3d8bbwe \"SoundRecorder_10.2103.28.0_language-el.appx\": Microsoft.WindowsSoundRecorder_10.2103.28.0_neutral_split.language-el_8wekyb3d8bbwe \"SoundRecorder_10.2103.28.0_language-da.appx\": Microsoft.WindowsSoundRecorder_10.2103.28.0_neutral_split.language-da_8wekyb3d8bbwe \"SoundRecorder_10.2103.28.0_language-et.appx\": Microsoft.WindowsSoundRecorder_10.2103.28.0_neutral_split.language-et_8wekyb3d8bbwe \"SoundRecorder_10.2103.28.0_language-ca.appx\": Microsoft.WindowsSoundRecorder_10.2103.28.0_neutral_split.language-ca_8wekyb3d8bbwe \"SoundRecorder_10.2103.28.0_language-es.appx\": Microsoft.WindowsSoundRecorder_10.2103.28.0_neutral_split.language-es_8wekyb3d8bbwe \"SoundRecorder_10.2103.28.0_language-fa.appx\": Microsoft.WindowsSoundRecorder_10.2103.28.0_neutral_split.language-fa_8wekyb3d8bbwe \"SoundRecorder_10.2103.28.0_language-fi.appx\": Microsoft.WindowsSoundRecorder_10.2103.28.0_neutral_split.language-fi_8wekyb3d8bbwe \"SoundRecorder_10.2103.28.0_language-fr.appx\": Microsoft.WindowsSoundRecorder_10.2103.28.0_neutral_split.language-fr_8wekyb3d8bbwe \"SoundRecorder_10.2103.28.0_language-gl.appx\": Microsoft.WindowsSoundRecorder_10.2103.28.0_neutral_split.language-gl_8wekyb3d8bbwe \"SoundRecorder_10.2103.28.0_language-eu.appx\": Microsoft.WindowsSoundRecorder_10.2103.28.0_neutral_split.language-eu_8wekyb3d8bbwe \"SoundRecorder_10.2103.28.0_language-he.appx\": Microsoft.WindowsSoundRecorder_10.2103.28.0_neutral_split.language-he_8wekyb3d8bbwe \"SoundRecorder_10.2103.28.0_language-hr.appx\": Microsoft.WindowsSoundRecorder_10.2103.28.0_neutral_split.language-hr_8wekyb3d8bbwe \"SoundRecorder_10.2103.28.0_language-id.appx\": Microsoft.WindowsSoundRecorder_10.2103.28.0_neutral_split.language-id_8wekyb3d8bbwe \"SoundRecorder_10.2103.28.0_language-ja.appx\": Microsoft.WindowsSoundRecorder_10.2103.28.0_neutral_split.language-ja_8wekyb3d8bbwe \"SoundRecorder_10.2103.28.0_language-it.appx\": Microsoft.WindowsSoundRecorder_10.2103.28.0_neutral_split.language-it_8wekyb3d8bbwe \"SoundRecorder_10.2103.28.0_language-is.appx\": Microsoft.WindowsSoundRecorder_10.2103.28.0_neutral_split.language-is_8wekyb3d8bbwe \"SoundRecorder_10.2103.28.0_language-kk.appx\": Microsoft.WindowsSoundRecorder_10.2103.28.0_neutral_split.language-kk_8wekyb3d8bbwe \"SoundRecorder_10.2103.28.0_language-hu.appx\": Microsoft.WindowsSoundRecorder_10.2103.28.0_neutral_split.language-hu_8wekyb3d8bbwe \"SoundRecorder_10.2103.28.0_language-hi.appx\": Microsoft.WindowsSoundRecorder_10.2103.28.0_neutral_split.language-hi_8wekyb3d8bbwe \"SoundRecorder_10.2103.28.0_language-ko.appx\": Microsoft.WindowsSoundRecorder_10.2103.28.0_neutral_split.language-ko_8wekyb3d8bbwe \"SoundRecorder_10.2103.28.0_language-kn.appx\": Microsoft.WindowsSoundRecorder_10.2103.28.0_neutral_split.language-kn_8wekyb3d8bbwe \"SoundRecorder_10.2103.28.0_language-km.appx\": Microsoft.WindowsSoundRecorder_10.2103.28.0_neutral_split.language-km_8wekyb3d8bbwe \"SoundRecorder_10.2103.28.0_language-lt.appx\": Microsoft.WindowsSoundRecorder_10.2103.28.0_neutral_split.language-lt_8wekyb3d8bbwe \"SoundRecorder_10.2103.28.0_language-lo.appx\": Microsoft.WindowsSoundRecorder_10.2103.28.0_neutral_split.language-lo_8wekyb3d8bbwe \"SoundRecorder_10.2103.28.0_language-lv.appx\": Microsoft.WindowsSoundRecorder_10.2103.28.0_neutral_split.language-lv_8wekyb3d8bbwe \"SoundRecorder_10.2103.28.0_language-ml.appx\": Microsoft.WindowsSoundRecorder_10.2103.28.0_neutral_split.language-ml_8wekyb3d8bbwe \"SoundRecorder_10.2103.28.0_language-nb.appx\": Microsoft.WindowsSoundRecorder_10.2103.28.0_neutral_split.language-nb_8wekyb3d8bbwe \"SoundRecorder_10.2103.28.0_language-mk.appx\": Microsoft.WindowsSoundRecorder_10.2103.28.0_neutral_split.language-mk_8wekyb3d8bbwe \"SoundRecorder_10.2103.28.0_language-ms.appx\": Microsoft.WindowsSoundRecorder_10.2103.28.0_neutral_split.language-ms_8wekyb3d8bbwe \"SoundRecorder_10.2103.28.0_language-nl.appx\": Microsoft.WindowsSoundRecorder_10.2103.28.0_neutral_split.language-nl_8wekyb3d8bbwe \"SoundRecorder_10.2103.28.0_language-pl.appx\": Microsoft.WindowsSoundRecorder_10.2103.28.0_neutral_split.language-pl_8wekyb3d8bbwe \"SoundRecorder_10.2103.28.0_language-sk.appx\": Microsoft.WindowsSoundRecorder_10.2103.28.0_neutral_split.language-sk_8wekyb3d8bbwe \"SoundRecorder_10.2103.28.0_language-ro.appx\": Microsoft.WindowsSoundRecorder_10.2103.28.0_neutral_split.language-ro_8wekyb3d8bbwe \"SoundRecorder_10.2103.28.0_language-ru.appx\": Microsoft.WindowsSoundRecorder_10.2103.28.0_neutral_split.language-ru_8wekyb3d8bbwe \"SoundRecorder_10.2103.28.0_language-sl.appx\": Microsoft.WindowsSoundRecorder_10.2103.28.0_neutral_split.language-sl_8wekyb3d8bbwe \"SoundRecorder_10.2103.28.0_language-pt.appx\": Microsoft.WindowsSoundRecorder_10.2103.28.0_neutral_split.language-pt_8wekyb3d8bbwe \"SoundRecorder_10.2103.28.0_language-sq.appx\": Microsoft.WindowsSoundRecorder_10.2103.28.0_neutral_split.language-sq_8wekyb3d8bbwe \"SoundRecorder_10.2103.28.0_language-sr-latn.appx\": Microsoft.WindowsSoundRecorder_10.2103.28.0_neutral_split.language-sr-latn_8wekyb3d8bbwe \"SoundRecorder_10.2103.28.0_language-sv.appx\": Microsoft.WindowsSoundRecorder_10.2103.28.0_neutral_split.language-sv_8wekyb3d8bbwe \"SoundRecorder_10.2103.28.0_language-te.appx\": Microsoft.WindowsSoundRecorder_10.2103.28.0_neutral_split.language-te_8wekyb3d8bbwe \"SoundRecorder_10.2103.28.0_language-uk.appx\": Microsoft.WindowsSoundRecorder_10.2103.28.0_neutral_split.language-uk_8wekyb3d8bbwe \"SoundRecorder_10.2103.28.0_language-tr.appx\": Microsoft.WindowsSoundRecorder_10.2103.28.0_neutral_split.language-tr_8wekyb3d8bbwe \"SoundRecorder_10.2103.28.0_language-zh-hant.appx\": Microsoft.WindowsSoundRecorder_10.2103.28.0_neutral_split.language-zh-hant_8wekyb3d8bbwe \"SoundRecorder_10.2103.28.0_language-th.appx\": Microsoft.WindowsSoundRecorder_10.2103.28.0_neutral_split.language-th_8wekyb3d8bbwe \"SoundRecorder_10.2103.28.0_language-zh-hans.appx\": Microsoft.WindowsSoundRecorder_10.2103.28.0_neutral_split.language-zh-hans_8wekyb3d8bbwe \"SoundRecorder_10.2103.28.0_scale-125.appx\": Microsoft.WindowsSoundRecorder_10.2103.28.0_neutral_split.scale-125_8wekyb3d8bbwe \"SoundRecorder_10.2103.28.0_scale-150.appx\": Microsoft.WindowsSoundRecorder_10.2103.28.0_neutral_split.scale-150_8wekyb3d8bbwe \"SoundRecorder_10.2103.28.0_scale-200.appx\": Microsoft.WindowsSoundRecorder_10.2103.28.0_neutral_split.scale-200_8wekyb3d8bbwe \"SoundRecorder_10.2103.28.0_scale-400.appx\": Microsoft.WindowsSoundRecorder_10.2103.28.0_neutral_split.scale-400_8wekyb3d8bbwe \"SoundRecorder_10.2103.28.0_language-ta.appx\": Microsoft.WindowsSoundRecorder_10.2103.28.0_neutral_split.language-ta_8wekyb3d8bbwe \"SoundRecorder_10.2103.28.0_language-fil-latn.appx\": Microsoft.WindowsSoundRecorder_10.2103.28.0_neutral_split.language-fil-latn_8wekyb3d8bbwe \"SoundRecorder_10.2103.28.0_language-vi.appx\": Microsoft.WindowsSoundRecorder_10.2103.28.0_neutral_split.language-vi_8wekyb3d8bbwe"}
{"EventID": "854", "Channel": "Microsoft-Windows-AppXDeploymentServer/Operational", "Provider_Name": "Microsoft-Windows-AppXDeployment-Server", "Computer": "DESKTOP-OFJ6N53", "TimeCreated": "2025-07-24 21:46:40.984879+00:00", "RecordID": "114433", "Level": "4", "UserID": "S-1-5-21-963789628-1060504924-4285088085-1001", "EventData.Path": "C:\\Program Files\\WindowsApps\\Microsoft.WindowsSoundRecorder_2021.2103.28.0_neutral_~_8wekyb3d8bbwe\\AppxMetadata\\AppxBundleManifest.xml C:\\Program Files\\WindowsApps\\Microsoft.WindowsSoundRecorder_10.2103.28.0_x64__8wekyb3d8bbwe\\AppxManifest.xml C:\\Program Files\\WindowsApps\\Microsoft.WindowsSoundRecorder_10.2103.28.0_neutral_split.language-ru_8wekyb3d8bbwe\\AppxManifest.xml C:\\Program Files\\WindowsApps\\Microsoft.WindowsSoundRecorder_10.2103.28.0_neutral_split.scale-125_8wekyb3d8bbwe\\AppxManifest.xml"}
{"EventID": "855", "Channel": "Microsoft-Windows-AppXDeploymentServer/Operational", "Provider_Name": "Microsoft-Windows-AppXDeployment-Server", "Computer": "DESKTOP-OFJ6N53", "TimeCreated": "2025-07-24 21:46:41.296034+00:00", "RecordID": "114434", "Level": "4", "UserID": "S-1-5-21-963789628-1060504924-4285088085-1001", "EventData.PackageMoniker": "addPackageList: Microsoft.WindowsSoundRecorder_10.2103.28.0_neutral_split.scale-125_8wekyb3d8bbwe Microsoft.WindowsSoundRecorder_10.2103.28.0_neutral_split.language-ru_8wekyb3d8bbwe Microsoft.WindowsSoundRecorder_10.2103.28.0_x64__8wekyb3d8bbwe Microsoft.WindowsSoundRecorder_2021.2103.28.0_neutral_~_8wekyb3d8bbwe removePackageList: Microsoft.WindowsSoundRecorder_10.2103.28.0_neutral_split.scale-200_8wekyb3d8bbwe"}
{"EventID": "573", "Channel": "Microsoft-Windows-AppXDeploymentServer/Operational", "Provider_Name": "Microsoft-Windows-AppXDeployment-Server", "Computer": "DESKTOP-OFJ6N53", "TimeCreated": "2025-07-24 21:46:41.344198+00:00", "RecordID": "114435", "Level": "4", "UserID": "S-1-5-21-963789628-1060504924-4285088085-1001", "EventData.PackageFamilyName": "Microsoft.WindowsSoundRecorder_8wekyb3d8bbwe", "EventData.SettingSyncEnabled": "False"}
{"EventID": "10000", "Channel": "Microsoft-Windows-AppXDeploymentServer/Operational", "Provider_Name": "Microsoft-Windows-AppXDeployment-Server", "Computer": "DESKTOP-OFJ6N53", "TimeCreated": "2025-07-24 21:46:41.366482+00:00", "RecordID": "114436", "Level": "5", "UserID": "S-1-5-18", "EventData.PackageFullName": "Microsoft.WindowsSoundRecorder_10.2103.28.0_x64__8wekyb3d8bbwe", "EventData.ErrorCode": "0x00000000"}
{"EventID": "5506", "Channel": "Microsoft-Windows-AppXDeploymentServer/Operational", "Provider_Name": "Microsoft-Windows-AppXDeployment-Server", "Computer": "DESKTOP-OFJ6N53", "TimeCreated": "2025-07-24 21:46:41.697336+00:00", "RecordID": "114437", "Level": "5", "UserID": "S-1-5-18", "EventData.PackageName": "Microsoft.WindowsSoundRecorder_10.2103.28.0_x64__8wekyb3d8bbwe", "EventData.FilePath": "C:\\Program Files\\WindowsApps\\Microsoft.WindowsSoundRecorder_10.2103.28.0_x64__8wekyb3d8bbwe\\microsoft.system.package.metadata\\resources.bac07d58.pri", "EventData.Message": "Created shared merged PRI file"}
{"EventID": "5505", "Channel": "Microsoft-Windows-AppXDeploymentServer/Operational", "Provider_Name": "Microsoft-Windows-AppXDeployment-Server", "Computer": "DESKTOP-OFJ6N53", "TimeCreated": "2025-07-24 21:46:41.697765+00:00", "RecordID": "114438", "Level": "5", "UserID": "S-1-5-18", "EventData.PackageName": "Microsoft.WindowsSoundRecorder_10.2103.28.0_x64__8wekyb3d8bbwe", "EventData.FilePath": "C:\\Program Files\\WindowsApps\\Microsoft.WindowsSoundRecorder_10.2103.28.0_x64__8wekyb3d8bbwe\\microsoft.system.package.metadata\\S-1-5-21-963789628-1060504924-4285088085-1001-MergedResources-13.pri", "EventData.Message": "Linked user-specific merged PRI file"}
{"EventID": "8100", "Channel": "Microsoft-Windows-AppXDeploymentServer/Operational", "Provider_Name": "Microsoft-Windows-AppXDeployment-Server", "Computer": "DESKTOP-OFJ6N53", "TimeCreated": "2025-07-24 21:46:41.706753+00:00", "RecordID": "114439", "Level": "5", "UserID": "S-1-5-18", "EventData.PackageFullName": "Microsoft.WindowsSoundRecorder_10.2103.28.0_neutral_split.scale-125_8wekyb3d8bbwe", "EventData.Flags": "0x00000009"}
{"EventID": "854", "Channel": "Microsoft-Windows-AppXDeploymentServer/Operational", "Provider_Name": "Microsoft-Windows-AppXDeployment-Server", "Computer": "DESKTOP-OFJ6N53", "TimeCreated": "2025-07-24 21:46:41.709215+00:00", "RecordID": "114440", "Level": "4", "UserID": "S-1-5-18", "EventData.Path": "x-windowsupdate://D7C8B86A-2EB3-498C-B402-9A6CD3028663/1A36FD17-5161-4651-AE2D-13384E427EA8/93c3c9affee8d9a0f95a950acc82bf8036dea2d7 x-windowsupdate://D7C8B86A-2EB3-498C-B402-9A6CD3028663/1A36FD17-5161-4651-AE2D-13384E427EA8/93c3c9affee8d9a0f95a950acc82bf8036dea2d7\\Solitaire_4.23.7100.0_x64_Win10_Shipping.msix x-windowsupdate://D7C8B86A-2EB3-498C-B402-9A6CD3028663/1A36FD17-5161-4651-AE2D-13384E427EA8/93c3c9affee8d9a0f95a950acc82bf8036dea2d7\\Solitaire_4.23.7100.0_scale-125.msix"}
{"EventID": "8106", "Channel": "Microsoft-Windows-AppXDeploymentServer/Operational", "Provider_Name": "Microsoft-Windows-AppXDeployment-Server", "Computer": "DESKTOP-OFJ6N53", "TimeCreated": "2025-07-24 21:46:41.714460+00:00", "RecordID": "114441", "Level": "5", "UserID": "S-1-5-18", "EventData.PackageFullName": "Microsoft.WindowsSoundRecorder_10.2103.28.0_neutral_split.scale-125_8wekyb3d8bbwe", "EventData.Flags": "0x00000009"}
{"EventID": "8101", "Channel": "Microsoft-Windows-AppXDeploymentServer/Operational", "Provider_Name": "Microsoft-Windows-AppXDeployment-Server", "Computer": "DESKTOP-OFJ6N53", "TimeCreated": "2025-07-24 21:46:41.714478+00:00", "RecordID": "114442", "Level": "5", "UserID": "S-1-5-18", "EventData.PackageFullName": "Microsoft.WindowsSoundRecorder_10.2103.28.0_neutral_split.scale-125_8wekyb3d8bbwe", "EventData.Flags": "0x00000009"}
{"EventID": "8100", "Channel": "Microsoft-Windows-AppXDeploymentServer/Operational", "Provider_Name": "Microsoft-Windows-AppXDeployment-Server", "Computer": "DESKTOP-OFJ6N53", "TimeCreated": "2025-07-24 21:46:41.714483+00:00", "RecordID": "114443", "Level": "5", "UserID": "S-1-5-18", "EventData.PackageFullName": "Microsoft.WindowsSoundRecorder_10.2103.28.0_neutral_split.language-ru_8wekyb3d8bbwe", "EventData.Flags": "0x00000009"}
{"EventID": "8106", "Channel": "Microsoft-Windows-AppXDeploymentServer/Operational", "Provider_Name": "Microsoft-Windows-AppXDeployment-Server", "Computer": "DESKTOP-OFJ6N53", "TimeCreated": "2025-07-24 21:46:41.716846+00:00", "RecordID": "114444", "Level": "5", "UserID": "S-1-5-18", "EventData.PackageFullName": "Microsoft.WindowsSoundRecorder_10.2103.28.0_neutral_split.language-ru_8wekyb3d8bbwe", "EventData.Flags": "0x00000009"}
{"EventID": "8101", "Channel": "Microsoft-Windows-AppXDeploymentServer/Operational", "Provider_Name": "Microsoft-Windows-AppXDeployment-Server", "Computer": "DESKTOP-OFJ6N53", "TimeCreated": "2025-07-24 21:46:41.716858+00:00", "RecordID": "114445", "Level": "5", "UserID": "S-1-5-18", "EventData.PackageFullName": "Microsoft.WindowsSoundRecorder_10.2103.28.0_neutral_split.language-ru_8wekyb3d8bbwe", "EventData.Flags": "0x00000009"}
{"EventID": "8100", "Channel": "Microsoft-Windows-AppXDeploymentServer/Operational", "Provider_Name": "Microsoft-Windows-AppXDeployment-Server", "Computer": "DESKTOP-OFJ6N53", "TimeCreated": "2025-07-24 21:46:41.716862+00:00", "RecordID": "114446", "Level": "5", "UserID": "S-1-5-18", "EventData.PackageFullName": "Microsoft.WindowsSoundRecorder_10.2103.28.0_x64__8wekyb3d8bbwe", "EventData.Flags": "0x00000009"}
{"EventID": "8106", "Channel": "Microsoft-Windows-AppXDeploymentServer/Operational", "Provider_Name": "Microsoft-Windows-AppXDeployment-Server", "Computer": "DESKTOP-OFJ6N53", "TimeCreated": "2025-07-24 21:46:41.718376+00:00", "RecordID": "114447", "Level": "5", "UserID": "S-1-5-18", "EventData.PackageFullName": "Microsoft.WindowsSoundRecorder_10.2103.28.0_x64__8wekyb3d8bbwe", "EventData.Flags": "0x00000009"}
{"EventID": "8101", "Channel": "Microsoft-Windows-AppXDeploymentServer/Operational", "Provider_Name": "Microsoft-Windows-AppXDeployment-Server", "Computer": "DESKTOP-OFJ6N53", "TimeCreated": "2025-07-24 21:46:41.718386+00:00", "RecordID": "114448", "Level": "5", "UserID": "S-1-5-18", "EventData.PackageFullName": "Microsoft.WindowsSoundRecorder_10.2103.28.0_x64__8wekyb3d8bbwe", "EventData.Flags": "0x00000009"}
{"EventID": "5507", "Channel": "Microsoft-Windows-AppXDeploymentServer/Operational", "Provider_Name": "Microsoft-Windows-AppXDeployment-Server", "Computer": "DESKTOP-OFJ6N53", "TimeCreated": "2025-07-24 21:46:42.150377+00:00", "RecordID": "114449", "Level": "5", "UserID": "S-1-5-21-963789628-1060504924-4285088085-1001", "EventData.PackageName": "Microsoft.WindowsSoundRecorder_10.2103.28.0_x64__8wekyb3d8bbwe", "EventData.FilePath": "S-1-5-21-963789628-1060504924-4285088085-1001-MergedResources-13.pri", "EventData.Message": "Current user-specific merged PRI file ignored"}
{"EventID": "5507", "Channel": "Microsoft-Windows-AppXDeploymentServer/Operational", "Provider_Name": "Microsoft-Windows-AppXDeployment-Server", "Computer": "DESKTOP-OFJ6N53", "TimeCreated": "2025-07-24 21:46:42.151056+00:00", "RecordID": "114450", "Level": "5", "UserID": "S-1-5-21-963789628-1060504924-4285088085-1001", "EventData.PackageName": "Microsoft.WindowsSoundRecorder_10.2103.28.0_x64__8wekyb3d8bbwe", "EventData.FilePath": "C:\\Program Files\\WindowsApps\\Microsoft.WindowsSoundRecorder_10.2103.28.0_x64__8wekyb3d8bbwe\\microsoft.system.package.metadata\\resources.b18a7d24.pri", "EventData.Message": "Shared merged file still in use"}
{"EventID": "5507", "Channel": "Microsoft-Windows-AppXDeploymentServer/Operational", "Provider_Name": "Microsoft-Windows-AppXDeployment-Server", "Computer": "DESKTOP-OFJ6N53", "TimeCreated": "2025-07-24 21:46:42.151134+00:00", "RecordID": "114451", "Level": "5", "UserID": "S-1-5-21-963789628-1060504924-4285088085-1001", "EventData.PackageName": "Microsoft.WindowsSoundRecorder_10.2103.28.0_x64__8wekyb3d8bbwe", "EventData.FilePath": "resources.bac07d58.pri", "EventData.Message": "Current shared merged PRI file ignored"}
{"EventID": "5508", "Channel": "Microsoft-Windows-AppXDeploymentServer/Operational", "Provider_Name": "Microsoft-Windows-AppXDeployment-Server", "Computer": "DESKTOP-OFJ6N53", "TimeCreated": "2025-07-24 21:46:42.152668+00:00", "RecordID": "114452", "Level": "5", "UserID": "S-1-5-18", "EventData.PackageName": "Microsoft.WindowsSoundRecorder_10.2103.28.0_x64__8wekyb3d8bbwe", "EventData.FilePath": "C:\\Program Files\\WindowsApps\\Microsoft.WindowsSoundRecorder_10.2103.28.0_x64__8wekyb3d8bbwe\\microsoft.system.package.metadata\\S-1-5-21-963789628-1060504924-4285088085-1001-MergedResources-12.pri", "EventData.Message": "Deleted"}
{"EventID": "5507", "Channel": "Microsoft-Windows-AppXDeploymentServer/Operational", "Provider_Name": "Microsoft-Windows-AppXDeployment-Server", "Computer": "DESKTOP-OFJ6N53", "TimeCreated": "2025-07-24 21:46:42.152838+00:00", "RecordID": "114453", "Level": "5", "UserID": "S-1-5-21-963789628-1060504924-4285088085-1001", "EventData.PackageName": "Microsoft.WindowsSoundRecorder_10.2103.28.0_x64__8wekyb3d8bbwe", "EventData.FilePath": "S-1-5-21-963789628-1060504924-4285088085-1001-MergedResources-13.pri", "EventData.Message": "Current user-specific merged PRI file ignored"}
{"EventID": "5507", "Channel": "Microsoft-Windows-AppXDeploymentServer/Operational", "Provider_Name": "Microsoft-Windows-AppXDeployment-Server", "Computer": "DESKTOP-OFJ6N53", "TimeCreated": "2025-07-24 21:46:42.153740+00:00", "RecordID": "114454", "Level": "5", "UserID": "S-1-5-21-963789628-1060504924-4285088085-1001", "EventData.PackageName": "Microsoft.WindowsSoundRecorder_10.2103.28.0_x64__8wekyb3d8bbwe", "EventData.FilePath": "resources.bac07d58.pri", "EventData.Message": "Current shared merged PRI file ignored"}
{"EventID": "5508", "Channel": "Microsoft-Windows-AppXDeploymentServer/Operational", "Provider_Name": "Microsoft-Windows-AppXDeployment-Server", "Computer": "DESKTOP-OFJ6N53", "TimeCreated": "2025-07-24 21:46:42.154720+00:00", "RecordID": "114455", "Level": "5", "UserID": "S-1-5-18", "EventData.PackageName": "Microsoft.WindowsSoundRecorder_10.2103.28.0_x64__8wekyb3d8bbwe", "EventData.FilePath": "C:\\Program Files\\WindowsApps\\Microsoft.WindowsSoundRecorder_10.2103.28.0_x64__8wekyb3d8bbwe\\microsoft.system.package.metadata\\resources.b18a7d24.pri", "EventData.Message": "Deleted"}
{"EventID": "10002", "Channel": "Microsoft-Windows-AppXDeploymentServer/Operational", "Provider_Name": "Microsoft-Windows-AppXDeployment-Server", "Computer": "DESKTOP-OFJ6N53", "TimeCreated": "2025-07-24 21:46:42.226614+00:00", "RecordID": "114456", "Level": "5", "UserID": "S-1-5-18", "EventData.DeploymentOperation": "4", "EventData.MainPackageMoniker": "Microsoft.MicrosoftOfficeHub_19.2507.51101.0_neutral_~_8wekyb3d8bbwe", "EventData.ResiliencyFilePath": "C:\\ProgramData\\Microsoft\\Windows\\AppRepository\\1dcd5e57-3e4d-43b5-9ff6-de398e075c95_S-1-5-18_14.rslc"}
{"EventID": "607", "Channel": "Microsoft-Windows-AppXDeploymentServer/Operational", "Provider_Name": "Microsoft-Windows-AppXDeployment-Server", "Computer": "DESKTOP-OFJ6N53", "TimeCreated": "2025-07-24 21:46:42.238911+00:00", "RecordID": "114457", "Level": "4", "UserID": "S-1-5-18", "EventData.DeploymentOperation": "4", "EventData.PackageFullName": "Microsoft.MicrosoftOfficeHub_19.2507.51101.0_neutral_~_8wekyb3d8bbwe", "EventData.UserSid": "S-1-5-18", "EventData.CallingProcess": "svchost.exe,wuauserv"}
{"EventID": "614", "Channel": "Microsoft-Windows-AppXDeploymentServer/Operational", "Provider_Name": "Microsoft-Windows-AppXDeployment-Server", "Computer": "DESKTOP-OFJ6N53", "TimeCreated": "2025-07-24 21:46:42.258392+00:00", "RecordID": "114458", "Level": "5", "UserID": "S-1-5-18", "EventData.PathOne": "x-windowsupdate://6672A8BD-0E8D-4682-A4B0-9B550A510158/EAAC6C6B-10A4-4659-815B-44F151ECA61A/22d4dd8c622657fc3fa42bef1e2b253028aa0dd6", "EventData.PathTwo": "\"OfficeApp_19.2507.51101.0_ARM64.msix\": Microsoft.MicrosoftOfficeHub_19.2507.51101.0_arm64__8wekyb3d8bbwe \"OfficeApp_19.2507.51101.0_x64.msix\": Microsoft.MicrosoftOfficeHub_19.2507.51101.0_x64__8wekyb3d8bbwe \"OfficeApp_19.2507.51101.0_language-af.msix\": Microsoft.MicrosoftOfficeHub_19.2507.51101.0_neutral_split.language-af_8wekyb3d8bbwe \"OfficeApp_19.2507.51101.0_language-am.msix\": Microsoft.MicrosoftOfficeHub_19.2507.51101.0_neutral_split.language-am_8wekyb3d8bbwe \"OfficeApp_19.2507.51101.0_language-ar.msix\": Microsoft.MicrosoftOfficeHub_19.2507.51101.0_neutral_split.language-ar_8wekyb3d8bbwe \"OfficeApp_19.2507.51101.0_language-as.msix\": Microsoft.MicrosoftOfficeHub_19.2507.51101.0_neutral_split.language-as_8wekyb3d8bbwe \"OfficeApp_19.2507.51101.0_language-az-latn.msix\": Microsoft.MicrosoftOfficeHub_19.2507.51101.0_neutral_split.language-az-latn_8wekyb3d8bbwe \"OfficeApp_19.2507.51101.0_language-bg.msix\": Microsoft.MicrosoftOfficeHub_19.2507.51101.0_neutral_split.language-bg_8wekyb3d8bbwe \"OfficeApp_19.2507.51101.0_language-bn.msix\": Microsoft.MicrosoftOfficeHub_19.2507.51101.0_neutral_split.language-bn_8wekyb3d8bbwe \"OfficeApp_19.2507.51101.0_language-bs.msix\": Microsoft.MicrosoftOfficeHub_19.2507.51101.0_neutral_split.language-bs_8wekyb3d8bbwe \"OfficeApp_19.2507.51101.0_language-ca.msix\": Microsoft.MicrosoftOfficeHub_19.2507.51101.0_neutral_split.language-ca_8wekyb3d8bbwe \"OfficeApp_19.2507.51101.0_language-cs.msix\": Microsoft.MicrosoftOfficeHub_19.2507.51101.0_neutral_split.language-cs_8wekyb3d8bbwe \"OfficeApp_19.2507.51101.0_language-cy.msix\": Microsoft.MicrosoftOfficeHub_19.2507.51101.0_neutral_split.language-cy_8wekyb3d8bbwe \"OfficeApp_19.2507.51101.0_language-da.msix\": Microsoft.MicrosoftOfficeHub_19.2507.51101.0_neutral_split.language-da_8wekyb3d8bbwe \"OfficeApp_19.2507.51101.0_language-de.msix\": Microsoft.MicrosoftOfficeHub_19.2507.51101.0_neutral_split.language-de_8wekyb3d8bbwe \"OfficeApp_19.2507.51101.0_language-el.msix\": Microsoft.MicrosoftOfficeHub_19.2507.51101.0_neutral_split.language-el_8wekyb3d8bbwe \"OfficeApp_19.2507.51101.0_language-es.msix\": Microsoft.MicrosoftOfficeHub_19.2507.51101.0_neutral_split.language-es_8wekyb3d8bbwe \"OfficeApp_19.2507.51101.0_language-et.msix\": Microsoft.MicrosoftOfficeHub_19.2507.51101.0_neutral_split.language-et_8wekyb3d8bbwe \"OfficeApp_19.2507.51101.0_language-eu.msix\": Microsoft.MicrosoftOfficeHub_19.2507.51101.0_neutral_split.language-eu_8wekyb3d8bbwe \"OfficeApp_19.2507.51101.0_language-fa.msix\": Microsoft.MicrosoftOfficeHub_19.2507.51101.0_neutral_split.language-fa_8wekyb3d8bbwe \"OfficeApp_19.2507.51101.0_language-fi.msix\": Microsoft.MicrosoftOfficeHub_19.2507.51101.0_neutral_split.language-fi_8wekyb3d8bbwe \"OfficeApp_19.2507.51101.0_language-fil-latn.msix\": Microsoft.MicrosoftOfficeHub_19.2507.51101.0_neutral_split.language-fil-latn_8wekyb3d8bbwe \"OfficeApp_19.2507.51101.0_language-fr.msix\": Microsoft.MicrosoftOfficeHub_19.2507.51101.0_neutral_split.language-fr_8wekyb3d8bbwe \"OfficeApp_19.2507.51101.0_language-ga.msix\": Microsoft.MicrosoftOfficeHub_19.2507.51101.0_neutral_split.language-ga_8wekyb3d8bbwe \"OfficeApp_19.2507.51101.0_language-gd-latn.msix\": Microsoft.MicrosoftOfficeHub_19.2507.51101.0_neutral_split.language-gd-latn_8wekyb3d8bbwe \"OfficeApp_19.2507.51101.0_language-gl.msix\": Microsoft.MicrosoftOfficeHub_19.2507.51101.0_neutral_split.language-gl_8wekyb3d8bbwe \"OfficeApp_19.2507.51101.0_language-gu.msix\": Microsoft.MicrosoftOfficeHub_19.2507.51101.0_neutral_split.language-gu_8wekyb3d8bbwe \"OfficeApp_19.2507.51101.0_language-he.msix\": Microsoft.MicrosoftOfficeHub_19.2507.51101.0_neutral_split.language-he_8wekyb3d8bbwe \"OfficeApp_19.2507.51101.0_language-hi.msix\": Microsoft.MicrosoftOfficeHub_19.2507.51101.0_neutral_split.language-hi_8wekyb3d8bbwe \"OfficeApp_19.2507.51101.0_language-hr.msix\": Microsoft.MicrosoftOfficeHub_19.2507.51101.0_neutral_split.language-hr_8wekyb3d8bbwe \"OfficeApp_19.2507.51101.0_language-hu.msix\": Microsoft.MicrosoftOfficeHub_19.2507.51101.0_neutral_split.language-hu_8wekyb3d8bbwe \"OfficeApp_19.2507.51101.0_language-id.msix\": Microsoft.MicrosoftOfficeHub_19.2507.51101.0_neutral_split.language-id_8wekyb3d8bbwe \"OfficeApp_19.2507.51101.0_language-is.msix\": Microsoft.MicrosoftOfficeHub_19.2507.51101.0_neutral_split.language-is_8wekyb3d8bbwe \"OfficeApp_19.2507.51101.0_language-it.msix\": Microsoft.MicrosoftOfficeHub_19.2507.51101.0_neutral_split.language-it_8wekyb3d8bbwe \"OfficeApp_19.2507.51101.0_language-ja.msix\": Microsoft.MicrosoftOfficeHub_19.2507.51101.0_neutral_split.language-ja_8wekyb3d8bbwe \"OfficeApp_19.2507.51101.0_language-ka.msix\": Microsoft.MicrosoftOfficeHub_19.2507.51101.0_neutral_split.language-ka_8wekyb3d8bbwe \"OfficeApp_19.2507.51101.0_language-kk.msix\": Microsoft.MicrosoftOfficeHub_19.2507.51101.0_neutral_split.language-kk_8wekyb3d8bbwe \"OfficeApp_19.2507.51101.0_language-km.msix\": Microsoft.MicrosoftOfficeHub_19.2507.51101.0_neutral_split.language-km_8wekyb3d8bbwe \"OfficeApp_19.2507.51101.0_language-kn.msix\": Microsoft.MicrosoftOfficeHub_19.2507.51101.0_neutral_split.language-kn_8wekyb3d8bbwe \"OfficeApp_19.2507.51101.0_language-ko.msix\": Microsoft.MicrosoftOfficeHub_19.2507.51101.0_neutral_split.language-ko_8wekyb3d8bbwe \"OfficeApp_19.2507.51101.0_language-kok.msix\": Microsoft.MicrosoftOfficeHub_19.2507.51101.0_neutral_split.language-kok_8wekyb3d8bbwe \"OfficeApp_19.2507.51101.0_language-lb.msix\": Microsoft.MicrosoftOfficeHub_19.2507.51101.0_neutral_split.language-lb_8wekyb3d8bbwe \"OfficeApp_19.2507.51101.0_language-lo.msix\": Microsoft.MicrosoftOfficeHub_19.2507.51101.0_neutral_split.language-lo_8wekyb3d8bbwe \"OfficeApp_19.2507.51101.0_language-lt.msix\": Microsoft.MicrosoftOfficeHub_19.2507.51101.0_neutral_split.language-lt_8wekyb3d8bbwe \"OfficeApp_19.2507.51101.0_language-lv.msix\": Microsoft.MicrosoftOfficeHub_19.2507.51101.0_neutral_split.language-lv_8wekyb3d8bbwe \"OfficeApp_19.2507.51101.0_language-mi-latn.msix\": Microsoft.MicrosoftOfficeHub_19.2507.51101.0_neutral_split.language-mi-latn_8wekyb3d8bbwe \"OfficeApp_19.2507.51101.0_language-mk.msix\": Microsoft.MicrosoftOfficeHub_19.2507.51101.0_neutral_split.language-mk_8wekyb3d8bbwe \"OfficeApp_19.2507.51101.0_language-ml.msix\": Microsoft.MicrosoftOfficeHub_19.2507.51101.0_neutral_split.language-ml_8wekyb3d8bbwe \"OfficeApp_19.2507.51101.0_language-mr.msix\": Microsoft.MicrosoftOfficeHub_19.2507.51101.0_neutral_split.language-mr_8wekyb3d8bbwe \"OfficeApp_19.2507.51101.0_language-ms.msix\": Microsoft.MicrosoftOfficeHub_19.2507.51101.0_neutral_split.language-ms_8wekyb3d8bbwe \"OfficeApp_19.2507.51101.0_language-mt.msix\": Microsoft.MicrosoftOfficeHub_19.2507.51101.0_neutral_split.language-mt_8wekyb3d8bbwe \"OfficeApp_19.2507.51101.0_language-nb.msix\": Microsoft.MicrosoftOfficeHub_19.2507.51101.0_neutral_split.language-nb_8wekyb3d8bbwe \"OfficeApp_19.2507.51101.0_language-ne.msix\": Microsoft.MicrosoftOfficeHub_19.2507.51101.0_neutral_split.language-ne_8wekyb3d8bbwe \"OfficeApp_19.2507.51101.0_language-nl.msix\": Microsoft.MicrosoftOfficeHub_19.2507.51101.0_neutral_split.language-nl_8wekyb3d8bbwe \"OfficeApp_19.2507.51101.0_language-nn.msix\": Microsoft.MicrosoftOfficeHub_19.2507.51101.0_neutral_split.language-nn_8wekyb3d8bbwe \"OfficeApp_19.2507.51101.0_language-or.msix\": Microsoft.MicrosoftOfficeHub_19.2507.51101.0_neutral_split.language-or_8wekyb3d8bbwe \"OfficeApp_19.2507.51101.0_language-pa.msix\": Microsoft.MicrosoftOfficeHub_19.2507.51101.0_neutral_split.language-pa_8wekyb3d8bbwe \"OfficeApp_19.2507.51101.0_language-pl.msix\": Microsoft.MicrosoftOfficeHub_19.2507.51101.0_neutral_split.language-pl_8wekyb3d8bbwe \"OfficeApp_19.2507.51101.0_language-pt.msix\": Microsoft.MicrosoftOfficeHub_19.2507.51101.0_neutral_split.language-pt_8wekyb3d8bbwe \"OfficeApp_19.2507.51101.0_language-quz-latn.msix\": Microsoft.MicrosoftOfficeHub_19.2507.51101.0_neutral_split.language-quz-latn_8wekyb3d8bbwe \"OfficeApp_19.2507.51101.0_language-ro.msix\": Microsoft.MicrosoftOfficeHub_19.2507.51101.0_neutral_split.language-ro_8wekyb3d8bbwe \"OfficeApp_19.2507.51101.0_language-ru.msix\": Microsoft.MicrosoftOfficeHub_19.2507.51101.0_neutral_split.language-ru_8wekyb3d8bbwe \"OfficeApp_19.2507.51101.0_language-sk.msix\": Microsoft.MicrosoftOfficeHub_19.2507.51101.0_neutral_split.language-sk_8wekyb3d8bbwe \"OfficeApp_19.2507.51101.0_language-sl.msix\": Microsoft.MicrosoftOfficeHub_19.2507.51101.0_neutral_split.language-sl_8wekyb3d8bbwe \"OfficeApp_19.2507.51101.0_language-sq.msix\": Microsoft.MicrosoftOfficeHub_19.2507.51101.0_neutral_split.language-sq_8wekyb3d8bbwe \"OfficeApp_19.2507.51101.0_language-sr-cyrl.msix\": Microsoft.MicrosoftOfficeHub_19.2507.51101.0_neutral_split.language-sr-cyrl_8wekyb3d8bbwe \"OfficeApp_19.2507.51101.0_language-sr-latn.msix\": Microsoft.MicrosoftOfficeHub_19.2507.51101.0_neutral_split.language-sr-latn_8wekyb3d8bbwe \"OfficeApp_19.2507.51101.0_language-sv.msix\": Microsoft.MicrosoftOfficeHub_19.2507.51101.0_neutral_split.language-sv_8wekyb3d8bbwe \"OfficeApp_19.2507.51101.0_language-ta.msix\": Microsoft.MicrosoftOfficeHub_19.2507.51101.0_neutral_split.language-ta_8wekyb3d8bbwe \"OfficeApp_19.2507.51101.0_language-te.msix\": Microsoft.MicrosoftOfficeHub_19.2507.51101.0_neutral_split.language-te_8wekyb3d8bbwe \"OfficeApp_19.2507.51101.0_language-th.msix\": Microsoft.MicrosoftOfficeHub_19.2507.51101.0_neutral_split.language-th_8wekyb3d8bbwe \"OfficeApp_19.2507.51101.0_language-tr.msix\": Microsoft.MicrosoftOfficeHub_19.2507.51101.0_neutral_split.language-tr_8wekyb3d8bbwe \"OfficeApp_19.2507.51101.0_language-tt-cyrl.msix\": Microsoft.MicrosoftOfficeHub_19.2507.51101.0_neutral_split.language-tt-cyrl_8wekyb3d8bbwe \"OfficeApp_19.2507.51101.0_language-ug-arab.msix\": Microsoft.MicrosoftOfficeHub_19.2507.51101.0_neutral_split.language-ug-arab_8wekyb3d8bbwe \"OfficeApp_19.2507.51101.0_language-uk.msix\": Microsoft.MicrosoftOfficeHub_19.2507.51101.0_neutral_split.language-uk_8wekyb3d8bbwe \"OfficeApp_19.2507.51101.0_language-ur.msix\": Microsoft.MicrosoftOfficeHub_19.2507.51101.0_neutral_split.language-ur_8wekyb3d8bbwe \"OfficeApp_19.2507.51101.0_language-vi.msix\": Microsoft.MicrosoftOfficeHub_19.2507.51101.0_neutral_split.language-vi_8wekyb3d8bbwe \"OfficeApp_19.2507.51101.0_language-zh-hans.msix\": Microsoft.MicrosoftOfficeHub_19.2507.51101.0_neutral_split.language-zh-hans_8wekyb3d8bbwe \"OfficeApp_19.2507.51101.0_language-zh-hant.msix\": Microsoft.MicrosoftOfficeHub_19.2507.51101.0_neutral_split.language-zh-hant_8wekyb3d8bbwe \"OfficeApp_19.2507.51101.0_scale-100.msix\": Microsoft.MicrosoftOfficeHub_19.2507.51101.0_neutral_split.scale-100_8wekyb3d8bbwe \"OfficeApp_19.2507.51101.0_scale-125.msix\": Microsoft.MicrosoftOfficeHub_19.2507.51101.0_neutral_split.scale-125_8wekyb3d8bbwe \"OfficeApp_19.2507.51101.0_scale-140.msix\": Microsoft.MicrosoftOfficeHub_19.2507.51101.0_neutral_split.scale-140_8wekyb3d8bbwe \"OfficeApp_19.2507.51101.0_scale-150.msix\": Microsoft.MicrosoftOfficeHub_19.2507.51101.0_neutral_split.scale-150_8wekyb3d8bbwe \"OfficeApp_19.2507.51101.0_scale-180.msix\": Microsoft.MicrosoftOfficeHub_19.2507.51101.0_neutral_split.scale-180_8wekyb3d8bbwe \"OfficeApp_19.2507.51101.0_scale-300.msix\": Microsoft.MicrosoftOfficeHub_19.2507.51101.0_neutral_split.scale-300_8wekyb3d8bbwe \"OfficeApp_19.2507.51101.0_scale-400.msix\": Microsoft.MicrosoftOfficeHub_19.2507.51101.0_neutral_split.scale-400_8wekyb3d8bbwe"}
{"EventID": "813", "Channel": "Microsoft-Windows-AppXDeploymentServer/Operational", "Provider_Name": "Microsoft-Windows-AppXDeployment-Server", "Computer": "DESKTOP-OFJ6N53", "TimeCreated": "2025-07-24 21:46:42.762566+00:00", "RecordID": "114459", "Level": "5", "UserID": "S-1-5-18", "EventData.PackageMoniker": "Microsoft.WindowsSoundRecorder_2021.2103.28.0_neutral_~_8wekyb3d8bbwe"}
{"EventID": "10001", "Channel": "Microsoft-Windows-AppXDeploymentServer/Operational", "Provider_Name": "Microsoft-Windows-AppXDeployment-Server", "Computer": "DESKTOP-OFJ6N53", "TimeCreated": "2025-07-24 21:46:43.234783+00:00", "RecordID": "114460", "Level": "5", "UserID": "S-1-5-18", "EventData.PackageFullName": "Microsoft.WindowsSoundRecorder_10.2103.28.0_x64__8wekyb3d8bbwe", "EventData.ErrorCode": "0x00000000"}
{"EventID": "10001", "Channel": "Microsoft-Windows-AppXDeploymentServer/Operational", "Provider_Name": "Microsoft-Windows-AppXDeployment-Server", "Computer": "DESKTOP-OFJ6N53", "TimeCreated": "2025-07-24 21:46:43.235287+00:00", "RecordID": "114461", "Level": "5", "UserID": "S-1-5-18", "EventData.PackageFullName": "Microsoft.WindowsSoundRecorder_10.2103.28.0_x64__8wekyb3d8bbwe", "EventData.ErrorCode": "0x00000000"}
{"EventID": "10001", "Channel": "Microsoft-Windows-AppXDeploymentServer/Operational", "Provider_Name": "Microsoft-Windows-AppXDeployment-Server", "Computer": "DESKTOP-OFJ6N53", "TimeCreated": "2025-07-24 21:46:43.235428+00:00", "RecordID": "114462", "Level": "5", "UserID": "S-1-5-18", "EventData.PackageFullName": "Microsoft.WindowsSoundRecorder_10.2103.28.0_neutral_split.scale-125_8wekyb3d8bbwe", "EventData.ErrorCode": "0x00000000"}
{"EventID": "10001", "Channel": "Microsoft-Windows-AppXDeploymentServer/Operational", "Provider_Name": "Microsoft-Windows-AppXDeployment-Server", "Computer": "DESKTOP-OFJ6N53", "TimeCreated": "2025-07-24 21:46:43.235903+00:00", "RecordID": "114463", "Level": "5", "UserID": "S-1-5-18", "EventData.PackageFullName": "Microsoft.WindowsSoundRecorder_10.2103.28.0_neutral_split.scale-125_8wekyb3d8bbwe", "EventData.ErrorCode": "0x00000000"}
{"EventID": "10001", "Channel": "Microsoft-Windows-AppXDeploymentServer/Operational", "Provider_Name": "Microsoft-Windows-AppXDeployment-Server", "Computer": "DESKTOP-OFJ6N53", "TimeCreated": "2025-07-24 21:46:43.236094+00:00", "RecordID": "114464", "Level": "5", "UserID": "S-1-5-18", "EventData.PackageFullName": "Microsoft.WindowsSoundRecorder_10.2103.28.0_neutral_split.language-ru_8wekyb3d8bbwe", "EventData.ErrorCode": "0x00000000"}
{"EventID": "10001", "Channel": "Microsoft-Windows-AppXDeploymentServer/Operational", "Provider_Name": "Microsoft-Windows-AppXDeployment-Server", "Computer": "DESKTOP-OFJ6N53", "TimeCreated": "2025-07-24 21:46:43.236191+00:00", "RecordID": "114465", "Level": "5", "UserID": "S-1-5-18", "EventData.PackageFullName": "Microsoft.WindowsSoundRecorder_10.2103.28.0_neutral_split.language-ru_8wekyb3d8bbwe", "EventData.ErrorCode": "0x00000000"}
{"EventID": "10001", "Channel": "Microsoft-Windows-AppXDeploymentServer/Operational", "Provider_Name": "Microsoft-Windows-AppXDeployment-Server", "Computer": "DESKTOP-OFJ6N53", "TimeCreated": "2025-07-24 21:46:43.236269+00:00", "RecordID": "114466", "Level": "5", "UserID": "S-1-5-18", "EventData.PackageFullName": "Microsoft.WindowsSoundRecorder_10.2103.28.0_x64__8wekyb3d8bbwe", "EventData.ErrorCode": "0x00000000"}
{"EventID": "10001", "Channel": "Microsoft-Windows-AppXDeploymentServer/Operational", "Provider_Name": "Microsoft-Windows-AppXDeployment-Server", "Computer": "DESKTOP-OFJ6N53", "TimeCreated": "2025-07-24 21:46:43.236343+00:00", "RecordID": "114467", "Level": "5", "UserID": "S-1-5-18", "EventData.PackageFullName": "Microsoft.WindowsSoundRecorder_10.2103.28.0_x64__8wekyb3d8bbwe", "EventData.ErrorCode": "0x00000000"}
{"EventID": "10001", "Channel": "Microsoft-Windows-AppXDeploymentServer/Operational", "Provider_Name": "Microsoft-Windows-AppXDeployment-Server", "Computer": "DESKTOP-OFJ6N53", "TimeCreated": "2025-07-24 21:46:43.236439+00:00", "RecordID": "114468", "Level": "5", "UserID": "S-1-5-18", "EventData.PackageFullName": "Microsoft.WindowsSoundRecorder_2021.2103.28.0_neutral_~_8wekyb3d8bbwe", "EventData.ErrorCode": "0x00000000"}
{"EventID": "10001", "Channel": "Microsoft-Windows-AppXDeploymentServer/Operational", "Provider_Name": "Microsoft-Windows-AppXDeployment-Server", "Computer": "DESKTOP-OFJ6N53", "TimeCreated": "2025-07-24 21:46:43.236507+00:00", "RecordID": "114469", "Level": "5", "UserID": "S-1-5-18", "EventData.PackageFullName": "Microsoft.WindowsSoundRecorder_2021.2103.28.0_neutral_~_8wekyb3d8bbwe", "EventData.ErrorCode": "0x00000000"}
{"EventID": "400", "Channel": "Microsoft-Windows-AppXDeploymentServer/Operational", "Provider_Name": "Microsoft-Windows-AppXDeployment-Server", "Computer": "DESKTOP-OFJ6N53", "TimeCreated": "2025-07-24 21:46:43.237776+00:00", "RecordID": "114470", "Level": "4", "UserID": "S-1-5-18", "EventData.DeploymentOperation": "4", "EventData.PackageFullName": "Microsoft.MicrosoftSolitaireCollection_4.23.7100.0_neutral_~_8wekyb3d8bbwe", "EventData.Path": "(93c3c9affee8d9a0f95a950acc82bf8036dea2d7)", "EventData.MountPoint": "C:", "EventData.TargetPlatform": "0x00000003", "EventData.SystemVolume": "True", "EventData.StorageId": "\\\\?\\Volume{c33a8663-71a2-4031-8cec-c21914fe12ad}", "EventData.IsCentennial": "False", "EventData.PackageType": "0x00000008", "EventData.IsPackageEncrypted": "False", "EventData.DeploymentOptions": "0x0100008004000000", "EventData.IsStreamingPackage": "False", "EventData.IsInRelatedSet": "False", "EventData.IsPackageUsingBDC": "False", "EventData.MainPackageFamilyName": "NULL", "EventData.CallingProcess": "svchost.exe,wuauserv", "EventData.IsOptional": "False", "EventData.PackageFlags": "0x00000400", "EventData.PackageFlags2": "0x00000800", "EventData.HasWin32alacarte": "False", "EventData.HasFullTrust": "False", "EventData.ExternalLocation": null, "EventData.PackageSourceUri": "x-windowsupdate://D7C8B86A-2EB3-498C-B402-9A6CD3028663/1A36FD17-5161-4651-AE2D-13384E427EA8/93c3c9affee8d9a0f95a950acc82bf8036dea2d7"}
