{"EventID": "300", "Channel": "Microsoft-Windows-DeviceSetupManager/Operational", "Provider_Name": "Microsoft-Windows-DeviceSetupManager", "Computer": "DESKTOP-OFJ6N53", "TimeCreated": "2025-08-05 07:56:51.654390+00:00", "RecordID": "11707", "Level": "4", "UserID": "S-1-5-18", "EventData.Prop_ContainerId": "{57C16D3E-C60D-42B4-B191-D964FD26F32F}"}
{"EventID": "300", "Channel": "Microsoft-Windows-DeviceSetupManager/Operational", "Provider_Name": "Microsoft-Windows-DeviceSetupManager", "Computer": "DESKTOP-OFJ6N53", "TimeCreated": "2025-08-05 09:38:12.625969+00:00", "RecordID": "11708", "Level": "4", "UserID": "S-1-5-18", "EventData.Prop_ContainerId": "{E8293E0A-2801-44A7-9E52-4B7F8E83469F}"}
{"EventID": "300", "Channel": "Microsoft-Windows-DeviceSetupManager/Operational", "Provider_Name": "Microsoft-Windows-DeviceSetupManager", "Computer": "DESKTOP-OFJ6N53", "TimeCreated": "2025-08-05 15:14:07.142967+00:00", "RecordID": "11709", "Level": "4", "UserID": "S-1-5-18", "EventData.Prop_ContainerId": "{60AA873F-3841-4CF9-A656-8E4B7A88A194}"}
{"EventID": "300", "Channel": "Microsoft-Windows-DeviceSetupManager/Operational", "Provider_Name": "Microsoft-Windows-DeviceSetupManager", "Computer": "DESKTOP-OFJ6N53", "TimeCreated": "2025-08-06 07:01:09.951567+00:00", "RecordID": "11710", "Level": "4", "UserID": "S-1-5-18", "EventData.Prop_ContainerId": "{2EECF412-6AFA-4D69-85B1-FC56D46F5B82}"}
{"EventID": "300", "Channel": "Microsoft-Windows-DeviceSetupManager/Operational", "Provider_Name": "Microsoft-Windows-DeviceSetupManager", "Computer": "DESKTOP-OFJ6N53", "TimeCreated": "2025-08-06 13:25:14.969561+00:00", "RecordID": "11711", "Level": "4", "UserID": "S-1-5-18", "EventData.Prop_ContainerId": "{365F4E89-4E75-4408-BB7C-D337D8401607}"}
{"EventID": "300", "Channel": "Microsoft-Windows-DeviceSetupManager/Operational", "Provider_Name": "Microsoft-Windows-DeviceSetupManager", "Computer": "DESKTOP-OFJ6N53", "TimeCreated": "2025-08-06 13:49:02.959787+00:00", "RecordID": "11712", "Level": "4", "UserID": "S-1-5-18", "EventData.Prop_ContainerId": "{3858F1BE-BE04-47D4-BA11-00C51E79313A}"}
{"EventID": "300", "Channel": "Microsoft-Windows-DeviceSetupManager/Operational", "Provider_Name": "Microsoft-Windows-DeviceSetupManager", "Computer": "DESKTOP-OFJ6N53", "TimeCreated": "2025-08-06 13:49:21.380980+00:00", "RecordID": "11713", "Level": "4", "UserID": "S-1-5-18", "EventData.Prop_ContainerId": "{7B486D27-7AF1-43F1-93BA-6A7104B9B1DB}"}
{"EventID": "300", "Channel": "Microsoft-Windows-DeviceSetupManager/Operational", "Provider_Name": "Microsoft-Windows-DeviceSetupManager", "Computer": "DESKTOP-OFJ6N53", "TimeCreated": "2025-08-06 13:50:08.233976+00:00", "RecordID": "11714", "Level": "4", "UserID": "S-1-5-18", "EventData.Prop_ContainerId": "{E2E81BA5-C3F4-46B1-9DD0-CF639C9B4194}"}
{"EventID": "300", "Channel": "Microsoft-Windows-DeviceSetupManager/Operational", "Provider_Name": "Microsoft-Windows-DeviceSetupManager", "Computer": "DESKTOP-OFJ6N53", "TimeCreated": "2025-08-07 10:16:32.648964+00:00", "RecordID": "11715", "Level": "4", "UserID": "S-1-5-18", "EventData.Prop_ContainerId": "{05BDC9E2-245E-4D11-A4D2-BDF7F3EB3A25}"}
{"EventID": "300", "Channel": "Microsoft-Windows-DeviceSetupManager/Operational", "Provider_Name": "Microsoft-Windows-DeviceSetupManager", "Computer": "DESKTOP-OFJ6N53", "TimeCreated": "2025-08-07 12:28:09.385811+00:00", "RecordID": "11716", "Level": "4", "UserID": "S-1-5-18", "EventData.Prop_ContainerId": "{4D688DE1-2A96-4105-915F-C8140D070090}"}
{"EventID": "300", "Channel": "Microsoft-Windows-DeviceSetupManager/Operational", "Provider_Name": "Microsoft-Windows-DeviceSetupManager", "Computer": "DESKTOP-OFJ6N53", "TimeCreated": "2025-08-07 13:22:25.427099+00:00", "RecordID": "11717", "Level": "4", "UserID": "S-1-5-18", "EventData.Prop_ContainerId": "{98EA22B8-4A2B-4ACA-9550-005EAE65B268}"}
{"EventID": "300", "Channel": "Microsoft-Windows-DeviceSetupManager/Operational", "Provider_Name": "Microsoft-Windows-DeviceSetupManager", "Computer": "DESKTOP-OFJ6N53", "TimeCreated": "2025-08-08 07:48:02.951967+00:00", "RecordID": "11718", "Level": "4", "UserID": "S-1-5-18", "EventData.Prop_ContainerId": "{D1C8CFDB-07AA-434E-B303-B314CA5EA69B}"}
{"EventID": "300", "Channel": "Microsoft-Windows-DeviceSetupManager/Operational", "Provider_Name": "Microsoft-Windows-DeviceSetupManager", "Computer": "DESKTOP-OFJ6N53", "TimeCreated": "2025-08-08 08:09:05.877514+00:00", "RecordID": "11719", "Level": "4", "UserID": "S-1-5-18", "EventData.Prop_ContainerId": "{A4D4913A-C940-4CEC-AD26-600829C9AA8C}"}
{"EventID": "300", "Channel": "Microsoft-Windows-DeviceSetupManager/Operational", "Provider_Name": "Microsoft-Windows-DeviceSetupManager", "Computer": "DESKTOP-OFJ6N53", "TimeCreated": "2025-08-08 08:18:34.231022+00:00", "RecordID": "11720", "Level": "4", "UserID": "S-1-5-18", "EventData.Prop_ContainerId": "{EA1AEE0B-1D1D-4B61-8E9B-5405BB753057}"}
{"EventID": "300", "Channel": "Microsoft-Windows-DeviceSetupManager/Operational", "Provider_Name": "Microsoft-Windows-DeviceSetupManager", "Computer": "DESKTOP-OFJ6N53", "TimeCreated": "2025-08-08 10:30:52.656754+00:00", "RecordID": "11721", "Level": "4", "UserID": "S-1-5-18", "EventData.Prop_ContainerId": "{4C651450-0661-4CEB-8BDF-75A13E2C4E6D}"}
{"EventID": "300", "Channel": "Microsoft-Windows-DeviceSetupManager/Operational", "Provider_Name": "Microsoft-Windows-DeviceSetupManager", "Computer": "DESKTOP-OFJ6N53", "TimeCreated": "2025-08-11 15:17:15.301298+00:00", "RecordID": "11722", "Level": "4", "UserID": "S-1-5-18", "EventData.Prop_ContainerId": "{C42F6444-5E90-41AF-92A2-A1131C34B5D6}"}
{"EventID": "300", "Channel": "Microsoft-Windows-DeviceSetupManager/Operational", "Provider_Name": "Microsoft-Windows-DeviceSetupManager", "Computer": "DESKTOP-OFJ6N53", "TimeCreated": "2025-08-11 15:17:29.258171+00:00", "RecordID": "11723", "Level": "4", "UserID": "S-1-5-18", "EventData.Prop_ContainerId": "{7EFCBE4E-A3A2-0C99-EC8F-27D6801A396F}"}
{"EventID": "300", "Channel": "Microsoft-Windows-DeviceSetupManager/Operational", "Provider_Name": "Microsoft-Windows-DeviceSetupManager", "Computer": "DESKTOP-OFJ6N53", "TimeCreated": "2025-08-12 11:56:51.512968+00:00", "RecordID": "11724", "Level": "4", "UserID": "S-1-5-18", "EventData.Prop_ContainerId": "{DE091710-7C03-4930-9CF6-A8AEC12EB051}"}
{"EventID": "300", "Channel": "Microsoft-Windows-DeviceSetupManager/Operational", "Provider_Name": "Microsoft-Windows-DeviceSetupManager", "Computer": "DESKTOP-OFJ6N53", "TimeCreated": "2025-08-12 12:10:20.518677+00:00", "RecordID": "11725", "Level": "4", "UserID": "S-1-5-18", "EventData.Prop_ContainerId": "{8DC6A601-6B97-4084-AA12-E6B7086D26E1}"}
{"EventID": "300", "Channel": "Microsoft-Windows-DeviceSetupManager/Operational", "Provider_Name": "Microsoft-Windows-DeviceSetupManager", "Computer": "DESKTOP-OFJ6N53", "TimeCreated": "2025-08-12 12:15:26.236216+00:00", "RecordID": "11726", "Level": "4", "UserID": "S-1-5-18", "EventData.Prop_ContainerId": "{52690868-E708-4226-92C9-60D399D328A8}"}
{"EventID": "300", "Channel": "Microsoft-Windows-DeviceSetupManager/Operational", "Provider_Name": "Microsoft-Windows-DeviceSetupManager", "Computer": "DESKTOP-OFJ6N53", "TimeCreated": "2025-08-12 12:18:41.574224+00:00", "RecordID": "11727", "Level": "4", "UserID": "S-1-5-18", "EventData.Prop_ContainerId": "{9E39F51E-4F93-45BB-8CAB-7CDA44AFE7D1}"}
{"EventID": "300", "Channel": "Microsoft-Windows-DeviceSetupManager/Operational", "Provider_Name": "Microsoft-Windows-DeviceSetupManager", "Computer": "DESKTOP-OFJ6N53", "TimeCreated": "2025-08-12 13:28:03.095654+00:00", "RecordID": "11728", "Level": "4", "UserID": "S-1-5-18", "EventData.Prop_ContainerId": "{18F8FB79-55CC-4786-9D48-4C06D1E6AF47}"}
{"EventID": "300", "Channel": "Microsoft-Windows-DeviceSetupManager/Operational", "Provider_Name": "Microsoft-Windows-DeviceSetupManager", "Computer": "DESKTOP-OFJ6N53", "TimeCreated": "2025-08-12 14:20:07.599115+00:00", "RecordID": "11729", "Level": "4", "UserID": "S-1-5-18", "EventData.Prop_ContainerId": "{09C6E8DE-6F3E-471D-8221-D2D8D037E821}"}
{"EventID": "300", "Channel": "Microsoft-Windows-DeviceSetupManager/Operational", "Provider_Name": "Microsoft-Windows-DeviceSetupManager", "Computer": "DESKTOP-OFJ6N53", "TimeCreated": "2025-08-13 09:21:39.676258+00:00", "RecordID": "11730", "Level": "4", "UserID": "S-1-5-18", "EventData.Prop_ContainerId": "{AB70D33A-06CE-4B5F-B1A3-2C4BBCCE0649}"}
{"EventID": "300", "Channel": "Microsoft-Windows-DeviceSetupManager/Operational", "Provider_Name": "Microsoft-Windows-DeviceSetupManager", "Computer": "DESKTOP-OFJ6N53", "TimeCreated": "2025-08-13 09:22:01.607050+00:00", "RecordID": "11731", "Level": "4", "UserID": "S-1-5-18", "EventData.Prop_ContainerId": "{7EFCBE4E-A3A2-0C99-EC8F-27D6801A396F}"}
{"EventID": "300", "Channel": "Microsoft-Windows-DeviceSetupManager/Operational", "Provider_Name": "Microsoft-Windows-DeviceSetupManager", "Computer": "DESKTOP-OFJ6N53", "TimeCreated": "2025-08-13 15:30:22.449179+00:00", "RecordID": "11732", "Level": "4", "UserID": "S-1-5-18", "EventData.Prop_ContainerId": "{3D99682C-BEAA-4220-9B43-8891A543D092}"}
{"EventID": "300", "Channel": "Microsoft-Windows-DeviceSetupManager/Operational", "Provider_Name": "Microsoft-Windows-DeviceSetupManager", "Computer": "DESKTOP-OFJ6N53", "TimeCreated": "2025-08-13 15:30:39.154888+00:00", "RecordID": "11733", "Level": "4", "UserID": "S-1-5-18", "EventData.Prop_ContainerId": "{7EFCBE4E-A3A2-0C99-EC8F-27D6801A396F}"}
{"EventID": "300", "Channel": "Microsoft-Windows-DeviceSetupManager/Operational", "Provider_Name": "Microsoft-Windows-DeviceSetupManager", "Computer": "DESKTOP-OFJ6N53", "TimeCreated": "2025-08-13 15:42:27.376898+00:00", "RecordID": "11734", "Level": "4", "UserID": "S-1-5-18", "EventData.Prop_ContainerId": "{B46C76E8-DDFC-473D-ABE9-38C9AC1D2EFE}"}
{"EventID": "300", "Channel": "Microsoft-Windows-DeviceSetupManager/Operational", "Provider_Name": "Microsoft-Windows-DeviceSetupManager", "Computer": "DESKTOP-OFJ6N53", "TimeCreated": "2025-08-13 15:42:41.499435+00:00", "RecordID": "11735", "Level": "4", "UserID": "S-1-5-18", "EventData.Prop_ContainerId": "{7EFCBE4E-A3A2-0C99-EC8F-27D6801A396F}"}
{"EventID": "300", "Channel": "Microsoft-Windows-DeviceSetupManager/Operational", "Provider_Name": "Microsoft-Windows-DeviceSetupManager", "Computer": "DESKTOP-OFJ6N53", "TimeCreated": "2025-08-14 08:38:51.457930+00:00", "RecordID": "11736", "Level": "4", "UserID": "S-1-5-18", "EventData.Prop_ContainerId": "{832541AD-8238-4AB0-956C-EBCE30E0FBFD}"}
{"EventID": "300", "Channel": "Microsoft-Windows-DeviceSetupManager/Operational", "Provider_Name": "Microsoft-Windows-DeviceSetupManager", "Computer": "DESKTOP-OFJ6N53", "TimeCreated": "2025-08-14 10:21:52.999073+00:00", "RecordID": "11737", "Level": "4", "UserID": "S-1-5-18", "EventData.Prop_ContainerId": "{D99B3305-DC12-4235-81B8-CE8EA5830492}"}
{"EventID": "300", "Channel": "Microsoft-Windows-DeviceSetupManager/Operational", "Provider_Name": "Microsoft-Windows-DeviceSetupManager", "Computer": "DESKTOP-OFJ6N53", "TimeCreated": "2025-08-14 10:23:38.731297+00:00", "RecordID": "11738", "Level": "4", "UserID": "S-1-5-18", "EventData.Prop_ContainerId": "{E4103F72-4A88-40E4-991F-25D876DD9733}"}
{"EventID": "300", "Channel": "Microsoft-Windows-DeviceSetupManager/Operational", "Provider_Name": "Microsoft-Windows-DeviceSetupManager", "Computer": "DESKTOP-OFJ6N53", "TimeCreated": "2025-08-14 10:23:53.751009+00:00", "RecordID": "11739", "Level": "4", "UserID": "S-1-5-18", "EventData.Prop_ContainerId": "{7EFCBE4E-A3A2-0C99-EC8F-27D6801A396F}"}
{"EventID": "300", "Channel": "Microsoft-Windows-DeviceSetupManager/Operational", "Provider_Name": "Microsoft-Windows-DeviceSetupManager", "Computer": "DESKTOP-OFJ6N53", "TimeCreated": "2025-08-14 12:30:20.288708+00:00", "RecordID": "11740", "Level": "4", "UserID": "S-1-5-18", "EventData.Prop_ContainerId": "{C8E1ADE4-A979-4549-9569-0C88A5DF22E3}"}
{"EventID": "300", "Channel": "Microsoft-Windows-DeviceSetupManager/Operational", "Provider_Name": "Microsoft-Windows-DeviceSetupManager", "Computer": "DESKTOP-OFJ6N53", "TimeCreated": "2025-08-14 13:44:07.754955+00:00", "RecordID": "11741", "Level": "4", "UserID": "S-1-5-18", "EventData.Prop_ContainerId": "{1C6B97DF-1B4C-4A25-B077-A981CA34A77B}"}
{"EventID": "300", "Channel": "Microsoft-Windows-DeviceSetupManager/Operational", "Provider_Name": "Microsoft-Windows-DeviceSetupManager", "Computer": "DESKTOP-OFJ6N53", "TimeCreated": "2025-08-15 07:28:08.054071+00:00", "RecordID": "11742", "Level": "4", "UserID": "S-1-5-18", "EventData.Prop_ContainerId": "{46465409-98AD-44FF-BC67-7EFBE870ECD7}"}
{"EventID": "300", "Channel": "Microsoft-Windows-DeviceSetupManager/Operational", "Provider_Name": "Microsoft-Windows-DeviceSetupManager", "Computer": "DESKTOP-OFJ6N53", "TimeCreated": "2025-08-15 09:29:23.354046+00:00", "RecordID": "11743", "Level": "4", "UserID": "S-1-5-18", "EventData.Prop_ContainerId": "{7F7BDBFB-3550-4842-94EE-350AAD492902}"}
{"EventID": "300", "Channel": "Microsoft-Windows-DeviceSetupManager/Operational", "Provider_Name": "Microsoft-Windows-DeviceSetupManager", "Computer": "DESKTOP-OFJ6N53", "TimeCreated": "2025-08-15 09:33:05.299955+00:00", "RecordID": "11744", "Level": "4", "UserID": "S-1-5-18", "EventData.Prop_ContainerId": "{DF580041-622F-47A8-A71F-D4C32AE8CA51}"}
{"EventID": "300", "Channel": "Microsoft-Windows-DeviceSetupManager/Operational", "Provider_Name": "Microsoft-Windows-DeviceSetupManager", "Computer": "DESKTOP-OFJ6N53", "TimeCreated": "2025-08-15 13:05:36.140272+00:00", "RecordID": "11745", "Level": "4", "UserID": "S-1-5-18", "EventData.Prop_ContainerId": "{3BD31ACD-1B7E-4AC8-967C-0BEC08E4ACD4}"}
{"EventID": "300", "Channel": "Microsoft-Windows-DeviceSetupManager/Operational", "Provider_Name": "Microsoft-Windows-DeviceSetupManager", "Computer": "DESKTOP-OFJ6N53", "TimeCreated": "2025-08-16 07:01:28.914637+00:00", "RecordID": "11746", "Level": "4", "UserID": "S-1-5-18", "EventData.Prop_ContainerId": "{3EDE25F7-8C40-486A-8CB1-D61BD7BCADDA}"}
{"EventID": "300", "Channel": "Microsoft-Windows-DeviceSetupManager/Operational", "Provider_Name": "Microsoft-Windows-DeviceSetupManager", "Computer": "DESKTOP-OFJ6N53", "TimeCreated": "2025-08-18 07:20:09.223652+00:00", "RecordID": "11747", "Level": "4", "UserID": "S-1-5-18", "EventData.Prop_ContainerId": "{24ACC3C7-31CF-4CA4-8086-98A8F5282BD4}"}
{"EventID": "300", "Channel": "Microsoft-Windows-DeviceSetupManager/Operational", "Provider_Name": "Microsoft-Windows-DeviceSetupManager", "Computer": "DESKTOP-OFJ6N53", "TimeCreated": "2025-08-18 09:00:39.111448+00:00", "RecordID": "11748", "Level": "4", "UserID": "S-1-5-18", "EventData.Prop_ContainerId": "{3BD8DA93-1C9E-4066-A7A5-1B1FCC356455}"}
{"EventID": "300", "Channel": "Microsoft-Windows-DeviceSetupManager/Operational", "Provider_Name": "Microsoft-Windows-DeviceSetupManager", "Computer": "DESKTOP-OFJ6N53", "TimeCreated": "2025-08-18 09:15:26.505463+00:00", "RecordID": "11749", "Level": "4", "UserID": "S-1-5-18", "EventData.Prop_ContainerId": "{3C5058BC-1576-453E-ACED-19F79CCC7ABC}"}
{"EventID": "300", "Channel": "Microsoft-Windows-DeviceSetupManager/Operational", "Provider_Name": "Microsoft-Windows-DeviceSetupManager", "Computer": "DESKTOP-OFJ6N53", "TimeCreated": "2025-08-18 09:36:37.429152+00:00", "RecordID": "11750", "Level": "4", "UserID": "S-1-5-18", "EventData.Prop_ContainerId": "{B9DABAC6-A3A9-44BF-B5F9-89F96BF38732}"}
{"EventID": "300", "Channel": "Microsoft-Windows-DeviceSetupManager/Operational", "Provider_Name": "Microsoft-Windows-DeviceSetupManager", "Computer": "DESKTOP-OFJ6N53", "TimeCreated": "2025-08-18 09:38:50.225819+00:00", "RecordID": "11751", "Level": "4", "UserID": "S-1-5-18", "EventData.Prop_ContainerId": "{10DC4691-949F-4388-A1CD-A4FE3A6DCC3C}"}
{"EventID": "300", "Channel": "Microsoft-Windows-DeviceSetupManager/Operational", "Provider_Name": "Microsoft-Windows-DeviceSetupManager", "Computer": "DESKTOP-OFJ6N53", "TimeCreated": "2025-08-18 12:04:07.068092+00:00", "RecordID": "11752", "Level": "4", "UserID": "S-1-5-18", "EventData.Prop_ContainerId": "{BFFEFE68-503F-4079-8CB7-F6705D5EDE3B}"}
{"EventID": "300", "Channel": "Microsoft-Windows-DeviceSetupManager/Operational", "Provider_Name": "Microsoft-Windows-DeviceSetupManager", "Computer": "DESKTOP-OFJ6N53", "TimeCreated": "2025-08-18 13:03:22.872532+00:00", "RecordID": "11753", "Level": "4", "UserID": "S-1-5-18", "EventData.Prop_ContainerId": "{B5A8E665-6D7D-458B-ACB0-6A90C3194038}"}
{"EventID": "300", "Channel": "Microsoft-Windows-DeviceSetupManager/Operational", "Provider_Name": "Microsoft-Windows-DeviceSetupManager", "Computer": "DESKTOP-OFJ6N53", "TimeCreated": "2025-08-19 06:35:39.583710+00:00", "RecordID": "11754", "Level": "4", "UserID": "S-1-5-18", "EventData.Prop_ContainerId": "{B6071CE8-B2A4-4F56-B334-F001158E558D}"}
{"EventID": "300", "Channel": "Microsoft-Windows-DeviceSetupManager/Operational", "Provider_Name": "Microsoft-Windows-DeviceSetupManager", "Computer": "DESKTOP-OFJ6N53", "TimeCreated": "2025-08-19 07:06:53.641762+00:00", "RecordID": "11755", "Level": "4", "UserID": "S-1-5-18", "EventData.Prop_ContainerId": "{DAD23D0B-A0C9-4EBC-B206-CF6C5EF48760}"}
{"EventID": "300", "Channel": "Microsoft-Windows-DeviceSetupManager/Operational", "Provider_Name": "Microsoft-Windows-DeviceSetupManager", "Computer": "DESKTOP-OFJ6N53", "TimeCreated": "2025-08-19 07:20:05.163710+00:00", "RecordID": "11756", "Level": "4", "UserID": "S-1-5-18", "EventData.Prop_ContainerId": "{C95335A9-A66F-4F5C-B6FB-FEC9DFD5F993}"}
{"EventID": "300", "Channel": "Microsoft-Windows-DeviceSetupManager/Operational", "Provider_Name": "Microsoft-Windows-DeviceSetupManager", "Computer": "DESKTOP-OFJ6N53", "TimeCreated": "2025-08-19 07:45:58.829006+00:00", "RecordID": "11757", "Level": "4", "UserID": "S-1-5-18", "EventData.Prop_ContainerId": "{C4D60CA3-72AA-4A5C-A9D9-E2294201DF92}"}
{"EventID": "300", "Channel": "Microsoft-Windows-DeviceSetupManager/Operational", "Provider_Name": "Microsoft-Windows-DeviceSetupManager", "Computer": "DESKTOP-OFJ6N53", "TimeCreated": "2025-08-19 09:13:43.418371+00:00", "RecordID": "11758", "Level": "4", "UserID": "S-1-5-18", "EventData.Prop_ContainerId": "{C82B24EE-34C5-4D28-B4AB-2A8CE6BFC96D}"}
{"EventID": "300", "Channel": "Microsoft-Windows-DeviceSetupManager/Operational", "Provider_Name": "Microsoft-Windows-DeviceSetupManager", "Computer": "DESKTOP-OFJ6N53", "TimeCreated": "2025-08-19 09:29:31.728037+00:00", "RecordID": "11759", "Level": "4", "UserID": "S-1-5-18", "EventData.Prop_ContainerId": "{988BEFCB-08DB-4ACB-8335-7D9B90771D50}"}
{"EventID": "300", "Channel": "Microsoft-Windows-DeviceSetupManager/Operational", "Provider_Name": "Microsoft-Windows-DeviceSetupManager", "Computer": "DESKTOP-OFJ6N53", "TimeCreated": "2025-08-19 09:32:37.271755+00:00", "RecordID": "11760", "Level": "4", "UserID": "S-1-5-18", "EventData.Prop_ContainerId": "{36718AA1-3114-4E63-8FD3-75D2CCB71B87}"}
{"EventID": "300", "Channel": "Microsoft-Windows-DeviceSetupManager/Operational", "Provider_Name": "Microsoft-Windows-DeviceSetupManager", "Computer": "DESKTOP-OFJ6N53", "TimeCreated": "2025-08-19 09:37:58.788160+00:00", "RecordID": "11761", "Level": "4", "UserID": "S-1-5-18", "EventData.Prop_ContainerId": "{DB3CDB88-6ED6-4939-AC5A-30B779DD01D6}"}
{"EventID": "300", "Channel": "Microsoft-Windows-DeviceSetupManager/Operational", "Provider_Name": "Microsoft-Windows-DeviceSetupManager", "Computer": "DESKTOP-OFJ6N53", "TimeCreated": "2025-08-19 10:25:37.207670+00:00", "RecordID": "11762", "Level": "4", "UserID": "S-1-5-18", "EventData.Prop_ContainerId": "{174EA658-8172-4C89-935C-3F672013C62E}"}
{"EventID": "300", "Channel": "Microsoft-Windows-DeviceSetupManager/Operational", "Provider_Name": "Microsoft-Windows-DeviceSetupManager", "Computer": "DESKTOP-OFJ6N53", "TimeCreated": "2025-08-19 10:28:50.330706+00:00", "RecordID": "11763", "Level": "4", "UserID": "S-1-5-18", "EventData.Prop_ContainerId": "{AF7BF3EE-ABEF-4E89-BB5A-C05E9F454B37}"}
{"EventID": "300", "Channel": "Microsoft-Windows-DeviceSetupManager/Operational", "Provider_Name": "Microsoft-Windows-DeviceSetupManager", "Computer": "DESKTOP-OFJ6N53", "TimeCreated": "2025-08-20 07:02:05.259388+00:00", "RecordID": "11764", "Level": "4", "UserID": "S-1-5-18", "EventData.Prop_ContainerId": "{6A831137-383E-4011-B3E8-6F77157EA92E}"}
{"EventID": "300", "Channel": "Microsoft-Windows-DeviceSetupManager/Operational", "Provider_Name": "Microsoft-Windows-DeviceSetupManager", "Computer": "DESKTOP-OFJ6N53", "TimeCreated": "2025-08-20 11:44:10.575853+00:00", "RecordID": "11765", "Level": "4", "UserID": "S-1-5-18", "EventData.Prop_ContainerId": "{6D5B05DA-7E94-45D2-88F5-88F6C3A4C719}"}
{"EventID": "300", "Channel": "Microsoft-Windows-DeviceSetupManager/Operational", "Provider_Name": "Microsoft-Windows-DeviceSetupManager", "Computer": "DESKTOP-OFJ6N53", "TimeCreated": "2025-08-20 15:31:35.752375+00:00", "RecordID": "11766", "Level": "4", "UserID": "S-1-5-18", "EventData.Prop_ContainerId": "{D1F62D92-2D82-451E-AEA3-760A2616C515}"}
{"EventID": "300", "Channel": "Microsoft-Windows-DeviceSetupManager/Operational", "Provider_Name": "Microsoft-Windows-DeviceSetupManager", "Computer": "DESKTOP-OFJ6N53", "TimeCreated": "2025-08-20 16:02:51.458975+00:00", "RecordID": "11767", "Level": "4", "UserID": "S-1-5-18", "EventData.Prop_ContainerId": "{1FA540BA-E2FE-4420-8C75-2752C1B44D21}"}
{"EventID": "300", "Channel": "Microsoft-Windows-DeviceSetupManager/Operational", "Provider_Name": "Microsoft-Windows-DeviceSetupManager", "Computer": "DESKTOP-OFJ6N53", "TimeCreated": "2025-08-20 16:34:56.042990+00:00", "RecordID": "11768", "Level": "4", "UserID": "S-1-5-18", "EventData.Prop_ContainerId": "{22D08CEA-C29E-464B-A407-ED7E1E7F95A4}"}
{"EventID": "300", "Channel": "Microsoft-Windows-DeviceSetupManager/Operational", "Provider_Name": "Microsoft-Windows-DeviceSetupManager", "Computer": "DESKTOP-OFJ6N53", "TimeCreated": "2025-08-21 07:47:03.284788+00:00", "RecordID": "11769", "Level": "4", "UserID": "S-1-5-18", "EventData.Prop_ContainerId": "{33198474-161C-4B6D-9D73-5F92F4C7D8C8}"}
{"EventID": "300", "Channel": "Microsoft-Windows-DeviceSetupManager/Operational", "Provider_Name": "Microsoft-Windows-DeviceSetupManager", "Computer": "DESKTOP-OFJ6N53", "TimeCreated": "2025-08-21 08:39:49.775373+00:00", "RecordID": "11770", "Level": "4", "UserID": "S-1-5-18", "EventData.Prop_ContainerId": "{CDDE373F-72A6-43DD-A7AB-1EB5D73D239F}"}
{"EventID": "300", "Channel": "Microsoft-Windows-DeviceSetupManager/Operational", "Provider_Name": "Microsoft-Windows-DeviceSetupManager", "Computer": "DESKTOP-OFJ6N53", "TimeCreated": "2025-08-21 10:10:34.213289+00:00", "RecordID": "11771", "Level": "4", "UserID": "S-1-5-18", "EventData.Prop_ContainerId": "{49F7C10A-9CFD-4554-AFDD-239DA90AB3D3}"}
{"EventID": "300", "Channel": "Microsoft-Windows-DeviceSetupManager/Operational", "Provider_Name": "Microsoft-Windows-DeviceSetupManager", "Computer": "DESKTOP-OFJ6N53", "TimeCreated": "2025-08-21 10:38:44.178999+00:00", "RecordID": "11772", "Level": "4", "UserID": "S-1-5-18", "EventData.Prop_ContainerId": "{493F3E81-784C-4FFF-87B2-3013F8233956}"}
{"EventID": "300", "Channel": "Microsoft-Windows-DeviceSetupManager/Operational", "Provider_Name": "Microsoft-Windows-DeviceSetupManager", "Computer": "DESKTOP-OFJ6N53", "TimeCreated": "2025-08-21 10:42:43.635136+00:00", "RecordID": "11773", "Level": "4", "UserID": "S-1-5-18", "EventData.Prop_ContainerId": "{055ABE1F-B701-452F-8826-1E4A5AD3D2B3}"}
{"EventID": "300", "Channel": "Microsoft-Windows-DeviceSetupManager/Operational", "Provider_Name": "Microsoft-Windows-DeviceSetupManager", "Computer": "DESKTOP-OFJ6N53", "TimeCreated": "2025-08-21 10:46:52.329702+00:00", "RecordID": "11774", "Level": "4", "UserID": "S-1-5-18", "EventData.Prop_ContainerId": "{40BF7D4C-F068-44C8-AEC7-4ACD7F1B3ACE}"}
{"EventID": "300", "Channel": "Microsoft-Windows-DeviceSetupManager/Operational", "Provider_Name": "Microsoft-Windows-DeviceSetupManager", "Computer": "DESKTOP-OFJ6N53", "TimeCreated": "2025-08-21 11:07:06.530041+00:00", "RecordID": "11775", "Level": "4", "UserID": "S-1-5-18", "EventData.Prop_ContainerId": "{2FEB60F8-555C-4E9E-932B-D143BD36E4AC}"}
{"EventID": "300", "Channel": "Microsoft-Windows-DeviceSetupManager/Operational", "Provider_Name": "Microsoft-Windows-DeviceSetupManager", "Computer": "DESKTOP-OFJ6N53", "TimeCreated": "2025-08-21 11:26:43.009010+00:00", "RecordID": "11776", "Level": "4", "UserID": "S-1-5-18", "EventData.Prop_ContainerId": "{5C245CB0-900E-4689-88B1-10513B51D10F}"}
{"EventID": "300", "Channel": "Microsoft-Windows-DeviceSetupManager/Operational", "Provider_Name": "Microsoft-Windows-DeviceSetupManager", "Computer": "DESKTOP-OFJ6N53", "TimeCreated": "2025-08-21 12:09:23.879290+00:00", "RecordID": "11777", "Level": "4", "UserID": "S-1-5-18", "EventData.Prop_ContainerId": "{DF4D79F2-4406-4552-BB11-9236116D50C2}"}
{"EventID": "300", "Channel": "Microsoft-Windows-DeviceSetupManager/Operational", "Provider_Name": "Microsoft-Windows-DeviceSetupManager", "Computer": "DESKTOP-OFJ6N53", "TimeCreated": "2025-08-21 12:23:33.425756+00:00", "RecordID": "11778", "Level": "4", "UserID": "S-1-5-18", "EventData.Prop_ContainerId": "{92A07033-E547-4CE1-8851-CD4E74714630}"}
{"EventID": "300", "Channel": "Microsoft-Windows-DeviceSetupManager/Operational", "Provider_Name": "Microsoft-Windows-DeviceSetupManager", "Computer": "DESKTOP-OFJ6N53", "TimeCreated": "2025-08-21 13:26:20.663532+00:00", "RecordID": "11779", "Level": "4", "UserID": "S-1-5-18", "EventData.Prop_ContainerId": "{527FC370-231E-48F8-B485-3429175D1383}"}
{"EventID": "300", "Channel": "Microsoft-Windows-DeviceSetupManager/Operational", "Provider_Name": "Microsoft-Windows-DeviceSetupManager", "Computer": "DESKTOP-OFJ6N53", "TimeCreated": "2025-08-21 14:44:14.795319+00:00", "RecordID": "11780", "Level": "4", "UserID": "S-1-5-18", "EventData.Prop_ContainerId": "{F57C8FEA-29E1-475A-A0E7-DECD5600B6AB}"}
{"EventID": "300", "Channel": "Microsoft-Windows-DeviceSetupManager/Operational", "Provider_Name": "Microsoft-Windows-DeviceSetupManager", "Computer": "DESKTOP-OFJ6N53", "TimeCreated": "2025-08-22 06:09:20.582851+00:00", "RecordID": "11781", "Level": "4", "UserID": "S-1-5-18", "EventData.Prop_ContainerId": "{CF93DB43-81C1-473A-BEE5-4CF396D386FF}"}
{"EventID": "300", "Channel": "Microsoft-Windows-DeviceSetupManager/Operational", "Provider_Name": "Microsoft-Windows-DeviceSetupManager", "Computer": "DESKTOP-OFJ6N53", "TimeCreated": "2025-08-22 06:29:28.798912+00:00", "RecordID": "11782", "Level": "4", "UserID": "S-1-5-18", "EventData.Prop_ContainerId": "{6D27104A-6C15-451D-AFE4-7DF34A1F2A34}"}
{"EventID": "300", "Channel": "Microsoft-Windows-DeviceSetupManager/Operational", "Provider_Name": "Microsoft-Windows-DeviceSetupManager", "Computer": "DESKTOP-OFJ6N53", "TimeCreated": "2025-08-22 08:17:57.491470+00:00", "RecordID": "11783", "Level": "4", "UserID": "S-1-5-18", "EventData.Prop_ContainerId": "{DC68A019-7A05-4E0A-B045-F370F8C550FF}"}
{"EventID": "300", "Channel": "Microsoft-Windows-DeviceSetupManager/Operational", "Provider_Name": "Microsoft-Windows-DeviceSetupManager", "Computer": "DESKTOP-OFJ6N53", "TimeCreated": "2025-08-22 08:24:19.138950+00:00", "RecordID": "11784", "Level": "4", "UserID": "S-1-5-18", "EventData.Prop_ContainerId": "{CAA923E9-0800-4D34-B894-BBE1E289EFDD}"}
{"EventID": "300", "Channel": "Microsoft-Windows-DeviceSetupManager/Operational", "Provider_Name": "Microsoft-Windows-DeviceSetupManager", "Computer": "DESKTOP-OFJ6N53", "TimeCreated": "2025-08-22 12:53:23.811319+00:00", "RecordID": "11785", "Level": "4", "UserID": "S-1-5-18", "EventData.Prop_ContainerId": "{5FA11132-1B6F-4510-B347-2F101845453A}"}
{"EventID": "300", "Channel": "Microsoft-Windows-DeviceSetupManager/Operational", "Provider_Name": "Microsoft-Windows-DeviceSetupManager", "Computer": "DESKTOP-OFJ6N53", "TimeCreated": "2025-08-22 13:13:20.320688+00:00", "RecordID": "11786", "Level": "4", "UserID": "S-1-5-18", "EventData.Prop_ContainerId": "{EFF7A9E1-1159-4855-BF66-3DB2C75DFAF4}"}
{"EventID": "300", "Channel": "Microsoft-Windows-DeviceSetupManager/Operational", "Provider_Name": "Microsoft-Windows-DeviceSetupManager", "Computer": "DESKTOP-OFJ6N53", "TimeCreated": "2025-08-23 15:36:27.915503+00:00", "RecordID": "11787", "Level": "4", "UserID": "S-1-5-18", "EventData.Prop_ContainerId": "{1E9AC540-DBCE-487D-A1DD-A9614AE7F2D3}"}
{"EventID": "300", "Channel": "Microsoft-Windows-DeviceSetupManager/Operational", "Provider_Name": "Microsoft-Windows-DeviceSetupManager", "Computer": "DESKTOP-OFJ6N53", "TimeCreated": "2025-08-23 16:02:15.456888+00:00", "RecordID": "11788", "Level": "4", "UserID": "S-1-5-18", "EventData.Prop_ContainerId": "{E12006CB-4D53-47CE-8942-F3707360C482}"}
{"EventID": "300", "Channel": "Microsoft-Windows-DeviceSetupManager/Operational", "Provider_Name": "Microsoft-Windows-DeviceSetupManager", "Computer": "DESKTOP-OFJ6N53", "TimeCreated": "2025-08-23 16:32:14.866440+00:00", "RecordID": "11789", "Level": "4", "UserID": "S-1-5-18", "EventData.Prop_ContainerId": "{EFDAAF64-53B7-45C6-A9D3-0494AAE791AF}"}
{"EventID": "300", "Channel": "Microsoft-Windows-DeviceSetupManager/Operational", "Provider_Name": "Microsoft-Windows-DeviceSetupManager", "Computer": "DESKTOP-OFJ6N53", "TimeCreated": "2025-08-23 16:32:15.661095+00:00", "RecordID": "11790", "Level": "4", "UserID": "S-1-5-18", "EventData.Prop_ContainerId": "{4135799E-D756-4183-AE4D-07DC4655C342}"}
{"EventID": "300", "Channel": "Microsoft-Windows-DeviceSetupManager/Operational", "Provider_Name": "Microsoft-Windows-DeviceSetupManager", "Computer": "DESKTOP-OFJ6N53", "TimeCreated": "2025-08-23 18:13:08.831230+00:00", "RecordID": "11791", "Level": "4", "UserID": "S-1-5-18", "EventData.Prop_ContainerId": "{358B3B7D-34CC-45B2-A379-09FD77E2512F}"}
{"EventID": "300", "Channel": "Microsoft-Windows-DeviceSetupManager/Operational", "Provider_Name": "Microsoft-Windows-DeviceSetupManager", "Computer": "DESKTOP-OFJ6N53", "TimeCreated": "2025-08-23 18:59:05.700285+00:00", "RecordID": "11792", "Level": "4", "UserID": "S-1-5-18", "EventData.Prop_ContainerId": "{E2D259C8-738B-49DA-A38F-F0143EA12CDB}"}
{"EventID": "300", "Channel": "Microsoft-Windows-DeviceSetupManager/Operational", "Provider_Name": "Microsoft-Windows-DeviceSetupManager", "Computer": "DESKTOP-OFJ6N53", "TimeCreated": "2025-08-23 19:08:16.127571+00:00", "RecordID": "11793", "Level": "4", "UserID": "S-1-5-18", "EventData.Prop_ContainerId": "{05254FAC-77CB-441D-A4F8-86D58B1121F0}"}
{"EventID": "300", "Channel": "Microsoft-Windows-DeviceSetupManager/Operational", "Provider_Name": "Microsoft-Windows-DeviceSetupManager", "Computer": "DESKTOP-OFJ6N53", "TimeCreated": "2025-08-23 19:40:29.241472+00:00", "RecordID": "11794", "Level": "4", "UserID": "S-1-5-18", "EventData.Prop_ContainerId": "{1B997B1D-784B-4291-B0D3-FB265649F84B}"}
{"EventID": "300", "Channel": "Microsoft-Windows-DeviceSetupManager/Operational", "Provider_Name": "Microsoft-Windows-DeviceSetupManager", "Computer": "DESKTOP-OFJ6N53", "TimeCreated": "2025-08-23 20:04:38.879368+00:00", "RecordID": "11795", "Level": "4", "UserID": "S-1-5-18", "EventData.Prop_ContainerId": "{CE297D92-C8F8-4B37-9EED-26E9509FA17E}"}
{"EventID": "300", "Channel": "Microsoft-Windows-DeviceSetupManager/Operational", "Provider_Name": "Microsoft-Windows-DeviceSetupManager", "Computer": "DESKTOP-OFJ6N53", "TimeCreated": "2025-08-23 20:31:10.526508+00:00", "RecordID": "11796", "Level": "4", "UserID": "S-1-5-18", "EventData.Prop_ContainerId": "{1CE44CDB-E98F-4E5F-8D85-3E11B443D1E7}"}
{"EventID": "300", "Channel": "Microsoft-Windows-DeviceSetupManager/Operational", "Provider_Name": "Microsoft-Windows-DeviceSetupManager", "Computer": "DESKTOP-OFJ6N53", "TimeCreated": "2025-08-23 20:33:36.642508+00:00", "RecordID": "11797", "Level": "4", "UserID": "S-1-5-18", "EventData.Prop_ContainerId": "{71D663AD-258A-48FA-85EB-823C5F7CD679}"}
{"EventID": "300", "Channel": "Microsoft-Windows-DeviceSetupManager/Operational", "Provider_Name": "Microsoft-Windows-DeviceSetupManager", "Computer": "DESKTOP-OFJ6N53", "TimeCreated": "2025-08-23 20:34:06.326918+00:00", "RecordID": "11798", "Level": "4", "UserID": "S-1-5-18", "EventData.Prop_ContainerId": "{095071B6-4794-4A08-AD13-BF7B17A3092D}"}
{"EventID": "300", "Channel": "Microsoft-Windows-DeviceSetupManager/Operational", "Provider_Name": "Microsoft-Windows-DeviceSetupManager", "Computer": "DESKTOP-OFJ6N53", "TimeCreated": "2025-08-25 07:51:10.147503+00:00", "RecordID": "11799", "Level": "4", "UserID": "S-1-5-18", "EventData.Prop_ContainerId": "{34B737D2-3A3B-46EE-BC94-90E1D4EEC69A}"}
{"EventID": "300", "Channel": "Microsoft-Windows-DeviceSetupManager/Operational", "Provider_Name": "Microsoft-Windows-DeviceSetupManager", "Computer": "DESKTOP-OFJ6N53", "TimeCreated": "2025-08-25 10:31:53.567942+00:00", "RecordID": "11800", "Level": "4", "UserID": "S-1-5-18", "EventData.Prop_ContainerId": "{62A64A69-3500-46CD-B640-12DE4CF1E58D}"}
{"EventID": "300", "Channel": "Microsoft-Windows-DeviceSetupManager/Operational", "Provider_Name": "Microsoft-Windows-DeviceSetupManager", "Computer": "DESKTOP-OFJ6N53", "TimeCreated": "2025-08-25 10:48:56.187239+00:00", "RecordID": "11801", "Level": "4", "UserID": "S-1-5-18", "EventData.Prop_ContainerId": "{49184440-BFA0-4B70-BB74-D402F038EBB0}"}
{"EventID": "300", "Channel": "Microsoft-Windows-DeviceSetupManager/Operational", "Provider_Name": "Microsoft-Windows-DeviceSetupManager", "Computer": "DESKTOP-OFJ6N53", "TimeCreated": "2025-08-25 11:49:14.619698+00:00", "RecordID": "11802", "Level": "4", "UserID": "S-1-5-18", "EventData.Prop_ContainerId": "{EC39A25A-7D3E-46F6-9C80-32CCC32B45C9}"}
{"EventID": "300", "Channel": "Microsoft-Windows-DeviceSetupManager/Operational", "Provider_Name": "Microsoft-Windows-DeviceSetupManager", "Computer": "DESKTOP-OFJ6N53", "TimeCreated": "2025-08-25 12:55:47.046289+00:00", "RecordID": "11803", "Level": "4", "UserID": "S-1-5-18", "EventData.Prop_ContainerId": "{4BDDA66D-070D-450A-A6AA-7B8CD5753DB7}"}
{"EventID": "300", "Channel": "Microsoft-Windows-DeviceSetupManager/Operational", "Provider_Name": "Microsoft-Windows-DeviceSetupManager", "Computer": "DESKTOP-OFJ6N53", "TimeCreated": "2025-08-25 15:55:54.904566+00:00", "RecordID": "11804", "Level": "4", "UserID": "S-1-5-18", "EventData.Prop_ContainerId": "{E3394825-A286-48FC-9C63-BFD90B403D24}"}
{"EventID": "300", "Channel": "Microsoft-Windows-DeviceSetupManager/Operational", "Provider_Name": "Microsoft-Windows-DeviceSetupManager", "Computer": "DESKTOP-OFJ6N53", "TimeCreated": "2025-08-25 15:57:42.677338+00:00", "RecordID": "11805", "Level": "4", "UserID": "S-1-5-18", "EventData.Prop_ContainerId": "{DB5BC3BD-45D2-4F3A-9553-3BF3AF2ACFFF}"}
{"EventID": "300", "Channel": "Microsoft-Windows-DeviceSetupManager/Operational", "Provider_Name": "Microsoft-Windows-DeviceSetupManager", "Computer": "DESKTOP-OFJ6N53", "TimeCreated": "2025-08-25 16:16:58.686989+00:00", "RecordID": "11806", "Level": "4", "UserID": "S-1-5-18", "EventData.Prop_ContainerId": "{06263A03-4567-4732-AA25-9E67C49251DB}"}
{"EventID": "300", "Channel": "Microsoft-Windows-DeviceSetupManager/Operational", "Provider_Name": "Microsoft-Windows-DeviceSetupManager", "Computer": "DESKTOP-OFJ6N53", "TimeCreated": "2025-08-25 17:32:31.352423+00:00", "RecordID": "11807", "Level": "4", "UserID": "S-1-5-18", "EventData.Prop_ContainerId": "{860C9892-29CB-4BC4-8CFC-55346E0491D5}"}
{"EventID": "300", "Channel": "Microsoft-Windows-DeviceSetupManager/Operational", "Provider_Name": "Microsoft-Windows-DeviceSetupManager", "Computer": "DESKTOP-OFJ6N53", "TimeCreated": "2025-08-25 20:25:52.394176+00:00", "RecordID": "11808", "Level": "4", "UserID": "S-1-5-18", "EventData.Prop_ContainerId": "{C0C2C790-1485-4985-ABCD-368B1D8E8B52}"}
{"EventID": "300", "Channel": "Microsoft-Windows-DeviceSetupManager/Operational", "Provider_Name": "Microsoft-Windows-DeviceSetupManager", "Computer": "DESKTOP-OFJ6N53", "TimeCreated": "2025-08-26 07:07:45.225185+00:00", "RecordID": "11809", "Level": "4", "UserID": "S-1-5-18", "EventData.Prop_ContainerId": "{364B1C6A-71E4-4284-8E00-CBAB01A9C6D0}"}
{"EventID": "300", "Channel": "Microsoft-Windows-DeviceSetupManager/Operational", "Provider_Name": "Microsoft-Windows-DeviceSetupManager", "Computer": "DESKTOP-OFJ6N53", "TimeCreated": "2025-08-26 07:15:42.973459+00:00", "RecordID": "11810", "Level": "4", "UserID": "S-1-5-18", "EventData.Prop_ContainerId": "{05071617-A41D-4923-AB70-8D180953A092}"}
{"EventID": "300", "Channel": "Microsoft-Windows-DeviceSetupManager/Operational", "Provider_Name": "Microsoft-Windows-DeviceSetupManager", "Computer": "DESKTOP-OFJ6N53", "TimeCreated": "2025-08-26 09:55:01.198231+00:00", "RecordID": "11811", "Level": "4", "UserID": "S-1-5-18", "EventData.Prop_ContainerId": "{21E10117-0F42-4B66-8682-368CDC6D5E39}"}
{"EventID": "300", "Channel": "Microsoft-Windows-DeviceSetupManager/Operational", "Provider_Name": "Microsoft-Windows-DeviceSetupManager", "Computer": "DESKTOP-OFJ6N53", "TimeCreated": "2025-08-26 09:58:32.619659+00:00", "RecordID": "11812", "Level": "4", "UserID": "S-1-5-18", "EventData.Prop_ContainerId": "{1CD2BC79-A98A-4F86-A298-79A4298A39BD}"}
{"EventID": "301", "Channel": "Microsoft-Windows-DeviceSetupManager/Operational", "Provider_Name": "Microsoft-Windows-DeviceSetupManager", "Computer": "DESKTOP-OFJ6N53", "TimeCreated": "2023-07-11 08:43:05.628033+00:00", "RecordID": "9783", "Level": "4", "UserID": "S-1-5-18", "EventData.Prop_ContainerId": "{C641391B-F276-0E02-33FF-F4A08F4AF52E}"}
{"EventID": "300", "Channel": "Microsoft-Windows-DeviceSetupManager/Operational", "Provider_Name": "Microsoft-Windows-DeviceSetupManager", "Computer": "DESKTOP-OFJ6N53", "TimeCreated": "2023-07-11 10:51:13.900778+00:00", "RecordID": "9784", "Level": "4", "UserID": "S-1-5-18", "EventData.Prop_ContainerId": "{C19AA0D5-3F8B-4AB4-A93C-9E437C9181B5}"}
{"EventID": "301", "Channel": "Microsoft-Windows-DeviceSetupManager/Operational", "Provider_Name": "Microsoft-Windows-DeviceSetupManager", "Computer": "DESKTOP-OFJ6N53", "TimeCreated": "2023-07-11 10:51:14.906124+00:00", "RecordID": "9785", "Level": "4", "UserID": "S-1-5-18", "EventData.Prop_ContainerId": "{C19AA0D5-3F8B-4AB4-A93C-9E437C9181B5}"}
{"EventID": "301", "Channel": "Microsoft-Windows-DeviceSetupManager/Operational", "Provider_Name": "Microsoft-Windows-DeviceSetupManager", "Computer": "DESKTOP-OFJ6N53", "TimeCreated": "2023-07-11 10:51:15.175049+00:00", "RecordID": "9786", "Level": "4", "UserID": "S-1-5-18", "EventData.Prop_ContainerId": "{00000000-0000-0000-FFFF-FFFFFFFFFFFF}"}
{"EventID": "301", "Channel": "Microsoft-Windows-DeviceSetupManager/Operational", "Provider_Name": "Microsoft-Windows-DeviceSetupManager", "Computer": "DESKTOP-OFJ6N53", "TimeCreated": "2023-07-11 10:51:15.461611+00:00", "RecordID": "9787", "Level": "4", "UserID": "S-1-5-18", "EventData.Prop_ContainerId": "{9255C28B-421B-FD2A-4CA7-D7BAC659C1BD}"}
{"EventID": "301", "Channel": "Microsoft-Windows-DeviceSetupManager/Operational", "Provider_Name": "Microsoft-Windows-DeviceSetupManager", "Computer": "DESKTOP-OFJ6N53", "TimeCreated": "2023-07-11 10:51:20.806435+00:00", "RecordID": "9788", "Level": "4", "UserID": "S-1-5-18", "EventData.Prop_ContainerId": "{9FDB06AE-3C11-C5C2-6F79-B527957711B5}"}
{"EventID": "301", "Channel": "Microsoft-Windows-DeviceSetupManager/Operational", "Provider_Name": "Microsoft-Windows-DeviceSetupManager", "Computer": "DESKTOP-OFJ6N53", "TimeCreated": "2023-07-11 10:51:23.451996+00:00", "RecordID": "9789", "Level": "4", "UserID": "S-1-5-18", "EventData.Prop_ContainerId": "{54F0286C-EA13-0B79-04AC-ED9E98FB1596}"}
{"EventID": "301", "Channel": "Microsoft-Windows-DeviceSetupManager/Operational", "Provider_Name": "Microsoft-Windows-DeviceSetupManager", "Computer": "DESKTOP-OFJ6N53", "TimeCreated": "2023-07-11 10:51:25.853329+00:00", "RecordID": "9790", "Level": "4", "UserID": "S-1-5-18", "EventData.Prop_ContainerId": "{C8BA3767-041C-707A-48E3-B5E7FCFD8653}"}
{"EventID": "301", "Channel": "Microsoft-Windows-DeviceSetupManager/Operational", "Provider_Name": "Microsoft-Windows-DeviceSetupManager", "Computer": "DESKTOP-OFJ6N53", "TimeCreated": "2023-07-11 10:51:27.440845+00:00", "RecordID": "9791", "Level": "4", "UserID": "S-1-5-18", "EventData.Prop_ContainerId": "{C2AFB711-E01D-B859-69EE-8DFDB945EBF1}"}
{"EventID": "301", "Channel": "Microsoft-Windows-DeviceSetupManager/Operational", "Provider_Name": "Microsoft-Windows-DeviceSetupManager", "Computer": "DESKTOP-OFJ6N53", "TimeCreated": "2023-07-11 10:51:28.849392+00:00", "RecordID": "9792", "Level": "4", "UserID": "S-1-5-18", "EventData.Prop_ContainerId": "{C641391B-F276-0E02-33FF-F4A08F4AF52E}"}
{"EventID": "301", "Channel": "Microsoft-Windows-DeviceSetupManager/Operational", "Provider_Name": "Microsoft-Windows-DeviceSetupManager", "Computer": "DESKTOP-OFJ6N53", "TimeCreated": "2023-07-11 10:51:30.944672+00:00", "RecordID": "9793", "Level": "4", "UserID": "S-1-5-18", "EventData.Prop_ContainerId": "{F12ED10B-DE75-2C0C-5FA7-C264A3B6CB55}"}
{"EventID": "301", "Channel": "Microsoft-Windows-DeviceSetupManager/Operational", "Provider_Name": "Microsoft-Windows-DeviceSetupManager", "Computer": "DESKTOP-OFJ6N53", "TimeCreated": "2023-07-11 10:51:33.099621+00:00", "RecordID": "9794", "Level": "4", "UserID": "S-1-5-18", "EventData.Prop_ContainerId": "{ECC1E499-5EFD-039D-5887-23C2BD87E9A7}"}
{"EventID": "300", "Channel": "Microsoft-Windows-DeviceSetupManager/Operational", "Provider_Name": "Microsoft-Windows-DeviceSetupManager", "Computer": "DESKTOP-OFJ6N53", "TimeCreated": "2023-07-13 08:39:56.686481+00:00", "RecordID": "9795", "Level": "4", "UserID": "S-1-5-18", "EventData.Prop_ContainerId": "{7863090D-126E-4259-B9E5-E1462A50AA2E}"}
{"EventID": "301", "Channel": "Microsoft-Windows-DeviceSetupManager/Operational", "Provider_Name": "Microsoft-Windows-DeviceSetupManager", "Computer": "DESKTOP-OFJ6N53", "TimeCreated": "2023-07-13 08:39:57.176039+00:00", "RecordID": "9796", "Level": "4", "UserID": "S-1-5-18", "EventData.Prop_ContainerId": "{7863090D-126E-4259-B9E5-E1462A50AA2E}"}
{"EventID": "301", "Channel": "Microsoft-Windows-DeviceSetupManager/Operational", "Provider_Name": "Microsoft-Windows-DeviceSetupManager", "Computer": "DESKTOP-OFJ6N53", "TimeCreated": "2023-07-13 08:39:57.967270+00:00", "RecordID": "9797", "Level": "4", "UserID": "S-1-5-18", "EventData.Prop_ContainerId": "{00000000-0000-0000-FFFF-FFFFFFFFFFFF}"}
{"EventID": "301", "Channel": "Microsoft-Windows-DeviceSetupManager/Operational", "Provider_Name": "Microsoft-Windows-DeviceSetupManager", "Computer": "DESKTOP-OFJ6N53", "TimeCreated": "2023-07-13 08:40:00.443281+00:00", "RecordID": "9798", "Level": "4", "UserID": "S-1-5-18", "EventData.Prop_ContainerId": "{9255C28B-421B-FD2A-4CA7-D7BAC659C1BD}"}
{"EventID": "301", "Channel": "Microsoft-Windows-DeviceSetupManager/Operational", "Provider_Name": "Microsoft-Windows-DeviceSetupManager", "Computer": "DESKTOP-OFJ6N53", "TimeCreated": "2023-07-13 08:40:03.100300+00:00", "RecordID": "9799", "Level": "4", "UserID": "S-1-5-18", "EventData.Prop_ContainerId": "{C8BA3767-041C-707A-48E3-B5E7FCFD8653}"}
{"EventID": "301", "Channel": "Microsoft-Windows-DeviceSetupManager/Operational", "Provider_Name": "Microsoft-Windows-DeviceSetupManager", "Computer": "DESKTOP-OFJ6N53", "TimeCreated": "2023-07-13 08:40:05.727030+00:00", "RecordID": "9800", "Level": "4", "UserID": "S-1-5-18", "EventData.Prop_ContainerId": "{54F0286C-EA13-0B79-04AC-ED9E98FB1596}"}
{"EventID": "301", "Channel": "Microsoft-Windows-DeviceSetupManager/Operational", "Provider_Name": "Microsoft-Windows-DeviceSetupManager", "Computer": "DESKTOP-OFJ6N53", "TimeCreated": "2023-07-13 08:40:06.647867+00:00", "RecordID": "9801", "Level": "4", "UserID": "S-1-5-18", "EventData.Prop_ContainerId": "{F12ED10B-DE75-2C0C-5FA7-C264A3B6CB55}"}
{"EventID": "301", "Channel": "Microsoft-Windows-DeviceSetupManager/Operational", "Provider_Name": "Microsoft-Windows-DeviceSetupManager", "Computer": "DESKTOP-OFJ6N53", "TimeCreated": "2023-07-13 08:40:08.459768+00:00", "RecordID": "9802", "Level": "4", "UserID": "S-1-5-18", "EventData.Prop_ContainerId": "{C641391B-F276-0E02-33FF-F4A08F4AF52E}"}
{"EventID": "301", "Channel": "Microsoft-Windows-DeviceSetupManager/Operational", "Provider_Name": "Microsoft-Windows-DeviceSetupManager", "Computer": "DESKTOP-OFJ6N53", "TimeCreated": "2023-07-13 08:40:09.920637+00:00", "RecordID": "9803", "Level": "4", "UserID": "S-1-5-18", "EventData.Prop_ContainerId": "{9FDB06AE-3C11-C5C2-6F79-B527957711B5}"}
{"EventID": "301", "Channel": "Microsoft-Windows-DeviceSetupManager/Operational", "Provider_Name": "Microsoft-Windows-DeviceSetupManager", "Computer": "DESKTOP-OFJ6N53", "TimeCreated": "2023-07-13 08:40:11.778765+00:00", "RecordID": "9804", "Level": "4", "UserID": "S-1-5-18", "EventData.Prop_ContainerId": "{C2AFB711-E01D-B859-69EE-8DFDB945EBF1}"}
{"EventID": "301", "Channel": "Microsoft-Windows-DeviceSetupManager/Operational", "Provider_Name": "Microsoft-Windows-DeviceSetupManager", "Computer": "DESKTOP-OFJ6N53", "TimeCreated": "2023-07-13 08:40:13.578630+00:00", "RecordID": "9805", "Level": "4", "UserID": "S-1-5-18", "EventData.Prop_ContainerId": "{ECC1E499-5EFD-039D-5887-23C2BD87E9A7}"}
{"EventID": "301", "Channel": "Microsoft-Windows-DeviceSetupManager/Operational", "Provider_Name": "Microsoft-Windows-DeviceSetupManager", "Computer": "DESKTOP-OFJ6N53", "TimeCreated": "2023-07-15 08:40:56.961077+00:00", "RecordID": "9806", "Level": "4", "UserID": "S-1-5-18", "EventData.Prop_ContainerId": "{D397268A-724C-B4EF-D641-C9234BA2948B}"}
{"EventID": "301", "Channel": "Microsoft-Windows-DeviceSetupManager/Operational", "Provider_Name": "Microsoft-Windows-DeviceSetupManager", "Computer": "DESKTOP-OFJ6N53", "TimeCreated": "2023-07-15 08:40:57.216223+00:00", "RecordID": "9807", "Level": "4", "UserID": "S-1-5-18", "EventData.Prop_ContainerId": "{0A568158-2954-F19C-89F3-03ACAEE1F85E}"}
{"EventID": "301", "Channel": "Microsoft-Windows-DeviceSetupManager/Operational", "Provider_Name": "Microsoft-Windows-DeviceSetupManager", "Computer": "DESKTOP-OFJ6N53", "TimeCreated": "2023-07-15 08:40:57.468594+00:00", "RecordID": "9808", "Level": "4", "UserID": "S-1-5-18", "EventData.Prop_ContainerId": "{2572A968-954B-11EC-A6B8-806E6F6E6963}"}
{"EventID": "301", "Channel": "Microsoft-Windows-DeviceSetupManager/Operational", "Provider_Name": "Microsoft-Windows-DeviceSetupManager", "Computer": "DESKTOP-OFJ6N53", "TimeCreated": "2023-07-15 08:40:57.722179+00:00", "RecordID": "9809", "Level": "4", "UserID": "S-1-5-18", "EventData.Prop_ContainerId": "{CA0E9E80-3E97-FCAC-730A-8CB080FA2581}"}
{"EventID": "301", "Channel": "Microsoft-Windows-DeviceSetupManager/Operational", "Provider_Name": "Microsoft-Windows-DeviceSetupManager", "Computer": "DESKTOP-OFJ6N53", "TimeCreated": "2023-07-15 08:40:57.973680+00:00", "RecordID": "9810", "Level": "4", "UserID": "S-1-5-18", "EventData.Prop_ContainerId": "{2572A948-954B-11EC-A6B8-806E6F6E6963}"}
{"EventID": "301", "Channel": "Microsoft-Windows-DeviceSetupManager/Operational", "Provider_Name": "Microsoft-Windows-DeviceSetupManager", "Computer": "DESKTOP-OFJ6N53", "TimeCreated": "2023-07-15 08:40:58.223301+00:00", "RecordID": "9811", "Level": "4", "UserID": "S-1-5-18", "EventData.Prop_ContainerId": "{B01CB9B2-9E9C-11EC-A6BD-00059A3C7A00}"}
{"EventID": "301", "Channel": "Microsoft-Windows-DeviceSetupManager/Operational", "Provider_Name": "Microsoft-Windows-DeviceSetupManager", "Computer": "DESKTOP-OFJ6N53", "TimeCreated": "2023-07-15 08:40:58.476717+00:00", "RecordID": "9812", "Level": "4", "UserID": "S-1-5-18", "EventData.Prop_ContainerId": "{EB3E824A-9B15-11EC-A6BD-00059A3C7A00}"}
{"EventID": "301", "Channel": "Microsoft-Windows-DeviceSetupManager/Operational", "Provider_Name": "Microsoft-Windows-DeviceSetupManager", "Computer": "DESKTOP-OFJ6N53", "TimeCreated": "2023-07-15 08:40:58.723703+00:00", "RecordID": "9813", "Level": "4", "UserID": "S-1-5-18", "EventData.Prop_ContainerId": "{2572A954-954B-11EC-A6B8-806E6F6E6963}"}
{"EventID": "301", "Channel": "Microsoft-Windows-DeviceSetupManager/Operational", "Provider_Name": "Microsoft-Windows-DeviceSetupManager", "Computer": "DESKTOP-OFJ6N53", "TimeCreated": "2023-07-15 08:40:58.974998+00:00", "RecordID": "9814", "Level": "4", "UserID": "S-1-5-18", "EventData.Prop_ContainerId": "{EB3E8249-9B15-11EC-A6BD-00059A3C7A00}"}
{"EventID": "301", "Channel": "Microsoft-Windows-DeviceSetupManager/Operational", "Provider_Name": "Microsoft-Windows-DeviceSetupManager", "Computer": "DESKTOP-OFJ6N53", "TimeCreated": "2023-07-15 08:40:59.231091+00:00", "RecordID": "9815", "Level": "4", "UserID": "S-1-5-18", "EventData.Prop_ContainerId": "{298580E3-E0E9-5B21-9699-52225753EF2E}"}
{"EventID": "301", "Channel": "Microsoft-Windows-DeviceSetupManager/Operational", "Provider_Name": "Microsoft-Windows-DeviceSetupManager", "Computer": "DESKTOP-OFJ6N53", "TimeCreated": "2023-07-15 08:40:59.483032+00:00", "RecordID": "9816", "Level": "4", "UserID": "S-1-5-18", "EventData.Prop_ContainerId": "{2572A947-954B-11EC-A6B8-806E6F6E6963}"}
{"EventID": "301", "Channel": "Microsoft-Windows-DeviceSetupManager/Operational", "Provider_Name": "Microsoft-Windows-DeviceSetupManager", "Computer": "DESKTOP-OFJ6N53", "TimeCreated": "2023-07-15 08:40:59.732319+00:00", "RecordID": "9817", "Level": "4", "UserID": "S-1-5-18", "EventData.Prop_ContainerId": "{2572A949-954B-11EC-A6B8-806E6F6E6963}"}
{"EventID": "301", "Channel": "Microsoft-Windows-DeviceSetupManager/Operational", "Provider_Name": "Microsoft-Windows-DeviceSetupManager", "Computer": "DESKTOP-OFJ6N53", "TimeCreated": "2023-07-15 08:40:59.985649+00:00", "RecordID": "9818", "Level": "4", "UserID": "S-1-5-18", "EventData.Prop_ContainerId": "{D48384F2-EA6A-1C60-7C38-8B496974A0A5}"}
