{"EventID": "1052", "Channel": "Microsoft-Windows-WebAuthN/Operational", "Provider_Name": "Microsoft-Windows-WebAuthN", "Computer": "DESKTOP-OFJ6N53", "TimeCreated": "2025-01-27 12:44:43.241253+00:00", "RecordID": "346", "Level": "4", "UserID": "S-1-5-21-963789628-1060504924-4285088085-1001", "EventData.TransactionId": "{aa77ddb5-22be-48a4-afc2-bd1b47996e0e}", "EventData.Error": "0x00000000", "EventData.HResult": "0", "EventData.RemoteRpcResponseLength": "4", "EventData.RemoteRpcResponse": "AQAAAA=="}
{"EventID": "1070", "Channel": "Microsoft-Windows-WebAuthN/Operational", "Provider_Name": "Microsoft-Windows-WebAuthN", "Computer": "DESKTOP-OFJ6N53", "TimeCreated": "2025-01-27 12:44:43.241274+00:00", "RecordID": "347", "Level": "4", "UserID": "S-1-5-21-963789628-1060504924-4285088085-1001", "EventData.value": "True", "EventData.Error": "0x00000000", "EventData.HResult": "0"}
{"EventID": "1050", "Channel": "Microsoft-Windows-WebAuthN/Operational", "Provider_Name": "Microsoft-Windows-WebAuthN", "Computer": "DESKTOP-OFJ6N53", "TimeCreated": "2025-01-27 12:44:43.290770+00:00", "RecordID": "348", "Level": "4", "UserID": "S-1-5-21-963789628-1060504924-4285088085-1001", "EventData.TransactionId": "{96b98162-121b-4c62-9e2c-8b6400ac6f87}", "EventData.RemoteRpcRequestLength": "57", "EventData.RemoteRpcRequest": "pGdjb21tYW5kBmVmbGFncwBndGltZW91dABtdHJhbnNhY3Rpb25JZFAAAAAAAAAAAAAAAAAAAAAA"}
{"EventID": "1052", "Channel": "Microsoft-Windows-WebAuthN/Operational", "Provider_Name": "Microsoft-Windows-WebAuthN", "Computer": "DESKTOP-OFJ6N53", "TimeCreated": "2025-01-27 12:44:43.399101+00:00", "RecordID": "349", "Level": "4", "UserID": "S-1-5-21-963789628-1060504924-4285088085-1001", "EventData.TransactionId": "{96b98162-121b-4c62-9e2c-8b6400ac6f87}", "EventData.Error": "0x00000000", "EventData.HResult": "0", "EventData.RemoteRpcResponseLength": "4", "EventData.RemoteRpcResponse": "AQAAAA=="}
{"EventID": "1070", "Channel": "Microsoft-Windows-WebAuthN/Operational", "Provider_Name": "Microsoft-Windows-WebAuthN", "Computer": "DESKTOP-OFJ6N53", "TimeCreated": "2025-01-27 12:44:43.399118+00:00", "RecordID": "350", "Level": "4", "UserID": "S-1-5-21-963789628-1060504924-4285088085-1001", "EventData.value": "True", "EventData.Error": "0x00000000", "EventData.HResult": "0"}
{"EventID": "1050", "Channel": "Microsoft-Windows-WebAuthN/Operational", "Provider_Name": "Microsoft-Windows-WebAuthN", "Computer": "DESKTOP-OFJ6N53", "TimeCreated": "2025-02-03 12:52:21.723341+00:00", "RecordID": "351", "Level": "4", "UserID": "S-1-5-21-963789628-1060504924-4285088085-1001", "EventData.TransactionId": "{a82fa339-ba97-4c56-b128-e0f71897b71c}", "EventData.RemoteRpcRequestLength": "57", "EventData.RemoteRpcRequest": "pGdjb21tYW5kCGVmbGFncwBndGltZW91dABtdHJhbnNhY3Rpb25JZFAAAAAAAAAAAAAAAAAAAAAA"}
{"EventID": "1052", "Channel": "Microsoft-Windows-WebAuthN/Operational", "Provider_Name": "Microsoft-Windows-WebAuthN", "Computer": "DESKTOP-OFJ6N53", "TimeCreated": "2025-02-03 12:52:21.739218+00:00", "RecordID": "352", "Level": "4", "UserID": "S-1-5-21-963789628-1060504924-4285088085-1001", "EventData.TransactionId": "{a82fa339-ba97-4c56-b128-e0f71897b71c}", "EventData.Error": "0x00000000", "EventData.HResult": "0", "EventData.RemoteRpcResponseLength": "4", "EventData.RemoteRpcResponse": "AgAAAA=="}
{"EventID": "1071", "Channel": "Microsoft-Windows-WebAuthN/Operational", "Provider_Name": "Microsoft-Windows-WebAuthN", "Computer": "DESKTOP-OFJ6N53", "TimeCreated": "2025-02-03 12:52:21.739248+00:00", "RecordID": "353", "Level": "4", "UserID": "S-1-5-21-963789628-1060504924-4285088085-1001", "EventData.value": "2", "EventData.Error": "0x00000000", "EventData.HResult": "0"}
{"EventID": "1050", "Channel": "Microsoft-Windows-WebAuthN/Operational", "Provider_Name": "Microsoft-Windows-WebAuthN", "Computer": "DESKTOP-OFJ6N53", "TimeCreated": "2025-02-05 13:52:26.825752+00:00", "RecordID": "354", "Level": "4", "UserID": "S-1-5-21-963789628-1060504924-4285088085-1001", "EventData.TransactionId": "{eb3a44cc-518d-4318-83f1-d46cd1905d3c}", "EventData.RemoteRpcRequestLength": "57", "EventData.RemoteRpcRequest": "pGdjb21tYW5kCGVmbGFncwBndGltZW91dABtdHJhbnNhY3Rpb25JZFAAAAAAAAAAAAAAAAAAAAAA"}
{"EventID": "1052", "Channel": "Microsoft-Windows-WebAuthN/Operational", "Provider_Name": "Microsoft-Windows-WebAuthN", "Computer": "DESKTOP-OFJ6N53", "TimeCreated": "2025-02-05 13:52:26.838802+00:00", "RecordID": "355", "Level": "4", "UserID": "S-1-5-21-963789628-1060504924-4285088085-1001", "EventData.TransactionId": "{eb3a44cc-518d-4318-83f1-d46cd1905d3c}", "EventData.Error": "0x00000000", "EventData.HResult": "0", "EventData.RemoteRpcResponseLength": "4", "EventData.RemoteRpcResponse": "AgAAAA=="}
{"EventID": "1071", "Channel": "Microsoft-Windows-WebAuthN/Operational", "Provider_Name": "Microsoft-Windows-WebAuthN", "Computer": "DESKTOP-OFJ6N53", "TimeCreated": "2025-02-05 13:52:26.838825+00:00", "RecordID": "356", "Level": "4", "UserID": "S-1-5-21-963789628-1060504924-4285088085-1001", "EventData.value": "2", "EventData.Error": "0x00000000", "EventData.HResult": "0"}
{"EventID": "2001", "Channel": "Microsoft-Windows-WebAuthN/Operational", "Provider_Name": "Microsoft-Windows-WebAuthN", "Computer": "DESKTOP-OFJ6N53", "TimeCreated": "2025-02-05 14:01:22.746893+00:00", "RecordID": "357", "Level": "16", "UserID": "S-1-5-20"}
{"EventID": "2000", "Channel": "Microsoft-Windows-WebAuthN/Operational", "Provider_Name": "Microsoft-Windows-WebAuthN", "Computer": "DESKTOP-OFJ6N53", "TimeCreated": "2025-02-05 14:02:05.920174+00:00", "RecordID": "358", "Level": "16", "UserID": "S-1-5-20"}
{"EventID": "2001", "Channel": "Microsoft-Windows-WebAuthN/Operational", "Provider_Name": "Microsoft-Windows-WebAuthN", "Computer": "DESKTOP-OFJ6N53", "TimeCreated": "2025-02-12 14:54:02.649448+00:00", "RecordID": "359", "Level": "16", "UserID": "S-1-5-20"}
{"EventID": "2000", "Channel": "Microsoft-Windows-WebAuthN/Operational", "Provider_Name": "Microsoft-Windows-WebAuthN", "Computer": "DESKTOP-OFJ6N53", "TimeCreated": "2025-02-12 14:54:34.411947+00:00", "RecordID": "360", "Level": "16", "UserID": "S-1-5-20"}
{"EventID": "1050", "Channel": "Microsoft-Windows-WebAuthN/Operational", "Provider_Name": "Microsoft-Windows-WebAuthN", "Computer": "DESKTOP-OFJ6N53", "TimeCreated": "2025-02-14 18:45:44.598007+00:00", "RecordID": "361", "Level": "4", "UserID": "S-1-5-21-963789628-1060504924-4285088085-1001", "EventData.TransactionId": "{7d89cf27-650a-4860-a496-9510586f7d68}", "EventData.RemoteRpcRequestLength": "57", "EventData.RemoteRpcRequest": "pGdjb21tYW5kCGVmbGFncwBndGltZW91dABtdHJhbnNhY3Rpb25JZFAAAAAAAAAAAAAAAAAAAAAA"}
{"EventID": "1052", "Channel": "Microsoft-Windows-WebAuthN/Operational", "Provider_Name": "Microsoft-Windows-WebAuthN", "Computer": "DESKTOP-OFJ6N53", "TimeCreated": "2025-02-14 18:45:44.607109+00:00", "RecordID": "362", "Level": "4", "UserID": "S-1-5-21-963789628-1060504924-4285088085-1001", "EventData.TransactionId": "{7d89cf27-650a-4860-a496-9510586f7d68}", "EventData.Error": "0x00000000", "EventData.HResult": "0", "EventData.RemoteRpcResponseLength": "4", "EventData.RemoteRpcResponse": "AgAAAA=="}
{"EventID": "1071", "Channel": "Microsoft-Windows-WebAuthN/Operational", "Provider_Name": "Microsoft-Windows-WebAuthN", "Computer": "DESKTOP-OFJ6N53", "TimeCreated": "2025-02-14 18:45:44.607130+00:00", "RecordID": "363", "Level": "4", "UserID": "S-1-5-21-963789628-1060504924-4285088085-1001", "EventData.value": "2", "EventData.Error": "0x00000000", "EventData.HResult": "0"}
{"EventID": "2001", "Channel": "Microsoft-Windows-WebAuthN/Operational", "Provider_Name": "Microsoft-Windows-WebAuthN", "Computer": "DESKTOP-OFJ6N53", "TimeCreated": "2025-03-07 15:03:29.372253+00:00", "RecordID": "364", "Level": "16", "UserID": "S-1-5-20"}
{"EventID": "2000", "Channel": "Microsoft-Windows-WebAuthN/Operational", "Provider_Name": "Microsoft-Windows-WebAuthN", "Computer": "DESKTOP-OFJ6N53", "TimeCreated": "2025-03-07 15:04:16.058355+00:00", "RecordID": "365", "Level": "16", "UserID": "S-1-5-20"}
{"EventID": "2001", "Channel": "Microsoft-Windows-WebAuthN/Operational", "Provider_Name": "Microsoft-Windows-WebAuthN", "Computer": "DESKTOP-OFJ6N53", "TimeCreated": "2025-03-11 20:16:39.914640+00:00", "RecordID": "366", "Level": "16", "UserID": "S-1-5-20"}
{"EventID": "2000", "Channel": "Microsoft-Windows-WebAuthN/Operational", "Provider_Name": "Microsoft-Windows-WebAuthN", "Computer": "DESKTOP-OFJ6N53", "TimeCreated": "2025-03-11 20:17:12.832483+00:00", "RecordID": "367", "Level": "16", "UserID": "S-1-5-20"}
{"EventID": "1050", "Channel": "Microsoft-Windows-WebAuthN/Operational", "Provider_Name": "Microsoft-Windows-WebAuthN", "Computer": "DESKTOP-OFJ6N53", "TimeCreated": "2025-03-17 12:27:01.552361+00:00", "RecordID": "368", "Level": "4", "UserID": "S-1-5-21-963789628-1060504924-4285088085-1001", "EventData.TransactionId": "{fed1a392-11a7-4b2e-9a8d-10f2b15bdcba}", "EventData.RemoteRpcRequestLength": "57", "EventData.RemoteRpcRequest": "pGdjb21tYW5kCGVmbGFncwBndGltZW91dABtdHJhbnNhY3Rpb25JZFAAAAAAAAAAAAAAAAAAAAAA"}
{"EventID": "1052", "Channel": "Microsoft-Windows-WebAuthN/Operational", "Provider_Name": "Microsoft-Windows-WebAuthN", "Computer": "DESKTOP-OFJ6N53", "TimeCreated": "2025-03-17 12:27:01.561834+00:00", "RecordID": "369", "Level": "4", "UserID": "S-1-5-21-963789628-1060504924-4285088085-1001", "EventData.TransactionId": "{fed1a392-11a7-4b2e-9a8d-10f2b15bdcba}", "EventData.Error": "0x00000000", "EventData.HResult": "0", "EventData.RemoteRpcResponseLength": "4", "EventData.RemoteRpcResponse": "AgAAAA=="}
{"EventID": "1071", "Channel": "Microsoft-Windows-WebAuthN/Operational", "Provider_Name": "Microsoft-Windows-WebAuthN", "Computer": "DESKTOP-OFJ6N53", "TimeCreated": "2025-03-17 12:27:01.561943+00:00", "RecordID": "370", "Level": "4", "UserID": "S-1-5-21-963789628-1060504924-4285088085-1001", "EventData.value": "2", "EventData.Error": "0x00000000", "EventData.HResult": "0"}
{"EventID": "2001", "Channel": "Microsoft-Windows-WebAuthN/Operational", "Provider_Name": "Microsoft-Windows-WebAuthN", "Computer": "DESKTOP-OFJ6N53", "TimeCreated": "2025-04-01 16:02:56.738695+00:00", "RecordID": "371", "Level": "16", "UserID": "S-1-5-20"}
{"EventID": "2000", "Channel": "Microsoft-Windows-WebAuthN/Operational", "Provider_Name": "Microsoft-Windows-WebAuthN", "Computer": "DESKTOP-OFJ6N53", "TimeCreated": "2025-04-01 16:03:36.072598+00:00", "RecordID": "372", "Level": "16", "UserID": "S-1-5-20"}
{"EventID": "2001", "Channel": "Microsoft-Windows-WebAuthN/Operational", "Provider_Name": "Microsoft-Windows-WebAuthN", "Computer": "DESKTOP-OFJ6N53", "TimeCreated": "2025-04-02 09:17:57.201170+00:00", "RecordID": "373", "Level": "16", "UserID": "S-1-5-20"}
{"EventID": "2000", "Channel": "Microsoft-Windows-WebAuthN/Operational", "Provider_Name": "Microsoft-Windows-WebAuthN", "Computer": "DESKTOP-OFJ6N53", "TimeCreated": "2025-04-02 09:18:26.484932+00:00", "RecordID": "374", "Level": "16", "UserID": "S-1-5-20"}
{"EventID": "2001", "Channel": "Microsoft-Windows-WebAuthN/Operational", "Provider_Name": "Microsoft-Windows-WebAuthN", "Computer": "DESKTOP-OFJ6N53", "TimeCreated": "2025-04-02 09:31:06.122976+00:00", "RecordID": "375", "Level": "16", "UserID": "S-1-5-20"}
{"EventID": "2000", "Channel": "Microsoft-Windows-WebAuthN/Operational", "Provider_Name": "Microsoft-Windows-WebAuthN", "Computer": "DESKTOP-OFJ6N53", "TimeCreated": "2025-04-02 09:31:37.735428+00:00", "RecordID": "376", "Level": "16", "UserID": "S-1-5-20"}
{"EventID": "2001", "Channel": "Microsoft-Windows-WebAuthN/Operational", "Provider_Name": "Microsoft-Windows-WebAuthN", "Computer": "DESKTOP-OFJ6N53", "TimeCreated": "2025-04-02 09:57:14.493626+00:00", "RecordID": "377", "Level": "16", "UserID": "S-1-5-20"}
{"EventID": "2000", "Channel": "Microsoft-Windows-WebAuthN/Operational", "Provider_Name": "Microsoft-Windows-WebAuthN", "Computer": "DESKTOP-OFJ6N53", "TimeCreated": "2025-04-02 09:57:45.277517+00:00", "RecordID": "378", "Level": "16", "UserID": "S-1-5-20"}
{"EventID": "2001", "Channel": "Microsoft-Windows-WebAuthN/Operational", "Provider_Name": "Microsoft-Windows-WebAuthN", "Computer": "DESKTOP-OFJ6N53", "TimeCreated": "2025-04-02 10:08:00.904558+00:00", "RecordID": "379", "Level": "16", "UserID": "S-1-5-20"}
{"EventID": "2000", "Channel": "Microsoft-Windows-WebAuthN/Operational", "Provider_Name": "Microsoft-Windows-WebAuthN", "Computer": "DESKTOP-OFJ6N53", "TimeCreated": "2025-04-02 10:08:30.316380+00:00", "RecordID": "380", "Level": "16", "UserID": "S-1-5-20"}
{"EventID": "2001", "Channel": "Microsoft-Windows-WebAuthN/Operational", "Provider_Name": "Microsoft-Windows-WebAuthN", "Computer": "DESKTOP-OFJ6N53", "TimeCreated": "2025-04-02 10:11:29.267057+00:00", "RecordID": "381", "Level": "16", "UserID": "S-1-5-20"}
{"EventID": "2000", "Channel": "Microsoft-Windows-WebAuthN/Operational", "Provider_Name": "Microsoft-Windows-WebAuthN", "Computer": "DESKTOP-OFJ6N53", "TimeCreated": "2025-04-02 10:11:56.796560+00:00", "RecordID": "382", "Level": "16", "UserID": "S-1-5-20"}
{"EventID": "2001", "Channel": "Microsoft-Windows-WebAuthN/Operational", "Provider_Name": "Microsoft-Windows-WebAuthN", "Computer": "DESKTOP-OFJ6N53", "TimeCreated": "2025-04-02 10:15:52.978405+00:00", "RecordID": "383", "Level": "16", "UserID": "S-1-5-20"}
{"EventID": "2000", "Channel": "Microsoft-Windows-WebAuthN/Operational", "Provider_Name": "Microsoft-Windows-WebAuthN", "Computer": "DESKTOP-OFJ6N53", "TimeCreated": "2025-04-02 10:16:22.813929+00:00", "RecordID": "384", "Level": "16", "UserID": "S-1-5-20"}
{"EventID": "2001", "Channel": "Microsoft-Windows-WebAuthN/Operational", "Provider_Name": "Microsoft-Windows-WebAuthN", "Computer": "DESKTOP-OFJ6N53", "TimeCreated": "2025-04-02 10:33:40.843828+00:00", "RecordID": "385", "Level": "16", "UserID": "S-1-5-20"}
{"EventID": "2000", "Channel": "Microsoft-Windows-WebAuthN/Operational", "Provider_Name": "Microsoft-Windows-WebAuthN", "Computer": "DESKTOP-OFJ6N53", "TimeCreated": "2025-04-02 10:34:09.708866+00:00", "RecordID": "386", "Level": "16", "UserID": "S-1-5-20"}
{"EventID": "2001", "Channel": "Microsoft-Windows-WebAuthN/Operational", "Provider_Name": "Microsoft-Windows-WebAuthN", "Computer": "DESKTOP-OFJ6N53", "TimeCreated": "2025-04-09 14:35:09.024620+00:00", "RecordID": "387", "Level": "16", "UserID": "S-1-5-20"}
{"EventID": "2000", "Channel": "Microsoft-Windows-WebAuthN/Operational", "Provider_Name": "Microsoft-Windows-WebAuthN", "Computer": "DESKTOP-OFJ6N53", "TimeCreated": "2025-04-09 14:35:45.237322+00:00", "RecordID": "388", "Level": "16", "UserID": "S-1-5-20"}
{"EventID": "2001", "Channel": "Microsoft-Windows-WebAuthN/Operational", "Provider_Name": "Microsoft-Windows-WebAuthN", "Computer": "DESKTOP-OFJ6N53", "TimeCreated": "2025-04-23 00:39:49.408941+00:00", "RecordID": "389", "Level": "16", "UserID": "S-1-5-20"}
{"EventID": "2000", "Channel": "Microsoft-Windows-WebAuthN/Operational", "Provider_Name": "Microsoft-Windows-WebAuthN", "Computer": "DESKTOP-OFJ6N53", "TimeCreated": "2025-04-23 00:40:27.214195+00:00", "RecordID": "390", "Level": "16", "UserID": "S-1-5-20"}
{"EventID": "1050", "Channel": "Microsoft-Windows-WebAuthN/Operational", "Provider_Name": "Microsoft-Windows-WebAuthN", "Computer": "DESKTOP-OFJ6N53", "TimeCreated": "2025-05-14 09:36:50.419003+00:00", "RecordID": "391", "Level": "4", "UserID": "S-1-5-21-963789628-1060504924-4285088085-1001", "EventData.TransactionId": "{9563073c-3018-46f6-a870-9814b5c14c42}", "EventData.RemoteRpcRequestLength": "57", "EventData.RemoteRpcRequest": "pGdjb21tYW5kCGVmbGFncwBndGltZW91dABtdHJhbnNhY3Rpb25JZFAAAAAAAAAAAAAAAAAAAAAA"}
{"EventID": "1052", "Channel": "Microsoft-Windows-WebAuthN/Operational", "Provider_Name": "Microsoft-Windows-WebAuthN", "Computer": "DESKTOP-OFJ6N53", "TimeCreated": "2025-05-14 09:36:50.429171+00:00", "RecordID": "392", "Level": "4", "UserID": "S-1-5-21-963789628-1060504924-4285088085-1001", "EventData.TransactionId": "{9563073c-3018-46f6-a870-9814b5c14c42}", "EventData.Error": "0x00000000", "EventData.HResult": "0", "EventData.RemoteRpcResponseLength": "4", "EventData.RemoteRpcResponse": "AgAAAA=="}
{"EventID": "1071", "Channel": "Microsoft-Windows-WebAuthN/Operational", "Provider_Name": "Microsoft-Windows-WebAuthN", "Computer": "DESKTOP-OFJ6N53", "TimeCreated": "2025-05-14 09:36:50.429218+00:00", "RecordID": "393", "Level": "4", "UserID": "S-1-5-21-963789628-1060504924-4285088085-1001", "EventData.value": "2", "EventData.Error": "0x00000000", "EventData.HResult": "0"}
{"EventID": "1050", "Channel": "Microsoft-Windows-WebAuthN/Operational", "Provider_Name": "Microsoft-Windows-WebAuthN", "Computer": "DESKTOP-OFJ6N53", "TimeCreated": "2025-05-14 09:36:50.439928+00:00", "RecordID": "394", "Level": "4", "UserID": "S-1-5-21-963789628-1060504924-4285088085-1001", "EventData.TransactionId": "{161c8dc4-08a5-457c-86a5-1c2d465e9d8d}", "EventData.RemoteRpcRequestLength": "57", "EventData.RemoteRpcRequest": "pGdjb21tYW5kBmVmbGFncwBndGltZW91dABtdHJhbnNhY3Rpb25JZFAAAAAAAAAAAAAAAAAAAAAA"}
{"EventID": "1052", "Channel": "Microsoft-Windows-WebAuthN/Operational", "Provider_Name": "Microsoft-Windows-WebAuthN", "Computer": "DESKTOP-OFJ6N53", "TimeCreated": "2025-05-14 09:36:50.457426+00:00", "RecordID": "395", "Level": "4", "UserID": "S-1-5-21-963789628-1060504924-4285088085-1001", "EventData.TransactionId": "{161c8dc4-08a5-457c-86a5-1c2d465e9d8d}", "EventData.Error": "0x00000000", "EventData.HResult": "0", "EventData.RemoteRpcResponseLength": "4", "EventData.RemoteRpcResponse": "AQAAAA=="}
{"EventID": "1070", "Channel": "Microsoft-Windows-WebAuthN/Operational", "Provider_Name": "Microsoft-Windows-WebAuthN", "Computer": "DESKTOP-OFJ6N53", "TimeCreated": "2025-05-14 09:36:50.457470+00:00", "RecordID": "396", "Level": "4", "UserID": "S-1-5-21-963789628-1060504924-4285088085-1001", "EventData.value": "True", "EventData.Error": "0x00000000", "EventData.HResult": "0"}
{"EventID": "1050", "Channel": "Microsoft-Windows-WebAuthN/Operational", "Provider_Name": "Microsoft-Windows-WebAuthN", "Computer": "DESKTOP-OFJ6N53", "TimeCreated": "2025-05-14 09:36:52.274143+00:00", "RecordID": "397", "Level": "4", "UserID": "S-1-5-21-963789628-1060504924-4285088085-1001", "EventData.TransactionId": "{bb22958f-d46e-44e8-88cc-83fd30632afe}", "EventData.RemoteRpcRequestLength": "57", "EventData.RemoteRpcRequest": "pGdjb21tYW5kBmVmbGFncwBndGltZW91dABtdHJhbnNhY3Rpb25JZFAAAAAAAAAAAAAAAAAAAAAA"}
{"EventID": "1052", "Channel": "Microsoft-Windows-WebAuthN/Operational", "Provider_Name": "Microsoft-Windows-WebAuthN", "Computer": "DESKTOP-OFJ6N53", "TimeCreated": "2025-05-14 09:36:52.285196+00:00", "RecordID": "398", "Level": "4", "UserID": "S-1-5-21-963789628-1060504924-4285088085-1001", "EventData.TransactionId": "{bb22958f-d46e-44e8-88cc-83fd30632afe}", "EventData.Error": "0x00000000", "EventData.HResult": "0", "EventData.RemoteRpcResponseLength": "4", "EventData.RemoteRpcResponse": "AQAAAA=="}
{"EventID": "1070", "Channel": "Microsoft-Windows-WebAuthN/Operational", "Provider_Name": "Microsoft-Windows-WebAuthN", "Computer": "DESKTOP-OFJ6N53", "TimeCreated": "2025-05-14 09:36:52.285231+00:00", "RecordID": "399", "Level": "4", "UserID": "S-1-5-21-963789628-1060504924-4285088085-1001", "EventData.value": "True", "EventData.Error": "0x00000000", "EventData.HResult": "0"}
{"EventID": "1050", "Channel": "Microsoft-Windows-WebAuthN/Operational", "Provider_Name": "Microsoft-Windows-WebAuthN", "Computer": "DESKTOP-OFJ6N53", "TimeCreated": "2025-05-14 09:38:48.391039+00:00", "RecordID": "400", "Level": "4", "UserID": "S-1-5-21-963789628-1060504924-4285088085-1001", "EventData.TransactionId": "{77569742-1bf3-410c-b589-ed601c82cf2e}", "EventData.RemoteRpcRequestLength": "57", "EventData.RemoteRpcRequest": "pGdjb21tYW5kBmVmbGFncwBndGltZW91dABtdHJhbnNhY3Rpb25JZFAAAAAAAAAAAAAAAAAAAAAA"}
{"EventID": "1052", "Channel": "Microsoft-Windows-WebAuthN/Operational", "Provider_Name": "Microsoft-Windows-WebAuthN", "Computer": "DESKTOP-OFJ6N53", "TimeCreated": "2025-05-14 09:38:48.430983+00:00", "RecordID": "401", "Level": "4", "UserID": "S-1-5-21-963789628-1060504924-4285088085-1001", "EventData.TransactionId": "{77569742-1bf3-410c-b589-ed601c82cf2e}", "EventData.Error": "0x00000000", "EventData.HResult": "0", "EventData.RemoteRpcResponseLength": "4", "EventData.RemoteRpcResponse": "AQAAAA=="}
{"EventID": "1070", "Channel": "Microsoft-Windows-WebAuthN/Operational", "Provider_Name": "Microsoft-Windows-WebAuthN", "Computer": "DESKTOP-OFJ6N53", "TimeCreated": "2025-05-14 09:38:48.431017+00:00", "RecordID": "402", "Level": "4", "UserID": "S-1-5-21-963789628-1060504924-4285088085-1001", "EventData.value": "True", "EventData.Error": "0x00000000", "EventData.HResult": "0"}
{"EventID": "1050", "Channel": "Microsoft-Windows-WebAuthN/Operational", "Provider_Name": "Microsoft-Windows-WebAuthN", "Computer": "DESKTOP-OFJ6N53", "TimeCreated": "2025-05-14 09:38:50.021749+00:00", "RecordID": "403", "Level": "4", "UserID": "S-1-5-21-963789628-1060504924-4285088085-1001", "EventData.TransactionId": "{ea8bf4b4-80cc-4bb4-9dcb-c96512b66151}", "EventData.RemoteRpcRequestLength": "57", "EventData.RemoteRpcRequest": "pGdjb21tYW5kBmVmbGFncwBndGltZW91dABtdHJhbnNhY3Rpb25JZFAAAAAAAAAAAAAAAAAAAAAA"}
{"EventID": "1052", "Channel": "Microsoft-Windows-WebAuthN/Operational", "Provider_Name": "Microsoft-Windows-WebAuthN", "Computer": "DESKTOP-OFJ6N53", "TimeCreated": "2025-05-14 09:38:50.031290+00:00", "RecordID": "404", "Level": "4", "UserID": "S-1-5-21-963789628-1060504924-4285088085-1001", "EventData.TransactionId": "{ea8bf4b4-80cc-4bb4-9dcb-c96512b66151}", "EventData.Error": "0x00000000", "EventData.HResult": "0", "EventData.RemoteRpcResponseLength": "4", "EventData.RemoteRpcResponse": "AQAAAA=="}
{"EventID": "1070", "Channel": "Microsoft-Windows-WebAuthN/Operational", "Provider_Name": "Microsoft-Windows-WebAuthN", "Computer": "DESKTOP-OFJ6N53", "TimeCreated": "2025-05-14 09:38:50.031324+00:00", "RecordID": "405", "Level": "4", "UserID": "S-1-5-21-963789628-1060504924-4285088085-1001", "EventData.value": "True", "EventData.Error": "0x00000000", "EventData.HResult": "0"}
{"EventID": "2001", "Channel": "Microsoft-Windows-WebAuthN/Operational", "Provider_Name": "Microsoft-Windows-WebAuthN", "Computer": "DESKTOP-OFJ6N53", "TimeCreated": "2025-05-14 14:41:36.297766+00:00", "RecordID": "406", "Level": "16", "UserID": "S-1-5-20"}
{"EventID": "2000", "Channel": "Microsoft-Windows-WebAuthN/Operational", "Provider_Name": "Microsoft-Windows-WebAuthN", "Computer": "DESKTOP-OFJ6N53", "TimeCreated": "2025-05-14 14:42:12.680559+00:00", "RecordID": "407", "Level": "16", "UserID": "S-1-5-20"}
{"EventID": "2001", "Channel": "Microsoft-Windows-WebAuthN/Operational", "Provider_Name": "Microsoft-Windows-WebAuthN", "Computer": "DESKTOP-OFJ6N53", "TimeCreated": "2025-06-11 14:45:11.669451+00:00", "RecordID": "408", "Level": "16", "UserID": "S-1-5-20"}
{"EventID": "2000", "Channel": "Microsoft-Windows-WebAuthN/Operational", "Provider_Name": "Microsoft-Windows-WebAuthN", "Computer": "DESKTOP-OFJ6N53", "TimeCreated": "2025-06-11 14:45:45.515041+00:00", "RecordID": "409", "Level": "16", "UserID": "S-1-5-20"}
{"EventID": "2001", "Channel": "Microsoft-Windows-WebAuthN/Operational", "Provider_Name": "Microsoft-Windows-WebAuthN", "Computer": "DESKTOP-OFJ6N53", "TimeCreated": "2025-07-07 12:48:51.372917+00:00", "RecordID": "410", "Level": "16", "UserID": "S-1-5-20"}
{"EventID": "2000", "Channel": "Microsoft-Windows-WebAuthN/Operational", "Provider_Name": "Microsoft-Windows-WebAuthN", "Computer": "DESKTOP-OFJ6N53", "TimeCreated": "2025-07-07 12:49:34.300566+00:00", "RecordID": "411", "Level": "16", "UserID": "S-1-5-20"}
{"EventID": "2001", "Channel": "Microsoft-Windows-WebAuthN/Operational", "Provider_Name": "Microsoft-Windows-WebAuthN", "Computer": "DESKTOP-OFJ6N53", "TimeCreated": "2025-07-09 14:39:26.830051+00:00", "RecordID": "412", "Level": "16", "UserID": "S-1-5-20"}
{"EventID": "2000", "Channel": "Microsoft-Windows-WebAuthN/Operational", "Provider_Name": "Microsoft-Windows-WebAuthN", "Computer": "DESKTOP-OFJ6N53", "TimeCreated": "2025-07-09 14:39:57.633907+00:00", "RecordID": "413", "Level": "16", "UserID": "S-1-5-20"}
{"EventID": "2001", "Channel": "Microsoft-Windows-WebAuthN/Operational", "Provider_Name": "Microsoft-Windows-WebAuthN", "Computer": "DESKTOP-OFJ6N53", "TimeCreated": "2025-07-24 21:29:09.524733+00:00", "RecordID": "414", "Level": "16", "UserID": "S-1-5-20"}
{"EventID": "2000", "Channel": "Microsoft-Windows-WebAuthN/Operational", "Provider_Name": "Microsoft-Windows-WebAuthN", "Computer": "DESKTOP-OFJ6N53", "TimeCreated": "2025-07-24 21:29:48.569954+00:00", "RecordID": "415", "Level": "16", "UserID": "S-1-5-20"}
{"EventID": "2000", "Channel": "Microsoft-Windows-WebAuthN/Operational", "Provider_Name": "Microsoft-Windows-WebAuthN", "Computer": "DESKTOP-OFJ6N53", "TimeCreated": "2025-07-31 08:03:41.116110+00:00", "RecordID": "416", "Level": "16", "UserID": "S-1-5-20"}
{"EventID": "1060", "Channel": "Microsoft-Windows-WebAuthN/Operational", "Provider_Name": "Microsoft-Windows-WebAuthN", "Computer": "DESKTOP-OFJ6N53", "TimeCreated": "2025-07-31 11:14:13.749994+00:00", "RecordID": "417", "Level": "2", "UserID": "S-1-5-21-963789628-1060504924-4285088085-1001", "EventData.TransactionId": "{be3eca9a-7ab7-4012-b5c0-4634ee2f7431}", "EventData.Action": "WebAuthNAuthenticatorRemoteRpcDVCException", "EventData.Error": "0x8007001f", "EventData.HResult": "-2147024865"}
{"EventID": "1060", "Channel": "Microsoft-Windows-WebAuthN/Operational", "Provider_Name": "Microsoft-Windows-WebAuthN", "Computer": "DESKTOP-OFJ6N53", "TimeCreated": "2025-07-31 11:14:13.750002+00:00", "RecordID": "418", "Level": "2", "UserID": "S-1-5-21-963789628-1060504924-4285088085-1001", "EventData.TransactionId": "{00000000-0000-0000-0000-000000000000}", "EventData.Action": "WebAuthNGetApiVersionNumberRemoteFailed", "EventData.Error": "0x8007001f", "EventData.HResult": "-2147024865"}
{"EventID": "1071", "Channel": "Microsoft-Windows-WebAuthN/Operational", "Provider_Name": "Microsoft-Windows-WebAuthN", "Computer": "DESKTOP-OFJ6N53", "TimeCreated": "2025-07-31 11:14:13.750002+00:00", "RecordID": "419", "Level": "4", "UserID": "S-1-5-21-963789628-1060504924-4285088085-1001", "EventData.value": "0", "EventData.Error": "0x8007001f", "EventData.HResult": "-2147024865"}
{"EventID": "1060", "Channel": "Microsoft-Windows-WebAuthN/Operational", "Provider_Name": "Microsoft-Windows-WebAuthN", "Computer": "DESKTOP-OFJ6N53", "TimeCreated": "2025-07-31 11:17:11.854805+00:00", "RecordID": "420", "Level": "2", "UserID": "S-1-5-21-963789628-1060504924-4285088085-1001", "EventData.TransactionId": "{dd8f3222-132e-472f-9068-c40b07b8b326}", "EventData.Action": "WebAuthNAuthenticatorRemoteRpcDVCException", "EventData.Error": "0x8007001f", "EventData.HResult": "-2147024865"}
{"EventID": "1060", "Channel": "Microsoft-Windows-WebAuthN/Operational", "Provider_Name": "Microsoft-Windows-WebAuthN", "Computer": "DESKTOP-OFJ6N53", "TimeCreated": "2025-07-31 11:17:11.854809+00:00", "RecordID": "421", "Level": "2", "UserID": "S-1-5-21-963789628-1060504924-4285088085-1001", "EventData.TransactionId": "{00000000-0000-0000-0000-000000000000}", "EventData.Action": "WebAuthNGetApiVersionNumberRemoteFailed", "EventData.Error": "0x8007001f", "EventData.HResult": "-2147024865"}
{"EventID": "1071", "Channel": "Microsoft-Windows-WebAuthN/Operational", "Provider_Name": "Microsoft-Windows-WebAuthN", "Computer": "DESKTOP-OFJ6N53", "TimeCreated": "2025-07-31 11:17:11.854809+00:00", "RecordID": "422", "Level": "4", "UserID": "S-1-5-21-963789628-1060504924-4285088085-1001", "EventData.value": "0", "EventData.Error": "0x8007001f", "EventData.HResult": "-2147024865"}
{"EventID": "2001", "Channel": "Microsoft-Windows-WebAuthN/Operational", "Provider_Name": "Microsoft-Windows-WebAuthN", "Computer": "DESKTOP-OFJ6N53", "TimeCreated": "2025-08-12 12:17:02.606499+00:00", "RecordID": "423", "Level": "16", "UserID": "S-1-5-20"}
{"EventID": "2000", "Channel": "Microsoft-Windows-WebAuthN/Operational", "Provider_Name": "Microsoft-Windows-WebAuthN", "Computer": "DESKTOP-OFJ6N53", "TimeCreated": "2025-08-12 12:17:46.768475+00:00", "RecordID": "424", "Level": "16", "UserID": "S-1-5-20"}
{"EventID": "2001", "Channel": "Microsoft-Windows-WebAuthN/Operational", "Provider_Name": "Microsoft-Windows-WebAuthN", "Computer": "DESKTOP-OFJ6N53", "TimeCreated": "2025-08-13 14:39:24.428839+00:00", "RecordID": "425", "Level": "16", "UserID": "S-1-5-20"}
{"EventID": "2000", "Channel": "Microsoft-Windows-WebAuthN/Operational", "Provider_Name": "Microsoft-Windows-WebAuthN", "Computer": "DESKTOP-OFJ6N53", "TimeCreated": "2025-08-13 14:40:16.516005+00:00", "RecordID": "426", "Level": "16", "UserID": "S-1-5-20"}
{"EventID": "1060", "Channel": "Microsoft-Windows-WebAuthN/Operational", "Provider_Name": "Microsoft-Windows-WebAuthN", "Computer": "DESKTOP-OFJ6N53", "TimeCreated": "2025-08-18 08:13:54.268242+00:00", "RecordID": "427", "Level": "2", "UserID": "S-1-5-21-963789628-1060504924-4285088085-1001", "EventData.TransactionId": "{dcd9af43-eac9-42d8-8bd6-f8cf2b2890ee}", "EventData.Action": "WebAuthNAuthenticatorRemoteRpcDVCException", "EventData.Error": "0x8007001f", "EventData.HResult": "-2147024865"}
{"EventID": "1060", "Channel": "Microsoft-Windows-WebAuthN/Operational", "Provider_Name": "Microsoft-Windows-WebAuthN", "Computer": "DESKTOP-OFJ6N53", "TimeCreated": "2025-08-18 08:13:54.268250+00:00", "RecordID": "428", "Level": "2", "UserID": "S-1-5-21-963789628-1060504924-4285088085-1001", "EventData.TransactionId": "{00000000-0000-0000-0000-000000000000}", "EventData.Action": "WebAuthNGetApiVersionNumberRemoteFailed", "EventData.Error": "0x8007001f", "EventData.HResult": "-2147024865"}
{"EventID": "1071", "Channel": "Microsoft-Windows-WebAuthN/Operational", "Provider_Name": "Microsoft-Windows-WebAuthN", "Computer": "DESKTOP-OFJ6N53", "TimeCreated": "2025-08-18 08:13:54.268250+00:00", "RecordID": "429", "Level": "4", "UserID": "S-1-5-21-963789628-1060504924-4285088085-1001", "EventData.value": "0", "EventData.Error": "0x8007001f", "EventData.HResult": "-2147024865"}
{"EventID": "1060", "Channel": "Microsoft-Windows-WebAuthN/Operational", "Provider_Name": "Microsoft-Windows-WebAuthN", "Computer": "DESKTOP-OFJ6N53", "TimeCreated": "2025-08-18 12:08:59.434303+00:00", "RecordID": "430", "Level": "2", "UserID": "S-1-5-21-963789628-1060504924-4285088085-1001", "EventData.TransactionId": "{81176d81-3e32-4448-a6c5-7f84db67ef06}", "EventData.Action": "WebAuthNAuthenticatorRemoteRpcDVCException", "EventData.Error": "0x8007001f", "EventData.HResult": "-2147024865"}
{"EventID": "1060", "Channel": "Microsoft-Windows-WebAuthN/Operational", "Provider_Name": "Microsoft-Windows-WebAuthN", "Computer": "DESKTOP-OFJ6N53", "TimeCreated": "2025-08-18 12:08:59.434309+00:00", "RecordID": "431", "Level": "2", "UserID": "S-1-5-21-963789628-1060504924-4285088085-1001", "EventData.TransactionId": "{00000000-0000-0000-0000-000000000000}", "EventData.Action": "WebAuthNGetApiVersionNumberRemoteFailed", "EventData.Error": "0x8007001f", "EventData.HResult": "-2147024865"}
{"EventID": "1071", "Channel": "Microsoft-Windows-WebAuthN/Operational", "Provider_Name": "Microsoft-Windows-WebAuthN", "Computer": "DESKTOP-OFJ6N53", "TimeCreated": "2025-08-18 12:08:59.434309+00:00", "RecordID": "432", "Level": "4", "UserID": "S-1-5-21-963789628-1060504924-4285088085-1001", "EventData.value": "0", "EventData.Error": "0x8007001f", "EventData.HResult": "-2147024865"}
{"EventID": "2001", "Channel": "Microsoft-Windows-WebAuthN/Operational", "Provider_Name": "Microsoft-Windows-WebAuthN", "Computer": "DESKTOP-OFJ6N53", "TimeCreated": "2025-08-19 07:18:22.357826+00:00", "RecordID": "433", "Level": "16", "UserID": "S-1-5-20"}
{"EventID": "2000", "Channel": "Microsoft-Windows-WebAuthN/Operational", "Provider_Name": "Microsoft-Windows-WebAuthN", "Computer": "DESKTOP-OFJ6N53", "TimeCreated": "2025-08-19 07:18:58.400370+00:00", "RecordID": "434", "Level": "16", "UserID": "S-1-5-20"}
{"EventID": "2001", "Channel": "Microsoft-Windows-WebAuthN/Operational", "Provider_Name": "Microsoft-Windows-WebAuthN", "Computer": "DESKTOP-OFJ6N53", "TimeCreated": "2025-08-19 07:43:44.149837+00:00", "RecordID": "435", "Level": "16", "UserID": "S-1-5-20"}
{"EventID": "2000", "Channel": "Microsoft-Windows-WebAuthN/Operational", "Provider_Name": "Microsoft-Windows-WebAuthN", "Computer": "DESKTOP-OFJ6N53", "TimeCreated": "2025-08-19 07:44:24.973856+00:00", "RecordID": "436", "Level": "16", "UserID": "S-1-5-20"}
{"EventID": "2001", "Channel": "Microsoft-Windows-WebAuthN/Operational", "Provider_Name": "Microsoft-Windows-WebAuthN", "Computer": "DESKTOP-OFJ6N53", "TimeCreated": "2025-08-22 12:57:33.568302+00:00", "RecordID": "437", "Level": "16", "UserID": "S-1-5-20"}
{"EventID": "2000", "Channel": "Microsoft-Windows-WebAuthN/Operational", "Provider_Name": "Microsoft-Windows-WebAuthN", "Computer": "DESKTOP-OFJ6N53", "TimeCreated": "2025-08-22 12:58:44.789530+00:00", "RecordID": "438", "Level": "16", "UserID": "S-1-5-20"}
{"EventID": "2001", "Channel": "Microsoft-Windows-WebAuthN/Operational", "Provider_Name": "Microsoft-Windows-WebAuthN", "Computer": "DESKTOP-OFJ6N53", "TimeCreated": "2025-08-23 20:32:34.136995+00:00", "RecordID": "439", "Level": "16", "UserID": "S-1-5-20"}
{"EventID": "2000", "Channel": "Microsoft-Windows-WebAuthN/Operational", "Provider_Name": "Microsoft-Windows-WebAuthN", "Computer": "DESKTOP-OFJ6N53", "TimeCreated": "2025-08-23 20:33:30.817858+00:00", "RecordID": "440", "Level": "16", "UserID": "S-1-5-20"}
