{"EventID": "400", "Channel": "Microsoft-Windows-Kernel-PnP/Configuration", "Provider_Name": "Microsoft-Windows-Kernel-PnP", "Computer": "DESKTOP-OFJ6N53", "TimeCreated": "2025-07-16 09:09:59.750538+00:00", "RecordID": "35346", "Level": "4", "UserID": "S-1-5-18", "EventData.DeviceInstanceId": "SWD\\ScDeviceEnum\\2_AKS_ifdh_0", "EventData.DriverName": "c_swdevice.inf", "EventData.ClassGuid": "{62f9c741-b25a-46ce-b54c-9bccce08b6f2}", "EventData.DriverDate": "06/21/2006", "EventData.DriverVersion": "10.0.19041.1", "EventData.DriverProvider": "Microsoft", "EventData.DriverInbox": "True", "EventData.DriverSection": "SoftwareDevice", "EventData.DriverRank": "0x00ff3000", "EventData.MatchingDeviceId": "SWD\\GenericRaw", "EventData.OutrankedDrivers": null, "EventData.DeviceUpdated": "False", "EventData.Status": "0x00000000", "EventData.ParentDeviceInstanceId": "SWD\\ScDeviceEnumBus\\0"}
{"EventID": "410", "Channel": "Microsoft-Windows-Kernel-PnP/Configuration", "Provider_Name": "Microsoft-Windows-Kernel-PnP", "Computer": "DESKTOP-OFJ6N53", "TimeCreated": "2025-07-16 09:09:59.751335+00:00", "RecordID": "35347", "Level": "4", "UserID": "S-1-5-18", "EventData.DeviceInstanceId": "SWD\\ScDeviceEnum\\2_AKS_ifdh_0", "EventData.DriverName": "c_swdevice.inf", "EventData.ClassGuid": "{62f9c741-b25a-46ce-b54c-9bccce08b6f2}", "EventData.ServiceName": null, "EventData.LowerFilters": null, "EventData.UpperFilters": null, "EventData.Problem": "0x00000000", "EventData.Status": "0x00000000"}
{"EventID": "400", "Channel": "Microsoft-Windows-Kernel-PnP/Configuration", "Provider_Name": "Microsoft-Windows-Kernel-PnP", "Computer": "DESKTOP-OFJ6N53", "TimeCreated": "2025-07-16 09:10:05.177286+00:00", "RecordID": "35348", "Level": "4", "UserID": "S-1-5-18", "EventData.DeviceInstanceId": "SWD\\PRINTENUM\\{E6994E36-664F-4DED-A8AB-122A14A568C3}", "EventData.DriverName": "printqueue.inf", "EventData.ClassGuid": "{1ed2bbf9-11f0-4084-b21f-ad83a8e6dcdc}", "EventData.DriverDate": "06/21/2006", "EventData.DriverVersion": "10.0.19041.1", "EventData.DriverProvider": "Microsoft", "EventData.DriverInbox": "True", "EventData.DriverSection": "NO_DRV_LOCAL", "EventData.DriverRank": "0x00000000", "EventData.MatchingDeviceId": "PRINTENUM\\LocalPrintQueue", "EventData.OutrankedDrivers": "c_swdevice.inf:SWD\\GenericRaw:00FF3001", "EventData.DeviceUpdated": "False", "EventData.Status": "0x00000000", "EventData.ParentDeviceInstanceId": "SWD\\PRINTENUM\\PrintQueues"}
{"EventID": "410", "Channel": "Microsoft-Windows-Kernel-PnP/Configuration", "Provider_Name": "Microsoft-Windows-Kernel-PnP", "Computer": "DESKTOP-OFJ6N53", "TimeCreated": "2025-07-16 09:10:05.180241+00:00", "RecordID": "35349", "Level": "4", "UserID": "S-1-5-18", "EventData.DeviceInstanceId": "SWD\\PRINTENUM\\{E6994E36-664F-4DED-A8AB-122A14A568C3}", "EventData.DriverName": "printqueue.inf", "EventData.ClassGuid": "{1ed2bbf9-11f0-4084-b21f-ad83a8e6dcdc}", "EventData.ServiceName": null, "EventData.LowerFilters": null, "EventData.UpperFilters": null, "EventData.Problem": "0x00000000", "EventData.Status": "0x00000000"}
{"EventID": "400", "Channel": "Microsoft-Windows-Kernel-PnP/Configuration", "Provider_Name": "Microsoft-Windows-Kernel-PnP", "Computer": "DESKTOP-OFJ6N53", "TimeCreated": "2025-07-16 09:10:08.969002+00:00", "RecordID": "35350", "Level": "4", "UserID": "S-1-5-18", "EventData.DeviceInstanceId": "SWD\\PRINTENUM\\{4A6AD9D1-367F-46F0-AFB3-DAA2C84967DD}", "EventData.DriverName": "printqueue.inf", "EventData.ClassGuid": "{1ed2bbf9-11f0-4084-b21f-ad83a8e6dcdc}", "EventData.DriverDate": "06/21/2006", "EventData.DriverVersion": "10.0.19041.1", "EventData.DriverProvider": "Microsoft", "EventData.DriverInbox": "True", "EventData.DriverSection": "NO_DRV_LOCAL", "EventData.DriverRank": "0x00000000", "EventData.MatchingDeviceId": "PRINTENUM\\LocalPrintQueue", "EventData.OutrankedDrivers": "c_swdevice.inf:SWD\\GenericRaw:00FF3001", "EventData.DeviceUpdated": "False", "EventData.Status": "0x00000000", "EventData.ParentDeviceInstanceId": "SWD\\PRINTENUM\\PrintQueues"}
{"EventID": "410", "Channel": "Microsoft-Windows-Kernel-PnP/Configuration", "Provider_Name": "Microsoft-Windows-Kernel-PnP", "Computer": "DESKTOP-OFJ6N53", "TimeCreated": "2025-07-16 09:10:08.977337+00:00", "RecordID": "35351", "Level": "4", "UserID": "S-1-5-18", "EventData.DeviceInstanceId": "SWD\\PRINTENUM\\{4A6AD9D1-367F-46F0-AFB3-DAA2C84967DD}", "EventData.DriverName": "printqueue.inf", "EventData.ClassGuid": "{1ed2bbf9-11f0-4084-b21f-ad83a8e6dcdc}", "EventData.ServiceName": null, "EventData.LowerFilters": null, "EventData.UpperFilters": null, "EventData.Problem": "0x00000000", "EventData.Status": "0x00000000"}
{"EventID": "400", "Channel": "Microsoft-Windows-Kernel-PnP/Configuration", "Provider_Name": "Microsoft-Windows-Kernel-PnP", "Computer": "DESKTOP-OFJ6N53", "TimeCreated": "2025-07-16 09:10:10.702490+00:00", "RecordID": "35352", "Level": "4", "UserID": "S-1-5-18", "EventData.DeviceInstanceId": "SWD\\PRINTENUM\\{34D68CBA-FBF1-4CC9-A340-E75271497535}", "EventData.DriverName": "printqueue.inf", "EventData.ClassGuid": "{1ed2bbf9-11f0-4084-b21f-ad83a8e6dcdc}", "EventData.DriverDate": "06/21/2006", "EventData.DriverVersion": "10.0.19041.1", "EventData.DriverProvider": "Microsoft", "EventData.DriverInbox": "True", "EventData.DriverSection": "NO_DRV_LOCAL", "EventData.DriverRank": "0x00000000", "EventData.MatchingDeviceId": "PRINTENUM\\LocalPrintQueue", "EventData.OutrankedDrivers": "c_swdevice.inf:SWD\\GenericRaw:00FF3001", "EventData.DeviceUpdated": "False", "EventData.Status": "0x00000000", "EventData.ParentDeviceInstanceId": "SWD\\PRINTENUM\\PrintQueues"}
{"EventID": "410", "Channel": "Microsoft-Windows-Kernel-PnP/Configuration", "Provider_Name": "Microsoft-Windows-Kernel-PnP", "Computer": "DESKTOP-OFJ6N53", "TimeCreated": "2025-07-16 09:10:10.741581+00:00", "RecordID": "35353", "Level": "4", "UserID": "S-1-5-18", "EventData.DeviceInstanceId": "SWD\\PRINTENUM\\{34D68CBA-FBF1-4CC9-A340-E75271497535}", "EventData.DriverName": "printqueue.inf", "EventData.ClassGuid": "{1ed2bbf9-11f0-4084-b21f-ad83a8e6dcdc}", "EventData.ServiceName": null, "EventData.LowerFilters": null, "EventData.UpperFilters": null, "EventData.Problem": "0x00000000", "EventData.Status": "0x00000000"}
{"EventID": "400", "Channel": "Microsoft-Windows-Kernel-PnP/Configuration", "Provider_Name": "Microsoft-Windows-Kernel-PnP", "Computer": "DESKTOP-OFJ6N53", "TimeCreated": "2025-07-16 09:10:12.302000+00:00", "RecordID": "35354", "Level": "4", "UserID": "S-1-5-18", "EventData.DeviceInstanceId": "SWD\\PRINTENUM\\{5E9FFF35-F631-4C1E-ABE5-36E2285CBECD}", "EventData.DriverName": "printqueue.inf", "EventData.ClassGuid": "{1ed2bbf9-11f0-4084-b21f-ad83a8e6dcdc}", "EventData.DriverDate": "06/21/2006", "EventData.DriverVersion": "10.0.19041.1", "EventData.DriverProvider": "Microsoft", "EventData.DriverInbox": "True", "EventData.DriverSection": "NO_DRV_LOCAL", "EventData.DriverRank": "0x00000000", "EventData.MatchingDeviceId": "PRINTENUM\\LocalPrintQueue", "EventData.OutrankedDrivers": "c_swdevice.inf:SWD\\GenericRaw:00FF3001", "EventData.DeviceUpdated": "False", "EventData.Status": "0x00000000", "EventData.ParentDeviceInstanceId": "SWD\\PRINTENUM\\PrintQueues"}
{"EventID": "410", "Channel": "Microsoft-Windows-Kernel-PnP/Configuration", "Provider_Name": "Microsoft-Windows-Kernel-PnP", "Computer": "DESKTOP-OFJ6N53", "TimeCreated": "2025-07-16 09:10:12.304857+00:00", "RecordID": "35355", "Level": "4", "UserID": "S-1-5-18", "EventData.DeviceInstanceId": "SWD\\PRINTENUM\\{5E9FFF35-F631-4C1E-ABE5-36E2285CBECD}", "EventData.DriverName": "printqueue.inf", "EventData.ClassGuid": "{1ed2bbf9-11f0-4084-b21f-ad83a8e6dcdc}", "EventData.ServiceName": null, "EventData.LowerFilters": null, "EventData.UpperFilters": null, "EventData.Problem": "0x00000000", "EventData.Status": "0x00000000"}
{"EventID": "400", "Channel": "Microsoft-Windows-Kernel-PnP/Configuration", "Provider_Name": "Microsoft-Windows-Kernel-PnP", "Computer": "DESKTOP-OFJ6N53", "TimeCreated": "2025-07-16 09:10:15.281391+00:00", "RecordID": "35356", "Level": "4", "UserID": "S-1-5-18", "EventData.DeviceInstanceId": "SWD\\PRINTENUM\\{4CC6AF5B-4335-47D5-AD52-9C4E00058DB5}", "EventData.DriverName": "printqueue.inf", "EventData.ClassGuid": "{1ed2bbf9-11f0-4084-b21f-ad83a8e6dcdc}", "EventData.DriverDate": "06/21/2006", "EventData.DriverVersion": "10.0.19041.1", "EventData.DriverProvider": "Microsoft", "EventData.DriverInbox": "True", "EventData.DriverSection": "NO_DRV_LOCAL", "EventData.DriverRank": "0x00000000", "EventData.MatchingDeviceId": "PRINTENUM\\LocalPrintQueue", "EventData.OutrankedDrivers": "c_swdevice.inf:SWD\\GenericRaw:00FF3001", "EventData.DeviceUpdated": "False", "EventData.Status": "0x00000000", "EventData.ParentDeviceInstanceId": "SWD\\PRINTENUM\\PrintQueues"}
{"EventID": "410", "Channel": "Microsoft-Windows-Kernel-PnP/Configuration", "Provider_Name": "Microsoft-Windows-Kernel-PnP", "Computer": "DESKTOP-OFJ6N53", "TimeCreated": "2025-07-16 09:10:15.284321+00:00", "RecordID": "35357", "Level": "4", "UserID": "S-1-5-18", "EventData.DeviceInstanceId": "SWD\\PRINTENUM\\{4CC6AF5B-4335-47D5-AD52-9C4E00058DB5}", "EventData.DriverName": "printqueue.inf", "EventData.ClassGuid": "{1ed2bbf9-11f0-4084-b21f-ad83a8e6dcdc}", "EventData.ServiceName": null, "EventData.LowerFilters": null, "EventData.UpperFilters": null, "EventData.Problem": "0x00000000", "EventData.Status": "0x00000000"}
{"EventID": "400", "Channel": "Microsoft-Windows-Kernel-PnP/Configuration", "Provider_Name": "Microsoft-Windows-Kernel-PnP", "Computer": "DESKTOP-OFJ6N53", "TimeCreated": "2025-07-16 09:10:17.771568+00:00", "RecordID": "35358", "Level": "4", "UserID": "S-1-5-18", "EventData.DeviceInstanceId": "SWD\\PRINTENUM\\{5CA00946-1C9E-4D71-AAEC-6A26D31DB3EE}", "EventData.DriverName": "printqueue.inf", "EventData.ClassGuid": "{1ed2bbf9-11f0-4084-b21f-ad83a8e6dcdc}", "EventData.DriverDate": "06/21/2006", "EventData.DriverVersion": "10.0.19041.1", "EventData.DriverProvider": "Microsoft", "EventData.DriverInbox": "True", "EventData.DriverSection": "NO_DRV_LOCAL", "EventData.DriverRank": "0x00000000", "EventData.MatchingDeviceId": "PRINTENUM\\LocalPrintQueue", "EventData.OutrankedDrivers": "c_swdevice.inf:SWD\\GenericRaw:00FF3001", "EventData.DeviceUpdated": "False", "EventData.Status": "0x00000000", "EventData.ParentDeviceInstanceId": "SWD\\PRINTENUM\\PrintQueues"}
{"EventID": "410", "Channel": "Microsoft-Windows-Kernel-PnP/Configuration", "Provider_Name": "Microsoft-Windows-Kernel-PnP", "Computer": "DESKTOP-OFJ6N53", "TimeCreated": "2025-07-16 09:10:17.774595+00:00", "RecordID": "35359", "Level": "4", "UserID": "S-1-5-18", "EventData.DeviceInstanceId": "SWD\\PRINTENUM\\{5CA00946-1C9E-4D71-AAEC-6A26D31DB3EE}", "EventData.DriverName": "printqueue.inf", "EventData.ClassGuid": "{1ed2bbf9-11f0-4084-b21f-ad83a8e6dcdc}", "EventData.ServiceName": null, "EventData.LowerFilters": null, "EventData.UpperFilters": null, "EventData.Problem": "0x00000000", "EventData.Status": "0x00000000"}
{"EventID": "400", "Channel": "Microsoft-Windows-Kernel-PnP/Configuration", "Provider_Name": "Microsoft-Windows-Kernel-PnP", "Computer": "DESKTOP-OFJ6N53", "TimeCreated": "2025-07-16 09:10:19.736139+00:00", "RecordID": "35360", "Level": "4", "UserID": "S-1-5-18", "EventData.DeviceInstanceId": "SWD\\PRINTENUM\\{7289B563-367F-4E26-B3B6-4222CD185453}", "EventData.DriverName": "printqueue.inf", "EventData.ClassGuid": "{1ed2bbf9-11f0-4084-b21f-ad83a8e6dcdc}", "EventData.DriverDate": "06/21/2006", "EventData.DriverVersion": "10.0.19041.1", "EventData.DriverProvider": "Microsoft", "EventData.DriverInbox": "True", "EventData.DriverSection": "NO_DRV_LOCAL", "EventData.DriverRank": "0x00000000", "EventData.MatchingDeviceId": "PRINTENUM\\LocalPrintQueue", "EventData.OutrankedDrivers": "c_swdevice.inf:SWD\\GenericRaw:00FF3001", "EventData.DeviceUpdated": "False", "EventData.Status": "0x00000000", "EventData.ParentDeviceInstanceId": "SWD\\PRINTENUM\\PrintQueues"}
{"EventID": "410", "Channel": "Microsoft-Windows-Kernel-PnP/Configuration", "Provider_Name": "Microsoft-Windows-Kernel-PnP", "Computer": "DESKTOP-OFJ6N53", "TimeCreated": "2025-07-16 09:10:19.741663+00:00", "RecordID": "35361", "Level": "4", "UserID": "S-1-5-18", "EventData.DeviceInstanceId": "SWD\\PRINTENUM\\{7289B563-367F-4E26-B3B6-4222CD185453}", "EventData.DriverName": "printqueue.inf", "EventData.ClassGuid": "{1ed2bbf9-11f0-4084-b21f-ad83a8e6dcdc}", "EventData.ServiceName": null, "EventData.LowerFilters": null, "EventData.UpperFilters": null, "EventData.Problem": "0x00000000", "EventData.Status": "0x00000000"}
{"EventID": "400", "Channel": "Microsoft-Windows-Kernel-PnP/Configuration", "Provider_Name": "Microsoft-Windows-Kernel-PnP", "Computer": "DESKTOP-OFJ6N53", "TimeCreated": "2025-07-16 09:10:22.411385+00:00", "RecordID": "35362", "Level": "4", "UserID": "S-1-5-18", "EventData.DeviceInstanceId": "SWD\\PRINTENUM\\{A282ABDD-E31F-4930-BA73-016F734C2833}", "EventData.DriverName": "printqueue.inf", "EventData.ClassGuid": "{1ed2bbf9-11f0-4084-b21f-ad83a8e6dcdc}", "EventData.DriverDate": "06/21/2006", "EventData.DriverVersion": "10.0.19041.1", "EventData.DriverProvider": "Microsoft", "EventData.DriverInbox": "True", "EventData.DriverSection": "NO_DRV_LOCAL", "EventData.DriverRank": "0x00000000", "EventData.MatchingDeviceId": "PRINTENUM\\LocalPrintQueue", "EventData.OutrankedDrivers": "c_swdevice.inf:SWD\\GenericRaw:00FF3001", "EventData.DeviceUpdated": "False", "EventData.Status": "0x00000000", "EventData.ParentDeviceInstanceId": "SWD\\PRINTENUM\\PrintQueues"}
{"EventID": "410", "Channel": "Microsoft-Windows-Kernel-PnP/Configuration", "Provider_Name": "Microsoft-Windows-Kernel-PnP", "Computer": "DESKTOP-OFJ6N53", "TimeCreated": "2025-07-16 09:10:22.414848+00:00", "RecordID": "35363", "Level": "4", "UserID": "S-1-5-18", "EventData.DeviceInstanceId": "SWD\\PRINTENUM\\{A282ABDD-E31F-4930-BA73-016F734C2833}", "EventData.DriverName": "printqueue.inf", "EventData.ClassGuid": "{1ed2bbf9-11f0-4084-b21f-ad83a8e6dcdc}", "EventData.ServiceName": null, "EventData.LowerFilters": null, "EventData.UpperFilters": null, "EventData.Problem": "0x00000000", "EventData.Status": "0x00000000"}
{"EventID": "400", "Channel": "Microsoft-Windows-Kernel-PnP/Configuration", "Provider_Name": "Microsoft-Windows-Kernel-PnP", "Computer": "DESKTOP-OFJ6N53", "TimeCreated": "2025-07-16 09:10:25.986713+00:00", "RecordID": "35364", "Level": "4", "UserID": "S-1-5-18", "EventData.DeviceInstanceId": "SWD\\PRINTENUM\\{0F76E47E-5C7C-4661-B453-D73C67CAADE7}", "EventData.DriverName": "printqueue.inf", "EventData.ClassGuid": "{1ed2bbf9-11f0-4084-b21f-ad83a8e6dcdc}", "EventData.DriverDate": "06/21/2006", "EventData.DriverVersion": "10.0.19041.1", "EventData.DriverProvider": "Microsoft", "EventData.DriverInbox": "True", "EventData.DriverSection": "NO_DRV_LOCAL", "EventData.DriverRank": "0x00000000", "EventData.MatchingDeviceId": "PRINTENUM\\LocalPrintQueue", "EventData.OutrankedDrivers": "c_swdevice.inf:SWD\\GenericRaw:00FF3001", "EventData.DeviceUpdated": "False", "EventData.Status": "0x00000000", "EventData.ParentDeviceInstanceId": "SWD\\PRINTENUM\\PrintQueues"}
{"EventID": "410", "Channel": "Microsoft-Windows-Kernel-PnP/Configuration", "Provider_Name": "Microsoft-Windows-Kernel-PnP", "Computer": "DESKTOP-OFJ6N53", "TimeCreated": "2025-07-16 09:10:25.989426+00:00", "RecordID": "35365", "Level": "4", "UserID": "S-1-5-18", "EventData.DeviceInstanceId": "SWD\\PRINTENUM\\{0F76E47E-5C7C-4661-B453-D73C67CAADE7}", "EventData.DriverName": "printqueue.inf", "EventData.ClassGuid": "{1ed2bbf9-11f0-4084-b21f-ad83a8e6dcdc}", "EventData.ServiceName": null, "EventData.LowerFilters": null, "EventData.UpperFilters": null, "EventData.Problem": "0x00000000", "EventData.Status": "0x00000000"}
{"EventID": "400", "Channel": "Microsoft-Windows-Kernel-PnP/Configuration", "Provider_Name": "Microsoft-Windows-Kernel-PnP", "Computer": "DESKTOP-OFJ6N53", "TimeCreated": "2025-07-16 09:10:28.448727+00:00", "RecordID": "35366", "Level": "4", "UserID": "S-1-5-18", "EventData.DeviceInstanceId": "SWD\\PRINTENUM\\{D53C010C-DB35-48F8-BA41-2AC5B96B4993}", "EventData.DriverName": "printqueue.inf", "EventData.ClassGuid": "{1ed2bbf9-11f0-4084-b21f-ad83a8e6dcdc}", "EventData.DriverDate": "06/21/2006", "EventData.DriverVersion": "10.0.19041.1", "EventData.DriverProvider": "Microsoft", "EventData.DriverInbox": "True", "EventData.DriverSection": "NO_DRV_LOCAL", "EventData.DriverRank": "0x00000000", "EventData.MatchingDeviceId": "PRINTENUM\\LocalPrintQueue", "EventData.OutrankedDrivers": "c_swdevice.inf:SWD\\GenericRaw:00FF3001", "EventData.DeviceUpdated": "False", "EventData.Status": "0x00000000", "EventData.ParentDeviceInstanceId": "SWD\\PRINTENUM\\PrintQueues"}
{"EventID": "410", "Channel": "Microsoft-Windows-Kernel-PnP/Configuration", "Provider_Name": "Microsoft-Windows-Kernel-PnP", "Computer": "DESKTOP-OFJ6N53", "TimeCreated": "2025-07-16 09:10:28.451759+00:00", "RecordID": "35367", "Level": "4", "UserID": "S-1-5-18", "EventData.DeviceInstanceId": "SWD\\PRINTENUM\\{D53C010C-DB35-48F8-BA41-2AC5B96B4993}", "EventData.DriverName": "printqueue.inf", "EventData.ClassGuid": "{1ed2bbf9-11f0-4084-b21f-ad83a8e6dcdc}", "EventData.ServiceName": null, "EventData.LowerFilters": null, "EventData.UpperFilters": null, "EventData.Problem": "0x00000000", "EventData.Status": "0x00000000"}
{"EventID": "400", "Channel": "Microsoft-Windows-Kernel-PnP/Configuration", "Provider_Name": "Microsoft-Windows-Kernel-PnP", "Computer": "DESKTOP-OFJ6N53", "TimeCreated": "2025-07-16 09:10:31.726681+00:00", "RecordID": "35368", "Level": "4", "UserID": "S-1-5-18", "EventData.DeviceInstanceId": "SWD\\PRINTENUM\\{78B74DB7-27A4-4C2C-B7D4-181F5F2C05DA}", "EventData.DriverName": "printqueue.inf", "EventData.ClassGuid": "{1ed2bbf9-11f0-4084-b21f-ad83a8e6dcdc}", "EventData.DriverDate": "06/21/2006", "EventData.DriverVersion": "10.0.19041.1", "EventData.DriverProvider": "Microsoft", "EventData.DriverInbox": "True", "EventData.DriverSection": "NO_DRV_LOCAL", "EventData.DriverRank": "0x00000000", "EventData.MatchingDeviceId": "PRINTENUM\\LocalPrintQueue", "EventData.OutrankedDrivers": "c_swdevice.inf:SWD\\GenericRaw:00FF3001", "EventData.DeviceUpdated": "False", "EventData.Status": "0x00000000", "EventData.ParentDeviceInstanceId": "SWD\\PRINTENUM\\PrintQueues"}
{"EventID": "410", "Channel": "Microsoft-Windows-Kernel-PnP/Configuration", "Provider_Name": "Microsoft-Windows-Kernel-PnP", "Computer": "DESKTOP-OFJ6N53", "TimeCreated": "2025-07-16 09:10:31.730093+00:00", "RecordID": "35369", "Level": "4", "UserID": "S-1-5-18", "EventData.DeviceInstanceId": "SWD\\PRINTENUM\\{78B74DB7-27A4-4C2C-B7D4-181F5F2C05DA}", "EventData.DriverName": "printqueue.inf", "EventData.ClassGuid": "{1ed2bbf9-11f0-4084-b21f-ad83a8e6dcdc}", "EventData.ServiceName": null, "EventData.LowerFilters": null, "EventData.UpperFilters": null, "EventData.Problem": "0x00000000", "EventData.Status": "0x00000000"}
{"EventID": "420", "Channel": "Microsoft-Windows-Kernel-PnP/Configuration", "Provider_Name": "Microsoft-Windows-Kernel-PnP", "Computer": "DESKTOP-OFJ6N53", "TimeCreated": "2025-07-16 16:15:20.100346+00:00", "RecordID": "35370", "Level": "4", "UserID": "S-1-5-18", "EventData.DeviceInstanceId": "SWD\\SCDEVICEENUM\\2_WINDOWS_HELLO_FOR_BUSINESS_1", "EventData.ClassGuid": "{62f9c741-b25a-46ce-b54c-9bccce08b6f2}", "EventData.Problem": "0x0000002d", "EventData.Status": "0x00000000"}
{"EventID": "420", "Channel": "Microsoft-Windows-Kernel-PnP/Configuration", "Provider_Name": "Microsoft-Windows-Kernel-PnP", "Computer": "DESKTOP-OFJ6N53", "TimeCreated": "2025-07-16 16:15:20.176586+00:00", "RecordID": "35371", "Level": "4", "UserID": "S-1-5-18", "EventData.DeviceInstanceId": "SWD\\SCDEVICEENUM\\2_AKS_VR_0", "EventData.ClassGuid": "{62f9c741-b25a-46ce-b54c-9bccce08b6f2}", "EventData.Problem": "0x0000002d", "EventData.Status": "0x00000000"}
{"EventID": "420", "Channel": "Microsoft-Windows-Kernel-PnP/Configuration", "Provider_Name": "Microsoft-Windows-Kernel-PnP", "Computer": "DESKTOP-OFJ6N53", "TimeCreated": "2025-07-16 16:15:20.397715+00:00", "RecordID": "35372", "Level": "4", "UserID": "S-1-5-18", "EventData.DeviceInstanceId": "SWD\\SCDEVICEENUM\\2_AKS_IFDH_1", "EventData.ClassGuid": "{62f9c741-b25a-46ce-b54c-9bccce08b6f2}", "EventData.Problem": "0x00000000", "EventData.Status": "0x00000000"}
{"EventID": "420", "Channel": "Microsoft-Windows-Kernel-PnP/Configuration", "Provider_Name": "Microsoft-Windows-Kernel-PnP", "Computer": "DESKTOP-OFJ6N53", "TimeCreated": "2025-07-16 16:15:20.417248+00:00", "RecordID": "35373", "Level": "4", "UserID": "S-1-5-18", "EventData.DeviceInstanceId": "SWD\\MMDEVAPI\\{3.0.0.00000002}.{6C26BA7D-F0B2-4225-B422-8168C5261E45}", "EventData.ClassGuid": "{c166523c-fe0c-4a94-a586-f1a80cfbbf3e}", "EventData.Problem": "0x00000000", "EventData.Status": "0x00000000"}
{"EventID": "420", "Channel": "Microsoft-Windows-Kernel-PnP/Configuration", "Provider_Name": "Microsoft-Windows-Kernel-PnP", "Computer": "DESKTOP-OFJ6N53", "TimeCreated": "2025-07-16 16:15:20.656666+00:00", "RecordID": "35374", "Level": "4", "UserID": "S-1-5-18", "EventData.DeviceInstanceId": "SWD\\SCDEVICEENUM\\2_AKS_IFDH_0", "EventData.ClassGuid": "{62f9c741-b25a-46ce-b54c-9bccce08b6f2}", "EventData.Problem": "0x0000002d", "EventData.Status": "0x00000000"}
{"EventID": "420", "Channel": "Microsoft-Windows-Kernel-PnP/Configuration", "Provider_Name": "Microsoft-Windows-Kernel-PnP", "Computer": "DESKTOP-OFJ6N53", "TimeCreated": "2025-07-16 16:15:20.945721+00:00", "RecordID": "35375", "Level": "4", "UserID": "S-1-5-18", "EventData.DeviceInstanceId": "SWD\\PRINTENUM\\{E6994E36-664F-4DED-A8AB-122A14A568C3}", "EventData.ClassGuid": "{1ed2bbf9-11f0-4084-b21f-ad83a8e6dcdc}", "EventData.Problem": "0x0000002d", "EventData.Status": "0x00000000"}
{"EventID": "420", "Channel": "Microsoft-Windows-Kernel-PnP/Configuration", "Provider_Name": "Microsoft-Windows-Kernel-PnP", "Computer": "DESKTOP-OFJ6N53", "TimeCreated": "2025-07-16 16:15:21.055643+00:00", "RecordID": "35376", "Level": "4", "UserID": "S-1-5-18", "EventData.DeviceInstanceId": "SWD\\PRINTENUM\\{4A6AD9D1-367F-46F0-AFB3-DAA2C84967DD}", "EventData.ClassGuid": "{1ed2bbf9-11f0-4084-b21f-ad83a8e6dcdc}", "EventData.Problem": "0x0000002d", "EventData.Status": "0x00000000"}
{"EventID": "420", "Channel": "Microsoft-Windows-Kernel-PnP/Configuration", "Provider_Name": "Microsoft-Windows-Kernel-PnP", "Computer": "DESKTOP-OFJ6N53", "TimeCreated": "2025-07-16 16:15:21.256884+00:00", "RecordID": "35377", "Level": "4", "UserID": "S-1-5-18", "EventData.DeviceInstanceId": "SWD\\PRINTENUM\\{34D68CBA-FBF1-4CC9-A340-E75271497535}", "EventData.ClassGuid": "{1ed2bbf9-11f0-4084-b21f-ad83a8e6dcdc}", "EventData.Problem": "0x0000002d", "EventData.Status": "0x00000000"}
{"EventID": "420", "Channel": "Microsoft-Windows-Kernel-PnP/Configuration", "Provider_Name": "Microsoft-Windows-Kernel-PnP", "Computer": "DESKTOP-OFJ6N53", "TimeCreated": "2025-07-16 16:15:21.607782+00:00", "RecordID": "35378", "Level": "4", "UserID": "S-1-5-18", "EventData.DeviceInstanceId": "SWD\\PRINTENUM\\{5E9FFF35-F631-4C1E-ABE5-36E2285CBECD}", "EventData.ClassGuid": "{1ed2bbf9-11f0-4084-b21f-ad83a8e6dcdc}", "EventData.Problem": "0x0000002d", "EventData.Status": "0x00000000"}
{"EventID": "420", "Channel": "Microsoft-Windows-Kernel-PnP/Configuration", "Provider_Name": "Microsoft-Windows-Kernel-PnP", "Computer": "DESKTOP-OFJ6N53", "TimeCreated": "2025-07-16 16:15:21.808840+00:00", "RecordID": "35379", "Level": "4", "UserID": "S-1-5-18", "EventData.DeviceInstanceId": "SWD\\PRINTENUM\\{4CC6AF5B-4335-47D5-AD52-9C4E00058DB5}", "EventData.ClassGuid": "{1ed2bbf9-11f0-4084-b21f-ad83a8e6dcdc}", "EventData.Problem": "0x0000002d", "EventData.Status": "0x00000000"}
{"EventID": "420", "Channel": "Microsoft-Windows-Kernel-PnP/Configuration", "Provider_Name": "Microsoft-Windows-Kernel-PnP", "Computer": "DESKTOP-OFJ6N53", "TimeCreated": "2025-07-16 16:15:22.005297+00:00", "RecordID": "35380", "Level": "4", "UserID": "S-1-5-18", "EventData.DeviceInstanceId": "SWD\\PRINTENUM\\{5CA00946-1C9E-4D71-AAEC-6A26D31DB3EE}", "EventData.ClassGuid": "{1ed2bbf9-11f0-4084-b21f-ad83a8e6dcdc}", "EventData.Problem": "0x0000002d", "EventData.Status": "0x00000000"}
{"EventID": "420", "Channel": "Microsoft-Windows-Kernel-PnP/Configuration", "Provider_Name": "Microsoft-Windows-Kernel-PnP", "Computer": "DESKTOP-OFJ6N53", "TimeCreated": "2025-07-16 16:15:22.122660+00:00", "RecordID": "35381", "Level": "4", "UserID": "S-1-5-18", "EventData.DeviceInstanceId": "SWD\\PRINTENUM\\{7289B563-367F-4E26-B3B6-4222CD185453}", "EventData.ClassGuid": "{1ed2bbf9-11f0-4084-b21f-ad83a8e6dcdc}", "EventData.Problem": "0x0000002d", "EventData.Status": "0x00000000"}
{"EventID": "420", "Channel": "Microsoft-Windows-Kernel-PnP/Configuration", "Provider_Name": "Microsoft-Windows-Kernel-PnP", "Computer": "DESKTOP-OFJ6N53", "TimeCreated": "2025-07-16 16:15:22.317411+00:00", "RecordID": "35382", "Level": "4", "UserID": "S-1-5-18", "EventData.DeviceInstanceId": "SWD\\PRINTENUM\\{A282ABDD-E31F-4930-BA73-016F734C2833}", "EventData.ClassGuid": "{1ed2bbf9-11f0-4084-b21f-ad83a8e6dcdc}", "EventData.Problem": "0x0000002d", "EventData.Status": "0x00000000"}
{"EventID": "420", "Channel": "Microsoft-Windows-Kernel-PnP/Configuration", "Provider_Name": "Microsoft-Windows-Kernel-PnP", "Computer": "DESKTOP-OFJ6N53", "TimeCreated": "2025-07-16 16:15:22.398481+00:00", "RecordID": "35383", "Level": "4", "UserID": "S-1-5-18", "EventData.DeviceInstanceId": "SWD\\PRINTENUM\\{0F76E47E-5C7C-4661-B453-D73C67CAADE7}", "EventData.ClassGuid": "{1ed2bbf9-11f0-4084-b21f-ad83a8e6dcdc}", "EventData.Problem": "0x0000002d", "EventData.Status": "0x00000000"}
{"EventID": "420", "Channel": "Microsoft-Windows-Kernel-PnP/Configuration", "Provider_Name": "Microsoft-Windows-Kernel-PnP", "Computer": "DESKTOP-OFJ6N53", "TimeCreated": "2025-07-16 16:15:22.543577+00:00", "RecordID": "35384", "Level": "4", "UserID": "S-1-5-18", "EventData.DeviceInstanceId": "SWD\\PRINTENUM\\{D53C010C-DB35-48F8-BA41-2AC5B96B4993}", "EventData.ClassGuid": "{1ed2bbf9-11f0-4084-b21f-ad83a8e6dcdc}", "EventData.Problem": "0x0000002d", "EventData.Status": "0x00000000"}
{"EventID": "420", "Channel": "Microsoft-Windows-Kernel-PnP/Configuration", "Provider_Name": "Microsoft-Windows-Kernel-PnP", "Computer": "DESKTOP-OFJ6N53", "TimeCreated": "2025-07-16 16:15:22.625975+00:00", "RecordID": "35385", "Level": "4", "UserID": "S-1-5-18", "EventData.DeviceInstanceId": "SWD\\PRINTENUM\\{78B74DB7-27A4-4C2C-B7D4-181F5F2C05DA}", "EventData.ClassGuid": "{1ed2bbf9-11f0-4084-b21f-ad83a8e6dcdc}", "EventData.Problem": "0x0000002d", "EventData.Status": "0x00000000"}
{"EventID": "400", "Channel": "Microsoft-Windows-Kernel-PnP/Configuration", "Provider_Name": "Microsoft-Windows-Kernel-PnP", "Computer": "DESKTOP-OFJ6N53", "TimeCreated": "2025-07-16 16:15:32.781214+00:00", "RecordID": "35386", "Level": "4", "UserID": "S-1-5-18", "EventData.DeviceInstanceId": "SWD\\MMDEVAPI\\{3.0.0.00000002}.{6C26BA7D-F0B2-4225-B422-8168C5261E45}", "EventData.DriverName": "audioendpoint.inf", "EventData.ClassGuid": "{c166523c-fe0c-4a94-a586-f1a80cfbbf3e}", "EventData.DriverDate": "12/06/2019", "EventData.DriverVersion": "10.0.19041.1", "EventData.DriverProvider": "Microsoft", "EventData.DriverInbox": "True", "EventData.DriverSection": "NO_DRV", "EventData.DriverRank": "0x00ff0000", "EventData.MatchingDeviceId": "MMDEVAPI\\AudioEndpoints", "EventData.OutrankedDrivers": "c_swdevice.inf:SWD\\GenericRaw:00FF3001", "EventData.DeviceUpdated": "False", "EventData.Status": "0x00000000", "EventData.ParentDeviceInstanceId": "HTREE\\ROOT\\0"}
{"EventID": "410", "Channel": "Microsoft-Windows-Kernel-PnP/Configuration", "Provider_Name": "Microsoft-Windows-Kernel-PnP", "Computer": "DESKTOP-OFJ6N53", "TimeCreated": "2025-07-16 16:15:32.783075+00:00", "RecordID": "35387", "Level": "4", "UserID": "S-1-5-18", "EventData.DeviceInstanceId": "SWD\\MMDEVAPI\\{3.0.0.00000002}.{6C26BA7D-F0B2-4225-B422-8168C5261E45}", "EventData.DriverName": "audioendpoint.inf", "EventData.ClassGuid": "{c166523c-fe0c-4a94-a586-f1a80cfbbf3e}", "EventData.ServiceName": null, "EventData.LowerFilters": null, "EventData.UpperFilters": null, "EventData.Problem": "0x00000000", "EventData.Status": "0x00000000"}
{"EventID": "400", "Channel": "Microsoft-Windows-Kernel-PnP/Configuration", "Provider_Name": "Microsoft-Windows-Kernel-PnP", "Computer": "DESKTOP-OFJ6N53", "TimeCreated": "2025-07-16 16:15:34.049587+00:00", "RecordID": "35388", "Level": "4", "UserID": "S-1-5-18", "EventData.DeviceInstanceId": "SWD\\ScDeviceEnum\\2_Windows_Hello_for_Business_1", "EventData.DriverName": "c_swdevice.inf", "EventData.ClassGuid": "{62f9c741-b25a-46ce-b54c-9bccce08b6f2}", "EventData.DriverDate": "06/21/2006", "EventData.DriverVersion": "10.0.19041.1", "EventData.DriverProvider": "Microsoft", "EventData.DriverInbox": "True", "EventData.DriverSection": "SoftwareDevice", "EventData.DriverRank": "0x00ff3000", "EventData.MatchingDeviceId": "SWD\\GenericRaw", "EventData.OutrankedDrivers": null, "EventData.DeviceUpdated": "False", "EventData.Status": "0x00000000", "EventData.ParentDeviceInstanceId": "SWD\\ScDeviceEnumBus\\0"}
{"EventID": "410", "Channel": "Microsoft-Windows-Kernel-PnP/Configuration", "Provider_Name": "Microsoft-Windows-Kernel-PnP", "Computer": "DESKTOP-OFJ6N53", "TimeCreated": "2025-07-16 16:15:34.051735+00:00", "RecordID": "35389", "Level": "4", "UserID": "S-1-5-18", "EventData.DeviceInstanceId": "SWD\\ScDeviceEnum\\2_Windows_Hello_for_Business_1", "EventData.DriverName": "c_swdevice.inf", "EventData.ClassGuid": "{62f9c741-b25a-46ce-b54c-9bccce08b6f2}", "EventData.ServiceName": null, "EventData.LowerFilters": null, "EventData.UpperFilters": null, "EventData.Problem": "0x00000000", "EventData.Status": "0x00000000"}
{"EventID": "400", "Channel": "Microsoft-Windows-Kernel-PnP/Configuration", "Provider_Name": "Microsoft-Windows-Kernel-PnP", "Computer": "DESKTOP-OFJ6N53", "TimeCreated": "2025-07-16 16:15:34.427080+00:00", "RecordID": "35390", "Level": "4", "UserID": "S-1-5-18", "EventData.DeviceInstanceId": "SWD\\ScDeviceEnum\\2_AKS_VR_0", "EventData.DriverName": "c_swdevice.inf", "EventData.ClassGuid": "{62f9c741-b25a-46ce-b54c-9bccce08b6f2}", "EventData.DriverDate": "06/21/2006", "EventData.DriverVersion": "10.0.19041.1", "EventData.DriverProvider": "Microsoft", "EventData.DriverInbox": "True", "EventData.DriverSection": "SoftwareDevice", "EventData.DriverRank": "0x00ff3000", "EventData.MatchingDeviceId": "SWD\\GenericRaw", "EventData.OutrankedDrivers": null, "EventData.DeviceUpdated": "False", "EventData.Status": "0x00000000", "EventData.ParentDeviceInstanceId": "SWD\\ScDeviceEnumBus\\0"}
{"EventID": "410", "Channel": "Microsoft-Windows-Kernel-PnP/Configuration", "Provider_Name": "Microsoft-Windows-Kernel-PnP", "Computer": "DESKTOP-OFJ6N53", "TimeCreated": "2025-07-16 16:15:34.427954+00:00", "RecordID": "35391", "Level": "4", "UserID": "S-1-5-18", "EventData.DeviceInstanceId": "SWD\\ScDeviceEnum\\2_AKS_VR_0", "EventData.DriverName": "c_swdevice.inf", "EventData.ClassGuid": "{62f9c741-b25a-46ce-b54c-9bccce08b6f2}", "EventData.ServiceName": null, "EventData.LowerFilters": null, "EventData.UpperFilters": null, "EventData.Problem": "0x00000000", "EventData.Status": "0x00000000"}
{"EventID": "400", "Channel": "Microsoft-Windows-Kernel-PnP/Configuration", "Provider_Name": "Microsoft-Windows-Kernel-PnP", "Computer": "DESKTOP-OFJ6N53", "TimeCreated": "2025-07-16 16:15:35.240536+00:00", "RecordID": "35392", "Level": "4", "UserID": "S-1-5-18", "EventData.DeviceInstanceId": "SWD\\ScDeviceEnum\\2_AKS_ifdh_1", "EventData.DriverName": "c_swdevice.inf", "EventData.ClassGuid": "{62f9c741-b25a-46ce-b54c-9bccce08b6f2}", "EventData.DriverDate": "06/21/2006", "EventData.DriverVersion": "10.0.19041.1", "EventData.DriverProvider": "Microsoft", "EventData.DriverInbox": "True", "EventData.DriverSection": "SoftwareDevice", "EventData.DriverRank": "0x00ff3000", "EventData.MatchingDeviceId": "SWD\\GenericRaw", "EventData.OutrankedDrivers": null, "EventData.DeviceUpdated": "False", "EventData.Status": "0x00000000", "EventData.ParentDeviceInstanceId": "SWD\\ScDeviceEnumBus\\0"}
{"EventID": "410", "Channel": "Microsoft-Windows-Kernel-PnP/Configuration", "Provider_Name": "Microsoft-Windows-Kernel-PnP", "Computer": "DESKTOP-OFJ6N53", "TimeCreated": "2025-07-16 16:15:35.241339+00:00", "RecordID": "35393", "Level": "4", "UserID": "S-1-5-18", "EventData.DeviceInstanceId": "SWD\\ScDeviceEnum\\2_AKS_ifdh_1", "EventData.DriverName": "c_swdevice.inf", "EventData.ClassGuid": "{62f9c741-b25a-46ce-b54c-9bccce08b6f2}", "EventData.ServiceName": null, "EventData.LowerFilters": null, "EventData.UpperFilters": null, "EventData.Problem": "0x00000000", "EventData.Status": "0x00000000"}
{"EventID": "400", "Channel": "Microsoft-Windows-Kernel-PnP/Configuration", "Provider_Name": "Microsoft-Windows-Kernel-PnP", "Computer": "DESKTOP-OFJ6N53", "TimeCreated": "2025-07-16 16:15:35.518047+00:00", "RecordID": "35394", "Level": "4", "UserID": "S-1-5-18", "EventData.DeviceInstanceId": "SWD\\ScDeviceEnum\\2_AKS_ifdh_0", "EventData.DriverName": "c_swdevice.inf", "EventData.ClassGuid": "{62f9c741-b25a-46ce-b54c-9bccce08b6f2}", "EventData.DriverDate": "06/21/2006", "EventData.DriverVersion": "10.0.19041.1", "EventData.DriverProvider": "Microsoft", "EventData.DriverInbox": "True", "EventData.DriverSection": "SoftwareDevice", "EventData.DriverRank": "0x00ff3000", "EventData.MatchingDeviceId": "SWD\\GenericRaw", "EventData.OutrankedDrivers": null, "EventData.DeviceUpdated": "False", "EventData.Status": "0x00000000", "EventData.ParentDeviceInstanceId": "SWD\\ScDeviceEnumBus\\0"}
{"EventID": "410", "Channel": "Microsoft-Windows-Kernel-PnP/Configuration", "Provider_Name": "Microsoft-Windows-Kernel-PnP", "Computer": "DESKTOP-OFJ6N53", "TimeCreated": "2025-07-16 16:15:35.519009+00:00", "RecordID": "35395", "Level": "4", "UserID": "S-1-5-18", "EventData.DeviceInstanceId": "SWD\\ScDeviceEnum\\2_AKS_ifdh_0", "EventData.DriverName": "c_swdevice.inf", "EventData.ClassGuid": "{62f9c741-b25a-46ce-b54c-9bccce08b6f2}", "EventData.ServiceName": null, "EventData.LowerFilters": null, "EventData.UpperFilters": null, "EventData.Problem": "0x00000000", "EventData.Status": "0x00000000"}
{"EventID": "400", "Channel": "Microsoft-Windows-Kernel-PnP/Configuration", "Provider_Name": "Microsoft-Windows-Kernel-PnP", "Computer": "DESKTOP-OFJ6N53", "TimeCreated": "2025-07-16 16:15:36.747555+00:00", "RecordID": "35396", "Level": "4", "UserID": "S-1-5-18", "EventData.DeviceInstanceId": "SWD\\PRINTENUM\\{D4AC4658-34C1-425C-8AAE-355D56029BFA}", "EventData.DriverName": "printqueue.inf", "EventData.ClassGuid": "{1ed2bbf9-11f0-4084-b21f-ad83a8e6dcdc}", "EventData.DriverDate": "06/21/2006", "EventData.DriverVersion": "10.0.19041.1", "EventData.DriverProvider": "Microsoft", "EventData.DriverInbox": "True", "EventData.DriverSection": "NO_DRV_LOCAL", "EventData.DriverRank": "0x00000000", "EventData.MatchingDeviceId": "PRINTENUM\\LocalPrintQueue", "EventData.OutrankedDrivers": "c_swdevice.inf:SWD\\GenericRaw:00FF3001", "EventData.DeviceUpdated": "False", "EventData.Status": "0x00000000", "EventData.ParentDeviceInstanceId": "SWD\\PRINTENUM\\PrintQueues"}
{"EventID": "410", "Channel": "Microsoft-Windows-Kernel-PnP/Configuration", "Provider_Name": "Microsoft-Windows-Kernel-PnP", "Computer": "DESKTOP-OFJ6N53", "TimeCreated": "2025-07-16 16:15:36.749779+00:00", "RecordID": "35397", "Level": "4", "UserID": "S-1-5-18", "EventData.DeviceInstanceId": "SWD\\PRINTENUM\\{D4AC4658-34C1-425C-8AAE-355D56029BFA}", "EventData.DriverName": "printqueue.inf", "EventData.ClassGuid": "{1ed2bbf9-11f0-4084-b21f-ad83a8e6dcdc}", "EventData.ServiceName": null, "EventData.LowerFilters": null, "EventData.UpperFilters": null, "EventData.Problem": "0x00000000", "EventData.Status": "0x00000000"}
{"EventID": "400", "Channel": "Microsoft-Windows-Kernel-PnP/Configuration", "Provider_Name": "Microsoft-Windows-Kernel-PnP", "Computer": "DESKTOP-OFJ6N53", "TimeCreated": "2025-07-16 16:15:40.964329+00:00", "RecordID": "35398", "Level": "4", "UserID": "S-1-5-18", "EventData.DeviceInstanceId": "SWD\\PRINTENUM\\{20278DE1-38D4-47C9-BB8E-A5E9A5D00791}", "EventData.DriverName": "printqueue.inf", "EventData.ClassGuid": "{1ed2bbf9-11f0-4084-b21f-ad83a8e6dcdc}", "EventData.DriverDate": "06/21/2006", "EventData.DriverVersion": "10.0.19041.1", "EventData.DriverProvider": "Microsoft", "EventData.DriverInbox": "True", "EventData.DriverSection": "NO_DRV_LOCAL", "EventData.DriverRank": "0x00000000", "EventData.MatchingDeviceId": "PRINTENUM\\LocalPrintQueue", "EventData.OutrankedDrivers": "c_swdevice.inf:SWD\\GenericRaw:00FF3001", "EventData.DeviceUpdated": "False", "EventData.Status": "0x00000000", "EventData.ParentDeviceInstanceId": "SWD\\PRINTENUM\\PrintQueues"}
{"EventID": "410", "Channel": "Microsoft-Windows-Kernel-PnP/Configuration", "Provider_Name": "Microsoft-Windows-Kernel-PnP", "Computer": "DESKTOP-OFJ6N53", "TimeCreated": "2025-07-16 16:15:40.967236+00:00", "RecordID": "35399", "Level": "4", "UserID": "S-1-5-18", "EventData.DeviceInstanceId": "SWD\\PRINTENUM\\{20278DE1-38D4-47C9-BB8E-A5E9A5D00791}", "EventData.DriverName": "printqueue.inf", "EventData.ClassGuid": "{1ed2bbf9-11f0-4084-b21f-ad83a8e6dcdc}", "EventData.ServiceName": null, "EventData.LowerFilters": null, "EventData.UpperFilters": null, "EventData.Problem": "0x00000000", "EventData.Status": "0x00000000"}
{"EventID": "400", "Channel": "Microsoft-Windows-Kernel-PnP/Configuration", "Provider_Name": "Microsoft-Windows-Kernel-PnP", "Computer": "DESKTOP-OFJ6N53", "TimeCreated": "2025-07-16 16:15:45.660284+00:00", "RecordID": "35400", "Level": "4", "UserID": "S-1-5-18", "EventData.DeviceInstanceId": "SWD\\PRINTENUM\\{A83811E0-0E86-4CE4-88D1-16FA74CDA571}", "EventData.DriverName": "printqueue.inf", "EventData.ClassGuid": "{1ed2bbf9-11f0-4084-b21f-ad83a8e6dcdc}", "EventData.DriverDate": "06/21/2006", "EventData.DriverVersion": "10.0.19041.1", "EventData.DriverProvider": "Microsoft", "EventData.DriverInbox": "True", "EventData.DriverSection": "NO_DRV_LOCAL", "EventData.DriverRank": "0x00000000", "EventData.MatchingDeviceId": "PRINTENUM\\LocalPrintQueue", "EventData.OutrankedDrivers": "c_swdevice.inf:SWD\\GenericRaw:00FF3001", "EventData.DeviceUpdated": "False", "EventData.Status": "0x00000000", "EventData.ParentDeviceInstanceId": "SWD\\PRINTENUM\\PrintQueues"}
{"EventID": "410", "Channel": "Microsoft-Windows-Kernel-PnP/Configuration", "Provider_Name": "Microsoft-Windows-Kernel-PnP", "Computer": "DESKTOP-OFJ6N53", "TimeCreated": "2025-07-16 16:15:45.662769+00:00", "RecordID": "35401", "Level": "4", "UserID": "S-1-5-18", "EventData.DeviceInstanceId": "SWD\\PRINTENUM\\{A83811E0-0E86-4CE4-88D1-16FA74CDA571}", "EventData.DriverName": "printqueue.inf", "EventData.ClassGuid": "{1ed2bbf9-11f0-4084-b21f-ad83a8e6dcdc}", "EventData.ServiceName": null, "EventData.LowerFilters": null, "EventData.UpperFilters": null, "EventData.Problem": "0x00000000", "EventData.Status": "0x00000000"}
{"EventID": "400", "Channel": "Microsoft-Windows-Kernel-PnP/Configuration", "Provider_Name": "Microsoft-Windows-Kernel-PnP", "Computer": "DESKTOP-OFJ6N53", "TimeCreated": "2025-07-16 16:15:48.961626+00:00", "RecordID": "35402", "Level": "4", "UserID": "S-1-5-18", "EventData.DeviceInstanceId": "SWD\\PRINTENUM\\{9B686B4D-9896-4671-A5A6-51C4A4DE1AE4}", "EventData.DriverName": "printqueue.inf", "EventData.ClassGuid": "{1ed2bbf9-11f0-4084-b21f-ad83a8e6dcdc}", "EventData.DriverDate": "06/21/2006", "EventData.DriverVersion": "10.0.19041.1", "EventData.DriverProvider": "Microsoft", "EventData.DriverInbox": "True", "EventData.DriverSection": "NO_DRV_LOCAL", "EventData.DriverRank": "0x00000000", "EventData.MatchingDeviceId": "PRINTENUM\\LocalPrintQueue", "EventData.OutrankedDrivers": "c_swdevice.inf:SWD\\GenericRaw:00FF3001", "EventData.DeviceUpdated": "False", "EventData.Status": "0x00000000", "EventData.ParentDeviceInstanceId": "SWD\\PRINTENUM\\PrintQueues"}
{"EventID": "410", "Channel": "Microsoft-Windows-Kernel-PnP/Configuration", "Provider_Name": "Microsoft-Windows-Kernel-PnP", "Computer": "DESKTOP-OFJ6N53", "TimeCreated": "2025-07-16 16:15:48.964479+00:00", "RecordID": "35403", "Level": "4", "UserID": "S-1-5-18", "EventData.DeviceInstanceId": "SWD\\PRINTENUM\\{9B686B4D-9896-4671-A5A6-51C4A4DE1AE4}", "EventData.DriverName": "printqueue.inf", "EventData.ClassGuid": "{1ed2bbf9-11f0-4084-b21f-ad83a8e6dcdc}", "EventData.ServiceName": null, "EventData.LowerFilters": null, "EventData.UpperFilters": null, "EventData.Problem": "0x00000000", "EventData.Status": "0x00000000"}
{"EventID": "400", "Channel": "Microsoft-Windows-Kernel-PnP/Configuration", "Provider_Name": "Microsoft-Windows-Kernel-PnP", "Computer": "DESKTOP-OFJ6N53", "TimeCreated": "2025-07-16 16:15:53.347551+00:00", "RecordID": "35404", "Level": "4", "UserID": "S-1-5-18", "EventData.DeviceInstanceId": "SWD\\PRINTENUM\\{61F9E1BC-D769-4BAC-9CFF-AA811B585A81}", "EventData.DriverName": "printqueue.inf", "EventData.ClassGuid": "{1ed2bbf9-11f0-4084-b21f-ad83a8e6dcdc}", "EventData.DriverDate": "06/21/2006", "EventData.DriverVersion": "10.0.19041.1", "EventData.DriverProvider": "Microsoft", "EventData.DriverInbox": "True", "EventData.DriverSection": "NO_DRV_LOCAL", "EventData.DriverRank": "0x00000000", "EventData.MatchingDeviceId": "PRINTENUM\\LocalPrintQueue", "EventData.OutrankedDrivers": "c_swdevice.inf:SWD\\GenericRaw:00FF3001", "EventData.DeviceUpdated": "False", "EventData.Status": "0x00000000", "EventData.ParentDeviceInstanceId": "SWD\\PRINTENUM\\PrintQueues"}
{"EventID": "410", "Channel": "Microsoft-Windows-Kernel-PnP/Configuration", "Provider_Name": "Microsoft-Windows-Kernel-PnP", "Computer": "DESKTOP-OFJ6N53", "TimeCreated": "2025-07-16 16:15:53.350679+00:00", "RecordID": "35405", "Level": "4", "UserID": "S-1-5-18", "EventData.DeviceInstanceId": "SWD\\PRINTENUM\\{61F9E1BC-D769-4BAC-9CFF-AA811B585A81}", "EventData.DriverName": "printqueue.inf", "EventData.ClassGuid": "{1ed2bbf9-11f0-4084-b21f-ad83a8e6dcdc}", "EventData.ServiceName": null, "EventData.LowerFilters": null, "EventData.UpperFilters": null, "EventData.Problem": "0x00000000", "EventData.Status": "0x00000000"}
{"EventID": "400", "Channel": "Microsoft-Windows-Kernel-PnP/Configuration", "Provider_Name": "Microsoft-Windows-Kernel-PnP", "Computer": "DESKTOP-OFJ6N53", "TimeCreated": "2025-07-16 16:15:55.708885+00:00", "RecordID": "35406", "Level": "4", "UserID": "S-1-5-18", "EventData.DeviceInstanceId": "SWD\\PRINTENUM\\{EA8DA436-1B55-48A9-BBC6-653F033A6B7B}", "EventData.DriverName": "printqueue.inf", "EventData.ClassGuid": "{1ed2bbf9-11f0-4084-b21f-ad83a8e6dcdc}", "EventData.DriverDate": "06/21/2006", "EventData.DriverVersion": "10.0.19041.1", "EventData.DriverProvider": "Microsoft", "EventData.DriverInbox": "True", "EventData.DriverSection": "NO_DRV_LOCAL", "EventData.DriverRank": "0x00000000", "EventData.MatchingDeviceId": "PRINTENUM\\LocalPrintQueue", "EventData.OutrankedDrivers": "c_swdevice.inf:SWD\\GenericRaw:00FF3001", "EventData.DeviceUpdated": "False", "EventData.Status": "0x00000000", "EventData.ParentDeviceInstanceId": "SWD\\PRINTENUM\\PrintQueues"}
{"EventID": "410", "Channel": "Microsoft-Windows-Kernel-PnP/Configuration", "Provider_Name": "Microsoft-Windows-Kernel-PnP", "Computer": "DESKTOP-OFJ6N53", "TimeCreated": "2025-07-16 16:15:55.711119+00:00", "RecordID": "35407", "Level": "4", "UserID": "S-1-5-18", "EventData.DeviceInstanceId": "SWD\\PRINTENUM\\{EA8DA436-1B55-48A9-BBC6-653F033A6B7B}", "EventData.DriverName": "printqueue.inf", "EventData.ClassGuid": "{1ed2bbf9-11f0-4084-b21f-ad83a8e6dcdc}", "EventData.ServiceName": null, "EventData.LowerFilters": null, "EventData.UpperFilters": null, "EventData.Problem": "0x00000000", "EventData.Status": "0x00000000"}
{"EventID": "400", "Channel": "Microsoft-Windows-Kernel-PnP/Configuration", "Provider_Name": "Microsoft-Windows-Kernel-PnP", "Computer": "DESKTOP-OFJ6N53", "TimeCreated": "2025-07-16 16:15:58.587091+00:00", "RecordID": "35408", "Level": "4", "UserID": "S-1-5-18", "EventData.DeviceInstanceId": "SWD\\PRINTENUM\\{AB8350AD-F6E2-46C0-987B-2CA9B0F9179A}", "EventData.DriverName": "printqueue.inf", "EventData.ClassGuid": "{1ed2bbf9-11f0-4084-b21f-ad83a8e6dcdc}", "EventData.DriverDate": "06/21/2006", "EventData.DriverVersion": "10.0.19041.1", "EventData.DriverProvider": "Microsoft", "EventData.DriverInbox": "True", "EventData.DriverSection": "NO_DRV_LOCAL", "EventData.DriverRank": "0x00000000", "EventData.MatchingDeviceId": "PRINTENUM\\LocalPrintQueue", "EventData.OutrankedDrivers": "c_swdevice.inf:SWD\\GenericRaw:00FF3001", "EventData.DeviceUpdated": "False", "EventData.Status": "0x00000000", "EventData.ParentDeviceInstanceId": "SWD\\PRINTENUM\\PrintQueues"}
{"EventID": "410", "Channel": "Microsoft-Windows-Kernel-PnP/Configuration", "Provider_Name": "Microsoft-Windows-Kernel-PnP", "Computer": "DESKTOP-OFJ6N53", "TimeCreated": "2025-07-16 16:15:58.589767+00:00", "RecordID": "35409", "Level": "4", "UserID": "S-1-5-18", "EventData.DeviceInstanceId": "SWD\\PRINTENUM\\{AB8350AD-F6E2-46C0-987B-2CA9B0F9179A}", "EventData.DriverName": "printqueue.inf", "EventData.ClassGuid": "{1ed2bbf9-11f0-4084-b21f-ad83a8e6dcdc}", "EventData.ServiceName": null, "EventData.LowerFilters": null, "EventData.UpperFilters": null, "EventData.Problem": "0x00000000", "EventData.Status": "0x00000000"}
{"EventID": "400", "Channel": "Microsoft-Windows-Kernel-PnP/Configuration", "Provider_Name": "Microsoft-Windows-Kernel-PnP", "Computer": "DESKTOP-OFJ6N53", "TimeCreated": "2025-07-16 16:16:00.624962+00:00", "RecordID": "35410", "Level": "4", "UserID": "S-1-5-18", "EventData.DeviceInstanceId": "SWD\\PRINTENUM\\{9879AFEC-99B7-4517-A2B5-10D93E1CB0F2}", "EventData.DriverName": "printqueue.inf", "EventData.ClassGuid": "{1ed2bbf9-11f0-4084-b21f-ad83a8e6dcdc}", "EventData.DriverDate": "06/21/2006", "EventData.DriverVersion": "10.0.19041.1", "EventData.DriverProvider": "Microsoft", "EventData.DriverInbox": "True", "EventData.DriverSection": "NO_DRV_LOCAL", "EventData.DriverRank": "0x00000000", "EventData.MatchingDeviceId": "PRINTENUM\\LocalPrintQueue", "EventData.OutrankedDrivers": "c_swdevice.inf:SWD\\GenericRaw:00FF3001", "EventData.DeviceUpdated": "False", "EventData.Status": "0x00000000", "EventData.ParentDeviceInstanceId": "SWD\\PRINTENUM\\PrintQueues"}
{"EventID": "410", "Channel": "Microsoft-Windows-Kernel-PnP/Configuration", "Provider_Name": "Microsoft-Windows-Kernel-PnP", "Computer": "DESKTOP-OFJ6N53", "TimeCreated": "2025-07-16 16:16:00.627548+00:00", "RecordID": "35411", "Level": "4", "UserID": "S-1-5-18", "EventData.DeviceInstanceId": "SWD\\PRINTENUM\\{9879AFEC-99B7-4517-A2B5-10D93E1CB0F2}", "EventData.DriverName": "printqueue.inf", "EventData.ClassGuid": "{1ed2bbf9-11f0-4084-b21f-ad83a8e6dcdc}", "EventData.ServiceName": null, "EventData.LowerFilters": null, "EventData.UpperFilters": null, "EventData.Problem": "0x00000000", "EventData.Status": "0x00000000"}
{"EventID": "400", "Channel": "Microsoft-Windows-Kernel-PnP/Configuration", "Provider_Name": "Microsoft-Windows-Kernel-PnP", "Computer": "DESKTOP-OFJ6N53", "TimeCreated": "2025-07-16 16:16:03.687605+00:00", "RecordID": "35412", "Level": "4", "UserID": "S-1-5-18", "EventData.DeviceInstanceId": "SWD\\PRINTENUM\\{2670AFF5-1771-4AFD-8E35-D97F0536EDA0}", "EventData.DriverName": "printqueue.inf", "EventData.ClassGuid": "{1ed2bbf9-11f0-4084-b21f-ad83a8e6dcdc}", "EventData.DriverDate": "06/21/2006", "EventData.DriverVersion": "10.0.19041.1", "EventData.DriverProvider": "Microsoft", "EventData.DriverInbox": "True", "EventData.DriverSection": "NO_DRV_LOCAL", "EventData.DriverRank": "0x00000000", "EventData.MatchingDeviceId": "PRINTENUM\\LocalPrintQueue", "EventData.OutrankedDrivers": "c_swdevice.inf:SWD\\GenericRaw:00FF3001", "EventData.DeviceUpdated": "False", "EventData.Status": "0x00000000", "EventData.ParentDeviceInstanceId": "SWD\\PRINTENUM\\PrintQueues"}
{"EventID": "410", "Channel": "Microsoft-Windows-Kernel-PnP/Configuration", "Provider_Name": "Microsoft-Windows-Kernel-PnP", "Computer": "DESKTOP-OFJ6N53", "TimeCreated": "2025-07-16 16:16:03.689959+00:00", "RecordID": "35413", "Level": "4", "UserID": "S-1-5-18", "EventData.DeviceInstanceId": "SWD\\PRINTENUM\\{2670AFF5-1771-4AFD-8E35-D97F0536EDA0}", "EventData.DriverName": "printqueue.inf", "EventData.ClassGuid": "{1ed2bbf9-11f0-4084-b21f-ad83a8e6dcdc}", "EventData.ServiceName": null, "EventData.LowerFilters": null, "EventData.UpperFilters": null, "EventData.Problem": "0x00000000", "EventData.Status": "0x00000000"}
{"EventID": "400", "Channel": "Microsoft-Windows-Kernel-PnP/Configuration", "Provider_Name": "Microsoft-Windows-Kernel-PnP", "Computer": "DESKTOP-OFJ6N53", "TimeCreated": "2025-07-16 16:16:07.225426+00:00", "RecordID": "35414", "Level": "4", "UserID": "S-1-5-18", "EventData.DeviceInstanceId": "SWD\\PRINTENUM\\{AA2E3802-69BF-43DC-B128-A6B0475CBF7A}", "EventData.DriverName": "printqueue.inf", "EventData.ClassGuid": "{1ed2bbf9-11f0-4084-b21f-ad83a8e6dcdc}", "EventData.DriverDate": "06/21/2006", "EventData.DriverVersion": "10.0.19041.1", "EventData.DriverProvider": "Microsoft", "EventData.DriverInbox": "True", "EventData.DriverSection": "NO_DRV_LOCAL", "EventData.DriverRank": "0x00000000", "EventData.MatchingDeviceId": "PRINTENUM\\LocalPrintQueue", "EventData.OutrankedDrivers": "c_swdevice.inf:SWD\\GenericRaw:00FF3001", "EventData.DeviceUpdated": "False", "EventData.Status": "0x00000000", "EventData.ParentDeviceInstanceId": "SWD\\PRINTENUM\\PrintQueues"}
