{"EventID": "8100", "Channel": "Microsoft-Windows-AppXDeploymentServer/Operational", "Provider_Name": "Microsoft-Windows-AppXDeployment-Server", "Computer": "DESKTOP-OFJ6N53", "TimeCreated": "2025-07-24 21:46:24.749166+00:00", "RecordID": "114315", "Level": "5", "UserID": "S-1-5-18", "EventData.PackageFullName": "Microsoft.XboxApp_48.104.4001.0_neutral_split.scale-125_8wekyb3d8bbwe", "EventData.Flags": "0x00000009"}
{"EventID": "8106", "Channel": "Microsoft-Windows-AppXDeploymentServer/Operational", "Provider_Name": "Microsoft-Windows-AppXDeployment-Server", "Computer": "DESKTOP-OFJ6N53", "TimeCreated": "2025-07-24 21:46:24.750858+00:00", "RecordID": "114316", "Level": "5", "UserID": "S-1-5-18", "EventData.PackageFullName": "Microsoft.XboxApp_48.104.4001.0_neutral_split.scale-125_8wekyb3d8bbwe", "EventData.Flags": "0x00000009"}
{"EventID": "8101", "Channel": "Microsoft-Windows-AppXDeploymentServer/Operational", "Provider_Name": "Microsoft-Windows-AppXDeployment-Server", "Computer": "DESKTOP-OFJ6N53", "TimeCreated": "2025-07-24 21:46:24.750870+00:00", "RecordID": "114317", "Level": "5", "UserID": "S-1-5-18", "EventData.PackageFullName": "Microsoft.XboxApp_48.104.4001.0_neutral_split.scale-125_8wekyb3d8bbwe", "EventData.Flags": "0x00000009"}
{"EventID": "8100", "Channel": "Microsoft-Windows-AppXDeploymentServer/Operational", "Provider_Name": "Microsoft-Windows-AppXDeployment-Server", "Computer": "DESKTOP-OFJ6N53", "TimeCreated": "2025-07-24 21:46:24.750874+00:00", "RecordID": "114318", "Level": "5", "UserID": "S-1-5-18", "EventData.PackageFullName": "Microsoft.XboxApp_48.104.4001.0_neutral_split.language-ru_8wekyb3d8bbwe", "EventData.Flags": "0x00000009"}
{"EventID": "8106", "Channel": "Microsoft-Windows-AppXDeploymentServer/Operational", "Provider_Name": "Microsoft-Windows-AppXDeployment-Server", "Computer": "DESKTOP-OFJ6N53", "TimeCreated": "2025-07-24 21:46:24.752382+00:00", "RecordID": "114319", "Level": "5", "UserID": "S-1-5-18", "EventData.PackageFullName": "Microsoft.XboxApp_48.104.4001.0_neutral_split.language-ru_8wekyb3d8bbwe", "EventData.Flags": "0x00000009"}
{"EventID": "8101", "Channel": "Microsoft-Windows-AppXDeploymentServer/Operational", "Provider_Name": "Microsoft-Windows-AppXDeployment-Server", "Computer": "DESKTOP-OFJ6N53", "TimeCreated": "2025-07-24 21:46:24.752392+00:00", "RecordID": "114320", "Level": "5", "UserID": "S-1-5-18", "EventData.PackageFullName": "Microsoft.XboxApp_48.104.4001.0_neutral_split.language-ru_8wekyb3d8bbwe", "EventData.Flags": "0x00000009"}
{"EventID": "8100", "Channel": "Microsoft-Windows-AppXDeploymentServer/Operational", "Provider_Name": "Microsoft-Windows-AppXDeployment-Server", "Computer": "DESKTOP-OFJ6N53", "TimeCreated": "2025-07-24 21:46:24.752394+00:00", "RecordID": "114321", "Level": "5", "UserID": "S-1-5-18", "EventData.PackageFullName": "Microsoft.XboxApp_48.104.4001.0_x64__8wekyb3d8bbwe", "EventData.Flags": "0x00000009"}
{"EventID": "8106", "Channel": "Microsoft-Windows-AppXDeploymentServer/Operational", "Provider_Name": "Microsoft-Windows-AppXDeployment-Server", "Computer": "DESKTOP-OFJ6N53", "TimeCreated": "2025-07-24 21:46:24.753950+00:00", "RecordID": "114322", "Level": "5", "UserID": "S-1-5-18", "EventData.PackageFullName": "Microsoft.XboxApp_48.104.4001.0_x64__8wekyb3d8bbwe", "EventData.Flags": "0x00000009"}
{"EventID": "8101", "Channel": "Microsoft-Windows-AppXDeploymentServer/Operational", "Provider_Name": "Microsoft-Windows-AppXDeployment-Server", "Computer": "DESKTOP-OFJ6N53", "TimeCreated": "2025-07-24 21:46:24.753962+00:00", "RecordID": "114323", "Level": "5", "UserID": "S-1-5-18", "EventData.PackageFullName": "Microsoft.XboxApp_48.104.4001.0_x64__8wekyb3d8bbwe", "EventData.Flags": "0x00000009"}
{"EventID": "5507", "Channel": "Microsoft-Windows-AppXDeploymentServer/Operational", "Provider_Name": "Microsoft-Windows-AppXDeployment-Server", "Computer": "DESKTOP-OFJ6N53", "TimeCreated": "2025-07-24 21:46:25.013924+00:00", "RecordID": "114324", "Level": "5", "UserID": "S-1-5-21-963789628-1060504924-4285088085-1001", "EventData.PackageName": "Microsoft.XboxApp_48.104.4001.0_x64__8wekyb3d8bbwe", "EventData.FilePath": "S-1-5-21-963789628-1060504924-4285088085-1001-MergedResources-16.pri", "EventData.Message": "Current user-specific merged PRI file ignored"}
{"EventID": "5507", "Channel": "Microsoft-Windows-AppXDeploymentServer/Operational", "Provider_Name": "Microsoft-Windows-AppXDeployment-Server", "Computer": "DESKTOP-OFJ6N53", "TimeCreated": "2025-07-24 21:46:25.014683+00:00", "RecordID": "114325", "Level": "5", "UserID": "S-1-5-21-963789628-1060504924-4285088085-1001", "EventData.PackageName": "Microsoft.XboxApp_48.104.4001.0_x64__8wekyb3d8bbwe", "EventData.FilePath": "C:\\Program Files\\WindowsApps\\Microsoft.XboxApp_48.104.4001.0_x64__8wekyb3d8bbwe\\microsoft.system.package.metadata\\resources.e1fc7b6b.pri", "EventData.Message": "Shared merged file still in use"}
{"EventID": "5507", "Channel": "Microsoft-Windows-AppXDeploymentServer/Operational", "Provider_Name": "Microsoft-Windows-AppXDeployment-Server", "Computer": "DESKTOP-OFJ6N53", "TimeCreated": "2025-07-24 21:46:25.014740+00:00", "RecordID": "114326", "Level": "5", "UserID": "S-1-5-21-963789628-1060504924-4285088085-1001", "EventData.PackageName": "Microsoft.XboxApp_48.104.4001.0_x64__8wekyb3d8bbwe", "EventData.FilePath": "resources.ebcb6b40.pri", "EventData.Message": "Current shared merged PRI file ignored"}
{"EventID": "5508", "Channel": "Microsoft-Windows-AppXDeploymentServer/Operational", "Provider_Name": "Microsoft-Windows-AppXDeployment-Server", "Computer": "DESKTOP-OFJ6N53", "TimeCreated": "2025-07-24 21:46:25.015457+00:00", "RecordID": "114327", "Level": "5", "UserID": "S-1-5-18", "EventData.PackageName": "Microsoft.XboxApp_48.104.4001.0_x64__8wekyb3d8bbwe", "EventData.FilePath": "C:\\Program Files\\WindowsApps\\Microsoft.XboxApp_48.104.4001.0_x64__8wekyb3d8bbwe\\microsoft.system.package.metadata\\S-1-5-21-963789628-1060504924-4285088085-1001-MergedResources-15.pri", "EventData.Message": "Deleted"}
{"EventID": "5507", "Channel": "Microsoft-Windows-AppXDeploymentServer/Operational", "Provider_Name": "Microsoft-Windows-AppXDeployment-Server", "Computer": "DESKTOP-OFJ6N53", "TimeCreated": "2025-07-24 21:46:25.015635+00:00", "RecordID": "114328", "Level": "5", "UserID": "S-1-5-21-963789628-1060504924-4285088085-1001", "EventData.PackageName": "Microsoft.XboxApp_48.104.4001.0_x64__8wekyb3d8bbwe", "EventData.FilePath": "S-1-5-21-963789628-1060504924-4285088085-1001-MergedResources-16.pri", "EventData.Message": "Current user-specific merged PRI file ignored"}
{"EventID": "5507", "Channel": "Microsoft-Windows-AppXDeploymentServer/Operational", "Provider_Name": "Microsoft-Windows-AppXDeployment-Server", "Computer": "DESKTOP-OFJ6N53", "TimeCreated": "2025-07-24 21:46:25.016235+00:00", "RecordID": "114329", "Level": "5", "UserID": "S-1-5-21-963789628-1060504924-4285088085-1001", "EventData.PackageName": "Microsoft.XboxApp_48.104.4001.0_x64__8wekyb3d8bbwe", "EventData.FilePath": "resources.ebcb6b40.pri", "EventData.Message": "Current shared merged PRI file ignored"}
{"EventID": "5508", "Channel": "Microsoft-Windows-AppXDeploymentServer/Operational", "Provider_Name": "Microsoft-Windows-AppXDeployment-Server", "Computer": "DESKTOP-OFJ6N53", "TimeCreated": "2025-07-24 21:46:25.016836+00:00", "RecordID": "114330", "Level": "5", "UserID": "S-1-5-18", "EventData.PackageName": "Microsoft.XboxApp_48.104.4001.0_x64__8wekyb3d8bbwe", "EventData.FilePath": "C:\\Program Files\\WindowsApps\\Microsoft.XboxApp_48.104.4001.0_x64__8wekyb3d8bbwe\\microsoft.system.package.metadata\\resources.e1fc7b6b.pri", "EventData.Message": "Deleted"}
{"EventID": "813", "Channel": "Microsoft-Windows-AppXDeploymentServer/Operational", "Provider_Name": "Microsoft-Windows-AppXDeployment-Server", "Computer": "DESKTOP-OFJ6N53", "TimeCreated": "2025-07-24 21:46:25.264061+00:00", "RecordID": "114331", "Level": "5", "UserID": "S-1-5-18", "EventData.PackageMoniker": "Microsoft.XboxApp_48.104.4001.0_neutral_~_8wekyb3d8bbwe"}
{"EventID": "10001", "Channel": "Microsoft-Windows-AppXDeploymentServer/Operational", "Provider_Name": "Microsoft-Windows-AppXDeployment-Server", "Computer": "DESKTOP-OFJ6N53", "TimeCreated": "2025-07-24 21:46:26.016554+00:00", "RecordID": "114332", "Level": "5", "UserID": "S-1-5-18", "EventData.PackageFullName": "Microsoft.XboxApp_48.104.4001.0_x64__8wekyb3d8bbwe", "EventData.ErrorCode": "0x00000000"}
{"EventID": "10001", "Channel": "Microsoft-Windows-AppXDeploymentServer/Operational", "Provider_Name": "Microsoft-Windows-AppXDeployment-Server", "Computer": "DESKTOP-OFJ6N53", "TimeCreated": "2025-07-24 21:46:26.016973+00:00", "RecordID": "114333", "Level": "5", "UserID": "S-1-5-18", "EventData.PackageFullName": "Microsoft.XboxApp_48.104.4001.0_x64__8wekyb3d8bbwe", "EventData.ErrorCode": "0x00000000"}
{"EventID": "10001", "Channel": "Microsoft-Windows-AppXDeploymentServer/Operational", "Provider_Name": "Microsoft-Windows-AppXDeployment-Server", "Computer": "DESKTOP-OFJ6N53", "TimeCreated": "2025-07-24 21:46:26.017118+00:00", "RecordID": "114334", "Level": "5", "UserID": "S-1-5-18", "EventData.PackageFullName": "Microsoft.XboxApp_48.104.4001.0_neutral_split.scale-125_8wekyb3d8bbwe", "EventData.ErrorCode": "0x00000000"}
{"EventID": "10001", "Channel": "Microsoft-Windows-AppXDeploymentServer/Operational", "Provider_Name": "Microsoft-Windows-AppXDeployment-Server", "Computer": "DESKTOP-OFJ6N53", "TimeCreated": "2025-07-24 21:46:26.017208+00:00", "RecordID": "114335", "Level": "5", "UserID": "S-1-5-18", "EventData.PackageFullName": "Microsoft.XboxApp_48.104.4001.0_neutral_split.scale-125_8wekyb3d8bbwe", "EventData.ErrorCode": "0x00000000"}
{"EventID": "10001", "Channel": "Microsoft-Windows-AppXDeploymentServer/Operational", "Provider_Name": "Microsoft-Windows-AppXDeployment-Server", "Computer": "DESKTOP-OFJ6N53", "TimeCreated": "2025-07-24 21:46:26.017275+00:00", "RecordID": "114336", "Level": "5", "UserID": "S-1-5-18", "EventData.PackageFullName": "Microsoft.XboxApp_48.104.4001.0_neutral_split.language-ru_8wekyb3d8bbwe", "EventData.ErrorCode": "0x00000000"}
{"EventID": "10001", "Channel": "Microsoft-Windows-AppXDeploymentServer/Operational", "Provider_Name": "Microsoft-Windows-AppXDeployment-Server", "Computer": "DESKTOP-OFJ6N53", "TimeCreated": "2025-07-24 21:46:26.017340+00:00", "RecordID": "114337", "Level": "5", "UserID": "S-1-5-18", "EventData.PackageFullName": "Microsoft.XboxApp_48.104.4001.0_neutral_split.language-ru_8wekyb3d8bbwe", "EventData.ErrorCode": "0x00000000"}
{"EventID": "10001", "Channel": "Microsoft-Windows-AppXDeploymentServer/Operational", "Provider_Name": "Microsoft-Windows-AppXDeployment-Server", "Computer": "DESKTOP-OFJ6N53", "TimeCreated": "2025-07-24 21:46:26.017397+00:00", "RecordID": "114338", "Level": "5", "UserID": "S-1-5-18", "EventData.PackageFullName": "Microsoft.XboxApp_48.104.4001.0_x64__8wekyb3d8bbwe", "EventData.ErrorCode": "0x00000000"}
{"EventID": "10001", "Channel": "Microsoft-Windows-AppXDeploymentServer/Operational", "Provider_Name": "Microsoft-Windows-AppXDeployment-Server", "Computer": "DESKTOP-OFJ6N53", "TimeCreated": "2025-07-24 21:46:26.017466+00:00", "RecordID": "114339", "Level": "5", "UserID": "S-1-5-18", "EventData.PackageFullName": "Microsoft.XboxApp_48.104.4001.0_x64__8wekyb3d8bbwe", "EventData.ErrorCode": "0x00000000"}
{"EventID": "10001", "Channel": "Microsoft-Windows-AppXDeploymentServer/Operational", "Provider_Name": "Microsoft-Windows-AppXDeployment-Server", "Computer": "DESKTOP-OFJ6N53", "TimeCreated": "2025-07-24 21:46:26.017532+00:00", "RecordID": "114340", "Level": "5", "UserID": "S-1-5-18", "EventData.PackageFullName": "Microsoft.XboxApp_48.104.4001.0_neutral_~_8wekyb3d8bbwe", "EventData.ErrorCode": "0x00000000"}
{"EventID": "10001", "Channel": "Microsoft-Windows-AppXDeploymentServer/Operational", "Provider_Name": "Microsoft-Windows-AppXDeployment-Server", "Computer": "DESKTOP-OFJ6N53", "TimeCreated": "2025-07-24 21:46:26.017595+00:00", "RecordID": "114341", "Level": "5", "UserID": "S-1-5-18", "EventData.PackageFullName": "Microsoft.XboxApp_48.104.4001.0_neutral_~_8wekyb3d8bbwe", "EventData.ErrorCode": "0x00000000"}
{"EventID": "400", "Channel": "Microsoft-Windows-AppXDeploymentServer/Operational", "Provider_Name": "Microsoft-Windows-AppXDeployment-Server", "Computer": "DESKTOP-OFJ6N53", "TimeCreated": "2025-07-24 21:46:26.129873+00:00", "RecordID": "114342", "Level": "4", "UserID": "S-1-5-21-963789628-1060504924-4285088085-1001", "EventData.DeploymentOperation": "6", "EventData.PackageFullName": "Microsoft.XboxApp_48.104.4001.0_neutral_~_8wekyb3d8bbwe", "EventData.Path": "(AppxBundleManifest.xml)", "EventData.MountPoint": "C:", "EventData.TargetPlatform": "0x00000003", "EventData.SystemVolume": "True", "EventData.StorageId": "\\\\?\\Volume{c33a8663-71a2-4031-8cec-c21914fe12ad}", "EventData.IsCentennial": "False", "EventData.PackageType": "0x00000008", "EventData.IsPackageEncrypted": "False", "EventData.DeploymentOptions": "0x0004000004044800", "EventData.IsStreamingPackage": "False", "EventData.IsInRelatedSet": "False", "EventData.IsPackageUsingBDC": "False", "EventData.MainPackageFamilyName": "NULL", "EventData.CallingProcess": "svchost.exe,wuauserv", "EventData.IsOptional": "False", "EventData.PackageFlags": "0x00000400", "EventData.PackageFlags2": "0x00000800", "EventData.HasWin32alacarte": "False", "EventData.HasFullTrust": "False", "EventData.ExternalLocation": null, "EventData.PackageSourceUri": "x-windowsupdate://8886C80D-A1E0-4AB9-9578-1FAC5AAF12F7/2F510DC1-4B62-4128-956E-A73D253CC9CB/d71b51a86f47693370e6bb858091e4aa89ce0c65"}
{"EventID": "478", "Channel": "Microsoft-Windows-AppXDeploymentServer/Operational", "Provider_Name": "Microsoft-Windows-AppXDeployment-Server", "Computer": "DESKTOP-OFJ6N53", "TimeCreated": "2025-07-24 21:46:26.129993+00:00", "RecordID": "114343", "Level": "5", "UserID": "S-1-5-21-963789628-1060504924-4285088085-1001", "EventData.DeploymentOperation": "6", "EventData.PackageFullName": "Microsoft.XboxApp_48.104.4001.0_x64__8wekyb3d8bbwe", "EventData.Path": "(AppxBundleManifest.xml)", "EventData.MountPoint": "C:", "EventData.TargetPlatform": "0x00000003", "EventData.SystemVolume": "True", "EventData.StorageId": "\\\\?\\Volume{c33a8663-71a2-4031-8cec-c21914fe12ad}", "EventData.IsCentennial": "False", "EventData.PackageType": "0x00000001", "EventData.IsPackageEncrypted": "False", "EventData.DeploymentOptions": "0x0004000004044800", "EventData.IsStreamingPackage": "False", "EventData.IsInRelatedSet": "False", "EventData.IsPackageUsingBDC": "False", "EventData.MainPackageFamilyName": "NULL", "EventData.CallingProcess": "svchost.exe,wuauserv", "EventData.IsOptional": "False", "EventData.PackageFlags": "0x00000008", "EventData.PackageFlags2": "0x00000800", "EventData.HasWin32alacarte": "False", "EventData.HasFullTrust": "False", "EventData.ExternalLocation": null, "EventData.PackageSourceUri": "x-windowsupdate://8886C80D-A1E0-4AB9-9578-1FAC5AAF12F7/2F510DC1-4B62-4128-956E-A73D253CC9CB/d71b51a86f47693370e6bb858091e4aa89ce0c65"}
{"EventID": "472", "Channel": "Microsoft-Windows-AppXDeploymentServer/Operational", "Provider_Name": "Microsoft-Windows-AppXDeployment-Server", "Computer": "DESKTOP-OFJ6N53", "TimeCreated": "2025-07-24 21:46:26.212309+00:00", "RecordID": "114344", "Level": "5", "UserID": "S-1-5-18", "EventData.SourceFolderPath": "\\\\?\\C:\\Program Files\\WindowsApps\\Microsoft.XboxApp_48.104.4001.0_neutral_split.scale-200_8wekyb3d8bbwe", "EventData.DestinationFolderPath": "\\\\?\\C:\\Program Files\\WindowsApps\\Deleted\\Microsoft.XboxApp_48.104.4001.0_neutral_split.scale-200_8wekyb3d8bbwe6e159cd4-db47-403c-86cc-a6b726b86b7a", "EventData.ErrorCode": "0x00000000"}
{"EventID": "649", "Channel": "Microsoft-Windows-AppXDeploymentServer/Operational", "Provider_Name": "Microsoft-Windows-AppXDeployment-Server", "Computer": "DESKTOP-OFJ6N53", "TimeCreated": "2025-07-24 21:46:26.595242+00:00", "RecordID": "114345", "Level": "4", "UserID": "S-1-5-21-963789628-1060504924-4285088085-1001", "EventData.DeploymentOperation": "6", "EventData.PackageFullName": "Microsoft.XboxApp_48.104.4001.0_neutral_~_8wekyb3d8bbwe", "EventData.Summary": "PostDeploymentOperationCheck cost: 0 ms"}
{"EventID": "613", "Channel": "Microsoft-Windows-AppXDeploymentServer/Operational", "Provider_Name": "Microsoft-Windows-AppXDeployment-Server", "Computer": "DESKTOP-OFJ6N53", "TimeCreated": "2025-07-24 21:46:26.805201+00:00", "RecordID": "114346", "Level": "4", "UserID": "S-1-5-21-963789628-1060504924-4285088085-1001", "EventData.DeploymentOperation": "6", "EventData.PackageFullName": "Microsoft.XboxApp_48.104.4001.0_neutral_~_8wekyb3d8bbwe", "EventData.Summary": "Overall time: 2875 ms\nEnqueue cost: 16 ms\nDequeue delay: 0 ms\nBundle processing cost: 125 ms\nIndexing cost: 63 ms\nResolve dependency cost: 93 ms\nGap: 16 ms\nCheck approval cost: 0 ms\nEvaluation cost: 16 ms\nHardlinking evaluation cost: 0 ms\nStage required cost: 15 ms\nFlushing and closing files cost: 0 ms\nMachine register cost: 0 ms\nStage user data cost: 16 ms\nGap: 31 ms\nRegistration cost: 938 ms\nGap: 125 ms\nRepository commit transaction cost: 625 ms\nGap: 203 ms\nData flush cost: 390 ms\nPost DeStage repository commit transaction cost: 0 ms\nRemaining cost: 203 ms"}
{"EventID": "603", "Channel": "Microsoft-Windows-AppXDeploymentServer/Operational", "Provider_Name": "Microsoft-Windows-AppXDeployment-Server", "Computer": "DESKTOP-OFJ6N53", "TimeCreated": "2025-07-24 21:46:27.783920+00:00", "RecordID": "114347", "Level": "4", "UserID": "S-1-5-18", "EventData.DeploymentOperation": "4", "EventData.Path": "f93b65fad216d2fdc80e6ab1da5386d1317ab95b", "EventData.Flags": "67108864", "EventData.FlagsHigh": "128", "EventData.CallingProcess": "svchost.exe,wuauserv", "EventData.ExternalLocation": null}
{"EventID": "603", "Channel": "Microsoft-Windows-AppXDeploymentServer/Operational", "Provider_Name": "Microsoft-Windows-AppXDeployment-Server", "Computer": "DESKTOP-OFJ6N53", "TimeCreated": "2025-07-24 21:46:28.803877+00:00", "RecordID": "114348", "Level": "4", "UserID": "S-1-5-21-963789628-1060504924-4285088085-1001", "EventData.DeploymentOperation": "20", "EventData.Path": "A025C540.Yandex.Music_vfvw9svesycw6", "EventData.Flags": "67127296", "EventData.FlagsHigh": "262144", "EventData.CallingProcess": "svchost.exe,wuauserv", "EventData.ExternalLocation": null}
{"EventID": "10002", "Channel": "Microsoft-Windows-AppXDeploymentServer/Operational", "Provider_Name": "Microsoft-Windows-AppXDeployment-Server", "Computer": "DESKTOP-OFJ6N53", "TimeCreated": "2025-07-24 21:46:28.903940+00:00", "RecordID": "114349", "Level": "5", "UserID": "S-1-5-18", "EventData.DeploymentOperation": "6", "EventData.MainPackageMoniker": "A025C540.Yandex.Music_4.54.8517.0_neutral_~_vfvw9svesycw6", "EventData.ResiliencyFilePath": "C:\\ProgramData\\Microsoft\\Windows\\AppRepository\\1dcd5e57-3e4d-43b5-9ff6-de398e075c95_S-1-5-21-963789628-1060504924-4285088085-1001_9.rslc"}
{"EventID": "607", "Channel": "Microsoft-Windows-AppXDeploymentServer/Operational", "Provider_Name": "Microsoft-Windows-AppXDeployment-Server", "Computer": "DESKTOP-OFJ6N53", "TimeCreated": "2025-07-24 21:46:28.904694+00:00", "RecordID": "114350", "Level": "4", "UserID": "S-1-5-21-963789628-1060504924-4285088085-1001", "EventData.DeploymentOperation": "6", "EventData.PackageFullName": "A025C540.Yandex.Music_4.54.8517.0_neutral_~_vfvw9svesycw6", "EventData.UserSid": "S-1-5-21-963789628-1060504924-4285088085-1001", "EventData.CallingProcess": "svchost.exe,wuauserv"}
{"EventID": "614", "Channel": "Microsoft-Windows-AppXDeploymentServer/Operational", "Provider_Name": "Microsoft-Windows-AppXDeployment-Server", "Computer": "DESKTOP-OFJ6N53", "TimeCreated": "2025-07-24 21:46:28.907446+00:00", "RecordID": "114351", "Level": "5", "UserID": "S-1-5-21-963789628-1060504924-4285088085-1001", "EventData.PathOne": "C:\\Program Files\\WindowsApps\\A025C540.Yandex.Music_4.54.8517.0_neutral_~_vfvw9svesycw6\\AppxMetadata\\AppxBundleManifest.xml", "EventData.PathTwo": "\"Y.Music_4.54.8517.0_x86_ReleaseProd.msix\": A025C540.Yandex.Music_4.54.8517.0_x86__vfvw9svesycw6 \"Y.Music_4.54.8517.0_x64_ReleaseProd.msix\": A025C540.Yandex.Music_4.54.8517.0_x64__vfvw9svesycw6 \"Y.Music_4.54.8517.0_ARM_ReleaseProd.msix\": A025C540.Yandex.Music_4.54.8517.0_arm__vfvw9svesycw6 \"Y.Music_4.54.8517.0_scale-200.msix\": A025C540.Yandex.Music_4.54.8517.0_neutral_split.scale-200_vfvw9svesycw6 \"Y.Music_4.54.8517.0_scale-400.msix\": A025C540.Yandex.Music_4.54.8517.0_neutral_split.scale-400_vfvw9svesycw6"}
{"EventID": "854", "Channel": "Microsoft-Windows-AppXDeploymentServer/Operational", "Provider_Name": "Microsoft-Windows-AppXDeployment-Server", "Computer": "DESKTOP-OFJ6N53", "TimeCreated": "2025-07-24 21:46:28.910763+00:00", "RecordID": "114352", "Level": "4", "UserID": "S-1-5-21-963789628-1060504924-4285088085-1001", "EventData.Path": "C:\\Program Files\\WindowsApps\\A025C540.Yandex.Music_4.54.8517.0_neutral_~_vfvw9svesycw6\\AppxMetadata\\AppxBundleManifest.xml C:\\Program Files\\WindowsApps\\A025C540.Yandex.Music_4.54.8517.0_x64__vfvw9svesycw6\\AppxManifest.xml"}
{"EventID": "855", "Channel": "Microsoft-Windows-AppXDeploymentServer/Operational", "Provider_Name": "Microsoft-Windows-AppXDeployment-Server", "Computer": "DESKTOP-OFJ6N53", "TimeCreated": "2025-07-24 21:46:29.073587+00:00", "RecordID": "114353", "Level": "4", "UserID": "S-1-5-21-963789628-1060504924-4285088085-1001", "EventData.PackageMoniker": "addPackageList: A025C540.Yandex.Music_4.54.8517.0_x64__vfvw9svesycw6 A025C540.Yandex.Music_4.54.8517.0_neutral_~_vfvw9svesycw6 removePackageList: A025C540.Yandex.Music_4.54.8517.0_neutral_split.scale-200_vfvw9svesycw6"}
{"EventID": "573", "Channel": "Microsoft-Windows-AppXDeploymentServer/Operational", "Provider_Name": "Microsoft-Windows-AppXDeployment-Server", "Computer": "DESKTOP-OFJ6N53", "TimeCreated": "2025-07-24 21:46:29.107494+00:00", "RecordID": "114354", "Level": "4", "UserID": "S-1-5-21-963789628-1060504924-4285088085-1001", "EventData.PackageFamilyName": "A025C540.Yandex.Music_vfvw9svesycw6", "EventData.SettingSyncEnabled": "False"}
{"EventID": "10000", "Channel": "Microsoft-Windows-AppXDeploymentServer/Operational", "Provider_Name": "Microsoft-Windows-AppXDeployment-Server", "Computer": "DESKTOP-OFJ6N53", "TimeCreated": "2025-07-24 21:46:29.127527+00:00", "RecordID": "114355", "Level": "5", "UserID": "S-1-5-18", "EventData.PackageFullName": "A025C540.Yandex.Music_4.54.8517.0_x64__vfvw9svesycw6", "EventData.ErrorCode": "0x00000000"}
{"EventID": "10002", "Channel": "Microsoft-Windows-AppXDeploymentServer/Operational", "Provider_Name": "Microsoft-Windows-AppXDeployment-Server", "Computer": "DESKTOP-OFJ6N53", "TimeCreated": "2025-07-24 21:46:29.465511+00:00", "RecordID": "114356", "Level": "5", "UserID": "S-1-5-18", "EventData.DeploymentOperation": "4", "EventData.MainPackageMoniker": "Microsoft.WindowsSoundRecorder_2021.2103.28.0_neutral_~_8wekyb3d8bbwe", "EventData.ResiliencyFilePath": "C:\\ProgramData\\Microsoft\\Windows\\AppRepository\\1dcd5e57-3e4d-43b5-9ff6-de398e075c95_S-1-5-18_10.rslc"}
{"EventID": "607", "Channel": "Microsoft-Windows-AppXDeploymentServer/Operational", "Provider_Name": "Microsoft-Windows-AppXDeployment-Server", "Computer": "DESKTOP-OFJ6N53", "TimeCreated": "2025-07-24 21:46:29.466841+00:00", "RecordID": "114357", "Level": "4", "UserID": "S-1-5-18", "EventData.DeploymentOperation": "4", "EventData.PackageFullName": "Microsoft.WindowsSoundRecorder_2021.2103.28.0_neutral_~_8wekyb3d8bbwe", "EventData.UserSid": "S-1-5-18", "EventData.CallingProcess": "svchost.exe,wuauserv"}
{"EventID": "614", "Channel": "Microsoft-Windows-AppXDeploymentServer/Operational", "Provider_Name": "Microsoft-Windows-AppXDeployment-Server", "Computer": "DESKTOP-OFJ6N53", "TimeCreated": "2025-07-24 21:46:29.510941+00:00", "RecordID": "114358", "Level": "5", "UserID": "S-1-5-18", "EventData.PathOne": "x-windowsupdate://CC5F638E-B7EF-4D07-B9F9-CFFC0F014B42/9F03273F-FE0B-4ED8-9BC8-C2F256375490/f93b65fad216d2fdc80e6ab1da5386d1317ab95b", "EventData.PathTwo": "\"AppxMetadata\\Stub\\VoiceRecorderStub_1.0.42.0_ARM64.appx\": Microsoft.WindowsSoundRecorder_1.0.42.0_arm64__8wekyb3d8bbwe \"AppxMetadata\\Stub\\VoiceRecorderStub_1.0.42.0_language-af.appx\": Microsoft.WindowsSoundRecorder_1.0.42.0_neutral_split.language-af_8wekyb3d8bbwe \"AppxMetadata\\Stub\\VoiceRecorderStub_1.0.42.0_language-am.appx\": Microsoft.WindowsSoundRecorder_1.0.42.0_neutral_split.language-am_8wekyb3d8bbwe \"AppxMetadata\\Stub\\VoiceRecorderStub_1.0.42.0_language-ar.appx\": Microsoft.WindowsSoundRecorder_1.0.42.0_neutral_split.language-ar_8wekyb3d8bbwe \"AppxMetadata\\Stub\\VoiceRecorderStub_1.0.42.0_language-az-latn.appx\": Microsoft.WindowsSoundRecorder_1.0.42.0_neutral_split.language-az-latn_8wekyb3d8bbwe \"AppxMetadata\\Stub\\VoiceRecorderStub_1.0.42.0_language-bg.appx\": Microsoft.WindowsSoundRecorder_1.0.42.0_neutral_split.language-bg_8wekyb3d8bbwe \"AppxMetadata\\Stub\\VoiceRecorderStub_1.0.42.0_language-ca.appx\": Microsoft.WindowsSoundRecorder_1.0.42.0_neutral_split.language-ca_8wekyb3d8bbwe \"AppxMetadata\\Stub\\VoiceRecorderStub_1.0.42.0_language-cs.appx\": Microsoft.WindowsSoundRecorder_1.0.42.0_neutral_split.language-cs_8wekyb3d8bbwe \"AppxMetadata\\Stub\\VoiceRecorderStub_1.0.42.0_language-da.appx\": Microsoft.WindowsSoundRecorder_1.0.42.0_neutral_split.language-da_8wekyb3d8bbwe \"AppxMetadata\\Stub\\VoiceRecorderStub_1.0.42.0_language-de.appx\": Microsoft.WindowsSoundRecorder_1.0.42.0_neutral_split.language-de_8wekyb3d8bbwe \"AppxMetadata\\Stub\\VoiceRecorderStub_1.0.42.0_language-el.appx\": Microsoft.WindowsSoundRecorder_1.0.42.0_neutral_split.language-el_8wekyb3d8bbwe \"AppxMetadata\\Stub\\VoiceRecorderStub_1.0.42.0_language-es.appx\": Microsoft.WindowsSoundRecorder_1.0.42.0_neutral_split.language-es_8wekyb3d8bbwe \"AppxMetadata\\Stub\\VoiceRecorderStub_1.0.42.0_language-et.appx\": Microsoft.WindowsSoundRecorder_1.0.42.0_neutral_split.language-et_8wekyb3d8bbwe \"AppxMetadata\\Stub\\VoiceRecorderStub_1.0.42.0_language-eu.appx\": Microsoft.WindowsSoundRecorder_1.0.42.0_neutral_split.language-eu_8wekyb3d8bbwe \"AppxMetadata\\Stub\\VoiceRecorderStub_1.0.42.0_language-fa.appx\": Microsoft.WindowsSoundRecorder_1.0.42.0_neutral_split.language-fa_8wekyb3d8bbwe \"AppxMetadata\\Stub\\VoiceRecorderStub_1.0.42.0_language-fi.appx\": Microsoft.WindowsSoundRecorder_1.0.42.0_neutral_split.language-fi_8wekyb3d8bbwe \"AppxMetadata\\Stub\\VoiceRecorderStub_1.0.42.0_language-fil-latn.appx\": Microsoft.WindowsSoundRecorder_1.0.42.0_neutral_split.language-fil-latn_8wekyb3d8bbwe \"AppxMetadata\\Stub\\VoiceRecorderStub_1.0.42.0_language-fr.appx\": Microsoft.WindowsSoundRecorder_1.0.42.0_neutral_split.language-fr_8wekyb3d8bbwe \"AppxMetadata\\Stub\\VoiceRecorderStub_1.0.42.0_language-gl.appx\": Microsoft.WindowsSoundRecorder_1.0.42.0_neutral_split.language-gl_8wekyb3d8bbwe \"AppxMetadata\\Stub\\VoiceRecorderStub_1.0.42.0_language-he.appx\": Microsoft.WindowsSoundRecorder_1.0.42.0_neutral_split.language-he_8wekyb3d8bbwe \"AppxMetadata\\Stub\\VoiceRecorderStub_1.0.42.0_language-hi.appx\": Microsoft.WindowsSoundRecorder_1.0.42.0_neutral_split.language-hi_8wekyb3d8bbwe \"AppxMetadata\\Stub\\VoiceRecorderStub_1.0.42.0_language-hr.appx\": Microsoft.WindowsSoundRecorder_1.0.42.0_neutral_split.language-hr_8wekyb3d8bbwe \"AppxMetadata\\Stub\\VoiceRecorderStub_1.0.42.0_language-hu.appx\": Microsoft.WindowsSoundRecorder_1.0.42.0_neutral_split.language-hu_8wekyb3d8bbwe \"AppxMetadata\\Stub\\VoiceRecorderStub_1.0.42.0_language-id.appx\": Microsoft.WindowsSoundRecorder_1.0.42.0_neutral_split.language-id_8wekyb3d8bbwe \"AppxMetadata\\Stub\\VoiceRecorderStub_1.0.42.0_language-is.appx\": Microsoft.WindowsSoundRecorder_1.0.42.0_neutral_split.language-is_8wekyb3d8bbwe \"AppxMetadata\\Stub\\VoiceRecorderStub_1.0.42.0_language-it.appx\": Microsoft.WindowsSoundRecorder_1.0.42.0_neutral_split.language-it_8wekyb3d8bbwe \"AppxMetadata\\Stub\\VoiceRecorderStub_1.0.42.0_language-ja.appx\": Microsoft.WindowsSoundRecorder_1.0.42.0_neutral_split.language-ja_8wekyb3d8bbwe \"AppxMetadata\\Stub\\VoiceRecorderStub_1.0.42.0_language-kk.appx\": Microsoft.WindowsSoundRecorder_1.0.42.0_neutral_split.language-kk_8wekyb3d8bbwe \"AppxMetadata\\Stub\\VoiceRecorderStub_1.0.42.0_language-km.appx\": Microsoft.WindowsSoundRecorder_1.0.42.0_neutral_split.language-km_8wekyb3d8bbwe \"AppxMetadata\\Stub\\VoiceRecorderStub_1.0.42.0_language-kn.appx\": Microsoft.WindowsSoundRecorder_1.0.42.0_neutral_split.language-kn_8wekyb3d8bbwe \"AppxMetadata\\Stub\\VoiceRecorderStub_1.0.42.0_language-ko.appx\": Microsoft.WindowsSoundRecorder_1.0.42.0_neutral_split.language-ko_8wekyb3d8bbwe \"AppxMetadata\\Stub\\VoiceRecorderStub_1.0.42.0_language-lo.appx\": Microsoft.WindowsSoundRecorder_1.0.42.0_neutral_split.language-lo_8wekyb3d8bbwe \"AppxMetadata\\Stub\\VoiceRecorderStub_1.0.42.0_language-lt.appx\": Microsoft.WindowsSoundRecorder_1.0.42.0_neutral_split.language-lt_8wekyb3d8bbwe \"AppxMetadata\\Stub\\VoiceRecorderStub_1.0.42.0_language-lv.appx\": Microsoft.WindowsSoundRecorder_1.0.42.0_neutral_split.language-lv_8wekyb3d8bbwe \"AppxMetadata\\Stub\\VoiceRecorderStub_1.0.42.0_language-mk.appx\": Microsoft.WindowsSoundRecorder_1.0.42.0_neutral_split.language-mk_8wekyb3d8bbwe \"AppxMetadata\\Stub\\VoiceRecorderStub_1.0.42.0_language-ml.appx\": Microsoft.WindowsSoundRecorder_1.0.42.0_neutral_split.language-ml_8wekyb3d8bbwe \"AppxMetadata\\Stub\\VoiceRecorderStub_1.0.42.0_language-ms.appx\": Microsoft.WindowsSoundRecorder_1.0.42.0_neutral_split.language-ms_8wekyb3d8bbwe \"AppxMetadata\\Stub\\VoiceRecorderStub_1.0.42.0_language-nb.appx\": Microsoft.WindowsSoundRecorder_1.0.42.0_neutral_split.language-nb_8wekyb3d8bbwe \"AppxMetadata\\Stub\\VoiceRecorderStub_1.0.42.0_language-nl.appx\": Microsoft.WindowsSoundRecorder_1.0.42.0_neutral_split.language-nl_8wekyb3d8bbwe \"AppxMetadata\\Stub\\VoiceRecorderStub_1.0.42.0_language-pl.appx\": Microsoft.WindowsSoundRecorder_1.0.42.0_neutral_split.language-pl_8wekyb3d8bbwe \"AppxMetadata\\Stub\\VoiceRecorderStub_1.0.42.0_language-pt.appx\": Microsoft.WindowsSoundRecorder_1.0.42.0_neutral_split.language-pt_8wekyb3d8bbwe \"AppxMetadata\\Stub\\VoiceRecorderStub_1.0.42.0_language-ro.appx\": Microsoft.WindowsSoundRecorder_1.0.42.0_neutral_split.language-ro_8wekyb3d8bbwe \"AppxMetadata\\Stub\\VoiceRecorderStub_1.0.42.0_language-ru.appx\": Microsoft.WindowsSoundRecorder_1.0.42.0_neutral_split.language-ru_8wekyb3d8bbwe \"AppxMetadata\\Stub\\VoiceRecorderStub_1.0.42.0_language-sk.appx\": Microsoft.WindowsSoundRecorder_1.0.42.0_neutral_split.language-sk_8wekyb3d8bbwe \"AppxMetadata\\Stub\\VoiceRecorderStub_1.0.42.0_language-sl.appx\": Microsoft.WindowsSoundRecorder_1.0.42.0_neutral_split.language-sl_8wekyb3d8bbwe \"AppxMetadata\\Stub\\VoiceRecorderStub_1.0.42.0_language-sq.appx\": Microsoft.WindowsSoundRecorder_1.0.42.0_neutral_split.language-sq_8wekyb3d8bbwe \"AppxMetadata\\Stub\\VoiceRecorderStub_1.0.42.0_language-sr-latn.appx\": Microsoft.WindowsSoundRecorder_1.0.42.0_neutral_split.language-sr-latn_8wekyb3d8bbwe \"AppxMetadata\\Stub\\VoiceRecorderStub_1.0.42.0_language-sv.appx\": Microsoft.WindowsSoundRecorder_1.0.42.0_neutral_split.language-sv_8wekyb3d8bbwe \"AppxMetadata\\Stub\\VoiceRecorderStub_1.0.42.0_language-ta.appx\": Microsoft.WindowsSoundRecorder_1.0.42.0_neutral_split.language-ta_8wekyb3d8bbwe \"AppxMetadata\\Stub\\VoiceRecorderStub_1.0.42.0_language-te.appx\": Microsoft.WindowsSoundRecorder_1.0.42.0_neutral_split.language-te_8wekyb3d8bbwe \"AppxMetadata\\Stub\\VoiceRecorderStub_1.0.42.0_language-th.appx\": Microsoft.WindowsSoundRecorder_1.0.42.0_neutral_split.language-th_8wekyb3d8bbwe \"AppxMetadata\\Stub\\VoiceRecorderStub_1.0.42.0_language-tr.appx\": Microsoft.WindowsSoundRecorder_1.0.42.0_neutral_split.language-tr_8wekyb3d8bbwe \"AppxMetadata\\Stub\\VoiceRecorderStub_1.0.42.0_language-uk.appx\": Microsoft.WindowsSoundRecorder_1.0.42.0_neutral_split.language-uk_8wekyb3d8bbwe \"AppxMetadata\\Stub\\VoiceRecorderStub_1.0.42.0_language-vi.appx\": Microsoft.WindowsSoundRecorder_1.0.42.0_neutral_split.language-vi_8wekyb3d8bbwe \"AppxMetadata\\Stub\\VoiceRecorderStub_1.0.42.0_language-zh-hans.appx\": Microsoft.WindowsSoundRecorder_1.0.42.0_neutral_split.language-zh-hans_8wekyb3d8bbwe \"AppxMetadata\\Stub\\VoiceRecorderStub_1.0.42.0_language-zh-hant.appx\": Microsoft.WindowsSoundRecorder_1.0.42.0_neutral_split.language-zh-hant_8wekyb3d8bbwe \"AppxMetadata\\Stub\\VoiceRecorderStub_1.0.42.0_scale-125.appx\": Microsoft.WindowsSoundRecorder_1.0.42.0_neutral_split.scale-125_8wekyb3d8bbwe \"AppxMetadata\\Stub\\VoiceRecorderStub_1.0.42.0_scale-150.appx\": Microsoft.WindowsSoundRecorder_1.0.42.0_neutral_split.scale-150_8wekyb3d8bbwe \"AppxMetadata\\Stub\\VoiceRecorderStub_1.0.42.0_scale-200.appx\": Microsoft.WindowsSoundRecorder_1.0.42.0_neutral_split.scale-200_8wekyb3d8bbwe \"AppxMetadata\\Stub\\VoiceRecorderStub_1.0.42.0_scale-400.appx\": Microsoft.WindowsSoundRecorder_1.0.42.0_neutral_split.scale-400_8wekyb3d8bbwe \"AppxMetadata\\Stub\\VoiceRecorderStub_1.0.42.0_Win32.appx\": Microsoft.WindowsSoundRecorder_1.0.42.0_x86__8wekyb3d8bbwe \"AppxMetadata\\Stub\\VoiceRecorderStub_1.0.42.0_x64.appx\": Microsoft.WindowsSoundRecorder_1.0.42.0_x64__8wekyb3d8bbwe \"SoundRecorder_10.2103.28.0_ARM64.appx\": Microsoft.WindowsSoundRecorder_10.2103.28.0_arm64__8wekyb3d8bbwe \"SoundRecorder_10.2103.28.0_x64.appx\": Microsoft.WindowsSoundRecorder_10.2103.28.0_x64__8wekyb3d8bbwe \"SoundRecorder_10.2103.28.0_Win32.appx\": Microsoft.WindowsSoundRecorder_10.2103.28.0_x86__8wekyb3d8bbwe \"SoundRecorder_10.2103.28.0_language-af.appx\": Microsoft.WindowsSoundRecorder_10.2103.28.0_neutral_split.language-af_8wekyb3d8bbwe \"SoundRecorder_10.2103.28.0_language-am.appx\": Microsoft.WindowsSoundRecorder_10.2103.28.0_neutral_split.language-am_8wekyb3d8bbwe \"SoundRecorder_10.2103.28.0_language-ar.appx\": Microsoft.WindowsSoundRecorder_10.2103.28.0_neutral_split.language-ar_8wekyb3d8bbwe \"SoundRecorder_10.2103.28.0_language-az-latn.appx\": Microsoft.WindowsSoundRecorder_10.2103.28.0_neutral_split.language-az-latn_8wekyb3d8bbwe \"SoundRecorder_10.2103.28.0_language-cs.appx\": Microsoft.WindowsSoundRecorder_10.2103.28.0_neutral_split.language-cs_8wekyb3d8bbwe \"SoundRecorder_10.2103.28.0_language-de.appx\": Microsoft.WindowsSoundRecorder_10.2103.28.0_neutral_split.language-de_8wekyb3d8bbwe \"SoundRecorder_10.2103.28.0_language-bg.appx\": Microsoft.WindowsSoundRecorder_10.2103.28.0_neutral_split.language-bg_8wekyb3d8bbwe \"SoundRecorder_10.2103.28.0_language-el.appx\": Microsoft.WindowsSoundRecorder_10.2103.28.0_neutral_split.language-el_8wekyb3d8bbwe \"SoundRecorder_10.2103.28.0_language-da.appx\": Microsoft.WindowsSoundRecorder_10.2103.28.0_neutral_split.language-da_8wekyb3d8bbwe \"SoundRecorder_10.2103.28.0_language-et.appx\": Microsoft.WindowsSoundRecorder_10.2103.28.0_neutral_split.language-et_8wekyb3d8bbwe \"SoundRecorder_10.2103.28.0_language-ca.appx\": Microsoft.WindowsSoundRecorder_10.2103.28.0_neutral_split.language-ca_8wekyb3d8bbwe \"SoundRecorder_10.2103.28.0_language-es.appx\": Microsoft.WindowsSoundRecorder_10.2103.28.0_neutral_split.language-es_8wekyb3d8bbwe \"SoundRecorder_10.2103.28.0_language-fa.appx\": Microsoft.WindowsSoundRecorder_10.2103.28.0_neutral_split.language-fa_8wekyb3d8bbwe \"SoundRecorder_10.2103.28.0_language-fi.appx\": Microsoft.WindowsSoundRecorder_10.2103.28.0_neutral_split.language-fi_8wekyb3d8bbwe \"SoundRecorder_10.2103.28.0_language-fr.appx\": Microsoft.WindowsSoundRecorder_10.2103.28.0_neutral_split.language-fr_8wekyb3d8bbwe \"SoundRecorder_10.2103.28.0_language-gl.appx\": Microsoft.WindowsSoundRecorder_10.2103.28.0_neutral_split.language-gl_8wekyb3d8bbwe \"SoundRecorder_10.2103.28.0_language-eu.appx\": Microsoft.WindowsSoundRecorder_10.2103.28.0_neutral_split.language-eu_8wekyb3d8bbwe \"SoundRecorder_10.2103.28.0_language-he.appx\": Microsoft.WindowsSoundRecorder_10.2103.28.0_neutral_split.language-he_8wekyb3d8bbwe \"SoundRecorder_10.2103.28.0_language-hr.appx\": Microsoft.WindowsSoundRecorder_10.2103.28.0_neutral_split.language-hr_8wekyb3d8bbwe \"SoundRecorder_10.2103.28.0_language-id.appx\": Microsoft.WindowsSoundRecorder_10.2103.28.0_neutral_split.language-id_8wekyb3d8bbwe \"SoundRecorder_10.2103.28.0_language-ja.appx\": Microsoft.WindowsSoundRecorder_10.2103.28.0_neutral_split.language-ja_8wekyb3d8bbwe \"SoundRecorder_10.2103.28.0_language-it.appx\": Microsoft.WindowsSoundRecorder_10.2103.28.0_neutral_split.language-it_8wekyb3d8bbwe \"SoundRecorder_10.2103.28.0_language-is.appx\": Microsoft.WindowsSoundRecorder_10.2103.28.0_neutral_split.language-is_8wekyb3d8bbwe \"SoundRecorder_10.2103.28.0_language-kk.appx\": Microsoft.WindowsSoundRecorder_10.2103.28.0_neutral_split.language-kk_8wekyb3d8bbwe \"SoundRecorder_10.2103.28.0_language-hu.appx\": Microsoft.WindowsSoundRecorder_10.2103.28.0_neutral_split.language-hu_8wekyb3d8bbwe \"SoundRecorder_10.2103.28.0_language-hi.appx\": Microsoft.WindowsSoundRecorder_10.2103.28.0_neutral_split.language-hi_8wekyb3d8bbwe \"SoundRecorder_10.2103.28.0_language-ko.appx\": Microsoft.WindowsSoundRecorder_10.2103.28.0_neutral_split.language-ko_8wekyb3d8bbwe \"SoundRecorder_10.2103.28.0_language-kn.appx\": Microsoft.WindowsSoundRecorder_10.2103.28.0_neutral_split.language-kn_8wekyb3d8bbwe \"SoundRecorder_10.2103.28.0_language-km.appx\": Microsoft.WindowsSoundRecorder_10.2103.28.0_neutral_split.language-km_8wekyb3d8bbwe \"SoundRecorder_10.2103.28.0_language-lt.appx\": Microsoft.WindowsSoundRecorder_10.2103.28.0_neutral_split.language-lt_8wekyb3d8bbwe \"SoundRecorder_10.2103.28.0_language-lo.appx\": Microsoft.WindowsSoundRecorder_10.2103.28.0_neutral_split.language-lo_8wekyb3d8bbwe \"SoundRecorder_10.2103.28.0_language-lv.appx\": Microsoft.WindowsSoundRecorder_10.2103.28.0_neutral_split.language-lv_8wekyb3d8bbwe \"SoundRecorder_10.2103.28.0_language-ml.appx\": Microsoft.WindowsSoundRecorder_10.2103.28.0_neutral_split.language-ml_8wekyb3d8bbwe \"SoundRecorder_10.2103.28.0_language-nb.appx\": Microsoft.WindowsSoundRecorder_10.2103.28.0_neutral_split.language-nb_8wekyb3d8bbwe \"SoundRecorder_10.2103.28.0_language-mk.appx\": Microsoft.WindowsSoundRecorder_10.2103.28.0_neutral_split.language-mk_8wekyb3d8bbwe \"SoundRecorder_10.2103.28.0_language-ms.appx\": Microsoft.WindowsSoundRecorder_10.2103.28.0_neutral_split.language-ms_8wekyb3d8bbwe \"SoundRecorder_10.2103.28.0_language-nl.appx\": Microsoft.WindowsSoundRecorder_10.2103.28.0_neutral_split.language-nl_8wekyb3d8bbwe \"SoundRecorder_10.2103.28.0_language-pl.appx\": Microsoft.WindowsSoundRecorder_10.2103.28.0_neutral_split.language-pl_8wekyb3d8bbwe \"SoundRecorder_10.2103.28.0_language-sk.appx\": Microsoft.WindowsSoundRecorder_10.2103.28.0_neutral_split.language-sk_8wekyb3d8bbwe \"SoundRecorder_10.2103.28.0_language-ro.appx\": Microsoft.WindowsSoundRecorder_10.2103.28.0_neutral_split.language-ro_8wekyb3d8bbwe \"SoundRecorder_10.2103.28.0_language-ru.appx\": Microsoft.WindowsSoundRecorder_10.2103.28.0_neutral_split.language-ru_8wekyb3d8bbwe \"SoundRecorder_10.2103.28.0_language-sl.appx\": Microsoft.WindowsSoundRecorder_10.2103.28.0_neutral_split.language-sl_8wekyb3d8bbwe \"SoundRecorder_10.2103.28.0_language-pt.appx\": Microsoft.WindowsSoundRecorder_10.2103.28.0_neutral_split.language-pt_8wekyb3d8bbwe \"SoundRecorder_10.2103.28.0_language-sq.appx\": Microsoft.WindowsSoundRecorder_10.2103.28.0_neutral_split.language-sq_8wekyb3d8bbwe \"SoundRecorder_10.2103.28.0_language-sr-latn.appx\": Microsoft.WindowsSoundRecorder_10.2103.28.0_neutral_split.language-sr-latn_8wekyb3d8bbwe \"SoundRecorder_10.2103.28.0_language-sv.appx\": Microsoft.WindowsSoundRecorder_10.2103.28.0_neutral_split.language-sv_8wekyb3d8bbwe \"SoundRecorder_10.2103.28.0_language-te.appx\": Microsoft.WindowsSoundRecorder_10.2103.28.0_neutral_split.language-te_8wekyb3d8bbwe \"SoundRecorder_10.2103.28.0_language-uk.appx\": Microsoft.WindowsSoundRecorder_10.2103.28.0_neutral_split.language-uk_8wekyb3d8bbwe \"SoundRecorder_10.2103.28.0_language-tr.appx\": Microsoft.WindowsSoundRecorder_10.2103.28.0_neutral_split.language-tr_8wekyb3d8bbwe \"SoundRecorder_10.2103.28.0_language-zh-hant.appx\": Microsoft.WindowsSoundRecorder_10.2103.28.0_neutral_split.language-zh-hant_8wekyb3d8bbwe \"SoundRecorder_10.2103.28.0_language-th.appx\": Microsoft.WindowsSoundRecorder_10.2103.28.0_neutral_split.language-th_8wekyb3d8bbwe \"SoundRecorder_10.2103.28.0_language-zh-hans.appx\": Microsoft.WindowsSoundRecorder_10.2103.28.0_neutral_split.language-zh-hans_8wekyb3d8bbwe \"SoundRecorder_10.2103.28.0_scale-125.appx\": Microsoft.WindowsSoundRecorder_10.2103.28.0_neutral_split.scale-125_8wekyb3d8bbwe \"SoundRecorder_10.2103.28.0_scale-150.appx\": Microsoft.WindowsSoundRecorder_10.2103.28.0_neutral_split.scale-150_8wekyb3d8bbwe \"SoundRecorder_10.2103.28.0_scale-200.appx\": Microsoft.WindowsSoundRecorder_10.2103.28.0_neutral_split.scale-200_8wekyb3d8bbwe \"SoundRecorder_10.2103.28.0_scale-400.appx\": Microsoft.WindowsSoundRecorder_10.2103.28.0_neutral_split.scale-400_8wekyb3d8bbwe \"SoundRecorder_10.2103.28.0_language-ta.appx\": Microsoft.WindowsSoundRecorder_10.2103.28.0_neutral_split.language-ta_8wekyb3d8bbwe \"SoundRecorder_10.2103.28.0_language-fil-latn.appx\": Microsoft.WindowsSoundRecorder_10.2103.28.0_neutral_split.language-fil-latn_8wekyb3d8bbwe \"SoundRecorder_10.2103.28.0_language-vi.appx\": Microsoft.WindowsSoundRecorder_10.2103.28.0_neutral_split.language-vi_8wekyb3d8bbwe"}
{"EventID": "8100", "Channel": "Microsoft-Windows-AppXDeploymentServer/Operational", "Provider_Name": "Microsoft-Windows-AppXDeployment-Server", "Computer": "DESKTOP-OFJ6N53", "TimeCreated": "2025-07-24 21:46:29.555183+00:00", "RecordID": "114359", "Level": "5", "UserID": "S-1-5-18", "EventData.PackageFullName": "A025C540.Yandex.Music_4.54.8517.0_x64__vfvw9svesycw6", "EventData.Flags": "0x00000009"}
{"EventID": "8106", "Channel": "Microsoft-Windows-AppXDeploymentServer/Operational", "Provider_Name": "Microsoft-Windows-AppXDeployment-Server", "Computer": "DESKTOP-OFJ6N53", "TimeCreated": "2025-07-24 21:46:29.556828+00:00", "RecordID": "114360", "Level": "5", "UserID": "S-1-5-18", "EventData.PackageFullName": "A025C540.Yandex.Music_4.54.8517.0_x64__vfvw9svesycw6", "EventData.Flags": "0x00000009"}
{"EventID": "8101", "Channel": "Microsoft-Windows-AppXDeploymentServer/Operational", "Provider_Name": "Microsoft-Windows-AppXDeployment-Server", "Computer": "DESKTOP-OFJ6N53", "TimeCreated": "2025-07-24 21:46:29.556843+00:00", "RecordID": "114361", "Level": "5", "UserID": "S-1-5-18", "EventData.PackageFullName": "A025C540.Yandex.Music_4.54.8517.0_x64__vfvw9svesycw6", "EventData.Flags": "0x00000009"}
{"EventID": "5507", "Channel": "Microsoft-Windows-AppXDeploymentServer/Operational", "Provider_Name": "Microsoft-Windows-AppXDeployment-Server", "Computer": "DESKTOP-OFJ6N53", "TimeCreated": "2025-07-24 21:46:30.279888+00:00", "RecordID": "114362", "Level": "5", "UserID": "S-1-5-21-963789628-1060504924-4285088085-1001", "EventData.PackageName": "A025C540.Yandex.Music_4.54.8517.0_x64__vfvw9svesycw6", "EventData.FilePath": "C:\\Program Files\\WindowsApps\\A025C540.Yandex.Music_4.54.8517.0_x64__vfvw9svesycw6\\microsoft.system.package.metadata\\resources.c122ca52.pri", "EventData.Message": "Shared merged file still in use"}
{"EventID": "5508", "Channel": "Microsoft-Windows-AppXDeploymentServer/Operational", "Provider_Name": "Microsoft-Windows-AppXDeployment-Server", "Computer": "DESKTOP-OFJ6N53", "TimeCreated": "2025-07-24 21:46:30.281916+00:00", "RecordID": "114363", "Level": "5", "UserID": "S-1-5-18", "EventData.PackageName": "A025C540.Yandex.Music_4.54.8517.0_x64__vfvw9svesycw6", "EventData.FilePath": "C:\\Program Files\\WindowsApps\\A025C540.Yandex.Music_4.54.8517.0_x64__vfvw9svesycw6\\microsoft.system.package.metadata\\S-1-5-21-963789628-1060504924-4285088085-1001-MergedResources-0.pri", "EventData.Message": "Deleted"}
{"EventID": "5507", "Channel": "Microsoft-Windows-AppXDeploymentServer/Operational", "Provider_Name": "Microsoft-Windows-AppXDeployment-Server", "Computer": "DESKTOP-OFJ6N53", "TimeCreated": "2025-07-24 21:46:30.283131+00:00", "RecordID": "114364", "Level": "5", "UserID": "S-1-5-21-963789628-1060504924-4285088085-1001", "EventData.PackageName": "A025C540.Yandex.Music_4.54.8517.0_x64__vfvw9svesycw6", "EventData.FilePath": "C:\\Program Files\\WindowsApps\\A025C540.Yandex.Music_4.54.8517.0_x64__vfvw9svesycw6\\microsoft.system.package.metadata\\S-1-5-21-963789628-1060504924-4285088085-1001-MergedResources-*.pri", "EventData.Message": "No user-specific merged files found"}
{"EventID": "5508", "Channel": "Microsoft-Windows-AppXDeploymentServer/Operational", "Provider_Name": "Microsoft-Windows-AppXDeployment-Server", "Computer": "DESKTOP-OFJ6N53", "TimeCreated": "2025-07-24 21:46:30.287788+00:00", "RecordID": "114365", "Level": "5", "UserID": "S-1-5-18", "EventData.PackageName": "A025C540.Yandex.Music_4.54.8517.0_x64__vfvw9svesycw6", "EventData.FilePath": "C:\\Program Files\\WindowsApps\\A025C540.Yandex.Music_4.54.8517.0_x64__vfvw9svesycw6\\microsoft.system.package.metadata\\resources.c122ca52.pri", "EventData.Message": "Deleted"}
{"EventID": "10001", "Channel": "Microsoft-Windows-AppXDeploymentServer/Operational", "Provider_Name": "Microsoft-Windows-AppXDeployment-Server", "Computer": "DESKTOP-OFJ6N53", "TimeCreated": "2025-07-24 21:46:31.271725+00:00", "RecordID": "114366", "Level": "5", "UserID": "S-1-5-18", "EventData.PackageFullName": "A025C540.Yandex.Music_4.54.8517.0_x64__vfvw9svesycw6", "EventData.ErrorCode": "0x00000000"}
{"EventID": "10001", "Channel": "Microsoft-Windows-AppXDeploymentServer/Operational", "Provider_Name": "Microsoft-Windows-AppXDeployment-Server", "Computer": "DESKTOP-OFJ6N53", "TimeCreated": "2025-07-24 21:46:31.272219+00:00", "RecordID": "114367", "Level": "5", "UserID": "S-1-5-18", "EventData.PackageFullName": "A025C540.Yandex.Music_4.54.8517.0_x64__vfvw9svesycw6", "EventData.ErrorCode": "0x00000000"}
{"EventID": "10001", "Channel": "Microsoft-Windows-AppXDeploymentServer/Operational", "Provider_Name": "Microsoft-Windows-AppXDeployment-Server", "Computer": "DESKTOP-OFJ6N53", "TimeCreated": "2025-07-24 21:46:31.272348+00:00", "RecordID": "114368", "Level": "5", "UserID": "S-1-5-18", "EventData.PackageFullName": "A025C540.Yandex.Music_4.54.8517.0_x64__vfvw9svesycw6", "EventData.ErrorCode": "0x00000000"}
{"EventID": "10001", "Channel": "Microsoft-Windows-AppXDeploymentServer/Operational", "Provider_Name": "Microsoft-Windows-AppXDeployment-Server", "Computer": "DESKTOP-OFJ6N53", "TimeCreated": "2025-07-24 21:46:31.272444+00:00", "RecordID": "114369", "Level": "5", "UserID": "S-1-5-18", "EventData.PackageFullName": "A025C540.Yandex.Music_4.54.8517.0_x64__vfvw9svesycw6", "EventData.ErrorCode": "0x00000000"}
{"EventID": "10001", "Channel": "Microsoft-Windows-AppXDeploymentServer/Operational", "Provider_Name": "Microsoft-Windows-AppXDeployment-Server", "Computer": "DESKTOP-OFJ6N53", "TimeCreated": "2025-07-24 21:46:31.272518+00:00", "RecordID": "114370", "Level": "5", "UserID": "S-1-5-18", "EventData.PackageFullName": "A025C540.Yandex.Music_4.54.8517.0_neutral_~_vfvw9svesycw6", "EventData.ErrorCode": "0x00000000"}
{"EventID": "10001", "Channel": "Microsoft-Windows-AppXDeploymentServer/Operational", "Provider_Name": "Microsoft-Windows-AppXDeployment-Server", "Computer": "DESKTOP-OFJ6N53", "TimeCreated": "2025-07-24 21:46:31.272585+00:00", "RecordID": "114371", "Level": "5", "UserID": "S-1-5-18", "EventData.PackageFullName": "A025C540.Yandex.Music_4.54.8517.0_neutral_~_vfvw9svesycw6", "EventData.ErrorCode": "0x00000000"}
{"EventID": "400", "Channel": "Microsoft-Windows-AppXDeploymentServer/Operational", "Provider_Name": "Microsoft-Windows-AppXDeployment-Server", "Computer": "DESKTOP-OFJ6N53", "TimeCreated": "2025-07-24 21:46:31.500984+00:00", "RecordID": "114372", "Level": "4", "UserID": "S-1-5-21-963789628-1060504924-4285088085-1001", "EventData.DeploymentOperation": "6", "EventData.PackageFullName": "A025C540.Yandex.Music_4.54.8517.0_neutral_~_vfvw9svesycw6", "EventData.Path": "(AppxBundleManifest.xml)", "EventData.MountPoint": "C:", "EventData.TargetPlatform": "0x00000000", "EventData.SystemVolume": "True", "EventData.StorageId": "\\\\?\\Volume{c33a8663-71a2-4031-8cec-c21914fe12ad}", "EventData.IsCentennial": "False", "EventData.PackageType": "0x00000008", "EventData.IsPackageEncrypted": "False", "EventData.DeploymentOptions": "0x0004000004044800", "EventData.IsStreamingPackage": "False", "EventData.IsInRelatedSet": "False", "EventData.IsPackageUsingBDC": "False", "EventData.MainPackageFamilyName": "NULL", "EventData.CallingProcess": "svchost.exe,wuauserv", "EventData.IsOptional": "False", "EventData.PackageFlags": "0x00000400", "EventData.PackageFlags2": "0x00000800", "EventData.HasWin32alacarte": "False", "EventData.HasFullTrust": "False", "EventData.ExternalLocation": null, "EventData.PackageSourceUri": "x-windowsupdate://EC1A7325-B763-4DE2-B2EF-2A99612F3924/B7757AF6-9E6D-4D21-8272-C9137A2E9145/a09c64e559b9b263518913e62a777ab009697ffe"}
