{"EventID": "216", "Channel": "Microsoft-Windows-AppxPackaging/Operational", "Provider_Name": "Microsoft-Windows-AppxPackagingOM", "Computer": "DESKTOP-OFJ6N53", "TimeCreated": "2025-08-09 14:56:59.698009+00:00", "RecordID": "67687", "Level": "3", "UserID": "S-1-5-18", "EventData.namespace": "http://schemas.microsoft.com/appx/manifest/virtualization/windows10"}
{"EventID": "216", "Channel": "Microsoft-Windows-AppxPackaging/Operational", "Provider_Name": "Microsoft-Windows-AppxPackagingOM", "Computer": "DESKTOP-OFJ6N53", "TimeCreated": "2025-08-09 14:57:01.960835+00:00", "RecordID": "67688", "Level": "3", "UserID": "S-1-5-18", "EventData.namespace": "http://schemas.microsoft.com/developer/appx/2015/build"}
{"EventID": "216", "Channel": "Microsoft-Windows-AppxPackaging/Operational", "Provider_Name": "Microsoft-Windows-AppxPackagingOM", "Computer": "DESKTOP-OFJ6N53", "TimeCreated": "2025-08-09 14:57:02.579887+00:00", "RecordID": "67689", "Level": "3", "UserID": "S-1-5-18", "EventData.namespace": "http://schemas.microsoft.com/developer/appx/2015/build"}
{"EventID": "216", "Channel": "Microsoft-Windows-AppxPackaging/Operational", "Provider_Name": "Microsoft-Windows-AppxPackagingOM", "Computer": "DESKTOP-OFJ6N53", "TimeCreated": "2025-08-09 14:57:04.247890+00:00", "RecordID": "67690", "Level": "3", "UserID": "S-1-5-18", "EventData.namespace": "http://schemas.microsoft.com/developer/appx/2015/build"}
{"EventID": "216", "Channel": "Microsoft-Windows-AppxPackaging/Operational", "Provider_Name": "Microsoft-Windows-AppxPackagingOM", "Computer": "DESKTOP-OFJ6N53", "TimeCreated": "2025-08-09 14:57:04.855253+00:00", "RecordID": "67691", "Level": "3", "UserID": "S-1-5-18", "EventData.namespace": "http://schemas.microsoft.com/developer/appx/2015/build"}
{"EventID": "216", "Channel": "Microsoft-Windows-AppxPackaging/Operational", "Provider_Name": "Microsoft-Windows-AppxPackagingOM", "Computer": "DESKTOP-OFJ6N53", "TimeCreated": "2025-08-09 14:57:06.510878+00:00", "RecordID": "67692", "Level": "3", "UserID": "S-1-5-18", "EventData.namespace": "http://schemas.microsoft.com/developer/appx/2015/build"}
{"EventID": "216", "Channel": "Microsoft-Windows-AppxPackaging/Operational", "Provider_Name": "Microsoft-Windows-AppxPackagingOM", "Computer": "DESKTOP-OFJ6N53", "TimeCreated": "2025-08-09 14:57:06.510904+00:00", "RecordID": "67693", "Level": "3", "UserID": "S-1-5-18", "EventData.namespace": "http://schemas.microsoft.com/appx/manifest/uap/windows10/13"}
{"EventID": "216", "Channel": "Microsoft-Windows-AppxPackaging/Operational", "Provider_Name": "Microsoft-Windows-AppxPackagingOM", "Computer": "DESKTOP-OFJ6N53", "TimeCreated": "2025-08-09 14:57:06.510914+00:00", "RecordID": "67694", "Level": "3", "UserID": "S-1-5-18", "EventData.namespace": "http://schemas.microsoft.com/appx/manifest/virtualization/windows10"}
{"EventID": "216", "Channel": "Microsoft-Windows-AppxPackaging/Operational", "Provider_Name": "Microsoft-Windows-AppxPackagingOM", "Computer": "DESKTOP-OFJ6N53", "TimeCreated": "2025-08-09 14:57:07.008699+00:00", "RecordID": "67695", "Level": "3", "UserID": "S-1-5-18", "EventData.namespace": "http://schemas.microsoft.com/developer/appx/2015/build"}
{"EventID": "216", "Channel": "Microsoft-Windows-AppxPackaging/Operational", "Provider_Name": "Microsoft-Windows-AppxPackagingOM", "Computer": "DESKTOP-OFJ6N53", "TimeCreated": "2025-08-09 14:57:07.008728+00:00", "RecordID": "67696", "Level": "3", "UserID": "S-1-5-18", "EventData.namespace": "http://schemas.microsoft.com/appx/manifest/uap/windows10/13"}
{"EventID": "216", "Channel": "Microsoft-Windows-AppxPackaging/Operational", "Provider_Name": "Microsoft-Windows-AppxPackagingOM", "Computer": "DESKTOP-OFJ6N53", "TimeCreated": "2025-08-09 14:57:07.008738+00:00", "RecordID": "67697", "Level": "3", "UserID": "S-1-5-18", "EventData.namespace": "http://schemas.microsoft.com/appx/manifest/virtualization/windows10"}
{"EventID": "164", "Channel": "Microsoft-Windows-AppxPackaging/Operational", "Provider_Name": "Microsoft-Windows-AppxPackagingOM", "Computer": "DESKTOP-OFJ6N53", "TimeCreated": "2025-08-10 10:05:37.822853+00:00", "RecordID": "67698", "Level": "4", "UserID": "S-1-5-18", "EventData.subjectName": "CN=Microsoft Corporation, O=Microsoft Corporation, L=Redmond, S=Washington, C=US"}
{"EventID": "391", "Channel": "Microsoft-Windows-AppxPackaging/Operational", "Provider_Name": "Microsoft-Windows-AppxPackagingOM", "Computer": "DESKTOP-OFJ6N53", "TimeCreated": "2025-08-10 10:05:37.855717+00:00", "RecordID": "67699", "Level": "4", "UserID": "S-1-5-18", "EventData.packageFullName": "Microsoft.StorePurchaseApp_22506.1401.4.0_neutral_~_8wekyb3d8bbwe"}
{"EventID": "157", "Channel": "Microsoft-Windows-AppxPackaging/Operational", "Provider_Name": "Microsoft-Windows-AppxPackagingOM", "Computer": "DESKTOP-OFJ6N53", "TimeCreated": "2025-08-10 10:05:40.736876+00:00", "RecordID": "67700", "Level": "4", "UserID": "S-1-5-18", "EventData.subjectName": "CN=Microsoft Corporation, O=Microsoft Corporation, L=Redmond, S=Washington, C=US"}
{"EventID": "216", "Channel": "Microsoft-Windows-AppxPackaging/Operational", "Provider_Name": "Microsoft-Windows-AppxPackagingOM", "Computer": "DESKTOP-OFJ6N53", "TimeCreated": "2025-08-10 10:05:41.312187+00:00", "RecordID": "67701", "Level": "3", "UserID": "S-1-5-18", "EventData.namespace": "http://schemas.microsoft.com/developer/appx/2015/build"}
{"EventID": "170", "Channel": "Microsoft-Windows-AppxPackaging/Operational", "Provider_Name": "Microsoft-Windows-AppxPackagingOM", "Computer": "DESKTOP-OFJ6N53", "TimeCreated": "2025-08-10 10:05:41.418348+00:00", "RecordID": "67702", "Level": "4", "UserID": "S-1-5-18", "EventData.packageFullName": "Microsoft.StorePurchaseApp_22506.1401.4.0_x64__8wekyb3d8bbwe"}
{"EventID": "164", "Channel": "Microsoft-Windows-AppxPackaging/Operational", "Provider_Name": "Microsoft-Windows-AppxPackagingOM", "Computer": "DESKTOP-OFJ6N53", "TimeCreated": "2025-08-10 16:34:27.152067+00:00", "RecordID": "67703", "Level": "4", "UserID": "S-1-5-18", "EventData.subjectName": "CN=Microsoft Corporation, O=Microsoft Corporation, L=Redmond, S=Washington, C=US"}
{"EventID": "391", "Channel": "Microsoft-Windows-AppxPackaging/Operational", "Provider_Name": "Microsoft-Windows-AppxPackagingOM", "Computer": "DESKTOP-OFJ6N53", "TimeCreated": "2025-08-10 16:34:27.208397+00:00", "RecordID": "67704", "Level": "4", "UserID": "S-1-5-18", "EventData.packageFullName": "Microsoft.MicrosoftOfficeHub_2025.801.1334.0_neutral_~_8wekyb3d8bbwe"}
{"EventID": "157", "Channel": "Microsoft-Windows-AppxPackaging/Operational", "Provider_Name": "Microsoft-Windows-AppxPackagingOM", "Computer": "DESKTOP-OFJ6N53", "TimeCreated": "2025-08-10 16:34:27.920847+00:00", "RecordID": "67705", "Level": "4", "UserID": "S-1-5-18", "EventData.subjectName": "CN=Microsoft Corporation, O=Microsoft Corporation, L=Redmond, S=Washington, C=US"}
{"EventID": "216", "Channel": "Microsoft-Windows-AppxPackaging/Operational", "Provider_Name": "Microsoft-Windows-AppxPackagingOM", "Computer": "DESKTOP-OFJ6N53", "TimeCreated": "2025-08-10 16:34:27.980478+00:00", "RecordID": "67706", "Level": "3", "UserID": "S-1-5-18", "EventData.namespace": "http://schemas.microsoft.com/developer/appx/2015/build"}
{"EventID": "216", "Channel": "Microsoft-Windows-AppxPackaging/Operational", "Provider_Name": "Microsoft-Windows-AppxPackagingOM", "Computer": "DESKTOP-OFJ6N53", "TimeCreated": "2025-08-10 16:34:27.980679+00:00", "RecordID": "67707", "Level": "3", "UserID": "S-1-5-18", "EventData.namespace": "http://schemas.microsoft.com/appx/manifest/virtualization/windows10"}
{"EventID": "170", "Channel": "Microsoft-Windows-AppxPackaging/Operational", "Provider_Name": "Microsoft-Windows-AppxPackagingOM", "Computer": "DESKTOP-OFJ6N53", "TimeCreated": "2025-08-10 16:34:28.013199+00:00", "RecordID": "67708", "Level": "4", "UserID": "S-1-5-18", "EventData.packageFullName": "Microsoft.MicrosoftOfficeHub_19.2508.31121.0_x64__8wekyb3d8bbwe"}
{"EventID": "157", "Channel": "Microsoft-Windows-AppxPackaging/Operational", "Provider_Name": "Microsoft-Windows-AppxPackagingOM", "Computer": "DESKTOP-OFJ6N53", "TimeCreated": "2025-08-10 16:34:28.239655+00:00", "RecordID": "67709", "Level": "4", "UserID": "S-1-5-18", "EventData.subjectName": "CN=Microsoft Corporation, O=Microsoft Corporation, L=Redmond, S=Washington, C=US"}
{"EventID": "170", "Channel": "Microsoft-Windows-AppxPackaging/Operational", "Provider_Name": "Microsoft-Windows-AppxPackagingOM", "Computer": "DESKTOP-OFJ6N53", "TimeCreated": "2025-08-10 16:34:28.286665+00:00", "RecordID": "67710", "Level": "4", "UserID": "S-1-5-18", "EventData.packageFullName": "Microsoft.MicrosoftOfficeHub_19.2508.31121.0_neutral_split.scale-100_8wekyb3d8bbwe"}
{"EventID": "157", "Channel": "Microsoft-Windows-AppxPackaging/Operational", "Provider_Name": "Microsoft-Windows-AppxPackagingOM", "Computer": "DESKTOP-OFJ6N53", "TimeCreated": "2025-08-10 16:34:28.555090+00:00", "RecordID": "67711", "Level": "4", "UserID": "S-1-5-18", "EventData.subjectName": "CN=Microsoft Corporation, O=Microsoft Corporation, L=Redmond, S=Washington, C=US"}
{"EventID": "170", "Channel": "Microsoft-Windows-AppxPackaging/Operational", "Provider_Name": "Microsoft-Windows-AppxPackagingOM", "Computer": "DESKTOP-OFJ6N53", "TimeCreated": "2025-08-10 16:34:28.660767+00:00", "RecordID": "67712", "Level": "4", "UserID": "S-1-5-18", "EventData.packageFullName": "Microsoft.MicrosoftOfficeHub_19.2508.31121.0_neutral_split.language-ru_8wekyb3d8bbwe"}
{"EventID": "157", "Channel": "Microsoft-Windows-AppxPackaging/Operational", "Provider_Name": "Microsoft-Windows-AppxPackagingOM", "Computer": "DESKTOP-OFJ6N53", "TimeCreated": "2025-08-10 16:34:29.189280+00:00", "RecordID": "67713", "Level": "4", "UserID": "S-1-5-18", "EventData.subjectName": "CN=Microsoft Corporation, O=Microsoft Corporation, L=Redmond, S=Washington, C=US"}
{"EventID": "170", "Channel": "Microsoft-Windows-AppxPackaging/Operational", "Provider_Name": "Microsoft-Windows-AppxPackagingOM", "Computer": "DESKTOP-OFJ6N53", "TimeCreated": "2025-08-10 16:34:29.258726+00:00", "RecordID": "67714", "Level": "4", "UserID": "S-1-5-18", "EventData.packageFullName": "Microsoft.MicrosoftOfficeHub_19.2508.31121.0_neutral_split.scale-125_8wekyb3d8bbwe"}
{"EventID": "216", "Channel": "Microsoft-Windows-AppxPackaging/Operational", "Provider_Name": "Microsoft-Windows-AppxPackagingOM", "Computer": "DESKTOP-OFJ6N53", "TimeCreated": "2025-08-11 01:06:51.212160+00:00", "RecordID": "67715", "Level": "3", "UserID": "S-1-5-18", "EventData.namespace": "http://schemas.microsoft.com/developer/appx/2015/build"}
{"EventID": "216", "Channel": "Microsoft-Windows-AppxPackaging/Operational", "Provider_Name": "Microsoft-Windows-AppxPackagingOM", "Computer": "DESKTOP-OFJ6N53", "TimeCreated": "2025-08-11 01:06:51.881001+00:00", "RecordID": "67716", "Level": "3", "UserID": "S-1-5-18", "EventData.namespace": "http://schemas.microsoft.com/developer/appx/2015/build"}
{"EventID": "216", "Channel": "Microsoft-Windows-AppxPackaging/Operational", "Provider_Name": "Microsoft-Windows-AppxPackagingOM", "Computer": "DESKTOP-OFJ6N53", "TimeCreated": "2025-08-11 01:06:52.616224+00:00", "RecordID": "67717", "Level": "3", "UserID": "S-1-5-18", "EventData.namespace": "http://schemas.microsoft.com/developer/appx/2015/build"}
{"EventID": "216", "Channel": "Microsoft-Windows-AppxPackaging/Operational", "Provider_Name": "Microsoft-Windows-AppxPackagingOM", "Computer": "DESKTOP-OFJ6N53", "TimeCreated": "2025-08-11 01:06:53.171301+00:00", "RecordID": "67718", "Level": "3", "UserID": "S-1-5-18", "EventData.namespace": "http://schemas.microsoft.com/developer/appx/2015/build"}
{"EventID": "216", "Channel": "Microsoft-Windows-AppxPackaging/Operational", "Provider_Name": "Microsoft-Windows-AppxPackagingOM", "Computer": "DESKTOP-OFJ6N53", "TimeCreated": "2025-08-11 01:06:54.127918+00:00", "RecordID": "67719", "Level": "3", "UserID": "S-1-5-18", "EventData.namespace": "http://schemas.microsoft.com/developer/appx/2015/build"}
{"EventID": "216", "Channel": "Microsoft-Windows-AppxPackaging/Operational", "Provider_Name": "Microsoft-Windows-AppxPackagingOM", "Computer": "DESKTOP-OFJ6N53", "TimeCreated": "2025-08-11 01:06:54.558296+00:00", "RecordID": "67720", "Level": "3", "UserID": "S-1-5-18", "EventData.namespace": "http://schemas.microsoft.com/developer/appx/2015/build"}
{"EventID": "216", "Channel": "Microsoft-Windows-AppxPackaging/Operational", "Provider_Name": "Microsoft-Windows-AppxPackagingOM", "Computer": "DESKTOP-OFJ6N53", "TimeCreated": "2025-08-11 01:06:55.192358+00:00", "RecordID": "67721", "Level": "3", "UserID": "S-1-5-18", "EventData.namespace": "http://schemas.microsoft.com/developer/appx/2015/build"}
{"EventID": "216", "Channel": "Microsoft-Windows-AppxPackaging/Operational", "Provider_Name": "Microsoft-Windows-AppxPackagingOM", "Computer": "DESKTOP-OFJ6N53", "TimeCreated": "2025-08-11 01:06:55.407339+00:00", "RecordID": "67722", "Level": "3", "UserID": "S-1-5-18", "EventData.namespace": "http://schemas.microsoft.com/developer/appx/2015/build"}
{"EventID": "216", "Channel": "Microsoft-Windows-AppxPackaging/Operational", "Provider_Name": "Microsoft-Windows-AppxPackagingOM", "Computer": "DESKTOP-OFJ6N53", "TimeCreated": "2025-08-11 01:06:55.711168+00:00", "RecordID": "67723", "Level": "3", "UserID": "S-1-5-18", "EventData.namespace": "http://schemas.microsoft.com/developer/appx/2015/build"}
{"EventID": "216", "Channel": "Microsoft-Windows-AppxPackaging/Operational", "Provider_Name": "Microsoft-Windows-AppxPackagingOM", "Computer": "DESKTOP-OFJ6N53", "TimeCreated": "2025-08-11 01:06:55.834757+00:00", "RecordID": "67724", "Level": "3", "UserID": "S-1-5-18", "EventData.namespace": "http://schemas.microsoft.com/developer/appx/2015/build"}
{"EventID": "216", "Channel": "Microsoft-Windows-AppxPackaging/Operational", "Provider_Name": "Microsoft-Windows-AppxPackagingOM", "Computer": "DESKTOP-OFJ6N53", "TimeCreated": "2025-08-11 01:06:55.834763+00:00", "RecordID": "67725", "Level": "3", "UserID": "S-1-5-18", "EventData.namespace": "http://schemas.microsoft.com/appx/manifest/mobile/windows10"}
{"EventID": "216", "Channel": "Microsoft-Windows-AppxPackaging/Operational", "Provider_Name": "Microsoft-Windows-AppxPackagingOM", "Computer": "DESKTOP-OFJ6N53", "TimeCreated": "2025-08-11 01:06:56.110998+00:00", "RecordID": "67726", "Level": "3", "UserID": "S-1-5-18", "EventData.namespace": "http://schemas.microsoft.com/developer/appx/2015/build"}
{"EventID": "216", "Channel": "Microsoft-Windows-AppxPackaging/Operational", "Provider_Name": "Microsoft-Windows-AppxPackagingOM", "Computer": "DESKTOP-OFJ6N53", "TimeCreated": "2025-08-11 01:06:56.622738+00:00", "RecordID": "67727", "Level": "3", "UserID": "S-1-5-18", "EventData.namespace": "http://schemas.microsoft.com/developer/appx/2015/build"}
{"EventID": "216", "Channel": "Microsoft-Windows-AppxPackaging/Operational", "Provider_Name": "Microsoft-Windows-AppxPackagingOM", "Computer": "DESKTOP-OFJ6N53", "TimeCreated": "2025-08-11 01:06:58.690834+00:00", "RecordID": "67728", "Level": "3", "UserID": "S-1-5-18", "EventData.namespace": "http://schemas.microsoft.com/appx/manifest/uap/windows10/7"}
{"EventID": "216", "Channel": "Microsoft-Windows-AppxPackaging/Operational", "Provider_Name": "Microsoft-Windows-AppxPackagingOM", "Computer": "DESKTOP-OFJ6N53", "TimeCreated": "2025-08-11 01:07:00.263582+00:00", "RecordID": "67729", "Level": "3", "UserID": "S-1-5-18", "EventData.namespace": "http://schemas.microsoft.com/appx/manifest/uap/windows10/3"}
{"EventID": "216", "Channel": "Microsoft-Windows-AppxPackaging/Operational", "Provider_Name": "Microsoft-Windows-AppxPackagingOM", "Computer": "DESKTOP-OFJ6N53", "TimeCreated": "2025-08-11 01:07:02.393311+00:00", "RecordID": "67730", "Level": "3", "UserID": "S-1-5-18", "EventData.namespace": "http://schemas.microsoft.com/developer/appx/2015/build"}
{"EventID": "216", "Channel": "Microsoft-Windows-AppxPackaging/Operational", "Provider_Name": "Microsoft-Windows-AppxPackagingOM", "Computer": "DESKTOP-OFJ6N53", "TimeCreated": "2025-08-11 01:07:02.775805+00:00", "RecordID": "67731", "Level": "3", "UserID": "S-1-5-18", "EventData.namespace": "http://schemas.microsoft.com/developer/appx/2015/build"}
{"EventID": "216", "Channel": "Microsoft-Windows-AppxPackaging/Operational", "Provider_Name": "Microsoft-Windows-AppxPackagingOM", "Computer": "DESKTOP-OFJ6N53", "TimeCreated": "2025-08-11 01:07:02.906635+00:00", "RecordID": "67732", "Level": "3", "UserID": "S-1-5-18", "EventData.namespace": "http://schemas.microsoft.com/developer/appx/2015/build"}
{"EventID": "216", "Channel": "Microsoft-Windows-AppxPackaging/Operational", "Provider_Name": "Microsoft-Windows-AppxPackagingOM", "Computer": "DESKTOP-OFJ6N53", "TimeCreated": "2025-08-11 01:07:03.115320+00:00", "RecordID": "67733", "Level": "3", "UserID": "S-1-5-18", "EventData.namespace": "http://schemas.microsoft.com/developer/appx/2015/build"}
{"EventID": "216", "Channel": "Microsoft-Windows-AppxPackaging/Operational", "Provider_Name": "Microsoft-Windows-AppxPackagingOM", "Computer": "DESKTOP-OFJ6N53", "TimeCreated": "2025-08-11 01:07:03.115328+00:00", "RecordID": "67734", "Level": "3", "UserID": "S-1-5-18", "EventData.namespace": "http://schemas.microsoft.com/appx/manifest/iot/windows10/2"}
{"EventID": "216", "Channel": "Microsoft-Windows-AppxPackaging/Operational", "Provider_Name": "Microsoft-Windows-AppxPackagingOM", "Computer": "DESKTOP-OFJ6N53", "TimeCreated": "2025-08-11 01:07:03.876812+00:00", "RecordID": "67735", "Level": "3", "UserID": "S-1-5-18", "EventData.namespace": "http://schemas.microsoft.com/developer/appx/2015/build"}
{"EventID": "216", "Channel": "Microsoft-Windows-AppxPackaging/Operational", "Provider_Name": "Microsoft-Windows-AppxPackagingOM", "Computer": "DESKTOP-OFJ6N53", "TimeCreated": "2025-08-11 01:07:04.125389+00:00", "RecordID": "67736", "Level": "3", "UserID": "S-1-5-18", "EventData.namespace": "http://schemas.microsoft.com/developer/appx/2015/build"}
{"EventID": "216", "Channel": "Microsoft-Windows-AppxPackaging/Operational", "Provider_Name": "Microsoft-Windows-AppxPackagingOM", "Computer": "DESKTOP-OFJ6N53", "TimeCreated": "2025-08-11 01:07:04.367743+00:00", "RecordID": "67737", "Level": "3", "UserID": "S-1-5-18", "EventData.namespace": "http://schemas.microsoft.com/developer/appx/2015/build"}
{"EventID": "216", "Channel": "Microsoft-Windows-AppxPackaging/Operational", "Provider_Name": "Microsoft-Windows-AppxPackagingOM", "Computer": "DESKTOP-OFJ6N53", "TimeCreated": "2025-08-11 01:07:04.469791+00:00", "RecordID": "67738", "Level": "3", "UserID": "S-1-5-18", "EventData.namespace": "http://schemas.microsoft.com/developer/appx/2015/build"}
{"EventID": "216", "Channel": "Microsoft-Windows-AppxPackaging/Operational", "Provider_Name": "Microsoft-Windows-AppxPackagingOM", "Computer": "DESKTOP-OFJ6N53", "TimeCreated": "2025-08-11 01:07:04.606533+00:00", "RecordID": "67739", "Level": "3", "UserID": "S-1-5-18", "EventData.namespace": "http://schemas.microsoft.com/developer/appx/2015/build"}
{"EventID": "216", "Channel": "Microsoft-Windows-AppxPackaging/Operational", "Provider_Name": "Microsoft-Windows-AppxPackagingOM", "Computer": "DESKTOP-OFJ6N53", "TimeCreated": "2025-08-11 01:07:04.699667+00:00", "RecordID": "67740", "Level": "3", "UserID": "S-1-5-18", "EventData.namespace": "http://schemas.microsoft.com/appx/manifest/iot/windows10"}
{"EventID": "216", "Channel": "Microsoft-Windows-AppxPackaging/Operational", "Provider_Name": "Microsoft-Windows-AppxPackagingOM", "Computer": "DESKTOP-OFJ6N53", "TimeCreated": "2025-08-11 01:07:04.699671+00:00", "RecordID": "67741", "Level": "3", "UserID": "S-1-5-18", "EventData.namespace": "http://schemas.microsoft.com/appx/manifest/mobile/windows10"}
{"EventID": "216", "Channel": "Microsoft-Windows-AppxPackaging/Operational", "Provider_Name": "Microsoft-Windows-AppxPackagingOM", "Computer": "DESKTOP-OFJ6N53", "TimeCreated": "2025-08-11 01:07:05.008043+00:00", "RecordID": "67742", "Level": "3", "UserID": "S-1-5-18", "EventData.namespace": "http://schemas.microsoft.com/developer/appx/2015/build"}
{"EventID": "216", "Channel": "Microsoft-Windows-AppxPackaging/Operational", "Provider_Name": "Microsoft-Windows-AppxPackagingOM", "Computer": "DESKTOP-OFJ6N53", "TimeCreated": "2025-08-11 01:07:05.161194+00:00", "RecordID": "67743", "Level": "3", "UserID": "S-1-5-18", "EventData.namespace": "http://schemas.microsoft.com/developer/appx/2015/build"}
{"EventID": "216", "Channel": "Microsoft-Windows-AppxPackaging/Operational", "Provider_Name": "Microsoft-Windows-AppxPackagingOM", "Computer": "DESKTOP-OFJ6N53", "TimeCreated": "2025-08-11 01:07:05.513731+00:00", "RecordID": "67744", "Level": "3", "UserID": "S-1-5-18", "EventData.namespace": "http://schemas.microsoft.com/developer/appx/2015/build"}
{"EventID": "216", "Channel": "Microsoft-Windows-AppxPackaging/Operational", "Provider_Name": "Microsoft-Windows-AppxPackagingOM", "Computer": "DESKTOP-OFJ6N53", "TimeCreated": "2025-08-11 01:07:05.699692+00:00", "RecordID": "67745", "Level": "3", "UserID": "S-1-5-18", "EventData.namespace": "http://schemas.microsoft.com/developer/appx/2015/build"}
{"EventID": "216", "Channel": "Microsoft-Windows-AppxPackaging/Operational", "Provider_Name": "Microsoft-Windows-AppxPackagingOM", "Computer": "DESKTOP-OFJ6N53", "TimeCreated": "2025-08-11 01:07:06.149607+00:00", "RecordID": "67746", "Level": "3", "UserID": "S-1-5-18", "EventData.namespace": "http://schemas.microsoft.com/developer/appx/2015/build"}
{"EventID": "216", "Channel": "Microsoft-Windows-AppxPackaging/Operational", "Provider_Name": "Microsoft-Windows-AppxPackagingOM", "Computer": "DESKTOP-OFJ6N53", "TimeCreated": "2025-08-11 01:07:06.149616+00:00", "RecordID": "67747", "Level": "3", "UserID": "S-1-5-18", "EventData.namespace": "http://schemas.microsoft.com/appx/manifest/uap/windows10/17"}
{"EventID": "216", "Channel": "Microsoft-Windows-AppxPackaging/Operational", "Provider_Name": "Microsoft-Windows-AppxPackagingOM", "Computer": "DESKTOP-OFJ6N53", "TimeCreated": "2025-08-11 01:07:06.435873+00:00", "RecordID": "67748", "Level": "3", "UserID": "S-1-5-18", "EventData.namespace": "http://schemas.microsoft.com/developer/appx/2015/build"}
{"EventID": "216", "Channel": "Microsoft-Windows-AppxPackaging/Operational", "Provider_Name": "Microsoft-Windows-AppxPackagingOM", "Computer": "DESKTOP-OFJ6N53", "TimeCreated": "2025-08-11 01:07:06.741503+00:00", "RecordID": "67749", "Level": "3", "UserID": "S-1-5-18", "EventData.namespace": "http://schemas.microsoft.com/appx/manifest/virtualization/windows10"}
{"EventID": "216", "Channel": "Microsoft-Windows-AppxPackaging/Operational", "Provider_Name": "Microsoft-Windows-AppxPackagingOM", "Computer": "DESKTOP-OFJ6N53", "TimeCreated": "2025-08-11 01:07:06.971731+00:00", "RecordID": "67750", "Level": "3", "UserID": "S-1-5-18", "EventData.namespace": "http://schemas.microsoft.com/developer/appx/2015/build"}
{"EventID": "216", "Channel": "Microsoft-Windows-AppxPackaging/Operational", "Provider_Name": "Microsoft-Windows-AppxPackagingOM", "Computer": "DESKTOP-OFJ6N53", "TimeCreated": "2025-08-11 01:07:07.151508+00:00", "RecordID": "67751", "Level": "3", "UserID": "S-1-5-18", "EventData.namespace": "http://schemas.microsoft.com/developer/appx/2015/build"}
{"EventID": "216", "Channel": "Microsoft-Windows-AppxPackaging/Operational", "Provider_Name": "Microsoft-Windows-AppxPackagingOM", "Computer": "DESKTOP-OFJ6N53", "TimeCreated": "2025-08-11 01:07:07.346300+00:00", "RecordID": "67752", "Level": "3", "UserID": "S-1-5-18", "EventData.namespace": "http://schemas.microsoft.com/developer/appx/2015/build"}
{"EventID": "216", "Channel": "Microsoft-Windows-AppxPackaging/Operational", "Provider_Name": "Microsoft-Windows-AppxPackagingOM", "Computer": "DESKTOP-OFJ6N53", "TimeCreated": "2025-08-11 01:07:07.346319+00:00", "RecordID": "67753", "Level": "3", "UserID": "S-1-5-18", "EventData.namespace": "http://schemas.microsoft.com/appx/manifest/desktop/windows10/9"}
{"EventID": "216", "Channel": "Microsoft-Windows-AppxPackaging/Operational", "Provider_Name": "Microsoft-Windows-AppxPackagingOM", "Computer": "DESKTOP-OFJ6N53", "TimeCreated": "2025-08-11 01:07:07.846502+00:00", "RecordID": "67754", "Level": "3", "UserID": "S-1-5-18", "EventData.namespace": "http://schemas.microsoft.com/developer/appx/2015/build"}
{"EventID": "216", "Channel": "Microsoft-Windows-AppxPackaging/Operational", "Provider_Name": "Microsoft-Windows-AppxPackagingOM", "Computer": "DESKTOP-OFJ6N53", "TimeCreated": "2025-08-11 01:07:08.029163+00:00", "RecordID": "67755", "Level": "3", "UserID": "S-1-5-18", "EventData.namespace": "http://schemas.microsoft.com/developer/appx/2015/build"}
{"EventID": "216", "Channel": "Microsoft-Windows-AppxPackaging/Operational", "Provider_Name": "Microsoft-Windows-AppxPackagingOM", "Computer": "DESKTOP-OFJ6N53", "TimeCreated": "2025-08-11 01:07:08.280584+00:00", "RecordID": "67756", "Level": "3", "UserID": "S-1-5-18", "EventData.namespace": "http://schemas.microsoft.com/appx/manifest/uap/windows10/17"}
{"EventID": "216", "Channel": "Microsoft-Windows-AppxPackaging/Operational", "Provider_Name": "Microsoft-Windows-AppxPackagingOM", "Computer": "DESKTOP-OFJ6N53", "TimeCreated": "2025-08-11 01:07:08.561333+00:00", "RecordID": "67757", "Level": "3", "UserID": "S-1-5-18", "EventData.namespace": "http://schemas.microsoft.com/developer/appx/2015/build"}
{"EventID": "216", "Channel": "Microsoft-Windows-AppxPackaging/Operational", "Provider_Name": "Microsoft-Windows-AppxPackagingOM", "Computer": "DESKTOP-OFJ6N53", "TimeCreated": "2025-08-11 01:07:08.561346+00:00", "RecordID": "67758", "Level": "3", "UserID": "S-1-5-18", "EventData.namespace": "http://schemas.microsoft.com/appx/manifest/desktop/windows10/11"}
{"EventID": "216", "Channel": "Microsoft-Windows-AppxPackaging/Operational", "Provider_Name": "Microsoft-Windows-AppxPackagingOM", "Computer": "DESKTOP-OFJ6N53", "TimeCreated": "2025-08-11 01:07:08.839165+00:00", "RecordID": "67759", "Level": "3", "UserID": "S-1-5-18", "EventData.namespace": "http://schemas.microsoft.com/developer/appx/2015/build"}
{"EventID": "216", "Channel": "Microsoft-Windows-AppxPackaging/Operational", "Provider_Name": "Microsoft-Windows-AppxPackagingOM", "Computer": "DESKTOP-OFJ6N53", "TimeCreated": "2025-08-11 01:07:09.302019+00:00", "RecordID": "67760", "Level": "3", "UserID": "S-1-5-18", "EventData.namespace": "http://schemas.microsoft.com/developer/appx/2015/build"}
{"EventID": "216", "Channel": "Microsoft-Windows-AppxPackaging/Operational", "Provider_Name": "Microsoft-Windows-AppxPackagingOM", "Computer": "DESKTOP-OFJ6N53", "TimeCreated": "2025-08-11 01:07:09.498680+00:00", "RecordID": "67761", "Level": "3", "UserID": "S-1-5-18", "EventData.namespace": "http://schemas.microsoft.com/developer/appx/2015/build"}
{"EventID": "216", "Channel": "Microsoft-Windows-AppxPackaging/Operational", "Provider_Name": "Microsoft-Windows-AppxPackagingOM", "Computer": "DESKTOP-OFJ6N53", "TimeCreated": "2025-08-11 01:07:09.803272+00:00", "RecordID": "67762", "Level": "3", "UserID": "S-1-5-18", "EventData.namespace": "http://schemas.microsoft.com/developer/appx/2015/build"}
{"EventID": "216", "Channel": "Microsoft-Windows-AppxPackaging/Operational", "Provider_Name": "Microsoft-Windows-AppxPackagingOM", "Computer": "DESKTOP-OFJ6N53", "TimeCreated": "2025-08-11 01:07:10.100903+00:00", "RecordID": "67763", "Level": "3", "UserID": "S-1-5-18", "EventData.namespace": "http://schemas.microsoft.com/developer/appx/2015/build"}
{"EventID": "216", "Channel": "Microsoft-Windows-AppxPackaging/Operational", "Provider_Name": "Microsoft-Windows-AppxPackagingOM", "Computer": "DESKTOP-OFJ6N53", "TimeCreated": "2025-08-11 01:07:10.100943+00:00", "RecordID": "67764", "Level": "3", "UserID": "S-1-5-18", "EventData.namespace": "http://schemas.microsoft.com/appx/manifest/virtualization/windows10"}
{"EventID": "216", "Channel": "Microsoft-Windows-AppxPackaging/Operational", "Provider_Name": "Microsoft-Windows-AppxPackagingOM", "Computer": "DESKTOP-OFJ6N53", "TimeCreated": "2025-08-11 01:07:10.377655+00:00", "RecordID": "67765", "Level": "3", "UserID": "S-1-5-18", "EventData.namespace": "http://schemas.microsoft.com/developer/appx/2015/build"}
{"EventID": "216", "Channel": "Microsoft-Windows-AppxPackaging/Operational", "Provider_Name": "Microsoft-Windows-AppxPackagingOM", "Computer": "DESKTOP-OFJ6N53", "TimeCreated": "2025-08-11 01:07:10.538486+00:00", "RecordID": "67766", "Level": "3", "UserID": "S-1-5-18", "EventData.namespace": "http://schemas.microsoft.com/developer/appx/2015/build"}
{"EventID": "216", "Channel": "Microsoft-Windows-AppxPackaging/Operational", "Provider_Name": "Microsoft-Windows-AppxPackagingOM", "Computer": "DESKTOP-OFJ6N53", "TimeCreated": "2025-08-11 01:07:10.538511+00:00", "RecordID": "67767", "Level": "3", "UserID": "S-1-5-18", "EventData.namespace": "http://schemas.microsoft.com/appx/manifest/uap/windows10/13"}
{"EventID": "216", "Channel": "Microsoft-Windows-AppxPackaging/Operational", "Provider_Name": "Microsoft-Windows-AppxPackagingOM", "Computer": "DESKTOP-OFJ6N53", "TimeCreated": "2025-08-11 01:07:10.538523+00:00", "RecordID": "67768", "Level": "3", "UserID": "S-1-5-18", "EventData.namespace": "http://schemas.microsoft.com/appx/manifest/virtualization/windows10"}
{"EventID": "216", "Channel": "Microsoft-Windows-AppxPackaging/Operational", "Provider_Name": "Microsoft-Windows-AppxPackagingOM", "Computer": "DESKTOP-OFJ6N53", "TimeCreated": "2025-08-11 01:07:10.673227+00:00", "RecordID": "67769", "Level": "3", "UserID": "S-1-5-18", "EventData.namespace": "http://schemas.microsoft.com/developer/appx/2015/build"}
{"EventID": "216", "Channel": "Microsoft-Windows-AppxPackaging/Operational", "Provider_Name": "Microsoft-Windows-AppxPackagingOM", "Computer": "DESKTOP-OFJ6N53", "TimeCreated": "2025-08-11 01:07:10.780447+00:00", "RecordID": "67770", "Level": "3", "UserID": "S-1-5-18", "EventData.namespace": "http://schemas.microsoft.com/developer/appx/2015/build"}
{"EventID": "216", "Channel": "Microsoft-Windows-AppxPackaging/Operational", "Provider_Name": "Microsoft-Windows-AppxPackagingOM", "Computer": "DESKTOP-OFJ6N53", "TimeCreated": "2025-08-11 01:07:10.875221+00:00", "RecordID": "67771", "Level": "3", "UserID": "S-1-5-18", "EventData.namespace": "http://schemas.microsoft.com/developer/appx/2015/build"}
{"EventID": "164", "Channel": "Microsoft-Windows-AppxPackaging/Operational", "Provider_Name": "Microsoft-Windows-AppxPackagingOM", "Computer": "DESKTOP-OFJ6N53", "TimeCreated": "2025-08-11 16:46:22.715298+00:00", "RecordID": "67772", "Level": "4", "UserID": "S-1-5-18", "EventData.subjectName": "CN=Microsoft Corporation, O=Microsoft Corporation, L=Redmond, S=Washington, C=US"}
{"EventID": "391", "Channel": "Microsoft-Windows-AppxPackaging/Operational", "Provider_Name": "Microsoft-Windows-AppxPackagingOM", "Computer": "DESKTOP-OFJ6N53", "TimeCreated": "2025-08-11 16:46:22.822586+00:00", "RecordID": "67773", "Level": "4", "UserID": "S-1-5-18", "EventData.packageFullName": "Microsoft.MicrosoftOfficeHub_2025.807.1353.0_neutral_~_8wekyb3d8bbwe"}
{"EventID": "157", "Channel": "Microsoft-Windows-AppxPackaging/Operational", "Provider_Name": "Microsoft-Windows-AppxPackagingOM", "Computer": "DESKTOP-OFJ6N53", "TimeCreated": "2025-08-11 16:46:24.673838+00:00", "RecordID": "67774", "Level": "4", "UserID": "S-1-5-18", "EventData.subjectName": "CN=Microsoft Corporation, O=Microsoft Corporation, L=Redmond, S=Washington, C=US"}
{"EventID": "216", "Channel": "Microsoft-Windows-AppxPackaging/Operational", "Provider_Name": "Microsoft-Windows-AppxPackagingOM", "Computer": "DESKTOP-OFJ6N53", "TimeCreated": "2025-08-11 16:46:24.848631+00:00", "RecordID": "67775", "Level": "3", "UserID": "S-1-5-18", "EventData.namespace": "http://schemas.microsoft.com/developer/appx/2015/build"}
{"EventID": "216", "Channel": "Microsoft-Windows-AppxPackaging/Operational", "Provider_Name": "Microsoft-Windows-AppxPackagingOM", "Computer": "DESKTOP-OFJ6N53", "TimeCreated": "2025-08-11 16:46:24.848663+00:00", "RecordID": "67776", "Level": "3", "UserID": "S-1-5-18", "EventData.namespace": "http://schemas.microsoft.com/appx/manifest/virtualization/windows10"}
{"EventID": "170", "Channel": "Microsoft-Windows-AppxPackaging/Operational", "Provider_Name": "Microsoft-Windows-AppxPackagingOM", "Computer": "DESKTOP-OFJ6N53", "TimeCreated": "2025-08-11 16:46:24.932280+00:00", "RecordID": "67777", "Level": "4", "UserID": "S-1-5-18", "EventData.packageFullName": "Microsoft.MicrosoftOfficeHub_19.2508.37081.0_x64__8wekyb3d8bbwe"}
{"EventID": "157", "Channel": "Microsoft-Windows-AppxPackaging/Operational", "Provider_Name": "Microsoft-Windows-AppxPackagingOM", "Computer": "DESKTOP-OFJ6N53", "TimeCreated": "2025-08-11 16:46:25.821491+00:00", "RecordID": "67778", "Level": "4", "UserID": "S-1-5-18", "EventData.subjectName": "CN=Microsoft Corporation, O=Microsoft Corporation, L=Redmond, S=Washington, C=US"}
{"EventID": "170", "Channel": "Microsoft-Windows-AppxPackaging/Operational", "Provider_Name": "Microsoft-Windows-AppxPackagingOM", "Computer": "DESKTOP-OFJ6N53", "TimeCreated": "2025-08-11 16:46:26.090696+00:00", "RecordID": "67779", "Level": "4", "UserID": "S-1-5-18", "EventData.packageFullName": "Microsoft.MicrosoftOfficeHub_19.2508.37081.0_neutral_split.scale-100_8wekyb3d8bbwe"}
{"EventID": "157", "Channel": "Microsoft-Windows-AppxPackaging/Operational", "Provider_Name": "Microsoft-Windows-AppxPackagingOM", "Computer": "DESKTOP-OFJ6N53", "TimeCreated": "2025-08-11 16:46:27.058662+00:00", "RecordID": "67780", "Level": "4", "UserID": "S-1-5-18", "EventData.subjectName": "CN=Microsoft Corporation, O=Microsoft Corporation, L=Redmond, S=Washington, C=US"}
{"EventID": "170", "Channel": "Microsoft-Windows-AppxPackaging/Operational", "Provider_Name": "Microsoft-Windows-AppxPackagingOM", "Computer": "DESKTOP-OFJ6N53", "TimeCreated": "2025-08-11 16:46:27.216875+00:00", "RecordID": "67781", "Level": "4", "UserID": "S-1-5-18", "EventData.packageFullName": "Microsoft.MicrosoftOfficeHub_19.2508.37081.0_neutral_split.language-ru_8wekyb3d8bbwe"}
{"EventID": "157", "Channel": "Microsoft-Windows-AppxPackaging/Operational", "Provider_Name": "Microsoft-Windows-AppxPackagingOM", "Computer": "DESKTOP-OFJ6N53", "TimeCreated": "2025-08-11 16:46:27.751186+00:00", "RecordID": "67782", "Level": "4", "UserID": "S-1-5-18", "EventData.subjectName": "CN=Microsoft Corporation, O=Microsoft Corporation, L=Redmond, S=Washington, C=US"}
{"EventID": "170", "Channel": "Microsoft-Windows-AppxPackaging/Operational", "Provider_Name": "Microsoft-Windows-AppxPackagingOM", "Computer": "DESKTOP-OFJ6N53", "TimeCreated": "2025-08-11 16:46:27.861099+00:00", "RecordID": "67783", "Level": "4", "UserID": "S-1-5-18", "EventData.packageFullName": "Microsoft.MicrosoftOfficeHub_19.2508.37081.0_neutral_split.scale-125_8wekyb3d8bbwe"}
{"EventID": "216", "Channel": "Microsoft-Windows-AppxPackaging/Operational", "Provider_Name": "Microsoft-Windows-AppxPackagingOM", "Computer": "DESKTOP-OFJ6N53", "TimeCreated": "2025-08-12 12:18:48.632883+00:00", "RecordID": "67784", "Level": "3", "UserID": "S-1-5-21-963789628-1060504924-4285088085-1001", "EventData.namespace": "http://schemas.microsoft.com/developer/appx/2015/build"}
{"EventID": "157", "Channel": "Microsoft-Windows-AppxPackaging/Operational", "Provider_Name": "Microsoft-Windows-AppxPackagingOM", "Computer": "DESKTOP-OFJ6N53", "TimeCreated": "2025-08-12 12:20:13.702251+00:00", "RecordID": "67785", "Level": "4", "UserID": "S-1-5-18", "EventData.subjectName": "CN=Microsoft Corporation, O=Microsoft Corporation, L=Redmond, S=Washington, C=US"}
{"EventID": "170", "Channel": "Microsoft-Windows-AppxPackaging/Operational", "Provider_Name": "Microsoft-Windows-AppxPackagingOM", "Computer": "DESKTOP-OFJ6N53", "TimeCreated": "2025-08-12 12:20:14.092077+00:00", "RecordID": "67786", "Level": "4", "UserID": "S-1-5-18", "EventData.packageFullName": "Microsoft.MicrosoftEdge.Stable_139.0.3405.86_neutral__8wekyb3d8bbwe"}
{"EventID": "216", "Channel": "Microsoft-Windows-AppxPackaging/Operational", "Provider_Name": "Microsoft-Windows-AppxPackagingOM", "Computer": "DESKTOP-OFJ6N53", "TimeCreated": "2025-08-13 00:38:03.732552+00:00", "RecordID": "67787", "Level": "3", "UserID": "S-1-5-18", "EventData.namespace": "http://schemas.microsoft.com/developer/appx/2015/build"}
{"EventID": "216", "Channel": "Microsoft-Windows-AppxPackaging/Operational", "Provider_Name": "Microsoft-Windows-AppxPackagingOM", "Computer": "DESKTOP-OFJ6N53", "TimeCreated": "2025-08-13 00:38:04.656044+00:00", "RecordID": "67788", "Level": "3", "UserID": "S-1-5-18", "EventData.namespace": "http://schemas.microsoft.com/developer/appx/2015/build"}
{"EventID": "216", "Channel": "Microsoft-Windows-AppxPackaging/Operational", "Provider_Name": "Microsoft-Windows-AppxPackagingOM", "Computer": "DESKTOP-OFJ6N53", "TimeCreated": "2025-08-13 00:38:05.093788+00:00", "RecordID": "67789", "Level": "3", "UserID": "S-1-5-18", "EventData.namespace": "http://schemas.microsoft.com/developer/appx/2015/build"}
{"EventID": "216", "Channel": "Microsoft-Windows-AppxPackaging/Operational", "Provider_Name": "Microsoft-Windows-AppxPackagingOM", "Computer": "DESKTOP-OFJ6N53", "TimeCreated": "2025-08-13 00:38:05.629122+00:00", "RecordID": "67790", "Level": "3", "UserID": "S-1-5-18", "EventData.namespace": "http://schemas.microsoft.com/developer/appx/2015/build"}
{"EventID": "216", "Channel": "Microsoft-Windows-AppxPackaging/Operational", "Provider_Name": "Microsoft-Windows-AppxPackagingOM", "Computer": "DESKTOP-OFJ6N53", "TimeCreated": "2025-08-13 00:38:06.640848+00:00", "RecordID": "67791", "Level": "3", "UserID": "S-1-5-18", "EventData.namespace": "http://schemas.microsoft.com/developer/appx/2015/build"}
{"EventID": "216", "Channel": "Microsoft-Windows-AppxPackaging/Operational", "Provider_Name": "Microsoft-Windows-AppxPackagingOM", "Computer": "DESKTOP-OFJ6N53", "TimeCreated": "2025-08-13 00:38:06.994747+00:00", "RecordID": "67792", "Level": "3", "UserID": "S-1-5-18", "EventData.namespace": "http://schemas.microsoft.com/developer/appx/2015/build"}
{"EventID": "216", "Channel": "Microsoft-Windows-AppxPackaging/Operational", "Provider_Name": "Microsoft-Windows-AppxPackagingOM", "Computer": "DESKTOP-OFJ6N53", "TimeCreated": "2025-08-13 00:38:07.316429+00:00", "RecordID": "67793", "Level": "3", "UserID": "S-1-5-18", "EventData.namespace": "http://schemas.microsoft.com/developer/appx/2015/build"}
{"EventID": "216", "Channel": "Microsoft-Windows-AppxPackaging/Operational", "Provider_Name": "Microsoft-Windows-AppxPackagingOM", "Computer": "DESKTOP-OFJ6N53", "TimeCreated": "2025-08-13 00:38:07.528227+00:00", "RecordID": "67794", "Level": "3", "UserID": "S-1-5-18", "EventData.namespace": "http://schemas.microsoft.com/developer/appx/2015/build"}
{"EventID": "216", "Channel": "Microsoft-Windows-AppxPackaging/Operational", "Provider_Name": "Microsoft-Windows-AppxPackagingOM", "Computer": "DESKTOP-OFJ6N53", "TimeCreated": "2025-08-13 00:38:07.771845+00:00", "RecordID": "67795", "Level": "3", "UserID": "S-1-5-18", "EventData.namespace": "http://schemas.microsoft.com/developer/appx/2015/build"}
{"EventID": "216", "Channel": "Microsoft-Windows-AppxPackaging/Operational", "Provider_Name": "Microsoft-Windows-AppxPackagingOM", "Computer": "DESKTOP-OFJ6N53", "TimeCreated": "2025-08-13 00:38:07.915125+00:00", "RecordID": "67796", "Level": "3", "UserID": "S-1-5-18", "EventData.namespace": "http://schemas.microsoft.com/developer/appx/2015/build"}
{"EventID": "216", "Channel": "Microsoft-Windows-AppxPackaging/Operational", "Provider_Name": "Microsoft-Windows-AppxPackagingOM", "Computer": "DESKTOP-OFJ6N53", "TimeCreated": "2025-08-13 00:38:07.915134+00:00", "RecordID": "67797", "Level": "3", "UserID": "S-1-5-18", "EventData.namespace": "http://schemas.microsoft.com/appx/manifest/mobile/windows10"}
{"EventID": "216", "Channel": "Microsoft-Windows-AppxPackaging/Operational", "Provider_Name": "Microsoft-Windows-AppxPackagingOM", "Computer": "DESKTOP-OFJ6N53", "TimeCreated": "2025-08-13 00:38:08.046837+00:00", "RecordID": "67798", "Level": "3", "UserID": "S-1-5-18", "EventData.namespace": "http://schemas.microsoft.com/developer/appx/2015/build"}
{"EventID": "216", "Channel": "Microsoft-Windows-AppxPackaging/Operational", "Provider_Name": "Microsoft-Windows-AppxPackagingOM", "Computer": "DESKTOP-OFJ6N53", "TimeCreated": "2025-08-13 00:38:08.243912+00:00", "RecordID": "67799", "Level": "3", "UserID": "S-1-5-18", "EventData.namespace": "http://schemas.microsoft.com/developer/appx/2015/build"}
{"EventID": "216", "Channel": "Microsoft-Windows-AppxPackaging/Operational", "Provider_Name": "Microsoft-Windows-AppxPackagingOM", "Computer": "DESKTOP-OFJ6N53", "TimeCreated": "2025-08-13 00:38:10.163977+00:00", "RecordID": "67800", "Level": "3", "UserID": "S-1-5-18", "EventData.namespace": "http://schemas.microsoft.com/appx/manifest/uap/windows10/7"}
{"EventID": "216", "Channel": "Microsoft-Windows-AppxPackaging/Operational", "Provider_Name": "Microsoft-Windows-AppxPackagingOM", "Computer": "DESKTOP-OFJ6N53", "TimeCreated": "2025-08-13 00:38:11.891968+00:00", "RecordID": "67801", "Level": "3", "UserID": "S-1-5-18", "EventData.namespace": "http://schemas.microsoft.com/appx/manifest/uap/windows10/3"}
{"EventID": "216", "Channel": "Microsoft-Windows-AppxPackaging/Operational", "Provider_Name": "Microsoft-Windows-AppxPackagingOM", "Computer": "DESKTOP-OFJ6N53", "TimeCreated": "2025-08-13 00:38:15.209143+00:00", "RecordID": "67802", "Level": "3", "UserID": "S-1-5-18", "EventData.namespace": "http://schemas.microsoft.com/developer/appx/2015/build"}
{"EventID": "216", "Channel": "Microsoft-Windows-AppxPackaging/Operational", "Provider_Name": "Microsoft-Windows-AppxPackagingOM", "Computer": "DESKTOP-OFJ6N53", "TimeCreated": "2025-08-13 00:38:16.325459+00:00", "RecordID": "67803", "Level": "3", "UserID": "S-1-5-18", "EventData.namespace": "http://schemas.microsoft.com/developer/appx/2015/build"}
{"EventID": "216", "Channel": "Microsoft-Windows-AppxPackaging/Operational", "Provider_Name": "Microsoft-Windows-AppxPackagingOM", "Computer": "DESKTOP-OFJ6N53", "TimeCreated": "2025-08-13 00:38:16.678421+00:00", "RecordID": "67804", "Level": "3", "UserID": "S-1-5-18", "EventData.namespace": "http://schemas.microsoft.com/developer/appx/2015/build"}
{"EventID": "216", "Channel": "Microsoft-Windows-AppxPackaging/Operational", "Provider_Name": "Microsoft-Windows-AppxPackagingOM", "Computer": "DESKTOP-OFJ6N53", "TimeCreated": "2025-08-13 00:38:17.134626+00:00", "RecordID": "67805", "Level": "3", "UserID": "S-1-5-18", "EventData.namespace": "http://schemas.microsoft.com/developer/appx/2015/build"}
{"EventID": "216", "Channel": "Microsoft-Windows-AppxPackaging/Operational", "Provider_Name": "Microsoft-Windows-AppxPackagingOM", "Computer": "DESKTOP-OFJ6N53", "TimeCreated": "2025-08-13 00:38:17.134638+00:00", "RecordID": "67806", "Level": "3", "UserID": "S-1-5-18", "EventData.namespace": "http://schemas.microsoft.com/appx/manifest/iot/windows10/2"}
{"EventID": "216", "Channel": "Microsoft-Windows-AppxPackaging/Operational", "Provider_Name": "Microsoft-Windows-AppxPackagingOM", "Computer": "DESKTOP-OFJ6N53", "TimeCreated": "2025-08-13 00:38:17.795006+00:00", "RecordID": "67807", "Level": "3", "UserID": "S-1-5-18", "EventData.namespace": "http://schemas.microsoft.com/developer/appx/2015/build"}
{"EventID": "216", "Channel": "Microsoft-Windows-AppxPackaging/Operational", "Provider_Name": "Microsoft-Windows-AppxPackagingOM", "Computer": "DESKTOP-OFJ6N53", "TimeCreated": "2025-08-13 00:38:18.072102+00:00", "RecordID": "67808", "Level": "3", "UserID": "S-1-5-18", "EventData.namespace": "http://schemas.microsoft.com/developer/appx/2015/build"}
{"EventID": "216", "Channel": "Microsoft-Windows-AppxPackaging/Operational", "Provider_Name": "Microsoft-Windows-AppxPackagingOM", "Computer": "DESKTOP-OFJ6N53", "TimeCreated": "2025-08-13 00:38:18.602209+00:00", "RecordID": "67809", "Level": "3", "UserID": "S-1-5-18", "EventData.namespace": "http://schemas.microsoft.com/developer/appx/2015/build"}
{"EventID": "216", "Channel": "Microsoft-Windows-AppxPackaging/Operational", "Provider_Name": "Microsoft-Windows-AppxPackagingOM", "Computer": "DESKTOP-OFJ6N53", "TimeCreated": "2025-08-13 00:38:18.798685+00:00", "RecordID": "67810", "Level": "3", "UserID": "S-1-5-18", "EventData.namespace": "http://schemas.microsoft.com/developer/appx/2015/build"}
{"EventID": "216", "Channel": "Microsoft-Windows-AppxPackaging/Operational", "Provider_Name": "Microsoft-Windows-AppxPackagingOM", "Computer": "DESKTOP-OFJ6N53", "TimeCreated": "2025-08-13 00:38:18.985613+00:00", "RecordID": "67811", "Level": "3", "UserID": "S-1-5-18", "EventData.namespace": "http://schemas.microsoft.com/developer/appx/2015/build"}
{"EventID": "216", "Channel": "Microsoft-Windows-AppxPackaging/Operational", "Provider_Name": "Microsoft-Windows-AppxPackagingOM", "Computer": "DESKTOP-OFJ6N53", "TimeCreated": "2025-08-13 00:38:19.181101+00:00", "RecordID": "67812", "Level": "3", "UserID": "S-1-5-18", "EventData.namespace": "http://schemas.microsoft.com/appx/manifest/iot/windows10"}
{"EventID": "216", "Channel": "Microsoft-Windows-AppxPackaging/Operational", "Provider_Name": "Microsoft-Windows-AppxPackagingOM", "Computer": "DESKTOP-OFJ6N53", "TimeCreated": "2025-08-13 00:38:19.181107+00:00", "RecordID": "67813", "Level": "3", "UserID": "S-1-5-18", "EventData.namespace": "http://schemas.microsoft.com/appx/manifest/mobile/windows10"}
{"EventID": "216", "Channel": "Microsoft-Windows-AppxPackaging/Operational", "Provider_Name": "Microsoft-Windows-AppxPackagingOM", "Computer": "DESKTOP-OFJ6N53", "TimeCreated": "2025-08-13 00:38:19.685282+00:00", "RecordID": "67814", "Level": "3", "UserID": "S-1-5-18", "EventData.namespace": "http://schemas.microsoft.com/developer/appx/2015/build"}
{"EventID": "216", "Channel": "Microsoft-Windows-AppxPackaging/Operational", "Provider_Name": "Microsoft-Windows-AppxPackagingOM", "Computer": "DESKTOP-OFJ6N53", "TimeCreated": "2025-08-13 00:38:19.941935+00:00", "RecordID": "67815", "Level": "3", "UserID": "S-1-5-18", "EventData.namespace": "http://schemas.microsoft.com/developer/appx/2015/build"}
{"EventID": "216", "Channel": "Microsoft-Windows-AppxPackaging/Operational", "Provider_Name": "Microsoft-Windows-AppxPackagingOM", "Computer": "DESKTOP-OFJ6N53", "TimeCreated": "2025-08-13 00:38:20.237421+00:00", "RecordID": "67816", "Level": "3", "UserID": "S-1-5-18", "EventData.namespace": "http://schemas.microsoft.com/developer/appx/2015/build"}
{"EventID": "216", "Channel": "Microsoft-Windows-AppxPackaging/Operational", "Provider_Name": "Microsoft-Windows-AppxPackagingOM", "Computer": "DESKTOP-OFJ6N53", "TimeCreated": "2025-08-13 00:38:20.495392+00:00", "RecordID": "67817", "Level": "3", "UserID": "S-1-5-18", "EventData.namespace": "http://schemas.microsoft.com/developer/appx/2015/build"}
{"EventID": "216", "Channel": "Microsoft-Windows-AppxPackaging/Operational", "Provider_Name": "Microsoft-Windows-AppxPackagingOM", "Computer": "DESKTOP-OFJ6N53", "TimeCreated": "2025-08-13 00:38:20.609144+00:00", "RecordID": "67818", "Level": "3", "UserID": "S-1-5-18", "EventData.namespace": "http://schemas.microsoft.com/developer/appx/2015/build"}
{"EventID": "216", "Channel": "Microsoft-Windows-AppxPackaging/Operational", "Provider_Name": "Microsoft-Windows-AppxPackagingOM", "Computer": "DESKTOP-OFJ6N53", "TimeCreated": "2025-08-13 00:38:20.609156+00:00", "RecordID": "67819", "Level": "3", "UserID": "S-1-5-18", "EventData.namespace": "http://schemas.microsoft.com/appx/manifest/uap/windows10/17"}
{"EventID": "216", "Channel": "Microsoft-Windows-AppxPackaging/Operational", "Provider_Name": "Microsoft-Windows-AppxPackagingOM", "Computer": "DESKTOP-OFJ6N53", "TimeCreated": "2025-08-13 00:38:20.719749+00:00", "RecordID": "67820", "Level": "3", "UserID": "S-1-5-18", "EventData.namespace": "http://schemas.microsoft.com/developer/appx/2015/build"}
{"EventID": "216", "Channel": "Microsoft-Windows-AppxPackaging/Operational", "Provider_Name": "Microsoft-Windows-AppxPackagingOM", "Computer": "DESKTOP-OFJ6N53", "TimeCreated": "2025-08-13 00:38:20.909813+00:00", "RecordID": "67821", "Level": "3", "UserID": "S-1-5-18", "EventData.namespace": "http://schemas.microsoft.com/appx/manifest/virtualization/windows10"}
{"EventID": "216", "Channel": "Microsoft-Windows-AppxPackaging/Operational", "Provider_Name": "Microsoft-Windows-AppxPackagingOM", "Computer": "DESKTOP-OFJ6N53", "TimeCreated": "2025-08-13 00:38:21.134899+00:00", "RecordID": "67822", "Level": "3", "UserID": "S-1-5-18", "EventData.namespace": "http://schemas.microsoft.com/developer/appx/2015/build"}
{"EventID": "216", "Channel": "Microsoft-Windows-AppxPackaging/Operational", "Provider_Name": "Microsoft-Windows-AppxPackagingOM", "Computer": "DESKTOP-OFJ6N53", "TimeCreated": "2025-08-13 00:38:21.351904+00:00", "RecordID": "67823", "Level": "3", "UserID": "S-1-5-18", "EventData.namespace": "http://schemas.microsoft.com/developer/appx/2015/build"}
{"EventID": "216", "Channel": "Microsoft-Windows-AppxPackaging/Operational", "Provider_Name": "Microsoft-Windows-AppxPackagingOM", "Computer": "DESKTOP-OFJ6N53", "TimeCreated": "2025-08-13 00:38:21.645754+00:00", "RecordID": "67824", "Level": "3", "UserID": "S-1-5-18", "EventData.namespace": "http://schemas.microsoft.com/developer/appx/2015/build"}
{"EventID": "216", "Channel": "Microsoft-Windows-AppxPackaging/Operational", "Provider_Name": "Microsoft-Windows-AppxPackagingOM", "Computer": "DESKTOP-OFJ6N53", "TimeCreated": "2025-08-13 00:38:21.645779+00:00", "RecordID": "67825", "Level": "3", "UserID": "S-1-5-18", "EventData.namespace": "http://schemas.microsoft.com/appx/manifest/desktop/windows10/9"}
