{"EventID": "1002", "Channel": "Microsoft-Windows-Known Folders API Service", "Provider_Name": "Microsoft-Windows-KnownFolders", "Computer": "DESKTOP-OFJ6N53", "TimeCreated": "2025-03-31 19:03:35.962795+00:00", "RecordID": "139947", "Level": "3", "UserID": "S-1-5-21-963789628-1060504924-4285088085-1001", "EventData.hrError": "0x80070005", "EventData.FolderId": "{62ab5d82-fdc1-4dc3-a9dd-070d1d495d97}", "EventData.Path": "C:\\ProgramData"}
{"EventID": "1002", "Channel": "Microsoft-Windows-Known Folders API Service", "Provider_Name": "Microsoft-Windows-KnownFolders", "Computer": "DESKTOP-OFJ6N53", "TimeCreated": "2025-03-31 19:03:35.964329+00:00", "RecordID": "139948", "Level": "3", "UserID": "S-1-5-21-963789628-1060504924-4285088085-1001", "EventData.hrError": "0x80070005", "EventData.FolderId": "{62ab5d82-fdc1-4dc3-a9dd-070d1d495d97}", "EventData.Path": "C:\\ProgramData"}
{"EventID": "1002", "Channel": "Microsoft-Windows-Known Folders API Service", "Provider_Name": "Microsoft-Windows-KnownFolders", "Computer": "DESKTOP-OFJ6N53", "TimeCreated": "2025-03-31 19:03:35.965834+00:00", "RecordID": "139949", "Level": "3", "UserID": "S-1-5-21-963789628-1060504924-4285088085-1001", "EventData.hrError": "0x80070005", "EventData.FolderId": "{62ab5d82-fdc1-4dc3-a9dd-070d1d495d97}", "EventData.Path": "C:\\ProgramData"}
{"EventID": "1002", "Channel": "Microsoft-Windows-Known Folders API Service", "Provider_Name": "Microsoft-Windows-KnownFolders", "Computer": "DESKTOP-OFJ6N53", "TimeCreated": "2025-03-31 19:03:35.967417+00:00", "RecordID": "139950", "Level": "3", "UserID": "S-1-5-21-963789628-1060504924-4285088085-1001", "EventData.hrError": "0x80070005", "EventData.FolderId": "{62ab5d82-fdc1-4dc3-a9dd-070d1d495d97}", "EventData.Path": "C:\\ProgramData"}
{"EventID": "1002", "Channel": "Microsoft-Windows-Known Folders API Service", "Provider_Name": "Microsoft-Windows-KnownFolders", "Computer": "DESKTOP-OFJ6N53", "TimeCreated": "2025-03-31 19:03:35.969379+00:00", "RecordID": "139951", "Level": "3", "UserID": "S-1-5-21-963789628-1060504924-4285088085-1001", "EventData.hrError": "0x80070005", "EventData.FolderId": "{62ab5d82-fdc1-4dc3-a9dd-070d1d495d97}", "EventData.Path": "C:\\ProgramData"}
{"EventID": "1002", "Channel": "Microsoft-Windows-Known Folders API Service", "Provider_Name": "Microsoft-Windows-KnownFolders", "Computer": "DESKTOP-OFJ6N53", "TimeCreated": "2025-04-01 00:26:57.763674+00:00", "RecordID": "139952", "Level": "3", "UserID": "S-1-5-18", "EventData.hrError": "0x80070002", "EventData.FolderId": "{fdd39ad0-238f-46af-adb4-6c85480369c7}", "EventData.Path": "C:\\Windows\\system32\\config\\systemprofile\\Documents"}
{"EventID": "1002", "Channel": "Microsoft-Windows-Known Folders API Service", "Provider_Name": "Microsoft-Windows-KnownFolders", "Computer": "DESKTOP-OFJ6N53", "TimeCreated": "2025-04-01 00:27:03.294634+00:00", "RecordID": "139953", "Level": "3", "UserID": "S-1-5-18", "EventData.hrError": "0x80070002", "EventData.FolderId": "{fdd39ad0-238f-46af-adb4-6c85480369c7}", "EventData.Path": "C:\\Windows\\system32\\config\\systemprofile\\Documents"}
{"EventID": "1002", "Channel": "Microsoft-Windows-Known Folders API Service", "Provider_Name": "Microsoft-Windows-KnownFolders", "Computer": "DESKTOP-OFJ6N53", "TimeCreated": "2025-04-01 00:27:07.256315+00:00", "RecordID": "139954", "Level": "3", "UserID": "S-1-5-18", "EventData.hrError": "0x80070002", "EventData.FolderId": "{fdd39ad0-238f-46af-adb4-6c85480369c7}", "EventData.Path": "C:\\Windows\\system32\\config\\systemprofile\\Documents"}
{"EventID": "1002", "Channel": "Microsoft-Windows-Known Folders API Service", "Provider_Name": "Microsoft-Windows-KnownFolders", "Computer": "DESKTOP-OFJ6N53", "TimeCreated": "2025-04-01 00:27:07.848787+00:00", "RecordID": "139955", "Level": "3", "UserID": "S-1-5-18", "EventData.hrError": "0x80070002", "EventData.FolderId": "{fdd39ad0-238f-46af-adb4-6c85480369c7}", "EventData.Path": "C:\\Windows\\system32\\config\\systemprofile\\Documents"}
{"EventID": "1002", "Channel": "Microsoft-Windows-Known Folders API Service", "Provider_Name": "Microsoft-Windows-KnownFolders", "Computer": "DESKTOP-OFJ6N53", "TimeCreated": "2025-04-01 04:58:14.897406+00:00", "RecordID": "139956", "Level": "3", "UserID": "S-1-5-21-963789628-1060504924-4285088085-1001", "EventData.hrError": "0x80070005", "EventData.FolderId": "{62ab5d82-fdc1-4dc3-a9dd-070d1d495d97}", "EventData.Path": "C:\\ProgramData"}
{"EventID": "1002", "Channel": "Microsoft-Windows-Known Folders API Service", "Provider_Name": "Microsoft-Windows-KnownFolders", "Computer": "DESKTOP-OFJ6N53", "TimeCreated": "2025-04-01 04:58:14.904482+00:00", "RecordID": "139957", "Level": "3", "UserID": "S-1-5-21-963789628-1060504924-4285088085-1001", "EventData.hrError": "0x80070005", "EventData.FolderId": "{62ab5d82-fdc1-4dc3-a9dd-070d1d495d97}", "EventData.Path": "C:\\ProgramData"}
{"EventID": "1002", "Channel": "Microsoft-Windows-Known Folders API Service", "Provider_Name": "Microsoft-Windows-KnownFolders", "Computer": "DESKTOP-OFJ6N53", "TimeCreated": "2025-04-01 04:58:14.906723+00:00", "RecordID": "139958", "Level": "3", "UserID": "S-1-5-21-963789628-1060504924-4285088085-1001", "EventData.hrError": "0x80070005", "EventData.FolderId": "{62ab5d82-fdc1-4dc3-a9dd-070d1d495d97}", "EventData.Path": "C:\\ProgramData"}
{"EventID": "1002", "Channel": "Microsoft-Windows-Known Folders API Service", "Provider_Name": "Microsoft-Windows-KnownFolders", "Computer": "DESKTOP-OFJ6N53", "TimeCreated": "2025-04-01 04:58:14.910677+00:00", "RecordID": "139959", "Level": "3", "UserID": "S-1-5-21-963789628-1060504924-4285088085-1001", "EventData.hrError": "0x80070005", "EventData.FolderId": "{62ab5d82-fdc1-4dc3-a9dd-070d1d495d97}", "EventData.Path": "C:\\ProgramData"}
{"EventID": "1002", "Channel": "Microsoft-Windows-Known Folders API Service", "Provider_Name": "Microsoft-Windows-KnownFolders", "Computer": "DESKTOP-OFJ6N53", "TimeCreated": "2025-04-01 04:58:14.984253+00:00", "RecordID": "139960", "Level": "3", "UserID": "S-1-5-21-963789628-1060504924-4285088085-1001", "EventData.hrError": "0x80070005", "EventData.FolderId": "{62ab5d82-fdc1-4dc3-a9dd-070d1d495d97}", "EventData.Path": "C:\\ProgramData"}
{"EventID": "1002", "Channel": "Microsoft-Windows-Known Folders API Service", "Provider_Name": "Microsoft-Windows-KnownFolders", "Computer": "DESKTOP-OFJ6N53", "TimeCreated": "2025-04-01 04:58:14.990248+00:00", "RecordID": "139961", "Level": "3", "UserID": "S-1-5-21-963789628-1060504924-4285088085-1001", "EventData.hrError": "0x80070005", "EventData.FolderId": "{62ab5d82-fdc1-4dc3-a9dd-070d1d495d97}", "EventData.Path": "C:\\ProgramData"}
{"EventID": "1002", "Channel": "Microsoft-Windows-Known Folders API Service", "Provider_Name": "Microsoft-Windows-KnownFolders", "Computer": "DESKTOP-OFJ6N53", "TimeCreated": "2025-04-01 04:58:15.335833+00:00", "RecordID": "139962", "Level": "3", "UserID": "S-1-5-21-963789628-1060504924-4285088085-1001", "EventData.hrError": "0x80070005", "EventData.FolderId": "{62ab5d82-fdc1-4dc3-a9dd-070d1d495d97}", "EventData.Path": "C:\\ProgramData"}
{"EventID": "1002", "Channel": "Microsoft-Windows-Known Folders API Service", "Provider_Name": "Microsoft-Windows-KnownFolders", "Computer": "DESKTOP-OFJ6N53", "TimeCreated": "2025-04-01 04:58:15.455681+00:00", "RecordID": "139963", "Level": "3", "UserID": "S-1-5-21-963789628-1060504924-4285088085-1001", "EventData.hrError": "0x80070005", "EventData.FolderId": "{62ab5d82-fdc1-4dc3-a9dd-070d1d495d97}", "EventData.Path": "C:\\ProgramData"}
{"EventID": "1002", "Channel": "Microsoft-Windows-Known Folders API Service", "Provider_Name": "Microsoft-Windows-KnownFolders", "Computer": "DESKTOP-OFJ6N53", "TimeCreated": "2025-04-01 04:58:15.458033+00:00", "RecordID": "139964", "Level": "3", "UserID": "S-1-5-21-963789628-1060504924-4285088085-1001", "EventData.hrError": "0x80070005", "EventData.FolderId": "{62ab5d82-fdc1-4dc3-a9dd-070d1d495d97}", "EventData.Path": "C:\\ProgramData"}
{"EventID": "1002", "Channel": "Microsoft-Windows-Known Folders API Service", "Provider_Name": "Microsoft-Windows-KnownFolders", "Computer": "DESKTOP-OFJ6N53", "TimeCreated": "2025-04-01 04:58:15.464931+00:00", "RecordID": "139965", "Level": "3", "UserID": "S-1-5-21-963789628-1060504924-4285088085-1001", "EventData.hrError": "0x80070005", "EventData.FolderId": "{62ab5d82-fdc1-4dc3-a9dd-070d1d495d97}", "EventData.Path": "C:\\ProgramData"}
{"EventID": "1002", "Channel": "Microsoft-Windows-Known Folders API Service", "Provider_Name": "Microsoft-Windows-KnownFolders", "Computer": "DESKTOP-OFJ6N53", "TimeCreated": "2025-04-01 04:58:15.482750+00:00", "RecordID": "139966", "Level": "3", "UserID": "S-1-5-21-963789628-1060504924-4285088085-1001", "EventData.hrError": "0x80070005", "EventData.FolderId": "{62ab5d82-fdc1-4dc3-a9dd-070d1d495d97}", "EventData.Path": "C:\\ProgramData"}
{"EventID": "1002", "Channel": "Microsoft-Windows-Known Folders API Service", "Provider_Name": "Microsoft-Windows-KnownFolders", "Computer": "DESKTOP-OFJ6N53", "TimeCreated": "2025-04-01 04:58:15.484524+00:00", "RecordID": "139967", "Level": "3", "UserID": "S-1-5-21-963789628-1060504924-4285088085-1001", "EventData.hrError": "0x80070005", "EventData.FolderId": "{62ab5d82-fdc1-4dc3-a9dd-070d1d495d97}", "EventData.Path": "C:\\ProgramData"}
{"EventID": "1002", "Channel": "Microsoft-Windows-Known Folders API Service", "Provider_Name": "Microsoft-Windows-KnownFolders", "Computer": "DESKTOP-OFJ6N53", "TimeCreated": "2025-04-01 04:58:15.747940+00:00", "RecordID": "139968", "Level": "3", "UserID": "S-1-5-21-963789628-1060504924-4285088085-1001", "EventData.hrError": "0x80070005", "EventData.FolderId": "{62ab5d82-fdc1-4dc3-a9dd-070d1d495d97}", "EventData.Path": "C:\\ProgramData"}
{"EventID": "1002", "Channel": "Microsoft-Windows-Known Folders API Service", "Provider_Name": "Microsoft-Windows-KnownFolders", "Computer": "DESKTOP-OFJ6N53", "TimeCreated": "2025-04-01 04:58:15.754038+00:00", "RecordID": "139969", "Level": "3", "UserID": "S-1-5-21-963789628-1060504924-4285088085-1001", "EventData.hrError": "0x80070005", "EventData.FolderId": "{62ab5d82-fdc1-4dc3-a9dd-070d1d495d97}", "EventData.Path": "C:\\ProgramData"}
{"EventID": "1002", "Channel": "Microsoft-Windows-Known Folders API Service", "Provider_Name": "Microsoft-Windows-KnownFolders", "Computer": "DESKTOP-OFJ6N53", "TimeCreated": "2025-04-01 04:58:16.146885+00:00", "RecordID": "139970", "Level": "3", "UserID": "S-1-5-21-963789628-1060504924-4285088085-1001", "EventData.hrError": "0x80070005", "EventData.FolderId": "{62ab5d82-fdc1-4dc3-a9dd-070d1d495d97}", "EventData.Path": "C:\\ProgramData"}
{"EventID": "1002", "Channel": "Microsoft-Windows-Known Folders API Service", "Provider_Name": "Microsoft-Windows-KnownFolders", "Computer": "DESKTOP-OFJ6N53", "TimeCreated": "2025-04-01 04:58:16.150759+00:00", "RecordID": "139971", "Level": "3", "UserID": "S-1-5-21-963789628-1060504924-4285088085-1001", "EventData.hrError": "0x80070005", "EventData.FolderId": "{62ab5d82-fdc1-4dc3-a9dd-070d1d495d97}", "EventData.Path": "C:\\ProgramData"}
{"EventID": "1002", "Channel": "Microsoft-Windows-Known Folders API Service", "Provider_Name": "Microsoft-Windows-KnownFolders", "Computer": "DESKTOP-OFJ6N53", "TimeCreated": "2025-04-01 04:58:16.155109+00:00", "RecordID": "139972", "Level": "3", "UserID": "S-1-5-21-963789628-1060504924-4285088085-1001", "EventData.hrError": "0x80070005", "EventData.FolderId": "{62ab5d82-fdc1-4dc3-a9dd-070d1d495d97}", "EventData.Path": "C:\\ProgramData"}
{"EventID": "1002", "Channel": "Microsoft-Windows-Known Folders API Service", "Provider_Name": "Microsoft-Windows-KnownFolders", "Computer": "DESKTOP-OFJ6N53", "TimeCreated": "2025-04-01 04:58:16.166218+00:00", "RecordID": "139973", "Level": "3", "UserID": "S-1-5-21-963789628-1060504924-4285088085-1001", "EventData.hrError": "0x80070005", "EventData.FolderId": "{62ab5d82-fdc1-4dc3-a9dd-070d1d495d97}", "EventData.Path": "C:\\ProgramData"}
{"EventID": "1002", "Channel": "Microsoft-Windows-Known Folders API Service", "Provider_Name": "Microsoft-Windows-KnownFolders", "Computer": "DESKTOP-OFJ6N53", "TimeCreated": "2025-04-01 04:58:18.626665+00:00", "RecordID": "139974", "Level": "3", "UserID": "S-1-5-21-963789628-1060504924-4285088085-1001", "EventData.hrError": "0x80070005", "EventData.FolderId": "{62ab5d82-fdc1-4dc3-a9dd-070d1d495d97}", "EventData.Path": "C:\\ProgramData"}
{"EventID": "1002", "Channel": "Microsoft-Windows-Known Folders API Service", "Provider_Name": "Microsoft-Windows-KnownFolders", "Computer": "DESKTOP-OFJ6N53", "TimeCreated": "2025-04-01 04:58:18.629116+00:00", "RecordID": "139975", "Level": "3", "UserID": "S-1-5-21-963789628-1060504924-4285088085-1001", "EventData.hrError": "0x80070005", "EventData.FolderId": "{62ab5d82-fdc1-4dc3-a9dd-070d1d495d97}", "EventData.Path": "C:\\ProgramData"}
{"EventID": "1002", "Channel": "Microsoft-Windows-Known Folders API Service", "Provider_Name": "Microsoft-Windows-KnownFolders", "Computer": "DESKTOP-OFJ6N53", "TimeCreated": "2025-04-01 04:58:18.632601+00:00", "RecordID": "139976", "Level": "3", "UserID": "S-1-5-21-963789628-1060504924-4285088085-1001", "EventData.hrError": "0x80070005", "EventData.FolderId": "{62ab5d82-fdc1-4dc3-a9dd-070d1d495d97}", "EventData.Path": "C:\\ProgramData"}
{"EventID": "1002", "Channel": "Microsoft-Windows-Known Folders API Service", "Provider_Name": "Microsoft-Windows-KnownFolders", "Computer": "DESKTOP-OFJ6N53", "TimeCreated": "2025-04-01 04:58:18.635599+00:00", "RecordID": "139977", "Level": "3", "UserID": "S-1-5-21-963789628-1060504924-4285088085-1001", "EventData.hrError": "0x80070005", "EventData.FolderId": "{62ab5d82-fdc1-4dc3-a9dd-070d1d495d97}", "EventData.Path": "C:\\ProgramData"}
{"EventID": "1002", "Channel": "Microsoft-Windows-Known Folders API Service", "Provider_Name": "Microsoft-Windows-KnownFolders", "Computer": "DESKTOP-OFJ6N53", "TimeCreated": "2025-04-01 04:58:18.639048+00:00", "RecordID": "139978", "Level": "3", "UserID": "S-1-5-21-963789628-1060504924-4285088085-1001", "EventData.hrError": "0x80070005", "EventData.FolderId": "{62ab5d82-fdc1-4dc3-a9dd-070d1d495d97}", "EventData.Path": "C:\\ProgramData"}
{"EventID": "1002", "Channel": "Microsoft-Windows-Known Folders API Service", "Provider_Name": "Microsoft-Windows-KnownFolders", "Computer": "DESKTOP-OFJ6N53", "TimeCreated": "2025-04-01 04:58:18.641697+00:00", "RecordID": "139979", "Level": "3", "UserID": "S-1-5-21-963789628-1060504924-4285088085-1001", "EventData.hrError": "0x80070005", "EventData.FolderId": "{62ab5d82-fdc1-4dc3-a9dd-070d1d495d97}", "EventData.Path": "C:\\ProgramData"}
{"EventID": "1002", "Channel": "Microsoft-Windows-Known Folders API Service", "Provider_Name": "Microsoft-Windows-KnownFolders", "Computer": "DESKTOP-OFJ6N53", "TimeCreated": "2025-04-01 04:58:23.025240+00:00", "RecordID": "139980", "Level": "3", "UserID": "S-1-5-21-963789628-1060504924-4285088085-1001", "EventData.hrError": "0x80070005", "EventData.FolderId": "{62ab5d82-fdc1-4dc3-a9dd-070d1d495d97}", "EventData.Path": "C:\\ProgramData"}
{"EventID": "1002", "Channel": "Microsoft-Windows-Known Folders API Service", "Provider_Name": "Microsoft-Windows-KnownFolders", "Computer": "DESKTOP-OFJ6N53", "TimeCreated": "2025-04-01 04:58:23.026844+00:00", "RecordID": "139981", "Level": "3", "UserID": "S-1-5-21-963789628-1060504924-4285088085-1001", "EventData.hrError": "0x80070005", "EventData.FolderId": "{62ab5d82-fdc1-4dc3-a9dd-070d1d495d97}", "EventData.Path": "C:\\ProgramData"}
{"EventID": "1002", "Channel": "Microsoft-Windows-Known Folders API Service", "Provider_Name": "Microsoft-Windows-KnownFolders", "Computer": "DESKTOP-OFJ6N53", "TimeCreated": "2025-04-01 04:58:23.028324+00:00", "RecordID": "139982", "Level": "3", "UserID": "S-1-5-21-963789628-1060504924-4285088085-1001", "EventData.hrError": "0x80070005", "EventData.FolderId": "{62ab5d82-fdc1-4dc3-a9dd-070d1d495d97}", "EventData.Path": "C:\\ProgramData"}
{"EventID": "1002", "Channel": "Microsoft-Windows-Known Folders API Service", "Provider_Name": "Microsoft-Windows-KnownFolders", "Computer": "DESKTOP-OFJ6N53", "TimeCreated": "2025-04-01 04:58:23.029789+00:00", "RecordID": "139983", "Level": "3", "UserID": "S-1-5-21-963789628-1060504924-4285088085-1001", "EventData.hrError": "0x80070005", "EventData.FolderId": "{62ab5d82-fdc1-4dc3-a9dd-070d1d495d97}", "EventData.Path": "C:\\ProgramData"}
{"EventID": "1002", "Channel": "Microsoft-Windows-Known Folders API Service", "Provider_Name": "Microsoft-Windows-KnownFolders", "Computer": "DESKTOP-OFJ6N53", "TimeCreated": "2025-04-01 04:58:23.031298+00:00", "RecordID": "139984", "Level": "3", "UserID": "S-1-5-21-963789628-1060504924-4285088085-1001", "EventData.hrError": "0x80070005", "EventData.FolderId": "{62ab5d82-fdc1-4dc3-a9dd-070d1d495d97}", "EventData.Path": "C:\\ProgramData"}
{"EventID": "1002", "Channel": "Microsoft-Windows-Known Folders API Service", "Provider_Name": "Microsoft-Windows-KnownFolders", "Computer": "DESKTOP-OFJ6N53", "TimeCreated": "2025-04-01 04:58:23.032759+00:00", "RecordID": "139985", "Level": "3", "UserID": "S-1-5-21-963789628-1060504924-4285088085-1001", "EventData.hrError": "0x80070005", "EventData.FolderId": "{62ab5d82-fdc1-4dc3-a9dd-070d1d495d97}", "EventData.Path": "C:\\ProgramData"}
{"EventID": "1002", "Channel": "Microsoft-Windows-Known Folders API Service", "Provider_Name": "Microsoft-Windows-KnownFolders", "Computer": "DESKTOP-OFJ6N53", "TimeCreated": "2025-04-01 04:59:04.742125+00:00", "RecordID": "139986", "Level": "3", "UserID": "S-1-5-21-963789628-1060504924-4285088085-1001", "EventData.hrError": "0x80070005", "EventData.FolderId": "{62ab5d82-fdc1-4dc3-a9dd-070d1d495d97}", "EventData.Path": "C:\\ProgramData"}
{"EventID": "1002", "Channel": "Microsoft-Windows-Known Folders API Service", "Provider_Name": "Microsoft-Windows-KnownFolders", "Computer": "DESKTOP-OFJ6N53", "TimeCreated": "2025-04-01 04:59:04.743750+00:00", "RecordID": "139987", "Level": "3", "UserID": "S-1-5-21-963789628-1060504924-4285088085-1001", "EventData.hrError": "0x80070005", "EventData.FolderId": "{62ab5d82-fdc1-4dc3-a9dd-070d1d495d97}", "EventData.Path": "C:\\ProgramData"}
{"EventID": "1002", "Channel": "Microsoft-Windows-Known Folders API Service", "Provider_Name": "Microsoft-Windows-KnownFolders", "Computer": "DESKTOP-OFJ6N53", "TimeCreated": "2025-04-01 04:59:04.745281+00:00", "RecordID": "139988", "Level": "3", "UserID": "S-1-5-21-963789628-1060504924-4285088085-1001", "EventData.hrError": "0x80070005", "EventData.FolderId": "{62ab5d82-fdc1-4dc3-a9dd-070d1d495d97}", "EventData.Path": "C:\\ProgramData"}
{"EventID": "1002", "Channel": "Microsoft-Windows-Known Folders API Service", "Provider_Name": "Microsoft-Windows-KnownFolders", "Computer": "DESKTOP-OFJ6N53", "TimeCreated": "2025-04-01 04:59:04.746864+00:00", "RecordID": "139989", "Level": "3", "UserID": "S-1-5-21-963789628-1060504924-4285088085-1001", "EventData.hrError": "0x80070005", "EventData.FolderId": "{62ab5d82-fdc1-4dc3-a9dd-070d1d495d97}", "EventData.Path": "C:\\ProgramData"}
{"EventID": "1002", "Channel": "Microsoft-Windows-Known Folders API Service", "Provider_Name": "Microsoft-Windows-KnownFolders", "Computer": "DESKTOP-OFJ6N53", "TimeCreated": "2025-04-01 04:59:04.748451+00:00", "RecordID": "139990", "Level": "3", "UserID": "S-1-5-21-963789628-1060504924-4285088085-1001", "EventData.hrError": "0x80070005", "EventData.FolderId": "{62ab5d82-fdc1-4dc3-a9dd-070d1d495d97}", "EventData.Path": "C:\\ProgramData"}
{"EventID": "1002", "Channel": "Microsoft-Windows-Known Folders API Service", "Provider_Name": "Microsoft-Windows-KnownFolders", "Computer": "DESKTOP-OFJ6N53", "TimeCreated": "2025-04-01 04:59:04.749922+00:00", "RecordID": "139991", "Level": "3", "UserID": "S-1-5-21-963789628-1060504924-4285088085-1001", "EventData.hrError": "0x80070005", "EventData.FolderId": "{62ab5d82-fdc1-4dc3-a9dd-070d1d495d97}", "EventData.Path": "C:\\ProgramData"}
{"EventID": "1002", "Channel": "Microsoft-Windows-Known Folders API Service", "Provider_Name": "Microsoft-Windows-KnownFolders", "Computer": "DESKTOP-OFJ6N53", "TimeCreated": "2025-04-01 05:41:47.914511+00:00", "RecordID": "139992", "Level": "3", "UserID": "S-1-5-21-963789628-1060504924-4285088085-1001", "EventData.hrError": "0x80070005", "EventData.FolderId": "{62ab5d82-fdc1-4dc3-a9dd-070d1d495d97}", "EventData.Path": "C:\\ProgramData"}
{"EventID": "1002", "Channel": "Microsoft-Windows-Known Folders API Service", "Provider_Name": "Microsoft-Windows-KnownFolders", "Computer": "DESKTOP-OFJ6N53", "TimeCreated": "2025-04-01 05:41:47.916185+00:00", "RecordID": "139993", "Level": "3", "UserID": "S-1-5-21-963789628-1060504924-4285088085-1001", "EventData.hrError": "0x80070005", "EventData.FolderId": "{62ab5d82-fdc1-4dc3-a9dd-070d1d495d97}", "EventData.Path": "C:\\ProgramData"}
{"EventID": "1002", "Channel": "Microsoft-Windows-Known Folders API Service", "Provider_Name": "Microsoft-Windows-KnownFolders", "Computer": "DESKTOP-OFJ6N53", "TimeCreated": "2025-04-01 05:41:47.917849+00:00", "RecordID": "139994", "Level": "3", "UserID": "S-1-5-21-963789628-1060504924-4285088085-1001", "EventData.hrError": "0x80070005", "EventData.FolderId": "{62ab5d82-fdc1-4dc3-a9dd-070d1d495d97}", "EventData.Path": "C:\\ProgramData"}
{"EventID": "1002", "Channel": "Microsoft-Windows-Known Folders API Service", "Provider_Name": "Microsoft-Windows-KnownFolders", "Computer": "DESKTOP-OFJ6N53", "TimeCreated": "2025-04-01 05:41:47.919619+00:00", "RecordID": "139995", "Level": "3", "UserID": "S-1-5-21-963789628-1060504924-4285088085-1001", "EventData.hrError": "0x80070005", "EventData.FolderId": "{62ab5d82-fdc1-4dc3-a9dd-070d1d495d97}", "EventData.Path": "C:\\ProgramData"}
{"EventID": "1002", "Channel": "Microsoft-Windows-Known Folders API Service", "Provider_Name": "Microsoft-Windows-KnownFolders", "Computer": "DESKTOP-OFJ6N53", "TimeCreated": "2025-04-01 05:41:47.921223+00:00", "RecordID": "139996", "Level": "3", "UserID": "S-1-5-21-963789628-1060504924-4285088085-1001", "EventData.hrError": "0x80070005", "EventData.FolderId": "{62ab5d82-fdc1-4dc3-a9dd-070d1d495d97}", "EventData.Path": "C:\\ProgramData"}
{"EventID": "1002", "Channel": "Microsoft-Windows-Known Folders API Service", "Provider_Name": "Microsoft-Windows-KnownFolders", "Computer": "DESKTOP-OFJ6N53", "TimeCreated": "2025-04-01 05:41:47.922846+00:00", "RecordID": "139997", "Level": "3", "UserID": "S-1-5-21-963789628-1060504924-4285088085-1001", "EventData.hrError": "0x80070005", "EventData.FolderId": "{62ab5d82-fdc1-4dc3-a9dd-070d1d495d97}", "EventData.Path": "C:\\ProgramData"}
{"EventID": "1002", "Channel": "Microsoft-Windows-Known Folders API Service", "Provider_Name": "Microsoft-Windows-KnownFolders", "Computer": "DESKTOP-OFJ6N53", "TimeCreated": "2025-04-01 08:41:48.216515+00:00", "RecordID": "139998", "Level": "3", "UserID": "S-1-5-21-963789628-1060504924-4285088085-1001", "EventData.hrError": "0x80070005", "EventData.FolderId": "{62ab5d82-fdc1-4dc3-a9dd-070d1d495d97}", "EventData.Path": "C:\\ProgramData"}
{"EventID": "1002", "Channel": "Microsoft-Windows-Known Folders API Service", "Provider_Name": "Microsoft-Windows-KnownFolders", "Computer": "DESKTOP-OFJ6N53", "TimeCreated": "2025-04-01 08:41:48.218172+00:00", "RecordID": "139999", "Level": "3", "UserID": "S-1-5-21-963789628-1060504924-4285088085-1001", "EventData.hrError": "0x80070005", "EventData.FolderId": "{62ab5d82-fdc1-4dc3-a9dd-070d1d495d97}", "EventData.Path": "C:\\ProgramData"}
{"EventID": "1002", "Channel": "Microsoft-Windows-Known Folders API Service", "Provider_Name": "Microsoft-Windows-KnownFolders", "Computer": "DESKTOP-OFJ6N53", "TimeCreated": "2025-04-01 08:41:48.219799+00:00", "RecordID": "140000", "Level": "3", "UserID": "S-1-5-21-963789628-1060504924-4285088085-1001", "EventData.hrError": "0x80070005", "EventData.FolderId": "{62ab5d82-fdc1-4dc3-a9dd-070d1d495d97}", "EventData.Path": "C:\\ProgramData"}
{"EventID": "1002", "Channel": "Microsoft-Windows-Known Folders API Service", "Provider_Name": "Microsoft-Windows-KnownFolders", "Computer": "DESKTOP-OFJ6N53", "TimeCreated": "2025-04-01 08:41:48.221334+00:00", "RecordID": "140001", "Level": "3", "UserID": "S-1-5-21-963789628-1060504924-4285088085-1001", "EventData.hrError": "0x80070005", "EventData.FolderId": "{62ab5d82-fdc1-4dc3-a9dd-070d1d495d97}", "EventData.Path": "C:\\ProgramData"}
{"EventID": "1002", "Channel": "Microsoft-Windows-Known Folders API Service", "Provider_Name": "Microsoft-Windows-KnownFolders", "Computer": "DESKTOP-OFJ6N53", "TimeCreated": "2025-04-01 08:41:48.222914+00:00", "RecordID": "140002", "Level": "3", "UserID": "S-1-5-21-963789628-1060504924-4285088085-1001", "EventData.hrError": "0x80070005", "EventData.FolderId": "{62ab5d82-fdc1-4dc3-a9dd-070d1d495d97}", "EventData.Path": "C:\\ProgramData"}
{"EventID": "1002", "Channel": "Microsoft-Windows-Known Folders API Service", "Provider_Name": "Microsoft-Windows-KnownFolders", "Computer": "DESKTOP-OFJ6N53", "TimeCreated": "2025-04-01 08:41:48.224543+00:00", "RecordID": "140003", "Level": "3", "UserID": "S-1-5-21-963789628-1060504924-4285088085-1001", "EventData.hrError": "0x80070005", "EventData.FolderId": "{62ab5d82-fdc1-4dc3-a9dd-070d1d495d97}", "EventData.Path": "C:\\ProgramData"}
{"EventID": "1002", "Channel": "Microsoft-Windows-Known Folders API Service", "Provider_Name": "Microsoft-Windows-KnownFolders", "Computer": "DESKTOP-OFJ6N53", "TimeCreated": "2025-04-01 08:59:37.234966+00:00", "RecordID": "140004", "Level": "3", "UserID": "S-1-5-21-963789628-1060504924-4285088085-1001", "EventData.hrError": "0x80070005", "EventData.FolderId": "{62ab5d82-fdc1-4dc3-a9dd-070d1d495d97}", "EventData.Path": "C:\\ProgramData"}
{"EventID": "1002", "Channel": "Microsoft-Windows-Known Folders API Service", "Provider_Name": "Microsoft-Windows-KnownFolders", "Computer": "DESKTOP-OFJ6N53", "TimeCreated": "2025-04-01 08:59:37.236897+00:00", "RecordID": "140005", "Level": "3", "UserID": "S-1-5-21-963789628-1060504924-4285088085-1001", "EventData.hrError": "0x80070005", "EventData.FolderId": "{62ab5d82-fdc1-4dc3-a9dd-070d1d495d97}", "EventData.Path": "C:\\ProgramData"}
{"EventID": "1002", "Channel": "Microsoft-Windows-Known Folders API Service", "Provider_Name": "Microsoft-Windows-KnownFolders", "Computer": "DESKTOP-OFJ6N53", "TimeCreated": "2025-04-01 08:59:37.238533+00:00", "RecordID": "140006", "Level": "3", "UserID": "S-1-5-21-963789628-1060504924-4285088085-1001", "EventData.hrError": "0x80070005", "EventData.FolderId": "{62ab5d82-fdc1-4dc3-a9dd-070d1d495d97}", "EventData.Path": "C:\\ProgramData"}
{"EventID": "1002", "Channel": "Microsoft-Windows-Known Folders API Service", "Provider_Name": "Microsoft-Windows-KnownFolders", "Computer": "DESKTOP-OFJ6N53", "TimeCreated": "2025-04-01 08:59:37.240068+00:00", "RecordID": "140007", "Level": "3", "UserID": "S-1-5-21-963789628-1060504924-4285088085-1001", "EventData.hrError": "0x80070005", "EventData.FolderId": "{62ab5d82-fdc1-4dc3-a9dd-070d1d495d97}", "EventData.Path": "C:\\ProgramData"}
{"EventID": "1002", "Channel": "Microsoft-Windows-Known Folders API Service", "Provider_Name": "Microsoft-Windows-KnownFolders", "Computer": "DESKTOP-OFJ6N53", "TimeCreated": "2025-04-01 08:59:37.241611+00:00", "RecordID": "140008", "Level": "3", "UserID": "S-1-5-21-963789628-1060504924-4285088085-1001", "EventData.hrError": "0x80070005", "EventData.FolderId": "{62ab5d82-fdc1-4dc3-a9dd-070d1d495d97}", "EventData.Path": "C:\\ProgramData"}
{"EventID": "1002", "Channel": "Microsoft-Windows-Known Folders API Service", "Provider_Name": "Microsoft-Windows-KnownFolders", "Computer": "DESKTOP-OFJ6N53", "TimeCreated": "2025-04-01 08:59:37.243143+00:00", "RecordID": "140009", "Level": "3", "UserID": "S-1-5-21-963789628-1060504924-4285088085-1001", "EventData.hrError": "0x80070005", "EventData.FolderId": "{62ab5d82-fdc1-4dc3-a9dd-070d1d495d97}", "EventData.Path": "C:\\ProgramData"}
{"EventID": "1002", "Channel": "Microsoft-Windows-Known Folders API Service", "Provider_Name": "Microsoft-Windows-KnownFolders", "Computer": "DESKTOP-OFJ6N53", "TimeCreated": "2025-04-01 10:05:29.581997+00:00", "RecordID": "140010", "Level": "3", "UserID": "S-1-5-21-963789628-1060504924-4285088085-1001", "EventData.hrError": "0x80070005", "EventData.FolderId": "{62ab5d82-fdc1-4dc3-a9dd-070d1d495d97}", "EventData.Path": "C:\\ProgramData"}
{"EventID": "1002", "Channel": "Microsoft-Windows-Known Folders API Service", "Provider_Name": "Microsoft-Windows-KnownFolders", "Computer": "DESKTOP-OFJ6N53", "TimeCreated": "2025-04-01 10:05:29.582050+00:00", "RecordID": "140011", "Level": "3", "UserID": "S-1-5-21-963789628-1060504924-4285088085-1001", "EventData.hrError": "0x80070005", "EventData.FolderId": "{62ab5d82-fdc1-4dc3-a9dd-070d1d495d97}", "EventData.Path": "C:\\ProgramData"}
{"EventID": "1002", "Channel": "Microsoft-Windows-Known Folders API Service", "Provider_Name": "Microsoft-Windows-KnownFolders", "Computer": "DESKTOP-OFJ6N53", "TimeCreated": "2025-04-01 10:05:29.583706+00:00", "RecordID": "140012", "Level": "3", "UserID": "S-1-5-21-963789628-1060504924-4285088085-1001", "EventData.hrError": "0x80070005", "EventData.FolderId": "{62ab5d82-fdc1-4dc3-a9dd-070d1d495d97}", "EventData.Path": "C:\\ProgramData"}
{"EventID": "1002", "Channel": "Microsoft-Windows-Known Folders API Service", "Provider_Name": "Microsoft-Windows-KnownFolders", "Computer": "DESKTOP-OFJ6N53", "TimeCreated": "2025-04-01 10:05:29.585346+00:00", "RecordID": "140013", "Level": "3", "UserID": "S-1-5-21-963789628-1060504924-4285088085-1001", "EventData.hrError": "0x80070005", "EventData.FolderId": "{62ab5d82-fdc1-4dc3-a9dd-070d1d495d97}", "EventData.Path": "C:\\ProgramData"}
{"EventID": "1002", "Channel": "Microsoft-Windows-Known Folders API Service", "Provider_Name": "Microsoft-Windows-KnownFolders", "Computer": "DESKTOP-OFJ6N53", "TimeCreated": "2025-04-01 10:05:29.587030+00:00", "RecordID": "140014", "Level": "3", "UserID": "S-1-5-21-963789628-1060504924-4285088085-1001", "EventData.hrError": "0x80070005", "EventData.FolderId": "{62ab5d82-fdc1-4dc3-a9dd-070d1d495d97}", "EventData.Path": "C:\\ProgramData"}
{"EventID": "1002", "Channel": "Microsoft-Windows-Known Folders API Service", "Provider_Name": "Microsoft-Windows-KnownFolders", "Computer": "DESKTOP-OFJ6N53", "TimeCreated": "2025-04-01 10:05:29.588589+00:00", "RecordID": "140015", "Level": "3", "UserID": "S-1-5-21-963789628-1060504924-4285088085-1001", "EventData.hrError": "0x80070005", "EventData.FolderId": "{62ab5d82-fdc1-4dc3-a9dd-070d1d495d97}", "EventData.Path": "C:\\ProgramData"}
{"EventID": "1002", "Channel": "Microsoft-Windows-Known Folders API Service", "Provider_Name": "Microsoft-Windows-KnownFolders", "Computer": "DESKTOP-OFJ6N53", "TimeCreated": "2025-04-01 10:05:29.590410+00:00", "RecordID": "140016", "Level": "3", "UserID": "S-1-5-21-963789628-1060504924-4285088085-1001", "EventData.hrError": "0x80070005", "EventData.FolderId": "{62ab5d82-fdc1-4dc3-a9dd-070d1d495d97}", "EventData.Path": "C:\\ProgramData"}
{"EventID": "1002", "Channel": "Microsoft-Windows-Known Folders API Service", "Provider_Name": "Microsoft-Windows-KnownFolders", "Computer": "DESKTOP-OFJ6N53", "TimeCreated": "2025-04-01 10:05:30.782179+00:00", "RecordID": "140017", "Level": "3", "UserID": "S-1-5-21-963789628-1060504924-4285088085-1001", "EventData.hrError": "0x80070005", "EventData.FolderId": "{62ab5d82-fdc1-4dc3-a9dd-070d1d495d97}", "EventData.Path": "C:\\ProgramData"}
{"EventID": "1002", "Channel": "Microsoft-Windows-Known Folders API Service", "Provider_Name": "Microsoft-Windows-KnownFolders", "Computer": "DESKTOP-OFJ6N53", "TimeCreated": "2025-04-01 10:05:30.783897+00:00", "RecordID": "140018", "Level": "3", "UserID": "S-1-5-21-963789628-1060504924-4285088085-1001", "EventData.hrError": "0x80070005", "EventData.FolderId": "{62ab5d82-fdc1-4dc3-a9dd-070d1d495d97}", "EventData.Path": "C:\\ProgramData"}
{"EventID": "1002", "Channel": "Microsoft-Windows-Known Folders API Service", "Provider_Name": "Microsoft-Windows-KnownFolders", "Computer": "DESKTOP-OFJ6N53", "TimeCreated": "2025-04-01 10:05:30.785494+00:00", "RecordID": "140019", "Level": "3", "UserID": "S-1-5-21-963789628-1060504924-4285088085-1001", "EventData.hrError": "0x80070005", "EventData.FolderId": "{62ab5d82-fdc1-4dc3-a9dd-070d1d495d97}", "EventData.Path": "C:\\ProgramData"}
{"EventID": "1002", "Channel": "Microsoft-Windows-Known Folders API Service", "Provider_Name": "Microsoft-Windows-KnownFolders", "Computer": "DESKTOP-OFJ6N53", "TimeCreated": "2025-04-01 10:05:30.787077+00:00", "RecordID": "140020", "Level": "3", "UserID": "S-1-5-21-963789628-1060504924-4285088085-1001", "EventData.hrError": "0x80070005", "EventData.FolderId": "{62ab5d82-fdc1-4dc3-a9dd-070d1d495d97}", "EventData.Path": "C:\\ProgramData"}
{"EventID": "1002", "Channel": "Microsoft-Windows-Known Folders API Service", "Provider_Name": "Microsoft-Windows-KnownFolders", "Computer": "DESKTOP-OFJ6N53", "TimeCreated": "2025-04-01 10:05:30.788725+00:00", "RecordID": "140021", "Level": "3", "UserID": "S-1-5-21-963789628-1060504924-4285088085-1001", "EventData.hrError": "0x80070005", "EventData.FolderId": "{62ab5d82-fdc1-4dc3-a9dd-070d1d495d97}", "EventData.Path": "C:\\ProgramData"}
{"EventID": "1002", "Channel": "Microsoft-Windows-Known Folders API Service", "Provider_Name": "Microsoft-Windows-KnownFolders", "Computer": "DESKTOP-OFJ6N53", "TimeCreated": "2025-04-01 10:05:30.790354+00:00", "RecordID": "140022", "Level": "3", "UserID": "S-1-5-21-963789628-1060504924-4285088085-1001", "EventData.hrError": "0x80070005", "EventData.FolderId": "{62ab5d82-fdc1-4dc3-a9dd-070d1d495d97}", "EventData.Path": "C:\\ProgramData"}
{"EventID": "1002", "Channel": "Microsoft-Windows-Known Folders API Service", "Provider_Name": "Microsoft-Windows-KnownFolders", "Computer": "DESKTOP-OFJ6N53", "TimeCreated": "2025-04-01 11:41:47.752493+00:00", "RecordID": "140023", "Level": "3", "UserID": "S-1-5-21-963789628-1060504924-4285088085-1001", "EventData.hrError": "0x80070005", "EventData.FolderId": "{62ab5d82-fdc1-4dc3-a9dd-070d1d495d97}", "EventData.Path": "C:\\ProgramData"}
{"EventID": "1002", "Channel": "Microsoft-Windows-Known Folders API Service", "Provider_Name": "Microsoft-Windows-KnownFolders", "Computer": "DESKTOP-OFJ6N53", "TimeCreated": "2025-04-01 11:41:47.754141+00:00", "RecordID": "140024", "Level": "3", "UserID": "S-1-5-21-963789628-1060504924-4285088085-1001", "EventData.hrError": "0x80070005", "EventData.FolderId": "{62ab5d82-fdc1-4dc3-a9dd-070d1d495d97}", "EventData.Path": "C:\\ProgramData"}
{"EventID": "1002", "Channel": "Microsoft-Windows-Known Folders API Service", "Provider_Name": "Microsoft-Windows-KnownFolders", "Computer": "DESKTOP-OFJ6N53", "TimeCreated": "2025-04-01 11:41:47.755671+00:00", "RecordID": "140025", "Level": "3", "UserID": "S-1-5-21-963789628-1060504924-4285088085-1001", "EventData.hrError": "0x80070005", "EventData.FolderId": "{62ab5d82-fdc1-4dc3-a9dd-070d1d495d97}", "EventData.Path": "C:\\ProgramData"}
{"EventID": "1002", "Channel": "Microsoft-Windows-Known Folders API Service", "Provider_Name": "Microsoft-Windows-KnownFolders", "Computer": "DESKTOP-OFJ6N53", "TimeCreated": "2025-04-01 11:41:47.757162+00:00", "RecordID": "140026", "Level": "3", "UserID": "S-1-5-21-963789628-1060504924-4285088085-1001", "EventData.hrError": "0x80070005", "EventData.FolderId": "{62ab5d82-fdc1-4dc3-a9dd-070d1d495d97}", "EventData.Path": "C:\\ProgramData"}
{"EventID": "1002", "Channel": "Microsoft-Windows-Known Folders API Service", "Provider_Name": "Microsoft-Windows-KnownFolders", "Computer": "DESKTOP-OFJ6N53", "TimeCreated": "2025-04-01 11:41:47.758898+00:00", "RecordID": "140027", "Level": "3", "UserID": "S-1-5-21-963789628-1060504924-4285088085-1001", "EventData.hrError": "0x80070005", "EventData.FolderId": "{62ab5d82-fdc1-4dc3-a9dd-070d1d495d97}", "EventData.Path": "C:\\ProgramData"}
{"EventID": "1002", "Channel": "Microsoft-Windows-Known Folders API Service", "Provider_Name": "Microsoft-Windows-KnownFolders", "Computer": "DESKTOP-OFJ6N53", "TimeCreated": "2025-04-01 11:41:47.760490+00:00", "RecordID": "140028", "Level": "3", "UserID": "S-1-5-21-963789628-1060504924-4285088085-1001", "EventData.hrError": "0x80070005", "EventData.FolderId": "{62ab5d82-fdc1-4dc3-a9dd-070d1d495d97}", "EventData.Path": "C:\\ProgramData"}
{"EventID": "1002", "Channel": "Microsoft-Windows-Known Folders API Service", "Provider_Name": "Microsoft-Windows-KnownFolders", "Computer": "DESKTOP-OFJ6N53", "TimeCreated": "2025-04-01 14:26:27.297693+00:00", "RecordID": "140029", "Level": "3", "UserID": "S-1-5-21-963789628-1060504924-4285088085-1001", "EventData.hrError": "0x80070005", "EventData.FolderId": "{62ab5d82-fdc1-4dc3-a9dd-070d1d495d97}", "EventData.Path": "C:\\ProgramData"}
{"EventID": "1002", "Channel": "Microsoft-Windows-Known Folders API Service", "Provider_Name": "Microsoft-Windows-KnownFolders", "Computer": "DESKTOP-OFJ6N53", "TimeCreated": "2025-04-01 14:26:27.299658+00:00", "RecordID": "140030", "Level": "3", "UserID": "S-1-5-21-963789628-1060504924-4285088085-1001", "EventData.hrError": "0x80070005", "EventData.FolderId": "{62ab5d82-fdc1-4dc3-a9dd-070d1d495d97}", "EventData.Path": "C:\\ProgramData"}
{"EventID": "1002", "Channel": "Microsoft-Windows-Known Folders API Service", "Provider_Name": "Microsoft-Windows-KnownFolders", "Computer": "DESKTOP-OFJ6N53", "TimeCreated": "2025-04-01 14:26:27.301197+00:00", "RecordID": "140031", "Level": "3", "UserID": "S-1-5-21-963789628-1060504924-4285088085-1001", "EventData.hrError": "0x80070005", "EventData.FolderId": "{62ab5d82-fdc1-4dc3-a9dd-070d1d495d97}", "EventData.Path": "C:\\ProgramData"}
{"EventID": "1002", "Channel": "Microsoft-Windows-Known Folders API Service", "Provider_Name": "Microsoft-Windows-KnownFolders", "Computer": "DESKTOP-OFJ6N53", "TimeCreated": "2025-04-01 14:26:27.302666+00:00", "RecordID": "140032", "Level": "3", "UserID": "S-1-5-21-963789628-1060504924-4285088085-1001", "EventData.hrError": "0x80070005", "EventData.FolderId": "{62ab5d82-fdc1-4dc3-a9dd-070d1d495d97}", "EventData.Path": "C:\\ProgramData"}
{"EventID": "1002", "Channel": "Microsoft-Windows-Known Folders API Service", "Provider_Name": "Microsoft-Windows-KnownFolders", "Computer": "DESKTOP-OFJ6N53", "TimeCreated": "2025-04-01 14:26:27.304161+00:00", "RecordID": "140033", "Level": "3", "UserID": "S-1-5-21-963789628-1060504924-4285088085-1001", "EventData.hrError": "0x80070005", "EventData.FolderId": "{62ab5d82-fdc1-4dc3-a9dd-070d1d495d97}", "EventData.Path": "C:\\ProgramData"}
{"EventID": "1002", "Channel": "Microsoft-Windows-Known Folders API Service", "Provider_Name": "Microsoft-Windows-KnownFolders", "Computer": "DESKTOP-OFJ6N53", "TimeCreated": "2025-04-01 14:26:27.305634+00:00", "RecordID": "140034", "Level": "3", "UserID": "S-1-5-21-963789628-1060504924-4285088085-1001", "EventData.hrError": "0x80070005", "EventData.FolderId": "{62ab5d82-fdc1-4dc3-a9dd-070d1d495d97}", "EventData.Path": "C:\\ProgramData"}
{"EventID": "1002", "Channel": "Microsoft-Windows-Known Folders API Service", "Provider_Name": "Microsoft-Windows-KnownFolders", "Computer": "DESKTOP-OFJ6N53", "TimeCreated": "2025-04-01 14:41:27.182777+00:00", "RecordID": "140035", "Level": "3", "UserID": "S-1-5-21-963789628-1060504924-4285088085-1001", "EventData.hrError": "0x80070005", "EventData.FolderId": "{62ab5d82-fdc1-4dc3-a9dd-070d1d495d97}", "EventData.Path": "C:\\ProgramData"}
{"EventID": "1002", "Channel": "Microsoft-Windows-Known Folders API Service", "Provider_Name": "Microsoft-Windows-KnownFolders", "Computer": "DESKTOP-OFJ6N53", "TimeCreated": "2025-04-01 14:41:27.184464+00:00", "RecordID": "140036", "Level": "3", "UserID": "S-1-5-21-963789628-1060504924-4285088085-1001", "EventData.hrError": "0x80070005", "EventData.FolderId": "{62ab5d82-fdc1-4dc3-a9dd-070d1d495d97}", "EventData.Path": "C:\\ProgramData"}
{"EventID": "1002", "Channel": "Microsoft-Windows-Known Folders API Service", "Provider_Name": "Microsoft-Windows-KnownFolders", "Computer": "DESKTOP-OFJ6N53", "TimeCreated": "2025-04-01 14:41:27.186237+00:00", "RecordID": "140037", "Level": "3", "UserID": "S-1-5-21-963789628-1060504924-4285088085-1001", "EventData.hrError": "0x80070005", "EventData.FolderId": "{62ab5d82-fdc1-4dc3-a9dd-070d1d495d97}", "EventData.Path": "C:\\ProgramData"}
{"EventID": "1002", "Channel": "Microsoft-Windows-Known Folders API Service", "Provider_Name": "Microsoft-Windows-KnownFolders", "Computer": "DESKTOP-OFJ6N53", "TimeCreated": "2025-04-01 14:41:27.188053+00:00", "RecordID": "140038", "Level": "3", "UserID": "S-1-5-21-963789628-1060504924-4285088085-1001", "EventData.hrError": "0x80070005", "EventData.FolderId": "{62ab5d82-fdc1-4dc3-a9dd-070d1d495d97}", "EventData.Path": "C:\\ProgramData"}
{"EventID": "1002", "Channel": "Microsoft-Windows-Known Folders API Service", "Provider_Name": "Microsoft-Windows-KnownFolders", "Computer": "DESKTOP-OFJ6N53", "TimeCreated": "2025-04-01 14:41:27.189781+00:00", "RecordID": "140039", "Level": "3", "UserID": "S-1-5-21-963789628-1060504924-4285088085-1001", "EventData.hrError": "0x80070005", "EventData.FolderId": "{62ab5d82-fdc1-4dc3-a9dd-070d1d495d97}", "EventData.Path": "C:\\ProgramData"}
{"EventID": "1002", "Channel": "Microsoft-Windows-Known Folders API Service", "Provider_Name": "Microsoft-Windows-KnownFolders", "Computer": "DESKTOP-OFJ6N53", "TimeCreated": "2025-04-01 14:41:27.191732+00:00", "RecordID": "140040", "Level": "3", "UserID": "S-1-5-21-963789628-1060504924-4285088085-1001", "EventData.hrError": "0x80070005", "EventData.FolderId": "{62ab5d82-fdc1-4dc3-a9dd-070d1d495d97}", "EventData.Path": "C:\\ProgramData"}
{"EventID": "1002", "Channel": "Microsoft-Windows-Known Folders API Service", "Provider_Name": "Microsoft-Windows-KnownFolders", "Computer": "DESKTOP-OFJ6N53", "TimeCreated": "2025-04-01 15:22:12.689430+00:00", "RecordID": "140041", "Level": "3", "UserID": "S-1-5-21-963789628-1060504924-4285088085-1001", "EventData.hrError": "0x80070005", "EventData.FolderId": "{62ab5d82-fdc1-4dc3-a9dd-070d1d495d97}", "EventData.Path": "C:\\ProgramData"}
{"EventID": "1002", "Channel": "Microsoft-Windows-Known Folders API Service", "Provider_Name": "Microsoft-Windows-KnownFolders", "Computer": "DESKTOP-OFJ6N53", "TimeCreated": "2025-04-01 15:22:12.691679+00:00", "RecordID": "140042", "Level": "3", "UserID": "S-1-5-21-963789628-1060504924-4285088085-1001", "EventData.hrError": "0x80070005", "EventData.FolderId": "{62ab5d82-fdc1-4dc3-a9dd-070d1d495d97}", "EventData.Path": "C:\\ProgramData"}
{"EventID": "1002", "Channel": "Microsoft-Windows-Known Folders API Service", "Provider_Name": "Microsoft-Windows-KnownFolders", "Computer": "DESKTOP-OFJ6N53", "TimeCreated": "2025-04-01 15:22:12.693836+00:00", "RecordID": "140043", "Level": "3", "UserID": "S-1-5-21-963789628-1060504924-4285088085-1001", "EventData.hrError": "0x80070005", "EventData.FolderId": "{62ab5d82-fdc1-4dc3-a9dd-070d1d495d97}", "EventData.Path": "C:\\ProgramData"}
{"EventID": "1002", "Channel": "Microsoft-Windows-Known Folders API Service", "Provider_Name": "Microsoft-Windows-KnownFolders", "Computer": "DESKTOP-OFJ6N53", "TimeCreated": "2025-04-01 15:22:12.695883+00:00", "RecordID": "140044", "Level": "3", "UserID": "S-1-5-21-963789628-1060504924-4285088085-1001", "EventData.hrError": "0x80070005", "EventData.FolderId": "{62ab5d82-fdc1-4dc3-a9dd-070d1d495d97}", "EventData.Path": "C:\\ProgramData"}
{"EventID": "1002", "Channel": "Microsoft-Windows-Known Folders API Service", "Provider_Name": "Microsoft-Windows-KnownFolders", "Computer": "DESKTOP-OFJ6N53", "TimeCreated": "2025-04-01 15:22:12.698477+00:00", "RecordID": "140045", "Level": "3", "UserID": "S-1-5-21-963789628-1060504924-4285088085-1001", "EventData.hrError": "0x80070005", "EventData.FolderId": "{62ab5d82-fdc1-4dc3-a9dd-070d1d495d97}", "EventData.Path": "C:\\ProgramData"}
{"EventID": "1002", "Channel": "Microsoft-Windows-Known Folders API Service", "Provider_Name": "Microsoft-Windows-KnownFolders", "Computer": "DESKTOP-OFJ6N53", "TimeCreated": "2025-04-01 15:22:12.701136+00:00", "RecordID": "140046", "Level": "3", "UserID": "S-1-5-21-963789628-1060504924-4285088085-1001", "EventData.hrError": "0x80070005", "EventData.FolderId": "{62ab5d82-fdc1-4dc3-a9dd-070d1d495d97}", "EventData.Path": "C:\\ProgramData"}
{"EventID": "1002", "Channel": "Microsoft-Windows-Known Folders API Service", "Provider_Name": "Microsoft-Windows-KnownFolders", "Computer": "DESKTOP-OFJ6N53", "TimeCreated": "2025-04-01 16:03:44.361870+00:00", "RecordID": "140047", "Level": "3", "UserID": "S-1-5-18", "EventData.hrError": "0x80070003", "EventData.FolderId": "{b97d20bb-f46a-4c97-ba10-5e3608430854}", "EventData.Path": "C:\\Windows\\system32\\config\\systemprofile\\AppData\\Roaming\\Microsoft\\Windows\\Start Menu\\Programs\\Startup"}
{"EventID": "1002", "Channel": "Microsoft-Windows-Known Folders API Service", "Provider_Name": "Microsoft-Windows-KnownFolders", "Computer": "DESKTOP-OFJ6N53", "TimeCreated": "2025-04-01 16:03:44.362265+00:00", "RecordID": "140048", "Level": "3", "UserID": "S-1-5-18", "EventData.hrError": "0x80070002", "EventData.FolderId": "{1777f761-68ad-4d8a-87bd-30b759fa33dd}", "EventData.Path": "C:\\Windows\\system32\\config\\systemprofile\\Favorites"}
{"EventID": "1002", "Channel": "Microsoft-Windows-Known Folders API Service", "Provider_Name": "Microsoft-Windows-KnownFolders", "Computer": "DESKTOP-OFJ6N53", "TimeCreated": "2025-04-01 16:03:57.297482+00:00", "RecordID": "140049", "Level": "3", "UserID": "S-1-5-18", "EventData.hrError": "0x80070002", "EventData.FolderId": "{b4bfcc3a-db2c-424c-b029-7fe99a87c641}", "EventData.Path": "C:\\Windows\\system32\\config\\systemprofile\\Desktop"}
{"EventID": "1002", "Channel": "Microsoft-Windows-Known Folders API Service", "Provider_Name": "Microsoft-Windows-KnownFolders", "Computer": "DESKTOP-OFJ6N53", "TimeCreated": "2025-04-01 16:03:59.104757+00:00", "RecordID": "140050", "Level": "3", "UserID": "S-1-5-18", "EventData.hrError": "0x80070002", "EventData.FolderId": "{b4bfcc3a-db2c-424c-b029-7fe99a87c641}", "EventData.Path": "C:\\Windows\\system32\\config\\systemprofile\\Desktop"}
{"EventID": "1002", "Channel": "Microsoft-Windows-Known Folders API Service", "Provider_Name": "Microsoft-Windows-KnownFolders", "Computer": "DESKTOP-OFJ6N53", "TimeCreated": "2025-04-01 16:04:13.402168+00:00", "RecordID": "140051", "Level": "3", "UserID": "S-1-5-21-963789628-1060504924-4285088085-1001", "EventData.hrError": "0x80070005", "EventData.FolderId": "{62ab5d82-fdc1-4dc3-a9dd-070d1d495d97}", "EventData.Path": "C:\\ProgramData"}
{"EventID": "1002", "Channel": "Microsoft-Windows-Known Folders API Service", "Provider_Name": "Microsoft-Windows-KnownFolders", "Computer": "DESKTOP-OFJ6N53", "TimeCreated": "2025-04-01 16:04:13.403891+00:00", "RecordID": "140052", "Level": "3", "UserID": "S-1-5-21-963789628-1060504924-4285088085-1001", "EventData.hrError": "0x80070005", "EventData.FolderId": "{62ab5d82-fdc1-4dc3-a9dd-070d1d495d97}", "EventData.Path": "C:\\ProgramData"}
{"EventID": "1002", "Channel": "Microsoft-Windows-Known Folders API Service", "Provider_Name": "Microsoft-Windows-KnownFolders", "Computer": "DESKTOP-OFJ6N53", "TimeCreated": "2025-04-01 16:04:13.405439+00:00", "RecordID": "140053", "Level": "3", "UserID": "S-1-5-21-963789628-1060504924-4285088085-1001", "EventData.hrError": "0x80070005", "EventData.FolderId": "{62ab5d82-fdc1-4dc3-a9dd-070d1d495d97}", "EventData.Path": "C:\\ProgramData"}
{"EventID": "1002", "Channel": "Microsoft-Windows-Known Folders API Service", "Provider_Name": "Microsoft-Windows-KnownFolders", "Computer": "DESKTOP-OFJ6N53", "TimeCreated": "2025-04-01 16:04:13.406973+00:00", "RecordID": "140054", "Level": "3", "UserID": "S-1-5-21-963789628-1060504924-4285088085-1001", "EventData.hrError": "0x80070005", "EventData.FolderId": "{62ab5d82-fdc1-4dc3-a9dd-070d1d495d97}", "EventData.Path": "C:\\ProgramData"}
{"EventID": "1002", "Channel": "Microsoft-Windows-Known Folders API Service", "Provider_Name": "Microsoft-Windows-KnownFolders", "Computer": "DESKTOP-OFJ6N53", "TimeCreated": "2025-04-01 16:04:13.408506+00:00", "RecordID": "140055", "Level": "3", "UserID": "S-1-5-21-963789628-1060504924-4285088085-1001", "EventData.hrError": "0x80070005", "EventData.FolderId": "{62ab5d82-fdc1-4dc3-a9dd-070d1d495d97}", "EventData.Path": "C:\\ProgramData"}
{"EventID": "1002", "Channel": "Microsoft-Windows-Known Folders API Service", "Provider_Name": "Microsoft-Windows-KnownFolders", "Computer": "DESKTOP-OFJ6N53", "TimeCreated": "2025-04-01 16:04:13.410019+00:00", "RecordID": "140056", "Level": "3", "UserID": "S-1-5-21-963789628-1060504924-4285088085-1001", "EventData.hrError": "0x80070005", "EventData.FolderId": "{62ab5d82-fdc1-4dc3-a9dd-070d1d495d97}", "EventData.Path": "C:\\ProgramData"}
{"EventID": "1002", "Channel": "Microsoft-Windows-Known Folders API Service", "Provider_Name": "Microsoft-Windows-KnownFolders", "Computer": "DESKTOP-OFJ6N53", "TimeCreated": "2025-04-01 16:05:00.739632+00:00", "RecordID": "140057", "Level": "3", "UserID": "S-1-5-18", "EventData.hrError": "0x80070002", "EventData.FolderId": "{fdd39ad0-238f-46af-adb4-6c85480369c7}", "EventData.Path": "C:\\Windows\\system32\\config\\systemprofile\\Documents"}
{"EventID": "1002", "Channel": "Microsoft-Windows-Known Folders API Service", "Provider_Name": "Microsoft-Windows-KnownFolders", "Computer": "DESKTOP-OFJ6N53", "TimeCreated": "2025-04-01 16:05:28.133114+00:00", "RecordID": "140058", "Level": "3", "UserID": "S-1-5-18", "EventData.hrError": "0x80070002", "EventData.FolderId": "{fdd39ad0-238f-46af-adb4-6c85480369c7}", "EventData.Path": "C:\\Windows\\system32\\config\\systemprofile\\Documents"}
