{"EventID": "5001", "Channel": "Microsoft-Windows-NcdAutoSetup/Operational", "Provider_Name": "Microsoft-Windows-NcdAutoSetup", "Computer": "DESKTOP-OFJ6N53", "TimeCreated": "2022-02-24 12:14:49.547880+00:00", "RecordID": "1", "Level": "4", "UserID": "S-1-5-19", "EventData.String1": "Сеть"}
{"EventID": "5002", "Channel": "Microsoft-Windows-NcdAutoSetup/Operational", "Provider_Name": "Microsoft-Windows-NcdAutoSetup", "Computer": "DESKTOP-OFJ6N53", "TimeCreated": "2022-03-01 13:10:16.495796+00:00", "RecordID": "2", "Level": "4", "UserID": "S-1-5-19", "EventData.String1": "BECON.local"}
{"EventID": "5002", "Channel": "Microsoft-Windows-NcdAutoSetup/Operational", "Provider_Name": "Microsoft-Windows-NcdAutoSetup", "Computer": "DESKTOP-OFJ6N53", "TimeCreated": "2022-04-15 23:46:36.013777+00:00", "RecordID": "3", "Level": "4", "UserID": "S-1-5-19", "EventData.String1": "tgc1.local"}
{"EventID": "5005", "Channel": "Microsoft-Windows-NcdAutoSetup/Operational", "Provider_Name": "Microsoft-Windows-NcdAutoSetup", "Computer": "DESKTOP-OFJ6N53", "TimeCreated": "2022-07-01 15:09:13.611803+00:00", "RecordID": "4", "Level": "4", "UserID": "S-1-5-19", "EventData.String1": "Неопознанная сеть", "EventData.Integer1": "16"}
{"EventID": "5005", "Channel": "Microsoft-Windows-NcdAutoSetup/Operational", "Provider_Name": "Microsoft-Windows-NcdAutoSetup", "Computer": "DESKTOP-OFJ6N53", "TimeCreated": "2022-07-01 15:09:14.629528+00:00", "RecordID": "5", "Level": "4", "UserID": "S-1-5-19", "EventData.String1": "Неопознанная сеть", "EventData.Integer1": "16"}
{"EventID": "5005", "Channel": "Microsoft-Windows-NcdAutoSetup/Operational", "Provider_Name": "Microsoft-Windows-NcdAutoSetup", "Computer": "DESKTOP-OFJ6N53", "TimeCreated": "2022-07-13 08:04:36.043482+00:00", "RecordID": "6", "Level": "4", "UserID": "S-1-5-19", "EventData.String1": "Неопознанная сеть", "EventData.Integer1": "16"}
{"EventID": "5005", "Channel": "Microsoft-Windows-NcdAutoSetup/Operational", "Provider_Name": "Microsoft-Windows-NcdAutoSetup", "Computer": "DESKTOP-OFJ6N53", "TimeCreated": "2022-07-13 08:05:06.291981+00:00", "RecordID": "7", "Level": "4", "UserID": "S-1-5-19", "EventData.String1": "Неопознанная сеть", "EventData.Integer1": "16"}
{"EventID": "5002", "Channel": "Microsoft-Windows-NcdAutoSetup/Operational", "Provider_Name": "Microsoft-Windows-NcdAutoSetup", "Computer": "DESKTOP-OFJ6N53", "TimeCreated": "2022-09-06 13:55:02.458960+00:00", "RecordID": "8", "Level": "4", "UserID": "S-1-5-19", "EventData.String1": "Сеть 2"}
{"EventID": "5001", "Channel": "Microsoft-Windows-NcdAutoSetup/Operational", "Provider_Name": "Microsoft-Windows-NcdAutoSetup", "Computer": "DESKTOP-OFJ6N53", "TimeCreated": "2022-09-06 13:56:50.732641+00:00", "RecordID": "9", "Level": "4", "UserID": "S-1-5-19", "EventData.String1": "Сеть 2"}
{"EventID": "5002", "Channel": "Microsoft-Windows-NcdAutoSetup/Operational", "Provider_Name": "Microsoft-Windows-NcdAutoSetup", "Computer": "DESKTOP-OFJ6N53", "TimeCreated": "2022-11-29 09:41:36.230513+00:00", "RecordID": "10", "Level": "4", "UserID": "S-1-5-19", "EventData.String1": "Сеть 3"}
{"EventID": "5001", "Channel": "Microsoft-Windows-NcdAutoSetup/Operational", "Provider_Name": "Microsoft-Windows-NcdAutoSetup", "Computer": "DESKTOP-OFJ6N53", "TimeCreated": "2022-11-29 09:44:03.461105+00:00", "RecordID": "11", "Level": "4", "UserID": "S-1-5-19", "EventData.String1": "Сеть 3"}
{"EventID": "4001", "Channel": "Microsoft-Windows-NcdAutoSetup/Operational", "Provider_Name": "Microsoft-Windows-NcdAutoSetup", "Computer": "DESKTOP-OFJ6N53", "TimeCreated": "2023-07-30 17:53:23.455984+00:00", "RecordID": "12", "Level": "4", "UserID": "S-1-5-19", "EventData.String1": "RS1111: test_user:", "EventData.String2": "Windows Media Player Sharing"}
{"EventID": "5002", "Channel": "Microsoft-Windows-NcdAutoSetup/Operational", "Provider_Name": "Microsoft-Windows-NcdAutoSetup", "Computer": "DESKTOP-OFJ6N53", "TimeCreated": "2023-08-02 14:02:47.528875+00:00", "RecordID": "13", "Level": "4", "UserID": "S-1-5-19", "EventData.String1": "unitel.local"}
{"EventID": "5002", "Channel": "Microsoft-Windows-NcdAutoSetup/Operational", "Provider_Name": "Microsoft-Windows-NcdAutoSetup", "Computer": "DESKTOP-OFJ6N53", "TimeCreated": "2023-09-18 12:54:36.006912+00:00", "RecordID": "14", "Level": "4", "UserID": "S-1-5-19", "EventData.String1": "master.rafinad.ru"}
{"EventID": "5002", "Channel": "Microsoft-Windows-NcdAutoSetup/Operational", "Provider_Name": "Microsoft-Windows-NcdAutoSetup", "Computer": "DESKTOP-OFJ6N53", "TimeCreated": "2023-11-20 14:06:19.291090+00:00", "RecordID": "15", "Level": "4", "UserID": "S-1-5-19", "EventData.String1": "Сеть 4"}
{"EventID": "5005", "Channel": "Microsoft-Windows-NcdAutoSetup/Operational", "Provider_Name": "Microsoft-Windows-NcdAutoSetup", "Computer": "DESKTOP-OFJ6N53", "TimeCreated": "2024-05-29 08:11:20.053310+00:00", "RecordID": "16", "Level": "4", "UserID": "S-1-5-19", "EventData.String1": "Неопознанная сеть", "EventData.Integer1": "16"}
{"EventID": "5005", "Channel": "Microsoft-Windows-NcdAutoSetup/Operational", "Provider_Name": "Microsoft-Windows-NcdAutoSetup", "Computer": "DESKTOP-OFJ6N53", "TimeCreated": "2024-05-29 08:11:22.402155+00:00", "RecordID": "17", "Level": "4", "UserID": "S-1-5-19", "EventData.String1": "Неопознанная сеть", "EventData.Integer1": "16"}
{"EventID": "5002", "Channel": "Microsoft-Windows-NcdAutoSetup/Operational", "Provider_Name": "Microsoft-Windows-NcdAutoSetup", "Computer": "DESKTOP-OFJ6N53", "TimeCreated": "2024-07-28 15:27:28.015501+00:00", "RecordID": "18", "Level": "4", "UserID": "S-1-5-19", "EventData.String1": "domainru.ru.auchan.com"}
{"EventID": "4001", "Channel": "Microsoft-Windows-NcdAutoSetup/Operational", "Provider_Name": "Microsoft-Windows-NcdAutoSetup", "Computer": "DESKTOP-OFJ6N53", "TimeCreated": "2024-09-10 16:34:56.537226+00:00", "RecordID": "19", "Level": "4", "UserID": "S-1-5-19", "EventData.String1": "Admin's media on admin1-VMware-Virtual-Platform", "EventData.String2": "Rygel"}
{"EventID": "4002", "Channel": "Microsoft-Windows-NcdAutoSetup/Operational", "Provider_Name": "Microsoft-Windows-NcdAutoSetup", "Computer": "DESKTOP-OFJ6N53", "TimeCreated": "2024-09-10 16:34:56.849754+00:00", "RecordID": "20", "Level": "4", "UserID": "S-1-5-19", "EventData.String1": "Admin's media on admin1-VMware-Virtual-Platform", "EventData.String2": "Rygel"}
{"EventID": "5002", "Channel": "Microsoft-Windows-NcdAutoSetup/Operational", "Provider_Name": "Microsoft-Windows-NcdAutoSetup", "Computer": "DESKTOP-OFJ6N53", "TimeCreated": "2024-12-28 11:02:53.182518+00:00", "RecordID": "21", "Level": "4", "UserID": "S-1-5-19", "EventData.String1": "VPN - VPN Client"}
{"EventID": "5002", "Channel": "Microsoft-Windows-NcdAutoSetup/Operational", "Provider_Name": "Microsoft-Windows-NcdAutoSetup", "Computer": "DESKTOP-OFJ6N53", "TimeCreated": "2025-04-02 10:46:45.889568+00:00", "RecordID": "22", "Level": "4", "UserID": "S-1-5-19", "EventData.String1": "Подключение по локальной сети 2"}
