{"EventID": "524", "Channel": "Microsoft-Windows-DeviceManagement-Enterprise-Diagnostics-Provider/Operational", "Provider_Name": "Microsoft-Windows-DeviceManagement-Pushrouter", "Computer": "WIN-E725EAE32MJ", "TimeCreated": "2022-02-24 08:26:30.943197+00:00", "RecordID": "1", "Level": "4", "UserID": "S-1-5-18"}
{"EventID": "514", "Channel": "Microsoft-Windows-DeviceManagement-Enterprise-Diagnostics-Provider/Operational", "Provider_Name": "Microsoft-Windows-DeviceManagement-Pushrouter", "Computer": "WIN-E725EAE32MJ", "TimeCreated": "2022-02-24 08:26:30.943203+00:00", "RecordID": "2", "Level": "4", "UserID": "S-1-5-18", "EventData.HexInt1": "0x00000002", "EventData.HexInt2": "0x00000000", "EventData.HexInt3": "0x00000064"}
{"EventID": "512", "Channel": "Microsoft-Windows-DeviceManagement-Enterprise-Diagnostics-Provider/Operational", "Provider_Name": "Microsoft-Windows-DeviceManagement-Pushrouter", "Computer": "WIN-E725EAE32MJ", "TimeCreated": "2022-02-24 08:26:30.943333+00:00", "RecordID": "3", "Level": "4", "UserID": "S-1-5-18", "EventData.HexInt1": "0x00000078"}
{"EventID": "111", "Channel": "Microsoft-Windows-DeviceManagement-Enterprise-Diagnostics-Provider/Operational", "Provider_Name": "Microsoft-Windows-DeviceManagement-Pushrouter", "Computer": "WIN-E725EAE32MJ", "TimeCreated": "2022-02-24 08:26:30.944969+00:00", "RecordID": "4", "Level": "4", "UserID": "S-1-5-18", "EventData.Message1": "Incremented active client count", "EventData.HRESULT": "0x00000000"}
{"EventID": "511", "Channel": "Microsoft-Windows-DeviceManagement-Enterprise-Diagnostics-Provider/Operational", "Provider_Name": "Microsoft-Windows-DeviceManagement-Pushrouter", "Computer": "WIN-E725EAE32MJ", "TimeCreated": "2022-02-24 08:26:30.944977+00:00", "RecordID": "5", "Level": "4", "UserID": "S-1-5-18", "EventData.HexInt1": "0x00000078"}
{"EventID": "144", "Channel": "Microsoft-Windows-DeviceManagement-Enterprise-Diagnostics-Provider/Operational", "Provider_Name": "Microsoft-Windows-DeviceManagement-Pushrouter", "Computer": "WIN-E725EAE32MJ", "TimeCreated": "2022-02-24 08:26:30.949156+00:00", "RecordID": "6", "Level": "4", "UserID": "S-1-5-18", "EventData.HRESULT": "0x00000000"}
{"EventID": "507", "Channel": "Microsoft-Windows-DeviceManagement-Enterprise-Diagnostics-Provider/Operational", "Provider_Name": "Microsoft-Windows-DeviceManagement-Pushrouter", "Computer": "WIN-E725EAE32MJ", "TimeCreated": "2022-02-24 08:26:31.259731+00:00", "RecordID": "7", "Level": "4", "UserID": "S-1-5-18", "EventData.HexInt1": "0x00000000"}
{"EventID": "516", "Channel": "Microsoft-Windows-DeviceManagement-Enterprise-Diagnostics-Provider/Operational", "Provider_Name": "Microsoft-Windows-DeviceManagement-Pushrouter", "Computer": "WIN-E725EAE32MJ", "TimeCreated": "2022-02-24 08:26:31.259733+00:00", "RecordID": "8", "Level": "4", "UserID": "S-1-5-18", "EventData.HRESULT": "0x00000000"}
{"EventID": "101", "Channel": "Microsoft-Windows-DeviceManagement-Enterprise-Diagnostics-Provider/Operational", "Provider_Name": "Microsoft-Windows-DeviceManagement-Pushrouter", "Computer": "WIN-E725EAE32MJ", "TimeCreated": "2022-02-24 08:26:31.261179+00:00", "RecordID": "9", "Level": "4", "UserID": "S-1-5-18", "EventData.HRESULT": "0x00000000"}
{"EventID": "111", "Channel": "Microsoft-Windows-DeviceManagement-Enterprise-Diagnostics-Provider/Operational", "Provider_Name": "Microsoft-Windows-DeviceManagement-Pushrouter", "Computer": "WIN-E725EAE32MJ", "TimeCreated": "2022-02-24 08:26:31.261747+00:00", "RecordID": "10", "Level": "4", "UserID": "S-1-5-18", "EventData.Message1": "Incremented active client count successfully", "EventData.HRESULT": "0x00000001"}
{"EventID": "104", "Channel": "Microsoft-Windows-DeviceManagement-Enterprise-Diagnostics-Provider/Operational", "Provider_Name": "Microsoft-Windows-DeviceManagement-Pushrouter", "Computer": "WIN-E725EAE32MJ", "TimeCreated": "2022-02-24 08:26:31.261749+00:00", "RecordID": "11", "Level": "4", "UserID": "S-1-5-18", "EventData.HRESULT": "0x00000000"}
{"EventID": "518", "Channel": "Microsoft-Windows-DeviceManagement-Enterprise-Diagnostics-Provider/Operational", "Provider_Name": "Microsoft-Windows-DeviceManagement-Pushrouter", "Computer": "WIN-E725EAE32MJ", "TimeCreated": "2022-02-24 08:26:31.261751+00:00", "RecordID": "12", "Level": "4", "UserID": "S-1-5-18", "EventData.HRESULT": "0x00000000"}
{"EventID": "525", "Channel": "Microsoft-Windows-DeviceManagement-Enterprise-Diagnostics-Provider/Operational", "Provider_Name": "Microsoft-Windows-DeviceManagement-Pushrouter", "Computer": "WIN-E725EAE32MJ", "TimeCreated": "2022-02-24 08:26:31.261761+00:00", "RecordID": "13", "Level": "4", "UserID": "S-1-5-18", "EventData.HexInt1": "0x00000000", "EventData.HRESULT": "0x00000000"}
{"EventID": "514", "Channel": "Microsoft-Windows-DeviceManagement-Enterprise-Diagnostics-Provider/Operational", "Provider_Name": "Microsoft-Windows-DeviceManagement-Pushrouter", "Computer": "WIN-E725EAE32MJ", "TimeCreated": "2022-02-24 08:26:31.261761+00:00", "RecordID": "14", "Level": "4", "UserID": "S-1-5-18", "EventData.HexInt1": "0x00000004", "EventData.HexInt2": "0x00000000", "EventData.HexInt3": "0x00000000"}
{"EventID": "524", "Channel": "Microsoft-Windows-DeviceManagement-Enterprise-Diagnostics-Provider/Operational", "Provider_Name": "Microsoft-Windows-DeviceManagement-Pushrouter", "Computer": "DESKTOP-OFJ6N53", "TimeCreated": "2022-02-24 08:27:42.843445+00:00", "RecordID": "15", "Level": "4", "UserID": "S-1-5-18"}
{"EventID": "514", "Channel": "Microsoft-Windows-DeviceManagement-Enterprise-Diagnostics-Provider/Operational", "Provider_Name": "Microsoft-Windows-DeviceManagement-Pushrouter", "Computer": "DESKTOP-OFJ6N53", "TimeCreated": "2022-02-24 08:27:42.843449+00:00", "RecordID": "16", "Level": "4", "UserID": "S-1-5-18", "EventData.HexInt1": "0x00000002", "EventData.HexInt2": "0x00000000", "EventData.HexInt3": "0x00000064"}
{"EventID": "512", "Channel": "Microsoft-Windows-DeviceManagement-Enterprise-Diagnostics-Provider/Operational", "Provider_Name": "Microsoft-Windows-DeviceManagement-Pushrouter", "Computer": "DESKTOP-OFJ6N53", "TimeCreated": "2022-02-24 08:27:42.843559+00:00", "RecordID": "17", "Level": "4", "UserID": "S-1-5-18", "EventData.HexInt1": "0x00000078"}
{"EventID": "111", "Channel": "Microsoft-Windows-DeviceManagement-Enterprise-Diagnostics-Provider/Operational", "Provider_Name": "Microsoft-Windows-DeviceManagement-Pushrouter", "Computer": "DESKTOP-OFJ6N53", "TimeCreated": "2022-02-24 08:27:42.845173+00:00", "RecordID": "18", "Level": "4", "UserID": "S-1-5-18", "EventData.Message1": "Incremented active client count", "EventData.HRESULT": "0x00000000"}
{"EventID": "511", "Channel": "Microsoft-Windows-DeviceManagement-Enterprise-Diagnostics-Provider/Operational", "Provider_Name": "Microsoft-Windows-DeviceManagement-Pushrouter", "Computer": "DESKTOP-OFJ6N53", "TimeCreated": "2022-02-24 08:27:42.845179+00:00", "RecordID": "19", "Level": "4", "UserID": "S-1-5-18", "EventData.HexInt1": "0x00000078"}
{"EventID": "144", "Channel": "Microsoft-Windows-DeviceManagement-Enterprise-Diagnostics-Provider/Operational", "Provider_Name": "Microsoft-Windows-DeviceManagement-Pushrouter", "Computer": "DESKTOP-OFJ6N53", "TimeCreated": "2022-02-24 08:27:42.849661+00:00", "RecordID": "20", "Level": "4", "UserID": "S-1-5-18", "EventData.HRESULT": "0x00000000"}
{"EventID": "507", "Channel": "Microsoft-Windows-DeviceManagement-Enterprise-Diagnostics-Provider/Operational", "Provider_Name": "Microsoft-Windows-DeviceManagement-Pushrouter", "Computer": "DESKTOP-OFJ6N53", "TimeCreated": "2022-02-24 08:27:43.055130+00:00", "RecordID": "21", "Level": "4", "UserID": "S-1-5-18", "EventData.HexInt1": "0x00000000"}
{"EventID": "516", "Channel": "Microsoft-Windows-DeviceManagement-Enterprise-Diagnostics-Provider/Operational", "Provider_Name": "Microsoft-Windows-DeviceManagement-Pushrouter", "Computer": "DESKTOP-OFJ6N53", "TimeCreated": "2022-02-24 08:27:43.055132+00:00", "RecordID": "22", "Level": "4", "UserID": "S-1-5-18", "EventData.HRESULT": "0x00000000"}
{"EventID": "101", "Channel": "Microsoft-Windows-DeviceManagement-Enterprise-Diagnostics-Provider/Operational", "Provider_Name": "Microsoft-Windows-DeviceManagement-Pushrouter", "Computer": "DESKTOP-OFJ6N53", "TimeCreated": "2022-02-24 08:27:43.055996+00:00", "RecordID": "23", "Level": "4", "UserID": "S-1-5-18", "EventData.HRESULT": "0x00000000"}
{"EventID": "111", "Channel": "Microsoft-Windows-DeviceManagement-Enterprise-Diagnostics-Provider/Operational", "Provider_Name": "Microsoft-Windows-DeviceManagement-Pushrouter", "Computer": "DESKTOP-OFJ6N53", "TimeCreated": "2022-02-24 08:27:43.056559+00:00", "RecordID": "24", "Level": "4", "UserID": "S-1-5-18", "EventData.Message1": "Incremented active client count successfully", "EventData.HRESULT": "0x00000001"}
{"EventID": "104", "Channel": "Microsoft-Windows-DeviceManagement-Enterprise-Diagnostics-Provider/Operational", "Provider_Name": "Microsoft-Windows-DeviceManagement-Pushrouter", "Computer": "DESKTOP-OFJ6N53", "TimeCreated": "2022-02-24 08:27:43.056562+00:00", "RecordID": "25", "Level": "4", "UserID": "S-1-5-18", "EventData.HRESULT": "0x00000000"}
{"EventID": "518", "Channel": "Microsoft-Windows-DeviceManagement-Enterprise-Diagnostics-Provider/Operational", "Provider_Name": "Microsoft-Windows-DeviceManagement-Pushrouter", "Computer": "DESKTOP-OFJ6N53", "TimeCreated": "2022-02-24 08:27:43.056564+00:00", "RecordID": "26", "Level": "4", "UserID": "S-1-5-18", "EventData.HRESULT": "0x00000000"}
{"EventID": "525", "Channel": "Microsoft-Windows-DeviceManagement-Enterprise-Diagnostics-Provider/Operational", "Provider_Name": "Microsoft-Windows-DeviceManagement-Pushrouter", "Computer": "DESKTOP-OFJ6N53", "TimeCreated": "2022-02-24 08:27:43.056572+00:00", "RecordID": "27", "Level": "4", "UserID": "S-1-5-18", "EventData.HexInt1": "0x00000000", "EventData.HRESULT": "0x00000000"}
{"EventID": "514", "Channel": "Microsoft-Windows-DeviceManagement-Enterprise-Diagnostics-Provider/Operational", "Provider_Name": "Microsoft-Windows-DeviceManagement-Pushrouter", "Computer": "DESKTOP-OFJ6N53", "TimeCreated": "2022-02-24 08:27:43.056572+00:00", "RecordID": "28", "Level": "4", "UserID": "S-1-5-18", "EventData.HexInt1": "0x00000004", "EventData.HexInt2": "0x00000000", "EventData.HexInt3": "0x00000000"}
{"EventID": "111", "Channel": "Microsoft-Windows-DeviceManagement-Enterprise-Diagnostics-Provider/Operational", "Provider_Name": "Microsoft-Windows-DeviceManagement-Pushrouter", "Computer": "DESKTOP-OFJ6N53", "TimeCreated": "2022-02-24 08:29:42.850763+00:00", "RecordID": "29", "Level": "4", "UserID": "S-1-5-18", "EventData.Message1": "Checking if all clients are handled", "EventData.HRESULT": "0x00000001"}
{"EventID": "509", "Channel": "Microsoft-Windows-DeviceManagement-Enterprise-Diagnostics-Provider/Operational", "Provider_Name": "Microsoft-Windows-DeviceManagement-Pushrouter", "Computer": "DESKTOP-OFJ6N53", "TimeCreated": "2022-02-24 08:29:42.850780+00:00", "RecordID": "30", "Level": "4", "UserID": "S-1-5-18"}
{"EventID": "511", "Channel": "Microsoft-Windows-DeviceManagement-Enterprise-Diagnostics-Provider/Operational", "Provider_Name": "Microsoft-Windows-DeviceManagement-Pushrouter", "Computer": "DESKTOP-OFJ6N53", "TimeCreated": "2022-02-24 08:29:42.850780+00:00", "RecordID": "31", "Level": "4", "UserID": "S-1-5-18", "EventData.HexInt1": "0x00000078"}
{"EventID": "110", "Channel": "Microsoft-Windows-DeviceManagement-Enterprise-Diagnostics-Provider/Operational", "Provider_Name": "Microsoft-Windows-DeviceManagement-Pushrouter", "Computer": "DESKTOP-OFJ6N53", "TimeCreated": "2022-02-24 08:30:42.585062+00:00", "RecordID": "32", "Level": "4", "UserID": "S-1-5-18", "EventData.HexInt1": "0x00000001"}
{"EventID": "112", "Channel": "Microsoft-Windows-DeviceManagement-Enterprise-Diagnostics-Provider/Operational", "Provider_Name": "Microsoft-Windows-DeviceManagement-Pushrouter", "Computer": "DESKTOP-OFJ6N53", "TimeCreated": "2022-02-24 08:30:42.585064+00:00", "RecordID": "33", "Level": "4", "UserID": "S-1-5-18", "EventData.HexInt1": "0x00000000"}
{"EventID": "111", "Channel": "Microsoft-Windows-DeviceManagement-Enterprise-Diagnostics-Provider/Operational", "Provider_Name": "Microsoft-Windows-DeviceManagement-Pushrouter", "Computer": "DESKTOP-OFJ6N53", "TimeCreated": "2022-02-24 08:31:42.850950+00:00", "RecordID": "34", "Level": "4", "UserID": "S-1-5-18", "EventData.Message1": "Checking if all clients are handled", "EventData.HRESULT": "0x00000000"}
{"EventID": "510", "Channel": "Microsoft-Windows-DeviceManagement-Enterprise-Diagnostics-Provider/Operational", "Provider_Name": "Microsoft-Windows-DeviceManagement-Pushrouter", "Computer": "DESKTOP-OFJ6N53", "TimeCreated": "2022-02-24 08:31:42.850967+00:00", "RecordID": "35", "Level": "4", "UserID": "S-1-5-18"}
{"EventID": "514", "Channel": "Microsoft-Windows-DeviceManagement-Enterprise-Diagnostics-Provider/Operational", "Provider_Name": "Microsoft-Windows-DeviceManagement-Pushrouter", "Computer": "DESKTOP-OFJ6N53", "TimeCreated": "2022-02-24 08:31:42.850969+00:00", "RecordID": "36", "Level": "4", "UserID": "S-1-5-18", "EventData.HexInt1": "0x00000003", "EventData.HexInt2": "0x00000000", "EventData.HexInt3": "0x00000000"}
{"EventID": "106", "Channel": "Microsoft-Windows-DeviceManagement-Enterprise-Diagnostics-Provider/Operational", "Provider_Name": "Microsoft-Windows-DeviceManagement-Pushrouter", "Computer": "DESKTOP-OFJ6N53", "TimeCreated": "2022-02-24 08:31:42.851492+00:00", "RecordID": "37", "Level": "4", "UserID": "S-1-5-18", "EventData.HRESULT": "0x00000000"}
{"EventID": "108", "Channel": "Microsoft-Windows-DeviceManagement-Enterprise-Diagnostics-Provider/Operational", "Provider_Name": "Microsoft-Windows-DeviceManagement-Pushrouter", "Computer": "DESKTOP-OFJ6N53", "TimeCreated": "2022-02-24 08:31:42.851505+00:00", "RecordID": "38", "Level": "4", "UserID": "S-1-5-18", "EventData.HRESULT": "0x00000000"}
{"EventID": "522", "Channel": "Microsoft-Windows-DeviceManagement-Enterprise-Diagnostics-Provider/Operational", "Provider_Name": "Microsoft-Windows-DeviceManagement-Pushrouter", "Computer": "DESKTOP-OFJ6N53", "TimeCreated": "2022-02-24 08:31:42.851522+00:00", "RecordID": "39", "Level": "4", "UserID": "S-1-5-18", "EventData.HRESULT": "0x00000000"}
{"EventID": "513", "Channel": "Microsoft-Windows-DeviceManagement-Enterprise-Diagnostics-Provider/Operational", "Provider_Name": "Microsoft-Windows-DeviceManagement-Pushrouter", "Computer": "DESKTOP-OFJ6N53", "TimeCreated": "2022-02-24 08:31:42.851526+00:00", "RecordID": "40", "Level": "4", "UserID": "S-1-5-18"}
{"EventID": "520", "Channel": "Microsoft-Windows-DeviceManagement-Enterprise-Diagnostics-Provider/Operational", "Provider_Name": "Microsoft-Windows-DeviceManagement-Pushrouter", "Computer": "DESKTOP-OFJ6N53", "TimeCreated": "2022-02-24 08:31:42.851562+00:00", "RecordID": "41", "Level": "4", "UserID": "S-1-5-18", "EventData.HRESULT": "0x00000000"}
{"EventID": "514", "Channel": "Microsoft-Windows-DeviceManagement-Enterprise-Diagnostics-Provider/Operational", "Provider_Name": "Microsoft-Windows-DeviceManagement-Pushrouter", "Computer": "DESKTOP-OFJ6N53", "TimeCreated": "2022-02-24 08:31:42.851566+00:00", "RecordID": "42", "Level": "4", "UserID": "S-1-5-18", "EventData.HexInt1": "0x00000001", "EventData.HexInt2": "0x00000000", "EventData.HexInt3": "0x00000000"}
{"EventID": "524", "Channel": "Microsoft-Windows-DeviceManagement-Enterprise-Diagnostics-Provider/Operational", "Provider_Name": "Microsoft-Windows-DeviceManagement-Pushrouter", "Computer": "DESKTOP-OFJ6N53", "TimeCreated": "2022-02-24 12:14:58.636461+00:00", "RecordID": "43", "Level": "4", "UserID": "S-1-5-18"}
{"EventID": "514", "Channel": "Microsoft-Windows-DeviceManagement-Enterprise-Diagnostics-Provider/Operational", "Provider_Name": "Microsoft-Windows-DeviceManagement-Pushrouter", "Computer": "DESKTOP-OFJ6N53", "TimeCreated": "2022-02-24 12:14:58.636467+00:00", "RecordID": "44", "Level": "4", "UserID": "S-1-5-18", "EventData.HexInt1": "0x00000002", "EventData.HexInt2": "0x00000000", "EventData.HexInt3": "0x00000064"}
{"EventID": "512", "Channel": "Microsoft-Windows-DeviceManagement-Enterprise-Diagnostics-Provider/Operational", "Provider_Name": "Microsoft-Windows-DeviceManagement-Pushrouter", "Computer": "DESKTOP-OFJ6N53", "TimeCreated": "2022-02-24 12:14:58.636547+00:00", "RecordID": "45", "Level": "4", "UserID": "S-1-5-18", "EventData.HexInt1": "0x00000078"}
{"EventID": "111", "Channel": "Microsoft-Windows-DeviceManagement-Enterprise-Diagnostics-Provider/Operational", "Provider_Name": "Microsoft-Windows-DeviceManagement-Pushrouter", "Computer": "DESKTOP-OFJ6N53", "TimeCreated": "2022-02-24 12:14:58.637514+00:00", "RecordID": "46", "Level": "4", "UserID": "S-1-5-18", "EventData.Message1": "Incremented active client count", "EventData.HRESULT": "0x00000000"}
{"EventID": "511", "Channel": "Microsoft-Windows-DeviceManagement-Enterprise-Diagnostics-Provider/Operational", "Provider_Name": "Microsoft-Windows-DeviceManagement-Pushrouter", "Computer": "DESKTOP-OFJ6N53", "TimeCreated": "2022-02-24 12:14:58.637518+00:00", "RecordID": "47", "Level": "4", "UserID": "S-1-5-18", "EventData.HexInt1": "0x00000078"}
{"EventID": "144", "Channel": "Microsoft-Windows-DeviceManagement-Enterprise-Diagnostics-Provider/Operational", "Provider_Name": "Microsoft-Windows-DeviceManagement-Pushrouter", "Computer": "DESKTOP-OFJ6N53", "TimeCreated": "2022-02-24 12:14:58.642881+00:00", "RecordID": "48", "Level": "4", "UserID": "S-1-5-18", "EventData.HRESULT": "0x00000000"}
{"EventID": "507", "Channel": "Microsoft-Windows-DeviceManagement-Enterprise-Diagnostics-Provider/Operational", "Provider_Name": "Microsoft-Windows-DeviceManagement-Pushrouter", "Computer": "DESKTOP-OFJ6N53", "TimeCreated": "2022-02-24 12:14:58.834944+00:00", "RecordID": "49", "Level": "4", "UserID": "S-1-5-18", "EventData.HexInt1": "0x00000000"}
{"EventID": "516", "Channel": "Microsoft-Windows-DeviceManagement-Enterprise-Diagnostics-Provider/Operational", "Provider_Name": "Microsoft-Windows-DeviceManagement-Pushrouter", "Computer": "DESKTOP-OFJ6N53", "TimeCreated": "2022-02-24 12:14:58.834946+00:00", "RecordID": "50", "Level": "4", "UserID": "S-1-5-18", "EventData.HRESULT": "0x00000000"}
{"EventID": "101", "Channel": "Microsoft-Windows-DeviceManagement-Enterprise-Diagnostics-Provider/Operational", "Provider_Name": "Microsoft-Windows-DeviceManagement-Pushrouter", "Computer": "DESKTOP-OFJ6N53", "TimeCreated": "2022-02-24 12:14:58.839849+00:00", "RecordID": "51", "Level": "4", "UserID": "S-1-5-18", "EventData.HRESULT": "0x00000000"}
{"EventID": "111", "Channel": "Microsoft-Windows-DeviceManagement-Enterprise-Diagnostics-Provider/Operational", "Provider_Name": "Microsoft-Windows-DeviceManagement-Pushrouter", "Computer": "DESKTOP-OFJ6N53", "TimeCreated": "2022-02-24 12:14:58.840645+00:00", "RecordID": "52", "Level": "4", "UserID": "S-1-5-18", "EventData.Message1": "Incremented active client count successfully", "EventData.HRESULT": "0x00000001"}
{"EventID": "104", "Channel": "Microsoft-Windows-DeviceManagement-Enterprise-Diagnostics-Provider/Operational", "Provider_Name": "Microsoft-Windows-DeviceManagement-Pushrouter", "Computer": "DESKTOP-OFJ6N53", "TimeCreated": "2022-02-24 12:14:58.840647+00:00", "RecordID": "53", "Level": "4", "UserID": "S-1-5-18", "EventData.HRESULT": "0x00000000"}
{"EventID": "518", "Channel": "Microsoft-Windows-DeviceManagement-Enterprise-Diagnostics-Provider/Operational", "Provider_Name": "Microsoft-Windows-DeviceManagement-Pushrouter", "Computer": "DESKTOP-OFJ6N53", "TimeCreated": "2022-02-24 12:14:58.840647+00:00", "RecordID": "54", "Level": "4", "UserID": "S-1-5-18", "EventData.HRESULT": "0x00000000"}
{"EventID": "525", "Channel": "Microsoft-Windows-DeviceManagement-Enterprise-Diagnostics-Provider/Operational", "Provider_Name": "Microsoft-Windows-DeviceManagement-Pushrouter", "Computer": "DESKTOP-OFJ6N53", "TimeCreated": "2022-02-24 12:14:58.840656+00:00", "RecordID": "55", "Level": "4", "UserID": "S-1-5-18", "EventData.HexInt1": "0x00000000", "EventData.HRESULT": "0x00000000"}
{"EventID": "514", "Channel": "Microsoft-Windows-DeviceManagement-Enterprise-Diagnostics-Provider/Operational", "Provider_Name": "Microsoft-Windows-DeviceManagement-Pushrouter", "Computer": "DESKTOP-OFJ6N53", "TimeCreated": "2022-02-24 12:14:58.840656+00:00", "RecordID": "56", "Level": "4", "UserID": "S-1-5-18", "EventData.HexInt1": "0x00000004", "EventData.HexInt2": "0x00000000", "EventData.HexInt3": "0x00000000"}
{"EventID": "111", "Channel": "Microsoft-Windows-DeviceManagement-Enterprise-Diagnostics-Provider/Operational", "Provider_Name": "Microsoft-Windows-DeviceManagement-Pushrouter", "Computer": "DESKTOP-OFJ6N53", "TimeCreated": "2022-02-24 12:16:58.632620+00:00", "RecordID": "57", "Level": "4", "UserID": "S-1-5-18", "EventData.Message1": "Checking if all clients are handled", "EventData.HRESULT": "0x00000001"}
{"EventID": "509", "Channel": "Microsoft-Windows-DeviceManagement-Enterprise-Diagnostics-Provider/Operational", "Provider_Name": "Microsoft-Windows-DeviceManagement-Pushrouter", "Computer": "DESKTOP-OFJ6N53", "TimeCreated": "2022-02-24 12:16:58.632627+00:00", "RecordID": "58", "Level": "4", "UserID": "S-1-5-18"}
{"EventID": "511", "Channel": "Microsoft-Windows-DeviceManagement-Enterprise-Diagnostics-Provider/Operational", "Provider_Name": "Microsoft-Windows-DeviceManagement-Pushrouter", "Computer": "DESKTOP-OFJ6N53", "TimeCreated": "2022-02-24 12:16:58.632627+00:00", "RecordID": "59", "Level": "4", "UserID": "S-1-5-18", "EventData.HexInt1": "0x00000078"}
{"EventID": "110", "Channel": "Microsoft-Windows-DeviceManagement-Enterprise-Diagnostics-Provider/Operational", "Provider_Name": "Microsoft-Windows-DeviceManagement-Pushrouter", "Computer": "DESKTOP-OFJ6N53", "TimeCreated": "2022-02-24 12:16:59.570116+00:00", "RecordID": "60", "Level": "4", "UserID": "S-1-5-18", "EventData.HexInt1": "0x00000001"}
{"EventID": "112", "Channel": "Microsoft-Windows-DeviceManagement-Enterprise-Diagnostics-Provider/Operational", "Provider_Name": "Microsoft-Windows-DeviceManagement-Pushrouter", "Computer": "DESKTOP-OFJ6N53", "TimeCreated": "2022-02-24 12:16:59.570118+00:00", "RecordID": "61", "Level": "4", "UserID": "S-1-5-18", "EventData.HexInt1": "0x00000000"}
{"EventID": "111", "Channel": "Microsoft-Windows-DeviceManagement-Enterprise-Diagnostics-Provider/Operational", "Provider_Name": "Microsoft-Windows-DeviceManagement-Pushrouter", "Computer": "DESKTOP-OFJ6N53", "TimeCreated": "2022-02-24 12:18:58.642586+00:00", "RecordID": "62", "Level": "4", "UserID": "S-1-5-18", "EventData.Message1": "Checking if all clients are handled", "EventData.HRESULT": "0x00000000"}
{"EventID": "510", "Channel": "Microsoft-Windows-DeviceManagement-Enterprise-Diagnostics-Provider/Operational", "Provider_Name": "Microsoft-Windows-DeviceManagement-Pushrouter", "Computer": "DESKTOP-OFJ6N53", "TimeCreated": "2022-02-24 12:18:58.642595+00:00", "RecordID": "63", "Level": "4", "UserID": "S-1-5-18"}
{"EventID": "514", "Channel": "Microsoft-Windows-DeviceManagement-Enterprise-Diagnostics-Provider/Operational", "Provider_Name": "Microsoft-Windows-DeviceManagement-Pushrouter", "Computer": "DESKTOP-OFJ6N53", "TimeCreated": "2022-02-24 12:18:58.642599+00:00", "RecordID": "64", "Level": "4", "UserID": "S-1-5-18", "EventData.HexInt1": "0x00000003", "EventData.HexInt2": "0x00000000", "EventData.HexInt3": "0x00000000"}
{"EventID": "106", "Channel": "Microsoft-Windows-DeviceManagement-Enterprise-Diagnostics-Provider/Operational", "Provider_Name": "Microsoft-Windows-DeviceManagement-Pushrouter", "Computer": "DESKTOP-OFJ6N53", "TimeCreated": "2022-02-24 12:18:58.643152+00:00", "RecordID": "65", "Level": "4", "UserID": "S-1-5-18", "EventData.HRESULT": "0x00000000"}
{"EventID": "108", "Channel": "Microsoft-Windows-DeviceManagement-Enterprise-Diagnostics-Provider/Operational", "Provider_Name": "Microsoft-Windows-DeviceManagement-Pushrouter", "Computer": "DESKTOP-OFJ6N53", "TimeCreated": "2022-02-24 12:18:58.643166+00:00", "RecordID": "66", "Level": "4", "UserID": "S-1-5-18", "EventData.HRESULT": "0x00000000"}
{"EventID": "522", "Channel": "Microsoft-Windows-DeviceManagement-Enterprise-Diagnostics-Provider/Operational", "Provider_Name": "Microsoft-Windows-DeviceManagement-Pushrouter", "Computer": "DESKTOP-OFJ6N53", "TimeCreated": "2022-02-24 12:18:58.643206+00:00", "RecordID": "67", "Level": "4", "UserID": "S-1-5-18", "EventData.HRESULT": "0x00000000"}
{"EventID": "513", "Channel": "Microsoft-Windows-DeviceManagement-Enterprise-Diagnostics-Provider/Operational", "Provider_Name": "Microsoft-Windows-DeviceManagement-Pushrouter", "Computer": "DESKTOP-OFJ6N53", "TimeCreated": "2022-02-24 12:18:58.643211+00:00", "RecordID": "68", "Level": "4", "UserID": "S-1-5-18"}
{"EventID": "520", "Channel": "Microsoft-Windows-DeviceManagement-Enterprise-Diagnostics-Provider/Operational", "Provider_Name": "Microsoft-Windows-DeviceManagement-Pushrouter", "Computer": "DESKTOP-OFJ6N53", "TimeCreated": "2022-02-24 12:18:58.643253+00:00", "RecordID": "69", "Level": "4", "UserID": "S-1-5-18", "EventData.HRESULT": "0x00000000"}
{"EventID": "514", "Channel": "Microsoft-Windows-DeviceManagement-Enterprise-Diagnostics-Provider/Operational", "Provider_Name": "Microsoft-Windows-DeviceManagement-Pushrouter", "Computer": "DESKTOP-OFJ6N53", "TimeCreated": "2022-02-24 12:18:58.643259+00:00", "RecordID": "70", "Level": "4", "UserID": "S-1-5-18", "EventData.HexInt1": "0x00000001", "EventData.HexInt2": "0x00000000", "EventData.HexInt3": "0x00000000"}
{"EventID": "524", "Channel": "Microsoft-Windows-DeviceManagement-Enterprise-Diagnostics-Provider/Operational", "Provider_Name": "Microsoft-Windows-DeviceManagement-Pushrouter", "Computer": "DESKTOP-OFJ6N53", "TimeCreated": "2022-02-24 13:07:56.311447+00:00", "RecordID": "71", "Level": "4", "UserID": "S-1-5-18"}
{"EventID": "514", "Channel": "Microsoft-Windows-DeviceManagement-Enterprise-Diagnostics-Provider/Operational", "Provider_Name": "Microsoft-Windows-DeviceManagement-Pushrouter", "Computer": "DESKTOP-OFJ6N53", "TimeCreated": "2022-02-24 13:07:56.311453+00:00", "RecordID": "72", "Level": "4", "UserID": "S-1-5-18", "EventData.HexInt1": "0x00000002", "EventData.HexInt2": "0x00000000", "EventData.HexInt3": "0x00000064"}
{"EventID": "512", "Channel": "Microsoft-Windows-DeviceManagement-Enterprise-Diagnostics-Provider/Operational", "Provider_Name": "Microsoft-Windows-DeviceManagement-Pushrouter", "Computer": "DESKTOP-OFJ6N53", "TimeCreated": "2022-02-24 13:07:56.311539+00:00", "RecordID": "73", "Level": "4", "UserID": "S-1-5-18", "EventData.HexInt1": "0x00000078"}
{"EventID": "111", "Channel": "Microsoft-Windows-DeviceManagement-Enterprise-Diagnostics-Provider/Operational", "Provider_Name": "Microsoft-Windows-DeviceManagement-Pushrouter", "Computer": "DESKTOP-OFJ6N53", "TimeCreated": "2022-02-24 13:07:56.311543+00:00", "RecordID": "74", "Level": "4", "UserID": "S-1-5-18", "EventData.Message1": "Incremented active client count", "EventData.HRESULT": "0x00000000"}
{"EventID": "511", "Channel": "Microsoft-Windows-DeviceManagement-Enterprise-Diagnostics-Provider/Operational", "Provider_Name": "Microsoft-Windows-DeviceManagement-Pushrouter", "Computer": "DESKTOP-OFJ6N53", "TimeCreated": "2022-02-24 13:07:56.311544+00:00", "RecordID": "75", "Level": "4", "UserID": "S-1-5-18", "EventData.HexInt1": "0x00000078"}
{"EventID": "144", "Channel": "Microsoft-Windows-DeviceManagement-Enterprise-Diagnostics-Provider/Operational", "Provider_Name": "Microsoft-Windows-DeviceManagement-Pushrouter", "Computer": "DESKTOP-OFJ6N53", "TimeCreated": "2022-02-24 13:07:56.317764+00:00", "RecordID": "76", "Level": "4", "UserID": "S-1-5-18", "EventData.HRESULT": "0x00000000"}
{"EventID": "507", "Channel": "Microsoft-Windows-DeviceManagement-Enterprise-Diagnostics-Provider/Operational", "Provider_Name": "Microsoft-Windows-DeviceManagement-Pushrouter", "Computer": "DESKTOP-OFJ6N53", "TimeCreated": "2022-02-24 13:07:56.481558+00:00", "RecordID": "77", "Level": "4", "UserID": "S-1-5-18", "EventData.HexInt1": "0x00000000"}
{"EventID": "516", "Channel": "Microsoft-Windows-DeviceManagement-Enterprise-Diagnostics-Provider/Operational", "Provider_Name": "Microsoft-Windows-DeviceManagement-Pushrouter", "Computer": "DESKTOP-OFJ6N53", "TimeCreated": "2022-02-24 13:07:56.481562+00:00", "RecordID": "78", "Level": "4", "UserID": "S-1-5-18", "EventData.HRESULT": "0x00000000"}
{"EventID": "101", "Channel": "Microsoft-Windows-DeviceManagement-Enterprise-Diagnostics-Provider/Operational", "Provider_Name": "Microsoft-Windows-DeviceManagement-Pushrouter", "Computer": "DESKTOP-OFJ6N53", "TimeCreated": "2022-02-24 13:07:56.481926+00:00", "RecordID": "79", "Level": "4", "UserID": "S-1-5-18", "EventData.HRESULT": "0x00000000"}
{"EventID": "111", "Channel": "Microsoft-Windows-DeviceManagement-Enterprise-Diagnostics-Provider/Operational", "Provider_Name": "Microsoft-Windows-DeviceManagement-Pushrouter", "Computer": "DESKTOP-OFJ6N53", "TimeCreated": "2022-02-24 13:07:56.482450+00:00", "RecordID": "80", "Level": "4", "UserID": "S-1-5-18", "EventData.Message1": "Incremented active client count successfully", "EventData.HRESULT": "0x00000001"}
{"EventID": "104", "Channel": "Microsoft-Windows-DeviceManagement-Enterprise-Diagnostics-Provider/Operational", "Provider_Name": "Microsoft-Windows-DeviceManagement-Pushrouter", "Computer": "DESKTOP-OFJ6N53", "TimeCreated": "2022-02-24 13:07:56.482454+00:00", "RecordID": "81", "Level": "4", "UserID": "S-1-5-18", "EventData.HRESULT": "0x00000000"}
{"EventID": "518", "Channel": "Microsoft-Windows-DeviceManagement-Enterprise-Diagnostics-Provider/Operational", "Provider_Name": "Microsoft-Windows-DeviceManagement-Pushrouter", "Computer": "DESKTOP-OFJ6N53", "TimeCreated": "2022-02-24 13:07:56.482456+00:00", "RecordID": "82", "Level": "4", "UserID": "S-1-5-18", "EventData.HRESULT": "0x00000000"}
{"EventID": "525", "Channel": "Microsoft-Windows-DeviceManagement-Enterprise-Diagnostics-Provider/Operational", "Provider_Name": "Microsoft-Windows-DeviceManagement-Pushrouter", "Computer": "DESKTOP-OFJ6N53", "TimeCreated": "2022-02-24 13:07:56.482464+00:00", "RecordID": "83", "Level": "4", "UserID": "S-1-5-18", "EventData.HexInt1": "0x00000000", "EventData.HRESULT": "0x00000000"}
{"EventID": "514", "Channel": "Microsoft-Windows-DeviceManagement-Enterprise-Diagnostics-Provider/Operational", "Provider_Name": "Microsoft-Windows-DeviceManagement-Pushrouter", "Computer": "DESKTOP-OFJ6N53", "TimeCreated": "2022-02-24 13:07:56.482464+00:00", "RecordID": "84", "Level": "4", "UserID": "S-1-5-18", "EventData.HexInt1": "0x00000004", "EventData.HexInt2": "0x00000000", "EventData.HexInt3": "0x00000000"}
{"EventID": "111", "Channel": "Microsoft-Windows-DeviceManagement-Enterprise-Diagnostics-Provider/Operational", "Provider_Name": "Microsoft-Windows-DeviceManagement-Pushrouter", "Computer": "DESKTOP-OFJ6N53", "TimeCreated": "2022-02-24 13:09:56.318190+00:00", "RecordID": "85", "Level": "4", "UserID": "S-1-5-18", "EventData.Message1": "Checking if all clients are handled", "EventData.HRESULT": "0x00000001"}
{"EventID": "509", "Channel": "Microsoft-Windows-DeviceManagement-Enterprise-Diagnostics-Provider/Operational", "Provider_Name": "Microsoft-Windows-DeviceManagement-Pushrouter", "Computer": "DESKTOP-OFJ6N53", "TimeCreated": "2022-02-24 13:09:56.318195+00:00", "RecordID": "86", "Level": "4", "UserID": "S-1-5-18"}
{"EventID": "511", "Channel": "Microsoft-Windows-DeviceManagement-Enterprise-Diagnostics-Provider/Operational", "Provider_Name": "Microsoft-Windows-DeviceManagement-Pushrouter", "Computer": "DESKTOP-OFJ6N53", "TimeCreated": "2022-02-24 13:09:56.318195+00:00", "RecordID": "87", "Level": "4", "UserID": "S-1-5-18", "EventData.HexInt1": "0x00000078"}
{"EventID": "110", "Channel": "Microsoft-Windows-DeviceManagement-Enterprise-Diagnostics-Provider/Operational", "Provider_Name": "Microsoft-Windows-DeviceManagement-Pushrouter", "Computer": "DESKTOP-OFJ6N53", "TimeCreated": "2022-02-24 13:10:01.194775+00:00", "RecordID": "88", "Level": "4", "UserID": "S-1-5-18", "EventData.HexInt1": "0x00000001"}
{"EventID": "112", "Channel": "Microsoft-Windows-DeviceManagement-Enterprise-Diagnostics-Provider/Operational", "Provider_Name": "Microsoft-Windows-DeviceManagement-Pushrouter", "Computer": "DESKTOP-OFJ6N53", "TimeCreated": "2022-02-24 13:10:01.194782+00:00", "RecordID": "89", "Level": "4", "UserID": "S-1-5-18", "EventData.HexInt1": "0x00000000"}
{"EventID": "111", "Channel": "Microsoft-Windows-DeviceManagement-Enterprise-Diagnostics-Provider/Operational", "Provider_Name": "Microsoft-Windows-DeviceManagement-Pushrouter", "Computer": "DESKTOP-OFJ6N53", "TimeCreated": "2022-02-24 13:11:56.330303+00:00", "RecordID": "90", "Level": "4", "UserID": "S-1-5-18", "EventData.Message1": "Checking if all clients are handled", "EventData.HRESULT": "0x00000000"}
{"EventID": "510", "Channel": "Microsoft-Windows-DeviceManagement-Enterprise-Diagnostics-Provider/Operational", "Provider_Name": "Microsoft-Windows-DeviceManagement-Pushrouter", "Computer": "DESKTOP-OFJ6N53", "TimeCreated": "2022-02-24 13:11:56.330313+00:00", "RecordID": "91", "Level": "4", "UserID": "S-1-5-18"}
{"EventID": "514", "Channel": "Microsoft-Windows-DeviceManagement-Enterprise-Diagnostics-Provider/Operational", "Provider_Name": "Microsoft-Windows-DeviceManagement-Pushrouter", "Computer": "DESKTOP-OFJ6N53", "TimeCreated": "2022-02-24 13:11:56.332811+00:00", "RecordID": "92", "Level": "4", "UserID": "S-1-5-18", "EventData.HexInt1": "0x00000003", "EventData.HexInt2": "0x00000000", "EventData.HexInt3": "0x00000000"}
{"EventID": "106", "Channel": "Microsoft-Windows-DeviceManagement-Enterprise-Diagnostics-Provider/Operational", "Provider_Name": "Microsoft-Windows-DeviceManagement-Pushrouter", "Computer": "DESKTOP-OFJ6N53", "TimeCreated": "2022-02-24 13:11:56.333363+00:00", "RecordID": "93", "Level": "4", "UserID": "S-1-5-18", "EventData.HRESULT": "0x00000000"}
{"EventID": "108", "Channel": "Microsoft-Windows-DeviceManagement-Enterprise-Diagnostics-Provider/Operational", "Provider_Name": "Microsoft-Windows-DeviceManagement-Pushrouter", "Computer": "DESKTOP-OFJ6N53", "TimeCreated": "2022-02-24 13:11:56.333368+00:00", "RecordID": "94", "Level": "4", "UserID": "S-1-5-18", "EventData.HRESULT": "0x00000000"}
{"EventID": "522", "Channel": "Microsoft-Windows-DeviceManagement-Enterprise-Diagnostics-Provider/Operational", "Provider_Name": "Microsoft-Windows-DeviceManagement-Pushrouter", "Computer": "DESKTOP-OFJ6N53", "TimeCreated": "2022-02-24 13:11:56.333391+00:00", "RecordID": "95", "Level": "4", "UserID": "S-1-5-18", "EventData.HRESULT": "0x00000000"}
{"EventID": "513", "Channel": "Microsoft-Windows-DeviceManagement-Enterprise-Diagnostics-Provider/Operational", "Provider_Name": "Microsoft-Windows-DeviceManagement-Pushrouter", "Computer": "DESKTOP-OFJ6N53", "TimeCreated": "2022-02-24 13:11:56.333393+00:00", "RecordID": "96", "Level": "4", "UserID": "S-1-5-18"}
{"EventID": "520", "Channel": "Microsoft-Windows-DeviceManagement-Enterprise-Diagnostics-Provider/Operational", "Provider_Name": "Microsoft-Windows-DeviceManagement-Pushrouter", "Computer": "DESKTOP-OFJ6N53", "TimeCreated": "2022-02-24 13:11:56.333433+00:00", "RecordID": "97", "Level": "4", "UserID": "S-1-5-18", "EventData.HRESULT": "0x00000000"}
{"EventID": "514", "Channel": "Microsoft-Windows-DeviceManagement-Enterprise-Diagnostics-Provider/Operational", "Provider_Name": "Microsoft-Windows-DeviceManagement-Pushrouter", "Computer": "DESKTOP-OFJ6N53", "TimeCreated": "2022-02-24 13:11:56.333437+00:00", "RecordID": "98", "Level": "4", "UserID": "S-1-5-18", "EventData.HexInt1": "0x00000001", "EventData.HexInt2": "0x00000000", "EventData.HexInt3": "0x00000000"}
{"EventID": "524", "Channel": "Microsoft-Windows-DeviceManagement-Enterprise-Diagnostics-Provider/Operational", "Provider_Name": "Microsoft-Windows-DeviceManagement-Pushrouter", "Computer": "DESKTOP-OFJ6N53", "TimeCreated": "2022-02-24 21:52:24.526159+00:00", "RecordID": "99", "Level": "4", "UserID": "S-1-5-18"}
{"EventID": "514", "Channel": "Microsoft-Windows-DeviceManagement-Enterprise-Diagnostics-Provider/Operational", "Provider_Name": "Microsoft-Windows-DeviceManagement-Pushrouter", "Computer": "DESKTOP-OFJ6N53", "TimeCreated": "2022-02-24 21:52:24.526163+00:00", "RecordID": "100", "Level": "4", "UserID": "S-1-5-18", "EventData.HexInt1": "0x00000002", "EventData.HexInt2": "0x00000000", "EventData.HexInt3": "0x00000064"}
{"EventID": "512", "Channel": "Microsoft-Windows-DeviceManagement-Enterprise-Diagnostics-Provider/Operational", "Provider_Name": "Microsoft-Windows-DeviceManagement-Pushrouter", "Computer": "DESKTOP-OFJ6N53", "TimeCreated": "2022-02-24 21:52:24.526285+00:00", "RecordID": "101", "Level": "4", "UserID": "S-1-5-18", "EventData.HexInt1": "0x00000078"}
{"EventID": "111", "Channel": "Microsoft-Windows-DeviceManagement-Enterprise-Diagnostics-Provider/Operational", "Provider_Name": "Microsoft-Windows-DeviceManagement-Pushrouter", "Computer": "DESKTOP-OFJ6N53", "TimeCreated": "2022-02-24 21:52:24.526289+00:00", "RecordID": "102", "Level": "4", "UserID": "S-1-5-18", "EventData.Message1": "Incremented active client count", "EventData.HRESULT": "0x00000000"}
{"EventID": "511", "Channel": "Microsoft-Windows-DeviceManagement-Enterprise-Diagnostics-Provider/Operational", "Provider_Name": "Microsoft-Windows-DeviceManagement-Pushrouter", "Computer": "DESKTOP-OFJ6N53", "TimeCreated": "2022-02-24 21:52:24.526293+00:00", "RecordID": "103", "Level": "4", "UserID": "S-1-5-18", "EventData.HexInt1": "0x00000078"}
{"EventID": "144", "Channel": "Microsoft-Windows-DeviceManagement-Enterprise-Diagnostics-Provider/Operational", "Provider_Name": "Microsoft-Windows-DeviceManagement-Pushrouter", "Computer": "DESKTOP-OFJ6N53", "TimeCreated": "2022-02-24 21:52:24.541080+00:00", "RecordID": "104", "Level": "4", "UserID": "S-1-5-18", "EventData.HRESULT": "0x00000000"}
{"EventID": "507", "Channel": "Microsoft-Windows-DeviceManagement-Enterprise-Diagnostics-Provider/Operational", "Provider_Name": "Microsoft-Windows-DeviceManagement-Pushrouter", "Computer": "DESKTOP-OFJ6N53", "TimeCreated": "2022-02-24 21:52:24.912861+00:00", "RecordID": "105", "Level": "4", "UserID": "S-1-5-18", "EventData.HexInt1": "0x00000000"}
{"EventID": "516", "Channel": "Microsoft-Windows-DeviceManagement-Enterprise-Diagnostics-Provider/Operational", "Provider_Name": "Microsoft-Windows-DeviceManagement-Pushrouter", "Computer": "DESKTOP-OFJ6N53", "TimeCreated": "2022-02-24 21:52:24.912863+00:00", "RecordID": "106", "Level": "4", "UserID": "S-1-5-18", "EventData.HRESULT": "0x00000000"}
{"EventID": "101", "Channel": "Microsoft-Windows-DeviceManagement-Enterprise-Diagnostics-Provider/Operational", "Provider_Name": "Microsoft-Windows-DeviceManagement-Pushrouter", "Computer": "DESKTOP-OFJ6N53", "TimeCreated": "2022-02-24 21:52:24.913198+00:00", "RecordID": "107", "Level": "4", "UserID": "S-1-5-18", "EventData.HRESULT": "0x00000000"}
{"EventID": "111", "Channel": "Microsoft-Windows-DeviceManagement-Enterprise-Diagnostics-Provider/Operational", "Provider_Name": "Microsoft-Windows-DeviceManagement-Pushrouter", "Computer": "DESKTOP-OFJ6N53", "TimeCreated": "2022-02-24 21:52:24.913912+00:00", "RecordID": "108", "Level": "4", "UserID": "S-1-5-18", "EventData.Message1": "Incremented active client count successfully", "EventData.HRESULT": "0x00000001"}
{"EventID": "104", "Channel": "Microsoft-Windows-DeviceManagement-Enterprise-Diagnostics-Provider/Operational", "Provider_Name": "Microsoft-Windows-DeviceManagement-Pushrouter", "Computer": "DESKTOP-OFJ6N53", "TimeCreated": "2022-02-24 21:52:24.913918+00:00", "RecordID": "109", "Level": "4", "UserID": "S-1-5-18", "EventData.HRESULT": "0x00000000"}
{"EventID": "518", "Channel": "Microsoft-Windows-DeviceManagement-Enterprise-Diagnostics-Provider/Operational", "Provider_Name": "Microsoft-Windows-DeviceManagement-Pushrouter", "Computer": "DESKTOP-OFJ6N53", "TimeCreated": "2022-02-24 21:52:24.913919+00:00", "RecordID": "110", "Level": "4", "UserID": "S-1-5-18", "EventData.HRESULT": "0x00000000"}
{"EventID": "525", "Channel": "Microsoft-Windows-DeviceManagement-Enterprise-Diagnostics-Provider/Operational", "Provider_Name": "Microsoft-Windows-DeviceManagement-Pushrouter", "Computer": "DESKTOP-OFJ6N53", "TimeCreated": "2022-02-24 21:52:24.913933+00:00", "RecordID": "111", "Level": "4", "UserID": "S-1-5-18", "EventData.HexInt1": "0x00000000", "EventData.HRESULT": "0x00000000"}
{"EventID": "514", "Channel": "Microsoft-Windows-DeviceManagement-Enterprise-Diagnostics-Provider/Operational", "Provider_Name": "Microsoft-Windows-DeviceManagement-Pushrouter", "Computer": "DESKTOP-OFJ6N53", "TimeCreated": "2022-02-24 21:52:24.913935+00:00", "RecordID": "112", "Level": "4", "UserID": "S-1-5-18", "EventData.HexInt1": "0x00000004", "EventData.HexInt2": "0x00000000", "EventData.HexInt3": "0x00000000"}
{"EventID": "111", "Channel": "Microsoft-Windows-DeviceManagement-Enterprise-Diagnostics-Provider/Operational", "Provider_Name": "Microsoft-Windows-DeviceManagement-Pushrouter", "Computer": "DESKTOP-OFJ6N53", "TimeCreated": "2022-02-24 21:54:24.523434+00:00", "RecordID": "113", "Level": "4", "UserID": "S-1-5-18", "EventData.Message1": "Checking if all clients are handled", "EventData.HRESULT": "0x00000001"}
{"EventID": "509", "Channel": "Microsoft-Windows-DeviceManagement-Enterprise-Diagnostics-Provider/Operational", "Provider_Name": "Microsoft-Windows-DeviceManagement-Pushrouter", "Computer": "DESKTOP-OFJ6N53", "TimeCreated": "2022-02-24 21:54:24.523439+00:00", "RecordID": "114", "Level": "4", "UserID": "S-1-5-18"}
{"EventID": "511", "Channel": "Microsoft-Windows-DeviceManagement-Enterprise-Diagnostics-Provider/Operational", "Provider_Name": "Microsoft-Windows-DeviceManagement-Pushrouter", "Computer": "DESKTOP-OFJ6N53", "TimeCreated": "2022-02-24 21:54:24.523441+00:00", "RecordID": "115", "Level": "4", "UserID": "S-1-5-18", "EventData.HexInt1": "0x00000078"}
{"EventID": "110", "Channel": "Microsoft-Windows-DeviceManagement-Enterprise-Diagnostics-Provider/Operational", "Provider_Name": "Microsoft-Windows-DeviceManagement-Pushrouter", "Computer": "DESKTOP-OFJ6N53", "TimeCreated": "2022-02-24 21:54:38.470434+00:00", "RecordID": "116", "Level": "4", "UserID": "S-1-5-18", "EventData.HexInt1": "0x00000001"}
{"EventID": "112", "Channel": "Microsoft-Windows-DeviceManagement-Enterprise-Diagnostics-Provider/Operational", "Provider_Name": "Microsoft-Windows-DeviceManagement-Pushrouter", "Computer": "DESKTOP-OFJ6N53", "TimeCreated": "2022-02-24 21:54:38.470438+00:00", "RecordID": "117", "Level": "4", "UserID": "S-1-5-18", "EventData.HexInt1": "0x00000000"}
{"EventID": "111", "Channel": "Microsoft-Windows-DeviceManagement-Enterprise-Diagnostics-Provider/Operational", "Provider_Name": "Microsoft-Windows-DeviceManagement-Pushrouter", "Computer": "DESKTOP-OFJ6N53", "TimeCreated": "2022-02-24 21:56:24.534872+00:00", "RecordID": "118", "Level": "4", "UserID": "S-1-5-18", "EventData.Message1": "Checking if all clients are handled", "EventData.HRESULT": "0x00000000"}
{"EventID": "510", "Channel": "Microsoft-Windows-DeviceManagement-Enterprise-Diagnostics-Provider/Operational", "Provider_Name": "Microsoft-Windows-DeviceManagement-Pushrouter", "Computer": "DESKTOP-OFJ6N53", "TimeCreated": "2022-02-24 21:56:24.534883+00:00", "RecordID": "119", "Level": "4", "UserID": "S-1-5-18"}
{"EventID": "514", "Channel": "Microsoft-Windows-DeviceManagement-Enterprise-Diagnostics-Provider/Operational", "Provider_Name": "Microsoft-Windows-DeviceManagement-Pushrouter", "Computer": "DESKTOP-OFJ6N53", "TimeCreated": "2022-02-24 21:56:24.534903+00:00", "RecordID": "120", "Level": "4", "UserID": "S-1-5-18", "EventData.HexInt1": "0x00000003", "EventData.HexInt2": "0x00000000", "EventData.HexInt3": "0x00000000"}
{"EventID": "106", "Channel": "Microsoft-Windows-DeviceManagement-Enterprise-Diagnostics-Provider/Operational", "Provider_Name": "Microsoft-Windows-DeviceManagement-Pushrouter", "Computer": "DESKTOP-OFJ6N53", "TimeCreated": "2022-02-24 21:56:24.535492+00:00", "RecordID": "121", "Level": "4", "UserID": "S-1-5-18", "EventData.HRESULT": "0x00000000"}
{"EventID": "108", "Channel": "Microsoft-Windows-DeviceManagement-Enterprise-Diagnostics-Provider/Operational", "Provider_Name": "Microsoft-Windows-DeviceManagement-Pushrouter", "Computer": "DESKTOP-OFJ6N53", "TimeCreated": "2022-02-24 21:56:24.535498+00:00", "RecordID": "122", "Level": "4", "UserID": "S-1-5-18", "EventData.HRESULT": "0x00000000"}
{"EventID": "522", "Channel": "Microsoft-Windows-DeviceManagement-Enterprise-Diagnostics-Provider/Operational", "Provider_Name": "Microsoft-Windows-DeviceManagement-Pushrouter", "Computer": "DESKTOP-OFJ6N53", "TimeCreated": "2022-02-24 21:56:24.535517+00:00", "RecordID": "123", "Level": "4", "UserID": "S-1-5-18", "EventData.HRESULT": "0x00000000"}
{"EventID": "513", "Channel": "Microsoft-Windows-DeviceManagement-Enterprise-Diagnostics-Provider/Operational", "Provider_Name": "Microsoft-Windows-DeviceManagement-Pushrouter", "Computer": "DESKTOP-OFJ6N53", "TimeCreated": "2022-02-24 21:56:24.535519+00:00", "RecordID": "124", "Level": "4", "UserID": "S-1-5-18"}
{"EventID": "520", "Channel": "Microsoft-Windows-DeviceManagement-Enterprise-Diagnostics-Provider/Operational", "Provider_Name": "Microsoft-Windows-DeviceManagement-Pushrouter", "Computer": "DESKTOP-OFJ6N53", "TimeCreated": "2022-02-24 21:56:24.535582+00:00", "RecordID": "125", "Level": "4", "UserID": "S-1-5-18", "EventData.HRESULT": "0x00000000"}
{"EventID": "514", "Channel": "Microsoft-Windows-DeviceManagement-Enterprise-Diagnostics-Provider/Operational", "Provider_Name": "Microsoft-Windows-DeviceManagement-Pushrouter", "Computer": "DESKTOP-OFJ6N53", "TimeCreated": "2022-02-24 21:56:24.535587+00:00", "RecordID": "126", "Level": "4", "UserID": "S-1-5-18", "EventData.HexInt1": "0x00000001", "EventData.HexInt2": "0x00000000", "EventData.HexInt3": "0x00000000"}
{"EventID": "524", "Channel": "Microsoft-Windows-DeviceManagement-Enterprise-Diagnostics-Provider/Operational", "Provider_Name": "Microsoft-Windows-DeviceManagement-Pushrouter", "Computer": "DESKTOP-OFJ6N53", "TimeCreated": "2022-03-03 17:29:05.287275+00:00", "RecordID": "127", "Level": "4", "UserID": "S-1-5-18"}
{"EventID": "514", "Channel": "Microsoft-Windows-DeviceManagement-Enterprise-Diagnostics-Provider/Operational", "Provider_Name": "Microsoft-Windows-DeviceManagement-Pushrouter", "Computer": "DESKTOP-OFJ6N53", "TimeCreated": "2022-03-03 17:29:05.287279+00:00", "RecordID": "128", "Level": "4", "UserID": "S-1-5-18", "EventData.HexInt1": "0x00000002", "EventData.HexInt2": "0x00000000", "EventData.HexInt3": "0x00000064"}
{"EventID": "512", "Channel": "Microsoft-Windows-DeviceManagement-Enterprise-Diagnostics-Provider/Operational", "Provider_Name": "Microsoft-Windows-DeviceManagement-Pushrouter", "Computer": "DESKTOP-OFJ6N53", "TimeCreated": "2022-03-03 17:29:05.287388+00:00", "RecordID": "129", "Level": "4", "UserID": "S-1-5-18", "EventData.HexInt1": "0x00000078"}
{"EventID": "111", "Channel": "Microsoft-Windows-DeviceManagement-Enterprise-Diagnostics-Provider/Operational", "Provider_Name": "Microsoft-Windows-DeviceManagement-Pushrouter", "Computer": "DESKTOP-OFJ6N53", "TimeCreated": "2022-03-03 17:29:05.287912+00:00", "RecordID": "130", "Level": "4", "UserID": "S-1-5-18", "EventData.Message1": "Incremented active client count", "EventData.HRESULT": "0x00000000"}
{"EventID": "511", "Channel": "Microsoft-Windows-DeviceManagement-Enterprise-Diagnostics-Provider/Operational", "Provider_Name": "Microsoft-Windows-DeviceManagement-Pushrouter", "Computer": "DESKTOP-OFJ6N53", "TimeCreated": "2022-03-03 17:29:05.287920+00:00", "RecordID": "131", "Level": "4", "UserID": "S-1-5-18", "EventData.HexInt1": "0x00000078"}
{"EventID": "144", "Channel": "Microsoft-Windows-DeviceManagement-Enterprise-Diagnostics-Provider/Operational", "Provider_Name": "Microsoft-Windows-DeviceManagement-Pushrouter", "Computer": "DESKTOP-OFJ6N53", "TimeCreated": "2022-03-03 17:29:05.292641+00:00", "RecordID": "132", "Level": "4", "UserID": "S-1-5-18", "EventData.HRESULT": "0x00000000"}
{"EventID": "507", "Channel": "Microsoft-Windows-DeviceManagement-Enterprise-Diagnostics-Provider/Operational", "Provider_Name": "Microsoft-Windows-DeviceManagement-Pushrouter", "Computer": "DESKTOP-OFJ6N53", "TimeCreated": "2022-03-03 17:29:05.432505+00:00", "RecordID": "133", "Level": "4", "UserID": "S-1-5-18", "EventData.HexInt1": "0x00000000"}
{"EventID": "516", "Channel": "Microsoft-Windows-DeviceManagement-Enterprise-Diagnostics-Provider/Operational", "Provider_Name": "Microsoft-Windows-DeviceManagement-Pushrouter", "Computer": "DESKTOP-OFJ6N53", "TimeCreated": "2022-03-03 17:29:05.432510+00:00", "RecordID": "134", "Level": "4", "UserID": "S-1-5-18", "EventData.HRESULT": "0x00000000"}
{"EventID": "101", "Channel": "Microsoft-Windows-DeviceManagement-Enterprise-Diagnostics-Provider/Operational", "Provider_Name": "Microsoft-Windows-DeviceManagement-Pushrouter", "Computer": "DESKTOP-OFJ6N53", "TimeCreated": "2022-03-03 17:29:05.433201+00:00", "RecordID": "135", "Level": "4", "UserID": "S-1-5-18", "EventData.HRESULT": "0x00000000"}
{"EventID": "111", "Channel": "Microsoft-Windows-DeviceManagement-Enterprise-Diagnostics-Provider/Operational", "Provider_Name": "Microsoft-Windows-DeviceManagement-Pushrouter", "Computer": "DESKTOP-OFJ6N53", "TimeCreated": "2022-03-03 17:29:05.433939+00:00", "RecordID": "136", "Level": "4", "UserID": "S-1-5-18", "EventData.Message1": "Incremented active client count successfully", "EventData.HRESULT": "0x00000001"}
{"EventID": "104", "Channel": "Microsoft-Windows-DeviceManagement-Enterprise-Diagnostics-Provider/Operational", "Provider_Name": "Microsoft-Windows-DeviceManagement-Pushrouter", "Computer": "DESKTOP-OFJ6N53", "TimeCreated": "2022-03-03 17:29:05.433941+00:00", "RecordID": "137", "Level": "4", "UserID": "S-1-5-18", "EventData.HRESULT": "0x00000000"}
