{"EventID": "300", "Channel": "Microsoft-Windows-DeviceSetupManager/Operational", "Provider_Name": "Microsoft-Windows-DeviceSetupManager", "Computer": "DESKTOP-OFJ6N53", "TimeCreated": "2024-05-16 23:20:42.407808+00:00", "RecordID": "11139", "Level": "4", "UserID": "S-1-5-18", "EventData.Prop_ContainerId": "{7EFCBE4E-A3A2-0C99-EC8F-27D6801A396F}"}
{"EventID": "300", "Channel": "Microsoft-Windows-DeviceSetupManager/Operational", "Provider_Name": "Microsoft-Windows-DeviceSetupManager", "Computer": "DESKTOP-OFJ6N53", "TimeCreated": "2024-05-17 08:06:42.532736+00:00", "RecordID": "11140", "Level": "4", "UserID": "S-1-5-18", "EventData.Prop_ContainerId": "{DBCDA9F5-D6E0-436E-93BB-D186854E1E18}"}
{"EventID": "300", "Channel": "Microsoft-Windows-DeviceSetupManager/Operational", "Provider_Name": "Microsoft-Windows-DeviceSetupManager", "Computer": "DESKTOP-OFJ6N53", "TimeCreated": "2024-05-17 08:07:09.071335+00:00", "RecordID": "11141", "Level": "4", "UserID": "S-1-5-18", "EventData.Prop_ContainerId": "{7EFCBE4E-A3A2-0C99-EC8F-27D6801A396F}"}
{"EventID": "300", "Channel": "Microsoft-Windows-DeviceSetupManager/Operational", "Provider_Name": "Microsoft-Windows-DeviceSetupManager", "Computer": "DESKTOP-OFJ6N53", "TimeCreated": "2024-05-17 09:40:35.831360+00:00", "RecordID": "11142", "Level": "4", "UserID": "S-1-5-18", "EventData.Prop_ContainerId": "{36B52CBA-4B1B-4D6B-9F5E-DA000305979B}"}
{"EventID": "300", "Channel": "Microsoft-Windows-DeviceSetupManager/Operational", "Provider_Name": "Microsoft-Windows-DeviceSetupManager", "Computer": "DESKTOP-OFJ6N53", "TimeCreated": "2024-05-17 09:40:48.645052+00:00", "RecordID": "11143", "Level": "4", "UserID": "S-1-5-18", "EventData.Prop_ContainerId": "{7EFCBE4E-A3A2-0C99-EC8F-27D6801A396F}"}
{"EventID": "300", "Channel": "Microsoft-Windows-DeviceSetupManager/Operational", "Provider_Name": "Microsoft-Windows-DeviceSetupManager", "Computer": "DESKTOP-OFJ6N53", "TimeCreated": "2024-05-20 07:23:04.913570+00:00", "RecordID": "11144", "Level": "4", "UserID": "S-1-5-18", "EventData.Prop_ContainerId": "{C8226D46-EAF1-434A-9BC9-68C342FD848D}"}
{"EventID": "300", "Channel": "Microsoft-Windows-DeviceSetupManager/Operational", "Provider_Name": "Microsoft-Windows-DeviceSetupManager", "Computer": "DESKTOP-OFJ6N53", "TimeCreated": "2024-05-20 07:23:47.207911+00:00", "RecordID": "11145", "Level": "4", "UserID": "S-1-5-18", "EventData.Prop_ContainerId": "{7EFCBE4E-A3A2-0C99-EC8F-27D6801A396F}"}
{"EventID": "300", "Channel": "Microsoft-Windows-DeviceSetupManager/Operational", "Provider_Name": "Microsoft-Windows-DeviceSetupManager", "Computer": "DESKTOP-OFJ6N53", "TimeCreated": "2024-05-21 10:06:55.005547+00:00", "RecordID": "11146", "Level": "4", "UserID": "S-1-5-18", "EventData.Prop_ContainerId": "{9D4798D9-4F3B-4BBE-BA99-764A979D72D5}"}
{"EventID": "300", "Channel": "Microsoft-Windows-DeviceSetupManager/Operational", "Provider_Name": "Microsoft-Windows-DeviceSetupManager", "Computer": "DESKTOP-OFJ6N53", "TimeCreated": "2024-05-21 10:07:41.375616+00:00", "RecordID": "11147", "Level": "4", "UserID": "S-1-5-18", "EventData.Prop_ContainerId": "{05BC026F-E691-4681-A42F-A5448776B992}"}
{"EventID": "300", "Channel": "Microsoft-Windows-DeviceSetupManager/Operational", "Provider_Name": "Microsoft-Windows-DeviceSetupManager", "Computer": "DESKTOP-OFJ6N53", "TimeCreated": "2024-05-21 10:07:59.508406+00:00", "RecordID": "11148", "Level": "4", "UserID": "S-1-5-18", "EventData.Prop_ContainerId": "{7EFCBE4E-A3A2-0C99-EC8F-27D6801A396F}"}
{"EventID": "300", "Channel": "Microsoft-Windows-DeviceSetupManager/Operational", "Provider_Name": "Microsoft-Windows-DeviceSetupManager", "Computer": "DESKTOP-OFJ6N53", "TimeCreated": "2024-05-24 12:42:18.194670+00:00", "RecordID": "11149", "Level": "4", "UserID": "S-1-5-18", "EventData.Prop_ContainerId": "{AE711FB2-DC69-4B05-A160-1A22EF0BD434}"}
{"EventID": "300", "Channel": "Microsoft-Windows-DeviceSetupManager/Operational", "Provider_Name": "Microsoft-Windows-DeviceSetupManager", "Computer": "DESKTOP-OFJ6N53", "TimeCreated": "2024-05-24 12:58:19.069674+00:00", "RecordID": "11150", "Level": "4", "UserID": "S-1-5-18", "EventData.Prop_ContainerId": "{68C67756-2BDD-4D32-9BEB-12B9D5883EAF}"}
{"EventID": "300", "Channel": "Microsoft-Windows-DeviceSetupManager/Operational", "Provider_Name": "Microsoft-Windows-DeviceSetupManager", "Computer": "DESKTOP-OFJ6N53", "TimeCreated": "2024-05-28 12:33:24.084787+00:00", "RecordID": "11151", "Level": "4", "UserID": "S-1-5-18", "EventData.Prop_ContainerId": "{039B07C3-CE2F-434C-B9C2-28B633855C09}"}
{"EventID": "300", "Channel": "Microsoft-Windows-DeviceSetupManager/Operational", "Provider_Name": "Microsoft-Windows-DeviceSetupManager", "Computer": "DESKTOP-OFJ6N53", "TimeCreated": "2024-05-28 12:33:54.636086+00:00", "RecordID": "11152", "Level": "4", "UserID": "S-1-5-18", "EventData.Prop_ContainerId": "{7EFCBE4E-A3A2-0C99-EC8F-27D6801A396F}"}
{"EventID": "300", "Channel": "Microsoft-Windows-DeviceSetupManager/Operational", "Provider_Name": "Microsoft-Windows-DeviceSetupManager", "Computer": "DESKTOP-OFJ6N53", "TimeCreated": "2024-05-31 10:37:04.223185+00:00", "RecordID": "11153", "Level": "4", "UserID": "S-1-5-18", "EventData.Prop_ContainerId": "{662353D7-52F5-49E2-97FB-FA493C392471}"}
{"EventID": "300", "Channel": "Microsoft-Windows-DeviceSetupManager/Operational", "Provider_Name": "Microsoft-Windows-DeviceSetupManager", "Computer": "DESKTOP-OFJ6N53", "TimeCreated": "2024-05-31 10:37:20.270527+00:00", "RecordID": "11154", "Level": "4", "UserID": "S-1-5-18", "EventData.Prop_ContainerId": "{7EFCBE4E-A3A2-0C99-EC8F-27D6801A396F}"}
{"EventID": "300", "Channel": "Microsoft-Windows-DeviceSetupManager/Operational", "Provider_Name": "Microsoft-Windows-DeviceSetupManager", "Computer": "DESKTOP-OFJ6N53", "TimeCreated": "2024-05-31 10:49:58.247923+00:00", "RecordID": "11155", "Level": "4", "UserID": "S-1-5-18", "EventData.Prop_ContainerId": "{7E21185F-9705-4785-9CFD-C6F8AFDD3CBA}"}
{"EventID": "300", "Channel": "Microsoft-Windows-DeviceSetupManager/Operational", "Provider_Name": "Microsoft-Windows-DeviceSetupManager", "Computer": "DESKTOP-OFJ6N53", "TimeCreated": "2024-05-31 10:50:18.362583+00:00", "RecordID": "11156", "Level": "4", "UserID": "S-1-5-18", "EventData.Prop_ContainerId": "{7EFCBE4E-A3A2-0C99-EC8F-27D6801A396F}"}
{"EventID": "300", "Channel": "Microsoft-Windows-DeviceSetupManager/Operational", "Provider_Name": "Microsoft-Windows-DeviceSetupManager", "Computer": "DESKTOP-OFJ6N53", "TimeCreated": "2024-05-31 11:19:40.617060+00:00", "RecordID": "11157", "Level": "4", "UserID": "S-1-5-18", "EventData.Prop_ContainerId": "{840B46C6-CAD5-45F1-874F-E8B0599B4091}"}
{"EventID": "300", "Channel": "Microsoft-Windows-DeviceSetupManager/Operational", "Provider_Name": "Microsoft-Windows-DeviceSetupManager", "Computer": "DESKTOP-OFJ6N53", "TimeCreated": "2024-05-31 11:20:18.952225+00:00", "RecordID": "11158", "Level": "4", "UserID": "S-1-5-18", "EventData.Prop_ContainerId": "{A9F9BDF5-3438-4DEC-8FAF-D957083AD573}"}
{"EventID": "300", "Channel": "Microsoft-Windows-DeviceSetupManager/Operational", "Provider_Name": "Microsoft-Windows-DeviceSetupManager", "Computer": "DESKTOP-OFJ6N53", "TimeCreated": "2024-05-31 11:21:29.165140+00:00", "RecordID": "11159", "Level": "4", "UserID": "S-1-5-18", "EventData.Prop_ContainerId": "{AE1D2BE2-1502-49E4-AE90-52F86BBFC463}"}
{"EventID": "300", "Channel": "Microsoft-Windows-DeviceSetupManager/Operational", "Provider_Name": "Microsoft-Windows-DeviceSetupManager", "Computer": "DESKTOP-OFJ6N53", "TimeCreated": "2024-05-31 11:21:50.386517+00:00", "RecordID": "11160", "Level": "4", "UserID": "S-1-5-18", "EventData.Prop_ContainerId": "{3C7B92C1-89A9-430D-B6D0-80118B484F7B}"}
{"EventID": "300", "Channel": "Microsoft-Windows-DeviceSetupManager/Operational", "Provider_Name": "Microsoft-Windows-DeviceSetupManager", "Computer": "DESKTOP-OFJ6N53", "TimeCreated": "2024-06-04 13:10:49.314791+00:00", "RecordID": "11161", "Level": "4", "UserID": "S-1-5-18", "EventData.Prop_ContainerId": "{F7FFDA82-000F-4551-B624-4DB9C3588CAC}"}
{"EventID": "300", "Channel": "Microsoft-Windows-DeviceSetupManager/Operational", "Provider_Name": "Microsoft-Windows-DeviceSetupManager", "Computer": "DESKTOP-OFJ6N53", "TimeCreated": "2024-06-04 13:11:12.699680+00:00", "RecordID": "11162", "Level": "4", "UserID": "S-1-5-18", "EventData.Prop_ContainerId": "{7EFCBE4E-A3A2-0C99-EC8F-27D6801A396F}"}
{"EventID": "300", "Channel": "Microsoft-Windows-DeviceSetupManager/Operational", "Provider_Name": "Microsoft-Windows-DeviceSetupManager", "Computer": "DESKTOP-OFJ6N53", "TimeCreated": "2024-06-04 14:20:27.598135+00:00", "RecordID": "11163", "Level": "4", "UserID": "S-1-5-18", "EventData.Prop_ContainerId": "{DBF6D94F-2C43-4B63-9AC9-67BF7240264D}"}
{"EventID": "300", "Channel": "Microsoft-Windows-DeviceSetupManager/Operational", "Provider_Name": "Microsoft-Windows-DeviceSetupManager", "Computer": "DESKTOP-OFJ6N53", "TimeCreated": "2024-06-04 14:20:33.069305+00:00", "RecordID": "11164", "Level": "4", "UserID": "S-1-5-18", "EventData.Prop_ContainerId": "{7EFCBE4E-A3A2-0C99-EC8F-27D6801A396F}"}
{"EventID": "300", "Channel": "Microsoft-Windows-DeviceSetupManager/Operational", "Provider_Name": "Microsoft-Windows-DeviceSetupManager", "Computer": "DESKTOP-OFJ6N53", "TimeCreated": "2024-06-05 15:37:43.105885+00:00", "RecordID": "11165", "Level": "4", "UserID": "S-1-5-18", "EventData.Prop_ContainerId": "{0C17BCAC-292B-47FC-A745-E43AE5FC4684}"}
{"EventID": "300", "Channel": "Microsoft-Windows-DeviceSetupManager/Operational", "Provider_Name": "Microsoft-Windows-DeviceSetupManager", "Computer": "DESKTOP-OFJ6N53", "TimeCreated": "2024-06-05 15:38:58.891281+00:00", "RecordID": "11166", "Level": "4", "UserID": "S-1-5-18", "EventData.Prop_ContainerId": "{7EFCBE4E-A3A2-0C99-EC8F-27D6801A396F}"}
{"EventID": "300", "Channel": "Microsoft-Windows-DeviceSetupManager/Operational", "Provider_Name": "Microsoft-Windows-DeviceSetupManager", "Computer": "DESKTOP-OFJ6N53", "TimeCreated": "2024-06-05 15:39:24.037374+00:00", "RecordID": "11167", "Level": "4", "UserID": "S-1-5-18", "EventData.Prop_ContainerId": "{878A087E-A2F8-4B0E-88DC-BC65AE54333B}"}
{"EventID": "300", "Channel": "Microsoft-Windows-DeviceSetupManager/Operational", "Provider_Name": "Microsoft-Windows-DeviceSetupManager", "Computer": "DESKTOP-OFJ6N53", "TimeCreated": "2024-06-05 15:39:50.276705+00:00", "RecordID": "11168", "Level": "4", "UserID": "S-1-5-18", "EventData.Prop_ContainerId": "{7EFCBE4E-A3A2-0C99-EC8F-27D6801A396F}"}
{"EventID": "300", "Channel": "Microsoft-Windows-DeviceSetupManager/Operational", "Provider_Name": "Microsoft-Windows-DeviceSetupManager", "Computer": "DESKTOP-OFJ6N53", "TimeCreated": "2024-06-06 12:14:50.459538+00:00", "RecordID": "11169", "Level": "4", "UserID": "S-1-5-18", "EventData.Prop_ContainerId": "{050E98EF-5DA9-454B-A5E7-2C134EBB7CAA}"}
{"EventID": "300", "Channel": "Microsoft-Windows-DeviceSetupManager/Operational", "Provider_Name": "Microsoft-Windows-DeviceSetupManager", "Computer": "DESKTOP-OFJ6N53", "TimeCreated": "2024-06-06 12:14:58.793642+00:00", "RecordID": "11170", "Level": "4", "UserID": "S-1-5-18", "EventData.Prop_ContainerId": "{7EFCBE4E-A3A2-0C99-EC8F-27D6801A396F}"}
{"EventID": "300", "Channel": "Microsoft-Windows-DeviceSetupManager/Operational", "Provider_Name": "Microsoft-Windows-DeviceSetupManager", "Computer": "DESKTOP-OFJ6N53", "TimeCreated": "2024-06-06 12:19:06.665157+00:00", "RecordID": "11171", "Level": "4", "UserID": "S-1-5-18", "EventData.Prop_ContainerId": "{138D09CD-1846-4F55-A25E-13EEE4E2EFFD}"}
{"EventID": "300", "Channel": "Microsoft-Windows-DeviceSetupManager/Operational", "Provider_Name": "Microsoft-Windows-DeviceSetupManager", "Computer": "DESKTOP-OFJ6N53", "TimeCreated": "2024-06-06 12:19:23.648476+00:00", "RecordID": "11172", "Level": "4", "UserID": "S-1-5-18", "EventData.Prop_ContainerId": "{7EFCBE4E-A3A2-0C99-EC8F-27D6801A396F}"}
{"EventID": "300", "Channel": "Microsoft-Windows-DeviceSetupManager/Operational", "Provider_Name": "Microsoft-Windows-DeviceSetupManager", "Computer": "DESKTOP-OFJ6N53", "TimeCreated": "2024-06-06 13:00:23.309170+00:00", "RecordID": "11173", "Level": "4", "UserID": "S-1-5-18", "EventData.Prop_ContainerId": "{E63726A4-F675-4B01-9003-D0F32A108261}"}
{"EventID": "300", "Channel": "Microsoft-Windows-DeviceSetupManager/Operational", "Provider_Name": "Microsoft-Windows-DeviceSetupManager", "Computer": "DESKTOP-OFJ6N53", "TimeCreated": "2024-06-06 13:00:38.487183+00:00", "RecordID": "11174", "Level": "4", "UserID": "S-1-5-18", "EventData.Prop_ContainerId": "{7EFCBE4E-A3A2-0C99-EC8F-27D6801A396F}"}
{"EventID": "300", "Channel": "Microsoft-Windows-DeviceSetupManager/Operational", "Provider_Name": "Microsoft-Windows-DeviceSetupManager", "Computer": "DESKTOP-OFJ6N53", "TimeCreated": "2024-06-07 11:23:56.691776+00:00", "RecordID": "11175", "Level": "4", "UserID": "S-1-5-18", "EventData.Prop_ContainerId": "{BB681766-FD2C-4981-8C93-2A5E5A93A1CE}"}
{"EventID": "300", "Channel": "Microsoft-Windows-DeviceSetupManager/Operational", "Provider_Name": "Microsoft-Windows-DeviceSetupManager", "Computer": "DESKTOP-OFJ6N53", "TimeCreated": "2024-06-07 11:24:46.336079+00:00", "RecordID": "11176", "Level": "4", "UserID": "S-1-5-18", "EventData.Prop_ContainerId": "{2C7CF7C8-2F5E-4EE4-8AAB-41AB824A39C7}"}
{"EventID": "300", "Channel": "Microsoft-Windows-DeviceSetupManager/Operational", "Provider_Name": "Microsoft-Windows-DeviceSetupManager", "Computer": "DESKTOP-OFJ6N53", "TimeCreated": "2024-06-07 11:25:06.861979+00:00", "RecordID": "11177", "Level": "4", "UserID": "S-1-5-18", "EventData.Prop_ContainerId": "{7EFCBE4E-A3A2-0C99-EC8F-27D6801A396F}"}
{"EventID": "300", "Channel": "Microsoft-Windows-DeviceSetupManager/Operational", "Provider_Name": "Microsoft-Windows-DeviceSetupManager", "Computer": "DESKTOP-OFJ6N53", "TimeCreated": "2024-06-07 11:44:20.178501+00:00", "RecordID": "11178", "Level": "4", "UserID": "S-1-5-18", "EventData.Prop_ContainerId": "{86D5654E-DF01-4519-A59E-8B2349808120}"}
{"EventID": "300", "Channel": "Microsoft-Windows-DeviceSetupManager/Operational", "Provider_Name": "Microsoft-Windows-DeviceSetupManager", "Computer": "DESKTOP-OFJ6N53", "TimeCreated": "2024-06-07 11:44:21.854647+00:00", "RecordID": "11179", "Level": "4", "UserID": "S-1-5-18", "EventData.Prop_ContainerId": "{6822A97D-D4BB-4FC8-88E6-7AEAC4C5391F}"}
{"EventID": "300", "Channel": "Microsoft-Windows-DeviceSetupManager/Operational", "Provider_Name": "Microsoft-Windows-DeviceSetupManager", "Computer": "DESKTOP-OFJ6N53", "TimeCreated": "2024-06-07 11:44:21.997444+00:00", "RecordID": "11180", "Level": "4", "UserID": "S-1-5-18", "EventData.Prop_ContainerId": "{86D5654E-DF01-4519-A59E-8B2349808120}"}
{"EventID": "300", "Channel": "Microsoft-Windows-DeviceSetupManager/Operational", "Provider_Name": "Microsoft-Windows-DeviceSetupManager", "Computer": "DESKTOP-OFJ6N53", "TimeCreated": "2024-06-07 11:45:18.433216+00:00", "RecordID": "11181", "Level": "4", "UserID": "S-1-5-18", "EventData.Prop_ContainerId": "{2512EAE5-087B-4ED9-AFEF-B0DF7185C601}"}
{"EventID": "300", "Channel": "Microsoft-Windows-DeviceSetupManager/Operational", "Provider_Name": "Microsoft-Windows-DeviceSetupManager", "Computer": "DESKTOP-OFJ6N53", "TimeCreated": "2024-06-09 06:05:12.836367+00:00", "RecordID": "11182", "Level": "4", "UserID": "S-1-5-18", "EventData.Prop_ContainerId": "{C626D12F-78C0-49F6-8AF3-DF34E3D89E6A}"}
{"EventID": "300", "Channel": "Microsoft-Windows-DeviceSetupManager/Operational", "Provider_Name": "Microsoft-Windows-DeviceSetupManager", "Computer": "DESKTOP-OFJ6N53", "TimeCreated": "2024-06-09 06:05:19.647486+00:00", "RecordID": "11183", "Level": "4", "UserID": "S-1-5-18", "EventData.Prop_ContainerId": "{7EFCBE4E-A3A2-0C99-EC8F-27D6801A396F}"}
{"EventID": "300", "Channel": "Microsoft-Windows-DeviceSetupManager/Operational", "Provider_Name": "Microsoft-Windows-DeviceSetupManager", "Computer": "DESKTOP-OFJ6N53", "TimeCreated": "2024-06-10 09:45:52.957905+00:00", "RecordID": "11184", "Level": "4", "UserID": "S-1-5-18", "EventData.Prop_ContainerId": "{7A72D6F9-86D3-4247-94A3-FD121160A093}"}
{"EventID": "300", "Channel": "Microsoft-Windows-DeviceSetupManager/Operational", "Provider_Name": "Microsoft-Windows-DeviceSetupManager", "Computer": "DESKTOP-OFJ6N53", "TimeCreated": "2024-06-10 09:46:00.119888+00:00", "RecordID": "11185", "Level": "4", "UserID": "S-1-5-18", "EventData.Prop_ContainerId": "{7EFCBE4E-A3A2-0C99-EC8F-27D6801A396F}"}
{"EventID": "300", "Channel": "Microsoft-Windows-DeviceSetupManager/Operational", "Provider_Name": "Microsoft-Windows-DeviceSetupManager", "Computer": "DESKTOP-OFJ6N53", "TimeCreated": "2024-06-10 10:22:52.567024+00:00", "RecordID": "11186", "Level": "4", "UserID": "S-1-5-18", "EventData.Prop_ContainerId": "{BF7CBE96-9E3A-4559-83C1-7462556EAAE8}"}
{"EventID": "300", "Channel": "Microsoft-Windows-DeviceSetupManager/Operational", "Provider_Name": "Microsoft-Windows-DeviceSetupManager", "Computer": "DESKTOP-OFJ6N53", "TimeCreated": "2024-06-10 10:22:53.854507+00:00", "RecordID": "11187", "Level": "4", "UserID": "S-1-5-18", "EventData.Prop_ContainerId": "{7EFCBE4E-A3A2-0C99-EC8F-27D6801A396F}"}
{"EventID": "300", "Channel": "Microsoft-Windows-DeviceSetupManager/Operational", "Provider_Name": "Microsoft-Windows-DeviceSetupManager", "Computer": "DESKTOP-OFJ6N53", "TimeCreated": "2024-06-13 10:02:50.895681+00:00", "RecordID": "11188", "Level": "4", "UserID": "S-1-5-18", "EventData.Prop_ContainerId": "{C17F4F3F-D6D0-4D29-919D-1746DDF1B5F9}"}
{"EventID": "300", "Channel": "Microsoft-Windows-DeviceSetupManager/Operational", "Provider_Name": "Microsoft-Windows-DeviceSetupManager", "Computer": "DESKTOP-OFJ6N53", "TimeCreated": "2024-06-13 10:03:07.708269+00:00", "RecordID": "11189", "Level": "4", "UserID": "S-1-5-18", "EventData.Prop_ContainerId": "{7EFCBE4E-A3A2-0C99-EC8F-27D6801A396F}"}
{"EventID": "300", "Channel": "Microsoft-Windows-DeviceSetupManager/Operational", "Provider_Name": "Microsoft-Windows-DeviceSetupManager", "Computer": "DESKTOP-OFJ6N53", "TimeCreated": "2024-06-13 10:21:31.563755+00:00", "RecordID": "11190", "Level": "4", "UserID": "S-1-5-18", "EventData.Prop_ContainerId": "{EF35133A-5F27-4C92-8125-D14AF92B7CA7}"}
{"EventID": "300", "Channel": "Microsoft-Windows-DeviceSetupManager/Operational", "Provider_Name": "Microsoft-Windows-DeviceSetupManager", "Computer": "DESKTOP-OFJ6N53", "TimeCreated": "2024-06-13 10:21:48.185965+00:00", "RecordID": "11191", "Level": "4", "UserID": "S-1-5-18", "EventData.Prop_ContainerId": "{7EFCBE4E-A3A2-0C99-EC8F-27D6801A396F}"}
{"EventID": "300", "Channel": "Microsoft-Windows-DeviceSetupManager/Operational", "Provider_Name": "Microsoft-Windows-DeviceSetupManager", "Computer": "DESKTOP-OFJ6N53", "TimeCreated": "2024-06-14 07:38:17.748678+00:00", "RecordID": "11192", "Level": "4", "UserID": "S-1-5-18", "EventData.Prop_ContainerId": "{E32B208C-BA81-4209-A663-3C6262463EF3}"}
{"EventID": "300", "Channel": "Microsoft-Windows-DeviceSetupManager/Operational", "Provider_Name": "Microsoft-Windows-DeviceSetupManager", "Computer": "DESKTOP-OFJ6N53", "TimeCreated": "2024-06-14 11:18:15.909849+00:00", "RecordID": "11193", "Level": "4", "UserID": "S-1-5-18", "EventData.Prop_ContainerId": "{2498B36E-D7CA-4A42-BA90-A06EA41FBDA9}"}
{"EventID": "300", "Channel": "Microsoft-Windows-DeviceSetupManager/Operational", "Provider_Name": "Microsoft-Windows-DeviceSetupManager", "Computer": "DESKTOP-OFJ6N53", "TimeCreated": "2024-06-14 11:18:28.646675+00:00", "RecordID": "11194", "Level": "4", "UserID": "S-1-5-18", "EventData.Prop_ContainerId": "{7EFCBE4E-A3A2-0C99-EC8F-27D6801A396F}"}
{"EventID": "300", "Channel": "Microsoft-Windows-DeviceSetupManager/Operational", "Provider_Name": "Microsoft-Windows-DeviceSetupManager", "Computer": "DESKTOP-OFJ6N53", "TimeCreated": "2024-06-14 11:20:57.918514+00:00", "RecordID": "11195", "Level": "4", "UserID": "S-1-5-18", "EventData.Prop_ContainerId": "{FA43FBB9-D784-402D-AE6C-B92A4F7C00B0}"}
{"EventID": "300", "Channel": "Microsoft-Windows-DeviceSetupManager/Operational", "Provider_Name": "Microsoft-Windows-DeviceSetupManager", "Computer": "DESKTOP-OFJ6N53", "TimeCreated": "2024-06-14 11:21:08.859423+00:00", "RecordID": "11196", "Level": "4", "UserID": "S-1-5-18", "EventData.Prop_ContainerId": "{7EFCBE4E-A3A2-0C99-EC8F-27D6801A396F}"}
{"EventID": "300", "Channel": "Microsoft-Windows-DeviceSetupManager/Operational", "Provider_Name": "Microsoft-Windows-DeviceSetupManager", "Computer": "DESKTOP-OFJ6N53", "TimeCreated": "2024-06-18 07:32:30.667412+00:00", "RecordID": "11197", "Level": "4", "UserID": "S-1-5-18", "EventData.Prop_ContainerId": "{15911583-5A6B-461B-B64A-D0FD5FCD9DC7}"}
{"EventID": "300", "Channel": "Microsoft-Windows-DeviceSetupManager/Operational", "Provider_Name": "Microsoft-Windows-DeviceSetupManager", "Computer": "DESKTOP-OFJ6N53", "TimeCreated": "2024-06-18 07:32:42.753313+00:00", "RecordID": "11198", "Level": "4", "UserID": "S-1-5-18", "EventData.Prop_ContainerId": "{7EFCBE4E-A3A2-0C99-EC8F-27D6801A396F}"}
{"EventID": "300", "Channel": "Microsoft-Windows-DeviceSetupManager/Operational", "Provider_Name": "Microsoft-Windows-DeviceSetupManager", "Computer": "DESKTOP-OFJ6N53", "TimeCreated": "2024-06-18 14:06:49.374166+00:00", "RecordID": "11199", "Level": "4", "UserID": "S-1-5-18", "EventData.Prop_ContainerId": "{B3ECE666-3518-9945-236C-AF7471A69C95}"}
{"EventID": "300", "Channel": "Microsoft-Windows-DeviceSetupManager/Operational", "Provider_Name": "Microsoft-Windows-DeviceSetupManager", "Computer": "DESKTOP-OFJ6N53", "TimeCreated": "2024-06-18 22:00:10.742558+00:00", "RecordID": "11200", "Level": "4", "UserID": "S-1-5-18", "EventData.Prop_ContainerId": "{439E2789-C7CC-455D-A30B-0524CD440DAA}"}
{"EventID": "300", "Channel": "Microsoft-Windows-DeviceSetupManager/Operational", "Provider_Name": "Microsoft-Windows-DeviceSetupManager", "Computer": "DESKTOP-OFJ6N53", "TimeCreated": "2024-06-18 22:00:19.398678+00:00", "RecordID": "11201", "Level": "4", "UserID": "S-1-5-18", "EventData.Prop_ContainerId": "{7EFCBE4E-A3A2-0C99-EC8F-27D6801A396F}"}
{"EventID": "300", "Channel": "Microsoft-Windows-DeviceSetupManager/Operational", "Provider_Name": "Microsoft-Windows-DeviceSetupManager", "Computer": "DESKTOP-OFJ6N53", "TimeCreated": "2024-06-19 15:06:21.307253+00:00", "RecordID": "11202", "Level": "4", "UserID": "S-1-5-18", "EventData.Prop_ContainerId": "{33057F1E-A229-4FA1-8B5C-7CFC26869B93}"}
{"EventID": "300", "Channel": "Microsoft-Windows-DeviceSetupManager/Operational", "Provider_Name": "Microsoft-Windows-DeviceSetupManager", "Computer": "DESKTOP-OFJ6N53", "TimeCreated": "2024-06-19 15:06:33.392675+00:00", "RecordID": "11203", "Level": "4", "UserID": "S-1-5-18", "EventData.Prop_ContainerId": "{7EFCBE4E-A3A2-0C99-EC8F-27D6801A396F}"}
{"EventID": "300", "Channel": "Microsoft-Windows-DeviceSetupManager/Operational", "Provider_Name": "Microsoft-Windows-DeviceSetupManager", "Computer": "DESKTOP-OFJ6N53", "TimeCreated": "2024-06-22 09:09:54.572857+00:00", "RecordID": "11204", "Level": "4", "UserID": "S-1-5-18", "EventData.Prop_ContainerId": "{16636313-FAEB-444F-87A0-53BFA39D8062}"}
{"EventID": "300", "Channel": "Microsoft-Windows-DeviceSetupManager/Operational", "Provider_Name": "Microsoft-Windows-DeviceSetupManager", "Computer": "DESKTOP-OFJ6N53", "TimeCreated": "2024-06-22 09:10:09.140221+00:00", "RecordID": "11205", "Level": "4", "UserID": "S-1-5-18", "EventData.Prop_ContainerId": "{7EFCBE4E-A3A2-0C99-EC8F-27D6801A396F}"}
{"EventID": "300", "Channel": "Microsoft-Windows-DeviceSetupManager/Operational", "Provider_Name": "Microsoft-Windows-DeviceSetupManager", "Computer": "DESKTOP-OFJ6N53", "TimeCreated": "2024-06-24 07:30:37.616858+00:00", "RecordID": "11206", "Level": "4", "UserID": "S-1-5-18", "EventData.Prop_ContainerId": "{62C91A75-0275-4492-A412-DB63012831A7}"}
{"EventID": "300", "Channel": "Microsoft-Windows-DeviceSetupManager/Operational", "Provider_Name": "Microsoft-Windows-DeviceSetupManager", "Computer": "DESKTOP-OFJ6N53", "TimeCreated": "2024-06-27 15:21:37.843056+00:00", "RecordID": "11207", "Level": "4", "UserID": "S-1-5-18", "EventData.Prop_ContainerId": "{45BCF361-26A1-4617-9F62-96F3B8F90140}"}
{"EventID": "300", "Channel": "Microsoft-Windows-DeviceSetupManager/Operational", "Provider_Name": "Microsoft-Windows-DeviceSetupManager", "Computer": "DESKTOP-OFJ6N53", "TimeCreated": "2024-06-27 15:21:51.390112+00:00", "RecordID": "11208", "Level": "4", "UserID": "S-1-5-18", "EventData.Prop_ContainerId": "{7EFCBE4E-A3A2-0C99-EC8F-27D6801A396F}"}
{"EventID": "300", "Channel": "Microsoft-Windows-DeviceSetupManager/Operational", "Provider_Name": "Microsoft-Windows-DeviceSetupManager", "Computer": "DESKTOP-OFJ6N53", "TimeCreated": "2024-06-27 20:13:37.370983+00:00", "RecordID": "11209", "Level": "4", "UserID": "S-1-5-18", "EventData.Prop_ContainerId": "{E1B50F93-59CE-4B30-9903-B42CEAEB5610}"}
{"EventID": "300", "Channel": "Microsoft-Windows-DeviceSetupManager/Operational", "Provider_Name": "Microsoft-Windows-DeviceSetupManager", "Computer": "DESKTOP-OFJ6N53", "TimeCreated": "2024-06-27 20:13:52.962915+00:00", "RecordID": "11210", "Level": "4", "UserID": "S-1-5-18", "EventData.Prop_ContainerId": "{7EFCBE4E-A3A2-0C99-EC8F-27D6801A396F}"}
{"EventID": "300", "Channel": "Microsoft-Windows-DeviceSetupManager/Operational", "Provider_Name": "Microsoft-Windows-DeviceSetupManager", "Computer": "DESKTOP-OFJ6N53", "TimeCreated": "2024-06-28 00:46:24.851458+00:00", "RecordID": "11211", "Level": "4", "UserID": "S-1-5-18", "EventData.Prop_ContainerId": "{D0443252-5D94-46F3-9A0E-909FD185BE52}"}
{"EventID": "300", "Channel": "Microsoft-Windows-DeviceSetupManager/Operational", "Provider_Name": "Microsoft-Windows-DeviceSetupManager", "Computer": "DESKTOP-OFJ6N53", "TimeCreated": "2024-06-28 00:46:41.798059+00:00", "RecordID": "11212", "Level": "4", "UserID": "S-1-5-18", "EventData.Prop_ContainerId": "{7EFCBE4E-A3A2-0C99-EC8F-27D6801A396F}"}
{"EventID": "300", "Channel": "Microsoft-Windows-DeviceSetupManager/Operational", "Provider_Name": "Microsoft-Windows-DeviceSetupManager", "Computer": "DESKTOP-OFJ6N53", "TimeCreated": "2024-06-28 06:58:41.096365+00:00", "RecordID": "11213", "Level": "4", "UserID": "S-1-5-18", "EventData.Prop_ContainerId": "{1734C3E6-D36A-48A3-A458-EF95652CC11C}"}
{"EventID": "300", "Channel": "Microsoft-Windows-DeviceSetupManager/Operational", "Provider_Name": "Microsoft-Windows-DeviceSetupManager", "Computer": "DESKTOP-OFJ6N53", "TimeCreated": "2024-06-28 06:58:57.248554+00:00", "RecordID": "11214", "Level": "4", "UserID": "S-1-5-18", "EventData.Prop_ContainerId": "{7EFCBE4E-A3A2-0C99-EC8F-27D6801A396F}"}
{"EventID": "300", "Channel": "Microsoft-Windows-DeviceSetupManager/Operational", "Provider_Name": "Microsoft-Windows-DeviceSetupManager", "Computer": "DESKTOP-OFJ6N53", "TimeCreated": "2024-06-28 07:59:25.075251+00:00", "RecordID": "11215", "Level": "4", "UserID": "S-1-5-18", "EventData.Prop_ContainerId": "{3FCB73D8-0DF9-4EA0-BBA6-ABF783854E04}"}
{"EventID": "300", "Channel": "Microsoft-Windows-DeviceSetupManager/Operational", "Provider_Name": "Microsoft-Windows-DeviceSetupManager", "Computer": "DESKTOP-OFJ6N53", "TimeCreated": "2024-06-28 07:59:35.880112+00:00", "RecordID": "11216", "Level": "4", "UserID": "S-1-5-18", "EventData.Prop_ContainerId": "{7EFCBE4E-A3A2-0C99-EC8F-27D6801A396F}"}
{"EventID": "300", "Channel": "Microsoft-Windows-DeviceSetupManager/Operational", "Provider_Name": "Microsoft-Windows-DeviceSetupManager", "Computer": "DESKTOP-OFJ6N53", "TimeCreated": "2024-06-29 20:31:01.160995+00:00", "RecordID": "11217", "Level": "4", "UserID": "S-1-5-18", "EventData.Prop_ContainerId": "{4E350DA7-45BA-4290-9913-1004609646B5}"}
{"EventID": "300", "Channel": "Microsoft-Windows-DeviceSetupManager/Operational", "Provider_Name": "Microsoft-Windows-DeviceSetupManager", "Computer": "DESKTOP-OFJ6N53", "TimeCreated": "2024-06-29 20:31:32.884253+00:00", "RecordID": "11218", "Level": "4", "UserID": "S-1-5-18", "EventData.Prop_ContainerId": "{7EFCBE4E-A3A2-0C99-EC8F-27D6801A396F}"}
{"EventID": "300", "Channel": "Microsoft-Windows-DeviceSetupManager/Operational", "Provider_Name": "Microsoft-Windows-DeviceSetupManager", "Computer": "DESKTOP-OFJ6N53", "TimeCreated": "2024-07-04 10:12:41.843506+00:00", "RecordID": "11219", "Level": "4", "UserID": "S-1-5-18", "EventData.Prop_ContainerId": "{830916CF-4D1A-43DC-9DC9-F6C8D4B11FEE}"}
{"EventID": "300", "Channel": "Microsoft-Windows-DeviceSetupManager/Operational", "Provider_Name": "Microsoft-Windows-DeviceSetupManager", "Computer": "DESKTOP-OFJ6N53", "TimeCreated": "2024-07-04 10:13:09.201731+00:00", "RecordID": "11220", "Level": "4", "UserID": "S-1-5-18", "EventData.Prop_ContainerId": "{7EFCBE4E-A3A2-0C99-EC8F-27D6801A396F}"}
{"EventID": "300", "Channel": "Microsoft-Windows-DeviceSetupManager/Operational", "Provider_Name": "Microsoft-Windows-DeviceSetupManager", "Computer": "DESKTOP-OFJ6N53", "TimeCreated": "2024-07-11 10:32:08.708948+00:00", "RecordID": "11221", "Level": "4", "UserID": "S-1-5-18", "EventData.Prop_ContainerId": "{6AC8A747-883A-4F5B-970F-99F1C757B62B}"}
{"EventID": "300", "Channel": "Microsoft-Windows-DeviceSetupManager/Operational", "Provider_Name": "Microsoft-Windows-DeviceSetupManager", "Computer": "DESKTOP-OFJ6N53", "TimeCreated": "2024-07-13 13:33:08.628485+00:00", "RecordID": "11222", "Level": "4", "UserID": "S-1-5-18", "EventData.Prop_ContainerId": "{CEA6A8CC-15C5-4F33-974F-FFFD1C294D4B}"}
{"EventID": "300", "Channel": "Microsoft-Windows-DeviceSetupManager/Operational", "Provider_Name": "Microsoft-Windows-DeviceSetupManager", "Computer": "DESKTOP-OFJ6N53", "TimeCreated": "2024-07-22 07:25:12.797810+00:00", "RecordID": "11223", "Level": "4", "UserID": "S-1-5-18", "EventData.Prop_ContainerId": "{A1ECA6EC-377B-4B7C-9554-14FC6FFF4A23}"}
{"EventID": "300", "Channel": "Microsoft-Windows-DeviceSetupManager/Operational", "Provider_Name": "Microsoft-Windows-DeviceSetupManager", "Computer": "DESKTOP-OFJ6N53", "TimeCreated": "2024-07-22 07:27:22.775860+00:00", "RecordID": "11224", "Level": "4", "UserID": "S-1-5-18", "EventData.Prop_ContainerId": "{50008DBA-6299-4493-99AF-3E10F4F2E4AA}"}
{"EventID": "300", "Channel": "Microsoft-Windows-DeviceSetupManager/Operational", "Provider_Name": "Microsoft-Windows-DeviceSetupManager", "Computer": "DESKTOP-OFJ6N53", "TimeCreated": "2024-07-23 11:59:37.488853+00:00", "RecordID": "11225", "Level": "4", "UserID": "S-1-5-18", "EventData.Prop_ContainerId": "{C7D85035-8907-4F56-BD89-C9161F27EE55}"}
{"EventID": "300", "Channel": "Microsoft-Windows-DeviceSetupManager/Operational", "Provider_Name": "Microsoft-Windows-DeviceSetupManager", "Computer": "DESKTOP-OFJ6N53", "TimeCreated": "2024-07-24 09:02:28.016697+00:00", "RecordID": "11226", "Level": "4", "UserID": "S-1-5-18", "EventData.Prop_ContainerId": "{B9EED9D8-0D04-42FC-83DB-7AE589A5B064}"}
{"EventID": "300", "Channel": "Microsoft-Windows-DeviceSetupManager/Operational", "Provider_Name": "Microsoft-Windows-DeviceSetupManager", "Computer": "DESKTOP-OFJ6N53", "TimeCreated": "2024-07-25 12:58:21.267372+00:00", "RecordID": "11227", "Level": "4", "UserID": "S-1-5-18", "EventData.Prop_ContainerId": "{9D195CD7-82B4-4704-AE01-CB720400AA98}"}
{"EventID": "300", "Channel": "Microsoft-Windows-DeviceSetupManager/Operational", "Provider_Name": "Microsoft-Windows-DeviceSetupManager", "Computer": "DESKTOP-OFJ6N53", "TimeCreated": "2024-07-26 10:21:24.686968+00:00", "RecordID": "11228", "Level": "4", "UserID": "S-1-5-18", "EventData.Prop_ContainerId": "{CDF310DF-0932-447D-95F3-B0331C85EB47}"}
{"EventID": "300", "Channel": "Microsoft-Windows-DeviceSetupManager/Operational", "Provider_Name": "Microsoft-Windows-DeviceSetupManager", "Computer": "DESKTOP-OFJ6N53", "TimeCreated": "2024-07-28 15:24:40.211258+00:00", "RecordID": "11229", "Level": "4", "UserID": "S-1-5-18", "EventData.Prop_ContainerId": "{7EDC151F-D861-413F-9203-0EE4898AC234}"}
{"EventID": "300", "Channel": "Microsoft-Windows-DeviceSetupManager/Operational", "Provider_Name": "Microsoft-Windows-DeviceSetupManager", "Computer": "DESKTOP-OFJ6N53", "TimeCreated": "2024-07-29 12:10:54.640024+00:00", "RecordID": "11230", "Level": "4", "UserID": "S-1-5-18", "EventData.Prop_ContainerId": "{21CC4847-C302-4F93-ADDF-C3776632F374}"}
{"EventID": "300", "Channel": "Microsoft-Windows-DeviceSetupManager/Operational", "Provider_Name": "Microsoft-Windows-DeviceSetupManager", "Computer": "DESKTOP-OFJ6N53", "TimeCreated": "2024-07-30 08:02:18.075304+00:00", "RecordID": "11231", "Level": "4", "UserID": "S-1-5-18", "EventData.Prop_ContainerId": "{6319E319-C6C6-4F1B-A2CD-98C632BF81F6}"}
{"EventID": "300", "Channel": "Microsoft-Windows-DeviceSetupManager/Operational", "Provider_Name": "Microsoft-Windows-DeviceSetupManager", "Computer": "DESKTOP-OFJ6N53", "TimeCreated": "2024-07-31 06:27:14.466234+00:00", "RecordID": "11232", "Level": "4", "UserID": "S-1-5-18", "EventData.Prop_ContainerId": "{26FBF855-A47C-4692-9127-83A06563C4FE}"}
{"EventID": "300", "Channel": "Microsoft-Windows-DeviceSetupManager/Operational", "Provider_Name": "Microsoft-Windows-DeviceSetupManager", "Computer": "DESKTOP-OFJ6N53", "TimeCreated": "2024-08-01 05:03:37.500946+00:00", "RecordID": "11233", "Level": "4", "UserID": "S-1-5-18", "EventData.Prop_ContainerId": "{22BCB0D2-AC90-A6DB-339C-8CABE6D4E17E}"}
{"EventID": "300", "Channel": "Microsoft-Windows-DeviceSetupManager/Operational", "Provider_Name": "Microsoft-Windows-DeviceSetupManager", "Computer": "DESKTOP-OFJ6N53", "TimeCreated": "2024-08-06 11:55:12.027662+00:00", "RecordID": "11234", "Level": "4", "UserID": "S-1-5-18", "EventData.Prop_ContainerId": "{50B51F8C-E5DA-49CE-B39F-2328F6F2B337}"}
{"EventID": "300", "Channel": "Microsoft-Windows-DeviceSetupManager/Operational", "Provider_Name": "Microsoft-Windows-DeviceSetupManager", "Computer": "DESKTOP-OFJ6N53", "TimeCreated": "2024-08-06 15:54:24.478783+00:00", "RecordID": "11235", "Level": "4", "UserID": "S-1-5-18", "EventData.Prop_ContainerId": "{9E9F2CAC-892F-4AA8-A0AC-4695D55B98FF}"}
{"EventID": "300", "Channel": "Microsoft-Windows-DeviceSetupManager/Operational", "Provider_Name": "Microsoft-Windows-DeviceSetupManager", "Computer": "DESKTOP-OFJ6N53", "TimeCreated": "2024-08-06 16:03:40.526966+00:00", "RecordID": "11236", "Level": "4", "UserID": "S-1-5-18", "EventData.Prop_ContainerId": "{9099012B-0CC9-4EDE-A0A4-D552D21CE699}"}
{"EventID": "300", "Channel": "Microsoft-Windows-DeviceSetupManager/Operational", "Provider_Name": "Microsoft-Windows-DeviceSetupManager", "Computer": "DESKTOP-OFJ6N53", "TimeCreated": "2024-08-07 14:37:36.785091+00:00", "RecordID": "11237", "Level": "4", "UserID": "S-1-5-18", "EventData.Prop_ContainerId": "{D3133BE5-5D7D-439E-993F-660266E869E9}"}
{"EventID": "300", "Channel": "Microsoft-Windows-DeviceSetupManager/Operational", "Provider_Name": "Microsoft-Windows-DeviceSetupManager", "Computer": "DESKTOP-OFJ6N53", "TimeCreated": "2024-08-07 18:17:12.610489+00:00", "RecordID": "11238", "Level": "4", "UserID": "S-1-5-18", "EventData.Prop_ContainerId": "{062D1236-3B56-4C0C-9BA4-B1F4A1978325}"}
{"EventID": "300", "Channel": "Microsoft-Windows-DeviceSetupManager/Operational", "Provider_Name": "Microsoft-Windows-DeviceSetupManager", "Computer": "DESKTOP-OFJ6N53", "TimeCreated": "2024-08-07 19:33:27.663717+00:00", "RecordID": "11239", "Level": "4", "UserID": "S-1-5-18", "EventData.Prop_ContainerId": "{5E9DFB03-A0EE-46CC-B6E3-277EFAAF7DCC}"}
{"EventID": "300", "Channel": "Microsoft-Windows-DeviceSetupManager/Operational", "Provider_Name": "Microsoft-Windows-DeviceSetupManager", "Computer": "DESKTOP-OFJ6N53", "TimeCreated": "2024-08-07 19:46:41.805305+00:00", "RecordID": "11240", "Level": "4", "UserID": "S-1-5-18", "EventData.Prop_ContainerId": "{E2C599C3-D804-483E-B53C-2455016CDB97}"}
{"EventID": "300", "Channel": "Microsoft-Windows-DeviceSetupManager/Operational", "Provider_Name": "Microsoft-Windows-DeviceSetupManager", "Computer": "DESKTOP-OFJ6N53", "TimeCreated": "2024-08-08 13:25:17.010540+00:00", "RecordID": "11241", "Level": "4", "UserID": "S-1-5-18", "EventData.Prop_ContainerId": "{5F3795FE-EE10-4EA9-8CC3-2663795BD357}"}
{"EventID": "300", "Channel": "Microsoft-Windows-DeviceSetupManager/Operational", "Provider_Name": "Microsoft-Windows-DeviceSetupManager", "Computer": "DESKTOP-OFJ6N53", "TimeCreated": "2024-08-09 08:40:03.872332+00:00", "RecordID": "11242", "Level": "4", "UserID": "S-1-5-18", "EventData.Prop_ContainerId": "{E42EC83C-D0D2-42F6-A1CA-4EE8EC19BEF8}"}
{"EventID": "300", "Channel": "Microsoft-Windows-DeviceSetupManager/Operational", "Provider_Name": "Microsoft-Windows-DeviceSetupManager", "Computer": "DESKTOP-OFJ6N53", "TimeCreated": "2024-08-11 22:36:30.280281+00:00", "RecordID": "11243", "Level": "4", "UserID": "S-1-5-18", "EventData.Prop_ContainerId": "{6D5A0716-8F5C-EE5D-3C5E-E8F474BD64D5}"}
{"EventID": "300", "Channel": "Microsoft-Windows-DeviceSetupManager/Operational", "Provider_Name": "Microsoft-Windows-DeviceSetupManager", "Computer": "DESKTOP-OFJ6N53", "TimeCreated": "2024-08-30 11:01:53.321016+00:00", "RecordID": "11244", "Level": "4", "UserID": "S-1-5-18", "EventData.Prop_ContainerId": "{A55EC4B2-9284-4195-8105-EF7847ECEA82}"}
{"EventID": "300", "Channel": "Microsoft-Windows-DeviceSetupManager/Operational", "Provider_Name": "Microsoft-Windows-DeviceSetupManager", "Computer": "DESKTOP-OFJ6N53", "TimeCreated": "2024-09-06 13:40:37.495419+00:00", "RecordID": "11245", "Level": "4", "UserID": "S-1-5-18", "EventData.Prop_ContainerId": "{4F99D218-1ED6-494A-B297-FACE88D8568E}"}
{"EventID": "300", "Channel": "Microsoft-Windows-DeviceSetupManager/Operational", "Provider_Name": "Microsoft-Windows-DeviceSetupManager", "Computer": "DESKTOP-OFJ6N53", "TimeCreated": "2024-09-06 13:40:39.519930+00:00", "RecordID": "11246", "Level": "4", "UserID": "S-1-5-18", "EventData.Prop_ContainerId": "{4A4118A2-EE30-4AE2-AA64-E4E05D2CB57F}"}
{"EventID": "300", "Channel": "Microsoft-Windows-DeviceSetupManager/Operational", "Provider_Name": "Microsoft-Windows-DeviceSetupManager", "Computer": "DESKTOP-OFJ6N53", "TimeCreated": "2024-09-06 15:33:58.216650+00:00", "RecordID": "11247", "Level": "4", "UserID": "S-1-5-18", "EventData.Prop_ContainerId": "{A0DDECDE-4742-495A-B41B-67FC7E443248}"}
{"EventID": "300", "Channel": "Microsoft-Windows-DeviceSetupManager/Operational", "Provider_Name": "Microsoft-Windows-DeviceSetupManager", "Computer": "DESKTOP-OFJ6N53", "TimeCreated": "2024-09-10 16:34:59.042727+00:00", "RecordID": "11248", "Level": "4", "UserID": "S-1-5-18", "EventData.Prop_ContainerId": "{5A71D482-EC0B-4C4B-A946-A0794A38CB17}"}
{"EventID": "300", "Channel": "Microsoft-Windows-DeviceSetupManager/Operational", "Provider_Name": "Microsoft-Windows-DeviceSetupManager", "Computer": "DESKTOP-OFJ6N53", "TimeCreated": "2024-09-11 09:22:05.254841+00:00", "RecordID": "11249", "Level": "4", "UserID": "S-1-5-18", "EventData.Prop_ContainerId": "{4D34C74C-408D-4A12-963D-79BB21A8B79F}"}
{"EventID": "300", "Channel": "Microsoft-Windows-DeviceSetupManager/Operational", "Provider_Name": "Microsoft-Windows-DeviceSetupManager", "Computer": "DESKTOP-OFJ6N53", "TimeCreated": "2024-09-11 09:22:15.828682+00:00", "RecordID": "11250", "Level": "4", "UserID": "S-1-5-18", "EventData.Prop_ContainerId": "{7EFCBE4E-A3A2-0C99-EC8F-27D6801A396F}"}
{"EventID": "300", "Channel": "Microsoft-Windows-DeviceSetupManager/Operational", "Provider_Name": "Microsoft-Windows-DeviceSetupManager", "Computer": "DESKTOP-OFJ6N53", "TimeCreated": "2024-09-16 12:51:01.096643+00:00", "RecordID": "11251", "Level": "4", "UserID": "S-1-5-18", "EventData.Prop_ContainerId": "{A70ECB03-1FD7-4CA1-9714-C93E1499BE18}"}
{"EventID": "300", "Channel": "Microsoft-Windows-DeviceSetupManager/Operational", "Provider_Name": "Microsoft-Windows-DeviceSetupManager", "Computer": "DESKTOP-OFJ6N53", "TimeCreated": "2024-09-16 12:51:13.323620+00:00", "RecordID": "11252", "Level": "4", "UserID": "S-1-5-18", "EventData.Prop_ContainerId": "{7EFCBE4E-A3A2-0C99-EC8F-27D6801A396F}"}
{"EventID": "300", "Channel": "Microsoft-Windows-DeviceSetupManager/Operational", "Provider_Name": "Microsoft-Windows-DeviceSetupManager", "Computer": "DESKTOP-OFJ6N53", "TimeCreated": "2024-09-16 12:52:42.714174+00:00", "RecordID": "11253", "Level": "4", "UserID": "S-1-5-18", "EventData.Prop_ContainerId": "{C91C54D6-A135-49BD-82F4-89D5205E03C6}"}
{"EventID": "300", "Channel": "Microsoft-Windows-DeviceSetupManager/Operational", "Provider_Name": "Microsoft-Windows-DeviceSetupManager", "Computer": "DESKTOP-OFJ6N53", "TimeCreated": "2024-09-16 12:52:52.397062+00:00", "RecordID": "11254", "Level": "4", "UserID": "S-1-5-18", "EventData.Prop_ContainerId": "{7EFCBE4E-A3A2-0C99-EC8F-27D6801A396F}"}
{"EventID": "300", "Channel": "Microsoft-Windows-DeviceSetupManager/Operational", "Provider_Name": "Microsoft-Windows-DeviceSetupManager", "Computer": "DESKTOP-OFJ6N53", "TimeCreated": "2024-09-19 17:12:20.562925+00:00", "RecordID": "11255", "Level": "4", "UserID": "S-1-5-18", "EventData.Prop_ContainerId": "{078BFDA0-A142-41D1-BA74-95A89DD4D11A}"}
{"EventID": "300", "Channel": "Microsoft-Windows-DeviceSetupManager/Operational", "Provider_Name": "Microsoft-Windows-DeviceSetupManager", "Computer": "DESKTOP-OFJ6N53", "TimeCreated": "2024-09-19 17:12:36.786165+00:00", "RecordID": "11256", "Level": "4", "UserID": "S-1-5-18", "EventData.Prop_ContainerId": "{7EFCBE4E-A3A2-0C99-EC8F-27D6801A396F}"}
{"EventID": "300", "Channel": "Microsoft-Windows-DeviceSetupManager/Operational", "Provider_Name": "Microsoft-Windows-DeviceSetupManager", "Computer": "DESKTOP-OFJ6N53", "TimeCreated": "2024-09-19 17:25:45.182999+00:00", "RecordID": "11257", "Level": "4", "UserID": "S-1-5-18", "EventData.Prop_ContainerId": "{32BB3333-9098-4D86-8322-2A3F9645A463}"}
{"EventID": "300", "Channel": "Microsoft-Windows-DeviceSetupManager/Operational", "Provider_Name": "Microsoft-Windows-DeviceSetupManager", "Computer": "DESKTOP-OFJ6N53", "TimeCreated": "2024-09-19 17:25:56.550186+00:00", "RecordID": "11258", "Level": "4", "UserID": "S-1-5-18", "EventData.Prop_ContainerId": "{7EFCBE4E-A3A2-0C99-EC8F-27D6801A396F}"}
{"EventID": "300", "Channel": "Microsoft-Windows-DeviceSetupManager/Operational", "Provider_Name": "Microsoft-Windows-DeviceSetupManager", "Computer": "DESKTOP-OFJ6N53", "TimeCreated": "2024-09-22 14:15:15.433687+00:00", "RecordID": "11259", "Level": "4", "UserID": "S-1-5-18", "EventData.Prop_ContainerId": "{319DC424-244D-4DF3-98A1-72ADE5DEDFA4}"}
{"EventID": "300", "Channel": "Microsoft-Windows-DeviceSetupManager/Operational", "Provider_Name": "Microsoft-Windows-DeviceSetupManager", "Computer": "DESKTOP-OFJ6N53", "TimeCreated": "2024-09-22 14:15:27.179844+00:00", "RecordID": "11260", "Level": "4", "UserID": "S-1-5-18", "EventData.Prop_ContainerId": "{7EFCBE4E-A3A2-0C99-EC8F-27D6801A396F}"}
{"EventID": "300", "Channel": "Microsoft-Windows-DeviceSetupManager/Operational", "Provider_Name": "Microsoft-Windows-DeviceSetupManager", "Computer": "DESKTOP-OFJ6N53", "TimeCreated": "2024-09-22 14:15:51.557493+00:00", "RecordID": "11261", "Level": "4", "UserID": "S-1-5-18", "EventData.Prop_ContainerId": "{EDF86022-DA36-43C2-BB9B-268CD7FCCC08}"}
{"EventID": "300", "Channel": "Microsoft-Windows-DeviceSetupManager/Operational", "Provider_Name": "Microsoft-Windows-DeviceSetupManager", "Computer": "DESKTOP-OFJ6N53", "TimeCreated": "2024-09-22 14:16:05.489307+00:00", "RecordID": "11262", "Level": "4", "UserID": "S-1-5-18", "EventData.Prop_ContainerId": "{7EFCBE4E-A3A2-0C99-EC8F-27D6801A396F}"}
{"EventID": "300", "Channel": "Microsoft-Windows-DeviceSetupManager/Operational", "Provider_Name": "Microsoft-Windows-DeviceSetupManager", "Computer": "DESKTOP-OFJ6N53", "TimeCreated": "2024-09-24 10:56:40.575706+00:00", "RecordID": "11263", "Level": "4", "UserID": "S-1-5-18", "EventData.Prop_ContainerId": "{6C370B9A-E930-428F-8EFD-4A7EDA9BAF57}"}
{"EventID": "300", "Channel": "Microsoft-Windows-DeviceSetupManager/Operational", "Provider_Name": "Microsoft-Windows-DeviceSetupManager", "Computer": "DESKTOP-OFJ6N53", "TimeCreated": "2024-09-24 10:56:48.947317+00:00", "RecordID": "11264", "Level": "4", "UserID": "S-1-5-18", "EventData.Prop_ContainerId": "{7EFCBE4E-A3A2-0C99-EC8F-27D6801A396F}"}
{"EventID": "300", "Channel": "Microsoft-Windows-DeviceSetupManager/Operational", "Provider_Name": "Microsoft-Windows-DeviceSetupManager", "Computer": "DESKTOP-OFJ6N53", "TimeCreated": "2024-09-24 12:12:18.272282+00:00", "RecordID": "11265", "Level": "4", "UserID": "S-1-5-18", "EventData.Prop_ContainerId": "{942835F5-6E1A-4BEE-9BAA-FC747DE93BD4}"}
{"EventID": "300", "Channel": "Microsoft-Windows-DeviceSetupManager/Operational", "Provider_Name": "Microsoft-Windows-DeviceSetupManager", "Computer": "DESKTOP-OFJ6N53", "TimeCreated": "2024-09-24 12:12:27.087250+00:00", "RecordID": "11266", "Level": "4", "UserID": "S-1-5-18", "EventData.Prop_ContainerId": "{7EFCBE4E-A3A2-0C99-EC8F-27D6801A396F}"}
{"EventID": "300", "Channel": "Microsoft-Windows-DeviceSetupManager/Operational", "Provider_Name": "Microsoft-Windows-DeviceSetupManager", "Computer": "DESKTOP-OFJ6N53", "TimeCreated": "2024-09-24 12:15:49.427279+00:00", "RecordID": "11267", "Level": "4", "UserID": "S-1-5-18", "EventData.Prop_ContainerId": "{456D92EA-AE10-48D6-9B1F-DEF0DCA88CA6}"}
{"EventID": "300", "Channel": "Microsoft-Windows-DeviceSetupManager/Operational", "Provider_Name": "Microsoft-Windows-DeviceSetupManager", "Computer": "DESKTOP-OFJ6N53", "TimeCreated": "2024-09-24 12:15:57.816994+00:00", "RecordID": "11268", "Level": "4", "UserID": "S-1-5-18", "EventData.Prop_ContainerId": "{7EFCBE4E-A3A2-0C99-EC8F-27D6801A396F}"}
{"EventID": "300", "Channel": "Microsoft-Windows-DeviceSetupManager/Operational", "Provider_Name": "Microsoft-Windows-DeviceSetupManager", "Computer": "DESKTOP-OFJ6N53", "TimeCreated": "2024-09-24 15:11:12.545563+00:00", "RecordID": "11269", "Level": "4", "UserID": "S-1-5-18", "EventData.Prop_ContainerId": "{41401BF8-DDA0-49E8-A4C6-1D57AFEC8C37}"}
{"EventID": "300", "Channel": "Microsoft-Windows-DeviceSetupManager/Operational", "Provider_Name": "Microsoft-Windows-DeviceSetupManager", "Computer": "DESKTOP-OFJ6N53", "TimeCreated": "2024-09-24 15:11:25.059404+00:00", "RecordID": "11270", "Level": "4", "UserID": "S-1-5-18", "EventData.Prop_ContainerId": "{7EFCBE4E-A3A2-0C99-EC8F-27D6801A396F}"}
{"EventID": "300", "Channel": "Microsoft-Windows-DeviceSetupManager/Operational", "Provider_Name": "Microsoft-Windows-DeviceSetupManager", "Computer": "DESKTOP-OFJ6N53", "TimeCreated": "2024-09-24 16:24:56.153151+00:00", "RecordID": "11271", "Level": "4", "UserID": "S-1-5-18", "EventData.Prop_ContainerId": "{B04F5709-A41F-460C-A560-301D97064289}"}
{"EventID": "300", "Channel": "Microsoft-Windows-DeviceSetupManager/Operational", "Provider_Name": "Microsoft-Windows-DeviceSetupManager", "Computer": "DESKTOP-OFJ6N53", "TimeCreated": "2024-09-24 16:25:05.837786+00:00", "RecordID": "11272", "Level": "4", "UserID": "S-1-5-18", "EventData.Prop_ContainerId": "{7EFCBE4E-A3A2-0C99-EC8F-27D6801A396F}"}
{"EventID": "300", "Channel": "Microsoft-Windows-DeviceSetupManager/Operational", "Provider_Name": "Microsoft-Windows-DeviceSetupManager", "Computer": "DESKTOP-OFJ6N53", "TimeCreated": "2024-09-25 13:56:41.611969+00:00", "RecordID": "11273", "Level": "4", "UserID": "S-1-5-18", "EventData.Prop_ContainerId": "{154CA664-ACCF-4469-B857-A4CA0E6ED452}"}
{"EventID": "300", "Channel": "Microsoft-Windows-DeviceSetupManager/Operational", "Provider_Name": "Microsoft-Windows-DeviceSetupManager", "Computer": "DESKTOP-OFJ6N53", "TimeCreated": "2024-09-25 13:56:54.015194+00:00", "RecordID": "11274", "Level": "4", "UserID": "S-1-5-18", "EventData.Prop_ContainerId": "{7EFCBE4E-A3A2-0C99-EC8F-27D6801A396F}"}
{"EventID": "300", "Channel": "Microsoft-Windows-DeviceSetupManager/Operational", "Provider_Name": "Microsoft-Windows-DeviceSetupManager", "Computer": "DESKTOP-OFJ6N53", "TimeCreated": "2024-09-27 03:13:31.293470+00:00", "RecordID": "11275", "Level": "4", "UserID": "S-1-5-18", "EventData.Prop_ContainerId": "{48A310B4-7671-4631-9081-B12E8B026D68}"}
{"EventID": "300", "Channel": "Microsoft-Windows-DeviceSetupManager/Operational", "Provider_Name": "Microsoft-Windows-DeviceSetupManager", "Computer": "DESKTOP-OFJ6N53", "TimeCreated": "2024-09-27 03:13:41.315100+00:00", "RecordID": "11276", "Level": "4", "UserID": "S-1-5-18", "EventData.Prop_ContainerId": "{7EFCBE4E-A3A2-0C99-EC8F-27D6801A396F}"}
{"EventID": "300", "Channel": "Microsoft-Windows-DeviceSetupManager/Operational", "Provider_Name": "Microsoft-Windows-DeviceSetupManager", "Computer": "DESKTOP-OFJ6N53", "TimeCreated": "2024-09-30 22:32:22.483353+00:00", "RecordID": "11277", "Level": "4", "UserID": "S-1-5-18", "EventData.Prop_ContainerId": "{C528A518-9F09-4830-AC91-B7CEAB7D58CB}"}
{"EventID": "300", "Channel": "Microsoft-Windows-DeviceSetupManager/Operational", "Provider_Name": "Microsoft-Windows-DeviceSetupManager", "Computer": "DESKTOP-OFJ6N53", "TimeCreated": "2024-09-30 22:32:34.982010+00:00", "RecordID": "11278", "Level": "4", "UserID": "S-1-5-18", "EventData.Prop_ContainerId": "{7EFCBE4E-A3A2-0C99-EC8F-27D6801A396F}"}
{"EventID": "300", "Channel": "Microsoft-Windows-DeviceSetupManager/Operational", "Provider_Name": "Microsoft-Windows-DeviceSetupManager", "Computer": "DESKTOP-OFJ6N53", "TimeCreated": "2024-10-01 12:54:32.251064+00:00", "RecordID": "11279", "Level": "4", "UserID": "S-1-5-18", "EventData.Prop_ContainerId": "{F70D6506-10AC-4AD5-9B2F-6F7B4D8B233D}"}
{"EventID": "300", "Channel": "Microsoft-Windows-DeviceSetupManager/Operational", "Provider_Name": "Microsoft-Windows-DeviceSetupManager", "Computer": "DESKTOP-OFJ6N53", "TimeCreated": "2024-10-01 12:54:40.655067+00:00", "RecordID": "11280", "Level": "4", "UserID": "S-1-5-18", "EventData.Prop_ContainerId": "{7EFCBE4E-A3A2-0C99-EC8F-27D6801A396F}"}
