{"EventID": "12", "Channel": "Microsoft-Windows-Security-Mitigations/KernelMode", "Provider_Name": "Microsoft-Windows-Security-Mitigations", "Computer": "DESKTOP-OFJ6N53", "TimeCreated": "2025-03-10 14:11:11.789371+00:00", "RecordID": "8560", "Level": "3", "UserID": "S-1-5-21-963789628-1060504924-4285088085-1001", "EventData.ProcessPathLength": "74", "EventData.ProcessPath": "\\Device\\HarddiskVolume3\\Program Files\\Google\\Chrome\\Application\\chrome.exe", "EventData.ProcessCommandLineLength": "501", "EventData.ProcessCommandLine": "\"C:\\Program Files\\Google\\Chrome\\Application\\chrome.exe\" --type=renderer --no-pre-read-main-dll --video-capture-use-gpu-memory-buffer --lang=ru --device-scale-factor=1 --num-raster-threads=2 --enable-main-frame-before-activation --renderer-client-id=7 --time-ticks-at-unix-epoch=-1741359827334204 --launch-time-ticks=256042964444 --field-trial-handle=1952,i,8770310204010165311,16948940055112119961,262144 --variations-seed-version=20250306-183004.429000 --mojo-platform-channel-handle=4032 /prefetch:1", "EventData.ProcessId": "6296", "EventData.ProcessCreateTime": "2025-03-10 14:11:10.300121+00:00", "EventData.ProcessStartKey": "43910096366865604", "EventData.ProcessSignatureLevel": "8", "EventData.ProcessSectionSignatureLevel": "8", "EventData.ProcessProtection": "0", "EventData.TargetThreadId": "12744", "EventData.TargetThreadCreateTime": "2025-03-10 14:11:10.300125+00:00", "EventData.RequiredSignatureLevel": "8", "EventData.SignatureLevel": "0", "EventData.ImageNameLength": "60", "EventData.ImageName": "\\Program Files\\Common Files\\Crypto Pro\\AppCompat\\cpcrypt.dll"}
{"EventID": "12", "Channel": "Microsoft-Windows-Security-Mitigations/KernelMode", "Provider_Name": "Microsoft-Windows-Security-Mitigations", "Computer": "DESKTOP-OFJ6N53", "TimeCreated": "2025-03-10 14:11:12.436899+00:00", "RecordID": "8561", "Level": "3", "UserID": "S-1-5-21-963789628-1060504924-4285088085-1001", "EventData.ProcessPathLength": "74", "EventData.ProcessPath": "\\Device\\HarddiskVolume3\\Program Files\\Google\\Chrome\\Application\\chrome.exe", "EventData.ProcessCommandLineLength": "512", "EventData.ProcessCommandLine": "\"C:\\Program Files\\Google\\Chrome\\Application\\chrome.exe\" --type=renderer --no-pre-read-main-dll --disable-gpu-compositing --video-capture-use-gpu-memory-buffer --lang=ru --device-scale-factor=1 --num-raster-threads=2 --enable-main-frame-before-activation --renderer-client-id=9 --time-ticks-at-unix-epoch=-1741359827334204 --launch-time-ticks=256043331257 --field-trial-handle=1952,i,8770310204010165311,16948940055112119961,262144 --variations-seed-version=20250306-183004.429000 --mojo-platform-channel-handle=5", "EventData.ProcessId": "10976", "EventData.ProcessCreateTime": "2025-03-10 14:11:10.666603+00:00", "EventData.ProcessStartKey": "43910096366865606", "EventData.ProcessSignatureLevel": "8", "EventData.ProcessSectionSignatureLevel": "8", "EventData.ProcessProtection": "0", "EventData.TargetThreadId": "11596", "EventData.TargetThreadCreateTime": "2025-03-10 14:11:10.666605+00:00", "EventData.RequiredSignatureLevel": "8", "EventData.SignatureLevel": "0", "EventData.ImageNameLength": "60", "EventData.ImageName": "\\Program Files\\Common Files\\Crypto Pro\\AppCompat\\cpcrypt.dll"}
{"EventID": "12", "Channel": "Microsoft-Windows-Security-Mitigations/KernelMode", "Provider_Name": "Microsoft-Windows-Security-Mitigations", "Computer": "DESKTOP-OFJ6N53", "TimeCreated": "2025-03-10 14:11:13.603680+00:00", "RecordID": "8562", "Level": "3", "UserID": "S-1-5-21-963789628-1060504924-4285088085-1001", "EventData.ProcessPathLength": "74", "EventData.ProcessPath": "\\Device\\HarddiskVolume3\\Program Files\\Google\\Chrome\\Application\\chrome.exe", "EventData.ProcessCommandLineLength": "512", "EventData.ProcessCommandLine": "\"C:\\Program Files\\Google\\Chrome\\Application\\chrome.exe\" --type=renderer --no-pre-read-main-dll --disable-gpu-compositing --video-capture-use-gpu-memory-buffer --lang=ru --device-scale-factor=1 --num-raster-threads=2 --enable-main-frame-before-activation --renderer-client-id=10 --time-ticks-at-unix-epoch=-1741359827334204 --launch-time-ticks=256045767031 --field-trial-handle=1952,i,8770310204010165311,16948940055112119961,262144 --variations-seed-version=20250306-183004.429000 --mojo-platform-channel-handle=", "EventData.ProcessId": "9804", "EventData.ProcessCreateTime": "2025-03-10 14:11:13.102781+00:00", "EventData.ProcessStartKey": "43910096366865607", "EventData.ProcessSignatureLevel": "8", "EventData.ProcessSectionSignatureLevel": "8", "EventData.ProcessProtection": "0", "EventData.TargetThreadId": "12640", "EventData.TargetThreadCreateTime": "2025-03-10 14:11:13.102785+00:00", "EventData.RequiredSignatureLevel": "8", "EventData.SignatureLevel": "0", "EventData.ImageNameLength": "60", "EventData.ImageName": "\\Program Files\\Common Files\\Crypto Pro\\AppCompat\\cpcrypt.dll"}
{"EventID": "12", "Channel": "Microsoft-Windows-Security-Mitigations/KernelMode", "Provider_Name": "Microsoft-Windows-Security-Mitigations", "Computer": "DESKTOP-OFJ6N53", "TimeCreated": "2025-03-10 14:11:18.417221+00:00", "RecordID": "8563", "Level": "3", "UserID": "S-1-5-21-963789628-1060504924-4285088085-1001", "EventData.ProcessPathLength": "74", "EventData.ProcessPath": "\\Device\\HarddiskVolume3\\Program Files\\Google\\Chrome\\Application\\chrome.exe", "EventData.ProcessCommandLineLength": "512", "EventData.ProcessCommandLine": "\"C:\\Program Files\\Google\\Chrome\\Application\\chrome.exe\" --type=renderer --no-pre-read-main-dll --disable-gpu-compositing --video-capture-use-gpu-memory-buffer --lang=ru --device-scale-factor=1 --num-raster-threads=2 --enable-main-frame-before-activation --renderer-client-id=11 --time-ticks-at-unix-epoch=-1741359827334204 --launch-time-ticks=256047524208 --field-trial-handle=1952,i,8770310204010165311,16948940055112119961,262144 --variations-seed-version=20250306-183004.429000 --mojo-platform-channel-handle=", "EventData.ProcessId": "12776", "EventData.ProcessCreateTime": "2025-03-10 14:11:14.859886+00:00", "EventData.ProcessStartKey": "43910096366865608", "EventData.ProcessSignatureLevel": "8", "EventData.ProcessSectionSignatureLevel": "8", "EventData.ProcessProtection": "0", "EventData.TargetThreadId": "10284", "EventData.TargetThreadCreateTime": "2025-03-10 14:11:14.859896+00:00", "EventData.RequiredSignatureLevel": "8", "EventData.SignatureLevel": "0", "EventData.ImageNameLength": "60", "EventData.ImageName": "\\Program Files\\Common Files\\Crypto Pro\\AppCompat\\cpcrypt.dll"}
{"EventID": "12", "Channel": "Microsoft-Windows-Security-Mitigations/KernelMode", "Provider_Name": "Microsoft-Windows-Security-Mitigations", "Computer": "DESKTOP-OFJ6N53", "TimeCreated": "2025-03-10 14:11:25.605272+00:00", "RecordID": "8564", "Level": "3", "UserID": "S-1-5-21-963789628-1060504924-4285088085-1001", "EventData.ProcessPathLength": "74", "EventData.ProcessPath": "\\Device\\HarddiskVolume3\\Program Files\\Google\\Chrome\\Application\\chrome.exe", "EventData.ProcessCommandLineLength": "512", "EventData.ProcessCommandLine": "\"C:\\Program Files\\Google\\Chrome\\Application\\chrome.exe\" --type=renderer --no-pre-read-main-dll --disable-gpu-compositing --video-capture-use-gpu-memory-buffer --lang=ru --device-scale-factor=1 --num-raster-threads=2 --enable-main-frame-before-activation --renderer-client-id=13 --time-ticks-at-unix-epoch=-1741359827334204 --launch-time-ticks=256057914065 --field-trial-handle=1952,i,8770310204010165311,16948940055112119961,262144 --variations-seed-version=20250306-183004.429000 --mojo-platform-channel-handle=", "EventData.ProcessId": "12712", "EventData.ProcessCreateTime": "2025-03-10 14:11:25.249416+00:00", "EventData.ProcessStartKey": "43910096366865610", "EventData.ProcessSignatureLevel": "8", "EventData.ProcessSectionSignatureLevel": "8", "EventData.ProcessProtection": "0", "EventData.TargetThreadId": "780", "EventData.TargetThreadCreateTime": "2025-03-10 14:11:25.249426+00:00", "EventData.RequiredSignatureLevel": "8", "EventData.SignatureLevel": "0", "EventData.ImageNameLength": "60", "EventData.ImageName": "\\Program Files\\Common Files\\Crypto Pro\\AppCompat\\cpcrypt.dll"}
{"EventID": "12", "Channel": "Microsoft-Windows-Security-Mitigations/KernelMode", "Provider_Name": "Microsoft-Windows-Security-Mitigations", "Computer": "DESKTOP-OFJ6N53", "TimeCreated": "2025-03-10 14:14:18.506575+00:00", "RecordID": "8565", "Level": "3", "UserID": "S-1-5-21-963789628-1060504924-4285088085-1001", "EventData.ProcessPathLength": "74", "EventData.ProcessPath": "\\Device\\HarddiskVolume3\\Program Files\\Google\\Chrome\\Application\\chrome.exe", "EventData.ProcessCommandLineLength": "387", "EventData.ProcessCommandLine": "\"C:\\Program Files\\Google\\Chrome\\Application\\chrome.exe\" --type=utility --utility-sub-type=on_device_model.mojom.OnDeviceModelService --lang=ru --service-sandbox-type=on_device_model_execution --no-pre-read-main-dll --field-trial-handle=1952,i,8770310204010165311,16948940055112119961,262144 --variations-seed-version=20250306-183004.429000 --mojo-platform-channel-handle=6064 /prefetch:8", "EventData.ProcessId": "13292", "EventData.ProcessCreateTime": "2025-03-10 14:14:09.959251+00:00", "EventData.ProcessStartKey": "43910096366865631", "EventData.ProcessSignatureLevel": "8", "EventData.ProcessSectionSignatureLevel": "8", "EventData.ProcessProtection": "0", "EventData.TargetThreadId": "1936", "EventData.TargetThreadCreateTime": "2025-03-10 14:14:09.959253+00:00", "EventData.RequiredSignatureLevel": "8", "EventData.SignatureLevel": "0", "EventData.ImageNameLength": "60", "EventData.ImageName": "\\Program Files\\Common Files\\Crypto Pro\\AppCompat\\cpadvai.dll"}
{"EventID": "12", "Channel": "Microsoft-Windows-Security-Mitigations/KernelMode", "Provider_Name": "Microsoft-Windows-Security-Mitigations", "Computer": "DESKTOP-OFJ6N53", "TimeCreated": "2025-03-10 15:15:46.170145+00:00", "RecordID": "8566", "Level": "3", "UserID": "S-1-5-18", "EventData.ProcessPathLength": "100", "EventData.ProcessPath": "\\Device\\HarddiskVolume3\\ProgramData\\Microsoft\\Windows Defender\\Platform\\4.18.25010.11-0\\MpCmdRun.exe", "EventData.ProcessCommandLineLength": "135", "EventData.ProcessCommandLine": "\"C:\\ProgramData\\Microsoft\\Windows Defender\\Platform\\4.18.25010.11-0\\MpCmdRun.exe\" SignaturesUpdateService -ScheduleJob -UnmanagedUpdate", "EventData.ProcessId": "1080", "EventData.ProcessCreateTime": "2025-03-10 15:15:36.017796+00:00", "EventData.ProcessStartKey": "43910096366865724", "EventData.ProcessSignatureLevel": "8", "EventData.ProcessSectionSignatureLevel": "8", "EventData.ProcessProtection": "0", "EventData.TargetThreadId": "3824", "EventData.TargetThreadCreateTime": "2025-03-10 15:15:36.176632+00:00", "EventData.RequiredSignatureLevel": "8", "EventData.SignatureLevel": "0", "EventData.ImageNameLength": "60", "EventData.ImageName": "\\Program Files\\Common Files\\Crypto Pro\\AppCompat\\cpadvai.dll"}
{"EventID": "12", "Channel": "Microsoft-Windows-Security-Mitigations/KernelMode", "Provider_Name": "Microsoft-Windows-Security-Mitigations", "Computer": "DESKTOP-OFJ6N53", "TimeCreated": "2025-03-11 15:15:55.661961+00:00", "RecordID": "8567", "Level": "3", "UserID": "S-1-5-18", "EventData.ProcessPathLength": "100", "EventData.ProcessPath": "\\Device\\HarddiskVolume3\\ProgramData\\Microsoft\\Windows Defender\\Platform\\4.18.25010.11-0\\MpCmdRun.exe", "EventData.ProcessCommandLineLength": "135", "EventData.ProcessCommandLine": "\"C:\\ProgramData\\Microsoft\\Windows Defender\\Platform\\4.18.25010.11-0\\MpCmdRun.exe\" SignaturesUpdateService -ScheduleJob -UnmanagedUpdate", "EventData.ProcessId": "9152", "EventData.ProcessCreateTime": "2025-03-11 15:15:37.394255+00:00", "EventData.ProcessStartKey": "43910096366866655", "EventData.ProcessSignatureLevel": "8", "EventData.ProcessSectionSignatureLevel": "8", "EventData.ProcessProtection": "0", "EventData.TargetThreadId": "10312", "EventData.TargetThreadCreateTime": "2025-03-11 15:15:37.555294+00:00", "EventData.RequiredSignatureLevel": "8", "EventData.SignatureLevel": "0", "EventData.ImageNameLength": "60", "EventData.ImageName": "\\Program Files\\Common Files\\Crypto Pro\\AppCompat\\cpadvai.dll"}
{"EventID": "2", "Channel": "Microsoft-Windows-Security-Mitigations/KernelMode", "Provider_Name": "Microsoft-Windows-Security-Mitigations", "Computer": "DESKTOP-OFJ6N53", "TimeCreated": "2025-03-11 20:17:31.752119+00:00", "RecordID": "8568", "Level": "3", "UserID": "S-1-5-18", "EventData.ProcessPathLength": "52", "EventData.ProcessPath": "\\Device\\HarddiskVolume3\\Windows\\System32\\dllhost.exe", "EventData.ProcessCommandLineLength": "81", "EventData.ProcessCommandLine": "C:\\Windows\\system32\\DllHost.exe /Processid:{3EB3C877-1F16-487C-9050-104DBCD66683}", "EventData.CallingProcessId": "5968", "EventData.CallingProcessCreateTime": "2025-03-11 20:17:31.671997+00:00", "EventData.CallingProcessStartKey": "44191571343573130", "EventData.CallingProcessSignatureLevel": "8", "EventData.CallingProcessSectionSignatureLevel": "8", "EventData.CallingProcessProtection": "0", "EventData.CallingThreadId": "5608", "EventData.CallingThreadCreateTime": "2025-03-11 20:17:31.672001+00:00"}
{"EventID": "1", "Channel": "Microsoft-Windows-Security-Mitigations/KernelMode", "Provider_Name": "Microsoft-Windows-Security-Mitigations", "Computer": "DESKTOP-OFJ6N53", "TimeCreated": "2025-03-11 20:19:08.362162+00:00", "RecordID": "8569", "Level": "0", "UserID": "S-1-5-18", "EventData.ProcessPathLength": "52", "EventData.ProcessPath": "\\Device\\HarddiskVolume3\\Windows\\System32\\spoolsv.exe", "EventData.ProcessCommandLineLength": "31", "EventData.ProcessCommandLine": "C:\\Windows\\System32\\spoolsv.exe", "EventData.CallingProcessId": "3392", "EventData.CallingProcessCreateTime": "2025-03-11 20:17:07.828215+00:00", "EventData.CallingProcessStartKey": "44191571343573063", "EventData.CallingProcessSignatureLevel": "0", "EventData.CallingProcessSectionSignatureLevel": "0", "EventData.CallingProcessProtection": "0", "EventData.CallingThreadId": "3464", "EventData.CallingThreadCreateTime": "2025-03-11 20:17:08.203091+00:00"}
{"EventID": "3", "Channel": "Microsoft-Windows-Security-Mitigations/KernelMode", "Provider_Name": "Microsoft-Windows-Security-Mitigations", "Computer": "DESKTOP-OFJ6N53", "TimeCreated": "2025-03-11 20:19:09.636450+00:00", "RecordID": "8570", "Level": "0", "UserID": "S-1-5-18", "EventData.ProcessPathLength": "52", "EventData.ProcessPath": "\\Device\\HarddiskVolume3\\Windows\\System32\\spoolsv.exe", "EventData.ProcessCommandLineLength": "31", "EventData.ProcessCommandLine": "C:\\Windows\\System32\\spoolsv.exe", "EventData.CallingProcessId": "3392", "EventData.CallingProcessCreateTime": "2025-03-11 20:17:07.828215+00:00", "EventData.CallingProcessStartKey": "44191571343573063", "EventData.CallingProcessSignatureLevel": "0", "EventData.CallingProcessSectionSignatureLevel": "0", "EventData.CallingProcessProtection": "0", "EventData.CallingThreadId": "1996", "EventData.CallingThreadCreateTime": "2025-03-11 20:19:09.516455+00:00", "EventData.ChildImagePathNameLength": "32", "EventData.ChildImagePathName": "C:\\Windows\\system32\\regsvr32.exe", "EventData.ChildCommandLineLength": "93", "EventData.ChildCommandLine": "C:\\Windows\\system32\\regsvr32.exe /s \"C:\\Windows\\system32\\spool\\drivers\\x64\\3\\PrintConfig.dll\""}
{"EventID": "3", "Channel": "Microsoft-Windows-Security-Mitigations/KernelMode", "Provider_Name": "Microsoft-Windows-Security-Mitigations", "Computer": "DESKTOP-OFJ6N53", "TimeCreated": "2025-03-11 20:19:10.383415+00:00", "RecordID": "8571", "Level": "0", "UserID": "S-1-5-18", "EventData.ProcessPathLength": "52", "EventData.ProcessPath": "\\Device\\HarddiskVolume3\\Windows\\System32\\spoolsv.exe", "EventData.ProcessCommandLineLength": "31", "EventData.ProcessCommandLine": "C:\\Windows\\System32\\spoolsv.exe", "EventData.CallingProcessId": "3392", "EventData.CallingProcessCreateTime": "2025-03-11 20:17:07.828215+00:00", "EventData.CallingProcessStartKey": "44191571343573063", "EventData.CallingProcessSignatureLevel": "0", "EventData.CallingProcessSectionSignatureLevel": "0", "EventData.CallingProcessProtection": "0", "EventData.CallingThreadId": "1996", "EventData.CallingThreadCreateTime": "2025-03-11 20:19:09.516455+00:00", "EventData.ChildImagePathNameLength": "32", "EventData.ChildImagePathName": "C:\\Windows\\SysWOW64\\regsvr32.exe", "EventData.ChildCommandLineLength": "73", "EventData.ChildCommandLine": "C:\\Windows\\SysWOW64\\regsvr32.exe /s \"C:\\Windows\\SysWOW64\\PrintConfig.dll\""}
{"EventID": "12", "Channel": "Microsoft-Windows-Security-Mitigations/KernelMode", "Provider_Name": "Microsoft-Windows-Security-Mitigations", "Computer": "DESKTOP-OFJ6N53", "TimeCreated": "2025-03-11 20:22:52.644817+00:00", "RecordID": "8572", "Level": "3", "UserID": "S-1-5-21-963789628-1060504924-4285088085-1001", "EventData.ProcessPathLength": "74", "EventData.ProcessPath": "\\Device\\HarddiskVolume3\\Program Files\\Google\\Chrome\\Application\\chrome.exe", "EventData.ProcessCommandLineLength": "497", "EventData.ProcessCommandLine": "\"C:\\Program Files\\Google\\Chrome\\Application\\chrome.exe\" --type=renderer --no-pre-read-main-dll --video-capture-use-gpu-memory-buffer --lang=ru --device-scale-factor=1 --num-raster-threads=2 --enable-main-frame-before-activation --renderer-client-id=6 --time-ticks-at-unix-epoch=-1741724213192136 --launch-time-ticks=358086567 --field-trial-handle=2108,i,6696835334067640844,6738954853682391368,262144 --variations-seed-version=20250311-050106.243000 --mojo-platform-channel-handle=3764 /prefetch:1", "EventData.ProcessId": "10444", "EventData.ProcessCreateTime": "2025-03-11 20:22:51.279667+00:00", "EventData.ProcessStartKey": "44191571343573483", "EventData.ProcessSignatureLevel": "8", "EventData.ProcessSectionSignatureLevel": "8", "EventData.ProcessProtection": "0", "EventData.TargetThreadId": "5128", "EventData.TargetThreadCreateTime": "2025-03-11 20:22:51.279669+00:00", "EventData.RequiredSignatureLevel": "8", "EventData.SignatureLevel": "0", "EventData.ImageNameLength": "60", "EventData.ImageName": "\\Program Files\\Common Files\\Crypto Pro\\AppCompat\\cpcrypt.dll"}
{"EventID": "12", "Channel": "Microsoft-Windows-Security-Mitigations/KernelMode", "Provider_Name": "Microsoft-Windows-Security-Mitigations", "Computer": "DESKTOP-OFJ6N53", "TimeCreated": "2025-03-11 20:22:57.962429+00:00", "RecordID": "8573", "Level": "3", "UserID": "S-1-5-21-963789628-1060504924-4285088085-1001", "EventData.ProcessPathLength": "74", "EventData.ProcessPath": "\\Device\\HarddiskVolume3\\Program Files\\Google\\Chrome\\Application\\chrome.exe", "EventData.ProcessCommandLineLength": "497", "EventData.ProcessCommandLine": "\"C:\\Program Files\\Google\\Chrome\\Application\\chrome.exe\" --type=renderer --no-pre-read-main-dll --video-capture-use-gpu-memory-buffer --lang=ru --device-scale-factor=1 --num-raster-threads=2 --enable-main-frame-before-activation --renderer-client-id=7 --time-ticks-at-unix-epoch=-1741724213192136 --launch-time-ticks=358085589 --field-trial-handle=2108,i,6696835334067640844,6738954853682391368,262144 --variations-seed-version=20250311-050106.243000 --mojo-platform-channel-handle=3700 /prefetch:1", "EventData.ProcessId": "3336", "EventData.ProcessCreateTime": "2025-03-11 20:22:51.279648+00:00", "EventData.ProcessStartKey": "44191571343573482", "EventData.ProcessSignatureLevel": "8", "EventData.ProcessSectionSignatureLevel": "8", "EventData.ProcessProtection": "0", "EventData.TargetThreadId": "10380", "EventData.TargetThreadCreateTime": "2025-03-11 20:22:51.279650+00:00", "EventData.RequiredSignatureLevel": "8", "EventData.SignatureLevel": "0", "EventData.ImageNameLength": "60", "EventData.ImageName": "\\Program Files\\Common Files\\Crypto Pro\\AppCompat\\cpcrypt.dll"}
{"EventID": "12", "Channel": "Microsoft-Windows-Security-Mitigations/KernelMode", "Provider_Name": "Microsoft-Windows-Security-Mitigations", "Computer": "DESKTOP-OFJ6N53", "TimeCreated": "2025-03-11 20:23:33.812040+00:00", "RecordID": "8574", "Level": "3", "UserID": "S-1-5-21-963789628-1060504924-4285088085-1001", "EventData.ProcessPathLength": "74", "EventData.ProcessPath": "\\Device\\HarddiskVolume3\\Program Files\\Google\\Chrome\\Application\\chrome.exe", "EventData.ProcessCommandLineLength": "512", "EventData.ProcessCommandLine": "\"C:\\Program Files\\Google\\Chrome\\Application\\chrome.exe\" --type=renderer --no-pre-read-main-dll --disable-gpu-compositing --video-capture-use-gpu-memory-buffer --lang=ru --device-scale-factor=1 --num-raster-threads=2 --enable-main-frame-before-activation --renderer-client-id=8 --time-ticks-at-unix-epoch=-1741724213192136 --launch-time-ticks=364124166 --field-trial-handle=2108,i,6696835334067640844,6738954853682391368,262144 --variations-seed-version=20250311-050106.243000 --mojo-platform-channel-handle=4632", "EventData.ProcessId": "12408", "EventData.ProcessCreateTime": "2025-03-11 20:22:57.317532+00:00", "EventData.ProcessStartKey": "44191571343573485", "EventData.ProcessSignatureLevel": "8", "EventData.ProcessSectionSignatureLevel": "8", "EventData.ProcessProtection": "0", "EventData.TargetThreadId": "12412", "EventData.TargetThreadCreateTime": "2025-03-11 20:22:57.317537+00:00", "EventData.RequiredSignatureLevel": "8", "EventData.SignatureLevel": "0", "EventData.ImageNameLength": "60", "EventData.ImageName": "\\Program Files\\Common Files\\Crypto Pro\\AppCompat\\cpcrypt.dll"}
{"EventID": "12", "Channel": "Microsoft-Windows-Security-Mitigations/KernelMode", "Provider_Name": "Microsoft-Windows-Security-Mitigations", "Computer": "DESKTOP-OFJ6N53", "TimeCreated": "2025-03-11 20:23:50.411198+00:00", "RecordID": "8575", "Level": "3", "UserID": "S-1-5-21-963789628-1060504924-4285088085-1001", "EventData.ProcessPathLength": "74", "EventData.ProcessPath": "\\Device\\HarddiskVolume3\\Program Files\\Google\\Chrome\\Application\\chrome.exe", "EventData.ProcessCommandLineLength": "512", "EventData.ProcessCommandLine": "\"C:\\Program Files\\Google\\Chrome\\Application\\chrome.exe\" --type=renderer --no-pre-read-main-dll --disable-gpu-compositing --video-capture-use-gpu-memory-buffer --lang=ru --device-scale-factor=1 --num-raster-threads=2 --enable-main-frame-before-activation --renderer-client-id=5 --time-ticks-at-unix-epoch=-1741724213192136 --launch-time-ticks=378498283 --field-trial-handle=2108,i,6696835334067640844,6738954853682391368,262144 --variations-seed-version=20250311-050106.243000 --mojo-platform-channel-handle=5288", "EventData.ProcessId": "13116", "EventData.ProcessCreateTime": "2025-03-11 20:23:11.700417+00:00", "EventData.ProcessStartKey": "44191571343573491", "EventData.ProcessSignatureLevel": "8", "EventData.ProcessSectionSignatureLevel": "8", "EventData.ProcessProtection": "0", "EventData.TargetThreadId": "13120", "EventData.TargetThreadCreateTime": "2025-03-11 20:23:11.700420+00:00", "EventData.RequiredSignatureLevel": "8", "EventData.SignatureLevel": "0", "EventData.ImageNameLength": "60", "EventData.ImageName": "\\Program Files\\Common Files\\Crypto Pro\\AppCompat\\cpcrypt.dll"}
{"EventID": "12", "Channel": "Microsoft-Windows-Security-Mitigations/KernelMode", "Provider_Name": "Microsoft-Windows-Security-Mitigations", "Computer": "DESKTOP-OFJ6N53", "TimeCreated": "2025-03-11 20:23:59.005117+00:00", "RecordID": "8576", "Level": "3", "UserID": "S-1-5-21-963789628-1060504924-4285088085-1001", "EventData.ProcessPathLength": "74", "EventData.ProcessPath": "\\Device\\HarddiskVolume3\\Program Files\\Google\\Chrome\\Application\\chrome.exe", "EventData.ProcessCommandLineLength": "512", "EventData.ProcessCommandLine": "\"C:\\Program Files\\Google\\Chrome\\Application\\chrome.exe\" --type=renderer --no-pre-read-main-dll --disable-gpu-compositing --video-capture-use-gpu-memory-buffer --lang=ru --device-scale-factor=1 --num-raster-threads=2 --enable-main-frame-before-activation --renderer-client-id=13 --time-ticks-at-unix-epoch=-1741724213192136 --launch-time-ticks=422247127 --field-trial-handle=2108,i,6696835334067640844,6738954853682391368,262144 --variations-seed-version=20250311-050106.243000 --mojo-platform-channel-handle=1176", "EventData.ProcessId": "11136", "EventData.ProcessCreateTime": "2025-03-11 20:23:55.440395+00:00", "EventData.ProcessStartKey": "44191571343573503", "EventData.ProcessSignatureLevel": "8", "EventData.ProcessSectionSignatureLevel": "8", "EventData.ProcessProtection": "0", "EventData.TargetThreadId": "10708", "EventData.TargetThreadCreateTime": "2025-03-11 20:23:55.440397+00:00", "EventData.RequiredSignatureLevel": "8", "EventData.SignatureLevel": "0", "EventData.ImageNameLength": "60", "EventData.ImageName": "\\Program Files\\Common Files\\Crypto Pro\\AppCompat\\cpcrypt.dll"}
{"EventID": "12", "Channel": "Microsoft-Windows-Security-Mitigations/KernelMode", "Provider_Name": "Microsoft-Windows-Security-Mitigations", "Computer": "DESKTOP-OFJ6N53", "TimeCreated": "2025-03-11 20:26:26.056068+00:00", "RecordID": "8577", "Level": "3", "UserID": "S-1-5-21-963789628-1060504924-4285088085-1001", "EventData.ProcessPathLength": "74", "EventData.ProcessPath": "\\Device\\HarddiskVolume3\\Program Files\\Google\\Chrome\\Application\\chrome.exe", "EventData.ProcessCommandLineLength": "386", "EventData.ProcessCommandLine": "\"C:\\Program Files\\Google\\Chrome\\Application\\chrome.exe\" --type=utility --utility-sub-type=on_device_model.mojom.OnDeviceModelService --lang=ru --service-sandbox-type=on_device_model_execution --no-pre-read-main-dll --field-trial-handle=2108,i,6696835334067640844,6738954853682391368,262144 --variations-seed-version=20250311-050106.243000 --mojo-platform-channel-handle=5932 /prefetch:8", "EventData.ProcessId": "6760", "EventData.ProcessCreateTime": "2025-03-11 20:25:50.020189+00:00", "EventData.ProcessStartKey": "44191571343573527", "EventData.ProcessSignatureLevel": "8", "EventData.ProcessSectionSignatureLevel": "8", "EventData.ProcessProtection": "0", "EventData.TargetThreadId": "4020", "EventData.TargetThreadCreateTime": "2025-03-11 20:25:50.020193+00:00", "EventData.RequiredSignatureLevel": "8", "EventData.SignatureLevel": "0", "EventData.ImageNameLength": "60", "EventData.ImageName": "\\Program Files\\Common Files\\Crypto Pro\\AppCompat\\cpadvai.dll"}
{"EventID": "12", "Channel": "Microsoft-Windows-Security-Mitigations/KernelMode", "Provider_Name": "Microsoft-Windows-Security-Mitigations", "Computer": "DESKTOP-OFJ6N53", "TimeCreated": "2025-03-11 20:28:58.741100+00:00", "RecordID": "8578", "Level": "3", "UserID": "S-1-5-18", "EventData.ProcessPathLength": "100", "EventData.ProcessPath": "\\Device\\HarddiskVolume3\\ProgramData\\Microsoft\\Windows Defender\\Platform\\4.18.25010.11-0\\MpCmdRun.exe", "EventData.ProcessCommandLineLength": "135", "EventData.ProcessCommandLine": "\"C:\\ProgramData\\Microsoft\\Windows Defender\\Platform\\4.18.25010.11-0\\MpCmdRun.exe\" SignaturesUpdateService -ScheduleJob -UnmanagedUpdate", "EventData.ProcessId": "9932", "EventData.ProcessCreateTime": "2025-03-11 20:28:36.916658+00:00", "EventData.ProcessStartKey": "44191571343573582", "EventData.ProcessSignatureLevel": "8", "EventData.ProcessSectionSignatureLevel": "8", "EventData.ProcessProtection": "0", "EventData.TargetThreadId": "6860", "EventData.TargetThreadCreateTime": "2025-03-11 20:28:37.664106+00:00", "EventData.RequiredSignatureLevel": "8", "EventData.SignatureLevel": "0", "EventData.ImageNameLength": "60", "EventData.ImageName": "\\Program Files\\Common Files\\Crypto Pro\\AppCompat\\cpadvai.dll"}
{"EventID": "12", "Channel": "Microsoft-Windows-Security-Mitigations/KernelMode", "Provider_Name": "Microsoft-Windows-Security-Mitigations", "Computer": "DESKTOP-OFJ6N53", "TimeCreated": "2025-03-12 16:25:49.664871+00:00", "RecordID": "8579", "Level": "3", "UserID": "S-1-5-21-963789628-1060504924-4285088085-1001", "EventData.ProcessPathLength": "74", "EventData.ProcessPath": "\\Device\\HarddiskVolume3\\Program Files\\Google\\Chrome\\Application\\chrome.exe", "EventData.ProcessCommandLineLength": "512", "EventData.ProcessCommandLine": "\"C:\\Program Files\\Google\\Chrome\\Application\\chrome.exe\" --type=renderer --no-pre-read-main-dll --disable-gpu-compositing --video-capture-use-gpu-memory-buffer --lang=ru --device-scale-factor=1 --num-raster-threads=2 --enable-main-frame-before-activation --renderer-client-id=28 --time-ticks-at-unix-epoch=-1741724213192136 --launch-time-ticks=72535194705 --field-trial-handle=2108,i,6696835334067640844,6738954853682391368,262144 --variations-seed-version=20250311-050106.243000 --mojo-platform-channel-handle=69", "EventData.ProcessId": "13248", "EventData.ProcessCreateTime": "2025-03-12 16:25:49.620796+00:00", "EventData.ProcessStartKey": "44191571343575107", "EventData.ProcessSignatureLevel": "8", "EventData.ProcessSectionSignatureLevel": "8", "EventData.ProcessProtection": "0", "EventData.TargetThreadId": "12944", "EventData.TargetThreadCreateTime": "2025-03-12 16:25:49.620800+00:00", "EventData.RequiredSignatureLevel": "8", "EventData.SignatureLevel": "0", "EventData.ImageNameLength": "60", "EventData.ImageName": "\\Program Files\\Common Files\\Crypto Pro\\AppCompat\\cpcrypt.dll"}
{"EventID": "12", "Channel": "Microsoft-Windows-Security-Mitigations/KernelMode", "Provider_Name": "Microsoft-Windows-Security-Mitigations", "Computer": "DESKTOP-OFJ6N53", "TimeCreated": "2025-03-12 16:25:51.438498+00:00", "RecordID": "8580", "Level": "3", "UserID": "S-1-5-21-963789628-1060504924-4285088085-1001", "EventData.ProcessPathLength": "74", "EventData.ProcessPath": "\\Device\\HarddiskVolume3\\Program Files\\Google\\Chrome\\Application\\chrome.exe", "EventData.ProcessCommandLineLength": "512", "EventData.ProcessCommandLine": "\"C:\\Program Files\\Google\\Chrome\\Application\\chrome.exe\" --type=renderer --no-pre-read-main-dll --disable-gpu-compositing --video-capture-use-gpu-memory-buffer --lang=ru --device-scale-factor=1 --num-raster-threads=2 --enable-main-frame-before-activation --renderer-client-id=29 --time-ticks-at-unix-epoch=-1741724213192136 --launch-time-ticks=72536707849 --field-trial-handle=2108,i,6696835334067640844,6738954853682391368,262144 --variations-seed-version=20250311-050106.243000 --mojo-platform-channel-handle=64", "EventData.ProcessId": "5232", "EventData.ProcessCreateTime": "2025-03-12 16:25:51.133842+00:00", "EventData.ProcessStartKey": "44191571343575108", "EventData.ProcessSignatureLevel": "8", "EventData.ProcessSectionSignatureLevel": "8", "EventData.ProcessProtection": "0", "EventData.TargetThreadId": "10308", "EventData.TargetThreadCreateTime": "2025-03-12 16:25:51.133846+00:00", "EventData.RequiredSignatureLevel": "8", "EventData.SignatureLevel": "0", "EventData.ImageNameLength": "60", "EventData.ImageName": "\\Program Files\\Common Files\\Crypto Pro\\AppCompat\\cpcrypt.dll"}
{"EventID": "12", "Channel": "Microsoft-Windows-Security-Mitigations/KernelMode", "Provider_Name": "Microsoft-Windows-Security-Mitigations", "Computer": "DESKTOP-OFJ6N53", "TimeCreated": "2025-03-12 16:25:52.937344+00:00", "RecordID": "8581", "Level": "3", "UserID": "S-1-5-21-963789628-1060504924-4285088085-1001", "EventData.ProcessPathLength": "74", "EventData.ProcessPath": "\\Device\\HarddiskVolume3\\Program Files\\Google\\Chrome\\Application\\chrome.exe", "EventData.ProcessCommandLineLength": "512", "EventData.ProcessCommandLine": "\"C:\\Program Files\\Google\\Chrome\\Application\\chrome.exe\" --type=renderer --no-pre-read-main-dll --disable-gpu-compositing --video-capture-use-gpu-memory-buffer --lang=ru --device-scale-factor=1 --num-raster-threads=2 --enable-main-frame-before-activation --renderer-client-id=30 --time-ticks-at-unix-epoch=-1741724213192136 --launch-time-ticks=72538175862 --field-trial-handle=2108,i,6696835334067640844,6738954853682391368,262144 --variations-seed-version=20250311-050106.243000 --mojo-platform-channel-handle=71", "EventData.ProcessId": "5856", "EventData.ProcessCreateTime": "2025-03-12 16:25:52.602146+00:00", "EventData.ProcessStartKey": "44191571343575109", "EventData.ProcessSignatureLevel": "8", "EventData.ProcessSectionSignatureLevel": "8", "EventData.ProcessProtection": "0", "EventData.TargetThreadId": "6716", "EventData.TargetThreadCreateTime": "2025-03-12 16:25:52.602150+00:00", "EventData.RequiredSignatureLevel": "8", "EventData.SignatureLevel": "0", "EventData.ImageNameLength": "60", "EventData.ImageName": "\\Program Files\\Common Files\\Crypto Pro\\AppCompat\\cpcrypt.dll"}
{"EventID": "12", "Channel": "Microsoft-Windows-Security-Mitigations/KernelMode", "Provider_Name": "Microsoft-Windows-Security-Mitigations", "Computer": "DESKTOP-OFJ6N53", "TimeCreated": "2025-03-12 16:25:53.128784+00:00", "RecordID": "8582", "Level": "3", "UserID": "S-1-5-21-963789628-1060504924-4285088085-1001", "EventData.ProcessPathLength": "74", "EventData.ProcessPath": "\\Device\\HarddiskVolume3\\Program Files\\Google\\Chrome\\Application\\chrome.exe", "EventData.ProcessCommandLineLength": "512", "EventData.ProcessCommandLine": "\"C:\\Program Files\\Google\\Chrome\\Application\\chrome.exe\" --type=renderer --no-pre-read-main-dll --disable-gpu-compositing --video-capture-use-gpu-memory-buffer --lang=ru --device-scale-factor=1 --num-raster-threads=2 --enable-main-frame-before-activation --renderer-client-id=31 --time-ticks-at-unix-epoch=-1741724213192136 --launch-time-ticks=72538373842 --field-trial-handle=2108,i,6696835334067640844,6738954853682391368,262144 --variations-seed-version=20250311-050106.243000 --mojo-platform-channel-handle=69", "EventData.ProcessId": "8976", "EventData.ProcessCreateTime": "2025-03-12 16:25:52.803699+00:00", "EventData.ProcessStartKey": "44191571343575110", "EventData.ProcessSignatureLevel": "8", "EventData.ProcessSectionSignatureLevel": "8", "EventData.ProcessProtection": "0", "EventData.TargetThreadId": "1044", "EventData.TargetThreadCreateTime": "2025-03-12 16:25:52.803701+00:00", "EventData.RequiredSignatureLevel": "8", "EventData.SignatureLevel": "0", "EventData.ImageNameLength": "60", "EventData.ImageName": "\\Program Files\\Common Files\\Crypto Pro\\AppCompat\\cpcrypt.dll"}
{"EventID": "12", "Channel": "Microsoft-Windows-Security-Mitigations/KernelMode", "Provider_Name": "Microsoft-Windows-Security-Mitigations", "Computer": "DESKTOP-OFJ6N53", "TimeCreated": "2025-03-12 16:25:57.299032+00:00", "RecordID": "8583", "Level": "3", "UserID": "S-1-5-21-963789628-1060504924-4285088085-1001", "EventData.ProcessPathLength": "74", "EventData.ProcessPath": "\\Device\\HarddiskVolume3\\Program Files\\Google\\Chrome\\Application\\chrome.exe", "EventData.ProcessCommandLineLength": "512", "EventData.ProcessCommandLine": "\"C:\\Program Files\\Google\\Chrome\\Application\\chrome.exe\" --type=renderer --no-pre-read-main-dll --disable-gpu-compositing --video-capture-use-gpu-memory-buffer --lang=ru --device-scale-factor=1 --num-raster-threads=2 --enable-main-frame-before-activation --renderer-client-id=32 --time-ticks-at-unix-epoch=-1741724213192136 --launch-time-ticks=72542789410 --field-trial-handle=2108,i,6696835334067640844,6738954853682391368,262144 --variations-seed-version=20250311-050106.243000 --mojo-platform-channel-handle=70", "EventData.ProcessId": "856", "EventData.ProcessCreateTime": "2025-03-12 16:25:57.215445+00:00", "EventData.ProcessStartKey": "44191571343575111", "EventData.ProcessSignatureLevel": "8", "EventData.ProcessSectionSignatureLevel": "8", "EventData.ProcessProtection": "0", "EventData.TargetThreadId": "12512", "EventData.TargetThreadCreateTime": "2025-03-12 16:25:57.215446+00:00", "EventData.RequiredSignatureLevel": "8", "EventData.SignatureLevel": "0", "EventData.ImageNameLength": "60", "EventData.ImageName": "\\Program Files\\Common Files\\Crypto Pro\\AppCompat\\cpcrypt.dll"}
{"EventID": "12", "Channel": "Microsoft-Windows-Security-Mitigations/KernelMode", "Provider_Name": "Microsoft-Windows-Security-Mitigations", "Computer": "DESKTOP-OFJ6N53", "TimeCreated": "2025-03-12 16:25:58.477705+00:00", "RecordID": "8584", "Level": "3", "UserID": "S-1-5-21-963789628-1060504924-4285088085-1001", "EventData.ProcessPathLength": "74", "EventData.ProcessPath": "\\Device\\HarddiskVolume3\\Program Files\\Google\\Chrome\\Application\\chrome.exe", "EventData.ProcessCommandLineLength": "512", "EventData.ProcessCommandLine": "\"C:\\Program Files\\Google\\Chrome\\Application\\chrome.exe\" --type=renderer --no-pre-read-main-dll --disable-gpu-compositing --video-capture-use-gpu-memory-buffer --lang=ru --device-scale-factor=1 --num-raster-threads=2 --enable-main-frame-before-activation --renderer-client-id=33 --time-ticks-at-unix-epoch=-1741724213192136 --launch-time-ticks=72543268521 --field-trial-handle=2108,i,6696835334067640844,6738954853682391368,262144 --variations-seed-version=20250311-050106.243000 --mojo-platform-channel-handle=68", "EventData.ProcessId": "1776", "EventData.ProcessCreateTime": "2025-03-12 16:25:57.694517+00:00", "EventData.ProcessStartKey": "44191571343575112", "EventData.ProcessSignatureLevel": "8", "EventData.ProcessSectionSignatureLevel": "8", "EventData.ProcessProtection": "0", "EventData.TargetThreadId": "132", "EventData.TargetThreadCreateTime": "2025-03-12 16:25:57.694521+00:00", "EventData.RequiredSignatureLevel": "8", "EventData.SignatureLevel": "0", "EventData.ImageNameLength": "60", "EventData.ImageName": "\\Program Files\\Common Files\\Crypto Pro\\AppCompat\\cpcrypt.dll"}
{"EventID": "12", "Channel": "Microsoft-Windows-Security-Mitigations/KernelMode", "Provider_Name": "Microsoft-Windows-Security-Mitigations", "Computer": "DESKTOP-OFJ6N53", "TimeCreated": "2025-03-12 16:26:02.361254+00:00", "RecordID": "8585", "Level": "3", "UserID": "S-1-5-21-963789628-1060504924-4285088085-1001", "EventData.ProcessPathLength": "74", "EventData.ProcessPath": "\\Device\\HarddiskVolume3\\Program Files\\Google\\Chrome\\Application\\chrome.exe", "EventData.ProcessCommandLineLength": "512", "EventData.ProcessCommandLine": "\"C:\\Program Files\\Google\\Chrome\\Application\\chrome.exe\" --type=renderer --no-pre-read-main-dll --disable-gpu-compositing --video-capture-use-gpu-memory-buffer --lang=ru --device-scale-factor=1 --num-raster-threads=2 --enable-main-frame-before-activation --renderer-client-id=34 --time-ticks-at-unix-epoch=-1741724213192136 --launch-time-ticks=72547897427 --field-trial-handle=2108,i,6696835334067640844,6738954853682391368,262144 --variations-seed-version=20250311-050106.243000 --mojo-platform-channel-handle=51", "EventData.ProcessId": "12632", "EventData.ProcessCreateTime": "2025-03-12 16:26:02.323389+00:00", "EventData.ProcessStartKey": "44191571343575113", "EventData.ProcessSignatureLevel": "8", "EventData.ProcessSectionSignatureLevel": "8", "EventData.ProcessProtection": "0", "EventData.TargetThreadId": "10396", "EventData.TargetThreadCreateTime": "2025-03-12 16:26:02.323389+00:00", "EventData.RequiredSignatureLevel": "8", "EventData.SignatureLevel": "0", "EventData.ImageNameLength": "60", "EventData.ImageName": "\\Program Files\\Common Files\\Crypto Pro\\AppCompat\\cpcrypt.dll"}
{"EventID": "12", "Channel": "Microsoft-Windows-Security-Mitigations/KernelMode", "Provider_Name": "Microsoft-Windows-Security-Mitigations", "Computer": "DESKTOP-OFJ6N53", "TimeCreated": "2025-03-12 16:26:10.369133+00:00", "RecordID": "8586", "Level": "3", "UserID": "S-1-5-21-963789628-1060504924-4285088085-1001", "EventData.ProcessPathLength": "74", "EventData.ProcessPath": "\\Device\\HarddiskVolume3\\Program Files\\Google\\Chrome\\Application\\chrome.exe", "EventData.ProcessCommandLineLength": "512", "EventData.ProcessCommandLine": "\"C:\\Program Files\\Google\\Chrome\\Application\\chrome.exe\" --type=renderer --no-pre-read-main-dll --disable-gpu-compositing --video-capture-use-gpu-memory-buffer --lang=ru --device-scale-factor=1 --num-raster-threads=2 --enable-main-frame-before-activation --renderer-client-id=35 --time-ticks-at-unix-epoch=-1741724213192136 --launch-time-ticks=72555889724 --field-trial-handle=2108,i,6696835334067640844,6738954853682391368,262144 --variations-seed-version=20250311-050106.243000 --mojo-platform-channel-handle=46", "EventData.ProcessId": "1456", "EventData.ProcessCreateTime": "2025-03-12 16:26:10.315704+00:00", "EventData.ProcessStartKey": "44191571343575114", "EventData.ProcessSignatureLevel": "8", "EventData.ProcessSectionSignatureLevel": "8", "EventData.ProcessProtection": "0", "EventData.TargetThreadId": "6548", "EventData.TargetThreadCreateTime": "2025-03-12 16:26:10.315710+00:00", "EventData.RequiredSignatureLevel": "8", "EventData.SignatureLevel": "0", "EventData.ImageNameLength": "60", "EventData.ImageName": "\\Program Files\\Common Files\\Crypto Pro\\AppCompat\\cpcrypt.dll"}
{"EventID": "12", "Channel": "Microsoft-Windows-Security-Mitigations/KernelMode", "Provider_Name": "Microsoft-Windows-Security-Mitigations", "Computer": "DESKTOP-OFJ6N53", "TimeCreated": "2025-03-12 16:26:10.503775+00:00", "RecordID": "8587", "Level": "3", "UserID": "S-1-5-21-963789628-1060504924-4285088085-1001", "EventData.ProcessPathLength": "74", "EventData.ProcessPath": "\\Device\\HarddiskVolume3\\Program Files\\Google\\Chrome\\Application\\chrome.exe", "EventData.ProcessCommandLineLength": "512", "EventData.ProcessCommandLine": "\"C:\\Program Files\\Google\\Chrome\\Application\\chrome.exe\" --type=renderer --no-pre-read-main-dll --disable-gpu-compositing --video-capture-use-gpu-memory-buffer --lang=ru --device-scale-factor=1 --num-raster-threads=2 --enable-main-frame-before-activation --renderer-client-id=36 --time-ticks-at-unix-epoch=-1741724213192136 --launch-time-ticks=72555989133 --field-trial-handle=2108,i,6696835334067640844,6738954853682391368,262144 --variations-seed-version=20250311-050106.243000 --mojo-platform-channel-handle=62", "EventData.ProcessId": "10268", "EventData.ProcessCreateTime": "2025-03-12 16:26:10.415171+00:00", "EventData.ProcessStartKey": "44191571343575115", "EventData.ProcessSignatureLevel": "8", "EventData.ProcessSectionSignatureLevel": "8", "EventData.ProcessProtection": "0", "EventData.TargetThreadId": "8360", "EventData.TargetThreadCreateTime": "2025-03-12 16:26:10.415174+00:00", "EventData.RequiredSignatureLevel": "8", "EventData.SignatureLevel": "0", "EventData.ImageNameLength": "60", "EventData.ImageName": "\\Program Files\\Common Files\\Crypto Pro\\AppCompat\\cpcrypt.dll"}
{"EventID": "12", "Channel": "Microsoft-Windows-Security-Mitigations/KernelMode", "Provider_Name": "Microsoft-Windows-Security-Mitigations", "Computer": "DESKTOP-OFJ6N53", "TimeCreated": "2025-03-12 16:26:25.514063+00:00", "RecordID": "8588", "Level": "3", "UserID": "S-1-5-21-963789628-1060504924-4285088085-1001", "EventData.ProcessPathLength": "74", "EventData.ProcessPath": "\\Device\\HarddiskVolume3\\Program Files\\Google\\Chrome\\Application\\chrome.exe", "EventData.ProcessCommandLineLength": "512", "EventData.ProcessCommandLine": "\"C:\\Program Files\\Google\\Chrome\\Application\\chrome.exe\" --type=renderer --no-pre-read-main-dll --disable-gpu-compositing --video-capture-use-gpu-memory-buffer --lang=ru --device-scale-factor=1 --num-raster-threads=2 --enable-main-frame-before-activation --renderer-client-id=37 --time-ticks-at-unix-epoch=-1741724213192136 --launch-time-ticks=72571026964 --field-trial-handle=2108,i,6696835334067640844,6738954853682391368,262144 --variations-seed-version=20250311-050106.243000 --mojo-platform-channel-handle=55", "EventData.ProcessId": "10788", "EventData.ProcessCreateTime": "2025-03-12 16:26:25.453255+00:00", "EventData.ProcessStartKey": "44191571343575116", "EventData.ProcessSignatureLevel": "8", "EventData.ProcessSectionSignatureLevel": "8", "EventData.ProcessProtection": "0", "EventData.TargetThreadId": "5884", "EventData.TargetThreadCreateTime": "2025-03-12 16:26:25.453259+00:00", "EventData.RequiredSignatureLevel": "8", "EventData.SignatureLevel": "0", "EventData.ImageNameLength": "60", "EventData.ImageName": "\\Program Files\\Common Files\\Crypto Pro\\AppCompat\\cpcrypt.dll"}
{"EventID": "12", "Channel": "Microsoft-Windows-Security-Mitigations/KernelMode", "Provider_Name": "Microsoft-Windows-Security-Mitigations", "Computer": "DESKTOP-OFJ6N53", "TimeCreated": "2025-03-12 16:26:25.746397+00:00", "RecordID": "8589", "Level": "3", "UserID": "S-1-5-21-963789628-1060504924-4285088085-1001", "EventData.ProcessPathLength": "74", "EventData.ProcessPath": "\\Device\\HarddiskVolume3\\Program Files\\Google\\Chrome\\Application\\chrome.exe", "EventData.ProcessCommandLineLength": "512", "EventData.ProcessCommandLine": "\"C:\\Program Files\\Google\\Chrome\\Application\\chrome.exe\" --type=renderer --no-pre-read-main-dll --disable-gpu-compositing --video-capture-use-gpu-memory-buffer --lang=ru --device-scale-factor=1 --num-raster-threads=2 --enable-main-frame-before-activation --renderer-client-id=38 --time-ticks-at-unix-epoch=-1741724213192136 --launch-time-ticks=72571259606 --field-trial-handle=2108,i,6696835334067640844,6738954853682391368,262144 --variations-seed-version=20250311-050106.243000 --mojo-platform-channel-handle=71", "EventData.ProcessId": "2124", "EventData.ProcessCreateTime": "2025-03-12 16:26:25.686159+00:00", "EventData.ProcessStartKey": "44191571343575117", "EventData.ProcessSignatureLevel": "8", "EventData.ProcessSectionSignatureLevel": "8", "EventData.ProcessProtection": "0", "EventData.TargetThreadId": "8340", "EventData.TargetThreadCreateTime": "2025-03-12 16:26:25.686165+00:00", "EventData.RequiredSignatureLevel": "8", "EventData.SignatureLevel": "0", "EventData.ImageNameLength": "60", "EventData.ImageName": "\\Program Files\\Common Files\\Crypto Pro\\AppCompat\\cpcrypt.dll"}
{"EventID": "12", "Channel": "Microsoft-Windows-Security-Mitigations/KernelMode", "Provider_Name": "Microsoft-Windows-Security-Mitigations", "Computer": "DESKTOP-OFJ6N53", "TimeCreated": "2025-03-12 16:26:29.906248+00:00", "RecordID": "8590", "Level": "3", "UserID": "S-1-5-21-963789628-1060504924-4285088085-1001", "EventData.ProcessPathLength": "74", "EventData.ProcessPath": "\\Device\\HarddiskVolume3\\Program Files\\Google\\Chrome\\Application\\chrome.exe", "EventData.ProcessCommandLineLength": "512", "EventData.ProcessCommandLine": "\"C:\\Program Files\\Google\\Chrome\\Application\\chrome.exe\" --type=renderer --no-pre-read-main-dll --disable-gpu-compositing --video-capture-use-gpu-memory-buffer --lang=ru --device-scale-factor=1 --num-raster-threads=2 --enable-main-frame-before-activation --renderer-client-id=39 --time-ticks-at-unix-epoch=-1741724213192136 --launch-time-ticks=72575443863 --field-trial-handle=2108,i,6696835334067640844,6738954853682391368,262144 --variations-seed-version=20250311-050106.243000 --mojo-platform-channel-handle=68", "EventData.ProcessId": "8424", "EventData.ProcessCreateTime": "2025-03-12 16:26:29.870033+00:00", "EventData.ProcessStartKey": "44191571343575118", "EventData.ProcessSignatureLevel": "8", "EventData.ProcessSectionSignatureLevel": "8", "EventData.ProcessProtection": "0", "EventData.TargetThreadId": "8924", "EventData.TargetThreadCreateTime": "2025-03-12 16:26:29.870037+00:00", "EventData.RequiredSignatureLevel": "8", "EventData.SignatureLevel": "0", "EventData.ImageNameLength": "60", "EventData.ImageName": "\\Program Files\\Common Files\\Crypto Pro\\AppCompat\\cpcrypt.dll"}
{"EventID": "12", "Channel": "Microsoft-Windows-Security-Mitigations/KernelMode", "Provider_Name": "Microsoft-Windows-Security-Mitigations", "Computer": "DESKTOP-OFJ6N53", "TimeCreated": "2025-03-12 20:28:47.095358+00:00", "RecordID": "8591", "Level": "3", "UserID": "S-1-5-18", "EventData.ProcessPathLength": "100", "EventData.ProcessPath": "\\Device\\HarddiskVolume3\\ProgramData\\Microsoft\\Windows Defender\\Platform\\4.18.25010.11-0\\MpCmdRun.exe", "EventData.ProcessCommandLineLength": "135", "EventData.ProcessCommandLine": "\"C:\\ProgramData\\Microsoft\\Windows Defender\\Platform\\4.18.25010.11-0\\MpCmdRun.exe\" SignaturesUpdateService -ScheduleJob -UnmanagedUpdate", "EventData.ProcessId": "9788", "EventData.ProcessCreateTime": "2025-03-12 20:28:36.665525+00:00", "EventData.ProcessStartKey": "44191571343575300", "EventData.ProcessSignatureLevel": "8", "EventData.ProcessSectionSignatureLevel": "8", "EventData.ProcessProtection": "0", "EventData.TargetThreadId": "1456", "EventData.TargetThreadCreateTime": "2025-03-12 20:28:36.814966+00:00", "EventData.RequiredSignatureLevel": "8", "EventData.SignatureLevel": "0", "EventData.ImageNameLength": "60", "EventData.ImageName": "\\Program Files\\Common Files\\Crypto Pro\\AppCompat\\cpadvai.dll"}
{"EventID": "12", "Channel": "Microsoft-Windows-Security-Mitigations/KernelMode", "Provider_Name": "Microsoft-Windows-Security-Mitigations", "Computer": "DESKTOP-OFJ6N53", "TimeCreated": "2025-03-13 20:28:47.806583+00:00", "RecordID": "8592", "Level": "3", "UserID": "S-1-5-18", "EventData.ProcessPathLength": "100", "EventData.ProcessPath": "\\Device\\HarddiskVolume3\\ProgramData\\Microsoft\\Windows Defender\\Platform\\4.18.25010.11-0\\MpCmdRun.exe", "EventData.ProcessCommandLineLength": "135", "EventData.ProcessCommandLine": "\"C:\\ProgramData\\Microsoft\\Windows Defender\\Platform\\4.18.25010.11-0\\MpCmdRun.exe\" SignaturesUpdateService -ScheduleJob -UnmanagedUpdate", "EventData.ProcessId": "2488", "EventData.ProcessCreateTime": "2025-03-13 20:28:37.976791+00:00", "EventData.ProcessStartKey": "44191571343576209", "EventData.ProcessSignatureLevel": "8", "EventData.ProcessSectionSignatureLevel": "8", "EventData.ProcessProtection": "0", "EventData.TargetThreadId": "10856", "EventData.TargetThreadCreateTime": "2025-03-13 20:28:38.140373+00:00", "EventData.RequiredSignatureLevel": "8", "EventData.SignatureLevel": "0", "EventData.ImageNameLength": "60", "EventData.ImageName": "\\Program Files\\Common Files\\Crypto Pro\\AppCompat\\cpadvai.dll"}
