{"EventID": "4042", "Channel": "Microsoft-Windows-NCSI/Operational", "Provider_Name": "Microsoft-Windows-NCSI", "Computer": "DESKTOP-OFJ6N53", "TimeCreated": "2024-02-21 18:07:24.845585+00:00", "RecordID": "6683", "Level": "4", "UserID": "S-1-5-20", "EventData.InterfaceGuid": "{eb0948ce-2c9d-4bb1-b013-d4771779b95b}", "EventData.IfLuid": "1689399767072768", "EventData.Family": "1", "EventData.Capability": "1", "EventData.CapabilityChangeReason": "13", "EventData.PreviousCapability": "0"}
{"EventID": "4042", "Channel": "Microsoft-Windows-NCSI/Operational", "Provider_Name": "Microsoft-Windows-NCSI", "Computer": "DESKTOP-OFJ6N53", "TimeCreated": "2024-02-22 06:07:12.913824+00:00", "RecordID": "6684", "Level": "4", "UserID": "S-1-5-20", "EventData.InterfaceGuid": "{eb0948ce-2c9d-4bb1-b013-d4771779b95b}", "EventData.IfLuid": "1689399767072768", "EventData.Family": "0", "EventData.Capability": "0", "EventData.CapabilityChangeReason": "14", "EventData.PreviousCapability": "2"}
{"EventID": "4042", "Channel": "Microsoft-Windows-NCSI/Operational", "Provider_Name": "Microsoft-Windows-NCSI", "Computer": "DESKTOP-OFJ6N53", "TimeCreated": "2024-02-22 06:07:12.913900+00:00", "RecordID": "6685", "Level": "4", "UserID": "S-1-5-20", "EventData.InterfaceGuid": "{eb0948ce-2c9d-4bb1-b013-d4771779b95b}", "EventData.IfLuid": "1689399767072768", "EventData.Family": "1", "EventData.Capability": "0", "EventData.CapabilityChangeReason": "14", "EventData.PreviousCapability": "1"}
{"EventID": "4042", "Channel": "Microsoft-Windows-NCSI/Operational", "Provider_Name": "Microsoft-Windows-NCSI", "Computer": "DESKTOP-OFJ6N53", "TimeCreated": "2024-02-22 06:07:12.916107+00:00", "RecordID": "6686", "Level": "4", "UserID": "S-1-5-20", "EventData.InterfaceGuid": "{bed2c4be-ec11-4cc8-aafc-f0fd7a5e3a02}", "EventData.IfLuid": "1689399632855040", "EventData.Family": "0", "EventData.Capability": "1", "EventData.CapabilityChangeReason": "10", "EventData.PreviousCapability": "1"}
{"EventID": "4042", "Channel": "Microsoft-Windows-NCSI/Operational", "Provider_Name": "Microsoft-Windows-NCSI", "Computer": "DESKTOP-OFJ6N53", "TimeCreated": "2024-02-22 06:07:14.162226+00:00", "RecordID": "6687", "Level": "4", "UserID": "S-1-5-20", "EventData.InterfaceGuid": "{bed2c4be-ec11-4cc8-aafc-f0fd7a5e3a02}", "EventData.IfLuid": "1689399632855040", "EventData.Family": "0", "EventData.Capability": "2", "EventData.CapabilityChangeReason": "8", "EventData.PreviousCapability": "1"}
{"EventID": "4042", "Channel": "Microsoft-Windows-NCSI/Operational", "Provider_Name": "Microsoft-Windows-NCSI", "Computer": "DESKTOP-OFJ6N53", "TimeCreated": "2024-02-22 06:07:29.146870+00:00", "RecordID": "6688", "Level": "4", "UserID": "S-1-5-20", "EventData.InterfaceGuid": "{bed2c4be-ec11-4cc8-aafc-f0fd7a5e3a02}", "EventData.IfLuid": "1689399632855040", "EventData.Family": "1", "EventData.Capability": "1", "EventData.CapabilityChangeReason": "5", "EventData.PreviousCapability": "1"}
{"EventID": "4042", "Channel": "Microsoft-Windows-NCSI/Operational", "Provider_Name": "Microsoft-Windows-NCSI", "Computer": "DESKTOP-OFJ6N53", "TimeCreated": "2024-03-11 11:40:53.701124+00:00", "RecordID": "6689", "Level": "4", "UserID": "S-1-5-20", "EventData.InterfaceGuid": "{bed2c4be-ec11-4cc8-aafc-f0fd7a5e3a02}", "EventData.IfLuid": "1689399632855040", "EventData.Family": "0", "EventData.Capability": "0", "EventData.CapabilityChangeReason": "14", "EventData.PreviousCapability": "2"}
{"EventID": "4042", "Channel": "Microsoft-Windows-NCSI/Operational", "Provider_Name": "Microsoft-Windows-NCSI", "Computer": "DESKTOP-OFJ6N53", "TimeCreated": "2024-03-11 11:40:53.844252+00:00", "RecordID": "6690", "Level": "4", "UserID": "S-1-5-20", "EventData.InterfaceGuid": "{bed2c4be-ec11-4cc8-aafc-f0fd7a5e3a02}", "EventData.IfLuid": "1689399632855040", "EventData.Family": "1", "EventData.Capability": "0", "EventData.CapabilityChangeReason": "14", "EventData.PreviousCapability": "1"}
{"EventID": "4042", "Channel": "Microsoft-Windows-NCSI/Operational", "Provider_Name": "Microsoft-Windows-NCSI", "Computer": "DESKTOP-OFJ6N53", "TimeCreated": "2024-03-11 11:41:27.004587+00:00", "RecordID": "6691", "Level": "4", "UserID": "S-1-5-20", "EventData.InterfaceGuid": "{bed2c4be-ec11-4cc8-aafc-f0fd7a5e3a02}", "EventData.IfLuid": "1689399632855040", "EventData.Family": "0", "EventData.Capability": "1", "EventData.CapabilityChangeReason": "13", "EventData.PreviousCapability": "0"}
{"EventID": "4042", "Channel": "Microsoft-Windows-NCSI/Operational", "Provider_Name": "Microsoft-Windows-NCSI", "Computer": "DESKTOP-OFJ6N53", "TimeCreated": "2024-03-11 11:41:32.453894+00:00", "RecordID": "6692", "Level": "4", "UserID": "S-1-5-20", "EventData.InterfaceGuid": "{f9f70b1b-066b-49d6-94ae-a2d25033b214}", "EventData.IfLuid": "1689399716741120", "EventData.Family": "1", "EventData.Capability": "0", "EventData.CapabilityChangeReason": "5", "EventData.PreviousCapability": "0"}
{"EventID": "4042", "Channel": "Microsoft-Windows-NCSI/Operational", "Provider_Name": "Microsoft-Windows-NCSI", "Computer": "DESKTOP-OFJ6N53", "TimeCreated": "2024-03-11 11:41:32.617693+00:00", "RecordID": "6693", "Level": "4", "UserID": "S-1-5-20", "EventData.InterfaceGuid": "{f9f70b1b-066b-49d6-94ae-a2d25033b214}", "EventData.IfLuid": "1689399716741120", "EventData.Family": "0", "EventData.Capability": "0", "EventData.CapabilityChangeReason": "10", "EventData.PreviousCapability": "0"}
{"EventID": "4042", "Channel": "Microsoft-Windows-NCSI/Operational", "Provider_Name": "Microsoft-Windows-NCSI", "Computer": "DESKTOP-OFJ6N53", "TimeCreated": "2024-03-11 11:41:33.680357+00:00", "RecordID": "6694", "Level": "4", "UserID": "S-1-5-20", "EventData.InterfaceGuid": "{bed2c4be-ec11-4cc8-aafc-f0fd7a5e3a02}", "EventData.IfLuid": "1689399632855040", "EventData.Family": "0", "EventData.Capability": "2", "EventData.CapabilityChangeReason": "4", "EventData.PreviousCapability": "1"}
{"EventID": "4042", "Channel": "Microsoft-Windows-NCSI/Operational", "Provider_Name": "Microsoft-Windows-NCSI", "Computer": "DESKTOP-OFJ6N53", "TimeCreated": "2024-03-11 11:41:41.581299+00:00", "RecordID": "6695", "Level": "4", "UserID": "S-1-5-20", "EventData.InterfaceGuid": "{bed2c4be-ec11-4cc8-aafc-f0fd7a5e3a02}", "EventData.IfLuid": "1689399632855040", "EventData.Family": "1", "EventData.Capability": "0", "EventData.CapabilityChangeReason": "5", "EventData.PreviousCapability": "0"}
{"EventID": "4042", "Channel": "Microsoft-Windows-NCSI/Operational", "Provider_Name": "Microsoft-Windows-NCSI", "Computer": "DESKTOP-OFJ6N53", "TimeCreated": "2024-03-11 11:43:16.433842+00:00", "RecordID": "6696", "Level": "4", "UserID": "S-1-5-20", "EventData.InterfaceGuid": "{f9f70b1b-066b-49d6-94ae-a2d25033b214}", "EventData.IfLuid": "1689399716741120", "EventData.Family": "0", "EventData.Capability": "0", "EventData.CapabilityChangeReason": "5", "EventData.PreviousCapability": "0"}
{"EventID": "4042", "Channel": "Microsoft-Windows-NCSI/Operational", "Provider_Name": "Microsoft-Windows-NCSI", "Computer": "DESKTOP-OFJ6N53", "TimeCreated": "2024-03-11 11:43:59.177288+00:00", "RecordID": "6697", "Level": "4", "UserID": "S-1-5-20", "EventData.InterfaceGuid": "{f9f70b1b-066b-49d6-94ae-a2d25033b214}", "EventData.IfLuid": "1689399716741120", "EventData.Family": "0", "EventData.Capability": "1", "EventData.CapabilityChangeReason": "13", "EventData.PreviousCapability": "0"}
{"EventID": "4042", "Channel": "Microsoft-Windows-NCSI/Operational", "Provider_Name": "Microsoft-Windows-NCSI", "Computer": "DESKTOP-OFJ6N53", "TimeCreated": "2024-03-11 11:44:00.007347+00:00", "RecordID": "6698", "Level": "4", "UserID": "S-1-5-20", "EventData.InterfaceGuid": "{f9f70b1b-066b-49d6-94ae-a2d25033b214}", "EventData.IfLuid": "1689399716741120", "EventData.Family": "0", "EventData.Capability": "1", "EventData.CapabilityChangeReason": "5", "EventData.PreviousCapability": "1"}
{"EventID": "4042", "Channel": "Microsoft-Windows-NCSI/Operational", "Provider_Name": "Microsoft-Windows-NCSI", "Computer": "DESKTOP-OFJ6N53", "TimeCreated": "2024-03-11 12:03:44.825212+00:00", "RecordID": "6699", "Level": "4", "UserID": "S-1-5-20", "EventData.InterfaceGuid": "{f9f70b1b-066b-49d6-94ae-a2d25033b214}", "EventData.IfLuid": "1689399716741120", "EventData.Family": "0", "EventData.Capability": "0", "EventData.CapabilityChangeReason": "14", "EventData.PreviousCapability": "1"}
{"EventID": "4042", "Channel": "Microsoft-Windows-NCSI/Operational", "Provider_Name": "Microsoft-Windows-NCSI", "Computer": "DESKTOP-OFJ6N53", "TimeCreated": "2024-03-11 12:03:50.600199+00:00", "RecordID": "6700", "Level": "4", "UserID": "S-1-5-20", "EventData.InterfaceGuid": "{bed2c4be-ec11-4cc8-aafc-f0fd7a5e3a02}", "EventData.IfLuid": "1689399632855040", "EventData.Family": "1", "EventData.Capability": "0", "EventData.CapabilityChangeReason": "5", "EventData.PreviousCapability": "0"}
{"EventID": "4042", "Channel": "Microsoft-Windows-NCSI/Operational", "Provider_Name": "Microsoft-Windows-NCSI", "Computer": "DESKTOP-OFJ6N53", "TimeCreated": "2024-03-11 12:15:44.138874+00:00", "RecordID": "6701", "Level": "4", "UserID": "S-1-5-20", "EventData.InterfaceGuid": "{bed2c4be-ec11-4cc8-aafc-f0fd7a5e3a02}", "EventData.IfLuid": "1689399632855040", "EventData.Family": "0", "EventData.Capability": "1", "EventData.CapabilityChangeReason": "3", "EventData.PreviousCapability": "2"}
{"EventID": "4042", "Channel": "Microsoft-Windows-NCSI/Operational", "Provider_Name": "Microsoft-Windows-NCSI", "Computer": "DESKTOP-OFJ6N53", "TimeCreated": "2024-03-11 12:15:48.437973+00:00", "RecordID": "6702", "Level": "4", "UserID": "S-1-5-20", "EventData.InterfaceGuid": "{eb0948ce-2c9d-4bb1-b013-d4771779b95b}", "EventData.IfLuid": "1689399767072768", "EventData.Family": "0", "EventData.Capability": "2", "EventData.CapabilityChangeReason": "8", "EventData.PreviousCapability": "0"}
{"EventID": "4042", "Channel": "Microsoft-Windows-NCSI/Operational", "Provider_Name": "Microsoft-Windows-NCSI", "Computer": "DESKTOP-OFJ6N53", "TimeCreated": "2024-03-11 12:16:12.650105+00:00", "RecordID": "6703", "Level": "4", "UserID": "S-1-5-20", "EventData.InterfaceGuid": "{eb0948ce-2c9d-4bb1-b013-d4771779b95b}", "EventData.IfLuid": "1689399767072768", "EventData.Family": "1", "EventData.Capability": "1", "EventData.CapabilityChangeReason": "13", "EventData.PreviousCapability": "0"}
{"EventID": "4042", "Channel": "Microsoft-Windows-NCSI/Operational", "Provider_Name": "Microsoft-Windows-NCSI", "Computer": "DESKTOP-OFJ6N53", "TimeCreated": "2024-03-12 00:15:40.612503+00:00", "RecordID": "6704", "Level": "4", "UserID": "S-1-5-20", "EventData.InterfaceGuid": "{eb0948ce-2c9d-4bb1-b013-d4771779b95b}", "EventData.IfLuid": "1689399767072768", "EventData.Family": "0", "EventData.Capability": "0", "EventData.CapabilityChangeReason": "14", "EventData.PreviousCapability": "2"}
{"EventID": "4042", "Channel": "Microsoft-Windows-NCSI/Operational", "Provider_Name": "Microsoft-Windows-NCSI", "Computer": "DESKTOP-OFJ6N53", "TimeCreated": "2024-03-12 00:15:40.613346+00:00", "RecordID": "6705", "Level": "4", "UserID": "S-1-5-20", "EventData.InterfaceGuid": "{eb0948ce-2c9d-4bb1-b013-d4771779b95b}", "EventData.IfLuid": "1689399767072768", "EventData.Family": "1", "EventData.Capability": "0", "EventData.CapabilityChangeReason": "14", "EventData.PreviousCapability": "1"}
{"EventID": "4042", "Channel": "Microsoft-Windows-NCSI/Operational", "Provider_Name": "Microsoft-Windows-NCSI", "Computer": "DESKTOP-OFJ6N53", "TimeCreated": "2024-03-12 00:15:41.797989+00:00", "RecordID": "6706", "Level": "4", "UserID": "S-1-5-20", "EventData.InterfaceGuid": "{bed2c4be-ec11-4cc8-aafc-f0fd7a5e3a02}", "EventData.IfLuid": "1689399632855040", "EventData.Family": "0", "EventData.Capability": "2", "EventData.CapabilityChangeReason": "8", "EventData.PreviousCapability": "1"}
{"EventID": "4042", "Channel": "Microsoft-Windows-NCSI/Operational", "Provider_Name": "Microsoft-Windows-NCSI", "Computer": "DESKTOP-OFJ6N53", "TimeCreated": "2024-03-12 00:15:47.737743+00:00", "RecordID": "6707", "Level": "4", "UserID": "S-1-5-20", "EventData.InterfaceGuid": "{bed2c4be-ec11-4cc8-aafc-f0fd7a5e3a02}", "EventData.IfLuid": "1689399632855040", "EventData.Family": "1", "EventData.Capability": "0", "EventData.CapabilityChangeReason": "5", "EventData.PreviousCapability": "0"}
{"EventID": "4042", "Channel": "Microsoft-Windows-NCSI/Operational", "Provider_Name": "Microsoft-Windows-NCSI", "Computer": "DESKTOP-OFJ6N53", "TimeCreated": "2024-03-12 11:04:43.180700+00:00", "RecordID": "6708", "Level": "4", "UserID": "S-1-5-20", "EventData.InterfaceGuid": "{bed2c4be-ec11-4cc8-aafc-f0fd7a5e3a02}", "EventData.IfLuid": "1689399632855040", "EventData.Family": "0", "EventData.Capability": "2", "EventData.CapabilityChangeReason": "4", "EventData.PreviousCapability": "0"}
{"EventID": "4042", "Channel": "Microsoft-Windows-NCSI/Operational", "Provider_Name": "Microsoft-Windows-NCSI", "Computer": "DESKTOP-OFJ6N53", "TimeCreated": "2024-03-12 14:04:32.857742+00:00", "RecordID": "6709", "Level": "4", "UserID": "S-1-5-20", "EventData.InterfaceGuid": "{f9f70b1b-066b-49d6-94ae-a2d25033b214}", "EventData.IfLuid": "1689399716741120", "EventData.Family": "0", "EventData.Capability": "0", "EventData.CapabilityChangeReason": "5", "EventData.PreviousCapability": "0"}
{"EventID": "4042", "Channel": "Microsoft-Windows-NCSI/Operational", "Provider_Name": "Microsoft-Windows-NCSI", "Computer": "DESKTOP-OFJ6N53", "TimeCreated": "2024-03-12 14:04:46.959152+00:00", "RecordID": "6710", "Level": "4", "UserID": "S-1-5-20", "EventData.InterfaceGuid": "{f9f70b1b-066b-49d6-94ae-a2d25033b214}", "EventData.IfLuid": "1689399716741120", "EventData.Family": "0", "EventData.Capability": "1", "EventData.CapabilityChangeReason": "13", "EventData.PreviousCapability": "0"}
{"EventID": "4042", "Channel": "Microsoft-Windows-NCSI/Operational", "Provider_Name": "Microsoft-Windows-NCSI", "Computer": "DESKTOP-OFJ6N53", "TimeCreated": "2024-03-12 14:05:17.801287+00:00", "RecordID": "6711", "Level": "4", "UserID": "S-1-5-20", "EventData.InterfaceGuid": "{f9f70b1b-066b-49d6-94ae-a2d25033b214}", "EventData.IfLuid": "1689399716741120", "EventData.Family": "0", "EventData.Capability": "1", "EventData.CapabilityChangeReason": "5", "EventData.PreviousCapability": "1"}
{"EventID": "4042", "Channel": "Microsoft-Windows-NCSI/Operational", "Provider_Name": "Microsoft-Windows-NCSI", "Computer": "DESKTOP-OFJ6N53", "TimeCreated": "2024-03-13 09:50:11.952198+00:00", "RecordID": "6712", "Level": "4", "UserID": "S-1-5-20", "EventData.InterfaceGuid": "{f9f70b1b-066b-49d6-94ae-a2d25033b214}", "EventData.IfLuid": "1689399716741120", "EventData.Family": "0", "EventData.Capability": "0", "EventData.CapabilityChangeReason": "14", "EventData.PreviousCapability": "1"}
{"EventID": "4042", "Channel": "Microsoft-Windows-NCSI/Operational", "Provider_Name": "Microsoft-Windows-NCSI", "Computer": "DESKTOP-OFJ6N53", "TimeCreated": "2024-03-13 09:50:17.907833+00:00", "RecordID": "6713", "Level": "4", "UserID": "S-1-5-20", "EventData.InterfaceGuid": "{bed2c4be-ec11-4cc8-aafc-f0fd7a5e3a02}", "EventData.IfLuid": "1689399632855040", "EventData.Family": "1", "EventData.Capability": "0", "EventData.CapabilityChangeReason": "5", "EventData.PreviousCapability": "0"}
{"EventID": "4042", "Channel": "Microsoft-Windows-NCSI/Operational", "Provider_Name": "Microsoft-Windows-NCSI", "Computer": "DESKTOP-OFJ6N53", "TimeCreated": "2024-03-13 09:50:57.166779+00:00", "RecordID": "6714", "Level": "4", "UserID": "S-1-5-20", "EventData.InterfaceGuid": "{bed2c4be-ec11-4cc8-aafc-f0fd7a5e3a02}", "EventData.IfLuid": "1689399632855040", "EventData.Family": "0", "EventData.Capability": "1", "EventData.CapabilityChangeReason": "3", "EventData.PreviousCapability": "2"}
{"EventID": "4042", "Channel": "Microsoft-Windows-NCSI/Operational", "Provider_Name": "Microsoft-Windows-NCSI", "Computer": "DESKTOP-OFJ6N53", "TimeCreated": "2024-03-13 09:51:03.134474+00:00", "RecordID": "6715", "Level": "4", "UserID": "S-1-5-20", "EventData.InterfaceGuid": "{eb0948ce-2c9d-4bb1-b013-d4771779b95b}", "EventData.IfLuid": "1689399767072768", "EventData.Family": "1", "EventData.Capability": "1", "EventData.CapabilityChangeReason": "13", "EventData.PreviousCapability": "0"}
{"EventID": "4042", "Channel": "Microsoft-Windows-NCSI/Operational", "Provider_Name": "Microsoft-Windows-NCSI", "Computer": "DESKTOP-OFJ6N53", "TimeCreated": "2024-03-13 09:51:03.456120+00:00", "RecordID": "6716", "Level": "4", "UserID": "S-1-5-20", "EventData.InterfaceGuid": "{eb0948ce-2c9d-4bb1-b013-d4771779b95b}", "EventData.IfLuid": "1689399767072768", "EventData.Family": "0", "EventData.Capability": "2", "EventData.CapabilityChangeReason": "4", "EventData.PreviousCapability": "0"}
{"EventID": "4042", "Channel": "Microsoft-Windows-NCSI/Operational", "Provider_Name": "Microsoft-Windows-NCSI", "Computer": "DESKTOP-OFJ6N53", "TimeCreated": "2024-03-13 18:10:26.737183+00:00", "RecordID": "6717", "Level": "4", "UserID": "S-1-5-20", "EventData.InterfaceGuid": "{eb0948ce-2c9d-4bb1-b013-d4771779b95b}", "EventData.IfLuid": "1689399767072768", "EventData.Family": "0", "EventData.Capability": "0", "EventData.CapabilityChangeReason": "14", "EventData.PreviousCapability": "2"}
{"EventID": "4042", "Channel": "Microsoft-Windows-NCSI/Operational", "Provider_Name": "Microsoft-Windows-NCSI", "Computer": "DESKTOP-OFJ6N53", "TimeCreated": "2024-03-13 18:10:26.737244+00:00", "RecordID": "6718", "Level": "4", "UserID": "S-1-5-20", "EventData.InterfaceGuid": "{eb0948ce-2c9d-4bb1-b013-d4771779b95b}", "EventData.IfLuid": "1689399767072768", "EventData.Family": "1", "EventData.Capability": "0", "EventData.CapabilityChangeReason": "14", "EventData.PreviousCapability": "1"}
{"EventID": "4042", "Channel": "Microsoft-Windows-NCSI/Operational", "Provider_Name": "Microsoft-Windows-NCSI", "Computer": "DESKTOP-OFJ6N53", "TimeCreated": "2024-03-13 18:10:29.994995+00:00", "RecordID": "6719", "Level": "4", "UserID": "S-1-5-20", "EventData.InterfaceGuid": "{bed2c4be-ec11-4cc8-aafc-f0fd7a5e3a02}", "EventData.IfLuid": "1689399632855040", "EventData.Family": "0", "EventData.Capability": "2", "EventData.CapabilityChangeReason": "8", "EventData.PreviousCapability": "1"}
{"EventID": "4042", "Channel": "Microsoft-Windows-NCSI/Operational", "Provider_Name": "Microsoft-Windows-NCSI", "Computer": "DESKTOP-OFJ6N53", "TimeCreated": "2024-03-13 18:10:34.191391+00:00", "RecordID": "6720", "Level": "4", "UserID": "S-1-5-20", "EventData.InterfaceGuid": "{bed2c4be-ec11-4cc8-aafc-f0fd7a5e3a02}", "EventData.IfLuid": "1689399632855040", "EventData.Family": "1", "EventData.Capability": "0", "EventData.CapabilityChangeReason": "5", "EventData.PreviousCapability": "0"}
{"EventID": "4042", "Channel": "Microsoft-Windows-NCSI/Operational", "Provider_Name": "Microsoft-Windows-NCSI", "Computer": "DESKTOP-OFJ6N53", "TimeCreated": "2024-03-14 11:18:48.791582+00:00", "RecordID": "6721", "Level": "4", "UserID": "S-1-5-20", "EventData.InterfaceGuid": "{f0a4b64b-5f44-4099-89fc-d31fcf49d8f0}", "EventData.IfLuid": "1689399699963904", "EventData.Family": "0", "EventData.Capability": "1", "EventData.CapabilityChangeReason": "13", "EventData.PreviousCapability": "0"}
{"EventID": "4042", "Channel": "Microsoft-Windows-NCSI/Operational", "Provider_Name": "Microsoft-Windows-NCSI", "Computer": "DESKTOP-OFJ6N53", "TimeCreated": "2024-03-14 13:18:34.781626+00:00", "RecordID": "6722", "Level": "4", "UserID": "S-1-5-20", "EventData.InterfaceGuid": "{f0a4b64b-5f44-4099-89fc-d31fcf49d8f0}", "EventData.IfLuid": "1689399699963904", "EventData.Family": "0", "EventData.Capability": "0", "EventData.CapabilityChangeReason": "1", "EventData.PreviousCapability": "1"}
{"EventID": "4042", "Channel": "Microsoft-Windows-NCSI/Operational", "Provider_Name": "Microsoft-Windows-NCSI", "Computer": "DESKTOP-OFJ6N53", "TimeCreated": "2024-03-14 13:18:39.826069+00:00", "RecordID": "6723", "Level": "4", "UserID": "S-1-5-20", "EventData.InterfaceGuid": "{bed2c4be-ec11-4cc8-aafc-f0fd7a5e3a02}", "EventData.IfLuid": "1689399632855040", "EventData.Family": "1", "EventData.Capability": "0", "EventData.CapabilityChangeReason": "5", "EventData.PreviousCapability": "0"}
{"EventID": "4042", "Channel": "Microsoft-Windows-NCSI/Operational", "Provider_Name": "Microsoft-Windows-NCSI", "Computer": "DESKTOP-OFJ6N53", "TimeCreated": "2024-03-15 10:31:34.798115+00:00", "RecordID": "6724", "Level": "4", "UserID": "S-1-5-20", "EventData.InterfaceGuid": "{f0a4b64b-5f44-4099-89fc-d31fcf49d8f0}", "EventData.IfLuid": "1689399699963904", "EventData.Family": "0", "EventData.Capability": "1", "EventData.CapabilityChangeReason": "13", "EventData.PreviousCapability": "0"}
{"EventID": "4042", "Channel": "Microsoft-Windows-NCSI/Operational", "Provider_Name": "Microsoft-Windows-NCSI", "Computer": "DESKTOP-OFJ6N53", "TimeCreated": "2024-03-15 12:31:50.931293+00:00", "RecordID": "6725", "Level": "4", "UserID": "S-1-5-20", "EventData.InterfaceGuid": "{f0a4b64b-5f44-4099-89fc-d31fcf49d8f0}", "EventData.IfLuid": "1689399699963904", "EventData.Family": "0", "EventData.Capability": "0", "EventData.CapabilityChangeReason": "1", "EventData.PreviousCapability": "1"}
{"EventID": "4042", "Channel": "Microsoft-Windows-NCSI/Operational", "Provider_Name": "Microsoft-Windows-NCSI", "Computer": "DESKTOP-OFJ6N53", "TimeCreated": "2024-03-15 12:31:55.981020+00:00", "RecordID": "6726", "Level": "4", "UserID": "S-1-5-20", "EventData.InterfaceGuid": "{bed2c4be-ec11-4cc8-aafc-f0fd7a5e3a02}", "EventData.IfLuid": "1689399632855040", "EventData.Family": "1", "EventData.Capability": "0", "EventData.CapabilityChangeReason": "5", "EventData.PreviousCapability": "0"}
{"EventID": "4042", "Channel": "Microsoft-Windows-NCSI/Operational", "Provider_Name": "Microsoft-Windows-NCSI", "Computer": "DESKTOP-OFJ6N53", "TimeCreated": "2024-03-18 07:41:08.030815+00:00", "RecordID": "6727", "Level": "4", "UserID": "S-1-5-20", "EventData.InterfaceGuid": "{f0a4b64b-5f44-4099-89fc-d31fcf49d8f0}", "EventData.IfLuid": "1689399699963904", "EventData.Family": "0", "EventData.Capability": "1", "EventData.CapabilityChangeReason": "13", "EventData.PreviousCapability": "0"}
{"EventID": "4042", "Channel": "Microsoft-Windows-NCSI/Operational", "Provider_Name": "Microsoft-Windows-NCSI", "Computer": "DESKTOP-OFJ6N53", "TimeCreated": "2024-03-18 09:41:11.929396+00:00", "RecordID": "6728", "Level": "4", "UserID": "S-1-5-20", "EventData.InterfaceGuid": "{f0a4b64b-5f44-4099-89fc-d31fcf49d8f0}", "EventData.IfLuid": "1689399699963904", "EventData.Family": "0", "EventData.Capability": "0", "EventData.CapabilityChangeReason": "14", "EventData.PreviousCapability": "1"}
{"EventID": "4042", "Channel": "Microsoft-Windows-NCSI/Operational", "Provider_Name": "Microsoft-Windows-NCSI", "Computer": "DESKTOP-OFJ6N53", "TimeCreated": "2024-03-18 09:41:16.961159+00:00", "RecordID": "6729", "Level": "4", "UserID": "S-1-5-20", "EventData.InterfaceGuid": "{bed2c4be-ec11-4cc8-aafc-f0fd7a5e3a02}", "EventData.IfLuid": "1689399632855040", "EventData.Family": "1", "EventData.Capability": "0", "EventData.CapabilityChangeReason": "5", "EventData.PreviousCapability": "0"}
{"EventID": "4042", "Channel": "Microsoft-Windows-NCSI/Operational", "Provider_Name": "Microsoft-Windows-NCSI", "Computer": "DESKTOP-OFJ6N53", "TimeCreated": "2024-03-19 08:28:17.164015+00:00", "RecordID": "6730", "Level": "4", "UserID": "S-1-5-20", "EventData.InterfaceGuid": "{bed2c4be-ec11-4cc8-aafc-f0fd7a5e3a02}", "EventData.IfLuid": "1689399632855040", "EventData.Family": "0", "EventData.Capability": "1", "EventData.CapabilityChangeReason": "3", "EventData.PreviousCapability": "2"}
{"EventID": "4042", "Channel": "Microsoft-Windows-NCSI/Operational", "Provider_Name": "Microsoft-Windows-NCSI", "Computer": "DESKTOP-OFJ6N53", "TimeCreated": "2024-03-19 08:28:25.542667+00:00", "RecordID": "6731", "Level": "4", "UserID": "S-1-5-20", "EventData.InterfaceGuid": "{eb0948ce-2c9d-4bb1-b013-d4771779b95b}", "EventData.IfLuid": "1689399767072768", "EventData.Family": "0", "EventData.Capability": "1", "EventData.CapabilityChangeReason": "13", "EventData.PreviousCapability": "0"}
{"EventID": "4042", "Channel": "Microsoft-Windows-NCSI/Operational", "Provider_Name": "Microsoft-Windows-NCSI", "Computer": "DESKTOP-OFJ6N53", "TimeCreated": "2024-03-19 08:28:25.544256+00:00", "RecordID": "6732", "Level": "4", "UserID": "S-1-5-20", "EventData.InterfaceGuid": "{eb0948ce-2c9d-4bb1-b013-d4771779b95b}", "EventData.IfLuid": "1689399767072768", "EventData.Family": "1", "EventData.Capability": "1", "EventData.CapabilityChangeReason": "13", "EventData.PreviousCapability": "0"}
{"EventID": "4042", "Channel": "Microsoft-Windows-NCSI/Operational", "Provider_Name": "Microsoft-Windows-NCSI", "Computer": "DESKTOP-OFJ6N53", "TimeCreated": "2024-03-19 08:28:25.589861+00:00", "RecordID": "6733", "Level": "4", "UserID": "S-1-5-20", "EventData.InterfaceGuid": "{eb0948ce-2c9d-4bb1-b013-d4771779b95b}", "EventData.IfLuid": "1689399767072768", "EventData.Family": "0", "EventData.Capability": "2", "EventData.CapabilityChangeReason": "8", "EventData.PreviousCapability": "1"}
{"EventID": "4042", "Channel": "Microsoft-Windows-NCSI/Operational", "Provider_Name": "Microsoft-Windows-NCSI", "Computer": "DESKTOP-OFJ6N53", "TimeCreated": "2024-03-19 20:28:19.391336+00:00", "RecordID": "6734", "Level": "4", "UserID": "S-1-5-20", "EventData.InterfaceGuid": "{eb0948ce-2c9d-4bb1-b013-d4771779b95b}", "EventData.IfLuid": "1689399767072768", "EventData.Family": "0", "EventData.Capability": "0", "EventData.CapabilityChangeReason": "14", "EventData.PreviousCapability": "2"}
{"EventID": "4042", "Channel": "Microsoft-Windows-NCSI/Operational", "Provider_Name": "Microsoft-Windows-NCSI", "Computer": "DESKTOP-OFJ6N53", "TimeCreated": "2024-03-19 20:28:19.391415+00:00", "RecordID": "6735", "Level": "4", "UserID": "S-1-5-20", "EventData.InterfaceGuid": "{eb0948ce-2c9d-4bb1-b013-d4771779b95b}", "EventData.IfLuid": "1689399767072768", "EventData.Family": "1", "EventData.Capability": "0", "EventData.CapabilityChangeReason": "14", "EventData.PreviousCapability": "1"}
{"EventID": "4042", "Channel": "Microsoft-Windows-NCSI/Operational", "Provider_Name": "Microsoft-Windows-NCSI", "Computer": "DESKTOP-OFJ6N53", "TimeCreated": "2024-03-19 20:28:21.364943+00:00", "RecordID": "6736", "Level": "4", "UserID": "S-1-5-20", "EventData.InterfaceGuid": "{bed2c4be-ec11-4cc8-aafc-f0fd7a5e3a02}", "EventData.IfLuid": "1689399632855040", "EventData.Family": "0", "EventData.Capability": "2", "EventData.CapabilityChangeReason": "13", "EventData.PreviousCapability": "1"}
{"EventID": "4042", "Channel": "Microsoft-Windows-NCSI/Operational", "Provider_Name": "Microsoft-Windows-NCSI", "Computer": "DESKTOP-OFJ6N53", "TimeCreated": "2024-03-19 20:28:25.536644+00:00", "RecordID": "6737", "Level": "4", "UserID": "S-1-5-20", "EventData.InterfaceGuid": "{bed2c4be-ec11-4cc8-aafc-f0fd7a5e3a02}", "EventData.IfLuid": "1689399632855040", "EventData.Family": "1", "EventData.Capability": "0", "EventData.CapabilityChangeReason": "5", "EventData.PreviousCapability": "0"}
{"EventID": "4042", "Channel": "Microsoft-Windows-NCSI/Operational", "Provider_Name": "Microsoft-Windows-NCSI", "Computer": "DESKTOP-OFJ6N53", "TimeCreated": "2024-03-19 20:28:31.424438+00:00", "RecordID": "6738", "Level": "4", "UserID": "S-1-5-20", "EventData.InterfaceGuid": "{bed2c4be-ec11-4cc8-aafc-f0fd7a5e3a02}", "EventData.IfLuid": "1689399632855040", "EventData.Family": "0", "EventData.Capability": "2", "EventData.CapabilityChangeReason": "10", "EventData.PreviousCapability": "2"}
{"EventID": "4042", "Channel": "Microsoft-Windows-NCSI/Operational", "Provider_Name": "Microsoft-Windows-NCSI", "Computer": "DESKTOP-OFJ6N53", "TimeCreated": "2024-03-20 11:52:26.616850+00:00", "RecordID": "6739", "Level": "4", "UserID": "S-1-5-20", "EventData.InterfaceGuid": "{f0a4b64b-5f44-4099-89fc-d31fcf49d8f0}", "EventData.IfLuid": "1689399699963904", "EventData.Family": "0", "EventData.Capability": "1", "EventData.CapabilityChangeReason": "13", "EventData.PreviousCapability": "0"}
{"EventID": "4042", "Channel": "Microsoft-Windows-NCSI/Operational", "Provider_Name": "Microsoft-Windows-NCSI", "Computer": "DESKTOP-OFJ6N53", "TimeCreated": "2024-03-20 13:52:11.807825+00:00", "RecordID": "6740", "Level": "4", "UserID": "S-1-5-20", "EventData.InterfaceGuid": "{f0a4b64b-5f44-4099-89fc-d31fcf49d8f0}", "EventData.IfLuid": "1689399699963904", "EventData.Family": "0", "EventData.Capability": "0", "EventData.CapabilityChangeReason": "14", "EventData.PreviousCapability": "1"}
{"EventID": "4042", "Channel": "Microsoft-Windows-NCSI/Operational", "Provider_Name": "Microsoft-Windows-NCSI", "Computer": "DESKTOP-OFJ6N53", "TimeCreated": "2024-03-20 13:52:16.843826+00:00", "RecordID": "6741", "Level": "4", "UserID": "S-1-5-20", "EventData.InterfaceGuid": "{bed2c4be-ec11-4cc8-aafc-f0fd7a5e3a02}", "EventData.IfLuid": "1689399632855040", "EventData.Family": "1", "EventData.Capability": "0", "EventData.CapabilityChangeReason": "5", "EventData.PreviousCapability": "0"}
{"EventID": "4042", "Channel": "Microsoft-Windows-NCSI/Operational", "Provider_Name": "Microsoft-Windows-NCSI", "Computer": "DESKTOP-OFJ6N53", "TimeCreated": "2024-03-21 14:47:28.701900+00:00", "RecordID": "6742", "Level": "4", "UserID": "S-1-5-20", "EventData.InterfaceGuid": "{f0a4b64b-5f44-4099-89fc-d31fcf49d8f0}", "EventData.IfLuid": "1689399699963904", "EventData.Family": "0", "EventData.Capability": "1", "EventData.CapabilityChangeReason": "13", "EventData.PreviousCapability": "0"}
{"EventID": "4042", "Channel": "Microsoft-Windows-NCSI/Operational", "Provider_Name": "Microsoft-Windows-NCSI", "Computer": "DESKTOP-OFJ6N53", "TimeCreated": "2024-03-21 16:47:32.012621+00:00", "RecordID": "6743", "Level": "4", "UserID": "S-1-5-20", "EventData.InterfaceGuid": "{f0a4b64b-5f44-4099-89fc-d31fcf49d8f0}", "EventData.IfLuid": "1689399699963904", "EventData.Family": "0", "EventData.Capability": "0", "EventData.CapabilityChangeReason": "14", "EventData.PreviousCapability": "1"}
{"EventID": "4042", "Channel": "Microsoft-Windows-NCSI/Operational", "Provider_Name": "Microsoft-Windows-NCSI", "Computer": "DESKTOP-OFJ6N53", "TimeCreated": "2024-03-21 16:47:37.026287+00:00", "RecordID": "6744", "Level": "4", "UserID": "S-1-5-20", "EventData.InterfaceGuid": "{bed2c4be-ec11-4cc8-aafc-f0fd7a5e3a02}", "EventData.IfLuid": "1689399632855040", "EventData.Family": "1", "EventData.Capability": "0", "EventData.CapabilityChangeReason": "5", "EventData.PreviousCapability": "0"}
{"EventID": "4042", "Channel": "Microsoft-Windows-NCSI/Operational", "Provider_Name": "Microsoft-Windows-NCSI", "Computer": "DESKTOP-OFJ6N53", "TimeCreated": "2024-03-25 07:33:49.944239+00:00", "RecordID": "6745", "Level": "4", "UserID": "S-1-5-20", "EventData.InterfaceGuid": "{f0a4b64b-5f44-4099-89fc-d31fcf49d8f0}", "EventData.IfLuid": "1689399699963904", "EventData.Family": "0", "EventData.Capability": "1", "EventData.CapabilityChangeReason": "13", "EventData.PreviousCapability": "0"}
{"EventID": "4042", "Channel": "Microsoft-Windows-NCSI/Operational", "Provider_Name": "Microsoft-Windows-NCSI", "Computer": "DESKTOP-OFJ6N53", "TimeCreated": "2024-03-25 09:33:42.794336+00:00", "RecordID": "6746", "Level": "4", "UserID": "S-1-5-20", "EventData.InterfaceGuid": "{f0a4b64b-5f44-4099-89fc-d31fcf49d8f0}", "EventData.IfLuid": "1689399699963904", "EventData.Family": "0", "EventData.Capability": "0", "EventData.CapabilityChangeReason": "14", "EventData.PreviousCapability": "1"}
{"EventID": "4042", "Channel": "Microsoft-Windows-NCSI/Operational", "Provider_Name": "Microsoft-Windows-NCSI", "Computer": "DESKTOP-OFJ6N53", "TimeCreated": "2024-03-25 09:33:47.839520+00:00", "RecordID": "6747", "Level": "4", "UserID": "S-1-5-20", "EventData.InterfaceGuid": "{bed2c4be-ec11-4cc8-aafc-f0fd7a5e3a02}", "EventData.IfLuid": "1689399632855040", "EventData.Family": "1", "EventData.Capability": "0", "EventData.CapabilityChangeReason": "5", "EventData.PreviousCapability": "0"}
{"EventID": "4042", "Channel": "Microsoft-Windows-NCSI/Operational", "Provider_Name": "Microsoft-Windows-NCSI", "Computer": "DESKTOP-OFJ6N53", "TimeCreated": "2024-03-25 09:34:49.721069+00:00", "RecordID": "6748", "Level": "4", "UserID": "S-1-5-20", "EventData.InterfaceGuid": "{bed2c4be-ec11-4cc8-aafc-f0fd7a5e3a02}", "EventData.IfLuid": "1689399632855040", "EventData.Family": "1", "EventData.Capability": "1", "EventData.CapabilityChangeReason": "13", "EventData.PreviousCapability": "0"}
{"EventID": "4042", "Channel": "Microsoft-Windows-NCSI/Operational", "Provider_Name": "Microsoft-Windows-NCSI", "Computer": "DESKTOP-OFJ6N53", "TimeCreated": "2024-03-26 15:13:18.599918+00:00", "RecordID": "6749", "Level": "4", "UserID": "S-1-5-20", "EventData.InterfaceGuid": "{f0a4b64b-5f44-4099-89fc-d31fcf49d8f0}", "EventData.IfLuid": "1689399699963904", "EventData.Family": "0", "EventData.Capability": "1", "EventData.CapabilityChangeReason": "13", "EventData.PreviousCapability": "0"}
{"EventID": "4042", "Channel": "Microsoft-Windows-NCSI/Operational", "Provider_Name": "Microsoft-Windows-NCSI", "Computer": "DESKTOP-OFJ6N53", "TimeCreated": "2024-03-26 17:13:43.921808+00:00", "RecordID": "6750", "Level": "4", "UserID": "S-1-5-20", "EventData.InterfaceGuid": "{f0a4b64b-5f44-4099-89fc-d31fcf49d8f0}", "EventData.IfLuid": "1689399699963904", "EventData.Family": "0", "EventData.Capability": "0", "EventData.CapabilityChangeReason": "14", "EventData.PreviousCapability": "1"}
{"EventID": "4042", "Channel": "Microsoft-Windows-NCSI/Operational", "Provider_Name": "Microsoft-Windows-NCSI", "Computer": "DESKTOP-OFJ6N53", "TimeCreated": "2024-03-26 17:13:48.984669+00:00", "RecordID": "6751", "Level": "4", "UserID": "S-1-5-20", "EventData.InterfaceGuid": "{bed2c4be-ec11-4cc8-aafc-f0fd7a5e3a02}", "EventData.IfLuid": "1689399632855040", "EventData.Family": "1", "EventData.Capability": "1", "EventData.CapabilityChangeReason": "5", "EventData.PreviousCapability": "1"}
{"EventID": "4042", "Channel": "Microsoft-Windows-NCSI/Operational", "Provider_Name": "Microsoft-Windows-NCSI", "Computer": "DESKTOP-OFJ6N53", "TimeCreated": "2024-03-27 18:54:48.345211+00:00", "RecordID": "6752", "Level": "4", "UserID": "S-1-5-20", "EventData.InterfaceGuid": "{bed2c4be-ec11-4cc8-aafc-f0fd7a5e3a02}", "EventData.IfLuid": "1689399632855040", "EventData.Family": "0", "EventData.Capability": "1", "EventData.CapabilityChangeReason": "10", "EventData.PreviousCapability": "2"}
{"EventID": "4042", "Channel": "Microsoft-Windows-NCSI/Operational", "Provider_Name": "Microsoft-Windows-NCSI", "Computer": "DESKTOP-OFJ6N53", "TimeCreated": "2024-03-27 18:55:07.276264+00:00", "RecordID": "6753", "Level": "4", "UserID": "S-1-5-20", "EventData.InterfaceGuid": "{bed2c4be-ec11-4cc8-aafc-f0fd7a5e3a02}", "EventData.IfLuid": "1689399632855040", "EventData.Family": "0", "EventData.Capability": "2", "EventData.CapabilityChangeReason": "13", "EventData.PreviousCapability": "1"}
{"EventID": "4042", "Channel": "Microsoft-Windows-NCSI/Operational", "Provider_Name": "Microsoft-Windows-NCSI", "Computer": "DESKTOP-OFJ6N53", "TimeCreated": "2024-03-28 18:54:39.169149+00:00", "RecordID": "6754", "Level": "4", "UserID": "S-1-5-20", "EventData.InterfaceGuid": "{f9f70b1b-066b-49d6-94ae-a2d25033b214}", "EventData.IfLuid": "1689399716741120", "EventData.Family": "0", "EventData.Capability": "1", "EventData.CapabilityChangeReason": "13", "EventData.PreviousCapability": "0"}
{"EventID": "4042", "Channel": "Microsoft-Windows-NCSI/Operational", "Provider_Name": "Microsoft-Windows-NCSI", "Computer": "DESKTOP-OFJ6N53", "TimeCreated": "2024-03-28 18:54:43.956802+00:00", "RecordID": "6755", "Level": "4", "UserID": "S-1-5-20", "EventData.InterfaceGuid": "{f9f70b1b-066b-49d6-94ae-a2d25033b214}", "EventData.IfLuid": "1689399716741120", "EventData.Family": "0", "EventData.Capability": "1", "EventData.CapabilityChangeReason": "5", "EventData.PreviousCapability": "1"}
{"EventID": "4042", "Channel": "Microsoft-Windows-NCSI/Operational", "Provider_Name": "Microsoft-Windows-NCSI", "Computer": "DESKTOP-OFJ6N53", "TimeCreated": "2024-03-28 18:55:24.922428+00:00", "RecordID": "6756", "Level": "4", "UserID": "S-1-5-20", "EventData.InterfaceGuid": "{f9f70b1b-066b-49d6-94ae-a2d25033b214}", "EventData.IfLuid": "1689399716741120", "EventData.Family": "0", "EventData.Capability": "1", "EventData.CapabilityChangeReason": "5", "EventData.PreviousCapability": "1"}
{"EventID": "4042", "Channel": "Microsoft-Windows-NCSI/Operational", "Provider_Name": "Microsoft-Windows-NCSI", "Computer": "DESKTOP-OFJ6N53", "TimeCreated": "2024-04-08 13:30:37.693514+00:00", "RecordID": "6757", "Level": "4", "UserID": "S-1-5-20", "EventData.InterfaceGuid": "{f9f70b1b-066b-49d6-94ae-a2d25033b214}", "EventData.IfLuid": "1689399716741120", "EventData.Family": "0", "EventData.Capability": "0", "EventData.CapabilityChangeReason": "14", "EventData.PreviousCapability": "1"}
{"EventID": "4042", "Channel": "Microsoft-Windows-NCSI/Operational", "Provider_Name": "Microsoft-Windows-NCSI", "Computer": "DESKTOP-OFJ6N53", "TimeCreated": "2024-04-08 13:30:46.500141+00:00", "RecordID": "6758", "Level": "4", "UserID": "S-1-5-20", "EventData.InterfaceGuid": "{bed2c4be-ec11-4cc8-aafc-f0fd7a5e3a02}", "EventData.IfLuid": "1689399632855040", "EventData.Family": "1", "EventData.Capability": "1", "EventData.CapabilityChangeReason": "5", "EventData.PreviousCapability": "1"}
{"EventID": "4042", "Channel": "Microsoft-Windows-NCSI/Operational", "Provider_Name": "Microsoft-Windows-NCSI", "Computer": "DESKTOP-OFJ6N53", "TimeCreated": "2024-04-08 13:32:40.164028+00:00", "RecordID": "6759", "Level": "4", "UserID": "S-1-5-20", "EventData.InterfaceGuid": "{36107176-2631-40d4-9a54-9e8046067dc5}", "EventData.IfLuid": "1689399834181632", "EventData.Family": "0", "EventData.Capability": "1", "EventData.CapabilityChangeReason": "13", "EventData.PreviousCapability": "0"}
{"EventID": "4042", "Channel": "Microsoft-Windows-NCSI/Operational", "Provider_Name": "Microsoft-Windows-NCSI", "Computer": "DESKTOP-OFJ6N53", "TimeCreated": "2024-04-08 13:48:54.820332+00:00", "RecordID": "6760", "Level": "4", "UserID": "S-1-5-20", "EventData.InterfaceGuid": "{36107176-2631-40d4-9a54-9e8046067dc5}", "EventData.IfLuid": "1689399834181632", "EventData.Family": "0", "EventData.Capability": "0", "EventData.CapabilityChangeReason": "14", "EventData.PreviousCapability": "1"}
{"EventID": "4042", "Channel": "Microsoft-Windows-NCSI/Operational", "Provider_Name": "Microsoft-Windows-NCSI", "Computer": "DESKTOP-OFJ6N53", "TimeCreated": "2024-04-08 13:48:59.949238+00:00", "RecordID": "6761", "Level": "4", "UserID": "S-1-5-20", "EventData.InterfaceGuid": "{bed2c4be-ec11-4cc8-aafc-f0fd7a5e3a02}", "EventData.IfLuid": "1689399632855040", "EventData.Family": "1", "EventData.Capability": "1", "EventData.CapabilityChangeReason": "5", "EventData.PreviousCapability": "1"}
{"EventID": "4042", "Channel": "Microsoft-Windows-NCSI/Operational", "Provider_Name": "Microsoft-Windows-NCSI", "Computer": "DESKTOP-OFJ6N53", "TimeCreated": "2024-04-08 14:08:18.713669+00:00", "RecordID": "6762", "Level": "4", "UserID": "S-1-5-20", "EventData.InterfaceGuid": "{4ce1134c-e059-4f27-a6df-bafcb007188c}", "EventData.IfLuid": "1689399699963904", "EventData.Family": "0", "EventData.Capability": "1", "EventData.CapabilityChangeReason": "13", "EventData.PreviousCapability": "0"}
{"EventID": "4042", "Channel": "Microsoft-Windows-NCSI/Operational", "Provider_Name": "Microsoft-Windows-NCSI", "Computer": "DESKTOP-OFJ6N53", "TimeCreated": "2024-04-08 16:07:39.958633+00:00", "RecordID": "6763", "Level": "4", "UserID": "S-1-5-20", "EventData.InterfaceGuid": "{4ce1134c-e059-4f27-a6df-bafcb007188c}", "EventData.IfLuid": "1689399699963904", "EventData.Family": "0", "EventData.Capability": "0", "EventData.CapabilityChangeReason": "1", "EventData.PreviousCapability": "1"}
{"EventID": "4042", "Channel": "Microsoft-Windows-NCSI/Operational", "Provider_Name": "Microsoft-Windows-NCSI", "Computer": "DESKTOP-OFJ6N53", "TimeCreated": "2024-04-08 16:07:45.734699+00:00", "RecordID": "6764", "Level": "4", "UserID": "S-1-5-20", "EventData.InterfaceGuid": "{bed2c4be-ec11-4cc8-aafc-f0fd7a5e3a02}", "EventData.IfLuid": "1689399632855040", "EventData.Family": "1", "EventData.Capability": "1", "EventData.CapabilityChangeReason": "5", "EventData.PreviousCapability": "1"}
{"EventID": "4042", "Channel": "Microsoft-Windows-NCSI/Operational", "Provider_Name": "Microsoft-Windows-NCSI", "Computer": "DESKTOP-OFJ6N53", "TimeCreated": "2024-04-09 15:29:07.628183+00:00", "RecordID": "6765", "Level": "4", "UserID": "S-1-5-20", "EventData.InterfaceGuid": "{36107176-2631-40d4-9a54-9e8046067dc5}", "EventData.IfLuid": "1689399834181632", "EventData.Family": "0", "EventData.Capability": "1", "EventData.CapabilityChangeReason": "13", "EventData.PreviousCapability": "0"}
{"EventID": "4042", "Channel": "Microsoft-Windows-NCSI/Operational", "Provider_Name": "Microsoft-Windows-NCSI", "Computer": "DESKTOP-OFJ6N53", "TimeCreated": "2024-04-09 23:28:44.677799+00:00", "RecordID": "6766", "Level": "4", "UserID": "S-1-5-20", "EventData.InterfaceGuid": "{36107176-2631-40d4-9a54-9e8046067dc5}", "EventData.IfLuid": "1689399834181632", "EventData.Family": "0", "EventData.Capability": "0", "EventData.CapabilityChangeReason": "14", "EventData.PreviousCapability": "1"}
{"EventID": "4042", "Channel": "Microsoft-Windows-NCSI/Operational", "Provider_Name": "Microsoft-Windows-NCSI", "Computer": "DESKTOP-OFJ6N53", "TimeCreated": "2024-04-09 23:28:45.628571+00:00", "RecordID": "6767", "Level": "4", "UserID": "S-1-5-20", "EventData.InterfaceGuid": "{bed2c4be-ec11-4cc8-aafc-f0fd7a5e3a02}", "EventData.IfLuid": "1689399632855040", "EventData.Family": "1", "EventData.Capability": "1", "EventData.CapabilityChangeReason": "5", "EventData.PreviousCapability": "1"}
{"EventID": "4042", "Channel": "Microsoft-Windows-NCSI/Operational", "Provider_Name": "Microsoft-Windows-NCSI", "Computer": "DESKTOP-OFJ6N53", "TimeCreated": "2024-04-12 02:53:05.459745+00:00", "RecordID": "6768", "Level": "4", "UserID": "S-1-5-20", "EventData.InterfaceGuid": "{bed2c4be-ec11-4cc8-aafc-f0fd7a5e3a02}", "EventData.IfLuid": "1689399632855040", "EventData.Family": "0", "EventData.Capability": "2", "EventData.CapabilityChangeReason": "4", "EventData.PreviousCapability": "0"}
{"EventID": "4042", "Channel": "Microsoft-Windows-NCSI/Operational", "Provider_Name": "Microsoft-Windows-NCSI", "Computer": "DESKTOP-OFJ6N53", "TimeCreated": "2024-04-17 10:10:01.467640+00:00", "RecordID": "6769", "Level": "4", "UserID": "S-1-5-20", "EventData.InterfaceGuid": "{bed2c4be-ec11-4cc8-aafc-f0fd7a5e3a02}", "EventData.IfLuid": "1689399632855040", "EventData.Family": "0", "EventData.Capability": "1", "EventData.CapabilityChangeReason": "10", "EventData.PreviousCapability": "2"}
{"EventID": "4042", "Channel": "Microsoft-Windows-NCSI/Operational", "Provider_Name": "Microsoft-Windows-NCSI", "Computer": "DESKTOP-OFJ6N53", "TimeCreated": "2024-04-17 10:10:05.433052+00:00", "RecordID": "6770", "Level": "4", "UserID": "S-1-5-20", "EventData.InterfaceGuid": "{bed2c4be-ec11-4cc8-aafc-f0fd7a5e3a02}", "EventData.IfLuid": "1689399632855040", "EventData.Family": "0", "EventData.Capability": "2", "EventData.CapabilityChangeReason": "13", "EventData.PreviousCapability": "1"}
{"EventID": "4042", "Channel": "Microsoft-Windows-NCSI/Operational", "Provider_Name": "Microsoft-Windows-NCSI", "Computer": "DESKTOP-OFJ6N53", "TimeCreated": "2024-04-21 18:40:37.399982+00:00", "RecordID": "6771", "Level": "4", "UserID": "S-1-5-20", "EventData.InterfaceGuid": "{bed2c4be-ec11-4cc8-aafc-f0fd7a5e3a02}", "EventData.IfLuid": "1689399632855040", "EventData.Family": "0", "EventData.Capability": "1", "EventData.CapabilityChangeReason": "3", "EventData.PreviousCapability": "2"}
{"EventID": "4042", "Channel": "Microsoft-Windows-NCSI/Operational", "Provider_Name": "Microsoft-Windows-NCSI", "Computer": "DESKTOP-OFJ6N53", "TimeCreated": "2024-04-21 18:41:05.775450+00:00", "RecordID": "6772", "Level": "4", "UserID": "S-1-5-20", "EventData.InterfaceGuid": "{eb0948ce-2c9d-4bb1-b013-d4771779b95b}", "EventData.IfLuid": "1689399767072768", "EventData.Family": "0", "EventData.Capability": "1", "EventData.CapabilityChangeReason": "13", "EventData.PreviousCapability": "0"}
{"EventID": "4042", "Channel": "Microsoft-Windows-NCSI/Operational", "Provider_Name": "Microsoft-Windows-NCSI", "Computer": "DESKTOP-OFJ6N53", "TimeCreated": "2024-04-21 18:41:15.119616+00:00", "RecordID": "6773", "Level": "4", "UserID": "S-1-5-20", "EventData.InterfaceGuid": "{eb0948ce-2c9d-4bb1-b013-d4771779b95b}", "EventData.IfLuid": "1689399767072768", "EventData.Family": "0", "EventData.Capability": "2", "EventData.CapabilityChangeReason": "4", "EventData.PreviousCapability": "1"}
{"EventID": "4042", "Channel": "Microsoft-Windows-NCSI/Operational", "Provider_Name": "Microsoft-Windows-NCSI", "Computer": "DESKTOP-OFJ6N53", "TimeCreated": "2024-04-22 06:40:39.999477+00:00", "RecordID": "6774", "Level": "4", "UserID": "S-1-5-20", "EventData.InterfaceGuid": "{eb0948ce-2c9d-4bb1-b013-d4771779b95b}", "EventData.IfLuid": "1689399767072768", "EventData.Family": "0", "EventData.Capability": "0", "EventData.CapabilityChangeReason": "14", "EventData.PreviousCapability": "2"}
{"EventID": "4042", "Channel": "Microsoft-Windows-NCSI/Operational", "Provider_Name": "Microsoft-Windows-NCSI", "Computer": "DESKTOP-OFJ6N53", "TimeCreated": "2024-04-22 06:40:41.909657+00:00", "RecordID": "6775", "Level": "4", "UserID": "S-1-5-20", "EventData.InterfaceGuid": "{bed2c4be-ec11-4cc8-aafc-f0fd7a5e3a02}", "EventData.IfLuid": "1689399632855040", "EventData.Family": "1", "EventData.Capability": "0", "EventData.CapabilityChangeReason": "5", "EventData.PreviousCapability": "0"}
{"EventID": "4042", "Channel": "Microsoft-Windows-NCSI/Operational", "Provider_Name": "Microsoft-Windows-NCSI", "Computer": "DESKTOP-OFJ6N53", "TimeCreated": "2024-04-22 06:40:42.121748+00:00", "RecordID": "6776", "Level": "4", "UserID": "S-1-5-20", "EventData.InterfaceGuid": "{bed2c4be-ec11-4cc8-aafc-f0fd7a5e3a02}", "EventData.IfLuid": "1689399632855040", "EventData.Family": "0", "EventData.Capability": "2", "EventData.CapabilityChangeReason": "8", "EventData.PreviousCapability": "1"}
{"EventID": "4042", "Channel": "Microsoft-Windows-NCSI/Operational", "Provider_Name": "Microsoft-Windows-NCSI", "Computer": "DESKTOP-OFJ6N53", "TimeCreated": "2024-04-22 12:56:44.017265+00:00", "RecordID": "6777", "Level": "4", "UserID": "S-1-5-20", "EventData.InterfaceGuid": "{bed2c4be-ec11-4cc8-aafc-f0fd7a5e3a02}", "EventData.IfLuid": "1689399632855040", "EventData.Family": "1", "EventData.Capability": "1", "EventData.CapabilityChangeReason": "13", "EventData.PreviousCapability": "0"}
{"EventID": "4042", "Channel": "Microsoft-Windows-NCSI/Operational", "Provider_Name": "Microsoft-Windows-NCSI", "Computer": "DESKTOP-OFJ6N53", "TimeCreated": "2024-04-22 15:45:14.008259+00:00", "RecordID": "6778", "Level": "4", "UserID": "S-1-5-20", "EventData.InterfaceGuid": "{4ce1134c-e059-4f27-a6df-bafcb007188c}", "EventData.IfLuid": "1689399699963904", "EventData.Family": "0", "EventData.Capability": "1", "EventData.CapabilityChangeReason": "13", "EventData.PreviousCapability": "0"}
{"EventID": "4042", "Channel": "Microsoft-Windows-NCSI/Operational", "Provider_Name": "Microsoft-Windows-NCSI", "Computer": "DESKTOP-OFJ6N53", "TimeCreated": "2024-04-22 17:45:07.667627+00:00", "RecordID": "6779", "Level": "4", "UserID": "S-1-5-20", "EventData.InterfaceGuid": "{4ce1134c-e059-4f27-a6df-bafcb007188c}", "EventData.IfLuid": "1689399699963904", "EventData.Family": "0", "EventData.Capability": "0", "EventData.CapabilityChangeReason": "1", "EventData.PreviousCapability": "1"}
{"EventID": "4042", "Channel": "Microsoft-Windows-NCSI/Operational", "Provider_Name": "Microsoft-Windows-NCSI", "Computer": "DESKTOP-OFJ6N53", "TimeCreated": "2024-04-22 17:45:14.034981+00:00", "RecordID": "6780", "Level": "4", "UserID": "S-1-5-20", "EventData.InterfaceGuid": "{bed2c4be-ec11-4cc8-aafc-f0fd7a5e3a02}", "EventData.IfLuid": "1689399632855040", "EventData.Family": "1", "EventData.Capability": "1", "EventData.CapabilityChangeReason": "5", "EventData.PreviousCapability": "1"}
{"EventID": "4042", "Channel": "Microsoft-Windows-NCSI/Operational", "Provider_Name": "Microsoft-Windows-NCSI", "Computer": "DESKTOP-OFJ6N53", "TimeCreated": "2024-04-23 10:46:30.996639+00:00", "RecordID": "6781", "Level": "4", "UserID": "S-1-5-20", "EventData.InterfaceGuid": "{4ce1134c-e059-4f27-a6df-bafcb007188c}", "EventData.IfLuid": "1689399699963904", "EventData.Family": "0", "EventData.Capability": "1", "EventData.CapabilityChangeReason": "13", "EventData.PreviousCapability": "0"}
{"EventID": "4042", "Channel": "Microsoft-Windows-NCSI/Operational", "Provider_Name": "Microsoft-Windows-NCSI", "Computer": "DESKTOP-OFJ6N53", "TimeCreated": "2024-04-23 12:46:44.316065+00:00", "RecordID": "6782", "Level": "4", "UserID": "S-1-5-20", "EventData.InterfaceGuid": "{4ce1134c-e059-4f27-a6df-bafcb007188c}", "EventData.IfLuid": "1689399699963904", "EventData.Family": "0", "EventData.Capability": "0", "EventData.CapabilityChangeReason": "14", "EventData.PreviousCapability": "1"}
{"EventID": "4042", "Channel": "Microsoft-Windows-NCSI/Operational", "Provider_Name": "Microsoft-Windows-NCSI", "Computer": "DESKTOP-OFJ6N53", "TimeCreated": "2024-04-23 12:46:49.677834+00:00", "RecordID": "6783", "Level": "4", "UserID": "S-1-5-20", "EventData.InterfaceGuid": "{bed2c4be-ec11-4cc8-aafc-f0fd7a5e3a02}", "EventData.IfLuid": "1689399632855040", "EventData.Family": "1", "EventData.Capability": "1", "EventData.CapabilityChangeReason": "5", "EventData.PreviousCapability": "1"}
