{"EventID": "1225", "Channel": "Microsoft-Windows-PushNotification-Platform/Operational", "Provider_Name": "Microsoft-Windows-PushNotifications-Platform", "Computer": "DESKTOP-OFJ6N53", "TimeCreated": "2025-08-26 09:11:00.483438+00:00", "RecordID": "3705863", "Level": "5", "UserID": "S-1-5-18", "EventData.Verb": "PNG", "EventData.TrID": "27", "EventData.Namespace": "CON", "EventData.CorrelationVector": "vIKL831gwESlCc7B.27.0", "EventData.Bytes": "126", "EventData.Payload": "TVMtQ1Y6IHZJS0w4MzFnd0VTbENjN0IuMjcuMA0KDQo8cGluZy1yZXNwb25zZT48d2FpdD40ODwvd2FpdD48Y29ubmVjdGlvbi1zdGF0dXM+Q29ubmVjdGVkPC9jb25uZWN0aW9uLXN0YXR1cz48L3BpbmctcmVzcG9uc2U+", "EventData.ConnectionType": "1"}
{"EventID": "1268", "Channel": "Microsoft-Windows-PushNotification-Platform/Operational", "Provider_Name": "Microsoft-Windows-PushNotifications-Platform", "Computer": "DESKTOP-OFJ6N53", "TimeCreated": "2025-08-26 09:11:00.483438+00:00", "RecordID": "3705864", "Level": "5", "UserID": "S-1-5-18", "EventData.Verb": "PNG", "EventData.TrID": "27", "EventData.Namespace": "CON", "EventData.CorrelationVector": "vIKL831gwESlCc7B.27.0", "EventData.Bytes": "126", "EventData.Payload": "UE5HIDI3IENPTgAxMjYNCk1TLUNWOiB2SUtMODMxZ3dFU2xDYzdCLjI3LjANCg0KPHBpbmctcmVzcG9uc2U+PHdhaXQ+NDg8L3dhaXQ+PGNvbm5lY3Rpb24tc3RhdHVzPkNvbm5lY3RlZDwvY29ubmVjdGlvbi1zdGF0dXM+", "EventData.ConnectionType": "1"}
{"EventID": "1223", "Channel": "Microsoft-Windows-PushNotification-Platform/Operational", "Provider_Name": "Microsoft-Windows-PushNotifications-Platform", "Computer": "DESKTOP-OFJ6N53", "TimeCreated": "2025-08-26 09:12:00.422743+00:00", "RecordID": "3705865", "Level": "5", "UserID": "S-1-5-18", "EventData.Verb": "PNG", "EventData.TrID": "28", "EventData.Namespace": "CON", "EventData.CorrelationVector": "vIKL831gwESlCc7B.28", "EventData.Bytes": "29", "EventData.Payload": "Q29udGV4dDogYjhhZjE3MmZkODY1MzhhZg0KDQo=", "EventData.ConnectionType": "1"}
{"EventID": "1267", "Channel": "Microsoft-Windows-PushNotification-Platform/Operational", "Provider_Name": "Microsoft-Windows-PushNotifications-Platform", "Computer": "DESKTOP-OFJ6N53", "TimeCreated": "2025-08-26 09:12:00.422743+00:00", "RecordID": "3705866", "Level": "5", "UserID": "S-1-5-18", "EventData.Verb": "PNG", "EventData.TrID": "28", "EventData.Namespace": "CON", "EventData.CorrelationVector": "vIKL831gwESlCc7B.28", "EventData.Bytes": "72", "EventData.Payload": "UE5HIDI4IENPTiA1Nw0KTVMtQ1Y6IHZJS0w4MzFnd0VTbENjN0IuMjgNCkNvbnRleHQ6IGI4YWYxNzJmZDg2NTM4YWYNCg0K", "EventData.ConnectionType": "1"}
{"EventID": "1225", "Channel": "Microsoft-Windows-PushNotification-Platform/Operational", "Provider_Name": "Microsoft-Windows-PushNotifications-Platform", "Computer": "DESKTOP-OFJ6N53", "TimeCreated": "2025-08-26 09:12:00.528286+00:00", "RecordID": "3705867", "Level": "5", "UserID": "S-1-5-18", "EventData.Verb": "PNG", "EventData.TrID": "28", "EventData.Namespace": "CON", "EventData.CorrelationVector": "vIKL831gwESlCc7B.28.0", "EventData.Bytes": "126", "EventData.Payload": "TVMtQ1Y6IHZJS0w4MzFnd0VTbENjN0IuMjguMA0KDQo8cGluZy1yZXNwb25zZT48d2FpdD40ODwvd2FpdD48Y29ubmVjdGlvbi1zdGF0dXM+Q29ubmVjdGVkPC9jb25uZWN0aW9uLXN0YXR1cz48L3BpbmctcmVzcG9uc2U+", "EventData.ConnectionType": "1"}
{"EventID": "1268", "Channel": "Microsoft-Windows-PushNotification-Platform/Operational", "Provider_Name": "Microsoft-Windows-PushNotifications-Platform", "Computer": "DESKTOP-OFJ6N53", "TimeCreated": "2025-08-26 09:12:00.528288+00:00", "RecordID": "3705868", "Level": "5", "UserID": "S-1-5-18", "EventData.Verb": "PNG", "EventData.TrID": "28", "EventData.Namespace": "CON", "EventData.CorrelationVector": "vIKL831gwESlCc7B.28.0", "EventData.Bytes": "126", "EventData.Payload": "UE5HIDI4IENPTgAxMjYNCk1TLUNWOiB2SUtMODMxZ3dFU2xDYzdCLjI4LjANCg0KPHBpbmctcmVzcG9uc2U+PHdhaXQ+NDg8L3dhaXQ+PGNvbm5lY3Rpb24tc3RhdHVzPkNvbm5lY3RlZDwvY29ubmVjdGlvbi1zdGF0dXM+", "EventData.ConnectionType": "1"}
{"EventID": "1223", "Channel": "Microsoft-Windows-PushNotification-Platform/Operational", "Provider_Name": "Microsoft-Windows-PushNotifications-Platform", "Computer": "DESKTOP-OFJ6N53", "TimeCreated": "2025-08-26 09:13:00.506393+00:00", "RecordID": "3705869", "Level": "5", "UserID": "S-1-5-18", "EventData.Verb": "PNG", "EventData.TrID": "29", "EventData.Namespace": "CON", "EventData.CorrelationVector": "vIKL831gwESlCc7B.29", "EventData.Bytes": "29", "EventData.Payload": "Q29udGV4dDogMzZjMjZlMWQ3NDU3ZjM5Nw0KDQo=", "EventData.ConnectionType": "1"}
{"EventID": "1267", "Channel": "Microsoft-Windows-PushNotification-Platform/Operational", "Provider_Name": "Microsoft-Windows-PushNotifications-Platform", "Computer": "DESKTOP-OFJ6N53", "TimeCreated": "2025-08-26 09:13:00.506395+00:00", "RecordID": "3705870", "Level": "5", "UserID": "S-1-5-18", "EventData.Verb": "PNG", "EventData.TrID": "29", "EventData.Namespace": "CON", "EventData.CorrelationVector": "vIKL831gwESlCc7B.29", "EventData.Bytes": "72", "EventData.Payload": "UE5HIDI5IENPTiA1Nw0KTVMtQ1Y6IHZJS0w4MzFnd0VTbENjN0IuMjkNCkNvbnRleHQ6IDM2YzI2ZTFkNzQ1N2YzOTcNCg0K", "EventData.ConnectionType": "1"}
{"EventID": "1225", "Channel": "Microsoft-Windows-PushNotification-Platform/Operational", "Provider_Name": "Microsoft-Windows-PushNotifications-Platform", "Computer": "DESKTOP-OFJ6N53", "TimeCreated": "2025-08-26 09:13:00.588638+00:00", "RecordID": "3705871", "Level": "5", "UserID": "S-1-5-18", "EventData.Verb": "PNG", "EventData.TrID": "29", "EventData.Namespace": "CON", "EventData.CorrelationVector": "vIKL831gwESlCc7B.29.0", "EventData.Bytes": "126", "EventData.Payload": "TVMtQ1Y6IHZJS0w4MzFnd0VTbENjN0IuMjkuMA0KDQo8cGluZy1yZXNwb25zZT48d2FpdD40NTwvd2FpdD48Y29ubmVjdGlvbi1zdGF0dXM+Q29ubmVjdGVkPC9jb25uZWN0aW9uLXN0YXR1cz48L3BpbmctcmVzcG9uc2U+", "EventData.ConnectionType": "1"}
{"EventID": "1268", "Channel": "Microsoft-Windows-PushNotification-Platform/Operational", "Provider_Name": "Microsoft-Windows-PushNotifications-Platform", "Computer": "DESKTOP-OFJ6N53", "TimeCreated": "2025-08-26 09:13:00.588640+00:00", "RecordID": "3705872", "Level": "5", "UserID": "S-1-5-18", "EventData.Verb": "PNG", "EventData.TrID": "29", "EventData.Namespace": "CON", "EventData.CorrelationVector": "vIKL831gwESlCc7B.29.0", "EventData.Bytes": "126", "EventData.Payload": "UE5HIDI5IENPTgAxMjYNCk1TLUNWOiB2SUtMODMxZ3dFU2xDYzdCLjI5LjANCg0KPHBpbmctcmVzcG9uc2U+PHdhaXQ+NDU8L3dhaXQ+PGNvbm5lY3Rpb24tc3RhdHVzPkNvbm5lY3RlZDwvY29ubmVjdGlvbi1zdGF0dXM+", "EventData.ConnectionType": "1"}
{"EventID": "1223", "Channel": "Microsoft-Windows-PushNotification-Platform/Operational", "Provider_Name": "Microsoft-Windows-PushNotifications-Platform", "Computer": "DESKTOP-OFJ6N53", "TimeCreated": "2025-08-26 09:14:00.535080+00:00", "RecordID": "3705873", "Level": "5", "UserID": "S-1-5-18", "EventData.Verb": "PNG", "EventData.TrID": "30", "EventData.Namespace": "CON", "EventData.CorrelationVector": "vIKL831gwESlCc7B.30", "EventData.Bytes": "29", "EventData.Payload": "Q29udGV4dDogZjY5OTA4MDAwYjlkODlmYg0KDQo=", "EventData.ConnectionType": "1"}
{"EventID": "1267", "Channel": "Microsoft-Windows-PushNotification-Platform/Operational", "Provider_Name": "Microsoft-Windows-PushNotifications-Platform", "Computer": "DESKTOP-OFJ6N53", "TimeCreated": "2025-08-26 09:14:00.535082+00:00", "RecordID": "3705874", "Level": "5", "UserID": "S-1-5-18", "EventData.Verb": "PNG", "EventData.TrID": "30", "EventData.Namespace": "CON", "EventData.CorrelationVector": "vIKL831gwESlCc7B.30", "EventData.Bytes": "72", "EventData.Payload": "UE5HIDMwIENPTiA1Nw0KTVMtQ1Y6IHZJS0w4MzFnd0VTbENjN0IuMzANCkNvbnRleHQ6IGY2OTkwODAwMGI5ZDg5ZmINCg0K", "EventData.ConnectionType": "1"}
{"EventID": "1225", "Channel": "Microsoft-Windows-PushNotification-Platform/Operational", "Provider_Name": "Microsoft-Windows-PushNotifications-Platform", "Computer": "DESKTOP-OFJ6N53", "TimeCreated": "2025-08-26 09:14:00.597712+00:00", "RecordID": "3705875", "Level": "5", "UserID": "S-1-5-18", "EventData.Verb": "PNG", "EventData.TrID": "30", "EventData.Namespace": "CON", "EventData.CorrelationVector": "vIKL831gwESlCc7B.30.0", "EventData.Bytes": "126", "EventData.Payload": "TVMtQ1Y6IHZJS0w4MzFnd0VTbENjN0IuMzAuMA0KDQo8cGluZy1yZXNwb25zZT48d2FpdD40MDwvd2FpdD48Y29ubmVjdGlvbi1zdGF0dXM+Q29ubmVjdGVkPC9jb25uZWN0aW9uLXN0YXR1cz48L3BpbmctcmVzcG9uc2U+", "EventData.ConnectionType": "1"}
{"EventID": "1268", "Channel": "Microsoft-Windows-PushNotification-Platform/Operational", "Provider_Name": "Microsoft-Windows-PushNotifications-Platform", "Computer": "DESKTOP-OFJ6N53", "TimeCreated": "2025-08-26 09:14:00.597712+00:00", "RecordID": "3705876", "Level": "5", "UserID": "S-1-5-18", "EventData.Verb": "PNG", "EventData.TrID": "30", "EventData.Namespace": "CON", "EventData.CorrelationVector": "vIKL831gwESlCc7B.30.0", "EventData.Bytes": "126", "EventData.Payload": "UE5HIDMwIENPTgAxMjYNCk1TLUNWOiB2SUtMODMxZ3dFU2xDYzdCLjMwLjANCg0KPHBpbmctcmVzcG9uc2U+PHdhaXQ+NDA8L3dhaXQ+PGNvbm5lY3Rpb24tc3RhdHVzPkNvbm5lY3RlZDwvY29ubmVjdGlvbi1zdGF0dXM+", "EventData.ConnectionType": "1"}
{"EventID": "1223", "Channel": "Microsoft-Windows-PushNotification-Platform/Operational", "Provider_Name": "Microsoft-Windows-PushNotifications-Platform", "Computer": "DESKTOP-OFJ6N53", "TimeCreated": "2025-08-26 09:15:00.540180+00:00", "RecordID": "3705877", "Level": "5", "UserID": "S-1-5-18", "EventData.Verb": "PNG", "EventData.TrID": "31", "EventData.Namespace": "CON", "EventData.CorrelationVector": "vIKL831gwESlCc7B.31", "EventData.Bytes": "29", "EventData.Payload": "Q29udGV4dDogMmU0ZDBlMWUyNTAzYWIyOQ0KDQo=", "EventData.ConnectionType": "1"}
{"EventID": "1267", "Channel": "Microsoft-Windows-PushNotification-Platform/Operational", "Provider_Name": "Microsoft-Windows-PushNotifications-Platform", "Computer": "DESKTOP-OFJ6N53", "TimeCreated": "2025-08-26 09:15:00.540182+00:00", "RecordID": "3705878", "Level": "5", "UserID": "S-1-5-18", "EventData.Verb": "PNG", "EventData.TrID": "31", "EventData.Namespace": "CON", "EventData.CorrelationVector": "vIKL831gwESlCc7B.31", "EventData.Bytes": "72", "EventData.Payload": "UE5HIDMxIENPTiA1Nw0KTVMtQ1Y6IHZJS0w4MzFnd0VTbENjN0IuMzENCkNvbnRleHQ6IDJlNGQwZTFlMjUwM2FiMjkNCg0K", "EventData.ConnectionType": "1"}
{"EventID": "1225", "Channel": "Microsoft-Windows-PushNotification-Platform/Operational", "Provider_Name": "Microsoft-Windows-PushNotifications-Platform", "Computer": "DESKTOP-OFJ6N53", "TimeCreated": "2025-08-26 09:15:00.654417+00:00", "RecordID": "3705879", "Level": "5", "UserID": "S-1-5-18", "EventData.Verb": "PNG", "EventData.TrID": "31", "EventData.Namespace": "CON", "EventData.CorrelationVector": "vIKL831gwESlCc7B.31.0", "EventData.Bytes": "126", "EventData.Payload": "TVMtQ1Y6IHZJS0w4MzFnd0VTbENjN0IuMzEuMA0KDQo8cGluZy1yZXNwb25zZT48d2FpdD40NDwvd2FpdD48Y29ubmVjdGlvbi1zdGF0dXM+Q29ubmVjdGVkPC9jb25uZWN0aW9uLXN0YXR1cz48L3BpbmctcmVzcG9uc2U+", "EventData.ConnectionType": "1"}
{"EventID": "1268", "Channel": "Microsoft-Windows-PushNotification-Platform/Operational", "Provider_Name": "Microsoft-Windows-PushNotifications-Platform", "Computer": "DESKTOP-OFJ6N53", "TimeCreated": "2025-08-26 09:15:00.654421+00:00", "RecordID": "3705880", "Level": "5", "UserID": "S-1-5-18", "EventData.Verb": "PNG", "EventData.TrID": "31", "EventData.Namespace": "CON", "EventData.CorrelationVector": "vIKL831gwESlCc7B.31.0", "EventData.Bytes": "126", "EventData.Payload": "UE5HIDMxIENPTgAxMjYNCk1TLUNWOiB2SUtMODMxZ3dFU2xDYzdCLjMxLjANCg0KPHBpbmctcmVzcG9uc2U+PHdhaXQ+NDQ8L3dhaXQ+PGNvbm5lY3Rpb24tc3RhdHVzPkNvbm5lY3RlZDwvY29ubmVjdGlvbi1zdGF0dXM+", "EventData.ConnectionType": "1"}
{"EventID": "1223", "Channel": "Microsoft-Windows-PushNotification-Platform/Operational", "Provider_Name": "Microsoft-Windows-PushNotifications-Platform", "Computer": "DESKTOP-OFJ6N53", "TimeCreated": "2025-08-26 09:16:00.548477+00:00", "RecordID": "3705881", "Level": "5", "UserID": "S-1-5-18", "EventData.Verb": "PNG", "EventData.TrID": "32", "EventData.Namespace": "CON", "EventData.CorrelationVector": "vIKL831gwESlCc7B.32", "EventData.Bytes": "29", "EventData.Payload": "Q29udGV4dDogNGEzMmYyZmFiOGQ0NjM3Zg0KDQo=", "EventData.ConnectionType": "1"}
{"EventID": "1267", "Channel": "Microsoft-Windows-PushNotification-Platform/Operational", "Provider_Name": "Microsoft-Windows-PushNotifications-Platform", "Computer": "DESKTOP-OFJ6N53", "TimeCreated": "2025-08-26 09:16:00.548479+00:00", "RecordID": "3705882", "Level": "5", "UserID": "S-1-5-18", "EventData.Verb": "PNG", "EventData.TrID": "32", "EventData.Namespace": "CON", "EventData.CorrelationVector": "vIKL831gwESlCc7B.32", "EventData.Bytes": "72", "EventData.Payload": "UE5HIDMyIENPTiA1Nw0KTVMtQ1Y6IHZJS0w4MzFnd0VTbENjN0IuMzINCkNvbnRleHQ6IDRhMzJmMmZhYjhkNDYzN2YNCg0K", "EventData.ConnectionType": "1"}
{"EventID": "1225", "Channel": "Microsoft-Windows-PushNotification-Platform/Operational", "Provider_Name": "Microsoft-Windows-PushNotifications-Platform", "Computer": "DESKTOP-OFJ6N53", "TimeCreated": "2025-08-26 09:16:00.644333+00:00", "RecordID": "3705883", "Level": "5", "UserID": "S-1-5-18", "EventData.Verb": "PNG", "EventData.TrID": "32", "EventData.Namespace": "CON", "EventData.CorrelationVector": "vIKL831gwESlCc7B.32.0", "EventData.Bytes": "126", "EventData.Payload": "TVMtQ1Y6IHZJS0w4MzFnd0VTbENjN0IuMzIuMA0KDQo8cGluZy1yZXNwb25zZT48d2FpdD41MDwvd2FpdD48Y29ubmVjdGlvbi1zdGF0dXM+Q29ubmVjdGVkPC9jb25uZWN0aW9uLXN0YXR1cz48L3BpbmctcmVzcG9uc2U+", "EventData.ConnectionType": "1"}
{"EventID": "1268", "Channel": "Microsoft-Windows-PushNotification-Platform/Operational", "Provider_Name": "Microsoft-Windows-PushNotifications-Platform", "Computer": "DESKTOP-OFJ6N53", "TimeCreated": "2025-08-26 09:16:00.644335+00:00", "RecordID": "3705884", "Level": "5", "UserID": "S-1-5-18", "EventData.Verb": "PNG", "EventData.TrID": "32", "EventData.Namespace": "CON", "EventData.CorrelationVector": "vIKL831gwESlCc7B.32.0", "EventData.Bytes": "126", "EventData.Payload": "UE5HIDMyIENPTgAxMjYNCk1TLUNWOiB2SUtMODMxZ3dFU2xDYzdCLjMyLjANCg0KPHBpbmctcmVzcG9uc2U+PHdhaXQ+NTA8L3dhaXQ+PGNvbm5lY3Rpb24tc3RhdHVzPkNvbm5lY3RlZDwvY29ubmVjdGlvbi1zdGF0dXM+", "EventData.ConnectionType": "1"}
{"EventID": "1223", "Channel": "Microsoft-Windows-PushNotification-Platform/Operational", "Provider_Name": "Microsoft-Windows-PushNotifications-Platform", "Computer": "DESKTOP-OFJ6N53", "TimeCreated": "2025-08-26 09:17:00.550508+00:00", "RecordID": "3705885", "Level": "5", "UserID": "S-1-5-18", "EventData.Verb": "PNG", "EventData.TrID": "33", "EventData.Namespace": "CON", "EventData.CorrelationVector": "vIKL831gwESlCc7B.33", "EventData.Bytes": "29", "EventData.Payload": "Q29udGV4dDogYjliN2NiMzc0MGU2MzVlNQ0KDQo=", "EventData.ConnectionType": "1"}
{"EventID": "1267", "Channel": "Microsoft-Windows-PushNotification-Platform/Operational", "Provider_Name": "Microsoft-Windows-PushNotifications-Platform", "Computer": "DESKTOP-OFJ6N53", "TimeCreated": "2025-08-26 09:17:00.550508+00:00", "RecordID": "3705886", "Level": "5", "UserID": "S-1-5-18", "EventData.Verb": "PNG", "EventData.TrID": "33", "EventData.Namespace": "CON", "EventData.CorrelationVector": "vIKL831gwESlCc7B.33", "EventData.Bytes": "72", "EventData.Payload": "UE5HIDMzIENPTiA1Nw0KTVMtQ1Y6IHZJS0w4MzFnd0VTbENjN0IuMzMNCkNvbnRleHQ6IGI5YjdjYjM3NDBlNjM1ZTUNCg0K", "EventData.ConnectionType": "1"}
{"EventID": "1225", "Channel": "Microsoft-Windows-PushNotification-Platform/Operational", "Provider_Name": "Microsoft-Windows-PushNotifications-Platform", "Computer": "DESKTOP-OFJ6N53", "TimeCreated": "2025-08-26 09:17:00.613047+00:00", "RecordID": "3705887", "Level": "5", "UserID": "S-1-5-18", "EventData.Verb": "PNG", "EventData.TrID": "33", "EventData.Namespace": "CON", "EventData.CorrelationVector": "vIKL831gwESlCc7B.33.0", "EventData.Bytes": "126", "EventData.Payload": "TVMtQ1Y6IHZJS0w4MzFnd0VTbENjN0IuMzMuMA0KDQo8cGluZy1yZXNwb25zZT48d2FpdD40ODwvd2FpdD48Y29ubmVjdGlvbi1zdGF0dXM+Q29ubmVjdGVkPC9jb25uZWN0aW9uLXN0YXR1cz48L3BpbmctcmVzcG9uc2U+", "EventData.ConnectionType": "1"}
{"EventID": "1268", "Channel": "Microsoft-Windows-PushNotification-Platform/Operational", "Provider_Name": "Microsoft-Windows-PushNotifications-Platform", "Computer": "DESKTOP-OFJ6N53", "TimeCreated": "2025-08-26 09:17:00.613049+00:00", "RecordID": "3705888", "Level": "5", "UserID": "S-1-5-18", "EventData.Verb": "PNG", "EventData.TrID": "33", "EventData.Namespace": "CON", "EventData.CorrelationVector": "vIKL831gwESlCc7B.33.0", "EventData.Bytes": "126", "EventData.Payload": "UE5HIDMzIENPTgAxMjYNCk1TLUNWOiB2SUtMODMxZ3dFU2xDYzdCLjMzLjANCg0KPHBpbmctcmVzcG9uc2U+PHdhaXQ+NDg8L3dhaXQ+PGNvbm5lY3Rpb24tc3RhdHVzPkNvbm5lY3RlZDwvY29ubmVjdGlvbi1zdGF0dXM+", "EventData.ConnectionType": "1"}
{"EventID": "1223", "Channel": "Microsoft-Windows-PushNotification-Platform/Operational", "Provider_Name": "Microsoft-Windows-PushNotifications-Platform", "Computer": "DESKTOP-OFJ6N53", "TimeCreated": "2025-08-26 09:18:00.575966+00:00", "RecordID": "3705889", "Level": "5", "UserID": "S-1-5-18", "EventData.Verb": "PNG", "EventData.TrID": "34", "EventData.Namespace": "CON", "EventData.CorrelationVector": "vIKL831gwESlCc7B.34", "EventData.Bytes": "29", "EventData.Payload": "Q29udGV4dDogYzdmZjQ3Y2JhNTZhMDhjNw0KDQo=", "EventData.ConnectionType": "1"}
{"EventID": "1267", "Channel": "Microsoft-Windows-PushNotification-Platform/Operational", "Provider_Name": "Microsoft-Windows-PushNotifications-Platform", "Computer": "DESKTOP-OFJ6N53", "TimeCreated": "2025-08-26 09:18:00.575966+00:00", "RecordID": "3705890", "Level": "5", "UserID": "S-1-5-18", "EventData.Verb": "PNG", "EventData.TrID": "34", "EventData.Namespace": "CON", "EventData.CorrelationVector": "vIKL831gwESlCc7B.34", "EventData.Bytes": "72", "EventData.Payload": "UE5HIDM0IENPTiA1Nw0KTVMtQ1Y6IHZJS0w4MzFnd0VTbENjN0IuMzQNCkNvbnRleHQ6IGM3ZmY0N2NiYTU2YTA4YzcNCg0K", "EventData.ConnectionType": "1"}
{"EventID": "1225", "Channel": "Microsoft-Windows-PushNotification-Platform/Operational", "Provider_Name": "Microsoft-Windows-PushNotifications-Platform", "Computer": "DESKTOP-OFJ6N53", "TimeCreated": "2025-08-26 09:18:00.621515+00:00", "RecordID": "3705891", "Level": "5", "UserID": "S-1-5-18", "EventData.Verb": "PNG", "EventData.TrID": "34", "EventData.Namespace": "CON", "EventData.CorrelationVector": "vIKL831gwESlCc7B.34.0", "EventData.Bytes": "126", "EventData.Payload": "TVMtQ1Y6IHZJS0w4MzFnd0VTbENjN0IuMzQuMA0KDQo8cGluZy1yZXNwb25zZT48d2FpdD40OTwvd2FpdD48Y29ubmVjdGlvbi1zdGF0dXM+Q29ubmVjdGVkPC9jb25uZWN0aW9uLXN0YXR1cz48L3BpbmctcmVzcG9uc2U+", "EventData.ConnectionType": "1"}
{"EventID": "1268", "Channel": "Microsoft-Windows-PushNotification-Platform/Operational", "Provider_Name": "Microsoft-Windows-PushNotifications-Platform", "Computer": "DESKTOP-OFJ6N53", "TimeCreated": "2025-08-26 09:18:00.621517+00:00", "RecordID": "3705892", "Level": "5", "UserID": "S-1-5-18", "EventData.Verb": "PNG", "EventData.TrID": "34", "EventData.Namespace": "CON", "EventData.CorrelationVector": "vIKL831gwESlCc7B.34.0", "EventData.Bytes": "126", "EventData.Payload": "UE5HIDM0IENPTgAxMjYNCk1TLUNWOiB2SUtMODMxZ3dFU2xDYzdCLjM0LjANCg0KPHBpbmctcmVzcG9uc2U+PHdhaXQ+NDk8L3dhaXQ+PGNvbm5lY3Rpb24tc3RhdHVzPkNvbm5lY3RlZDwvY29ubmVjdGlvbi1zdGF0dXM+", "EventData.ConnectionType": "1"}
{"EventID": "1223", "Channel": "Microsoft-Windows-PushNotification-Platform/Operational", "Provider_Name": "Microsoft-Windows-PushNotifications-Platform", "Computer": "DESKTOP-OFJ6N53", "TimeCreated": "2025-08-26 09:19:00.572090+00:00", "RecordID": "3705893", "Level": "5", "UserID": "S-1-5-18", "EventData.Verb": "PNG", "EventData.TrID": "35", "EventData.Namespace": "CON", "EventData.CorrelationVector": "vIKL831gwESlCc7B.35", "EventData.Bytes": "29", "EventData.Payload": "Q29udGV4dDogNjMzNDdkMGM2Mzg5Y2E5Zg0KDQo=", "EventData.ConnectionType": "1"}
{"EventID": "1267", "Channel": "Microsoft-Windows-PushNotification-Platform/Operational", "Provider_Name": "Microsoft-Windows-PushNotifications-Platform", "Computer": "DESKTOP-OFJ6N53", "TimeCreated": "2025-08-26 09:19:00.572092+00:00", "RecordID": "3705894", "Level": "5", "UserID": "S-1-5-18", "EventData.Verb": "PNG", "EventData.TrID": "35", "EventData.Namespace": "CON", "EventData.CorrelationVector": "vIKL831gwESlCc7B.35", "EventData.Bytes": "72", "EventData.Payload": "UE5HIDM1IENPTiA1Nw0KTVMtQ1Y6IHZJS0w4MzFnd0VTbENjN0IuMzUNCkNvbnRleHQ6IDYzMzQ3ZDBjNjM4OWNhOWYNCg0K", "EventData.ConnectionType": "1"}
{"EventID": "1225", "Channel": "Microsoft-Windows-PushNotification-Platform/Operational", "Provider_Name": "Microsoft-Windows-PushNotifications-Platform", "Computer": "DESKTOP-OFJ6N53", "TimeCreated": "2025-08-26 09:19:00.634960+00:00", "RecordID": "3705895", "Level": "5", "UserID": "S-1-5-18", "EventData.Verb": "PNG", "EventData.TrID": "35", "EventData.Namespace": "CON", "EventData.CorrelationVector": "vIKL831gwESlCc7B.35.0", "EventData.Bytes": "126", "EventData.Payload": "TVMtQ1Y6IHZJS0w4MzFnd0VTbENjN0IuMzUuMA0KDQo8cGluZy1yZXNwb25zZT48d2FpdD40NTwvd2FpdD48Y29ubmVjdGlvbi1zdGF0dXM+Q29ubmVjdGVkPC9jb25uZWN0aW9uLXN0YXR1cz48L3BpbmctcmVzcG9uc2U+", "EventData.ConnectionType": "1"}
{"EventID": "1268", "Channel": "Microsoft-Windows-PushNotification-Platform/Operational", "Provider_Name": "Microsoft-Windows-PushNotifications-Platform", "Computer": "DESKTOP-OFJ6N53", "TimeCreated": "2025-08-26 09:19:00.634960+00:00", "RecordID": "3705896", "Level": "5", "UserID": "S-1-5-18", "EventData.Verb": "PNG", "EventData.TrID": "35", "EventData.Namespace": "CON", "EventData.CorrelationVector": "vIKL831gwESlCc7B.35.0", "EventData.Bytes": "126", "EventData.Payload": "UE5HIDM1IENPTgAxMjYNCk1TLUNWOiB2SUtMODMxZ3dFU2xDYzdCLjM1LjANCg0KPHBpbmctcmVzcG9uc2U+PHdhaXQ+NDU8L3dhaXQ+PGNvbm5lY3Rpb24tc3RhdHVzPkNvbm5lY3RlZDwvY29ubmVjdGlvbi1zdGF0dXM+", "EventData.ConnectionType": "1"}
{"EventID": "1223", "Channel": "Microsoft-Windows-PushNotification-Platform/Operational", "Provider_Name": "Microsoft-Windows-PushNotifications-Platform", "Computer": "DESKTOP-OFJ6N53", "TimeCreated": "2025-08-26 09:20:01.803455+00:00", "RecordID": "3705897", "Level": "5", "UserID": "S-1-5-18", "EventData.Verb": "PNG", "EventData.TrID": "36", "EventData.Namespace": "CON", "EventData.CorrelationVector": "vIKL831gwESlCc7B.36", "EventData.Bytes": "29", "EventData.Payload": "Q29udGV4dDogYzdiNDQwNzEwMDhhMTkyZQ0KDQo=", "EventData.ConnectionType": "1"}
{"EventID": "1267", "Channel": "Microsoft-Windows-PushNotification-Platform/Operational", "Provider_Name": "Microsoft-Windows-PushNotifications-Platform", "Computer": "DESKTOP-OFJ6N53", "TimeCreated": "2025-08-26 09:20:01.803457+00:00", "RecordID": "3705898", "Level": "5", "UserID": "S-1-5-18", "EventData.Verb": "PNG", "EventData.TrID": "36", "EventData.Namespace": "CON", "EventData.CorrelationVector": "vIKL831gwESlCc7B.36", "EventData.Bytes": "72", "EventData.Payload": "UE5HIDM2IENPTiA1Nw0KTVMtQ1Y6IHZJS0w4MzFnd0VTbENjN0IuMzYNCkNvbnRleHQ6IGM3YjQ0MDcxMDA4YTE5MmUNCg0K", "EventData.ConnectionType": "1"}
{"EventID": "1225", "Channel": "Microsoft-Windows-PushNotification-Platform/Operational", "Provider_Name": "Microsoft-Windows-PushNotifications-Platform", "Computer": "DESKTOP-OFJ6N53", "TimeCreated": "2025-08-26 09:20:01.865843+00:00", "RecordID": "3705899", "Level": "5", "UserID": "S-1-5-18", "EventData.Verb": "PNG", "EventData.TrID": "36", "EventData.Namespace": "CON", "EventData.CorrelationVector": "vIKL831gwESlCc7B.36.0", "EventData.Bytes": "126", "EventData.Payload": "TVMtQ1Y6IHZJS0w4MzFnd0VTbENjN0IuMzYuMA0KDQo8cGluZy1yZXNwb25zZT48d2FpdD40Nzwvd2FpdD48Y29ubmVjdGlvbi1zdGF0dXM+Q29ubmVjdGVkPC9jb25uZWN0aW9uLXN0YXR1cz48L3BpbmctcmVzcG9uc2U+", "EventData.ConnectionType": "1"}
{"EventID": "1268", "Channel": "Microsoft-Windows-PushNotification-Platform/Operational", "Provider_Name": "Microsoft-Windows-PushNotifications-Platform", "Computer": "DESKTOP-OFJ6N53", "TimeCreated": "2025-08-26 09:20:01.865845+00:00", "RecordID": "3705900", "Level": "5", "UserID": "S-1-5-18", "EventData.Verb": "PNG", "EventData.TrID": "36", "EventData.Namespace": "CON", "EventData.CorrelationVector": "vIKL831gwESlCc7B.36.0", "EventData.Bytes": "126", "EventData.Payload": "UE5HIDM2IENPTgAxMjYNCk1TLUNWOiB2SUtMODMxZ3dFU2xDYzdCLjM2LjANCg0KPHBpbmctcmVzcG9uc2U+PHdhaXQ+NDc8L3dhaXQ+PGNvbm5lY3Rpb24tc3RhdHVzPkNvbm5lY3RlZDwvY29ubmVjdGlvbi1zdGF0dXM+", "EventData.ConnectionType": "1"}
{"EventID": "1223", "Channel": "Microsoft-Windows-PushNotification-Platform/Operational", "Provider_Name": "Microsoft-Windows-PushNotifications-Platform", "Computer": "DESKTOP-OFJ6N53", "TimeCreated": "2025-08-26 09:21:01.809374+00:00", "RecordID": "3705901", "Level": "5", "UserID": "S-1-5-18", "EventData.Verb": "PNG", "EventData.TrID": "37", "EventData.Namespace": "CON", "EventData.CorrelationVector": "vIKL831gwESlCc7B.37", "EventData.Bytes": "29", "EventData.Payload": "Q29udGV4dDogY2MwZjRiNzRlNDAzM2ZlYQ0KDQo=", "EventData.ConnectionType": "1"}
{"EventID": "1267", "Channel": "Microsoft-Windows-PushNotification-Platform/Operational", "Provider_Name": "Microsoft-Windows-PushNotifications-Platform", "Computer": "DESKTOP-OFJ6N53", "TimeCreated": "2025-08-26 09:21:01.809376+00:00", "RecordID": "3705902", "Level": "5", "UserID": "S-1-5-18", "EventData.Verb": "PNG", "EventData.TrID": "37", "EventData.Namespace": "CON", "EventData.CorrelationVector": "vIKL831gwESlCc7B.37", "EventData.Bytes": "72", "EventData.Payload": "UE5HIDM3IENPTiA1Nw0KTVMtQ1Y6IHZJS0w4MzFnd0VTbENjN0IuMzcNCkNvbnRleHQ6IGNjMGY0Yjc0ZTQwMzNmZWENCg0K", "EventData.ConnectionType": "1"}
{"EventID": "1225", "Channel": "Microsoft-Windows-PushNotification-Platform/Operational", "Provider_Name": "Microsoft-Windows-PushNotifications-Platform", "Computer": "DESKTOP-OFJ6N53", "TimeCreated": "2025-08-26 09:21:01.927570+00:00", "RecordID": "3705903", "Level": "5", "UserID": "S-1-5-18", "EventData.Verb": "PNG", "EventData.TrID": "37", "EventData.Namespace": "CON", "EventData.CorrelationVector": "vIKL831gwESlCc7B.37.0", "EventData.Bytes": "126", "EventData.Payload": "TVMtQ1Y6IHZJS0w4MzFnd0VTbENjN0IuMzcuMA0KDQo8cGluZy1yZXNwb25zZT48d2FpdD40Njwvd2FpdD48Y29ubmVjdGlvbi1zdGF0dXM+Q29ubmVjdGVkPC9jb25uZWN0aW9uLXN0YXR1cz48L3BpbmctcmVzcG9uc2U+", "EventData.ConnectionType": "1"}
{"EventID": "1268", "Channel": "Microsoft-Windows-PushNotification-Platform/Operational", "Provider_Name": "Microsoft-Windows-PushNotifications-Platform", "Computer": "DESKTOP-OFJ6N53", "TimeCreated": "2025-08-26 09:21:01.927572+00:00", "RecordID": "3705904", "Level": "5", "UserID": "S-1-5-18", "EventData.Verb": "PNG", "EventData.TrID": "37", "EventData.Namespace": "CON", "EventData.CorrelationVector": "vIKL831gwESlCc7B.37.0", "EventData.Bytes": "126", "EventData.Payload": "UE5HIDM3IENPTgAxMjYNCk1TLUNWOiB2SUtMODMxZ3dFU2xDYzdCLjM3LjANCg0KPHBpbmctcmVzcG9uc2U+PHdhaXQ+NDY8L3dhaXQ+PGNvbm5lY3Rpb24tc3RhdHVzPkNvbm5lY3RlZDwvY29ubmVjdGlvbi1zdGF0dXM+", "EventData.ConnectionType": "1"}
{"EventID": "2414", "Channel": "Microsoft-Windows-PushNotification-Platform/Operational", "Provider_Name": "Microsoft-Windows-PushNotifications-Platform", "Computer": "DESKTOP-OFJ6N53", "TimeCreated": "2025-08-26 09:21:20.208931+00:00", "RecordID": "3705905", "Level": "4", "UserID": "S-1-5-21-963789628-1060504924-4285088085-1001", "EventData.PackageFullName": "Microsoft.WindowsStore_22507.1401.6.0_x64__8wekyb3d8bbwe", "EventData.AppUserModelId": "Microsoft.WindowsStore_8wekyb3d8bbwe!App", "EventData.AppSettings": "67141376", "EventData.AppType": "268435456", "EventData.ErrorCode": "0"}
{"EventID": "2414", "Channel": "Microsoft-Windows-PushNotification-Platform/Operational", "Provider_Name": "Microsoft-Windows-PushNotifications-Platform", "Computer": "DESKTOP-OFJ6N53", "TimeCreated": "2025-08-26 09:21:20.218243+00:00", "RecordID": "3705906", "Level": "4", "UserID": "S-1-5-21-963789628-1060504924-4285088085-1001", "EventData.PackageFullName": "Microsoft.WindowsStore_22507.1401.6.0_x64__8wekyb3d8bbwe", "EventData.AppUserModelId": "Microsoft.WindowsStore_8wekyb3d8bbwe!StoreDesktopExtension", "EventData.AppSettings": "67141376", "EventData.AppType": "268435456", "EventData.ErrorCode": "0"}
{"EventID": "1223", "Channel": "Microsoft-Windows-PushNotification-Platform/Operational", "Provider_Name": "Microsoft-Windows-PushNotifications-Platform", "Computer": "DESKTOP-OFJ6N53", "TimeCreated": "2025-08-26 09:22:01.944658+00:00", "RecordID": "3705907", "Level": "5", "UserID": "S-1-5-18", "EventData.Verb": "PNG", "EventData.TrID": "38", "EventData.Namespace": "CON", "EventData.CorrelationVector": "vIKL831gwESlCc7B.38", "EventData.Bytes": "29", "EventData.Payload": "Q29udGV4dDogZDY5ZTc4OWZjZjljZjhkYw0KDQo=", "EventData.ConnectionType": "1"}
{"EventID": "1267", "Channel": "Microsoft-Windows-PushNotification-Platform/Operational", "Provider_Name": "Microsoft-Windows-PushNotifications-Platform", "Computer": "DESKTOP-OFJ6N53", "TimeCreated": "2025-08-26 09:22:01.944660+00:00", "RecordID": "3705908", "Level": "5", "UserID": "S-1-5-18", "EventData.Verb": "PNG", "EventData.TrID": "38", "EventData.Namespace": "CON", "EventData.CorrelationVector": "vIKL831gwESlCc7B.38", "EventData.Bytes": "72", "EventData.Payload": "UE5HIDM4IENPTiA1Nw0KTVMtQ1Y6IHZJS0w4MzFnd0VTbENjN0IuMzgNCkNvbnRleHQ6IGQ2OWU3ODlmY2Y5Y2Y4ZGMNCg0K", "EventData.ConnectionType": "1"}
{"EventID": "1225", "Channel": "Microsoft-Windows-PushNotification-Platform/Operational", "Provider_Name": "Microsoft-Windows-PushNotifications-Platform", "Computer": "DESKTOP-OFJ6N53", "TimeCreated": "2025-08-26 09:22:02.063450+00:00", "RecordID": "3705909", "Level": "5", "UserID": "S-1-5-18", "EventData.Verb": "PNG", "EventData.TrID": "38", "EventData.Namespace": "CON", "EventData.CorrelationVector": "vIKL831gwESlCc7B.38.0", "EventData.Bytes": "126", "EventData.Payload": "TVMtQ1Y6IHZJS0w4MzFnd0VTbENjN0IuMzguMA0KDQo8cGluZy1yZXNwb25zZT48d2FpdD40NDwvd2FpdD48Y29ubmVjdGlvbi1zdGF0dXM+Q29ubmVjdGVkPC9jb25uZWN0aW9uLXN0YXR1cz48L3BpbmctcmVzcG9uc2U+", "EventData.ConnectionType": "1"}
{"EventID": "1268", "Channel": "Microsoft-Windows-PushNotification-Platform/Operational", "Provider_Name": "Microsoft-Windows-PushNotifications-Platform", "Computer": "DESKTOP-OFJ6N53", "TimeCreated": "2025-08-26 09:22:02.063452+00:00", "RecordID": "3705910", "Level": "5", "UserID": "S-1-5-18", "EventData.Verb": "PNG", "EventData.TrID": "38", "EventData.Namespace": "CON", "EventData.CorrelationVector": "vIKL831gwESlCc7B.38.0", "EventData.Bytes": "126", "EventData.Payload": "UE5HIDM4IENPTgAxMjYNCk1TLUNWOiB2SUtMODMxZ3dFU2xDYzdCLjM4LjANCg0KPHBpbmctcmVzcG9uc2U+PHdhaXQ+NDQ8L3dhaXQ+PGNvbm5lY3Rpb24tc3RhdHVzPkNvbm5lY3RlZDwvY29ubmVjdGlvbi1zdGF0dXM+", "EventData.ConnectionType": "1"}
{"EventID": "1223", "Channel": "Microsoft-Windows-PushNotification-Platform/Operational", "Provider_Name": "Microsoft-Windows-PushNotifications-Platform", "Computer": "DESKTOP-OFJ6N53", "TimeCreated": "2025-08-26 09:23:02.066032+00:00", "RecordID": "3705911", "Level": "5", "UserID": "S-1-5-18", "EventData.Verb": "PNG", "EventData.TrID": "39", "EventData.Namespace": "CON", "EventData.CorrelationVector": "vIKL831gwESlCc7B.39", "EventData.Bytes": "29", "EventData.Payload": "Q29udGV4dDogNjdlMjg1ODUxMDllZDgxZQ0KDQo=", "EventData.ConnectionType": "1"}
{"EventID": "1267", "Channel": "Microsoft-Windows-PushNotification-Platform/Operational", "Provider_Name": "Microsoft-Windows-PushNotifications-Platform", "Computer": "DESKTOP-OFJ6N53", "TimeCreated": "2025-08-26 09:23:02.066034+00:00", "RecordID": "3705912", "Level": "5", "UserID": "S-1-5-18", "EventData.Verb": "PNG", "EventData.TrID": "39", "EventData.Namespace": "CON", "EventData.CorrelationVector": "vIKL831gwESlCc7B.39", "EventData.Bytes": "72", "EventData.Payload": "UE5HIDM5IENPTiA1Nw0KTVMtQ1Y6IHZJS0w4MzFnd0VTbENjN0IuMzkNCkNvbnRleHQ6IDY3ZTI4NTg1MTA5ZWQ4MWUNCg0K", "EventData.ConnectionType": "1"}
{"EventID": "1225", "Channel": "Microsoft-Windows-PushNotification-Platform/Operational", "Provider_Name": "Microsoft-Windows-PushNotifications-Platform", "Computer": "DESKTOP-OFJ6N53", "TimeCreated": "2025-08-26 09:23:02.235828+00:00", "RecordID": "3705913", "Level": "5", "UserID": "S-1-5-18", "EventData.Verb": "PNG", "EventData.TrID": "39", "EventData.Namespace": "CON", "EventData.CorrelationVector": "vIKL831gwESlCc7B.39.0", "EventData.Bytes": "126", "EventData.Payload": "TVMtQ1Y6IHZJS0w4MzFnd0VTbENjN0IuMzkuMA0KDQo8cGluZy1yZXNwb25zZT48d2FpdD40Mzwvd2FpdD48Y29ubmVjdGlvbi1zdGF0dXM+Q29ubmVjdGVkPC9jb25uZWN0aW9uLXN0YXR1cz48L3BpbmctcmVzcG9uc2U+", "EventData.ConnectionType": "1"}
{"EventID": "1268", "Channel": "Microsoft-Windows-PushNotification-Platform/Operational", "Provider_Name": "Microsoft-Windows-PushNotifications-Platform", "Computer": "DESKTOP-OFJ6N53", "TimeCreated": "2025-08-26 09:23:02.235830+00:00", "RecordID": "3705914", "Level": "5", "UserID": "S-1-5-18", "EventData.Verb": "PNG", "EventData.TrID": "39", "EventData.Namespace": "CON", "EventData.CorrelationVector": "vIKL831gwESlCc7B.39.0", "EventData.Bytes": "126", "EventData.Payload": "UE5HIDM5IENPTgAxMjYNCk1TLUNWOiB2SUtMODMxZ3dFU2xDYzdCLjM5LjANCg0KPHBpbmctcmVzcG9uc2U+PHdhaXQ+NDM8L3dhaXQ+PGNvbm5lY3Rpb24tc3RhdHVzPkNvbm5lY3RlZDwvY29ubmVjdGlvbi1zdGF0dXM+", "EventData.ConnectionType": "1"}
{"EventID": "1223", "Channel": "Microsoft-Windows-PushNotification-Platform/Operational", "Provider_Name": "Microsoft-Windows-PushNotifications-Platform", "Computer": "DESKTOP-OFJ6N53", "TimeCreated": "2025-08-26 09:24:02.100595+00:00", "RecordID": "3705915", "Level": "5", "UserID": "S-1-5-18", "EventData.Verb": "PNG", "EventData.TrID": "40", "EventData.Namespace": "CON", "EventData.CorrelationVector": "vIKL831gwESlCc7B.40", "EventData.Bytes": "29", "EventData.Payload": "Q29udGV4dDogMTA3MGIyYzcwMTgxNTkwZg0KDQo=", "EventData.ConnectionType": "1"}
{"EventID": "1267", "Channel": "Microsoft-Windows-PushNotification-Platform/Operational", "Provider_Name": "Microsoft-Windows-PushNotifications-Platform", "Computer": "DESKTOP-OFJ6N53", "TimeCreated": "2025-08-26 09:24:02.100595+00:00", "RecordID": "3705916", "Level": "5", "UserID": "S-1-5-18", "EventData.Verb": "PNG", "EventData.TrID": "40", "EventData.Namespace": "CON", "EventData.CorrelationVector": "vIKL831gwESlCc7B.40", "EventData.Bytes": "72", "EventData.Payload": "UE5HIDQwIENPTiA1Nw0KTVMtQ1Y6IHZJS0w4MzFnd0VTbENjN0IuNDANCkNvbnRleHQ6IDEwNzBiMmM3MDE4MTU5MGYNCg0K", "EventData.ConnectionType": "1"}
{"EventID": "1225", "Channel": "Microsoft-Windows-PushNotification-Platform/Operational", "Provider_Name": "Microsoft-Windows-PushNotifications-Platform", "Computer": "DESKTOP-OFJ6N53", "TimeCreated": "2025-08-26 09:24:02.163521+00:00", "RecordID": "3705917", "Level": "5", "UserID": "S-1-5-18", "EventData.Verb": "PNG", "EventData.TrID": "40", "EventData.Namespace": "CON", "EventData.CorrelationVector": "vIKL831gwESlCc7B.40.0", "EventData.Bytes": "126", "EventData.Payload": "TVMtQ1Y6IHZJS0w4MzFnd0VTbENjN0IuNDAuMA0KDQo8cGluZy1yZXNwb25zZT48d2FpdD40MDwvd2FpdD48Y29ubmVjdGlvbi1zdGF0dXM+Q29ubmVjdGVkPC9jb25uZWN0aW9uLXN0YXR1cz48L3BpbmctcmVzcG9uc2U+", "EventData.ConnectionType": "1"}
{"EventID": "1268", "Channel": "Microsoft-Windows-PushNotification-Platform/Operational", "Provider_Name": "Microsoft-Windows-PushNotifications-Platform", "Computer": "DESKTOP-OFJ6N53", "TimeCreated": "2025-08-26 09:24:02.163525+00:00", "RecordID": "3705918", "Level": "5", "UserID": "S-1-5-18", "EventData.Verb": "PNG", "EventData.TrID": "40", "EventData.Namespace": "CON", "EventData.CorrelationVector": "vIKL831gwESlCc7B.40.0", "EventData.Bytes": "126", "EventData.Payload": "UE5HIDQwIENPTgAxMjYNCk1TLUNWOiB2SUtMODMxZ3dFU2xDYzdCLjQwLjANCg0KPHBpbmctcmVzcG9uc2U+PHdhaXQ+NDA8L3dhaXQ+PGNvbm5lY3Rpb24tc3RhdHVzPkNvbm5lY3RlZDwvY29ubmVjdGlvbi1zdGF0dXM+", "EventData.ConnectionType": "1"}
{"EventID": "1223", "Channel": "Microsoft-Windows-PushNotification-Platform/Operational", "Provider_Name": "Microsoft-Windows-PushNotifications-Platform", "Computer": "DESKTOP-OFJ6N53", "TimeCreated": "2025-08-26 09:25:02.103205+00:00", "RecordID": "3705919", "Level": "5", "UserID": "S-1-5-18", "EventData.Verb": "PNG", "EventData.TrID": "41", "EventData.Namespace": "CON", "EventData.CorrelationVector": "vIKL831gwESlCc7B.41", "EventData.Bytes": "28", "EventData.Payload": "Q29udGV4dDogNGEwMWQ3NGNkMTI5NWM0DQoNCg==", "EventData.ConnectionType": "1"}
{"EventID": "1267", "Channel": "Microsoft-Windows-PushNotification-Platform/Operational", "Provider_Name": "Microsoft-Windows-PushNotifications-Platform", "Computer": "DESKTOP-OFJ6N53", "TimeCreated": "2025-08-26 09:25:02.103207+00:00", "RecordID": "3705920", "Level": "5", "UserID": "S-1-5-18", "EventData.Verb": "PNG", "EventData.TrID": "41", "EventData.Namespace": "CON", "EventData.CorrelationVector": "vIKL831gwESlCc7B.41", "EventData.Bytes": "71", "EventData.Payload": "UE5HIDQxIENPTiA1Ng0KTVMtQ1Y6IHZJS0w4MzFnd0VTbENjN0IuNDENCkNvbnRleHQ6IDRhMDFkNzRjZDEyOTVjNA0KDQo=", "EventData.ConnectionType": "1"}
{"EventID": "1225", "Channel": "Microsoft-Windows-PushNotification-Platform/Operational", "Provider_Name": "Microsoft-Windows-PushNotifications-Platform", "Computer": "DESKTOP-OFJ6N53", "TimeCreated": "2025-08-26 09:25:02.165632+00:00", "RecordID": "3705921", "Level": "5", "UserID": "S-1-5-18", "EventData.Verb": "PNG", "EventData.TrID": "41", "EventData.Namespace": "CON", "EventData.CorrelationVector": "vIKL831gwESlCc7B.41.0", "EventData.Bytes": "126", "EventData.Payload": "TVMtQ1Y6IHZJS0w4MzFnd0VTbENjN0IuNDEuMA0KDQo8cGluZy1yZXNwb25zZT48d2FpdD40NDwvd2FpdD48Y29ubmVjdGlvbi1zdGF0dXM+Q29ubmVjdGVkPC9jb25uZWN0aW9uLXN0YXR1cz48L3BpbmctcmVzcG9uc2U+", "EventData.ConnectionType": "1"}
{"EventID": "1268", "Channel": "Microsoft-Windows-PushNotification-Platform/Operational", "Provider_Name": "Microsoft-Windows-PushNotifications-Platform", "Computer": "DESKTOP-OFJ6N53", "TimeCreated": "2025-08-26 09:25:02.165636+00:00", "RecordID": "3705922", "Level": "5", "UserID": "S-1-5-18", "EventData.Verb": "PNG", "EventData.TrID": "41", "EventData.Namespace": "CON", "EventData.CorrelationVector": "vIKL831gwESlCc7B.41.0", "EventData.Bytes": "126", "EventData.Payload": "UE5HIDQxIENPTgAxMjYNCk1TLUNWOiB2SUtMODMxZ3dFU2xDYzdCLjQxLjANCg0KPHBpbmctcmVzcG9uc2U+PHdhaXQ+NDQ8L3dhaXQ+PGNvbm5lY3Rpb24tc3RhdHVzPkNvbm5lY3RlZDwvY29ubmVjdGlvbi1zdGF0dXM+", "EventData.ConnectionType": "1"}
{"EventID": "1223", "Channel": "Microsoft-Windows-PushNotification-Platform/Operational", "Provider_Name": "Microsoft-Windows-PushNotifications-Platform", "Computer": "DESKTOP-OFJ6N53", "TimeCreated": "2025-08-26 09:26:02.103653+00:00", "RecordID": "3705923", "Level": "5", "UserID": "S-1-5-18", "EventData.Verb": "PNG", "EventData.TrID": "42", "EventData.Namespace": "CON", "EventData.CorrelationVector": "vIKL831gwESlCc7B.42", "EventData.Bytes": "29", "EventData.Payload": "Q29udGV4dDogZjAyNmM0Yjg4ODM0YzM2Mg0KDQo=", "EventData.ConnectionType": "1"}
{"EventID": "1267", "Channel": "Microsoft-Windows-PushNotification-Platform/Operational", "Provider_Name": "Microsoft-Windows-PushNotifications-Platform", "Computer": "DESKTOP-OFJ6N53", "TimeCreated": "2025-08-26 09:26:02.103655+00:00", "RecordID": "3705924", "Level": "5", "UserID": "S-1-5-18", "EventData.Verb": "PNG", "EventData.TrID": "42", "EventData.Namespace": "CON", "EventData.CorrelationVector": "vIKL831gwESlCc7B.42", "EventData.Bytes": "72", "EventData.Payload": "UE5HIDQyIENPTiA1Nw0KTVMtQ1Y6IHZJS0w4MzFnd0VTbENjN0IuNDINCkNvbnRleHQ6IGYwMjZjNGI4ODgzNGMzNjINCg0K", "EventData.ConnectionType": "1"}
{"EventID": "1225", "Channel": "Microsoft-Windows-PushNotification-Platform/Operational", "Provider_Name": "Microsoft-Windows-PushNotifications-Platform", "Computer": "DESKTOP-OFJ6N53", "TimeCreated": "2025-08-26 09:26:02.214037+00:00", "RecordID": "3705925", "Level": "5", "UserID": "S-1-5-18", "EventData.Verb": "PNG", "EventData.TrID": "42", "EventData.Namespace": "CON", "EventData.CorrelationVector": "vIKL831gwESlCc7B.42.0", "EventData.Bytes": "126", "EventData.Payload": "TVMtQ1Y6IHZJS0w4MzFnd0VTbENjN0IuNDIuMA0KDQo8cGluZy1yZXNwb25zZT48d2FpdD40ODwvd2FpdD48Y29ubmVjdGlvbi1zdGF0dXM+Q29ubmVjdGVkPC9jb25uZWN0aW9uLXN0YXR1cz48L3BpbmctcmVzcG9uc2U+", "EventData.ConnectionType": "1"}
{"EventID": "1268", "Channel": "Microsoft-Windows-PushNotification-Platform/Operational", "Provider_Name": "Microsoft-Windows-PushNotifications-Platform", "Computer": "DESKTOP-OFJ6N53", "TimeCreated": "2025-08-26 09:26:02.214039+00:00", "RecordID": "3705926", "Level": "5", "UserID": "S-1-5-18", "EventData.Verb": "PNG", "EventData.TrID": "42", "EventData.Namespace": "CON", "EventData.CorrelationVector": "vIKL831gwESlCc7B.42.0", "EventData.Bytes": "126", "EventData.Payload": "UE5HIDQyIENPTgAxMjYNCk1TLUNWOiB2SUtMODMxZ3dFU2xDYzdCLjQyLjANCg0KPHBpbmctcmVzcG9uc2U+PHdhaXQ+NDg8L3dhaXQ+PGNvbm5lY3Rpb24tc3RhdHVzPkNvbm5lY3RlZDwvY29ubmVjdGlvbi1zdGF0dXM+", "EventData.ConnectionType": "1"}
{"EventID": "1223", "Channel": "Microsoft-Windows-PushNotification-Platform/Operational", "Provider_Name": "Microsoft-Windows-PushNotifications-Platform", "Computer": "DESKTOP-OFJ6N53", "TimeCreated": "2025-08-26 09:27:02.108673+00:00", "RecordID": "3705927", "Level": "5", "UserID": "S-1-5-18", "EventData.Verb": "PNG", "EventData.TrID": "43", "EventData.Namespace": "CON", "EventData.CorrelationVector": "vIKL831gwESlCc7B.43", "EventData.Bytes": "29", "EventData.Payload": "Q29udGV4dDogNWY4M2FjMWYwNmY3ZjJjMw0KDQo=", "EventData.ConnectionType": "1"}
{"EventID": "1267", "Channel": "Microsoft-Windows-PushNotification-Platform/Operational", "Provider_Name": "Microsoft-Windows-PushNotifications-Platform", "Computer": "DESKTOP-OFJ6N53", "TimeCreated": "2025-08-26 09:27:02.108677+00:00", "RecordID": "3705928", "Level": "5", "UserID": "S-1-5-18", "EventData.Verb": "PNG", "EventData.TrID": "43", "EventData.Namespace": "CON", "EventData.CorrelationVector": "vIKL831gwESlCc7B.43", "EventData.Bytes": "72", "EventData.Payload": "UE5HIDQzIENPTiA1Nw0KTVMtQ1Y6IHZJS0w4MzFnd0VTbENjN0IuNDMNCkNvbnRleHQ6IDVmODNhYzFmMDZmN2YyYzMNCg0K", "EventData.ConnectionType": "1"}
{"EventID": "1225", "Channel": "Microsoft-Windows-PushNotification-Platform/Operational", "Provider_Name": "Microsoft-Windows-PushNotifications-Platform", "Computer": "DESKTOP-OFJ6N53", "TimeCreated": "2025-08-26 09:27:02.172453+00:00", "RecordID": "3705929", "Level": "5", "UserID": "S-1-5-18", "EventData.Verb": "PNG", "EventData.TrID": "43", "EventData.Namespace": "CON", "EventData.CorrelationVector": "vIKL831gwESlCc7B.43.0", "EventData.Bytes": "126", "EventData.Payload": "TVMtQ1Y6IHZJS0w4MzFnd0VTbENjN0IuNDMuMA0KDQo8cGluZy1yZXNwb25zZT48d2FpdD40MDwvd2FpdD48Y29ubmVjdGlvbi1zdGF0dXM+Q29ubmVjdGVkPC9jb25uZWN0aW9uLXN0YXR1cz48L3BpbmctcmVzcG9uc2U+", "EventData.ConnectionType": "1"}
{"EventID": "1268", "Channel": "Microsoft-Windows-PushNotification-Platform/Operational", "Provider_Name": "Microsoft-Windows-PushNotifications-Platform", "Computer": "DESKTOP-OFJ6N53", "TimeCreated": "2025-08-26 09:27:02.172455+00:00", "RecordID": "3705930", "Level": "5", "UserID": "S-1-5-18", "EventData.Verb": "PNG", "EventData.TrID": "43", "EventData.Namespace": "CON", "EventData.CorrelationVector": "vIKL831gwESlCc7B.43.0", "EventData.Bytes": "126", "EventData.Payload": "UE5HIDQzIENPTgAxMjYNCk1TLUNWOiB2SUtMODMxZ3dFU2xDYzdCLjQzLjANCg0KPHBpbmctcmVzcG9uc2U+PHdhaXQ+NDA8L3dhaXQ+PGNvbm5lY3Rpb24tc3RhdHVzPkNvbm5lY3RlZDwvY29ubmVjdGlvbi1zdGF0dXM+", "EventData.ConnectionType": "1"}
{"EventID": "1223", "Channel": "Microsoft-Windows-PushNotification-Platform/Operational", "Provider_Name": "Microsoft-Windows-PushNotifications-Platform", "Computer": "DESKTOP-OFJ6N53", "TimeCreated": "2025-08-26 09:28:02.116076+00:00", "RecordID": "3705931", "Level": "5", "UserID": "S-1-5-18", "EventData.Verb": "PNG", "EventData.TrID": "44", "EventData.Namespace": "CON", "EventData.CorrelationVector": "vIKL831gwESlCc7B.44", "EventData.Bytes": "29", "EventData.Payload": "Q29udGV4dDogZDM4MmY5ZWNkZTE1ZGMxNA0KDQo=", "EventData.ConnectionType": "1"}
{"EventID": "1267", "Channel": "Microsoft-Windows-PushNotification-Platform/Operational", "Provider_Name": "Microsoft-Windows-PushNotifications-Platform", "Computer": "DESKTOP-OFJ6N53", "TimeCreated": "2025-08-26 09:28:02.116077+00:00", "RecordID": "3705932", "Level": "5", "UserID": "S-1-5-18", "EventData.Verb": "PNG", "EventData.TrID": "44", "EventData.Namespace": "CON", "EventData.CorrelationVector": "vIKL831gwESlCc7B.44", "EventData.Bytes": "72", "EventData.Payload": "UE5HIDQ0IENPTiA1Nw0KTVMtQ1Y6IHZJS0w4MzFnd0VTbENjN0IuNDQNCkNvbnRleHQ6IGQzODJmOWVjZGUxNWRjMTQNCg0K", "EventData.ConnectionType": "1"}
{"EventID": "1225", "Channel": "Microsoft-Windows-PushNotification-Platform/Operational", "Provider_Name": "Microsoft-Windows-PushNotifications-Platform", "Computer": "DESKTOP-OFJ6N53", "TimeCreated": "2025-08-26 09:28:02.179487+00:00", "RecordID": "3705933", "Level": "5", "UserID": "S-1-5-18", "EventData.Verb": "PNG", "EventData.TrID": "44", "EventData.Namespace": "CON", "EventData.CorrelationVector": "vIKL831gwESlCc7B.44.0", "EventData.Bytes": "126", "EventData.Payload": "TVMtQ1Y6IHZJS0w4MzFnd0VTbENjN0IuNDQuMA0KDQo8cGluZy1yZXNwb25zZT48d2FpdD40OTwvd2FpdD48Y29ubmVjdGlvbi1zdGF0dXM+Q29ubmVjdGVkPC9jb25uZWN0aW9uLXN0YXR1cz48L3BpbmctcmVzcG9uc2U+", "EventData.ConnectionType": "1"}
{"EventID": "1268", "Channel": "Microsoft-Windows-PushNotification-Platform/Operational", "Provider_Name": "Microsoft-Windows-PushNotifications-Platform", "Computer": "DESKTOP-OFJ6N53", "TimeCreated": "2025-08-26 09:28:02.179489+00:00", "RecordID": "3705934", "Level": "5", "UserID": "S-1-5-18", "EventData.Verb": "PNG", "EventData.TrID": "44", "EventData.Namespace": "CON", "EventData.CorrelationVector": "vIKL831gwESlCc7B.44.0", "EventData.Bytes": "126", "EventData.Payload": "UE5HIDQ0IENPTgAxMjYNCk1TLUNWOiB2SUtMODMxZ3dFU2xDYzdCLjQ0LjANCg0KPHBpbmctcmVzcG9uc2U+PHdhaXQ+NDk8L3dhaXQ+PGNvbm5lY3Rpb24tc3RhdHVzPkNvbm5lY3RlZDwvY29ubmVjdGlvbi1zdGF0dXM+", "EventData.ConnectionType": "1"}
{"EventID": "1223", "Channel": "Microsoft-Windows-PushNotification-Platform/Operational", "Provider_Name": "Microsoft-Windows-PushNotifications-Platform", "Computer": "DESKTOP-OFJ6N53", "TimeCreated": "2025-08-26 09:29:02.161045+00:00", "RecordID": "3705935", "Level": "5", "UserID": "S-1-5-18", "EventData.Verb": "PNG", "EventData.TrID": "45", "EventData.Namespace": "CON", "EventData.CorrelationVector": "vIKL831gwESlCc7B.45", "EventData.Bytes": "29", "EventData.Payload": "Q29udGV4dDogM2IyZmJlMDc1MjMxMzU0ZA0KDQo=", "EventData.ConnectionType": "1"}
{"EventID": "1267", "Channel": "Microsoft-Windows-PushNotification-Platform/Operational", "Provider_Name": "Microsoft-Windows-PushNotifications-Platform", "Computer": "DESKTOP-OFJ6N53", "TimeCreated": "2025-08-26 09:29:02.161045+00:00", "RecordID": "3705936", "Level": "5", "UserID": "S-1-5-18", "EventData.Verb": "PNG", "EventData.TrID": "45", "EventData.Namespace": "CON", "EventData.CorrelationVector": "vIKL831gwESlCc7B.45", "EventData.Bytes": "72", "EventData.Payload": "UE5HIDQ1IENPTiA1Nw0KTVMtQ1Y6IHZJS0w4MzFnd0VTbENjN0IuNDUNCkNvbnRleHQ6IDNiMmZiZTA3NTIzMTM1NGQNCg0K", "EventData.ConnectionType": "1"}
{"EventID": "1225", "Channel": "Microsoft-Windows-PushNotification-Platform/Operational", "Provider_Name": "Microsoft-Windows-PushNotifications-Platform", "Computer": "DESKTOP-OFJ6N53", "TimeCreated": "2025-08-26 09:29:02.299826+00:00", "RecordID": "3705937", "Level": "5", "UserID": "S-1-5-18", "EventData.Verb": "PNG", "EventData.TrID": "45", "EventData.Namespace": "CON", "EventData.CorrelationVector": "vIKL831gwESlCc7B.45.0", "EventData.Bytes": "126", "EventData.Payload": "TVMtQ1Y6IHZJS0w4MzFnd0VTbENjN0IuNDUuMA0KDQo8cGluZy1yZXNwb25zZT48d2FpdD40MTwvd2FpdD48Y29ubmVjdGlvbi1zdGF0dXM+Q29ubmVjdGVkPC9jb25uZWN0aW9uLXN0YXR1cz48L3BpbmctcmVzcG9uc2U+", "EventData.ConnectionType": "1"}
{"EventID": "1268", "Channel": "Microsoft-Windows-PushNotification-Platform/Operational", "Provider_Name": "Microsoft-Windows-PushNotifications-Platform", "Computer": "DESKTOP-OFJ6N53", "TimeCreated": "2025-08-26 09:29:02.299826+00:00", "RecordID": "3705938", "Level": "5", "UserID": "S-1-5-18", "EventData.Verb": "PNG", "EventData.TrID": "45", "EventData.Namespace": "CON", "EventData.CorrelationVector": "vIKL831gwESlCc7B.45.0", "EventData.Bytes": "126", "EventData.Payload": "UE5HIDQ1IENPTgAxMjYNCk1TLUNWOiB2SUtMODMxZ3dFU2xDYzdCLjQ1LjANCg0KPHBpbmctcmVzcG9uc2U+PHdhaXQ+NDE8L3dhaXQ+PGNvbm5lY3Rpb24tc3RhdHVzPkNvbm5lY3RlZDwvY29ubmVjdGlvbi1zdGF0dXM+", "EventData.ConnectionType": "1"}
{"EventID": "1223", "Channel": "Microsoft-Windows-PushNotification-Platform/Operational", "Provider_Name": "Microsoft-Windows-PushNotifications-Platform", "Computer": "DESKTOP-OFJ6N53", "TimeCreated": "2025-08-26 09:30:02.196875+00:00", "RecordID": "3705939", "Level": "5", "UserID": "S-1-5-18", "EventData.Verb": "PNG", "EventData.TrID": "46", "EventData.Namespace": "CON", "EventData.CorrelationVector": "vIKL831gwESlCc7B.46", "EventData.Bytes": "29", "EventData.Payload": "Q29udGV4dDogMWNjMTNjZTdlZGRmYTg0Mw0KDQo=", "EventData.ConnectionType": "1"}
{"EventID": "1267", "Channel": "Microsoft-Windows-PushNotification-Platform/Operational", "Provider_Name": "Microsoft-Windows-PushNotifications-Platform", "Computer": "DESKTOP-OFJ6N53", "TimeCreated": "2025-08-26 09:30:02.196877+00:00", "RecordID": "3705940", "Level": "5", "UserID": "S-1-5-18", "EventData.Verb": "PNG", "EventData.TrID": "46", "EventData.Namespace": "CON", "EventData.CorrelationVector": "vIKL831gwESlCc7B.46", "EventData.Bytes": "72", "EventData.Payload": "UE5HIDQ2IENPTiA1Nw0KTVMtQ1Y6IHZJS0w4MzFnd0VTbENjN0IuNDYNCkNvbnRleHQ6IDFjYzEzY2U3ZWRkZmE4NDMNCg0K", "EventData.ConnectionType": "1"}
{"EventID": "1225", "Channel": "Microsoft-Windows-PushNotification-Platform/Operational", "Provider_Name": "Microsoft-Windows-PushNotifications-Platform", "Computer": "DESKTOP-OFJ6N53", "TimeCreated": "2025-08-26 09:30:02.259367+00:00", "RecordID": "3705941", "Level": "5", "UserID": "S-1-5-18", "EventData.Verb": "PNG", "EventData.TrID": "46", "EventData.Namespace": "CON", "EventData.CorrelationVector": "vIKL831gwESlCc7B.46.0", "EventData.Bytes": "126", "EventData.Payload": "TVMtQ1Y6IHZJS0w4MzFnd0VTbENjN0IuNDYuMA0KDQo8cGluZy1yZXNwb25zZT48d2FpdD40NTwvd2FpdD48Y29ubmVjdGlvbi1zdGF0dXM+Q29ubmVjdGVkPC9jb25uZWN0aW9uLXN0YXR1cz48L3BpbmctcmVzcG9uc2U+", "EventData.ConnectionType": "1"}
