{"EventID": "200", "Channel": "Microsoft-Windows-Diagnostics-Performance/Operational", "Provider_Name": "Microsoft-Windows-Diagnostics-Performance", "Computer": "DESKTOP-OFJ6N53", "TimeCreated": "2023-08-29 22:47:04.507259+00:00", "RecordID": "310", "Level": "2", "UserID": "S-1-5-19", "EventData.ShutdownTsVersion": "1", "EventData.ShutdownStartTime": "2023-08-29 22:43:42.263113+00:00", "EventData.ShutdownEndTime": "2023-08-29 22:44:51.095118+00:00", "EventData.ShutdownTime": "68832", "EventData.ShutdownUserSessionTime": "2028", "EventData.ShutdownUserPolicyTime": "34", "EventData.ShutdownUserProfilesTime": "51", "EventData.ShutdownSystemSessionsTime": "45722", "EventData.ShutdownPreShutdownNotificationsTime": "40648", "EventData.ShutdownServicesTime": "5005", "EventData.ShutdownKernelTime": "21080", "EventData.ShutdownRootCauseStepImprovementBits": "0", "EventData.ShutdownRootCauseGradualImprovementBits": "0", "EventData.ShutdownRootCauseStepDegradationBits": "0", "EventData.ShutdownRootCauseGradualDegradationBits": "0", "EventData.ShutdownIsDegradation": "False", "EventData.ShutdownTimeChange": "0"}
{"EventID": "100", "Channel": "Microsoft-Windows-Diagnostics-Performance/Operational", "Provider_Name": "Microsoft-Windows-Diagnostics-Performance", "Computer": "DESKTOP-OFJ6N53", "TimeCreated": "2023-08-29 22:47:05.595121+00:00", "RecordID": "311", "Level": "2", "UserID": "S-1-5-19", "EventData.BootTsVersion": "2", "EventData.BootStartTime": "2023-08-29 22:45:01.050724+00:00", "EventData.BootEndTime": "2023-08-29 22:47:03.185598+00:00", "EventData.SystemBootInstance": "39", "EventData.UserBootInstance": "39", "EventData.BootTime": "84123", "EventData.MainPathBootTime": "46323", "EventData.BootKernelInitTime": "75", "EventData.BootDriverInitTime": "1237", "EventData.BootDevicesInitTime": "4723", "EventData.BootPrefetchInitTime": "0", "EventData.BootPrefetchBytes": "0", "EventData.BootAutoChkTime": "0", "EventData.BootSmssInitTime": "4036", "EventData.BootCriticalServicesInitTime": "601", "EventData.BootUserProfileProcessingTime": "9990", "EventData.BootMachineProfileProcessingTime": "1", "EventData.BootExplorerInitTime": "16977", "EventData.BootNumStartupApps": "18", "EventData.BootPostBootTime": "37800", "EventData.BootIsRebootAfterInstall": "False", "EventData.BootRootCauseStepImprovementBits": "0", "EventData.BootRootCauseGradualImprovementBits": "0", "EventData.BootRootCauseStepDegradationBits": "0", "EventData.BootRootCauseGradualDegradationBits": "0", "EventData.BootIsDegradation": "False", "EventData.BootIsStepDegradation": "False", "EventData.BootIsGradualDegradation": "False", "EventData.BootImprovementDelta": "0", "EventData.BootDegradationDelta": "0", "EventData.BootIsRootCauseIdentified": "False", "EventData.OSLoaderDuration": "996", "EventData.BootPNPInitStartTimeMS": "75", "EventData.BootPNPInitDuration": "3846", "EventData.OtherKernelInitDuration": "1913", "EventData.SystemPNPInitStartTimeMS": "5740", "EventData.SystemPNPInitDuration": "668", "EventData.SessionInitStartTimeMS": "6428", "EventData.Session0InitDuration": "500", "EventData.Session1InitDuration": "43", "EventData.SessionInitOtherDuration": "3491", "EventData.WinLogonStartTimeMS": "10465", "EventData.OtherLogonInitActivityDuration": "8890", "EventData.UserLogonWaitDuration": "167"}
{"EventID": "101", "Channel": "Microsoft-Windows-Diagnostics-Performance/Operational", "Provider_Name": "Microsoft-Windows-Diagnostics-Performance", "Computer": "DESKTOP-OFJ6N53", "TimeCreated": "2023-08-29 22:47:05.595133+00:00", "RecordID": "312", "Level": "2", "UserID": "S-1-5-19", "EventData.StartTime": "2023-08-29 22:45:01.050724+00:00", "EventData.NameLength": "12", "EventData.Name": "MsMpEng.exe", "EventData.FriendlyNameLength": "31", "EventData.FriendlyName": "Antimalware Service Executable", "EventData.VersionLength": "59", "EventData.Version": "4.18.23070.1004 (bb9bcf4b5a81795c3d7eff6d093b19bf6dc550ed)", "EventData.TotalTime": "35502", "EventData.DegradationTime": "27002", "EventData.PathLength": "81", "EventData.Path": "C:\\ProgramData\\Microsoft\\Windows Defender\\Platform\\4.18.23070.1004-0\\MsMpEng.exe", "EventData.ProductNameLength": "37", "EventData.ProductName": "Microsoft® Windows® Operating System", "EventData.CompanyNameLength": "22", "EventData.CompanyName": "Microsoft Corporation"}
{"EventID": "101", "Channel": "Microsoft-Windows-Diagnostics-Performance/Operational", "Provider_Name": "Microsoft-Windows-Diagnostics-Performance", "Computer": "DESKTOP-OFJ6N53", "TimeCreated": "2023-08-29 22:47:05.595142+00:00", "RecordID": "313", "Level": "3", "UserID": "S-1-5-19", "EventData.StartTime": "2023-08-29 22:45:01.050724+00:00", "EventData.NameLength": "10", "EventData.Name": "avpui.exe", "EventData.FriendlyNameLength": "21", "EventData.FriendlyName": "Kaspersky Anti-Virus", "EventData.VersionLength": "12", "EventData.Version": "21.3.12.434", "EventData.TotalTime": "16005", "EventData.DegradationTime": "13505", "EventData.PathLength": "77", "EventData.Path": "C:\\Program Files (x86)\\Kaspersky Lab\\Kaspersky Security Cloud 21.3\\avpui.exe", "EventData.ProductNameLength": "21", "EventData.ProductName": "Kaspersky Anti-Virus", "EventData.CompanyNameLength": "17", "EventData.CompanyName": "AO Kaspersky Lab"}
{"EventID": "101", "Channel": "Microsoft-Windows-Diagnostics-Performance/Operational", "Provider_Name": "Microsoft-Windows-Diagnostics-Performance", "Computer": "DESKTOP-OFJ6N53", "TimeCreated": "2023-08-29 22:47:05.595150+00:00", "RecordID": "314", "Level": "3", "UserID": "S-1-5-19", "EventData.StartTime": "2023-08-29 22:45:01.050724+00:00", "EventData.NameLength": "11", "EventData.Name": "sppsvc.exe", "EventData.FriendlyNameLength": "60", "EventData.FriendlyName": "Служба платформы защиты программного обеспечения Майкрософт", "EventData.VersionLength": "39", "EventData.Version": "10.0.19041.3324 (WinBuild.160101.0800)", "EventData.TotalTime": "4375", "EventData.DegradationTime": "3375", "EventData.PathLength": "31", "EventData.Path": "C:\\Windows\\System32\\sppsvc.exe", "EventData.ProductNameLength": "41", "EventData.ProductName": "Операционная система Microsoft® Windows®", "EventData.CompanyNameLength": "22", "EventData.CompanyName": "Microsoft Corporation"}
{"EventID": "101", "Channel": "Microsoft-Windows-Diagnostics-Performance/Operational", "Provider_Name": "Microsoft-Windows-Diagnostics-Performance", "Computer": "DESKTOP-OFJ6N53", "TimeCreated": "2023-08-29 22:47:05.595158+00:00", "RecordID": "315", "Level": "3", "UserID": "S-1-5-19", "EventData.StartTime": "2023-08-29 22:45:01.050724+00:00", "EventData.NameLength": "16", "EventData.Name": "update_task.exe", "EventData.FriendlyNameLength": "12", "EventData.FriendlyName": "update_task", "EventData.VersionLength": "11", "EventData.Version": "7.0.1.0083", "EventData.TotalTime": "1931", "EventData.DegradationTime": "931", "EventData.PathLength": "54", "EventData.Path": "C:\\Program Files\\Fortinet\\FortiClient\\update_task.exe", "EventData.ProductNameLength": "30", "EventData.ProductName": "FortiClient Auto-update Agent", "EventData.CompanyNameLength": "14", "EventData.CompanyName": "Fortinet Inc."}
{"EventID": "101", "Channel": "Microsoft-Windows-Diagnostics-Performance/Operational", "Provider_Name": "Microsoft-Windows-Diagnostics-Performance", "Computer": "DESKTOP-OFJ6N53", "TimeCreated": "2023-08-29 22:47:05.595163+00:00", "RecordID": "316", "Level": "3", "UserID": "S-1-5-19", "EventData.StartTime": "2023-08-29 22:45:01.050724+00:00", "EventData.NameLength": "14", "EventData.Name": "Assistant.exe", "EventData.FriendlyNameLength": "12", "EventData.FriendlyName": "Ассистент 5", "EventData.VersionLength": "14", "EventData.Version": "5.4.2304.2501", "EventData.TotalTime": "1781", "EventData.DegradationTime": "781", "EventData.PathLength": "47", "EventData.Path": "C:\\Program Files (x86)\\Ассистент\\Assistant.exe", "EventData.ProductNameLength": "10", "EventData.ProductName": "Ассистент", "EventData.CompanyNameLength": "12", "EventData.CompanyName": "ООО «САФИБ»"}
{"EventID": "101", "Channel": "Microsoft-Windows-Diagnostics-Performance/Operational", "Provider_Name": "Microsoft-Windows-Diagnostics-Performance", "Computer": "DESKTOP-OFJ6N53", "TimeCreated": "2023-08-29 22:47:05.595173+00:00", "RecordID": "317", "Level": "3", "UserID": "S-1-5-19", "EventData.StartTime": "2023-08-29 22:45:01.050724+00:00", "EventData.NameLength": "11", "EventData.Name": "vpnsvc.exe", "EventData.FriendlyNameLength": "1", "EventData.FriendlyName": null, "EventData.VersionLength": "10", "EventData.Version": "4.3.20949", "EventData.TotalTime": "1506", "EventData.DegradationTime": "506", "EventData.PathLength": "49", "EventData.Path": "C:\\Program Files (x86)\\S-Terra Client\\vpnsvc.exe", "EventData.ProductNameLength": "15", "EventData.ProductName": "S-Terra Client", "EventData.CompanyNameLength": "12", "EventData.CompanyName": "S-Terra CSP"}
{"EventID": "101", "Channel": "Microsoft-Windows-Diagnostics-Performance/Operational", "Provider_Name": "Microsoft-Windows-Diagnostics-Performance", "Computer": "DESKTOP-OFJ6N53", "TimeCreated": "2023-08-29 22:47:05.595179+00:00", "RecordID": "318", "Level": "3", "UserID": "S-1-5-19", "EventData.StartTime": "2023-08-29 22:45:01.050724+00:00", "EventData.NameLength": "13", "EventData.Name": "WmiPrvSE.exe", "EventData.FriendlyNameLength": "18", "EventData.FriendlyName": "WMI Provider Host", "EventData.VersionLength": "38", "EventData.Version": "10.0.19041.546 (WinBuild.160101.0800)", "EventData.TotalTime": "1280", "EventData.DegradationTime": "280", "EventData.PathLength": "38", "EventData.Path": "C:\\Windows\\System32\\wbem\\WmiPrvSE.exe", "EventData.ProductNameLength": "37", "EventData.ProductName": "Microsoft® Windows® Operating System", "EventData.CompanyNameLength": "22", "EventData.CompanyName": "Microsoft Corporation"}
{"EventID": "200", "Channel": "Microsoft-Windows-Diagnostics-Performance/Operational", "Provider_Name": "Microsoft-Windows-Diagnostics-Performance", "Computer": "DESKTOP-OFJ6N53", "TimeCreated": "2023-09-04 14:38:45.974304+00:00", "RecordID": "319", "Level": "3", "UserID": "S-1-5-19", "EventData.ShutdownTsVersion": "1", "EventData.ShutdownStartTime": "2023-09-04 14:35:53.917686+00:00", "EventData.ShutdownEndTime": "2023-09-04 14:36:40.483482+00:00", "EventData.ShutdownTime": "46565", "EventData.ShutdownUserSessionTime": "4730", "EventData.ShutdownUserPolicyTime": "1", "EventData.ShutdownUserProfilesTime": "56", "EventData.ShutdownSystemSessionsTime": "33362", "EventData.ShutdownPreShutdownNotificationsTime": "28326", "EventData.ShutdownServicesTime": "4993", "EventData.ShutdownKernelTime": "8472", "EventData.ShutdownRootCauseStepImprovementBits": "0", "EventData.ShutdownRootCauseGradualImprovementBits": "0", "EventData.ShutdownRootCauseStepDegradationBits": "0", "EventData.ShutdownRootCauseGradualDegradationBits": "0", "EventData.ShutdownIsDegradation": "False", "EventData.ShutdownTimeChange": "0"}
{"EventID": "100", "Channel": "Microsoft-Windows-Diagnostics-Performance/Operational", "Provider_Name": "Microsoft-Windows-Diagnostics-Performance", "Computer": "DESKTOP-OFJ6N53", "TimeCreated": "2023-09-04 14:38:46.880735+00:00", "RecordID": "320", "Level": "2", "UserID": "S-1-5-19", "EventData.BootTsVersion": "2", "EventData.BootStartTime": "2023-09-04 14:36:49.742231+00:00", "EventData.BootEndTime": "2023-09-04 14:38:44.528614+00:00", "EventData.SystemBootInstance": "40", "EventData.UserBootInstance": "40", "EventData.BootTime": "83318", "EventData.MainPathBootTime": "35318", "EventData.BootKernelInitTime": "70", "EventData.BootDriverInitTime": "1464", "EventData.BootDevicesInitTime": "4712", "EventData.BootPrefetchInitTime": "0", "EventData.BootPrefetchBytes": "0", "EventData.BootAutoChkTime": "0", "EventData.BootSmssInitTime": "2079", "EventData.BootCriticalServicesInitTime": "649", "EventData.BootUserProfileProcessingTime": "5943", "EventData.BootMachineProfileProcessingTime": "1", "EventData.BootExplorerInitTime": "13084", "EventData.BootNumStartupApps": "19", "EventData.BootPostBootTime": "48000", "EventData.BootIsRebootAfterInstall": "False", "EventData.BootRootCauseStepImprovementBits": "0", "EventData.BootRootCauseGradualImprovementBits": "0", "EventData.BootRootCauseStepDegradationBits": "4194304", "EventData.BootRootCauseGradualDegradationBits": "0", "EventData.BootIsDegradation": "False", "EventData.BootIsStepDegradation": "False", "EventData.BootIsGradualDegradation": "False", "EventData.BootImprovementDelta": "0", "EventData.BootDegradationDelta": "0", "EventData.BootIsRootCauseIdentified": "True", "EventData.OSLoaderDuration": "1041", "EventData.BootPNPInitStartTimeMS": "70", "EventData.BootPNPInitDuration": "4089", "EventData.OtherKernelInitDuration": "1968", "EventData.SystemPNPInitStartTimeMS": "6027", "EventData.SystemPNPInitDuration": "790", "EventData.SessionInitStartTimeMS": "6848", "EventData.Session0InitDuration": "442", "EventData.Session1InitDuration": "59", "EventData.SessionInitOtherDuration": "1576", "EventData.WinLogonStartTimeMS": "8927", "EventData.OtherLogonInitActivityDuration": "7361", "EventData.UserLogonWaitDuration": "112"}
{"EventID": "101", "Channel": "Microsoft-Windows-Diagnostics-Performance/Operational", "Provider_Name": "Microsoft-Windows-Diagnostics-Performance", "Computer": "DESKTOP-OFJ6N53", "TimeCreated": "2023-09-04 14:38:46.880745+00:00", "RecordID": "321", "Level": "2", "UserID": "S-1-5-19", "EventData.StartTime": "2023-09-04 14:36:49.742231+00:00", "EventData.NameLength": "12", "EventData.Name": "MsMpEng.exe", "EventData.FriendlyNameLength": "31", "EventData.FriendlyName": "Antimalware Service Executable", "EventData.VersionLength": "59", "EventData.Version": "4.18.23080.2006 (04d8e871ffe7ba6b2204046883e1ad9b7a5989ce)", "EventData.TotalTime": "44029", "EventData.DegradationTime": "35529", "EventData.PathLength": "81", "EventData.Path": "C:\\ProgramData\\Microsoft\\Windows Defender\\Platform\\4.18.23080.2006-0\\MsMpEng.exe", "EventData.ProductNameLength": "37", "EventData.ProductName": "Microsoft® Windows® Operating System", "EventData.CompanyNameLength": "22", "EventData.CompanyName": "Microsoft Corporation"}
{"EventID": "101", "Channel": "Microsoft-Windows-Diagnostics-Performance/Operational", "Provider_Name": "Microsoft-Windows-Diagnostics-Performance", "Computer": "DESKTOP-OFJ6N53", "TimeCreated": "2023-09-04 14:38:46.880753+00:00", "RecordID": "322", "Level": "3", "UserID": "S-1-5-19", "EventData.StartTime": "2023-09-04 14:36:49.742231+00:00", "EventData.NameLength": "13", "EventData.Name": "services.exe", "EventData.FriendlyNameLength": "32", "EventData.FriendlyName": "Приложение служб и контроллеров", "EventData.VersionLength": "39", "EventData.Version": "10.0.19041.3324 (WinBuild.160101.0800)", "EventData.TotalTime": "1033", "EventData.DegradationTime": "554", "EventData.PathLength": "33", "EventData.Path": "C:\\Windows\\System32\\services.exe", "EventData.ProductNameLength": "41", "EventData.ProductName": "Операционная система Microsoft® Windows®", "EventData.CompanyNameLength": "22", "EventData.CompanyName": "Microsoft Corporation"}
{"EventID": "200", "Channel": "Microsoft-Windows-Diagnostics-Performance/Operational", "Provider_Name": "Microsoft-Windows-Diagnostics-Performance", "Computer": "DESKTOP-OFJ6N53", "TimeCreated": "2023-09-13 14:40:40.064573+00:00", "RecordID": "323", "Level": "1", "UserID": "S-1-5-19", "EventData.ShutdownTsVersion": "1", "EventData.ShutdownStartTime": "2023-09-13 14:33:49.763023+00:00", "EventData.ShutdownEndTime": "2023-09-13 14:36:13.926130+00:00", "EventData.ShutdownTime": "144163", "EventData.ShutdownUserSessionTime": "3652", "EventData.ShutdownUserPolicyTime": "3", "EventData.ShutdownUserProfilesTime": "101", "EventData.ShutdownSystemSessionsTime": "126394", "EventData.ShutdownPreShutdownNotificationsTime": "121353", "EventData.ShutdownServicesTime": "4990", "EventData.ShutdownKernelTime": "14115", "EventData.ShutdownRootCauseStepImprovementBits": "0", "EventData.ShutdownRootCauseGradualImprovementBits": "0", "EventData.ShutdownRootCauseStepDegradationBits": "1", "EventData.ShutdownRootCauseGradualDegradationBits": "0", "EventData.ShutdownIsDegradation": "True", "EventData.ShutdownTimeChange": "48352"}
{"EventID": "100", "Channel": "Microsoft-Windows-Diagnostics-Performance/Operational", "Provider_Name": "Microsoft-Windows-Diagnostics-Performance", "Computer": "DESKTOP-OFJ6N53", "TimeCreated": "2023-09-13 14:40:43.555689+00:00", "RecordID": "324", "Level": "1", "UserID": "S-1-5-19", "EventData.BootTsVersion": "2", "EventData.BootStartTime": "2023-09-13 14:36:24.039104+00:00", "EventData.BootEndTime": "2023-09-13 14:40:37.797203+00:00", "EventData.SystemBootInstance": "41", "EventData.UserBootInstance": "41", "EventData.BootTime": "230163", "EventData.MainPathBootTime": "184263", "EventData.BootKernelInitTime": "72", "EventData.BootDriverInitTime": "1276", "EventData.BootDevicesInitTime": "4732", "EventData.BootPrefetchInitTime": "0", "EventData.BootPrefetchBytes": "0", "EventData.BootAutoChkTime": "0", "EventData.BootSmssInitTime": "4489", "EventData.BootCriticalServicesInitTime": "541", "EventData.BootUserProfileProcessingTime": "2420", "EventData.BootMachineProfileProcessingTime": "1", "EventData.BootExplorerInitTime": "24364", "EventData.BootNumStartupApps": "20", "EventData.BootPostBootTime": "45900", "EventData.BootIsRebootAfterInstall": "False", "EventData.BootRootCauseStepImprovementBits": "0", "EventData.BootRootCauseGradualImprovementBits": "0", "EventData.BootRootCauseStepDegradationBits": "0", "EventData.BootRootCauseGradualDegradationBits": "0", "EventData.BootIsDegradation": "False", "EventData.BootIsStepDegradation": "False", "EventData.BootIsGradualDegradation": "False", "EventData.BootImprovementDelta": "0", "EventData.BootDegradationDelta": "0", "EventData.BootIsRootCauseIdentified": "False", "EventData.OSLoaderDuration": "1504", "EventData.BootPNPInitStartTimeMS": "72", "EventData.BootPNPInitDuration": "4090", "EventData.OtherKernelInitDuration": "1920", "EventData.SystemPNPInitStartTimeMS": "5989", "EventData.SystemPNPInitDuration": "647", "EventData.SessionInitStartTimeMS": "6658", "EventData.Session0InitDuration": "830", "EventData.Session1InitDuration": "55", "EventData.SessionInitOtherDuration": "3604", "EventData.WinLogonStartTimeMS": "11147", "EventData.OtherLogonInitActivityDuration": "146330", "EventData.UserLogonWaitDuration": "309"}
{"EventID": "101", "Channel": "Microsoft-Windows-Diagnostics-Performance/Operational", "Provider_Name": "Microsoft-Windows-Diagnostics-Performance", "Computer": "DESKTOP-OFJ6N53", "TimeCreated": "2023-09-13 14:40:43.555700+00:00", "RecordID": "325", "Level": "3", "UserID": "S-1-5-19", "EventData.StartTime": "2023-09-13 14:36:24.039104+00:00", "EventData.NameLength": "12", "EventData.Name": "MsMpEng.exe", "EventData.FriendlyNameLength": "31", "EventData.FriendlyName": "Antimalware Service Executable", "EventData.VersionLength": "59", "EventData.Version": "4.18.23080.2006 (04d8e871ffe7ba6b2204046883e1ad9b7a5989ce)", "EventData.TotalTime": "56217", "EventData.DegradationTime": "47717", "EventData.PathLength": "81", "EventData.Path": "C:\\ProgramData\\Microsoft\\Windows Defender\\Platform\\4.18.23080.2006-0\\MsMpEng.exe", "EventData.ProductNameLength": "37", "EventData.ProductName": "Microsoft® Windows® Operating System", "EventData.CompanyNameLength": "22", "EventData.CompanyName": "Microsoft Corporation"}
{"EventID": "101", "Channel": "Microsoft-Windows-Diagnostics-Performance/Operational", "Provider_Name": "Microsoft-Windows-Diagnostics-Performance", "Computer": "DESKTOP-OFJ6N53", "TimeCreated": "2023-09-13 14:40:43.555708+00:00", "RecordID": "326", "Level": "3", "UserID": "S-1-5-19", "EventData.StartTime": "2023-09-13 14:36:24.039104+00:00", "EventData.NameLength": "13", "EventData.Name": "explorer.exe", "EventData.FriendlyNameLength": "10", "EventData.FriendlyName": "Проводник", "EventData.VersionLength": "39", "EventData.Version": "10.0.19041.3324 (WinBuild.160101.0800)", "EventData.TotalTime": "6068", "EventData.DegradationTime": "2085", "EventData.PathLength": "24", "EventData.Path": "C:\\Windows\\explorer.exe", "EventData.ProductNameLength": "41", "EventData.ProductName": "Операционная система Microsoft® Windows®", "EventData.CompanyNameLength": "22", "EventData.CompanyName": "Microsoft Corporation"}
{"EventID": "101", "Channel": "Microsoft-Windows-Diagnostics-Performance/Operational", "Provider_Name": "Microsoft-Windows-Diagnostics-Performance", "Computer": "DESKTOP-OFJ6N53", "TimeCreated": "2023-09-13 14:40:43.555716+00:00", "RecordID": "327", "Level": "3", "UserID": "S-1-5-19", "EventData.StartTime": "2023-09-13 14:36:24.039104+00:00", "EventData.NameLength": "18", "EventData.Name": "RuntimeBroker.exe", "EventData.FriendlyNameLength": "15", "EventData.FriendlyName": "Runtime Broker", "EventData.VersionLength": "38", "EventData.Version": "10.0.19041.746 (WinBuild.160101.0800)", "EventData.TotalTime": "5200", "EventData.DegradationTime": "200", "EventData.PathLength": "38", "EventData.Path": "C:\\Windows\\System32\\RuntimeBroker.exe", "EventData.ProductNameLength": "37", "EventData.ProductName": "Microsoft® Windows® Operating System", "EventData.CompanyNameLength": "22", "EventData.CompanyName": "Microsoft Corporation"}
{"EventID": "200", "Channel": "Microsoft-Windows-Diagnostics-Performance/Operational", "Provider_Name": "Microsoft-Windows-Diagnostics-Performance", "Computer": "DESKTOP-OFJ6N53", "TimeCreated": "2023-09-29 16:12:47.845715+00:00", "RecordID": "328", "Level": "3", "UserID": "S-1-5-19", "EventData.ShutdownTsVersion": "1", "EventData.ShutdownStartTime": "2023-09-29 16:09:37.987272+00:00", "EventData.ShutdownEndTime": "2023-09-29 16:10:19.067198+00:00", "EventData.ShutdownTime": "41079", "EventData.ShutdownUserSessionTime": "2227", "EventData.ShutdownUserPolicyTime": "14", "EventData.ShutdownUserProfilesTime": "70", "EventData.ShutdownSystemSessionsTime": "14018", "EventData.ShutdownPreShutdownNotificationsTime": "8968", "EventData.ShutdownServicesTime": "4995", "EventData.ShutdownKernelTime": "24833", "EventData.ShutdownRootCauseStepImprovementBits": "0", "EventData.ShutdownRootCauseGradualImprovementBits": "0", "EventData.ShutdownRootCauseStepDegradationBits": "0", "EventData.ShutdownRootCauseGradualDegradationBits": "0", "EventData.ShutdownIsDegradation": "False", "EventData.ShutdownTimeChange": "0"}
{"EventID": "100", "Channel": "Microsoft-Windows-Diagnostics-Performance/Operational", "Provider_Name": "Microsoft-Windows-Diagnostics-Performance", "Computer": "DESKTOP-OFJ6N53", "TimeCreated": "2023-09-29 16:12:50.070141+00:00", "RecordID": "329", "Level": "1", "UserID": "S-1-5-19", "EventData.BootTsVersion": "2", "EventData.BootStartTime": "2023-09-29 16:10:29.008076+00:00", "EventData.BootEndTime": "2023-09-29 16:12:46.313068+00:00", "EventData.SystemBootInstance": "42", "EventData.UserBootInstance": "42", "EventData.BootTime": "131214", "EventData.MainPathBootTime": "70914", "EventData.BootKernelInitTime": "74", "EventData.BootDriverInitTime": "1212", "EventData.BootDevicesInitTime": "4716", "EventData.BootPrefetchInitTime": "0", "EventData.BootPrefetchBytes": "0", "EventData.BootAutoChkTime": "0", "EventData.BootSmssInitTime": "4362", "EventData.BootCriticalServicesInitTime": "1001", "EventData.BootUserProfileProcessingTime": "21927", "EventData.BootMachineProfileProcessingTime": "2", "EventData.BootExplorerInitTime": "27648", "EventData.BootNumStartupApps": "19", "EventData.BootPostBootTime": "60300", "EventData.BootIsRebootAfterInstall": "False", "EventData.BootRootCauseStepImprovementBits": "0", "EventData.BootRootCauseGradualImprovementBits": "0", "EventData.BootRootCauseStepDegradationBits": "16384", "EventData.BootRootCauseGradualDegradationBits": "0", "EventData.BootIsDegradation": "False", "EventData.BootIsStepDegradation": "False", "EventData.BootIsGradualDegradation": "False", "EventData.BootImprovementDelta": "0", "EventData.BootDegradationDelta": "0", "EventData.BootIsRootCauseIdentified": "True", "EventData.OSLoaderDuration": "1019", "EventData.BootPNPInitStartTimeMS": "74", "EventData.BootPNPInitDuration": "3842", "EventData.OtherKernelInitDuration": "1892", "EventData.SystemPNPInitStartTimeMS": "5710", "EventData.SystemPNPInitDuration": "651", "EventData.SessionInitStartTimeMS": "6386", "EventData.Session0InitDuration": "576", "EventData.Session1InitDuration": "51", "EventData.SessionInitOtherDuration": "3734", "EventData.WinLogonStartTimeMS": "10748", "EventData.OtherLogonInitActivityDuration": "10588", "EventData.UserLogonWaitDuration": "551"}
{"EventID": "101", "Channel": "Microsoft-Windows-Diagnostics-Performance/Operational", "Provider_Name": "Microsoft-Windows-Diagnostics-Performance", "Computer": "DESKTOP-OFJ6N53", "TimeCreated": "2023-09-29 16:12:50.070152+00:00", "RecordID": "330", "Level": "2", "UserID": "S-1-5-19", "EventData.StartTime": "2023-09-29 16:10:29.008076+00:00", "EventData.NameLength": "12", "EventData.Name": "MsMpEng.exe", "EventData.FriendlyNameLength": "31", "EventData.FriendlyName": "Antimalware Service Executable", "EventData.VersionLength": "59", "EventData.Version": "4.18.23080.2006 (04d8e871ffe7ba6b2204046883e1ad9b7a5989ce)", "EventData.TotalTime": "49205", "EventData.DegradationTime": "40705", "EventData.PathLength": "81", "EventData.Path": "C:\\ProgramData\\Microsoft\\Windows Defender\\Platform\\4.18.23080.2006-0\\MsMpEng.exe", "EventData.ProductNameLength": "37", "EventData.ProductName": "Microsoft® Windows® Operating System", "EventData.CompanyNameLength": "22", "EventData.CompanyName": "Microsoft Corporation"}
{"EventID": "101", "Channel": "Microsoft-Windows-Diagnostics-Performance/Operational", "Provider_Name": "Microsoft-Windows-Diagnostics-Performance", "Computer": "DESKTOP-OFJ6N53", "TimeCreated": "2023-09-29 16:12:50.070158+00:00", "RecordID": "331", "Level": "3", "UserID": "S-1-5-19", "EventData.StartTime": "2023-09-29 16:10:29.008076+00:00", "EventData.NameLength": "13", "EventData.Name": "explorer.exe", "EventData.FriendlyNameLength": "10", "EventData.FriendlyName": "Проводник", "EventData.VersionLength": "39", "EventData.Version": "10.0.19041.3324 (WinBuild.160101.0800)", "EventData.TotalTime": "9460", "EventData.DegradationTime": "3853", "EventData.PathLength": "24", "EventData.Path": "C:\\Windows\\explorer.exe", "EventData.ProductNameLength": "41", "EventData.ProductName": "Операционная система Microsoft® Windows®", "EventData.CompanyNameLength": "22", "EventData.CompanyName": "Microsoft Corporation"}
{"EventID": "101", "Channel": "Microsoft-Windows-Diagnostics-Performance/Operational", "Provider_Name": "Microsoft-Windows-Diagnostics-Performance", "Computer": "DESKTOP-OFJ6N53", "TimeCreated": "2023-09-29 16:12:50.070166+00:00", "RecordID": "332", "Level": "3", "UserID": "S-1-5-19", "EventData.StartTime": "2023-09-29 16:10:29.008076+00:00", "EventData.NameLength": "16", "EventData.Name": "update_task.exe", "EventData.FriendlyNameLength": "12", "EventData.FriendlyName": "update_task", "EventData.VersionLength": "11", "EventData.Version": "7.0.1.0083", "EventData.TotalTime": "3938", "EventData.DegradationTime": "2938", "EventData.PathLength": "54", "EventData.Path": "C:\\Program Files\\Fortinet\\FortiClient\\update_task.exe", "EventData.ProductNameLength": "30", "EventData.ProductName": "FortiClient Auto-update Agent", "EventData.CompanyNameLength": "14", "EventData.CompanyName": "Fortinet Inc."}
{"EventID": "101", "Channel": "Microsoft-Windows-Diagnostics-Performance/Operational", "Provider_Name": "Microsoft-Windows-Diagnostics-Performance", "Computer": "DESKTOP-OFJ6N53", "TimeCreated": "2023-09-29 16:12:50.070173+00:00", "RecordID": "333", "Level": "3", "UserID": "S-1-5-19", "EventData.StartTime": "2023-09-29 16:10:29.008076+00:00", "EventData.NameLength": "14", "EventData.Name": "Assistant.exe", "EventData.FriendlyNameLength": "12", "EventData.FriendlyName": "Ассистент 5", "EventData.VersionLength": "14", "EventData.Version": "5.4.2304.2501", "EventData.TotalTime": "2390", "EventData.DegradationTime": "1390", "EventData.PathLength": "47", "EventData.Path": "C:\\Program Files (x86)\\Ассистент\\Assistant.exe", "EventData.ProductNameLength": "10", "EventData.ProductName": "Ассистент", "EventData.CompanyNameLength": "12", "EventData.CompanyName": "ООО «САФИБ»"}
{"EventID": "200", "Channel": "Microsoft-Windows-Diagnostics-Performance/Operational", "Provider_Name": "Microsoft-Windows-Diagnostics-Performance", "Computer": "DESKTOP-OFJ6N53", "TimeCreated": "2023-10-12 16:59:40.145952+00:00", "RecordID": "334", "Level": "1", "UserID": "S-1-5-19", "EventData.ShutdownTsVersion": "1", "EventData.ShutdownStartTime": "2023-10-12 16:51:43.518745+00:00", "EventData.ShutdownEndTime": "2023-10-12 16:55:07.889540+00:00", "EventData.ShutdownTime": "204370", "EventData.ShutdownUserSessionTime": "4747", "EventData.ShutdownUserPolicyTime": "3", "EventData.ShutdownUserProfilesTime": "67", "EventData.ShutdownSystemSessionsTime": "179445", "EventData.ShutdownPreShutdownNotificationsTime": "174374", "EventData.ShutdownServicesTime": "4999", "EventData.ShutdownKernelTime": "20177", "EventData.ShutdownRootCauseStepImprovementBits": "0", "EventData.ShutdownRootCauseGradualImprovementBits": "0", "EventData.ShutdownRootCauseStepDegradationBits": "32", "EventData.ShutdownRootCauseGradualDegradationBits": "0", "EventData.ShutdownIsDegradation": "True", "EventData.ShutdownTimeChange": "0"}
{"EventID": "100", "Channel": "Microsoft-Windows-Diagnostics-Performance/Operational", "Provider_Name": "Microsoft-Windows-Diagnostics-Performance", "Computer": "DESKTOP-OFJ6N53", "TimeCreated": "2023-10-12 16:59:41.627136+00:00", "RecordID": "335", "Level": "1", "UserID": "S-1-5-19", "EventData.BootTsVersion": "2", "EventData.BootStartTime": "2023-10-12 16:55:17.039734+00:00", "EventData.BootEndTime": "2023-10-12 16:59:38.547352+00:00", "EventData.SystemBootInstance": "43", "EventData.UserBootInstance": "43", "EventData.BootTime": "261402", "EventData.MainPathBootTime": "205502", "EventData.BootKernelInitTime": "71", "EventData.BootDriverInitTime": "1123", "EventData.BootDevicesInitTime": "4678", "EventData.BootPrefetchInitTime": "0", "EventData.BootPrefetchBytes": "0", "EventData.BootAutoChkTime": "0", "EventData.BootSmssInitTime": "4214", "EventData.BootCriticalServicesInitTime": "610", "EventData.BootUserProfileProcessingTime": "1362", "EventData.BootMachineProfileProcessingTime": "0", "EventData.BootExplorerInitTime": "35068", "EventData.BootNumStartupApps": "22", "EventData.BootPostBootTime": "55900", "EventData.BootIsRebootAfterInstall": "False", "EventData.BootRootCauseStepImprovementBits": "0", "EventData.BootRootCauseGradualImprovementBits": "0", "EventData.BootRootCauseStepDegradationBits": "256", "EventData.BootRootCauseGradualDegradationBits": "0", "EventData.BootIsDegradation": "False", "EventData.BootIsStepDegradation": "False", "EventData.BootIsGradualDegradation": "False", "EventData.BootImprovementDelta": "0", "EventData.BootDegradationDelta": "0", "EventData.BootIsRootCauseIdentified": "True", "EventData.OSLoaderDuration": "1015", "EventData.BootPNPInitStartTimeMS": "71", "EventData.BootPNPInitDuration": "3907", "EventData.OtherKernelInitDuration": "1825", "EventData.SystemPNPInitStartTimeMS": "5712", "EventData.SystemPNPInitDuration": "599", "EventData.SessionInitStartTimeMS": "6332", "EventData.Session0InitDuration": "857", "EventData.Session1InitDuration": "40", "EventData.SessionInitOtherDuration": "3315", "EventData.WinLogonStartTimeMS": "10546", "EventData.OtherLogonInitActivityDuration": "158523", "EventData.UserLogonWaitDuration": "106"}
{"EventID": "101", "Channel": "Microsoft-Windows-Diagnostics-Performance/Operational", "Provider_Name": "Microsoft-Windows-Diagnostics-Performance", "Computer": "DESKTOP-OFJ6N53", "TimeCreated": "2023-10-12 16:59:41.627146+00:00", "RecordID": "336", "Level": "3", "UserID": "S-1-5-19", "EventData.StartTime": "2023-10-12 16:55:17.039734+00:00", "EventData.NameLength": "12", "EventData.Name": "MsMpEng.exe", "EventData.FriendlyNameLength": "31", "EventData.FriendlyName": "Antimalware Service Executable", "EventData.VersionLength": "59", "EventData.Version": "4.18.23090.2008 (b0d7cf273f4b179b8031bda447c0e07aca8eb8b4)", "EventData.TotalTime": "33310", "EventData.DegradationTime": "25810", "EventData.PathLength": "81", "EventData.Path": "C:\\ProgramData\\Microsoft\\Windows Defender\\Platform\\4.18.23090.2008-0\\MsMpEng.exe", "EventData.ProductNameLength": "37", "EventData.ProductName": "Microsoft® Windows® Operating System", "EventData.CompanyNameLength": "22", "EventData.CompanyName": "Microsoft Corporation"}
{"EventID": "101", "Channel": "Microsoft-Windows-Diagnostics-Performance/Operational", "Provider_Name": "Microsoft-Windows-Diagnostics-Performance", "Computer": "DESKTOP-OFJ6N53", "TimeCreated": "2023-10-12 16:59:41.627155+00:00", "RecordID": "337", "Level": "3", "UserID": "S-1-5-19", "EventData.StartTime": "2023-10-12 16:55:17.039734+00:00", "EventData.NameLength": "10", "EventData.Name": "avpui.exe", "EventData.FriendlyNameLength": "21", "EventData.FriendlyName": "Kaspersky Anti-Virus", "EventData.VersionLength": "12", "EventData.Version": "21.3.12.434", "EventData.TotalTime": "28822", "EventData.DegradationTime": "14722", "EventData.PathLength": "77", "EventData.Path": "C:\\Program Files (x86)\\Kaspersky Lab\\Kaspersky Security Cloud 21.3\\avpui.exe", "EventData.ProductNameLength": "21", "EventData.ProductName": "Kaspersky Anti-Virus", "EventData.CompanyNameLength": "17", "EventData.CompanyName": "AO Kaspersky Lab"}
{"EventID": "101", "Channel": "Microsoft-Windows-Diagnostics-Performance/Operational", "Provider_Name": "Microsoft-Windows-Diagnostics-Performance", "Computer": "DESKTOP-OFJ6N53", "TimeCreated": "2023-10-12 16:59:41.627161+00:00", "RecordID": "338", "Level": "3", "UserID": "S-1-5-19", "EventData.StartTime": "2023-10-12 16:55:17.039734+00:00", "EventData.NameLength": "12", "EventData.Name": "svchost.exe", "EventData.FriendlyNameLength": "31", "EventData.FriendlyName": "Хост-процесс для служб Windows", "EventData.VersionLength": "39", "EventData.Version": "10.0.19041.3570 (WinBuild.160101.0800)", "EventData.TotalTime": "15331", "EventData.DegradationTime": "10331", "EventData.PathLength": "32", "EventData.Path": "C:\\Windows\\System32\\svchost.exe", "EventData.ProductNameLength": "41", "EventData.ProductName": "Операционная система Microsoft® Windows®", "EventData.CompanyNameLength": "22", "EventData.CompanyName": "Microsoft Corporation"}
{"EventID": "101", "Channel": "Microsoft-Windows-Diagnostics-Performance/Operational", "Provider_Name": "Microsoft-Windows-Diagnostics-Performance", "Computer": "DESKTOP-OFJ6N53", "TimeCreated": "2023-10-12 16:59:41.627167+00:00", "RecordID": "339", "Level": "3", "UserID": "S-1-5-19", "EventData.StartTime": "2023-10-12 16:55:17.039734+00:00", "EventData.NameLength": "13", "EventData.Name": "explorer.exe", "EventData.FriendlyNameLength": "10", "EventData.FriendlyName": "Проводник", "EventData.VersionLength": "39", "EventData.Version": "10.0.19041.3570 (WinBuild.160101.0800)", "EventData.TotalTime": "6222", "EventData.DegradationTime": "3528", "EventData.PathLength": "24", "EventData.Path": "C:\\Windows\\explorer.exe", "EventData.ProductNameLength": "41", "EventData.ProductName": "Операционная система Microsoft® Windows®", "EventData.CompanyNameLength": "22", "EventData.CompanyName": "Microsoft Corporation"}
{"EventID": "101", "Channel": "Microsoft-Windows-Diagnostics-Performance/Operational", "Provider_Name": "Microsoft-Windows-Diagnostics-Performance", "Computer": "DESKTOP-OFJ6N53", "TimeCreated": "2023-10-12 16:59:41.627174+00:00", "RecordID": "340", "Level": "3", "UserID": "S-1-5-19", "EventData.StartTime": "2023-10-12 16:55:17.039734+00:00", "EventData.NameLength": "28", "EventData.Name": "StartMenuExperienceHost.exe", "EventData.FriendlyNameLength": "0", "EventData.FriendlyName": null, "EventData.VersionLength": "0", "EventData.Version": null, "EventData.TotalTime": "3826", "EventData.DegradationTime": "2756", "EventData.PathLength": "106", "EventData.Path": "C:\\Windows\\SystemApps\\Microsoft.Windows.StartMenuExperienceHost_cw5n1h2txyewy\\StartMenuExperienceHost.exe", "EventData.ProductNameLength": "0", "EventData.ProductName": null, "EventData.CompanyNameLength": "0", "EventData.CompanyName": null}
{"EventID": "110", "Channel": "Microsoft-Windows-Diagnostics-Performance/Operational", "Provider_Name": "Microsoft-Windows-Diagnostics-Performance", "Computer": "DESKTOP-OFJ6N53", "TimeCreated": "2023-10-12 16:59:41.628139+00:00", "RecordID": "341", "Level": "3", "UserID": "S-1-5-19", "EventData.StartTime": "2023-10-12 16:55:17.039734+00:00", "EventData.NameLength": "9", "EventData.Name": "SMSSInit", "EventData.TotalTime": "4214", "EventData.DegradationTime": "2178"}
{"EventID": "200", "Channel": "Microsoft-Windows-Diagnostics-Performance/Operational", "Provider_Name": "Microsoft-Windows-Diagnostics-Performance", "Computer": "DESKTOP-OFJ6N53", "TimeCreated": "2023-10-27 14:43:03.453714+00:00", "RecordID": "342", "Level": "3", "UserID": "S-1-5-19", "EventData.ShutdownTsVersion": "1", "EventData.ShutdownStartTime": "2023-10-27 14:39:39.437088+00:00", "EventData.ShutdownEndTime": "2023-10-27 14:40:19.648870+00:00", "EventData.ShutdownTime": "40211", "EventData.ShutdownUserSessionTime": "2414", "EventData.ShutdownUserPolicyTime": "6", "EventData.ShutdownUserProfilesTime": "60", "EventData.ShutdownSystemSessionsTime": "14439", "EventData.ShutdownPreShutdownNotificationsTime": "9387", "EventData.ShutdownServicesTime": "4993", "EventData.ShutdownKernelTime": "23357", "EventData.ShutdownRootCauseStepImprovementBits": "0", "EventData.ShutdownRootCauseGradualImprovementBits": "0", "EventData.ShutdownRootCauseStepDegradationBits": "0", "EventData.ShutdownRootCauseGradualDegradationBits": "0", "EventData.ShutdownIsDegradation": "False", "EventData.ShutdownTimeChange": "0"}
{"EventID": "100", "Channel": "Microsoft-Windows-Diagnostics-Performance/Operational", "Provider_Name": "Microsoft-Windows-Diagnostics-Performance", "Computer": "DESKTOP-OFJ6N53", "TimeCreated": "2023-10-27 14:43:04.985884+00:00", "RecordID": "343", "Level": "2", "UserID": "S-1-5-19", "EventData.BootTsVersion": "2", "EventData.BootStartTime": "2023-10-27 14:40:28.008705+00:00", "EventData.BootEndTime": "2023-10-27 14:42:52.441328+00:00", "EventData.SystemBootInstance": "44", "EventData.UserBootInstance": "44", "EventData.BootTime": "144321", "EventData.MainPathBootTime": "87505", "EventData.BootKernelInitTime": "71", "EventData.BootDriverInitTime": "1252", "EventData.BootDevicesInitTime": "4688", "EventData.BootPrefetchInitTime": "0", "EventData.BootPrefetchBytes": "0", "EventData.BootAutoChkTime": "0", "EventData.BootSmssInitTime": "4081", "EventData.BootCriticalServicesInitTime": "1071", "EventData.BootUserProfileProcessingTime": "26667", "EventData.BootMachineProfileProcessingTime": "1", "EventData.BootExplorerInitTime": "38572", "EventData.BootNumStartupApps": "21", "EventData.BootPostBootTime": "56816", "EventData.BootIsRebootAfterInstall": "False", "EventData.BootRootCauseStepImprovementBits": "0", "EventData.BootRootCauseGradualImprovementBits": "0", "EventData.BootRootCauseStepDegradationBits": "12582912", "EventData.BootRootCauseGradualDegradationBits": "0", "EventData.BootIsDegradation": "False", "EventData.BootIsStepDegradation": "False", "EventData.BootIsGradualDegradation": "False", "EventData.BootImprovementDelta": "0", "EventData.BootDegradationDelta": "0", "EventData.BootIsRootCauseIdentified": "True", "EventData.OSLoaderDuration": "964", "EventData.BootPNPInitStartTimeMS": "71", "EventData.BootPNPInitDuration": "3800", "EventData.OtherKernelInitDuration": "1811", "EventData.SystemPNPInitStartTimeMS": "5593", "EventData.SystemPNPInitDuration": "748", "EventData.SessionInitStartTimeMS": "6360", "EventData.Session0InitDuration": "496", "EventData.Session1InitDuration": "41", "EventData.SessionInitOtherDuration": "3542", "EventData.WinLogonStartTimeMS": "10441", "EventData.OtherLogonInitActivityDuration": "11822", "EventData.UserLogonWaitDuration": "112"}
{"EventID": "101", "Channel": "Microsoft-Windows-Diagnostics-Performance/Operational", "Provider_Name": "Microsoft-Windows-Diagnostics-Performance", "Computer": "DESKTOP-OFJ6N53", "TimeCreated": "2023-10-27 14:43:04.985897+00:00", "RecordID": "344", "Level": "2", "UserID": "S-1-5-19", "EventData.StartTime": "2023-10-27 14:40:28.008705+00:00", "EventData.NameLength": "12", "EventData.Name": "MsMpEng.exe", "EventData.FriendlyNameLength": "31", "EventData.FriendlyName": "Antimalware Service Executable", "EventData.VersionLength": "59", "EventData.Version": "4.18.23090.2008 (b0d7cf273f4b179b8031bda447c0e07aca8eb8b4)", "EventData.TotalTime": "62111", "EventData.DegradationTime": "53611", "EventData.PathLength": "81", "EventData.Path": "C:\\ProgramData\\Microsoft\\Windows Defender\\Platform\\4.18.23090.2008-0\\MsMpEng.exe", "EventData.ProductNameLength": "37", "EventData.ProductName": "Microsoft® Windows® Operating System", "EventData.CompanyNameLength": "22", "EventData.CompanyName": "Microsoft Corporation"}
{"EventID": "101", "Channel": "Microsoft-Windows-Diagnostics-Performance/Operational", "Provider_Name": "Microsoft-Windows-Diagnostics-Performance", "Computer": "DESKTOP-OFJ6N53", "TimeCreated": "2023-10-27 14:43:04.985909+00:00", "RecordID": "345", "Level": "3", "UserID": "S-1-5-19", "EventData.StartTime": "2023-10-27 14:40:28.008705+00:00", "EventData.NameLength": "12", "EventData.Name": "svchost.exe", "EventData.FriendlyNameLength": "31", "EventData.FriendlyName": "Хост-процесс для служб Windows", "EventData.VersionLength": "39", "EventData.Version": "10.0.19041.3570 (WinBuild.160101.0800)", "EventData.TotalTime": "16588", "EventData.DegradationTime": "11588", "EventData.PathLength": "32", "EventData.Path": "C:\\Windows\\System32\\svchost.exe", "EventData.ProductNameLength": "41", "EventData.ProductName": "Операционная система Microsoft® Windows®", "EventData.CompanyNameLength": "22", "EventData.CompanyName": "Microsoft Corporation"}
{"EventID": "101", "Channel": "Microsoft-Windows-Diagnostics-Performance/Operational", "Provider_Name": "Microsoft-Windows-Diagnostics-Performance", "Computer": "DESKTOP-OFJ6N53", "TimeCreated": "2023-10-27 14:43:04.985916+00:00", "RecordID": "346", "Level": "3", "UserID": "S-1-5-19", "EventData.StartTime": "2023-10-27 14:40:28.008705+00:00", "EventData.NameLength": "8", "EventData.Name": "avp.exe", "EventData.FriendlyNameLength": "23", "EventData.FriendlyName": "Kaspersky Lab launcher", "EventData.VersionLength": "9", "EventData.Version": "21.3.0.1", "EventData.TotalTime": "11736", "EventData.DegradationTime": "6186", "EventData.PathLength": "75", "EventData.Path": "C:\\Program Files (x86)\\Kaspersky Lab\\Kaspersky Security Cloud 21.3\\avp.exe", "EventData.ProductNameLength": "23", "EventData.ProductName": "Kaspersky Lab launcher", "EventData.CompanyNameLength": "17", "EventData.CompanyName": "AO Kaspersky Lab"}
{"EventID": "101", "Channel": "Microsoft-Windows-Diagnostics-Performance/Operational", "Provider_Name": "Microsoft-Windows-Diagnostics-Performance", "Computer": "DESKTOP-OFJ6N53", "TimeCreated": "2023-10-27 14:43:04.985924+00:00", "RecordID": "347", "Level": "3", "UserID": "S-1-5-19", "EventData.StartTime": "2023-10-27 14:40:28.008705+00:00", "EventData.NameLength": "16", "EventData.Name": "update_task.exe", "EventData.FriendlyNameLength": "12", "EventData.FriendlyName": "update_task", "EventData.VersionLength": "11", "EventData.Version": "7.0.1.0083", "EventData.TotalTime": "4288", "EventData.DegradationTime": "3288", "EventData.PathLength": "54", "EventData.Path": "C:\\Program Files\\Fortinet\\FortiClient\\update_task.exe", "EventData.ProductNameLength": "30", "EventData.ProductName": "FortiClient Auto-update Agent", "EventData.CompanyNameLength": "14", "EventData.CompanyName": "Fortinet Inc."}
{"EventID": "101", "Channel": "Microsoft-Windows-Diagnostics-Performance/Operational", "Provider_Name": "Microsoft-Windows-Diagnostics-Performance", "Computer": "DESKTOP-OFJ6N53", "TimeCreated": "2023-10-27 14:43:04.985931+00:00", "RecordID": "348", "Level": "3", "UserID": "S-1-5-19", "EventData.StartTime": "2023-10-27 14:40:28.008705+00:00", "EventData.NameLength": "11", "EventData.Name": "sppsvc.exe", "EventData.FriendlyNameLength": "60", "EventData.FriendlyName": "Служба платформы защиты программного обеспечения Майкрософт", "EventData.VersionLength": "39", "EventData.Version": "10.0.19041.3570 (WinBuild.160101.0800)", "EventData.TotalTime": "4419", "EventData.DegradationTime": "3103", "EventData.PathLength": "31", "EventData.Path": "C:\\Windows\\System32\\sppsvc.exe", "EventData.ProductNameLength": "41", "EventData.ProductName": "Операционная система Microsoft® Windows®", "EventData.CompanyNameLength": "22", "EventData.CompanyName": "Microsoft Corporation"}
{"EventID": "101", "Channel": "Microsoft-Windows-Diagnostics-Performance/Operational", "Provider_Name": "Microsoft-Windows-Diagnostics-Performance", "Computer": "DESKTOP-OFJ6N53", "TimeCreated": "2023-10-27 14:43:04.985941+00:00", "RecordID": "349", "Level": "3", "UserID": "S-1-5-19", "EventData.StartTime": "2023-10-27 14:40:28.008705+00:00", "EventData.NameLength": "14", "EventData.Name": "VpnClient.exe", "EventData.FriendlyNameLength": "1", "EventData.FriendlyName": null, "EventData.VersionLength": "1", "EventData.Version": null, "EventData.TotalTime": "6978", "EventData.DegradationTime": "1978", "EventData.PathLength": "66", "EventData.Path": "C:\\Program Files\\Security Code\\Continent VPN Client\\VpnClient.exe", "EventData.ProductNameLength": "1", "EventData.ProductName": null, "EventData.CompanyNameLength": "1", "EventData.CompanyName": null}
{"EventID": "200", "Channel": "Microsoft-Windows-Diagnostics-Performance/Operational", "Provider_Name": "Microsoft-Windows-Diagnostics-Performance", "Computer": "DESKTOP-OFJ6N53", "TimeCreated": "2023-11-20 15:14:05.272133+00:00", "RecordID": "350", "Level": "1", "UserID": "S-1-5-19", "EventData.ShutdownTsVersion": "1", "EventData.ShutdownStartTime": "2023-11-20 14:59:25.514414+00:00", "EventData.ShutdownEndTime": "2023-11-20 15:05:13.030592+00:00", "EventData.ShutdownTime": "347516", "EventData.ShutdownUserSessionTime": "3342", "EventData.ShutdownUserPolicyTime": "33", "EventData.ShutdownUserProfilesTime": "71", "EventData.ShutdownSystemSessionsTime": "305776", "EventData.ShutdownPreShutdownNotificationsTime": "300676", "EventData.ShutdownServicesTime": "5012", "EventData.ShutdownKernelTime": "38396", "EventData.ShutdownRootCauseStepImprovementBits": "0", "EventData.ShutdownRootCauseGradualImprovementBits": "0", "EventData.ShutdownRootCauseStepDegradationBits": "0", "EventData.ShutdownRootCauseGradualDegradationBits": "0", "EventData.ShutdownIsDegradation": "False", "EventData.ShutdownTimeChange": "0"}
{"EventID": "100", "Channel": "Microsoft-Windows-Diagnostics-Performance/Operational", "Provider_Name": "Microsoft-Windows-Diagnostics-Performance", "Computer": "DESKTOP-OFJ6N53", "TimeCreated": "2023-11-20 15:14:20.219299+00:00", "RecordID": "351", "Level": "1", "UserID": "S-1-5-19", "EventData.BootTsVersion": "2", "EventData.BootStartTime": "2023-11-20 15:05:23.055634+00:00", "EventData.BootEndTime": "2023-11-20 15:13:08.416586+00:00", "EventData.SystemBootInstance": "45", "EventData.UserBootInstance": "45", "EventData.BootTime": "465504", "EventData.MainPathBootTime": "438212", "EventData.BootKernelInitTime": "72", "EventData.BootDriverInitTime": "1339", "EventData.BootDevicesInitTime": "4689", "EventData.BootPrefetchInitTime": "0", "EventData.BootPrefetchBytes": "0", "EventData.BootAutoChkTime": "0", "EventData.BootSmssInitTime": "5204", "EventData.BootCriticalServicesInitTime": "1208", "EventData.BootUserProfileProcessingTime": "1261", "EventData.BootMachineProfileProcessingTime": "1", "EventData.BootExplorerInitTime": "68412", "EventData.BootNumStartupApps": "15", "EventData.BootPostBootTime": "27292", "EventData.BootIsRebootAfterInstall": "False", "EventData.BootRootCauseStepImprovementBits": "0", "EventData.BootRootCauseGradualImprovementBits": "0", "EventData.BootRootCauseStepDegradationBits": "1048576", "EventData.BootRootCauseGradualDegradationBits": "256", "EventData.BootIsDegradation": "True", "EventData.BootIsStepDegradation": "True", "EventData.BootIsGradualDegradation": "False", "EventData.BootImprovementDelta": "0", "EventData.BootDegradationDelta": "35668", "EventData.BootIsRootCauseIdentified": "True", "EventData.OSLoaderDuration": "1125", "EventData.BootPNPInitStartTimeMS": "72", "EventData.BootPNPInitDuration": "4145", "EventData.OtherKernelInitDuration": "1843", "EventData.SystemPNPInitStartTimeMS": "5958", "EventData.SystemPNPInitDuration": "775", "EventData.SessionInitStartTimeMS": "6764", "EventData.Session0InitDuration": "813", "EventData.Session1InitDuration": "38", "EventData.SessionInitOtherDuration": "4351", "EventData.WinLogonStartTimeMS": "11969", "EventData.OtherLogonInitActivityDuration": "356568", "EventData.UserLogonWaitDuration": "489"}
