{"EventID": "12", "Channel": "Microsoft-Windows-Security-Mitigations/KernelMode", "Provider_Name": "Microsoft-Windows-Security-Mitigations", "Computer": "DESKTOP-OFJ6N53", "TimeCreated": "2025-01-31 15:12:33.265043+00:00", "RecordID": "8216", "Level": "3", "UserID": "S-1-5-21-963789628-1060504924-4285088085-1001", "EventData.ProcessPathLength": "74", "EventData.ProcessPath": "\\Device\\HarddiskVolume3\\Program Files\\Google\\Chrome\\Application\\chrome.exe", "EventData.ProcessCommandLineLength": "512", "EventData.ProcessCommandLine": "\"C:\\Program Files\\Google\\Chrome\\Application\\chrome.exe\" --type=renderer --string-annotations=is-enterprise-managed=no --no-pre-read-main-dll --disable-gpu-compositing --video-capture-use-gpu-memory-buffer --lang=ru --device-scale-factor=1 --num-raster-threads=2 --enable-main-frame-before-activation --renderer-client-id=89 --time-ticks-at-unix-epoch=-1737720190136702 --launch-time-ticks=616158201174 --field-trial-handle=5392,i,18213207850159568895,9373080096641011137,262144 --variations-seed-version=20250124", "EventData.ProcessId": "11308", "EventData.ProcessCreateTime": "2025-01-31 15:12:33.052376+00:00", "EventData.ProcessStartKey": "43065671436739027", "EventData.ProcessSignatureLevel": "8", "EventData.ProcessSectionSignatureLevel": "8", "EventData.ProcessProtection": "0", "EventData.TargetThreadId": "12772", "EventData.TargetThreadCreateTime": "2025-01-31 15:12:33.052378+00:00", "EventData.RequiredSignatureLevel": "8", "EventData.SignatureLevel": "0", "EventData.ImageNameLength": "60", "EventData.ImageName": "\\Program Files\\Common Files\\Crypto Pro\\AppCompat\\cpcrypt.dll"}
{"EventID": "12", "Channel": "Microsoft-Windows-Security-Mitigations/KernelMode", "Provider_Name": "Microsoft-Windows-Security-Mitigations", "Computer": "DESKTOP-OFJ6N53", "TimeCreated": "2025-02-01 12:14:09.631197+00:00", "RecordID": "8217", "Level": "3", "UserID": "S-1-5-18", "EventData.ProcessPathLength": "100", "EventData.ProcessPath": "\\Device\\HarddiskVolume3\\ProgramData\\Microsoft\\Windows Defender\\Platform\\4.18.24090.11-0\\MpCmdRun.exe", "EventData.ProcessCommandLineLength": "135", "EventData.ProcessCommandLine": "\"C:\\ProgramData\\Microsoft\\Windows Defender\\Platform\\4.18.24090.11-0\\MpCmdRun.exe\" SignaturesUpdateService -ScheduleJob -UnmanagedUpdate", "EventData.ProcessId": "9376", "EventData.ProcessCreateTime": "2025-02-01 12:14:03.606052+00:00", "EventData.ProcessStartKey": "43065671436739953", "EventData.ProcessSignatureLevel": "8", "EventData.ProcessSectionSignatureLevel": "8", "EventData.ProcessProtection": "0", "EventData.TargetThreadId": "9040", "EventData.TargetThreadCreateTime": "2025-02-01 12:14:03.707680+00:00", "EventData.RequiredSignatureLevel": "8", "EventData.SignatureLevel": "0", "EventData.ImageNameLength": "60", "EventData.ImageName": "\\Program Files\\Common Files\\Crypto Pro\\AppCompat\\cpadvai.dll"}
{"EventID": "12", "Channel": "Microsoft-Windows-Security-Mitigations/KernelMode", "Provider_Name": "Microsoft-Windows-Security-Mitigations", "Computer": "DESKTOP-OFJ6N53", "TimeCreated": "2025-02-02 02:12:16.028193+00:00", "RecordID": "8218", "Level": "3", "UserID": "S-1-5-18", "EventData.ProcessPathLength": "59", "EventData.ProcessPath": "\\Device\\HarddiskVolume3\\Windows\\System32\\WaaSMedicAgent.exe", "EventData.ProcessCommandLineLength": "94", "EventData.ProcessCommandLine": "C:\\Windows\\System32\\WaaSMedicAgent.exe a0a01b35e2133f212942895655c35cd3 Skrn3wEt9EqUkxk8.0.0.0", "EventData.ProcessId": "12348", "EventData.ProcessCreateTime": "2025-02-02 02:12:15.007986+00:00", "EventData.ProcessStartKey": "43065671436740516", "EventData.ProcessSignatureLevel": "8", "EventData.ProcessSectionSignatureLevel": "8", "EventData.ProcessProtection": "0", "EventData.TargetThreadId": "11768", "EventData.TargetThreadCreateTime": "2025-02-02 02:12:16.019756+00:00", "EventData.RequiredSignatureLevel": "8", "EventData.SignatureLevel": "0", "EventData.ImageNameLength": "60", "EventData.ImageName": "\\Program Files\\Common Files\\Crypto Pro\\AppCompat\\cpadvai.dll"}
{"EventID": "12", "Channel": "Microsoft-Windows-Security-Mitigations/KernelMode", "Provider_Name": "Microsoft-Windows-Security-Mitigations", "Computer": "DESKTOP-OFJ6N53", "TimeCreated": "2025-02-02 02:12:21.549812+00:00", "RecordID": "8219", "Level": "3", "UserID": "S-1-5-18", "EventData.ProcessPathLength": "59", "EventData.ProcessPath": "\\Device\\HarddiskVolume3\\Windows\\System32\\WaaSMedicAgent.exe", "EventData.ProcessCommandLineLength": "94", "EventData.ProcessCommandLine": "C:\\Windows\\System32\\WaaSMedicAgent.exe cdbbcf1c9a7777ad3a41fe6ae77b69b4 Skrn3wEt9EqUkxk8.0.0.0", "EventData.ProcessId": "3220", "EventData.ProcessCreateTime": "2025-02-02 02:12:20.523821+00:00", "EventData.ProcessStartKey": "43065671436740521", "EventData.ProcessSignatureLevel": "8", "EventData.ProcessSectionSignatureLevel": "8", "EventData.ProcessProtection": "0", "EventData.TargetThreadId": "5692", "EventData.TargetThreadCreateTime": "2025-02-02 02:12:21.542009+00:00", "EventData.RequiredSignatureLevel": "8", "EventData.SignatureLevel": "0", "EventData.ImageNameLength": "60", "EventData.ImageName": "\\Program Files\\Common Files\\Crypto Pro\\AppCompat\\cpadvai.dll"}
{"EventID": "12", "Channel": "Microsoft-Windows-Security-Mitigations/KernelMode", "Provider_Name": "Microsoft-Windows-Security-Mitigations", "Computer": "DESKTOP-OFJ6N53", "TimeCreated": "2025-02-02 02:12:21.654270+00:00", "RecordID": "8220", "Level": "3", "UserID": "S-1-5-18", "EventData.ProcessPathLength": "59", "EventData.ProcessPath": "\\Device\\HarddiskVolume3\\Windows\\System32\\WaaSMedicAgent.exe", "EventData.ProcessCommandLineLength": "94", "EventData.ProcessCommandLine": "C:\\Windows\\System32\\WaaSMedicAgent.exe cdbbcf1c9a7777ad3a41fe6ae77b69b4 Skrn3wEt9EqUkxk8.0.0.0", "EventData.ProcessId": "3220", "EventData.ProcessCreateTime": "2025-02-02 02:12:20.523821+00:00", "EventData.ProcessStartKey": "43065671436740521", "EventData.ProcessSignatureLevel": "8", "EventData.ProcessSectionSignatureLevel": "8", "EventData.ProcessProtection": "0", "EventData.TargetThreadId": "5692", "EventData.TargetThreadCreateTime": "2025-02-02 02:12:21.542009+00:00", "EventData.RequiredSignatureLevel": "8", "EventData.SignatureLevel": "0", "EventData.ImageNameLength": "60", "EventData.ImageName": "\\Program Files\\Common Files\\Crypto Pro\\AppCompat\\cpwinet.dll"}
{"EventID": "12", "Channel": "Microsoft-Windows-Security-Mitigations/KernelMode", "Provider_Name": "Microsoft-Windows-Security-Mitigations", "Computer": "DESKTOP-OFJ6N53", "TimeCreated": "2025-02-02 02:12:21.724321+00:00", "RecordID": "8221", "Level": "3", "UserID": "S-1-5-18", "EventData.ProcessPathLength": "59", "EventData.ProcessPath": "\\Device\\HarddiskVolume3\\Windows\\System32\\WaaSMedicAgent.exe", "EventData.ProcessCommandLineLength": "94", "EventData.ProcessCommandLine": "C:\\Windows\\System32\\WaaSMedicAgent.exe cdbbcf1c9a7777ad3a41fe6ae77b69b4 Skrn3wEt9EqUkxk8.0.0.0", "EventData.ProcessId": "3220", "EventData.ProcessCreateTime": "2025-02-02 02:12:20.523821+00:00", "EventData.ProcessStartKey": "43065671436740521", "EventData.ProcessSignatureLevel": "8", "EventData.ProcessSectionSignatureLevel": "8", "EventData.ProcessProtection": "0", "EventData.TargetThreadId": "5692", "EventData.TargetThreadCreateTime": "2025-02-02 02:12:21.542009+00:00", "EventData.RequiredSignatureLevel": "8", "EventData.SignatureLevel": "0", "EventData.ImageNameLength": "58", "EventData.ImageName": "\\Program Files\\Common Files\\Crypto Pro\\AppCompat\\cpmsi.dll"}
{"EventID": "12", "Channel": "Microsoft-Windows-Security-Mitigations/KernelMode", "Provider_Name": "Microsoft-Windows-Security-Mitigations", "Computer": "DESKTOP-OFJ6N53", "TimeCreated": "2025-02-02 02:12:21.901108+00:00", "RecordID": "8222", "Level": "3", "UserID": "S-1-5-18", "EventData.ProcessPathLength": "59", "EventData.ProcessPath": "\\Device\\HarddiskVolume3\\Windows\\System32\\WaaSMedicAgent.exe", "EventData.ProcessCommandLineLength": "94", "EventData.ProcessCommandLine": "C:\\Windows\\System32\\WaaSMedicAgent.exe cdbbcf1c9a7777ad3a41fe6ae77b69b4 Skrn3wEt9EqUkxk8.0.0.0", "EventData.ProcessId": "3220", "EventData.ProcessCreateTime": "2025-02-02 02:12:20.523821+00:00", "EventData.ProcessStartKey": "43065671436740521", "EventData.ProcessSignatureLevel": "8", "EventData.ProcessSectionSignatureLevel": "8", "EventData.ProcessProtection": "0", "EventData.TargetThreadId": "5692", "EventData.TargetThreadCreateTime": "2025-02-02 02:12:21.542009+00:00", "EventData.RequiredSignatureLevel": "8", "EventData.SignatureLevel": "0", "EventData.ImageNameLength": "61", "EventData.ImageName": "\\Program Files\\Common Files\\Crypto Pro\\AppCompat\\cpenroll.dll"}
{"EventID": "12", "Channel": "Microsoft-Windows-Security-Mitigations/KernelMode", "Provider_Name": "Microsoft-Windows-Security-Mitigations", "Computer": "DESKTOP-OFJ6N53", "TimeCreated": "2025-02-02 02:12:22.099171+00:00", "RecordID": "8223", "Level": "3", "UserID": "S-1-5-18", "EventData.ProcessPathLength": "59", "EventData.ProcessPath": "\\Device\\HarddiskVolume3\\Windows\\System32\\WaaSMedicAgent.exe", "EventData.ProcessCommandLineLength": "94", "EventData.ProcessCommandLine": "C:\\Windows\\System32\\WaaSMedicAgent.exe cdbbcf1c9a7777ad3a41fe6ae77b69b4 Skrn3wEt9EqUkxk8.0.0.0", "EventData.ProcessId": "3220", "EventData.ProcessCreateTime": "2025-02-02 02:12:20.523821+00:00", "EventData.ProcessStartKey": "43065671436740521", "EventData.ProcessSignatureLevel": "8", "EventData.ProcessSectionSignatureLevel": "8", "EventData.ProcessProtection": "0", "EventData.TargetThreadId": "10248", "EventData.TargetThreadCreateTime": "2025-02-02 02:12:21.542313+00:00", "EventData.RequiredSignatureLevel": "8", "EventData.SignatureLevel": "0", "EventData.ImageNameLength": "60", "EventData.ImageName": "\\Program Files\\Common Files\\Crypto Pro\\AppCompat\\cpschan.dll"}
{"EventID": "12", "Channel": "Microsoft-Windows-Security-Mitigations/KernelMode", "Provider_Name": "Microsoft-Windows-Security-Mitigations", "Computer": "DESKTOP-OFJ6N53", "TimeCreated": "2025-02-02 12:14:18.036711+00:00", "RecordID": "8224", "Level": "3", "UserID": "S-1-5-18", "EventData.ProcessPathLength": "100", "EventData.ProcessPath": "\\Device\\HarddiskVolume3\\ProgramData\\Microsoft\\Windows Defender\\Platform\\4.18.24090.11-0\\MpCmdRun.exe", "EventData.ProcessCommandLineLength": "135", "EventData.ProcessCommandLine": "\"C:\\ProgramData\\Microsoft\\Windows Defender\\Platform\\4.18.24090.11-0\\MpCmdRun.exe\" SignaturesUpdateService -ScheduleJob -UnmanagedUpdate", "EventData.ProcessId": "8124", "EventData.ProcessCreateTime": "2025-02-02 12:14:04.858686+00:00", "EventData.ProcessStartKey": "43065671436740970", "EventData.ProcessSignatureLevel": "8", "EventData.ProcessSectionSignatureLevel": "8", "EventData.ProcessProtection": "0", "EventData.TargetThreadId": "3328", "EventData.TargetThreadCreateTime": "2025-02-02 12:14:04.951233+00:00", "EventData.RequiredSignatureLevel": "8", "EventData.SignatureLevel": "0", "EventData.ImageNameLength": "60", "EventData.ImageName": "\\Program Files\\Common Files\\Crypto Pro\\AppCompat\\cpadvai.dll"}
{"EventID": "12", "Channel": "Microsoft-Windows-Security-Mitigations/KernelMode", "Provider_Name": "Microsoft-Windows-Security-Mitigations", "Computer": "DESKTOP-OFJ6N53", "TimeCreated": "2025-02-03 12:14:19.915960+00:00", "RecordID": "8225", "Level": "3", "UserID": "S-1-5-18", "EventData.ProcessPathLength": "100", "EventData.ProcessPath": "\\Device\\HarddiskVolume3\\ProgramData\\Microsoft\\Windows Defender\\Platform\\4.18.24090.11-0\\MpCmdRun.exe", "EventData.ProcessCommandLineLength": "135", "EventData.ProcessCommandLine": "\"C:\\ProgramData\\Microsoft\\Windows Defender\\Platform\\4.18.24090.11-0\\MpCmdRun.exe\" SignaturesUpdateService -ScheduleJob -UnmanagedUpdate", "EventData.ProcessId": "12304", "EventData.ProcessCreateTime": "2025-02-03 12:14:06.575140+00:00", "EventData.ProcessStartKey": "43065671436741989", "EventData.ProcessSignatureLevel": "8", "EventData.ProcessSectionSignatureLevel": "8", "EventData.ProcessProtection": "0", "EventData.TargetThreadId": "2104", "EventData.TargetThreadCreateTime": "2025-02-03 12:14:06.849880+00:00", "EventData.RequiredSignatureLevel": "8", "EventData.SignatureLevel": "0", "EventData.ImageNameLength": "60", "EventData.ImageName": "\\Program Files\\Common Files\\Crypto Pro\\AppCompat\\cpadvai.dll"}
{"EventID": "12", "Channel": "Microsoft-Windows-Security-Mitigations/KernelMode", "Provider_Name": "Microsoft-Windows-Security-Mitigations", "Computer": "DESKTOP-OFJ6N53", "TimeCreated": "2025-02-03 12:40:34.932642+00:00", "RecordID": "8226", "Level": "3", "UserID": "S-1-5-21-963789628-1060504924-4285088085-1001", "EventData.ProcessPathLength": "74", "EventData.ProcessPath": "\\Device\\HarddiskVolume3\\Program Files\\Google\\Chrome\\Application\\chrome.exe", "EventData.ProcessCommandLineLength": "512", "EventData.ProcessCommandLine": "\"C:\\Program Files\\Google\\Chrome\\Application\\chrome.exe\" --type=renderer --string-annotations=is-enterprise-managed=no --no-pre-read-main-dll --disable-gpu-compositing --video-capture-use-gpu-memory-buffer --lang=ru --device-scale-factor=1 --num-raster-threads=2 --enable-main-frame-before-activation --renderer-client-id=112 --time-ticks-at-unix-epoch=-1737720190136702 --launch-time-ticks=866235818918 --field-trial-handle=7740,i,18213207850159568895,9373080096641011137,262144 --variations-seed-version=2025012", "EventData.ProcessId": "4244", "EventData.ProcessCreateTime": "2025-02-03 12:40:34.259226+00:00", "EventData.ProcessStartKey": "43065671436742052", "EventData.ProcessSignatureLevel": "8", "EventData.ProcessSectionSignatureLevel": "8", "EventData.ProcessProtection": "0", "EventData.TargetThreadId": "3136", "EventData.TargetThreadCreateTime": "2025-02-03 12:40:34.259228+00:00", "EventData.RequiredSignatureLevel": "8", "EventData.SignatureLevel": "0", "EventData.ImageNameLength": "60", "EventData.ImageName": "\\Program Files\\Common Files\\Crypto Pro\\AppCompat\\cpcrypt.dll"}
{"EventID": "12", "Channel": "Microsoft-Windows-Security-Mitigations/KernelMode", "Provider_Name": "Microsoft-Windows-Security-Mitigations", "Computer": "DESKTOP-OFJ6N53", "TimeCreated": "2025-02-03 12:40:44.537350+00:00", "RecordID": "8227", "Level": "3", "UserID": "S-1-5-21-963789628-1060504924-4285088085-1001", "EventData.ProcessPathLength": "74", "EventData.ProcessPath": "\\Device\\HarddiskVolume3\\Program Files\\Google\\Chrome\\Application\\chrome.exe", "EventData.ProcessCommandLineLength": "512", "EventData.ProcessCommandLine": "\"C:\\Program Files\\Google\\Chrome\\Application\\chrome.exe\" --type=renderer --string-annotations=is-enterprise-managed=no --no-pre-read-main-dll --disable-gpu-compositing --video-capture-use-gpu-memory-buffer --lang=ru --device-scale-factor=1 --num-raster-threads=2 --enable-main-frame-before-activation --renderer-client-id=113 --time-ticks-at-unix-epoch=-1737720190136702 --launch-time-ticks=866244951518 --field-trial-handle=5196,i,18213207850159568895,9373080096641011137,262144 --variations-seed-version=2025012", "EventData.ProcessId": "10856", "EventData.ProcessCreateTime": "2025-02-03 12:40:43.391478+00:00", "EventData.ProcessStartKey": "43065671436742053", "EventData.ProcessSignatureLevel": "8", "EventData.ProcessSectionSignatureLevel": "8", "EventData.ProcessProtection": "0", "EventData.TargetThreadId": "3468", "EventData.TargetThreadCreateTime": "2025-02-03 12:40:43.391483+00:00", "EventData.RequiredSignatureLevel": "8", "EventData.SignatureLevel": "0", "EventData.ImageNameLength": "60", "EventData.ImageName": "\\Program Files\\Common Files\\Crypto Pro\\AppCompat\\cpcrypt.dll"}
{"EventID": "12", "Channel": "Microsoft-Windows-Security-Mitigations/KernelMode", "Provider_Name": "Microsoft-Windows-Security-Mitigations", "Computer": "DESKTOP-OFJ6N53", "TimeCreated": "2025-02-03 12:48:47.655279+00:00", "RecordID": "8228", "Level": "3", "UserID": "S-1-5-21-963789628-1060504924-4285088085-1001", "EventData.ProcessPathLength": "74", "EventData.ProcessPath": "\\Device\\HarddiskVolume3\\Program Files\\Google\\Chrome\\Application\\chrome.exe", "EventData.ProcessCommandLineLength": "512", "EventData.ProcessCommandLine": "\"C:\\Program Files\\Google\\Chrome\\Application\\chrome.exe\" --type=renderer --string-annotations=is-enterprise-managed=no --no-pre-read-main-dll --disable-gpu-compositing --video-capture-use-gpu-memory-buffer --lang=ru --device-scale-factor=1 --num-raster-threads=2 --enable-main-frame-before-activation --renderer-client-id=118 --time-ticks-at-unix-epoch=-1737720190136702 --launch-time-ticks=866729055719 --field-trial-handle=6412,i,18213207850159568895,9373080096641011137,262144 --variations-seed-version=2025012", "EventData.ProcessId": "12488", "EventData.ProcessCreateTime": "2025-02-03 12:48:47.495823+00:00", "EventData.ProcessStartKey": "43065671436742065", "EventData.ProcessSignatureLevel": "8", "EventData.ProcessSectionSignatureLevel": "8", "EventData.ProcessProtection": "0", "EventData.TargetThreadId": "11812", "EventData.TargetThreadCreateTime": "2025-02-03 12:48:47.495831+00:00", "EventData.RequiredSignatureLevel": "8", "EventData.SignatureLevel": "0", "EventData.ImageNameLength": "60", "EventData.ImageName": "\\Program Files\\Common Files\\Crypto Pro\\AppCompat\\cpcrypt.dll"}
{"EventID": "12", "Channel": "Microsoft-Windows-Security-Mitigations/KernelMode", "Provider_Name": "Microsoft-Windows-Security-Mitigations", "Computer": "DESKTOP-OFJ6N53", "TimeCreated": "2025-02-03 12:48:48.041498+00:00", "RecordID": "8229", "Level": "3", "UserID": "S-1-5-21-963789628-1060504924-4285088085-1001", "EventData.ProcessPathLength": "74", "EventData.ProcessPath": "\\Device\\HarddiskVolume3\\Program Files\\Google\\Chrome\\Application\\chrome.exe", "EventData.ProcessCommandLineLength": "512", "EventData.ProcessCommandLine": "\"C:\\Program Files\\Google\\Chrome\\Application\\chrome.exe\" --type=renderer --string-annotations=is-enterprise-managed=no --no-pre-read-main-dll --disable-gpu-compositing --video-capture-use-gpu-memory-buffer --lang=ru --device-scale-factor=1 --num-raster-threads=2 --enable-main-frame-before-activation --renderer-client-id=119 --time-ticks-at-unix-epoch=-1737720190136702 --launch-time-ticks=866729244686 --field-trial-handle=8016,i,18213207850159568895,9373080096641011137,262144 --variations-seed-version=2025012", "EventData.ProcessId": "6208", "EventData.ProcessCreateTime": "2025-02-03 12:48:47.684532+00:00", "EventData.ProcessStartKey": "43065671436742066", "EventData.ProcessSignatureLevel": "8", "EventData.ProcessSectionSignatureLevel": "8", "EventData.ProcessProtection": "0", "EventData.TargetThreadId": "6528", "EventData.TargetThreadCreateTime": "2025-02-03 12:48:47.684536+00:00", "EventData.RequiredSignatureLevel": "8", "EventData.SignatureLevel": "0", "EventData.ImageNameLength": "60", "EventData.ImageName": "\\Program Files\\Common Files\\Crypto Pro\\AppCompat\\cpcrypt.dll"}
{"EventID": "12", "Channel": "Microsoft-Windows-Security-Mitigations/KernelMode", "Provider_Name": "Microsoft-Windows-Security-Mitigations", "Computer": "DESKTOP-OFJ6N53", "TimeCreated": "2025-02-03 12:48:52.795687+00:00", "RecordID": "8230", "Level": "3", "UserID": "S-1-5-21-963789628-1060504924-4285088085-1001", "EventData.ProcessPathLength": "74", "EventData.ProcessPath": "\\Device\\HarddiskVolume3\\Program Files\\Google\\Chrome\\Application\\chrome.exe", "EventData.ProcessCommandLineLength": "512", "EventData.ProcessCommandLine": "\"C:\\Program Files\\Google\\Chrome\\Application\\chrome.exe\" --type=renderer --string-annotations=is-enterprise-managed=no --no-pre-read-main-dll --disable-gpu-compositing --video-capture-use-gpu-memory-buffer --lang=ru --device-scale-factor=1 --num-raster-threads=2 --enable-main-frame-before-activation --renderer-client-id=120 --time-ticks-at-unix-epoch=-1737720190136702 --launch-time-ticks=866734310079 --field-trial-handle=6124,i,18213207850159568895,9373080096641011137,262144 --variations-seed-version=2025012", "EventData.ProcessId": "12632", "EventData.ProcessCreateTime": "2025-02-03 12:48:52.749987+00:00", "EventData.ProcessStartKey": "43065671436742067", "EventData.ProcessSignatureLevel": "8", "EventData.ProcessSectionSignatureLevel": "8", "EventData.ProcessProtection": "0", "EventData.TargetThreadId": "9456", "EventData.TargetThreadCreateTime": "2025-02-03 12:48:52.749990+00:00", "EventData.RequiredSignatureLevel": "8", "EventData.SignatureLevel": "0", "EventData.ImageNameLength": "60", "EventData.ImageName": "\\Program Files\\Common Files\\Crypto Pro\\AppCompat\\cpcrypt.dll"}
{"EventID": "12", "Channel": "Microsoft-Windows-Security-Mitigations/KernelMode", "Provider_Name": "Microsoft-Windows-Security-Mitigations", "Computer": "DESKTOP-OFJ6N53", "TimeCreated": "2025-02-03 12:48:54.234905+00:00", "RecordID": "8231", "Level": "3", "UserID": "S-1-5-21-963789628-1060504924-4285088085-1001", "EventData.ProcessPathLength": "74", "EventData.ProcessPath": "\\Device\\HarddiskVolume3\\Program Files\\Google\\Chrome\\Application\\chrome.exe", "EventData.ProcessCommandLineLength": "512", "EventData.ProcessCommandLine": "\"C:\\Program Files\\Google\\Chrome\\Application\\chrome.exe\" --type=renderer --string-annotations=is-enterprise-managed=no --no-pre-read-main-dll --disable-gpu-compositing --video-capture-use-gpu-memory-buffer --lang=ru --device-scale-factor=1 --num-raster-threads=2 --enable-main-frame-before-activation --renderer-client-id=121 --time-ticks-at-unix-epoch=-1737720190136702 --launch-time-ticks=866735599319 --field-trial-handle=7920,i,18213207850159568895,9373080096641011137,262144 --variations-seed-version=2025012", "EventData.ProcessId": "5896", "EventData.ProcessCreateTime": "2025-02-03 12:48:54.039087+00:00", "EventData.ProcessStartKey": "43065671436742068", "EventData.ProcessSignatureLevel": "8", "EventData.ProcessSectionSignatureLevel": "8", "EventData.ProcessProtection": "0", "EventData.TargetThreadId": "10684", "EventData.TargetThreadCreateTime": "2025-02-03 12:48:54.039091+00:00", "EventData.RequiredSignatureLevel": "8", "EventData.SignatureLevel": "0", "EventData.ImageNameLength": "60", "EventData.ImageName": "\\Program Files\\Common Files\\Crypto Pro\\AppCompat\\cpcrypt.dll"}
{"EventID": "12", "Channel": "Microsoft-Windows-Security-Mitigations/KernelMode", "Provider_Name": "Microsoft-Windows-Security-Mitigations", "Computer": "DESKTOP-OFJ6N53", "TimeCreated": "2025-02-03 12:49:13.248793+00:00", "RecordID": "8232", "Level": "3", "UserID": "S-1-5-21-963789628-1060504924-4285088085-1001", "EventData.ProcessPathLength": "74", "EventData.ProcessPath": "\\Device\\HarddiskVolume3\\Program Files\\Google\\Chrome\\Application\\chrome.exe", "EventData.ProcessCommandLineLength": "512", "EventData.ProcessCommandLine": "\"C:\\Program Files\\Google\\Chrome\\Application\\chrome.exe\" --type=renderer --string-annotations=is-enterprise-managed=no --no-pre-read-main-dll --disable-gpu-compositing --video-capture-use-gpu-memory-buffer --lang=ru --device-scale-factor=1 --num-raster-threads=2 --enable-main-frame-before-activation --renderer-client-id=123 --time-ticks-at-unix-epoch=-1737720190136702 --launch-time-ticks=866754674293 --field-trial-handle=7304,i,18213207850159568895,9373080096641011137,262144 --variations-seed-version=2025012", "EventData.ProcessId": "8348", "EventData.ProcessCreateTime": "2025-02-03 12:49:13.114254+00:00", "EventData.ProcessStartKey": "43065671436742070", "EventData.ProcessSignatureLevel": "8", "EventData.ProcessSectionSignatureLevel": "8", "EventData.ProcessProtection": "0", "EventData.TargetThreadId": "12640", "EventData.TargetThreadCreateTime": "2025-02-03 12:49:13.114258+00:00", "EventData.RequiredSignatureLevel": "8", "EventData.SignatureLevel": "0", "EventData.ImageNameLength": "60", "EventData.ImageName": "\\Program Files\\Common Files\\Crypto Pro\\AppCompat\\cpcrypt.dll"}
{"EventID": "12", "Channel": "Microsoft-Windows-Security-Mitigations/KernelMode", "Provider_Name": "Microsoft-Windows-Security-Mitigations", "Computer": "DESKTOP-OFJ6N53", "TimeCreated": "2025-02-03 12:49:13.643045+00:00", "RecordID": "8233", "Level": "3", "UserID": "S-1-5-21-963789628-1060504924-4285088085-1001", "EventData.ProcessPathLength": "74", "EventData.ProcessPath": "\\Device\\HarddiskVolume3\\Program Files\\Google\\Chrome\\Application\\chrome.exe", "EventData.ProcessCommandLineLength": "512", "EventData.ProcessCommandLine": "\"C:\\Program Files\\Google\\Chrome\\Application\\chrome.exe\" --type=renderer --string-annotations=is-enterprise-managed=no --no-pre-read-main-dll --disable-gpu-compositing --video-capture-use-gpu-memory-buffer --lang=ru --device-scale-factor=1 --num-raster-threads=2 --enable-main-frame-before-activation --renderer-client-id=124 --time-ticks-at-unix-epoch=-1737720190136702 --launch-time-ticks=866754692184 --field-trial-handle=7608,i,18213207850159568895,9373080096641011137,262144 --variations-seed-version=2025012", "EventData.ProcessId": "11696", "EventData.ProcessCreateTime": "2025-02-03 12:49:13.131960+00:00", "EventData.ProcessStartKey": "43065671436742071", "EventData.ProcessSignatureLevel": "8", "EventData.ProcessSectionSignatureLevel": "8", "EventData.ProcessProtection": "0", "EventData.TargetThreadId": "1376", "EventData.TargetThreadCreateTime": "2025-02-03 12:49:13.131962+00:00", "EventData.RequiredSignatureLevel": "8", "EventData.SignatureLevel": "0", "EventData.ImageNameLength": "60", "EventData.ImageName": "\\Program Files\\Common Files\\Crypto Pro\\AppCompat\\cpcrypt.dll"}
{"EventID": "12", "Channel": "Microsoft-Windows-Security-Mitigations/KernelMode", "Provider_Name": "Microsoft-Windows-Security-Mitigations", "Computer": "DESKTOP-OFJ6N53", "TimeCreated": "2025-02-03 12:49:15.216145+00:00", "RecordID": "8234", "Level": "3", "UserID": "S-1-5-21-963789628-1060504924-4285088085-1001", "EventData.ProcessPathLength": "74", "EventData.ProcessPath": "\\Device\\HarddiskVolume3\\Program Files\\Google\\Chrome\\Application\\chrome.exe", "EventData.ProcessCommandLineLength": "512", "EventData.ProcessCommandLine": "\"C:\\Program Files\\Google\\Chrome\\Application\\chrome.exe\" --type=renderer --string-annotations=is-enterprise-managed=no --no-pre-read-main-dll --disable-gpu-compositing --video-capture-use-gpu-memory-buffer --lang=ru --device-scale-factor=1 --num-raster-threads=2 --enable-main-frame-before-activation --renderer-client-id=125 --time-ticks-at-unix-epoch=-1737720190136702 --launch-time-ticks=866754940242 --field-trial-handle=8248,i,18213207850159568895,9373080096641011137,262144 --variations-seed-version=2025012", "EventData.ProcessId": "7784", "EventData.ProcessCreateTime": "2025-02-03 12:49:13.379932+00:00", "EventData.ProcessStartKey": "43065671436742072", "EventData.ProcessSignatureLevel": "8", "EventData.ProcessSectionSignatureLevel": "8", "EventData.ProcessProtection": "0", "EventData.TargetThreadId": "9416", "EventData.TargetThreadCreateTime": "2025-02-03 12:49:13.379936+00:00", "EventData.RequiredSignatureLevel": "8", "EventData.SignatureLevel": "0", "EventData.ImageNameLength": "60", "EventData.ImageName": "\\Program Files\\Common Files\\Crypto Pro\\AppCompat\\cpcrypt.dll"}
{"EventID": "12", "Channel": "Microsoft-Windows-Security-Mitigations/KernelMode", "Provider_Name": "Microsoft-Windows-Security-Mitigations", "Computer": "DESKTOP-OFJ6N53", "TimeCreated": "2025-02-03 12:49:15.959538+00:00", "RecordID": "8235", "Level": "3", "UserID": "S-1-5-21-963789628-1060504924-4285088085-1001", "EventData.ProcessPathLength": "74", "EventData.ProcessPath": "\\Device\\HarddiskVolume3\\Program Files\\Google\\Chrome\\Application\\chrome.exe", "EventData.ProcessCommandLineLength": "512", "EventData.ProcessCommandLine": "\"C:\\Program Files\\Google\\Chrome\\Application\\chrome.exe\" --type=renderer --string-annotations=is-enterprise-managed=no --no-pre-read-main-dll --disable-gpu-compositing --video-capture-use-gpu-memory-buffer --lang=ru --device-scale-factor=1 --num-raster-threads=2 --enable-main-frame-before-activation --renderer-client-id=126 --time-ticks-at-unix-epoch=-1737720190136702 --launch-time-ticks=866757319186 --field-trial-handle=7836,i,18213207850159568895,9373080096641011137,262144 --variations-seed-version=2025012", "EventData.ProcessId": "6264", "EventData.ProcessCreateTime": "2025-02-03 12:49:15.759203+00:00", "EventData.ProcessStartKey": "43065671436742073", "EventData.ProcessSignatureLevel": "8", "EventData.ProcessSectionSignatureLevel": "8", "EventData.ProcessProtection": "0", "EventData.TargetThreadId": "7944", "EventData.TargetThreadCreateTime": "2025-02-03 12:49:15.759207+00:00", "EventData.RequiredSignatureLevel": "8", "EventData.SignatureLevel": "0", "EventData.ImageNameLength": "60", "EventData.ImageName": "\\Program Files\\Common Files\\Crypto Pro\\AppCompat\\cpcrypt.dll"}
{"EventID": "12", "Channel": "Microsoft-Windows-Security-Mitigations/KernelMode", "Provider_Name": "Microsoft-Windows-Security-Mitigations", "Computer": "DESKTOP-OFJ6N53", "TimeCreated": "2025-02-03 12:52:21.712490+00:00", "RecordID": "8236", "Level": "3", "UserID": "S-1-5-21-963789628-1060504924-4285088085-1001", "EventData.ProcessPathLength": "74", "EventData.ProcessPath": "\\Device\\HarddiskVolume3\\Program Files\\Google\\Chrome\\Application\\chrome.exe", "EventData.ProcessCommandLineLength": "512", "EventData.ProcessCommandLine": "\"C:\\Program Files\\Google\\Chrome\\Application\\chrome.exe\" --type=renderer --string-annotations=is-enterprise-managed=no --no-pre-read-main-dll --disable-gpu-compositing --video-capture-use-gpu-memory-buffer --lang=ru --device-scale-factor=1 --num-raster-threads=2 --enable-main-frame-before-activation --renderer-client-id=127 --time-ticks-at-unix-epoch=-1737720190136702 --launch-time-ticks=866943241333 --field-trial-handle=5152,i,18213207850159568895,9373080096641011137,262144 --variations-seed-version=2025012", "EventData.ProcessId": "9872", "EventData.ProcessCreateTime": "2025-02-03 12:52:21.680986+00:00", "EventData.ProcessStartKey": "43065671436742076", "EventData.ProcessSignatureLevel": "8", "EventData.ProcessSectionSignatureLevel": "8", "EventData.ProcessProtection": "0", "EventData.TargetThreadId": "12388", "EventData.TargetThreadCreateTime": "2025-02-03 12:52:21.680990+00:00", "EventData.RequiredSignatureLevel": "8", "EventData.SignatureLevel": "0", "EventData.ImageNameLength": "60", "EventData.ImageName": "\\Program Files\\Common Files\\Crypto Pro\\AppCompat\\cpcrypt.dll"}
{"EventID": "12", "Channel": "Microsoft-Windows-Security-Mitigations/KernelMode", "Provider_Name": "Microsoft-Windows-Security-Mitigations", "Computer": "DESKTOP-OFJ6N53", "TimeCreated": "2025-02-04 12:14:29.137581+00:00", "RecordID": "8237", "Level": "3", "UserID": "S-1-5-18", "EventData.ProcessPathLength": "100", "EventData.ProcessPath": "\\Device\\HarddiskVolume3\\ProgramData\\Microsoft\\Windows Defender\\Platform\\4.18.24090.11-0\\MpCmdRun.exe", "EventData.ProcessCommandLineLength": "135", "EventData.ProcessCommandLine": "\"C:\\ProgramData\\Microsoft\\Windows Defender\\Platform\\4.18.24090.11-0\\MpCmdRun.exe\" SignaturesUpdateService -ScheduleJob -UnmanagedUpdate", "EventData.ProcessId": "2508", "EventData.ProcessCreateTime": "2025-02-04 12:14:07.473091+00:00", "EventData.ProcessStartKey": "43065671436743205", "EventData.ProcessSignatureLevel": "8", "EventData.ProcessSectionSignatureLevel": "8", "EventData.ProcessProtection": "0", "EventData.TargetThreadId": "7504", "EventData.TargetThreadCreateTime": "2025-02-04 12:14:07.726585+00:00", "EventData.RequiredSignatureLevel": "8", "EventData.SignatureLevel": "0", "EventData.ImageNameLength": "60", "EventData.ImageName": "\\Program Files\\Common Files\\Crypto Pro\\AppCompat\\cpadvai.dll"}
{"EventID": "12", "Channel": "Microsoft-Windows-Security-Mitigations/KernelMode", "Provider_Name": "Microsoft-Windows-Security-Mitigations", "Computer": "DESKTOP-OFJ6N53", "TimeCreated": "2025-02-05 12:14:24.305645+00:00", "RecordID": "8238", "Level": "3", "UserID": "S-1-5-18", "EventData.ProcessPathLength": "100", "EventData.ProcessPath": "\\Device\\HarddiskVolume3\\ProgramData\\Microsoft\\Windows Defender\\Platform\\4.18.24090.11-0\\MpCmdRun.exe", "EventData.ProcessCommandLineLength": "135", "EventData.ProcessCommandLine": "\"C:\\ProgramData\\Microsoft\\Windows Defender\\Platform\\4.18.24090.11-0\\MpCmdRun.exe\" SignaturesUpdateService -ScheduleJob -UnmanagedUpdate", "EventData.ProcessId": "9100", "EventData.ProcessCreateTime": "2025-02-05 12:14:08.679996+00:00", "EventData.ProcessStartKey": "43065671436744309", "EventData.ProcessSignatureLevel": "8", "EventData.ProcessSectionSignatureLevel": "8", "EventData.ProcessProtection": "0", "EventData.TargetThreadId": "10932", "EventData.TargetThreadCreateTime": "2025-02-05 12:14:08.987232+00:00", "EventData.RequiredSignatureLevel": "8", "EventData.SignatureLevel": "0", "EventData.ImageNameLength": "60", "EventData.ImageName": "\\Program Files\\Common Files\\Crypto Pro\\AppCompat\\cpadvai.dll"}
{"EventID": "2", "Channel": "Microsoft-Windows-Security-Mitigations/KernelMode", "Provider_Name": "Microsoft-Windows-Security-Mitigations", "Computer": "DESKTOP-OFJ6N53", "TimeCreated": "2025-02-05 12:39:30.412403+00:00", "RecordID": "8239", "Level": "3", "UserID": "S-1-5-21-963789628-1060504924-4285088085-1001", "EventData.ProcessPathLength": "52", "EventData.ProcessPath": "\\Device\\HarddiskVolume3\\Windows\\System32\\dllhost.exe", "EventData.ProcessCommandLineLength": "81", "EventData.ProcessCommandLine": "C:\\Windows\\system32\\DllHost.exe /Processid:{7966B4D8-4FDC-4126-A10B-39A3209AD251}", "EventData.CallingProcessId": "6132", "EventData.CallingProcessCreateTime": "2025-02-05 12:39:30.408203+00:00", "EventData.CallingProcessStartKey": "43065671436744341", "EventData.CallingProcessSignatureLevel": "8", "EventData.CallingProcessSectionSignatureLevel": "8", "EventData.CallingProcessProtection": "0", "EventData.CallingThreadId": "3472", "EventData.CallingThreadCreateTime": "2025-02-05 12:39:30.408205+00:00"}
{"EventID": "12", "Channel": "Microsoft-Windows-Security-Mitigations/KernelMode", "Provider_Name": "Microsoft-Windows-Security-Mitigations", "Computer": "DESKTOP-OFJ6N53", "TimeCreated": "2025-02-05 12:50:32.180189+00:00", "RecordID": "8240", "Level": "3", "UserID": "S-1-5-21-963789628-1060504924-4285088085-1001", "EventData.ProcessPathLength": "74", "EventData.ProcessPath": "\\Device\\HarddiskVolume3\\Program Files\\Google\\Chrome\\Application\\chrome.exe", "EventData.ProcessCommandLineLength": "499", "EventData.ProcessCommandLine": "\"C:\\Program Files\\Google\\Chrome\\Application\\chrome.exe\" --type=renderer --string-annotations --video-capture-use-gpu-memory-buffer --lang=ru --device-scale-factor=1 --num-raster-threads=2 --enable-main-frame-before-activation --renderer-client-id=5 --time-ticks-at-unix-epoch=-1737720200898601 --launch-time-ticks=1039630618197 --field-trial-handle=3348,i,556895163797335297,12068067783297482692,262144 --variations-seed-version=20250204-185839.162000 --mojo-platform-channel-handle=3364 /prefetch:1", "EventData.ProcessId": "12840", "EventData.ProcessCreateTime": "2025-02-05 12:50:31.525412+00:00", "EventData.ProcessStartKey": "43065671436744423", "EventData.ProcessSignatureLevel": "8", "EventData.ProcessSectionSignatureLevel": "8", "EventData.ProcessProtection": "0", "EventData.TargetThreadId": "9924", "EventData.TargetThreadCreateTime": "2025-02-05 12:50:31.525417+00:00", "EventData.RequiredSignatureLevel": "8", "EventData.SignatureLevel": "0", "EventData.ImageNameLength": "60", "EventData.ImageName": "\\Program Files\\Common Files\\Crypto Pro\\AppCompat\\cpcrypt.dll"}
{"EventID": "12", "Channel": "Microsoft-Windows-Security-Mitigations/KernelMode", "Provider_Name": "Microsoft-Windows-Security-Mitigations", "Computer": "DESKTOP-OFJ6N53", "TimeCreated": "2025-02-05 12:50:32.917604+00:00", "RecordID": "8241", "Level": "3", "UserID": "S-1-5-21-963789628-1060504924-4285088085-1001", "EventData.ProcessPathLength": "74", "EventData.ProcessPath": "\\Device\\HarddiskVolume3\\Program Files\\Google\\Chrome\\Application\\chrome.exe", "EventData.ProcessCommandLineLength": "499", "EventData.ProcessCommandLine": "\"C:\\Program Files\\Google\\Chrome\\Application\\chrome.exe\" --type=renderer --string-annotations --video-capture-use-gpu-memory-buffer --lang=ru --device-scale-factor=1 --num-raster-threads=2 --enable-main-frame-before-activation --renderer-client-id=6 --time-ticks-at-unix-epoch=-1737720200898601 --launch-time-ticks=1039630616999 --field-trial-handle=3200,i,556895163797335297,12068067783297482692,262144 --variations-seed-version=20250204-185839.162000 --mojo-platform-channel-handle=3300 /prefetch:1", "EventData.ProcessId": "1200", "EventData.ProcessCreateTime": "2025-02-05 12:50:31.519962+00:00", "EventData.ProcessStartKey": "43065671436744422", "EventData.ProcessSignatureLevel": "8", "EventData.ProcessSectionSignatureLevel": "8", "EventData.ProcessProtection": "0", "EventData.TargetThreadId": "2156", "EventData.TargetThreadCreateTime": "2025-02-05 12:50:31.519966+00:00", "EventData.RequiredSignatureLevel": "8", "EventData.SignatureLevel": "0", "EventData.ImageNameLength": "60", "EventData.ImageName": "\\Program Files\\Common Files\\Crypto Pro\\AppCompat\\cpcrypt.dll"}
{"EventID": "12", "Channel": "Microsoft-Windows-Security-Mitigations/KernelMode", "Provider_Name": "Microsoft-Windows-Security-Mitigations", "Computer": "DESKTOP-OFJ6N53", "TimeCreated": "2025-02-05 12:50:33.419842+00:00", "RecordID": "8242", "Level": "3", "UserID": "S-1-5-21-963789628-1060504924-4285088085-1001", "EventData.ProcessPathLength": "74", "EventData.ProcessPath": "\\Device\\HarddiskVolume3\\Program Files\\Google\\Chrome\\Application\\chrome.exe", "EventData.ProcessCommandLineLength": "512", "EventData.ProcessCommandLine": "\"C:\\Program Files\\Google\\Chrome\\Application\\chrome.exe\" --type=renderer --string-annotations --disable-gpu-compositing --video-capture-use-gpu-memory-buffer --lang=ru --device-scale-factor=1 --num-raster-threads=2 --enable-main-frame-before-activation --renderer-client-id=7 --time-ticks-at-unix-epoch=-1737720200898601 --launch-time-ticks=1039631954054 --field-trial-handle=4720,i,556895163797335297,12068067783297482692,262144 --variations-seed-version=20250204-185839.162000 --mojo-platform-channel-handle=470", "EventData.ProcessId": "9168", "EventData.ProcessCreateTime": "2025-02-05 12:50:32.853809+00:00", "EventData.ProcessStartKey": "43065671436744424", "EventData.ProcessSignatureLevel": "8", "EventData.ProcessSectionSignatureLevel": "8", "EventData.ProcessProtection": "0", "EventData.TargetThreadId": "8476", "EventData.TargetThreadCreateTime": "2025-02-05 12:50:32.853811+00:00", "EventData.RequiredSignatureLevel": "8", "EventData.SignatureLevel": "0", "EventData.ImageNameLength": "60", "EventData.ImageName": "\\Program Files\\Common Files\\Crypto Pro\\AppCompat\\cpcrypt.dll"}
{"EventID": "12", "Channel": "Microsoft-Windows-Security-Mitigations/KernelMode", "Provider_Name": "Microsoft-Windows-Security-Mitigations", "Computer": "DESKTOP-OFJ6N53", "TimeCreated": "2025-02-05 12:50:33.861845+00:00", "RecordID": "8243", "Level": "3", "UserID": "S-1-5-21-963789628-1060504924-4285088085-1001", "EventData.ProcessPathLength": "74", "EventData.ProcessPath": "\\Device\\HarddiskVolume3\\Program Files\\Google\\Chrome\\Application\\chrome.exe", "EventData.ProcessCommandLineLength": "512", "EventData.ProcessCommandLine": "\"C:\\Program Files\\Google\\Chrome\\Application\\chrome.exe\" --type=renderer --string-annotations --disable-gpu-compositing --video-capture-use-gpu-memory-buffer --lang=ru --device-scale-factor=1 --num-raster-threads=2 --enable-main-frame-before-activation --renderer-client-id=8 --time-ticks-at-unix-epoch=-1737720200898601 --launch-time-ticks=1039632584419 --field-trial-handle=4728,i,556895163797335297,12068067783297482692,262144 --variations-seed-version=20250204-185839.162000 --mojo-platform-channel-handle=496", "EventData.ProcessId": "13260", "EventData.ProcessCreateTime": "2025-02-05 12:50:33.484154+00:00", "EventData.ProcessStartKey": "43065671436744425", "EventData.ProcessSignatureLevel": "8", "EventData.ProcessSectionSignatureLevel": "8", "EventData.ProcessProtection": "0", "EventData.TargetThreadId": "12384", "EventData.TargetThreadCreateTime": "2025-02-05 12:50:33.484156+00:00", "EventData.RequiredSignatureLevel": "8", "EventData.SignatureLevel": "0", "EventData.ImageNameLength": "60", "EventData.ImageName": "\\Program Files\\Common Files\\Crypto Pro\\AppCompat\\cpcrypt.dll"}
{"EventID": "12", "Channel": "Microsoft-Windows-Security-Mitigations/KernelMode", "Provider_Name": "Microsoft-Windows-Security-Mitigations", "Computer": "DESKTOP-OFJ6N53", "TimeCreated": "2025-02-05 12:50:33.956192+00:00", "RecordID": "8244", "Level": "3", "UserID": "S-1-5-21-963789628-1060504924-4285088085-1001", "EventData.ProcessPathLength": "74", "EventData.ProcessPath": "\\Device\\HarddiskVolume3\\Program Files\\Google\\Chrome\\Application\\chrome.exe", "EventData.ProcessCommandLineLength": "512", "EventData.ProcessCommandLine": "\"C:\\Program Files\\Google\\Chrome\\Application\\chrome.exe\" --type=renderer --string-annotations --disable-gpu-compositing --video-capture-use-gpu-memory-buffer --lang=ru --device-scale-factor=1 --num-raster-threads=2 --enable-main-frame-before-activation --renderer-client-id=9 --time-ticks-at-unix-epoch=-1737720200898601 --launch-time-ticks=1039632714081 --field-trial-handle=4780,i,556895163797335297,12068067783297482692,262144 --variations-seed-version=20250204-185839.162000 --mojo-platform-channel-handle=510", "EventData.ProcessId": "3840", "EventData.ProcessCreateTime": "2025-02-05 12:50:33.613848+00:00", "EventData.ProcessStartKey": "43065671436744426", "EventData.ProcessSignatureLevel": "8", "EventData.ProcessSectionSignatureLevel": "8", "EventData.ProcessProtection": "0", "EventData.TargetThreadId": "11608", "EventData.TargetThreadCreateTime": "2025-02-05 12:50:33.613852+00:00", "EventData.RequiredSignatureLevel": "8", "EventData.SignatureLevel": "0", "EventData.ImageNameLength": "60", "EventData.ImageName": "\\Program Files\\Common Files\\Crypto Pro\\AppCompat\\cpcrypt.dll"}
{"EventID": "12", "Channel": "Microsoft-Windows-Security-Mitigations/KernelMode", "Provider_Name": "Microsoft-Windows-Security-Mitigations", "Computer": "DESKTOP-OFJ6N53", "TimeCreated": "2025-02-05 12:50:37.446642+00:00", "RecordID": "8245", "Level": "3", "UserID": "S-1-5-21-963789628-1060504924-4285088085-1001", "EventData.ProcessPathLength": "74", "EventData.ProcessPath": "\\Device\\HarddiskVolume3\\Program Files\\Google\\Chrome\\Application\\chrome.exe", "EventData.ProcessCommandLineLength": "512", "EventData.ProcessCommandLine": "\"C:\\Program Files\\Google\\Chrome\\Application\\chrome.exe\" --type=renderer --string-annotations --disable-gpu-compositing --video-capture-use-gpu-memory-buffer --lang=ru --device-scale-factor=1 --num-raster-threads=2 --enable-main-frame-before-activation --renderer-client-id=11 --time-ticks-at-unix-epoch=-1737720200898601 --launch-time-ticks=1039636118393 --field-trial-handle=5648,i,556895163797335297,12068067783297482692,262144 --variations-seed-version=20250204-185839.162000 --mojo-platform-channel-handle=58", "EventData.ProcessId": "6852", "EventData.ProcessCreateTime": "2025-02-05 12:50:37.018385+00:00", "EventData.ProcessStartKey": "43065671436744428", "EventData.ProcessSignatureLevel": "8", "EventData.ProcessSectionSignatureLevel": "8", "EventData.ProcessProtection": "0", "EventData.TargetThreadId": "5376", "EventData.TargetThreadCreateTime": "2025-02-05 12:50:37.018389+00:00", "EventData.RequiredSignatureLevel": "8", "EventData.SignatureLevel": "0", "EventData.ImageNameLength": "60", "EventData.ImageName": "\\Program Files\\Common Files\\Crypto Pro\\AppCompat\\cpcrypt.dll"}
{"EventID": "12", "Channel": "Microsoft-Windows-Security-Mitigations/KernelMode", "Provider_Name": "Microsoft-Windows-Security-Mitigations", "Computer": "DESKTOP-OFJ6N53", "TimeCreated": "2025-02-05 12:50:37.714855+00:00", "RecordID": "8246", "Level": "3", "UserID": "S-1-5-21-963789628-1060504924-4285088085-1001", "EventData.ProcessPathLength": "74", "EventData.ProcessPath": "\\Device\\HarddiskVolume3\\Program Files\\Google\\Chrome\\Application\\chrome.exe", "EventData.ProcessCommandLineLength": "512", "EventData.ProcessCommandLine": "\"C:\\Program Files\\Google\\Chrome\\Application\\chrome.exe\" --type=renderer --string-annotations --disable-gpu-compositing --video-capture-use-gpu-memory-buffer --lang=ru --device-scale-factor=1 --num-raster-threads=2 --enable-main-frame-before-activation --renderer-client-id=12 --time-ticks-at-unix-epoch=-1737720200898601 --launch-time-ticks=1039636120108 --field-trial-handle=5884,i,556895163797335297,12068067783297482692,262144 --variations-seed-version=20250204-185839.162000 --mojo-platform-channel-handle=58", "EventData.ProcessId": "11680", "EventData.ProcessCreateTime": "2025-02-05 12:50:37.021626+00:00", "EventData.ProcessStartKey": "43065671436744429", "EventData.ProcessSignatureLevel": "8", "EventData.ProcessSectionSignatureLevel": "8", "EventData.ProcessProtection": "0", "EventData.TargetThreadId": "7704", "EventData.TargetThreadCreateTime": "2025-02-05 12:50:37.021627+00:00", "EventData.RequiredSignatureLevel": "8", "EventData.SignatureLevel": "0", "EventData.ImageNameLength": "60", "EventData.ImageName": "\\Program Files\\Common Files\\Crypto Pro\\AppCompat\\cpcrypt.dll"}
{"EventID": "12", "Channel": "Microsoft-Windows-Security-Mitigations/KernelMode", "Provider_Name": "Microsoft-Windows-Security-Mitigations", "Computer": "DESKTOP-OFJ6N53", "TimeCreated": "2025-02-05 12:50:37.818758+00:00", "RecordID": "8247", "Level": "3", "UserID": "S-1-5-21-963789628-1060504924-4285088085-1001", "EventData.ProcessPathLength": "74", "EventData.ProcessPath": "\\Device\\HarddiskVolume3\\Program Files\\Google\\Chrome\\Application\\chrome.exe", "EventData.ProcessCommandLineLength": "512", "EventData.ProcessCommandLine": "\"C:\\Program Files\\Google\\Chrome\\Application\\chrome.exe\" --type=renderer --string-annotations --disable-gpu-compositing --video-capture-use-gpu-memory-buffer --lang=ru --device-scale-factor=1 --num-raster-threads=2 --enable-main-frame-before-activation --renderer-client-id=13 --time-ticks-at-unix-epoch=-1737720200898601 --launch-time-ticks=1039636197357 --field-trial-handle=6152,i,556895163797335297,12068067783297482692,262144 --variations-seed-version=20250204-185839.162000 --mojo-platform-channel-handle=61", "EventData.ProcessId": "3368", "EventData.ProcessCreateTime": "2025-02-05 12:50:37.097139+00:00", "EventData.ProcessStartKey": "43065671436744430", "EventData.ProcessSignatureLevel": "8", "EventData.ProcessSectionSignatureLevel": "8", "EventData.ProcessProtection": "0", "EventData.TargetThreadId": "5916", "EventData.TargetThreadCreateTime": "2025-02-05 12:50:37.097145+00:00", "EventData.RequiredSignatureLevel": "8", "EventData.SignatureLevel": "0", "EventData.ImageNameLength": "60", "EventData.ImageName": "\\Program Files\\Common Files\\Crypto Pro\\AppCompat\\cpcrypt.dll"}
{"EventID": "12", "Channel": "Microsoft-Windows-Security-Mitigations/KernelMode", "Provider_Name": "Microsoft-Windows-Security-Mitigations", "Computer": "DESKTOP-OFJ6N53", "TimeCreated": "2025-02-05 12:50:38.105221+00:00", "RecordID": "8248", "Level": "3", "UserID": "S-1-5-21-963789628-1060504924-4285088085-1001", "EventData.ProcessPathLength": "74", "EventData.ProcessPath": "\\Device\\HarddiskVolume3\\Program Files\\Google\\Chrome\\Application\\chrome.exe", "EventData.ProcessCommandLineLength": "512", "EventData.ProcessCommandLine": "\"C:\\Program Files\\Google\\Chrome\\Application\\chrome.exe\" --type=renderer --string-annotations --disable-gpu-compositing --video-capture-use-gpu-memory-buffer --lang=ru --device-scale-factor=1 --num-raster-threads=2 --enable-main-frame-before-activation --renderer-client-id=14 --time-ticks-at-unix-epoch=-1737720200898601 --launch-time-ticks=1039636853872 --field-trial-handle=6128,i,556895163797335297,12068067783297482692,262144 --variations-seed-version=20250204-185839.162000 --mojo-platform-channel-handle=52", "EventData.ProcessId": "6724", "EventData.ProcessCreateTime": "2025-02-05 12:50:37.759336+00:00", "EventData.ProcessStartKey": "43065671436744431", "EventData.ProcessSignatureLevel": "8", "EventData.ProcessSectionSignatureLevel": "8", "EventData.ProcessProtection": "0", "EventData.TargetThreadId": "4624", "EventData.TargetThreadCreateTime": "2025-02-05 12:50:37.759342+00:00", "EventData.RequiredSignatureLevel": "8", "EventData.SignatureLevel": "0", "EventData.ImageNameLength": "60", "EventData.ImageName": "\\Program Files\\Common Files\\Crypto Pro\\AppCompat\\cpcrypt.dll"}
