{"EventID": "62443", "Channel": "Microsoft-Windows-Shell-Core/AppDefaults", "Provider_Name": "Microsoft-Windows-Shell-Core", "Computer": "DESKTOP-OFJ6N53", "TimeCreated": "2024-08-28 09:28:25.483231+00:00", "RecordID": "1835", "Level": "4", "UserID": "S-1-5-21-963789628-1060504924-4285088085-1001", "EventData.Info": "File Association hash version is still the same"}
{"EventID": "62443", "Channel": "Microsoft-Windows-Shell-Core/AppDefaults", "Provider_Name": "Microsoft-Windows-Shell-Core", "Computer": "DESKTOP-OFJ6N53", "TimeCreated": "2024-08-28 09:28:25.484177+00:00", "RecordID": "1836", "Level": "4", "UserID": "S-1-5-21-963789628-1060504924-4285088085-1001", "EventData.Info": "AppDefaults-Logon-UserProfileLoaded"}
{"EventID": "62443", "Channel": "Microsoft-Windows-Shell-Core/AppDefaults", "Provider_Name": "Microsoft-Windows-Shell-Core", "Computer": "DESKTOP-OFJ6N53", "TimeCreated": "2024-08-28 09:28:54.377371+00:00", "RecordID": "1837", "Level": "4", "UserID": "S-1-5-21-963789628-1060504924-4285088085-1001", "EventData.Info": "Querying default browser info"}
{"EventID": "62443", "Channel": "Microsoft-Windows-Shell-Core/AppDefaults", "Provider_Name": "Microsoft-Windows-Shell-Core", "Computer": "DESKTOP-OFJ6N53", "TimeCreated": "2024-08-28 09:29:03.525503+00:00", "RecordID": "1838", "Level": "4", "UserID": "S-1-5-21-963789628-1060504924-4285088085-1001", "EventData.Info": "Querying default browser info"}
{"EventID": "62443", "Channel": "Microsoft-Windows-Shell-Core/AppDefaults", "Provider_Name": "Microsoft-Windows-Shell-Core", "Computer": "DESKTOP-OFJ6N53", "TimeCreated": "2024-08-28 09:43:24.266384+00:00", "RecordID": "1839", "Level": "4", "UserID": "S-1-5-21-963789628-1060504924-4285088085-1001", "EventData.Info": "Querying default browser info"}
{"EventID": "62440", "Channel": "Microsoft-Windows-Shell-Core/AppDefaults", "Provider_Name": "Microsoft-Windows-Shell-Core", "Computer": "DESKTOP-OFJ6N53", "TimeCreated": "2024-08-29 00:29:21.877451+00:00", "RecordID": "1840", "Level": "4", "UserID": "S-1-5-18", "EventData.ExtOrUriScheme": ".url", "EventData.ProgId": "IE.AssocFile.URL"}
{"EventID": "62443", "Channel": "Microsoft-Windows-Shell-Core/AppDefaults", "Provider_Name": "Microsoft-Windows-Shell-Core", "Computer": "DESKTOP-OFJ6N53", "TimeCreated": "2024-08-29 00:29:21.877514+00:00", "RecordID": "1841", "Level": "4", "UserID": "S-1-5-18", "EventData.Info": "QueryDefault-Mismatch: Association=.url, ProgId=IE.AssocFile.URL, S=S-1-5-18, T:2022:02:04:24:09:08, RH=3gz22dmDZ9k=, CH=IjkkKOTxZ78="}
{"EventID": "62440", "Channel": "Microsoft-Windows-Shell-Core/AppDefaults", "Provider_Name": "Microsoft-Windows-Shell-Core", "Computer": "DESKTOP-OFJ6N53", "TimeCreated": "2024-08-29 00:29:22.189917+00:00", "RecordID": "1842", "Level": "4", "UserID": "S-1-5-18", "EventData.ExtOrUriScheme": ".html", "EventData.ProgId": "MSEdgeHTM"}
{"EventID": "62443", "Channel": "Microsoft-Windows-Shell-Core/AppDefaults", "Provider_Name": "Microsoft-Windows-Shell-Core", "Computer": "DESKTOP-OFJ6N53", "TimeCreated": "2024-08-29 00:29:22.189939+00:00", "RecordID": "1843", "Level": "4", "UserID": "S-1-5-18", "EventData.Info": "QueryDefault-Mismatch: Association=.html, ProgId=MSEdgeHTM, S=S-1-5-18, T:2022:02:04:24:09:08, RH=9HsWGZun8VE=, CH=GUg/ybGw00o="}
{"EventID": "62440", "Channel": "Microsoft-Windows-Shell-Core/AppDefaults", "Provider_Name": "Microsoft-Windows-Shell-Core", "Computer": "DESKTOP-OFJ6N53", "TimeCreated": "2024-08-30 01:59:10.136133+00:00", "RecordID": "1844", "Level": "4", "UserID": "S-1-5-18", "EventData.ExtOrUriScheme": ".url", "EventData.ProgId": "IE.AssocFile.URL"}
{"EventID": "62443", "Channel": "Microsoft-Windows-Shell-Core/AppDefaults", "Provider_Name": "Microsoft-Windows-Shell-Core", "Computer": "DESKTOP-OFJ6N53", "TimeCreated": "2024-08-30 01:59:10.136171+00:00", "RecordID": "1845", "Level": "4", "UserID": "S-1-5-18", "EventData.Info": "QueryDefault-Mismatch: Association=.url, ProgId=IE.AssocFile.URL, S=S-1-5-18, T:2022:02:04:24:09:08, RH=3gz22dmDZ9k=, CH=IjkkKOTxZ78="}
{"EventID": "62440", "Channel": "Microsoft-Windows-Shell-Core/AppDefaults", "Provider_Name": "Microsoft-Windows-Shell-Core", "Computer": "DESKTOP-OFJ6N53", "TimeCreated": "2024-08-30 01:59:10.325865+00:00", "RecordID": "1846", "Level": "4", "UserID": "S-1-5-18", "EventData.ExtOrUriScheme": ".html", "EventData.ProgId": "MSEdgeHTM"}
{"EventID": "62443", "Channel": "Microsoft-Windows-Shell-Core/AppDefaults", "Provider_Name": "Microsoft-Windows-Shell-Core", "Computer": "DESKTOP-OFJ6N53", "TimeCreated": "2024-08-30 01:59:10.325878+00:00", "RecordID": "1847", "Level": "4", "UserID": "S-1-5-18", "EventData.Info": "QueryDefault-Mismatch: Association=.html, ProgId=MSEdgeHTM, S=S-1-5-18, T:2022:02:04:24:09:08, RH=9HsWGZun8VE=, CH=GUg/ybGw00o="}
{"EventID": "62443", "Channel": "Microsoft-Windows-Shell-Core/AppDefaults", "Provider_Name": "Microsoft-Windows-Shell-Core", "Computer": "DESKTOP-OFJ6N53", "TimeCreated": "2024-08-31 09:28:59.315525+00:00", "RecordID": "1848", "Level": "4", "UserID": "S-1-5-21-963789628-1060504924-4285088085-1001", "EventData.Info": "Querying default browser info"}
{"EventID": "62440", "Channel": "Microsoft-Windows-Shell-Core/AppDefaults", "Provider_Name": "Microsoft-Windows-Shell-Core", "Computer": "DESKTOP-OFJ6N53", "TimeCreated": "2024-09-01 01:29:22.334249+00:00", "RecordID": "1849", "Level": "4", "UserID": "S-1-5-18", "EventData.ExtOrUriScheme": ".url", "EventData.ProgId": "IE.AssocFile.URL"}
{"EventID": "62443", "Channel": "Microsoft-Windows-Shell-Core/AppDefaults", "Provider_Name": "Microsoft-Windows-Shell-Core", "Computer": "DESKTOP-OFJ6N53", "TimeCreated": "2024-09-01 01:29:22.334265+00:00", "RecordID": "1850", "Level": "4", "UserID": "S-1-5-18", "EventData.Info": "QueryDefault-Mismatch: Association=.url, ProgId=IE.AssocFile.URL, S=S-1-5-18, T:2022:02:04:24:09:08, RH=3gz22dmDZ9k=, CH=IjkkKOTxZ78="}
{"EventID": "62440", "Channel": "Microsoft-Windows-Shell-Core/AppDefaults", "Provider_Name": "Microsoft-Windows-Shell-Core", "Computer": "DESKTOP-OFJ6N53", "TimeCreated": "2024-09-01 01:29:22.590666+00:00", "RecordID": "1851", "Level": "4", "UserID": "S-1-5-18", "EventData.ExtOrUriScheme": ".html", "EventData.ProgId": "MSEdgeHTM"}
{"EventID": "62443", "Channel": "Microsoft-Windows-Shell-Core/AppDefaults", "Provider_Name": "Microsoft-Windows-Shell-Core", "Computer": "DESKTOP-OFJ6N53", "TimeCreated": "2024-09-01 01:29:22.590677+00:00", "RecordID": "1852", "Level": "4", "UserID": "S-1-5-18", "EventData.Info": "QueryDefault-Mismatch: Association=.html, ProgId=MSEdgeHTM, S=S-1-5-18, T:2022:02:04:24:09:08, RH=9HsWGZun8VE=, CH=GUg/ybGw00o="}
{"EventID": "62440", "Channel": "Microsoft-Windows-Shell-Core/AppDefaults", "Provider_Name": "Microsoft-Windows-Shell-Core", "Computer": "DESKTOP-OFJ6N53", "TimeCreated": "2024-09-01 01:29:58.658997+00:00", "RecordID": "1853", "Level": "4", "UserID": "S-1-5-18", "EventData.ExtOrUriScheme": ".html", "EventData.ProgId": "MSEdgeHTM"}
{"EventID": "62443", "Channel": "Microsoft-Windows-Shell-Core/AppDefaults", "Provider_Name": "Microsoft-Windows-Shell-Core", "Computer": "DESKTOP-OFJ6N53", "TimeCreated": "2024-09-01 01:29:58.659012+00:00", "RecordID": "1854", "Level": "4", "UserID": "S-1-5-18", "EventData.Info": "QueryDefault-Mismatch: Association=.html, ProgId=MSEdgeHTM, S=S-1-5-18, T:2022:02:04:24:09:08, RH=9HsWGZun8VE=, CH=GUg/ybGw00o="}
{"EventID": "62440", "Channel": "Microsoft-Windows-Shell-Core/AppDefaults", "Provider_Name": "Microsoft-Windows-Shell-Core", "Computer": "DESKTOP-OFJ6N53", "TimeCreated": "2024-09-01 01:29:58.669100+00:00", "RecordID": "1855", "Level": "4", "UserID": "S-1-5-18", "EventData.ExtOrUriScheme": ".url", "EventData.ProgId": "IE.AssocFile.URL"}
{"EventID": "62443", "Channel": "Microsoft-Windows-Shell-Core/AppDefaults", "Provider_Name": "Microsoft-Windows-Shell-Core", "Computer": "DESKTOP-OFJ6N53", "TimeCreated": "2024-09-01 01:29:58.669147+00:00", "RecordID": "1856", "Level": "4", "UserID": "S-1-5-18", "EventData.Info": "QueryDefault-Mismatch: Association=.url, ProgId=IE.AssocFile.URL, S=S-1-5-18, T:2022:02:04:24:09:08, RH=3gz22dmDZ9k=, CH=IjkkKOTxZ78="}
{"EventID": "62440", "Channel": "Microsoft-Windows-Shell-Core/AppDefaults", "Provider_Name": "Microsoft-Windows-Shell-Core", "Computer": "DESKTOP-OFJ6N53", "TimeCreated": "2024-09-02 01:42:55.107933+00:00", "RecordID": "1857", "Level": "4", "UserID": "S-1-5-18", "EventData.ExtOrUriScheme": ".url", "EventData.ProgId": "IE.AssocFile.URL"}
{"EventID": "62443", "Channel": "Microsoft-Windows-Shell-Core/AppDefaults", "Provider_Name": "Microsoft-Windows-Shell-Core", "Computer": "DESKTOP-OFJ6N53", "TimeCreated": "2024-09-02 01:42:55.107965+00:00", "RecordID": "1858", "Level": "4", "UserID": "S-1-5-18", "EventData.Info": "QueryDefault-Mismatch: Association=.url, ProgId=IE.AssocFile.URL, S=S-1-5-18, T:2022:02:04:24:09:08, RH=3gz22dmDZ9k=, CH=IjkkKOTxZ78="}
{"EventID": "62440", "Channel": "Microsoft-Windows-Shell-Core/AppDefaults", "Provider_Name": "Microsoft-Windows-Shell-Core", "Computer": "DESKTOP-OFJ6N53", "TimeCreated": "2024-09-02 01:42:55.403467+00:00", "RecordID": "1859", "Level": "4", "UserID": "S-1-5-18", "EventData.ExtOrUriScheme": ".html", "EventData.ProgId": "MSEdgeHTM"}
{"EventID": "62443", "Channel": "Microsoft-Windows-Shell-Core/AppDefaults", "Provider_Name": "Microsoft-Windows-Shell-Core", "Computer": "DESKTOP-OFJ6N53", "TimeCreated": "2024-09-02 01:42:55.403479+00:00", "RecordID": "1860", "Level": "4", "UserID": "S-1-5-18", "EventData.Info": "QueryDefault-Mismatch: Association=.html, ProgId=MSEdgeHTM, S=S-1-5-18, T:2022:02:04:24:09:08, RH=9HsWGZun8VE=, CH=GUg/ybGw00o="}
{"EventID": "62440", "Channel": "Microsoft-Windows-Shell-Core/AppDefaults", "Provider_Name": "Microsoft-Windows-Shell-Core", "Computer": "DESKTOP-OFJ6N53", "TimeCreated": "2024-09-04 00:54:30.705969+00:00", "RecordID": "1861", "Level": "4", "UserID": "S-1-5-18", "EventData.ExtOrUriScheme": ".url", "EventData.ProgId": "IE.AssocFile.URL"}
{"EventID": "62443", "Channel": "Microsoft-Windows-Shell-Core/AppDefaults", "Provider_Name": "Microsoft-Windows-Shell-Core", "Computer": "DESKTOP-OFJ6N53", "TimeCreated": "2024-09-04 00:54:30.705984+00:00", "RecordID": "1862", "Level": "4", "UserID": "S-1-5-18", "EventData.Info": "QueryDefault-Mismatch: Association=.url, ProgId=IE.AssocFile.URL, S=S-1-5-18, T:2022:02:04:24:09:08, RH=3gz22dmDZ9k=, CH=IjkkKOTxZ78="}
{"EventID": "62440", "Channel": "Microsoft-Windows-Shell-Core/AppDefaults", "Provider_Name": "Microsoft-Windows-Shell-Core", "Computer": "DESKTOP-OFJ6N53", "TimeCreated": "2024-09-04 00:54:30.935574+00:00", "RecordID": "1863", "Level": "4", "UserID": "S-1-5-18", "EventData.ExtOrUriScheme": ".html", "EventData.ProgId": "MSEdgeHTM"}
{"EventID": "62443", "Channel": "Microsoft-Windows-Shell-Core/AppDefaults", "Provider_Name": "Microsoft-Windows-Shell-Core", "Computer": "DESKTOP-OFJ6N53", "TimeCreated": "2024-09-04 00:54:30.935581+00:00", "RecordID": "1864", "Level": "4", "UserID": "S-1-5-18", "EventData.Info": "QueryDefault-Mismatch: Association=.html, ProgId=MSEdgeHTM, S=S-1-5-18, T:2022:02:04:24:09:08, RH=9HsWGZun8VE=, CH=GUg/ybGw00o="}
{"EventID": "62440", "Channel": "Microsoft-Windows-Shell-Core/AppDefaults", "Provider_Name": "Microsoft-Windows-Shell-Core", "Computer": "DESKTOP-OFJ6N53", "TimeCreated": "2024-09-06 01:06:23.765015+00:00", "RecordID": "1865", "Level": "4", "UserID": "S-1-5-18", "EventData.ExtOrUriScheme": ".url", "EventData.ProgId": "IE.AssocFile.URL"}
{"EventID": "62443", "Channel": "Microsoft-Windows-Shell-Core/AppDefaults", "Provider_Name": "Microsoft-Windows-Shell-Core", "Computer": "DESKTOP-OFJ6N53", "TimeCreated": "2024-09-06 01:06:23.765068+00:00", "RecordID": "1866", "Level": "4", "UserID": "S-1-5-18", "EventData.Info": "QueryDefault-Mismatch: Association=.url, ProgId=IE.AssocFile.URL, S=S-1-5-18, T:2022:02:04:24:09:08, RH=3gz22dmDZ9k=, CH=IjkkKOTxZ78="}
{"EventID": "62440", "Channel": "Microsoft-Windows-Shell-Core/AppDefaults", "Provider_Name": "Microsoft-Windows-Shell-Core", "Computer": "DESKTOP-OFJ6N53", "TimeCreated": "2024-09-06 01:06:24.000225+00:00", "RecordID": "1867", "Level": "4", "UserID": "S-1-5-18", "EventData.ExtOrUriScheme": ".html", "EventData.ProgId": "MSEdgeHTM"}
{"EventID": "62443", "Channel": "Microsoft-Windows-Shell-Core/AppDefaults", "Provider_Name": "Microsoft-Windows-Shell-Core", "Computer": "DESKTOP-OFJ6N53", "TimeCreated": "2024-09-06 01:06:24.000235+00:00", "RecordID": "1868", "Level": "4", "UserID": "S-1-5-18", "EventData.Info": "QueryDefault-Mismatch: Association=.html, ProgId=MSEdgeHTM, S=S-1-5-18, T:2022:02:04:24:09:08, RH=9HsWGZun8VE=, CH=GUg/ybGw00o="}
{"EventID": "62443", "Channel": "Microsoft-Windows-Shell-Core/AppDefaults", "Provider_Name": "Microsoft-Windows-Shell-Core", "Computer": "DESKTOP-OFJ6N53", "TimeCreated": "2024-09-06 13:40:20.499632+00:00", "RecordID": "1869", "Level": "4", "UserID": "S-1-5-21-963789628-1060504924-4285088085-1001", "EventData.Info": "File Association hash version is still the same"}
{"EventID": "62443", "Channel": "Microsoft-Windows-Shell-Core/AppDefaults", "Provider_Name": "Microsoft-Windows-Shell-Core", "Computer": "DESKTOP-OFJ6N53", "TimeCreated": "2024-09-06 13:40:20.500914+00:00", "RecordID": "1870", "Level": "4", "UserID": "S-1-5-21-963789628-1060504924-4285088085-1001", "EventData.Info": "AppDefaults-Logon-UserProfileLoaded"}
{"EventID": "62443", "Channel": "Microsoft-Windows-Shell-Core/AppDefaults", "Provider_Name": "Microsoft-Windows-Shell-Core", "Computer": "DESKTOP-OFJ6N53", "TimeCreated": "2024-09-06 13:40:46.744719+00:00", "RecordID": "1871", "Level": "4", "UserID": "S-1-5-21-963789628-1060504924-4285088085-1001", "EventData.Info": "Querying default browser info"}
{"EventID": "62443", "Channel": "Microsoft-Windows-Shell-Core/AppDefaults", "Provider_Name": "Microsoft-Windows-Shell-Core", "Computer": "DESKTOP-OFJ6N53", "TimeCreated": "2024-09-06 13:55:17.971684+00:00", "RecordID": "1872", "Level": "4", "UserID": "S-1-5-21-963789628-1060504924-4285088085-1001", "EventData.Info": "Querying default browser info"}
{"EventID": "62440", "Channel": "Microsoft-Windows-Shell-Core/AppDefaults", "Provider_Name": "Microsoft-Windows-Shell-Core", "Computer": "DESKTOP-OFJ6N53", "TimeCreated": "2024-09-07 01:16:46.033937+00:00", "RecordID": "1873", "Level": "4", "UserID": "S-1-5-18", "EventData.ExtOrUriScheme": ".url", "EventData.ProgId": "IE.AssocFile.URL"}
{"EventID": "62443", "Channel": "Microsoft-Windows-Shell-Core/AppDefaults", "Provider_Name": "Microsoft-Windows-Shell-Core", "Computer": "DESKTOP-OFJ6N53", "TimeCreated": "2024-09-07 01:16:46.033955+00:00", "RecordID": "1874", "Level": "4", "UserID": "S-1-5-18", "EventData.Info": "QueryDefault-Mismatch: Association=.url, ProgId=IE.AssocFile.URL, S=S-1-5-18, T:2022:02:04:24:09:08, RH=3gz22dmDZ9k=, CH=IjkkKOTxZ78="}
{"EventID": "62440", "Channel": "Microsoft-Windows-Shell-Core/AppDefaults", "Provider_Name": "Microsoft-Windows-Shell-Core", "Computer": "DESKTOP-OFJ6N53", "TimeCreated": "2024-09-07 01:16:46.253975+00:00", "RecordID": "1875", "Level": "4", "UserID": "S-1-5-18", "EventData.ExtOrUriScheme": ".html", "EventData.ProgId": "MSEdgeHTM"}
{"EventID": "62443", "Channel": "Microsoft-Windows-Shell-Core/AppDefaults", "Provider_Name": "Microsoft-Windows-Shell-Core", "Computer": "DESKTOP-OFJ6N53", "TimeCreated": "2024-09-07 01:16:46.253988+00:00", "RecordID": "1876", "Level": "4", "UserID": "S-1-5-18", "EventData.Info": "QueryDefault-Mismatch: Association=.html, ProgId=MSEdgeHTM, S=S-1-5-18, T:2022:02:04:24:09:08, RH=9HsWGZun8VE=, CH=GUg/ybGw00o="}
{"EventID": "62440", "Channel": "Microsoft-Windows-Shell-Core/AppDefaults", "Provider_Name": "Microsoft-Windows-Shell-Core", "Computer": "DESKTOP-OFJ6N53", "TimeCreated": "2024-09-09 01:41:15.599581+00:00", "RecordID": "1877", "Level": "4", "UserID": "S-1-5-18", "EventData.ExtOrUriScheme": ".url", "EventData.ProgId": "IE.AssocFile.URL"}
{"EventID": "62443", "Channel": "Microsoft-Windows-Shell-Core/AppDefaults", "Provider_Name": "Microsoft-Windows-Shell-Core", "Computer": "DESKTOP-OFJ6N53", "TimeCreated": "2024-09-09 01:41:15.600264+00:00", "RecordID": "1878", "Level": "4", "UserID": "S-1-5-18", "EventData.Info": "QueryDefault-Mismatch: Association=.url, ProgId=IE.AssocFile.URL, S=S-1-5-18, T:2022:02:04:24:09:08, RH=3gz22dmDZ9k=, CH=IjkkKOTxZ78="}
{"EventID": "62440", "Channel": "Microsoft-Windows-Shell-Core/AppDefaults", "Provider_Name": "Microsoft-Windows-Shell-Core", "Computer": "DESKTOP-OFJ6N53", "TimeCreated": "2024-09-09 01:41:15.776396+00:00", "RecordID": "1879", "Level": "4", "UserID": "S-1-5-18", "EventData.ExtOrUriScheme": ".html", "EventData.ProgId": "MSEdgeHTM"}
{"EventID": "62443", "Channel": "Microsoft-Windows-Shell-Core/AppDefaults", "Provider_Name": "Microsoft-Windows-Shell-Core", "Computer": "DESKTOP-OFJ6N53", "TimeCreated": "2024-09-09 01:41:15.776409+00:00", "RecordID": "1880", "Level": "4", "UserID": "S-1-5-18", "EventData.Info": "QueryDefault-Mismatch: Association=.html, ProgId=MSEdgeHTM, S=S-1-5-18, T:2022:02:04:24:09:08, RH=9HsWGZun8VE=, CH=GUg/ybGw00o="}
{"EventID": "62440", "Channel": "Microsoft-Windows-Shell-Core/AppDefaults", "Provider_Name": "Microsoft-Windows-Shell-Core", "Computer": "DESKTOP-OFJ6N53", "TimeCreated": "2024-09-09 01:41:55.734888+00:00", "RecordID": "1881", "Level": "4", "UserID": "S-1-5-18", "EventData.ExtOrUriScheme": ".html", "EventData.ProgId": "MSEdgeHTM"}
{"EventID": "62443", "Channel": "Microsoft-Windows-Shell-Core/AppDefaults", "Provider_Name": "Microsoft-Windows-Shell-Core", "Computer": "DESKTOP-OFJ6N53", "TimeCreated": "2024-09-09 01:41:55.735468+00:00", "RecordID": "1882", "Level": "4", "UserID": "S-1-5-18", "EventData.Info": "QueryDefault-Mismatch: Association=.html, ProgId=MSEdgeHTM, S=S-1-5-18, T:2022:02:04:24:09:08, RH=9HsWGZun8VE=, CH=GUg/ybGw00o="}
{"EventID": "62440", "Channel": "Microsoft-Windows-Shell-Core/AppDefaults", "Provider_Name": "Microsoft-Windows-Shell-Core", "Computer": "DESKTOP-OFJ6N53", "TimeCreated": "2024-09-09 01:41:55.750759+00:00", "RecordID": "1883", "Level": "4", "UserID": "S-1-5-18", "EventData.ExtOrUriScheme": ".url", "EventData.ProgId": "IE.AssocFile.URL"}
{"EventID": "62443", "Channel": "Microsoft-Windows-Shell-Core/AppDefaults", "Provider_Name": "Microsoft-Windows-Shell-Core", "Computer": "DESKTOP-OFJ6N53", "TimeCreated": "2024-09-09 01:41:55.750769+00:00", "RecordID": "1884", "Level": "4", "UserID": "S-1-5-18", "EventData.Info": "QueryDefault-Mismatch: Association=.url, ProgId=IE.AssocFile.URL, S=S-1-5-18, T:2022:02:04:24:09:08, RH=3gz22dmDZ9k=, CH=IjkkKOTxZ78="}
{"EventID": "62440", "Channel": "Microsoft-Windows-Shell-Core/AppDefaults", "Provider_Name": "Microsoft-Windows-Shell-Core", "Computer": "DESKTOP-OFJ6N53", "TimeCreated": "2024-09-11 00:30:41.625622+00:00", "RecordID": "1885", "Level": "4", "UserID": "S-1-5-18", "EventData.ExtOrUriScheme": ".url", "EventData.ProgId": "IE.AssocFile.URL"}
{"EventID": "62443", "Channel": "Microsoft-Windows-Shell-Core/AppDefaults", "Provider_Name": "Microsoft-Windows-Shell-Core", "Computer": "DESKTOP-OFJ6N53", "TimeCreated": "2024-09-11 00:30:41.627663+00:00", "RecordID": "1886", "Level": "4", "UserID": "S-1-5-18", "EventData.Info": "QueryDefault-Mismatch: Association=.url, ProgId=IE.AssocFile.URL, S=S-1-5-18, T:2022:02:04:24:09:08, RH=3gz22dmDZ9k=, CH=IjkkKOTxZ78="}
{"EventID": "62440", "Channel": "Microsoft-Windows-Shell-Core/AppDefaults", "Provider_Name": "Microsoft-Windows-Shell-Core", "Computer": "DESKTOP-OFJ6N53", "TimeCreated": "2024-09-11 00:30:41.853376+00:00", "RecordID": "1887", "Level": "4", "UserID": "S-1-5-18", "EventData.ExtOrUriScheme": ".html", "EventData.ProgId": "MSEdgeHTM"}
{"EventID": "62443", "Channel": "Microsoft-Windows-Shell-Core/AppDefaults", "Provider_Name": "Microsoft-Windows-Shell-Core", "Computer": "DESKTOP-OFJ6N53", "TimeCreated": "2024-09-11 00:30:41.853394+00:00", "RecordID": "1888", "Level": "4", "UserID": "S-1-5-18", "EventData.Info": "QueryDefault-Mismatch: Association=.html, ProgId=MSEdgeHTM, S=S-1-5-18, T:2022:02:04:24:09:08, RH=9HsWGZun8VE=, CH=GUg/ybGw00o="}
{"EventID": "62443", "Channel": "Microsoft-Windows-Shell-Core/AppDefaults", "Provider_Name": "Microsoft-Windows-Shell-Core", "Computer": "DESKTOP-OFJ6N53", "TimeCreated": "2024-09-11 14:52:01.015947+00:00", "RecordID": "1889", "Level": "4", "UserID": "S-1-5-21-963789628-1060504924-4285088085-1001", "EventData.Info": "File Association hash version is still the same"}
{"EventID": "62443", "Channel": "Microsoft-Windows-Shell-Core/AppDefaults", "Provider_Name": "Microsoft-Windows-Shell-Core", "Computer": "DESKTOP-OFJ6N53", "TimeCreated": "2024-09-11 14:52:01.018095+00:00", "RecordID": "1890", "Level": "4", "UserID": "S-1-5-21-963789628-1060504924-4285088085-1001", "EventData.Info": "AppDefaults-Logon-UserProfileLoaded"}
{"EventID": "62443", "Channel": "Microsoft-Windows-Shell-Core/AppDefaults", "Provider_Name": "Microsoft-Windows-Shell-Core", "Computer": "DESKTOP-OFJ6N53", "TimeCreated": "2024-09-11 14:53:27.477880+00:00", "RecordID": "1891", "Level": "4", "UserID": "S-1-5-21-963789628-1060504924-4285088085-1001", "EventData.Info": "Querying default browser info"}
{"EventID": "62443", "Channel": "Microsoft-Windows-Shell-Core/AppDefaults", "Provider_Name": "Microsoft-Windows-Shell-Core", "Computer": "DESKTOP-OFJ6N53", "TimeCreated": "2024-09-11 15:06:59.432631+00:00", "RecordID": "1892", "Level": "4", "UserID": "S-1-5-21-963789628-1060504924-4285088085-1001", "EventData.Info": "Querying default browser info"}
{"EventID": "62440", "Channel": "Microsoft-Windows-Shell-Core/AppDefaults", "Provider_Name": "Microsoft-Windows-Shell-Core", "Computer": "DESKTOP-OFJ6N53", "TimeCreated": "2024-09-12 01:48:24.770424+00:00", "RecordID": "1893", "Level": "4", "UserID": "S-1-5-18", "EventData.ExtOrUriScheme": ".url", "EventData.ProgId": "IE.AssocFile.URL"}
{"EventID": "62443", "Channel": "Microsoft-Windows-Shell-Core/AppDefaults", "Provider_Name": "Microsoft-Windows-Shell-Core", "Computer": "DESKTOP-OFJ6N53", "TimeCreated": "2024-09-12 01:48:24.770485+00:00", "RecordID": "1894", "Level": "4", "UserID": "S-1-5-18", "EventData.Info": "QueryDefault-Mismatch: Association=.url, ProgId=IE.AssocFile.URL, S=S-1-5-18, T:2022:02:04:24:09:08, RH=3gz22dmDZ9k=, CH=IjkkKOTxZ78="}
{"EventID": "62440", "Channel": "Microsoft-Windows-Shell-Core/AppDefaults", "Provider_Name": "Microsoft-Windows-Shell-Core", "Computer": "DESKTOP-OFJ6N53", "TimeCreated": "2024-09-12 01:48:25.042830+00:00", "RecordID": "1895", "Level": "4", "UserID": "S-1-5-18", "EventData.ExtOrUriScheme": ".html", "EventData.ProgId": "MSEdgeHTM"}
{"EventID": "62443", "Channel": "Microsoft-Windows-Shell-Core/AppDefaults", "Provider_Name": "Microsoft-Windows-Shell-Core", "Computer": "DESKTOP-OFJ6N53", "TimeCreated": "2024-09-12 01:48:25.042839+00:00", "RecordID": "1896", "Level": "4", "UserID": "S-1-5-18", "EventData.Info": "QueryDefault-Mismatch: Association=.html, ProgId=MSEdgeHTM, S=S-1-5-18, T:2022:02:04:24:09:08, RH=9HsWGZun8VE=, CH=GUg/ybGw00o="}
{"EventID": "62440", "Channel": "Microsoft-Windows-Shell-Core/AppDefaults", "Provider_Name": "Microsoft-Windows-Shell-Core", "Computer": "DESKTOP-OFJ6N53", "TimeCreated": "2024-09-14 01:05:52.734457+00:00", "RecordID": "1897", "Level": "4", "UserID": "S-1-5-18", "EventData.ExtOrUriScheme": ".url", "EventData.ProgId": "IE.AssocFile.URL"}
{"EventID": "62443", "Channel": "Microsoft-Windows-Shell-Core/AppDefaults", "Provider_Name": "Microsoft-Windows-Shell-Core", "Computer": "DESKTOP-OFJ6N53", "TimeCreated": "2024-09-14 01:05:52.734482+00:00", "RecordID": "1898", "Level": "4", "UserID": "S-1-5-18", "EventData.Info": "QueryDefault-Mismatch: Association=.url, ProgId=IE.AssocFile.URL, S=S-1-5-18, T:2022:02:04:24:09:08, RH=3gz22dmDZ9k=, CH=IjkkKOTxZ78="}
{"EventID": "62440", "Channel": "Microsoft-Windows-Shell-Core/AppDefaults", "Provider_Name": "Microsoft-Windows-Shell-Core", "Computer": "DESKTOP-OFJ6N53", "TimeCreated": "2024-09-14 01:05:53.008039+00:00", "RecordID": "1899", "Level": "4", "UserID": "S-1-5-18", "EventData.ExtOrUriScheme": ".html", "EventData.ProgId": "MSEdgeHTM"}
{"EventID": "62443", "Channel": "Microsoft-Windows-Shell-Core/AppDefaults", "Provider_Name": "Microsoft-Windows-Shell-Core", "Computer": "DESKTOP-OFJ6N53", "TimeCreated": "2024-09-14 01:05:53.008097+00:00", "RecordID": "1900", "Level": "4", "UserID": "S-1-5-18", "EventData.Info": "QueryDefault-Mismatch: Association=.html, ProgId=MSEdgeHTM, S=S-1-5-18, T:2022:02:04:24:09:08, RH=9HsWGZun8VE=, CH=GUg/ybGw00o="}
{"EventID": "62440", "Channel": "Microsoft-Windows-Shell-Core/AppDefaults", "Provider_Name": "Microsoft-Windows-Shell-Core", "Computer": "DESKTOP-OFJ6N53", "TimeCreated": "2024-09-15 01:38:40.175966+00:00", "RecordID": "1901", "Level": "4", "UserID": "S-1-5-18", "EventData.ExtOrUriScheme": ".url", "EventData.ProgId": "IE.AssocFile.URL"}
{"EventID": "62443", "Channel": "Microsoft-Windows-Shell-Core/AppDefaults", "Provider_Name": "Microsoft-Windows-Shell-Core", "Computer": "DESKTOP-OFJ6N53", "TimeCreated": "2024-09-15 01:38:40.175999+00:00", "RecordID": "1902", "Level": "4", "UserID": "S-1-5-18", "EventData.Info": "QueryDefault-Mismatch: Association=.url, ProgId=IE.AssocFile.URL, S=S-1-5-18, T:2022:02:04:24:09:08, RH=3gz22dmDZ9k=, CH=IjkkKOTxZ78="}
{"EventID": "62440", "Channel": "Microsoft-Windows-Shell-Core/AppDefaults", "Provider_Name": "Microsoft-Windows-Shell-Core", "Computer": "DESKTOP-OFJ6N53", "TimeCreated": "2024-09-15 01:38:40.423290+00:00", "RecordID": "1903", "Level": "4", "UserID": "S-1-5-18", "EventData.ExtOrUriScheme": ".html", "EventData.ProgId": "MSEdgeHTM"}
{"EventID": "62443", "Channel": "Microsoft-Windows-Shell-Core/AppDefaults", "Provider_Name": "Microsoft-Windows-Shell-Core", "Computer": "DESKTOP-OFJ6N53", "TimeCreated": "2024-09-15 01:38:40.423304+00:00", "RecordID": "1904", "Level": "4", "UserID": "S-1-5-18", "EventData.Info": "QueryDefault-Mismatch: Association=.html, ProgId=MSEdgeHTM, S=S-1-5-18, T:2022:02:04:24:09:08, RH=9HsWGZun8VE=, CH=GUg/ybGw00o="}
{"EventID": "62440", "Channel": "Microsoft-Windows-Shell-Core/AppDefaults", "Provider_Name": "Microsoft-Windows-Shell-Core", "Computer": "DESKTOP-OFJ6N53", "TimeCreated": "2024-09-16 01:51:03.670843+00:00", "RecordID": "1905", "Level": "4", "UserID": "S-1-5-18", "EventData.ExtOrUriScheme": ".url", "EventData.ProgId": "IE.AssocFile.URL"}
{"EventID": "62443", "Channel": "Microsoft-Windows-Shell-Core/AppDefaults", "Provider_Name": "Microsoft-Windows-Shell-Core", "Computer": "DESKTOP-OFJ6N53", "TimeCreated": "2024-09-16 01:51:03.670866+00:00", "RecordID": "1906", "Level": "4", "UserID": "S-1-5-18", "EventData.Info": "QueryDefault-Mismatch: Association=.url, ProgId=IE.AssocFile.URL, S=S-1-5-18, T:2022:02:04:24:09:08, RH=3gz22dmDZ9k=, CH=IjkkKOTxZ78="}
{"EventID": "62440", "Channel": "Microsoft-Windows-Shell-Core/AppDefaults", "Provider_Name": "Microsoft-Windows-Shell-Core", "Computer": "DESKTOP-OFJ6N53", "TimeCreated": "2024-09-16 01:51:04.008297+00:00", "RecordID": "1907", "Level": "4", "UserID": "S-1-5-18", "EventData.ExtOrUriScheme": ".html", "EventData.ProgId": "MSEdgeHTM"}
{"EventID": "62443", "Channel": "Microsoft-Windows-Shell-Core/AppDefaults", "Provider_Name": "Microsoft-Windows-Shell-Core", "Computer": "DESKTOP-OFJ6N53", "TimeCreated": "2024-09-16 01:51:04.008312+00:00", "RecordID": "1908", "Level": "4", "UserID": "S-1-5-18", "EventData.Info": "QueryDefault-Mismatch: Association=.html, ProgId=MSEdgeHTM, S=S-1-5-18, T:2022:02:04:24:09:08, RH=9HsWGZun8VE=, CH=GUg/ybGw00o="}
{"EventID": "62440", "Channel": "Microsoft-Windows-Shell-Core/AppDefaults", "Provider_Name": "Microsoft-Windows-Shell-Core", "Computer": "DESKTOP-OFJ6N53", "TimeCreated": "2024-09-16 01:51:42.150837+00:00", "RecordID": "1909", "Level": "4", "UserID": "S-1-5-18", "EventData.ExtOrUriScheme": ".html", "EventData.ProgId": "MSEdgeHTM"}
{"EventID": "62443", "Channel": "Microsoft-Windows-Shell-Core/AppDefaults", "Provider_Name": "Microsoft-Windows-Shell-Core", "Computer": "DESKTOP-OFJ6N53", "TimeCreated": "2024-09-16 01:51:42.150850+00:00", "RecordID": "1910", "Level": "4", "UserID": "S-1-5-18", "EventData.Info": "QueryDefault-Mismatch: Association=.html, ProgId=MSEdgeHTM, S=S-1-5-18, T:2022:02:04:24:09:08, RH=9HsWGZun8VE=, CH=GUg/ybGw00o="}
{"EventID": "62440", "Channel": "Microsoft-Windows-Shell-Core/AppDefaults", "Provider_Name": "Microsoft-Windows-Shell-Core", "Computer": "DESKTOP-OFJ6N53", "TimeCreated": "2024-09-16 01:51:42.160057+00:00", "RecordID": "1911", "Level": "4", "UserID": "S-1-5-18", "EventData.ExtOrUriScheme": ".url", "EventData.ProgId": "IE.AssocFile.URL"}
{"EventID": "62443", "Channel": "Microsoft-Windows-Shell-Core/AppDefaults", "Provider_Name": "Microsoft-Windows-Shell-Core", "Computer": "DESKTOP-OFJ6N53", "TimeCreated": "2024-09-16 01:51:42.160065+00:00", "RecordID": "1912", "Level": "4", "UserID": "S-1-5-18", "EventData.Info": "QueryDefault-Mismatch: Association=.url, ProgId=IE.AssocFile.URL, S=S-1-5-18, T:2022:02:04:24:09:08, RH=3gz22dmDZ9k=, CH=IjkkKOTxZ78="}
{"EventID": "62440", "Channel": "Microsoft-Windows-Shell-Core/AppDefaults", "Provider_Name": "Microsoft-Windows-Shell-Core", "Computer": "DESKTOP-OFJ6N53", "TimeCreated": "2024-09-18 01:30:51.785810+00:00", "RecordID": "1913", "Level": "4", "UserID": "S-1-5-18", "EventData.ExtOrUriScheme": ".url", "EventData.ProgId": "IE.AssocFile.URL"}
{"EventID": "62443", "Channel": "Microsoft-Windows-Shell-Core/AppDefaults", "Provider_Name": "Microsoft-Windows-Shell-Core", "Computer": "DESKTOP-OFJ6N53", "TimeCreated": "2024-09-18 01:30:51.785843+00:00", "RecordID": "1914", "Level": "4", "UserID": "S-1-5-18", "EventData.Info": "QueryDefault-Mismatch: Association=.url, ProgId=IE.AssocFile.URL, S=S-1-5-18, T:2022:02:04:24:09:08, RH=3gz22dmDZ9k=, CH=IjkkKOTxZ78="}
{"EventID": "62440", "Channel": "Microsoft-Windows-Shell-Core/AppDefaults", "Provider_Name": "Microsoft-Windows-Shell-Core", "Computer": "DESKTOP-OFJ6N53", "TimeCreated": "2024-09-18 01:30:52.078461+00:00", "RecordID": "1915", "Level": "4", "UserID": "S-1-5-18", "EventData.ExtOrUriScheme": ".html", "EventData.ProgId": "MSEdgeHTM"}
{"EventID": "62443", "Channel": "Microsoft-Windows-Shell-Core/AppDefaults", "Provider_Name": "Microsoft-Windows-Shell-Core", "Computer": "DESKTOP-OFJ6N53", "TimeCreated": "2024-09-18 01:30:52.078470+00:00", "RecordID": "1916", "Level": "4", "UserID": "S-1-5-18", "EventData.Info": "QueryDefault-Mismatch: Association=.html, ProgId=MSEdgeHTM, S=S-1-5-18, T:2022:02:04:24:09:08, RH=9HsWGZun8VE=, CH=GUg/ybGw00o="}
{"EventID": "62443", "Channel": "Microsoft-Windows-Shell-Core/AppDefaults", "Provider_Name": "Microsoft-Windows-Shell-Core", "Computer": "DESKTOP-OFJ6N53", "TimeCreated": "2024-09-19 17:25:33.910934+00:00", "RecordID": "1917", "Level": "4", "UserID": "S-1-5-21-963789628-1060504924-4285088085-1001", "EventData.Info": "File Association hash version is still the same"}
{"EventID": "62443", "Channel": "Microsoft-Windows-Shell-Core/AppDefaults", "Provider_Name": "Microsoft-Windows-Shell-Core", "Computer": "DESKTOP-OFJ6N53", "TimeCreated": "2024-09-19 17:25:33.912300+00:00", "RecordID": "1918", "Level": "4", "UserID": "S-1-5-21-963789628-1060504924-4285088085-1001", "EventData.Info": "AppDefaults-Logon-UserProfileLoaded"}
{"EventID": "62443", "Channel": "Microsoft-Windows-Shell-Core/AppDefaults", "Provider_Name": "Microsoft-Windows-Shell-Core", "Computer": "DESKTOP-OFJ6N53", "TimeCreated": "2024-09-19 17:25:55.042913+00:00", "RecordID": "1919", "Level": "4", "UserID": "S-1-5-21-963789628-1060504924-4285088085-1001", "EventData.Info": "Querying default browser info"}
{"EventID": "62443", "Channel": "Microsoft-Windows-Shell-Core/AppDefaults", "Provider_Name": "Microsoft-Windows-Shell-Core", "Computer": "DESKTOP-OFJ6N53", "TimeCreated": "2024-09-19 17:40:33.069729+00:00", "RecordID": "1920", "Level": "4", "UserID": "S-1-5-21-963789628-1060504924-4285088085-1001", "EventData.Info": "Querying default browser info"}
{"EventID": "62440", "Channel": "Microsoft-Windows-Shell-Core/AppDefaults", "Provider_Name": "Microsoft-Windows-Shell-Core", "Computer": "DESKTOP-OFJ6N53", "TimeCreated": "2024-09-20 01:22:11.094685+00:00", "RecordID": "1921", "Level": "4", "UserID": "S-1-5-18", "EventData.ExtOrUriScheme": ".url", "EventData.ProgId": "IE.AssocFile.URL"}
{"EventID": "62443", "Channel": "Microsoft-Windows-Shell-Core/AppDefaults", "Provider_Name": "Microsoft-Windows-Shell-Core", "Computer": "DESKTOP-OFJ6N53", "TimeCreated": "2024-09-20 01:22:11.094709+00:00", "RecordID": "1922", "Level": "4", "UserID": "S-1-5-18", "EventData.Info": "QueryDefault-Mismatch: Association=.url, ProgId=IE.AssocFile.URL, S=S-1-5-18, T:2022:02:04:24:09:08, RH=3gz22dmDZ9k=, CH=IjkkKOTxZ78="}
{"EventID": "62440", "Channel": "Microsoft-Windows-Shell-Core/AppDefaults", "Provider_Name": "Microsoft-Windows-Shell-Core", "Computer": "DESKTOP-OFJ6N53", "TimeCreated": "2024-09-20 01:22:11.364483+00:00", "RecordID": "1923", "Level": "4", "UserID": "S-1-5-18", "EventData.ExtOrUriScheme": ".html", "EventData.ProgId": "MSEdgeHTM"}
{"EventID": "62443", "Channel": "Microsoft-Windows-Shell-Core/AppDefaults", "Provider_Name": "Microsoft-Windows-Shell-Core", "Computer": "DESKTOP-OFJ6N53", "TimeCreated": "2024-09-20 01:22:11.364496+00:00", "RecordID": "1924", "Level": "4", "UserID": "S-1-5-18", "EventData.Info": "QueryDefault-Mismatch: Association=.html, ProgId=MSEdgeHTM, S=S-1-5-18, T:2022:02:04:24:09:08, RH=9HsWGZun8VE=, CH=GUg/ybGw00o="}
{"EventID": "62440", "Channel": "Microsoft-Windows-Shell-Core/AppDefaults", "Provider_Name": "Microsoft-Windows-Shell-Core", "Computer": "DESKTOP-OFJ6N53", "TimeCreated": "2024-09-22 00:29:44.109694+00:00", "RecordID": "1925", "Level": "4", "UserID": "S-1-5-18", "EventData.ExtOrUriScheme": ".url", "EventData.ProgId": "IE.AssocFile.URL"}
{"EventID": "62443", "Channel": "Microsoft-Windows-Shell-Core/AppDefaults", "Provider_Name": "Microsoft-Windows-Shell-Core", "Computer": "DESKTOP-OFJ6N53", "TimeCreated": "2024-09-22 00:29:44.109711+00:00", "RecordID": "1926", "Level": "4", "UserID": "S-1-5-18", "EventData.Info": "QueryDefault-Mismatch: Association=.url, ProgId=IE.AssocFile.URL, S=S-1-5-18, T:2022:02:04:24:09:08, RH=3gz22dmDZ9k=, CH=IjkkKOTxZ78="}
{"EventID": "62440", "Channel": "Microsoft-Windows-Shell-Core/AppDefaults", "Provider_Name": "Microsoft-Windows-Shell-Core", "Computer": "DESKTOP-OFJ6N53", "TimeCreated": "2024-09-22 00:29:44.379173+00:00", "RecordID": "1927", "Level": "4", "UserID": "S-1-5-18", "EventData.ExtOrUriScheme": ".html", "EventData.ProgId": "MSEdgeHTM"}
{"EventID": "62443", "Channel": "Microsoft-Windows-Shell-Core/AppDefaults", "Provider_Name": "Microsoft-Windows-Shell-Core", "Computer": "DESKTOP-OFJ6N53", "TimeCreated": "2024-09-22 00:29:44.379183+00:00", "RecordID": "1928", "Level": "4", "UserID": "S-1-5-18", "EventData.Info": "QueryDefault-Mismatch: Association=.html, ProgId=MSEdgeHTM, S=S-1-5-18, T:2022:02:04:24:09:08, RH=9HsWGZun8VE=, CH=GUg/ybGw00o="}
{"EventID": "62440", "Channel": "Microsoft-Windows-Shell-Core/AppDefaults", "Provider_Name": "Microsoft-Windows-Shell-Core", "Computer": "DESKTOP-OFJ6N53", "TimeCreated": "2024-09-23 01:11:25.222324+00:00", "RecordID": "1929", "Level": "4", "UserID": "S-1-5-18", "EventData.ExtOrUriScheme": ".url", "EventData.ProgId": "IE.AssocFile.URL"}
{"EventID": "62443", "Channel": "Microsoft-Windows-Shell-Core/AppDefaults", "Provider_Name": "Microsoft-Windows-Shell-Core", "Computer": "DESKTOP-OFJ6N53", "TimeCreated": "2024-09-23 01:11:25.222387+00:00", "RecordID": "1930", "Level": "4", "UserID": "S-1-5-18", "EventData.Info": "QueryDefault-Mismatch: Association=.url, ProgId=IE.AssocFile.URL, S=S-1-5-18, T:2022:02:04:24:09:08, RH=3gz22dmDZ9k=, CH=IjkkKOTxZ78="}
{"EventID": "62440", "Channel": "Microsoft-Windows-Shell-Core/AppDefaults", "Provider_Name": "Microsoft-Windows-Shell-Core", "Computer": "DESKTOP-OFJ6N53", "TimeCreated": "2024-09-23 01:11:25.527245+00:00", "RecordID": "1931", "Level": "4", "UserID": "S-1-5-18", "EventData.ExtOrUriScheme": ".html", "EventData.ProgId": "MSEdgeHTM"}
{"EventID": "62443", "Channel": "Microsoft-Windows-Shell-Core/AppDefaults", "Provider_Name": "Microsoft-Windows-Shell-Core", "Computer": "DESKTOP-OFJ6N53", "TimeCreated": "2024-09-23 01:11:25.527262+00:00", "RecordID": "1932", "Level": "4", "UserID": "S-1-5-18", "EventData.Info": "QueryDefault-Mismatch: Association=.html, ProgId=MSEdgeHTM, S=S-1-5-18, T:2022:02:04:24:09:08, RH=9HsWGZun8VE=, CH=GUg/ybGw00o="}
{"EventID": "62440", "Channel": "Microsoft-Windows-Shell-Core/AppDefaults", "Provider_Name": "Microsoft-Windows-Shell-Core", "Computer": "DESKTOP-OFJ6N53", "TimeCreated": "2024-09-24 00:17:52.586908+00:00", "RecordID": "1933", "Level": "4", "UserID": "S-1-5-18", "EventData.ExtOrUriScheme": ".html", "EventData.ProgId": "MSEdgeHTM"}
{"EventID": "62443", "Channel": "Microsoft-Windows-Shell-Core/AppDefaults", "Provider_Name": "Microsoft-Windows-Shell-Core", "Computer": "DESKTOP-OFJ6N53", "TimeCreated": "2024-09-24 00:17:52.586966+00:00", "RecordID": "1934", "Level": "4", "UserID": "S-1-5-18", "EventData.Info": "QueryDefault-Mismatch: Association=.html, ProgId=MSEdgeHTM, S=S-1-5-18, T:2022:02:04:24:09:08, RH=9HsWGZun8VE=, CH=GUg/ybGw00o="}
{"EventID": "62440", "Channel": "Microsoft-Windows-Shell-Core/AppDefaults", "Provider_Name": "Microsoft-Windows-Shell-Core", "Computer": "DESKTOP-OFJ6N53", "TimeCreated": "2024-09-24 00:17:52.603176+00:00", "RecordID": "1935", "Level": "4", "UserID": "S-1-5-18", "EventData.ExtOrUriScheme": ".url", "EventData.ProgId": "IE.AssocFile.URL"}
{"EventID": "62443", "Channel": "Microsoft-Windows-Shell-Core/AppDefaults", "Provider_Name": "Microsoft-Windows-Shell-Core", "Computer": "DESKTOP-OFJ6N53", "TimeCreated": "2024-09-24 00:17:52.603186+00:00", "RecordID": "1936", "Level": "4", "UserID": "S-1-5-18", "EventData.Info": "QueryDefault-Mismatch: Association=.url, ProgId=IE.AssocFile.URL, S=S-1-5-18, T:2022:02:04:24:09:08, RH=3gz22dmDZ9k=, CH=IjkkKOTxZ78="}
{"EventID": "62443", "Channel": "Microsoft-Windows-Shell-Core/AppDefaults", "Provider_Name": "Microsoft-Windows-Shell-Core", "Computer": "DESKTOP-OFJ6N53", "TimeCreated": "2024-09-24 10:57:39.560204+00:00", "RecordID": "1937", "Level": "4", "UserID": "S-1-5-21-963789628-1060504924-4285088085-1001", "EventData.Info": "File Association hash version is still the same"}
{"EventID": "62443", "Channel": "Microsoft-Windows-Shell-Core/AppDefaults", "Provider_Name": "Microsoft-Windows-Shell-Core", "Computer": "DESKTOP-OFJ6N53", "TimeCreated": "2024-09-24 10:57:39.562307+00:00", "RecordID": "1938", "Level": "4", "UserID": "S-1-5-21-963789628-1060504924-4285088085-1001", "EventData.Info": "AppDefaults-Logon-UserProfileLoaded"}
{"EventID": "62443", "Channel": "Microsoft-Windows-Shell-Core/AppDefaults", "Provider_Name": "Microsoft-Windows-Shell-Core", "Computer": "DESKTOP-OFJ6N53", "TimeCreated": "2024-09-24 10:57:53.259298+00:00", "RecordID": "1939", "Level": "4", "UserID": "S-1-5-21-963789628-1060504924-4285088085-1001", "EventData.Info": "Querying default browser info"}
{"EventID": "62443", "Channel": "Microsoft-Windows-Shell-Core/AppDefaults", "Provider_Name": "Microsoft-Windows-Shell-Core", "Computer": "DESKTOP-OFJ6N53", "TimeCreated": "2024-09-24 11:12:38.713749+00:00", "RecordID": "1940", "Level": "4", "UserID": "S-1-5-21-963789628-1060504924-4285088085-1001", "EventData.Info": "Querying default browser info"}
{"EventID": "62440", "Channel": "Microsoft-Windows-Shell-Core/AppDefaults", "Provider_Name": "Microsoft-Windows-Shell-Core", "Computer": "DESKTOP-OFJ6N53", "TimeCreated": "2024-09-25 01:24:17.724808+00:00", "RecordID": "1941", "Level": "4", "UserID": "S-1-5-18", "EventData.ExtOrUriScheme": ".url", "EventData.ProgId": "IE.AssocFile.URL"}
{"EventID": "62443", "Channel": "Microsoft-Windows-Shell-Core/AppDefaults", "Provider_Name": "Microsoft-Windows-Shell-Core", "Computer": "DESKTOP-OFJ6N53", "TimeCreated": "2024-09-25 01:24:17.724836+00:00", "RecordID": "1942", "Level": "4", "UserID": "S-1-5-18", "EventData.Info": "QueryDefault-Mismatch: Association=.url, ProgId=IE.AssocFile.URL, S=S-1-5-18, T:2022:02:04:24:09:08, RH=3gz22dmDZ9k=, CH=IjkkKOTxZ78="}
{"EventID": "62440", "Channel": "Microsoft-Windows-Shell-Core/AppDefaults", "Provider_Name": "Microsoft-Windows-Shell-Core", "Computer": "DESKTOP-OFJ6N53", "TimeCreated": "2024-09-25 01:24:17.948874+00:00", "RecordID": "1943", "Level": "4", "UserID": "S-1-5-18", "EventData.ExtOrUriScheme": ".html", "EventData.ProgId": "MSEdgeHTM"}
{"EventID": "62443", "Channel": "Microsoft-Windows-Shell-Core/AppDefaults", "Provider_Name": "Microsoft-Windows-Shell-Core", "Computer": "DESKTOP-OFJ6N53", "TimeCreated": "2024-09-25 01:24:17.948887+00:00", "RecordID": "1944", "Level": "4", "UserID": "S-1-5-18", "EventData.Info": "QueryDefault-Mismatch: Association=.html, ProgId=MSEdgeHTM, S=S-1-5-18, T:2022:02:04:24:09:08, RH=9HsWGZun8VE=, CH=GUg/ybGw00o="}
{"EventID": "62443", "Channel": "Microsoft-Windows-Shell-Core/AppDefaults", "Provider_Name": "Microsoft-Windows-Shell-Core", "Computer": "DESKTOP-OFJ6N53", "TimeCreated": "2024-09-25 13:39:04.700163+00:00", "RecordID": "1945", "Level": "4", "UserID": "S-1-5-21-963789628-1060504924-4285088085-1001", "EventData.Info": "File Association hash version is still the same"}
{"EventID": "62443", "Channel": "Microsoft-Windows-Shell-Core/AppDefaults", "Provider_Name": "Microsoft-Windows-Shell-Core", "Computer": "DESKTOP-OFJ6N53", "TimeCreated": "2024-09-25 13:39:04.702650+00:00", "RecordID": "1946", "Level": "4", "UserID": "S-1-5-21-963789628-1060504924-4285088085-1001", "EventData.Info": "AppDefaults-Logon-UserProfileLoaded"}
{"EventID": "62443", "Channel": "Microsoft-Windows-Shell-Core/AppDefaults", "Provider_Name": "Microsoft-Windows-Shell-Core", "Computer": "DESKTOP-OFJ6N53", "TimeCreated": "2024-09-25 13:39:15.613644+00:00", "RecordID": "1947", "Level": "4", "UserID": "S-1-5-21-963789628-1060504924-4285088085-1001", "EventData.Info": "Querying default browser info"}
{"EventID": "62443", "Channel": "Microsoft-Windows-Shell-Core/AppDefaults", "Provider_Name": "Microsoft-Windows-Shell-Core", "Computer": "DESKTOP-OFJ6N53", "TimeCreated": "2024-09-25 13:54:03.943579+00:00", "RecordID": "1948", "Level": "4", "UserID": "S-1-5-21-963789628-1060504924-4285088085-1001", "EventData.Info": "Querying default browser info"}
{"EventID": "62440", "Channel": "Microsoft-Windows-Shell-Core/AppDefaults", "Provider_Name": "Microsoft-Windows-Shell-Core", "Computer": "DESKTOP-OFJ6N53", "TimeCreated": "2024-09-26 01:40:35.948473+00:00", "RecordID": "1949", "Level": "4", "UserID": "S-1-5-18", "EventData.ExtOrUriScheme": ".url", "EventData.ProgId": "IE.AssocFile.URL"}
{"EventID": "62443", "Channel": "Microsoft-Windows-Shell-Core/AppDefaults", "Provider_Name": "Microsoft-Windows-Shell-Core", "Computer": "DESKTOP-OFJ6N53", "TimeCreated": "2024-09-26 01:40:35.948498+00:00", "RecordID": "1950", "Level": "4", "UserID": "S-1-5-18", "EventData.Info": "QueryDefault-Mismatch: Association=.url, ProgId=IE.AssocFile.URL, S=S-1-5-18, T:2022:02:04:24:09:08, RH=3gz22dmDZ9k=, CH=IjkkKOTxZ78="}
{"EventID": "62440", "Channel": "Microsoft-Windows-Shell-Core/AppDefaults", "Provider_Name": "Microsoft-Windows-Shell-Core", "Computer": "DESKTOP-OFJ6N53", "TimeCreated": "2024-09-26 01:40:36.157846+00:00", "RecordID": "1951", "Level": "4", "UserID": "S-1-5-18", "EventData.ExtOrUriScheme": ".html", "EventData.ProgId": "MSEdgeHTM"}
{"EventID": "62443", "Channel": "Microsoft-Windows-Shell-Core/AppDefaults", "Provider_Name": "Microsoft-Windows-Shell-Core", "Computer": "DESKTOP-OFJ6N53", "TimeCreated": "2024-09-26 01:40:36.157860+00:00", "RecordID": "1952", "Level": "4", "UserID": "S-1-5-18", "EventData.Info": "QueryDefault-Mismatch: Association=.html, ProgId=MSEdgeHTM, S=S-1-5-18, T:2022:02:04:24:09:08, RH=9HsWGZun8VE=, CH=GUg/ybGw00o="}
{"EventID": "62440", "Channel": "Microsoft-Windows-Shell-Core/AppDefaults", "Provider_Name": "Microsoft-Windows-Shell-Core", "Computer": "DESKTOP-OFJ6N53", "TimeCreated": "2024-09-28 00:57:31.921362+00:00", "RecordID": "1953", "Level": "4", "UserID": "S-1-5-18", "EventData.ExtOrUriScheme": ".url", "EventData.ProgId": "IE.AssocFile.URL"}
{"EventID": "62443", "Channel": "Microsoft-Windows-Shell-Core/AppDefaults", "Provider_Name": "Microsoft-Windows-Shell-Core", "Computer": "DESKTOP-OFJ6N53", "TimeCreated": "2024-09-28 00:57:31.921423+00:00", "RecordID": "1954", "Level": "4", "UserID": "S-1-5-18", "EventData.Info": "QueryDefault-Mismatch: Association=.url, ProgId=IE.AssocFile.URL, S=S-1-5-18, T:2022:02:04:24:09:08, RH=3gz22dmDZ9k=, CH=IjkkKOTxZ78="}
{"EventID": "62440", "Channel": "Microsoft-Windows-Shell-Core/AppDefaults", "Provider_Name": "Microsoft-Windows-Shell-Core", "Computer": "DESKTOP-OFJ6N53", "TimeCreated": "2024-09-28 00:57:32.234322+00:00", "RecordID": "1955", "Level": "4", "UserID": "S-1-5-18", "EventData.ExtOrUriScheme": ".html", "EventData.ProgId": "MSEdgeHTM"}
{"EventID": "62443", "Channel": "Microsoft-Windows-Shell-Core/AppDefaults", "Provider_Name": "Microsoft-Windows-Shell-Core", "Computer": "DESKTOP-OFJ6N53", "TimeCreated": "2024-09-28 00:57:32.234381+00:00", "RecordID": "1956", "Level": "4", "UserID": "S-1-5-18", "EventData.Info": "QueryDefault-Mismatch: Association=.html, ProgId=MSEdgeHTM, S=S-1-5-18, T:2022:02:04:24:09:08, RH=9HsWGZun8VE=, CH=GUg/ybGw00o="}
{"EventID": "62443", "Channel": "Microsoft-Windows-Shell-Core/AppDefaults", "Provider_Name": "Microsoft-Windows-Shell-Core", "Computer": "DESKTOP-OFJ6N53", "TimeCreated": "2024-09-28 12:29:14.358416+00:00", "RecordID": "1957", "Level": "4", "UserID": "S-1-5-21-963789628-1060504924-4285088085-1001", "EventData.Info": "File Association hash version is still the same"}
{"EventID": "62443", "Channel": "Microsoft-Windows-Shell-Core/AppDefaults", "Provider_Name": "Microsoft-Windows-Shell-Core", "Computer": "DESKTOP-OFJ6N53", "TimeCreated": "2024-09-28 12:29:14.360636+00:00", "RecordID": "1958", "Level": "4", "UserID": "S-1-5-21-963789628-1060504924-4285088085-1001", "EventData.Info": "AppDefaults-Logon-UserProfileLoaded"}
{"EventID": "62443", "Channel": "Microsoft-Windows-Shell-Core/AppDefaults", "Provider_Name": "Microsoft-Windows-Shell-Core", "Computer": "DESKTOP-OFJ6N53", "TimeCreated": "2024-09-28 12:29:21.149515+00:00", "RecordID": "1959", "Level": "4", "UserID": "S-1-5-21-963789628-1060504924-4285088085-1001", "EventData.Info": "Querying default browser info"}
{"EventID": "62443", "Channel": "Microsoft-Windows-Shell-Core/AppDefaults", "Provider_Name": "Microsoft-Windows-Shell-Core", "Computer": "DESKTOP-OFJ6N53", "TimeCreated": "2024-09-28 12:29:30.498522+00:00", "RecordID": "1960", "Level": "4", "UserID": "S-1-5-21-963789628-1060504924-4285088085-1001", "EventData.Info": "Querying default browser info"}
{"EventID": "62443", "Channel": "Microsoft-Windows-Shell-Core/AppDefaults", "Provider_Name": "Microsoft-Windows-Shell-Core", "Computer": "DESKTOP-OFJ6N53", "TimeCreated": "2024-09-28 12:44:13.703243+00:00", "RecordID": "1961", "Level": "4", "UserID": "S-1-5-21-963789628-1060504924-4285088085-1001", "EventData.Info": "Querying default browser info"}
{"EventID": "62440", "Channel": "Microsoft-Windows-Shell-Core/AppDefaults", "Provider_Name": "Microsoft-Windows-Shell-Core", "Computer": "DESKTOP-OFJ6N53", "TimeCreated": "2024-09-29 01:36:36.616777+00:00", "RecordID": "1962", "Level": "4", "UserID": "S-1-5-18", "EventData.ExtOrUriScheme": ".url", "EventData.ProgId": "IE.AssocFile.URL"}
{"EventID": "62443", "Channel": "Microsoft-Windows-Shell-Core/AppDefaults", "Provider_Name": "Microsoft-Windows-Shell-Core", "Computer": "DESKTOP-OFJ6N53", "TimeCreated": "2024-09-29 01:36:36.617485+00:00", "RecordID": "1963", "Level": "4", "UserID": "S-1-5-18", "EventData.Info": "QueryDefault-Mismatch: Association=.url, ProgId=IE.AssocFile.URL, S=S-1-5-18, T:2022:02:04:24:09:08, RH=3gz22dmDZ9k=, CH=IjkkKOTxZ78="}
{"EventID": "62440", "Channel": "Microsoft-Windows-Shell-Core/AppDefaults", "Provider_Name": "Microsoft-Windows-Shell-Core", "Computer": "DESKTOP-OFJ6N53", "TimeCreated": "2024-09-29 01:36:36.937397+00:00", "RecordID": "1964", "Level": "4", "UserID": "S-1-5-18", "EventData.ExtOrUriScheme": ".html", "EventData.ProgId": "MSEdgeHTM"}
{"EventID": "62443", "Channel": "Microsoft-Windows-Shell-Core/AppDefaults", "Provider_Name": "Microsoft-Windows-Shell-Core", "Computer": "DESKTOP-OFJ6N53", "TimeCreated": "2024-09-29 01:36:36.937431+00:00", "RecordID": "1965", "Level": "4", "UserID": "S-1-5-18", "EventData.Info": "QueryDefault-Mismatch: Association=.html, ProgId=MSEdgeHTM, S=S-1-5-18, T:2022:02:04:24:09:08, RH=9HsWGZun8VE=, CH=GUg/ybGw00o="}
{"EventID": "62440", "Channel": "Microsoft-Windows-Shell-Core/AppDefaults", "Provider_Name": "Microsoft-Windows-Shell-Core", "Computer": "DESKTOP-OFJ6N53", "TimeCreated": "2024-10-01 00:41:05.486145+00:00", "RecordID": "1966", "Level": "4", "UserID": "S-1-5-18", "EventData.ExtOrUriScheme": ".url", "EventData.ProgId": "IE.AssocFile.URL"}
{"EventID": "62443", "Channel": "Microsoft-Windows-Shell-Core/AppDefaults", "Provider_Name": "Microsoft-Windows-Shell-Core", "Computer": "DESKTOP-OFJ6N53", "TimeCreated": "2024-10-01 00:41:05.486975+00:00", "RecordID": "1967", "Level": "4", "UserID": "S-1-5-18", "EventData.Info": "QueryDefault-Mismatch: Association=.url, ProgId=IE.AssocFile.URL, S=S-1-5-18, T:2022:02:04:24:09:08, RH=3gz22dmDZ9k=, CH=IjkkKOTxZ78="}
{"EventID": "62440", "Channel": "Microsoft-Windows-Shell-Core/AppDefaults", "Provider_Name": "Microsoft-Windows-Shell-Core", "Computer": "DESKTOP-OFJ6N53", "TimeCreated": "2024-10-01 00:41:05.732347+00:00", "RecordID": "1968", "Level": "4", "UserID": "S-1-5-18", "EventData.ExtOrUriScheme": ".html", "EventData.ProgId": "MSEdgeHTM"}
