{"EventID": "4117", "Channel": "Microsoft-Windows-GroupPolicy/Operational", "Provider_Name": "Microsoft-Windows-GroupPolicy", "Computer": "DESKTOP-OFJ6N53", "TimeCreated": "2025-08-22 02:00:46.091240+00:00", "RecordID": "895418", "Level": "4", "UserID": "S-1-5-18", "EventData.IsMachine": "True", "EventData.IsBackgroundProcessing": "True", "EventData.IsAsyncProcessing": "False"}
{"EventID": "5351", "Channel": "Microsoft-Windows-GroupPolicy/Operational", "Provider_Name": "Microsoft-Windows-GroupPolicy", "Computer": "DESKTOP-OFJ6N53", "TimeCreated": "2025-08-22 02:00:46.092443+00:00", "RecordID": "895419", "Level": "4", "UserID": "S-1-5-18", "EventData.IsMachine": "False", "EventData.WinlogonReturnTimeElapsedInMilliseconds": "0"}
{"EventID": "4117", "Channel": "Microsoft-Windows-GroupPolicy/Operational", "Provider_Name": "Microsoft-Windows-GroupPolicy", "Computer": "DESKTOP-OFJ6N53", "TimeCreated": "2025-08-22 02:00:46.093916+00:00", "RecordID": "895420", "Level": "4", "UserID": "S-1-5-18", "EventData.IsMachine": "False", "EventData.IsBackgroundProcessing": "True", "EventData.IsAsyncProcessing": "False"}
{"EventID": "5116", "Channel": "Microsoft-Windows-GroupPolicy/Operational", "Provider_Name": "Microsoft-Windows-GroupPolicy", "Computer": "DESKTOP-OFJ6N53", "TimeCreated": "2025-08-22 02:00:46.094980+00:00", "RecordID": "895421", "Level": "4", "UserID": "S-1-5-18", "EventData.GpsvcInitTimeElapsedInMilliseconds": "47"}
{"EventID": "5320", "Channel": "Microsoft-Windows-GroupPolicy/Operational", "Provider_Name": "Microsoft-Windows-GroupPolicy", "Computer": "DESKTOP-OFJ6N53", "TimeCreated": "2025-08-22 02:00:46.095564+00:00", "RecordID": "895422", "Level": "4", "UserID": "S-1-5-18", "EventData.InfoDescription": "%%4168"}
{"EventID": "5320", "Channel": "Microsoft-Windows-GroupPolicy/Operational", "Provider_Name": "Microsoft-Windows-GroupPolicy", "Computer": "DESKTOP-OFJ6N53", "TimeCreated": "2025-08-22 02:00:46.095587+00:00", "RecordID": "895423", "Level": "4", "UserID": "S-1-5-18", "EventData.InfoDescription": "%%4160"}
{"EventID": "5320", "Channel": "Microsoft-Windows-GroupPolicy/Operational", "Provider_Name": "Microsoft-Windows-GroupPolicy", "Computer": "DESKTOP-OFJ6N53", "TimeCreated": "2025-08-22 02:00:46.095587+00:00", "RecordID": "895424", "Level": "4", "UserID": "S-1-5-18", "EventData.InfoDescription": "%%4166"}
{"EventID": "5117", "Channel": "Microsoft-Windows-GroupPolicy/Operational", "Provider_Name": "Microsoft-Windows-GroupPolicy", "Computer": "DESKTOP-OFJ6N53", "TimeCreated": "2025-08-22 02:00:46.095757+00:00", "RecordID": "895425", "Level": "4", "UserID": "S-1-5-18", "EventData.IsMachine": "False", "EventData.SessionTimeElapsedInMilliseconds": "0"}
{"EventID": "5321", "Channel": "Microsoft-Windows-GroupPolicy/Operational", "Provider_Name": "Microsoft-Windows-GroupPolicy", "Computer": "DESKTOP-OFJ6N53", "TimeCreated": "2025-08-22 02:00:46.096151+00:00", "RecordID": "895426", "Level": "4", "UserID": "S-1-5-18", "EventData.InfoDescription": "%%4167", "EventData.OperationParameter1": "1fa79d9c-8d58-45a4-bd0c-5e36e4f7c71e"}
{"EventID": "5117", "Channel": "Microsoft-Windows-GroupPolicy/Operational", "Provider_Name": "Microsoft-Windows-GroupPolicy", "Computer": "DESKTOP-OFJ6N53", "TimeCreated": "2025-08-22 02:00:46.096981+00:00", "RecordID": "895427", "Level": "4", "UserID": "S-1-5-18", "EventData.IsMachine": "True", "EventData.SessionTimeElapsedInMilliseconds": "31"}
{"EventID": "4116", "Channel": "Microsoft-Windows-GroupPolicy/Operational", "Provider_Name": "Microsoft-Windows-GroupPolicy", "Computer": "DESKTOP-OFJ6N53", "TimeCreated": "2025-08-22 02:15:46.284889+00:00", "RecordID": "895428", "Level": "4", "UserID": "S-1-5-18"}
{"EventID": "4115", "Channel": "Microsoft-Windows-GroupPolicy/Operational", "Provider_Name": "Microsoft-Windows-GroupPolicy", "Computer": "DESKTOP-OFJ6N53", "TimeCreated": "2025-08-22 02:15:46.287317+00:00", "RecordID": "895429", "Level": "4", "UserID": "S-1-5-18", "EventData.IsServiceRestart": "True", "EventData.IsMachineBoot": "False"}
{"EventID": "5324", "Channel": "Microsoft-Windows-GroupPolicy/Operational", "Provider_Name": "Microsoft-Windows-GroupPolicy", "Computer": "DESKTOP-OFJ6N53", "TimeCreated": "2025-08-22 02:15:46.287722+00:00", "RecordID": "895430", "Level": "4", "UserID": "S-1-5-18", "EventData.NotificationType": "0", "EventData.SessionId": "0"}
{"EventID": "5351", "Channel": "Microsoft-Windows-GroupPolicy/Operational", "Provider_Name": "Microsoft-Windows-GroupPolicy", "Computer": "DESKTOP-OFJ6N53", "TimeCreated": "2025-08-22 02:15:46.287769+00:00", "RecordID": "895431", "Level": "4", "UserID": "S-1-5-18", "EventData.IsMachine": "False", "EventData.WinlogonReturnTimeElapsedInMilliseconds": "0"}
{"EventID": "4117", "Channel": "Microsoft-Windows-GroupPolicy/Operational", "Provider_Name": "Microsoft-Windows-GroupPolicy", "Computer": "DESKTOP-OFJ6N53", "TimeCreated": "2025-08-22 02:15:46.288719+00:00", "RecordID": "895432", "Level": "4", "UserID": "S-1-5-18", "EventData.IsMachine": "True", "EventData.IsBackgroundProcessing": "True", "EventData.IsAsyncProcessing": "False"}
{"EventID": "5351", "Channel": "Microsoft-Windows-GroupPolicy/Operational", "Provider_Name": "Microsoft-Windows-GroupPolicy", "Computer": "DESKTOP-OFJ6N53", "TimeCreated": "2025-08-22 02:15:46.290436+00:00", "RecordID": "895433", "Level": "4", "UserID": "S-1-5-18", "EventData.IsMachine": "False", "EventData.WinlogonReturnTimeElapsedInMilliseconds": "0"}
{"EventID": "5116", "Channel": "Microsoft-Windows-GroupPolicy/Operational", "Provider_Name": "Microsoft-Windows-GroupPolicy", "Computer": "DESKTOP-OFJ6N53", "TimeCreated": "2025-08-22 02:15:46.292419+00:00", "RecordID": "895434", "Level": "4", "UserID": "S-1-5-18", "EventData.GpsvcInitTimeElapsedInMilliseconds": "15"}
{"EventID": "4117", "Channel": "Microsoft-Windows-GroupPolicy/Operational", "Provider_Name": "Microsoft-Windows-GroupPolicy", "Computer": "DESKTOP-OFJ6N53", "TimeCreated": "2025-08-22 02:15:46.293077+00:00", "RecordID": "895435", "Level": "4", "UserID": "S-1-5-18", "EventData.IsMachine": "False", "EventData.IsBackgroundProcessing": "True", "EventData.IsAsyncProcessing": "False"}
{"EventID": "5320", "Channel": "Microsoft-Windows-GroupPolicy/Operational", "Provider_Name": "Microsoft-Windows-GroupPolicy", "Computer": "DESKTOP-OFJ6N53", "TimeCreated": "2025-08-22 02:15:46.358267+00:00", "RecordID": "895436", "Level": "4", "UserID": "S-1-5-18", "EventData.InfoDescription": "%%4168"}
{"EventID": "5320", "Channel": "Microsoft-Windows-GroupPolicy/Operational", "Provider_Name": "Microsoft-Windows-GroupPolicy", "Computer": "DESKTOP-OFJ6N53", "TimeCreated": "2025-08-22 02:15:46.358332+00:00", "RecordID": "895437", "Level": "4", "UserID": "S-1-5-18", "EventData.InfoDescription": "%%4160"}
{"EventID": "5320", "Channel": "Microsoft-Windows-GroupPolicy/Operational", "Provider_Name": "Microsoft-Windows-GroupPolicy", "Computer": "DESKTOP-OFJ6N53", "TimeCreated": "2025-08-22 02:15:46.358334+00:00", "RecordID": "895438", "Level": "4", "UserID": "S-1-5-18", "EventData.InfoDescription": "%%4166"}
{"EventID": "5321", "Channel": "Microsoft-Windows-GroupPolicy/Operational", "Provider_Name": "Microsoft-Windows-GroupPolicy", "Computer": "DESKTOP-OFJ6N53", "TimeCreated": "2025-08-22 02:15:46.358986+00:00", "RecordID": "895439", "Level": "4", "UserID": "S-1-5-18", "EventData.InfoDescription": "%%4167", "EventData.OperationParameter1": "b7dd119a-9b8b-4b71-b39e-a134a7eda4d8"}
{"EventID": "5117", "Channel": "Microsoft-Windows-GroupPolicy/Operational", "Provider_Name": "Microsoft-Windows-GroupPolicy", "Computer": "DESKTOP-OFJ6N53", "TimeCreated": "2025-08-22 02:15:46.360018+00:00", "RecordID": "895440", "Level": "4", "UserID": "S-1-5-18", "EventData.IsMachine": "False", "EventData.SessionTimeElapsedInMilliseconds": "63"}
{"EventID": "5117", "Channel": "Microsoft-Windows-GroupPolicy/Operational", "Provider_Name": "Microsoft-Windows-GroupPolicy", "Computer": "DESKTOP-OFJ6N53", "TimeCreated": "2025-08-22 02:15:46.360022+00:00", "RecordID": "895441", "Level": "4", "UserID": "S-1-5-18", "EventData.IsMachine": "True", "EventData.SessionTimeElapsedInMilliseconds": "78"}
{"EventID": "4116", "Channel": "Microsoft-Windows-GroupPolicy/Operational", "Provider_Name": "Microsoft-Windows-GroupPolicy", "Computer": "DESKTOP-OFJ6N53", "TimeCreated": "2025-08-22 02:30:46.414160+00:00", "RecordID": "895442", "Level": "4", "UserID": "S-1-5-18"}
{"EventID": "4115", "Channel": "Microsoft-Windows-GroupPolicy/Operational", "Provider_Name": "Microsoft-Windows-GroupPolicy", "Computer": "DESKTOP-OFJ6N53", "TimeCreated": "2025-08-22 02:30:46.416862+00:00", "RecordID": "895443", "Level": "4", "UserID": "S-1-5-18", "EventData.IsServiceRestart": "True", "EventData.IsMachineBoot": "False"}
{"EventID": "5324", "Channel": "Microsoft-Windows-GroupPolicy/Operational", "Provider_Name": "Microsoft-Windows-GroupPolicy", "Computer": "DESKTOP-OFJ6N53", "TimeCreated": "2025-08-22 02:30:46.417337+00:00", "RecordID": "895444", "Level": "4", "UserID": "S-1-5-18", "EventData.NotificationType": "0", "EventData.SessionId": "0"}
{"EventID": "5351", "Channel": "Microsoft-Windows-GroupPolicy/Operational", "Provider_Name": "Microsoft-Windows-GroupPolicy", "Computer": "DESKTOP-OFJ6N53", "TimeCreated": "2025-08-22 02:30:46.417381+00:00", "RecordID": "895445", "Level": "4", "UserID": "S-1-5-18", "EventData.IsMachine": "False", "EventData.WinlogonReturnTimeElapsedInMilliseconds": "0"}
{"EventID": "4117", "Channel": "Microsoft-Windows-GroupPolicy/Operational", "Provider_Name": "Microsoft-Windows-GroupPolicy", "Computer": "DESKTOP-OFJ6N53", "TimeCreated": "2025-08-22 02:30:46.418352+00:00", "RecordID": "895446", "Level": "4", "UserID": "S-1-5-18", "EventData.IsMachine": "True", "EventData.IsBackgroundProcessing": "True", "EventData.IsAsyncProcessing": "False"}
{"EventID": "5351", "Channel": "Microsoft-Windows-GroupPolicy/Operational", "Provider_Name": "Microsoft-Windows-GroupPolicy", "Computer": "DESKTOP-OFJ6N53", "TimeCreated": "2025-08-22 02:30:46.420134+00:00", "RecordID": "895447", "Level": "4", "UserID": "S-1-5-18", "EventData.IsMachine": "False", "EventData.WinlogonReturnTimeElapsedInMilliseconds": "0"}
{"EventID": "4117", "Channel": "Microsoft-Windows-GroupPolicy/Operational", "Provider_Name": "Microsoft-Windows-GroupPolicy", "Computer": "DESKTOP-OFJ6N53", "TimeCreated": "2025-08-22 02:30:46.421665+00:00", "RecordID": "895448", "Level": "4", "UserID": "S-1-5-18", "EventData.IsMachine": "False", "EventData.IsBackgroundProcessing": "True", "EventData.IsAsyncProcessing": "False"}
{"EventID": "5116", "Channel": "Microsoft-Windows-GroupPolicy/Operational", "Provider_Name": "Microsoft-Windows-GroupPolicy", "Computer": "DESKTOP-OFJ6N53", "TimeCreated": "2025-08-22 02:30:46.422148+00:00", "RecordID": "895449", "Level": "4", "UserID": "S-1-5-18", "EventData.GpsvcInitTimeElapsedInMilliseconds": "15"}
{"EventID": "5320", "Channel": "Microsoft-Windows-GroupPolicy/Operational", "Provider_Name": "Microsoft-Windows-GroupPolicy", "Computer": "DESKTOP-OFJ6N53", "TimeCreated": "2025-08-22 02:30:46.423168+00:00", "RecordID": "895450", "Level": "4", "UserID": "S-1-5-18", "EventData.InfoDescription": "%%4168"}
{"EventID": "5320", "Channel": "Microsoft-Windows-GroupPolicy/Operational", "Provider_Name": "Microsoft-Windows-GroupPolicy", "Computer": "DESKTOP-OFJ6N53", "TimeCreated": "2025-08-22 02:30:46.423199+00:00", "RecordID": "895451", "Level": "4", "UserID": "S-1-5-18", "EventData.InfoDescription": "%%4160"}
{"EventID": "5320", "Channel": "Microsoft-Windows-GroupPolicy/Operational", "Provider_Name": "Microsoft-Windows-GroupPolicy", "Computer": "DESKTOP-OFJ6N53", "TimeCreated": "2025-08-22 02:30:46.423201+00:00", "RecordID": "895452", "Level": "4", "UserID": "S-1-5-18", "EventData.InfoDescription": "%%4166"}
{"EventID": "5117", "Channel": "Microsoft-Windows-GroupPolicy/Operational", "Provider_Name": "Microsoft-Windows-GroupPolicy", "Computer": "DESKTOP-OFJ6N53", "TimeCreated": "2025-08-22 02:30:46.423664+00:00", "RecordID": "895453", "Level": "4", "UserID": "S-1-5-18", "EventData.IsMachine": "False", "EventData.SessionTimeElapsedInMilliseconds": "0"}
{"EventID": "5321", "Channel": "Microsoft-Windows-GroupPolicy/Operational", "Provider_Name": "Microsoft-Windows-GroupPolicy", "Computer": "DESKTOP-OFJ6N53", "TimeCreated": "2025-08-22 02:30:46.424135+00:00", "RecordID": "895454", "Level": "4", "UserID": "S-1-5-18", "EventData.InfoDescription": "%%4167", "EventData.OperationParameter1": "bcd95947-7915-46ac-ba62-f306d7da259c"}
{"EventID": "5117", "Channel": "Microsoft-Windows-GroupPolicy/Operational", "Provider_Name": "Microsoft-Windows-GroupPolicy", "Computer": "DESKTOP-OFJ6N53", "TimeCreated": "2025-08-22 02:30:46.424299+00:00", "RecordID": "895455", "Level": "4", "UserID": "S-1-5-18", "EventData.IsMachine": "True", "EventData.SessionTimeElapsedInMilliseconds": "0"}
{"EventID": "4116", "Channel": "Microsoft-Windows-GroupPolicy/Operational", "Provider_Name": "Microsoft-Windows-GroupPolicy", "Computer": "DESKTOP-OFJ6N53", "TimeCreated": "2025-08-22 02:45:46.516163+00:00", "RecordID": "895456", "Level": "4", "UserID": "S-1-5-18"}
{"EventID": "4115", "Channel": "Microsoft-Windows-GroupPolicy/Operational", "Provider_Name": "Microsoft-Windows-GroupPolicy", "Computer": "DESKTOP-OFJ6N53", "TimeCreated": "2025-08-22 02:45:46.524130+00:00", "RecordID": "895457", "Level": "4", "UserID": "S-1-5-18", "EventData.IsServiceRestart": "True", "EventData.IsMachineBoot": "False"}
{"EventID": "5324", "Channel": "Microsoft-Windows-GroupPolicy/Operational", "Provider_Name": "Microsoft-Windows-GroupPolicy", "Computer": "DESKTOP-OFJ6N53", "TimeCreated": "2025-08-22 02:45:46.524782+00:00", "RecordID": "895458", "Level": "4", "UserID": "S-1-5-18", "EventData.NotificationType": "0", "EventData.SessionId": "0"}
{"EventID": "5351", "Channel": "Microsoft-Windows-GroupPolicy/Operational", "Provider_Name": "Microsoft-Windows-GroupPolicy", "Computer": "DESKTOP-OFJ6N53", "TimeCreated": "2025-08-22 02:45:46.524828+00:00", "RecordID": "895459", "Level": "4", "UserID": "S-1-5-18", "EventData.IsMachine": "False", "EventData.WinlogonReturnTimeElapsedInMilliseconds": "0"}
{"EventID": "4117", "Channel": "Microsoft-Windows-GroupPolicy/Operational", "Provider_Name": "Microsoft-Windows-GroupPolicy", "Computer": "DESKTOP-OFJ6N53", "TimeCreated": "2025-08-22 02:45:46.592514+00:00", "RecordID": "895460", "Level": "4", "UserID": "S-1-5-18", "EventData.IsMachine": "True", "EventData.IsBackgroundProcessing": "True", "EventData.IsAsyncProcessing": "False"}
{"EventID": "5351", "Channel": "Microsoft-Windows-GroupPolicy/Operational", "Provider_Name": "Microsoft-Windows-GroupPolicy", "Computer": "DESKTOP-OFJ6N53", "TimeCreated": "2025-08-22 02:45:46.594450+00:00", "RecordID": "895461", "Level": "4", "UserID": "S-1-5-18", "EventData.IsMachine": "False", "EventData.WinlogonReturnTimeElapsedInMilliseconds": "0"}
{"EventID": "4117", "Channel": "Microsoft-Windows-GroupPolicy/Operational", "Provider_Name": "Microsoft-Windows-GroupPolicy", "Computer": "DESKTOP-OFJ6N53", "TimeCreated": "2025-08-22 02:45:46.595837+00:00", "RecordID": "895462", "Level": "4", "UserID": "S-1-5-18", "EventData.IsMachine": "False", "EventData.IsBackgroundProcessing": "True", "EventData.IsAsyncProcessing": "False"}
{"EventID": "5116", "Channel": "Microsoft-Windows-GroupPolicy/Operational", "Provider_Name": "Microsoft-Windows-GroupPolicy", "Computer": "DESKTOP-OFJ6N53", "TimeCreated": "2025-08-22 02:45:46.596392+00:00", "RecordID": "895463", "Level": "4", "UserID": "S-1-5-18", "EventData.GpsvcInitTimeElapsedInMilliseconds": "78"}
{"EventID": "5320", "Channel": "Microsoft-Windows-GroupPolicy/Operational", "Provider_Name": "Microsoft-Windows-GroupPolicy", "Computer": "DESKTOP-OFJ6N53", "TimeCreated": "2025-08-22 02:45:46.597099+00:00", "RecordID": "895464", "Level": "4", "UserID": "S-1-5-18", "EventData.InfoDescription": "%%4168"}
{"EventID": "5320", "Channel": "Microsoft-Windows-GroupPolicy/Operational", "Provider_Name": "Microsoft-Windows-GroupPolicy", "Computer": "DESKTOP-OFJ6N53", "TimeCreated": "2025-08-22 02:45:46.597124+00:00", "RecordID": "895465", "Level": "4", "UserID": "S-1-5-18", "EventData.InfoDescription": "%%4160"}
{"EventID": "5320", "Channel": "Microsoft-Windows-GroupPolicy/Operational", "Provider_Name": "Microsoft-Windows-GroupPolicy", "Computer": "DESKTOP-OFJ6N53", "TimeCreated": "2025-08-22 02:45:46.597126+00:00", "RecordID": "895466", "Level": "4", "UserID": "S-1-5-18", "EventData.InfoDescription": "%%4166"}
{"EventID": "5117", "Channel": "Microsoft-Windows-GroupPolicy/Operational", "Provider_Name": "Microsoft-Windows-GroupPolicy", "Computer": "DESKTOP-OFJ6N53", "TimeCreated": "2025-08-22 02:45:46.597351+00:00", "RecordID": "895467", "Level": "4", "UserID": "S-1-5-18", "EventData.IsMachine": "False", "EventData.SessionTimeElapsedInMilliseconds": "0"}
{"EventID": "5321", "Channel": "Microsoft-Windows-GroupPolicy/Operational", "Provider_Name": "Microsoft-Windows-GroupPolicy", "Computer": "DESKTOP-OFJ6N53", "TimeCreated": "2025-08-22 02:45:46.597786+00:00", "RecordID": "895468", "Level": "4", "UserID": "S-1-5-18", "EventData.InfoDescription": "%%4167", "EventData.OperationParameter1": "15441d15-dc71-453e-8dbf-88d1f8303715"}
{"EventID": "5117", "Channel": "Microsoft-Windows-GroupPolicy/Operational", "Provider_Name": "Microsoft-Windows-GroupPolicy", "Computer": "DESKTOP-OFJ6N53", "TimeCreated": "2025-08-22 02:45:46.598532+00:00", "RecordID": "895469", "Level": "4", "UserID": "S-1-5-18", "EventData.IsMachine": "True", "EventData.SessionTimeElapsedInMilliseconds": "0"}
{"EventID": "4116", "Channel": "Microsoft-Windows-GroupPolicy/Operational", "Provider_Name": "Microsoft-Windows-GroupPolicy", "Computer": "DESKTOP-OFJ6N53", "TimeCreated": "2025-08-22 03:00:46.816154+00:00", "RecordID": "895470", "Level": "4", "UserID": "S-1-5-18"}
{"EventID": "4115", "Channel": "Microsoft-Windows-GroupPolicy/Operational", "Provider_Name": "Microsoft-Windows-GroupPolicy", "Computer": "DESKTOP-OFJ6N53", "TimeCreated": "2025-08-22 03:00:46.818802+00:00", "RecordID": "895471", "Level": "4", "UserID": "S-1-5-18", "EventData.IsServiceRestart": "True", "EventData.IsMachineBoot": "False"}
{"EventID": "5324", "Channel": "Microsoft-Windows-GroupPolicy/Operational", "Provider_Name": "Microsoft-Windows-GroupPolicy", "Computer": "DESKTOP-OFJ6N53", "TimeCreated": "2025-08-22 03:00:46.819366+00:00", "RecordID": "895472", "Level": "4", "UserID": "S-1-5-18", "EventData.NotificationType": "0", "EventData.SessionId": "0"}
{"EventID": "5351", "Channel": "Microsoft-Windows-GroupPolicy/Operational", "Provider_Name": "Microsoft-Windows-GroupPolicy", "Computer": "DESKTOP-OFJ6N53", "TimeCreated": "2025-08-22 03:00:46.819424+00:00", "RecordID": "895473", "Level": "4", "UserID": "S-1-5-18", "EventData.IsMachine": "False", "EventData.WinlogonReturnTimeElapsedInMilliseconds": "0"}
{"EventID": "4117", "Channel": "Microsoft-Windows-GroupPolicy/Operational", "Provider_Name": "Microsoft-Windows-GroupPolicy", "Computer": "DESKTOP-OFJ6N53", "TimeCreated": "2025-08-22 03:00:46.820362+00:00", "RecordID": "895474", "Level": "4", "UserID": "S-1-5-18", "EventData.IsMachine": "True", "EventData.IsBackgroundProcessing": "True", "EventData.IsAsyncProcessing": "False"}
{"EventID": "5351", "Channel": "Microsoft-Windows-GroupPolicy/Operational", "Provider_Name": "Microsoft-Windows-GroupPolicy", "Computer": "DESKTOP-OFJ6N53", "TimeCreated": "2025-08-22 03:00:46.822447+00:00", "RecordID": "895475", "Level": "4", "UserID": "S-1-5-18", "EventData.IsMachine": "False", "EventData.WinlogonReturnTimeElapsedInMilliseconds": "0"}
{"EventID": "4117", "Channel": "Microsoft-Windows-GroupPolicy/Operational", "Provider_Name": "Microsoft-Windows-GroupPolicy", "Computer": "DESKTOP-OFJ6N53", "TimeCreated": "2025-08-22 03:00:46.823866+00:00", "RecordID": "895476", "Level": "4", "UserID": "S-1-5-18", "EventData.IsMachine": "False", "EventData.IsBackgroundProcessing": "True", "EventData.IsAsyncProcessing": "False"}
{"EventID": "5116", "Channel": "Microsoft-Windows-GroupPolicy/Operational", "Provider_Name": "Microsoft-Windows-GroupPolicy", "Computer": "DESKTOP-OFJ6N53", "TimeCreated": "2025-08-22 03:00:46.824373+00:00", "RecordID": "895477", "Level": "4", "UserID": "S-1-5-18", "EventData.GpsvcInitTimeElapsedInMilliseconds": "15"}
{"EventID": "5320", "Channel": "Microsoft-Windows-GroupPolicy/Operational", "Provider_Name": "Microsoft-Windows-GroupPolicy", "Computer": "DESKTOP-OFJ6N53", "TimeCreated": "2025-08-22 03:00:46.826035+00:00", "RecordID": "895478", "Level": "4", "UserID": "S-1-5-18", "EventData.InfoDescription": "%%4168"}
{"EventID": "5320", "Channel": "Microsoft-Windows-GroupPolicy/Operational", "Provider_Name": "Microsoft-Windows-GroupPolicy", "Computer": "DESKTOP-OFJ6N53", "TimeCreated": "2025-08-22 03:00:46.826056+00:00", "RecordID": "895479", "Level": "4", "UserID": "S-1-5-18", "EventData.InfoDescription": "%%4160"}
{"EventID": "5320", "Channel": "Microsoft-Windows-GroupPolicy/Operational", "Provider_Name": "Microsoft-Windows-GroupPolicy", "Computer": "DESKTOP-OFJ6N53", "TimeCreated": "2025-08-22 03:00:46.826056+00:00", "RecordID": "895480", "Level": "4", "UserID": "S-1-5-18", "EventData.InfoDescription": "%%4166"}
{"EventID": "5117", "Channel": "Microsoft-Windows-GroupPolicy/Operational", "Provider_Name": "Microsoft-Windows-GroupPolicy", "Computer": "DESKTOP-OFJ6N53", "TimeCreated": "2025-08-22 03:00:46.826517+00:00", "RecordID": "895481", "Level": "4", "UserID": "S-1-5-18", "EventData.IsMachine": "True", "EventData.SessionTimeElapsedInMilliseconds": "15"}
{"EventID": "5321", "Channel": "Microsoft-Windows-GroupPolicy/Operational", "Provider_Name": "Microsoft-Windows-GroupPolicy", "Computer": "DESKTOP-OFJ6N53", "TimeCreated": "2025-08-22 03:00:46.826700+00:00", "RecordID": "895482", "Level": "4", "UserID": "S-1-5-18", "EventData.InfoDescription": "%%4167", "EventData.OperationParameter1": "85552931-4b3c-4064-af3b-45d8c273b29a"}
{"EventID": "5117", "Channel": "Microsoft-Windows-GroupPolicy/Operational", "Provider_Name": "Microsoft-Windows-GroupPolicy", "Computer": "DESKTOP-OFJ6N53", "TimeCreated": "2025-08-22 03:00:46.827961+00:00", "RecordID": "895483", "Level": "4", "UserID": "S-1-5-18", "EventData.IsMachine": "False", "EventData.SessionTimeElapsedInMilliseconds": "0"}
{"EventID": "4116", "Channel": "Microsoft-Windows-GroupPolicy/Operational", "Provider_Name": "Microsoft-Windows-GroupPolicy", "Computer": "DESKTOP-OFJ6N53", "TimeCreated": "2025-08-22 03:15:47.052588+00:00", "RecordID": "895484", "Level": "4", "UserID": "S-1-5-18"}
{"EventID": "4115", "Channel": "Microsoft-Windows-GroupPolicy/Operational", "Provider_Name": "Microsoft-Windows-GroupPolicy", "Computer": "DESKTOP-OFJ6N53", "TimeCreated": "2025-08-22 03:15:47.055010+00:00", "RecordID": "895485", "Level": "4", "UserID": "S-1-5-18", "EventData.IsServiceRestart": "True", "EventData.IsMachineBoot": "False"}
{"EventID": "5324", "Channel": "Microsoft-Windows-GroupPolicy/Operational", "Provider_Name": "Microsoft-Windows-GroupPolicy", "Computer": "DESKTOP-OFJ6N53", "TimeCreated": "2025-08-22 03:15:47.055395+00:00", "RecordID": "895486", "Level": "4", "UserID": "S-1-5-18", "EventData.NotificationType": "0", "EventData.SessionId": "0"}
{"EventID": "5351", "Channel": "Microsoft-Windows-GroupPolicy/Operational", "Provider_Name": "Microsoft-Windows-GroupPolicy", "Computer": "DESKTOP-OFJ6N53", "TimeCreated": "2025-08-22 03:15:47.055441+00:00", "RecordID": "895487", "Level": "4", "UserID": "S-1-5-18", "EventData.IsMachine": "False", "EventData.WinlogonReturnTimeElapsedInMilliseconds": "0"}
{"EventID": "4117", "Channel": "Microsoft-Windows-GroupPolicy/Operational", "Provider_Name": "Microsoft-Windows-GroupPolicy", "Computer": "DESKTOP-OFJ6N53", "TimeCreated": "2025-08-22 03:15:47.056381+00:00", "RecordID": "895488", "Level": "4", "UserID": "S-1-5-18", "EventData.IsMachine": "True", "EventData.IsBackgroundProcessing": "True", "EventData.IsAsyncProcessing": "False"}
{"EventID": "5351", "Channel": "Microsoft-Windows-GroupPolicy/Operational", "Provider_Name": "Microsoft-Windows-GroupPolicy", "Computer": "DESKTOP-OFJ6N53", "TimeCreated": "2025-08-22 03:15:47.058371+00:00", "RecordID": "895489", "Level": "4", "UserID": "S-1-5-18", "EventData.IsMachine": "False", "EventData.WinlogonReturnTimeElapsedInMilliseconds": "0"}
{"EventID": "4117", "Channel": "Microsoft-Windows-GroupPolicy/Operational", "Provider_Name": "Microsoft-Windows-GroupPolicy", "Computer": "DESKTOP-OFJ6N53", "TimeCreated": "2025-08-22 03:15:47.059795+00:00", "RecordID": "895490", "Level": "4", "UserID": "S-1-5-18", "EventData.IsMachine": "False", "EventData.IsBackgroundProcessing": "True", "EventData.IsAsyncProcessing": "False"}
{"EventID": "5116", "Channel": "Microsoft-Windows-GroupPolicy/Operational", "Provider_Name": "Microsoft-Windows-GroupPolicy", "Computer": "DESKTOP-OFJ6N53", "TimeCreated": "2025-08-22 03:15:47.060341+00:00", "RecordID": "895491", "Level": "4", "UserID": "S-1-5-18", "EventData.GpsvcInitTimeElapsedInMilliseconds": "16"}
{"EventID": "5320", "Channel": "Microsoft-Windows-GroupPolicy/Operational", "Provider_Name": "Microsoft-Windows-GroupPolicy", "Computer": "DESKTOP-OFJ6N53", "TimeCreated": "2025-08-22 03:15:47.061090+00:00", "RecordID": "895492", "Level": "4", "UserID": "S-1-5-18", "EventData.InfoDescription": "%%4168"}
{"EventID": "5320", "Channel": "Microsoft-Windows-GroupPolicy/Operational", "Provider_Name": "Microsoft-Windows-GroupPolicy", "Computer": "DESKTOP-OFJ6N53", "TimeCreated": "2025-08-22 03:15:47.061119+00:00", "RecordID": "895493", "Level": "4", "UserID": "S-1-5-18", "EventData.InfoDescription": "%%4160"}
{"EventID": "5320", "Channel": "Microsoft-Windows-GroupPolicy/Operational", "Provider_Name": "Microsoft-Windows-GroupPolicy", "Computer": "DESKTOP-OFJ6N53", "TimeCreated": "2025-08-22 03:15:47.061121+00:00", "RecordID": "895494", "Level": "4", "UserID": "S-1-5-18", "EventData.InfoDescription": "%%4166"}
{"EventID": "5117", "Channel": "Microsoft-Windows-GroupPolicy/Operational", "Provider_Name": "Microsoft-Windows-GroupPolicy", "Computer": "DESKTOP-OFJ6N53", "TimeCreated": "2025-08-22 03:15:47.061445+00:00", "RecordID": "895495", "Level": "4", "UserID": "S-1-5-18", "EventData.IsMachine": "False", "EventData.SessionTimeElapsedInMilliseconds": "0"}
{"EventID": "5321", "Channel": "Microsoft-Windows-GroupPolicy/Operational", "Provider_Name": "Microsoft-Windows-GroupPolicy", "Computer": "DESKTOP-OFJ6N53", "TimeCreated": "2025-08-22 03:15:47.062099+00:00", "RecordID": "895496", "Level": "4", "UserID": "S-1-5-18", "EventData.InfoDescription": "%%4167", "EventData.OperationParameter1": "1434711e-d33a-4cf0-a347-b8b7ccd574d6"}
{"EventID": "5117", "Channel": "Microsoft-Windows-GroupPolicy/Operational", "Provider_Name": "Microsoft-Windows-GroupPolicy", "Computer": "DESKTOP-OFJ6N53", "TimeCreated": "2025-08-22 03:15:47.062738+00:00", "RecordID": "895497", "Level": "4", "UserID": "S-1-5-18", "EventData.IsMachine": "True", "EventData.SessionTimeElapsedInMilliseconds": "0"}
{"EventID": "4116", "Channel": "Microsoft-Windows-GroupPolicy/Operational", "Provider_Name": "Microsoft-Windows-GroupPolicy", "Computer": "DESKTOP-OFJ6N53", "TimeCreated": "2025-08-22 03:30:47.233650+00:00", "RecordID": "895498", "Level": "4", "UserID": "S-1-5-18"}
{"EventID": "4115", "Channel": "Microsoft-Windows-GroupPolicy/Operational", "Provider_Name": "Microsoft-Windows-GroupPolicy", "Computer": "DESKTOP-OFJ6N53", "TimeCreated": "2025-08-22 03:30:47.235901+00:00", "RecordID": "895499", "Level": "4", "UserID": "S-1-5-18", "EventData.IsServiceRestart": "True", "EventData.IsMachineBoot": "False"}
{"EventID": "5324", "Channel": "Microsoft-Windows-GroupPolicy/Operational", "Provider_Name": "Microsoft-Windows-GroupPolicy", "Computer": "DESKTOP-OFJ6N53", "TimeCreated": "2025-08-22 03:30:47.236275+00:00", "RecordID": "895500", "Level": "4", "UserID": "S-1-5-18", "EventData.NotificationType": "0", "EventData.SessionId": "0"}
{"EventID": "5351", "Channel": "Microsoft-Windows-GroupPolicy/Operational", "Provider_Name": "Microsoft-Windows-GroupPolicy", "Computer": "DESKTOP-OFJ6N53", "TimeCreated": "2025-08-22 03:30:47.236324+00:00", "RecordID": "895501", "Level": "4", "UserID": "S-1-5-18", "EventData.IsMachine": "False", "EventData.WinlogonReturnTimeElapsedInMilliseconds": "0"}
{"EventID": "4117", "Channel": "Microsoft-Windows-GroupPolicy/Operational", "Provider_Name": "Microsoft-Windows-GroupPolicy", "Computer": "DESKTOP-OFJ6N53", "TimeCreated": "2025-08-22 03:30:47.237240+00:00", "RecordID": "895502", "Level": "4", "UserID": "S-1-5-18", "EventData.IsMachine": "True", "EventData.IsBackgroundProcessing": "True", "EventData.IsAsyncProcessing": "False"}
{"EventID": "5351", "Channel": "Microsoft-Windows-GroupPolicy/Operational", "Provider_Name": "Microsoft-Windows-GroupPolicy", "Computer": "DESKTOP-OFJ6N53", "TimeCreated": "2025-08-22 03:30:47.239298+00:00", "RecordID": "895503", "Level": "4", "UserID": "S-1-5-18", "EventData.IsMachine": "False", "EventData.WinlogonReturnTimeElapsedInMilliseconds": "0"}
{"EventID": "4117", "Channel": "Microsoft-Windows-GroupPolicy/Operational", "Provider_Name": "Microsoft-Windows-GroupPolicy", "Computer": "DESKTOP-OFJ6N53", "TimeCreated": "2025-08-22 03:30:47.240593+00:00", "RecordID": "895504", "Level": "4", "UserID": "S-1-5-18", "EventData.IsMachine": "False", "EventData.IsBackgroundProcessing": "True", "EventData.IsAsyncProcessing": "False"}
{"EventID": "5116", "Channel": "Microsoft-Windows-GroupPolicy/Operational", "Provider_Name": "Microsoft-Windows-GroupPolicy", "Computer": "DESKTOP-OFJ6N53", "TimeCreated": "2025-08-22 03:30:47.241203+00:00", "RecordID": "895505", "Level": "4", "UserID": "S-1-5-18", "EventData.GpsvcInitTimeElapsedInMilliseconds": "0"}
{"EventID": "5320", "Channel": "Microsoft-Windows-GroupPolicy/Operational", "Provider_Name": "Microsoft-Windows-GroupPolicy", "Computer": "DESKTOP-OFJ6N53", "TimeCreated": "2025-08-22 03:30:47.241810+00:00", "RecordID": "895506", "Level": "4", "UserID": "S-1-5-18", "EventData.InfoDescription": "%%4168"}
{"EventID": "5320", "Channel": "Microsoft-Windows-GroupPolicy/Operational", "Provider_Name": "Microsoft-Windows-GroupPolicy", "Computer": "DESKTOP-OFJ6N53", "TimeCreated": "2025-08-22 03:30:47.241837+00:00", "RecordID": "895507", "Level": "4", "UserID": "S-1-5-18", "EventData.InfoDescription": "%%4160"}
{"EventID": "5320", "Channel": "Microsoft-Windows-GroupPolicy/Operational", "Provider_Name": "Microsoft-Windows-GroupPolicy", "Computer": "DESKTOP-OFJ6N53", "TimeCreated": "2025-08-22 03:30:47.241838+00:00", "RecordID": "895508", "Level": "4", "UserID": "S-1-5-18", "EventData.InfoDescription": "%%4166"}
{"EventID": "5117", "Channel": "Microsoft-Windows-GroupPolicy/Operational", "Provider_Name": "Microsoft-Windows-GroupPolicy", "Computer": "DESKTOP-OFJ6N53", "TimeCreated": "2025-08-22 03:30:47.242130+00:00", "RecordID": "895509", "Level": "4", "UserID": "S-1-5-18", "EventData.IsMachine": "False", "EventData.SessionTimeElapsedInMilliseconds": "0"}
{"EventID": "5321", "Channel": "Microsoft-Windows-GroupPolicy/Operational", "Provider_Name": "Microsoft-Windows-GroupPolicy", "Computer": "DESKTOP-OFJ6N53", "TimeCreated": "2025-08-22 03:30:47.242577+00:00", "RecordID": "895510", "Level": "4", "UserID": "S-1-5-18", "EventData.InfoDescription": "%%4167", "EventData.OperationParameter1": "0447b7fb-324f-4604-a3c9-d086b36279a4"}
{"EventID": "5117", "Channel": "Microsoft-Windows-GroupPolicy/Operational", "Provider_Name": "Microsoft-Windows-GroupPolicy", "Computer": "DESKTOP-OFJ6N53", "TimeCreated": "2025-08-22 03:30:47.243000+00:00", "RecordID": "895511", "Level": "4", "UserID": "S-1-5-18", "EventData.IsMachine": "True", "EventData.SessionTimeElapsedInMilliseconds": "15"}
{"EventID": "4116", "Channel": "Microsoft-Windows-GroupPolicy/Operational", "Provider_Name": "Microsoft-Windows-GroupPolicy", "Computer": "DESKTOP-OFJ6N53", "TimeCreated": "2025-08-22 03:45:47.357231+00:00", "RecordID": "895512", "Level": "4", "UserID": "S-1-5-18"}
{"EventID": "4115", "Channel": "Microsoft-Windows-GroupPolicy/Operational", "Provider_Name": "Microsoft-Windows-GroupPolicy", "Computer": "DESKTOP-OFJ6N53", "TimeCreated": "2025-08-22 03:45:47.359631+00:00", "RecordID": "895513", "Level": "4", "UserID": "S-1-5-18", "EventData.IsServiceRestart": "True", "EventData.IsMachineBoot": "False"}
{"EventID": "5324", "Channel": "Microsoft-Windows-GroupPolicy/Operational", "Provider_Name": "Microsoft-Windows-GroupPolicy", "Computer": "DESKTOP-OFJ6N53", "TimeCreated": "2025-08-22 03:45:47.360136+00:00", "RecordID": "895514", "Level": "4", "UserID": "S-1-5-18", "EventData.NotificationType": "0", "EventData.SessionId": "0"}
{"EventID": "5351", "Channel": "Microsoft-Windows-GroupPolicy/Operational", "Provider_Name": "Microsoft-Windows-GroupPolicy", "Computer": "DESKTOP-OFJ6N53", "TimeCreated": "2025-08-22 03:45:47.360180+00:00", "RecordID": "895515", "Level": "4", "UserID": "S-1-5-18", "EventData.IsMachine": "False", "EventData.WinlogonReturnTimeElapsedInMilliseconds": "0"}
{"EventID": "4117", "Channel": "Microsoft-Windows-GroupPolicy/Operational", "Provider_Name": "Microsoft-Windows-GroupPolicy", "Computer": "DESKTOP-OFJ6N53", "TimeCreated": "2025-08-22 03:45:47.361210+00:00", "RecordID": "895516", "Level": "4", "UserID": "S-1-5-18", "EventData.IsMachine": "True", "EventData.IsBackgroundProcessing": "True", "EventData.IsAsyncProcessing": "False"}
{"EventID": "5351", "Channel": "Microsoft-Windows-GroupPolicy/Operational", "Provider_Name": "Microsoft-Windows-GroupPolicy", "Computer": "DESKTOP-OFJ6N53", "TimeCreated": "2025-08-22 03:45:47.362785+00:00", "RecordID": "895517", "Level": "4", "UserID": "S-1-5-18", "EventData.IsMachine": "False", "EventData.WinlogonReturnTimeElapsedInMilliseconds": "0"}
{"EventID": "4117", "Channel": "Microsoft-Windows-GroupPolicy/Operational", "Provider_Name": "Microsoft-Windows-GroupPolicy", "Computer": "DESKTOP-OFJ6N53", "TimeCreated": "2025-08-22 03:45:47.364136+00:00", "RecordID": "895518", "Level": "4", "UserID": "S-1-5-18", "EventData.IsMachine": "False", "EventData.IsBackgroundProcessing": "True", "EventData.IsAsyncProcessing": "False"}
{"EventID": "5116", "Channel": "Microsoft-Windows-GroupPolicy/Operational", "Provider_Name": "Microsoft-Windows-GroupPolicy", "Computer": "DESKTOP-OFJ6N53", "TimeCreated": "2025-08-22 03:45:47.364763+00:00", "RecordID": "895519", "Level": "4", "UserID": "S-1-5-18", "EventData.GpsvcInitTimeElapsedInMilliseconds": "0"}
{"EventID": "5320", "Channel": "Microsoft-Windows-GroupPolicy/Operational", "Provider_Name": "Microsoft-Windows-GroupPolicy", "Computer": "DESKTOP-OFJ6N53", "TimeCreated": "2025-08-22 03:45:47.365507+00:00", "RecordID": "895520", "Level": "4", "UserID": "S-1-5-18", "EventData.InfoDescription": "%%4168"}
{"EventID": "5320", "Channel": "Microsoft-Windows-GroupPolicy/Operational", "Provider_Name": "Microsoft-Windows-GroupPolicy", "Computer": "DESKTOP-OFJ6N53", "TimeCreated": "2025-08-22 03:45:47.365528+00:00", "RecordID": "895521", "Level": "4", "UserID": "S-1-5-18", "EventData.InfoDescription": "%%4160"}
{"EventID": "5320", "Channel": "Microsoft-Windows-GroupPolicy/Operational", "Provider_Name": "Microsoft-Windows-GroupPolicy", "Computer": "DESKTOP-OFJ6N53", "TimeCreated": "2025-08-22 03:45:47.365528+00:00", "RecordID": "895522", "Level": "4", "UserID": "S-1-5-18", "EventData.InfoDescription": "%%4166"}
{"EventID": "5117", "Channel": "Microsoft-Windows-GroupPolicy/Operational", "Provider_Name": "Microsoft-Windows-GroupPolicy", "Computer": "DESKTOP-OFJ6N53", "TimeCreated": "2025-08-22 03:45:47.365877+00:00", "RecordID": "895523", "Level": "4", "UserID": "S-1-5-18", "EventData.IsMachine": "False", "EventData.SessionTimeElapsedInMilliseconds": "0"}
{"EventID": "5321", "Channel": "Microsoft-Windows-GroupPolicy/Operational", "Provider_Name": "Microsoft-Windows-GroupPolicy", "Computer": "DESKTOP-OFJ6N53", "TimeCreated": "2025-08-22 03:45:47.366114+00:00", "RecordID": "895524", "Level": "4", "UserID": "S-1-5-18", "EventData.InfoDescription": "%%4167", "EventData.OperationParameter1": "9b652f15-b363-448e-a6fb-8bbe40c4f085"}
{"EventID": "5117", "Channel": "Microsoft-Windows-GroupPolicy/Operational", "Provider_Name": "Microsoft-Windows-GroupPolicy", "Computer": "DESKTOP-OFJ6N53", "TimeCreated": "2025-08-22 03:45:47.366814+00:00", "RecordID": "895525", "Level": "4", "UserID": "S-1-5-18", "EventData.IsMachine": "True", "EventData.SessionTimeElapsedInMilliseconds": "0"}
{"EventID": "4116", "Channel": "Microsoft-Windows-GroupPolicy/Operational", "Provider_Name": "Microsoft-Windows-GroupPolicy", "Computer": "DESKTOP-OFJ6N53", "TimeCreated": "2025-08-22 04:00:47.459864+00:00", "RecordID": "895526", "Level": "4", "UserID": "S-1-5-18"}
{"EventID": "4115", "Channel": "Microsoft-Windows-GroupPolicy/Operational", "Provider_Name": "Microsoft-Windows-GroupPolicy", "Computer": "DESKTOP-OFJ6N53", "TimeCreated": "2025-08-22 04:00:47.461966+00:00", "RecordID": "895527", "Level": "4", "UserID": "S-1-5-18", "EventData.IsServiceRestart": "True", "EventData.IsMachineBoot": "False"}
{"EventID": "5324", "Channel": "Microsoft-Windows-GroupPolicy/Operational", "Provider_Name": "Microsoft-Windows-GroupPolicy", "Computer": "DESKTOP-OFJ6N53", "TimeCreated": "2025-08-22 04:00:47.462320+00:00", "RecordID": "895528", "Level": "4", "UserID": "S-1-5-18", "EventData.NotificationType": "0", "EventData.SessionId": "0"}
{"EventID": "5351", "Channel": "Microsoft-Windows-GroupPolicy/Operational", "Provider_Name": "Microsoft-Windows-GroupPolicy", "Computer": "DESKTOP-OFJ6N53", "TimeCreated": "2025-08-22 04:00:47.462366+00:00", "RecordID": "895529", "Level": "4", "UserID": "S-1-5-18", "EventData.IsMachine": "False", "EventData.WinlogonReturnTimeElapsedInMilliseconds": "0"}
{"EventID": "4117", "Channel": "Microsoft-Windows-GroupPolicy/Operational", "Provider_Name": "Microsoft-Windows-GroupPolicy", "Computer": "DESKTOP-OFJ6N53", "TimeCreated": "2025-08-22 04:00:47.463209+00:00", "RecordID": "895530", "Level": "4", "UserID": "S-1-5-18", "EventData.IsMachine": "True", "EventData.IsBackgroundProcessing": "True", "EventData.IsAsyncProcessing": "False"}
{"EventID": "5351", "Channel": "Microsoft-Windows-GroupPolicy/Operational", "Provider_Name": "Microsoft-Windows-GroupPolicy", "Computer": "DESKTOP-OFJ6N53", "TimeCreated": "2025-08-22 04:00:47.464708+00:00", "RecordID": "895531", "Level": "4", "UserID": "S-1-5-18", "EventData.IsMachine": "False", "EventData.WinlogonReturnTimeElapsedInMilliseconds": "0"}
{"EventID": "4117", "Channel": "Microsoft-Windows-GroupPolicy/Operational", "Provider_Name": "Microsoft-Windows-GroupPolicy", "Computer": "DESKTOP-OFJ6N53", "TimeCreated": "2025-08-22 04:00:47.466129+00:00", "RecordID": "895532", "Level": "4", "UserID": "S-1-5-18", "EventData.IsMachine": "False", "EventData.IsBackgroundProcessing": "True", "EventData.IsAsyncProcessing": "False"}
{"EventID": "5116", "Channel": "Microsoft-Windows-GroupPolicy/Operational", "Provider_Name": "Microsoft-Windows-GroupPolicy", "Computer": "DESKTOP-OFJ6N53", "TimeCreated": "2025-08-22 04:00:47.466393+00:00", "RecordID": "895533", "Level": "4", "UserID": "S-1-5-18", "EventData.GpsvcInitTimeElapsedInMilliseconds": "16"}
{"EventID": "5320", "Channel": "Microsoft-Windows-GroupPolicy/Operational", "Provider_Name": "Microsoft-Windows-GroupPolicy", "Computer": "DESKTOP-OFJ6N53", "TimeCreated": "2025-08-22 04:00:47.466963+00:00", "RecordID": "895534", "Level": "4", "UserID": "S-1-5-18", "EventData.InfoDescription": "%%4168"}
{"EventID": "5320", "Channel": "Microsoft-Windows-GroupPolicy/Operational", "Provider_Name": "Microsoft-Windows-GroupPolicy", "Computer": "DESKTOP-OFJ6N53", "TimeCreated": "2025-08-22 04:00:47.466988+00:00", "RecordID": "895535", "Level": "4", "UserID": "S-1-5-18", "EventData.InfoDescription": "%%4160"}
{"EventID": "5320", "Channel": "Microsoft-Windows-GroupPolicy/Operational", "Provider_Name": "Microsoft-Windows-GroupPolicy", "Computer": "DESKTOP-OFJ6N53", "TimeCreated": "2025-08-22 04:00:47.466990+00:00", "RecordID": "895536", "Level": "4", "UserID": "S-1-5-18", "EventData.InfoDescription": "%%4166"}
{"EventID": "5321", "Channel": "Microsoft-Windows-GroupPolicy/Operational", "Provider_Name": "Microsoft-Windows-GroupPolicy", "Computer": "DESKTOP-OFJ6N53", "TimeCreated": "2025-08-22 04:00:47.467653+00:00", "RecordID": "895537", "Level": "4", "UserID": "S-1-5-18", "EventData.InfoDescription": "%%4167", "EventData.OperationParameter1": "55e7f443-037c-4ba4-92ce-800a8139ee8d"}
{"EventID": "5117", "Channel": "Microsoft-Windows-GroupPolicy/Operational", "Provider_Name": "Microsoft-Windows-GroupPolicy", "Computer": "DESKTOP-OFJ6N53", "TimeCreated": "2025-08-22 04:00:47.467710+00:00", "RecordID": "895538", "Level": "4", "UserID": "S-1-5-18", "EventData.IsMachine": "False", "EventData.SessionTimeElapsedInMilliseconds": "0"}
{"EventID": "5117", "Channel": "Microsoft-Windows-GroupPolicy/Operational", "Provider_Name": "Microsoft-Windows-GroupPolicy", "Computer": "DESKTOP-OFJ6N53", "TimeCreated": "2025-08-22 04:00:47.468157+00:00", "RecordID": "895539", "Level": "4", "UserID": "S-1-5-18", "EventData.IsMachine": "True", "EventData.SessionTimeElapsedInMilliseconds": "0"}
{"EventID": "4116", "Channel": "Microsoft-Windows-GroupPolicy/Operational", "Provider_Name": "Microsoft-Windows-GroupPolicy", "Computer": "DESKTOP-OFJ6N53", "TimeCreated": "2025-08-22 04:15:47.693119+00:00", "RecordID": "895540", "Level": "4", "UserID": "S-1-5-18"}
{"EventID": "4115", "Channel": "Microsoft-Windows-GroupPolicy/Operational", "Provider_Name": "Microsoft-Windows-GroupPolicy", "Computer": "DESKTOP-OFJ6N53", "TimeCreated": "2025-08-22 04:15:47.818079+00:00", "RecordID": "895541", "Level": "4", "UserID": "S-1-5-18", "EventData.IsServiceRestart": "True", "EventData.IsMachineBoot": "False"}
{"EventID": "5324", "Channel": "Microsoft-Windows-GroupPolicy/Operational", "Provider_Name": "Microsoft-Windows-GroupPolicy", "Computer": "DESKTOP-OFJ6N53", "TimeCreated": "2025-08-22 04:15:47.818663+00:00", "RecordID": "895542", "Level": "4", "UserID": "S-1-5-18", "EventData.NotificationType": "0", "EventData.SessionId": "0"}
{"EventID": "5351", "Channel": "Microsoft-Windows-GroupPolicy/Operational", "Provider_Name": "Microsoft-Windows-GroupPolicy", "Computer": "DESKTOP-OFJ6N53", "TimeCreated": "2025-08-22 04:15:47.818752+00:00", "RecordID": "895543", "Level": "4", "UserID": "S-1-5-18", "EventData.IsMachine": "False", "EventData.WinlogonReturnTimeElapsedInMilliseconds": "0"}
{"EventID": "4117", "Channel": "Microsoft-Windows-GroupPolicy/Operational", "Provider_Name": "Microsoft-Windows-GroupPolicy", "Computer": "DESKTOP-OFJ6N53", "TimeCreated": "2025-08-22 04:15:47.820076+00:00", "RecordID": "895544", "Level": "4", "UserID": "S-1-5-18", "EventData.IsMachine": "True", "EventData.IsBackgroundProcessing": "True", "EventData.IsAsyncProcessing": "False"}
{"EventID": "5351", "Channel": "Microsoft-Windows-GroupPolicy/Operational", "Provider_Name": "Microsoft-Windows-GroupPolicy", "Computer": "DESKTOP-OFJ6N53", "TimeCreated": "2025-08-22 04:15:47.822166+00:00", "RecordID": "895545", "Level": "4", "UserID": "S-1-5-18", "EventData.IsMachine": "False", "EventData.WinlogonReturnTimeElapsedInMilliseconds": "0"}
{"EventID": "4117", "Channel": "Microsoft-Windows-GroupPolicy/Operational", "Provider_Name": "Microsoft-Windows-GroupPolicy", "Computer": "DESKTOP-OFJ6N53", "TimeCreated": "2025-08-22 04:15:47.823393+00:00", "RecordID": "895546", "Level": "4", "UserID": "S-1-5-18", "EventData.IsMachine": "False", "EventData.IsBackgroundProcessing": "True", "EventData.IsAsyncProcessing": "False"}
{"EventID": "5116", "Channel": "Microsoft-Windows-GroupPolicy/Operational", "Provider_Name": "Microsoft-Windows-GroupPolicy", "Computer": "DESKTOP-OFJ6N53", "TimeCreated": "2025-08-22 04:15:47.823984+00:00", "RecordID": "895547", "Level": "4", "UserID": "S-1-5-18", "EventData.GpsvcInitTimeElapsedInMilliseconds": "140"}
{"EventID": "5320", "Channel": "Microsoft-Windows-GroupPolicy/Operational", "Provider_Name": "Microsoft-Windows-GroupPolicy", "Computer": "DESKTOP-OFJ6N53", "TimeCreated": "2025-08-22 04:15:47.824482+00:00", "RecordID": "895548", "Level": "4", "UserID": "S-1-5-18", "EventData.InfoDescription": "%%4168"}
{"EventID": "5320", "Channel": "Microsoft-Windows-GroupPolicy/Operational", "Provider_Name": "Microsoft-Windows-GroupPolicy", "Computer": "DESKTOP-OFJ6N53", "TimeCreated": "2025-08-22 04:15:47.824503+00:00", "RecordID": "895549", "Level": "4", "UserID": "S-1-5-18", "EventData.InfoDescription": "%%4160"}
{"EventID": "5320", "Channel": "Microsoft-Windows-GroupPolicy/Operational", "Provider_Name": "Microsoft-Windows-GroupPolicy", "Computer": "DESKTOP-OFJ6N53", "TimeCreated": "2025-08-22 04:15:47.824505+00:00", "RecordID": "895550", "Level": "4", "UserID": "S-1-5-18", "EventData.InfoDescription": "%%4166"}
{"EventID": "5117", "Channel": "Microsoft-Windows-GroupPolicy/Operational", "Provider_Name": "Microsoft-Windows-GroupPolicy", "Computer": "DESKTOP-OFJ6N53", "TimeCreated": "2025-08-22 04:15:47.824816+00:00", "RecordID": "895551", "Level": "4", "UserID": "S-1-5-18", "EventData.IsMachine": "False", "EventData.SessionTimeElapsedInMilliseconds": "0"}
{"EventID": "5321", "Channel": "Microsoft-Windows-GroupPolicy/Operational", "Provider_Name": "Microsoft-Windows-GroupPolicy", "Computer": "DESKTOP-OFJ6N53", "TimeCreated": "2025-08-22 04:15:47.825056+00:00", "RecordID": "895552", "Level": "4", "UserID": "S-1-5-18", "EventData.InfoDescription": "%%4167", "EventData.OperationParameter1": "8a785a92-f691-4b84-b109-ec83c4764e3b"}
{"EventID": "5117", "Channel": "Microsoft-Windows-GroupPolicy/Operational", "Provider_Name": "Microsoft-Windows-GroupPolicy", "Computer": "DESKTOP-OFJ6N53", "TimeCreated": "2025-08-22 04:15:47.848606+00:00", "RecordID": "895553", "Level": "4", "UserID": "S-1-5-18", "EventData.IsMachine": "True", "EventData.SessionTimeElapsedInMilliseconds": "31"}
{"EventID": "4116", "Channel": "Microsoft-Windows-GroupPolicy/Operational", "Provider_Name": "Microsoft-Windows-GroupPolicy", "Computer": "DESKTOP-OFJ6N53", "TimeCreated": "2025-08-22 04:30:47.892778+00:00", "RecordID": "895554", "Level": "4", "UserID": "S-1-5-18"}
{"EventID": "4115", "Channel": "Microsoft-Windows-GroupPolicy/Operational", "Provider_Name": "Microsoft-Windows-GroupPolicy", "Computer": "DESKTOP-OFJ6N53", "TimeCreated": "2025-08-22 04:30:47.894867+00:00", "RecordID": "895555", "Level": "4", "UserID": "S-1-5-18", "EventData.IsServiceRestart": "True", "EventData.IsMachineBoot": "False"}
{"EventID": "5324", "Channel": "Microsoft-Windows-GroupPolicy/Operational", "Provider_Name": "Microsoft-Windows-GroupPolicy", "Computer": "DESKTOP-OFJ6N53", "TimeCreated": "2025-08-22 04:30:47.895273+00:00", "RecordID": "895556", "Level": "4", "UserID": "S-1-5-18", "EventData.NotificationType": "0", "EventData.SessionId": "0"}
{"EventID": "5351", "Channel": "Microsoft-Windows-GroupPolicy/Operational", "Provider_Name": "Microsoft-Windows-GroupPolicy", "Computer": "DESKTOP-OFJ6N53", "TimeCreated": "2025-08-22 04:30:47.895317+00:00", "RecordID": "895557", "Level": "4", "UserID": "S-1-5-18", "EventData.IsMachine": "False", "EventData.WinlogonReturnTimeElapsedInMilliseconds": "0"}
{"EventID": "4117", "Channel": "Microsoft-Windows-GroupPolicy/Operational", "Provider_Name": "Microsoft-Windows-GroupPolicy", "Computer": "DESKTOP-OFJ6N53", "TimeCreated": "2025-08-22 04:30:47.896175+00:00", "RecordID": "895558", "Level": "4", "UserID": "S-1-5-18", "EventData.IsMachine": "True", "EventData.IsBackgroundProcessing": "True", "EventData.IsAsyncProcessing": "False"}
{"EventID": "5351", "Channel": "Microsoft-Windows-GroupPolicy/Operational", "Provider_Name": "Microsoft-Windows-GroupPolicy", "Computer": "DESKTOP-OFJ6N53", "TimeCreated": "2025-08-22 04:30:47.897888+00:00", "RecordID": "895559", "Level": "4", "UserID": "S-1-5-18", "EventData.IsMachine": "False", "EventData.WinlogonReturnTimeElapsedInMilliseconds": "0"}
{"EventID": "4117", "Channel": "Microsoft-Windows-GroupPolicy/Operational", "Provider_Name": "Microsoft-Windows-GroupPolicy", "Computer": "DESKTOP-OFJ6N53", "TimeCreated": "2025-08-22 04:30:47.899120+00:00", "RecordID": "895560", "Level": "4", "UserID": "S-1-5-18", "EventData.IsMachine": "False", "EventData.IsBackgroundProcessing": "True", "EventData.IsAsyncProcessing": "False"}
{"EventID": "5116", "Channel": "Microsoft-Windows-GroupPolicy/Operational", "Provider_Name": "Microsoft-Windows-GroupPolicy", "Computer": "DESKTOP-OFJ6N53", "TimeCreated": "2025-08-22 04:30:47.899786+00:00", "RecordID": "895561", "Level": "4", "UserID": "S-1-5-18", "EventData.GpsvcInitTimeElapsedInMilliseconds": "16"}
{"EventID": "5320", "Channel": "Microsoft-Windows-GroupPolicy/Operational", "Provider_Name": "Microsoft-Windows-GroupPolicy", "Computer": "DESKTOP-OFJ6N53", "TimeCreated": "2025-08-22 04:30:47.900412+00:00", "RecordID": "895562", "Level": "4", "UserID": "S-1-5-18", "EventData.InfoDescription": "%%4168"}
{"EventID": "5320", "Channel": "Microsoft-Windows-GroupPolicy/Operational", "Provider_Name": "Microsoft-Windows-GroupPolicy", "Computer": "DESKTOP-OFJ6N53", "TimeCreated": "2025-08-22 04:30:47.900440+00:00", "RecordID": "895563", "Level": "4", "UserID": "S-1-5-18", "EventData.InfoDescription": "%%4160"}
{"EventID": "5320", "Channel": "Microsoft-Windows-GroupPolicy/Operational", "Provider_Name": "Microsoft-Windows-GroupPolicy", "Computer": "DESKTOP-OFJ6N53", "TimeCreated": "2025-08-22 04:30:47.900440+00:00", "RecordID": "895564", "Level": "4", "UserID": "S-1-5-18", "EventData.InfoDescription": "%%4166"}
{"EventID": "5321", "Channel": "Microsoft-Windows-GroupPolicy/Operational", "Provider_Name": "Microsoft-Windows-GroupPolicy", "Computer": "DESKTOP-OFJ6N53", "TimeCreated": "2025-08-22 04:30:47.900974+00:00", "RecordID": "895565", "Level": "4", "UserID": "S-1-5-18", "EventData.InfoDescription": "%%4167", "EventData.OperationParameter1": "27b2179c-23b4-406f-8136-fdf6731efd18"}
