{"EventID": "1010", "Channel": "Microsoft-Windows-SMBServer/Operational", "Provider_Name": "Microsoft-Windows-SMBServer", "Computer": "DESKTOP-OFJ6N53", "TimeCreated": "2022-05-16 14:24:39.158426+00:00", "RecordID": "580", "Level": "4", "UserID": "S-1-5-18"}
{"EventID": "1011", "Channel": "Microsoft-Windows-SMBServer/Operational", "Provider_Name": "Microsoft-Windows-SMBServer", "Computer": "DESKTOP-OFJ6N53", "TimeCreated": "2022-05-16 14:25:40.658899+00:00", "RecordID": "581", "Level": "4", "UserID": "S-1-5-18"}
{"EventID": "1010", "Channel": "Microsoft-Windows-SMBServer/Operational", "Provider_Name": "Microsoft-Windows-SMBServer", "Computer": "DESKTOP-OFJ6N53", "TimeCreated": "2022-05-16 14:25:50.535946+00:00", "RecordID": "582", "Level": "4", "UserID": "S-1-5-18"}
{"EventID": "1010", "Channel": "Microsoft-Windows-SMBServer/Operational", "Provider_Name": "Microsoft-Windows-SMBServer", "Computer": "DESKTOP-OFJ6N53", "TimeCreated": "2022-05-16 15:44:55.944330+00:00", "RecordID": "583", "Level": "4", "UserID": "S-1-5-18"}
{"EventID": "1011", "Channel": "Microsoft-Windows-SMBServer/Operational", "Provider_Name": "Microsoft-Windows-SMBServer", "Computer": "DESKTOP-OFJ6N53", "TimeCreated": "2022-05-16 15:45:12.995718+00:00", "RecordID": "584", "Level": "4", "UserID": "S-1-5-18"}
{"EventID": "1011", "Channel": "Microsoft-Windows-SMBServer/Operational", "Provider_Name": "Microsoft-Windows-SMBServer", "Computer": "DESKTOP-OFJ6N53", "TimeCreated": "2022-05-16 15:45:24.111609+00:00", "RecordID": "585", "Level": "4", "UserID": "S-1-5-18"}
{"EventID": "1010", "Channel": "Microsoft-Windows-SMBServer/Operational", "Provider_Name": "Microsoft-Windows-SMBServer", "Computer": "DESKTOP-OFJ6N53", "TimeCreated": "2022-05-16 15:45:31.354136+00:00", "RecordID": "586", "Level": "4", "UserID": "S-1-5-18"}
{"EventID": "1011", "Channel": "Microsoft-Windows-SMBServer/Operational", "Provider_Name": "Microsoft-Windows-SMBServer", "Computer": "DESKTOP-OFJ6N53", "TimeCreated": "2022-05-16 16:26:30.070280+00:00", "RecordID": "587", "Level": "4", "UserID": "S-1-5-18"}
{"EventID": "1010", "Channel": "Microsoft-Windows-SMBServer/Operational", "Provider_Name": "Microsoft-Windows-SMBServer", "Computer": "DESKTOP-OFJ6N53", "TimeCreated": "2022-05-17 12:28:59.648396+00:00", "RecordID": "588", "Level": "4", "UserID": "S-1-5-18"}
{"EventID": "1011", "Channel": "Microsoft-Windows-SMBServer/Operational", "Provider_Name": "Microsoft-Windows-SMBServer", "Computer": "DESKTOP-OFJ6N53", "TimeCreated": "2022-05-17 12:29:18.059029+00:00", "RecordID": "589", "Level": "4", "UserID": "S-1-5-18"}
{"EventID": "1010", "Channel": "Microsoft-Windows-SMBServer/Operational", "Provider_Name": "Microsoft-Windows-SMBServer", "Computer": "DESKTOP-OFJ6N53", "TimeCreated": "2022-05-17 12:29:30.996248+00:00", "RecordID": "590", "Level": "4", "UserID": "S-1-5-18"}
{"EventID": "1010", "Channel": "Microsoft-Windows-SMBServer/Operational", "Provider_Name": "Microsoft-Windows-SMBServer", "Computer": "DESKTOP-OFJ6N53", "TimeCreated": "2022-05-17 15:17:56.311331+00:00", "RecordID": "591", "Level": "4", "UserID": "S-1-5-18"}
{"EventID": "1011", "Channel": "Microsoft-Windows-SMBServer/Operational", "Provider_Name": "Microsoft-Windows-SMBServer", "Computer": "DESKTOP-OFJ6N53", "TimeCreated": "2022-05-17 15:17:56.358637+00:00", "RecordID": "592", "Level": "4", "UserID": "S-1-5-18"}
{"EventID": "1010", "Channel": "Microsoft-Windows-SMBServer/Operational", "Provider_Name": "Microsoft-Windows-SMBServer", "Computer": "DESKTOP-OFJ6N53", "TimeCreated": "2022-05-17 15:18:04.026478+00:00", "RecordID": "593", "Level": "4", "UserID": "S-1-5-18"}
{"EventID": "1011", "Channel": "Microsoft-Windows-SMBServer/Operational", "Provider_Name": "Microsoft-Windows-SMBServer", "Computer": "DESKTOP-OFJ6N53", "TimeCreated": "2022-05-17 17:38:36.845444+00:00", "RecordID": "594", "Level": "4", "UserID": "S-1-5-18"}
{"EventID": "1010", "Channel": "Microsoft-Windows-SMBServer/Operational", "Provider_Name": "Microsoft-Windows-SMBServer", "Computer": "DESKTOP-OFJ6N53", "TimeCreated": "2022-05-17 17:38:40.947104+00:00", "RecordID": "595", "Level": "4", "UserID": "S-1-5-18"}
{"EventID": "1011", "Channel": "Microsoft-Windows-SMBServer/Operational", "Provider_Name": "Microsoft-Windows-SMBServer", "Computer": "DESKTOP-OFJ6N53", "TimeCreated": "2022-05-17 17:39:03.852997+00:00", "RecordID": "596", "Level": "4", "UserID": "S-1-5-18"}
{"EventID": "1010", "Channel": "Microsoft-Windows-SMBServer/Operational", "Provider_Name": "Microsoft-Windows-SMBServer", "Computer": "DESKTOP-OFJ6N53", "TimeCreated": "2022-05-17 17:39:07.536552+00:00", "RecordID": "597", "Level": "4", "UserID": "S-1-5-18"}
{"EventID": "1011", "Channel": "Microsoft-Windows-SMBServer/Operational", "Provider_Name": "Microsoft-Windows-SMBServer", "Computer": "DESKTOP-OFJ6N53", "TimeCreated": "2022-05-17 17:39:28.886667+00:00", "RecordID": "598", "Level": "4", "UserID": "S-1-5-18"}
{"EventID": "1010", "Channel": "Microsoft-Windows-SMBServer/Operational", "Provider_Name": "Microsoft-Windows-SMBServer", "Computer": "DESKTOP-OFJ6N53", "TimeCreated": "2022-05-17 17:39:32.494909+00:00", "RecordID": "599", "Level": "4", "UserID": "S-1-5-18"}
{"EventID": "1011", "Channel": "Microsoft-Windows-SMBServer/Operational", "Provider_Name": "Microsoft-Windows-SMBServer", "Computer": "DESKTOP-OFJ6N53", "TimeCreated": "2022-05-17 17:39:41.734478+00:00", "RecordID": "600", "Level": "4", "UserID": "S-1-5-18"}
{"EventID": "1010", "Channel": "Microsoft-Windows-SMBServer/Operational", "Provider_Name": "Microsoft-Windows-SMBServer", "Computer": "DESKTOP-OFJ6N53", "TimeCreated": "2022-05-17 17:39:45.008171+00:00", "RecordID": "601", "Level": "4", "UserID": "S-1-5-18"}
{"EventID": "1011", "Channel": "Microsoft-Windows-SMBServer/Operational", "Provider_Name": "Microsoft-Windows-SMBServer", "Computer": "DESKTOP-OFJ6N53", "TimeCreated": "2022-05-17 17:40:10.937235+00:00", "RecordID": "602", "Level": "4", "UserID": "S-1-5-18"}
{"EventID": "1010", "Channel": "Microsoft-Windows-SMBServer/Operational", "Provider_Name": "Microsoft-Windows-SMBServer", "Computer": "DESKTOP-OFJ6N53", "TimeCreated": "2022-05-17 17:40:14.497585+00:00", "RecordID": "603", "Level": "4", "UserID": "S-1-5-18"}
{"EventID": "1011", "Channel": "Microsoft-Windows-SMBServer/Operational", "Provider_Name": "Microsoft-Windows-SMBServer", "Computer": "DESKTOP-OFJ6N53", "TimeCreated": "2022-05-17 17:40:27.788340+00:00", "RecordID": "604", "Level": "4", "UserID": "S-1-5-18"}
{"EventID": "1010", "Channel": "Microsoft-Windows-SMBServer/Operational", "Provider_Name": "Microsoft-Windows-SMBServer", "Computer": "DESKTOP-OFJ6N53", "TimeCreated": "2022-05-17 17:40:31.457422+00:00", "RecordID": "605", "Level": "4", "UserID": "S-1-5-18"}
{"EventID": "1011", "Channel": "Microsoft-Windows-SMBServer/Operational", "Provider_Name": "Microsoft-Windows-SMBServer", "Computer": "DESKTOP-OFJ6N53", "TimeCreated": "2022-05-17 17:41:17.002081+00:00", "RecordID": "606", "Level": "4", "UserID": "S-1-5-18"}
{"EventID": "1010", "Channel": "Microsoft-Windows-SMBServer/Operational", "Provider_Name": "Microsoft-Windows-SMBServer", "Computer": "DESKTOP-OFJ6N53", "TimeCreated": "2022-05-17 17:41:20.465832+00:00", "RecordID": "607", "Level": "4", "UserID": "S-1-5-18"}
{"EventID": "1011", "Channel": "Microsoft-Windows-SMBServer/Operational", "Provider_Name": "Microsoft-Windows-SMBServer", "Computer": "DESKTOP-OFJ6N53", "TimeCreated": "2022-05-17 17:41:54.038107+00:00", "RecordID": "608", "Level": "4", "UserID": "S-1-5-18"}
{"EventID": "1010", "Channel": "Microsoft-Windows-SMBServer/Operational", "Provider_Name": "Microsoft-Windows-SMBServer", "Computer": "DESKTOP-OFJ6N53", "TimeCreated": "2022-05-17 17:41:57.483040+00:00", "RecordID": "609", "Level": "4", "UserID": "S-1-5-18"}
{"EventID": "1011", "Channel": "Microsoft-Windows-SMBServer/Operational", "Provider_Name": "Microsoft-Windows-SMBServer", "Computer": "DESKTOP-OFJ6N53", "TimeCreated": "2022-05-17 17:42:32.824581+00:00", "RecordID": "610", "Level": "4", "UserID": "S-1-5-18"}
{"EventID": "1010", "Channel": "Microsoft-Windows-SMBServer/Operational", "Provider_Name": "Microsoft-Windows-SMBServer", "Computer": "DESKTOP-OFJ6N53", "TimeCreated": "2022-05-17 17:42:36.478508+00:00", "RecordID": "611", "Level": "4", "UserID": "S-1-5-18"}
{"EventID": "1011", "Channel": "Microsoft-Windows-SMBServer/Operational", "Provider_Name": "Microsoft-Windows-SMBServer", "Computer": "DESKTOP-OFJ6N53", "TimeCreated": "2022-05-17 17:43:13.517866+00:00", "RecordID": "612", "Level": "4", "UserID": "S-1-5-18"}
{"EventID": "1010", "Channel": "Microsoft-Windows-SMBServer/Operational", "Provider_Name": "Microsoft-Windows-SMBServer", "Computer": "DESKTOP-OFJ6N53", "TimeCreated": "2022-05-17 17:43:16.996126+00:00", "RecordID": "613", "Level": "4", "UserID": "S-1-5-18"}
{"EventID": "1011", "Channel": "Microsoft-Windows-SMBServer/Operational", "Provider_Name": "Microsoft-Windows-SMBServer", "Computer": "DESKTOP-OFJ6N53", "TimeCreated": "2022-05-17 17:43:56.395197+00:00", "RecordID": "614", "Level": "4", "UserID": "S-1-5-18"}
{"EventID": "1010", "Channel": "Microsoft-Windows-SMBServer/Operational", "Provider_Name": "Microsoft-Windows-SMBServer", "Computer": "DESKTOP-OFJ6N53", "TimeCreated": "2022-05-17 17:43:59.984137+00:00", "RecordID": "615", "Level": "4", "UserID": "S-1-5-18"}
{"EventID": "1011", "Channel": "Microsoft-Windows-SMBServer/Operational", "Provider_Name": "Microsoft-Windows-SMBServer", "Computer": "DESKTOP-OFJ6N53", "TimeCreated": "2022-05-17 17:44:41.354856+00:00", "RecordID": "616", "Level": "4", "UserID": "S-1-5-18"}
{"EventID": "1010", "Channel": "Microsoft-Windows-SMBServer/Operational", "Provider_Name": "Microsoft-Windows-SMBServer", "Computer": "DESKTOP-OFJ6N53", "TimeCreated": "2022-05-17 17:44:44.951168+00:00", "RecordID": "617", "Level": "4", "UserID": "S-1-5-18"}
{"EventID": "1011", "Channel": "Microsoft-Windows-SMBServer/Operational", "Provider_Name": "Microsoft-Windows-SMBServer", "Computer": "DESKTOP-OFJ6N53", "TimeCreated": "2022-05-17 17:45:28.372355+00:00", "RecordID": "618", "Level": "4", "UserID": "S-1-5-18"}
{"EventID": "1010", "Channel": "Microsoft-Windows-SMBServer/Operational", "Provider_Name": "Microsoft-Windows-SMBServer", "Computer": "DESKTOP-OFJ6N53", "TimeCreated": "2022-05-17 17:45:31.966539+00:00", "RecordID": "619", "Level": "4", "UserID": "S-1-5-18"}
{"EventID": "1011", "Channel": "Microsoft-Windows-SMBServer/Operational", "Provider_Name": "Microsoft-Windows-SMBServer", "Computer": "DESKTOP-OFJ6N53", "TimeCreated": "2022-05-17 17:46:17.267134+00:00", "RecordID": "620", "Level": "4", "UserID": "S-1-5-18"}
{"EventID": "1010", "Channel": "Microsoft-Windows-SMBServer/Operational", "Provider_Name": "Microsoft-Windows-SMBServer", "Computer": "DESKTOP-OFJ6N53", "TimeCreated": "2022-05-17 17:46:20.946547+00:00", "RecordID": "621", "Level": "4", "UserID": "S-1-5-18"}
{"EventID": "1011", "Channel": "Microsoft-Windows-SMBServer/Operational", "Provider_Name": "Microsoft-Windows-SMBServer", "Computer": "DESKTOP-OFJ6N53", "TimeCreated": "2022-05-17 17:47:08.060667+00:00", "RecordID": "622", "Level": "4", "UserID": "S-1-5-18"}
{"EventID": "1010", "Channel": "Microsoft-Windows-SMBServer/Operational", "Provider_Name": "Microsoft-Windows-SMBServer", "Computer": "DESKTOP-OFJ6N53", "TimeCreated": "2022-05-17 17:47:11.452528+00:00", "RecordID": "623", "Level": "4", "UserID": "S-1-5-18"}
{"EventID": "1011", "Channel": "Microsoft-Windows-SMBServer/Operational", "Provider_Name": "Microsoft-Windows-SMBServer", "Computer": "DESKTOP-OFJ6N53", "TimeCreated": "2022-05-17 17:48:01.068142+00:00", "RecordID": "624", "Level": "4", "UserID": "S-1-5-18"}
{"EventID": "1010", "Channel": "Microsoft-Windows-SMBServer/Operational", "Provider_Name": "Microsoft-Windows-SMBServer", "Computer": "DESKTOP-OFJ6N53", "TimeCreated": "2022-05-17 17:48:04.524120+00:00", "RecordID": "625", "Level": "4", "UserID": "S-1-5-18"}
{"EventID": "1011", "Channel": "Microsoft-Windows-SMBServer/Operational", "Provider_Name": "Microsoft-Windows-SMBServer", "Computer": "DESKTOP-OFJ6N53", "TimeCreated": "2022-05-17 17:48:55.941721+00:00", "RecordID": "626", "Level": "4", "UserID": "S-1-5-18"}
{"EventID": "1010", "Channel": "Microsoft-Windows-SMBServer/Operational", "Provider_Name": "Microsoft-Windows-SMBServer", "Computer": "DESKTOP-OFJ6N53", "TimeCreated": "2022-05-17 17:48:59.492149+00:00", "RecordID": "627", "Level": "4", "UserID": "S-1-5-18"}
{"EventID": "1011", "Channel": "Microsoft-Windows-SMBServer/Operational", "Provider_Name": "Microsoft-Windows-SMBServer", "Computer": "DESKTOP-OFJ6N53", "TimeCreated": "2022-05-17 17:49:50.935160+00:00", "RecordID": "628", "Level": "4", "UserID": "S-1-5-18"}
{"EventID": "1010", "Channel": "Microsoft-Windows-SMBServer/Operational", "Provider_Name": "Microsoft-Windows-SMBServer", "Computer": "DESKTOP-OFJ6N53", "TimeCreated": "2022-05-17 17:49:54.456804+00:00", "RecordID": "629", "Level": "4", "UserID": "S-1-5-18"}
{"EventID": "1011", "Channel": "Microsoft-Windows-SMBServer/Operational", "Provider_Name": "Microsoft-Windows-SMBServer", "Computer": "DESKTOP-OFJ6N53", "TimeCreated": "2022-05-17 17:50:45.859707+00:00", "RecordID": "630", "Level": "4", "UserID": "S-1-5-18"}
{"EventID": "1010", "Channel": "Microsoft-Windows-SMBServer/Operational", "Provider_Name": "Microsoft-Windows-SMBServer", "Computer": "DESKTOP-OFJ6N53", "TimeCreated": "2022-05-17 17:50:49.474686+00:00", "RecordID": "631", "Level": "4", "UserID": "S-1-5-18"}
{"EventID": "1011", "Channel": "Microsoft-Windows-SMBServer/Operational", "Provider_Name": "Microsoft-Windows-SMBServer", "Computer": "DESKTOP-OFJ6N53", "TimeCreated": "2022-05-17 17:51:40.791351+00:00", "RecordID": "632", "Level": "4", "UserID": "S-1-5-18"}
{"EventID": "1010", "Channel": "Microsoft-Windows-SMBServer/Operational", "Provider_Name": "Microsoft-Windows-SMBServer", "Computer": "DESKTOP-OFJ6N53", "TimeCreated": "2022-05-17 17:51:44.017742+00:00", "RecordID": "633", "Level": "4", "UserID": "S-1-5-18"}
{"EventID": "1011", "Channel": "Microsoft-Windows-SMBServer/Operational", "Provider_Name": "Microsoft-Windows-SMBServer", "Computer": "DESKTOP-OFJ6N53", "TimeCreated": "2022-05-17 17:52:35.674530+00:00", "RecordID": "634", "Level": "4", "UserID": "S-1-5-18"}
{"EventID": "1010", "Channel": "Microsoft-Windows-SMBServer/Operational", "Provider_Name": "Microsoft-Windows-SMBServer", "Computer": "DESKTOP-OFJ6N53", "TimeCreated": "2022-05-17 17:52:39.016172+00:00", "RecordID": "635", "Level": "4", "UserID": "S-1-5-18"}
{"EventID": "1011", "Channel": "Microsoft-Windows-SMBServer/Operational", "Provider_Name": "Microsoft-Windows-SMBServer", "Computer": "DESKTOP-OFJ6N53", "TimeCreated": "2022-05-17 17:53:30.564035+00:00", "RecordID": "636", "Level": "4", "UserID": "S-1-5-18"}
{"EventID": "1010", "Channel": "Microsoft-Windows-SMBServer/Operational", "Provider_Name": "Microsoft-Windows-SMBServer", "Computer": "DESKTOP-OFJ6N53", "TimeCreated": "2022-05-17 17:53:33.958334+00:00", "RecordID": "637", "Level": "4", "UserID": "S-1-5-18"}
{"EventID": "1011", "Channel": "Microsoft-Windows-SMBServer/Operational", "Provider_Name": "Microsoft-Windows-SMBServer", "Computer": "DESKTOP-OFJ6N53", "TimeCreated": "2022-05-17 17:54:25.437752+00:00", "RecordID": "638", "Level": "4", "UserID": "S-1-5-18"}
{"EventID": "1010", "Channel": "Microsoft-Windows-SMBServer/Operational", "Provider_Name": "Microsoft-Windows-SMBServer", "Computer": "DESKTOP-OFJ6N53", "TimeCreated": "2022-05-17 17:54:28.970074+00:00", "RecordID": "639", "Level": "4", "UserID": "S-1-5-18"}
{"EventID": "1011", "Channel": "Microsoft-Windows-SMBServer/Operational", "Provider_Name": "Microsoft-Windows-SMBServer", "Computer": "DESKTOP-OFJ6N53", "TimeCreated": "2022-05-17 17:55:20.399656+00:00", "RecordID": "640", "Level": "4", "UserID": "S-1-5-18"}
{"EventID": "1010", "Channel": "Microsoft-Windows-SMBServer/Operational", "Provider_Name": "Microsoft-Windows-SMBServer", "Computer": "DESKTOP-OFJ6N53", "TimeCreated": "2022-05-17 17:55:23.985134+00:00", "RecordID": "641", "Level": "4", "UserID": "S-1-5-18"}
{"EventID": "1011", "Channel": "Microsoft-Windows-SMBServer/Operational", "Provider_Name": "Microsoft-Windows-SMBServer", "Computer": "DESKTOP-OFJ6N53", "TimeCreated": "2022-05-17 17:56:15.149952+00:00", "RecordID": "642", "Level": "4", "UserID": "S-1-5-18"}
{"EventID": "1010", "Channel": "Microsoft-Windows-SMBServer/Operational", "Provider_Name": "Microsoft-Windows-SMBServer", "Computer": "DESKTOP-OFJ6N53", "TimeCreated": "2022-05-17 17:56:18.461246+00:00", "RecordID": "643", "Level": "4", "UserID": "S-1-5-18"}
{"EventID": "1011", "Channel": "Microsoft-Windows-SMBServer/Operational", "Provider_Name": "Microsoft-Windows-SMBServer", "Computer": "DESKTOP-OFJ6N53", "TimeCreated": "2022-05-17 17:57:10.217577+00:00", "RecordID": "644", "Level": "4", "UserID": "S-1-5-18"}
{"EventID": "1010", "Channel": "Microsoft-Windows-SMBServer/Operational", "Provider_Name": "Microsoft-Windows-SMBServer", "Computer": "DESKTOP-OFJ6N53", "TimeCreated": "2022-05-17 17:57:13.478941+00:00", "RecordID": "645", "Level": "4", "UserID": "S-1-5-18"}
{"EventID": "1011", "Channel": "Microsoft-Windows-SMBServer/Operational", "Provider_Name": "Microsoft-Windows-SMBServer", "Computer": "DESKTOP-OFJ6N53", "TimeCreated": "2022-05-17 17:58:05.288477+00:00", "RecordID": "646", "Level": "4", "UserID": "S-1-5-18"}
{"EventID": "1010", "Channel": "Microsoft-Windows-SMBServer/Operational", "Provider_Name": "Microsoft-Windows-SMBServer", "Computer": "DESKTOP-OFJ6N53", "TimeCreated": "2022-05-17 17:58:08.970886+00:00", "RecordID": "647", "Level": "4", "UserID": "S-1-5-18"}
{"EventID": "1011", "Channel": "Microsoft-Windows-SMBServer/Operational", "Provider_Name": "Microsoft-Windows-SMBServer", "Computer": "DESKTOP-OFJ6N53", "TimeCreated": "2022-05-17 17:59:00.241501+00:00", "RecordID": "648", "Level": "4", "UserID": "S-1-5-18"}
{"EventID": "1010", "Channel": "Microsoft-Windows-SMBServer/Operational", "Provider_Name": "Microsoft-Windows-SMBServer", "Computer": "DESKTOP-OFJ6N53", "TimeCreated": "2022-05-17 17:59:03.956022+00:00", "RecordID": "649", "Level": "4", "UserID": "S-1-5-18"}
{"EventID": "1011", "Channel": "Microsoft-Windows-SMBServer/Operational", "Provider_Name": "Microsoft-Windows-SMBServer", "Computer": "DESKTOP-OFJ6N53", "TimeCreated": "2022-05-17 17:59:55.127296+00:00", "RecordID": "650", "Level": "4", "UserID": "S-1-5-18"}
{"EventID": "1010", "Channel": "Microsoft-Windows-SMBServer/Operational", "Provider_Name": "Microsoft-Windows-SMBServer", "Computer": "DESKTOP-OFJ6N53", "TimeCreated": "2022-05-17 17:59:58.490034+00:00", "RecordID": "651", "Level": "4", "UserID": "S-1-5-18"}
{"EventID": "1011", "Channel": "Microsoft-Windows-SMBServer/Operational", "Provider_Name": "Microsoft-Windows-SMBServer", "Computer": "DESKTOP-OFJ6N53", "TimeCreated": "2022-05-17 18:00:50.042866+00:00", "RecordID": "652", "Level": "4", "UserID": "S-1-5-18"}
{"EventID": "1010", "Channel": "Microsoft-Windows-SMBServer/Operational", "Provider_Name": "Microsoft-Windows-SMBServer", "Computer": "DESKTOP-OFJ6N53", "TimeCreated": "2022-05-17 18:00:53.511032+00:00", "RecordID": "653", "Level": "4", "UserID": "S-1-5-18"}
{"EventID": "1011", "Channel": "Microsoft-Windows-SMBServer/Operational", "Provider_Name": "Microsoft-Windows-SMBServer", "Computer": "DESKTOP-OFJ6N53", "TimeCreated": "2022-05-17 18:01:44.991514+00:00", "RecordID": "654", "Level": "4", "UserID": "S-1-5-18"}
{"EventID": "1010", "Channel": "Microsoft-Windows-SMBServer/Operational", "Provider_Name": "Microsoft-Windows-SMBServer", "Computer": "DESKTOP-OFJ6N53", "TimeCreated": "2022-05-17 18:01:48.467577+00:00", "RecordID": "655", "Level": "4", "UserID": "S-1-5-18"}
{"EventID": "1011", "Channel": "Microsoft-Windows-SMBServer/Operational", "Provider_Name": "Microsoft-Windows-SMBServer", "Computer": "DESKTOP-OFJ6N53", "TimeCreated": "2022-05-17 18:02:39.996819+00:00", "RecordID": "656", "Level": "4", "UserID": "S-1-5-18"}
{"EventID": "1010", "Channel": "Microsoft-Windows-SMBServer/Operational", "Provider_Name": "Microsoft-Windows-SMBServer", "Computer": "DESKTOP-OFJ6N53", "TimeCreated": "2022-05-17 18:02:43.499285+00:00", "RecordID": "657", "Level": "4", "UserID": "S-1-5-18"}
{"EventID": "1011", "Channel": "Microsoft-Windows-SMBServer/Operational", "Provider_Name": "Microsoft-Windows-SMBServer", "Computer": "DESKTOP-OFJ6N53", "TimeCreated": "2022-05-17 18:03:34.764715+00:00", "RecordID": "658", "Level": "4", "UserID": "S-1-5-18"}
{"EventID": "1010", "Channel": "Microsoft-Windows-SMBServer/Operational", "Provider_Name": "Microsoft-Windows-SMBServer", "Computer": "DESKTOP-OFJ6N53", "TimeCreated": "2022-05-17 18:03:38.464485+00:00", "RecordID": "659", "Level": "4", "UserID": "S-1-5-18"}
{"EventID": "1011", "Channel": "Microsoft-Windows-SMBServer/Operational", "Provider_Name": "Microsoft-Windows-SMBServer", "Computer": "DESKTOP-OFJ6N53", "TimeCreated": "2022-05-17 18:04:15.328255+00:00", "RecordID": "660", "Level": "4", "UserID": "S-1-5-18"}
{"EventID": "1011", "Channel": "Microsoft-Windows-SMBServer/Operational", "Provider_Name": "Microsoft-Windows-SMBServer", "Computer": "DESKTOP-OFJ6N53", "TimeCreated": "2022-05-17 18:04:29.662729+00:00", "RecordID": "661", "Level": "4", "UserID": "S-1-5-18"}
{"EventID": "1010", "Channel": "Microsoft-Windows-SMBServer/Operational", "Provider_Name": "Microsoft-Windows-SMBServer", "Computer": "DESKTOP-OFJ6N53", "TimeCreated": "2022-05-17 18:04:33.032207+00:00", "RecordID": "662", "Level": "4", "UserID": "S-1-5-18"}
{"EventID": "1011", "Channel": "Microsoft-Windows-SMBServer/Operational", "Provider_Name": "Microsoft-Windows-SMBServer", "Computer": "DESKTOP-OFJ6N53", "TimeCreated": "2022-05-17 18:05:24.437141+00:00", "RecordID": "663", "Level": "4", "UserID": "S-1-5-18"}
{"EventID": "1010", "Channel": "Microsoft-Windows-SMBServer/Operational", "Provider_Name": "Microsoft-Windows-SMBServer", "Computer": "DESKTOP-OFJ6N53", "TimeCreated": "2022-05-17 18:05:27.943029+00:00", "RecordID": "664", "Level": "4", "UserID": "S-1-5-18"}
{"EventID": "1011", "Channel": "Microsoft-Windows-SMBServer/Operational", "Provider_Name": "Microsoft-Windows-SMBServer", "Computer": "DESKTOP-OFJ6N53", "TimeCreated": "2022-05-17 18:06:19.157722+00:00", "RecordID": "665", "Level": "4", "UserID": "S-1-5-18"}
{"EventID": "1010", "Channel": "Microsoft-Windows-SMBServer/Operational", "Provider_Name": "Microsoft-Windows-SMBServer", "Computer": "DESKTOP-OFJ6N53", "TimeCreated": "2022-05-17 18:06:22.474031+00:00", "RecordID": "666", "Level": "4", "UserID": "S-1-5-18"}
{"EventID": "1011", "Channel": "Microsoft-Windows-SMBServer/Operational", "Provider_Name": "Microsoft-Windows-SMBServer", "Computer": "DESKTOP-OFJ6N53", "TimeCreated": "2022-05-17 18:07:13.949833+00:00", "RecordID": "667", "Level": "4", "UserID": "S-1-5-18"}
{"EventID": "1010", "Channel": "Microsoft-Windows-SMBServer/Operational", "Provider_Name": "Microsoft-Windows-SMBServer", "Computer": "DESKTOP-OFJ6N53", "TimeCreated": "2022-05-17 18:07:17.457052+00:00", "RecordID": "668", "Level": "4", "UserID": "S-1-5-18"}
{"EventID": "1011", "Channel": "Microsoft-Windows-SMBServer/Operational", "Provider_Name": "Microsoft-Windows-SMBServer", "Computer": "DESKTOP-OFJ6N53", "TimeCreated": "2022-05-17 18:08:08.799337+00:00", "RecordID": "669", "Level": "4", "UserID": "S-1-5-18"}
{"EventID": "1010", "Channel": "Microsoft-Windows-SMBServer/Operational", "Provider_Name": "Microsoft-Windows-SMBServer", "Computer": "DESKTOP-OFJ6N53", "TimeCreated": "2022-05-17 18:08:12.015303+00:00", "RecordID": "670", "Level": "4", "UserID": "S-1-5-18"}
{"EventID": "1011", "Channel": "Microsoft-Windows-SMBServer/Operational", "Provider_Name": "Microsoft-Windows-SMBServer", "Computer": "DESKTOP-OFJ6N53", "TimeCreated": "2022-05-18 08:01:27.707138+00:00", "RecordID": "671", "Level": "4", "UserID": "S-1-5-18"}
{"EventID": "1010", "Channel": "Microsoft-Windows-SMBServer/Operational", "Provider_Name": "Microsoft-Windows-SMBServer", "Computer": "DESKTOP-OFJ6N53", "TimeCreated": "2022-05-18 08:01:47.985991+00:00", "RecordID": "672", "Level": "4", "UserID": "S-1-5-18"}
{"EventID": "1011", "Channel": "Microsoft-Windows-SMBServer/Operational", "Provider_Name": "Microsoft-Windows-SMBServer", "Computer": "DESKTOP-OFJ6N53", "TimeCreated": "2022-05-18 12:43:12.811106+00:00", "RecordID": "673", "Level": "4", "UserID": "S-1-5-18"}
{"EventID": "1010", "Channel": "Microsoft-Windows-SMBServer/Operational", "Provider_Name": "Microsoft-Windows-SMBServer", "Computer": "DESKTOP-OFJ6N53", "TimeCreated": "2022-05-18 12:43:28.528994+00:00", "RecordID": "674", "Level": "4", "UserID": "S-1-5-18"}
{"EventID": "1011", "Channel": "Microsoft-Windows-SMBServer/Operational", "Provider_Name": "Microsoft-Windows-SMBServer", "Computer": "DESKTOP-OFJ6N53", "TimeCreated": "2022-05-18 12:49:27.436119+00:00", "RecordID": "675", "Level": "4", "UserID": "S-1-5-18"}
{"EventID": "1010", "Channel": "Microsoft-Windows-SMBServer/Operational", "Provider_Name": "Microsoft-Windows-SMBServer", "Computer": "DESKTOP-OFJ6N53", "TimeCreated": "2022-05-18 12:49:44.986597+00:00", "RecordID": "676", "Level": "4", "UserID": "S-1-5-18"}
{"EventID": "1011", "Channel": "Microsoft-Windows-SMBServer/Operational", "Provider_Name": "Microsoft-Windows-SMBServer", "Computer": "DESKTOP-OFJ6N53", "TimeCreated": "2022-05-18 13:40:22.826479+00:00", "RecordID": "677", "Level": "4", "UserID": "S-1-5-18"}
{"EventID": "1010", "Channel": "Microsoft-Windows-SMBServer/Operational", "Provider_Name": "Microsoft-Windows-SMBServer", "Computer": "DESKTOP-OFJ6N53", "TimeCreated": "2022-05-18 13:40:37.984997+00:00", "RecordID": "678", "Level": "4", "UserID": "S-1-5-18"}
{"EventID": "1011", "Channel": "Microsoft-Windows-SMBServer/Operational", "Provider_Name": "Microsoft-Windows-SMBServer", "Computer": "DESKTOP-OFJ6N53", "TimeCreated": "2022-05-18 14:22:25.648239+00:00", "RecordID": "679", "Level": "4", "UserID": "S-1-5-18"}
{"EventID": "1010", "Channel": "Microsoft-Windows-SMBServer/Operational", "Provider_Name": "Microsoft-Windows-SMBServer", "Computer": "DESKTOP-OFJ6N53", "TimeCreated": "2022-05-18 14:22:42.465414+00:00", "RecordID": "680", "Level": "4", "UserID": "S-1-5-18"}
{"EventID": "1011", "Channel": "Microsoft-Windows-SMBServer/Operational", "Provider_Name": "Microsoft-Windows-SMBServer", "Computer": "DESKTOP-OFJ6N53", "TimeCreated": "2022-05-18 15:07:20.225201+00:00", "RecordID": "681", "Level": "4", "UserID": "S-1-5-18"}
{"EventID": "1010", "Channel": "Microsoft-Windows-SMBServer/Operational", "Provider_Name": "Microsoft-Windows-SMBServer", "Computer": "DESKTOP-OFJ6N53", "TimeCreated": "2022-05-18 15:07:36.983036+00:00", "RecordID": "682", "Level": "4", "UserID": "S-1-5-18"}
{"EventID": "1011", "Channel": "Microsoft-Windows-SMBServer/Operational", "Provider_Name": "Microsoft-Windows-SMBServer", "Computer": "DESKTOP-OFJ6N53", "TimeCreated": "2022-05-18 16:10:00.127577+00:00", "RecordID": "683", "Level": "4", "UserID": "S-1-5-18"}
{"EventID": "1010", "Channel": "Microsoft-Windows-SMBServer/Operational", "Provider_Name": "Microsoft-Windows-SMBServer", "Computer": "DESKTOP-OFJ6N53", "TimeCreated": "2022-05-18 16:10:17.081766+00:00", "RecordID": "684", "Level": "4", "UserID": "S-1-5-18"}
{"EventID": "1011", "Channel": "Microsoft-Windows-SMBServer/Operational", "Provider_Name": "Microsoft-Windows-SMBServer", "Computer": "DESKTOP-OFJ6N53", "TimeCreated": "2022-05-18 19:16:51.594061+00:00", "RecordID": "685", "Level": "4", "UserID": "S-1-5-18"}
{"EventID": "1010", "Channel": "Microsoft-Windows-SMBServer/Operational", "Provider_Name": "Microsoft-Windows-SMBServer", "Computer": "DESKTOP-OFJ6N53", "TimeCreated": "2022-05-19 08:53:42.806711+00:00", "RecordID": "686", "Level": "4", "UserID": "S-1-5-18"}
{"EventID": "1001", "Channel": "Microsoft-Windows-SMBServer/Operational", "Provider_Name": "Microsoft-Windows-SMBServer", "Computer": "DESKTOP-OFJ6N53", "TimeCreated": "2022-05-19 10:19:39.998634+00:00", "RecordID": "687", "Level": "4", "UserID": ""}
{"EventID": "1011", "Channel": "Microsoft-Windows-SMBServer/Operational", "Provider_Name": "Microsoft-Windows-SMBServer", "Computer": "DESKTOP-OFJ6N53", "TimeCreated": "2022-05-19 11:09:44.598881+00:00", "RecordID": "688", "Level": "4", "UserID": "S-1-5-18"}
{"EventID": "1010", "Channel": "Microsoft-Windows-SMBServer/Operational", "Provider_Name": "Microsoft-Windows-SMBServer", "Computer": "DESKTOP-OFJ6N53", "TimeCreated": "2022-05-19 11:10:00.984398+00:00", "RecordID": "689", "Level": "4", "UserID": "S-1-5-18"}
{"EventID": "1011", "Channel": "Microsoft-Windows-SMBServer/Operational", "Provider_Name": "Microsoft-Windows-SMBServer", "Computer": "DESKTOP-OFJ6N53", "TimeCreated": "2022-05-19 11:13:06.876451+00:00", "RecordID": "690", "Level": "4", "UserID": "S-1-5-18"}
{"EventID": "1010", "Channel": "Microsoft-Windows-SMBServer/Operational", "Provider_Name": "Microsoft-Windows-SMBServer", "Computer": "DESKTOP-OFJ6N53", "TimeCreated": "2022-05-19 11:13:22.435221+00:00", "RecordID": "691", "Level": "4", "UserID": "S-1-5-18"}
{"EventID": "1011", "Channel": "Microsoft-Windows-SMBServer/Operational", "Provider_Name": "Microsoft-Windows-SMBServer", "Computer": "DESKTOP-OFJ6N53", "TimeCreated": "2022-05-19 11:15:42.029177+00:00", "RecordID": "692", "Level": "4", "UserID": "S-1-5-18"}
{"EventID": "1010", "Channel": "Microsoft-Windows-SMBServer/Operational", "Provider_Name": "Microsoft-Windows-SMBServer", "Computer": "DESKTOP-OFJ6N53", "TimeCreated": "2022-05-19 11:16:13.465717+00:00", "RecordID": "693", "Level": "4", "UserID": "S-1-5-18"}
{"EventID": "1011", "Channel": "Microsoft-Windows-SMBServer/Operational", "Provider_Name": "Microsoft-Windows-SMBServer", "Computer": "DESKTOP-OFJ6N53", "TimeCreated": "2022-05-19 11:18:40.393267+00:00", "RecordID": "694", "Level": "4", "UserID": "S-1-5-18"}
{"EventID": "1010", "Channel": "Microsoft-Windows-SMBServer/Operational", "Provider_Name": "Microsoft-Windows-SMBServer", "Computer": "DESKTOP-OFJ6N53", "TimeCreated": "2022-05-19 11:19:08.966160+00:00", "RecordID": "695", "Level": "4", "UserID": "S-1-5-18"}
{"EventID": "1011", "Channel": "Microsoft-Windows-SMBServer/Operational", "Provider_Name": "Microsoft-Windows-SMBServer", "Computer": "DESKTOP-OFJ6N53", "TimeCreated": "2022-05-19 11:21:41.931038+00:00", "RecordID": "696", "Level": "4", "UserID": "S-1-5-18"}
{"EventID": "1010", "Channel": "Microsoft-Windows-SMBServer/Operational", "Provider_Name": "Microsoft-Windows-SMBServer", "Computer": "DESKTOP-OFJ6N53", "TimeCreated": "2022-05-19 11:22:10.965508+00:00", "RecordID": "697", "Level": "4", "UserID": "S-1-5-18"}
{"EventID": "1011", "Channel": "Microsoft-Windows-SMBServer/Operational", "Provider_Name": "Microsoft-Windows-SMBServer", "Computer": "DESKTOP-OFJ6N53", "TimeCreated": "2022-05-19 11:28:25.203444+00:00", "RecordID": "698", "Level": "4", "UserID": "S-1-5-18"}
{"EventID": "1010", "Channel": "Microsoft-Windows-SMBServer/Operational", "Provider_Name": "Microsoft-Windows-SMBServer", "Computer": "DESKTOP-OFJ6N53", "TimeCreated": "2022-05-19 11:28:41.465309+00:00", "RecordID": "699", "Level": "4", "UserID": "S-1-5-18"}
{"EventID": "1011", "Channel": "Microsoft-Windows-SMBServer/Operational", "Provider_Name": "Microsoft-Windows-SMBServer", "Computer": "DESKTOP-OFJ6N53", "TimeCreated": "2022-05-19 11:48:54.249691+00:00", "RecordID": "700", "Level": "4", "UserID": "S-1-5-18"}
{"EventID": "1010", "Channel": "Microsoft-Windows-SMBServer/Operational", "Provider_Name": "Microsoft-Windows-SMBServer", "Computer": "DESKTOP-OFJ6N53", "TimeCreated": "2022-05-19 11:49:09.015471+00:00", "RecordID": "701", "Level": "4", "UserID": "S-1-5-18"}
{"EventID": "1011", "Channel": "Microsoft-Windows-SMBServer/Operational", "Provider_Name": "Microsoft-Windows-SMBServer", "Computer": "DESKTOP-OFJ6N53", "TimeCreated": "2022-05-19 12:27:31.590433+00:00", "RecordID": "702", "Level": "4", "UserID": "S-1-5-18"}
{"EventID": "1010", "Channel": "Microsoft-Windows-SMBServer/Operational", "Provider_Name": "Microsoft-Windows-SMBServer", "Computer": "DESKTOP-OFJ6N53", "TimeCreated": "2022-05-19 12:27:48.454203+00:00", "RecordID": "703", "Level": "4", "UserID": "S-1-5-18"}
{"EventID": "1011", "Channel": "Microsoft-Windows-SMBServer/Operational", "Provider_Name": "Microsoft-Windows-SMBServer", "Computer": "DESKTOP-OFJ6N53", "TimeCreated": "2022-05-19 12:58:28.742134+00:00", "RecordID": "704", "Level": "4", "UserID": "S-1-5-18"}
{"EventID": "1010", "Channel": "Microsoft-Windows-SMBServer/Operational", "Provider_Name": "Microsoft-Windows-SMBServer", "Computer": "DESKTOP-OFJ6N53", "TimeCreated": "2022-05-19 12:58:44.965807+00:00", "RecordID": "705", "Level": "4", "UserID": "S-1-5-18"}
{"EventID": "1011", "Channel": "Microsoft-Windows-SMBServer/Operational", "Provider_Name": "Microsoft-Windows-SMBServer", "Computer": "DESKTOP-OFJ6N53", "TimeCreated": "2022-05-19 13:38:22.662895+00:00", "RecordID": "706", "Level": "4", "UserID": "S-1-5-18"}
{"EventID": "1010", "Channel": "Microsoft-Windows-SMBServer/Operational", "Provider_Name": "Microsoft-Windows-SMBServer", "Computer": "DESKTOP-OFJ6N53", "TimeCreated": "2022-05-19 13:38:38.449852+00:00", "RecordID": "707", "Level": "4", "UserID": "S-1-5-18"}
{"EventID": "1011", "Channel": "Microsoft-Windows-SMBServer/Operational", "Provider_Name": "Microsoft-Windows-SMBServer", "Computer": "DESKTOP-OFJ6N53", "TimeCreated": "2022-05-20 10:18:44.990927+00:00", "RecordID": "708", "Level": "4", "UserID": "S-1-5-18"}
{"EventID": "1010", "Channel": "Microsoft-Windows-SMBServer/Operational", "Provider_Name": "Microsoft-Windows-SMBServer", "Computer": "DESKTOP-OFJ6N53", "TimeCreated": "2022-05-20 10:19:02.504602+00:00", "RecordID": "709", "Level": "4", "UserID": "S-1-5-18"}
{"EventID": "1011", "Channel": "Microsoft-Windows-SMBServer/Operational", "Provider_Name": "Microsoft-Windows-SMBServer", "Computer": "DESKTOP-OFJ6N53", "TimeCreated": "2022-05-20 10:23:52.975233+00:00", "RecordID": "710", "Level": "4", "UserID": "S-1-5-18"}
{"EventID": "1010", "Channel": "Microsoft-Windows-SMBServer/Operational", "Provider_Name": "Microsoft-Windows-SMBServer", "Computer": "DESKTOP-OFJ6N53", "TimeCreated": "2022-05-20 10:24:09.949938+00:00", "RecordID": "711", "Level": "4", "UserID": "S-1-5-18"}
{"EventID": "1011", "Channel": "Microsoft-Windows-SMBServer/Operational", "Provider_Name": "Microsoft-Windows-SMBServer", "Computer": "DESKTOP-OFJ6N53", "TimeCreated": "2022-05-20 10:28:41.130257+00:00", "RecordID": "712", "Level": "4", "UserID": "S-1-5-18"}
{"EventID": "1010", "Channel": "Microsoft-Windows-SMBServer/Operational", "Provider_Name": "Microsoft-Windows-SMBServer", "Computer": "DESKTOP-OFJ6N53", "TimeCreated": "2022-05-20 10:28:53.953888+00:00", "RecordID": "713", "Level": "4", "UserID": "S-1-5-18"}
{"EventID": "1011", "Channel": "Microsoft-Windows-SMBServer/Operational", "Provider_Name": "Microsoft-Windows-SMBServer", "Computer": "DESKTOP-OFJ6N53", "TimeCreated": "2022-05-20 10:39:02.841093+00:00", "RecordID": "714", "Level": "4", "UserID": "S-1-5-18"}
{"EventID": "1010", "Channel": "Microsoft-Windows-SMBServer/Operational", "Provider_Name": "Microsoft-Windows-SMBServer", "Computer": "DESKTOP-OFJ6N53", "TimeCreated": "2022-05-20 10:39:18.468374+00:00", "RecordID": "715", "Level": "4", "UserID": "S-1-5-18"}
{"EventID": "1011", "Channel": "Microsoft-Windows-SMBServer/Operational", "Provider_Name": "Microsoft-Windows-SMBServer", "Computer": "DESKTOP-OFJ6N53", "TimeCreated": "2022-05-20 11:38:24.430437+00:00", "RecordID": "716", "Level": "4", "UserID": "S-1-5-18"}
{"EventID": "1010", "Channel": "Microsoft-Windows-SMBServer/Operational", "Provider_Name": "Microsoft-Windows-SMBServer", "Computer": "DESKTOP-OFJ6N53", "TimeCreated": "2022-05-20 11:38:41.457502+00:00", "RecordID": "717", "Level": "4", "UserID": "S-1-5-18"}
{"EventID": "1011", "Channel": "Microsoft-Windows-SMBServer/Operational", "Provider_Name": "Microsoft-Windows-SMBServer", "Computer": "DESKTOP-OFJ6N53", "TimeCreated": "2022-05-20 12:05:29.888855+00:00", "RecordID": "718", "Level": "4", "UserID": "S-1-5-18"}
{"EventID": "1010", "Channel": "Microsoft-Windows-SMBServer/Operational", "Provider_Name": "Microsoft-Windows-SMBServer", "Computer": "DESKTOP-OFJ6N53", "TimeCreated": "2022-05-20 12:05:45.480316+00:00", "RecordID": "719", "Level": "4", "UserID": "S-1-5-18"}
{"EventID": "1011", "Channel": "Microsoft-Windows-SMBServer/Operational", "Provider_Name": "Microsoft-Windows-SMBServer", "Computer": "DESKTOP-OFJ6N53", "TimeCreated": "2022-05-20 12:07:40.532248+00:00", "RecordID": "720", "Level": "4", "UserID": "S-1-5-18"}
{"EventID": "1010", "Channel": "Microsoft-Windows-SMBServer/Operational", "Provider_Name": "Microsoft-Windows-SMBServer", "Computer": "DESKTOP-OFJ6N53", "TimeCreated": "2022-05-20 12:07:51.965378+00:00", "RecordID": "721", "Level": "4", "UserID": "S-1-5-18"}
{"EventID": "1011", "Channel": "Microsoft-Windows-SMBServer/Operational", "Provider_Name": "Microsoft-Windows-SMBServer", "Computer": "DESKTOP-OFJ6N53", "TimeCreated": "2022-05-20 12:10:06.326153+00:00", "RecordID": "722", "Level": "4", "UserID": "S-1-5-18"}
{"EventID": "1010", "Channel": "Microsoft-Windows-SMBServer/Operational", "Provider_Name": "Microsoft-Windows-SMBServer", "Computer": "DESKTOP-OFJ6N53", "TimeCreated": "2022-05-20 12:10:20.967455+00:00", "RecordID": "723", "Level": "4", "UserID": "S-1-5-18"}
{"EventID": "1011", "Channel": "Microsoft-Windows-SMBServer/Operational", "Provider_Name": "Microsoft-Windows-SMBServer", "Computer": "DESKTOP-OFJ6N53", "TimeCreated": "2022-05-20 12:13:27.181639+00:00", "RecordID": "724", "Level": "4", "UserID": "S-1-5-18"}
{"EventID": "1010", "Channel": "Microsoft-Windows-SMBServer/Operational", "Provider_Name": "Microsoft-Windows-SMBServer", "Computer": "DESKTOP-OFJ6N53", "TimeCreated": "2022-05-20 12:13:41.980427+00:00", "RecordID": "725", "Level": "4", "UserID": "S-1-5-18"}
{"EventID": "1011", "Channel": "Microsoft-Windows-SMBServer/Operational", "Provider_Name": "Microsoft-Windows-SMBServer", "Computer": "DESKTOP-OFJ6N53", "TimeCreated": "2022-05-20 12:16:51.911253+00:00", "RecordID": "726", "Level": "4", "UserID": "S-1-5-18"}
{"EventID": "1010", "Channel": "Microsoft-Windows-SMBServer/Operational", "Provider_Name": "Microsoft-Windows-SMBServer", "Computer": "DESKTOP-OFJ6N53", "TimeCreated": "2022-05-20 12:17:21.939394+00:00", "RecordID": "727", "Level": "4", "UserID": "S-1-5-18"}
{"EventID": "1011", "Channel": "Microsoft-Windows-SMBServer/Operational", "Provider_Name": "Microsoft-Windows-SMBServer", "Computer": "DESKTOP-OFJ6N53", "TimeCreated": "2022-05-20 12:26:55.866171+00:00", "RecordID": "728", "Level": "4", "UserID": "S-1-5-18"}
{"EventID": "1010", "Channel": "Microsoft-Windows-SMBServer/Operational", "Provider_Name": "Microsoft-Windows-SMBServer", "Computer": "DESKTOP-OFJ6N53", "TimeCreated": "2022-05-20 12:27:10.949015+00:00", "RecordID": "729", "Level": "4", "UserID": "S-1-5-18"}
{"EventID": "1011", "Channel": "Microsoft-Windows-SMBServer/Operational", "Provider_Name": "Microsoft-Windows-SMBServer", "Computer": "DESKTOP-OFJ6N53", "TimeCreated": "2022-05-20 12:30:45.020336+00:00", "RecordID": "730", "Level": "4", "UserID": "S-1-5-18"}
{"EventID": "1010", "Channel": "Microsoft-Windows-SMBServer/Operational", "Provider_Name": "Microsoft-Windows-SMBServer", "Computer": "DESKTOP-OFJ6N53", "TimeCreated": "2022-05-20 12:31:00.449085+00:00", "RecordID": "731", "Level": "4", "UserID": "S-1-5-18"}
{"EventID": "1011", "Channel": "Microsoft-Windows-SMBServer/Operational", "Provider_Name": "Microsoft-Windows-SMBServer", "Computer": "DESKTOP-OFJ6N53", "TimeCreated": "2022-05-20 12:36:14.234625+00:00", "RecordID": "732", "Level": "4", "UserID": "S-1-5-18"}
{"EventID": "1010", "Channel": "Microsoft-Windows-SMBServer/Operational", "Provider_Name": "Microsoft-Windows-SMBServer", "Computer": "DESKTOP-OFJ6N53", "TimeCreated": "2022-05-20 12:36:29.480793+00:00", "RecordID": "733", "Level": "4", "UserID": "S-1-5-18"}
{"EventID": "1011", "Channel": "Microsoft-Windows-SMBServer/Operational", "Provider_Name": "Microsoft-Windows-SMBServer", "Computer": "DESKTOP-OFJ6N53", "TimeCreated": "2022-05-20 12:38:30.309618+00:00", "RecordID": "734", "Level": "4", "UserID": "S-1-5-18"}
{"EventID": "1010", "Channel": "Microsoft-Windows-SMBServer/Operational", "Provider_Name": "Microsoft-Windows-SMBServer", "Computer": "DESKTOP-OFJ6N53", "TimeCreated": "2022-05-20 12:38:43.443352+00:00", "RecordID": "735", "Level": "4", "UserID": "S-1-5-18"}
{"EventID": "1011", "Channel": "Microsoft-Windows-SMBServer/Operational", "Provider_Name": "Microsoft-Windows-SMBServer", "Computer": "DESKTOP-OFJ6N53", "TimeCreated": "2022-05-20 12:38:44.564482+00:00", "RecordID": "736", "Level": "4", "UserID": "S-1-5-18"}
{"EventID": "1010", "Channel": "Microsoft-Windows-SMBServer/Operational", "Provider_Name": "Microsoft-Windows-SMBServer", "Computer": "DESKTOP-OFJ6N53", "TimeCreated": "2022-05-20 12:38:56.466677+00:00", "RecordID": "737", "Level": "4", "UserID": "S-1-5-18"}
{"EventID": "1011", "Channel": "Microsoft-Windows-SMBServer/Operational", "Provider_Name": "Microsoft-Windows-SMBServer", "Computer": "DESKTOP-OFJ6N53", "TimeCreated": "2022-05-20 12:44:49.446636+00:00", "RecordID": "738", "Level": "4", "UserID": "S-1-5-18"}
{"EventID": "1010", "Channel": "Microsoft-Windows-SMBServer/Operational", "Provider_Name": "Microsoft-Windows-SMBServer", "Computer": "DESKTOP-OFJ6N53", "TimeCreated": "2022-05-20 12:45:01.468803+00:00", "RecordID": "739", "Level": "4", "UserID": "S-1-5-18"}
{"EventID": "1011", "Channel": "Microsoft-Windows-SMBServer/Operational", "Provider_Name": "Microsoft-Windows-SMBServer", "Computer": "DESKTOP-OFJ6N53", "TimeCreated": "2022-05-20 12:47:10.914330+00:00", "RecordID": "740", "Level": "4", "UserID": "S-1-5-18"}
{"EventID": "1010", "Channel": "Microsoft-Windows-SMBServer/Operational", "Provider_Name": "Microsoft-Windows-SMBServer", "Computer": "DESKTOP-OFJ6N53", "TimeCreated": "2022-05-20 12:47:25.996067+00:00", "RecordID": "741", "Level": "4", "UserID": "S-1-5-18"}
{"EventID": "1011", "Channel": "Microsoft-Windows-SMBServer/Operational", "Provider_Name": "Microsoft-Windows-SMBServer", "Computer": "DESKTOP-OFJ6N53", "TimeCreated": "2022-05-20 12:50:26.637838+00:00", "RecordID": "742", "Level": "4", "UserID": "S-1-5-18"}
{"EventID": "1010", "Channel": "Microsoft-Windows-SMBServer/Operational", "Provider_Name": "Microsoft-Windows-SMBServer", "Computer": "DESKTOP-OFJ6N53", "TimeCreated": "2022-05-20 12:50:33.915489+00:00", "RecordID": "743", "Level": "4", "UserID": "S-1-5-18"}
{"EventID": "1011", "Channel": "Microsoft-Windows-SMBServer/Operational", "Provider_Name": "Microsoft-Windows-SMBServer", "Computer": "DESKTOP-OFJ6N53", "TimeCreated": "2022-05-20 12:53:13.635479+00:00", "RecordID": "744", "Level": "4", "UserID": "S-1-5-18"}
{"EventID": "1010", "Channel": "Microsoft-Windows-SMBServer/Operational", "Provider_Name": "Microsoft-Windows-SMBServer", "Computer": "DESKTOP-OFJ6N53", "TimeCreated": "2022-05-20 12:53:30.455845+00:00", "RecordID": "745", "Level": "4", "UserID": "S-1-5-18"}
{"EventID": "1011", "Channel": "Microsoft-Windows-SMBServer/Operational", "Provider_Name": "Microsoft-Windows-SMBServer", "Computer": "DESKTOP-OFJ6N53", "TimeCreated": "2022-05-20 13:16:21.144508+00:00", "RecordID": "746", "Level": "4", "UserID": "S-1-5-18"}
{"EventID": "1010", "Channel": "Microsoft-Windows-SMBServer/Operational", "Provider_Name": "Microsoft-Windows-SMBServer", "Computer": "DESKTOP-OFJ6N53", "TimeCreated": "2022-05-20 13:16:35.980614+00:00", "RecordID": "747", "Level": "4", "UserID": "S-1-5-18"}
{"EventID": "1011", "Channel": "Microsoft-Windows-SMBServer/Operational", "Provider_Name": "Microsoft-Windows-SMBServer", "Computer": "DESKTOP-OFJ6N53", "TimeCreated": "2022-05-20 13:19:25.925690+00:00", "RecordID": "748", "Level": "4", "UserID": "S-1-5-18"}
{"EventID": "1010", "Channel": "Microsoft-Windows-SMBServer/Operational", "Provider_Name": "Microsoft-Windows-SMBServer", "Computer": "DESKTOP-OFJ6N53", "TimeCreated": "2022-05-20 13:19:43.953800+00:00", "RecordID": "749", "Level": "4", "UserID": "S-1-5-18"}
{"EventID": "1011", "Channel": "Microsoft-Windows-SMBServer/Operational", "Provider_Name": "Microsoft-Windows-SMBServer", "Computer": "DESKTOP-OFJ6N53", "TimeCreated": "2022-05-20 13:36:23.304167+00:00", "RecordID": "750", "Level": "4", "UserID": "S-1-5-18"}
{"EventID": "1010", "Channel": "Microsoft-Windows-SMBServer/Operational", "Provider_Name": "Microsoft-Windows-SMBServer", "Computer": "DESKTOP-OFJ6N53", "TimeCreated": "2022-05-20 13:36:49.464823+00:00", "RecordID": "751", "Level": "4", "UserID": "S-1-5-18"}
{"EventID": "1011", "Channel": "Microsoft-Windows-SMBServer/Operational", "Provider_Name": "Microsoft-Windows-SMBServer", "Computer": "DESKTOP-OFJ6N53", "TimeCreated": "2022-05-20 13:48:00.833796+00:00", "RecordID": "752", "Level": "4", "UserID": "S-1-5-18"}
{"EventID": "1010", "Channel": "Microsoft-Windows-SMBServer/Operational", "Provider_Name": "Microsoft-Windows-SMBServer", "Computer": "DESKTOP-OFJ6N53", "TimeCreated": "2022-05-20 13:48:15.949169+00:00", "RecordID": "753", "Level": "4", "UserID": "S-1-5-18"}
{"EventID": "1011", "Channel": "Microsoft-Windows-SMBServer/Operational", "Provider_Name": "Microsoft-Windows-SMBServer", "Computer": "DESKTOP-OFJ6N53", "TimeCreated": "2022-05-20 13:55:05.447048+00:00", "RecordID": "754", "Level": "4", "UserID": "S-1-5-18"}
{"EventID": "1010", "Channel": "Microsoft-Windows-SMBServer/Operational", "Provider_Name": "Microsoft-Windows-SMBServer", "Computer": "DESKTOP-OFJ6N53", "TimeCreated": "2022-05-20 13:55:19.949074+00:00", "RecordID": "755", "Level": "4", "UserID": "S-1-5-18"}
{"EventID": "1011", "Channel": "Microsoft-Windows-SMBServer/Operational", "Provider_Name": "Microsoft-Windows-SMBServer", "Computer": "DESKTOP-OFJ6N53", "TimeCreated": "2022-05-20 13:58:31.192551+00:00", "RecordID": "756", "Level": "4", "UserID": "S-1-5-18"}
{"EventID": "1010", "Channel": "Microsoft-Windows-SMBServer/Operational", "Provider_Name": "Microsoft-Windows-SMBServer", "Computer": "DESKTOP-OFJ6N53", "TimeCreated": "2022-05-20 13:58:45.946589+00:00", "RecordID": "757", "Level": "4", "UserID": "S-1-5-18"}
{"EventID": "1011", "Channel": "Microsoft-Windows-SMBServer/Operational", "Provider_Name": "Microsoft-Windows-SMBServer", "Computer": "DESKTOP-OFJ6N53", "TimeCreated": "2022-05-20 14:09:48.257965+00:00", "RecordID": "758", "Level": "4", "UserID": "S-1-5-18"}
{"EventID": "1010", "Channel": "Microsoft-Windows-SMBServer/Operational", "Provider_Name": "Microsoft-Windows-SMBServer", "Computer": "DESKTOP-OFJ6N53", "TimeCreated": "2022-05-20 14:10:02.930229+00:00", "RecordID": "759", "Level": "4", "UserID": "S-1-5-18"}
{"EventID": "1011", "Channel": "Microsoft-Windows-SMBServer/Operational", "Provider_Name": "Microsoft-Windows-SMBServer", "Computer": "DESKTOP-OFJ6N53", "TimeCreated": "2022-05-20 14:29:52.762854+00:00", "RecordID": "760", "Level": "4", "UserID": "S-1-5-18"}
{"EventID": "1010", "Channel": "Microsoft-Windows-SMBServer/Operational", "Provider_Name": "Microsoft-Windows-SMBServer", "Computer": "DESKTOP-OFJ6N53", "TimeCreated": "2022-05-20 14:30:08.980688+00:00", "RecordID": "761", "Level": "4", "UserID": "S-1-5-18"}
{"EventID": "1011", "Channel": "Microsoft-Windows-SMBServer/Operational", "Provider_Name": "Microsoft-Windows-SMBServer", "Computer": "DESKTOP-OFJ6N53", "TimeCreated": "2022-05-20 15:12:19.330236+00:00", "RecordID": "762", "Level": "4", "UserID": "S-1-5-18"}
{"EventID": "1010", "Channel": "Microsoft-Windows-SMBServer/Operational", "Provider_Name": "Microsoft-Windows-SMBServer", "Computer": "DESKTOP-OFJ6N53", "TimeCreated": "2022-05-20 15:12:34.949890+00:00", "RecordID": "763", "Level": "4", "UserID": "S-1-5-18"}
{"EventID": "1011", "Channel": "Microsoft-Windows-SMBServer/Operational", "Provider_Name": "Microsoft-Windows-SMBServer", "Computer": "DESKTOP-OFJ6N53", "TimeCreated": "2022-05-20 15:14:49.449785+00:00", "RecordID": "764", "Level": "4", "UserID": "S-1-5-18"}
{"EventID": "1010", "Channel": "Microsoft-Windows-SMBServer/Operational", "Provider_Name": "Microsoft-Windows-SMBServer", "Computer": "DESKTOP-OFJ6N53", "TimeCreated": "2022-05-20 15:15:15.433666+00:00", "RecordID": "765", "Level": "4", "UserID": "S-1-5-18"}
{"EventID": "1011", "Channel": "Microsoft-Windows-SMBServer/Operational", "Provider_Name": "Microsoft-Windows-SMBServer", "Computer": "DESKTOP-OFJ6N53", "TimeCreated": "2022-05-20 15:16:35.120335+00:00", "RecordID": "766", "Level": "4", "UserID": "S-1-5-18"}
{"EventID": "1010", "Channel": "Microsoft-Windows-SMBServer/Operational", "Provider_Name": "Microsoft-Windows-SMBServer", "Computer": "DESKTOP-OFJ6N53", "TimeCreated": "2022-05-20 15:17:06.480391+00:00", "RecordID": "767", "Level": "4", "UserID": "S-1-5-18"}
{"EventID": "1011", "Channel": "Microsoft-Windows-SMBServer/Operational", "Provider_Name": "Microsoft-Windows-SMBServer", "Computer": "DESKTOP-OFJ6N53", "TimeCreated": "2022-05-20 15:57:22.491114+00:00", "RecordID": "768", "Level": "4", "UserID": "S-1-5-18"}
{"EventID": "1010", "Channel": "Microsoft-Windows-SMBServer/Operational", "Provider_Name": "Microsoft-Windows-SMBServer", "Computer": "DESKTOP-OFJ6N53", "TimeCreated": "2022-05-23 07:36:53.843491+00:00", "RecordID": "769", "Level": "4", "UserID": "S-1-5-18"}
{"EventID": "1011", "Channel": "Microsoft-Windows-SMBServer/Operational", "Provider_Name": "Microsoft-Windows-SMBServer", "Computer": "DESKTOP-OFJ6N53", "TimeCreated": "2022-05-23 08:23:53.045858+00:00", "RecordID": "770", "Level": "4", "UserID": "S-1-5-18"}
{"EventID": "1010", "Channel": "Microsoft-Windows-SMBServer/Operational", "Provider_Name": "Microsoft-Windows-SMBServer", "Computer": "DESKTOP-OFJ6N53", "TimeCreated": "2022-05-23 08:24:11.008070+00:00", "RecordID": "771", "Level": "4", "UserID": "S-1-5-18"}
{"EventID": "1011", "Channel": "Microsoft-Windows-SMBServer/Operational", "Provider_Name": "Microsoft-Windows-SMBServer", "Computer": "DESKTOP-OFJ6N53", "TimeCreated": "2022-05-23 09:23:16.131130+00:00", "RecordID": "772", "Level": "4", "UserID": "S-1-5-18"}
