{"EventID": "2", "Channel": "Microsoft-Windows-TZSync/Operational", "Provider_Name": "Microsoft-Windows-TZSync", "Computer": "DESKTOP-OFJ6N53", "TimeCreated": "2024-01-18 08:58:57.969221+00:00", "RecordID": "201", "Level": "4", "UserID": "S-1-5-18"}
{"EventID": "1", "Channel": "Microsoft-Windows-TZSync/Operational", "Provider_Name": "Microsoft-Windows-TZSync", "Computer": "DESKTOP-OFJ6N53", "TimeCreated": "2024-01-25 08:53:42.589066+00:00", "RecordID": "202", "Level": "4", "UserID": "S-1-5-18"}
{"EventID": "2", "Channel": "Microsoft-Windows-TZSync/Operational", "Provider_Name": "Microsoft-Windows-TZSync", "Computer": "DESKTOP-OFJ6N53", "TimeCreated": "2024-01-25 08:53:46.282295+00:00", "RecordID": "203", "Level": "4", "UserID": "S-1-5-18"}
{"EventID": "1", "Channel": "Microsoft-Windows-TZSync/Operational", "Provider_Name": "Microsoft-Windows-TZSync", "Computer": "DESKTOP-OFJ6N53", "TimeCreated": "2024-02-01 09:00:55.548265+00:00", "RecordID": "204", "Level": "4", "UserID": "S-1-5-18"}
{"EventID": "2", "Channel": "Microsoft-Windows-TZSync/Operational", "Provider_Name": "Microsoft-Windows-TZSync", "Computer": "DESKTOP-OFJ6N53", "TimeCreated": "2024-02-01 09:00:56.660995+00:00", "RecordID": "205", "Level": "4", "UserID": "S-1-5-18"}
{"EventID": "1", "Channel": "Microsoft-Windows-TZSync/Operational", "Provider_Name": "Microsoft-Windows-TZSync", "Computer": "DESKTOP-OFJ6N53", "TimeCreated": "2024-02-08 09:01:25.139938+00:00", "RecordID": "206", "Level": "4", "UserID": "S-1-5-18"}
{"EventID": "2", "Channel": "Microsoft-Windows-TZSync/Operational", "Provider_Name": "Microsoft-Windows-TZSync", "Computer": "DESKTOP-OFJ6N53", "TimeCreated": "2024-02-08 09:01:48.259008+00:00", "RecordID": "207", "Level": "4", "UserID": "S-1-5-18"}
{"EventID": "1", "Channel": "Microsoft-Windows-TZSync/Operational", "Provider_Name": "Microsoft-Windows-TZSync", "Computer": "DESKTOP-OFJ6N53", "TimeCreated": "2024-02-15 09:01:31.435272+00:00", "RecordID": "208", "Level": "4", "UserID": "S-1-5-18"}
{"EventID": "2", "Channel": "Microsoft-Windows-TZSync/Operational", "Provider_Name": "Microsoft-Windows-TZSync", "Computer": "DESKTOP-OFJ6N53", "TimeCreated": "2024-02-15 09:01:35.147747+00:00", "RecordID": "209", "Level": "4", "UserID": "S-1-5-18"}
{"EventID": "1", "Channel": "Microsoft-Windows-TZSync/Operational", "Provider_Name": "Microsoft-Windows-TZSync", "Computer": "DESKTOP-OFJ6N53", "TimeCreated": "2024-02-24 04:24:03.034611+00:00", "RecordID": "210", "Level": "4", "UserID": "S-1-5-18"}
{"EventID": "2", "Channel": "Microsoft-Windows-TZSync/Operational", "Provider_Name": "Microsoft-Windows-TZSync", "Computer": "DESKTOP-OFJ6N53", "TimeCreated": "2024-02-24 04:24:27.982121+00:00", "RecordID": "211", "Level": "4", "UserID": "S-1-5-18"}
{"EventID": "1", "Channel": "Microsoft-Windows-TZSync/Operational", "Provider_Name": "Microsoft-Windows-TZSync", "Computer": "DESKTOP-OFJ6N53", "TimeCreated": "2024-02-29 09:27:51.528521+00:00", "RecordID": "212", "Level": "4", "UserID": "S-1-5-18"}
{"EventID": "2", "Channel": "Microsoft-Windows-TZSync/Operational", "Provider_Name": "Microsoft-Windows-TZSync", "Computer": "DESKTOP-OFJ6N53", "TimeCreated": "2024-02-29 09:27:55.885269+00:00", "RecordID": "213", "Level": "4", "UserID": "S-1-5-18"}
{"EventID": "1", "Channel": "Microsoft-Windows-TZSync/Operational", "Provider_Name": "Microsoft-Windows-TZSync", "Computer": "DESKTOP-OFJ6N53", "TimeCreated": "2024-03-07 09:30:12.520250+00:00", "RecordID": "214", "Level": "4", "UserID": "S-1-5-18"}
{"EventID": "2", "Channel": "Microsoft-Windows-TZSync/Operational", "Provider_Name": "Microsoft-Windows-TZSync", "Computer": "DESKTOP-OFJ6N53", "TimeCreated": "2024-03-07 09:30:56.935724+00:00", "RecordID": "215", "Level": "4", "UserID": "S-1-5-18"}
{"EventID": "1", "Channel": "Microsoft-Windows-TZSync/Operational", "Provider_Name": "Microsoft-Windows-TZSync", "Computer": "DESKTOP-OFJ6N53", "TimeCreated": "2024-03-14 09:05:32.438639+00:00", "RecordID": "216", "Level": "4", "UserID": "S-1-5-18"}
{"EventID": "2", "Channel": "Microsoft-Windows-TZSync/Operational", "Provider_Name": "Microsoft-Windows-TZSync", "Computer": "DESKTOP-OFJ6N53", "TimeCreated": "2024-03-14 09:05:36.973215+00:00", "RecordID": "217", "Level": "4", "UserID": "S-1-5-18"}
{"EventID": "1", "Channel": "Microsoft-Windows-TZSync/Operational", "Provider_Name": "Microsoft-Windows-TZSync", "Computer": "DESKTOP-OFJ6N53", "TimeCreated": "2024-03-21 09:05:55.656399+00:00", "RecordID": "218", "Level": "4", "UserID": "S-1-5-18"}
{"EventID": "2", "Channel": "Microsoft-Windows-TZSync/Operational", "Provider_Name": "Microsoft-Windows-TZSync", "Computer": "DESKTOP-OFJ6N53", "TimeCreated": "2024-03-21 09:06:19.216291+00:00", "RecordID": "219", "Level": "4", "UserID": "S-1-5-18"}
{"EventID": "1", "Channel": "Microsoft-Windows-TZSync/Operational", "Provider_Name": "Microsoft-Windows-TZSync", "Computer": "DESKTOP-OFJ6N53", "TimeCreated": "2024-03-28 09:06:10.288456+00:00", "RecordID": "220", "Level": "4", "UserID": "S-1-5-18"}
{"EventID": "2", "Channel": "Microsoft-Windows-TZSync/Operational", "Provider_Name": "Microsoft-Windows-TZSync", "Computer": "DESKTOP-OFJ6N53", "TimeCreated": "2024-03-28 09:06:32.627928+00:00", "RecordID": "221", "Level": "4", "UserID": "S-1-5-18"}
{"EventID": "1", "Channel": "Microsoft-Windows-TZSync/Operational", "Provider_Name": "Microsoft-Windows-TZSync", "Computer": "DESKTOP-OFJ6N53", "TimeCreated": "2024-04-04 09:05:00.773811+00:00", "RecordID": "222", "Level": "4", "UserID": "S-1-5-18"}
{"EventID": "2", "Channel": "Microsoft-Windows-TZSync/Operational", "Provider_Name": "Microsoft-Windows-TZSync", "Computer": "DESKTOP-OFJ6N53", "TimeCreated": "2024-04-04 09:05:11.149244+00:00", "RecordID": "223", "Level": "4", "UserID": "S-1-5-18"}
{"EventID": "1", "Channel": "Microsoft-Windows-TZSync/Operational", "Provider_Name": "Microsoft-Windows-TZSync", "Computer": "DESKTOP-OFJ6N53", "TimeCreated": "2024-04-11 09:06:58.571667+00:00", "RecordID": "224", "Level": "4", "UserID": "S-1-5-18"}
{"EventID": "2", "Channel": "Microsoft-Windows-TZSync/Operational", "Provider_Name": "Microsoft-Windows-TZSync", "Computer": "DESKTOP-OFJ6N53", "TimeCreated": "2024-04-11 09:07:10.050900+00:00", "RecordID": "225", "Level": "4", "UserID": "S-1-5-18"}
{"EventID": "1", "Channel": "Microsoft-Windows-TZSync/Operational", "Provider_Name": "Microsoft-Windows-TZSync", "Computer": "DESKTOP-OFJ6N53", "TimeCreated": "2024-04-18 08:53:46.566542+00:00", "RecordID": "226", "Level": "4", "UserID": "S-1-5-18"}
{"EventID": "2", "Channel": "Microsoft-Windows-TZSync/Operational", "Provider_Name": "Microsoft-Windows-TZSync", "Computer": "DESKTOP-OFJ6N53", "TimeCreated": "2024-04-18 08:54:03.355993+00:00", "RecordID": "227", "Level": "4", "UserID": "S-1-5-18"}
{"EventID": "1", "Channel": "Microsoft-Windows-TZSync/Operational", "Provider_Name": "Microsoft-Windows-TZSync", "Computer": "DESKTOP-OFJ6N53", "TimeCreated": "2024-04-29 15:20:31.737957+00:00", "RecordID": "228", "Level": "4", "UserID": "S-1-5-18"}
{"EventID": "2", "Channel": "Microsoft-Windows-TZSync/Operational", "Provider_Name": "Microsoft-Windows-TZSync", "Computer": "DESKTOP-OFJ6N53", "TimeCreated": "2024-04-29 15:20:34.645723+00:00", "RecordID": "229", "Level": "4", "UserID": "S-1-5-18"}
{"EventID": "1", "Channel": "Microsoft-Windows-TZSync/Operational", "Provider_Name": "Microsoft-Windows-TZSync", "Computer": "DESKTOP-OFJ6N53", "TimeCreated": "2024-05-02 09:11:09.085218+00:00", "RecordID": "230", "Level": "4", "UserID": "S-1-5-18"}
{"EventID": "2", "Channel": "Microsoft-Windows-TZSync/Operational", "Provider_Name": "Microsoft-Windows-TZSync", "Computer": "DESKTOP-OFJ6N53", "TimeCreated": "2024-05-02 09:11:11.222118+00:00", "RecordID": "231", "Level": "4", "UserID": "S-1-5-18"}
{"EventID": "1", "Channel": "Microsoft-Windows-TZSync/Operational", "Provider_Name": "Microsoft-Windows-TZSync", "Computer": "DESKTOP-OFJ6N53", "TimeCreated": "2024-05-09 09:11:35.106075+00:00", "RecordID": "232", "Level": "4", "UserID": "S-1-5-18"}
{"EventID": "2", "Channel": "Microsoft-Windows-TZSync/Operational", "Provider_Name": "Microsoft-Windows-TZSync", "Computer": "DESKTOP-OFJ6N53", "TimeCreated": "2024-05-09 09:11:36.501217+00:00", "RecordID": "233", "Level": "4", "UserID": "S-1-5-18"}
{"EventID": "1", "Channel": "Microsoft-Windows-TZSync/Operational", "Provider_Name": "Microsoft-Windows-TZSync", "Computer": "DESKTOP-OFJ6N53", "TimeCreated": "2024-05-16 09:37:18.920967+00:00", "RecordID": "234", "Level": "4", "UserID": "S-1-5-18"}
{"EventID": "2", "Channel": "Microsoft-Windows-TZSync/Operational", "Provider_Name": "Microsoft-Windows-TZSync", "Computer": "DESKTOP-OFJ6N53", "TimeCreated": "2024-05-16 09:37:25.884275+00:00", "RecordID": "235", "Level": "4", "UserID": "S-1-5-18"}
{"EventID": "1", "Channel": "Microsoft-Windows-TZSync/Operational", "Provider_Name": "Microsoft-Windows-TZSync", "Computer": "DESKTOP-OFJ6N53", "TimeCreated": "2024-05-23 09:39:44.724733+00:00", "RecordID": "236", "Level": "4", "UserID": "S-1-5-18"}
{"EventID": "2", "Channel": "Microsoft-Windows-TZSync/Operational", "Provider_Name": "Microsoft-Windows-TZSync", "Computer": "DESKTOP-OFJ6N53", "TimeCreated": "2024-05-23 09:40:11.196243+00:00", "RecordID": "237", "Level": "4", "UserID": "S-1-5-18"}
{"EventID": "1", "Channel": "Microsoft-Windows-TZSync/Operational", "Provider_Name": "Microsoft-Windows-TZSync", "Computer": "DESKTOP-OFJ6N53", "TimeCreated": "2024-05-30 09:39:56.498590+00:00", "RecordID": "238", "Level": "4", "UserID": "S-1-5-18"}
{"EventID": "2", "Channel": "Microsoft-Windows-TZSync/Operational", "Provider_Name": "Microsoft-Windows-TZSync", "Computer": "DESKTOP-OFJ6N53", "TimeCreated": "2024-05-30 09:40:10.422096+00:00", "RecordID": "239", "Level": "4", "UserID": "S-1-5-18"}
{"EventID": "1", "Channel": "Microsoft-Windows-TZSync/Operational", "Provider_Name": "Microsoft-Windows-TZSync", "Computer": "DESKTOP-OFJ6N53", "TimeCreated": "2024-06-06 08:42:29.313284+00:00", "RecordID": "240", "Level": "4", "UserID": "S-1-5-18"}
{"EventID": "2", "Channel": "Microsoft-Windows-TZSync/Operational", "Provider_Name": "Microsoft-Windows-TZSync", "Computer": "DESKTOP-OFJ6N53", "TimeCreated": "2024-06-06 08:42:31.426870+00:00", "RecordID": "241", "Level": "4", "UserID": "S-1-5-18"}
{"EventID": "1", "Channel": "Microsoft-Windows-TZSync/Operational", "Provider_Name": "Microsoft-Windows-TZSync", "Computer": "DESKTOP-OFJ6N53", "TimeCreated": "2024-06-13 09:57:03.007380+00:00", "RecordID": "242", "Level": "4", "UserID": "S-1-5-18"}
{"EventID": "2", "Channel": "Microsoft-Windows-TZSync/Operational", "Provider_Name": "Microsoft-Windows-TZSync", "Computer": "DESKTOP-OFJ6N53", "TimeCreated": "2024-06-13 09:57:06.259508+00:00", "RecordID": "243", "Level": "4", "UserID": "S-1-5-18"}
{"EventID": "1", "Channel": "Microsoft-Windows-TZSync/Operational", "Provider_Name": "Microsoft-Windows-TZSync", "Computer": "DESKTOP-OFJ6N53", "TimeCreated": "2024-06-20 10:19:08.224434+00:00", "RecordID": "244", "Level": "4", "UserID": "S-1-5-18"}
{"EventID": "2", "Channel": "Microsoft-Windows-TZSync/Operational", "Provider_Name": "Microsoft-Windows-TZSync", "Computer": "DESKTOP-OFJ6N53", "TimeCreated": "2024-06-20 10:19:12.171036+00:00", "RecordID": "245", "Level": "4", "UserID": "S-1-5-18"}
{"EventID": "1", "Channel": "Microsoft-Windows-TZSync/Operational", "Provider_Name": "Microsoft-Windows-TZSync", "Computer": "DESKTOP-OFJ6N53", "TimeCreated": "2024-06-27 10:19:10.347864+00:00", "RecordID": "246", "Level": "4", "UserID": "S-1-5-18"}
{"EventID": "2", "Channel": "Microsoft-Windows-TZSync/Operational", "Provider_Name": "Microsoft-Windows-TZSync", "Computer": "DESKTOP-OFJ6N53", "TimeCreated": "2024-06-27 10:19:13.481966+00:00", "RecordID": "247", "Level": "4", "UserID": "S-1-5-18"}
{"EventID": "1", "Channel": "Microsoft-Windows-TZSync/Operational", "Provider_Name": "Microsoft-Windows-TZSync", "Computer": "DESKTOP-OFJ6N53", "TimeCreated": "2024-07-04 09:22:01.782774+00:00", "RecordID": "248", "Level": "4", "UserID": "S-1-5-18"}
{"EventID": "2", "Channel": "Microsoft-Windows-TZSync/Operational", "Provider_Name": "Microsoft-Windows-TZSync", "Computer": "DESKTOP-OFJ6N53", "TimeCreated": "2024-07-04 09:22:07.372215+00:00", "RecordID": "249", "Level": "4", "UserID": "S-1-5-18"}
{"EventID": "1", "Channel": "Microsoft-Windows-TZSync/Operational", "Provider_Name": "Microsoft-Windows-TZSync", "Computer": "DESKTOP-OFJ6N53", "TimeCreated": "2024-07-11 08:45:33.647476+00:00", "RecordID": "250", "Level": "4", "UserID": "S-1-5-18"}
{"EventID": "2", "Channel": "Microsoft-Windows-TZSync/Operational", "Provider_Name": "Microsoft-Windows-TZSync", "Computer": "DESKTOP-OFJ6N53", "TimeCreated": "2024-07-11 08:45:36.191481+00:00", "RecordID": "251", "Level": "4", "UserID": "S-1-5-18"}
{"EventID": "1", "Channel": "Microsoft-Windows-TZSync/Operational", "Provider_Name": "Microsoft-Windows-TZSync", "Computer": "DESKTOP-OFJ6N53", "TimeCreated": "2024-07-18 08:33:59.797287+00:00", "RecordID": "252", "Level": "4", "UserID": "S-1-5-18"}
{"EventID": "2", "Channel": "Microsoft-Windows-TZSync/Operational", "Provider_Name": "Microsoft-Windows-TZSync", "Computer": "DESKTOP-OFJ6N53", "TimeCreated": "2024-07-18 08:34:02.365091+00:00", "RecordID": "253", "Level": "4", "UserID": "S-1-5-18"}
{"EventID": "1", "Channel": "Microsoft-Windows-TZSync/Operational", "Provider_Name": "Microsoft-Windows-TZSync", "Computer": "DESKTOP-OFJ6N53", "TimeCreated": "2024-07-25 09:26:40.757893+00:00", "RecordID": "254", "Level": "4", "UserID": "S-1-5-18"}
{"EventID": "2", "Channel": "Microsoft-Windows-TZSync/Operational", "Provider_Name": "Microsoft-Windows-TZSync", "Computer": "DESKTOP-OFJ6N53", "TimeCreated": "2024-07-25 09:26:43.663790+00:00", "RecordID": "255", "Level": "4", "UserID": "S-1-5-18"}
{"EventID": "1", "Channel": "Microsoft-Windows-TZSync/Operational", "Provider_Name": "Microsoft-Windows-TZSync", "Computer": "DESKTOP-OFJ6N53", "TimeCreated": "2024-08-01 09:26:58.197466+00:00", "RecordID": "256", "Level": "4", "UserID": "S-1-5-18"}
{"EventID": "2", "Channel": "Microsoft-Windows-TZSync/Operational", "Provider_Name": "Microsoft-Windows-TZSync", "Computer": "DESKTOP-OFJ6N53", "TimeCreated": "2024-08-01 09:27:03.630077+00:00", "RecordID": "257", "Level": "4", "UserID": "S-1-5-18"}
{"EventID": "1", "Channel": "Microsoft-Windows-TZSync/Operational", "Provider_Name": "Microsoft-Windows-TZSync", "Computer": "DESKTOP-OFJ6N53", "TimeCreated": "2024-08-08 09:27:13.414381+00:00", "RecordID": "258", "Level": "4", "UserID": "S-1-5-18"}
{"EventID": "2", "Channel": "Microsoft-Windows-TZSync/Operational", "Provider_Name": "Microsoft-Windows-TZSync", "Computer": "DESKTOP-OFJ6N53", "TimeCreated": "2024-08-08 09:27:16.598522+00:00", "RecordID": "259", "Level": "4", "UserID": "S-1-5-18"}
{"EventID": "1", "Channel": "Microsoft-Windows-TZSync/Operational", "Provider_Name": "Microsoft-Windows-TZSync", "Computer": "DESKTOP-OFJ6N53", "TimeCreated": "2024-08-15 10:10:15.023029+00:00", "RecordID": "260", "Level": "4", "UserID": "S-1-5-18"}
{"EventID": "2", "Channel": "Microsoft-Windows-TZSync/Operational", "Provider_Name": "Microsoft-Windows-TZSync", "Computer": "DESKTOP-OFJ6N53", "TimeCreated": "2024-08-15 10:10:15.859087+00:00", "RecordID": "261", "Level": "4", "UserID": "S-1-5-18"}
{"EventID": "1", "Channel": "Microsoft-Windows-TZSync/Operational", "Provider_Name": "Microsoft-Windows-TZSync", "Computer": "DESKTOP-OFJ6N53", "TimeCreated": "2024-08-22 10:10:25.415112+00:00", "RecordID": "262", "Level": "4", "UserID": "S-1-5-18"}
{"EventID": "2", "Channel": "Microsoft-Windows-TZSync/Operational", "Provider_Name": "Microsoft-Windows-TZSync", "Computer": "DESKTOP-OFJ6N53", "TimeCreated": "2024-08-22 10:10:26.866915+00:00", "RecordID": "263", "Level": "4", "UserID": "S-1-5-18"}
{"EventID": "1", "Channel": "Microsoft-Windows-TZSync/Operational", "Provider_Name": "Microsoft-Windows-TZSync", "Computer": "DESKTOP-OFJ6N53", "TimeCreated": "2024-08-29 10:10:35.837269+00:00", "RecordID": "264", "Level": "4", "UserID": "S-1-5-18"}
{"EventID": "2", "Channel": "Microsoft-Windows-TZSync/Operational", "Provider_Name": "Microsoft-Windows-TZSync", "Computer": "DESKTOP-OFJ6N53", "TimeCreated": "2024-08-29 10:10:37.693081+00:00", "RecordID": "265", "Level": "4", "UserID": "S-1-5-18"}
{"EventID": "1", "Channel": "Microsoft-Windows-TZSync/Operational", "Provider_Name": "Microsoft-Windows-TZSync", "Computer": "DESKTOP-OFJ6N53", "TimeCreated": "2024-09-05 10:10:52.918493+00:00", "RecordID": "266", "Level": "4", "UserID": "S-1-5-18"}
{"EventID": "2", "Channel": "Microsoft-Windows-TZSync/Operational", "Provider_Name": "Microsoft-Windows-TZSync", "Computer": "DESKTOP-OFJ6N53", "TimeCreated": "2024-09-05 10:10:54.740320+00:00", "RecordID": "267", "Level": "4", "UserID": "S-1-5-18"}
{"EventID": "1", "Channel": "Microsoft-Windows-TZSync/Operational", "Provider_Name": "Microsoft-Windows-TZSync", "Computer": "DESKTOP-OFJ6N53", "TimeCreated": "2024-09-12 08:51:05.920795+00:00", "RecordID": "268", "Level": "4", "UserID": "S-1-5-18"}
{"EventID": "2", "Channel": "Microsoft-Windows-TZSync/Operational", "Provider_Name": "Microsoft-Windows-TZSync", "Computer": "DESKTOP-OFJ6N53", "TimeCreated": "2024-09-12 08:51:08.288055+00:00", "RecordID": "269", "Level": "4", "UserID": "S-1-5-18"}
{"EventID": "1", "Channel": "Microsoft-Windows-TZSync/Operational", "Provider_Name": "Microsoft-Windows-TZSync", "Computer": "DESKTOP-OFJ6N53", "TimeCreated": "2024-09-19 08:51:22.299131+00:00", "RecordID": "270", "Level": "4", "UserID": "S-1-5-18"}
{"EventID": "2", "Channel": "Microsoft-Windows-TZSync/Operational", "Provider_Name": "Microsoft-Windows-TZSync", "Computer": "DESKTOP-OFJ6N53", "TimeCreated": "2024-09-19 08:51:23.866293+00:00", "RecordID": "271", "Level": "4", "UserID": "S-1-5-18"}
{"EventID": "1", "Channel": "Microsoft-Windows-TZSync/Operational", "Provider_Name": "Microsoft-Windows-TZSync", "Computer": "DESKTOP-OFJ6N53", "TimeCreated": "2024-09-26 09:39:00.764805+00:00", "RecordID": "272", "Level": "4", "UserID": "S-1-5-18"}
{"EventID": "2", "Channel": "Microsoft-Windows-TZSync/Operational", "Provider_Name": "Microsoft-Windows-TZSync", "Computer": "DESKTOP-OFJ6N53", "TimeCreated": "2024-09-26 09:39:01.585575+00:00", "RecordID": "273", "Level": "4", "UserID": "S-1-5-18"}
{"EventID": "1", "Channel": "Microsoft-Windows-TZSync/Operational", "Provider_Name": "Microsoft-Windows-TZSync", "Computer": "DESKTOP-OFJ6N53", "TimeCreated": "2024-10-03 08:29:19.675850+00:00", "RecordID": "274", "Level": "4", "UserID": "S-1-5-18"}
{"EventID": "2", "Channel": "Microsoft-Windows-TZSync/Operational", "Provider_Name": "Microsoft-Windows-TZSync", "Computer": "DESKTOP-OFJ6N53", "TimeCreated": "2024-10-03 08:29:20.689777+00:00", "RecordID": "275", "Level": "4", "UserID": "S-1-5-18"}
{"EventID": "1", "Channel": "Microsoft-Windows-TZSync/Operational", "Provider_Name": "Microsoft-Windows-TZSync", "Computer": "DESKTOP-OFJ6N53", "TimeCreated": "2024-10-10 08:25:33.214632+00:00", "RecordID": "276", "Level": "4", "UserID": "S-1-5-18"}
{"EventID": "2", "Channel": "Microsoft-Windows-TZSync/Operational", "Provider_Name": "Microsoft-Windows-TZSync", "Computer": "DESKTOP-OFJ6N53", "TimeCreated": "2024-10-10 08:25:34.246286+00:00", "RecordID": "277", "Level": "4", "UserID": "S-1-5-18"}
{"EventID": "1", "Channel": "Microsoft-Windows-TZSync/Operational", "Provider_Name": "Microsoft-Windows-TZSync", "Computer": "DESKTOP-OFJ6N53", "TimeCreated": "2024-10-17 08:25:51.686392+00:00", "RecordID": "278", "Level": "4", "UserID": "S-1-5-18"}
{"EventID": "2", "Channel": "Microsoft-Windows-TZSync/Operational", "Provider_Name": "Microsoft-Windows-TZSync", "Computer": "DESKTOP-OFJ6N53", "TimeCreated": "2024-10-17 08:25:53.690624+00:00", "RecordID": "279", "Level": "4", "UserID": "S-1-5-18"}
{"EventID": "1", "Channel": "Microsoft-Windows-TZSync/Operational", "Provider_Name": "Microsoft-Windows-TZSync", "Computer": "DESKTOP-OFJ6N53", "TimeCreated": "2024-10-24 08:25:37.448637+00:00", "RecordID": "280", "Level": "4", "UserID": "S-1-5-18"}
{"EventID": "2", "Channel": "Microsoft-Windows-TZSync/Operational", "Provider_Name": "Microsoft-Windows-TZSync", "Computer": "DESKTOP-OFJ6N53", "TimeCreated": "2024-10-24 08:25:40.228069+00:00", "RecordID": "281", "Level": "4", "UserID": "S-1-5-18"}
{"EventID": "1", "Channel": "Microsoft-Windows-TZSync/Operational", "Provider_Name": "Microsoft-Windows-TZSync", "Computer": "DESKTOP-OFJ6N53", "TimeCreated": "2024-10-31 08:26:25.992281+00:00", "RecordID": "282", "Level": "4", "UserID": "S-1-5-18"}
{"EventID": "2", "Channel": "Microsoft-Windows-TZSync/Operational", "Provider_Name": "Microsoft-Windows-TZSync", "Computer": "DESKTOP-OFJ6N53", "TimeCreated": "2024-10-31 08:26:28.585424+00:00", "RecordID": "283", "Level": "4", "UserID": "S-1-5-18"}
{"EventID": "1", "Channel": "Microsoft-Windows-TZSync/Operational", "Provider_Name": "Microsoft-Windows-TZSync", "Computer": "DESKTOP-OFJ6N53", "TimeCreated": "2024-11-07 08:26:25.336483+00:00", "RecordID": "284", "Level": "4", "UserID": "S-1-5-18"}
{"EventID": "2", "Channel": "Microsoft-Windows-TZSync/Operational", "Provider_Name": "Microsoft-Windows-TZSync", "Computer": "DESKTOP-OFJ6N53", "TimeCreated": "2024-11-07 08:26:27.437609+00:00", "RecordID": "285", "Level": "4", "UserID": "S-1-5-18"}
{"EventID": "1", "Channel": "Microsoft-Windows-TZSync/Operational", "Provider_Name": "Microsoft-Windows-TZSync", "Computer": "DESKTOP-OFJ6N53", "TimeCreated": "2024-11-14 08:45:25.496317+00:00", "RecordID": "286", "Level": "4", "UserID": "S-1-5-18"}
{"EventID": "2", "Channel": "Microsoft-Windows-TZSync/Operational", "Provider_Name": "Microsoft-Windows-TZSync", "Computer": "DESKTOP-OFJ6N53", "TimeCreated": "2024-11-14 08:45:27.284098+00:00", "RecordID": "287", "Level": "4", "UserID": "S-1-5-18"}
{"EventID": "1", "Channel": "Microsoft-Windows-TZSync/Operational", "Provider_Name": "Microsoft-Windows-TZSync", "Computer": "DESKTOP-OFJ6N53", "TimeCreated": "2024-11-21 08:45:32.152296+00:00", "RecordID": "288", "Level": "4", "UserID": "S-1-5-18"}
{"EventID": "2", "Channel": "Microsoft-Windows-TZSync/Operational", "Provider_Name": "Microsoft-Windows-TZSync", "Computer": "DESKTOP-OFJ6N53", "TimeCreated": "2024-11-21 08:45:33.729141+00:00", "RecordID": "289", "Level": "4", "UserID": "S-1-5-18"}
{"EventID": "1", "Channel": "Microsoft-Windows-TZSync/Operational", "Provider_Name": "Microsoft-Windows-TZSync", "Computer": "DESKTOP-OFJ6N53", "TimeCreated": "2024-11-28 08:42:35.124485+00:00", "RecordID": "290", "Level": "4", "UserID": "S-1-5-18"}
{"EventID": "2", "Channel": "Microsoft-Windows-TZSync/Operational", "Provider_Name": "Microsoft-Windows-TZSync", "Computer": "DESKTOP-OFJ6N53", "TimeCreated": "2024-11-28 08:42:37.859941+00:00", "RecordID": "291", "Level": "4", "UserID": "S-1-5-18"}
{"EventID": "1", "Channel": "Microsoft-Windows-TZSync/Operational", "Provider_Name": "Microsoft-Windows-TZSync", "Computer": "DESKTOP-OFJ6N53", "TimeCreated": "2024-12-05 10:24:02.686546+00:00", "RecordID": "292", "Level": "4", "UserID": "S-1-5-18"}
{"EventID": "2", "Channel": "Microsoft-Windows-TZSync/Operational", "Provider_Name": "Microsoft-Windows-TZSync", "Computer": "DESKTOP-OFJ6N53", "TimeCreated": "2024-12-05 10:24:05.394543+00:00", "RecordID": "293", "Level": "4", "UserID": "S-1-5-18"}
{"EventID": "1", "Channel": "Microsoft-Windows-TZSync/Operational", "Provider_Name": "Microsoft-Windows-TZSync", "Computer": "DESKTOP-OFJ6N53", "TimeCreated": "2024-12-12 09:06:16.541704+00:00", "RecordID": "294", "Level": "4", "UserID": "S-1-5-18"}
{"EventID": "2", "Channel": "Microsoft-Windows-TZSync/Operational", "Provider_Name": "Microsoft-Windows-TZSync", "Computer": "DESKTOP-OFJ6N53", "TimeCreated": "2024-12-12 09:06:18.680508+00:00", "RecordID": "295", "Level": "4", "UserID": "S-1-5-18"}
{"EventID": "1", "Channel": "Microsoft-Windows-TZSync/Operational", "Provider_Name": "Microsoft-Windows-TZSync", "Computer": "DESKTOP-OFJ6N53", "TimeCreated": "2024-12-19 09:06:34.464203+00:00", "RecordID": "296", "Level": "4", "UserID": "S-1-5-18"}
{"EventID": "2", "Channel": "Microsoft-Windows-TZSync/Operational", "Provider_Name": "Microsoft-Windows-TZSync", "Computer": "DESKTOP-OFJ6N53", "TimeCreated": "2024-12-19 09:06:35.893929+00:00", "RecordID": "297", "Level": "4", "UserID": "S-1-5-18"}
{"EventID": "1", "Channel": "Microsoft-Windows-TZSync/Operational", "Provider_Name": "Microsoft-Windows-TZSync", "Computer": "DESKTOP-OFJ6N53", "TimeCreated": "2024-12-26 10:10:10.340378+00:00", "RecordID": "298", "Level": "4", "UserID": "S-1-5-18"}
{"EventID": "2", "Channel": "Microsoft-Windows-TZSync/Operational", "Provider_Name": "Microsoft-Windows-TZSync", "Computer": "DESKTOP-OFJ6N53", "TimeCreated": "2024-12-26 10:10:18.024071+00:00", "RecordID": "299", "Level": "4", "UserID": "S-1-5-18"}
{"EventID": "1", "Channel": "Microsoft-Windows-TZSync/Operational", "Provider_Name": "Microsoft-Windows-TZSync", "Computer": "DESKTOP-OFJ6N53", "TimeCreated": "2025-01-02 10:10:25.855440+00:00", "RecordID": "300", "Level": "4", "UserID": "S-1-5-18"}
{"EventID": "2", "Channel": "Microsoft-Windows-TZSync/Operational", "Provider_Name": "Microsoft-Windows-TZSync", "Computer": "DESKTOP-OFJ6N53", "TimeCreated": "2025-01-02 10:10:27.978176+00:00", "RecordID": "301", "Level": "4", "UserID": "S-1-5-18"}
{"EventID": "1", "Channel": "Microsoft-Windows-TZSync/Operational", "Provider_Name": "Microsoft-Windows-TZSync", "Computer": "DESKTOP-OFJ6N53", "TimeCreated": "2025-01-09 10:10:35.346577+00:00", "RecordID": "302", "Level": "4", "UserID": "S-1-5-18"}
{"EventID": "2", "Channel": "Microsoft-Windows-TZSync/Operational", "Provider_Name": "Microsoft-Windows-TZSync", "Computer": "DESKTOP-OFJ6N53", "TimeCreated": "2025-01-09 10:10:38.397594+00:00", "RecordID": "303", "Level": "4", "UserID": "S-1-5-18"}
{"EventID": "1", "Channel": "Microsoft-Windows-TZSync/Operational", "Provider_Name": "Microsoft-Windows-TZSync", "Computer": "DESKTOP-OFJ6N53", "TimeCreated": "2025-01-16 09:22:42.661741+00:00", "RecordID": "304", "Level": "4", "UserID": "S-1-5-18"}
{"EventID": "2", "Channel": "Microsoft-Windows-TZSync/Operational", "Provider_Name": "Microsoft-Windows-TZSync", "Computer": "DESKTOP-OFJ6N53", "TimeCreated": "2025-01-16 09:22:48.585999+00:00", "RecordID": "305", "Level": "4", "UserID": "S-1-5-18"}
{"EventID": "1", "Channel": "Microsoft-Windows-TZSync/Operational", "Provider_Name": "Microsoft-Windows-TZSync", "Computer": "DESKTOP-OFJ6N53", "TimeCreated": "2025-01-23 09:22:56.122301+00:00", "RecordID": "306", "Level": "4", "UserID": "S-1-5-18"}
{"EventID": "2", "Channel": "Microsoft-Windows-TZSync/Operational", "Provider_Name": "Microsoft-Windows-TZSync", "Computer": "DESKTOP-OFJ6N53", "TimeCreated": "2025-01-23 09:22:58.767752+00:00", "RecordID": "307", "Level": "4", "UserID": "S-1-5-18"}
{"EventID": "1", "Channel": "Microsoft-Windows-TZSync/Operational", "Provider_Name": "Microsoft-Windows-TZSync", "Computer": "DESKTOP-OFJ6N53", "TimeCreated": "2025-01-30 10:03:29.993143+00:00", "RecordID": "308", "Level": "4", "UserID": "S-1-5-18"}
{"EventID": "2", "Channel": "Microsoft-Windows-TZSync/Operational", "Provider_Name": "Microsoft-Windows-TZSync", "Computer": "DESKTOP-OFJ6N53", "TimeCreated": "2025-01-30 10:03:36.751411+00:00", "RecordID": "309", "Level": "4", "UserID": "S-1-5-18"}
{"EventID": "1", "Channel": "Microsoft-Windows-TZSync/Operational", "Provider_Name": "Microsoft-Windows-TZSync", "Computer": "DESKTOP-OFJ6N53", "TimeCreated": "2025-02-06 10:02:08.358593+00:00", "RecordID": "310", "Level": "4", "UserID": "S-1-5-18"}
{"EventID": "2", "Channel": "Microsoft-Windows-TZSync/Operational", "Provider_Name": "Microsoft-Windows-TZSync", "Computer": "DESKTOP-OFJ6N53", "TimeCreated": "2025-02-06 10:02:12.113749+00:00", "RecordID": "311", "Level": "4", "UserID": "S-1-5-18"}
{"EventID": "1", "Channel": "Microsoft-Windows-TZSync/Operational", "Provider_Name": "Microsoft-Windows-TZSync", "Computer": "DESKTOP-OFJ6N53", "TimeCreated": "2025-02-13 08:28:13.206800+00:00", "RecordID": "312", "Level": "4", "UserID": "S-1-5-18"}
{"EventID": "2", "Channel": "Microsoft-Windows-TZSync/Operational", "Provider_Name": "Microsoft-Windows-TZSync", "Computer": "DESKTOP-OFJ6N53", "TimeCreated": "2025-02-13 08:28:17.094189+00:00", "RecordID": "313", "Level": "4", "UserID": "S-1-5-18"}
{"EventID": "1", "Channel": "Microsoft-Windows-TZSync/Operational", "Provider_Name": "Microsoft-Windows-TZSync", "Computer": "DESKTOP-OFJ6N53", "TimeCreated": "2025-02-20 08:54:54.702175+00:00", "RecordID": "314", "Level": "4", "UserID": "S-1-5-18"}
{"EventID": "2", "Channel": "Microsoft-Windows-TZSync/Operational", "Provider_Name": "Microsoft-Windows-TZSync", "Computer": "DESKTOP-OFJ6N53", "TimeCreated": "2025-02-20 08:54:58.472666+00:00", "RecordID": "315", "Level": "4", "UserID": "S-1-5-18"}
{"EventID": "1", "Channel": "Microsoft-Windows-TZSync/Operational", "Provider_Name": "Microsoft-Windows-TZSync", "Computer": "DESKTOP-OFJ6N53", "TimeCreated": "2025-02-27 08:55:07.276266+00:00", "RecordID": "316", "Level": "4", "UserID": "S-1-5-18"}
{"EventID": "2", "Channel": "Microsoft-Windows-TZSync/Operational", "Provider_Name": "Microsoft-Windows-TZSync", "Computer": "DESKTOP-OFJ6N53", "TimeCreated": "2025-02-27 08:55:12.056637+00:00", "RecordID": "317", "Level": "4", "UserID": "S-1-5-18"}
{"EventID": "1", "Channel": "Microsoft-Windows-TZSync/Operational", "Provider_Name": "Microsoft-Windows-TZSync", "Computer": "DESKTOP-OFJ6N53", "TimeCreated": "2025-03-06 08:54:57.231672+00:00", "RecordID": "318", "Level": "4", "UserID": "S-1-5-18"}
{"EventID": "2", "Channel": "Microsoft-Windows-TZSync/Operational", "Provider_Name": "Microsoft-Windows-TZSync", "Computer": "DESKTOP-OFJ6N53", "TimeCreated": "2025-03-06 08:55:09.646120+00:00", "RecordID": "319", "Level": "4", "UserID": "S-1-5-18"}
{"EventID": "1", "Channel": "Microsoft-Windows-TZSync/Operational", "Provider_Name": "Microsoft-Windows-TZSync", "Computer": "DESKTOP-OFJ6N53", "TimeCreated": "2025-03-13 10:17:10.527542+00:00", "RecordID": "320", "Level": "4", "UserID": "S-1-5-18"}
{"EventID": "2", "Channel": "Microsoft-Windows-TZSync/Operational", "Provider_Name": "Microsoft-Windows-TZSync", "Computer": "DESKTOP-OFJ6N53", "TimeCreated": "2025-03-13 10:17:21.781734+00:00", "RecordID": "321", "Level": "4", "UserID": "S-1-5-18"}
{"EventID": "1", "Channel": "Microsoft-Windows-TZSync/Operational", "Provider_Name": "Microsoft-Windows-TZSync", "Computer": "DESKTOP-OFJ6N53", "TimeCreated": "2025-03-20 10:17:29.888674+00:00", "RecordID": "322", "Level": "4", "UserID": "S-1-5-18"}
{"EventID": "2", "Channel": "Microsoft-Windows-TZSync/Operational", "Provider_Name": "Microsoft-Windows-TZSync", "Computer": "DESKTOP-OFJ6N53", "TimeCreated": "2025-03-20 10:17:34.635454+00:00", "RecordID": "323", "Level": "4", "UserID": "S-1-5-18"}
{"EventID": "1", "Channel": "Microsoft-Windows-TZSync/Operational", "Provider_Name": "Microsoft-Windows-TZSync", "Computer": "DESKTOP-OFJ6N53", "TimeCreated": "2025-03-27 10:17:29.146591+00:00", "RecordID": "324", "Level": "4", "UserID": "S-1-5-18"}
{"EventID": "2", "Channel": "Microsoft-Windows-TZSync/Operational", "Provider_Name": "Microsoft-Windows-TZSync", "Computer": "DESKTOP-OFJ6N53", "TimeCreated": "2025-03-27 10:17:31.793673+00:00", "RecordID": "325", "Level": "4", "UserID": "S-1-5-18"}
{"EventID": "1", "Channel": "Microsoft-Windows-TZSync/Operational", "Provider_Name": "Microsoft-Windows-TZSync", "Computer": "DESKTOP-OFJ6N53", "TimeCreated": "2025-04-03 08:34:10.042572+00:00", "RecordID": "326", "Level": "4", "UserID": "S-1-5-18"}
{"EventID": "2", "Channel": "Microsoft-Windows-TZSync/Operational", "Provider_Name": "Microsoft-Windows-TZSync", "Computer": "DESKTOP-OFJ6N53", "TimeCreated": "2025-04-03 08:34:12.417128+00:00", "RecordID": "327", "Level": "4", "UserID": "S-1-5-18"}
{"EventID": "1", "Channel": "Microsoft-Windows-TZSync/Operational", "Provider_Name": "Microsoft-Windows-TZSync", "Computer": "DESKTOP-OFJ6N53", "TimeCreated": "2025-04-10 08:37:44.184538+00:00", "RecordID": "328", "Level": "4", "UserID": "S-1-5-18"}
{"EventID": "2", "Channel": "Microsoft-Windows-TZSync/Operational", "Provider_Name": "Microsoft-Windows-TZSync", "Computer": "DESKTOP-OFJ6N53", "TimeCreated": "2025-04-10 08:37:48.614857+00:00", "RecordID": "329", "Level": "4", "UserID": "S-1-5-18"}
{"EventID": "1", "Channel": "Microsoft-Windows-TZSync/Operational", "Provider_Name": "Microsoft-Windows-TZSync", "Computer": "DESKTOP-OFJ6N53", "TimeCreated": "2025-04-17 08:35:59.756435+00:00", "RecordID": "330", "Level": "4", "UserID": "S-1-5-18"}
{"EventID": "2", "Channel": "Microsoft-Windows-TZSync/Operational", "Provider_Name": "Microsoft-Windows-TZSync", "Computer": "DESKTOP-OFJ6N53", "TimeCreated": "2025-04-17 08:36:05.546457+00:00", "RecordID": "331", "Level": "4", "UserID": "S-1-5-18"}
{"EventID": "1", "Channel": "Microsoft-Windows-TZSync/Operational", "Provider_Name": "Microsoft-Windows-TZSync", "Computer": "DESKTOP-OFJ6N53", "TimeCreated": "2025-04-24 08:40:23.689762+00:00", "RecordID": "332", "Level": "4", "UserID": "S-1-5-18"}
{"EventID": "2", "Channel": "Microsoft-Windows-TZSync/Operational", "Provider_Name": "Microsoft-Windows-TZSync", "Computer": "DESKTOP-OFJ6N53", "TimeCreated": "2025-04-24 08:40:27.186176+00:00", "RecordID": "333", "Level": "4", "UserID": "S-1-5-18"}
{"EventID": "1", "Channel": "Microsoft-Windows-TZSync/Operational", "Provider_Name": "Microsoft-Windows-TZSync", "Computer": "DESKTOP-OFJ6N53", "TimeCreated": "2025-05-01 08:40:37.823725+00:00", "RecordID": "334", "Level": "4", "UserID": "S-1-5-18"}
{"EventID": "2", "Channel": "Microsoft-Windows-TZSync/Operational", "Provider_Name": "Microsoft-Windows-TZSync", "Computer": "DESKTOP-OFJ6N53", "TimeCreated": "2025-05-01 08:40:41.182726+00:00", "RecordID": "335", "Level": "4", "UserID": "S-1-5-18"}
{"EventID": "1", "Channel": "Microsoft-Windows-TZSync/Operational", "Provider_Name": "Microsoft-Windows-TZSync", "Computer": "DESKTOP-OFJ6N53", "TimeCreated": "2025-05-08 08:40:47.050442+00:00", "RecordID": "336", "Level": "4", "UserID": "S-1-5-18"}
{"EventID": "2", "Channel": "Microsoft-Windows-TZSync/Operational", "Provider_Name": "Microsoft-Windows-TZSync", "Computer": "DESKTOP-OFJ6N53", "TimeCreated": "2025-05-08 08:40:51.340025+00:00", "RecordID": "337", "Level": "4", "UserID": "S-1-5-18"}
{"EventID": "1", "Channel": "Microsoft-Windows-TZSync/Operational", "Provider_Name": "Microsoft-Windows-TZSync", "Computer": "DESKTOP-OFJ6N53", "TimeCreated": "2025-05-15 08:42:10.798525+00:00", "RecordID": "338", "Level": "4", "UserID": "S-1-5-18"}
{"EventID": "2", "Channel": "Microsoft-Windows-TZSync/Operational", "Provider_Name": "Microsoft-Windows-TZSync", "Computer": "DESKTOP-OFJ6N53", "TimeCreated": "2025-05-15 08:42:12.955805+00:00", "RecordID": "339", "Level": "4", "UserID": "S-1-5-18"}
{"EventID": "1", "Channel": "Microsoft-Windows-TZSync/Operational", "Provider_Name": "Microsoft-Windows-TZSync", "Computer": "DESKTOP-OFJ6N53", "TimeCreated": "2025-05-22 08:42:16.772501+00:00", "RecordID": "340", "Level": "4", "UserID": "S-1-5-18"}
{"EventID": "2", "Channel": "Microsoft-Windows-TZSync/Operational", "Provider_Name": "Microsoft-Windows-TZSync", "Computer": "DESKTOP-OFJ6N53", "TimeCreated": "2025-05-22 08:42:19.064949+00:00", "RecordID": "341", "Level": "4", "UserID": "S-1-5-18"}
{"EventID": "1", "Channel": "Microsoft-Windows-TZSync/Operational", "Provider_Name": "Microsoft-Windows-TZSync", "Computer": "DESKTOP-OFJ6N53", "TimeCreated": "2025-05-29 08:42:42.004009+00:00", "RecordID": "342", "Level": "4", "UserID": "S-1-5-18"}
{"EventID": "2", "Channel": "Microsoft-Windows-TZSync/Operational", "Provider_Name": "Microsoft-Windows-TZSync", "Computer": "DESKTOP-OFJ6N53", "TimeCreated": "2025-05-29 08:42:45.104181+00:00", "RecordID": "343", "Level": "4", "UserID": "S-1-5-18"}
{"EventID": "1", "Channel": "Microsoft-Windows-TZSync/Operational", "Provider_Name": "Microsoft-Windows-TZSync", "Computer": "DESKTOP-OFJ6N53", "TimeCreated": "2025-06-05 08:42:50.019255+00:00", "RecordID": "344", "Level": "4", "UserID": "S-1-5-18"}
{"EventID": "2", "Channel": "Microsoft-Windows-TZSync/Operational", "Provider_Name": "Microsoft-Windows-TZSync", "Computer": "DESKTOP-OFJ6N53", "TimeCreated": "2025-06-05 08:43:00.044197+00:00", "RecordID": "345", "Level": "4", "UserID": "S-1-5-18"}
{"EventID": "1", "Channel": "Microsoft-Windows-TZSync/Operational", "Provider_Name": "Microsoft-Windows-TZSync", "Computer": "DESKTOP-OFJ6N53", "TimeCreated": "2025-06-12 08:45:43.734278+00:00", "RecordID": "346", "Level": "4", "UserID": "S-1-5-18"}
{"EventID": "2", "Channel": "Microsoft-Windows-TZSync/Operational", "Provider_Name": "Microsoft-Windows-TZSync", "Computer": "DESKTOP-OFJ6N53", "TimeCreated": "2025-06-12 08:45:46.056684+00:00", "RecordID": "347", "Level": "4", "UserID": "S-1-5-18"}
{"EventID": "1", "Channel": "Microsoft-Windows-TZSync/Operational", "Provider_Name": "Microsoft-Windows-TZSync", "Computer": "DESKTOP-OFJ6N53", "TimeCreated": "2025-06-19 08:45:57.825951+00:00", "RecordID": "348", "Level": "4", "UserID": "S-1-5-18"}
{"EventID": "2", "Channel": "Microsoft-Windows-TZSync/Operational", "Provider_Name": "Microsoft-Windows-TZSync", "Computer": "DESKTOP-OFJ6N53", "TimeCreated": "2025-06-19 08:46:00.162760+00:00", "RecordID": "349", "Level": "4", "UserID": "S-1-5-18"}
{"EventID": "1", "Channel": "Microsoft-Windows-TZSync/Operational", "Provider_Name": "Microsoft-Windows-TZSync", "Computer": "DESKTOP-OFJ6N53", "TimeCreated": "2025-06-26 08:46:24.758551+00:00", "RecordID": "350", "Level": "4", "UserID": "S-1-5-18"}
{"EventID": "2", "Channel": "Microsoft-Windows-TZSync/Operational", "Provider_Name": "Microsoft-Windows-TZSync", "Computer": "DESKTOP-OFJ6N53", "TimeCreated": "2025-06-26 08:46:35.257160+00:00", "RecordID": "351", "Level": "4", "UserID": "S-1-5-18"}
{"EventID": "1", "Channel": "Microsoft-Windows-TZSync/Operational", "Provider_Name": "Microsoft-Windows-TZSync", "Computer": "DESKTOP-OFJ6N53", "TimeCreated": "2025-07-03 08:46:26.300358+00:00", "RecordID": "352", "Level": "4", "UserID": "S-1-5-18"}
{"EventID": "2", "Channel": "Microsoft-Windows-TZSync/Operational", "Provider_Name": "Microsoft-Windows-TZSync", "Computer": "DESKTOP-OFJ6N53", "TimeCreated": "2025-07-03 08:46:30.845295+00:00", "RecordID": "353", "Level": "4", "UserID": "S-1-5-18"}
{"EventID": "1", "Channel": "Microsoft-Windows-TZSync/Operational", "Provider_Name": "Microsoft-Windows-TZSync", "Computer": "DESKTOP-OFJ6N53", "TimeCreated": "2025-07-10 08:40:01.142931+00:00", "RecordID": "354", "Level": "4", "UserID": "S-1-5-18"}
{"EventID": "2", "Channel": "Microsoft-Windows-TZSync/Operational", "Provider_Name": "Microsoft-Windows-TZSync", "Computer": "DESKTOP-OFJ6N53", "TimeCreated": "2025-07-10 08:40:03.940634+00:00", "RecordID": "355", "Level": "4", "UserID": "S-1-5-18"}
{"EventID": "1", "Channel": "Microsoft-Windows-TZSync/Operational", "Provider_Name": "Microsoft-Windows-TZSync", "Computer": "DESKTOP-OFJ6N53", "TimeCreated": "2025-07-17 08:40:16.192247+00:00", "RecordID": "356", "Level": "4", "UserID": "S-1-5-18"}
{"EventID": "2", "Channel": "Microsoft-Windows-TZSync/Operational", "Provider_Name": "Microsoft-Windows-TZSync", "Computer": "DESKTOP-OFJ6N53", "TimeCreated": "2025-07-17 08:40:27.539696+00:00", "RecordID": "357", "Level": "4", "UserID": "S-1-5-18"}
{"EventID": "1", "Channel": "Microsoft-Windows-TZSync/Operational", "Provider_Name": "Microsoft-Windows-TZSync", "Computer": "DESKTOP-OFJ6N53", "TimeCreated": "2025-07-24 08:40:23.817122+00:00", "RecordID": "358", "Level": "4", "UserID": "S-1-5-18"}
{"EventID": "2", "Channel": "Microsoft-Windows-TZSync/Operational", "Provider_Name": "Microsoft-Windows-TZSync", "Computer": "DESKTOP-OFJ6N53", "TimeCreated": "2025-07-24 08:40:25.861208+00:00", "RecordID": "359", "Level": "4", "UserID": "S-1-5-18"}
{"EventID": "1", "Channel": "Microsoft-Windows-TZSync/Operational", "Provider_Name": "Microsoft-Windows-TZSync", "Computer": "DESKTOP-OFJ6N53", "TimeCreated": "2025-07-31 09:04:35.206810+00:00", "RecordID": "360", "Level": "4", "UserID": "S-1-5-18"}
{"EventID": "2", "Channel": "Microsoft-Windows-TZSync/Operational", "Provider_Name": "Microsoft-Windows-TZSync", "Computer": "DESKTOP-OFJ6N53", "TimeCreated": "2025-07-31 09:04:39.429960+00:00", "RecordID": "361", "Level": "4", "UserID": "S-1-5-18"}
{"EventID": "1", "Channel": "Microsoft-Windows-TZSync/Operational", "Provider_Name": "Microsoft-Windows-TZSync", "Computer": "DESKTOP-OFJ6N53", "TimeCreated": "2025-08-07 10:04:05.790602+00:00", "RecordID": "362", "Level": "4", "UserID": "S-1-5-18"}
{"EventID": "2", "Channel": "Microsoft-Windows-TZSync/Operational", "Provider_Name": "Microsoft-Windows-TZSync", "Computer": "DESKTOP-OFJ6N53", "TimeCreated": "2025-08-07 10:04:14.933533+00:00", "RecordID": "363", "Level": "4", "UserID": "S-1-5-18"}
{"EventID": "1", "Channel": "Microsoft-Windows-TZSync/Operational", "Provider_Name": "Microsoft-Windows-TZSync", "Computer": "DESKTOP-OFJ6N53", "TimeCreated": "2025-08-14 09:22:24.588718+00:00", "RecordID": "364", "Level": "4", "UserID": "S-1-5-18"}
{"EventID": "2", "Channel": "Microsoft-Windows-TZSync/Operational", "Provider_Name": "Microsoft-Windows-TZSync", "Computer": "DESKTOP-OFJ6N53", "TimeCreated": "2025-08-14 09:23:43.890211+00:00", "RecordID": "365", "Level": "4", "UserID": "S-1-5-18"}
{"EventID": "1", "Channel": "Microsoft-Windows-TZSync/Operational", "Provider_Name": "Microsoft-Windows-TZSync", "Computer": "DESKTOP-OFJ6N53", "TimeCreated": "2025-08-21 08:25:17.738205+00:00", "RecordID": "366", "Level": "4", "UserID": "S-1-5-18"}
{"EventID": "2", "Channel": "Microsoft-Windows-TZSync/Operational", "Provider_Name": "Microsoft-Windows-TZSync", "Computer": "DESKTOP-OFJ6N53", "TimeCreated": "2025-08-21 08:25:23.345341+00:00", "RecordID": "367", "Level": "4", "UserID": "S-1-5-18"}
