{"EventID": "3089", "Channel": "Microsoft-Windows-CodeIntegrity/Operational", "Provider_Name": "Microsoft-Windows-CodeIntegrity", "Computer": "DESKTOP-OFJ6N53", "TimeCreated": "2025-04-02 09:31:46.285044+00:00", "RecordID": "63953", "Level": "4", "UserID": "S-1-5-18", "EventData.TotalSignatureCount": "2", "EventData.Signature": "1", "EventData.CacheState": "3", "EventData.Hash Size": "32", "EventData.Hash": "D1f6ckcOmOGY0WvyVsYPf0dunC5QNNXJX3MfKUCLQ2E=", "EventData.PageHash": "False", "EventData.SignatureType": "1", "EventData.ValidatedSigningLevel": "1", "EventData.VerificationError": "18", "EventData.Flags": "0", "EventData.PolicyBits": "16", "EventData.NotValidBefore": "2018-01-22 00:00:00+00:00", "EventData.NotValidAfter": "2021-03-05 12:00:00+00:00", "EventData.PublisherNameLength": "14", "EventData.PublisherName": "LLC Crypto-Pro", "EventData.IssuerNameLength": "34", "EventData.IssuerName": "DigiCert EV Code Signing CA (SHA2)", "EventData.PublisherTBSHashSize": "32", "EventData.PublisherTBSHash": "bSSn12wcu4g4gSlvMwWiHV9M9wWp9OQ2cIVVIyXQhpQ=", "EventData.IssuerTBSHashSize": "32", "EventData.IssuerTBSHash": "7sWBMdwRzX9RJQGxX9vGB0xgO2jKkfcWLVoEIFTtsM8="}
{"EventID": "3033", "Channel": "Microsoft-Windows-CodeIntegrity/Operational", "Provider_Name": "Microsoft-Windows-CodeIntegrity", "Computer": "DESKTOP-OFJ6N53", "TimeCreated": "2025-04-02 09:31:46.300982+00:00", "RecordID": "63954", "Level": "2", "UserID": "S-1-5-18", "EventData.FileNameLength": "52", "EventData.FileNameBuffer": "\\Device\\HarddiskVolume3\\Windows\\System32\\cpsspap.dll", "EventData.ProcessNameLength": "115", "EventData.ProcessNameBuffer": "\\Device\\HarddiskVolume3\\ProgramData\\Microsoft\\Windows Defender\\Platform\\4.18.25020.1009-0\\MpDefenderCoreService.exe", "EventData.RequestedPolicy": "7", "EventData.ValidatedPolicy": "1", "EventData.Status": "3221226536"}
{"EventID": "3089", "Channel": "Microsoft-Windows-CodeIntegrity/Operational", "Provider_Name": "Microsoft-Windows-CodeIntegrity", "Computer": "DESKTOP-OFJ6N53", "TimeCreated": "2025-04-02 09:31:46.300983+00:00", "RecordID": "63955", "Level": "4", "UserID": "S-1-5-18", "EventData.TotalSignatureCount": "2", "EventData.Signature": "0", "EventData.CacheState": "3", "EventData.Hash Size": "32", "EventData.Hash": "D1f6ckcOmOGY0WvyVsYPf0dunC5QNNXJX3MfKUCLQ2E=", "EventData.PageHash": "False", "EventData.SignatureType": "1", "EventData.ValidatedSigningLevel": "8", "EventData.VerificationError": "18", "EventData.Flags": "0", "EventData.PolicyBits": "128", "EventData.NotValidBefore": "2019-05-02 20:47:34+00:00", "EventData.NotValidAfter": "2020-05-02 20:47:34+00:00", "EventData.PublisherNameLength": "50", "EventData.PublisherName": "Microsoft Windows Software Compatibility Publisher", "EventData.IssuerNameLength": "47", "EventData.IssuerName": "Microsoft Windows Third Party Component CA 2013", "EventData.PublisherTBSHashSize": "32", "EventData.PublisherTBSHash": "jQuDJM7mRlBjH6e+lDnpUHVuNu3x/ITufqy8od1eV3I=", "EventData.IssuerTBSHashSize": "32", "EventData.IssuerTBSHash": "xV7kTG3ob6msP8kPhO8NSmytWqxqESBHyIuZfnVHrtE="}
{"EventID": "3089", "Channel": "Microsoft-Windows-CodeIntegrity/Operational", "Provider_Name": "Microsoft-Windows-CodeIntegrity", "Computer": "DESKTOP-OFJ6N53", "TimeCreated": "2025-04-02 09:31:46.300987+00:00", "RecordID": "63956", "Level": "4", "UserID": "S-1-5-18", "EventData.TotalSignatureCount": "2", "EventData.Signature": "1", "EventData.CacheState": "3", "EventData.Hash Size": "32", "EventData.Hash": "D1f6ckcOmOGY0WvyVsYPf0dunC5QNNXJX3MfKUCLQ2E=", "EventData.PageHash": "False", "EventData.SignatureType": "1", "EventData.ValidatedSigningLevel": "1", "EventData.VerificationError": "18", "EventData.Flags": "0", "EventData.PolicyBits": "16", "EventData.NotValidBefore": "2018-01-22 00:00:00+00:00", "EventData.NotValidAfter": "2021-03-05 12:00:00+00:00", "EventData.PublisherNameLength": "14", "EventData.PublisherName": "LLC Crypto-Pro", "EventData.IssuerNameLength": "34", "EventData.IssuerName": "DigiCert EV Code Signing CA (SHA2)", "EventData.PublisherTBSHashSize": "32", "EventData.PublisherTBSHash": "bSSn12wcu4g4gSlvMwWiHV9M9wWp9OQ2cIVVIyXQhpQ=", "EventData.IssuerTBSHashSize": "32", "EventData.IssuerTBSHash": "7sWBMdwRzX9RJQGxX9vGB0xgO2jKkfcWLVoEIFTtsM8="}
{"EventID": "3033", "Channel": "Microsoft-Windows-CodeIntegrity/Operational", "Provider_Name": "Microsoft-Windows-CodeIntegrity", "Computer": "DESKTOP-OFJ6N53", "TimeCreated": "2025-04-02 09:31:46.321621+00:00", "RecordID": "63957", "Level": "2", "UserID": "S-1-5-18", "EventData.FileNameLength": "52", "EventData.FileNameBuffer": "\\Device\\HarddiskVolume3\\Windows\\System32\\cpsspap.dll", "EventData.ProcessNameLength": "115", "EventData.ProcessNameBuffer": "\\Device\\HarddiskVolume3\\ProgramData\\Microsoft\\Windows Defender\\Platform\\4.18.25020.1009-0\\MpDefenderCoreService.exe", "EventData.RequestedPolicy": "7", "EventData.ValidatedPolicy": "1", "EventData.Status": "3221226536"}
{"EventID": "3089", "Channel": "Microsoft-Windows-CodeIntegrity/Operational", "Provider_Name": "Microsoft-Windows-CodeIntegrity", "Computer": "DESKTOP-OFJ6N53", "TimeCreated": "2025-04-02 09:31:46.321625+00:00", "RecordID": "63958", "Level": "4", "UserID": "S-1-5-18", "EventData.TotalSignatureCount": "2", "EventData.Signature": "0", "EventData.CacheState": "3", "EventData.Hash Size": "32", "EventData.Hash": "D1f6ckcOmOGY0WvyVsYPf0dunC5QNNXJX3MfKUCLQ2E=", "EventData.PageHash": "False", "EventData.SignatureType": "1", "EventData.ValidatedSigningLevel": "8", "EventData.VerificationError": "18", "EventData.Flags": "0", "EventData.PolicyBits": "128", "EventData.NotValidBefore": "2019-05-02 20:47:34+00:00", "EventData.NotValidAfter": "2020-05-02 20:47:34+00:00", "EventData.PublisherNameLength": "50", "EventData.PublisherName": "Microsoft Windows Software Compatibility Publisher", "EventData.IssuerNameLength": "47", "EventData.IssuerName": "Microsoft Windows Third Party Component CA 2013", "EventData.PublisherTBSHashSize": "32", "EventData.PublisherTBSHash": "jQuDJM7mRlBjH6e+lDnpUHVuNu3x/ITufqy8od1eV3I=", "EventData.IssuerTBSHashSize": "32", "EventData.IssuerTBSHash": "xV7kTG3ob6msP8kPhO8NSmytWqxqESBHyIuZfnVHrtE="}
{"EventID": "3089", "Channel": "Microsoft-Windows-CodeIntegrity/Operational", "Provider_Name": "Microsoft-Windows-CodeIntegrity", "Computer": "DESKTOP-OFJ6N53", "TimeCreated": "2025-04-02 09:31:46.321627+00:00", "RecordID": "63959", "Level": "4", "UserID": "S-1-5-18", "EventData.TotalSignatureCount": "2", "EventData.Signature": "1", "EventData.CacheState": "3", "EventData.Hash Size": "32", "EventData.Hash": "D1f6ckcOmOGY0WvyVsYPf0dunC5QNNXJX3MfKUCLQ2E=", "EventData.PageHash": "False", "EventData.SignatureType": "1", "EventData.ValidatedSigningLevel": "1", "EventData.VerificationError": "18", "EventData.Flags": "0", "EventData.PolicyBits": "16", "EventData.NotValidBefore": "2018-01-22 00:00:00+00:00", "EventData.NotValidAfter": "2021-03-05 12:00:00+00:00", "EventData.PublisherNameLength": "14", "EventData.PublisherName": "LLC Crypto-Pro", "EventData.IssuerNameLength": "34", "EventData.IssuerName": "DigiCert EV Code Signing CA (SHA2)", "EventData.PublisherTBSHashSize": "32", "EventData.PublisherTBSHash": "bSSn12wcu4g4gSlvMwWiHV9M9wWp9OQ2cIVVIyXQhpQ=", "EventData.IssuerTBSHashSize": "32", "EventData.IssuerTBSHash": "7sWBMdwRzX9RJQGxX9vGB0xgO2jKkfcWLVoEIFTtsM8="}
{"EventID": "3033", "Channel": "Microsoft-Windows-CodeIntegrity/Operational", "Provider_Name": "Microsoft-Windows-CodeIntegrity", "Computer": "DESKTOP-OFJ6N53", "TimeCreated": "2025-04-02 09:31:46.445330+00:00", "RecordID": "63960", "Level": "2", "UserID": "S-1-5-18", "EventData.FileNameLength": "52", "EventData.FileNameBuffer": "\\Device\\HarddiskVolume3\\Windows\\System32\\cpsspap.dll", "EventData.ProcessNameLength": "115", "EventData.ProcessNameBuffer": "\\Device\\HarddiskVolume3\\ProgramData\\Microsoft\\Windows Defender\\Platform\\4.18.25020.1009-0\\MpDefenderCoreService.exe", "EventData.RequestedPolicy": "7", "EventData.ValidatedPolicy": "1", "EventData.Status": "3221226536"}
{"EventID": "3089", "Channel": "Microsoft-Windows-CodeIntegrity/Operational", "Provider_Name": "Microsoft-Windows-CodeIntegrity", "Computer": "DESKTOP-OFJ6N53", "TimeCreated": "2025-04-02 09:31:46.445333+00:00", "RecordID": "63961", "Level": "4", "UserID": "S-1-5-18", "EventData.TotalSignatureCount": "2", "EventData.Signature": "0", "EventData.CacheState": "3", "EventData.Hash Size": "32", "EventData.Hash": "D1f6ckcOmOGY0WvyVsYPf0dunC5QNNXJX3MfKUCLQ2E=", "EventData.PageHash": "False", "EventData.SignatureType": "1", "EventData.ValidatedSigningLevel": "8", "EventData.VerificationError": "18", "EventData.Flags": "0", "EventData.PolicyBits": "128", "EventData.NotValidBefore": "2019-05-02 20:47:34+00:00", "EventData.NotValidAfter": "2020-05-02 20:47:34+00:00", "EventData.PublisherNameLength": "50", "EventData.PublisherName": "Microsoft Windows Software Compatibility Publisher", "EventData.IssuerNameLength": "47", "EventData.IssuerName": "Microsoft Windows Third Party Component CA 2013", "EventData.PublisherTBSHashSize": "32", "EventData.PublisherTBSHash": "jQuDJM7mRlBjH6e+lDnpUHVuNu3x/ITufqy8od1eV3I=", "EventData.IssuerTBSHashSize": "32", "EventData.IssuerTBSHash": "xV7kTG3ob6msP8kPhO8NSmytWqxqESBHyIuZfnVHrtE="}
{"EventID": "3089", "Channel": "Microsoft-Windows-CodeIntegrity/Operational", "Provider_Name": "Microsoft-Windows-CodeIntegrity", "Computer": "DESKTOP-OFJ6N53", "TimeCreated": "2025-04-02 09:31:46.445337+00:00", "RecordID": "63962", "Level": "4", "UserID": "S-1-5-18", "EventData.TotalSignatureCount": "2", "EventData.Signature": "1", "EventData.CacheState": "3", "EventData.Hash Size": "32", "EventData.Hash": "D1f6ckcOmOGY0WvyVsYPf0dunC5QNNXJX3MfKUCLQ2E=", "EventData.PageHash": "False", "EventData.SignatureType": "1", "EventData.ValidatedSigningLevel": "1", "EventData.VerificationError": "18", "EventData.Flags": "0", "EventData.PolicyBits": "16", "EventData.NotValidBefore": "2018-01-22 00:00:00+00:00", "EventData.NotValidAfter": "2021-03-05 12:00:00+00:00", "EventData.PublisherNameLength": "14", "EventData.PublisherName": "LLC Crypto-Pro", "EventData.IssuerNameLength": "34", "EventData.IssuerName": "DigiCert EV Code Signing CA (SHA2)", "EventData.PublisherTBSHashSize": "32", "EventData.PublisherTBSHash": "bSSn12wcu4g4gSlvMwWiHV9M9wWp9OQ2cIVVIyXQhpQ=", "EventData.IssuerTBSHashSize": "32", "EventData.IssuerTBSHash": "7sWBMdwRzX9RJQGxX9vGB0xgO2jKkfcWLVoEIFTtsM8="}
{"EventID": "3033", "Channel": "Microsoft-Windows-CodeIntegrity/Operational", "Provider_Name": "Microsoft-Windows-CodeIntegrity", "Computer": "DESKTOP-OFJ6N53", "TimeCreated": "2025-04-02 09:31:46.938393+00:00", "RecordID": "63963", "Level": "2", "UserID": "S-1-5-18", "EventData.FileNameLength": "52", "EventData.FileNameBuffer": "\\Device\\HarddiskVolume3\\Windows\\System32\\cpsspap.dll", "EventData.ProcessNameLength": "115", "EventData.ProcessNameBuffer": "\\Device\\HarddiskVolume3\\ProgramData\\Microsoft\\Windows Defender\\Platform\\4.18.25020.1009-0\\MpDefenderCoreService.exe", "EventData.RequestedPolicy": "7", "EventData.ValidatedPolicy": "1", "EventData.Status": "3221226536"}
{"EventID": "3089", "Channel": "Microsoft-Windows-CodeIntegrity/Operational", "Provider_Name": "Microsoft-Windows-CodeIntegrity", "Computer": "DESKTOP-OFJ6N53", "TimeCreated": "2025-04-02 09:31:46.938396+00:00", "RecordID": "63964", "Level": "4", "UserID": "S-1-5-18", "EventData.TotalSignatureCount": "2", "EventData.Signature": "0", "EventData.CacheState": "3", "EventData.Hash Size": "32", "EventData.Hash": "D1f6ckcOmOGY0WvyVsYPf0dunC5QNNXJX3MfKUCLQ2E=", "EventData.PageHash": "False", "EventData.SignatureType": "1", "EventData.ValidatedSigningLevel": "8", "EventData.VerificationError": "18", "EventData.Flags": "0", "EventData.PolicyBits": "128", "EventData.NotValidBefore": "2019-05-02 20:47:34+00:00", "EventData.NotValidAfter": "2020-05-02 20:47:34+00:00", "EventData.PublisherNameLength": "50", "EventData.PublisherName": "Microsoft Windows Software Compatibility Publisher", "EventData.IssuerNameLength": "47", "EventData.IssuerName": "Microsoft Windows Third Party Component CA 2013", "EventData.PublisherTBSHashSize": "32", "EventData.PublisherTBSHash": "jQuDJM7mRlBjH6e+lDnpUHVuNu3x/ITufqy8od1eV3I=", "EventData.IssuerTBSHashSize": "32", "EventData.IssuerTBSHash": "xV7kTG3ob6msP8kPhO8NSmytWqxqESBHyIuZfnVHrtE="}
{"EventID": "3089", "Channel": "Microsoft-Windows-CodeIntegrity/Operational", "Provider_Name": "Microsoft-Windows-CodeIntegrity", "Computer": "DESKTOP-OFJ6N53", "TimeCreated": "2025-04-02 09:31:46.938398+00:00", "RecordID": "63965", "Level": "4", "UserID": "S-1-5-18", "EventData.TotalSignatureCount": "2", "EventData.Signature": "1", "EventData.CacheState": "3", "EventData.Hash Size": "32", "EventData.Hash": "D1f6ckcOmOGY0WvyVsYPf0dunC5QNNXJX3MfKUCLQ2E=", "EventData.PageHash": "False", "EventData.SignatureType": "1", "EventData.ValidatedSigningLevel": "1", "EventData.VerificationError": "18", "EventData.Flags": "0", "EventData.PolicyBits": "16", "EventData.NotValidBefore": "2018-01-22 00:00:00+00:00", "EventData.NotValidAfter": "2021-03-05 12:00:00+00:00", "EventData.PublisherNameLength": "14", "EventData.PublisherName": "LLC Crypto-Pro", "EventData.IssuerNameLength": "34", "EventData.IssuerName": "DigiCert EV Code Signing CA (SHA2)", "EventData.PublisherTBSHashSize": "32", "EventData.PublisherTBSHash": "bSSn12wcu4g4gSlvMwWiHV9M9wWp9OQ2cIVVIyXQhpQ=", "EventData.IssuerTBSHashSize": "32", "EventData.IssuerTBSHash": "7sWBMdwRzX9RJQGxX9vGB0xgO2jKkfcWLVoEIFTtsM8="}
{"EventID": "3033", "Channel": "Microsoft-Windows-CodeIntegrity/Operational", "Provider_Name": "Microsoft-Windows-CodeIntegrity", "Computer": "DESKTOP-OFJ6N53", "TimeCreated": "2025-04-02 09:42:07.295271+00:00", "RecordID": "63966", "Level": "2", "UserID": "S-1-5-18", "EventData.FileNameLength": "83", "EventData.FileNameBuffer": "\\Device\\HarddiskVolume3\\Program Files\\Common Files\\Crypto Pro\\AppCompat\\cpadvai.dll", "EventData.ProcessNameLength": "102", "EventData.ProcessNameBuffer": "\\Device\\HarddiskVolume3\\ProgramData\\Microsoft\\Windows Defender\\Platform\\4.18.25020.1009-0\\MpCmdRun.exe", "EventData.RequestedPolicy": "8", "EventData.ValidatedPolicy": "1", "EventData.Status": "3221226536"}
{"EventID": "3089", "Channel": "Microsoft-Windows-CodeIntegrity/Operational", "Provider_Name": "Microsoft-Windows-CodeIntegrity", "Computer": "DESKTOP-OFJ6N53", "TimeCreated": "2025-04-02 09:42:07.295273+00:00", "RecordID": "63967", "Level": "4", "UserID": "S-1-5-18", "EventData.TotalSignatureCount": "2", "EventData.Signature": "0", "EventData.CacheState": "3", "EventData.Hash Size": "20", "EventData.Hash": "hgAWI9gi3ImMeQu2upEKuQTDX0o=", "EventData.PageHash": "False", "EventData.SignatureType": "1", "EventData.ValidatedSigningLevel": "1", "EventData.VerificationError": "7", "EventData.Flags": "0", "EventData.PolicyBits": "16", "EventData.NotValidBefore": "2019-03-28 00:00:00+00:00", "EventData.NotValidAfter": "2021-03-05 12:00:00+00:00", "EventData.PublisherNameLength": "14", "EventData.PublisherName": "LLC Crypto-Pro", "EventData.IssuerNameLength": "27", "EventData.IssuerName": "DigiCert EV Code Signing CA", "EventData.PublisherTBSHashSize": "20", "EventData.PublisherTBSHash": "ryzeyGzx0kbOBQrxo9TZ057FBVo=", "EventData.IssuerTBSHashSize": "20", "EventData.IssuerTBSHash": "LVTBao+LaczepI0GA8Ey9Uelz3U="}
{"EventID": "3089", "Channel": "Microsoft-Windows-CodeIntegrity/Operational", "Provider_Name": "Microsoft-Windows-CodeIntegrity", "Computer": "DESKTOP-OFJ6N53", "TimeCreated": "2025-04-02 09:42:07.295275+00:00", "RecordID": "63968", "Level": "4", "UserID": "S-1-5-18", "EventData.TotalSignatureCount": "2", "EventData.Signature": "1", "EventData.CacheState": "3", "EventData.Hash Size": "32", "EventData.Hash": "3CrSgSHYC5hzviemulsR+C5pSAYz78FnSZp2ZjbrqIQ=", "EventData.PageHash": "False", "EventData.SignatureType": "1", "EventData.ValidatedSigningLevel": "1", "EventData.VerificationError": "7", "EventData.Flags": "0", "EventData.PolicyBits": "16", "EventData.NotValidBefore": "2018-01-22 00:00:00+00:00", "EventData.NotValidAfter": "2021-03-05 12:00:00+00:00", "EventData.PublisherNameLength": "14", "EventData.PublisherName": "LLC Crypto-Pro", "EventData.IssuerNameLength": "34", "EventData.IssuerName": "DigiCert EV Code Signing CA (SHA2)", "EventData.PublisherTBSHashSize": "32", "EventData.PublisherTBSHash": "bSSn12wcu4g4gSlvMwWiHV9M9wWp9OQ2cIVVIyXQhpQ=", "EventData.IssuerTBSHashSize": "32", "EventData.IssuerTBSHash": "7sWBMdwRzX9RJQGxX9vGB0xgO2jKkfcWLVoEIFTtsM8="}
{"EventID": "3084", "Channel": "Microsoft-Windows-CodeIntegrity/Operational", "Provider_Name": "Microsoft-Windows-CodeIntegrity", "Computer": "DESKTOP-OFJ6N53", "TimeCreated": "2025-04-02 09:57:34.721422+00:00", "RecordID": "63969", "Level": "4", "UserID": "S-1-5-18", "EventData.Settings": "0x00000000", "EventData.Exemption": "1"}
{"EventID": "3033", "Channel": "Microsoft-Windows-CodeIntegrity/Operational", "Provider_Name": "Microsoft-Windows-CodeIntegrity", "Computer": "DESKTOP-OFJ6N53", "TimeCreated": "2025-04-02 09:57:53.569006+00:00", "RecordID": "63970", "Level": "2", "UserID": "S-1-5-18", "EventData.FileNameLength": "52", "EventData.FileNameBuffer": "\\Device\\HarddiskVolume3\\Windows\\System32\\cpsspap.dll", "EventData.ProcessNameLength": "115", "EventData.ProcessNameBuffer": "\\Device\\HarddiskVolume3\\ProgramData\\Microsoft\\Windows Defender\\Platform\\4.18.25020.1009-0\\MpDefenderCoreService.exe", "EventData.RequestedPolicy": "7", "EventData.ValidatedPolicy": "1", "EventData.Status": "3221226536"}
{"EventID": "3089", "Channel": "Microsoft-Windows-CodeIntegrity/Operational", "Provider_Name": "Microsoft-Windows-CodeIntegrity", "Computer": "DESKTOP-OFJ6N53", "TimeCreated": "2025-04-02 09:57:53.569010+00:00", "RecordID": "63971", "Level": "4", "UserID": "S-1-5-18", "EventData.TotalSignatureCount": "2", "EventData.Signature": "0", "EventData.CacheState": "3", "EventData.Hash Size": "32", "EventData.Hash": "D1f6ckcOmOGY0WvyVsYPf0dunC5QNNXJX3MfKUCLQ2E=", "EventData.PageHash": "False", "EventData.SignatureType": "1", "EventData.ValidatedSigningLevel": "8", "EventData.VerificationError": "18", "EventData.Flags": "0", "EventData.PolicyBits": "128", "EventData.NotValidBefore": "2019-05-02 20:47:34+00:00", "EventData.NotValidAfter": "2020-05-02 20:47:34+00:00", "EventData.PublisherNameLength": "50", "EventData.PublisherName": "Microsoft Windows Software Compatibility Publisher", "EventData.IssuerNameLength": "47", "EventData.IssuerName": "Microsoft Windows Third Party Component CA 2013", "EventData.PublisherTBSHashSize": "32", "EventData.PublisherTBSHash": "jQuDJM7mRlBjH6e+lDnpUHVuNu3x/ITufqy8od1eV3I=", "EventData.IssuerTBSHashSize": "32", "EventData.IssuerTBSHash": "xV7kTG3ob6msP8kPhO8NSmytWqxqESBHyIuZfnVHrtE="}
{"EventID": "3089", "Channel": "Microsoft-Windows-CodeIntegrity/Operational", "Provider_Name": "Microsoft-Windows-CodeIntegrity", "Computer": "DESKTOP-OFJ6N53", "TimeCreated": "2025-04-02 09:57:53.569012+00:00", "RecordID": "63972", "Level": "4", "UserID": "S-1-5-18", "EventData.TotalSignatureCount": "2", "EventData.Signature": "1", "EventData.CacheState": "3", "EventData.Hash Size": "32", "EventData.Hash": "D1f6ckcOmOGY0WvyVsYPf0dunC5QNNXJX3MfKUCLQ2E=", "EventData.PageHash": "False", "EventData.SignatureType": "1", "EventData.ValidatedSigningLevel": "1", "EventData.VerificationError": "18", "EventData.Flags": "0", "EventData.PolicyBits": "16", "EventData.NotValidBefore": "2018-01-22 00:00:00+00:00", "EventData.NotValidAfter": "2021-03-05 12:00:00+00:00", "EventData.PublisherNameLength": "14", "EventData.PublisherName": "LLC Crypto-Pro", "EventData.IssuerNameLength": "34", "EventData.IssuerName": "DigiCert EV Code Signing CA (SHA2)", "EventData.PublisherTBSHashSize": "32", "EventData.PublisherTBSHash": "bSSn12wcu4g4gSlvMwWiHV9M9wWp9OQ2cIVVIyXQhpQ=", "EventData.IssuerTBSHashSize": "32", "EventData.IssuerTBSHash": "7sWBMdwRzX9RJQGxX9vGB0xgO2jKkfcWLVoEIFTtsM8="}
{"EventID": "3033", "Channel": "Microsoft-Windows-CodeIntegrity/Operational", "Provider_Name": "Microsoft-Windows-CodeIntegrity", "Computer": "DESKTOP-OFJ6N53", "TimeCreated": "2025-04-02 09:57:53.810390+00:00", "RecordID": "63973", "Level": "2", "UserID": "S-1-5-18", "EventData.FileNameLength": "52", "EventData.FileNameBuffer": "\\Device\\HarddiskVolume3\\Windows\\System32\\cpsspap.dll", "EventData.ProcessNameLength": "115", "EventData.ProcessNameBuffer": "\\Device\\HarddiskVolume3\\ProgramData\\Microsoft\\Windows Defender\\Platform\\4.18.25020.1009-0\\MpDefenderCoreService.exe", "EventData.RequestedPolicy": "7", "EventData.ValidatedPolicy": "1", "EventData.Status": "3221226536"}
{"EventID": "3089", "Channel": "Microsoft-Windows-CodeIntegrity/Operational", "Provider_Name": "Microsoft-Windows-CodeIntegrity", "Computer": "DESKTOP-OFJ6N53", "TimeCreated": "2025-04-02 09:57:53.810396+00:00", "RecordID": "63974", "Level": "4", "UserID": "S-1-5-18", "EventData.TotalSignatureCount": "2", "EventData.Signature": "0", "EventData.CacheState": "3", "EventData.Hash Size": "32", "EventData.Hash": "D1f6ckcOmOGY0WvyVsYPf0dunC5QNNXJX3MfKUCLQ2E=", "EventData.PageHash": "False", "EventData.SignatureType": "1", "EventData.ValidatedSigningLevel": "8", "EventData.VerificationError": "18", "EventData.Flags": "0", "EventData.PolicyBits": "128", "EventData.NotValidBefore": "2019-05-02 20:47:34+00:00", "EventData.NotValidAfter": "2020-05-02 20:47:34+00:00", "EventData.PublisherNameLength": "50", "EventData.PublisherName": "Microsoft Windows Software Compatibility Publisher", "EventData.IssuerNameLength": "47", "EventData.IssuerName": "Microsoft Windows Third Party Component CA 2013", "EventData.PublisherTBSHashSize": "32", "EventData.PublisherTBSHash": "jQuDJM7mRlBjH6e+lDnpUHVuNu3x/ITufqy8od1eV3I=", "EventData.IssuerTBSHashSize": "32", "EventData.IssuerTBSHash": "xV7kTG3ob6msP8kPhO8NSmytWqxqESBHyIuZfnVHrtE="}
{"EventID": "3089", "Channel": "Microsoft-Windows-CodeIntegrity/Operational", "Provider_Name": "Microsoft-Windows-CodeIntegrity", "Computer": "DESKTOP-OFJ6N53", "TimeCreated": "2025-04-02 09:57:53.810400+00:00", "RecordID": "63975", "Level": "4", "UserID": "S-1-5-18", "EventData.TotalSignatureCount": "2", "EventData.Signature": "1", "EventData.CacheState": "3", "EventData.Hash Size": "32", "EventData.Hash": "D1f6ckcOmOGY0WvyVsYPf0dunC5QNNXJX3MfKUCLQ2E=", "EventData.PageHash": "False", "EventData.SignatureType": "1", "EventData.ValidatedSigningLevel": "1", "EventData.VerificationError": "18", "EventData.Flags": "0", "EventData.PolicyBits": "16", "EventData.NotValidBefore": "2018-01-22 00:00:00+00:00", "EventData.NotValidAfter": "2021-03-05 12:00:00+00:00", "EventData.PublisherNameLength": "14", "EventData.PublisherName": "LLC Crypto-Pro", "EventData.IssuerNameLength": "34", "EventData.IssuerName": "DigiCert EV Code Signing CA (SHA2)", "EventData.PublisherTBSHashSize": "32", "EventData.PublisherTBSHash": "bSSn12wcu4g4gSlvMwWiHV9M9wWp9OQ2cIVVIyXQhpQ=", "EventData.IssuerTBSHashSize": "32", "EventData.IssuerTBSHash": "7sWBMdwRzX9RJQGxX9vGB0xgO2jKkfcWLVoEIFTtsM8="}
{"EventID": "3033", "Channel": "Microsoft-Windows-CodeIntegrity/Operational", "Provider_Name": "Microsoft-Windows-CodeIntegrity", "Computer": "DESKTOP-OFJ6N53", "TimeCreated": "2025-04-02 09:57:54.301361+00:00", "RecordID": "63976", "Level": "2", "UserID": "S-1-5-18", "EventData.FileNameLength": "52", "EventData.FileNameBuffer": "\\Device\\HarddiskVolume3\\Windows\\System32\\cpsspap.dll", "EventData.ProcessNameLength": "115", "EventData.ProcessNameBuffer": "\\Device\\HarddiskVolume3\\ProgramData\\Microsoft\\Windows Defender\\Platform\\4.18.25020.1009-0\\MpDefenderCoreService.exe", "EventData.RequestedPolicy": "7", "EventData.ValidatedPolicy": "1", "EventData.Status": "3221226536"}
{"EventID": "3089", "Channel": "Microsoft-Windows-CodeIntegrity/Operational", "Provider_Name": "Microsoft-Windows-CodeIntegrity", "Computer": "DESKTOP-OFJ6N53", "TimeCreated": "2025-04-02 09:57:54.301365+00:00", "RecordID": "63977", "Level": "4", "UserID": "S-1-5-18", "EventData.TotalSignatureCount": "2", "EventData.Signature": "0", "EventData.CacheState": "3", "EventData.Hash Size": "32", "EventData.Hash": "D1f6ckcOmOGY0WvyVsYPf0dunC5QNNXJX3MfKUCLQ2E=", "EventData.PageHash": "False", "EventData.SignatureType": "1", "EventData.ValidatedSigningLevel": "8", "EventData.VerificationError": "18", "EventData.Flags": "0", "EventData.PolicyBits": "128", "EventData.NotValidBefore": "2019-05-02 20:47:34+00:00", "EventData.NotValidAfter": "2020-05-02 20:47:34+00:00", "EventData.PublisherNameLength": "50", "EventData.PublisherName": "Microsoft Windows Software Compatibility Publisher", "EventData.IssuerNameLength": "47", "EventData.IssuerName": "Microsoft Windows Third Party Component CA 2013", "EventData.PublisherTBSHashSize": "32", "EventData.PublisherTBSHash": "jQuDJM7mRlBjH6e+lDnpUHVuNu3x/ITufqy8od1eV3I=", "EventData.IssuerTBSHashSize": "32", "EventData.IssuerTBSHash": "xV7kTG3ob6msP8kPhO8NSmytWqxqESBHyIuZfnVHrtE="}
{"EventID": "3089", "Channel": "Microsoft-Windows-CodeIntegrity/Operational", "Provider_Name": "Microsoft-Windows-CodeIntegrity", "Computer": "DESKTOP-OFJ6N53", "TimeCreated": "2025-04-02 09:57:54.301367+00:00", "RecordID": "63978", "Level": "4", "UserID": "S-1-5-18", "EventData.TotalSignatureCount": "2", "EventData.Signature": "1", "EventData.CacheState": "3", "EventData.Hash Size": "32", "EventData.Hash": "D1f6ckcOmOGY0WvyVsYPf0dunC5QNNXJX3MfKUCLQ2E=", "EventData.PageHash": "False", "EventData.SignatureType": "1", "EventData.ValidatedSigningLevel": "1", "EventData.VerificationError": "18", "EventData.Flags": "0", "EventData.PolicyBits": "16", "EventData.NotValidBefore": "2018-01-22 00:00:00+00:00", "EventData.NotValidAfter": "2021-03-05 12:00:00+00:00", "EventData.PublisherNameLength": "14", "EventData.PublisherName": "LLC Crypto-Pro", "EventData.IssuerNameLength": "34", "EventData.IssuerName": "DigiCert EV Code Signing CA (SHA2)", "EventData.PublisherTBSHashSize": "32", "EventData.PublisherTBSHash": "bSSn12wcu4g4gSlvMwWiHV9M9wWp9OQ2cIVVIyXQhpQ=", "EventData.IssuerTBSHashSize": "32", "EventData.IssuerTBSHash": "7sWBMdwRzX9RJQGxX9vGB0xgO2jKkfcWLVoEIFTtsM8="}
{"EventID": "3033", "Channel": "Microsoft-Windows-CodeIntegrity/Operational", "Provider_Name": "Microsoft-Windows-CodeIntegrity", "Computer": "DESKTOP-OFJ6N53", "TimeCreated": "2025-04-02 09:57:54.484400+00:00", "RecordID": "63979", "Level": "2", "UserID": "S-1-5-18", "EventData.FileNameLength": "52", "EventData.FileNameBuffer": "\\Device\\HarddiskVolume3\\Windows\\System32\\cpsspap.dll", "EventData.ProcessNameLength": "115", "EventData.ProcessNameBuffer": "\\Device\\HarddiskVolume3\\ProgramData\\Microsoft\\Windows Defender\\Platform\\4.18.25020.1009-0\\MpDefenderCoreService.exe", "EventData.RequestedPolicy": "7", "EventData.ValidatedPolicy": "1", "EventData.Status": "3221226536"}
{"EventID": "3089", "Channel": "Microsoft-Windows-CodeIntegrity/Operational", "Provider_Name": "Microsoft-Windows-CodeIntegrity", "Computer": "DESKTOP-OFJ6N53", "TimeCreated": "2025-04-02 09:57:54.484404+00:00", "RecordID": "63980", "Level": "4", "UserID": "S-1-5-18", "EventData.TotalSignatureCount": "2", "EventData.Signature": "0", "EventData.CacheState": "3", "EventData.Hash Size": "32", "EventData.Hash": "D1f6ckcOmOGY0WvyVsYPf0dunC5QNNXJX3MfKUCLQ2E=", "EventData.PageHash": "False", "EventData.SignatureType": "1", "EventData.ValidatedSigningLevel": "8", "EventData.VerificationError": "18", "EventData.Flags": "0", "EventData.PolicyBits": "128", "EventData.NotValidBefore": "2019-05-02 20:47:34+00:00", "EventData.NotValidAfter": "2020-05-02 20:47:34+00:00", "EventData.PublisherNameLength": "50", "EventData.PublisherName": "Microsoft Windows Software Compatibility Publisher", "EventData.IssuerNameLength": "47", "EventData.IssuerName": "Microsoft Windows Third Party Component CA 2013", "EventData.PublisherTBSHashSize": "32", "EventData.PublisherTBSHash": "jQuDJM7mRlBjH6e+lDnpUHVuNu3x/ITufqy8od1eV3I=", "EventData.IssuerTBSHashSize": "32", "EventData.IssuerTBSHash": "xV7kTG3ob6msP8kPhO8NSmytWqxqESBHyIuZfnVHrtE="}
{"EventID": "3089", "Channel": "Microsoft-Windows-CodeIntegrity/Operational", "Provider_Name": "Microsoft-Windows-CodeIntegrity", "Computer": "DESKTOP-OFJ6N53", "TimeCreated": "2025-04-02 09:57:54.484407+00:00", "RecordID": "63981", "Level": "4", "UserID": "S-1-5-18", "EventData.TotalSignatureCount": "2", "EventData.Signature": "1", "EventData.CacheState": "3", "EventData.Hash Size": "32", "EventData.Hash": "D1f6ckcOmOGY0WvyVsYPf0dunC5QNNXJX3MfKUCLQ2E=", "EventData.PageHash": "False", "EventData.SignatureType": "1", "EventData.ValidatedSigningLevel": "1", "EventData.VerificationError": "18", "EventData.Flags": "0", "EventData.PolicyBits": "16", "EventData.NotValidBefore": "2018-01-22 00:00:00+00:00", "EventData.NotValidAfter": "2021-03-05 12:00:00+00:00", "EventData.PublisherNameLength": "14", "EventData.PublisherName": "LLC Crypto-Pro", "EventData.IssuerNameLength": "34", "EventData.IssuerName": "DigiCert EV Code Signing CA (SHA2)", "EventData.PublisherTBSHashSize": "32", "EventData.PublisherTBSHash": "bSSn12wcu4g4gSlvMwWiHV9M9wWp9OQ2cIVVIyXQhpQ=", "EventData.IssuerTBSHashSize": "32", "EventData.IssuerTBSHash": "7sWBMdwRzX9RJQGxX9vGB0xgO2jKkfcWLVoEIFTtsM8="}
{"EventID": "3033", "Channel": "Microsoft-Windows-CodeIntegrity/Operational", "Provider_Name": "Microsoft-Windows-CodeIntegrity", "Computer": "DESKTOP-OFJ6N53", "TimeCreated": "2025-04-02 09:57:54.619947+00:00", "RecordID": "63982", "Level": "2", "UserID": "S-1-5-18", "EventData.FileNameLength": "52", "EventData.FileNameBuffer": "\\Device\\HarddiskVolume3\\Windows\\System32\\cpsspap.dll", "EventData.ProcessNameLength": "115", "EventData.ProcessNameBuffer": "\\Device\\HarddiskVolume3\\ProgramData\\Microsoft\\Windows Defender\\Platform\\4.18.25020.1009-0\\MpDefenderCoreService.exe", "EventData.RequestedPolicy": "7", "EventData.ValidatedPolicy": "1", "EventData.Status": "3221226536"}
{"EventID": "3089", "Channel": "Microsoft-Windows-CodeIntegrity/Operational", "Provider_Name": "Microsoft-Windows-CodeIntegrity", "Computer": "DESKTOP-OFJ6N53", "TimeCreated": "2025-04-02 09:57:54.619951+00:00", "RecordID": "63983", "Level": "4", "UserID": "S-1-5-18", "EventData.TotalSignatureCount": "2", "EventData.Signature": "0", "EventData.CacheState": "3", "EventData.Hash Size": "32", "EventData.Hash": "D1f6ckcOmOGY0WvyVsYPf0dunC5QNNXJX3MfKUCLQ2E=", "EventData.PageHash": "False", "EventData.SignatureType": "1", "EventData.ValidatedSigningLevel": "8", "EventData.VerificationError": "18", "EventData.Flags": "0", "EventData.PolicyBits": "128", "EventData.NotValidBefore": "2019-05-02 20:47:34+00:00", "EventData.NotValidAfter": "2020-05-02 20:47:34+00:00", "EventData.PublisherNameLength": "50", "EventData.PublisherName": "Microsoft Windows Software Compatibility Publisher", "EventData.IssuerNameLength": "47", "EventData.IssuerName": "Microsoft Windows Third Party Component CA 2013", "EventData.PublisherTBSHashSize": "32", "EventData.PublisherTBSHash": "jQuDJM7mRlBjH6e+lDnpUHVuNu3x/ITufqy8od1eV3I=", "EventData.IssuerTBSHashSize": "32", "EventData.IssuerTBSHash": "xV7kTG3ob6msP8kPhO8NSmytWqxqESBHyIuZfnVHrtE="}
{"EventID": "3089", "Channel": "Microsoft-Windows-CodeIntegrity/Operational", "Provider_Name": "Microsoft-Windows-CodeIntegrity", "Computer": "DESKTOP-OFJ6N53", "TimeCreated": "2025-04-02 09:57:54.619955+00:00", "RecordID": "63984", "Level": "4", "UserID": "S-1-5-18", "EventData.TotalSignatureCount": "2", "EventData.Signature": "1", "EventData.CacheState": "3", "EventData.Hash Size": "32", "EventData.Hash": "D1f6ckcOmOGY0WvyVsYPf0dunC5QNNXJX3MfKUCLQ2E=", "EventData.PageHash": "False", "EventData.SignatureType": "1", "EventData.ValidatedSigningLevel": "1", "EventData.VerificationError": "18", "EventData.Flags": "0", "EventData.PolicyBits": "16", "EventData.NotValidBefore": "2018-01-22 00:00:00+00:00", "EventData.NotValidAfter": "2021-03-05 12:00:00+00:00", "EventData.PublisherNameLength": "14", "EventData.PublisherName": "LLC Crypto-Pro", "EventData.IssuerNameLength": "34", "EventData.IssuerName": "DigiCert EV Code Signing CA (SHA2)", "EventData.PublisherTBSHashSize": "32", "EventData.PublisherTBSHash": "bSSn12wcu4g4gSlvMwWiHV9M9wWp9OQ2cIVVIyXQhpQ=", "EventData.IssuerTBSHashSize": "32", "EventData.IssuerTBSHash": "7sWBMdwRzX9RJQGxX9vGB0xgO2jKkfcWLVoEIFTtsM8="}
{"EventID": "3033", "Channel": "Microsoft-Windows-CodeIntegrity/Operational", "Provider_Name": "Microsoft-Windows-CodeIntegrity", "Computer": "DESKTOP-OFJ6N53", "TimeCreated": "2025-04-02 09:57:54.831013+00:00", "RecordID": "63985", "Level": "2", "UserID": "S-1-5-18", "EventData.FileNameLength": "52", "EventData.FileNameBuffer": "\\Device\\HarddiskVolume3\\Windows\\System32\\cpsspap.dll", "EventData.ProcessNameLength": "115", "EventData.ProcessNameBuffer": "\\Device\\HarddiskVolume3\\ProgramData\\Microsoft\\Windows Defender\\Platform\\4.18.25020.1009-0\\MpDefenderCoreService.exe", "EventData.RequestedPolicy": "7", "EventData.ValidatedPolicy": "1", "EventData.Status": "3221226536"}
{"EventID": "3089", "Channel": "Microsoft-Windows-CodeIntegrity/Operational", "Provider_Name": "Microsoft-Windows-CodeIntegrity", "Computer": "DESKTOP-OFJ6N53", "TimeCreated": "2025-04-02 09:57:54.831015+00:00", "RecordID": "63986", "Level": "4", "UserID": "S-1-5-18", "EventData.TotalSignatureCount": "2", "EventData.Signature": "0", "EventData.CacheState": "3", "EventData.Hash Size": "32", "EventData.Hash": "D1f6ckcOmOGY0WvyVsYPf0dunC5QNNXJX3MfKUCLQ2E=", "EventData.PageHash": "False", "EventData.SignatureType": "1", "EventData.ValidatedSigningLevel": "8", "EventData.VerificationError": "18", "EventData.Flags": "0", "EventData.PolicyBits": "128", "EventData.NotValidBefore": "2019-05-02 20:47:34+00:00", "EventData.NotValidAfter": "2020-05-02 20:47:34+00:00", "EventData.PublisherNameLength": "50", "EventData.PublisherName": "Microsoft Windows Software Compatibility Publisher", "EventData.IssuerNameLength": "47", "EventData.IssuerName": "Microsoft Windows Third Party Component CA 2013", "EventData.PublisherTBSHashSize": "32", "EventData.PublisherTBSHash": "jQuDJM7mRlBjH6e+lDnpUHVuNu3x/ITufqy8od1eV3I=", "EventData.IssuerTBSHashSize": "32", "EventData.IssuerTBSHash": "xV7kTG3ob6msP8kPhO8NSmytWqxqESBHyIuZfnVHrtE="}
{"EventID": "3089", "Channel": "Microsoft-Windows-CodeIntegrity/Operational", "Provider_Name": "Microsoft-Windows-CodeIntegrity", "Computer": "DESKTOP-OFJ6N53", "TimeCreated": "2025-04-02 09:57:54.831018+00:00", "RecordID": "63987", "Level": "4", "UserID": "S-1-5-18", "EventData.TotalSignatureCount": "2", "EventData.Signature": "1", "EventData.CacheState": "3", "EventData.Hash Size": "32", "EventData.Hash": "D1f6ckcOmOGY0WvyVsYPf0dunC5QNNXJX3MfKUCLQ2E=", "EventData.PageHash": "False", "EventData.SignatureType": "1", "EventData.ValidatedSigningLevel": "1", "EventData.VerificationError": "18", "EventData.Flags": "0", "EventData.PolicyBits": "16", "EventData.NotValidBefore": "2018-01-22 00:00:00+00:00", "EventData.NotValidAfter": "2021-03-05 12:00:00+00:00", "EventData.PublisherNameLength": "14", "EventData.PublisherName": "LLC Crypto-Pro", "EventData.IssuerNameLength": "34", "EventData.IssuerName": "DigiCert EV Code Signing CA (SHA2)", "EventData.PublisherTBSHashSize": "32", "EventData.PublisherTBSHash": "bSSn12wcu4g4gSlvMwWiHV9M9wWp9OQ2cIVVIyXQhpQ=", "EventData.IssuerTBSHashSize": "32", "EventData.IssuerTBSHash": "7sWBMdwRzX9RJQGxX9vGB0xgO2jKkfcWLVoEIFTtsM8="}
{"EventID": "3084", "Channel": "Microsoft-Windows-CodeIntegrity/Operational", "Provider_Name": "Microsoft-Windows-CodeIntegrity", "Computer": "DESKTOP-OFJ6N53", "TimeCreated": "2025-04-02 10:08:19.692434+00:00", "RecordID": "63988", "Level": "4", "UserID": "S-1-5-18", "EventData.Settings": "0x00000000", "EventData.Exemption": "1"}
{"EventID": "3084", "Channel": "Microsoft-Windows-CodeIntegrity/Operational", "Provider_Name": "Microsoft-Windows-CodeIntegrity", "Computer": "DESKTOP-OFJ6N53", "TimeCreated": "2025-04-02 10:11:47.674709+00:00", "RecordID": "63989", "Level": "4", "UserID": "S-1-5-18", "EventData.Settings": "0x00000000", "EventData.Exemption": "1"}
{"EventID": "3084", "Channel": "Microsoft-Windows-CodeIntegrity/Operational", "Provider_Name": "Microsoft-Windows-CodeIntegrity", "Computer": "DESKTOP-OFJ6N53", "TimeCreated": "2025-04-02 10:16:11.698828+00:00", "RecordID": "63990", "Level": "4", "UserID": "S-1-5-18", "EventData.Settings": "0x00000000", "EventData.Exemption": "1"}
{"EventID": "3084", "Channel": "Microsoft-Windows-CodeIntegrity/Operational", "Provider_Name": "Microsoft-Windows-CodeIntegrity", "Computer": "DESKTOP-OFJ6N53", "TimeCreated": "2025-04-02 10:33:59.794237+00:00", "RecordID": "63991", "Level": "4", "UserID": "S-1-5-18", "EventData.Settings": "0x00000000", "EventData.Exemption": "1"}
{"EventID": "3084", "Channel": "Microsoft-Windows-CodeIntegrity/Operational", "Provider_Name": "Microsoft-Windows-CodeIntegrity", "Computer": "DESKTOP-OFJ6N53", "TimeCreated": "2025-04-09 14:35:28.899048+00:00", "RecordID": "63992", "Level": "4", "UserID": "S-1-5-18", "EventData.Settings": "0x00000000", "EventData.Exemption": "1"}
{"EventID": "3099", "Channel": "Microsoft-Windows-CodeIntegrity/Operational", "Provider_Name": "Microsoft-Windows-CodeIntegrity", "Computer": "DESKTOP-OFJ6N53", "TimeCreated": "2025-04-09 14:35:28.899458+00:00", "RecordID": "63993", "Level": "4", "UserID": "S-1-5-18", "EventData.PolicyNameLength": "54", "EventData.PolicyNameBuffer": "Microsoft Windows Virtualization Based Security Policy", "EventData.PolicyIdLength": "12", "EventData.PolicyIdBuffer": "10.0.27818.0", "EventData.PolicyGUID": "{a072029f-588b-4b5e-b7f9-05aad67df687}", "EventData.Status": "0x00000000", "EventData.Options": "0x90800000", "EventData.PolicyHashSize": "32", "EventData.PolicyHash": "PNlJmXv8DisbvtXLO76f6T+hhu+9Lw3L+dZftdqITTo="}
{"EventID": "3116", "Channel": "Microsoft-Windows-CodeIntegrity/Operational", "Provider_Name": "Microsoft-Windows-CodeIntegrity", "Computer": "DESKTOP-OFJ6N53", "TimeCreated": "2025-04-09 14:35:28.900267+00:00", "RecordID": "63994", "Level": "4", "UserID": "S-1-5-18", "EventData.PolicyGUID": "{a072029f-588b-4b5e-b7f9-05aad67df687}", "EventData.PublisherNameLength": "17", "EventData.PublisherName": "Microsoft Windows", "EventData.IssuerNameLength": "37", "EventData.IssuerName": "Microsoft Windows Production PCA 2011", "EventData.PublisherTBSHashSize": "32", "EventData.PublisherTBSHash": "vpPXtWzfvTF88p2+VCQM5ejPUser4ocwszVYNT/7jU0=", "EventData.IssuerTBSHashSize": "32", "EventData.IssuerTBSHash": "ToC+EHyGDeiWOEs+/1BQTcLXascVHfMQKkRQY3oDIUY=", "EventData.EKUsSize": "21", "EventData.EKUs": "AgorBgEEAYI3CgMGCCsGAQUFBwMD", "EventData.KnownRoot": "6"}
{"EventID": "3084", "Channel": "Microsoft-Windows-CodeIntegrity/Operational", "Provider_Name": "Microsoft-Windows-CodeIntegrity", "Computer": "DESKTOP-OFJ6N53", "TimeCreated": "2025-04-23 00:40:08.128054+00:00", "RecordID": "63995", "Level": "4", "UserID": "S-1-5-18", "EventData.Settings": "0x00000000", "EventData.Exemption": "1"}
{"EventID": "3099", "Channel": "Microsoft-Windows-CodeIntegrity/Operational", "Provider_Name": "Microsoft-Windows-CodeIntegrity", "Computer": "DESKTOP-OFJ6N53", "TimeCreated": "2025-04-23 00:40:08.128500+00:00", "RecordID": "63996", "Level": "4", "UserID": "S-1-5-18", "EventData.PolicyNameLength": "54", "EventData.PolicyNameBuffer": "Microsoft Windows Virtualization Based Security Policy", "EventData.PolicyIdLength": "12", "EventData.PolicyIdBuffer": "10.0.27818.0", "EventData.PolicyGUID": "{a072029f-588b-4b5e-b7f9-05aad67df687}", "EventData.Status": "0x00000000", "EventData.Options": "0x90800000", "EventData.PolicyHashSize": "32", "EventData.PolicyHash": "PNlJmXv8DisbvtXLO76f6T+hhu+9Lw3L+dZftdqITTo="}
{"EventID": "3116", "Channel": "Microsoft-Windows-CodeIntegrity/Operational", "Provider_Name": "Microsoft-Windows-CodeIntegrity", "Computer": "DESKTOP-OFJ6N53", "TimeCreated": "2025-04-23 00:40:08.129202+00:00", "RecordID": "63997", "Level": "4", "UserID": "S-1-5-18", "EventData.PolicyGUID": "{a072029f-588b-4b5e-b7f9-05aad67df687}", "EventData.PublisherNameLength": "17", "EventData.PublisherName": "Microsoft Windows", "EventData.IssuerNameLength": "37", "EventData.IssuerName": "Microsoft Windows Production PCA 2011", "EventData.PublisherTBSHashSize": "32", "EventData.PublisherTBSHash": "vpPXtWzfvTF88p2+VCQM5ejPUser4ocwszVYNT/7jU0=", "EventData.IssuerTBSHashSize": "32", "EventData.IssuerTBSHash": "ToC+EHyGDeiWOEs+/1BQTcLXascVHfMQKkRQY3oDIUY=", "EventData.EKUsSize": "21", "EventData.EKUs": "AgorBgEEAYI3CgMGCCsGAQUFBwMD", "EventData.KnownRoot": "6"}
{"EventID": "3010", "Channel": "Microsoft-Windows-CodeIntegrity/Operational", "Provider_Name": "Microsoft-Windows-CodeIntegrity", "Computer": "DESKTOP-OFJ6N53", "TimeCreated": "2025-04-23 00:40:10.322615+00:00", "RecordID": "63998", "Level": "3", "UserID": "S-1-5-18", "EventData.FileNameLength": "87", "EventData.FileNameBuffer": "HyperV-Networking-Containers-merged-Package~31bf3856ad364e35~amd64~~10.0.19041.5438.cat", "EventData.Status": "0xc0000034"}
{"EventID": "3084", "Channel": "Microsoft-Windows-CodeIntegrity/Operational", "Provider_Name": "Microsoft-Windows-CodeIntegrity", "Computer": "DESKTOP-OFJ6N53", "TimeCreated": "2025-05-14 14:41:56.254932+00:00", "RecordID": "63999", "Level": "4", "UserID": "S-1-5-18", "EventData.Settings": "0x00000000", "EventData.Exemption": "1"}
{"EventID": "3099", "Channel": "Microsoft-Windows-CodeIntegrity/Operational", "Provider_Name": "Microsoft-Windows-CodeIntegrity", "Computer": "DESKTOP-OFJ6N53", "TimeCreated": "2025-05-14 14:41:56.255413+00:00", "RecordID": "64000", "Level": "4", "UserID": "S-1-5-18", "EventData.PolicyNameLength": "54", "EventData.PolicyNameBuffer": "Microsoft Windows Virtualization Based Security Policy", "EventData.PolicyIdLength": "12", "EventData.PolicyIdBuffer": "10.0.27818.0", "EventData.PolicyGUID": "{a072029f-588b-4b5e-b7f9-05aad67df687}", "EventData.Status": "0x00000000", "EventData.Options": "0x90800000", "EventData.PolicyHashSize": "32", "EventData.PolicyHash": "PNlJmXv8DisbvtXLO76f6T+hhu+9Lw3L+dZftdqITTo=", "EventData.OptionsV2": "0x00000000"}
{"EventID": "3116", "Channel": "Microsoft-Windows-CodeIntegrity/Operational", "Provider_Name": "Microsoft-Windows-CodeIntegrity", "Computer": "DESKTOP-OFJ6N53", "TimeCreated": "2025-05-14 14:41:56.256180+00:00", "RecordID": "64001", "Level": "4", "UserID": "S-1-5-18", "EventData.PolicyGUID": "{a072029f-588b-4b5e-b7f9-05aad67df687}", "EventData.PublisherNameLength": "17", "EventData.PublisherName": "Microsoft Windows", "EventData.IssuerNameLength": "37", "EventData.IssuerName": "Microsoft Windows Production PCA 2011", "EventData.PublisherTBSHashSize": "32", "EventData.PublisherTBSHash": "vpPXtWzfvTF88p2+VCQM5ejPUser4ocwszVYNT/7jU0=", "EventData.IssuerTBSHashSize": "32", "EventData.IssuerTBSHash": "ToC+EHyGDeiWOEs+/1BQTcLXascVHfMQKkRQY3oDIUY=", "EventData.EKUsSize": "21", "EventData.EKUs": "AgorBgEEAYI3CgMGCCsGAQUFBwMD", "EventData.KnownRoot": "6"}
{"EventID": "3033", "Channel": "Microsoft-Windows-CodeIntegrity/Operational", "Provider_Name": "Microsoft-Windows-CodeIntegrity", "Computer": "DESKTOP-OFJ6N53", "TimeCreated": "2025-05-14 14:43:51.993919+00:00", "RecordID": "64002", "Level": "2", "UserID": "S-1-5-20", "EventData.FileNameLength": "98", "EventData.FileNameBuffer": "\\Device\\HarddiskVolume3\\Program Files (x86)\\CheckPoint\\Endpoint Security\\EFR\\CP_AmsiProvider64.dll", "EventData.ProcessNameLength": "52", "EventData.ProcessNameBuffer": "\\Device\\HarddiskVolume3\\Windows\\System32\\svchost.exe", "EventData.RequestedPolicy": "12", "EventData.ValidatedPolicy": "1", "EventData.Status": "3221226536"}
{"EventID": "3089", "Channel": "Microsoft-Windows-CodeIntegrity/Operational", "Provider_Name": "Microsoft-Windows-CodeIntegrity", "Computer": "DESKTOP-OFJ6N53", "TimeCreated": "2025-05-14 14:43:51.993923+00:00", "RecordID": "64003", "Level": "4", "UserID": "S-1-5-20", "EventData.TotalSignatureCount": "1", "EventData.Signature": "0", "EventData.CacheState": "3", "EventData.Hash Size": "32", "EventData.Hash": "qps+fWu+CD7Q37Kz8DjLhW8i/1DEbIglp+VDSfhr9Ek=", "EventData.PageHash": "False", "EventData.SignatureType": "1", "EventData.ValidatedSigningLevel": "1", "EventData.VerificationError": "7", "EventData.Flags": "0", "EventData.PolicyBits": "16", "EventData.NotValidBefore": "2021-11-25 00:00:00+00:00", "EventData.NotValidAfter": "2024-11-26 23:59:59+00:00", "EventData.PublisherNameLength": "38", "EventData.PublisherName": "Check Point Software Technologies Ltd.", "EventData.IssuerNameLength": "56", "EventData.IssuerName": "DigiCert Trusted G4 Code Signing RSA4096 SHA384 2021 CA1", "EventData.PublisherTBSHashSize": "32", "EventData.PublisherTBSHash": "aeokk3X8u2s48cIvxo9aqgxd7+LpYGKnClb/S0kxF78=", "EventData.IssuerTBSHashSize": "48", "EventData.IssuerTBSHash": "ZbHUB2qJric/V+bu7eyz6uEptBaPdvp2cZFM30YdVCJVxZ2bhbkWrgym/A/Peo5k", "EventData.OPUSInfoLength": "4", "EventData.OPUSInfo": "None", "EventData.EKUsSize": "10", "EventData.EKUs": "AQgrBgEFBQcDAw==", "EventData.KnownRoot": "1"}
{"EventID": "3033", "Channel": "Microsoft-Windows-CodeIntegrity/Operational", "Provider_Name": "Microsoft-Windows-CodeIntegrity", "Computer": "DESKTOP-OFJ6N53", "TimeCreated": "2025-05-14 14:43:52.031149+00:00", "RecordID": "64004", "Level": "2", "UserID": "S-1-5-20", "EventData.FileNameLength": "98", "EventData.FileNameBuffer": "\\Device\\HarddiskVolume3\\Program Files (x86)\\CheckPoint\\Endpoint Security\\EFR\\CP_AmsiProvider64.dll", "EventData.ProcessNameLength": "52", "EventData.ProcessNameBuffer": "\\Device\\HarddiskVolume3\\Windows\\System32\\svchost.exe", "EventData.RequestedPolicy": "12", "EventData.ValidatedPolicy": "1", "EventData.Status": "3221226536"}
{"EventID": "3089", "Channel": "Microsoft-Windows-CodeIntegrity/Operational", "Provider_Name": "Microsoft-Windows-CodeIntegrity", "Computer": "DESKTOP-OFJ6N53", "TimeCreated": "2025-05-14 14:43:52.031153+00:00", "RecordID": "64005", "Level": "4", "UserID": "S-1-5-20", "EventData.TotalSignatureCount": "1", "EventData.Signature": "0", "EventData.CacheState": "3", "EventData.Hash Size": "32", "EventData.Hash": "qps+fWu+CD7Q37Kz8DjLhW8i/1DEbIglp+VDSfhr9Ek=", "EventData.PageHash": "False", "EventData.SignatureType": "1", "EventData.ValidatedSigningLevel": "1", "EventData.VerificationError": "7", "EventData.Flags": "0", "EventData.PolicyBits": "16", "EventData.NotValidBefore": "2021-11-25 00:00:00+00:00", "EventData.NotValidAfter": "2024-11-26 23:59:59+00:00", "EventData.PublisherNameLength": "38", "EventData.PublisherName": "Check Point Software Technologies Ltd.", "EventData.IssuerNameLength": "56", "EventData.IssuerName": "DigiCert Trusted G4 Code Signing RSA4096 SHA384 2021 CA1", "EventData.PublisherTBSHashSize": "32", "EventData.PublisherTBSHash": "aeokk3X8u2s48cIvxo9aqgxd7+LpYGKnClb/S0kxF78=", "EventData.IssuerTBSHashSize": "48", "EventData.IssuerTBSHash": "ZbHUB2qJric/V+bu7eyz6uEptBaPdvp2cZFM30YdVCJVxZ2bhbkWrgym/A/Peo5k", "EventData.OPUSInfoLength": "4", "EventData.OPUSInfo": "None", "EventData.EKUsSize": "10", "EventData.EKUs": "AQgrBgEFBQcDAw==", "EventData.KnownRoot": "1"}
{"EventID": "3084", "Channel": "Microsoft-Windows-CodeIntegrity/Operational", "Provider_Name": "Microsoft-Windows-CodeIntegrity", "Computer": "DESKTOP-OFJ6N53", "TimeCreated": "2025-06-11 14:45:31.046385+00:00", "RecordID": "64006", "Level": "4", "UserID": "S-1-5-18", "EventData.Settings": "0x00000000", "EventData.Exemption": "1"}
{"EventID": "3099", "Channel": "Microsoft-Windows-CodeIntegrity/Operational", "Provider_Name": "Microsoft-Windows-CodeIntegrity", "Computer": "DESKTOP-OFJ6N53", "TimeCreated": "2025-06-11 14:45:31.046879+00:00", "RecordID": "64007", "Level": "4", "UserID": "S-1-5-18", "EventData.PolicyNameLength": "54", "EventData.PolicyNameBuffer": "Microsoft Windows Virtualization Based Security Policy", "EventData.PolicyIdLength": "12", "EventData.PolicyIdBuffer": "10.0.27818.0", "EventData.PolicyGUID": "{a072029f-588b-4b5e-b7f9-05aad67df687}", "EventData.Status": "0x00000000", "EventData.Options": "0x90800000", "EventData.PolicyHashSize": "32", "EventData.PolicyHash": "PNlJmXv8DisbvtXLO76f6T+hhu+9Lw3L+dZftdqITTo=", "EventData.OptionsV2": "0x00000000"}
{"EventID": "3116", "Channel": "Microsoft-Windows-CodeIntegrity/Operational", "Provider_Name": "Microsoft-Windows-CodeIntegrity", "Computer": "DESKTOP-OFJ6N53", "TimeCreated": "2025-06-11 14:45:31.047777+00:00", "RecordID": "64008", "Level": "4", "UserID": "S-1-5-18", "EventData.PolicyGUID": "{a072029f-588b-4b5e-b7f9-05aad67df687}", "EventData.PublisherNameLength": "17", "EventData.PublisherName": "Microsoft Windows", "EventData.IssuerNameLength": "37", "EventData.IssuerName": "Microsoft Windows Production PCA 2011", "EventData.PublisherTBSHashSize": "32", "EventData.PublisherTBSHash": "vpPXtWzfvTF88p2+VCQM5ejPUser4ocwszVYNT/7jU0=", "EventData.IssuerTBSHashSize": "32", "EventData.IssuerTBSHash": "ToC+EHyGDeiWOEs+/1BQTcLXascVHfMQKkRQY3oDIUY=", "EventData.EKUsSize": "21", "EventData.EKUs": "AgorBgEEAYI3CgMGCCsGAQUFBwMD", "EventData.KnownRoot": "6"}
{"EventID": "3033", "Channel": "Microsoft-Windows-CodeIntegrity/Operational", "Provider_Name": "Microsoft-Windows-CodeIntegrity", "Computer": "DESKTOP-OFJ6N53", "TimeCreated": "2025-06-11 14:47:01.579056+00:00", "RecordID": "64009", "Level": "2", "UserID": "S-1-5-20", "EventData.FileNameLength": "98", "EventData.FileNameBuffer": "\\Device\\HarddiskVolume3\\Program Files (x86)\\CheckPoint\\Endpoint Security\\EFR\\CP_AmsiProvider64.dll", "EventData.ProcessNameLength": "52", "EventData.ProcessNameBuffer": "\\Device\\HarddiskVolume3\\Windows\\System32\\svchost.exe", "EventData.RequestedPolicy": "12", "EventData.ValidatedPolicy": "1", "EventData.Status": "3221226536"}
