{"EventID": "614", "Channel": "Microsoft-Windows-AppXDeploymentServer/Operational", "Provider_Name": "Microsoft-Windows-AppXDeployment-Server", "Computer": "DESKTOP-OFJ6N53", "TimeCreated": "2025-07-24 21:46:08.083401+00:00", "RecordID": "114282", "Level": "5", "UserID": "S-1-5-18", "EventData.PathOne": "x-windowsupdate://1BE83B1E-0AD2-4507-AED5-952917CCA580/2F510DC1-4B62-4128-956E-A73D253CC9CB/d71b51a86f47693370e6bb858091e4aa89ce0c65", "EventData.PathTwo": "\"XboxApp_48.104.4001.0_ARM.appx\": Microsoft.XboxApp_48.104.4001.0_arm__8wekyb3d8bbwe \"XboxApp_48.104.4001.0_x86.appx\": Microsoft.XboxApp_48.104.4001.0_x86__8wekyb3d8bbwe \"XboxApp_48.104.4001.0_x64.appx\": Microsoft.XboxApp_48.104.4001.0_x64__8wekyb3d8bbwe \"XboxApp_48.104.4001.0_language-be.appx\": Microsoft.XboxApp_48.104.4001.0_neutral_split.language-be_8wekyb3d8bbwe \"XboxApp_48.104.4001.0_language-fil-latn.appx\": Microsoft.XboxApp_48.104.4001.0_neutral_split.language-fil-latn_8wekyb3d8bbwe \"XboxApp_48.104.4001.0_language-ar.appx\": Microsoft.XboxApp_48.104.4001.0_neutral_split.language-ar_8wekyb3d8bbwe \"XboxApp_48.104.4001.0_language-az-latn.appx\": Microsoft.XboxApp_48.104.4001.0_neutral_split.language-az-latn_8wekyb3d8bbwe \"XboxApp_48.104.4001.0_language-fr.appx\": Microsoft.XboxApp_48.104.4001.0_neutral_split.language-fr_8wekyb3d8bbwe \"XboxApp_48.104.4001.0_language-af.appx\": Microsoft.XboxApp_48.104.4001.0_neutral_split.language-af_8wekyb3d8bbwe \"XboxApp_48.104.4001.0_language-he.appx\": Microsoft.XboxApp_48.104.4001.0_neutral_split.language-he_8wekyb3d8bbwe \"XboxApp_48.104.4001.0_language-bn.appx\": Microsoft.XboxApp_48.104.4001.0_neutral_split.language-bn_8wekyb3d8bbwe \"XboxApp_48.104.4001.0_language-ca.appx\": Microsoft.XboxApp_48.104.4001.0_neutral_split.language-ca_8wekyb3d8bbwe \"XboxApp_48.104.4001.0_language-hr.appx\": Microsoft.XboxApp_48.104.4001.0_neutral_split.language-hr_8wekyb3d8bbwe \"XboxApp_48.104.4001.0_language-da.appx\": Microsoft.XboxApp_48.104.4001.0_neutral_split.language-da_8wekyb3d8bbwe \"XboxApp_48.104.4001.0_language-bg.appx\": Microsoft.XboxApp_48.104.4001.0_neutral_split.language-bg_8wekyb3d8bbwe \"XboxApp_48.104.4001.0_language-es.appx\": Microsoft.XboxApp_48.104.4001.0_neutral_split.language-es_8wekyb3d8bbwe \"XboxApp_48.104.4001.0_language-ja.appx\": Microsoft.XboxApp_48.104.4001.0_neutral_split.language-ja_8wekyb3d8bbwe \"XboxApp_48.104.4001.0_language-fa.appx\": Microsoft.XboxApp_48.104.4001.0_neutral_split.language-fa_8wekyb3d8bbwe \"XboxApp_48.104.4001.0_language-hi.appx\": Microsoft.XboxApp_48.104.4001.0_neutral_split.language-hi_8wekyb3d8bbwe \"XboxApp_48.104.4001.0_language-ms.appx\": Microsoft.XboxApp_48.104.4001.0_neutral_split.language-ms_8wekyb3d8bbwe \"XboxApp_48.104.4001.0_language-sw.appx\": Microsoft.XboxApp_48.104.4001.0_neutral_split.language-sw_8wekyb3d8bbwe \"XboxApp_48.104.4001.0_language-el.appx\": Microsoft.XboxApp_48.104.4001.0_neutral_split.language-el_8wekyb3d8bbwe \"XboxApp_48.104.4001.0_language-gl.appx\": Microsoft.XboxApp_48.104.4001.0_neutral_split.language-gl_8wekyb3d8bbwe \"XboxApp_48.104.4001.0_language-lv.appx\": Microsoft.XboxApp_48.104.4001.0_neutral_split.language-lv_8wekyb3d8bbwe \"XboxApp_48.104.4001.0_language-ro.appx\": Microsoft.XboxApp_48.104.4001.0_neutral_split.language-ro_8wekyb3d8bbwe \"XboxApp_48.104.4001.0_language-te.appx\": Microsoft.XboxApp_48.104.4001.0_neutral_split.language-te_8wekyb3d8bbwe \"XboxApp_48.104.4001.0_language-uz-latn.appx\": Microsoft.XboxApp_48.104.4001.0_neutral_split.language-uz-latn_8wekyb3d8bbwe \"XboxApp_48.104.4001.0_language-vi.appx\": Microsoft.XboxApp_48.104.4001.0_neutral_split.language-vi_8wekyb3d8bbwe \"XboxApp_48.104.4001.0_language-mk.appx\": Microsoft.XboxApp_48.104.4001.0_neutral_split.language-mk_8wekyb3d8bbwe \"XboxApp_48.104.4001.0_language-zh-hant.appx\": Microsoft.XboxApp_48.104.4001.0_neutral_split.language-zh-hant_8wekyb3d8bbwe \"XboxApp_48.104.4001.0_language-sr-latn.appx\": Microsoft.XboxApp_48.104.4001.0_neutral_split.language-sr-latn_8wekyb3d8bbwe \"XboxApp_48.104.4001.0_language-sq.appx\": Microsoft.XboxApp_48.104.4001.0_neutral_split.language-sq_8wekyb3d8bbwe \"XboxApp_48.104.4001.0_language-nl.appx\": Microsoft.XboxApp_48.104.4001.0_neutral_split.language-nl_8wekyb3d8bbwe \"XboxApp_48.104.4001.0_language-ru.appx\": Microsoft.XboxApp_48.104.4001.0_neutral_split.language-ru_8wekyb3d8bbwe \"XboxApp_48.104.4001.0_language-pl.appx\": Microsoft.XboxApp_48.104.4001.0_neutral_split.language-pl_8wekyb3d8bbwe \"XboxApp_48.104.4001.0_language-km.appx\": Microsoft.XboxApp_48.104.4001.0_neutral_split.language-km_8wekyb3d8bbwe \"XboxApp_48.104.4001.0_language-pt.appx\": Microsoft.XboxApp_48.104.4001.0_neutral_split.language-pt_8wekyb3d8bbwe \"XboxApp_48.104.4001.0_language-th.appx\": Microsoft.XboxApp_48.104.4001.0_neutral_split.language-th_8wekyb3d8bbwe \"XboxApp_48.104.4001.0_language-eu.appx\": Microsoft.XboxApp_48.104.4001.0_neutral_split.language-eu_8wekyb3d8bbwe \"XboxApp_48.104.4001.0_language-kn.appx\": Microsoft.XboxApp_48.104.4001.0_neutral_split.language-kn_8wekyb3d8bbwe \"XboxApp_48.104.4001.0_language-sl.appx\": Microsoft.XboxApp_48.104.4001.0_neutral_split.language-sl_8wekyb3d8bbwe \"XboxApp_48.104.4001.0_language-lt.appx\": Microsoft.XboxApp_48.104.4001.0_neutral_split.language-lt_8wekyb3d8bbwe \"XboxApp_48.104.4001.0_language-ta.appx\": Microsoft.XboxApp_48.104.4001.0_neutral_split.language-ta_8wekyb3d8bbwe \"XboxApp_48.104.4001.0_language-ha-latn.appx\": Microsoft.XboxApp_48.104.4001.0_neutral_split.language-ha-latn_8wekyb3d8bbwe \"XboxApp_48.104.4001.0_language-ko.appx\": Microsoft.XboxApp_48.104.4001.0_neutral_split.language-ko_8wekyb3d8bbwe \"XboxApp_48.104.4001.0_language-tr.appx\": Microsoft.XboxApp_48.104.4001.0_neutral_split.language-tr_8wekyb3d8bbwe \"XboxApp_48.104.4001.0_language-am.appx\": Microsoft.XboxApp_48.104.4001.0_neutral_split.language-am_8wekyb3d8bbwe \"XboxApp_48.104.4001.0_language-sk.appx\": Microsoft.XboxApp_48.104.4001.0_neutral_split.language-sk_8wekyb3d8bbwe \"XboxApp_48.104.4001.0_language-ml.appx\": Microsoft.XboxApp_48.104.4001.0_neutral_split.language-ml_8wekyb3d8bbwe \"XboxApp_48.104.4001.0_language-is.appx\": Microsoft.XboxApp_48.104.4001.0_neutral_split.language-is_8wekyb3d8bbwe \"XboxApp_48.104.4001.0_language-hu.appx\": Microsoft.XboxApp_48.104.4001.0_neutral_split.language-hu_8wekyb3d8bbwe \"XboxApp_48.104.4001.0_language-et.appx\": Microsoft.XboxApp_48.104.4001.0_neutral_split.language-et_8wekyb3d8bbwe \"XboxApp_48.104.4001.0_language-cs.appx\": Microsoft.XboxApp_48.104.4001.0_neutral_split.language-cs_8wekyb3d8bbwe \"XboxApp_48.104.4001.0_language-zh-hans.appx\": Microsoft.XboxApp_48.104.4001.0_neutral_split.language-zh-hans_8wekyb3d8bbwe \"XboxApp_48.104.4001.0_language-sv.appx\": Microsoft.XboxApp_48.104.4001.0_neutral_split.language-sv_8wekyb3d8bbwe \"XboxApp_48.104.4001.0_language-nb.appx\": Microsoft.XboxApp_48.104.4001.0_neutral_split.language-nb_8wekyb3d8bbwe \"XboxApp_48.104.4001.0_language-it.appx\": Microsoft.XboxApp_48.104.4001.0_neutral_split.language-it_8wekyb3d8bbwe \"XboxApp_48.104.4001.0_language-kk.appx\": Microsoft.XboxApp_48.104.4001.0_neutral_split.language-kk_8wekyb3d8bbwe \"XboxApp_48.104.4001.0_language-de.appx\": Microsoft.XboxApp_48.104.4001.0_neutral_split.language-de_8wekyb3d8bbwe \"XboxApp_48.104.4001.0_scale-150.appx\": Microsoft.XboxApp_48.104.4001.0_neutral_split.scale-150_8wekyb3d8bbwe \"XboxApp_48.104.4001.0_language-fi.appx\": Microsoft.XboxApp_48.104.4001.0_neutral_split.language-fi_8wekyb3d8bbwe \"XboxApp_48.104.4001.0_language-lo.appx\": Microsoft.XboxApp_48.104.4001.0_neutral_split.language-lo_8wekyb3d8bbwe \"XboxApp_48.104.4001.0_scale-125.appx\": Microsoft.XboxApp_48.104.4001.0_neutral_split.scale-125_8wekyb3d8bbwe \"XboxApp_48.104.4001.0_scale-200.appx\": Microsoft.XboxApp_48.104.4001.0_neutral_split.scale-200_8wekyb3d8bbwe \"XboxApp_48.104.4001.0_language-id.appx\": Microsoft.XboxApp_48.104.4001.0_neutral_split.language-id_8wekyb3d8bbwe \"XboxApp_48.104.4001.0_scale-400.appx\": Microsoft.XboxApp_48.104.4001.0_neutral_split.scale-400_8wekyb3d8bbwe \"XboxApp_48.104.4001.0_language-uk.appx\": Microsoft.XboxApp_48.104.4001.0_neutral_split.language-uk_8wekyb3d8bbwe"}
{"EventID": "603", "Channel": "Microsoft-Windows-AppXDeploymentServer/Operational", "Provider_Name": "Microsoft-Windows-AppXDeployment-Server", "Computer": "DESKTOP-OFJ6N53", "TimeCreated": "2025-07-24 21:46:08.264006+00:00", "RecordID": "114283", "Level": "4", "UserID": "S-1-5-18", "EventData.DeploymentOperation": "4", "EventData.Path": "a09c64e559b9b263518913e62a777ab009697ffe", "EventData.Flags": "67108880", "EventData.FlagsHigh": "128", "EventData.CallingProcess": "svchost.exe,wuauserv", "EventData.ExternalLocation": null}
{"EventID": "10002", "Channel": "Microsoft-Windows-AppXDeploymentServer/Operational", "Provider_Name": "Microsoft-Windows-AppXDeployment-Server", "Computer": "DESKTOP-OFJ6N53", "TimeCreated": "2025-07-24 21:46:08.637085+00:00", "RecordID": "114284", "Level": "5", "UserID": "S-1-5-18", "EventData.DeploymentOperation": "4", "EventData.MainPackageMoniker": "Microsoft.XboxIdentityProvider_12.115.1001.0_neutral_~_8wekyb3d8bbwe", "EventData.ResiliencyFilePath": "C:\\ProgramData\\Microsoft\\Windows\\AppRepository\\1dcd5e57-3e4d-43b5-9ff6-de398e075c95_S-1-5-18_6.rslc"}
{"EventID": "607", "Channel": "Microsoft-Windows-AppXDeploymentServer/Operational", "Provider_Name": "Microsoft-Windows-AppXDeployment-Server", "Computer": "DESKTOP-OFJ6N53", "TimeCreated": "2025-07-24 21:46:08.637703+00:00", "RecordID": "114285", "Level": "4", "UserID": "S-1-5-18", "EventData.DeploymentOperation": "4", "EventData.PackageFullName": "Microsoft.XboxIdentityProvider_12.115.1001.0_neutral_~_8wekyb3d8bbwe", "EventData.UserSid": "S-1-5-18", "EventData.CallingProcess": "svchost.exe,wuauserv"}
{"EventID": "614", "Channel": "Microsoft-Windows-AppXDeploymentServer/Operational", "Provider_Name": "Microsoft-Windows-AppXDeployment-Server", "Computer": "DESKTOP-OFJ6N53", "TimeCreated": "2025-07-24 21:46:08.644876+00:00", "RecordID": "114286", "Level": "5", "UserID": "S-1-5-18", "EventData.PathOne": "x-windowsupdate://70FD9DF5-895E-4938-A938-B68EB3975457/9DB724C9-966D-4AEB-9D3B-D6B2C77F3DE3/a7dfb8412682a3a7d3263fd02ba70d7eac2c2ab9", "EventData.PathTwo": "\"XboxIdp_12.115.1001.0_ARM.appx\": Microsoft.XboxIdentityProvider_12.115.1001.0_arm__8wekyb3d8bbwe \"XboxIdp_12.115.1001.0_ARM64.appx\": Microsoft.XboxIdentityProvider_12.115.1001.0_arm64__8wekyb3d8bbwe \"XboxIdp_12.115.1001.0_x86.appx\": Microsoft.XboxIdentityProvider_12.115.1001.0_x86__8wekyb3d8bbwe \"XboxIdp_12.115.1001.0_x64.appx\": Microsoft.XboxIdentityProvider_12.115.1001.0_x64__8wekyb3d8bbwe \"XboxIdp_12.115.1001.0_language-gl.appx\": Microsoft.XboxIdentityProvider_12.115.1001.0_neutral_split.language-gl_8wekyb3d8bbwe \"XboxIdp_12.115.1001.0_language-fil-latn.appx\": Microsoft.XboxIdentityProvider_12.115.1001.0_neutral_split.language-fil-latn_8wekyb3d8bbwe \"XboxIdp_12.115.1001.0_language-am.appx\": Microsoft.XboxIdentityProvider_12.115.1001.0_neutral_split.language-am_8wekyb3d8bbwe \"XboxIdp_12.115.1001.0_language-ar.appx\": Microsoft.XboxIdentityProvider_12.115.1001.0_neutral_split.language-ar_8wekyb3d8bbwe \"XboxIdp_12.115.1001.0_language-az-latn.appx\": Microsoft.XboxIdentityProvider_12.115.1001.0_neutral_split.language-az-latn_8wekyb3d8bbwe \"XboxIdp_12.115.1001.0_language-be.appx\": Microsoft.XboxIdentityProvider_12.115.1001.0_neutral_split.language-be_8wekyb3d8bbwe \"XboxIdp_12.115.1001.0_language-bg.appx\": Microsoft.XboxIdentityProvider_12.115.1001.0_neutral_split.language-bg_8wekyb3d8bbwe \"XboxIdp_12.115.1001.0_language-bn.appx\": Microsoft.XboxIdentityProvider_12.115.1001.0_neutral_split.language-bn_8wekyb3d8bbwe \"XboxIdp_12.115.1001.0_language-ca.appx\": Microsoft.XboxIdentityProvider_12.115.1001.0_neutral_split.language-ca_8wekyb3d8bbwe \"XboxIdp_12.115.1001.0_language-cs.appx\": Microsoft.XboxIdentityProvider_12.115.1001.0_neutral_split.language-cs_8wekyb3d8bbwe \"XboxIdp_12.115.1001.0_language-da.appx\": Microsoft.XboxIdentityProvider_12.115.1001.0_neutral_split.language-da_8wekyb3d8bbwe \"XboxIdp_12.115.1001.0_language-de.appx\": Microsoft.XboxIdentityProvider_12.115.1001.0_neutral_split.language-de_8wekyb3d8bbwe \"XboxIdp_12.115.1001.0_language-el.appx\": Microsoft.XboxIdentityProvider_12.115.1001.0_neutral_split.language-el_8wekyb3d8bbwe \"XboxIdp_12.115.1001.0_language-fi.appx\": Microsoft.XboxIdentityProvider_12.115.1001.0_neutral_split.language-fi_8wekyb3d8bbwe \"XboxIdp_12.115.1001.0_language-fa.appx\": Microsoft.XboxIdentityProvider_12.115.1001.0_neutral_split.language-fa_8wekyb3d8bbwe \"XboxIdp_12.115.1001.0_language-eu.appx\": Microsoft.XboxIdentityProvider_12.115.1001.0_neutral_split.language-eu_8wekyb3d8bbwe \"XboxIdp_12.115.1001.0_language-id.appx\": Microsoft.XboxIdentityProvider_12.115.1001.0_neutral_split.language-id_8wekyb3d8bbwe \"XboxIdp_12.115.1001.0_language-es.appx\": Microsoft.XboxIdentityProvider_12.115.1001.0_neutral_split.language-es_8wekyb3d8bbwe \"XboxIdp_12.115.1001.0_language-af.appx\": Microsoft.XboxIdentityProvider_12.115.1001.0_neutral_split.language-af_8wekyb3d8bbwe \"XboxIdp_12.115.1001.0_language-fr.appx\": Microsoft.XboxIdentityProvider_12.115.1001.0_neutral_split.language-fr_8wekyb3d8bbwe \"XboxIdp_12.115.1001.0_language-tr.appx\": Microsoft.XboxIdentityProvider_12.115.1001.0_neutral_split.language-tr_8wekyb3d8bbwe \"XboxIdp_12.115.1001.0_language-he.appx\": Microsoft.XboxIdentityProvider_12.115.1001.0_neutral_split.language-he_8wekyb3d8bbwe \"XboxIdp_12.115.1001.0_language-hi.appx\": Microsoft.XboxIdentityProvider_12.115.1001.0_neutral_split.language-hi_8wekyb3d8bbwe \"XboxIdp_12.115.1001.0_language-hr.appx\": Microsoft.XboxIdentityProvider_12.115.1001.0_neutral_split.language-hr_8wekyb3d8bbwe \"XboxIdp_12.115.1001.0_language-hu.appx\": Microsoft.XboxIdentityProvider_12.115.1001.0_neutral_split.language-hu_8wekyb3d8bbwe \"XboxIdp_12.115.1001.0_language-et.appx\": Microsoft.XboxIdentityProvider_12.115.1001.0_neutral_split.language-et_8wekyb3d8bbwe \"XboxIdp_12.115.1001.0_language-is.appx\": Microsoft.XboxIdentityProvider_12.115.1001.0_neutral_split.language-is_8wekyb3d8bbwe \"XboxIdp_12.115.1001.0_language-it.appx\": Microsoft.XboxIdentityProvider_12.115.1001.0_neutral_split.language-it_8wekyb3d8bbwe \"XboxIdp_12.115.1001.0_language-ja.appx\": Microsoft.XboxIdentityProvider_12.115.1001.0_neutral_split.language-ja_8wekyb3d8bbwe \"XboxIdp_12.115.1001.0_language-te.appx\": Microsoft.XboxIdentityProvider_12.115.1001.0_neutral_split.language-te_8wekyb3d8bbwe \"XboxIdp_12.115.1001.0_language-sv.appx\": Microsoft.XboxIdentityProvider_12.115.1001.0_neutral_split.language-sv_8wekyb3d8bbwe \"XboxIdp_12.115.1001.0_language-kn.appx\": Microsoft.XboxIdentityProvider_12.115.1001.0_neutral_split.language-kn_8wekyb3d8bbwe \"XboxIdp_12.115.1001.0_language-sr-latn.appx\": Microsoft.XboxIdentityProvider_12.115.1001.0_neutral_split.language-sr-latn_8wekyb3d8bbwe \"XboxIdp_12.115.1001.0_language-lo.appx\": Microsoft.XboxIdentityProvider_12.115.1001.0_neutral_split.language-lo_8wekyb3d8bbwe \"XboxIdp_12.115.1001.0_language-lt.appx\": Microsoft.XboxIdentityProvider_12.115.1001.0_neutral_split.language-lt_8wekyb3d8bbwe \"XboxIdp_12.115.1001.0_language-lv.appx\": Microsoft.XboxIdentityProvider_12.115.1001.0_neutral_split.language-lv_8wekyb3d8bbwe \"XboxIdp_12.115.1001.0_language-mk.appx\": Microsoft.XboxIdentityProvider_12.115.1001.0_neutral_split.language-mk_8wekyb3d8bbwe \"XboxIdp_12.115.1001.0_language-ml.appx\": Microsoft.XboxIdentityProvider_12.115.1001.0_neutral_split.language-ml_8wekyb3d8bbwe \"XboxIdp_12.115.1001.0_language-sq.appx\": Microsoft.XboxIdentityProvider_12.115.1001.0_neutral_split.language-sq_8wekyb3d8bbwe \"XboxIdp_12.115.1001.0_language-nb.appx\": Microsoft.XboxIdentityProvider_12.115.1001.0_neutral_split.language-nb_8wekyb3d8bbwe \"XboxIdp_12.115.1001.0_language-nl.appx\": Microsoft.XboxIdentityProvider_12.115.1001.0_neutral_split.language-nl_8wekyb3d8bbwe \"XboxIdp_12.115.1001.0_language-sl.appx\": Microsoft.XboxIdentityProvider_12.115.1001.0_neutral_split.language-sl_8wekyb3d8bbwe \"XboxIdp_12.115.1001.0_language-sk.appx\": Microsoft.XboxIdentityProvider_12.115.1001.0_neutral_split.language-sk_8wekyb3d8bbwe \"XboxIdp_12.115.1001.0_language-ro.appx\": Microsoft.XboxIdentityProvider_12.115.1001.0_neutral_split.language-ro_8wekyb3d8bbwe \"XboxIdp_12.115.1001.0_language-kk.appx\": Microsoft.XboxIdentityProvider_12.115.1001.0_neutral_split.language-kk_8wekyb3d8bbwe \"XboxIdp_12.115.1001.0_language-ms.appx\": Microsoft.XboxIdentityProvider_12.115.1001.0_neutral_split.language-ms_8wekyb3d8bbwe \"XboxIdp_12.115.1001.0_language-sw.appx\": Microsoft.XboxIdentityProvider_12.115.1001.0_neutral_split.language-sw_8wekyb3d8bbwe \"XboxIdp_12.115.1001.0_language-uk.appx\": Microsoft.XboxIdentityProvider_12.115.1001.0_neutral_split.language-uk_8wekyb3d8bbwe \"XboxIdp_12.115.1001.0_scale-200.appx\": Microsoft.XboxIdentityProvider_12.115.1001.0_neutral_split.scale-200_8wekyb3d8bbwe \"XboxIdp_12.115.1001.0_language-pl.appx\": Microsoft.XboxIdentityProvider_12.115.1001.0_neutral_split.language-pl_8wekyb3d8bbwe \"XboxIdp_12.115.1001.0_scale-125.appx\": Microsoft.XboxIdentityProvider_12.115.1001.0_neutral_split.scale-125_8wekyb3d8bbwe \"XboxIdp_12.115.1001.0_language-pt.appx\": Microsoft.XboxIdentityProvider_12.115.1001.0_neutral_split.language-pt_8wekyb3d8bbwe \"XboxIdp_12.115.1001.0_language-th.appx\": Microsoft.XboxIdentityProvider_12.115.1001.0_neutral_split.language-th_8wekyb3d8bbwe \"XboxIdp_12.115.1001.0_scale-400.appx\": Microsoft.XboxIdentityProvider_12.115.1001.0_neutral_split.scale-400_8wekyb3d8bbwe \"XboxIdp_12.115.1001.0_scale-150.appx\": Microsoft.XboxIdentityProvider_12.115.1001.0_neutral_split.scale-150_8wekyb3d8bbwe \"XboxIdp_12.115.1001.0_language-ko.appx\": Microsoft.XboxIdentityProvider_12.115.1001.0_neutral_split.language-ko_8wekyb3d8bbwe \"XboxIdp_12.115.1001.0_language-zh-hant.appx\": Microsoft.XboxIdentityProvider_12.115.1001.0_neutral_split.language-zh-hant_8wekyb3d8bbwe \"XboxIdp_12.115.1001.0_language-vi.appx\": Microsoft.XboxIdentityProvider_12.115.1001.0_neutral_split.language-vi_8wekyb3d8bbwe \"XboxIdp_12.115.1001.0_language-zh-hans.appx\": Microsoft.XboxIdentityProvider_12.115.1001.0_neutral_split.language-zh-hans_8wekyb3d8bbwe \"XboxIdp_12.115.1001.0_language-km.appx\": Microsoft.XboxIdentityProvider_12.115.1001.0_neutral_split.language-km_8wekyb3d8bbwe \"XboxIdp_12.115.1001.0_language-ru.appx\": Microsoft.XboxIdentityProvider_12.115.1001.0_neutral_split.language-ru_8wekyb3d8bbwe \"XboxIdp_12.115.1001.0_language-uz-latn.appx\": Microsoft.XboxIdentityProvider_12.115.1001.0_neutral_split.language-uz-latn_8wekyb3d8bbwe \"XboxIdp_12.115.1001.0_language-ta.appx\": Microsoft.XboxIdentityProvider_12.115.1001.0_neutral_split.language-ta_8wekyb3d8bbwe"}
{"EventID": "10002", "Channel": "Microsoft-Windows-AppXDeploymentServer/Operational", "Provider_Name": "Microsoft-Windows-AppXDeployment-Server", "Computer": "DESKTOP-OFJ6N53", "TimeCreated": "2025-07-24 21:46:09.648224+00:00", "RecordID": "114287", "Level": "5", "UserID": "S-1-5-18", "EventData.DeploymentOperation": "4", "EventData.MainPackageMoniker": "A025C540.Yandex.Music_4.54.8517.0_neutral_~_vfvw9svesycw6", "EventData.ResiliencyFilePath": "C:\\ProgramData\\Microsoft\\Windows\\AppRepository\\1dcd5e57-3e4d-43b5-9ff6-de398e075c95_S-1-5-18_7.rslc"}
{"EventID": "607", "Channel": "Microsoft-Windows-AppXDeploymentServer/Operational", "Provider_Name": "Microsoft-Windows-AppXDeployment-Server", "Computer": "DESKTOP-OFJ6N53", "TimeCreated": "2025-07-24 21:46:09.649158+00:00", "RecordID": "114288", "Level": "4", "UserID": "S-1-5-18", "EventData.DeploymentOperation": "4", "EventData.PackageFullName": "A025C540.Yandex.Music_4.54.8517.0_neutral_~_vfvw9svesycw6", "EventData.UserSid": "S-1-5-18", "EventData.CallingProcess": "svchost.exe,wuauserv"}
{"EventID": "614", "Channel": "Microsoft-Windows-AppXDeploymentServer/Operational", "Provider_Name": "Microsoft-Windows-AppXDeployment-Server", "Computer": "DESKTOP-OFJ6N53", "TimeCreated": "2025-07-24 21:46:09.652706+00:00", "RecordID": "114289", "Level": "5", "UserID": "S-1-5-18", "EventData.PathOne": "x-windowsupdate://AB16A3E5-35FA-4F5C-A15D-A640A39C1B7B/B7757AF6-9E6D-4D21-8272-C9137A2E9145/a09c64e559b9b263518913e62a777ab009697ffe", "EventData.PathTwo": "\"Y.Music_4.54.8517.0_x86_ReleaseProd.msix\": A025C540.Yandex.Music_4.54.8517.0_x86__vfvw9svesycw6 \"Y.Music_4.54.8517.0_x64_ReleaseProd.msix\": A025C540.Yandex.Music_4.54.8517.0_x64__vfvw9svesycw6 \"Y.Music_4.54.8517.0_ARM_ReleaseProd.msix\": A025C540.Yandex.Music_4.54.8517.0_arm__vfvw9svesycw6 \"Y.Music_4.54.8517.0_scale-200.msix\": A025C540.Yandex.Music_4.54.8517.0_neutral_split.scale-200_vfvw9svesycw6 \"Y.Music_4.54.8517.0_scale-400.msix\": A025C540.Yandex.Music_4.54.8517.0_neutral_split.scale-400_vfvw9svesycw6"}
{"EventID": "854", "Channel": "Microsoft-Windows-AppXDeploymentServer/Operational", "Provider_Name": "Microsoft-Windows-AppXDeployment-Server", "Computer": "DESKTOP-OFJ6N53", "TimeCreated": "2025-07-24 21:46:12.165640+00:00", "RecordID": "114290", "Level": "4", "UserID": "S-1-5-18", "EventData.Path": "x-windowsupdate://1BE83B1E-0AD2-4507-AED5-952917CCA580/2F510DC1-4B62-4128-956E-A73D253CC9CB/d71b51a86f47693370e6bb858091e4aa89ce0c65 x-windowsupdate://1BE83B1E-0AD2-4507-AED5-952917CCA580/2F510DC1-4B62-4128-956E-A73D253CC9CB/d71b51a86f47693370e6bb858091e4aa89ce0c65\\XboxApp_48.104.4001.0_x64.appx x-windowsupdate://1BE83B1E-0AD2-4507-AED5-952917CCA580/2F510DC1-4B62-4128-956E-A73D253CC9CB/d71b51a86f47693370e6bb858091e4aa89ce0c65\\XboxApp_48.104.4001.0_language-ru.appx x-windowsupdate://1BE83B1E-0AD2-4507-AED5-952917CCA580/2F510DC1-4B62-4128-956E-A73D253CC9CB/d71b51a86f47693370e6bb858091e4aa89ce0c65\\XboxApp_48.104.4001.0_scale-125.appx"}
{"EventID": "400", "Channel": "Microsoft-Windows-AppXDeploymentServer/Operational", "Provider_Name": "Microsoft-Windows-AppXDeployment-Server", "Computer": "DESKTOP-OFJ6N53", "TimeCreated": "2025-07-24 21:46:13.204844+00:00", "RecordID": "114291", "Level": "4", "UserID": "S-1-5-18", "EventData.DeploymentOperation": "4", "EventData.PackageFullName": "Microsoft.XboxApp_48.104.4001.0_neutral_~_8wekyb3d8bbwe", "EventData.Path": "(d71b51a86f47693370e6bb858091e4aa89ce0c65)", "EventData.MountPoint": "C:", "EventData.TargetPlatform": "0x00000003", "EventData.SystemVolume": "True", "EventData.StorageId": "\\\\?\\Volume{c33a8663-71a2-4031-8cec-c21914fe12ad}", "EventData.IsCentennial": "False", "EventData.PackageType": "0x00000008", "EventData.IsPackageEncrypted": "False", "EventData.DeploymentOptions": "0x0040008004000010", "EventData.IsStreamingPackage": "False", "EventData.IsInRelatedSet": "False", "EventData.IsPackageUsingBDC": "False", "EventData.MainPackageFamilyName": "NULL", "EventData.CallingProcess": "svchost.exe,wuauserv", "EventData.IsOptional": "False", "EventData.PackageFlags": "0x00000400", "EventData.PackageFlags2": "0x00000800", "EventData.HasWin32alacarte": "False", "EventData.HasFullTrust": "False", "EventData.ExternalLocation": null, "EventData.PackageSourceUri": "x-windowsupdate://1BE83B1E-0AD2-4507-AED5-952917CCA580/2F510DC1-4B62-4128-956E-A73D253CC9CB/d71b51a86f47693370e6bb858091e4aa89ce0c65"}
{"EventID": "478", "Channel": "Microsoft-Windows-AppXDeploymentServer/Operational", "Provider_Name": "Microsoft-Windows-AppXDeployment-Server", "Computer": "DESKTOP-OFJ6N53", "TimeCreated": "2025-07-24 21:46:13.204943+00:00", "RecordID": "114292", "Level": "5", "UserID": "S-1-5-18", "EventData.DeploymentOperation": "4", "EventData.PackageFullName": "Microsoft.XboxApp_48.104.4001.0_x64__8wekyb3d8bbwe", "EventData.Path": "(d71b51a86f47693370e6bb858091e4aa89ce0c65)", "EventData.MountPoint": "C:", "EventData.TargetPlatform": "0x00000003", "EventData.SystemVolume": "True", "EventData.StorageId": "\\\\?\\Volume{c33a8663-71a2-4031-8cec-c21914fe12ad}", "EventData.IsCentennial": "False", "EventData.PackageType": "0x00000001", "EventData.IsPackageEncrypted": "False", "EventData.DeploymentOptions": "0x0040008004000010", "EventData.IsStreamingPackage": "False", "EventData.IsInRelatedSet": "False", "EventData.IsPackageUsingBDC": "False", "EventData.MainPackageFamilyName": "NULL", "EventData.CallingProcess": "svchost.exe,wuauserv", "EventData.IsOptional": "False", "EventData.PackageFlags": "0x00000008", "EventData.PackageFlags2": "0x00000800", "EventData.HasWin32alacarte": "False", "EventData.HasFullTrust": "False", "EventData.ExternalLocation": null, "EventData.PackageSourceUri": "x-windowsupdate://1BE83B1E-0AD2-4507-AED5-952917CCA580/2F510DC1-4B62-4128-956E-A73D253CC9CB/d71b51a86f47693370e6bb858091e4aa89ce0c65"}
{"EventID": "649", "Channel": "Microsoft-Windows-AppXDeploymentServer/Operational", "Provider_Name": "Microsoft-Windows-AppXDeployment-Server", "Computer": "DESKTOP-OFJ6N53", "TimeCreated": "2025-07-24 21:46:13.218601+00:00", "RecordID": "114293", "Level": "4", "UserID": "S-1-5-18", "EventData.DeploymentOperation": "4", "EventData.PackageFullName": "Microsoft.XboxApp_48.104.4001.0_neutral_~_8wekyb3d8bbwe", "EventData.Summary": "PostDeploymentOperationCheck cost: 0 ms"}
{"EventID": "613", "Channel": "Microsoft-Windows-AppXDeploymentServer/Operational", "Provider_Name": "Microsoft-Windows-AppXDeployment-Server", "Computer": "DESKTOP-OFJ6N53", "TimeCreated": "2025-07-24 21:46:13.426018+00:00", "RecordID": "114294", "Level": "4", "UserID": "S-1-5-18", "EventData.DeploymentOperation": "4", "EventData.PackageFullName": "Microsoft.XboxApp_48.104.4001.0_neutral_~_8wekyb3d8bbwe", "EventData.Summary": "Overall time: 6765 ms\nEnqueue cost: 1406 ms\nDequeue delay: 0 ms\nBundle processing cost: 4094 ms\nIndexing cost: 47 ms\nResolve dependency cost: 15 ms\nGap: 16 ms\nCheck approval cost: 16 ms\nEvaluation cost: 156 ms\nHardlinking evaluation cost: 0 ms\nStage required cost: 78 ms\nFlushing and closing files cost: 0 ms\nMachine register cost: 0 ms\nStage user data cost: 0 ms\nRegistration cost: 0 ms\nRepository commit transaction cost: 641 ms\nGap: 78 ms\nData flush cost: 0 ms\nPost DeStage repository commit transaction cost: 0 ms\nRemaining cost: 218 ms"}
{"EventID": "854", "Channel": "Microsoft-Windows-AppXDeploymentServer/Operational", "Provider_Name": "Microsoft-Windows-AppXDeployment-Server", "Computer": "DESKTOP-OFJ6N53", "TimeCreated": "2025-07-24 21:46:13.919653+00:00", "RecordID": "114295", "Level": "4", "UserID": "S-1-5-18", "EventData.Path": "x-windowsupdate://AB16A3E5-35FA-4F5C-A15D-A640A39C1B7B/B7757AF6-9E6D-4D21-8272-C9137A2E9145/a09c64e559b9b263518913e62a777ab009697ffe x-windowsupdate://AB16A3E5-35FA-4F5C-A15D-A640A39C1B7B/B7757AF6-9E6D-4D21-8272-C9137A2E9145/a09c64e559b9b263518913e62a777ab009697ffe\\Y.Music_4.54.8517.0_x64_ReleaseProd.msix"}
{"EventID": "854", "Channel": "Microsoft-Windows-AppXDeploymentServer/Operational", "Provider_Name": "Microsoft-Windows-AppXDeployment-Server", "Computer": "DESKTOP-OFJ6N53", "TimeCreated": "2025-07-24 21:46:14.383247+00:00", "RecordID": "114296", "Level": "4", "UserID": "S-1-5-18", "EventData.Path": "x-windowsupdate://70FD9DF5-895E-4938-A938-B68EB3975457/9DB724C9-966D-4AEB-9D3B-D6B2C77F3DE3/a7dfb8412682a3a7d3263fd02ba70d7eac2c2ab9 x-windowsupdate://70FD9DF5-895E-4938-A938-B68EB3975457/9DB724C9-966D-4AEB-9D3B-D6B2C77F3DE3/a7dfb8412682a3a7d3263fd02ba70d7eac2c2ab9\\XboxIdp_12.115.1001.0_x64.appx x-windowsupdate://70FD9DF5-895E-4938-A938-B68EB3975457/9DB724C9-966D-4AEB-9D3B-D6B2C77F3DE3/a7dfb8412682a3a7d3263fd02ba70d7eac2c2ab9\\XboxIdp_12.115.1001.0_language-ru.appx x-windowsupdate://70FD9DF5-895E-4938-A938-B68EB3975457/9DB724C9-966D-4AEB-9D3B-D6B2C77F3DE3/a7dfb8412682a3a7d3263fd02ba70d7eac2c2ab9\\XboxIdp_12.115.1001.0_scale-125.appx"}
{"EventID": "400", "Channel": "Microsoft-Windows-AppXDeploymentServer/Operational", "Provider_Name": "Microsoft-Windows-AppXDeployment-Server", "Computer": "DESKTOP-OFJ6N53", "TimeCreated": "2025-07-24 21:46:14.639315+00:00", "RecordID": "114297", "Level": "4", "UserID": "S-1-5-18", "EventData.DeploymentOperation": "4", "EventData.PackageFullName": "A025C540.Yandex.Music_4.54.8517.0_neutral_~_vfvw9svesycw6", "EventData.Path": "(a09c64e559b9b263518913e62a777ab009697ffe)", "EventData.MountPoint": "C:", "EventData.TargetPlatform": "0x00000000", "EventData.SystemVolume": "True", "EventData.StorageId": "\\\\?\\Volume{c33a8663-71a2-4031-8cec-c21914fe12ad}", "EventData.IsCentennial": "False", "EventData.PackageType": "0x00000008", "EventData.IsPackageEncrypted": "False", "EventData.DeploymentOptions": "0x0040008004000010", "EventData.IsStreamingPackage": "False", "EventData.IsInRelatedSet": "False", "EventData.IsPackageUsingBDC": "False", "EventData.MainPackageFamilyName": "NULL", "EventData.CallingProcess": "svchost.exe,wuauserv", "EventData.IsOptional": "False", "EventData.PackageFlags": "0x00000400", "EventData.PackageFlags2": "0x00000800", "EventData.HasWin32alacarte": "False", "EventData.HasFullTrust": "False", "EventData.ExternalLocation": null, "EventData.PackageSourceUri": "x-windowsupdate://AB16A3E5-35FA-4F5C-A15D-A640A39C1B7B/B7757AF6-9E6D-4D21-8272-C9137A2E9145/a09c64e559b9b263518913e62a777ab009697ffe"}
{"EventID": "478", "Channel": "Microsoft-Windows-AppXDeploymentServer/Operational", "Provider_Name": "Microsoft-Windows-AppXDeployment-Server", "Computer": "DESKTOP-OFJ6N53", "TimeCreated": "2025-07-24 21:46:14.639400+00:00", "RecordID": "114298", "Level": "5", "UserID": "S-1-5-18", "EventData.DeploymentOperation": "4", "EventData.PackageFullName": "A025C540.Yandex.Music_4.54.8517.0_x64__vfvw9svesycw6", "EventData.Path": "(a09c64e559b9b263518913e62a777ab009697ffe)", "EventData.MountPoint": "C:", "EventData.TargetPlatform": "0x00000000", "EventData.SystemVolume": "True", "EventData.StorageId": "\\\\?\\Volume{c33a8663-71a2-4031-8cec-c21914fe12ad}", "EventData.IsCentennial": "False", "EventData.PackageType": "0x00000001", "EventData.IsPackageEncrypted": "False", "EventData.DeploymentOptions": "0x0040008004000010", "EventData.IsStreamingPackage": "False", "EventData.IsInRelatedSet": "False", "EventData.IsPackageUsingBDC": "False", "EventData.MainPackageFamilyName": "NULL", "EventData.CallingProcess": "svchost.exe,wuauserv", "EventData.IsOptional": "False", "EventData.PackageFlags": "0x00000008", "EventData.PackageFlags2": "0x00000800", "EventData.HasWin32alacarte": "False", "EventData.HasFullTrust": "False", "EventData.ExternalLocation": null, "EventData.PackageSourceUri": "x-windowsupdate://AB16A3E5-35FA-4F5C-A15D-A640A39C1B7B/B7757AF6-9E6D-4D21-8272-C9137A2E9145/a09c64e559b9b263518913e62a777ab009697ffe"}
{"EventID": "649", "Channel": "Microsoft-Windows-AppXDeploymentServer/Operational", "Provider_Name": "Microsoft-Windows-AppXDeployment-Server", "Computer": "DESKTOP-OFJ6N53", "TimeCreated": "2025-07-24 21:46:14.650051+00:00", "RecordID": "114299", "Level": "4", "UserID": "S-1-5-18", "EventData.DeploymentOperation": "4", "EventData.PackageFullName": "A025C540.Yandex.Music_4.54.8517.0_neutral_~_vfvw9svesycw6", "EventData.Summary": "PostDeploymentOperationCheck cost: 0 ms"}
{"EventID": "613", "Channel": "Microsoft-Windows-AppXDeploymentServer/Operational", "Provider_Name": "Microsoft-Windows-AppXDeployment-Server", "Computer": "DESKTOP-OFJ6N53", "TimeCreated": "2025-07-24 21:46:14.683306+00:00", "RecordID": "114300", "Level": "4", "UserID": "S-1-5-18", "EventData.DeploymentOperation": "4", "EventData.PackageFullName": "A025C540.Yandex.Music_4.54.8517.0_neutral_~_vfvw9svesycw6", "EventData.Summary": "Overall time: 6421 ms\nEnqueue cost: 1390 ms\nDequeue delay: 0 ms\nBundle processing cost: 4266 ms\nIndexing cost: 47 ms\nResolve dependency cost: 0 ms\nGap: 15 ms\nCheck approval cost: 0 ms\nGap: 16 ms\nEvaluation cost: 31 ms\nHardlinking evaluation cost: 0 ms\nStage required cost: 172 ms\nFlushing and closing files cost: 0 ms\nMachine register cost: 0 ms\nStage user data cost: 0 ms\nRegistration cost: 0 ms\nRepository commit transaction cost: 438 ms\nGap: 15 ms\nData flush cost: 0 ms\nPost DeStage repository commit transaction cost: 0 ms\nRemaining cost: 31 ms"}
{"EventID": "400", "Channel": "Microsoft-Windows-AppXDeploymentServer/Operational", "Provider_Name": "Microsoft-Windows-AppXDeployment-Server", "Computer": "DESKTOP-OFJ6N53", "TimeCreated": "2025-07-24 21:46:19.120955+00:00", "RecordID": "114301", "Level": "4", "UserID": "S-1-5-18", "EventData.DeploymentOperation": "4", "EventData.PackageFullName": "Microsoft.XboxIdentityProvider_12.115.1001.0_neutral_~_8wekyb3d8bbwe", "EventData.Path": "(a7dfb8412682a3a7d3263fd02ba70d7eac2c2ab9)", "EventData.MountPoint": "C:", "EventData.TargetPlatform": "0x00000000", "EventData.SystemVolume": "True", "EventData.StorageId": "\\\\?\\Volume{c33a8663-71a2-4031-8cec-c21914fe12ad}", "EventData.IsCentennial": "False", "EventData.PackageType": "0x00000008", "EventData.IsPackageEncrypted": "False", "EventData.DeploymentOptions": "0x0040008004000010", "EventData.IsStreamingPackage": "False", "EventData.IsInRelatedSet": "False", "EventData.IsPackageUsingBDC": "False", "EventData.MainPackageFamilyName": "NULL", "EventData.CallingProcess": "svchost.exe,wuauserv", "EventData.IsOptional": "False", "EventData.PackageFlags": "0x00000400", "EventData.PackageFlags2": "0x00000800", "EventData.HasWin32alacarte": "False", "EventData.HasFullTrust": "False", "EventData.ExternalLocation": null, "EventData.PackageSourceUri": "x-windowsupdate://70FD9DF5-895E-4938-A938-B68EB3975457/9DB724C9-966D-4AEB-9D3B-D6B2C77F3DE3/a7dfb8412682a3a7d3263fd02ba70d7eac2c2ab9"}
{"EventID": "478", "Channel": "Microsoft-Windows-AppXDeploymentServer/Operational", "Provider_Name": "Microsoft-Windows-AppXDeployment-Server", "Computer": "DESKTOP-OFJ6N53", "TimeCreated": "2025-07-24 21:46:19.121044+00:00", "RecordID": "114302", "Level": "5", "UserID": "S-1-5-18", "EventData.DeploymentOperation": "4", "EventData.PackageFullName": "Microsoft.XboxIdentityProvider_12.115.1001.0_x64__8wekyb3d8bbwe", "EventData.Path": "(a7dfb8412682a3a7d3263fd02ba70d7eac2c2ab9)", "EventData.MountPoint": "C:", "EventData.TargetPlatform": "0x00000000", "EventData.SystemVolume": "True", "EventData.StorageId": "\\\\?\\Volume{c33a8663-71a2-4031-8cec-c21914fe12ad}", "EventData.IsCentennial": "False", "EventData.PackageType": "0x00000001", "EventData.IsPackageEncrypted": "False", "EventData.DeploymentOptions": "0x0040008004000010", "EventData.IsStreamingPackage": "False", "EventData.IsInRelatedSet": "False", "EventData.IsPackageUsingBDC": "False", "EventData.MainPackageFamilyName": "NULL", "EventData.CallingProcess": "svchost.exe,wuauserv", "EventData.IsOptional": "False", "EventData.PackageFlags": "0x00000008", "EventData.PackageFlags2": "0x00000800", "EventData.HasWin32alacarte": "False", "EventData.HasFullTrust": "False", "EventData.ExternalLocation": null, "EventData.PackageSourceUri": "x-windowsupdate://70FD9DF5-895E-4938-A938-B68EB3975457/9DB724C9-966D-4AEB-9D3B-D6B2C77F3DE3/a7dfb8412682a3a7d3263fd02ba70d7eac2c2ab9"}
{"EventID": "649", "Channel": "Microsoft-Windows-AppXDeploymentServer/Operational", "Provider_Name": "Microsoft-Windows-AppXDeployment-Server", "Computer": "DESKTOP-OFJ6N53", "TimeCreated": "2025-07-24 21:46:19.166868+00:00", "RecordID": "114303", "Level": "4", "UserID": "S-1-5-18", "EventData.DeploymentOperation": "4", "EventData.PackageFullName": "Microsoft.XboxIdentityProvider_12.115.1001.0_neutral_~_8wekyb3d8bbwe", "EventData.Summary": "PostDeploymentOperationCheck cost: 0 ms"}
{"EventID": "613", "Channel": "Microsoft-Windows-AppXDeploymentServer/Operational", "Provider_Name": "Microsoft-Windows-AppXDeployment-Server", "Computer": "DESKTOP-OFJ6N53", "TimeCreated": "2025-07-24 21:46:19.452581+00:00", "RecordID": "114304", "Level": "4", "UserID": "S-1-5-18", "EventData.DeploymentOperation": "4", "EventData.PackageFullName": "Microsoft.XboxIdentityProvider_12.115.1001.0_neutral_~_8wekyb3d8bbwe", "EventData.Summary": "Overall time: 12235 ms\nEnqueue cost: 1391 ms\nDequeue delay: 16 ms\nBundle processing cost: 5750 ms\nIndexing cost: 156 ms\nResolve dependency cost: 0 ms\nGap: 15 ms\nCheck approval cost: 16 ms\nEvaluation cost: 219 ms\nHardlinking evaluation cost: 0 ms\nStage required cost: 140 ms\nFlushing and closing files cost: 0 ms\nMachine register cost: 0 ms\nStage user data cost: 0 ms\nRegistration cost: 0 ms\nGap: 47 ms\nRepository commit transaction cost: 4125 ms\nGap: 63 ms\nData flush cost: 0 ms\nPost DeStage repository commit transaction cost: 0 ms\nRemaining cost: 297 ms"}
{"EventID": "603", "Channel": "Microsoft-Windows-AppXDeploymentServer/Operational", "Provider_Name": "Microsoft-Windows-AppXDeployment-Server", "Computer": "DESKTOP-OFJ6N53", "TimeCreated": "2025-07-24 21:46:23.925016+00:00", "RecordID": "114305", "Level": "4", "UserID": "S-1-5-21-963789628-1060504924-4285088085-1001", "EventData.DeploymentOperation": "20", "EventData.Path": "Microsoft.XboxApp_8wekyb3d8bbwe", "EventData.Flags": "67127296", "EventData.FlagsHigh": "262144", "EventData.CallingProcess": "svchost.exe,wuauserv", "EventData.ExternalLocation": null}
{"EventID": "10002", "Channel": "Microsoft-Windows-AppXDeploymentServer/Operational", "Provider_Name": "Microsoft-Windows-AppXDeployment-Server", "Computer": "DESKTOP-OFJ6N53", "TimeCreated": "2025-07-24 21:46:23.945650+00:00", "RecordID": "114306", "Level": "5", "UserID": "S-1-5-18", "EventData.DeploymentOperation": "6", "EventData.MainPackageMoniker": "Microsoft.XboxApp_48.104.4001.0_neutral_~_8wekyb3d8bbwe", "EventData.ResiliencyFilePath": "C:\\ProgramData\\Microsoft\\Windows\\AppRepository\\1dcd5e57-3e4d-43b5-9ff6-de398e075c95_S-1-5-21-963789628-1060504924-4285088085-1001_8.rslc"}
{"EventID": "607", "Channel": "Microsoft-Windows-AppXDeploymentServer/Operational", "Provider_Name": "Microsoft-Windows-AppXDeployment-Server", "Computer": "DESKTOP-OFJ6N53", "TimeCreated": "2025-07-24 21:46:23.946354+00:00", "RecordID": "114307", "Level": "4", "UserID": "S-1-5-21-963789628-1060504924-4285088085-1001", "EventData.DeploymentOperation": "6", "EventData.PackageFullName": "Microsoft.XboxApp_48.104.4001.0_neutral_~_8wekyb3d8bbwe", "EventData.UserSid": "S-1-5-21-963789628-1060504924-4285088085-1001", "EventData.CallingProcess": "svchost.exe,wuauserv"}
{"EventID": "614", "Channel": "Microsoft-Windows-AppXDeploymentServer/Operational", "Provider_Name": "Microsoft-Windows-AppXDeployment-Server", "Computer": "DESKTOP-OFJ6N53", "TimeCreated": "2025-07-24 21:46:23.954775+00:00", "RecordID": "114308", "Level": "5", "UserID": "S-1-5-21-963789628-1060504924-4285088085-1001", "EventData.PathOne": "C:\\Program Files\\WindowsApps\\Microsoft.XboxApp_48.104.4001.0_neutral_~_8wekyb3d8bbwe\\AppxMetadata\\AppxBundleManifest.xml", "EventData.PathTwo": "\"XboxApp_48.104.4001.0_ARM.appx\": Microsoft.XboxApp_48.104.4001.0_arm__8wekyb3d8bbwe \"XboxApp_48.104.4001.0_x86.appx\": Microsoft.XboxApp_48.104.4001.0_x86__8wekyb3d8bbwe \"XboxApp_48.104.4001.0_x64.appx\": Microsoft.XboxApp_48.104.4001.0_x64__8wekyb3d8bbwe \"XboxApp_48.104.4001.0_language-be.appx\": Microsoft.XboxApp_48.104.4001.0_neutral_split.language-be_8wekyb3d8bbwe \"XboxApp_48.104.4001.0_language-fil-latn.appx\": Microsoft.XboxApp_48.104.4001.0_neutral_split.language-fil-latn_8wekyb3d8bbwe \"XboxApp_48.104.4001.0_language-ar.appx\": Microsoft.XboxApp_48.104.4001.0_neutral_split.language-ar_8wekyb3d8bbwe \"XboxApp_48.104.4001.0_language-az-latn.appx\": Microsoft.XboxApp_48.104.4001.0_neutral_split.language-az-latn_8wekyb3d8bbwe \"XboxApp_48.104.4001.0_language-fr.appx\": Microsoft.XboxApp_48.104.4001.0_neutral_split.language-fr_8wekyb3d8bbwe \"XboxApp_48.104.4001.0_language-af.appx\": Microsoft.XboxApp_48.104.4001.0_neutral_split.language-af_8wekyb3d8bbwe \"XboxApp_48.104.4001.0_language-he.appx\": Microsoft.XboxApp_48.104.4001.0_neutral_split.language-he_8wekyb3d8bbwe \"XboxApp_48.104.4001.0_language-bn.appx\": Microsoft.XboxApp_48.104.4001.0_neutral_split.language-bn_8wekyb3d8bbwe \"XboxApp_48.104.4001.0_language-ca.appx\": Microsoft.XboxApp_48.104.4001.0_neutral_split.language-ca_8wekyb3d8bbwe \"XboxApp_48.104.4001.0_language-hr.appx\": Microsoft.XboxApp_48.104.4001.0_neutral_split.language-hr_8wekyb3d8bbwe \"XboxApp_48.104.4001.0_language-da.appx\": Microsoft.XboxApp_48.104.4001.0_neutral_split.language-da_8wekyb3d8bbwe \"XboxApp_48.104.4001.0_language-bg.appx\": Microsoft.XboxApp_48.104.4001.0_neutral_split.language-bg_8wekyb3d8bbwe \"XboxApp_48.104.4001.0_language-es.appx\": Microsoft.XboxApp_48.104.4001.0_neutral_split.language-es_8wekyb3d8bbwe \"XboxApp_48.104.4001.0_language-ja.appx\": Microsoft.XboxApp_48.104.4001.0_neutral_split.language-ja_8wekyb3d8bbwe \"XboxApp_48.104.4001.0_language-fa.appx\": Microsoft.XboxApp_48.104.4001.0_neutral_split.language-fa_8wekyb3d8bbwe \"XboxApp_48.104.4001.0_language-hi.appx\": Microsoft.XboxApp_48.104.4001.0_neutral_split.language-hi_8wekyb3d8bbwe \"XboxApp_48.104.4001.0_language-ms.appx\": Microsoft.XboxApp_48.104.4001.0_neutral_split.language-ms_8wekyb3d8bbwe \"XboxApp_48.104.4001.0_language-sw.appx\": Microsoft.XboxApp_48.104.4001.0_neutral_split.language-sw_8wekyb3d8bbwe \"XboxApp_48.104.4001.0_language-el.appx\": Microsoft.XboxApp_48.104.4001.0_neutral_split.language-el_8wekyb3d8bbwe \"XboxApp_48.104.4001.0_language-gl.appx\": Microsoft.XboxApp_48.104.4001.0_neutral_split.language-gl_8wekyb3d8bbwe \"XboxApp_48.104.4001.0_language-lv.appx\": Microsoft.XboxApp_48.104.4001.0_neutral_split.language-lv_8wekyb3d8bbwe \"XboxApp_48.104.4001.0_language-ro.appx\": Microsoft.XboxApp_48.104.4001.0_neutral_split.language-ro_8wekyb3d8bbwe \"XboxApp_48.104.4001.0_language-te.appx\": Microsoft.XboxApp_48.104.4001.0_neutral_split.language-te_8wekyb3d8bbwe \"XboxApp_48.104.4001.0_language-uz-latn.appx\": Microsoft.XboxApp_48.104.4001.0_neutral_split.language-uz-latn_8wekyb3d8bbwe \"XboxApp_48.104.4001.0_language-vi.appx\": Microsoft.XboxApp_48.104.4001.0_neutral_split.language-vi_8wekyb3d8bbwe \"XboxApp_48.104.4001.0_language-mk.appx\": Microsoft.XboxApp_48.104.4001.0_neutral_split.language-mk_8wekyb3d8bbwe \"XboxApp_48.104.4001.0_language-zh-hant.appx\": Microsoft.XboxApp_48.104.4001.0_neutral_split.language-zh-hant_8wekyb3d8bbwe \"XboxApp_48.104.4001.0_language-sr-latn.appx\": Microsoft.XboxApp_48.104.4001.0_neutral_split.language-sr-latn_8wekyb3d8bbwe \"XboxApp_48.104.4001.0_language-sq.appx\": Microsoft.XboxApp_48.104.4001.0_neutral_split.language-sq_8wekyb3d8bbwe \"XboxApp_48.104.4001.0_language-nl.appx\": Microsoft.XboxApp_48.104.4001.0_neutral_split.language-nl_8wekyb3d8bbwe \"XboxApp_48.104.4001.0_language-ru.appx\": Microsoft.XboxApp_48.104.4001.0_neutral_split.language-ru_8wekyb3d8bbwe \"XboxApp_48.104.4001.0_language-pl.appx\": Microsoft.XboxApp_48.104.4001.0_neutral_split.language-pl_8wekyb3d8bbwe \"XboxApp_48.104.4001.0_language-km.appx\": Microsoft.XboxApp_48.104.4001.0_neutral_split.language-km_8wekyb3d8bbwe \"XboxApp_48.104.4001.0_language-pt.appx\": Microsoft.XboxApp_48.104.4001.0_neutral_split.language-pt_8wekyb3d8bbwe \"XboxApp_48.104.4001.0_language-th.appx\": Microsoft.XboxApp_48.104.4001.0_neutral_split.language-th_8wekyb3d8bbwe \"XboxApp_48.104.4001.0_language-eu.appx\": Microsoft.XboxApp_48.104.4001.0_neutral_split.language-eu_8wekyb3d8bbwe \"XboxApp_48.104.4001.0_language-kn.appx\": Microsoft.XboxApp_48.104.4001.0_neutral_split.language-kn_8wekyb3d8bbwe \"XboxApp_48.104.4001.0_language-sl.appx\": Microsoft.XboxApp_48.104.4001.0_neutral_split.language-sl_8wekyb3d8bbwe \"XboxApp_48.104.4001.0_language-lt.appx\": Microsoft.XboxApp_48.104.4001.0_neutral_split.language-lt_8wekyb3d8bbwe \"XboxApp_48.104.4001.0_language-ta.appx\": Microsoft.XboxApp_48.104.4001.0_neutral_split.language-ta_8wekyb3d8bbwe \"XboxApp_48.104.4001.0_language-ha-latn.appx\": Microsoft.XboxApp_48.104.4001.0_neutral_split.language-ha-latn_8wekyb3d8bbwe \"XboxApp_48.104.4001.0_language-ko.appx\": Microsoft.XboxApp_48.104.4001.0_neutral_split.language-ko_8wekyb3d8bbwe \"XboxApp_48.104.4001.0_language-tr.appx\": Microsoft.XboxApp_48.104.4001.0_neutral_split.language-tr_8wekyb3d8bbwe \"XboxApp_48.104.4001.0_language-am.appx\": Microsoft.XboxApp_48.104.4001.0_neutral_split.language-am_8wekyb3d8bbwe \"XboxApp_48.104.4001.0_language-sk.appx\": Microsoft.XboxApp_48.104.4001.0_neutral_split.language-sk_8wekyb3d8bbwe \"XboxApp_48.104.4001.0_language-ml.appx\": Microsoft.XboxApp_48.104.4001.0_neutral_split.language-ml_8wekyb3d8bbwe \"XboxApp_48.104.4001.0_language-is.appx\": Microsoft.XboxApp_48.104.4001.0_neutral_split.language-is_8wekyb3d8bbwe \"XboxApp_48.104.4001.0_language-hu.appx\": Microsoft.XboxApp_48.104.4001.0_neutral_split.language-hu_8wekyb3d8bbwe \"XboxApp_48.104.4001.0_language-et.appx\": Microsoft.XboxApp_48.104.4001.0_neutral_split.language-et_8wekyb3d8bbwe \"XboxApp_48.104.4001.0_language-cs.appx\": Microsoft.XboxApp_48.104.4001.0_neutral_split.language-cs_8wekyb3d8bbwe \"XboxApp_48.104.4001.0_language-zh-hans.appx\": Microsoft.XboxApp_48.104.4001.0_neutral_split.language-zh-hans_8wekyb3d8bbwe \"XboxApp_48.104.4001.0_language-sv.appx\": Microsoft.XboxApp_48.104.4001.0_neutral_split.language-sv_8wekyb3d8bbwe \"XboxApp_48.104.4001.0_language-nb.appx\": Microsoft.XboxApp_48.104.4001.0_neutral_split.language-nb_8wekyb3d8bbwe \"XboxApp_48.104.4001.0_language-it.appx\": Microsoft.XboxApp_48.104.4001.0_neutral_split.language-it_8wekyb3d8bbwe \"XboxApp_48.104.4001.0_language-kk.appx\": Microsoft.XboxApp_48.104.4001.0_neutral_split.language-kk_8wekyb3d8bbwe \"XboxApp_48.104.4001.0_language-de.appx\": Microsoft.XboxApp_48.104.4001.0_neutral_split.language-de_8wekyb3d8bbwe \"XboxApp_48.104.4001.0_scale-150.appx\": Microsoft.XboxApp_48.104.4001.0_neutral_split.scale-150_8wekyb3d8bbwe \"XboxApp_48.104.4001.0_language-fi.appx\": Microsoft.XboxApp_48.104.4001.0_neutral_split.language-fi_8wekyb3d8bbwe \"XboxApp_48.104.4001.0_language-lo.appx\": Microsoft.XboxApp_48.104.4001.0_neutral_split.language-lo_8wekyb3d8bbwe \"XboxApp_48.104.4001.0_scale-125.appx\": Microsoft.XboxApp_48.104.4001.0_neutral_split.scale-125_8wekyb3d8bbwe \"XboxApp_48.104.4001.0_scale-200.appx\": Microsoft.XboxApp_48.104.4001.0_neutral_split.scale-200_8wekyb3d8bbwe \"XboxApp_48.104.4001.0_language-id.appx\": Microsoft.XboxApp_48.104.4001.0_neutral_split.language-id_8wekyb3d8bbwe \"XboxApp_48.104.4001.0_scale-400.appx\": Microsoft.XboxApp_48.104.4001.0_neutral_split.scale-400_8wekyb3d8bbwe \"XboxApp_48.104.4001.0_language-uk.appx\": Microsoft.XboxApp_48.104.4001.0_neutral_split.language-uk_8wekyb3d8bbwe"}
{"EventID": "854", "Channel": "Microsoft-Windows-AppXDeploymentServer/Operational", "Provider_Name": "Microsoft-Windows-AppXDeployment-Server", "Computer": "DESKTOP-OFJ6N53", "TimeCreated": "2025-07-24 21:46:24.069479+00:00", "RecordID": "114309", "Level": "4", "UserID": "S-1-5-21-963789628-1060504924-4285088085-1001", "EventData.Path": "C:\\Program Files\\WindowsApps\\Microsoft.XboxApp_48.104.4001.0_neutral_~_8wekyb3d8bbwe\\AppxMetadata\\AppxBundleManifest.xml C:\\Program Files\\WindowsApps\\Microsoft.XboxApp_48.104.4001.0_x64__8wekyb3d8bbwe\\AppxManifest.xml C:\\Program Files\\WindowsApps\\Microsoft.XboxApp_48.104.4001.0_neutral_split.language-ru_8wekyb3d8bbwe\\AppxManifest.xml C:\\Program Files\\WindowsApps\\Microsoft.XboxApp_48.104.4001.0_neutral_split.scale-125_8wekyb3d8bbwe\\AppxManifest.xml"}
{"EventID": "855", "Channel": "Microsoft-Windows-AppXDeploymentServer/Operational", "Provider_Name": "Microsoft-Windows-AppXDeployment-Server", "Computer": "DESKTOP-OFJ6N53", "TimeCreated": "2025-07-24 21:46:24.226131+00:00", "RecordID": "114310", "Level": "4", "UserID": "S-1-5-21-963789628-1060504924-4285088085-1001", "EventData.PackageMoniker": "addPackageList: Microsoft.XboxApp_48.104.4001.0_neutral_split.scale-125_8wekyb3d8bbwe Microsoft.XboxApp_48.104.4001.0_neutral_split.language-ru_8wekyb3d8bbwe Microsoft.XboxApp_48.104.4001.0_x64__8wekyb3d8bbwe Microsoft.XboxApp_48.104.4001.0_neutral_~_8wekyb3d8bbwe removePackageList: Microsoft.XboxApp_48.104.4001.0_neutral_split.scale-200_8wekyb3d8bbwe"}
{"EventID": "573", "Channel": "Microsoft-Windows-AppXDeploymentServer/Operational", "Provider_Name": "Microsoft-Windows-AppXDeployment-Server", "Computer": "DESKTOP-OFJ6N53", "TimeCreated": "2025-07-24 21:46:24.277147+00:00", "RecordID": "114311", "Level": "4", "UserID": "S-1-5-21-963789628-1060504924-4285088085-1001", "EventData.PackageFamilyName": "Microsoft.XboxApp_8wekyb3d8bbwe", "EventData.SettingSyncEnabled": "False"}
{"EventID": "10000", "Channel": "Microsoft-Windows-AppXDeploymentServer/Operational", "Provider_Name": "Microsoft-Windows-AppXDeployment-Server", "Computer": "DESKTOP-OFJ6N53", "TimeCreated": "2025-07-24 21:46:24.302677+00:00", "RecordID": "114312", "Level": "5", "UserID": "S-1-5-18", "EventData.PackageFullName": "Microsoft.XboxApp_48.104.4001.0_x64__8wekyb3d8bbwe", "EventData.ErrorCode": "0x00000000"}
{"EventID": "5506", "Channel": "Microsoft-Windows-AppXDeploymentServer/Operational", "Provider_Name": "Microsoft-Windows-AppXDeployment-Server", "Computer": "DESKTOP-OFJ6N53", "TimeCreated": "2025-07-24 21:46:24.741333+00:00", "RecordID": "114313", "Level": "5", "UserID": "S-1-5-18", "EventData.PackageName": "Microsoft.XboxApp_48.104.4001.0_x64__8wekyb3d8bbwe", "EventData.FilePath": "C:\\Program Files\\WindowsApps\\Microsoft.XboxApp_48.104.4001.0_x64__8wekyb3d8bbwe\\microsoft.system.package.metadata\\resources.ebcb6b40.pri", "EventData.Message": "Created shared merged PRI file"}
{"EventID": "5505", "Channel": "Microsoft-Windows-AppXDeploymentServer/Operational", "Provider_Name": "Microsoft-Windows-AppXDeployment-Server", "Computer": "DESKTOP-OFJ6N53", "TimeCreated": "2025-07-24 21:46:24.741917+00:00", "RecordID": "114314", "Level": "5", "UserID": "S-1-5-18", "EventData.PackageName": "Microsoft.XboxApp_48.104.4001.0_x64__8wekyb3d8bbwe", "EventData.FilePath": "C:\\Program Files\\WindowsApps\\Microsoft.XboxApp_48.104.4001.0_x64__8wekyb3d8bbwe\\microsoft.system.package.metadata\\S-1-5-21-963789628-1060504924-4285088085-1001-MergedResources-16.pri", "EventData.Message": "Linked user-specific merged PRI file"}
