{"EventID": "101", "Channel": "Microsoft-Windows-Diagnostics-Performance/Operational", "Provider_Name": "Microsoft-Windows-Diagnostics-Performance", "Computer": "DESKTOP-OFJ6N53", "TimeCreated": "2022-06-14 18:04:18.750860+00:00", "RecordID": "47", "Level": "3", "UserID": "S-1-5-19", "EventData.StartTime": "2022-06-14 18:01:19.568298+00:00", "EventData.NameLength": "12", "EventData.Name": "svchost.exe", "EventData.FriendlyNameLength": "31", "EventData.FriendlyName": "Хост-процесс для служб Windows", "EventData.VersionLength": "39", "EventData.Version": "10.0.19041.1706 (WinBuild.160101.0800)", "EventData.TotalTime": "4755", "EventData.DegradationTime": "2255", "EventData.PathLength": "32", "EventData.Path": "C:\\Windows\\System32\\svchost.exe", "EventData.ProductNameLength": "41", "EventData.ProductName": "Операционная система Microsoft® Windows®", "EventData.CompanyNameLength": "22", "EventData.CompanyName": "Microsoft Corporation"}
{"EventID": "101", "Channel": "Microsoft-Windows-Diagnostics-Performance/Operational", "Provider_Name": "Microsoft-Windows-Diagnostics-Performance", "Computer": "DESKTOP-OFJ6N53", "TimeCreated": "2022-06-14 18:04:18.750870+00:00", "RecordID": "48", "Level": "3", "UserID": "S-1-5-19", "EventData.StartTime": "2022-06-14 18:01:19.568298+00:00", "EventData.NameLength": "18", "EventData.Name": "RuntimeBroker.exe", "EventData.FriendlyNameLength": "15", "EventData.FriendlyName": "Runtime Broker", "EventData.VersionLength": "38", "EventData.Version": "10.0.19041.746 (WinBuild.160101.0800)", "EventData.TotalTime": "2711", "EventData.DegradationTime": "211", "EventData.PathLength": "38", "EventData.Path": "C:\\Windows\\System32\\RuntimeBroker.exe", "EventData.ProductNameLength": "37", "EventData.ProductName": "Microsoft® Windows® Operating System", "EventData.CompanyNameLength": "22", "EventData.CompanyName": "Microsoft Corporation"}
{"EventID": "101", "Channel": "Microsoft-Windows-Diagnostics-Performance/Operational", "Provider_Name": "Microsoft-Windows-Diagnostics-Performance", "Computer": "DESKTOP-OFJ6N53", "TimeCreated": "2022-06-14 18:04:18.750879+00:00", "RecordID": "49", "Level": "3", "UserID": "S-1-5-19", "EventData.StartTime": "2022-06-14 18:01:19.568298+00:00", "EventData.NameLength": "20", "EventData.Name": "MoUsoCoreWorker.exe", "EventData.FriendlyNameLength": "26", "EventData.FriendlyName": "MoUSO Core Worker Process", "EventData.VersionLength": "39", "EventData.Version": "10.0.19041.1741 (WinBuild.160101.0800)", "EventData.TotalTime": "5072", "EventData.DegradationTime": "72", "EventData.PathLength": "40", "EventData.Path": "C:\\Windows\\System32\\MoUsoCoreWorker.exe", "EventData.ProductNameLength": "37", "EventData.ProductName": "Microsoft® Windows® Operating System", "EventData.CompanyNameLength": "22", "EventData.CompanyName": "Microsoft Corporation"}
{"EventID": "200", "Channel": "Microsoft-Windows-Diagnostics-Performance/Operational", "Provider_Name": "Microsoft-Windows-Diagnostics-Performance", "Computer": "DESKTOP-OFJ6N53", "TimeCreated": "2022-07-13 14:44:37.094511+00:00", "RecordID": "50", "Level": "1", "UserID": "S-1-5-19", "EventData.ShutdownTsVersion": "1", "EventData.ShutdownStartTime": "2022-07-13 14:39:09.845541+00:00", "EventData.ShutdownEndTime": "2022-07-13 14:41:56.824856+00:00", "EventData.ShutdownTime": "166979", "EventData.ShutdownUserSessionTime": "5909", "EventData.ShutdownUserPolicyTime": "98", "EventData.ShutdownUserProfilesTime": "203", "EventData.ShutdownSystemSessionsTime": "106313", "EventData.ShutdownPreShutdownNotificationsTime": "101016", "EventData.ShutdownServicesTime": "4990", "EventData.ShutdownKernelTime": "54756", "EventData.ShutdownRootCauseStepImprovementBits": "0", "EventData.ShutdownRootCauseGradualImprovementBits": "0", "EventData.ShutdownRootCauseStepDegradationBits": "72", "EventData.ShutdownRootCauseGradualDegradationBits": "72", "EventData.ShutdownIsDegradation": "True", "EventData.ShutdownTimeChange": "0"}
{"EventID": "203", "Channel": "Microsoft-Windows-Diagnostics-Performance/Operational", "Provider_Name": "Microsoft-Windows-Diagnostics-Performance", "Computer": "DESKTOP-OFJ6N53", "TimeCreated": "2022-07-13 14:44:37.094528+00:00", "RecordID": "51", "Level": "3", "UserID": "S-1-5-19", "EventData.StartTime": "2022-07-13 14:39:09.845541+00:00", "EventData.NameLength": "13", "EventData.Name": "FA_Scheduler", "EventData.FriendlyNameLength": "0", "EventData.FriendlyName": null, "EventData.VersionLength": "0", "EventData.Version": null, "EventData.TotalTime": "4901", "EventData.DegradationTime": "901", "EventData.PathLength": "54", "EventData.Path": "\"c:\\program files\\fortinet\\forticlient\\scheduler.exe\"", "EventData.ProductNameLength": "0", "EventData.ProductName": null, "EventData.CompanyNameLength": "0", "EventData.CompanyName": null}
{"EventID": "100", "Channel": "Microsoft-Windows-Diagnostics-Performance/Operational", "Provider_Name": "Microsoft-Windows-Diagnostics-Performance", "Computer": "DESKTOP-OFJ6N53", "TimeCreated": "2022-07-13 14:44:38.002708+00:00", "RecordID": "52", "Level": "2", "UserID": "S-1-5-19", "EventData.BootTsVersion": "2", "EventData.BootStartTime": "2022-07-13 14:42:12.719086+00:00", "EventData.BootEndTime": "2022-07-13 14:44:35.554174+00:00", "EventData.SystemBootInstance": "7", "EventData.UserBootInstance": "7", "EventData.BootTime": "93856", "EventData.MainPathBootTime": "62656", "EventData.BootKernelInitTime": "134", "EventData.BootDriverInitTime": "1352", "EventData.BootDevicesInitTime": "4121", "EventData.BootPrefetchInitTime": "0", "EventData.BootPrefetchBytes": "0", "EventData.BootAutoChkTime": "0", "EventData.BootSmssInitTime": "4675", "EventData.BootCriticalServicesInitTime": "461", "EventData.BootUserProfileProcessingTime": "630", "EventData.BootMachineProfileProcessingTime": "1", "EventData.BootExplorerInitTime": "11862", "EventData.BootNumStartupApps": "19", "EventData.BootPostBootTime": "31200", "EventData.BootIsRebootAfterInstall": "False", "EventData.BootRootCauseStepImprovementBits": "13631488", "EventData.BootRootCauseGradualImprovementBits": "0", "EventData.BootRootCauseStepDegradationBits": "0", "EventData.BootRootCauseGradualDegradationBits": "0", "EventData.BootIsDegradation": "False", "EventData.BootIsStepDegradation": "False", "EventData.BootIsGradualDegradation": "False", "EventData.BootImprovementDelta": "48297", "EventData.BootDegradationDelta": "0", "EventData.BootIsRootCauseIdentified": "True", "EventData.OSLoaderDuration": "4119", "EventData.BootPNPInitStartTimeMS": "134", "EventData.BootPNPInitDuration": "4113", "EventData.OtherKernelInitDuration": "264", "EventData.SystemPNPInitStartTimeMS": "4349", "EventData.SystemPNPInitDuration": "741", "EventData.SessionInitStartTimeMS": "5119", "EventData.Session0InitDuration": "899", "EventData.Session1InitDuration": "42", "EventData.SessionInitOtherDuration": "3733", "EventData.WinLogonStartTimeMS": "9795", "EventData.OtherLogonInitActivityDuration": "40368", "EventData.UserLogonWaitDuration": "119"}
{"EventID": "101", "Channel": "Microsoft-Windows-Diagnostics-Performance/Operational", "Provider_Name": "Microsoft-Windows-Diagnostics-Performance", "Computer": "DESKTOP-OFJ6N53", "TimeCreated": "2022-07-13 14:44:38.002720+00:00", "RecordID": "53", "Level": "3", "UserID": "S-1-5-19", "EventData.StartTime": "2022-07-13 14:42:12.719086+00:00", "EventData.NameLength": "12", "EventData.Name": "spoolsv.exe", "EventData.FriendlyNameLength": "25", "EventData.FriendlyName": "Диспетчер очереди печати", "EventData.VersionLength": "39", "EventData.Version": "10.0.19041.1706 (WinBuild.160101.0800)", "EventData.TotalTime": "7640", "EventData.DegradationTime": "5140", "EventData.PathLength": "32", "EventData.Path": "C:\\Windows\\System32\\spoolsv.exe", "EventData.ProductNameLength": "41", "EventData.ProductName": "Операционная система Microsoft® Windows®", "EventData.CompanyNameLength": "22", "EventData.CompanyName": "Microsoft Corporation"}
{"EventID": "101", "Channel": "Microsoft-Windows-Diagnostics-Performance/Operational", "Provider_Name": "Microsoft-Windows-Diagnostics-Performance", "Computer": "DESKTOP-OFJ6N53", "TimeCreated": "2022-07-13 14:44:38.002729+00:00", "RecordID": "54", "Level": "3", "UserID": "S-1-5-19", "EventData.StartTime": "2022-07-13 14:42:12.719086+00:00", "EventData.NameLength": "12", "EventData.Name": "svchost.exe", "EventData.FriendlyNameLength": "31", "EventData.FriendlyName": "Хост-процесс для служб Windows", "EventData.VersionLength": "39", "EventData.Version": "10.0.19041.1706 (WinBuild.160101.0800)", "EventData.TotalTime": "4522", "EventData.DegradationTime": "2022", "EventData.PathLength": "32", "EventData.Path": "C:\\Windows\\System32\\svchost.exe", "EventData.ProductNameLength": "41", "EventData.ProductName": "Операционная система Microsoft® Windows®", "EventData.CompanyNameLength": "22", "EventData.CompanyName": "Microsoft Corporation"}
{"EventID": "101", "Channel": "Microsoft-Windows-Diagnostics-Performance/Operational", "Provider_Name": "Microsoft-Windows-Diagnostics-Performance", "Computer": "DESKTOP-OFJ6N53", "TimeCreated": "2022-07-13 14:44:38.002735+00:00", "RecordID": "55", "Level": "3", "UserID": "S-1-5-19", "EventData.StartTime": "2022-07-13 14:42:12.719086+00:00", "EventData.NameLength": "20", "EventData.Name": "MoUsoCoreWorker.exe", "EventData.FriendlyNameLength": "26", "EventData.FriendlyName": "MoUSO Core Worker Process", "EventData.VersionLength": "39", "EventData.Version": "10.0.19041.1806 (WinBuild.160101.0800)", "EventData.TotalTime": "6038", "EventData.DegradationTime": "1038", "EventData.PathLength": "40", "EventData.Path": "C:\\Windows\\System32\\MoUsoCoreWorker.exe", "EventData.ProductNameLength": "37", "EventData.ProductName": "Microsoft® Windows® Operating System", "EventData.CompanyNameLength": "22", "EventData.CompanyName": "Microsoft Corporation"}
{"EventID": "101", "Channel": "Microsoft-Windows-Diagnostics-Performance/Operational", "Provider_Name": "Microsoft-Windows-Diagnostics-Performance", "Computer": "DESKTOP-OFJ6N53", "TimeCreated": "2022-07-13 14:44:38.002743+00:00", "RecordID": "56", "Level": "3", "UserID": "S-1-5-19", "EventData.StartTime": "2022-07-13 14:42:12.719086+00:00", "EventData.NameLength": "14", "EventData.Name": "SearchApp.exe", "EventData.FriendlyNameLength": "19", "EventData.FriendlyName": "Search application", "EventData.VersionLength": "39", "EventData.Version": "10.0.19041.1806 (WinBuild.160101.0800)", "EventData.TotalTime": "5458", "EventData.DegradationTime": "458", "EventData.PathLength": "75", "EventData.Path": "C:\\Windows\\SystemApps\\Microsoft.Windows.Search_cw5n1h2txyewy\\SearchApp.exe", "EventData.ProductNameLength": "37", "EventData.ProductName": "Microsoft® Windows® Operating System", "EventData.CompanyNameLength": "22", "EventData.CompanyName": "Microsoft Corporation"}
{"EventID": "200", "Channel": "Microsoft-Windows-Diagnostics-Performance/Operational", "Provider_Name": "Microsoft-Windows-Diagnostics-Performance", "Computer": "DESKTOP-OFJ6N53", "TimeCreated": "2022-08-04 17:06:23.193424+00:00", "RecordID": "57", "Level": "1", "UserID": "S-1-5-19", "EventData.ShutdownTsVersion": "1", "EventData.ShutdownStartTime": "2022-08-04 17:01:30.584316+00:00", "EventData.ShutdownEndTime": "2022-08-04 17:03:53.224689+00:00", "EventData.ShutdownTime": "142640", "EventData.ShutdownUserSessionTime": "20236", "EventData.ShutdownUserPolicyTime": "22", "EventData.ShutdownUserProfilesTime": "490", "EventData.ShutdownSystemSessionsTime": "88209", "EventData.ShutdownPreShutdownNotificationsTime": "82586", "EventData.ShutdownServicesTime": "5018", "EventData.ShutdownKernelTime": "34194", "EventData.ShutdownRootCauseStepImprovementBits": "0", "EventData.ShutdownRootCauseGradualImprovementBits": "0", "EventData.ShutdownRootCauseStepDegradationBits": "1", "EventData.ShutdownRootCauseGradualDegradationBits": "1", "EventData.ShutdownIsDegradation": "True", "EventData.ShutdownTimeChange": "120542"}
{"EventID": "203", "Channel": "Microsoft-Windows-Diagnostics-Performance/Operational", "Provider_Name": "Microsoft-Windows-Diagnostics-Performance", "Computer": "DESKTOP-OFJ6N53", "TimeCreated": "2022-08-04 17:06:23.194530+00:00", "RecordID": "58", "Level": "3", "UserID": "S-1-5-19", "EventData.StartTime": "2022-08-04 17:01:30.584316+00:00", "EventData.NameLength": "7", "EventData.Name": "vpnsvc", "EventData.FriendlyNameLength": "0", "EventData.FriendlyName": null, "EventData.VersionLength": "0", "EventData.Version": null, "EventData.TotalTime": "4925", "EventData.DegradationTime": "925", "EventData.PathLength": "51", "EventData.Path": "\"c:\\program files (x86)\\s-terra client\\vpnsvc.exe\"", "EventData.ProductNameLength": "0", "EventData.ProductName": null, "EventData.CompanyNameLength": "0", "EventData.CompanyName": null}
{"EventID": "203", "Channel": "Microsoft-Windows-Diagnostics-Performance/Operational", "Provider_Name": "Microsoft-Windows-Diagnostics-Performance", "Computer": "DESKTOP-OFJ6N53", "TimeCreated": "2022-08-04 17:06:23.194538+00:00", "RecordID": "59", "Level": "3", "UserID": "S-1-5-19", "EventData.StartTime": "2022-08-04 17:01:30.584316+00:00", "EventData.NameLength": "13", "EventData.Name": "FA_Scheduler", "EventData.FriendlyNameLength": "0", "EventData.FriendlyName": null, "EventData.VersionLength": "0", "EventData.Version": null, "EventData.TotalTime": "4636", "EventData.DegradationTime": "636", "EventData.PathLength": "54", "EventData.Path": "\"c:\\program files\\fortinet\\forticlient\\scheduler.exe\"", "EventData.ProductNameLength": "0", "EventData.ProductName": null, "EventData.CompanyNameLength": "0", "EventData.CompanyName": null}
{"EventID": "100", "Channel": "Microsoft-Windows-Diagnostics-Performance/Operational", "Provider_Name": "Microsoft-Windows-Diagnostics-Performance", "Computer": "DESKTOP-OFJ6N53", "TimeCreated": "2022-08-04 17:06:24.257294+00:00", "RecordID": "60", "Level": "2", "UserID": "S-1-5-19", "EventData.BootTsVersion": "2", "EventData.BootStartTime": "2022-08-04 17:04:16.075949+00:00", "EventData.BootEndTime": "2022-08-04 17:06:21.597792+00:00", "EventData.SystemBootInstance": "8", "EventData.UserBootInstance": "8", "EventData.BootTime": "91498", "EventData.MainPathBootTime": "42098", "EventData.BootKernelInitTime": "144", "EventData.BootDriverInitTime": "12815", "EventData.BootDevicesInitTime": "9997", "EventData.BootPrefetchInitTime": "0", "EventData.BootPrefetchBytes": "0", "EventData.BootAutoChkTime": "0", "EventData.BootSmssInitTime": "4574", "EventData.BootCriticalServicesInitTime": "472", "EventData.BootUserProfileProcessingTime": "1893", "EventData.BootMachineProfileProcessingTime": "6", "EventData.BootExplorerInitTime": "8536", "EventData.BootNumStartupApps": "19", "EventData.BootPostBootTime": "49400", "EventData.BootIsRebootAfterInstall": "False", "EventData.BootRootCauseStepImprovementBits": "258", "EventData.BootRootCauseGradualImprovementBits": "0", "EventData.BootRootCauseStepDegradationBits": "0", "EventData.BootRootCauseGradualDegradationBits": "0", "EventData.BootIsDegradation": "False", "EventData.BootIsStepDegradation": "False", "EventData.BootIsGradualDegradation": "False", "EventData.BootImprovementDelta": "0", "EventData.BootDegradationDelta": "0", "EventData.BootIsRootCauseIdentified": "True", "EventData.OSLoaderDuration": "8473", "EventData.BootPNPInitStartTimeMS": "144", "EventData.BootPNPInitDuration": "13709", "EventData.OtherKernelInitDuration": "319", "EventData.SystemPNPInitStartTimeMS": "14010", "EventData.SystemPNPInitDuration": "5640", "EventData.SessionInitStartTimeMS": "19669", "EventData.Session0InitDuration": "717", "EventData.Session1InitDuration": "60", "EventData.SessionInitOtherDuration": "3795", "EventData.WinLogonStartTimeMS": "24243", "EventData.OtherLogonInitActivityDuration": "7418", "EventData.UserLogonWaitDuration": "123"}
{"EventID": "101", "Channel": "Microsoft-Windows-Diagnostics-Performance/Operational", "Provider_Name": "Microsoft-Windows-Diagnostics-Performance", "Computer": "DESKTOP-OFJ6N53", "TimeCreated": "2022-08-04 17:06:24.257307+00:00", "RecordID": "61", "Level": "3", "UserID": "S-1-5-19", "EventData.StartTime": "2022-08-04 17:04:16.075949+00:00", "EventData.NameLength": "11", "EventData.Name": "sppsvc.exe", "EventData.FriendlyNameLength": "60", "EventData.FriendlyName": "Служба платформы защиты программного обеспечения Майкрософт", "EventData.VersionLength": "39", "EventData.Version": "10.0.19041.1826 (WinBuild.160101.0800)", "EventData.TotalTime": "3091", "EventData.DegradationTime": "591", "EventData.PathLength": "31", "EventData.Path": "C:\\Windows\\System32\\sppsvc.exe", "EventData.ProductNameLength": "41", "EventData.ProductName": "Операционная система Microsoft® Windows®", "EventData.CompanyNameLength": "22", "EventData.CompanyName": "Microsoft Corporation"}
{"EventID": "101", "Channel": "Microsoft-Windows-Diagnostics-Performance/Operational", "Provider_Name": "Microsoft-Windows-Diagnostics-Performance", "Computer": "DESKTOP-OFJ6N53", "TimeCreated": "2022-08-04 17:06:24.257315+00:00", "RecordID": "62", "Level": "3", "UserID": "S-1-5-19", "EventData.StartTime": "2022-08-04 17:04:16.075949+00:00", "EventData.NameLength": "24", "EventData.Name": "PhoneExperienceHost.exe", "EventData.FriendlyNameLength": "20", "EventData.FriendlyName": "PhoneExperienceHost", "EventData.VersionLength": "14", "EventData.Version": "1.22052.554.0", "EventData.TotalTime": "5036", "EventData.DegradationTime": "36", "EventData.PathLength": "106", "EventData.Path": "C:\\Program Files\\WindowsApps\\Microsoft.YourPhone_1.22052.554.0_x64__8wekyb3d8bbwe\\PhoneExperienceHost.exe", "EventData.ProductNameLength": "21", "EventData.ProductName": "Microsoft Your Phone", "EventData.CompanyNameLength": "22", "EventData.CompanyName": "Microsoft Corporation"}
{"EventID": "102", "Channel": "Microsoft-Windows-Diagnostics-Performance/Operational", "Provider_Name": "Microsoft-Windows-Diagnostics-Performance", "Computer": "DESKTOP-OFJ6N53", "TimeCreated": "2022-08-04 17:06:24.257320+00:00", "RecordID": "63", "Level": "3", "UserID": "S-1-5-19", "EventData.StartTime": "2022-08-04 17:04:16.075949+00:00", "EventData.NameLength": "6", "EventData.Name": "CimFS", "EventData.FriendlyNameLength": "0", "EventData.FriendlyName": null, "EventData.VersionLength": "0", "EventData.Version": null, "EventData.TotalTime": "4523", "EventData.DegradationTime": "3023", "EventData.PathLength": "32", "EventData.Path": "C:\\Windows\\system32\\drivers\\ʀᄞɎ", "EventData.ProductNameLength": "0", "EventData.ProductName": null, "EventData.CompanyNameLength": "0", "EventData.CompanyName": null}
{"EventID": "102", "Channel": "Microsoft-Windows-Diagnostics-Performance/Operational", "Provider_Name": "Microsoft-Windows-Diagnostics-Performance", "Computer": "DESKTOP-OFJ6N53", "TimeCreated": "2022-08-04 17:06:24.257330+00:00", "RecordID": "64", "Level": "3", "UserID": "S-1-5-19", "EventData.StartTime": "2022-08-04 17:04:16.075949+00:00", "EventData.NameLength": "7", "EventData.Name": "HidUsb", "EventData.FriendlyNameLength": "38", "EventData.FriendlyName": "USB Miniport Driver for Input Devices", "EventData.VersionLength": "38", "EventData.Version": "10.0.19041.868 (WinBuild.160101.0800)", "EventData.TotalTime": "4223", "EventData.DegradationTime": "2723", "EventData.PathLength": "39", "EventData.Path": "C:\\Windows\\System32\\drivers\\hidusb.sys", "EventData.ProductNameLength": "37", "EventData.ProductName": "Microsoft® Windows® Operating System", "EventData.CompanyNameLength": "22", "EventData.CompanyName": "Microsoft Corporation"}
{"EventID": "200", "Channel": "Microsoft-Windows-Diagnostics-Performance/Operational", "Provider_Name": "Microsoft-Windows-Diagnostics-Performance", "Computer": "DESKTOP-OFJ6N53", "TimeCreated": "2022-08-09 19:10:47.112226+00:00", "RecordID": "65", "Level": "2", "UserID": "S-1-5-19", "EventData.ShutdownTsVersion": "1", "EventData.ShutdownStartTime": "2022-08-09 19:06:57.447302+00:00", "EventData.ShutdownEndTime": "2022-08-09 19:08:17.938276+00:00", "EventData.ShutdownTime": "80490", "EventData.ShutdownUserSessionTime": "9696", "EventData.ShutdownUserPolicyTime": "67", "EventData.ShutdownUserProfilesTime": "218", "EventData.ShutdownSystemSessionsTime": "63664", "EventData.ShutdownPreShutdownNotificationsTime": "58417", "EventData.ShutdownServicesTime": "4997", "EventData.ShutdownKernelTime": "7129", "EventData.ShutdownRootCauseStepImprovementBits": "0", "EventData.ShutdownRootCauseGradualImprovementBits": "0", "EventData.ShutdownRootCauseStepDegradationBits": "0", "EventData.ShutdownRootCauseGradualDegradationBits": "0", "EventData.ShutdownIsDegradation": "False", "EventData.ShutdownTimeChange": "0"}
{"EventID": "203", "Channel": "Microsoft-Windows-Diagnostics-Performance/Operational", "Provider_Name": "Microsoft-Windows-Diagnostics-Performance", "Computer": "DESKTOP-OFJ6N53", "TimeCreated": "2022-08-09 19:10:47.113441+00:00", "RecordID": "66", "Level": "3", "UserID": "S-1-5-19", "EventData.StartTime": "2022-08-09 19:06:57.447302+00:00", "EventData.NameLength": "5", "EventData.Name": "Dhcp", "EventData.FriendlyNameLength": "20", "EventData.FriendlyName": "Служба DHCP-клиента", "EventData.VersionLength": "39", "EventData.Version": "10.0.19041.1826 (WinBuild.160101.0800)", "EventData.TotalTime": "4930", "EventData.DegradationTime": "4752", "EventData.PathLength": "33", "EventData.Path": "C:\\Windows\\system32\\dhcpcore.dll", "EventData.ProductNameLength": "41", "EventData.ProductName": "Операционная система Microsoft® Windows®", "EventData.CompanyNameLength": "22", "EventData.CompanyName": "Microsoft Corporation"}
{"EventID": "100", "Channel": "Microsoft-Windows-Diagnostics-Performance/Operational", "Provider_Name": "Microsoft-Windows-Diagnostics-Performance", "Computer": "DESKTOP-OFJ6N53", "TimeCreated": "2022-08-09 19:10:48.206436+00:00", "RecordID": "67", "Level": "2", "UserID": "S-1-5-19", "EventData.BootTsVersion": "2", "EventData.BootStartTime": "2022-08-09 19:08:31.331038+00:00", "EventData.BootEndTime": "2022-08-09 19:10:45.576248+00:00", "EventData.SystemBootInstance": "9", "EventData.UserBootInstance": "9", "EventData.BootTime": "94276", "EventData.MainPathBootTime": "52676", "EventData.BootKernelInitTime": "147", "EventData.BootDriverInitTime": "1610", "EventData.BootDevicesInitTime": "4153", "EventData.BootPrefetchInitTime": "0", "EventData.BootPrefetchBytes": "0", "EventData.BootAutoChkTime": "0", "EventData.BootSmssInitTime": "1845", "EventData.BootCriticalServicesInitTime": "425", "EventData.BootUserProfileProcessingTime": "554", "EventData.BootMachineProfileProcessingTime": "1", "EventData.BootExplorerInitTime": "10389", "EventData.BootNumStartupApps": "16", "EventData.BootPostBootTime": "41600", "EventData.BootIsRebootAfterInstall": "False", "EventData.BootRootCauseStepImprovementBits": "2097152", "EventData.BootRootCauseGradualImprovementBits": "0", "EventData.BootRootCauseStepDegradationBits": "0", "EventData.BootRootCauseGradualDegradationBits": "0", "EventData.BootIsDegradation": "False", "EventData.BootIsStepDegradation": "False", "EventData.BootIsGradualDegradation": "False", "EventData.BootImprovementDelta": "0", "EventData.BootDegradationDelta": "0", "EventData.BootIsRootCauseIdentified": "True", "EventData.OSLoaderDuration": "3434", "EventData.BootPNPInitStartTimeMS": "147", "EventData.BootPNPInitDuration": "4415", "EventData.OtherKernelInitDuration": "365", "EventData.SystemPNPInitStartTimeMS": "4757", "EventData.SystemPNPInitDuration": "772", "EventData.SessionInitStartTimeMS": "5554", "EventData.Session0InitDuration": "379", "EventData.Session1InitDuration": "42", "EventData.SessionInitOtherDuration": "1424", "EventData.WinLogonStartTimeMS": "7399", "EventData.OtherLogonInitActivityDuration": "34331", "EventData.UserLogonWaitDuration": "114"}
{"EventID": "101", "Channel": "Microsoft-Windows-Diagnostics-Performance/Operational", "Provider_Name": "Microsoft-Windows-Diagnostics-Performance", "Computer": "DESKTOP-OFJ6N53", "TimeCreated": "2022-08-09 19:10:48.206448+00:00", "RecordID": "68", "Level": "3", "UserID": "S-1-5-19", "EventData.StartTime": "2022-08-09 19:08:31.331038+00:00", "EventData.NameLength": "12", "EventData.Name": "spoolsv.exe", "EventData.FriendlyNameLength": "25", "EventData.FriendlyName": "Диспетчер очереди печати", "EventData.VersionLength": "39", "EventData.Version": "10.0.19041.1826 (WinBuild.160101.0800)", "EventData.TotalTime": "5024", "EventData.DegradationTime": "2524", "EventData.PathLength": "32", "EventData.Path": "C:\\Windows\\System32\\spoolsv.exe", "EventData.ProductNameLength": "41", "EventData.ProductName": "Операционная система Microsoft® Windows®", "EventData.CompanyNameLength": "22", "EventData.CompanyName": "Microsoft Corporation"}
{"EventID": "101", "Channel": "Microsoft-Windows-Diagnostics-Performance/Operational", "Provider_Name": "Microsoft-Windows-Diagnostics-Performance", "Computer": "DESKTOP-OFJ6N53", "TimeCreated": "2022-08-09 19:10:48.206457+00:00", "RecordID": "69", "Level": "3", "UserID": "S-1-5-19", "EventData.StartTime": "2022-08-09 19:08:31.331038+00:00", "EventData.NameLength": "24", "EventData.Name": "PhoneExperienceHost.exe", "EventData.FriendlyNameLength": "20", "EventData.FriendlyName": "PhoneExperienceHost", "EventData.VersionLength": "14", "EventData.Version": "1.22052.554.0", "EventData.TotalTime": "6454", "EventData.DegradationTime": "1454", "EventData.PathLength": "106", "EventData.Path": "C:\\Program Files\\WindowsApps\\Microsoft.YourPhone_1.22052.554.0_x64__8wekyb3d8bbwe\\PhoneExperienceHost.exe", "EventData.ProductNameLength": "21", "EventData.ProductName": "Microsoft Your Phone", "EventData.CompanyNameLength": "22", "EventData.CompanyName": "Microsoft Corporation"}
{"EventID": "200", "Channel": "Microsoft-Windows-Diagnostics-Performance/Operational", "Provider_Name": "Microsoft-Windows-Diagnostics-Performance", "Computer": "DESKTOP-OFJ6N53", "TimeCreated": "2022-09-06 09:02:51.921511+00:00", "RecordID": "70", "Level": "1", "UserID": "S-1-5-19", "EventData.ShutdownTsVersion": "1", "EventData.ShutdownStartTime": "2022-09-06 08:58:50.173763+00:00", "EventData.ShutdownEndTime": "2022-09-06 09:01:02.389111+00:00", "EventData.ShutdownTime": "132215", "EventData.ShutdownUserSessionTime": "28714", "EventData.ShutdownUserPolicyTime": "600", "EventData.ShutdownUserProfilesTime": "1993", "EventData.ShutdownSystemSessionsTime": "20179", "EventData.ShutdownPreShutdownNotificationsTime": "10898", "EventData.ShutdownServicesTime": "5221", "EventData.ShutdownKernelTime": "83320", "EventData.ShutdownRootCauseStepImprovementBits": "0", "EventData.ShutdownRootCauseGradualImprovementBits": "0", "EventData.ShutdownRootCauseStepDegradationBits": "0", "EventData.ShutdownRootCauseGradualDegradationBits": "0", "EventData.ShutdownIsDegradation": "False", "EventData.ShutdownTimeChange": "0"}
{"EventID": "203", "Channel": "Microsoft-Windows-Diagnostics-Performance/Operational", "Provider_Name": "Microsoft-Windows-Diagnostics-Performance", "Computer": "DESKTOP-OFJ6N53", "TimeCreated": "2022-09-06 09:02:51.922506+00:00", "RecordID": "71", "Level": "2", "UserID": "S-1-5-19", "EventData.StartTime": "2022-09-06 08:58:50.173763+00:00", "EventData.NameLength": "8", "EventData.Name": "KSDE5.3", "EventData.FriendlyNameLength": "0", "EventData.FriendlyName": null, "EventData.VersionLength": "0", "EventData.Version": null, "EventData.TotalTime": "47021", "EventData.DegradationTime": "43021", "EventData.PathLength": "83", "EventData.Path": "\"c:\\program files (x86)\\kaspersky lab\\kaspersky secure connection 5.3\\ksde.exe\" -r", "EventData.ProductNameLength": "0", "EventData.ProductName": null, "EventData.CompanyNameLength": "0", "EventData.CompanyName": null}
{"EventID": "203", "Channel": "Microsoft-Windows-Diagnostics-Performance/Operational", "Provider_Name": "Microsoft-Windows-Diagnostics-Performance", "Computer": "DESKTOP-OFJ6N53", "TimeCreated": "2022-09-06 09:02:51.922514+00:00", "RecordID": "72", "Level": "3", "UserID": "S-1-5-19", "EventData.StartTime": "2022-09-06 08:58:50.173763+00:00", "EventData.NameLength": "8", "EventData.Name": "AVP21.3", "EventData.FriendlyNameLength": "0", "EventData.FriendlyName": null, "EventData.VersionLength": "0", "EventData.Version": null, "EventData.TotalTime": "8320", "EventData.DegradationTime": "4320", "EventData.PathLength": "80", "EventData.Path": "\"c:\\program files (x86)\\kaspersky lab\\kaspersky security cloud 21.3\\avp.exe\" -r", "EventData.ProductNameLength": "0", "EventData.ProductName": null, "EventData.CompanyNameLength": "0", "EventData.CompanyName": null}
{"EventID": "203", "Channel": "Microsoft-Windows-Diagnostics-Performance/Operational", "Provider_Name": "Microsoft-Windows-Diagnostics-Performance", "Computer": "DESKTOP-OFJ6N53", "TimeCreated": "2022-09-06 09:02:51.922522+00:00", "RecordID": "73", "Level": "3", "UserID": "S-1-5-19", "EventData.StartTime": "2022-09-06 08:58:50.173763+00:00", "EventData.NameLength": "9", "EventData.Name": "vpnproxy", "EventData.FriendlyNameLength": "0", "EventData.FriendlyName": null, "EventData.VersionLength": "0", "EventData.Version": null, "EventData.TotalTime": "7368", "EventData.DegradationTime": "3368", "EventData.PathLength": "53", "EventData.Path": "\"c:\\program files (x86)\\s-terra client\\vpnproxy.exe\"", "EventData.ProductNameLength": "0", "EventData.ProductName": null, "EventData.CompanyNameLength": "0", "EventData.CompanyName": null}
{"EventID": "203", "Channel": "Microsoft-Windows-Diagnostics-Performance/Operational", "Provider_Name": "Microsoft-Windows-Diagnostics-Performance", "Computer": "DESKTOP-OFJ6N53", "TimeCreated": "2022-09-06 09:02:51.922527+00:00", "RecordID": "74", "Level": "3", "UserID": "S-1-5-19", "EventData.StartTime": "2022-09-06 08:58:50.173763+00:00", "EventData.NameLength": "10", "EventData.Name": "vpnlogsvc", "EventData.FriendlyNameLength": "0", "EventData.FriendlyName": null, "EventData.VersionLength": "0", "EventData.Version": null, "EventData.TotalTime": "5361", "EventData.DegradationTime": "1361", "EventData.PathLength": "54", "EventData.Path": "\"c:\\program files (x86)\\s-terra client\\vpnlogsvc.exe\"", "EventData.ProductNameLength": "0", "EventData.ProductName": null, "EventData.CompanyNameLength": "0", "EventData.CompanyName": null}
{"EventID": "203", "Channel": "Microsoft-Windows-Diagnostics-Performance/Operational", "Provider_Name": "Microsoft-Windows-Diagnostics-Performance", "Computer": "DESKTOP-OFJ6N53", "TimeCreated": "2022-09-06 09:02:51.922533+00:00", "RecordID": "75", "Level": "3", "UserID": "S-1-5-19", "EventData.StartTime": "2022-09-06 08:58:50.173763+00:00", "EventData.NameLength": "10", "EventData.Name": "msiserver", "EventData.FriendlyNameLength": "0", "EventData.FriendlyName": null, "EventData.VersionLength": "0", "EventData.Version": null, "EventData.TotalTime": "4991", "EventData.DegradationTime": "991", "EventData.PathLength": "35", "EventData.Path": "C:\\Windows\\system32\\msiexec.exe /v", "EventData.ProductNameLength": "0", "EventData.ProductName": null, "EventData.CompanyNameLength": "0", "EventData.CompanyName": null}
{"EventID": "200", "Channel": "Microsoft-Windows-Diagnostics-Performance/Operational", "Provider_Name": "Microsoft-Windows-Diagnostics-Performance", "Computer": "DESKTOP-OFJ6N53", "TimeCreated": "2022-09-06 13:02:56.220297+00:00", "RecordID": "76", "Level": "3", "UserID": "S-1-5-19", "EventData.ShutdownTsVersion": "1", "EventData.ShutdownStartTime": "2022-09-06 12:59:47.617659+00:00", "EventData.ShutdownEndTime": "2022-09-06 13:00:32.786167+00:00", "EventData.ShutdownTime": "45168", "EventData.ShutdownUserSessionTime": "10503", "EventData.ShutdownUserPolicyTime": "6", "EventData.ShutdownUserProfilesTime": "448", "EventData.ShutdownSystemSessionsTime": "5794", "EventData.ShutdownPreShutdownNotificationsTime": "344", "EventData.ShutdownServicesTime": "5023", "EventData.ShutdownKernelTime": "28870", "EventData.ShutdownRootCauseStepImprovementBits": "0", "EventData.ShutdownRootCauseGradualImprovementBits": "0", "EventData.ShutdownRootCauseStepDegradationBits": "32", "EventData.ShutdownRootCauseGradualDegradationBits": "32", "EventData.ShutdownIsDegradation": "True", "EventData.ShutdownTimeChange": "0"}
{"EventID": "203", "Channel": "Microsoft-Windows-Diagnostics-Performance/Operational", "Provider_Name": "Microsoft-Windows-Diagnostics-Performance", "Computer": "DESKTOP-OFJ6N53", "TimeCreated": "2022-09-06 13:02:56.231899+00:00", "RecordID": "77", "Level": "2", "UserID": "S-1-5-19", "EventData.StartTime": "2022-09-06 12:59:47.617659+00:00", "EventData.NameLength": "12", "EventData.Name": "csp4service", "EventData.FriendlyNameLength": "0", "EventData.FriendlyName": null, "EventData.VersionLength": "0", "EventData.Version": null, "EventData.TotalTime": "32887", "EventData.DegradationTime": "28887", "EventData.PathLength": "53", "EventData.Path": "\"c:\\program files\\security code\\csp\\csp4service.exe\"", "EventData.ProductNameLength": "0", "EventData.ProductName": null, "EventData.CompanyNameLength": "0", "EventData.CompanyName": null}
{"EventID": "203", "Channel": "Microsoft-Windows-Diagnostics-Performance/Operational", "Provider_Name": "Microsoft-Windows-Diagnostics-Performance", "Computer": "DESKTOP-OFJ6N53", "TimeCreated": "2022-09-06 13:02:56.231911+00:00", "RecordID": "78", "Level": "3", "UserID": "S-1-5-19", "EventData.StartTime": "2022-09-06 12:59:47.617659+00:00", "EventData.NameLength": "9", "EventData.Name": "EventLog", "EventData.FriendlyNameLength": "32", "EventData.FriendlyName": "Служба протоколирования событий", "EventData.VersionLength": "39", "EventData.Version": "10.0.19041.1889 (WinBuild.160101.0800)", "EventData.TotalTime": "1880", "EventData.DegradationTime": "1659", "EventData.PathLength": "32", "EventData.Path": "C:\\Windows\\System32\\wevtsvc.dll", "EventData.ProductNameLength": "41", "EventData.ProductName": "Операционная система Microsoft® Windows®", "EventData.CompanyNameLength": "22", "EventData.CompanyName": "Microsoft Corporation"}
{"EventID": "203", "Channel": "Microsoft-Windows-Diagnostics-Performance/Operational", "Provider_Name": "Microsoft-Windows-Diagnostics-Performance", "Computer": "DESKTOP-OFJ6N53", "TimeCreated": "2022-09-06 13:02:56.231922+00:00", "RecordID": "79", "Level": "3", "UserID": "S-1-5-19", "EventData.StartTime": "2022-09-06 12:59:47.617659+00:00", "EventData.NameLength": "9", "EventData.Name": "CryptSvc", "EventData.FriendlyNameLength": "20", "EventData.FriendlyName": "Службы криптографии", "EventData.VersionLength": "39", "EventData.Version": "10.0.19041.1889 (WinBuild.160101.0800)", "EventData.TotalTime": "1266", "EventData.DegradationTime": "1064", "EventData.PathLength": "33", "EventData.Path": "C:\\Windows\\system32\\cryptsvc.dll", "EventData.ProductNameLength": "41", "EventData.ProductName": "Операционная система Microsoft® Windows®", "EventData.CompanyNameLength": "22", "EventData.CompanyName": "Microsoft Corporation"}
{"EventID": "203", "Channel": "Microsoft-Windows-Diagnostics-Performance/Operational", "Provider_Name": "Microsoft-Windows-Diagnostics-Performance", "Computer": "DESKTOP-OFJ6N53", "TimeCreated": "2022-09-06 13:02:56.231930+00:00", "RecordID": "80", "Level": "3", "UserID": "S-1-5-19", "EventData.StartTime": "2022-09-06 12:59:47.617659+00:00", "EventData.NameLength": "7", "EventData.Name": "Wcmsvc", "EventData.FriendlyNameLength": "53", "EventData.FriendlyName": "Библиотека DLL службы диспетчера подключений Windows", "EventData.VersionLength": "39", "EventData.Version": "10.0.19041.1889 (WinBuild.160101.0800)", "EventData.TotalTime": "1299", "EventData.DegradationTime": "846", "EventData.PathLength": "31", "EventData.Path": "C:\\Windows\\System32\\wcmsvc.dll", "EventData.ProductNameLength": "41", "EventData.ProductName": "Операционная система Microsoft® Windows®", "EventData.CompanyNameLength": "22", "EventData.CompanyName": "Microsoft Corporation"}
{"EventID": "200", "Channel": "Microsoft-Windows-Diagnostics-Performance/Operational", "Provider_Name": "Microsoft-Windows-Diagnostics-Performance", "Computer": "DESKTOP-OFJ6N53", "TimeCreated": "2022-09-13 14:25:19.689911+00:00", "RecordID": "81", "Level": "2", "UserID": "S-1-5-19", "EventData.ShutdownTsVersion": "1", "EventData.ShutdownStartTime": "2022-09-13 14:03:45.290787+00:00", "EventData.ShutdownEndTime": "2022-09-13 14:04:56.534882+00:00", "EventData.ShutdownTime": "71244", "EventData.ShutdownUserSessionTime": "16444", "EventData.ShutdownUserPolicyTime": "31", "EventData.ShutdownUserProfilesTime": "294", "EventData.ShutdownSystemSessionsTime": "6503", "EventData.ShutdownPreShutdownNotificationsTime": "1225", "EventData.ShutdownServicesTime": "4997", "EventData.ShutdownKernelTime": "48295", "EventData.ShutdownRootCauseStepImprovementBits": "0", "EventData.ShutdownRootCauseGradualImprovementBits": "0", "EventData.ShutdownRootCauseStepDegradationBits": "2", "EventData.ShutdownRootCauseGradualDegradationBits": "0", "EventData.ShutdownIsDegradation": "True", "EventData.ShutdownTimeChange": "0"}
{"EventID": "203", "Channel": "Microsoft-Windows-Diagnostics-Performance/Operational", "Provider_Name": "Microsoft-Windows-Diagnostics-Performance", "Computer": "DESKTOP-OFJ6N53", "TimeCreated": "2022-09-13 14:25:19.693106+00:00", "RecordID": "82", "Level": "3", "UserID": "S-1-5-19", "EventData.StartTime": "2022-09-13 14:03:45.290787+00:00", "EventData.NameLength": "7", "EventData.Name": "RasMan", "EventData.FriendlyNameLength": "41", "EventData.FriendlyName": "Диспетчер подключений удаленного доступа", "EventData.VersionLength": "39", "EventData.Version": "10.0.19041.1889 (WinBuild.160101.0800)", "EventData.TotalTime": "1359", "EventData.DegradationTime": "1351", "EventData.PathLength": "32", "EventData.Path": "C:\\Windows\\System32\\rasmans.dll", "EventData.ProductNameLength": "41", "EventData.ProductName": "Операционная система Microsoft® Windows®", "EventData.CompanyNameLength": "22", "EventData.CompanyName": "Microsoft Corporation"}
{"EventID": "203", "Channel": "Microsoft-Windows-Diagnostics-Performance/Operational", "Provider_Name": "Microsoft-Windows-Diagnostics-Performance", "Computer": "DESKTOP-OFJ6N53", "TimeCreated": "2022-09-13 14:25:19.693125+00:00", "RecordID": "83", "Level": "3", "UserID": "S-1-5-19", "EventData.StartTime": "2022-09-13 14:03:45.290787+00:00", "EventData.NameLength": "18", "EventData.Name": "CWAUpdaterService", "EventData.FriendlyNameLength": "0", "EventData.FriendlyName": null, "EventData.VersionLength": "0", "EventData.Version": null, "EventData.TotalTime": "1037", "EventData.DegradationTime": "959", "EventData.PathLength": "71", "EventData.Path": "\"c:\\program files (x86)\\citrix\\ica client\\receiver\\updaterservice.exe\"", "EventData.ProductNameLength": "0", "EventData.ProductName": null, "EventData.CompanyNameLength": "0", "EventData.CompanyName": null}
{"EventID": "203", "Channel": "Microsoft-Windows-Diagnostics-Performance/Operational", "Provider_Name": "Microsoft-Windows-Diagnostics-Performance", "Computer": "DESKTOP-OFJ6N53", "TimeCreated": "2022-09-13 14:25:19.693136+00:00", "RecordID": "84", "Level": "3", "UserID": "S-1-5-19", "EventData.StartTime": "2022-09-13 14:03:45.290787+00:00", "EventData.NameLength": "12", "EventData.Name": "csp4service", "EventData.FriendlyNameLength": "0", "EventData.FriendlyName": null, "EventData.VersionLength": "0", "EventData.Version": null, "EventData.TotalTime": "4892", "EventData.DegradationTime": "892", "EventData.PathLength": "53", "EventData.Path": "\"c:\\program files\\security code\\csp\\csp4service.exe\"", "EventData.ProductNameLength": "0", "EventData.ProductName": null, "EventData.CompanyNameLength": "0", "EventData.CompanyName": null}
{"EventID": "203", "Channel": "Microsoft-Windows-Diagnostics-Performance/Operational", "Provider_Name": "Microsoft-Windows-Diagnostics-Performance", "Computer": "DESKTOP-OFJ6N53", "TimeCreated": "2022-09-13 14:25:19.693151+00:00", "RecordID": "85", "Level": "3", "UserID": "S-1-5-19", "EventData.StartTime": "2022-09-13 14:03:45.290787+00:00", "EventData.NameLength": "9", "EventData.Name": "CryptSvc", "EventData.FriendlyNameLength": "20", "EventData.FriendlyName": "Службы криптографии", "EventData.VersionLength": "39", "EventData.Version": "10.0.19041.1889 (WinBuild.160101.0800)", "EventData.TotalTime": "1229", "EventData.DegradationTime": "730", "EventData.PathLength": "33", "EventData.Path": "C:\\Windows\\system32\\cryptsvc.dll", "EventData.ProductNameLength": "41", "EventData.ProductName": "Операционная система Microsoft® Windows®", "EventData.CompanyNameLength": "22", "EventData.CompanyName": "Microsoft Corporation"}
{"EventID": "100", "Channel": "Microsoft-Windows-Diagnostics-Performance/Operational", "Provider_Name": "Microsoft-Windows-Diagnostics-Performance", "Computer": "DESKTOP-OFJ6N53", "TimeCreated": "2022-09-13 14:25:21.424444+00:00", "RecordID": "86", "Level": "2", "UserID": "S-1-5-19", "EventData.BootTsVersion": "2", "EventData.BootStartTime": "2022-09-13 14:05:20.911789+00:00", "EventData.BootEndTime": "2022-09-13 14:25:17.511217+00:00", "EventData.SystemBootInstance": "10", "EventData.UserBootInstance": "10", "EventData.BootTime": "106139", "EventData.MainPathBootTime": "69039", "EventData.BootKernelInitTime": "134", "EventData.BootDriverInitTime": "4391", "EventData.BootDevicesInitTime": "5242", "EventData.BootPrefetchInitTime": "0", "EventData.BootPrefetchBytes": "0", "EventData.BootAutoChkTime": "0", "EventData.BootSmssInitTime": "5133", "EventData.BootCriticalServicesInitTime": "489", "EventData.BootUserProfileProcessingTime": "12534", "EventData.BootMachineProfileProcessingTime": "173", "EventData.BootExplorerInitTime": "39128", "EventData.BootNumStartupApps": "18", "EventData.BootPostBootTime": "37100", "EventData.BootIsRebootAfterInstall": "False", "EventData.BootRootCauseStepImprovementBits": "0", "EventData.BootRootCauseGradualImprovementBits": "0", "EventData.BootRootCauseStepDegradationBits": "0", "EventData.BootRootCauseGradualDegradationBits": "0", "EventData.BootIsDegradation": "False", "EventData.BootIsStepDegradation": "False", "EventData.BootIsGradualDegradation": "False", "EventData.BootImprovementDelta": "0", "EventData.BootDegradationDelta": "0", "EventData.BootIsRootCauseIdentified": "False", "EventData.OSLoaderDuration": "5577", "EventData.BootPNPInitStartTimeMS": "134", "EventData.BootPNPInitDuration": "5384", "EventData.OtherKernelInitDuration": "320", "EventData.SystemPNPInitStartTimeMS": "5683", "EventData.SystemPNPInitDuration": "3118", "EventData.SessionInitStartTimeMS": "8823", "EventData.Session0InitDuration": "807", "EventData.Session1InitDuration": "73", "EventData.SessionInitOtherDuration": "4251", "EventData.WinLogonStartTimeMS": "13956", "EventData.OtherLogonInitActivityDuration": "3246", "EventData.UserLogonWaitDuration": "1074604"}
{"EventID": "101", "Channel": "Microsoft-Windows-Diagnostics-Performance/Operational", "Provider_Name": "Microsoft-Windows-Diagnostics-Performance", "Computer": "DESKTOP-OFJ6N53", "TimeCreated": "2022-09-13 14:25:21.424458+00:00", "RecordID": "87", "Level": "3", "UserID": "S-1-5-19", "EventData.StartTime": "2022-09-13 14:05:20.911789+00:00", "EventData.NameLength": "12", "EventData.Name": "WWAHost.exe", "EventData.FriendlyNameLength": "22", "EventData.FriendlyName": "Узел WWA (Майкрософт)", "EventData.VersionLength": "39", "EventData.Version": "10.0.19041.1889 (WinBuild.160101.0800)", "EventData.TotalTime": "10782", "EventData.DegradationTime": "8282", "EventData.PathLength": "32", "EventData.Path": "C:\\Windows\\System32\\WWAHost.exe", "EventData.ProductNameLength": "41", "EventData.ProductName": "Операционная система Microsoft® Windows®", "EventData.CompanyNameLength": "22", "EventData.CompanyName": "Microsoft Corporation"}
{"EventID": "101", "Channel": "Microsoft-Windows-Diagnostics-Performance/Operational", "Provider_Name": "Microsoft-Windows-Diagnostics-Performance", "Computer": "DESKTOP-OFJ6N53", "TimeCreated": "2022-09-13 14:25:21.424467+00:00", "RecordID": "88", "Level": "3", "UserID": "S-1-5-19", "EventData.StartTime": "2022-09-13 14:05:20.911789+00:00", "EventData.NameLength": "8", "EventData.Name": "dwm.exe", "EventData.FriendlyNameLength": "30", "EventData.FriendlyName": "Диспетчер окон рабочего стола", "EventData.VersionLength": "39", "EventData.Version": "10.0.19041.1889 (WinBuild.160101.0800)", "EventData.TotalTime": "9385", "EventData.DegradationTime": "5885", "EventData.PathLength": "28", "EventData.Path": "C:\\Windows\\System32\\dwm.exe", "EventData.ProductNameLength": "41", "EventData.ProductName": "Операционная система Microsoft® Windows®", "EventData.CompanyNameLength": "22", "EventData.CompanyName": "Microsoft Corporation"}
{"EventID": "101", "Channel": "Microsoft-Windows-Diagnostics-Performance/Operational", "Provider_Name": "Microsoft-Windows-Diagnostics-Performance", "Computer": "DESKTOP-OFJ6N53", "TimeCreated": "2022-09-13 14:25:21.424473+00:00", "RecordID": "89", "Level": "3", "UserID": "S-1-5-19", "EventData.StartTime": "2022-09-13 14:05:20.911789+00:00", "EventData.NameLength": "12", "EventData.Name": "LogonUI.exe", "EventData.FriendlyNameLength": "34", "EventData.FriendlyName": "Windows Logon User Interface Host", "EventData.VersionLength": "36", "EventData.Version": "10.0.19041.1 (WinBuild.160101.0800)", "EventData.TotalTime": "3575", "EventData.DegradationTime": "2575", "EventData.PathLength": "32", "EventData.Path": "C:\\Windows\\System32\\LogonUI.exe", "EventData.ProductNameLength": "37", "EventData.ProductName": "Microsoft® Windows® Operating System", "EventData.CompanyNameLength": "22", "EventData.CompanyName": "Microsoft Corporation"}
{"EventID": "101", "Channel": "Microsoft-Windows-Diagnostics-Performance/Operational", "Provider_Name": "Microsoft-Windows-Diagnostics-Performance", "Computer": "DESKTOP-OFJ6N53", "TimeCreated": "2022-09-13 14:25:21.424480+00:00", "RecordID": "90", "Level": "3", "UserID": "S-1-5-19", "EventData.StartTime": "2022-09-13 14:05:20.911789+00:00", "EventData.NameLength": "24", "EventData.Name": "PhoneExperienceHost.exe", "EventData.FriendlyNameLength": "20", "EventData.FriendlyName": "PhoneExperienceHost", "EventData.VersionLength": "14", "EventData.Version": "1.22062.543.0", "EventData.TotalTime": "7165", "EventData.DegradationTime": "2165", "EventData.PathLength": "106", "EventData.Path": "C:\\Program Files\\WindowsApps\\Microsoft.YourPhone_1.22062.543.0_x64__8wekyb3d8bbwe\\PhoneExperienceHost.exe", "EventData.ProductNameLength": "21", "EventData.ProductName": "Microsoft Your Phone", "EventData.CompanyNameLength": "22", "EventData.CompanyName": "Microsoft Corporation"}
{"EventID": "200", "Channel": "Microsoft-Windows-Diagnostics-Performance/Operational", "Provider_Name": "Microsoft-Windows-Diagnostics-Performance", "Computer": "DESKTOP-OFJ6N53", "TimeCreated": "2022-09-14 17:20:25.070305+00:00", "RecordID": "91", "Level": "1", "UserID": "S-1-5-19", "EventData.ShutdownTsVersion": "1", "EventData.ShutdownStartTime": "2022-09-14 17:10:58.387369+00:00", "EventData.ShutdownEndTime": "2022-09-14 17:16:37.576685+00:00", "EventData.ShutdownTime": "339189", "EventData.ShutdownUserSessionTime": "8932", "EventData.ShutdownUserPolicyTime": "37", "EventData.ShutdownUserProfilesTime": "220", "EventData.ShutdownSystemSessionsTime": "323394", "EventData.ShutdownPreShutdownNotificationsTime": "317980", "EventData.ShutdownServicesTime": "4993", "EventData.ShutdownKernelTime": "6862", "EventData.ShutdownRootCauseStepImprovementBits": "72", "EventData.ShutdownRootCauseGradualImprovementBits": "0", "EventData.ShutdownRootCauseStepDegradationBits": "0", "EventData.ShutdownRootCauseGradualDegradationBits": "0", "EventData.ShutdownIsDegradation": "False", "EventData.ShutdownTimeChange": "0"}
{"EventID": "203", "Channel": "Microsoft-Windows-Diagnostics-Performance/Operational", "Provider_Name": "Microsoft-Windows-Diagnostics-Performance", "Computer": "DESKTOP-OFJ6N53", "TimeCreated": "2022-09-14 17:20:25.071829+00:00", "RecordID": "92", "Level": "3", "UserID": "S-1-5-19", "EventData.StartTime": "2022-09-14 17:10:58.387369+00:00", "EventData.NameLength": "12", "EventData.Name": "csp4service", "EventData.FriendlyNameLength": "0", "EventData.FriendlyName": null, "EventData.VersionLength": "0", "EventData.Version": null, "EventData.TotalTime": "4932", "EventData.DegradationTime": "932", "EventData.PathLength": "53", "EventData.Path": "\"c:\\program files\\security code\\csp\\csp4service.exe\"", "EventData.ProductNameLength": "0", "EventData.ProductName": null, "EventData.CompanyNameLength": "0", "EventData.CompanyName": null}
