{"EventID": "2006", "Channel": "Microsoft-Windows-Windows Firewall With Advanced Security/Firewall", "Provider_Name": "Microsoft-Windows-Windows Firewall With Advanced Security", "Computer": "DESKTOP-OFJ6N53", "TimeCreated": "2025-07-21 18:28:23.500898+00:00", "RecordID": "30959", "Level": "4", "UserID": "S-1-5-19", "EventData.RuleId": "{2A91D659-4C31-4715-BBD4-FEFC9694D40D}", "EventData.RuleName": "@{Microsoft.Windows.Photos_2025.11040.23001.0_x64__8wekyb3d8bbwe?ms-resource://Microsoft.Windows.Photos/Resources/AppStoreName}", "EventData.ModifyingUser": "S-1-5-80-3088073201-1464728630-1879813800-1107566885-823218052", "EventData.ModifyingApplication": "C:\\Windows\\System32\\svchost.exe"}
{"EventID": "2097", "Channel": "Microsoft-Windows-Windows Firewall With Advanced Security/Firewall", "Provider_Name": "Microsoft-Windows-Windows Firewall With Advanced Security", "Computer": "DESKTOP-OFJ6N53", "TimeCreated": "2025-07-21 18:28:23.505941+00:00", "RecordID": "30960", "Level": "4", "UserID": "S-1-5-19", "EventData.RuleId": "{2098EEC4-7350-4FD5-944C-74E1D75D1C96}", "EventData.RuleName": "@{Microsoft.Windows.Photos_2025.11070.8001.0_x64__8wekyb3d8bbwe?ms-resource://Microsoft.Windows.Photos/Resources/AppStoreName}", "EventData.Origin": "1", "EventData.ApplicationPath": null, "EventData.ServiceName": null, "EventData.Direction": "1", "EventData.Protocol": "256", "EventData.LocalPorts": null, "EventData.RemotePorts": null, "EventData.Action": "2", "EventData.Profiles": "2147483647", "EventData.LocalAddresses": "*", "EventData.RemoteAddresses": "*", "EventData.RemoteMachineAuthorizationList": null, "EventData.RemoteUserAuthorizationList": null, "EventData.EmbeddedContext": "@{Microsoft.Windows.Photos_2025.11070.8001.0_x64__8wekyb3d8bbwe?ms-resource://Microsoft.Windows.Photos/Resources/AppStoreName}", "EventData.Flags": "1", "EventData.Active": "1", "EventData.EdgeTraversal": "0", "EventData.LooseSourceMapped": "0", "EventData.SecurityOptions": "0", "EventData.ModifyingUser": "S-1-5-80-3088073201-1464728630-1879813800-1107566885-823218052", "EventData.ModifyingApplication": "C:\\Windows\\System32\\svchost.exe", "EventData.SchemaVersion": "542", "EventData.RuleStatus": "65536", "EventData.LocalOnlyMapped": "0", "EventData.PolicyAppId": null}
{"EventID": "2097", "Channel": "Microsoft-Windows-Windows Firewall With Advanced Security/Firewall", "Provider_Name": "Microsoft-Windows-Windows Firewall With Advanced Security", "Computer": "DESKTOP-OFJ6N53", "TimeCreated": "2025-07-21 18:28:23.508728+00:00", "RecordID": "30961", "Level": "4", "UserID": "S-1-5-19", "EventData.RuleId": "{79514398-1AED-49A1-B788-B879E8330147}", "EventData.RuleName": "@{Microsoft.Windows.Photos_2025.11070.8001.0_x64__8wekyb3d8bbwe?ms-resource://Microsoft.Windows.Photos/Resources/AppStoreName}", "EventData.Origin": "1", "EventData.ApplicationPath": null, "EventData.ServiceName": null, "EventData.Direction": "2", "EventData.Protocol": "256", "EventData.LocalPorts": null, "EventData.RemotePorts": null, "EventData.Action": "2", "EventData.Profiles": "2147483647", "EventData.LocalAddresses": "*", "EventData.RemoteAddresses": "*", "EventData.RemoteMachineAuthorizationList": null, "EventData.RemoteUserAuthorizationList": null, "EventData.EmbeddedContext": "@{Microsoft.Windows.Photos_2025.11070.8001.0_x64__8wekyb3d8bbwe?ms-resource://Microsoft.Windows.Photos/Resources/AppStoreName}", "EventData.Flags": "1", "EventData.Active": "1", "EventData.EdgeTraversal": "0", "EventData.LooseSourceMapped": "0", "EventData.SecurityOptions": "0", "EventData.ModifyingUser": "S-1-5-80-3088073201-1464728630-1879813800-1107566885-823218052", "EventData.ModifyingApplication": "C:\\Windows\\System32\\svchost.exe", "EventData.SchemaVersion": "542", "EventData.RuleStatus": "65536", "EventData.LocalOnlyMapped": "0", "EventData.PolicyAppId": null}
{"EventID": "2006", "Channel": "Microsoft-Windows-Windows Firewall With Advanced Security/Firewall", "Provider_Name": "Microsoft-Windows-Windows Firewall With Advanced Security", "Computer": "DESKTOP-OFJ6N53", "TimeCreated": "2025-07-23 08:41:08.193199+00:00", "RecordID": "30962", "Level": "4", "UserID": "S-1-5-19", "EventData.RuleId": "{9FBAFAEF-EE2D-4870-9BFD-36A3DA8BF6AB}", "EventData.RuleName": "Game Bar", "EventData.ModifyingUser": "S-1-5-80-3088073201-1464728630-1879813800-1107566885-823218052", "EventData.ModifyingApplication": "C:\\Windows\\System32\\svchost.exe"}
{"EventID": "2006", "Channel": "Microsoft-Windows-Windows Firewall With Advanced Security/Firewall", "Provider_Name": "Microsoft-Windows-Windows Firewall With Advanced Security", "Computer": "DESKTOP-OFJ6N53", "TimeCreated": "2025-07-23 08:41:08.193945+00:00", "RecordID": "30963", "Level": "4", "UserID": "S-1-5-19", "EventData.RuleId": "{6DF46886-BABD-4443-AF0D-D5E340F0C0C0}", "EventData.RuleName": "Game Bar", "EventData.ModifyingUser": "S-1-5-80-3088073201-1464728630-1879813800-1107566885-823218052", "EventData.ModifyingApplication": "C:\\Windows\\System32\\svchost.exe"}
{"EventID": "2006", "Channel": "Microsoft-Windows-Windows Firewall With Advanced Security/Firewall", "Provider_Name": "Microsoft-Windows-Windows Firewall With Advanced Security", "Computer": "DESKTOP-OFJ6N53", "TimeCreated": "2025-07-23 08:41:08.194553+00:00", "RecordID": "30964", "Level": "4", "UserID": "S-1-5-19", "EventData.RuleId": "{BD595608-9F3B-4F4C-812E-0877F5E435E9}", "EventData.RuleName": "Game Bar", "EventData.ModifyingUser": "S-1-5-80-3088073201-1464728630-1879813800-1107566885-823218052", "EventData.ModifyingApplication": "C:\\Windows\\System32\\svchost.exe"}
{"EventID": "2006", "Channel": "Microsoft-Windows-Windows Firewall With Advanced Security/Firewall", "Provider_Name": "Microsoft-Windows-Windows Firewall With Advanced Security", "Computer": "DESKTOP-OFJ6N53", "TimeCreated": "2025-07-23 08:41:08.195585+00:00", "RecordID": "30965", "Level": "4", "UserID": "S-1-5-19", "EventData.RuleId": "{20DB06B2-5376-4635-8836-19ADAF9B796A}", "EventData.RuleName": "Game Bar", "EventData.ModifyingUser": "S-1-5-80-3088073201-1464728630-1879813800-1107566885-823218052", "EventData.ModifyingApplication": "C:\\Windows\\System32\\svchost.exe"}
{"EventID": "2006", "Channel": "Microsoft-Windows-Windows Firewall With Advanced Security/Firewall", "Provider_Name": "Microsoft-Windows-Windows Firewall With Advanced Security", "Computer": "DESKTOP-OFJ6N53", "TimeCreated": "2025-07-23 08:41:08.196262+00:00", "RecordID": "30966", "Level": "4", "UserID": "S-1-5-19", "EventData.RuleId": "{E72EE5E6-49D9-40EE-9A82-E2CA0C2FB932}", "EventData.RuleName": "Game Bar", "EventData.ModifyingUser": "S-1-5-80-3088073201-1464728630-1879813800-1107566885-823218052", "EventData.ModifyingApplication": "C:\\Windows\\System32\\svchost.exe"}
{"EventID": "2006", "Channel": "Microsoft-Windows-Windows Firewall With Advanced Security/Firewall", "Provider_Name": "Microsoft-Windows-Windows Firewall With Advanced Security", "Computer": "DESKTOP-OFJ6N53", "TimeCreated": "2025-07-23 08:41:08.196890+00:00", "RecordID": "30967", "Level": "4", "UserID": "S-1-5-19", "EventData.RuleId": "{E2E2A1DD-A388-4961-ADC3-4617355985CC}", "EventData.RuleName": "Game Bar", "EventData.ModifyingUser": "S-1-5-80-3088073201-1464728630-1879813800-1107566885-823218052", "EventData.ModifyingApplication": "C:\\Windows\\System32\\svchost.exe"}
{"EventID": "2006", "Channel": "Microsoft-Windows-Windows Firewall With Advanced Security/Firewall", "Provider_Name": "Microsoft-Windows-Windows Firewall With Advanced Security", "Computer": "DESKTOP-OFJ6N53", "TimeCreated": "2025-07-23 08:41:08.197514+00:00", "RecordID": "30968", "Level": "4", "UserID": "S-1-5-19", "EventData.RuleId": "{BC71A2E2-2914-4607-BDD3-30942C0EF96E}", "EventData.RuleName": "Game Bar", "EventData.ModifyingUser": "S-1-5-80-3088073201-1464728630-1879813800-1107566885-823218052", "EventData.ModifyingApplication": "C:\\Windows\\System32\\svchost.exe"}
{"EventID": "2006", "Channel": "Microsoft-Windows-Windows Firewall With Advanced Security/Firewall", "Provider_Name": "Microsoft-Windows-Windows Firewall With Advanced Security", "Computer": "DESKTOP-OFJ6N53", "TimeCreated": "2025-07-23 08:41:08.198072+00:00", "RecordID": "30969", "Level": "4", "UserID": "S-1-5-19", "EventData.RuleId": "{3260B616-7BEF-4502-BE0A-65FECA30DE95}", "EventData.RuleName": "Game Bar", "EventData.ModifyingUser": "S-1-5-80-3088073201-1464728630-1879813800-1107566885-823218052", "EventData.ModifyingApplication": "C:\\Windows\\System32\\svchost.exe"}
{"EventID": "2006", "Channel": "Microsoft-Windows-Windows Firewall With Advanced Security/Firewall", "Provider_Name": "Microsoft-Windows-Windows Firewall With Advanced Security", "Computer": "DESKTOP-OFJ6N53", "TimeCreated": "2025-07-23 08:41:08.199839+00:00", "RecordID": "30970", "Level": "4", "UserID": "S-1-5-19", "EventData.RuleId": "{4E7A209E-EFDD-42B8-A425-1DD65E976E1C}", "EventData.RuleName": "Game Bar", "EventData.ModifyingUser": "S-1-5-80-3088073201-1464728630-1879813800-1107566885-823218052", "EventData.ModifyingApplication": "C:\\Windows\\System32\\svchost.exe"}
{"EventID": "2006", "Channel": "Microsoft-Windows-Windows Firewall With Advanced Security/Firewall", "Provider_Name": "Microsoft-Windows-Windows Firewall With Advanced Security", "Computer": "DESKTOP-OFJ6N53", "TimeCreated": "2025-07-23 08:41:08.200890+00:00", "RecordID": "30971", "Level": "4", "UserID": "S-1-5-19", "EventData.RuleId": "{AAF80825-72F9-49A8-B2DC-7A0FD40F5010}", "EventData.RuleName": "Game Bar", "EventData.ModifyingUser": "S-1-5-80-3088073201-1464728630-1879813800-1107566885-823218052", "EventData.ModifyingApplication": "C:\\Windows\\System32\\svchost.exe"}
{"EventID": "2097", "Channel": "Microsoft-Windows-Windows Firewall With Advanced Security/Firewall", "Provider_Name": "Microsoft-Windows-Windows Firewall With Advanced Security", "Computer": "DESKTOP-OFJ6N53", "TimeCreated": "2025-07-23 08:41:08.203781+00:00", "RecordID": "30972", "Level": "4", "UserID": "S-1-5-19", "EventData.RuleId": "{5EF99935-BB2A-44E7-973B-BEF4D88A3B14}", "EventData.RuleName": "Game Bar", "EventData.Origin": "1", "EventData.ApplicationPath": null, "EventData.ServiceName": null, "EventData.Direction": "1", "EventData.Protocol": "256", "EventData.LocalPorts": null, "EventData.RemotePorts": null, "EventData.Action": "2", "EventData.Profiles": "2147483647", "EventData.LocalAddresses": "*", "EventData.RemoteAddresses": "*", "EventData.RemoteMachineAuthorizationList": null, "EventData.RemoteUserAuthorizationList": null, "EventData.EmbeddedContext": "Game Bar", "EventData.Flags": "1", "EventData.Active": "1", "EventData.EdgeTraversal": "0", "EventData.LooseSourceMapped": "0", "EventData.SecurityOptions": "0", "EventData.ModifyingUser": "S-1-5-80-3088073201-1464728630-1879813800-1107566885-823218052", "EventData.ModifyingApplication": "C:\\Windows\\System32\\svchost.exe", "EventData.SchemaVersion": "542", "EventData.RuleStatus": "65536", "EventData.LocalOnlyMapped": "0", "EventData.PolicyAppId": null}
{"EventID": "2097", "Channel": "Microsoft-Windows-Windows Firewall With Advanced Security/Firewall", "Provider_Name": "Microsoft-Windows-Windows Firewall With Advanced Security", "Computer": "DESKTOP-OFJ6N53", "TimeCreated": "2025-07-23 08:41:08.205128+00:00", "RecordID": "30973", "Level": "4", "UserID": "S-1-5-19", "EventData.RuleId": "{AD3C4B7E-5AA9-4B01-BDBB-82F153CF3AF4}", "EventData.RuleName": "Game Bar", "EventData.Origin": "1", "EventData.ApplicationPath": null, "EventData.ServiceName": null, "EventData.Direction": "2", "EventData.Protocol": "256", "EventData.LocalPorts": null, "EventData.RemotePorts": null, "EventData.Action": "2", "EventData.Profiles": "2147483647", "EventData.LocalAddresses": "*", "EventData.RemoteAddresses": "*", "EventData.RemoteMachineAuthorizationList": null, "EventData.RemoteUserAuthorizationList": null, "EventData.EmbeddedContext": "Game Bar", "EventData.Flags": "1", "EventData.Active": "1", "EventData.EdgeTraversal": "0", "EventData.LooseSourceMapped": "0", "EventData.SecurityOptions": "0", "EventData.ModifyingUser": "S-1-5-80-3088073201-1464728630-1879813800-1107566885-823218052", "EventData.ModifyingApplication": "C:\\Windows\\System32\\svchost.exe", "EventData.SchemaVersion": "542", "EventData.RuleStatus": "65536", "EventData.LocalOnlyMapped": "0", "EventData.PolicyAppId": null}
{"EventID": "2097", "Channel": "Microsoft-Windows-Windows Firewall With Advanced Security/Firewall", "Provider_Name": "Microsoft-Windows-Windows Firewall With Advanced Security", "Computer": "DESKTOP-OFJ6N53", "TimeCreated": "2025-07-23 08:41:08.206524+00:00", "RecordID": "30974", "Level": "4", "UserID": "S-1-5-19", "EventData.RuleId": "{2FD42F06-E33F-47AC-82CD-CF85F1949154}", "EventData.RuleName": "Game Bar", "EventData.Origin": "1", "EventData.ApplicationPath": null, "EventData.ServiceName": null, "EventData.Direction": "1", "EventData.Protocol": "256", "EventData.LocalPorts": null, "EventData.RemotePorts": null, "EventData.Action": "3", "EventData.Profiles": "7", "EventData.LocalAddresses": "*", "EventData.RemoteAddresses": "*", "EventData.RemoteMachineAuthorizationList": null, "EventData.RemoteUserAuthorizationList": null, "EventData.EmbeddedContext": "Game Bar", "EventData.Flags": "1", "EventData.Active": "1", "EventData.EdgeTraversal": "0", "EventData.LooseSourceMapped": "0", "EventData.SecurityOptions": "0", "EventData.ModifyingUser": "S-1-5-80-3088073201-1464728630-1879813800-1107566885-823218052", "EventData.ModifyingApplication": "C:\\Windows\\System32\\svchost.exe", "EventData.SchemaVersion": "542", "EventData.RuleStatus": "65536", "EventData.LocalOnlyMapped": "0", "EventData.PolicyAppId": null}
{"EventID": "2097", "Channel": "Microsoft-Windows-Windows Firewall With Advanced Security/Firewall", "Provider_Name": "Microsoft-Windows-Windows Firewall With Advanced Security", "Computer": "DESKTOP-OFJ6N53", "TimeCreated": "2025-07-23 08:41:08.207880+00:00", "RecordID": "30975", "Level": "4", "UserID": "S-1-5-19", "EventData.RuleId": "{D6672186-B1E2-4F66-83B0-1A03C958E7AF}", "EventData.RuleName": "Game Bar", "EventData.Origin": "1", "EventData.ApplicationPath": null, "EventData.ServiceName": null, "EventData.Direction": "2", "EventData.Protocol": "256", "EventData.LocalPorts": null, "EventData.RemotePorts": null, "EventData.Action": "3", "EventData.Profiles": "7", "EventData.LocalAddresses": "*", "EventData.RemoteAddresses": "*", "EventData.RemoteMachineAuthorizationList": null, "EventData.RemoteUserAuthorizationList": null, "EventData.EmbeddedContext": "Game Bar", "EventData.Flags": "1", "EventData.Active": "1", "EventData.EdgeTraversal": "0", "EventData.LooseSourceMapped": "0", "EventData.SecurityOptions": "0", "EventData.ModifyingUser": "S-1-5-80-3088073201-1464728630-1879813800-1107566885-823218052", "EventData.ModifyingApplication": "C:\\Windows\\System32\\svchost.exe", "EventData.SchemaVersion": "542", "EventData.RuleStatus": "65536", "EventData.LocalOnlyMapped": "0", "EventData.PolicyAppId": null}
{"EventID": "2097", "Channel": "Microsoft-Windows-Windows Firewall With Advanced Security/Firewall", "Provider_Name": "Microsoft-Windows-Windows Firewall With Advanced Security", "Computer": "DESKTOP-OFJ6N53", "TimeCreated": "2025-07-23 08:41:08.209238+00:00", "RecordID": "30976", "Level": "4", "UserID": "S-1-5-19", "EventData.RuleId": "{A0F88D9B-0B08-4002-B49B-37A194D7E8F8}", "EventData.RuleName": "Game Bar", "EventData.Origin": "1", "EventData.ApplicationPath": null, "EventData.ServiceName": null, "EventData.Direction": "1", "EventData.Protocol": "256", "EventData.LocalPorts": null, "EventData.RemotePorts": null, "EventData.Action": "3", "EventData.Profiles": "6", "EventData.LocalAddresses": "*", "EventData.RemoteAddresses": "*", "EventData.RemoteMachineAuthorizationList": null, "EventData.RemoteUserAuthorizationList": null, "EventData.EmbeddedContext": "Game Bar", "EventData.Flags": "3", "EventData.Active": "1", "EventData.EdgeTraversal": "0", "EventData.LooseSourceMapped": "0", "EventData.SecurityOptions": "1", "EventData.ModifyingUser": "S-1-5-80-3088073201-1464728630-1879813800-1107566885-823218052", "EventData.ModifyingApplication": "C:\\Windows\\System32\\svchost.exe", "EventData.SchemaVersion": "542", "EventData.RuleStatus": "65536", "EventData.LocalOnlyMapped": "0", "EventData.PolicyAppId": null}
{"EventID": "2097", "Channel": "Microsoft-Windows-Windows Firewall With Advanced Security/Firewall", "Provider_Name": "Microsoft-Windows-Windows Firewall With Advanced Security", "Computer": "DESKTOP-OFJ6N53", "TimeCreated": "2025-07-23 08:41:08.210690+00:00", "RecordID": "30977", "Level": "4", "UserID": "S-1-5-19", "EventData.RuleId": "{46D7DF7E-4603-4F40-9E43-931D74AA6EAB}", "EventData.RuleName": "Game Bar", "EventData.Origin": "1", "EventData.ApplicationPath": null, "EventData.ServiceName": null, "EventData.Direction": "2", "EventData.Protocol": "256", "EventData.LocalPorts": null, "EventData.RemotePorts": null, "EventData.Action": "3", "EventData.Profiles": "6", "EventData.LocalAddresses": "*", "EventData.RemoteAddresses": "*", "EventData.RemoteMachineAuthorizationList": null, "EventData.RemoteUserAuthorizationList": null, "EventData.EmbeddedContext": "Game Bar", "EventData.Flags": "3", "EventData.Active": "1", "EventData.EdgeTraversal": "0", "EventData.LooseSourceMapped": "0", "EventData.SecurityOptions": "1", "EventData.ModifyingUser": "S-1-5-80-3088073201-1464728630-1879813800-1107566885-823218052", "EventData.ModifyingApplication": "C:\\Windows\\System32\\svchost.exe", "EventData.SchemaVersion": "542", "EventData.RuleStatus": "65536", "EventData.LocalOnlyMapped": "0", "EventData.PolicyAppId": null}
{"EventID": "2097", "Channel": "Microsoft-Windows-Windows Firewall With Advanced Security/Firewall", "Provider_Name": "Microsoft-Windows-Windows Firewall With Advanced Security", "Computer": "DESKTOP-OFJ6N53", "TimeCreated": "2025-07-23 08:41:08.212288+00:00", "RecordID": "30978", "Level": "4", "UserID": "S-1-5-19", "EventData.RuleId": "{62583F22-D7C8-4C02-9FDC-40EE250896BE}", "EventData.RuleName": "Game Bar", "EventData.Origin": "1", "EventData.ApplicationPath": null, "EventData.ServiceName": null, "EventData.Direction": "1", "EventData.Protocol": "256", "EventData.LocalPorts": null, "EventData.RemotePorts": null, "EventData.Action": "3", "EventData.Profiles": "7", "EventData.LocalAddresses": "*", "EventData.RemoteAddresses": "*", "EventData.RemoteMachineAuthorizationList": null, "EventData.RemoteUserAuthorizationList": null, "EventData.EmbeddedContext": "Game Bar", "EventData.Flags": "1", "EventData.Active": "1", "EventData.EdgeTraversal": "0", "EventData.LooseSourceMapped": "0", "EventData.SecurityOptions": "0", "EventData.ModifyingUser": "S-1-5-80-3088073201-1464728630-1879813800-1107566885-823218052", "EventData.ModifyingApplication": "C:\\Windows\\System32\\svchost.exe", "EventData.SchemaVersion": "542", "EventData.RuleStatus": "65536", "EventData.LocalOnlyMapped": "0", "EventData.PolicyAppId": null}
{"EventID": "2097", "Channel": "Microsoft-Windows-Windows Firewall With Advanced Security/Firewall", "Provider_Name": "Microsoft-Windows-Windows Firewall With Advanced Security", "Computer": "DESKTOP-OFJ6N53", "TimeCreated": "2025-07-23 08:41:08.213835+00:00", "RecordID": "30979", "Level": "4", "UserID": "S-1-5-19", "EventData.RuleId": "{C384A5EB-2D7F-47B4-92A8-55EDBBC2669F}", "EventData.RuleName": "Game Bar", "EventData.Origin": "1", "EventData.ApplicationPath": null, "EventData.ServiceName": null, "EventData.Direction": "2", "EventData.Protocol": "256", "EventData.LocalPorts": null, "EventData.RemotePorts": null, "EventData.Action": "3", "EventData.Profiles": "7", "EventData.LocalAddresses": "*", "EventData.RemoteAddresses": "*", "EventData.RemoteMachineAuthorizationList": null, "EventData.RemoteUserAuthorizationList": null, "EventData.EmbeddedContext": "Game Bar", "EventData.Flags": "1", "EventData.Active": "1", "EventData.EdgeTraversal": "0", "EventData.LooseSourceMapped": "0", "EventData.SecurityOptions": "0", "EventData.ModifyingUser": "S-1-5-80-3088073201-1464728630-1879813800-1107566885-823218052", "EventData.ModifyingApplication": "C:\\Windows\\System32\\svchost.exe", "EventData.SchemaVersion": "542", "EventData.RuleStatus": "65536", "EventData.LocalOnlyMapped": "0", "EventData.PolicyAppId": null}
{"EventID": "2097", "Channel": "Microsoft-Windows-Windows Firewall With Advanced Security/Firewall", "Provider_Name": "Microsoft-Windows-Windows Firewall With Advanced Security", "Computer": "DESKTOP-OFJ6N53", "TimeCreated": "2025-07-23 08:41:08.270031+00:00", "RecordID": "30980", "Level": "4", "UserID": "S-1-5-19", "EventData.RuleId": "{526264FE-84FC-4C2B-A479-A4B5E07BD71C}", "EventData.RuleName": "Game Bar", "EventData.Origin": "1", "EventData.ApplicationPath": null, "EventData.ServiceName": null, "EventData.Direction": "2", "EventData.Protocol": "256", "EventData.LocalPorts": null, "EventData.RemotePorts": null, "EventData.Action": "3", "EventData.Profiles": "7", "EventData.LocalAddresses": "*", "EventData.RemoteAddresses": "*", "EventData.RemoteMachineAuthorizationList": null, "EventData.RemoteUserAuthorizationList": null, "EventData.EmbeddedContext": "Game Bar", "EventData.Flags": "1", "EventData.Active": "1", "EventData.EdgeTraversal": "0", "EventData.LooseSourceMapped": "0", "EventData.SecurityOptions": "0", "EventData.ModifyingUser": "S-1-5-80-3088073201-1464728630-1879813800-1107566885-823218052", "EventData.ModifyingApplication": "C:\\Windows\\System32\\svchost.exe", "EventData.SchemaVersion": "542", "EventData.RuleStatus": "65536", "EventData.LocalOnlyMapped": "0", "EventData.PolicyAppId": null}
{"EventID": "2097", "Channel": "Microsoft-Windows-Windows Firewall With Advanced Security/Firewall", "Provider_Name": "Microsoft-Windows-Windows Firewall With Advanced Security", "Computer": "DESKTOP-OFJ6N53", "TimeCreated": "2025-07-23 08:41:08.272263+00:00", "RecordID": "30981", "Level": "4", "UserID": "S-1-5-19", "EventData.RuleId": "{D0D8CE84-4DCF-4BD2-9BCC-553A4F94A0D8}", "EventData.RuleName": "Game Bar", "EventData.Origin": "1", "EventData.ApplicationPath": null, "EventData.ServiceName": null, "EventData.Direction": "1", "EventData.Protocol": "256", "EventData.LocalPorts": null, "EventData.RemotePorts": null, "EventData.Action": "3", "EventData.Profiles": "7", "EventData.LocalAddresses": "*", "EventData.RemoteAddresses": "*", "EventData.RemoteMachineAuthorizationList": null, "EventData.RemoteUserAuthorizationList": null, "EventData.EmbeddedContext": "Game Bar", "EventData.Flags": "9", "EventData.Active": "1", "EventData.EdgeTraversal": "1", "EventData.LooseSourceMapped": "0", "EventData.SecurityOptions": "0", "EventData.ModifyingUser": "S-1-5-80-3088073201-1464728630-1879813800-1107566885-823218052", "EventData.ModifyingApplication": "C:\\Windows\\System32\\svchost.exe", "EventData.SchemaVersion": "542", "EventData.RuleStatus": "65536", "EventData.LocalOnlyMapped": "0", "EventData.PolicyAppId": null}
{"EventID": "2006", "Channel": "Microsoft-Windows-Windows Firewall With Advanced Security/Firewall", "Provider_Name": "Microsoft-Windows-Windows Firewall With Advanced Security", "Computer": "DESKTOP-OFJ6N53", "TimeCreated": "2025-07-23 08:41:18.628113+00:00", "RecordID": "30982", "Level": "4", "UserID": "S-1-5-19", "EventData.RuleId": "{CAC9AD13-69CC-4DF3-A491-562F14540E83}", "EventData.RuleName": "@{Microsoft.YourPhone_1.25061.44.0_x64__8wekyb3d8bbwe?ms-resource://Microsoft.YourPhone/Resources/AppName}", "EventData.ModifyingUser": "S-1-5-80-3088073201-1464728630-1879813800-1107566885-823218052", "EventData.ModifyingApplication": "C:\\Windows\\System32\\svchost.exe"}
{"EventID": "2006", "Channel": "Microsoft-Windows-Windows Firewall With Advanced Security/Firewall", "Provider_Name": "Microsoft-Windows-Windows Firewall With Advanced Security", "Computer": "DESKTOP-OFJ6N53", "TimeCreated": "2025-07-23 08:41:18.629614+00:00", "RecordID": "30983", "Level": "4", "UserID": "S-1-5-19", "EventData.RuleId": "{AAC559AC-3C42-423E-9091-ED59DEF891CB}", "EventData.RuleName": "@{Microsoft.YourPhone_1.25061.44.0_x64__8wekyb3d8bbwe?ms-resource://Microsoft.YourPhone/Resources/AppName}", "EventData.ModifyingUser": "S-1-5-80-3088073201-1464728630-1879813800-1107566885-823218052", "EventData.ModifyingApplication": "C:\\Windows\\System32\\svchost.exe"}
{"EventID": "2097", "Channel": "Microsoft-Windows-Windows Firewall With Advanced Security/Firewall", "Provider_Name": "Microsoft-Windows-Windows Firewall With Advanced Security", "Computer": "DESKTOP-OFJ6N53", "TimeCreated": "2025-07-23 08:41:18.634331+00:00", "RecordID": "30984", "Level": "4", "UserID": "S-1-5-19", "EventData.RuleId": "{7DC3DCA5-08F7-464C-9425-CA90FA4FE7FC}", "EventData.RuleName": "@{Microsoft.YourPhone_1.25061.45.0_x64__8wekyb3d8bbwe?ms-resource://Microsoft.YourPhone/Resources/AppName}", "EventData.Origin": "1", "EventData.ApplicationPath": null, "EventData.ServiceName": null, "EventData.Direction": "1", "EventData.Protocol": "256", "EventData.LocalPorts": null, "EventData.RemotePorts": null, "EventData.Action": "2", "EventData.Profiles": "2147483647", "EventData.LocalAddresses": "*", "EventData.RemoteAddresses": "*", "EventData.RemoteMachineAuthorizationList": null, "EventData.RemoteUserAuthorizationList": null, "EventData.EmbeddedContext": "@{Microsoft.YourPhone_1.25061.45.0_x64__8wekyb3d8bbwe?ms-resource://Microsoft.YourPhone/Resources/AppName}", "EventData.Flags": "1", "EventData.Active": "1", "EventData.EdgeTraversal": "0", "EventData.LooseSourceMapped": "0", "EventData.SecurityOptions": "0", "EventData.ModifyingUser": "S-1-5-80-3088073201-1464728630-1879813800-1107566885-823218052", "EventData.ModifyingApplication": "C:\\Windows\\System32\\svchost.exe", "EventData.SchemaVersion": "542", "EventData.RuleStatus": "65536", "EventData.LocalOnlyMapped": "0", "EventData.PolicyAppId": null}
{"EventID": "2097", "Channel": "Microsoft-Windows-Windows Firewall With Advanced Security/Firewall", "Provider_Name": "Microsoft-Windows-Windows Firewall With Advanced Security", "Computer": "DESKTOP-OFJ6N53", "TimeCreated": "2025-07-23 08:41:18.636852+00:00", "RecordID": "30985", "Level": "4", "UserID": "S-1-5-19", "EventData.RuleId": "{2C5DB1DF-45D3-4215-A531-B27B3161FD00}", "EventData.RuleName": "@{Microsoft.YourPhone_1.25061.45.0_x64__8wekyb3d8bbwe?ms-resource://Microsoft.YourPhone/Resources/AppName}", "EventData.Origin": "1", "EventData.ApplicationPath": null, "EventData.ServiceName": null, "EventData.Direction": "2", "EventData.Protocol": "256", "EventData.LocalPorts": null, "EventData.RemotePorts": null, "EventData.Action": "2", "EventData.Profiles": "2147483647", "EventData.LocalAddresses": "*", "EventData.RemoteAddresses": "*", "EventData.RemoteMachineAuthorizationList": null, "EventData.RemoteUserAuthorizationList": null, "EventData.EmbeddedContext": "@{Microsoft.YourPhone_1.25061.45.0_x64__8wekyb3d8bbwe?ms-resource://Microsoft.YourPhone/Resources/AppName}", "EventData.Flags": "1", "EventData.Active": "1", "EventData.EdgeTraversal": "0", "EventData.LooseSourceMapped": "0", "EventData.SecurityOptions": "0", "EventData.ModifyingUser": "S-1-5-80-3088073201-1464728630-1879813800-1107566885-823218052", "EventData.ModifyingApplication": "C:\\Windows\\System32\\svchost.exe", "EventData.SchemaVersion": "542", "EventData.RuleStatus": "65536", "EventData.LocalOnlyMapped": "0", "EventData.PolicyAppId": null}
{"EventID": "2097", "Channel": "Microsoft-Windows-Windows Firewall With Advanced Security/Firewall", "Provider_Name": "Microsoft-Windows-Windows Firewall With Advanced Security", "Computer": "DESKTOP-OFJ6N53", "TimeCreated": "2025-07-23 15:40:29.080231+00:00", "RecordID": "30986", "Level": "4", "UserID": "S-1-5-19", "EventData.RuleId": "adeca3ba-223d-4843-b701-e7d52aaa8ed1", "EventData.RuleName": "Входящее правило ограничения службы для WinDefend", "EventData.Origin": "1", "EventData.ApplicationPath": "C:\\ProgramData\\Microsoft\\Windows Defender\\Platform\\4.18.25060.7-0\\MsMpEng.exe", "EventData.ServiceName": "WinDefend", "EventData.Direction": "1", "EventData.Protocol": "256", "EventData.LocalPorts": null, "EventData.RemotePorts": null, "EventData.Action": "2", "EventData.Profiles": "2147483647", "EventData.LocalAddresses": "*", "EventData.RemoteAddresses": "*", "EventData.RemoteMachineAuthorizationList": null, "EventData.RemoteUserAuthorizationList": null, "EventData.EmbeddedContext": null, "EventData.Flags": "1", "EventData.Active": "1", "EventData.EdgeTraversal": "0", "EventData.LooseSourceMapped": "0", "EventData.SecurityOptions": "0", "EventData.ModifyingUser": "S-1-5-18", "EventData.ModifyingApplication": "C:\\ProgramData\\Microsoft\\Windows Defender\\Platform\\4.18.25050.5-0\\MsMpEng.exe", "EventData.SchemaVersion": "542", "EventData.RuleStatus": "65536", "EventData.LocalOnlyMapped": "0", "EventData.PolicyAppId": null}
{"EventID": "2097", "Channel": "Microsoft-Windows-Windows Firewall With Advanced Security/Firewall", "Provider_Name": "Microsoft-Windows-Windows Firewall With Advanced Security", "Computer": "DESKTOP-OFJ6N53", "TimeCreated": "2025-07-23 15:40:29.083508+00:00", "RecordID": "30987", "Level": "4", "UserID": "S-1-5-19", "EventData.RuleId": "9c40a70b-7b2b-4857-918a-966ad97f0d31", "EventData.RuleName": "Исходящее правило ограничения службы для WinDefend", "EventData.Origin": "1", "EventData.ApplicationPath": "C:\\ProgramData\\Microsoft\\Windows Defender\\Platform\\4.18.25060.7-0\\MsMpEng.exe", "EventData.ServiceName": "WinDefend", "EventData.Direction": "2", "EventData.Protocol": "256", "EventData.LocalPorts": null, "EventData.RemotePorts": null, "EventData.Action": "2", "EventData.Profiles": "2147483647", "EventData.LocalAddresses": "*", "EventData.RemoteAddresses": "*", "EventData.RemoteMachineAuthorizationList": null, "EventData.RemoteUserAuthorizationList": null, "EventData.EmbeddedContext": null, "EventData.Flags": "1", "EventData.Active": "1", "EventData.EdgeTraversal": "0", "EventData.LooseSourceMapped": "0", "EventData.SecurityOptions": "0", "EventData.ModifyingUser": "S-1-5-18", "EventData.ModifyingApplication": "C:\\ProgramData\\Microsoft\\Windows Defender\\Platform\\4.18.25050.5-0\\MsMpEng.exe", "EventData.SchemaVersion": "542", "EventData.RuleStatus": "65536", "EventData.LocalOnlyMapped": "0", "EventData.PolicyAppId": null}
{"EventID": "2006", "Channel": "Microsoft-Windows-Windows Firewall With Advanced Security/Firewall", "Provider_Name": "Microsoft-Windows-Windows Firewall With Advanced Security", "Computer": "DESKTOP-OFJ6N53", "TimeCreated": "2025-07-23 15:40:29.085529+00:00", "RecordID": "30988", "Level": "4", "UserID": "S-1-5-19", "EventData.RuleId": "{2F96A9D7-8521-48DD-A579-29E8D82AA0A4}", "EventData.RuleName": "WinDefend Outbound for TCP", "EventData.ModifyingUser": "S-1-5-18", "EventData.ModifyingApplication": "C:\\ProgramData\\Microsoft\\Windows Defender\\Platform\\4.18.25050.5-0\\MsMpEng.exe"}
{"EventID": "2097", "Channel": "Microsoft-Windows-Windows Firewall With Advanced Security/Firewall", "Provider_Name": "Microsoft-Windows-Windows Firewall With Advanced Security", "Computer": "DESKTOP-OFJ6N53", "TimeCreated": "2025-07-23 15:40:29.101059+00:00", "RecordID": "30989", "Level": "4", "UserID": "S-1-5-19", "EventData.RuleId": "{0412F92D-0B7F-4E07-94A8-EDF3FC2CA20C}", "EventData.RuleName": "WinDefend Outbound for TCP", "EventData.Origin": "1", "EventData.ApplicationPath": "C:\\ProgramData\\Microsoft\\Windows Defender\\Platform\\4.18.25060.7-0\\MsMpEng.exe", "EventData.ServiceName": "WinDefend", "EventData.Direction": "2", "EventData.Protocol": "6", "EventData.LocalPorts": "*", "EventData.RemotePorts": "*", "EventData.Action": "3", "EventData.Profiles": "2147483647", "EventData.LocalAddresses": "*", "EventData.RemoteAddresses": "*", "EventData.RemoteMachineAuthorizationList": null, "EventData.RemoteUserAuthorizationList": null, "EventData.EmbeddedContext": null, "EventData.Flags": "1", "EventData.Active": "1", "EventData.EdgeTraversal": "0", "EventData.LooseSourceMapped": "0", "EventData.SecurityOptions": "0", "EventData.ModifyingUser": "S-1-5-18", "EventData.ModifyingApplication": "C:\\ProgramData\\Microsoft\\Windows Defender\\Platform\\4.18.25050.5-0\\MsMpEng.exe", "EventData.SchemaVersion": "542", "EventData.RuleStatus": "65536", "EventData.LocalOnlyMapped": "0", "EventData.PolicyAppId": null}
{"EventID": "2099", "Channel": "Microsoft-Windows-Windows Firewall With Advanced Security/Firewall", "Provider_Name": "Microsoft-Windows-Windows Firewall With Advanced Security", "Computer": "DESKTOP-OFJ6N53", "TimeCreated": "2025-07-24 20:23:09.424213+00:00", "RecordID": "30990", "Level": "4", "UserID": "S-1-5-19", "EventData.RuleId": "{718CA4EC-4EC6-42F6-9181-7B8E55F22523}", "EventData.RuleName": "d94e01fd-b0b4-417f-8e76-0c8a25b5b3f5", "EventData.Origin": "1", "EventData.ApplicationPath": "C:\\Program Files\\Google\\Chrome\\Application\\chrome.exe", "EventData.ServiceName": null, "EventData.Direction": "1", "EventData.Protocol": "17", "EventData.LocalPorts": "5353", "EventData.RemotePorts": "*", "EventData.Action": "3", "EventData.Profiles": "2147483647", "EventData.LocalAddresses": "*", "EventData.RemoteAddresses": "*", "EventData.RemoteMachineAuthorizationList": null, "EventData.RemoteUserAuthorizationList": null, "EventData.EmbeddedContext": "Google Chrome", "EventData.Flags": "1", "EventData.Active": "1", "EventData.EdgeTraversal": "0", "EventData.LooseSourceMapped": "0", "EventData.SecurityOptions": "0", "EventData.ModifyingUser": "S-1-5-18", "EventData.ModifyingApplication": "C:\\Windows\\SystemTemp\\chrome_Unpacker_BeginUnzipping7292_1700641889\\CR_21DC9.tmp\\setup.exe", "EventData.SchemaVersion": "542", "EventData.RuleStatus": "65536", "EventData.LocalOnlyMapped": "0", "EventData.PolicyAppId": null}
{"EventID": "2006", "Channel": "Microsoft-Windows-Windows Firewall With Advanced Security/Firewall", "Provider_Name": "Microsoft-Windows-Windows Firewall With Advanced Security", "Computer": "DESKTOP-OFJ6N53", "TimeCreated": "2025-07-24 20:23:09.441517+00:00", "RecordID": "30991", "Level": "4", "UserID": "S-1-5-19", "EventData.RuleId": "{718CA4EC-4EC6-42F6-9181-7B8E55F22523}", "EventData.RuleName": "d94e01fd-b0b4-417f-8e76-0c8a25b5b3f5", "EventData.ModifyingUser": "S-1-5-18", "EventData.ModifyingApplication": "C:\\Windows\\SystemTemp\\chrome_Unpacker_BeginUnzipping7292_1700641889\\CR_21DC9.tmp\\setup.exe"}
{"EventID": "2097", "Channel": "Microsoft-Windows-Windows Firewall With Advanced Security/Firewall", "Provider_Name": "Microsoft-Windows-Windows Firewall With Advanced Security", "Computer": "DESKTOP-OFJ6N53", "TimeCreated": "2025-07-24 20:23:09.451180+00:00", "RecordID": "30992", "Level": "4", "UserID": "S-1-5-19", "EventData.RuleId": "{CEE4D560-9DBC-40ED-8844-AC3B20F6A22A}", "EventData.RuleName": "Google Chrome (mDNS-In)", "EventData.Origin": "1", "EventData.ApplicationPath": "C:\\Program Files\\Google\\Chrome\\Application\\chrome.exe", "EventData.ServiceName": null, "EventData.Direction": "1", "EventData.Protocol": "17", "EventData.LocalPorts": "5353", "EventData.RemotePorts": "*", "EventData.Action": "3", "EventData.Profiles": "2147483647", "EventData.LocalAddresses": "*", "EventData.RemoteAddresses": "*", "EventData.RemoteMachineAuthorizationList": null, "EventData.RemoteUserAuthorizationList": null, "EventData.EmbeddedContext": "Google Chrome", "EventData.Flags": "1", "EventData.Active": "1", "EventData.EdgeTraversal": "0", "EventData.LooseSourceMapped": "0", "EventData.SecurityOptions": "0", "EventData.ModifyingUser": "S-1-5-18", "EventData.ModifyingApplication": "C:\\Windows\\SystemTemp\\chrome_Unpacker_BeginUnzipping7292_1700641889\\CR_21DC9.tmp\\setup.exe", "EventData.SchemaVersion": "542", "EventData.RuleStatus": "65536", "EventData.LocalOnlyMapped": "0", "EventData.PolicyAppId": null}
{"EventID": "2033", "Channel": "Microsoft-Windows-Windows Firewall With Advanced Security/Firewall", "Provider_Name": "Microsoft-Windows-Windows Firewall With Advanced Security", "Computer": "DESKTOP-OFJ6N53", "TimeCreated": "2025-07-24 21:29:47.545843+00:00", "RecordID": "30993", "Level": "4", "UserID": "S-1-5-19", "EventData.Store Type": "12", "EventData.ModifyingUser": "S-1-5-80-3088073201-1464728630-1879813800-1107566885-823218052", "EventData.ModifyingApplication": "C:\\Windows\\System32\\svchost.exe"}
{"EventID": "2051", "Channel": "Microsoft-Windows-Windows Firewall With Advanced Security/Firewall", "Provider_Name": "Microsoft-Windows-Windows Firewall With Advanced Security", "Computer": "DESKTOP-OFJ6N53", "TimeCreated": "2025-07-24 21:29:47.545866+00:00", "RecordID": "30994", "Level": "4", "UserID": "S-1-5-19", "EventData.ErrorCode": "0", "EventData.PolicyChange": "0"}
{"EventID": "2010", "Channel": "Microsoft-Windows-Windows Firewall With Advanced Security/Firewall", "Provider_Name": "Microsoft-Windows-Windows Firewall With Advanced Security", "Computer": "DESKTOP-OFJ6N53", "TimeCreated": "2025-07-24 21:29:47.553778+00:00", "RecordID": "30995", "Level": "4", "UserID": "S-1-5-19", "EventData.InterfaceGuid": "{bed2c4be-ec11-4cc8-aafc-f0fd7a5e3a02}", "EventData.InterfaceName": "ethernet_32769", "EventData.OldProfile": "2147483649", "EventData.NewProfile": "2"}
{"EventID": "2002", "Channel": "Microsoft-Windows-Windows Firewall With Advanced Security/Firewall", "Provider_Name": "Microsoft-Windows-Windows Firewall With Advanced Security", "Computer": "DESKTOP-OFJ6N53", "TimeCreated": "2025-07-24 21:29:47.572598+00:00", "RecordID": "30996", "Level": "4", "UserID": "S-1-5-19", "EventData.SettingType": "2", "EventData.SettingValueSize": "4", "EventData.SettingValue": "AgAAAA==", "EventData.SettingValueDisplay": "Частный", "EventData.Origin": "1", "EventData.ModifyingUser": "S-1-5-80-3088073201-1464728630-1879813800-1107566885-823218052", "EventData.ModifyingApplication": null}
{"EventID": "2006", "Channel": "Microsoft-Windows-Windows Firewall With Advanced Security/Firewall", "Provider_Name": "Microsoft-Windows-Windows Firewall With Advanced Security", "Computer": "DESKTOP-OFJ6N53", "TimeCreated": "2025-07-24 21:30:31.687881+00:00", "RecordID": "30997", "Level": "4", "UserID": "S-1-5-19", "EventData.RuleId": "{7AE3CF0E-8291-457B-B06A-80525C42F789}", "EventData.RuleName": "Usermode Font Driver Host", "EventData.ModifyingUser": "S-1-5-80-3088073201-1464728630-1879813800-1107566885-823218052", "EventData.ModifyingApplication": "C:\\Windows\\System32\\svchost.exe"}
{"EventID": "2006", "Channel": "Microsoft-Windows-Windows Firewall With Advanced Security/Firewall", "Provider_Name": "Microsoft-Windows-Windows Firewall With Advanced Security", "Computer": "DESKTOP-OFJ6N53", "TimeCreated": "2025-07-24 21:30:31.688555+00:00", "RecordID": "30998", "Level": "4", "UserID": "S-1-5-19", "EventData.RuleId": "{ADF6F282-211C-4033-9E0D-E40080976A3E}", "EventData.RuleName": "Usermode Font Driver Host", "EventData.ModifyingUser": "S-1-5-80-3088073201-1464728630-1879813800-1107566885-823218052", "EventData.ModifyingApplication": "C:\\Windows\\System32\\svchost.exe"}
{"EventID": "2097", "Channel": "Microsoft-Windows-Windows Firewall With Advanced Security/Firewall", "Provider_Name": "Microsoft-Windows-Windows Firewall With Advanced Security", "Computer": "DESKTOP-OFJ6N53", "TimeCreated": "2025-07-24 21:30:31.693842+00:00", "RecordID": "30999", "Level": "4", "UserID": "S-1-5-19", "EventData.RuleId": "{B11BC01D-6513-4346-AA4E-5F797F12DE2E}", "EventData.RuleName": "Usermode Font Driver Host", "EventData.Origin": "1", "EventData.ApplicationPath": null, "EventData.ServiceName": null, "EventData.Direction": "1", "EventData.Protocol": "256", "EventData.LocalPorts": null, "EventData.RemotePorts": null, "EventData.Action": "2", "EventData.Profiles": "2147483647", "EventData.LocalAddresses": "*", "EventData.RemoteAddresses": "*", "EventData.RemoteMachineAuthorizationList": null, "EventData.RemoteUserAuthorizationList": null, "EventData.EmbeddedContext": "Usermode Font Driver Host", "EventData.Flags": "1", "EventData.Active": "1", "EventData.EdgeTraversal": "0", "EventData.LooseSourceMapped": "0", "EventData.SecurityOptions": "0", "EventData.ModifyingUser": "S-1-5-80-3088073201-1464728630-1879813800-1107566885-823218052", "EventData.ModifyingApplication": "C:\\Windows\\System32\\svchost.exe", "EventData.SchemaVersion": "542", "EventData.RuleStatus": "65536", "EventData.LocalOnlyMapped": "0", "EventData.PolicyAppId": null}
{"EventID": "2097", "Channel": "Microsoft-Windows-Windows Firewall With Advanced Security/Firewall", "Provider_Name": "Microsoft-Windows-Windows Firewall With Advanced Security", "Computer": "DESKTOP-OFJ6N53", "TimeCreated": "2025-07-24 21:30:31.695702+00:00", "RecordID": "31000", "Level": "4", "UserID": "S-1-5-19", "EventData.RuleId": "{1A1F523E-E743-4F9A-8C9D-B8746B36E83F}", "EventData.RuleName": "Usermode Font Driver Host", "EventData.Origin": "1", "EventData.ApplicationPath": null, "EventData.ServiceName": null, "EventData.Direction": "2", "EventData.Protocol": "256", "EventData.LocalPorts": null, "EventData.RemotePorts": null, "EventData.Action": "2", "EventData.Profiles": "2147483647", "EventData.LocalAddresses": "*", "EventData.RemoteAddresses": "*", "EventData.RemoteMachineAuthorizationList": null, "EventData.RemoteUserAuthorizationList": null, "EventData.EmbeddedContext": "Usermode Font Driver Host", "EventData.Flags": "1", "EventData.Active": "1", "EventData.EdgeTraversal": "0", "EventData.LooseSourceMapped": "0", "EventData.SecurityOptions": "0", "EventData.ModifyingUser": "S-1-5-80-3088073201-1464728630-1879813800-1107566885-823218052", "EventData.ModifyingApplication": "C:\\Windows\\System32\\svchost.exe", "EventData.SchemaVersion": "542", "EventData.RuleStatus": "65536", "EventData.LocalOnlyMapped": "0", "EventData.PolicyAppId": null}
{"EventID": "2006", "Channel": "Microsoft-Windows-Windows Firewall With Advanced Security/Firewall", "Provider_Name": "Microsoft-Windows-Windows Firewall With Advanced Security", "Computer": "DESKTOP-OFJ6N53", "TimeCreated": "2025-07-24 21:30:43.821423+00:00", "RecordID": "31001", "Level": "4", "UserID": "S-1-5-19", "EventData.RuleId": "{956BC651-7F8F-497C-8092-143C6D187CA7}", "EventData.RuleName": "@{Microsoft.Edge.GameAssist_1.0.3423.0_x64__8wekyb3d8bbwe?ms-resource://Microsoft.Edge.GameAssist/Resources/EdgeGameBarPackageDisplayName}", "EventData.ModifyingUser": "S-1-5-80-3088073201-1464728630-1879813800-1107566885-823218052", "EventData.ModifyingApplication": "C:\\Windows\\System32\\svchost.exe"}
{"EventID": "2006", "Channel": "Microsoft-Windows-Windows Firewall With Advanced Security/Firewall", "Provider_Name": "Microsoft-Windows-Windows Firewall With Advanced Security", "Computer": "DESKTOP-OFJ6N53", "TimeCreated": "2025-07-24 21:30:43.822100+00:00", "RecordID": "31002", "Level": "4", "UserID": "S-1-5-19", "EventData.RuleId": "{DF63EADA-AA49-4C15-9AE5-B73DBBDE7B89}", "EventData.RuleName": "@{Microsoft.Edge.GameAssist_1.0.3423.0_x64__8wekyb3d8bbwe?ms-resource://Microsoft.Edge.GameAssist/Resources/EdgeGameBarPackageDisplayName}", "EventData.ModifyingUser": "S-1-5-80-3088073201-1464728630-1879813800-1107566885-823218052", "EventData.ModifyingApplication": "C:\\Windows\\System32\\svchost.exe"}
{"EventID": "2006", "Channel": "Microsoft-Windows-Windows Firewall With Advanced Security/Firewall", "Provider_Name": "Microsoft-Windows-Windows Firewall With Advanced Security", "Computer": "DESKTOP-OFJ6N53", "TimeCreated": "2025-07-24 21:30:43.822676+00:00", "RecordID": "31003", "Level": "4", "UserID": "S-1-5-19", "EventData.RuleId": "{3A80B1AC-7F29-4D9B-8BD1-CA7F3A1008FC}", "EventData.RuleName": "@{Microsoft.Edge.GameAssist_1.0.3423.0_x64__8wekyb3d8bbwe?ms-resource://Microsoft.Edge.GameAssist/Resources/EdgeGameBarPackageDisplayName}", "EventData.ModifyingUser": "S-1-5-80-3088073201-1464728630-1879813800-1107566885-823218052", "EventData.ModifyingApplication": "C:\\Windows\\System32\\svchost.exe"}
{"EventID": "2006", "Channel": "Microsoft-Windows-Windows Firewall With Advanced Security/Firewall", "Provider_Name": "Microsoft-Windows-Windows Firewall With Advanced Security", "Computer": "DESKTOP-OFJ6N53", "TimeCreated": "2025-07-24 21:30:43.824080+00:00", "RecordID": "31004", "Level": "4", "UserID": "S-1-5-19", "EventData.RuleId": "{43DC7DF4-E2F9-4643-A00C-4A32C5FCD322}", "EventData.RuleName": "@{Microsoft.Edge.GameAssist_1.0.3423.0_x64__8wekyb3d8bbwe?ms-resource://Microsoft.Edge.GameAssist/Resources/EdgeGameBarPackageDisplayName}", "EventData.ModifyingUser": "S-1-5-80-3088073201-1464728630-1879813800-1107566885-823218052", "EventData.ModifyingApplication": "C:\\Windows\\System32\\svchost.exe"}
{"EventID": "2006", "Channel": "Microsoft-Windows-Windows Firewall With Advanced Security/Firewall", "Provider_Name": "Microsoft-Windows-Windows Firewall With Advanced Security", "Computer": "DESKTOP-OFJ6N53", "TimeCreated": "2025-07-24 21:30:44.215927+00:00", "RecordID": "31005", "Level": "4", "UserID": "S-1-5-19", "EventData.RuleId": "{CFB8AE12-D057-4441-8FDC-6B71BAF55BAB}", "EventData.RuleName": "Microsoft Edge", "EventData.ModifyingUser": "S-1-5-80-3088073201-1464728630-1879813800-1107566885-823218052", "EventData.ModifyingApplication": "C:\\Windows\\System32\\svchost.exe"}
{"EventID": "2006", "Channel": "Microsoft-Windows-Windows Firewall With Advanced Security/Firewall", "Provider_Name": "Microsoft-Windows-Windows Firewall With Advanced Security", "Computer": "DESKTOP-OFJ6N53", "TimeCreated": "2025-07-24 21:30:44.216885+00:00", "RecordID": "31006", "Level": "4", "UserID": "S-1-5-19", "EventData.RuleId": "{77507F17-7222-44A6-A023-02F552EEA165}", "EventData.RuleName": "Microsoft Edge", "EventData.ModifyingUser": "S-1-5-80-3088073201-1464728630-1879813800-1107566885-823218052", "EventData.ModifyingApplication": "C:\\Windows\\System32\\svchost.exe"}
{"EventID": "2097", "Channel": "Microsoft-Windows-Windows Firewall With Advanced Security/Firewall", "Provider_Name": "Microsoft-Windows-Windows Firewall With Advanced Security", "Computer": "DESKTOP-OFJ6N53", "TimeCreated": "2025-07-24 21:30:44.220671+00:00", "RecordID": "31007", "Level": "4", "UserID": "S-1-5-19", "EventData.RuleId": "{041B30B2-7537-4B73-B4E5-2EDE134EBBA3}", "EventData.RuleName": "Microsoft Edge", "EventData.Origin": "1", "EventData.ApplicationPath": null, "EventData.ServiceName": null, "EventData.Direction": "1", "EventData.Protocol": "256", "EventData.LocalPorts": null, "EventData.RemotePorts": null, "EventData.Action": "2", "EventData.Profiles": "2147483647", "EventData.LocalAddresses": "*", "EventData.RemoteAddresses": "*", "EventData.RemoteMachineAuthorizationList": null, "EventData.RemoteUserAuthorizationList": null, "EventData.EmbeddedContext": "Microsoft Edge", "EventData.Flags": "1", "EventData.Active": "1", "EventData.EdgeTraversal": "0", "EventData.LooseSourceMapped": "0", "EventData.SecurityOptions": "0", "EventData.ModifyingUser": "S-1-5-80-3088073201-1464728630-1879813800-1107566885-823218052", "EventData.ModifyingApplication": "C:\\Windows\\System32\\svchost.exe", "EventData.SchemaVersion": "542", "EventData.RuleStatus": "65536", "EventData.LocalOnlyMapped": "0", "EventData.PolicyAppId": null}
{"EventID": "2097", "Channel": "Microsoft-Windows-Windows Firewall With Advanced Security/Firewall", "Provider_Name": "Microsoft-Windows-Windows Firewall With Advanced Security", "Computer": "DESKTOP-OFJ6N53", "TimeCreated": "2025-07-24 21:30:44.222197+00:00", "RecordID": "31008", "Level": "4", "UserID": "S-1-5-19", "EventData.RuleId": "{C481FB7D-7ADD-412F-A63E-CC47762ABBF0}", "EventData.RuleName": "Microsoft Edge", "EventData.Origin": "1", "EventData.ApplicationPath": null, "EventData.ServiceName": null, "EventData.Direction": "2", "EventData.Protocol": "256", "EventData.LocalPorts": null, "EventData.RemotePorts": null, "EventData.Action": "2", "EventData.Profiles": "2147483647", "EventData.LocalAddresses": "*", "EventData.RemoteAddresses": "*", "EventData.RemoteMachineAuthorizationList": null, "EventData.RemoteUserAuthorizationList": null, "EventData.EmbeddedContext": "Microsoft Edge", "EventData.Flags": "1", "EventData.Active": "1", "EventData.EdgeTraversal": "0", "EventData.LooseSourceMapped": "0", "EventData.SecurityOptions": "0", "EventData.ModifyingUser": "S-1-5-80-3088073201-1464728630-1879813800-1107566885-823218052", "EventData.ModifyingApplication": "C:\\Windows\\System32\\svchost.exe", "EventData.SchemaVersion": "542", "EventData.RuleStatus": "65536", "EventData.LocalOnlyMapped": "0", "EventData.PolicyAppId": null}
{"EventID": "2003", "Channel": "Microsoft-Windows-Windows Firewall With Advanced Security/Firewall", "Provider_Name": "Microsoft-Windows-Windows Firewall With Advanced Security", "Computer": "DESKTOP-OFJ6N53", "TimeCreated": "2025-07-24 21:32:21.576645+00:00", "RecordID": "31009", "Level": "4", "UserID": "S-1-5-19", "EventData.Profiles": "1", "EventData.SettingType": "1", "EventData.SettingValueSize": "4", "EventData.SettingValue": "AAAAAA==", "EventData.SettingValueString": "Нет", "EventData.Origin": "1", "EventData.ModifyingUser": "S-1-5-18", "EventData.ModifyingApplication": "C:\\Windows\\SysWOW64\\dllhost.exe"}
{"EventID": "2003", "Channel": "Microsoft-Windows-Windows Firewall With Advanced Security/Firewall", "Provider_Name": "Microsoft-Windows-Windows Firewall With Advanced Security", "Computer": "DESKTOP-OFJ6N53", "TimeCreated": "2025-07-24 21:32:21.842255+00:00", "RecordID": "31010", "Level": "4", "UserID": "S-1-5-19", "EventData.Profiles": "2", "EventData.SettingType": "1", "EventData.SettingValueSize": "4", "EventData.SettingValue": "AAAAAA==", "EventData.SettingValueString": "Нет", "EventData.Origin": "1", "EventData.ModifyingUser": "S-1-5-18", "EventData.ModifyingApplication": "C:\\Windows\\SysWOW64\\dllhost.exe"}
