{"EventID": "301", "Channel": "Microsoft-Windows-DeviceSetupManager/Operational", "Provider_Name": "Microsoft-Windows-DeviceSetupManager", "Computer": "DESKTOP-OFJ6N53", "TimeCreated": "2024-04-08 13:31:02.991425+00:00", "RecordID": "10997", "Level": "4", "UserID": "S-1-5-18", "EventData.Prop_ContainerId": "{87934F3C-3C4B-0125-41A3-01E43ED1E9E4}"}
{"EventID": "300", "Channel": "Microsoft-Windows-DeviceSetupManager/Operational", "Provider_Name": "Microsoft-Windows-DeviceSetupManager", "Computer": "DESKTOP-OFJ6N53", "TimeCreated": "2024-04-08 13:31:02.992460+00:00", "RecordID": "10998", "Level": "4", "UserID": "S-1-5-18", "EventData.Prop_ContainerId": "{87934F3C-3C4B-0125-41A3-01E43ED1E9E4}"}
{"EventID": "300", "Channel": "Microsoft-Windows-DeviceSetupManager/Operational", "Provider_Name": "Microsoft-Windows-DeviceSetupManager", "Computer": "DESKTOP-OFJ6N53", "TimeCreated": "2024-04-08 13:31:03.705280+00:00", "RecordID": "10999", "Level": "4", "UserID": "S-1-5-18", "EventData.Prop_ContainerId": "{E9E3DDDD-BBD6-13FA-3639-1A7119D4058A}"}
{"EventID": "300", "Channel": "Microsoft-Windows-DeviceSetupManager/Operational", "Provider_Name": "Microsoft-Windows-DeviceSetupManager", "Computer": "DESKTOP-OFJ6N53", "TimeCreated": "2024-04-08 13:31:03.707468+00:00", "RecordID": "11000", "Level": "4", "UserID": "S-1-5-18", "EventData.Prop_ContainerId": "{E9E3DDDD-BBD6-13FA-3639-1A7119D4058A}"}
{"EventID": "300", "Channel": "Microsoft-Windows-DeviceSetupManager/Operational", "Provider_Name": "Microsoft-Windows-DeviceSetupManager", "Computer": "DESKTOP-OFJ6N53", "TimeCreated": "2024-04-08 13:31:06.730200+00:00", "RecordID": "11001", "Level": "4", "UserID": "S-1-5-18", "EventData.Prop_ContainerId": "{D4D8EF7D-72EA-29CA-5C75-67839DA7ACFD}"}
{"EventID": "300", "Channel": "Microsoft-Windows-DeviceSetupManager/Operational", "Provider_Name": "Microsoft-Windows-DeviceSetupManager", "Computer": "DESKTOP-OFJ6N53", "TimeCreated": "2024-04-08 13:31:06.733234+00:00", "RecordID": "11002", "Level": "4", "UserID": "S-1-5-18", "EventData.Prop_ContainerId": "{D4D8EF7D-72EA-29CA-5C75-67839DA7ACFD}"}
{"EventID": "300", "Channel": "Microsoft-Windows-DeviceSetupManager/Operational", "Provider_Name": "Microsoft-Windows-DeviceSetupManager", "Computer": "DESKTOP-OFJ6N53", "TimeCreated": "2024-04-08 13:31:08.305746+00:00", "RecordID": "11003", "Level": "4", "UserID": "S-1-5-18", "EventData.Prop_ContainerId": "{7CEFF46A-507C-1FD8-CE94-49A07ED964C4}"}
{"EventID": "300", "Channel": "Microsoft-Windows-DeviceSetupManager/Operational", "Provider_Name": "Microsoft-Windows-DeviceSetupManager", "Computer": "DESKTOP-OFJ6N53", "TimeCreated": "2024-04-08 13:31:13.297155+00:00", "RecordID": "11004", "Level": "4", "UserID": "S-1-5-18", "EventData.Prop_ContainerId": "{E63D9B71-5801-B63B-445E-D06F446B2E86}"}
{"EventID": "300", "Channel": "Microsoft-Windows-DeviceSetupManager/Operational", "Provider_Name": "Microsoft-Windows-DeviceSetupManager", "Computer": "DESKTOP-OFJ6N53", "TimeCreated": "2024-04-08 13:31:16.619904+00:00", "RecordID": "11005", "Level": "4", "UserID": "S-1-5-18", "EventData.Prop_ContainerId": "{3AFC786F-6BDF-5A77-88C1-BE39323D0F1D}"}
{"EventID": "300", "Channel": "Microsoft-Windows-DeviceSetupManager/Operational", "Provider_Name": "Microsoft-Windows-DeviceSetupManager", "Computer": "DESKTOP-OFJ6N53", "TimeCreated": "2024-04-08 13:31:18.581005+00:00", "RecordID": "11006", "Level": "4", "UserID": "S-1-5-18", "EventData.Prop_ContainerId": "{35D6DEEB-1498-4EAE-1FB7-7D2D046AA244}"}
{"EventID": "300", "Channel": "Microsoft-Windows-DeviceSetupManager/Operational", "Provider_Name": "Microsoft-Windows-DeviceSetupManager", "Computer": "DESKTOP-OFJ6N53", "TimeCreated": "2024-04-08 13:31:20.465572+00:00", "RecordID": "11007", "Level": "4", "UserID": "S-1-5-18", "EventData.Prop_ContainerId": "{B949BD51-2DAE-50DD-3A5A-A2FBEB014520}"}
{"EventID": "300", "Channel": "Microsoft-Windows-DeviceSetupManager/Operational", "Provider_Name": "Microsoft-Windows-DeviceSetupManager", "Computer": "DESKTOP-OFJ6N53", "TimeCreated": "2024-04-08 13:31:22.264078+00:00", "RecordID": "11008", "Level": "4", "UserID": "S-1-5-18", "EventData.Prop_ContainerId": "{A7152CF7-1629-95A8-7BA9-0678836F667D}"}
{"EventID": "300", "Channel": "Microsoft-Windows-DeviceSetupManager/Operational", "Provider_Name": "Microsoft-Windows-DeviceSetupManager", "Computer": "DESKTOP-OFJ6N53", "TimeCreated": "2024-04-08 13:31:23.316250+00:00", "RecordID": "11009", "Level": "4", "UserID": "S-1-5-18", "EventData.Prop_ContainerId": "{D2AFFC50-A960-F128-5DF0-1183E42659BA}"}
{"EventID": "300", "Channel": "Microsoft-Windows-DeviceSetupManager/Operational", "Provider_Name": "Microsoft-Windows-DeviceSetupManager", "Computer": "DESKTOP-OFJ6N53", "TimeCreated": "2024-04-08 13:31:25.474125+00:00", "RecordID": "11010", "Level": "4", "UserID": "S-1-5-18", "EventData.Prop_ContainerId": "{C0AFA17B-B98C-1DF6-F36B-593B01D6940E}"}
{"EventID": "300", "Channel": "Microsoft-Windows-DeviceSetupManager/Operational", "Provider_Name": "Microsoft-Windows-DeviceSetupManager", "Computer": "DESKTOP-OFJ6N53", "TimeCreated": "2024-04-08 13:31:27.974051+00:00", "RecordID": "11011", "Level": "4", "UserID": "S-1-5-18", "EventData.Prop_ContainerId": "{D9D12718-000F-9A99-61C3-96C9A6F82221}"}
{"EventID": "300", "Channel": "Microsoft-Windows-DeviceSetupManager/Operational", "Provider_Name": "Microsoft-Windows-DeviceSetupManager", "Computer": "DESKTOP-OFJ6N53", "TimeCreated": "2024-04-08 14:30:37.382174+00:00", "RecordID": "11012", "Level": "4", "UserID": "S-1-5-18", "EventData.Prop_ContainerId": "{DFC091BC-6665-4DD1-AD81-AEE64F0E99D4}"}
{"EventID": "300", "Channel": "Microsoft-Windows-DeviceSetupManager/Operational", "Provider_Name": "Microsoft-Windows-DeviceSetupManager", "Computer": "DESKTOP-OFJ6N53", "TimeCreated": "2024-04-08 14:30:43.099215+00:00", "RecordID": "11013", "Level": "4", "UserID": "S-1-5-18", "EventData.Prop_ContainerId": "{87934F3C-3C4B-0125-41A3-01E43ED1E9E4}"}
{"EventID": "300", "Channel": "Microsoft-Windows-DeviceSetupManager/Operational", "Provider_Name": "Microsoft-Windows-DeviceSetupManager", "Computer": "DESKTOP-OFJ6N53", "TimeCreated": "2024-04-08 14:30:45.761808+00:00", "RecordID": "11014", "Level": "4", "UserID": "S-1-5-18", "EventData.Prop_ContainerId": "{E9E3DDDD-BBD6-13FA-3639-1A7119D4058A}"}
{"EventID": "300", "Channel": "Microsoft-Windows-DeviceSetupManager/Operational", "Provider_Name": "Microsoft-Windows-DeviceSetupManager", "Computer": "DESKTOP-OFJ6N53", "TimeCreated": "2024-04-08 14:30:48.207619+00:00", "RecordID": "11015", "Level": "4", "UserID": "S-1-5-18", "EventData.Prop_ContainerId": "{C0AFA17B-B98C-1DF6-F36B-593B01D6940E}"}
{"EventID": "300", "Channel": "Microsoft-Windows-DeviceSetupManager/Operational", "Provider_Name": "Microsoft-Windows-DeviceSetupManager", "Computer": "DESKTOP-OFJ6N53", "TimeCreated": "2024-04-08 14:30:49.064968+00:00", "RecordID": "11016", "Level": "4", "UserID": "S-1-5-18", "EventData.Prop_ContainerId": "{7CEFF46A-507C-1FD8-CE94-49A07ED964C4}"}
{"EventID": "300", "Channel": "Microsoft-Windows-DeviceSetupManager/Operational", "Provider_Name": "Microsoft-Windows-DeviceSetupManager", "Computer": "DESKTOP-OFJ6N53", "TimeCreated": "2024-04-08 14:30:50.734035+00:00", "RecordID": "11017", "Level": "4", "UserID": "S-1-5-18", "EventData.Prop_ContainerId": "{3AFC786F-6BDF-5A77-88C1-BE39323D0F1D}"}
{"EventID": "300", "Channel": "Microsoft-Windows-DeviceSetupManager/Operational", "Provider_Name": "Microsoft-Windows-DeviceSetupManager", "Computer": "DESKTOP-OFJ6N53", "TimeCreated": "2024-04-08 14:30:51.872984+00:00", "RecordID": "11018", "Level": "4", "UserID": "S-1-5-18", "EventData.Prop_ContainerId": "{0731B1CC-E13D-3D37-8EF8-5C2B678AD953}"}
{"EventID": "300", "Channel": "Microsoft-Windows-DeviceSetupManager/Operational", "Provider_Name": "Microsoft-Windows-DeviceSetupManager", "Computer": "DESKTOP-OFJ6N53", "TimeCreated": "2024-04-08 14:30:52.881065+00:00", "RecordID": "11019", "Level": "4", "UserID": "S-1-5-18", "EventData.Prop_ContainerId": "{A4821661-95E8-01C9-1891-BD7319D85883}"}
{"EventID": "300", "Channel": "Microsoft-Windows-DeviceSetupManager/Operational", "Provider_Name": "Microsoft-Windows-DeviceSetupManager", "Computer": "DESKTOP-OFJ6N53", "TimeCreated": "2024-04-08 14:30:54.954138+00:00", "RecordID": "11020", "Level": "4", "UserID": "S-1-5-18", "EventData.Prop_ContainerId": "{D4D8EF7D-72EA-29CA-5C75-67839DA7ACFD}"}
{"EventID": "300", "Channel": "Microsoft-Windows-DeviceSetupManager/Operational", "Provider_Name": "Microsoft-Windows-DeviceSetupManager", "Computer": "DESKTOP-OFJ6N53", "TimeCreated": "2024-04-09 15:17:09.316755+00:00", "RecordID": "11021", "Level": "4", "UserID": "S-1-5-18", "EventData.Prop_ContainerId": "{2BC24623-C654-43B1-849C-106256520853}"}
{"EventID": "300", "Channel": "Microsoft-Windows-DeviceSetupManager/Operational", "Provider_Name": "Microsoft-Windows-DeviceSetupManager", "Computer": "DESKTOP-OFJ6N53", "TimeCreated": "2024-04-09 15:17:09.964388+00:00", "RecordID": "11022", "Level": "4", "UserID": "S-1-5-18", "EventData.Prop_ContainerId": "{87934F3C-3C4B-0125-41A3-01E43ED1E9E4}"}
{"EventID": "300", "Channel": "Microsoft-Windows-DeviceSetupManager/Operational", "Provider_Name": "Microsoft-Windows-DeviceSetupManager", "Computer": "DESKTOP-OFJ6N53", "TimeCreated": "2024-04-09 15:17:16.875895+00:00", "RecordID": "11023", "Level": "4", "UserID": "S-1-5-18", "EventData.Prop_ContainerId": "{C0AFA17B-B98C-1DF6-F36B-593B01D6940E}"}
{"EventID": "300", "Channel": "Microsoft-Windows-DeviceSetupManager/Operational", "Provider_Name": "Microsoft-Windows-DeviceSetupManager", "Computer": "DESKTOP-OFJ6N53", "TimeCreated": "2024-04-09 15:17:27.829836+00:00", "RecordID": "11024", "Level": "4", "UserID": "S-1-5-18", "EventData.Prop_ContainerId": "{7CEFF46A-507C-1FD8-CE94-49A07ED964C4}"}
{"EventID": "300", "Channel": "Microsoft-Windows-DeviceSetupManager/Operational", "Provider_Name": "Microsoft-Windows-DeviceSetupManager", "Computer": "DESKTOP-OFJ6N53", "TimeCreated": "2024-04-09 15:17:32.185354+00:00", "RecordID": "11025", "Level": "4", "UserID": "S-1-5-18", "EventData.Prop_ContainerId": "{0731B1CC-E13D-3D37-8EF8-5C2B678AD953}"}
{"EventID": "300", "Channel": "Microsoft-Windows-DeviceSetupManager/Operational", "Provider_Name": "Microsoft-Windows-DeviceSetupManager", "Computer": "DESKTOP-OFJ6N53", "TimeCreated": "2024-04-09 15:17:33.839142+00:00", "RecordID": "11026", "Level": "4", "UserID": "S-1-5-18", "EventData.Prop_ContainerId": "{A4821661-95E8-01C9-1891-BD7319D85883}"}
{"EventID": "300", "Channel": "Microsoft-Windows-DeviceSetupManager/Operational", "Provider_Name": "Microsoft-Windows-DeviceSetupManager", "Computer": "DESKTOP-OFJ6N53", "TimeCreated": "2024-04-09 15:17:36.264284+00:00", "RecordID": "11027", "Level": "4", "UserID": "S-1-5-18", "EventData.Prop_ContainerId": "{E9E3DDDD-BBD6-13FA-3639-1A7119D4058A}"}
{"EventID": "300", "Channel": "Microsoft-Windows-DeviceSetupManager/Operational", "Provider_Name": "Microsoft-Windows-DeviceSetupManager", "Computer": "DESKTOP-OFJ6N53", "TimeCreated": "2024-04-09 15:17:38.108772+00:00", "RecordID": "11028", "Level": "4", "UserID": "S-1-5-18", "EventData.Prop_ContainerId": "{3AFC786F-6BDF-5A77-88C1-BE39323D0F1D}"}
{"EventID": "300", "Channel": "Microsoft-Windows-DeviceSetupManager/Operational", "Provider_Name": "Microsoft-Windows-DeviceSetupManager", "Computer": "DESKTOP-OFJ6N53", "TimeCreated": "2024-04-09 15:17:40.219906+00:00", "RecordID": "11029", "Level": "4", "UserID": "S-1-5-18", "EventData.Prop_ContainerId": "{D4D8EF7D-72EA-29CA-5C75-67839DA7ACFD}"}
{"EventID": "300", "Channel": "Microsoft-Windows-DeviceSetupManager/Operational", "Provider_Name": "Microsoft-Windows-DeviceSetupManager", "Computer": "DESKTOP-OFJ6N53", "TimeCreated": "2024-04-15 08:28:20.246540+00:00", "RecordID": "11030", "Level": "4", "UserID": "S-1-5-18", "EventData.Prop_ContainerId": "{C0F6D833-CB23-4AA6-8A75-0C38D3749C6B}"}
{"EventID": "300", "Channel": "Microsoft-Windows-DeviceSetupManager/Operational", "Provider_Name": "Microsoft-Windows-DeviceSetupManager", "Computer": "DESKTOP-OFJ6N53", "TimeCreated": "2024-04-15 08:28:49.455671+00:00", "RecordID": "11031", "Level": "4", "UserID": "S-1-5-18", "EventData.Prop_ContainerId": "{7EFCBE4E-A3A2-0C99-EC8F-27D6801A396F}"}
{"EventID": "300", "Channel": "Microsoft-Windows-DeviceSetupManager/Operational", "Provider_Name": "Microsoft-Windows-DeviceSetupManager", "Computer": "DESKTOP-OFJ6N53", "TimeCreated": "2024-04-15 08:30:36.080328+00:00", "RecordID": "11032", "Level": "4", "UserID": "S-1-5-18", "EventData.Prop_ContainerId": "{BF1E3160-CF8F-46B1-B752-18AF785DC125}"}
{"EventID": "300", "Channel": "Microsoft-Windows-DeviceSetupManager/Operational", "Provider_Name": "Microsoft-Windows-DeviceSetupManager", "Computer": "DESKTOP-OFJ6N53", "TimeCreated": "2024-04-15 08:30:55.718613+00:00", "RecordID": "11033", "Level": "4", "UserID": "S-1-5-18", "EventData.Prop_ContainerId": "{7EFCBE4E-A3A2-0C99-EC8F-27D6801A396F}"}
{"EventID": "300", "Channel": "Microsoft-Windows-DeviceSetupManager/Operational", "Provider_Name": "Microsoft-Windows-DeviceSetupManager", "Computer": "DESKTOP-OFJ6N53", "TimeCreated": "2024-04-23 11:04:35.533545+00:00", "RecordID": "11034", "Level": "4", "UserID": "S-1-5-18", "EventData.Prop_ContainerId": "{B3B78845-6F20-41DE-B03D-BCDAE85809D6}"}
{"EventID": "300", "Channel": "Microsoft-Windows-DeviceSetupManager/Operational", "Provider_Name": "Microsoft-Windows-DeviceSetupManager", "Computer": "DESKTOP-OFJ6N53", "TimeCreated": "2024-04-23 11:05:13.698446+00:00", "RecordID": "11035", "Level": "4", "UserID": "S-1-5-18", "EventData.Prop_ContainerId": "{7EFCBE4E-A3A2-0C99-EC8F-27D6801A396F}"}
{"EventID": "300", "Channel": "Microsoft-Windows-DeviceSetupManager/Operational", "Provider_Name": "Microsoft-Windows-DeviceSetupManager", "Computer": "DESKTOP-OFJ6N53", "TimeCreated": "2024-04-24 13:45:05.517021+00:00", "RecordID": "11036", "Level": "4", "UserID": "S-1-5-18", "EventData.Prop_ContainerId": "{E867DF2D-B6E5-4037-93DA-4FE4FD9C16B0}"}
{"EventID": "300", "Channel": "Microsoft-Windows-DeviceSetupManager/Operational", "Provider_Name": "Microsoft-Windows-DeviceSetupManager", "Computer": "DESKTOP-OFJ6N53", "TimeCreated": "2024-04-24 13:45:47.990648+00:00", "RecordID": "11037", "Level": "4", "UserID": "S-1-5-18", "EventData.Prop_ContainerId": "{5557B638-5AB6-4DA0-8845-FAF4694A0910}"}
{"EventID": "300", "Channel": "Microsoft-Windows-DeviceSetupManager/Operational", "Provider_Name": "Microsoft-Windows-DeviceSetupManager", "Computer": "DESKTOP-OFJ6N53", "TimeCreated": "2024-04-24 13:46:14.328671+00:00", "RecordID": "11038", "Level": "4", "UserID": "S-1-5-18", "EventData.Prop_ContainerId": "{7EFCBE4E-A3A2-0C99-EC8F-27D6801A396F}"}
{"EventID": "300", "Channel": "Microsoft-Windows-DeviceSetupManager/Operational", "Provider_Name": "Microsoft-Windows-DeviceSetupManager", "Computer": "DESKTOP-OFJ6N53", "TimeCreated": "2024-04-24 19:24:53.127028+00:00", "RecordID": "11039", "Level": "4", "UserID": "S-1-5-18", "EventData.Prop_ContainerId": "{ABB73E47-9017-4145-8D12-3B4BAB6A7ADB}"}
{"EventID": "300", "Channel": "Microsoft-Windows-DeviceSetupManager/Operational", "Provider_Name": "Microsoft-Windows-DeviceSetupManager", "Computer": "DESKTOP-OFJ6N53", "TimeCreated": "2024-04-24 19:25:03.055433+00:00", "RecordID": "11040", "Level": "4", "UserID": "S-1-5-18", "EventData.Prop_ContainerId": "{7EFCBE4E-A3A2-0C99-EC8F-27D6801A396F}"}
{"EventID": "300", "Channel": "Microsoft-Windows-DeviceSetupManager/Operational", "Provider_Name": "Microsoft-Windows-DeviceSetupManager", "Computer": "DESKTOP-OFJ6N53", "TimeCreated": "2024-04-25 15:03:01.846901+00:00", "RecordID": "11041", "Level": "4", "UserID": "S-1-5-18", "EventData.Prop_ContainerId": "{D57450FE-7E40-409A-9C38-437037C1196B}"}
{"EventID": "300", "Channel": "Microsoft-Windows-DeviceSetupManager/Operational", "Provider_Name": "Microsoft-Windows-DeviceSetupManager", "Computer": "DESKTOP-OFJ6N53", "TimeCreated": "2024-04-25 15:03:19.681627+00:00", "RecordID": "11042", "Level": "4", "UserID": "S-1-5-18", "EventData.Prop_ContainerId": "{7EFCBE4E-A3A2-0C99-EC8F-27D6801A396F}"}
{"EventID": "300", "Channel": "Microsoft-Windows-DeviceSetupManager/Operational", "Provider_Name": "Microsoft-Windows-DeviceSetupManager", "Computer": "DESKTOP-OFJ6N53", "TimeCreated": "2024-04-26 10:59:09.137583+00:00", "RecordID": "11043", "Level": "4", "UserID": "S-1-5-18", "EventData.Prop_ContainerId": "{6BD27EFD-F407-48BD-8059-6FE02A954027}"}
{"EventID": "300", "Channel": "Microsoft-Windows-DeviceSetupManager/Operational", "Provider_Name": "Microsoft-Windows-DeviceSetupManager", "Computer": "DESKTOP-OFJ6N53", "TimeCreated": "2024-04-26 10:59:21.345551+00:00", "RecordID": "11044", "Level": "4", "UserID": "S-1-5-18", "EventData.Prop_ContainerId": "{7EFCBE4E-A3A2-0C99-EC8F-27D6801A396F}"}
{"EventID": "300", "Channel": "Microsoft-Windows-DeviceSetupManager/Operational", "Provider_Name": "Microsoft-Windows-DeviceSetupManager", "Computer": "DESKTOP-OFJ6N53", "TimeCreated": "2024-04-26 12:19:02.898684+00:00", "RecordID": "11045", "Level": "4", "UserID": "S-1-5-18", "EventData.Prop_ContainerId": "{47287279-C0BE-4B40-86E4-546C5269BE2D}"}
{"EventID": "300", "Channel": "Microsoft-Windows-DeviceSetupManager/Operational", "Provider_Name": "Microsoft-Windows-DeviceSetupManager", "Computer": "DESKTOP-OFJ6N53", "TimeCreated": "2024-04-26 12:19:17.793030+00:00", "RecordID": "11046", "Level": "4", "UserID": "S-1-5-18", "EventData.Prop_ContainerId": "{7EFCBE4E-A3A2-0C99-EC8F-27D6801A396F}"}
{"EventID": "300", "Channel": "Microsoft-Windows-DeviceSetupManager/Operational", "Provider_Name": "Microsoft-Windows-DeviceSetupManager", "Computer": "DESKTOP-OFJ6N53", "TimeCreated": "2024-04-26 15:05:28.746168+00:00", "RecordID": "11047", "Level": "4", "UserID": "S-1-5-18", "EventData.Prop_ContainerId": "{D8BDF96F-E8CC-46C4-A25B-C4E9FA0EB1E8}"}
{"EventID": "300", "Channel": "Microsoft-Windows-DeviceSetupManager/Operational", "Provider_Name": "Microsoft-Windows-DeviceSetupManager", "Computer": "DESKTOP-OFJ6N53", "TimeCreated": "2024-04-26 15:05:43.881962+00:00", "RecordID": "11048", "Level": "4", "UserID": "S-1-5-18", "EventData.Prop_ContainerId": "{7EFCBE4E-A3A2-0C99-EC8F-27D6801A396F}"}
{"EventID": "300", "Channel": "Microsoft-Windows-DeviceSetupManager/Operational", "Provider_Name": "Microsoft-Windows-DeviceSetupManager", "Computer": "DESKTOP-OFJ6N53", "TimeCreated": "2024-04-29 10:27:06.170925+00:00", "RecordID": "11049", "Level": "4", "UserID": "S-1-5-18", "EventData.Prop_ContainerId": "{7EFCBE4E-A3A2-0C99-EC8F-27D6801A396F}"}
{"EventID": "300", "Channel": "Microsoft-Windows-DeviceSetupManager/Operational", "Provider_Name": "Microsoft-Windows-DeviceSetupManager", "Computer": "DESKTOP-OFJ6N53", "TimeCreated": "2024-04-29 10:27:06.249811+00:00", "RecordID": "11050", "Level": "4", "UserID": "S-1-5-18", "EventData.Prop_ContainerId": "{7EFCBE4E-A3A2-0C99-EC8F-27D6801A396F}"}
{"EventID": "300", "Channel": "Microsoft-Windows-DeviceSetupManager/Operational", "Provider_Name": "Microsoft-Windows-DeviceSetupManager", "Computer": "DESKTOP-OFJ6N53", "TimeCreated": "2024-04-29 10:27:07.211020+00:00", "RecordID": "11051", "Level": "4", "UserID": "S-1-5-18", "EventData.Prop_ContainerId": "{1B887657-3B27-4669-95D9-D2538D2FA1E0}"}
{"EventID": "300", "Channel": "Microsoft-Windows-DeviceSetupManager/Operational", "Provider_Name": "Microsoft-Windows-DeviceSetupManager", "Computer": "DESKTOP-OFJ6N53", "TimeCreated": "2024-04-29 10:27:49.700764+00:00", "RecordID": "11052", "Level": "4", "UserID": "S-1-5-18", "EventData.Prop_ContainerId": "{680A97FD-3729-49C8-BE00-8A101B63A5EF}"}
{"EventID": "300", "Channel": "Microsoft-Windows-DeviceSetupManager/Operational", "Provider_Name": "Microsoft-Windows-DeviceSetupManager", "Computer": "DESKTOP-OFJ6N53", "TimeCreated": "2024-04-29 10:28:35.675756+00:00", "RecordID": "11053", "Level": "4", "UserID": "S-1-5-18", "EventData.Prop_ContainerId": "{1B887657-3B27-4669-95D9-D2538D2FA1E0}"}
{"EventID": "300", "Channel": "Microsoft-Windows-DeviceSetupManager/Operational", "Provider_Name": "Microsoft-Windows-DeviceSetupManager", "Computer": "DESKTOP-OFJ6N53", "TimeCreated": "2024-04-29 10:28:35.679548+00:00", "RecordID": "11054", "Level": "4", "UserID": "S-1-5-18", "EventData.Prop_ContainerId": "{7EFCBE4E-A3A2-0C99-EC8F-27D6801A396F}"}
{"EventID": "300", "Channel": "Microsoft-Windows-DeviceSetupManager/Operational", "Provider_Name": "Microsoft-Windows-DeviceSetupManager", "Computer": "DESKTOP-OFJ6N53", "TimeCreated": "2024-04-29 10:28:56.968418+00:00", "RecordID": "11055", "Level": "4", "UserID": "S-1-5-18", "EventData.Prop_ContainerId": "{979CB2C9-DB43-453B-80E0-54B27AAB797F}"}
{"EventID": "300", "Channel": "Microsoft-Windows-DeviceSetupManager/Operational", "Provider_Name": "Microsoft-Windows-DeviceSetupManager", "Computer": "DESKTOP-OFJ6N53", "TimeCreated": "2024-04-29 10:29:17.997257+00:00", "RecordID": "11056", "Level": "4", "UserID": "S-1-5-18", "EventData.Prop_ContainerId": "{680A97FD-3729-49C8-BE00-8A101B63A5EF}"}
{"EventID": "300", "Channel": "Microsoft-Windows-DeviceSetupManager/Operational", "Provider_Name": "Microsoft-Windows-DeviceSetupManager", "Computer": "DESKTOP-OFJ6N53", "TimeCreated": "2024-04-29 10:29:18.002979+00:00", "RecordID": "11057", "Level": "4", "UserID": "S-1-5-18", "EventData.Prop_ContainerId": "{0731B1CC-E13D-3D37-8EF8-5C2B678AD953}"}
{"EventID": "300", "Channel": "Microsoft-Windows-DeviceSetupManager/Operational", "Provider_Name": "Microsoft-Windows-DeviceSetupManager", "Computer": "DESKTOP-OFJ6N53", "TimeCreated": "2024-04-29 10:29:39.082590+00:00", "RecordID": "11058", "Level": "4", "UserID": "S-1-5-18", "EventData.Prop_ContainerId": "{7EFCBE4E-A3A2-0C99-EC8F-27D6801A396F}"}
{"EventID": "300", "Channel": "Microsoft-Windows-DeviceSetupManager/Operational", "Provider_Name": "Microsoft-Windows-DeviceSetupManager", "Computer": "DESKTOP-OFJ6N53", "TimeCreated": "2024-04-29 10:29:39.083527+00:00", "RecordID": "11059", "Level": "4", "UserID": "S-1-5-18", "EventData.Prop_ContainerId": "{3AFC786F-6BDF-5A77-88C1-BE39323D0F1D}"}
{"EventID": "300", "Channel": "Microsoft-Windows-DeviceSetupManager/Operational", "Provider_Name": "Microsoft-Windows-DeviceSetupManager", "Computer": "DESKTOP-OFJ6N53", "TimeCreated": "2024-04-29 10:29:39.131708+00:00", "RecordID": "11060", "Level": "4", "UserID": "S-1-5-18", "EventData.Prop_ContainerId": "{3AFC786F-6BDF-5A77-88C1-BE39323D0F1D}"}
{"EventID": "300", "Channel": "Microsoft-Windows-DeviceSetupManager/Operational", "Provider_Name": "Microsoft-Windows-DeviceSetupManager", "Computer": "DESKTOP-OFJ6N53", "TimeCreated": "2024-04-29 10:29:39.132383+00:00", "RecordID": "11061", "Level": "4", "UserID": "S-1-5-18", "EventData.Prop_ContainerId": "{7CEFF46A-507C-1FD8-CE94-49A07ED964C4}"}
{"EventID": "300", "Channel": "Microsoft-Windows-DeviceSetupManager/Operational", "Provider_Name": "Microsoft-Windows-DeviceSetupManager", "Computer": "DESKTOP-OFJ6N53", "TimeCreated": "2024-04-29 10:29:39.139357+00:00", "RecordID": "11062", "Level": "4", "UserID": "S-1-5-18", "EventData.Prop_ContainerId": "{7CEFF46A-507C-1FD8-CE94-49A07ED964C4}"}
{"EventID": "300", "Channel": "Microsoft-Windows-DeviceSetupManager/Operational", "Provider_Name": "Microsoft-Windows-DeviceSetupManager", "Computer": "DESKTOP-OFJ6N53", "TimeCreated": "2024-04-29 10:29:39.139935+00:00", "RecordID": "11063", "Level": "4", "UserID": "S-1-5-18", "EventData.Prop_ContainerId": "{C0AFA17B-B98C-1DF6-F36B-593B01D6940E}"}
{"EventID": "300", "Channel": "Microsoft-Windows-DeviceSetupManager/Operational", "Provider_Name": "Microsoft-Windows-DeviceSetupManager", "Computer": "DESKTOP-OFJ6N53", "TimeCreated": "2024-04-29 10:29:39.216976+00:00", "RecordID": "11064", "Level": "4", "UserID": "S-1-5-18", "EventData.Prop_ContainerId": "{C0AFA17B-B98C-1DF6-F36B-593B01D6940E}"}
{"EventID": "300", "Channel": "Microsoft-Windows-DeviceSetupManager/Operational", "Provider_Name": "Microsoft-Windows-DeviceSetupManager", "Computer": "DESKTOP-OFJ6N53", "TimeCreated": "2024-04-29 10:29:39.277483+00:00", "RecordID": "11065", "Level": "4", "UserID": "S-1-5-18", "EventData.Prop_ContainerId": "{E9E3DDDD-BBD6-13FA-3639-1A7119D4058A}"}
{"EventID": "300", "Channel": "Microsoft-Windows-DeviceSetupManager/Operational", "Provider_Name": "Microsoft-Windows-DeviceSetupManager", "Computer": "DESKTOP-OFJ6N53", "TimeCreated": "2024-04-29 10:29:39.321054+00:00", "RecordID": "11066", "Level": "4", "UserID": "S-1-5-18", "EventData.Prop_ContainerId": "{E9E3DDDD-BBD6-13FA-3639-1A7119D4058A}"}
{"EventID": "300", "Channel": "Microsoft-Windows-DeviceSetupManager/Operational", "Provider_Name": "Microsoft-Windows-DeviceSetupManager", "Computer": "DESKTOP-OFJ6N53", "TimeCreated": "2024-04-29 10:29:39.323689+00:00", "RecordID": "11067", "Level": "4", "UserID": "S-1-5-18", "EventData.Prop_ContainerId": "{388AF378-B8CB-4182-96F0-417D05075372}"}
{"EventID": "300", "Channel": "Microsoft-Windows-DeviceSetupManager/Operational", "Provider_Name": "Microsoft-Windows-DeviceSetupManager", "Computer": "DESKTOP-OFJ6N53", "TimeCreated": "2024-04-29 10:30:01.249674+00:00", "RecordID": "11068", "Level": "4", "UserID": "S-1-5-18", "EventData.Prop_ContainerId": "{87934F3C-3C4B-0125-41A3-01E43ED1E9E4}"}
{"EventID": "300", "Channel": "Microsoft-Windows-DeviceSetupManager/Operational", "Provider_Name": "Microsoft-Windows-DeviceSetupManager", "Computer": "DESKTOP-OFJ6N53", "TimeCreated": "2024-04-29 10:30:01.256067+00:00", "RecordID": "11069", "Level": "4", "UserID": "S-1-5-18", "EventData.Prop_ContainerId": "{87934F3C-3C4B-0125-41A3-01E43ED1E9E4}"}
{"EventID": "300", "Channel": "Microsoft-Windows-DeviceSetupManager/Operational", "Provider_Name": "Microsoft-Windows-DeviceSetupManager", "Computer": "DESKTOP-OFJ6N53", "TimeCreated": "2024-04-29 10:30:22.306400+00:00", "RecordID": "11070", "Level": "4", "UserID": "S-1-5-18", "EventData.Prop_ContainerId": "{979CB2C9-DB43-453B-80E0-54B27AAB797F}"}
{"EventID": "300", "Channel": "Microsoft-Windows-DeviceSetupManager/Operational", "Provider_Name": "Microsoft-Windows-DeviceSetupManager", "Computer": "DESKTOP-OFJ6N53", "TimeCreated": "2024-04-29 10:30:22.765236+00:00", "RecordID": "11071", "Level": "4", "UserID": "S-1-5-18", "EventData.Prop_ContainerId": "{DE704631-C32A-43B4-AEA2-D13EB9B0929A}"}
{"EventID": "300", "Channel": "Microsoft-Windows-DeviceSetupManager/Operational", "Provider_Name": "Microsoft-Windows-DeviceSetupManager", "Computer": "DESKTOP-OFJ6N53", "TimeCreated": "2024-04-29 10:30:22.779621+00:00", "RecordID": "11072", "Level": "4", "UserID": "S-1-5-18", "EventData.Prop_ContainerId": "{DE704631-C32A-43B4-AEA2-D13EB9B0929A}"}
{"EventID": "300", "Channel": "Microsoft-Windows-DeviceSetupManager/Operational", "Provider_Name": "Microsoft-Windows-DeviceSetupManager", "Computer": "DESKTOP-OFJ6N53", "TimeCreated": "2024-04-29 10:30:43.809719+00:00", "RecordID": "11073", "Level": "4", "UserID": "S-1-5-18", "EventData.Prop_ContainerId": "{388AF378-B8CB-4182-96F0-417D05075372}"}
{"EventID": "300", "Channel": "Microsoft-Windows-DeviceSetupManager/Operational", "Provider_Name": "Microsoft-Windows-DeviceSetupManager", "Computer": "DESKTOP-OFJ6N53", "TimeCreated": "2024-04-29 10:31:26.157162+00:00", "RecordID": "11074", "Level": "4", "UserID": "S-1-5-18", "EventData.Prop_ContainerId": "{0731B1CC-E13D-3D37-8EF8-5C2B678AD953}"}
{"EventID": "300", "Channel": "Microsoft-Windows-DeviceSetupManager/Operational", "Provider_Name": "Microsoft-Windows-DeviceSetupManager", "Computer": "DESKTOP-OFJ6N53", "TimeCreated": "2024-04-29 10:31:26.165037+00:00", "RecordID": "11075", "Level": "4", "UserID": "S-1-5-18", "EventData.Prop_ContainerId": "{7EFCBE4E-A3A2-0C99-EC8F-27D6801A396F}"}
{"EventID": "300", "Channel": "Microsoft-Windows-DeviceSetupManager/Operational", "Provider_Name": "Microsoft-Windows-DeviceSetupManager", "Computer": "DESKTOP-OFJ6N53", "TimeCreated": "2024-04-29 10:32:31.813715+00:00", "RecordID": "11076", "Level": "4", "UserID": "S-1-5-18", "EventData.Prop_ContainerId": "{18521E87-F05B-4147-AE7C-178CDC6FFB3C}"}
{"EventID": "300", "Channel": "Microsoft-Windows-DeviceSetupManager/Operational", "Provider_Name": "Microsoft-Windows-DeviceSetupManager", "Computer": "DESKTOP-OFJ6N53", "TimeCreated": "2024-04-29 10:33:34.986294+00:00", "RecordID": "11077", "Level": "4", "UserID": "S-1-5-18", "EventData.Prop_ContainerId": "{7EFCBE4E-A3A2-0C99-EC8F-27D6801A396F}"}
{"EventID": "300", "Channel": "Microsoft-Windows-DeviceSetupManager/Operational", "Provider_Name": "Microsoft-Windows-DeviceSetupManager", "Computer": "DESKTOP-OFJ6N53", "TimeCreated": "2024-04-29 10:36:55.020638+00:00", "RecordID": "11078", "Level": "4", "UserID": "S-1-5-18", "EventData.Prop_ContainerId": "{387219FC-C895-4F01-92D7-EFEFE77E2F41}"}
{"EventID": "300", "Channel": "Microsoft-Windows-DeviceSetupManager/Operational", "Provider_Name": "Microsoft-Windows-DeviceSetupManager", "Computer": "DESKTOP-OFJ6N53", "TimeCreated": "2024-04-29 10:41:55.375017+00:00", "RecordID": "11079", "Level": "4", "UserID": "S-1-5-18", "EventData.Prop_ContainerId": "{0731B1CC-E13D-3D37-8EF8-5C2B678AD953}"}
{"EventID": "300", "Channel": "Microsoft-Windows-DeviceSetupManager/Operational", "Provider_Name": "Microsoft-Windows-DeviceSetupManager", "Computer": "DESKTOP-OFJ6N53", "TimeCreated": "2024-04-29 10:41:55.584116+00:00", "RecordID": "11080", "Level": "4", "UserID": "S-1-5-18", "EventData.Prop_ContainerId": "{979CB2C9-DB43-453B-80E0-54B27AAB797F}"}
{"EventID": "300", "Channel": "Microsoft-Windows-DeviceSetupManager/Operational", "Provider_Name": "Microsoft-Windows-DeviceSetupManager", "Computer": "DESKTOP-OFJ6N53", "TimeCreated": "2024-04-29 10:41:55.722668+00:00", "RecordID": "11081", "Level": "4", "UserID": "S-1-5-18", "EventData.Prop_ContainerId": "{1B887657-3B27-4669-95D9-D2538D2FA1E0}"}
{"EventID": "300", "Channel": "Microsoft-Windows-DeviceSetupManager/Operational", "Provider_Name": "Microsoft-Windows-DeviceSetupManager", "Computer": "DESKTOP-OFJ6N53", "TimeCreated": "2024-04-29 10:41:55.724476+00:00", "RecordID": "11082", "Level": "4", "UserID": "S-1-5-18", "EventData.Prop_ContainerId": "{680A97FD-3729-49C8-BE00-8A101B63A5EF}"}
{"EventID": "300", "Channel": "Microsoft-Windows-DeviceSetupManager/Operational", "Provider_Name": "Microsoft-Windows-DeviceSetupManager", "Computer": "DESKTOP-OFJ6N53", "TimeCreated": "2024-04-29 10:41:56.018663+00:00", "RecordID": "11083", "Level": "4", "UserID": "S-1-5-18", "EventData.Prop_ContainerId": "{388AF378-B8CB-4182-96F0-417D05075372}"}
{"EventID": "300", "Channel": "Microsoft-Windows-DeviceSetupManager/Operational", "Provider_Name": "Microsoft-Windows-DeviceSetupManager", "Computer": "DESKTOP-OFJ6N53", "TimeCreated": "2024-04-29 11:18:04.161715+00:00", "RecordID": "11084", "Level": "4", "UserID": "S-1-5-18", "EventData.Prop_ContainerId": "{2A3892F8-3B79-428C-8F21-C7DC5DDB83BD}"}
{"EventID": "300", "Channel": "Microsoft-Windows-DeviceSetupManager/Operational", "Provider_Name": "Microsoft-Windows-DeviceSetupManager", "Computer": "DESKTOP-OFJ6N53", "TimeCreated": "2024-04-29 11:18:50.313335+00:00", "RecordID": "11085", "Level": "4", "UserID": "S-1-5-18", "EventData.Prop_ContainerId": "{7EFCBE4E-A3A2-0C99-EC8F-27D6801A396F}"}
{"EventID": "300", "Channel": "Microsoft-Windows-DeviceSetupManager/Operational", "Provider_Name": "Microsoft-Windows-DeviceSetupManager", "Computer": "DESKTOP-OFJ6N53", "TimeCreated": "2024-04-29 11:19:33.109423+00:00", "RecordID": "11086", "Level": "4", "UserID": "S-1-5-18", "EventData.Prop_ContainerId": "{9916F77C-9B48-48E1-B17A-8DC3F03EC128}"}
{"EventID": "300", "Channel": "Microsoft-Windows-DeviceSetupManager/Operational", "Provider_Name": "Microsoft-Windows-DeviceSetupManager", "Computer": "DESKTOP-OFJ6N53", "TimeCreated": "2024-04-29 11:31:16.282286+00:00", "RecordID": "11087", "Level": "4", "UserID": "S-1-5-18", "EventData.Prop_ContainerId": "{7EFCBE4E-A3A2-0C99-EC8F-27D6801A396F}"}
{"EventID": "300", "Channel": "Microsoft-Windows-DeviceSetupManager/Operational", "Provider_Name": "Microsoft-Windows-DeviceSetupManager", "Computer": "DESKTOP-OFJ6N53", "TimeCreated": "2024-04-29 11:34:47.814413+00:00", "RecordID": "11088", "Level": "4", "UserID": "S-1-5-18", "EventData.Prop_ContainerId": "{45964F66-E3C0-43BB-9018-F5595CE6CB5A}"}
{"EventID": "300", "Channel": "Microsoft-Windows-DeviceSetupManager/Operational", "Provider_Name": "Microsoft-Windows-DeviceSetupManager", "Computer": "DESKTOP-OFJ6N53", "TimeCreated": "2024-04-29 11:41:55.214527+00:00", "RecordID": "11089", "Level": "4", "UserID": "S-1-5-18", "EventData.Prop_ContainerId": "{7EFCBE4E-A3A2-0C99-EC8F-27D6801A396F}"}
{"EventID": "300", "Channel": "Microsoft-Windows-DeviceSetupManager/Operational", "Provider_Name": "Microsoft-Windows-DeviceSetupManager", "Computer": "DESKTOP-OFJ6N53", "TimeCreated": "2024-05-01 00:48:22.517365+00:00", "RecordID": "11090", "Level": "4", "UserID": "S-1-5-18", "EventData.Prop_ContainerId": "{CFF3E482-6E36-847E-7B01-6F3DD93D1262}"}
{"EventID": "300", "Channel": "Microsoft-Windows-DeviceSetupManager/Operational", "Provider_Name": "Microsoft-Windows-DeviceSetupManager", "Computer": "DESKTOP-OFJ6N53", "TimeCreated": "2024-05-02 13:48:18.253036+00:00", "RecordID": "11091", "Level": "4", "UserID": "S-1-5-18", "EventData.Prop_ContainerId": "{F9872DCD-9C8E-4185-BBC4-98E00878494C}"}
{"EventID": "300", "Channel": "Microsoft-Windows-DeviceSetupManager/Operational", "Provider_Name": "Microsoft-Windows-DeviceSetupManager", "Computer": "DESKTOP-OFJ6N53", "TimeCreated": "2024-05-02 13:48:44.996037+00:00", "RecordID": "11092", "Level": "4", "UserID": "S-1-5-18", "EventData.Prop_ContainerId": "{7EFCBE4E-A3A2-0C99-EC8F-27D6801A396F}"}
{"EventID": "300", "Channel": "Microsoft-Windows-DeviceSetupManager/Operational", "Provider_Name": "Microsoft-Windows-DeviceSetupManager", "Computer": "DESKTOP-OFJ6N53", "TimeCreated": "2024-05-08 08:55:32.897301+00:00", "RecordID": "11093", "Level": "4", "UserID": "S-1-5-18", "EventData.Prop_ContainerId": "{75B90976-DE1A-4E22-A8A7-9DDB7B64F69A}"}
{"EventID": "300", "Channel": "Microsoft-Windows-DeviceSetupManager/Operational", "Provider_Name": "Microsoft-Windows-DeviceSetupManager", "Computer": "DESKTOP-OFJ6N53", "TimeCreated": "2024-05-08 08:55:45.905188+00:00", "RecordID": "11094", "Level": "4", "UserID": "S-1-5-18", "EventData.Prop_ContainerId": "{7EFCBE4E-A3A2-0C99-EC8F-27D6801A396F}"}
{"EventID": "300", "Channel": "Microsoft-Windows-DeviceSetupManager/Operational", "Provider_Name": "Microsoft-Windows-DeviceSetupManager", "Computer": "DESKTOP-OFJ6N53", "TimeCreated": "2024-05-08 14:56:13.167521+00:00", "RecordID": "11095", "Level": "4", "UserID": "S-1-5-18", "EventData.Prop_ContainerId": "{DFF919BD-D990-4B63-9F00-1996E044DE69}"}
{"EventID": "300", "Channel": "Microsoft-Windows-DeviceSetupManager/Operational", "Provider_Name": "Microsoft-Windows-DeviceSetupManager", "Computer": "DESKTOP-OFJ6N53", "TimeCreated": "2024-05-08 14:56:32.910469+00:00", "RecordID": "11096", "Level": "4", "UserID": "S-1-5-18", "EventData.Prop_ContainerId": "{7EFCBE4E-A3A2-0C99-EC8F-27D6801A396F}"}
{"EventID": "300", "Channel": "Microsoft-Windows-DeviceSetupManager/Operational", "Provider_Name": "Microsoft-Windows-DeviceSetupManager", "Computer": "DESKTOP-OFJ6N53", "TimeCreated": "2024-05-08 17:04:41.821402+00:00", "RecordID": "11097", "Level": "4", "UserID": "S-1-5-18", "EventData.Prop_ContainerId": "{E282DE63-9CF3-45A6-B0A0-42045CA1FCF0}"}
{"EventID": "300", "Channel": "Microsoft-Windows-DeviceSetupManager/Operational", "Provider_Name": "Microsoft-Windows-DeviceSetupManager", "Computer": "DESKTOP-OFJ6N53", "TimeCreated": "2024-05-08 17:04:54.212151+00:00", "RecordID": "11098", "Level": "4", "UserID": "S-1-5-18", "EventData.Prop_ContainerId": "{7EFCBE4E-A3A2-0C99-EC8F-27D6801A396F}"}
{"EventID": "300", "Channel": "Microsoft-Windows-DeviceSetupManager/Operational", "Provider_Name": "Microsoft-Windows-DeviceSetupManager", "Computer": "DESKTOP-OFJ6N53", "TimeCreated": "2024-05-09 15:03:30.191498+00:00", "RecordID": "11099", "Level": "4", "UserID": "S-1-5-18", "EventData.Prop_ContainerId": "{97FE2224-2C72-4904-BB6E-35B547EB701E}"}
{"EventID": "300", "Channel": "Microsoft-Windows-DeviceSetupManager/Operational", "Provider_Name": "Microsoft-Windows-DeviceSetupManager", "Computer": "DESKTOP-OFJ6N53", "TimeCreated": "2024-05-09 15:03:54.634928+00:00", "RecordID": "11100", "Level": "4", "UserID": "S-1-5-18", "EventData.Prop_ContainerId": "{7EFCBE4E-A3A2-0C99-EC8F-27D6801A396F}"}
{"EventID": "300", "Channel": "Microsoft-Windows-DeviceSetupManager/Operational", "Provider_Name": "Microsoft-Windows-DeviceSetupManager", "Computer": "DESKTOP-OFJ6N53", "TimeCreated": "2024-05-09 15:53:40.561460+00:00", "RecordID": "11101", "Level": "4", "UserID": "S-1-5-18", "EventData.Prop_ContainerId": "{3B33C8B6-A65D-45FF-9D5C-76AFEF402A36}"}
{"EventID": "300", "Channel": "Microsoft-Windows-DeviceSetupManager/Operational", "Provider_Name": "Microsoft-Windows-DeviceSetupManager", "Computer": "DESKTOP-OFJ6N53", "TimeCreated": "2024-05-09 15:53:55.023355+00:00", "RecordID": "11102", "Level": "4", "UserID": "S-1-5-18", "EventData.Prop_ContainerId": "{7EFCBE4E-A3A2-0C99-EC8F-27D6801A396F}"}
{"EventID": "300", "Channel": "Microsoft-Windows-DeviceSetupManager/Operational", "Provider_Name": "Microsoft-Windows-DeviceSetupManager", "Computer": "DESKTOP-OFJ6N53", "TimeCreated": "2024-05-13 15:21:35.160757+00:00", "RecordID": "11103", "Level": "4", "UserID": "S-1-5-18", "EventData.Prop_ContainerId": "{172C3000-1B80-4DD5-827D-379864A60D18}"}
{"EventID": "300", "Channel": "Microsoft-Windows-DeviceSetupManager/Operational", "Provider_Name": "Microsoft-Windows-DeviceSetupManager", "Computer": "DESKTOP-OFJ6N53", "TimeCreated": "2024-05-13 15:21:46.775850+00:00", "RecordID": "11104", "Level": "4", "UserID": "S-1-5-18", "EventData.Prop_ContainerId": "{7EFCBE4E-A3A2-0C99-EC8F-27D6801A396F}"}
{"EventID": "300", "Channel": "Microsoft-Windows-DeviceSetupManager/Operational", "Provider_Name": "Microsoft-Windows-DeviceSetupManager", "Computer": "DESKTOP-OFJ6N53", "TimeCreated": "2024-05-13 16:03:21.274975+00:00", "RecordID": "11105", "Level": "4", "UserID": "S-1-5-18", "EventData.Prop_ContainerId": "{7EFCBE4E-A3A2-0C99-EC8F-27D6801A396F}"}
{"EventID": "300", "Channel": "Microsoft-Windows-DeviceSetupManager/Operational", "Provider_Name": "Microsoft-Windows-DeviceSetupManager", "Computer": "DESKTOP-OFJ6N53", "TimeCreated": "2024-05-13 16:03:21.277069+00:00", "RecordID": "11106", "Level": "4", "UserID": "S-1-5-18", "EventData.Prop_ContainerId": "{7EFCBE4E-A3A2-0C99-EC8F-27D6801A396F}"}
{"EventID": "300", "Channel": "Microsoft-Windows-DeviceSetupManager/Operational", "Provider_Name": "Microsoft-Windows-DeviceSetupManager", "Computer": "DESKTOP-OFJ6N53", "TimeCreated": "2024-05-14 09:04:22.611712+00:00", "RecordID": "11107", "Level": "4", "UserID": "S-1-5-18", "EventData.Prop_ContainerId": "{197E7828-D722-467C-B71E-B8ADA413FC91}"}
{"EventID": "300", "Channel": "Microsoft-Windows-DeviceSetupManager/Operational", "Provider_Name": "Microsoft-Windows-DeviceSetupManager", "Computer": "DESKTOP-OFJ6N53", "TimeCreated": "2024-05-14 09:05:10.005413+00:00", "RecordID": "11108", "Level": "4", "UserID": "S-1-5-18", "EventData.Prop_ContainerId": "{7EFCBE4E-A3A2-0C99-EC8F-27D6801A396F}"}
{"EventID": "300", "Channel": "Microsoft-Windows-DeviceSetupManager/Operational", "Provider_Name": "Microsoft-Windows-DeviceSetupManager", "Computer": "DESKTOP-OFJ6N53", "TimeCreated": "2024-05-14 09:25:04.176743+00:00", "RecordID": "11109", "Level": "4", "UserID": "S-1-5-18", "EventData.Prop_ContainerId": "{EF884296-AE57-47F2-81D6-AE6D5FDC838B}"}
{"EventID": "300", "Channel": "Microsoft-Windows-DeviceSetupManager/Operational", "Provider_Name": "Microsoft-Windows-DeviceSetupManager", "Computer": "DESKTOP-OFJ6N53", "TimeCreated": "2024-05-14 09:25:31.211563+00:00", "RecordID": "11110", "Level": "4", "UserID": "S-1-5-18", "EventData.Prop_ContainerId": "{87934F3C-3C4B-0125-41A3-01E43ED1E9E4}"}
{"EventID": "300", "Channel": "Microsoft-Windows-DeviceSetupManager/Operational", "Provider_Name": "Microsoft-Windows-DeviceSetupManager", "Computer": "DESKTOP-OFJ6N53", "TimeCreated": "2024-05-14 09:25:33.210852+00:00", "RecordID": "11111", "Level": "4", "UserID": "S-1-5-18", "EventData.Prop_ContainerId": "{E9E3DDDD-BBD6-13FA-3639-1A7119D4058A}"}
{"EventID": "300", "Channel": "Microsoft-Windows-DeviceSetupManager/Operational", "Provider_Name": "Microsoft-Windows-DeviceSetupManager", "Computer": "DESKTOP-OFJ6N53", "TimeCreated": "2024-05-14 09:39:01.213247+00:00", "RecordID": "11112", "Level": "4", "UserID": "S-1-5-18", "EventData.Prop_ContainerId": "{FF5C1666-213F-4BA5-9435-E828318ADC14}"}
{"EventID": "300", "Channel": "Microsoft-Windows-DeviceSetupManager/Operational", "Provider_Name": "Microsoft-Windows-DeviceSetupManager", "Computer": "DESKTOP-OFJ6N53", "TimeCreated": "2024-05-14 09:39:13.425936+00:00", "RecordID": "11113", "Level": "4", "UserID": "S-1-5-18", "EventData.Prop_ContainerId": "{87934F3C-3C4B-0125-41A3-01E43ED1E9E4}"}
{"EventID": "300", "Channel": "Microsoft-Windows-DeviceSetupManager/Operational", "Provider_Name": "Microsoft-Windows-DeviceSetupManager", "Computer": "DESKTOP-OFJ6N53", "TimeCreated": "2024-05-14 09:39:14.423201+00:00", "RecordID": "11114", "Level": "4", "UserID": "S-1-5-18", "EventData.Prop_ContainerId": "{E9E3DDDD-BBD6-13FA-3639-1A7119D4058A}"}
{"EventID": "300", "Channel": "Microsoft-Windows-DeviceSetupManager/Operational", "Provider_Name": "Microsoft-Windows-DeviceSetupManager", "Computer": "DESKTOP-OFJ6N53", "TimeCreated": "2024-05-15 12:56:05.682112+00:00", "RecordID": "11115", "Level": "4", "UserID": "S-1-5-18", "EventData.Prop_ContainerId": "{633CBF66-6490-46CC-B770-CCA10F921EF0}"}
{"EventID": "300", "Channel": "Microsoft-Windows-DeviceSetupManager/Operational", "Provider_Name": "Microsoft-Windows-DeviceSetupManager", "Computer": "DESKTOP-OFJ6N53", "TimeCreated": "2024-05-15 12:58:13.382668+00:00", "RecordID": "11116", "Level": "4", "UserID": "S-1-5-18", "EventData.Prop_ContainerId": "{87934F3C-3C4B-0125-41A3-01E43ED1E9E4}"}
{"EventID": "300", "Channel": "Microsoft-Windows-DeviceSetupManager/Operational", "Provider_Name": "Microsoft-Windows-DeviceSetupManager", "Computer": "DESKTOP-OFJ6N53", "TimeCreated": "2024-05-15 12:58:25.594725+00:00", "RecordID": "11117", "Level": "4", "UserID": "S-1-5-18", "EventData.Prop_ContainerId": "{E9E3DDDD-BBD6-13FA-3639-1A7119D4058A}"}
{"EventID": "300", "Channel": "Microsoft-Windows-DeviceSetupManager/Operational", "Provider_Name": "Microsoft-Windows-DeviceSetupManager", "Computer": "DESKTOP-OFJ6N53", "TimeCreated": "2024-05-15 12:59:11.637861+00:00", "RecordID": "11118", "Level": "4", "UserID": "S-1-5-18", "EventData.Prop_ContainerId": "{A8B0E861-A327-4B44-B56D-251737CE6153}"}
{"EventID": "300", "Channel": "Microsoft-Windows-DeviceSetupManager/Operational", "Provider_Name": "Microsoft-Windows-DeviceSetupManager", "Computer": "DESKTOP-OFJ6N53", "TimeCreated": "2024-05-15 12:59:31.120979+00:00", "RecordID": "11119", "Level": "4", "UserID": "S-1-5-18", "EventData.Prop_ContainerId": "{87934F3C-3C4B-0125-41A3-01E43ED1E9E4}"}
{"EventID": "300", "Channel": "Microsoft-Windows-DeviceSetupManager/Operational", "Provider_Name": "Microsoft-Windows-DeviceSetupManager", "Computer": "DESKTOP-OFJ6N53", "TimeCreated": "2024-05-15 12:59:36.105852+00:00", "RecordID": "11120", "Level": "4", "UserID": "S-1-5-18", "EventData.Prop_ContainerId": "{E9E3DDDD-BBD6-13FA-3639-1A7119D4058A}"}
{"EventID": "300", "Channel": "Microsoft-Windows-DeviceSetupManager/Operational", "Provider_Name": "Microsoft-Windows-DeviceSetupManager", "Computer": "DESKTOP-OFJ6N53", "TimeCreated": "2024-05-15 13:47:29.704300+00:00", "RecordID": "11121", "Level": "4", "UserID": "S-1-5-18", "EventData.Prop_ContainerId": "{F5AEF4B1-3C26-4633-A4EC-549CEB967DD6}"}
{"EventID": "300", "Channel": "Microsoft-Windows-DeviceSetupManager/Operational", "Provider_Name": "Microsoft-Windows-DeviceSetupManager", "Computer": "DESKTOP-OFJ6N53", "TimeCreated": "2024-05-15 13:47:56.646708+00:00", "RecordID": "11122", "Level": "4", "UserID": "S-1-5-18", "EventData.Prop_ContainerId": "{7EFCBE4E-A3A2-0C99-EC8F-27D6801A396F}"}
{"EventID": "300", "Channel": "Microsoft-Windows-DeviceSetupManager/Operational", "Provider_Name": "Microsoft-Windows-DeviceSetupManager", "Computer": "DESKTOP-OFJ6N53", "TimeCreated": "2024-05-15 14:05:27.534822+00:00", "RecordID": "11123", "Level": "4", "UserID": "S-1-5-18", "EventData.Prop_ContainerId": "{42A15D0A-313A-40FB-8725-C0CE8682788B}"}
{"EventID": "300", "Channel": "Microsoft-Windows-DeviceSetupManager/Operational", "Provider_Name": "Microsoft-Windows-DeviceSetupManager", "Computer": "DESKTOP-OFJ6N53", "TimeCreated": "2024-05-15 14:05:32.123539+00:00", "RecordID": "11124", "Level": "4", "UserID": "S-1-5-18", "EventData.Prop_ContainerId": "{7EFCBE4E-A3A2-0C99-EC8F-27D6801A396F}"}
{"EventID": "300", "Channel": "Microsoft-Windows-DeviceSetupManager/Operational", "Provider_Name": "Microsoft-Windows-DeviceSetupManager", "Computer": "DESKTOP-OFJ6N53", "TimeCreated": "2024-05-15 14:05:32.126245+00:00", "RecordID": "11125", "Level": "4", "UserID": "S-1-5-18", "EventData.Prop_ContainerId": "{7EFCBE4E-A3A2-0C99-EC8F-27D6801A396F}"}
{"EventID": "300", "Channel": "Microsoft-Windows-DeviceSetupManager/Operational", "Provider_Name": "Microsoft-Windows-DeviceSetupManager", "Computer": "DESKTOP-OFJ6N53", "TimeCreated": "2024-05-15 14:05:38.156988+00:00", "RecordID": "11126", "Level": "4", "UserID": "S-1-5-18", "EventData.Prop_ContainerId": "{87934F3C-3C4B-0125-41A3-01E43ED1E9E4}"}
{"EventID": "300", "Channel": "Microsoft-Windows-DeviceSetupManager/Operational", "Provider_Name": "Microsoft-Windows-DeviceSetupManager", "Computer": "DESKTOP-OFJ6N53", "TimeCreated": "2024-05-15 14:05:42.304674+00:00", "RecordID": "11127", "Level": "4", "UserID": "S-1-5-18", "EventData.Prop_ContainerId": "{E9E3DDDD-BBD6-13FA-3639-1A7119D4058A}"}
{"EventID": "300", "Channel": "Microsoft-Windows-DeviceSetupManager/Operational", "Provider_Name": "Microsoft-Windows-DeviceSetupManager", "Computer": "DESKTOP-OFJ6N53", "TimeCreated": "2024-05-15 14:05:52.039295+00:00", "RecordID": "11128", "Level": "4", "UserID": "S-1-5-18", "EventData.Prop_ContainerId": "{C0AFA17B-B98C-1DF6-F36B-593B01D6940E}"}
{"EventID": "300", "Channel": "Microsoft-Windows-DeviceSetupManager/Operational", "Provider_Name": "Microsoft-Windows-DeviceSetupManager", "Computer": "DESKTOP-OFJ6N53", "TimeCreated": "2024-05-15 14:05:56.942730+00:00", "RecordID": "11129", "Level": "4", "UserID": "S-1-5-18", "EventData.Prop_ContainerId": "{7CEFF46A-507C-1FD8-CE94-49A07ED964C4}"}
{"EventID": "300", "Channel": "Microsoft-Windows-DeviceSetupManager/Operational", "Provider_Name": "Microsoft-Windows-DeviceSetupManager", "Computer": "DESKTOP-OFJ6N53", "TimeCreated": "2024-05-15 14:05:58.078897+00:00", "RecordID": "11130", "Level": "4", "UserID": "S-1-5-18", "EventData.Prop_ContainerId": "{3AFC786F-6BDF-5A77-88C1-BE39323D0F1D}"}
{"EventID": "300", "Channel": "Microsoft-Windows-DeviceSetupManager/Operational", "Provider_Name": "Microsoft-Windows-DeviceSetupManager", "Computer": "DESKTOP-OFJ6N53", "TimeCreated": "2024-05-15 14:19:04.544010+00:00", "RecordID": "11131", "Level": "4", "UserID": "S-1-5-18", "EventData.Prop_ContainerId": "{5A8AD882-422C-45AE-BF54-8C7392C7CE79}"}
{"EventID": "300", "Channel": "Microsoft-Windows-DeviceSetupManager/Operational", "Provider_Name": "Microsoft-Windows-DeviceSetupManager", "Computer": "DESKTOP-OFJ6N53", "TimeCreated": "2024-05-15 14:20:09.124376+00:00", "RecordID": "11132", "Level": "4", "UserID": "S-1-5-18", "EventData.Prop_ContainerId": "{C0AFA17B-B98C-1DF6-F36B-593B01D6940E}"}
{"EventID": "300", "Channel": "Microsoft-Windows-DeviceSetupManager/Operational", "Provider_Name": "Microsoft-Windows-DeviceSetupManager", "Computer": "DESKTOP-OFJ6N53", "TimeCreated": "2024-05-15 14:20:19.382458+00:00", "RecordID": "11133", "Level": "4", "UserID": "S-1-5-18", "EventData.Prop_ContainerId": "{1650602B-DFC8-4C32-B6BA-7B382AB7B02D}"}
{"EventID": "300", "Channel": "Microsoft-Windows-DeviceSetupManager/Operational", "Provider_Name": "Microsoft-Windows-DeviceSetupManager", "Computer": "DESKTOP-OFJ6N53", "TimeCreated": "2024-05-15 14:20:54.324282+00:00", "RecordID": "11134", "Level": "4", "UserID": "S-1-5-18", "EventData.Prop_ContainerId": "{2F669ED7-CE8C-4FC9-BEB5-ACCF532034D5}"}
{"EventID": "300", "Channel": "Microsoft-Windows-DeviceSetupManager/Operational", "Provider_Name": "Microsoft-Windows-DeviceSetupManager", "Computer": "DESKTOP-OFJ6N53", "TimeCreated": "2024-05-15 14:21:30.781015+00:00", "RecordID": "11135", "Level": "4", "UserID": "S-1-5-18", "EventData.Prop_ContainerId": "{7EFCBE4E-A3A2-0C99-EC8F-27D6801A396F}"}
{"EventID": "300", "Channel": "Microsoft-Windows-DeviceSetupManager/Operational", "Provider_Name": "Microsoft-Windows-DeviceSetupManager", "Computer": "DESKTOP-OFJ6N53", "TimeCreated": "2024-05-16 23:19:24.872721+00:00", "RecordID": "11136", "Level": "4", "UserID": "S-1-5-18", "EventData.Prop_ContainerId": "{D0112292-0976-4EA0-9E79-F7B6AD9256E2}"}
{"EventID": "300", "Channel": "Microsoft-Windows-DeviceSetupManager/Operational", "Provider_Name": "Microsoft-Windows-DeviceSetupManager", "Computer": "DESKTOP-OFJ6N53", "TimeCreated": "2024-05-16 23:19:56.362417+00:00", "RecordID": "11137", "Level": "4", "UserID": "S-1-5-18", "EventData.Prop_ContainerId": "{7EFCBE4E-A3A2-0C99-EC8F-27D6801A396F}"}
{"EventID": "300", "Channel": "Microsoft-Windows-DeviceSetupManager/Operational", "Provider_Name": "Microsoft-Windows-DeviceSetupManager", "Computer": "DESKTOP-OFJ6N53", "TimeCreated": "2024-05-16 23:20:15.703356+00:00", "RecordID": "11138", "Level": "4", "UserID": "S-1-5-18", "EventData.Prop_ContainerId": "{11FBD88C-B31B-4CE8-9E96-55DBE0155499}"}
