{"EventID": "614", "Channel": "Microsoft-Windows-AppXDeploymentServer/Operational", "Provider_Name": "Microsoft-Windows-AppXDeployment-Server", "Computer": "DESKTOP-OFJ6N53", "TimeCreated": "2025-08-01 21:35:08.089369+00:00", "RecordID": "115216", "Level": "5", "UserID": "S-1-5-21-963789628-1060504924-4285088085-1001", "EventData.PathOne": "C:\\Program Files\\WindowsApps\\Microsoft.BingWeather_4.54.63026.0_neutral_~_8wekyb3d8bbwe\\AppxMetadata\\AppxBundleManifest.xml", "EventData.PathTwo": "\"Weather_4.54.63026.0_x64.msix\": Microsoft.BingWeather_4.54.63026.0_x64__8wekyb3d8bbwe \"Weather_4.54.63026.0_x86.msix\": Microsoft.BingWeather_4.54.63026.0_x86__8wekyb3d8bbwe \"Weather_4.54.63026.0_ARM64.msix\": Microsoft.BingWeather_4.54.63026.0_arm64__8wekyb3d8bbwe \"Weather_4.54.63026.0_language-zu.msix\": Microsoft.BingWeather_4.54.63026.0_neutral_split.language-zu_8wekyb3d8bbwe \"Weather_4.54.63026.0_language-quz-latn.msix\": Microsoft.BingWeather_4.54.63026.0_neutral_split.language-quz-latn_8wekyb3d8bbwe \"Weather_4.54.63026.0_language-pa.msix\": Microsoft.BingWeather_4.54.63026.0_neutral_split.language-pa_8wekyb3d8bbwe \"Weather_4.54.63026.0_language-zh-hans.msix\": Microsoft.BingWeather_4.54.63026.0_neutral_split.language-zh-hans_8wekyb3d8bbwe \"Weather_4.54.63026.0_language-pa-arab.msix\": Microsoft.BingWeather_4.54.63026.0_neutral_split.language-pa-arab_8wekyb3d8bbwe \"Weather_4.54.63026.0_language-ru.msix\": Microsoft.BingWeather_4.54.63026.0_neutral_split.language-ru_8wekyb3d8bbwe \"Weather_4.54.63026.0_language-rw.msix\": Microsoft.BingWeather_4.54.63026.0_neutral_split.language-rw_8wekyb3d8bbwe \"Weather_4.54.63026.0_language-vi.msix\": Microsoft.BingWeather_4.54.63026.0_neutral_split.language-vi_8wekyb3d8bbwe \"Weather_4.54.63026.0_language-nl.msix\": Microsoft.BingWeather_4.54.63026.0_neutral_split.language-nl_8wekyb3d8bbwe \"Weather_4.54.63026.0_language-ca.msix\": Microsoft.BingWeather_4.54.63026.0_neutral_split.language-ca_8wekyb3d8bbwe \"Weather_4.54.63026.0_language-uz-latn.msix\": Microsoft.BingWeather_4.54.63026.0_neutral_split.language-uz-latn_8wekyb3d8bbwe \"Weather_4.54.63026.0_language-cs.msix\": Microsoft.BingWeather_4.54.63026.0_neutral_split.language-cs_8wekyb3d8bbwe \"Weather_4.54.63026.0_language-ne.msix\": Microsoft.BingWeather_4.54.63026.0_neutral_split.language-ne_8wekyb3d8bbwe \"Weather_4.54.63026.0_language-sd-arab.msix\": Microsoft.BingWeather_4.54.63026.0_neutral_split.language-sd-arab_8wekyb3d8bbwe \"Weather_4.54.63026.0_language-de.msix\": Microsoft.BingWeather_4.54.63026.0_neutral_split.language-de_8wekyb3d8bbwe \"Weather_4.54.63026.0_language-sq.msix\": Microsoft.BingWeather_4.54.63026.0_neutral_split.language-sq_8wekyb3d8bbwe \"Weather_4.54.63026.0_language-kn.msix\": Microsoft.BingWeather_4.54.63026.0_neutral_split.language-kn_8wekyb3d8bbwe \"Weather_4.54.63026.0_language-te.msix\": Microsoft.BingWeather_4.54.63026.0_neutral_split.language-te_8wekyb3d8bbwe \"Weather_4.54.63026.0_language-ur.msix\": Microsoft.BingWeather_4.54.63026.0_neutral_split.language-ur_8wekyb3d8bbwe \"Weather_4.54.63026.0_language-th.msix\": Microsoft.BingWeather_4.54.63026.0_neutral_split.language-th_8wekyb3d8bbwe \"Weather_4.54.63026.0_language-prs-arab.msix\": Microsoft.BingWeather_4.54.63026.0_neutral_split.language-prs-arab_8wekyb3d8bbwe \"Weather_4.54.63026.0_language-tt-cyrl.msix\": Microsoft.BingWeather_4.54.63026.0_neutral_split.language-tt-cyrl_8wekyb3d8bbwe \"Weather_4.54.63026.0_language-ti.msix\": Microsoft.BingWeather_4.54.63026.0_neutral_split.language-ti_8wekyb3d8bbwe \"Weather_4.54.63026.0_language-tn.msix\": Microsoft.BingWeather_4.54.63026.0_neutral_split.language-tn_8wekyb3d8bbwe \"Weather_4.54.63026.0_language-gd-latn.msix\": Microsoft.BingWeather_4.54.63026.0_neutral_split.language-gd-latn_8wekyb3d8bbwe \"Weather_4.54.63026.0_language-tr.msix\": Microsoft.BingWeather_4.54.63026.0_neutral_split.language-tr_8wekyb3d8bbwe \"Weather_4.54.63026.0_language-gu.msix\": Microsoft.BingWeather_4.54.63026.0_neutral_split.language-gu_8wekyb3d8bbwe \"Weather_4.54.63026.0_language-tk-latn.msix\": Microsoft.BingWeather_4.54.63026.0_neutral_split.language-tk-latn_8wekyb3d8bbwe \"Weather_4.54.63026.0_language-he.msix\": Microsoft.BingWeather_4.54.63026.0_neutral_split.language-he_8wekyb3d8bbwe \"Weather_4.54.63026.0_language-fr.msix\": Microsoft.BingWeather_4.54.63026.0_neutral_split.language-fr_8wekyb3d8bbwe \"Weather_4.54.63026.0_language-hr.msix\": Microsoft.BingWeather_4.54.63026.0_neutral_split.language-hr_8wekyb3d8bbwe \"Weather_4.54.63026.0_language-hu.msix\": Microsoft.BingWeather_4.54.63026.0_neutral_split.language-hu_8wekyb3d8bbwe \"Weather_4.54.63026.0_language-hy.msix\": Microsoft.BingWeather_4.54.63026.0_neutral_split.language-hy_8wekyb3d8bbwe \"Weather_4.54.63026.0_language-uk.msix\": Microsoft.BingWeather_4.54.63026.0_neutral_split.language-uk_8wekyb3d8bbwe \"Weather_4.54.63026.0_language-ig-latn.msix\": Microsoft.BingWeather_4.54.63026.0_neutral_split.language-ig-latn_8wekyb3d8bbwe \"Weather_4.54.63026.0_language-is.msix\": Microsoft.BingWeather_4.54.63026.0_neutral_split.language-is_8wekyb3d8bbwe \"Weather_4.54.63026.0_language-fa.msix\": Microsoft.BingWeather_4.54.63026.0_neutral_split.language-fa_8wekyb3d8bbwe \"Weather_4.54.63026.0_language-tg-cyrl.msix\": Microsoft.BingWeather_4.54.63026.0_neutral_split.language-tg-cyrl_8wekyb3d8bbwe \"Weather_4.54.63026.0_language-ka.msix\": Microsoft.BingWeather_4.54.63026.0_neutral_split.language-ka_8wekyb3d8bbwe \"Weather_4.54.63026.0_language-kk.msix\": Microsoft.BingWeather_4.54.63026.0_neutral_split.language-kk_8wekyb3d8bbwe \"Weather_4.54.63026.0_language-et.msix\": Microsoft.BingWeather_4.54.63026.0_neutral_split.language-et_8wekyb3d8bbwe \"Weather_4.54.63026.0_language-es.msix\": Microsoft.BingWeather_4.54.63026.0_neutral_split.language-es_8wekyb3d8bbwe \"Weather_4.54.63026.0_language-ko.msix\": Microsoft.BingWeather_4.54.63026.0_neutral_split.language-ko_8wekyb3d8bbwe \"Weather_4.54.63026.0_language-kok.msix\": Microsoft.BingWeather_4.54.63026.0_neutral_split.language-kok_8wekyb3d8bbwe \"Weather_4.54.63026.0_language-ku-arab.msix\": Microsoft.BingWeather_4.54.63026.0_neutral_split.language-ku-arab_8wekyb3d8bbwe \"Weather_4.54.63026.0_language-ky-cyrl.msix\": Microsoft.BingWeather_4.54.63026.0_neutral_split.language-ky-cyrl_8wekyb3d8bbwe \"Weather_4.54.63026.0_language-lb.msix\": Microsoft.BingWeather_4.54.63026.0_neutral_split.language-lb_8wekyb3d8bbwe \"Weather_4.54.63026.0_language-lo.msix\": Microsoft.BingWeather_4.54.63026.0_neutral_split.language-lo_8wekyb3d8bbwe \"Weather_4.54.63026.0_language-sw.msix\": Microsoft.BingWeather_4.54.63026.0_neutral_split.language-sw_8wekyb3d8bbwe \"Weather_4.54.63026.0_language-sv.msix\": Microsoft.BingWeather_4.54.63026.0_neutral_split.language-sv_8wekyb3d8bbwe \"Weather_4.54.63026.0_language-mi-latn.msix\": Microsoft.BingWeather_4.54.63026.0_neutral_split.language-mi-latn_8wekyb3d8bbwe \"Weather_4.54.63026.0_language-mk.msix\": Microsoft.BingWeather_4.54.63026.0_neutral_split.language-mk_8wekyb3d8bbwe \"Weather_4.54.63026.0_language-el.msix\": Microsoft.BingWeather_4.54.63026.0_neutral_split.language-el_8wekyb3d8bbwe \"Weather_4.54.63026.0_language-mr.msix\": Microsoft.BingWeather_4.54.63026.0_neutral_split.language-mr_8wekyb3d8bbwe \"Weather_4.54.63026.0_language-sk.msix\": Microsoft.BingWeather_4.54.63026.0_neutral_split.language-sk_8wekyb3d8bbwe \"Weather_4.54.63026.0_language-ms.msix\": Microsoft.BingWeather_4.54.63026.0_neutral_split.language-ms_8wekyb3d8bbwe \"Weather_4.54.63026.0_language-da.msix\": Microsoft.BingWeather_4.54.63026.0_neutral_split.language-da_8wekyb3d8bbwe \"Weather_4.54.63026.0_language-nb.msix\": Microsoft.BingWeather_4.54.63026.0_neutral_split.language-nb_8wekyb3d8bbwe \"Weather_4.54.63026.0_language-cy.msix\": Microsoft.BingWeather_4.54.63026.0_neutral_split.language-cy_8wekyb3d8bbwe \"Weather_4.54.63026.0_language-bs.msix\": Microsoft.BingWeather_4.54.63026.0_neutral_split.language-bs_8wekyb3d8bbwe \"Weather_4.54.63026.0_language-bg.msix\": Microsoft.BingWeather_4.54.63026.0_neutral_split.language-bg_8wekyb3d8bbwe \"Weather_4.54.63026.0_language-be.msix\": Microsoft.BingWeather_4.54.63026.0_neutral_split.language-be_8wekyb3d8bbwe \"Weather_4.54.63026.0_language-or.msix\": Microsoft.BingWeather_4.54.63026.0_neutral_split.language-or_8wekyb3d8bbwe \"Weather_4.54.63026.0_language-az-latn.msix\": Microsoft.BingWeather_4.54.63026.0_neutral_split.language-az-latn_8wekyb3d8bbwe \"Weather_4.54.63026.0_language-ar.msix\": Microsoft.BingWeather_4.54.63026.0_neutral_split.language-ar_8wekyb3d8bbwe \"Weather_4.54.63026.0_language-am.msix\": Microsoft.BingWeather_4.54.63026.0_neutral_split.language-am_8wekyb3d8bbwe \"Weather_4.54.63026.0_language-id.msix\": Microsoft.BingWeather_4.54.63026.0_neutral_split.language-id_8wekyb3d8bbwe \"Weather_4.54.63026.0_language-hi.msix\": Microsoft.BingWeather_4.54.63026.0_neutral_split.language-hi_8wekyb3d8bbwe \"Weather_4.54.63026.0_language-af.msix\": Microsoft.BingWeather_4.54.63026.0_neutral_split.language-af_8wekyb3d8bbwe \"Weather_4.54.63026.0_language-quc-latn.msix\": Microsoft.BingWeather_4.54.63026.0_neutral_split.language-quc-latn_8wekyb3d8bbwe \"Weather_4.54.63026.0_language-pl.msix\": Microsoft.BingWeather_4.54.63026.0_neutral_split.language-pl_8wekyb3d8bbwe \"Weather_4.54.63026.0_language-ro.msix\": Microsoft.BingWeather_4.54.63026.0_neutral_split.language-ro_8wekyb3d8bbwe \"Weather_4.54.63026.0_language-nso.msix\": Microsoft.BingWeather_4.54.63026.0_neutral_split.language-nso_8wekyb3d8bbwe \"Weather_4.54.63026.0_language-nn.msix\": Microsoft.BingWeather_4.54.63026.0_neutral_split.language-nn_8wekyb3d8bbwe \"Weather_4.54.63026.0_language-mt.msix\": Microsoft.BingWeather_4.54.63026.0_neutral_split.language-mt_8wekyb3d8bbwe \"Weather_4.54.63026.0_language-si.msix\": Microsoft.BingWeather_4.54.63026.0_neutral_split.language-si_8wekyb3d8bbwe \"Weather_4.54.63026.0_language-zh-hant.msix\": Microsoft.BingWeather_4.54.63026.0_neutral_split.language-zh-hant_8wekyb3d8bbwe \"Weather_4.54.63026.0_language-as.msix\": Microsoft.BingWeather_4.54.63026.0_neutral_split.language-as_8wekyb3d8bbwe \"Weather_4.54.63026.0_language-ml.msix\": Microsoft.BingWeather_4.54.63026.0_neutral_split.language-ml_8wekyb3d8bbwe \"Weather_4.54.63026.0_language-yo-latn.msix\": Microsoft.BingWeather_4.54.63026.0_neutral_split.language-yo-latn_8wekyb3d8bbwe \"Weather_4.54.63026.0_language-sr-latn.msix\": Microsoft.BingWeather_4.54.63026.0_neutral_split.language-sr-latn_8wekyb3d8bbwe \"Weather_4.54.63026.0_language-lv.msix\": Microsoft.BingWeather_4.54.63026.0_neutral_split.language-lv_8wekyb3d8bbwe \"Weather_4.54.63026.0_language-lt.msix\": Microsoft.BingWeather_4.54.63026.0_neutral_split.language-lt_8wekyb3d8bbwe \"Weather_4.54.63026.0_language-ta.msix\": Microsoft.BingWeather_4.54.63026.0_neutral_split.language-ta_8wekyb3d8bbwe \"Weather_4.54.63026.0_language-km.msix\": Microsoft.BingWeather_4.54.63026.0_neutral_split.language-km_8wekyb3d8bbwe \"Weather_4.54.63026.0_language-ja.msix\": Microsoft.BingWeather_4.54.63026.0_neutral_split.language-ja_8wekyb3d8bbwe \"Weather_4.54.63026.0_language-it.msix\": Microsoft.BingWeather_4.54.63026.0_neutral_split.language-it_8wekyb3d8bbwe \"Weather_4.54.63026.0_language-mn-cyrl.msix\": Microsoft.BingWeather_4.54.63026.0_neutral_split.language-mn-cyrl_8wekyb3d8bbwe \"Weather_4.54.63026.0_language-ha-latn.msix\": Microsoft.BingWeather_4.54.63026.0_neutral_split.language-ha-latn_8wekyb3d8bbwe \"Weather_4.54.63026.0_language-gl.msix\": Microsoft.BingWeather_4.54.63026.0_neutral_split.language-gl_8wekyb3d8bbwe \"Weather_4.54.63026.0_language-ga.msix\": Microsoft.BingWeather_4.54.63026.0_neutral_split.language-ga_8wekyb3d8bbwe \"Weather_4.54.63026.0_language-fil-latn.msix\": Microsoft.BingWeather_4.54.63026.0_neutral_split.language-fil-latn_8wekyb3d8bbwe \"Weather_4.54.63026.0_language-ug-arab.msix\": Microsoft.BingWeather_4.54.63026.0_neutral_split.language-ug-arab_8wekyb3d8bbwe \"Weather_4.54.63026.0_language-fi.msix\": Microsoft.BingWeather_4.54.63026.0_neutral_split.language-fi_8wekyb3d8bbwe \"Weather_4.54.63026.0_language-xh.msix\": Microsoft.BingWeather_4.54.63026.0_neutral_split.language-xh_8wekyb3d8bbwe \"Weather_4.54.63026.0_language-chr-cher.msix\": Microsoft.BingWeather_4.54.63026.0_neutral_split.language-chr-cher_8wekyb3d8bbwe \"Weather_4.54.63026.0_language-bn.msix\": Microsoft.BingWeather_4.54.63026.0_neutral_split.language-bn_8wekyb3d8bbwe \"Weather_4.54.63026.0_language-wo-latn.msix\": Microsoft.BingWeather_4.54.63026.0_neutral_split.language-wo-latn_8wekyb3d8bbwe \"Weather_4.54.63026.0_language-sr-cyrl.msix\": Microsoft.BingWeather_4.54.63026.0_neutral_split.language-sr-cyrl_8wekyb3d8bbwe \"Weather_4.54.63026.0_language-sl.msix\": Microsoft.BingWeather_4.54.63026.0_neutral_split.language-sl_8wekyb3d8bbwe \"Weather_4.54.63026.0_language-eu.msix\": Microsoft.BingWeather_4.54.63026.0_neutral_split.language-eu_8wekyb3d8bbwe \"Weather_4.54.63026.0_scale-100.msix\": Microsoft.BingWeather_4.54.63026.0_neutral_split.scale-100_8wekyb3d8bbwe \"Weather_4.54.63026.0_language-pt.msix\": Microsoft.BingWeather_4.54.63026.0_neutral_split.language-pt_8wekyb3d8bbwe \"Weather_4.54.63026.0_language-qps-ploc.msix\": Microsoft.BingWeather_4.54.63026.0_neutral_split.language-qps-ploc_8wekyb3d8bbwe \"Weather_4.54.63026.0_scale-125.msix\": Microsoft.BingWeather_4.54.63026.0_neutral_split.scale-125_8wekyb3d8bbwe \"Weather_4.54.63026.0_scale-150.msix\": Microsoft.BingWeather_4.54.63026.0_neutral_split.scale-150_8wekyb3d8bbwe \"Weather_4.54.63026.0_scale-400.msix\": Microsoft.BingWeather_4.54.63026.0_neutral_split.scale-400_8wekyb3d8bbwe"}
{"EventID": "854", "Channel": "Microsoft-Windows-AppXDeploymentServer/Operational", "Provider_Name": "Microsoft-Windows-AppXDeployment-Server", "Computer": "DESKTOP-OFJ6N53", "TimeCreated": "2025-08-01 21:35:08.102873+00:00", "RecordID": "115217", "Level": "4", "UserID": "S-1-5-21-963789628-1060504924-4285088085-1001", "EventData.Path": "C:\\Program Files\\WindowsApps\\Microsoft.BingWeather_4.54.63026.0_neutral_~_8wekyb3d8bbwe\\AppxMetadata\\AppxBundleManifest.xml C:\\Program Files\\WindowsApps\\Microsoft.BingWeather_4.54.63026.0_x64__8wekyb3d8bbwe\\AppxManifest.xml C:\\Program Files\\WindowsApps\\Microsoft.BingWeather_4.54.63026.0_neutral_split.scale-100_8wekyb3d8bbwe\\AppxManifest.xml C:\\Program Files\\WindowsApps\\Microsoft.BingWeather_4.54.63026.0_neutral_split.language-ru_8wekyb3d8bbwe\\AppxManifest.xml C:\\Program Files\\WindowsApps\\Microsoft.BingWeather_4.54.63026.0_neutral_split.scale-125_8wekyb3d8bbwe\\AppxManifest.xml"}
{"EventID": "855", "Channel": "Microsoft-Windows-AppXDeploymentServer/Operational", "Provider_Name": "Microsoft-Windows-AppXDeployment-Server", "Computer": "DESKTOP-OFJ6N53", "TimeCreated": "2025-08-01 21:35:08.289646+00:00", "RecordID": "115218", "Level": "4", "UserID": "S-1-5-21-963789628-1060504924-4285088085-1001", "EventData.PackageMoniker": "updateList: Microsoft.BingWeather_4.54.63007.0_neutral_~_8wekyb3d8bbwe is updating to Microsoft.BingWeather_4.54.63026.0_neutral_~_8wekyb3d8bbwe Microsoft.BingWeather_4.54.63007.0_x64__8wekyb3d8bbwe is updating to Microsoft.BingWeather_4.54.63026.0_x64__8wekyb3d8bbwe Microsoft.BingWeather_4.54.63007.0_neutral_split.scale-100_8wekyb3d8bbwe is updating to Microsoft.BingWeather_4.54.63026.0_neutral_split.scale-100_8wekyb3d8bbwe Microsoft.BingWeather_4.54.63007.0_neutral_split.language-ru_8wekyb3d8bbwe is updating to Microsoft.BingWeather_4.54.63026.0_neutral_split.language-ru_8wekyb3d8bbwe Microsoft.BingWeather_4.54.63007.0_neutral_split.scale-125_8wekyb3d8bbwe is updating to Microsoft.BingWeather_4.54.63026.0_neutral_split.scale-125_8wekyb3d8bbwe"}
{"EventID": "9645", "Channel": "Microsoft-Windows-AppXDeploymentServer/Operational", "Provider_Name": "Microsoft-Windows-AppXDeployment-Server", "Computer": "DESKTOP-OFJ6N53", "TimeCreated": "2025-08-01 21:35:08.429941+00:00", "RecordID": "115219", "Level": "5", "UserID": "S-1-5-21-963789628-1060504924-4285088085-1001", "EventData.ErrorCode": "0x00000000", "EventData.String": "Microsoft.BingWeather_4.54.63007.0_x64__8wekyb3d8bbwe"}
{"EventID": "10000", "Channel": "Microsoft-Windows-AppXDeploymentServer/Operational", "Provider_Name": "Microsoft-Windows-AppXDeployment-Server", "Computer": "DESKTOP-OFJ6N53", "TimeCreated": "2025-08-01 21:35:08.431559+00:00", "RecordID": "115220", "Level": "5", "UserID": "S-1-5-18", "EventData.PackageFullName": "Microsoft.BingWeather_4.54.63007.0_x64__8wekyb3d8bbwe", "EventData.ErrorCode": "0x00000000"}
{"EventID": "10000", "Channel": "Microsoft-Windows-AppXDeploymentServer/Operational", "Provider_Name": "Microsoft-Windows-AppXDeployment-Server", "Computer": "DESKTOP-OFJ6N53", "TimeCreated": "2025-08-01 21:35:08.431887+00:00", "RecordID": "115221", "Level": "5", "UserID": "S-1-5-18", "EventData.PackageFullName": "Microsoft.BingWeather_4.54.63026.0_x64__8wekyb3d8bbwe", "EventData.ErrorCode": "0x00000000"}
{"EventID": "9645", "Channel": "Microsoft-Windows-AppXDeploymentServer/Operational", "Provider_Name": "Microsoft-Windows-AppXDeployment-Server", "Computer": "DESKTOP-OFJ6N53", "TimeCreated": "2025-08-01 21:35:08.449011+00:00", "RecordID": "115222", "Level": "5", "UserID": "S-1-5-21-963789628-1060504924-4285088085-1001", "EventData.ErrorCode": "0x00000000", "EventData.String": "Microsoft.BingWeather_4.54.63007.0_x64__8wekyb3d8bbwe"}
{"EventID": "5506", "Channel": "Microsoft-Windows-AppXDeploymentServer/Operational", "Provider_Name": "Microsoft-Windows-AppXDeployment-Server", "Computer": "DESKTOP-OFJ6N53", "TimeCreated": "2025-08-01 21:35:08.537931+00:00", "RecordID": "115223", "Level": "5", "UserID": "S-1-5-18", "EventData.PackageName": "Microsoft.BingWeather_4.54.63026.0_x64__8wekyb3d8bbwe", "EventData.FilePath": "C:\\Program Files\\WindowsApps\\Microsoft.BingWeather_4.54.63026.0_x64__8wekyb3d8bbwe\\microsoft.system.package.metadata\\resources.836129e9.pri", "EventData.Message": "Created shared merged PRI file"}
{"EventID": "5505", "Channel": "Microsoft-Windows-AppXDeploymentServer/Operational", "Provider_Name": "Microsoft-Windows-AppXDeployment-Server", "Computer": "DESKTOP-OFJ6N53", "TimeCreated": "2025-08-01 21:35:08.538494+00:00", "RecordID": "115224", "Level": "5", "UserID": "S-1-5-18", "EventData.PackageName": "Microsoft.BingWeather_4.54.63026.0_x64__8wekyb3d8bbwe", "EventData.FilePath": "C:\\Program Files\\WindowsApps\\Microsoft.BingWeather_4.54.63026.0_x64__8wekyb3d8bbwe\\microsoft.system.package.metadata\\S-1-5-21-963789628-1060504924-4285088085-1001-MergedResources-29.pri", "EventData.Message": "Linked user-specific merged PRI file"}
{"EventID": "8100", "Channel": "Microsoft-Windows-AppXDeploymentServer/Operational", "Provider_Name": "Microsoft-Windows-AppXDeployment-Server", "Computer": "DESKTOP-OFJ6N53", "TimeCreated": "2025-08-01 21:35:08.557980+00:00", "RecordID": "115225", "Level": "5", "UserID": "S-1-5-18", "EventData.PackageFullName": "Microsoft.BingWeather_4.54.63026.0_x64__8wekyb3d8bbwe", "EventData.Flags": "0x00000009"}
{"EventID": "8106", "Channel": "Microsoft-Windows-AppXDeploymentServer/Operational", "Provider_Name": "Microsoft-Windows-AppXDeployment-Server", "Computer": "DESKTOP-OFJ6N53", "TimeCreated": "2025-08-01 21:35:08.560490+00:00", "RecordID": "115226", "Level": "5", "UserID": "S-1-5-18", "EventData.PackageFullName": "Microsoft.BingWeather_4.54.63026.0_x64__8wekyb3d8bbwe", "EventData.Flags": "0x00000009"}
{"EventID": "8101", "Channel": "Microsoft-Windows-AppXDeploymentServer/Operational", "Provider_Name": "Microsoft-Windows-AppXDeployment-Server", "Computer": "DESKTOP-OFJ6N53", "TimeCreated": "2025-08-01 21:35:08.560511+00:00", "RecordID": "115227", "Level": "5", "UserID": "S-1-5-18", "EventData.PackageFullName": "Microsoft.BingWeather_4.54.63026.0_x64__8wekyb3d8bbwe", "EventData.Flags": "0x00000009"}
{"EventID": "8100", "Channel": "Microsoft-Windows-AppXDeploymentServer/Operational", "Provider_Name": "Microsoft-Windows-AppXDeployment-Server", "Computer": "DESKTOP-OFJ6N53", "TimeCreated": "2025-08-01 21:35:08.560514+00:00", "RecordID": "115228", "Level": "5", "UserID": "S-1-5-18", "EventData.PackageFullName": "Microsoft.BingWeather_4.54.63026.0_neutral_split.scale-100_8wekyb3d8bbwe", "EventData.Flags": "0x00000009"}
{"EventID": "8106", "Channel": "Microsoft-Windows-AppXDeploymentServer/Operational", "Provider_Name": "Microsoft-Windows-AppXDeployment-Server", "Computer": "DESKTOP-OFJ6N53", "TimeCreated": "2025-08-01 21:35:08.562897+00:00", "RecordID": "115229", "Level": "5", "UserID": "S-1-5-18", "EventData.PackageFullName": "Microsoft.BingWeather_4.54.63026.0_neutral_split.scale-100_8wekyb3d8bbwe", "EventData.Flags": "0x00000009"}
{"EventID": "8101", "Channel": "Microsoft-Windows-AppXDeploymentServer/Operational", "Provider_Name": "Microsoft-Windows-AppXDeployment-Server", "Computer": "DESKTOP-OFJ6N53", "TimeCreated": "2025-08-01 21:35:08.562914+00:00", "RecordID": "115230", "Level": "5", "UserID": "S-1-5-18", "EventData.PackageFullName": "Microsoft.BingWeather_4.54.63026.0_neutral_split.scale-100_8wekyb3d8bbwe", "EventData.Flags": "0x00000009"}
{"EventID": "8100", "Channel": "Microsoft-Windows-AppXDeploymentServer/Operational", "Provider_Name": "Microsoft-Windows-AppXDeployment-Server", "Computer": "DESKTOP-OFJ6N53", "TimeCreated": "2025-08-01 21:35:08.562916+00:00", "RecordID": "115231", "Level": "5", "UserID": "S-1-5-18", "EventData.PackageFullName": "Microsoft.BingWeather_4.54.63026.0_neutral_split.language-ru_8wekyb3d8bbwe", "EventData.Flags": "0x00000009"}
{"EventID": "8106", "Channel": "Microsoft-Windows-AppXDeploymentServer/Operational", "Provider_Name": "Microsoft-Windows-AppXDeployment-Server", "Computer": "DESKTOP-OFJ6N53", "TimeCreated": "2025-08-01 21:35:08.565128+00:00", "RecordID": "115232", "Level": "5", "UserID": "S-1-5-18", "EventData.PackageFullName": "Microsoft.BingWeather_4.54.63026.0_neutral_split.language-ru_8wekyb3d8bbwe", "EventData.Flags": "0x00000009"}
{"EventID": "8101", "Channel": "Microsoft-Windows-AppXDeploymentServer/Operational", "Provider_Name": "Microsoft-Windows-AppXDeployment-Server", "Computer": "DESKTOP-OFJ6N53", "TimeCreated": "2025-08-01 21:35:08.565145+00:00", "RecordID": "115233", "Level": "5", "UserID": "S-1-5-18", "EventData.PackageFullName": "Microsoft.BingWeather_4.54.63026.0_neutral_split.language-ru_8wekyb3d8bbwe", "EventData.Flags": "0x00000009"}
{"EventID": "8100", "Channel": "Microsoft-Windows-AppXDeploymentServer/Operational", "Provider_Name": "Microsoft-Windows-AppXDeployment-Server", "Computer": "DESKTOP-OFJ6N53", "TimeCreated": "2025-08-01 21:35:08.565151+00:00", "RecordID": "115234", "Level": "5", "UserID": "S-1-5-18", "EventData.PackageFullName": "Microsoft.BingWeather_4.54.63026.0_neutral_split.scale-125_8wekyb3d8bbwe", "EventData.Flags": "0x00000009"}
{"EventID": "8106", "Channel": "Microsoft-Windows-AppXDeploymentServer/Operational", "Provider_Name": "Microsoft-Windows-AppXDeployment-Server", "Computer": "DESKTOP-OFJ6N53", "TimeCreated": "2025-08-01 21:35:08.567104+00:00", "RecordID": "115235", "Level": "5", "UserID": "S-1-5-18", "EventData.PackageFullName": "Microsoft.BingWeather_4.54.63026.0_neutral_split.scale-125_8wekyb3d8bbwe", "EventData.Flags": "0x00000009"}
{"EventID": "8101", "Channel": "Microsoft-Windows-AppXDeploymentServer/Operational", "Provider_Name": "Microsoft-Windows-AppXDeployment-Server", "Computer": "DESKTOP-OFJ6N53", "TimeCreated": "2025-08-01 21:35:08.567118+00:00", "RecordID": "115236", "Level": "5", "UserID": "S-1-5-18", "EventData.PackageFullName": "Microsoft.BingWeather_4.54.63026.0_neutral_split.scale-125_8wekyb3d8bbwe", "EventData.Flags": "0x00000009"}
{"EventID": "5507", "Channel": "Microsoft-Windows-AppXDeploymentServer/Operational", "Provider_Name": "Microsoft-Windows-AppXDeployment-Server", "Computer": "DESKTOP-OFJ6N53", "TimeCreated": "2025-08-01 21:35:08.761049+00:00", "RecordID": "115237", "Level": "5", "UserID": "S-1-5-21-963789628-1060504924-4285088085-1001", "EventData.PackageName": "Microsoft.BingWeather_4.54.63026.0_x64__8wekyb3d8bbwe", "EventData.FilePath": "S-1-5-21-963789628-1060504924-4285088085-1001-MergedResources-29.pri", "EventData.Message": "Current user-specific merged PRI file ignored"}
{"EventID": "5507", "Channel": "Microsoft-Windows-AppXDeploymentServer/Operational", "Provider_Name": "Microsoft-Windows-AppXDeployment-Server", "Computer": "DESKTOP-OFJ6N53", "TimeCreated": "2025-08-01 21:35:08.761248+00:00", "RecordID": "115238", "Level": "5", "UserID": "S-1-5-21-963789628-1060504924-4285088085-1001", "EventData.PackageName": "Microsoft.BingWeather_4.54.63026.0_x64__8wekyb3d8bbwe", "EventData.FilePath": "resources.836129e9.pri", "EventData.Message": "Current shared merged PRI file ignored"}
{"EventID": "5507", "Channel": "Microsoft-Windows-AppXDeploymentServer/Operational", "Provider_Name": "Microsoft-Windows-AppXDeployment-Server", "Computer": "DESKTOP-OFJ6N53", "TimeCreated": "2025-08-01 21:35:08.761408+00:00", "RecordID": "115239", "Level": "5", "UserID": "S-1-5-21-963789628-1060504924-4285088085-1001", "EventData.PackageName": "Microsoft.BingWeather_4.54.63026.0_x64__8wekyb3d8bbwe", "EventData.FilePath": "S-1-5-21-963789628-1060504924-4285088085-1001-MergedResources-29.pri", "EventData.Message": "Current user-specific merged PRI file ignored"}
{"EventID": "5507", "Channel": "Microsoft-Windows-AppXDeploymentServer/Operational", "Provider_Name": "Microsoft-Windows-AppXDeployment-Server", "Computer": "DESKTOP-OFJ6N53", "TimeCreated": "2025-08-01 21:35:08.761501+00:00", "RecordID": "115240", "Level": "5", "UserID": "S-1-5-21-963789628-1060504924-4285088085-1001", "EventData.PackageName": "Microsoft.BingWeather_4.54.63026.0_x64__8wekyb3d8bbwe", "EventData.FilePath": "resources.836129e9.pri", "EventData.Message": "Current shared merged PRI file ignored"}
{"EventID": "821", "Channel": "Microsoft-Windows-AppXDeploymentServer/Operational", "Provider_Name": "Microsoft-Windows-AppXDeployment-Server", "Computer": "DESKTOP-OFJ6N53", "TimeCreated": "2025-08-01 21:35:08.868563+00:00", "RecordID": "115241", "Level": "5", "UserID": "S-1-5-18", "EventData.UserSid": "S-1-5-18", "EventData.MainPackageFullName": "Microsoft.BingWeather_4.54.63026.0_neutral_~_8wekyb3d8bbwe", "EventData.ErrorCode": "0x00000000"}
{"EventID": "822", "Channel": "Microsoft-Windows-AppXDeploymentServer/Operational", "Provider_Name": "Microsoft-Windows-AppXDeployment-Server", "Computer": "DESKTOP-OFJ6N53", "TimeCreated": "2025-08-01 21:35:08.873926+00:00", "RecordID": "115242", "Level": "5", "UserID": "S-1-5-18", "EventData.Error": "0x00000000", "EventData.PackageMoniker": "Microsoft.BingWeather_4.54.63026.0_neutral_~_8wekyb3d8bbwe"}
{"EventID": "821", "Channel": "Microsoft-Windows-AppXDeploymentServer/Operational", "Provider_Name": "Microsoft-Windows-AppXDeployment-Server", "Computer": "DESKTOP-OFJ6N53", "TimeCreated": "2025-08-01 21:35:08.875715+00:00", "RecordID": "115243", "Level": "5", "UserID": "S-1-5-18", "EventData.UserSid": "S-1-5-21-963789628-1060504924-4285088085-1001", "EventData.MainPackageFullName": "Microsoft.BingWeather_4.54.63026.0_neutral_~_8wekyb3d8bbwe", "EventData.ErrorCode": "0x00000000"}
{"EventID": "822", "Channel": "Microsoft-Windows-AppXDeploymentServer/Operational", "Provider_Name": "Microsoft-Windows-AppXDeployment-Server", "Computer": "DESKTOP-OFJ6N53", "TimeCreated": "2025-08-01 21:35:08.879988+00:00", "RecordID": "115244", "Level": "5", "UserID": "S-1-5-18", "EventData.Error": "0x00000000", "EventData.PackageMoniker": "Microsoft.BingWeather_4.54.63026.0_neutral_~_8wekyb3d8bbwe"}
{"EventID": "813", "Channel": "Microsoft-Windows-AppXDeploymentServer/Operational", "Provider_Name": "Microsoft-Windows-AppXDeployment-Server", "Computer": "DESKTOP-OFJ6N53", "TimeCreated": "2025-08-01 21:35:08.880024+00:00", "RecordID": "115245", "Level": "5", "UserID": "S-1-5-18", "EventData.PackageMoniker": "Microsoft.BingWeather_4.54.63026.0_neutral_~_8wekyb3d8bbwe"}
{"EventID": "10001", "Channel": "Microsoft-Windows-AppXDeploymentServer/Operational", "Provider_Name": "Microsoft-Windows-AppXDeployment-Server", "Computer": "DESKTOP-OFJ6N53", "TimeCreated": "2025-08-01 21:35:09.589058+00:00", "RecordID": "115246", "Level": "5", "UserID": "S-1-5-18", "EventData.PackageFullName": "Microsoft.BingWeather_4.54.63007.0_x64__8wekyb3d8bbwe", "EventData.ErrorCode": "0x80070490"}
{"EventID": "10001", "Channel": "Microsoft-Windows-AppXDeploymentServer/Operational", "Provider_Name": "Microsoft-Windows-AppXDeployment-Server", "Computer": "DESKTOP-OFJ6N53", "TimeCreated": "2025-08-01 21:35:09.589226+00:00", "RecordID": "115247", "Level": "5", "UserID": "S-1-5-18", "EventData.PackageFullName": "Microsoft.BingWeather_4.54.63026.0_x64__8wekyb3d8bbwe", "EventData.ErrorCode": "0x00000000"}
{"EventID": "10001", "Channel": "Microsoft-Windows-AppXDeploymentServer/Operational", "Provider_Name": "Microsoft-Windows-AppXDeployment-Server", "Computer": "DESKTOP-OFJ6N53", "TimeCreated": "2025-08-01 21:35:09.589647+00:00", "RecordID": "115248", "Level": "5", "UserID": "S-1-5-18", "EventData.PackageFullName": "Microsoft.BingWeather_4.54.63026.0_x64__8wekyb3d8bbwe", "EventData.ErrorCode": "0x00000000"}
{"EventID": "10001", "Channel": "Microsoft-Windows-AppXDeploymentServer/Operational", "Provider_Name": "Microsoft-Windows-AppXDeployment-Server", "Computer": "DESKTOP-OFJ6N53", "TimeCreated": "2025-08-01 21:35:09.589783+00:00", "RecordID": "115249", "Level": "5", "UserID": "S-1-5-18", "EventData.PackageFullName": "Microsoft.BingWeather_4.54.63026.0_neutral_~_8wekyb3d8bbwe", "EventData.ErrorCode": "0x00000000"}
{"EventID": "10001", "Channel": "Microsoft-Windows-AppXDeploymentServer/Operational", "Provider_Name": "Microsoft-Windows-AppXDeployment-Server", "Computer": "DESKTOP-OFJ6N53", "TimeCreated": "2025-08-01 21:35:09.589882+00:00", "RecordID": "115250", "Level": "5", "UserID": "S-1-5-18", "EventData.PackageFullName": "Microsoft.BingWeather_4.54.63026.0_neutral_~_8wekyb3d8bbwe", "EventData.ErrorCode": "0x00000000"}
{"EventID": "10001", "Channel": "Microsoft-Windows-AppXDeploymentServer/Operational", "Provider_Name": "Microsoft-Windows-AppXDeployment-Server", "Computer": "DESKTOP-OFJ6N53", "TimeCreated": "2025-08-01 21:35:09.589981+00:00", "RecordID": "115251", "Level": "5", "UserID": "S-1-5-18", "EventData.PackageFullName": "Microsoft.BingWeather_4.54.63026.0_x64__8wekyb3d8bbwe", "EventData.ErrorCode": "0x00000000"}
{"EventID": "10001", "Channel": "Microsoft-Windows-AppXDeploymentServer/Operational", "Provider_Name": "Microsoft-Windows-AppXDeployment-Server", "Computer": "DESKTOP-OFJ6N53", "TimeCreated": "2025-08-01 21:35:09.590067+00:00", "RecordID": "115252", "Level": "5", "UserID": "S-1-5-18", "EventData.PackageFullName": "Microsoft.BingWeather_4.54.63026.0_x64__8wekyb3d8bbwe", "EventData.ErrorCode": "0x00000000"}
{"EventID": "10001", "Channel": "Microsoft-Windows-AppXDeploymentServer/Operational", "Provider_Name": "Microsoft-Windows-AppXDeployment-Server", "Computer": "DESKTOP-OFJ6N53", "TimeCreated": "2025-08-01 21:35:09.590151+00:00", "RecordID": "115253", "Level": "5", "UserID": "S-1-5-18", "EventData.PackageFullName": "Microsoft.BingWeather_4.54.63026.0_neutral_split.scale-100_8wekyb3d8bbwe", "EventData.ErrorCode": "0x00000000"}
{"EventID": "10001", "Channel": "Microsoft-Windows-AppXDeploymentServer/Operational", "Provider_Name": "Microsoft-Windows-AppXDeployment-Server", "Computer": "DESKTOP-OFJ6N53", "TimeCreated": "2025-08-01 21:35:09.590223+00:00", "RecordID": "115254", "Level": "5", "UserID": "S-1-5-18", "EventData.PackageFullName": "Microsoft.BingWeather_4.54.63026.0_neutral_split.scale-100_8wekyb3d8bbwe", "EventData.ErrorCode": "0x00000000"}
{"EventID": "10001", "Channel": "Microsoft-Windows-AppXDeploymentServer/Operational", "Provider_Name": "Microsoft-Windows-AppXDeployment-Server", "Computer": "DESKTOP-OFJ6N53", "TimeCreated": "2025-08-01 21:35:09.590418+00:00", "RecordID": "115255", "Level": "5", "UserID": "S-1-5-18", "EventData.PackageFullName": "Microsoft.BingWeather_4.54.63026.0_neutral_split.language-ru_8wekyb3d8bbwe", "EventData.ErrorCode": "0x00000000"}
{"EventID": "10001", "Channel": "Microsoft-Windows-AppXDeploymentServer/Operational", "Provider_Name": "Microsoft-Windows-AppXDeployment-Server", "Computer": "DESKTOP-OFJ6N53", "TimeCreated": "2025-08-01 21:35:09.590576+00:00", "RecordID": "115256", "Level": "5", "UserID": "S-1-5-18", "EventData.PackageFullName": "Microsoft.BingWeather_4.54.63026.0_neutral_split.language-ru_8wekyb3d8bbwe", "EventData.ErrorCode": "0x00000000"}
{"EventID": "10001", "Channel": "Microsoft-Windows-AppXDeploymentServer/Operational", "Provider_Name": "Microsoft-Windows-AppXDeployment-Server", "Computer": "DESKTOP-OFJ6N53", "TimeCreated": "2025-08-01 21:35:09.590700+00:00", "RecordID": "115257", "Level": "5", "UserID": "S-1-5-18", "EventData.PackageFullName": "Microsoft.BingWeather_4.54.63026.0_neutral_split.scale-125_8wekyb3d8bbwe", "EventData.ErrorCode": "0x00000000"}
{"EventID": "10001", "Channel": "Microsoft-Windows-AppXDeploymentServer/Operational", "Provider_Name": "Microsoft-Windows-AppXDeployment-Server", "Computer": "DESKTOP-OFJ6N53", "TimeCreated": "2025-08-01 21:35:09.590784+00:00", "RecordID": "115258", "Level": "5", "UserID": "S-1-5-18", "EventData.PackageFullName": "Microsoft.BingWeather_4.54.63026.0_neutral_split.scale-125_8wekyb3d8bbwe", "EventData.ErrorCode": "0x00000000"}
{"EventID": "400", "Channel": "Microsoft-Windows-AppXDeploymentServer/Operational", "Provider_Name": "Microsoft-Windows-AppXDeployment-Server", "Computer": "DESKTOP-OFJ6N53", "TimeCreated": "2025-08-01 21:35:09.631289+00:00", "RecordID": "115259", "Level": "4", "UserID": "S-1-5-21-963789628-1060504924-4285088085-1001", "EventData.DeploymentOperation": "6", "EventData.PackageFullName": "Microsoft.BingWeather_4.54.63026.0_neutral_~_8wekyb3d8bbwe", "EventData.Path": "(AppxBundleManifest.xml)", "EventData.MountPoint": "C:", "EventData.TargetPlatform": "0x00000000", "EventData.SystemVolume": "True", "EventData.StorageId": "\\\\?\\Volume{c33a8663-71a2-4031-8cec-c21914fe12ad}", "EventData.IsCentennial": "False", "EventData.PackageType": "0x00000008", "EventData.IsPackageEncrypted": "False", "EventData.DeploymentOptions": "0x0004000004044800", "EventData.IsStreamingPackage": "False", "EventData.IsInRelatedSet": "False", "EventData.IsPackageUsingBDC": "False", "EventData.MainPackageFamilyName": "NULL", "EventData.CallingProcess": "svchost.exe,wuauserv", "EventData.IsOptional": "False", "EventData.PackageFlags": "0x00000400", "EventData.PackageFlags2": "0x00000800", "EventData.HasWin32alacarte": "False", "EventData.HasFullTrust": "False", "EventData.ExternalLocation": null, "EventData.PackageSourceUri": "x-windowsupdate://628EF4F5-46DC-48A9-8886-2221E2402E93/421BA874-F903-4965-9B82-D60F3BA3CAE0/ebaf0c6a5b2cfdf36ca6a27e08d12f5d2695699d"}
{"EventID": "478", "Channel": "Microsoft-Windows-AppXDeploymentServer/Operational", "Provider_Name": "Microsoft-Windows-AppXDeployment-Server", "Computer": "DESKTOP-OFJ6N53", "TimeCreated": "2025-08-01 21:35:09.631395+00:00", "RecordID": "115260", "Level": "5", "UserID": "S-1-5-21-963789628-1060504924-4285088085-1001", "EventData.DeploymentOperation": "6", "EventData.PackageFullName": "Microsoft.BingWeather_4.54.63026.0_x64__8wekyb3d8bbwe", "EventData.Path": "(AppxBundleManifest.xml)", "EventData.MountPoint": "C:", "EventData.TargetPlatform": "0x00000000", "EventData.SystemVolume": "True", "EventData.StorageId": "\\\\?\\Volume{c33a8663-71a2-4031-8cec-c21914fe12ad}", "EventData.IsCentennial": "False", "EventData.PackageType": "0x00000001", "EventData.IsPackageEncrypted": "False", "EventData.DeploymentOptions": "0x0004000004044800", "EventData.IsStreamingPackage": "False", "EventData.IsInRelatedSet": "False", "EventData.IsPackageUsingBDC": "False", "EventData.MainPackageFamilyName": "NULL", "EventData.CallingProcess": "svchost.exe,wuauserv", "EventData.IsOptional": "False", "EventData.PackageFlags": "0x00000008", "EventData.PackageFlags2": "0x00000800", "EventData.HasWin32alacarte": "False", "EventData.HasFullTrust": "False", "EventData.ExternalLocation": null, "EventData.PackageSourceUri": "x-windowsupdate://628EF4F5-46DC-48A9-8886-2221E2402E93/421BA874-F903-4965-9B82-D60F3BA3CAE0/ebaf0c6a5b2cfdf36ca6a27e08d12f5d2695699d"}
{"EventID": "472", "Channel": "Microsoft-Windows-AppXDeploymentServer/Operational", "Provider_Name": "Microsoft-Windows-AppXDeployment-Server", "Computer": "DESKTOP-OFJ6N53", "TimeCreated": "2025-08-01 21:35:09.645687+00:00", "RecordID": "115261", "Level": "5", "UserID": "S-1-5-18", "EventData.SourceFolderPath": "\\\\?\\C:\\Program Files\\WindowsApps\\Microsoft.BingWeather_4.54.63007.0_neutral_~_8wekyb3d8bbwe", "EventData.DestinationFolderPath": "\\\\?\\C:\\Program Files\\WindowsApps\\Deleted\\Microsoft.BingWeather_4.54.63007.0_neutral_~_8wekyb3d8bbwe71ae6c9b-c78e-483c-87a9-c2d4ff797c01", "EventData.ErrorCode": "0x00000000"}
{"EventID": "472", "Channel": "Microsoft-Windows-AppXDeploymentServer/Operational", "Provider_Name": "Microsoft-Windows-AppXDeployment-Server", "Computer": "DESKTOP-OFJ6N53", "TimeCreated": "2025-08-01 21:35:09.649174+00:00", "RecordID": "115262", "Level": "5", "UserID": "S-1-5-18", "EventData.SourceFolderPath": "\\\\?\\C:\\Program Files\\WindowsApps\\Microsoft.BingWeather_4.54.63007.0_x64__8wekyb3d8bbwe", "EventData.DestinationFolderPath": "\\\\?\\C:\\Program Files\\WindowsApps\\Deleted\\Microsoft.BingWeather_4.54.63007.0_x64__8wekyb3d8bbwede92569e-4d00-4ca8-9f43-f3a91053260c", "EventData.ErrorCode": "0x00000000"}
{"EventID": "472", "Channel": "Microsoft-Windows-AppXDeploymentServer/Operational", "Provider_Name": "Microsoft-Windows-AppXDeployment-Server", "Computer": "DESKTOP-OFJ6N53", "TimeCreated": "2025-08-01 21:35:09.655584+00:00", "RecordID": "115263", "Level": "5", "UserID": "S-1-5-18", "EventData.SourceFolderPath": "\\\\?\\C:\\Program Files\\WindowsApps\\Microsoft.BingWeather_4.54.63007.0_neutral_split.scale-100_8wekyb3d8bbwe", "EventData.DestinationFolderPath": "\\\\?\\C:\\Program Files\\WindowsApps\\Deleted\\Microsoft.BingWeather_4.54.63007.0_neutral_split.scale-100_8wekyb3d8bbwebe3f7ace-f230-4b3a-a35d-ff3fd793e40f", "EventData.ErrorCode": "0x00000000"}
{"EventID": "472", "Channel": "Microsoft-Windows-AppXDeploymentServer/Operational", "Provider_Name": "Microsoft-Windows-AppXDeployment-Server", "Computer": "DESKTOP-OFJ6N53", "TimeCreated": "2025-08-01 21:35:09.658472+00:00", "RecordID": "115264", "Level": "5", "UserID": "S-1-5-18", "EventData.SourceFolderPath": "\\\\?\\C:\\Program Files\\WindowsApps\\Microsoft.BingWeather_4.54.63007.0_neutral_split.language-ru_8wekyb3d8bbwe", "EventData.DestinationFolderPath": "\\\\?\\C:\\Program Files\\WindowsApps\\Deleted\\Microsoft.BingWeather_4.54.63007.0_neutral_split.language-ru_8wekyb3d8bbwee212648d-2639-4db6-aeee-86ba0a30b4b0", "EventData.ErrorCode": "0x00000000"}
{"EventID": "472", "Channel": "Microsoft-Windows-AppXDeploymentServer/Operational", "Provider_Name": "Microsoft-Windows-AppXDeployment-Server", "Computer": "DESKTOP-OFJ6N53", "TimeCreated": "2025-08-01 21:35:09.661272+00:00", "RecordID": "115265", "Level": "5", "UserID": "S-1-5-18", "EventData.SourceFolderPath": "\\\\?\\C:\\Program Files\\WindowsApps\\Microsoft.BingWeather_4.54.63007.0_neutral_split.scale-125_8wekyb3d8bbwe", "EventData.DestinationFolderPath": "\\\\?\\C:\\Program Files\\WindowsApps\\Deleted\\Microsoft.BingWeather_4.54.63007.0_neutral_split.scale-125_8wekyb3d8bbwe837b57ec-17f3-43fa-abc4-d72f0143e226", "EventData.ErrorCode": "0x00000000"}
{"EventID": "649", "Channel": "Microsoft-Windows-AppXDeploymentServer/Operational", "Provider_Name": "Microsoft-Windows-AppXDeployment-Server", "Computer": "DESKTOP-OFJ6N53", "TimeCreated": "2025-08-01 21:35:09.768600+00:00", "RecordID": "115266", "Level": "4", "UserID": "S-1-5-21-963789628-1060504924-4285088085-1001", "EventData.DeploymentOperation": "6", "EventData.PackageFullName": "Microsoft.BingWeather_4.54.63026.0_neutral_~_8wekyb3d8bbwe", "EventData.Summary": "PostDeploymentOperationCheck cost: 0 ms"}
{"EventID": "613", "Channel": "Microsoft-Windows-AppXDeploymentServer/Operational", "Provider_Name": "Microsoft-Windows-AppXDeployment-Server", "Computer": "DESKTOP-OFJ6N53", "TimeCreated": "2025-08-01 21:35:09.804579+00:00", "RecordID": "115267", "Level": "4", "UserID": "S-1-5-21-963789628-1060504924-4285088085-1001", "EventData.DeploymentOperation": "6", "EventData.PackageFullName": "Microsoft.BingWeather_4.54.63026.0_neutral_~_8wekyb3d8bbwe", "EventData.Summary": "Overall time: 1750 ms\nEnqueue cost: 16 ms\nDequeue delay: 15 ms\nBundle processing cost: 16 ms\nIndexing cost: 78 ms\nResolve dependency cost: 109 ms\nGap: 32 ms\nCheck approval cost: 62 ms\nEvaluation cost: 0 ms\nHardlinking evaluation cost: 0 ms\nStage required cost: 16 ms\nFlushing and closing files cost: 0 ms\nGap: 31 ms\nMachine register cost: 0 ms\nStage user data cost: 0 ms\nGap: 31 ms\nRegistration cost: 406 ms\nGap: 282 ms\nRepository commit transaction cost: 437 ms\nGap: 78 ms\nData flush cost: 110 ms\nPost DeStage repository commit transaction cost: 0 ms\nRemaining cost: 31 ms"}
{"EventID": "603", "Channel": "Microsoft-Windows-AppXDeploymentServer/Operational", "Provider_Name": "Microsoft-Windows-AppXDeployment-Server", "Computer": "DESKTOP-OFJ6N53", "TimeCreated": "2025-08-01 21:35:10.405722+00:00", "RecordID": "115268", "Level": "4", "UserID": "S-1-5-21-963789628-1060504924-4285088085-1001", "EventData.DeploymentOperation": "20", "EventData.Path": "Microsoft.Office.OneNote_8wekyb3d8bbwe", "EventData.Flags": "67127296", "EventData.FlagsHigh": "262144", "EventData.CallingProcess": "svchost.exe,wuauserv", "EventData.ExternalLocation": null}
{"EventID": "10002", "Channel": "Microsoft-Windows-AppXDeploymentServer/Operational", "Provider_Name": "Microsoft-Windows-AppXDeployment-Server", "Computer": "DESKTOP-OFJ6N53", "TimeCreated": "2025-08-01 21:35:10.425692+00:00", "RecordID": "115269", "Level": "5", "UserID": "S-1-5-18", "EventData.DeploymentOperation": "6", "EventData.MainPackageMoniker": "Microsoft.Office.OneNote_16001.14326.22594.0_neutral_~_8wekyb3d8bbwe", "EventData.ResiliencyFilePath": "C:\\ProgramData\\Microsoft\\Windows\\AppRepository\\365b14a7-1997-42c6-8ca9-bba19ecec516_S-1-5-21-963789628-1060504924-4285088085-1001_6.rslc"}
{"EventID": "607", "Channel": "Microsoft-Windows-AppXDeploymentServer/Operational", "Provider_Name": "Microsoft-Windows-AppXDeployment-Server", "Computer": "DESKTOP-OFJ6N53", "TimeCreated": "2025-08-01 21:35:10.426706+00:00", "RecordID": "115270", "Level": "4", "UserID": "S-1-5-21-963789628-1060504924-4285088085-1001", "EventData.DeploymentOperation": "6", "EventData.PackageFullName": "Microsoft.Office.OneNote_16001.14326.22594.0_neutral_~_8wekyb3d8bbwe", "EventData.UserSid": "S-1-5-21-963789628-1060504924-4285088085-1001", "EventData.CallingProcess": "svchost.exe,wuauserv"}
