{"EventID": "2006", "Channel": "Microsoft-Windows-Windows Firewall With Advanced Security/Firewall", "Provider_Name": "Microsoft-Windows-Windows Firewall With Advanced Security", "Computer": "DESKTOP-OFJ6N53", "TimeCreated": "2025-08-06 12:04:37.827991+00:00", "RecordID": "31247", "Level": "4", "UserID": "S-1-5-19", "EventData.RuleId": "{10AF5F2F-0A22-4C69-8A1B-937BFD83E65D}", "EventData.RuleName": "@{Microsoft.StorePurchaseApp_22505.1401.1.0_x64__8wekyb3d8bbwe?ms-resource://Microsoft.StorePurchaseApp/Resources/DisplayTitle}", "EventData.ModifyingUser": "S-1-5-80-3088073201-1464728630-1879813800-1107566885-823218052", "EventData.ModifyingApplication": "C:\\Windows\\System32\\svchost.exe"}
{"EventID": "2006", "Channel": "Microsoft-Windows-Windows Firewall With Advanced Security/Firewall", "Provider_Name": "Microsoft-Windows-Windows Firewall With Advanced Security", "Computer": "DESKTOP-OFJ6N53", "TimeCreated": "2025-08-06 12:04:37.828964+00:00", "RecordID": "31248", "Level": "4", "UserID": "S-1-5-19", "EventData.RuleId": "{C4D45E6B-4F74-4809-9360-E72F2D4DDF29}", "EventData.RuleName": "@{Microsoft.StorePurchaseApp_22505.1401.1.0_x64__8wekyb3d8bbwe?ms-resource://Microsoft.StorePurchaseApp/Resources/DisplayTitle}", "EventData.ModifyingUser": "S-1-5-80-3088073201-1464728630-1879813800-1107566885-823218052", "EventData.ModifyingApplication": "C:\\Windows\\System32\\svchost.exe"}
{"EventID": "2097", "Channel": "Microsoft-Windows-Windows Firewall With Advanced Security/Firewall", "Provider_Name": "Microsoft-Windows-Windows Firewall With Advanced Security", "Computer": "DESKTOP-OFJ6N53", "TimeCreated": "2025-08-06 12:04:37.833506+00:00", "RecordID": "31249", "Level": "4", "UserID": "S-1-5-19", "EventData.RuleId": "{D769A32F-F19E-4C9D-8DBA-C88641A21131}", "EventData.RuleName": "@{Microsoft.StorePurchaseApp_22506.1401.3.0_x64__8wekyb3d8bbwe?ms-resource://Microsoft.StorePurchaseApp/Resources/DisplayTitle}", "EventData.Origin": "1", "EventData.ApplicationPath": null, "EventData.ServiceName": null, "EventData.Direction": "1", "EventData.Protocol": "256", "EventData.LocalPorts": null, "EventData.RemotePorts": null, "EventData.Action": "2", "EventData.Profiles": "2147483647", "EventData.LocalAddresses": "*", "EventData.RemoteAddresses": "*", "EventData.RemoteMachineAuthorizationList": null, "EventData.RemoteUserAuthorizationList": null, "EventData.EmbeddedContext": "@{Microsoft.StorePurchaseApp_22506.1401.3.0_x64__8wekyb3d8bbwe?ms-resource://Microsoft.StorePurchaseApp/Resources/DisplayTitle}", "EventData.Flags": "1", "EventData.Active": "1", "EventData.EdgeTraversal": "0", "EventData.LooseSourceMapped": "0", "EventData.SecurityOptions": "0", "EventData.ModifyingUser": "S-1-5-80-3088073201-1464728630-1879813800-1107566885-823218052", "EventData.ModifyingApplication": "C:\\Windows\\System32\\svchost.exe", "EventData.SchemaVersion": "542", "EventData.RuleStatus": "65536", "EventData.LocalOnlyMapped": "0", "EventData.PolicyAppId": null}
{"EventID": "2097", "Channel": "Microsoft-Windows-Windows Firewall With Advanced Security/Firewall", "Provider_Name": "Microsoft-Windows-Windows Firewall With Advanced Security", "Computer": "DESKTOP-OFJ6N53", "TimeCreated": "2025-08-06 12:04:37.835638+00:00", "RecordID": "31250", "Level": "4", "UserID": "S-1-5-19", "EventData.RuleId": "{7DF0935E-93E9-4ECF-BD9C-B835E3F55B22}", "EventData.RuleName": "@{Microsoft.StorePurchaseApp_22506.1401.3.0_x64__8wekyb3d8bbwe?ms-resource://Microsoft.StorePurchaseApp/Resources/DisplayTitle}", "EventData.Origin": "1", "EventData.ApplicationPath": null, "EventData.ServiceName": null, "EventData.Direction": "2", "EventData.Protocol": "256", "EventData.LocalPorts": null, "EventData.RemotePorts": null, "EventData.Action": "2", "EventData.Profiles": "2147483647", "EventData.LocalAddresses": "*", "EventData.RemoteAddresses": "*", "EventData.RemoteMachineAuthorizationList": null, "EventData.RemoteUserAuthorizationList": null, "EventData.EmbeddedContext": "@{Microsoft.StorePurchaseApp_22506.1401.3.0_x64__8wekyb3d8bbwe?ms-resource://Microsoft.StorePurchaseApp/Resources/DisplayTitle}", "EventData.Flags": "1", "EventData.Active": "1", "EventData.EdgeTraversal": "0", "EventData.LooseSourceMapped": "0", "EventData.SecurityOptions": "0", "EventData.ModifyingUser": "S-1-5-80-3088073201-1464728630-1879813800-1107566885-823218052", "EventData.ModifyingApplication": "C:\\Windows\\System32\\svchost.exe", "EventData.SchemaVersion": "542", "EventData.RuleStatus": "65536", "EventData.LocalOnlyMapped": "0", "EventData.PolicyAppId": null}
{"EventID": "2097", "Channel": "Microsoft-Windows-Windows Firewall With Advanced Security/Firewall", "Provider_Name": "Microsoft-Windows-Windows Firewall With Advanced Security", "Computer": "DESKTOP-OFJ6N53", "TimeCreated": "2025-08-06 12:04:37.837934+00:00", "RecordID": "31251", "Level": "4", "UserID": "S-1-5-19", "EventData.RuleId": "{2B279EC1-0CE8-4806-A2F8-DB638526D409}", "EventData.RuleName": "@{Microsoft.StorePurchaseApp_22506.1401.3.0_x64__8wekyb3d8bbwe?ms-resource://Microsoft.StorePurchaseApp/Resources/DisplayTitle}", "EventData.Origin": "1", "EventData.ApplicationPath": null, "EventData.ServiceName": null, "EventData.Direction": "1", "EventData.Protocol": "256", "EventData.LocalPorts": null, "EventData.RemotePorts": null, "EventData.Action": "3", "EventData.Profiles": "7", "EventData.LocalAddresses": "*", "EventData.RemoteAddresses": "*", "EventData.RemoteMachineAuthorizationList": null, "EventData.RemoteUserAuthorizationList": null, "EventData.EmbeddedContext": "@{Microsoft.StorePurchaseApp_22506.1401.3.0_x64__8wekyb3d8bbwe?ms-resource://Microsoft.StorePurchaseApp/Resources/DisplayTitle}", "EventData.Flags": "1", "EventData.Active": "1", "EventData.EdgeTraversal": "0", "EventData.LooseSourceMapped": "0", "EventData.SecurityOptions": "0", "EventData.ModifyingUser": "S-1-5-80-3088073201-1464728630-1879813800-1107566885-823218052", "EventData.ModifyingApplication": "C:\\Windows\\System32\\svchost.exe", "EventData.SchemaVersion": "542", "EventData.RuleStatus": "65536", "EventData.LocalOnlyMapped": "0", "EventData.PolicyAppId": null}
{"EventID": "2097", "Channel": "Microsoft-Windows-Windows Firewall With Advanced Security/Firewall", "Provider_Name": "Microsoft-Windows-Windows Firewall With Advanced Security", "Computer": "DESKTOP-OFJ6N53", "TimeCreated": "2025-08-06 12:04:37.839964+00:00", "RecordID": "31252", "Level": "4", "UserID": "S-1-5-19", "EventData.RuleId": "{6AB60C58-C4E9-46D3-A60F-2CC499450C47}", "EventData.RuleName": "@{Microsoft.StorePurchaseApp_22506.1401.3.0_x64__8wekyb3d8bbwe?ms-resource://Microsoft.StorePurchaseApp/Resources/DisplayTitle}", "EventData.Origin": "1", "EventData.ApplicationPath": null, "EventData.ServiceName": null, "EventData.Direction": "2", "EventData.Protocol": "256", "EventData.LocalPorts": null, "EventData.RemotePorts": null, "EventData.Action": "3", "EventData.Profiles": "7", "EventData.LocalAddresses": "*", "EventData.RemoteAddresses": "*", "EventData.RemoteMachineAuthorizationList": null, "EventData.RemoteUserAuthorizationList": null, "EventData.EmbeddedContext": "@{Microsoft.StorePurchaseApp_22506.1401.3.0_x64__8wekyb3d8bbwe?ms-resource://Microsoft.StorePurchaseApp/Resources/DisplayTitle}", "EventData.Flags": "1", "EventData.Active": "1", "EventData.EdgeTraversal": "0", "EventData.LooseSourceMapped": "0", "EventData.SecurityOptions": "0", "EventData.ModifyingUser": "S-1-5-80-3088073201-1464728630-1879813800-1107566885-823218052", "EventData.ModifyingApplication": "C:\\Windows\\System32\\svchost.exe", "EventData.SchemaVersion": "542", "EventData.RuleStatus": "65536", "EventData.LocalOnlyMapped": "0", "EventData.PolicyAppId": null}
{"EventID": "2097", "Channel": "Microsoft-Windows-Windows Firewall With Advanced Security/Firewall", "Provider_Name": "Microsoft-Windows-Windows Firewall With Advanced Security", "Computer": "DESKTOP-OFJ6N53", "TimeCreated": "2025-08-06 12:04:37.841896+00:00", "RecordID": "31253", "Level": "4", "UserID": "S-1-5-19", "EventData.RuleId": "{6C72DAF8-8337-4E63-8CFA-700EFCC830C7}", "EventData.RuleName": "@{Microsoft.StorePurchaseApp_22506.1401.3.0_x64__8wekyb3d8bbwe?ms-resource://Microsoft.StorePurchaseApp/Resources/DisplayTitle}", "EventData.Origin": "1", "EventData.ApplicationPath": null, "EventData.ServiceName": null, "EventData.Direction": "1", "EventData.Protocol": "256", "EventData.LocalPorts": null, "EventData.RemotePorts": null, "EventData.Action": "3", "EventData.Profiles": "6", "EventData.LocalAddresses": "*", "EventData.RemoteAddresses": "*", "EventData.RemoteMachineAuthorizationList": null, "EventData.RemoteUserAuthorizationList": null, "EventData.EmbeddedContext": "@{Microsoft.StorePurchaseApp_22506.1401.3.0_x64__8wekyb3d8bbwe?ms-resource://Microsoft.StorePurchaseApp/Resources/DisplayTitle}", "EventData.Flags": "3", "EventData.Active": "1", "EventData.EdgeTraversal": "0", "EventData.LooseSourceMapped": "0", "EventData.SecurityOptions": "1", "EventData.ModifyingUser": "S-1-5-80-3088073201-1464728630-1879813800-1107566885-823218052", "EventData.ModifyingApplication": "C:\\Windows\\System32\\svchost.exe", "EventData.SchemaVersion": "542", "EventData.RuleStatus": "65536", "EventData.LocalOnlyMapped": "0", "EventData.PolicyAppId": null}
{"EventID": "2097", "Channel": "Microsoft-Windows-Windows Firewall With Advanced Security/Firewall", "Provider_Name": "Microsoft-Windows-Windows Firewall With Advanced Security", "Computer": "DESKTOP-OFJ6N53", "TimeCreated": "2025-08-06 12:04:37.843756+00:00", "RecordID": "31254", "Level": "4", "UserID": "S-1-5-19", "EventData.RuleId": "{EE9FBE13-9C06-42EF-B009-31A9E2BBB9FA}", "EventData.RuleName": "@{Microsoft.StorePurchaseApp_22506.1401.3.0_x64__8wekyb3d8bbwe?ms-resource://Microsoft.StorePurchaseApp/Resources/DisplayTitle}", "EventData.Origin": "1", "EventData.ApplicationPath": null, "EventData.ServiceName": null, "EventData.Direction": "2", "EventData.Protocol": "256", "EventData.LocalPorts": null, "EventData.RemotePorts": null, "EventData.Action": "3", "EventData.Profiles": "6", "EventData.LocalAddresses": "*", "EventData.RemoteAddresses": "*", "EventData.RemoteMachineAuthorizationList": null, "EventData.RemoteUserAuthorizationList": null, "EventData.EmbeddedContext": "@{Microsoft.StorePurchaseApp_22506.1401.3.0_x64__8wekyb3d8bbwe?ms-resource://Microsoft.StorePurchaseApp/Resources/DisplayTitle}", "EventData.Flags": "3", "EventData.Active": "1", "EventData.EdgeTraversal": "0", "EventData.LooseSourceMapped": "0", "EventData.SecurityOptions": "1", "EventData.ModifyingUser": "S-1-5-80-3088073201-1464728630-1879813800-1107566885-823218052", "EventData.ModifyingApplication": "C:\\Windows\\System32\\svchost.exe", "EventData.SchemaVersion": "542", "EventData.RuleStatus": "65536", "EventData.LocalOnlyMapped": "0", "EventData.PolicyAppId": null}
{"EventID": "2097", "Channel": "Microsoft-Windows-Windows Firewall With Advanced Security/Firewall", "Provider_Name": "Microsoft-Windows-Windows Firewall With Advanced Security", "Computer": "DESKTOP-OFJ6N53", "TimeCreated": "2025-08-06 12:04:37.845695+00:00", "RecordID": "31255", "Level": "4", "UserID": "S-1-5-19", "EventData.RuleId": "{C54E4754-E30A-4808-8045-A58ADF55B08E}", "EventData.RuleName": "@{Microsoft.StorePurchaseApp_22506.1401.3.0_x64__8wekyb3d8bbwe?ms-resource://Microsoft.StorePurchaseApp/Resources/DisplayTitle}", "EventData.Origin": "1", "EventData.ApplicationPath": null, "EventData.ServiceName": null, "EventData.Direction": "2", "EventData.Protocol": "256", "EventData.LocalPorts": null, "EventData.RemotePorts": null, "EventData.Action": "3", "EventData.Profiles": "7", "EventData.LocalAddresses": "*", "EventData.RemoteAddresses": "*", "EventData.RemoteMachineAuthorizationList": null, "EventData.RemoteUserAuthorizationList": null, "EventData.EmbeddedContext": "@{Microsoft.StorePurchaseApp_22506.1401.3.0_x64__8wekyb3d8bbwe?ms-resource://Microsoft.StorePurchaseApp/Resources/DisplayTitle}", "EventData.Flags": "1", "EventData.Active": "1", "EventData.EdgeTraversal": "0", "EventData.LooseSourceMapped": "0", "EventData.SecurityOptions": "0", "EventData.ModifyingUser": "S-1-5-80-3088073201-1464728630-1879813800-1107566885-823218052", "EventData.ModifyingApplication": "C:\\Windows\\System32\\svchost.exe", "EventData.SchemaVersion": "542", "EventData.RuleStatus": "65536", "EventData.LocalOnlyMapped": "0", "EventData.PolicyAppId": null}
{"EventID": "2097", "Channel": "Microsoft-Windows-Windows Firewall With Advanced Security/Firewall", "Provider_Name": "Microsoft-Windows-Windows Firewall With Advanced Security", "Computer": "DESKTOP-OFJ6N53", "TimeCreated": "2025-08-06 12:04:37.847811+00:00", "RecordID": "31256", "Level": "4", "UserID": "S-1-5-19", "EventData.RuleId": "{165A461B-FFCE-41F4-BD6D-47A3FD631952}", "EventData.RuleName": "@{Microsoft.StorePurchaseApp_22506.1401.3.0_x64__8wekyb3d8bbwe?ms-resource://Microsoft.StorePurchaseApp/Resources/DisplayTitle}", "EventData.Origin": "1", "EventData.ApplicationPath": null, "EventData.ServiceName": null, "EventData.Direction": "2", "EventData.Protocol": "256", "EventData.LocalPorts": null, "EventData.RemotePorts": null, "EventData.Action": "3", "EventData.Profiles": "7", "EventData.LocalAddresses": "*", "EventData.RemoteAddresses": "*", "EventData.RemoteMachineAuthorizationList": null, "EventData.RemoteUserAuthorizationList": null, "EventData.EmbeddedContext": "@{Microsoft.StorePurchaseApp_22506.1401.3.0_x64__8wekyb3d8bbwe?ms-resource://Microsoft.StorePurchaseApp/Resources/DisplayTitle}", "EventData.Flags": "1", "EventData.Active": "1", "EventData.EdgeTraversal": "0", "EventData.LooseSourceMapped": "0", "EventData.SecurityOptions": "0", "EventData.ModifyingUser": "S-1-5-80-3088073201-1464728630-1879813800-1107566885-823218052", "EventData.ModifyingApplication": "C:\\Windows\\System32\\svchost.exe", "EventData.SchemaVersion": "542", "EventData.RuleStatus": "65536", "EventData.LocalOnlyMapped": "0", "EventData.PolicyAppId": null}
{"EventID": "2097", "Channel": "Microsoft-Windows-Windows Firewall With Advanced Security/Firewall", "Provider_Name": "Microsoft-Windows-Windows Firewall With Advanced Security", "Computer": "DESKTOP-OFJ6N53", "TimeCreated": "2025-08-06 12:04:37.849926+00:00", "RecordID": "31257", "Level": "4", "UserID": "S-1-5-19", "EventData.RuleId": "{EA4996B2-19C5-440D-87CA-9393B7493971}", "EventData.RuleName": "@{Microsoft.StorePurchaseApp_22506.1401.3.0_x64__8wekyb3d8bbwe?ms-resource://Microsoft.StorePurchaseApp/Resources/DisplayTitle}", "EventData.Origin": "1", "EventData.ApplicationPath": null, "EventData.ServiceName": null, "EventData.Direction": "1", "EventData.Protocol": "256", "EventData.LocalPorts": null, "EventData.RemotePorts": null, "EventData.Action": "3", "EventData.Profiles": "3", "EventData.LocalAddresses": "*", "EventData.RemoteAddresses": "*", "EventData.RemoteMachineAuthorizationList": null, "EventData.RemoteUserAuthorizationList": null, "EventData.EmbeddedContext": "@{Microsoft.StorePurchaseApp_22506.1401.3.0_x64__8wekyb3d8bbwe?ms-resource://Microsoft.StorePurchaseApp/Resources/DisplayTitle}", "EventData.Flags": "1", "EventData.Active": "1", "EventData.EdgeTraversal": "0", "EventData.LooseSourceMapped": "0", "EventData.SecurityOptions": "0", "EventData.ModifyingUser": "S-1-5-80-3088073201-1464728630-1879813800-1107566885-823218052", "EventData.ModifyingApplication": "C:\\Windows\\System32\\svchost.exe", "EventData.SchemaVersion": "542", "EventData.RuleStatus": "65536", "EventData.LocalOnlyMapped": "0", "EventData.PolicyAppId": null}
{"EventID": "2097", "Channel": "Microsoft-Windows-Windows Firewall With Advanced Security/Firewall", "Provider_Name": "Microsoft-Windows-Windows Firewall With Advanced Security", "Computer": "DESKTOP-OFJ6N53", "TimeCreated": "2025-08-07 08:14:52.791752+00:00", "RecordID": "31258", "Level": "4", "UserID": "S-1-5-19", "EventData.RuleId": "896f7a0a-64dd-411a-951e-7ba49b02aa18", "EventData.RuleName": "Входящее правило ограничения службы для WinDefend", "EventData.Origin": "1", "EventData.ApplicationPath": "C:\\ProgramData\\Microsoft\\Windows Defender\\Platform\\4.18.25070.5-0\\MsMpEng.exe", "EventData.ServiceName": "WinDefend", "EventData.Direction": "1", "EventData.Protocol": "256", "EventData.LocalPorts": null, "EventData.RemotePorts": null, "EventData.Action": "2", "EventData.Profiles": "2147483647", "EventData.LocalAddresses": "*", "EventData.RemoteAddresses": "*", "EventData.RemoteMachineAuthorizationList": null, "EventData.RemoteUserAuthorizationList": null, "EventData.EmbeddedContext": null, "EventData.Flags": "1", "EventData.Active": "1", "EventData.EdgeTraversal": "0", "EventData.LooseSourceMapped": "0", "EventData.SecurityOptions": "0", "EventData.ModifyingUser": "S-1-5-18", "EventData.ModifyingApplication": "C:\\ProgramData\\Microsoft\\Windows Defender\\Platform\\4.18.25060.7-0\\MsMpEng.exe", "EventData.SchemaVersion": "542", "EventData.RuleStatus": "65536", "EventData.LocalOnlyMapped": "0", "EventData.PolicyAppId": null}
{"EventID": "2097", "Channel": "Microsoft-Windows-Windows Firewall With Advanced Security/Firewall", "Provider_Name": "Microsoft-Windows-Windows Firewall With Advanced Security", "Computer": "DESKTOP-OFJ6N53", "TimeCreated": "2025-08-07 08:14:52.797237+00:00", "RecordID": "31259", "Level": "4", "UserID": "S-1-5-19", "EventData.RuleId": "a54f5aba-1fd0-4265-9dab-d950c3c9b4b8", "EventData.RuleName": "Исходящее правило ограничения службы для WinDefend", "EventData.Origin": "1", "EventData.ApplicationPath": "C:\\ProgramData\\Microsoft\\Windows Defender\\Platform\\4.18.25070.5-0\\MsMpEng.exe", "EventData.ServiceName": "WinDefend", "EventData.Direction": "2", "EventData.Protocol": "256", "EventData.LocalPorts": null, "EventData.RemotePorts": null, "EventData.Action": "2", "EventData.Profiles": "2147483647", "EventData.LocalAddresses": "*", "EventData.RemoteAddresses": "*", "EventData.RemoteMachineAuthorizationList": null, "EventData.RemoteUserAuthorizationList": null, "EventData.EmbeddedContext": null, "EventData.Flags": "1", "EventData.Active": "1", "EventData.EdgeTraversal": "0", "EventData.LooseSourceMapped": "0", "EventData.SecurityOptions": "0", "EventData.ModifyingUser": "S-1-5-18", "EventData.ModifyingApplication": "C:\\ProgramData\\Microsoft\\Windows Defender\\Platform\\4.18.25060.7-0\\MsMpEng.exe", "EventData.SchemaVersion": "542", "EventData.RuleStatus": "65536", "EventData.LocalOnlyMapped": "0", "EventData.PolicyAppId": null}
{"EventID": "2006", "Channel": "Microsoft-Windows-Windows Firewall With Advanced Security/Firewall", "Provider_Name": "Microsoft-Windows-Windows Firewall With Advanced Security", "Computer": "DESKTOP-OFJ6N53", "TimeCreated": "2025-08-07 08:14:52.805733+00:00", "RecordID": "31260", "Level": "4", "UserID": "S-1-5-19", "EventData.RuleId": "{0412F92D-0B7F-4E07-94A8-EDF3FC2CA20C}", "EventData.RuleName": "WinDefend Outbound for TCP", "EventData.ModifyingUser": "S-1-5-18", "EventData.ModifyingApplication": "C:\\ProgramData\\Microsoft\\Windows Defender\\Platform\\4.18.25060.7-0\\MsMpEng.exe"}
{"EventID": "2097", "Channel": "Microsoft-Windows-Windows Firewall With Advanced Security/Firewall", "Provider_Name": "Microsoft-Windows-Windows Firewall With Advanced Security", "Computer": "DESKTOP-OFJ6N53", "TimeCreated": "2025-08-07 08:14:52.819298+00:00", "RecordID": "31261", "Level": "4", "UserID": "S-1-5-19", "EventData.RuleId": "{4A0F99CB-83BB-4006-A9BE-0E652FD326E2}", "EventData.RuleName": "WinDefend Outbound for TCP", "EventData.Origin": "1", "EventData.ApplicationPath": "C:\\ProgramData\\Microsoft\\Windows Defender\\Platform\\4.18.25070.5-0\\MsMpEng.exe", "EventData.ServiceName": "WinDefend", "EventData.Direction": "2", "EventData.Protocol": "6", "EventData.LocalPorts": "*", "EventData.RemotePorts": "*", "EventData.Action": "3", "EventData.Profiles": "2147483647", "EventData.LocalAddresses": "*", "EventData.RemoteAddresses": "*", "EventData.RemoteMachineAuthorizationList": null, "EventData.RemoteUserAuthorizationList": null, "EventData.EmbeddedContext": null, "EventData.Flags": "1", "EventData.Active": "1", "EventData.EdgeTraversal": "0", "EventData.LooseSourceMapped": "0", "EventData.SecurityOptions": "0", "EventData.ModifyingUser": "S-1-5-18", "EventData.ModifyingApplication": "C:\\ProgramData\\Microsoft\\Windows Defender\\Platform\\4.18.25060.7-0\\MsMpEng.exe", "EventData.SchemaVersion": "542", "EventData.RuleStatus": "65536", "EventData.LocalOnlyMapped": "0", "EventData.PolicyAppId": null}
{"EventID": "2006", "Channel": "Microsoft-Windows-Windows Firewall With Advanced Security/Firewall", "Provider_Name": "Microsoft-Windows-Windows Firewall With Advanced Security", "Computer": "DESKTOP-OFJ6N53", "TimeCreated": "2025-08-08 17:16:50.250404+00:00", "RecordID": "31262", "Level": "4", "UserID": "S-1-5-19", "EventData.RuleId": "{5C2358AB-F1DC-4ECD-8E74-203B9A5B10DB}", "EventData.RuleName": "@{Microsoft.YourPhone_1.25061.51.0_x64__8wekyb3d8bbwe?ms-resource://Microsoft.YourPhone/Resources/AppName}", "EventData.ModifyingUser": "S-1-5-80-3088073201-1464728630-1879813800-1107566885-823218052", "EventData.ModifyingApplication": "C:\\Windows\\System32\\svchost.exe"}
{"EventID": "2006", "Channel": "Microsoft-Windows-Windows Firewall With Advanced Security/Firewall", "Provider_Name": "Microsoft-Windows-Windows Firewall With Advanced Security", "Computer": "DESKTOP-OFJ6N53", "TimeCreated": "2025-08-08 17:16:50.251312+00:00", "RecordID": "31263", "Level": "4", "UserID": "S-1-5-19", "EventData.RuleId": "{1917AEC0-89B0-4054-8854-AD23899CA908}", "EventData.RuleName": "@{Microsoft.YourPhone_1.25061.51.0_x64__8wekyb3d8bbwe?ms-resource://Microsoft.YourPhone/Resources/AppName}", "EventData.ModifyingUser": "S-1-5-80-3088073201-1464728630-1879813800-1107566885-823218052", "EventData.ModifyingApplication": "C:\\Windows\\System32\\svchost.exe"}
{"EventID": "2097", "Channel": "Microsoft-Windows-Windows Firewall With Advanced Security/Firewall", "Provider_Name": "Microsoft-Windows-Windows Firewall With Advanced Security", "Computer": "DESKTOP-OFJ6N53", "TimeCreated": "2025-08-08 17:16:50.256157+00:00", "RecordID": "31264", "Level": "4", "UserID": "S-1-5-19", "EventData.RuleId": "{ABF755BD-8E94-4D34-B825-C1CB4D041511}", "EventData.RuleName": "@{Microsoft.YourPhone_1.25071.54.0_x64__8wekyb3d8bbwe?ms-resource://Microsoft.YourPhone/Resources/AppName}", "EventData.Origin": "1", "EventData.ApplicationPath": null, "EventData.ServiceName": null, "EventData.Direction": "1", "EventData.Protocol": "256", "EventData.LocalPorts": null, "EventData.RemotePorts": null, "EventData.Action": "2", "EventData.Profiles": "2147483647", "EventData.LocalAddresses": "*", "EventData.RemoteAddresses": "*", "EventData.RemoteMachineAuthorizationList": null, "EventData.RemoteUserAuthorizationList": null, "EventData.EmbeddedContext": "@{Microsoft.YourPhone_1.25071.54.0_x64__8wekyb3d8bbwe?ms-resource://Microsoft.YourPhone/Resources/AppName}", "EventData.Flags": "1", "EventData.Active": "1", "EventData.EdgeTraversal": "0", "EventData.LooseSourceMapped": "0", "EventData.SecurityOptions": "0", "EventData.ModifyingUser": "S-1-5-80-3088073201-1464728630-1879813800-1107566885-823218052", "EventData.ModifyingApplication": "C:\\Windows\\System32\\svchost.exe", "EventData.SchemaVersion": "542", "EventData.RuleStatus": "65536", "EventData.LocalOnlyMapped": "0", "EventData.PolicyAppId": null}
{"EventID": "2097", "Channel": "Microsoft-Windows-Windows Firewall With Advanced Security/Firewall", "Provider_Name": "Microsoft-Windows-Windows Firewall With Advanced Security", "Computer": "DESKTOP-OFJ6N53", "TimeCreated": "2025-08-08 17:16:50.258310+00:00", "RecordID": "31265", "Level": "4", "UserID": "S-1-5-19", "EventData.RuleId": "{3466E7A0-4802-4DD4-9887-08D93D4E14E1}", "EventData.RuleName": "@{Microsoft.YourPhone_1.25071.54.0_x64__8wekyb3d8bbwe?ms-resource://Microsoft.YourPhone/Resources/AppName}", "EventData.Origin": "1", "EventData.ApplicationPath": null, "EventData.ServiceName": null, "EventData.Direction": "2", "EventData.Protocol": "256", "EventData.LocalPorts": null, "EventData.RemotePorts": null, "EventData.Action": "2", "EventData.Profiles": "2147483647", "EventData.LocalAddresses": "*", "EventData.RemoteAddresses": "*", "EventData.RemoteMachineAuthorizationList": null, "EventData.RemoteUserAuthorizationList": null, "EventData.EmbeddedContext": "@{Microsoft.YourPhone_1.25071.54.0_x64__8wekyb3d8bbwe?ms-resource://Microsoft.YourPhone/Resources/AppName}", "EventData.Flags": "1", "EventData.Active": "1", "EventData.EdgeTraversal": "0", "EventData.LooseSourceMapped": "0", "EventData.SecurityOptions": "0", "EventData.ModifyingUser": "S-1-5-80-3088073201-1464728630-1879813800-1107566885-823218052", "EventData.ModifyingApplication": "C:\\Windows\\System32\\svchost.exe", "EventData.SchemaVersion": "542", "EventData.RuleStatus": "65536", "EventData.LocalOnlyMapped": "0", "EventData.PolicyAppId": null}
{"EventID": "2099", "Channel": "Microsoft-Windows-Windows Firewall With Advanced Security/Firewall", "Provider_Name": "Microsoft-Windows-Windows Firewall With Advanced Security", "Computer": "DESKTOP-OFJ6N53", "TimeCreated": "2025-08-09 09:13:13.282711+00:00", "RecordID": "31266", "Level": "4", "UserID": "S-1-5-19", "EventData.RuleId": "{2ECE8944-48FD-49AC-98B6-38BB63B87103}", "EventData.RuleName": "46a06b1d-b904-4bfd-8718-58d48317d657", "EventData.Origin": "1", "EventData.ApplicationPath": "C:\\Program Files (x86)\\Microsoft\\Edge\\Application\\msedge.exe", "EventData.ServiceName": null, "EventData.Direction": "1", "EventData.Protocol": "17", "EventData.LocalPorts": "5353", "EventData.RemotePorts": "*", "EventData.Action": "3", "EventData.Profiles": "2147483647", "EventData.LocalAddresses": "*", "EventData.RemoteAddresses": "*", "EventData.RemoteMachineAuthorizationList": null, "EventData.RemoteUserAuthorizationList": null, "EventData.EmbeddedContext": "Microsoft Edge", "EventData.Flags": "1", "EventData.Active": "1", "EventData.EdgeTraversal": "0", "EventData.LooseSourceMapped": "0", "EventData.SecurityOptions": "0", "EventData.ModifyingUser": "S-1-5-18", "EventData.ModifyingApplication": "C:\\Program Files (x86)\\Microsoft\\EdgeUpdate\\Install\\{153B1E9C-29AC-44D3-87B4-552018F40F41}\\EDGEMITMP_204FA.tmp\\setup.exe", "EventData.SchemaVersion": "542", "EventData.RuleStatus": "65536", "EventData.LocalOnlyMapped": "0", "EventData.PolicyAppId": null}
{"EventID": "2006", "Channel": "Microsoft-Windows-Windows Firewall With Advanced Security/Firewall", "Provider_Name": "Microsoft-Windows-Windows Firewall With Advanced Security", "Computer": "DESKTOP-OFJ6N53", "TimeCreated": "2025-08-09 09:13:13.300888+00:00", "RecordID": "31267", "Level": "4", "UserID": "S-1-5-19", "EventData.RuleId": "{2ECE8944-48FD-49AC-98B6-38BB63B87103}", "EventData.RuleName": "46a06b1d-b904-4bfd-8718-58d48317d657", "EventData.ModifyingUser": "S-1-5-18", "EventData.ModifyingApplication": "C:\\Program Files (x86)\\Microsoft\\EdgeUpdate\\Install\\{153B1E9C-29AC-44D3-87B4-552018F40F41}\\EDGEMITMP_204FA.tmp\\setup.exe"}
{"EventID": "2097", "Channel": "Microsoft-Windows-Windows Firewall With Advanced Security/Firewall", "Provider_Name": "Microsoft-Windows-Windows Firewall With Advanced Security", "Computer": "DESKTOP-OFJ6N53", "TimeCreated": "2025-08-09 09:13:13.310652+00:00", "RecordID": "31268", "Level": "4", "UserID": "S-1-5-19", "EventData.RuleId": "{9D3F425B-CD9E-4659-B9E5-1A8E50AF5D49}", "EventData.RuleName": "Microsoft Edge (mDNS-входящий)", "EventData.Origin": "1", "EventData.ApplicationPath": "C:\\Program Files (x86)\\Microsoft\\Edge\\Application\\msedge.exe", "EventData.ServiceName": null, "EventData.Direction": "1", "EventData.Protocol": "17", "EventData.LocalPorts": "5353", "EventData.RemotePorts": "*", "EventData.Action": "3", "EventData.Profiles": "2147483647", "EventData.LocalAddresses": "*", "EventData.RemoteAddresses": "*", "EventData.RemoteMachineAuthorizationList": null, "EventData.RemoteUserAuthorizationList": null, "EventData.EmbeddedContext": "Microsoft Edge", "EventData.Flags": "1", "EventData.Active": "1", "EventData.EdgeTraversal": "0", "EventData.LooseSourceMapped": "0", "EventData.SecurityOptions": "0", "EventData.ModifyingUser": "S-1-5-18", "EventData.ModifyingApplication": "C:\\Program Files (x86)\\Microsoft\\EdgeUpdate\\Install\\{153B1E9C-29AC-44D3-87B4-552018F40F41}\\EDGEMITMP_204FA.tmp\\setup.exe", "EventData.SchemaVersion": "542", "EventData.RuleStatus": "65536", "EventData.LocalOnlyMapped": "0", "EventData.PolicyAppId": null}
{"EventID": "2099", "Channel": "Microsoft-Windows-Windows Firewall With Advanced Security/Firewall", "Provider_Name": "Microsoft-Windows-Windows Firewall With Advanced Security", "Computer": "DESKTOP-OFJ6N53", "TimeCreated": "2025-08-09 09:13:14.180258+00:00", "RecordID": "31269", "Level": "4", "UserID": "S-1-5-19", "EventData.RuleId": "{9D3F425B-CD9E-4659-B9E5-1A8E50AF5D49}", "EventData.RuleName": "64bf4f88-d398-427a-acd2-95a934370219", "EventData.Origin": "1", "EventData.ApplicationPath": "C:\\Program Files (x86)\\Microsoft\\Edge\\Application\\msedge.exe", "EventData.ServiceName": null, "EventData.Direction": "1", "EventData.Protocol": "17", "EventData.LocalPorts": "5353", "EventData.RemotePorts": "*", "EventData.Action": "3", "EventData.Profiles": "2147483647", "EventData.LocalAddresses": "*", "EventData.RemoteAddresses": "*", "EventData.RemoteMachineAuthorizationList": null, "EventData.RemoteUserAuthorizationList": null, "EventData.EmbeddedContext": "Microsoft Edge", "EventData.Flags": "1", "EventData.Active": "1", "EventData.EdgeTraversal": "0", "EventData.LooseSourceMapped": "0", "EventData.SecurityOptions": "0", "EventData.ModifyingUser": "S-1-5-18", "EventData.ModifyingApplication": "C:\\Program Files (x86)\\Microsoft\\EdgeUpdate\\Install\\{153B1E9C-29AC-44D3-87B4-552018F40F41}\\EDGEMITMP_204FA.tmp\\setup.exe", "EventData.SchemaVersion": "542", "EventData.RuleStatus": "65536", "EventData.LocalOnlyMapped": "0", "EventData.PolicyAppId": null}
{"EventID": "2006", "Channel": "Microsoft-Windows-Windows Firewall With Advanced Security/Firewall", "Provider_Name": "Microsoft-Windows-Windows Firewall With Advanced Security", "Computer": "DESKTOP-OFJ6N53", "TimeCreated": "2025-08-09 09:13:14.255131+00:00", "RecordID": "31270", "Level": "4", "UserID": "S-1-5-19", "EventData.RuleId": "{9D3F425B-CD9E-4659-B9E5-1A8E50AF5D49}", "EventData.RuleName": "64bf4f88-d398-427a-acd2-95a934370219", "EventData.ModifyingUser": "S-1-5-18", "EventData.ModifyingApplication": "C:\\Program Files (x86)\\Microsoft\\EdgeUpdate\\Install\\{153B1E9C-29AC-44D3-87B4-552018F40F41}\\EDGEMITMP_204FA.tmp\\setup.exe"}
{"EventID": "2097", "Channel": "Microsoft-Windows-Windows Firewall With Advanced Security/Firewall", "Provider_Name": "Microsoft-Windows-Windows Firewall With Advanced Security", "Computer": "DESKTOP-OFJ6N53", "TimeCreated": "2025-08-09 09:13:14.264767+00:00", "RecordID": "31271", "Level": "4", "UserID": "S-1-5-19", "EventData.RuleId": "{EF25EA74-F671-4E4E-AC27-24285D403D02}", "EventData.RuleName": "Microsoft Edge (mDNS-входящий)", "EventData.Origin": "1", "EventData.ApplicationPath": "C:\\Program Files (x86)\\Microsoft\\Edge\\Application\\msedge.exe", "EventData.ServiceName": null, "EventData.Direction": "1", "EventData.Protocol": "17", "EventData.LocalPorts": "5353", "EventData.RemotePorts": "*", "EventData.Action": "3", "EventData.Profiles": "2147483647", "EventData.LocalAddresses": "*", "EventData.RemoteAddresses": "*", "EventData.RemoteMachineAuthorizationList": null, "EventData.RemoteUserAuthorizationList": null, "EventData.EmbeddedContext": "Microsoft Edge", "EventData.Flags": "1", "EventData.Active": "1", "EventData.EdgeTraversal": "0", "EventData.LooseSourceMapped": "0", "EventData.SecurityOptions": "0", "EventData.ModifyingUser": "S-1-5-18", "EventData.ModifyingApplication": "C:\\Program Files (x86)\\Microsoft\\EdgeUpdate\\Install\\{153B1E9C-29AC-44D3-87B4-552018F40F41}\\EDGEMITMP_204FA.tmp\\setup.exe", "EventData.SchemaVersion": "542", "EventData.RuleStatus": "65536", "EventData.LocalOnlyMapped": "0", "EventData.PolicyAppId": null}
{"EventID": "2006", "Channel": "Microsoft-Windows-Windows Firewall With Advanced Security/Firewall", "Provider_Name": "Microsoft-Windows-Windows Firewall With Advanced Security", "Computer": "DESKTOP-OFJ6N53", "TimeCreated": "2025-08-10 10:06:47.951527+00:00", "RecordID": "31272", "Level": "4", "UserID": "S-1-5-19", "EventData.RuleId": "{C54E4754-E30A-4808-8045-A58ADF55B08E}", "EventData.RuleName": "@{Microsoft.StorePurchaseApp_22506.1401.3.0_x64__8wekyb3d8bbwe?ms-resource://Microsoft.StorePurchaseApp/Resources/DisplayTitle}", "EventData.ModifyingUser": "S-1-5-80-3088073201-1464728630-1879813800-1107566885-823218052", "EventData.ModifyingApplication": "C:\\Windows\\System32\\svchost.exe"}
{"EventID": "2006", "Channel": "Microsoft-Windows-Windows Firewall With Advanced Security/Firewall", "Provider_Name": "Microsoft-Windows-Windows Firewall With Advanced Security", "Computer": "DESKTOP-OFJ6N53", "TimeCreated": "2025-08-10 10:06:47.952625+00:00", "RecordID": "31273", "Level": "4", "UserID": "S-1-5-19", "EventData.RuleId": "{EE9FBE13-9C06-42EF-B009-31A9E2BBB9FA}", "EventData.RuleName": "@{Microsoft.StorePurchaseApp_22506.1401.3.0_x64__8wekyb3d8bbwe?ms-resource://Microsoft.StorePurchaseApp/Resources/DisplayTitle}", "EventData.ModifyingUser": "S-1-5-80-3088073201-1464728630-1879813800-1107566885-823218052", "EventData.ModifyingApplication": "C:\\Windows\\System32\\svchost.exe"}
{"EventID": "2006", "Channel": "Microsoft-Windows-Windows Firewall With Advanced Security/Firewall", "Provider_Name": "Microsoft-Windows-Windows Firewall With Advanced Security", "Computer": "DESKTOP-OFJ6N53", "TimeCreated": "2025-08-10 10:06:47.953394+00:00", "RecordID": "31274", "Level": "4", "UserID": "S-1-5-19", "EventData.RuleId": "{6C72DAF8-8337-4E63-8CFA-700EFCC830C7}", "EventData.RuleName": "@{Microsoft.StorePurchaseApp_22506.1401.3.0_x64__8wekyb3d8bbwe?ms-resource://Microsoft.StorePurchaseApp/Resources/DisplayTitle}", "EventData.ModifyingUser": "S-1-5-80-3088073201-1464728630-1879813800-1107566885-823218052", "EventData.ModifyingApplication": "C:\\Windows\\System32\\svchost.exe"}
{"EventID": "2006", "Channel": "Microsoft-Windows-Windows Firewall With Advanced Security/Firewall", "Provider_Name": "Microsoft-Windows-Windows Firewall With Advanced Security", "Computer": "DESKTOP-OFJ6N53", "TimeCreated": "2025-08-10 10:06:47.954210+00:00", "RecordID": "31275", "Level": "4", "UserID": "S-1-5-19", "EventData.RuleId": "{6AB60C58-C4E9-46D3-A60F-2CC499450C47}", "EventData.RuleName": "@{Microsoft.StorePurchaseApp_22506.1401.3.0_x64__8wekyb3d8bbwe?ms-resource://Microsoft.StorePurchaseApp/Resources/DisplayTitle}", "EventData.ModifyingUser": "S-1-5-80-3088073201-1464728630-1879813800-1107566885-823218052", "EventData.ModifyingApplication": "C:\\Windows\\System32\\svchost.exe"}
{"EventID": "2006", "Channel": "Microsoft-Windows-Windows Firewall With Advanced Security/Firewall", "Provider_Name": "Microsoft-Windows-Windows Firewall With Advanced Security", "Computer": "DESKTOP-OFJ6N53", "TimeCreated": "2025-08-10 10:06:47.955248+00:00", "RecordID": "31276", "Level": "4", "UserID": "S-1-5-19", "EventData.RuleId": "{2B279EC1-0CE8-4806-A2F8-DB638526D409}", "EventData.RuleName": "@{Microsoft.StorePurchaseApp_22506.1401.3.0_x64__8wekyb3d8bbwe?ms-resource://Microsoft.StorePurchaseApp/Resources/DisplayTitle}", "EventData.ModifyingUser": "S-1-5-80-3088073201-1464728630-1879813800-1107566885-823218052", "EventData.ModifyingApplication": "C:\\Windows\\System32\\svchost.exe"}
{"EventID": "2006", "Channel": "Microsoft-Windows-Windows Firewall With Advanced Security/Firewall", "Provider_Name": "Microsoft-Windows-Windows Firewall With Advanced Security", "Computer": "DESKTOP-OFJ6N53", "TimeCreated": "2025-08-10 10:06:47.956156+00:00", "RecordID": "31277", "Level": "4", "UserID": "S-1-5-19", "EventData.RuleId": "{7DF0935E-93E9-4ECF-BD9C-B835E3F55B22}", "EventData.RuleName": "@{Microsoft.StorePurchaseApp_22506.1401.3.0_x64__8wekyb3d8bbwe?ms-resource://Microsoft.StorePurchaseApp/Resources/DisplayTitle}", "EventData.ModifyingUser": "S-1-5-80-3088073201-1464728630-1879813800-1107566885-823218052", "EventData.ModifyingApplication": "C:\\Windows\\System32\\svchost.exe"}
{"EventID": "2006", "Channel": "Microsoft-Windows-Windows Firewall With Advanced Security/Firewall", "Provider_Name": "Microsoft-Windows-Windows Firewall With Advanced Security", "Computer": "DESKTOP-OFJ6N53", "TimeCreated": "2025-08-10 10:06:47.957048+00:00", "RecordID": "31278", "Level": "4", "UserID": "S-1-5-19", "EventData.RuleId": "{D769A32F-F19E-4C9D-8DBA-C88641A21131}", "EventData.RuleName": "@{Microsoft.StorePurchaseApp_22506.1401.3.0_x64__8wekyb3d8bbwe?ms-resource://Microsoft.StorePurchaseApp/Resources/DisplayTitle}", "EventData.ModifyingUser": "S-1-5-80-3088073201-1464728630-1879813800-1107566885-823218052", "EventData.ModifyingApplication": "C:\\Windows\\System32\\svchost.exe"}
{"EventID": "2006", "Channel": "Microsoft-Windows-Windows Firewall With Advanced Security/Firewall", "Provider_Name": "Microsoft-Windows-Windows Firewall With Advanced Security", "Computer": "DESKTOP-OFJ6N53", "TimeCreated": "2025-08-10 10:06:47.958578+00:00", "RecordID": "31279", "Level": "4", "UserID": "S-1-5-19", "EventData.RuleId": "{EA4996B2-19C5-440D-87CA-9393B7493971}", "EventData.RuleName": "@{Microsoft.StorePurchaseApp_22506.1401.3.0_x64__8wekyb3d8bbwe?ms-resource://Microsoft.StorePurchaseApp/Resources/DisplayTitle}", "EventData.ModifyingUser": "S-1-5-80-3088073201-1464728630-1879813800-1107566885-823218052", "EventData.ModifyingApplication": "C:\\Windows\\System32\\svchost.exe"}
{"EventID": "2006", "Channel": "Microsoft-Windows-Windows Firewall With Advanced Security/Firewall", "Provider_Name": "Microsoft-Windows-Windows Firewall With Advanced Security", "Computer": "DESKTOP-OFJ6N53", "TimeCreated": "2025-08-10 10:06:47.959846+00:00", "RecordID": "31280", "Level": "4", "UserID": "S-1-5-19", "EventData.RuleId": "{165A461B-FFCE-41F4-BD6D-47A3FD631952}", "EventData.RuleName": "@{Microsoft.StorePurchaseApp_22506.1401.3.0_x64__8wekyb3d8bbwe?ms-resource://Microsoft.StorePurchaseApp/Resources/DisplayTitle}", "EventData.ModifyingUser": "S-1-5-80-3088073201-1464728630-1879813800-1107566885-823218052", "EventData.ModifyingApplication": "C:\\Windows\\System32\\svchost.exe"}
{"EventID": "2097", "Channel": "Microsoft-Windows-Windows Firewall With Advanced Security/Firewall", "Provider_Name": "Microsoft-Windows-Windows Firewall With Advanced Security", "Computer": "DESKTOP-OFJ6N53", "TimeCreated": "2025-08-10 10:06:47.963570+00:00", "RecordID": "31281", "Level": "4", "UserID": "S-1-5-19", "EventData.RuleId": "{A2758741-6A4B-4B9F-830E-CEC51E0DA002}", "EventData.RuleName": "@{Microsoft.StorePurchaseApp_22506.1401.4.0_x64__8wekyb3d8bbwe?ms-resource://Microsoft.StorePurchaseApp/Resources/DisplayTitle}", "EventData.Origin": "1", "EventData.ApplicationPath": null, "EventData.ServiceName": null, "EventData.Direction": "1", "EventData.Protocol": "256", "EventData.LocalPorts": null, "EventData.RemotePorts": null, "EventData.Action": "2", "EventData.Profiles": "2147483647", "EventData.LocalAddresses": "*", "EventData.RemoteAddresses": "*", "EventData.RemoteMachineAuthorizationList": null, "EventData.RemoteUserAuthorizationList": null, "EventData.EmbeddedContext": "@{Microsoft.StorePurchaseApp_22506.1401.4.0_x64__8wekyb3d8bbwe?ms-resource://Microsoft.StorePurchaseApp/Resources/DisplayTitle}", "EventData.Flags": "1", "EventData.Active": "1", "EventData.EdgeTraversal": "0", "EventData.LooseSourceMapped": "0", "EventData.SecurityOptions": "0", "EventData.ModifyingUser": "S-1-5-80-3088073201-1464728630-1879813800-1107566885-823218052", "EventData.ModifyingApplication": "C:\\Windows\\System32\\svchost.exe", "EventData.SchemaVersion": "542", "EventData.RuleStatus": "65536", "EventData.LocalOnlyMapped": "0", "EventData.PolicyAppId": null}
{"EventID": "2097", "Channel": "Microsoft-Windows-Windows Firewall With Advanced Security/Firewall", "Provider_Name": "Microsoft-Windows-Windows Firewall With Advanced Security", "Computer": "DESKTOP-OFJ6N53", "TimeCreated": "2025-08-10 10:06:47.965481+00:00", "RecordID": "31282", "Level": "4", "UserID": "S-1-5-19", "EventData.RuleId": "{51131C0F-008D-40FB-8240-916B97B41ACE}", "EventData.RuleName": "@{Microsoft.StorePurchaseApp_22506.1401.4.0_x64__8wekyb3d8bbwe?ms-resource://Microsoft.StorePurchaseApp/Resources/DisplayTitle}", "EventData.Origin": "1", "EventData.ApplicationPath": null, "EventData.ServiceName": null, "EventData.Direction": "2", "EventData.Protocol": "256", "EventData.LocalPorts": null, "EventData.RemotePorts": null, "EventData.Action": "2", "EventData.Profiles": "2147483647", "EventData.LocalAddresses": "*", "EventData.RemoteAddresses": "*", "EventData.RemoteMachineAuthorizationList": null, "EventData.RemoteUserAuthorizationList": null, "EventData.EmbeddedContext": "@{Microsoft.StorePurchaseApp_22506.1401.4.0_x64__8wekyb3d8bbwe?ms-resource://Microsoft.StorePurchaseApp/Resources/DisplayTitle}", "EventData.Flags": "1", "EventData.Active": "1", "EventData.EdgeTraversal": "0", "EventData.LooseSourceMapped": "0", "EventData.SecurityOptions": "0", "EventData.ModifyingUser": "S-1-5-80-3088073201-1464728630-1879813800-1107566885-823218052", "EventData.ModifyingApplication": "C:\\Windows\\System32\\svchost.exe", "EventData.SchemaVersion": "542", "EventData.RuleStatus": "65536", "EventData.LocalOnlyMapped": "0", "EventData.PolicyAppId": null}
{"EventID": "2097", "Channel": "Microsoft-Windows-Windows Firewall With Advanced Security/Firewall", "Provider_Name": "Microsoft-Windows-Windows Firewall With Advanced Security", "Computer": "DESKTOP-OFJ6N53", "TimeCreated": "2025-08-10 10:06:47.967548+00:00", "RecordID": "31283", "Level": "4", "UserID": "S-1-5-19", "EventData.RuleId": "{DD2A5749-736C-43FB-8452-FB0E92D2860D}", "EventData.RuleName": "@{Microsoft.StorePurchaseApp_22506.1401.4.0_x64__8wekyb3d8bbwe?ms-resource://Microsoft.StorePurchaseApp/Resources/DisplayTitle}", "EventData.Origin": "1", "EventData.ApplicationPath": null, "EventData.ServiceName": null, "EventData.Direction": "1", "EventData.Protocol": "256", "EventData.LocalPorts": null, "EventData.RemotePorts": null, "EventData.Action": "3", "EventData.Profiles": "7", "EventData.LocalAddresses": "*", "EventData.RemoteAddresses": "*", "EventData.RemoteMachineAuthorizationList": null, "EventData.RemoteUserAuthorizationList": null, "EventData.EmbeddedContext": "@{Microsoft.StorePurchaseApp_22506.1401.4.0_x64__8wekyb3d8bbwe?ms-resource://Microsoft.StorePurchaseApp/Resources/DisplayTitle}", "EventData.Flags": "1", "EventData.Active": "1", "EventData.EdgeTraversal": "0", "EventData.LooseSourceMapped": "0", "EventData.SecurityOptions": "0", "EventData.ModifyingUser": "S-1-5-80-3088073201-1464728630-1879813800-1107566885-823218052", "EventData.ModifyingApplication": "C:\\Windows\\System32\\svchost.exe", "EventData.SchemaVersion": "542", "EventData.RuleStatus": "65536", "EventData.LocalOnlyMapped": "0", "EventData.PolicyAppId": null}
{"EventID": "2097", "Channel": "Microsoft-Windows-Windows Firewall With Advanced Security/Firewall", "Provider_Name": "Microsoft-Windows-Windows Firewall With Advanced Security", "Computer": "DESKTOP-OFJ6N53", "TimeCreated": "2025-08-10 10:06:47.969587+00:00", "RecordID": "31284", "Level": "4", "UserID": "S-1-5-19", "EventData.RuleId": "{E4B17304-893F-4DB8-A9C2-B061C381A13C}", "EventData.RuleName": "@{Microsoft.StorePurchaseApp_22506.1401.4.0_x64__8wekyb3d8bbwe?ms-resource://Microsoft.StorePurchaseApp/Resources/DisplayTitle}", "EventData.Origin": "1", "EventData.ApplicationPath": null, "EventData.ServiceName": null, "EventData.Direction": "2", "EventData.Protocol": "256", "EventData.LocalPorts": null, "EventData.RemotePorts": null, "EventData.Action": "3", "EventData.Profiles": "7", "EventData.LocalAddresses": "*", "EventData.RemoteAddresses": "*", "EventData.RemoteMachineAuthorizationList": null, "EventData.RemoteUserAuthorizationList": null, "EventData.EmbeddedContext": "@{Microsoft.StorePurchaseApp_22506.1401.4.0_x64__8wekyb3d8bbwe?ms-resource://Microsoft.StorePurchaseApp/Resources/DisplayTitle}", "EventData.Flags": "1", "EventData.Active": "1", "EventData.EdgeTraversal": "0", "EventData.LooseSourceMapped": "0", "EventData.SecurityOptions": "0", "EventData.ModifyingUser": "S-1-5-80-3088073201-1464728630-1879813800-1107566885-823218052", "EventData.ModifyingApplication": "C:\\Windows\\System32\\svchost.exe", "EventData.SchemaVersion": "542", "EventData.RuleStatus": "65536", "EventData.LocalOnlyMapped": "0", "EventData.PolicyAppId": null}
{"EventID": "2097", "Channel": "Microsoft-Windows-Windows Firewall With Advanced Security/Firewall", "Provider_Name": "Microsoft-Windows-Windows Firewall With Advanced Security", "Computer": "DESKTOP-OFJ6N53", "TimeCreated": "2025-08-10 10:06:47.971436+00:00", "RecordID": "31285", "Level": "4", "UserID": "S-1-5-19", "EventData.RuleId": "{0155BCBF-08E7-4C72-A818-130A8FDC750C}", "EventData.RuleName": "@{Microsoft.StorePurchaseApp_22506.1401.4.0_x64__8wekyb3d8bbwe?ms-resource://Microsoft.StorePurchaseApp/Resources/DisplayTitle}", "EventData.Origin": "1", "EventData.ApplicationPath": null, "EventData.ServiceName": null, "EventData.Direction": "1", "EventData.Protocol": "256", "EventData.LocalPorts": null, "EventData.RemotePorts": null, "EventData.Action": "3", "EventData.Profiles": "6", "EventData.LocalAddresses": "*", "EventData.RemoteAddresses": "*", "EventData.RemoteMachineAuthorizationList": null, "EventData.RemoteUserAuthorizationList": null, "EventData.EmbeddedContext": "@{Microsoft.StorePurchaseApp_22506.1401.4.0_x64__8wekyb3d8bbwe?ms-resource://Microsoft.StorePurchaseApp/Resources/DisplayTitle}", "EventData.Flags": "3", "EventData.Active": "1", "EventData.EdgeTraversal": "0", "EventData.LooseSourceMapped": "0", "EventData.SecurityOptions": "1", "EventData.ModifyingUser": "S-1-5-80-3088073201-1464728630-1879813800-1107566885-823218052", "EventData.ModifyingApplication": "C:\\Windows\\System32\\svchost.exe", "EventData.SchemaVersion": "542", "EventData.RuleStatus": "65536", "EventData.LocalOnlyMapped": "0", "EventData.PolicyAppId": null}
{"EventID": "2097", "Channel": "Microsoft-Windows-Windows Firewall With Advanced Security/Firewall", "Provider_Name": "Microsoft-Windows-Windows Firewall With Advanced Security", "Computer": "DESKTOP-OFJ6N53", "TimeCreated": "2025-08-10 10:06:47.973280+00:00", "RecordID": "31286", "Level": "4", "UserID": "S-1-5-19", "EventData.RuleId": "{7C3E86FE-C089-4537-9E71-4CA856B2D4CE}", "EventData.RuleName": "@{Microsoft.StorePurchaseApp_22506.1401.4.0_x64__8wekyb3d8bbwe?ms-resource://Microsoft.StorePurchaseApp/Resources/DisplayTitle}", "EventData.Origin": "1", "EventData.ApplicationPath": null, "EventData.ServiceName": null, "EventData.Direction": "2", "EventData.Protocol": "256", "EventData.LocalPorts": null, "EventData.RemotePorts": null, "EventData.Action": "3", "EventData.Profiles": "6", "EventData.LocalAddresses": "*", "EventData.RemoteAddresses": "*", "EventData.RemoteMachineAuthorizationList": null, "EventData.RemoteUserAuthorizationList": null, "EventData.EmbeddedContext": "@{Microsoft.StorePurchaseApp_22506.1401.4.0_x64__8wekyb3d8bbwe?ms-resource://Microsoft.StorePurchaseApp/Resources/DisplayTitle}", "EventData.Flags": "3", "EventData.Active": "1", "EventData.EdgeTraversal": "0", "EventData.LooseSourceMapped": "0", "EventData.SecurityOptions": "1", "EventData.ModifyingUser": "S-1-5-80-3088073201-1464728630-1879813800-1107566885-823218052", "EventData.ModifyingApplication": "C:\\Windows\\System32\\svchost.exe", "EventData.SchemaVersion": "542", "EventData.RuleStatus": "65536", "EventData.LocalOnlyMapped": "0", "EventData.PolicyAppId": null}
{"EventID": "2097", "Channel": "Microsoft-Windows-Windows Firewall With Advanced Security/Firewall", "Provider_Name": "Microsoft-Windows-Windows Firewall With Advanced Security", "Computer": "DESKTOP-OFJ6N53", "TimeCreated": "2025-08-10 10:06:47.975132+00:00", "RecordID": "31287", "Level": "4", "UserID": "S-1-5-19", "EventData.RuleId": "{18C126CD-47C1-4699-BDE2-4E999F681C0A}", "EventData.RuleName": "@{Microsoft.StorePurchaseApp_22506.1401.4.0_x64__8wekyb3d8bbwe?ms-resource://Microsoft.StorePurchaseApp/Resources/DisplayTitle}", "EventData.Origin": "1", "EventData.ApplicationPath": null, "EventData.ServiceName": null, "EventData.Direction": "2", "EventData.Protocol": "256", "EventData.LocalPorts": null, "EventData.RemotePorts": null, "EventData.Action": "3", "EventData.Profiles": "7", "EventData.LocalAddresses": "*", "EventData.RemoteAddresses": "*", "EventData.RemoteMachineAuthorizationList": null, "EventData.RemoteUserAuthorizationList": null, "EventData.EmbeddedContext": "@{Microsoft.StorePurchaseApp_22506.1401.4.0_x64__8wekyb3d8bbwe?ms-resource://Microsoft.StorePurchaseApp/Resources/DisplayTitle}", "EventData.Flags": "1", "EventData.Active": "1", "EventData.EdgeTraversal": "0", "EventData.LooseSourceMapped": "0", "EventData.SecurityOptions": "0", "EventData.ModifyingUser": "S-1-5-80-3088073201-1464728630-1879813800-1107566885-823218052", "EventData.ModifyingApplication": "C:\\Windows\\System32\\svchost.exe", "EventData.SchemaVersion": "542", "EventData.RuleStatus": "65536", "EventData.LocalOnlyMapped": "0", "EventData.PolicyAppId": null}
