{"EventID": "1", "Channel": "Microsoft-Windows-Security-LessPrivilegedAppContainer/Operational", "Provider_Name": "Microsoft-Windows-Security-LessPrivilegedAppContainer", "Computer": "DESKTOP-OFJ6N53", "TimeCreated": "2025-03-11 20:26:09.306248+00:00", "RecordID": "674", "Level": "2", "UserID": "S-1-5-21-963789628-1060504924-4285088085-1001", "EventData.FailureTime": "2025-03-11 20:26:09.306244+00:00", "EventData.StackHash": "0xb3173376"}
{"EventID": "1", "Channel": "Microsoft-Windows-Security-LessPrivilegedAppContainer/Operational", "Provider_Name": "Microsoft-Windows-Security-LessPrivilegedAppContainer", "Computer": "DESKTOP-OFJ6N53", "TimeCreated": "2025-03-11 20:26:26.063944+00:00", "RecordID": "675", "Level": "2", "UserID": "S-1-5-21-963789628-1060504924-4285088085-1001", "EventData.FailureTime": "2025-03-11 20:26:26.063942+00:00", "EventData.StackHash": "0xe0206edc"}
{"EventID": "1", "Channel": "Microsoft-Windows-Security-LessPrivilegedAppContainer/Operational", "Provider_Name": "Microsoft-Windows-Security-LessPrivilegedAppContainer", "Computer": "DESKTOP-OFJ6N53", "TimeCreated": "2025-03-11 20:26:26.064005+00:00", "RecordID": "676", "Level": "2", "UserID": "S-1-5-21-963789628-1060504924-4285088085-1001", "EventData.FailureTime": "2025-03-11 20:26:26.064003+00:00", "EventData.StackHash": "0xe0206efe"}
{"EventID": "1", "Channel": "Microsoft-Windows-Security-LessPrivilegedAppContainer/Operational", "Provider_Name": "Microsoft-Windows-Security-LessPrivilegedAppContainer", "Computer": "DESKTOP-OFJ6N53", "TimeCreated": "2025-03-11 20:26:26.064062+00:00", "RecordID": "677", "Level": "2", "UserID": "S-1-5-21-963789628-1060504924-4285088085-1001", "EventData.FailureTime": "2025-03-11 20:26:26.064062+00:00", "EventData.StackHash": "0xe01ae056"}
{"EventID": "1", "Channel": "Microsoft-Windows-Security-LessPrivilegedAppContainer/Operational", "Provider_Name": "Microsoft-Windows-Security-LessPrivilegedAppContainer", "Computer": "DESKTOP-OFJ6N53", "TimeCreated": "2025-03-11 20:26:26.589460+00:00", "RecordID": "678", "Level": "2", "UserID": "S-1-5-21-963789628-1060504924-4285088085-1001", "EventData.FailureTime": "2025-03-11 20:26:26.589458+00:00", "EventData.StackHash": "0xe033cd5b"}
{"EventID": "1", "Channel": "Microsoft-Windows-Security-LessPrivilegedAppContainer/Operational", "Provider_Name": "Microsoft-Windows-Security-LessPrivilegedAppContainer", "Computer": "DESKTOP-OFJ6N53", "TimeCreated": "2025-03-11 20:26:26.589481+00:00", "RecordID": "679", "Level": "2", "UserID": "S-1-5-21-963789628-1060504924-4285088085-1001", "EventData.FailureTime": "2025-03-11 20:26:26.589481+00:00", "EventData.StackHash": "0xe03538f1"}
{"EventID": "1", "Channel": "Microsoft-Windows-Security-LessPrivilegedAppContainer/Operational", "Provider_Name": "Microsoft-Windows-Security-LessPrivilegedAppContainer", "Computer": "DESKTOP-OFJ6N53", "TimeCreated": "2025-03-11 20:26:26.590048+00:00", "RecordID": "680", "Level": "2", "UserID": "S-1-5-21-963789628-1060504924-4285088085-1001", "EventData.FailureTime": "2025-03-11 20:26:26.590046+00:00", "EventData.StackHash": "0x2310a13b"}
{"EventID": "1", "Channel": "Microsoft-Windows-Security-LessPrivilegedAppContainer/Operational", "Provider_Name": "Microsoft-Windows-Security-LessPrivilegedAppContainer", "Computer": "DESKTOP-OFJ6N53", "TimeCreated": "2025-03-11 20:26:26.591459+00:00", "RecordID": "681", "Level": "2", "UserID": "S-1-5-21-963789628-1060504924-4285088085-1001", "EventData.FailureTime": "2025-03-11 20:26:26.591457+00:00", "EventData.StackHash": "0x26f43403"}
{"EventID": "1", "Channel": "Microsoft-Windows-Security-LessPrivilegedAppContainer/Operational", "Provider_Name": "Microsoft-Windows-Security-LessPrivilegedAppContainer", "Computer": "DESKTOP-OFJ6N53", "TimeCreated": "2025-03-11 20:26:26.611300+00:00", "RecordID": "682", "Level": "2", "UserID": "S-1-5-21-963789628-1060504924-4285088085-1001", "EventData.FailureTime": "2025-03-11 20:26:26.611298+00:00", "EventData.StackHash": "0xe02defc7"}
{"EventID": "1", "Channel": "Microsoft-Windows-Security-LessPrivilegedAppContainer/Operational", "Provider_Name": "Microsoft-Windows-Security-LessPrivilegedAppContainer", "Computer": "DESKTOP-OFJ6N53", "TimeCreated": "2025-03-11 20:26:26.611359+00:00", "RecordID": "683", "Level": "2", "UserID": "S-1-5-21-963789628-1060504924-4285088085-1001", "EventData.FailureTime": "2025-03-11 20:26:26.611357+00:00", "EventData.StackHash": "0xe02d73d4"}
{"EventID": "1", "Channel": "Microsoft-Windows-Security-LessPrivilegedAppContainer/Operational", "Provider_Name": "Microsoft-Windows-Security-LessPrivilegedAppContainer", "Computer": "DESKTOP-OFJ6N53", "TimeCreated": "2025-03-11 20:26:26.611408+00:00", "RecordID": "684", "Level": "2", "UserID": "S-1-5-21-963789628-1060504924-4285088085-1001", "EventData.FailureTime": "2025-03-11 20:26:26.611408+00:00", "EventData.StackHash": "0xe02d73e0"}
{"EventID": "1", "Channel": "Microsoft-Windows-Security-LessPrivilegedAppContainer/Operational", "Provider_Name": "Microsoft-Windows-Security-LessPrivilegedAppContainer", "Computer": "DESKTOP-OFJ6N53", "TimeCreated": "2025-03-11 20:26:26.752804+00:00", "RecordID": "685", "Level": "2", "UserID": "S-1-5-21-963789628-1060504924-4285088085-1001", "EventData.FailureTime": "2025-03-11 20:26:26.752802+00:00", "EventData.StackHash": "0xe0208002"}
{"EventID": "1", "Channel": "Microsoft-Windows-Security-LessPrivilegedAppContainer/Operational", "Provider_Name": "Microsoft-Windows-Security-LessPrivilegedAppContainer", "Computer": "DESKTOP-OFJ6N53", "TimeCreated": "2025-03-11 20:26:26.754013+00:00", "RecordID": "686", "Level": "2", "UserID": "S-1-5-21-963789628-1060504924-4285088085-1001", "EventData.FailureTime": "2025-03-11 20:26:26.754013+00:00", "EventData.StackHash": "0x11752846"}
{"EventID": "1", "Channel": "Microsoft-Windows-Security-LessPrivilegedAppContainer/Operational", "Provider_Name": "Microsoft-Windows-Security-LessPrivilegedAppContainer", "Computer": "DESKTOP-OFJ6N53", "TimeCreated": "2025-03-11 20:26:26.821058+00:00", "RecordID": "687", "Level": "2", "UserID": "S-1-5-21-963789628-1060504924-4285088085-1001", "EventData.FailureTime": "2025-03-11 20:26:26.821054+00:00", "EventData.StackHash": "0xe2b416f4"}
{"EventID": "1", "Channel": "Microsoft-Windows-Security-LessPrivilegedAppContainer/Operational", "Provider_Name": "Microsoft-Windows-Security-LessPrivilegedAppContainer", "Computer": "DESKTOP-OFJ6N53", "TimeCreated": "2025-03-11 20:26:26.821085+00:00", "RecordID": "688", "Level": "2", "UserID": "S-1-5-21-963789628-1060504924-4285088085-1001", "EventData.FailureTime": "2025-03-11 20:26:26.821083+00:00", "EventData.StackHash": "0xe0528369"}
{"EventID": "1", "Channel": "Microsoft-Windows-Security-LessPrivilegedAppContainer/Operational", "Provider_Name": "Microsoft-Windows-Security-LessPrivilegedAppContainer", "Computer": "DESKTOP-OFJ6N53", "TimeCreated": "2025-03-11 20:26:26.830904+00:00", "RecordID": "689", "Level": "2", "UserID": "S-1-5-21-963789628-1060504924-4285088085-1001", "EventData.FailureTime": "2025-03-11 20:26:26.830902+00:00", "EventData.StackHash": "0xe022fd7c"}
{"EventID": "1", "Channel": "Microsoft-Windows-Security-LessPrivilegedAppContainer/Operational", "Provider_Name": "Microsoft-Windows-Security-LessPrivilegedAppContainer", "Computer": "DESKTOP-OFJ6N53", "TimeCreated": "2025-03-11 20:26:26.831047+00:00", "RecordID": "690", "Level": "2", "UserID": "S-1-5-21-963789628-1060504924-4285088085-1001", "EventData.FailureTime": "2025-03-11 20:26:26.831045+00:00", "EventData.StackHash": "0x008bc18f"}
{"EventID": "1", "Channel": "Microsoft-Windows-Security-LessPrivilegedAppContainer/Operational", "Provider_Name": "Microsoft-Windows-Security-LessPrivilegedAppContainer", "Computer": "DESKTOP-OFJ6N53", "TimeCreated": "2025-03-11 20:26:26.831074+00:00", "RecordID": "691", "Level": "2", "UserID": "S-1-5-21-963789628-1060504924-4285088085-1001", "EventData.FailureTime": "2025-03-11 20:26:26.831074+00:00", "EventData.StackHash": "0xd3b0356f"}
{"EventID": "1", "Channel": "Microsoft-Windows-Security-LessPrivilegedAppContainer/Operational", "Provider_Name": "Microsoft-Windows-Security-LessPrivilegedAppContainer", "Computer": "DESKTOP-OFJ6N53", "TimeCreated": "2025-03-11 20:26:26.831144+00:00", "RecordID": "692", "Level": "2", "UserID": "S-1-5-21-963789628-1060504924-4285088085-1001", "EventData.FailureTime": "2025-03-11 20:26:26.831144+00:00", "EventData.StackHash": "0x40b22185"}
{"EventID": "1", "Channel": "Microsoft-Windows-Security-LessPrivilegedAppContainer/Operational", "Provider_Name": "Microsoft-Windows-Security-LessPrivilegedAppContainer", "Computer": "DESKTOP-OFJ6N53", "TimeCreated": "2025-03-11 20:26:26.847382+00:00", "RecordID": "693", "Level": "2", "UserID": "S-1-5-21-963789628-1060504924-4285088085-1001", "EventData.FailureTime": "2025-03-11 20:26:26.847378+00:00", "EventData.StackHash": "0xe02e63ac"}
{"EventID": "1", "Channel": "Microsoft-Windows-Security-LessPrivilegedAppContainer/Operational", "Provider_Name": "Microsoft-Windows-Security-LessPrivilegedAppContainer", "Computer": "DESKTOP-OFJ6N53", "TimeCreated": "2025-03-11 20:26:26.847498+00:00", "RecordID": "694", "Level": "2", "UserID": "S-1-5-21-963789628-1060504924-4285088085-1001", "EventData.FailureTime": "2025-03-11 20:26:26.847498+00:00", "EventData.StackHash": "0xe02e64e2"}
{"EventID": "1", "Channel": "Microsoft-Windows-Security-LessPrivilegedAppContainer/Operational", "Provider_Name": "Microsoft-Windows-Security-LessPrivilegedAppContainer", "Computer": "DESKTOP-OFJ6N53", "TimeCreated": "2025-03-11 20:26:26.852749+00:00", "RecordID": "695", "Level": "2", "UserID": "S-1-5-21-963789628-1060504924-4285088085-1001", "EventData.FailureTime": "2025-03-11 20:26:26.852747+00:00", "EventData.StackHash": "0xe01e160a"}
{"EventID": "1", "Channel": "Microsoft-Windows-Security-LessPrivilegedAppContainer/Operational", "Provider_Name": "Microsoft-Windows-Security-LessPrivilegedAppContainer", "Computer": "DESKTOP-OFJ6N53", "TimeCreated": "2025-03-11 20:26:26.854559+00:00", "RecordID": "696", "Level": "2", "UserID": "S-1-5-21-963789628-1060504924-4285088085-1001", "EventData.FailureTime": "2025-03-11 20:26:26.854557+00:00", "EventData.StackHash": "0xe01e3f8a"}
{"EventID": "1", "Channel": "Microsoft-Windows-Security-LessPrivilegedAppContainer/Operational", "Provider_Name": "Microsoft-Windows-Security-LessPrivilegedAppContainer", "Computer": "DESKTOP-OFJ6N53", "TimeCreated": "2025-03-11 20:26:26.854578+00:00", "RecordID": "697", "Level": "2", "UserID": "S-1-5-21-963789628-1060504924-4285088085-1001", "EventData.FailureTime": "2025-03-11 20:26:26.854576+00:00", "EventData.StackHash": "0xe01e402f"}
{"EventID": "1", "Channel": "Microsoft-Windows-Security-LessPrivilegedAppContainer/Operational", "Provider_Name": "Microsoft-Windows-Security-LessPrivilegedAppContainer", "Computer": "DESKTOP-OFJ6N53", "TimeCreated": "2025-03-11 20:26:26.854914+00:00", "RecordID": "698", "Level": "2", "UserID": "S-1-5-21-963789628-1060504924-4285088085-1001", "EventData.FailureTime": "2025-03-11 20:26:26.854914+00:00", "EventData.StackHash": "0xe007134a"}
{"EventID": "1", "Channel": "Microsoft-Windows-Security-LessPrivilegedAppContainer/Operational", "Provider_Name": "Microsoft-Windows-Security-LessPrivilegedAppContainer", "Computer": "DESKTOP-OFJ6N53", "TimeCreated": "2025-03-11 20:26:26.855001+00:00", "RecordID": "699", "Level": "2", "UserID": "S-1-5-21-963789628-1060504924-4285088085-1001", "EventData.FailureTime": "2025-03-11 20:26:26.855001+00:00", "EventData.StackHash": "0xe0053331"}
{"EventID": "1", "Channel": "Microsoft-Windows-Security-LessPrivilegedAppContainer/Operational", "Provider_Name": "Microsoft-Windows-Security-LessPrivilegedAppContainer", "Computer": "DESKTOP-OFJ6N53", "TimeCreated": "2025-03-11 20:26:26.873287+00:00", "RecordID": "700", "Level": "2", "UserID": "S-1-5-21-963789628-1060504924-4285088085-1001", "EventData.FailureTime": "2025-03-11 20:26:26.873285+00:00", "EventData.StackHash": "0xe02f9f2a"}
{"EventID": "1", "Channel": "Microsoft-Windows-Security-LessPrivilegedAppContainer/Operational", "Provider_Name": "Microsoft-Windows-Security-LessPrivilegedAppContainer", "Computer": "DESKTOP-OFJ6N53", "TimeCreated": "2025-03-11 20:26:26.873306+00:00", "RecordID": "701", "Level": "2", "UserID": "S-1-5-21-963789628-1060504924-4285088085-1001", "EventData.FailureTime": "2025-03-11 20:26:26.873304+00:00", "EventData.StackHash": "0xe02f9f2a"}
{"EventID": "1", "Channel": "Microsoft-Windows-Security-LessPrivilegedAppContainer/Operational", "Provider_Name": "Microsoft-Windows-Security-LessPrivilegedAppContainer", "Computer": "DESKTOP-OFJ6N53", "TimeCreated": "2025-03-11 20:26:26.873323+00:00", "RecordID": "702", "Level": "2", "UserID": "S-1-5-21-963789628-1060504924-4285088085-1001", "EventData.FailureTime": "2025-03-11 20:26:26.873322+00:00", "EventData.StackHash": "0xe02f9f2a"}
{"EventID": "1", "Channel": "Microsoft-Windows-Security-LessPrivilegedAppContainer/Operational", "Provider_Name": "Microsoft-Windows-Security-LessPrivilegedAppContainer", "Computer": "DESKTOP-OFJ6N53", "TimeCreated": "2025-03-11 20:26:26.873333+00:00", "RecordID": "703", "Level": "2", "UserID": "S-1-5-21-963789628-1060504924-4285088085-1001", "EventData.FailureTime": "2025-03-11 20:26:26.873333+00:00", "EventData.StackHash": "0xe02f9f2a"}
{"EventID": "1", "Channel": "Microsoft-Windows-Security-LessPrivilegedAppContainer/Operational", "Provider_Name": "Microsoft-Windows-Security-LessPrivilegedAppContainer", "Computer": "DESKTOP-OFJ6N53", "TimeCreated": "2025-03-11 20:26:26.873350+00:00", "RecordID": "704", "Level": "2", "UserID": "S-1-5-21-963789628-1060504924-4285088085-1001", "EventData.FailureTime": "2025-03-11 20:26:26.873350+00:00", "EventData.StackHash": "0xe0305b39"}
{"EventID": "1", "Channel": "Microsoft-Windows-Security-LessPrivilegedAppContainer/Operational", "Provider_Name": "Microsoft-Windows-Security-LessPrivilegedAppContainer", "Computer": "DESKTOP-OFJ6N53", "TimeCreated": "2025-03-11 20:26:26.873363+00:00", "RecordID": "705", "Level": "2", "UserID": "S-1-5-21-963789628-1060504924-4285088085-1001", "EventData.FailureTime": "2025-03-11 20:26:26.873363+00:00", "EventData.StackHash": "0xe0359959"}
{"EventID": "1", "Channel": "Microsoft-Windows-Security-LessPrivilegedAppContainer/Operational", "Provider_Name": "Microsoft-Windows-Security-LessPrivilegedAppContainer", "Computer": "DESKTOP-OFJ6N53", "TimeCreated": "2025-03-11 20:26:26.873377+00:00", "RecordID": "706", "Level": "2", "UserID": "S-1-5-21-963789628-1060504924-4285088085-1001", "EventData.FailureTime": "2025-03-11 20:26:26.873377+00:00", "EventData.StackHash": "0xe0359970"}
{"EventID": "1", "Channel": "Microsoft-Windows-Security-LessPrivilegedAppContainer/Operational", "Provider_Name": "Microsoft-Windows-Security-LessPrivilegedAppContainer", "Computer": "DESKTOP-OFJ6N53", "TimeCreated": "2025-03-11 20:26:26.873810+00:00", "RecordID": "707", "Level": "2", "UserID": "S-1-5-21-963789628-1060504924-4285088085-1001", "EventData.FailureTime": "2025-03-11 20:26:26.873810+00:00", "EventData.StackHash": "0x66e8050f"}
{"EventID": "1", "Channel": "Microsoft-Windows-Security-LessPrivilegedAppContainer/Operational", "Provider_Name": "Microsoft-Windows-Security-LessPrivilegedAppContainer", "Computer": "DESKTOP-OFJ6N53", "TimeCreated": "2025-03-11 20:26:26.876617+00:00", "RecordID": "708", "Level": "2", "UserID": "S-1-5-21-963789628-1060504924-4285088085-1001", "EventData.FailureTime": "2025-03-11 20:26:26.876616+00:00", "EventData.StackHash": "0x26f43403"}
{"EventID": "1", "Channel": "Microsoft-Windows-Security-LessPrivilegedAppContainer/Operational", "Provider_Name": "Microsoft-Windows-Security-LessPrivilegedAppContainer", "Computer": "DESKTOP-OFJ6N53", "TimeCreated": "2025-03-11 20:26:26.877123+00:00", "RecordID": "709", "Level": "2", "UserID": "S-1-5-21-963789628-1060504924-4285088085-1001", "EventData.FailureTime": "2025-03-11 20:26:26.877121+00:00", "EventData.StackHash": "0x11752846"}
{"EventID": "1", "Channel": "Microsoft-Windows-Security-LessPrivilegedAppContainer/Operational", "Provider_Name": "Microsoft-Windows-Security-LessPrivilegedAppContainer", "Computer": "DESKTOP-OFJ6N53", "TimeCreated": "2025-03-11 20:26:26.883680+00:00", "RecordID": "710", "Level": "2", "UserID": "S-1-5-21-963789628-1060504924-4285088085-1001", "EventData.FailureTime": "2025-03-11 20:26:26.883680+00:00", "EventData.StackHash": "0xe02e63ac"}
{"EventID": "1", "Channel": "Microsoft-Windows-Security-LessPrivilegedAppContainer/Operational", "Provider_Name": "Microsoft-Windows-Security-LessPrivilegedAppContainer", "Computer": "DESKTOP-OFJ6N53", "TimeCreated": "2025-03-11 20:26:26.883808+00:00", "RecordID": "711", "Level": "2", "UserID": "S-1-5-21-963789628-1060504924-4285088085-1001", "EventData.FailureTime": "2025-03-11 20:26:26.883806+00:00", "EventData.StackHash": "0xe02e64e2"}
{"EventID": "1", "Channel": "Microsoft-Windows-Security-LessPrivilegedAppContainer/Operational", "Provider_Name": "Microsoft-Windows-Security-LessPrivilegedAppContainer", "Computer": "DESKTOP-OFJ6N53", "TimeCreated": "2025-03-11 20:26:26.885300+00:00", "RecordID": "712", "Level": "2", "UserID": "S-1-5-21-963789628-1060504924-4285088085-1001", "EventData.FailureTime": "2025-03-11 20:26:26.885298+00:00", "EventData.StackHash": "0x26f43403"}
{"EventID": "1", "Channel": "Microsoft-Windows-Security-LessPrivilegedAppContainer/Operational", "Provider_Name": "Microsoft-Windows-Security-LessPrivilegedAppContainer", "Computer": "DESKTOP-OFJ6N53", "TimeCreated": "2025-03-11 20:26:26.885836+00:00", "RecordID": "713", "Level": "2", "UserID": "S-1-5-21-963789628-1060504924-4285088085-1001", "EventData.FailureTime": "2025-03-11 20:26:26.885834+00:00", "EventData.StackHash": "0x11752846"}
{"EventID": "1", "Channel": "Microsoft-Windows-Security-LessPrivilegedAppContainer/Operational", "Provider_Name": "Microsoft-Windows-Security-LessPrivilegedAppContainer", "Computer": "DESKTOP-OFJ6N53", "TimeCreated": "2025-03-11 20:26:26.892733+00:00", "RecordID": "714", "Level": "2", "UserID": "S-1-5-21-963789628-1060504924-4285088085-1001", "EventData.FailureTime": "2025-03-11 20:26:26.892731+00:00", "EventData.StackHash": "0xe02e63ac"}
{"EventID": "1", "Channel": "Microsoft-Windows-Security-LessPrivilegedAppContainer/Operational", "Provider_Name": "Microsoft-Windows-Security-LessPrivilegedAppContainer", "Computer": "DESKTOP-OFJ6N53", "TimeCreated": "2025-03-11 20:26:26.892855+00:00", "RecordID": "715", "Level": "2", "UserID": "S-1-5-21-963789628-1060504924-4285088085-1001", "EventData.FailureTime": "2025-03-11 20:26:26.892855+00:00", "EventData.StackHash": "0xe02e64e2"}
{"EventID": "1", "Channel": "Microsoft-Windows-Security-LessPrivilegedAppContainer/Operational", "Provider_Name": "Microsoft-Windows-Security-LessPrivilegedAppContainer", "Computer": "DESKTOP-OFJ6N53", "TimeCreated": "2025-03-14 11:05:37.675283+00:00", "RecordID": "716", "Level": "2", "UserID": "S-1-5-21-963789628-1060504924-4285088085-1001", "EventData.FailureTime": "2025-03-14 11:05:37.675282+00:00", "EventData.StackHash": "0xb3173376"}
{"EventID": "1", "Channel": "Microsoft-Windows-Security-LessPrivilegedAppContainer/Operational", "Provider_Name": "Microsoft-Windows-Security-LessPrivilegedAppContainer", "Computer": "DESKTOP-OFJ6N53", "TimeCreated": "2025-03-15 19:08:31.394842+00:00", "RecordID": "717", "Level": "2", "UserID": "S-1-5-21-963789628-1060504924-4285088085-1001", "EventData.FailureTime": "2025-03-15 19:08:31.394840+00:00", "EventData.StackHash": "0xb3173376"}
{"EventID": "1", "Channel": "Microsoft-Windows-Security-LessPrivilegedAppContainer/Operational", "Provider_Name": "Microsoft-Windows-Security-LessPrivilegedAppContainer", "Computer": "DESKTOP-OFJ6N53", "TimeCreated": "2025-03-15 19:08:31.578413+00:00", "RecordID": "718", "Level": "2", "UserID": "S-1-5-21-963789628-1060504924-4285088085-1001", "EventData.FailureTime": "2025-03-15 19:08:31.578409+00:00", "EventData.StackHash": "0x4d11d0f7"}
{"EventID": "1", "Channel": "Microsoft-Windows-Security-LessPrivilegedAppContainer/Operational", "Provider_Name": "Microsoft-Windows-Security-LessPrivilegedAppContainer", "Computer": "DESKTOP-OFJ6N53", "TimeCreated": "2025-03-15 19:08:31.582361+00:00", "RecordID": "719", "Level": "2", "UserID": "S-1-5-21-963789628-1060504924-4285088085-1001", "EventData.FailureTime": "2025-03-15 19:08:31.582355+00:00", "EventData.StackHash": "0xb3173376"}
{"EventID": "1", "Channel": "Microsoft-Windows-Security-LessPrivilegedAppContainer/Operational", "Provider_Name": "Microsoft-Windows-Security-LessPrivilegedAppContainer", "Computer": "DESKTOP-OFJ6N53", "TimeCreated": "2025-03-15 19:08:36.622133+00:00", "RecordID": "720", "Level": "2", "UserID": "S-1-5-21-963789628-1060504924-4285088085-1001", "EventData.FailureTime": "2025-03-15 19:08:36.622129+00:00", "EventData.StackHash": "0xb3173376"}
{"EventID": "1", "Channel": "Microsoft-Windows-Security-LessPrivilegedAppContainer/Operational", "Provider_Name": "Microsoft-Windows-Security-LessPrivilegedAppContainer", "Computer": "DESKTOP-OFJ6N53", "TimeCreated": "2025-03-15 19:08:39.116978+00:00", "RecordID": "721", "Level": "2", "UserID": "S-1-5-21-963789628-1060504924-4285088085-1001", "EventData.FailureTime": "2025-03-15 19:08:39.116976+00:00", "EventData.StackHash": "0xe0206edc"}
{"EventID": "1", "Channel": "Microsoft-Windows-Security-LessPrivilegedAppContainer/Operational", "Provider_Name": "Microsoft-Windows-Security-LessPrivilegedAppContainer", "Computer": "DESKTOP-OFJ6N53", "TimeCreated": "2025-03-15 19:08:39.117041+00:00", "RecordID": "722", "Level": "2", "UserID": "S-1-5-21-963789628-1060504924-4285088085-1001", "EventData.FailureTime": "2025-03-15 19:08:39.117041+00:00", "EventData.StackHash": "0xe0206efe"}
{"EventID": "1", "Channel": "Microsoft-Windows-Security-LessPrivilegedAppContainer/Operational", "Provider_Name": "Microsoft-Windows-Security-LessPrivilegedAppContainer", "Computer": "DESKTOP-OFJ6N53", "TimeCreated": "2025-03-15 19:08:39.117094+00:00", "RecordID": "723", "Level": "2", "UserID": "S-1-5-21-963789628-1060504924-4285088085-1001", "EventData.FailureTime": "2025-03-15 19:08:39.117094+00:00", "EventData.StackHash": "0xe01ae056"}
{"EventID": "1", "Channel": "Microsoft-Windows-Security-LessPrivilegedAppContainer/Operational", "Provider_Name": "Microsoft-Windows-Security-LessPrivilegedAppContainer", "Computer": "DESKTOP-OFJ6N53", "TimeCreated": "2025-03-15 19:08:39.119417+00:00", "RecordID": "724", "Level": "2", "UserID": "S-1-5-21-963789628-1060504924-4285088085-1001", "EventData.FailureTime": "2025-03-15 19:08:39.119415+00:00", "EventData.StackHash": "0xe033cd5b"}
{"EventID": "1", "Channel": "Microsoft-Windows-Security-LessPrivilegedAppContainer/Operational", "Provider_Name": "Microsoft-Windows-Security-LessPrivilegedAppContainer", "Computer": "DESKTOP-OFJ6N53", "TimeCreated": "2025-03-15 19:08:39.119440+00:00", "RecordID": "725", "Level": "2", "UserID": "S-1-5-21-963789628-1060504924-4285088085-1001", "EventData.FailureTime": "2025-03-15 19:08:39.119438+00:00", "EventData.StackHash": "0xe03538f1"}
{"EventID": "1", "Channel": "Microsoft-Windows-Security-LessPrivilegedAppContainer/Operational", "Provider_Name": "Microsoft-Windows-Security-LessPrivilegedAppContainer", "Computer": "DESKTOP-OFJ6N53", "TimeCreated": "2025-03-15 19:08:39.119993+00:00", "RecordID": "726", "Level": "2", "UserID": "S-1-5-21-963789628-1060504924-4285088085-1001", "EventData.FailureTime": "2025-03-15 19:08:39.119991+00:00", "EventData.StackHash": "0x24525332"}
{"EventID": "1", "Channel": "Microsoft-Windows-Security-LessPrivilegedAppContainer/Operational", "Provider_Name": "Microsoft-Windows-Security-LessPrivilegedAppContainer", "Computer": "DESKTOP-OFJ6N53", "TimeCreated": "2025-03-15 19:08:39.121113+00:00", "RecordID": "727", "Level": "2", "UserID": "S-1-5-21-963789628-1060504924-4285088085-1001", "EventData.FailureTime": "2025-03-15 19:08:39.121111+00:00", "EventData.StackHash": "0x317ed0d2"}
{"EventID": "1", "Channel": "Microsoft-Windows-Security-LessPrivilegedAppContainer/Operational", "Provider_Name": "Microsoft-Windows-Security-LessPrivilegedAppContainer", "Computer": "DESKTOP-OFJ6N53", "TimeCreated": "2025-03-15 19:08:39.123541+00:00", "RecordID": "728", "Level": "2", "UserID": "S-1-5-21-963789628-1060504924-4285088085-1001", "EventData.FailureTime": "2025-03-15 19:08:39.123537+00:00", "EventData.StackHash": "0xe02defc7"}
{"EventID": "1", "Channel": "Microsoft-Windows-Security-LessPrivilegedAppContainer/Operational", "Provider_Name": "Microsoft-Windows-Security-LessPrivilegedAppContainer", "Computer": "DESKTOP-OFJ6N53", "TimeCreated": "2025-03-15 19:08:39.123615+00:00", "RecordID": "729", "Level": "2", "UserID": "S-1-5-21-963789628-1060504924-4285088085-1001", "EventData.FailureTime": "2025-03-15 19:08:39.123613+00:00", "EventData.StackHash": "0xe02d73d4"}
{"EventID": "1", "Channel": "Microsoft-Windows-Security-LessPrivilegedAppContainer/Operational", "Provider_Name": "Microsoft-Windows-Security-LessPrivilegedAppContainer", "Computer": "DESKTOP-OFJ6N53", "TimeCreated": "2025-03-15 19:08:39.123667+00:00", "RecordID": "730", "Level": "2", "UserID": "S-1-5-21-963789628-1060504924-4285088085-1001", "EventData.FailureTime": "2025-03-15 19:08:39.123665+00:00", "EventData.StackHash": "0xe02d73e0"}
{"EventID": "1", "Channel": "Microsoft-Windows-Security-LessPrivilegedAppContainer/Operational", "Provider_Name": "Microsoft-Windows-Security-LessPrivilegedAppContainer", "Computer": "DESKTOP-OFJ6N53", "TimeCreated": "2025-03-15 19:08:39.125013+00:00", "RecordID": "731", "Level": "2", "UserID": "S-1-5-21-963789628-1060504924-4285088085-1001", "EventData.FailureTime": "2025-03-15 19:08:39.125011+00:00", "EventData.StackHash": "0xe0208002"}
{"EventID": "1", "Channel": "Microsoft-Windows-Security-LessPrivilegedAppContainer/Operational", "Provider_Name": "Microsoft-Windows-Security-LessPrivilegedAppContainer", "Computer": "DESKTOP-OFJ6N53", "TimeCreated": "2025-03-15 19:08:39.126434+00:00", "RecordID": "732", "Level": "2", "UserID": "S-1-5-21-963789628-1060504924-4285088085-1001", "EventData.FailureTime": "2025-03-15 19:08:39.126432+00:00", "EventData.StackHash": "0x13be5dd3"}
{"EventID": "1", "Channel": "Microsoft-Windows-Security-LessPrivilegedAppContainer/Operational", "Provider_Name": "Microsoft-Windows-Security-LessPrivilegedAppContainer", "Computer": "DESKTOP-OFJ6N53", "TimeCreated": "2025-03-15 19:08:39.129059+00:00", "RecordID": "733", "Level": "2", "UserID": "S-1-5-21-963789628-1060504924-4285088085-1001", "EventData.FailureTime": "2025-03-15 19:08:39.129055+00:00", "EventData.StackHash": "0xe4ff6e11"}
{"EventID": "1", "Channel": "Microsoft-Windows-Security-LessPrivilegedAppContainer/Operational", "Provider_Name": "Microsoft-Windows-Security-LessPrivilegedAppContainer", "Computer": "DESKTOP-OFJ6N53", "TimeCreated": "2025-03-15 19:08:39.129093+00:00", "RecordID": "734", "Level": "2", "UserID": "S-1-5-21-963789628-1060504924-4285088085-1001", "EventData.FailureTime": "2025-03-15 19:08:39.129091+00:00", "EventData.StackHash": "0xe0528369"}
{"EventID": "1", "Channel": "Microsoft-Windows-Security-LessPrivilegedAppContainer/Operational", "Provider_Name": "Microsoft-Windows-Security-LessPrivilegedAppContainer", "Computer": "DESKTOP-OFJ6N53", "TimeCreated": "2025-03-15 19:08:39.135195+00:00", "RecordID": "735", "Level": "2", "UserID": "S-1-5-21-963789628-1060504924-4285088085-1001", "EventData.FailureTime": "2025-03-15 19:08:39.135191+00:00", "EventData.StackHash": "0xe022fd7c"}
{"EventID": "1", "Channel": "Microsoft-Windows-Security-LessPrivilegedAppContainer/Operational", "Provider_Name": "Microsoft-Windows-Security-LessPrivilegedAppContainer", "Computer": "DESKTOP-OFJ6N53", "TimeCreated": "2025-03-15 19:08:39.135368+00:00", "RecordID": "736", "Level": "2", "UserID": "S-1-5-21-963789628-1060504924-4285088085-1001", "EventData.FailureTime": "2025-03-15 19:08:39.135366+00:00", "EventData.StackHash": "0x008bc18f"}
{"EventID": "1", "Channel": "Microsoft-Windows-Security-LessPrivilegedAppContainer/Operational", "Provider_Name": "Microsoft-Windows-Security-LessPrivilegedAppContainer", "Computer": "DESKTOP-OFJ6N53", "TimeCreated": "2025-03-15 19:08:39.136171+00:00", "RecordID": "737", "Level": "2", "UserID": "S-1-5-21-963789628-1060504924-4285088085-1001", "EventData.FailureTime": "2025-03-15 19:08:39.136171+00:00", "EventData.StackHash": "0xd3b0356f"}
{"EventID": "1", "Channel": "Microsoft-Windows-Security-LessPrivilegedAppContainer/Operational", "Provider_Name": "Microsoft-Windows-Security-LessPrivilegedAppContainer", "Computer": "DESKTOP-OFJ6N53", "TimeCreated": "2025-03-15 19:08:39.136257+00:00", "RecordID": "738", "Level": "2", "UserID": "S-1-5-21-963789628-1060504924-4285088085-1001", "EventData.FailureTime": "2025-03-15 19:08:39.136255+00:00", "EventData.StackHash": "0x40b22185"}
{"EventID": "1", "Channel": "Microsoft-Windows-Security-LessPrivilegedAppContainer/Operational", "Provider_Name": "Microsoft-Windows-Security-LessPrivilegedAppContainer", "Computer": "DESKTOP-OFJ6N53", "TimeCreated": "2025-03-15 19:08:39.139841+00:00", "RecordID": "739", "Level": "2", "UserID": "S-1-5-21-963789628-1060504924-4285088085-1001", "EventData.FailureTime": "2025-03-15 19:08:39.139837+00:00", "EventData.StackHash": "0xe02e63ac"}
{"EventID": "1", "Channel": "Microsoft-Windows-Security-LessPrivilegedAppContainer/Operational", "Provider_Name": "Microsoft-Windows-Security-LessPrivilegedAppContainer", "Computer": "DESKTOP-OFJ6N53", "TimeCreated": "2025-03-15 19:08:39.140032+00:00", "RecordID": "740", "Level": "2", "UserID": "S-1-5-21-963789628-1060504924-4285088085-1001", "EventData.FailureTime": "2025-03-15 19:08:39.140030+00:00", "EventData.StackHash": "0xe02e64e2"}
{"EventID": "1", "Channel": "Microsoft-Windows-Security-LessPrivilegedAppContainer/Operational", "Provider_Name": "Microsoft-Windows-Security-LessPrivilegedAppContainer", "Computer": "DESKTOP-OFJ6N53", "TimeCreated": "2025-03-15 19:08:39.141113+00:00", "RecordID": "741", "Level": "2", "UserID": "S-1-5-21-963789628-1060504924-4285088085-1001", "EventData.FailureTime": "2025-03-15 19:08:39.141111+00:00", "EventData.StackHash": "0xe01e160a"}
{"EventID": "1", "Channel": "Microsoft-Windows-Security-LessPrivilegedAppContainer/Operational", "Provider_Name": "Microsoft-Windows-Security-LessPrivilegedAppContainer", "Computer": "DESKTOP-OFJ6N53", "TimeCreated": "2025-03-15 19:08:39.142996+00:00", "RecordID": "742", "Level": "2", "UserID": "S-1-5-21-963789628-1060504924-4285088085-1001", "EventData.FailureTime": "2025-03-15 19:08:39.142994+00:00", "EventData.StackHash": "0xe01e3f8a"}
{"EventID": "1", "Channel": "Microsoft-Windows-Security-LessPrivilegedAppContainer/Operational", "Provider_Name": "Microsoft-Windows-Security-LessPrivilegedAppContainer", "Computer": "DESKTOP-OFJ6N53", "TimeCreated": "2025-03-15 19:08:39.143013+00:00", "RecordID": "743", "Level": "2", "UserID": "S-1-5-21-963789628-1060504924-4285088085-1001", "EventData.FailureTime": "2025-03-15 19:08:39.143013+00:00", "EventData.StackHash": "0xe01e402f"}
{"EventID": "1", "Channel": "Microsoft-Windows-Security-LessPrivilegedAppContainer/Operational", "Provider_Name": "Microsoft-Windows-Security-LessPrivilegedAppContainer", "Computer": "DESKTOP-OFJ6N53", "TimeCreated": "2025-03-15 19:08:39.144047+00:00", "RecordID": "744", "Level": "2", "UserID": "S-1-5-21-963789628-1060504924-4285088085-1001", "EventData.FailureTime": "2025-03-15 19:08:39.144045+00:00", "EventData.StackHash": "0xe007134a"}
{"EventID": "1", "Channel": "Microsoft-Windows-Security-LessPrivilegedAppContainer/Operational", "Provider_Name": "Microsoft-Windows-Security-LessPrivilegedAppContainer", "Computer": "DESKTOP-OFJ6N53", "TimeCreated": "2025-03-15 19:08:39.144144+00:00", "RecordID": "745", "Level": "2", "UserID": "S-1-5-21-963789628-1060504924-4285088085-1001", "EventData.FailureTime": "2025-03-15 19:08:39.144142+00:00", "EventData.StackHash": "0xe0053331"}
{"EventID": "1", "Channel": "Microsoft-Windows-Security-LessPrivilegedAppContainer/Operational", "Provider_Name": "Microsoft-Windows-Security-LessPrivilegedAppContainer", "Computer": "DESKTOP-OFJ6N53", "TimeCreated": "2025-03-15 19:08:39.144964+00:00", "RecordID": "746", "Level": "2", "UserID": "S-1-5-21-963789628-1060504924-4285088085-1001", "EventData.FailureTime": "2025-03-15 19:08:39.144962+00:00", "EventData.StackHash": "0xe02f9f2a"}
{"EventID": "1", "Channel": "Microsoft-Windows-Security-LessPrivilegedAppContainer/Operational", "Provider_Name": "Microsoft-Windows-Security-LessPrivilegedAppContainer", "Computer": "DESKTOP-OFJ6N53", "TimeCreated": "2025-03-15 19:08:39.144985+00:00", "RecordID": "747", "Level": "2", "UserID": "S-1-5-21-963789628-1060504924-4285088085-1001", "EventData.FailureTime": "2025-03-15 19:08:39.144983+00:00", "EventData.StackHash": "0xe02f9f2a"}
{"EventID": "1", "Channel": "Microsoft-Windows-Security-LessPrivilegedAppContainer/Operational", "Provider_Name": "Microsoft-Windows-Security-LessPrivilegedAppContainer", "Computer": "DESKTOP-OFJ6N53", "TimeCreated": "2025-03-15 19:08:39.144999+00:00", "RecordID": "748", "Level": "2", "UserID": "S-1-5-21-963789628-1060504924-4285088085-1001", "EventData.FailureTime": "2025-03-15 19:08:39.144999+00:00", "EventData.StackHash": "0xe02f9f2a"}
{"EventID": "1", "Channel": "Microsoft-Windows-Security-LessPrivilegedAppContainer/Operational", "Provider_Name": "Microsoft-Windows-Security-LessPrivilegedAppContainer", "Computer": "DESKTOP-OFJ6N53", "TimeCreated": "2025-03-15 19:08:39.145010+00:00", "RecordID": "749", "Level": "2", "UserID": "S-1-5-21-963789628-1060504924-4285088085-1001", "EventData.FailureTime": "2025-03-15 19:08:39.145010+00:00", "EventData.StackHash": "0xe02f9f2a"}
{"EventID": "1", "Channel": "Microsoft-Windows-Security-LessPrivilegedAppContainer/Operational", "Provider_Name": "Microsoft-Windows-Security-LessPrivilegedAppContainer", "Computer": "DESKTOP-OFJ6N53", "TimeCreated": "2025-03-15 19:08:39.145025+00:00", "RecordID": "750", "Level": "2", "UserID": "S-1-5-21-963789628-1060504924-4285088085-1001", "EventData.FailureTime": "2025-03-15 19:08:39.145023+00:00", "EventData.StackHash": "0xe0305b39"}
{"EventID": "1", "Channel": "Microsoft-Windows-Security-LessPrivilegedAppContainer/Operational", "Provider_Name": "Microsoft-Windows-Security-LessPrivilegedAppContainer", "Computer": "DESKTOP-OFJ6N53", "TimeCreated": "2025-03-15 19:08:39.146358+00:00", "RecordID": "751", "Level": "2", "UserID": "S-1-5-21-963789628-1060504924-4285088085-1001", "EventData.FailureTime": "2025-03-15 19:08:39.146358+00:00", "EventData.StackHash": "0xe0359959"}
{"EventID": "1", "Channel": "Microsoft-Windows-Security-LessPrivilegedAppContainer/Operational", "Provider_Name": "Microsoft-Windows-Security-LessPrivilegedAppContainer", "Computer": "DESKTOP-OFJ6N53", "TimeCreated": "2025-03-15 19:08:39.146381+00:00", "RecordID": "752", "Level": "2", "UserID": "S-1-5-21-963789628-1060504924-4285088085-1001", "EventData.FailureTime": "2025-03-15 19:08:39.146381+00:00", "EventData.StackHash": "0xe0359970"}
{"EventID": "1", "Channel": "Microsoft-Windows-Security-LessPrivilegedAppContainer/Operational", "Provider_Name": "Microsoft-Windows-Security-LessPrivilegedAppContainer", "Computer": "DESKTOP-OFJ6N53", "TimeCreated": "2025-03-15 19:08:39.146847+00:00", "RecordID": "753", "Level": "2", "UserID": "S-1-5-21-963789628-1060504924-4285088085-1001", "EventData.FailureTime": "2025-03-15 19:08:39.146845+00:00", "EventData.StackHash": "0x66e8050f"}
{"EventID": "1", "Channel": "Microsoft-Windows-Security-LessPrivilegedAppContainer/Operational", "Provider_Name": "Microsoft-Windows-Security-LessPrivilegedAppContainer", "Computer": "DESKTOP-OFJ6N53", "TimeCreated": "2025-03-15 19:08:39.154158+00:00", "RecordID": "754", "Level": "2", "UserID": "S-1-5-21-963789628-1060504924-4285088085-1001", "EventData.FailureTime": "2025-03-15 19:08:39.154154+00:00", "EventData.StackHash": "0x317ed0d2"}
{"EventID": "1", "Channel": "Microsoft-Windows-Security-LessPrivilegedAppContainer/Operational", "Provider_Name": "Microsoft-Windows-Security-LessPrivilegedAppContainer", "Computer": "DESKTOP-OFJ6N53", "TimeCreated": "2025-03-15 19:08:39.154781+00:00", "RecordID": "755", "Level": "2", "UserID": "S-1-5-21-963789628-1060504924-4285088085-1001", "EventData.FailureTime": "2025-03-15 19:08:39.154779+00:00", "EventData.StackHash": "0x13be5dd3"}
{"EventID": "1", "Channel": "Microsoft-Windows-Security-LessPrivilegedAppContainer/Operational", "Provider_Name": "Microsoft-Windows-Security-LessPrivilegedAppContainer", "Computer": "DESKTOP-OFJ6N53", "TimeCreated": "2025-03-15 19:08:39.160864+00:00", "RecordID": "756", "Level": "2", "UserID": "S-1-5-21-963789628-1060504924-4285088085-1001", "EventData.FailureTime": "2025-03-15 19:08:39.160860+00:00", "EventData.StackHash": "0xe02e63ac"}
{"EventID": "1", "Channel": "Microsoft-Windows-Security-LessPrivilegedAppContainer/Operational", "Provider_Name": "Microsoft-Windows-Security-LessPrivilegedAppContainer", "Computer": "DESKTOP-OFJ6N53", "TimeCreated": "2025-03-15 19:08:39.160982+00:00", "RecordID": "757", "Level": "2", "UserID": "S-1-5-21-963789628-1060504924-4285088085-1001", "EventData.FailureTime": "2025-03-15 19:08:39.160980+00:00", "EventData.StackHash": "0xe02e64e2"}
{"EventID": "1", "Channel": "Microsoft-Windows-Security-LessPrivilegedAppContainer/Operational", "Provider_Name": "Microsoft-Windows-Security-LessPrivilegedAppContainer", "Computer": "DESKTOP-OFJ6N53", "TimeCreated": "2025-03-15 19:08:39.162487+00:00", "RecordID": "758", "Level": "2", "UserID": "S-1-5-21-963789628-1060504924-4285088085-1001", "EventData.FailureTime": "2025-03-15 19:08:39.162485+00:00", "EventData.StackHash": "0x317ed0d2"}
{"EventID": "1", "Channel": "Microsoft-Windows-Security-LessPrivilegedAppContainer/Operational", "Provider_Name": "Microsoft-Windows-Security-LessPrivilegedAppContainer", "Computer": "DESKTOP-OFJ6N53", "TimeCreated": "2025-03-15 19:08:39.163050+00:00", "RecordID": "759", "Level": "2", "UserID": "S-1-5-21-963789628-1060504924-4285088085-1001", "EventData.FailureTime": "2025-03-15 19:08:39.163050+00:00", "EventData.StackHash": "0x13be5dd3"}
{"EventID": "1", "Channel": "Microsoft-Windows-Security-LessPrivilegedAppContainer/Operational", "Provider_Name": "Microsoft-Windows-Security-LessPrivilegedAppContainer", "Computer": "DESKTOP-OFJ6N53", "TimeCreated": "2025-03-15 19:08:39.168617+00:00", "RecordID": "760", "Level": "2", "UserID": "S-1-5-21-963789628-1060504924-4285088085-1001", "EventData.FailureTime": "2025-03-15 19:08:39.168613+00:00", "EventData.StackHash": "0xe02e63ac"}
{"EventID": "1", "Channel": "Microsoft-Windows-Security-LessPrivilegedAppContainer/Operational", "Provider_Name": "Microsoft-Windows-Security-LessPrivilegedAppContainer", "Computer": "DESKTOP-OFJ6N53", "TimeCreated": "2025-03-15 19:08:39.168736+00:00", "RecordID": "761", "Level": "2", "UserID": "S-1-5-21-963789628-1060504924-4285088085-1001", "EventData.FailureTime": "2025-03-15 19:08:39.168734+00:00", "EventData.StackHash": "0xe02e64e2"}
{"EventID": "1", "Channel": "Microsoft-Windows-Security-LessPrivilegedAppContainer/Operational", "Provider_Name": "Microsoft-Windows-Security-LessPrivilegedAppContainer", "Computer": "DESKTOP-OFJ6N53", "TimeCreated": "2025-03-15 19:08:39.170118+00:00", "RecordID": "762", "Level": "2", "UserID": "S-1-5-21-963789628-1060504924-4285088085-1001", "EventData.FailureTime": "2025-03-15 19:08:39.170115+00:00", "EventData.StackHash": "0x317ed0d2"}
{"EventID": "1", "Channel": "Microsoft-Windows-Security-LessPrivilegedAppContainer/Operational", "Provider_Name": "Microsoft-Windows-Security-LessPrivilegedAppContainer", "Computer": "DESKTOP-OFJ6N53", "TimeCreated": "2025-03-15 19:08:39.170641+00:00", "RecordID": "763", "Level": "2", "UserID": "S-1-5-21-963789628-1060504924-4285088085-1001", "EventData.FailureTime": "2025-03-15 19:08:39.170641+00:00", "EventData.StackHash": "0x13be5dd3"}
{"EventID": "1", "Channel": "Microsoft-Windows-Security-LessPrivilegedAppContainer/Operational", "Provider_Name": "Microsoft-Windows-Security-LessPrivilegedAppContainer", "Computer": "DESKTOP-OFJ6N53", "TimeCreated": "2025-03-15 19:08:39.176468+00:00", "RecordID": "764", "Level": "2", "UserID": "S-1-5-21-963789628-1060504924-4285088085-1001", "EventData.FailureTime": "2025-03-15 19:08:39.176466+00:00", "EventData.StackHash": "0xe02e63ac"}
{"EventID": "1", "Channel": "Microsoft-Windows-Security-LessPrivilegedAppContainer/Operational", "Provider_Name": "Microsoft-Windows-Security-LessPrivilegedAppContainer", "Computer": "DESKTOP-OFJ6N53", "TimeCreated": "2025-03-15 19:08:39.176603+00:00", "RecordID": "765", "Level": "2", "UserID": "S-1-5-21-963789628-1060504924-4285088085-1001", "EventData.FailureTime": "2025-03-15 19:08:39.176601+00:00", "EventData.StackHash": "0xe02e64e2"}
{"EventID": "1", "Channel": "Microsoft-Windows-Security-LessPrivilegedAppContainer/Operational", "Provider_Name": "Microsoft-Windows-Security-LessPrivilegedAppContainer", "Computer": "DESKTOP-OFJ6N53", "TimeCreated": "2025-03-25 12:04:56.610800+00:00", "RecordID": "766", "Level": "2", "UserID": "S-1-5-21-963789628-1060504924-4285088085-1001", "EventData.FailureTime": "2025-03-25 12:04:56.610796+00:00", "EventData.StackHash": "0xb3173376"}
{"EventID": "1", "Channel": "Microsoft-Windows-Security-LessPrivilegedAppContainer/Operational", "Provider_Name": "Microsoft-Windows-Security-LessPrivilegedAppContainer", "Computer": "DESKTOP-OFJ6N53", "TimeCreated": "2025-03-25 15:44:10.589775+00:00", "RecordID": "767", "Level": "2", "UserID": "S-1-5-21-963789628-1060504924-4285088085-1001", "EventData.FailureTime": "2025-03-25 15:44:10.589771+00:00", "EventData.StackHash": "0xb3173376"}
{"EventID": "1", "Channel": "Microsoft-Windows-Security-LessPrivilegedAppContainer/Operational", "Provider_Name": "Microsoft-Windows-Security-LessPrivilegedAppContainer", "Computer": "DESKTOP-OFJ6N53", "TimeCreated": "2025-04-01 05:05:05.185434+00:00", "RecordID": "768", "Level": "2", "UserID": "S-1-5-21-963789628-1060504924-4285088085-1001", "EventData.FailureTime": "2025-04-01 05:05:05.185431+00:00", "EventData.StackHash": "0xb3173376"}
{"EventID": "1", "Channel": "Microsoft-Windows-Security-LessPrivilegedAppContainer/Operational", "Provider_Name": "Microsoft-Windows-Security-LessPrivilegedAppContainer", "Computer": "DESKTOP-OFJ6N53", "TimeCreated": "2025-04-01 05:05:05.327818+00:00", "RecordID": "769", "Level": "2", "UserID": "S-1-5-21-963789628-1060504924-4285088085-1001", "EventData.FailureTime": "2025-04-01 05:05:05.327818+00:00", "EventData.StackHash": "0x476fd0f7"}
{"EventID": "1", "Channel": "Microsoft-Windows-Security-LessPrivilegedAppContainer/Operational", "Provider_Name": "Microsoft-Windows-Security-LessPrivilegedAppContainer", "Computer": "DESKTOP-OFJ6N53", "TimeCreated": "2025-04-01 05:05:05.330654+00:00", "RecordID": "770", "Level": "2", "UserID": "S-1-5-21-963789628-1060504924-4285088085-1001", "EventData.FailureTime": "2025-04-01 05:05:05.330652+00:00", "EventData.StackHash": "0xb3173376"}
{"EventID": "1", "Channel": "Microsoft-Windows-Security-LessPrivilegedAppContainer/Operational", "Provider_Name": "Microsoft-Windows-Security-LessPrivilegedAppContainer", "Computer": "DESKTOP-OFJ6N53", "TimeCreated": "2025-04-01 05:05:10.952234+00:00", "RecordID": "771", "Level": "2", "UserID": "S-1-5-21-963789628-1060504924-4285088085-1001", "EventData.FailureTime": "2025-04-01 05:05:10.952230+00:00", "EventData.StackHash": "0xb3173376"}
{"EventID": "1", "Channel": "Microsoft-Windows-Security-LessPrivilegedAppContainer/Operational", "Provider_Name": "Microsoft-Windows-Security-LessPrivilegedAppContainer", "Computer": "DESKTOP-OFJ6N53", "TimeCreated": "2025-04-01 05:05:14.752851+00:00", "RecordID": "772", "Level": "2", "UserID": "S-1-5-21-963789628-1060504924-4285088085-1001", "EventData.FailureTime": "2025-04-01 05:05:14.752850+00:00", "EventData.StackHash": "0xe0206edc"}
{"EventID": "1", "Channel": "Microsoft-Windows-Security-LessPrivilegedAppContainer/Operational", "Provider_Name": "Microsoft-Windows-Security-LessPrivilegedAppContainer", "Computer": "DESKTOP-OFJ6N53", "TimeCreated": "2025-04-01 05:05:14.752903+00:00", "RecordID": "773", "Level": "2", "UserID": "S-1-5-21-963789628-1060504924-4285088085-1001", "EventData.FailureTime": "2025-04-01 05:05:14.752903+00:00", "EventData.StackHash": "0xe0206efe"}
{"EventID": "1", "Channel": "Microsoft-Windows-Security-LessPrivilegedAppContainer/Operational", "Provider_Name": "Microsoft-Windows-Security-LessPrivilegedAppContainer", "Computer": "DESKTOP-OFJ6N53", "TimeCreated": "2025-04-01 05:05:14.752954+00:00", "RecordID": "774", "Level": "2", "UserID": "S-1-5-21-963789628-1060504924-4285088085-1001", "EventData.FailureTime": "2025-04-01 05:05:14.752954+00:00", "EventData.StackHash": "0xe01ae056"}
{"EventID": "1", "Channel": "Microsoft-Windows-Security-LessPrivilegedAppContainer/Operational", "Provider_Name": "Microsoft-Windows-Security-LessPrivilegedAppContainer", "Computer": "DESKTOP-OFJ6N53", "TimeCreated": "2025-04-01 05:05:14.754602+00:00", "RecordID": "775", "Level": "2", "UserID": "S-1-5-21-963789628-1060504924-4285088085-1001", "EventData.FailureTime": "2025-04-01 05:05:14.754601+00:00", "EventData.StackHash": "0xe033cd5b"}
{"EventID": "1", "Channel": "Microsoft-Windows-Security-LessPrivilegedAppContainer/Operational", "Provider_Name": "Microsoft-Windows-Security-LessPrivilegedAppContainer", "Computer": "DESKTOP-OFJ6N53", "TimeCreated": "2025-04-01 05:05:14.754622+00:00", "RecordID": "776", "Level": "2", "UserID": "S-1-5-21-963789628-1060504924-4285088085-1001", "EventData.FailureTime": "2025-04-01 05:05:14.754622+00:00", "EventData.StackHash": "0xe03538f1"}
{"EventID": "1", "Channel": "Microsoft-Windows-Security-LessPrivilegedAppContainer/Operational", "Provider_Name": "Microsoft-Windows-Security-LessPrivilegedAppContainer", "Computer": "DESKTOP-OFJ6N53", "TimeCreated": "2025-04-01 05:05:14.755106+00:00", "RecordID": "777", "Level": "2", "UserID": "S-1-5-21-963789628-1060504924-4285088085-1001", "EventData.FailureTime": "2025-04-01 05:05:14.755104+00:00", "EventData.StackHash": "0x24adacd2"}
{"EventID": "1", "Channel": "Microsoft-Windows-Security-LessPrivilegedAppContainer/Operational", "Provider_Name": "Microsoft-Windows-Security-LessPrivilegedAppContainer", "Computer": "DESKTOP-OFJ6N53", "TimeCreated": "2025-04-01 05:05:14.756182+00:00", "RecordID": "778", "Level": "2", "UserID": "S-1-5-21-963789628-1060504924-4285088085-1001", "EventData.FailureTime": "2025-04-01 05:05:14.756182+00:00", "EventData.StackHash": "0x31d19312"}
{"EventID": "1", "Channel": "Microsoft-Windows-Security-LessPrivilegedAppContainer/Operational", "Provider_Name": "Microsoft-Windows-Security-LessPrivilegedAppContainer", "Computer": "DESKTOP-OFJ6N53", "TimeCreated": "2025-04-01 05:05:14.758074+00:00", "RecordID": "779", "Level": "2", "UserID": "S-1-5-21-963789628-1060504924-4285088085-1001", "EventData.FailureTime": "2025-04-01 05:05:14.758072+00:00", "EventData.StackHash": "0xe02defc7"}
{"EventID": "1", "Channel": "Microsoft-Windows-Security-LessPrivilegedAppContainer/Operational", "Provider_Name": "Microsoft-Windows-Security-LessPrivilegedAppContainer", "Computer": "DESKTOP-OFJ6N53", "TimeCreated": "2025-04-01 05:05:14.758123+00:00", "RecordID": "780", "Level": "2", "UserID": "S-1-5-21-963789628-1060504924-4285088085-1001", "EventData.FailureTime": "2025-04-01 05:05:14.758123+00:00", "EventData.StackHash": "0xe02d73d4"}
{"EventID": "1", "Channel": "Microsoft-Windows-Security-LessPrivilegedAppContainer/Operational", "Provider_Name": "Microsoft-Windows-Security-LessPrivilegedAppContainer", "Computer": "DESKTOP-OFJ6N53", "TimeCreated": "2025-04-01 05:05:14.758171+00:00", "RecordID": "781", "Level": "2", "UserID": "S-1-5-21-963789628-1060504924-4285088085-1001", "EventData.FailureTime": "2025-04-01 05:05:14.758171+00:00", "EventData.StackHash": "0xe02d73e0"}
{"EventID": "1", "Channel": "Microsoft-Windows-Security-LessPrivilegedAppContainer/Operational", "Provider_Name": "Microsoft-Windows-Security-LessPrivilegedAppContainer", "Computer": "DESKTOP-OFJ6N53", "TimeCreated": "2025-04-01 05:05:14.759405+00:00", "RecordID": "782", "Level": "2", "UserID": "S-1-5-21-963789628-1060504924-4285088085-1001", "EventData.FailureTime": "2025-04-01 05:05:14.759405+00:00", "EventData.StackHash": "0xe0208002"}
{"EventID": "1", "Channel": "Microsoft-Windows-Security-LessPrivilegedAppContainer/Operational", "Provider_Name": "Microsoft-Windows-Security-LessPrivilegedAppContainer", "Computer": "DESKTOP-OFJ6N53", "TimeCreated": "2025-04-01 05:05:14.760775+00:00", "RecordID": "783", "Level": "2", "UserID": "S-1-5-21-963789628-1060504924-4285088085-1001", "EventData.FailureTime": "2025-04-01 05:05:14.760775+00:00", "EventData.StackHash": "0x13d8d123"}
{"EventID": "1", "Channel": "Microsoft-Windows-Security-LessPrivilegedAppContainer/Operational", "Provider_Name": "Microsoft-Windows-Security-LessPrivilegedAppContainer", "Computer": "DESKTOP-OFJ6N53", "TimeCreated": "2025-04-01 05:05:14.762981+00:00", "RecordID": "784", "Level": "2", "UserID": "S-1-5-21-963789628-1060504924-4285088085-1001", "EventData.FailureTime": "2025-04-01 05:05:14.762980+00:00", "EventData.StackHash": "0xe50f8f71"}
{"EventID": "1", "Channel": "Microsoft-Windows-Security-LessPrivilegedAppContainer/Operational", "Provider_Name": "Microsoft-Windows-Security-LessPrivilegedAppContainer", "Computer": "DESKTOP-OFJ6N53", "TimeCreated": "2025-04-01 05:05:14.763010+00:00", "RecordID": "785", "Level": "2", "UserID": "S-1-5-21-963789628-1060504924-4285088085-1001", "EventData.FailureTime": "2025-04-01 05:05:14.763010+00:00", "EventData.StackHash": "0xe0528369"}
