{"EventID": "61", "Channel": "Microsoft-Windows-Bits-Client/Operational", "Provider_Name": "Microsoft-Windows-Bits-Client", "Computer": "DESKTOP-OFJ6N53", "TimeCreated": "2025-08-23 04:11:09.787354+00:00", "RecordID": "84940", "Level": "3", "UserID": "S-1-5-18", "EventData.transferId": "{681fd9fc-144f-4e62-a3b6-904ec006afaa}", "EventData.name": "Chrome Component Updater", "EventData.Id": "{1b6c7fb0-0192-4c19-bbe3-6bf325dfcc45}", "EventData.url": "http://edgedl.me.gvt1.com/edgedl/diffgen-puffin/ggkkehgbnfjpeggfpleeakpidbkibbmn/cf1ba16f8b36b3ecf7ca1e8d13bf044b6fe28b3f91821c5cd236a729b9fe6eaf", "EventData.peer": null, "EventData.hr": "2147954402", "EventData.fileTime": "0001-01-01 00:00:00", "EventData.fileLength": "18446744073709551615", "EventData.bytesTotal": "18446744073709551615", "EventData.bytesTransferred": "0", "EventData.proxy": null, "EventData.peerProtocolFlags": "0", "EventData.bytesTransferredFromPeer": "0", "EventData.AdditionalInfoHr": "0", "EventData.PeerContextInfo": "0", "EventData.bandwidthLimit": "18446744073709551615", "EventData.ignoreBandwidthLimitsOnLan": "False"}
{"EventID": "61", "Channel": "Microsoft-Windows-Bits-Client/Operational", "Provider_Name": "Microsoft-Windows-Bits-Client", "Computer": "DESKTOP-OFJ6N53", "TimeCreated": "2025-08-23 04:12:31.068394+00:00", "RecordID": "84941", "Level": "3", "UserID": "S-1-5-18", "EventData.transferId": "{7aaf91bc-59d1-4992-af01-7cdedbe8c34e}", "EventData.name": "Chrome Component Updater", "EventData.Id": "{1b6c7fb0-0192-4c19-bbe3-6bf325dfcc45}", "EventData.url": "http://edgedl.me.gvt1.com/edgedl/diffgen-puffin/ggkkehgbnfjpeggfpleeakpidbkibbmn/cf1ba16f8b36b3ecf7ca1e8d13bf044b6fe28b3f91821c5cd236a729b9fe6eaf", "EventData.peer": null, "EventData.hr": "2147954402", "EventData.fileTime": "0001-01-01 00:00:00", "EventData.fileLength": "18446744073709551615", "EventData.bytesTotal": "18446744073709551615", "EventData.bytesTransferred": "0", "EventData.proxy": null, "EventData.peerProtocolFlags": "0", "EventData.bytesTransferredFromPeer": "0", "EventData.AdditionalInfoHr": "0", "EventData.PeerContextInfo": "0", "EventData.bandwidthLimit": "18446744073709551615", "EventData.ignoreBandwidthLimitsOnLan": "False"}
{"EventID": "61", "Channel": "Microsoft-Windows-Bits-Client/Operational", "Provider_Name": "Microsoft-Windows-Bits-Client", "Computer": "DESKTOP-OFJ6N53", "TimeCreated": "2025-08-23 04:13:52.178093+00:00", "RecordID": "84942", "Level": "3", "UserID": "S-1-5-18", "EventData.transferId": "{2341bbac-e9fa-4364-af25-77898f0c523b}", "EventData.name": "Chrome Component Updater", "EventData.Id": "{1b6c7fb0-0192-4c19-bbe3-6bf325dfcc45}", "EventData.url": "http://edgedl.me.gvt1.com/edgedl/diffgen-puffin/ggkkehgbnfjpeggfpleeakpidbkibbmn/cf1ba16f8b36b3ecf7ca1e8d13bf044b6fe28b3f91821c5cd236a729b9fe6eaf", "EventData.peer": null, "EventData.hr": "2147954402", "EventData.fileTime": "0001-01-01 00:00:00", "EventData.fileLength": "18446744073709551615", "EventData.bytesTotal": "18446744073709551615", "EventData.bytesTransferred": "0", "EventData.proxy": null, "EventData.peerProtocolFlags": "0", "EventData.bytesTransferredFromPeer": "0", "EventData.AdditionalInfoHr": "0", "EventData.PeerContextInfo": "0", "EventData.bandwidthLimit": "18446744073709551615", "EventData.ignoreBandwidthLimitsOnLan": "False"}
{"EventID": "61", "Channel": "Microsoft-Windows-Bits-Client/Operational", "Provider_Name": "Microsoft-Windows-Bits-Client", "Computer": "DESKTOP-OFJ6N53", "TimeCreated": "2025-08-23 04:15:13.669790+00:00", "RecordID": "84943", "Level": "3", "UserID": "S-1-5-18", "EventData.transferId": "{c4962724-a826-42cb-a3d8-a55d10846a28}", "EventData.name": "Chrome Component Updater", "EventData.Id": "{1b6c7fb0-0192-4c19-bbe3-6bf325dfcc45}", "EventData.url": "http://edgedl.me.gvt1.com/edgedl/diffgen-puffin/ggkkehgbnfjpeggfpleeakpidbkibbmn/cf1ba16f8b36b3ecf7ca1e8d13bf044b6fe28b3f91821c5cd236a729b9fe6eaf", "EventData.peer": null, "EventData.hr": "2147954402", "EventData.fileTime": "0001-01-01 00:00:00", "EventData.fileLength": "18446744073709551615", "EventData.bytesTotal": "18446744073709551615", "EventData.bytesTransferred": "0", "EventData.proxy": null, "EventData.peerProtocolFlags": "0", "EventData.bytesTransferredFromPeer": "0", "EventData.AdditionalInfoHr": "0", "EventData.PeerContextInfo": "0", "EventData.bandwidthLimit": "18446744073709551615", "EventData.ignoreBandwidthLimitsOnLan": "False"}
{"EventID": "61", "Channel": "Microsoft-Windows-Bits-Client/Operational", "Provider_Name": "Microsoft-Windows-Bits-Client", "Computer": "DESKTOP-OFJ6N53", "TimeCreated": "2025-08-23 04:16:34.840071+00:00", "RecordID": "84944", "Level": "3", "UserID": "S-1-5-18", "EventData.transferId": "{be2f29a3-3573-4c69-b807-565f2b134303}", "EventData.name": "Chrome Component Updater", "EventData.Id": "{1b6c7fb0-0192-4c19-bbe3-6bf325dfcc45}", "EventData.url": "http://edgedl.me.gvt1.com/edgedl/diffgen-puffin/ggkkehgbnfjpeggfpleeakpidbkibbmn/cf1ba16f8b36b3ecf7ca1e8d13bf044b6fe28b3f91821c5cd236a729b9fe6eaf", "EventData.peer": null, "EventData.hr": "2147954402", "EventData.fileTime": "0001-01-01 00:00:00", "EventData.fileLength": "18446744073709551615", "EventData.bytesTotal": "18446744073709551615", "EventData.bytesTransferred": "0", "EventData.proxy": null, "EventData.peerProtocolFlags": "0", "EventData.bytesTransferredFromPeer": "0", "EventData.AdditionalInfoHr": "0", "EventData.PeerContextInfo": "0", "EventData.bandwidthLimit": "18446744073709551615", "EventData.ignoreBandwidthLimitsOnLan": "False"}
{"EventID": "61", "Channel": "Microsoft-Windows-Bits-Client/Operational", "Provider_Name": "Microsoft-Windows-Bits-Client", "Computer": "DESKTOP-OFJ6N53", "TimeCreated": "2025-08-23 04:17:56.178013+00:00", "RecordID": "84945", "Level": "3", "UserID": "S-1-5-18", "EventData.transferId": "{4ae04d3d-71d6-4df4-9d66-70675ed91853}", "EventData.name": "Chrome Component Updater", "EventData.Id": "{1b6c7fb0-0192-4c19-bbe3-6bf325dfcc45}", "EventData.url": "http://edgedl.me.gvt1.com/edgedl/diffgen-puffin/ggkkehgbnfjpeggfpleeakpidbkibbmn/cf1ba16f8b36b3ecf7ca1e8d13bf044b6fe28b3f91821c5cd236a729b9fe6eaf", "EventData.peer": null, "EventData.hr": "2147954402", "EventData.fileTime": "0001-01-01 00:00:00", "EventData.fileLength": "18446744073709551615", "EventData.bytesTotal": "18446744073709551615", "EventData.bytesTransferred": "0", "EventData.proxy": null, "EventData.peerProtocolFlags": "0", "EventData.bytesTransferredFromPeer": "0", "EventData.AdditionalInfoHr": "0", "EventData.PeerContextInfo": "0", "EventData.bandwidthLimit": "18446744073709551615", "EventData.ignoreBandwidthLimitsOnLan": "False"}
{"EventID": "61", "Channel": "Microsoft-Windows-Bits-Client/Operational", "Provider_Name": "Microsoft-Windows-Bits-Client", "Computer": "DESKTOP-OFJ6N53", "TimeCreated": "2025-08-23 04:19:17.318613+00:00", "RecordID": "84946", "Level": "3", "UserID": "S-1-5-18", "EventData.transferId": "{0e72f0cf-471c-4466-a6ad-2b0252309e62}", "EventData.name": "Chrome Component Updater", "EventData.Id": "{1b6c7fb0-0192-4c19-bbe3-6bf325dfcc45}", "EventData.url": "http://edgedl.me.gvt1.com/edgedl/diffgen-puffin/ggkkehgbnfjpeggfpleeakpidbkibbmn/cf1ba16f8b36b3ecf7ca1e8d13bf044b6fe28b3f91821c5cd236a729b9fe6eaf", "EventData.peer": null, "EventData.hr": "2147954402", "EventData.fileTime": "0001-01-01 00:00:00", "EventData.fileLength": "18446744073709551615", "EventData.bytesTotal": "18446744073709551615", "EventData.bytesTransferred": "0", "EventData.proxy": null, "EventData.peerProtocolFlags": "0", "EventData.bytesTransferredFromPeer": "0", "EventData.AdditionalInfoHr": "0", "EventData.PeerContextInfo": "0", "EventData.bandwidthLimit": "18446744073709551615", "EventData.ignoreBandwidthLimitsOnLan": "False"}
{"EventID": "61", "Channel": "Microsoft-Windows-Bits-Client/Operational", "Provider_Name": "Microsoft-Windows-Bits-Client", "Computer": "DESKTOP-OFJ6N53", "TimeCreated": "2025-08-23 04:20:38.804285+00:00", "RecordID": "84947", "Level": "3", "UserID": "S-1-5-18", "EventData.transferId": "{d568ee3c-c3bf-4e8d-abdf-30e5232e8afc}", "EventData.name": "Chrome Component Updater", "EventData.Id": "{1b6c7fb0-0192-4c19-bbe3-6bf325dfcc45}", "EventData.url": "http://edgedl.me.gvt1.com/edgedl/diffgen-puffin/ggkkehgbnfjpeggfpleeakpidbkibbmn/cf1ba16f8b36b3ecf7ca1e8d13bf044b6fe28b3f91821c5cd236a729b9fe6eaf", "EventData.peer": null, "EventData.hr": "2147954402", "EventData.fileTime": "0001-01-01 00:00:00", "EventData.fileLength": "18446744073709551615", "EventData.bytesTotal": "18446744073709551615", "EventData.bytesTransferred": "0", "EventData.proxy": null, "EventData.peerProtocolFlags": "0", "EventData.bytesTransferredFromPeer": "0", "EventData.AdditionalInfoHr": "0", "EventData.PeerContextInfo": "0", "EventData.bandwidthLimit": "18446744073709551615", "EventData.ignoreBandwidthLimitsOnLan": "False"}
{"EventID": "61", "Channel": "Microsoft-Windows-Bits-Client/Operational", "Provider_Name": "Microsoft-Windows-Bits-Client", "Computer": "DESKTOP-OFJ6N53", "TimeCreated": "2025-08-23 04:21:59.990643+00:00", "RecordID": "84948", "Level": "3", "UserID": "S-1-5-18", "EventData.transferId": "{45b20be9-2a0f-4b96-93c7-e7b72d449433}", "EventData.name": "Chrome Component Updater", "EventData.Id": "{1b6c7fb0-0192-4c19-bbe3-6bf325dfcc45}", "EventData.url": "http://edgedl.me.gvt1.com/edgedl/diffgen-puffin/ggkkehgbnfjpeggfpleeakpidbkibbmn/cf1ba16f8b36b3ecf7ca1e8d13bf044b6fe28b3f91821c5cd236a729b9fe6eaf", "EventData.peer": null, "EventData.hr": "2147954402", "EventData.fileTime": "0001-01-01 00:00:00", "EventData.fileLength": "18446744073709551615", "EventData.bytesTotal": "18446744073709551615", "EventData.bytesTransferred": "0", "EventData.proxy": null, "EventData.peerProtocolFlags": "0", "EventData.bytesTransferredFromPeer": "0", "EventData.AdditionalInfoHr": "0", "EventData.PeerContextInfo": "0", "EventData.bandwidthLimit": "18446744073709551615", "EventData.ignoreBandwidthLimitsOnLan": "False"}
{"EventID": "61", "Channel": "Microsoft-Windows-Bits-Client/Operational", "Provider_Name": "Microsoft-Windows-Bits-Client", "Computer": "DESKTOP-OFJ6N53", "TimeCreated": "2025-08-23 04:23:21.412315+00:00", "RecordID": "84949", "Level": "3", "UserID": "S-1-5-18", "EventData.transferId": "{49ff0d56-50fc-4dff-b885-6cd2c6f4cfa9}", "EventData.name": "Chrome Component Updater", "EventData.Id": "{1b6c7fb0-0192-4c19-bbe3-6bf325dfcc45}", "EventData.url": "http://edgedl.me.gvt1.com/edgedl/diffgen-puffin/ggkkehgbnfjpeggfpleeakpidbkibbmn/cf1ba16f8b36b3ecf7ca1e8d13bf044b6fe28b3f91821c5cd236a729b9fe6eaf", "EventData.peer": null, "EventData.hr": "2147954402", "EventData.fileTime": "0001-01-01 00:00:00", "EventData.fileLength": "18446744073709551615", "EventData.bytesTotal": "18446744073709551615", "EventData.bytesTransferred": "0", "EventData.proxy": null, "EventData.peerProtocolFlags": "0", "EventData.bytesTransferredFromPeer": "0", "EventData.AdditionalInfoHr": "0", "EventData.PeerContextInfo": "0", "EventData.bandwidthLimit": "18446744073709551615", "EventData.ignoreBandwidthLimitsOnLan": "False"}
{"EventID": "61", "Channel": "Microsoft-Windows-Bits-Client/Operational", "Provider_Name": "Microsoft-Windows-Bits-Client", "Computer": "DESKTOP-OFJ6N53", "TimeCreated": "2025-08-23 04:24:42.490618+00:00", "RecordID": "84950", "Level": "3", "UserID": "S-1-5-18", "EventData.transferId": "{7e696d55-b1c7-4560-9f87-ed6663408fee}", "EventData.name": "Chrome Component Updater", "EventData.Id": "{1b6c7fb0-0192-4c19-bbe3-6bf325dfcc45}", "EventData.url": "http://edgedl.me.gvt1.com/edgedl/diffgen-puffin/ggkkehgbnfjpeggfpleeakpidbkibbmn/cf1ba16f8b36b3ecf7ca1e8d13bf044b6fe28b3f91821c5cd236a729b9fe6eaf", "EventData.peer": null, "EventData.hr": "2147954402", "EventData.fileTime": "0001-01-01 00:00:00", "EventData.fileLength": "18446744073709551615", "EventData.bytesTotal": "18446744073709551615", "EventData.bytesTransferred": "0", "EventData.proxy": null, "EventData.peerProtocolFlags": "0", "EventData.bytesTransferredFromPeer": "0", "EventData.AdditionalInfoHr": "0", "EventData.PeerContextInfo": "0", "EventData.bandwidthLimit": "18446744073709551615", "EventData.ignoreBandwidthLimitsOnLan": "False"}
{"EventID": "61", "Channel": "Microsoft-Windows-Bits-Client/Operational", "Provider_Name": "Microsoft-Windows-Bits-Client", "Computer": "DESKTOP-OFJ6N53", "TimeCreated": "2025-08-23 04:26:03.537432+00:00", "RecordID": "84951", "Level": "3", "UserID": "S-1-5-18", "EventData.transferId": "{47f3e30b-98e7-4e08-b3aa-394ce90da5ff}", "EventData.name": "Chrome Component Updater", "EventData.Id": "{1b6c7fb0-0192-4c19-bbe3-6bf325dfcc45}", "EventData.url": "http://edgedl.me.gvt1.com/edgedl/diffgen-puffin/ggkkehgbnfjpeggfpleeakpidbkibbmn/cf1ba16f8b36b3ecf7ca1e8d13bf044b6fe28b3f91821c5cd236a729b9fe6eaf", "EventData.peer": null, "EventData.hr": "2147954402", "EventData.fileTime": "0001-01-01 00:00:00", "EventData.fileLength": "18446744073709551615", "EventData.bytesTotal": "18446744073709551615", "EventData.bytesTransferred": "0", "EventData.proxy": null, "EventData.peerProtocolFlags": "0", "EventData.bytesTransferredFromPeer": "0", "EventData.AdditionalInfoHr": "0", "EventData.PeerContextInfo": "0", "EventData.bandwidthLimit": "18446744073709551615", "EventData.ignoreBandwidthLimitsOnLan": "False"}
{"EventID": "61", "Channel": "Microsoft-Windows-Bits-Client/Operational", "Provider_Name": "Microsoft-Windows-Bits-Client", "Computer": "DESKTOP-OFJ6N53", "TimeCreated": "2025-08-23 04:27:24.608786+00:00", "RecordID": "84952", "Level": "3", "UserID": "S-1-5-18", "EventData.transferId": "{0293ecec-075c-4d87-8817-21bdff08ce0e}", "EventData.name": "Chrome Component Updater", "EventData.Id": "{1b6c7fb0-0192-4c19-bbe3-6bf325dfcc45}", "EventData.url": "http://edgedl.me.gvt1.com/edgedl/diffgen-puffin/ggkkehgbnfjpeggfpleeakpidbkibbmn/cf1ba16f8b36b3ecf7ca1e8d13bf044b6fe28b3f91821c5cd236a729b9fe6eaf", "EventData.peer": null, "EventData.hr": "2147954402", "EventData.fileTime": "0001-01-01 00:00:00", "EventData.fileLength": "18446744073709551615", "EventData.bytesTotal": "18446744073709551615", "EventData.bytesTransferred": "0", "EventData.proxy": null, "EventData.peerProtocolFlags": "0", "EventData.bytesTransferredFromPeer": "0", "EventData.AdditionalInfoHr": "0", "EventData.PeerContextInfo": "0", "EventData.bandwidthLimit": "18446744073709551615", "EventData.ignoreBandwidthLimitsOnLan": "False"}
{"EventID": "61", "Channel": "Microsoft-Windows-Bits-Client/Operational", "Provider_Name": "Microsoft-Windows-Bits-Client", "Computer": "DESKTOP-OFJ6N53", "TimeCreated": "2025-08-23 04:28:45.866076+00:00", "RecordID": "84953", "Level": "3", "UserID": "S-1-5-18", "EventData.transferId": "{1c82b243-42fe-4d58-aefc-5c9fc9bcfd5f}", "EventData.name": "Chrome Component Updater", "EventData.Id": "{1b6c7fb0-0192-4c19-bbe3-6bf325dfcc45}", "EventData.url": "http://edgedl.me.gvt1.com/edgedl/diffgen-puffin/ggkkehgbnfjpeggfpleeakpidbkibbmn/cf1ba16f8b36b3ecf7ca1e8d13bf044b6fe28b3f91821c5cd236a729b9fe6eaf", "EventData.peer": null, "EventData.hr": "2147954402", "EventData.fileTime": "0001-01-01 00:00:00", "EventData.fileLength": "18446744073709551615", "EventData.bytesTotal": "18446744073709551615", "EventData.bytesTransferred": "0", "EventData.proxy": null, "EventData.peerProtocolFlags": "0", "EventData.bytesTransferredFromPeer": "0", "EventData.AdditionalInfoHr": "0", "EventData.PeerContextInfo": "0", "EventData.bandwidthLimit": "18446744073709551615", "EventData.ignoreBandwidthLimitsOnLan": "False"}
{"EventID": "61", "Channel": "Microsoft-Windows-Bits-Client/Operational", "Provider_Name": "Microsoft-Windows-Bits-Client", "Computer": "DESKTOP-OFJ6N53", "TimeCreated": "2025-08-23 04:30:06.967236+00:00", "RecordID": "84954", "Level": "3", "UserID": "S-1-5-18", "EventData.transferId": "{bcd493ab-aec5-427c-94c9-6557caec14b5}", "EventData.name": "Chrome Component Updater", "EventData.Id": "{1b6c7fb0-0192-4c19-bbe3-6bf325dfcc45}", "EventData.url": "http://edgedl.me.gvt1.com/edgedl/diffgen-puffin/ggkkehgbnfjpeggfpleeakpidbkibbmn/cf1ba16f8b36b3ecf7ca1e8d13bf044b6fe28b3f91821c5cd236a729b9fe6eaf", "EventData.peer": null, "EventData.hr": "2147954402", "EventData.fileTime": "0001-01-01 00:00:00", "EventData.fileLength": "18446744073709551615", "EventData.bytesTotal": "18446744073709551615", "EventData.bytesTransferred": "0", "EventData.proxy": null, "EventData.peerProtocolFlags": "0", "EventData.bytesTransferredFromPeer": "0", "EventData.AdditionalInfoHr": "0", "EventData.PeerContextInfo": "0", "EventData.bandwidthLimit": "18446744073709551615", "EventData.ignoreBandwidthLimitsOnLan": "False"}
{"EventID": "61", "Channel": "Microsoft-Windows-Bits-Client/Operational", "Provider_Name": "Microsoft-Windows-Bits-Client", "Computer": "DESKTOP-OFJ6N53", "TimeCreated": "2025-08-23 04:31:28.287374+00:00", "RecordID": "84955", "Level": "3", "UserID": "S-1-5-18", "EventData.transferId": "{5115f5de-4dbd-4947-b5f3-66aa4e7c38b4}", "EventData.name": "Chrome Component Updater", "EventData.Id": "{1b6c7fb0-0192-4c19-bbe3-6bf325dfcc45}", "EventData.url": "http://edgedl.me.gvt1.com/edgedl/diffgen-puffin/ggkkehgbnfjpeggfpleeakpidbkibbmn/cf1ba16f8b36b3ecf7ca1e8d13bf044b6fe28b3f91821c5cd236a729b9fe6eaf", "EventData.peer": null, "EventData.hr": "2147954402", "EventData.fileTime": "0001-01-01 00:00:00", "EventData.fileLength": "18446744073709551615", "EventData.bytesTotal": "18446744073709551615", "EventData.bytesTransferred": "0", "EventData.proxy": null, "EventData.peerProtocolFlags": "0", "EventData.bytesTransferredFromPeer": "0", "EventData.AdditionalInfoHr": "0", "EventData.PeerContextInfo": "0", "EventData.bandwidthLimit": "18446744073709551615", "EventData.ignoreBandwidthLimitsOnLan": "False"}
{"EventID": "61", "Channel": "Microsoft-Windows-Bits-Client/Operational", "Provider_Name": "Microsoft-Windows-Bits-Client", "Computer": "DESKTOP-OFJ6N53", "TimeCreated": "2025-08-23 04:32:49.318464+00:00", "RecordID": "84956", "Level": "3", "UserID": "S-1-5-18", "EventData.transferId": "{864ccf86-5259-4199-9c58-a9733361b1ba}", "EventData.name": "Chrome Component Updater", "EventData.Id": "{1b6c7fb0-0192-4c19-bbe3-6bf325dfcc45}", "EventData.url": "http://edgedl.me.gvt1.com/edgedl/diffgen-puffin/ggkkehgbnfjpeggfpleeakpidbkibbmn/cf1ba16f8b36b3ecf7ca1e8d13bf044b6fe28b3f91821c5cd236a729b9fe6eaf", "EventData.peer": null, "EventData.hr": "2147954402", "EventData.fileTime": "0001-01-01 00:00:00", "EventData.fileLength": "18446744073709551615", "EventData.bytesTotal": "18446744073709551615", "EventData.bytesTransferred": "0", "EventData.proxy": null, "EventData.peerProtocolFlags": "0", "EventData.bytesTransferredFromPeer": "0", "EventData.AdditionalInfoHr": "0", "EventData.PeerContextInfo": "0", "EventData.bandwidthLimit": "18446744073709551615", "EventData.ignoreBandwidthLimitsOnLan": "False"}
{"EventID": "61", "Channel": "Microsoft-Windows-Bits-Client/Operational", "Provider_Name": "Microsoft-Windows-Bits-Client", "Computer": "DESKTOP-OFJ6N53", "TimeCreated": "2025-08-23 04:34:10.428200+00:00", "RecordID": "84957", "Level": "3", "UserID": "S-1-5-18", "EventData.transferId": "{f24d7e73-1f88-4fd3-8afb-ee8a7b010117}", "EventData.name": "Chrome Component Updater", "EventData.Id": "{1b6c7fb0-0192-4c19-bbe3-6bf325dfcc45}", "EventData.url": "http://edgedl.me.gvt1.com/edgedl/diffgen-puffin/ggkkehgbnfjpeggfpleeakpidbkibbmn/cf1ba16f8b36b3ecf7ca1e8d13bf044b6fe28b3f91821c5cd236a729b9fe6eaf", "EventData.peer": null, "EventData.hr": "2147954402", "EventData.fileTime": "0001-01-01 00:00:00", "EventData.fileLength": "18446744073709551615", "EventData.bytesTotal": "18446744073709551615", "EventData.bytesTransferred": "0", "EventData.proxy": null, "EventData.peerProtocolFlags": "0", "EventData.bytesTransferredFromPeer": "0", "EventData.AdditionalInfoHr": "0", "EventData.PeerContextInfo": "0", "EventData.bandwidthLimit": "18446744073709551615", "EventData.ignoreBandwidthLimitsOnLan": "False"}
{"EventID": "61", "Channel": "Microsoft-Windows-Bits-Client/Operational", "Provider_Name": "Microsoft-Windows-Bits-Client", "Computer": "DESKTOP-OFJ6N53", "TimeCreated": "2025-08-23 04:35:31.648376+00:00", "RecordID": "84958", "Level": "3", "UserID": "S-1-5-18", "EventData.transferId": "{75ac682a-d8d0-4790-aff2-4767979dca59}", "EventData.name": "Chrome Component Updater", "EventData.Id": "{1b6c7fb0-0192-4c19-bbe3-6bf325dfcc45}", "EventData.url": "http://edgedl.me.gvt1.com/edgedl/diffgen-puffin/ggkkehgbnfjpeggfpleeakpidbkibbmn/cf1ba16f8b36b3ecf7ca1e8d13bf044b6fe28b3f91821c5cd236a729b9fe6eaf", "EventData.peer": null, "EventData.hr": "2147954402", "EventData.fileTime": "0001-01-01 00:00:00", "EventData.fileLength": "18446744073709551615", "EventData.bytesTotal": "18446744073709551615", "EventData.bytesTransferred": "0", "EventData.proxy": null, "EventData.peerProtocolFlags": "0", "EventData.bytesTransferredFromPeer": "0", "EventData.AdditionalInfoHr": "0", "EventData.PeerContextInfo": "0", "EventData.bandwidthLimit": "18446744073709551615", "EventData.ignoreBandwidthLimitsOnLan": "False"}
{"EventID": "61", "Channel": "Microsoft-Windows-Bits-Client/Operational", "Provider_Name": "Microsoft-Windows-Bits-Client", "Computer": "DESKTOP-OFJ6N53", "TimeCreated": "2025-08-23 04:36:52.740644+00:00", "RecordID": "84959", "Level": "3", "UserID": "S-1-5-18", "EventData.transferId": "{b5c9e6ae-9e36-49d4-bbd7-af0091e578a7}", "EventData.name": "Chrome Component Updater", "EventData.Id": "{1b6c7fb0-0192-4c19-bbe3-6bf325dfcc45}", "EventData.url": "http://edgedl.me.gvt1.com/edgedl/diffgen-puffin/ggkkehgbnfjpeggfpleeakpidbkibbmn/cf1ba16f8b36b3ecf7ca1e8d13bf044b6fe28b3f91821c5cd236a729b9fe6eaf", "EventData.peer": null, "EventData.hr": "2147954402", "EventData.fileTime": "0001-01-01 00:00:00", "EventData.fileLength": "18446744073709551615", "EventData.bytesTotal": "18446744073709551615", "EventData.bytesTransferred": "0", "EventData.proxy": null, "EventData.peerProtocolFlags": "0", "EventData.bytesTransferredFromPeer": "0", "EventData.AdditionalInfoHr": "0", "EventData.PeerContextInfo": "0", "EventData.bandwidthLimit": "18446744073709551615", "EventData.ignoreBandwidthLimitsOnLan": "False"}
{"EventID": "61", "Channel": "Microsoft-Windows-Bits-Client/Operational", "Provider_Name": "Microsoft-Windows-Bits-Client", "Computer": "DESKTOP-OFJ6N53", "TimeCreated": "2025-08-23 04:38:13.814192+00:00", "RecordID": "84960", "Level": "3", "UserID": "S-1-5-18", "EventData.transferId": "{9654a58d-d621-47e1-802a-4e392c517c6a}", "EventData.name": "Chrome Component Updater", "EventData.Id": "{1b6c7fb0-0192-4c19-bbe3-6bf325dfcc45}", "EventData.url": "http://edgedl.me.gvt1.com/edgedl/diffgen-puffin/ggkkehgbnfjpeggfpleeakpidbkibbmn/cf1ba16f8b36b3ecf7ca1e8d13bf044b6fe28b3f91821c5cd236a729b9fe6eaf", "EventData.peer": null, "EventData.hr": "2147954402", "EventData.fileTime": "0001-01-01 00:00:00", "EventData.fileLength": "18446744073709551615", "EventData.bytesTotal": "18446744073709551615", "EventData.bytesTransferred": "0", "EventData.proxy": null, "EventData.peerProtocolFlags": "0", "EventData.bytesTransferredFromPeer": "0", "EventData.AdditionalInfoHr": "0", "EventData.PeerContextInfo": "0", "EventData.bandwidthLimit": "18446744073709551615", "EventData.ignoreBandwidthLimitsOnLan": "False"}
{"EventID": "61", "Channel": "Microsoft-Windows-Bits-Client/Operational", "Provider_Name": "Microsoft-Windows-Bits-Client", "Computer": "DESKTOP-OFJ6N53", "TimeCreated": "2025-08-23 04:39:34.849648+00:00", "RecordID": "84961", "Level": "3", "UserID": "S-1-5-18", "EventData.transferId": "{9d91a520-dca2-47a5-b1e7-067d3faa685c}", "EventData.name": "Chrome Component Updater", "EventData.Id": "{1b6c7fb0-0192-4c19-bbe3-6bf325dfcc45}", "EventData.url": "http://edgedl.me.gvt1.com/edgedl/diffgen-puffin/ggkkehgbnfjpeggfpleeakpidbkibbmn/cf1ba16f8b36b3ecf7ca1e8d13bf044b6fe28b3f91821c5cd236a729b9fe6eaf", "EventData.peer": null, "EventData.hr": "2147954402", "EventData.fileTime": "0001-01-01 00:00:00", "EventData.fileLength": "18446744073709551615", "EventData.bytesTotal": "18446744073709551615", "EventData.bytesTransferred": "0", "EventData.proxy": null, "EventData.peerProtocolFlags": "0", "EventData.bytesTransferredFromPeer": "0", "EventData.AdditionalInfoHr": "0", "EventData.PeerContextInfo": "0", "EventData.bandwidthLimit": "18446744073709551615", "EventData.ignoreBandwidthLimitsOnLan": "False"}
{"EventID": "61", "Channel": "Microsoft-Windows-Bits-Client/Operational", "Provider_Name": "Microsoft-Windows-Bits-Client", "Computer": "DESKTOP-OFJ6N53", "TimeCreated": "2025-08-23 04:40:56.165928+00:00", "RecordID": "84962", "Level": "3", "UserID": "S-1-5-18", "EventData.transferId": "{a3114f0f-2191-4c37-aa3a-ad76472f9f76}", "EventData.name": "Chrome Component Updater", "EventData.Id": "{1b6c7fb0-0192-4c19-bbe3-6bf325dfcc45}", "EventData.url": "http://edgedl.me.gvt1.com/edgedl/diffgen-puffin/ggkkehgbnfjpeggfpleeakpidbkibbmn/cf1ba16f8b36b3ecf7ca1e8d13bf044b6fe28b3f91821c5cd236a729b9fe6eaf", "EventData.peer": null, "EventData.hr": "2147954402", "EventData.fileTime": "0001-01-01 00:00:00", "EventData.fileLength": "18446744073709551615", "EventData.bytesTotal": "18446744073709551615", "EventData.bytesTransferred": "0", "EventData.proxy": null, "EventData.peerProtocolFlags": "0", "EventData.bytesTransferredFromPeer": "0", "EventData.AdditionalInfoHr": "0", "EventData.PeerContextInfo": "0", "EventData.bandwidthLimit": "18446744073709551615", "EventData.ignoreBandwidthLimitsOnLan": "False"}
{"EventID": "61", "Channel": "Microsoft-Windows-Bits-Client/Operational", "Provider_Name": "Microsoft-Windows-Bits-Client", "Computer": "DESKTOP-OFJ6N53", "TimeCreated": "2025-08-23 04:42:17.459911+00:00", "RecordID": "84963", "Level": "3", "UserID": "S-1-5-18", "EventData.transferId": "{a5bb889c-9adb-4858-8967-3ac1a715dc9c}", "EventData.name": "Chrome Component Updater", "EventData.Id": "{1b6c7fb0-0192-4c19-bbe3-6bf325dfcc45}", "EventData.url": "http://edgedl.me.gvt1.com/edgedl/diffgen-puffin/ggkkehgbnfjpeggfpleeakpidbkibbmn/cf1ba16f8b36b3ecf7ca1e8d13bf044b6fe28b3f91821c5cd236a729b9fe6eaf", "EventData.peer": null, "EventData.hr": "2147954402", "EventData.fileTime": "0001-01-01 00:00:00", "EventData.fileLength": "18446744073709551615", "EventData.bytesTotal": "18446744073709551615", "EventData.bytesTransferred": "0", "EventData.proxy": null, "EventData.peerProtocolFlags": "0", "EventData.bytesTransferredFromPeer": "0", "EventData.AdditionalInfoHr": "0", "EventData.PeerContextInfo": "0", "EventData.bandwidthLimit": "18446744073709551615", "EventData.ignoreBandwidthLimitsOnLan": "False"}
{"EventID": "61", "Channel": "Microsoft-Windows-Bits-Client/Operational", "Provider_Name": "Microsoft-Windows-Bits-Client", "Computer": "DESKTOP-OFJ6N53", "TimeCreated": "2025-08-23 04:43:38.615408+00:00", "RecordID": "84964", "Level": "3", "UserID": "S-1-5-18", "EventData.transferId": "{1b3f0476-8269-4bb6-8882-5a46598ed880}", "EventData.name": "Chrome Component Updater", "EventData.Id": "{1b6c7fb0-0192-4c19-bbe3-6bf325dfcc45}", "EventData.url": "http://edgedl.me.gvt1.com/edgedl/diffgen-puffin/ggkkehgbnfjpeggfpleeakpidbkibbmn/cf1ba16f8b36b3ecf7ca1e8d13bf044b6fe28b3f91821c5cd236a729b9fe6eaf", "EventData.peer": null, "EventData.hr": "2147954402", "EventData.fileTime": "0001-01-01 00:00:00", "EventData.fileLength": "18446744073709551615", "EventData.bytesTotal": "18446744073709551615", "EventData.bytesTransferred": "0", "EventData.proxy": null, "EventData.peerProtocolFlags": "0", "EventData.bytesTransferredFromPeer": "0", "EventData.AdditionalInfoHr": "0", "EventData.PeerContextInfo": "0", "EventData.bandwidthLimit": "18446744073709551615", "EventData.ignoreBandwidthLimitsOnLan": "False"}
{"EventID": "61", "Channel": "Microsoft-Windows-Bits-Client/Operational", "Provider_Name": "Microsoft-Windows-Bits-Client", "Computer": "DESKTOP-OFJ6N53", "TimeCreated": "2025-08-23 04:44:59.693523+00:00", "RecordID": "84965", "Level": "3", "UserID": "S-1-5-18", "EventData.transferId": "{54beb087-1d83-457d-884f-33e4275774f1}", "EventData.name": "Chrome Component Updater", "EventData.Id": "{1b6c7fb0-0192-4c19-bbe3-6bf325dfcc45}", "EventData.url": "http://edgedl.me.gvt1.com/edgedl/diffgen-puffin/ggkkehgbnfjpeggfpleeakpidbkibbmn/cf1ba16f8b36b3ecf7ca1e8d13bf044b6fe28b3f91821c5cd236a729b9fe6eaf", "EventData.peer": null, "EventData.hr": "2147954402", "EventData.fileTime": "0001-01-01 00:00:00", "EventData.fileLength": "18446744073709551615", "EventData.bytesTotal": "18446744073709551615", "EventData.bytesTransferred": "0", "EventData.proxy": null, "EventData.peerProtocolFlags": "0", "EventData.bytesTransferredFromPeer": "0", "EventData.AdditionalInfoHr": "0", "EventData.PeerContextInfo": "0", "EventData.bandwidthLimit": "18446744073709551615", "EventData.ignoreBandwidthLimitsOnLan": "False"}
{"EventID": "61", "Channel": "Microsoft-Windows-Bits-Client/Operational", "Provider_Name": "Microsoft-Windows-Bits-Client", "Computer": "DESKTOP-OFJ6N53", "TimeCreated": "2025-08-23 04:46:20.834314+00:00", "RecordID": "84966", "Level": "3", "UserID": "S-1-5-18", "EventData.transferId": "{73a8b3e7-dd84-492a-bf26-6aa3d63c3e58}", "EventData.name": "Chrome Component Updater", "EventData.Id": "{1b6c7fb0-0192-4c19-bbe3-6bf325dfcc45}", "EventData.url": "http://edgedl.me.gvt1.com/edgedl/diffgen-puffin/ggkkehgbnfjpeggfpleeakpidbkibbmn/cf1ba16f8b36b3ecf7ca1e8d13bf044b6fe28b3f91821c5cd236a729b9fe6eaf", "EventData.peer": null, "EventData.hr": "2147954402", "EventData.fileTime": "0001-01-01 00:00:00", "EventData.fileLength": "18446744073709551615", "EventData.bytesTotal": "18446744073709551615", "EventData.bytesTransferred": "0", "EventData.proxy": null, "EventData.peerProtocolFlags": "0", "EventData.bytesTransferredFromPeer": "0", "EventData.AdditionalInfoHr": "0", "EventData.PeerContextInfo": "0", "EventData.bandwidthLimit": "18446744073709551615", "EventData.ignoreBandwidthLimitsOnLan": "False"}
{"EventID": "61", "Channel": "Microsoft-Windows-Bits-Client/Operational", "Provider_Name": "Microsoft-Windows-Bits-Client", "Computer": "DESKTOP-OFJ6N53", "TimeCreated": "2025-08-23 04:47:41.912373+00:00", "RecordID": "84967", "Level": "3", "UserID": "S-1-5-18", "EventData.transferId": "{299b57d1-4ea8-4828-aea7-c228d2a4b71c}", "EventData.name": "Chrome Component Updater", "EventData.Id": "{1b6c7fb0-0192-4c19-bbe3-6bf325dfcc45}", "EventData.url": "http://edgedl.me.gvt1.com/edgedl/diffgen-puffin/ggkkehgbnfjpeggfpleeakpidbkibbmn/cf1ba16f8b36b3ecf7ca1e8d13bf044b6fe28b3f91821c5cd236a729b9fe6eaf", "EventData.peer": null, "EventData.hr": "2147954402", "EventData.fileTime": "0001-01-01 00:00:00", "EventData.fileLength": "18446744073709551615", "EventData.bytesTotal": "18446744073709551615", "EventData.bytesTransferred": "0", "EventData.proxy": null, "EventData.peerProtocolFlags": "0", "EventData.bytesTransferredFromPeer": "0", "EventData.AdditionalInfoHr": "0", "EventData.PeerContextInfo": "0", "EventData.bandwidthLimit": "18446744073709551615", "EventData.ignoreBandwidthLimitsOnLan": "False"}
{"EventID": "61", "Channel": "Microsoft-Windows-Bits-Client/Operational", "Provider_Name": "Microsoft-Windows-Bits-Client", "Computer": "DESKTOP-OFJ6N53", "TimeCreated": "2025-08-23 04:49:02.986603+00:00", "RecordID": "84968", "Level": "3", "UserID": "S-1-5-18", "EventData.transferId": "{abc45772-1045-41b7-bc8c-9d0b3f045dcd}", "EventData.name": "Chrome Component Updater", "EventData.Id": "{1b6c7fb0-0192-4c19-bbe3-6bf325dfcc45}", "EventData.url": "http://edgedl.me.gvt1.com/edgedl/diffgen-puffin/ggkkehgbnfjpeggfpleeakpidbkibbmn/cf1ba16f8b36b3ecf7ca1e8d13bf044b6fe28b3f91821c5cd236a729b9fe6eaf", "EventData.peer": null, "EventData.hr": "2147954402", "EventData.fileTime": "0001-01-01 00:00:00", "EventData.fileLength": "18446744073709551615", "EventData.bytesTotal": "18446744073709551615", "EventData.bytesTransferred": "0", "EventData.proxy": null, "EventData.peerProtocolFlags": "0", "EventData.bytesTransferredFromPeer": "0", "EventData.AdditionalInfoHr": "0", "EventData.PeerContextInfo": "0", "EventData.bandwidthLimit": "18446744073709551615", "EventData.ignoreBandwidthLimitsOnLan": "False"}
{"EventID": "61", "Channel": "Microsoft-Windows-Bits-Client/Operational", "Provider_Name": "Microsoft-Windows-Bits-Client", "Computer": "DESKTOP-OFJ6N53", "TimeCreated": "2025-08-23 04:50:24.146757+00:00", "RecordID": "84969", "Level": "3", "UserID": "S-1-5-18", "EventData.transferId": "{2b0f3e7e-eb99-47d9-9896-cc0aa943dd70}", "EventData.name": "Chrome Component Updater", "EventData.Id": "{1b6c7fb0-0192-4c19-bbe3-6bf325dfcc45}", "EventData.url": "http://edgedl.me.gvt1.com/edgedl/diffgen-puffin/ggkkehgbnfjpeggfpleeakpidbkibbmn/cf1ba16f8b36b3ecf7ca1e8d13bf044b6fe28b3f91821c5cd236a729b9fe6eaf", "EventData.peer": null, "EventData.hr": "2147954402", "EventData.fileTime": "0001-01-01 00:00:00", "EventData.fileLength": "18446744073709551615", "EventData.bytesTotal": "18446744073709551615", "EventData.bytesTransferred": "0", "EventData.proxy": null, "EventData.peerProtocolFlags": "0", "EventData.bytesTransferredFromPeer": "0", "EventData.AdditionalInfoHr": "0", "EventData.PeerContextInfo": "0", "EventData.bandwidthLimit": "18446744073709551615", "EventData.ignoreBandwidthLimitsOnLan": "False"}
{"EventID": "61", "Channel": "Microsoft-Windows-Bits-Client/Operational", "Provider_Name": "Microsoft-Windows-Bits-Client", "Computer": "DESKTOP-OFJ6N53", "TimeCreated": "2025-08-23 04:51:45.622280+00:00", "RecordID": "84970", "Level": "3", "UserID": "S-1-5-18", "EventData.transferId": "{4aeeb1ae-1ca3-48f4-87c4-9513563da00a}", "EventData.name": "Chrome Component Updater", "EventData.Id": "{1b6c7fb0-0192-4c19-bbe3-6bf325dfcc45}", "EventData.url": "http://edgedl.me.gvt1.com/edgedl/diffgen-puffin/ggkkehgbnfjpeggfpleeakpidbkibbmn/cf1ba16f8b36b3ecf7ca1e8d13bf044b6fe28b3f91821c5cd236a729b9fe6eaf", "EventData.peer": null, "EventData.hr": "2147954402", "EventData.fileTime": "0001-01-01 00:00:00", "EventData.fileLength": "18446744073709551615", "EventData.bytesTotal": "18446744073709551615", "EventData.bytesTransferred": "0", "EventData.proxy": null, "EventData.peerProtocolFlags": "0", "EventData.bytesTransferredFromPeer": "0", "EventData.AdditionalInfoHr": "0", "EventData.PeerContextInfo": "0", "EventData.bandwidthLimit": "18446744073709551615", "EventData.ignoreBandwidthLimitsOnLan": "False"}
{"EventID": "61", "Channel": "Microsoft-Windows-Bits-Client/Operational", "Provider_Name": "Microsoft-Windows-Bits-Client", "Computer": "DESKTOP-OFJ6N53", "TimeCreated": "2025-08-23 04:53:06.693624+00:00", "RecordID": "84971", "Level": "3", "UserID": "S-1-5-18", "EventData.transferId": "{b79fa957-ff1a-42f5-ade9-f162450b4bdc}", "EventData.name": "Chrome Component Updater", "EventData.Id": "{1b6c7fb0-0192-4c19-bbe3-6bf325dfcc45}", "EventData.url": "http://edgedl.me.gvt1.com/edgedl/diffgen-puffin/ggkkehgbnfjpeggfpleeakpidbkibbmn/cf1ba16f8b36b3ecf7ca1e8d13bf044b6fe28b3f91821c5cd236a729b9fe6eaf", "EventData.peer": null, "EventData.hr": "2147954402", "EventData.fileTime": "0001-01-01 00:00:00", "EventData.fileLength": "18446744073709551615", "EventData.bytesTotal": "18446744073709551615", "EventData.bytesTransferred": "0", "EventData.proxy": null, "EventData.peerProtocolFlags": "0", "EventData.bytesTransferredFromPeer": "0", "EventData.AdditionalInfoHr": "0", "EventData.PeerContextInfo": "0", "EventData.bandwidthLimit": "18446744073709551615", "EventData.ignoreBandwidthLimitsOnLan": "False"}
{"EventID": "61", "Channel": "Microsoft-Windows-Bits-Client/Operational", "Provider_Name": "Microsoft-Windows-Bits-Client", "Computer": "DESKTOP-OFJ6N53", "TimeCreated": "2025-08-23 04:54:27.889631+00:00", "RecordID": "84972", "Level": "3", "UserID": "S-1-5-18", "EventData.transferId": "{787dbeba-af1e-4be8-a3aa-bd6f41ff429c}", "EventData.name": "Chrome Component Updater", "EventData.Id": "{1b6c7fb0-0192-4c19-bbe3-6bf325dfcc45}", "EventData.url": "http://edgedl.me.gvt1.com/edgedl/diffgen-puffin/ggkkehgbnfjpeggfpleeakpidbkibbmn/cf1ba16f8b36b3ecf7ca1e8d13bf044b6fe28b3f91821c5cd236a729b9fe6eaf", "EventData.peer": null, "EventData.hr": "2147954402", "EventData.fileTime": "0001-01-01 00:00:00", "EventData.fileLength": "18446744073709551615", "EventData.bytesTotal": "18446744073709551615", "EventData.bytesTransferred": "0", "EventData.proxy": null, "EventData.peerProtocolFlags": "0", "EventData.bytesTransferredFromPeer": "0", "EventData.AdditionalInfoHr": "0", "EventData.PeerContextInfo": "0", "EventData.bandwidthLimit": "18446744073709551615", "EventData.ignoreBandwidthLimitsOnLan": "False"}
{"EventID": "61", "Channel": "Microsoft-Windows-Bits-Client/Operational", "Provider_Name": "Microsoft-Windows-Bits-Client", "Computer": "DESKTOP-OFJ6N53", "TimeCreated": "2025-08-23 04:55:49.210825+00:00", "RecordID": "84973", "Level": "3", "UserID": "S-1-5-18", "EventData.transferId": "{2de53c9f-385d-4b43-9164-5f169d718dab}", "EventData.name": "Chrome Component Updater", "EventData.Id": "{1b6c7fb0-0192-4c19-bbe3-6bf325dfcc45}", "EventData.url": "http://edgedl.me.gvt1.com/edgedl/diffgen-puffin/ggkkehgbnfjpeggfpleeakpidbkibbmn/cf1ba16f8b36b3ecf7ca1e8d13bf044b6fe28b3f91821c5cd236a729b9fe6eaf", "EventData.peer": null, "EventData.hr": "2147954402", "EventData.fileTime": "0001-01-01 00:00:00", "EventData.fileLength": "18446744073709551615", "EventData.bytesTotal": "18446744073709551615", "EventData.bytesTransferred": "0", "EventData.proxy": null, "EventData.peerProtocolFlags": "0", "EventData.bytesTransferredFromPeer": "0", "EventData.AdditionalInfoHr": "0", "EventData.PeerContextInfo": "0", "EventData.bandwidthLimit": "18446744073709551615", "EventData.ignoreBandwidthLimitsOnLan": "False"}
{"EventID": "61", "Channel": "Microsoft-Windows-Bits-Client/Operational", "Provider_Name": "Microsoft-Windows-Bits-Client", "Computer": "DESKTOP-OFJ6N53", "TimeCreated": "2025-08-23 04:57:10.521889+00:00", "RecordID": "84974", "Level": "3", "UserID": "S-1-5-18", "EventData.transferId": "{8aeefc01-619f-4251-b5f6-8373af4ac7bc}", "EventData.name": "Chrome Component Updater", "EventData.Id": "{1b6c7fb0-0192-4c19-bbe3-6bf325dfcc45}", "EventData.url": "http://edgedl.me.gvt1.com/edgedl/diffgen-puffin/ggkkehgbnfjpeggfpleeakpidbkibbmn/cf1ba16f8b36b3ecf7ca1e8d13bf044b6fe28b3f91821c5cd236a729b9fe6eaf", "EventData.peer": null, "EventData.hr": "2147954402", "EventData.fileTime": "0001-01-01 00:00:00", "EventData.fileLength": "18446744073709551615", "EventData.bytesTotal": "18446744073709551615", "EventData.bytesTransferred": "0", "EventData.proxy": null, "EventData.peerProtocolFlags": "0", "EventData.bytesTransferredFromPeer": "0", "EventData.AdditionalInfoHr": "0", "EventData.PeerContextInfo": "0", "EventData.bandwidthLimit": "18446744073709551615", "EventData.ignoreBandwidthLimitsOnLan": "False"}
{"EventID": "61", "Channel": "Microsoft-Windows-Bits-Client/Operational", "Provider_Name": "Microsoft-Windows-Bits-Client", "Computer": "DESKTOP-OFJ6N53", "TimeCreated": "2025-08-23 04:58:31.615875+00:00", "RecordID": "84975", "Level": "3", "UserID": "S-1-5-18", "EventData.transferId": "{b9c1df9f-3cdb-4b85-94d3-e2ee1a3788f3}", "EventData.name": "Chrome Component Updater", "EventData.Id": "{1b6c7fb0-0192-4c19-bbe3-6bf325dfcc45}", "EventData.url": "http://edgedl.me.gvt1.com/edgedl/diffgen-puffin/ggkkehgbnfjpeggfpleeakpidbkibbmn/cf1ba16f8b36b3ecf7ca1e8d13bf044b6fe28b3f91821c5cd236a729b9fe6eaf", "EventData.peer": null, "EventData.hr": "2147954402", "EventData.fileTime": "0001-01-01 00:00:00", "EventData.fileLength": "18446744073709551615", "EventData.bytesTotal": "18446744073709551615", "EventData.bytesTransferred": "0", "EventData.proxy": null, "EventData.peerProtocolFlags": "0", "EventData.bytesTransferredFromPeer": "0", "EventData.AdditionalInfoHr": "0", "EventData.PeerContextInfo": "0", "EventData.bandwidthLimit": "18446744073709551615", "EventData.ignoreBandwidthLimitsOnLan": "False"}
{"EventID": "61", "Channel": "Microsoft-Windows-Bits-Client/Operational", "Provider_Name": "Microsoft-Windows-Bits-Client", "Computer": "DESKTOP-OFJ6N53", "TimeCreated": "2025-08-23 04:59:52.772198+00:00", "RecordID": "84976", "Level": "3", "UserID": "S-1-5-18", "EventData.transferId": "{e29a2aff-dff3-45c0-bff5-dbba028593b2}", "EventData.name": "Chrome Component Updater", "EventData.Id": "{1b6c7fb0-0192-4c19-bbe3-6bf325dfcc45}", "EventData.url": "http://edgedl.me.gvt1.com/edgedl/diffgen-puffin/ggkkehgbnfjpeggfpleeakpidbkibbmn/cf1ba16f8b36b3ecf7ca1e8d13bf044b6fe28b3f91821c5cd236a729b9fe6eaf", "EventData.peer": null, "EventData.hr": "2147954402", "EventData.fileTime": "0001-01-01 00:00:00", "EventData.fileLength": "18446744073709551615", "EventData.bytesTotal": "18446744073709551615", "EventData.bytesTransferred": "0", "EventData.proxy": null, "EventData.peerProtocolFlags": "0", "EventData.bytesTransferredFromPeer": "0", "EventData.AdditionalInfoHr": "0", "EventData.PeerContextInfo": "0", "EventData.bandwidthLimit": "18446744073709551615", "EventData.ignoreBandwidthLimitsOnLan": "False"}
{"EventID": "61", "Channel": "Microsoft-Windows-Bits-Client/Operational", "Provider_Name": "Microsoft-Windows-Bits-Client", "Computer": "DESKTOP-OFJ6N53", "TimeCreated": "2025-08-23 05:01:13.865595+00:00", "RecordID": "84977", "Level": "3", "UserID": "S-1-5-18", "EventData.transferId": "{76839df0-76cf-4216-821b-b33f16eaf62c}", "EventData.name": "Chrome Component Updater", "EventData.Id": "{1b6c7fb0-0192-4c19-bbe3-6bf325dfcc45}", "EventData.url": "http://edgedl.me.gvt1.com/edgedl/diffgen-puffin/ggkkehgbnfjpeggfpleeakpidbkibbmn/cf1ba16f8b36b3ecf7ca1e8d13bf044b6fe28b3f91821c5cd236a729b9fe6eaf", "EventData.peer": null, "EventData.hr": "2147954402", "EventData.fileTime": "0001-01-01 00:00:00", "EventData.fileLength": "18446744073709551615", "EventData.bytesTotal": "18446744073709551615", "EventData.bytesTransferred": "0", "EventData.proxy": null, "EventData.peerProtocolFlags": "0", "EventData.bytesTransferredFromPeer": "0", "EventData.AdditionalInfoHr": "0", "EventData.PeerContextInfo": "0", "EventData.bandwidthLimit": "18446744073709551615", "EventData.ignoreBandwidthLimitsOnLan": "False"}
{"EventID": "61", "Channel": "Microsoft-Windows-Bits-Client/Operational", "Provider_Name": "Microsoft-Windows-Bits-Client", "Computer": "DESKTOP-OFJ6N53", "TimeCreated": "2025-08-23 05:02:35.068478+00:00", "RecordID": "84978", "Level": "3", "UserID": "S-1-5-18", "EventData.transferId": "{7a85269f-c594-47b2-9540-153a3ddc0665}", "EventData.name": "Chrome Component Updater", "EventData.Id": "{1b6c7fb0-0192-4c19-bbe3-6bf325dfcc45}", "EventData.url": "http://edgedl.me.gvt1.com/edgedl/diffgen-puffin/ggkkehgbnfjpeggfpleeakpidbkibbmn/cf1ba16f8b36b3ecf7ca1e8d13bf044b6fe28b3f91821c5cd236a729b9fe6eaf", "EventData.peer": null, "EventData.hr": "2147954402", "EventData.fileTime": "0001-01-01 00:00:00", "EventData.fileLength": "18446744073709551615", "EventData.bytesTotal": "18446744073709551615", "EventData.bytesTransferred": "0", "EventData.proxy": null, "EventData.peerProtocolFlags": "0", "EventData.bytesTransferredFromPeer": "0", "EventData.AdditionalInfoHr": "0", "EventData.PeerContextInfo": "0", "EventData.bandwidthLimit": "18446744073709551615", "EventData.ignoreBandwidthLimitsOnLan": "False"}
{"EventID": "61", "Channel": "Microsoft-Windows-Bits-Client/Operational", "Provider_Name": "Microsoft-Windows-Bits-Client", "Computer": "DESKTOP-OFJ6N53", "TimeCreated": "2025-08-23 05:03:56.631245+00:00", "RecordID": "84979", "Level": "3", "UserID": "S-1-5-18", "EventData.transferId": "{2fa5b6be-5cd4-42d2-a6ba-6e8157443aba}", "EventData.name": "Chrome Component Updater", "EventData.Id": "{1b6c7fb0-0192-4c19-bbe3-6bf325dfcc45}", "EventData.url": "http://edgedl.me.gvt1.com/edgedl/diffgen-puffin/ggkkehgbnfjpeggfpleeakpidbkibbmn/cf1ba16f8b36b3ecf7ca1e8d13bf044b6fe28b3f91821c5cd236a729b9fe6eaf", "EventData.peer": null, "EventData.hr": "2147954402", "EventData.fileTime": "0001-01-01 00:00:00", "EventData.fileLength": "18446744073709551615", "EventData.bytesTotal": "18446744073709551615", "EventData.bytesTransferred": "0", "EventData.proxy": null, "EventData.peerProtocolFlags": "0", "EventData.bytesTransferredFromPeer": "0", "EventData.AdditionalInfoHr": "0", "EventData.PeerContextInfo": "0", "EventData.bandwidthLimit": "18446744073709551615", "EventData.ignoreBandwidthLimitsOnLan": "False"}
{"EventID": "61", "Channel": "Microsoft-Windows-Bits-Client/Operational", "Provider_Name": "Microsoft-Windows-Bits-Client", "Computer": "DESKTOP-OFJ6N53", "TimeCreated": "2025-08-23 05:05:18.074755+00:00", "RecordID": "84980", "Level": "3", "UserID": "S-1-5-18", "EventData.transferId": "{be23d979-f945-441d-adce-e3c3301b97a3}", "EventData.name": "Chrome Component Updater", "EventData.Id": "{1b6c7fb0-0192-4c19-bbe3-6bf325dfcc45}", "EventData.url": "http://edgedl.me.gvt1.com/edgedl/diffgen-puffin/ggkkehgbnfjpeggfpleeakpidbkibbmn/cf1ba16f8b36b3ecf7ca1e8d13bf044b6fe28b3f91821c5cd236a729b9fe6eaf", "EventData.peer": null, "EventData.hr": "2147954402", "EventData.fileTime": "0001-01-01 00:00:00", "EventData.fileLength": "18446744073709551615", "EventData.bytesTotal": "18446744073709551615", "EventData.bytesTransferred": "0", "EventData.proxy": null, "EventData.peerProtocolFlags": "0", "EventData.bytesTransferredFromPeer": "0", "EventData.AdditionalInfoHr": "0", "EventData.PeerContextInfo": "0", "EventData.bandwidthLimit": "18446744073709551615", "EventData.ignoreBandwidthLimitsOnLan": "False"}
{"EventID": "61", "Channel": "Microsoft-Windows-Bits-Client/Operational", "Provider_Name": "Microsoft-Windows-Bits-Client", "Computer": "DESKTOP-OFJ6N53", "TimeCreated": "2025-08-23 05:06:39.115526+00:00", "RecordID": "84981", "Level": "3", "UserID": "S-1-5-18", "EventData.transferId": "{500b1f6a-4d1c-4f8a-9a80-ec90964123bf}", "EventData.name": "Chrome Component Updater", "EventData.Id": "{1b6c7fb0-0192-4c19-bbe3-6bf325dfcc45}", "EventData.url": "http://edgedl.me.gvt1.com/edgedl/diffgen-puffin/ggkkehgbnfjpeggfpleeakpidbkibbmn/cf1ba16f8b36b3ecf7ca1e8d13bf044b6fe28b3f91821c5cd236a729b9fe6eaf", "EventData.peer": null, "EventData.hr": "2147954402", "EventData.fileTime": "0001-01-01 00:00:00", "EventData.fileLength": "18446744073709551615", "EventData.bytesTotal": "18446744073709551615", "EventData.bytesTransferred": "0", "EventData.proxy": null, "EventData.peerProtocolFlags": "0", "EventData.bytesTransferredFromPeer": "0", "EventData.AdditionalInfoHr": "0", "EventData.PeerContextInfo": "0", "EventData.bandwidthLimit": "18446744073709551615", "EventData.ignoreBandwidthLimitsOnLan": "False"}
{"EventID": "61", "Channel": "Microsoft-Windows-Bits-Client/Operational", "Provider_Name": "Microsoft-Windows-Bits-Client", "Computer": "DESKTOP-OFJ6N53", "TimeCreated": "2025-08-23 05:08:00.336128+00:00", "RecordID": "84982", "Level": "3", "UserID": "S-1-5-18", "EventData.transferId": "{29ce302c-f43c-4791-b29b-158f57665332}", "EventData.name": "Chrome Component Updater", "EventData.Id": "{1b6c7fb0-0192-4c19-bbe3-6bf325dfcc45}", "EventData.url": "http://edgedl.me.gvt1.com/edgedl/diffgen-puffin/ggkkehgbnfjpeggfpleeakpidbkibbmn/cf1ba16f8b36b3ecf7ca1e8d13bf044b6fe28b3f91821c5cd236a729b9fe6eaf", "EventData.peer": null, "EventData.hr": "2147954402", "EventData.fileTime": "0001-01-01 00:00:00", "EventData.fileLength": "18446744073709551615", "EventData.bytesTotal": "18446744073709551615", "EventData.bytesTransferred": "0", "EventData.proxy": null, "EventData.peerProtocolFlags": "0", "EventData.bytesTransferredFromPeer": "0", "EventData.AdditionalInfoHr": "0", "EventData.PeerContextInfo": "0", "EventData.bandwidthLimit": "18446744073709551615", "EventData.ignoreBandwidthLimitsOnLan": "False"}
{"EventID": "61", "Channel": "Microsoft-Windows-Bits-Client/Operational", "Provider_Name": "Microsoft-Windows-Bits-Client", "Computer": "DESKTOP-OFJ6N53", "TimeCreated": "2025-08-23 05:09:21.454187+00:00", "RecordID": "84983", "Level": "3", "UserID": "S-1-5-18", "EventData.transferId": "{2b85aa2b-10c5-4c89-9d2f-878450d0827f}", "EventData.name": "Chrome Component Updater", "EventData.Id": "{1b6c7fb0-0192-4c19-bbe3-6bf325dfcc45}", "EventData.url": "http://edgedl.me.gvt1.com/edgedl/diffgen-puffin/ggkkehgbnfjpeggfpleeakpidbkibbmn/cf1ba16f8b36b3ecf7ca1e8d13bf044b6fe28b3f91821c5cd236a729b9fe6eaf", "EventData.peer": null, "EventData.hr": "2147954402", "EventData.fileTime": "0001-01-01 00:00:00", "EventData.fileLength": "18446744073709551615", "EventData.bytesTotal": "18446744073709551615", "EventData.bytesTransferred": "0", "EventData.proxy": null, "EventData.peerProtocolFlags": "0", "EventData.bytesTransferredFromPeer": "0", "EventData.AdditionalInfoHr": "0", "EventData.PeerContextInfo": "0", "EventData.bandwidthLimit": "18446744073709551615", "EventData.ignoreBandwidthLimitsOnLan": "False"}
{"EventID": "61", "Channel": "Microsoft-Windows-Bits-Client/Operational", "Provider_Name": "Microsoft-Windows-Bits-Client", "Computer": "DESKTOP-OFJ6N53", "TimeCreated": "2025-08-23 05:10:42.787416+00:00", "RecordID": "84984", "Level": "3", "UserID": "S-1-5-18", "EventData.transferId": "{cb68c005-5e5c-4668-b5aa-a7a2a36d767a}", "EventData.name": "Chrome Component Updater", "EventData.Id": "{1b6c7fb0-0192-4c19-bbe3-6bf325dfcc45}", "EventData.url": "http://edgedl.me.gvt1.com/edgedl/diffgen-puffin/ggkkehgbnfjpeggfpleeakpidbkibbmn/cf1ba16f8b36b3ecf7ca1e8d13bf044b6fe28b3f91821c5cd236a729b9fe6eaf", "EventData.peer": null, "EventData.hr": "2147954402", "EventData.fileTime": "0001-01-01 00:00:00", "EventData.fileLength": "18446744073709551615", "EventData.bytesTotal": "18446744073709551615", "EventData.bytesTransferred": "0", "EventData.proxy": null, "EventData.peerProtocolFlags": "0", "EventData.bytesTransferredFromPeer": "0", "EventData.AdditionalInfoHr": "0", "EventData.PeerContextInfo": "0", "EventData.bandwidthLimit": "18446744073709551615", "EventData.ignoreBandwidthLimitsOnLan": "False"}
