{"EventID": "20002", "Channel": "Microsoft-Windows-NetworkProfile/Operational", "Provider_Name": "Microsoft-Windows-NetworkProfile", "Computer": "DESKTOP-OFJ6N53", "TimeCreated": "2024-11-01 00:39:25.428383+00:00", "RecordID": "15617", "Level": "4", "UserID": "S-1-5-19", "EventData.ProfileGuid": "{00000000-0000-0000-0000-000000000000}", "EventData.InterfaceGuid": "{eb0948ce-2c9d-4bb1-b013-d4771779b95b}", "EventData.Category": "0", "EventData.ErrorCodev4": "0", "EventData.ErrorCodev6": "0", "EventData.Context": "3987"}
{"EventID": "4004", "Channel": "Microsoft-Windows-NetworkProfile/Operational", "Provider_Name": "Microsoft-Windows-NetworkProfile", "Computer": "DESKTOP-OFJ6N53", "TimeCreated": "2024-11-01 00:39:27.613968+00:00", "RecordID": "15618", "Level": "4", "UserID": "S-1-5-19", "EventData.NewInternetConnectionProfile": "True", "EventData.ConnectionCostChanged": "False", "EventData.DomainConnectivityLevelChanged": "False", "EventData.NetworkConnectivityLevelChanged": "True", "EventData.HostNameChanged": "True", "EventData.WwanRegistrationStateChanged": "False", "EventData.TetheringOperationalStateChanged": "False", "EventData.TetheringClientCountChanged": "False"}
{"EventID": "4002", "Channel": "Microsoft-Windows-NetworkProfile/Operational", "Provider_Name": "Microsoft-Windows-NetworkProfile", "Computer": "DESKTOP-OFJ6N53", "TimeCreated": "2024-11-01 00:39:29.742569+00:00", "RecordID": "15619", "Level": "4", "UserID": "S-1-5-19", "EventData.InterfaceGuid": "{eb0948ce-2c9d-4bb1-b013-d4771779b95b}", "EventData.CurrentOrNextState": "1"}
{"EventID": "10000", "Channel": "Microsoft-Windows-NetworkProfile/Operational", "Provider_Name": "Microsoft-Windows-NetworkProfile", "Computer": "DESKTOP-OFJ6N53", "TimeCreated": "2024-11-01 00:39:29.743219+00:00", "RecordID": "15620", "Level": "4", "UserID": "S-1-5-19", "EventData.Name": "Сеть 2", "EventData.Description": "Сеть", "EventData.Guid": "{b05282b2-9a7d-4296-bcbe-97f67466924a}", "EventData.Type": "0", "EventData.State": "5", "EventData.Category": "1"}
{"EventID": "20002", "Channel": "Microsoft-Windows-NetworkProfile/Operational", "Provider_Name": "Microsoft-Windows-NetworkProfile", "Computer": "DESKTOP-OFJ6N53", "TimeCreated": "2024-11-01 00:39:29.744406+00:00", "RecordID": "15621", "Level": "4", "UserID": "S-1-5-19", "EventData.ProfileGuid": "{b05282b2-9a7d-4296-bcbe-97f67466924a}", "EventData.InterfaceGuid": "{eb0948ce-2c9d-4bb1-b013-d4771779b95b}", "EventData.Category": "1", "EventData.ErrorCodev4": "0", "EventData.ErrorCodev6": "0", "EventData.Context": "3987"}
{"EventID": "4004", "Channel": "Microsoft-Windows-NetworkProfile/Operational", "Provider_Name": "Microsoft-Windows-NetworkProfile", "Computer": "DESKTOP-OFJ6N53", "TimeCreated": "2024-11-01 00:39:31.772223+00:00", "RecordID": "15622", "Level": "4", "UserID": "S-1-5-19", "EventData.NewInternetConnectionProfile": "False", "EventData.ConnectionCostChanged": "False", "EventData.DomainConnectivityLevelChanged": "False", "EventData.NetworkConnectivityLevelChanged": "True", "EventData.HostNameChanged": "False", "EventData.WwanRegistrationStateChanged": "False", "EventData.TetheringOperationalStateChanged": "False", "EventData.TetheringClientCountChanged": "False"}
{"EventID": "10001", "Channel": "Microsoft-Windows-NetworkProfile/Operational", "Provider_Name": "Microsoft-Windows-NetworkProfile", "Computer": "DESKTOP-OFJ6N53", "TimeCreated": "2024-11-01 12:39:29.138800+00:00", "RecordID": "15623", "Level": "4", "UserID": "S-1-5-19", "EventData.Name": "Сеть 2", "EventData.Description": "Сеть", "EventData.Guid": "{b05282b2-9a7d-4296-bcbe-97f67466924a}", "EventData.Type": "0", "EventData.State": "2", "EventData.Category": "1"}
{"EventID": "4004", "Channel": "Microsoft-Windows-NetworkProfile/Operational", "Provider_Name": "Microsoft-Windows-NetworkProfile", "Computer": "DESKTOP-OFJ6N53", "TimeCreated": "2024-11-01 12:39:30.218466+00:00", "RecordID": "15624", "Level": "4", "UserID": "S-1-5-19", "EventData.NewInternetConnectionProfile": "True", "EventData.ConnectionCostChanged": "False", "EventData.DomainConnectivityLevelChanged": "False", "EventData.NetworkConnectivityLevelChanged": "True", "EventData.HostNameChanged": "False", "EventData.WwanRegistrationStateChanged": "False", "EventData.TetheringOperationalStateChanged": "False", "EventData.TetheringClientCountChanged": "False"}
{"EventID": "4004", "Channel": "Microsoft-Windows-NetworkProfile/Operational", "Provider_Name": "Microsoft-Windows-NetworkProfile", "Computer": "DESKTOP-OFJ6N53", "TimeCreated": "2024-11-01 12:39:32.046883+00:00", "RecordID": "15625", "Level": "4", "UserID": "S-1-5-19", "EventData.NewInternetConnectionProfile": "False", "EventData.ConnectionCostChanged": "False", "EventData.DomainConnectivityLevelChanged": "False", "EventData.NetworkConnectivityLevelChanged": "True", "EventData.HostNameChanged": "True", "EventData.WwanRegistrationStateChanged": "False", "EventData.TetheringOperationalStateChanged": "False", "EventData.TetheringClientCountChanged": "False"}
{"EventID": "4001", "Channel": "Microsoft-Windows-NetworkProfile/Operational", "Provider_Name": "Microsoft-Windows-NetworkProfile", "Computer": "DESKTOP-OFJ6N53", "TimeCreated": "2024-11-01 15:20:49.138840+00:00", "RecordID": "15626", "Level": "4", "UserID": "S-1-5-19", "EventData.InterfaceGuid": "{eb0948ce-2c9d-4bb1-b013-d4771779b95b}", "EventData.CurrentOrNextState": "0"}
{"EventID": "10000", "Channel": "Microsoft-Windows-NetworkProfile/Operational", "Provider_Name": "Microsoft-Windows-NetworkProfile", "Computer": "DESKTOP-OFJ6N53", "TimeCreated": "2024-11-01 15:20:49.139875+00:00", "RecordID": "15627", "Level": "4", "UserID": "S-1-5-19", "EventData.Name": "Идентификация...", "EventData.Description": "Идентификация...", "EventData.Guid": "{4ac8cc08-8c59-4719-80e3-6a2d6ee5405c}", "EventData.Type": "0", "EventData.State": "1", "EventData.Category": "0"}
{"EventID": "20002", "Channel": "Microsoft-Windows-NetworkProfile/Operational", "Provider_Name": "Microsoft-Windows-NetworkProfile", "Computer": "DESKTOP-OFJ6N53", "TimeCreated": "2024-11-01 15:20:49.143431+00:00", "RecordID": "15628", "Level": "4", "UserID": "S-1-5-19", "EventData.ProfileGuid": "{ffffffff-ffff-ffff-ffff-ffffffffffff}", "EventData.InterfaceGuid": "{eb0948ce-2c9d-4bb1-b013-d4771779b95b}", "EventData.Category": "0", "EventData.ErrorCodev4": "0", "EventData.ErrorCodev6": "0", "EventData.Context": "3987"}
{"EventID": "4003", "Channel": "Microsoft-Windows-NetworkProfile/Operational", "Provider_Name": "Microsoft-Windows-NetworkProfile", "Computer": "DESKTOP-OFJ6N53", "TimeCreated": "2024-11-01 15:20:50.463034+00:00", "RecordID": "15629", "Level": "4", "UserID": "S-1-5-19", "EventData.InterfaceGuid": "{eb0948ce-2c9d-4bb1-b013-d4771779b95b}", "EventData.CurrentOrNextState": "2"}
{"EventID": "10000", "Channel": "Microsoft-Windows-NetworkProfile/Operational", "Provider_Name": "Microsoft-Windows-NetworkProfile", "Computer": "DESKTOP-OFJ6N53", "TimeCreated": "2024-11-01 15:20:50.463148+00:00", "RecordID": "15630", "Level": "4", "UserID": "S-1-5-19", "EventData.Name": "Неопознанная сеть", "EventData.Description": "Неопознанная сеть", "EventData.Guid": "{ce0fbfc4-bdb6-4e28-859d-5c19012528ad}", "EventData.Type": "0", "EventData.State": "1", "EventData.Category": "0"}
{"EventID": "4004", "Channel": "Microsoft-Windows-NetworkProfile/Operational", "Provider_Name": "Microsoft-Windows-NetworkProfile", "Computer": "DESKTOP-OFJ6N53", "TimeCreated": "2024-11-01 15:20:52.413847+00:00", "RecordID": "15631", "Level": "4", "UserID": "S-1-5-19", "EventData.NewInternetConnectionProfile": "False", "EventData.ConnectionCostChanged": "False", "EventData.DomainConnectivityLevelChanged": "False", "EventData.NetworkConnectivityLevelChanged": "True", "EventData.HostNameChanged": "True", "EventData.WwanRegistrationStateChanged": "False", "EventData.TetheringOperationalStateChanged": "False", "EventData.TetheringClientCountChanged": "False"}
{"EventID": "4002", "Channel": "Microsoft-Windows-NetworkProfile/Operational", "Provider_Name": "Microsoft-Windows-NetworkProfile", "Computer": "DESKTOP-OFJ6N53", "TimeCreated": "2024-11-01 15:20:53.539530+00:00", "RecordID": "15632", "Level": "4", "UserID": "S-1-5-19", "EventData.InterfaceGuid": "{eb0948ce-2c9d-4bb1-b013-d4771779b95b}", "EventData.CurrentOrNextState": "1"}
{"EventID": "10000", "Channel": "Microsoft-Windows-NetworkProfile/Operational", "Provider_Name": "Microsoft-Windows-NetworkProfile", "Computer": "DESKTOP-OFJ6N53", "TimeCreated": "2024-11-01 15:20:53.539986+00:00", "RecordID": "15633", "Level": "4", "UserID": "S-1-5-19", "EventData.Name": "Сеть 2", "EventData.Description": "Сеть", "EventData.Guid": "{b05282b2-9a7d-4296-bcbe-97f67466924a}", "EventData.Type": "0", "EventData.State": "1", "EventData.Category": "1"}
{"EventID": "20002", "Channel": "Microsoft-Windows-NetworkProfile/Operational", "Provider_Name": "Microsoft-Windows-NetworkProfile", "Computer": "DESKTOP-OFJ6N53", "TimeCreated": "2024-11-01 15:20:53.552265+00:00", "RecordID": "15634", "Level": "4", "UserID": "S-1-5-19", "EventData.ProfileGuid": "{b05282b2-9a7d-4296-bcbe-97f67466924a}", "EventData.InterfaceGuid": "{eb0948ce-2c9d-4bb1-b013-d4771779b95b}", "EventData.Category": "1", "EventData.ErrorCodev4": "0", "EventData.ErrorCodev6": "0", "EventData.Context": "3987"}
{"EventID": "4004", "Channel": "Microsoft-Windows-NetworkProfile/Operational", "Provider_Name": "Microsoft-Windows-NetworkProfile", "Computer": "DESKTOP-OFJ6N53", "TimeCreated": "2024-11-01 15:20:55.580288+00:00", "RecordID": "15635", "Level": "4", "UserID": "S-1-5-19", "EventData.NewInternetConnectionProfile": "True", "EventData.ConnectionCostChanged": "False", "EventData.DomainConnectivityLevelChanged": "False", "EventData.NetworkConnectivityLevelChanged": "True", "EventData.HostNameChanged": "False", "EventData.WwanRegistrationStateChanged": "False", "EventData.TetheringOperationalStateChanged": "False", "EventData.TetheringClientCountChanged": "False"}
{"EventID": "10001", "Channel": "Microsoft-Windows-NetworkProfile/Operational", "Provider_Name": "Microsoft-Windows-NetworkProfile", "Computer": "DESKTOP-OFJ6N53", "TimeCreated": "2024-11-02 03:20:49.183376+00:00", "RecordID": "15636", "Level": "4", "UserID": "S-1-5-19", "EventData.Name": "Сеть 2", "EventData.Description": "Сеть", "EventData.Guid": "{b05282b2-9a7d-4296-bcbe-97f67466924a}", "EventData.Type": "0", "EventData.State": "2", "EventData.Category": "1"}
{"EventID": "4004", "Channel": "Microsoft-Windows-NetworkProfile/Operational", "Provider_Name": "Microsoft-Windows-NetworkProfile", "Computer": "DESKTOP-OFJ6N53", "TimeCreated": "2024-11-02 03:20:50.259060+00:00", "RecordID": "15637", "Level": "4", "UserID": "S-1-5-19", "EventData.NewInternetConnectionProfile": "True", "EventData.ConnectionCostChanged": "False", "EventData.DomainConnectivityLevelChanged": "False", "EventData.NetworkConnectivityLevelChanged": "True", "EventData.HostNameChanged": "False", "EventData.WwanRegistrationStateChanged": "False", "EventData.TetheringOperationalStateChanged": "False", "EventData.TetheringClientCountChanged": "False"}
{"EventID": "4004", "Channel": "Microsoft-Windows-NetworkProfile/Operational", "Provider_Name": "Microsoft-Windows-NetworkProfile", "Computer": "DESKTOP-OFJ6N53", "TimeCreated": "2024-11-02 03:20:52.133406+00:00", "RecordID": "15638", "Level": "4", "UserID": "S-1-5-19", "EventData.NewInternetConnectionProfile": "False", "EventData.ConnectionCostChanged": "False", "EventData.DomainConnectivityLevelChanged": "False", "EventData.NetworkConnectivityLevelChanged": "True", "EventData.HostNameChanged": "True", "EventData.WwanRegistrationStateChanged": "False", "EventData.TetheringOperationalStateChanged": "False", "EventData.TetheringClientCountChanged": "False"}
{"EventID": "4003", "Channel": "Microsoft-Windows-NetworkProfile/Operational", "Provider_Name": "Microsoft-Windows-NetworkProfile", "Computer": "DESKTOP-OFJ6N53", "TimeCreated": "2024-11-02 12:49:30.589741+00:00", "RecordID": "15639", "Level": "4", "UserID": "S-1-5-19", "EventData.InterfaceGuid": "{0172e17a-3456-4bc7-bb55-da15689cd0b2}", "EventData.CurrentOrNextState": "2"}
{"EventID": "10000", "Channel": "Microsoft-Windows-NetworkProfile/Operational", "Provider_Name": "Microsoft-Windows-NetworkProfile", "Computer": "DESKTOP-OFJ6N53", "TimeCreated": "2024-11-02 12:49:30.590124+00:00", "RecordID": "15640", "Level": "4", "UserID": "S-1-5-19", "EventData.Name": "Неопознанная сеть", "EventData.Description": "Неопознанная сеть", "EventData.Guid": "{ce0fbfc4-bdb6-4e28-859d-5c19012528ad}", "EventData.Type": "0", "EventData.State": "1", "EventData.Category": "0"}
{"EventID": "20002", "Channel": "Microsoft-Windows-NetworkProfile/Operational", "Provider_Name": "Microsoft-Windows-NetworkProfile", "Computer": "DESKTOP-OFJ6N53", "TimeCreated": "2024-11-02 12:49:30.593163+00:00", "RecordID": "15641", "Level": "4", "UserID": "S-1-5-19", "EventData.ProfileGuid": "{00000000-0000-0000-0000-000000000000}", "EventData.InterfaceGuid": "{0172e17a-3456-4bc7-bb55-da15689cd0b2}", "EventData.Category": "0", "EventData.ErrorCodev4": "0", "EventData.ErrorCodev6": "0", "EventData.Context": "3987"}
{"EventID": "4004", "Channel": "Microsoft-Windows-NetworkProfile/Operational", "Provider_Name": "Microsoft-Windows-NetworkProfile", "Computer": "DESKTOP-OFJ6N53", "TimeCreated": "2024-11-02 12:49:35.995922+00:00", "RecordID": "15642", "Level": "4", "UserID": "S-1-5-19", "EventData.NewInternetConnectionProfile": "False", "EventData.ConnectionCostChanged": "False", "EventData.DomainConnectivityLevelChanged": "False", "EventData.NetworkConnectivityLevelChanged": "True", "EventData.HostNameChanged": "True", "EventData.WwanRegistrationStateChanged": "False", "EventData.TetheringOperationalStateChanged": "False", "EventData.TetheringClientCountChanged": "False"}
{"EventID": "4004", "Channel": "Microsoft-Windows-NetworkProfile/Operational", "Provider_Name": "Microsoft-Windows-NetworkProfile", "Computer": "DESKTOP-OFJ6N53", "TimeCreated": "2024-11-02 23:20:14.370920+00:00", "RecordID": "15643", "Level": "4", "UserID": "S-1-5-19", "EventData.NewInternetConnectionProfile": "False", "EventData.ConnectionCostChanged": "False", "EventData.DomainConnectivityLevelChanged": "False", "EventData.NetworkConnectivityLevelChanged": "True", "EventData.HostNameChanged": "True", "EventData.WwanRegistrationStateChanged": "False", "EventData.TetheringOperationalStateChanged": "False", "EventData.TetheringClientCountChanged": "False"}
{"EventID": "4001", "Channel": "Microsoft-Windows-NetworkProfile/Operational", "Provider_Name": "Microsoft-Windows-NetworkProfile", "Computer": "DESKTOP-OFJ6N53", "TimeCreated": "2024-11-02 23:21:16.589766+00:00", "RecordID": "15644", "Level": "4", "UserID": "S-1-5-19", "EventData.InterfaceGuid": "{eb0948ce-2c9d-4bb1-b013-d4771779b95b}", "EventData.CurrentOrNextState": "0"}
{"EventID": "10000", "Channel": "Microsoft-Windows-NetworkProfile/Operational", "Provider_Name": "Microsoft-Windows-NetworkProfile", "Computer": "DESKTOP-OFJ6N53", "TimeCreated": "2024-11-02 23:21:16.589899+00:00", "RecordID": "15645", "Level": "4", "UserID": "S-1-5-19", "EventData.Name": "Идентификация...", "EventData.Description": "Идентификация...", "EventData.Guid": "{4ac8cc08-8c59-4719-80e3-6a2d6ee5405c}", "EventData.Type": "0", "EventData.State": "1", "EventData.Category": "0"}
{"EventID": "20002", "Channel": "Microsoft-Windows-NetworkProfile/Operational", "Provider_Name": "Microsoft-Windows-NetworkProfile", "Computer": "DESKTOP-OFJ6N53", "TimeCreated": "2024-11-02 23:21:16.592009+00:00", "RecordID": "15646", "Level": "4", "UserID": "S-1-5-19", "EventData.ProfileGuid": "{ffffffff-ffff-ffff-ffff-ffffffffffff}", "EventData.InterfaceGuid": "{eb0948ce-2c9d-4bb1-b013-d4771779b95b}", "EventData.Category": "0", "EventData.ErrorCodev4": "0", "EventData.ErrorCodev6": "0", "EventData.Context": "3987"}
{"EventID": "4003", "Channel": "Microsoft-Windows-NetworkProfile/Operational", "Provider_Name": "Microsoft-Windows-NetworkProfile", "Computer": "DESKTOP-OFJ6N53", "TimeCreated": "2024-11-02 23:21:17.824078+00:00", "RecordID": "15647", "Level": "4", "UserID": "S-1-5-19", "EventData.InterfaceGuid": "{eb0948ce-2c9d-4bb1-b013-d4771779b95b}", "EventData.CurrentOrNextState": "2"}
{"EventID": "10000", "Channel": "Microsoft-Windows-NetworkProfile/Operational", "Provider_Name": "Microsoft-Windows-NetworkProfile", "Computer": "DESKTOP-OFJ6N53", "TimeCreated": "2024-11-02 23:21:17.824198+00:00", "RecordID": "15648", "Level": "4", "UserID": "S-1-5-19", "EventData.Name": "Неопознанная сеть", "EventData.Description": "Неопознанная сеть", "EventData.Guid": "{ce0fbfc4-bdb6-4e28-859d-5c19012528ad}", "EventData.Type": "0", "EventData.State": "1", "EventData.Category": "0"}
{"EventID": "4004", "Channel": "Microsoft-Windows-NetworkProfile/Operational", "Provider_Name": "Microsoft-Windows-NetworkProfile", "Computer": "DESKTOP-OFJ6N53", "TimeCreated": "2024-11-02 23:21:19.729601+00:00", "RecordID": "15649", "Level": "4", "UserID": "S-1-5-19", "EventData.NewInternetConnectionProfile": "False", "EventData.ConnectionCostChanged": "False", "EventData.DomainConnectivityLevelChanged": "False", "EventData.NetworkConnectivityLevelChanged": "True", "EventData.HostNameChanged": "True", "EventData.WwanRegistrationStateChanged": "False", "EventData.TetheringOperationalStateChanged": "False", "EventData.TetheringClientCountChanged": "False"}
{"EventID": "4002", "Channel": "Microsoft-Windows-NetworkProfile/Operational", "Provider_Name": "Microsoft-Windows-NetworkProfile", "Computer": "DESKTOP-OFJ6N53", "TimeCreated": "2024-11-02 23:21:21.229946+00:00", "RecordID": "15650", "Level": "4", "UserID": "S-1-5-19", "EventData.InterfaceGuid": "{eb0948ce-2c9d-4bb1-b013-d4771779b95b}", "EventData.CurrentOrNextState": "1"}
{"EventID": "10000", "Channel": "Microsoft-Windows-NetworkProfile/Operational", "Provider_Name": "Microsoft-Windows-NetworkProfile", "Computer": "DESKTOP-OFJ6N53", "TimeCreated": "2024-11-02 23:21:21.230751+00:00", "RecordID": "15651", "Level": "4", "UserID": "S-1-5-19", "EventData.Name": "Сеть 2", "EventData.Description": "Сеть", "EventData.Guid": "{b05282b2-9a7d-4296-bcbe-97f67466924a}", "EventData.Type": "0", "EventData.State": "5", "EventData.Category": "1"}
{"EventID": "20002", "Channel": "Microsoft-Windows-NetworkProfile/Operational", "Provider_Name": "Microsoft-Windows-NetworkProfile", "Computer": "DESKTOP-OFJ6N53", "TimeCreated": "2024-11-02 23:21:21.232107+00:00", "RecordID": "15652", "Level": "4", "UserID": "S-1-5-19", "EventData.ProfileGuid": "{b05282b2-9a7d-4296-bcbe-97f67466924a}", "EventData.InterfaceGuid": "{eb0948ce-2c9d-4bb1-b013-d4771779b95b}", "EventData.Category": "1", "EventData.ErrorCodev4": "0", "EventData.ErrorCodev6": "0", "EventData.Context": "3987"}
{"EventID": "4004", "Channel": "Microsoft-Windows-NetworkProfile/Operational", "Provider_Name": "Microsoft-Windows-NetworkProfile", "Computer": "DESKTOP-OFJ6N53", "TimeCreated": "2024-11-02 23:21:23.301107+00:00", "RecordID": "15653", "Level": "4", "UserID": "S-1-5-19", "EventData.NewInternetConnectionProfile": "True", "EventData.ConnectionCostChanged": "False", "EventData.DomainConnectivityLevelChanged": "False", "EventData.NetworkConnectivityLevelChanged": "True", "EventData.HostNameChanged": "False", "EventData.WwanRegistrationStateChanged": "False", "EventData.TetheringOperationalStateChanged": "False", "EventData.TetheringClientCountChanged": "False"}
{"EventID": "10001", "Channel": "Microsoft-Windows-NetworkProfile/Operational", "Provider_Name": "Microsoft-Windows-NetworkProfile", "Computer": "DESKTOP-OFJ6N53", "TimeCreated": "2024-11-03 03:06:39.315283+00:00", "RecordID": "15654", "Level": "4", "UserID": "S-1-5-19", "EventData.Name": "Сеть 2", "EventData.Description": "Сеть", "EventData.Guid": "{b05282b2-9a7d-4296-bcbe-97f67466924a}", "EventData.Type": "0", "EventData.State": "2", "EventData.Category": "1"}
{"EventID": "4004", "Channel": "Microsoft-Windows-NetworkProfile/Operational", "Provider_Name": "Microsoft-Windows-NetworkProfile", "Computer": "DESKTOP-OFJ6N53", "TimeCreated": "2024-11-03 03:06:40.405516+00:00", "RecordID": "15655", "Level": "4", "UserID": "S-1-5-19", "EventData.NewInternetConnectionProfile": "True", "EventData.ConnectionCostChanged": "False", "EventData.DomainConnectivityLevelChanged": "False", "EventData.NetworkConnectivityLevelChanged": "True", "EventData.HostNameChanged": "False", "EventData.WwanRegistrationStateChanged": "False", "EventData.TetheringOperationalStateChanged": "False", "EventData.TetheringClientCountChanged": "False"}
{"EventID": "4004", "Channel": "Microsoft-Windows-NetworkProfile/Operational", "Provider_Name": "Microsoft-Windows-NetworkProfile", "Computer": "DESKTOP-OFJ6N53", "TimeCreated": "2024-11-03 03:06:42.290714+00:00", "RecordID": "15656", "Level": "4", "UserID": "S-1-5-19", "EventData.NewInternetConnectionProfile": "False", "EventData.ConnectionCostChanged": "False", "EventData.DomainConnectivityLevelChanged": "False", "EventData.NetworkConnectivityLevelChanged": "True", "EventData.HostNameChanged": "True", "EventData.WwanRegistrationStateChanged": "False", "EventData.TetheringOperationalStateChanged": "False", "EventData.TetheringClientCountChanged": "False"}
{"EventID": "4002", "Channel": "Microsoft-Windows-NetworkProfile/Operational", "Provider_Name": "Microsoft-Windows-NetworkProfile", "Computer": "DESKTOP-OFJ6N53", "TimeCreated": "2024-11-13 14:45:14.141203+00:00", "RecordID": "15657", "Level": "4", "UserID": "S-1-5-19", "EventData.InterfaceGuid": "{bed2c4be-ec11-4cc8-aafc-f0fd7a5e3a02}", "EventData.CurrentOrNextState": "1"}
{"EventID": "10000", "Channel": "Microsoft-Windows-NetworkProfile/Operational", "Provider_Name": "Microsoft-Windows-NetworkProfile", "Computer": "DESKTOP-OFJ6N53", "TimeCreated": "2024-11-13 14:45:14.141800+00:00", "RecordID": "15658", "Level": "4", "UserID": "S-1-5-19", "EventData.Name": "Сеть", "EventData.Description": "Сеть", "EventData.Guid": "{19ac8ff0-efa8-408b-8c0c-3213ff4867dc}", "EventData.Type": "0", "EventData.State": "1", "EventData.Category": "1"}
{"EventID": "20002", "Channel": "Microsoft-Windows-NetworkProfile/Operational", "Provider_Name": "Microsoft-Windows-NetworkProfile", "Computer": "DESKTOP-OFJ6N53", "TimeCreated": "2024-11-13 14:45:14.141951+00:00", "RecordID": "15659", "Level": "4", "UserID": "S-1-5-19", "EventData.ProfileGuid": "{19ac8ff0-efa8-408b-8c0c-3213ff4867dc}", "EventData.InterfaceGuid": "{bed2c4be-ec11-4cc8-aafc-f0fd7a5e3a02}", "EventData.Category": "1", "EventData.ErrorCodev4": "0", "EventData.ErrorCodev6": "0", "EventData.Context": "3987"}
{"EventID": "4004", "Channel": "Microsoft-Windows-NetworkProfile/Operational", "Provider_Name": "Microsoft-Windows-NetworkProfile", "Computer": "DESKTOP-OFJ6N53", "TimeCreated": "2024-11-13 14:45:20.770393+00:00", "RecordID": "15660", "Level": "4", "UserID": "S-1-5-19", "EventData.NewInternetConnectionProfile": "True", "EventData.ConnectionCostChanged": "True", "EventData.DomainConnectivityLevelChanged": "False", "EventData.NetworkConnectivityLevelChanged": "True", "EventData.HostNameChanged": "False", "EventData.WwanRegistrationStateChanged": "False", "EventData.TetheringOperationalStateChanged": "False", "EventData.TetheringClientCountChanged": "False"}
{"EventID": "4004", "Channel": "Microsoft-Windows-NetworkProfile/Operational", "Provider_Name": "Microsoft-Windows-NetworkProfile", "Computer": "DESKTOP-OFJ6N53", "TimeCreated": "2024-11-18 12:14:05.645489+00:00", "RecordID": "15661", "Level": "4", "UserID": "S-1-5-19", "EventData.NewInternetConnectionProfile": "False", "EventData.ConnectionCostChanged": "False", "EventData.DomainConnectivityLevelChanged": "False", "EventData.NetworkConnectivityLevelChanged": "False", "EventData.HostNameChanged": "True", "EventData.WwanRegistrationStateChanged": "False", "EventData.TetheringOperationalStateChanged": "False", "EventData.TetheringClientCountChanged": "False"}
{"EventID": "20002", "Channel": "Microsoft-Windows-NetworkProfile/Operational", "Provider_Name": "Microsoft-Windows-NetworkProfile", "Computer": "DESKTOP-OFJ6N53", "TimeCreated": "2024-11-18 12:14:07.062346+00:00", "RecordID": "15662", "Level": "4", "UserID": "S-1-5-19", "EventData.ProfileGuid": "{ffffffff-ffff-ffff-ffff-ffffffffffff}", "EventData.InterfaceGuid": "{eb0948ce-2c9d-4bb1-b013-d4771779b95b}", "EventData.Category": "0", "EventData.ErrorCodev4": "0", "EventData.ErrorCodev6": "0", "EventData.Context": "3987"}
{"EventID": "4001", "Channel": "Microsoft-Windows-NetworkProfile/Operational", "Provider_Name": "Microsoft-Windows-NetworkProfile", "Computer": "DESKTOP-OFJ6N53", "TimeCreated": "2024-11-18 12:14:07.062355+00:00", "RecordID": "15663", "Level": "4", "UserID": "S-1-5-19", "EventData.InterfaceGuid": "{eb0948ce-2c9d-4bb1-b013-d4771779b95b}", "EventData.CurrentOrNextState": "0"}
{"EventID": "10000", "Channel": "Microsoft-Windows-NetworkProfile/Operational", "Provider_Name": "Microsoft-Windows-NetworkProfile", "Computer": "DESKTOP-OFJ6N53", "TimeCreated": "2024-11-18 12:14:07.062920+00:00", "RecordID": "15664", "Level": "4", "UserID": "S-1-5-19", "EventData.Name": "Идентификация...", "EventData.Description": "Идентификация...", "EventData.Guid": "{90d01d86-d107-4cd6-836d-dd54f9746436}", "EventData.Type": "0", "EventData.State": "1", "EventData.Category": "0"}
{"EventID": "4004", "Channel": "Microsoft-Windows-NetworkProfile/Operational", "Provider_Name": "Microsoft-Windows-NetworkProfile", "Computer": "DESKTOP-OFJ6N53", "TimeCreated": "2024-11-18 12:14:08.229603+00:00", "RecordID": "15665", "Level": "4", "UserID": "S-1-5-19", "EventData.NewInternetConnectionProfile": "False", "EventData.ConnectionCostChanged": "False", "EventData.DomainConnectivityLevelChanged": "False", "EventData.NetworkConnectivityLevelChanged": "True", "EventData.HostNameChanged": "True", "EventData.WwanRegistrationStateChanged": "False", "EventData.TetheringOperationalStateChanged": "False", "EventData.TetheringClientCountChanged": "False"}
{"EventID": "4003", "Channel": "Microsoft-Windows-NetworkProfile/Operational", "Provider_Name": "Microsoft-Windows-NetworkProfile", "Computer": "DESKTOP-OFJ6N53", "TimeCreated": "2024-11-18 12:14:08.285315+00:00", "RecordID": "15666", "Level": "4", "UserID": "S-1-5-19", "EventData.InterfaceGuid": "{eb0948ce-2c9d-4bb1-b013-d4771779b95b}", "EventData.CurrentOrNextState": "2"}
{"EventID": "10000", "Channel": "Microsoft-Windows-NetworkProfile/Operational", "Provider_Name": "Microsoft-Windows-NetworkProfile", "Computer": "DESKTOP-OFJ6N53", "TimeCreated": "2024-11-18 12:14:08.285370+00:00", "RecordID": "15667", "Level": "4", "UserID": "S-1-5-19", "EventData.Name": "Неопознанная сеть", "EventData.Description": "Неопознанная сеть", "EventData.Guid": "{976adc2f-b803-42e5-b871-cd008dcf1288}", "EventData.Type": "0", "EventData.State": "1", "EventData.Category": "0"}
{"EventID": "4004", "Channel": "Microsoft-Windows-NetworkProfile/Operational", "Provider_Name": "Microsoft-Windows-NetworkProfile", "Computer": "DESKTOP-OFJ6N53", "TimeCreated": "2024-11-18 12:14:09.679277+00:00", "RecordID": "15668", "Level": "4", "UserID": "S-1-5-19", "EventData.NewInternetConnectionProfile": "False", "EventData.ConnectionCostChanged": "False", "EventData.DomainConnectivityLevelChanged": "False", "EventData.NetworkConnectivityLevelChanged": "True", "EventData.HostNameChanged": "False", "EventData.WwanRegistrationStateChanged": "False", "EventData.TetheringOperationalStateChanged": "False", "EventData.TetheringClientCountChanged": "False"}
{"EventID": "4002", "Channel": "Microsoft-Windows-NetworkProfile/Operational", "Provider_Name": "Microsoft-Windows-NetworkProfile", "Computer": "DESKTOP-OFJ6N53", "TimeCreated": "2024-11-18 12:14:11.552761+00:00", "RecordID": "15669", "Level": "4", "UserID": "S-1-5-19", "EventData.InterfaceGuid": "{eb0948ce-2c9d-4bb1-b013-d4771779b95b}", "EventData.CurrentOrNextState": "1"}
{"EventID": "10000", "Channel": "Microsoft-Windows-NetworkProfile/Operational", "Provider_Name": "Microsoft-Windows-NetworkProfile", "Computer": "DESKTOP-OFJ6N53", "TimeCreated": "2024-11-18 12:14:11.555092+00:00", "RecordID": "15670", "Level": "4", "UserID": "S-1-5-19", "EventData.Name": "Сеть 2", "EventData.Description": "Сеть", "EventData.Guid": "{b05282b2-9a7d-4296-bcbe-97f67466924a}", "EventData.Type": "0", "EventData.State": "1", "EventData.Category": "1"}
{"EventID": "20002", "Channel": "Microsoft-Windows-NetworkProfile/Operational", "Provider_Name": "Microsoft-Windows-NetworkProfile", "Computer": "DESKTOP-OFJ6N53", "TimeCreated": "2024-11-18 12:14:11.555939+00:00", "RecordID": "15671", "Level": "4", "UserID": "S-1-5-19", "EventData.ProfileGuid": "{b05282b2-9a7d-4296-bcbe-97f67466924a}", "EventData.InterfaceGuid": "{eb0948ce-2c9d-4bb1-b013-d4771779b95b}", "EventData.Category": "1", "EventData.ErrorCodev4": "0", "EventData.ErrorCodev6": "0", "EventData.Context": "3987"}
{"EventID": "4004", "Channel": "Microsoft-Windows-NetworkProfile/Operational", "Provider_Name": "Microsoft-Windows-NetworkProfile", "Computer": "DESKTOP-OFJ6N53", "TimeCreated": "2024-11-18 12:14:13.591465+00:00", "RecordID": "15672", "Level": "4", "UserID": "S-1-5-19", "EventData.NewInternetConnectionProfile": "False", "EventData.ConnectionCostChanged": "False", "EventData.DomainConnectivityLevelChanged": "False", "EventData.NetworkConnectivityLevelChanged": "True", "EventData.HostNameChanged": "False", "EventData.WwanRegistrationStateChanged": "False", "EventData.TetheringOperationalStateChanged": "False", "EventData.TetheringClientCountChanged": "False"}
{"EventID": "4004", "Channel": "Microsoft-Windows-NetworkProfile/Operational", "Provider_Name": "Microsoft-Windows-NetworkProfile", "Computer": "DESKTOP-OFJ6N53", "TimeCreated": "2024-11-18 12:14:16.486639+00:00", "RecordID": "15673", "Level": "4", "UserID": "S-1-5-19", "EventData.NewInternetConnectionProfile": "True", "EventData.ConnectionCostChanged": "False", "EventData.DomainConnectivityLevelChanged": "False", "EventData.NetworkConnectivityLevelChanged": "True", "EventData.HostNameChanged": "False", "EventData.WwanRegistrationStateChanged": "False", "EventData.TetheringOperationalStateChanged": "False", "EventData.TetheringClientCountChanged": "False"}
{"EventID": "10001", "Channel": "Microsoft-Windows-NetworkProfile/Operational", "Provider_Name": "Microsoft-Windows-NetworkProfile", "Computer": "DESKTOP-OFJ6N53", "TimeCreated": "2024-11-19 00:14:06.485783+00:00", "RecordID": "15674", "Level": "4", "UserID": "S-1-5-19", "EventData.Name": "Сеть 2", "EventData.Description": "Сеть", "EventData.Guid": "{b05282b2-9a7d-4296-bcbe-97f67466924a}", "EventData.Type": "0", "EventData.State": "2", "EventData.Category": "1"}
{"EventID": "4004", "Channel": "Microsoft-Windows-NetworkProfile/Operational", "Provider_Name": "Microsoft-Windows-NetworkProfile", "Computer": "DESKTOP-OFJ6N53", "TimeCreated": "2024-11-19 00:14:07.574001+00:00", "RecordID": "15675", "Level": "4", "UserID": "S-1-5-19", "EventData.NewInternetConnectionProfile": "True", "EventData.ConnectionCostChanged": "False", "EventData.DomainConnectivityLevelChanged": "False", "EventData.NetworkConnectivityLevelChanged": "True", "EventData.HostNameChanged": "False", "EventData.WwanRegistrationStateChanged": "False", "EventData.TetheringOperationalStateChanged": "False", "EventData.TetheringClientCountChanged": "False"}
{"EventID": "4004", "Channel": "Microsoft-Windows-NetworkProfile/Operational", "Provider_Name": "Microsoft-Windows-NetworkProfile", "Computer": "DESKTOP-OFJ6N53", "TimeCreated": "2024-11-19 00:14:09.446735+00:00", "RecordID": "15676", "Level": "4", "UserID": "S-1-5-19", "EventData.NewInternetConnectionProfile": "False", "EventData.ConnectionCostChanged": "False", "EventData.DomainConnectivityLevelChanged": "False", "EventData.NetworkConnectivityLevelChanged": "True", "EventData.HostNameChanged": "True", "EventData.WwanRegistrationStateChanged": "False", "EventData.TetheringOperationalStateChanged": "False", "EventData.TetheringClientCountChanged": "False"}
{"EventID": "4003", "Channel": "Microsoft-Windows-NetworkProfile/Operational", "Provider_Name": "Microsoft-Windows-NetworkProfile", "Computer": "DESKTOP-OFJ6N53", "TimeCreated": "2024-11-27 12:53:21.269495+00:00", "RecordID": "15677", "Level": "4", "UserID": "S-1-5-19", "EventData.InterfaceGuid": "{0172e17a-3456-4bc7-bb55-da15689cd0b2}", "EventData.CurrentOrNextState": "2"}
{"EventID": "10000", "Channel": "Microsoft-Windows-NetworkProfile/Operational", "Provider_Name": "Microsoft-Windows-NetworkProfile", "Computer": "DESKTOP-OFJ6N53", "TimeCreated": "2024-11-27 12:53:21.271194+00:00", "RecordID": "15678", "Level": "4", "UserID": "S-1-5-19", "EventData.Name": "Неопознанная сеть", "EventData.Description": "Неопознанная сеть", "EventData.Guid": "{976adc2f-b803-42e5-b871-cd008dcf1288}", "EventData.Type": "0", "EventData.State": "1", "EventData.Category": "0"}
{"EventID": "20002", "Channel": "Microsoft-Windows-NetworkProfile/Operational", "Provider_Name": "Microsoft-Windows-NetworkProfile", "Computer": "DESKTOP-OFJ6N53", "TimeCreated": "2024-11-27 12:53:21.272661+00:00", "RecordID": "15679", "Level": "4", "UserID": "S-1-5-19", "EventData.ProfileGuid": "{00000000-0000-0000-0000-000000000000}", "EventData.InterfaceGuid": "{0172e17a-3456-4bc7-bb55-da15689cd0b2}", "EventData.Category": "0", "EventData.ErrorCodev4": "0", "EventData.ErrorCodev6": "0", "EventData.Context": "3987"}
{"EventID": "4004", "Channel": "Microsoft-Windows-NetworkProfile/Operational", "Provider_Name": "Microsoft-Windows-NetworkProfile", "Computer": "DESKTOP-OFJ6N53", "TimeCreated": "2024-11-27 12:53:26.250597+00:00", "RecordID": "15680", "Level": "4", "UserID": "S-1-5-19", "EventData.NewInternetConnectionProfile": "False", "EventData.ConnectionCostChanged": "False", "EventData.DomainConnectivityLevelChanged": "False", "EventData.NetworkConnectivityLevelChanged": "True", "EventData.HostNameChanged": "True", "EventData.WwanRegistrationStateChanged": "False", "EventData.TetheringOperationalStateChanged": "False", "EventData.TetheringClientCountChanged": "False"}
{"EventID": "4004", "Channel": "Microsoft-Windows-NetworkProfile/Operational", "Provider_Name": "Microsoft-Windows-NetworkProfile", "Computer": "DESKTOP-OFJ6N53", "TimeCreated": "2024-12-03 10:22:44.050226+00:00", "RecordID": "15681", "Level": "4", "UserID": "S-1-5-19", "EventData.NewInternetConnectionProfile": "False", "EventData.ConnectionCostChanged": "False", "EventData.DomainConnectivityLevelChanged": "False", "EventData.NetworkConnectivityLevelChanged": "True", "EventData.HostNameChanged": "True", "EventData.WwanRegistrationStateChanged": "False", "EventData.TetheringOperationalStateChanged": "False", "EventData.TetheringClientCountChanged": "False"}
{"EventID": "4004", "Channel": "Microsoft-Windows-NetworkProfile/Operational", "Provider_Name": "Microsoft-Windows-NetworkProfile", "Computer": "DESKTOP-OFJ6N53", "TimeCreated": "2024-12-03 10:22:49.144117+00:00", "RecordID": "15682", "Level": "4", "UserID": "S-1-5-19", "EventData.NewInternetConnectionProfile": "False", "EventData.ConnectionCostChanged": "False", "EventData.DomainConnectivityLevelChanged": "False", "EventData.NetworkConnectivityLevelChanged": "False", "EventData.HostNameChanged": "True", "EventData.WwanRegistrationStateChanged": "False", "EventData.TetheringOperationalStateChanged": "False", "EventData.TetheringClientCountChanged": "False"}
{"EventID": "4002", "Channel": "Microsoft-Windows-NetworkProfile/Operational", "Provider_Name": "Microsoft-Windows-NetworkProfile", "Computer": "DESKTOP-OFJ6N53", "TimeCreated": "2024-12-03 10:23:58.632401+00:00", "RecordID": "15683", "Level": "4", "UserID": "S-1-5-19", "EventData.InterfaceGuid": "{bed2c4be-ec11-4cc8-aafc-f0fd7a5e3a02}", "EventData.CurrentOrNextState": "1"}
{"EventID": "10000", "Channel": "Microsoft-Windows-NetworkProfile/Operational", "Provider_Name": "Microsoft-Windows-NetworkProfile", "Computer": "DESKTOP-OFJ6N53", "TimeCreated": "2024-12-03 10:23:58.633007+00:00", "RecordID": "15684", "Level": "4", "UserID": "S-1-5-19", "EventData.Name": "Сеть", "EventData.Description": "Сеть", "EventData.Guid": "{19ac8ff0-efa8-408b-8c0c-3213ff4867dc}", "EventData.Type": "0", "EventData.State": "1", "EventData.Category": "1"}
{"EventID": "20002", "Channel": "Microsoft-Windows-NetworkProfile/Operational", "Provider_Name": "Microsoft-Windows-NetworkProfile", "Computer": "DESKTOP-OFJ6N53", "TimeCreated": "2024-12-03 10:23:58.634304+00:00", "RecordID": "15685", "Level": "4", "UserID": "S-1-5-19", "EventData.ProfileGuid": "{19ac8ff0-efa8-408b-8c0c-3213ff4867dc}", "EventData.InterfaceGuid": "{bed2c4be-ec11-4cc8-aafc-f0fd7a5e3a02}", "EventData.Category": "1", "EventData.ErrorCodev4": "0", "EventData.ErrorCodev6": "0", "EventData.Context": "3987"}
{"EventID": "4004", "Channel": "Microsoft-Windows-NetworkProfile/Operational", "Provider_Name": "Microsoft-Windows-NetworkProfile", "Computer": "DESKTOP-OFJ6N53", "TimeCreated": "2024-12-03 10:24:01.127909+00:00", "RecordID": "15686", "Level": "4", "UserID": "S-1-5-19", "EventData.NewInternetConnectionProfile": "True", "EventData.ConnectionCostChanged": "True", "EventData.DomainConnectivityLevelChanged": "False", "EventData.NetworkConnectivityLevelChanged": "True", "EventData.HostNameChanged": "False", "EventData.WwanRegistrationStateChanged": "False", "EventData.TetheringOperationalStateChanged": "False", "EventData.TetheringClientCountChanged": "False"}
{"EventID": "4003", "Channel": "Microsoft-Windows-NetworkProfile/Operational", "Provider_Name": "Microsoft-Windows-NetworkProfile", "Computer": "DESKTOP-OFJ6N53", "TimeCreated": "2024-12-08 14:08:06.842392+00:00", "RecordID": "15687", "Level": "4", "UserID": "S-1-5-19", "EventData.InterfaceGuid": "{0172e17a-3456-4bc7-bb55-da15689cd0b2}", "EventData.CurrentOrNextState": "2"}
{"EventID": "10000", "Channel": "Microsoft-Windows-NetworkProfile/Operational", "Provider_Name": "Microsoft-Windows-NetworkProfile", "Computer": "DESKTOP-OFJ6N53", "TimeCreated": "2024-12-08 14:08:06.842999+00:00", "RecordID": "15688", "Level": "4", "UserID": "S-1-5-19", "EventData.Name": "Неопознанная сеть", "EventData.Description": "Неопознанная сеть", "EventData.Guid": "{61e475b0-b02e-45c3-be8e-97540ef720b1}", "EventData.Type": "0", "EventData.State": "1", "EventData.Category": "0"}
{"EventID": "20002", "Channel": "Microsoft-Windows-NetworkProfile/Operational", "Provider_Name": "Microsoft-Windows-NetworkProfile", "Computer": "DESKTOP-OFJ6N53", "TimeCreated": "2024-12-08 14:08:06.848444+00:00", "RecordID": "15689", "Level": "4", "UserID": "S-1-5-19", "EventData.ProfileGuid": "{00000000-0000-0000-0000-000000000000}", "EventData.InterfaceGuid": "{0172e17a-3456-4bc7-bb55-da15689cd0b2}", "EventData.Category": "0", "EventData.ErrorCodev4": "0", "EventData.ErrorCodev6": "0", "EventData.Context": "3987"}
{"EventID": "4004", "Channel": "Microsoft-Windows-NetworkProfile/Operational", "Provider_Name": "Microsoft-Windows-NetworkProfile", "Computer": "DESKTOP-OFJ6N53", "TimeCreated": "2024-12-08 14:08:12.041683+00:00", "RecordID": "15690", "Level": "4", "UserID": "S-1-5-19", "EventData.NewInternetConnectionProfile": "False", "EventData.ConnectionCostChanged": "False", "EventData.DomainConnectivityLevelChanged": "False", "EventData.NetworkConnectivityLevelChanged": "True", "EventData.HostNameChanged": "True", "EventData.WwanRegistrationStateChanged": "False", "EventData.TetheringOperationalStateChanged": "False", "EventData.TetheringClientCountChanged": "False"}
{"EventID": "4002", "Channel": "Microsoft-Windows-NetworkProfile/Operational", "Provider_Name": "Microsoft-Windows-NetworkProfile", "Computer": "DESKTOP-OFJ6N53", "TimeCreated": "2024-12-08 16:52:22.519571+00:00", "RecordID": "15691", "Level": "4", "UserID": "S-1-5-19", "EventData.InterfaceGuid": "{bed2c4be-ec11-4cc8-aafc-f0fd7a5e3a02}", "EventData.CurrentOrNextState": "1"}
{"EventID": "10000", "Channel": "Microsoft-Windows-NetworkProfile/Operational", "Provider_Name": "Microsoft-Windows-NetworkProfile", "Computer": "DESKTOP-OFJ6N53", "TimeCreated": "2024-12-08 16:52:22.520323+00:00", "RecordID": "15692", "Level": "4", "UserID": "S-1-5-19", "EventData.Name": "Сеть", "EventData.Description": "Сеть", "EventData.Guid": "{19ac8ff0-efa8-408b-8c0c-3213ff4867dc}", "EventData.Type": "0", "EventData.State": "1", "EventData.Category": "1"}
{"EventID": "4003", "Channel": "Microsoft-Windows-NetworkProfile/Operational", "Provider_Name": "Microsoft-Windows-NetworkProfile", "Computer": "DESKTOP-OFJ6N53", "TimeCreated": "2024-12-08 16:52:22.520456+00:00", "RecordID": "15693", "Level": "4", "UserID": "S-1-5-19", "EventData.InterfaceGuid": "{0172e17a-3456-4bc7-bb55-da15689cd0b2}", "EventData.CurrentOrNextState": "2"}
{"EventID": "10000", "Channel": "Microsoft-Windows-NetworkProfile/Operational", "Provider_Name": "Microsoft-Windows-NetworkProfile", "Computer": "DESKTOP-OFJ6N53", "TimeCreated": "2024-12-08 16:52:22.520519+00:00", "RecordID": "15694", "Level": "4", "UserID": "S-1-5-19", "EventData.Name": "Неопознанная сеть", "EventData.Description": "Неопознанная сеть", "EventData.Guid": "{08d4bf12-e77f-4030-9ea5-40581f9ad533}", "EventData.Type": "0", "EventData.State": "1", "EventData.Category": "0"}
{"EventID": "20002", "Channel": "Microsoft-Windows-NetworkProfile/Operational", "Provider_Name": "Microsoft-Windows-NetworkProfile", "Computer": "DESKTOP-OFJ6N53", "TimeCreated": "2024-12-08 16:52:22.528399+00:00", "RecordID": "15695", "Level": "4", "UserID": "S-1-5-19", "EventData.ProfileGuid": "{19ac8ff0-efa8-408b-8c0c-3213ff4867dc}", "EventData.InterfaceGuid": "{bed2c4be-ec11-4cc8-aafc-f0fd7a5e3a02}", "EventData.Category": "1", "EventData.ErrorCodev4": "0", "EventData.ErrorCodev6": "0", "EventData.Context": "3987"}
{"EventID": "20002", "Channel": "Microsoft-Windows-NetworkProfile/Operational", "Provider_Name": "Microsoft-Windows-NetworkProfile", "Computer": "DESKTOP-OFJ6N53", "TimeCreated": "2024-12-08 16:52:22.535635+00:00", "RecordID": "15696", "Level": "4", "UserID": "S-1-5-19", "EventData.ProfileGuid": "{00000000-0000-0000-0000-000000000000}", "EventData.InterfaceGuid": "{0172e17a-3456-4bc7-bb55-da15689cd0b2}", "EventData.Category": "0", "EventData.ErrorCodev4": "0", "EventData.ErrorCodev6": "0", "EventData.Context": "3987"}
{"EventID": "4004", "Channel": "Microsoft-Windows-NetworkProfile/Operational", "Provider_Name": "Microsoft-Windows-NetworkProfile", "Computer": "DESKTOP-OFJ6N53", "TimeCreated": "2024-12-08 16:52:26.437565+00:00", "RecordID": "15697", "Level": "4", "UserID": "S-1-5-19", "EventData.NewInternetConnectionProfile": "True", "EventData.ConnectionCostChanged": "True", "EventData.DomainConnectivityLevelChanged": "False", "EventData.NetworkConnectivityLevelChanged": "True", "EventData.HostNameChanged": "True", "EventData.WwanRegistrationStateChanged": "False", "EventData.TetheringOperationalStateChanged": "False", "EventData.TetheringClientCountChanged": "False"}
{"EventID": "4004", "Channel": "Microsoft-Windows-NetworkProfile/Operational", "Provider_Name": "Microsoft-Windows-NetworkProfile", "Computer": "DESKTOP-OFJ6N53", "TimeCreated": "2024-12-08 16:52:41.617273+00:00", "RecordID": "15698", "Level": "4", "UserID": "S-1-5-19", "EventData.NewInternetConnectionProfile": "False", "EventData.ConnectionCostChanged": "False", "EventData.DomainConnectivityLevelChanged": "False", "EventData.NetworkConnectivityLevelChanged": "True", "EventData.HostNameChanged": "True", "EventData.WwanRegistrationStateChanged": "False", "EventData.TetheringOperationalStateChanged": "False", "EventData.TetheringClientCountChanged": "False"}
{"EventID": "4004", "Channel": "Microsoft-Windows-NetworkProfile/Operational", "Provider_Name": "Microsoft-Windows-NetworkProfile", "Computer": "DESKTOP-OFJ6N53", "TimeCreated": "2024-12-08 16:54:14.123144+00:00", "RecordID": "15699", "Level": "4", "UserID": "S-1-5-19", "EventData.NewInternetConnectionProfile": "False", "EventData.ConnectionCostChanged": "False", "EventData.DomainConnectivityLevelChanged": "False", "EventData.NetworkConnectivityLevelChanged": "True", "EventData.HostNameChanged": "True", "EventData.WwanRegistrationStateChanged": "False", "EventData.TetheringOperationalStateChanged": "False", "EventData.TetheringClientCountChanged": "False"}
{"EventID": "4004", "Channel": "Microsoft-Windows-NetworkProfile/Operational", "Provider_Name": "Microsoft-Windows-NetworkProfile", "Computer": "DESKTOP-OFJ6N53", "TimeCreated": "2024-12-08 16:54:20.259199+00:00", "RecordID": "15700", "Level": "4", "UserID": "S-1-5-19", "EventData.NewInternetConnectionProfile": "False", "EventData.ConnectionCostChanged": "False", "EventData.DomainConnectivityLevelChanged": "False", "EventData.NetworkConnectivityLevelChanged": "False", "EventData.HostNameChanged": "True", "EventData.WwanRegistrationStateChanged": "False", "EventData.TetheringOperationalStateChanged": "False", "EventData.TetheringClientCountChanged": "False"}
{"EventID": "4001", "Channel": "Microsoft-Windows-NetworkProfile/Operational", "Provider_Name": "Microsoft-Windows-NetworkProfile", "Computer": "DESKTOP-OFJ6N53", "TimeCreated": "2024-12-08 16:56:54.401258+00:00", "RecordID": "15701", "Level": "4", "UserID": "S-1-5-19", "EventData.InterfaceGuid": "{eb0948ce-2c9d-4bb1-b013-d4771779b95b}", "EventData.CurrentOrNextState": "0"}
{"EventID": "10000", "Channel": "Microsoft-Windows-NetworkProfile/Operational", "Provider_Name": "Microsoft-Windows-NetworkProfile", "Computer": "DESKTOP-OFJ6N53", "TimeCreated": "2024-12-08 16:56:54.401625+00:00", "RecordID": "15702", "Level": "4", "UserID": "S-1-5-19", "EventData.Name": "Идентификация...", "EventData.Description": "Идентификация...", "EventData.Guid": "{f21ebe99-8133-40f8-a020-3620a45cbef0}", "EventData.Type": "0", "EventData.State": "1", "EventData.Category": "0"}
{"EventID": "20002", "Channel": "Microsoft-Windows-NetworkProfile/Operational", "Provider_Name": "Microsoft-Windows-NetworkProfile", "Computer": "DESKTOP-OFJ6N53", "TimeCreated": "2024-12-08 16:56:54.405954+00:00", "RecordID": "15703", "Level": "4", "UserID": "S-1-5-19", "EventData.ProfileGuid": "{ffffffff-ffff-ffff-ffff-ffffffffffff}", "EventData.InterfaceGuid": "{eb0948ce-2c9d-4bb1-b013-d4771779b95b}", "EventData.Category": "0", "EventData.ErrorCodev4": "0", "EventData.ErrorCodev6": "0", "EventData.Context": "3987"}
{"EventID": "4003", "Channel": "Microsoft-Windows-NetworkProfile/Operational", "Provider_Name": "Microsoft-Windows-NetworkProfile", "Computer": "DESKTOP-OFJ6N53", "TimeCreated": "2024-12-08 16:56:55.620293+00:00", "RecordID": "15704", "Level": "4", "UserID": "S-1-5-19", "EventData.InterfaceGuid": "{eb0948ce-2c9d-4bb1-b013-d4771779b95b}", "EventData.CurrentOrNextState": "2"}
{"EventID": "10000", "Channel": "Microsoft-Windows-NetworkProfile/Operational", "Provider_Name": "Microsoft-Windows-NetworkProfile", "Computer": "DESKTOP-OFJ6N53", "TimeCreated": "2024-12-08 16:56:55.620358+00:00", "RecordID": "15705", "Level": "4", "UserID": "S-1-5-19", "EventData.Name": "Неопознанная сеть", "EventData.Description": "Неопознанная сеть", "EventData.Guid": "{08d4bf12-e77f-4030-9ea5-40581f9ad533}", "EventData.Type": "0", "EventData.State": "1", "EventData.Category": "0"}
{"EventID": "4004", "Channel": "Microsoft-Windows-NetworkProfile/Operational", "Provider_Name": "Microsoft-Windows-NetworkProfile", "Computer": "DESKTOP-OFJ6N53", "TimeCreated": "2024-12-08 16:56:56.764965+00:00", "RecordID": "15706", "Level": "4", "UserID": "S-1-5-19", "EventData.NewInternetConnectionProfile": "False", "EventData.ConnectionCostChanged": "False", "EventData.DomainConnectivityLevelChanged": "False", "EventData.NetworkConnectivityLevelChanged": "True", "EventData.HostNameChanged": "True", "EventData.WwanRegistrationStateChanged": "False", "EventData.TetheringOperationalStateChanged": "False", "EventData.TetheringClientCountChanged": "False"}
{"EventID": "4002", "Channel": "Microsoft-Windows-NetworkProfile/Operational", "Provider_Name": "Microsoft-Windows-NetworkProfile", "Computer": "DESKTOP-OFJ6N53", "TimeCreated": "2024-12-08 16:56:58.979029+00:00", "RecordID": "15707", "Level": "4", "UserID": "S-1-5-19", "EventData.InterfaceGuid": "{eb0948ce-2c9d-4bb1-b013-d4771779b95b}", "EventData.CurrentOrNextState": "1"}
{"EventID": "20002", "Channel": "Microsoft-Windows-NetworkProfile/Operational", "Provider_Name": "Microsoft-Windows-NetworkProfile", "Computer": "DESKTOP-OFJ6N53", "TimeCreated": "2024-12-08 16:56:58.981167+00:00", "RecordID": "15708", "Level": "4", "UserID": "S-1-5-19", "EventData.ProfileGuid": "{b05282b2-9a7d-4296-bcbe-97f67466924a}", "EventData.InterfaceGuid": "{eb0948ce-2c9d-4bb1-b013-d4771779b95b}", "EventData.Category": "1", "EventData.ErrorCodev4": "0", "EventData.ErrorCodev6": "0", "EventData.Context": "3987"}
{"EventID": "10000", "Channel": "Microsoft-Windows-NetworkProfile/Operational", "Provider_Name": "Microsoft-Windows-NetworkProfile", "Computer": "DESKTOP-OFJ6N53", "TimeCreated": "2024-12-08 16:56:58.983389+00:00", "RecordID": "15709", "Level": "4", "UserID": "S-1-5-19", "EventData.Name": "Сеть 2", "EventData.Description": "Сеть", "EventData.Guid": "{b05282b2-9a7d-4296-bcbe-97f67466924a}", "EventData.Type": "0", "EventData.State": "1", "EventData.Category": "1"}
{"EventID": "4004", "Channel": "Microsoft-Windows-NetworkProfile/Operational", "Provider_Name": "Microsoft-Windows-NetworkProfile", "Computer": "DESKTOP-OFJ6N53", "TimeCreated": "2024-12-08 16:57:01.017685+00:00", "RecordID": "15710", "Level": "4", "UserID": "S-1-5-19", "EventData.NewInternetConnectionProfile": "True", "EventData.ConnectionCostChanged": "False", "EventData.DomainConnectivityLevelChanged": "False", "EventData.NetworkConnectivityLevelChanged": "True", "EventData.HostNameChanged": "False", "EventData.WwanRegistrationStateChanged": "False", "EventData.TetheringOperationalStateChanged": "False", "EventData.TetheringClientCountChanged": "False"}
