{"EventID": "478", "Channel": "Microsoft-Windows-AppXDeploymentServer/Operational", "Provider_Name": "Microsoft-Windows-AppXDeployment-Server", "Computer": "DESKTOP-OFJ6N53", "TimeCreated": "2025-07-30 23:37:26.311127+00:00", "RecordID": "114980", "Level": "5", "UserID": "S-1-5-18", "EventData.DeploymentOperation": "4", "EventData.PackageFullName": "Microsoft.MicrosoftOfficeHub_19.2507.57011.0_x64__8wekyb3d8bbwe", "EventData.Path": "(94cdafecbbf65bc088341ad46916eca485c9f985)", "EventData.MountPoint": "C:", "EventData.TargetPlatform": "0x00000003", "EventData.SystemVolume": "True", "EventData.StorageId": "\\\\?\\Volume{c33a8663-71a2-4031-8cec-c21914fe12ad}", "EventData.IsCentennial": "True", "EventData.PackageType": "0x00000001", "EventData.IsPackageEncrypted": "False", "EventData.DeploymentOptions": "0x0040008004000010", "EventData.IsStreamingPackage": "False", "EventData.IsInRelatedSet": "False", "EventData.IsPackageUsingBDC": "False", "EventData.MainPackageFamilyName": "NULL", "EventData.CallingProcess": "svchost.exe,wuauserv", "EventData.IsOptional": "False", "EventData.PackageFlags": "0x0080804c", "EventData.PackageFlags2": "0x00000800", "EventData.HasWin32alacarte": "False", "EventData.HasFullTrust": "True", "EventData.ExternalLocation": null, "EventData.PackageSourceUri": "x-windowsupdate://5FE0EF94-F6AF-4D14-B1D1-C1B6EA407777/EAAC6C6B-10A4-4659-815B-44F151ECA61A/94cdafecbbf65bc088341ad46916eca485c9f985"}
{"EventID": "649", "Channel": "Microsoft-Windows-AppXDeploymentServer/Operational", "Provider_Name": "Microsoft-Windows-AppXDeployment-Server", "Computer": "DESKTOP-OFJ6N53", "TimeCreated": "2025-07-30 23:37:26.324390+00:00", "RecordID": "114981", "Level": "4", "UserID": "S-1-5-18", "EventData.DeploymentOperation": "4", "EventData.PackageFullName": "Microsoft.MicrosoftOfficeHub_2025.727.1811.0_neutral_~_8wekyb3d8bbwe", "EventData.Summary": "PostDeploymentOperationCheck cost: 0 ms"}
{"EventID": "613", "Channel": "Microsoft-Windows-AppXDeploymentServer/Operational", "Provider_Name": "Microsoft-Windows-AppXDeployment-Server", "Computer": "DESKTOP-OFJ6N53", "TimeCreated": "2025-07-30 23:37:26.399595+00:00", "RecordID": "114982", "Level": "4", "UserID": "S-1-5-18", "EventData.DeploymentOperation": "4", "EventData.PackageFullName": "Microsoft.MicrosoftOfficeHub_2025.727.1811.0_neutral_~_8wekyb3d8bbwe", "EventData.Summary": "Overall time: 11672 ms\nEnqueue cost: 1062 ms\nDequeue delay: 0 ms\nBundle processing cost: 1578 ms\nIndexing cost: 297 ms\nResolve dependency cost: 0 ms\nGap: 16 ms\nCheck approval cost: 109 ms\nEvaluation cost: 2453 ms\nHardlinking evaluation cost: 156 ms\nStage required cost: 4922 ms\nFlushing and closing files cost: 94 ms\nGap: 16 ms\nMachine register cost: 359 ms\nStage user data cost: 0 ms\nRegistration cost: 0 ms\nRepository commit transaction cost: 766 ms\nGap: 16 ms\nData flush cost: 0 ms\nPost DeStage repository commit transaction cost: 0 ms\nRemaining cost: 78 ms"}
{"EventID": "603", "Channel": "Microsoft-Windows-AppXDeploymentServer/Operational", "Provider_Name": "Microsoft-Windows-AppXDeployment-Server", "Computer": "DESKTOP-OFJ6N53", "TimeCreated": "2025-07-30 23:37:27.956537+00:00", "RecordID": "114983", "Level": "4", "UserID": "S-1-5-21-963789628-1060504924-4285088085-1001", "EventData.DeploymentOperation": "20", "EventData.Path": "Microsoft.MicrosoftOfficeHub_8wekyb3d8bbwe", "EventData.Flags": "67127296", "EventData.FlagsHigh": "262144", "EventData.CallingProcess": "svchost.exe,wuauserv", "EventData.ExternalLocation": null}
{"EventID": "10002", "Channel": "Microsoft-Windows-AppXDeploymentServer/Operational", "Provider_Name": "Microsoft-Windows-AppXDeployment-Server", "Computer": "DESKTOP-OFJ6N53", "TimeCreated": "2025-07-30 23:37:27.982470+00:00", "RecordID": "114984", "Level": "5", "UserID": "S-1-5-18", "EventData.DeploymentOperation": "6", "EventData.MainPackageMoniker": "Microsoft.MicrosoftOfficeHub_2025.727.1811.0_neutral_~_8wekyb3d8bbwe", "EventData.ResiliencyFilePath": "C:\\ProgramData\\Microsoft\\Windows\\AppRepository\\0dae54b3-c459-452a-8ce3-5ec6100e00ba_S-1-5-21-963789628-1060504924-4285088085-1001_3.rslc"}
{"EventID": "607", "Channel": "Microsoft-Windows-AppXDeploymentServer/Operational", "Provider_Name": "Microsoft-Windows-AppXDeployment-Server", "Computer": "DESKTOP-OFJ6N53", "TimeCreated": "2025-07-30 23:37:27.983166+00:00", "RecordID": "114985", "Level": "4", "UserID": "S-1-5-21-963789628-1060504924-4285088085-1001", "EventData.DeploymentOperation": "6", "EventData.PackageFullName": "Microsoft.MicrosoftOfficeHub_2025.727.1811.0_neutral_~_8wekyb3d8bbwe", "EventData.UserSid": "S-1-5-21-963789628-1060504924-4285088085-1001", "EventData.CallingProcess": "svchost.exe,wuauserv"}
{"EventID": "614", "Channel": "Microsoft-Windows-AppXDeploymentServer/Operational", "Provider_Name": "Microsoft-Windows-AppXDeployment-Server", "Computer": "DESKTOP-OFJ6N53", "TimeCreated": "2025-07-30 23:37:27.991447+00:00", "RecordID": "114986", "Level": "5", "UserID": "S-1-5-21-963789628-1060504924-4285088085-1001", "EventData.PathOne": "C:\\Program Files\\WindowsApps\\Microsoft.MicrosoftOfficeHub_2025.727.1811.0_neutral_~_8wekyb3d8bbwe\\AppxMetadata\\AppxBundleManifest.xml", "EventData.PathTwo": "\"OfficeApp_19.2507.57011.0_x64.msix\": Microsoft.MicrosoftOfficeHub_19.2507.57011.0_x64__8wekyb3d8bbwe \"OfficeApp_19.2507.57011.0_ARM64.msix\": Microsoft.MicrosoftOfficeHub_19.2507.57011.0_arm64__8wekyb3d8bbwe \"OfficeApp_19.2507.57011.0_language-af.msix\": Microsoft.MicrosoftOfficeHub_19.2507.57011.0_neutral_split.language-af_8wekyb3d8bbwe \"OfficeApp_19.2507.57011.0_language-am.msix\": Microsoft.MicrosoftOfficeHub_19.2507.57011.0_neutral_split.language-am_8wekyb3d8bbwe \"OfficeApp_19.2507.57011.0_language-ar.msix\": Microsoft.MicrosoftOfficeHub_19.2507.57011.0_neutral_split.language-ar_8wekyb3d8bbwe \"OfficeApp_19.2507.57011.0_language-as.msix\": Microsoft.MicrosoftOfficeHub_19.2507.57011.0_neutral_split.language-as_8wekyb3d8bbwe \"OfficeApp_19.2507.57011.0_language-az-latn.msix\": Microsoft.MicrosoftOfficeHub_19.2507.57011.0_neutral_split.language-az-latn_8wekyb3d8bbwe \"OfficeApp_19.2507.57011.0_language-bg.msix\": Microsoft.MicrosoftOfficeHub_19.2507.57011.0_neutral_split.language-bg_8wekyb3d8bbwe \"OfficeApp_19.2507.57011.0_language-bn.msix\": Microsoft.MicrosoftOfficeHub_19.2507.57011.0_neutral_split.language-bn_8wekyb3d8bbwe \"OfficeApp_19.2507.57011.0_language-bs.msix\": Microsoft.MicrosoftOfficeHub_19.2507.57011.0_neutral_split.language-bs_8wekyb3d8bbwe \"OfficeApp_19.2507.57011.0_language-ca.msix\": Microsoft.MicrosoftOfficeHub_19.2507.57011.0_neutral_split.language-ca_8wekyb3d8bbwe \"OfficeApp_19.2507.57011.0_language-cs.msix\": Microsoft.MicrosoftOfficeHub_19.2507.57011.0_neutral_split.language-cs_8wekyb3d8bbwe \"OfficeApp_19.2507.57011.0_language-cy.msix\": Microsoft.MicrosoftOfficeHub_19.2507.57011.0_neutral_split.language-cy_8wekyb3d8bbwe \"OfficeApp_19.2507.57011.0_language-da.msix\": Microsoft.MicrosoftOfficeHub_19.2507.57011.0_neutral_split.language-da_8wekyb3d8bbwe \"OfficeApp_19.2507.57011.0_language-de.msix\": Microsoft.MicrosoftOfficeHub_19.2507.57011.0_neutral_split.language-de_8wekyb3d8bbwe \"OfficeApp_19.2507.57011.0_language-el.msix\": Microsoft.MicrosoftOfficeHub_19.2507.57011.0_neutral_split.language-el_8wekyb3d8bbwe \"OfficeApp_19.2507.57011.0_language-es.msix\": Microsoft.MicrosoftOfficeHub_19.2507.57011.0_neutral_split.language-es_8wekyb3d8bbwe \"OfficeApp_19.2507.57011.0_language-et.msix\": Microsoft.MicrosoftOfficeHub_19.2507.57011.0_neutral_split.language-et_8wekyb3d8bbwe \"OfficeApp_19.2507.57011.0_language-eu.msix\": Microsoft.MicrosoftOfficeHub_19.2507.57011.0_neutral_split.language-eu_8wekyb3d8bbwe \"OfficeApp_19.2507.57011.0_language-fa.msix\": Microsoft.MicrosoftOfficeHub_19.2507.57011.0_neutral_split.language-fa_8wekyb3d8bbwe \"OfficeApp_19.2507.57011.0_language-fi.msix\": Microsoft.MicrosoftOfficeHub_19.2507.57011.0_neutral_split.language-fi_8wekyb3d8bbwe \"OfficeApp_19.2507.57011.0_language-fil-latn.msix\": Microsoft.MicrosoftOfficeHub_19.2507.57011.0_neutral_split.language-fil-latn_8wekyb3d8bbwe \"OfficeApp_19.2507.57011.0_language-fr.msix\": Microsoft.MicrosoftOfficeHub_19.2507.57011.0_neutral_split.language-fr_8wekyb3d8bbwe \"OfficeApp_19.2507.57011.0_language-ga.msix\": Microsoft.MicrosoftOfficeHub_19.2507.57011.0_neutral_split.language-ga_8wekyb3d8bbwe \"OfficeApp_19.2507.57011.0_language-gd-latn.msix\": Microsoft.MicrosoftOfficeHub_19.2507.57011.0_neutral_split.language-gd-latn_8wekyb3d8bbwe \"OfficeApp_19.2507.57011.0_language-gl.msix\": Microsoft.MicrosoftOfficeHub_19.2507.57011.0_neutral_split.language-gl_8wekyb3d8bbwe \"OfficeApp_19.2507.57011.0_language-gu.msix\": Microsoft.MicrosoftOfficeHub_19.2507.57011.0_neutral_split.language-gu_8wekyb3d8bbwe \"OfficeApp_19.2507.57011.0_language-he.msix\": Microsoft.MicrosoftOfficeHub_19.2507.57011.0_neutral_split.language-he_8wekyb3d8bbwe \"OfficeApp_19.2507.57011.0_language-hi.msix\": Microsoft.MicrosoftOfficeHub_19.2507.57011.0_neutral_split.language-hi_8wekyb3d8bbwe \"OfficeApp_19.2507.57011.0_language-hr.msix\": Microsoft.MicrosoftOfficeHub_19.2507.57011.0_neutral_split.language-hr_8wekyb3d8bbwe \"OfficeApp_19.2507.57011.0_language-hu.msix\": Microsoft.MicrosoftOfficeHub_19.2507.57011.0_neutral_split.language-hu_8wekyb3d8bbwe \"OfficeApp_19.2507.57011.0_language-id.msix\": Microsoft.MicrosoftOfficeHub_19.2507.57011.0_neutral_split.language-id_8wekyb3d8bbwe \"OfficeApp_19.2507.57011.0_language-is.msix\": Microsoft.MicrosoftOfficeHub_19.2507.57011.0_neutral_split.language-is_8wekyb3d8bbwe \"OfficeApp_19.2507.57011.0_language-it.msix\": Microsoft.MicrosoftOfficeHub_19.2507.57011.0_neutral_split.language-it_8wekyb3d8bbwe \"OfficeApp_19.2507.57011.0_language-ja.msix\": Microsoft.MicrosoftOfficeHub_19.2507.57011.0_neutral_split.language-ja_8wekyb3d8bbwe \"OfficeApp_19.2507.57011.0_language-ka.msix\": Microsoft.MicrosoftOfficeHub_19.2507.57011.0_neutral_split.language-ka_8wekyb3d8bbwe \"OfficeApp_19.2507.57011.0_language-kk.msix\": Microsoft.MicrosoftOfficeHub_19.2507.57011.0_neutral_split.language-kk_8wekyb3d8bbwe \"OfficeApp_19.2507.57011.0_language-km.msix\": Microsoft.MicrosoftOfficeHub_19.2507.57011.0_neutral_split.language-km_8wekyb3d8bbwe \"OfficeApp_19.2507.57011.0_language-kn.msix\": Microsoft.MicrosoftOfficeHub_19.2507.57011.0_neutral_split.language-kn_8wekyb3d8bbwe \"OfficeApp_19.2507.57011.0_language-ko.msix\": Microsoft.MicrosoftOfficeHub_19.2507.57011.0_neutral_split.language-ko_8wekyb3d8bbwe \"OfficeApp_19.2507.57011.0_language-kok.msix\": Microsoft.MicrosoftOfficeHub_19.2507.57011.0_neutral_split.language-kok_8wekyb3d8bbwe \"OfficeApp_19.2507.57011.0_language-lb.msix\": Microsoft.MicrosoftOfficeHub_19.2507.57011.0_neutral_split.language-lb_8wekyb3d8bbwe \"OfficeApp_19.2507.57011.0_language-lo.msix\": Microsoft.MicrosoftOfficeHub_19.2507.57011.0_neutral_split.language-lo_8wekyb3d8bbwe \"OfficeApp_19.2507.57011.0_language-lt.msix\": Microsoft.MicrosoftOfficeHub_19.2507.57011.0_neutral_split.language-lt_8wekyb3d8bbwe \"OfficeApp_19.2507.57011.0_language-lv.msix\": Microsoft.MicrosoftOfficeHub_19.2507.57011.0_neutral_split.language-lv_8wekyb3d8bbwe \"OfficeApp_19.2507.57011.0_language-mi-latn.msix\": Microsoft.MicrosoftOfficeHub_19.2507.57011.0_neutral_split.language-mi-latn_8wekyb3d8bbwe \"OfficeApp_19.2507.57011.0_language-mk.msix\": Microsoft.MicrosoftOfficeHub_19.2507.57011.0_neutral_split.language-mk_8wekyb3d8bbwe \"OfficeApp_19.2507.57011.0_language-ml.msix\": Microsoft.MicrosoftOfficeHub_19.2507.57011.0_neutral_split.language-ml_8wekyb3d8bbwe \"OfficeApp_19.2507.57011.0_language-mr.msix\": Microsoft.MicrosoftOfficeHub_19.2507.57011.0_neutral_split.language-mr_8wekyb3d8bbwe \"OfficeApp_19.2507.57011.0_language-ms.msix\": Microsoft.MicrosoftOfficeHub_19.2507.57011.0_neutral_split.language-ms_8wekyb3d8bbwe \"OfficeApp_19.2507.57011.0_language-mt.msix\": Microsoft.MicrosoftOfficeHub_19.2507.57011.0_neutral_split.language-mt_8wekyb3d8bbwe \"OfficeApp_19.2507.57011.0_language-nb.msix\": Microsoft.MicrosoftOfficeHub_19.2507.57011.0_neutral_split.language-nb_8wekyb3d8bbwe \"OfficeApp_19.2507.57011.0_language-ne.msix\": Microsoft.MicrosoftOfficeHub_19.2507.57011.0_neutral_split.language-ne_8wekyb3d8bbwe \"OfficeApp_19.2507.57011.0_language-nl.msix\": Microsoft.MicrosoftOfficeHub_19.2507.57011.0_neutral_split.language-nl_8wekyb3d8bbwe \"OfficeApp_19.2507.57011.0_language-nn.msix\": Microsoft.MicrosoftOfficeHub_19.2507.57011.0_neutral_split.language-nn_8wekyb3d8bbwe \"OfficeApp_19.2507.57011.0_language-or.msix\": Microsoft.MicrosoftOfficeHub_19.2507.57011.0_neutral_split.language-or_8wekyb3d8bbwe \"OfficeApp_19.2507.57011.0_language-pa.msix\": Microsoft.MicrosoftOfficeHub_19.2507.57011.0_neutral_split.language-pa_8wekyb3d8bbwe \"OfficeApp_19.2507.57011.0_language-pl.msix\": Microsoft.MicrosoftOfficeHub_19.2507.57011.0_neutral_split.language-pl_8wekyb3d8bbwe \"OfficeApp_19.2507.57011.0_language-pt.msix\": Microsoft.MicrosoftOfficeHub_19.2507.57011.0_neutral_split.language-pt_8wekyb3d8bbwe \"OfficeApp_19.2507.57011.0_language-quz-latn.msix\": Microsoft.MicrosoftOfficeHub_19.2507.57011.0_neutral_split.language-quz-latn_8wekyb3d8bbwe \"OfficeApp_19.2507.57011.0_language-ro.msix\": Microsoft.MicrosoftOfficeHub_19.2507.57011.0_neutral_split.language-ro_8wekyb3d8bbwe \"OfficeApp_19.2507.57011.0_language-ru.msix\": Microsoft.MicrosoftOfficeHub_19.2507.57011.0_neutral_split.language-ru_8wekyb3d8bbwe \"OfficeApp_19.2507.57011.0_language-sk.msix\": Microsoft.MicrosoftOfficeHub_19.2507.57011.0_neutral_split.language-sk_8wekyb3d8bbwe \"OfficeApp_19.2507.57011.0_language-sl.msix\": Microsoft.MicrosoftOfficeHub_19.2507.57011.0_neutral_split.language-sl_8wekyb3d8bbwe \"OfficeApp_19.2507.57011.0_language-sq.msix\": Microsoft.MicrosoftOfficeHub_19.2507.57011.0_neutral_split.language-sq_8wekyb3d8bbwe \"OfficeApp_19.2507.57011.0_language-sr-cyrl.msix\": Microsoft.MicrosoftOfficeHub_19.2507.57011.0_neutral_split.language-sr-cyrl_8wekyb3d8bbwe \"OfficeApp_19.2507.57011.0_language-sr-latn.msix\": Microsoft.MicrosoftOfficeHub_19.2507.57011.0_neutral_split.language-sr-latn_8wekyb3d8bbwe \"OfficeApp_19.2507.57011.0_language-sv.msix\": Microsoft.MicrosoftOfficeHub_19.2507.57011.0_neutral_split.language-sv_8wekyb3d8bbwe \"OfficeApp_19.2507.57011.0_language-ta.msix\": Microsoft.MicrosoftOfficeHub_19.2507.57011.0_neutral_split.language-ta_8wekyb3d8bbwe \"OfficeApp_19.2507.57011.0_language-te.msix\": Microsoft.MicrosoftOfficeHub_19.2507.57011.0_neutral_split.language-te_8wekyb3d8bbwe \"OfficeApp_19.2507.57011.0_language-th.msix\": Microsoft.MicrosoftOfficeHub_19.2507.57011.0_neutral_split.language-th_8wekyb3d8bbwe \"OfficeApp_19.2507.57011.0_language-tr.msix\": Microsoft.MicrosoftOfficeHub_19.2507.57011.0_neutral_split.language-tr_8wekyb3d8bbwe \"OfficeApp_19.2507.57011.0_language-tt-cyrl.msix\": Microsoft.MicrosoftOfficeHub_19.2507.57011.0_neutral_split.language-tt-cyrl_8wekyb3d8bbwe \"OfficeApp_19.2507.57011.0_language-ug-arab.msix\": Microsoft.MicrosoftOfficeHub_19.2507.57011.0_neutral_split.language-ug-arab_8wekyb3d8bbwe \"OfficeApp_19.2507.57011.0_language-uk.msix\": Microsoft.MicrosoftOfficeHub_19.2507.57011.0_neutral_split.language-uk_8wekyb3d8bbwe \"OfficeApp_19.2507.57011.0_language-ur.msix\": Microsoft.MicrosoftOfficeHub_19.2507.57011.0_neutral_split.language-ur_8wekyb3d8bbwe \"OfficeApp_19.2507.57011.0_language-vi.msix\": Microsoft.MicrosoftOfficeHub_19.2507.57011.0_neutral_split.language-vi_8wekyb3d8bbwe \"OfficeApp_19.2507.57011.0_language-zh-hans.msix\": Microsoft.MicrosoftOfficeHub_19.2507.57011.0_neutral_split.language-zh-hans_8wekyb3d8bbwe \"OfficeApp_19.2507.57011.0_language-zh-hant.msix\": Microsoft.MicrosoftOfficeHub_19.2507.57011.0_neutral_split.language-zh-hant_8wekyb3d8bbwe \"OfficeApp_19.2507.57011.0_scale-100.msix\": Microsoft.MicrosoftOfficeHub_19.2507.57011.0_neutral_split.scale-100_8wekyb3d8bbwe \"OfficeApp_19.2507.57011.0_scale-125.msix\": Microsoft.MicrosoftOfficeHub_19.2507.57011.0_neutral_split.scale-125_8wekyb3d8bbwe \"OfficeApp_19.2507.57011.0_scale-140.msix\": Microsoft.MicrosoftOfficeHub_19.2507.57011.0_neutral_split.scale-140_8wekyb3d8bbwe \"OfficeApp_19.2507.57011.0_scale-150.msix\": Microsoft.MicrosoftOfficeHub_19.2507.57011.0_neutral_split.scale-150_8wekyb3d8bbwe \"OfficeApp_19.2507.57011.0_scale-180.msix\": Microsoft.MicrosoftOfficeHub_19.2507.57011.0_neutral_split.scale-180_8wekyb3d8bbwe \"OfficeApp_19.2507.57011.0_scale-300.msix\": Microsoft.MicrosoftOfficeHub_19.2507.57011.0_neutral_split.scale-300_8wekyb3d8bbwe \"OfficeApp_19.2507.57011.0_scale-400.msix\": Microsoft.MicrosoftOfficeHub_19.2507.57011.0_neutral_split.scale-400_8wekyb3d8bbwe"}
{"EventID": "854", "Channel": "Microsoft-Windows-AppXDeploymentServer/Operational", "Provider_Name": "Microsoft-Windows-AppXDeployment-Server", "Computer": "DESKTOP-OFJ6N53", "TimeCreated": "2025-07-30 23:37:28.002180+00:00", "RecordID": "114987", "Level": "4", "UserID": "S-1-5-21-963789628-1060504924-4285088085-1001", "EventData.Path": "C:\\Program Files\\WindowsApps\\Microsoft.MicrosoftOfficeHub_2025.727.1811.0_neutral_~_8wekyb3d8bbwe\\AppxMetadata\\AppxBundleManifest.xml C:\\Program Files\\WindowsApps\\Microsoft.MicrosoftOfficeHub_19.2507.57011.0_x64__8wekyb3d8bbwe\\AppxManifest.xml C:\\Program Files\\WindowsApps\\Microsoft.MicrosoftOfficeHub_19.2507.57011.0_neutral_split.scale-100_8wekyb3d8bbwe\\AppxManifest.xml C:\\Program Files\\WindowsApps\\Microsoft.MicrosoftOfficeHub_19.2507.57011.0_neutral_split.scale-125_8wekyb3d8bbwe\\AppxManifest.xml C:\\Program Files\\WindowsApps\\Microsoft.MicrosoftOfficeHub_19.2507.57011.0_neutral_split.language-ru_8wekyb3d8bbwe\\AppxManifest.xml"}
{"EventID": "855", "Channel": "Microsoft-Windows-AppXDeploymentServer/Operational", "Provider_Name": "Microsoft-Windows-AppXDeployment-Server", "Computer": "DESKTOP-OFJ6N53", "TimeCreated": "2025-07-30 23:37:28.108660+00:00", "RecordID": "114988", "Level": "4", "UserID": "S-1-5-21-963789628-1060504924-4285088085-1001", "EventData.PackageMoniker": "updateList: Microsoft.MicrosoftOfficeHub_19.2507.56041.0_neutral_~_8wekyb3d8bbwe is updating to Microsoft.MicrosoftOfficeHub_2025.727.1811.0_neutral_~_8wekyb3d8bbwe Microsoft.MicrosoftOfficeHub_19.2507.56041.0_x64__8wekyb3d8bbwe is updating to Microsoft.MicrosoftOfficeHub_19.2507.57011.0_x64__8wekyb3d8bbwe Microsoft.MicrosoftOfficeHub_19.2507.56041.0_neutral_split.scale-100_8wekyb3d8bbwe is updating to Microsoft.MicrosoftOfficeHub_19.2507.57011.0_neutral_split.scale-100_8wekyb3d8bbwe Microsoft.MicrosoftOfficeHub_19.2507.56041.0_neutral_split.scale-125_8wekyb3d8bbwe is updating to Microsoft.MicrosoftOfficeHub_19.2507.57011.0_neutral_split.scale-125_8wekyb3d8bbwe Microsoft.MicrosoftOfficeHub_19.2507.56041.0_neutral_split.language-ru_8wekyb3d8bbwe is updating to Microsoft.MicrosoftOfficeHub_19.2507.57011.0_neutral_split.language-ru_8wekyb3d8bbwe"}
{"EventID": "9645", "Channel": "Microsoft-Windows-AppXDeploymentServer/Operational", "Provider_Name": "Microsoft-Windows-AppXDeployment-Server", "Computer": "DESKTOP-OFJ6N53", "TimeCreated": "2025-07-30 23:37:28.223112+00:00", "RecordID": "114989", "Level": "5", "UserID": "S-1-5-21-963789628-1060504924-4285088085-1001", "EventData.ErrorCode": "0x00000000", "EventData.String": "Microsoft.MicrosoftOfficeHub_19.2507.56041.0_x64__8wekyb3d8bbwe"}
{"EventID": "10000", "Channel": "Microsoft-Windows-AppXDeploymentServer/Operational", "Provider_Name": "Microsoft-Windows-AppXDeployment-Server", "Computer": "DESKTOP-OFJ6N53", "TimeCreated": "2025-07-30 23:37:28.224527+00:00", "RecordID": "114990", "Level": "5", "UserID": "S-1-5-18", "EventData.PackageFullName": "Microsoft.MicrosoftOfficeHub_19.2507.56041.0_x64__8wekyb3d8bbwe", "EventData.ErrorCode": "0x00000000"}
{"EventID": "10000", "Channel": "Microsoft-Windows-AppXDeploymentServer/Operational", "Provider_Name": "Microsoft-Windows-AppXDeployment-Server", "Computer": "DESKTOP-OFJ6N53", "TimeCreated": "2025-07-30 23:37:28.224752+00:00", "RecordID": "114991", "Level": "5", "UserID": "S-1-5-18", "EventData.PackageFullName": "Microsoft.MicrosoftOfficeHub_19.2507.57011.0_x64__8wekyb3d8bbwe", "EventData.ErrorCode": "0x00000000"}
{"EventID": "9645", "Channel": "Microsoft-Windows-AppXDeploymentServer/Operational", "Provider_Name": "Microsoft-Windows-AppXDeployment-Server", "Computer": "DESKTOP-OFJ6N53", "TimeCreated": "2025-07-30 23:37:28.244587+00:00", "RecordID": "114992", "Level": "5", "UserID": "S-1-5-21-963789628-1060504924-4285088085-1001", "EventData.ErrorCode": "0x00000000", "EventData.String": "Microsoft.MicrosoftOfficeHub_19.2507.56041.0_x64__8wekyb3d8bbwe"}
{"EventID": "5506", "Channel": "Microsoft-Windows-AppXDeploymentServer/Operational", "Provider_Name": "Microsoft-Windows-AppXDeployment-Server", "Computer": "DESKTOP-OFJ6N53", "TimeCreated": "2025-07-30 23:37:28.393778+00:00", "RecordID": "114993", "Level": "5", "UserID": "S-1-5-18", "EventData.PackageName": "Microsoft.MicrosoftOfficeHub_19.2507.57011.0_x64__8wekyb3d8bbwe", "EventData.FilePath": "C:\\Program Files\\WindowsApps\\Microsoft.MicrosoftOfficeHub_19.2507.57011.0_x64__8wekyb3d8bbwe\\microsoft.system.package.metadata\\resources.688023a2.pri", "EventData.Message": "Created shared merged PRI file"}
{"EventID": "5505", "Channel": "Microsoft-Windows-AppXDeploymentServer/Operational", "Provider_Name": "Microsoft-Windows-AppXDeployment-Server", "Computer": "DESKTOP-OFJ6N53", "TimeCreated": "2025-07-30 23:37:28.395247+00:00", "RecordID": "114994", "Level": "5", "UserID": "S-1-5-18", "EventData.PackageName": "Microsoft.MicrosoftOfficeHub_19.2507.57011.0_x64__8wekyb3d8bbwe", "EventData.FilePath": "C:\\Program Files\\WindowsApps\\Microsoft.MicrosoftOfficeHub_19.2507.57011.0_x64__8wekyb3d8bbwe\\microsoft.system.package.metadata\\S-1-5-21-963789628-1060504924-4285088085-1001-MergedResources-86.pri", "EventData.Message": "Linked user-specific merged PRI file"}
{"EventID": "8100", "Channel": "Microsoft-Windows-AppXDeploymentServer/Operational", "Provider_Name": "Microsoft-Windows-AppXDeployment-Server", "Computer": "DESKTOP-OFJ6N53", "TimeCreated": "2025-07-30 23:37:28.419889+00:00", "RecordID": "114995", "Level": "5", "UserID": "S-1-5-18", "EventData.PackageFullName": "Microsoft.MicrosoftOfficeHub_19.2507.57011.0_x64__8wekyb3d8bbwe", "EventData.Flags": "0x00000009"}
{"EventID": "8106", "Channel": "Microsoft-Windows-AppXDeploymentServer/Operational", "Provider_Name": "Microsoft-Windows-AppXDeployment-Server", "Computer": "DESKTOP-OFJ6N53", "TimeCreated": "2025-07-30 23:37:28.422304+00:00", "RecordID": "114996", "Level": "5", "UserID": "S-1-5-18", "EventData.PackageFullName": "Microsoft.MicrosoftOfficeHub_19.2507.57011.0_x64__8wekyb3d8bbwe", "EventData.Flags": "0x00000009"}
{"EventID": "8101", "Channel": "Microsoft-Windows-AppXDeploymentServer/Operational", "Provider_Name": "Microsoft-Windows-AppXDeployment-Server", "Computer": "DESKTOP-OFJ6N53", "TimeCreated": "2025-07-30 23:37:28.422323+00:00", "RecordID": "114997", "Level": "5", "UserID": "S-1-5-18", "EventData.PackageFullName": "Microsoft.MicrosoftOfficeHub_19.2507.57011.0_x64__8wekyb3d8bbwe", "EventData.Flags": "0x00000009"}
{"EventID": "8100", "Channel": "Microsoft-Windows-AppXDeploymentServer/Operational", "Provider_Name": "Microsoft-Windows-AppXDeployment-Server", "Computer": "DESKTOP-OFJ6N53", "TimeCreated": "2025-07-30 23:37:28.422325+00:00", "RecordID": "114998", "Level": "5", "UserID": "S-1-5-18", "EventData.PackageFullName": "Microsoft.MicrosoftOfficeHub_19.2507.57011.0_neutral_split.scale-100_8wekyb3d8bbwe", "EventData.Flags": "0x00000009"}
{"EventID": "8106", "Channel": "Microsoft-Windows-AppXDeploymentServer/Operational", "Provider_Name": "Microsoft-Windows-AppXDeployment-Server", "Computer": "DESKTOP-OFJ6N53", "TimeCreated": "2025-07-30 23:37:28.424438+00:00", "RecordID": "114999", "Level": "5", "UserID": "S-1-5-18", "EventData.PackageFullName": "Microsoft.MicrosoftOfficeHub_19.2507.57011.0_neutral_split.scale-100_8wekyb3d8bbwe", "EventData.Flags": "0x00000009"}
{"EventID": "8101", "Channel": "Microsoft-Windows-AppXDeploymentServer/Operational", "Provider_Name": "Microsoft-Windows-AppXDeployment-Server", "Computer": "DESKTOP-OFJ6N53", "TimeCreated": "2025-07-30 23:37:28.424454+00:00", "RecordID": "115000", "Level": "5", "UserID": "S-1-5-18", "EventData.PackageFullName": "Microsoft.MicrosoftOfficeHub_19.2507.57011.0_neutral_split.scale-100_8wekyb3d8bbwe", "EventData.Flags": "0x00000009"}
{"EventID": "8100", "Channel": "Microsoft-Windows-AppXDeploymentServer/Operational", "Provider_Name": "Microsoft-Windows-AppXDeployment-Server", "Computer": "DESKTOP-OFJ6N53", "TimeCreated": "2025-07-30 23:37:28.424458+00:00", "RecordID": "115001", "Level": "5", "UserID": "S-1-5-18", "EventData.PackageFullName": "Microsoft.MicrosoftOfficeHub_19.2507.57011.0_neutral_split.scale-125_8wekyb3d8bbwe", "EventData.Flags": "0x00000009"}
{"EventID": "8106", "Channel": "Microsoft-Windows-AppXDeploymentServer/Operational", "Provider_Name": "Microsoft-Windows-AppXDeployment-Server", "Computer": "DESKTOP-OFJ6N53", "TimeCreated": "2025-07-30 23:37:28.426369+00:00", "RecordID": "115002", "Level": "5", "UserID": "S-1-5-18", "EventData.PackageFullName": "Microsoft.MicrosoftOfficeHub_19.2507.57011.0_neutral_split.scale-125_8wekyb3d8bbwe", "EventData.Flags": "0x00000009"}
{"EventID": "8101", "Channel": "Microsoft-Windows-AppXDeploymentServer/Operational", "Provider_Name": "Microsoft-Windows-AppXDeployment-Server", "Computer": "DESKTOP-OFJ6N53", "TimeCreated": "2025-07-30 23:37:28.426380+00:00", "RecordID": "115003", "Level": "5", "UserID": "S-1-5-18", "EventData.PackageFullName": "Microsoft.MicrosoftOfficeHub_19.2507.57011.0_neutral_split.scale-125_8wekyb3d8bbwe", "EventData.Flags": "0x00000009"}
{"EventID": "8100", "Channel": "Microsoft-Windows-AppXDeploymentServer/Operational", "Provider_Name": "Microsoft-Windows-AppXDeployment-Server", "Computer": "DESKTOP-OFJ6N53", "TimeCreated": "2025-07-30 23:37:28.426384+00:00", "RecordID": "115004", "Level": "5", "UserID": "S-1-5-18", "EventData.PackageFullName": "Microsoft.MicrosoftOfficeHub_19.2507.57011.0_neutral_split.language-ru_8wekyb3d8bbwe", "EventData.Flags": "0x00000009"}
{"EventID": "8106", "Channel": "Microsoft-Windows-AppXDeploymentServer/Operational", "Provider_Name": "Microsoft-Windows-AppXDeployment-Server", "Computer": "DESKTOP-OFJ6N53", "TimeCreated": "2025-07-30 23:37:28.428156+00:00", "RecordID": "115005", "Level": "5", "UserID": "S-1-5-18", "EventData.PackageFullName": "Microsoft.MicrosoftOfficeHub_19.2507.57011.0_neutral_split.language-ru_8wekyb3d8bbwe", "EventData.Flags": "0x00000009"}
{"EventID": "8101", "Channel": "Microsoft-Windows-AppXDeploymentServer/Operational", "Provider_Name": "Microsoft-Windows-AppXDeployment-Server", "Computer": "DESKTOP-OFJ6N53", "TimeCreated": "2025-07-30 23:37:28.428165+00:00", "RecordID": "115006", "Level": "5", "UserID": "S-1-5-18", "EventData.PackageFullName": "Microsoft.MicrosoftOfficeHub_19.2507.57011.0_neutral_split.language-ru_8wekyb3d8bbwe", "EventData.Flags": "0x00000009"}
{"EventID": "5507", "Channel": "Microsoft-Windows-AppXDeploymentServer/Operational", "Provider_Name": "Microsoft-Windows-AppXDeployment-Server", "Computer": "DESKTOP-OFJ6N53", "TimeCreated": "2025-07-30 23:37:28.624315+00:00", "RecordID": "115007", "Level": "5", "UserID": "S-1-5-21-963789628-1060504924-4285088085-1001", "EventData.PackageName": "Microsoft.MicrosoftOfficeHub_19.2507.57011.0_x64__8wekyb3d8bbwe", "EventData.FilePath": "S-1-5-21-963789628-1060504924-4285088085-1001-MergedResources-86.pri", "EventData.Message": "Current user-specific merged PRI file ignored"}
{"EventID": "5507", "Channel": "Microsoft-Windows-AppXDeploymentServer/Operational", "Provider_Name": "Microsoft-Windows-AppXDeployment-Server", "Computer": "DESKTOP-OFJ6N53", "TimeCreated": "2025-07-30 23:37:28.624481+00:00", "RecordID": "115008", "Level": "5", "UserID": "S-1-5-21-963789628-1060504924-4285088085-1001", "EventData.PackageName": "Microsoft.MicrosoftOfficeHub_19.2507.57011.0_x64__8wekyb3d8bbwe", "EventData.FilePath": "resources.688023a2.pri", "EventData.Message": "Current shared merged PRI file ignored"}
{"EventID": "5507", "Channel": "Microsoft-Windows-AppXDeploymentServer/Operational", "Provider_Name": "Microsoft-Windows-AppXDeployment-Server", "Computer": "DESKTOP-OFJ6N53", "TimeCreated": "2025-07-30 23:37:28.624739+00:00", "RecordID": "115009", "Level": "5", "UserID": "S-1-5-21-963789628-1060504924-4285088085-1001", "EventData.PackageName": "Microsoft.MicrosoftOfficeHub_19.2507.57011.0_x64__8wekyb3d8bbwe", "EventData.FilePath": "S-1-5-21-963789628-1060504924-4285088085-1001-MergedResources-86.pri", "EventData.Message": "Current user-specific merged PRI file ignored"}
{"EventID": "5507", "Channel": "Microsoft-Windows-AppXDeploymentServer/Operational", "Provider_Name": "Microsoft-Windows-AppXDeployment-Server", "Computer": "DESKTOP-OFJ6N53", "TimeCreated": "2025-07-30 23:37:28.624882+00:00", "RecordID": "115010", "Level": "5", "UserID": "S-1-5-21-963789628-1060504924-4285088085-1001", "EventData.PackageName": "Microsoft.MicrosoftOfficeHub_19.2507.57011.0_x64__8wekyb3d8bbwe", "EventData.FilePath": "resources.688023a2.pri", "EventData.Message": "Current shared merged PRI file ignored"}
{"EventID": "821", "Channel": "Microsoft-Windows-AppXDeploymentServer/Operational", "Provider_Name": "Microsoft-Windows-AppXDeployment-Server", "Computer": "DESKTOP-OFJ6N53", "TimeCreated": "2025-07-30 23:37:28.671963+00:00", "RecordID": "115011", "Level": "5", "UserID": "S-1-5-18", "EventData.UserSid": "S-1-5-18", "EventData.MainPackageFullName": "Microsoft.MicrosoftOfficeHub_2025.727.1811.0_neutral_~_8wekyb3d8bbwe", "EventData.ErrorCode": "0x00000000"}
{"EventID": "822", "Channel": "Microsoft-Windows-AppXDeploymentServer/Operational", "Provider_Name": "Microsoft-Windows-AppXDeployment-Server", "Computer": "DESKTOP-OFJ6N53", "TimeCreated": "2025-07-30 23:37:28.676485+00:00", "RecordID": "115012", "Level": "5", "UserID": "S-1-5-18", "EventData.Error": "0x00000000", "EventData.PackageMoniker": "Microsoft.MicrosoftOfficeHub_2025.727.1811.0_neutral_~_8wekyb3d8bbwe"}
{"EventID": "821", "Channel": "Microsoft-Windows-AppXDeploymentServer/Operational", "Provider_Name": "Microsoft-Windows-AppXDeployment-Server", "Computer": "DESKTOP-OFJ6N53", "TimeCreated": "2025-07-30 23:37:28.677711+00:00", "RecordID": "115013", "Level": "5", "UserID": "S-1-5-18", "EventData.UserSid": "S-1-5-21-963789628-1060504924-4285088085-1001", "EventData.MainPackageFullName": "Microsoft.MicrosoftOfficeHub_2025.727.1811.0_neutral_~_8wekyb3d8bbwe", "EventData.ErrorCode": "0x00000000"}
{"EventID": "822", "Channel": "Microsoft-Windows-AppXDeploymentServer/Operational", "Provider_Name": "Microsoft-Windows-AppXDeployment-Server", "Computer": "DESKTOP-OFJ6N53", "TimeCreated": "2025-07-30 23:37:28.680386+00:00", "RecordID": "115014", "Level": "5", "UserID": "S-1-5-18", "EventData.Error": "0x00000000", "EventData.PackageMoniker": "Microsoft.MicrosoftOfficeHub_2025.727.1811.0_neutral_~_8wekyb3d8bbwe"}
{"EventID": "813", "Channel": "Microsoft-Windows-AppXDeploymentServer/Operational", "Provider_Name": "Microsoft-Windows-AppXDeployment-Server", "Computer": "DESKTOP-OFJ6N53", "TimeCreated": "2025-07-30 23:37:28.680416+00:00", "RecordID": "115015", "Level": "5", "UserID": "S-1-5-18", "EventData.PackageMoniker": "Microsoft.MicrosoftOfficeHub_2025.727.1811.0_neutral_~_8wekyb3d8bbwe"}
{"EventID": "10001", "Channel": "Microsoft-Windows-AppXDeploymentServer/Operational", "Provider_Name": "Microsoft-Windows-AppXDeployment-Server", "Computer": "DESKTOP-OFJ6N53", "TimeCreated": "2025-07-30 23:37:29.344593+00:00", "RecordID": "115016", "Level": "5", "UserID": "S-1-5-18", "EventData.PackageFullName": "Microsoft.MicrosoftOfficeHub_19.2507.56041.0_x64__8wekyb3d8bbwe", "EventData.ErrorCode": "0x80070490"}
{"EventID": "10001", "Channel": "Microsoft-Windows-AppXDeploymentServer/Operational", "Provider_Name": "Microsoft-Windows-AppXDeployment-Server", "Computer": "DESKTOP-OFJ6N53", "TimeCreated": "2025-07-30 23:37:29.344851+00:00", "RecordID": "115017", "Level": "5", "UserID": "S-1-5-18", "EventData.PackageFullName": "Microsoft.MicrosoftOfficeHub_19.2507.57011.0_x64__8wekyb3d8bbwe", "EventData.ErrorCode": "0x00000000"}
{"EventID": "10001", "Channel": "Microsoft-Windows-AppXDeploymentServer/Operational", "Provider_Name": "Microsoft-Windows-AppXDeployment-Server", "Computer": "DESKTOP-OFJ6N53", "TimeCreated": "2025-07-30 23:37:29.345245+00:00", "RecordID": "115018", "Level": "5", "UserID": "S-1-5-18", "EventData.PackageFullName": "Microsoft.MicrosoftOfficeHub_19.2507.57011.0_x64__8wekyb3d8bbwe", "EventData.ErrorCode": "0x00000000"}
{"EventID": "10001", "Channel": "Microsoft-Windows-AppXDeploymentServer/Operational", "Provider_Name": "Microsoft-Windows-AppXDeployment-Server", "Computer": "DESKTOP-OFJ6N53", "TimeCreated": "2025-07-30 23:37:29.345394+00:00", "RecordID": "115019", "Level": "5", "UserID": "S-1-5-18", "EventData.PackageFullName": "Microsoft.MicrosoftOfficeHub_2025.727.1811.0_neutral_~_8wekyb3d8bbwe", "EventData.ErrorCode": "0x00000000"}
{"EventID": "10001", "Channel": "Microsoft-Windows-AppXDeploymentServer/Operational", "Provider_Name": "Microsoft-Windows-AppXDeployment-Server", "Computer": "DESKTOP-OFJ6N53", "TimeCreated": "2025-07-30 23:37:29.345514+00:00", "RecordID": "115020", "Level": "5", "UserID": "S-1-5-18", "EventData.PackageFullName": "Microsoft.MicrosoftOfficeHub_2025.727.1811.0_neutral_~_8wekyb3d8bbwe", "EventData.ErrorCode": "0x00000000"}
{"EventID": "10001", "Channel": "Microsoft-Windows-AppXDeploymentServer/Operational", "Provider_Name": "Microsoft-Windows-AppXDeployment-Server", "Computer": "DESKTOP-OFJ6N53", "TimeCreated": "2025-07-30 23:37:29.345610+00:00", "RecordID": "115021", "Level": "5", "UserID": "S-1-5-18", "EventData.PackageFullName": "Microsoft.MicrosoftOfficeHub_19.2507.57011.0_x64__8wekyb3d8bbwe", "EventData.ErrorCode": "0x00000000"}
{"EventID": "10001", "Channel": "Microsoft-Windows-AppXDeploymentServer/Operational", "Provider_Name": "Microsoft-Windows-AppXDeployment-Server", "Computer": "DESKTOP-OFJ6N53", "TimeCreated": "2025-07-30 23:37:29.345707+00:00", "RecordID": "115022", "Level": "5", "UserID": "S-1-5-18", "EventData.PackageFullName": "Microsoft.MicrosoftOfficeHub_19.2507.57011.0_x64__8wekyb3d8bbwe", "EventData.ErrorCode": "0x00000000"}
{"EventID": "10001", "Channel": "Microsoft-Windows-AppXDeploymentServer/Operational", "Provider_Name": "Microsoft-Windows-AppXDeployment-Server", "Computer": "DESKTOP-OFJ6N53", "TimeCreated": "2025-07-30 23:37:29.345819+00:00", "RecordID": "115023", "Level": "5", "UserID": "S-1-5-18", "EventData.PackageFullName": "Microsoft.MicrosoftOfficeHub_19.2507.57011.0_neutral_split.scale-100_8wekyb3d8bbwe", "EventData.ErrorCode": "0x00000000"}
{"EventID": "10001", "Channel": "Microsoft-Windows-AppXDeploymentServer/Operational", "Provider_Name": "Microsoft-Windows-AppXDeployment-Server", "Computer": "DESKTOP-OFJ6N53", "TimeCreated": "2025-07-30 23:37:29.345922+00:00", "RecordID": "115024", "Level": "5", "UserID": "S-1-5-18", "EventData.PackageFullName": "Microsoft.MicrosoftOfficeHub_19.2507.57011.0_neutral_split.scale-100_8wekyb3d8bbwe", "EventData.ErrorCode": "0x00000000"}
{"EventID": "10001", "Channel": "Microsoft-Windows-AppXDeploymentServer/Operational", "Provider_Name": "Microsoft-Windows-AppXDeployment-Server", "Computer": "DESKTOP-OFJ6N53", "TimeCreated": "2025-07-30 23:37:29.346041+00:00", "RecordID": "115025", "Level": "5", "UserID": "S-1-5-18", "EventData.PackageFullName": "Microsoft.MicrosoftOfficeHub_19.2507.57011.0_neutral_split.scale-125_8wekyb3d8bbwe", "EventData.ErrorCode": "0x00000000"}
{"EventID": "10001", "Channel": "Microsoft-Windows-AppXDeploymentServer/Operational", "Provider_Name": "Microsoft-Windows-AppXDeployment-Server", "Computer": "DESKTOP-OFJ6N53", "TimeCreated": "2025-07-30 23:37:29.346258+00:00", "RecordID": "115026", "Level": "5", "UserID": "S-1-5-18", "EventData.PackageFullName": "Microsoft.MicrosoftOfficeHub_19.2507.57011.0_neutral_split.scale-125_8wekyb3d8bbwe", "EventData.ErrorCode": "0x00000000"}
{"EventID": "10001", "Channel": "Microsoft-Windows-AppXDeploymentServer/Operational", "Provider_Name": "Microsoft-Windows-AppXDeployment-Server", "Computer": "DESKTOP-OFJ6N53", "TimeCreated": "2025-07-30 23:37:29.346386+00:00", "RecordID": "115027", "Level": "5", "UserID": "S-1-5-18", "EventData.PackageFullName": "Microsoft.MicrosoftOfficeHub_19.2507.57011.0_neutral_split.language-ru_8wekyb3d8bbwe", "EventData.ErrorCode": "0x00000000"}
{"EventID": "10001", "Channel": "Microsoft-Windows-AppXDeploymentServer/Operational", "Provider_Name": "Microsoft-Windows-AppXDeployment-Server", "Computer": "DESKTOP-OFJ6N53", "TimeCreated": "2025-07-30 23:37:29.346493+00:00", "RecordID": "115028", "Level": "5", "UserID": "S-1-5-18", "EventData.PackageFullName": "Microsoft.MicrosoftOfficeHub_19.2507.57011.0_neutral_split.language-ru_8wekyb3d8bbwe", "EventData.ErrorCode": "0x00000000"}
{"EventID": "400", "Channel": "Microsoft-Windows-AppXDeploymentServer/Operational", "Provider_Name": "Microsoft-Windows-AppXDeployment-Server", "Computer": "DESKTOP-OFJ6N53", "TimeCreated": "2025-07-30 23:37:29.409748+00:00", "RecordID": "115029", "Level": "4", "UserID": "S-1-5-21-963789628-1060504924-4285088085-1001", "EventData.DeploymentOperation": "6", "EventData.PackageFullName": "Microsoft.MicrosoftOfficeHub_2025.727.1811.0_neutral_~_8wekyb3d8bbwe", "EventData.Path": "(AppxBundleManifest.xml)", "EventData.MountPoint": "C:", "EventData.TargetPlatform": "0x00000003", "EventData.SystemVolume": "True", "EventData.StorageId": "\\\\?\\Volume{c33a8663-71a2-4031-8cec-c21914fe12ad}", "EventData.IsCentennial": "False", "EventData.PackageType": "0x00000008", "EventData.IsPackageEncrypted": "False", "EventData.DeploymentOptions": "0x0004000004044800", "EventData.IsStreamingPackage": "False", "EventData.IsInRelatedSet": "False", "EventData.IsPackageUsingBDC": "False", "EventData.MainPackageFamilyName": "NULL", "EventData.CallingProcess": "svchost.exe,wuauserv", "EventData.IsOptional": "False", "EventData.PackageFlags": "0x00000400", "EventData.PackageFlags2": "0x00000800", "EventData.HasWin32alacarte": "False", "EventData.HasFullTrust": "False", "EventData.ExternalLocation": null, "EventData.PackageSourceUri": "x-windowsupdate://5FE0EF94-F6AF-4D14-B1D1-C1B6EA407777/EAAC6C6B-10A4-4659-815B-44F151ECA61A/94cdafecbbf65bc088341ad46916eca485c9f985"}
{"EventID": "478", "Channel": "Microsoft-Windows-AppXDeploymentServer/Operational", "Provider_Name": "Microsoft-Windows-AppXDeployment-Server", "Computer": "DESKTOP-OFJ6N53", "TimeCreated": "2025-07-30 23:37:29.409901+00:00", "RecordID": "115030", "Level": "5", "UserID": "S-1-5-21-963789628-1060504924-4285088085-1001", "EventData.DeploymentOperation": "6", "EventData.PackageFullName": "Microsoft.MicrosoftOfficeHub_19.2507.57011.0_x64__8wekyb3d8bbwe", "EventData.Path": "(AppxBundleManifest.xml)", "EventData.MountPoint": "C:", "EventData.TargetPlatform": "0x00000003", "EventData.SystemVolume": "True", "EventData.StorageId": "\\\\?\\Volume{c33a8663-71a2-4031-8cec-c21914fe12ad}", "EventData.IsCentennial": "True", "EventData.PackageType": "0x00000001", "EventData.IsPackageEncrypted": "False", "EventData.DeploymentOptions": "0x0004000004044800", "EventData.IsStreamingPackage": "False", "EventData.IsInRelatedSet": "False", "EventData.IsPackageUsingBDC": "False", "EventData.MainPackageFamilyName": "NULL", "EventData.CallingProcess": "svchost.exe,wuauserv", "EventData.IsOptional": "False", "EventData.PackageFlags": "0x0080804c", "EventData.PackageFlags2": "0x00000800", "EventData.HasWin32alacarte": "False", "EventData.HasFullTrust": "True", "EventData.ExternalLocation": null, "EventData.PackageSourceUri": "x-windowsupdate://5FE0EF94-F6AF-4D14-B1D1-C1B6EA407777/EAAC6C6B-10A4-4659-815B-44F151ECA61A/94cdafecbbf65bc088341ad46916eca485c9f985"}
{"EventID": "472", "Channel": "Microsoft-Windows-AppXDeploymentServer/Operational", "Provider_Name": "Microsoft-Windows-AppXDeployment-Server", "Computer": "DESKTOP-OFJ6N53", "TimeCreated": "2025-07-30 23:37:29.425594+00:00", "RecordID": "115031", "Level": "5", "UserID": "S-1-5-18", "EventData.SourceFolderPath": "\\\\?\\C:\\Program Files\\WindowsApps\\Microsoft.MicrosoftOfficeHub_19.2507.56041.0_neutral_~_8wekyb3d8bbwe", "EventData.DestinationFolderPath": "\\\\?\\C:\\Program Files\\WindowsApps\\Deleted\\Microsoft.MicrosoftOfficeHub_19.2507.56041.0_neutral_~_8wekyb3d8bbwe3c414f31-3962-4044-97d6-915a551f6bad", "EventData.ErrorCode": "0x00000000"}
{"EventID": "472", "Channel": "Microsoft-Windows-AppXDeploymentServer/Operational", "Provider_Name": "Microsoft-Windows-AppXDeployment-Server", "Computer": "DESKTOP-OFJ6N53", "TimeCreated": "2025-07-30 23:37:29.428902+00:00", "RecordID": "115032", "Level": "5", "UserID": "S-1-5-18", "EventData.SourceFolderPath": "\\\\?\\C:\\Program Files\\WindowsApps\\Microsoft.MicrosoftOfficeHub_19.2507.56041.0_x64__8wekyb3d8bbwe", "EventData.DestinationFolderPath": "\\\\?\\C:\\Program Files\\WindowsApps\\Deleted\\Microsoft.MicrosoftOfficeHub_19.2507.56041.0_x64__8wekyb3d8bbwe5c41c3bb-57a7-48f8-a775-755562d6af2c", "EventData.ErrorCode": "0x00000000"}
{"EventID": "472", "Channel": "Microsoft-Windows-AppXDeploymentServer/Operational", "Provider_Name": "Microsoft-Windows-AppXDeployment-Server", "Computer": "DESKTOP-OFJ6N53", "TimeCreated": "2025-07-30 23:37:29.434378+00:00", "RecordID": "115033", "Level": "5", "UserID": "S-1-5-18", "EventData.SourceFolderPath": "\\\\?\\C:\\Program Files\\WindowsApps\\Microsoft.MicrosoftOfficeHub_19.2507.56041.0_neutral_split.scale-100_8wekyb3d8bbwe", "EventData.DestinationFolderPath": "\\\\?\\C:\\Program Files\\WindowsApps\\Deleted\\Microsoft.MicrosoftOfficeHub_19.2507.56041.0_neutral_split.scale-100_8wekyb3d8bbwef038ebdf-2438-4389-925d-f463ce28e8b0", "EventData.ErrorCode": "0x00000000"}
{"EventID": "472", "Channel": "Microsoft-Windows-AppXDeploymentServer/Operational", "Provider_Name": "Microsoft-Windows-AppXDeployment-Server", "Computer": "DESKTOP-OFJ6N53", "TimeCreated": "2025-07-30 23:37:29.437452+00:00", "RecordID": "115034", "Level": "5", "UserID": "S-1-5-18", "EventData.SourceFolderPath": "\\\\?\\C:\\Program Files\\WindowsApps\\Microsoft.MicrosoftOfficeHub_19.2507.56041.0_neutral_split.scale-125_8wekyb3d8bbwe", "EventData.DestinationFolderPath": "\\\\?\\C:\\Program Files\\WindowsApps\\Deleted\\Microsoft.MicrosoftOfficeHub_19.2507.56041.0_neutral_split.scale-125_8wekyb3d8bbwe8fac0acf-bfb1-4e07-8cfe-a23ffc3d7796", "EventData.ErrorCode": "0x00000000"}
{"EventID": "472", "Channel": "Microsoft-Windows-AppXDeploymentServer/Operational", "Provider_Name": "Microsoft-Windows-AppXDeployment-Server", "Computer": "DESKTOP-OFJ6N53", "TimeCreated": "2025-07-30 23:37:29.440538+00:00", "RecordID": "115035", "Level": "5", "UserID": "S-1-5-18", "EventData.SourceFolderPath": "\\\\?\\C:\\Program Files\\WindowsApps\\Microsoft.MicrosoftOfficeHub_19.2507.56041.0_neutral_split.language-ru_8wekyb3d8bbwe", "EventData.DestinationFolderPath": "\\\\?\\C:\\Program Files\\WindowsApps\\Deleted\\Microsoft.MicrosoftOfficeHub_19.2507.56041.0_neutral_split.language-ru_8wekyb3d8bbwed32352a5-2f0d-47d1-a3bd-b61f2db4f4ba", "EventData.ErrorCode": "0x00000000"}
{"EventID": "649", "Channel": "Microsoft-Windows-AppXDeploymentServer/Operational", "Provider_Name": "Microsoft-Windows-AppXDeployment-Server", "Computer": "DESKTOP-OFJ6N53", "TimeCreated": "2025-07-30 23:37:29.483837+00:00", "RecordID": "115036", "Level": "4", "UserID": "S-1-5-21-963789628-1060504924-4285088085-1001", "EventData.DeploymentOperation": "6", "EventData.PackageFullName": "Microsoft.MicrosoftOfficeHub_2025.727.1811.0_neutral_~_8wekyb3d8bbwe", "EventData.Summary": "PostDeploymentOperationCheck cost: 0 ms"}
{"EventID": "613", "Channel": "Microsoft-Windows-AppXDeploymentServer/Operational", "Provider_Name": "Microsoft-Windows-AppXDeployment-Server", "Computer": "DESKTOP-OFJ6N53", "TimeCreated": "2025-07-30 23:37:29.523746+00:00", "RecordID": "115037", "Level": "4", "UserID": "S-1-5-21-963789628-1060504924-4285088085-1001", "EventData.DeploymentOperation": "6", "EventData.PackageFullName": "Microsoft.MicrosoftOfficeHub_2025.727.1811.0_neutral_~_8wekyb3d8bbwe", "EventData.Summary": "Overall time: 1563 ms\nEnqueue cost: 16 ms\nDequeue delay: 0 ms\nBundle processing cost: 15 ms\nIndexing cost: 63 ms\nResolve dependency cost: 47 ms\nGap: 31 ms\nCheck approval cost: 0 ms\nEvaluation cost: 0 ms\nHardlinking evaluation cost: 0 ms\nStage required cost: 16 ms\nFlushing and closing files cost: 0 ms\nMachine register cost: 15 ms\nStage user data cost: 0 ms\nGap: 78 ms\nRegistration cost: 422 ms\nGap: 313 ms\nRepository commit transaction cost: 359 ms\nGap: 110 ms\nData flush cost: 31 ms\nPost DeStage repository commit transaction cost: 0 ms\nRemaining cost: 47 ms"}
{"EventID": "603", "Channel": "Microsoft-Windows-AppXDeploymentServer/Operational", "Provider_Name": "Microsoft-Windows-AppXDeployment-Server", "Computer": "DESKTOP-OFJ6N53", "TimeCreated": "2025-07-31 08:03:39.445011+00:00", "RecordID": "115038", "Level": "4", "UserID": "S-1-5-18", "EventData.DeploymentOperation": "19", "EventData.Path": null, "EventData.Flags": "0", "EventData.FlagsHigh": "0", "EventData.CallingProcess": "svchost.exe,StorSvc", "EventData.ExternalLocation": null}
{"EventID": "603", "Channel": "Microsoft-Windows-AppXDeploymentServer/Operational", "Provider_Name": "Microsoft-Windows-AppXDeployment-Server", "Computer": "DESKTOP-OFJ6N53", "TimeCreated": "2025-07-31 08:03:39.575821+00:00", "RecordID": "115039", "Level": "4", "UserID": "S-1-5-18", "EventData.DeploymentOperation": "36", "EventData.Path": null, "EventData.Flags": "0", "EventData.FlagsHigh": "0", "EventData.CallingProcess": "svchost.exe,StorSvc", "EventData.ExternalLocation": null}
{"EventID": "818", "Channel": "Microsoft-Windows-AppXDeploymentServer/Operational", "Provider_Name": "Microsoft-Windows-AppXDeployment-Server", "Computer": "DESKTOP-OFJ6N53", "TimeCreated": "2025-07-31 08:14:04.814598+00:00", "RecordID": "115040", "Level": "5", "UserID": "S-1-5-18", "EventData.UserSid": "S-1-5-21-963789628-1060504924-4285088085-1001"}
{"EventID": "819", "Channel": "Microsoft-Windows-AppXDeploymentServer/Operational", "Provider_Name": "Microsoft-Windows-AppXDeployment-Server", "Computer": "DESKTOP-OFJ6N53", "TimeCreated": "2025-07-31 08:14:04.821199+00:00", "RecordID": "115041", "Level": "5", "UserID": "S-1-5-18", "EventData.InstallPackageList": "Microsoft.Edge.GameAssist_1.0.3423.0_x64__8wekyb3d8bbwe Microsoft.MicrosoftEdge.Stable_138.0.3351.109_neutral__8wekyb3d8bbwe", "EventData.EndOfLifePackageList": "NULL"}
{"EventID": "604", "Channel": "Microsoft-Windows-AppXDeploymentServer/Operational", "Provider_Name": "Microsoft-Windows-AppXDeployment-Server", "Computer": "DESKTOP-OFJ6N53", "TimeCreated": "2025-07-31 08:14:06.077158+00:00", "RecordID": "115042", "Level": "4", "UserID": "S-1-5-21-963789628-1060504924-4285088085-1001", "EventData.DeploymentOperation": "27", "EventData.Path": null, "EventData.DependencyPaths": "Microsoft.Edge.GameAssist_1.0.3423.0_x64__8wekyb3d8bbwe, Microsoft.MicrosoftEdge.Stable_138.0.3351.109_neutral__8wekyb3d8bbwe", "EventData.Flags": "268435456", "EventData.FlagsHigh": "0", "EventData.CallingProcess": "svchost.exe,AppReadiness", "EventData.ExternalLocation": null}
{"EventID": "10002", "Channel": "Microsoft-Windows-AppXDeploymentServer/Operational", "Provider_Name": "Microsoft-Windows-AppXDeployment-Server", "Computer": "DESKTOP-OFJ6N53", "TimeCreated": "2025-07-31 08:14:06.196751+00:00", "RecordID": "115043", "Level": "5", "UserID": "S-1-5-18", "EventData.DeploymentOperation": "27", "EventData.MainPackageMoniker": "Microsoft.Edge.GameAssist_1.0.3423.0_x64__8wekyb3d8bbwe", "EventData.ResiliencyFilePath": "C:\\ProgramData\\Microsoft\\Windows\\AppRepository\\1c6f2a65-0f0b-4b5b-90a8-521e58f19ab6_S-1-5-21-963789628-1060504924-4285088085-1001_1.rslc"}
{"EventID": "607", "Channel": "Microsoft-Windows-AppXDeploymentServer/Operational", "Provider_Name": "Microsoft-Windows-AppXDeployment-Server", "Computer": "DESKTOP-OFJ6N53", "TimeCreated": "2025-07-31 08:14:06.197901+00:00", "RecordID": "115044", "Level": "4", "UserID": "S-1-5-21-963789628-1060504924-4285088085-1001", "EventData.DeploymentOperation": "27", "EventData.PackageFullName": "Microsoft.Edge.GameAssist_1.0.3423.0_x64__8wekyb3d8bbwe", "EventData.UserSid": "S-1-5-21-963789628-1060504924-4285088085-1001", "EventData.CallingProcess": "svchost.exe,AppReadiness"}
{"EventID": "643", "Channel": "Microsoft-Windows-AppXDeploymentServer/Operational", "Provider_Name": "Microsoft-Windows-AppXDeployment-Server", "Computer": "DESKTOP-OFJ6N53", "TimeCreated": "2025-07-31 08:14:06.212658+00:00", "RecordID": "115045", "Level": "4", "UserID": "S-1-5-21-963789628-1060504924-4285088085-1001", "EventData.PackageFullName": "Microsoft.Edge.GameAssist_1.0.3423.0_x64__8wekyb3d8bbwe", "EventData.Bundle": "4194", "EventData.AppDataVolume": "1"}
{"EventID": "642", "Channel": "Microsoft-Windows-AppXDeploymentServer/Operational", "Provider_Name": "Microsoft-Windows-AppXDeployment-Server", "Computer": "DESKTOP-OFJ6N53", "TimeCreated": "2025-07-31 08:14:06.227699+00:00", "RecordID": "115046", "Level": "4", "UserID": "S-1-5-21-963789628-1060504924-4285088085-1001", "EventData.PackageMoniker": "Microsoft.MicrosoftEdge.Stable_138.0.3351.95_neutral__8wekyb3d8bbwe"}
