{"EventID": "4000", "Channel": "Microsoft-Windows-LanguagePackSetup/Operational", "Provider_Name": "Microsoft-Windows-LanguagePackSetup", "Computer": "DESKTOP-OFJ6N53", "TimeCreated": "2022-02-24 09:07:40.712811+00:00", "RecordID": "1", "Level": "4", "UserID": "S-1-5-18"}
{"EventID": "4016", "Channel": "Microsoft-Windows-LanguagePackSetup/Operational", "Provider_Name": "Microsoft-Windows-LanguagePackSetup", "Computer": "DESKTOP-OFJ6N53", "TimeCreated": "2022-02-24 09:07:40.713045+00:00", "RecordID": "2", "Level": "4", "UserID": "S-1-5-18", "EventData.Language": "/g"}
{"EventID": "4001", "Channel": "Microsoft-Windows-LanguagePackSetup/Operational", "Provider_Name": "Microsoft-Windows-LanguagePackSetup", "Computer": "DESKTOP-OFJ6N53", "TimeCreated": "2022-02-24 09:07:45.651478+00:00", "RecordID": "3", "Level": "4", "UserID": "S-1-5-18"}
{"EventID": "4000", "Channel": "Microsoft-Windows-LanguagePackSetup/Operational", "Provider_Name": "Microsoft-Windows-LanguagePackSetup", "Computer": "DESKTOP-OFJ6N53", "TimeCreated": "2022-02-27 09:42:29.112104+00:00", "RecordID": "4", "Level": "4", "UserID": "S-1-5-18"}
{"EventID": "4001", "Channel": "Microsoft-Windows-LanguagePackSetup/Operational", "Provider_Name": "Microsoft-Windows-LanguagePackSetup", "Computer": "DESKTOP-OFJ6N53", "TimeCreated": "2022-02-27 09:42:32.737270+00:00", "RecordID": "5", "Level": "4", "UserID": "S-1-5-18"}
{"EventID": "4000", "Channel": "Microsoft-Windows-LanguagePackSetup/Operational", "Provider_Name": "Microsoft-Windows-LanguagePackSetup", "Computer": "DESKTOP-OFJ6N53", "TimeCreated": "2022-03-02 09:43:09.427378+00:00", "RecordID": "6", "Level": "4", "UserID": "S-1-5-18"}
{"EventID": "4001", "Channel": "Microsoft-Windows-LanguagePackSetup/Operational", "Provider_Name": "Microsoft-Windows-LanguagePackSetup", "Computer": "DESKTOP-OFJ6N53", "TimeCreated": "2022-03-02 09:43:10.725286+00:00", "RecordID": "7", "Level": "4", "UserID": "S-1-5-18"}
{"EventID": "4000", "Channel": "Microsoft-Windows-LanguagePackSetup/Operational", "Provider_Name": "Microsoft-Windows-LanguagePackSetup", "Computer": "DESKTOP-OFJ6N53", "TimeCreated": "2022-03-05 08:45:49.469864+00:00", "RecordID": "8", "Level": "4", "UserID": "S-1-5-18"}
{"EventID": "4001", "Channel": "Microsoft-Windows-LanguagePackSetup/Operational", "Provider_Name": "Microsoft-Windows-LanguagePackSetup", "Computer": "DESKTOP-OFJ6N53", "TimeCreated": "2022-03-05 08:45:50.551201+00:00", "RecordID": "9", "Level": "4", "UserID": "S-1-5-18"}
{"EventID": "4000", "Channel": "Microsoft-Windows-LanguagePackSetup/Operational", "Provider_Name": "Microsoft-Windows-LanguagePackSetup", "Computer": "DESKTOP-OFJ6N53", "TimeCreated": "2022-03-08 09:18:36.354227+00:00", "RecordID": "10", "Level": "4", "UserID": "S-1-5-18"}
{"EventID": "4001", "Channel": "Microsoft-Windows-LanguagePackSetup/Operational", "Provider_Name": "Microsoft-Windows-LanguagePackSetup", "Computer": "DESKTOP-OFJ6N53", "TimeCreated": "2022-03-08 09:18:36.943157+00:00", "RecordID": "11", "Level": "4", "UserID": "S-1-5-18"}
{"EventID": "4000", "Channel": "Microsoft-Windows-LanguagePackSetup/Operational", "Provider_Name": "Microsoft-Windows-LanguagePackSetup", "Computer": "DESKTOP-OFJ6N53", "TimeCreated": "2022-03-11 08:25:25.688766+00:00", "RecordID": "12", "Level": "4", "UserID": "S-1-5-18"}
{"EventID": "4001", "Channel": "Microsoft-Windows-LanguagePackSetup/Operational", "Provider_Name": "Microsoft-Windows-LanguagePackSetup", "Computer": "DESKTOP-OFJ6N53", "TimeCreated": "2022-03-11 08:25:26.636312+00:00", "RecordID": "13", "Level": "4", "UserID": "S-1-5-18"}
{"EventID": "4000", "Channel": "Microsoft-Windows-LanguagePackSetup/Operational", "Provider_Name": "Microsoft-Windows-LanguagePackSetup", "Computer": "DESKTOP-OFJ6N53", "TimeCreated": "2022-03-14 08:25:23.532581+00:00", "RecordID": "14", "Level": "4", "UserID": "S-1-5-18"}
{"EventID": "4001", "Channel": "Microsoft-Windows-LanguagePackSetup/Operational", "Provider_Name": "Microsoft-Windows-LanguagePackSetup", "Computer": "DESKTOP-OFJ6N53", "TimeCreated": "2022-03-14 08:25:32.226658+00:00", "RecordID": "15", "Level": "4", "UserID": "S-1-5-18"}
{"EventID": "4000", "Channel": "Microsoft-Windows-LanguagePackSetup/Operational", "Provider_Name": "Microsoft-Windows-LanguagePackSetup", "Computer": "DESKTOP-OFJ6N53", "TimeCreated": "2022-03-17 08:44:59.482973+00:00", "RecordID": "16", "Level": "4", "UserID": "S-1-5-18"}
{"EventID": "4001", "Channel": "Microsoft-Windows-LanguagePackSetup/Operational", "Provider_Name": "Microsoft-Windows-LanguagePackSetup", "Computer": "DESKTOP-OFJ6N53", "TimeCreated": "2022-03-17 08:45:03.279095+00:00", "RecordID": "17", "Level": "4", "UserID": "S-1-5-18"}
{"EventID": "4000", "Channel": "Microsoft-Windows-LanguagePackSetup/Operational", "Provider_Name": "Microsoft-Windows-LanguagePackSetup", "Computer": "DESKTOP-OFJ6N53", "TimeCreated": "2022-03-20 08:45:04.209806+00:00", "RecordID": "18", "Level": "4", "UserID": "S-1-5-18"}
{"EventID": "4001", "Channel": "Microsoft-Windows-LanguagePackSetup/Operational", "Provider_Name": "Microsoft-Windows-LanguagePackSetup", "Computer": "DESKTOP-OFJ6N53", "TimeCreated": "2022-03-20 08:45:05.555878+00:00", "RecordID": "19", "Level": "4", "UserID": "S-1-5-18"}
{"EventID": "4000", "Channel": "Microsoft-Windows-LanguagePackSetup/Operational", "Provider_Name": "Microsoft-Windows-LanguagePackSetup", "Computer": "DESKTOP-OFJ6N53", "TimeCreated": "2022-03-23 08:45:06.335432+00:00", "RecordID": "20", "Level": "4", "UserID": "S-1-5-18"}
{"EventID": "4001", "Channel": "Microsoft-Windows-LanguagePackSetup/Operational", "Provider_Name": "Microsoft-Windows-LanguagePackSetup", "Computer": "DESKTOP-OFJ6N53", "TimeCreated": "2022-03-23 08:45:12.902998+00:00", "RecordID": "21", "Level": "4", "UserID": "S-1-5-18"}
{"EventID": "4000", "Channel": "Microsoft-Windows-LanguagePackSetup/Operational", "Provider_Name": "Microsoft-Windows-LanguagePackSetup", "Computer": "DESKTOP-OFJ6N53", "TimeCreated": "2022-03-26 08:45:10.175343+00:00", "RecordID": "22", "Level": "4", "UserID": "S-1-5-18"}
{"EventID": "4001", "Channel": "Microsoft-Windows-LanguagePackSetup/Operational", "Provider_Name": "Microsoft-Windows-LanguagePackSetup", "Computer": "DESKTOP-OFJ6N53", "TimeCreated": "2022-03-26 08:45:11.887802+00:00", "RecordID": "23", "Level": "4", "UserID": "S-1-5-18"}
{"EventID": "4000", "Channel": "Microsoft-Windows-LanguagePackSetup/Operational", "Provider_Name": "Microsoft-Windows-LanguagePackSetup", "Computer": "DESKTOP-OFJ6N53", "TimeCreated": "2022-03-29 08:45:42.250832+00:00", "RecordID": "24", "Level": "4", "UserID": "S-1-5-18"}
{"EventID": "4001", "Channel": "Microsoft-Windows-LanguagePackSetup/Operational", "Provider_Name": "Microsoft-Windows-LanguagePackSetup", "Computer": "DESKTOP-OFJ6N53", "TimeCreated": "2022-03-29 08:45:44.369535+00:00", "RecordID": "25", "Level": "4", "UserID": "S-1-5-18"}
{"EventID": "4000", "Channel": "Microsoft-Windows-LanguagePackSetup/Operational", "Provider_Name": "Microsoft-Windows-LanguagePackSetup", "Computer": "DESKTOP-OFJ6N53", "TimeCreated": "2022-04-01 08:45:05.793331+00:00", "RecordID": "26", "Level": "4", "UserID": "S-1-5-18"}
{"EventID": "4001", "Channel": "Microsoft-Windows-LanguagePackSetup/Operational", "Provider_Name": "Microsoft-Windows-LanguagePackSetup", "Computer": "DESKTOP-OFJ6N53", "TimeCreated": "2022-04-01 08:45:06.517767+00:00", "RecordID": "27", "Level": "4", "UserID": "S-1-5-18"}
{"EventID": "4000", "Channel": "Microsoft-Windows-LanguagePackSetup/Operational", "Provider_Name": "Microsoft-Windows-LanguagePackSetup", "Computer": "DESKTOP-OFJ6N53", "TimeCreated": "2022-04-04 08:45:07.646120+00:00", "RecordID": "28", "Level": "4", "UserID": "S-1-5-18"}
{"EventID": "4001", "Channel": "Microsoft-Windows-LanguagePackSetup/Operational", "Provider_Name": "Microsoft-Windows-LanguagePackSetup", "Computer": "DESKTOP-OFJ6N53", "TimeCreated": "2022-04-04 08:45:09.973192+00:00", "RecordID": "29", "Level": "4", "UserID": "S-1-5-18"}
{"EventID": "4000", "Channel": "Microsoft-Windows-LanguagePackSetup/Operational", "Provider_Name": "Microsoft-Windows-LanguagePackSetup", "Computer": "DESKTOP-OFJ6N53", "TimeCreated": "2022-04-07 08:45:05.561886+00:00", "RecordID": "30", "Level": "4", "UserID": "S-1-5-18"}
{"EventID": "4001", "Channel": "Microsoft-Windows-LanguagePackSetup/Operational", "Provider_Name": "Microsoft-Windows-LanguagePackSetup", "Computer": "DESKTOP-OFJ6N53", "TimeCreated": "2022-04-07 08:45:06.891184+00:00", "RecordID": "31", "Level": "4", "UserID": "S-1-5-18"}
{"EventID": "4000", "Channel": "Microsoft-Windows-LanguagePackSetup/Operational", "Provider_Name": "Microsoft-Windows-LanguagePackSetup", "Computer": "DESKTOP-OFJ6N53", "TimeCreated": "2022-04-10 08:45:09.438251+00:00", "RecordID": "32", "Level": "4", "UserID": "S-1-5-18"}
{"EventID": "4001", "Channel": "Microsoft-Windows-LanguagePackSetup/Operational", "Provider_Name": "Microsoft-Windows-LanguagePackSetup", "Computer": "DESKTOP-OFJ6N53", "TimeCreated": "2022-04-10 08:45:10.597151+00:00", "RecordID": "33", "Level": "4", "UserID": "S-1-5-18"}
{"EventID": "4000", "Channel": "Microsoft-Windows-LanguagePackSetup/Operational", "Provider_Name": "Microsoft-Windows-LanguagePackSetup", "Computer": "DESKTOP-OFJ6N53", "TimeCreated": "2022-04-13 08:30:39.607592+00:00", "RecordID": "34", "Level": "4", "UserID": "S-1-5-18"}
{"EventID": "4001", "Channel": "Microsoft-Windows-LanguagePackSetup/Operational", "Provider_Name": "Microsoft-Windows-LanguagePackSetup", "Computer": "DESKTOP-OFJ6N53", "TimeCreated": "2022-04-13 08:30:46.420279+00:00", "RecordID": "35", "Level": "4", "UserID": "S-1-5-18"}
{"EventID": "4000", "Channel": "Microsoft-Windows-LanguagePackSetup/Operational", "Provider_Name": "Microsoft-Windows-LanguagePackSetup", "Computer": "DESKTOP-OFJ6N53", "TimeCreated": "2022-04-16 08:34:29.851820+00:00", "RecordID": "36", "Level": "4", "UserID": "S-1-5-18"}
{"EventID": "4001", "Channel": "Microsoft-Windows-LanguagePackSetup/Operational", "Provider_Name": "Microsoft-Windows-LanguagePackSetup", "Computer": "DESKTOP-OFJ6N53", "TimeCreated": "2022-04-16 08:34:30.915844+00:00", "RecordID": "37", "Level": "4", "UserID": "S-1-5-18"}
{"EventID": "4000", "Channel": "Microsoft-Windows-LanguagePackSetup/Operational", "Provider_Name": "Microsoft-Windows-LanguagePackSetup", "Computer": "DESKTOP-OFJ6N53", "TimeCreated": "2022-04-19 08:25:23.130032+00:00", "RecordID": "38", "Level": "4", "UserID": "S-1-5-18"}
{"EventID": "4001", "Channel": "Microsoft-Windows-LanguagePackSetup/Operational", "Provider_Name": "Microsoft-Windows-LanguagePackSetup", "Computer": "DESKTOP-OFJ6N53", "TimeCreated": "2022-04-19 08:25:23.712490+00:00", "RecordID": "39", "Level": "4", "UserID": "S-1-5-18"}
{"EventID": "4000", "Channel": "Microsoft-Windows-LanguagePackSetup/Operational", "Provider_Name": "Microsoft-Windows-LanguagePackSetup", "Computer": "DESKTOP-OFJ6N53", "TimeCreated": "2022-04-22 08:34:44.415810+00:00", "RecordID": "40", "Level": "4", "UserID": "S-1-5-18"}
{"EventID": "4001", "Channel": "Microsoft-Windows-LanguagePackSetup/Operational", "Provider_Name": "Microsoft-Windows-LanguagePackSetup", "Computer": "DESKTOP-OFJ6N53", "TimeCreated": "2022-04-22 08:34:44.758287+00:00", "RecordID": "41", "Level": "4", "UserID": "S-1-5-18"}
{"EventID": "4000", "Channel": "Microsoft-Windows-LanguagePackSetup/Operational", "Provider_Name": "Microsoft-Windows-LanguagePackSetup", "Computer": "DESKTOP-OFJ6N53", "TimeCreated": "2022-04-25 08:34:49.927197+00:00", "RecordID": "42", "Level": "4", "UserID": "S-1-5-18"}
{"EventID": "4001", "Channel": "Microsoft-Windows-LanguagePackSetup/Operational", "Provider_Name": "Microsoft-Windows-LanguagePackSetup", "Computer": "DESKTOP-OFJ6N53", "TimeCreated": "2022-04-25 08:34:50.346210+00:00", "RecordID": "43", "Level": "4", "UserID": "S-1-5-18"}
{"EventID": "4000", "Channel": "Microsoft-Windows-LanguagePackSetup/Operational", "Provider_Name": "Microsoft-Windows-LanguagePackSetup", "Computer": "DESKTOP-OFJ6N53", "TimeCreated": "2022-04-28 08:34:53.684772+00:00", "RecordID": "44", "Level": "4", "UserID": "S-1-5-18"}
{"EventID": "4001", "Channel": "Microsoft-Windows-LanguagePackSetup/Operational", "Provider_Name": "Microsoft-Windows-LanguagePackSetup", "Computer": "DESKTOP-OFJ6N53", "TimeCreated": "2022-04-28 08:34:55.123005+00:00", "RecordID": "45", "Level": "4", "UserID": "S-1-5-18"}
{"EventID": "4000", "Channel": "Microsoft-Windows-LanguagePackSetup/Operational", "Provider_Name": "Microsoft-Windows-LanguagePackSetup", "Computer": "DESKTOP-OFJ6N53", "TimeCreated": "2022-05-01 09:44:55.622227+00:00", "RecordID": "46", "Level": "4", "UserID": "S-1-5-18"}
{"EventID": "4001", "Channel": "Microsoft-Windows-LanguagePackSetup/Operational", "Provider_Name": "Microsoft-Windows-LanguagePackSetup", "Computer": "DESKTOP-OFJ6N53", "TimeCreated": "2022-05-01 09:45:01.833429+00:00", "RecordID": "47", "Level": "4", "UserID": "S-1-5-18"}
{"EventID": "4000", "Channel": "Microsoft-Windows-LanguagePackSetup/Operational", "Provider_Name": "Microsoft-Windows-LanguagePackSetup", "Computer": "DESKTOP-OFJ6N53", "TimeCreated": "2022-05-04 09:45:35.161261+00:00", "RecordID": "48", "Level": "4", "UserID": "S-1-5-18"}
{"EventID": "4001", "Channel": "Microsoft-Windows-LanguagePackSetup/Operational", "Provider_Name": "Microsoft-Windows-LanguagePackSetup", "Computer": "DESKTOP-OFJ6N53", "TimeCreated": "2022-05-04 09:45:47.152058+00:00", "RecordID": "49", "Level": "4", "UserID": "S-1-5-18"}
{"EventID": "4000", "Channel": "Microsoft-Windows-LanguagePackSetup/Operational", "Provider_Name": "Microsoft-Windows-LanguagePackSetup", "Computer": "DESKTOP-OFJ6N53", "TimeCreated": "2022-05-07 10:01:05.650351+00:00", "RecordID": "50", "Level": "4", "UserID": "S-1-5-18"}
{"EventID": "4001", "Channel": "Microsoft-Windows-LanguagePackSetup/Operational", "Provider_Name": "Microsoft-Windows-LanguagePackSetup", "Computer": "DESKTOP-OFJ6N53", "TimeCreated": "2022-05-07 10:01:12.872292+00:00", "RecordID": "51", "Level": "4", "UserID": "S-1-5-18"}
{"EventID": "4000", "Channel": "Microsoft-Windows-LanguagePackSetup/Operational", "Provider_Name": "Microsoft-Windows-LanguagePackSetup", "Computer": "DESKTOP-OFJ6N53", "TimeCreated": "2022-05-10 10:01:03.137722+00:00", "RecordID": "52", "Level": "4", "UserID": "S-1-5-18"}
{"EventID": "4001", "Channel": "Microsoft-Windows-LanguagePackSetup/Operational", "Provider_Name": "Microsoft-Windows-LanguagePackSetup", "Computer": "DESKTOP-OFJ6N53", "TimeCreated": "2022-05-10 10:01:06.150398+00:00", "RecordID": "53", "Level": "4", "UserID": "S-1-5-18"}
{"EventID": "4000", "Channel": "Microsoft-Windows-LanguagePackSetup/Operational", "Provider_Name": "Microsoft-Windows-LanguagePackSetup", "Computer": "DESKTOP-OFJ6N53", "TimeCreated": "2022-05-13 09:33:17.622856+00:00", "RecordID": "54", "Level": "4", "UserID": "S-1-5-18"}
{"EventID": "4001", "Channel": "Microsoft-Windows-LanguagePackSetup/Operational", "Provider_Name": "Microsoft-Windows-LanguagePackSetup", "Computer": "DESKTOP-OFJ6N53", "TimeCreated": "2022-05-13 09:33:20.941542+00:00", "RecordID": "55", "Level": "4", "UserID": "S-1-5-18"}
{"EventID": "4000", "Channel": "Microsoft-Windows-LanguagePackSetup/Operational", "Provider_Name": "Microsoft-Windows-LanguagePackSetup", "Computer": "DESKTOP-OFJ6N53", "TimeCreated": "2022-05-16 08:28:47.206722+00:00", "RecordID": "56", "Level": "4", "UserID": "S-1-5-18"}
{"EventID": "4001", "Channel": "Microsoft-Windows-LanguagePackSetup/Operational", "Provider_Name": "Microsoft-Windows-LanguagePackSetup", "Computer": "DESKTOP-OFJ6N53", "TimeCreated": "2022-05-16 08:28:48.653296+00:00", "RecordID": "57", "Level": "4", "UserID": "S-1-5-18"}
{"EventID": "4000", "Channel": "Microsoft-Windows-LanguagePackSetup/Operational", "Provider_Name": "Microsoft-Windows-LanguagePackSetup", "Computer": "DESKTOP-OFJ6N53", "TimeCreated": "2022-05-19 09:11:57.869205+00:00", "RecordID": "58", "Level": "4", "UserID": "S-1-5-18"}
{"EventID": "4001", "Channel": "Microsoft-Windows-LanguagePackSetup/Operational", "Provider_Name": "Microsoft-Windows-LanguagePackSetup", "Computer": "DESKTOP-OFJ6N53", "TimeCreated": "2022-05-19 09:12:01.451731+00:00", "RecordID": "59", "Level": "4", "UserID": "S-1-5-18"}
{"EventID": "4000", "Channel": "Microsoft-Windows-LanguagePackSetup/Operational", "Provider_Name": "Microsoft-Windows-LanguagePackSetup", "Computer": "DESKTOP-OFJ6N53", "TimeCreated": "2022-05-22 09:35:08.054071+00:00", "RecordID": "60", "Level": "4", "UserID": "S-1-5-18"}
{"EventID": "4001", "Channel": "Microsoft-Windows-LanguagePackSetup/Operational", "Provider_Name": "Microsoft-Windows-LanguagePackSetup", "Computer": "DESKTOP-OFJ6N53", "TimeCreated": "2022-05-22 09:35:12.100586+00:00", "RecordID": "61", "Level": "4", "UserID": "S-1-5-18"}
{"EventID": "4000", "Channel": "Microsoft-Windows-LanguagePackSetup/Operational", "Provider_Name": "Microsoft-Windows-LanguagePackSetup", "Computer": "DESKTOP-OFJ6N53", "TimeCreated": "2022-05-25 09:35:33.836786+00:00", "RecordID": "62", "Level": "4", "UserID": "S-1-5-18"}
{"EventID": "4001", "Channel": "Microsoft-Windows-LanguagePackSetup/Operational", "Provider_Name": "Microsoft-Windows-LanguagePackSetup", "Computer": "DESKTOP-OFJ6N53", "TimeCreated": "2022-05-25 09:35:55.987358+00:00", "RecordID": "63", "Level": "4", "UserID": "S-1-5-18"}
{"EventID": "4000", "Channel": "Microsoft-Windows-LanguagePackSetup/Operational", "Provider_Name": "Microsoft-Windows-LanguagePackSetup", "Computer": "DESKTOP-OFJ6N53", "TimeCreated": "2022-05-28 09:34:06.437239+00:00", "RecordID": "64", "Level": "4", "UserID": "S-1-5-18"}
{"EventID": "4001", "Channel": "Microsoft-Windows-LanguagePackSetup/Operational", "Provider_Name": "Microsoft-Windows-LanguagePackSetup", "Computer": "DESKTOP-OFJ6N53", "TimeCreated": "2022-05-28 09:34:09.265411+00:00", "RecordID": "65", "Level": "4", "UserID": "S-1-5-18"}
{"EventID": "4000", "Channel": "Microsoft-Windows-LanguagePackSetup/Operational", "Provider_Name": "Microsoft-Windows-LanguagePackSetup", "Computer": "DESKTOP-OFJ6N53", "TimeCreated": "2022-05-31 09:34:04.631907+00:00", "RecordID": "66", "Level": "4", "UserID": "S-1-5-18"}
{"EventID": "4001", "Channel": "Microsoft-Windows-LanguagePackSetup/Operational", "Provider_Name": "Microsoft-Windows-LanguagePackSetup", "Computer": "DESKTOP-OFJ6N53", "TimeCreated": "2022-05-31 09:34:05.909105+00:00", "RecordID": "67", "Level": "4", "UserID": "S-1-5-18"}
{"EventID": "4000", "Channel": "Microsoft-Windows-LanguagePackSetup/Operational", "Provider_Name": "Microsoft-Windows-LanguagePackSetup", "Computer": "DESKTOP-OFJ6N53", "TimeCreated": "2022-06-03 09:34:04.630939+00:00", "RecordID": "68", "Level": "4", "UserID": "S-1-5-18"}
{"EventID": "4001", "Channel": "Microsoft-Windows-LanguagePackSetup/Operational", "Provider_Name": "Microsoft-Windows-LanguagePackSetup", "Computer": "DESKTOP-OFJ6N53", "TimeCreated": "2022-06-03 09:34:06.481718+00:00", "RecordID": "69", "Level": "4", "UserID": "S-1-5-18"}
{"EventID": "4000", "Channel": "Microsoft-Windows-LanguagePackSetup/Operational", "Provider_Name": "Microsoft-Windows-LanguagePackSetup", "Computer": "DESKTOP-OFJ6N53", "TimeCreated": "2022-06-06 08:58:43.574051+00:00", "RecordID": "70", "Level": "4", "UserID": "S-1-5-18"}
{"EventID": "4001", "Channel": "Microsoft-Windows-LanguagePackSetup/Operational", "Provider_Name": "Microsoft-Windows-LanguagePackSetup", "Computer": "DESKTOP-OFJ6N53", "TimeCreated": "2022-06-06 08:58:45.126749+00:00", "RecordID": "71", "Level": "4", "UserID": "S-1-5-18"}
{"EventID": "4000", "Channel": "Microsoft-Windows-LanguagePackSetup/Operational", "Provider_Name": "Microsoft-Windows-LanguagePackSetup", "Computer": "DESKTOP-OFJ6N53", "TimeCreated": "2022-06-09 09:37:28.570618+00:00", "RecordID": "72", "Level": "4", "UserID": "S-1-5-18"}
{"EventID": "4001", "Channel": "Microsoft-Windows-LanguagePackSetup/Operational", "Provider_Name": "Microsoft-Windows-LanguagePackSetup", "Computer": "DESKTOP-OFJ6N53", "TimeCreated": "2022-06-09 09:37:28.974840+00:00", "RecordID": "73", "Level": "4", "UserID": "S-1-5-18"}
{"EventID": "4000", "Channel": "Microsoft-Windows-LanguagePackSetup/Operational", "Provider_Name": "Microsoft-Windows-LanguagePackSetup", "Computer": "DESKTOP-OFJ6N53", "TimeCreated": "2022-06-12 09:37:35.999434+00:00", "RecordID": "74", "Level": "4", "UserID": "S-1-5-18"}
{"EventID": "4001", "Channel": "Microsoft-Windows-LanguagePackSetup/Operational", "Provider_Name": "Microsoft-Windows-LanguagePackSetup", "Computer": "DESKTOP-OFJ6N53", "TimeCreated": "2022-06-12 09:37:38.068666+00:00", "RecordID": "75", "Level": "4", "UserID": "S-1-5-18"}
{"EventID": "4000", "Channel": "Microsoft-Windows-LanguagePackSetup/Operational", "Provider_Name": "Microsoft-Windows-LanguagePackSetup", "Computer": "DESKTOP-OFJ6N53", "TimeCreated": "2022-06-15 10:01:40.105539+00:00", "RecordID": "76", "Level": "4", "UserID": "S-1-5-18"}
{"EventID": "4001", "Channel": "Microsoft-Windows-LanguagePackSetup/Operational", "Provider_Name": "Microsoft-Windows-LanguagePackSetup", "Computer": "DESKTOP-OFJ6N53", "TimeCreated": "2022-06-15 10:01:41.375639+00:00", "RecordID": "77", "Level": "4", "UserID": "S-1-5-18"}
{"EventID": "4000", "Channel": "Microsoft-Windows-LanguagePackSetup/Operational", "Provider_Name": "Microsoft-Windows-LanguagePackSetup", "Computer": "DESKTOP-OFJ6N53", "TimeCreated": "2022-06-18 10:01:48.025747+00:00", "RecordID": "78", "Level": "4", "UserID": "S-1-5-18"}
{"EventID": "4001", "Channel": "Microsoft-Windows-LanguagePackSetup/Operational", "Provider_Name": "Microsoft-Windows-LanguagePackSetup", "Computer": "DESKTOP-OFJ6N53", "TimeCreated": "2022-06-18 10:01:52.776302+00:00", "RecordID": "79", "Level": "4", "UserID": "S-1-5-18"}
{"EventID": "4000", "Channel": "Microsoft-Windows-LanguagePackSetup/Operational", "Provider_Name": "Microsoft-Windows-LanguagePackSetup", "Computer": "DESKTOP-OFJ6N53", "TimeCreated": "2022-06-21 09:49:05.592644+00:00", "RecordID": "80", "Level": "4", "UserID": "S-1-5-18"}
{"EventID": "4001", "Channel": "Microsoft-Windows-LanguagePackSetup/Operational", "Provider_Name": "Microsoft-Windows-LanguagePackSetup", "Computer": "DESKTOP-OFJ6N53", "TimeCreated": "2022-06-21 09:49:06.919291+00:00", "RecordID": "81", "Level": "4", "UserID": "S-1-5-18"}
{"EventID": "4000", "Channel": "Microsoft-Windows-LanguagePackSetup/Operational", "Provider_Name": "Microsoft-Windows-LanguagePackSetup", "Computer": "DESKTOP-OFJ6N53", "TimeCreated": "2022-06-24 10:01:48.413204+00:00", "RecordID": "82", "Level": "4", "UserID": "S-1-5-18"}
{"EventID": "4001", "Channel": "Microsoft-Windows-LanguagePackSetup/Operational", "Provider_Name": "Microsoft-Windows-LanguagePackSetup", "Computer": "DESKTOP-OFJ6N53", "TimeCreated": "2022-06-24 10:01:50.437178+00:00", "RecordID": "83", "Level": "4", "UserID": "S-1-5-18"}
{"EventID": "4000", "Channel": "Microsoft-Windows-LanguagePackSetup/Operational", "Provider_Name": "Microsoft-Windows-LanguagePackSetup", "Computer": "DESKTOP-OFJ6N53", "TimeCreated": "2022-06-27 10:01:46.191092+00:00", "RecordID": "84", "Level": "4", "UserID": "S-1-5-18"}
{"EventID": "4001", "Channel": "Microsoft-Windows-LanguagePackSetup/Operational", "Provider_Name": "Microsoft-Windows-LanguagePackSetup", "Computer": "DESKTOP-OFJ6N53", "TimeCreated": "2022-06-27 10:01:48.463842+00:00", "RecordID": "85", "Level": "4", "UserID": "S-1-5-18"}
{"EventID": "4000", "Channel": "Microsoft-Windows-LanguagePackSetup/Operational", "Provider_Name": "Microsoft-Windows-LanguagePackSetup", "Computer": "DESKTOP-OFJ6N53", "TimeCreated": "2022-06-30 10:01:46.717600+00:00", "RecordID": "86", "Level": "4", "UserID": "S-1-5-18"}
{"EventID": "4001", "Channel": "Microsoft-Windows-LanguagePackSetup/Operational", "Provider_Name": "Microsoft-Windows-LanguagePackSetup", "Computer": "DESKTOP-OFJ6N53", "TimeCreated": "2022-06-30 10:01:48.982718+00:00", "RecordID": "87", "Level": "4", "UserID": "S-1-5-18"}
{"EventID": "4000", "Channel": "Microsoft-Windows-LanguagePackSetup/Operational", "Provider_Name": "Microsoft-Windows-LanguagePackSetup", "Computer": "DESKTOP-OFJ6N53", "TimeCreated": "2022-07-03 10:01:47.390093+00:00", "RecordID": "88", "Level": "4", "UserID": "S-1-5-18"}
{"EventID": "4001", "Channel": "Microsoft-Windows-LanguagePackSetup/Operational", "Provider_Name": "Microsoft-Windows-LanguagePackSetup", "Computer": "DESKTOP-OFJ6N53", "TimeCreated": "2022-07-03 10:01:50.899225+00:00", "RecordID": "89", "Level": "4", "UserID": "S-1-5-18"}
{"EventID": "4000", "Channel": "Microsoft-Windows-LanguagePackSetup/Operational", "Provider_Name": "Microsoft-Windows-LanguagePackSetup", "Computer": "DESKTOP-OFJ6N53", "TimeCreated": "2022-07-06 09:13:20.485903+00:00", "RecordID": "90", "Level": "4", "UserID": "S-1-5-18"}
{"EventID": "4001", "Channel": "Microsoft-Windows-LanguagePackSetup/Operational", "Provider_Name": "Microsoft-Windows-LanguagePackSetup", "Computer": "DESKTOP-OFJ6N53", "TimeCreated": "2022-07-06 09:13:26.615213+00:00", "RecordID": "91", "Level": "4", "UserID": "S-1-5-18"}
{"EventID": "4000", "Channel": "Microsoft-Windows-LanguagePackSetup/Operational", "Provider_Name": "Microsoft-Windows-LanguagePackSetup", "Computer": "DESKTOP-OFJ6N53", "TimeCreated": "2022-07-09 10:01:49.558868+00:00", "RecordID": "92", "Level": "4", "UserID": "S-1-5-18"}
{"EventID": "4001", "Channel": "Microsoft-Windows-LanguagePackSetup/Operational", "Provider_Name": "Microsoft-Windows-LanguagePackSetup", "Computer": "DESKTOP-OFJ6N53", "TimeCreated": "2022-07-09 10:02:01.662144+00:00", "RecordID": "93", "Level": "4", "UserID": "S-1-5-18"}
{"EventID": "4000", "Channel": "Microsoft-Windows-LanguagePackSetup/Operational", "Provider_Name": "Microsoft-Windows-LanguagePackSetup", "Computer": "DESKTOP-OFJ6N53", "TimeCreated": "2022-07-12 08:58:59.517378+00:00", "RecordID": "94", "Level": "4", "UserID": "S-1-5-18"}
{"EventID": "4001", "Channel": "Microsoft-Windows-LanguagePackSetup/Operational", "Provider_Name": "Microsoft-Windows-LanguagePackSetup", "Computer": "DESKTOP-OFJ6N53", "TimeCreated": "2022-07-12 08:58:59.885977+00:00", "RecordID": "95", "Level": "4", "UserID": "S-1-5-18"}
{"EventID": "4000", "Channel": "Microsoft-Windows-LanguagePackSetup/Operational", "Provider_Name": "Microsoft-Windows-LanguagePackSetup", "Computer": "DESKTOP-OFJ6N53", "TimeCreated": "2022-07-15 08:42:29.417822+00:00", "RecordID": "96", "Level": "4", "UserID": "S-1-5-18"}
{"EventID": "4001", "Channel": "Microsoft-Windows-LanguagePackSetup/Operational", "Provider_Name": "Microsoft-Windows-LanguagePackSetup", "Computer": "DESKTOP-OFJ6N53", "TimeCreated": "2022-07-15 08:42:34.313574+00:00", "RecordID": "97", "Level": "4", "UserID": "S-1-5-18"}
{"EventID": "4000", "Channel": "Microsoft-Windows-LanguagePackSetup/Operational", "Provider_Name": "Microsoft-Windows-LanguagePackSetup", "Computer": "DESKTOP-OFJ6N53", "TimeCreated": "2022-07-18 08:42:42.323914+00:00", "RecordID": "98", "Level": "4", "UserID": "S-1-5-18"}
{"EventID": "4001", "Channel": "Microsoft-Windows-LanguagePackSetup/Operational", "Provider_Name": "Microsoft-Windows-LanguagePackSetup", "Computer": "DESKTOP-OFJ6N53", "TimeCreated": "2022-07-18 08:42:45.774393+00:00", "RecordID": "99", "Level": "4", "UserID": "S-1-5-18"}
{"EventID": "4000", "Channel": "Microsoft-Windows-LanguagePackSetup/Operational", "Provider_Name": "Microsoft-Windows-LanguagePackSetup", "Computer": "DESKTOP-OFJ6N53", "TimeCreated": "2022-07-21 08:43:25.014578+00:00", "RecordID": "100", "Level": "4", "UserID": "S-1-5-18"}
{"EventID": "4001", "Channel": "Microsoft-Windows-LanguagePackSetup/Operational", "Provider_Name": "Microsoft-Windows-LanguagePackSetup", "Computer": "DESKTOP-OFJ6N53", "TimeCreated": "2022-07-21 08:43:25.507011+00:00", "RecordID": "101", "Level": "4", "UserID": "S-1-5-18"}
{"EventID": "4000", "Channel": "Microsoft-Windows-LanguagePackSetup/Operational", "Provider_Name": "Microsoft-Windows-LanguagePackSetup", "Computer": "DESKTOP-OFJ6N53", "TimeCreated": "2022-07-24 08:43:39.631420+00:00", "RecordID": "102", "Level": "4", "UserID": "S-1-5-18"}
{"EventID": "4001", "Channel": "Microsoft-Windows-LanguagePackSetup/Operational", "Provider_Name": "Microsoft-Windows-LanguagePackSetup", "Computer": "DESKTOP-OFJ6N53", "TimeCreated": "2022-07-24 08:43:41.521187+00:00", "RecordID": "103", "Level": "4", "UserID": "S-1-5-18"}
{"EventID": "4000", "Channel": "Microsoft-Windows-LanguagePackSetup/Operational", "Provider_Name": "Microsoft-Windows-LanguagePackSetup", "Computer": "DESKTOP-OFJ6N53", "TimeCreated": "2022-07-27 08:43:41.436340+00:00", "RecordID": "104", "Level": "4", "UserID": "S-1-5-18"}
{"EventID": "4001", "Channel": "Microsoft-Windows-LanguagePackSetup/Operational", "Provider_Name": "Microsoft-Windows-LanguagePackSetup", "Computer": "DESKTOP-OFJ6N53", "TimeCreated": "2022-07-27 08:44:06.076550+00:00", "RecordID": "105", "Level": "4", "UserID": "S-1-5-18"}
{"EventID": "4000", "Channel": "Microsoft-Windows-LanguagePackSetup/Operational", "Provider_Name": "Microsoft-Windows-LanguagePackSetup", "Computer": "DESKTOP-OFJ6N53", "TimeCreated": "2022-07-30 08:43:56.930275+00:00", "RecordID": "106", "Level": "4", "UserID": "S-1-5-18"}
{"EventID": "4001", "Channel": "Microsoft-Windows-LanguagePackSetup/Operational", "Provider_Name": "Microsoft-Windows-LanguagePackSetup", "Computer": "DESKTOP-OFJ6N53", "TimeCreated": "2022-07-30 08:44:00.466940+00:00", "RecordID": "107", "Level": "4", "UserID": "S-1-5-18"}
{"EventID": "4000", "Channel": "Microsoft-Windows-LanguagePackSetup/Operational", "Provider_Name": "Microsoft-Windows-LanguagePackSetup", "Computer": "DESKTOP-OFJ6N53", "TimeCreated": "2022-08-02 09:24:45.800205+00:00", "RecordID": "108", "Level": "4", "UserID": "S-1-5-18"}
{"EventID": "4001", "Channel": "Microsoft-Windows-LanguagePackSetup/Operational", "Provider_Name": "Microsoft-Windows-LanguagePackSetup", "Computer": "DESKTOP-OFJ6N53", "TimeCreated": "2022-08-02 09:24:47.816278+00:00", "RecordID": "109", "Level": "4", "UserID": "S-1-5-18"}
{"EventID": "4000", "Channel": "Microsoft-Windows-LanguagePackSetup/Operational", "Provider_Name": "Microsoft-Windows-LanguagePackSetup", "Computer": "DESKTOP-OFJ6N53", "TimeCreated": "2022-08-05 09:04:51.599186+00:00", "RecordID": "110", "Level": "4", "UserID": "S-1-5-18"}
{"EventID": "4001", "Channel": "Microsoft-Windows-LanguagePackSetup/Operational", "Provider_Name": "Microsoft-Windows-LanguagePackSetup", "Computer": "DESKTOP-OFJ6N53", "TimeCreated": "2022-08-05 09:04:53.439816+00:00", "RecordID": "111", "Level": "4", "UserID": "S-1-5-18"}
{"EventID": "4000", "Channel": "Microsoft-Windows-LanguagePackSetup/Operational", "Provider_Name": "Microsoft-Windows-LanguagePackSetup", "Computer": "DESKTOP-OFJ6N53", "TimeCreated": "2022-08-08 08:32:15.471544+00:00", "RecordID": "112", "Level": "4", "UserID": "S-1-5-18"}
{"EventID": "4001", "Channel": "Microsoft-Windows-LanguagePackSetup/Operational", "Provider_Name": "Microsoft-Windows-LanguagePackSetup", "Computer": "DESKTOP-OFJ6N53", "TimeCreated": "2022-08-08 08:32:17.658907+00:00", "RecordID": "113", "Level": "4", "UserID": "S-1-5-18"}
{"EventID": "4000", "Channel": "Microsoft-Windows-LanguagePackSetup/Operational", "Provider_Name": "Microsoft-Windows-LanguagePackSetup", "Computer": "DESKTOP-OFJ6N53", "TimeCreated": "2022-08-11 09:02:27.292450+00:00", "RecordID": "114", "Level": "4", "UserID": "S-1-5-18"}
{"EventID": "4001", "Channel": "Microsoft-Windows-LanguagePackSetup/Operational", "Provider_Name": "Microsoft-Windows-LanguagePackSetup", "Computer": "DESKTOP-OFJ6N53", "TimeCreated": "2022-08-11 09:02:28.663073+00:00", "RecordID": "115", "Level": "4", "UserID": "S-1-5-18"}
{"EventID": "4000", "Channel": "Microsoft-Windows-LanguagePackSetup/Operational", "Provider_Name": "Microsoft-Windows-LanguagePackSetup", "Computer": "DESKTOP-OFJ6N53", "TimeCreated": "2022-08-14 09:09:16.677832+00:00", "RecordID": "116", "Level": "4", "UserID": "S-1-5-18"}
{"EventID": "4001", "Channel": "Microsoft-Windows-LanguagePackSetup/Operational", "Provider_Name": "Microsoft-Windows-LanguagePackSetup", "Computer": "DESKTOP-OFJ6N53", "TimeCreated": "2022-08-14 09:09:19.985256+00:00", "RecordID": "117", "Level": "4", "UserID": "S-1-5-18"}
{"EventID": "4000", "Channel": "Microsoft-Windows-LanguagePackSetup/Operational", "Provider_Name": "Microsoft-Windows-LanguagePackSetup", "Computer": "DESKTOP-OFJ6N53", "TimeCreated": "2022-08-17 09:09:16.912603+00:00", "RecordID": "118", "Level": "4", "UserID": "S-1-5-18"}
{"EventID": "4001", "Channel": "Microsoft-Windows-LanguagePackSetup/Operational", "Provider_Name": "Microsoft-Windows-LanguagePackSetup", "Computer": "DESKTOP-OFJ6N53", "TimeCreated": "2022-08-17 09:09:27.482735+00:00", "RecordID": "119", "Level": "4", "UserID": "S-1-5-18"}
{"EventID": "4000", "Channel": "Microsoft-Windows-LanguagePackSetup/Operational", "Provider_Name": "Microsoft-Windows-LanguagePackSetup", "Computer": "DESKTOP-OFJ6N53", "TimeCreated": "2022-08-20 09:10:16.464079+00:00", "RecordID": "120", "Level": "4", "UserID": "S-1-5-18"}
{"EventID": "4001", "Channel": "Microsoft-Windows-LanguagePackSetup/Operational", "Provider_Name": "Microsoft-Windows-LanguagePackSetup", "Computer": "DESKTOP-OFJ6N53", "TimeCreated": "2022-08-20 09:10:20.174532+00:00", "RecordID": "121", "Level": "4", "UserID": "S-1-5-18"}
{"EventID": "4000", "Channel": "Microsoft-Windows-LanguagePackSetup/Operational", "Provider_Name": "Microsoft-Windows-LanguagePackSetup", "Computer": "DESKTOP-OFJ6N53", "TimeCreated": "2022-08-23 09:08:58.749798+00:00", "RecordID": "122", "Level": "4", "UserID": "S-1-5-18"}
{"EventID": "4001", "Channel": "Microsoft-Windows-LanguagePackSetup/Operational", "Provider_Name": "Microsoft-Windows-LanguagePackSetup", "Computer": "DESKTOP-OFJ6N53", "TimeCreated": "2022-08-23 09:08:59.251064+00:00", "RecordID": "123", "Level": "4", "UserID": "S-1-5-18"}
{"EventID": "4000", "Channel": "Microsoft-Windows-LanguagePackSetup/Operational", "Provider_Name": "Microsoft-Windows-LanguagePackSetup", "Computer": "DESKTOP-OFJ6N53", "TimeCreated": "2022-08-26 09:08:56.375526+00:00", "RecordID": "124", "Level": "4", "UserID": "S-1-5-18"}
{"EventID": "4001", "Channel": "Microsoft-Windows-LanguagePackSetup/Operational", "Provider_Name": "Microsoft-Windows-LanguagePackSetup", "Computer": "DESKTOP-OFJ6N53", "TimeCreated": "2022-08-26 09:08:58.198746+00:00", "RecordID": "125", "Level": "4", "UserID": "S-1-5-18"}
{"EventID": "4000", "Channel": "Microsoft-Windows-LanguagePackSetup/Operational", "Provider_Name": "Microsoft-Windows-LanguagePackSetup", "Computer": "DESKTOP-OFJ6N53", "TimeCreated": "2022-08-29 09:08:42.765203+00:00", "RecordID": "126", "Level": "4", "UserID": "S-1-5-18"}
{"EventID": "4001", "Channel": "Microsoft-Windows-LanguagePackSetup/Operational", "Provider_Name": "Microsoft-Windows-LanguagePackSetup", "Computer": "DESKTOP-OFJ6N53", "TimeCreated": "2022-08-29 09:08:46.561811+00:00", "RecordID": "127", "Level": "4", "UserID": "S-1-5-18"}
{"EventID": "4000", "Channel": "Microsoft-Windows-LanguagePackSetup/Operational", "Provider_Name": "Microsoft-Windows-LanguagePackSetup", "Computer": "DESKTOP-OFJ6N53", "TimeCreated": "2022-09-01 09:08:45.064987+00:00", "RecordID": "128", "Level": "4", "UserID": "S-1-5-18"}
{"EventID": "4001", "Channel": "Microsoft-Windows-LanguagePackSetup/Operational", "Provider_Name": "Microsoft-Windows-LanguagePackSetup", "Computer": "DESKTOP-OFJ6N53", "TimeCreated": "2022-09-01 09:08:51.152729+00:00", "RecordID": "129", "Level": "4", "UserID": "S-1-5-18"}
{"EventID": "4000", "Channel": "Microsoft-Windows-LanguagePackSetup/Operational", "Provider_Name": "Microsoft-Windows-LanguagePackSetup", "Computer": "DESKTOP-OFJ6N53", "TimeCreated": "2022-09-04 09:09:51.858509+00:00", "RecordID": "130", "Level": "4", "UserID": "S-1-5-18"}
{"EventID": "4001", "Channel": "Microsoft-Windows-LanguagePackSetup/Operational", "Provider_Name": "Microsoft-Windows-LanguagePackSetup", "Computer": "DESKTOP-OFJ6N53", "TimeCreated": "2022-09-04 09:09:53.281990+00:00", "RecordID": "131", "Level": "4", "UserID": "S-1-5-18"}
{"EventID": "4000", "Channel": "Microsoft-Windows-LanguagePackSetup/Operational", "Provider_Name": "Microsoft-Windows-LanguagePackSetup", "Computer": "DESKTOP-OFJ6N53", "TimeCreated": "2022-09-07 08:55:12.540253+00:00", "RecordID": "132", "Level": "4", "UserID": "S-1-5-18"}
{"EventID": "4001", "Channel": "Microsoft-Windows-LanguagePackSetup/Operational", "Provider_Name": "Microsoft-Windows-LanguagePackSetup", "Computer": "DESKTOP-OFJ6N53", "TimeCreated": "2022-09-07 08:55:17.784508+00:00", "RecordID": "133", "Level": "4", "UserID": "S-1-5-18"}
{"EventID": "4000", "Channel": "Microsoft-Windows-LanguagePackSetup/Operational", "Provider_Name": "Microsoft-Windows-LanguagePackSetup", "Computer": "DESKTOP-OFJ6N53", "TimeCreated": "2022-09-10 09:02:03.973110+00:00", "RecordID": "134", "Level": "4", "UserID": "S-1-5-18"}
{"EventID": "4001", "Channel": "Microsoft-Windows-LanguagePackSetup/Operational", "Provider_Name": "Microsoft-Windows-LanguagePackSetup", "Computer": "DESKTOP-OFJ6N53", "TimeCreated": "2022-09-10 09:02:05.667507+00:00", "RecordID": "135", "Level": "4", "UserID": "S-1-5-18"}
{"EventID": "4000", "Channel": "Microsoft-Windows-LanguagePackSetup/Operational", "Provider_Name": "Microsoft-Windows-LanguagePackSetup", "Computer": "DESKTOP-OFJ6N53", "TimeCreated": "2022-09-13 08:30:06.278645+00:00", "RecordID": "136", "Level": "4", "UserID": "S-1-5-18"}
{"EventID": "4001", "Channel": "Microsoft-Windows-LanguagePackSetup/Operational", "Provider_Name": "Microsoft-Windows-LanguagePackSetup", "Computer": "DESKTOP-OFJ6N53", "TimeCreated": "2022-09-13 08:30:08.662992+00:00", "RecordID": "137", "Level": "4", "UserID": "S-1-5-18"}
{"EventID": "4000", "Channel": "Microsoft-Windows-LanguagePackSetup/Operational", "Provider_Name": "Microsoft-Windows-LanguagePackSetup", "Computer": "DESKTOP-OFJ6N53", "TimeCreated": "2022-09-16 09:17:36.108622+00:00", "RecordID": "138", "Level": "4", "UserID": "S-1-5-18"}
{"EventID": "4001", "Channel": "Microsoft-Windows-LanguagePackSetup/Operational", "Provider_Name": "Microsoft-Windows-LanguagePackSetup", "Computer": "DESKTOP-OFJ6N53", "TimeCreated": "2022-09-16 09:17:39.481106+00:00", "RecordID": "139", "Level": "4", "UserID": "S-1-5-18"}
{"EventID": "4000", "Channel": "Microsoft-Windows-LanguagePackSetup/Operational", "Provider_Name": "Microsoft-Windows-LanguagePackSetup", "Computer": "DESKTOP-OFJ6N53", "TimeCreated": "2022-09-19 08:35:11.301733+00:00", "RecordID": "140", "Level": "4", "UserID": "S-1-5-18"}
{"EventID": "4001", "Channel": "Microsoft-Windows-LanguagePackSetup/Operational", "Provider_Name": "Microsoft-Windows-LanguagePackSetup", "Computer": "DESKTOP-OFJ6N53", "TimeCreated": "2022-09-19 08:35:12.504093+00:00", "RecordID": "141", "Level": "4", "UserID": "S-1-5-18"}
{"EventID": "4000", "Channel": "Microsoft-Windows-LanguagePackSetup/Operational", "Provider_Name": "Microsoft-Windows-LanguagePackSetup", "Computer": "DESKTOP-OFJ6N53", "TimeCreated": "2022-09-22 08:58:29.295050+00:00", "RecordID": "142", "Level": "4", "UserID": "S-1-5-18"}
{"EventID": "4001", "Channel": "Microsoft-Windows-LanguagePackSetup/Operational", "Provider_Name": "Microsoft-Windows-LanguagePackSetup", "Computer": "DESKTOP-OFJ6N53", "TimeCreated": "2022-09-22 08:58:29.960527+00:00", "RecordID": "143", "Level": "4", "UserID": "S-1-5-18"}
{"EventID": "4000", "Channel": "Microsoft-Windows-LanguagePackSetup/Operational", "Provider_Name": "Microsoft-Windows-LanguagePackSetup", "Computer": "DESKTOP-OFJ6N53", "TimeCreated": "2022-09-25 08:40:35.877943+00:00", "RecordID": "144", "Level": "4", "UserID": "S-1-5-18"}
{"EventID": "4001", "Channel": "Microsoft-Windows-LanguagePackSetup/Operational", "Provider_Name": "Microsoft-Windows-LanguagePackSetup", "Computer": "DESKTOP-OFJ6N53", "TimeCreated": "2022-09-25 08:40:38.481529+00:00", "RecordID": "145", "Level": "4", "UserID": "S-1-5-18"}
{"EventID": "4000", "Channel": "Microsoft-Windows-LanguagePackSetup/Operational", "Provider_Name": "Microsoft-Windows-LanguagePackSetup", "Computer": "DESKTOP-OFJ6N53", "TimeCreated": "2022-09-28 08:40:53.106091+00:00", "RecordID": "146", "Level": "4", "UserID": "S-1-5-18"}
{"EventID": "4001", "Channel": "Microsoft-Windows-LanguagePackSetup/Operational", "Provider_Name": "Microsoft-Windows-LanguagePackSetup", "Computer": "DESKTOP-OFJ6N53", "TimeCreated": "2022-09-28 08:41:05.533766+00:00", "RecordID": "147", "Level": "4", "UserID": "S-1-5-18"}
{"EventID": "4000", "Channel": "Microsoft-Windows-LanguagePackSetup/Operational", "Provider_Name": "Microsoft-Windows-LanguagePackSetup", "Computer": "DESKTOP-OFJ6N53", "TimeCreated": "2022-10-01 09:32:52.925579+00:00", "RecordID": "148", "Level": "4", "UserID": "S-1-5-18"}
{"EventID": "4001", "Channel": "Microsoft-Windows-LanguagePackSetup/Operational", "Provider_Name": "Microsoft-Windows-LanguagePackSetup", "Computer": "DESKTOP-OFJ6N53", "TimeCreated": "2022-10-01 09:32:55.377487+00:00", "RecordID": "149", "Level": "4", "UserID": "S-1-5-18"}
{"EventID": "4000", "Channel": "Microsoft-Windows-LanguagePackSetup/Operational", "Provider_Name": "Microsoft-Windows-LanguagePackSetup", "Computer": "DESKTOP-OFJ6N53", "TimeCreated": "2022-10-04 08:28:01.236513+00:00", "RecordID": "150", "Level": "4", "UserID": "S-1-5-18"}
{"EventID": "4001", "Channel": "Microsoft-Windows-LanguagePackSetup/Operational", "Provider_Name": "Microsoft-Windows-LanguagePackSetup", "Computer": "DESKTOP-OFJ6N53", "TimeCreated": "2022-10-04 08:28:03.179529+00:00", "RecordID": "151", "Level": "4", "UserID": "S-1-5-18"}
{"EventID": "4000", "Channel": "Microsoft-Windows-LanguagePackSetup/Operational", "Provider_Name": "Microsoft-Windows-LanguagePackSetup", "Computer": "DESKTOP-OFJ6N53", "TimeCreated": "2022-10-07 09:16:02.938223+00:00", "RecordID": "152", "Level": "4", "UserID": "S-1-5-18"}
{"EventID": "4001", "Channel": "Microsoft-Windows-LanguagePackSetup/Operational", "Provider_Name": "Microsoft-Windows-LanguagePackSetup", "Computer": "DESKTOP-OFJ6N53", "TimeCreated": "2022-10-07 09:16:07.452112+00:00", "RecordID": "153", "Level": "4", "UserID": "S-1-5-18"}
{"EventID": "4000", "Channel": "Microsoft-Windows-LanguagePackSetup/Operational", "Provider_Name": "Microsoft-Windows-LanguagePackSetup", "Computer": "DESKTOP-OFJ6N53", "TimeCreated": "2022-10-10 08:46:59.652222+00:00", "RecordID": "154", "Level": "4", "UserID": "S-1-5-18"}
{"EventID": "4001", "Channel": "Microsoft-Windows-LanguagePackSetup/Operational", "Provider_Name": "Microsoft-Windows-LanguagePackSetup", "Computer": "DESKTOP-OFJ6N53", "TimeCreated": "2022-10-10 08:47:01.210701+00:00", "RecordID": "155", "Level": "4", "UserID": "S-1-5-18"}
{"EventID": "4000", "Channel": "Microsoft-Windows-LanguagePackSetup/Operational", "Provider_Name": "Microsoft-Windows-LanguagePackSetup", "Computer": "DESKTOP-OFJ6N53", "TimeCreated": "2022-10-13 08:43:07.587141+00:00", "RecordID": "156", "Level": "4", "UserID": "S-1-5-18"}
{"EventID": "4001", "Channel": "Microsoft-Windows-LanguagePackSetup/Operational", "Provider_Name": "Microsoft-Windows-LanguagePackSetup", "Computer": "DESKTOP-OFJ6N53", "TimeCreated": "2022-10-13 08:43:08.627527+00:00", "RecordID": "157", "Level": "4", "UserID": "S-1-5-18"}
{"EventID": "4000", "Channel": "Microsoft-Windows-LanguagePackSetup/Operational", "Provider_Name": "Microsoft-Windows-LanguagePackSetup", "Computer": "DESKTOP-OFJ6N53", "TimeCreated": "2022-10-16 08:43:38.868269+00:00", "RecordID": "158", "Level": "4", "UserID": "S-1-5-18"}
{"EventID": "4001", "Channel": "Microsoft-Windows-LanguagePackSetup/Operational", "Provider_Name": "Microsoft-Windows-LanguagePackSetup", "Computer": "DESKTOP-OFJ6N53", "TimeCreated": "2022-10-16 08:43:42.260866+00:00", "RecordID": "159", "Level": "4", "UserID": "S-1-5-18"}
{"EventID": "4000", "Channel": "Microsoft-Windows-LanguagePackSetup/Operational", "Provider_Name": "Microsoft-Windows-LanguagePackSetup", "Computer": "DESKTOP-OFJ6N53", "TimeCreated": "2022-10-19 09:27:45.719418+00:00", "RecordID": "160", "Level": "4", "UserID": "S-1-5-18"}
{"EventID": "4001", "Channel": "Microsoft-Windows-LanguagePackSetup/Operational", "Provider_Name": "Microsoft-Windows-LanguagePackSetup", "Computer": "DESKTOP-OFJ6N53", "TimeCreated": "2022-10-19 09:27:53.994551+00:00", "RecordID": "161", "Level": "4", "UserID": "S-1-5-18"}
{"EventID": "4000", "Channel": "Microsoft-Windows-LanguagePackSetup/Operational", "Provider_Name": "Microsoft-Windows-LanguagePackSetup", "Computer": "DESKTOP-OFJ6N53", "TimeCreated": "2022-10-22 09:48:25.749920+00:00", "RecordID": "162", "Level": "4", "UserID": "S-1-5-18"}
{"EventID": "4001", "Channel": "Microsoft-Windows-LanguagePackSetup/Operational", "Provider_Name": "Microsoft-Windows-LanguagePackSetup", "Computer": "DESKTOP-OFJ6N53", "TimeCreated": "2022-10-22 09:48:28.414099+00:00", "RecordID": "163", "Level": "4", "UserID": "S-1-5-18"}
{"EventID": "4000", "Channel": "Microsoft-Windows-LanguagePackSetup/Operational", "Provider_Name": "Microsoft-Windows-LanguagePackSetup", "Computer": "DESKTOP-OFJ6N53", "TimeCreated": "2022-10-25 09:48:26.847406+00:00", "RecordID": "164", "Level": "4", "UserID": "S-1-5-18"}
{"EventID": "4001", "Channel": "Microsoft-Windows-LanguagePackSetup/Operational", "Provider_Name": "Microsoft-Windows-LanguagePackSetup", "Computer": "DESKTOP-OFJ6N53", "TimeCreated": "2022-10-25 09:48:29.872417+00:00", "RecordID": "165", "Level": "4", "UserID": "S-1-5-18"}
{"EventID": "4000", "Channel": "Microsoft-Windows-LanguagePackSetup/Operational", "Provider_Name": "Microsoft-Windows-LanguagePackSetup", "Computer": "DESKTOP-OFJ6N53", "TimeCreated": "2022-10-28 09:48:29.397900+00:00", "RecordID": "166", "Level": "4", "UserID": "S-1-5-18"}
{"EventID": "4001", "Channel": "Microsoft-Windows-LanguagePackSetup/Operational", "Provider_Name": "Microsoft-Windows-LanguagePackSetup", "Computer": "DESKTOP-OFJ6N53", "TimeCreated": "2022-10-28 09:48:33.041531+00:00", "RecordID": "167", "Level": "4", "UserID": "S-1-5-18"}
{"EventID": "4000", "Channel": "Microsoft-Windows-LanguagePackSetup/Operational", "Provider_Name": "Microsoft-Windows-LanguagePackSetup", "Computer": "DESKTOP-OFJ6N53", "TimeCreated": "2022-10-31 09:15:11.370710+00:00", "RecordID": "168", "Level": "4", "UserID": "S-1-5-18"}
{"EventID": "4001", "Channel": "Microsoft-Windows-LanguagePackSetup/Operational", "Provider_Name": "Microsoft-Windows-LanguagePackSetup", "Computer": "DESKTOP-OFJ6N53", "TimeCreated": "2022-10-31 09:15:13.638695+00:00", "RecordID": "169", "Level": "4", "UserID": "S-1-5-18"}
{"EventID": "4000", "Channel": "Microsoft-Windows-LanguagePackSetup/Operational", "Provider_Name": "Microsoft-Windows-LanguagePackSetup", "Computer": "DESKTOP-OFJ6N53", "TimeCreated": "2022-11-03 09:48:44.111523+00:00", "RecordID": "170", "Level": "4", "UserID": "S-1-5-18"}
{"EventID": "4001", "Channel": "Microsoft-Windows-LanguagePackSetup/Operational", "Provider_Name": "Microsoft-Windows-LanguagePackSetup", "Computer": "DESKTOP-OFJ6N53", "TimeCreated": "2022-11-03 09:48:46.216219+00:00", "RecordID": "171", "Level": "4", "UserID": "S-1-5-18"}
{"EventID": "4000", "Channel": "Microsoft-Windows-LanguagePackSetup/Operational", "Provider_Name": "Microsoft-Windows-LanguagePackSetup", "Computer": "DESKTOP-OFJ6N53", "TimeCreated": "2022-11-06 09:49:07.356253+00:00", "RecordID": "172", "Level": "4", "UserID": "S-1-5-18"}
{"EventID": "4001", "Channel": "Microsoft-Windows-LanguagePackSetup/Operational", "Provider_Name": "Microsoft-Windows-LanguagePackSetup", "Computer": "DESKTOP-OFJ6N53", "TimeCreated": "2022-11-06 09:49:24.522591+00:00", "RecordID": "173", "Level": "4", "UserID": "S-1-5-18"}
{"EventID": "4000", "Channel": "Microsoft-Windows-LanguagePackSetup/Operational", "Provider_Name": "Microsoft-Windows-LanguagePackSetup", "Computer": "DESKTOP-OFJ6N53", "TimeCreated": "2022-11-09 10:44:14.081106+00:00", "RecordID": "174", "Level": "4", "UserID": "S-1-5-18"}
{"EventID": "4001", "Channel": "Microsoft-Windows-LanguagePackSetup/Operational", "Provider_Name": "Microsoft-Windows-LanguagePackSetup", "Computer": "DESKTOP-OFJ6N53", "TimeCreated": "2022-11-09 10:44:33.675249+00:00", "RecordID": "175", "Level": "4", "UserID": "S-1-5-18"}
{"EventID": "4000", "Channel": "Microsoft-Windows-LanguagePackSetup/Operational", "Provider_Name": "Microsoft-Windows-LanguagePackSetup", "Computer": "DESKTOP-OFJ6N53", "TimeCreated": "2022-11-12 09:28:39.752827+00:00", "RecordID": "176", "Level": "4", "UserID": "S-1-5-18"}
{"EventID": "4001", "Channel": "Microsoft-Windows-LanguagePackSetup/Operational", "Provider_Name": "Microsoft-Windows-LanguagePackSetup", "Computer": "DESKTOP-OFJ6N53", "TimeCreated": "2022-11-12 09:28:44.454880+00:00", "RecordID": "177", "Level": "4", "UserID": "S-1-5-18"}
{"EventID": "4000", "Channel": "Microsoft-Windows-LanguagePackSetup/Operational", "Provider_Name": "Microsoft-Windows-LanguagePackSetup", "Computer": "DESKTOP-OFJ6N53", "TimeCreated": "2022-11-15 09:28:40.500885+00:00", "RecordID": "178", "Level": "4", "UserID": "S-1-5-18"}
{"EventID": "4001", "Channel": "Microsoft-Windows-LanguagePackSetup/Operational", "Provider_Name": "Microsoft-Windows-LanguagePackSetup", "Computer": "DESKTOP-OFJ6N53", "TimeCreated": "2022-11-15 09:28:44.655712+00:00", "RecordID": "179", "Level": "4", "UserID": "S-1-5-18"}
{"EventID": "4000", "Channel": "Microsoft-Windows-LanguagePackSetup/Operational", "Provider_Name": "Microsoft-Windows-LanguagePackSetup", "Computer": "DESKTOP-OFJ6N53", "TimeCreated": "2022-11-18 08:50:23.688457+00:00", "RecordID": "180", "Level": "4", "UserID": "S-1-5-18"}
{"EventID": "4001", "Channel": "Microsoft-Windows-LanguagePackSetup/Operational", "Provider_Name": "Microsoft-Windows-LanguagePackSetup", "Computer": "DESKTOP-OFJ6N53", "TimeCreated": "2022-11-18 08:50:27.532036+00:00", "RecordID": "181", "Level": "4", "UserID": "S-1-5-18"}
{"EventID": "4000", "Channel": "Microsoft-Windows-LanguagePackSetup/Operational", "Provider_Name": "Microsoft-Windows-LanguagePackSetup", "Computer": "DESKTOP-OFJ6N53", "TimeCreated": "2022-11-21 08:27:22.574541+00:00", "RecordID": "182", "Level": "4", "UserID": "S-1-5-18"}
