{"EventID": "325", "Channel": "Microsoft-Windows-AppXDeployment/Operational", "Provider_Name": "Microsoft-Windows-AppXDeployment", "Computer": "DESKTOP-OFJ6N53", "TimeCreated": "2025-08-23 08:05:44.602606+00:00", "RecordID": "651214", "Level": "4", "UserID": "S-1-5-18", "EventData.PackageFamilyName": "Microsoft.Windows.ContentDeliveryManager_cw5n1h2txyewy"}
{"EventID": "325", "Channel": "Microsoft-Windows-AppXDeployment/Operational", "Provider_Name": "Microsoft-Windows-AppXDeployment", "Computer": "DESKTOP-OFJ6N53", "TimeCreated": "2025-08-23 08:25:01.438210+00:00", "RecordID": "651215", "Level": "4", "UserID": "S-1-5-18", "EventData.PackageFamilyName": "Microsoft.WindowsStore_8wekyb3d8bbwe"}
{"EventID": "325", "Channel": "Microsoft-Windows-AppXDeployment/Operational", "Provider_Name": "Microsoft-Windows-AppXDeployment", "Computer": "DESKTOP-OFJ6N53", "TimeCreated": "2025-08-23 08:25:01.498131+00:00", "RecordID": "651216", "Level": "4", "UserID": "S-1-5-18", "EventData.PackageFamilyName": "Microsoft.WindowsStore_8wekyb3d8bbwe"}
{"EventID": "325", "Channel": "Microsoft-Windows-AppXDeployment/Operational", "Provider_Name": "Microsoft-Windows-AppXDeployment", "Computer": "DESKTOP-OFJ6N53", "TimeCreated": "2025-08-23 08:41:01.994846+00:00", "RecordID": "651217", "Level": "4", "UserID": "S-1-5-18", "EventData.PackageFamilyName": "Microsoft.Windows.Search_cw5n1h2txyewy"}
{"EventID": "325", "Channel": "Microsoft-Windows-AppXDeployment/Operational", "Provider_Name": "Microsoft-Windows-AppXDeployment", "Computer": "DESKTOP-OFJ6N53", "TimeCreated": "2025-08-23 08:41:02.005667+00:00", "RecordID": "651218", "Level": "4", "UserID": "S-1-5-18", "EventData.PackageFamilyName": "Microsoft.Windows.Search_cw5n1h2txyewy"}
{"EventID": "325", "Channel": "Microsoft-Windows-AppXDeployment/Operational", "Provider_Name": "Microsoft-Windows-AppXDeployment", "Computer": "DESKTOP-OFJ6N53", "TimeCreated": "2025-08-23 08:55:03.060152+00:00", "RecordID": "651219", "Level": "4", "UserID": "S-1-5-18", "EventData.PackageFamilyName": "Microsoft.Windows.ContentDeliveryManager_cw5n1h2txyewy"}
{"EventID": "325", "Channel": "Microsoft-Windows-AppXDeployment/Operational", "Provider_Name": "Microsoft-Windows-AppXDeployment", "Computer": "DESKTOP-OFJ6N53", "TimeCreated": "2025-08-23 08:55:03.073299+00:00", "RecordID": "651220", "Level": "4", "UserID": "S-1-5-18", "EventData.PackageFamilyName": "Microsoft.Windows.ContentDeliveryManager_cw5n1h2txyewy"}
{"EventID": "325", "Channel": "Microsoft-Windows-AppXDeployment/Operational", "Provider_Name": "Microsoft-Windows-AppXDeployment", "Computer": "DESKTOP-OFJ6N53", "TimeCreated": "2025-08-23 08:55:03.629232+00:00", "RecordID": "651221", "Level": "4", "UserID": "S-1-5-18", "EventData.PackageFamilyName": "Microsoft.Windows.ContentDeliveryManager_cw5n1h2txyewy"}
{"EventID": "325", "Channel": "Microsoft-Windows-AppXDeployment/Operational", "Provider_Name": "Microsoft-Windows-AppXDeployment", "Computer": "DESKTOP-OFJ6N53", "TimeCreated": "2025-08-23 08:55:04.469572+00:00", "RecordID": "651222", "Level": "4", "UserID": "S-1-5-18", "EventData.PackageFamilyName": "Microsoft.AAD.BrokerPlugin_cw5n1h2txyewy"}
{"EventID": "325", "Channel": "Microsoft-Windows-AppXDeployment/Operational", "Provider_Name": "Microsoft-Windows-AppXDeployment", "Computer": "DESKTOP-OFJ6N53", "TimeCreated": "2025-08-23 08:55:04.498365+00:00", "RecordID": "651223", "Level": "4", "UserID": "S-1-5-18", "EventData.PackageFamilyName": "Microsoft.AAD.BrokerPlugin_cw5n1h2txyewy"}
{"EventID": "325", "Channel": "Microsoft-Windows-AppXDeployment/Operational", "Provider_Name": "Microsoft-Windows-AppXDeployment", "Computer": "DESKTOP-OFJ6N53", "TimeCreated": "2025-08-23 08:55:04.508669+00:00", "RecordID": "651224", "Level": "4", "UserID": "S-1-5-18", "EventData.PackageFamilyName": "Microsoft.AAD.BrokerPlugin_cw5n1h2txyewy"}
{"EventID": "325", "Channel": "Microsoft-Windows-AppXDeployment/Operational", "Provider_Name": "Microsoft-Windows-AppXDeployment", "Computer": "DESKTOP-OFJ6N53", "TimeCreated": "2025-08-23 08:55:06.707829+00:00", "RecordID": "651225", "Level": "4", "UserID": "S-1-5-18", "EventData.PackageFamilyName": "Microsoft.Windows.ContentDeliveryManager_cw5n1h2txyewy"}
{"EventID": "325", "Channel": "Microsoft-Windows-AppXDeployment/Operational", "Provider_Name": "Microsoft-Windows-AppXDeployment", "Computer": "DESKTOP-OFJ6N53", "TimeCreated": "2025-08-23 08:55:06.758331+00:00", "RecordID": "651226", "Level": "4", "UserID": "S-1-5-18", "EventData.PackageFamilyName": "Microsoft.Windows.ContentDeliveryManager_cw5n1h2txyewy"}
{"EventID": "325", "Channel": "Microsoft-Windows-AppXDeployment/Operational", "Provider_Name": "Microsoft-Windows-AppXDeployment", "Computer": "DESKTOP-OFJ6N53", "TimeCreated": "2025-08-23 08:55:06.809217+00:00", "RecordID": "651227", "Level": "4", "UserID": "S-1-5-18", "EventData.PackageFamilyName": "Microsoft.Windows.ContentDeliveryManager_cw5n1h2txyewy"}
{"EventID": "325", "Channel": "Microsoft-Windows-AppXDeployment/Operational", "Provider_Name": "Microsoft-Windows-AppXDeployment", "Computer": "DESKTOP-OFJ6N53", "TimeCreated": "2025-08-23 08:55:06.884916+00:00", "RecordID": "651228", "Level": "4", "UserID": "S-1-5-18", "EventData.PackageFamilyName": "Microsoft.Windows.ContentDeliveryManager_cw5n1h2txyewy"}
{"EventID": "325", "Channel": "Microsoft-Windows-AppXDeployment/Operational", "Provider_Name": "Microsoft-Windows-AppXDeployment", "Computer": "DESKTOP-OFJ6N53", "TimeCreated": "2025-08-23 08:55:06.929161+00:00", "RecordID": "651229", "Level": "4", "UserID": "S-1-5-18", "EventData.PackageFamilyName": "Microsoft.Windows.ContentDeliveryManager_cw5n1h2txyewy"}
{"EventID": "325", "Channel": "Microsoft-Windows-AppXDeployment/Operational", "Provider_Name": "Microsoft-Windows-AppXDeployment", "Computer": "DESKTOP-OFJ6N53", "TimeCreated": "2025-08-23 08:55:06.991117+00:00", "RecordID": "651230", "Level": "4", "UserID": "S-1-5-18", "EventData.PackageFamilyName": "Microsoft.Windows.ContentDeliveryManager_cw5n1h2txyewy"}
{"EventID": "325", "Channel": "Microsoft-Windows-AppXDeployment/Operational", "Provider_Name": "Microsoft-Windows-AppXDeployment", "Computer": "DESKTOP-OFJ6N53", "TimeCreated": "2025-08-23 08:55:07.044029+00:00", "RecordID": "651231", "Level": "4", "UserID": "S-1-5-18", "EventData.PackageFamilyName": "Microsoft.Windows.ContentDeliveryManager_cw5n1h2txyewy"}
{"EventID": "325", "Channel": "Microsoft-Windows-AppXDeployment/Operational", "Provider_Name": "Microsoft-Windows-AppXDeployment", "Computer": "DESKTOP-OFJ6N53", "TimeCreated": "2025-08-23 08:55:07.132288+00:00", "RecordID": "651232", "Level": "4", "UserID": "S-1-5-18", "EventData.PackageFamilyName": "Microsoft.Windows.ContentDeliveryManager_cw5n1h2txyewy"}
{"EventID": "325", "Channel": "Microsoft-Windows-AppXDeployment/Operational", "Provider_Name": "Microsoft-Windows-AppXDeployment", "Computer": "DESKTOP-OFJ6N53", "TimeCreated": "2025-08-23 08:55:07.280981+00:00", "RecordID": "651233", "Level": "4", "UserID": "S-1-5-18", "EventData.PackageFamilyName": "Microsoft.Windows.ContentDeliveryManager_cw5n1h2txyewy"}
{"EventID": "325", "Channel": "Microsoft-Windows-AppXDeployment/Operational", "Provider_Name": "Microsoft-Windows-AppXDeployment", "Computer": "DESKTOP-OFJ6N53", "TimeCreated": "2025-08-23 08:55:07.330893+00:00", "RecordID": "651234", "Level": "4", "UserID": "S-1-5-18", "EventData.PackageFamilyName": "Microsoft.Windows.ContentDeliveryManager_cw5n1h2txyewy"}
{"EventID": "325", "Channel": "Microsoft-Windows-AppXDeployment/Operational", "Provider_Name": "Microsoft-Windows-AppXDeployment", "Computer": "DESKTOP-OFJ6N53", "TimeCreated": "2025-08-23 08:55:07.380150+00:00", "RecordID": "651235", "Level": "4", "UserID": "S-1-5-18", "EventData.PackageFamilyName": "Microsoft.Windows.ContentDeliveryManager_cw5n1h2txyewy"}
{"EventID": "325", "Channel": "Microsoft-Windows-AppXDeployment/Operational", "Provider_Name": "Microsoft-Windows-AppXDeployment", "Computer": "DESKTOP-OFJ6N53", "TimeCreated": "2025-08-23 08:55:07.428560+00:00", "RecordID": "651236", "Level": "4", "UserID": "S-1-5-18", "EventData.PackageFamilyName": "Microsoft.Windows.ContentDeliveryManager_cw5n1h2txyewy"}
{"EventID": "325", "Channel": "Microsoft-Windows-AppXDeployment/Operational", "Provider_Name": "Microsoft-Windows-AppXDeployment", "Computer": "DESKTOP-OFJ6N53", "TimeCreated": "2025-08-23 08:55:08.124332+00:00", "RecordID": "651237", "Level": "4", "UserID": "S-1-5-18", "EventData.PackageFamilyName": "Microsoft.Windows.ContentDeliveryManager_cw5n1h2txyewy"}
{"EventID": "325", "Channel": "Microsoft-Windows-AppXDeployment/Operational", "Provider_Name": "Microsoft-Windows-AppXDeployment", "Computer": "DESKTOP-OFJ6N53", "TimeCreated": "2025-08-23 08:55:08.187641+00:00", "RecordID": "651238", "Level": "4", "UserID": "S-1-5-18", "EventData.PackageFamilyName": "Microsoft.Windows.ContentDeliveryManager_cw5n1h2txyewy"}
{"EventID": "325", "Channel": "Microsoft-Windows-AppXDeployment/Operational", "Provider_Name": "Microsoft-Windows-AppXDeployment", "Computer": "DESKTOP-OFJ6N53", "TimeCreated": "2025-08-23 08:55:08.254339+00:00", "RecordID": "651239", "Level": "4", "UserID": "S-1-5-18", "EventData.PackageFamilyName": "Microsoft.Windows.ContentDeliveryManager_cw5n1h2txyewy"}
{"EventID": "325", "Channel": "Microsoft-Windows-AppXDeployment/Operational", "Provider_Name": "Microsoft-Windows-AppXDeployment", "Computer": "DESKTOP-OFJ6N53", "TimeCreated": "2025-08-23 08:55:08.317019+00:00", "RecordID": "651240", "Level": "4", "UserID": "S-1-5-18", "EventData.PackageFamilyName": "Microsoft.Windows.ContentDeliveryManager_cw5n1h2txyewy"}
{"EventID": "325", "Channel": "Microsoft-Windows-AppXDeployment/Operational", "Provider_Name": "Microsoft-Windows-AppXDeployment", "Computer": "DESKTOP-OFJ6N53", "TimeCreated": "2025-08-23 08:55:08.378460+00:00", "RecordID": "651241", "Level": "4", "UserID": "S-1-5-18", "EventData.PackageFamilyName": "Microsoft.Windows.ContentDeliveryManager_cw5n1h2txyewy"}
{"EventID": "325", "Channel": "Microsoft-Windows-AppXDeployment/Operational", "Provider_Name": "Microsoft-Windows-AppXDeployment", "Computer": "DESKTOP-OFJ6N53", "TimeCreated": "2025-08-23 08:55:08.490654+00:00", "RecordID": "651242", "Level": "4", "UserID": "S-1-5-18", "EventData.PackageFamilyName": "Microsoft.Windows.ContentDeliveryManager_cw5n1h2txyewy"}
{"EventID": "325", "Channel": "Microsoft-Windows-AppXDeployment/Operational", "Provider_Name": "Microsoft-Windows-AppXDeployment", "Computer": "DESKTOP-OFJ6N53", "TimeCreated": "2025-08-23 08:55:08.554712+00:00", "RecordID": "651243", "Level": "4", "UserID": "S-1-5-18", "EventData.PackageFamilyName": "Microsoft.Windows.ContentDeliveryManager_cw5n1h2txyewy"}
{"EventID": "325", "Channel": "Microsoft-Windows-AppXDeployment/Operational", "Provider_Name": "Microsoft-Windows-AppXDeployment", "Computer": "DESKTOP-OFJ6N53", "TimeCreated": "2025-08-23 08:55:09.161497+00:00", "RecordID": "651244", "Level": "4", "UserID": "S-1-5-18", "EventData.PackageFamilyName": "Microsoft.Windows.ContentDeliveryManager_cw5n1h2txyewy"}
{"EventID": "325", "Channel": "Microsoft-Windows-AppXDeployment/Operational", "Provider_Name": "Microsoft-Windows-AppXDeployment", "Computer": "DESKTOP-OFJ6N53", "TimeCreated": "2025-08-23 08:55:09.303658+00:00", "RecordID": "651245", "Level": "4", "UserID": "S-1-5-18", "EventData.PackageFamilyName": "Microsoft.Windows.ContentDeliveryManager_cw5n1h2txyewy"}
{"EventID": "325", "Channel": "Microsoft-Windows-AppXDeployment/Operational", "Provider_Name": "Microsoft-Windows-AppXDeployment", "Computer": "DESKTOP-OFJ6N53", "TimeCreated": "2025-08-23 08:55:09.365511+00:00", "RecordID": "651246", "Level": "4", "UserID": "S-1-5-18", "EventData.PackageFamilyName": "Microsoft.Windows.ContentDeliveryManager_cw5n1h2txyewy"}
{"EventID": "325", "Channel": "Microsoft-Windows-AppXDeployment/Operational", "Provider_Name": "Microsoft-Windows-AppXDeployment", "Computer": "DESKTOP-OFJ6N53", "TimeCreated": "2025-08-23 08:55:09.428247+00:00", "RecordID": "651247", "Level": "4", "UserID": "S-1-5-18", "EventData.PackageFamilyName": "Microsoft.Windows.ContentDeliveryManager_cw5n1h2txyewy"}
{"EventID": "325", "Channel": "Microsoft-Windows-AppXDeployment/Operational", "Provider_Name": "Microsoft-Windows-AppXDeployment", "Computer": "DESKTOP-OFJ6N53", "TimeCreated": "2025-08-23 08:55:09.551476+00:00", "RecordID": "651248", "Level": "4", "UserID": "S-1-5-18", "EventData.PackageFamilyName": "Microsoft.Windows.ContentDeliveryManager_cw5n1h2txyewy"}
{"EventID": "325", "Channel": "Microsoft-Windows-AppXDeployment/Operational", "Provider_Name": "Microsoft-Windows-AppXDeployment", "Computer": "DESKTOP-OFJ6N53", "TimeCreated": "2025-08-23 08:55:09.615488+00:00", "RecordID": "651249", "Level": "4", "UserID": "S-1-5-18", "EventData.PackageFamilyName": "Microsoft.Windows.ContentDeliveryManager_cw5n1h2txyewy"}
{"EventID": "325", "Channel": "Microsoft-Windows-AppXDeployment/Operational", "Provider_Name": "Microsoft-Windows-AppXDeployment", "Computer": "DESKTOP-OFJ6N53", "TimeCreated": "2025-08-23 08:55:10.282274+00:00", "RecordID": "651250", "Level": "4", "UserID": "S-1-5-18", "EventData.PackageFamilyName": "Microsoft.Windows.ContentDeliveryManager_cw5n1h2txyewy"}
{"EventID": "325", "Channel": "Microsoft-Windows-AppXDeployment/Operational", "Provider_Name": "Microsoft-Windows-AppXDeployment", "Computer": "DESKTOP-OFJ6N53", "TimeCreated": "2025-08-23 09:04:03.116899+00:00", "RecordID": "651251", "Level": "4", "UserID": "S-1-5-18", "EventData.PackageFamilyName": "Microsoft.Windows.ContentDeliveryManager_cw5n1h2txyewy"}
{"EventID": "325", "Channel": "Microsoft-Windows-AppXDeployment/Operational", "Provider_Name": "Microsoft-Windows-AppXDeployment", "Computer": "DESKTOP-OFJ6N53", "TimeCreated": "2025-08-23 09:04:03.129652+00:00", "RecordID": "651252", "Level": "4", "UserID": "S-1-5-18", "EventData.PackageFamilyName": "Microsoft.Windows.ContentDeliveryManager_cw5n1h2txyewy"}
{"EventID": "325", "Channel": "Microsoft-Windows-AppXDeployment/Operational", "Provider_Name": "Microsoft-Windows-AppXDeployment", "Computer": "DESKTOP-OFJ6N53", "TimeCreated": "2025-08-23 09:04:03.612528+00:00", "RecordID": "651253", "Level": "4", "UserID": "S-1-5-18", "EventData.PackageFamilyName": "Microsoft.Windows.ContentDeliveryManager_cw5n1h2txyewy"}
{"EventID": "325", "Channel": "Microsoft-Windows-AppXDeployment/Operational", "Provider_Name": "Microsoft-Windows-AppXDeployment", "Computer": "DESKTOP-OFJ6N53", "TimeCreated": "2025-08-23 09:04:03.978415+00:00", "RecordID": "651254", "Level": "4", "UserID": "S-1-5-18", "EventData.PackageFamilyName": "Microsoft.AAD.BrokerPlugin_cw5n1h2txyewy"}
{"EventID": "325", "Channel": "Microsoft-Windows-AppXDeployment/Operational", "Provider_Name": "Microsoft-Windows-AppXDeployment", "Computer": "DESKTOP-OFJ6N53", "TimeCreated": "2025-08-23 09:04:04.095264+00:00", "RecordID": "651255", "Level": "4", "UserID": "S-1-5-18", "EventData.PackageFamilyName": "Microsoft.AAD.BrokerPlugin_cw5n1h2txyewy"}
{"EventID": "325", "Channel": "Microsoft-Windows-AppXDeployment/Operational", "Provider_Name": "Microsoft-Windows-AppXDeployment", "Computer": "DESKTOP-OFJ6N53", "TimeCreated": "2025-08-23 09:04:04.105644+00:00", "RecordID": "651256", "Level": "4", "UserID": "S-1-5-18", "EventData.PackageFamilyName": "Microsoft.AAD.BrokerPlugin_cw5n1h2txyewy"}
{"EventID": "325", "Channel": "Microsoft-Windows-AppXDeployment/Operational", "Provider_Name": "Microsoft-Windows-AppXDeployment", "Computer": "DESKTOP-OFJ6N53", "TimeCreated": "2025-08-23 10:00:20.161938+00:00", "RecordID": "651257", "Level": "4", "UserID": "S-1-5-18", "EventData.PackageFamilyName": "Microsoft.AAD.BrokerPlugin_cw5n1h2txyewy"}
{"EventID": "325", "Channel": "Microsoft-Windows-AppXDeployment/Operational", "Provider_Name": "Microsoft-Windows-AppXDeployment", "Computer": "DESKTOP-OFJ6N53", "TimeCreated": "2025-08-23 10:00:20.186611+00:00", "RecordID": "651258", "Level": "4", "UserID": "S-1-5-18", "EventData.PackageFamilyName": "Microsoft.AAD.BrokerPlugin_cw5n1h2txyewy"}
{"EventID": "325", "Channel": "Microsoft-Windows-AppXDeployment/Operational", "Provider_Name": "Microsoft-Windows-AppXDeployment", "Computer": "DESKTOP-OFJ6N53", "TimeCreated": "2025-08-23 10:00:20.196487+00:00", "RecordID": "651259", "Level": "4", "UserID": "S-1-5-18", "EventData.PackageFamilyName": "Microsoft.AAD.BrokerPlugin_cw5n1h2txyewy"}
{"EventID": "325", "Channel": "Microsoft-Windows-AppXDeployment/Operational", "Provider_Name": "Microsoft-Windows-AppXDeployment", "Computer": "DESKTOP-OFJ6N53", "TimeCreated": "2025-08-23 10:05:05.082842+00:00", "RecordID": "651260", "Level": "4", "UserID": "S-1-5-18", "EventData.PackageFamilyName": "Microsoft.Windows.ContentDeliveryManager_cw5n1h2txyewy"}
{"EventID": "325", "Channel": "Microsoft-Windows-AppXDeployment/Operational", "Provider_Name": "Microsoft-Windows-AppXDeployment", "Computer": "DESKTOP-OFJ6N53", "TimeCreated": "2025-08-23 10:05:05.094885+00:00", "RecordID": "651261", "Level": "4", "UserID": "S-1-5-18", "EventData.PackageFamilyName": "Microsoft.Windows.ContentDeliveryManager_cw5n1h2txyewy"}
{"EventID": "325", "Channel": "Microsoft-Windows-AppXDeployment/Operational", "Provider_Name": "Microsoft-Windows-AppXDeployment", "Computer": "DESKTOP-OFJ6N53", "TimeCreated": "2025-08-23 10:05:05.719913+00:00", "RecordID": "651262", "Level": "4", "UserID": "S-1-5-18", "EventData.PackageFamilyName": "Microsoft.Windows.ContentDeliveryManager_cw5n1h2txyewy"}
{"EventID": "325", "Channel": "Microsoft-Windows-AppXDeployment/Operational", "Provider_Name": "Microsoft-Windows-AppXDeployment", "Computer": "DESKTOP-OFJ6N53", "TimeCreated": "2025-08-23 10:05:05.816172+00:00", "RecordID": "651263", "Level": "4", "UserID": "S-1-5-18", "EventData.PackageFamilyName": "Microsoft.AAD.BrokerPlugin_cw5n1h2txyewy"}
{"EventID": "325", "Channel": "Microsoft-Windows-AppXDeployment/Operational", "Provider_Name": "Microsoft-Windows-AppXDeployment", "Computer": "DESKTOP-OFJ6N53", "TimeCreated": "2025-08-23 10:05:05.842531+00:00", "RecordID": "651264", "Level": "4", "UserID": "S-1-5-18", "EventData.PackageFamilyName": "Microsoft.AAD.BrokerPlugin_cw5n1h2txyewy"}
{"EventID": "325", "Channel": "Microsoft-Windows-AppXDeployment/Operational", "Provider_Name": "Microsoft-Windows-AppXDeployment", "Computer": "DESKTOP-OFJ6N53", "TimeCreated": "2025-08-23 10:05:05.852041+00:00", "RecordID": "651265", "Level": "4", "UserID": "S-1-5-18", "EventData.PackageFamilyName": "Microsoft.AAD.BrokerPlugin_cw5n1h2txyewy"}
{"EventID": "325", "Channel": "Microsoft-Windows-AppXDeployment/Operational", "Provider_Name": "Microsoft-Windows-AppXDeployment", "Computer": "DESKTOP-OFJ6N53", "TimeCreated": "2025-08-23 10:05:12.202269+00:00", "RecordID": "651266", "Level": "4", "UserID": "S-1-5-18", "EventData.PackageFamilyName": "Microsoft.Windows.ContentDeliveryManager_cw5n1h2txyewy"}
{"EventID": "325", "Channel": "Microsoft-Windows-AppXDeployment/Operational", "Provider_Name": "Microsoft-Windows-AppXDeployment", "Computer": "DESKTOP-OFJ6N53", "TimeCreated": "2025-08-23 10:05:12.372866+00:00", "RecordID": "651267", "Level": "4", "UserID": "S-1-5-18", "EventData.PackageFamilyName": "Microsoft.Windows.ContentDeliveryManager_cw5n1h2txyewy"}
{"EventID": "325", "Channel": "Microsoft-Windows-AppXDeployment/Operational", "Provider_Name": "Microsoft-Windows-AppXDeployment", "Computer": "DESKTOP-OFJ6N53", "TimeCreated": "2025-08-23 10:05:12.688837+00:00", "RecordID": "651268", "Level": "4", "UserID": "S-1-5-18", "EventData.PackageFamilyName": "Microsoft.Windows.ContentDeliveryManager_cw5n1h2txyewy"}
{"EventID": "325", "Channel": "Microsoft-Windows-AppXDeployment/Operational", "Provider_Name": "Microsoft-Windows-AppXDeployment", "Computer": "DESKTOP-OFJ6N53", "TimeCreated": "2025-08-23 10:10:05.131638+00:00", "RecordID": "651269", "Level": "4", "UserID": "S-1-5-18", "EventData.PackageFamilyName": "Microsoft.Windows.ContentDeliveryManager_cw5n1h2txyewy"}
{"EventID": "325", "Channel": "Microsoft-Windows-AppXDeployment/Operational", "Provider_Name": "Microsoft-Windows-AppXDeployment", "Computer": "DESKTOP-OFJ6N53", "TimeCreated": "2025-08-23 10:10:05.144201+00:00", "RecordID": "651270", "Level": "4", "UserID": "S-1-5-18", "EventData.PackageFamilyName": "Microsoft.Windows.ContentDeliveryManager_cw5n1h2txyewy"}
{"EventID": "325", "Channel": "Microsoft-Windows-AppXDeployment/Operational", "Provider_Name": "Microsoft-Windows-AppXDeployment", "Computer": "DESKTOP-OFJ6N53", "TimeCreated": "2025-08-23 10:10:05.771975+00:00", "RecordID": "651271", "Level": "4", "UserID": "S-1-5-18", "EventData.PackageFamilyName": "Microsoft.Windows.ContentDeliveryManager_cw5n1h2txyewy"}
{"EventID": "325", "Channel": "Microsoft-Windows-AppXDeployment/Operational", "Provider_Name": "Microsoft-Windows-AppXDeployment", "Computer": "DESKTOP-OFJ6N53", "TimeCreated": "2025-08-23 10:10:05.815905+00:00", "RecordID": "651272", "Level": "4", "UserID": "S-1-5-18", "EventData.PackageFamilyName": "Microsoft.Windows.ContentDeliveryManager_cw5n1h2txyewy"}
{"EventID": "325", "Channel": "Microsoft-Windows-AppXDeployment/Operational", "Provider_Name": "Microsoft-Windows-AppXDeployment", "Computer": "DESKTOP-OFJ6N53", "TimeCreated": "2025-08-23 10:10:29.551470+00:00", "RecordID": "651273", "Level": "4", "UserID": "S-1-5-18", "EventData.PackageFamilyName": "Microsoft.Windows.ContentDeliveryManager_cw5n1h2txyewy"}
{"EventID": "325", "Channel": "Microsoft-Windows-AppXDeployment/Operational", "Provider_Name": "Microsoft-Windows-AppXDeployment", "Computer": "DESKTOP-OFJ6N53", "TimeCreated": "2025-08-23 10:10:29.562452+00:00", "RecordID": "651274", "Level": "4", "UserID": "S-1-5-18", "EventData.PackageFamilyName": "Microsoft.Windows.ContentDeliveryManager_cw5n1h2txyewy"}
{"EventID": "325", "Channel": "Microsoft-Windows-AppXDeployment/Operational", "Provider_Name": "Microsoft-Windows-AppXDeployment", "Computer": "DESKTOP-OFJ6N53", "TimeCreated": "2025-08-23 10:10:29.936991+00:00", "RecordID": "651275", "Level": "4", "UserID": "S-1-5-18", "EventData.PackageFamilyName": "Microsoft.Windows.ContentDeliveryManager_cw5n1h2txyewy"}
{"EventID": "325", "Channel": "Microsoft-Windows-AppXDeployment/Operational", "Provider_Name": "Microsoft-Windows-AppXDeployment", "Computer": "DESKTOP-OFJ6N53", "TimeCreated": "2025-08-23 10:10:29.992743+00:00", "RecordID": "651276", "Level": "4", "UserID": "S-1-5-18", "EventData.PackageFamilyName": "Microsoft.AAD.BrokerPlugin_cw5n1h2txyewy"}
{"EventID": "325", "Channel": "Microsoft-Windows-AppXDeployment/Operational", "Provider_Name": "Microsoft-Windows-AppXDeployment", "Computer": "DESKTOP-OFJ6N53", "TimeCreated": "2025-08-23 10:10:30.014139+00:00", "RecordID": "651277", "Level": "4", "UserID": "S-1-5-18", "EventData.PackageFamilyName": "Microsoft.AAD.BrokerPlugin_cw5n1h2txyewy"}
{"EventID": "325", "Channel": "Microsoft-Windows-AppXDeployment/Operational", "Provider_Name": "Microsoft-Windows-AppXDeployment", "Computer": "DESKTOP-OFJ6N53", "TimeCreated": "2025-08-23 10:10:30.023840+00:00", "RecordID": "651278", "Level": "4", "UserID": "S-1-5-18", "EventData.PackageFamilyName": "Microsoft.AAD.BrokerPlugin_cw5n1h2txyewy"}
{"EventID": "325", "Channel": "Microsoft-Windows-AppXDeployment/Operational", "Provider_Name": "Microsoft-Windows-AppXDeployment", "Computer": "DESKTOP-OFJ6N53", "TimeCreated": "2025-08-23 10:10:35.399694+00:00", "RecordID": "651279", "Level": "4", "UserID": "S-1-5-18", "EventData.PackageFamilyName": "Microsoft.Windows.ContentDeliveryManager_cw5n1h2txyewy"}
{"EventID": "325", "Channel": "Microsoft-Windows-AppXDeployment/Operational", "Provider_Name": "Microsoft-Windows-AppXDeployment", "Computer": "DESKTOP-OFJ6N53", "TimeCreated": "2025-08-23 10:10:35.437319+00:00", "RecordID": "651280", "Level": "4", "UserID": "S-1-5-18", "EventData.PackageFamilyName": "Microsoft.Windows.ContentDeliveryManager_cw5n1h2txyewy"}
{"EventID": "325", "Channel": "Microsoft-Windows-AppXDeployment/Operational", "Provider_Name": "Microsoft-Windows-AppXDeployment", "Computer": "DESKTOP-OFJ6N53", "TimeCreated": "2025-08-23 10:10:35.447609+00:00", "RecordID": "651281", "Level": "4", "UserID": "S-1-5-18", "EventData.PackageFamilyName": "Microsoft.Windows.ContentDeliveryManager_cw5n1h2txyewy"}
{"EventID": "325", "Channel": "Microsoft-Windows-AppXDeployment/Operational", "Provider_Name": "Microsoft-Windows-AppXDeployment", "Computer": "DESKTOP-OFJ6N53", "TimeCreated": "2025-08-23 10:10:35.636070+00:00", "RecordID": "651282", "Level": "4", "UserID": "S-1-5-18", "EventData.PackageFamilyName": "Microsoft.Windows.ContentDeliveryManager_cw5n1h2txyewy"}
{"EventID": "325", "Channel": "Microsoft-Windows-AppXDeployment/Operational", "Provider_Name": "Microsoft-Windows-AppXDeployment", "Computer": "DESKTOP-OFJ6N53", "TimeCreated": "2025-08-23 10:10:35.636137+00:00", "RecordID": "651283", "Level": "4", "UserID": "S-1-5-18", "EventData.PackageFamilyName": "Microsoft.Windows.ContentDeliveryManager_cw5n1h2txyewy"}
{"EventID": "325", "Channel": "Microsoft-Windows-AppXDeployment/Operational", "Provider_Name": "Microsoft-Windows-AppXDeployment", "Computer": "DESKTOP-OFJ6N53", "TimeCreated": "2025-08-23 10:10:35.751799+00:00", "RecordID": "651284", "Level": "4", "UserID": "S-1-5-18", "EventData.PackageFamilyName": "Microsoft.Windows.ContentDeliveryManager_cw5n1h2txyewy"}
{"EventID": "325", "Channel": "Microsoft-Windows-AppXDeployment/Operational", "Provider_Name": "Microsoft-Windows-AppXDeployment", "Computer": "DESKTOP-OFJ6N53", "TimeCreated": "2025-08-23 10:10:35.798367+00:00", "RecordID": "651285", "Level": "4", "UserID": "S-1-5-18", "EventData.PackageFamilyName": "Microsoft.Windows.ContentDeliveryManager_cw5n1h2txyewy"}
{"EventID": "325", "Channel": "Microsoft-Windows-AppXDeployment/Operational", "Provider_Name": "Microsoft-Windows-AppXDeployment", "Computer": "DESKTOP-OFJ6N53", "TimeCreated": "2025-08-23 10:11:05.192329+00:00", "RecordID": "651286", "Level": "4", "UserID": "S-1-5-18", "EventData.PackageFamilyName": "Microsoft.Windows.ContentDeliveryManager_cw5n1h2txyewy"}
{"EventID": "325", "Channel": "Microsoft-Windows-AppXDeployment/Operational", "Provider_Name": "Microsoft-Windows-AppXDeployment", "Computer": "DESKTOP-OFJ6N53", "TimeCreated": "2025-08-23 10:11:05.203856+00:00", "RecordID": "651287", "Level": "4", "UserID": "S-1-5-18", "EventData.PackageFamilyName": "Microsoft.Windows.ContentDeliveryManager_cw5n1h2txyewy"}
{"EventID": "325", "Channel": "Microsoft-Windows-AppXDeployment/Operational", "Provider_Name": "Microsoft-Windows-AppXDeployment", "Computer": "DESKTOP-OFJ6N53", "TimeCreated": "2025-08-23 10:11:05.621338+00:00", "RecordID": "651288", "Level": "4", "UserID": "S-1-5-18", "EventData.PackageFamilyName": "Microsoft.Windows.ContentDeliveryManager_cw5n1h2txyewy"}
{"EventID": "325", "Channel": "Microsoft-Windows-AppXDeployment/Operational", "Provider_Name": "Microsoft-Windows-AppXDeployment", "Computer": "DESKTOP-OFJ6N53", "TimeCreated": "2025-08-23 10:12:05.195578+00:00", "RecordID": "651289", "Level": "4", "UserID": "S-1-5-18", "EventData.PackageFamilyName": "Microsoft.Windows.ContentDeliveryManager_cw5n1h2txyewy"}
{"EventID": "325", "Channel": "Microsoft-Windows-AppXDeployment/Operational", "Provider_Name": "Microsoft-Windows-AppXDeployment", "Computer": "DESKTOP-OFJ6N53", "TimeCreated": "2025-08-23 10:12:05.207150+00:00", "RecordID": "651290", "Level": "4", "UserID": "S-1-5-18", "EventData.PackageFamilyName": "Microsoft.Windows.ContentDeliveryManager_cw5n1h2txyewy"}
{"EventID": "325", "Channel": "Microsoft-Windows-AppXDeployment/Operational", "Provider_Name": "Microsoft-Windows-AppXDeployment", "Computer": "DESKTOP-OFJ6N53", "TimeCreated": "2025-08-23 10:12:05.216240+00:00", "RecordID": "651291", "Level": "4", "UserID": "S-1-5-18", "EventData.PackageFamilyName": "Microsoft.Windows.ContentDeliveryManager_cw5n1h2txyewy"}
{"EventID": "325", "Channel": "Microsoft-Windows-AppXDeployment/Operational", "Provider_Name": "Microsoft-Windows-AppXDeployment", "Computer": "DESKTOP-OFJ6N53", "TimeCreated": "2025-08-23 10:12:05.224634+00:00", "RecordID": "651292", "Level": "4", "UserID": "S-1-5-18", "EventData.PackageFamilyName": "Microsoft.Windows.ContentDeliveryManager_cw5n1h2txyewy"}
{"EventID": "325", "Channel": "Microsoft-Windows-AppXDeployment/Operational", "Provider_Name": "Microsoft-Windows-AppXDeployment", "Computer": "DESKTOP-OFJ6N53", "TimeCreated": "2025-08-23 10:12:05.508524+00:00", "RecordID": "651293", "Level": "4", "UserID": "S-1-5-18", "EventData.PackageFamilyName": "Microsoft.Windows.ContentDeliveryManager_cw5n1h2txyewy"}
{"EventID": "325", "Channel": "Microsoft-Windows-AppXDeployment/Operational", "Provider_Name": "Microsoft-Windows-AppXDeployment", "Computer": "DESKTOP-OFJ6N53", "TimeCreated": "2025-08-23 10:12:05.551435+00:00", "RecordID": "651294", "Level": "4", "UserID": "S-1-5-18", "EventData.PackageFamilyName": "Microsoft.Windows.ContentDeliveryManager_cw5n1h2txyewy"}
{"EventID": "325", "Channel": "Microsoft-Windows-AppXDeployment/Operational", "Provider_Name": "Microsoft-Windows-AppXDeployment", "Computer": "DESKTOP-OFJ6N53", "TimeCreated": "2025-08-23 10:12:08.080835+00:00", "RecordID": "651295", "Level": "4", "UserID": "S-1-5-18", "EventData.PackageFamilyName": "Microsoft.Windows.ContentDeliveryManager_cw5n1h2txyewy"}
{"EventID": "325", "Channel": "Microsoft-Windows-AppXDeployment/Operational", "Provider_Name": "Microsoft-Windows-AppXDeployment", "Computer": "DESKTOP-OFJ6N53", "TimeCreated": "2025-08-23 10:12:08.271715+00:00", "RecordID": "651296", "Level": "4", "UserID": "S-1-5-18", "EventData.PackageFamilyName": "Microsoft.Windows.ContentDeliveryManager_cw5n1h2txyewy"}
{"EventID": "325", "Channel": "Microsoft-Windows-AppXDeployment/Operational", "Provider_Name": "Microsoft-Windows-AppXDeployment", "Computer": "DESKTOP-OFJ6N53", "TimeCreated": "2025-08-23 10:22:57.197010+00:00", "RecordID": "651297", "Level": "4", "UserID": "S-1-5-18", "EventData.PackageFamilyName": "Microsoft.AAD.BrokerPlugin_cw5n1h2txyewy"}
{"EventID": "325", "Channel": "Microsoft-Windows-AppXDeployment/Operational", "Provider_Name": "Microsoft-Windows-AppXDeployment", "Computer": "DESKTOP-OFJ6N53", "TimeCreated": "2025-08-23 10:22:57.217722+00:00", "RecordID": "651298", "Level": "4", "UserID": "S-1-5-18", "EventData.PackageFamilyName": "Microsoft.AAD.BrokerPlugin_cw5n1h2txyewy"}
{"EventID": "325", "Channel": "Microsoft-Windows-AppXDeployment/Operational", "Provider_Name": "Microsoft-Windows-AppXDeployment", "Computer": "DESKTOP-OFJ6N53", "TimeCreated": "2025-08-23 10:22:57.228336+00:00", "RecordID": "651299", "Level": "4", "UserID": "S-1-5-18", "EventData.PackageFamilyName": "Microsoft.AAD.BrokerPlugin_cw5n1h2txyewy"}
{"EventID": "325", "Channel": "Microsoft-Windows-AppXDeployment/Operational", "Provider_Name": "Microsoft-Windows-AppXDeployment", "Computer": "DESKTOP-OFJ6N53", "TimeCreated": "2025-08-23 10:41:06.059280+00:00", "RecordID": "651300", "Level": "4", "UserID": "S-1-5-18", "EventData.PackageFamilyName": "Microsoft.Windows.Search_cw5n1h2txyewy"}
{"EventID": "325", "Channel": "Microsoft-Windows-AppXDeployment/Operational", "Provider_Name": "Microsoft-Windows-AppXDeployment", "Computer": "DESKTOP-OFJ6N53", "TimeCreated": "2025-08-23 10:41:06.081827+00:00", "RecordID": "651301", "Level": "4", "UserID": "S-1-5-18", "EventData.PackageFamilyName": "Microsoft.Windows.Search_cw5n1h2txyewy"}
{"EventID": "325", "Channel": "Microsoft-Windows-AppXDeployment/Operational", "Provider_Name": "Microsoft-Windows-AppXDeployment", "Computer": "DESKTOP-OFJ6N53", "TimeCreated": "2025-08-23 10:41:06.111240+00:00", "RecordID": "651302", "Level": "4", "UserID": "S-1-5-18", "EventData.PackageFamilyName": "Microsoft.Windows.Search_cw5n1h2txyewy"}
{"EventID": "325", "Channel": "Microsoft-Windows-AppXDeployment/Operational", "Provider_Name": "Microsoft-Windows-AppXDeployment", "Computer": "DESKTOP-OFJ6N53", "TimeCreated": "2025-08-23 11:29:35.539152+00:00", "RecordID": "651303", "Level": "4", "UserID": "S-1-5-18", "EventData.PackageFamilyName": "Microsoft.AAD.BrokerPlugin_cw5n1h2txyewy"}
{"EventID": "325", "Channel": "Microsoft-Windows-AppXDeployment/Operational", "Provider_Name": "Microsoft-Windows-AppXDeployment", "Computer": "DESKTOP-OFJ6N53", "TimeCreated": "2025-08-23 11:29:35.561148+00:00", "RecordID": "651304", "Level": "4", "UserID": "S-1-5-18", "EventData.PackageFamilyName": "Microsoft.AAD.BrokerPlugin_cw5n1h2txyewy"}
{"EventID": "325", "Channel": "Microsoft-Windows-AppXDeployment/Operational", "Provider_Name": "Microsoft-Windows-AppXDeployment", "Computer": "DESKTOP-OFJ6N53", "TimeCreated": "2025-08-23 11:29:35.570454+00:00", "RecordID": "651305", "Level": "4", "UserID": "S-1-5-18", "EventData.PackageFamilyName": "Microsoft.AAD.BrokerPlugin_cw5n1h2txyewy"}
{"EventID": "325", "Channel": "Microsoft-Windows-AppXDeployment/Operational", "Provider_Name": "Microsoft-Windows-AppXDeployment", "Computer": "DESKTOP-OFJ6N53", "TimeCreated": "2025-08-23 11:41:08.652786+00:00", "RecordID": "651306", "Level": "4", "UserID": "S-1-5-18", "EventData.PackageFamilyName": "Microsoft.Windows.Search_cw5n1h2txyewy"}
{"EventID": "325", "Channel": "Microsoft-Windows-AppXDeployment/Operational", "Provider_Name": "Microsoft-Windows-AppXDeployment", "Computer": "DESKTOP-OFJ6N53", "TimeCreated": "2025-08-23 11:41:08.664755+00:00", "RecordID": "651307", "Level": "4", "UserID": "S-1-5-18", "EventData.PackageFamilyName": "Microsoft.Windows.Search_cw5n1h2txyewy"}
{"EventID": "325", "Channel": "Microsoft-Windows-AppXDeployment/Operational", "Provider_Name": "Microsoft-Windows-AppXDeployment", "Computer": "DESKTOP-OFJ6N53", "TimeCreated": "2025-08-23 12:00:19.979460+00:00", "RecordID": "651308", "Level": "4", "UserID": "S-1-5-18", "EventData.PackageFamilyName": "Microsoft.AAD.BrokerPlugin_cw5n1h2txyewy"}
{"EventID": "325", "Channel": "Microsoft-Windows-AppXDeployment/Operational", "Provider_Name": "Microsoft-Windows-AppXDeployment", "Computer": "DESKTOP-OFJ6N53", "TimeCreated": "2025-08-23 12:00:20.031170+00:00", "RecordID": "651309", "Level": "4", "UserID": "S-1-5-18", "EventData.PackageFamilyName": "Microsoft.AAD.BrokerPlugin_cw5n1h2txyewy"}
{"EventID": "325", "Channel": "Microsoft-Windows-AppXDeployment/Operational", "Provider_Name": "Microsoft-Windows-AppXDeployment", "Computer": "DESKTOP-OFJ6N53", "TimeCreated": "2025-08-23 12:00:20.044674+00:00", "RecordID": "651310", "Level": "4", "UserID": "S-1-5-18", "EventData.PackageFamilyName": "Microsoft.AAD.BrokerPlugin_cw5n1h2txyewy"}
{"EventID": "325", "Channel": "Microsoft-Windows-AppXDeployment/Operational", "Provider_Name": "Microsoft-Windows-AppXDeployment", "Computer": "DESKTOP-OFJ6N53", "TimeCreated": "2025-08-23 12:11:09.697304+00:00", "RecordID": "651311", "Level": "4", "UserID": "S-1-5-18", "EventData.PackageFamilyName": "Microsoft.Wallet_8wekyb3d8bbwe"}
{"EventID": "325", "Channel": "Microsoft-Windows-AppXDeployment/Operational", "Provider_Name": "Microsoft-Windows-AppXDeployment", "Computer": "DESKTOP-OFJ6N53", "TimeCreated": "2025-08-23 12:11:09.712549+00:00", "RecordID": "651312", "Level": "4", "UserID": "S-1-5-18", "EventData.PackageFamilyName": "Microsoft.Wallet_8wekyb3d8bbwe"}
{"EventID": "325", "Channel": "Microsoft-Windows-AppXDeployment/Operational", "Provider_Name": "Microsoft-Windows-AppXDeployment", "Computer": "DESKTOP-OFJ6N53", "TimeCreated": "2025-08-23 12:42:11.102009+00:00", "RecordID": "651313", "Level": "4", "UserID": "S-1-5-18", "EventData.PackageFamilyName": "microsoft.windowscommunicationsapps_8wekyb3d8bbwe"}
{"EventID": "325", "Channel": "Microsoft-Windows-AppXDeployment/Operational", "Provider_Name": "Microsoft-Windows-AppXDeployment", "Computer": "DESKTOP-OFJ6N53", "TimeCreated": "2025-08-23 12:42:11.266804+00:00", "RecordID": "651314", "Level": "4", "UserID": "S-1-5-18", "EventData.PackageFamilyName": "microsoft.windowscommunicationsapps_8wekyb3d8bbwe"}
{"EventID": "325", "Channel": "Microsoft-Windows-AppXDeployment/Operational", "Provider_Name": "Microsoft-Windows-AppXDeployment", "Computer": "DESKTOP-OFJ6N53", "TimeCreated": "2025-08-23 13:11:45.385580+00:00", "RecordID": "651315", "Level": "4", "UserID": "S-1-5-18", "EventData.PackageFamilyName": "MicrosoftWindows.Client.CBS_cw5n1h2txyewy"}
{"EventID": "325", "Channel": "Microsoft-Windows-AppXDeployment/Operational", "Provider_Name": "Microsoft-Windows-AppXDeployment", "Computer": "DESKTOP-OFJ6N53", "TimeCreated": "2025-08-23 13:11:45.399298+00:00", "RecordID": "651316", "Level": "4", "UserID": "S-1-5-18", "EventData.PackageFamilyName": "MicrosoftWindows.Client.CBS_cw5n1h2txyewy"}
{"EventID": "325", "Channel": "Microsoft-Windows-AppXDeployment/Operational", "Provider_Name": "Microsoft-Windows-AppXDeployment", "Computer": "DESKTOP-OFJ6N53", "TimeCreated": "2025-08-23 13:11:46.921898+00:00", "RecordID": "651317", "Level": "4", "UserID": "S-1-5-18", "EventData.PackageFamilyName": "MicrosoftWindows.Client.CBS_cw5n1h2txyewy"}
{"EventID": "325", "Channel": "Microsoft-Windows-AppXDeployment/Operational", "Provider_Name": "Microsoft-Windows-AppXDeployment", "Computer": "DESKTOP-OFJ6N53", "TimeCreated": "2025-08-23 13:16:50.368082+00:00", "RecordID": "651318", "Level": "4", "UserID": "S-1-5-18", "EventData.PackageFamilyName": "Microsoft.AAD.BrokerPlugin_cw5n1h2txyewy"}
{"EventID": "325", "Channel": "Microsoft-Windows-AppXDeployment/Operational", "Provider_Name": "Microsoft-Windows-AppXDeployment", "Computer": "DESKTOP-OFJ6N53", "TimeCreated": "2025-08-23 13:16:50.536642+00:00", "RecordID": "651319", "Level": "4", "UserID": "S-1-5-18", "EventData.PackageFamilyName": "Microsoft.AAD.BrokerPlugin_cw5n1h2txyewy"}
{"EventID": "325", "Channel": "Microsoft-Windows-AppXDeployment/Operational", "Provider_Name": "Microsoft-Windows-AppXDeployment", "Computer": "DESKTOP-OFJ6N53", "TimeCreated": "2025-08-23 13:16:50.550783+00:00", "RecordID": "651320", "Level": "4", "UserID": "S-1-5-18", "EventData.PackageFamilyName": "Microsoft.AAD.BrokerPlugin_cw5n1h2txyewy"}
{"EventID": "325", "Channel": "Microsoft-Windows-AppXDeployment/Operational", "Provider_Name": "Microsoft-Windows-AppXDeployment", "Computer": "DESKTOP-OFJ6N53", "TimeCreated": "2025-08-23 14:00:20.072714+00:00", "RecordID": "651321", "Level": "4", "UserID": "S-1-5-18", "EventData.PackageFamilyName": "Microsoft.AAD.BrokerPlugin_cw5n1h2txyewy"}
{"EventID": "325", "Channel": "Microsoft-Windows-AppXDeployment/Operational", "Provider_Name": "Microsoft-Windows-AppXDeployment", "Computer": "DESKTOP-OFJ6N53", "TimeCreated": "2025-08-23 14:00:20.157160+00:00", "RecordID": "651322", "Level": "4", "UserID": "S-1-5-18", "EventData.PackageFamilyName": "Microsoft.AAD.BrokerPlugin_cw5n1h2txyewy"}
{"EventID": "325", "Channel": "Microsoft-Windows-AppXDeployment/Operational", "Provider_Name": "Microsoft-Windows-AppXDeployment", "Computer": "DESKTOP-OFJ6N53", "TimeCreated": "2025-08-23 14:00:20.168589+00:00", "RecordID": "651323", "Level": "4", "UserID": "S-1-5-18", "EventData.PackageFamilyName": "Microsoft.AAD.BrokerPlugin_cw5n1h2txyewy"}
{"EventID": "325", "Channel": "Microsoft-Windows-AppXDeployment/Operational", "Provider_Name": "Microsoft-Windows-AppXDeployment", "Computer": "DESKTOP-OFJ6N53", "TimeCreated": "2025-08-23 14:04:46.400751+00:00", "RecordID": "651324", "Level": "4", "UserID": "S-1-5-18", "EventData.PackageFamilyName": "Microsoft.Windows.ContentDeliveryManager_cw5n1h2txyewy"}
{"EventID": "325", "Channel": "Microsoft-Windows-AppXDeployment/Operational", "Provider_Name": "Microsoft-Windows-AppXDeployment", "Computer": "DESKTOP-OFJ6N53", "TimeCreated": "2025-08-23 14:04:46.411621+00:00", "RecordID": "651325", "Level": "4", "UserID": "S-1-5-18", "EventData.PackageFamilyName": "Microsoft.Windows.ContentDeliveryManager_cw5n1h2txyewy"}
{"EventID": "325", "Channel": "Microsoft-Windows-AppXDeployment/Operational", "Provider_Name": "Microsoft-Windows-AppXDeployment", "Computer": "DESKTOP-OFJ6N53", "TimeCreated": "2025-08-23 14:04:46.741739+00:00", "RecordID": "651326", "Level": "4", "UserID": "S-1-5-18", "EventData.PackageFamilyName": "Microsoft.Windows.ContentDeliveryManager_cw5n1h2txyewy"}
{"EventID": "325", "Channel": "Microsoft-Windows-AppXDeployment/Operational", "Provider_Name": "Microsoft-Windows-AppXDeployment", "Computer": "DESKTOP-OFJ6N53", "TimeCreated": "2025-08-23 14:04:46.786104+00:00", "RecordID": "651327", "Level": "4", "UserID": "S-1-5-18", "EventData.PackageFamilyName": "Microsoft.Windows.ContentDeliveryManager_cw5n1h2txyewy"}
{"EventID": "325", "Channel": "Microsoft-Windows-AppXDeployment/Operational", "Provider_Name": "Microsoft-Windows-AppXDeployment", "Computer": "DESKTOP-OFJ6N53", "TimeCreated": "2025-08-23 14:05:41.129255+00:00", "RecordID": "651328", "Level": "4", "UserID": "S-1-5-18", "EventData.PackageFamilyName": "Microsoft.Windows.ContentDeliveryManager_cw5n1h2txyewy"}
{"EventID": "325", "Channel": "Microsoft-Windows-AppXDeployment/Operational", "Provider_Name": "Microsoft-Windows-AppXDeployment", "Computer": "DESKTOP-OFJ6N53", "TimeCreated": "2025-08-23 14:05:41.139751+00:00", "RecordID": "651329", "Level": "4", "UserID": "S-1-5-18", "EventData.PackageFamilyName": "Microsoft.Windows.ContentDeliveryManager_cw5n1h2txyewy"}
{"EventID": "325", "Channel": "Microsoft-Windows-AppXDeployment/Operational", "Provider_Name": "Microsoft-Windows-AppXDeployment", "Computer": "DESKTOP-OFJ6N53", "TimeCreated": "2025-08-23 14:05:41.299955+00:00", "RecordID": "651330", "Level": "4", "UserID": "S-1-5-18", "EventData.PackageFamilyName": "Microsoft.Windows.ContentDeliveryManager_cw5n1h2txyewy"}
{"EventID": "325", "Channel": "Microsoft-Windows-AppXDeployment/Operational", "Provider_Name": "Microsoft-Windows-AppXDeployment", "Computer": "DESKTOP-OFJ6N53", "TimeCreated": "2025-08-23 14:05:41.606304+00:00", "RecordID": "651331", "Level": "4", "UserID": "S-1-5-18", "EventData.PackageFamilyName": "Microsoft.AAD.BrokerPlugin_cw5n1h2txyewy"}
{"EventID": "325", "Channel": "Microsoft-Windows-AppXDeployment/Operational", "Provider_Name": "Microsoft-Windows-AppXDeployment", "Computer": "DESKTOP-OFJ6N53", "TimeCreated": "2025-08-23 14:05:41.624701+00:00", "RecordID": "651332", "Level": "4", "UserID": "S-1-5-18", "EventData.PackageFamilyName": "Microsoft.AAD.BrokerPlugin_cw5n1h2txyewy"}
{"EventID": "325", "Channel": "Microsoft-Windows-AppXDeployment/Operational", "Provider_Name": "Microsoft-Windows-AppXDeployment", "Computer": "DESKTOP-OFJ6N53", "TimeCreated": "2025-08-23 14:05:41.749435+00:00", "RecordID": "651333", "Level": "4", "UserID": "S-1-5-18", "EventData.PackageFamilyName": "Microsoft.AAD.BrokerPlugin_cw5n1h2txyewy"}
{"EventID": "325", "Channel": "Microsoft-Windows-AppXDeployment/Operational", "Provider_Name": "Microsoft-Windows-AppXDeployment", "Computer": "DESKTOP-OFJ6N53", "TimeCreated": "2025-08-23 14:05:46.800730+00:00", "RecordID": "651334", "Level": "4", "UserID": "S-1-5-18", "EventData.PackageFamilyName": "Microsoft.Windows.ContentDeliveryManager_cw5n1h2txyewy"}
{"EventID": "325", "Channel": "Microsoft-Windows-AppXDeployment/Operational", "Provider_Name": "Microsoft-Windows-AppXDeployment", "Computer": "DESKTOP-OFJ6N53", "TimeCreated": "2025-08-23 14:05:46.857023+00:00", "RecordID": "651335", "Level": "4", "UserID": "S-1-5-18", "EventData.PackageFamilyName": "Microsoft.Windows.ContentDeliveryManager_cw5n1h2txyewy"}
{"EventID": "325", "Channel": "Microsoft-Windows-AppXDeployment/Operational", "Provider_Name": "Microsoft-Windows-AppXDeployment", "Computer": "DESKTOP-OFJ6N53", "TimeCreated": "2025-08-23 14:05:46.906387+00:00", "RecordID": "651336", "Level": "4", "UserID": "S-1-5-18", "EventData.PackageFamilyName": "Microsoft.Windows.ContentDeliveryManager_cw5n1h2txyewy"}
{"EventID": "325", "Channel": "Microsoft-Windows-AppXDeployment/Operational", "Provider_Name": "Microsoft-Windows-AppXDeployment", "Computer": "DESKTOP-OFJ6N53", "TimeCreated": "2025-08-23 14:05:47.082300+00:00", "RecordID": "651337", "Level": "4", "UserID": "S-1-5-18", "EventData.PackageFamilyName": "Microsoft.Windows.ContentDeliveryManager_cw5n1h2txyewy"}
{"EventID": "325", "Channel": "Microsoft-Windows-AppXDeployment/Operational", "Provider_Name": "Microsoft-Windows-AppXDeployment", "Computer": "DESKTOP-OFJ6N53", "TimeCreated": "2025-08-23 14:06:26.910877+00:00", "RecordID": "651338", "Level": "4", "UserID": "S-1-5-18", "EventData.PackageFamilyName": "Microsoft.Windows.ContentDeliveryManager_cw5n1h2txyewy"}
{"EventID": "325", "Channel": "Microsoft-Windows-AppXDeployment/Operational", "Provider_Name": "Microsoft-Windows-AppXDeployment", "Computer": "DESKTOP-OFJ6N53", "TimeCreated": "2025-08-23 14:06:26.923424+00:00", "RecordID": "651339", "Level": "4", "UserID": "S-1-5-18", "EventData.PackageFamilyName": "Microsoft.Windows.ContentDeliveryManager_cw5n1h2txyewy"}
{"EventID": "325", "Channel": "Microsoft-Windows-AppXDeployment/Operational", "Provider_Name": "Microsoft-Windows-AppXDeployment", "Computer": "DESKTOP-OFJ6N53", "TimeCreated": "2025-08-23 14:06:27.452085+00:00", "RecordID": "651340", "Level": "4", "UserID": "S-1-5-18", "EventData.PackageFamilyName": "Microsoft.Windows.ContentDeliveryManager_cw5n1h2txyewy"}
{"EventID": "325", "Channel": "Microsoft-Windows-AppXDeployment/Operational", "Provider_Name": "Microsoft-Windows-AppXDeployment", "Computer": "DESKTOP-OFJ6N53", "TimeCreated": "2025-08-23 14:26:27.316250+00:00", "RecordID": "651341", "Level": "4", "UserID": "S-1-5-18", "EventData.PackageFamilyName": "MicrosoftWindows.Client.CBS_cw5n1h2txyewy"}
{"EventID": "325", "Channel": "Microsoft-Windows-AppXDeployment/Operational", "Provider_Name": "Microsoft-Windows-AppXDeployment", "Computer": "DESKTOP-OFJ6N53", "TimeCreated": "2025-08-23 14:26:27.328016+00:00", "RecordID": "651342", "Level": "4", "UserID": "S-1-5-18", "EventData.PackageFamilyName": "MicrosoftWindows.Client.CBS_cw5n1h2txyewy"}
{"EventID": "325", "Channel": "Microsoft-Windows-AppXDeployment/Operational", "Provider_Name": "Microsoft-Windows-AppXDeployment", "Computer": "DESKTOP-OFJ6N53", "TimeCreated": "2025-08-23 14:26:29.027403+00:00", "RecordID": "651343", "Level": "4", "UserID": "S-1-5-18", "EventData.PackageFamilyName": "MicrosoftWindows.Client.CBS_cw5n1h2txyewy"}
{"EventID": "325", "Channel": "Microsoft-Windows-AppXDeployment/Operational", "Provider_Name": "Microsoft-Windows-AppXDeployment", "Computer": "DESKTOP-OFJ6N53", "TimeCreated": "2025-08-23 14:40:47.605228+00:00", "RecordID": "651344", "Level": "4", "UserID": "S-1-5-18", "EventData.PackageFamilyName": "Microsoft.Windows.Search_cw5n1h2txyewy"}
{"EventID": "325", "Channel": "Microsoft-Windows-AppXDeployment/Operational", "Provider_Name": "Microsoft-Windows-AppXDeployment", "Computer": "DESKTOP-OFJ6N53", "TimeCreated": "2025-08-23 14:40:47.617750+00:00", "RecordID": "651345", "Level": "4", "UserID": "S-1-5-18", "EventData.PackageFamilyName": "Microsoft.Windows.Search_cw5n1h2txyewy"}
{"EventID": "325", "Channel": "Microsoft-Windows-AppXDeployment/Operational", "Provider_Name": "Microsoft-Windows-AppXDeployment", "Computer": "DESKTOP-OFJ6N53", "TimeCreated": "2025-08-23 14:40:47.626589+00:00", "RecordID": "651346", "Level": "4", "UserID": "S-1-5-18", "EventData.PackageFamilyName": "Microsoft.Windows.Search_cw5n1h2txyewy"}
{"EventID": "325", "Channel": "Microsoft-Windows-AppXDeployment/Operational", "Provider_Name": "Microsoft-Windows-AppXDeployment", "Computer": "DESKTOP-OFJ6N53", "TimeCreated": "2025-08-23 14:40:47.639030+00:00", "RecordID": "651347", "Level": "4", "UserID": "S-1-5-18", "EventData.PackageFamilyName": "Microsoft.Windows.Search_cw5n1h2txyewy"}
{"EventID": "325", "Channel": "Microsoft-Windows-AppXDeployment/Operational", "Provider_Name": "Microsoft-Windows-AppXDeployment", "Computer": "DESKTOP-OFJ6N53", "TimeCreated": "2025-08-23 14:40:47.674643+00:00", "RecordID": "651348", "Level": "4", "UserID": "S-1-5-18", "EventData.PackageFamilyName": "Microsoft.Windows.Search_cw5n1h2txyewy"}
{"EventID": "325", "Channel": "Microsoft-Windows-AppXDeployment/Operational", "Provider_Name": "Microsoft-Windows-AppXDeployment", "Computer": "DESKTOP-OFJ6N53", "TimeCreated": "2025-08-23 15:08:19.229450+00:00", "RecordID": "651349", "Level": "4", "UserID": "S-1-5-18", "EventData.PackageFamilyName": "Microsoft.AAD.BrokerPlugin_cw5n1h2txyewy"}
{"EventID": "325", "Channel": "Microsoft-Windows-AppXDeployment/Operational", "Provider_Name": "Microsoft-Windows-AppXDeployment", "Computer": "DESKTOP-OFJ6N53", "TimeCreated": "2025-08-23 15:08:19.249535+00:00", "RecordID": "651350", "Level": "4", "UserID": "S-1-5-18", "EventData.PackageFamilyName": "Microsoft.AAD.BrokerPlugin_cw5n1h2txyewy"}
{"EventID": "325", "Channel": "Microsoft-Windows-AppXDeployment/Operational", "Provider_Name": "Microsoft-Windows-AppXDeployment", "Computer": "DESKTOP-OFJ6N53", "TimeCreated": "2025-08-23 15:08:19.260084+00:00", "RecordID": "651351", "Level": "4", "UserID": "S-1-5-18", "EventData.PackageFamilyName": "Microsoft.AAD.BrokerPlugin_cw5n1h2txyewy"}
{"EventID": "325", "Channel": "Microsoft-Windows-AppXDeployment/Operational", "Provider_Name": "Microsoft-Windows-AppXDeployment", "Computer": "DESKTOP-OFJ6N53", "TimeCreated": "2025-08-23 15:11:19.723244+00:00", "RecordID": "651352", "Level": "4", "UserID": "S-1-5-18", "EventData.PackageFamilyName": "Microsoft.Windows.Search_cw5n1h2txyewy"}
{"EventID": "325", "Channel": "Microsoft-Windows-AppXDeployment/Operational", "Provider_Name": "Microsoft-Windows-AppXDeployment", "Computer": "DESKTOP-OFJ6N53", "TimeCreated": "2025-08-23 15:11:19.752689+00:00", "RecordID": "651353", "Level": "4", "UserID": "S-1-5-18", "EventData.PackageFamilyName": "Microsoft.Windows.Search_cw5n1h2txyewy"}
{"EventID": "325", "Channel": "Microsoft-Windows-AppXDeployment/Operational", "Provider_Name": "Microsoft-Windows-AppXDeployment", "Computer": "DESKTOP-OFJ6N53", "TimeCreated": "2025-08-23 15:11:26.993338+00:00", "RecordID": "651354", "Level": "4", "UserID": "S-1-5-18", "EventData.PackageFamilyName": "Microsoft.Windows.Search_cw5n1h2txyewy"}
