{"EventID": "2", "Channel": "Microsoft-Windows-CloudRestoreLauncher/Operational", "Provider_Name": "Microsoft-Windows-CloudRestoreLauncher", "Computer": "DESKTOP-OFJ6N53", "TimeCreated": "2024-03-09 10:19:44.526110+00:00", "RecordID": "106", "Level": "4", "UserID": "S-1-5-21-963789628-1060504924-4285088085-1001", "EventData.activityId": "{00000000-0000-0000-0000-000000000000}", "EventData.cv": "iTBBjfWwI0CSPzOu/IqJaA.1.0", "EventData.Trigger": "0"}
{"EventID": "1", "Channel": "Microsoft-Windows-CloudRestoreLauncher/Operational", "Provider_Name": "Microsoft-Windows-CloudRestoreLauncher", "Computer": "DESKTOP-OFJ6N53", "TimeCreated": "2024-03-09 10:19:44.619549+00:00", "RecordID": "107", "Level": "2", "UserID": "S-1-5-21-963789628-1060504924-4285088085-1001", "EventData.Type": "2", "EventData.ErrorCode": "2147942450", "EventData.File": "pcshell\\shell\\cloudrestorelauncher\\cloudbackuprestore\\backuprestorecoordinator.cpp", "EventData.LineNumber": "253"}
{"EventID": "3", "Channel": "Microsoft-Windows-CloudRestoreLauncher/Operational", "Provider_Name": "Microsoft-Windows-CloudRestoreLauncher", "Computer": "DESKTOP-OFJ6N53", "TimeCreated": "2024-03-09 10:19:44.619574+00:00", "RecordID": "108", "Level": "4", "UserID": "S-1-5-21-963789628-1060504924-4285088085-1001", "EventData.activityId": "{00000000-0000-0000-0000-000000000000}", "EventData.cv": "iTBBjfWwI0CSPzOu/IqJaA.1.0", "EventData.Trigger": "0"}
{"EventID": "2", "Channel": "Microsoft-Windows-CloudRestoreLauncher/Operational", "Provider_Name": "Microsoft-Windows-CloudRestoreLauncher", "Computer": "DESKTOP-OFJ6N53", "TimeCreated": "2024-03-16 09:39:44.870832+00:00", "RecordID": "109", "Level": "4", "UserID": "S-1-5-21-963789628-1060504924-4285088085-1001", "EventData.activityId": "{00000000-0000-0000-0000-000000000000}", "EventData.cv": "A5owLduDEEqdsQKX2lSgOw.1.0", "EventData.Trigger": "0"}
{"EventID": "1", "Channel": "Microsoft-Windows-CloudRestoreLauncher/Operational", "Provider_Name": "Microsoft-Windows-CloudRestoreLauncher", "Computer": "DESKTOP-OFJ6N53", "TimeCreated": "2024-03-16 09:39:44.886230+00:00", "RecordID": "110", "Level": "2", "UserID": "S-1-5-21-963789628-1060504924-4285088085-1001", "EventData.Type": "2", "EventData.ErrorCode": "2147942450", "EventData.File": "pcshell\\shell\\cloudrestorelauncher\\cloudbackuprestore\\backuprestorecoordinator.cpp", "EventData.LineNumber": "253"}
{"EventID": "3", "Channel": "Microsoft-Windows-CloudRestoreLauncher/Operational", "Provider_Name": "Microsoft-Windows-CloudRestoreLauncher", "Computer": "DESKTOP-OFJ6N53", "TimeCreated": "2024-03-16 09:39:44.886248+00:00", "RecordID": "111", "Level": "4", "UserID": "S-1-5-21-963789628-1060504924-4285088085-1001", "EventData.activityId": "{00000000-0000-0000-0000-000000000000}", "EventData.cv": "A5owLduDEEqdsQKX2lSgOw.1.0", "EventData.Trigger": "0"}
{"EventID": "2", "Channel": "Microsoft-Windows-CloudRestoreLauncher/Operational", "Provider_Name": "Microsoft-Windows-CloudRestoreLauncher", "Computer": "DESKTOP-OFJ6N53", "TimeCreated": "2024-03-24 00:15:27.021683+00:00", "RecordID": "112", "Level": "4", "UserID": "S-1-5-21-963789628-1060504924-4285088085-1001", "EventData.activityId": "{00000000-0000-0000-0000-000000000000}", "EventData.cv": "2mJTDW6em0yberMr53xh3g.1.0", "EventData.Trigger": "0"}
{"EventID": "1", "Channel": "Microsoft-Windows-CloudRestoreLauncher/Operational", "Provider_Name": "Microsoft-Windows-CloudRestoreLauncher", "Computer": "DESKTOP-OFJ6N53", "TimeCreated": "2024-03-24 00:15:27.099684+00:00", "RecordID": "113", "Level": "2", "UserID": "S-1-5-21-963789628-1060504924-4285088085-1001", "EventData.Type": "2", "EventData.ErrorCode": "2147942450", "EventData.File": "pcshell\\shell\\cloudrestorelauncher\\cloudbackuprestore\\backuprestorecoordinator.cpp", "EventData.LineNumber": "253"}
{"EventID": "3", "Channel": "Microsoft-Windows-CloudRestoreLauncher/Operational", "Provider_Name": "Microsoft-Windows-CloudRestoreLauncher", "Computer": "DESKTOP-OFJ6N53", "TimeCreated": "2024-03-24 00:15:27.099712+00:00", "RecordID": "114", "Level": "4", "UserID": "S-1-5-21-963789628-1060504924-4285088085-1001", "EventData.activityId": "{00000000-0000-0000-0000-000000000000}", "EventData.cv": "2mJTDW6em0yberMr53xh3g.1.0", "EventData.Trigger": "0"}
{"EventID": "2", "Channel": "Microsoft-Windows-CloudRestoreLauncher/Operational", "Provider_Name": "Microsoft-Windows-CloudRestoreLauncher", "Computer": "DESKTOP-OFJ6N53", "TimeCreated": "2024-03-30 21:59:07.886042+00:00", "RecordID": "115", "Level": "4", "UserID": "S-1-5-21-963789628-1060504924-4285088085-1001", "EventData.activityId": "{00000000-0000-0000-0000-000000000000}", "EventData.cv": "OjbR0j4fp0au5gCmuKSvvg.1.0", "EventData.Trigger": "0"}
{"EventID": "1", "Channel": "Microsoft-Windows-CloudRestoreLauncher/Operational", "Provider_Name": "Microsoft-Windows-CloudRestoreLauncher", "Computer": "DESKTOP-OFJ6N53", "TimeCreated": "2024-03-30 21:59:07.911789+00:00", "RecordID": "116", "Level": "2", "UserID": "S-1-5-21-963789628-1060504924-4285088085-1001", "EventData.Type": "2", "EventData.ErrorCode": "2147942450", "EventData.File": "pcshell\\shell\\cloudrestorelauncher\\cloudbackuprestore\\backuprestorecoordinator.cpp", "EventData.LineNumber": "253"}
{"EventID": "3", "Channel": "Microsoft-Windows-CloudRestoreLauncher/Operational", "Provider_Name": "Microsoft-Windows-CloudRestoreLauncher", "Computer": "DESKTOP-OFJ6N53", "TimeCreated": "2024-03-30 21:59:07.911814+00:00", "RecordID": "117", "Level": "4", "UserID": "S-1-5-21-963789628-1060504924-4285088085-1001", "EventData.activityId": "{00000000-0000-0000-0000-000000000000}", "EventData.cv": "OjbR0j4fp0au5gCmuKSvvg.1.0", "EventData.Trigger": "0"}
{"EventID": "2", "Channel": "Microsoft-Windows-CloudRestoreLauncher/Operational", "Provider_Name": "Microsoft-Windows-CloudRestoreLauncher", "Computer": "DESKTOP-OFJ6N53", "TimeCreated": "2024-04-07 02:36:08.897701+00:00", "RecordID": "118", "Level": "4", "UserID": "S-1-5-21-963789628-1060504924-4285088085-1001", "EventData.activityId": "{00000000-0000-0000-0000-000000000000}", "EventData.cv": "QvMgCAz1cUOnH8WM1cyXPQ.1.0", "EventData.Trigger": "0"}
{"EventID": "1", "Channel": "Microsoft-Windows-CloudRestoreLauncher/Operational", "Provider_Name": "Microsoft-Windows-CloudRestoreLauncher", "Computer": "DESKTOP-OFJ6N53", "TimeCreated": "2024-04-07 02:36:08.922304+00:00", "RecordID": "119", "Level": "2", "UserID": "S-1-5-21-963789628-1060504924-4285088085-1001", "EventData.Type": "2", "EventData.ErrorCode": "2147942450", "EventData.File": "pcshell\\shell\\cloudrestorelauncher\\cloudbackuprestore\\backuprestorecoordinator.cpp", "EventData.LineNumber": "253"}
{"EventID": "3", "Channel": "Microsoft-Windows-CloudRestoreLauncher/Operational", "Provider_Name": "Microsoft-Windows-CloudRestoreLauncher", "Computer": "DESKTOP-OFJ6N53", "TimeCreated": "2024-04-07 02:36:08.922342+00:00", "RecordID": "120", "Level": "4", "UserID": "S-1-5-21-963789628-1060504924-4285088085-1001", "EventData.activityId": "{00000000-0000-0000-0000-000000000000}", "EventData.cv": "QvMgCAz1cUOnH8WM1cyXPQ.1.0", "EventData.Trigger": "0"}
{"EventID": "2", "Channel": "Microsoft-Windows-CloudRestoreLauncher/Operational", "Provider_Name": "Microsoft-Windows-CloudRestoreLauncher", "Computer": "DESKTOP-OFJ6N53", "TimeCreated": "2024-04-13 21:05:21.932064+00:00", "RecordID": "121", "Level": "4", "UserID": "S-1-5-21-963789628-1060504924-4285088085-1001", "EventData.activityId": "{00000000-0000-0000-0000-000000000000}", "EventData.cv": "xSXMcLkD3kGEgncJb6WzZA.1.0", "EventData.Trigger": "0"}
{"EventID": "1", "Channel": "Microsoft-Windows-CloudRestoreLauncher/Operational", "Provider_Name": "Microsoft-Windows-CloudRestoreLauncher", "Computer": "DESKTOP-OFJ6N53", "TimeCreated": "2024-04-13 21:05:22.109688+00:00", "RecordID": "122", "Level": "2", "UserID": "S-1-5-21-963789628-1060504924-4285088085-1001", "EventData.Type": "2", "EventData.ErrorCode": "2147942450", "EventData.File": "pcshell\\shell\\cloudrestorelauncher\\cloudbackuprestore\\backuprestorecoordinator.cpp", "EventData.LineNumber": "253"}
{"EventID": "3", "Channel": "Microsoft-Windows-CloudRestoreLauncher/Operational", "Provider_Name": "Microsoft-Windows-CloudRestoreLauncher", "Computer": "DESKTOP-OFJ6N53", "TimeCreated": "2024-04-13 21:05:22.109711+00:00", "RecordID": "123", "Level": "4", "UserID": "S-1-5-21-963789628-1060504924-4285088085-1001", "EventData.activityId": "{00000000-0000-0000-0000-000000000000}", "EventData.cv": "xSXMcLkD3kGEgncJb6WzZA.1.0", "EventData.Trigger": "0"}
{"EventID": "2", "Channel": "Microsoft-Windows-CloudRestoreLauncher/Operational", "Provider_Name": "Microsoft-Windows-CloudRestoreLauncher", "Computer": "DESKTOP-OFJ6N53", "TimeCreated": "2024-04-21 08:22:47.251291+00:00", "RecordID": "124", "Level": "4", "UserID": "S-1-5-21-963789628-1060504924-4285088085-1001", "EventData.activityId": "{00000000-0000-0000-0000-000000000000}", "EventData.cv": "mGy3A9QUikCGBn76WENcdA.1.0", "EventData.Trigger": "0"}
{"EventID": "1", "Channel": "Microsoft-Windows-CloudRestoreLauncher/Operational", "Provider_Name": "Microsoft-Windows-CloudRestoreLauncher", "Computer": "DESKTOP-OFJ6N53", "TimeCreated": "2024-04-21 08:22:47.280615+00:00", "RecordID": "125", "Level": "2", "UserID": "S-1-5-21-963789628-1060504924-4285088085-1001", "EventData.Type": "2", "EventData.ErrorCode": "2147942450", "EventData.File": "pcshell\\shell\\cloudrestorelauncher\\cloudbackuprestore\\backuprestorecoordinator.cpp", "EventData.LineNumber": "253"}
{"EventID": "3", "Channel": "Microsoft-Windows-CloudRestoreLauncher/Operational", "Provider_Name": "Microsoft-Windows-CloudRestoreLauncher", "Computer": "DESKTOP-OFJ6N53", "TimeCreated": "2024-04-21 08:22:47.280640+00:00", "RecordID": "126", "Level": "4", "UserID": "S-1-5-21-963789628-1060504924-4285088085-1001", "EventData.activityId": "{00000000-0000-0000-0000-000000000000}", "EventData.cv": "mGy3A9QUikCGBn76WENcdA.1.0", "EventData.Trigger": "0"}
{"EventID": "2", "Channel": "Microsoft-Windows-CloudRestoreLauncher/Operational", "Provider_Name": "Microsoft-Windows-CloudRestoreLauncher", "Computer": "DESKTOP-OFJ6N53", "TimeCreated": "2024-04-28 08:57:07.436733+00:00", "RecordID": "127", "Level": "4", "UserID": "S-1-5-21-963789628-1060504924-4285088085-1001", "EventData.activityId": "{00000000-0000-0000-0000-000000000000}", "EventData.cv": "LjH4s/zz4EqHFYCiYcKQcw.1.0", "EventData.Trigger": "0"}
{"EventID": "1", "Channel": "Microsoft-Windows-CloudRestoreLauncher/Operational", "Provider_Name": "Microsoft-Windows-CloudRestoreLauncher", "Computer": "DESKTOP-OFJ6N53", "TimeCreated": "2024-04-28 08:57:07.456959+00:00", "RecordID": "128", "Level": "2", "UserID": "S-1-5-21-963789628-1060504924-4285088085-1001", "EventData.Type": "2", "EventData.ErrorCode": "2147942450", "EventData.File": "pcshell\\shell\\cloudrestorelauncher\\cloudbackuprestore\\backuprestorecoordinator.cpp", "EventData.LineNumber": "253"}
{"EventID": "3", "Channel": "Microsoft-Windows-CloudRestoreLauncher/Operational", "Provider_Name": "Microsoft-Windows-CloudRestoreLauncher", "Computer": "DESKTOP-OFJ6N53", "TimeCreated": "2024-04-28 08:57:07.456978+00:00", "RecordID": "129", "Level": "4", "UserID": "S-1-5-21-963789628-1060504924-4285088085-1001", "EventData.activityId": "{00000000-0000-0000-0000-000000000000}", "EventData.cv": "LjH4s/zz4EqHFYCiYcKQcw.1.0", "EventData.Trigger": "0"}
{"EventID": "2", "Channel": "Microsoft-Windows-CloudRestoreLauncher/Operational", "Provider_Name": "Microsoft-Windows-CloudRestoreLauncher", "Computer": "DESKTOP-OFJ6N53", "TimeCreated": "2024-05-04 22:48:47.377422+00:00", "RecordID": "130", "Level": "4", "UserID": "S-1-5-21-963789628-1060504924-4285088085-1001", "EventData.activityId": "{00000000-0000-0000-0000-000000000000}", "EventData.cv": "04haY3DSr0qwffbInfuw4w.1.0", "EventData.Trigger": "0"}
{"EventID": "1", "Channel": "Microsoft-Windows-CloudRestoreLauncher/Operational", "Provider_Name": "Microsoft-Windows-CloudRestoreLauncher", "Computer": "DESKTOP-OFJ6N53", "TimeCreated": "2024-05-04 22:48:47.435047+00:00", "RecordID": "131", "Level": "2", "UserID": "S-1-5-21-963789628-1060504924-4285088085-1001", "EventData.Type": "2", "EventData.ErrorCode": "2147942450", "EventData.File": "pcshell\\shell\\cloudrestorelauncher\\cloudbackuprestore\\backuprestorecoordinator.cpp", "EventData.LineNumber": "253"}
{"EventID": "3", "Channel": "Microsoft-Windows-CloudRestoreLauncher/Operational", "Provider_Name": "Microsoft-Windows-CloudRestoreLauncher", "Computer": "DESKTOP-OFJ6N53", "TimeCreated": "2024-05-04 22:48:47.435070+00:00", "RecordID": "132", "Level": "4", "UserID": "S-1-5-21-963789628-1060504924-4285088085-1001", "EventData.activityId": "{00000000-0000-0000-0000-000000000000}", "EventData.cv": "04haY3DSr0qwffbInfuw4w.1.0", "EventData.Trigger": "0"}
{"EventID": "2", "Channel": "Microsoft-Windows-CloudRestoreLauncher/Operational", "Provider_Name": "Microsoft-Windows-CloudRestoreLauncher", "Computer": "DESKTOP-OFJ6N53", "TimeCreated": "2024-05-11 14:39:56.310692+00:00", "RecordID": "133", "Level": "4", "UserID": "S-1-5-21-963789628-1060504924-4285088085-1001", "EventData.activityId": "{00000000-0000-0000-0000-000000000000}", "EventData.cv": "9ewXwxLALkqS6hDv8Nj21Q.1.0", "EventData.Trigger": "0"}
{"EventID": "1", "Channel": "Microsoft-Windows-CloudRestoreLauncher/Operational", "Provider_Name": "Microsoft-Windows-CloudRestoreLauncher", "Computer": "DESKTOP-OFJ6N53", "TimeCreated": "2024-05-11 14:39:56.335070+00:00", "RecordID": "134", "Level": "2", "UserID": "S-1-5-21-963789628-1060504924-4285088085-1001", "EventData.Type": "2", "EventData.ErrorCode": "2147942450", "EventData.File": "pcshell\\shell\\cloudrestorelauncher\\cloudbackuprestore\\backuprestorecoordinator.cpp", "EventData.LineNumber": "253"}
{"EventID": "3", "Channel": "Microsoft-Windows-CloudRestoreLauncher/Operational", "Provider_Name": "Microsoft-Windows-CloudRestoreLauncher", "Computer": "DESKTOP-OFJ6N53", "TimeCreated": "2024-05-11 14:39:56.335091+00:00", "RecordID": "135", "Level": "4", "UserID": "S-1-5-21-963789628-1060504924-4285088085-1001", "EventData.activityId": "{00000000-0000-0000-0000-000000000000}", "EventData.cv": "9ewXwxLALkqS6hDv8Nj21Q.1.0", "EventData.Trigger": "0"}
{"EventID": "2", "Channel": "Microsoft-Windows-CloudRestoreLauncher/Operational", "Provider_Name": "Microsoft-Windows-CloudRestoreLauncher", "Computer": "DESKTOP-OFJ6N53", "TimeCreated": "2024-05-19 07:17:05.898455+00:00", "RecordID": "136", "Level": "4", "UserID": "S-1-5-21-963789628-1060504924-4285088085-1001", "EventData.activityId": "{00000000-0000-0000-0000-000000000000}", "EventData.cv": "DM8E+HIyykufho7mNINs+g.1.0", "EventData.Trigger": "0"}
{"EventID": "1", "Channel": "Microsoft-Windows-CloudRestoreLauncher/Operational", "Provider_Name": "Microsoft-Windows-CloudRestoreLauncher", "Computer": "DESKTOP-OFJ6N53", "TimeCreated": "2024-05-19 07:17:05.925632+00:00", "RecordID": "137", "Level": "2", "UserID": "S-1-5-21-963789628-1060504924-4285088085-1001", "EventData.Type": "2", "EventData.ErrorCode": "2147942450", "EventData.File": "pcshell\\shell\\cloudrestorelauncher\\cloudbackuprestore\\backuprestorecoordinator.cpp", "EventData.LineNumber": "252"}
{"EventID": "3", "Channel": "Microsoft-Windows-CloudRestoreLauncher/Operational", "Provider_Name": "Microsoft-Windows-CloudRestoreLauncher", "Computer": "DESKTOP-OFJ6N53", "TimeCreated": "2024-05-19 07:17:05.925669+00:00", "RecordID": "138", "Level": "4", "UserID": "S-1-5-21-963789628-1060504924-4285088085-1001", "EventData.activityId": "{00000000-0000-0000-0000-000000000000}", "EventData.cv": "DM8E+HIyykufho7mNINs+g.1.0", "EventData.Trigger": "0"}
{"EventID": "2", "Channel": "Microsoft-Windows-CloudRestoreLauncher/Operational", "Provider_Name": "Microsoft-Windows-CloudRestoreLauncher", "Computer": "DESKTOP-OFJ6N53", "TimeCreated": "2024-05-25 10:25:44.735064+00:00", "RecordID": "139", "Level": "4", "UserID": "S-1-5-21-963789628-1060504924-4285088085-1001", "EventData.activityId": "{00000000-0000-0000-0000-000000000000}", "EventData.cv": "GErv2SzIR0yaFui9mCLYrw.1.0", "EventData.Trigger": "0"}
{"EventID": "1", "Channel": "Microsoft-Windows-CloudRestoreLauncher/Operational", "Provider_Name": "Microsoft-Windows-CloudRestoreLauncher", "Computer": "DESKTOP-OFJ6N53", "TimeCreated": "2024-05-25 10:25:44.852715+00:00", "RecordID": "140", "Level": "2", "UserID": "S-1-5-21-963789628-1060504924-4285088085-1001", "EventData.Type": "2", "EventData.ErrorCode": "2147942450", "EventData.File": "pcshell\\shell\\cloudrestorelauncher\\cloudbackuprestore\\backuprestorecoordinator.cpp", "EventData.LineNumber": "252"}
{"EventID": "3", "Channel": "Microsoft-Windows-CloudRestoreLauncher/Operational", "Provider_Name": "Microsoft-Windows-CloudRestoreLauncher", "Computer": "DESKTOP-OFJ6N53", "TimeCreated": "2024-05-25 10:25:44.852797+00:00", "RecordID": "141", "Level": "4", "UserID": "S-1-5-21-963789628-1060504924-4285088085-1001", "EventData.activityId": "{00000000-0000-0000-0000-000000000000}", "EventData.cv": "GErv2SzIR0yaFui9mCLYrw.1.0", "EventData.Trigger": "0"}
{"EventID": "2", "Channel": "Microsoft-Windows-CloudRestoreLauncher/Operational", "Provider_Name": "Microsoft-Windows-CloudRestoreLauncher", "Computer": "DESKTOP-OFJ6N53", "TimeCreated": "2024-06-01 18:45:53.433018+00:00", "RecordID": "142", "Level": "4", "UserID": "S-1-5-21-963789628-1060504924-4285088085-1001", "EventData.activityId": "{00000000-0000-0000-0000-000000000000}", "EventData.cv": "45eEf03/0E2y77qRjAyQgA.1.0", "EventData.Trigger": "0"}
{"EventID": "1", "Channel": "Microsoft-Windows-CloudRestoreLauncher/Operational", "Provider_Name": "Microsoft-Windows-CloudRestoreLauncher", "Computer": "DESKTOP-OFJ6N53", "TimeCreated": "2024-06-01 18:45:53.476469+00:00", "RecordID": "143", "Level": "2", "UserID": "S-1-5-21-963789628-1060504924-4285088085-1001", "EventData.Type": "2", "EventData.ErrorCode": "2147942450", "EventData.File": "pcshell\\shell\\cloudrestorelauncher\\cloudbackuprestore\\backuprestorecoordinator.cpp", "EventData.LineNumber": "252"}
{"EventID": "3", "Channel": "Microsoft-Windows-CloudRestoreLauncher/Operational", "Provider_Name": "Microsoft-Windows-CloudRestoreLauncher", "Computer": "DESKTOP-OFJ6N53", "TimeCreated": "2024-06-01 18:45:53.476503+00:00", "RecordID": "144", "Level": "4", "UserID": "S-1-5-21-963789628-1060504924-4285088085-1001", "EventData.activityId": "{00000000-0000-0000-0000-000000000000}", "EventData.cv": "45eEf03/0E2y77qRjAyQgA.1.0", "EventData.Trigger": "0"}
{"EventID": "2", "Channel": "Microsoft-Windows-CloudRestoreLauncher/Operational", "Provider_Name": "Microsoft-Windows-CloudRestoreLauncher", "Computer": "DESKTOP-OFJ6N53", "TimeCreated": "2024-06-08 09:24:49.959785+00:00", "RecordID": "145", "Level": "4", "UserID": "S-1-5-21-963789628-1060504924-4285088085-1001", "EventData.activityId": "{00000000-0000-0000-0000-000000000000}", "EventData.cv": "i/4tz94NB0OsO/eVXsSwDQ.1.0", "EventData.Trigger": "0"}
{"EventID": "1", "Channel": "Microsoft-Windows-CloudRestoreLauncher/Operational", "Provider_Name": "Microsoft-Windows-CloudRestoreLauncher", "Computer": "DESKTOP-OFJ6N53", "TimeCreated": "2024-06-08 09:24:49.977219+00:00", "RecordID": "146", "Level": "2", "UserID": "S-1-5-21-963789628-1060504924-4285088085-1001", "EventData.Type": "2", "EventData.ErrorCode": "2147942450", "EventData.File": "pcshell\\shell\\cloudrestorelauncher\\cloudbackuprestore\\backuprestorecoordinator.cpp", "EventData.LineNumber": "252"}
{"EventID": "3", "Channel": "Microsoft-Windows-CloudRestoreLauncher/Operational", "Provider_Name": "Microsoft-Windows-CloudRestoreLauncher", "Computer": "DESKTOP-OFJ6N53", "TimeCreated": "2024-06-08 09:24:49.977243+00:00", "RecordID": "147", "Level": "4", "UserID": "S-1-5-21-963789628-1060504924-4285088085-1001", "EventData.activityId": "{00000000-0000-0000-0000-000000000000}", "EventData.cv": "i/4tz94NB0OsO/eVXsSwDQ.1.0", "EventData.Trigger": "0"}
{"EventID": "2", "Channel": "Microsoft-Windows-CloudRestoreLauncher/Operational", "Provider_Name": "Microsoft-Windows-CloudRestoreLauncher", "Computer": "DESKTOP-OFJ6N53", "TimeCreated": "2024-06-15 14:04:15.827469+00:00", "RecordID": "148", "Level": "4", "UserID": "S-1-5-21-963789628-1060504924-4285088085-1001", "EventData.activityId": "{00000000-0000-0000-0000-000000000000}", "EventData.cv": "YqimdKzB/06LerV95zFDVw.1.0", "EventData.Trigger": "0"}
{"EventID": "1", "Channel": "Microsoft-Windows-CloudRestoreLauncher/Operational", "Provider_Name": "Microsoft-Windows-CloudRestoreLauncher", "Computer": "DESKTOP-OFJ6N53", "TimeCreated": "2024-06-15 14:04:15.847122+00:00", "RecordID": "149", "Level": "2", "UserID": "S-1-5-21-963789628-1060504924-4285088085-1001", "EventData.Type": "2", "EventData.ErrorCode": "2147942450", "EventData.File": "pcshell\\shell\\cloudrestorelauncher\\cloudbackuprestore\\backuprestorecoordinator.cpp", "EventData.LineNumber": "252"}
{"EventID": "3", "Channel": "Microsoft-Windows-CloudRestoreLauncher/Operational", "Provider_Name": "Microsoft-Windows-CloudRestoreLauncher", "Computer": "DESKTOP-OFJ6N53", "TimeCreated": "2024-06-15 14:04:15.847141+00:00", "RecordID": "150", "Level": "4", "UserID": "S-1-5-21-963789628-1060504924-4285088085-1001", "EventData.activityId": "{00000000-0000-0000-0000-000000000000}", "EventData.cv": "YqimdKzB/06LerV95zFDVw.1.0", "EventData.Trigger": "0"}
{"EventID": "2", "Channel": "Microsoft-Windows-CloudRestoreLauncher/Operational", "Provider_Name": "Microsoft-Windows-CloudRestoreLauncher", "Computer": "DESKTOP-OFJ6N53", "TimeCreated": "2024-06-23 01:46:48.777733+00:00", "RecordID": "151", "Level": "4", "UserID": "S-1-5-21-963789628-1060504924-4285088085-1001", "EventData.activityId": "{00000000-0000-0000-0000-000000000000}", "EventData.cv": "Aa1tlxz2/0qTE5j8KlWPew.1.0", "EventData.Trigger": "0"}
{"EventID": "1", "Channel": "Microsoft-Windows-CloudRestoreLauncher/Operational", "Provider_Name": "Microsoft-Windows-CloudRestoreLauncher", "Computer": "DESKTOP-OFJ6N53", "TimeCreated": "2024-06-23 01:46:48.796421+00:00", "RecordID": "152", "Level": "2", "UserID": "S-1-5-21-963789628-1060504924-4285088085-1001", "EventData.Type": "2", "EventData.ErrorCode": "2147942450", "EventData.File": "pcshell\\shell\\cloudrestorelauncher\\cloudbackuprestore\\backuprestorecoordinator.cpp", "EventData.LineNumber": "252"}
{"EventID": "3", "Channel": "Microsoft-Windows-CloudRestoreLauncher/Operational", "Provider_Name": "Microsoft-Windows-CloudRestoreLauncher", "Computer": "DESKTOP-OFJ6N53", "TimeCreated": "2024-06-23 01:46:48.796446+00:00", "RecordID": "153", "Level": "4", "UserID": "S-1-5-21-963789628-1060504924-4285088085-1001", "EventData.activityId": "{00000000-0000-0000-0000-000000000000}", "EventData.cv": "Aa1tlxz2/0qTE5j8KlWPew.1.0", "EventData.Trigger": "0"}
{"EventID": "2", "Channel": "Microsoft-Windows-CloudRestoreLauncher/Operational", "Provider_Name": "Microsoft-Windows-CloudRestoreLauncher", "Computer": "DESKTOP-OFJ6N53", "TimeCreated": "2024-06-29 15:30:26.888811+00:00", "RecordID": "154", "Level": "4", "UserID": "S-1-5-21-963789628-1060504924-4285088085-1001", "EventData.activityId": "{00000000-0000-0000-0000-000000000000}", "EventData.cv": "sPE8rlzSHE6K6YLTVdC3dA.1.0", "EventData.Trigger": "0"}
{"EventID": "1", "Channel": "Microsoft-Windows-CloudRestoreLauncher/Operational", "Provider_Name": "Microsoft-Windows-CloudRestoreLauncher", "Computer": "DESKTOP-OFJ6N53", "TimeCreated": "2024-06-29 15:30:27.225664+00:00", "RecordID": "155", "Level": "2", "UserID": "S-1-5-21-963789628-1060504924-4285088085-1001", "EventData.Type": "2", "EventData.ErrorCode": "2147942450", "EventData.File": "pcshell\\shell\\cloudrestorelauncher\\cloudbackuprestore\\backuprestorecoordinator.cpp", "EventData.LineNumber": "252"}
{"EventID": "3", "Channel": "Microsoft-Windows-CloudRestoreLauncher/Operational", "Provider_Name": "Microsoft-Windows-CloudRestoreLauncher", "Computer": "DESKTOP-OFJ6N53", "TimeCreated": "2024-06-29 15:30:27.225687+00:00", "RecordID": "156", "Level": "4", "UserID": "S-1-5-21-963789628-1060504924-4285088085-1001", "EventData.activityId": "{00000000-0000-0000-0000-000000000000}", "EventData.cv": "sPE8rlzSHE6K6YLTVdC3dA.1.0", "EventData.Trigger": "0"}
{"EventID": "2", "Channel": "Microsoft-Windows-CloudRestoreLauncher/Operational", "Provider_Name": "Microsoft-Windows-CloudRestoreLauncher", "Computer": "DESKTOP-OFJ6N53", "TimeCreated": "2024-07-07 05:47:13.886436+00:00", "RecordID": "157", "Level": "4", "UserID": "S-1-5-21-963789628-1060504924-4285088085-1001", "EventData.activityId": "{00000000-0000-0000-0000-000000000000}", "EventData.cv": "lHi4oQyWiU6l6DX226oCdQ.1.0", "EventData.Trigger": "0"}
{"EventID": "1", "Channel": "Microsoft-Windows-CloudRestoreLauncher/Operational", "Provider_Name": "Microsoft-Windows-CloudRestoreLauncher", "Computer": "DESKTOP-OFJ6N53", "TimeCreated": "2024-07-07 05:47:14.002005+00:00", "RecordID": "158", "Level": "2", "UserID": "S-1-5-21-963789628-1060504924-4285088085-1001", "EventData.Type": "2", "EventData.ErrorCode": "2147942450", "EventData.File": "pcshell\\shell\\cloudrestorelauncher\\cloudbackuprestore\\backuprestorecoordinator.cpp", "EventData.LineNumber": "252"}
{"EventID": "3", "Channel": "Microsoft-Windows-CloudRestoreLauncher/Operational", "Provider_Name": "Microsoft-Windows-CloudRestoreLauncher", "Computer": "DESKTOP-OFJ6N53", "TimeCreated": "2024-07-07 05:47:14.002026+00:00", "RecordID": "159", "Level": "4", "UserID": "S-1-5-21-963789628-1060504924-4285088085-1001", "EventData.activityId": "{00000000-0000-0000-0000-000000000000}", "EventData.cv": "lHi4oQyWiU6l6DX226oCdQ.1.0", "EventData.Trigger": "0"}
{"EventID": "2", "Channel": "Microsoft-Windows-CloudRestoreLauncher/Operational", "Provider_Name": "Microsoft-Windows-CloudRestoreLauncher", "Computer": "DESKTOP-OFJ6N53", "TimeCreated": "2024-07-14 07:07:22.123156+00:00", "RecordID": "160", "Level": "4", "UserID": "S-1-5-21-963789628-1060504924-4285088085-1001", "EventData.activityId": "{00000000-0000-0000-0000-000000000000}", "EventData.cv": "ElXEorPEeUCwXGL3iRksuA.1.0", "EventData.Trigger": "0"}
{"EventID": "1", "Channel": "Microsoft-Windows-CloudRestoreLauncher/Operational", "Provider_Name": "Microsoft-Windows-CloudRestoreLauncher", "Computer": "DESKTOP-OFJ6N53", "TimeCreated": "2024-07-14 07:07:22.139465+00:00", "RecordID": "161", "Level": "2", "UserID": "S-1-5-21-963789628-1060504924-4285088085-1001", "EventData.Type": "2", "EventData.ErrorCode": "2147942450", "EventData.File": "pcshell\\shell\\cloudrestorelauncher\\cloudbackuprestore\\backuprestorecoordinator.cpp", "EventData.LineNumber": "252"}
{"EventID": "3", "Channel": "Microsoft-Windows-CloudRestoreLauncher/Operational", "Provider_Name": "Microsoft-Windows-CloudRestoreLauncher", "Computer": "DESKTOP-OFJ6N53", "TimeCreated": "2024-07-14 07:07:22.139482+00:00", "RecordID": "162", "Level": "4", "UserID": "S-1-5-21-963789628-1060504924-4285088085-1001", "EventData.activityId": "{00000000-0000-0000-0000-000000000000}", "EventData.cv": "ElXEorPEeUCwXGL3iRksuA.1.0", "EventData.Trigger": "0"}
{"EventID": "2", "Channel": "Microsoft-Windows-CloudRestoreLauncher/Operational", "Provider_Name": "Microsoft-Windows-CloudRestoreLauncher", "Computer": "DESKTOP-OFJ6N53", "TimeCreated": "2024-07-20 12:20:47.114555+00:00", "RecordID": "163", "Level": "4", "UserID": "S-1-5-21-963789628-1060504924-4285088085-1001", "EventData.activityId": "{00000000-0000-0000-0000-000000000000}", "EventData.cv": "QQgQqUPliUiLVD//WXS9BA.1.0", "EventData.Trigger": "0"}
{"EventID": "1", "Channel": "Microsoft-Windows-CloudRestoreLauncher/Operational", "Provider_Name": "Microsoft-Windows-CloudRestoreLauncher", "Computer": "DESKTOP-OFJ6N53", "TimeCreated": "2024-07-20 12:20:47.140640+00:00", "RecordID": "164", "Level": "2", "UserID": "S-1-5-21-963789628-1060504924-4285088085-1001", "EventData.Type": "2", "EventData.ErrorCode": "2147942450", "EventData.File": "pcshell\\shell\\cloudrestorelauncher\\cloudbackuprestore\\backuprestorecoordinator.cpp", "EventData.LineNumber": "252"}
{"EventID": "3", "Channel": "Microsoft-Windows-CloudRestoreLauncher/Operational", "Provider_Name": "Microsoft-Windows-CloudRestoreLauncher", "Computer": "DESKTOP-OFJ6N53", "TimeCreated": "2024-07-20 12:20:47.140661+00:00", "RecordID": "165", "Level": "4", "UserID": "S-1-5-21-963789628-1060504924-4285088085-1001", "EventData.activityId": "{00000000-0000-0000-0000-000000000000}", "EventData.cv": "QQgQqUPliUiLVD//WXS9BA.1.0", "EventData.Trigger": "0"}
{"EventID": "2", "Channel": "Microsoft-Windows-CloudRestoreLauncher/Operational", "Provider_Name": "Microsoft-Windows-CloudRestoreLauncher", "Computer": "DESKTOP-OFJ6N53", "TimeCreated": "2024-07-27 13:11:19.015356+00:00", "RecordID": "166", "Level": "4", "UserID": "S-1-5-21-963789628-1060504924-4285088085-1001", "EventData.activityId": "{00000000-0000-0000-0000-000000000000}", "EventData.cv": "7FiZywjsQ0iDnrHV1IaOPg.1.0", "EventData.Trigger": "0"}
{"EventID": "1", "Channel": "Microsoft-Windows-CloudRestoreLauncher/Operational", "Provider_Name": "Microsoft-Windows-CloudRestoreLauncher", "Computer": "DESKTOP-OFJ6N53", "TimeCreated": "2024-07-27 13:11:19.033146+00:00", "RecordID": "167", "Level": "2", "UserID": "S-1-5-21-963789628-1060504924-4285088085-1001", "EventData.Type": "2", "EventData.ErrorCode": "2147942450", "EventData.File": "pcshell\\shell\\cloudrestorelauncher\\cloudbackuprestore\\backuprestorecoordinator.cpp", "EventData.LineNumber": "252"}
{"EventID": "3", "Channel": "Microsoft-Windows-CloudRestoreLauncher/Operational", "Provider_Name": "Microsoft-Windows-CloudRestoreLauncher", "Computer": "DESKTOP-OFJ6N53", "TimeCreated": "2024-07-27 13:11:19.033165+00:00", "RecordID": "168", "Level": "4", "UserID": "S-1-5-21-963789628-1060504924-4285088085-1001", "EventData.activityId": "{00000000-0000-0000-0000-000000000000}", "EventData.cv": "7FiZywjsQ0iDnrHV1IaOPg.1.0", "EventData.Trigger": "0"}
{"EventID": "2", "Channel": "Microsoft-Windows-CloudRestoreLauncher/Operational", "Provider_Name": "Microsoft-Windows-CloudRestoreLauncher", "Computer": "DESKTOP-OFJ6N53", "TimeCreated": "2024-08-03 14:57:31.025238+00:00", "RecordID": "169", "Level": "4", "UserID": "S-1-5-21-963789628-1060504924-4285088085-1001", "EventData.activityId": "{00000000-0000-0000-0000-000000000000}", "EventData.cv": "Qzhy0qxIBkC/uCkz21gJcg.1.0", "EventData.Trigger": "0"}
{"EventID": "1", "Channel": "Microsoft-Windows-CloudRestoreLauncher/Operational", "Provider_Name": "Microsoft-Windows-CloudRestoreLauncher", "Computer": "DESKTOP-OFJ6N53", "TimeCreated": "2024-08-03 14:57:31.042397+00:00", "RecordID": "170", "Level": "2", "UserID": "S-1-5-21-963789628-1060504924-4285088085-1001", "EventData.Type": "2", "EventData.ErrorCode": "2147942450", "EventData.File": "pcshell\\shell\\cloudrestorelauncher\\cloudbackuprestore\\backuprestorecoordinator.cpp", "EventData.LineNumber": "252"}
{"EventID": "3", "Channel": "Microsoft-Windows-CloudRestoreLauncher/Operational", "Provider_Name": "Microsoft-Windows-CloudRestoreLauncher", "Computer": "DESKTOP-OFJ6N53", "TimeCreated": "2024-08-03 14:57:31.042421+00:00", "RecordID": "171", "Level": "4", "UserID": "S-1-5-21-963789628-1060504924-4285088085-1001", "EventData.activityId": "{00000000-0000-0000-0000-000000000000}", "EventData.cv": "Qzhy0qxIBkC/uCkz21gJcg.1.0", "EventData.Trigger": "0"}
{"EventID": "2", "Channel": "Microsoft-Windows-CloudRestoreLauncher/Operational", "Provider_Name": "Microsoft-Windows-CloudRestoreLauncher", "Computer": "DESKTOP-OFJ6N53", "TimeCreated": "2024-08-10 15:15:45.334919+00:00", "RecordID": "172", "Level": "4", "UserID": "S-1-5-21-963789628-1060504924-4285088085-1001", "EventData.activityId": "{00000000-0000-0000-0000-000000000000}", "EventData.cv": "hzIjDXb4SEWTOf3G9kJ/oQ.1.0", "EventData.Trigger": "0"}
{"EventID": "1", "Channel": "Microsoft-Windows-CloudRestoreLauncher/Operational", "Provider_Name": "Microsoft-Windows-CloudRestoreLauncher", "Computer": "DESKTOP-OFJ6N53", "TimeCreated": "2024-08-10 15:15:45.360758+00:00", "RecordID": "173", "Level": "2", "UserID": "S-1-5-21-963789628-1060504924-4285088085-1001", "EventData.Type": "2", "EventData.ErrorCode": "2147942450", "EventData.File": "pcshell\\shell\\cloudrestorelauncher\\cloudbackuprestore\\backuprestorecoordinator.cpp", "EventData.LineNumber": "252"}
{"EventID": "3", "Channel": "Microsoft-Windows-CloudRestoreLauncher/Operational", "Provider_Name": "Microsoft-Windows-CloudRestoreLauncher", "Computer": "DESKTOP-OFJ6N53", "TimeCreated": "2024-08-10 15:15:45.360779+00:00", "RecordID": "174", "Level": "4", "UserID": "S-1-5-21-963789628-1060504924-4285088085-1001", "EventData.activityId": "{00000000-0000-0000-0000-000000000000}", "EventData.cv": "hzIjDXb4SEWTOf3G9kJ/oQ.1.0", "EventData.Trigger": "0"}
{"EventID": "2", "Channel": "Microsoft-Windows-CloudRestoreLauncher/Operational", "Provider_Name": "Microsoft-Windows-CloudRestoreLauncher", "Computer": "DESKTOP-OFJ6N53", "TimeCreated": "2024-09-01 06:36:36.521992+00:00", "RecordID": "175", "Level": "4", "UserID": "S-1-5-21-963789628-1060504924-4285088085-1001", "EventData.activityId": "{00000000-0000-0000-0000-000000000000}", "EventData.cv": "lV1bzZq1uU6kB+f/5/O+LQ.1.0", "EventData.Trigger": "0"}
{"EventID": "1", "Channel": "Microsoft-Windows-CloudRestoreLauncher/Operational", "Provider_Name": "Microsoft-Windows-CloudRestoreLauncher", "Computer": "DESKTOP-OFJ6N53", "TimeCreated": "2024-09-01 06:36:36.554098+00:00", "RecordID": "176", "Level": "2", "UserID": "S-1-5-21-963789628-1060504924-4285088085-1001", "EventData.Type": "2", "EventData.ErrorCode": "2147942450", "EventData.File": "pcshell\\shell\\cloudrestorelauncher\\cloudbackuprestore\\backuprestorecoordinator.cpp", "EventData.LineNumber": "252"}
{"EventID": "3", "Channel": "Microsoft-Windows-CloudRestoreLauncher/Operational", "Provider_Name": "Microsoft-Windows-CloudRestoreLauncher", "Computer": "DESKTOP-OFJ6N53", "TimeCreated": "2024-09-01 06:36:36.554125+00:00", "RecordID": "177", "Level": "4", "UserID": "S-1-5-21-963789628-1060504924-4285088085-1001", "EventData.activityId": "{00000000-0000-0000-0000-000000000000}", "EventData.cv": "lV1bzZq1uU6kB+f/5/O+LQ.1.0", "EventData.Trigger": "0"}
{"EventID": "2", "Channel": "Microsoft-Windows-CloudRestoreLauncher/Operational", "Provider_Name": "Microsoft-Windows-CloudRestoreLauncher", "Computer": "DESKTOP-OFJ6N53", "TimeCreated": "2024-09-07 09:15:16.664148+00:00", "RecordID": "178", "Level": "4", "UserID": "S-1-5-21-963789628-1060504924-4285088085-1001", "EventData.activityId": "{00000000-0000-0000-0000-000000000000}", "EventData.cv": "Kww0t1Q3yEq0Y/k8PEeX1g.1.0", "EventData.Trigger": "0"}
{"EventID": "1", "Channel": "Microsoft-Windows-CloudRestoreLauncher/Operational", "Provider_Name": "Microsoft-Windows-CloudRestoreLauncher", "Computer": "DESKTOP-OFJ6N53", "TimeCreated": "2024-09-07 09:15:16.688822+00:00", "RecordID": "179", "Level": "2", "UserID": "S-1-5-21-963789628-1060504924-4285088085-1001", "EventData.Type": "2", "EventData.ErrorCode": "2147942450", "EventData.File": "pcshell\\shell\\cloudrestorelauncher\\cloudbackuprestore\\backuprestorecoordinator.cpp", "EventData.LineNumber": "252"}
{"EventID": "3", "Channel": "Microsoft-Windows-CloudRestoreLauncher/Operational", "Provider_Name": "Microsoft-Windows-CloudRestoreLauncher", "Computer": "DESKTOP-OFJ6N53", "TimeCreated": "2024-09-07 09:15:16.688848+00:00", "RecordID": "180", "Level": "4", "UserID": "S-1-5-21-963789628-1060504924-4285088085-1001", "EventData.activityId": "{00000000-0000-0000-0000-000000000000}", "EventData.cv": "Kww0t1Q3yEq0Y/k8PEeX1g.1.0", "EventData.Trigger": "0"}
{"EventID": "2", "Channel": "Microsoft-Windows-CloudRestoreLauncher/Operational", "Provider_Name": "Microsoft-Windows-CloudRestoreLauncher", "Computer": "DESKTOP-OFJ6N53", "TimeCreated": "2024-09-14 20:39:00.941250+00:00", "RecordID": "181", "Level": "4", "UserID": "S-1-5-21-963789628-1060504924-4285088085-1001", "EventData.activityId": "{00000000-0000-0000-0000-000000000000}", "EventData.cv": "JHkNIJaHvkq3i0suz9LvfA.1.0", "EventData.Trigger": "0"}
{"EventID": "1", "Channel": "Microsoft-Windows-CloudRestoreLauncher/Operational", "Provider_Name": "Microsoft-Windows-CloudRestoreLauncher", "Computer": "DESKTOP-OFJ6N53", "TimeCreated": "2024-09-14 20:39:00.957306+00:00", "RecordID": "182", "Level": "2", "UserID": "S-1-5-21-963789628-1060504924-4285088085-1001", "EventData.Type": "2", "EventData.ErrorCode": "2147942450", "EventData.File": "pcshell\\shell\\cloudrestorelauncher\\cloudbackuprestore\\backuprestorecoordinator.cpp", "EventData.LineNumber": "252"}
{"EventID": "3", "Channel": "Microsoft-Windows-CloudRestoreLauncher/Operational", "Provider_Name": "Microsoft-Windows-CloudRestoreLauncher", "Computer": "DESKTOP-OFJ6N53", "TimeCreated": "2024-09-14 20:39:00.957325+00:00", "RecordID": "183", "Level": "4", "UserID": "S-1-5-21-963789628-1060504924-4285088085-1001", "EventData.activityId": "{00000000-0000-0000-0000-000000000000}", "EventData.cv": "JHkNIJaHvkq3i0suz9LvfA.1.0", "EventData.Trigger": "0"}
{"EventID": "2", "Channel": "Microsoft-Windows-CloudRestoreLauncher/Operational", "Provider_Name": "Microsoft-Windows-CloudRestoreLauncher", "Computer": "DESKTOP-OFJ6N53", "TimeCreated": "2024-09-21 18:35:14.429855+00:00", "RecordID": "184", "Level": "4", "UserID": "S-1-5-21-963789628-1060504924-4285088085-1001", "EventData.activityId": "{00000000-0000-0000-0000-000000000000}", "EventData.cv": "N8qNfdCrgUmFDSYis8dqTg.1.0", "EventData.Trigger": "0"}
{"EventID": "1", "Channel": "Microsoft-Windows-CloudRestoreLauncher/Operational", "Provider_Name": "Microsoft-Windows-CloudRestoreLauncher", "Computer": "DESKTOP-OFJ6N53", "TimeCreated": "2024-09-21 18:35:14.453932+00:00", "RecordID": "185", "Level": "2", "UserID": "S-1-5-21-963789628-1060504924-4285088085-1001", "EventData.Type": "2", "EventData.ErrorCode": "2147942450", "EventData.File": "pcshell\\shell\\cloudrestorelauncher\\cloudbackuprestore\\backuprestorecoordinator.cpp", "EventData.LineNumber": "252"}
{"EventID": "3", "Channel": "Microsoft-Windows-CloudRestoreLauncher/Operational", "Provider_Name": "Microsoft-Windows-CloudRestoreLauncher", "Computer": "DESKTOP-OFJ6N53", "TimeCreated": "2024-09-21 18:35:14.453949+00:00", "RecordID": "186", "Level": "4", "UserID": "S-1-5-21-963789628-1060504924-4285088085-1001", "EventData.activityId": "{00000000-0000-0000-0000-000000000000}", "EventData.cv": "N8qNfdCrgUmFDSYis8dqTg.1.0", "EventData.Trigger": "0"}
{"EventID": "2", "Channel": "Microsoft-Windows-CloudRestoreLauncher/Operational", "Provider_Name": "Microsoft-Windows-CloudRestoreLauncher", "Computer": "DESKTOP-OFJ6N53", "TimeCreated": "2024-10-06 06:45:17.511892+00:00", "RecordID": "187", "Level": "4", "UserID": "S-1-5-21-963789628-1060504924-4285088085-1001", "EventData.activityId": "{00000000-0000-0000-0000-000000000000}", "EventData.cv": "ZVS3gjxOgEG/yIoYAAlvaA.1.0", "EventData.Trigger": "0"}
{"EventID": "1", "Channel": "Microsoft-Windows-CloudRestoreLauncher/Operational", "Provider_Name": "Microsoft-Windows-CloudRestoreLauncher", "Computer": "DESKTOP-OFJ6N53", "TimeCreated": "2024-10-06 06:45:17.532143+00:00", "RecordID": "188", "Level": "2", "UserID": "S-1-5-21-963789628-1060504924-4285088085-1001", "EventData.Type": "2", "EventData.ErrorCode": "2147942450", "EventData.File": "pcshell\\shell\\cloudrestorelauncher\\cloudbackuprestore\\backuprestorecoordinator.cpp", "EventData.LineNumber": "252"}
{"EventID": "3", "Channel": "Microsoft-Windows-CloudRestoreLauncher/Operational", "Provider_Name": "Microsoft-Windows-CloudRestoreLauncher", "Computer": "DESKTOP-OFJ6N53", "TimeCreated": "2024-10-06 06:45:17.532173+00:00", "RecordID": "189", "Level": "4", "UserID": "S-1-5-21-963789628-1060504924-4285088085-1001", "EventData.activityId": "{00000000-0000-0000-0000-000000000000}", "EventData.cv": "ZVS3gjxOgEG/yIoYAAlvaA.1.0", "EventData.Trigger": "0"}
{"EventID": "2", "Channel": "Microsoft-Windows-CloudRestoreLauncher/Operational", "Provider_Name": "Microsoft-Windows-CloudRestoreLauncher", "Computer": "DESKTOP-OFJ6N53", "TimeCreated": "2024-10-20 05:02:03.885197+00:00", "RecordID": "190", "Level": "4", "UserID": "S-1-5-21-963789628-1060504924-4285088085-1001", "EventData.activityId": "{00000000-0000-0000-0000-000000000000}", "EventData.cv": "4stlEKk1Zk6kItxRhbxp7w.1.0", "EventData.Trigger": "0"}
{"EventID": "1", "Channel": "Microsoft-Windows-CloudRestoreLauncher/Operational", "Provider_Name": "Microsoft-Windows-CloudRestoreLauncher", "Computer": "DESKTOP-OFJ6N53", "TimeCreated": "2024-10-20 05:02:03.912931+00:00", "RecordID": "191", "Level": "2", "UserID": "S-1-5-21-963789628-1060504924-4285088085-1001", "EventData.Type": "2", "EventData.ErrorCode": "2147942450", "EventData.File": "pcshell\\shell\\cloudrestorelauncher\\cloudbackuprestore\\backuprestorecoordinator.cpp", "EventData.LineNumber": "252"}
{"EventID": "3", "Channel": "Microsoft-Windows-CloudRestoreLauncher/Operational", "Provider_Name": "Microsoft-Windows-CloudRestoreLauncher", "Computer": "DESKTOP-OFJ6N53", "TimeCreated": "2024-10-20 05:02:03.912951+00:00", "RecordID": "192", "Level": "4", "UserID": "S-1-5-21-963789628-1060504924-4285088085-1001", "EventData.activityId": "{00000000-0000-0000-0000-000000000000}", "EventData.cv": "4stlEKk1Zk6kItxRhbxp7w.1.0", "EventData.Trigger": "0"}
{"EventID": "2", "Channel": "Microsoft-Windows-CloudRestoreLauncher/Operational", "Provider_Name": "Microsoft-Windows-CloudRestoreLauncher", "Computer": "DESKTOP-OFJ6N53", "TimeCreated": "2024-10-27 03:48:19.863678+00:00", "RecordID": "193", "Level": "4", "UserID": "S-1-5-21-963789628-1060504924-4285088085-1001", "EventData.activityId": "{00000000-0000-0000-0000-000000000000}", "EventData.cv": "dkborSwIjUq65Ncosgdg7w.1.0", "EventData.Trigger": "0"}
{"EventID": "1", "Channel": "Microsoft-Windows-CloudRestoreLauncher/Operational", "Provider_Name": "Microsoft-Windows-CloudRestoreLauncher", "Computer": "DESKTOP-OFJ6N53", "TimeCreated": "2024-10-27 03:48:19.884911+00:00", "RecordID": "194", "Level": "2", "UserID": "S-1-5-21-963789628-1060504924-4285088085-1001", "EventData.Type": "2", "EventData.ErrorCode": "2147942450", "EventData.File": "pcshell\\shell\\cloudrestorelauncher\\cloudbackuprestore\\backuprestorecoordinator.cpp", "EventData.LineNumber": "252"}
{"EventID": "3", "Channel": "Microsoft-Windows-CloudRestoreLauncher/Operational", "Provider_Name": "Microsoft-Windows-CloudRestoreLauncher", "Computer": "DESKTOP-OFJ6N53", "TimeCreated": "2024-10-27 03:48:19.884932+00:00", "RecordID": "195", "Level": "4", "UserID": "S-1-5-21-963789628-1060504924-4285088085-1001", "EventData.activityId": "{00000000-0000-0000-0000-000000000000}", "EventData.cv": "dkborSwIjUq65Ncosgdg7w.1.0", "EventData.Trigger": "0"}
{"EventID": "2", "Channel": "Microsoft-Windows-CloudRestoreLauncher/Operational", "Provider_Name": "Microsoft-Windows-CloudRestoreLauncher", "Computer": "DESKTOP-OFJ6N53", "TimeCreated": "2024-11-02 11:40:07.854204+00:00", "RecordID": "196", "Level": "4", "UserID": "S-1-5-21-963789628-1060504924-4285088085-1001", "EventData.activityId": "{00000000-0000-0000-0000-000000000000}", "EventData.cv": "jMEDcqnY4UyLL6bJ6iRAUQ.1.0", "EventData.Trigger": "0"}
{"EventID": "1", "Channel": "Microsoft-Windows-CloudRestoreLauncher/Operational", "Provider_Name": "Microsoft-Windows-CloudRestoreLauncher", "Computer": "DESKTOP-OFJ6N53", "TimeCreated": "2024-11-02 11:40:07.870649+00:00", "RecordID": "197", "Level": "2", "UserID": "S-1-5-21-963789628-1060504924-4285088085-1001", "EventData.Type": "2", "EventData.ErrorCode": "2147942450", "EventData.File": "pcshell\\shell\\cloudrestorelauncher\\cloudbackuprestore\\backuprestorecoordinator.cpp", "EventData.LineNumber": "252"}
{"EventID": "3", "Channel": "Microsoft-Windows-CloudRestoreLauncher/Operational", "Provider_Name": "Microsoft-Windows-CloudRestoreLauncher", "Computer": "DESKTOP-OFJ6N53", "TimeCreated": "2024-11-02 11:40:07.870668+00:00", "RecordID": "198", "Level": "4", "UserID": "S-1-5-21-963789628-1060504924-4285088085-1001", "EventData.activityId": "{00000000-0000-0000-0000-000000000000}", "EventData.cv": "jMEDcqnY4UyLL6bJ6iRAUQ.1.0", "EventData.Trigger": "0"}
{"EventID": "2", "Channel": "Microsoft-Windows-CloudRestoreLauncher/Operational", "Provider_Name": "Microsoft-Windows-CloudRestoreLauncher", "Computer": "DESKTOP-OFJ6N53", "TimeCreated": "2024-11-10 02:29:28.868231+00:00", "RecordID": "199", "Level": "4", "UserID": "S-1-5-21-963789628-1060504924-4285088085-1001", "EventData.activityId": "{00000000-0000-0000-0000-000000000000}", "EventData.cv": "9mbXwB9UEkC3KZv7DMHwFQ.1.0", "EventData.Trigger": "0"}
{"EventID": "1", "Channel": "Microsoft-Windows-CloudRestoreLauncher/Operational", "Provider_Name": "Microsoft-Windows-CloudRestoreLauncher", "Computer": "DESKTOP-OFJ6N53", "TimeCreated": "2024-11-10 02:29:28.884663+00:00", "RecordID": "200", "Level": "2", "UserID": "S-1-5-21-963789628-1060504924-4285088085-1001", "EventData.Type": "2", "EventData.ErrorCode": "2147942450", "EventData.File": "pcshell\\shell\\cloudrestorelauncher\\cloudbackuprestore\\backuprestorecoordinator.cpp", "EventData.LineNumber": "252"}
{"EventID": "3", "Channel": "Microsoft-Windows-CloudRestoreLauncher/Operational", "Provider_Name": "Microsoft-Windows-CloudRestoreLauncher", "Computer": "DESKTOP-OFJ6N53", "TimeCreated": "2024-11-10 02:29:28.884687+00:00", "RecordID": "201", "Level": "4", "UserID": "S-1-5-21-963789628-1060504924-4285088085-1001", "EventData.activityId": "{00000000-0000-0000-0000-000000000000}", "EventData.cv": "9mbXwB9UEkC3KZv7DMHwFQ.1.0", "EventData.Trigger": "0"}
{"EventID": "2", "Channel": "Microsoft-Windows-CloudRestoreLauncher/Operational", "Provider_Name": "Microsoft-Windows-CloudRestoreLauncher", "Computer": "DESKTOP-OFJ6N53", "TimeCreated": "2024-11-23 10:25:40.440981+00:00", "RecordID": "202", "Level": "4", "UserID": "S-1-5-21-963789628-1060504924-4285088085-1001", "EventData.activityId": "{00000000-0000-0000-0000-000000000000}", "EventData.cv": "XXmfBlAUeUuSlnBkoAygdQ.1.0", "EventData.Trigger": "0"}
{"EventID": "1", "Channel": "Microsoft-Windows-CloudRestoreLauncher/Operational", "Provider_Name": "Microsoft-Windows-CloudRestoreLauncher", "Computer": "DESKTOP-OFJ6N53", "TimeCreated": "2024-11-23 10:25:40.462626+00:00", "RecordID": "203", "Level": "2", "UserID": "S-1-5-21-963789628-1060504924-4285088085-1001", "EventData.Type": "2", "EventData.ErrorCode": "2147942450", "EventData.File": "pcshell\\shell\\cloudrestorelauncher\\cloudbackuprestore\\backuprestorecoordinator.cpp", "EventData.LineNumber": "252"}
{"EventID": "3", "Channel": "Microsoft-Windows-CloudRestoreLauncher/Operational", "Provider_Name": "Microsoft-Windows-CloudRestoreLauncher", "Computer": "DESKTOP-OFJ6N53", "TimeCreated": "2024-11-23 10:25:40.462643+00:00", "RecordID": "204", "Level": "4", "UserID": "S-1-5-21-963789628-1060504924-4285088085-1001", "EventData.activityId": "{00000000-0000-0000-0000-000000000000}", "EventData.cv": "XXmfBlAUeUuSlnBkoAygdQ.1.0", "EventData.Trigger": "0"}
{"EventID": "2", "Channel": "Microsoft-Windows-CloudRestoreLauncher/Operational", "Provider_Name": "Microsoft-Windows-CloudRestoreLauncher", "Computer": "DESKTOP-OFJ6N53", "TimeCreated": "2024-11-30 09:56:58.455214+00:00", "RecordID": "205", "Level": "4", "UserID": "S-1-5-21-963789628-1060504924-4285088085-1001", "EventData.activityId": "{00000000-0000-0000-0000-000000000000}", "EventData.cv": "w+djHvKgkUOSRg5r+U6oVw.1.0", "EventData.Trigger": "0"}
{"EventID": "1", "Channel": "Microsoft-Windows-CloudRestoreLauncher/Operational", "Provider_Name": "Microsoft-Windows-CloudRestoreLauncher", "Computer": "DESKTOP-OFJ6N53", "TimeCreated": "2024-11-30 09:56:58.474957+00:00", "RecordID": "206", "Level": "2", "UserID": "S-1-5-21-963789628-1060504924-4285088085-1001", "EventData.Type": "2", "EventData.ErrorCode": "2147942450", "EventData.File": "pcshell\\shell\\cloudrestorelauncher\\cloudbackuprestore\\backuprestorecoordinator.cpp", "EventData.LineNumber": "252"}
{"EventID": "3", "Channel": "Microsoft-Windows-CloudRestoreLauncher/Operational", "Provider_Name": "Microsoft-Windows-CloudRestoreLauncher", "Computer": "DESKTOP-OFJ6N53", "TimeCreated": "2024-11-30 09:56:58.474987+00:00", "RecordID": "207", "Level": "4", "UserID": "S-1-5-21-963789628-1060504924-4285088085-1001", "EventData.activityId": "{00000000-0000-0000-0000-000000000000}", "EventData.cv": "w+djHvKgkUOSRg5r+U6oVw.1.0", "EventData.Trigger": "0"}
{"EventID": "2", "Channel": "Microsoft-Windows-CloudRestoreLauncher/Operational", "Provider_Name": "Microsoft-Windows-CloudRestoreLauncher", "Computer": "DESKTOP-OFJ6N53", "TimeCreated": "2024-12-08 07:32:59.688116+00:00", "RecordID": "208", "Level": "4", "UserID": "S-1-5-21-963789628-1060504924-4285088085-1001", "EventData.activityId": "{00000000-0000-0000-0000-000000000000}", "EventData.cv": "xeLOpqUKGEa85tHQrHfqIw.1.0", "EventData.Trigger": "0"}
{"EventID": "1", "Channel": "Microsoft-Windows-CloudRestoreLauncher/Operational", "Provider_Name": "Microsoft-Windows-CloudRestoreLauncher", "Computer": "DESKTOP-OFJ6N53", "TimeCreated": "2024-12-08 07:32:59.708195+00:00", "RecordID": "209", "Level": "2", "UserID": "S-1-5-21-963789628-1060504924-4285088085-1001", "EventData.Type": "2", "EventData.ErrorCode": "2147942450", "EventData.File": "pcshell\\shell\\cloudrestorelauncher\\cloudbackuprestore\\backuprestorecoordinator.cpp", "EventData.LineNumber": "252"}
{"EventID": "3", "Channel": "Microsoft-Windows-CloudRestoreLauncher/Operational", "Provider_Name": "Microsoft-Windows-CloudRestoreLauncher", "Computer": "DESKTOP-OFJ6N53", "TimeCreated": "2024-12-08 07:32:59.708216+00:00", "RecordID": "210", "Level": "4", "UserID": "S-1-5-21-963789628-1060504924-4285088085-1001", "EventData.activityId": "{00000000-0000-0000-0000-000000000000}", "EventData.cv": "xeLOpqUKGEa85tHQrHfqIw.1.0", "EventData.Trigger": "0"}
