{"EventID": "31018", "Channel": "Microsoft-Windows-SmbClient/Security", "Provider_Name": "Microsoft-Windows-SMBClient", "Computer": "DESKTOP-OFJ6N53", "TimeCreated": "2022-06-03 10:23:57.511862+00:00", "RecordID": "152", "Level": "3", "UserID": "S-1-5-20", "EventData.RegName": "AllowInsecureGuestAuth", "EventData.RegValue": "1"}
{"EventID": "31018", "Channel": "Microsoft-Windows-SmbClient/Security", "Provider_Name": "Microsoft-Windows-SMBClient", "Computer": "DESKTOP-OFJ6N53", "TimeCreated": "2022-06-03 13:18:12.997459+00:00", "RecordID": "153", "Level": "3", "UserID": "S-1-5-18", "EventData.RegName": "AllowInsecureGuestAuth", "EventData.RegValue": "1"}
{"EventID": "31018", "Channel": "Microsoft-Windows-SmbClient/Security", "Provider_Name": "Microsoft-Windows-SMBClient", "Computer": "DESKTOP-OFJ6N53", "TimeCreated": "2022-06-03 15:09:36.457882+00:00", "RecordID": "154", "Level": "3", "UserID": "S-1-5-18", "EventData.RegName": "AllowInsecureGuestAuth", "EventData.RegValue": "1"}
{"EventID": "31018", "Channel": "Microsoft-Windows-SmbClient/Security", "Provider_Name": "Microsoft-Windows-SMBClient", "Computer": "DESKTOP-OFJ6N53", "TimeCreated": "2022-06-04 07:09:58.510611+00:00", "RecordID": "155", "Level": "3", "UserID": "S-1-5-20", "EventData.RegName": "AllowInsecureGuestAuth", "EventData.RegValue": "1"}
{"EventID": "31018", "Channel": "Microsoft-Windows-SmbClient/Security", "Provider_Name": "Microsoft-Windows-SMBClient", "Computer": "DESKTOP-OFJ6N53", "TimeCreated": "2022-06-06 07:34:14.822264+00:00", "RecordID": "156", "Level": "3", "UserID": "S-1-5-18", "EventData.RegName": "AllowInsecureGuestAuth", "EventData.RegValue": "1"}
{"EventID": "31018", "Channel": "Microsoft-Windows-SmbClient/Security", "Provider_Name": "Microsoft-Windows-SMBClient", "Computer": "DESKTOP-OFJ6N53", "TimeCreated": "2022-06-06 07:37:19.684814+00:00", "RecordID": "157", "Level": "3", "UserID": "S-1-5-18", "EventData.RegName": "AllowInsecureGuestAuth", "EventData.RegValue": "1"}
{"EventID": "31018", "Channel": "Microsoft-Windows-SmbClient/Security", "Provider_Name": "Microsoft-Windows-SMBClient", "Computer": "DESKTOP-OFJ6N53", "TimeCreated": "2022-06-06 09:32:00.344816+00:00", "RecordID": "158", "Level": "3", "UserID": "S-1-5-18", "EventData.RegName": "AllowInsecureGuestAuth", "EventData.RegValue": "1"}
{"EventID": "31018", "Channel": "Microsoft-Windows-SmbClient/Security", "Provider_Name": "Microsoft-Windows-SMBClient", "Computer": "DESKTOP-OFJ6N53", "TimeCreated": "2022-06-06 10:57:59.376888+00:00", "RecordID": "159", "Level": "3", "UserID": "S-1-5-18", "EventData.RegName": "AllowInsecureGuestAuth", "EventData.RegValue": "1"}
{"EventID": "31018", "Channel": "Microsoft-Windows-SmbClient/Security", "Provider_Name": "Microsoft-Windows-SMBClient", "Computer": "DESKTOP-OFJ6N53", "TimeCreated": "2022-06-06 14:14:19.471718+00:00", "RecordID": "160", "Level": "3", "UserID": "S-1-5-20", "EventData.RegName": "AllowInsecureGuestAuth", "EventData.RegValue": "1"}
{"EventID": "31018", "Channel": "Microsoft-Windows-SmbClient/Security", "Provider_Name": "Microsoft-Windows-SMBClient", "Computer": "DESKTOP-OFJ6N53", "TimeCreated": "2022-06-07 08:14:08.874395+00:00", "RecordID": "161", "Level": "3", "UserID": "S-1-5-18", "EventData.RegName": "AllowInsecureGuestAuth", "EventData.RegValue": "1"}
{"EventID": "31018", "Channel": "Microsoft-Windows-SmbClient/Security", "Provider_Name": "Microsoft-Windows-SMBClient", "Computer": "DESKTOP-OFJ6N53", "TimeCreated": "2022-06-07 10:03:16.014233+00:00", "RecordID": "162", "Level": "3", "UserID": "S-1-5-18", "EventData.RegName": "AllowInsecureGuestAuth", "EventData.RegValue": "1"}
{"EventID": "31018", "Channel": "Microsoft-Windows-SmbClient/Security", "Provider_Name": "Microsoft-Windows-SMBClient", "Computer": "DESKTOP-OFJ6N53", "TimeCreated": "2022-06-07 11:07:09.987888+00:00", "RecordID": "163", "Level": "3", "UserID": "S-1-5-18", "EventData.RegName": "AllowInsecureGuestAuth", "EventData.RegValue": "1"}
{"EventID": "31018", "Channel": "Microsoft-Windows-SmbClient/Security", "Provider_Name": "Microsoft-Windows-SMBClient", "Computer": "DESKTOP-OFJ6N53", "TimeCreated": "2022-06-07 12:51:59.481394+00:00", "RecordID": "164", "Level": "3", "UserID": "S-1-5-18", "EventData.RegName": "AllowInsecureGuestAuth", "EventData.RegValue": "1"}
{"EventID": "31018", "Channel": "Microsoft-Windows-SmbClient/Security", "Provider_Name": "Microsoft-Windows-SMBClient", "Computer": "DESKTOP-OFJ6N53", "TimeCreated": "2022-06-11 10:49:47.928827+00:00", "RecordID": "165", "Level": "3", "UserID": "S-1-5-18", "EventData.RegName": "AllowInsecureGuestAuth", "EventData.RegValue": "1"}
{"EventID": "31018", "Channel": "Microsoft-Windows-SmbClient/Security", "Provider_Name": "Microsoft-Windows-SMBClient", "Computer": "DESKTOP-OFJ6N53", "TimeCreated": "2022-06-14 01:06:37.986389+00:00", "RecordID": "166", "Level": "3", "UserID": "S-1-5-18", "EventData.RegName": "AllowInsecureGuestAuth", "EventData.RegValue": "1"}
{"EventID": "31018", "Channel": "Microsoft-Windows-SmbClient/Security", "Provider_Name": "Microsoft-Windows-SMBClient", "Computer": "DESKTOP-OFJ6N53", "TimeCreated": "2022-06-14 08:04:58.478550+00:00", "RecordID": "167", "Level": "3", "UserID": "S-1-5-18", "EventData.RegName": "AllowInsecureGuestAuth", "EventData.RegValue": "1"}
{"EventID": "31018", "Channel": "Microsoft-Windows-SmbClient/Security", "Provider_Name": "Microsoft-Windows-SMBClient", "Computer": "DESKTOP-OFJ6N53", "TimeCreated": "2022-06-14 13:24:34.025877+00:00", "RecordID": "168", "Level": "3", "UserID": "S-1-5-20", "EventData.RegName": "AllowInsecureGuestAuth", "EventData.RegValue": "1"}
{"EventID": "31018", "Channel": "Microsoft-Windows-SmbClient/Security", "Provider_Name": "Microsoft-Windows-SMBClient", "Computer": "DESKTOP-OFJ6N53", "TimeCreated": "2022-06-14 18:01:34.404659+00:00", "RecordID": "169", "Level": "3", "UserID": "S-1-5-18", "EventData.RegName": "AllowInsecureGuestAuth", "EventData.RegValue": "1"}
{"EventID": "31018", "Channel": "Microsoft-Windows-SmbClient/Security", "Provider_Name": "Microsoft-Windows-SMBClient", "Computer": "DESKTOP-OFJ6N53", "TimeCreated": "2022-06-15 12:41:28.666649+00:00", "RecordID": "170", "Level": "3", "UserID": "S-1-5-18", "EventData.RegName": "AllowInsecureGuestAuth", "EventData.RegValue": "1"}
{"EventID": "31018", "Channel": "Microsoft-Windows-SmbClient/Security", "Provider_Name": "Microsoft-Windows-SMBClient", "Computer": "DESKTOP-OFJ6N53", "TimeCreated": "2022-06-15 14:59:56.649303+00:00", "RecordID": "171", "Level": "3", "UserID": "S-1-5-18", "EventData.RegName": "AllowInsecureGuestAuth", "EventData.RegValue": "1"}
{"EventID": "31018", "Channel": "Microsoft-Windows-SmbClient/Security", "Provider_Name": "Microsoft-Windows-SMBClient", "Computer": "DESKTOP-OFJ6N53", "TimeCreated": "2022-06-16 07:58:34.343336+00:00", "RecordID": "172", "Level": "3", "UserID": "S-1-5-18", "EventData.RegName": "AllowInsecureGuestAuth", "EventData.RegValue": "1"}
{"EventID": "31018", "Channel": "Microsoft-Windows-SmbClient/Security", "Provider_Name": "Microsoft-Windows-SMBClient", "Computer": "DESKTOP-OFJ6N53", "TimeCreated": "2022-06-21 09:38:20.535553+00:00", "RecordID": "173", "Level": "3", "UserID": "S-1-5-18", "EventData.RegName": "AllowInsecureGuestAuth", "EventData.RegValue": "1"}
{"EventID": "31018", "Channel": "Microsoft-Windows-SmbClient/Security", "Provider_Name": "Microsoft-Windows-SMBClient", "Computer": "DESKTOP-OFJ6N53", "TimeCreated": "2022-07-01 12:27:46.670111+00:00", "RecordID": "174", "Level": "3", "UserID": "S-1-5-18", "EventData.RegName": "AllowInsecureGuestAuth", "EventData.RegValue": "1"}
{"EventID": "31018", "Channel": "Microsoft-Windows-SmbClient/Security", "Provider_Name": "Microsoft-Windows-SMBClient", "Computer": "DESKTOP-OFJ6N53", "TimeCreated": "2022-07-02 04:32:56.260727+00:00", "RecordID": "175", "Level": "3", "UserID": "S-1-5-20", "EventData.RegName": "AllowInsecureGuestAuth", "EventData.RegValue": "1"}
{"EventID": "31018", "Channel": "Microsoft-Windows-SmbClient/Security", "Provider_Name": "Microsoft-Windows-SMBClient", "Computer": "DESKTOP-OFJ6N53", "TimeCreated": "2022-07-04 07:50:33.442200+00:00", "RecordID": "176", "Level": "3", "UserID": "S-1-5-18", "EventData.RegName": "AllowInsecureGuestAuth", "EventData.RegValue": "1"}
{"EventID": "31018", "Channel": "Microsoft-Windows-SmbClient/Security", "Provider_Name": "Microsoft-Windows-SMBClient", "Computer": "DESKTOP-OFJ6N53", "TimeCreated": "2022-07-04 15:47:13.045591+00:00", "RecordID": "177", "Level": "3", "UserID": "S-1-5-18", "EventData.RegName": "AllowInsecureGuestAuth", "EventData.RegValue": "1"}
{"EventID": "31018", "Channel": "Microsoft-Windows-SmbClient/Security", "Provider_Name": "Microsoft-Windows-SMBClient", "Computer": "DESKTOP-OFJ6N53", "TimeCreated": "2022-07-04 20:38:22.460447+00:00", "RecordID": "178", "Level": "3", "UserID": "S-1-5-20", "EventData.RegName": "AllowInsecureGuestAuth", "EventData.RegValue": "1"}
{"EventID": "31018", "Channel": "Microsoft-Windows-SmbClient/Security", "Provider_Name": "Microsoft-Windows-SMBClient", "Computer": "DESKTOP-OFJ6N53", "TimeCreated": "2022-07-13 08:02:35.739021+00:00", "RecordID": "179", "Level": "3", "UserID": "S-1-5-18", "EventData.RegName": "AllowInsecureGuestAuth", "EventData.RegValue": "1"}
{"EventID": "31018", "Channel": "Microsoft-Windows-SmbClient/Security", "Provider_Name": "Microsoft-Windows-SMBClient", "Computer": "DESKTOP-OFJ6N53", "TimeCreated": "2022-07-13 14:42:24.887615+00:00", "RecordID": "180", "Level": "3", "UserID": "S-1-5-18", "EventData.RegName": "AllowInsecureGuestAuth", "EventData.RegValue": "1"}
{"EventID": "31018", "Channel": "Microsoft-Windows-SmbClient/Security", "Provider_Name": "Microsoft-Windows-SMBClient", "Computer": "DESKTOP-OFJ6N53", "TimeCreated": "2022-07-14 09:39:09.954744+00:00", "RecordID": "181", "Level": "3", "UserID": "S-1-5-18", "EventData.RegName": "AllowInsecureGuestAuth", "EventData.RegValue": "1"}
{"EventID": "31018", "Channel": "Microsoft-Windows-SmbClient/Security", "Provider_Name": "Microsoft-Windows-SMBClient", "Computer": "DESKTOP-OFJ6N53", "TimeCreated": "2022-07-18 12:41:37.284727+00:00", "RecordID": "182", "Level": "3", "UserID": "S-1-5-18", "EventData.RegName": "AllowInsecureGuestAuth", "EventData.RegValue": "1"}
{"EventID": "31018", "Channel": "Microsoft-Windows-SmbClient/Security", "Provider_Name": "Microsoft-Windows-SMBClient", "Computer": "DESKTOP-OFJ6N53", "TimeCreated": "2022-07-18 13:45:49.254877+00:00", "RecordID": "183", "Level": "3", "UserID": "S-1-5-18", "EventData.RegName": "AllowInsecureGuestAuth", "EventData.RegValue": "1"}
{"EventID": "31018", "Channel": "Microsoft-Windows-SmbClient/Security", "Provider_Name": "Microsoft-Windows-SMBClient", "Computer": "DESKTOP-OFJ6N53", "TimeCreated": "2022-07-18 15:13:59.255554+00:00", "RecordID": "184", "Level": "3", "UserID": "S-1-5-18", "EventData.RegName": "AllowInsecureGuestAuth", "EventData.RegValue": "1"}
{"EventID": "31018", "Channel": "Microsoft-Windows-SmbClient/Security", "Provider_Name": "Microsoft-Windows-SMBClient", "Computer": "DESKTOP-OFJ6N53", "TimeCreated": "2022-07-19 10:26:41.222549+00:00", "RecordID": "185", "Level": "3", "UserID": "S-1-5-18", "EventData.RegName": "AllowInsecureGuestAuth", "EventData.RegValue": "1"}
{"EventID": "31018", "Channel": "Microsoft-Windows-SmbClient/Security", "Provider_Name": "Microsoft-Windows-SMBClient", "Computer": "DESKTOP-OFJ6N53", "TimeCreated": "2022-07-19 11:52:27.716381+00:00", "RecordID": "186", "Level": "3", "UserID": "S-1-5-18", "EventData.RegName": "AllowInsecureGuestAuth", "EventData.RegValue": "1"}
{"EventID": "31018", "Channel": "Microsoft-Windows-SmbClient/Security", "Provider_Name": "Microsoft-Windows-SMBClient", "Computer": "DESKTOP-OFJ6N53", "TimeCreated": "2022-07-19 13:34:47.221769+00:00", "RecordID": "187", "Level": "3", "UserID": "S-1-5-18", "EventData.RegName": "AllowInsecureGuestAuth", "EventData.RegValue": "1"}
{"EventID": "31018", "Channel": "Microsoft-Windows-SmbClient/Security", "Provider_Name": "Microsoft-Windows-SMBClient", "Computer": "DESKTOP-OFJ6N53", "TimeCreated": "2022-07-19 15:08:39.319544+00:00", "RecordID": "188", "Level": "3", "UserID": "S-1-5-18", "EventData.RegName": "AllowInsecureGuestAuth", "EventData.RegValue": "1"}
{"EventID": "31018", "Channel": "Microsoft-Windows-SmbClient/Security", "Provider_Name": "Microsoft-Windows-SMBClient", "Computer": "DESKTOP-OFJ6N53", "TimeCreated": "2022-07-19 17:02:51.711323+00:00", "RecordID": "189", "Level": "3", "UserID": "S-1-5-18", "EventData.RegName": "AllowInsecureGuestAuth", "EventData.RegValue": "1"}
{"EventID": "31018", "Channel": "Microsoft-Windows-SmbClient/Security", "Provider_Name": "Microsoft-Windows-SMBClient", "Computer": "DESKTOP-OFJ6N53", "TimeCreated": "2022-07-19 18:21:36.647015+00:00", "RecordID": "190", "Level": "3", "UserID": "S-1-5-18", "EventData.RegName": "AllowInsecureGuestAuth", "EventData.RegValue": "1"}
{"EventID": "31018", "Channel": "Microsoft-Windows-SmbClient/Security", "Provider_Name": "Microsoft-Windows-SMBClient", "Computer": "DESKTOP-OFJ6N53", "TimeCreated": "2022-07-19 19:52:52.211649+00:00", "RecordID": "191", "Level": "3", "UserID": "S-1-5-18", "EventData.RegName": "AllowInsecureGuestAuth", "EventData.RegValue": "1"}
{"EventID": "31018", "Channel": "Microsoft-Windows-SmbClient/Security", "Provider_Name": "Microsoft-Windows-SMBClient", "Computer": "DESKTOP-OFJ6N53", "TimeCreated": "2022-07-20 09:45:16.261683+00:00", "RecordID": "192", "Level": "3", "UserID": "S-1-5-18", "EventData.RegName": "AllowInsecureGuestAuth", "EventData.RegValue": "1"}
{"EventID": "31018", "Channel": "Microsoft-Windows-SmbClient/Security", "Provider_Name": "Microsoft-Windows-SMBClient", "Computer": "DESKTOP-OFJ6N53", "TimeCreated": "2022-07-21 17:46:28.694946+00:00", "RecordID": "193", "Level": "3", "UserID": "S-1-5-18", "EventData.RegName": "AllowInsecureGuestAuth", "EventData.RegValue": "1"}
{"EventID": "31018", "Channel": "Microsoft-Windows-SmbClient/Security", "Provider_Name": "Microsoft-Windows-SMBClient", "Computer": "DESKTOP-OFJ6N53", "TimeCreated": "2022-07-21 19:37:14.669632+00:00", "RecordID": "194", "Level": "3", "UserID": "S-1-5-18", "EventData.RegName": "AllowInsecureGuestAuth", "EventData.RegValue": "1"}
{"EventID": "31018", "Channel": "Microsoft-Windows-SmbClient/Security", "Provider_Name": "Microsoft-Windows-SMBClient", "Computer": "DESKTOP-OFJ6N53", "TimeCreated": "2022-07-25 15:16:27.722626+00:00", "RecordID": "195", "Level": "3", "UserID": "S-1-5-18", "EventData.RegName": "AllowInsecureGuestAuth", "EventData.RegValue": "1"}
{"EventID": "31018", "Channel": "Microsoft-Windows-SmbClient/Security", "Provider_Name": "Microsoft-Windows-SMBClient", "Computer": "DESKTOP-OFJ6N53", "TimeCreated": "2022-07-25 18:53:36.701086+00:00", "RecordID": "196", "Level": "3", "UserID": "S-1-5-18", "EventData.RegName": "AllowInsecureGuestAuth", "EventData.RegValue": "1"}
{"EventID": "31018", "Channel": "Microsoft-Windows-SmbClient/Security", "Provider_Name": "Microsoft-Windows-SMBClient", "Computer": "DESKTOP-OFJ6N53", "TimeCreated": "2022-07-26 07:52:55.710890+00:00", "RecordID": "197", "Level": "3", "UserID": "S-1-5-18", "EventData.RegName": "AllowInsecureGuestAuth", "EventData.RegValue": "1"}
{"EventID": "31018", "Channel": "Microsoft-Windows-SmbClient/Security", "Provider_Name": "Microsoft-Windows-SMBClient", "Computer": "DESKTOP-OFJ6N53", "TimeCreated": "2022-07-26 09:12:58.941679+00:00", "RecordID": "198", "Level": "3", "UserID": "S-1-5-18", "EventData.RegName": "AllowInsecureGuestAuth", "EventData.RegValue": "1"}
{"EventID": "31018", "Channel": "Microsoft-Windows-SmbClient/Security", "Provider_Name": "Microsoft-Windows-SMBClient", "Computer": "DESKTOP-OFJ6N53", "TimeCreated": "2022-07-26 10:55:18.943472+00:00", "RecordID": "199", "Level": "3", "UserID": "S-1-5-18", "EventData.RegName": "AllowInsecureGuestAuth", "EventData.RegValue": "1"}
{"EventID": "31018", "Channel": "Microsoft-Windows-SmbClient/Security", "Provider_Name": "Microsoft-Windows-SMBClient", "Computer": "DESKTOP-OFJ6N53", "TimeCreated": "2022-07-26 15:50:34.452717+00:00", "RecordID": "200", "Level": "3", "UserID": "S-1-5-18", "EventData.RegName": "AllowInsecureGuestAuth", "EventData.RegValue": "1"}
{"EventID": "31018", "Channel": "Microsoft-Windows-SmbClient/Security", "Provider_Name": "Microsoft-Windows-SMBClient", "Computer": "DESKTOP-OFJ6N53", "TimeCreated": "2022-07-27 11:47:24.653734+00:00", "RecordID": "201", "Level": "3", "UserID": "S-1-5-18", "EventData.RegName": "AllowInsecureGuestAuth", "EventData.RegValue": "1"}
{"EventID": "31018", "Channel": "Microsoft-Windows-SmbClient/Security", "Provider_Name": "Microsoft-Windows-SMBClient", "Computer": "DESKTOP-OFJ6N53", "TimeCreated": "2022-07-27 13:18:18.115530+00:00", "RecordID": "202", "Level": "3", "UserID": "S-1-5-18", "EventData.RegName": "AllowInsecureGuestAuth", "EventData.RegValue": "1"}
{"EventID": "31018", "Channel": "Microsoft-Windows-SmbClient/Security", "Provider_Name": "Microsoft-Windows-SMBClient", "Computer": "DESKTOP-OFJ6N53", "TimeCreated": "2022-07-27 14:34:23.120840+00:00", "RecordID": "203", "Level": "3", "UserID": "S-1-5-18", "EventData.RegName": "AllowInsecureGuestAuth", "EventData.RegValue": "1"}
{"EventID": "31018", "Channel": "Microsoft-Windows-SmbClient/Security", "Provider_Name": "Microsoft-Windows-SMBClient", "Computer": "DESKTOP-OFJ6N53", "TimeCreated": "2022-07-28 08:59:45.844906+00:00", "RecordID": "204", "Level": "3", "UserID": "S-1-5-18", "EventData.RegName": "AllowInsecureGuestAuth", "EventData.RegValue": "1"}
{"EventID": "31018", "Channel": "Microsoft-Windows-SmbClient/Security", "Provider_Name": "Microsoft-Windows-SMBClient", "Computer": "DESKTOP-OFJ6N53", "TimeCreated": "2022-07-28 10:19:21.343502+00:00", "RecordID": "205", "Level": "3", "UserID": "S-1-5-18", "EventData.RegName": "AllowInsecureGuestAuth", "EventData.RegValue": "1"}
{"EventID": "31018", "Channel": "Microsoft-Windows-SmbClient/Security", "Provider_Name": "Microsoft-Windows-SMBClient", "Computer": "DESKTOP-OFJ6N53", "TimeCreated": "2022-07-28 11:36:22.350748+00:00", "RecordID": "206", "Level": "3", "UserID": "S-1-5-18", "EventData.RegName": "AllowInsecureGuestAuth", "EventData.RegValue": "1"}
{"EventID": "31018", "Channel": "Microsoft-Windows-SmbClient/Security", "Provider_Name": "Microsoft-Windows-SMBClient", "Computer": "DESKTOP-OFJ6N53", "TimeCreated": "2022-07-28 13:25:57.346998+00:00", "RecordID": "207", "Level": "3", "UserID": "S-1-5-18", "EventData.RegName": "AllowInsecureGuestAuth", "EventData.RegValue": "1"}
{"EventID": "31018", "Channel": "Microsoft-Windows-SmbClient/Security", "Provider_Name": "Microsoft-Windows-SMBClient", "Computer": "DESKTOP-OFJ6N53", "TimeCreated": "2022-07-28 14:43:38.845518+00:00", "RecordID": "208", "Level": "3", "UserID": "S-1-5-18", "EventData.RegName": "AllowInsecureGuestAuth", "EventData.RegValue": "1"}
{"EventID": "31018", "Channel": "Microsoft-Windows-SmbClient/Security", "Provider_Name": "Microsoft-Windows-SMBClient", "Computer": "DESKTOP-OFJ6N53", "TimeCreated": "2022-07-28 16:37:34.348604+00:00", "RecordID": "209", "Level": "3", "UserID": "S-1-5-18", "EventData.RegName": "AllowInsecureGuestAuth", "EventData.RegValue": "1"}
{"EventID": "31018", "Channel": "Microsoft-Windows-SmbClient/Security", "Provider_Name": "Microsoft-Windows-SMBClient", "Computer": "DESKTOP-OFJ6N53", "TimeCreated": "2022-07-28 17:51:09.347269+00:00", "RecordID": "210", "Level": "3", "UserID": "S-1-5-18", "EventData.RegName": "AllowInsecureGuestAuth", "EventData.RegValue": "1"}
{"EventID": "31018", "Channel": "Microsoft-Windows-SmbClient/Security", "Provider_Name": "Microsoft-Windows-SMBClient", "Computer": "DESKTOP-OFJ6N53", "TimeCreated": "2022-07-28 19:34:31.338890+00:00", "RecordID": "211", "Level": "3", "UserID": "S-1-5-18", "EventData.RegName": "AllowInsecureGuestAuth", "EventData.RegValue": "1"}
{"EventID": "31018", "Channel": "Microsoft-Windows-SmbClient/Security", "Provider_Name": "Microsoft-Windows-SMBClient", "Computer": "DESKTOP-OFJ6N53", "TimeCreated": "2022-07-28 21:08:20.349770+00:00", "RecordID": "212", "Level": "3", "UserID": "S-1-5-18", "EventData.RegName": "AllowInsecureGuestAuth", "EventData.RegValue": "1"}
{"EventID": "31018", "Channel": "Microsoft-Windows-SmbClient/Security", "Provider_Name": "Microsoft-Windows-SMBClient", "Computer": "DESKTOP-OFJ6N53", "TimeCreated": "2022-07-28 22:25:34.851732+00:00", "RecordID": "213", "Level": "3", "UserID": "S-1-5-18", "EventData.RegName": "AllowInsecureGuestAuth", "EventData.RegValue": "1"}
{"EventID": "31018", "Channel": "Microsoft-Windows-SmbClient/Security", "Provider_Name": "Microsoft-Windows-SMBClient", "Computer": "DESKTOP-OFJ6N53", "TimeCreated": "2022-07-28 23:59:25.337534+00:00", "RecordID": "214", "Level": "3", "UserID": "S-1-5-18", "EventData.RegName": "AllowInsecureGuestAuth", "EventData.RegValue": "1"}
{"EventID": "31018", "Channel": "Microsoft-Windows-SmbClient/Security", "Provider_Name": "Microsoft-Windows-SMBClient", "Computer": "DESKTOP-OFJ6N53", "TimeCreated": "2022-07-29 01:22:46.848051+00:00", "RecordID": "215", "Level": "3", "UserID": "S-1-5-18", "EventData.RegName": "AllowInsecureGuestAuth", "EventData.RegValue": "1"}
{"EventID": "31018", "Channel": "Microsoft-Windows-SmbClient/Security", "Provider_Name": "Microsoft-Windows-SMBClient", "Computer": "DESKTOP-OFJ6N53", "TimeCreated": "2022-07-29 02:52:37.347965+00:00", "RecordID": "216", "Level": "3", "UserID": "S-1-5-18", "EventData.RegName": "AllowInsecureGuestAuth", "EventData.RegValue": "1"}
{"EventID": "31018", "Channel": "Microsoft-Windows-SmbClient/Security", "Provider_Name": "Microsoft-Windows-SMBClient", "Computer": "DESKTOP-OFJ6N53", "TimeCreated": "2022-07-29 04:05:09.340937+00:00", "RecordID": "217", "Level": "3", "UserID": "S-1-5-18", "EventData.RegName": "AllowInsecureGuestAuth", "EventData.RegValue": "1"}
{"EventID": "31018", "Channel": "Microsoft-Windows-SmbClient/Security", "Provider_Name": "Microsoft-Windows-SMBClient", "Computer": "DESKTOP-OFJ6N53", "TimeCreated": "2022-07-29 05:58:50.850315+00:00", "RecordID": "218", "Level": "3", "UserID": "S-1-5-18", "EventData.RegName": "AllowInsecureGuestAuth", "EventData.RegValue": "1"}
{"EventID": "31018", "Channel": "Microsoft-Windows-SmbClient/Security", "Provider_Name": "Microsoft-Windows-SMBClient", "Computer": "DESKTOP-OFJ6N53", "TimeCreated": "2022-07-29 07:39:10.842621+00:00", "RecordID": "219", "Level": "3", "UserID": "S-1-5-18", "EventData.RegName": "AllowInsecureGuestAuth", "EventData.RegValue": "1"}
{"EventID": "31018", "Channel": "Microsoft-Windows-SmbClient/Security", "Provider_Name": "Microsoft-Windows-SMBClient", "Computer": "DESKTOP-OFJ6N53", "TimeCreated": "2022-08-01 13:16:26.628550+00:00", "RecordID": "220", "Level": "3", "UserID": "S-1-5-18", "EventData.RegName": "AllowInsecureGuestAuth", "EventData.RegValue": "1"}
{"EventID": "31018", "Channel": "Microsoft-Windows-SmbClient/Security", "Provider_Name": "Microsoft-Windows-SMBClient", "Computer": "DESKTOP-OFJ6N53", "TimeCreated": "2022-08-01 14:46:58.143236+00:00", "RecordID": "221", "Level": "3", "UserID": "S-1-5-18", "EventData.RegName": "AllowInsecureGuestAuth", "EventData.RegValue": "1"}
{"EventID": "31018", "Channel": "Microsoft-Windows-SmbClient/Security", "Provider_Name": "Microsoft-Windows-SMBClient", "Computer": "DESKTOP-OFJ6N53", "TimeCreated": "2022-08-02 07:51:02.347084+00:00", "RecordID": "222", "Level": "3", "UserID": "S-1-5-18", "EventData.RegName": "AllowInsecureGuestAuth", "EventData.RegValue": "1"}
{"EventID": "31018", "Channel": "Microsoft-Windows-SmbClient/Security", "Provider_Name": "Microsoft-Windows-SMBClient", "Computer": "DESKTOP-OFJ6N53", "TimeCreated": "2022-08-02 21:08:19.209940+00:00", "RecordID": "223", "Level": "3", "UserID": "S-1-5-18", "EventData.RegName": "AllowInsecureGuestAuth", "EventData.RegValue": "1"}
{"EventID": "31018", "Channel": "Microsoft-Windows-SmbClient/Security", "Provider_Name": "Microsoft-Windows-SMBClient", "Computer": "DESKTOP-OFJ6N53", "TimeCreated": "2022-08-03 11:04:47.821112+00:00", "RecordID": "224", "Level": "3", "UserID": "S-1-5-18", "EventData.RegName": "AllowInsecureGuestAuth", "EventData.RegValue": "1"}
{"EventID": "31018", "Channel": "Microsoft-Windows-SmbClient/Security", "Provider_Name": "Microsoft-Windows-SMBClient", "Computer": "DESKTOP-OFJ6N53", "TimeCreated": "2022-08-04 12:26:20.945110+00:00", "RecordID": "225", "Level": "3", "UserID": "S-1-5-18", "EventData.RegName": "AllowInsecureGuestAuth", "EventData.RegValue": "1"}
{"EventID": "31018", "Channel": "Microsoft-Windows-SmbClient/Security", "Provider_Name": "Microsoft-Windows-SMBClient", "Computer": "DESKTOP-OFJ6N53", "TimeCreated": "2022-08-04 13:34:14.908707+00:00", "RecordID": "226", "Level": "3", "UserID": "S-1-5-18", "EventData.RegName": "AllowInsecureGuestAuth", "EventData.RegValue": "1"}
{"EventID": "31018", "Channel": "Microsoft-Windows-SmbClient/Security", "Provider_Name": "Microsoft-Windows-SMBClient", "Computer": "DESKTOP-OFJ6N53", "TimeCreated": "2022-08-04 15:29:19.928650+00:00", "RecordID": "227", "Level": "3", "UserID": "S-1-5-18", "EventData.RegName": "AllowInsecureGuestAuth", "EventData.RegValue": "1"}
{"EventID": "31018", "Channel": "Microsoft-Windows-SmbClient/Security", "Provider_Name": "Microsoft-Windows-SMBClient", "Computer": "DESKTOP-OFJ6N53", "TimeCreated": "2022-08-04 17:04:43.377672+00:00", "RecordID": "228", "Level": "3", "UserID": "S-1-5-18", "EventData.RegName": "AllowInsecureGuestAuth", "EventData.RegValue": "1"}
{"EventID": "31018", "Channel": "Microsoft-Windows-SmbClient/Security", "Provider_Name": "Microsoft-Windows-SMBClient", "Computer": "DESKTOP-OFJ6N53", "TimeCreated": "2022-08-07 19:17:27.719595+00:00", "RecordID": "229", "Level": "3", "UserID": "S-1-5-18", "EventData.RegName": "AllowInsecureGuestAuth", "EventData.RegValue": "1"}
{"EventID": "31018", "Channel": "Microsoft-Windows-SmbClient/Security", "Provider_Name": "Microsoft-Windows-SMBClient", "Computer": "DESKTOP-OFJ6N53", "TimeCreated": "2022-08-08 08:18:15.127668+00:00", "RecordID": "230", "Level": "3", "UserID": "S-1-5-18", "EventData.RegName": "AllowInsecureGuestAuth", "EventData.RegValue": "1"}
{"EventID": "31018", "Channel": "Microsoft-Windows-SmbClient/Security", "Provider_Name": "Microsoft-Windows-SMBClient", "Computer": "DESKTOP-OFJ6N53", "TimeCreated": "2022-08-08 15:18:05.269938+00:00", "RecordID": "231", "Level": "3", "UserID": "S-1-5-18", "EventData.RegName": "AllowInsecureGuestAuth", "EventData.RegValue": "1"}
{"EventID": "31018", "Channel": "Microsoft-Windows-SmbClient/Security", "Provider_Name": "Microsoft-Windows-SMBClient", "Computer": "DESKTOP-OFJ6N53", "TimeCreated": "2022-08-09 10:13:07.494934+00:00", "RecordID": "232", "Level": "3", "UserID": "S-1-5-18", "EventData.RegName": "AllowInsecureGuestAuth", "EventData.RegValue": "1"}
{"EventID": "31018", "Channel": "Microsoft-Windows-SmbClient/Security", "Provider_Name": "Microsoft-Windows-SMBClient", "Computer": "DESKTOP-OFJ6N53", "TimeCreated": "2022-08-09 19:07:25.479984+00:00", "RecordID": "233", "Level": "3", "UserID": "S-1-5-18", "EventData.RegName": "AllowInsecureGuestAuth", "EventData.RegValue": "1"}
{"EventID": "31018", "Channel": "Microsoft-Windows-SmbClient/Security", "Provider_Name": "Microsoft-Windows-SMBClient", "Computer": "DESKTOP-OFJ6N53", "TimeCreated": "2022-08-09 19:08:41.056171+00:00", "RecordID": "234", "Level": "3", "UserID": "S-1-5-18", "EventData.RegName": "AllowInsecureGuestAuth", "EventData.RegValue": "1"}
{"EventID": "31018", "Channel": "Microsoft-Windows-SmbClient/Security", "Provider_Name": "Microsoft-Windows-SMBClient", "Computer": "DESKTOP-OFJ6N53", "TimeCreated": "2022-08-10 14:04:18.369141+00:00", "RecordID": "235", "Level": "3", "UserID": "S-1-5-18", "EventData.RegName": "AllowInsecureGuestAuth", "EventData.RegValue": "1"}
{"EventID": "31018", "Channel": "Microsoft-Windows-SmbClient/Security", "Provider_Name": "Microsoft-Windows-SMBClient", "Computer": "DESKTOP-OFJ6N53", "TimeCreated": "2022-08-10 19:39:12.837313+00:00", "RecordID": "236", "Level": "3", "UserID": "S-1-5-18", "EventData.RegName": "AllowInsecureGuestAuth", "EventData.RegValue": "1"}
{"EventID": "31018", "Channel": "Microsoft-Windows-SmbClient/Security", "Provider_Name": "Microsoft-Windows-SMBClient", "Computer": "DESKTOP-OFJ6N53", "TimeCreated": "2022-08-11 08:46:50.861439+00:00", "RecordID": "237", "Level": "3", "UserID": "S-1-5-18", "EventData.RegName": "AllowInsecureGuestAuth", "EventData.RegValue": "1"}
{"EventID": "31018", "Channel": "Microsoft-Windows-SmbClient/Security", "Provider_Name": "Microsoft-Windows-SMBClient", "Computer": "DESKTOP-OFJ6N53", "TimeCreated": "2022-08-11 14:18:58.853535+00:00", "RecordID": "238", "Level": "3", "UserID": "S-1-5-18", "EventData.RegName": "AllowInsecureGuestAuth", "EventData.RegValue": "1"}
{"EventID": "31018", "Channel": "Microsoft-Windows-SmbClient/Security", "Provider_Name": "Microsoft-Windows-SMBClient", "Computer": "DESKTOP-OFJ6N53", "TimeCreated": "2022-08-11 15:48:25.836775+00:00", "RecordID": "239", "Level": "3", "UserID": "S-1-5-18", "EventData.RegName": "AllowInsecureGuestAuth", "EventData.RegValue": "1"}
{"EventID": "31018", "Channel": "Microsoft-Windows-SmbClient/Security", "Provider_Name": "Microsoft-Windows-SMBClient", "Computer": "DESKTOP-OFJ6N53", "TimeCreated": "2022-08-12 01:16:01.843803+00:00", "RecordID": "240", "Level": "3", "UserID": "S-1-5-18", "EventData.RegName": "AllowInsecureGuestAuth", "EventData.RegValue": "1"}
{"EventID": "31018", "Channel": "Microsoft-Windows-SmbClient/Security", "Provider_Name": "Microsoft-Windows-SMBClient", "Computer": "DESKTOP-OFJ6N53", "TimeCreated": "2022-08-20 17:33:09.640484+00:00", "RecordID": "241", "Level": "3", "UserID": "S-1-5-18", "EventData.RegName": "AllowInsecureGuestAuth", "EventData.RegValue": "1"}
{"EventID": "31018", "Channel": "Microsoft-Windows-SmbClient/Security", "Provider_Name": "Microsoft-Windows-SMBClient", "Computer": "DESKTOP-OFJ6N53", "TimeCreated": "2022-08-20 19:17:09.038246+00:00", "RecordID": "242", "Level": "3", "UserID": "S-1-5-18", "EventData.RegName": "AllowInsecureGuestAuth", "EventData.RegValue": "1"}
{"EventID": "31018", "Channel": "Microsoft-Windows-SmbClient/Security", "Provider_Name": "Microsoft-Windows-SMBClient", "Computer": "DESKTOP-OFJ6N53", "TimeCreated": "2022-08-20 21:00:56.043976+00:00", "RecordID": "243", "Level": "3", "UserID": "S-1-5-18", "EventData.RegName": "AllowInsecureGuestAuth", "EventData.RegValue": "1"}
{"EventID": "31018", "Channel": "Microsoft-Windows-SmbClient/Security", "Provider_Name": "Microsoft-Windows-SMBClient", "Computer": "DESKTOP-OFJ6N53", "TimeCreated": "2022-08-20 23:12:50.120398+00:00", "RecordID": "244", "Level": "3", "UserID": "S-1-5-18", "EventData.RegName": "AllowInsecureGuestAuth", "EventData.RegValue": "1"}
{"EventID": "31018", "Channel": "Microsoft-Windows-SmbClient/Security", "Provider_Name": "Microsoft-Windows-SMBClient", "Computer": "DESKTOP-OFJ6N53", "TimeCreated": "2022-08-21 00:43:31.035149+00:00", "RecordID": "245", "Level": "3", "UserID": "S-1-5-18", "EventData.RegName": "AllowInsecureGuestAuth", "EventData.RegValue": "1"}
{"EventID": "31018", "Channel": "Microsoft-Windows-SmbClient/Security", "Provider_Name": "Microsoft-Windows-SMBClient", "Computer": "DESKTOP-OFJ6N53", "TimeCreated": "2022-08-21 02:23:58.036373+00:00", "RecordID": "246", "Level": "3", "UserID": "S-1-5-18", "EventData.RegName": "AllowInsecureGuestAuth", "EventData.RegValue": "1"}
{"EventID": "31018", "Channel": "Microsoft-Windows-SmbClient/Security", "Provider_Name": "Microsoft-Windows-SMBClient", "Computer": "DESKTOP-OFJ6N53", "TimeCreated": "2022-08-21 03:55:53.548321+00:00", "RecordID": "247", "Level": "3", "UserID": "S-1-5-18", "EventData.RegName": "AllowInsecureGuestAuth", "EventData.RegValue": "1"}
{"EventID": "31018", "Channel": "Microsoft-Windows-SmbClient/Security", "Provider_Name": "Microsoft-Windows-SMBClient", "Computer": "DESKTOP-OFJ6N53", "TimeCreated": "2022-08-21 05:26:40.036522+00:00", "RecordID": "248", "Level": "3", "UserID": "S-1-5-18", "EventData.RegName": "AllowInsecureGuestAuth", "EventData.RegValue": "1"}
{"EventID": "31018", "Channel": "Microsoft-Windows-SmbClient/Security", "Provider_Name": "Microsoft-Windows-SMBClient", "Computer": "DESKTOP-OFJ6N53", "TimeCreated": "2022-08-21 06:51:31.422039+00:00", "RecordID": "249", "Level": "3", "UserID": "S-1-5-18", "EventData.RegName": "AllowInsecureGuestAuth", "EventData.RegValue": "1"}
{"EventID": "31018", "Channel": "Microsoft-Windows-SmbClient/Security", "Provider_Name": "Microsoft-Windows-SMBClient", "Computer": "DESKTOP-OFJ6N53", "TimeCreated": "2022-08-21 08:23:57.045994+00:00", "RecordID": "250", "Level": "3", "UserID": "S-1-5-18", "EventData.RegName": "AllowInsecureGuestAuth", "EventData.RegValue": "1"}
{"EventID": "31018", "Channel": "Microsoft-Windows-SmbClient/Security", "Provider_Name": "Microsoft-Windows-SMBClient", "Computer": "DESKTOP-OFJ6N53", "TimeCreated": "2022-08-21 09:40:24.707478+00:00", "RecordID": "251", "Level": "3", "UserID": "S-1-5-18", "EventData.RegName": "AllowInsecureGuestAuth", "EventData.RegValue": "1"}
{"EventID": "31018", "Channel": "Microsoft-Windows-SmbClient/Security", "Provider_Name": "Microsoft-Windows-SMBClient", "Computer": "DESKTOP-OFJ6N53", "TimeCreated": "2022-08-21 11:31:33.707624+00:00", "RecordID": "252", "Level": "3", "UserID": "S-1-5-18", "EventData.RegName": "AllowInsecureGuestAuth", "EventData.RegValue": "1"}
{"EventID": "31018", "Channel": "Microsoft-Windows-SmbClient/Security", "Provider_Name": "Microsoft-Windows-SMBClient", "Computer": "DESKTOP-OFJ6N53", "TimeCreated": "2022-08-21 12:39:09.699896+00:00", "RecordID": "253", "Level": "3", "UserID": "S-1-5-18", "EventData.RegName": "AllowInsecureGuestAuth", "EventData.RegValue": "1"}
{"EventID": "31018", "Channel": "Microsoft-Windows-SmbClient/Security", "Provider_Name": "Microsoft-Windows-SMBClient", "Computer": "DESKTOP-OFJ6N53", "TimeCreated": "2022-08-21 14:11:40.699341+00:00", "RecordID": "254", "Level": "3", "UserID": "S-1-5-18", "EventData.RegName": "AllowInsecureGuestAuth", "EventData.RegValue": "1"}
{"EventID": "31018", "Channel": "Microsoft-Windows-SmbClient/Security", "Provider_Name": "Microsoft-Windows-SMBClient", "Computer": "DESKTOP-OFJ6N53", "TimeCreated": "2022-08-21 15:25:56.703474+00:00", "RecordID": "255", "Level": "3", "UserID": "S-1-5-18", "EventData.RegName": "AllowInsecureGuestAuth", "EventData.RegValue": "1"}
{"EventID": "31018", "Channel": "Microsoft-Windows-SmbClient/Security", "Provider_Name": "Microsoft-Windows-SMBClient", "Computer": "DESKTOP-OFJ6N53", "TimeCreated": "2022-08-21 17:09:16.196938+00:00", "RecordID": "256", "Level": "3", "UserID": "S-1-5-18", "EventData.RegName": "AllowInsecureGuestAuth", "EventData.RegValue": "1"}
{"EventID": "31018", "Channel": "Microsoft-Windows-SmbClient/Security", "Provider_Name": "Microsoft-Windows-SMBClient", "Computer": "DESKTOP-OFJ6N53", "TimeCreated": "2022-08-21 18:38:15.695330+00:00", "RecordID": "257", "Level": "3", "UserID": "S-1-5-18", "EventData.RegName": "AllowInsecureGuestAuth", "EventData.RegValue": "1"}
{"EventID": "31018", "Channel": "Microsoft-Windows-SmbClient/Security", "Provider_Name": "Microsoft-Windows-SMBClient", "Computer": "DESKTOP-OFJ6N53", "TimeCreated": "2022-08-21 19:48:46.700506+00:00", "RecordID": "258", "Level": "3", "UserID": "S-1-5-18", "EventData.RegName": "AllowInsecureGuestAuth", "EventData.RegValue": "1"}
{"EventID": "31018", "Channel": "Microsoft-Windows-SmbClient/Security", "Provider_Name": "Microsoft-Windows-SMBClient", "Computer": "DESKTOP-OFJ6N53", "TimeCreated": "2022-08-21 21:16:00.699123+00:00", "RecordID": "259", "Level": "3", "UserID": "S-1-5-18", "EventData.RegName": "AllowInsecureGuestAuth", "EventData.RegValue": "1"}
{"EventID": "31018", "Channel": "Microsoft-Windows-SmbClient/Security", "Provider_Name": "Microsoft-Windows-SMBClient", "Computer": "DESKTOP-OFJ6N53", "TimeCreated": "2022-09-06 08:56:08.880735+00:00", "RecordID": "260", "Level": "3", "UserID": "S-1-5-18", "EventData.RegName": "AllowInsecureGuestAuth", "EventData.RegValue": "1"}
{"EventID": "31018", "Channel": "Microsoft-Windows-SmbClient/Security", "Provider_Name": "Microsoft-Windows-SMBClient", "Computer": "DESKTOP-OFJ6N53", "TimeCreated": "2022-09-06 09:01:47.398006+00:00", "RecordID": "261", "Level": "3", "UserID": "S-1-5-18", "EventData.RegName": "AllowInsecureGuestAuth", "EventData.RegValue": "1"}
{"EventID": "31018", "Channel": "Microsoft-Windows-SmbClient/Security", "Provider_Name": "Microsoft-Windows-SMBClient", "Computer": "DESKTOP-OFJ6N53", "TimeCreated": "2022-09-06 13:01:44.808609+00:00", "RecordID": "262", "Level": "3", "UserID": "S-1-5-18", "EventData.RegName": "AllowInsecureGuestAuth", "EventData.RegValue": "1"}
{"EventID": "31018", "Channel": "Microsoft-Windows-SmbClient/Security", "Provider_Name": "Microsoft-Windows-SMBClient", "Computer": "DESKTOP-OFJ6N53", "TimeCreated": "2022-09-06 14:34:45.214558+00:00", "RecordID": "263", "Level": "3", "UserID": "S-1-5-18", "EventData.RegName": "AllowInsecureGuestAuth", "EventData.RegValue": "1"}
{"EventID": "31018", "Channel": "Microsoft-Windows-SmbClient/Security", "Provider_Name": "Microsoft-Windows-SMBClient", "Computer": "DESKTOP-OFJ6N53", "TimeCreated": "2022-09-07 07:17:58.736902+00:00", "RecordID": "264", "Level": "3", "UserID": "S-1-5-18", "EventData.RegName": "AllowInsecureGuestAuth", "EventData.RegValue": "1"}
{"EventID": "31018", "Channel": "Microsoft-Windows-SmbClient/Security", "Provider_Name": "Microsoft-Windows-SMBClient", "Computer": "DESKTOP-OFJ6N53", "TimeCreated": "2022-09-07 09:13:20.712311+00:00", "RecordID": "265", "Level": "3", "UserID": "S-1-5-18", "EventData.RegName": "AllowInsecureGuestAuth", "EventData.RegValue": "1"}
{"EventID": "31018", "Channel": "Microsoft-Windows-SmbClient/Security", "Provider_Name": "Microsoft-Windows-SMBClient", "Computer": "DESKTOP-OFJ6N53", "TimeCreated": "2022-09-07 11:39:50.234489+00:00", "RecordID": "266", "Level": "3", "UserID": "S-1-5-18", "EventData.RegName": "AllowInsecureGuestAuth", "EventData.RegValue": "1"}
{"EventID": "31018", "Channel": "Microsoft-Windows-SmbClient/Security", "Provider_Name": "Microsoft-Windows-SMBClient", "Computer": "DESKTOP-OFJ6N53", "TimeCreated": "2022-09-07 14:15:48.273300+00:00", "RecordID": "267", "Level": "3", "UserID": "S-1-5-18", "EventData.RegName": "AllowInsecureGuestAuth", "EventData.RegValue": "1"}
{"EventID": "31018", "Channel": "Microsoft-Windows-SmbClient/Security", "Provider_Name": "Microsoft-Windows-SMBClient", "Computer": "DESKTOP-OFJ6N53", "TimeCreated": "2022-09-11 19:03:54.818785+00:00", "RecordID": "268", "Level": "3", "UserID": "S-1-5-18", "EventData.RegName": "AllowInsecureGuestAuth", "EventData.RegValue": "1"}
{"EventID": "31018", "Channel": "Microsoft-Windows-SmbClient/Security", "Provider_Name": "Microsoft-Windows-SMBClient", "Computer": "DESKTOP-OFJ6N53", "TimeCreated": "2022-09-12 04:04:32.965059+00:00", "RecordID": "269", "Level": "3", "UserID": "S-1-5-18", "EventData.RegName": "AllowInsecureGuestAuth", "EventData.RegValue": "1"}
{"EventID": "31018", "Channel": "Microsoft-Windows-SmbClient/Security", "Provider_Name": "Microsoft-Windows-SMBClient", "Computer": "DESKTOP-OFJ6N53", "TimeCreated": "2022-09-12 13:53:37.632309+00:00", "RecordID": "270", "Level": "3", "UserID": "S-1-5-18", "EventData.RegName": "AllowInsecureGuestAuth", "EventData.RegValue": "1"}
{"EventID": "31018", "Channel": "Microsoft-Windows-SmbClient/Security", "Provider_Name": "Microsoft-Windows-SMBClient", "Computer": "DESKTOP-OFJ6N53", "TimeCreated": "2022-09-12 14:54:47.601906+00:00", "RecordID": "271", "Level": "3", "UserID": "S-1-5-18", "EventData.RegName": "AllowInsecureGuestAuth", "EventData.RegValue": "1"}
{"EventID": "31018", "Channel": "Microsoft-Windows-SmbClient/Security", "Provider_Name": "Microsoft-Windows-SMBClient", "Computer": "DESKTOP-OFJ6N53", "TimeCreated": "2022-09-12 23:57:32.096354+00:00", "RecordID": "272", "Level": "3", "UserID": "S-1-5-18", "EventData.RegName": "AllowInsecureGuestAuth", "EventData.RegValue": "1"}
{"EventID": "31018", "Channel": "Microsoft-Windows-SmbClient/Security", "Provider_Name": "Microsoft-Windows-SMBClient", "Computer": "DESKTOP-OFJ6N53", "TimeCreated": "2022-09-13 07:27:48.623714+00:00", "RecordID": "273", "Level": "3", "UserID": "S-1-5-18", "EventData.RegName": "AllowInsecureGuestAuth", "EventData.RegValue": "1"}
{"EventID": "31018", "Channel": "Microsoft-Windows-SmbClient/Security", "Provider_Name": "Microsoft-Windows-SMBClient", "Computer": "DESKTOP-OFJ6N53", "TimeCreated": "2022-09-13 09:06:41.295263+00:00", "RecordID": "274", "Level": "3", "UserID": "S-1-5-18", "EventData.RegName": "AllowInsecureGuestAuth", "EventData.RegValue": "1"}
{"EventID": "31018", "Channel": "Microsoft-Windows-SmbClient/Security", "Provider_Name": "Microsoft-Windows-SMBClient", "Computer": "DESKTOP-OFJ6N53", "TimeCreated": "2022-09-13 11:48:40.867096+00:00", "RecordID": "275", "Level": "3", "UserID": "S-1-5-18", "EventData.RegName": "AllowInsecureGuestAuth", "EventData.RegValue": "1"}
{"EventID": "31018", "Channel": "Microsoft-Windows-SmbClient/Security", "Provider_Name": "Microsoft-Windows-SMBClient", "Computer": "DESKTOP-OFJ6N53", "TimeCreated": "2022-09-13 13:31:11.361519+00:00", "RecordID": "276", "Level": "3", "UserID": "S-1-5-18", "EventData.RegName": "AllowInsecureGuestAuth", "EventData.RegValue": "1"}
{"EventID": "31018", "Channel": "Microsoft-Windows-SmbClient/Security", "Provider_Name": "Microsoft-Windows-SMBClient", "Computer": "DESKTOP-OFJ6N53", "TimeCreated": "2022-09-13 14:05:39.192528+00:00", "RecordID": "277", "Level": "3", "UserID": "S-1-5-18", "EventData.RegName": "AllowInsecureGuestAuth", "EventData.RegValue": "1"}
{"EventID": "31018", "Channel": "Microsoft-Windows-SmbClient/Security", "Provider_Name": "Microsoft-Windows-SMBClient", "Computer": "DESKTOP-OFJ6N53", "TimeCreated": "2022-09-14 15:27:06.932293+00:00", "RecordID": "278", "Level": "3", "UserID": "S-1-5-18", "EventData.RegName": "AllowInsecureGuestAuth", "EventData.RegValue": "1"}
{"EventID": "31018", "Channel": "Microsoft-Windows-SmbClient/Security", "Provider_Name": "Microsoft-Windows-SMBClient", "Computer": "DESKTOP-OFJ6N53", "TimeCreated": "2022-09-14 17:17:23.936506+00:00", "RecordID": "279", "Level": "3", "UserID": "S-1-5-18", "EventData.RegName": "AllowInsecureGuestAuth", "EventData.RegValue": "1"}
{"EventID": "31018", "Channel": "Microsoft-Windows-SmbClient/Security", "Provider_Name": "Microsoft-Windows-SMBClient", "Computer": "DESKTOP-OFJ6N53", "TimeCreated": "2022-09-18 21:35:03.304815+00:00", "RecordID": "280", "Level": "3", "UserID": "S-1-5-18", "EventData.RegName": "AllowInsecureGuestAuth", "EventData.RegValue": "1"}
{"EventID": "31018", "Channel": "Microsoft-Windows-SmbClient/Security", "Provider_Name": "Microsoft-Windows-SMBClient", "Computer": "DESKTOP-OFJ6N53", "TimeCreated": "2022-09-19 08:17:29.768665+00:00", "RecordID": "281", "Level": "3", "UserID": "S-1-5-18", "EventData.RegName": "AllowInsecureGuestAuth", "EventData.RegValue": "1"}
{"EventID": "31018", "Channel": "Microsoft-Windows-SmbClient/Security", "Provider_Name": "Microsoft-Windows-SMBClient", "Computer": "DESKTOP-OFJ6N53", "TimeCreated": "2022-09-19 12:17:08.235115+00:00", "RecordID": "282", "Level": "3", "UserID": "S-1-5-18", "EventData.RegName": "AllowInsecureGuestAuth", "EventData.RegValue": "1"}
{"EventID": "31018", "Channel": "Microsoft-Windows-SmbClient/Security", "Provider_Name": "Microsoft-Windows-SMBClient", "Computer": "DESKTOP-OFJ6N53", "TimeCreated": "2022-09-19 13:35:05.205164+00:00", "RecordID": "283", "Level": "3", "UserID": "S-1-5-18", "EventData.RegName": "AllowInsecureGuestAuth", "EventData.RegValue": "1"}
{"EventID": "31018", "Channel": "Microsoft-Windows-SmbClient/Security", "Provider_Name": "Microsoft-Windows-SMBClient", "Computer": "DESKTOP-OFJ6N53", "TimeCreated": "2022-09-19 22:12:41.242134+00:00", "RecordID": "284", "Level": "3", "UserID": "S-1-5-18", "EventData.RegName": "AllowInsecureGuestAuth", "EventData.RegValue": "1"}
{"EventID": "31018", "Channel": "Microsoft-Windows-SmbClient/Security", "Provider_Name": "Microsoft-Windows-SMBClient", "Computer": "DESKTOP-OFJ6N53", "TimeCreated": "2022-09-20 07:13:20.701466+00:00", "RecordID": "285", "Level": "3", "UserID": "S-1-5-18", "EventData.RegName": "AllowInsecureGuestAuth", "EventData.RegValue": "1"}
{"EventID": "31018", "Channel": "Microsoft-Windows-SmbClient/Security", "Provider_Name": "Microsoft-Windows-SMBClient", "Computer": "DESKTOP-OFJ6N53", "TimeCreated": "2022-09-21 12:57:46.047335+00:00", "RecordID": "286", "Level": "3", "UserID": "S-1-5-18", "EventData.RegName": "AllowInsecureGuestAuth", "EventData.RegValue": "1"}
{"EventID": "31018", "Channel": "Microsoft-Windows-SmbClient/Security", "Provider_Name": "Microsoft-Windows-SMBClient", "Computer": "DESKTOP-OFJ6N53", "TimeCreated": "2022-09-21 21:57:32.511826+00:00", "RecordID": "287", "Level": "3", "UserID": "S-1-5-18", "EventData.RegName": "AllowInsecureGuestAuth", "EventData.RegValue": "1"}
{"EventID": "31018", "Channel": "Microsoft-Windows-SmbClient/Security", "Provider_Name": "Microsoft-Windows-SMBClient", "Computer": "DESKTOP-OFJ6N53", "TimeCreated": "2022-09-22 08:43:43.151943+00:00", "RecordID": "288", "Level": "3", "UserID": "S-1-5-18", "EventData.RegName": "AllowInsecureGuestAuth", "EventData.RegValue": "1"}
{"EventID": "31018", "Channel": "Microsoft-Windows-SmbClient/Security", "Provider_Name": "Microsoft-Windows-SMBClient", "Computer": "DESKTOP-OFJ6N53", "TimeCreated": "2022-09-22 12:40:31.015633+00:00", "RecordID": "289", "Level": "3", "UserID": "S-1-5-18", "EventData.RegName": "AllowInsecureGuestAuth", "EventData.RegValue": "1"}
{"EventID": "31018", "Channel": "Microsoft-Windows-SmbClient/Security", "Provider_Name": "Microsoft-Windows-SMBClient", "Computer": "DESKTOP-OFJ6N53", "TimeCreated": "2022-09-27 12:19:16.677982+00:00", "RecordID": "290", "Level": "3", "UserID": "S-1-5-18", "EventData.RegName": "AllowInsecureGuestAuth", "EventData.RegValue": "1"}
{"EventID": "31018", "Channel": "Microsoft-Windows-SmbClient/Security", "Provider_Name": "Microsoft-Windows-SMBClient", "Computer": "DESKTOP-OFJ6N53", "TimeCreated": "2022-09-27 15:12:28.655470+00:00", "RecordID": "291", "Level": "3", "UserID": "S-1-5-18", "EventData.RegName": "AllowInsecureGuestAuth", "EventData.RegValue": "1"}
{"EventID": "31018", "Channel": "Microsoft-Windows-SmbClient/Security", "Provider_Name": "Microsoft-Windows-SMBClient", "Computer": "DESKTOP-OFJ6N53", "TimeCreated": "2022-09-27 16:16:31.643599+00:00", "RecordID": "292", "Level": "3", "UserID": "S-1-5-18", "EventData.RegName": "AllowInsecureGuestAuth", "EventData.RegValue": "1"}
{"EventID": "31018", "Channel": "Microsoft-Windows-SmbClient/Security", "Provider_Name": "Microsoft-Windows-SMBClient", "Computer": "DESKTOP-OFJ6N53", "TimeCreated": "2022-09-27 20:17:51.643530+00:00", "RecordID": "293", "Level": "3", "UserID": "S-1-5-18", "EventData.RegName": "AllowInsecureGuestAuth", "EventData.RegValue": "1"}
{"EventID": "31018", "Channel": "Microsoft-Windows-SmbClient/Security", "Provider_Name": "Microsoft-Windows-SMBClient", "Computer": "DESKTOP-OFJ6N53", "TimeCreated": "2022-09-28 03:20:18.140190+00:00", "RecordID": "294", "Level": "3", "UserID": "S-1-5-18", "EventData.RegName": "AllowInsecureGuestAuth", "EventData.RegValue": "1"}
{"EventID": "31018", "Channel": "Microsoft-Windows-SmbClient/Security", "Provider_Name": "Microsoft-Windows-SMBClient", "Computer": "DESKTOP-OFJ6N53", "TimeCreated": "2022-09-28 05:02:29.630404+00:00", "RecordID": "295", "Level": "3", "UserID": "S-1-5-18", "EventData.RegName": "AllowInsecureGuestAuth", "EventData.RegValue": "1"}
{"EventID": "31018", "Channel": "Microsoft-Windows-SmbClient/Security", "Provider_Name": "Microsoft-Windows-SMBClient", "Computer": "DESKTOP-OFJ6N53", "TimeCreated": "2022-09-28 07:58:54.146320+00:00", "RecordID": "296", "Level": "3", "UserID": "S-1-5-18", "EventData.RegName": "AllowInsecureGuestAuth", "EventData.RegValue": "1"}
{"EventID": "31018", "Channel": "Microsoft-Windows-SmbClient/Security", "Provider_Name": "Microsoft-Windows-SMBClient", "Computer": "DESKTOP-OFJ6N53", "TimeCreated": "2022-09-28 09:26:58.630291+00:00", "RecordID": "297", "Level": "3", "UserID": "S-1-5-18", "EventData.RegName": "AllowInsecureGuestAuth", "EventData.RegValue": "1"}
{"EventID": "31018", "Channel": "Microsoft-Windows-SmbClient/Security", "Provider_Name": "Microsoft-Windows-SMBClient", "Computer": "DESKTOP-OFJ6N53", "TimeCreated": "2022-09-28 11:56:26.142216+00:00", "RecordID": "298", "Level": "3", "UserID": "S-1-5-18", "EventData.RegName": "AllowInsecureGuestAuth", "EventData.RegValue": "1"}
{"EventID": "31018", "Channel": "Microsoft-Windows-SmbClient/Security", "Provider_Name": "Microsoft-Windows-SMBClient", "Computer": "DESKTOP-OFJ6N53", "TimeCreated": "2022-09-29 11:32:44.404730+00:00", "RecordID": "299", "Level": "3", "UserID": "S-1-5-18", "EventData.RegName": "AllowInsecureGuestAuth", "EventData.RegValue": "1"}
{"EventID": "31018", "Channel": "Microsoft-Windows-SmbClient/Security", "Provider_Name": "Microsoft-Windows-SMBClient", "Computer": "DESKTOP-OFJ6N53", "TimeCreated": "2022-09-30 11:11:10.627726+00:00", "RecordID": "300", "Level": "3", "UserID": "S-1-5-18", "EventData.RegName": "AllowInsecureGuestAuth", "EventData.RegValue": "1"}
{"EventID": "31018", "Channel": "Microsoft-Windows-SmbClient/Security", "Provider_Name": "Microsoft-Windows-SMBClient", "Computer": "DESKTOP-OFJ6N53", "TimeCreated": "2022-10-04 08:34:52.929443+00:00", "RecordID": "301", "Level": "3", "UserID": "S-1-5-18", "EventData.RegName": "AllowInsecureGuestAuth", "EventData.RegValue": "1"}
{"EventID": "31018", "Channel": "Microsoft-Windows-SmbClient/Security", "Provider_Name": "Microsoft-Windows-SMBClient", "Computer": "DESKTOP-OFJ6N53", "TimeCreated": "2022-10-04 09:51:27.588333+00:00", "RecordID": "302", "Level": "3", "UserID": "S-1-5-18", "EventData.RegName": "AllowInsecureGuestAuth", "EventData.RegValue": "1"}
