{"EventID": "20", "Channel": "Microsoft-Windows-Provisioning-Diagnostics-Provider/Admin", "Provider_Name": "Microsoft-Windows-Provisioning-Diagnostics-Provider", "Computer": "DESKTOP-OFJ6N53", "TimeCreated": "2025-08-22 13:09:08.207331+00:00", "RecordID": "3140", "Level": "4", "UserID": "S-1-5-18", "EventData.Message1": "Power.Settings.Disk.ppkg", "EventData.Message2": "{9df6a4ed-fc16-48bf-8b24-6e2ad2bfcfea}"}
{"EventID": "20", "Channel": "Microsoft-Windows-Provisioning-Diagnostics-Provider/Admin", "Provider_Name": "Microsoft-Windows-Provisioning-Diagnostics-Provider", "Computer": "DESKTOP-OFJ6N53", "TimeCreated": "2025-08-22 13:09:08.580250+00:00", "RecordID": "3141", "Level": "4", "UserID": "S-1-5-18", "EventData.Message1": "Power.Settings.Display.ppkg", "EventData.Message2": "{23cb517f-5073-4e96-a202-7fe6122a2271}"}
{"EventID": "20", "Channel": "Microsoft-Windows-Provisioning-Diagnostics-Provider/Admin", "Provider_Name": "Microsoft-Windows-Provisioning-Diagnostics-Provider", "Computer": "DESKTOP-OFJ6N53", "TimeCreated": "2025-08-22 13:09:08.656235+00:00", "RecordID": "3142", "Level": "4", "UserID": "S-1-5-18", "EventData.Message1": "Power.Settings.Graphics.ppkg", "EventData.Message2": "{bf56ce5a-946b-45b5-858a-1794eb0125e2}"}
{"EventID": "20", "Channel": "Microsoft-Windows-Provisioning-Diagnostics-Provider/Admin", "Provider_Name": "Microsoft-Windows-Provisioning-Diagnostics-Provider", "Computer": "DESKTOP-OFJ6N53", "TimeCreated": "2025-08-22 13:09:08.873762+00:00", "RecordID": "3143", "Level": "4", "UserID": "S-1-5-18", "EventData.Message1": "Power.Settings.IdleResiliency.ppkg", "EventData.Message2": "{f11899f2-71ec-4621-9997-e17ae2f6eb26}"}
{"EventID": "20", "Channel": "Microsoft-Windows-Provisioning-Diagnostics-Provider/Admin", "Provider_Name": "Microsoft-Windows-Provisioning-Diagnostics-Provider", "Computer": "DESKTOP-OFJ6N53", "TimeCreated": "2025-08-22 13:09:09.049528+00:00", "RecordID": "3144", "Level": "4", "UserID": "S-1-5-18", "EventData.Message1": "Power.Settings.PCIExpress.ppkg", "EventData.Message2": "{268c43e1-aa2b-4036-86ef-8cda98a0c2fe}"}
{"EventID": "20", "Channel": "Microsoft-Windows-Provisioning-Diagnostics-Provider/Admin", "Provider_Name": "Microsoft-Windows-Provisioning-Diagnostics-Provider", "Computer": "DESKTOP-OFJ6N53", "TimeCreated": "2025-08-22 13:09:09.259775+00:00", "RecordID": "3145", "Level": "4", "UserID": "S-1-5-18", "EventData.Message1": "Power.Settings.Processor.ppkg", "EventData.Message2": "{fc01e91f-914c-45af-9d7c-0b2e5fbedf62}"}
{"EventID": "20", "Channel": "Microsoft-Windows-Provisioning-Diagnostics-Provider/Admin", "Provider_Name": "Microsoft-Windows-Provisioning-Diagnostics-Provider", "Computer": "DESKTOP-OFJ6N53", "TimeCreated": "2025-08-22 13:09:09.431335+00:00", "RecordID": "3146", "Level": "4", "UserID": "S-1-5-18", "EventData.Message1": "Power.Settings.Sleep.ppkg", "EventData.Message2": "{3742e5e8-6d9d-473b-99a6-8ecc0f43548a}"}
{"EventID": "20", "Channel": "Microsoft-Windows-Provisioning-Diagnostics-Provider/Admin", "Provider_Name": "Microsoft-Windows-Provisioning-Diagnostics-Provider", "Computer": "DESKTOP-OFJ6N53", "TimeCreated": "2025-08-22 13:09:09.474451+00:00", "RecordID": "3147", "Level": "4", "UserID": "S-1-5-18", "EventData.Message1": "Microsoft.Windows.Cosa.Desktop.Client.ppkg", "EventData.Message2": "{c8a326e4-f518-4f14-b543-97a57e1a975e}"}
{"EventID": "90", "Channel": "Microsoft-Windows-Provisioning-Diagnostics-Provider/Admin", "Provider_Name": "Microsoft-Windows-Provisioning-Diagnostics-Provider", "Computer": "DESKTOP-OFJ6N53", "TimeCreated": "2025-08-23 20:54:08.937765+00:00", "RecordID": "3148", "Level": "4", "UserID": "S-1-5-18", "EventData.Message1": "LogonIdleTask", "EventData.Message2": "<Not Present>", "EventData.Message3": "<Not Present>"}
{"EventID": "20", "Channel": "Microsoft-Windows-Provisioning-Diagnostics-Provider/Admin", "Provider_Name": "Microsoft-Windows-Provisioning-Diagnostics-Provider", "Computer": "DESKTOP-OFJ6N53", "TimeCreated": "2025-08-23 20:54:11.734875+00:00", "RecordID": "3149", "Level": "4", "UserID": "S-1-5-18", "EventData.Message1": "Power.EnergyEstimationEngine.Control.ppkg", "EventData.Message2": "{1e05dd5d-a022-46c5-963c-b20de341170f}"}
{"EventID": "20", "Channel": "Microsoft-Windows-Provisioning-Diagnostics-Provider/Admin", "Provider_Name": "Microsoft-Windows-Provisioning-Diagnostics-Provider", "Computer": "DESKTOP-OFJ6N53", "TimeCreated": "2025-08-23 20:54:11.769756+00:00", "RecordID": "3150", "Level": "4", "UserID": "S-1-5-18", "EventData.Message1": "Power.EnergyEstimationEngine.CPU.ppkg", "EventData.Message2": "{c5dc3753-b6c8-4057-b396-bf13d769311c}"}
{"EventID": "20", "Channel": "Microsoft-Windows-Provisioning-Diagnostics-Provider/Admin", "Provider_Name": "Microsoft-Windows-Provisioning-Diagnostics-Provider", "Computer": "DESKTOP-OFJ6N53", "TimeCreated": "2025-08-23 20:54:11.822912+00:00", "RecordID": "3151", "Level": "4", "UserID": "S-1-5-18", "EventData.Message1": "Power.EnergyEstimationEngine.Display.ppkg", "EventData.Message2": "{ee4aac98-c174-4941-82b1-d121e493e4fb}"}
{"EventID": "20", "Channel": "Microsoft-Windows-Provisioning-Diagnostics-Provider/Admin", "Provider_Name": "Microsoft-Windows-Provisioning-Diagnostics-Provider", "Computer": "DESKTOP-OFJ6N53", "TimeCreated": "2025-08-23 20:54:11.851568+00:00", "RecordID": "3152", "Level": "4", "UserID": "S-1-5-18", "EventData.Message1": "Power.EnergyEstimationEngine.MBB.ppkg", "EventData.Message2": "{99b095d8-5959-4820-bea7-7448c8427b4e}"}
{"EventID": "20", "Channel": "Microsoft-Windows-Provisioning-Diagnostics-Provider/Admin", "Provider_Name": "Microsoft-Windows-Provisioning-Diagnostics-Provider", "Computer": "DESKTOP-OFJ6N53", "TimeCreated": "2025-08-23 20:54:11.877234+00:00", "RecordID": "3153", "Level": "4", "UserID": "S-1-5-18", "EventData.Message1": "Power.EnergyEstimationEngine.StandbyActivation.ppkg", "EventData.Message2": "{8d196d7f-3eef-48ad-8bea-be749f12d3ad}"}
{"EventID": "20", "Channel": "Microsoft-Windows-Provisioning-Diagnostics-Provider/Admin", "Provider_Name": "Microsoft-Windows-Provisioning-Diagnostics-Provider", "Computer": "DESKTOP-OFJ6N53", "TimeCreated": "2025-08-23 20:54:12.212412+00:00", "RecordID": "3154", "Level": "4", "UserID": "S-1-5-18", "EventData.Message1": "Power.EnergyEstimationEngine.Storage.ppkg", "EventData.Message2": "{9aec5bda-1e87-46b3-bb96-1a01c606555e}"}
{"EventID": "20", "Channel": "Microsoft-Windows-Provisioning-Diagnostics-Provider/Admin", "Provider_Name": "Microsoft-Windows-Provisioning-Diagnostics-Provider", "Computer": "DESKTOP-OFJ6N53", "TimeCreated": "2025-08-23 20:54:12.253372+00:00", "RecordID": "3155", "Level": "4", "UserID": "S-1-5-18", "EventData.Message1": "Power.EnergyEstimationEngine.Telemetry.ppkg", "EventData.Message2": "{8fb7d64e-70fc-4f9d-89ee-d486817534df}"}
{"EventID": "20", "Channel": "Microsoft-Windows-Provisioning-Diagnostics-Provider/Admin", "Provider_Name": "Microsoft-Windows-Provisioning-Diagnostics-Provider", "Computer": "DESKTOP-OFJ6N53", "TimeCreated": "2025-08-23 20:54:12.272154+00:00", "RecordID": "3156", "Level": "4", "UserID": "S-1-5-18", "EventData.Message1": "Power.EnergyEstimationEngine.Wifi.ppkg", "EventData.Message2": "{b0b9123d-7d7f-4c6b-9973-ceced46f2a09}"}
{"EventID": "20", "Channel": "Microsoft-Windows-Provisioning-Diagnostics-Provider/Admin", "Provider_Name": "Microsoft-Windows-Provisioning-Diagnostics-Provider", "Computer": "DESKTOP-OFJ6N53", "TimeCreated": "2025-08-23 20:54:12.405190+00:00", "RecordID": "3157", "Level": "4", "UserID": "S-1-5-18", "EventData.Message1": "Power.Settings.Battery.ppkg", "EventData.Message2": "{7a30a9be-737f-47a1-a541-6e7b0761ed19}"}
{"EventID": "20", "Channel": "Microsoft-Windows-Provisioning-Diagnostics-Provider/Admin", "Provider_Name": "Microsoft-Windows-Provisioning-Diagnostics-Provider", "Computer": "DESKTOP-OFJ6N53", "TimeCreated": "2025-08-23 20:54:12.426285+00:00", "RecordID": "3158", "Level": "4", "UserID": "S-1-5-18", "EventData.Message1": "Power.Settings.Button.ppkg", "EventData.Message2": "{18dcffd4-37d6-4bc6-87e0-4266fdbb8e49}"}
{"EventID": "20", "Channel": "Microsoft-Windows-Provisioning-Diagnostics-Provider/Admin", "Provider_Name": "Microsoft-Windows-Provisioning-Diagnostics-Provider", "Computer": "DESKTOP-OFJ6N53", "TimeCreated": "2025-08-23 20:54:12.444300+00:00", "RecordID": "3159", "Level": "4", "UserID": "S-1-5-18", "EventData.Message1": "Power.Settings.Control.ppkg", "EventData.Message2": "{5f568920-10ad-4dc0-a97e-b78a3255c351}"}
{"EventID": "20", "Channel": "Microsoft-Windows-Provisioning-Diagnostics-Provider/Admin", "Provider_Name": "Microsoft-Windows-Provisioning-Diagnostics-Provider", "Computer": "DESKTOP-OFJ6N53", "TimeCreated": "2025-08-23 20:54:12.633707+00:00", "RecordID": "3160", "Level": "4", "UserID": "S-1-5-18", "EventData.Message1": "Power.Settings.Disk.ppkg", "EventData.Message2": "{9df6a4ed-fc16-48bf-8b24-6e2ad2bfcfea}"}
{"EventID": "20", "Channel": "Microsoft-Windows-Provisioning-Diagnostics-Provider/Admin", "Provider_Name": "Microsoft-Windows-Provisioning-Diagnostics-Provider", "Computer": "DESKTOP-OFJ6N53", "TimeCreated": "2025-08-23 20:54:12.652460+00:00", "RecordID": "3161", "Level": "4", "UserID": "S-1-5-18", "EventData.Message1": "Power.Settings.Display.ppkg", "EventData.Message2": "{23cb517f-5073-4e96-a202-7fe6122a2271}"}
{"EventID": "20", "Channel": "Microsoft-Windows-Provisioning-Diagnostics-Provider/Admin", "Provider_Name": "Microsoft-Windows-Provisioning-Diagnostics-Provider", "Computer": "DESKTOP-OFJ6N53", "TimeCreated": "2025-08-23 20:54:12.667910+00:00", "RecordID": "3162", "Level": "4", "UserID": "S-1-5-18", "EventData.Message1": "Power.Settings.Graphics.ppkg", "EventData.Message2": "{bf56ce5a-946b-45b5-858a-1794eb0125e2}"}
{"EventID": "20", "Channel": "Microsoft-Windows-Provisioning-Diagnostics-Provider/Admin", "Provider_Name": "Microsoft-Windows-Provisioning-Diagnostics-Provider", "Computer": "DESKTOP-OFJ6N53", "TimeCreated": "2025-08-23 20:54:12.684742+00:00", "RecordID": "3163", "Level": "4", "UserID": "S-1-5-18", "EventData.Message1": "Power.Settings.IdleResiliency.ppkg", "EventData.Message2": "{f11899f2-71ec-4621-9997-e17ae2f6eb26}"}
{"EventID": "20", "Channel": "Microsoft-Windows-Provisioning-Diagnostics-Provider/Admin", "Provider_Name": "Microsoft-Windows-Provisioning-Diagnostics-Provider", "Computer": "DESKTOP-OFJ6N53", "TimeCreated": "2025-08-23 20:54:12.700665+00:00", "RecordID": "3164", "Level": "4", "UserID": "S-1-5-18", "EventData.Message1": "Power.Settings.PCIExpress.ppkg", "EventData.Message2": "{268c43e1-aa2b-4036-86ef-8cda98a0c2fe}"}
{"EventID": "20", "Channel": "Microsoft-Windows-Provisioning-Diagnostics-Provider/Admin", "Provider_Name": "Microsoft-Windows-Provisioning-Diagnostics-Provider", "Computer": "DESKTOP-OFJ6N53", "TimeCreated": "2025-08-23 20:54:12.721514+00:00", "RecordID": "3165", "Level": "4", "UserID": "S-1-5-18", "EventData.Message1": "Power.Settings.Processor.ppkg", "EventData.Message2": "{fc01e91f-914c-45af-9d7c-0b2e5fbedf62}"}
{"EventID": "20", "Channel": "Microsoft-Windows-Provisioning-Diagnostics-Provider/Admin", "Provider_Name": "Microsoft-Windows-Provisioning-Diagnostics-Provider", "Computer": "DESKTOP-OFJ6N53", "TimeCreated": "2025-08-23 20:54:12.898920+00:00", "RecordID": "3166", "Level": "4", "UserID": "S-1-5-18", "EventData.Message1": "Power.Settings.Sleep.ppkg", "EventData.Message2": "{3742e5e8-6d9d-473b-99a6-8ecc0f43548a}"}
{"EventID": "20", "Channel": "Microsoft-Windows-Provisioning-Diagnostics-Provider/Admin", "Provider_Name": "Microsoft-Windows-Provisioning-Diagnostics-Provider", "Computer": "DESKTOP-OFJ6N53", "TimeCreated": "2025-08-23 20:54:12.923891+00:00", "RecordID": "3167", "Level": "4", "UserID": "S-1-5-18", "EventData.Message1": "Microsoft.Windows.Cosa.Desktop.Client.ppkg", "EventData.Message2": "{c8a326e4-f518-4f14-b543-97a57e1a975e}"}
{"EventID": "90", "Channel": "Microsoft-Windows-Provisioning-Diagnostics-Provider/Admin", "Provider_Name": "Microsoft-Windows-Provisioning-Diagnostics-Provider", "Computer": "DESKTOP-OFJ6N53", "TimeCreated": "2023-04-04 06:48:48.661018+00:00", "RecordID": "1506", "Level": "4", "UserID": "S-1-5-18", "EventData.Message1": "LogonIdleTask", "EventData.Message2": "<Not Present>", "EventData.Message3": "<Not Present>"}
{"EventID": "20", "Channel": "Microsoft-Windows-Provisioning-Diagnostics-Provider/Admin", "Provider_Name": "Microsoft-Windows-Provisioning-Diagnostics-Provider", "Computer": "DESKTOP-OFJ6N53", "TimeCreated": "2023-04-04 06:48:53.892279+00:00", "RecordID": "1507", "Level": "4", "UserID": "S-1-5-18", "EventData.Message1": "Power.EnergyEstimationEngine.Control.ppkg", "EventData.Message2": "{1e05dd5d-a022-46c5-963c-b20de341170f}"}
{"EventID": "20", "Channel": "Microsoft-Windows-Provisioning-Diagnostics-Provider/Admin", "Provider_Name": "Microsoft-Windows-Provisioning-Diagnostics-Provider", "Computer": "DESKTOP-OFJ6N53", "TimeCreated": "2023-04-04 06:48:53.906834+00:00", "RecordID": "1508", "Level": "4", "UserID": "S-1-5-18", "EventData.Message1": "Power.EnergyEstimationEngine.CPU.ppkg", "EventData.Message2": "{c5dc3753-b6c8-4057-b396-bf13d769311c}"}
{"EventID": "20", "Channel": "Microsoft-Windows-Provisioning-Diagnostics-Provider/Admin", "Provider_Name": "Microsoft-Windows-Provisioning-Diagnostics-Provider", "Computer": "DESKTOP-OFJ6N53", "TimeCreated": "2023-04-04 06:48:53.922482+00:00", "RecordID": "1509", "Level": "4", "UserID": "S-1-5-18", "EventData.Message1": "Power.EnergyEstimationEngine.Display.ppkg", "EventData.Message2": "{ee4aac98-c174-4941-82b1-d121e493e4fb}"}
{"EventID": "20", "Channel": "Microsoft-Windows-Provisioning-Diagnostics-Provider/Admin", "Provider_Name": "Microsoft-Windows-Provisioning-Diagnostics-Provider", "Computer": "DESKTOP-OFJ6N53", "TimeCreated": "2023-04-04 06:48:53.936634+00:00", "RecordID": "1510", "Level": "4", "UserID": "S-1-5-18", "EventData.Message1": "Power.EnergyEstimationEngine.MBB.ppkg", "EventData.Message2": "{99b095d8-5959-4820-bea7-7448c8427b4e}"}
{"EventID": "20", "Channel": "Microsoft-Windows-Provisioning-Diagnostics-Provider/Admin", "Provider_Name": "Microsoft-Windows-Provisioning-Diagnostics-Provider", "Computer": "DESKTOP-OFJ6N53", "TimeCreated": "2023-04-04 06:48:53.953300+00:00", "RecordID": "1511", "Level": "4", "UserID": "S-1-5-18", "EventData.Message1": "Power.EnergyEstimationEngine.StandbyActivation.ppkg", "EventData.Message2": "{8d196d7f-3eef-48ad-8bea-be749f12d3ad}"}
{"EventID": "20", "Channel": "Microsoft-Windows-Provisioning-Diagnostics-Provider/Admin", "Provider_Name": "Microsoft-Windows-Provisioning-Diagnostics-Provider", "Computer": "DESKTOP-OFJ6N53", "TimeCreated": "2023-04-04 06:48:53.974344+00:00", "RecordID": "1512", "Level": "4", "UserID": "S-1-5-18", "EventData.Message1": "Power.EnergyEstimationEngine.Storage.ppkg", "EventData.Message2": "{9aec5bda-1e87-46b3-bb96-1a01c606555e}"}
{"EventID": "20", "Channel": "Microsoft-Windows-Provisioning-Diagnostics-Provider/Admin", "Provider_Name": "Microsoft-Windows-Provisioning-Diagnostics-Provider", "Computer": "DESKTOP-OFJ6N53", "TimeCreated": "2023-04-04 06:48:53.990271+00:00", "RecordID": "1513", "Level": "4", "UserID": "S-1-5-18", "EventData.Message1": "Power.EnergyEstimationEngine.Telemetry.ppkg", "EventData.Message2": "{8fb7d64e-70fc-4f9d-89ee-d486817534df}"}
{"EventID": "20", "Channel": "Microsoft-Windows-Provisioning-Diagnostics-Provider/Admin", "Provider_Name": "Microsoft-Windows-Provisioning-Diagnostics-Provider", "Computer": "DESKTOP-OFJ6N53", "TimeCreated": "2023-04-04 06:48:54.049940+00:00", "RecordID": "1514", "Level": "4", "UserID": "S-1-5-18", "EventData.Message1": "Power.EnergyEstimationEngine.Wifi.ppkg", "EventData.Message2": "{b0b9123d-7d7f-4c6b-9973-ceced46f2a09}"}
{"EventID": "20", "Channel": "Microsoft-Windows-Provisioning-Diagnostics-Provider/Admin", "Provider_Name": "Microsoft-Windows-Provisioning-Diagnostics-Provider", "Computer": "DESKTOP-OFJ6N53", "TimeCreated": "2023-04-04 06:48:54.064405+00:00", "RecordID": "1515", "Level": "4", "UserID": "S-1-5-18", "EventData.Message1": "Power.Settings.Battery.ppkg", "EventData.Message2": "{7a30a9be-737f-47a1-a541-6e7b0761ed19}"}
{"EventID": "20", "Channel": "Microsoft-Windows-Provisioning-Diagnostics-Provider/Admin", "Provider_Name": "Microsoft-Windows-Provisioning-Diagnostics-Provider", "Computer": "DESKTOP-OFJ6N53", "TimeCreated": "2023-04-04 06:48:54.077608+00:00", "RecordID": "1516", "Level": "4", "UserID": "S-1-5-18", "EventData.Message1": "Power.Settings.Button.ppkg", "EventData.Message2": "{18dcffd4-37d6-4bc6-87e0-4266fdbb8e49}"}
{"EventID": "20", "Channel": "Microsoft-Windows-Provisioning-Diagnostics-Provider/Admin", "Provider_Name": "Microsoft-Windows-Provisioning-Diagnostics-Provider", "Computer": "DESKTOP-OFJ6N53", "TimeCreated": "2023-04-04 06:48:54.607740+00:00", "RecordID": "1517", "Level": "4", "UserID": "S-1-5-18", "EventData.Message1": "Power.Settings.Control.ppkg", "EventData.Message2": "{5f568920-10ad-4dc0-a97e-b78a3255c351}"}
{"EventID": "20", "Channel": "Microsoft-Windows-Provisioning-Diagnostics-Provider/Admin", "Provider_Name": "Microsoft-Windows-Provisioning-Diagnostics-Provider", "Computer": "DESKTOP-OFJ6N53", "TimeCreated": "2023-04-04 06:48:54.643726+00:00", "RecordID": "1518", "Level": "4", "UserID": "S-1-5-18", "EventData.Message1": "Power.Settings.Disk.ppkg", "EventData.Message2": "{9df6a4ed-fc16-48bf-8b24-6e2ad2bfcfea}"}
{"EventID": "20", "Channel": "Microsoft-Windows-Provisioning-Diagnostics-Provider/Admin", "Provider_Name": "Microsoft-Windows-Provisioning-Diagnostics-Provider", "Computer": "DESKTOP-OFJ6N53", "TimeCreated": "2023-04-04 06:48:54.657454+00:00", "RecordID": "1519", "Level": "4", "UserID": "S-1-5-18", "EventData.Message1": "Power.Settings.Display.ppkg", "EventData.Message2": "{23cb517f-5073-4e96-a202-7fe6122a2271}"}
{"EventID": "20", "Channel": "Microsoft-Windows-Provisioning-Diagnostics-Provider/Admin", "Provider_Name": "Microsoft-Windows-Provisioning-Diagnostics-Provider", "Computer": "DESKTOP-OFJ6N53", "TimeCreated": "2023-04-04 06:48:54.671808+00:00", "RecordID": "1520", "Level": "4", "UserID": "S-1-5-18", "EventData.Message1": "Power.Settings.Graphics.ppkg", "EventData.Message2": "{bf56ce5a-946b-45b5-858a-1794eb0125e2}"}
{"EventID": "20", "Channel": "Microsoft-Windows-Provisioning-Diagnostics-Provider/Admin", "Provider_Name": "Microsoft-Windows-Provisioning-Diagnostics-Provider", "Computer": "DESKTOP-OFJ6N53", "TimeCreated": "2023-04-04 06:48:54.719950+00:00", "RecordID": "1521", "Level": "4", "UserID": "S-1-5-18", "EventData.Message1": "Power.Settings.IdleResiliency.ppkg", "EventData.Message2": "{f11899f2-71ec-4621-9997-e17ae2f6eb26}"}
{"EventID": "20", "Channel": "Microsoft-Windows-Provisioning-Diagnostics-Provider/Admin", "Provider_Name": "Microsoft-Windows-Provisioning-Diagnostics-Provider", "Computer": "DESKTOP-OFJ6N53", "TimeCreated": "2023-04-04 06:48:54.956657+00:00", "RecordID": "1522", "Level": "4", "UserID": "S-1-5-18", "EventData.Message1": "Power.Settings.PCIExpress.ppkg", "EventData.Message2": "{268c43e1-aa2b-4036-86ef-8cda98a0c2fe}"}
{"EventID": "20", "Channel": "Microsoft-Windows-Provisioning-Diagnostics-Provider/Admin", "Provider_Name": "Microsoft-Windows-Provisioning-Diagnostics-Provider", "Computer": "DESKTOP-OFJ6N53", "TimeCreated": "2023-04-04 06:48:54.970659+00:00", "RecordID": "1523", "Level": "4", "UserID": "S-1-5-18", "EventData.Message1": "Power.Settings.Processor.ppkg", "EventData.Message2": "{fc01e91f-914c-45af-9d7c-0b2e5fbedf62}"}
{"EventID": "20", "Channel": "Microsoft-Windows-Provisioning-Diagnostics-Provider/Admin", "Provider_Name": "Microsoft-Windows-Provisioning-Diagnostics-Provider", "Computer": "DESKTOP-OFJ6N53", "TimeCreated": "2023-04-04 06:48:54.985683+00:00", "RecordID": "1524", "Level": "4", "UserID": "S-1-5-18", "EventData.Message1": "Power.Settings.Sleep.ppkg", "EventData.Message2": "{3742e5e8-6d9d-473b-99a6-8ecc0f43548a}"}
{"EventID": "20", "Channel": "Microsoft-Windows-Provisioning-Diagnostics-Provider/Admin", "Provider_Name": "Microsoft-Windows-Provisioning-Diagnostics-Provider", "Computer": "DESKTOP-OFJ6N53", "TimeCreated": "2023-04-04 06:48:55.171560+00:00", "RecordID": "1525", "Level": "4", "UserID": "S-1-5-18", "EventData.Message1": "Microsoft.Windows.Cosa.Desktop.Client.ppkg", "EventData.Message2": "{c8a326e4-f518-4f14-b543-97a57e1a975e}"}
{"EventID": "90", "Channel": "Microsoft-Windows-Provisioning-Diagnostics-Provider/Admin", "Provider_Name": "Microsoft-Windows-Provisioning-Diagnostics-Provider", "Computer": "DESKTOP-OFJ6N53", "TimeCreated": "2023-04-05 07:39:54.475664+00:00", "RecordID": "1526", "Level": "4", "UserID": "S-1-5-18", "EventData.Message1": "LogonIdleTask", "EventData.Message2": "<Not Present>", "EventData.Message3": "<Not Present>"}
{"EventID": "20", "Channel": "Microsoft-Windows-Provisioning-Diagnostics-Provider/Admin", "Provider_Name": "Microsoft-Windows-Provisioning-Diagnostics-Provider", "Computer": "DESKTOP-OFJ6N53", "TimeCreated": "2023-04-05 07:39:56.892794+00:00", "RecordID": "1527", "Level": "4", "UserID": "S-1-5-18", "EventData.Message1": "Power.EnergyEstimationEngine.Control.ppkg", "EventData.Message2": "{1e05dd5d-a022-46c5-963c-b20de341170f}"}
{"EventID": "20", "Channel": "Microsoft-Windows-Provisioning-Diagnostics-Provider/Admin", "Provider_Name": "Microsoft-Windows-Provisioning-Diagnostics-Provider", "Computer": "DESKTOP-OFJ6N53", "TimeCreated": "2023-04-05 07:39:56.927855+00:00", "RecordID": "1528", "Level": "4", "UserID": "S-1-5-18", "EventData.Message1": "Power.EnergyEstimationEngine.CPU.ppkg", "EventData.Message2": "{c5dc3753-b6c8-4057-b396-bf13d769311c}"}
{"EventID": "20", "Channel": "Microsoft-Windows-Provisioning-Diagnostics-Provider/Admin", "Provider_Name": "Microsoft-Windows-Provisioning-Diagnostics-Provider", "Computer": "DESKTOP-OFJ6N53", "TimeCreated": "2023-04-05 07:39:56.969776+00:00", "RecordID": "1529", "Level": "4", "UserID": "S-1-5-18", "EventData.Message1": "Power.EnergyEstimationEngine.Display.ppkg", "EventData.Message2": "{ee4aac98-c174-4941-82b1-d121e493e4fb}"}
{"EventID": "20", "Channel": "Microsoft-Windows-Provisioning-Diagnostics-Provider/Admin", "Provider_Name": "Microsoft-Windows-Provisioning-Diagnostics-Provider", "Computer": "DESKTOP-OFJ6N53", "TimeCreated": "2023-04-05 07:39:56.998785+00:00", "RecordID": "1530", "Level": "4", "UserID": "S-1-5-18", "EventData.Message1": "Power.EnergyEstimationEngine.MBB.ppkg", "EventData.Message2": "{99b095d8-5959-4820-bea7-7448c8427b4e}"}
{"EventID": "20", "Channel": "Microsoft-Windows-Provisioning-Diagnostics-Provider/Admin", "Provider_Name": "Microsoft-Windows-Provisioning-Diagnostics-Provider", "Computer": "DESKTOP-OFJ6N53", "TimeCreated": "2023-04-05 07:39:57.026443+00:00", "RecordID": "1531", "Level": "4", "UserID": "S-1-5-18", "EventData.Message1": "Power.EnergyEstimationEngine.StandbyActivation.ppkg", "EventData.Message2": "{8d196d7f-3eef-48ad-8bea-be749f12d3ad}"}
{"EventID": "20", "Channel": "Microsoft-Windows-Provisioning-Diagnostics-Provider/Admin", "Provider_Name": "Microsoft-Windows-Provisioning-Diagnostics-Provider", "Computer": "DESKTOP-OFJ6N53", "TimeCreated": "2023-04-05 07:39:57.073547+00:00", "RecordID": "1532", "Level": "4", "UserID": "S-1-5-18", "EventData.Message1": "Power.EnergyEstimationEngine.Storage.ppkg", "EventData.Message2": "{9aec5bda-1e87-46b3-bb96-1a01c606555e}"}
{"EventID": "20", "Channel": "Microsoft-Windows-Provisioning-Diagnostics-Provider/Admin", "Provider_Name": "Microsoft-Windows-Provisioning-Diagnostics-Provider", "Computer": "DESKTOP-OFJ6N53", "TimeCreated": "2023-04-05 07:39:57.110094+00:00", "RecordID": "1533", "Level": "4", "UserID": "S-1-5-18", "EventData.Message1": "Power.EnergyEstimationEngine.Telemetry.ppkg", "EventData.Message2": "{8fb7d64e-70fc-4f9d-89ee-d486817534df}"}
{"EventID": "20", "Channel": "Microsoft-Windows-Provisioning-Diagnostics-Provider/Admin", "Provider_Name": "Microsoft-Windows-Provisioning-Diagnostics-Provider", "Computer": "DESKTOP-OFJ6N53", "TimeCreated": "2023-04-05 07:39:57.128256+00:00", "RecordID": "1534", "Level": "4", "UserID": "S-1-5-18", "EventData.Message1": "Power.EnergyEstimationEngine.Wifi.ppkg", "EventData.Message2": "{b0b9123d-7d7f-4c6b-9973-ceced46f2a09}"}
{"EventID": "20", "Channel": "Microsoft-Windows-Provisioning-Diagnostics-Provider/Admin", "Provider_Name": "Microsoft-Windows-Provisioning-Diagnostics-Provider", "Computer": "DESKTOP-OFJ6N53", "TimeCreated": "2023-04-05 07:39:57.148273+00:00", "RecordID": "1535", "Level": "4", "UserID": "S-1-5-18", "EventData.Message1": "Power.Settings.Battery.ppkg", "EventData.Message2": "{7a30a9be-737f-47a1-a541-6e7b0761ed19}"}
{"EventID": "20", "Channel": "Microsoft-Windows-Provisioning-Diagnostics-Provider/Admin", "Provider_Name": "Microsoft-Windows-Provisioning-Diagnostics-Provider", "Computer": "DESKTOP-OFJ6N53", "TimeCreated": "2023-04-05 07:39:57.181629+00:00", "RecordID": "1536", "Level": "4", "UserID": "S-1-5-18", "EventData.Message1": "Power.Settings.Button.ppkg", "EventData.Message2": "{18dcffd4-37d6-4bc6-87e0-4266fdbb8e49}"}
{"EventID": "20", "Channel": "Microsoft-Windows-Provisioning-Diagnostics-Provider/Admin", "Provider_Name": "Microsoft-Windows-Provisioning-Diagnostics-Provider", "Computer": "DESKTOP-OFJ6N53", "TimeCreated": "2023-04-05 07:39:57.201160+00:00", "RecordID": "1537", "Level": "4", "UserID": "S-1-5-18", "EventData.Message1": "Power.Settings.Control.ppkg", "EventData.Message2": "{5f568920-10ad-4dc0-a97e-b78a3255c351}"}
{"EventID": "20", "Channel": "Microsoft-Windows-Provisioning-Diagnostics-Provider/Admin", "Provider_Name": "Microsoft-Windows-Provisioning-Diagnostics-Provider", "Computer": "DESKTOP-OFJ6N53", "TimeCreated": "2023-04-05 07:39:57.221893+00:00", "RecordID": "1538", "Level": "4", "UserID": "S-1-5-18", "EventData.Message1": "Power.Settings.Disk.ppkg", "EventData.Message2": "{9df6a4ed-fc16-48bf-8b24-6e2ad2bfcfea}"}
{"EventID": "20", "Channel": "Microsoft-Windows-Provisioning-Diagnostics-Provider/Admin", "Provider_Name": "Microsoft-Windows-Provisioning-Diagnostics-Provider", "Computer": "DESKTOP-OFJ6N53", "TimeCreated": "2023-04-05 07:39:57.246044+00:00", "RecordID": "1539", "Level": "4", "UserID": "S-1-5-18", "EventData.Message1": "Power.Settings.Display.ppkg", "EventData.Message2": "{23cb517f-5073-4e96-a202-7fe6122a2271}"}
{"EventID": "20", "Channel": "Microsoft-Windows-Provisioning-Diagnostics-Provider/Admin", "Provider_Name": "Microsoft-Windows-Provisioning-Diagnostics-Provider", "Computer": "DESKTOP-OFJ6N53", "TimeCreated": "2023-04-05 07:39:57.272940+00:00", "RecordID": "1540", "Level": "4", "UserID": "S-1-5-18", "EventData.Message1": "Power.Settings.Graphics.ppkg", "EventData.Message2": "{bf56ce5a-946b-45b5-858a-1794eb0125e2}"}
{"EventID": "20", "Channel": "Microsoft-Windows-Provisioning-Diagnostics-Provider/Admin", "Provider_Name": "Microsoft-Windows-Provisioning-Diagnostics-Provider", "Computer": "DESKTOP-OFJ6N53", "TimeCreated": "2023-04-05 07:39:57.302742+00:00", "RecordID": "1541", "Level": "4", "UserID": "S-1-5-18", "EventData.Message1": "Power.Settings.IdleResiliency.ppkg", "EventData.Message2": "{f11899f2-71ec-4621-9997-e17ae2f6eb26}"}
{"EventID": "20", "Channel": "Microsoft-Windows-Provisioning-Diagnostics-Provider/Admin", "Provider_Name": "Microsoft-Windows-Provisioning-Diagnostics-Provider", "Computer": "DESKTOP-OFJ6N53", "TimeCreated": "2023-04-05 07:39:57.326817+00:00", "RecordID": "1542", "Level": "4", "UserID": "S-1-5-18", "EventData.Message1": "Power.Settings.PCIExpress.ppkg", "EventData.Message2": "{268c43e1-aa2b-4036-86ef-8cda98a0c2fe}"}
{"EventID": "20", "Channel": "Microsoft-Windows-Provisioning-Diagnostics-Provider/Admin", "Provider_Name": "Microsoft-Windows-Provisioning-Diagnostics-Provider", "Computer": "DESKTOP-OFJ6N53", "TimeCreated": "2023-04-05 07:39:57.349970+00:00", "RecordID": "1543", "Level": "4", "UserID": "S-1-5-18", "EventData.Message1": "Power.Settings.Processor.ppkg", "EventData.Message2": "{fc01e91f-914c-45af-9d7c-0b2e5fbedf62}"}
{"EventID": "20", "Channel": "Microsoft-Windows-Provisioning-Diagnostics-Provider/Admin", "Provider_Name": "Microsoft-Windows-Provisioning-Diagnostics-Provider", "Computer": "DESKTOP-OFJ6N53", "TimeCreated": "2023-04-05 07:39:57.366688+00:00", "RecordID": "1544", "Level": "4", "UserID": "S-1-5-18", "EventData.Message1": "Power.Settings.Sleep.ppkg", "EventData.Message2": "{3742e5e8-6d9d-473b-99a6-8ecc0f43548a}"}
{"EventID": "20", "Channel": "Microsoft-Windows-Provisioning-Diagnostics-Provider/Admin", "Provider_Name": "Microsoft-Windows-Provisioning-Diagnostics-Provider", "Computer": "DESKTOP-OFJ6N53", "TimeCreated": "2023-04-05 07:39:57.404186+00:00", "RecordID": "1545", "Level": "4", "UserID": "S-1-5-18", "EventData.Message1": "Microsoft.Windows.Cosa.Desktop.Client.ppkg", "EventData.Message2": "{c8a326e4-f518-4f14-b543-97a57e1a975e}"}
{"EventID": "90", "Channel": "Microsoft-Windows-Provisioning-Diagnostics-Provider/Admin", "Provider_Name": "Microsoft-Windows-Provisioning-Diagnostics-Provider", "Computer": "DESKTOP-OFJ6N53", "TimeCreated": "2023-04-05 15:41:32.569778+00:00", "RecordID": "1546", "Level": "4", "UserID": "S-1-5-18", "EventData.Message1": "LogonIdleTask", "EventData.Message2": "<Not Present>", "EventData.Message3": "<Not Present>"}
{"EventID": "20", "Channel": "Microsoft-Windows-Provisioning-Diagnostics-Provider/Admin", "Provider_Name": "Microsoft-Windows-Provisioning-Diagnostics-Provider", "Computer": "DESKTOP-OFJ6N53", "TimeCreated": "2023-04-05 15:41:34.073826+00:00", "RecordID": "1547", "Level": "4", "UserID": "S-1-5-18", "EventData.Message1": "Power.EnergyEstimationEngine.Control.ppkg", "EventData.Message2": "{1e05dd5d-a022-46c5-963c-b20de341170f}"}
{"EventID": "20", "Channel": "Microsoft-Windows-Provisioning-Diagnostics-Provider/Admin", "Provider_Name": "Microsoft-Windows-Provisioning-Diagnostics-Provider", "Computer": "DESKTOP-OFJ6N53", "TimeCreated": "2023-04-05 15:41:34.086960+00:00", "RecordID": "1548", "Level": "4", "UserID": "S-1-5-18", "EventData.Message1": "Power.EnergyEstimationEngine.CPU.ppkg", "EventData.Message2": "{c5dc3753-b6c8-4057-b396-bf13d769311c}"}
{"EventID": "20", "Channel": "Microsoft-Windows-Provisioning-Diagnostics-Provider/Admin", "Provider_Name": "Microsoft-Windows-Provisioning-Diagnostics-Provider", "Computer": "DESKTOP-OFJ6N53", "TimeCreated": "2023-04-05 15:41:34.100004+00:00", "RecordID": "1549", "Level": "4", "UserID": "S-1-5-18", "EventData.Message1": "Power.EnergyEstimationEngine.Display.ppkg", "EventData.Message2": "{ee4aac98-c174-4941-82b1-d121e493e4fb}"}
{"EventID": "20", "Channel": "Microsoft-Windows-Provisioning-Diagnostics-Provider/Admin", "Provider_Name": "Microsoft-Windows-Provisioning-Diagnostics-Provider", "Computer": "DESKTOP-OFJ6N53", "TimeCreated": "2023-04-05 15:41:34.113195+00:00", "RecordID": "1550", "Level": "4", "UserID": "S-1-5-18", "EventData.Message1": "Power.EnergyEstimationEngine.MBB.ppkg", "EventData.Message2": "{99b095d8-5959-4820-bea7-7448c8427b4e}"}
{"EventID": "20", "Channel": "Microsoft-Windows-Provisioning-Diagnostics-Provider/Admin", "Provider_Name": "Microsoft-Windows-Provisioning-Diagnostics-Provider", "Computer": "DESKTOP-OFJ6N53", "TimeCreated": "2023-04-05 15:41:34.128416+00:00", "RecordID": "1551", "Level": "4", "UserID": "S-1-5-18", "EventData.Message1": "Power.EnergyEstimationEngine.StandbyActivation.ppkg", "EventData.Message2": "{8d196d7f-3eef-48ad-8bea-be749f12d3ad}"}
{"EventID": "20", "Channel": "Microsoft-Windows-Provisioning-Diagnostics-Provider/Admin", "Provider_Name": "Microsoft-Windows-Provisioning-Diagnostics-Provider", "Computer": "DESKTOP-OFJ6N53", "TimeCreated": "2023-04-05 15:41:34.149647+00:00", "RecordID": "1552", "Level": "4", "UserID": "S-1-5-18", "EventData.Message1": "Power.EnergyEstimationEngine.Storage.ppkg", "EventData.Message2": "{9aec5bda-1e87-46b3-bb96-1a01c606555e}"}
{"EventID": "20", "Channel": "Microsoft-Windows-Provisioning-Diagnostics-Provider/Admin", "Provider_Name": "Microsoft-Windows-Provisioning-Diagnostics-Provider", "Computer": "DESKTOP-OFJ6N53", "TimeCreated": "2023-04-05 15:41:34.169395+00:00", "RecordID": "1553", "Level": "4", "UserID": "S-1-5-18", "EventData.Message1": "Power.EnergyEstimationEngine.Telemetry.ppkg", "EventData.Message2": "{8fb7d64e-70fc-4f9d-89ee-d486817534df}"}
{"EventID": "20", "Channel": "Microsoft-Windows-Provisioning-Diagnostics-Provider/Admin", "Provider_Name": "Microsoft-Windows-Provisioning-Diagnostics-Provider", "Computer": "DESKTOP-OFJ6N53", "TimeCreated": "2023-04-05 15:41:34.191338+00:00", "RecordID": "1554", "Level": "4", "UserID": "S-1-5-18", "EventData.Message1": "Power.EnergyEstimationEngine.Wifi.ppkg", "EventData.Message2": "{b0b9123d-7d7f-4c6b-9973-ceced46f2a09}"}
{"EventID": "20", "Channel": "Microsoft-Windows-Provisioning-Diagnostics-Provider/Admin", "Provider_Name": "Microsoft-Windows-Provisioning-Diagnostics-Provider", "Computer": "DESKTOP-OFJ6N53", "TimeCreated": "2023-04-05 15:41:34.204708+00:00", "RecordID": "1555", "Level": "4", "UserID": "S-1-5-18", "EventData.Message1": "Power.Settings.Battery.ppkg", "EventData.Message2": "{7a30a9be-737f-47a1-a541-6e7b0761ed19}"}
{"EventID": "20", "Channel": "Microsoft-Windows-Provisioning-Diagnostics-Provider/Admin", "Provider_Name": "Microsoft-Windows-Provisioning-Diagnostics-Provider", "Computer": "DESKTOP-OFJ6N53", "TimeCreated": "2023-04-05 15:41:34.229813+00:00", "RecordID": "1556", "Level": "4", "UserID": "S-1-5-18", "EventData.Message1": "Power.Settings.Button.ppkg", "EventData.Message2": "{18dcffd4-37d6-4bc6-87e0-4266fdbb8e49}"}
{"EventID": "20", "Channel": "Microsoft-Windows-Provisioning-Diagnostics-Provider/Admin", "Provider_Name": "Microsoft-Windows-Provisioning-Diagnostics-Provider", "Computer": "DESKTOP-OFJ6N53", "TimeCreated": "2023-04-05 15:41:34.248755+00:00", "RecordID": "1557", "Level": "4", "UserID": "S-1-5-18", "EventData.Message1": "Power.Settings.Control.ppkg", "EventData.Message2": "{5f568920-10ad-4dc0-a97e-b78a3255c351}"}
{"EventID": "20", "Channel": "Microsoft-Windows-Provisioning-Diagnostics-Provider/Admin", "Provider_Name": "Microsoft-Windows-Provisioning-Diagnostics-Provider", "Computer": "DESKTOP-OFJ6N53", "TimeCreated": "2023-04-05 15:41:34.261507+00:00", "RecordID": "1558", "Level": "4", "UserID": "S-1-5-18", "EventData.Message1": "Power.Settings.Disk.ppkg", "EventData.Message2": "{9df6a4ed-fc16-48bf-8b24-6e2ad2bfcfea}"}
{"EventID": "20", "Channel": "Microsoft-Windows-Provisioning-Diagnostics-Provider/Admin", "Provider_Name": "Microsoft-Windows-Provisioning-Diagnostics-Provider", "Computer": "DESKTOP-OFJ6N53", "TimeCreated": "2023-04-05 15:41:34.274767+00:00", "RecordID": "1559", "Level": "4", "UserID": "S-1-5-18", "EventData.Message1": "Power.Settings.Display.ppkg", "EventData.Message2": "{23cb517f-5073-4e96-a202-7fe6122a2271}"}
{"EventID": "20", "Channel": "Microsoft-Windows-Provisioning-Diagnostics-Provider/Admin", "Provider_Name": "Microsoft-Windows-Provisioning-Diagnostics-Provider", "Computer": "DESKTOP-OFJ6N53", "TimeCreated": "2023-04-05 15:41:34.291574+00:00", "RecordID": "1560", "Level": "4", "UserID": "S-1-5-18", "EventData.Message1": "Power.Settings.Graphics.ppkg", "EventData.Message2": "{bf56ce5a-946b-45b5-858a-1794eb0125e2}"}
{"EventID": "20", "Channel": "Microsoft-Windows-Provisioning-Diagnostics-Provider/Admin", "Provider_Name": "Microsoft-Windows-Provisioning-Diagnostics-Provider", "Computer": "DESKTOP-OFJ6N53", "TimeCreated": "2023-04-05 15:41:34.307178+00:00", "RecordID": "1561", "Level": "4", "UserID": "S-1-5-18", "EventData.Message1": "Power.Settings.IdleResiliency.ppkg", "EventData.Message2": "{f11899f2-71ec-4621-9997-e17ae2f6eb26}"}
{"EventID": "20", "Channel": "Microsoft-Windows-Provisioning-Diagnostics-Provider/Admin", "Provider_Name": "Microsoft-Windows-Provisioning-Diagnostics-Provider", "Computer": "DESKTOP-OFJ6N53", "TimeCreated": "2023-04-05 15:41:34.322891+00:00", "RecordID": "1562", "Level": "4", "UserID": "S-1-5-18", "EventData.Message1": "Power.Settings.PCIExpress.ppkg", "EventData.Message2": "{268c43e1-aa2b-4036-86ef-8cda98a0c2fe}"}
{"EventID": "20", "Channel": "Microsoft-Windows-Provisioning-Diagnostics-Provider/Admin", "Provider_Name": "Microsoft-Windows-Provisioning-Diagnostics-Provider", "Computer": "DESKTOP-OFJ6N53", "TimeCreated": "2023-04-05 15:41:34.341843+00:00", "RecordID": "1563", "Level": "4", "UserID": "S-1-5-18", "EventData.Message1": "Power.Settings.Processor.ppkg", "EventData.Message2": "{fc01e91f-914c-45af-9d7c-0b2e5fbedf62}"}
{"EventID": "20", "Channel": "Microsoft-Windows-Provisioning-Diagnostics-Provider/Admin", "Provider_Name": "Microsoft-Windows-Provisioning-Diagnostics-Provider", "Computer": "DESKTOP-OFJ6N53", "TimeCreated": "2023-04-05 15:41:34.358322+00:00", "RecordID": "1564", "Level": "4", "UserID": "S-1-5-18", "EventData.Message1": "Power.Settings.Sleep.ppkg", "EventData.Message2": "{3742e5e8-6d9d-473b-99a6-8ecc0f43548a}"}
{"EventID": "20", "Channel": "Microsoft-Windows-Provisioning-Diagnostics-Provider/Admin", "Provider_Name": "Microsoft-Windows-Provisioning-Diagnostics-Provider", "Computer": "DESKTOP-OFJ6N53", "TimeCreated": "2023-04-05 15:41:34.391235+00:00", "RecordID": "1565", "Level": "4", "UserID": "S-1-5-18", "EventData.Message1": "Microsoft.Windows.Cosa.Desktop.Client.ppkg", "EventData.Message2": "{c8a326e4-f518-4f14-b543-97a57e1a975e}"}
{"EventID": "90", "Channel": "Microsoft-Windows-Provisioning-Diagnostics-Provider/Admin", "Provider_Name": "Microsoft-Windows-Provisioning-Diagnostics-Provider", "Computer": "DESKTOP-OFJ6N53", "TimeCreated": "2023-04-11 20:20:12.564861+00:00", "RecordID": "1566", "Level": "4", "UserID": "S-1-5-18", "EventData.Message1": "LogonIdleTask", "EventData.Message2": "<Not Present>", "EventData.Message3": "<Not Present>"}
{"EventID": "20", "Channel": "Microsoft-Windows-Provisioning-Diagnostics-Provider/Admin", "Provider_Name": "Microsoft-Windows-Provisioning-Diagnostics-Provider", "Computer": "DESKTOP-OFJ6N53", "TimeCreated": "2023-04-11 20:20:14.424704+00:00", "RecordID": "1567", "Level": "4", "UserID": "S-1-5-18", "EventData.Message1": "Power.EnergyEstimationEngine.Control.ppkg", "EventData.Message2": "{1e05dd5d-a022-46c5-963c-b20de341170f}"}
{"EventID": "20", "Channel": "Microsoft-Windows-Provisioning-Diagnostics-Provider/Admin", "Provider_Name": "Microsoft-Windows-Provisioning-Diagnostics-Provider", "Computer": "DESKTOP-OFJ6N53", "TimeCreated": "2023-04-11 20:20:14.451483+00:00", "RecordID": "1568", "Level": "4", "UserID": "S-1-5-18", "EventData.Message1": "Power.EnergyEstimationEngine.CPU.ppkg", "EventData.Message2": "{c5dc3753-b6c8-4057-b396-bf13d769311c}"}
{"EventID": "20", "Channel": "Microsoft-Windows-Provisioning-Diagnostics-Provider/Admin", "Provider_Name": "Microsoft-Windows-Provisioning-Diagnostics-Provider", "Computer": "DESKTOP-OFJ6N53", "TimeCreated": "2023-04-11 20:20:14.478621+00:00", "RecordID": "1569", "Level": "4", "UserID": "S-1-5-18", "EventData.Message1": "Power.EnergyEstimationEngine.Display.ppkg", "EventData.Message2": "{ee4aac98-c174-4941-82b1-d121e493e4fb}"}
{"EventID": "20", "Channel": "Microsoft-Windows-Provisioning-Diagnostics-Provider/Admin", "Provider_Name": "Microsoft-Windows-Provisioning-Diagnostics-Provider", "Computer": "DESKTOP-OFJ6N53", "TimeCreated": "2023-04-11 20:20:14.500080+00:00", "RecordID": "1570", "Level": "4", "UserID": "S-1-5-18", "EventData.Message1": "Power.EnergyEstimationEngine.MBB.ppkg", "EventData.Message2": "{99b095d8-5959-4820-bea7-7448c8427b4e}"}
{"EventID": "20", "Channel": "Microsoft-Windows-Provisioning-Diagnostics-Provider/Admin", "Provider_Name": "Microsoft-Windows-Provisioning-Diagnostics-Provider", "Computer": "DESKTOP-OFJ6N53", "TimeCreated": "2023-04-11 20:20:14.528559+00:00", "RecordID": "1571", "Level": "4", "UserID": "S-1-5-18", "EventData.Message1": "Power.EnergyEstimationEngine.StandbyActivation.ppkg", "EventData.Message2": "{8d196d7f-3eef-48ad-8bea-be749f12d3ad}"}
{"EventID": "20", "Channel": "Microsoft-Windows-Provisioning-Diagnostics-Provider/Admin", "Provider_Name": "Microsoft-Windows-Provisioning-Diagnostics-Provider", "Computer": "DESKTOP-OFJ6N53", "TimeCreated": "2023-04-11 20:20:14.547157+00:00", "RecordID": "1572", "Level": "4", "UserID": "S-1-5-18", "EventData.Message1": "Power.EnergyEstimationEngine.Storage.ppkg", "EventData.Message2": "{9aec5bda-1e87-46b3-bb96-1a01c606555e}"}
{"EventID": "20", "Channel": "Microsoft-Windows-Provisioning-Diagnostics-Provider/Admin", "Provider_Name": "Microsoft-Windows-Provisioning-Diagnostics-Provider", "Computer": "DESKTOP-OFJ6N53", "TimeCreated": "2023-04-11 20:20:14.575441+00:00", "RecordID": "1573", "Level": "4", "UserID": "S-1-5-18", "EventData.Message1": "Power.EnergyEstimationEngine.Telemetry.ppkg", "EventData.Message2": "{8fb7d64e-70fc-4f9d-89ee-d486817534df}"}
{"EventID": "20", "Channel": "Microsoft-Windows-Provisioning-Diagnostics-Provider/Admin", "Provider_Name": "Microsoft-Windows-Provisioning-Diagnostics-Provider", "Computer": "DESKTOP-OFJ6N53", "TimeCreated": "2023-04-11 20:20:14.598621+00:00", "RecordID": "1574", "Level": "4", "UserID": "S-1-5-18", "EventData.Message1": "Power.EnergyEstimationEngine.Wifi.ppkg", "EventData.Message2": "{b0b9123d-7d7f-4c6b-9973-ceced46f2a09}"}
{"EventID": "20", "Channel": "Microsoft-Windows-Provisioning-Diagnostics-Provider/Admin", "Provider_Name": "Microsoft-Windows-Provisioning-Diagnostics-Provider", "Computer": "DESKTOP-OFJ6N53", "TimeCreated": "2023-04-11 20:20:14.620453+00:00", "RecordID": "1575", "Level": "4", "UserID": "S-1-5-18", "EventData.Message1": "Power.Settings.Battery.ppkg", "EventData.Message2": "{7a30a9be-737f-47a1-a541-6e7b0761ed19}"}
{"EventID": "20", "Channel": "Microsoft-Windows-Provisioning-Diagnostics-Provider/Admin", "Provider_Name": "Microsoft-Windows-Provisioning-Diagnostics-Provider", "Computer": "DESKTOP-OFJ6N53", "TimeCreated": "2023-04-11 20:20:14.643375+00:00", "RecordID": "1576", "Level": "4", "UserID": "S-1-5-18", "EventData.Message1": "Power.Settings.Button.ppkg", "EventData.Message2": "{18dcffd4-37d6-4bc6-87e0-4266fdbb8e49}"}
{"EventID": "20", "Channel": "Microsoft-Windows-Provisioning-Diagnostics-Provider/Admin", "Provider_Name": "Microsoft-Windows-Provisioning-Diagnostics-Provider", "Computer": "DESKTOP-OFJ6N53", "TimeCreated": "2023-04-11 20:20:14.671396+00:00", "RecordID": "1577", "Level": "4", "UserID": "S-1-5-18", "EventData.Message1": "Power.Settings.Control.ppkg", "EventData.Message2": "{5f568920-10ad-4dc0-a97e-b78a3255c351}"}
{"EventID": "20", "Channel": "Microsoft-Windows-Provisioning-Diagnostics-Provider/Admin", "Provider_Name": "Microsoft-Windows-Provisioning-Diagnostics-Provider", "Computer": "DESKTOP-OFJ6N53", "TimeCreated": "2023-04-11 20:20:14.693455+00:00", "RecordID": "1578", "Level": "4", "UserID": "S-1-5-18", "EventData.Message1": "Power.Settings.Disk.ppkg", "EventData.Message2": "{9df6a4ed-fc16-48bf-8b24-6e2ad2bfcfea}"}
{"EventID": "20", "Channel": "Microsoft-Windows-Provisioning-Diagnostics-Provider/Admin", "Provider_Name": "Microsoft-Windows-Provisioning-Diagnostics-Provider", "Computer": "DESKTOP-OFJ6N53", "TimeCreated": "2023-04-11 20:20:14.718430+00:00", "RecordID": "1579", "Level": "4", "UserID": "S-1-5-18", "EventData.Message1": "Power.Settings.Display.ppkg", "EventData.Message2": "{23cb517f-5073-4e96-a202-7fe6122a2271}"}
{"EventID": "20", "Channel": "Microsoft-Windows-Provisioning-Diagnostics-Provider/Admin", "Provider_Name": "Microsoft-Windows-Provisioning-Diagnostics-Provider", "Computer": "DESKTOP-OFJ6N53", "TimeCreated": "2023-04-11 20:20:14.748285+00:00", "RecordID": "1580", "Level": "4", "UserID": "S-1-5-18", "EventData.Message1": "Power.Settings.Graphics.ppkg", "EventData.Message2": "{bf56ce5a-946b-45b5-858a-1794eb0125e2}"}
{"EventID": "20", "Channel": "Microsoft-Windows-Provisioning-Diagnostics-Provider/Admin", "Provider_Name": "Microsoft-Windows-Provisioning-Diagnostics-Provider", "Computer": "DESKTOP-OFJ6N53", "TimeCreated": "2023-04-11 20:20:14.772079+00:00", "RecordID": "1581", "Level": "4", "UserID": "S-1-5-18", "EventData.Message1": "Power.Settings.IdleResiliency.ppkg", "EventData.Message2": "{f11899f2-71ec-4621-9997-e17ae2f6eb26}"}
{"EventID": "20", "Channel": "Microsoft-Windows-Provisioning-Diagnostics-Provider/Admin", "Provider_Name": "Microsoft-Windows-Provisioning-Diagnostics-Provider", "Computer": "DESKTOP-OFJ6N53", "TimeCreated": "2023-04-11 20:20:14.795578+00:00", "RecordID": "1582", "Level": "4", "UserID": "S-1-5-18", "EventData.Message1": "Power.Settings.PCIExpress.ppkg", "EventData.Message2": "{268c43e1-aa2b-4036-86ef-8cda98a0c2fe}"}
{"EventID": "20", "Channel": "Microsoft-Windows-Provisioning-Diagnostics-Provider/Admin", "Provider_Name": "Microsoft-Windows-Provisioning-Diagnostics-Provider", "Computer": "DESKTOP-OFJ6N53", "TimeCreated": "2023-04-11 20:20:14.827986+00:00", "RecordID": "1583", "Level": "4", "UserID": "S-1-5-18", "EventData.Message1": "Power.Settings.Processor.ppkg", "EventData.Message2": "{fc01e91f-914c-45af-9d7c-0b2e5fbedf62}"}
{"EventID": "20", "Channel": "Microsoft-Windows-Provisioning-Diagnostics-Provider/Admin", "Provider_Name": "Microsoft-Windows-Provisioning-Diagnostics-Provider", "Computer": "DESKTOP-OFJ6N53", "TimeCreated": "2023-04-11 20:20:14.852177+00:00", "RecordID": "1584", "Level": "4", "UserID": "S-1-5-18", "EventData.Message1": "Power.Settings.Sleep.ppkg", "EventData.Message2": "{3742e5e8-6d9d-473b-99a6-8ecc0f43548a}"}
{"EventID": "20", "Channel": "Microsoft-Windows-Provisioning-Diagnostics-Provider/Admin", "Provider_Name": "Microsoft-Windows-Provisioning-Diagnostics-Provider", "Computer": "DESKTOP-OFJ6N53", "TimeCreated": "2023-04-11 20:20:14.895378+00:00", "RecordID": "1585", "Level": "4", "UserID": "S-1-5-18", "EventData.Message1": "Microsoft.Windows.Cosa.Desktop.Client.ppkg", "EventData.Message2": "{c8a326e4-f518-4f14-b543-97a57e1a975e}"}
{"EventID": "90", "Channel": "Microsoft-Windows-Provisioning-Diagnostics-Provider/Admin", "Provider_Name": "Microsoft-Windows-Provisioning-Diagnostics-Provider", "Computer": "DESKTOP-OFJ6N53", "TimeCreated": "2023-04-13 11:02:35.094610+00:00", "RecordID": "1586", "Level": "4", "UserID": "S-1-5-18", "EventData.Message1": "LogonIdleTask", "EventData.Message2": "<Not Present>", "EventData.Message3": "<Not Present>"}
{"EventID": "20", "Channel": "Microsoft-Windows-Provisioning-Diagnostics-Provider/Admin", "Provider_Name": "Microsoft-Windows-Provisioning-Diagnostics-Provider", "Computer": "DESKTOP-OFJ6N53", "TimeCreated": "2023-04-13 11:02:37.676451+00:00", "RecordID": "1587", "Level": "4", "UserID": "S-1-5-18", "EventData.Message1": "Power.EnergyEstimationEngine.Control.ppkg", "EventData.Message2": "{1e05dd5d-a022-46c5-963c-b20de341170f}"}
{"EventID": "20", "Channel": "Microsoft-Windows-Provisioning-Diagnostics-Provider/Admin", "Provider_Name": "Microsoft-Windows-Provisioning-Diagnostics-Provider", "Computer": "DESKTOP-OFJ6N53", "TimeCreated": "2023-04-13 11:02:37.705982+00:00", "RecordID": "1588", "Level": "4", "UserID": "S-1-5-18", "EventData.Message1": "Power.EnergyEstimationEngine.CPU.ppkg", "EventData.Message2": "{c5dc3753-b6c8-4057-b396-bf13d769311c}"}
{"EventID": "20", "Channel": "Microsoft-Windows-Provisioning-Diagnostics-Provider/Admin", "Provider_Name": "Microsoft-Windows-Provisioning-Diagnostics-Provider", "Computer": "DESKTOP-OFJ6N53", "TimeCreated": "2023-04-13 11:02:37.739376+00:00", "RecordID": "1589", "Level": "4", "UserID": "S-1-5-18", "EventData.Message1": "Power.EnergyEstimationEngine.Display.ppkg", "EventData.Message2": "{ee4aac98-c174-4941-82b1-d121e493e4fb}"}
{"EventID": "20", "Channel": "Microsoft-Windows-Provisioning-Diagnostics-Provider/Admin", "Provider_Name": "Microsoft-Windows-Provisioning-Diagnostics-Provider", "Computer": "DESKTOP-OFJ6N53", "TimeCreated": "2023-04-13 11:02:37.778597+00:00", "RecordID": "1590", "Level": "4", "UserID": "S-1-5-18", "EventData.Message1": "Power.EnergyEstimationEngine.MBB.ppkg", "EventData.Message2": "{99b095d8-5959-4820-bea7-7448c8427b4e}"}
{"EventID": "20", "Channel": "Microsoft-Windows-Provisioning-Diagnostics-Provider/Admin", "Provider_Name": "Microsoft-Windows-Provisioning-Diagnostics-Provider", "Computer": "DESKTOP-OFJ6N53", "TimeCreated": "2023-04-13 11:02:37.804138+00:00", "RecordID": "1591", "Level": "4", "UserID": "S-1-5-18", "EventData.Message1": "Power.EnergyEstimationEngine.StandbyActivation.ppkg", "EventData.Message2": "{8d196d7f-3eef-48ad-8bea-be749f12d3ad}"}
{"EventID": "20", "Channel": "Microsoft-Windows-Provisioning-Diagnostics-Provider/Admin", "Provider_Name": "Microsoft-Windows-Provisioning-Diagnostics-Provider", "Computer": "DESKTOP-OFJ6N53", "TimeCreated": "2023-04-13 11:02:37.872549+00:00", "RecordID": "1592", "Level": "4", "UserID": "S-1-5-18", "EventData.Message1": "Power.EnergyEstimationEngine.Storage.ppkg", "EventData.Message2": "{9aec5bda-1e87-46b3-bb96-1a01c606555e}"}
{"EventID": "20", "Channel": "Microsoft-Windows-Provisioning-Diagnostics-Provider/Admin", "Provider_Name": "Microsoft-Windows-Provisioning-Diagnostics-Provider", "Computer": "DESKTOP-OFJ6N53", "TimeCreated": "2023-04-13 11:02:37.893461+00:00", "RecordID": "1593", "Level": "4", "UserID": "S-1-5-18", "EventData.Message1": "Power.EnergyEstimationEngine.Telemetry.ppkg", "EventData.Message2": "{8fb7d64e-70fc-4f9d-89ee-d486817534df}"}
{"EventID": "20", "Channel": "Microsoft-Windows-Provisioning-Diagnostics-Provider/Admin", "Provider_Name": "Microsoft-Windows-Provisioning-Diagnostics-Provider", "Computer": "DESKTOP-OFJ6N53", "TimeCreated": "2023-04-13 11:02:37.935774+00:00", "RecordID": "1594", "Level": "4", "UserID": "S-1-5-18", "EventData.Message1": "Power.EnergyEstimationEngine.Wifi.ppkg", "EventData.Message2": "{b0b9123d-7d7f-4c6b-9973-ceced46f2a09}"}
