{"EventID": "2", "Channel": "Microsoft-Windows-Crypto-NCrypt/Operational", "Provider_Name": "Microsoft-Windows-Crypto-NCrypt", "Computer": "DESKTOP-OFJ6N53", "TimeCreated": "2024-11-21 07:22:39.347536+00:00", "RecordID": "3700", "Level": "2", "UserID": "S-1-5-18", "EventData.ProviderName": "Microsoft Platform Crypto Provider", "EventData.Status": "0x80090030", "EventData.ProcessName": "taskhostw.exe"}
{"EventID": "2", "Channel": "Microsoft-Windows-Crypto-NCrypt/Operational", "Provider_Name": "Microsoft-Windows-Crypto-NCrypt", "Computer": "DESKTOP-OFJ6N53", "TimeCreated": "2024-11-27 13:02:40.080490+00:00", "RecordID": "3701", "Level": "2", "UserID": "S-1-5-18", "EventData.ProviderName": "Microsoft Platform Crypto Provider", "EventData.Status": "0x80090030", "EventData.ProcessName": "taskhostw.exe"}
{"EventID": "2", "Channel": "Microsoft-Windows-Crypto-NCrypt/Operational", "Provider_Name": "Microsoft-Windows-Crypto-NCrypt", "Computer": "DESKTOP-OFJ6N53", "TimeCreated": "2024-11-27 14:04:39.670427+00:00", "RecordID": "3702", "Level": "2", "UserID": "S-1-5-18", "EventData.ProviderName": "Microsoft Platform Crypto Provider", "EventData.Status": "0x80090030", "EventData.ProcessName": "taskhostw.exe"}
{"EventID": "2", "Channel": "Microsoft-Windows-Crypto-NCrypt/Operational", "Provider_Name": "Microsoft-Windows-Crypto-NCrypt", "Computer": "DESKTOP-OFJ6N53", "TimeCreated": "2024-11-28 10:12:27.260916+00:00", "RecordID": "3703", "Level": "2", "UserID": "S-1-5-18", "EventData.ProviderName": "Microsoft Platform Crypto Provider", "EventData.Status": "0x80090030", "EventData.ProcessName": "taskhostw.exe"}
{"EventID": "2", "Channel": "Microsoft-Windows-Crypto-NCrypt/Operational", "Provider_Name": "Microsoft-Windows-Crypto-NCrypt", "Computer": "DESKTOP-OFJ6N53", "TimeCreated": "2024-11-28 18:07:05.740263+00:00", "RecordID": "3704", "Level": "2", "UserID": "S-1-5-18", "EventData.ProviderName": "Microsoft Platform Crypto Provider", "EventData.Status": "0x80090030", "EventData.ProcessName": "taskhostw.exe"}
{"EventID": "2", "Channel": "Microsoft-Windows-Crypto-NCrypt/Operational", "Provider_Name": "Microsoft-Windows-Crypto-NCrypt", "Computer": "DESKTOP-OFJ6N53", "TimeCreated": "2024-11-29 00:52:39.160738+00:00", "RecordID": "3705", "Level": "2", "UserID": "S-1-5-18", "EventData.ProviderName": "Microsoft Platform Crypto Provider", "EventData.Status": "0x80090030", "EventData.ProcessName": "taskhostw.exe"}
{"EventID": "2", "Channel": "Microsoft-Windows-Crypto-NCrypt/Operational", "Provider_Name": "Microsoft-Windows-Crypto-NCrypt", "Computer": "DESKTOP-OFJ6N53", "TimeCreated": "2024-12-02 14:32:00.169127+00:00", "RecordID": "3706", "Level": "2", "UserID": "S-1-5-18", "EventData.ProviderName": "Microsoft Platform Crypto Provider", "EventData.Status": "0x80090030", "EventData.ProcessName": "taskhostw.exe"}
{"EventID": "2", "Channel": "Microsoft-Windows-Crypto-NCrypt/Operational", "Provider_Name": "Microsoft-Windows-Crypto-NCrypt", "Computer": "DESKTOP-OFJ6N53", "TimeCreated": "2024-12-03 08:15:52.772181+00:00", "RecordID": "3707", "Level": "2", "UserID": "S-1-5-18", "EventData.ProviderName": "Microsoft Platform Crypto Provider", "EventData.Status": "0x80090030", "EventData.ProcessName": "taskhostw.exe"}
{"EventID": "2", "Channel": "Microsoft-Windows-Crypto-NCrypt/Operational", "Provider_Name": "Microsoft-Windows-Crypto-NCrypt", "Computer": "DESKTOP-OFJ6N53", "TimeCreated": "2024-12-03 10:23:58.516310+00:00", "RecordID": "3708", "Level": "2", "UserID": "S-1-5-19", "EventData.ProviderName": "Microsoft Platform Crypto Provider", "EventData.Status": "0x80090030", "EventData.ProcessName": "svchost.exe"}
{"EventID": "2", "Channel": "Microsoft-Windows-Crypto-NCrypt/Operational", "Provider_Name": "Microsoft-Windows-Crypto-NCrypt", "Computer": "DESKTOP-OFJ6N53", "TimeCreated": "2024-12-03 11:37:29.731293+00:00", "RecordID": "3709", "Level": "2", "UserID": "S-1-5-21-963789628-1060504924-4285088085-1001", "EventData.ProviderName": "Microsoft Platform Crypto Provider", "EventData.Status": "0x80090030", "EventData.ProcessName": "rundll32.exe"}
{"EventID": "2", "Channel": "Microsoft-Windows-Crypto-NCrypt/Operational", "Provider_Name": "Microsoft-Windows-Crypto-NCrypt", "Computer": "DESKTOP-OFJ6N53", "TimeCreated": "2024-12-03 11:37:52.899981+00:00", "RecordID": "3710", "Level": "2", "UserID": "S-1-5-21-963789628-1060504924-4285088085-1001", "EventData.ProviderName": "Microsoft Platform Crypto Provider", "EventData.Status": "0x80090030", "EventData.ProcessName": "msedge.exe"}
{"EventID": "4", "Channel": "Microsoft-Windows-Crypto-NCrypt/Operational", "Provider_Name": "Microsoft-Windows-Crypto-NCrypt", "Computer": "DESKTOP-OFJ6N53", "TimeCreated": "2024-12-03 11:37:52.904497+00:00", "RecordID": "3711", "Level": "2", "UserID": "S-1-5-21-963789628-1060504924-4285088085-1001", "EventData.ProviderName": "Microsoft Software Key Storage Provider", "EventData.KeyName": "ChromeMetricsTestKey", "EventData.AlgorithmName": "ECDSA_P256", "EventData.Flags": "0x00020000", "EventData.Status": "0x80090029", "EventData.ProcessName": "msedge.exe"}
{"EventID": "2", "Channel": "Microsoft-Windows-Crypto-NCrypt/Operational", "Provider_Name": "Microsoft-Windows-Crypto-NCrypt", "Computer": "DESKTOP-OFJ6N53", "TimeCreated": "2024-12-03 11:45:39.336575+00:00", "RecordID": "3712", "Level": "2", "UserID": "S-1-5-18", "EventData.ProviderName": "Microsoft Platform Crypto Provider", "EventData.Status": "0x80090030", "EventData.ProcessName": "taskhostw.exe"}
{"EventID": "2", "Channel": "Microsoft-Windows-Crypto-NCrypt/Operational", "Provider_Name": "Microsoft-Windows-Crypto-NCrypt", "Computer": "DESKTOP-OFJ6N53", "TimeCreated": "2024-12-03 12:22:35.202044+00:00", "RecordID": "3713", "Level": "2", "UserID": "S-1-5-18", "EventData.ProviderName": "Microsoft Platform Crypto Provider", "EventData.Status": "0x80090030", "EventData.ProcessName": "lsass.exe"}
{"EventID": "2", "Channel": "Microsoft-Windows-Crypto-NCrypt/Operational", "Provider_Name": "Microsoft-Windows-Crypto-NCrypt", "Computer": "DESKTOP-OFJ6N53", "TimeCreated": "2024-12-06 09:41:45.669191+00:00", "RecordID": "3714", "Level": "2", "UserID": "S-1-5-18", "EventData.ProviderName": "Microsoft Platform Crypto Provider", "EventData.Status": "0x80090030", "EventData.ProcessName": "taskhostw.exe"}
{"EventID": "2", "Channel": "Microsoft-Windows-Crypto-NCrypt/Operational", "Provider_Name": "Microsoft-Windows-Crypto-NCrypt", "Computer": "DESKTOP-OFJ6N53", "TimeCreated": "2024-12-06 17:55:27.052790+00:00", "RecordID": "3715", "Level": "2", "UserID": "S-1-5-18", "EventData.ProviderName": "Microsoft Platform Crypto Provider", "EventData.Status": "0x80090030", "EventData.ProcessName": "taskhostw.exe"}
{"EventID": "2", "Channel": "Microsoft-Windows-Crypto-NCrypt/Operational", "Provider_Name": "Microsoft-Windows-Crypto-NCrypt", "Computer": "DESKTOP-OFJ6N53", "TimeCreated": "2024-12-07 16:13:27.451084+00:00", "RecordID": "3716", "Level": "2", "UserID": "S-1-5-18", "EventData.ProviderName": "Microsoft Platform Crypto Provider", "EventData.Status": "0x80090030", "EventData.ProcessName": "taskhostw.exe"}
{"EventID": "2", "Channel": "Microsoft-Windows-Crypto-NCrypt/Operational", "Provider_Name": "Microsoft-Windows-Crypto-NCrypt", "Computer": "DESKTOP-OFJ6N53", "TimeCreated": "2024-12-08 14:17:09.553419+00:00", "RecordID": "3717", "Level": "2", "UserID": "S-1-5-18", "EventData.ProviderName": "Microsoft Platform Crypto Provider", "EventData.Status": "0x80090030", "EventData.ProcessName": "taskhostw.exe"}
{"EventID": "2", "Channel": "Microsoft-Windows-Crypto-NCrypt/Operational", "Provider_Name": "Microsoft-Windows-Crypto-NCrypt", "Computer": "DESKTOP-OFJ6N53", "TimeCreated": "2024-12-08 14:17:41.126032+00:00", "RecordID": "3718", "Level": "2", "UserID": "S-1-5-18", "EventData.ProviderName": "Microsoft Platform Crypto Provider", "EventData.Status": "0x80090030", "EventData.ProcessName": "taskhostw.exe"}
{"EventID": "2", "Channel": "Microsoft-Windows-Crypto-NCrypt/Operational", "Provider_Name": "Microsoft-Windows-Crypto-NCrypt", "Computer": "DESKTOP-OFJ6N53", "TimeCreated": "2024-12-08 16:52:22.392504+00:00", "RecordID": "3719", "Level": "2", "UserID": "S-1-5-19", "EventData.ProviderName": "Microsoft Platform Crypto Provider", "EventData.Status": "0x80090030", "EventData.ProcessName": "svchost.exe"}
{"EventID": "2", "Channel": "Microsoft-Windows-Crypto-NCrypt/Operational", "Provider_Name": "Microsoft-Windows-Crypto-NCrypt", "Computer": "DESKTOP-OFJ6N53", "TimeCreated": "2024-12-08 16:52:35.248747+00:00", "RecordID": "3720", "Level": "2", "UserID": "S-1-5-18", "EventData.ProviderName": "Microsoft Platform Crypto Provider", "EventData.Status": "0x80090030", "EventData.ProcessName": "lsass.exe"}
{"EventID": "2", "Channel": "Microsoft-Windows-Crypto-NCrypt/Operational", "Provider_Name": "Microsoft-Windows-Crypto-NCrypt", "Computer": "DESKTOP-OFJ6N53", "TimeCreated": "2024-12-08 16:52:50.611526+00:00", "RecordID": "3721", "Level": "2", "UserID": "S-1-5-21-963789628-1060504924-4285088085-1001", "EventData.ProviderName": "Microsoft Platform Crypto Provider", "EventData.Status": "0x80090030", "EventData.ProcessName": "SearchApp.exe"}
{"EventID": "2", "Channel": "Microsoft-Windows-Crypto-NCrypt/Operational", "Provider_Name": "Microsoft-Windows-Crypto-NCrypt", "Computer": "DESKTOP-OFJ6N53", "TimeCreated": "2024-12-08 16:53:47.446630+00:00", "RecordID": "3722", "Level": "2", "UserID": "S-1-5-21-963789628-1060504924-4285088085-1001", "EventData.ProviderName": "Microsoft Platform Crypto Provider", "EventData.Status": "0x80090030", "EventData.ProcessName": "msedge.exe"}
{"EventID": "4", "Channel": "Microsoft-Windows-Crypto-NCrypt/Operational", "Provider_Name": "Microsoft-Windows-Crypto-NCrypt", "Computer": "DESKTOP-OFJ6N53", "TimeCreated": "2024-12-08 16:53:47.453817+00:00", "RecordID": "3723", "Level": "2", "UserID": "S-1-5-21-963789628-1060504924-4285088085-1001", "EventData.ProviderName": "Microsoft Software Key Storage Provider", "EventData.KeyName": "ChromeMetricsTestKey", "EventData.AlgorithmName": "ECDSA_P256", "EventData.Flags": "0x00020000", "EventData.Status": "0x80090029", "EventData.ProcessName": "msedge.exe"}
{"EventID": "2", "Channel": "Microsoft-Windows-Crypto-NCrypt/Operational", "Provider_Name": "Microsoft-Windows-Crypto-NCrypt", "Computer": "DESKTOP-OFJ6N53", "TimeCreated": "2024-12-08 16:57:15.742243+00:00", "RecordID": "3724", "Level": "2", "UserID": "S-1-5-21-963789628-1060504924-4285088085-1001", "EventData.ProviderName": "Microsoft Platform Crypto Provider", "EventData.Status": "0x80090030", "EventData.ProcessName": "msedge.exe"}
{"EventID": "4", "Channel": "Microsoft-Windows-Crypto-NCrypt/Operational", "Provider_Name": "Microsoft-Windows-Crypto-NCrypt", "Computer": "DESKTOP-OFJ6N53", "TimeCreated": "2024-12-08 16:57:15.744410+00:00", "RecordID": "3725", "Level": "2", "UserID": "S-1-5-21-963789628-1060504924-4285088085-1001", "EventData.ProviderName": "Microsoft Software Key Storage Provider", "EventData.KeyName": "ChromeMetricsTestKey", "EventData.AlgorithmName": "ECDSA_P256", "EventData.Flags": "0x00020000", "EventData.Status": "0x80090029", "EventData.ProcessName": "msedge.exe"}
{"EventID": "2", "Channel": "Microsoft-Windows-Crypto-NCrypt/Operational", "Provider_Name": "Microsoft-Windows-Crypto-NCrypt", "Computer": "DESKTOP-OFJ6N53", "TimeCreated": "2024-12-08 16:57:20.974583+00:00", "RecordID": "3726", "Level": "2", "UserID": "S-1-5-21-963789628-1060504924-4285088085-1001", "EventData.ProviderName": "Microsoft Platform Crypto Provider", "EventData.Status": "0x80090030", "EventData.ProcessName": "chrome.exe"}
{"EventID": "4", "Channel": "Microsoft-Windows-Crypto-NCrypt/Operational", "Provider_Name": "Microsoft-Windows-Crypto-NCrypt", "Computer": "DESKTOP-OFJ6N53", "TimeCreated": "2024-12-08 16:57:20.976488+00:00", "RecordID": "3727", "Level": "2", "UserID": "S-1-5-21-963789628-1060504924-4285088085-1001", "EventData.ProviderName": "Microsoft Software Key Storage Provider", "EventData.KeyName": "ChromeMetricsTestKey", "EventData.AlgorithmName": "ECDSA_P256", "EventData.Flags": "0x00020000", "EventData.Status": "0x80090029", "EventData.ProcessName": "chrome.exe"}
{"EventID": "4", "Channel": "Microsoft-Windows-Crypto-NCrypt/Operational", "Provider_Name": "Microsoft-Windows-Crypto-NCrypt", "Computer": "DESKTOP-OFJ6N53", "TimeCreated": "2024-12-08 16:57:21.050337+00:00", "RecordID": "3728", "Level": "2", "UserID": "S-1-5-21-963789628-1060504924-4285088085-1001", "EventData.ProviderName": "Microsoft Passport Key Storage Provider", "EventData.KeyName": "S-1-5-21-963789628-1060504924-4285088085-1001//S-1-5-21-963789628-1060504924-4285088085-1001//MSTestAvailability-FF2FA111-E816-4D1B-BDDD-65F189969E50", "EventData.AlgorithmName": "RSA", "EventData.Flags": "0x00000000", "EventData.Status": "0x80090016", "EventData.ProcessName": "chrome.exe"}
{"EventID": "2", "Channel": "Microsoft-Windows-Crypto-NCrypt/Operational", "Provider_Name": "Microsoft-Windows-Crypto-NCrypt", "Computer": "DESKTOP-OFJ6N53", "TimeCreated": "2024-12-08 17:02:48.594309+00:00", "RecordID": "3729", "Level": "2", "UserID": "S-1-5-18", "EventData.ProviderName": "Microsoft Platform Crypto Provider", "EventData.Status": "0x80090030", "EventData.ProcessName": "taskhostw.exe"}
{"EventID": "11", "Channel": "Microsoft-Windows-Crypto-NCrypt/Operational", "Provider_Name": "Microsoft-Windows-Crypto-NCrypt", "Computer": "DESKTOP-OFJ6N53", "TimeCreated": "2024-12-08 17:19:24.560307+00:00", "RecordID": "3730", "Level": "5", "UserID": "S-1-5-18", "EventData.ProviderName": "Microsoft Software Key Storage Provider", "EventData.Flags": "0x00000040", "EventData.DeletionType": "0x00000000", "EventData.KeyName": "822BF3FA1D1E9A01B277A1D987D49545FDE3C4B6", "EventData.KeyFileName": "c8d74d183517364a390dfbf23b300896_27707a90-922c-4012-a495-08c5f439c147", "EventData.ProcessName": "C:\\Program Files (x86)\\Cisco\\Cisco AnyConnect Secure Mobility Client\\vpnagent.exe", "EventData.ProcessId": "0x0000094c", "EventData.ThreadId": "0x00002020", "EventData.UserId": "S-1-5-18", "EventData.ServiceTag": "vpnagent", "EventData.Status": "0x00000000"}
{"EventID": "9", "Channel": "Microsoft-Windows-Crypto-NCrypt/Operational", "Provider_Name": "Microsoft-Windows-Crypto-NCrypt", "Computer": "DESKTOP-OFJ6N53", "TimeCreated": "2024-12-08 17:19:24.562887+00:00", "RecordID": "3731", "Level": "5", "UserID": "S-1-5-18", "EventData.ProviderName": "Microsoft Software Key Storage Provider", "EventData.KeyModificationType": "0x00000001", "EventData.Flags": "0x00000000", "EventData.KeyName": "822BF3FA1D1E9A01B277A1D987D49545FDE3C4B6", "EventData.KeyFileName": "c8d74d183517364a390dfbf23b300896_27707a90-922c-4012-a495-08c5f439c147", "EventData.ProcessName": "C:\\Program Files (x86)\\Cisco\\Cisco AnyConnect Secure Mobility Client\\vpnagent.exe", "EventData.ProcessId": "0x0000094c", "EventData.ThreadId": "0x00002020", "EventData.UserId": "S-1-5-18", "EventData.ServiceTag": "vpnagent", "EventData.Status": "0x00000000"}
{"EventID": "11", "Channel": "Microsoft-Windows-Crypto-NCrypt/Operational", "Provider_Name": "Microsoft-Windows-Crypto-NCrypt", "Computer": "DESKTOP-OFJ6N53", "TimeCreated": "2024-12-08 17:19:27.207277+00:00", "RecordID": "3732", "Level": "5", "UserID": "S-1-5-18", "EventData.ProviderName": "Microsoft Software Key Storage Provider", "EventData.Flags": "0x00000040", "EventData.DeletionType": "0x00000000", "EventData.KeyName": "822BF3FA1D1E9A01B277A1D987D49545FDE3C4B6", "EventData.KeyFileName": "c8d74d183517364a390dfbf23b300896_27707a90-922c-4012-a495-08c5f439c147", "EventData.ProcessName": "C:\\Program Files (x86)\\Cisco\\Cisco AnyConnect Secure Mobility Client\\vpnagent.exe", "EventData.ProcessId": "0x0000094c", "EventData.ThreadId": "0x00002020", "EventData.UserId": "S-1-5-18", "EventData.ServiceTag": "vpnagent", "EventData.Status": "0x00000000"}
{"EventID": "9", "Channel": "Microsoft-Windows-Crypto-NCrypt/Operational", "Provider_Name": "Microsoft-Windows-Crypto-NCrypt", "Computer": "DESKTOP-OFJ6N53", "TimeCreated": "2024-12-08 17:19:49.159060+00:00", "RecordID": "3733", "Level": "5", "UserID": "S-1-5-18", "EventData.ProviderName": "Microsoft Software Key Storage Provider", "EventData.KeyModificationType": "0x00000001", "EventData.Flags": "0x00000000", "EventData.KeyName": "822BF3FA1D1E9A01B277A1D987D49545FDE3C4B6", "EventData.KeyFileName": "c8d74d183517364a390dfbf23b300896_27707a90-922c-4012-a495-08c5f439c147", "EventData.ProcessName": "C:\\Program Files (x86)\\Cisco\\Cisco AnyConnect Secure Mobility Client\\vpnagent.exe", "EventData.ProcessId": "0x0000094c", "EventData.ThreadId": "0x00000320", "EventData.UserId": "S-1-5-18", "EventData.ServiceTag": "vpnagent", "EventData.Status": "0x00000000"}
{"EventID": "11", "Channel": "Microsoft-Windows-Crypto-NCrypt/Operational", "Provider_Name": "Microsoft-Windows-Crypto-NCrypt", "Computer": "DESKTOP-OFJ6N53", "TimeCreated": "2024-12-08 17:19:53.482409+00:00", "RecordID": "3734", "Level": "5", "UserID": "S-1-5-18", "EventData.ProviderName": "Microsoft Software Key Storage Provider", "EventData.Flags": "0x00000040", "EventData.DeletionType": "0x00000000", "EventData.KeyName": "822BF3FA1D1E9A01B277A1D987D49545FDE3C4B6", "EventData.KeyFileName": "c8d74d183517364a390dfbf23b300896_27707a90-922c-4012-a495-08c5f439c147", "EventData.ProcessName": "C:\\Program Files (x86)\\Cisco\\Cisco AnyConnect Secure Mobility Client\\vpnagent.exe", "EventData.ProcessId": "0x0000094c", "EventData.ThreadId": "0x00000320", "EventData.UserId": "S-1-5-18", "EventData.ServiceTag": "vpnagent", "EventData.Status": "0x00000000"}
{"EventID": "9", "Channel": "Microsoft-Windows-Crypto-NCrypt/Operational", "Provider_Name": "Microsoft-Windows-Crypto-NCrypt", "Computer": "DESKTOP-OFJ6N53", "TimeCreated": "2024-12-08 17:19:53.484564+00:00", "RecordID": "3735", "Level": "5", "UserID": "S-1-5-18", "EventData.ProviderName": "Microsoft Software Key Storage Provider", "EventData.KeyModificationType": "0x00000001", "EventData.Flags": "0x00000000", "EventData.KeyName": "822BF3FA1D1E9A01B277A1D987D49545FDE3C4B6", "EventData.KeyFileName": "c8d74d183517364a390dfbf23b300896_27707a90-922c-4012-a495-08c5f439c147", "EventData.ProcessName": "C:\\Program Files (x86)\\Cisco\\Cisco AnyConnect Secure Mobility Client\\vpnagent.exe", "EventData.ProcessId": "0x0000094c", "EventData.ThreadId": "0x00000320", "EventData.UserId": "S-1-5-18", "EventData.ServiceTag": "vpnagent", "EventData.Status": "0x00000000"}
{"EventID": "11", "Channel": "Microsoft-Windows-Crypto-NCrypt/Operational", "Provider_Name": "Microsoft-Windows-Crypto-NCrypt", "Computer": "DESKTOP-OFJ6N53", "TimeCreated": "2024-12-08 17:20:44.712381+00:00", "RecordID": "3736", "Level": "5", "UserID": "S-1-5-18", "EventData.ProviderName": "Microsoft Software Key Storage Provider", "EventData.Flags": "0x00000040", "EventData.DeletionType": "0x00000000", "EventData.KeyName": "822BF3FA1D1E9A01B277A1D987D49545FDE3C4B6", "EventData.KeyFileName": "c8d74d183517364a390dfbf23b300896_27707a90-922c-4012-a495-08c5f439c147", "EventData.ProcessName": "C:\\Program Files (x86)\\Cisco\\Cisco AnyConnect Secure Mobility Client\\vpnagent.exe", "EventData.ProcessId": "0x0000094c", "EventData.ThreadId": "0x00002020", "EventData.UserId": "S-1-5-18", "EventData.ServiceTag": "vpnagent", "EventData.Status": "0x00000000"}
{"EventID": "2", "Channel": "Microsoft-Windows-Crypto-NCrypt/Operational", "Provider_Name": "Microsoft-Windows-Crypto-NCrypt", "Computer": "DESKTOP-OFJ6N53", "TimeCreated": "2024-12-08 22:57:16.042738+00:00", "RecordID": "3737", "Level": "2", "UserID": "S-1-5-21-963789628-1060504924-4285088085-1001", "EventData.ProviderName": "Microsoft Platform Crypto Provider", "EventData.Status": "0x80090030", "EventData.ProcessName": "msedge.exe"}
{"EventID": "4", "Channel": "Microsoft-Windows-Crypto-NCrypt/Operational", "Provider_Name": "Microsoft-Windows-Crypto-NCrypt", "Computer": "DESKTOP-OFJ6N53", "TimeCreated": "2024-12-08 22:57:16.044436+00:00", "RecordID": "3738", "Level": "2", "UserID": "S-1-5-21-963789628-1060504924-4285088085-1001", "EventData.ProviderName": "Microsoft Software Key Storage Provider", "EventData.KeyName": "ChromeMetricsTestKey", "EventData.AlgorithmName": "ECDSA_P256", "EventData.Flags": "0x00020000", "EventData.Status": "0x80090029", "EventData.ProcessName": "msedge.exe"}
{"EventID": "2", "Channel": "Microsoft-Windows-Crypto-NCrypt/Operational", "Provider_Name": "Microsoft-Windows-Crypto-NCrypt", "Computer": "DESKTOP-OFJ6N53", "TimeCreated": "2024-12-09 10:57:18.030210+00:00", "RecordID": "3739", "Level": "2", "UserID": "S-1-5-21-963789628-1060504924-4285088085-1001", "EventData.ProviderName": "Microsoft Platform Crypto Provider", "EventData.Status": "0x80090030", "EventData.ProcessName": "msedge.exe"}
{"EventID": "4", "Channel": "Microsoft-Windows-Crypto-NCrypt/Operational", "Provider_Name": "Microsoft-Windows-Crypto-NCrypt", "Computer": "DESKTOP-OFJ6N53", "TimeCreated": "2024-12-09 10:57:18.031971+00:00", "RecordID": "3740", "Level": "2", "UserID": "S-1-5-21-963789628-1060504924-4285088085-1001", "EventData.ProviderName": "Microsoft Software Key Storage Provider", "EventData.KeyName": "ChromeMetricsTestKey", "EventData.AlgorithmName": "ECDSA_P256", "EventData.Flags": "0x00020000", "EventData.Status": "0x80090029", "EventData.ProcessName": "msedge.exe"}
{"EventID": "2", "Channel": "Microsoft-Windows-Crypto-NCrypt/Operational", "Provider_Name": "Microsoft-Windows-Crypto-NCrypt", "Computer": "DESKTOP-OFJ6N53", "TimeCreated": "2024-12-09 11:01:17.468878+00:00", "RecordID": "3741", "Level": "2", "UserID": "S-1-5-18", "EventData.ProviderName": "Microsoft Platform Crypto Provider", "EventData.Status": "0x80090030", "EventData.ProcessName": "taskhostw.exe"}
{"EventID": "2", "Channel": "Microsoft-Windows-Crypto-NCrypt/Operational", "Provider_Name": "Microsoft-Windows-Crypto-NCrypt", "Computer": "DESKTOP-OFJ6N53", "TimeCreated": "2024-12-09 22:43:06.863672+00:00", "RecordID": "3742", "Level": "2", "UserID": "S-1-5-18", "EventData.ProviderName": "Microsoft Platform Crypto Provider", "EventData.Status": "0x80090030", "EventData.ProcessName": "taskhostw.exe"}
{"EventID": "2", "Channel": "Microsoft-Windows-Crypto-NCrypt/Operational", "Provider_Name": "Microsoft-Windows-Crypto-NCrypt", "Computer": "DESKTOP-OFJ6N53", "TimeCreated": "2024-12-10 04:57:18.441004+00:00", "RecordID": "3743", "Level": "2", "UserID": "S-1-5-21-963789628-1060504924-4285088085-1001", "EventData.ProviderName": "Microsoft Platform Crypto Provider", "EventData.Status": "0x80090030", "EventData.ProcessName": "msedge.exe"}
{"EventID": "4", "Channel": "Microsoft-Windows-Crypto-NCrypt/Operational", "Provider_Name": "Microsoft-Windows-Crypto-NCrypt", "Computer": "DESKTOP-OFJ6N53", "TimeCreated": "2024-12-10 04:57:18.442686+00:00", "RecordID": "3744", "Level": "2", "UserID": "S-1-5-21-963789628-1060504924-4285088085-1001", "EventData.ProviderName": "Microsoft Software Key Storage Provider", "EventData.KeyName": "ChromeMetricsTestKey", "EventData.AlgorithmName": "ECDSA_P256", "EventData.Flags": "0x00020000", "EventData.Status": "0x80090029", "EventData.ProcessName": "msedge.exe"}
{"EventID": "2", "Channel": "Microsoft-Windows-Crypto-NCrypt/Operational", "Provider_Name": "Microsoft-Windows-Crypto-NCrypt", "Computer": "DESKTOP-OFJ6N53", "TimeCreated": "2024-12-10 10:07:11.181204+00:00", "RecordID": "3745", "Level": "2", "UserID": "S-1-5-18", "EventData.ProviderName": "Microsoft Platform Crypto Provider", "EventData.Status": "0x80090030", "EventData.ProcessName": "taskhostw.exe"}
{"EventID": "2", "Channel": "Microsoft-Windows-Crypto-NCrypt/Operational", "Provider_Name": "Microsoft-Windows-Crypto-NCrypt", "Computer": "DESKTOP-OFJ6N53", "TimeCreated": "2024-12-10 10:57:20.788488+00:00", "RecordID": "3746", "Level": "2", "UserID": "S-1-5-21-963789628-1060504924-4285088085-1001", "EventData.ProviderName": "Microsoft Platform Crypto Provider", "EventData.Status": "0x80090030", "EventData.ProcessName": "msedge.exe"}
{"EventID": "4", "Channel": "Microsoft-Windows-Crypto-NCrypt/Operational", "Provider_Name": "Microsoft-Windows-Crypto-NCrypt", "Computer": "DESKTOP-OFJ6N53", "TimeCreated": "2024-12-10 10:57:20.790308+00:00", "RecordID": "3747", "Level": "2", "UserID": "S-1-5-21-963789628-1060504924-4285088085-1001", "EventData.ProviderName": "Microsoft Software Key Storage Provider", "EventData.KeyName": "ChromeMetricsTestKey", "EventData.AlgorithmName": "ECDSA_P256", "EventData.Flags": "0x00020000", "EventData.Status": "0x80090029", "EventData.ProcessName": "msedge.exe"}
{"EventID": "2", "Channel": "Microsoft-Windows-Crypto-NCrypt/Operational", "Provider_Name": "Microsoft-Windows-Crypto-NCrypt", "Computer": "DESKTOP-OFJ6N53", "TimeCreated": "2024-12-11 14:27:29.341845+00:00", "RecordID": "3748", "Level": "2", "UserID": "S-1-5-18", "EventData.ProviderName": "Microsoft Platform Crypto Provider", "EventData.Status": "0x80090030", "EventData.ProcessName": "taskhostw.exe"}
{"EventID": "2", "Channel": "Microsoft-Windows-Crypto-NCrypt/Operational", "Provider_Name": "Microsoft-Windows-Crypto-NCrypt", "Computer": "DESKTOP-OFJ6N53", "TimeCreated": "2024-12-11 15:06:15.139940+00:00", "RecordID": "3749", "Level": "2", "UserID": "S-1-5-19", "EventData.ProviderName": "Microsoft Platform Crypto Provider", "EventData.Status": "0x80090030", "EventData.ProcessName": "svchost.exe"}
{"EventID": "3", "Channel": "Microsoft-Windows-Crypto-NCrypt/Operational", "Provider_Name": "Microsoft-Windows-Crypto-NCrypt", "Computer": "DESKTOP-OFJ6N53", "TimeCreated": "2024-12-11 15:06:18.064058+00:00", "RecordID": "3750", "Level": "2", "UserID": "S-1-5-18", "EventData.ProviderName": "Microsoft Software Key Storage Provider", "EventData.KeyName": "822BF3FA1D1E9A01B277A1D987D49545FDE3C4B6", "EventData.Status": "0x80090016", "EventData.ProcessName": "vpnagent.exe"}
{"EventID": "2", "Channel": "Microsoft-Windows-Crypto-NCrypt/Operational", "Provider_Name": "Microsoft-Windows-Crypto-NCrypt", "Computer": "DESKTOP-OFJ6N53", "TimeCreated": "2024-12-11 15:07:10.014610+00:00", "RecordID": "3751", "Level": "2", "UserID": "S-1-5-18", "EventData.ProviderName": "Microsoft Platform Crypto Provider", "EventData.Status": "0x80090030", "EventData.ProcessName": "lsass.exe"}
{"EventID": "2", "Channel": "Microsoft-Windows-Crypto-NCrypt/Operational", "Provider_Name": "Microsoft-Windows-Crypto-NCrypt", "Computer": "DESKTOP-OFJ6N53", "TimeCreated": "2024-12-11 15:08:02.457047+00:00", "RecordID": "3752", "Level": "2", "UserID": "S-1-5-21-963789628-1060504924-4285088085-1001", "EventData.ProviderName": "Microsoft Platform Crypto Provider", "EventData.Status": "0x80090030", "EventData.ProcessName": "msedge.exe"}
{"EventID": "4", "Channel": "Microsoft-Windows-Crypto-NCrypt/Operational", "Provider_Name": "Microsoft-Windows-Crypto-NCrypt", "Computer": "DESKTOP-OFJ6N53", "TimeCreated": "2024-12-11 15:08:02.460983+00:00", "RecordID": "3753", "Level": "2", "UserID": "S-1-5-21-963789628-1060504924-4285088085-1001", "EventData.ProviderName": "Microsoft Software Key Storage Provider", "EventData.KeyName": "ChromeMetricsTestKey", "EventData.AlgorithmName": "ECDSA_P256", "EventData.Flags": "0x00020000", "EventData.Status": "0x80090029", "EventData.ProcessName": "msedge.exe"}
{"EventID": "2", "Channel": "Microsoft-Windows-Crypto-NCrypt/Operational", "Provider_Name": "Microsoft-Windows-Crypto-NCrypt", "Computer": "DESKTOP-OFJ6N53", "TimeCreated": "2024-12-11 15:08:03.308405+00:00", "RecordID": "3754", "Level": "2", "UserID": "S-1-5-21-963789628-1060504924-4285088085-1001", "EventData.ProviderName": "Microsoft Platform Crypto Provider", "EventData.Status": "0x80090030", "EventData.ProcessName": "chrome.exe"}
{"EventID": "4", "Channel": "Microsoft-Windows-Crypto-NCrypt/Operational", "Provider_Name": "Microsoft-Windows-Crypto-NCrypt", "Computer": "DESKTOP-OFJ6N53", "TimeCreated": "2024-12-11 15:08:03.310877+00:00", "RecordID": "3755", "Level": "2", "UserID": "S-1-5-21-963789628-1060504924-4285088085-1001", "EventData.ProviderName": "Microsoft Passport Key Storage Provider", "EventData.KeyName": "S-1-5-21-963789628-1060504924-4285088085-1001//S-1-5-21-963789628-1060504924-4285088085-1001//MSTestAvailability-FF2FA111-E816-4D1B-BDDD-65F189969E50", "EventData.AlgorithmName": "RSA", "EventData.Flags": "0x00000000", "EventData.Status": "0x80090016", "EventData.ProcessName": "chrome.exe"}
{"EventID": "4", "Channel": "Microsoft-Windows-Crypto-NCrypt/Operational", "Provider_Name": "Microsoft-Windows-Crypto-NCrypt", "Computer": "DESKTOP-OFJ6N53", "TimeCreated": "2024-12-11 15:08:03.316935+00:00", "RecordID": "3756", "Level": "2", "UserID": "S-1-5-21-963789628-1060504924-4285088085-1001", "EventData.ProviderName": "Microsoft Software Key Storage Provider", "EventData.KeyName": "ChromeMetricsTestKey", "EventData.AlgorithmName": "ECDSA_P256", "EventData.Flags": "0x00020000", "EventData.Status": "0x80090029", "EventData.ProcessName": "chrome.exe"}
{"EventID": "2", "Channel": "Microsoft-Windows-Crypto-NCrypt/Operational", "Provider_Name": "Microsoft-Windows-Crypto-NCrypt", "Computer": "DESKTOP-OFJ6N53", "TimeCreated": "2024-12-11 16:33:22.075737+00:00", "RecordID": "3757", "Level": "2", "UserID": "S-1-5-18", "EventData.ProviderName": "Microsoft Platform Crypto Provider", "EventData.Status": "0x80090030", "EventData.ProcessName": "taskhostw.exe"}
{"EventID": "2", "Channel": "Microsoft-Windows-Crypto-NCrypt/Operational", "Provider_Name": "Microsoft-Windows-Crypto-NCrypt", "Computer": "DESKTOP-OFJ6N53", "TimeCreated": "2024-12-11 19:31:13.182611+00:00", "RecordID": "3758", "Level": "2", "UserID": "S-1-5-18", "EventData.ProviderName": "Microsoft Platform Crypto Provider", "EventData.Status": "0x80090030", "EventData.ProcessName": "taskhostw.exe"}
{"EventID": "2", "Channel": "Microsoft-Windows-Crypto-NCrypt/Operational", "Provider_Name": "Microsoft-Windows-Crypto-NCrypt", "Computer": "DESKTOP-OFJ6N53", "TimeCreated": "2024-12-12 05:07:43.979033+00:00", "RecordID": "3759", "Level": "2", "UserID": "S-1-5-21-963789628-1060504924-4285088085-1001", "EventData.ProviderName": "Microsoft Platform Crypto Provider", "EventData.Status": "0x80090030", "EventData.ProcessName": "msedge.exe"}
{"EventID": "4", "Channel": "Microsoft-Windows-Crypto-NCrypt/Operational", "Provider_Name": "Microsoft-Windows-Crypto-NCrypt", "Computer": "DESKTOP-OFJ6N53", "TimeCreated": "2024-12-12 05:07:43.981321+00:00", "RecordID": "3760", "Level": "2", "UserID": "S-1-5-21-963789628-1060504924-4285088085-1001", "EventData.ProviderName": "Microsoft Software Key Storage Provider", "EventData.KeyName": "ChromeMetricsTestKey", "EventData.AlgorithmName": "ECDSA_P256", "EventData.Flags": "0x00020000", "EventData.Status": "0x80090029", "EventData.ProcessName": "msedge.exe"}
{"EventID": "2", "Channel": "Microsoft-Windows-Crypto-NCrypt/Operational", "Provider_Name": "Microsoft-Windows-Crypto-NCrypt", "Computer": "DESKTOP-OFJ6N53", "TimeCreated": "2024-12-12 10:11:48.593878+00:00", "RecordID": "3761", "Level": "2", "UserID": "S-1-5-18", "EventData.ProviderName": "Microsoft Platform Crypto Provider", "EventData.Status": "0x80090030", "EventData.ProcessName": "taskhostw.exe"}
{"EventID": "2", "Channel": "Microsoft-Windows-Crypto-NCrypt/Operational", "Provider_Name": "Microsoft-Windows-Crypto-NCrypt", "Computer": "DESKTOP-OFJ6N53", "TimeCreated": "2024-12-13 14:55:11.765776+00:00", "RecordID": "3762", "Level": "2", "UserID": "S-1-5-18", "EventData.ProviderName": "Microsoft Platform Crypto Provider", "EventData.Status": "0x80090030", "EventData.ProcessName": "taskhostw.exe"}
{"EventID": "2", "Channel": "Microsoft-Windows-Crypto-NCrypt/Operational", "Provider_Name": "Microsoft-Windows-Crypto-NCrypt", "Computer": "DESKTOP-OFJ6N53", "TimeCreated": "2024-12-14 05:07:47.349840+00:00", "RecordID": "3763", "Level": "2", "UserID": "S-1-5-21-963789628-1060504924-4285088085-1001", "EventData.ProviderName": "Microsoft Platform Crypto Provider", "EventData.Status": "0x80090030", "EventData.ProcessName": "msedge.exe"}
{"EventID": "4", "Channel": "Microsoft-Windows-Crypto-NCrypt/Operational", "Provider_Name": "Microsoft-Windows-Crypto-NCrypt", "Computer": "DESKTOP-OFJ6N53", "TimeCreated": "2024-12-14 05:07:47.351513+00:00", "RecordID": "3764", "Level": "2", "UserID": "S-1-5-21-963789628-1060504924-4285088085-1001", "EventData.ProviderName": "Microsoft Software Key Storage Provider", "EventData.KeyName": "ChromeMetricsTestKey", "EventData.AlgorithmName": "ECDSA_P256", "EventData.Flags": "0x00020000", "EventData.Status": "0x80090029", "EventData.ProcessName": "msedge.exe"}
{"EventID": "2", "Channel": "Microsoft-Windows-Crypto-NCrypt/Operational", "Provider_Name": "Microsoft-Windows-Crypto-NCrypt", "Computer": "DESKTOP-OFJ6N53", "TimeCreated": "2024-12-14 12:07:49.691725+00:00", "RecordID": "3765", "Level": "2", "UserID": "S-1-5-21-963789628-1060504924-4285088085-1001", "EventData.ProviderName": "Microsoft Platform Crypto Provider", "EventData.Status": "0x80090030", "EventData.ProcessName": "msedge.exe"}
{"EventID": "4", "Channel": "Microsoft-Windows-Crypto-NCrypt/Operational", "Provider_Name": "Microsoft-Windows-Crypto-NCrypt", "Computer": "DESKTOP-OFJ6N53", "TimeCreated": "2024-12-14 12:07:49.693411+00:00", "RecordID": "3766", "Level": "2", "UserID": "S-1-5-21-963789628-1060504924-4285088085-1001", "EventData.ProviderName": "Microsoft Software Key Storage Provider", "EventData.KeyName": "ChromeMetricsTestKey", "EventData.AlgorithmName": "ECDSA_P256", "EventData.Flags": "0x00020000", "EventData.Status": "0x80090029", "EventData.ProcessName": "msedge.exe"}
{"EventID": "2", "Channel": "Microsoft-Windows-Crypto-NCrypt/Operational", "Provider_Name": "Microsoft-Windows-Crypto-NCrypt", "Computer": "DESKTOP-OFJ6N53", "TimeCreated": "2024-12-14 20:07:51.055792+00:00", "RecordID": "3767", "Level": "2", "UserID": "S-1-5-21-963789628-1060504924-4285088085-1001", "EventData.ProviderName": "Microsoft Platform Crypto Provider", "EventData.Status": "0x80090030", "EventData.ProcessName": "msedge.exe"}
{"EventID": "4", "Channel": "Microsoft-Windows-Crypto-NCrypt/Operational", "Provider_Name": "Microsoft-Windows-Crypto-NCrypt", "Computer": "DESKTOP-OFJ6N53", "TimeCreated": "2024-12-14 20:07:51.057463+00:00", "RecordID": "3768", "Level": "2", "UserID": "S-1-5-21-963789628-1060504924-4285088085-1001", "EventData.ProviderName": "Microsoft Software Key Storage Provider", "EventData.KeyName": "ChromeMetricsTestKey", "EventData.AlgorithmName": "ECDSA_P256", "EventData.Flags": "0x00020000", "EventData.Status": "0x80090029", "EventData.ProcessName": "msedge.exe"}
{"EventID": "2", "Channel": "Microsoft-Windows-Crypto-NCrypt/Operational", "Provider_Name": "Microsoft-Windows-Crypto-NCrypt", "Computer": "DESKTOP-OFJ6N53", "TimeCreated": "2024-12-16 11:26:50.285072+00:00", "RecordID": "3769", "Level": "2", "UserID": "S-1-5-18", "EventData.ProviderName": "Microsoft Platform Crypto Provider", "EventData.Status": "0x80090030", "EventData.ProcessName": "taskhostw.exe"}
{"EventID": "2", "Channel": "Microsoft-Windows-Crypto-NCrypt/Operational", "Provider_Name": "Microsoft-Windows-Crypto-NCrypt", "Computer": "DESKTOP-OFJ6N53", "TimeCreated": "2024-12-17 10:26:56.599045+00:00", "RecordID": "3770", "Level": "2", "UserID": "S-1-5-18", "EventData.ProviderName": "Microsoft Platform Crypto Provider", "EventData.Status": "0x80090030", "EventData.ProcessName": "taskhostw.exe"}
{"EventID": "2", "Channel": "Microsoft-Windows-Crypto-NCrypt/Operational", "Provider_Name": "Microsoft-Windows-Crypto-NCrypt", "Computer": "DESKTOP-OFJ6N53", "TimeCreated": "2024-12-18 15:46:12.167454+00:00", "RecordID": "3771", "Level": "2", "UserID": "S-1-5-21-963789628-1060504924-4285088085-1001", "EventData.ProviderName": "Microsoft Platform Crypto Provider", "EventData.Status": "0x80090030", "EventData.ProcessName": "TracSrvWrapper.exe"}
{"EventID": "2", "Channel": "Microsoft-Windows-Crypto-NCrypt/Operational", "Provider_Name": "Microsoft-Windows-Crypto-NCrypt", "Computer": "DESKTOP-OFJ6N53", "TimeCreated": "2024-12-18 15:46:16.633282+00:00", "RecordID": "3772", "Level": "2", "UserID": "S-1-5-21-963789628-1060504924-4285088085-1001", "EventData.ProviderName": "Microsoft Platform Crypto Provider", "EventData.Status": "0x80090030", "EventData.ProcessName": "TracCAPI.exe"}
{"EventID": "2", "Channel": "Microsoft-Windows-Crypto-NCrypt/Operational", "Provider_Name": "Microsoft-Windows-Crypto-NCrypt", "Computer": "DESKTOP-OFJ6N53", "TimeCreated": "2024-12-18 15:47:34.302914+00:00", "RecordID": "3773", "Level": "2", "UserID": "S-1-5-21-963789628-1060504924-4285088085-1001", "EventData.ProviderName": "Microsoft Platform Crypto Provider", "EventData.Status": "0x80090030", "EventData.ProcessName": "TrGUI.exe"}
{"EventID": "2", "Channel": "Microsoft-Windows-Crypto-NCrypt/Operational", "Provider_Name": "Microsoft-Windows-Crypto-NCrypt", "Computer": "DESKTOP-OFJ6N53", "TimeCreated": "2024-12-18 15:56:05.240694+00:00", "RecordID": "3774", "Level": "2", "UserID": "S-1-5-18", "EventData.ProviderName": "Microsoft Platform Crypto Provider", "EventData.Status": "0x80090030", "EventData.ProcessName": "taskhostw.exe"}
{"EventID": "2", "Channel": "Microsoft-Windows-Crypto-NCrypt/Operational", "Provider_Name": "Microsoft-Windows-Crypto-NCrypt", "Computer": "DESKTOP-OFJ6N53", "TimeCreated": "2024-12-19 09:49:47.809120+00:00", "RecordID": "3775", "Level": "2", "UserID": "S-1-5-21-963789628-1060504924-4285088085-1001", "EventData.ProviderName": "Microsoft Platform Crypto Provider", "EventData.Status": "0x80090030", "EventData.ProcessName": "chrome.exe"}
{"EventID": "4", "Channel": "Microsoft-Windows-Crypto-NCrypt/Operational", "Provider_Name": "Microsoft-Windows-Crypto-NCrypt", "Computer": "DESKTOP-OFJ6N53", "TimeCreated": "2024-12-19 09:49:47.815720+00:00", "RecordID": "3776", "Level": "2", "UserID": "S-1-5-21-963789628-1060504924-4285088085-1001", "EventData.ProviderName": "Microsoft Software Key Storage Provider", "EventData.KeyName": "ChromeMetricsTestKey", "EventData.AlgorithmName": "ECDSA_P256", "EventData.Flags": "0x00020000", "EventData.Status": "0x80090029", "EventData.ProcessName": "chrome.exe"}
{"EventID": "4", "Channel": "Microsoft-Windows-Crypto-NCrypt/Operational", "Provider_Name": "Microsoft-Windows-Crypto-NCrypt", "Computer": "DESKTOP-OFJ6N53", "TimeCreated": "2024-12-19 09:49:47.916527+00:00", "RecordID": "3777", "Level": "2", "UserID": "S-1-5-21-963789628-1060504924-4285088085-1001", "EventData.ProviderName": "Microsoft Passport Key Storage Provider", "EventData.KeyName": "S-1-5-21-963789628-1060504924-4285088085-1001//S-1-5-21-963789628-1060504924-4285088085-1001//MSTestAvailability-FF2FA111-E816-4D1B-BDDD-65F189969E50", "EventData.AlgorithmName": "RSA", "EventData.Flags": "0x00000000", "EventData.Status": "0x80090010", "EventData.ProcessName": "chrome.exe"}
{"EventID": "2", "Channel": "Microsoft-Windows-Crypto-NCrypt/Operational", "Provider_Name": "Microsoft-Windows-Crypto-NCrypt", "Computer": "DESKTOP-OFJ6N53", "TimeCreated": "2024-12-19 09:59:34.610977+00:00", "RecordID": "3778", "Level": "2", "UserID": "S-1-5-18", "EventData.ProviderName": "Microsoft Platform Crypto Provider", "EventData.Status": "0x80090030", "EventData.ProcessName": "taskhostw.exe"}
{"EventID": "2", "Channel": "Microsoft-Windows-Crypto-NCrypt/Operational", "Provider_Name": "Microsoft-Windows-Crypto-NCrypt", "Computer": "DESKTOP-OFJ6N53", "TimeCreated": "2024-12-23 14:10:02.422302+00:00", "RecordID": "3779", "Level": "2", "UserID": "S-1-5-19", "EventData.ProviderName": "Microsoft Platform Crypto Provider", "EventData.Status": "0x80090030", "EventData.ProcessName": "svchost.exe"}
{"EventID": "3", "Channel": "Microsoft-Windows-Crypto-NCrypt/Operational", "Provider_Name": "Microsoft-Windows-Crypto-NCrypt", "Computer": "DESKTOP-OFJ6N53", "TimeCreated": "2024-12-23 14:10:12.575769+00:00", "RecordID": "3780", "Level": "2", "UserID": "S-1-5-18", "EventData.ProviderName": "Microsoft Software Key Storage Provider", "EventData.KeyName": "822BF3FA1D1E9A01B277A1D987D49545FDE3C4B6", "EventData.Status": "0x80090016", "EventData.ProcessName": "vpnagent.exe"}
{"EventID": "2", "Channel": "Microsoft-Windows-Crypto-NCrypt/Operational", "Provider_Name": "Microsoft-Windows-Crypto-NCrypt", "Computer": "DESKTOP-OFJ6N53", "TimeCreated": "2024-12-23 14:10:58.544283+00:00", "RecordID": "3781", "Level": "2", "UserID": "S-1-5-21-963789628-1060504924-4285088085-1001", "EventData.ProviderName": "Microsoft Platform Crypto Provider", "EventData.Status": "0x80090030", "EventData.ProcessName": "wwahost.exe"}
{"EventID": "2", "Channel": "Microsoft-Windows-Crypto-NCrypt/Operational", "Provider_Name": "Microsoft-Windows-Crypto-NCrypt", "Computer": "DESKTOP-OFJ6N53", "TimeCreated": "2024-12-23 14:10:58.561523+00:00", "RecordID": "3782", "Level": "2", "UserID": "S-1-5-21-963789628-1060504924-4285088085-1001", "EventData.ProviderName": "Microsoft Platform Crypto Provider", "EventData.Status": "0x80090030", "EventData.ProcessName": "SearchApp.exe"}
{"EventID": "2", "Channel": "Microsoft-Windows-Crypto-NCrypt/Operational", "Provider_Name": "Microsoft-Windows-Crypto-NCrypt", "Computer": "DESKTOP-OFJ6N53", "TimeCreated": "2024-12-23 14:11:01.820301+00:00", "RecordID": "3783", "Level": "2", "UserID": "S-1-5-18", "EventData.ProviderName": "Microsoft Platform Crypto Provider", "EventData.Status": "0x80090030", "EventData.ProcessName": "lsass.exe"}
{"EventID": "2", "Channel": "Microsoft-Windows-Crypto-NCrypt/Operational", "Provider_Name": "Microsoft-Windows-Crypto-NCrypt", "Computer": "DESKTOP-OFJ6N53", "TimeCreated": "2024-12-23 14:11:45.630692+00:00", "RecordID": "3784", "Level": "2", "UserID": "S-1-5-21-963789628-1060504924-4285088085-1001", "EventData.ProviderName": "Microsoft Platform Crypto Provider", "EventData.Status": "0x80090030", "EventData.ProcessName": "TracSrvWrapper.exe"}
{"EventID": "2", "Channel": "Microsoft-Windows-Crypto-NCrypt/Operational", "Provider_Name": "Microsoft-Windows-Crypto-NCrypt", "Computer": "DESKTOP-OFJ6N53", "TimeCreated": "2024-12-23 14:11:51.824574+00:00", "RecordID": "3785", "Level": "2", "UserID": "S-1-5-21-963789628-1060504924-4285088085-1001", "EventData.ProviderName": "Microsoft Platform Crypto Provider", "EventData.Status": "0x80090030", "EventData.ProcessName": "TracCAPI.exe"}
{"EventID": "9", "Channel": "Microsoft-Windows-Crypto-NCrypt/Operational", "Provider_Name": "Microsoft-Windows-Crypto-NCrypt", "Computer": "DESKTOP-OFJ6N53", "TimeCreated": "2024-12-23 14:12:03.207386+00:00", "RecordID": "3786", "Level": "5", "UserID": "S-1-5-18", "EventData.ProviderName": "Microsoft Software Key Storage Provider", "EventData.KeyModificationType": "0x00000001", "EventData.Flags": "0x00000000", "EventData.KeyName": "822BF3FA1D1E9A01B277A1D987D49545FDE3C4B6", "EventData.KeyFileName": "c8d74d183517364a390dfbf23b300896_27707a90-922c-4012-a495-08c5f439c147", "EventData.ProcessName": "C:\\Program Files (x86)\\Cisco\\Cisco AnyConnect Secure Mobility Client\\vpnagent.exe", "EventData.ProcessId": "0x00000944", "EventData.ThreadId": "0x00000354", "EventData.UserId": "S-1-5-18", "EventData.ServiceTag": "vpnagent", "EventData.Status": "0x00000000"}
{"EventID": "2", "Channel": "Microsoft-Windows-Crypto-NCrypt/Operational", "Provider_Name": "Microsoft-Windows-Crypto-NCrypt", "Computer": "DESKTOP-OFJ6N53", "TimeCreated": "2024-12-23 14:21:09.700205+00:00", "RecordID": "3787", "Level": "2", "UserID": "S-1-5-18", "EventData.ProviderName": "Microsoft Platform Crypto Provider", "EventData.Status": "0x80090030", "EventData.ProcessName": "taskhostw.exe"}
{"EventID": "2", "Channel": "Microsoft-Windows-Crypto-NCrypt/Operational", "Provider_Name": "Microsoft-Windows-Crypto-NCrypt", "Computer": "DESKTOP-OFJ6N53", "TimeCreated": "2024-12-23 14:25:18.648445+00:00", "RecordID": "3788", "Level": "2", "UserID": "S-1-5-18", "EventData.ProviderName": "Microsoft Platform Crypto Provider", "EventData.Status": "0x80090030", "EventData.ProcessName": "taskhostw.exe"}
{"EventID": "2", "Channel": "Microsoft-Windows-Crypto-NCrypt/Operational", "Provider_Name": "Microsoft-Windows-Crypto-NCrypt", "Computer": "DESKTOP-OFJ6N53", "TimeCreated": "2024-12-23 16:06:52.647827+00:00", "RecordID": "3789", "Level": "2", "UserID": "S-1-5-21-963789628-1060504924-4285088085-1001", "EventData.ProviderName": "Microsoft Platform Crypto Provider", "EventData.Status": "0x80090030", "EventData.ProcessName": "chrome.exe"}
{"EventID": "4", "Channel": "Microsoft-Windows-Crypto-NCrypt/Operational", "Provider_Name": "Microsoft-Windows-Crypto-NCrypt", "Computer": "DESKTOP-OFJ6N53", "TimeCreated": "2024-12-23 16:06:52.647827+00:00", "RecordID": "3790", "Level": "2", "UserID": "S-1-5-21-963789628-1060504924-4285088085-1001", "EventData.ProviderName": "Microsoft Software Key Storage Provider", "EventData.KeyName": "ChromeMetricsTestKey", "EventData.AlgorithmName": "ECDSA_P256", "EventData.Flags": "0x00020000", "EventData.Status": "0x80090029", "EventData.ProcessName": "chrome.exe"}
{"EventID": "4", "Channel": "Microsoft-Windows-Crypto-NCrypt/Operational", "Provider_Name": "Microsoft-Windows-Crypto-NCrypt", "Computer": "DESKTOP-OFJ6N53", "TimeCreated": "2024-12-23 16:06:52.772869+00:00", "RecordID": "3791", "Level": "2", "UserID": "S-1-5-21-963789628-1060504924-4285088085-1001", "EventData.ProviderName": "Microsoft Passport Key Storage Provider", "EventData.KeyName": "S-1-5-21-963789628-1060504924-4285088085-1001//S-1-5-21-963789628-1060504924-4285088085-1001//MSTestAvailability-FF2FA111-E816-4D1B-BDDD-65F189969E50", "EventData.AlgorithmName": "RSA", "EventData.Flags": "0x00000000", "EventData.Status": "0x80090010", "EventData.ProcessName": "chrome.exe"}
{"EventID": "2", "Channel": "Microsoft-Windows-Crypto-NCrypt/Operational", "Provider_Name": "Microsoft-Windows-Crypto-NCrypt", "Computer": "DESKTOP-OFJ6N53", "TimeCreated": "2024-12-23 16:16:29.846275+00:00", "RecordID": "3792", "Level": "2", "UserID": "S-1-5-18", "EventData.ProviderName": "Microsoft Platform Crypto Provider", "EventData.Status": "0x80090030", "EventData.ProcessName": "taskhostw.exe"}
{"EventID": "2", "Channel": "Microsoft-Windows-Crypto-NCrypt/Operational", "Provider_Name": "Microsoft-Windows-Crypto-NCrypt", "Computer": "DESKTOP-OFJ6N53", "TimeCreated": "2024-12-23 16:47:59.864672+00:00", "RecordID": "3793", "Level": "2", "UserID": "S-1-5-18", "EventData.ProviderName": "Microsoft Platform Crypto Provider", "EventData.Status": "0x80090030", "EventData.ProcessName": "taskhostw.exe"}
{"EventID": "2", "Channel": "Microsoft-Windows-Crypto-NCrypt/Operational", "Provider_Name": "Microsoft-Windows-Crypto-NCrypt", "Computer": "DESKTOP-OFJ6N53", "TimeCreated": "2024-12-24 10:34:29.307070+00:00", "RecordID": "3794", "Level": "2", "UserID": "S-1-5-18", "EventData.ProviderName": "Microsoft Platform Crypto Provider", "EventData.Status": "0x80090030", "EventData.ProcessName": "taskhostw.exe"}
{"EventID": "2", "Channel": "Microsoft-Windows-Crypto-NCrypt/Operational", "Provider_Name": "Microsoft-Windows-Crypto-NCrypt", "Computer": "DESKTOP-OFJ6N53", "TimeCreated": "2024-12-24 14:23:09.417130+00:00", "RecordID": "3795", "Level": "2", "UserID": "S-1-5-18", "EventData.ProviderName": "Microsoft Platform Crypto Provider", "EventData.Status": "0x80090030", "EventData.ProcessName": "taskhostw.exe"}
{"EventID": "2", "Channel": "Microsoft-Windows-Crypto-NCrypt/Operational", "Provider_Name": "Microsoft-Windows-Crypto-NCrypt", "Computer": "DESKTOP-OFJ6N53", "TimeCreated": "2024-12-27 13:39:46.969662+00:00", "RecordID": "3796", "Level": "2", "UserID": "S-1-5-18", "EventData.ProviderName": "Microsoft Platform Crypto Provider", "EventData.Status": "0x80090030", "EventData.ProcessName": "taskhostw.exe"}
{"EventID": "2", "Channel": "Microsoft-Windows-Crypto-NCrypt/Operational", "Provider_Name": "Microsoft-Windows-Crypto-NCrypt", "Computer": "DESKTOP-OFJ6N53", "TimeCreated": "2024-12-27 13:40:52.557045+00:00", "RecordID": "3797", "Level": "2", "UserID": "S-1-5-18", "EventData.ProviderName": "Microsoft Platform Crypto Provider", "EventData.Status": "0x80090030", "EventData.ProcessName": "taskhostw.exe"}
{"EventID": "2", "Channel": "Microsoft-Windows-Crypto-NCrypt/Operational", "Provider_Name": "Microsoft-Windows-Crypto-NCrypt", "Computer": "DESKTOP-OFJ6N53", "TimeCreated": "2024-12-28 10:59:10.239546+00:00", "RecordID": "3798", "Level": "2", "UserID": "S-1-5-18", "EventData.ProviderName": "Microsoft Platform Crypto Provider", "EventData.Status": "0x80090030", "EventData.ProcessName": "taskhostw.exe"}
{"EventID": "2", "Channel": "Microsoft-Windows-Crypto-NCrypt/Operational", "Provider_Name": "Microsoft-Windows-Crypto-NCrypt", "Computer": "DESKTOP-OFJ6N53", "TimeCreated": "2024-12-30 13:50:22.289539+00:00", "RecordID": "3799", "Level": "2", "UserID": "S-1-5-18", "EventData.ProviderName": "Microsoft Platform Crypto Provider", "EventData.Status": "0x80090030", "EventData.ProcessName": "taskhostw.exe"}
{"EventID": "2", "Channel": "Microsoft-Windows-Crypto-NCrypt/Operational", "Provider_Name": "Microsoft-Windows-Crypto-NCrypt", "Computer": "DESKTOP-OFJ6N53", "TimeCreated": "2024-12-30 13:52:11.651524+00:00", "RecordID": "3800", "Level": "2", "UserID": "S-1-5-18", "EventData.ProviderName": "Microsoft Platform Crypto Provider", "EventData.Status": "0x80090030", "EventData.ProcessName": "taskhostw.exe"}
{"EventID": "2", "Channel": "Microsoft-Windows-Crypto-NCrypt/Operational", "Provider_Name": "Microsoft-Windows-Crypto-NCrypt", "Computer": "DESKTOP-OFJ6N53", "TimeCreated": "2024-12-30 15:09:22.479143+00:00", "RecordID": "3801", "Level": "2", "UserID": "S-1-5-18", "EventData.ProviderName": "Microsoft Platform Crypto Provider", "EventData.Status": "0x80090030", "EventData.ProcessName": "taskhostw.exe"}
