{"EventID": "105", "Channel": "Microsoft-Windows-TWinUI/Operational", "Provider_Name": "Microsoft-Windows-Immersive-Shell", "Computer": "DESKTOP-OFJ6N53", "TimeCreated": "2022-02-24 09:08:43.637222+00:00", "RecordID": "1", "Level": "4", "UserID": "S-1-5-21-963789628-1060504924-4285088085-1000"}
{"EventID": "2850", "Channel": "Microsoft-Windows-TWinUI/Operational", "Provider_Name": "Microsoft-Windows-Immersive-Shell", "Computer": "DESKTOP-OFJ6N53", "TimeCreated": "2022-03-09 07:39:16.067297+00:00", "RecordID": "2", "Level": "4", "UserID": "S-1-5-21-963789628-1060504924-4285088085-1001", "EventData.AppID": "Microsoft.MicrosoftEdge_8wekyb3d8bbwe!MicrosoftEdge", "EventData.EncodedFilePath": "C:\\Windows\\SystemApps\\Microsoft.MicrosoftEdge_8wekyb3d8bbwe\\Assets\\MicrosoftEdgeSquare44x44.scale-100.png"}
{"EventID": "2825", "Channel": "Microsoft-Windows-TWinUI/Operational", "Provider_Name": "Microsoft-Windows-Immersive-Shell", "Computer": "DESKTOP-OFJ6N53", "TimeCreated": "2022-03-09 07:39:16.067299+00:00", "RecordID": "3", "Level": "2", "UserID": "S-1-5-21-963789628-1060504924-4285088085-1001", "EventData.AppID": "Microsoft.MicrosoftEdge_8wekyb3d8bbwe!MicrosoftEdge", "EventData.NotificationID": "4294967295"}
{"EventID": "105", "Channel": "Microsoft-Windows-TWinUI/Operational", "Provider_Name": "Microsoft-Windows-Immersive-Shell", "Computer": "DESKTOP-OFJ6N53", "TimeCreated": "2022-03-09 10:16:16.331188+00:00", "RecordID": "4", "Level": "4", "UserID": "S-1-5-21-963789628-1060504924-4285088085-1001"}
{"EventID": "2850", "Channel": "Microsoft-Windows-TWinUI/Operational", "Provider_Name": "Microsoft-Windows-Immersive-Shell", "Computer": "DESKTOP-OFJ6N53", "TimeCreated": "2022-04-06 13:13:07.560526+00:00", "RecordID": "5", "Level": "4", "UserID": "S-1-5-21-963789628-1060504924-4285088085-1001", "EventData.AppID": "Microsoft.MicrosoftEdge_8wekyb3d8bbwe!MicrosoftEdge", "EventData.EncodedFilePath": "C:\\Windows\\SystemApps\\Microsoft.MicrosoftEdge_8wekyb3d8bbwe\\Assets\\MicrosoftEdgeSquare44x44.scale-100.png"}
{"EventID": "2825", "Channel": "Microsoft-Windows-TWinUI/Operational", "Provider_Name": "Microsoft-Windows-Immersive-Shell", "Computer": "DESKTOP-OFJ6N53", "TimeCreated": "2022-04-06 13:13:07.560528+00:00", "RecordID": "6", "Level": "2", "UserID": "S-1-5-21-963789628-1060504924-4285088085-1001", "EventData.AppID": "Microsoft.MicrosoftEdge_8wekyb3d8bbwe!MicrosoftEdge", "EventData.NotificationID": "4294967295"}
{"EventID": "105", "Channel": "Microsoft-Windows-TWinUI/Operational", "Provider_Name": "Microsoft-Windows-Immersive-Shell", "Computer": "DESKTOP-OFJ6N53", "TimeCreated": "2022-04-28 21:42:08.360256+00:00", "RecordID": "7", "Level": "4", "UserID": "S-1-5-21-963789628-1060504924-4285088085-1001"}
{"EventID": "105", "Channel": "Microsoft-Windows-TWinUI/Operational", "Provider_Name": "Microsoft-Windows-Immersive-Shell", "Computer": "DESKTOP-OFJ6N53", "TimeCreated": "2022-05-10 23:31:08.856937+00:00", "RecordID": "8", "Level": "4", "UserID": "S-1-5-21-963789628-1060504924-4285088085-1001"}
{"EventID": "105", "Channel": "Microsoft-Windows-TWinUI/Operational", "Provider_Name": "Microsoft-Windows-Immersive-Shell", "Computer": "DESKTOP-OFJ6N53", "TimeCreated": "2022-07-13 14:40:06.711861+00:00", "RecordID": "9", "Level": "4", "UserID": "S-1-5-21-963789628-1060504924-4285088085-1001"}
{"EventID": "5961", "Channel": "Microsoft-Windows-TWinUI/Operational", "Provider_Name": "Microsoft-Windows-Immersive-Shell", "Computer": "DESKTOP-OFJ6N53", "TimeCreated": "2022-08-09 19:07:10.015678+00:00", "RecordID": "10", "Level": "2", "UserID": "S-1-5-21-963789628-1060504924-4285088085-1001", "EventData.AppId": "Microsoft.Windows.Search_cw5n1h2txyewy!CortanaUI", "EventData.ErrorCode": "-2147021836", "EventData.PhaseFlags": "8"}
{"EventID": "105", "Channel": "Microsoft-Windows-TWinUI/Operational", "Provider_Name": "Microsoft-Windows-Immersive-Shell", "Computer": "DESKTOP-OFJ6N53", "TimeCreated": "2022-08-09 19:07:10.859959+00:00", "RecordID": "11", "Level": "4", "UserID": "S-1-5-21-963789628-1060504924-4285088085-1001"}
{"EventID": "105", "Channel": "Microsoft-Windows-TWinUI/Operational", "Provider_Name": "Microsoft-Windows-Immersive-Shell", "Computer": "DESKTOP-OFJ6N53", "TimeCreated": "2022-09-06 12:59:53.282595+00:00", "RecordID": "12", "Level": "4", "UserID": "S-1-5-21-963789628-1060504924-4285088085-1001"}
{"EventID": "105", "Channel": "Microsoft-Windows-TWinUI/Operational", "Provider_Name": "Microsoft-Windows-Immersive-Shell", "Computer": "DESKTOP-OFJ6N53", "TimeCreated": "2022-09-14 17:11:10.068275+00:00", "RecordID": "13", "Level": "4", "UserID": "S-1-5-21-963789628-1060504924-4285088085-1001"}
{"EventID": "105", "Channel": "Microsoft-Windows-TWinUI/Operational", "Provider_Name": "Microsoft-Windows-Immersive-Shell", "Computer": "DESKTOP-OFJ6N53", "TimeCreated": "2022-09-22 12:39:42.386614+00:00", "RecordID": "14", "Level": "4", "UserID": "S-1-5-21-963789628-1060504924-4285088085-1001"}
{"EventID": "105", "Channel": "Microsoft-Windows-TWinUI/Operational", "Provider_Name": "Microsoft-Windows-Immersive-Shell", "Computer": "DESKTOP-OFJ6N53", "TimeCreated": "2022-10-11 22:41:12.050276+00:00", "RecordID": "15", "Level": "4", "UserID": "S-1-5-21-963789628-1060504924-4285088085-1001"}
{"EventID": "105", "Channel": "Microsoft-Windows-TWinUI/Operational", "Provider_Name": "Microsoft-Windows-Immersive-Shell", "Computer": "DESKTOP-OFJ6N53", "TimeCreated": "2022-11-18 00:54:11.507301+00:00", "RecordID": "16", "Level": "4", "UserID": "S-1-5-21-963789628-1060504924-4285088085-1001"}
{"EventID": "105", "Channel": "Microsoft-Windows-TWinUI/Operational", "Provider_Name": "Microsoft-Windows-Immersive-Shell", "Computer": "DESKTOP-OFJ6N53", "TimeCreated": "2022-12-09 11:50:57.642723+00:00", "RecordID": "17", "Level": "4", "UserID": "S-1-5-21-963789628-1060504924-4285088085-1001"}
{"EventID": "105", "Channel": "Microsoft-Windows-TWinUI/Operational", "Provider_Name": "Microsoft-Windows-Immersive-Shell", "Computer": "DESKTOP-OFJ6N53", "TimeCreated": "2022-12-27 09:33:45.029066+00:00", "RecordID": "18", "Level": "4", "UserID": "S-1-5-21-963789628-1060504924-4285088085-1001"}
{"EventID": "105", "Channel": "Microsoft-Windows-TWinUI/Operational", "Provider_Name": "Microsoft-Windows-Immersive-Shell", "Computer": "DESKTOP-OFJ6N53", "TimeCreated": "2023-01-13 13:31:00.497793+00:00", "RecordID": "19", "Level": "4", "UserID": "S-1-5-21-963789628-1060504924-4285088085-1001"}
{"EventID": "105", "Channel": "Microsoft-Windows-TWinUI/Operational", "Provider_Name": "Microsoft-Windows-Immersive-Shell", "Computer": "DESKTOP-OFJ6N53", "TimeCreated": "2023-02-14 14:06:30.021091+00:00", "RecordID": "20", "Level": "4", "UserID": "S-1-5-21-963789628-1060504924-4285088085-1001"}
{"EventID": "105", "Channel": "Microsoft-Windows-TWinUI/Operational", "Provider_Name": "Microsoft-Windows-Immersive-Shell", "Computer": "DESKTOP-OFJ6N53", "TimeCreated": "2023-02-15 19:08:10.881971+00:00", "RecordID": "21", "Level": "4", "UserID": "S-1-5-21-963789628-1060504924-4285088085-1001"}
{"EventID": "105", "Channel": "Microsoft-Windows-TWinUI/Operational", "Provider_Name": "Microsoft-Windows-Immersive-Shell", "Computer": "DESKTOP-OFJ6N53", "TimeCreated": "2023-03-10 12:01:58.651056+00:00", "RecordID": "22", "Level": "4", "UserID": "S-1-5-21-963789628-1060504924-4285088085-1001"}
{"EventID": "105", "Channel": "Microsoft-Windows-TWinUI/Operational", "Provider_Name": "Microsoft-Windows-Immersive-Shell", "Computer": "DESKTOP-OFJ6N53", "TimeCreated": "2023-04-03 14:19:37.259892+00:00", "RecordID": "23", "Level": "4", "UserID": "S-1-5-21-963789628-1060504924-4285088085-1001"}
{"EventID": "105", "Channel": "Microsoft-Windows-TWinUI/Operational", "Provider_Name": "Microsoft-Windows-Immersive-Shell", "Computer": "DESKTOP-OFJ6N53", "TimeCreated": "2023-04-12 17:20:23.383879+00:00", "RecordID": "24", "Level": "4", "UserID": "S-1-5-21-963789628-1060504924-4285088085-1001"}
{"EventID": "105", "Channel": "Microsoft-Windows-TWinUI/Operational", "Provider_Name": "Microsoft-Windows-Immersive-Shell", "Computer": "DESKTOP-OFJ6N53", "TimeCreated": "2023-07-12 14:35:11.612579+00:00", "RecordID": "25", "Level": "4", "UserID": "S-1-5-21-963789628-1060504924-4285088085-1001"}
{"EventID": "105", "Channel": "Microsoft-Windows-TWinUI/Operational", "Provider_Name": "Microsoft-Windows-Immersive-Shell", "Computer": "DESKTOP-OFJ6N53", "TimeCreated": "2023-07-25 08:58:50.502392+00:00", "RecordID": "26", "Level": "4", "UserID": "S-1-5-21-963789628-1060504924-4285088085-1001"}
{"EventID": "105", "Channel": "Microsoft-Windows-TWinUI/Operational", "Provider_Name": "Microsoft-Windows-Immersive-Shell", "Computer": "DESKTOP-OFJ6N53", "TimeCreated": "2023-07-31 13:01:06.235191+00:00", "RecordID": "27", "Level": "4", "UserID": "S-1-5-21-963789628-1060504924-4285088085-1001"}
{"EventID": "105", "Channel": "Microsoft-Windows-TWinUI/Operational", "Provider_Name": "Microsoft-Windows-Immersive-Shell", "Computer": "DESKTOP-OFJ6N53", "TimeCreated": "2023-08-10 07:37:31.527681+00:00", "RecordID": "28", "Level": "4", "UserID": "S-1-5-21-963789628-1060504924-4285088085-1001"}
{"EventID": "105", "Channel": "Microsoft-Windows-TWinUI/Operational", "Provider_Name": "Microsoft-Windows-Immersive-Shell", "Computer": "DESKTOP-OFJ6N53", "TimeCreated": "2023-09-04 14:36:06.158863+00:00", "RecordID": "29", "Level": "4", "UserID": "S-1-5-21-963789628-1060504924-4285088085-1001"}
{"EventID": "105", "Channel": "Microsoft-Windows-TWinUI/Operational", "Provider_Name": "Microsoft-Windows-Immersive-Shell", "Computer": "DESKTOP-OFJ6N53", "TimeCreated": "2023-09-13 14:34:05.780117+00:00", "RecordID": "30", "Level": "4", "UserID": "S-1-5-21-963789628-1060504924-4285088085-1001"}
{"EventID": "105", "Channel": "Microsoft-Windows-TWinUI/Operational", "Provider_Name": "Microsoft-Windows-Immersive-Shell", "Computer": "DESKTOP-OFJ6N53", "TimeCreated": "2023-10-27 14:40:03.831390+00:00", "RecordID": "31", "Level": "4", "UserID": "S-1-5-21-963789628-1060504924-4285088085-1001"}
{"EventID": "105", "Channel": "Microsoft-Windows-TWinUI/Operational", "Provider_Name": "Microsoft-Windows-Immersive-Shell", "Computer": "DESKTOP-OFJ6N53", "TimeCreated": "2023-12-13 14:33:08.668037+00:00", "RecordID": "32", "Level": "4", "UserID": "S-1-5-21-963789628-1060504924-4285088085-1001"}
{"EventID": "105", "Channel": "Microsoft-Windows-TWinUI/Operational", "Provider_Name": "Microsoft-Windows-Immersive-Shell", "Computer": "DESKTOP-OFJ6N53", "TimeCreated": "2023-12-29 14:43:26.010080+00:00", "RecordID": "33", "Level": "4", "UserID": "S-1-5-21-963789628-1060504924-4285088085-1001"}
{"EventID": "105", "Channel": "Microsoft-Windows-TWinUI/Operational", "Provider_Name": "Microsoft-Windows-Immersive-Shell", "Computer": "DESKTOP-OFJ6N53", "TimeCreated": "2024-01-10 14:51:14.299088+00:00", "RecordID": "34", "Level": "4", "UserID": "S-1-5-21-963789628-1060504924-4285088085-1001"}
{"EventID": "105", "Channel": "Microsoft-Windows-TWinUI/Operational", "Provider_Name": "Microsoft-Windows-Immersive-Shell", "Computer": "DESKTOP-OFJ6N53", "TimeCreated": "2024-02-15 15:25:05.349337+00:00", "RecordID": "35", "Level": "4", "UserID": "S-1-5-21-963789628-1060504924-4285088085-1001"}
{"EventID": "105", "Channel": "Microsoft-Windows-TWinUI/Operational", "Provider_Name": "Microsoft-Windows-Immersive-Shell", "Computer": "DESKTOP-OFJ6N53", "TimeCreated": "2024-04-23 15:37:35.443533+00:00", "RecordID": "36", "Level": "4", "UserID": "S-1-5-21-963789628-1060504924-4285088085-1001"}
{"EventID": "105", "Channel": "Microsoft-Windows-TWinUI/Operational", "Provider_Name": "Microsoft-Windows-Immersive-Shell", "Computer": "DESKTOP-OFJ6N53", "TimeCreated": "2024-04-29 15:09:12.786146+00:00", "RecordID": "37", "Level": "4", "UserID": "S-1-5-21-963789628-1060504924-4285088085-1001"}
{"EventID": "105", "Channel": "Microsoft-Windows-TWinUI/Operational", "Provider_Name": "Microsoft-Windows-Immersive-Shell", "Computer": "DESKTOP-OFJ6N53", "TimeCreated": "2024-05-15 13:20:18.147898+00:00", "RecordID": "38", "Level": "4", "UserID": "S-1-5-21-963789628-1060504924-4285088085-1001"}
{"EventID": "105", "Channel": "Microsoft-Windows-TWinUI/Operational", "Provider_Name": "Microsoft-Windows-Immersive-Shell", "Computer": "DESKTOP-OFJ6N53", "TimeCreated": "2024-07-10 14:31:07.831158+00:00", "RecordID": "39", "Level": "4", "UserID": "S-1-5-21-963789628-1060504924-4285088085-1001"}
{"EventID": "105", "Channel": "Microsoft-Windows-TWinUI/Operational", "Provider_Name": "Microsoft-Windows-Immersive-Shell", "Computer": "DESKTOP-OFJ6N53", "TimeCreated": "2024-08-14 00:08:07.820925+00:00", "RecordID": "40", "Level": "4", "UserID": "S-1-5-21-963789628-1060504924-4285088085-1001"}
{"EventID": "105", "Channel": "Microsoft-Windows-TWinUI/Operational", "Provider_Name": "Microsoft-Windows-Immersive-Shell", "Computer": "DESKTOP-OFJ6N53", "TimeCreated": "2024-09-11 14:49:04.055460+00:00", "RecordID": "41", "Level": "4", "UserID": "S-1-5-21-963789628-1060504924-4285088085-1001"}
{"EventID": "105", "Channel": "Microsoft-Windows-TWinUI/Operational", "Provider_Name": "Microsoft-Windows-Immersive-Shell", "Computer": "DESKTOP-OFJ6N53", "TimeCreated": "2024-10-08 20:24:04.049192+00:00", "RecordID": "42", "Level": "4", "UserID": "S-1-5-21-963789628-1060504924-4285088085-1001"}
{"EventID": "105", "Channel": "Microsoft-Windows-TWinUI/Operational", "Provider_Name": "Microsoft-Windows-Immersive-Shell", "Computer": "DESKTOP-OFJ6N53", "TimeCreated": "2024-11-13 14:43:06.149734+00:00", "RecordID": "43", "Level": "4", "UserID": "S-1-5-21-963789628-1060504924-4285088085-1001"}
{"EventID": "105", "Channel": "Microsoft-Windows-TWinUI/Operational", "Provider_Name": "Microsoft-Windows-Immersive-Shell", "Computer": "DESKTOP-OFJ6N53", "TimeCreated": "2024-12-11 15:05:03.962408+00:00", "RecordID": "44", "Level": "4", "UserID": "S-1-5-21-963789628-1060504924-4285088085-1001"}
{"EventID": "105", "Channel": "Microsoft-Windows-TWinUI/Operational", "Provider_Name": "Microsoft-Windows-Immersive-Shell", "Computer": "DESKTOP-OFJ6N53", "TimeCreated": "2024-12-23 14:09:23.269701+00:00", "RecordID": "45", "Level": "4", "UserID": "S-1-5-21-963789628-1060504924-4285088085-1001"}
{"EventID": "105", "Channel": "Microsoft-Windows-TWinUI/Operational", "Provider_Name": "Microsoft-Windows-Immersive-Shell", "Computer": "DESKTOP-OFJ6N53", "TimeCreated": "2025-01-09 14:54:47.569710+00:00", "RecordID": "46", "Level": "4", "UserID": "S-1-5-21-963789628-1060504924-4285088085-1001"}
{"EventID": "105", "Channel": "Microsoft-Windows-TWinUI/Operational", "Provider_Name": "Microsoft-Windows-Immersive-Shell", "Computer": "DESKTOP-OFJ6N53", "TimeCreated": "2025-01-14 23:20:11.523663+00:00", "RecordID": "47", "Level": "4", "UserID": "S-1-5-21-963789628-1060504924-4285088085-1001"}
{"EventID": "105", "Channel": "Microsoft-Windows-TWinUI/Operational", "Provider_Name": "Microsoft-Windows-Immersive-Shell", "Computer": "DESKTOP-OFJ6N53", "TimeCreated": "2025-01-24 12:02:45.885836+00:00", "RecordID": "48", "Level": "4", "UserID": "S-1-5-21-963789628-1060504924-4285088085-1001"}
{"EventID": "105", "Channel": "Microsoft-Windows-TWinUI/Operational", "Provider_Name": "Microsoft-Windows-Immersive-Shell", "Computer": "DESKTOP-OFJ6N53", "TimeCreated": "2025-02-05 14:01:20.795122+00:00", "RecordID": "49", "Level": "4", "UserID": "S-1-5-21-963789628-1060504924-4285088085-1001"}
{"EventID": "105", "Channel": "Microsoft-Windows-TWinUI/Operational", "Provider_Name": "Microsoft-Windows-Immersive-Shell", "Computer": "DESKTOP-OFJ6N53", "TimeCreated": "2025-02-12 14:53:05.483278+00:00", "RecordID": "50", "Level": "4", "UserID": "S-1-5-21-963789628-1060504924-4285088085-1001"}
{"EventID": "105", "Channel": "Microsoft-Windows-TWinUI/Operational", "Provider_Name": "Microsoft-Windows-Immersive-Shell", "Computer": "DESKTOP-OFJ6N53", "TimeCreated": "2025-03-07 15:02:59.563530+00:00", "RecordID": "51", "Level": "4", "UserID": "S-1-5-21-963789628-1060504924-4285088085-1001"}
{"EventID": "105", "Channel": "Microsoft-Windows-TWinUI/Operational", "Provider_Name": "Microsoft-Windows-Immersive-Shell", "Computer": "DESKTOP-OFJ6N53", "TimeCreated": "2025-03-11 20:15:07.744019+00:00", "RecordID": "52", "Level": "4", "UserID": "S-1-5-21-963789628-1060504924-4285088085-1001"}
{"EventID": "105", "Channel": "Microsoft-Windows-TWinUI/Operational", "Provider_Name": "Microsoft-Windows-Immersive-Shell", "Computer": "DESKTOP-OFJ6N53", "TimeCreated": "2025-04-02 09:30:30.266266+00:00", "RecordID": "53", "Level": "4", "UserID": "S-1-5-21-963789628-1060504924-4285088085-1001"}
{"EventID": "105", "Channel": "Microsoft-Windows-TWinUI/Operational", "Provider_Name": "Microsoft-Windows-Immersive-Shell", "Computer": "DESKTOP-OFJ6N53", "TimeCreated": "2025-04-02 09:56:41.652147+00:00", "RecordID": "54", "Level": "4", "UserID": "S-1-5-21-963789628-1060504924-4285088085-1001"}
{"EventID": "105", "Channel": "Microsoft-Windows-TWinUI/Operational", "Provider_Name": "Microsoft-Windows-Immersive-Shell", "Computer": "DESKTOP-OFJ6N53", "TimeCreated": "2025-04-02 10:07:26.516842+00:00", "RecordID": "55", "Level": "4", "UserID": "S-1-5-21-963789628-1060504924-4285088085-1001"}
{"EventID": "105", "Channel": "Microsoft-Windows-TWinUI/Operational", "Provider_Name": "Microsoft-Windows-Immersive-Shell", "Computer": "DESKTOP-OFJ6N53", "TimeCreated": "2025-04-02 10:10:46.692663+00:00", "RecordID": "56", "Level": "4", "UserID": "S-1-5-21-963789628-1060504924-4285088085-1001"}
{"EventID": "105", "Channel": "Microsoft-Windows-TWinUI/Operational", "Provider_Name": "Microsoft-Windows-Immersive-Shell", "Computer": "DESKTOP-OFJ6N53", "TimeCreated": "2025-04-02 10:15:30.329283+00:00", "RecordID": "57", "Level": "4", "UserID": "S-1-5-21-963789628-1060504924-4285088085-1001"}
{"EventID": "105", "Channel": "Microsoft-Windows-TWinUI/Operational", "Provider_Name": "Microsoft-Windows-Immersive-Shell", "Computer": "DESKTOP-OFJ6N53", "TimeCreated": "2025-04-02 10:33:19.306963+00:00", "RecordID": "58", "Level": "4", "UserID": "S-1-5-21-963789628-1060504924-4285088085-1001"}
{"EventID": "105", "Channel": "Microsoft-Windows-TWinUI/Operational", "Provider_Name": "Microsoft-Windows-Immersive-Shell", "Computer": "DESKTOP-OFJ6N53", "TimeCreated": "2025-04-09 14:33:08.666346+00:00", "RecordID": "59", "Level": "4", "UserID": "S-1-5-21-963789628-1060504924-4285088085-1001"}
{"EventID": "105", "Channel": "Microsoft-Windows-TWinUI/Operational", "Provider_Name": "Microsoft-Windows-Immersive-Shell", "Computer": "DESKTOP-OFJ6N53", "TimeCreated": "2025-04-23 00:39:04.485952+00:00", "RecordID": "60", "Level": "4", "UserID": "S-1-5-21-963789628-1060504924-4285088085-1001"}
{"EventID": "105", "Channel": "Microsoft-Windows-TWinUI/Operational", "Provider_Name": "Microsoft-Windows-Immersive-Shell", "Computer": "DESKTOP-OFJ6N53", "TimeCreated": "2025-06-11 14:44:03.568283+00:00", "RecordID": "61", "Level": "4", "UserID": "S-1-5-21-963789628-1060504924-4285088085-1001"}
{"EventID": "105", "Channel": "Microsoft-Windows-TWinUI/Operational", "Provider_Name": "Microsoft-Windows-Immersive-Shell", "Computer": "DESKTOP-OFJ6N53", "TimeCreated": "2025-07-07 12:48:14.956762+00:00", "RecordID": "62", "Level": "4", "UserID": "S-1-5-21-963789628-1060504924-4285088085-1001"}
{"EventID": "105", "Channel": "Microsoft-Windows-TWinUI/Operational", "Provider_Name": "Microsoft-Windows-Immersive-Shell", "Computer": "DESKTOP-OFJ6N53", "TimeCreated": "2025-07-09 14:38:04.620808+00:00", "RecordID": "63", "Level": "4", "UserID": "S-1-5-21-963789628-1060504924-4285088085-1001"}
{"EventID": "5961", "Channel": "Microsoft-Windows-TWinUI/Operational", "Provider_Name": "Microsoft-Windows-Immersive-Shell", "Computer": "DESKTOP-OFJ6N53", "TimeCreated": "2025-08-05 11:35:52.638803+00:00", "RecordID": "64", "Level": "2", "UserID": "S-1-5-21-963789628-1060504924-4285088085-1001", "EventData.AppId": "Microsoft.549981C3F5F10_8wekyb3d8bbwe!App", "EventData.ErrorCode": "-2147219200", "EventData.PhaseFlags": "33"}
{"EventID": "5961", "Channel": "Microsoft-Windows-TWinUI/Operational", "Provider_Name": "Microsoft-Windows-Immersive-Shell", "Computer": "DESKTOP-OFJ6N53", "TimeCreated": "2025-08-05 11:35:52.653145+00:00", "RecordID": "65", "Level": "2", "UserID": "S-1-5-21-963789628-1060504924-4285088085-1001", "EventData.AppId": "Microsoft.549981C3F5F10_8wekyb3d8bbwe!App", "EventData.ErrorCode": "-2018374626", "EventData.PhaseFlags": "33"}
{"EventID": "105", "Channel": "Microsoft-Windows-TWinUI/Operational", "Provider_Name": "Microsoft-Windows-Immersive-Shell", "Computer": "DESKTOP-OFJ6N53", "TimeCreated": "2025-08-19 07:43:14.458519+00:00", "RecordID": "66", "Level": "4", "UserID": "S-1-5-21-963789628-1060504924-4285088085-1001"}
