{"EventID": "300", "Channel": "Microsoft-Windows-DeviceSetupManager/Operational", "Provider_Name": "Microsoft-Windows-DeviceSetupManager", "Computer": "DESKTOP-OFJ6N53", "TimeCreated": "2024-10-01 12:58:07.653877+00:00", "RecordID": "11281", "Level": "4", "UserID": "S-1-5-18", "EventData.Prop_ContainerId": "{3344D522-87C5-416A-ADCE-3CA15CE71738}"}
{"EventID": "300", "Channel": "Microsoft-Windows-DeviceSetupManager/Operational", "Provider_Name": "Microsoft-Windows-DeviceSetupManager", "Computer": "DESKTOP-OFJ6N53", "TimeCreated": "2024-10-01 12:58:14.410898+00:00", "RecordID": "11282", "Level": "4", "UserID": "S-1-5-18", "EventData.Prop_ContainerId": "{7EFCBE4E-A3A2-0C99-EC8F-27D6801A396F}"}
{"EventID": "300", "Channel": "Microsoft-Windows-DeviceSetupManager/Operational", "Provider_Name": "Microsoft-Windows-DeviceSetupManager", "Computer": "DESKTOP-OFJ6N53", "TimeCreated": "2024-10-04 11:18:33.659584+00:00", "RecordID": "11283", "Level": "4", "UserID": "S-1-5-18", "EventData.Prop_ContainerId": "{4D00B435-A623-4D84-BE49-A50A88B06117}"}
{"EventID": "300", "Channel": "Microsoft-Windows-DeviceSetupManager/Operational", "Provider_Name": "Microsoft-Windows-DeviceSetupManager", "Computer": "DESKTOP-OFJ6N53", "TimeCreated": "2024-10-04 11:18:45.608946+00:00", "RecordID": "11284", "Level": "4", "UserID": "S-1-5-18", "EventData.Prop_ContainerId": "{7EFCBE4E-A3A2-0C99-EC8F-27D6801A396F}"}
{"EventID": "300", "Channel": "Microsoft-Windows-DeviceSetupManager/Operational", "Provider_Name": "Microsoft-Windows-DeviceSetupManager", "Computer": "DESKTOP-OFJ6N53", "TimeCreated": "2024-10-04 21:59:47.520124+00:00", "RecordID": "11285", "Level": "4", "UserID": "S-1-5-18", "EventData.Prop_ContainerId": "{EB0EAB82-9B61-4D35-946E-D146967CA39D}"}
{"EventID": "300", "Channel": "Microsoft-Windows-DeviceSetupManager/Operational", "Provider_Name": "Microsoft-Windows-DeviceSetupManager", "Computer": "DESKTOP-OFJ6N53", "TimeCreated": "2024-10-04 21:59:49.866587+00:00", "RecordID": "11286", "Level": "4", "UserID": "S-1-5-18", "EventData.Prop_ContainerId": "{C21F841F-9BEB-4FA9-B611-4B103D03F503}"}
{"EventID": "300", "Channel": "Microsoft-Windows-DeviceSetupManager/Operational", "Provider_Name": "Microsoft-Windows-DeviceSetupManager", "Computer": "DESKTOP-OFJ6N53", "TimeCreated": "2024-10-04 21:59:49.873665+00:00", "RecordID": "11287", "Level": "4", "UserID": "S-1-5-18", "EventData.Prop_ContainerId": "{C21F841F-9BEB-4FA9-B611-4B103D03F503}"}
{"EventID": "300", "Channel": "Microsoft-Windows-DeviceSetupManager/Operational", "Provider_Name": "Microsoft-Windows-DeviceSetupManager", "Computer": "DESKTOP-OFJ6N53", "TimeCreated": "2024-10-04 22:03:39.970711+00:00", "RecordID": "11288", "Level": "4", "UserID": "S-1-5-18", "EventData.Prop_ContainerId": "{32CD6D07-1C76-4894-B5DE-557A0F63A37D}"}
{"EventID": "300", "Channel": "Microsoft-Windows-DeviceSetupManager/Operational", "Provider_Name": "Microsoft-Windows-DeviceSetupManager", "Computer": "DESKTOP-OFJ6N53", "TimeCreated": "2024-10-04 22:03:46.718859+00:00", "RecordID": "11289", "Level": "4", "UserID": "S-1-5-18", "EventData.Prop_ContainerId": "{7EFCBE4E-A3A2-0C99-EC8F-27D6801A396F}"}
{"EventID": "300", "Channel": "Microsoft-Windows-DeviceSetupManager/Operational", "Provider_Name": "Microsoft-Windows-DeviceSetupManager", "Computer": "DESKTOP-OFJ6N53", "TimeCreated": "2024-10-04 22:03:54.594040+00:00", "RecordID": "11290", "Level": "4", "UserID": "S-1-5-18", "EventData.Prop_ContainerId": "{87934F3C-3C4B-0125-41A3-01E43ED1E9E4}"}
{"EventID": "300", "Channel": "Microsoft-Windows-DeviceSetupManager/Operational", "Provider_Name": "Microsoft-Windows-DeviceSetupManager", "Computer": "DESKTOP-OFJ6N53", "TimeCreated": "2024-10-04 22:03:59.214294+00:00", "RecordID": "11291", "Level": "4", "UserID": "S-1-5-18", "EventData.Prop_ContainerId": "{E9E3DDDD-BBD6-13FA-3639-1A7119D4058A}"}
{"EventID": "300", "Channel": "Microsoft-Windows-DeviceSetupManager/Operational", "Provider_Name": "Microsoft-Windows-DeviceSetupManager", "Computer": "DESKTOP-OFJ6N53", "TimeCreated": "2024-10-16 22:41:55.954189+00:00", "RecordID": "11292", "Level": "4", "UserID": "S-1-5-18", "EventData.Prop_ContainerId": "{00686DAF-19E8-411C-97DD-72EE52694541}"}
{"EventID": "300", "Channel": "Microsoft-Windows-DeviceSetupManager/Operational", "Provider_Name": "Microsoft-Windows-DeviceSetupManager", "Computer": "DESKTOP-OFJ6N53", "TimeCreated": "2024-10-16 22:42:10.988775+00:00", "RecordID": "11293", "Level": "4", "UserID": "S-1-5-18", "EventData.Prop_ContainerId": "{7EFCBE4E-A3A2-0C99-EC8F-27D6801A396F}"}
{"EventID": "300", "Channel": "Microsoft-Windows-DeviceSetupManager/Operational", "Provider_Name": "Microsoft-Windows-DeviceSetupManager", "Computer": "DESKTOP-OFJ6N53", "TimeCreated": "2024-10-17 17:54:20.826132+00:00", "RecordID": "11294", "Level": "4", "UserID": "S-1-5-18", "EventData.Prop_ContainerId": "{84734E91-090E-4A2E-AE7E-348878DBE78B}"}
{"EventID": "300", "Channel": "Microsoft-Windows-DeviceSetupManager/Operational", "Provider_Name": "Microsoft-Windows-DeviceSetupManager", "Computer": "DESKTOP-OFJ6N53", "TimeCreated": "2024-10-17 17:54:26.381742+00:00", "RecordID": "11295", "Level": "4", "UserID": "S-1-5-18", "EventData.Prop_ContainerId": "{7EFCBE4E-A3A2-0C99-EC8F-27D6801A396F}"}
{"EventID": "300", "Channel": "Microsoft-Windows-DeviceSetupManager/Operational", "Provider_Name": "Microsoft-Windows-DeviceSetupManager", "Computer": "DESKTOP-OFJ6N53", "TimeCreated": "2024-10-17 18:03:07.755125+00:00", "RecordID": "11296", "Level": "4", "UserID": "S-1-5-18", "EventData.Prop_ContainerId": "{09FFC741-1A49-4474-B73E-AE1E4853538D}"}
{"EventID": "300", "Channel": "Microsoft-Windows-DeviceSetupManager/Operational", "Provider_Name": "Microsoft-Windows-DeviceSetupManager", "Computer": "DESKTOP-OFJ6N53", "TimeCreated": "2024-10-17 18:03:21.199152+00:00", "RecordID": "11297", "Level": "4", "UserID": "S-1-5-18", "EventData.Prop_ContainerId": "{7EFCBE4E-A3A2-0C99-EC8F-27D6801A396F}"}
{"EventID": "300", "Channel": "Microsoft-Windows-DeviceSetupManager/Operational", "Provider_Name": "Microsoft-Windows-DeviceSetupManager", "Computer": "DESKTOP-OFJ6N53", "TimeCreated": "2024-10-18 08:18:52.216084+00:00", "RecordID": "11298", "Level": "4", "UserID": "S-1-5-18", "EventData.Prop_ContainerId": "{7C52844D-D89E-421F-82FD-C07D381CB816}"}
{"EventID": "300", "Channel": "Microsoft-Windows-DeviceSetupManager/Operational", "Provider_Name": "Microsoft-Windows-DeviceSetupManager", "Computer": "DESKTOP-OFJ6N53", "TimeCreated": "2024-10-18 08:19:01.210962+00:00", "RecordID": "11299", "Level": "4", "UserID": "S-1-5-18", "EventData.Prop_ContainerId": "{7EFCBE4E-A3A2-0C99-EC8F-27D6801A396F}"}
{"EventID": "300", "Channel": "Microsoft-Windows-DeviceSetupManager/Operational", "Provider_Name": "Microsoft-Windows-DeviceSetupManager", "Computer": "DESKTOP-OFJ6N53", "TimeCreated": "2024-10-18 09:03:45.474037+00:00", "RecordID": "11300", "Level": "4", "UserID": "S-1-5-18", "EventData.Prop_ContainerId": "{A0F35FC3-DD7A-42BB-AE88-43F1321F4C82}"}
{"EventID": "300", "Channel": "Microsoft-Windows-DeviceSetupManager/Operational", "Provider_Name": "Microsoft-Windows-DeviceSetupManager", "Computer": "DESKTOP-OFJ6N53", "TimeCreated": "2024-10-20 21:47:11.718622+00:00", "RecordID": "11301", "Level": "4", "UserID": "S-1-5-18", "EventData.Prop_ContainerId": "{BEC3C2A2-D3D2-430B-92B3-43AFD82549BC}"}
{"EventID": "300", "Channel": "Microsoft-Windows-DeviceSetupManager/Operational", "Provider_Name": "Microsoft-Windows-DeviceSetupManager", "Computer": "DESKTOP-OFJ6N53", "TimeCreated": "2024-10-20 21:47:23.726784+00:00", "RecordID": "11302", "Level": "4", "UserID": "S-1-5-18", "EventData.Prop_ContainerId": "{7EFCBE4E-A3A2-0C99-EC8F-27D6801A396F}"}
{"EventID": "300", "Channel": "Microsoft-Windows-DeviceSetupManager/Operational", "Provider_Name": "Microsoft-Windows-DeviceSetupManager", "Computer": "DESKTOP-OFJ6N53", "TimeCreated": "2024-10-24 02:59:25.452776+00:00", "RecordID": "11303", "Level": "4", "UserID": "S-1-5-18", "EventData.Prop_ContainerId": "{AA1FD346-6F7B-44D3-9738-BB76A60B6A0B}"}
{"EventID": "300", "Channel": "Microsoft-Windows-DeviceSetupManager/Operational", "Provider_Name": "Microsoft-Windows-DeviceSetupManager", "Computer": "DESKTOP-OFJ6N53", "TimeCreated": "2024-10-24 02:59:35.470699+00:00", "RecordID": "11304", "Level": "4", "UserID": "S-1-5-18", "EventData.Prop_ContainerId": "{7EFCBE4E-A3A2-0C99-EC8F-27D6801A396F}"}
{"EventID": "300", "Channel": "Microsoft-Windows-DeviceSetupManager/Operational", "Provider_Name": "Microsoft-Windows-DeviceSetupManager", "Computer": "DESKTOP-OFJ6N53", "TimeCreated": "2024-10-24 10:33:42.069954+00:00", "RecordID": "11305", "Level": "4", "UserID": "S-1-5-18", "EventData.Prop_ContainerId": "{3FBAC770-481C-4860-A720-01D7515FB46B}"}
{"EventID": "300", "Channel": "Microsoft-Windows-DeviceSetupManager/Operational", "Provider_Name": "Microsoft-Windows-DeviceSetupManager", "Computer": "DESKTOP-OFJ6N53", "TimeCreated": "2024-10-24 10:33:57.898544+00:00", "RecordID": "11306", "Level": "4", "UserID": "S-1-5-18", "EventData.Prop_ContainerId": "{7EFCBE4E-A3A2-0C99-EC8F-27D6801A396F}"}
{"EventID": "300", "Channel": "Microsoft-Windows-DeviceSetupManager/Operational", "Provider_Name": "Microsoft-Windows-DeviceSetupManager", "Computer": "DESKTOP-OFJ6N53", "TimeCreated": "2024-10-24 22:45:46.148285+00:00", "RecordID": "11307", "Level": "4", "UserID": "S-1-5-18", "EventData.Prop_ContainerId": "{5615F5A5-CB3F-44F6-94F4-571650A98EEF}"}
{"EventID": "300", "Channel": "Microsoft-Windows-DeviceSetupManager/Operational", "Provider_Name": "Microsoft-Windows-DeviceSetupManager", "Computer": "DESKTOP-OFJ6N53", "TimeCreated": "2024-10-24 22:45:56.879822+00:00", "RecordID": "11308", "Level": "4", "UserID": "S-1-5-18", "EventData.Prop_ContainerId": "{7EFCBE4E-A3A2-0C99-EC8F-27D6801A396F}"}
{"EventID": "300", "Channel": "Microsoft-Windows-DeviceSetupManager/Operational", "Provider_Name": "Microsoft-Windows-DeviceSetupManager", "Computer": "DESKTOP-OFJ6N53", "TimeCreated": "2024-10-31 14:20:55.463467+00:00", "RecordID": "11309", "Level": "4", "UserID": "S-1-5-18", "EventData.Prop_ContainerId": "{7998BCC3-7EBA-4300-8BEB-B1743B3B0B04}"}
{"EventID": "300", "Channel": "Microsoft-Windows-DeviceSetupManager/Operational", "Provider_Name": "Microsoft-Windows-DeviceSetupManager", "Computer": "DESKTOP-OFJ6N53", "TimeCreated": "2024-10-31 14:21:10.237396+00:00", "RecordID": "11310", "Level": "4", "UserID": "S-1-5-18", "EventData.Prop_ContainerId": "{7EFCBE4E-A3A2-0C99-EC8F-27D6801A396F}"}
{"EventID": "300", "Channel": "Microsoft-Windows-DeviceSetupManager/Operational", "Provider_Name": "Microsoft-Windows-DeviceSetupManager", "Computer": "DESKTOP-OFJ6N53", "TimeCreated": "2024-11-01 00:37:26.107038+00:00", "RecordID": "11311", "Level": "4", "UserID": "S-1-5-18", "EventData.Prop_ContainerId": "{ED862085-C21D-4B87-BFB2-9AB0E290368C}"}
{"EventID": "300", "Channel": "Microsoft-Windows-DeviceSetupManager/Operational", "Provider_Name": "Microsoft-Windows-DeviceSetupManager", "Computer": "DESKTOP-OFJ6N53", "TimeCreated": "2024-11-01 00:37:37.887018+00:00", "RecordID": "11312", "Level": "4", "UserID": "S-1-5-18", "EventData.Prop_ContainerId": "{7EFCBE4E-A3A2-0C99-EC8F-27D6801A396F}"}
{"EventID": "300", "Channel": "Microsoft-Windows-DeviceSetupManager/Operational", "Provider_Name": "Microsoft-Windows-DeviceSetupManager", "Computer": "DESKTOP-OFJ6N53", "TimeCreated": "2024-11-01 00:38:52.584679+00:00", "RecordID": "11313", "Level": "4", "UserID": "S-1-5-18", "EventData.Prop_ContainerId": "{BB430ACE-5A86-42E4-BDB7-8C99B802DE9F}"}
{"EventID": "300", "Channel": "Microsoft-Windows-DeviceSetupManager/Operational", "Provider_Name": "Microsoft-Windows-DeviceSetupManager", "Computer": "DESKTOP-OFJ6N53", "TimeCreated": "2024-11-01 00:38:53.865698+00:00", "RecordID": "11314", "Level": "4", "UserID": "S-1-5-18", "EventData.Prop_ContainerId": "{7EFCBE4E-A3A2-0C99-EC8F-27D6801A396F}"}
{"EventID": "300", "Channel": "Microsoft-Windows-DeviceSetupManager/Operational", "Provider_Name": "Microsoft-Windows-DeviceSetupManager", "Computer": "DESKTOP-OFJ6N53", "TimeCreated": "2024-11-01 00:38:53.868118+00:00", "RecordID": "11315", "Level": "4", "UserID": "S-1-5-18", "EventData.Prop_ContainerId": "{7EFCBE4E-A3A2-0C99-EC8F-27D6801A396F}"}
{"EventID": "300", "Channel": "Microsoft-Windows-DeviceSetupManager/Operational", "Provider_Name": "Microsoft-Windows-DeviceSetupManager", "Computer": "DESKTOP-OFJ6N53", "TimeCreated": "2024-11-01 00:39:04.256615+00:00", "RecordID": "11316", "Level": "4", "UserID": "S-1-5-18", "EventData.Prop_ContainerId": "{87934F3C-3C4B-0125-41A3-01E43ED1E9E4}"}
{"EventID": "300", "Channel": "Microsoft-Windows-DeviceSetupManager/Operational", "Provider_Name": "Microsoft-Windows-DeviceSetupManager", "Computer": "DESKTOP-OFJ6N53", "TimeCreated": "2024-11-01 00:39:05.340315+00:00", "RecordID": "11317", "Level": "4", "UserID": "S-1-5-18", "EventData.Prop_ContainerId": "{E9E3DDDD-BBD6-13FA-3639-1A7119D4058A}"}
{"EventID": "300", "Channel": "Microsoft-Windows-DeviceSetupManager/Operational", "Provider_Name": "Microsoft-Windows-DeviceSetupManager", "Computer": "DESKTOP-OFJ6N53", "TimeCreated": "2024-11-02 12:46:45.588213+00:00", "RecordID": "11318", "Level": "4", "UserID": "S-1-5-18", "EventData.Prop_ContainerId": "{D238945A-4BF0-463E-9123-E8B4D032B867}"}
{"EventID": "300", "Channel": "Microsoft-Windows-DeviceSetupManager/Operational", "Provider_Name": "Microsoft-Windows-DeviceSetupManager", "Computer": "DESKTOP-OFJ6N53", "TimeCreated": "2024-11-02 12:47:06.757318+00:00", "RecordID": "11319", "Level": "4", "UserID": "S-1-5-18", "EventData.Prop_ContainerId": "{7EFCBE4E-A3A2-0C99-EC8F-27D6801A396F}"}
{"EventID": "300", "Channel": "Microsoft-Windows-DeviceSetupManager/Operational", "Provider_Name": "Microsoft-Windows-DeviceSetupManager", "Computer": "DESKTOP-OFJ6N53", "TimeCreated": "2024-11-02 23:18:36.172066+00:00", "RecordID": "11320", "Level": "4", "UserID": "S-1-5-18", "EventData.Prop_ContainerId": "{36410425-AE35-4C80-956E-2A7E405DDE8D}"}
{"EventID": "300", "Channel": "Microsoft-Windows-DeviceSetupManager/Operational", "Provider_Name": "Microsoft-Windows-DeviceSetupManager", "Computer": "DESKTOP-OFJ6N53", "TimeCreated": "2024-11-02 23:18:48.645168+00:00", "RecordID": "11321", "Level": "4", "UserID": "S-1-5-18", "EventData.Prop_ContainerId": "{7EFCBE4E-A3A2-0C99-EC8F-27D6801A396F}"}
{"EventID": "300", "Channel": "Microsoft-Windows-DeviceSetupManager/Operational", "Provider_Name": "Microsoft-Windows-DeviceSetupManager", "Computer": "DESKTOP-OFJ6N53", "TimeCreated": "2024-11-02 23:19:21.321243+00:00", "RecordID": "11322", "Level": "4", "UserID": "S-1-5-18", "EventData.Prop_ContainerId": "{9083875E-1AD7-4587-B0B0-FEA0880496C4}"}
{"EventID": "300", "Channel": "Microsoft-Windows-DeviceSetupManager/Operational", "Provider_Name": "Microsoft-Windows-DeviceSetupManager", "Computer": "DESKTOP-OFJ6N53", "TimeCreated": "2024-11-02 23:19:39.658588+00:00", "RecordID": "11323", "Level": "4", "UserID": "S-1-5-18", "EventData.Prop_ContainerId": "{50590D8D-5FB0-49D0-8599-166E0B978E7B}"}
{"EventID": "300", "Channel": "Microsoft-Windows-DeviceSetupManager/Operational", "Provider_Name": "Microsoft-Windows-DeviceSetupManager", "Computer": "DESKTOP-OFJ6N53", "TimeCreated": "2024-11-02 23:19:51.981762+00:00", "RecordID": "11324", "Level": "4", "UserID": "S-1-5-18", "EventData.Prop_ContainerId": "{7EFCBE4E-A3A2-0C99-EC8F-27D6801A396F}"}
{"EventID": "300", "Channel": "Microsoft-Windows-DeviceSetupManager/Operational", "Provider_Name": "Microsoft-Windows-DeviceSetupManager", "Computer": "DESKTOP-OFJ6N53", "TimeCreated": "2024-11-18 12:13:08.083769+00:00", "RecordID": "11325", "Level": "4", "UserID": "S-1-5-18", "EventData.Prop_ContainerId": "{9BC086A9-3E04-A400-C49E-463AE22C1EC0}"}
{"EventID": "300", "Channel": "Microsoft-Windows-DeviceSetupManager/Operational", "Provider_Name": "Microsoft-Windows-DeviceSetupManager", "Computer": "DESKTOP-OFJ6N53", "TimeCreated": "2024-11-20 13:45:31.292191+00:00", "RecordID": "11326", "Level": "4", "UserID": "S-1-5-18", "EventData.Prop_ContainerId": "{DA5B34A0-709E-4757-8D4B-340E5E5973B9}"}
{"EventID": "300", "Channel": "Microsoft-Windows-DeviceSetupManager/Operational", "Provider_Name": "Microsoft-Windows-DeviceSetupManager", "Computer": "DESKTOP-OFJ6N53", "TimeCreated": "2024-11-20 13:45:49.584045+00:00", "RecordID": "11327", "Level": "4", "UserID": "S-1-5-18", "EventData.Prop_ContainerId": "{7EFCBE4E-A3A2-0C99-EC8F-27D6801A396F}"}
{"EventID": "300", "Channel": "Microsoft-Windows-DeviceSetupManager/Operational", "Provider_Name": "Microsoft-Windows-DeviceSetupManager", "Computer": "DESKTOP-OFJ6N53", "TimeCreated": "2024-11-20 14:02:32.203894+00:00", "RecordID": "11328", "Level": "4", "UserID": "S-1-5-18", "EventData.Prop_ContainerId": "{F0172E26-AAFE-4541-A4F1-C1C741820042}"}
{"EventID": "300", "Channel": "Microsoft-Windows-DeviceSetupManager/Operational", "Provider_Name": "Microsoft-Windows-DeviceSetupManager", "Computer": "DESKTOP-OFJ6N53", "TimeCreated": "2024-11-20 14:02:48.364651+00:00", "RecordID": "11329", "Level": "4", "UserID": "S-1-5-18", "EventData.Prop_ContainerId": "{7EFCBE4E-A3A2-0C99-EC8F-27D6801A396F}"}
{"EventID": "300", "Channel": "Microsoft-Windows-DeviceSetupManager/Operational", "Provider_Name": "Microsoft-Windows-DeviceSetupManager", "Computer": "DESKTOP-OFJ6N53", "TimeCreated": "2024-11-20 14:53:28.186295+00:00", "RecordID": "11330", "Level": "4", "UserID": "S-1-5-18", "EventData.Prop_ContainerId": "{0D848F58-D696-4F91-AD90-F0D9836C84CD}"}
{"EventID": "300", "Channel": "Microsoft-Windows-DeviceSetupManager/Operational", "Provider_Name": "Microsoft-Windows-DeviceSetupManager", "Computer": "DESKTOP-OFJ6N53", "TimeCreated": "2024-11-20 14:53:34.841536+00:00", "RecordID": "11331", "Level": "4", "UserID": "S-1-5-18", "EventData.Prop_ContainerId": "{7EFCBE4E-A3A2-0C99-EC8F-27D6801A396F}"}
{"EventID": "300", "Channel": "Microsoft-Windows-DeviceSetupManager/Operational", "Provider_Name": "Microsoft-Windows-DeviceSetupManager", "Computer": "DESKTOP-OFJ6N53", "TimeCreated": "2024-11-21 07:12:38.606697+00:00", "RecordID": "11332", "Level": "4", "UserID": "S-1-5-18", "EventData.Prop_ContainerId": "{429AE33A-B441-454A-AC5D-BB8667259C28}"}
{"EventID": "300", "Channel": "Microsoft-Windows-DeviceSetupManager/Operational", "Provider_Name": "Microsoft-Windows-DeviceSetupManager", "Computer": "DESKTOP-OFJ6N53", "TimeCreated": "2024-11-21 07:12:51.427944+00:00", "RecordID": "11333", "Level": "4", "UserID": "S-1-5-18", "EventData.Prop_ContainerId": "{7EFCBE4E-A3A2-0C99-EC8F-27D6801A396F}"}
{"EventID": "300", "Channel": "Microsoft-Windows-DeviceSetupManager/Operational", "Provider_Name": "Microsoft-Windows-DeviceSetupManager", "Computer": "DESKTOP-OFJ6N53", "TimeCreated": "2024-11-27 12:52:38.927635+00:00", "RecordID": "11334", "Level": "4", "UserID": "S-1-5-18", "EventData.Prop_ContainerId": "{0791B78B-2B44-47EF-9850-5FFC6109AE6D}"}
{"EventID": "300", "Channel": "Microsoft-Windows-DeviceSetupManager/Operational", "Provider_Name": "Microsoft-Windows-DeviceSetupManager", "Computer": "DESKTOP-OFJ6N53", "TimeCreated": "2024-11-27 12:52:49.453615+00:00", "RecordID": "11335", "Level": "4", "UserID": "S-1-5-18", "EventData.Prop_ContainerId": "{7EFCBE4E-A3A2-0C99-EC8F-27D6801A396F}"}
{"EventID": "300", "Channel": "Microsoft-Windows-DeviceSetupManager/Operational", "Provider_Name": "Microsoft-Windows-DeviceSetupManager", "Computer": "DESKTOP-OFJ6N53", "TimeCreated": "2024-11-27 13:54:38.932283+00:00", "RecordID": "11336", "Level": "4", "UserID": "S-1-5-18", "EventData.Prop_ContainerId": "{98C7165F-AFCE-4918-B617-55D6B5E92BE2}"}
{"EventID": "300", "Channel": "Microsoft-Windows-DeviceSetupManager/Operational", "Provider_Name": "Microsoft-Windows-DeviceSetupManager", "Computer": "DESKTOP-OFJ6N53", "TimeCreated": "2024-11-27 13:54:52.024311+00:00", "RecordID": "11337", "Level": "4", "UserID": "S-1-5-18", "EventData.Prop_ContainerId": "{7EFCBE4E-A3A2-0C99-EC8F-27D6801A396F}"}
{"EventID": "300", "Channel": "Microsoft-Windows-DeviceSetupManager/Operational", "Provider_Name": "Microsoft-Windows-DeviceSetupManager", "Computer": "DESKTOP-OFJ6N53", "TimeCreated": "2024-11-28 08:18:12.927393+00:00", "RecordID": "11338", "Level": "4", "UserID": "S-1-5-18", "EventData.Prop_ContainerId": "{CC46A6D8-54CA-4417-A1F8-F1A05E012DC9}"}
{"EventID": "300", "Channel": "Microsoft-Windows-DeviceSetupManager/Operational", "Provider_Name": "Microsoft-Windows-DeviceSetupManager", "Computer": "DESKTOP-OFJ6N53", "TimeCreated": "2024-11-28 08:19:03.548569+00:00", "RecordID": "11339", "Level": "4", "UserID": "S-1-5-18", "EventData.Prop_ContainerId": "{7EFCBE4E-A3A2-0C99-EC8F-27D6801A396F}"}
{"EventID": "300", "Channel": "Microsoft-Windows-DeviceSetupManager/Operational", "Provider_Name": "Microsoft-Windows-DeviceSetupManager", "Computer": "DESKTOP-OFJ6N53", "TimeCreated": "2024-11-28 10:02:25.944025+00:00", "RecordID": "11340", "Level": "4", "UserID": "S-1-5-18", "EventData.Prop_ContainerId": "{9B783725-C85B-4353-B0B3-855116E504EA}"}
{"EventID": "300", "Channel": "Microsoft-Windows-DeviceSetupManager/Operational", "Provider_Name": "Microsoft-Windows-DeviceSetupManager", "Computer": "DESKTOP-OFJ6N53", "TimeCreated": "2024-11-28 10:02:39.781870+00:00", "RecordID": "11341", "Level": "4", "UserID": "S-1-5-18", "EventData.Prop_ContainerId": "{7EFCBE4E-A3A2-0C99-EC8F-27D6801A396F}"}
{"EventID": "300", "Channel": "Microsoft-Windows-DeviceSetupManager/Operational", "Provider_Name": "Microsoft-Windows-DeviceSetupManager", "Computer": "DESKTOP-OFJ6N53", "TimeCreated": "2024-11-28 17:57:05.179190+00:00", "RecordID": "11342", "Level": "4", "UserID": "S-1-5-18", "EventData.Prop_ContainerId": "{541C654F-A275-4765-A13F-9D3BC7881A2D}"}
{"EventID": "300", "Channel": "Microsoft-Windows-DeviceSetupManager/Operational", "Provider_Name": "Microsoft-Windows-DeviceSetupManager", "Computer": "DESKTOP-OFJ6N53", "TimeCreated": "2024-11-28 17:57:21.176083+00:00", "RecordID": "11343", "Level": "4", "UserID": "S-1-5-18", "EventData.Prop_ContainerId": "{7EFCBE4E-A3A2-0C99-EC8F-27D6801A396F}"}
{"EventID": "300", "Channel": "Microsoft-Windows-DeviceSetupManager/Operational", "Provider_Name": "Microsoft-Windows-DeviceSetupManager", "Computer": "DESKTOP-OFJ6N53", "TimeCreated": "2024-11-29 00:42:38.402020+00:00", "RecordID": "11344", "Level": "4", "UserID": "S-1-5-18", "EventData.Prop_ContainerId": "{2BF1AB24-F4EE-4CC9-BAE3-963A5C7B8DD3}"}
{"EventID": "300", "Channel": "Microsoft-Windows-DeviceSetupManager/Operational", "Provider_Name": "Microsoft-Windows-DeviceSetupManager", "Computer": "DESKTOP-OFJ6N53", "TimeCreated": "2024-11-29 00:42:46.754272+00:00", "RecordID": "11345", "Level": "4", "UserID": "S-1-5-18", "EventData.Prop_ContainerId": "{7EFCBE4E-A3A2-0C99-EC8F-27D6801A396F}"}
{"EventID": "300", "Channel": "Microsoft-Windows-DeviceSetupManager/Operational", "Provider_Name": "Microsoft-Windows-DeviceSetupManager", "Computer": "DESKTOP-OFJ6N53", "TimeCreated": "2024-12-02 14:21:58.620411+00:00", "RecordID": "11346", "Level": "4", "UserID": "S-1-5-18", "EventData.Prop_ContainerId": "{2B5C4F3E-9F34-4865-8397-7AD1DE471187}"}
{"EventID": "300", "Channel": "Microsoft-Windows-DeviceSetupManager/Operational", "Provider_Name": "Microsoft-Windows-DeviceSetupManager", "Computer": "DESKTOP-OFJ6N53", "TimeCreated": "2024-12-02 14:22:09.576677+00:00", "RecordID": "11347", "Level": "4", "UserID": "S-1-5-18", "EventData.Prop_ContainerId": "{7EFCBE4E-A3A2-0C99-EC8F-27D6801A396F}"}
{"EventID": "300", "Channel": "Microsoft-Windows-DeviceSetupManager/Operational", "Provider_Name": "Microsoft-Windows-DeviceSetupManager", "Computer": "DESKTOP-OFJ6N53", "TimeCreated": "2024-12-03 08:05:51.977827+00:00", "RecordID": "11348", "Level": "4", "UserID": "S-1-5-18", "EventData.Prop_ContainerId": "{31FCA737-4D40-43CB-85C7-B5A15FE20730}"}
{"EventID": "300", "Channel": "Microsoft-Windows-DeviceSetupManager/Operational", "Provider_Name": "Microsoft-Windows-DeviceSetupManager", "Computer": "DESKTOP-OFJ6N53", "TimeCreated": "2024-12-03 08:05:58.940844+00:00", "RecordID": "11349", "Level": "4", "UserID": "S-1-5-18", "EventData.Prop_ContainerId": "{7EFCBE4E-A3A2-0C99-EC8F-27D6801A396F}"}
{"EventID": "300", "Channel": "Microsoft-Windows-DeviceSetupManager/Operational", "Provider_Name": "Microsoft-Windows-DeviceSetupManager", "Computer": "DESKTOP-OFJ6N53", "TimeCreated": "2024-12-03 11:35:36.212246+00:00", "RecordID": "11350", "Level": "4", "UserID": "S-1-5-18", "EventData.Prop_ContainerId": "{FD0F0D3B-71E8-4A06-B2FA-CD5BBB2E6FFB}"}
{"EventID": "300", "Channel": "Microsoft-Windows-DeviceSetupManager/Operational", "Provider_Name": "Microsoft-Windows-DeviceSetupManager", "Computer": "DESKTOP-OFJ6N53", "TimeCreated": "2024-12-03 11:35:45.109571+00:00", "RecordID": "11351", "Level": "4", "UserID": "S-1-5-18", "EventData.Prop_ContainerId": "{7EFCBE4E-A3A2-0C99-EC8F-27D6801A396F}"}
{"EventID": "300", "Channel": "Microsoft-Windows-DeviceSetupManager/Operational", "Provider_Name": "Microsoft-Windows-DeviceSetupManager", "Computer": "DESKTOP-OFJ6N53", "TimeCreated": "2024-12-06 09:31:40.838034+00:00", "RecordID": "11352", "Level": "4", "UserID": "S-1-5-18", "EventData.Prop_ContainerId": "{6D60628D-4838-4F68-B8E8-094F9ED33542}"}
{"EventID": "300", "Channel": "Microsoft-Windows-DeviceSetupManager/Operational", "Provider_Name": "Microsoft-Windows-DeviceSetupManager", "Computer": "DESKTOP-OFJ6N53", "TimeCreated": "2024-12-06 09:32:02.998274+00:00", "RecordID": "11353", "Level": "4", "UserID": "S-1-5-18", "EventData.Prop_ContainerId": "{7EFCBE4E-A3A2-0C99-EC8F-27D6801A396F}"}
{"EventID": "300", "Channel": "Microsoft-Windows-DeviceSetupManager/Operational", "Provider_Name": "Microsoft-Windows-DeviceSetupManager", "Computer": "DESKTOP-OFJ6N53", "TimeCreated": "2024-12-06 10:12:25.698631+00:00", "RecordID": "11354", "Level": "4", "UserID": "S-1-5-18", "EventData.Prop_ContainerId": "{9F482B1B-BEE2-42B6-B888-9B3C5503DE9B}"}
{"EventID": "300", "Channel": "Microsoft-Windows-DeviceSetupManager/Operational", "Provider_Name": "Microsoft-Windows-DeviceSetupManager", "Computer": "DESKTOP-OFJ6N53", "TimeCreated": "2024-12-06 17:45:25.103315+00:00", "RecordID": "11355", "Level": "4", "UserID": "S-1-5-18", "EventData.Prop_ContainerId": "{6DB80EF0-33EC-43C6-870E-55F0965A750D}"}
{"EventID": "300", "Channel": "Microsoft-Windows-DeviceSetupManager/Operational", "Provider_Name": "Microsoft-Windows-DeviceSetupManager", "Computer": "DESKTOP-OFJ6N53", "TimeCreated": "2024-12-07 15:02:17.858137+00:00", "RecordID": "11356", "Level": "4", "UserID": "S-1-5-18", "EventData.Prop_ContainerId": "{1A63367E-CE3B-408C-B366-9689BAB42A8B}"}
{"EventID": "300", "Channel": "Microsoft-Windows-DeviceSetupManager/Operational", "Provider_Name": "Microsoft-Windows-DeviceSetupManager", "Computer": "DESKTOP-OFJ6N53", "TimeCreated": "2024-12-07 15:02:49.903597+00:00", "RecordID": "11357", "Level": "4", "UserID": "S-1-5-18", "EventData.Prop_ContainerId": "{7EFCBE4E-A3A2-0C99-EC8F-27D6801A396F}"}
{"EventID": "300", "Channel": "Microsoft-Windows-DeviceSetupManager/Operational", "Provider_Name": "Microsoft-Windows-DeviceSetupManager", "Computer": "DESKTOP-OFJ6N53", "TimeCreated": "2024-12-07 16:03:25.131804+00:00", "RecordID": "11358", "Level": "4", "UserID": "S-1-5-18", "EventData.Prop_ContainerId": "{FCCBBDAE-A2D7-4DF7-8BD8-6A5DF7ABC48A}"}
{"EventID": "300", "Channel": "Microsoft-Windows-DeviceSetupManager/Operational", "Provider_Name": "Microsoft-Windows-DeviceSetupManager", "Computer": "DESKTOP-OFJ6N53", "TimeCreated": "2024-12-07 16:03:43.208847+00:00", "RecordID": "11359", "Level": "4", "UserID": "S-1-5-18", "EventData.Prop_ContainerId": "{7EFCBE4E-A3A2-0C99-EC8F-27D6801A396F}"}
{"EventID": "300", "Channel": "Microsoft-Windows-DeviceSetupManager/Operational", "Provider_Name": "Microsoft-Windows-DeviceSetupManager", "Computer": "DESKTOP-OFJ6N53", "TimeCreated": "2024-12-08 14:07:05.515276+00:00", "RecordID": "11360", "Level": "4", "UserID": "S-1-5-18", "EventData.Prop_ContainerId": "{51CA6B0A-078D-478F-A2EB-FF90CAF9B514}"}
{"EventID": "300", "Channel": "Microsoft-Windows-DeviceSetupManager/Operational", "Provider_Name": "Microsoft-Windows-DeviceSetupManager", "Computer": "DESKTOP-OFJ6N53", "TimeCreated": "2024-12-08 14:07:15.995104+00:00", "RecordID": "11361", "Level": "4", "UserID": "S-1-5-18", "EventData.Prop_ContainerId": "{7EFCBE4E-A3A2-0C99-EC8F-27D6801A396F}"}
{"EventID": "300", "Channel": "Microsoft-Windows-DeviceSetupManager/Operational", "Provider_Name": "Microsoft-Windows-DeviceSetupManager", "Computer": "DESKTOP-OFJ6N53", "TimeCreated": "2024-12-08 14:07:36.133123+00:00", "RecordID": "11362", "Level": "4", "UserID": "S-1-5-18", "EventData.Prop_ContainerId": "{8EC89321-BFFB-4229-B838-8D2153D92C4D}"}
{"EventID": "300", "Channel": "Microsoft-Windows-DeviceSetupManager/Operational", "Provider_Name": "Microsoft-Windows-DeviceSetupManager", "Computer": "DESKTOP-OFJ6N53", "TimeCreated": "2024-12-08 14:07:52.094604+00:00", "RecordID": "11363", "Level": "4", "UserID": "S-1-5-18", "EventData.Prop_ContainerId": "{7EFCBE4E-A3A2-0C99-EC8F-27D6801A396F}"}
{"EventID": "300", "Channel": "Microsoft-Windows-DeviceSetupManager/Operational", "Provider_Name": "Microsoft-Windows-DeviceSetupManager", "Computer": "DESKTOP-OFJ6N53", "TimeCreated": "2024-12-09 10:51:13.865908+00:00", "RecordID": "11364", "Level": "4", "UserID": "S-1-5-18", "EventData.Prop_ContainerId": "{9E9CACAA-AC5E-45AB-B24D-B3C7F4E889E2}"}
{"EventID": "300", "Channel": "Microsoft-Windows-DeviceSetupManager/Operational", "Provider_Name": "Microsoft-Windows-DeviceSetupManager", "Computer": "DESKTOP-OFJ6N53", "TimeCreated": "2024-12-09 10:51:24.116989+00:00", "RecordID": "11365", "Level": "4", "UserID": "S-1-5-18", "EventData.Prop_ContainerId": "{7EFCBE4E-A3A2-0C99-EC8F-27D6801A396F}"}
{"EventID": "300", "Channel": "Microsoft-Windows-DeviceSetupManager/Operational", "Provider_Name": "Microsoft-Windows-DeviceSetupManager", "Computer": "DESKTOP-OFJ6N53", "TimeCreated": "2024-12-09 22:33:04.984251+00:00", "RecordID": "11366", "Level": "4", "UserID": "S-1-5-18", "EventData.Prop_ContainerId": "{564A5760-A93E-4300-8493-1B7BBF4A7267}"}
{"EventID": "300", "Channel": "Microsoft-Windows-DeviceSetupManager/Operational", "Provider_Name": "Microsoft-Windows-DeviceSetupManager", "Computer": "DESKTOP-OFJ6N53", "TimeCreated": "2024-12-09 22:33:12.484318+00:00", "RecordID": "11367", "Level": "4", "UserID": "S-1-5-18", "EventData.Prop_ContainerId": "{7EFCBE4E-A3A2-0C99-EC8F-27D6801A396F}"}
{"EventID": "300", "Channel": "Microsoft-Windows-DeviceSetupManager/Operational", "Provider_Name": "Microsoft-Windows-DeviceSetupManager", "Computer": "DESKTOP-OFJ6N53", "TimeCreated": "2024-12-10 09:56:49.214869+00:00", "RecordID": "11368", "Level": "4", "UserID": "S-1-5-18", "EventData.Prop_ContainerId": "{72C7E72B-6E55-42ED-8F64-5E34A40FF067}"}
{"EventID": "300", "Channel": "Microsoft-Windows-DeviceSetupManager/Operational", "Provider_Name": "Microsoft-Windows-DeviceSetupManager", "Computer": "DESKTOP-OFJ6N53", "TimeCreated": "2024-12-10 09:57:02.547295+00:00", "RecordID": "11369", "Level": "4", "UserID": "S-1-5-18", "EventData.Prop_ContainerId": "{7EFCBE4E-A3A2-0C99-EC8F-27D6801A396F}"}
{"EventID": "300", "Channel": "Microsoft-Windows-DeviceSetupManager/Operational", "Provider_Name": "Microsoft-Windows-DeviceSetupManager", "Computer": "DESKTOP-OFJ6N53", "TimeCreated": "2024-12-10 16:18:43.657221+00:00", "RecordID": "11370", "Level": "4", "UserID": "S-1-5-18", "EventData.Prop_ContainerId": "{F870AF5C-30C2-4CA6-B394-D004960D362C}"}
{"EventID": "300", "Channel": "Microsoft-Windows-DeviceSetupManager/Operational", "Provider_Name": "Microsoft-Windows-DeviceSetupManager", "Computer": "DESKTOP-OFJ6N53", "TimeCreated": "2024-12-10 16:18:57.201199+00:00", "RecordID": "11371", "Level": "4", "UserID": "S-1-5-18", "EventData.Prop_ContainerId": "{7EFCBE4E-A3A2-0C99-EC8F-27D6801A396F}"}
{"EventID": "300", "Channel": "Microsoft-Windows-DeviceSetupManager/Operational", "Provider_Name": "Microsoft-Windows-DeviceSetupManager", "Computer": "DESKTOP-OFJ6N53", "TimeCreated": "2024-12-10 20:46:59.347725+00:00", "RecordID": "11372", "Level": "4", "UserID": "S-1-5-18", "EventData.Prop_ContainerId": "{9E1F96E6-C2E4-4F0E-B369-6923694F59C3}"}
{"EventID": "300", "Channel": "Microsoft-Windows-DeviceSetupManager/Operational", "Provider_Name": "Microsoft-Windows-DeviceSetupManager", "Computer": "DESKTOP-OFJ6N53", "TimeCreated": "2024-12-10 20:47:23.179070+00:00", "RecordID": "11373", "Level": "4", "UserID": "S-1-5-18", "EventData.Prop_ContainerId": "{7EFCBE4E-A3A2-0C99-EC8F-27D6801A396F}"}
{"EventID": "300", "Channel": "Microsoft-Windows-DeviceSetupManager/Operational", "Provider_Name": "Microsoft-Windows-DeviceSetupManager", "Computer": "DESKTOP-OFJ6N53", "TimeCreated": "2024-12-11 14:17:28.323278+00:00", "RecordID": "11374", "Level": "4", "UserID": "S-1-5-18", "EventData.Prop_ContainerId": "{B72428EC-C080-4343-91FE-2615E597CAF4}"}
{"EventID": "300", "Channel": "Microsoft-Windows-DeviceSetupManager/Operational", "Provider_Name": "Microsoft-Windows-DeviceSetupManager", "Computer": "DESKTOP-OFJ6N53", "TimeCreated": "2024-12-11 14:17:35.560310+00:00", "RecordID": "11375", "Level": "4", "UserID": "S-1-5-18", "EventData.Prop_ContainerId": "{7EFCBE4E-A3A2-0C99-EC8F-27D6801A396F}"}
{"EventID": "300", "Channel": "Microsoft-Windows-DeviceSetupManager/Operational", "Provider_Name": "Microsoft-Windows-DeviceSetupManager", "Computer": "DESKTOP-OFJ6N53", "TimeCreated": "2024-12-11 16:23:20.661665+00:00", "RecordID": "11376", "Level": "4", "UserID": "S-1-5-18", "EventData.Prop_ContainerId": "{FF8E8D4E-088C-4E76-9FB9-A02A2EFC5FAE}"}
{"EventID": "300", "Channel": "Microsoft-Windows-DeviceSetupManager/Operational", "Provider_Name": "Microsoft-Windows-DeviceSetupManager", "Computer": "DESKTOP-OFJ6N53", "TimeCreated": "2024-12-11 16:23:29.325342+00:00", "RecordID": "11377", "Level": "4", "UserID": "S-1-5-18", "EventData.Prop_ContainerId": "{7EFCBE4E-A3A2-0C99-EC8F-27D6801A396F}"}
{"EventID": "300", "Channel": "Microsoft-Windows-DeviceSetupManager/Operational", "Provider_Name": "Microsoft-Windows-DeviceSetupManager", "Computer": "DESKTOP-OFJ6N53", "TimeCreated": "2024-12-11 19:21:13.359062+00:00", "RecordID": "11378", "Level": "4", "UserID": "S-1-5-18", "EventData.Prop_ContainerId": "{E06E8B52-83A6-471B-A2AB-2CA9569867EC}"}
{"EventID": "300", "Channel": "Microsoft-Windows-DeviceSetupManager/Operational", "Provider_Name": "Microsoft-Windows-DeviceSetupManager", "Computer": "DESKTOP-OFJ6N53", "TimeCreated": "2024-12-11 19:21:23.634073+00:00", "RecordID": "11379", "Level": "4", "UserID": "S-1-5-18", "EventData.Prop_ContainerId": "{7EFCBE4E-A3A2-0C99-EC8F-27D6801A396F}"}
{"EventID": "300", "Channel": "Microsoft-Windows-DeviceSetupManager/Operational", "Provider_Name": "Microsoft-Windows-DeviceSetupManager", "Computer": "DESKTOP-OFJ6N53", "TimeCreated": "2024-12-12 07:37:20.141270+00:00", "RecordID": "11380", "Level": "4", "UserID": "S-1-5-18", "EventData.Prop_ContainerId": "{240B24B8-63A3-442D-AFC2-473B2DF26139}"}
{"EventID": "300", "Channel": "Microsoft-Windows-DeviceSetupManager/Operational", "Provider_Name": "Microsoft-Windows-DeviceSetupManager", "Computer": "DESKTOP-OFJ6N53", "TimeCreated": "2024-12-12 07:37:40.800850+00:00", "RecordID": "11381", "Level": "4", "UserID": "S-1-5-18", "EventData.Prop_ContainerId": "{7EFCBE4E-A3A2-0C99-EC8F-27D6801A396F}"}
{"EventID": "300", "Channel": "Microsoft-Windows-DeviceSetupManager/Operational", "Provider_Name": "Microsoft-Windows-DeviceSetupManager", "Computer": "DESKTOP-OFJ6N53", "TimeCreated": "2024-12-12 10:01:48.166710+00:00", "RecordID": "11382", "Level": "4", "UserID": "S-1-5-18", "EventData.Prop_ContainerId": "{1A851FF8-7FF5-45A7-8490-89DA43A5537C}"}
{"EventID": "300", "Channel": "Microsoft-Windows-DeviceSetupManager/Operational", "Provider_Name": "Microsoft-Windows-DeviceSetupManager", "Computer": "DESKTOP-OFJ6N53", "TimeCreated": "2024-12-12 10:02:04.776348+00:00", "RecordID": "11383", "Level": "4", "UserID": "S-1-5-18", "EventData.Prop_ContainerId": "{7EFCBE4E-A3A2-0C99-EC8F-27D6801A396F}"}
{"EventID": "300", "Channel": "Microsoft-Windows-DeviceSetupManager/Operational", "Provider_Name": "Microsoft-Windows-DeviceSetupManager", "Computer": "DESKTOP-OFJ6N53", "TimeCreated": "2024-12-12 17:00:06.327868+00:00", "RecordID": "11384", "Level": "4", "UserID": "S-1-5-18", "EventData.Prop_ContainerId": "{1B1F5434-0B1E-490A-A87D-E90C7C25BE01}"}
{"EventID": "300", "Channel": "Microsoft-Windows-DeviceSetupManager/Operational", "Provider_Name": "Microsoft-Windows-DeviceSetupManager", "Computer": "DESKTOP-OFJ6N53", "TimeCreated": "2024-12-12 17:00:29.003721+00:00", "RecordID": "11385", "Level": "4", "UserID": "S-1-5-18", "EventData.Prop_ContainerId": "{7EFCBE4E-A3A2-0C99-EC8F-27D6801A396F}"}
{"EventID": "300", "Channel": "Microsoft-Windows-DeviceSetupManager/Operational", "Provider_Name": "Microsoft-Windows-DeviceSetupManager", "Computer": "DESKTOP-OFJ6N53", "TimeCreated": "2024-12-13 14:45:09.406303+00:00", "RecordID": "11386", "Level": "4", "UserID": "S-1-5-18", "EventData.Prop_ContainerId": "{99020300-F93E-4480-A07D-ADC9388517EA}"}
{"EventID": "300", "Channel": "Microsoft-Windows-DeviceSetupManager/Operational", "Provider_Name": "Microsoft-Windows-DeviceSetupManager", "Computer": "DESKTOP-OFJ6N53", "TimeCreated": "2024-12-13 14:45:20.244539+00:00", "RecordID": "11387", "Level": "4", "UserID": "S-1-5-18", "EventData.Prop_ContainerId": "{7EFCBE4E-A3A2-0C99-EC8F-27D6801A396F}"}
{"EventID": "300", "Channel": "Microsoft-Windows-DeviceSetupManager/Operational", "Provider_Name": "Microsoft-Windows-DeviceSetupManager", "Computer": "DESKTOP-OFJ6N53", "TimeCreated": "2024-12-14 18:04:30.251902+00:00", "RecordID": "11388", "Level": "4", "UserID": "S-1-5-18", "EventData.Prop_ContainerId": "{98815476-A4B6-4DC3-A785-2D7726455D4C}"}
{"EventID": "300", "Channel": "Microsoft-Windows-DeviceSetupManager/Operational", "Provider_Name": "Microsoft-Windows-DeviceSetupManager", "Computer": "DESKTOP-OFJ6N53", "TimeCreated": "2024-12-14 18:04:43.796921+00:00", "RecordID": "11389", "Level": "4", "UserID": "S-1-5-18", "EventData.Prop_ContainerId": "{7EFCBE4E-A3A2-0C99-EC8F-27D6801A396F}"}
{"EventID": "300", "Channel": "Microsoft-Windows-DeviceSetupManager/Operational", "Provider_Name": "Microsoft-Windows-DeviceSetupManager", "Computer": "DESKTOP-OFJ6N53", "TimeCreated": "2024-12-16 11:16:49.504789+00:00", "RecordID": "11390", "Level": "4", "UserID": "S-1-5-18", "EventData.Prop_ContainerId": "{33B07784-321D-489C-82C8-94FFF799EDAB}"}
{"EventID": "300", "Channel": "Microsoft-Windows-DeviceSetupManager/Operational", "Provider_Name": "Microsoft-Windows-DeviceSetupManager", "Computer": "DESKTOP-OFJ6N53", "TimeCreated": "2024-12-16 11:16:57.812061+00:00", "RecordID": "11391", "Level": "4", "UserID": "S-1-5-18", "EventData.Prop_ContainerId": "{7EFCBE4E-A3A2-0C99-EC8F-27D6801A396F}"}
{"EventID": "300", "Channel": "Microsoft-Windows-DeviceSetupManager/Operational", "Provider_Name": "Microsoft-Windows-DeviceSetupManager", "Computer": "DESKTOP-OFJ6N53", "TimeCreated": "2024-12-17 10:16:56.540710+00:00", "RecordID": "11392", "Level": "4", "UserID": "S-1-5-18", "EventData.Prop_ContainerId": "{CD1CD705-968B-42E1-9B95-2A5D370E594B}"}
{"EventID": "300", "Channel": "Microsoft-Windows-DeviceSetupManager/Operational", "Provider_Name": "Microsoft-Windows-DeviceSetupManager", "Computer": "DESKTOP-OFJ6N53", "TimeCreated": "2024-12-17 10:17:08.935179+00:00", "RecordID": "11393", "Level": "4", "UserID": "S-1-5-18", "EventData.Prop_ContainerId": "{7EFCBE4E-A3A2-0C99-EC8F-27D6801A396F}"}
{"EventID": "300", "Channel": "Microsoft-Windows-DeviceSetupManager/Operational", "Provider_Name": "Microsoft-Windows-DeviceSetupManager", "Computer": "DESKTOP-OFJ6N53", "TimeCreated": "2024-12-18 15:46:03.988937+00:00", "RecordID": "11394", "Level": "4", "UserID": "S-1-5-18", "EventData.Prop_ContainerId": "{9AB700E0-D236-41A1-8AFD-706EC8E91D96}"}
{"EventID": "300", "Channel": "Microsoft-Windows-DeviceSetupManager/Operational", "Provider_Name": "Microsoft-Windows-DeviceSetupManager", "Computer": "DESKTOP-OFJ6N53", "TimeCreated": "2024-12-18 15:46:16.677328+00:00", "RecordID": "11395", "Level": "4", "UserID": "S-1-5-18", "EventData.Prop_ContainerId": "{7EFCBE4E-A3A2-0C99-EC8F-27D6801A396F}"}
{"EventID": "300", "Channel": "Microsoft-Windows-DeviceSetupManager/Operational", "Provider_Name": "Microsoft-Windows-DeviceSetupManager", "Computer": "DESKTOP-OFJ6N53", "TimeCreated": "2024-12-19 09:49:33.175520+00:00", "RecordID": "11396", "Level": "4", "UserID": "S-1-5-18", "EventData.Prop_ContainerId": "{C6A6D1DC-6FB5-4FD0-9444-839D81E29F74}"}
{"EventID": "300", "Channel": "Microsoft-Windows-DeviceSetupManager/Operational", "Provider_Name": "Microsoft-Windows-DeviceSetupManager", "Computer": "DESKTOP-OFJ6N53", "TimeCreated": "2024-12-19 09:49:40.214514+00:00", "RecordID": "11397", "Level": "4", "UserID": "S-1-5-18", "EventData.Prop_ContainerId": "{7EFCBE4E-A3A2-0C99-EC8F-27D6801A396F}"}
{"EventID": "300", "Channel": "Microsoft-Windows-DeviceSetupManager/Operational", "Provider_Name": "Microsoft-Windows-DeviceSetupManager", "Computer": "DESKTOP-OFJ6N53", "TimeCreated": "2024-12-23 14:15:17.671024+00:00", "RecordID": "11398", "Level": "4", "UserID": "S-1-5-18", "EventData.Prop_ContainerId": "{0CA78E2E-8C91-473E-9F35-8595CA12233F}"}
{"EventID": "300", "Channel": "Microsoft-Windows-DeviceSetupManager/Operational", "Provider_Name": "Microsoft-Windows-DeviceSetupManager", "Computer": "DESKTOP-OFJ6N53", "TimeCreated": "2024-12-23 14:15:27.358236+00:00", "RecordID": "11399", "Level": "4", "UserID": "S-1-5-18", "EventData.Prop_ContainerId": "{7EFCBE4E-A3A2-0C99-EC8F-27D6801A396F}"}
{"EventID": "300", "Channel": "Microsoft-Windows-DeviceSetupManager/Operational", "Provider_Name": "Microsoft-Windows-DeviceSetupManager", "Computer": "DESKTOP-OFJ6N53", "TimeCreated": "2024-12-23 16:06:29.268829+00:00", "RecordID": "11400", "Level": "4", "UserID": "S-1-5-18", "EventData.Prop_ContainerId": "{9C95473D-24C1-4733-8333-B9848A841526}"}
{"EventID": "300", "Channel": "Microsoft-Windows-DeviceSetupManager/Operational", "Provider_Name": "Microsoft-Windows-DeviceSetupManager", "Computer": "DESKTOP-OFJ6N53", "TimeCreated": "2024-12-23 16:06:39.014427+00:00", "RecordID": "11401", "Level": "4", "UserID": "S-1-5-18", "EventData.Prop_ContainerId": "{7EFCBE4E-A3A2-0C99-EC8F-27D6801A396F}"}
{"EventID": "300", "Channel": "Microsoft-Windows-DeviceSetupManager/Operational", "Provider_Name": "Microsoft-Windows-DeviceSetupManager", "Computer": "DESKTOP-OFJ6N53", "TimeCreated": "2024-12-23 16:37:59.760206+00:00", "RecordID": "11402", "Level": "4", "UserID": "S-1-5-18", "EventData.Prop_ContainerId": "{7EFCBE4E-A3A2-0C99-EC8F-27D6801A396F}"}
{"EventID": "300", "Channel": "Microsoft-Windows-DeviceSetupManager/Operational", "Provider_Name": "Microsoft-Windows-DeviceSetupManager", "Computer": "DESKTOP-OFJ6N53", "TimeCreated": "2024-12-23 16:38:00.526590+00:00", "RecordID": "11403", "Level": "4", "UserID": "S-1-5-18", "EventData.Prop_ContainerId": "{34189AEF-7D26-47DA-BDE6-D3E04FBF8447}"}
{"EventID": "300", "Channel": "Microsoft-Windows-DeviceSetupManager/Operational", "Provider_Name": "Microsoft-Windows-DeviceSetupManager", "Computer": "DESKTOP-OFJ6N53", "TimeCreated": "2024-12-23 16:38:08.291283+00:00", "RecordID": "11404", "Level": "4", "UserID": "S-1-5-18", "EventData.Prop_ContainerId": "{87934F3C-3C4B-0125-41A3-01E43ED1E9E4}"}
{"EventID": "300", "Channel": "Microsoft-Windows-DeviceSetupManager/Operational", "Provider_Name": "Microsoft-Windows-DeviceSetupManager", "Computer": "DESKTOP-OFJ6N53", "TimeCreated": "2024-12-23 16:38:09.919128+00:00", "RecordID": "11405", "Level": "4", "UserID": "S-1-5-18", "EventData.Prop_ContainerId": "{E9E3DDDD-BBD6-13FA-3639-1A7119D4058A}"}
{"EventID": "300", "Channel": "Microsoft-Windows-DeviceSetupManager/Operational", "Provider_Name": "Microsoft-Windows-DeviceSetupManager", "Computer": "DESKTOP-OFJ6N53", "TimeCreated": "2024-12-23 16:38:11.551207+00:00", "RecordID": "11406", "Level": "4", "UserID": "S-1-5-18", "EventData.Prop_ContainerId": "{C0AFA17B-B98C-1DF6-F36B-593B01D6940E}"}
{"EventID": "300", "Channel": "Microsoft-Windows-DeviceSetupManager/Operational", "Provider_Name": "Microsoft-Windows-DeviceSetupManager", "Computer": "DESKTOP-OFJ6N53", "TimeCreated": "2024-12-24 10:24:29.701279+00:00", "RecordID": "11407", "Level": "4", "UserID": "S-1-5-18", "EventData.Prop_ContainerId": "{995C9A44-1681-4AFA-B0CB-F0EA4B9136B2}"}
{"EventID": "300", "Channel": "Microsoft-Windows-DeviceSetupManager/Operational", "Provider_Name": "Microsoft-Windows-DeviceSetupManager", "Computer": "DESKTOP-OFJ6N53", "TimeCreated": "2024-12-24 10:24:43.979387+00:00", "RecordID": "11408", "Level": "4", "UserID": "S-1-5-18", "EventData.Prop_ContainerId": "{7EFCBE4E-A3A2-0C99-EC8F-27D6801A396F}"}
{"EventID": "300", "Channel": "Microsoft-Windows-DeviceSetupManager/Operational", "Provider_Name": "Microsoft-Windows-DeviceSetupManager", "Computer": "DESKTOP-OFJ6N53", "TimeCreated": "2024-12-27 13:29:44.916025+00:00", "RecordID": "11409", "Level": "4", "UserID": "S-1-5-18", "EventData.Prop_ContainerId": "{7AECA244-4682-4020-82A3-D667228CEA3B}"}
{"EventID": "300", "Channel": "Microsoft-Windows-DeviceSetupManager/Operational", "Provider_Name": "Microsoft-Windows-DeviceSetupManager", "Computer": "DESKTOP-OFJ6N53", "TimeCreated": "2024-12-27 13:30:53.655025+00:00", "RecordID": "11410", "Level": "4", "UserID": "S-1-5-18", "EventData.Prop_ContainerId": "{25AFB021-96DD-4281-8B14-0942AE33FD23}"}
{"EventID": "300", "Channel": "Microsoft-Windows-DeviceSetupManager/Operational", "Provider_Name": "Microsoft-Windows-DeviceSetupManager", "Computer": "DESKTOP-OFJ6N53", "TimeCreated": "2024-12-28 10:49:07.877712+00:00", "RecordID": "11411", "Level": "4", "UserID": "S-1-5-18", "EventData.Prop_ContainerId": "{BFE3673F-426E-4796-B128-2EEEE5A73BF9}"}
{"EventID": "300", "Channel": "Microsoft-Windows-DeviceSetupManager/Operational", "Provider_Name": "Microsoft-Windows-DeviceSetupManager", "Computer": "DESKTOP-OFJ6N53", "TimeCreated": "2024-12-30 13:40:20.284328+00:00", "RecordID": "11412", "Level": "4", "UserID": "S-1-5-18", "EventData.Prop_ContainerId": "{E2E0F09A-EE2C-4F06-87B3-9103F60FD0EE}"}
{"EventID": "300", "Channel": "Microsoft-Windows-DeviceSetupManager/Operational", "Provider_Name": "Microsoft-Windows-DeviceSetupManager", "Computer": "DESKTOP-OFJ6N53", "TimeCreated": "2024-12-30 14:59:25.755142+00:00", "RecordID": "11413", "Level": "4", "UserID": "S-1-5-18", "EventData.Prop_ContainerId": "{16205523-7FD3-41BD-9933-79DBB8B2DA77}"}
{"EventID": "300", "Channel": "Microsoft-Windows-DeviceSetupManager/Operational", "Provider_Name": "Microsoft-Windows-DeviceSetupManager", "Computer": "DESKTOP-OFJ6N53", "TimeCreated": "2025-01-09 11:28:55.415096+00:00", "RecordID": "11414", "Level": "4", "UserID": "S-1-5-18", "EventData.Prop_ContainerId": "{00A07C93-2196-4EAF-96F9-F17FD173A316}"}
{"EventID": "300", "Channel": "Microsoft-Windows-DeviceSetupManager/Operational", "Provider_Name": "Microsoft-Windows-DeviceSetupManager", "Computer": "DESKTOP-OFJ6N53", "TimeCreated": "2025-01-09 13:16:18.493807+00:00", "RecordID": "11415", "Level": "4", "UserID": "S-1-5-18", "EventData.Prop_ContainerId": "{23EC0C64-0D46-419A-AC37-D67EA92A3421}"}
{"EventID": "300", "Channel": "Microsoft-Windows-DeviceSetupManager/Operational", "Provider_Name": "Microsoft-Windows-DeviceSetupManager", "Computer": "DESKTOP-OFJ6N53", "TimeCreated": "2025-01-09 14:56:26.249935+00:00", "RecordID": "11416", "Level": "4", "UserID": "S-1-5-18", "EventData.Prop_ContainerId": "{DFD32E64-9634-4C85-BEEA-789A7C104FEC}"}
{"EventID": "300", "Channel": "Microsoft-Windows-DeviceSetupManager/Operational", "Provider_Name": "Microsoft-Windows-DeviceSetupManager", "Computer": "DESKTOP-OFJ6N53", "TimeCreated": "2025-01-10 07:43:28.755665+00:00", "RecordID": "11417", "Level": "4", "UserID": "S-1-5-18", "EventData.Prop_ContainerId": "{A7824D05-E093-4F16-A703-1C6FCC719296}"}
{"EventID": "300", "Channel": "Microsoft-Windows-DeviceSetupManager/Operational", "Provider_Name": "Microsoft-Windows-DeviceSetupManager", "Computer": "DESKTOP-OFJ6N53", "TimeCreated": "2025-01-10 07:43:29.360731+00:00", "RecordID": "11418", "Level": "4", "UserID": "S-1-5-18", "EventData.Prop_ContainerId": "{FACA3F4D-C043-4819-B35C-901F262E6E16}"}
{"EventID": "300", "Channel": "Microsoft-Windows-DeviceSetupManager/Operational", "Provider_Name": "Microsoft-Windows-DeviceSetupManager", "Computer": "DESKTOP-OFJ6N53", "TimeCreated": "2025-01-10 07:43:29.768360+00:00", "RecordID": "11419", "Level": "4", "UserID": "S-1-5-18", "EventData.Prop_ContainerId": "{A7824D05-E093-4F16-A703-1C6FCC719296}"}
{"EventID": "300", "Channel": "Microsoft-Windows-DeviceSetupManager/Operational", "Provider_Name": "Microsoft-Windows-DeviceSetupManager", "Computer": "DESKTOP-OFJ6N53", "TimeCreated": "2025-01-13 09:25:43.344997+00:00", "RecordID": "11420", "Level": "4", "UserID": "S-1-5-18", "EventData.Prop_ContainerId": "{EBF5DAEF-CD92-433A-A0FB-21CB87BF7397}"}
{"EventID": "300", "Channel": "Microsoft-Windows-DeviceSetupManager/Operational", "Provider_Name": "Microsoft-Windows-DeviceSetupManager", "Computer": "DESKTOP-OFJ6N53", "TimeCreated": "2025-01-14 03:51:27.059772+00:00", "RecordID": "11421", "Level": "4", "UserID": "S-1-5-18", "EventData.Prop_ContainerId": "{C5170792-2D6F-4205-AD02-C18D22A9E417}"}
{"EventID": "300", "Channel": "Microsoft-Windows-DeviceSetupManager/Operational", "Provider_Name": "Microsoft-Windows-DeviceSetupManager", "Computer": "DESKTOP-OFJ6N53", "TimeCreated": "2025-01-14 08:02:32.065117+00:00", "RecordID": "11422", "Level": "4", "UserID": "S-1-5-18", "EventData.Prop_ContainerId": "{8F61D670-505C-4013-B8C0-1EAF8F944F59}"}
