{"EventID": "5320", "Channel": "Microsoft-Windows-GroupPolicy/Operational", "Provider_Name": "Microsoft-Windows-GroupPolicy", "Computer": "DESKTOP-OFJ6N53", "TimeCreated": "2025-08-20 23:15:26.524530+00:00", "RecordID": "893938", "Level": "4", "UserID": "S-1-5-18", "EventData.InfoDescription": "%%4168"}
{"EventID": "5320", "Channel": "Microsoft-Windows-GroupPolicy/Operational", "Provider_Name": "Microsoft-Windows-GroupPolicy", "Computer": "DESKTOP-OFJ6N53", "TimeCreated": "2025-08-20 23:15:26.524576+00:00", "RecordID": "893939", "Level": "4", "UserID": "S-1-5-18", "EventData.InfoDescription": "%%4160"}
{"EventID": "5320", "Channel": "Microsoft-Windows-GroupPolicy/Operational", "Provider_Name": "Microsoft-Windows-GroupPolicy", "Computer": "DESKTOP-OFJ6N53", "TimeCreated": "2025-08-20 23:15:26.524576+00:00", "RecordID": "893940", "Level": "4", "UserID": "S-1-5-18", "EventData.InfoDescription": "%%4166"}
{"EventID": "5117", "Channel": "Microsoft-Windows-GroupPolicy/Operational", "Provider_Name": "Microsoft-Windows-GroupPolicy", "Computer": "DESKTOP-OFJ6N53", "TimeCreated": "2025-08-20 23:15:26.525152+00:00", "RecordID": "893941", "Level": "4", "UserID": "S-1-5-18", "EventData.IsMachine": "False", "EventData.SessionTimeElapsedInMilliseconds": "0"}
{"EventID": "5321", "Channel": "Microsoft-Windows-GroupPolicy/Operational", "Provider_Name": "Microsoft-Windows-GroupPolicy", "Computer": "DESKTOP-OFJ6N53", "TimeCreated": "2025-08-20 23:15:26.525452+00:00", "RecordID": "893942", "Level": "4", "UserID": "S-1-5-18", "EventData.InfoDescription": "%%4167", "EventData.OperationParameter1": "6a3171b2-c774-4d32-82f6-25630026d0d9"}
{"EventID": "5117", "Channel": "Microsoft-Windows-GroupPolicy/Operational", "Provider_Name": "Microsoft-Windows-GroupPolicy", "Computer": "DESKTOP-OFJ6N53", "TimeCreated": "2025-08-20 23:15:26.526762+00:00", "RecordID": "893943", "Level": "4", "UserID": "S-1-5-18", "EventData.IsMachine": "True", "EventData.SessionTimeElapsedInMilliseconds": "0"}
{"EventID": "4116", "Channel": "Microsoft-Windows-GroupPolicy/Operational", "Provider_Name": "Microsoft-Windows-GroupPolicy", "Computer": "DESKTOP-OFJ6N53", "TimeCreated": "2025-08-20 23:30:26.593065+00:00", "RecordID": "893944", "Level": "4", "UserID": "S-1-5-18"}
{"EventID": "4115", "Channel": "Microsoft-Windows-GroupPolicy/Operational", "Provider_Name": "Microsoft-Windows-GroupPolicy", "Computer": "DESKTOP-OFJ6N53", "TimeCreated": "2025-08-20 23:30:26.596325+00:00", "RecordID": "893945", "Level": "4", "UserID": "S-1-5-18", "EventData.IsServiceRestart": "True", "EventData.IsMachineBoot": "False"}
{"EventID": "5324", "Channel": "Microsoft-Windows-GroupPolicy/Operational", "Provider_Name": "Microsoft-Windows-GroupPolicy", "Computer": "DESKTOP-OFJ6N53", "TimeCreated": "2025-08-20 23:30:26.596836+00:00", "RecordID": "893946", "Level": "4", "UserID": "S-1-5-18", "EventData.NotificationType": "0", "EventData.SessionId": "0"}
{"EventID": "5351", "Channel": "Microsoft-Windows-GroupPolicy/Operational", "Provider_Name": "Microsoft-Windows-GroupPolicy", "Computer": "DESKTOP-OFJ6N53", "TimeCreated": "2025-08-20 23:30:26.596886+00:00", "RecordID": "893947", "Level": "4", "UserID": "S-1-5-18", "EventData.IsMachine": "False", "EventData.WinlogonReturnTimeElapsedInMilliseconds": "0"}
{"EventID": "4117", "Channel": "Microsoft-Windows-GroupPolicy/Operational", "Provider_Name": "Microsoft-Windows-GroupPolicy", "Computer": "DESKTOP-OFJ6N53", "TimeCreated": "2025-08-20 23:30:26.598061+00:00", "RecordID": "893948", "Level": "4", "UserID": "S-1-5-18", "EventData.IsMachine": "True", "EventData.IsBackgroundProcessing": "True", "EventData.IsAsyncProcessing": "False"}
{"EventID": "5351", "Channel": "Microsoft-Windows-GroupPolicy/Operational", "Provider_Name": "Microsoft-Windows-GroupPolicy", "Computer": "DESKTOP-OFJ6N53", "TimeCreated": "2025-08-20 23:30:26.601503+00:00", "RecordID": "893949", "Level": "4", "UserID": "S-1-5-18", "EventData.IsMachine": "False", "EventData.WinlogonReturnTimeElapsedInMilliseconds": "0"}
{"EventID": "4117", "Channel": "Microsoft-Windows-GroupPolicy/Operational", "Provider_Name": "Microsoft-Windows-GroupPolicy", "Computer": "DESKTOP-OFJ6N53", "TimeCreated": "2025-08-20 23:30:26.603563+00:00", "RecordID": "893950", "Level": "4", "UserID": "S-1-5-18", "EventData.IsMachine": "False", "EventData.IsBackgroundProcessing": "True", "EventData.IsAsyncProcessing": "False"}
{"EventID": "5116", "Channel": "Microsoft-Windows-GroupPolicy/Operational", "Provider_Name": "Microsoft-Windows-GroupPolicy", "Computer": "DESKTOP-OFJ6N53", "TimeCreated": "2025-08-20 23:30:26.604506+00:00", "RecordID": "893951", "Level": "4", "UserID": "S-1-5-18", "EventData.GpsvcInitTimeElapsedInMilliseconds": "0"}
{"EventID": "5320", "Channel": "Microsoft-Windows-GroupPolicy/Operational", "Provider_Name": "Microsoft-Windows-GroupPolicy", "Computer": "DESKTOP-OFJ6N53", "TimeCreated": "2025-08-20 23:30:26.605328+00:00", "RecordID": "893952", "Level": "4", "UserID": "S-1-5-18", "EventData.InfoDescription": "%%4168"}
{"EventID": "5320", "Channel": "Microsoft-Windows-GroupPolicy/Operational", "Provider_Name": "Microsoft-Windows-GroupPolicy", "Computer": "DESKTOP-OFJ6N53", "TimeCreated": "2025-08-20 23:30:26.605360+00:00", "RecordID": "893953", "Level": "4", "UserID": "S-1-5-18", "EventData.InfoDescription": "%%4160"}
{"EventID": "5320", "Channel": "Microsoft-Windows-GroupPolicy/Operational", "Provider_Name": "Microsoft-Windows-GroupPolicy", "Computer": "DESKTOP-OFJ6N53", "TimeCreated": "2025-08-20 23:30:26.605362+00:00", "RecordID": "893954", "Level": "4", "UserID": "S-1-5-18", "EventData.InfoDescription": "%%4166"}
{"EventID": "5117", "Channel": "Microsoft-Windows-GroupPolicy/Operational", "Provider_Name": "Microsoft-Windows-GroupPolicy", "Computer": "DESKTOP-OFJ6N53", "TimeCreated": "2025-08-20 23:30:26.605900+00:00", "RecordID": "893955", "Level": "4", "UserID": "S-1-5-18", "EventData.IsMachine": "False", "EventData.SessionTimeElapsedInMilliseconds": "0"}
{"EventID": "5321", "Channel": "Microsoft-Windows-GroupPolicy/Operational", "Provider_Name": "Microsoft-Windows-GroupPolicy", "Computer": "DESKTOP-OFJ6N53", "TimeCreated": "2025-08-20 23:30:26.606123+00:00", "RecordID": "893956", "Level": "4", "UserID": "S-1-5-18", "EventData.InfoDescription": "%%4167", "EventData.OperationParameter1": "967c61eb-0860-4b6c-9232-708743dfdf5a"}
{"EventID": "5117", "Channel": "Microsoft-Windows-GroupPolicy/Operational", "Provider_Name": "Microsoft-Windows-GroupPolicy", "Computer": "DESKTOP-OFJ6N53", "TimeCreated": "2025-08-20 23:30:26.607599+00:00", "RecordID": "893957", "Level": "4", "UserID": "S-1-5-18", "EventData.IsMachine": "True", "EventData.SessionTimeElapsedInMilliseconds": "0"}
{"EventID": "4116", "Channel": "Microsoft-Windows-GroupPolicy/Operational", "Provider_Name": "Microsoft-Windows-GroupPolicy", "Computer": "DESKTOP-OFJ6N53", "TimeCreated": "2025-08-20 23:45:26.727442+00:00", "RecordID": "893958", "Level": "4", "UserID": "S-1-5-18"}
{"EventID": "4115", "Channel": "Microsoft-Windows-GroupPolicy/Operational", "Provider_Name": "Microsoft-Windows-GroupPolicy", "Computer": "DESKTOP-OFJ6N53", "TimeCreated": "2025-08-20 23:45:26.729898+00:00", "RecordID": "893959", "Level": "4", "UserID": "S-1-5-18", "EventData.IsServiceRestart": "True", "EventData.IsMachineBoot": "False"}
{"EventID": "5324", "Channel": "Microsoft-Windows-GroupPolicy/Operational", "Provider_Name": "Microsoft-Windows-GroupPolicy", "Computer": "DESKTOP-OFJ6N53", "TimeCreated": "2025-08-20 23:45:26.730322+00:00", "RecordID": "893960", "Level": "4", "UserID": "S-1-5-18", "EventData.NotificationType": "0", "EventData.SessionId": "0"}
{"EventID": "5351", "Channel": "Microsoft-Windows-GroupPolicy/Operational", "Provider_Name": "Microsoft-Windows-GroupPolicy", "Computer": "DESKTOP-OFJ6N53", "TimeCreated": "2025-08-20 23:45:26.730371+00:00", "RecordID": "893961", "Level": "4", "UserID": "S-1-5-18", "EventData.IsMachine": "False", "EventData.WinlogonReturnTimeElapsedInMilliseconds": "0"}
{"EventID": "4117", "Channel": "Microsoft-Windows-GroupPolicy/Operational", "Provider_Name": "Microsoft-Windows-GroupPolicy", "Computer": "DESKTOP-OFJ6N53", "TimeCreated": "2025-08-20 23:45:26.731354+00:00", "RecordID": "893962", "Level": "4", "UserID": "S-1-5-18", "EventData.IsMachine": "True", "EventData.IsBackgroundProcessing": "True", "EventData.IsAsyncProcessing": "False"}
{"EventID": "5351", "Channel": "Microsoft-Windows-GroupPolicy/Operational", "Provider_Name": "Microsoft-Windows-GroupPolicy", "Computer": "DESKTOP-OFJ6N53", "TimeCreated": "2025-08-20 23:45:26.733324+00:00", "RecordID": "893963", "Level": "4", "UserID": "S-1-5-18", "EventData.IsMachine": "False", "EventData.WinlogonReturnTimeElapsedInMilliseconds": "0"}
{"EventID": "4117", "Channel": "Microsoft-Windows-GroupPolicy/Operational", "Provider_Name": "Microsoft-Windows-GroupPolicy", "Computer": "DESKTOP-OFJ6N53", "TimeCreated": "2025-08-20 23:45:26.734869+00:00", "RecordID": "893964", "Level": "4", "UserID": "S-1-5-18", "EventData.IsMachine": "False", "EventData.IsBackgroundProcessing": "True", "EventData.IsAsyncProcessing": "False"}
{"EventID": "5116", "Channel": "Microsoft-Windows-GroupPolicy/Operational", "Provider_Name": "Microsoft-Windows-GroupPolicy", "Computer": "DESKTOP-OFJ6N53", "TimeCreated": "2025-08-20 23:45:26.735453+00:00", "RecordID": "893965", "Level": "4", "UserID": "S-1-5-18", "EventData.GpsvcInitTimeElapsedInMilliseconds": "16"}
{"EventID": "5320", "Channel": "Microsoft-Windows-GroupPolicy/Operational", "Provider_Name": "Microsoft-Windows-GroupPolicy", "Computer": "DESKTOP-OFJ6N53", "TimeCreated": "2025-08-20 23:45:26.736134+00:00", "RecordID": "893966", "Level": "4", "UserID": "S-1-5-18", "EventData.InfoDescription": "%%4168"}
{"EventID": "5320", "Channel": "Microsoft-Windows-GroupPolicy/Operational", "Provider_Name": "Microsoft-Windows-GroupPolicy", "Computer": "DESKTOP-OFJ6N53", "TimeCreated": "2025-08-20 23:45:26.736174+00:00", "RecordID": "893967", "Level": "4", "UserID": "S-1-5-18", "EventData.InfoDescription": "%%4160"}
{"EventID": "5320", "Channel": "Microsoft-Windows-GroupPolicy/Operational", "Provider_Name": "Microsoft-Windows-GroupPolicy", "Computer": "DESKTOP-OFJ6N53", "TimeCreated": "2025-08-20 23:45:26.736176+00:00", "RecordID": "893968", "Level": "4", "UserID": "S-1-5-18", "EventData.InfoDescription": "%%4166"}
{"EventID": "5117", "Channel": "Microsoft-Windows-GroupPolicy/Operational", "Provider_Name": "Microsoft-Windows-GroupPolicy", "Computer": "DESKTOP-OFJ6N53", "TimeCreated": "2025-08-20 23:45:26.736427+00:00", "RecordID": "893969", "Level": "4", "UserID": "S-1-5-18", "EventData.IsMachine": "False", "EventData.SessionTimeElapsedInMilliseconds": "16"}
{"EventID": "5321", "Channel": "Microsoft-Windows-GroupPolicy/Operational", "Provider_Name": "Microsoft-Windows-GroupPolicy", "Computer": "DESKTOP-OFJ6N53", "TimeCreated": "2025-08-20 23:45:26.736944+00:00", "RecordID": "893970", "Level": "4", "UserID": "S-1-5-18", "EventData.InfoDescription": "%%4167", "EventData.OperationParameter1": "b914c7c1-e9e0-44f6-ac08-a7b37a8e1124"}
{"EventID": "5117", "Channel": "Microsoft-Windows-GroupPolicy/Operational", "Provider_Name": "Microsoft-Windows-GroupPolicy", "Computer": "DESKTOP-OFJ6N53", "TimeCreated": "2025-08-20 23:45:26.737648+00:00", "RecordID": "893971", "Level": "4", "UserID": "S-1-5-18", "EventData.IsMachine": "True", "EventData.SessionTimeElapsedInMilliseconds": "16"}
{"EventID": "4116", "Channel": "Microsoft-Windows-GroupPolicy/Operational", "Provider_Name": "Microsoft-Windows-GroupPolicy", "Computer": "DESKTOP-OFJ6N53", "TimeCreated": "2025-08-21 00:00:26.833174+00:00", "RecordID": "893972", "Level": "4", "UserID": "S-1-5-18"}
{"EventID": "4115", "Channel": "Microsoft-Windows-GroupPolicy/Operational", "Provider_Name": "Microsoft-Windows-GroupPolicy", "Computer": "DESKTOP-OFJ6N53", "TimeCreated": "2025-08-21 00:00:26.837439+00:00", "RecordID": "893973", "Level": "4", "UserID": "S-1-5-18", "EventData.IsServiceRestart": "True", "EventData.IsMachineBoot": "False"}
{"EventID": "5324", "Channel": "Microsoft-Windows-GroupPolicy/Operational", "Provider_Name": "Microsoft-Windows-GroupPolicy", "Computer": "DESKTOP-OFJ6N53", "TimeCreated": "2025-08-21 00:00:26.838167+00:00", "RecordID": "893974", "Level": "4", "UserID": "S-1-5-18", "EventData.NotificationType": "0", "EventData.SessionId": "0"}
{"EventID": "5351", "Channel": "Microsoft-Windows-GroupPolicy/Operational", "Provider_Name": "Microsoft-Windows-GroupPolicy", "Computer": "DESKTOP-OFJ6N53", "TimeCreated": "2025-08-21 00:00:26.838249+00:00", "RecordID": "893975", "Level": "4", "UserID": "S-1-5-18", "EventData.IsMachine": "False", "EventData.WinlogonReturnTimeElapsedInMilliseconds": "0"}
{"EventID": "4117", "Channel": "Microsoft-Windows-GroupPolicy/Operational", "Provider_Name": "Microsoft-Windows-GroupPolicy", "Computer": "DESKTOP-OFJ6N53", "TimeCreated": "2025-08-21 00:00:26.840517+00:00", "RecordID": "893976", "Level": "4", "UserID": "S-1-5-18", "EventData.IsMachine": "True", "EventData.IsBackgroundProcessing": "True", "EventData.IsAsyncProcessing": "False"}
{"EventID": "5351", "Channel": "Microsoft-Windows-GroupPolicy/Operational", "Provider_Name": "Microsoft-Windows-GroupPolicy", "Computer": "DESKTOP-OFJ6N53", "TimeCreated": "2025-08-21 00:00:26.844162+00:00", "RecordID": "893977", "Level": "4", "UserID": "S-1-5-18", "EventData.IsMachine": "False", "EventData.WinlogonReturnTimeElapsedInMilliseconds": "0"}
{"EventID": "4117", "Channel": "Microsoft-Windows-GroupPolicy/Operational", "Provider_Name": "Microsoft-Windows-GroupPolicy", "Computer": "DESKTOP-OFJ6N53", "TimeCreated": "2025-08-21 00:00:26.847183+00:00", "RecordID": "893978", "Level": "4", "UserID": "S-1-5-18", "EventData.IsMachine": "False", "EventData.IsBackgroundProcessing": "True", "EventData.IsAsyncProcessing": "False"}
{"EventID": "5116", "Channel": "Microsoft-Windows-GroupPolicy/Operational", "Provider_Name": "Microsoft-Windows-GroupPolicy", "Computer": "DESKTOP-OFJ6N53", "TimeCreated": "2025-08-21 00:00:26.848093+00:00", "RecordID": "893979", "Level": "4", "UserID": "S-1-5-18", "EventData.GpsvcInitTimeElapsedInMilliseconds": "15"}
{"EventID": "5320", "Channel": "Microsoft-Windows-GroupPolicy/Operational", "Provider_Name": "Microsoft-Windows-GroupPolicy", "Computer": "DESKTOP-OFJ6N53", "TimeCreated": "2025-08-21 00:00:26.849249+00:00", "RecordID": "893980", "Level": "4", "UserID": "S-1-5-18", "EventData.InfoDescription": "%%4168"}
{"EventID": "5320", "Channel": "Microsoft-Windows-GroupPolicy/Operational", "Provider_Name": "Microsoft-Windows-GroupPolicy", "Computer": "DESKTOP-OFJ6N53", "TimeCreated": "2025-08-21 00:00:26.849289+00:00", "RecordID": "893981", "Level": "4", "UserID": "S-1-5-18", "EventData.InfoDescription": "%%4160"}
{"EventID": "5320", "Channel": "Microsoft-Windows-GroupPolicy/Operational", "Provider_Name": "Microsoft-Windows-GroupPolicy", "Computer": "DESKTOP-OFJ6N53", "TimeCreated": "2025-08-21 00:00:26.849291+00:00", "RecordID": "893982", "Level": "4", "UserID": "S-1-5-18", "EventData.InfoDescription": "%%4166"}
{"EventID": "5117", "Channel": "Microsoft-Windows-GroupPolicy/Operational", "Provider_Name": "Microsoft-Windows-GroupPolicy", "Computer": "DESKTOP-OFJ6N53", "TimeCreated": "2025-08-21 00:00:26.849665+00:00", "RecordID": "893983", "Level": "4", "UserID": "S-1-5-18", "EventData.IsMachine": "False", "EventData.SessionTimeElapsedInMilliseconds": "0"}
{"EventID": "5321", "Channel": "Microsoft-Windows-GroupPolicy/Operational", "Provider_Name": "Microsoft-Windows-GroupPolicy", "Computer": "DESKTOP-OFJ6N53", "TimeCreated": "2025-08-21 00:00:26.850952+00:00", "RecordID": "893984", "Level": "4", "UserID": "S-1-5-18", "EventData.InfoDescription": "%%4167", "EventData.OperationParameter1": "3b7ae08a-089f-4904-8187-105f0ca0a0ad"}
{"EventID": "5117", "Channel": "Microsoft-Windows-GroupPolicy/Operational", "Provider_Name": "Microsoft-Windows-GroupPolicy", "Computer": "DESKTOP-OFJ6N53", "TimeCreated": "2025-08-21 00:00:26.851721+00:00", "RecordID": "893985", "Level": "4", "UserID": "S-1-5-18", "EventData.IsMachine": "True", "EventData.SessionTimeElapsedInMilliseconds": "15"}
{"EventID": "4116", "Channel": "Microsoft-Windows-GroupPolicy/Operational", "Provider_Name": "Microsoft-Windows-GroupPolicy", "Computer": "DESKTOP-OFJ6N53", "TimeCreated": "2025-08-21 00:15:26.923149+00:00", "RecordID": "893986", "Level": "4", "UserID": "S-1-5-18"}
{"EventID": "4115", "Channel": "Microsoft-Windows-GroupPolicy/Operational", "Provider_Name": "Microsoft-Windows-GroupPolicy", "Computer": "DESKTOP-OFJ6N53", "TimeCreated": "2025-08-21 00:15:26.926102+00:00", "RecordID": "893987", "Level": "4", "UserID": "S-1-5-18", "EventData.IsServiceRestart": "True", "EventData.IsMachineBoot": "False"}
{"EventID": "5324", "Channel": "Microsoft-Windows-GroupPolicy/Operational", "Provider_Name": "Microsoft-Windows-GroupPolicy", "Computer": "DESKTOP-OFJ6N53", "TimeCreated": "2025-08-21 00:15:26.926609+00:00", "RecordID": "893988", "Level": "4", "UserID": "S-1-5-18", "EventData.NotificationType": "0", "EventData.SessionId": "0"}
{"EventID": "5351", "Channel": "Microsoft-Windows-GroupPolicy/Operational", "Provider_Name": "Microsoft-Windows-GroupPolicy", "Computer": "DESKTOP-OFJ6N53", "TimeCreated": "2025-08-21 00:15:26.926659+00:00", "RecordID": "893989", "Level": "4", "UserID": "S-1-5-18", "EventData.IsMachine": "False", "EventData.WinlogonReturnTimeElapsedInMilliseconds": "0"}
{"EventID": "4117", "Channel": "Microsoft-Windows-GroupPolicy/Operational", "Provider_Name": "Microsoft-Windows-GroupPolicy", "Computer": "DESKTOP-OFJ6N53", "TimeCreated": "2025-08-21 00:15:26.927900+00:00", "RecordID": "893990", "Level": "4", "UserID": "S-1-5-18", "EventData.IsMachine": "True", "EventData.IsBackgroundProcessing": "True", "EventData.IsAsyncProcessing": "False"}
{"EventID": "5351", "Channel": "Microsoft-Windows-GroupPolicy/Operational", "Provider_Name": "Microsoft-Windows-GroupPolicy", "Computer": "DESKTOP-OFJ6N53", "TimeCreated": "2025-08-21 00:15:26.930010+00:00", "RecordID": "893991", "Level": "4", "UserID": "S-1-5-18", "EventData.IsMachine": "False", "EventData.WinlogonReturnTimeElapsedInMilliseconds": "0"}
{"EventID": "4117", "Channel": "Microsoft-Windows-GroupPolicy/Operational", "Provider_Name": "Microsoft-Windows-GroupPolicy", "Computer": "DESKTOP-OFJ6N53", "TimeCreated": "2025-08-21 00:15:26.931423+00:00", "RecordID": "893992", "Level": "4", "UserID": "S-1-5-18", "EventData.IsMachine": "False", "EventData.IsBackgroundProcessing": "True", "EventData.IsAsyncProcessing": "False"}
{"EventID": "5116", "Channel": "Microsoft-Windows-GroupPolicy/Operational", "Provider_Name": "Microsoft-Windows-GroupPolicy", "Computer": "DESKTOP-OFJ6N53", "TimeCreated": "2025-08-21 00:15:26.932152+00:00", "RecordID": "893993", "Level": "4", "UserID": "S-1-5-18", "EventData.GpsvcInitTimeElapsedInMilliseconds": "0"}
{"EventID": "5320", "Channel": "Microsoft-Windows-GroupPolicy/Operational", "Provider_Name": "Microsoft-Windows-GroupPolicy", "Computer": "DESKTOP-OFJ6N53", "TimeCreated": "2025-08-21 00:15:26.932825+00:00", "RecordID": "893994", "Level": "4", "UserID": "S-1-5-18", "EventData.InfoDescription": "%%4168"}
{"EventID": "5320", "Channel": "Microsoft-Windows-GroupPolicy/Operational", "Provider_Name": "Microsoft-Windows-GroupPolicy", "Computer": "DESKTOP-OFJ6N53", "TimeCreated": "2025-08-21 00:15:26.932850+00:00", "RecordID": "893995", "Level": "4", "UserID": "S-1-5-18", "EventData.InfoDescription": "%%4160"}
{"EventID": "5320", "Channel": "Microsoft-Windows-GroupPolicy/Operational", "Provider_Name": "Microsoft-Windows-GroupPolicy", "Computer": "DESKTOP-OFJ6N53", "TimeCreated": "2025-08-21 00:15:26.932854+00:00", "RecordID": "893996", "Level": "4", "UserID": "S-1-5-18", "EventData.InfoDescription": "%%4166"}
{"EventID": "5117", "Channel": "Microsoft-Windows-GroupPolicy/Operational", "Provider_Name": "Microsoft-Windows-GroupPolicy", "Computer": "DESKTOP-OFJ6N53", "TimeCreated": "2025-08-21 00:15:26.933456+00:00", "RecordID": "893997", "Level": "4", "UserID": "S-1-5-18", "EventData.IsMachine": "False", "EventData.SessionTimeElapsedInMilliseconds": "0"}
{"EventID": "5321", "Channel": "Microsoft-Windows-GroupPolicy/Operational", "Provider_Name": "Microsoft-Windows-GroupPolicy", "Computer": "DESKTOP-OFJ6N53", "TimeCreated": "2025-08-21 00:15:26.933506+00:00", "RecordID": "893998", "Level": "4", "UserID": "S-1-5-18", "EventData.InfoDescription": "%%4167", "EventData.OperationParameter1": "a9aafd67-281b-4871-a463-a2803d06f37e"}
{"EventID": "5117", "Channel": "Microsoft-Windows-GroupPolicy/Operational", "Provider_Name": "Microsoft-Windows-GroupPolicy", "Computer": "DESKTOP-OFJ6N53", "TimeCreated": "2025-08-21 00:15:26.934361+00:00", "RecordID": "893999", "Level": "4", "UserID": "S-1-5-18", "EventData.IsMachine": "True", "EventData.SessionTimeElapsedInMilliseconds": "0"}
{"EventID": "4116", "Channel": "Microsoft-Windows-GroupPolicy/Operational", "Provider_Name": "Microsoft-Windows-GroupPolicy", "Computer": "DESKTOP-OFJ6N53", "TimeCreated": "2025-08-21 00:30:27.007935+00:00", "RecordID": "894000", "Level": "4", "UserID": "S-1-5-18"}
{"EventID": "4115", "Channel": "Microsoft-Windows-GroupPolicy/Operational", "Provider_Name": "Microsoft-Windows-GroupPolicy", "Computer": "DESKTOP-OFJ6N53", "TimeCreated": "2025-08-21 00:30:27.011572+00:00", "RecordID": "894001", "Level": "4", "UserID": "S-1-5-18", "EventData.IsServiceRestart": "True", "EventData.IsMachineBoot": "False"}
{"EventID": "5324", "Channel": "Microsoft-Windows-GroupPolicy/Operational", "Provider_Name": "Microsoft-Windows-GroupPolicy", "Computer": "DESKTOP-OFJ6N53", "TimeCreated": "2025-08-21 00:30:27.012323+00:00", "RecordID": "894002", "Level": "4", "UserID": "S-1-5-18", "EventData.NotificationType": "0", "EventData.SessionId": "0"}
{"EventID": "5351", "Channel": "Microsoft-Windows-GroupPolicy/Operational", "Provider_Name": "Microsoft-Windows-GroupPolicy", "Computer": "DESKTOP-OFJ6N53", "TimeCreated": "2025-08-21 00:30:27.012403+00:00", "RecordID": "894003", "Level": "4", "UserID": "S-1-5-18", "EventData.IsMachine": "False", "EventData.WinlogonReturnTimeElapsedInMilliseconds": "0"}
{"EventID": "4117", "Channel": "Microsoft-Windows-GroupPolicy/Operational", "Provider_Name": "Microsoft-Windows-GroupPolicy", "Computer": "DESKTOP-OFJ6N53", "TimeCreated": "2025-08-21 00:30:27.015322+00:00", "RecordID": "894004", "Level": "4", "UserID": "S-1-5-18", "EventData.IsMachine": "True", "EventData.IsBackgroundProcessing": "True", "EventData.IsAsyncProcessing": "False"}
{"EventID": "5351", "Channel": "Microsoft-Windows-GroupPolicy/Operational", "Provider_Name": "Microsoft-Windows-GroupPolicy", "Computer": "DESKTOP-OFJ6N53", "TimeCreated": "2025-08-21 00:30:27.018679+00:00", "RecordID": "894005", "Level": "4", "UserID": "S-1-5-18", "EventData.IsMachine": "False", "EventData.WinlogonReturnTimeElapsedInMilliseconds": "0"}
{"EventID": "4117", "Channel": "Microsoft-Windows-GroupPolicy/Operational", "Provider_Name": "Microsoft-Windows-GroupPolicy", "Computer": "DESKTOP-OFJ6N53", "TimeCreated": "2025-08-21 00:30:27.021303+00:00", "RecordID": "894006", "Level": "4", "UserID": "S-1-5-18", "EventData.IsMachine": "False", "EventData.IsBackgroundProcessing": "True", "EventData.IsAsyncProcessing": "False"}
{"EventID": "5116", "Channel": "Microsoft-Windows-GroupPolicy/Operational", "Provider_Name": "Microsoft-Windows-GroupPolicy", "Computer": "DESKTOP-OFJ6N53", "TimeCreated": "2025-08-21 00:30:27.157709+00:00", "RecordID": "894007", "Level": "4", "UserID": "S-1-5-18", "EventData.GpsvcInitTimeElapsedInMilliseconds": "157"}
{"EventID": "5320", "Channel": "Microsoft-Windows-GroupPolicy/Operational", "Provider_Name": "Microsoft-Windows-GroupPolicy", "Computer": "DESKTOP-OFJ6N53", "TimeCreated": "2025-08-21 00:30:27.159248+00:00", "RecordID": "894008", "Level": "4", "UserID": "S-1-5-18", "EventData.InfoDescription": "%%4168"}
{"EventID": "5320", "Channel": "Microsoft-Windows-GroupPolicy/Operational", "Provider_Name": "Microsoft-Windows-GroupPolicy", "Computer": "DESKTOP-OFJ6N53", "TimeCreated": "2025-08-21 00:30:27.159296+00:00", "RecordID": "894009", "Level": "4", "UserID": "S-1-5-18", "EventData.InfoDescription": "%%4160"}
{"EventID": "5320", "Channel": "Microsoft-Windows-GroupPolicy/Operational", "Provider_Name": "Microsoft-Windows-GroupPolicy", "Computer": "DESKTOP-OFJ6N53", "TimeCreated": "2025-08-21 00:30:27.159298+00:00", "RecordID": "894010", "Level": "4", "UserID": "S-1-5-18", "EventData.InfoDescription": "%%4166"}
{"EventID": "5321", "Channel": "Microsoft-Windows-GroupPolicy/Operational", "Provider_Name": "Microsoft-Windows-GroupPolicy", "Computer": "DESKTOP-OFJ6N53", "TimeCreated": "2025-08-21 00:30:27.159943+00:00", "RecordID": "894011", "Level": "4", "UserID": "S-1-5-18", "EventData.InfoDescription": "%%4167", "EventData.OperationParameter1": "7629ab90-2f97-4f12-864c-6a39354c00ae"}
{"EventID": "5117", "Channel": "Microsoft-Windows-GroupPolicy/Operational", "Provider_Name": "Microsoft-Windows-GroupPolicy", "Computer": "DESKTOP-OFJ6N53", "TimeCreated": "2025-08-21 00:30:27.161779+00:00", "RecordID": "894012", "Level": "4", "UserID": "S-1-5-18", "EventData.IsMachine": "True", "EventData.SessionTimeElapsedInMilliseconds": "141"}
{"EventID": "5117", "Channel": "Microsoft-Windows-GroupPolicy/Operational", "Provider_Name": "Microsoft-Windows-GroupPolicy", "Computer": "DESKTOP-OFJ6N53", "TimeCreated": "2025-08-21 00:30:27.162331+00:00", "RecordID": "894013", "Level": "4", "UserID": "S-1-5-18", "EventData.IsMachine": "False", "EventData.SessionTimeElapsedInMilliseconds": "141"}
{"EventID": "4116", "Channel": "Microsoft-Windows-GroupPolicy/Operational", "Provider_Name": "Microsoft-Windows-GroupPolicy", "Computer": "DESKTOP-OFJ6N53", "TimeCreated": "2025-08-21 00:45:27.241726+00:00", "RecordID": "894014", "Level": "4", "UserID": "S-1-5-18"}
{"EventID": "4115", "Channel": "Microsoft-Windows-GroupPolicy/Operational", "Provider_Name": "Microsoft-Windows-GroupPolicy", "Computer": "DESKTOP-OFJ6N53", "TimeCreated": "2025-08-21 00:45:27.244551+00:00", "RecordID": "894015", "Level": "4", "UserID": "S-1-5-18", "EventData.IsServiceRestart": "True", "EventData.IsMachineBoot": "False"}
{"EventID": "5324", "Channel": "Microsoft-Windows-GroupPolicy/Operational", "Provider_Name": "Microsoft-Windows-GroupPolicy", "Computer": "DESKTOP-OFJ6N53", "TimeCreated": "2025-08-21 00:45:27.244986+00:00", "RecordID": "894016", "Level": "4", "UserID": "S-1-5-18", "EventData.NotificationType": "0", "EventData.SessionId": "0"}
{"EventID": "5351", "Channel": "Microsoft-Windows-GroupPolicy/Operational", "Provider_Name": "Microsoft-Windows-GroupPolicy", "Computer": "DESKTOP-OFJ6N53", "TimeCreated": "2025-08-21 00:45:27.245037+00:00", "RecordID": "894017", "Level": "4", "UserID": "S-1-5-18", "EventData.IsMachine": "False", "EventData.WinlogonReturnTimeElapsedInMilliseconds": "0"}
{"EventID": "4117", "Channel": "Microsoft-Windows-GroupPolicy/Operational", "Provider_Name": "Microsoft-Windows-GroupPolicy", "Computer": "DESKTOP-OFJ6N53", "TimeCreated": "2025-08-21 00:45:27.246172+00:00", "RecordID": "894018", "Level": "4", "UserID": "S-1-5-18", "EventData.IsMachine": "True", "EventData.IsBackgroundProcessing": "True", "EventData.IsAsyncProcessing": "False"}
{"EventID": "5351", "Channel": "Microsoft-Windows-GroupPolicy/Operational", "Provider_Name": "Microsoft-Windows-GroupPolicy", "Computer": "DESKTOP-OFJ6N53", "TimeCreated": "2025-08-21 00:45:27.248447+00:00", "RecordID": "894019", "Level": "4", "UserID": "S-1-5-18", "EventData.IsMachine": "False", "EventData.WinlogonReturnTimeElapsedInMilliseconds": "0"}
{"EventID": "4117", "Channel": "Microsoft-Windows-GroupPolicy/Operational", "Provider_Name": "Microsoft-Windows-GroupPolicy", "Computer": "DESKTOP-OFJ6N53", "TimeCreated": "2025-08-21 00:45:27.249962+00:00", "RecordID": "894020", "Level": "4", "UserID": "S-1-5-18", "EventData.IsMachine": "False", "EventData.IsBackgroundProcessing": "True", "EventData.IsAsyncProcessing": "False"}
{"EventID": "5116", "Channel": "Microsoft-Windows-GroupPolicy/Operational", "Provider_Name": "Microsoft-Windows-GroupPolicy", "Computer": "DESKTOP-OFJ6N53", "TimeCreated": "2025-08-21 00:45:27.251244+00:00", "RecordID": "894021", "Level": "4", "UserID": "S-1-5-18", "EventData.GpsvcInitTimeElapsedInMilliseconds": "15"}
{"EventID": "5117", "Channel": "Microsoft-Windows-GroupPolicy/Operational", "Provider_Name": "Microsoft-Windows-GroupPolicy", "Computer": "DESKTOP-OFJ6N53", "TimeCreated": "2025-08-21 00:45:27.252029+00:00", "RecordID": "894022", "Level": "4", "UserID": "S-1-5-18", "EventData.IsMachine": "False", "EventData.SessionTimeElapsedInMilliseconds": "15"}
{"EventID": "5320", "Channel": "Microsoft-Windows-GroupPolicy/Operational", "Provider_Name": "Microsoft-Windows-GroupPolicy", "Computer": "DESKTOP-OFJ6N53", "TimeCreated": "2025-08-21 00:45:27.252089+00:00", "RecordID": "894023", "Level": "4", "UserID": "S-1-5-18", "EventData.InfoDescription": "%%4168"}
{"EventID": "5320", "Channel": "Microsoft-Windows-GroupPolicy/Operational", "Provider_Name": "Microsoft-Windows-GroupPolicy", "Computer": "DESKTOP-OFJ6N53", "TimeCreated": "2025-08-21 00:45:27.252125+00:00", "RecordID": "894024", "Level": "4", "UserID": "S-1-5-18", "EventData.InfoDescription": "%%4160"}
{"EventID": "5320", "Channel": "Microsoft-Windows-GroupPolicy/Operational", "Provider_Name": "Microsoft-Windows-GroupPolicy", "Computer": "DESKTOP-OFJ6N53", "TimeCreated": "2025-08-21 00:45:27.252127+00:00", "RecordID": "894025", "Level": "4", "UserID": "S-1-5-18", "EventData.InfoDescription": "%%4166"}
{"EventID": "5321", "Channel": "Microsoft-Windows-GroupPolicy/Operational", "Provider_Name": "Microsoft-Windows-GroupPolicy", "Computer": "DESKTOP-OFJ6N53", "TimeCreated": "2025-08-21 00:45:27.253136+00:00", "RecordID": "894026", "Level": "4", "UserID": "S-1-5-18", "EventData.InfoDescription": "%%4167", "EventData.OperationParameter1": "ca8c187c-690f-4e75-a145-59fbcd59de5e"}
{"EventID": "5117", "Channel": "Microsoft-Windows-GroupPolicy/Operational", "Provider_Name": "Microsoft-Windows-GroupPolicy", "Computer": "DESKTOP-OFJ6N53", "TimeCreated": "2025-08-21 00:45:27.253820+00:00", "RecordID": "894027", "Level": "4", "UserID": "S-1-5-18", "EventData.IsMachine": "True", "EventData.SessionTimeElapsedInMilliseconds": "15"}
{"EventID": "4116", "Channel": "Microsoft-Windows-GroupPolicy/Operational", "Provider_Name": "Microsoft-Windows-GroupPolicy", "Computer": "DESKTOP-OFJ6N53", "TimeCreated": "2025-08-21 01:00:27.324697+00:00", "RecordID": "894028", "Level": "4", "UserID": "S-1-5-18"}
{"EventID": "4115", "Channel": "Microsoft-Windows-GroupPolicy/Operational", "Provider_Name": "Microsoft-Windows-GroupPolicy", "Computer": "DESKTOP-OFJ6N53", "TimeCreated": "2025-08-21 01:00:27.327848+00:00", "RecordID": "894029", "Level": "4", "UserID": "S-1-5-18", "EventData.IsServiceRestart": "True", "EventData.IsMachineBoot": "False"}
{"EventID": "5324", "Channel": "Microsoft-Windows-GroupPolicy/Operational", "Provider_Name": "Microsoft-Windows-GroupPolicy", "Computer": "DESKTOP-OFJ6N53", "TimeCreated": "2025-08-21 01:00:27.328543+00:00", "RecordID": "894030", "Level": "4", "UserID": "S-1-5-18", "EventData.NotificationType": "0", "EventData.SessionId": "0"}
{"EventID": "5351", "Channel": "Microsoft-Windows-GroupPolicy/Operational", "Provider_Name": "Microsoft-Windows-GroupPolicy", "Computer": "DESKTOP-OFJ6N53", "TimeCreated": "2025-08-21 01:00:27.328592+00:00", "RecordID": "894031", "Level": "4", "UserID": "S-1-5-18", "EventData.IsMachine": "False", "EventData.WinlogonReturnTimeElapsedInMilliseconds": "0"}
{"EventID": "4117", "Channel": "Microsoft-Windows-GroupPolicy/Operational", "Provider_Name": "Microsoft-Windows-GroupPolicy", "Computer": "DESKTOP-OFJ6N53", "TimeCreated": "2025-08-21 01:00:27.329668+00:00", "RecordID": "894032", "Level": "4", "UserID": "S-1-5-18", "EventData.IsMachine": "True", "EventData.IsBackgroundProcessing": "True", "EventData.IsAsyncProcessing": "False"}
{"EventID": "5351", "Channel": "Microsoft-Windows-GroupPolicy/Operational", "Provider_Name": "Microsoft-Windows-GroupPolicy", "Computer": "DESKTOP-OFJ6N53", "TimeCreated": "2025-08-21 01:00:27.332697+00:00", "RecordID": "894033", "Level": "4", "UserID": "S-1-5-18", "EventData.IsMachine": "False", "EventData.WinlogonReturnTimeElapsedInMilliseconds": "0"}
{"EventID": "5116", "Channel": "Microsoft-Windows-GroupPolicy/Operational", "Provider_Name": "Microsoft-Windows-GroupPolicy", "Computer": "DESKTOP-OFJ6N53", "TimeCreated": "2025-08-21 01:00:27.335764+00:00", "RecordID": "894034", "Level": "4", "UserID": "S-1-5-18", "EventData.GpsvcInitTimeElapsedInMilliseconds": "16"}
{"EventID": "5320", "Channel": "Microsoft-Windows-GroupPolicy/Operational", "Provider_Name": "Microsoft-Windows-GroupPolicy", "Computer": "DESKTOP-OFJ6N53", "TimeCreated": "2025-08-21 01:00:27.336594+00:00", "RecordID": "894035", "Level": "4", "UserID": "S-1-5-18", "EventData.InfoDescription": "%%4168"}
{"EventID": "5320", "Channel": "Microsoft-Windows-GroupPolicy/Operational", "Provider_Name": "Microsoft-Windows-GroupPolicy", "Computer": "DESKTOP-OFJ6N53", "TimeCreated": "2025-08-21 01:00:27.336643+00:00", "RecordID": "894036", "Level": "4", "UserID": "S-1-5-18", "EventData.InfoDescription": "%%4160"}
{"EventID": "5320", "Channel": "Microsoft-Windows-GroupPolicy/Operational", "Provider_Name": "Microsoft-Windows-GroupPolicy", "Computer": "DESKTOP-OFJ6N53", "TimeCreated": "2025-08-21 01:00:27.336645+00:00", "RecordID": "894037", "Level": "4", "UserID": "S-1-5-18", "EventData.InfoDescription": "%%4166"}
{"EventID": "5321", "Channel": "Microsoft-Windows-GroupPolicy/Operational", "Provider_Name": "Microsoft-Windows-GroupPolicy", "Computer": "DESKTOP-OFJ6N53", "TimeCreated": "2025-08-21 01:00:27.337633+00:00", "RecordID": "894038", "Level": "4", "UserID": "S-1-5-18", "EventData.InfoDescription": "%%4167", "EventData.OperationParameter1": "1de08630-5575-45d0-8a97-009d75201ef5"}
{"EventID": "4117", "Channel": "Microsoft-Windows-GroupPolicy/Operational", "Provider_Name": "Microsoft-Windows-GroupPolicy", "Computer": "DESKTOP-OFJ6N53", "TimeCreated": "2025-08-21 01:00:27.338272+00:00", "RecordID": "894039", "Level": "4", "UserID": "S-1-5-18", "EventData.IsMachine": "False", "EventData.IsBackgroundProcessing": "True", "EventData.IsAsyncProcessing": "False"}
{"EventID": "5117", "Channel": "Microsoft-Windows-GroupPolicy/Operational", "Provider_Name": "Microsoft-Windows-GroupPolicy", "Computer": "DESKTOP-OFJ6N53", "TimeCreated": "2025-08-21 01:00:27.338308+00:00", "RecordID": "894040", "Level": "4", "UserID": "S-1-5-18", "EventData.IsMachine": "True", "EventData.SessionTimeElapsedInMilliseconds": "0"}
{"EventID": "5117", "Channel": "Microsoft-Windows-GroupPolicy/Operational", "Provider_Name": "Microsoft-Windows-GroupPolicy", "Computer": "DESKTOP-OFJ6N53", "TimeCreated": "2025-08-21 01:00:27.339973+00:00", "RecordID": "894041", "Level": "4", "UserID": "S-1-5-18", "EventData.IsMachine": "False", "EventData.SessionTimeElapsedInMilliseconds": "0"}
{"EventID": "4116", "Channel": "Microsoft-Windows-GroupPolicy/Operational", "Provider_Name": "Microsoft-Windows-GroupPolicy", "Computer": "DESKTOP-OFJ6N53", "TimeCreated": "2025-08-21 01:15:27.415962+00:00", "RecordID": "894042", "Level": "4", "UserID": "S-1-5-18"}
{"EventID": "4115", "Channel": "Microsoft-Windows-GroupPolicy/Operational", "Provider_Name": "Microsoft-Windows-GroupPolicy", "Computer": "DESKTOP-OFJ6N53", "TimeCreated": "2025-08-21 01:15:27.418798+00:00", "RecordID": "894043", "Level": "4", "UserID": "S-1-5-18", "EventData.IsServiceRestart": "True", "EventData.IsMachineBoot": "False"}
{"EventID": "5324", "Channel": "Microsoft-Windows-GroupPolicy/Operational", "Provider_Name": "Microsoft-Windows-GroupPolicy", "Computer": "DESKTOP-OFJ6N53", "TimeCreated": "2025-08-21 01:15:27.419243+00:00", "RecordID": "894044", "Level": "4", "UserID": "S-1-5-18", "EventData.NotificationType": "0", "EventData.SessionId": "0"}
{"EventID": "5351", "Channel": "Microsoft-Windows-GroupPolicy/Operational", "Provider_Name": "Microsoft-Windows-GroupPolicy", "Computer": "DESKTOP-OFJ6N53", "TimeCreated": "2025-08-21 01:15:27.419306+00:00", "RecordID": "894045", "Level": "4", "UserID": "S-1-5-18", "EventData.IsMachine": "False", "EventData.WinlogonReturnTimeElapsedInMilliseconds": "0"}
{"EventID": "4117", "Channel": "Microsoft-Windows-GroupPolicy/Operational", "Provider_Name": "Microsoft-Windows-GroupPolicy", "Computer": "DESKTOP-OFJ6N53", "TimeCreated": "2025-08-21 01:15:27.420511+00:00", "RecordID": "894046", "Level": "4", "UserID": "S-1-5-18", "EventData.IsMachine": "True", "EventData.IsBackgroundProcessing": "True", "EventData.IsAsyncProcessing": "False"}
{"EventID": "5351", "Channel": "Microsoft-Windows-GroupPolicy/Operational", "Provider_Name": "Microsoft-Windows-GroupPolicy", "Computer": "DESKTOP-OFJ6N53", "TimeCreated": "2025-08-21 01:15:27.422375+00:00", "RecordID": "894047", "Level": "4", "UserID": "S-1-5-18", "EventData.IsMachine": "False", "EventData.WinlogonReturnTimeElapsedInMilliseconds": "0"}
{"EventID": "4117", "Channel": "Microsoft-Windows-GroupPolicy/Operational", "Provider_Name": "Microsoft-Windows-GroupPolicy", "Computer": "DESKTOP-OFJ6N53", "TimeCreated": "2025-08-21 01:15:27.424139+00:00", "RecordID": "894048", "Level": "4", "UserID": "S-1-5-18", "EventData.IsMachine": "False", "EventData.IsBackgroundProcessing": "True", "EventData.IsAsyncProcessing": "False"}
{"EventID": "5116", "Channel": "Microsoft-Windows-GroupPolicy/Operational", "Provider_Name": "Microsoft-Windows-GroupPolicy", "Computer": "DESKTOP-OFJ6N53", "TimeCreated": "2025-08-21 01:15:27.424910+00:00", "RecordID": "894049", "Level": "4", "UserID": "S-1-5-18", "EventData.GpsvcInitTimeElapsedInMilliseconds": "15"}
{"EventID": "5320", "Channel": "Microsoft-Windows-GroupPolicy/Operational", "Provider_Name": "Microsoft-Windows-GroupPolicy", "Computer": "DESKTOP-OFJ6N53", "TimeCreated": "2025-08-21 01:15:27.425501+00:00", "RecordID": "894050", "Level": "4", "UserID": "S-1-5-18", "EventData.InfoDescription": "%%4168"}
{"EventID": "5320", "Channel": "Microsoft-Windows-GroupPolicy/Operational", "Provider_Name": "Microsoft-Windows-GroupPolicy", "Computer": "DESKTOP-OFJ6N53", "TimeCreated": "2025-08-21 01:15:27.425524+00:00", "RecordID": "894051", "Level": "4", "UserID": "S-1-5-18", "EventData.InfoDescription": "%%4160"}
{"EventID": "5320", "Channel": "Microsoft-Windows-GroupPolicy/Operational", "Provider_Name": "Microsoft-Windows-GroupPolicy", "Computer": "DESKTOP-OFJ6N53", "TimeCreated": "2025-08-21 01:15:27.425524+00:00", "RecordID": "894052", "Level": "4", "UserID": "S-1-5-18", "EventData.InfoDescription": "%%4166"}
{"EventID": "5321", "Channel": "Microsoft-Windows-GroupPolicy/Operational", "Provider_Name": "Microsoft-Windows-GroupPolicy", "Computer": "DESKTOP-OFJ6N53", "TimeCreated": "2025-08-21 01:15:27.426525+00:00", "RecordID": "894053", "Level": "4", "UserID": "S-1-5-18", "EventData.InfoDescription": "%%4167", "EventData.OperationParameter1": "929dcf25-0ffc-4bdc-8516-b9cd1d6deb40"}
{"EventID": "5117", "Channel": "Microsoft-Windows-GroupPolicy/Operational", "Provider_Name": "Microsoft-Windows-GroupPolicy", "Computer": "DESKTOP-OFJ6N53", "TimeCreated": "2025-08-21 01:15:27.427448+00:00", "RecordID": "894054", "Level": "4", "UserID": "S-1-5-18", "EventData.IsMachine": "False", "EventData.SessionTimeElapsedInMilliseconds": "0"}
{"EventID": "5117", "Channel": "Microsoft-Windows-GroupPolicy/Operational", "Provider_Name": "Microsoft-Windows-GroupPolicy", "Computer": "DESKTOP-OFJ6N53", "TimeCreated": "2025-08-21 01:15:27.476326+00:00", "RecordID": "894055", "Level": "4", "UserID": "S-1-5-18", "EventData.IsMachine": "True", "EventData.SessionTimeElapsedInMilliseconds": "62"}
{"EventID": "4116", "Channel": "Microsoft-Windows-GroupPolicy/Operational", "Provider_Name": "Microsoft-Windows-GroupPolicy", "Computer": "DESKTOP-OFJ6N53", "TimeCreated": "2025-08-21 01:30:27.497568+00:00", "RecordID": "894056", "Level": "4", "UserID": "S-1-5-18"}
{"EventID": "4115", "Channel": "Microsoft-Windows-GroupPolicy/Operational", "Provider_Name": "Microsoft-Windows-GroupPolicy", "Computer": "DESKTOP-OFJ6N53", "TimeCreated": "2025-08-21 01:30:27.500826+00:00", "RecordID": "894057", "Level": "4", "UserID": "S-1-5-18", "EventData.IsServiceRestart": "True", "EventData.IsMachineBoot": "False"}
{"EventID": "5324", "Channel": "Microsoft-Windows-GroupPolicy/Operational", "Provider_Name": "Microsoft-Windows-GroupPolicy", "Computer": "DESKTOP-OFJ6N53", "TimeCreated": "2025-08-21 01:30:27.501507+00:00", "RecordID": "894058", "Level": "4", "UserID": "S-1-5-18", "EventData.NotificationType": "0", "EventData.SessionId": "0"}
{"EventID": "5351", "Channel": "Microsoft-Windows-GroupPolicy/Operational", "Provider_Name": "Microsoft-Windows-GroupPolicy", "Computer": "DESKTOP-OFJ6N53", "TimeCreated": "2025-08-21 01:30:27.501617+00:00", "RecordID": "894059", "Level": "4", "UserID": "S-1-5-18", "EventData.IsMachine": "False", "EventData.WinlogonReturnTimeElapsedInMilliseconds": "0"}
{"EventID": "4117", "Channel": "Microsoft-Windows-GroupPolicy/Operational", "Provider_Name": "Microsoft-Windows-GroupPolicy", "Computer": "DESKTOP-OFJ6N53", "TimeCreated": "2025-08-21 01:30:27.503481+00:00", "RecordID": "894060", "Level": "4", "UserID": "S-1-5-18", "EventData.IsMachine": "True", "EventData.IsBackgroundProcessing": "True", "EventData.IsAsyncProcessing": "False"}
{"EventID": "5351", "Channel": "Microsoft-Windows-GroupPolicy/Operational", "Provider_Name": "Microsoft-Windows-GroupPolicy", "Computer": "DESKTOP-OFJ6N53", "TimeCreated": "2025-08-21 01:30:27.504957+00:00", "RecordID": "894061", "Level": "4", "UserID": "S-1-5-18", "EventData.IsMachine": "False", "EventData.WinlogonReturnTimeElapsedInMilliseconds": "0"}
{"EventID": "4117", "Channel": "Microsoft-Windows-GroupPolicy/Operational", "Provider_Name": "Microsoft-Windows-GroupPolicy", "Computer": "DESKTOP-OFJ6N53", "TimeCreated": "2025-08-21 01:30:27.506754+00:00", "RecordID": "894062", "Level": "4", "UserID": "S-1-5-18", "EventData.IsMachine": "False", "EventData.IsBackgroundProcessing": "True", "EventData.IsAsyncProcessing": "False"}
{"EventID": "5116", "Channel": "Microsoft-Windows-GroupPolicy/Operational", "Provider_Name": "Microsoft-Windows-GroupPolicy", "Computer": "DESKTOP-OFJ6N53", "TimeCreated": "2025-08-21 01:30:27.507553+00:00", "RecordID": "894063", "Level": "4", "UserID": "S-1-5-18", "EventData.GpsvcInitTimeElapsedInMilliseconds": "15"}
{"EventID": "5320", "Channel": "Microsoft-Windows-GroupPolicy/Operational", "Provider_Name": "Microsoft-Windows-GroupPolicy", "Computer": "DESKTOP-OFJ6N53", "TimeCreated": "2025-08-21 01:30:27.508736+00:00", "RecordID": "894064", "Level": "4", "UserID": "S-1-5-18", "EventData.InfoDescription": "%%4168"}
{"EventID": "5320", "Channel": "Microsoft-Windows-GroupPolicy/Operational", "Provider_Name": "Microsoft-Windows-GroupPolicy", "Computer": "DESKTOP-OFJ6N53", "TimeCreated": "2025-08-21 01:30:27.508781+00:00", "RecordID": "894065", "Level": "4", "UserID": "S-1-5-18", "EventData.InfoDescription": "%%4160"}
{"EventID": "5320", "Channel": "Microsoft-Windows-GroupPolicy/Operational", "Provider_Name": "Microsoft-Windows-GroupPolicy", "Computer": "DESKTOP-OFJ6N53", "TimeCreated": "2025-08-21 01:30:27.508781+00:00", "RecordID": "894066", "Level": "4", "UserID": "S-1-5-18", "EventData.InfoDescription": "%%4166"}
{"EventID": "5117", "Channel": "Microsoft-Windows-GroupPolicy/Operational", "Provider_Name": "Microsoft-Windows-GroupPolicy", "Computer": "DESKTOP-OFJ6N53", "TimeCreated": "2025-08-21 01:30:27.508905+00:00", "RecordID": "894067", "Level": "4", "UserID": "S-1-5-18", "EventData.IsMachine": "False", "EventData.SessionTimeElapsedInMilliseconds": "0"}
{"EventID": "5321", "Channel": "Microsoft-Windows-GroupPolicy/Operational", "Provider_Name": "Microsoft-Windows-GroupPolicy", "Computer": "DESKTOP-OFJ6N53", "TimeCreated": "2025-08-21 01:30:27.509426+00:00", "RecordID": "894068", "Level": "4", "UserID": "S-1-5-18", "EventData.InfoDescription": "%%4167", "EventData.OperationParameter1": "b315353d-c1c0-4328-b3eb-49891973e37f"}
{"EventID": "5117", "Channel": "Microsoft-Windows-GroupPolicy/Operational", "Provider_Name": "Microsoft-Windows-GroupPolicy", "Computer": "DESKTOP-OFJ6N53", "TimeCreated": "2025-08-21 01:30:27.510876+00:00", "RecordID": "894069", "Level": "4", "UserID": "S-1-5-18", "EventData.IsMachine": "True", "EventData.SessionTimeElapsedInMilliseconds": "0"}
{"EventID": "4116", "Channel": "Microsoft-Windows-GroupPolicy/Operational", "Provider_Name": "Microsoft-Windows-GroupPolicy", "Computer": "DESKTOP-OFJ6N53", "TimeCreated": "2025-08-21 01:45:27.583893+00:00", "RecordID": "894070", "Level": "4", "UserID": "S-1-5-18"}
{"EventID": "4115", "Channel": "Microsoft-Windows-GroupPolicy/Operational", "Provider_Name": "Microsoft-Windows-GroupPolicy", "Computer": "DESKTOP-OFJ6N53", "TimeCreated": "2025-08-21 01:45:27.588430+00:00", "RecordID": "894071", "Level": "4", "UserID": "S-1-5-18", "EventData.IsServiceRestart": "True", "EventData.IsMachineBoot": "False"}
{"EventID": "5324", "Channel": "Microsoft-Windows-GroupPolicy/Operational", "Provider_Name": "Microsoft-Windows-GroupPolicy", "Computer": "DESKTOP-OFJ6N53", "TimeCreated": "2025-08-21 01:45:27.589151+00:00", "RecordID": "894072", "Level": "4", "UserID": "S-1-5-18", "EventData.NotificationType": "0", "EventData.SessionId": "0"}
{"EventID": "5351", "Channel": "Microsoft-Windows-GroupPolicy/Operational", "Provider_Name": "Microsoft-Windows-GroupPolicy", "Computer": "DESKTOP-OFJ6N53", "TimeCreated": "2025-08-21 01:45:27.589220+00:00", "RecordID": "894073", "Level": "4", "UserID": "S-1-5-18", "EventData.IsMachine": "False", "EventData.WinlogonReturnTimeElapsedInMilliseconds": "0"}
{"EventID": "4117", "Channel": "Microsoft-Windows-GroupPolicy/Operational", "Provider_Name": "Microsoft-Windows-GroupPolicy", "Computer": "DESKTOP-OFJ6N53", "TimeCreated": "2025-08-21 01:45:27.590923+00:00", "RecordID": "894074", "Level": "4", "UserID": "S-1-5-18", "EventData.IsMachine": "True", "EventData.IsBackgroundProcessing": "True", "EventData.IsAsyncProcessing": "False"}
{"EventID": "5351", "Channel": "Microsoft-Windows-GroupPolicy/Operational", "Provider_Name": "Microsoft-Windows-GroupPolicy", "Computer": "DESKTOP-OFJ6N53", "TimeCreated": "2025-08-21 01:45:27.592880+00:00", "RecordID": "894075", "Level": "4", "UserID": "S-1-5-18", "EventData.IsMachine": "False", "EventData.WinlogonReturnTimeElapsedInMilliseconds": "0"}
{"EventID": "4117", "Channel": "Microsoft-Windows-GroupPolicy/Operational", "Provider_Name": "Microsoft-Windows-GroupPolicy", "Computer": "DESKTOP-OFJ6N53", "TimeCreated": "2025-08-21 01:45:27.594795+00:00", "RecordID": "894076", "Level": "4", "UserID": "S-1-5-18", "EventData.IsMachine": "False", "EventData.IsBackgroundProcessing": "True", "EventData.IsAsyncProcessing": "False"}
{"EventID": "5116", "Channel": "Microsoft-Windows-GroupPolicy/Operational", "Provider_Name": "Microsoft-Windows-GroupPolicy", "Computer": "DESKTOP-OFJ6N53", "TimeCreated": "2025-08-21 01:45:27.595438+00:00", "RecordID": "894077", "Level": "4", "UserID": "S-1-5-18", "EventData.GpsvcInitTimeElapsedInMilliseconds": "15"}
{"EventID": "5320", "Channel": "Microsoft-Windows-GroupPolicy/Operational", "Provider_Name": "Microsoft-Windows-GroupPolicy", "Computer": "DESKTOP-OFJ6N53", "TimeCreated": "2025-08-21 01:45:27.596352+00:00", "RecordID": "894078", "Level": "4", "UserID": "S-1-5-18", "EventData.InfoDescription": "%%4168"}
{"EventID": "5320", "Channel": "Microsoft-Windows-GroupPolicy/Operational", "Provider_Name": "Microsoft-Windows-GroupPolicy", "Computer": "DESKTOP-OFJ6N53", "TimeCreated": "2025-08-21 01:45:27.596392+00:00", "RecordID": "894079", "Level": "4", "UserID": "S-1-5-18", "EventData.InfoDescription": "%%4160"}
{"EventID": "5320", "Channel": "Microsoft-Windows-GroupPolicy/Operational", "Provider_Name": "Microsoft-Windows-GroupPolicy", "Computer": "DESKTOP-OFJ6N53", "TimeCreated": "2025-08-21 01:45:27.596394+00:00", "RecordID": "894080", "Level": "4", "UserID": "S-1-5-18", "EventData.InfoDescription": "%%4166"}
{"EventID": "5117", "Channel": "Microsoft-Windows-GroupPolicy/Operational", "Provider_Name": "Microsoft-Windows-GroupPolicy", "Computer": "DESKTOP-OFJ6N53", "TimeCreated": "2025-08-21 01:45:27.596945+00:00", "RecordID": "894081", "Level": "4", "UserID": "S-1-5-18", "EventData.IsMachine": "False", "EventData.SessionTimeElapsedInMilliseconds": "15"}
{"EventID": "5321", "Channel": "Microsoft-Windows-GroupPolicy/Operational", "Provider_Name": "Microsoft-Windows-GroupPolicy", "Computer": "DESKTOP-OFJ6N53", "TimeCreated": "2025-08-21 01:45:27.597256+00:00", "RecordID": "894082", "Level": "4", "UserID": "S-1-5-18", "EventData.InfoDescription": "%%4167", "EventData.OperationParameter1": "4563059d-d115-4680-9a6e-de85c92ea35a"}
{"EventID": "5117", "Channel": "Microsoft-Windows-GroupPolicy/Operational", "Provider_Name": "Microsoft-Windows-GroupPolicy", "Computer": "DESKTOP-OFJ6N53", "TimeCreated": "2025-08-21 01:45:27.597933+00:00", "RecordID": "894083", "Level": "4", "UserID": "S-1-5-18", "EventData.IsMachine": "True", "EventData.SessionTimeElapsedInMilliseconds": "15"}
{"EventID": "4116", "Channel": "Microsoft-Windows-GroupPolicy/Operational", "Provider_Name": "Microsoft-Windows-GroupPolicy", "Computer": "DESKTOP-OFJ6N53", "TimeCreated": "2025-08-21 02:00:27.672718+00:00", "RecordID": "894084", "Level": "4", "UserID": "S-1-5-18"}
{"EventID": "4115", "Channel": "Microsoft-Windows-GroupPolicy/Operational", "Provider_Name": "Microsoft-Windows-GroupPolicy", "Computer": "DESKTOP-OFJ6N53", "TimeCreated": "2025-08-21 02:00:27.676233+00:00", "RecordID": "894085", "Level": "4", "UserID": "S-1-5-18", "EventData.IsServiceRestart": "True", "EventData.IsMachineBoot": "False"}
