{"EventID": "101", "Channel": "Microsoft-Windows-Diagnosis-Scripted/Operational", "Provider_Name": "Microsoft-Windows-Diagnosis-Scripted", "Computer": "DESKTOP-OFJ6N53", "TimeCreated": "2022-03-03 09:43:12.861259+00:00", "RecordID": "1", "Level": "4", "UserID": "S-1-5-21-963789628-1060504924-4285088085-1001", "EventData.PackagePath": "C:\\Windows\\diagnostics\\scheduled\\Maintenance"}
{"EventID": "102", "Channel": "Microsoft-Windows-Diagnosis-Scripted/Operational", "Provider_Name": "Microsoft-Windows-Diagnosis-Scripted", "Computer": "DESKTOP-OFJ6N53", "TimeCreated": "2022-03-03 09:43:13.627903+00:00", "RecordID": "2", "Level": "4", "UserID": "S-1-5-21-963789628-1060504924-4285088085-1001", "EventData.PackagePath": "C:\\Windows\\diagnostics\\scheduled\\Maintenance"}
{"EventID": "103", "Channel": "Microsoft-Windows-Diagnosis-Scripted/Operational", "Provider_Name": "Microsoft-Windows-Diagnosis-Scripted", "Computer": "DESKTOP-OFJ6N53", "TimeCreated": "2022-03-03 09:43:13.632092+00:00", "RecordID": "3", "Level": "4", "UserID": "S-1-5-21-963789628-1060504924-4285088085-1001", "EventData.PackageId": "MaintenanceDiagnostic"}
{"EventID": "104", "Channel": "Microsoft-Windows-Diagnosis-Scripted/Operational", "Provider_Name": "Microsoft-Windows-Diagnosis-Scripted", "Computer": "DESKTOP-OFJ6N53", "TimeCreated": "2022-03-03 09:43:19.237782+00:00", "RecordID": "4", "Level": "4", "UserID": "S-1-5-21-963789628-1060504924-4285088085-1001", "EventData.PackageId": "MaintenanceDiagnostic"}
{"EventID": "101", "Channel": "Microsoft-Windows-Diagnosis-Scripted/Operational", "Provider_Name": "Microsoft-Windows-Diagnosis-Scripted", "Computer": "DESKTOP-OFJ6N53", "TimeCreated": "2022-03-06 09:18:35.770880+00:00", "RecordID": "5", "Level": "4", "UserID": "S-1-5-21-963789628-1060504924-4285088085-1001", "EventData.PackagePath": "C:\\Windows\\diagnostics\\scheduled\\Maintenance"}
{"EventID": "102", "Channel": "Microsoft-Windows-Diagnosis-Scripted/Operational", "Provider_Name": "Microsoft-Windows-Diagnosis-Scripted", "Computer": "DESKTOP-OFJ6N53", "TimeCreated": "2022-03-06 09:18:37.348244+00:00", "RecordID": "6", "Level": "4", "UserID": "S-1-5-21-963789628-1060504924-4285088085-1001", "EventData.PackagePath": "C:\\Windows\\diagnostics\\scheduled\\Maintenance"}
{"EventID": "103", "Channel": "Microsoft-Windows-Diagnosis-Scripted/Operational", "Provider_Name": "Microsoft-Windows-Diagnosis-Scripted", "Computer": "DESKTOP-OFJ6N53", "TimeCreated": "2022-03-06 09:18:37.349722+00:00", "RecordID": "7", "Level": "4", "UserID": "S-1-5-21-963789628-1060504924-4285088085-1001", "EventData.PackageId": "MaintenanceDiagnostic"}
{"EventID": "104", "Channel": "Microsoft-Windows-Diagnosis-Scripted/Operational", "Provider_Name": "Microsoft-Windows-Diagnosis-Scripted", "Computer": "DESKTOP-OFJ6N53", "TimeCreated": "2022-03-06 09:18:50.767038+00:00", "RecordID": "8", "Level": "4", "UserID": "S-1-5-21-963789628-1060504924-4285088085-1001", "EventData.PackageId": "MaintenanceDiagnostic"}
{"EventID": "101", "Channel": "Microsoft-Windows-Diagnosis-Scripted/Operational", "Provider_Name": "Microsoft-Windows-Diagnosis-Scripted", "Computer": "DESKTOP-OFJ6N53", "TimeCreated": "2022-03-13 08:25:15.871250+00:00", "RecordID": "9", "Level": "4", "UserID": "S-1-5-21-963789628-1060504924-4285088085-1001", "EventData.PackagePath": "C:\\Windows\\diagnostics\\scheduled\\Maintenance"}
{"EventID": "102", "Channel": "Microsoft-Windows-Diagnosis-Scripted/Operational", "Provider_Name": "Microsoft-Windows-Diagnosis-Scripted", "Computer": "DESKTOP-OFJ6N53", "TimeCreated": "2022-03-13 08:25:16.531845+00:00", "RecordID": "10", "Level": "4", "UserID": "S-1-5-21-963789628-1060504924-4285088085-1001", "EventData.PackagePath": "C:\\Windows\\diagnostics\\scheduled\\Maintenance"}
{"EventID": "103", "Channel": "Microsoft-Windows-Diagnosis-Scripted/Operational", "Provider_Name": "Microsoft-Windows-Diagnosis-Scripted", "Computer": "DESKTOP-OFJ6N53", "TimeCreated": "2022-03-13 08:25:16.533520+00:00", "RecordID": "11", "Level": "4", "UserID": "S-1-5-21-963789628-1060504924-4285088085-1001", "EventData.PackageId": "MaintenanceDiagnostic"}
{"EventID": "104", "Channel": "Microsoft-Windows-Diagnosis-Scripted/Operational", "Provider_Name": "Microsoft-Windows-Diagnosis-Scripted", "Computer": "DESKTOP-OFJ6N53", "TimeCreated": "2022-03-13 08:25:22.105907+00:00", "RecordID": "12", "Level": "4", "UserID": "S-1-5-21-963789628-1060504924-4285088085-1001", "EventData.PackageId": "MaintenanceDiagnostic"}
{"EventID": "101", "Channel": "Microsoft-Windows-Diagnosis-Scripted/Operational", "Provider_Name": "Microsoft-Windows-Diagnosis-Scripted", "Computer": "DESKTOP-OFJ6N53", "TimeCreated": "2022-03-20 08:45:00.634007+00:00", "RecordID": "13", "Level": "4", "UserID": "S-1-5-21-963789628-1060504924-4285088085-1001", "EventData.PackagePath": "C:\\Windows\\diagnostics\\scheduled\\Maintenance"}
{"EventID": "102", "Channel": "Microsoft-Windows-Diagnosis-Scripted/Operational", "Provider_Name": "Microsoft-Windows-Diagnosis-Scripted", "Computer": "DESKTOP-OFJ6N53", "TimeCreated": "2022-03-20 08:45:00.866888+00:00", "RecordID": "14", "Level": "4", "UserID": "S-1-5-21-963789628-1060504924-4285088085-1001", "EventData.PackagePath": "C:\\Windows\\diagnostics\\scheduled\\Maintenance"}
{"EventID": "103", "Channel": "Microsoft-Windows-Diagnosis-Scripted/Operational", "Provider_Name": "Microsoft-Windows-Diagnosis-Scripted", "Computer": "DESKTOP-OFJ6N53", "TimeCreated": "2022-03-20 08:45:00.868698+00:00", "RecordID": "15", "Level": "4", "UserID": "S-1-5-21-963789628-1060504924-4285088085-1001", "EventData.PackageId": "MaintenanceDiagnostic"}
{"EventID": "104", "Channel": "Microsoft-Windows-Diagnosis-Scripted/Operational", "Provider_Name": "Microsoft-Windows-Diagnosis-Scripted", "Computer": "DESKTOP-OFJ6N53", "TimeCreated": "2022-03-20 08:45:04.445869+00:00", "RecordID": "16", "Level": "4", "UserID": "S-1-5-21-963789628-1060504924-4285088085-1001", "EventData.PackageId": "MaintenanceDiagnostic"}
{"EventID": "101", "Channel": "Microsoft-Windows-Diagnosis-Scripted/Operational", "Provider_Name": "Microsoft-Windows-Diagnosis-Scripted", "Computer": "DESKTOP-OFJ6N53", "TimeCreated": "2022-03-27 08:45:04.296629+00:00", "RecordID": "17", "Level": "4", "UserID": "S-1-5-21-963789628-1060504924-4285088085-1001", "EventData.PackagePath": "C:\\Windows\\diagnostics\\scheduled\\Maintenance"}
{"EventID": "102", "Channel": "Microsoft-Windows-Diagnosis-Scripted/Operational", "Provider_Name": "Microsoft-Windows-Diagnosis-Scripted", "Computer": "DESKTOP-OFJ6N53", "TimeCreated": "2022-03-27 08:45:04.524855+00:00", "RecordID": "18", "Level": "4", "UserID": "S-1-5-21-963789628-1060504924-4285088085-1001", "EventData.PackagePath": "C:\\Windows\\diagnostics\\scheduled\\Maintenance"}
{"EventID": "103", "Channel": "Microsoft-Windows-Diagnosis-Scripted/Operational", "Provider_Name": "Microsoft-Windows-Diagnosis-Scripted", "Computer": "DESKTOP-OFJ6N53", "TimeCreated": "2022-03-27 08:45:04.527630+00:00", "RecordID": "19", "Level": "4", "UserID": "S-1-5-21-963789628-1060504924-4285088085-1001", "EventData.PackageId": "MaintenanceDiagnostic"}
{"EventID": "104", "Channel": "Microsoft-Windows-Diagnosis-Scripted/Operational", "Provider_Name": "Microsoft-Windows-Diagnosis-Scripted", "Computer": "DESKTOP-OFJ6N53", "TimeCreated": "2022-03-27 08:45:08.359037+00:00", "RecordID": "20", "Level": "4", "UserID": "S-1-5-21-963789628-1060504924-4285088085-1001", "EventData.PackageId": "MaintenanceDiagnostic"}
{"EventID": "101", "Channel": "Microsoft-Windows-Diagnosis-Scripted/Operational", "Provider_Name": "Microsoft-Windows-Diagnosis-Scripted", "Computer": "DESKTOP-OFJ6N53", "TimeCreated": "2022-04-03 08:45:04.363285+00:00", "RecordID": "21", "Level": "4", "UserID": "S-1-5-21-963789628-1060504924-4285088085-1001", "EventData.PackagePath": "C:\\Windows\\diagnostics\\scheduled\\Maintenance"}
{"EventID": "102", "Channel": "Microsoft-Windows-Diagnosis-Scripted/Operational", "Provider_Name": "Microsoft-Windows-Diagnosis-Scripted", "Computer": "DESKTOP-OFJ6N53", "TimeCreated": "2022-04-03 08:45:06.051056+00:00", "RecordID": "22", "Level": "4", "UserID": "S-1-5-21-963789628-1060504924-4285088085-1001", "EventData.PackagePath": "C:\\Windows\\diagnostics\\scheduled\\Maintenance"}
{"EventID": "103", "Channel": "Microsoft-Windows-Diagnosis-Scripted/Operational", "Provider_Name": "Microsoft-Windows-Diagnosis-Scripted", "Computer": "DESKTOP-OFJ6N53", "TimeCreated": "2022-04-03 08:45:06.054731+00:00", "RecordID": "23", "Level": "4", "UserID": "S-1-5-21-963789628-1060504924-4285088085-1001", "EventData.PackageId": "MaintenanceDiagnostic"}
{"EventID": "104", "Channel": "Microsoft-Windows-Diagnosis-Scripted/Operational", "Provider_Name": "Microsoft-Windows-Diagnosis-Scripted", "Computer": "DESKTOP-OFJ6N53", "TimeCreated": "2022-04-03 08:45:12.892128+00:00", "RecordID": "24", "Level": "4", "UserID": "S-1-5-21-963789628-1060504924-4285088085-1001", "EventData.PackageId": "MaintenanceDiagnostic"}
{"EventID": "101", "Channel": "Microsoft-Windows-Diagnosis-Scripted/Operational", "Provider_Name": "Microsoft-Windows-Diagnosis-Scripted", "Computer": "DESKTOP-OFJ6N53", "TimeCreated": "2022-04-10 08:45:04.382439+00:00", "RecordID": "25", "Level": "4", "UserID": "S-1-5-21-963789628-1060504924-4285088085-1001", "EventData.PackagePath": "C:\\Windows\\diagnostics\\scheduled\\Maintenance"}
{"EventID": "102", "Channel": "Microsoft-Windows-Diagnosis-Scripted/Operational", "Provider_Name": "Microsoft-Windows-Diagnosis-Scripted", "Computer": "DESKTOP-OFJ6N53", "TimeCreated": "2022-04-10 08:45:04.684074+00:00", "RecordID": "26", "Level": "4", "UserID": "S-1-5-21-963789628-1060504924-4285088085-1001", "EventData.PackagePath": "C:\\Windows\\diagnostics\\scheduled\\Maintenance"}
{"EventID": "103", "Channel": "Microsoft-Windows-Diagnosis-Scripted/Operational", "Provider_Name": "Microsoft-Windows-Diagnosis-Scripted", "Computer": "DESKTOP-OFJ6N53", "TimeCreated": "2022-04-10 08:45:04.686949+00:00", "RecordID": "27", "Level": "4", "UserID": "S-1-5-21-963789628-1060504924-4285088085-1001", "EventData.PackageId": "MaintenanceDiagnostic"}
{"EventID": "104", "Channel": "Microsoft-Windows-Diagnosis-Scripted/Operational", "Provider_Name": "Microsoft-Windows-Diagnosis-Scripted", "Computer": "DESKTOP-OFJ6N53", "TimeCreated": "2022-04-10 08:45:09.027464+00:00", "RecordID": "28", "Level": "4", "UserID": "S-1-5-21-963789628-1060504924-4285088085-1001", "EventData.PackageId": "MaintenanceDiagnostic"}
{"EventID": "101", "Channel": "Microsoft-Windows-Diagnosis-Scripted/Operational", "Provider_Name": "Microsoft-Windows-Diagnosis-Scripted", "Computer": "DESKTOP-OFJ6N53", "TimeCreated": "2022-04-17 08:34:31.267229+00:00", "RecordID": "29", "Level": "4", "UserID": "S-1-5-21-963789628-1060504924-4285088085-1001", "EventData.PackagePath": "C:\\Windows\\diagnostics\\scheduled\\Maintenance"}
{"EventID": "102", "Channel": "Microsoft-Windows-Diagnosis-Scripted/Operational", "Provider_Name": "Microsoft-Windows-Diagnosis-Scripted", "Computer": "DESKTOP-OFJ6N53", "TimeCreated": "2022-04-17 08:34:31.411907+00:00", "RecordID": "30", "Level": "4", "UserID": "S-1-5-21-963789628-1060504924-4285088085-1001", "EventData.PackagePath": "C:\\Windows\\diagnostics\\scheduled\\Maintenance"}
{"EventID": "103", "Channel": "Microsoft-Windows-Diagnosis-Scripted/Operational", "Provider_Name": "Microsoft-Windows-Diagnosis-Scripted", "Computer": "DESKTOP-OFJ6N53", "TimeCreated": "2022-04-17 08:34:31.413418+00:00", "RecordID": "31", "Level": "4", "UserID": "S-1-5-21-963789628-1060504924-4285088085-1001", "EventData.PackageId": "MaintenanceDiagnostic"}
{"EventID": "104", "Channel": "Microsoft-Windows-Diagnosis-Scripted/Operational", "Provider_Name": "Microsoft-Windows-Diagnosis-Scripted", "Computer": "DESKTOP-OFJ6N53", "TimeCreated": "2022-04-17 08:34:33.727760+00:00", "RecordID": "32", "Level": "4", "UserID": "S-1-5-21-963789628-1060504924-4285088085-1001", "EventData.PackageId": "MaintenanceDiagnostic"}
{"EventID": "101", "Channel": "Microsoft-Windows-Diagnosis-Scripted/Operational", "Provider_Name": "Microsoft-Windows-Diagnosis-Scripted", "Computer": "DESKTOP-OFJ6N53", "TimeCreated": "2022-04-24 08:34:45.240723+00:00", "RecordID": "33", "Level": "4", "UserID": "S-1-5-21-963789628-1060504924-4285088085-1001", "EventData.PackagePath": "C:\\Windows\\diagnostics\\scheduled\\Maintenance"}
{"EventID": "102", "Channel": "Microsoft-Windows-Diagnosis-Scripted/Operational", "Provider_Name": "Microsoft-Windows-Diagnosis-Scripted", "Computer": "DESKTOP-OFJ6N53", "TimeCreated": "2022-04-24 08:34:45.384594+00:00", "RecordID": "34", "Level": "4", "UserID": "S-1-5-21-963789628-1060504924-4285088085-1001", "EventData.PackagePath": "C:\\Windows\\diagnostics\\scheduled\\Maintenance"}
{"EventID": "103", "Channel": "Microsoft-Windows-Diagnosis-Scripted/Operational", "Provider_Name": "Microsoft-Windows-Diagnosis-Scripted", "Computer": "DESKTOP-OFJ6N53", "TimeCreated": "2022-04-24 08:34:45.386295+00:00", "RecordID": "35", "Level": "4", "UserID": "S-1-5-21-963789628-1060504924-4285088085-1001", "EventData.PackageId": "MaintenanceDiagnostic"}
{"EventID": "104", "Channel": "Microsoft-Windows-Diagnosis-Scripted/Operational", "Provider_Name": "Microsoft-Windows-Diagnosis-Scripted", "Computer": "DESKTOP-OFJ6N53", "TimeCreated": "2022-04-24 08:34:46.677080+00:00", "RecordID": "36", "Level": "4", "UserID": "S-1-5-21-963789628-1060504924-4285088085-1001", "EventData.PackageId": "MaintenanceDiagnostic"}
{"EventID": "101", "Channel": "Microsoft-Windows-Diagnosis-Scripted/Operational", "Provider_Name": "Microsoft-Windows-Diagnosis-Scripted", "Computer": "DESKTOP-OFJ6N53", "TimeCreated": "2022-05-05 10:14:19.953859+00:00", "RecordID": "37", "Level": "4", "UserID": "S-1-5-21-963789628-1060504924-4285088085-1001", "EventData.PackagePath": "C:\\Windows\\diagnostics\\scheduled\\Maintenance"}
{"EventID": "102", "Channel": "Microsoft-Windows-Diagnosis-Scripted/Operational", "Provider_Name": "Microsoft-Windows-Diagnosis-Scripted", "Computer": "DESKTOP-OFJ6N53", "TimeCreated": "2022-05-05 10:14:20.135000+00:00", "RecordID": "38", "Level": "4", "UserID": "S-1-5-21-963789628-1060504924-4285088085-1001", "EventData.PackagePath": "C:\\Windows\\diagnostics\\scheduled\\Maintenance"}
{"EventID": "103", "Channel": "Microsoft-Windows-Diagnosis-Scripted/Operational", "Provider_Name": "Microsoft-Windows-Diagnosis-Scripted", "Computer": "DESKTOP-OFJ6N53", "TimeCreated": "2022-05-05 10:14:20.136629+00:00", "RecordID": "39", "Level": "4", "UserID": "S-1-5-21-963789628-1060504924-4285088085-1001", "EventData.PackageId": "MaintenanceDiagnostic"}
{"EventID": "104", "Channel": "Microsoft-Windows-Diagnosis-Scripted/Operational", "Provider_Name": "Microsoft-Windows-Diagnosis-Scripted", "Computer": "DESKTOP-OFJ6N53", "TimeCreated": "2022-05-05 10:14:24.479282+00:00", "RecordID": "40", "Level": "4", "UserID": "S-1-5-21-963789628-1060504924-4285088085-1001", "EventData.PackageId": "MaintenanceDiagnostic"}
{"EventID": "101", "Channel": "Microsoft-Windows-Diagnosis-Scripted/Operational", "Provider_Name": "Microsoft-Windows-Diagnosis-Scripted", "Computer": "DESKTOP-OFJ6N53", "TimeCreated": "2022-05-08 10:01:01.937347+00:00", "RecordID": "41", "Level": "4", "UserID": "S-1-5-21-963789628-1060504924-4285088085-1001", "EventData.PackagePath": "C:\\Windows\\diagnostics\\scheduled\\Maintenance"}
{"EventID": "102", "Channel": "Microsoft-Windows-Diagnosis-Scripted/Operational", "Provider_Name": "Microsoft-Windows-Diagnosis-Scripted", "Computer": "DESKTOP-OFJ6N53", "TimeCreated": "2022-05-08 10:01:04.165510+00:00", "RecordID": "42", "Level": "4", "UserID": "S-1-5-21-963789628-1060504924-4285088085-1001", "EventData.PackagePath": "C:\\Windows\\diagnostics\\scheduled\\Maintenance"}
{"EventID": "103", "Channel": "Microsoft-Windows-Diagnosis-Scripted/Operational", "Provider_Name": "Microsoft-Windows-Diagnosis-Scripted", "Computer": "DESKTOP-OFJ6N53", "TimeCreated": "2022-05-08 10:01:04.168623+00:00", "RecordID": "43", "Level": "4", "UserID": "S-1-5-21-963789628-1060504924-4285088085-1001", "EventData.PackageId": "MaintenanceDiagnostic"}
{"EventID": "104", "Channel": "Microsoft-Windows-Diagnosis-Scripted/Operational", "Provider_Name": "Microsoft-Windows-Diagnosis-Scripted", "Computer": "DESKTOP-OFJ6N53", "TimeCreated": "2022-05-08 10:01:45.254244+00:00", "RecordID": "44", "Level": "4", "UserID": "S-1-5-21-963789628-1060504924-4285088085-1001", "EventData.PackageId": "MaintenanceDiagnostic"}
{"EventID": "101", "Channel": "Microsoft-Windows-Diagnosis-Scripted/Operational", "Provider_Name": "Microsoft-Windows-Diagnosis-Scripted", "Computer": "DESKTOP-OFJ6N53", "TimeCreated": "2022-05-15 09:33:17.886211+00:00", "RecordID": "45", "Level": "4", "UserID": "S-1-5-21-963789628-1060504924-4285088085-1001", "EventData.PackagePath": "C:\\Windows\\diagnostics\\scheduled\\Maintenance"}
{"EventID": "102", "Channel": "Microsoft-Windows-Diagnosis-Scripted/Operational", "Provider_Name": "Microsoft-Windows-Diagnosis-Scripted", "Computer": "DESKTOP-OFJ6N53", "TimeCreated": "2022-05-15 09:33:18.338726+00:00", "RecordID": "46", "Level": "4", "UserID": "S-1-5-21-963789628-1060504924-4285088085-1001", "EventData.PackagePath": "C:\\Windows\\diagnostics\\scheduled\\Maintenance"}
{"EventID": "103", "Channel": "Microsoft-Windows-Diagnosis-Scripted/Operational", "Provider_Name": "Microsoft-Windows-Diagnosis-Scripted", "Computer": "DESKTOP-OFJ6N53", "TimeCreated": "2022-05-15 09:33:18.340359+00:00", "RecordID": "47", "Level": "4", "UserID": "S-1-5-21-963789628-1060504924-4285088085-1001", "EventData.PackageId": "MaintenanceDiagnostic"}
{"EventID": "104", "Channel": "Microsoft-Windows-Diagnosis-Scripted/Operational", "Provider_Name": "Microsoft-Windows-Diagnosis-Scripted", "Computer": "DESKTOP-OFJ6N53", "TimeCreated": "2022-05-15 09:33:28.315525+00:00", "RecordID": "48", "Level": "4", "UserID": "S-1-5-21-963789628-1060504924-4285088085-1001", "EventData.PackageId": "MaintenanceDiagnostic"}
{"EventID": "101", "Channel": "Microsoft-Windows-Diagnosis-Scripted/Operational", "Provider_Name": "Microsoft-Windows-Diagnosis-Scripted", "Computer": "DESKTOP-OFJ6N53", "TimeCreated": "2022-05-22 09:35:00.920376+00:00", "RecordID": "49", "Level": "4", "UserID": "S-1-5-21-963789628-1060504924-4285088085-1001", "EventData.PackagePath": "C:\\Windows\\diagnostics\\scheduled\\Maintenance"}
{"EventID": "102", "Channel": "Microsoft-Windows-Diagnosis-Scripted/Operational", "Provider_Name": "Microsoft-Windows-Diagnosis-Scripted", "Computer": "DESKTOP-OFJ6N53", "TimeCreated": "2022-05-22 09:35:01.706875+00:00", "RecordID": "50", "Level": "4", "UserID": "S-1-5-21-963789628-1060504924-4285088085-1001", "EventData.PackagePath": "C:\\Windows\\diagnostics\\scheduled\\Maintenance"}
{"EventID": "103", "Channel": "Microsoft-Windows-Diagnosis-Scripted/Operational", "Provider_Name": "Microsoft-Windows-Diagnosis-Scripted", "Computer": "DESKTOP-OFJ6N53", "TimeCreated": "2022-05-22 09:35:01.710741+00:00", "RecordID": "51", "Level": "4", "UserID": "S-1-5-21-963789628-1060504924-4285088085-1001", "EventData.PackageId": "MaintenanceDiagnostic"}
{"EventID": "104", "Channel": "Microsoft-Windows-Diagnosis-Scripted/Operational", "Provider_Name": "Microsoft-Windows-Diagnosis-Scripted", "Computer": "DESKTOP-OFJ6N53", "TimeCreated": "2022-05-22 09:35:12.328983+00:00", "RecordID": "52", "Level": "4", "UserID": "S-1-5-21-963789628-1060504924-4285088085-1001", "EventData.PackageId": "MaintenanceDiagnostic"}
{"EventID": "101", "Channel": "Microsoft-Windows-Diagnosis-Scripted/Operational", "Provider_Name": "Microsoft-Windows-Diagnosis-Scripted", "Computer": "DESKTOP-OFJ6N53", "TimeCreated": "2022-05-29 09:34:02.148073+00:00", "RecordID": "53", "Level": "4", "UserID": "S-1-5-21-963789628-1060504924-4285088085-1001", "EventData.PackagePath": "C:\\Windows\\diagnostics\\scheduled\\Maintenance"}
{"EventID": "102", "Channel": "Microsoft-Windows-Diagnosis-Scripted/Operational", "Provider_Name": "Microsoft-Windows-Diagnosis-Scripted", "Computer": "DESKTOP-OFJ6N53", "TimeCreated": "2022-05-29 09:34:02.431290+00:00", "RecordID": "54", "Level": "4", "UserID": "S-1-5-21-963789628-1060504924-4285088085-1001", "EventData.PackagePath": "C:\\Windows\\diagnostics\\scheduled\\Maintenance"}
{"EventID": "103", "Channel": "Microsoft-Windows-Diagnosis-Scripted/Operational", "Provider_Name": "Microsoft-Windows-Diagnosis-Scripted", "Computer": "DESKTOP-OFJ6N53", "TimeCreated": "2022-05-29 09:34:02.433683+00:00", "RecordID": "55", "Level": "4", "UserID": "S-1-5-21-963789628-1060504924-4285088085-1001", "EventData.PackageId": "MaintenanceDiagnostic"}
{"EventID": "104", "Channel": "Microsoft-Windows-Diagnosis-Scripted/Operational", "Provider_Name": "Microsoft-Windows-Diagnosis-Scripted", "Computer": "DESKTOP-OFJ6N53", "TimeCreated": "2022-05-29 09:34:12.540962+00:00", "RecordID": "56", "Level": "4", "UserID": "S-1-5-21-963789628-1060504924-4285088085-1001", "EventData.PackageId": "MaintenanceDiagnostic"}
{"EventID": "101", "Channel": "Microsoft-Windows-Diagnosis-Scripted/Operational", "Provider_Name": "Microsoft-Windows-Diagnosis-Scripted", "Computer": "DESKTOP-OFJ6N53", "TimeCreated": "2022-06-05 09:34:02.260208+00:00", "RecordID": "57", "Level": "4", "UserID": "S-1-5-21-963789628-1060504924-4285088085-1001", "EventData.PackagePath": "C:\\Windows\\diagnostics\\scheduled\\Maintenance"}
{"EventID": "102", "Channel": "Microsoft-Windows-Diagnosis-Scripted/Operational", "Provider_Name": "Microsoft-Windows-Diagnosis-Scripted", "Computer": "DESKTOP-OFJ6N53", "TimeCreated": "2022-06-05 09:34:03.149986+00:00", "RecordID": "58", "Level": "4", "UserID": "S-1-5-21-963789628-1060504924-4285088085-1001", "EventData.PackagePath": "C:\\Windows\\diagnostics\\scheduled\\Maintenance"}
{"EventID": "103", "Channel": "Microsoft-Windows-Diagnosis-Scripted/Operational", "Provider_Name": "Microsoft-Windows-Diagnosis-Scripted", "Computer": "DESKTOP-OFJ6N53", "TimeCreated": "2022-06-05 09:34:03.172279+00:00", "RecordID": "59", "Level": "4", "UserID": "S-1-5-21-963789628-1060504924-4285088085-1001", "EventData.PackageId": "MaintenanceDiagnostic"}
{"EventID": "104", "Channel": "Microsoft-Windows-Diagnosis-Scripted/Operational", "Provider_Name": "Microsoft-Windows-Diagnosis-Scripted", "Computer": "DESKTOP-OFJ6N53", "TimeCreated": "2022-06-05 09:34:41.422899+00:00", "RecordID": "60", "Level": "4", "UserID": "S-1-5-21-963789628-1060504924-4285088085-1001", "EventData.PackageId": "MaintenanceDiagnostic"}
{"EventID": "101", "Channel": "Microsoft-Windows-Diagnosis-Scripted/Operational", "Provider_Name": "Microsoft-Windows-Diagnosis-Scripted", "Computer": "DESKTOP-OFJ6N53", "TimeCreated": "2022-06-12 09:37:27.805271+00:00", "RecordID": "61", "Level": "4", "UserID": "S-1-5-21-963789628-1060504924-4285088085-1001", "EventData.PackagePath": "C:\\Windows\\diagnostics\\scheduled\\Maintenance"}
{"EventID": "102", "Channel": "Microsoft-Windows-Diagnosis-Scripted/Operational", "Provider_Name": "Microsoft-Windows-Diagnosis-Scripted", "Computer": "DESKTOP-OFJ6N53", "TimeCreated": "2022-06-12 09:37:29.619495+00:00", "RecordID": "62", "Level": "4", "UserID": "S-1-5-21-963789628-1060504924-4285088085-1001", "EventData.PackagePath": "C:\\Windows\\diagnostics\\scheduled\\Maintenance"}
{"EventID": "103", "Channel": "Microsoft-Windows-Diagnosis-Scripted/Operational", "Provider_Name": "Microsoft-Windows-Diagnosis-Scripted", "Computer": "DESKTOP-OFJ6N53", "TimeCreated": "2022-06-12 09:37:29.622112+00:00", "RecordID": "63", "Level": "4", "UserID": "S-1-5-21-963789628-1060504924-4285088085-1001", "EventData.PackageId": "MaintenanceDiagnostic"}
{"EventID": "104", "Channel": "Microsoft-Windows-Diagnosis-Scripted/Operational", "Provider_Name": "Microsoft-Windows-Diagnosis-Scripted", "Computer": "DESKTOP-OFJ6N53", "TimeCreated": "2022-06-12 09:37:59.225389+00:00", "RecordID": "64", "Level": "4", "UserID": "S-1-5-21-963789628-1060504924-4285088085-1001", "EventData.PackageId": "MaintenanceDiagnostic"}
{"EventID": "101", "Channel": "Microsoft-Windows-Diagnosis-Scripted/Operational", "Provider_Name": "Microsoft-Windows-Diagnosis-Scripted", "Computer": "DESKTOP-OFJ6N53", "TimeCreated": "2022-06-19 10:01:46.485619+00:00", "RecordID": "65", "Level": "4", "UserID": "S-1-5-21-963789628-1060504924-4285088085-1001", "EventData.PackagePath": "C:\\Windows\\diagnostics\\scheduled\\Maintenance"}
{"EventID": "102", "Channel": "Microsoft-Windows-Diagnosis-Scripted/Operational", "Provider_Name": "Microsoft-Windows-Diagnosis-Scripted", "Computer": "DESKTOP-OFJ6N53", "TimeCreated": "2022-06-19 10:01:47.987669+00:00", "RecordID": "66", "Level": "4", "UserID": "S-1-5-21-963789628-1060504924-4285088085-1001", "EventData.PackagePath": "C:\\Windows\\diagnostics\\scheduled\\Maintenance"}
{"EventID": "103", "Channel": "Microsoft-Windows-Diagnosis-Scripted/Operational", "Provider_Name": "Microsoft-Windows-Diagnosis-Scripted", "Computer": "DESKTOP-OFJ6N53", "TimeCreated": "2022-06-19 10:01:47.992062+00:00", "RecordID": "67", "Level": "4", "UserID": "S-1-5-21-963789628-1060504924-4285088085-1001", "EventData.PackageId": "MaintenanceDiagnostic"}
{"EventID": "104", "Channel": "Microsoft-Windows-Diagnosis-Scripted/Operational", "Provider_Name": "Microsoft-Windows-Diagnosis-Scripted", "Computer": "DESKTOP-OFJ6N53", "TimeCreated": "2022-06-19 10:02:24.365252+00:00", "RecordID": "68", "Level": "4", "UserID": "S-1-5-21-963789628-1060504924-4285088085-1001", "EventData.PackageId": "MaintenanceDiagnostic"}
{"EventID": "101", "Channel": "Microsoft-Windows-Diagnosis-Scripted/Operational", "Provider_Name": "Microsoft-Windows-Diagnosis-Scripted", "Computer": "DESKTOP-OFJ6N53", "TimeCreated": "2022-06-26 10:01:46.090565+00:00", "RecordID": "69", "Level": "4", "UserID": "S-1-5-21-963789628-1060504924-4285088085-1001", "EventData.PackagePath": "C:\\Windows\\diagnostics\\scheduled\\Maintenance"}
{"EventID": "102", "Channel": "Microsoft-Windows-Diagnosis-Scripted/Operational", "Provider_Name": "Microsoft-Windows-Diagnosis-Scripted", "Computer": "DESKTOP-OFJ6N53", "TimeCreated": "2022-06-26 10:01:46.456932+00:00", "RecordID": "70", "Level": "4", "UserID": "S-1-5-21-963789628-1060504924-4285088085-1001", "EventData.PackagePath": "C:\\Windows\\diagnostics\\scheduled\\Maintenance"}
{"EventID": "103", "Channel": "Microsoft-Windows-Diagnosis-Scripted/Operational", "Provider_Name": "Microsoft-Windows-Diagnosis-Scripted", "Computer": "DESKTOP-OFJ6N53", "TimeCreated": "2022-06-26 10:01:46.461555+00:00", "RecordID": "71", "Level": "4", "UserID": "S-1-5-21-963789628-1060504924-4285088085-1001", "EventData.PackageId": "MaintenanceDiagnostic"}
{"EventID": "104", "Channel": "Microsoft-Windows-Diagnosis-Scripted/Operational", "Provider_Name": "Microsoft-Windows-Diagnosis-Scripted", "Computer": "DESKTOP-OFJ6N53", "TimeCreated": "2022-06-26 10:01:54.867210+00:00", "RecordID": "72", "Level": "4", "UserID": "S-1-5-21-963789628-1060504924-4285088085-1001", "EventData.PackageId": "MaintenanceDiagnostic"}
{"EventID": "101", "Channel": "Microsoft-Windows-Diagnosis-Scripted/Operational", "Provider_Name": "Microsoft-Windows-Diagnosis-Scripted", "Computer": "DESKTOP-OFJ6N53", "TimeCreated": "2022-07-03 10:01:46.504835+00:00", "RecordID": "73", "Level": "4", "UserID": "S-1-5-21-963789628-1060504924-4285088085-1001", "EventData.PackagePath": "C:\\Windows\\diagnostics\\scheduled\\Maintenance"}
{"EventID": "102", "Channel": "Microsoft-Windows-Diagnosis-Scripted/Operational", "Provider_Name": "Microsoft-Windows-Diagnosis-Scripted", "Computer": "DESKTOP-OFJ6N53", "TimeCreated": "2022-07-03 10:01:47.175610+00:00", "RecordID": "74", "Level": "4", "UserID": "S-1-5-21-963789628-1060504924-4285088085-1001", "EventData.PackagePath": "C:\\Windows\\diagnostics\\scheduled\\Maintenance"}
{"EventID": "103", "Channel": "Microsoft-Windows-Diagnosis-Scripted/Operational", "Provider_Name": "Microsoft-Windows-Diagnosis-Scripted", "Computer": "DESKTOP-OFJ6N53", "TimeCreated": "2022-07-03 10:01:47.179970+00:00", "RecordID": "75", "Level": "4", "UserID": "S-1-5-21-963789628-1060504924-4285088085-1001", "EventData.PackageId": "MaintenanceDiagnostic"}
{"EventID": "104", "Channel": "Microsoft-Windows-Diagnosis-Scripted/Operational", "Provider_Name": "Microsoft-Windows-Diagnosis-Scripted", "Computer": "DESKTOP-OFJ6N53", "TimeCreated": "2022-07-03 10:02:07.616514+00:00", "RecordID": "76", "Level": "4", "UserID": "S-1-5-21-963789628-1060504924-4285088085-1001", "EventData.PackageId": "MaintenanceDiagnostic"}
{"EventID": "101", "Channel": "Microsoft-Windows-Diagnosis-Scripted/Operational", "Provider_Name": "Microsoft-Windows-Diagnosis-Scripted", "Computer": "DESKTOP-OFJ6N53", "TimeCreated": "2022-07-10 10:01:46.051813+00:00", "RecordID": "77", "Level": "4", "UserID": "S-1-5-21-963789628-1060504924-4285088085-1001", "EventData.PackagePath": "C:\\Windows\\diagnostics\\scheduled\\Maintenance"}
{"EventID": "102", "Channel": "Microsoft-Windows-Diagnosis-Scripted/Operational", "Provider_Name": "Microsoft-Windows-Diagnosis-Scripted", "Computer": "DESKTOP-OFJ6N53", "TimeCreated": "2022-07-10 10:01:46.571672+00:00", "RecordID": "78", "Level": "4", "UserID": "S-1-5-21-963789628-1060504924-4285088085-1001", "EventData.PackagePath": "C:\\Windows\\diagnostics\\scheduled\\Maintenance"}
{"EventID": "103", "Channel": "Microsoft-Windows-Diagnosis-Scripted/Operational", "Provider_Name": "Microsoft-Windows-Diagnosis-Scripted", "Computer": "DESKTOP-OFJ6N53", "TimeCreated": "2022-07-10 10:01:46.573332+00:00", "RecordID": "79", "Level": "4", "UserID": "S-1-5-21-963789628-1060504924-4285088085-1001", "EventData.PackageId": "MaintenanceDiagnostic"}
{"EventID": "104", "Channel": "Microsoft-Windows-Diagnosis-Scripted/Operational", "Provider_Name": "Microsoft-Windows-Diagnosis-Scripted", "Computer": "DESKTOP-OFJ6N53", "TimeCreated": "2022-07-10 10:01:57.605675+00:00", "RecordID": "80", "Level": "4", "UserID": "S-1-5-21-963789628-1060504924-4285088085-1001", "EventData.PackageId": "MaintenanceDiagnostic"}
{"EventID": "101", "Channel": "Microsoft-Windows-Diagnosis-Scripted/Operational", "Provider_Name": "Microsoft-Windows-Diagnosis-Scripted", "Computer": "DESKTOP-OFJ6N53", "TimeCreated": "2022-07-17 08:42:40.526327+00:00", "RecordID": "81", "Level": "4", "UserID": "S-1-5-21-963789628-1060504924-4285088085-1001", "EventData.PackagePath": "C:\\Windows\\diagnostics\\scheduled\\Maintenance"}
{"EventID": "102", "Channel": "Microsoft-Windows-Diagnosis-Scripted/Operational", "Provider_Name": "Microsoft-Windows-Diagnosis-Scripted", "Computer": "DESKTOP-OFJ6N53", "TimeCreated": "2022-07-17 08:42:40.822403+00:00", "RecordID": "82", "Level": "4", "UserID": "S-1-5-21-963789628-1060504924-4285088085-1001", "EventData.PackagePath": "C:\\Windows\\diagnostics\\scheduled\\Maintenance"}
{"EventID": "103", "Channel": "Microsoft-Windows-Diagnosis-Scripted/Operational", "Provider_Name": "Microsoft-Windows-Diagnosis-Scripted", "Computer": "DESKTOP-OFJ6N53", "TimeCreated": "2022-07-17 08:42:40.824213+00:00", "RecordID": "83", "Level": "4", "UserID": "S-1-5-21-963789628-1060504924-4285088085-1001", "EventData.PackageId": "MaintenanceDiagnostic"}
{"EventID": "104", "Channel": "Microsoft-Windows-Diagnosis-Scripted/Operational", "Provider_Name": "Microsoft-Windows-Diagnosis-Scripted", "Computer": "DESKTOP-OFJ6N53", "TimeCreated": "2022-07-17 08:42:50.878199+00:00", "RecordID": "84", "Level": "4", "UserID": "S-1-5-21-963789628-1060504924-4285088085-1001", "EventData.PackageId": "MaintenanceDiagnostic"}
{"EventID": "101", "Channel": "Microsoft-Windows-Diagnosis-Scripted/Operational", "Provider_Name": "Microsoft-Windows-Diagnosis-Scripted", "Computer": "DESKTOP-OFJ6N53", "TimeCreated": "2022-07-24 08:43:37.832273+00:00", "RecordID": "85", "Level": "4", "UserID": "S-1-5-21-963789628-1060504924-4285088085-1001", "EventData.PackagePath": "C:\\Windows\\diagnostics\\scheduled\\Maintenance"}
{"EventID": "102", "Channel": "Microsoft-Windows-Diagnosis-Scripted/Operational", "Provider_Name": "Microsoft-Windows-Diagnosis-Scripted", "Computer": "DESKTOP-OFJ6N53", "TimeCreated": "2022-07-24 08:43:38.366625+00:00", "RecordID": "86", "Level": "4", "UserID": "S-1-5-21-963789628-1060504924-4285088085-1001", "EventData.PackagePath": "C:\\Windows\\diagnostics\\scheduled\\Maintenance"}
{"EventID": "103", "Channel": "Microsoft-Windows-Diagnosis-Scripted/Operational", "Provider_Name": "Microsoft-Windows-Diagnosis-Scripted", "Computer": "DESKTOP-OFJ6N53", "TimeCreated": "2022-07-24 08:43:38.372839+00:00", "RecordID": "87", "Level": "4", "UserID": "S-1-5-21-963789628-1060504924-4285088085-1001", "EventData.PackageId": "MaintenanceDiagnostic"}
{"EventID": "104", "Channel": "Microsoft-Windows-Diagnosis-Scripted/Operational", "Provider_Name": "Microsoft-Windows-Diagnosis-Scripted", "Computer": "DESKTOP-OFJ6N53", "TimeCreated": "2022-07-24 08:43:46.594467+00:00", "RecordID": "88", "Level": "4", "UserID": "S-1-5-21-963789628-1060504924-4285088085-1001", "EventData.PackageId": "MaintenanceDiagnostic"}
{"EventID": "101", "Channel": "Microsoft-Windows-Diagnosis-Scripted/Operational", "Provider_Name": "Microsoft-Windows-Diagnosis-Scripted", "Computer": "DESKTOP-OFJ6N53", "TimeCreated": "2022-07-31 08:44:03.164736+00:00", "RecordID": "89", "Level": "4", "UserID": "S-1-5-21-963789628-1060504924-4285088085-1001", "EventData.PackagePath": "C:\\Windows\\diagnostics\\scheduled\\Maintenance"}
{"EventID": "102", "Channel": "Microsoft-Windows-Diagnosis-Scripted/Operational", "Provider_Name": "Microsoft-Windows-Diagnosis-Scripted", "Computer": "DESKTOP-OFJ6N53", "TimeCreated": "2022-07-31 08:44:03.759415+00:00", "RecordID": "90", "Level": "4", "UserID": "S-1-5-21-963789628-1060504924-4285088085-1001", "EventData.PackagePath": "C:\\Windows\\diagnostics\\scheduled\\Maintenance"}
{"EventID": "103", "Channel": "Microsoft-Windows-Diagnosis-Scripted/Operational", "Provider_Name": "Microsoft-Windows-Diagnosis-Scripted", "Computer": "DESKTOP-OFJ6N53", "TimeCreated": "2022-07-31 08:44:03.763596+00:00", "RecordID": "91", "Level": "4", "UserID": "S-1-5-21-963789628-1060504924-4285088085-1001", "EventData.PackageId": "MaintenanceDiagnostic"}
{"EventID": "104", "Channel": "Microsoft-Windows-Diagnosis-Scripted/Operational", "Provider_Name": "Microsoft-Windows-Diagnosis-Scripted", "Computer": "DESKTOP-OFJ6N53", "TimeCreated": "2022-07-31 08:44:13.598862+00:00", "RecordID": "92", "Level": "4", "UserID": "S-1-5-21-963789628-1060504924-4285088085-1001", "EventData.PackageId": "MaintenanceDiagnostic"}
{"EventID": "101", "Channel": "Microsoft-Windows-Diagnosis-Scripted/Operational", "Provider_Name": "Microsoft-Windows-Diagnosis-Scripted", "Computer": "DESKTOP-OFJ6N53", "TimeCreated": "2022-08-07 09:04:55.909750+00:00", "RecordID": "93", "Level": "4", "UserID": "S-1-5-21-963789628-1060504924-4285088085-1001", "EventData.PackagePath": "C:\\Windows\\diagnostics\\scheduled\\Maintenance"}
{"EventID": "102", "Channel": "Microsoft-Windows-Diagnosis-Scripted/Operational", "Provider_Name": "Microsoft-Windows-Diagnosis-Scripted", "Computer": "DESKTOP-OFJ6N53", "TimeCreated": "2022-08-07 09:04:56.222982+00:00", "RecordID": "94", "Level": "4", "UserID": "S-1-5-21-963789628-1060504924-4285088085-1001", "EventData.PackagePath": "C:\\Windows\\diagnostics\\scheduled\\Maintenance"}
{"EventID": "103", "Channel": "Microsoft-Windows-Diagnosis-Scripted/Operational", "Provider_Name": "Microsoft-Windows-Diagnosis-Scripted", "Computer": "DESKTOP-OFJ6N53", "TimeCreated": "2022-08-07 09:04:56.224659+00:00", "RecordID": "95", "Level": "4", "UserID": "S-1-5-21-963789628-1060504924-4285088085-1001", "EventData.PackageId": "MaintenanceDiagnostic"}
{"EventID": "104", "Channel": "Microsoft-Windows-Diagnosis-Scripted/Operational", "Provider_Name": "Microsoft-Windows-Diagnosis-Scripted", "Computer": "DESKTOP-OFJ6N53", "TimeCreated": "2022-08-07 09:05:04.491570+00:00", "RecordID": "96", "Level": "4", "UserID": "S-1-5-21-963789628-1060504924-4285088085-1001", "EventData.PackageId": "MaintenanceDiagnostic"}
{"EventID": "101", "Channel": "Microsoft-Windows-Diagnosis-Scripted/Operational", "Provider_Name": "Microsoft-Windows-Diagnosis-Scripted", "Computer": "DESKTOP-OFJ6N53", "TimeCreated": "2022-08-14 09:09:16.613846+00:00", "RecordID": "97", "Level": "4", "UserID": "S-1-5-21-963789628-1060504924-4285088085-1001", "EventData.PackagePath": "C:\\Windows\\diagnostics\\scheduled\\Maintenance"}
{"EventID": "102", "Channel": "Microsoft-Windows-Diagnosis-Scripted/Operational", "Provider_Name": "Microsoft-Windows-Diagnosis-Scripted", "Computer": "DESKTOP-OFJ6N53", "TimeCreated": "2022-08-14 09:09:18.127779+00:00", "RecordID": "98", "Level": "4", "UserID": "S-1-5-21-963789628-1060504924-4285088085-1001", "EventData.PackagePath": "C:\\Windows\\diagnostics\\scheduled\\Maintenance"}
{"EventID": "103", "Channel": "Microsoft-Windows-Diagnosis-Scripted/Operational", "Provider_Name": "Microsoft-Windows-Diagnosis-Scripted", "Computer": "DESKTOP-OFJ6N53", "TimeCreated": "2022-08-14 09:09:18.130602+00:00", "RecordID": "99", "Level": "4", "UserID": "S-1-5-21-963789628-1060504924-4285088085-1001", "EventData.PackageId": "MaintenanceDiagnostic"}
{"EventID": "104", "Channel": "Microsoft-Windows-Diagnosis-Scripted/Operational", "Provider_Name": "Microsoft-Windows-Diagnosis-Scripted", "Computer": "DESKTOP-OFJ6N53", "TimeCreated": "2022-08-14 09:09:35.109463+00:00", "RecordID": "100", "Level": "4", "UserID": "S-1-5-21-963789628-1060504924-4285088085-1001", "EventData.PackageId": "MaintenanceDiagnostic"}
{"EventID": "101", "Channel": "Microsoft-Windows-Diagnosis-Scripted/Operational", "Provider_Name": "Microsoft-Windows-Diagnosis-Scripted", "Computer": "DESKTOP-OFJ6N53", "TimeCreated": "2022-08-21 09:10:01.154188+00:00", "RecordID": "101", "Level": "4", "UserID": "S-1-5-21-963789628-1060504924-4285088085-1001", "EventData.PackagePath": "C:\\Windows\\diagnostics\\scheduled\\Maintenance"}
{"EventID": "102", "Channel": "Microsoft-Windows-Diagnosis-Scripted/Operational", "Provider_Name": "Microsoft-Windows-Diagnosis-Scripted", "Computer": "DESKTOP-OFJ6N53", "TimeCreated": "2022-08-21 09:10:01.306559+00:00", "RecordID": "102", "Level": "4", "UserID": "S-1-5-21-963789628-1060504924-4285088085-1001", "EventData.PackagePath": "C:\\Windows\\diagnostics\\scheduled\\Maintenance"}
{"EventID": "103", "Channel": "Microsoft-Windows-Diagnosis-Scripted/Operational", "Provider_Name": "Microsoft-Windows-Diagnosis-Scripted", "Computer": "DESKTOP-OFJ6N53", "TimeCreated": "2022-08-21 09:10:01.308117+00:00", "RecordID": "103", "Level": "4", "UserID": "S-1-5-21-963789628-1060504924-4285088085-1001", "EventData.PackageId": "MaintenanceDiagnostic"}
{"EventID": "104", "Channel": "Microsoft-Windows-Diagnosis-Scripted/Operational", "Provider_Name": "Microsoft-Windows-Diagnosis-Scripted", "Computer": "DESKTOP-OFJ6N53", "TimeCreated": "2022-08-21 09:10:02.758911+00:00", "RecordID": "104", "Level": "4", "UserID": "S-1-5-21-963789628-1060504924-4285088085-1001", "EventData.PackageId": "MaintenanceDiagnostic"}
{"EventID": "101", "Channel": "Microsoft-Windows-Diagnosis-Scripted/Operational", "Provider_Name": "Microsoft-Windows-Diagnosis-Scripted", "Computer": "DESKTOP-OFJ6N53", "TimeCreated": "2022-08-28 09:09:23.858162+00:00", "RecordID": "105", "Level": "4", "UserID": "S-1-5-21-963789628-1060504924-4285088085-1001", "EventData.PackagePath": "C:\\Windows\\diagnostics\\scheduled\\Maintenance"}
{"EventID": "102", "Channel": "Microsoft-Windows-Diagnosis-Scripted/Operational", "Provider_Name": "Microsoft-Windows-Diagnosis-Scripted", "Computer": "DESKTOP-OFJ6N53", "TimeCreated": "2022-08-28 09:09:25.294365+00:00", "RecordID": "106", "Level": "4", "UserID": "S-1-5-21-963789628-1060504924-4285088085-1001", "EventData.PackagePath": "C:\\Windows\\diagnostics\\scheduled\\Maintenance"}
{"EventID": "103", "Channel": "Microsoft-Windows-Diagnosis-Scripted/Operational", "Provider_Name": "Microsoft-Windows-Diagnosis-Scripted", "Computer": "DESKTOP-OFJ6N53", "TimeCreated": "2022-08-28 09:09:25.298296+00:00", "RecordID": "107", "Level": "4", "UserID": "S-1-5-21-963789628-1060504924-4285088085-1001", "EventData.PackageId": "MaintenanceDiagnostic"}
{"EventID": "104", "Channel": "Microsoft-Windows-Diagnosis-Scripted/Operational", "Provider_Name": "Microsoft-Windows-Diagnosis-Scripted", "Computer": "DESKTOP-OFJ6N53", "TimeCreated": "2022-08-28 09:09:43.431713+00:00", "RecordID": "108", "Level": "4", "UserID": "S-1-5-21-963789628-1060504924-4285088085-1001", "EventData.PackageId": "MaintenanceDiagnostic"}
{"EventID": "101", "Channel": "Microsoft-Windows-Diagnosis-Scripted/Operational", "Provider_Name": "Microsoft-Windows-Diagnosis-Scripted", "Computer": "DESKTOP-OFJ6N53", "TimeCreated": "2022-09-04 09:09:50.482746+00:00", "RecordID": "109", "Level": "4", "UserID": "S-1-5-21-963789628-1060504924-4285088085-1001", "EventData.PackagePath": "C:\\Windows\\diagnostics\\scheduled\\Maintenance"}
{"EventID": "102", "Channel": "Microsoft-Windows-Diagnosis-Scripted/Operational", "Provider_Name": "Microsoft-Windows-Diagnosis-Scripted", "Computer": "DESKTOP-OFJ6N53", "TimeCreated": "2022-09-04 09:09:51.531094+00:00", "RecordID": "110", "Level": "4", "UserID": "S-1-5-21-963789628-1060504924-4285088085-1001", "EventData.PackagePath": "C:\\Windows\\diagnostics\\scheduled\\Maintenance"}
{"EventID": "103", "Channel": "Microsoft-Windows-Diagnosis-Scripted/Operational", "Provider_Name": "Microsoft-Windows-Diagnosis-Scripted", "Computer": "DESKTOP-OFJ6N53", "TimeCreated": "2022-09-04 09:09:51.538315+00:00", "RecordID": "111", "Level": "4", "UserID": "S-1-5-21-963789628-1060504924-4285088085-1001", "EventData.PackageId": "MaintenanceDiagnostic"}
{"EventID": "104", "Channel": "Microsoft-Windows-Diagnosis-Scripted/Operational", "Provider_Name": "Microsoft-Windows-Diagnosis-Scripted", "Computer": "DESKTOP-OFJ6N53", "TimeCreated": "2022-09-04 09:09:57.797668+00:00", "RecordID": "112", "Level": "4", "UserID": "S-1-5-21-963789628-1060504924-4285088085-1001", "EventData.PackageId": "MaintenanceDiagnostic"}
{"EventID": "101", "Channel": "Microsoft-Windows-Diagnosis-Scripted/Operational", "Provider_Name": "Microsoft-Windows-Diagnosis-Scripted", "Computer": "DESKTOP-OFJ6N53", "TimeCreated": "2022-09-11 09:01:50.096058+00:00", "RecordID": "113", "Level": "4", "UserID": "S-1-5-21-963789628-1060504924-4285088085-1001", "EventData.PackagePath": "C:\\Windows\\diagnostics\\scheduled\\Maintenance"}
{"EventID": "102", "Channel": "Microsoft-Windows-Diagnosis-Scripted/Operational", "Provider_Name": "Microsoft-Windows-Diagnosis-Scripted", "Computer": "DESKTOP-OFJ6N53", "TimeCreated": "2022-09-11 09:01:50.542400+00:00", "RecordID": "114", "Level": "4", "UserID": "S-1-5-21-963789628-1060504924-4285088085-1001", "EventData.PackagePath": "C:\\Windows\\diagnostics\\scheduled\\Maintenance"}
{"EventID": "103", "Channel": "Microsoft-Windows-Diagnosis-Scripted/Operational", "Provider_Name": "Microsoft-Windows-Diagnosis-Scripted", "Computer": "DESKTOP-OFJ6N53", "TimeCreated": "2022-09-11 09:01:50.545319+00:00", "RecordID": "115", "Level": "4", "UserID": "S-1-5-21-963789628-1060504924-4285088085-1001", "EventData.PackageId": "MaintenanceDiagnostic"}
{"EventID": "104", "Channel": "Microsoft-Windows-Diagnosis-Scripted/Operational", "Provider_Name": "Microsoft-Windows-Diagnosis-Scripted", "Computer": "DESKTOP-OFJ6N53", "TimeCreated": "2022-09-11 09:02:09.973928+00:00", "RecordID": "116", "Level": "4", "UserID": "S-1-5-21-963789628-1060504924-4285088085-1001", "EventData.PackageId": "MaintenanceDiagnostic"}
{"EventID": "101", "Channel": "Microsoft-Windows-Diagnosis-Scripted/Operational", "Provider_Name": "Microsoft-Windows-Diagnosis-Scripted", "Computer": "DESKTOP-OFJ6N53", "TimeCreated": "2022-09-18 09:17:35.116432+00:00", "RecordID": "117", "Level": "4", "UserID": "S-1-5-21-963789628-1060504924-4285088085-1001", "EventData.PackagePath": "C:\\Windows\\diagnostics\\scheduled\\Maintenance"}
{"EventID": "102", "Channel": "Microsoft-Windows-Diagnosis-Scripted/Operational", "Provider_Name": "Microsoft-Windows-Diagnosis-Scripted", "Computer": "DESKTOP-OFJ6N53", "TimeCreated": "2022-09-18 09:17:35.949812+00:00", "RecordID": "118", "Level": "4", "UserID": "S-1-5-21-963789628-1060504924-4285088085-1001", "EventData.PackagePath": "C:\\Windows\\diagnostics\\scheduled\\Maintenance"}
{"EventID": "103", "Channel": "Microsoft-Windows-Diagnosis-Scripted/Operational", "Provider_Name": "Microsoft-Windows-Diagnosis-Scripted", "Computer": "DESKTOP-OFJ6N53", "TimeCreated": "2022-09-18 09:17:36.030594+00:00", "RecordID": "119", "Level": "4", "UserID": "S-1-5-21-963789628-1060504924-4285088085-1001", "EventData.PackageId": "MaintenanceDiagnostic"}
{"EventID": "104", "Channel": "Microsoft-Windows-Diagnosis-Scripted/Operational", "Provider_Name": "Microsoft-Windows-Diagnosis-Scripted", "Computer": "DESKTOP-OFJ6N53", "TimeCreated": "2022-09-18 09:17:45.669933+00:00", "RecordID": "120", "Level": "4", "UserID": "S-1-5-21-963789628-1060504924-4285088085-1001", "EventData.PackageId": "MaintenanceDiagnostic"}
{"EventID": "101", "Channel": "Microsoft-Windows-Diagnosis-Scripted/Operational", "Provider_Name": "Microsoft-Windows-Diagnosis-Scripted", "Computer": "DESKTOP-OFJ6N53", "TimeCreated": "2022-09-25 08:40:35.643536+00:00", "RecordID": "121", "Level": "4", "UserID": "S-1-5-21-963789628-1060504924-4285088085-1001", "EventData.PackagePath": "C:\\Windows\\diagnostics\\scheduled\\Maintenance"}
{"EventID": "102", "Channel": "Microsoft-Windows-Diagnosis-Scripted/Operational", "Provider_Name": "Microsoft-Windows-Diagnosis-Scripted", "Computer": "DESKTOP-OFJ6N53", "TimeCreated": "2022-09-25 08:40:36.181747+00:00", "RecordID": "122", "Level": "4", "UserID": "S-1-5-21-963789628-1060504924-4285088085-1001", "EventData.PackagePath": "C:\\Windows\\diagnostics\\scheduled\\Maintenance"}
{"EventID": "103", "Channel": "Microsoft-Windows-Diagnosis-Scripted/Operational", "Provider_Name": "Microsoft-Windows-Diagnosis-Scripted", "Computer": "DESKTOP-OFJ6N53", "TimeCreated": "2022-09-25 08:40:36.186945+00:00", "RecordID": "123", "Level": "4", "UserID": "S-1-5-21-963789628-1060504924-4285088085-1001", "EventData.PackageId": "MaintenanceDiagnostic"}
{"EventID": "104", "Channel": "Microsoft-Windows-Diagnosis-Scripted/Operational", "Provider_Name": "Microsoft-Windows-Diagnosis-Scripted", "Computer": "DESKTOP-OFJ6N53", "TimeCreated": "2022-09-25 08:40:43.736517+00:00", "RecordID": "124", "Level": "4", "UserID": "S-1-5-21-963789628-1060504924-4285088085-1001", "EventData.PackageId": "MaintenanceDiagnostic"}
{"EventID": "101", "Channel": "Microsoft-Windows-Diagnosis-Scripted/Operational", "Provider_Name": "Microsoft-Windows-Diagnosis-Scripted", "Computer": "DESKTOP-OFJ6N53", "TimeCreated": "2022-10-02 09:32:44.954674+00:00", "RecordID": "125", "Level": "4", "UserID": "S-1-5-21-963789628-1060504924-4285088085-1001", "EventData.PackagePath": "C:\\Windows\\diagnostics\\scheduled\\Maintenance"}
{"EventID": "102", "Channel": "Microsoft-Windows-Diagnosis-Scripted/Operational", "Provider_Name": "Microsoft-Windows-Diagnosis-Scripted", "Computer": "DESKTOP-OFJ6N53", "TimeCreated": "2022-10-02 09:32:46.162960+00:00", "RecordID": "126", "Level": "4", "UserID": "S-1-5-21-963789628-1060504924-4285088085-1001", "EventData.PackagePath": "C:\\Windows\\diagnostics\\scheduled\\Maintenance"}
{"EventID": "103", "Channel": "Microsoft-Windows-Diagnosis-Scripted/Operational", "Provider_Name": "Microsoft-Windows-Diagnosis-Scripted", "Computer": "DESKTOP-OFJ6N53", "TimeCreated": "2022-10-02 09:32:46.167595+00:00", "RecordID": "127", "Level": "4", "UserID": "S-1-5-21-963789628-1060504924-4285088085-1001", "EventData.PackageId": "MaintenanceDiagnostic"}
{"EventID": "104", "Channel": "Microsoft-Windows-Diagnosis-Scripted/Operational", "Provider_Name": "Microsoft-Windows-Diagnosis-Scripted", "Computer": "DESKTOP-OFJ6N53", "TimeCreated": "2022-10-02 09:33:03.046650+00:00", "RecordID": "128", "Level": "4", "UserID": "S-1-5-21-963789628-1060504924-4285088085-1001", "EventData.PackageId": "MaintenanceDiagnostic"}
{"EventID": "101", "Channel": "Microsoft-Windows-Diagnosis-Scripted/Operational", "Provider_Name": "Microsoft-Windows-Diagnosis-Scripted", "Computer": "DESKTOP-OFJ6N53", "TimeCreated": "2022-10-09 09:16:07.479477+00:00", "RecordID": "129", "Level": "4", "UserID": "S-1-5-21-963789628-1060504924-4285088085-1001", "EventData.PackagePath": "C:\\Windows\\diagnostics\\scheduled\\Maintenance"}
{"EventID": "102", "Channel": "Microsoft-Windows-Diagnosis-Scripted/Operational", "Provider_Name": "Microsoft-Windows-Diagnosis-Scripted", "Computer": "DESKTOP-OFJ6N53", "TimeCreated": "2022-10-09 09:16:08.184994+00:00", "RecordID": "130", "Level": "4", "UserID": "S-1-5-21-963789628-1060504924-4285088085-1001", "EventData.PackagePath": "C:\\Windows\\diagnostics\\scheduled\\Maintenance"}
{"EventID": "103", "Channel": "Microsoft-Windows-Diagnosis-Scripted/Operational", "Provider_Name": "Microsoft-Windows-Diagnosis-Scripted", "Computer": "DESKTOP-OFJ6N53", "TimeCreated": "2022-10-09 09:16:08.191771+00:00", "RecordID": "131", "Level": "4", "UserID": "S-1-5-21-963789628-1060504924-4285088085-1001", "EventData.PackageId": "MaintenanceDiagnostic"}
{"EventID": "104", "Channel": "Microsoft-Windows-Diagnosis-Scripted/Operational", "Provider_Name": "Microsoft-Windows-Diagnosis-Scripted", "Computer": "DESKTOP-OFJ6N53", "TimeCreated": "2022-10-09 09:16:23.167700+00:00", "RecordID": "132", "Level": "4", "UserID": "S-1-5-21-963789628-1060504924-4285088085-1001", "EventData.PackageId": "MaintenanceDiagnostic"}
{"EventID": "101", "Channel": "Microsoft-Windows-Diagnosis-Scripted/Operational", "Provider_Name": "Microsoft-Windows-Diagnosis-Scripted", "Computer": "DESKTOP-OFJ6N53", "TimeCreated": "2022-10-16 08:43:37.516584+00:00", "RecordID": "133", "Level": "4", "UserID": "S-1-5-21-963789628-1060504924-4285088085-1001", "EventData.PackagePath": "C:\\Windows\\diagnostics\\scheduled\\Maintenance"}
