{"EventID": "1002", "Channel": "Microsoft-Windows-Storsvc/Diagnostic", "Provider_Name": "Microsoft-Windows-Storsvc", "Computer": "DESKTOP-OFJ6N53", "TimeCreated": "2024-08-22 00:12:29.955929+00:00", "RecordID": "1073", "Level": "4", "UserID": "S-1-5-18", "EventData.Version": "2", "EventData.Epoch": "8", "EventData.DiskIndex": "0", "EventData.TotalDisks": "1", "EventData.DiskNumber": "0", "EventData.VendorId": "VMware", "EventData.ProductId": "Virtual disk", "EventData.ProductRevision": "2.0", "EventData.SerialNumber": null, "EventData.ParentId": "PCI\\VEN_1000&DEV_0054&SUBSYS_197615AD&REV_01\\4&2509F6E&0&00A8", "EventData.FileSystem": "NTFS", "EventData.BusType": "10", "EventData.PartitionStyle": "1", "EventData.VolumeCount": "3", "EventData.ContainsRawVolumes": "False", "EventData.Size": "96636764160"}
{"EventID": "1002", "Channel": "Microsoft-Windows-Storsvc/Diagnostic", "Provider_Name": "Microsoft-Windows-Storsvc", "Computer": "DESKTOP-OFJ6N53", "TimeCreated": "2024-08-23 00:12:31.170891+00:00", "RecordID": "1074", "Level": "4", "UserID": "S-1-5-18", "EventData.Version": "2", "EventData.Epoch": "9", "EventData.DiskIndex": "0", "EventData.TotalDisks": "1", "EventData.DiskNumber": "0", "EventData.VendorId": "VMware", "EventData.ProductId": "Virtual disk", "EventData.ProductRevision": "2.0", "EventData.SerialNumber": null, "EventData.ParentId": "PCI\\VEN_1000&DEV_0054&SUBSYS_197615AD&REV_01\\4&2509F6E&0&00A8", "EventData.FileSystem": "NTFS", "EventData.BusType": "10", "EventData.PartitionStyle": "1", "EventData.VolumeCount": "3", "EventData.ContainsRawVolumes": "False", "EventData.Size": "96636764160"}
{"EventID": "1002", "Channel": "Microsoft-Windows-Storsvc/Diagnostic", "Provider_Name": "Microsoft-Windows-Storsvc", "Computer": "DESKTOP-OFJ6N53", "TimeCreated": "2024-08-24 00:12:31.171989+00:00", "RecordID": "1075", "Level": "4", "UserID": "S-1-5-18", "EventData.Version": "2", "EventData.Epoch": "10", "EventData.DiskIndex": "0", "EventData.TotalDisks": "1", "EventData.DiskNumber": "0", "EventData.VendorId": "VMware", "EventData.ProductId": "Virtual disk", "EventData.ProductRevision": "2.0", "EventData.SerialNumber": null, "EventData.ParentId": "PCI\\VEN_1000&DEV_0054&SUBSYS_197615AD&REV_01\\4&2509F6E&0&00A8", "EventData.FileSystem": "NTFS", "EventData.BusType": "10", "EventData.PartitionStyle": "1", "EventData.VolumeCount": "3", "EventData.ContainsRawVolumes": "False", "EventData.Size": "96636764160"}
{"EventID": "1002", "Channel": "Microsoft-Windows-Storsvc/Diagnostic", "Provider_Name": "Microsoft-Windows-Storsvc", "Computer": "DESKTOP-OFJ6N53", "TimeCreated": "2024-08-25 00:12:31.172363+00:00", "RecordID": "1076", "Level": "4", "UserID": "S-1-5-18", "EventData.Version": "2", "EventData.Epoch": "11", "EventData.DiskIndex": "0", "EventData.TotalDisks": "1", "EventData.DiskNumber": "0", "EventData.VendorId": "VMware", "EventData.ProductId": "Virtual disk", "EventData.ProductRevision": "2.0", "EventData.SerialNumber": null, "EventData.ParentId": "PCI\\VEN_1000&DEV_0054&SUBSYS_197615AD&REV_01\\4&2509F6E&0&00A8", "EventData.FileSystem": "NTFS", "EventData.BusType": "10", "EventData.PartitionStyle": "1", "EventData.VolumeCount": "3", "EventData.ContainsRawVolumes": "False", "EventData.Size": "96636764160"}
{"EventID": "1002", "Channel": "Microsoft-Windows-Storsvc/Diagnostic", "Provider_Name": "Microsoft-Windows-Storsvc", "Computer": "DESKTOP-OFJ6N53", "TimeCreated": "2024-08-26 00:12:32.396128+00:00", "RecordID": "1077", "Level": "4", "UserID": "S-1-5-18", "EventData.Version": "2", "EventData.Epoch": "12", "EventData.DiskIndex": "0", "EventData.TotalDisks": "1", "EventData.DiskNumber": "0", "EventData.VendorId": "VMware", "EventData.ProductId": "Virtual disk", "EventData.ProductRevision": "2.0", "EventData.SerialNumber": null, "EventData.ParentId": "PCI\\VEN_1000&DEV_0054&SUBSYS_197615AD&REV_01\\4&2509F6E&0&00A8", "EventData.FileSystem": "NTFS", "EventData.BusType": "10", "EventData.PartitionStyle": "1", "EventData.VolumeCount": "3", "EventData.ContainsRawVolumes": "False", "EventData.Size": "96636764160"}
{"EventID": "1002", "Channel": "Microsoft-Windows-Storsvc/Diagnostic", "Provider_Name": "Microsoft-Windows-Storsvc", "Computer": "DESKTOP-OFJ6N53", "TimeCreated": "2024-08-27 00:12:32.396633+00:00", "RecordID": "1078", "Level": "4", "UserID": "S-1-5-18", "EventData.Version": "2", "EventData.Epoch": "13", "EventData.DiskIndex": "0", "EventData.TotalDisks": "1", "EventData.DiskNumber": "0", "EventData.VendorId": "VMware", "EventData.ProductId": "Virtual disk", "EventData.ProductRevision": "2.0", "EventData.SerialNumber": null, "EventData.ParentId": "PCI\\VEN_1000&DEV_0054&SUBSYS_197615AD&REV_01\\4&2509F6E&0&00A8", "EventData.FileSystem": "NTFS", "EventData.BusType": "10", "EventData.PartitionStyle": "1", "EventData.VolumeCount": "3", "EventData.ContainsRawVolumes": "False", "EventData.Size": "96636764160"}
{"EventID": "1002", "Channel": "Microsoft-Windows-Storsvc/Diagnostic", "Provider_Name": "Microsoft-Windows-Storsvc", "Computer": "DESKTOP-OFJ6N53", "TimeCreated": "2024-08-28 00:12:32.396799+00:00", "RecordID": "1079", "Level": "4", "UserID": "S-1-5-18", "EventData.Version": "2", "EventData.Epoch": "14", "EventData.DiskIndex": "0", "EventData.TotalDisks": "1", "EventData.DiskNumber": "0", "EventData.VendorId": "VMware", "EventData.ProductId": "Virtual disk", "EventData.ProductRevision": "2.0", "EventData.SerialNumber": null, "EventData.ParentId": "PCI\\VEN_1000&DEV_0054&SUBSYS_197615AD&REV_01\\4&2509F6E&0&00A8", "EventData.FileSystem": "NTFS", "EventData.BusType": "10", "EventData.PartitionStyle": "1", "EventData.VolumeCount": "3", "EventData.ContainsRawVolumes": "False", "EventData.Size": "96636764160"}
{"EventID": "1002", "Channel": "Microsoft-Windows-Storsvc/Diagnostic", "Provider_Name": "Microsoft-Windows-Storsvc", "Computer": "DESKTOP-OFJ6N53", "TimeCreated": "2024-08-29 00:12:33.682217+00:00", "RecordID": "1080", "Level": "4", "UserID": "S-1-5-18", "EventData.Version": "2", "EventData.Epoch": "15", "EventData.DiskIndex": "0", "EventData.TotalDisks": "1", "EventData.DiskNumber": "0", "EventData.VendorId": "VMware", "EventData.ProductId": "Virtual disk", "EventData.ProductRevision": "2.0", "EventData.SerialNumber": null, "EventData.ParentId": "PCI\\VEN_1000&DEV_0054&SUBSYS_197615AD&REV_01\\4&2509F6E&0&00A8", "EventData.FileSystem": "NTFS", "EventData.BusType": "10", "EventData.PartitionStyle": "1", "EventData.VolumeCount": "3", "EventData.ContainsRawVolumes": "False", "EventData.Size": "96636764160"}
{"EventID": "1002", "Channel": "Microsoft-Windows-Storsvc/Diagnostic", "Provider_Name": "Microsoft-Windows-Storsvc", "Computer": "DESKTOP-OFJ6N53", "TimeCreated": "2024-08-30 00:12:33.632437+00:00", "RecordID": "1081", "Level": "4", "UserID": "S-1-5-18", "EventData.Version": "2", "EventData.Epoch": "16", "EventData.DiskIndex": "0", "EventData.TotalDisks": "1", "EventData.DiskNumber": "0", "EventData.VendorId": "VMware", "EventData.ProductId": "Virtual disk", "EventData.ProductRevision": "2.0", "EventData.SerialNumber": null, "EventData.ParentId": "PCI\\VEN_1000&DEV_0054&SUBSYS_197615AD&REV_01\\4&2509F6E&0&00A8", "EventData.FileSystem": "NTFS", "EventData.BusType": "10", "EventData.PartitionStyle": "1", "EventData.VolumeCount": "3", "EventData.ContainsRawVolumes": "False", "EventData.Size": "96636764160"}
{"EventID": "1002", "Channel": "Microsoft-Windows-Storsvc/Diagnostic", "Provider_Name": "Microsoft-Windows-Storsvc", "Computer": "DESKTOP-OFJ6N53", "TimeCreated": "2024-08-31 00:12:33.625612+00:00", "RecordID": "1082", "Level": "4", "UserID": "S-1-5-18", "EventData.Version": "2", "EventData.Epoch": "17", "EventData.DiskIndex": "0", "EventData.TotalDisks": "1", "EventData.DiskNumber": "0", "EventData.VendorId": "VMware", "EventData.ProductId": "Virtual disk", "EventData.ProductRevision": "2.0", "EventData.SerialNumber": null, "EventData.ParentId": "PCI\\VEN_1000&DEV_0054&SUBSYS_197615AD&REV_01\\4&2509F6E&0&00A8", "EventData.FileSystem": "NTFS", "EventData.BusType": "10", "EventData.PartitionStyle": "1", "EventData.VolumeCount": "3", "EventData.ContainsRawVolumes": "False", "EventData.Size": "96636764160"}
{"EventID": "1002", "Channel": "Microsoft-Windows-Storsvc/Diagnostic", "Provider_Name": "Microsoft-Windows-Storsvc", "Computer": "DESKTOP-OFJ6N53", "TimeCreated": "2024-09-01 00:12:36.207672+00:00", "RecordID": "1083", "Level": "4", "UserID": "S-1-5-18", "EventData.Version": "2", "EventData.Epoch": "18", "EventData.DiskIndex": "0", "EventData.TotalDisks": "1", "EventData.DiskNumber": "0", "EventData.VendorId": "VMware", "EventData.ProductId": "Virtual disk", "EventData.ProductRevision": "2.0", "EventData.SerialNumber": null, "EventData.ParentId": "PCI\\VEN_1000&DEV_0054&SUBSYS_197615AD&REV_01\\4&2509F6E&0&00A8", "EventData.FileSystem": "NTFS", "EventData.BusType": "10", "EventData.PartitionStyle": "1", "EventData.VolumeCount": "3", "EventData.ContainsRawVolumes": "False", "EventData.Size": "96636764160"}
{"EventID": "1002", "Channel": "Microsoft-Windows-Storsvc/Diagnostic", "Provider_Name": "Microsoft-Windows-Storsvc", "Computer": "DESKTOP-OFJ6N53", "TimeCreated": "2024-09-02 00:12:37.865824+00:00", "RecordID": "1084", "Level": "4", "UserID": "S-1-5-18", "EventData.Version": "2", "EventData.Epoch": "19", "EventData.DiskIndex": "0", "EventData.TotalDisks": "1", "EventData.DiskNumber": "0", "EventData.VendorId": "VMware", "EventData.ProductId": "Virtual disk", "EventData.ProductRevision": "2.0", "EventData.SerialNumber": null, "EventData.ParentId": "PCI\\VEN_1000&DEV_0054&SUBSYS_197615AD&REV_01\\4&2509F6E&0&00A8", "EventData.FileSystem": "NTFS", "EventData.BusType": "10", "EventData.PartitionStyle": "1", "EventData.VolumeCount": "3", "EventData.ContainsRawVolumes": "False", "EventData.Size": "96636764160"}
{"EventID": "1002", "Channel": "Microsoft-Windows-Storsvc/Diagnostic", "Provider_Name": "Microsoft-Windows-Storsvc", "Computer": "DESKTOP-OFJ6N53", "TimeCreated": "2024-09-03 00:12:39.547256+00:00", "RecordID": "1085", "Level": "4", "UserID": "S-1-5-18", "EventData.Version": "2", "EventData.Epoch": "20", "EventData.DiskIndex": "0", "EventData.TotalDisks": "1", "EventData.DiskNumber": "0", "EventData.VendorId": "VMware", "EventData.ProductId": "Virtual disk", "EventData.ProductRevision": "2.0", "EventData.SerialNumber": null, "EventData.ParentId": "PCI\\VEN_1000&DEV_0054&SUBSYS_197615AD&REV_01\\4&2509F6E&0&00A8", "EventData.FileSystem": "NTFS", "EventData.BusType": "10", "EventData.PartitionStyle": "1", "EventData.VolumeCount": "3", "EventData.ContainsRawVolumes": "False", "EventData.Size": "96636764160"}
{"EventID": "1002", "Channel": "Microsoft-Windows-Storsvc/Diagnostic", "Provider_Name": "Microsoft-Windows-Storsvc", "Computer": "DESKTOP-OFJ6N53", "TimeCreated": "2024-09-04 00:12:39.545357+00:00", "RecordID": "1086", "Level": "4", "UserID": "S-1-5-18", "EventData.Version": "2", "EventData.Epoch": "21", "EventData.DiskIndex": "0", "EventData.TotalDisks": "1", "EventData.DiskNumber": "0", "EventData.VendorId": "VMware", "EventData.ProductId": "Virtual disk", "EventData.ProductRevision": "2.0", "EventData.SerialNumber": null, "EventData.ParentId": "PCI\\VEN_1000&DEV_0054&SUBSYS_197615AD&REV_01\\4&2509F6E&0&00A8", "EventData.FileSystem": "NTFS", "EventData.BusType": "10", "EventData.PartitionStyle": "1", "EventData.VolumeCount": "3", "EventData.ContainsRawVolumes": "False", "EventData.Size": "96636764160"}
{"EventID": "1002", "Channel": "Microsoft-Windows-Storsvc/Diagnostic", "Provider_Name": "Microsoft-Windows-Storsvc", "Computer": "DESKTOP-OFJ6N53", "TimeCreated": "2024-09-05 00:12:42.940609+00:00", "RecordID": "1087", "Level": "4", "UserID": "S-1-5-18", "EventData.Version": "2", "EventData.Epoch": "22", "EventData.DiskIndex": "0", "EventData.TotalDisks": "1", "EventData.DiskNumber": "0", "EventData.VendorId": "VMware", "EventData.ProductId": "Virtual disk", "EventData.ProductRevision": "2.0", "EventData.SerialNumber": null, "EventData.ParentId": "PCI\\VEN_1000&DEV_0054&SUBSYS_197615AD&REV_01\\4&2509F6E&0&00A8", "EventData.FileSystem": "NTFS", "EventData.BusType": "10", "EventData.PartitionStyle": "1", "EventData.VolumeCount": "3", "EventData.ContainsRawVolumes": "False", "EventData.Size": "96636764160"}
{"EventID": "1002", "Channel": "Microsoft-Windows-Storsvc/Diagnostic", "Provider_Name": "Microsoft-Windows-Storsvc", "Computer": "DESKTOP-OFJ6N53", "TimeCreated": "2024-09-06 00:12:44.554956+00:00", "RecordID": "1088", "Level": "4", "UserID": "S-1-5-18", "EventData.Version": "2", "EventData.Epoch": "23", "EventData.DiskIndex": "0", "EventData.TotalDisks": "1", "EventData.DiskNumber": "0", "EventData.VendorId": "VMware", "EventData.ProductId": "Virtual disk", "EventData.ProductRevision": "2.0", "EventData.SerialNumber": null, "EventData.ParentId": "PCI\\VEN_1000&DEV_0054&SUBSYS_197615AD&REV_01\\4&2509F6E&0&00A8", "EventData.FileSystem": "NTFS", "EventData.BusType": "10", "EventData.PartitionStyle": "1", "EventData.VolumeCount": "3", "EventData.ContainsRawVolumes": "False", "EventData.Size": "96636764160"}
{"EventID": "1002", "Channel": "Microsoft-Windows-Storsvc/Diagnostic", "Provider_Name": "Microsoft-Windows-Storsvc", "Computer": "DESKTOP-OFJ6N53", "TimeCreated": "2024-09-06 13:40:19.953587+00:00", "RecordID": "1089", "Level": "4", "UserID": "S-1-5-18", "EventData.Version": "2", "EventData.Epoch": "0", "EventData.DiskIndex": "0", "EventData.TotalDisks": "1", "EventData.DiskNumber": "0", "EventData.VendorId": "VMware", "EventData.ProductId": "Virtual disk", "EventData.ProductRevision": "2.0", "EventData.SerialNumber": null, "EventData.ParentId": "PCI\\VEN_1000&DEV_0054&SUBSYS_197615AD&REV_01\\4&2509F6E&0&00A8", "EventData.FileSystem": "NTFS", "EventData.BusType": "10", "EventData.PartitionStyle": "1", "EventData.VolumeCount": "3", "EventData.ContainsRawVolumes": "False", "EventData.Size": "96636764160"}
{"EventID": "1002", "Channel": "Microsoft-Windows-Storsvc/Diagnostic", "Provider_Name": "Microsoft-Windows-Storsvc", "Computer": "DESKTOP-OFJ6N53", "TimeCreated": "2024-09-07 13:40:21.681282+00:00", "RecordID": "1090", "Level": "4", "UserID": "S-1-5-18", "EventData.Version": "2", "EventData.Epoch": "1", "EventData.DiskIndex": "0", "EventData.TotalDisks": "1", "EventData.DiskNumber": "0", "EventData.VendorId": "VMware", "EventData.ProductId": "Virtual disk", "EventData.ProductRevision": "2.0", "EventData.SerialNumber": null, "EventData.ParentId": "PCI\\VEN_1000&DEV_0054&SUBSYS_197615AD&REV_01\\4&2509F6E&0&00A8", "EventData.FileSystem": "NTFS", "EventData.BusType": "10", "EventData.PartitionStyle": "1", "EventData.VolumeCount": "3", "EventData.ContainsRawVolumes": "False", "EventData.Size": "96636764160"}
{"EventID": "1002", "Channel": "Microsoft-Windows-Storsvc/Diagnostic", "Provider_Name": "Microsoft-Windows-Storsvc", "Computer": "DESKTOP-OFJ6N53", "TimeCreated": "2024-09-08 13:40:23.391603+00:00", "RecordID": "1091", "Level": "4", "UserID": "S-1-5-18", "EventData.Version": "2", "EventData.Epoch": "2", "EventData.DiskIndex": "0", "EventData.TotalDisks": "1", "EventData.DiskNumber": "0", "EventData.VendorId": "VMware", "EventData.ProductId": "Virtual disk", "EventData.ProductRevision": "2.0", "EventData.SerialNumber": null, "EventData.ParentId": "PCI\\VEN_1000&DEV_0054&SUBSYS_197615AD&REV_01\\4&2509F6E&0&00A8", "EventData.FileSystem": "NTFS", "EventData.BusType": "10", "EventData.PartitionStyle": "1", "EventData.VolumeCount": "3", "EventData.ContainsRawVolumes": "False", "EventData.Size": "96636764160"}
{"EventID": "1002", "Channel": "Microsoft-Windows-Storsvc/Diagnostic", "Provider_Name": "Microsoft-Windows-Storsvc", "Computer": "DESKTOP-OFJ6N53", "TimeCreated": "2024-09-09 13:40:25.086563+00:00", "RecordID": "1092", "Level": "4", "UserID": "S-1-5-18", "EventData.Version": "2", "EventData.Epoch": "3", "EventData.DiskIndex": "0", "EventData.TotalDisks": "1", "EventData.DiskNumber": "0", "EventData.VendorId": "VMware", "EventData.ProductId": "Virtual disk", "EventData.ProductRevision": "2.0", "EventData.SerialNumber": null, "EventData.ParentId": "PCI\\VEN_1000&DEV_0054&SUBSYS_197615AD&REV_01\\4&2509F6E&0&00A8", "EventData.FileSystem": "NTFS", "EventData.BusType": "10", "EventData.PartitionStyle": "1", "EventData.VolumeCount": "3", "EventData.ContainsRawVolumes": "False", "EventData.Size": "96636764160"}
{"EventID": "1002", "Channel": "Microsoft-Windows-Storsvc/Diagnostic", "Provider_Name": "Microsoft-Windows-Storsvc", "Computer": "DESKTOP-OFJ6N53", "TimeCreated": "2024-09-10 13:40:26.761833+00:00", "RecordID": "1093", "Level": "4", "UserID": "S-1-5-18", "EventData.Version": "2", "EventData.Epoch": "4", "EventData.DiskIndex": "0", "EventData.TotalDisks": "1", "EventData.DiskNumber": "0", "EventData.VendorId": "VMware", "EventData.ProductId": "Virtual disk", "EventData.ProductRevision": "2.0", "EventData.SerialNumber": null, "EventData.ParentId": "PCI\\VEN_1000&DEV_0054&SUBSYS_197615AD&REV_01\\4&2509F6E&0&00A8", "EventData.FileSystem": "NTFS", "EventData.BusType": "10", "EventData.PartitionStyle": "1", "EventData.VolumeCount": "3", "EventData.ContainsRawVolumes": "False", "EventData.Size": "96636764160"}
{"EventID": "1002", "Channel": "Microsoft-Windows-Storsvc/Diagnostic", "Provider_Name": "Microsoft-Windows-Storsvc", "Computer": "DESKTOP-OFJ6N53", "TimeCreated": "2024-09-11 13:40:28.425085+00:00", "RecordID": "1094", "Level": "4", "UserID": "S-1-5-18", "EventData.Version": "2", "EventData.Epoch": "5", "EventData.DiskIndex": "0", "EventData.TotalDisks": "1", "EventData.DiskNumber": "0", "EventData.VendorId": "VMware", "EventData.ProductId": "Virtual disk", "EventData.ProductRevision": "2.0", "EventData.SerialNumber": null, "EventData.ParentId": "PCI\\VEN_1000&DEV_0054&SUBSYS_197615AD&REV_01\\4&2509F6E&0&00A8", "EventData.FileSystem": "NTFS", "EventData.BusType": "10", "EventData.PartitionStyle": "1", "EventData.VolumeCount": "3", "EventData.ContainsRawVolumes": "False", "EventData.Size": "96636764160"}
{"EventID": "1002", "Channel": "Microsoft-Windows-Storsvc/Diagnostic", "Provider_Name": "Microsoft-Windows-Storsvc", "Computer": "DESKTOP-OFJ6N53", "TimeCreated": "2024-09-11 14:53:09.418671+00:00", "RecordID": "1095", "Level": "4", "UserID": "S-1-5-18", "EventData.Version": "2", "EventData.Epoch": "0", "EventData.DiskIndex": "0", "EventData.TotalDisks": "1", "EventData.DiskNumber": "0", "EventData.VendorId": "VMware", "EventData.ProductId": "Virtual disk", "EventData.ProductRevision": "2.0", "EventData.SerialNumber": null, "EventData.ParentId": "PCI\\VEN_1000&DEV_0054&SUBSYS_197615AD&REV_01\\4&2509F6E&0&00A8", "EventData.FileSystem": "NTFS", "EventData.BusType": "10", "EventData.PartitionStyle": "1", "EventData.VolumeCount": "3", "EventData.ContainsRawVolumes": "False", "EventData.Size": "96636764160"}
{"EventID": "1002", "Channel": "Microsoft-Windows-Storsvc/Diagnostic", "Provider_Name": "Microsoft-Windows-Storsvc", "Computer": "DESKTOP-OFJ6N53", "TimeCreated": "2024-09-12 14:53:10.500578+00:00", "RecordID": "1096", "Level": "4", "UserID": "S-1-5-18", "EventData.Version": "2", "EventData.Epoch": "1", "EventData.DiskIndex": "0", "EventData.TotalDisks": "1", "EventData.DiskNumber": "0", "EventData.VendorId": "VMware", "EventData.ProductId": "Virtual disk", "EventData.ProductRevision": "2.0", "EventData.SerialNumber": null, "EventData.ParentId": "PCI\\VEN_1000&DEV_0054&SUBSYS_197615AD&REV_01\\4&2509F6E&0&00A8", "EventData.FileSystem": "NTFS", "EventData.BusType": "10", "EventData.PartitionStyle": "1", "EventData.VolumeCount": "3", "EventData.ContainsRawVolumes": "False", "EventData.Size": "96636764160"}
{"EventID": "1002", "Channel": "Microsoft-Windows-Storsvc/Diagnostic", "Provider_Name": "Microsoft-Windows-Storsvc", "Computer": "DESKTOP-OFJ6N53", "TimeCreated": "2024-09-13 14:53:12.201017+00:00", "RecordID": "1097", "Level": "4", "UserID": "S-1-5-18", "EventData.Version": "2", "EventData.Epoch": "2", "EventData.DiskIndex": "0", "EventData.TotalDisks": "1", "EventData.DiskNumber": "0", "EventData.VendorId": "VMware", "EventData.ProductId": "Virtual disk", "EventData.ProductRevision": "2.0", "EventData.SerialNumber": null, "EventData.ParentId": "PCI\\VEN_1000&DEV_0054&SUBSYS_197615AD&REV_01\\4&2509F6E&0&00A8", "EventData.FileSystem": "NTFS", "EventData.BusType": "10", "EventData.PartitionStyle": "1", "EventData.VolumeCount": "3", "EventData.ContainsRawVolumes": "False", "EventData.Size": "96636764160"}
{"EventID": "1002", "Channel": "Microsoft-Windows-Storsvc/Diagnostic", "Provider_Name": "Microsoft-Windows-Storsvc", "Computer": "DESKTOP-OFJ6N53", "TimeCreated": "2024-09-14 14:53:13.881447+00:00", "RecordID": "1098", "Level": "4", "UserID": "S-1-5-18", "EventData.Version": "2", "EventData.Epoch": "3", "EventData.DiskIndex": "0", "EventData.TotalDisks": "1", "EventData.DiskNumber": "0", "EventData.VendorId": "VMware", "EventData.ProductId": "Virtual disk", "EventData.ProductRevision": "2.0", "EventData.SerialNumber": null, "EventData.ParentId": "PCI\\VEN_1000&DEV_0054&SUBSYS_197615AD&REV_01\\4&2509F6E&0&00A8", "EventData.FileSystem": "NTFS", "EventData.BusType": "10", "EventData.PartitionStyle": "1", "EventData.VolumeCount": "3", "EventData.ContainsRawVolumes": "False", "EventData.Size": "96636764160"}
{"EventID": "1002", "Channel": "Microsoft-Windows-Storsvc/Diagnostic", "Provider_Name": "Microsoft-Windows-Storsvc", "Computer": "DESKTOP-OFJ6N53", "TimeCreated": "2024-09-15 14:53:15.567888+00:00", "RecordID": "1099", "Level": "4", "UserID": "S-1-5-18", "EventData.Version": "2", "EventData.Epoch": "4", "EventData.DiskIndex": "0", "EventData.TotalDisks": "1", "EventData.DiskNumber": "0", "EventData.VendorId": "VMware", "EventData.ProductId": "Virtual disk", "EventData.ProductRevision": "2.0", "EventData.SerialNumber": null, "EventData.ParentId": "PCI\\VEN_1000&DEV_0054&SUBSYS_197615AD&REV_01\\4&2509F6E&0&00A8", "EventData.FileSystem": "NTFS", "EventData.BusType": "10", "EventData.PartitionStyle": "1", "EventData.VolumeCount": "3", "EventData.ContainsRawVolumes": "False", "EventData.Size": "96636764160"}
{"EventID": "1002", "Channel": "Microsoft-Windows-Storsvc/Diagnostic", "Provider_Name": "Microsoft-Windows-Storsvc", "Computer": "DESKTOP-OFJ6N53", "TimeCreated": "2024-09-16 14:53:17.252115+00:00", "RecordID": "1100", "Level": "4", "UserID": "S-1-5-18", "EventData.Version": "2", "EventData.Epoch": "5", "EventData.DiskIndex": "0", "EventData.TotalDisks": "1", "EventData.DiskNumber": "0", "EventData.VendorId": "VMware", "EventData.ProductId": "Virtual disk", "EventData.ProductRevision": "2.0", "EventData.SerialNumber": null, "EventData.ParentId": "PCI\\VEN_1000&DEV_0054&SUBSYS_197615AD&REV_01\\4&2509F6E&0&00A8", "EventData.FileSystem": "NTFS", "EventData.BusType": "10", "EventData.PartitionStyle": "1", "EventData.VolumeCount": "3", "EventData.ContainsRawVolumes": "False", "EventData.Size": "96636764160"}
{"EventID": "1002", "Channel": "Microsoft-Windows-Storsvc/Diagnostic", "Provider_Name": "Microsoft-Windows-Storsvc", "Computer": "DESKTOP-OFJ6N53", "TimeCreated": "2024-09-17 14:53:18.934359+00:00", "RecordID": "1101", "Level": "4", "UserID": "S-1-5-18", "EventData.Version": "2", "EventData.Epoch": "6", "EventData.DiskIndex": "0", "EventData.TotalDisks": "1", "EventData.DiskNumber": "0", "EventData.VendorId": "VMware", "EventData.ProductId": "Virtual disk", "EventData.ProductRevision": "2.0", "EventData.SerialNumber": null, "EventData.ParentId": "PCI\\VEN_1000&DEV_0054&SUBSYS_197615AD&REV_01\\4&2509F6E&0&00A8", "EventData.FileSystem": "NTFS", "EventData.BusType": "10", "EventData.PartitionStyle": "1", "EventData.VolumeCount": "3", "EventData.ContainsRawVolumes": "False", "EventData.Size": "96636764160"}
{"EventID": "1002", "Channel": "Microsoft-Windows-Storsvc/Diagnostic", "Provider_Name": "Microsoft-Windows-Storsvc", "Computer": "DESKTOP-OFJ6N53", "TimeCreated": "2024-09-18 14:53:20.597734+00:00", "RecordID": "1102", "Level": "4", "UserID": "S-1-5-18", "EventData.Version": "2", "EventData.Epoch": "7", "EventData.DiskIndex": "0", "EventData.TotalDisks": "1", "EventData.DiskNumber": "0", "EventData.VendorId": "VMware", "EventData.ProductId": "Virtual disk", "EventData.ProductRevision": "2.0", "EventData.SerialNumber": null, "EventData.ParentId": "PCI\\VEN_1000&DEV_0054&SUBSYS_197615AD&REV_01\\4&2509F6E&0&00A8", "EventData.FileSystem": "NTFS", "EventData.BusType": "10", "EventData.PartitionStyle": "1", "EventData.VolumeCount": "3", "EventData.ContainsRawVolumes": "False", "EventData.Size": "96636764160"}
{"EventID": "1002", "Channel": "Microsoft-Windows-Storsvc/Diagnostic", "Provider_Name": "Microsoft-Windows-Storsvc", "Computer": "DESKTOP-OFJ6N53", "TimeCreated": "2024-09-19 14:53:22.296389+00:00", "RecordID": "1103", "Level": "4", "UserID": "S-1-5-18", "EventData.Version": "2", "EventData.Epoch": "8", "EventData.DiskIndex": "0", "EventData.TotalDisks": "1", "EventData.DiskNumber": "0", "EventData.VendorId": "VMware", "EventData.ProductId": "Virtual disk", "EventData.ProductRevision": "2.0", "EventData.SerialNumber": null, "EventData.ParentId": "PCI\\VEN_1000&DEV_0054&SUBSYS_197615AD&REV_01\\4&2509F6E&0&00A8", "EventData.FileSystem": "NTFS", "EventData.BusType": "10", "EventData.PartitionStyle": "1", "EventData.VolumeCount": "3", "EventData.ContainsRawVolumes": "False", "EventData.Size": "96636764160"}
{"EventID": "1002", "Channel": "Microsoft-Windows-Storsvc/Diagnostic", "Provider_Name": "Microsoft-Windows-Storsvc", "Computer": "DESKTOP-OFJ6N53", "TimeCreated": "2024-09-19 17:27:28.162779+00:00", "RecordID": "1104", "Level": "4", "UserID": "S-1-5-18", "EventData.Version": "2", "EventData.Epoch": "0", "EventData.DiskIndex": "0", "EventData.TotalDisks": "1", "EventData.DiskNumber": "0", "EventData.VendorId": "VMware", "EventData.ProductId": "Virtual disk", "EventData.ProductRevision": "2.0", "EventData.SerialNumber": null, "EventData.ParentId": "PCI\\VEN_1000&DEV_0054&SUBSYS_197615AD&REV_01\\4&2509F6E&0&00A8", "EventData.FileSystem": "NTFS", "EventData.BusType": "10", "EventData.PartitionStyle": "1", "EventData.VolumeCount": "3", "EventData.ContainsRawVolumes": "False", "EventData.Size": "96636764160"}
{"EventID": "1002", "Channel": "Microsoft-Windows-Storsvc/Diagnostic", "Provider_Name": "Microsoft-Windows-Storsvc", "Computer": "DESKTOP-OFJ6N53", "TimeCreated": "2024-09-20 17:27:28.162313+00:00", "RecordID": "1105", "Level": "4", "UserID": "S-1-5-18", "EventData.Version": "2", "EventData.Epoch": "1", "EventData.DiskIndex": "0", "EventData.TotalDisks": "1", "EventData.DiskNumber": "0", "EventData.VendorId": "VMware", "EventData.ProductId": "Virtual disk", "EventData.ProductRevision": "2.0", "EventData.SerialNumber": null, "EventData.ParentId": "PCI\\VEN_1000&DEV_0054&SUBSYS_197615AD&REV_01\\4&2509F6E&0&00A8", "EventData.FileSystem": "NTFS", "EventData.BusType": "10", "EventData.PartitionStyle": "1", "EventData.VolumeCount": "3", "EventData.ContainsRawVolumes": "False", "EventData.Size": "96636764160"}
{"EventID": "1002", "Channel": "Microsoft-Windows-Storsvc/Diagnostic", "Provider_Name": "Microsoft-Windows-Storsvc", "Computer": "DESKTOP-OFJ6N53", "TimeCreated": "2024-09-21 17:27:30.518467+00:00", "RecordID": "1106", "Level": "4", "UserID": "S-1-5-18", "EventData.Version": "2", "EventData.Epoch": "2", "EventData.DiskIndex": "0", "EventData.TotalDisks": "1", "EventData.DiskNumber": "0", "EventData.VendorId": "VMware", "EventData.ProductId": "Virtual disk", "EventData.ProductRevision": "2.0", "EventData.SerialNumber": null, "EventData.ParentId": "PCI\\VEN_1000&DEV_0054&SUBSYS_197615AD&REV_01\\4&2509F6E&0&00A8", "EventData.FileSystem": "NTFS", "EventData.BusType": "10", "EventData.PartitionStyle": "1", "EventData.VolumeCount": "3", "EventData.ContainsRawVolumes": "False", "EventData.Size": "96636764160"}
{"EventID": "1002", "Channel": "Microsoft-Windows-Storsvc/Diagnostic", "Provider_Name": "Microsoft-Windows-Storsvc", "Computer": "DESKTOP-OFJ6N53", "TimeCreated": "2024-09-22 17:27:32.190159+00:00", "RecordID": "1107", "Level": "4", "UserID": "S-1-5-18", "EventData.Version": "2", "EventData.Epoch": "3", "EventData.DiskIndex": "0", "EventData.TotalDisks": "1", "EventData.DiskNumber": "0", "EventData.VendorId": "VMware", "EventData.ProductId": "Virtual disk", "EventData.ProductRevision": "2.0", "EventData.SerialNumber": null, "EventData.ParentId": "PCI\\VEN_1000&DEV_0054&SUBSYS_197615AD&REV_01\\4&2509F6E&0&00A8", "EventData.FileSystem": "NTFS", "EventData.BusType": "10", "EventData.PartitionStyle": "1", "EventData.VolumeCount": "3", "EventData.ContainsRawVolumes": "False", "EventData.Size": "96636764160"}
{"EventID": "1002", "Channel": "Microsoft-Windows-Storsvc/Diagnostic", "Provider_Name": "Microsoft-Windows-Storsvc", "Computer": "DESKTOP-OFJ6N53", "TimeCreated": "2024-09-23 17:27:33.874247+00:00", "RecordID": "1108", "Level": "4", "UserID": "S-1-5-18", "EventData.Version": "2", "EventData.Epoch": "4", "EventData.DiskIndex": "0", "EventData.TotalDisks": "1", "EventData.DiskNumber": "0", "EventData.VendorId": "VMware", "EventData.ProductId": "Virtual disk", "EventData.ProductRevision": "2.0", "EventData.SerialNumber": null, "EventData.ParentId": "PCI\\VEN_1000&DEV_0054&SUBSYS_197615AD&REV_01\\4&2509F6E&0&00A8", "EventData.FileSystem": "NTFS", "EventData.BusType": "10", "EventData.PartitionStyle": "1", "EventData.VolumeCount": "3", "EventData.ContainsRawVolumes": "False", "EventData.Size": "96636764160"}
{"EventID": "1002", "Channel": "Microsoft-Windows-Storsvc/Diagnostic", "Provider_Name": "Microsoft-Windows-Storsvc", "Computer": "DESKTOP-OFJ6N53", "TimeCreated": "2024-09-24 10:57:37.020004+00:00", "RecordID": "1109", "Level": "4", "UserID": "S-1-5-18", "EventData.Version": "2", "EventData.Epoch": "0", "EventData.DiskIndex": "0", "EventData.TotalDisks": "1", "EventData.DiskNumber": "0", "EventData.VendorId": "VMware", "EventData.ProductId": "Virtual disk", "EventData.ProductRevision": "2.0", "EventData.SerialNumber": null, "EventData.ParentId": "PCI\\VEN_1000&DEV_0054&SUBSYS_197615AD&REV_01\\4&2509F6E&0&00A8", "EventData.FileSystem": "NTFS", "EventData.BusType": "10", "EventData.PartitionStyle": "1", "EventData.VolumeCount": "3", "EventData.ContainsRawVolumes": "False", "EventData.Size": "96636764160"}
{"EventID": "1003", "Channel": "Microsoft-Windows-Storsvc/Diagnostic", "Provider_Name": "Microsoft-Windows-Storsvc", "Computer": "DESKTOP-OFJ6N53", "TimeCreated": "2024-09-24 13:28:27.750340+00:00", "RecordID": "1110", "Level": "4", "UserID": "S-1-5-18", "EventData.Version": "2", "EventData.PoliciesEnabled": "1,1,1,1,0,0,0,0,30,0,1,0", "EventData.StorageType": "0", "EventData.DeviceIndex": "0", "EventData.Flags": "8", "EventData.VolumeStatus": "0", "EventData.TargetSizeMB": "1716", "EventData.CleanedBytes": "3309568,0,3309568,0,0,0,0,0,0,0,0,0", "EventData.CleanupSucceeded": "0,0,1,0,0,0,0,0,0,0,0,0", "EventData.CleanupFailed": "0,0,0,0,0,0,0,0,0,0,0,0", "EventData.TotalBytes": "95966453760", "EventData.FreeBytesBefore": "5167316992", "EventData.FreeBytesAfter": "5170626560", "EventData.StorageReserveBefore": "-1,-1,-1,1,5241434112,155648,160,1265106944,1247993856,1,0,0", "EventData.StorageReserveAfter": "-1,-1,-1,1,5241434112,155648,160,1265106944,939139072,1,0,0", "EventData.HR": "0", "EventData.HrReserveInit": "0", "EventData.IsLowStorage": "True"}
{"EventID": "1003", "Channel": "Microsoft-Windows-Storsvc/Diagnostic", "Provider_Name": "Microsoft-Windows-Storsvc", "Computer": "DESKTOP-OFJ6N53", "TimeCreated": "2024-09-24 19:38:23.973557+00:00", "RecordID": "1111", "Level": "4", "UserID": "S-1-5-18", "EventData.Version": "2", "EventData.PoliciesEnabled": "1,1,1,1,0,0,0,0,30,0,1,0", "EventData.StorageType": "0", "EventData.DeviceIndex": "0", "EventData.Flags": "8", "EventData.VolumeStatus": "0", "EventData.TargetSizeMB": "2458", "EventData.CleanedBytes": "0,0,0,0,0,0,0,0,0,0,0,0", "EventData.CleanupSucceeded": "0,0,1,0,0,0,0,0,0,0,0,0", "EventData.CleanupFailed": "0,0,0,0,0,0,0,0,0,0,0,0", "EventData.TotalBytes": "95966453760", "EventData.FreeBytesBefore": "4389380096", "EventData.FreeBytesAfter": "4389281792", "EventData.StorageReserveBefore": "-1,-1,-1,1,5471686656,155648,160,1034854400,966373376,1,0,0", "EventData.StorageReserveAfter": "-1,-1,-1,1,5471686656,155648,160,1034854400,966221824,1,0,0", "EventData.HR": "0", "EventData.HrReserveInit": "0", "EventData.IsLowStorage": "True"}
{"EventID": "1003", "Channel": "Microsoft-Windows-Storsvc/Diagnostic", "Provider_Name": "Microsoft-Windows-Storsvc", "Computer": "DESKTOP-OFJ6N53", "TimeCreated": "2024-09-25 01:48:15.679047+00:00", "RecordID": "1112", "Level": "4", "UserID": "S-1-5-18", "EventData.Version": "2", "EventData.PoliciesEnabled": "1,1,1,1,0,0,0,0,30,0,1,0", "EventData.StorageType": "0", "EventData.DeviceIndex": "0", "EventData.Flags": "8", "EventData.VolumeStatus": "0", "EventData.TargetSizeMB": "2860", "EventData.CleanedBytes": "0,0,0,0,0,0,0,0,0,0,0,0", "EventData.CleanupSucceeded": "0,0,1,0,0,0,0,0,0,0,0,0", "EventData.CleanupFailed": "0,0,0,0,0,0,0,0,0,0,0,0", "EventData.TotalBytes": "95966453760", "EventData.FreeBytesBefore": "3968151552", "EventData.FreeBytesAfter": "3968102400", "EventData.StorageReserveBefore": "-1,-1,-1,1,5471686656,155648,160,1034854400,967106560,1,0,0", "EventData.StorageReserveAfter": "-1,-1,-1,1,5471686656,155648,160,1034854400,966791168,1,0,0", "EventData.HR": "0", "EventData.HrReserveInit": "0", "EventData.IsLowStorage": "True"}
{"EventID": "1003", "Channel": "Microsoft-Windows-Storsvc/Diagnostic", "Provider_Name": "Microsoft-Windows-Storsvc", "Computer": "DESKTOP-OFJ6N53", "TimeCreated": "2024-09-25 07:58:12.957235+00:00", "RecordID": "1113", "Level": "4", "UserID": "S-1-5-18", "EventData.Version": "2", "EventData.PoliciesEnabled": "1,1,1,1,0,0,0,0,30,0,1,0", "EventData.StorageType": "0", "EventData.DeviceIndex": "0", "EventData.Flags": "8", "EventData.VolumeStatus": "0", "EventData.TargetSizeMB": "2873", "EventData.CleanedBytes": "0,0,0,0,0,0,0,0,0,0,0,0", "EventData.CleanupSucceeded": "0,0,1,0,0,0,0,0,0,0,0,0", "EventData.CleanupFailed": "0,0,0,0,0,0,0,0,0,0,0,0", "EventData.TotalBytes": "95966453760", "EventData.FreeBytesBefore": "3954126848", "EventData.FreeBytesAfter": "3953844224", "EventData.StorageReserveBefore": "-1,-1,-1,1,5471686656,155648,160,1034854400,968495104,1,0,0", "EventData.StorageReserveAfter": "-1,-1,-1,1,5471686656,155648,160,1034854400,968593408,1,0,0", "EventData.HR": "0", "EventData.HrReserveInit": "0", "EventData.IsLowStorage": "True"}
{"EventID": "1002", "Channel": "Microsoft-Windows-Storsvc/Diagnostic", "Provider_Name": "Microsoft-Windows-Storsvc", "Computer": "DESKTOP-OFJ6N53", "TimeCreated": "2024-09-25 10:57:38.754539+00:00", "RecordID": "1114", "Level": "4", "UserID": "S-1-5-18", "EventData.Version": "2", "EventData.Epoch": "1", "EventData.DiskIndex": "0", "EventData.TotalDisks": "1", "EventData.DiskNumber": "0", "EventData.VendorId": "VMware", "EventData.ProductId": "Virtual disk", "EventData.ProductRevision": "2.0", "EventData.SerialNumber": null, "EventData.ParentId": "PCI\\VEN_1000&DEV_0054&SUBSYS_197615AD&REV_01\\4&2509F6E&0&00A8", "EventData.FileSystem": "NTFS", "EventData.BusType": "10", "EventData.PartitionStyle": "1", "EventData.VolumeCount": "3", "EventData.ContainsRawVolumes": "False", "EventData.Size": "96636764160"}
{"EventID": "1002", "Channel": "Microsoft-Windows-Storsvc/Diagnostic", "Provider_Name": "Microsoft-Windows-Storsvc", "Computer": "DESKTOP-OFJ6N53", "TimeCreated": "2024-09-25 13:40:59.092009+00:00", "RecordID": "1115", "Level": "4", "UserID": "S-1-5-18", "EventData.Version": "2", "EventData.Epoch": "0", "EventData.DiskIndex": "0", "EventData.TotalDisks": "1", "EventData.DiskNumber": "0", "EventData.VendorId": "VMware", "EventData.ProductId": "Virtual disk", "EventData.ProductRevision": "2.0", "EventData.SerialNumber": null, "EventData.ParentId": "PCI\\VEN_1000&DEV_0054&SUBSYS_197615AD&REV_01\\4&2509F6E&0&00A8", "EventData.FileSystem": "NTFS", "EventData.BusType": "10", "EventData.PartitionStyle": "1", "EventData.VolumeCount": "3", "EventData.ContainsRawVolumes": "False", "EventData.Size": "96636764160"}
{"EventID": "1003", "Channel": "Microsoft-Windows-Storsvc/Diagnostic", "Provider_Name": "Microsoft-Windows-Storsvc", "Computer": "DESKTOP-OFJ6N53", "TimeCreated": "2024-09-25 13:59:53.576614+00:00", "RecordID": "1116", "Level": "4", "UserID": "S-1-5-18", "EventData.Version": "2", "EventData.PoliciesEnabled": "1,1,1,1,0,0,0,0,30,0,1,0", "EventData.StorageType": "0", "EventData.DeviceIndex": "0", "EventData.Flags": "8", "EventData.VolumeStatus": "0", "EventData.TargetSizeMB": "3251", "EventData.CleanedBytes": "1585152,0,1585152,0,0,0,0,0,0,0,0,0", "EventData.CleanupSucceeded": "0,0,1,0,0,0,0,0,0,0,0,0", "EventData.CleanupFailed": "0,0,0,0,0,0,0,0,0,0,0,0", "EventData.TotalBytes": "95966453760", "EventData.FreeBytesBefore": "3558436864", "EventData.FreeBytesAfter": "3560022016", "EventData.StorageReserveBefore": "-1,-1,-1,1,5471686656,155648,160,1034854400,916901888,1,0,0", "EventData.StorageReserveAfter": "-1,-1,-1,1,5471686656,155648,160,1034854400,911495168,1,0,0", "EventData.HR": "0", "EventData.HrReserveInit": "0", "EventData.IsLowStorage": "True"}
{"EventID": "1003", "Channel": "Microsoft-Windows-Storsvc/Diagnostic", "Provider_Name": "Microsoft-Windows-Storsvc", "Computer": "DESKTOP-OFJ6N53", "TimeCreated": "2024-09-25 20:09:58.271097+00:00", "RecordID": "1117", "Level": "4", "UserID": "S-1-5-18", "EventData.Version": "2", "EventData.PoliciesEnabled": "1,1,1,1,0,0,0,0,30,0,1,0", "EventData.StorageType": "0", "EventData.DeviceIndex": "0", "EventData.Flags": "8", "EventData.VolumeStatus": "0", "EventData.TargetSizeMB": "2863", "EventData.CleanedBytes": "0,0,0,0,0,0,0,0,0,0,0,0", "EventData.CleanupSucceeded": "0,0,1,0,0,0,0,0,0,0,0,0", "EventData.CleanupFailed": "0,0,0,0,0,0,0,0,0,0,0,0", "EventData.TotalBytes": "95966453760", "EventData.FreeBytesBefore": "3964936192", "EventData.FreeBytesAfter": "3964821504", "EventData.StorageReserveBefore": "-1,-1,-1,1,5471686656,155648,160,1034854400,917082112,1,0,0", "EventData.StorageReserveAfter": "-1,-1,-1,1,5471686656,155648,160,1034854400,917106688,1,0,0", "EventData.HR": "0", "EventData.HrReserveInit": "0", "EventData.IsLowStorage": "True"}
{"EventID": "1003", "Channel": "Microsoft-Windows-Storsvc/Diagnostic", "Provider_Name": "Microsoft-Windows-Storsvc", "Computer": "DESKTOP-OFJ6N53", "TimeCreated": "2024-09-26 02:19:39.139996+00:00", "RecordID": "1118", "Level": "4", "UserID": "S-1-5-18", "EventData.Version": "2", "EventData.PoliciesEnabled": "1,1,1,1,0,0,0,0,30,0,1,0", "EventData.StorageType": "0", "EventData.DeviceIndex": "0", "EventData.Flags": "8", "EventData.VolumeStatus": "0", "EventData.TargetSizeMB": "2864", "EventData.CleanedBytes": "0,0,0,0,0,0,0,0,0,0,0,0", "EventData.CleanupSucceeded": "0,0,1,0,0,0,0,0,0,0,0,0", "EventData.CleanupFailed": "0,0,0,0,0,0,0,0,0,0,0,0", "EventData.TotalBytes": "95966453760", "EventData.FreeBytesBefore": "3964284928", "EventData.FreeBytesAfter": "3964104704", "EventData.StorageReserveBefore": "-1,-1,-1,1,5471686656,155648,160,1034854400,918953984,1,0,0", "EventData.StorageReserveAfter": "-1,-1,-1,1,5471686656,155648,160,1034854400,918982656,1,0,0", "EventData.HR": "0", "EventData.HrReserveInit": "0", "EventData.IsLowStorage": "True"}
{"EventID": "1003", "Channel": "Microsoft-Windows-Storsvc/Diagnostic", "Provider_Name": "Microsoft-Windows-Storsvc", "Computer": "DESKTOP-OFJ6N53", "TimeCreated": "2024-09-26 08:29:39.116646+00:00", "RecordID": "1119", "Level": "4", "UserID": "S-1-5-18", "EventData.Version": "2", "EventData.PoliciesEnabled": "1,1,1,1,0,0,0,0,30,0,1,0", "EventData.StorageType": "0", "EventData.DeviceIndex": "0", "EventData.Flags": "8", "EventData.VolumeStatus": "0", "EventData.TargetSizeMB": "2867", "EventData.CleanedBytes": "0,0,0,0,0,0,0,0,0,0,0,0", "EventData.CleanupSucceeded": "0,0,1,0,0,0,0,0,0,0,0,0", "EventData.CleanupFailed": "0,0,0,0,0,0,0,0,0,0,0,0", "EventData.TotalBytes": "95966453760", "EventData.FreeBytesBefore": "3960659968", "EventData.FreeBytesAfter": "3960639488", "EventData.StorageReserveBefore": "-1,-1,-1,1,5471686656,155648,160,1034854400,919244800,1,0,0", "EventData.StorageReserveAfter": "-1,-1,-1,1,5471686656,155648,160,1034854400,918843392,1,0,0", "EventData.HR": "0", "EventData.HrReserveInit": "0", "EventData.IsLowStorage": "True"}
{"EventID": "1002", "Channel": "Microsoft-Windows-Storsvc/Diagnostic", "Provider_Name": "Microsoft-Windows-Storsvc", "Computer": "DESKTOP-OFJ6N53", "TimeCreated": "2024-09-26 13:40:59.106701+00:00", "RecordID": "1120", "Level": "4", "UserID": "S-1-5-18", "EventData.Version": "2", "EventData.Epoch": "1", "EventData.DiskIndex": "0", "EventData.TotalDisks": "1", "EventData.DiskNumber": "0", "EventData.VendorId": "VMware", "EventData.ProductId": "Virtual disk", "EventData.ProductRevision": "2.0", "EventData.SerialNumber": null, "EventData.ParentId": "PCI\\VEN_1000&DEV_0054&SUBSYS_197615AD&REV_01\\4&2509F6E&0&00A8", "EventData.FileSystem": "NTFS", "EventData.BusType": "10", "EventData.PartitionStyle": "1", "EventData.VolumeCount": "3", "EventData.ContainsRawVolumes": "False", "EventData.Size": "96636764160"}
{"EventID": "1003", "Channel": "Microsoft-Windows-Storsvc/Diagnostic", "Provider_Name": "Microsoft-Windows-Storsvc", "Computer": "DESKTOP-OFJ6N53", "TimeCreated": "2024-09-26 14:39:39.186777+00:00", "RecordID": "1121", "Level": "4", "UserID": "S-1-5-18", "EventData.Version": "2", "EventData.PoliciesEnabled": "1,1,1,1,0,0,0,0,30,0,1,0", "EventData.StorageType": "0", "EventData.DeviceIndex": "0", "EventData.Flags": "8", "EventData.VolumeStatus": "0", "EventData.TargetSizeMB": "2870", "EventData.CleanedBytes": "0,0,0,0,0,0,0,0,0,0,0,0", "EventData.CleanupSucceeded": "0,0,1,0,0,0,0,0,0,0,0,0", "EventData.CleanupFailed": "0,0,0,0,0,0,0,0,0,0,0,0", "EventData.TotalBytes": "95966453760", "EventData.FreeBytesBefore": "3958198272", "EventData.FreeBytesAfter": "3958120448", "EventData.StorageReserveBefore": "-1,-1,-1,1,5471686656,155648,160,1034854400,920875008,1,0,0", "EventData.StorageReserveAfter": "-1,-1,-1,1,5471686656,155648,160,1034854400,920887296,1,0,0", "EventData.HR": "0", "EventData.HrReserveInit": "0", "EventData.IsLowStorage": "True"}
{"EventID": "1003", "Channel": "Microsoft-Windows-Storsvc/Diagnostic", "Provider_Name": "Microsoft-Windows-Storsvc", "Computer": "DESKTOP-OFJ6N53", "TimeCreated": "2024-09-26 20:49:41.751116+00:00", "RecordID": "1122", "Level": "4", "UserID": "S-1-5-18", "EventData.Version": "2", "EventData.PoliciesEnabled": "1,1,1,1,0,0,0,0,30,0,1,0", "EventData.StorageType": "0", "EventData.DeviceIndex": "0", "EventData.Flags": "8", "EventData.VolumeStatus": "0", "EventData.TargetSizeMB": "2873", "EventData.CleanedBytes": "61440,0,61440,0,0,0,0,0,0,0,0,0", "EventData.CleanupSucceeded": "0,0,1,0,0,0,0,0,0,0,0,0", "EventData.CleanupFailed": "0,0,0,0,0,0,0,0,0,0,0,0", "EventData.TotalBytes": "95966453760", "EventData.FreeBytesBefore": "3954569216", "EventData.FreeBytesAfter": "3954630656", "EventData.StorageReserveBefore": "-1,-1,-1,1,5471686656,155648,160,1034854400,921681920,1,0,0", "EventData.StorageReserveAfter": "-1,-1,-1,1,5471686656,155648,160,1034854400,921526272,1,0,0", "EventData.HR": "0", "EventData.HrReserveInit": "0", "EventData.IsLowStorage": "True"}
{"EventID": "1003", "Channel": "Microsoft-Windows-Storsvc/Diagnostic", "Provider_Name": "Microsoft-Windows-Storsvc", "Computer": "DESKTOP-OFJ6N53", "TimeCreated": "2024-09-27 02:59:39.125198+00:00", "RecordID": "1123", "Level": "4", "UserID": "S-1-5-18", "EventData.Version": "2", "EventData.PoliciesEnabled": "1,1,1,1,0,0,0,0,30,0,1,0", "EventData.StorageType": "0", "EventData.DeviceIndex": "0", "EventData.Flags": "8", "EventData.VolumeStatus": "0", "EventData.TargetSizeMB": "2854", "EventData.CleanedBytes": "0,0,0,0,0,0,0,0,0,0,0,0", "EventData.CleanupSucceeded": "0,0,1,0,0,0,0,0,0,0,0,0", "EventData.CleanupFailed": "0,0,0,0,0,0,0,0,0,0,0,0", "EventData.TotalBytes": "95966453760", "EventData.FreeBytesBefore": "3974639616", "EventData.FreeBytesAfter": "3974467584", "EventData.StorageReserveBefore": "-1,-1,-1,1,5471686656,155648,160,1034854400,923492352,1,0,0", "EventData.StorageReserveAfter": "-1,-1,-1,1,5471686656,155648,160,1034854400,923516928,1,0,0", "EventData.HR": "0", "EventData.HrReserveInit": "0", "EventData.IsLowStorage": "True"}
{"EventID": "1003", "Channel": "Microsoft-Windows-Storsvc/Diagnostic", "Provider_Name": "Microsoft-Windows-Storsvc", "Computer": "DESKTOP-OFJ6N53", "TimeCreated": "2024-09-27 09:09:42.478643+00:00", "RecordID": "1124", "Level": "4", "UserID": "S-1-5-18", "EventData.Version": "2", "EventData.PoliciesEnabled": "1,1,1,1,0,0,0,0,30,0,1,0", "EventData.StorageType": "0", "EventData.DeviceIndex": "0", "EventData.Flags": "8", "EventData.VolumeStatus": "0", "EventData.TargetSizeMB": "2866", "EventData.CleanedBytes": "339968,0,339968,0,0,0,0,0,0,0,0,0", "EventData.CleanupSucceeded": "0,0,1,0,0,0,0,0,0,0,0,0", "EventData.CleanupFailed": "0,0,0,0,0,0,0,0,0,0,0,0", "EventData.TotalBytes": "95966453760", "EventData.FreeBytesBefore": "3962347520", "EventData.FreeBytesAfter": "3962687488", "EventData.StorageReserveBefore": "-1,-1,-1,1,5471686656,155648,160,1034854400,943312896,1,0,0", "EventData.StorageReserveAfter": "-1,-1,-1,1,5471686656,155648,160,1034854400,943345664,1,0,0", "EventData.HR": "0", "EventData.HrReserveInit": "0", "EventData.IsLowStorage": "True"}
{"EventID": "1002", "Channel": "Microsoft-Windows-Storsvc/Diagnostic", "Provider_Name": "Microsoft-Windows-Storsvc", "Computer": "DESKTOP-OFJ6N53", "TimeCreated": "2024-09-27 13:41:01.220430+00:00", "RecordID": "1125", "Level": "4", "UserID": "S-1-5-18", "EventData.Version": "2", "EventData.Epoch": "2", "EventData.DiskIndex": "0", "EventData.TotalDisks": "1", "EventData.DiskNumber": "0", "EventData.VendorId": "VMware", "EventData.ProductId": "Virtual disk", "EventData.ProductRevision": "2.0", "EventData.SerialNumber": null, "EventData.ParentId": "PCI\\VEN_1000&DEV_0054&SUBSYS_197615AD&REV_01\\4&2509F6E&0&00A8", "EventData.FileSystem": "NTFS", "EventData.BusType": "10", "EventData.PartitionStyle": "1", "EventData.VolumeCount": "3", "EventData.ContainsRawVolumes": "False", "EventData.Size": "96636764160"}
{"EventID": "1003", "Channel": "Microsoft-Windows-Storsvc/Diagnostic", "Provider_Name": "Microsoft-Windows-Storsvc", "Computer": "DESKTOP-OFJ6N53", "TimeCreated": "2024-09-27 15:19:45.455019+00:00", "RecordID": "1126", "Level": "4", "UserID": "S-1-5-18", "EventData.Version": "2", "EventData.PoliciesEnabled": "1,1,1,1,0,0,0,0,30,0,1,0", "EventData.StorageType": "0", "EventData.DeviceIndex": "0", "EventData.Flags": "8", "EventData.VolumeStatus": "0", "EventData.TargetSizeMB": "2882", "EventData.CleanedBytes": "0,0,0,0,0,0,0,0,0,0,0,0", "EventData.CleanupSucceeded": "0,0,1,0,0,0,0,0,0,0,0,0", "EventData.CleanupFailed": "0,0,0,0,0,0,0,0,0,0,0,0", "EventData.TotalBytes": "95966453760", "EventData.FreeBytesBefore": "3945267200", "EventData.FreeBytesAfter": "3945177088", "EventData.StorageReserveBefore": "-1,-1,-1,1,5471686656,155648,160,1034854400,943980544,1,0,0", "EventData.StorageReserveAfter": "-1,-1,-1,1,5471686656,155648,160,1034854400,944001024,1,0,0", "EventData.HR": "0", "EventData.HrReserveInit": "0", "EventData.IsLowStorage": "True"}
{"EventID": "1003", "Channel": "Microsoft-Windows-Storsvc/Diagnostic", "Provider_Name": "Microsoft-Windows-Storsvc", "Computer": "DESKTOP-OFJ6N53", "TimeCreated": "2024-09-27 21:29:47.897631+00:00", "RecordID": "1127", "Level": "4", "UserID": "S-1-5-18", "EventData.Version": "2", "EventData.PoliciesEnabled": "1,1,1,1,0,0,0,0,30,0,1,0", "EventData.StorageType": "0", "EventData.DeviceIndex": "0", "EventData.Flags": "8", "EventData.VolumeStatus": "0", "EventData.TargetSizeMB": "2951", "EventData.CleanedBytes": "0,0,0,0,0,0,0,0,0,0,0,0", "EventData.CleanupSucceeded": "0,0,1,0,0,0,0,0,0,0,0,0", "EventData.CleanupFailed": "0,0,0,0,0,0,0,0,0,0,0,0", "EventData.TotalBytes": "95966453760", "EventData.FreeBytesBefore": "3872477184", "EventData.FreeBytesAfter": "3872092160", "EventData.StorageReserveBefore": "-1,-1,-1,1,5471686656,155648,160,1034854400,1020555264,1,0,0", "EventData.StorageReserveAfter": "-1,-1,-1,1,5471686656,155648,160,1034854400,948752384,1,0,0", "EventData.HR": "0", "EventData.HrReserveInit": "0", "EventData.IsLowStorage": "True"}
{"EventID": "1003", "Channel": "Microsoft-Windows-Storsvc/Diagnostic", "Provider_Name": "Microsoft-Windows-Storsvc", "Computer": "DESKTOP-OFJ6N53", "TimeCreated": "2024-09-28 03:39:43.143957+00:00", "RecordID": "1128", "Level": "4", "UserID": "S-1-5-18", "EventData.Version": "2", "EventData.PoliciesEnabled": "1,1,1,1,0,0,0,0,30,0,1,0", "EventData.StorageType": "0", "EventData.DeviceIndex": "0", "EventData.Flags": "8", "EventData.VolumeStatus": "0", "EventData.TargetSizeMB": "2963", "EventData.CleanedBytes": "0,0,0,0,0,0,0,0,0,0,0,0", "EventData.CleanupSucceeded": "0,0,1,0,0,0,0,0,0,0,0,0", "EventData.CleanupFailed": "0,0,0,0,0,0,0,0,0,0,0,0", "EventData.TotalBytes": "95966453760", "EventData.FreeBytesBefore": "3860242432", "EventData.FreeBytesAfter": "3860070400", "EventData.StorageReserveBefore": "-1,-1,-1,1,5471686656,155648,160,1034854400,949870592,1,0,0", "EventData.StorageReserveAfter": "-1,-1,-1,1,5471686656,155648,160,1034854400,949895168,1,0,0", "EventData.HR": "0", "EventData.HrReserveInit": "0", "EventData.IsLowStorage": "True"}
