{"EventID": "1225", "Channel": "Microsoft-Windows-PushNotification-Platform/Operational", "Provider_Name": "Microsoft-Windows-PushNotifications-Platform", "Computer": "DESKTOP-OFJ6N53", "TimeCreated": "2025-08-26 05:20:28.142591+00:00", "RecordID": "3704814", "Level": "5", "UserID": "S-1-5-18", "EventData.Verb": "PNG", "EventData.TrID": "208", "EventData.Namespace": "CON", "EventData.CorrelationVector": "nn/6rhUrhUSKOnqY.208.0", "EventData.Bytes": "127", "EventData.Payload": "TVMtQ1Y6IG5uLzZyaFVyaFVTS09ucVkuMjA4LjANCg0KPHBpbmctcmVzcG9uc2U+PHdhaXQ+NDY8L3dhaXQ+PGNvbm5lY3Rpb24tc3RhdHVzPkNvbm5lY3RlZDwvY29ubmVjdGlvbi1zdGF0dXM+PC9waW5nLXJlc3BvbnNlPg==", "EventData.ConnectionType": "1"}
{"EventID": "1268", "Channel": "Microsoft-Windows-PushNotification-Platform/Operational", "Provider_Name": "Microsoft-Windows-PushNotifications-Platform", "Computer": "DESKTOP-OFJ6N53", "TimeCreated": "2025-08-26 05:20:28.142593+00:00", "RecordID": "3704815", "Level": "5", "UserID": "S-1-5-18", "EventData.Verb": "PNG", "EventData.TrID": "208", "EventData.Namespace": "CON", "EventData.CorrelationVector": "nn/6rhUrhUSKOnqY.208.0", "EventData.Bytes": "127", "EventData.Payload": "UE5HIDIwOCBDT04AMTI3DQpNUy1DVjogbm4vNnJoVXJoVVNLT25xWS4yMDguMA0KDQo8cGluZy1yZXNwb25zZT48d2FpdD40Njwvd2FpdD48Y29ubmVjdGlvbi1zdGF0dXM+Q29ubmVjdGVkPC9jb25uZWN0aW9uLXN0YXR1cw==", "EventData.ConnectionType": "1"}
{"EventID": "1223", "Channel": "Microsoft-Windows-PushNotification-Platform/Operational", "Provider_Name": "Microsoft-Windows-PushNotifications-Platform", "Computer": "DESKTOP-OFJ6N53", "TimeCreated": "2025-08-26 05:21:28.107407+00:00", "RecordID": "3704816", "Level": "5", "UserID": "S-1-5-18", "EventData.Verb": "PNG", "EventData.TrID": "209", "EventData.Namespace": "CON", "EventData.CorrelationVector": "nn/6rhUrhUSKOnqY.209", "EventData.Bytes": "29", "EventData.Payload": "Q29udGV4dDogYzNmZmRmNzRhMGQ2NzMxMw0KDQo=", "EventData.ConnectionType": "1"}
{"EventID": "1267", "Channel": "Microsoft-Windows-PushNotification-Platform/Operational", "Provider_Name": "Microsoft-Windows-PushNotifications-Platform", "Computer": "DESKTOP-OFJ6N53", "TimeCreated": "2025-08-26 05:21:28.107409+00:00", "RecordID": "3704817", "Level": "5", "UserID": "S-1-5-18", "EventData.Verb": "PNG", "EventData.TrID": "209", "EventData.Namespace": "CON", "EventData.CorrelationVector": "nn/6rhUrhUSKOnqY.209", "EventData.Bytes": "74", "EventData.Payload": "UE5HIDIwOSBDT04gNTgNCk1TLUNWOiBubi82cmhVcmhVU0tPbnFZLjIwOQ0KQ29udGV4dDogYzNmZmRmNzRhMGQ2NzMxMw0KDQo=", "EventData.ConnectionType": "1"}
{"EventID": "1225", "Channel": "Microsoft-Windows-PushNotification-Platform/Operational", "Provider_Name": "Microsoft-Windows-PushNotifications-Platform", "Computer": "DESKTOP-OFJ6N53", "TimeCreated": "2025-08-26 05:21:28.154367+00:00", "RecordID": "3704818", "Level": "5", "UserID": "S-1-5-18", "EventData.Verb": "PNG", "EventData.TrID": "209", "EventData.Namespace": "CON", "EventData.CorrelationVector": "nn/6rhUrhUSKOnqY.209.0", "EventData.Bytes": "127", "EventData.Payload": "TVMtQ1Y6IG5uLzZyaFVyaFVTS09ucVkuMjA5LjANCg0KPHBpbmctcmVzcG9uc2U+PHdhaXQ+NDM8L3dhaXQ+PGNvbm5lY3Rpb24tc3RhdHVzPkNvbm5lY3RlZDwvY29ubmVjdGlvbi1zdGF0dXM+PC9waW5nLXJlc3BvbnNlPg==", "EventData.ConnectionType": "1"}
{"EventID": "1268", "Channel": "Microsoft-Windows-PushNotification-Platform/Operational", "Provider_Name": "Microsoft-Windows-PushNotifications-Platform", "Computer": "DESKTOP-OFJ6N53", "TimeCreated": "2025-08-26 05:21:28.154369+00:00", "RecordID": "3704819", "Level": "5", "UserID": "S-1-5-18", "EventData.Verb": "PNG", "EventData.TrID": "209", "EventData.Namespace": "CON", "EventData.CorrelationVector": "nn/6rhUrhUSKOnqY.209.0", "EventData.Bytes": "127", "EventData.Payload": "UE5HIDIwOSBDT04AMTI3DQpNUy1DVjogbm4vNnJoVXJoVVNLT25xWS4yMDkuMA0KDQo8cGluZy1yZXNwb25zZT48d2FpdD40Mzwvd2FpdD48Y29ubmVjdGlvbi1zdGF0dXM+Q29ubmVjdGVkPC9jb25uZWN0aW9uLXN0YXR1cw==", "EventData.ConnectionType": "1"}
{"EventID": "1223", "Channel": "Microsoft-Windows-PushNotification-Platform/Operational", "Provider_Name": "Microsoft-Windows-PushNotifications-Platform", "Computer": "DESKTOP-OFJ6N53", "TimeCreated": "2025-08-26 05:22:28.112478+00:00", "RecordID": "3704820", "Level": "5", "UserID": "S-1-5-18", "EventData.Verb": "PNG", "EventData.TrID": "210", "EventData.Namespace": "CON", "EventData.CorrelationVector": "nn/6rhUrhUSKOnqY.210", "EventData.Bytes": "27", "EventData.Payload": "Q29udGV4dDogNGRmNmRlYWRkNzZhYzcNCg0K", "EventData.ConnectionType": "1"}
{"EventID": "1267", "Channel": "Microsoft-Windows-PushNotification-Platform/Operational", "Provider_Name": "Microsoft-Windows-PushNotifications-Platform", "Computer": "DESKTOP-OFJ6N53", "TimeCreated": "2025-08-26 05:22:28.112480+00:00", "RecordID": "3704821", "Level": "5", "UserID": "S-1-5-18", "EventData.Verb": "PNG", "EventData.TrID": "210", "EventData.Namespace": "CON", "EventData.CorrelationVector": "nn/6rhUrhUSKOnqY.210", "EventData.Bytes": "72", "EventData.Payload": "UE5HIDIxMCBDT04gNTYNCk1TLUNWOiBubi82cmhVcmhVU0tPbnFZLjIxMA0KQ29udGV4dDogNGRmNmRlYWRkNzZhYzcNCg0K", "EventData.ConnectionType": "1"}
{"EventID": "1225", "Channel": "Microsoft-Windows-PushNotification-Platform/Operational", "Provider_Name": "Microsoft-Windows-PushNotifications-Platform", "Computer": "DESKTOP-OFJ6N53", "TimeCreated": "2025-08-26 05:22:28.214682+00:00", "RecordID": "3704822", "Level": "5", "UserID": "S-1-5-18", "EventData.Verb": "PNG", "EventData.TrID": "210", "EventData.Namespace": "CON", "EventData.CorrelationVector": "nn/6rhUrhUSKOnqY.210.0", "EventData.Bytes": "127", "EventData.Payload": "TVMtQ1Y6IG5uLzZyaFVyaFVTS09ucVkuMjEwLjANCg0KPHBpbmctcmVzcG9uc2U+PHdhaXQ+NDU8L3dhaXQ+PGNvbm5lY3Rpb24tc3RhdHVzPkNvbm5lY3RlZDwvY29ubmVjdGlvbi1zdGF0dXM+PC9waW5nLXJlc3BvbnNlPg==", "EventData.ConnectionType": "1"}
{"EventID": "1268", "Channel": "Microsoft-Windows-PushNotification-Platform/Operational", "Provider_Name": "Microsoft-Windows-PushNotifications-Platform", "Computer": "DESKTOP-OFJ6N53", "TimeCreated": "2025-08-26 05:22:28.214684+00:00", "RecordID": "3704823", "Level": "5", "UserID": "S-1-5-18", "EventData.Verb": "PNG", "EventData.TrID": "210", "EventData.Namespace": "CON", "EventData.CorrelationVector": "nn/6rhUrhUSKOnqY.210.0", "EventData.Bytes": "127", "EventData.Payload": "UE5HIDIxMCBDT04AMTI3DQpNUy1DVjogbm4vNnJoVXJoVVNLT25xWS4yMTAuMA0KDQo8cGluZy1yZXNwb25zZT48d2FpdD40NTwvd2FpdD48Y29ubmVjdGlvbi1zdGF0dXM+Q29ubmVjdGVkPC9jb25uZWN0aW9uLXN0YXR1cw==", "EventData.ConnectionType": "1"}
{"EventID": "1223", "Channel": "Microsoft-Windows-PushNotification-Platform/Operational", "Provider_Name": "Microsoft-Windows-PushNotifications-Platform", "Computer": "DESKTOP-OFJ6N53", "TimeCreated": "2025-08-26 05:23:28.120552+00:00", "RecordID": "3704824", "Level": "5", "UserID": "S-1-5-18", "EventData.Verb": "PNG", "EventData.TrID": "211", "EventData.Namespace": "CON", "EventData.CorrelationVector": "nn/6rhUrhUSKOnqY.211", "EventData.Bytes": "29", "EventData.Payload": "Q29udGV4dDogNWM5NDIwM2EyZDM3NjllZA0KDQo=", "EventData.ConnectionType": "1"}
{"EventID": "1267", "Channel": "Microsoft-Windows-PushNotification-Platform/Operational", "Provider_Name": "Microsoft-Windows-PushNotifications-Platform", "Computer": "DESKTOP-OFJ6N53", "TimeCreated": "2025-08-26 05:23:28.120556+00:00", "RecordID": "3704825", "Level": "5", "UserID": "S-1-5-18", "EventData.Verb": "PNG", "EventData.TrID": "211", "EventData.Namespace": "CON", "EventData.CorrelationVector": "nn/6rhUrhUSKOnqY.211", "EventData.Bytes": "74", "EventData.Payload": "UE5HIDIxMSBDT04gNTgNCk1TLUNWOiBubi82cmhVcmhVU0tPbnFZLjIxMQ0KQ29udGV4dDogNWM5NDIwM2EyZDM3NjllZA0KDQo=", "EventData.ConnectionType": "1"}
{"EventID": "1225", "Channel": "Microsoft-Windows-PushNotification-Platform/Operational", "Provider_Name": "Microsoft-Windows-PushNotifications-Platform", "Computer": "DESKTOP-OFJ6N53", "TimeCreated": "2025-08-26 05:23:28.173950+00:00", "RecordID": "3704826", "Level": "5", "UserID": "S-1-5-18", "EventData.Verb": "PNG", "EventData.TrID": "211", "EventData.Namespace": "CON", "EventData.CorrelationVector": "nn/6rhUrhUSKOnqY.211.0", "EventData.Bytes": "127", "EventData.Payload": "TVMtQ1Y6IG5uLzZyaFVyaFVTS09ucVkuMjExLjANCg0KPHBpbmctcmVzcG9uc2U+PHdhaXQ+NDQ8L3dhaXQ+PGNvbm5lY3Rpb24tc3RhdHVzPkNvbm5lY3RlZDwvY29ubmVjdGlvbi1zdGF0dXM+PC9waW5nLXJlc3BvbnNlPg==", "EventData.ConnectionType": "1"}
{"EventID": "1268", "Channel": "Microsoft-Windows-PushNotification-Platform/Operational", "Provider_Name": "Microsoft-Windows-PushNotifications-Platform", "Computer": "DESKTOP-OFJ6N53", "TimeCreated": "2025-08-26 05:23:28.173952+00:00", "RecordID": "3704827", "Level": "5", "UserID": "S-1-5-18", "EventData.Verb": "PNG", "EventData.TrID": "211", "EventData.Namespace": "CON", "EventData.CorrelationVector": "nn/6rhUrhUSKOnqY.211.0", "EventData.Bytes": "127", "EventData.Payload": "UE5HIDIxMSBDT04AMTI3DQpNUy1DVjogbm4vNnJoVXJoVVNLT25xWS4yMTEuMA0KDQo8cGluZy1yZXNwb25zZT48d2FpdD40NDwvd2FpdD48Y29ubmVjdGlvbi1zdGF0dXM+Q29ubmVjdGVkPC9jb25uZWN0aW9uLXN0YXR1cw==", "EventData.ConnectionType": "1"}
{"EventID": "1223", "Channel": "Microsoft-Windows-PushNotification-Platform/Operational", "Provider_Name": "Microsoft-Windows-PushNotifications-Platform", "Computer": "DESKTOP-OFJ6N53", "TimeCreated": "2025-08-26 05:24:28.127115+00:00", "RecordID": "3704828", "Level": "5", "UserID": "S-1-5-18", "EventData.Verb": "PNG", "EventData.TrID": "212", "EventData.Namespace": "CON", "EventData.CorrelationVector": "nn/6rhUrhUSKOnqY.212", "EventData.Bytes": "29", "EventData.Payload": "Q29udGV4dDogYzg5MzJlY2NlZDBkZTY0Yw0KDQo=", "EventData.ConnectionType": "1"}
{"EventID": "1267", "Channel": "Microsoft-Windows-PushNotification-Platform/Operational", "Provider_Name": "Microsoft-Windows-PushNotifications-Platform", "Computer": "DESKTOP-OFJ6N53", "TimeCreated": "2025-08-26 05:24:28.127117+00:00", "RecordID": "3704829", "Level": "5", "UserID": "S-1-5-18", "EventData.Verb": "PNG", "EventData.TrID": "212", "EventData.Namespace": "CON", "EventData.CorrelationVector": "nn/6rhUrhUSKOnqY.212", "EventData.Bytes": "74", "EventData.Payload": "UE5HIDIxMiBDT04gNTgNCk1TLUNWOiBubi82cmhVcmhVU0tPbnFZLjIxMg0KQ29udGV4dDogYzg5MzJlY2NlZDBkZTY0Yw0KDQo=", "EventData.ConnectionType": "1"}
{"EventID": "1225", "Channel": "Microsoft-Windows-PushNotification-Platform/Operational", "Provider_Name": "Microsoft-Windows-PushNotifications-Platform", "Computer": "DESKTOP-OFJ6N53", "TimeCreated": "2025-08-26 05:24:28.174250+00:00", "RecordID": "3704830", "Level": "5", "UserID": "S-1-5-18", "EventData.Verb": "PNG", "EventData.TrID": "212", "EventData.Namespace": "CON", "EventData.CorrelationVector": "nn/6rhUrhUSKOnqY.212.0", "EventData.Bytes": "127", "EventData.Payload": "TVMtQ1Y6IG5uLzZyaFVyaFVTS09ucVkuMjEyLjANCg0KPHBpbmctcmVzcG9uc2U+PHdhaXQ+NDU8L3dhaXQ+PGNvbm5lY3Rpb24tc3RhdHVzPkNvbm5lY3RlZDwvY29ubmVjdGlvbi1zdGF0dXM+PC9waW5nLXJlc3BvbnNlPg==", "EventData.ConnectionType": "1"}
{"EventID": "1268", "Channel": "Microsoft-Windows-PushNotification-Platform/Operational", "Provider_Name": "Microsoft-Windows-PushNotifications-Platform", "Computer": "DESKTOP-OFJ6N53", "TimeCreated": "2025-08-26 05:24:28.174250+00:00", "RecordID": "3704831", "Level": "5", "UserID": "S-1-5-18", "EventData.Verb": "PNG", "EventData.TrID": "212", "EventData.Namespace": "CON", "EventData.CorrelationVector": "nn/6rhUrhUSKOnqY.212.0", "EventData.Bytes": "127", "EventData.Payload": "UE5HIDIxMiBDT04AMTI3DQpNUy1DVjogbm4vNnJoVXJoVVNLT25xWS4yMTIuMA0KDQo8cGluZy1yZXNwb25zZT48d2FpdD40NTwvd2FpdD48Y29ubmVjdGlvbi1zdGF0dXM+Q29ubmVjdGVkPC9jb25uZWN0aW9uLXN0YXR1cw==", "EventData.ConnectionType": "1"}
{"EventID": "1223", "Channel": "Microsoft-Windows-PushNotification-Platform/Operational", "Provider_Name": "Microsoft-Windows-PushNotifications-Platform", "Computer": "DESKTOP-OFJ6N53", "TimeCreated": "2025-08-26 05:25:28.128445+00:00", "RecordID": "3704832", "Level": "5", "UserID": "S-1-5-18", "EventData.Verb": "PNG", "EventData.TrID": "213", "EventData.Namespace": "CON", "EventData.CorrelationVector": "nn/6rhUrhUSKOnqY.213", "EventData.Bytes": "29", "EventData.Payload": "Q29udGV4dDogYjU4N2I5YWJhZjIzYTg0Nw0KDQo=", "EventData.ConnectionType": "1"}
{"EventID": "1267", "Channel": "Microsoft-Windows-PushNotification-Platform/Operational", "Provider_Name": "Microsoft-Windows-PushNotifications-Platform", "Computer": "DESKTOP-OFJ6N53", "TimeCreated": "2025-08-26 05:25:28.128447+00:00", "RecordID": "3704833", "Level": "5", "UserID": "S-1-5-18", "EventData.Verb": "PNG", "EventData.TrID": "213", "EventData.Namespace": "CON", "EventData.CorrelationVector": "nn/6rhUrhUSKOnqY.213", "EventData.Bytes": "74", "EventData.Payload": "UE5HIDIxMyBDT04gNTgNCk1TLUNWOiBubi82cmhVcmhVU0tPbnFZLjIxMw0KQ29udGV4dDogYjU4N2I5YWJhZjIzYTg0Nw0KDQo=", "EventData.ConnectionType": "1"}
{"EventID": "1225", "Channel": "Microsoft-Windows-PushNotification-Platform/Operational", "Provider_Name": "Microsoft-Windows-PushNotifications-Platform", "Computer": "DESKTOP-OFJ6N53", "TimeCreated": "2025-08-26 05:25:28.175957+00:00", "RecordID": "3704834", "Level": "5", "UserID": "S-1-5-18", "EventData.Verb": "PNG", "EventData.TrID": "213", "EventData.Namespace": "CON", "EventData.CorrelationVector": "nn/6rhUrhUSKOnqY.213.0", "EventData.Bytes": "127", "EventData.Payload": "TVMtQ1Y6IG5uLzZyaFVyaFVTS09ucVkuMjEzLjANCg0KPHBpbmctcmVzcG9uc2U+PHdhaXQ+NDE8L3dhaXQ+PGNvbm5lY3Rpb24tc3RhdHVzPkNvbm5lY3RlZDwvY29ubmVjdGlvbi1zdGF0dXM+PC9waW5nLXJlc3BvbnNlPg==", "EventData.ConnectionType": "1"}
{"EventID": "1268", "Channel": "Microsoft-Windows-PushNotification-Platform/Operational", "Provider_Name": "Microsoft-Windows-PushNotifications-Platform", "Computer": "DESKTOP-OFJ6N53", "TimeCreated": "2025-08-26 05:25:28.175959+00:00", "RecordID": "3704835", "Level": "5", "UserID": "S-1-5-18", "EventData.Verb": "PNG", "EventData.TrID": "213", "EventData.Namespace": "CON", "EventData.CorrelationVector": "nn/6rhUrhUSKOnqY.213.0", "EventData.Bytes": "127", "EventData.Payload": "UE5HIDIxMyBDT04AMTI3DQpNUy1DVjogbm4vNnJoVXJoVVNLT25xWS4yMTMuMA0KDQo8cGluZy1yZXNwb25zZT48d2FpdD40MTwvd2FpdD48Y29ubmVjdGlvbi1zdGF0dXM+Q29ubmVjdGVkPC9jb25uZWN0aW9uLXN0YXR1cw==", "EventData.ConnectionType": "1"}
{"EventID": "1223", "Channel": "Microsoft-Windows-PushNotification-Platform/Operational", "Provider_Name": "Microsoft-Windows-PushNotifications-Platform", "Computer": "DESKTOP-OFJ6N53", "TimeCreated": "2025-08-26 05:26:26.900555+00:00", "RecordID": "3704836", "Level": "5", "UserID": "S-1-5-18", "EventData.Verb": "PNG", "EventData.TrID": "214", "EventData.Namespace": "CON", "EventData.CorrelationVector": "nn/6rhUrhUSKOnqY.214", "EventData.Bytes": "29", "EventData.Payload": "Q29udGV4dDogNjg2NWIwODEzMmE5YTAxOQ0KDQo=", "EventData.ConnectionType": "1"}
{"EventID": "1267", "Channel": "Microsoft-Windows-PushNotification-Platform/Operational", "Provider_Name": "Microsoft-Windows-PushNotifications-Platform", "Computer": "DESKTOP-OFJ6N53", "TimeCreated": "2025-08-26 05:26:26.900557+00:00", "RecordID": "3704837", "Level": "5", "UserID": "S-1-5-18", "EventData.Verb": "PNG", "EventData.TrID": "214", "EventData.Namespace": "CON", "EventData.CorrelationVector": "nn/6rhUrhUSKOnqY.214", "EventData.Bytes": "74", "EventData.Payload": "UE5HIDIxNCBDT04gNTgNCk1TLUNWOiBubi82cmhVcmhVU0tPbnFZLjIxNA0KQ29udGV4dDogNjg2NWIwODEzMmE5YTAxOQ0KDQo=", "EventData.ConnectionType": "1"}
{"EventID": "1225", "Channel": "Microsoft-Windows-PushNotification-Platform/Operational", "Provider_Name": "Microsoft-Windows-PushNotifications-Platform", "Computer": "DESKTOP-OFJ6N53", "TimeCreated": "2025-08-26 05:26:26.947336+00:00", "RecordID": "3704838", "Level": "5", "UserID": "S-1-5-18", "EventData.Verb": "PNG", "EventData.TrID": "214", "EventData.Namespace": "CON", "EventData.CorrelationVector": "nn/6rhUrhUSKOnqY.214.0", "EventData.Bytes": "127", "EventData.Payload": "TVMtQ1Y6IG5uLzZyaFVyaFVTS09ucVkuMjE0LjANCg0KPHBpbmctcmVzcG9uc2U+PHdhaXQ+NDA8L3dhaXQ+PGNvbm5lY3Rpb24tc3RhdHVzPkNvbm5lY3RlZDwvY29ubmVjdGlvbi1zdGF0dXM+PC9waW5nLXJlc3BvbnNlPg==", "EventData.ConnectionType": "1"}
{"EventID": "1268", "Channel": "Microsoft-Windows-PushNotification-Platform/Operational", "Provider_Name": "Microsoft-Windows-PushNotifications-Platform", "Computer": "DESKTOP-OFJ6N53", "TimeCreated": "2025-08-26 05:26:26.947338+00:00", "RecordID": "3704839", "Level": "5", "UserID": "S-1-5-18", "EventData.Verb": "PNG", "EventData.TrID": "214", "EventData.Namespace": "CON", "EventData.CorrelationVector": "nn/6rhUrhUSKOnqY.214.0", "EventData.Bytes": "127", "EventData.Payload": "UE5HIDIxNCBDT04AMTI3DQpNUy1DVjogbm4vNnJoVXJoVVNLT25xWS4yMTQuMA0KDQo8cGluZy1yZXNwb25zZT48d2FpdD40MDwvd2FpdD48Y29ubmVjdGlvbi1zdGF0dXM+Q29ubmVjdGVkPC9jb25uZWN0aW9uLXN0YXR1cw==", "EventData.ConnectionType": "1"}
{"EventID": "1223", "Channel": "Microsoft-Windows-PushNotification-Platform/Operational", "Provider_Name": "Microsoft-Windows-PushNotifications-Platform", "Computer": "DESKTOP-OFJ6N53", "TimeCreated": "2025-08-26 05:27:26.913610+00:00", "RecordID": "3704840", "Level": "5", "UserID": "S-1-5-18", "EventData.Verb": "PNG", "EventData.TrID": "215", "EventData.Namespace": "CON", "EventData.CorrelationVector": "nn/6rhUrhUSKOnqY.215", "EventData.Bytes": "29", "EventData.Payload": "Q29udGV4dDogYTQwMTA2NGYwMzBkZDgxNw0KDQo=", "EventData.ConnectionType": "1"}
{"EventID": "1267", "Channel": "Microsoft-Windows-PushNotification-Platform/Operational", "Provider_Name": "Microsoft-Windows-PushNotifications-Platform", "Computer": "DESKTOP-OFJ6N53", "TimeCreated": "2025-08-26 05:27:26.913612+00:00", "RecordID": "3704841", "Level": "5", "UserID": "S-1-5-18", "EventData.Verb": "PNG", "EventData.TrID": "215", "EventData.Namespace": "CON", "EventData.CorrelationVector": "nn/6rhUrhUSKOnqY.215", "EventData.Bytes": "74", "EventData.Payload": "UE5HIDIxNSBDT04gNTgNCk1TLUNWOiBubi82cmhVcmhVU0tPbnFZLjIxNQ0KQ29udGV4dDogYTQwMTA2NGYwMzBkZDgxNw0KDQo=", "EventData.ConnectionType": "1"}
{"EventID": "1225", "Channel": "Microsoft-Windows-PushNotification-Platform/Operational", "Provider_Name": "Microsoft-Windows-PushNotifications-Platform", "Computer": "DESKTOP-OFJ6N53", "TimeCreated": "2025-08-26 05:27:26.960541+00:00", "RecordID": "3704842", "Level": "5", "UserID": "S-1-5-18", "EventData.Verb": "PNG", "EventData.TrID": "215", "EventData.Namespace": "CON", "EventData.CorrelationVector": "nn/6rhUrhUSKOnqY.215.0", "EventData.Bytes": "127", "EventData.Payload": "TVMtQ1Y6IG5uLzZyaFVyaFVTS09ucVkuMjE1LjANCg0KPHBpbmctcmVzcG9uc2U+PHdhaXQ+NDM8L3dhaXQ+PGNvbm5lY3Rpb24tc3RhdHVzPkNvbm5lY3RlZDwvY29ubmVjdGlvbi1zdGF0dXM+PC9waW5nLXJlc3BvbnNlPg==", "EventData.ConnectionType": "1"}
{"EventID": "1268", "Channel": "Microsoft-Windows-PushNotification-Platform/Operational", "Provider_Name": "Microsoft-Windows-PushNotifications-Platform", "Computer": "DESKTOP-OFJ6N53", "TimeCreated": "2025-08-26 05:27:26.960543+00:00", "RecordID": "3704843", "Level": "5", "UserID": "S-1-5-18", "EventData.Verb": "PNG", "EventData.TrID": "215", "EventData.Namespace": "CON", "EventData.CorrelationVector": "nn/6rhUrhUSKOnqY.215.0", "EventData.Bytes": "127", "EventData.Payload": "UE5HIDIxNSBDT04AMTI3DQpNUy1DVjogbm4vNnJoVXJoVVNLT25xWS4yMTUuMA0KDQo8cGluZy1yZXNwb25zZT48d2FpdD40Mzwvd2FpdD48Y29ubmVjdGlvbi1zdGF0dXM+Q29ubmVjdGVkPC9jb25uZWN0aW9uLXN0YXR1cw==", "EventData.ConnectionType": "1"}
{"EventID": "1223", "Channel": "Microsoft-Windows-PushNotification-Platform/Operational", "Provider_Name": "Microsoft-Windows-PushNotifications-Platform", "Computer": "DESKTOP-OFJ6N53", "TimeCreated": "2025-08-26 05:28:26.927641+00:00", "RecordID": "3704844", "Level": "5", "UserID": "S-1-5-18", "EventData.Verb": "PNG", "EventData.TrID": "216", "EventData.Namespace": "CON", "EventData.CorrelationVector": "nn/6rhUrhUSKOnqY.216", "EventData.Bytes": "29", "EventData.Payload": "Q29udGV4dDogNzY2NGE2OWY3YmZlZGJlNQ0KDQo=", "EventData.ConnectionType": "1"}
{"EventID": "1267", "Channel": "Microsoft-Windows-PushNotification-Platform/Operational", "Provider_Name": "Microsoft-Windows-PushNotifications-Platform", "Computer": "DESKTOP-OFJ6N53", "TimeCreated": "2025-08-26 05:28:26.927641+00:00", "RecordID": "3704845", "Level": "5", "UserID": "S-1-5-18", "EventData.Verb": "PNG", "EventData.TrID": "216", "EventData.Namespace": "CON", "EventData.CorrelationVector": "nn/6rhUrhUSKOnqY.216", "EventData.Bytes": "74", "EventData.Payload": "UE5HIDIxNiBDT04gNTgNCk1TLUNWOiBubi82cmhVcmhVU0tPbnFZLjIxNg0KQ29udGV4dDogNzY2NGE2OWY3YmZlZGJlNQ0KDQo=", "EventData.ConnectionType": "1"}
{"EventID": "1225", "Channel": "Microsoft-Windows-PushNotification-Platform/Operational", "Provider_Name": "Microsoft-Windows-PushNotifications-Platform", "Computer": "DESKTOP-OFJ6N53", "TimeCreated": "2025-08-26 05:28:26.976128+00:00", "RecordID": "3704846", "Level": "5", "UserID": "S-1-5-18", "EventData.Verb": "PNG", "EventData.TrID": "216", "EventData.Namespace": "CON", "EventData.CorrelationVector": "nn/6rhUrhUSKOnqY.216.0", "EventData.Bytes": "127", "EventData.Payload": "TVMtQ1Y6IG5uLzZyaFVyaFVTS09ucVkuMjE2LjANCg0KPHBpbmctcmVzcG9uc2U+PHdhaXQ+NDI8L3dhaXQ+PGNvbm5lY3Rpb24tc3RhdHVzPkNvbm5lY3RlZDwvY29ubmVjdGlvbi1zdGF0dXM+PC9waW5nLXJlc3BvbnNlPg==", "EventData.ConnectionType": "1"}
{"EventID": "1268", "Channel": "Microsoft-Windows-PushNotification-Platform/Operational", "Provider_Name": "Microsoft-Windows-PushNotifications-Platform", "Computer": "DESKTOP-OFJ6N53", "TimeCreated": "2025-08-26 05:28:26.976130+00:00", "RecordID": "3704847", "Level": "5", "UserID": "S-1-5-18", "EventData.Verb": "PNG", "EventData.TrID": "216", "EventData.Namespace": "CON", "EventData.CorrelationVector": "nn/6rhUrhUSKOnqY.216.0", "EventData.Bytes": "127", "EventData.Payload": "UE5HIDIxNiBDT04AMTI3DQpNUy1DVjogbm4vNnJoVXJoVVNLT25xWS4yMTYuMA0KDQo8cGluZy1yZXNwb25zZT48d2FpdD40Mjwvd2FpdD48Y29ubmVjdGlvbi1zdGF0dXM+Q29ubmVjdGVkPC9jb25uZWN0aW9uLXN0YXR1cw==", "EventData.ConnectionType": "1"}
{"EventID": "1223", "Channel": "Microsoft-Windows-PushNotification-Platform/Operational", "Provider_Name": "Microsoft-Windows-PushNotifications-Platform", "Computer": "DESKTOP-OFJ6N53", "TimeCreated": "2025-08-26 05:29:26.942385+00:00", "RecordID": "3704848", "Level": "5", "UserID": "S-1-5-18", "EventData.Verb": "PNG", "EventData.TrID": "217", "EventData.Namespace": "CON", "EventData.CorrelationVector": "nn/6rhUrhUSKOnqY.217", "EventData.Bytes": "29", "EventData.Payload": "Q29udGV4dDogYjdjN2U4NWM3MmYwZmVmMw0KDQo=", "EventData.ConnectionType": "1"}
{"EventID": "1267", "Channel": "Microsoft-Windows-PushNotification-Platform/Operational", "Provider_Name": "Microsoft-Windows-PushNotifications-Platform", "Computer": "DESKTOP-OFJ6N53", "TimeCreated": "2025-08-26 05:29:26.942387+00:00", "RecordID": "3704849", "Level": "5", "UserID": "S-1-5-18", "EventData.Verb": "PNG", "EventData.TrID": "217", "EventData.Namespace": "CON", "EventData.CorrelationVector": "nn/6rhUrhUSKOnqY.217", "EventData.Bytes": "74", "EventData.Payload": "UE5HIDIxNyBDT04gNTgNCk1TLUNWOiBubi82cmhVcmhVU0tPbnFZLjIxNw0KQ29udGV4dDogYjdjN2U4NWM3MmYwZmVmMw0KDQo=", "EventData.ConnectionType": "1"}
{"EventID": "1225", "Channel": "Microsoft-Windows-PushNotification-Platform/Operational", "Provider_Name": "Microsoft-Windows-PushNotifications-Platform", "Computer": "DESKTOP-OFJ6N53", "TimeCreated": "2025-08-26 05:29:26.989605+00:00", "RecordID": "3704850", "Level": "5", "UserID": "S-1-5-18", "EventData.Verb": "PNG", "EventData.TrID": "217", "EventData.Namespace": "CON", "EventData.CorrelationVector": "nn/6rhUrhUSKOnqY.217.0", "EventData.Bytes": "127", "EventData.Payload": "TVMtQ1Y6IG5uLzZyaFVyaFVTS09ucVkuMjE3LjANCg0KPHBpbmctcmVzcG9uc2U+PHdhaXQ+NDQ8L3dhaXQ+PGNvbm5lY3Rpb24tc3RhdHVzPkNvbm5lY3RlZDwvY29ubmVjdGlvbi1zdGF0dXM+PC9waW5nLXJlc3BvbnNlPg==", "EventData.ConnectionType": "1"}
{"EventID": "1268", "Channel": "Microsoft-Windows-PushNotification-Platform/Operational", "Provider_Name": "Microsoft-Windows-PushNotifications-Platform", "Computer": "DESKTOP-OFJ6N53", "TimeCreated": "2025-08-26 05:29:26.989607+00:00", "RecordID": "3704851", "Level": "5", "UserID": "S-1-5-18", "EventData.Verb": "PNG", "EventData.TrID": "217", "EventData.Namespace": "CON", "EventData.CorrelationVector": "nn/6rhUrhUSKOnqY.217.0", "EventData.Bytes": "127", "EventData.Payload": "UE5HIDIxNyBDT04AMTI3DQpNUy1DVjogbm4vNnJoVXJoVVNLT25xWS4yMTcuMA0KDQo8cGluZy1yZXNwb25zZT48d2FpdD40NDwvd2FpdD48Y29ubmVjdGlvbi1zdGF0dXM+Q29ubmVjdGVkPC9jb25uZWN0aW9uLXN0YXR1cw==", "EventData.ConnectionType": "1"}
{"EventID": "1223", "Channel": "Microsoft-Windows-PushNotification-Platform/Operational", "Provider_Name": "Microsoft-Windows-PushNotifications-Platform", "Computer": "DESKTOP-OFJ6N53", "TimeCreated": "2025-08-26 05:30:26.944950+00:00", "RecordID": "3704852", "Level": "5", "UserID": "S-1-5-18", "EventData.Verb": "PNG", "EventData.TrID": "218", "EventData.Namespace": "CON", "EventData.CorrelationVector": "nn/6rhUrhUSKOnqY.218", "EventData.Bytes": "29", "EventData.Payload": "Q29udGV4dDogMjc5NjY4ZmNlOGZmZDBiMQ0KDQo=", "EventData.ConnectionType": "1"}
{"EventID": "1267", "Channel": "Microsoft-Windows-PushNotification-Platform/Operational", "Provider_Name": "Microsoft-Windows-PushNotifications-Platform", "Computer": "DESKTOP-OFJ6N53", "TimeCreated": "2025-08-26 05:30:26.944952+00:00", "RecordID": "3704853", "Level": "5", "UserID": "S-1-5-18", "EventData.Verb": "PNG", "EventData.TrID": "218", "EventData.Namespace": "CON", "EventData.CorrelationVector": "nn/6rhUrhUSKOnqY.218", "EventData.Bytes": "74", "EventData.Payload": "UE5HIDIxOCBDT04gNTgNCk1TLUNWOiBubi82cmhVcmhVU0tPbnFZLjIxOA0KQ29udGV4dDogMjc5NjY4ZmNlOGZmZDBiMQ0KDQo=", "EventData.ConnectionType": "1"}
{"EventID": "1225", "Channel": "Microsoft-Windows-PushNotification-Platform/Operational", "Provider_Name": "Microsoft-Windows-PushNotifications-Platform", "Computer": "DESKTOP-OFJ6N53", "TimeCreated": "2025-08-26 05:30:26.992277+00:00", "RecordID": "3704854", "Level": "5", "UserID": "S-1-5-18", "EventData.Verb": "PNG", "EventData.TrID": "218", "EventData.Namespace": "CON", "EventData.CorrelationVector": "nn/6rhUrhUSKOnqY.218.0", "EventData.Bytes": "127", "EventData.Payload": "TVMtQ1Y6IG5uLzZyaFVyaFVTS09ucVkuMjE4LjANCg0KPHBpbmctcmVzcG9uc2U+PHdhaXQ+NDI8L3dhaXQ+PGNvbm5lY3Rpb24tc3RhdHVzPkNvbm5lY3RlZDwvY29ubmVjdGlvbi1zdGF0dXM+PC9waW5nLXJlc3BvbnNlPg==", "EventData.ConnectionType": "1"}
{"EventID": "1268", "Channel": "Microsoft-Windows-PushNotification-Platform/Operational", "Provider_Name": "Microsoft-Windows-PushNotifications-Platform", "Computer": "DESKTOP-OFJ6N53", "TimeCreated": "2025-08-26 05:30:26.992277+00:00", "RecordID": "3704855", "Level": "5", "UserID": "S-1-5-18", "EventData.Verb": "PNG", "EventData.TrID": "218", "EventData.Namespace": "CON", "EventData.CorrelationVector": "nn/6rhUrhUSKOnqY.218.0", "EventData.Bytes": "127", "EventData.Payload": "UE5HIDIxOCBDT04AMTI3DQpNUy1DVjogbm4vNnJoVXJoVVNLT25xWS4yMTguMA0KDQo8cGluZy1yZXNwb25zZT48d2FpdD40Mjwvd2FpdD48Y29ubmVjdGlvbi1zdGF0dXM+Q29ubmVjdGVkPC9jb25uZWN0aW9uLXN0YXR1cw==", "EventData.ConnectionType": "1"}
{"EventID": "1223", "Channel": "Microsoft-Windows-PushNotification-Platform/Operational", "Provider_Name": "Microsoft-Windows-PushNotifications-Platform", "Computer": "DESKTOP-OFJ6N53", "TimeCreated": "2025-08-26 05:31:27.059935+00:00", "RecordID": "3704856", "Level": "5", "UserID": "S-1-5-18", "EventData.Verb": "PNG", "EventData.TrID": "219", "EventData.Namespace": "CON", "EventData.CorrelationVector": "nn/6rhUrhUSKOnqY.219", "EventData.Bytes": "29", "EventData.Payload": "Q29udGV4dDogYWYxOGM1ZDk5MDZiMTA4OQ0KDQo=", "EventData.ConnectionType": "1"}
{"EventID": "1267", "Channel": "Microsoft-Windows-PushNotification-Platform/Operational", "Provider_Name": "Microsoft-Windows-PushNotifications-Platform", "Computer": "DESKTOP-OFJ6N53", "TimeCreated": "2025-08-26 05:31:27.059935+00:00", "RecordID": "3704857", "Level": "5", "UserID": "S-1-5-18", "EventData.Verb": "PNG", "EventData.TrID": "219", "EventData.Namespace": "CON", "EventData.CorrelationVector": "nn/6rhUrhUSKOnqY.219", "EventData.Bytes": "74", "EventData.Payload": "UE5HIDIxOSBDT04gNTgNCk1TLUNWOiBubi82cmhVcmhVU0tPbnFZLjIxOQ0KQ29udGV4dDogYWYxOGM1ZDk5MDZiMTA4OQ0KDQo=", "EventData.ConnectionType": "1"}
{"EventID": "1225", "Channel": "Microsoft-Windows-PushNotification-Platform/Operational", "Provider_Name": "Microsoft-Windows-PushNotifications-Platform", "Computer": "DESKTOP-OFJ6N53", "TimeCreated": "2025-08-26 05:31:27.106892+00:00", "RecordID": "3704858", "Level": "5", "UserID": "S-1-5-18", "EventData.Verb": "PNG", "EventData.TrID": "219", "EventData.Namespace": "CON", "EventData.CorrelationVector": "nn/6rhUrhUSKOnqY.219.0", "EventData.Bytes": "127", "EventData.Payload": "TVMtQ1Y6IG5uLzZyaFVyaFVTS09ucVkuMjE5LjANCg0KPHBpbmctcmVzcG9uc2U+PHdhaXQ+NDY8L3dhaXQ+PGNvbm5lY3Rpb24tc3RhdHVzPkNvbm5lY3RlZDwvY29ubmVjdGlvbi1zdGF0dXM+PC9waW5nLXJlc3BvbnNlPg==", "EventData.ConnectionType": "1"}
{"EventID": "1268", "Channel": "Microsoft-Windows-PushNotification-Platform/Operational", "Provider_Name": "Microsoft-Windows-PushNotifications-Platform", "Computer": "DESKTOP-OFJ6N53", "TimeCreated": "2025-08-26 05:31:27.106894+00:00", "RecordID": "3704859", "Level": "5", "UserID": "S-1-5-18", "EventData.Verb": "PNG", "EventData.TrID": "219", "EventData.Namespace": "CON", "EventData.CorrelationVector": "nn/6rhUrhUSKOnqY.219.0", "EventData.Bytes": "127", "EventData.Payload": "UE5HIDIxOSBDT04AMTI3DQpNUy1DVjogbm4vNnJoVXJoVVNLT25xWS4yMTkuMA0KDQo8cGluZy1yZXNwb25zZT48d2FpdD40Njwvd2FpdD48Y29ubmVjdGlvbi1zdGF0dXM+Q29ubmVjdGVkPC9jb25uZWN0aW9uLXN0YXR1cw==", "EventData.ConnectionType": "1"}
{"EventID": "1223", "Channel": "Microsoft-Windows-PushNotification-Platform/Operational", "Provider_Name": "Microsoft-Windows-PushNotifications-Platform", "Computer": "DESKTOP-OFJ6N53", "TimeCreated": "2025-08-26 05:32:27.069071+00:00", "RecordID": "3704860", "Level": "5", "UserID": "S-1-5-18", "EventData.Verb": "PNG", "EventData.TrID": "220", "EventData.Namespace": "CON", "EventData.CorrelationVector": "nn/6rhUrhUSKOnqY.220", "EventData.Bytes": "29", "EventData.Payload": "Q29udGV4dDogZmI2MjQ5NDY4MzgxNTM1Ng0KDQo=", "EventData.ConnectionType": "1"}
{"EventID": "1267", "Channel": "Microsoft-Windows-PushNotification-Platform/Operational", "Provider_Name": "Microsoft-Windows-PushNotifications-Platform", "Computer": "DESKTOP-OFJ6N53", "TimeCreated": "2025-08-26 05:32:27.069075+00:00", "RecordID": "3704861", "Level": "5", "UserID": "S-1-5-18", "EventData.Verb": "PNG", "EventData.TrID": "220", "EventData.Namespace": "CON", "EventData.CorrelationVector": "nn/6rhUrhUSKOnqY.220", "EventData.Bytes": "74", "EventData.Payload": "UE5HIDIyMCBDT04gNTgNCk1TLUNWOiBubi82cmhVcmhVU0tPbnFZLjIyMA0KQ29udGV4dDogZmI2MjQ5NDY4MzgxNTM1Ng0KDQo=", "EventData.ConnectionType": "1"}
{"EventID": "1225", "Channel": "Microsoft-Windows-PushNotification-Platform/Operational", "Provider_Name": "Microsoft-Windows-PushNotifications-Platform", "Computer": "DESKTOP-OFJ6N53", "TimeCreated": "2025-08-26 05:32:27.116129+00:00", "RecordID": "3704862", "Level": "5", "UserID": "S-1-5-18", "EventData.Verb": "PNG", "EventData.TrID": "220", "EventData.Namespace": "CON", "EventData.CorrelationVector": "nn/6rhUrhUSKOnqY.220.0", "EventData.Bytes": "127", "EventData.Payload": "TVMtQ1Y6IG5uLzZyaFVyaFVTS09ucVkuMjIwLjANCg0KPHBpbmctcmVzcG9uc2U+PHdhaXQ+NDk8L3dhaXQ+PGNvbm5lY3Rpb24tc3RhdHVzPkNvbm5lY3RlZDwvY29ubmVjdGlvbi1zdGF0dXM+PC9waW5nLXJlc3BvbnNlPg==", "EventData.ConnectionType": "1"}
{"EventID": "1268", "Channel": "Microsoft-Windows-PushNotification-Platform/Operational", "Provider_Name": "Microsoft-Windows-PushNotifications-Platform", "Computer": "DESKTOP-OFJ6N53", "TimeCreated": "2025-08-26 05:32:27.116131+00:00", "RecordID": "3704863", "Level": "5", "UserID": "S-1-5-18", "EventData.Verb": "PNG", "EventData.TrID": "220", "EventData.Namespace": "CON", "EventData.CorrelationVector": "nn/6rhUrhUSKOnqY.220.0", "EventData.Bytes": "127", "EventData.Payload": "UE5HIDIyMCBDT04AMTI3DQpNUy1DVjogbm4vNnJoVXJoVVNLT25xWS4yMjAuMA0KDQo8cGluZy1yZXNwb25zZT48d2FpdD40OTwvd2FpdD48Y29ubmVjdGlvbi1zdGF0dXM+Q29ubmVjdGVkPC9jb25uZWN0aW9uLXN0YXR1cw==", "EventData.ConnectionType": "1"}
{"EventID": "1223", "Channel": "Microsoft-Windows-PushNotification-Platform/Operational", "Provider_Name": "Microsoft-Windows-PushNotifications-Platform", "Computer": "DESKTOP-OFJ6N53", "TimeCreated": "2025-08-26 05:33:27.082970+00:00", "RecordID": "3704864", "Level": "5", "UserID": "S-1-5-18", "EventData.Verb": "PNG", "EventData.TrID": "221", "EventData.Namespace": "CON", "EventData.CorrelationVector": "nn/6rhUrhUSKOnqY.221", "EventData.Bytes": "29", "EventData.Payload": "Q29udGV4dDogY2RlNzM0NmNjYzZjZjU5Yg0KDQo=", "EventData.ConnectionType": "1"}
{"EventID": "1267", "Channel": "Microsoft-Windows-PushNotification-Platform/Operational", "Provider_Name": "Microsoft-Windows-PushNotifications-Platform", "Computer": "DESKTOP-OFJ6N53", "TimeCreated": "2025-08-26 05:33:27.082972+00:00", "RecordID": "3704865", "Level": "5", "UserID": "S-1-5-18", "EventData.Verb": "PNG", "EventData.TrID": "221", "EventData.Namespace": "CON", "EventData.CorrelationVector": "nn/6rhUrhUSKOnqY.221", "EventData.Bytes": "74", "EventData.Payload": "UE5HIDIyMSBDT04gNTgNCk1TLUNWOiBubi82cmhVcmhVU0tPbnFZLjIyMQ0KQ29udGV4dDogY2RlNzM0NmNjYzZjZjU5Yg0KDQo=", "EventData.ConnectionType": "1"}
{"EventID": "1225", "Channel": "Microsoft-Windows-PushNotification-Platform/Operational", "Provider_Name": "Microsoft-Windows-PushNotifications-Platform", "Computer": "DESKTOP-OFJ6N53", "TimeCreated": "2025-08-26 05:33:27.198259+00:00", "RecordID": "3704866", "Level": "5", "UserID": "S-1-5-18", "EventData.Verb": "PNG", "EventData.TrID": "221", "EventData.Namespace": "CON", "EventData.CorrelationVector": "nn/6rhUrhUSKOnqY.221.0", "EventData.Bytes": "127", "EventData.Payload": "TVMtQ1Y6IG5uLzZyaFVyaFVTS09ucVkuMjIxLjANCg0KPHBpbmctcmVzcG9uc2U+PHdhaXQ+NDI8L3dhaXQ+PGNvbm5lY3Rpb24tc3RhdHVzPkNvbm5lY3RlZDwvY29ubmVjdGlvbi1zdGF0dXM+PC9waW5nLXJlc3BvbnNlPg==", "EventData.ConnectionType": "1"}
{"EventID": "1268", "Channel": "Microsoft-Windows-PushNotification-Platform/Operational", "Provider_Name": "Microsoft-Windows-PushNotifications-Platform", "Computer": "DESKTOP-OFJ6N53", "TimeCreated": "2025-08-26 05:33:27.198259+00:00", "RecordID": "3704867", "Level": "5", "UserID": "S-1-5-18", "EventData.Verb": "PNG", "EventData.TrID": "221", "EventData.Namespace": "CON", "EventData.CorrelationVector": "nn/6rhUrhUSKOnqY.221.0", "EventData.Bytes": "127", "EventData.Payload": "UE5HIDIyMSBDT04AMTI3DQpNUy1DVjogbm4vNnJoVXJoVVNLT25xWS4yMjEuMA0KDQo8cGluZy1yZXNwb25zZT48d2FpdD40Mjwvd2FpdD48Y29ubmVjdGlvbi1zdGF0dXM+Q29ubmVjdGVkPC9jb25uZWN0aW9uLXN0YXR1cw==", "EventData.ConnectionType": "1"}
{"EventID": "1223", "Channel": "Microsoft-Windows-PushNotification-Platform/Operational", "Provider_Name": "Microsoft-Windows-PushNotifications-Platform", "Computer": "DESKTOP-OFJ6N53", "TimeCreated": "2025-08-26 05:34:27.093754+00:00", "RecordID": "3704868", "Level": "5", "UserID": "S-1-5-18", "EventData.Verb": "PNG", "EventData.TrID": "222", "EventData.Namespace": "CON", "EventData.CorrelationVector": "nn/6rhUrhUSKOnqY.222", "EventData.Bytes": "29", "EventData.Payload": "Q29udGV4dDogM2RiOTg2OGFkYjZkZTg2Yw0KDQo=", "EventData.ConnectionType": "1"}
{"EventID": "1267", "Channel": "Microsoft-Windows-PushNotification-Platform/Operational", "Provider_Name": "Microsoft-Windows-PushNotifications-Platform", "Computer": "DESKTOP-OFJ6N53", "TimeCreated": "2025-08-26 05:34:27.093756+00:00", "RecordID": "3704869", "Level": "5", "UserID": "S-1-5-18", "EventData.Verb": "PNG", "EventData.TrID": "222", "EventData.Namespace": "CON", "EventData.CorrelationVector": "nn/6rhUrhUSKOnqY.222", "EventData.Bytes": "74", "EventData.Payload": "UE5HIDIyMiBDT04gNTgNCk1TLUNWOiBubi82cmhVcmhVU0tPbnFZLjIyMg0KQ29udGV4dDogM2RiOTg2OGFkYjZkZTg2Yw0KDQo=", "EventData.ConnectionType": "1"}
{"EventID": "1225", "Channel": "Microsoft-Windows-PushNotification-Platform/Operational", "Provider_Name": "Microsoft-Windows-PushNotifications-Platform", "Computer": "DESKTOP-OFJ6N53", "TimeCreated": "2025-08-26 05:34:27.141047+00:00", "RecordID": "3704870", "Level": "5", "UserID": "S-1-5-18", "EventData.Verb": "PNG", "EventData.TrID": "222", "EventData.Namespace": "CON", "EventData.CorrelationVector": "nn/6rhUrhUSKOnqY.222.0", "EventData.Bytes": "127", "EventData.Payload": "TVMtQ1Y6IG5uLzZyaFVyaFVTS09ucVkuMjIyLjANCg0KPHBpbmctcmVzcG9uc2U+PHdhaXQ+NDg8L3dhaXQ+PGNvbm5lY3Rpb24tc3RhdHVzPkNvbm5lY3RlZDwvY29ubmVjdGlvbi1zdGF0dXM+PC9waW5nLXJlc3BvbnNlPg==", "EventData.ConnectionType": "1"}
{"EventID": "1268", "Channel": "Microsoft-Windows-PushNotification-Platform/Operational", "Provider_Name": "Microsoft-Windows-PushNotifications-Platform", "Computer": "DESKTOP-OFJ6N53", "TimeCreated": "2025-08-26 05:34:27.141048+00:00", "RecordID": "3704871", "Level": "5", "UserID": "S-1-5-18", "EventData.Verb": "PNG", "EventData.TrID": "222", "EventData.Namespace": "CON", "EventData.CorrelationVector": "nn/6rhUrhUSKOnqY.222.0", "EventData.Bytes": "127", "EventData.Payload": "UE5HIDIyMiBDT04AMTI3DQpNUy1DVjogbm4vNnJoVXJoVVNLT25xWS4yMjIuMA0KDQo8cGluZy1yZXNwb25zZT48d2FpdD40ODwvd2FpdD48Y29ubmVjdGlvbi1zdGF0dXM+Q29ubmVjdGVkPC9jb25uZWN0aW9uLXN0YXR1cw==", "EventData.ConnectionType": "1"}
{"EventID": "1223", "Channel": "Microsoft-Windows-PushNotification-Platform/Operational", "Provider_Name": "Microsoft-Windows-PushNotifications-Platform", "Computer": "DESKTOP-OFJ6N53", "TimeCreated": "2025-08-26 05:35:27.101999+00:00", "RecordID": "3704872", "Level": "5", "UserID": "S-1-5-18", "EventData.Verb": "PNG", "EventData.TrID": "223", "EventData.Namespace": "CON", "EventData.CorrelationVector": "nn/6rhUrhUSKOnqY.223", "EventData.Bytes": "29", "EventData.Payload": "Q29udGV4dDogM2E3ZDRiZGE3NTRkNDE4Mw0KDQo=", "EventData.ConnectionType": "1"}
{"EventID": "1267", "Channel": "Microsoft-Windows-PushNotification-Platform/Operational", "Provider_Name": "Microsoft-Windows-PushNotifications-Platform", "Computer": "DESKTOP-OFJ6N53", "TimeCreated": "2025-08-26 05:35:27.102001+00:00", "RecordID": "3704873", "Level": "5", "UserID": "S-1-5-18", "EventData.Verb": "PNG", "EventData.TrID": "223", "EventData.Namespace": "CON", "EventData.CorrelationVector": "nn/6rhUrhUSKOnqY.223", "EventData.Bytes": "74", "EventData.Payload": "UE5HIDIyMyBDT04gNTgNCk1TLUNWOiBubi82cmhVcmhVU0tPbnFZLjIyMw0KQ29udGV4dDogM2E3ZDRiZGE3NTRkNDE4Mw0KDQo=", "EventData.ConnectionType": "1"}
{"EventID": "1225", "Channel": "Microsoft-Windows-PushNotification-Platform/Operational", "Provider_Name": "Microsoft-Windows-PushNotifications-Platform", "Computer": "DESKTOP-OFJ6N53", "TimeCreated": "2025-08-26 05:35:27.148962+00:00", "RecordID": "3704874", "Level": "5", "UserID": "S-1-5-18", "EventData.Verb": "PNG", "EventData.TrID": "223", "EventData.Namespace": "CON", "EventData.CorrelationVector": "nn/6rhUrhUSKOnqY.223.0", "EventData.Bytes": "127", "EventData.Payload": "TVMtQ1Y6IG5uLzZyaFVyaFVTS09ucVkuMjIzLjANCg0KPHBpbmctcmVzcG9uc2U+PHdhaXQ+NDY8L3dhaXQ+PGNvbm5lY3Rpb24tc3RhdHVzPkNvbm5lY3RlZDwvY29ubmVjdGlvbi1zdGF0dXM+PC9waW5nLXJlc3BvbnNlPg==", "EventData.ConnectionType": "1"}
{"EventID": "1268", "Channel": "Microsoft-Windows-PushNotification-Platform/Operational", "Provider_Name": "Microsoft-Windows-PushNotifications-Platform", "Computer": "DESKTOP-OFJ6N53", "TimeCreated": "2025-08-26 05:35:27.148964+00:00", "RecordID": "3704875", "Level": "5", "UserID": "S-1-5-18", "EventData.Verb": "PNG", "EventData.TrID": "223", "EventData.Namespace": "CON", "EventData.CorrelationVector": "nn/6rhUrhUSKOnqY.223.0", "EventData.Bytes": "127", "EventData.Payload": "UE5HIDIyMyBDT04AMTI3DQpNUy1DVjogbm4vNnJoVXJoVVNLT25xWS4yMjMuMA0KDQo8cGluZy1yZXNwb25zZT48d2FpdD40Njwvd2FpdD48Y29ubmVjdGlvbi1zdGF0dXM+Q29ubmVjdGVkPC9jb25uZWN0aW9uLXN0YXR1cw==", "EventData.ConnectionType": "1"}
{"EventID": "1223", "Channel": "Microsoft-Windows-PushNotification-Platform/Operational", "Provider_Name": "Microsoft-Windows-PushNotifications-Platform", "Computer": "DESKTOP-OFJ6N53", "TimeCreated": "2025-08-26 05:36:27.110498+00:00", "RecordID": "3704876", "Level": "5", "UserID": "S-1-5-18", "EventData.Verb": "PNG", "EventData.TrID": "224", "EventData.Namespace": "CON", "EventData.CorrelationVector": "nn/6rhUrhUSKOnqY.224", "EventData.Bytes": "29", "EventData.Payload": "Q29udGV4dDogM2U3N2M2OTlmZTdkZTU0MQ0KDQo=", "EventData.ConnectionType": "1"}
{"EventID": "1267", "Channel": "Microsoft-Windows-PushNotification-Platform/Operational", "Provider_Name": "Microsoft-Windows-PushNotifications-Platform", "Computer": "DESKTOP-OFJ6N53", "TimeCreated": "2025-08-26 05:36:27.110502+00:00", "RecordID": "3704877", "Level": "5", "UserID": "S-1-5-18", "EventData.Verb": "PNG", "EventData.TrID": "224", "EventData.Namespace": "CON", "EventData.CorrelationVector": "nn/6rhUrhUSKOnqY.224", "EventData.Bytes": "74", "EventData.Payload": "UE5HIDIyNCBDT04gNTgNCk1TLUNWOiBubi82cmhVcmhVU0tPbnFZLjIyNA0KQ29udGV4dDogM2U3N2M2OTlmZTdkZTU0MQ0KDQo=", "EventData.ConnectionType": "1"}
{"EventID": "1225", "Channel": "Microsoft-Windows-PushNotification-Platform/Operational", "Provider_Name": "Microsoft-Windows-PushNotifications-Platform", "Computer": "DESKTOP-OFJ6N53", "TimeCreated": "2025-08-26 05:36:27.158417+00:00", "RecordID": "3704878", "Level": "5", "UserID": "S-1-5-18", "EventData.Verb": "PNG", "EventData.TrID": "224", "EventData.Namespace": "CON", "EventData.CorrelationVector": "nn/6rhUrhUSKOnqY.224.0", "EventData.Bytes": "127", "EventData.Payload": "TVMtQ1Y6IG5uLzZyaFVyaFVTS09ucVkuMjI0LjANCg0KPHBpbmctcmVzcG9uc2U+PHdhaXQ+NDY8L3dhaXQ+PGNvbm5lY3Rpb24tc3RhdHVzPkNvbm5lY3RlZDwvY29ubmVjdGlvbi1zdGF0dXM+PC9waW5nLXJlc3BvbnNlPg==", "EventData.ConnectionType": "1"}
{"EventID": "1268", "Channel": "Microsoft-Windows-PushNotification-Platform/Operational", "Provider_Name": "Microsoft-Windows-PushNotifications-Platform", "Computer": "DESKTOP-OFJ6N53", "TimeCreated": "2025-08-26 05:36:27.158421+00:00", "RecordID": "3704879", "Level": "5", "UserID": "S-1-5-18", "EventData.Verb": "PNG", "EventData.TrID": "224", "EventData.Namespace": "CON", "EventData.CorrelationVector": "nn/6rhUrhUSKOnqY.224.0", "EventData.Bytes": "127", "EventData.Payload": "UE5HIDIyNCBDT04AMTI3DQpNUy1DVjogbm4vNnJoVXJoVVNLT25xWS4yMjQuMA0KDQo8cGluZy1yZXNwb25zZT48d2FpdD40Njwvd2FpdD48Y29ubmVjdGlvbi1zdGF0dXM+Q29ubmVjdGVkPC9jb25uZWN0aW9uLXN0YXR1cw==", "EventData.ConnectionType": "1"}
{"EventID": "1223", "Channel": "Microsoft-Windows-PushNotification-Platform/Operational", "Provider_Name": "Microsoft-Windows-PushNotifications-Platform", "Computer": "DESKTOP-OFJ6N53", "TimeCreated": "2025-08-26 05:37:27.110725+00:00", "RecordID": "3704880", "Level": "5", "UserID": "S-1-5-18", "EventData.Verb": "PNG", "EventData.TrID": "225", "EventData.Namespace": "CON", "EventData.CorrelationVector": "nn/6rhUrhUSKOnqY.225", "EventData.Bytes": "29", "EventData.Payload": "Q29udGV4dDogNTFmYWMxYjVhY2YxMTcyYQ0KDQo=", "EventData.ConnectionType": "1"}
{"EventID": "1267", "Channel": "Microsoft-Windows-PushNotification-Platform/Operational", "Provider_Name": "Microsoft-Windows-PushNotifications-Platform", "Computer": "DESKTOP-OFJ6N53", "TimeCreated": "2025-08-26 05:37:27.110725+00:00", "RecordID": "3704881", "Level": "5", "UserID": "S-1-5-18", "EventData.Verb": "PNG", "EventData.TrID": "225", "EventData.Namespace": "CON", "EventData.CorrelationVector": "nn/6rhUrhUSKOnqY.225", "EventData.Bytes": "74", "EventData.Payload": "UE5HIDIyNSBDT04gNTgNCk1TLUNWOiBubi82cmhVcmhVU0tPbnFZLjIyNQ0KQ29udGV4dDogNTFmYWMxYjVhY2YxMTcyYQ0KDQo=", "EventData.ConnectionType": "1"}
{"EventID": "1225", "Channel": "Microsoft-Windows-PushNotification-Platform/Operational", "Provider_Name": "Microsoft-Windows-PushNotifications-Platform", "Computer": "DESKTOP-OFJ6N53", "TimeCreated": "2025-08-26 05:37:27.157873+00:00", "RecordID": "3704882", "Level": "5", "UserID": "S-1-5-18", "EventData.Verb": "PNG", "EventData.TrID": "225", "EventData.Namespace": "CON", "EventData.CorrelationVector": "nn/6rhUrhUSKOnqY.225.0", "EventData.Bytes": "127", "EventData.Payload": "TVMtQ1Y6IG5uLzZyaFVyaFVTS09ucVkuMjI1LjANCg0KPHBpbmctcmVzcG9uc2U+PHdhaXQ+NDQ8L3dhaXQ+PGNvbm5lY3Rpb24tc3RhdHVzPkNvbm5lY3RlZDwvY29ubmVjdGlvbi1zdGF0dXM+PC9waW5nLXJlc3BvbnNlPg==", "EventData.ConnectionType": "1"}
{"EventID": "1268", "Channel": "Microsoft-Windows-PushNotification-Platform/Operational", "Provider_Name": "Microsoft-Windows-PushNotifications-Platform", "Computer": "DESKTOP-OFJ6N53", "TimeCreated": "2025-08-26 05:37:27.157875+00:00", "RecordID": "3704883", "Level": "5", "UserID": "S-1-5-18", "EventData.Verb": "PNG", "EventData.TrID": "225", "EventData.Namespace": "CON", "EventData.CorrelationVector": "nn/6rhUrhUSKOnqY.225.0", "EventData.Bytes": "127", "EventData.Payload": "UE5HIDIyNSBDT04AMTI3DQpNUy1DVjogbm4vNnJoVXJoVVNLT25xWS4yMjUuMA0KDQo8cGluZy1yZXNwb25zZT48d2FpdD40NDwvd2FpdD48Y29ubmVjdGlvbi1zdGF0dXM+Q29ubmVjdGVkPC9jb25uZWN0aW9uLXN0YXR1cw==", "EventData.ConnectionType": "1"}
{"EventID": "1223", "Channel": "Microsoft-Windows-PushNotification-Platform/Operational", "Provider_Name": "Microsoft-Windows-PushNotifications-Platform", "Computer": "DESKTOP-OFJ6N53", "TimeCreated": "2025-08-26 05:38:27.125252+00:00", "RecordID": "3704884", "Level": "5", "UserID": "S-1-5-18", "EventData.Verb": "PNG", "EventData.TrID": "226", "EventData.Namespace": "CON", "EventData.CorrelationVector": "nn/6rhUrhUSKOnqY.226", "EventData.Bytes": "29", "EventData.Payload": "Q29udGV4dDogMjUwNTViM2FkN2EzZTA2Mg0KDQo=", "EventData.ConnectionType": "1"}
{"EventID": "1267", "Channel": "Microsoft-Windows-PushNotification-Platform/Operational", "Provider_Name": "Microsoft-Windows-PushNotifications-Platform", "Computer": "DESKTOP-OFJ6N53", "TimeCreated": "2025-08-26 05:38:27.125252+00:00", "RecordID": "3704885", "Level": "5", "UserID": "S-1-5-18", "EventData.Verb": "PNG", "EventData.TrID": "226", "EventData.Namespace": "CON", "EventData.CorrelationVector": "nn/6rhUrhUSKOnqY.226", "EventData.Bytes": "74", "EventData.Payload": "UE5HIDIyNiBDT04gNTgNCk1TLUNWOiBubi82cmhVcmhVU0tPbnFZLjIyNg0KQ29udGV4dDogMjUwNTViM2FkN2EzZTA2Mg0KDQo=", "EventData.ConnectionType": "1"}
{"EventID": "1225", "Channel": "Microsoft-Windows-PushNotification-Platform/Operational", "Provider_Name": "Microsoft-Windows-PushNotifications-Platform", "Computer": "DESKTOP-OFJ6N53", "TimeCreated": "2025-08-26 05:38:27.172237+00:00", "RecordID": "3704886", "Level": "5", "UserID": "S-1-5-18", "EventData.Verb": "PNG", "EventData.TrID": "226", "EventData.Namespace": "CON", "EventData.CorrelationVector": "nn/6rhUrhUSKOnqY.226.0", "EventData.Bytes": "127", "EventData.Payload": "TVMtQ1Y6IG5uLzZyaFVyaFVTS09ucVkuMjI2LjANCg0KPHBpbmctcmVzcG9uc2U+PHdhaXQ+NDA8L3dhaXQ+PGNvbm5lY3Rpb24tc3RhdHVzPkNvbm5lY3RlZDwvY29ubmVjdGlvbi1zdGF0dXM+PC9waW5nLXJlc3BvbnNlPg==", "EventData.ConnectionType": "1"}
{"EventID": "1268", "Channel": "Microsoft-Windows-PushNotification-Platform/Operational", "Provider_Name": "Microsoft-Windows-PushNotifications-Platform", "Computer": "DESKTOP-OFJ6N53", "TimeCreated": "2025-08-26 05:38:27.172239+00:00", "RecordID": "3704887", "Level": "5", "UserID": "S-1-5-18", "EventData.Verb": "PNG", "EventData.TrID": "226", "EventData.Namespace": "CON", "EventData.CorrelationVector": "nn/6rhUrhUSKOnqY.226.0", "EventData.Bytes": "127", "EventData.Payload": "UE5HIDIyNiBDT04AMTI3DQpNUy1DVjogbm4vNnJoVXJoVVNLT25xWS4yMjYuMA0KDQo8cGluZy1yZXNwb25zZT48d2FpdD40MDwvd2FpdD48Y29ubmVjdGlvbi1zdGF0dXM+Q29ubmVjdGVkPC9jb25uZWN0aW9uLXN0YXR1cw==", "EventData.ConnectionType": "1"}
{"EventID": "1223", "Channel": "Microsoft-Windows-PushNotification-Platform/Operational", "Provider_Name": "Microsoft-Windows-PushNotifications-Platform", "Computer": "DESKTOP-OFJ6N53", "TimeCreated": "2025-08-26 05:39:27.176317+00:00", "RecordID": "3704888", "Level": "5", "UserID": "S-1-5-18", "EventData.Verb": "PNG", "EventData.TrID": "227", "EventData.Namespace": "CON", "EventData.CorrelationVector": "nn/6rhUrhUSKOnqY.227", "EventData.Bytes": "29", "EventData.Payload": "Q29udGV4dDogYjNhMTZiNjY4MWMyMmVmNA0KDQo=", "EventData.ConnectionType": "1"}
{"EventID": "1267", "Channel": "Microsoft-Windows-PushNotification-Platform/Operational", "Provider_Name": "Microsoft-Windows-PushNotifications-Platform", "Computer": "DESKTOP-OFJ6N53", "TimeCreated": "2025-08-26 05:39:27.176319+00:00", "RecordID": "3704889", "Level": "5", "UserID": "S-1-5-18", "EventData.Verb": "PNG", "EventData.TrID": "227", "EventData.Namespace": "CON", "EventData.CorrelationVector": "nn/6rhUrhUSKOnqY.227", "EventData.Bytes": "74", "EventData.Payload": "UE5HIDIyNyBDT04gNTgNCk1TLUNWOiBubi82cmhVcmhVU0tPbnFZLjIyNw0KQ29udGV4dDogYjNhMTZiNjY4MWMyMmVmNA0KDQo=", "EventData.ConnectionType": "1"}
{"EventID": "1225", "Channel": "Microsoft-Windows-PushNotification-Platform/Operational", "Provider_Name": "Microsoft-Windows-PushNotifications-Platform", "Computer": "DESKTOP-OFJ6N53", "TimeCreated": "2025-08-26 05:39:27.223303+00:00", "RecordID": "3704890", "Level": "5", "UserID": "S-1-5-18", "EventData.Verb": "PNG", "EventData.TrID": "227", "EventData.Namespace": "CON", "EventData.CorrelationVector": "nn/6rhUrhUSKOnqY.227.0", "EventData.Bytes": "127", "EventData.Payload": "TVMtQ1Y6IG5uLzZyaFVyaFVTS09ucVkuMjI3LjANCg0KPHBpbmctcmVzcG9uc2U+PHdhaXQ+NDk8L3dhaXQ+PGNvbm5lY3Rpb24tc3RhdHVzPkNvbm5lY3RlZDwvY29ubmVjdGlvbi1zdGF0dXM+PC9waW5nLXJlc3BvbnNlPg==", "EventData.ConnectionType": "1"}
{"EventID": "1268", "Channel": "Microsoft-Windows-PushNotification-Platform/Operational", "Provider_Name": "Microsoft-Windows-PushNotifications-Platform", "Computer": "DESKTOP-OFJ6N53", "TimeCreated": "2025-08-26 05:39:27.223305+00:00", "RecordID": "3704891", "Level": "5", "UserID": "S-1-5-18", "EventData.Verb": "PNG", "EventData.TrID": "227", "EventData.Namespace": "CON", "EventData.CorrelationVector": "nn/6rhUrhUSKOnqY.227.0", "EventData.Bytes": "127", "EventData.Payload": "UE5HIDIyNyBDT04AMTI3DQpNUy1DVjogbm4vNnJoVXJoVVNLT25xWS4yMjcuMA0KDQo8cGluZy1yZXNwb25zZT48d2FpdD40OTwvd2FpdD48Y29ubmVjdGlvbi1zdGF0dXM+Q29ubmVjdGVkPC9jb25uZWN0aW9uLXN0YXR1cw==", "EventData.ConnectionType": "1"}
