{"EventID": "1001", "Channel": "Microsoft-Windows-Resource-Exhaustion-Detector/Operational", "Provider_Name": "Microsoft-Windows-Resource-Exhaustion-Detector", "Computer": "DESKTOP-OFJ6N53", "TimeCreated": "2024-05-31 10:49:59.220270+00:00", "RecordID": "505", "Level": "4", "UserID": "S-1-5-19"}
{"EventID": "1002", "Channel": "Microsoft-Windows-Resource-Exhaustion-Detector/Operational", "Provider_Name": "Microsoft-Windows-Resource-Exhaustion-Detector", "Computer": "DESKTOP-OFJ6N53", "TimeCreated": "2024-06-06 12:15:48.269205+00:00", "RecordID": "506", "Level": "4", "UserID": "S-1-5-19"}
{"EventID": "1001", "Channel": "Microsoft-Windows-Resource-Exhaustion-Detector/Operational", "Provider_Name": "Microsoft-Windows-Resource-Exhaustion-Detector", "Computer": "DESKTOP-OFJ6N53", "TimeCreated": "2024-06-06 12:19:08.794481+00:00", "RecordID": "507", "Level": "4", "UserID": "S-1-5-19"}
{"EventID": "1002", "Channel": "Microsoft-Windows-Resource-Exhaustion-Detector/Operational", "Provider_Name": "Microsoft-Windows-Resource-Exhaustion-Detector", "Computer": "DESKTOP-OFJ6N53", "TimeCreated": "2024-06-11 17:56:07.331064+00:00", "RecordID": "508", "Level": "4", "UserID": "S-1-5-19"}
{"EventID": "1001", "Channel": "Microsoft-Windows-Resource-Exhaustion-Detector/Operational", "Provider_Name": "Microsoft-Windows-Resource-Exhaustion-Detector", "Computer": "DESKTOP-OFJ6N53", "TimeCreated": "2024-06-11 18:06:48.885321+00:00", "RecordID": "509", "Level": "4", "UserID": "S-1-5-19"}
{"EventID": "1002", "Channel": "Microsoft-Windows-Resource-Exhaustion-Detector/Operational", "Provider_Name": "Microsoft-Windows-Resource-Exhaustion-Detector", "Computer": "DESKTOP-OFJ6N53", "TimeCreated": "2024-06-13 10:18:14.163843+00:00", "RecordID": "510", "Level": "4", "UserID": "S-1-5-19"}
{"EventID": "1001", "Channel": "Microsoft-Windows-Resource-Exhaustion-Detector/Operational", "Provider_Name": "Microsoft-Windows-Resource-Exhaustion-Detector", "Computer": "DESKTOP-OFJ6N53", "TimeCreated": "2024-06-13 10:21:32.544378+00:00", "RecordID": "511", "Level": "4", "UserID": "S-1-5-19"}
{"EventID": "1002", "Channel": "Microsoft-Windows-Resource-Exhaustion-Detector/Operational", "Provider_Name": "Microsoft-Windows-Resource-Exhaustion-Detector", "Computer": "DESKTOP-OFJ6N53", "TimeCreated": "2024-07-03 13:20:41.481430+00:00", "RecordID": "512", "Level": "4", "UserID": "S-1-5-19"}
{"EventID": "1001", "Channel": "Microsoft-Windows-Resource-Exhaustion-Detector/Operational", "Provider_Name": "Microsoft-Windows-Resource-Exhaustion-Detector", "Computer": "DESKTOP-OFJ6N53", "TimeCreated": "2024-07-03 13:32:02.937447+00:00", "RecordID": "513", "Level": "4", "UserID": "S-1-5-19"}
{"EventID": "1001", "Channel": "Microsoft-Windows-Resource-Exhaustion-Detector/Operational", "Provider_Name": "Microsoft-Windows-Resource-Exhaustion-Detector", "Computer": "DESKTOP-OFJ6N53", "TimeCreated": "2024-07-09 13:33:33.025118+00:00", "RecordID": "514", "Level": "4", "UserID": "S-1-5-18"}
{"EventID": "1002", "Channel": "Microsoft-Windows-Resource-Exhaustion-Detector/Operational", "Provider_Name": "Microsoft-Windows-Resource-Exhaustion-Detector", "Computer": "DESKTOP-OFJ6N53", "TimeCreated": "2024-07-09 14:02:08.867842+00:00", "RecordID": "515", "Level": "4", "UserID": "S-1-5-18"}
{"EventID": "1001", "Channel": "Microsoft-Windows-Resource-Exhaustion-Detector/Operational", "Provider_Name": "Microsoft-Windows-Resource-Exhaustion-Detector", "Computer": "DESKTOP-OFJ6N53", "TimeCreated": "2024-07-10 02:13:41.444960+00:00", "RecordID": "516", "Level": "4", "UserID": "S-1-5-18"}
{"EventID": "1002", "Channel": "Microsoft-Windows-Resource-Exhaustion-Detector/Operational", "Provider_Name": "Microsoft-Windows-Resource-Exhaustion-Detector", "Computer": "DESKTOP-OFJ6N53", "TimeCreated": "2024-07-10 02:32:09.477356+00:00", "RecordID": "517", "Level": "4", "UserID": "S-1-5-18"}
{"EventID": "1002", "Channel": "Microsoft-Windows-Resource-Exhaustion-Detector/Operational", "Provider_Name": "Microsoft-Windows-Resource-Exhaustion-Detector", "Computer": "DESKTOP-OFJ6N53", "TimeCreated": "2024-07-10 14:33:10.877317+00:00", "RecordID": "518", "Level": "4", "UserID": "S-1-5-19"}
{"EventID": "1001", "Channel": "Microsoft-Windows-Resource-Exhaustion-Detector/Operational", "Provider_Name": "Microsoft-Windows-Resource-Exhaustion-Detector", "Computer": "DESKTOP-OFJ6N53", "TimeCreated": "2024-07-10 14:43:53.353708+00:00", "RecordID": "519", "Level": "4", "UserID": "S-1-5-19"}
{"EventID": "1001", "Channel": "Microsoft-Windows-Resource-Exhaustion-Detector/Operational", "Provider_Name": "Microsoft-Windows-Resource-Exhaustion-Detector", "Computer": "DESKTOP-OFJ6N53", "TimeCreated": "2024-07-14 14:44:49.087072+00:00", "RecordID": "520", "Level": "4", "UserID": "S-1-5-18"}
{"EventID": "1002", "Channel": "Microsoft-Windows-Resource-Exhaustion-Detector/Operational", "Provider_Name": "Microsoft-Windows-Resource-Exhaustion-Detector", "Computer": "DESKTOP-OFJ6N53", "TimeCreated": "2024-07-14 15:13:56.783705+00:00", "RecordID": "521", "Level": "4", "UserID": "S-1-5-18"}
{"EventID": "1002", "Channel": "Microsoft-Windows-Resource-Exhaustion-Detector/Operational", "Provider_Name": "Microsoft-Windows-Resource-Exhaustion-Detector", "Computer": "DESKTOP-OFJ6N53", "TimeCreated": "2024-07-22 07:26:02.285864+00:00", "RecordID": "522", "Level": "4", "UserID": "S-1-5-19"}
{"EventID": "1001", "Channel": "Microsoft-Windows-Resource-Exhaustion-Detector/Operational", "Provider_Name": "Microsoft-Windows-Resource-Exhaustion-Detector", "Computer": "DESKTOP-OFJ6N53", "TimeCreated": "2024-07-22 07:27:23.766493+00:00", "RecordID": "523", "Level": "4", "UserID": "S-1-5-19"}
{"EventID": "1001", "Channel": "Microsoft-Windows-Resource-Exhaustion-Detector/Operational", "Provider_Name": "Microsoft-Windows-Resource-Exhaustion-Detector", "Computer": "DESKTOP-OFJ6N53", "TimeCreated": "2024-07-22 13:31:41.439011+00:00", "RecordID": "524", "Level": "4", "UserID": "S-1-5-18"}
{"EventID": "1002", "Channel": "Microsoft-Windows-Resource-Exhaustion-Detector/Operational", "Provider_Name": "Microsoft-Windows-Resource-Exhaustion-Detector", "Computer": "DESKTOP-OFJ6N53", "TimeCreated": "2024-07-22 13:51:34.580362+00:00", "RecordID": "525", "Level": "4", "UserID": "S-1-5-18"}
{"EventID": "1001", "Channel": "Microsoft-Windows-Resource-Exhaustion-Detector/Operational", "Provider_Name": "Microsoft-Windows-Resource-Exhaustion-Detector", "Computer": "DESKTOP-OFJ6N53", "TimeCreated": "2024-07-25 07:37:18.029886+00:00", "RecordID": "526", "Level": "4", "UserID": "S-1-5-18"}
{"EventID": "1002", "Channel": "Microsoft-Windows-Resource-Exhaustion-Detector/Operational", "Provider_Name": "Microsoft-Windows-Resource-Exhaustion-Detector", "Computer": "DESKTOP-OFJ6N53", "TimeCreated": "2024-07-25 08:06:40.755632+00:00", "RecordID": "527", "Level": "4", "UserID": "S-1-5-18"}
{"EventID": "1001", "Channel": "Microsoft-Windows-Resource-Exhaustion-Detector/Operational", "Provider_Name": "Microsoft-Windows-Resource-Exhaustion-Detector", "Computer": "DESKTOP-OFJ6N53", "TimeCreated": "2024-07-30 13:13:27.595945+00:00", "RecordID": "528", "Level": "4", "UserID": "S-1-5-18"}
{"EventID": "1002", "Channel": "Microsoft-Windows-Resource-Exhaustion-Detector/Operational", "Provider_Name": "Microsoft-Windows-Resource-Exhaustion-Detector", "Computer": "DESKTOP-OFJ6N53", "TimeCreated": "2024-07-30 13:51:48.688831+00:00", "RecordID": "529", "Level": "4", "UserID": "S-1-5-18"}
{"EventID": "1001", "Channel": "Microsoft-Windows-Resource-Exhaustion-Detector/Operational", "Provider_Name": "Microsoft-Windows-Resource-Exhaustion-Detector", "Computer": "DESKTOP-OFJ6N53", "TimeCreated": "2024-08-09 09:01:40.322056+00:00", "RecordID": "530", "Level": "4", "UserID": "S-1-5-18"}
{"EventID": "1002", "Channel": "Microsoft-Windows-Resource-Exhaustion-Detector/Operational", "Provider_Name": "Microsoft-Windows-Resource-Exhaustion-Detector", "Computer": "DESKTOP-OFJ6N53", "TimeCreated": "2024-08-09 09:22:09.859068+00:00", "RecordID": "531", "Level": "4", "UserID": "S-1-5-18"}
{"EventID": "1002", "Channel": "Microsoft-Windows-Resource-Exhaustion-Detector/Operational", "Provider_Name": "Microsoft-Windows-Resource-Exhaustion-Detector", "Computer": "DESKTOP-OFJ6N53", "TimeCreated": "2024-08-14 00:09:41.404238+00:00", "RecordID": "532", "Level": "4", "UserID": "S-1-5-19"}
{"EventID": "1001", "Channel": "Microsoft-Windows-Resource-Exhaustion-Detector/Operational", "Provider_Name": "Microsoft-Windows-Resource-Exhaustion-Detector", "Computer": "DESKTOP-OFJ6N53", "TimeCreated": "2024-08-14 00:20:18.833586+00:00", "RecordID": "533", "Level": "4", "UserID": "S-1-5-19"}
{"EventID": "1001", "Channel": "Microsoft-Windows-Resource-Exhaustion-Detector/Operational", "Provider_Name": "Microsoft-Windows-Resource-Exhaustion-Detector", "Computer": "DESKTOP-OFJ6N53", "TimeCreated": "2024-08-30 08:16:56.732935+00:00", "RecordID": "534", "Level": "4", "UserID": "S-1-5-18"}
{"EventID": "1002", "Channel": "Microsoft-Windows-Resource-Exhaustion-Detector/Operational", "Provider_Name": "Microsoft-Windows-Resource-Exhaustion-Detector", "Computer": "DESKTOP-OFJ6N53", "TimeCreated": "2024-08-30 08:35:41.664635+00:00", "RecordID": "535", "Level": "4", "UserID": "S-1-5-18"}
{"EventID": "1001", "Channel": "Microsoft-Windows-Resource-Exhaustion-Detector/Operational", "Provider_Name": "Microsoft-Windows-Resource-Exhaustion-Detector", "Computer": "DESKTOP-OFJ6N53", "TimeCreated": "2024-08-30 13:52:01.968264+00:00", "RecordID": "536", "Level": "4", "UserID": "S-1-5-18"}
{"EventID": "1002", "Channel": "Microsoft-Windows-Resource-Exhaustion-Detector/Operational", "Provider_Name": "Microsoft-Windows-Resource-Exhaustion-Detector", "Computer": "DESKTOP-OFJ6N53", "TimeCreated": "2024-08-30 14:20:41.897007+00:00", "RecordID": "537", "Level": "4", "UserID": "S-1-5-18"}
{"EventID": "1002", "Channel": "Microsoft-Windows-Resource-Exhaustion-Detector/Operational", "Provider_Name": "Microsoft-Windows-Resource-Exhaustion-Detector", "Computer": "DESKTOP-OFJ6N53", "TimeCreated": "2024-09-06 13:39:48.059805+00:00", "RecordID": "538", "Level": "4", "UserID": "S-1-5-19"}
{"EventID": "1001", "Channel": "Microsoft-Windows-Resource-Exhaustion-Detector/Operational", "Provider_Name": "Microsoft-Windows-Resource-Exhaustion-Detector", "Computer": "DESKTOP-OFJ6N53", "TimeCreated": "2024-09-06 13:40:18.016699+00:00", "RecordID": "539", "Level": "4", "UserID": "S-1-5-19"}
{"EventID": "1001", "Channel": "Microsoft-Windows-Resource-Exhaustion-Detector/Operational", "Provider_Name": "Microsoft-Windows-Resource-Exhaustion-Detector", "Computer": "DESKTOP-OFJ6N53", "TimeCreated": "2024-09-07 09:45:32.586485+00:00", "RecordID": "540", "Level": "4", "UserID": "S-1-5-18"}
{"EventID": "1002", "Channel": "Microsoft-Windows-Resource-Exhaustion-Detector/Operational", "Provider_Name": "Microsoft-Windows-Resource-Exhaustion-Detector", "Computer": "DESKTOP-OFJ6N53", "TimeCreated": "2024-09-07 10:05:19.478481+00:00", "RecordID": "541", "Level": "4", "UserID": "S-1-5-18"}
{"EventID": "1002", "Channel": "Microsoft-Windows-Resource-Exhaustion-Detector/Operational", "Provider_Name": "Microsoft-Windows-Resource-Exhaustion-Detector", "Computer": "DESKTOP-OFJ6N53", "TimeCreated": "2024-09-11 14:50:38.422672+00:00", "RecordID": "542", "Level": "4", "UserID": "S-1-5-19"}
{"EventID": "1001", "Channel": "Microsoft-Windows-Resource-Exhaustion-Detector/Operational", "Provider_Name": "Microsoft-Windows-Resource-Exhaustion-Detector", "Computer": "DESKTOP-OFJ6N53", "TimeCreated": "2024-09-11 14:51:59.175640+00:00", "RecordID": "543", "Level": "4", "UserID": "S-1-5-19"}
{"EventID": "1001", "Channel": "Microsoft-Windows-Resource-Exhaustion-Detector/Operational", "Provider_Name": "Microsoft-Windows-Resource-Exhaustion-Detector", "Computer": "DESKTOP-OFJ6N53", "TimeCreated": "2024-09-12 08:56:23.345715+00:00", "RecordID": "544", "Level": "4", "UserID": "S-1-5-18"}
{"EventID": "1002", "Channel": "Microsoft-Windows-Resource-Exhaustion-Detector/Operational", "Provider_Name": "Microsoft-Windows-Resource-Exhaustion-Detector", "Computer": "DESKTOP-OFJ6N53", "TimeCreated": "2024-09-12 09:46:08.132950+00:00", "RecordID": "545", "Level": "4", "UserID": "S-1-5-18"}
{"EventID": "1001", "Channel": "Microsoft-Windows-Resource-Exhaustion-Detector/Operational", "Provider_Name": "Microsoft-Windows-Resource-Exhaustion-Detector", "Computer": "DESKTOP-OFJ6N53", "TimeCreated": "2024-09-18 15:13:11.121616+00:00", "RecordID": "546", "Level": "4", "UserID": "S-1-5-18"}
{"EventID": "1002", "Channel": "Microsoft-Windows-Resource-Exhaustion-Detector/Operational", "Provider_Name": "Microsoft-Windows-Resource-Exhaustion-Detector", "Computer": "DESKTOP-OFJ6N53", "TimeCreated": "2024-09-18 15:46:22.614164+00:00", "RecordID": "547", "Level": "4", "UserID": "S-1-5-18"}
{"EventID": "1002", "Channel": "Microsoft-Windows-Resource-Exhaustion-Detector/Operational", "Provider_Name": "Microsoft-Windows-Resource-Exhaustion-Detector", "Computer": "DESKTOP-OFJ6N53", "TimeCreated": "2024-09-19 17:24:54.932249+00:00", "RecordID": "548", "Level": "4", "UserID": "S-1-5-19"}
{"EventID": "1001", "Channel": "Microsoft-Windows-Resource-Exhaustion-Detector/Operational", "Provider_Name": "Microsoft-Windows-Resource-Exhaustion-Detector", "Computer": "DESKTOP-OFJ6N53", "TimeCreated": "2024-09-19 17:25:29.137959+00:00", "RecordID": "549", "Level": "4", "UserID": "S-1-5-19"}
{"EventID": "1002", "Channel": "Microsoft-Windows-Resource-Exhaustion-Detector/Operational", "Provider_Name": "Microsoft-Windows-Resource-Exhaustion-Detector", "Computer": "DESKTOP-OFJ6N53", "TimeCreated": "2024-09-24 10:57:08.342913+00:00", "RecordID": "550", "Level": "4", "UserID": "S-1-5-19"}
{"EventID": "1001", "Channel": "Microsoft-Windows-Resource-Exhaustion-Detector/Operational", "Provider_Name": "Microsoft-Windows-Resource-Exhaustion-Detector", "Computer": "DESKTOP-OFJ6N53", "TimeCreated": "2024-09-24 10:57:34.855894+00:00", "RecordID": "551", "Level": "4", "UserID": "S-1-5-19"}
{"EventID": "1001", "Channel": "Microsoft-Windows-Resource-Exhaustion-Detector/Operational", "Provider_Name": "Microsoft-Windows-Resource-Exhaustion-Detector", "Computer": "DESKTOP-OFJ6N53", "TimeCreated": "2024-09-24 15:47:39.386738+00:00", "RecordID": "552", "Level": "4", "UserID": "S-1-5-18"}
{"EventID": "1002", "Channel": "Microsoft-Windows-Resource-Exhaustion-Detector/Operational", "Provider_Name": "Microsoft-Windows-Resource-Exhaustion-Detector", "Computer": "DESKTOP-OFJ6N53", "TimeCreated": "2024-09-24 16:22:34.336227+00:00", "RecordID": "553", "Level": "4", "UserID": "S-1-5-18"}
{"EventID": "1002", "Channel": "Microsoft-Windows-Resource-Exhaustion-Detector/Operational", "Provider_Name": "Microsoft-Windows-Resource-Exhaustion-Detector", "Computer": "DESKTOP-OFJ6N53", "TimeCreated": "2024-09-25 13:38:32.191404+00:00", "RecordID": "554", "Level": "4", "UserID": "S-1-5-19"}
{"EventID": "1001", "Channel": "Microsoft-Windows-Resource-Exhaustion-Detector/Operational", "Provider_Name": "Microsoft-Windows-Resource-Exhaustion-Detector", "Computer": "DESKTOP-OFJ6N53", "TimeCreated": "2024-09-25 13:39:00.234379+00:00", "RecordID": "555", "Level": "4", "UserID": "S-1-5-19"}
{"EventID": "1001", "Channel": "Microsoft-Windows-Resource-Exhaustion-Detector/Operational", "Provider_Name": "Microsoft-Windows-Resource-Exhaustion-Detector", "Computer": "DESKTOP-OFJ6N53", "TimeCreated": "2024-09-25 15:44:03.111094+00:00", "RecordID": "556", "Level": "4", "UserID": "S-1-5-18"}
{"EventID": "1002", "Channel": "Microsoft-Windows-Resource-Exhaustion-Detector/Operational", "Provider_Name": "Microsoft-Windows-Resource-Exhaustion-Detector", "Computer": "DESKTOP-OFJ6N53", "TimeCreated": "2024-09-25 16:03:59.950523+00:00", "RecordID": "557", "Level": "4", "UserID": "S-1-5-18"}
{"EventID": "1002", "Channel": "Microsoft-Windows-Resource-Exhaustion-Detector/Operational", "Provider_Name": "Microsoft-Windows-Resource-Exhaustion-Detector", "Computer": "DESKTOP-OFJ6N53", "TimeCreated": "2024-09-28 12:28:40.617729+00:00", "RecordID": "558", "Level": "4", "UserID": "S-1-5-19"}
{"EventID": "1001", "Channel": "Microsoft-Windows-Resource-Exhaustion-Detector/Operational", "Provider_Name": "Microsoft-Windows-Resource-Exhaustion-Detector", "Computer": "DESKTOP-OFJ6N53", "TimeCreated": "2024-09-28 12:29:10.069485+00:00", "RecordID": "559", "Level": "4", "UserID": "S-1-5-19"}
{"EventID": "1001", "Channel": "Microsoft-Windows-Resource-Exhaustion-Detector/Operational", "Provider_Name": "Microsoft-Windows-Resource-Exhaustion-Detector", "Computer": "DESKTOP-OFJ6N53", "TimeCreated": "2024-09-28 15:29:13.776436+00:00", "RecordID": "560", "Level": "4", "UserID": "S-1-5-18"}
{"EventID": "1002", "Channel": "Microsoft-Windows-Resource-Exhaustion-Detector/Operational", "Provider_Name": "Microsoft-Windows-Resource-Exhaustion-Detector", "Computer": "DESKTOP-OFJ6N53", "TimeCreated": "2024-09-28 15:54:09.750154+00:00", "RecordID": "561", "Level": "4", "UserID": "S-1-5-18"}
{"EventID": "1001", "Channel": "Microsoft-Windows-Resource-Exhaustion-Detector/Operational", "Provider_Name": "Microsoft-Windows-Resource-Exhaustion-Detector", "Computer": "DESKTOP-OFJ6N53", "TimeCreated": "2024-10-04 11:18:34.635012+00:00", "RecordID": "562", "Level": "4", "UserID": "S-1-5-19"}
{"EventID": "1001", "Channel": "Microsoft-Windows-Resource-Exhaustion-Detector/Operational", "Provider_Name": "Microsoft-Windows-Resource-Exhaustion-Detector", "Computer": "DESKTOP-OFJ6N53", "TimeCreated": "2024-10-04 13:37:00.983654+00:00", "RecordID": "563", "Level": "4", "UserID": "S-1-5-18"}
{"EventID": "1002", "Channel": "Microsoft-Windows-Resource-Exhaustion-Detector/Operational", "Provider_Name": "Microsoft-Windows-Resource-Exhaustion-Detector", "Computer": "DESKTOP-OFJ6N53", "TimeCreated": "2024-10-04 13:56:57.533165+00:00", "RecordID": "564", "Level": "4", "UserID": "S-1-5-18"}
{"EventID": "1002", "Channel": "Microsoft-Windows-Resource-Exhaustion-Detector/Operational", "Provider_Name": "Microsoft-Windows-Resource-Exhaustion-Detector", "Computer": "DESKTOP-OFJ6N53", "TimeCreated": "2024-10-04 22:02:26.450087+00:00", "RecordID": "565", "Level": "4", "UserID": "S-1-5-19"}
{"EventID": "1001", "Channel": "Microsoft-Windows-Resource-Exhaustion-Detector/Operational", "Provider_Name": "Microsoft-Windows-Resource-Exhaustion-Detector", "Computer": "DESKTOP-OFJ6N53", "TimeCreated": "2024-10-04 22:03:40.952385+00:00", "RecordID": "566", "Level": "4", "UserID": "S-1-5-19"}
{"EventID": "1001", "Channel": "Microsoft-Windows-Resource-Exhaustion-Detector/Operational", "Provider_Name": "Microsoft-Windows-Resource-Exhaustion-Detector", "Computer": "DESKTOP-OFJ6N53", "TimeCreated": "2024-10-08 19:43:57.596056+00:00", "RecordID": "567", "Level": "4", "UserID": "S-1-5-18"}
{"EventID": "1002", "Channel": "Microsoft-Windows-Resource-Exhaustion-Detector/Operational", "Provider_Name": "Microsoft-Windows-Resource-Exhaustion-Detector", "Computer": "DESKTOP-OFJ6N53", "TimeCreated": "2024-10-08 20:13:02.333395+00:00", "RecordID": "568", "Level": "4", "UserID": "S-1-5-18"}
{"EventID": "1002", "Channel": "Microsoft-Windows-Resource-Exhaustion-Detector/Operational", "Provider_Name": "Microsoft-Windows-Resource-Exhaustion-Detector", "Computer": "DESKTOP-OFJ6N53", "TimeCreated": "2024-10-08 20:25:03.592382+00:00", "RecordID": "569", "Level": "4", "UserID": "S-1-5-19"}
{"EventID": "1001", "Channel": "Microsoft-Windows-Resource-Exhaustion-Detector/Operational", "Provider_Name": "Microsoft-Windows-Resource-Exhaustion-Detector", "Computer": "DESKTOP-OFJ6N53", "TimeCreated": "2024-10-08 20:35:33.301773+00:00", "RecordID": "570", "Level": "4", "UserID": "S-1-5-19"}
{"EventID": "1001", "Channel": "Microsoft-Windows-Resource-Exhaustion-Detector/Operational", "Provider_Name": "Microsoft-Windows-Resource-Exhaustion-Detector", "Computer": "DESKTOP-OFJ6N53", "TimeCreated": "2024-11-05 21:00:42.568285+00:00", "RecordID": "571", "Level": "4", "UserID": "S-1-5-18"}
{"EventID": "1002", "Channel": "Microsoft-Windows-Resource-Exhaustion-Detector/Operational", "Provider_Name": "Microsoft-Windows-Resource-Exhaustion-Detector", "Computer": "DESKTOP-OFJ6N53", "TimeCreated": "2024-11-05 21:21:41.896587+00:00", "RecordID": "572", "Level": "4", "UserID": "S-1-5-18"}
{"EventID": "1001", "Channel": "Microsoft-Windows-Resource-Exhaustion-Detector/Operational", "Provider_Name": "Microsoft-Windows-Resource-Exhaustion-Detector", "Computer": "DESKTOP-OFJ6N53", "TimeCreated": "2024-11-06 21:00:58.584448+00:00", "RecordID": "573", "Level": "4", "UserID": "S-1-5-18"}
{"EventID": "1002", "Channel": "Microsoft-Windows-Resource-Exhaustion-Detector/Operational", "Provider_Name": "Microsoft-Windows-Resource-Exhaustion-Detector", "Computer": "DESKTOP-OFJ6N53", "TimeCreated": "2024-11-06 21:21:44.403900+00:00", "RecordID": "574", "Level": "4", "UserID": "S-1-5-18"}
{"EventID": "1002", "Channel": "Microsoft-Windows-Resource-Exhaustion-Detector/Operational", "Provider_Name": "Microsoft-Windows-Resource-Exhaustion-Detector", "Computer": "DESKTOP-OFJ6N53", "TimeCreated": "2024-11-13 14:44:32.103292+00:00", "RecordID": "575", "Level": "4", "UserID": "S-1-5-19"}
{"EventID": "1001", "Channel": "Microsoft-Windows-Resource-Exhaustion-Detector/Operational", "Provider_Name": "Microsoft-Windows-Resource-Exhaustion-Detector", "Computer": "DESKTOP-OFJ6N53", "TimeCreated": "2024-11-13 14:55:19.148357+00:00", "RecordID": "576", "Level": "4", "UserID": "S-1-5-19"}
{"EventID": "1001", "Channel": "Microsoft-Windows-Resource-Exhaustion-Detector/Operational", "Provider_Name": "Microsoft-Windows-Resource-Exhaustion-Detector", "Computer": "DESKTOP-OFJ6N53", "TimeCreated": "2024-11-29 03:47:24.636185+00:00", "RecordID": "577", "Level": "4", "UserID": "S-1-5-18"}
{"EventID": "1002", "Channel": "Microsoft-Windows-Resource-Exhaustion-Detector/Operational", "Provider_Name": "Microsoft-Windows-Resource-Exhaustion-Detector", "Computer": "DESKTOP-OFJ6N53", "TimeCreated": "2024-11-29 04:10:55.790373+00:00", "RecordID": "578", "Level": "4", "UserID": "S-1-5-18"}
{"EventID": "1002", "Channel": "Microsoft-Windows-Resource-Exhaustion-Detector/Operational", "Provider_Name": "Microsoft-Windows-Resource-Exhaustion-Detector", "Computer": "DESKTOP-OFJ6N53", "TimeCreated": "2024-12-03 10:23:29.062632+00:00", "RecordID": "579", "Level": "4", "UserID": "S-1-5-19"}
{"EventID": "1001", "Channel": "Microsoft-Windows-Resource-Exhaustion-Detector/Operational", "Provider_Name": "Microsoft-Windows-Resource-Exhaustion-Detector", "Computer": "DESKTOP-OFJ6N53", "TimeCreated": "2024-12-03 10:24:00.731211+00:00", "RecordID": "580", "Level": "4", "UserID": "S-1-5-19"}
{"EventID": "1001", "Channel": "Microsoft-Windows-Resource-Exhaustion-Detector/Operational", "Provider_Name": "Microsoft-Windows-Resource-Exhaustion-Detector", "Computer": "DESKTOP-OFJ6N53", "TimeCreated": "2024-12-08 10:34:47.622030+00:00", "RecordID": "581", "Level": "4", "UserID": "S-1-5-18"}
{"EventID": "1002", "Channel": "Microsoft-Windows-Resource-Exhaustion-Detector/Operational", "Provider_Name": "Microsoft-Windows-Resource-Exhaustion-Detector", "Computer": "DESKTOP-OFJ6N53", "TimeCreated": "2024-12-08 11:04:13.649954+00:00", "RecordID": "582", "Level": "4", "UserID": "S-1-5-18"}
{"EventID": "1002", "Channel": "Microsoft-Windows-Resource-Exhaustion-Detector/Operational", "Provider_Name": "Microsoft-Windows-Resource-Exhaustion-Detector", "Computer": "DESKTOP-OFJ6N53", "TimeCreated": "2024-12-08 16:51:55.425098+00:00", "RecordID": "583", "Level": "4", "UserID": "S-1-5-19"}
{"EventID": "1001", "Channel": "Microsoft-Windows-Resource-Exhaustion-Detector/Operational", "Provider_Name": "Microsoft-Windows-Resource-Exhaustion-Detector", "Computer": "DESKTOP-OFJ6N53", "TimeCreated": "2024-12-08 16:52:24.564556+00:00", "RecordID": "584", "Level": "4", "UserID": "S-1-5-19"}
{"EventID": "1002", "Channel": "Microsoft-Windows-Resource-Exhaustion-Detector/Operational", "Provider_Name": "Microsoft-Windows-Resource-Exhaustion-Detector", "Computer": "DESKTOP-OFJ6N53", "TimeCreated": "2024-12-11 15:05:44.903973+00:00", "RecordID": "585", "Level": "4", "UserID": "S-1-5-19"}
{"EventID": "1001", "Channel": "Microsoft-Windows-Resource-Exhaustion-Detector/Operational", "Provider_Name": "Microsoft-Windows-Resource-Exhaustion-Detector", "Computer": "DESKTOP-OFJ6N53", "TimeCreated": "2024-12-11 15:07:06.943354+00:00", "RecordID": "586", "Level": "4", "UserID": "S-1-5-19"}
{"EventID": "1002", "Channel": "Microsoft-Windows-Resource-Exhaustion-Detector/Operational", "Provider_Name": "Microsoft-Windows-Resource-Exhaustion-Detector", "Computer": "DESKTOP-OFJ6N53", "TimeCreated": "2024-12-23 14:09:25.900238+00:00", "RecordID": "587", "Level": "4", "UserID": "S-1-5-19"}
{"EventID": "1001", "Channel": "Microsoft-Windows-Resource-Exhaustion-Detector/Operational", "Provider_Name": "Microsoft-Windows-Resource-Exhaustion-Detector", "Computer": "DESKTOP-OFJ6N53", "TimeCreated": "2024-12-23 14:10:05.250040+00:00", "RecordID": "588", "Level": "4", "UserID": "S-1-5-19"}
{"EventID": "1001", "Channel": "Microsoft-Windows-Resource-Exhaustion-Detector/Operational", "Provider_Name": "Microsoft-Windows-Resource-Exhaustion-Detector", "Computer": "DESKTOP-OFJ6N53", "TimeCreated": "2024-12-25 14:15:35.459888+00:00", "RecordID": "589", "Level": "4", "UserID": "S-1-5-18"}
{"EventID": "1002", "Channel": "Microsoft-Windows-Resource-Exhaustion-Detector/Operational", "Provider_Name": "Microsoft-Windows-Resource-Exhaustion-Detector", "Computer": "DESKTOP-OFJ6N53", "TimeCreated": "2024-12-25 14:35:09.204506+00:00", "RecordID": "590", "Level": "4", "UserID": "S-1-5-18"}
{"EventID": "1001", "Channel": "Microsoft-Windows-Resource-Exhaustion-Detector/Operational", "Provider_Name": "Microsoft-Windows-Resource-Exhaustion-Detector", "Computer": "DESKTOP-OFJ6N53", "TimeCreated": "2024-12-27 14:21:19.877487+00:00", "RecordID": "591", "Level": "4", "UserID": "S-1-5-18"}
{"EventID": "1002", "Channel": "Microsoft-Windows-Resource-Exhaustion-Detector/Operational", "Provider_Name": "Microsoft-Windows-Resource-Exhaustion-Detector", "Computer": "DESKTOP-OFJ6N53", "TimeCreated": "2024-12-27 14:50:14.820568+00:00", "RecordID": "592", "Level": "4", "UserID": "S-1-5-18"}
{"EventID": "1001", "Channel": "Microsoft-Windows-Resource-Exhaustion-Detector/Operational", "Provider_Name": "Microsoft-Windows-Resource-Exhaustion-Detector", "Computer": "DESKTOP-OFJ6N53", "TimeCreated": "2024-12-28 14:21:36.634096+00:00", "RecordID": "593", "Level": "4", "UserID": "S-1-5-18"}
{"EventID": "1002", "Channel": "Microsoft-Windows-Resource-Exhaustion-Detector/Operational", "Provider_Name": "Microsoft-Windows-Resource-Exhaustion-Detector", "Computer": "DESKTOP-OFJ6N53", "TimeCreated": "2024-12-28 14:50:17.434240+00:00", "RecordID": "594", "Level": "4", "UserID": "S-1-5-18"}
{"EventID": "1001", "Channel": "Microsoft-Windows-Resource-Exhaustion-Detector/Operational", "Provider_Name": "Microsoft-Windows-Resource-Exhaustion-Detector", "Computer": "DESKTOP-OFJ6N53", "TimeCreated": "2024-12-30 13:46:51.619480+00:00", "RecordID": "595", "Level": "4", "UserID": "S-1-5-18"}
{"EventID": "1002", "Channel": "Microsoft-Windows-Resource-Exhaustion-Detector/Operational", "Provider_Name": "Microsoft-Windows-Resource-Exhaustion-Detector", "Computer": "DESKTOP-OFJ6N53", "TimeCreated": "2024-12-30 14:05:21.206087+00:00", "RecordID": "596", "Level": "4", "UserID": "S-1-5-18"}
{"EventID": "1001", "Channel": "Microsoft-Windows-Resource-Exhaustion-Detector/Operational", "Provider_Name": "Microsoft-Windows-Resource-Exhaustion-Detector", "Computer": "DESKTOP-OFJ6N53", "TimeCreated": "2025-01-09 11:32:24.625517+00:00", "RecordID": "597", "Level": "4", "UserID": "S-1-5-18"}
{"EventID": "1002", "Channel": "Microsoft-Windows-Resource-Exhaustion-Detector/Operational", "Provider_Name": "Microsoft-Windows-Resource-Exhaustion-Detector", "Computer": "DESKTOP-OFJ6N53", "TimeCreated": "2025-01-09 11:50:34.020922+00:00", "RecordID": "598", "Level": "4", "UserID": "S-1-5-18"}
{"EventID": "1002", "Channel": "Microsoft-Windows-Resource-Exhaustion-Detector/Operational", "Provider_Name": "Microsoft-Windows-Resource-Exhaustion-Detector", "Computer": "DESKTOP-OFJ6N53", "TimeCreated": "2025-01-09 14:54:49.298958+00:00", "RecordID": "599", "Level": "4", "UserID": "S-1-5-19"}
{"EventID": "1001", "Channel": "Microsoft-Windows-Resource-Exhaustion-Detector/Operational", "Provider_Name": "Microsoft-Windows-Resource-Exhaustion-Detector", "Computer": "DESKTOP-OFJ6N53", "TimeCreated": "2025-01-09 14:55:20.505579+00:00", "RecordID": "600", "Level": "4", "UserID": "S-1-5-19"}
{"EventID": "1002", "Channel": "Microsoft-Windows-Resource-Exhaustion-Detector/Operational", "Provider_Name": "Microsoft-Windows-Resource-Exhaustion-Detector", "Computer": "DESKTOP-OFJ6N53", "TimeCreated": "2025-01-14 23:22:01.325922+00:00", "RecordID": "601", "Level": "4", "UserID": "S-1-5-19"}
{"EventID": "1001", "Channel": "Microsoft-Windows-Resource-Exhaustion-Detector/Operational", "Provider_Name": "Microsoft-Windows-Resource-Exhaustion-Detector", "Computer": "DESKTOP-OFJ6N53", "TimeCreated": "2025-01-14 23:26:15.448965+00:00", "RecordID": "602", "Level": "4", "UserID": "S-1-5-19"}
{"EventID": "1001", "Channel": "Microsoft-Windows-Resource-Exhaustion-Detector/Operational", "Provider_Name": "Microsoft-Windows-Resource-Exhaustion-Detector", "Computer": "DESKTOP-OFJ6N53", "TimeCreated": "2025-01-21 23:34:06.135645+00:00", "RecordID": "603", "Level": "4", "UserID": "S-1-5-18"}
{"EventID": "1002", "Channel": "Microsoft-Windows-Resource-Exhaustion-Detector/Operational", "Provider_Name": "Microsoft-Windows-Resource-Exhaustion-Detector", "Computer": "DESKTOP-OFJ6N53", "TimeCreated": "2025-01-22 00:02:55.820421+00:00", "RecordID": "604", "Level": "4", "UserID": "S-1-5-18"}
{"EventID": "1002", "Channel": "Microsoft-Windows-Resource-Exhaustion-Detector/Operational", "Provider_Name": "Microsoft-Windows-Resource-Exhaustion-Detector", "Computer": "DESKTOP-OFJ6N53", "TimeCreated": "2025-01-24 12:02:48.010923+00:00", "RecordID": "605", "Level": "4", "UserID": "S-1-5-19"}
{"EventID": "1001", "Channel": "Microsoft-Windows-Resource-Exhaustion-Detector/Operational", "Provider_Name": "Microsoft-Windows-Resource-Exhaustion-Detector", "Computer": "DESKTOP-OFJ6N53", "TimeCreated": "2025-01-24 12:03:26.819494+00:00", "RecordID": "606", "Level": "4", "UserID": "S-1-5-19"}
{"EventID": "1002", "Channel": "Microsoft-Windows-Resource-Exhaustion-Detector/Operational", "Provider_Name": "Microsoft-Windows-Resource-Exhaustion-Detector", "Computer": "DESKTOP-OFJ6N53", "TimeCreated": "2025-02-05 14:01:22.581015+00:00", "RecordID": "607", "Level": "4", "UserID": "S-1-5-19"}
{"EventID": "1001", "Channel": "Microsoft-Windows-Resource-Exhaustion-Detector/Operational", "Provider_Name": "Microsoft-Windows-Resource-Exhaustion-Detector", "Computer": "DESKTOP-OFJ6N53", "TimeCreated": "2025-02-05 14:02:07.797989+00:00", "RecordID": "608", "Level": "4", "UserID": "S-1-5-19"}
{"EventID": "1001", "Channel": "Microsoft-Windows-Resource-Exhaustion-Detector/Operational", "Provider_Name": "Microsoft-Windows-Resource-Exhaustion-Detector", "Computer": "DESKTOP-OFJ6N53", "TimeCreated": "2025-02-07 16:37:43.275131+00:00", "RecordID": "609", "Level": "4", "UserID": "S-1-5-18"}
{"EventID": "1002", "Channel": "Microsoft-Windows-Resource-Exhaustion-Detector/Operational", "Provider_Name": "Microsoft-Windows-Resource-Exhaustion-Detector", "Computer": "DESKTOP-OFJ6N53", "TimeCreated": "2025-02-07 16:57:12.464588+00:00", "RecordID": "610", "Level": "4", "UserID": "S-1-5-18"}
{"EventID": "1001", "Channel": "Microsoft-Windows-Resource-Exhaustion-Detector/Operational", "Provider_Name": "Microsoft-Windows-Resource-Exhaustion-Detector", "Computer": "DESKTOP-OFJ6N53", "TimeCreated": "2025-02-08 14:12:58.963898+00:00", "RecordID": "611", "Level": "4", "UserID": "S-1-5-18"}
{"EventID": "1002", "Channel": "Microsoft-Windows-Resource-Exhaustion-Detector/Operational", "Provider_Name": "Microsoft-Windows-Resource-Exhaustion-Detector", "Computer": "DESKTOP-OFJ6N53", "TimeCreated": "2025-02-08 14:42:14.370512+00:00", "RecordID": "612", "Level": "4", "UserID": "S-1-5-18"}
{"EventID": "1001", "Channel": "Microsoft-Windows-Resource-Exhaustion-Detector/Operational", "Provider_Name": "Microsoft-Windows-Resource-Exhaustion-Detector", "Computer": "DESKTOP-OFJ6N53", "TimeCreated": "2025-02-08 19:38:03.494503+00:00", "RecordID": "613", "Level": "4", "UserID": "S-1-5-18"}
{"EventID": "1002", "Channel": "Microsoft-Windows-Resource-Exhaustion-Detector/Operational", "Provider_Name": "Microsoft-Windows-Resource-Exhaustion-Detector", "Computer": "DESKTOP-OFJ6N53", "TimeCreated": "2025-02-08 19:57:14.536789+00:00", "RecordID": "614", "Level": "4", "UserID": "S-1-5-18"}
{"EventID": "1002", "Channel": "Microsoft-Windows-Resource-Exhaustion-Detector/Operational", "Provider_Name": "Microsoft-Windows-Resource-Exhaustion-Detector", "Computer": "DESKTOP-OFJ6N53", "TimeCreated": "2025-02-12 14:54:02.408928+00:00", "RecordID": "615", "Level": "4", "UserID": "S-1-5-19"}
{"EventID": "1001", "Channel": "Microsoft-Windows-Resource-Exhaustion-Detector/Operational", "Provider_Name": "Microsoft-Windows-Resource-Exhaustion-Detector", "Computer": "DESKTOP-OFJ6N53", "TimeCreated": "2025-02-12 14:55:28.574421+00:00", "RecordID": "616", "Level": "4", "UserID": "S-1-5-19"}
{"EventID": "1001", "Channel": "Microsoft-Windows-Resource-Exhaustion-Detector/Operational", "Provider_Name": "Microsoft-Windows-Resource-Exhaustion-Detector", "Computer": "DESKTOP-OFJ6N53", "TimeCreated": "2025-02-17 15:05:59.931124+00:00", "RecordID": "617", "Level": "4", "UserID": "S-1-5-18"}
{"EventID": "1002", "Channel": "Microsoft-Windows-Resource-Exhaustion-Detector/Operational", "Provider_Name": "Microsoft-Windows-Resource-Exhaustion-Detector", "Computer": "DESKTOP-OFJ6N53", "TimeCreated": "2025-02-17 15:34:46.998680+00:00", "RecordID": "618", "Level": "4", "UserID": "S-1-5-18"}
{"EventID": "1001", "Channel": "Microsoft-Windows-Resource-Exhaustion-Detector/Operational", "Provider_Name": "Microsoft-Windows-Resource-Exhaustion-Detector", "Computer": "DESKTOP-OFJ6N53", "TimeCreated": "2025-02-18 07:16:04.723476+00:00", "RecordID": "619", "Level": "4", "UserID": "S-1-5-18"}
{"EventID": "1002", "Channel": "Microsoft-Windows-Resource-Exhaustion-Detector/Operational", "Provider_Name": "Microsoft-Windows-Resource-Exhaustion-Detector", "Computer": "DESKTOP-OFJ6N53", "TimeCreated": "2025-02-18 07:34:47.934729+00:00", "RecordID": "620", "Level": "4", "UserID": "S-1-5-18"}
{"EventID": "1001", "Channel": "Microsoft-Windows-Resource-Exhaustion-Detector/Operational", "Provider_Name": "Microsoft-Windows-Resource-Exhaustion-Detector", "Computer": "DESKTOP-OFJ6N53", "TimeCreated": "2025-03-03 09:07:14.524529+00:00", "RecordID": "621", "Level": "4", "UserID": "S-1-5-18"}
{"EventID": "1002", "Channel": "Microsoft-Windows-Resource-Exhaustion-Detector/Operational", "Provider_Name": "Microsoft-Windows-Resource-Exhaustion-Detector", "Computer": "DESKTOP-OFJ6N53", "TimeCreated": "2025-03-03 09:35:17.493168+00:00", "RecordID": "622", "Level": "4", "UserID": "S-1-5-18"}
{"EventID": "1002", "Channel": "Microsoft-Windows-Resource-Exhaustion-Detector/Operational", "Provider_Name": "Microsoft-Windows-Resource-Exhaustion-Detector", "Computer": "DESKTOP-OFJ6N53", "TimeCreated": "2025-03-07 15:03:29.004108+00:00", "RecordID": "623", "Level": "4", "UserID": "S-1-5-19"}
{"EventID": "1001", "Channel": "Microsoft-Windows-Resource-Exhaustion-Detector/Operational", "Provider_Name": "Microsoft-Windows-Resource-Exhaustion-Detector", "Computer": "DESKTOP-OFJ6N53", "TimeCreated": "2025-03-07 15:04:26.854874+00:00", "RecordID": "624", "Level": "4", "UserID": "S-1-5-19"}
{"EventID": "1002", "Channel": "Microsoft-Windows-Resource-Exhaustion-Detector/Operational", "Provider_Name": "Microsoft-Windows-Resource-Exhaustion-Detector", "Computer": "DESKTOP-OFJ6N53", "TimeCreated": "2025-03-11 20:16:39.575733+00:00", "RecordID": "625", "Level": "4", "UserID": "S-1-5-19"}
{"EventID": "1001", "Channel": "Microsoft-Windows-Resource-Exhaustion-Detector/Operational", "Provider_Name": "Microsoft-Windows-Resource-Exhaustion-Detector", "Computer": "DESKTOP-OFJ6N53", "TimeCreated": "2025-03-11 20:20:10.472948+00:00", "RecordID": "626", "Level": "4", "UserID": "S-1-5-19"}
{"EventID": "1001", "Channel": "Microsoft-Windows-Resource-Exhaustion-Detector/Operational", "Provider_Name": "Microsoft-Windows-Resource-Exhaustion-Detector", "Computer": "DESKTOP-OFJ6N53", "TimeCreated": "2025-03-14 13:37:56.261818+00:00", "RecordID": "627", "Level": "4", "UserID": "S-1-5-18"}
{"EventID": "1002", "Channel": "Microsoft-Windows-Resource-Exhaustion-Detector/Operational", "Provider_Name": "Microsoft-Windows-Resource-Exhaustion-Detector", "Computer": "DESKTOP-OFJ6N53", "TimeCreated": "2025-03-14 13:57:23.860943+00:00", "RecordID": "628", "Level": "4", "UserID": "S-1-5-18"}
{"EventID": "1001", "Channel": "Microsoft-Windows-Resource-Exhaustion-Detector/Operational", "Provider_Name": "Microsoft-Windows-Resource-Exhaustion-Detector", "Computer": "DESKTOP-OFJ6N53", "TimeCreated": "2025-03-26 12:09:46.896488+00:00", "RecordID": "629", "Level": "4", "UserID": "S-1-5-18"}
{"EventID": "1002", "Channel": "Microsoft-Windows-Resource-Exhaustion-Detector/Operational", "Provider_Name": "Microsoft-Windows-Resource-Exhaustion-Detector", "Computer": "DESKTOP-OFJ6N53", "TimeCreated": "2025-03-26 12:28:01.177589+00:00", "RecordID": "630", "Level": "4", "UserID": "S-1-5-18"}
{"EventID": "1001", "Channel": "Microsoft-Windows-Resource-Exhaustion-Detector/Operational", "Provider_Name": "Microsoft-Windows-Resource-Exhaustion-Detector", "Computer": "DESKTOP-OFJ6N53", "TimeCreated": "2025-03-26 20:29:53.395535+00:00", "RecordID": "631", "Level": "4", "UserID": "S-1-5-18"}
{"EventID": "1002", "Channel": "Microsoft-Windows-Resource-Exhaustion-Detector/Operational", "Provider_Name": "Microsoft-Windows-Resource-Exhaustion-Detector", "Computer": "DESKTOP-OFJ6N53", "TimeCreated": "2025-03-26 20:58:01.503721+00:00", "RecordID": "632", "Level": "4", "UserID": "S-1-5-18"}
{"EventID": "1001", "Channel": "Microsoft-Windows-Resource-Exhaustion-Detector/Operational", "Provider_Name": "Microsoft-Windows-Resource-Exhaustion-Detector", "Computer": "DESKTOP-OFJ6N53", "TimeCreated": "2025-03-30 07:20:22.901733+00:00", "RecordID": "633", "Level": "4", "UserID": "S-1-5-18"}
{"EventID": "1002", "Channel": "Microsoft-Windows-Resource-Exhaustion-Detector/Operational", "Provider_Name": "Microsoft-Windows-Resource-Exhaustion-Detector", "Computer": "DESKTOP-OFJ6N53", "TimeCreated": "2025-03-30 07:43:08.547333+00:00", "RecordID": "634", "Level": "4", "UserID": "S-1-5-18"}
{"EventID": "1002", "Channel": "Microsoft-Windows-Resource-Exhaustion-Detector/Operational", "Provider_Name": "Microsoft-Windows-Resource-Exhaustion-Detector", "Computer": "DESKTOP-OFJ6N53", "TimeCreated": "2025-04-01 16:02:56.499952+00:00", "RecordID": "635", "Level": "4", "UserID": "S-1-5-19"}
{"EventID": "1001", "Channel": "Microsoft-Windows-Resource-Exhaustion-Detector/Operational", "Provider_Name": "Microsoft-Windows-Resource-Exhaustion-Detector", "Computer": "DESKTOP-OFJ6N53", "TimeCreated": "2025-04-01 16:03:41.112471+00:00", "RecordID": "636", "Level": "4", "UserID": "S-1-5-19"}
{"EventID": "1002", "Channel": "Microsoft-Windows-Resource-Exhaustion-Detector/Operational", "Provider_Name": "Microsoft-Windows-Resource-Exhaustion-Detector", "Computer": "DESKTOP-OFJ6N53", "TimeCreated": "2025-04-02 09:17:57.089777+00:00", "RecordID": "637", "Level": "4", "UserID": "S-1-5-19"}
{"EventID": "1001", "Channel": "Microsoft-Windows-Resource-Exhaustion-Detector/Operational", "Provider_Name": "Microsoft-Windows-Resource-Exhaustion-Detector", "Computer": "DESKTOP-OFJ6N53", "TimeCreated": "2025-04-02 09:18:29.311506+00:00", "RecordID": "638", "Level": "4", "UserID": "S-1-5-19"}
{"EventID": "1002", "Channel": "Microsoft-Windows-Resource-Exhaustion-Detector/Operational", "Provider_Name": "Microsoft-Windows-Resource-Exhaustion-Detector", "Computer": "DESKTOP-OFJ6N53", "TimeCreated": "2025-04-02 09:31:05.781422+00:00", "RecordID": "639", "Level": "4", "UserID": "S-1-5-19"}
{"EventID": "1001", "Channel": "Microsoft-Windows-Resource-Exhaustion-Detector/Operational", "Provider_Name": "Microsoft-Windows-Resource-Exhaustion-Detector", "Computer": "DESKTOP-OFJ6N53", "TimeCreated": "2025-04-02 09:41:40.326685+00:00", "RecordID": "640", "Level": "4", "UserID": "S-1-5-19"}
{"EventID": "1002", "Channel": "Microsoft-Windows-Resource-Exhaustion-Detector/Operational", "Provider_Name": "Microsoft-Windows-Resource-Exhaustion-Detector", "Computer": "DESKTOP-OFJ6N53", "TimeCreated": "2025-04-02 09:57:14.372868+00:00", "RecordID": "641", "Level": "4", "UserID": "S-1-5-19"}
{"EventID": "1001", "Channel": "Microsoft-Windows-Resource-Exhaustion-Detector/Operational", "Provider_Name": "Microsoft-Windows-Resource-Exhaustion-Detector", "Computer": "DESKTOP-OFJ6N53", "TimeCreated": "2025-04-02 10:02:30.531078+00:00", "RecordID": "642", "Level": "4", "UserID": "S-1-5-19"}
{"EventID": "1002", "Channel": "Microsoft-Windows-Resource-Exhaustion-Detector/Operational", "Provider_Name": "Microsoft-Windows-Resource-Exhaustion-Detector", "Computer": "DESKTOP-OFJ6N53", "TimeCreated": "2025-04-02 10:08:00.710217+00:00", "RecordID": "643", "Level": "4", "UserID": "S-1-5-19"}
{"EventID": "1001", "Channel": "Microsoft-Windows-Resource-Exhaustion-Detector/Operational", "Provider_Name": "Microsoft-Windows-Resource-Exhaustion-Detector", "Computer": "DESKTOP-OFJ6N53", "TimeCreated": "2025-04-02 10:08:44.367773+00:00", "RecordID": "644", "Level": "4", "UserID": "S-1-5-19"}
{"EventID": "1002", "Channel": "Microsoft-Windows-Resource-Exhaustion-Detector/Operational", "Provider_Name": "Microsoft-Windows-Resource-Exhaustion-Detector", "Computer": "DESKTOP-OFJ6N53", "TimeCreated": "2025-04-02 10:11:29.063246+00:00", "RecordID": "645", "Level": "4", "UserID": "S-1-5-19"}
{"EventID": "1001", "Channel": "Microsoft-Windows-Resource-Exhaustion-Detector/Operational", "Provider_Name": "Microsoft-Windows-Resource-Exhaustion-Detector", "Computer": "DESKTOP-OFJ6N53", "TimeCreated": "2025-04-02 10:12:47.470230+00:00", "RecordID": "646", "Level": "4", "UserID": "S-1-5-19"}
{"EventID": "1002", "Channel": "Microsoft-Windows-Resource-Exhaustion-Detector/Operational", "Provider_Name": "Microsoft-Windows-Resource-Exhaustion-Detector", "Computer": "DESKTOP-OFJ6N53", "TimeCreated": "2025-04-02 10:15:52.836224+00:00", "RecordID": "647", "Level": "4", "UserID": "S-1-5-19"}
{"EventID": "1001", "Channel": "Microsoft-Windows-Resource-Exhaustion-Detector/Operational", "Provider_Name": "Microsoft-Windows-Resource-Exhaustion-Detector", "Computer": "DESKTOP-OFJ6N53", "TimeCreated": "2025-04-02 10:26:25.914375+00:00", "RecordID": "648", "Level": "4", "UserID": "S-1-5-19"}
{"EventID": "1002", "Channel": "Microsoft-Windows-Resource-Exhaustion-Detector/Operational", "Provider_Name": "Microsoft-Windows-Resource-Exhaustion-Detector", "Computer": "DESKTOP-OFJ6N53", "TimeCreated": "2025-04-02 10:33:40.741014+00:00", "RecordID": "649", "Level": "4", "UserID": "S-1-5-19"}
{"EventID": "1001", "Channel": "Microsoft-Windows-Resource-Exhaustion-Detector/Operational", "Provider_Name": "Microsoft-Windows-Resource-Exhaustion-Detector", "Computer": "DESKTOP-OFJ6N53", "TimeCreated": "2025-04-02 10:37:52.625637+00:00", "RecordID": "650", "Level": "4", "UserID": "S-1-5-19"}
{"EventID": "1001", "Channel": "Microsoft-Windows-Resource-Exhaustion-Detector/Operational", "Provider_Name": "Microsoft-Windows-Resource-Exhaustion-Detector", "Computer": "DESKTOP-OFJ6N53", "TimeCreated": "2025-04-03 20:29:43.267487+00:00", "RecordID": "651", "Level": "4", "UserID": "S-1-5-18"}
{"EventID": "1002", "Channel": "Microsoft-Windows-Resource-Exhaustion-Detector/Operational", "Provider_Name": "Microsoft-Windows-Resource-Exhaustion-Detector", "Computer": "DESKTOP-OFJ6N53", "TimeCreated": "2025-04-03 20:59:15.705101+00:00", "RecordID": "652", "Level": "4", "UserID": "S-1-5-18"}
{"EventID": "1001", "Channel": "Microsoft-Windows-Resource-Exhaustion-Detector/Operational", "Provider_Name": "Microsoft-Windows-Resource-Exhaustion-Detector", "Computer": "DESKTOP-OFJ6N53", "TimeCreated": "2025-04-06 14:06:13.343777+00:00", "RecordID": "653", "Level": "4", "UserID": "S-1-5-18"}
{"EventID": "1002", "Channel": "Microsoft-Windows-Resource-Exhaustion-Detector/Operational", "Provider_Name": "Microsoft-Windows-Resource-Exhaustion-Detector", "Computer": "DESKTOP-OFJ6N53", "TimeCreated": "2025-04-06 14:29:22.715662+00:00", "RecordID": "654", "Level": "4", "UserID": "S-1-5-18"}
{"EventID": "1001", "Channel": "Microsoft-Windows-Resource-Exhaustion-Detector/Operational", "Provider_Name": "Microsoft-Windows-Resource-Exhaustion-Detector", "Computer": "DESKTOP-OFJ6N53", "TimeCreated": "2025-04-07 05:41:19.736729+00:00", "RecordID": "655", "Level": "4", "UserID": "S-1-5-18"}
{"EventID": "1002", "Channel": "Microsoft-Windows-Resource-Exhaustion-Detector/Operational", "Provider_Name": "Microsoft-Windows-Resource-Exhaustion-Detector", "Computer": "DESKTOP-OFJ6N53", "TimeCreated": "2025-04-07 05:59:23.369104+00:00", "RecordID": "656", "Level": "4", "UserID": "S-1-5-18"}
{"EventID": "1002", "Channel": "Microsoft-Windows-Resource-Exhaustion-Detector/Operational", "Provider_Name": "Microsoft-Windows-Resource-Exhaustion-Detector", "Computer": "DESKTOP-OFJ6N53", "TimeCreated": "2025-04-09 14:35:08.895920+00:00", "RecordID": "657", "Level": "4", "UserID": "S-1-5-19"}
{"EventID": "1001", "Channel": "Microsoft-Windows-Resource-Exhaustion-Detector/Operational", "Provider_Name": "Microsoft-Windows-Resource-Exhaustion-Detector", "Computer": "DESKTOP-OFJ6N53", "TimeCreated": "2025-04-09 14:45:48.794100+00:00", "RecordID": "658", "Level": "4", "UserID": "S-1-5-19"}
{"EventID": "1002", "Channel": "Microsoft-Windows-Resource-Exhaustion-Detector/Operational", "Provider_Name": "Microsoft-Windows-Resource-Exhaustion-Detector", "Computer": "DESKTOP-OFJ6N53", "TimeCreated": "2025-04-23 00:39:49.010626+00:00", "RecordID": "659", "Level": "4", "UserID": "S-1-5-19"}
{"EventID": "1001", "Channel": "Microsoft-Windows-Resource-Exhaustion-Detector/Operational", "Provider_Name": "Microsoft-Windows-Resource-Exhaustion-Detector", "Computer": "DESKTOP-OFJ6N53", "TimeCreated": "2025-04-23 00:50:30.626322+00:00", "RecordID": "660", "Level": "4", "UserID": "S-1-5-19"}
{"EventID": "1001", "Channel": "Microsoft-Windows-Resource-Exhaustion-Detector/Operational", "Provider_Name": "Microsoft-Windows-Resource-Exhaustion-Detector", "Computer": "DESKTOP-OFJ6N53", "TimeCreated": "2025-05-14 09:37:45.769539+00:00", "RecordID": "661", "Level": "4", "UserID": "S-1-5-18"}
{"EventID": "1002", "Channel": "Microsoft-Windows-Resource-Exhaustion-Detector/Operational", "Provider_Name": "Microsoft-Windows-Resource-Exhaustion-Detector", "Computer": "DESKTOP-OFJ6N53", "TimeCreated": "2025-05-14 10:06:26.883066+00:00", "RecordID": "662", "Level": "4", "UserID": "S-1-5-18"}
{"EventID": "1002", "Channel": "Microsoft-Windows-Resource-Exhaustion-Detector/Operational", "Provider_Name": "Microsoft-Windows-Resource-Exhaustion-Detector", "Computer": "DESKTOP-OFJ6N53", "TimeCreated": "2025-05-14 14:41:36.126080+00:00", "RecordID": "663", "Level": "4", "UserID": "S-1-5-19"}
{"EventID": "1001", "Channel": "Microsoft-Windows-Resource-Exhaustion-Detector/Operational", "Provider_Name": "Microsoft-Windows-Resource-Exhaustion-Detector", "Computer": "DESKTOP-OFJ6N53", "TimeCreated": "2025-05-14 14:52:18.446087+00:00", "RecordID": "664", "Level": "4", "UserID": "S-1-5-19"}
{"EventID": "1002", "Channel": "Microsoft-Windows-Resource-Exhaustion-Detector/Operational", "Provider_Name": "Microsoft-Windows-Resource-Exhaustion-Detector", "Computer": "DESKTOP-OFJ6N53", "TimeCreated": "2025-06-11 14:45:11.534592+00:00", "RecordID": "665", "Level": "4", "UserID": "S-1-5-19"}
{"EventID": "1001", "Channel": "Microsoft-Windows-Resource-Exhaustion-Detector/Operational", "Provider_Name": "Microsoft-Windows-Resource-Exhaustion-Detector", "Computer": "DESKTOP-OFJ6N53", "TimeCreated": "2025-06-11 14:55:49.661100+00:00", "RecordID": "666", "Level": "4", "UserID": "S-1-5-19"}
{"EventID": "1001", "Channel": "Microsoft-Windows-Resource-Exhaustion-Detector/Operational", "Provider_Name": "Microsoft-Windows-Resource-Exhaustion-Detector", "Computer": "DESKTOP-OFJ6N53", "TimeCreated": "2025-07-07 12:37:41.818365+00:00", "RecordID": "667", "Level": "4", "UserID": "S-1-5-18"}
{"EventID": "1002", "Channel": "Microsoft-Windows-Resource-Exhaustion-Detector/Operational", "Provider_Name": "Microsoft-Windows-Resource-Exhaustion-Detector", "Computer": "DESKTOP-OFJ6N53", "TimeCreated": "2025-07-07 12:48:50.953384+00:00", "RecordID": "668", "Level": "4", "UserID": "S-1-5-18"}
{"EventID": "1002", "Channel": "Microsoft-Windows-Resource-Exhaustion-Detector/Operational", "Provider_Name": "Microsoft-Windows-Resource-Exhaustion-Detector", "Computer": "DESKTOP-OFJ6N53", "TimeCreated": "2025-07-07 12:48:51.065847+00:00", "RecordID": "669", "Level": "4", "UserID": "S-1-5-19"}
{"EventID": "1001", "Channel": "Microsoft-Windows-Resource-Exhaustion-Detector/Operational", "Provider_Name": "Microsoft-Windows-Resource-Exhaustion-Detector", "Computer": "DESKTOP-OFJ6N53", "TimeCreated": "2025-07-07 12:59:39.513468+00:00", "RecordID": "670", "Level": "4", "UserID": "S-1-5-19"}
{"EventID": "1002", "Channel": "Microsoft-Windows-Resource-Exhaustion-Detector/Operational", "Provider_Name": "Microsoft-Windows-Resource-Exhaustion-Detector", "Computer": "DESKTOP-OFJ6N53", "TimeCreated": "2025-07-09 14:39:26.619400+00:00", "RecordID": "671", "Level": "4", "UserID": "S-1-5-19"}
{"EventID": "1001", "Channel": "Microsoft-Windows-Resource-Exhaustion-Detector/Operational", "Provider_Name": "Microsoft-Windows-Resource-Exhaustion-Detector", "Computer": "DESKTOP-OFJ6N53", "TimeCreated": "2025-07-09 14:50:02.518286+00:00", "RecordID": "672", "Level": "4", "UserID": "S-1-5-19"}
