{"EventID": "1006", "Channel": "Microsoft-Windows-Wcmsvc/Operational", "Provider_Name": "Microsoft-Windows-Wcmsvc", "Computer": "DESKTOP-OFJ6N53", "TimeCreated": "2023-04-19 13:29:35.438082+00:00", "RecordID": "2755", "Level": "4", "UserID": "S-1-5-19", "EventData.Reason": "2"}
{"EventID": "1006", "Channel": "Microsoft-Windows-Wcmsvc/Operational", "Provider_Name": "Microsoft-Windows-Wcmsvc", "Computer": "DESKTOP-OFJ6N53", "TimeCreated": "2023-04-19 13:29:35.669504+00:00", "RecordID": "2756", "Level": "4", "UserID": "S-1-5-19", "EventData.Reason": "1"}
{"EventID": "1006", "Channel": "Microsoft-Windows-Wcmsvc/Operational", "Provider_Name": "Microsoft-Windows-Wcmsvc", "Computer": "DESKTOP-OFJ6N53", "TimeCreated": "2023-04-19 14:01:09.866764+00:00", "RecordID": "2757", "Level": "4", "UserID": "S-1-5-19", "EventData.Reason": "2"}
{"EventID": "1006", "Channel": "Microsoft-Windows-Wcmsvc/Operational", "Provider_Name": "Microsoft-Windows-Wcmsvc", "Computer": "DESKTOP-OFJ6N53", "TimeCreated": "2023-04-19 14:01:10.302269+00:00", "RecordID": "2758", "Level": "4", "UserID": "S-1-5-19", "EventData.Reason": "3"}
{"EventID": "1006", "Channel": "Microsoft-Windows-Wcmsvc/Operational", "Provider_Name": "Microsoft-Windows-Wcmsvc", "Computer": "DESKTOP-OFJ6N53", "TimeCreated": "2023-04-19 14:01:10.958797+00:00", "RecordID": "2759", "Level": "4", "UserID": "S-1-5-19", "EventData.Reason": "1"}
{"EventID": "1006", "Channel": "Microsoft-Windows-Wcmsvc/Operational", "Provider_Name": "Microsoft-Windows-Wcmsvc", "Computer": "DESKTOP-OFJ6N53", "TimeCreated": "2023-04-19 15:37:56.540577+00:00", "RecordID": "2760", "Level": "4", "UserID": "S-1-5-19", "EventData.Reason": "4"}
{"EventID": "1006", "Channel": "Microsoft-Windows-Wcmsvc/Operational", "Provider_Name": "Microsoft-Windows-Wcmsvc", "Computer": "DESKTOP-OFJ6N53", "TimeCreated": "2023-04-20 10:37:47.524847+00:00", "RecordID": "2761", "Level": "4", "UserID": "S-1-5-19", "EventData.Reason": "3"}
{"EventID": "1006", "Channel": "Microsoft-Windows-Wcmsvc/Operational", "Provider_Name": "Microsoft-Windows-Wcmsvc", "Computer": "DESKTOP-OFJ6N53", "TimeCreated": "2023-04-20 16:46:47.772575+00:00", "RecordID": "2762", "Level": "4", "UserID": "S-1-5-19", "EventData.Reason": "4"}
{"EventID": "1006", "Channel": "Microsoft-Windows-Wcmsvc/Operational", "Provider_Name": "Microsoft-Windows-Wcmsvc", "Computer": "DESKTOP-OFJ6N53", "TimeCreated": "2023-04-21 09:04:32.529512+00:00", "RecordID": "2763", "Level": "4", "UserID": "S-1-5-19", "EventData.Reason": "3"}
{"EventID": "1006", "Channel": "Microsoft-Windows-Wcmsvc/Operational", "Provider_Name": "Microsoft-Windows-Wcmsvc", "Computer": "DESKTOP-OFJ6N53", "TimeCreated": "2023-04-21 09:23:58.314112+00:00", "RecordID": "2764", "Level": "4", "UserID": "S-1-5-19", "EventData.Reason": "4"}
{"EventID": "1006", "Channel": "Microsoft-Windows-Wcmsvc/Operational", "Provider_Name": "Microsoft-Windows-Wcmsvc", "Computer": "DESKTOP-OFJ6N53", "TimeCreated": "2023-04-21 09:24:16.117584+00:00", "RecordID": "2765", "Level": "4", "UserID": "S-1-5-19", "EventData.Reason": "3"}
{"EventID": "1006", "Channel": "Microsoft-Windows-Wcmsvc/Operational", "Provider_Name": "Microsoft-Windows-Wcmsvc", "Computer": "DESKTOP-OFJ6N53", "TimeCreated": "2023-04-21 10:08:06.664736+00:00", "RecordID": "2766", "Level": "4", "UserID": "S-1-5-19", "EventData.Reason": "4"}
{"EventID": "1006", "Channel": "Microsoft-Windows-Wcmsvc/Operational", "Provider_Name": "Microsoft-Windows-Wcmsvc", "Computer": "DESKTOP-OFJ6N53", "TimeCreated": "2023-04-22 12:21:59.190521+00:00", "RecordID": "2767", "Level": "4", "UserID": "S-1-5-19", "EventData.Reason": "3"}
{"EventID": "1006", "Channel": "Microsoft-Windows-Wcmsvc/Operational", "Provider_Name": "Microsoft-Windows-Wcmsvc", "Computer": "DESKTOP-OFJ6N53", "TimeCreated": "2023-04-22 12:23:35.024269+00:00", "RecordID": "2768", "Level": "4", "UserID": "S-1-5-19", "EventData.Reason": "6"}
{"EventID": "1006", "Channel": "Microsoft-Windows-Wcmsvc/Operational", "Provider_Name": "Microsoft-Windows-Wcmsvc", "Computer": "DESKTOP-OFJ6N53", "TimeCreated": "2023-04-22 12:23:36.297722+00:00", "RecordID": "2769", "Level": "4", "UserID": "S-1-5-19", "EventData.Reason": "4"}
{"EventID": "10003", "Channel": "Microsoft-Windows-Wcmsvc/Operational", "Provider_Name": "Microsoft-Windows-Wcmsvc", "Computer": "DESKTOP-OFJ6N53", "TimeCreated": "2023-04-22 12:23:36.304466+00:00", "RecordID": "2770", "Level": "4", "UserID": "S-1-5-19"}
{"EventID": "10004", "Channel": "Microsoft-Windows-Wcmsvc/Operational", "Provider_Name": "Microsoft-Windows-Wcmsvc", "Computer": "DESKTOP-OFJ6N53", "TimeCreated": "2023-04-22 12:23:36.619678+00:00", "RecordID": "2771", "Level": "4", "UserID": "S-1-5-19"}
{"EventID": "10001", "Channel": "Microsoft-Windows-Wcmsvc/Operational", "Provider_Name": "Microsoft-Windows-Wcmsvc", "Computer": "DESKTOP-OFJ6N53", "TimeCreated": "2023-04-22 12:24:27.665602+00:00", "RecordID": "2772", "Level": "4", "UserID": "S-1-5-19"}
{"EventID": "1026", "Channel": "Microsoft-Windows-Wcmsvc/Operational", "Provider_Name": "Microsoft-Windows-Wcmsvc", "Computer": "DESKTOP-OFJ6N53", "TimeCreated": "2023-04-22 12:24:27.871227+00:00", "RecordID": "2773", "Level": "4", "UserID": "S-1-5-19", "EventData.InterfaceGuid": "{bed2c4be-ec11-4cc8-aafc-f0fd7a5e3a02}", "EventData.MediaType": "1"}
{"EventID": "1009", "Channel": "Microsoft-Windows-Wcmsvc/Operational", "Provider_Name": "Microsoft-Windows-Wcmsvc", "Computer": "DESKTOP-OFJ6N53", "TimeCreated": "2023-04-22 12:24:27.872074+00:00", "RecordID": "2774", "Level": "4", "UserID": "S-1-5-19", "EventData.InterfaceGuid": "{bed2c4be-ec11-4cc8-aafc-f0fd7a5e3a02}", "EventData.MediaType": "1"}
{"EventID": "10002", "Channel": "Microsoft-Windows-Wcmsvc/Operational", "Provider_Name": "Microsoft-Windows-Wcmsvc", "Computer": "DESKTOP-OFJ6N53", "TimeCreated": "2023-04-22 12:24:27.933878+00:00", "RecordID": "2775", "Level": "4", "UserID": "S-1-5-19"}
{"EventID": "1003", "Channel": "Microsoft-Windows-Wcmsvc/Operational", "Provider_Name": "Microsoft-Windows-Wcmsvc", "Computer": "DESKTOP-OFJ6N53", "TimeCreated": "2023-04-22 12:24:27.995705+00:00", "RecordID": "2776", "Level": "4", "UserID": "S-1-5-19", "EventData.Status": "1", "EventData.Name": "2"}
{"EventID": "1003", "Channel": "Microsoft-Windows-Wcmsvc/Operational", "Provider_Name": "Microsoft-Windows-Wcmsvc", "Computer": "DESKTOP-OFJ6N53", "TimeCreated": "2023-04-22 12:24:28.008230+00:00", "RecordID": "2777", "Level": "4", "UserID": "S-1-5-19", "EventData.Status": "1", "EventData.Name": "3"}
{"EventID": "1006", "Channel": "Microsoft-Windows-Wcmsvc/Operational", "Provider_Name": "Microsoft-Windows-Wcmsvc", "Computer": "DESKTOP-OFJ6N53", "TimeCreated": "2023-04-22 12:25:26.330658+00:00", "RecordID": "2778", "Level": "4", "UserID": "S-1-5-19", "EventData.Reason": "3"}
{"EventID": "1006", "Channel": "Microsoft-Windows-Wcmsvc/Operational", "Provider_Name": "Microsoft-Windows-Wcmsvc", "Computer": "DESKTOP-OFJ6N53", "TimeCreated": "2023-04-22 12:25:29.480894+00:00", "RecordID": "2779", "Level": "4", "UserID": "S-1-5-19", "EventData.Reason": "5"}
{"EventID": "1006", "Channel": "Microsoft-Windows-Wcmsvc/Operational", "Provider_Name": "Microsoft-Windows-Wcmsvc", "Computer": "DESKTOP-OFJ6N53", "TimeCreated": "2023-04-22 18:38:17.708759+00:00", "RecordID": "2780", "Level": "4", "UserID": "S-1-5-19", "EventData.Reason": "4"}
{"EventID": "1006", "Channel": "Microsoft-Windows-Wcmsvc/Operational", "Provider_Name": "Microsoft-Windows-Wcmsvc", "Computer": "DESKTOP-OFJ6N53", "TimeCreated": "2023-04-24 11:27:12.137041+00:00", "RecordID": "2781", "Level": "4", "UserID": "S-1-5-19", "EventData.Reason": "3"}
{"EventID": "1006", "Channel": "Microsoft-Windows-Wcmsvc/Operational", "Provider_Name": "Microsoft-Windows-Wcmsvc", "Computer": "DESKTOP-OFJ6N53", "TimeCreated": "2023-04-24 15:55:41.365988+00:00", "RecordID": "2782", "Level": "4", "UserID": "S-1-5-19", "EventData.Reason": "4"}
{"EventID": "1006", "Channel": "Microsoft-Windows-Wcmsvc/Operational", "Provider_Name": "Microsoft-Windows-Wcmsvc", "Computer": "DESKTOP-OFJ6N53", "TimeCreated": "2023-04-24 16:10:36.698515+00:00", "RecordID": "2783", "Level": "4", "UserID": "S-1-5-19", "EventData.Reason": "2"}
{"EventID": "1006", "Channel": "Microsoft-Windows-Wcmsvc/Operational", "Provider_Name": "Microsoft-Windows-Wcmsvc", "Computer": "DESKTOP-OFJ6N53", "TimeCreated": "2023-04-24 16:10:36.953405+00:00", "RecordID": "2784", "Level": "4", "UserID": "S-1-5-19", "EventData.Reason": "1"}
{"EventID": "1006", "Channel": "Microsoft-Windows-Wcmsvc/Operational", "Provider_Name": "Microsoft-Windows-Wcmsvc", "Computer": "DESKTOP-OFJ6N53", "TimeCreated": "2023-04-25 10:36:46.247051+00:00", "RecordID": "2785", "Level": "4", "UserID": "S-1-5-19", "EventData.Reason": "2"}
{"EventID": "1006", "Channel": "Microsoft-Windows-Wcmsvc/Operational", "Provider_Name": "Microsoft-Windows-Wcmsvc", "Computer": "DESKTOP-OFJ6N53", "TimeCreated": "2023-04-25 10:36:49.201473+00:00", "RecordID": "2786", "Level": "4", "UserID": "S-1-5-19", "EventData.Reason": "3"}
{"EventID": "1006", "Channel": "Microsoft-Windows-Wcmsvc/Operational", "Provider_Name": "Microsoft-Windows-Wcmsvc", "Computer": "DESKTOP-OFJ6N53", "TimeCreated": "2023-04-25 10:36:49.564810+00:00", "RecordID": "2787", "Level": "4", "UserID": "S-1-5-19", "EventData.Reason": "1"}
{"EventID": "1006", "Channel": "Microsoft-Windows-Wcmsvc/Operational", "Provider_Name": "Microsoft-Windows-Wcmsvc", "Computer": "DESKTOP-OFJ6N53", "TimeCreated": "2023-04-25 10:37:20.918617+00:00", "RecordID": "2788", "Level": "4", "UserID": "S-1-5-19", "EventData.Reason": "4"}
{"EventID": "1006", "Channel": "Microsoft-Windows-Wcmsvc/Operational", "Provider_Name": "Microsoft-Windows-Wcmsvc", "Computer": "DESKTOP-OFJ6N53", "TimeCreated": "2023-04-25 11:25:00.216022+00:00", "RecordID": "2789", "Level": "4", "UserID": "S-1-5-19", "EventData.Reason": "3"}
{"EventID": "1006", "Channel": "Microsoft-Windows-Wcmsvc/Operational", "Provider_Name": "Microsoft-Windows-Wcmsvc", "Computer": "DESKTOP-OFJ6N53", "TimeCreated": "2023-04-25 11:48:23.353636+00:00", "RecordID": "2790", "Level": "4", "UserID": "S-1-5-19", "EventData.Reason": "4"}
{"EventID": "1006", "Channel": "Microsoft-Windows-Wcmsvc/Operational", "Provider_Name": "Microsoft-Windows-Wcmsvc", "Computer": "DESKTOP-OFJ6N53", "TimeCreated": "2023-04-25 11:48:36.431837+00:00", "RecordID": "2791", "Level": "4", "UserID": "S-1-5-19", "EventData.Reason": "3"}
{"EventID": "1006", "Channel": "Microsoft-Windows-Wcmsvc/Operational", "Provider_Name": "Microsoft-Windows-Wcmsvc", "Computer": "DESKTOP-OFJ6N53", "TimeCreated": "2023-04-25 12:16:37.724413+00:00", "RecordID": "2792", "Level": "4", "UserID": "S-1-5-19", "EventData.Reason": "4"}
{"EventID": "1006", "Channel": "Microsoft-Windows-Wcmsvc/Operational", "Provider_Name": "Microsoft-Windows-Wcmsvc", "Computer": "DESKTOP-OFJ6N53", "TimeCreated": "2023-04-25 12:16:55.522123+00:00", "RecordID": "2793", "Level": "4", "UserID": "S-1-5-19", "EventData.Reason": "3"}
{"EventID": "1006", "Channel": "Microsoft-Windows-Wcmsvc/Operational", "Provider_Name": "Microsoft-Windows-Wcmsvc", "Computer": "DESKTOP-OFJ6N53", "TimeCreated": "2023-04-25 14:45:08.565989+00:00", "RecordID": "2794", "Level": "4", "UserID": "S-1-5-19", "EventData.Reason": "4"}
{"EventID": "1006", "Channel": "Microsoft-Windows-Wcmsvc/Operational", "Provider_Name": "Microsoft-Windows-Wcmsvc", "Computer": "DESKTOP-OFJ6N53", "TimeCreated": "2023-04-25 17:30:18.024914+00:00", "RecordID": "2795", "Level": "4", "UserID": "S-1-5-19", "EventData.Reason": "3"}
{"EventID": "1006", "Channel": "Microsoft-Windows-Wcmsvc/Operational", "Provider_Name": "Microsoft-Windows-Wcmsvc", "Computer": "DESKTOP-OFJ6N53", "TimeCreated": "2023-04-25 19:14:45.683262+00:00", "RecordID": "2796", "Level": "4", "UserID": "S-1-5-19", "EventData.Reason": "4"}
{"EventID": "1006", "Channel": "Microsoft-Windows-Wcmsvc/Operational", "Provider_Name": "Microsoft-Windows-Wcmsvc", "Computer": "DESKTOP-OFJ6N53", "TimeCreated": "2023-04-26 07:02:07.993727+00:00", "RecordID": "2797", "Level": "4", "UserID": "S-1-5-19", "EventData.Reason": "2"}
{"EventID": "1006", "Channel": "Microsoft-Windows-Wcmsvc/Operational", "Provider_Name": "Microsoft-Windows-Wcmsvc", "Computer": "DESKTOP-OFJ6N53", "TimeCreated": "2023-04-26 07:02:08.760954+00:00", "RecordID": "2798", "Level": "4", "UserID": "S-1-5-19", "EventData.Reason": "1"}
{"EventID": "10001", "Channel": "Microsoft-Windows-Wcmsvc/Operational", "Provider_Name": "Microsoft-Windows-Wcmsvc", "Computer": "DESKTOP-OFJ6N53", "TimeCreated": "2023-04-26 10:05:09.688942+00:00", "RecordID": "2799", "Level": "4", "UserID": "S-1-5-19"}
{"EventID": "1026", "Channel": "Microsoft-Windows-Wcmsvc/Operational", "Provider_Name": "Microsoft-Windows-Wcmsvc", "Computer": "DESKTOP-OFJ6N53", "TimeCreated": "2023-04-26 10:05:09.813267+00:00", "RecordID": "2800", "Level": "4", "UserID": "S-1-5-19", "EventData.InterfaceGuid": "{bed2c4be-ec11-4cc8-aafc-f0fd7a5e3a02}", "EventData.MediaType": "1"}
{"EventID": "1009", "Channel": "Microsoft-Windows-Wcmsvc/Operational", "Provider_Name": "Microsoft-Windows-Wcmsvc", "Computer": "DESKTOP-OFJ6N53", "TimeCreated": "2023-04-26 10:05:09.813307+00:00", "RecordID": "2801", "Level": "4", "UserID": "S-1-5-19", "EventData.InterfaceGuid": "{bed2c4be-ec11-4cc8-aafc-f0fd7a5e3a02}", "EventData.MediaType": "1"}
{"EventID": "10002", "Channel": "Microsoft-Windows-Wcmsvc/Operational", "Provider_Name": "Microsoft-Windows-Wcmsvc", "Computer": "DESKTOP-OFJ6N53", "TimeCreated": "2023-04-26 10:05:09.814650+00:00", "RecordID": "2802", "Level": "4", "UserID": "S-1-5-19"}
{"EventID": "1003", "Channel": "Microsoft-Windows-Wcmsvc/Operational", "Provider_Name": "Microsoft-Windows-Wcmsvc", "Computer": "DESKTOP-OFJ6N53", "TimeCreated": "2023-04-26 10:05:09.819866+00:00", "RecordID": "2803", "Level": "4", "UserID": "S-1-5-19", "EventData.Status": "1", "EventData.Name": "2"}
{"EventID": "1003", "Channel": "Microsoft-Windows-Wcmsvc/Operational", "Provider_Name": "Microsoft-Windows-Wcmsvc", "Computer": "DESKTOP-OFJ6N53", "TimeCreated": "2023-04-26 10:05:09.821184+00:00", "RecordID": "2804", "Level": "4", "UserID": "S-1-5-19", "EventData.Status": "1", "EventData.Name": "3"}
{"EventID": "1006", "Channel": "Microsoft-Windows-Wcmsvc/Operational", "Provider_Name": "Microsoft-Windows-Wcmsvc", "Computer": "DESKTOP-OFJ6N53", "TimeCreated": "2023-04-26 10:05:13.332960+00:00", "RecordID": "2805", "Level": "4", "UserID": "S-1-5-19", "EventData.Reason": "1"}
{"EventID": "1006", "Channel": "Microsoft-Windows-Wcmsvc/Operational", "Provider_Name": "Microsoft-Windows-Wcmsvc", "Computer": "DESKTOP-OFJ6N53", "TimeCreated": "2023-04-26 10:05:27.788855+00:00", "RecordID": "2806", "Level": "4", "UserID": "S-1-5-19", "EventData.Reason": "5"}
{"EventID": "1006", "Channel": "Microsoft-Windows-Wcmsvc/Operational", "Provider_Name": "Microsoft-Windows-Wcmsvc", "Computer": "DESKTOP-OFJ6N53", "TimeCreated": "2023-04-26 10:12:26.407690+00:00", "RecordID": "2807", "Level": "4", "UserID": "S-1-5-19", "EventData.Reason": "2"}
{"EventID": "1006", "Channel": "Microsoft-Windows-Wcmsvc/Operational", "Provider_Name": "Microsoft-Windows-Wcmsvc", "Computer": "DESKTOP-OFJ6N53", "TimeCreated": "2023-04-26 10:12:26.748251+00:00", "RecordID": "2808", "Level": "4", "UserID": "S-1-5-19", "EventData.Reason": "1"}
{"EventID": "1006", "Channel": "Microsoft-Windows-Wcmsvc/Operational", "Provider_Name": "Microsoft-Windows-Wcmsvc", "Computer": "DESKTOP-OFJ6N53", "TimeCreated": "2023-04-26 10:12:27.207157+00:00", "RecordID": "2809", "Level": "4", "UserID": "S-1-5-19", "EventData.Reason": "3"}
{"EventID": "1006", "Channel": "Microsoft-Windows-Wcmsvc/Operational", "Provider_Name": "Microsoft-Windows-Wcmsvc", "Computer": "DESKTOP-OFJ6N53", "TimeCreated": "2023-04-26 10:16:04.738827+00:00", "RecordID": "2810", "Level": "4", "UserID": "S-1-5-19", "EventData.Reason": "4"}
{"EventID": "1006", "Channel": "Microsoft-Windows-Wcmsvc/Operational", "Provider_Name": "Microsoft-Windows-Wcmsvc", "Computer": "DESKTOP-OFJ6N53", "TimeCreated": "2023-04-26 10:16:13.507393+00:00", "RecordID": "2811", "Level": "4", "UserID": "S-1-5-19", "EventData.Reason": "3"}
{"EventID": "1006", "Channel": "Microsoft-Windows-Wcmsvc/Operational", "Provider_Name": "Microsoft-Windows-Wcmsvc", "Computer": "DESKTOP-OFJ6N53", "TimeCreated": "2023-04-26 10:19:51.337944+00:00", "RecordID": "2812", "Level": "4", "UserID": "S-1-5-19", "EventData.Reason": "4"}
{"EventID": "1006", "Channel": "Microsoft-Windows-Wcmsvc/Operational", "Provider_Name": "Microsoft-Windows-Wcmsvc", "Computer": "DESKTOP-OFJ6N53", "TimeCreated": "2023-04-26 10:19:55.761911+00:00", "RecordID": "2813", "Level": "4", "UserID": "S-1-5-19", "EventData.Reason": "3"}
{"EventID": "1006", "Channel": "Microsoft-Windows-Wcmsvc/Operational", "Provider_Name": "Microsoft-Windows-Wcmsvc", "Computer": "DESKTOP-OFJ6N53", "TimeCreated": "2023-04-26 10:56:59.233839+00:00", "RecordID": "2814", "Level": "4", "UserID": "S-1-5-19", "EventData.Reason": "4"}
{"EventID": "1006", "Channel": "Microsoft-Windows-Wcmsvc/Operational", "Provider_Name": "Microsoft-Windows-Wcmsvc", "Computer": "DESKTOP-OFJ6N53", "TimeCreated": "2023-04-26 10:58:03.144958+00:00", "RecordID": "2815", "Level": "4", "UserID": "S-1-5-19", "EventData.Reason": "3"}
{"EventID": "1006", "Channel": "Microsoft-Windows-Wcmsvc/Operational", "Provider_Name": "Microsoft-Windows-Wcmsvc", "Computer": "DESKTOP-OFJ6N53", "TimeCreated": "2023-04-26 14:03:51.991997+00:00", "RecordID": "2816", "Level": "4", "UserID": "S-1-5-19", "EventData.Reason": "4"}
{"EventID": "1006", "Channel": "Microsoft-Windows-Wcmsvc/Operational", "Provider_Name": "Microsoft-Windows-Wcmsvc", "Computer": "DESKTOP-OFJ6N53", "TimeCreated": "2023-04-26 14:03:55.767227+00:00", "RecordID": "2817", "Level": "4", "UserID": "S-1-5-19", "EventData.Reason": "3"}
{"EventID": "1006", "Channel": "Microsoft-Windows-Wcmsvc/Operational", "Provider_Name": "Microsoft-Windows-Wcmsvc", "Computer": "DESKTOP-OFJ6N53", "TimeCreated": "2023-04-26 15:44:31.715849+00:00", "RecordID": "2818", "Level": "4", "UserID": "S-1-5-19", "EventData.Reason": "4"}
{"EventID": "1006", "Channel": "Microsoft-Windows-Wcmsvc/Operational", "Provider_Name": "Microsoft-Windows-Wcmsvc", "Computer": "DESKTOP-OFJ6N53", "TimeCreated": "2023-04-27 09:36:29.811880+00:00", "RecordID": "2819", "Level": "4", "UserID": "S-1-5-19", "EventData.Reason": "3"}
{"EventID": "1006", "Channel": "Microsoft-Windows-Wcmsvc/Operational", "Provider_Name": "Microsoft-Windows-Wcmsvc", "Computer": "DESKTOP-OFJ6N53", "TimeCreated": "2023-04-27 21:21:48.004580+00:00", "RecordID": "2820", "Level": "4", "UserID": "S-1-5-19", "EventData.Reason": "4"}
{"EventID": "1006", "Channel": "Microsoft-Windows-Wcmsvc/Operational", "Provider_Name": "Microsoft-Windows-Wcmsvc", "Computer": "DESKTOP-OFJ6N53", "TimeCreated": "2023-04-27 22:28:33.425140+00:00", "RecordID": "2821", "Level": "4", "UserID": "S-1-5-19", "EventData.Reason": "3"}
{"EventID": "1006", "Channel": "Microsoft-Windows-Wcmsvc/Operational", "Provider_Name": "Microsoft-Windows-Wcmsvc", "Computer": "DESKTOP-OFJ6N53", "TimeCreated": "2023-04-28 03:06:29.753962+00:00", "RecordID": "2822", "Level": "4", "UserID": "S-1-5-19", "EventData.Reason": "4"}
{"EventID": "1006", "Channel": "Microsoft-Windows-Wcmsvc/Operational", "Provider_Name": "Microsoft-Windows-Wcmsvc", "Computer": "DESKTOP-OFJ6N53", "TimeCreated": "2023-05-02 09:25:30.864082+00:00", "RecordID": "2823", "Level": "4", "UserID": "S-1-5-19", "EventData.Reason": "3"}
{"EventID": "1006", "Channel": "Microsoft-Windows-Wcmsvc/Operational", "Provider_Name": "Microsoft-Windows-Wcmsvc", "Computer": "DESKTOP-OFJ6N53", "TimeCreated": "2023-05-02 09:28:12.411980+00:00", "RecordID": "2824", "Level": "4", "UserID": "S-1-5-19", "EventData.Reason": "4"}
{"EventID": "1006", "Channel": "Microsoft-Windows-Wcmsvc/Operational", "Provider_Name": "Microsoft-Windows-Wcmsvc", "Computer": "DESKTOP-OFJ6N53", "TimeCreated": "2023-05-02 09:58:35.898151+00:00", "RecordID": "2825", "Level": "4", "UserID": "S-1-5-19", "EventData.Reason": "3"}
{"EventID": "1006", "Channel": "Microsoft-Windows-Wcmsvc/Operational", "Provider_Name": "Microsoft-Windows-Wcmsvc", "Computer": "DESKTOP-OFJ6N53", "TimeCreated": "2023-05-02 10:13:29.700581+00:00", "RecordID": "2826", "Level": "4", "UserID": "S-1-5-19", "EventData.Reason": "4"}
{"EventID": "1006", "Channel": "Microsoft-Windows-Wcmsvc/Operational", "Provider_Name": "Microsoft-Windows-Wcmsvc", "Computer": "DESKTOP-OFJ6N53", "TimeCreated": "2023-05-02 10:14:39.664772+00:00", "RecordID": "2827", "Level": "4", "UserID": "S-1-5-19", "EventData.Reason": "3"}
{"EventID": "1006", "Channel": "Microsoft-Windows-Wcmsvc/Operational", "Provider_Name": "Microsoft-Windows-Wcmsvc", "Computer": "DESKTOP-OFJ6N53", "TimeCreated": "2023-05-02 13:49:52.877037+00:00", "RecordID": "2828", "Level": "4", "UserID": "S-1-5-19", "EventData.Reason": "4"}
{"EventID": "1006", "Channel": "Microsoft-Windows-Wcmsvc/Operational", "Provider_Name": "Microsoft-Windows-Wcmsvc", "Computer": "DESKTOP-OFJ6N53", "TimeCreated": "2023-05-02 13:50:07.687338+00:00", "RecordID": "2829", "Level": "4", "UserID": "S-1-5-19", "EventData.Reason": "3"}
{"EventID": "1006", "Channel": "Microsoft-Windows-Wcmsvc/Operational", "Provider_Name": "Microsoft-Windows-Wcmsvc", "Computer": "DESKTOP-OFJ6N53", "TimeCreated": "2023-05-02 13:57:08.192516+00:00", "RecordID": "2830", "Level": "4", "UserID": "S-1-5-19", "EventData.Reason": "4"}
{"EventID": "1006", "Channel": "Microsoft-Windows-Wcmsvc/Operational", "Provider_Name": "Microsoft-Windows-Wcmsvc", "Computer": "DESKTOP-OFJ6N53", "TimeCreated": "2023-05-02 13:57:11.245214+00:00", "RecordID": "2831", "Level": "4", "UserID": "S-1-5-19", "EventData.Reason": "2"}
{"EventID": "1006", "Channel": "Microsoft-Windows-Wcmsvc/Operational", "Provider_Name": "Microsoft-Windows-Wcmsvc", "Computer": "DESKTOP-OFJ6N53", "TimeCreated": "2023-05-02 13:57:12.632509+00:00", "RecordID": "2832", "Level": "4", "UserID": "S-1-5-19", "EventData.Reason": "1"}
{"EventID": "1006", "Channel": "Microsoft-Windows-Wcmsvc/Operational", "Provider_Name": "Microsoft-Windows-Wcmsvc", "Computer": "DESKTOP-OFJ6N53", "TimeCreated": "2023-05-02 20:26:32.275969+00:00", "RecordID": "2833", "Level": "4", "UserID": "S-1-5-19", "EventData.Reason": "6"}
{"EventID": "10003", "Channel": "Microsoft-Windows-Wcmsvc/Operational", "Provider_Name": "Microsoft-Windows-Wcmsvc", "Computer": "DESKTOP-OFJ6N53", "TimeCreated": "2023-05-02 20:27:02.868061+00:00", "RecordID": "2834", "Level": "4", "UserID": "S-1-5-19"}
{"EventID": "10004", "Channel": "Microsoft-Windows-Wcmsvc/Operational", "Provider_Name": "Microsoft-Windows-Wcmsvc", "Computer": "DESKTOP-OFJ6N53", "TimeCreated": "2023-05-02 20:27:03.568752+00:00", "RecordID": "2835", "Level": "4", "UserID": "S-1-5-19"}
{"EventID": "10001", "Channel": "Microsoft-Windows-Wcmsvc/Operational", "Provider_Name": "Microsoft-Windows-Wcmsvc", "Computer": "DESKTOP-OFJ6N53", "TimeCreated": "2023-05-02 20:28:00.091246+00:00", "RecordID": "2836", "Level": "4", "UserID": "S-1-5-19"}
{"EventID": "1026", "Channel": "Microsoft-Windows-Wcmsvc/Operational", "Provider_Name": "Microsoft-Windows-Wcmsvc", "Computer": "DESKTOP-OFJ6N53", "TimeCreated": "2023-05-02 20:28:00.784079+00:00", "RecordID": "2837", "Level": "4", "UserID": "S-1-5-19", "EventData.InterfaceGuid": "{bed2c4be-ec11-4cc8-aafc-f0fd7a5e3a02}", "EventData.MediaType": "1"}
{"EventID": "1009", "Channel": "Microsoft-Windows-Wcmsvc/Operational", "Provider_Name": "Microsoft-Windows-Wcmsvc", "Computer": "DESKTOP-OFJ6N53", "TimeCreated": "2023-05-02 20:28:00.784349+00:00", "RecordID": "2838", "Level": "4", "UserID": "S-1-5-19", "EventData.InterfaceGuid": "{bed2c4be-ec11-4cc8-aafc-f0fd7a5e3a02}", "EventData.MediaType": "1"}
{"EventID": "1003", "Channel": "Microsoft-Windows-Wcmsvc/Operational", "Provider_Name": "Microsoft-Windows-Wcmsvc", "Computer": "DESKTOP-OFJ6N53", "TimeCreated": "2023-05-02 20:28:00.845810+00:00", "RecordID": "2839", "Level": "4", "UserID": "S-1-5-19", "EventData.Status": "1", "EventData.Name": "2"}
{"EventID": "1003", "Channel": "Microsoft-Windows-Wcmsvc/Operational", "Provider_Name": "Microsoft-Windows-Wcmsvc", "Computer": "DESKTOP-OFJ6N53", "TimeCreated": "2023-05-02 20:28:00.845831+00:00", "RecordID": "2840", "Level": "4", "UserID": "S-1-5-19", "EventData.Status": "1", "EventData.Name": "3"}
{"EventID": "10002", "Channel": "Microsoft-Windows-Wcmsvc/Operational", "Provider_Name": "Microsoft-Windows-Wcmsvc", "Computer": "DESKTOP-OFJ6N53", "TimeCreated": "2023-05-02 20:28:00.867266+00:00", "RecordID": "2841", "Level": "4", "UserID": "S-1-5-19"}
{"EventID": "1006", "Channel": "Microsoft-Windows-Wcmsvc/Operational", "Provider_Name": "Microsoft-Windows-Wcmsvc", "Computer": "DESKTOP-OFJ6N53", "TimeCreated": "2023-05-02 20:28:14.486355+00:00", "RecordID": "2842", "Level": "4", "UserID": "S-1-5-19", "EventData.Reason": "1"}
{"EventID": "1006", "Channel": "Microsoft-Windows-Wcmsvc/Operational", "Provider_Name": "Microsoft-Windows-Wcmsvc", "Computer": "DESKTOP-OFJ6N53", "TimeCreated": "2023-05-02 20:28:24.914442+00:00", "RecordID": "2843", "Level": "4", "UserID": "S-1-5-19", "EventData.Reason": "5"}
{"EventID": "1006", "Channel": "Microsoft-Windows-Wcmsvc/Operational", "Provider_Name": "Microsoft-Windows-Wcmsvc", "Computer": "DESKTOP-OFJ6N53", "TimeCreated": "2023-05-03 08:10:48.574944+00:00", "RecordID": "2844", "Level": "4", "UserID": "S-1-5-19", "EventData.Reason": "2"}
{"EventID": "1006", "Channel": "Microsoft-Windows-Wcmsvc/Operational", "Provider_Name": "Microsoft-Windows-Wcmsvc", "Computer": "DESKTOP-OFJ6N53", "TimeCreated": "2023-05-03 08:10:53.980366+00:00", "RecordID": "2845", "Level": "4", "UserID": "S-1-5-19", "EventData.Reason": "3"}
{"EventID": "1006", "Channel": "Microsoft-Windows-Wcmsvc/Operational", "Provider_Name": "Microsoft-Windows-Wcmsvc", "Computer": "DESKTOP-OFJ6N53", "TimeCreated": "2023-05-03 08:11:00.272739+00:00", "RecordID": "2846", "Level": "4", "UserID": "S-1-5-19", "EventData.Reason": "1"}
{"EventID": "1006", "Channel": "Microsoft-Windows-Wcmsvc/Operational", "Provider_Name": "Microsoft-Windows-Wcmsvc", "Computer": "DESKTOP-OFJ6N53", "TimeCreated": "2023-05-03 08:14:49.514185+00:00", "RecordID": "2847", "Level": "4", "UserID": "S-1-5-19", "EventData.Reason": "6"}
{"EventID": "10003", "Channel": "Microsoft-Windows-Wcmsvc/Operational", "Provider_Name": "Microsoft-Windows-Wcmsvc", "Computer": "DESKTOP-OFJ6N53", "TimeCreated": "2023-05-03 08:14:51.255407+00:00", "RecordID": "2848", "Level": "4", "UserID": "S-1-5-19"}
{"EventID": "10004", "Channel": "Microsoft-Windows-Wcmsvc/Operational", "Provider_Name": "Microsoft-Windows-Wcmsvc", "Computer": "DESKTOP-OFJ6N53", "TimeCreated": "2023-05-03 08:14:52.873058+00:00", "RecordID": "2849", "Level": "4", "UserID": "S-1-5-19"}
{"EventID": "10001", "Channel": "Microsoft-Windows-Wcmsvc/Operational", "Provider_Name": "Microsoft-Windows-Wcmsvc", "Computer": "DESKTOP-OFJ6N53", "TimeCreated": "2023-05-03 08:16:38.036524+00:00", "RecordID": "2850", "Level": "4", "UserID": "S-1-5-19"}
{"EventID": "1026", "Channel": "Microsoft-Windows-Wcmsvc/Operational", "Provider_Name": "Microsoft-Windows-Wcmsvc", "Computer": "DESKTOP-OFJ6N53", "TimeCreated": "2023-05-03 08:16:38.965130+00:00", "RecordID": "2851", "Level": "4", "UserID": "S-1-5-19", "EventData.InterfaceGuid": "{bed2c4be-ec11-4cc8-aafc-f0fd7a5e3a02}", "EventData.MediaType": "1"}
{"EventID": "1009", "Channel": "Microsoft-Windows-Wcmsvc/Operational", "Provider_Name": "Microsoft-Windows-Wcmsvc", "Computer": "DESKTOP-OFJ6N53", "TimeCreated": "2023-05-03 08:16:38.970154+00:00", "RecordID": "2852", "Level": "4", "UserID": "S-1-5-19", "EventData.InterfaceGuid": "{bed2c4be-ec11-4cc8-aafc-f0fd7a5e3a02}", "EventData.MediaType": "1"}
{"EventID": "10002", "Channel": "Microsoft-Windows-Wcmsvc/Operational", "Provider_Name": "Microsoft-Windows-Wcmsvc", "Computer": "DESKTOP-OFJ6N53", "TimeCreated": "2023-05-03 08:16:39.053019+00:00", "RecordID": "2853", "Level": "4", "UserID": "S-1-5-19"}
{"EventID": "1003", "Channel": "Microsoft-Windows-Wcmsvc/Operational", "Provider_Name": "Microsoft-Windows-Wcmsvc", "Computer": "DESKTOP-OFJ6N53", "TimeCreated": "2023-05-03 08:16:39.189211+00:00", "RecordID": "2854", "Level": "4", "UserID": "S-1-5-19", "EventData.Status": "1", "EventData.Name": "2"}
{"EventID": "1003", "Channel": "Microsoft-Windows-Wcmsvc/Operational", "Provider_Name": "Microsoft-Windows-Wcmsvc", "Computer": "DESKTOP-OFJ6N53", "TimeCreated": "2023-05-03 08:16:39.189224+00:00", "RecordID": "2855", "Level": "4", "UserID": "S-1-5-19", "EventData.Status": "1", "EventData.Name": "3"}
{"EventID": "1006", "Channel": "Microsoft-Windows-Wcmsvc/Operational", "Provider_Name": "Microsoft-Windows-Wcmsvc", "Computer": "DESKTOP-OFJ6N53", "TimeCreated": "2023-05-03 08:16:58.924587+00:00", "RecordID": "2856", "Level": "4", "UserID": "S-1-5-19", "EventData.Reason": "5"}
{"EventID": "1006", "Channel": "Microsoft-Windows-Wcmsvc/Operational", "Provider_Name": "Microsoft-Windows-Wcmsvc", "Computer": "DESKTOP-OFJ6N53", "TimeCreated": "2023-05-03 09:53:28.177618+00:00", "RecordID": "2857", "Level": "4", "UserID": "S-1-5-19", "EventData.Reason": "2"}
{"EventID": "1006", "Channel": "Microsoft-Windows-Wcmsvc/Operational", "Provider_Name": "Microsoft-Windows-Wcmsvc", "Computer": "DESKTOP-OFJ6N53", "TimeCreated": "2023-05-03 09:53:33.384871+00:00", "RecordID": "2858", "Level": "4", "UserID": "S-1-5-19", "EventData.Reason": "3"}
{"EventID": "1006", "Channel": "Microsoft-Windows-Wcmsvc/Operational", "Provider_Name": "Microsoft-Windows-Wcmsvc", "Computer": "DESKTOP-OFJ6N53", "TimeCreated": "2023-05-03 09:53:42.220154+00:00", "RecordID": "2859", "Level": "4", "UserID": "S-1-5-19", "EventData.Reason": "1"}
{"EventID": "1006", "Channel": "Microsoft-Windows-Wcmsvc/Operational", "Provider_Name": "Microsoft-Windows-Wcmsvc", "Computer": "DESKTOP-OFJ6N53", "TimeCreated": "2023-05-03 09:59:00.934549+00:00", "RecordID": "2860", "Level": "4", "UserID": "S-1-5-19", "EventData.Reason": "4"}
{"EventID": "1006", "Channel": "Microsoft-Windows-Wcmsvc/Operational", "Provider_Name": "Microsoft-Windows-Wcmsvc", "Computer": "DESKTOP-OFJ6N53", "TimeCreated": "2023-05-03 09:59:17.419127+00:00", "RecordID": "2861", "Level": "4", "UserID": "S-1-5-19", "EventData.Reason": "3"}
{"EventID": "1006", "Channel": "Microsoft-Windows-Wcmsvc/Operational", "Provider_Name": "Microsoft-Windows-Wcmsvc", "Computer": "DESKTOP-OFJ6N53", "TimeCreated": "2023-05-03 10:43:02.865322+00:00", "RecordID": "2862", "Level": "4", "UserID": "S-1-5-19", "EventData.Reason": "4"}
{"EventID": "1006", "Channel": "Microsoft-Windows-Wcmsvc/Operational", "Provider_Name": "Microsoft-Windows-Wcmsvc", "Computer": "DESKTOP-OFJ6N53", "TimeCreated": "2023-05-03 10:53:09.203011+00:00", "RecordID": "2863", "Level": "4", "UserID": "S-1-5-19", "EventData.Reason": "3"}
{"EventID": "1006", "Channel": "Microsoft-Windows-Wcmsvc/Operational", "Provider_Name": "Microsoft-Windows-Wcmsvc", "Computer": "DESKTOP-OFJ6N53", "TimeCreated": "2023-05-03 11:59:23.984051+00:00", "RecordID": "2864", "Level": "4", "UserID": "S-1-5-19", "EventData.Reason": "4"}
{"EventID": "1006", "Channel": "Microsoft-Windows-Wcmsvc/Operational", "Provider_Name": "Microsoft-Windows-Wcmsvc", "Computer": "DESKTOP-OFJ6N53", "TimeCreated": "2023-05-03 11:59:39.300472+00:00", "RecordID": "2865", "Level": "4", "UserID": "S-1-5-19", "EventData.Reason": "3"}
{"EventID": "1006", "Channel": "Microsoft-Windows-Wcmsvc/Operational", "Provider_Name": "Microsoft-Windows-Wcmsvc", "Computer": "DESKTOP-OFJ6N53", "TimeCreated": "2023-05-03 12:19:15.501232+00:00", "RecordID": "2866", "Level": "4", "UserID": "S-1-5-19", "EventData.Reason": "4"}
{"EventID": "1006", "Channel": "Microsoft-Windows-Wcmsvc/Operational", "Provider_Name": "Microsoft-Windows-Wcmsvc", "Computer": "DESKTOP-OFJ6N53", "TimeCreated": "2023-05-03 12:19:32.376730+00:00", "RecordID": "2867", "Level": "4", "UserID": "S-1-5-19", "EventData.Reason": "3"}
{"EventID": "1006", "Channel": "Microsoft-Windows-Wcmsvc/Operational", "Provider_Name": "Microsoft-Windows-Wcmsvc", "Computer": "DESKTOP-OFJ6N53", "TimeCreated": "2023-05-03 12:22:53.525549+00:00", "RecordID": "2868", "Level": "4", "UserID": "S-1-5-19", "EventData.Reason": "4"}
{"EventID": "1006", "Channel": "Microsoft-Windows-Wcmsvc/Operational", "Provider_Name": "Microsoft-Windows-Wcmsvc", "Computer": "DESKTOP-OFJ6N53", "TimeCreated": "2023-05-03 12:23:11.284266+00:00", "RecordID": "2869", "Level": "4", "UserID": "S-1-5-19", "EventData.Reason": "3"}
{"EventID": "1006", "Channel": "Microsoft-Windows-Wcmsvc/Operational", "Provider_Name": "Microsoft-Windows-Wcmsvc", "Computer": "DESKTOP-OFJ6N53", "TimeCreated": "2023-05-03 12:35:23.355736+00:00", "RecordID": "2870", "Level": "4", "UserID": "S-1-5-19", "EventData.Reason": "4"}
{"EventID": "1006", "Channel": "Microsoft-Windows-Wcmsvc/Operational", "Provider_Name": "Microsoft-Windows-Wcmsvc", "Computer": "DESKTOP-OFJ6N53", "TimeCreated": "2023-05-03 12:35:25.994839+00:00", "RecordID": "2871", "Level": "4", "UserID": "S-1-5-19", "EventData.Reason": "3"}
{"EventID": "1006", "Channel": "Microsoft-Windows-Wcmsvc/Operational", "Provider_Name": "Microsoft-Windows-Wcmsvc", "Computer": "DESKTOP-OFJ6N53", "TimeCreated": "2023-05-03 12:40:22.786030+00:00", "RecordID": "2872", "Level": "4", "UserID": "S-1-5-19", "EventData.Reason": "4"}
{"EventID": "1006", "Channel": "Microsoft-Windows-Wcmsvc/Operational", "Provider_Name": "Microsoft-Windows-Wcmsvc", "Computer": "DESKTOP-OFJ6N53", "TimeCreated": "2023-05-04 10:35:11.916079+00:00", "RecordID": "2873", "Level": "4", "UserID": "S-1-5-19", "EventData.Reason": "3"}
{"EventID": "1006", "Channel": "Microsoft-Windows-Wcmsvc/Operational", "Provider_Name": "Microsoft-Windows-Wcmsvc", "Computer": "DESKTOP-OFJ6N53", "TimeCreated": "2023-05-04 10:59:40.517645+00:00", "RecordID": "2874", "Level": "4", "UserID": "S-1-5-19", "EventData.Reason": "4"}
{"EventID": "1006", "Channel": "Microsoft-Windows-Wcmsvc/Operational", "Provider_Name": "Microsoft-Windows-Wcmsvc", "Computer": "DESKTOP-OFJ6N53", "TimeCreated": "2023-05-04 13:17:33.863352+00:00", "RecordID": "2875", "Level": "4", "UserID": "S-1-5-19", "EventData.Reason": "3"}
{"EventID": "1006", "Channel": "Microsoft-Windows-Wcmsvc/Operational", "Provider_Name": "Microsoft-Windows-Wcmsvc", "Computer": "DESKTOP-OFJ6N53", "TimeCreated": "2023-05-04 15:34:02.023815+00:00", "RecordID": "2876", "Level": "4", "UserID": "S-1-5-19", "EventData.Reason": "4"}
{"EventID": "1006", "Channel": "Microsoft-Windows-Wcmsvc/Operational", "Provider_Name": "Microsoft-Windows-Wcmsvc", "Computer": "DESKTOP-OFJ6N53", "TimeCreated": "2023-05-04 15:34:06.421978+00:00", "RecordID": "2877", "Level": "4", "UserID": "S-1-5-19", "EventData.Reason": "3"}
{"EventID": "1006", "Channel": "Microsoft-Windows-Wcmsvc/Operational", "Provider_Name": "Microsoft-Windows-Wcmsvc", "Computer": "DESKTOP-OFJ6N53", "TimeCreated": "2023-05-04 16:31:31.459431+00:00", "RecordID": "2878", "Level": "4", "UserID": "S-1-5-19", "EventData.Reason": "4"}
{"EventID": "1006", "Channel": "Microsoft-Windows-Wcmsvc/Operational", "Provider_Name": "Microsoft-Windows-Wcmsvc", "Computer": "DESKTOP-OFJ6N53", "TimeCreated": "2023-05-09 18:40:06.965242+00:00", "RecordID": "2879", "Level": "4", "UserID": "S-1-5-19", "EventData.Reason": "2"}
{"EventID": "1006", "Channel": "Microsoft-Windows-Wcmsvc/Operational", "Provider_Name": "Microsoft-Windows-Wcmsvc", "Computer": "DESKTOP-OFJ6N53", "TimeCreated": "2023-05-09 18:40:07.644079+00:00", "RecordID": "2880", "Level": "4", "UserID": "S-1-5-19", "EventData.Reason": "1"}
{"EventID": "1006", "Channel": "Microsoft-Windows-Wcmsvc/Operational", "Provider_Name": "Microsoft-Windows-Wcmsvc", "Computer": "DESKTOP-OFJ6N53", "TimeCreated": "2023-05-10 00:44:11.559052+00:00", "RecordID": "2881", "Level": "4", "UserID": "S-1-5-19", "EventData.Reason": "6"}
{"EventID": "10003", "Channel": "Microsoft-Windows-Wcmsvc/Operational", "Provider_Name": "Microsoft-Windows-Wcmsvc", "Computer": "DESKTOP-OFJ6N53", "TimeCreated": "2023-05-10 00:45:14.023808+00:00", "RecordID": "2882", "Level": "4", "UserID": "S-1-5-19"}
{"EventID": "10004", "Channel": "Microsoft-Windows-Wcmsvc/Operational", "Provider_Name": "Microsoft-Windows-Wcmsvc", "Computer": "DESKTOP-OFJ6N53", "TimeCreated": "2023-05-10 00:45:14.297554+00:00", "RecordID": "2883", "Level": "4", "UserID": "S-1-5-19"}
{"EventID": "10001", "Channel": "Microsoft-Windows-Wcmsvc/Operational", "Provider_Name": "Microsoft-Windows-Wcmsvc", "Computer": "DESKTOP-OFJ6N53", "TimeCreated": "2023-05-10 00:45:58.648991+00:00", "RecordID": "2884", "Level": "4", "UserID": "S-1-5-19"}
{"EventID": "1026", "Channel": "Microsoft-Windows-Wcmsvc/Operational", "Provider_Name": "Microsoft-Windows-Wcmsvc", "Computer": "DESKTOP-OFJ6N53", "TimeCreated": "2023-05-10 00:45:58.870918+00:00", "RecordID": "2885", "Level": "4", "UserID": "S-1-5-19", "EventData.InterfaceGuid": "{bed2c4be-ec11-4cc8-aafc-f0fd7a5e3a02}", "EventData.MediaType": "1"}
{"EventID": "1009", "Channel": "Microsoft-Windows-Wcmsvc/Operational", "Provider_Name": "Microsoft-Windows-Wcmsvc", "Computer": "DESKTOP-OFJ6N53", "TimeCreated": "2023-05-10 00:45:58.871199+00:00", "RecordID": "2886", "Level": "4", "UserID": "S-1-5-19", "EventData.InterfaceGuid": "{bed2c4be-ec11-4cc8-aafc-f0fd7a5e3a02}", "EventData.MediaType": "1"}
{"EventID": "10002", "Channel": "Microsoft-Windows-Wcmsvc/Operational", "Provider_Name": "Microsoft-Windows-Wcmsvc", "Computer": "DESKTOP-OFJ6N53", "TimeCreated": "2023-05-10 00:45:58.897545+00:00", "RecordID": "2887", "Level": "4", "UserID": "S-1-5-19"}
{"EventID": "1003", "Channel": "Microsoft-Windows-Wcmsvc/Operational", "Provider_Name": "Microsoft-Windows-Wcmsvc", "Computer": "DESKTOP-OFJ6N53", "TimeCreated": "2023-05-10 00:45:58.907770+00:00", "RecordID": "2888", "Level": "4", "UserID": "S-1-5-19", "EventData.Status": "1", "EventData.Name": "2"}
{"EventID": "1003", "Channel": "Microsoft-Windows-Wcmsvc/Operational", "Provider_Name": "Microsoft-Windows-Wcmsvc", "Computer": "DESKTOP-OFJ6N53", "TimeCreated": "2023-05-10 00:45:58.923235+00:00", "RecordID": "2889", "Level": "4", "UserID": "S-1-5-19", "EventData.Status": "1", "EventData.Name": "3"}
{"EventID": "1006", "Channel": "Microsoft-Windows-Wcmsvc/Operational", "Provider_Name": "Microsoft-Windows-Wcmsvc", "Computer": "DESKTOP-OFJ6N53", "TimeCreated": "2023-05-10 00:46:36.441729+00:00", "RecordID": "2890", "Level": "4", "UserID": "S-1-5-19", "EventData.Reason": "1"}
{"EventID": "1006", "Channel": "Microsoft-Windows-Wcmsvc/Operational", "Provider_Name": "Microsoft-Windows-Wcmsvc", "Computer": "DESKTOP-OFJ6N53", "TimeCreated": "2023-05-10 00:46:37.917360+00:00", "RecordID": "2891", "Level": "4", "UserID": "S-1-5-19", "EventData.Reason": "5"}
{"EventID": "1006", "Channel": "Microsoft-Windows-Wcmsvc/Operational", "Provider_Name": "Microsoft-Windows-Wcmsvc", "Computer": "DESKTOP-OFJ6N53", "TimeCreated": "2023-05-10 09:34:46.580797+00:00", "RecordID": "2892", "Level": "4", "UserID": "S-1-5-19", "EventData.Reason": "2"}
{"EventID": "1006", "Channel": "Microsoft-Windows-Wcmsvc/Operational", "Provider_Name": "Microsoft-Windows-Wcmsvc", "Computer": "DESKTOP-OFJ6N53", "TimeCreated": "2023-05-10 09:34:49.982388+00:00", "RecordID": "2893", "Level": "4", "UserID": "S-1-5-19", "EventData.Reason": "3"}
{"EventID": "1006", "Channel": "Microsoft-Windows-Wcmsvc/Operational", "Provider_Name": "Microsoft-Windows-Wcmsvc", "Computer": "DESKTOP-OFJ6N53", "TimeCreated": "2023-05-10 09:34:53.201799+00:00", "RecordID": "2894", "Level": "4", "UserID": "S-1-5-19", "EventData.Reason": "1"}
{"EventID": "1006", "Channel": "Microsoft-Windows-Wcmsvc/Operational", "Provider_Name": "Microsoft-Windows-Wcmsvc", "Computer": "DESKTOP-OFJ6N53", "TimeCreated": "2023-05-10 12:52:42.217199+00:00", "RecordID": "2895", "Level": "4", "UserID": "S-1-5-19", "EventData.Reason": "4"}
{"EventID": "1006", "Channel": "Microsoft-Windows-Wcmsvc/Operational", "Provider_Name": "Microsoft-Windows-Wcmsvc", "Computer": "DESKTOP-OFJ6N53", "TimeCreated": "2023-05-11 09:53:07.856873+00:00", "RecordID": "2896", "Level": "4", "UserID": "S-1-5-19", "EventData.Reason": "3"}
{"EventID": "1006", "Channel": "Microsoft-Windows-Wcmsvc/Operational", "Provider_Name": "Microsoft-Windows-Wcmsvc", "Computer": "DESKTOP-OFJ6N53", "TimeCreated": "2023-05-11 17:08:53.346640+00:00", "RecordID": "2897", "Level": "4", "UserID": "S-1-5-19", "EventData.Reason": "4"}
{"EventID": "1006", "Channel": "Microsoft-Windows-Wcmsvc/Operational", "Provider_Name": "Microsoft-Windows-Wcmsvc", "Computer": "DESKTOP-OFJ6N53", "TimeCreated": "2023-05-15 08:31:14.588985+00:00", "RecordID": "2898", "Level": "4", "UserID": "S-1-5-19", "EventData.Reason": "2"}
{"EventID": "1006", "Channel": "Microsoft-Windows-Wcmsvc/Operational", "Provider_Name": "Microsoft-Windows-Wcmsvc", "Computer": "DESKTOP-OFJ6N53", "TimeCreated": "2023-05-15 08:31:14.904978+00:00", "RecordID": "2899", "Level": "4", "UserID": "S-1-5-19", "EventData.Reason": "1"}
{"EventID": "1006", "Channel": "Microsoft-Windows-Wcmsvc/Operational", "Provider_Name": "Microsoft-Windows-Wcmsvc", "Computer": "DESKTOP-OFJ6N53", "TimeCreated": "2023-05-15 12:19:12.585392+00:00", "RecordID": "2900", "Level": "4", "UserID": "S-1-5-19", "EventData.Reason": "6"}
{"EventID": "10003", "Channel": "Microsoft-Windows-Wcmsvc/Operational", "Provider_Name": "Microsoft-Windows-Wcmsvc", "Computer": "DESKTOP-OFJ6N53", "TimeCreated": "2023-05-15 12:19:12.928104+00:00", "RecordID": "2901", "Level": "4", "UserID": "S-1-5-19"}
{"EventID": "10004", "Channel": "Microsoft-Windows-Wcmsvc/Operational", "Provider_Name": "Microsoft-Windows-Wcmsvc", "Computer": "DESKTOP-OFJ6N53", "TimeCreated": "2023-05-15 12:19:13.087582+00:00", "RecordID": "2902", "Level": "4", "UserID": "S-1-5-19"}
{"EventID": "10001", "Channel": "Microsoft-Windows-Wcmsvc/Operational", "Provider_Name": "Microsoft-Windows-Wcmsvc", "Computer": "DESKTOP-OFJ6N53", "TimeCreated": "2023-05-15 12:19:45.213675+00:00", "RecordID": "2903", "Level": "4", "UserID": "S-1-5-19"}
{"EventID": "1026", "Channel": "Microsoft-Windows-Wcmsvc/Operational", "Provider_Name": "Microsoft-Windows-Wcmsvc", "Computer": "DESKTOP-OFJ6N53", "TimeCreated": "2023-05-15 12:19:45.453300+00:00", "RecordID": "2904", "Level": "4", "UserID": "S-1-5-19", "EventData.InterfaceGuid": "{bed2c4be-ec11-4cc8-aafc-f0fd7a5e3a02}", "EventData.MediaType": "1"}
{"EventID": "1009", "Channel": "Microsoft-Windows-Wcmsvc/Operational", "Provider_Name": "Microsoft-Windows-Wcmsvc", "Computer": "DESKTOP-OFJ6N53", "TimeCreated": "2023-05-15 12:19:45.453764+00:00", "RecordID": "2905", "Level": "4", "UserID": "S-1-5-19", "EventData.InterfaceGuid": "{bed2c4be-ec11-4cc8-aafc-f0fd7a5e3a02}", "EventData.MediaType": "1"}
{"EventID": "10002", "Channel": "Microsoft-Windows-Wcmsvc/Operational", "Provider_Name": "Microsoft-Windows-Wcmsvc", "Computer": "DESKTOP-OFJ6N53", "TimeCreated": "2023-05-15 12:19:45.487854+00:00", "RecordID": "2906", "Level": "4", "UserID": "S-1-5-19"}
{"EventID": "1003", "Channel": "Microsoft-Windows-Wcmsvc/Operational", "Provider_Name": "Microsoft-Windows-Wcmsvc", "Computer": "DESKTOP-OFJ6N53", "TimeCreated": "2023-05-15 12:19:45.511612+00:00", "RecordID": "2907", "Level": "4", "UserID": "S-1-5-19", "EventData.Status": "1", "EventData.Name": "2"}
{"EventID": "1003", "Channel": "Microsoft-Windows-Wcmsvc/Operational", "Provider_Name": "Microsoft-Windows-Wcmsvc", "Computer": "DESKTOP-OFJ6N53", "TimeCreated": "2023-05-15 12:19:45.526320+00:00", "RecordID": "2908", "Level": "4", "UserID": "S-1-5-19", "EventData.Status": "1", "EventData.Name": "3"}
{"EventID": "1006", "Channel": "Microsoft-Windows-Wcmsvc/Operational", "Provider_Name": "Microsoft-Windows-Wcmsvc", "Computer": "DESKTOP-OFJ6N53", "TimeCreated": "2023-05-15 12:19:49.021584+00:00", "RecordID": "2909", "Level": "4", "UserID": "S-1-5-19", "EventData.Reason": "5"}
{"EventID": "1006", "Channel": "Microsoft-Windows-Wcmsvc/Operational", "Provider_Name": "Microsoft-Windows-Wcmsvc", "Computer": "DESKTOP-OFJ6N53", "TimeCreated": "2023-05-15 12:22:48.380428+00:00", "RecordID": "2910", "Level": "4", "UserID": "S-1-5-19", "EventData.Reason": "2"}
{"EventID": "1006", "Channel": "Microsoft-Windows-Wcmsvc/Operational", "Provider_Name": "Microsoft-Windows-Wcmsvc", "Computer": "DESKTOP-OFJ6N53", "TimeCreated": "2023-05-15 12:22:48.713099+00:00", "RecordID": "2911", "Level": "4", "UserID": "S-1-5-19", "EventData.Reason": "1"}
{"EventID": "1006", "Channel": "Microsoft-Windows-Wcmsvc/Operational", "Provider_Name": "Microsoft-Windows-Wcmsvc", "Computer": "DESKTOP-OFJ6N53", "TimeCreated": "2023-05-15 12:22:49.060785+00:00", "RecordID": "2912", "Level": "4", "UserID": "S-1-5-19", "EventData.Reason": "3"}
{"EventID": "1006", "Channel": "Microsoft-Windows-Wcmsvc/Operational", "Provider_Name": "Microsoft-Windows-Wcmsvc", "Computer": "DESKTOP-OFJ6N53", "TimeCreated": "2023-05-15 15:51:20.559561+00:00", "RecordID": "2913", "Level": "4", "UserID": "S-1-5-19", "EventData.Reason": "4"}
{"EventID": "1006", "Channel": "Microsoft-Windows-Wcmsvc/Operational", "Provider_Name": "Microsoft-Windows-Wcmsvc", "Computer": "DESKTOP-OFJ6N53", "TimeCreated": "2023-05-16 04:20:39.357973+00:00", "RecordID": "2914", "Level": "4", "UserID": "S-1-5-19", "EventData.Reason": "3"}
{"EventID": "1006", "Channel": "Microsoft-Windows-Wcmsvc/Operational", "Provider_Name": "Microsoft-Windows-Wcmsvc", "Computer": "DESKTOP-OFJ6N53", "TimeCreated": "2023-05-16 14:46:51.991863+00:00", "RecordID": "2915", "Level": "4", "UserID": "S-1-5-19", "EventData.Reason": "4"}
{"EventID": "10001", "Channel": "Microsoft-Windows-Wcmsvc/Operational", "Provider_Name": "Microsoft-Windows-Wcmsvc", "Computer": "DESKTOP-OFJ6N53", "TimeCreated": "2023-05-16 14:55:26.076698+00:00", "RecordID": "2916", "Level": "4", "UserID": "S-1-5-19"}
{"EventID": "1026", "Channel": "Microsoft-Windows-Wcmsvc/Operational", "Provider_Name": "Microsoft-Windows-Wcmsvc", "Computer": "DESKTOP-OFJ6N53", "TimeCreated": "2023-05-16 14:55:26.211660+00:00", "RecordID": "2917", "Level": "4", "UserID": "S-1-5-19", "EventData.InterfaceGuid": "{bed2c4be-ec11-4cc8-aafc-f0fd7a5e3a02}", "EventData.MediaType": "1"}
{"EventID": "1009", "Channel": "Microsoft-Windows-Wcmsvc/Operational", "Provider_Name": "Microsoft-Windows-Wcmsvc", "Computer": "DESKTOP-OFJ6N53", "TimeCreated": "2023-05-16 14:55:26.212275+00:00", "RecordID": "2918", "Level": "4", "UserID": "S-1-5-19", "EventData.InterfaceGuid": "{bed2c4be-ec11-4cc8-aafc-f0fd7a5e3a02}", "EventData.MediaType": "1"}
{"EventID": "10002", "Channel": "Microsoft-Windows-Wcmsvc/Operational", "Provider_Name": "Microsoft-Windows-Wcmsvc", "Computer": "DESKTOP-OFJ6N53", "TimeCreated": "2023-05-16 14:55:26.222450+00:00", "RecordID": "2919", "Level": "4", "UserID": "S-1-5-19"}
{"EventID": "1003", "Channel": "Microsoft-Windows-Wcmsvc/Operational", "Provider_Name": "Microsoft-Windows-Wcmsvc", "Computer": "DESKTOP-OFJ6N53", "TimeCreated": "2023-05-16 14:55:26.244621+00:00", "RecordID": "2920", "Level": "4", "UserID": "S-1-5-19", "EventData.Status": "1", "EventData.Name": "2"}
{"EventID": "1003", "Channel": "Microsoft-Windows-Wcmsvc/Operational", "Provider_Name": "Microsoft-Windows-Wcmsvc", "Computer": "DESKTOP-OFJ6N53", "TimeCreated": "2023-05-16 14:55:26.790483+00:00", "RecordID": "2921", "Level": "4", "UserID": "S-1-5-19", "EventData.Status": "1", "EventData.Name": "3"}
{"EventID": "1006", "Channel": "Microsoft-Windows-Wcmsvc/Operational", "Provider_Name": "Microsoft-Windows-Wcmsvc", "Computer": "DESKTOP-OFJ6N53", "TimeCreated": "2023-05-16 14:59:09.496655+00:00", "RecordID": "2922", "Level": "4", "UserID": "S-1-5-19", "EventData.Reason": "3"}
{"EventID": "1006", "Channel": "Microsoft-Windows-Wcmsvc/Operational", "Provider_Name": "Microsoft-Windows-Wcmsvc", "Computer": "DESKTOP-OFJ6N53", "TimeCreated": "2023-05-16 14:59:13.004339+00:00", "RecordID": "2923", "Level": "4", "UserID": "S-1-5-19", "EventData.Reason": "5"}
{"EventID": "1006", "Channel": "Microsoft-Windows-Wcmsvc/Operational", "Provider_Name": "Microsoft-Windows-Wcmsvc", "Computer": "DESKTOP-OFJ6N53", "TimeCreated": "2023-05-16 18:42:02.212881+00:00", "RecordID": "2924", "Level": "4", "UserID": "S-1-5-19", "EventData.Reason": "4"}
{"EventID": "1006", "Channel": "Microsoft-Windows-Wcmsvc/Operational", "Provider_Name": "Microsoft-Windows-Wcmsvc", "Computer": "DESKTOP-OFJ6N53", "TimeCreated": "2023-05-22 08:44:29.677101+00:00", "RecordID": "2925", "Level": "4", "UserID": "S-1-5-19", "EventData.Reason": "3"}
{"EventID": "1006", "Channel": "Microsoft-Windows-Wcmsvc/Operational", "Provider_Name": "Microsoft-Windows-Wcmsvc", "Computer": "DESKTOP-OFJ6N53", "TimeCreated": "2023-05-22 16:35:43.894596+00:00", "RecordID": "2926", "Level": "4", "UserID": "S-1-5-19", "EventData.Reason": "4"}
{"EventID": "1006", "Channel": "Microsoft-Windows-Wcmsvc/Operational", "Provider_Name": "Microsoft-Windows-Wcmsvc", "Computer": "DESKTOP-OFJ6N53", "TimeCreated": "2023-05-23 08:25:00.449320+00:00", "RecordID": "2927", "Level": "4", "UserID": "S-1-5-19", "EventData.Reason": "3"}
{"EventID": "1006", "Channel": "Microsoft-Windows-Wcmsvc/Operational", "Provider_Name": "Microsoft-Windows-Wcmsvc", "Computer": "DESKTOP-OFJ6N53", "TimeCreated": "2023-05-23 15:15:13.582357+00:00", "RecordID": "2928", "Level": "4", "UserID": "S-1-5-19", "EventData.Reason": "4"}
{"EventID": "1006", "Channel": "Microsoft-Windows-Wcmsvc/Operational", "Provider_Name": "Microsoft-Windows-Wcmsvc", "Computer": "DESKTOP-OFJ6N53", "TimeCreated": "2023-05-30 09:25:56.467234+00:00", "RecordID": "2929", "Level": "4", "UserID": "S-1-5-19", "EventData.Reason": "2"}
{"EventID": "1006", "Channel": "Microsoft-Windows-Wcmsvc/Operational", "Provider_Name": "Microsoft-Windows-Wcmsvc", "Computer": "DESKTOP-OFJ6N53", "TimeCreated": "2023-05-30 09:25:59.522295+00:00", "RecordID": "2930", "Level": "4", "UserID": "S-1-5-19", "EventData.Reason": "1"}
