{"EventID": "603", "Channel": "Microsoft-Windows-AppXDeploymentServer/Operational", "Provider_Name": "Microsoft-Windows-AppXDeployment-Server", "Computer": "DESKTOP-OFJ6N53", "TimeCreated": "2025-07-29 20:39:11.816151+00:00", "RecordID": "114839", "Level": "4", "UserID": "S-1-5-21-963789628-1060504924-4285088085-1001", "EventData.DeploymentOperation": "20", "EventData.Path": "Microsoft.WindowsStore_8wekyb3d8bbwe", "EventData.Flags": "67127296", "EventData.FlagsHigh": "262144", "EventData.CallingProcess": "svchost.exe,wuauserv", "EventData.ExternalLocation": null}
{"EventID": "10002", "Channel": "Microsoft-Windows-AppXDeploymentServer/Operational", "Provider_Name": "Microsoft-Windows-AppXDeployment-Server", "Computer": "DESKTOP-OFJ6N53", "TimeCreated": "2025-07-29 20:39:11.843262+00:00", "RecordID": "114840", "Level": "5", "UserID": "S-1-5-18", "EventData.DeploymentOperation": "6", "EventData.MainPackageMoniker": "Microsoft.WindowsStore_22506.1401.9.0_neutral_~_8wekyb3d8bbwe", "EventData.ResiliencyFilePath": "C:\\ProgramData\\Microsoft\\Windows\\AppRepository\\2e226612-e68b-4eb0-9802-1a0b55f6ab31_S-1-5-21-963789628-1060504924-4285088085-1001_5.rslc"}
{"EventID": "607", "Channel": "Microsoft-Windows-AppXDeploymentServer/Operational", "Provider_Name": "Microsoft-Windows-AppXDeployment-Server", "Computer": "DESKTOP-OFJ6N53", "TimeCreated": "2025-07-29 20:39:11.844433+00:00", "RecordID": "114841", "Level": "4", "UserID": "S-1-5-21-963789628-1060504924-4285088085-1001", "EventData.DeploymentOperation": "6", "EventData.PackageFullName": "Microsoft.WindowsStore_22506.1401.9.0_neutral_~_8wekyb3d8bbwe", "EventData.UserSid": "S-1-5-21-963789628-1060504924-4285088085-1001", "EventData.CallingProcess": "svchost.exe,wuauserv"}
{"EventID": "614", "Channel": "Microsoft-Windows-AppXDeploymentServer/Operational", "Provider_Name": "Microsoft-Windows-AppXDeployment-Server", "Computer": "DESKTOP-OFJ6N53", "TimeCreated": "2025-07-29 20:39:11.846439+00:00", "RecordID": "114842", "Level": "5", "UserID": "S-1-5-21-963789628-1060504924-4285088085-1001", "EventData.PathOne": "C:\\Program Files\\WindowsApps\\Microsoft.WindowsStore_22506.1401.9.0_neutral_~_8wekyb3d8bbwe\\AppxMetadata\\AppxBundleManifest.xml", "EventData.PathTwo": "\"StorePackage_22506.1401.9.0_x64.msix\": Microsoft.WindowsStore_22506.1401.9.0_x64__8wekyb3d8bbwe \"StorePackage_22506.1401.9.0_x86.msix\": Microsoft.WindowsStore_22506.1401.9.0_x86__8wekyb3d8bbwe \"StorePackage_22506.1401.9.0_ARM64.msix\": Microsoft.WindowsStore_22506.1401.9.0_arm64__8wekyb3d8bbwe"}
{"EventID": "854", "Channel": "Microsoft-Windows-AppXDeploymentServer/Operational", "Provider_Name": "Microsoft-Windows-AppXDeployment-Server", "Computer": "DESKTOP-OFJ6N53", "TimeCreated": "2025-07-29 20:39:11.850475+00:00", "RecordID": "114843", "Level": "4", "UserID": "S-1-5-21-963789628-1060504924-4285088085-1001", "EventData.Path": "C:\\Program Files\\WindowsApps\\Microsoft.WindowsStore_22506.1401.9.0_neutral_~_8wekyb3d8bbwe\\AppxMetadata\\AppxBundleManifest.xml C:\\Program Files\\WindowsApps\\Microsoft.WindowsStore_22506.1401.9.0_x64__8wekyb3d8bbwe\\AppxManifest.xml"}
{"EventID": "855", "Channel": "Microsoft-Windows-AppXDeploymentServer/Operational", "Provider_Name": "Microsoft-Windows-AppXDeployment-Server", "Computer": "DESKTOP-OFJ6N53", "TimeCreated": "2025-07-29 20:39:11.954803+00:00", "RecordID": "114844", "Level": "4", "UserID": "S-1-5-21-963789628-1060504924-4285088085-1001", "EventData.PackageMoniker": "updateList: Microsoft.WindowsStore_22506.1401.7.0_neutral_~_8wekyb3d8bbwe is updating to Microsoft.WindowsStore_22506.1401.9.0_neutral_~_8wekyb3d8bbwe Microsoft.WindowsStore_22506.1401.7.0_x64__8wekyb3d8bbwe is updating to Microsoft.WindowsStore_22506.1401.9.0_x64__8wekyb3d8bbwe"}
{"EventID": "9645", "Channel": "Microsoft-Windows-AppXDeploymentServer/Operational", "Provider_Name": "Microsoft-Windows-AppXDeployment-Server", "Computer": "DESKTOP-OFJ6N53", "TimeCreated": "2025-07-29 20:39:12.039074+00:00", "RecordID": "114845", "Level": "5", "UserID": "S-1-5-21-963789628-1060504924-4285088085-1001", "EventData.ErrorCode": "0x00000000", "EventData.String": "Microsoft.WindowsStore_22506.1401.7.0_x64__8wekyb3d8bbwe"}
{"EventID": "10000", "Channel": "Microsoft-Windows-AppXDeploymentServer/Operational", "Provider_Name": "Microsoft-Windows-AppXDeployment-Server", "Computer": "DESKTOP-OFJ6N53", "TimeCreated": "2025-07-29 20:39:12.040201+00:00", "RecordID": "114846", "Level": "5", "UserID": "S-1-5-18", "EventData.PackageFullName": "Microsoft.WindowsStore_22506.1401.7.0_x64__8wekyb3d8bbwe", "EventData.ErrorCode": "0x00000000"}
{"EventID": "10000", "Channel": "Microsoft-Windows-AppXDeploymentServer/Operational", "Provider_Name": "Microsoft-Windows-AppXDeployment-Server", "Computer": "DESKTOP-OFJ6N53", "TimeCreated": "2025-07-29 20:39:12.040421+00:00", "RecordID": "114847", "Level": "5", "UserID": "S-1-5-18", "EventData.PackageFullName": "Microsoft.WindowsStore_22506.1401.9.0_x64__8wekyb3d8bbwe", "EventData.ErrorCode": "0x00000000"}
{"EventID": "9645", "Channel": "Microsoft-Windows-AppXDeploymentServer/Operational", "Provider_Name": "Microsoft-Windows-AppXDeployment-Server", "Computer": "DESKTOP-OFJ6N53", "TimeCreated": "2025-07-29 20:39:12.062859+00:00", "RecordID": "114848", "Level": "5", "UserID": "S-1-5-21-963789628-1060504924-4285088085-1001", "EventData.ErrorCode": "0x00000000", "EventData.String": "Microsoft.WindowsStore_22506.1401.7.0_x64__8wekyb3d8bbwe"}
{"EventID": "400", "Channel": "Microsoft-Windows-AppXDeploymentServer/Operational", "Provider_Name": "Microsoft-Windows-AppXDeployment-Server", "Computer": "DESKTOP-OFJ6N53", "TimeCreated": "2025-07-29 20:39:12.076555+00:00", "RecordID": "114849", "Level": "4", "UserID": "S-1-5-18", "EventData.DeploymentOperation": "4", "EventData.PackageFullName": "Microsoft.DesktopAppInstaller_2025.717.1857.0_neutral_~_8wekyb3d8bbwe", "EventData.Path": "(508bfda4dcfb262c40e6f5d8e8811b3f47ee98a2)", "EventData.MountPoint": "C:", "EventData.TargetPlatform": "0x00000000", "EventData.SystemVolume": "True", "EventData.StorageId": "\\\\?\\Volume{c33a8663-71a2-4031-8cec-c21914fe12ad}", "EventData.IsCentennial": "False", "EventData.PackageType": "0x00000008", "EventData.IsPackageEncrypted": "False", "EventData.DeploymentOptions": "0x0100008004000010", "EventData.IsStreamingPackage": "False", "EventData.IsInRelatedSet": "False", "EventData.IsPackageUsingBDC": "False", "EventData.MainPackageFamilyName": "NULL", "EventData.CallingProcess": "svchost.exe,wuauserv", "EventData.IsOptional": "False", "EventData.PackageFlags": "0x00000000", "EventData.PackageFlags2": "0x00000800", "EventData.HasWin32alacarte": "False", "EventData.HasFullTrust": "False", "EventData.ExternalLocation": null, "EventData.PackageSourceUri": "x-windowsupdate://05C4B27B-6E00-4A05-9B94-15C77E54E690/F855810C-9F77-45FF-A0F5-CD0FEAA945C6/508bfda4dcfb262c40e6f5d8e8811b3f47ee98a2"}
{"EventID": "478", "Channel": "Microsoft-Windows-AppXDeploymentServer/Operational", "Provider_Name": "Microsoft-Windows-AppXDeployment-Server", "Computer": "DESKTOP-OFJ6N53", "TimeCreated": "2025-07-29 20:39:12.076723+00:00", "RecordID": "114850", "Level": "5", "UserID": "S-1-5-18", "EventData.DeploymentOperation": "4", "EventData.PackageFullName": "Microsoft.DesktopAppInstaller_1.26.430.0_x64__8wekyb3d8bbwe", "EventData.Path": "(508bfda4dcfb262c40e6f5d8e8811b3f47ee98a2)", "EventData.MountPoint": "C:", "EventData.TargetPlatform": "0x00000000", "EventData.SystemVolume": "True", "EventData.StorageId": "\\\\?\\Volume{c33a8663-71a2-4031-8cec-c21914fe12ad}", "EventData.IsCentennial": "True", "EventData.PackageType": "0x00000001", "EventData.IsPackageEncrypted": "False", "EventData.DeploymentOptions": "0x0100008004000010", "EventData.IsStreamingPackage": "False", "EventData.IsInRelatedSet": "False", "EventData.IsPackageUsingBDC": "False", "EventData.MainPackageFamilyName": "NULL", "EventData.CallingProcess": "svchost.exe,wuauserv", "EventData.IsOptional": "False", "EventData.PackageFlags": "0x0080c04c", "EventData.PackageFlags2": "0x00000800", "EventData.HasWin32alacarte": "False", "EventData.HasFullTrust": "True", "EventData.ExternalLocation": null, "EventData.PackageSourceUri": "x-windowsupdate://05C4B27B-6E00-4A05-9B94-15C77E54E690/F855810C-9F77-45FF-A0F5-CD0FEAA945C6/508bfda4dcfb262c40e6f5d8e8811b3f47ee98a2"}
{"EventID": "649", "Channel": "Microsoft-Windows-AppXDeploymentServer/Operational", "Provider_Name": "Microsoft-Windows-AppXDeployment-Server", "Computer": "DESKTOP-OFJ6N53", "TimeCreated": "2025-07-29 20:39:12.111139+00:00", "RecordID": "114851", "Level": "4", "UserID": "S-1-5-18", "EventData.DeploymentOperation": "4", "EventData.PackageFullName": "Microsoft.DesktopAppInstaller_2025.717.1857.0_neutral_~_8wekyb3d8bbwe", "EventData.Summary": "PostDeploymentOperationCheck cost: 0 ms"}
{"EventID": "613", "Channel": "Microsoft-Windows-AppXDeploymentServer/Operational", "Provider_Name": "Microsoft-Windows-AppXDeployment-Server", "Computer": "DESKTOP-OFJ6N53", "TimeCreated": "2025-07-29 20:39:12.198608+00:00", "RecordID": "114852", "Level": "4", "UserID": "S-1-5-18", "EventData.DeploymentOperation": "4", "EventData.PackageFullName": "Microsoft.DesktopAppInstaller_2025.717.1857.0_neutral_~_8wekyb3d8bbwe", "EventData.Summary": "Overall time: 16547 ms\nEnqueue cost: 2125 ms\nDequeue delay: 0 ms\nBundle processing cost: 2360 ms\nIndexing cost: 718 ms\nResolve dependency cost: 16 ms\nCheck approval cost: 16 ms\nEvaluation cost: 5906 ms\nHardlinking evaluation cost: 141 ms\nStage required cost: 3484 ms\nFlushing and closing files cost: 0 ms\nGap: 266 ms\nMachine register cost: 219 ms\nStage user data cost: 0 ms\nRegistration cost: 0 ms\nGap: 15 ms\nRepository commit transaction cost: 1281 ms\nGap: 47 ms\nData flush cost: 0 ms\nPost DeStage repository commit transaction cost: 0 ms\nRemaining cost: 94 ms"}
{"EventID": "8100", "Channel": "Microsoft-Windows-AppXDeploymentServer/Operational", "Provider_Name": "Microsoft-Windows-AppXDeployment-Server", "Computer": "DESKTOP-OFJ6N53", "TimeCreated": "2025-07-29 20:39:12.284945+00:00", "RecordID": "114853", "Level": "5", "UserID": "S-1-5-18", "EventData.PackageFullName": "Microsoft.WindowsStore_22506.1401.9.0_x64__8wekyb3d8bbwe", "EventData.Flags": "0x00000009"}
{"EventID": "8106", "Channel": "Microsoft-Windows-AppXDeploymentServer/Operational", "Provider_Name": "Microsoft-Windows-AppXDeployment-Server", "Computer": "DESKTOP-OFJ6N53", "TimeCreated": "2025-07-29 20:39:12.286978+00:00", "RecordID": "114854", "Level": "5", "UserID": "S-1-5-18", "EventData.PackageFullName": "Microsoft.WindowsStore_22506.1401.9.0_x64__8wekyb3d8bbwe", "EventData.Flags": "0x00000009"}
{"EventID": "8101", "Channel": "Microsoft-Windows-AppXDeploymentServer/Operational", "Provider_Name": "Microsoft-Windows-AppXDeployment-Server", "Computer": "DESKTOP-OFJ6N53", "TimeCreated": "2025-07-29 20:39:12.286987+00:00", "RecordID": "114855", "Level": "5", "UserID": "S-1-5-18", "EventData.PackageFullName": "Microsoft.WindowsStore_22506.1401.9.0_x64__8wekyb3d8bbwe", "EventData.Flags": "0x00000009"}
{"EventID": "603", "Channel": "Microsoft-Windows-AppXDeploymentServer/Operational", "Provider_Name": "Microsoft-Windows-AppXDeployment-Server", "Computer": "DESKTOP-OFJ6N53", "TimeCreated": "2025-07-29 20:39:13.458229+00:00", "RecordID": "114856", "Level": "4", "UserID": "S-1-5-21-963789628-1060504924-4285088085-1001", "EventData.DeploymentOperation": "20", "EventData.Path": "Microsoft.WindowsStore_8wekyb3d8bbwe", "EventData.Flags": "268435968", "EventData.FlagsHigh": "262144", "EventData.CallingProcess": "svchost.exe,BrokerInfrastructure,DcomLaunch,PlugPlay,Power,SystemEventsBroker", "EventData.ExternalLocation": null}
{"EventID": "5507", "Channel": "Microsoft-Windows-AppXDeploymentServer/Operational", "Provider_Name": "Microsoft-Windows-AppXDeployment-Server", "Computer": "DESKTOP-OFJ6N53", "TimeCreated": "2025-07-29 20:39:13.464722+00:00", "RecordID": "114857", "Level": "5", "UserID": "S-1-5-21-963789628-1060504924-4285088085-1001", "EventData.PackageName": "Microsoft.WindowsStore_22506.1401.9.0_x64__8wekyb3d8bbwe", "EventData.FilePath": "C:\\Program Files\\WindowsApps\\Microsoft.WindowsStore_22506.1401.9.0_x64__8wekyb3d8bbwe\\microsoft.system.package.metadata\\S-1-5-21-963789628-1060504924-4285088085-1001-MergedResources-*.pri", "EventData.Message": "No user-specific merged files found"}
{"EventID": "5507", "Channel": "Microsoft-Windows-AppXDeploymentServer/Operational", "Provider_Name": "Microsoft-Windows-AppXDeployment-Server", "Computer": "DESKTOP-OFJ6N53", "TimeCreated": "2025-07-29 20:39:13.464905+00:00", "RecordID": "114858", "Level": "5", "UserID": "S-1-5-21-963789628-1060504924-4285088085-1001", "EventData.PackageName": "Microsoft.WindowsStore_22506.1401.9.0_x64__8wekyb3d8bbwe", "EventData.FilePath": "C:\\Program Files\\WindowsApps\\Microsoft.WindowsStore_22506.1401.9.0_x64__8wekyb3d8bbwe\\microsoft.system.package.metadata\\Resources.????????.pri", "EventData.Message": "No shared merged files found"}
{"EventID": "5507", "Channel": "Microsoft-Windows-AppXDeploymentServer/Operational", "Provider_Name": "Microsoft-Windows-AppXDeployment-Server", "Computer": "DESKTOP-OFJ6N53", "TimeCreated": "2025-07-29 20:39:13.465048+00:00", "RecordID": "114859", "Level": "5", "UserID": "S-1-5-21-963789628-1060504924-4285088085-1001", "EventData.PackageName": "Microsoft.WindowsStore_22506.1401.9.0_x64__8wekyb3d8bbwe", "EventData.FilePath": "C:\\Program Files\\WindowsApps\\Microsoft.WindowsStore_22506.1401.9.0_x64__8wekyb3d8bbwe\\microsoft.system.package.metadata\\S-1-5-21-963789628-1060504924-4285088085-1001-MergedResources-*.pri", "EventData.Message": "No user-specific merged files found"}
{"EventID": "5507", "Channel": "Microsoft-Windows-AppXDeploymentServer/Operational", "Provider_Name": "Microsoft-Windows-AppXDeployment-Server", "Computer": "DESKTOP-OFJ6N53", "TimeCreated": "2025-07-29 20:39:13.465153+00:00", "RecordID": "114860", "Level": "5", "UserID": "S-1-5-21-963789628-1060504924-4285088085-1001", "EventData.PackageName": "Microsoft.WindowsStore_22506.1401.9.0_x64__8wekyb3d8bbwe", "EventData.FilePath": "C:\\Program Files\\WindowsApps\\Microsoft.WindowsStore_22506.1401.9.0_x64__8wekyb3d8bbwe\\microsoft.system.package.metadata\\Resources.????????.pri", "EventData.Message": "No shared merged files found"}
{"EventID": "821", "Channel": "Microsoft-Windows-AppXDeploymentServer/Operational", "Provider_Name": "Microsoft-Windows-AppXDeployment-Server", "Computer": "DESKTOP-OFJ6N53", "TimeCreated": "2025-07-29 20:39:13.586739+00:00", "RecordID": "114861", "Level": "5", "UserID": "S-1-5-18", "EventData.UserSid": "S-1-5-18", "EventData.MainPackageFullName": "Microsoft.WindowsStore_22506.1401.9.0_neutral_~_8wekyb3d8bbwe", "EventData.ErrorCode": "0x00000000"}
{"EventID": "822", "Channel": "Microsoft-Windows-AppXDeploymentServer/Operational", "Provider_Name": "Microsoft-Windows-AppXDeployment-Server", "Computer": "DESKTOP-OFJ6N53", "TimeCreated": "2025-07-29 20:39:13.591501+00:00", "RecordID": "114862", "Level": "5", "UserID": "S-1-5-18", "EventData.Error": "0x00000000", "EventData.PackageMoniker": "Microsoft.WindowsStore_22506.1401.9.0_neutral_~_8wekyb3d8bbwe"}
{"EventID": "821", "Channel": "Microsoft-Windows-AppXDeploymentServer/Operational", "Provider_Name": "Microsoft-Windows-AppXDeployment-Server", "Computer": "DESKTOP-OFJ6N53", "TimeCreated": "2025-07-29 20:39:13.683098+00:00", "RecordID": "114863", "Level": "5", "UserID": "S-1-5-18", "EventData.UserSid": "S-1-5-21-963789628-1060504924-4285088085-1001", "EventData.MainPackageFullName": "Microsoft.WindowsStore_22506.1401.9.0_neutral_~_8wekyb3d8bbwe", "EventData.ErrorCode": "0x00000000"}
{"EventID": "822", "Channel": "Microsoft-Windows-AppXDeploymentServer/Operational", "Provider_Name": "Microsoft-Windows-AppXDeployment-Server", "Computer": "DESKTOP-OFJ6N53", "TimeCreated": "2025-07-29 20:39:13.688631+00:00", "RecordID": "114864", "Level": "5", "UserID": "S-1-5-18", "EventData.Error": "0x00000000", "EventData.PackageMoniker": "Microsoft.WindowsStore_22506.1401.9.0_neutral_~_8wekyb3d8bbwe"}
{"EventID": "813", "Channel": "Microsoft-Windows-AppXDeploymentServer/Operational", "Provider_Name": "Microsoft-Windows-AppXDeployment-Server", "Computer": "DESKTOP-OFJ6N53", "TimeCreated": "2025-07-29 20:39:13.688860+00:00", "RecordID": "114865", "Level": "5", "UserID": "S-1-5-18", "EventData.PackageMoniker": "Microsoft.WindowsStore_22506.1401.9.0_neutral_~_8wekyb3d8bbwe"}
{"EventID": "10001", "Channel": "Microsoft-Windows-AppXDeploymentServer/Operational", "Provider_Name": "Microsoft-Windows-AppXDeployment-Server", "Computer": "DESKTOP-OFJ6N53", "TimeCreated": "2025-07-29 20:39:15.971003+00:00", "RecordID": "114866", "Level": "5", "UserID": "S-1-5-18", "EventData.PackageFullName": "Microsoft.WindowsStore_22506.1401.7.0_x64__8wekyb3d8bbwe", "EventData.ErrorCode": "0x80070490"}
{"EventID": "10001", "Channel": "Microsoft-Windows-AppXDeploymentServer/Operational", "Provider_Name": "Microsoft-Windows-AppXDeployment-Server", "Computer": "DESKTOP-OFJ6N53", "TimeCreated": "2025-07-29 20:39:15.971247+00:00", "RecordID": "114867", "Level": "5", "UserID": "S-1-5-18", "EventData.PackageFullName": "Microsoft.WindowsStore_22506.1401.9.0_x64__8wekyb3d8bbwe", "EventData.ErrorCode": "0x00000000"}
{"EventID": "10001", "Channel": "Microsoft-Windows-AppXDeploymentServer/Operational", "Provider_Name": "Microsoft-Windows-AppXDeployment-Server", "Computer": "DESKTOP-OFJ6N53", "TimeCreated": "2025-07-29 20:39:15.971653+00:00", "RecordID": "114868", "Level": "5", "UserID": "S-1-5-18", "EventData.PackageFullName": "Microsoft.WindowsStore_22506.1401.9.0_x64__8wekyb3d8bbwe", "EventData.ErrorCode": "0x00000000"}
{"EventID": "10001", "Channel": "Microsoft-Windows-AppXDeploymentServer/Operational", "Provider_Name": "Microsoft-Windows-AppXDeployment-Server", "Computer": "DESKTOP-OFJ6N53", "TimeCreated": "2025-07-29 20:39:15.971792+00:00", "RecordID": "114869", "Level": "5", "UserID": "S-1-5-18", "EventData.PackageFullName": "Microsoft.WindowsStore_22506.1401.9.0_neutral_~_8wekyb3d8bbwe", "EventData.ErrorCode": "0x00000000"}
{"EventID": "10001", "Channel": "Microsoft-Windows-AppXDeploymentServer/Operational", "Provider_Name": "Microsoft-Windows-AppXDeployment-Server", "Computer": "DESKTOP-OFJ6N53", "TimeCreated": "2025-07-29 20:39:15.971916+00:00", "RecordID": "114870", "Level": "5", "UserID": "S-1-5-18", "EventData.PackageFullName": "Microsoft.WindowsStore_22506.1401.9.0_neutral_~_8wekyb3d8bbwe", "EventData.ErrorCode": "0x00000000"}
{"EventID": "10001", "Channel": "Microsoft-Windows-AppXDeploymentServer/Operational", "Provider_Name": "Microsoft-Windows-AppXDeployment-Server", "Computer": "DESKTOP-OFJ6N53", "TimeCreated": "2025-07-29 20:39:15.972042+00:00", "RecordID": "114871", "Level": "5", "UserID": "S-1-5-18", "EventData.PackageFullName": "Microsoft.WindowsStore_22506.1401.9.0_x64__8wekyb3d8bbwe", "EventData.ErrorCode": "0x00000000"}
{"EventID": "10001", "Channel": "Microsoft-Windows-AppXDeploymentServer/Operational", "Provider_Name": "Microsoft-Windows-AppXDeployment-Server", "Computer": "DESKTOP-OFJ6N53", "TimeCreated": "2025-07-29 20:39:15.972158+00:00", "RecordID": "114872", "Level": "5", "UserID": "S-1-5-18", "EventData.PackageFullName": "Microsoft.WindowsStore_22506.1401.9.0_x64__8wekyb3d8bbwe", "EventData.ErrorCode": "0x00000000"}
{"EventID": "400", "Channel": "Microsoft-Windows-AppXDeploymentServer/Operational", "Provider_Name": "Microsoft-Windows-AppXDeployment-Server", "Computer": "DESKTOP-OFJ6N53", "TimeCreated": "2025-07-29 20:39:16.219925+00:00", "RecordID": "114873", "Level": "4", "UserID": "S-1-5-21-963789628-1060504924-4285088085-1001", "EventData.DeploymentOperation": "6", "EventData.PackageFullName": "Microsoft.WindowsStore_22506.1401.9.0_neutral_~_8wekyb3d8bbwe", "EventData.Path": "(AppxBundleManifest.xml)", "EventData.MountPoint": "C:", "EventData.TargetPlatform": "0x00000003", "EventData.SystemVolume": "True", "EventData.StorageId": "\\\\?\\Volume{c33a8663-71a2-4031-8cec-c21914fe12ad}", "EventData.IsCentennial": "False", "EventData.PackageType": "0x00000008", "EventData.IsPackageEncrypted": "False", "EventData.DeploymentOptions": "0x0004000005044800", "EventData.IsStreamingPackage": "False", "EventData.IsInRelatedSet": "False", "EventData.IsPackageUsingBDC": "False", "EventData.MainPackageFamilyName": "NULL", "EventData.CallingProcess": "svchost.exe,wuauserv", "EventData.IsOptional": "False", "EventData.PackageFlags": "0x00000400", "EventData.PackageFlags2": "0x00000800", "EventData.HasWin32alacarte": "False", "EventData.HasFullTrust": "False", "EventData.ExternalLocation": null, "EventData.PackageSourceUri": "x-windowsupdate://22AF2B1C-B894-434F-9F53-A60304C4E34F/64293252-5926-453C-9494-2D4021F1C78D/1f71eb4df5fba052e0c4f88a5736747815b29c13"}
{"EventID": "478", "Channel": "Microsoft-Windows-AppXDeploymentServer/Operational", "Provider_Name": "Microsoft-Windows-AppXDeployment-Server", "Computer": "DESKTOP-OFJ6N53", "TimeCreated": "2025-07-29 20:39:16.220064+00:00", "RecordID": "114874", "Level": "5", "UserID": "S-1-5-21-963789628-1060504924-4285088085-1001", "EventData.DeploymentOperation": "6", "EventData.PackageFullName": "Microsoft.WindowsStore_22506.1401.9.0_x64__8wekyb3d8bbwe", "EventData.Path": "(AppxBundleManifest.xml)", "EventData.MountPoint": "C:", "EventData.TargetPlatform": "0x00000003", "EventData.SystemVolume": "True", "EventData.StorageId": "\\\\?\\Volume{c33a8663-71a2-4031-8cec-c21914fe12ad}", "EventData.IsCentennial": "True", "EventData.PackageType": "0x00000001", "EventData.IsPackageEncrypted": "False", "EventData.DeploymentOptions": "0x0004000005044800", "EventData.IsStreamingPackage": "False", "EventData.IsInRelatedSet": "False", "EventData.IsPackageUsingBDC": "False", "EventData.MainPackageFamilyName": "NULL", "EventData.CallingProcess": "svchost.exe,wuauserv", "EventData.IsOptional": "False", "EventData.PackageFlags": "0x0080804c", "EventData.PackageFlags2": "0x00000800", "EventData.HasWin32alacarte": "False", "EventData.HasFullTrust": "True", "EventData.ExternalLocation": null, "EventData.PackageSourceUri": "x-windowsupdate://22AF2B1C-B894-434F-9F53-A60304C4E34F/64293252-5926-453C-9494-2D4021F1C78D/1f71eb4df5fba052e0c4f88a5736747815b29c13"}
{"EventID": "472", "Channel": "Microsoft-Windows-AppXDeploymentServer/Operational", "Provider_Name": "Microsoft-Windows-AppXDeployment-Server", "Computer": "DESKTOP-OFJ6N53", "TimeCreated": "2025-07-29 20:39:16.229868+00:00", "RecordID": "114875", "Level": "5", "UserID": "S-1-5-18", "EventData.SourceFolderPath": "\\\\?\\C:\\Program Files\\WindowsApps\\Microsoft.WindowsStore_22506.1401.7.0_neutral_~_8wekyb3d8bbwe", "EventData.DestinationFolderPath": "\\\\?\\C:\\Program Files\\WindowsApps\\Deleted\\Microsoft.WindowsStore_22506.1401.7.0_neutral_~_8wekyb3d8bbwe14cf7ecd-f847-4cdf-9346-d17500730bf8", "EventData.ErrorCode": "0x00000000"}
{"EventID": "472", "Channel": "Microsoft-Windows-AppXDeploymentServer/Operational", "Provider_Name": "Microsoft-Windows-AppXDeployment-Server", "Computer": "DESKTOP-OFJ6N53", "TimeCreated": "2025-07-29 20:39:16.240482+00:00", "RecordID": "114876", "Level": "5", "UserID": "S-1-5-18", "EventData.SourceFolderPath": "\\\\?\\C:\\Program Files\\WindowsApps\\Microsoft.WindowsStore_22506.1401.7.0_x64__8wekyb3d8bbwe", "EventData.DestinationFolderPath": "\\\\?\\C:\\Program Files\\WindowsApps\\Deleted\\Microsoft.WindowsStore_22506.1401.7.0_x64__8wekyb3d8bbweff6b4126-d317-4017-bb03-2a6479237c68", "EventData.ErrorCode": "0x00000000"}
{"EventID": "649", "Channel": "Microsoft-Windows-AppXDeploymentServer/Operational", "Provider_Name": "Microsoft-Windows-AppXDeployment-Server", "Computer": "DESKTOP-OFJ6N53", "TimeCreated": "2025-07-29 20:39:16.279137+00:00", "RecordID": "114877", "Level": "4", "UserID": "S-1-5-21-963789628-1060504924-4285088085-1001", "EventData.DeploymentOperation": "6", "EventData.PackageFullName": "Microsoft.WindowsStore_22506.1401.9.0_neutral_~_8wekyb3d8bbwe", "EventData.Summary": "PostDeploymentOperationCheck cost: 0 ms"}
{"EventID": "613", "Channel": "Microsoft-Windows-AppXDeploymentServer/Operational", "Provider_Name": "Microsoft-Windows-AppXDeployment-Server", "Computer": "DESKTOP-OFJ6N53", "TimeCreated": "2025-07-29 20:39:16.300655+00:00", "RecordID": "114878", "Level": "4", "UserID": "S-1-5-21-963789628-1060504924-4285088085-1001", "EventData.DeploymentOperation": "6", "EventData.PackageFullName": "Microsoft.WindowsStore_22506.1401.9.0_neutral_~_8wekyb3d8bbwe", "EventData.Summary": "Overall time: 4485 ms\nGap: 16 ms\nEnqueue cost: 16 ms\nDequeue delay: 0 ms\nBundle processing cost: 15 ms\nIndexing cost: 47 ms\nResolve dependency cost: 47 ms\nGap: 16 ms\nCheck approval cost: 0 ms\nEvaluation cost: 0 ms\nHardlinking evaluation cost: 0 ms\nStage required cost: 15 ms\nFlushing and closing files cost: 0 ms\nMachine register cost: 0 ms\nStage user data cost: 0 ms\nGap: 78 ms\nRegistration cost: 1516 ms\nGap: 1578 ms\nRepository commit transaction cost: 813 ms\nGap: 281 ms\nData flush cost: 31 ms\nPost DeStage repository commit transaction cost: 0 ms\nRemaining cost: 16 ms"}
{"EventID": "471", "Channel": "Microsoft-Windows-AppXDeploymentServer/Operational", "Provider_Name": "Microsoft-Windows-AppXDeployment-Server", "Computer": "DESKTOP-OFJ6N53", "TimeCreated": "2025-07-29 20:39:17.245890+00:00", "RecordID": "114879", "Level": "4", "UserID": "S-1-5-18", "EventData.FilePath": "\\\\?\\C:\\Program Files\\WindowsApps\\Deleted\\Microsoft.WindowsStore_22506.1401.7.0_x64__8wekyb3d8bbweff6b4126-d317-4017-bb03-2a6479237c68\\clrcompression.dll", "EventData.ErrorCode": "0x00000005"}
{"EventID": "471", "Channel": "Microsoft-Windows-AppXDeploymentServer/Operational", "Provider_Name": "Microsoft-Windows-AppXDeployment-Server", "Computer": "DESKTOP-OFJ6N53", "TimeCreated": "2025-07-29 20:39:17.246111+00:00", "RecordID": "114880", "Level": "4", "UserID": "S-1-5-18", "EventData.FilePath": "\\\\?\\C:\\Program Files\\WindowsApps\\Deleted\\Microsoft.WindowsStore_22506.1401.7.0_x64__8wekyb3d8bbweff6b4126-d317-4017-bb03-2a6479237c68\\e_sqlite3.dll", "EventData.ErrorCode": "0x00000005"}
{"EventID": "471", "Channel": "Microsoft-Windows-AppXDeploymentServer/Operational", "Provider_Name": "Microsoft-Windows-AppXDeployment-Server", "Computer": "DESKTOP-OFJ6N53", "TimeCreated": "2025-07-29 20:39:17.247639+00:00", "RecordID": "114881", "Level": "4", "UserID": "S-1-5-18", "EventData.FilePath": "\\\\?\\C:\\Program Files\\WindowsApps\\Deleted\\Microsoft.WindowsStore_22506.1401.7.0_x64__8wekyb3d8bbweff6b4126-d317-4017-bb03-2a6479237c68\\Microsoft.Graphics.Canvas.dll", "EventData.ErrorCode": "0x00000005"}
{"EventID": "493", "Channel": "Microsoft-Windows-AppXDeploymentServer/Operational", "Provider_Name": "Microsoft-Windows-AppXDeployment-Server", "Computer": "DESKTOP-OFJ6N53", "TimeCreated": "2025-07-29 20:39:17.316637+00:00", "RecordID": "114882", "Level": "3", "UserID": "S-1-5-18", "EventData.FilePath": "\\\\?\\C:\\Program Files\\WindowsApps\\Deleted", "EventData.ErrorCount": "1"}
{"EventID": "603", "Channel": "Microsoft-Windows-AppXDeploymentServer/Operational", "Provider_Name": "Microsoft-Windows-AppXDeployment-Server", "Computer": "DESKTOP-OFJ6N53", "TimeCreated": "2025-07-29 20:39:17.585026+00:00", "RecordID": "114883", "Level": "4", "UserID": "S-1-5-21-963789628-1060504924-4285088085-1001", "EventData.DeploymentOperation": "20", "EventData.Path": "Microsoft.DesktopAppInstaller_8wekyb3d8bbwe", "EventData.Flags": "67127296", "EventData.FlagsHigh": "262144", "EventData.CallingProcess": "svchost.exe,wuauserv", "EventData.ExternalLocation": null}
{"EventID": "10002", "Channel": "Microsoft-Windows-AppXDeploymentServer/Operational", "Provider_Name": "Microsoft-Windows-AppXDeployment-Server", "Computer": "DESKTOP-OFJ6N53", "TimeCreated": "2025-07-29 20:39:17.606636+00:00", "RecordID": "114884", "Level": "5", "UserID": "S-1-5-18", "EventData.DeploymentOperation": "6", "EventData.MainPackageMoniker": "Microsoft.DesktopAppInstaller_2025.717.1857.0_neutral_~_8wekyb3d8bbwe", "EventData.ResiliencyFilePath": "C:\\ProgramData\\Microsoft\\Windows\\AppRepository\\2e226612-e68b-4eb0-9802-1a0b55f6ab31_S-1-5-21-963789628-1060504924-4285088085-1001_6.rslc"}
{"EventID": "607", "Channel": "Microsoft-Windows-AppXDeploymentServer/Operational", "Provider_Name": "Microsoft-Windows-AppXDeployment-Server", "Computer": "DESKTOP-OFJ6N53", "TimeCreated": "2025-07-29 20:39:17.607288+00:00", "RecordID": "114885", "Level": "4", "UserID": "S-1-5-21-963789628-1060504924-4285088085-1001", "EventData.DeploymentOperation": "6", "EventData.PackageFullName": "Microsoft.DesktopAppInstaller_2025.717.1857.0_neutral_~_8wekyb3d8bbwe", "EventData.UserSid": "S-1-5-21-963789628-1060504924-4285088085-1001", "EventData.CallingProcess": "svchost.exe,wuauserv"}
{"EventID": "614", "Channel": "Microsoft-Windows-AppXDeploymentServer/Operational", "Provider_Name": "Microsoft-Windows-AppXDeployment-Server", "Computer": "DESKTOP-OFJ6N53", "TimeCreated": "2025-07-29 20:39:17.623358+00:00", "RecordID": "114886", "Level": "5", "UserID": "S-1-5-21-963789628-1060504924-4285088085-1001", "EventData.PathOne": "C:\\Program Files\\WindowsApps\\Microsoft.DesktopAppInstaller_2025.717.1857.0_neutral_~_8wekyb3d8bbwe\\AppxMetadata\\AppxBundleManifest.xml", "EventData.PathTwo": "\"AppxMetadata\\Stub\\AppInstaller_arm64_stub.msix\": Microsoft.DesktopAppInstaller_1.26.429.0_arm64__8wekyb3d8bbwe \"AppxMetadata\\Stub\\AppInstaller_x64_stub.msix\": Microsoft.DesktopAppInstaller_1.26.429.0_x64__8wekyb3d8bbwe \"AppxMetadata\\Stub\\AppInstaller_x86_stub.msix\": Microsoft.DesktopAppInstaller_1.26.429.0_x86__8wekyb3d8bbwe \"AppInstaller_x64.msix\": Microsoft.DesktopAppInstaller_1.26.430.0_x64__8wekyb3d8bbwe \"AppInstaller_x86.msix\": Microsoft.DesktopAppInstaller_1.26.430.0_x86__8wekyb3d8bbwe \"AppInstaller_arm64.msix\": Microsoft.DesktopAppInstaller_1.26.430.0_arm64__8wekyb3d8bbwe \"AppInstaller_language-ja.msix\": Microsoft.DesktopAppInstaller_1.26.430.0_neutral_split.language-ja_8wekyb3d8bbwe \"AppInstaller_language-af.msix\": Microsoft.DesktopAppInstaller_1.26.430.0_neutral_split.language-af_8wekyb3d8bbwe \"AppInstaller_language-am.msix\": Microsoft.DesktopAppInstaller_1.26.430.0_neutral_split.language-am_8wekyb3d8bbwe \"AppInstaller_language-ar.msix\": Microsoft.DesktopAppInstaller_1.26.430.0_neutral_split.language-ar_8wekyb3d8bbwe \"AppInstaller_language-as.msix\": Microsoft.DesktopAppInstaller_1.26.430.0_neutral_split.language-as_8wekyb3d8bbwe \"AppInstaller_language-az-latn.msix\": Microsoft.DesktopAppInstaller_1.26.430.0_neutral_split.language-az-latn_8wekyb3d8bbwe \"AppInstaller_language-bg.msix\": Microsoft.DesktopAppInstaller_1.26.430.0_neutral_split.language-bg_8wekyb3d8bbwe \"AppInstaller_language-bn.msix\": Microsoft.DesktopAppInstaller_1.26.430.0_neutral_split.language-bn_8wekyb3d8bbwe \"AppInstaller_language-bs.msix\": Microsoft.DesktopAppInstaller_1.26.430.0_neutral_split.language-bs_8wekyb3d8bbwe \"AppInstaller_language-ca.msix\": Microsoft.DesktopAppInstaller_1.26.430.0_neutral_split.language-ca_8wekyb3d8bbwe \"AppInstaller_language-cs.msix\": Microsoft.DesktopAppInstaller_1.26.430.0_neutral_split.language-cs_8wekyb3d8bbwe \"AppInstaller_language-cy.msix\": Microsoft.DesktopAppInstaller_1.26.430.0_neutral_split.language-cy_8wekyb3d8bbwe \"AppInstaller_language-da.msix\": Microsoft.DesktopAppInstaller_1.26.430.0_neutral_split.language-da_8wekyb3d8bbwe \"AppInstaller_language-is.msix\": Microsoft.DesktopAppInstaller_1.26.430.0_neutral_split.language-is_8wekyb3d8bbwe \"AppInstaller_language-el.msix\": Microsoft.DesktopAppInstaller_1.26.430.0_neutral_split.language-el_8wekyb3d8bbwe \"AppInstaller_language-es.msix\": Microsoft.DesktopAppInstaller_1.26.430.0_neutral_split.language-es_8wekyb3d8bbwe \"AppInstaller_language-et.msix\": Microsoft.DesktopAppInstaller_1.26.430.0_neutral_split.language-et_8wekyb3d8bbwe \"AppInstaller_language-eu.msix\": Microsoft.DesktopAppInstaller_1.26.430.0_neutral_split.language-eu_8wekyb3d8bbwe \"AppInstaller_language-fa.msix\": Microsoft.DesktopAppInstaller_1.26.430.0_neutral_split.language-fa_8wekyb3d8bbwe \"AppInstaller_language-fi.msix\": Microsoft.DesktopAppInstaller_1.26.430.0_neutral_split.language-fi_8wekyb3d8bbwe \"AppInstaller_language-fil-latn.msix\": Microsoft.DesktopAppInstaller_1.26.430.0_neutral_split.language-fil-latn_8wekyb3d8bbwe \"AppInstaller_language-fr.msix\": Microsoft.DesktopAppInstaller_1.26.430.0_neutral_split.language-fr_8wekyb3d8bbwe \"AppInstaller_language-ga.msix\": Microsoft.DesktopAppInstaller_1.26.430.0_neutral_split.language-ga_8wekyb3d8bbwe \"AppInstaller_language-gd-latn.msix\": Microsoft.DesktopAppInstaller_1.26.430.0_neutral_split.language-gd-latn_8wekyb3d8bbwe \"AppInstaller_language-gl.msix\": Microsoft.DesktopAppInstaller_1.26.430.0_neutral_split.language-gl_8wekyb3d8bbwe \"AppInstaller_language-gu.msix\": Microsoft.DesktopAppInstaller_1.26.430.0_neutral_split.language-gu_8wekyb3d8bbwe \"AppInstaller_language-he.msix\": Microsoft.DesktopAppInstaller_1.26.430.0_neutral_split.language-he_8wekyb3d8bbwe \"AppInstaller_language-hi.msix\": Microsoft.DesktopAppInstaller_1.26.430.0_neutral_split.language-hi_8wekyb3d8bbwe \"AppInstaller_language-id.msix\": Microsoft.DesktopAppInstaller_1.26.430.0_neutral_split.language-id_8wekyb3d8bbwe \"AppInstaller_language-hu.msix\": Microsoft.DesktopAppInstaller_1.26.430.0_neutral_split.language-hu_8wekyb3d8bbwe \"AppInstaller_language-hy.msix\": Microsoft.DesktopAppInstaller_1.26.430.0_neutral_split.language-hy_8wekyb3d8bbwe \"AppInstaller_language-ka.msix\": Microsoft.DesktopAppInstaller_1.26.430.0_neutral_split.language-ka_8wekyb3d8bbwe \"AppInstaller_language-lo.msix\": Microsoft.DesktopAppInstaller_1.26.430.0_neutral_split.language-lo_8wekyb3d8bbwe \"AppInstaller_language-lt.msix\": Microsoft.DesktopAppInstaller_1.26.430.0_neutral_split.language-lt_8wekyb3d8bbwe \"AppInstaller_language-mi-latn.msix\": Microsoft.DesktopAppInstaller_1.26.430.0_neutral_split.language-mi-latn_8wekyb3d8bbwe \"AppInstaller_language-hr.msix\": Microsoft.DesktopAppInstaller_1.26.430.0_neutral_split.language-hr_8wekyb3d8bbwe \"AppInstaller_language-kk.msix\": Microsoft.DesktopAppInstaller_1.26.430.0_neutral_split.language-kk_8wekyb3d8bbwe \"AppInstaller_language-km.msix\": Microsoft.DesktopAppInstaller_1.26.430.0_neutral_split.language-km_8wekyb3d8bbwe \"AppInstaller_language-kn.msix\": Microsoft.DesktopAppInstaller_1.26.430.0_neutral_split.language-kn_8wekyb3d8bbwe \"AppInstaller_language-sv.msix\": Microsoft.DesktopAppInstaller_1.26.430.0_neutral_split.language-sv_8wekyb3d8bbwe \"AppInstaller_language-kok.msix\": Microsoft.DesktopAppInstaller_1.26.430.0_neutral_split.language-kok_8wekyb3d8bbwe \"AppInstaller_language-lb.msix\": Microsoft.DesktopAppInstaller_1.26.430.0_neutral_split.language-lb_8wekyb3d8bbwe \"AppInstaller_language-it.msix\": Microsoft.DesktopAppInstaller_1.26.430.0_neutral_split.language-it_8wekyb3d8bbwe \"AppInstaller_language-lv.msix\": Microsoft.DesktopAppInstaller_1.26.430.0_neutral_split.language-lv_8wekyb3d8bbwe \"AppInstaller_language-zh-hans.msix\": Microsoft.DesktopAppInstaller_1.26.430.0_neutral_split.language-zh-hans_8wekyb3d8bbwe \"AppInstaller_language-zh-hant.msix\": Microsoft.DesktopAppInstaller_1.26.430.0_neutral_split.language-zh-hant_8wekyb3d8bbwe \"AppInstaller_language-mk.msix\": Microsoft.DesktopAppInstaller_1.26.430.0_neutral_split.language-mk_8wekyb3d8bbwe \"AppInstaller_language-ml.msix\": Microsoft.DesktopAppInstaller_1.26.430.0_neutral_split.language-ml_8wekyb3d8bbwe \"AppInstaller_language-mr.msix\": Microsoft.DesktopAppInstaller_1.26.430.0_neutral_split.language-mr_8wekyb3d8bbwe \"AppInstaller_language-ms.msix\": Microsoft.DesktopAppInstaller_1.26.430.0_neutral_split.language-ms_8wekyb3d8bbwe \"AppInstaller_language-mt.msix\": Microsoft.DesktopAppInstaller_1.26.430.0_neutral_split.language-mt_8wekyb3d8bbwe \"AppInstaller_language-nb.msix\": Microsoft.DesktopAppInstaller_1.26.430.0_neutral_split.language-nb_8wekyb3d8bbwe \"AppInstaller_language-ne.msix\": Microsoft.DesktopAppInstaller_1.26.430.0_neutral_split.language-ne_8wekyb3d8bbwe \"AppInstaller_language-nl.msix\": Microsoft.DesktopAppInstaller_1.26.430.0_neutral_split.language-nl_8wekyb3d8bbwe \"AppInstaller_language-nn.msix\": Microsoft.DesktopAppInstaller_1.26.430.0_neutral_split.language-nn_8wekyb3d8bbwe \"AppInstaller_language-or.msix\": Microsoft.DesktopAppInstaller_1.26.430.0_neutral_split.language-or_8wekyb3d8bbwe \"AppInstaller_language-pa.msix\": Microsoft.DesktopAppInstaller_1.26.430.0_neutral_split.language-pa_8wekyb3d8bbwe \"AppInstaller_language-pl.msix\": Microsoft.DesktopAppInstaller_1.26.430.0_neutral_split.language-pl_8wekyb3d8bbwe \"AppInstaller_language-pt.msix\": Microsoft.DesktopAppInstaller_1.26.430.0_neutral_split.language-pt_8wekyb3d8bbwe \"AppInstaller_language-quz-latn.msix\": Microsoft.DesktopAppInstaller_1.26.430.0_neutral_split.language-quz-latn_8wekyb3d8bbwe \"AppInstaller_language-ro.msix\": Microsoft.DesktopAppInstaller_1.26.430.0_neutral_split.language-ro_8wekyb3d8bbwe \"AppInstaller_language-ru.msix\": Microsoft.DesktopAppInstaller_1.26.430.0_neutral_split.language-ru_8wekyb3d8bbwe \"AppInstaller_language-sk.msix\": Microsoft.DesktopAppInstaller_1.26.430.0_neutral_split.language-sk_8wekyb3d8bbwe \"AppInstaller_language-vi.msix\": Microsoft.DesktopAppInstaller_1.26.430.0_neutral_split.language-vi_8wekyb3d8bbwe \"AppInstaller_language-sq.msix\": Microsoft.DesktopAppInstaller_1.26.430.0_neutral_split.language-sq_8wekyb3d8bbwe \"AppInstaller_language-sr-cyrl.msix\": Microsoft.DesktopAppInstaller_1.26.430.0_neutral_split.language-sr-cyrl_8wekyb3d8bbwe \"AppInstaller_language-sr-latn.msix\": Microsoft.DesktopAppInstaller_1.26.430.0_neutral_split.language-sr-latn_8wekyb3d8bbwe \"AppInstaller_language-ko.msix\": Microsoft.DesktopAppInstaller_1.26.430.0_neutral_split.language-ko_8wekyb3d8bbwe \"AppInstaller_language-ta.msix\": Microsoft.DesktopAppInstaller_1.26.430.0_neutral_split.language-ta_8wekyb3d8bbwe \"AppInstaller_language-te.msix\": Microsoft.DesktopAppInstaller_1.26.430.0_neutral_split.language-te_8wekyb3d8bbwe \"AppInstaller_language-th.msix\": Microsoft.DesktopAppInstaller_1.26.430.0_neutral_split.language-th_8wekyb3d8bbwe \"AppInstaller_language-tr.msix\": Microsoft.DesktopAppInstaller_1.26.430.0_neutral_split.language-tr_8wekyb3d8bbwe \"AppInstaller_language-tt-cyrl.msix\": Microsoft.DesktopAppInstaller_1.26.430.0_neutral_split.language-tt-cyrl_8wekyb3d8bbwe \"AppInstaller_language-ug-arab.msix\": Microsoft.DesktopAppInstaller_1.26.430.0_neutral_split.language-ug-arab_8wekyb3d8bbwe \"AppInstaller_language-uk.msix\": Microsoft.DesktopAppInstaller_1.26.430.0_neutral_split.language-uk_8wekyb3d8bbwe \"AppInstaller_language-ur.msix\": Microsoft.DesktopAppInstaller_1.26.430.0_neutral_split.language-ur_8wekyb3d8bbwe \"AppInstaller_language-uz-latn.msix\": Microsoft.DesktopAppInstaller_1.26.430.0_neutral_split.language-uz-latn_8wekyb3d8bbwe \"AppInstaller_language-sl.msix\": Microsoft.DesktopAppInstaller_1.26.430.0_neutral_split.language-sl_8wekyb3d8bbwe \"AppInstaller_language-de.msix\": Microsoft.DesktopAppInstaller_1.26.430.0_neutral_split.language-de_8wekyb3d8bbwe \"AppInstaller_scale-400.msix\": Microsoft.DesktopAppInstaller_1.26.430.0_neutral_split.scale-400_8wekyb3d8bbwe \"AppInstaller_scale-100.msix\": Microsoft.DesktopAppInstaller_1.26.430.0_neutral_split.scale-100_8wekyb3d8bbwe \"AppInstaller_scale-125.msix\": Microsoft.DesktopAppInstaller_1.26.430.0_neutral_split.scale-125_8wekyb3d8bbwe \"AppInstaller_scale-150.msix\": Microsoft.DesktopAppInstaller_1.26.430.0_neutral_split.scale-150_8wekyb3d8bbwe"}
{"EventID": "854", "Channel": "Microsoft-Windows-AppXDeploymentServer/Operational", "Provider_Name": "Microsoft-Windows-AppXDeployment-Server", "Computer": "DESKTOP-OFJ6N53", "TimeCreated": "2025-07-29 20:39:17.639294+00:00", "RecordID": "114887", "Level": "4", "UserID": "S-1-5-21-963789628-1060504924-4285088085-1001", "EventData.Path": "C:\\Program Files\\WindowsApps\\Microsoft.DesktopAppInstaller_2025.717.1857.0_neutral_~_8wekyb3d8bbwe\\AppxMetadata\\AppxBundleManifest.xml C:\\Program Files\\WindowsApps\\Microsoft.DesktopAppInstaller_1.26.430.0_x64__8wekyb3d8bbwe\\AppxManifest.xml C:\\Program Files\\WindowsApps\\Microsoft.DesktopAppInstaller_1.26.430.0_neutral_split.language-ru_8wekyb3d8bbwe\\AppxManifest.xml C:\\Program Files\\WindowsApps\\Microsoft.DesktopAppInstaller_1.26.430.0_neutral_split.scale-125_8wekyb3d8bbwe\\AppxManifest.xml C:\\Program Files\\WindowsApps\\Microsoft.DesktopAppInstaller_1.26.430.0_neutral_split.scale-100_8wekyb3d8bbwe\\AppxManifest.xml"}
{"EventID": "855", "Channel": "Microsoft-Windows-AppXDeploymentServer/Operational", "Provider_Name": "Microsoft-Windows-AppXDeployment-Server", "Computer": "DESKTOP-OFJ6N53", "TimeCreated": "2025-07-29 20:39:17.750044+00:00", "RecordID": "114888", "Level": "4", "UserID": "S-1-5-21-963789628-1060504924-4285088085-1001", "EventData.PackageMoniker": "updateList: Microsoft.DesktopAppInstaller_2025.617.2222.0_neutral_~_8wekyb3d8bbwe is updating to Microsoft.DesktopAppInstaller_2025.717.1857.0_neutral_~_8wekyb3d8bbwe Microsoft.DesktopAppInstaller_1.26.400.0_x64__8wekyb3d8bbwe is updating to Microsoft.DesktopAppInstaller_1.26.430.0_x64__8wekyb3d8bbwe Microsoft.DesktopAppInstaller_1.26.400.0_neutral_split.language-ru_8wekyb3d8bbwe is updating to Microsoft.DesktopAppInstaller_1.26.430.0_neutral_split.language-ru_8wekyb3d8bbwe Microsoft.DesktopAppInstaller_1.26.400.0_neutral_split.scale-125_8wekyb3d8bbwe is updating to Microsoft.DesktopAppInstaller_1.26.430.0_neutral_split.scale-125_8wekyb3d8bbwe Microsoft.DesktopAppInstaller_1.26.400.0_neutral_split.scale-100_8wekyb3d8bbwe is updating to Microsoft.DesktopAppInstaller_1.26.430.0_neutral_split.scale-100_8wekyb3d8bbwe"}
{"EventID": "9645", "Channel": "Microsoft-Windows-AppXDeploymentServer/Operational", "Provider_Name": "Microsoft-Windows-AppXDeployment-Server", "Computer": "DESKTOP-OFJ6N53", "TimeCreated": "2025-07-29 20:39:17.827171+00:00", "RecordID": "114889", "Level": "5", "UserID": "S-1-5-21-963789628-1060504924-4285088085-1001", "EventData.ErrorCode": "0x00000000", "EventData.String": "Microsoft.DesktopAppInstaller_1.26.400.0_x64__8wekyb3d8bbwe"}
{"EventID": "10000", "Channel": "Microsoft-Windows-AppXDeploymentServer/Operational", "Provider_Name": "Microsoft-Windows-AppXDeployment-Server", "Computer": "DESKTOP-OFJ6N53", "TimeCreated": "2025-07-29 20:39:17.828505+00:00", "RecordID": "114890", "Level": "5", "UserID": "S-1-5-18", "EventData.PackageFullName": "Microsoft.DesktopAppInstaller_1.26.400.0_x64__8wekyb3d8bbwe", "EventData.ErrorCode": "0x00000000"}
{"EventID": "10000", "Channel": "Microsoft-Windows-AppXDeploymentServer/Operational", "Provider_Name": "Microsoft-Windows-AppXDeployment-Server", "Computer": "DESKTOP-OFJ6N53", "TimeCreated": "2025-07-29 20:39:17.828766+00:00", "RecordID": "114891", "Level": "5", "UserID": "S-1-5-18", "EventData.PackageFullName": "Microsoft.DesktopAppInstaller_1.26.430.0_x64__8wekyb3d8bbwe", "EventData.ErrorCode": "0x00000000"}
{"EventID": "9645", "Channel": "Microsoft-Windows-AppXDeploymentServer/Operational", "Provider_Name": "Microsoft-Windows-AppXDeployment-Server", "Computer": "DESKTOP-OFJ6N53", "TimeCreated": "2025-07-29 20:39:17.847158+00:00", "RecordID": "114892", "Level": "5", "UserID": "S-1-5-21-963789628-1060504924-4285088085-1001", "EventData.ErrorCode": "0x00000000", "EventData.String": "Microsoft.DesktopAppInstaller_1.26.400.0_x64__8wekyb3d8bbwe"}
{"EventID": "5506", "Channel": "Microsoft-Windows-AppXDeploymentServer/Operational", "Provider_Name": "Microsoft-Windows-AppXDeployment-Server", "Computer": "DESKTOP-OFJ6N53", "TimeCreated": "2025-07-29 20:39:18.166327+00:00", "RecordID": "114893", "Level": "5", "UserID": "S-1-5-18", "EventData.PackageName": "Microsoft.DesktopAppInstaller_1.26.430.0_x64__8wekyb3d8bbwe", "EventData.FilePath": "C:\\Program Files\\WindowsApps\\Microsoft.DesktopAppInstaller_1.26.430.0_x64__8wekyb3d8bbwe\\microsoft.system.package.metadata\\resources.a9028bf6.pri", "EventData.Message": "Created shared merged PRI file"}
{"EventID": "5505", "Channel": "Microsoft-Windows-AppXDeploymentServer/Operational", "Provider_Name": "Microsoft-Windows-AppXDeployment-Server", "Computer": "DESKTOP-OFJ6N53", "TimeCreated": "2025-07-29 20:39:18.166943+00:00", "RecordID": "114894", "Level": "5", "UserID": "S-1-5-18", "EventData.PackageName": "Microsoft.DesktopAppInstaller_1.26.430.0_x64__8wekyb3d8bbwe", "EventData.FilePath": "C:\\Program Files\\WindowsApps\\Microsoft.DesktopAppInstaller_1.26.430.0_x64__8wekyb3d8bbwe\\microsoft.system.package.metadata\\S-1-5-21-963789628-1060504924-4285088085-1001-MergedResources-38.pri", "EventData.Message": "Linked user-specific merged PRI file"}
{"EventID": "8100", "Channel": "Microsoft-Windows-AppXDeploymentServer/Operational", "Provider_Name": "Microsoft-Windows-AppXDeployment-Server", "Computer": "DESKTOP-OFJ6N53", "TimeCreated": "2025-07-29 20:39:18.330229+00:00", "RecordID": "114895", "Level": "5", "UserID": "S-1-5-18", "EventData.PackageFullName": "Microsoft.DesktopAppInstaller_1.26.430.0_x64__8wekyb3d8bbwe", "EventData.Flags": "0x00000009"}
{"EventID": "8106", "Channel": "Microsoft-Windows-AppXDeploymentServer/Operational", "Provider_Name": "Microsoft-Windows-AppXDeployment-Server", "Computer": "DESKTOP-OFJ6N53", "TimeCreated": "2025-07-29 20:39:18.332211+00:00", "RecordID": "114896", "Level": "5", "UserID": "S-1-5-18", "EventData.PackageFullName": "Microsoft.DesktopAppInstaller_1.26.430.0_x64__8wekyb3d8bbwe", "EventData.Flags": "0x00000009"}
{"EventID": "8101", "Channel": "Microsoft-Windows-AppXDeploymentServer/Operational", "Provider_Name": "Microsoft-Windows-AppXDeployment-Server", "Computer": "DESKTOP-OFJ6N53", "TimeCreated": "2025-07-29 20:39:18.332222+00:00", "RecordID": "114897", "Level": "5", "UserID": "S-1-5-18", "EventData.PackageFullName": "Microsoft.DesktopAppInstaller_1.26.430.0_x64__8wekyb3d8bbwe", "EventData.Flags": "0x00000009"}
{"EventID": "8100", "Channel": "Microsoft-Windows-AppXDeploymentServer/Operational", "Provider_Name": "Microsoft-Windows-AppXDeployment-Server", "Computer": "DESKTOP-OFJ6N53", "TimeCreated": "2025-07-29 20:39:18.332226+00:00", "RecordID": "114898", "Level": "5", "UserID": "S-1-5-18", "EventData.PackageFullName": "Microsoft.DesktopAppInstaller_1.26.430.0_neutral_split.language-ru_8wekyb3d8bbwe", "EventData.Flags": "0x00000009"}
{"EventID": "8106", "Channel": "Microsoft-Windows-AppXDeploymentServer/Operational", "Provider_Name": "Microsoft-Windows-AppXDeployment-Server", "Computer": "DESKTOP-OFJ6N53", "TimeCreated": "2025-07-29 20:39:18.333933+00:00", "RecordID": "114899", "Level": "5", "UserID": "S-1-5-18", "EventData.PackageFullName": "Microsoft.DesktopAppInstaller_1.26.430.0_neutral_split.language-ru_8wekyb3d8bbwe", "EventData.Flags": "0x00000009"}
{"EventID": "8101", "Channel": "Microsoft-Windows-AppXDeploymentServer/Operational", "Provider_Name": "Microsoft-Windows-AppXDeployment-Server", "Computer": "DESKTOP-OFJ6N53", "TimeCreated": "2025-07-29 20:39:18.333944+00:00", "RecordID": "114900", "Level": "5", "UserID": "S-1-5-18", "EventData.PackageFullName": "Microsoft.DesktopAppInstaller_1.26.430.0_neutral_split.language-ru_8wekyb3d8bbwe", "EventData.Flags": "0x00000009"}
{"EventID": "8100", "Channel": "Microsoft-Windows-AppXDeploymentServer/Operational", "Provider_Name": "Microsoft-Windows-AppXDeployment-Server", "Computer": "DESKTOP-OFJ6N53", "TimeCreated": "2025-07-29 20:39:18.333950+00:00", "RecordID": "114901", "Level": "5", "UserID": "S-1-5-18", "EventData.PackageFullName": "Microsoft.DesktopAppInstaller_1.26.430.0_neutral_split.scale-125_8wekyb3d8bbwe", "EventData.Flags": "0x00000009"}
{"EventID": "8106", "Channel": "Microsoft-Windows-AppXDeploymentServer/Operational", "Provider_Name": "Microsoft-Windows-AppXDeployment-Server", "Computer": "DESKTOP-OFJ6N53", "TimeCreated": "2025-07-29 20:39:18.336054+00:00", "RecordID": "114902", "Level": "5", "UserID": "S-1-5-18", "EventData.PackageFullName": "Microsoft.DesktopAppInstaller_1.26.430.0_neutral_split.scale-125_8wekyb3d8bbwe", "EventData.Flags": "0x00000009"}
{"EventID": "8101", "Channel": "Microsoft-Windows-AppXDeploymentServer/Operational", "Provider_Name": "Microsoft-Windows-AppXDeployment-Server", "Computer": "DESKTOP-OFJ6N53", "TimeCreated": "2025-07-29 20:39:18.336065+00:00", "RecordID": "114903", "Level": "5", "UserID": "S-1-5-18", "EventData.PackageFullName": "Microsoft.DesktopAppInstaller_1.26.430.0_neutral_split.scale-125_8wekyb3d8bbwe", "EventData.Flags": "0x00000009"}
{"EventID": "8100", "Channel": "Microsoft-Windows-AppXDeploymentServer/Operational", "Provider_Name": "Microsoft-Windows-AppXDeployment-Server", "Computer": "DESKTOP-OFJ6N53", "TimeCreated": "2025-07-29 20:39:18.336067+00:00", "RecordID": "114904", "Level": "5", "UserID": "S-1-5-18", "EventData.PackageFullName": "Microsoft.DesktopAppInstaller_1.26.430.0_neutral_split.scale-100_8wekyb3d8bbwe", "EventData.Flags": "0x00000009"}
{"EventID": "8106", "Channel": "Microsoft-Windows-AppXDeploymentServer/Operational", "Provider_Name": "Microsoft-Windows-AppXDeployment-Server", "Computer": "DESKTOP-OFJ6N53", "TimeCreated": "2025-07-29 20:39:18.337893+00:00", "RecordID": "114905", "Level": "5", "UserID": "S-1-5-18", "EventData.PackageFullName": "Microsoft.DesktopAppInstaller_1.26.430.0_neutral_split.scale-100_8wekyb3d8bbwe", "EventData.Flags": "0x00000009"}
{"EventID": "8101", "Channel": "Microsoft-Windows-AppXDeploymentServer/Operational", "Provider_Name": "Microsoft-Windows-AppXDeployment-Server", "Computer": "DESKTOP-OFJ6N53", "TimeCreated": "2025-07-29 20:39:18.337906+00:00", "RecordID": "114906", "Level": "5", "UserID": "S-1-5-18", "EventData.PackageFullName": "Microsoft.DesktopAppInstaller_1.26.430.0_neutral_split.scale-100_8wekyb3d8bbwe", "EventData.Flags": "0x00000009"}
