{"EventID": "1402", "Channel": "Microsoft-Windows-ShellCommon-StartLayoutPopulation/Operational", "Provider_Name": "Microsoft-Windows-ShellCommon-StartLayoutPopulation", "Computer": "DESKTOP-OFJ6N53", "TimeCreated": "2025-01-14 23:26:41.389399+00:00", "RecordID": "1377", "Level": "4", "UserID": "S-1-5-21-963789628-1060504924-4285088085-1001"}
{"EventID": "1403", "Channel": "Microsoft-Windows-ShellCommon-StartLayoutPopulation/Operational", "Provider_Name": "Microsoft-Windows-ShellCommon-StartLayoutPopulation", "Computer": "DESKTOP-OFJ6N53", "TimeCreated": "2025-01-14 23:26:41.402309+00:00", "RecordID": "1378", "Level": "4", "UserID": "S-1-5-21-963789628-1060504924-4285088085-1001"}
{"EventID": "1402", "Channel": "Microsoft-Windows-ShellCommon-StartLayoutPopulation/Operational", "Provider_Name": "Microsoft-Windows-ShellCommon-StartLayoutPopulation", "Computer": "DESKTOP-OFJ6N53", "TimeCreated": "2025-01-14 23:27:37.091471+00:00", "RecordID": "1379", "Level": "4", "UserID": "S-1-5-21-963789628-1060504924-4285088085-1001"}
{"EventID": "1403", "Channel": "Microsoft-Windows-ShellCommon-StartLayoutPopulation/Operational", "Provider_Name": "Microsoft-Windows-ShellCommon-StartLayoutPopulation", "Computer": "DESKTOP-OFJ6N53", "TimeCreated": "2025-01-14 23:27:37.102049+00:00", "RecordID": "1380", "Level": "4", "UserID": "S-1-5-21-963789628-1060504924-4285088085-1001"}
{"EventID": "1402", "Channel": "Microsoft-Windows-ShellCommon-StartLayoutPopulation/Operational", "Provider_Name": "Microsoft-Windows-ShellCommon-StartLayoutPopulation", "Computer": "DESKTOP-OFJ6N53", "TimeCreated": "2025-01-24 12:03:49.435762+00:00", "RecordID": "1381", "Level": "4", "UserID": "S-1-5-21-963789628-1060504924-4285088085-1001"}
{"EventID": "1403", "Channel": "Microsoft-Windows-ShellCommon-StartLayoutPopulation/Operational", "Provider_Name": "Microsoft-Windows-ShellCommon-StartLayoutPopulation", "Computer": "DESKTOP-OFJ6N53", "TimeCreated": "2025-01-24 12:03:49.478981+00:00", "RecordID": "1382", "Level": "4", "UserID": "S-1-5-21-963789628-1060504924-4285088085-1001"}
{"EventID": "1402", "Channel": "Microsoft-Windows-ShellCommon-StartLayoutPopulation/Operational", "Provider_Name": "Microsoft-Windows-ShellCommon-StartLayoutPopulation", "Computer": "DESKTOP-OFJ6N53", "TimeCreated": "2025-01-24 12:04:09.263285+00:00", "RecordID": "1383", "Level": "4", "UserID": "S-1-5-21-963789628-1060504924-4285088085-1001"}
{"EventID": "1403", "Channel": "Microsoft-Windows-ShellCommon-StartLayoutPopulation/Operational", "Provider_Name": "Microsoft-Windows-ShellCommon-StartLayoutPopulation", "Computer": "DESKTOP-OFJ6N53", "TimeCreated": "2025-01-24 12:04:09.296286+00:00", "RecordID": "1384", "Level": "4", "UserID": "S-1-5-21-963789628-1060504924-4285088085-1001"}
{"EventID": "1402", "Channel": "Microsoft-Windows-ShellCommon-StartLayoutPopulation/Operational", "Provider_Name": "Microsoft-Windows-ShellCommon-StartLayoutPopulation", "Computer": "DESKTOP-OFJ6N53", "TimeCreated": "2025-01-24 12:04:44.466743+00:00", "RecordID": "1385", "Level": "4", "UserID": "S-1-5-21-963789628-1060504924-4285088085-1001"}
{"EventID": "1403", "Channel": "Microsoft-Windows-ShellCommon-StartLayoutPopulation/Operational", "Provider_Name": "Microsoft-Windows-ShellCommon-StartLayoutPopulation", "Computer": "DESKTOP-OFJ6N53", "TimeCreated": "2025-01-24 12:04:44.500919+00:00", "RecordID": "1386", "Level": "4", "UserID": "S-1-5-21-963789628-1060504924-4285088085-1001"}
{"EventID": "1402", "Channel": "Microsoft-Windows-ShellCommon-StartLayoutPopulation/Operational", "Provider_Name": "Microsoft-Windows-ShellCommon-StartLayoutPopulation", "Computer": "DESKTOP-OFJ6N53", "TimeCreated": "2025-02-05 14:02:26.704010+00:00", "RecordID": "1387", "Level": "4", "UserID": "S-1-5-21-963789628-1060504924-4285088085-1001"}
{"EventID": "1403", "Channel": "Microsoft-Windows-ShellCommon-StartLayoutPopulation/Operational", "Provider_Name": "Microsoft-Windows-ShellCommon-StartLayoutPopulation", "Computer": "DESKTOP-OFJ6N53", "TimeCreated": "2025-02-05 14:02:26.956055+00:00", "RecordID": "1388", "Level": "4", "UserID": "S-1-5-21-963789628-1060504924-4285088085-1001"}
{"EventID": "1402", "Channel": "Microsoft-Windows-ShellCommon-StartLayoutPopulation/Operational", "Provider_Name": "Microsoft-Windows-ShellCommon-StartLayoutPopulation", "Computer": "DESKTOP-OFJ6N53", "TimeCreated": "2025-02-05 14:02:29.908701+00:00", "RecordID": "1389", "Level": "4", "UserID": "S-1-5-21-963789628-1060504924-4285088085-1001"}
{"EventID": "1403", "Channel": "Microsoft-Windows-ShellCommon-StartLayoutPopulation/Operational", "Provider_Name": "Microsoft-Windows-ShellCommon-StartLayoutPopulation", "Computer": "DESKTOP-OFJ6N53", "TimeCreated": "2025-02-05 14:02:30.214794+00:00", "RecordID": "1390", "Level": "4", "UserID": "S-1-5-21-963789628-1060504924-4285088085-1001"}
{"EventID": "1402", "Channel": "Microsoft-Windows-ShellCommon-StartLayoutPopulation/Operational", "Provider_Name": "Microsoft-Windows-ShellCommon-StartLayoutPopulation", "Computer": "DESKTOP-OFJ6N53", "TimeCreated": "2025-02-05 14:02:38.855211+00:00", "RecordID": "1391", "Level": "4", "UserID": "S-1-5-21-963789628-1060504924-4285088085-1001"}
{"EventID": "1403", "Channel": "Microsoft-Windows-ShellCommon-StartLayoutPopulation/Operational", "Provider_Name": "Microsoft-Windows-ShellCommon-StartLayoutPopulation", "Computer": "DESKTOP-OFJ6N53", "TimeCreated": "2025-02-05 14:02:38.904442+00:00", "RecordID": "1392", "Level": "4", "UserID": "S-1-5-21-963789628-1060504924-4285088085-1001"}
{"EventID": "1402", "Channel": "Microsoft-Windows-ShellCommon-StartLayoutPopulation/Operational", "Provider_Name": "Microsoft-Windows-ShellCommon-StartLayoutPopulation", "Computer": "DESKTOP-OFJ6N53", "TimeCreated": "2025-02-05 14:03:41.175074+00:00", "RecordID": "1393", "Level": "4", "UserID": "S-1-5-21-963789628-1060504924-4285088085-1001"}
{"EventID": "1403", "Channel": "Microsoft-Windows-ShellCommon-StartLayoutPopulation/Operational", "Provider_Name": "Microsoft-Windows-ShellCommon-StartLayoutPopulation", "Computer": "DESKTOP-OFJ6N53", "TimeCreated": "2025-02-05 14:03:41.186050+00:00", "RecordID": "1394", "Level": "4", "UserID": "S-1-5-21-963789628-1060504924-4285088085-1001"}
{"EventID": "1104", "Channel": "Microsoft-Windows-ShellCommon-StartLayoutPopulation/Operational", "Provider_Name": "Microsoft-Windows-ShellCommon-StartLayoutPopulation", "Computer": "DESKTOP-OFJ6N53", "TimeCreated": "2025-02-05 14:22:22.551800+00:00", "RecordID": "1395", "Level": "4", "UserID": "S-1-5-21-963789628-1060504924-4285088085-1001", "EventData.itemName": "P~Microsoft.Windows.Photos_8wekyb3d8bbwe!App", "EventData.itemId": "{0c63914d-b5ef-4aca-9085-4b8915c43446}", "EventData.containerId": "{00000000-0000-0000-0000-000000000000}", "EventData.collectionName": "Activities"}
{"EventID": "1402", "Channel": "Microsoft-Windows-ShellCommon-StartLayoutPopulation/Operational", "Provider_Name": "Microsoft-Windows-ShellCommon-StartLayoutPopulation", "Computer": "DESKTOP-OFJ6N53", "TimeCreated": "2025-02-12 14:55:43.801525+00:00", "RecordID": "1396", "Level": "4", "UserID": "S-1-5-21-963789628-1060504924-4285088085-1001"}
{"EventID": "1403", "Channel": "Microsoft-Windows-ShellCommon-StartLayoutPopulation/Operational", "Provider_Name": "Microsoft-Windows-ShellCommon-StartLayoutPopulation", "Computer": "DESKTOP-OFJ6N53", "TimeCreated": "2025-02-12 14:55:43.832300+00:00", "RecordID": "1397", "Level": "4", "UserID": "S-1-5-21-963789628-1060504924-4285088085-1001"}
{"EventID": "1402", "Channel": "Microsoft-Windows-ShellCommon-StartLayoutPopulation/Operational", "Provider_Name": "Microsoft-Windows-ShellCommon-StartLayoutPopulation", "Computer": "DESKTOP-OFJ6N53", "TimeCreated": "2025-02-12 14:55:53.867340+00:00", "RecordID": "1398", "Level": "4", "UserID": "S-1-5-21-963789628-1060504924-4285088085-1001"}
{"EventID": "1403", "Channel": "Microsoft-Windows-ShellCommon-StartLayoutPopulation/Operational", "Provider_Name": "Microsoft-Windows-ShellCommon-StartLayoutPopulation", "Computer": "DESKTOP-OFJ6N53", "TimeCreated": "2025-02-12 14:55:53.878681+00:00", "RecordID": "1399", "Level": "4", "UserID": "S-1-5-21-963789628-1060504924-4285088085-1001"}
{"EventID": "1402", "Channel": "Microsoft-Windows-ShellCommon-StartLayoutPopulation/Operational", "Provider_Name": "Microsoft-Windows-ShellCommon-StartLayoutPopulation", "Computer": "DESKTOP-OFJ6N53", "TimeCreated": "2025-02-12 14:56:01.636219+00:00", "RecordID": "1400", "Level": "4", "UserID": "S-1-5-21-963789628-1060504924-4285088085-1001"}
{"EventID": "1403", "Channel": "Microsoft-Windows-ShellCommon-StartLayoutPopulation/Operational", "Provider_Name": "Microsoft-Windows-ShellCommon-StartLayoutPopulation", "Computer": "DESKTOP-OFJ6N53", "TimeCreated": "2025-02-12 14:56:01.947451+00:00", "RecordID": "1401", "Level": "4", "UserID": "S-1-5-21-963789628-1060504924-4285088085-1001"}
{"EventID": "1402", "Channel": "Microsoft-Windows-ShellCommon-StartLayoutPopulation/Operational", "Provider_Name": "Microsoft-Windows-ShellCommon-StartLayoutPopulation", "Computer": "DESKTOP-OFJ6N53", "TimeCreated": "2025-02-12 14:56:48.657846+00:00", "RecordID": "1402", "Level": "4", "UserID": "S-1-5-21-963789628-1060504924-4285088085-1001"}
{"EventID": "1403", "Channel": "Microsoft-Windows-ShellCommon-StartLayoutPopulation/Operational", "Provider_Name": "Microsoft-Windows-ShellCommon-StartLayoutPopulation", "Computer": "DESKTOP-OFJ6N53", "TimeCreated": "2025-02-12 14:56:48.672335+00:00", "RecordID": "1403", "Level": "4", "UserID": "S-1-5-21-963789628-1060504924-4285088085-1001"}
{"EventID": "2152", "Channel": "Microsoft-Windows-ShellCommon-StartLayoutPopulation/Operational", "Provider_Name": "Microsoft-Windows-ShellCommon-StartLayoutPopulation", "Computer": "DESKTOP-OFJ6N53", "TimeCreated": "2025-02-12 15:10:19.767090+00:00", "RecordID": "1404", "Level": "4", "UserID": "S-1-5-18", "EventData.packageFamilyName": "Microsoft.OutlookforWindows_8wekyb3d8bbwe", "EventData.InstallState": "0"}
{"EventID": "2152", "Channel": "Microsoft-Windows-ShellCommon-StartLayoutPopulation/Operational", "Provider_Name": "Microsoft-Windows-ShellCommon-StartLayoutPopulation", "Computer": "DESKTOP-OFJ6N53", "TimeCreated": "2025-02-12 15:10:19.809225+00:00", "RecordID": "1405", "Level": "4", "UserID": "S-1-5-18", "EventData.packageFamilyName": "Microsoft.OutlookforWindows_8wekyb3d8bbwe", "EventData.InstallState": "0"}
{"EventID": "2153", "Channel": "Microsoft-Windows-ShellCommon-StartLayoutPopulation/Operational", "Provider_Name": "Microsoft-Windows-ShellCommon-StartLayoutPopulation", "Computer": "DESKTOP-OFJ6N53", "TimeCreated": "2025-02-12 15:10:37.709475+00:00", "RecordID": "1406", "Level": "4", "UserID": "S-1-5-18", "EventData.packageFamilyName": "Microsoft.OutlookforWindows_8wekyb3d8bbwe", "EventData.InstallState": "4"}
{"EventID": "1104", "Channel": "Microsoft-Windows-ShellCommon-StartLayoutPopulation/Operational", "Provider_Name": "Microsoft-Windows-ShellCommon-StartLayoutPopulation", "Computer": "DESKTOP-OFJ6N53", "TimeCreated": "2025-02-12 15:10:38.874462+00:00", "RecordID": "1407", "Level": "4", "UserID": "S-1-5-21-963789628-1060504924-4285088085-1001", "EventData.itemName": "P~microsoft.windowscommunicationsapps_8wekyb3d8bbwe!Microsoft.WindowsLive.Mail", "EventData.itemId": "{16a40dd5-622e-4e95-972e-a11fff8c4106}", "EventData.containerId": "{0ee8385b-8038-477c-9a7c-5845ebd1c8aa}", "EventData.collectionName": "Start.TileGrid"}
{"EventID": "1102", "Channel": "Microsoft-Windows-ShellCommon-StartLayoutPopulation/Operational", "Provider_Name": "Microsoft-Windows-ShellCommon-StartLayoutPopulation", "Computer": "DESKTOP-OFJ6N53", "TimeCreated": "2025-02-12 15:10:38.882116+00:00", "RecordID": "1408", "Level": "4", "UserID": "S-1-5-21-963789628-1060504924-4285088085-1001", "EventData.itemName": "P~Microsoft.OutlookForWindows_8wekyb3d8bbwe!Microsoft.OutlookforWindows", "EventData.itemId": "{a8073cda-3d36-4958-82b2-684aa8167caa}", "EventData.containerId": "{0ee8385b-8038-477c-9a7c-5845ebd1c8aa}", "EventData.collectionName": "Start.TileGrid"}
{"EventID": "1402", "Channel": "Microsoft-Windows-ShellCommon-StartLayoutPopulation/Operational", "Provider_Name": "Microsoft-Windows-ShellCommon-StartLayoutPopulation", "Computer": "DESKTOP-OFJ6N53", "TimeCreated": "2025-03-04 21:27:23.175854+00:00", "RecordID": "1409", "Level": "4", "UserID": "S-1-5-21-963789628-1060504924-4285088085-1001"}
{"EventID": "1403", "Channel": "Microsoft-Windows-ShellCommon-StartLayoutPopulation/Operational", "Provider_Name": "Microsoft-Windows-ShellCommon-StartLayoutPopulation", "Computer": "DESKTOP-OFJ6N53", "TimeCreated": "2025-03-04 21:27:23.240217+00:00", "RecordID": "1410", "Level": "4", "UserID": "S-1-5-21-963789628-1060504924-4285088085-1001"}
{"EventID": "1402", "Channel": "Microsoft-Windows-ShellCommon-StartLayoutPopulation/Operational", "Provider_Name": "Microsoft-Windows-ShellCommon-StartLayoutPopulation", "Computer": "DESKTOP-OFJ6N53", "TimeCreated": "2025-03-07 15:05:53.672789+00:00", "RecordID": "1411", "Level": "4", "UserID": "S-1-5-21-963789628-1060504924-4285088085-1001"}
{"EventID": "1403", "Channel": "Microsoft-Windows-ShellCommon-StartLayoutPopulation/Operational", "Provider_Name": "Microsoft-Windows-ShellCommon-StartLayoutPopulation", "Computer": "DESKTOP-OFJ6N53", "TimeCreated": "2025-03-07 15:05:53.834827+00:00", "RecordID": "1412", "Level": "4", "UserID": "S-1-5-21-963789628-1060504924-4285088085-1001"}
{"EventID": "1402", "Channel": "Microsoft-Windows-ShellCommon-StartLayoutPopulation/Operational", "Provider_Name": "Microsoft-Windows-ShellCommon-StartLayoutPopulation", "Computer": "DESKTOP-OFJ6N53", "TimeCreated": "2025-03-07 15:30:35.642971+00:00", "RecordID": "1413", "Level": "4", "UserID": "S-1-5-21-963789628-1060504924-4285088085-1001"}
{"EventID": "1403", "Channel": "Microsoft-Windows-ShellCommon-StartLayoutPopulation/Operational", "Provider_Name": "Microsoft-Windows-ShellCommon-StartLayoutPopulation", "Computer": "DESKTOP-OFJ6N53", "TimeCreated": "2025-03-07 15:30:36.374950+00:00", "RecordID": "1414", "Level": "4", "UserID": "S-1-5-21-963789628-1060504924-4285088085-1001"}
{"EventID": "1402", "Channel": "Microsoft-Windows-ShellCommon-StartLayoutPopulation/Operational", "Provider_Name": "Microsoft-Windows-ShellCommon-StartLayoutPopulation", "Computer": "DESKTOP-OFJ6N53", "TimeCreated": "2025-03-11 20:21:26.339741+00:00", "RecordID": "1415", "Level": "4", "UserID": "S-1-5-21-963789628-1060504924-4285088085-1001"}
{"EventID": "1403", "Channel": "Microsoft-Windows-ShellCommon-StartLayoutPopulation/Operational", "Provider_Name": "Microsoft-Windows-ShellCommon-StartLayoutPopulation", "Computer": "DESKTOP-OFJ6N53", "TimeCreated": "2025-03-11 20:21:27.018902+00:00", "RecordID": "1416", "Level": "4", "UserID": "S-1-5-21-963789628-1060504924-4285088085-1001"}
{"EventID": "1402", "Channel": "Microsoft-Windows-ShellCommon-StartLayoutPopulation/Operational", "Provider_Name": "Microsoft-Windows-ShellCommon-StartLayoutPopulation", "Computer": "DESKTOP-OFJ6N53", "TimeCreated": "2025-03-11 20:21:49.777000+00:00", "RecordID": "1417", "Level": "4", "UserID": "S-1-5-21-963789628-1060504924-4285088085-1001"}
{"EventID": "1403", "Channel": "Microsoft-Windows-ShellCommon-StartLayoutPopulation/Operational", "Provider_Name": "Microsoft-Windows-ShellCommon-StartLayoutPopulation", "Computer": "DESKTOP-OFJ6N53", "TimeCreated": "2025-03-11 20:21:49.850952+00:00", "RecordID": "1418", "Level": "4", "UserID": "S-1-5-21-963789628-1060504924-4285088085-1001"}
{"EventID": "1402", "Channel": "Microsoft-Windows-ShellCommon-StartLayoutPopulation/Operational", "Provider_Name": "Microsoft-Windows-ShellCommon-StartLayoutPopulation", "Computer": "DESKTOP-OFJ6N53", "TimeCreated": "2025-04-01 16:04:09.652817+00:00", "RecordID": "1419", "Level": "4", "UserID": "S-1-5-21-963789628-1060504924-4285088085-1001"}
{"EventID": "1403", "Channel": "Microsoft-Windows-ShellCommon-StartLayoutPopulation/Operational", "Provider_Name": "Microsoft-Windows-ShellCommon-StartLayoutPopulation", "Computer": "DESKTOP-OFJ6N53", "TimeCreated": "2025-04-01 16:04:09.723686+00:00", "RecordID": "1420", "Level": "4", "UserID": "S-1-5-21-963789628-1060504924-4285088085-1001"}
{"EventID": "1402", "Channel": "Microsoft-Windows-ShellCommon-StartLayoutPopulation/Operational", "Provider_Name": "Microsoft-Windows-ShellCommon-StartLayoutPopulation", "Computer": "DESKTOP-OFJ6N53", "TimeCreated": "2025-04-01 16:04:19.076210+00:00", "RecordID": "1421", "Level": "4", "UserID": "S-1-5-21-963789628-1060504924-4285088085-1001"}
{"EventID": "1403", "Channel": "Microsoft-Windows-ShellCommon-StartLayoutPopulation/Operational", "Provider_Name": "Microsoft-Windows-ShellCommon-StartLayoutPopulation", "Computer": "DESKTOP-OFJ6N53", "TimeCreated": "2025-04-01 16:04:19.147884+00:00", "RecordID": "1422", "Level": "4", "UserID": "S-1-5-21-963789628-1060504924-4285088085-1001"}
{"EventID": "1402", "Channel": "Microsoft-Windows-ShellCommon-StartLayoutPopulation/Operational", "Provider_Name": "Microsoft-Windows-ShellCommon-StartLayoutPopulation", "Computer": "DESKTOP-OFJ6N53", "TimeCreated": "2025-04-01 16:04:23.050035+00:00", "RecordID": "1423", "Level": "4", "UserID": "S-1-5-21-963789628-1060504924-4285088085-1001"}
{"EventID": "1403", "Channel": "Microsoft-Windows-ShellCommon-StartLayoutPopulation/Operational", "Provider_Name": "Microsoft-Windows-ShellCommon-StartLayoutPopulation", "Computer": "DESKTOP-OFJ6N53", "TimeCreated": "2025-04-01 16:04:23.066576+00:00", "RecordID": "1424", "Level": "4", "UserID": "S-1-5-21-963789628-1060504924-4285088085-1001"}
{"EventID": "1402", "Channel": "Microsoft-Windows-ShellCommon-StartLayoutPopulation/Operational", "Provider_Name": "Microsoft-Windows-ShellCommon-StartLayoutPopulation", "Computer": "DESKTOP-OFJ6N53", "TimeCreated": "2025-04-01 16:05:11.849871+00:00", "RecordID": "1425", "Level": "4", "UserID": "S-1-5-21-963789628-1060504924-4285088085-1001"}
{"EventID": "1403", "Channel": "Microsoft-Windows-ShellCommon-StartLayoutPopulation/Operational", "Provider_Name": "Microsoft-Windows-ShellCommon-StartLayoutPopulation", "Computer": "DESKTOP-OFJ6N53", "TimeCreated": "2025-04-01 16:05:11.860540+00:00", "RecordID": "1426", "Level": "4", "UserID": "S-1-5-21-963789628-1060504924-4285088085-1001"}
{"EventID": "1402", "Channel": "Microsoft-Windows-ShellCommon-StartLayoutPopulation/Operational", "Provider_Name": "Microsoft-Windows-ShellCommon-StartLayoutPopulation", "Computer": "DESKTOP-OFJ6N53", "TimeCreated": "2025-04-02 09:18:56.170137+00:00", "RecordID": "1427", "Level": "4", "UserID": "S-1-5-21-963789628-1060504924-4285088085-1001"}
{"EventID": "1403", "Channel": "Microsoft-Windows-ShellCommon-StartLayoutPopulation/Operational", "Provider_Name": "Microsoft-Windows-ShellCommon-StartLayoutPopulation", "Computer": "DESKTOP-OFJ6N53", "TimeCreated": "2025-04-02 09:18:56.342821+00:00", "RecordID": "1428", "Level": "4", "UserID": "S-1-5-21-963789628-1060504924-4285088085-1001"}
{"EventID": "1402", "Channel": "Microsoft-Windows-ShellCommon-StartLayoutPopulation/Operational", "Provider_Name": "Microsoft-Windows-ShellCommon-StartLayoutPopulation", "Computer": "DESKTOP-OFJ6N53", "TimeCreated": "2025-04-02 09:19:03.408363+00:00", "RecordID": "1429", "Level": "4", "UserID": "S-1-5-21-963789628-1060504924-4285088085-1001"}
{"EventID": "1403", "Channel": "Microsoft-Windows-ShellCommon-StartLayoutPopulation/Operational", "Provider_Name": "Microsoft-Windows-ShellCommon-StartLayoutPopulation", "Computer": "DESKTOP-OFJ6N53", "TimeCreated": "2025-04-02 09:19:03.423208+00:00", "RecordID": "1430", "Level": "4", "UserID": "S-1-5-21-963789628-1060504924-4285088085-1001"}
{"EventID": "1402", "Channel": "Microsoft-Windows-ShellCommon-StartLayoutPopulation/Operational", "Provider_Name": "Microsoft-Windows-ShellCommon-StartLayoutPopulation", "Computer": "DESKTOP-OFJ6N53", "TimeCreated": "2025-04-02 09:19:04.877542+00:00", "RecordID": "1431", "Level": "4", "UserID": "S-1-5-21-963789628-1060504924-4285088085-1001"}
{"EventID": "1403", "Channel": "Microsoft-Windows-ShellCommon-StartLayoutPopulation/Operational", "Provider_Name": "Microsoft-Windows-ShellCommon-StartLayoutPopulation", "Computer": "DESKTOP-OFJ6N53", "TimeCreated": "2025-04-02 09:19:04.913361+00:00", "RecordID": "1432", "Level": "4", "UserID": "S-1-5-21-963789628-1060504924-4285088085-1001"}
{"EventID": "1402", "Channel": "Microsoft-Windows-ShellCommon-StartLayoutPopulation/Operational", "Provider_Name": "Microsoft-Windows-ShellCommon-StartLayoutPopulation", "Computer": "DESKTOP-OFJ6N53", "TimeCreated": "2025-04-02 09:54:05.109186+00:00", "RecordID": "1433", "Level": "4", "UserID": "S-1-5-21-963789628-1060504924-4285088085-1001"}
{"EventID": "1403", "Channel": "Microsoft-Windows-ShellCommon-StartLayoutPopulation/Operational", "Provider_Name": "Microsoft-Windows-ShellCommon-StartLayoutPopulation", "Computer": "DESKTOP-OFJ6N53", "TimeCreated": "2025-04-02 09:54:05.186884+00:00", "RecordID": "1434", "Level": "4", "UserID": "S-1-5-21-963789628-1060504924-4285088085-1001"}
{"EventID": "1402", "Channel": "Microsoft-Windows-ShellCommon-StartLayoutPopulation/Operational", "Provider_Name": "Microsoft-Windows-ShellCommon-StartLayoutPopulation", "Computer": "DESKTOP-OFJ6N53", "TimeCreated": "2025-04-02 09:54:13.523333+00:00", "RecordID": "1435", "Level": "4", "UserID": "S-1-5-21-963789628-1060504924-4285088085-1001"}
{"EventID": "1403", "Channel": "Microsoft-Windows-ShellCommon-StartLayoutPopulation/Operational", "Provider_Name": "Microsoft-Windows-ShellCommon-StartLayoutPopulation", "Computer": "DESKTOP-OFJ6N53", "TimeCreated": "2025-04-02 09:54:13.540300+00:00", "RecordID": "1436", "Level": "4", "UserID": "S-1-5-21-963789628-1060504924-4285088085-1001"}
{"EventID": "1402", "Channel": "Microsoft-Windows-ShellCommon-StartLayoutPopulation/Operational", "Provider_Name": "Microsoft-Windows-ShellCommon-StartLayoutPopulation", "Computer": "DESKTOP-OFJ6N53", "TimeCreated": "2025-04-02 10:02:39.322124+00:00", "RecordID": "1437", "Level": "4", "UserID": "S-1-5-21-963789628-1060504924-4285088085-1001"}
{"EventID": "1403", "Channel": "Microsoft-Windows-ShellCommon-StartLayoutPopulation/Operational", "Provider_Name": "Microsoft-Windows-ShellCommon-StartLayoutPopulation", "Computer": "DESKTOP-OFJ6N53", "TimeCreated": "2025-04-02 10:02:39.443853+00:00", "RecordID": "1438", "Level": "4", "UserID": "S-1-5-21-963789628-1060504924-4285088085-1001"}
{"EventID": "1402", "Channel": "Microsoft-Windows-ShellCommon-StartLayoutPopulation/Operational", "Provider_Name": "Microsoft-Windows-ShellCommon-StartLayoutPopulation", "Computer": "DESKTOP-OFJ6N53", "TimeCreated": "2025-04-02 10:02:42.671646+00:00", "RecordID": "1439", "Level": "4", "UserID": "S-1-5-21-963789628-1060504924-4285088085-1001"}
{"EventID": "1403", "Channel": "Microsoft-Windows-ShellCommon-StartLayoutPopulation/Operational", "Provider_Name": "Microsoft-Windows-ShellCommon-StartLayoutPopulation", "Computer": "DESKTOP-OFJ6N53", "TimeCreated": "2025-04-02 10:02:42.859114+00:00", "RecordID": "1440", "Level": "4", "UserID": "S-1-5-21-963789628-1060504924-4285088085-1001"}
{"EventID": "1402", "Channel": "Microsoft-Windows-ShellCommon-StartLayoutPopulation/Operational", "Provider_Name": "Microsoft-Windows-ShellCommon-StartLayoutPopulation", "Computer": "DESKTOP-OFJ6N53", "TimeCreated": "2025-04-02 10:08:59.944813+00:00", "RecordID": "1441", "Level": "4", "UserID": "S-1-5-21-963789628-1060504924-4285088085-1001"}
{"EventID": "1403", "Channel": "Microsoft-Windows-ShellCommon-StartLayoutPopulation/Operational", "Provider_Name": "Microsoft-Windows-ShellCommon-StartLayoutPopulation", "Computer": "DESKTOP-OFJ6N53", "TimeCreated": "2025-04-02 10:09:00.741198+00:00", "RecordID": "1442", "Level": "4", "UserID": "S-1-5-21-963789628-1060504924-4285088085-1001"}
{"EventID": "1402", "Channel": "Microsoft-Windows-ShellCommon-StartLayoutPopulation/Operational", "Provider_Name": "Microsoft-Windows-ShellCommon-StartLayoutPopulation", "Computer": "DESKTOP-OFJ6N53", "TimeCreated": "2025-04-02 10:09:09.381639+00:00", "RecordID": "1443", "Level": "4", "UserID": "S-1-5-21-963789628-1060504924-4285088085-1001"}
{"EventID": "1403", "Channel": "Microsoft-Windows-ShellCommon-StartLayoutPopulation/Operational", "Provider_Name": "Microsoft-Windows-ShellCommon-StartLayoutPopulation", "Computer": "DESKTOP-OFJ6N53", "TimeCreated": "2025-04-02 10:09:09.409550+00:00", "RecordID": "1444", "Level": "4", "UserID": "S-1-5-21-963789628-1060504924-4285088085-1001"}
{"EventID": "1402", "Channel": "Microsoft-Windows-ShellCommon-StartLayoutPopulation/Operational", "Provider_Name": "Microsoft-Windows-ShellCommon-StartLayoutPopulation", "Computer": "DESKTOP-OFJ6N53", "TimeCreated": "2025-04-02 10:12:55.048773+00:00", "RecordID": "1445", "Level": "4", "UserID": "S-1-5-21-963789628-1060504924-4285088085-1001"}
{"EventID": "1403", "Channel": "Microsoft-Windows-ShellCommon-StartLayoutPopulation/Operational", "Provider_Name": "Microsoft-Windows-ShellCommon-StartLayoutPopulation", "Computer": "DESKTOP-OFJ6N53", "TimeCreated": "2025-04-02 10:12:55.081087+00:00", "RecordID": "1446", "Level": "4", "UserID": "S-1-5-21-963789628-1060504924-4285088085-1001"}
{"EventID": "1402", "Channel": "Microsoft-Windows-ShellCommon-StartLayoutPopulation/Operational", "Provider_Name": "Microsoft-Windows-ShellCommon-StartLayoutPopulation", "Computer": "DESKTOP-OFJ6N53", "TimeCreated": "2025-04-02 10:13:04.022949+00:00", "RecordID": "1447", "Level": "4", "UserID": "S-1-5-21-963789628-1060504924-4285088085-1001"}
{"EventID": "1403", "Channel": "Microsoft-Windows-ShellCommon-StartLayoutPopulation/Operational", "Provider_Name": "Microsoft-Windows-ShellCommon-StartLayoutPopulation", "Computer": "DESKTOP-OFJ6N53", "TimeCreated": "2025-04-02 10:13:04.040445+00:00", "RecordID": "1448", "Level": "4", "UserID": "S-1-5-21-963789628-1060504924-4285088085-1001"}
{"EventID": "1402", "Channel": "Microsoft-Windows-ShellCommon-StartLayoutPopulation/Operational", "Provider_Name": "Microsoft-Windows-ShellCommon-StartLayoutPopulation", "Computer": "DESKTOP-OFJ6N53", "TimeCreated": "2025-04-02 10:31:07.322981+00:00", "RecordID": "1449", "Level": "4", "UserID": "S-1-5-21-963789628-1060504924-4285088085-1001"}
{"EventID": "1403", "Channel": "Microsoft-Windows-ShellCommon-StartLayoutPopulation/Operational", "Provider_Name": "Microsoft-Windows-ShellCommon-StartLayoutPopulation", "Computer": "DESKTOP-OFJ6N53", "TimeCreated": "2025-04-02 10:31:07.764385+00:00", "RecordID": "1450", "Level": "4", "UserID": "S-1-5-21-963789628-1060504924-4285088085-1001"}
{"EventID": "1402", "Channel": "Microsoft-Windows-ShellCommon-StartLayoutPopulation/Operational", "Provider_Name": "Microsoft-Windows-ShellCommon-StartLayoutPopulation", "Computer": "DESKTOP-OFJ6N53", "TimeCreated": "2025-04-02 10:31:15.002703+00:00", "RecordID": "1451", "Level": "4", "UserID": "S-1-5-21-963789628-1060504924-4285088085-1001"}
{"EventID": "1403", "Channel": "Microsoft-Windows-ShellCommon-StartLayoutPopulation/Operational", "Provider_Name": "Microsoft-Windows-ShellCommon-StartLayoutPopulation", "Computer": "DESKTOP-OFJ6N53", "TimeCreated": "2025-04-02 10:31:15.043104+00:00", "RecordID": "1452", "Level": "4", "UserID": "S-1-5-21-963789628-1060504924-4285088085-1001"}
{"EventID": "1402", "Channel": "Microsoft-Windows-ShellCommon-StartLayoutPopulation/Operational", "Provider_Name": "Microsoft-Windows-ShellCommon-StartLayoutPopulation", "Computer": "DESKTOP-OFJ6N53", "TimeCreated": "2025-04-02 10:38:00.756739+00:00", "RecordID": "1453", "Level": "4", "UserID": "S-1-5-21-963789628-1060504924-4285088085-1001"}
{"EventID": "1403", "Channel": "Microsoft-Windows-ShellCommon-StartLayoutPopulation/Operational", "Provider_Name": "Microsoft-Windows-ShellCommon-StartLayoutPopulation", "Computer": "DESKTOP-OFJ6N53", "TimeCreated": "2025-04-02 10:38:00.894794+00:00", "RecordID": "1454", "Level": "4", "UserID": "S-1-5-21-963789628-1060504924-4285088085-1001"}
{"EventID": "1402", "Channel": "Microsoft-Windows-ShellCommon-StartLayoutPopulation/Operational", "Provider_Name": "Microsoft-Windows-ShellCommon-StartLayoutPopulation", "Computer": "DESKTOP-OFJ6N53", "TimeCreated": "2025-04-02 10:38:07.474581+00:00", "RecordID": "1455", "Level": "4", "UserID": "S-1-5-21-963789628-1060504924-4285088085-1001"}
{"EventID": "1403", "Channel": "Microsoft-Windows-ShellCommon-StartLayoutPopulation/Operational", "Provider_Name": "Microsoft-Windows-ShellCommon-StartLayoutPopulation", "Computer": "DESKTOP-OFJ6N53", "TimeCreated": "2025-04-02 10:38:07.496431+00:00", "RecordID": "1456", "Level": "4", "UserID": "S-1-5-21-963789628-1060504924-4285088085-1001"}
{"EventID": "1402", "Channel": "Microsoft-Windows-ShellCommon-StartLayoutPopulation/Operational", "Provider_Name": "Microsoft-Windows-ShellCommon-StartLayoutPopulation", "Computer": "DESKTOP-OFJ6N53", "TimeCreated": "2025-04-03 14:41:47.574646+00:00", "RecordID": "1457", "Level": "4", "UserID": "S-1-5-21-963789628-1060504924-4285088085-1001"}
{"EventID": "1403", "Channel": "Microsoft-Windows-ShellCommon-StartLayoutPopulation/Operational", "Provider_Name": "Microsoft-Windows-ShellCommon-StartLayoutPopulation", "Computer": "DESKTOP-OFJ6N53", "TimeCreated": "2025-04-03 14:41:47.613026+00:00", "RecordID": "1458", "Level": "4", "UserID": "S-1-5-21-963789628-1060504924-4285088085-1001"}
{"EventID": "1402", "Channel": "Microsoft-Windows-ShellCommon-StartLayoutPopulation/Operational", "Provider_Name": "Microsoft-Windows-ShellCommon-StartLayoutPopulation", "Computer": "DESKTOP-OFJ6N53", "TimeCreated": "2025-04-10 05:53:25.948029+00:00", "RecordID": "1459", "Level": "4", "UserID": "S-1-5-21-963789628-1060504924-4285088085-1001"}
{"EventID": "1403", "Channel": "Microsoft-Windows-ShellCommon-StartLayoutPopulation/Operational", "Provider_Name": "Microsoft-Windows-ShellCommon-StartLayoutPopulation", "Computer": "DESKTOP-OFJ6N53", "TimeCreated": "2025-04-10 05:53:26.055353+00:00", "RecordID": "1460", "Level": "4", "UserID": "S-1-5-21-963789628-1060504924-4285088085-1001"}
{"EventID": "1402", "Channel": "Microsoft-Windows-ShellCommon-StartLayoutPopulation/Operational", "Provider_Name": "Microsoft-Windows-ShellCommon-StartLayoutPopulation", "Computer": "DESKTOP-OFJ6N53", "TimeCreated": "2025-04-10 05:53:46.544542+00:00", "RecordID": "1461", "Level": "4", "UserID": "S-1-5-21-963789628-1060504924-4285088085-1001"}
{"EventID": "1403", "Channel": "Microsoft-Windows-ShellCommon-StartLayoutPopulation/Operational", "Provider_Name": "Microsoft-Windows-ShellCommon-StartLayoutPopulation", "Computer": "DESKTOP-OFJ6N53", "TimeCreated": "2025-04-10 05:53:46.579767+00:00", "RecordID": "1462", "Level": "4", "UserID": "S-1-5-21-963789628-1060504924-4285088085-1001"}
{"EventID": "1402", "Channel": "Microsoft-Windows-ShellCommon-StartLayoutPopulation/Operational", "Provider_Name": "Microsoft-Windows-ShellCommon-StartLayoutPopulation", "Computer": "DESKTOP-OFJ6N53", "TimeCreated": "2025-04-24 11:02:21.372379+00:00", "RecordID": "1463", "Level": "4", "UserID": "S-1-5-21-963789628-1060504924-4285088085-1001"}
{"EventID": "1403", "Channel": "Microsoft-Windows-ShellCommon-StartLayoutPopulation/Operational", "Provider_Name": "Microsoft-Windows-ShellCommon-StartLayoutPopulation", "Computer": "DESKTOP-OFJ6N53", "TimeCreated": "2025-04-24 11:02:21.620960+00:00", "RecordID": "1464", "Level": "4", "UserID": "S-1-5-21-963789628-1060504924-4285088085-1001"}
{"EventID": "1402", "Channel": "Microsoft-Windows-ShellCommon-StartLayoutPopulation/Operational", "Provider_Name": "Microsoft-Windows-ShellCommon-StartLayoutPopulation", "Computer": "DESKTOP-OFJ6N53", "TimeCreated": "2025-04-24 11:02:32.249952+00:00", "RecordID": "1465", "Level": "4", "UserID": "S-1-5-21-963789628-1060504924-4285088085-1001"}
{"EventID": "1403", "Channel": "Microsoft-Windows-ShellCommon-StartLayoutPopulation/Operational", "Provider_Name": "Microsoft-Windows-ShellCommon-StartLayoutPopulation", "Computer": "DESKTOP-OFJ6N53", "TimeCreated": "2025-04-24 11:02:32.279894+00:00", "RecordID": "1466", "Level": "4", "UserID": "S-1-5-21-963789628-1060504924-4285088085-1001"}
{"EventID": "1402", "Channel": "Microsoft-Windows-ShellCommon-StartLayoutPopulation/Operational", "Provider_Name": "Microsoft-Windows-ShellCommon-StartLayoutPopulation", "Computer": "DESKTOP-OFJ6N53", "TimeCreated": "2025-04-24 11:03:32.742098+00:00", "RecordID": "1467", "Level": "4", "UserID": "S-1-5-21-963789628-1060504924-4285088085-1001"}
{"EventID": "1403", "Channel": "Microsoft-Windows-ShellCommon-StartLayoutPopulation/Operational", "Provider_Name": "Microsoft-Windows-ShellCommon-StartLayoutPopulation", "Computer": "DESKTOP-OFJ6N53", "TimeCreated": "2025-04-24 11:03:32.892357+00:00", "RecordID": "1468", "Level": "4", "UserID": "S-1-5-21-963789628-1060504924-4285088085-1001"}
{"EventID": "1402", "Channel": "Microsoft-Windows-ShellCommon-StartLayoutPopulation/Operational", "Provider_Name": "Microsoft-Windows-ShellCommon-StartLayoutPopulation", "Computer": "DESKTOP-OFJ6N53", "TimeCreated": "2025-04-27 15:41:56.176811+00:00", "RecordID": "1469", "Level": "4", "UserID": "S-1-5-21-963789628-1060504924-4285088085-1001"}
{"EventID": "1403", "Channel": "Microsoft-Windows-ShellCommon-StartLayoutPopulation/Operational", "Provider_Name": "Microsoft-Windows-ShellCommon-StartLayoutPopulation", "Computer": "DESKTOP-OFJ6N53", "TimeCreated": "2025-04-27 15:41:56.225300+00:00", "RecordID": "1470", "Level": "4", "UserID": "S-1-5-21-963789628-1060504924-4285088085-1001"}
{"EventID": "1402", "Channel": "Microsoft-Windows-ShellCommon-StartLayoutPopulation/Operational", "Provider_Name": "Microsoft-Windows-ShellCommon-StartLayoutPopulation", "Computer": "DESKTOP-OFJ6N53", "TimeCreated": "2025-05-21 14:11:49.649746+00:00", "RecordID": "1471", "Level": "4", "UserID": "S-1-5-21-963789628-1060504924-4285088085-1001"}
{"EventID": "1403", "Channel": "Microsoft-Windows-ShellCommon-StartLayoutPopulation/Operational", "Provider_Name": "Microsoft-Windows-ShellCommon-StartLayoutPopulation", "Computer": "DESKTOP-OFJ6N53", "TimeCreated": "2025-05-21 14:11:50.325176+00:00", "RecordID": "1472", "Level": "4", "UserID": "S-1-5-21-963789628-1060504924-4285088085-1001"}
{"EventID": "1402", "Channel": "Microsoft-Windows-ShellCommon-StartLayoutPopulation/Operational", "Provider_Name": "Microsoft-Windows-ShellCommon-StartLayoutPopulation", "Computer": "DESKTOP-OFJ6N53", "TimeCreated": "2025-05-21 14:12:40.323738+00:00", "RecordID": "1473", "Level": "4", "UserID": "S-1-5-21-963789628-1060504924-4285088085-1001"}
{"EventID": "1403", "Channel": "Microsoft-Windows-ShellCommon-StartLayoutPopulation/Operational", "Provider_Name": "Microsoft-Windows-ShellCommon-StartLayoutPopulation", "Computer": "DESKTOP-OFJ6N53", "TimeCreated": "2025-05-21 14:12:40.375139+00:00", "RecordID": "1474", "Level": "4", "UserID": "S-1-5-21-963789628-1060504924-4285088085-1001"}
{"EventID": "1402", "Channel": "Microsoft-Windows-ShellCommon-StartLayoutPopulation/Operational", "Provider_Name": "Microsoft-Windows-ShellCommon-StartLayoutPopulation", "Computer": "DESKTOP-OFJ6N53", "TimeCreated": "2025-05-21 14:13:50.152708+00:00", "RecordID": "1475", "Level": "4", "UserID": "S-1-5-21-963789628-1060504924-4285088085-1001"}
{"EventID": "1403", "Channel": "Microsoft-Windows-ShellCommon-StartLayoutPopulation/Operational", "Provider_Name": "Microsoft-Windows-ShellCommon-StartLayoutPopulation", "Computer": "DESKTOP-OFJ6N53", "TimeCreated": "2025-05-21 14:13:51.692093+00:00", "RecordID": "1476", "Level": "4", "UserID": "S-1-5-21-963789628-1060504924-4285088085-1001"}
{"EventID": "1402", "Channel": "Microsoft-Windows-ShellCommon-StartLayoutPopulation/Operational", "Provider_Name": "Microsoft-Windows-ShellCommon-StartLayoutPopulation", "Computer": "DESKTOP-OFJ6N53", "TimeCreated": "2025-06-18 13:22:06.715851+00:00", "RecordID": "1477", "Level": "4", "UserID": "S-1-5-21-963789628-1060504924-4285088085-1001"}
{"EventID": "1403", "Channel": "Microsoft-Windows-ShellCommon-StartLayoutPopulation/Operational", "Provider_Name": "Microsoft-Windows-ShellCommon-StartLayoutPopulation", "Computer": "DESKTOP-OFJ6N53", "TimeCreated": "2025-06-18 13:22:07.189323+00:00", "RecordID": "1478", "Level": "4", "UserID": "S-1-5-21-963789628-1060504924-4285088085-1001"}
{"EventID": "1402", "Channel": "Microsoft-Windows-ShellCommon-StartLayoutPopulation/Operational", "Provider_Name": "Microsoft-Windows-ShellCommon-StartLayoutPopulation", "Computer": "DESKTOP-OFJ6N53", "TimeCreated": "2025-06-18 13:22:12.467308+00:00", "RecordID": "1479", "Level": "4", "UserID": "S-1-5-21-963789628-1060504924-4285088085-1001"}
{"EventID": "1403", "Channel": "Microsoft-Windows-ShellCommon-StartLayoutPopulation/Operational", "Provider_Name": "Microsoft-Windows-ShellCommon-StartLayoutPopulation", "Computer": "DESKTOP-OFJ6N53", "TimeCreated": "2025-06-18 13:22:12.514349+00:00", "RecordID": "1480", "Level": "4", "UserID": "S-1-5-21-963789628-1060504924-4285088085-1001"}
{"EventID": "1402", "Channel": "Microsoft-Windows-ShellCommon-StartLayoutPopulation/Operational", "Provider_Name": "Microsoft-Windows-ShellCommon-StartLayoutPopulation", "Computer": "DESKTOP-OFJ6N53", "TimeCreated": "2025-06-30 19:27:02.623985+00:00", "RecordID": "1481", "Level": "4", "UserID": "S-1-5-21-963789628-1060504924-4285088085-1001"}
{"EventID": "1403", "Channel": "Microsoft-Windows-ShellCommon-StartLayoutPopulation/Operational", "Provider_Name": "Microsoft-Windows-ShellCommon-StartLayoutPopulation", "Computer": "DESKTOP-OFJ6N53", "TimeCreated": "2025-06-30 19:27:02.645678+00:00", "RecordID": "1482", "Level": "4", "UserID": "S-1-5-21-963789628-1060504924-4285088085-1001"}
{"EventID": "1402", "Channel": "Microsoft-Windows-ShellCommon-StartLayoutPopulation/Operational", "Provider_Name": "Microsoft-Windows-ShellCommon-StartLayoutPopulation", "Computer": "DESKTOP-OFJ6N53", "TimeCreated": "2025-07-07 13:12:18.726063+00:00", "RecordID": "1483", "Level": "4", "UserID": "S-1-5-21-963789628-1060504924-4285088085-1001"}
{"EventID": "1403", "Channel": "Microsoft-Windows-ShellCommon-StartLayoutPopulation/Operational", "Provider_Name": "Microsoft-Windows-ShellCommon-StartLayoutPopulation", "Computer": "DESKTOP-OFJ6N53", "TimeCreated": "2025-07-07 13:12:18.777296+00:00", "RecordID": "1484", "Level": "4", "UserID": "S-1-5-21-963789628-1060504924-4285088085-1001"}
{"EventID": "1402", "Channel": "Microsoft-Windows-ShellCommon-StartLayoutPopulation/Operational", "Provider_Name": "Microsoft-Windows-ShellCommon-StartLayoutPopulation", "Computer": "DESKTOP-OFJ6N53", "TimeCreated": "2025-07-07 13:15:50.592247+00:00", "RecordID": "1485", "Level": "4", "UserID": "S-1-5-21-963789628-1060504924-4285088085-1001"}
{"EventID": "1403", "Channel": "Microsoft-Windows-ShellCommon-StartLayoutPopulation/Operational", "Provider_Name": "Microsoft-Windows-ShellCommon-StartLayoutPopulation", "Computer": "DESKTOP-OFJ6N53", "TimeCreated": "2025-07-07 13:15:50.613813+00:00", "RecordID": "1486", "Level": "4", "UserID": "S-1-5-21-963789628-1060504924-4285088085-1001"}
{"EventID": "1402", "Channel": "Microsoft-Windows-ShellCommon-StartLayoutPopulation/Operational", "Provider_Name": "Microsoft-Windows-ShellCommon-StartLayoutPopulation", "Computer": "DESKTOP-OFJ6N53", "TimeCreated": "2025-07-14 09:52:29.346544+00:00", "RecordID": "1487", "Level": "4", "UserID": "S-1-5-21-963789628-1060504924-4285088085-1001"}
{"EventID": "1403", "Channel": "Microsoft-Windows-ShellCommon-StartLayoutPopulation/Operational", "Provider_Name": "Microsoft-Windows-ShellCommon-StartLayoutPopulation", "Computer": "DESKTOP-OFJ6N53", "TimeCreated": "2025-07-14 09:52:29.528347+00:00", "RecordID": "1488", "Level": "4", "UserID": "S-1-5-21-963789628-1060504924-4285088085-1001"}
{"EventID": "1402", "Channel": "Microsoft-Windows-ShellCommon-StartLayoutPopulation/Operational", "Provider_Name": "Microsoft-Windows-ShellCommon-StartLayoutPopulation", "Computer": "DESKTOP-OFJ6N53", "TimeCreated": "2025-07-14 09:52:47.030766+00:00", "RecordID": "1489", "Level": "4", "UserID": "S-1-5-21-963789628-1060504924-4285088085-1001"}
{"EventID": "1403", "Channel": "Microsoft-Windows-ShellCommon-StartLayoutPopulation/Operational", "Provider_Name": "Microsoft-Windows-ShellCommon-StartLayoutPopulation", "Computer": "DESKTOP-OFJ6N53", "TimeCreated": "2025-07-14 09:52:47.130821+00:00", "RecordID": "1490", "Level": "4", "UserID": "S-1-5-21-963789628-1060504924-4285088085-1001"}
{"EventID": "1402", "Channel": "Microsoft-Windows-ShellCommon-StartLayoutPopulation/Operational", "Provider_Name": "Microsoft-Windows-ShellCommon-StartLayoutPopulation", "Computer": "DESKTOP-OFJ6N53", "TimeCreated": "2025-07-14 09:53:34.080730+00:00", "RecordID": "1491", "Level": "4", "UserID": "S-1-5-21-963789628-1060504924-4285088085-1001"}
{"EventID": "1403", "Channel": "Microsoft-Windows-ShellCommon-StartLayoutPopulation/Operational", "Provider_Name": "Microsoft-Windows-ShellCommon-StartLayoutPopulation", "Computer": "DESKTOP-OFJ6N53", "TimeCreated": "2025-07-14 09:53:34.438259+00:00", "RecordID": "1492", "Level": "4", "UserID": "S-1-5-21-963789628-1060504924-4285088085-1001"}
{"EventID": "1402", "Channel": "Microsoft-Windows-ShellCommon-StartLayoutPopulation/Operational", "Provider_Name": "Microsoft-Windows-ShellCommon-StartLayoutPopulation", "Computer": "DESKTOP-OFJ6N53", "TimeCreated": "2025-07-24 21:30:49.719172+00:00", "RecordID": "1493", "Level": "4", "UserID": "S-1-5-21-963789628-1060504924-4285088085-1001"}
{"EventID": "1403", "Channel": "Microsoft-Windows-ShellCommon-StartLayoutPopulation/Operational", "Provider_Name": "Microsoft-Windows-ShellCommon-StartLayoutPopulation", "Computer": "DESKTOP-OFJ6N53", "TimeCreated": "2025-07-24 21:30:49.759583+00:00", "RecordID": "1494", "Level": "4", "UserID": "S-1-5-21-963789628-1060504924-4285088085-1001"}
{"EventID": "1402", "Channel": "Microsoft-Windows-ShellCommon-StartLayoutPopulation/Operational", "Provider_Name": "Microsoft-Windows-ShellCommon-StartLayoutPopulation", "Computer": "DESKTOP-OFJ6N53", "TimeCreated": "2025-07-24 21:31:31.737432+00:00", "RecordID": "1495", "Level": "4", "UserID": "S-1-5-21-963789628-1060504924-4285088085-1001"}
{"EventID": "1403", "Channel": "Microsoft-Windows-ShellCommon-StartLayoutPopulation/Operational", "Provider_Name": "Microsoft-Windows-ShellCommon-StartLayoutPopulation", "Computer": "DESKTOP-OFJ6N53", "TimeCreated": "2025-07-24 21:31:32.000521+00:00", "RecordID": "1496", "Level": "4", "UserID": "S-1-5-21-963789628-1060504924-4285088085-1001"}
{"EventID": "1402", "Channel": "Microsoft-Windows-ShellCommon-StartLayoutPopulation/Operational", "Provider_Name": "Microsoft-Windows-ShellCommon-StartLayoutPopulation", "Computer": "DESKTOP-OFJ6N53", "TimeCreated": "2025-07-30 23:37:21.088243+00:00", "RecordID": "1497", "Level": "4", "UserID": "S-1-5-21-963789628-1060504924-4285088085-1001"}
{"EventID": "1403", "Channel": "Microsoft-Windows-ShellCommon-StartLayoutPopulation/Operational", "Provider_Name": "Microsoft-Windows-ShellCommon-StartLayoutPopulation", "Computer": "DESKTOP-OFJ6N53", "TimeCreated": "2025-07-30 23:37:21.113544+00:00", "RecordID": "1498", "Level": "4", "UserID": "S-1-5-21-963789628-1060504924-4285088085-1001"}
{"EventID": "1402", "Channel": "Microsoft-Windows-ShellCommon-StartLayoutPopulation/Operational", "Provider_Name": "Microsoft-Windows-ShellCommon-StartLayoutPopulation", "Computer": "DESKTOP-OFJ6N53", "TimeCreated": "2025-07-31 08:14:15.388306+00:00", "RecordID": "1499", "Level": "4", "UserID": "S-1-5-21-963789628-1060504924-4285088085-1001"}
{"EventID": "1403", "Channel": "Microsoft-Windows-ShellCommon-StartLayoutPopulation/Operational", "Provider_Name": "Microsoft-Windows-ShellCommon-StartLayoutPopulation", "Computer": "DESKTOP-OFJ6N53", "TimeCreated": "2025-07-31 08:14:15.855637+00:00", "RecordID": "1500", "Level": "4", "UserID": "S-1-5-21-963789628-1060504924-4285088085-1001"}
{"EventID": "1402", "Channel": "Microsoft-Windows-ShellCommon-StartLayoutPopulation/Operational", "Provider_Name": "Microsoft-Windows-ShellCommon-StartLayoutPopulation", "Computer": "DESKTOP-OFJ6N53", "TimeCreated": "2025-07-31 08:14:24.728678+00:00", "RecordID": "1501", "Level": "4", "UserID": "S-1-5-21-963789628-1060504924-4285088085-1001"}
{"EventID": "1403", "Channel": "Microsoft-Windows-ShellCommon-StartLayoutPopulation/Operational", "Provider_Name": "Microsoft-Windows-ShellCommon-StartLayoutPopulation", "Computer": "DESKTOP-OFJ6N53", "TimeCreated": "2025-07-31 08:14:24.748665+00:00", "RecordID": "1502", "Level": "4", "UserID": "S-1-5-21-963789628-1060504924-4285088085-1001"}
{"EventID": "1402", "Channel": "Microsoft-Windows-ShellCommon-StartLayoutPopulation/Operational", "Provider_Name": "Microsoft-Windows-ShellCommon-StartLayoutPopulation", "Computer": "DESKTOP-OFJ6N53", "TimeCreated": "2025-08-12 12:19:21.420918+00:00", "RecordID": "1503", "Level": "4", "UserID": "S-1-5-21-963789628-1060504924-4285088085-1001"}
{"EventID": "1403", "Channel": "Microsoft-Windows-ShellCommon-StartLayoutPopulation/Operational", "Provider_Name": "Microsoft-Windows-ShellCommon-StartLayoutPopulation", "Computer": "DESKTOP-OFJ6N53", "TimeCreated": "2025-08-12 12:19:21.450987+00:00", "RecordID": "1504", "Level": "4", "UserID": "S-1-5-21-963789628-1060504924-4285088085-1001"}
{"EventID": "1402", "Channel": "Microsoft-Windows-ShellCommon-StartLayoutPopulation/Operational", "Provider_Name": "Microsoft-Windows-ShellCommon-StartLayoutPopulation", "Computer": "DESKTOP-OFJ6N53", "TimeCreated": "2025-08-12 12:19:31.633253+00:00", "RecordID": "1505", "Level": "4", "UserID": "S-1-5-21-963789628-1060504924-4285088085-1001"}
{"EventID": "1403", "Channel": "Microsoft-Windows-ShellCommon-StartLayoutPopulation/Operational", "Provider_Name": "Microsoft-Windows-ShellCommon-StartLayoutPopulation", "Computer": "DESKTOP-OFJ6N53", "TimeCreated": "2025-08-12 12:19:31.655775+00:00", "RecordID": "1506", "Level": "4", "UserID": "S-1-5-21-963789628-1060504924-4285088085-1001"}
{"EventID": "1402", "Channel": "Microsoft-Windows-ShellCommon-StartLayoutPopulation/Operational", "Provider_Name": "Microsoft-Windows-ShellCommon-StartLayoutPopulation", "Computer": "DESKTOP-OFJ6N53", "TimeCreated": "2025-08-13 14:43:43.276241+00:00", "RecordID": "1507", "Level": "4", "UserID": "S-1-5-21-963789628-1060504924-4285088085-1001"}
{"EventID": "1403", "Channel": "Microsoft-Windows-ShellCommon-StartLayoutPopulation/Operational", "Provider_Name": "Microsoft-Windows-ShellCommon-StartLayoutPopulation", "Computer": "DESKTOP-OFJ6N53", "TimeCreated": "2025-08-13 14:43:43.321070+00:00", "RecordID": "1508", "Level": "4", "UserID": "S-1-5-21-963789628-1060504924-4285088085-1001"}
{"EventID": "1402", "Channel": "Microsoft-Windows-ShellCommon-StartLayoutPopulation/Operational", "Provider_Name": "Microsoft-Windows-ShellCommon-StartLayoutPopulation", "Computer": "DESKTOP-OFJ6N53", "TimeCreated": "2025-08-13 14:43:47.853306+00:00", "RecordID": "1509", "Level": "4", "UserID": "S-1-5-21-963789628-1060504924-4285088085-1001"}
{"EventID": "1403", "Channel": "Microsoft-Windows-ShellCommon-StartLayoutPopulation/Operational", "Provider_Name": "Microsoft-Windows-ShellCommon-StartLayoutPopulation", "Computer": "DESKTOP-OFJ6N53", "TimeCreated": "2025-08-13 14:43:48.360315+00:00", "RecordID": "1510", "Level": "4", "UserID": "S-1-5-21-963789628-1060504924-4285088085-1001"}
{"EventID": "1402", "Channel": "Microsoft-Windows-ShellCommon-StartLayoutPopulation/Operational", "Provider_Name": "Microsoft-Windows-ShellCommon-StartLayoutPopulation", "Computer": "DESKTOP-OFJ6N53", "TimeCreated": "2025-08-13 14:43:49.537384+00:00", "RecordID": "1511", "Level": "4", "UserID": "S-1-5-21-963789628-1060504924-4285088085-1001"}
{"EventID": "1403", "Channel": "Microsoft-Windows-ShellCommon-StartLayoutPopulation/Operational", "Provider_Name": "Microsoft-Windows-ShellCommon-StartLayoutPopulation", "Computer": "DESKTOP-OFJ6N53", "TimeCreated": "2025-08-13 14:43:49.782055+00:00", "RecordID": "1512", "Level": "4", "UserID": "S-1-5-21-963789628-1060504924-4285088085-1001"}
{"EventID": "1402", "Channel": "Microsoft-Windows-ShellCommon-StartLayoutPopulation/Operational", "Provider_Name": "Microsoft-Windows-ShellCommon-StartLayoutPopulation", "Computer": "DESKTOP-OFJ6N53", "TimeCreated": "2025-08-13 14:45:03.684387+00:00", "RecordID": "1513", "Level": "4", "UserID": "S-1-5-21-963789628-1060504924-4285088085-1001"}
{"EventID": "1403", "Channel": "Microsoft-Windows-ShellCommon-StartLayoutPopulation/Operational", "Provider_Name": "Microsoft-Windows-ShellCommon-StartLayoutPopulation", "Computer": "DESKTOP-OFJ6N53", "TimeCreated": "2025-08-13 14:45:03.696552+00:00", "RecordID": "1514", "Level": "4", "UserID": "S-1-5-21-963789628-1060504924-4285088085-1001"}
{"EventID": "1402", "Channel": "Microsoft-Windows-ShellCommon-StartLayoutPopulation/Operational", "Provider_Name": "Microsoft-Windows-ShellCommon-StartLayoutPopulation", "Computer": "DESKTOP-OFJ6N53", "TimeCreated": "2025-08-19 07:19:47.202070+00:00", "RecordID": "1515", "Level": "4", "UserID": "S-1-5-21-963789628-1060504924-4285088085-1001"}
{"EventID": "1403", "Channel": "Microsoft-Windows-ShellCommon-StartLayoutPopulation/Operational", "Provider_Name": "Microsoft-Windows-ShellCommon-StartLayoutPopulation", "Computer": "DESKTOP-OFJ6N53", "TimeCreated": "2025-08-19 07:19:47.295725+00:00", "RecordID": "1516", "Level": "4", "UserID": "S-1-5-21-963789628-1060504924-4285088085-1001"}
{"EventID": "1402", "Channel": "Microsoft-Windows-ShellCommon-StartLayoutPopulation/Operational", "Provider_Name": "Microsoft-Windows-ShellCommon-StartLayoutPopulation", "Computer": "DESKTOP-OFJ6N53", "TimeCreated": "2025-08-19 07:19:49.012470+00:00", "RecordID": "1517", "Level": "4", "UserID": "S-1-5-21-963789628-1060504924-4285088085-1001"}
{"EventID": "1403", "Channel": "Microsoft-Windows-ShellCommon-StartLayoutPopulation/Operational", "Provider_Name": "Microsoft-Windows-ShellCommon-StartLayoutPopulation", "Computer": "DESKTOP-OFJ6N53", "TimeCreated": "2025-08-19 07:19:49.056273+00:00", "RecordID": "1518", "Level": "4", "UserID": "S-1-5-21-963789628-1060504924-4285088085-1001"}
