{"EventID": "614", "Channel": "Microsoft-Windows-AppXDeploymentServer/Operational", "Provider_Name": "Microsoft-Windows-AppXDeployment-Server", "Computer": "DESKTOP-OFJ6N53", "TimeCreated": "2025-07-23 08:41:18.225794+00:00", "RecordID": "114107", "Level": "5", "UserID": "S-1-5-21-963789628-1060504924-4285088085-1001", "EventData.PathOne": "C:\\Program Files\\WindowsApps\\Microsoft.YourPhone_1.25061.45.0_neutral_~_8wekyb3d8bbwe\\AppxMetadata\\AppxBundleManifest.xml", "EventData.PathTwo": "\"AppxMetadata\\Stub\\YourPhoneStub.Package_0.25061.45.0_ARM64.msix\": Microsoft.YourPhone_0.25061.45.0_arm64__8wekyb3d8bbwe \"AppxMetadata\\Stub\\YourPhoneStub.Package_0.25061.45.0_language-af.msix\": Microsoft.YourPhone_0.25061.45.0_neutral_split.language-af_8wekyb3d8bbwe \"AppxMetadata\\Stub\\YourPhoneStub.Package_0.25061.45.0_language-am.msix\": Microsoft.YourPhone_0.25061.45.0_neutral_split.language-am_8wekyb3d8bbwe \"AppxMetadata\\Stub\\YourPhoneStub.Package_0.25061.45.0_language-ar.msix\": Microsoft.YourPhone_0.25061.45.0_neutral_split.language-ar_8wekyb3d8bbwe \"AppxMetadata\\Stub\\YourPhoneStub.Package_0.25061.45.0_language-as.msix\": Microsoft.YourPhone_0.25061.45.0_neutral_split.language-as_8wekyb3d8bbwe \"AppxMetadata\\Stub\\YourPhoneStub.Package_0.25061.45.0_language-az-latn.msix\": Microsoft.YourPhone_0.25061.45.0_neutral_split.language-az-latn_8wekyb3d8bbwe \"AppxMetadata\\Stub\\YourPhoneStub.Package_0.25061.45.0_language-be.msix\": Microsoft.YourPhone_0.25061.45.0_neutral_split.language-be_8wekyb3d8bbwe \"AppxMetadata\\Stub\\YourPhoneStub.Package_0.25061.45.0_language-bg.msix\": Microsoft.YourPhone_0.25061.45.0_neutral_split.language-bg_8wekyb3d8bbwe \"AppxMetadata\\Stub\\YourPhoneStub.Package_0.25061.45.0_language-bn.msix\": Microsoft.YourPhone_0.25061.45.0_neutral_split.language-bn_8wekyb3d8bbwe \"AppxMetadata\\Stub\\YourPhoneStub.Package_0.25061.45.0_language-bs.msix\": Microsoft.YourPhone_0.25061.45.0_neutral_split.language-bs_8wekyb3d8bbwe \"AppxMetadata\\Stub\\YourPhoneStub.Package_0.25061.45.0_language-ca.msix\": Microsoft.YourPhone_0.25061.45.0_neutral_split.language-ca_8wekyb3d8bbwe \"AppxMetadata\\Stub\\YourPhoneStub.Package_0.25061.45.0_language-cs.msix\": Microsoft.YourPhone_0.25061.45.0_neutral_split.language-cs_8wekyb3d8bbwe \"AppxMetadata\\Stub\\YourPhoneStub.Package_0.25061.45.0_language-cy.msix\": Microsoft.YourPhone_0.25061.45.0_neutral_split.language-cy_8wekyb3d8bbwe \"AppxMetadata\\Stub\\YourPhoneStub.Package_0.25061.45.0_language-da.msix\": Microsoft.YourPhone_0.25061.45.0_neutral_split.language-da_8wekyb3d8bbwe \"AppxMetadata\\Stub\\YourPhoneStub.Package_0.25061.45.0_language-de.msix\": Microsoft.YourPhone_0.25061.45.0_neutral_split.language-de_8wekyb3d8bbwe \"AppxMetadata\\Stub\\YourPhoneStub.Package_0.25061.45.0_language-el.msix\": Microsoft.YourPhone_0.25061.45.0_neutral_split.language-el_8wekyb3d8bbwe \"AppxMetadata\\Stub\\YourPhoneStub.Package_0.25061.45.0_language-es.msix\": Microsoft.YourPhone_0.25061.45.0_neutral_split.language-es_8wekyb3d8bbwe \"AppxMetadata\\Stub\\YourPhoneStub.Package_0.25061.45.0_language-et.msix\": Microsoft.YourPhone_0.25061.45.0_neutral_split.language-et_8wekyb3d8bbwe \"AppxMetadata\\Stub\\YourPhoneStub.Package_0.25061.45.0_language-eu.msix\": Microsoft.YourPhone_0.25061.45.0_neutral_split.language-eu_8wekyb3d8bbwe \"AppxMetadata\\Stub\\YourPhoneStub.Package_0.25061.45.0_language-fa.msix\": Microsoft.YourPhone_0.25061.45.0_neutral_split.language-fa_8wekyb3d8bbwe \"AppxMetadata\\Stub\\YourPhoneStub.Package_0.25061.45.0_language-fi.msix\": Microsoft.YourPhone_0.25061.45.0_neutral_split.language-fi_8wekyb3d8bbwe \"AppxMetadata\\Stub\\YourPhoneStub.Package_0.25061.45.0_language-fil-latn.msix\": Microsoft.YourPhone_0.25061.45.0_neutral_split.language-fil-latn_8wekyb3d8bbwe \"AppxMetadata\\Stub\\YourPhoneStub.Package_0.25061.45.0_language-fr.msix\": Microsoft.YourPhone_0.25061.45.0_neutral_split.language-fr_8wekyb3d8bbwe \"AppxMetadata\\Stub\\YourPhoneStub.Package_0.25061.45.0_language-ga.msix\": Microsoft.YourPhone_0.25061.45.0_neutral_split.language-ga_8wekyb3d8bbwe \"AppxMetadata\\Stub\\YourPhoneStub.Package_0.25061.45.0_language-gd-latn.msix\": Microsoft.YourPhone_0.25061.45.0_neutral_split.language-gd-latn_8wekyb3d8bbwe \"AppxMetadata\\Stub\\YourPhoneStub.Package_0.25061.45.0_language-gl.msix\": Microsoft.YourPhone_0.25061.45.0_neutral_split.language-gl_8wekyb3d8bbwe \"AppxMetadata\\Stub\\YourPhoneStub.Package_0.25061.45.0_language-gu.msix\": Microsoft.YourPhone_0.25061.45.0_neutral_split.language-gu_8wekyb3d8bbwe \"AppxMetadata\\Stub\\YourPhoneStub.Package_0.25061.45.0_language-he.msix\": Microsoft.YourPhone_0.25061.45.0_neutral_split.language-he_8wekyb3d8bbwe \"AppxMetadata\\Stub\\YourPhoneStub.Package_0.25061.45.0_language-hi.msix\": Microsoft.YourPhone_0.25061.45.0_neutral_split.language-hi_8wekyb3d8bbwe \"AppxMetadata\\Stub\\YourPhoneStub.Package_0.25061.45.0_language-hr.msix\": Microsoft.YourPhone_0.25061.45.0_neutral_split.language-hr_8wekyb3d8bbwe \"AppxMetadata\\Stub\\YourPhoneStub.Package_0.25061.45.0_language-hu.msix\": Microsoft.YourPhone_0.25061.45.0_neutral_split.language-hu_8wekyb3d8bbwe \"AppxMetadata\\Stub\\YourPhoneStub.Package_0.25061.45.0_language-hy.msix\": Microsoft.YourPhone_0.25061.45.0_neutral_split.language-hy_8wekyb3d8bbwe \"AppxMetadata\\Stub\\YourPhoneStub.Package_0.25061.45.0_language-id.msix\": Microsoft.YourPhone_0.25061.45.0_neutral_split.language-id_8wekyb3d8bbwe \"AppxMetadata\\Stub\\YourPhoneStub.Package_0.25061.45.0_language-is.msix\": Microsoft.YourPhone_0.25061.45.0_neutral_split.language-is_8wekyb3d8bbwe \"AppxMetadata\\Stub\\YourPhoneStub.Package_0.25061.45.0_language-it.msix\": Microsoft.YourPhone_0.25061.45.0_neutral_split.language-it_8wekyb3d8bbwe \"AppxMetadata\\Stub\\YourPhoneStub.Package_0.25061.45.0_language-ja.msix\": Microsoft.YourPhone_0.25061.45.0_neutral_split.language-ja_8wekyb3d8bbwe \"AppxMetadata\\Stub\\YourPhoneStub.Package_0.25061.45.0_language-ka.msix\": Microsoft.YourPhone_0.25061.45.0_neutral_split.language-ka_8wekyb3d8bbwe \"AppxMetadata\\Stub\\YourPhoneStub.Package_0.25061.45.0_language-kk.msix\": Microsoft.YourPhone_0.25061.45.0_neutral_split.language-kk_8wekyb3d8bbwe \"AppxMetadata\\Stub\\YourPhoneStub.Package_0.25061.45.0_language-km.msix\": Microsoft.YourPhone_0.25061.45.0_neutral_split.language-km_8wekyb3d8bbwe \"AppxMetadata\\Stub\\YourPhoneStub.Package_0.25061.45.0_language-kn.msix\": Microsoft.YourPhone_0.25061.45.0_neutral_split.language-kn_8wekyb3d8bbwe \"AppxMetadata\\Stub\\YourPhoneStub.Package_0.25061.45.0_language-ko.msix\": Microsoft.YourPhone_0.25061.45.0_neutral_split.language-ko_8wekyb3d8bbwe \"AppxMetadata\\Stub\\YourPhoneStub.Package_0.25061.45.0_language-kok.msix\": Microsoft.YourPhone_0.25061.45.0_neutral_split.language-kok_8wekyb3d8bbwe \"AppxMetadata\\Stub\\YourPhoneStub.Package_0.25061.45.0_language-lb.msix\": Microsoft.YourPhone_0.25061.45.0_neutral_split.language-lb_8wekyb3d8bbwe \"AppxMetadata\\Stub\\YourPhoneStub.Package_0.25061.45.0_language-lo.msix\": Microsoft.YourPhone_0.25061.45.0_neutral_split.language-lo_8wekyb3d8bbwe \"AppxMetadata\\Stub\\YourPhoneStub.Package_0.25061.45.0_language-lt.msix\": Microsoft.YourPhone_0.25061.45.0_neutral_split.language-lt_8wekyb3d8bbwe \"AppxMetadata\\Stub\\YourPhoneStub.Package_0.25061.45.0_language-lv.msix\": Microsoft.YourPhone_0.25061.45.0_neutral_split.language-lv_8wekyb3d8bbwe \"AppxMetadata\\Stub\\YourPhoneStub.Package_0.25061.45.0_language-mi-latn.msix\": Microsoft.YourPhone_0.25061.45.0_neutral_split.language-mi-latn_8wekyb3d8bbwe \"AppxMetadata\\Stub\\YourPhoneStub.Package_0.25061.45.0_language-mk.msix\": Microsoft.YourPhone_0.25061.45.0_neutral_split.language-mk_8wekyb3d8bbwe \"AppxMetadata\\Stub\\YourPhoneStub.Package_0.25061.45.0_language-ml.msix\": Microsoft.YourPhone_0.25061.45.0_neutral_split.language-ml_8wekyb3d8bbwe \"AppxMetadata\\Stub\\YourPhoneStub.Package_0.25061.45.0_language-mr.msix\": Microsoft.YourPhone_0.25061.45.0_neutral_split.language-mr_8wekyb3d8bbwe \"AppxMetadata\\Stub\\YourPhoneStub.Package_0.25061.45.0_language-ms.msix\": Microsoft.YourPhone_0.25061.45.0_neutral_split.language-ms_8wekyb3d8bbwe \"AppxMetadata\\Stub\\YourPhoneStub.Package_0.25061.45.0_language-mt.msix\": Microsoft.YourPhone_0.25061.45.0_neutral_split.language-mt_8wekyb3d8bbwe \"AppxMetadata\\Stub\\YourPhoneStub.Package_0.25061.45.0_language-nb.msix\": Microsoft.YourPhone_0.25061.45.0_neutral_split.language-nb_8wekyb3d8bbwe \"AppxMetadata\\Stub\\YourPhoneStub.Package_0.25061.45.0_language-ne.msix\": Microsoft.YourPhone_0.25061.45.0_neutral_split.language-ne_8wekyb3d8bbwe \"AppxMetadata\\Stub\\YourPhoneStub.Package_0.25061.45.0_language-nl.msix\": Microsoft.YourPhone_0.25061.45.0_neutral_split.language-nl_8wekyb3d8bbwe \"AppxMetadata\\Stub\\YourPhoneStub.Package_0.25061.45.0_language-nn.msix\": Microsoft.YourPhone_0.25061.45.0_neutral_split.language-nn_8wekyb3d8bbwe \"AppxMetadata\\Stub\\YourPhoneStub.Package_0.25061.45.0_language-or.msix\": Microsoft.YourPhone_0.25061.45.0_neutral_split.language-or_8wekyb3d8bbwe \"AppxMetadata\\Stub\\YourPhoneStub.Package_0.25061.45.0_language-pa.msix\": Microsoft.YourPhone_0.25061.45.0_neutral_split.language-pa_8wekyb3d8bbwe \"AppxMetadata\\Stub\\YourPhoneStub.Package_0.25061.45.0_language-pl.msix\": Microsoft.YourPhone_0.25061.45.0_neutral_split.language-pl_8wekyb3d8bbwe \"AppxMetadata\\Stub\\YourPhoneStub.Package_0.25061.45.0_language-pt.msix\": Microsoft.YourPhone_0.25061.45.0_neutral_split.language-pt_8wekyb3d8bbwe \"AppxMetadata\\Stub\\YourPhoneStub.Package_0.25061.45.0_language-qps-ploc.msix\": Microsoft.YourPhone_0.25061.45.0_neutral_split.language-qps-ploc_8wekyb3d8bbwe \"AppxMetadata\\Stub\\YourPhoneStub.Package_0.25061.45.0_language-qps-ploca.msix\": Microsoft.YourPhone_0.25061.45.0_neutral_split.language-qps-ploca_8wekyb3d8bbwe \"AppxMetadata\\Stub\\YourPhoneStub.Package_0.25061.45.0_language-qps-plocm.msix\": Microsoft.YourPhone_0.25061.45.0_neutral_split.language-qps-plocm_8wekyb3d8bbwe \"AppxMetadata\\Stub\\YourPhoneStub.Package_0.25061.45.0_language-quz-latn.msix\": Microsoft.YourPhone_0.25061.45.0_neutral_split.language-quz-latn_8wekyb3d8bbwe \"AppxMetadata\\Stub\\YourPhoneStub.Package_0.25061.45.0_language-ro.msix\": Microsoft.YourPhone_0.25061.45.0_neutral_split.language-ro_8wekyb3d8bbwe \"AppxMetadata\\Stub\\YourPhoneStub.Package_0.25061.45.0_language-ru.msix\": Microsoft.YourPhone_0.25061.45.0_neutral_split.language-ru_8wekyb3d8bbwe \"AppxMetadata\\Stub\\YourPhoneStub.Package_0.25061.45.0_language-sk.msix\": Microsoft.YourPhone_0.25061.45.0_neutral_split.language-sk_8wekyb3d8bbwe \"AppxMetadata\\Stub\\YourPhoneStub.Package_0.25061.45.0_language-sl.msix\": Microsoft.YourPhone_0.25061.45.0_neutral_split.language-sl_8wekyb3d8bbwe \"AppxMetadata\\Stub\\YourPhoneStub.Package_0.25061.45.0_language-sq.msix\": Microsoft.YourPhone_0.25061.45.0_neutral_split.language-sq_8wekyb3d8bbwe \"AppxMetadata\\Stub\\YourPhoneStub.Package_0.25061.45.0_language-sr-cyrl.msix\": Microsoft.YourPhone_0.25061.45.0_neutral_split.language-sr-cyrl_8wekyb3d8bbwe \"AppxMetadata\\Stub\\YourPhoneStub.Package_0.25061.45.0_language-sr-latn.msix\": Microsoft.YourPhone_0.25061.45.0_neutral_split.language-sr-latn_8wekyb3d8bbwe \"AppxMetadata\\Stub\\YourPhoneStub.Package_0.25061.45.0_language-sv.msix\": Microsoft.YourPhone_0.25061.45.0_neutral_split.language-sv_8wekyb3d8bbwe \"AppxMetadata\\Stub\\YourPhoneStub.Package_0.25061.45.0_language-ta.msix\": Microsoft.YourPhone_0.25061.45.0_neutral_split.language-ta_8wekyb3d8bbwe \"AppxMetadata\\Stub\\YourPhoneStub.Package_0.25061.45.0_language-te.msix\": Microsoft.YourPhone_0.25061.45.0_neutral_split.language-te_8wekyb3d8bbwe \"AppxMetadata\\Stub\\YourPhoneStub.Package_0.25061.45.0_language-th.msix\": Microsoft.YourPhone_0.25061.45.0_neutral_split.language-th_8wekyb3d8bbwe \"AppxMetadata\\Stub\\YourPhoneStub.Package_0.25061.45.0_language-tr.msix\": Microsoft.YourPhone_0.25061.45.0_neutral_split.language-tr_8wekyb3d8bbwe \"AppxMetadata\\Stub\\YourPhoneStub.Package_0.25061.45.0_language-tt-cyrl.msix\": Microsoft.YourPhone_0.25061.45.0_neutral_split.language-tt-cyrl_8wekyb3d8bbwe \"AppxMetadata\\Stub\\YourPhoneStub.Package_0.25061.45.0_language-ug-arab.msix\": Microsoft.YourPhone_0.25061.45.0_neutral_split.language-ug-arab_8wekyb3d8bbwe \"AppxMetadata\\Stub\\YourPhoneStub.Package_0.25061.45.0_language-uk.msix\": Microsoft.YourPhone_0.25061.45.0_neutral_split.language-uk_8wekyb3d8bbwe \"AppxMetadata\\Stub\\YourPhoneStub.Package_0.25061.45.0_language-ur.msix\": Microsoft.YourPhone_0.25061.45.0_neutral_split.language-ur_8wekyb3d8bbwe \"AppxMetadata\\Stub\\YourPhoneStub.Package_0.25061.45.0_language-uz-latn.msix\": Microsoft.YourPhone_0.25061.45.0_neutral_split.language-uz-latn_8wekyb3d8bbwe \"AppxMetadata\\Stub\\YourPhoneStub.Package_0.25061.45.0_language-vi.msix\": Microsoft.YourPhone_0.25061.45.0_neutral_split.language-vi_8wekyb3d8bbwe \"AppxMetadata\\Stub\\YourPhoneStub.Package_0.25061.45.0_language-zh-hans.msix\": Microsoft.YourPhone_0.25061.45.0_neutral_split.language-zh-hans_8wekyb3d8bbwe \"AppxMetadata\\Stub\\YourPhoneStub.Package_0.25061.45.0_language-zh-hant.msix\": Microsoft.YourPhone_0.25061.45.0_neutral_split.language-zh-hant_8wekyb3d8bbwe \"AppxMetadata\\Stub\\YourPhoneStub.Package_0.25061.45.0_scale-100.msix\": Microsoft.YourPhone_0.25061.45.0_neutral_split.scale-100_8wekyb3d8bbwe \"AppxMetadata\\Stub\\YourPhoneStub.Package_0.25061.45.0_scale-125.msix\": Microsoft.YourPhone_0.25061.45.0_neutral_split.scale-125_8wekyb3d8bbwe \"AppxMetadata\\Stub\\YourPhoneStub.Package_0.25061.45.0_scale-150.msix\": Microsoft.YourPhone_0.25061.45.0_neutral_split.scale-150_8wekyb3d8bbwe \"AppxMetadata\\Stub\\YourPhoneStub.Package_0.25061.45.0_scale-400.msix\": Microsoft.YourPhone_0.25061.45.0_neutral_split.scale-400_8wekyb3d8bbwe \"AppxMetadata\\Stub\\YourPhoneStub.Package_0.25061.45.0_x64.msix\": Microsoft.YourPhone_0.25061.45.0_x64__8wekyb3d8bbwe \"AppxMetadata\\Stub\\YourPhoneStub.Package_0.25061.45.0_x86.msix\": Microsoft.YourPhone_0.25061.45.0_x86__8wekyb3d8bbwe \"YourPhone.Package_1.25061.45.0_arm64.msix\": Microsoft.YourPhone_1.25061.45.0_arm64__8wekyb3d8bbwe \"YourPhone.Package_1.25061.45.0_x64.msix\": Microsoft.YourPhone_1.25061.45.0_x64__8wekyb3d8bbwe \"YourPhone.Package_1.25061.45.0_x86.msix\": Microsoft.YourPhone_1.25061.45.0_x86__8wekyb3d8bbwe \"YourPhone.Package_1.25061.45.0_scale-125.msix\": Microsoft.YourPhone_1.25061.45.0_neutral_split.scale-125_8wekyb3d8bbwe \"YourPhone.Package_1.25061.45.0_language-bs.msix\": Microsoft.YourPhone_1.25061.45.0_neutral_split.language-bs_8wekyb3d8bbwe \"YourPhone.Package_1.25061.45.0_language-ru.msix\": Microsoft.YourPhone_1.25061.45.0_neutral_split.language-ru_8wekyb3d8bbwe \"YourPhone.Package_1.25061.45.0_language-uz-latn.msix\": Microsoft.YourPhone_1.25061.45.0_neutral_split.language-uz-latn_8wekyb3d8bbwe \"YourPhone.Package_1.25061.45.0_language-be.msix\": Microsoft.YourPhone_1.25061.45.0_neutral_split.language-be_8wekyb3d8bbwe \"YourPhone.Package_1.25061.45.0_language-hr.msix\": Microsoft.YourPhone_1.25061.45.0_neutral_split.language-hr_8wekyb3d8bbwe \"YourPhone.Package_1.25061.45.0_language-fil-latn.msix\": Microsoft.YourPhone_1.25061.45.0_neutral_split.language-fil-latn_8wekyb3d8bbwe \"YourPhone.Package_1.25061.45.0_language-mi-latn.msix\": Microsoft.YourPhone_1.25061.45.0_neutral_split.language-mi-latn_8wekyb3d8bbwe \"YourPhone.Package_1.25061.45.0_language-as.msix\": Microsoft.YourPhone_1.25061.45.0_neutral_split.language-as_8wekyb3d8bbwe \"YourPhone.Package_1.25061.45.0_language-sq.msix\": Microsoft.YourPhone_1.25061.45.0_neutral_split.language-sq_8wekyb3d8bbwe \"YourPhone.Package_1.25061.45.0_language-lb.msix\": Microsoft.YourPhone_1.25061.45.0_neutral_split.language-lb_8wekyb3d8bbwe \"YourPhone.Package_1.25061.45.0_language-he.msix\": Microsoft.YourPhone_1.25061.45.0_neutral_split.language-he_8wekyb3d8bbwe \"YourPhone.Package_1.25061.45.0_language-sl.msix\": Microsoft.YourPhone_1.25061.45.0_neutral_split.language-sl_8wekyb3d8bbwe \"YourPhone.Package_1.25061.45.0_language-am.msix\": Microsoft.YourPhone_1.25061.45.0_neutral_split.language-am_8wekyb3d8bbwe \"YourPhone.Package_1.25061.45.0_language-uk.msix\": Microsoft.YourPhone_1.25061.45.0_neutral_split.language-uk_8wekyb3d8bbwe \"YourPhone.Package_1.25061.45.0_language-et.msix\": Microsoft.YourPhone_1.25061.45.0_neutral_split.language-et_8wekyb3d8bbwe \"YourPhone.Package_1.25061.45.0_language-el.msix\": Microsoft.YourPhone_1.25061.45.0_neutral_split.language-el_8wekyb3d8bbwe \"YourPhone.Package_1.25061.45.0_language-sv.msix\": Microsoft.YourPhone_1.25061.45.0_neutral_split.language-sv_8wekyb3d8bbwe \"YourPhone.Package_1.25061.45.0_language-da.msix\": Microsoft.YourPhone_1.25061.45.0_neutral_split.language-da_8wekyb3d8bbwe \"YourPhone.Package_1.25061.45.0_language-bg.msix\": Microsoft.YourPhone_1.25061.45.0_neutral_split.language-bg_8wekyb3d8bbwe \"YourPhone.Package_1.25061.45.0_language-lv.msix\": Microsoft.YourPhone_1.25061.45.0_neutral_split.language-lv_8wekyb3d8bbwe \"YourPhone.Package_1.25061.45.0_language-lo.msix\": Microsoft.YourPhone_1.25061.45.0_neutral_split.language-lo_8wekyb3d8bbwe \"YourPhone.Package_1.25061.45.0_language-fa.msix\": Microsoft.YourPhone_1.25061.45.0_neutral_split.language-fa_8wekyb3d8bbwe \"YourPhone.Package_1.25061.45.0_language-tt-cyrl.msix\": Microsoft.YourPhone_1.25061.45.0_neutral_split.language-tt-cyrl_8wekyb3d8bbwe \"YourPhone.Package_1.25061.45.0_language-pa.msix\": Microsoft.YourPhone_1.25061.45.0_neutral_split.language-pa_8wekyb3d8bbwe \"YourPhone.Package_1.25061.45.0_language-zh-hant.msix\": Microsoft.YourPhone_1.25061.45.0_neutral_split.language-zh-hant_8wekyb3d8bbwe \"YourPhone.Package_1.25061.45.0_language-tr.msix\": Microsoft.YourPhone_1.25061.45.0_neutral_split.language-tr_8wekyb3d8bbwe \"YourPhone.Package_1.25061.45.0_language-eu.msix\": Microsoft.YourPhone_1.25061.45.0_neutral_split.language-eu_8wekyb3d8bbwe \"YourPhone.Package_1.25061.45.0_language-qps-plocm.msix\": Microsoft.YourPhone_1.25061.45.0_neutral_split.language-qps-plocm_8wekyb3d8bbwe \"YourPhone.Package_1.25061.45.0_language-ml.msix\": Microsoft.YourPhone_1.25061.45.0_neutral_split.language-ml_8wekyb3d8bbwe \"YourPhone.Package_1.25061.45.0_language-gl.msix\": Microsoft.YourPhone_1.25061.45.0_neutral_split.language-gl_8wekyb3d8bbwe \"YourPhone.Package_1.25061.45.0_language-is.msix\": Microsoft.YourPhone_1.25061.45.0_neutral_split.language-is_8wekyb3d8bbwe \"YourPhone.Package_1.25061.45.0_language-ug-arab.msix\": Microsoft.YourPhone_1.25061.45.0_neutral_split.language-ug-arab_8wekyb3d8bbwe \"YourPhone.Package_1.25061.45.0_language-or.msix\": Microsoft.YourPhone_1.25061.45.0_neutral_split.language-or_8wekyb3d8bbwe \"YourPhone.Package_1.25061.45.0_language-nb.msix\": Microsoft.YourPhone_1.25061.45.0_neutral_split.language-nb_8wekyb3d8bbwe \"YourPhone.Package_1.25061.45.0_language-kn.msix\": Microsoft.YourPhone_1.25061.45.0_neutral_split.language-kn_8wekyb3d8bbwe \"YourPhone.Package_1.25061.45.0_scale-100.msix\": Microsoft.YourPhone_1.25061.45.0_neutral_split.scale-100_8wekyb3d8bbwe \"YourPhone.Package_1.25061.45.0_language-ur.msix\": Microsoft.YourPhone_1.25061.45.0_neutral_split.language-ur_8wekyb3d8bbwe \"YourPhone.Package_1.25061.45.0_language-mr.msix\": Microsoft.YourPhone_1.25061.45.0_neutral_split.language-mr_8wekyb3d8bbwe \"YourPhone.Package_1.25061.45.0_language-mt.msix\": Microsoft.YourPhone_1.25061.45.0_neutral_split.language-mt_8wekyb3d8bbwe \"YourPhone.Package_1.25061.45.0_language-az-latn.msix\": Microsoft.YourPhone_1.25061.45.0_neutral_split.language-az-latn_8wekyb3d8bbwe \"YourPhone.Package_1.25061.45.0_language-ms.msix\": Microsoft.YourPhone_1.25061.45.0_neutral_split.language-ms_8wekyb3d8bbwe \"YourPhone.Package_1.25061.45.0_language-ne.msix\": Microsoft.YourPhone_1.25061.45.0_neutral_split.language-ne_8wekyb3d8bbwe \"YourPhone.Package_1.25061.45.0_language-quz-latn.msix\": Microsoft.YourPhone_1.25061.45.0_neutral_split.language-quz-latn_8wekyb3d8bbwe \"YourPhone.Package_1.25061.45.0_language-qps-ploc.msix\": Microsoft.YourPhone_1.25061.45.0_neutral_split.language-qps-ploc_8wekyb3d8bbwe \"YourPhone.Package_1.25061.45.0_language-zh-hans.msix\": Microsoft.YourPhone_1.25061.45.0_neutral_split.language-zh-hans_8wekyb3d8bbwe \"YourPhone.Package_1.25061.45.0_language-ga.msix\": Microsoft.YourPhone_1.25061.45.0_neutral_split.language-ga_8wekyb3d8bbwe \"YourPhone.Package_1.25061.45.0_language-ja.msix\": Microsoft.YourPhone_1.25061.45.0_neutral_split.language-ja_8wekyb3d8bbwe \"YourPhone.Package_1.25061.45.0_language-nn.msix\": Microsoft.YourPhone_1.25061.45.0_neutral_split.language-nn_8wekyb3d8bbwe \"YourPhone.Package_1.25061.45.0_language-fr.msix\": Microsoft.YourPhone_1.25061.45.0_neutral_split.language-fr_8wekyb3d8bbwe \"YourPhone.Package_1.25061.45.0_language-vi.msix\": Microsoft.YourPhone_1.25061.45.0_neutral_split.language-vi_8wekyb3d8bbwe \"YourPhone.Package_1.25061.45.0_language-bn.msix\": Microsoft.YourPhone_1.25061.45.0_neutral_split.language-bn_8wekyb3d8bbwe \"YourPhone.Package_1.25061.45.0_language-te.msix\": Microsoft.YourPhone_1.25061.45.0_neutral_split.language-te_8wekyb3d8bbwe \"YourPhone.Package_1.25061.45.0_language-es.msix\": Microsoft.YourPhone_1.25061.45.0_neutral_split.language-es_8wekyb3d8bbwe \"YourPhone.Package_1.25061.45.0_language-ko.msix\": Microsoft.YourPhone_1.25061.45.0_neutral_split.language-ko_8wekyb3d8bbwe \"YourPhone.Package_1.25061.45.0_language-lt.msix\": Microsoft.YourPhone_1.25061.45.0_neutral_split.language-lt_8wekyb3d8bbwe \"YourPhone.Package_1.25061.45.0_language-kok.msix\": Microsoft.YourPhone_1.25061.45.0_neutral_split.language-kok_8wekyb3d8bbwe \"YourPhone.Package_1.25061.45.0_language-ka.msix\": Microsoft.YourPhone_1.25061.45.0_neutral_split.language-ka_8wekyb3d8bbwe \"YourPhone.Package_1.25061.45.0_language-hy.msix\": Microsoft.YourPhone_1.25061.45.0_neutral_split.language-hy_8wekyb3d8bbwe \"YourPhone.Package_1.25061.45.0_scale-150.msix\": Microsoft.YourPhone_1.25061.45.0_neutral_split.scale-150_8wekyb3d8bbwe \"YourPhone.Package_1.25061.45.0_language-pt.msix\": Microsoft.YourPhone_1.25061.45.0_neutral_split.language-pt_8wekyb3d8bbwe \"YourPhone.Package_1.25061.45.0_language-de.msix\": Microsoft.YourPhone_1.25061.45.0_neutral_split.language-de_8wekyb3d8bbwe \"YourPhone.Package_1.25061.45.0_language-ro.msix\": Microsoft.YourPhone_1.25061.45.0_neutral_split.language-ro_8wekyb3d8bbwe \"YourPhone.Package_1.25061.45.0_language-qps-ploca.msix\": Microsoft.YourPhone_1.25061.45.0_neutral_split.language-qps-ploca_8wekyb3d8bbwe \"YourPhone.Package_1.25061.45.0_language-hi.msix\": Microsoft.YourPhone_1.25061.45.0_neutral_split.language-hi_8wekyb3d8bbwe \"YourPhone.Package_1.25061.45.0_language-cy.msix\": Microsoft.YourPhone_1.25061.45.0_neutral_split.language-cy_8wekyb3d8bbwe \"YourPhone.Package_1.25061.45.0_language-gd-latn.msix\": Microsoft.YourPhone_1.25061.45.0_neutral_split.language-gd-latn_8wekyb3d8bbwe \"YourPhone.Package_1.25061.45.0_language-pl.msix\": Microsoft.YourPhone_1.25061.45.0_neutral_split.language-pl_8wekyb3d8bbwe \"YourPhone.Package_1.25061.45.0_language-sr-cyrl.msix\": Microsoft.YourPhone_1.25061.45.0_neutral_split.language-sr-cyrl_8wekyb3d8bbwe \"YourPhone.Package_1.25061.45.0_language-ar.msix\": Microsoft.YourPhone_1.25061.45.0_neutral_split.language-ar_8wekyb3d8bbwe \"YourPhone.Package_1.25061.45.0_language-af.msix\": Microsoft.YourPhone_1.25061.45.0_neutral_split.language-af_8wekyb3d8bbwe \"YourPhone.Package_1.25061.45.0_language-ca.msix\": Microsoft.YourPhone_1.25061.45.0_neutral_split.language-ca_8wekyb3d8bbwe \"YourPhone.Package_1.25061.45.0_language-sr-latn.msix\": Microsoft.YourPhone_1.25061.45.0_neutral_split.language-sr-latn_8wekyb3d8bbwe \"YourPhone.Package_1.25061.45.0_language-fi.msix\": Microsoft.YourPhone_1.25061.45.0_neutral_split.language-fi_8wekyb3d8bbwe \"YourPhone.Package_1.25061.45.0_language-ta.msix\": Microsoft.YourPhone_1.25061.45.0_neutral_split.language-ta_8wekyb3d8bbwe \"YourPhone.Package_1.25061.45.0_language-kk.msix\": Microsoft.YourPhone_1.25061.45.0_neutral_split.language-kk_8wekyb3d8bbwe \"YourPhone.Package_1.25061.45.0_scale-400.msix\": Microsoft.YourPhone_1.25061.45.0_neutral_split.scale-400_8wekyb3d8bbwe \"YourPhone.Package_1.25061.45.0_language-th.msix\": Microsoft.YourPhone_1.25061.45.0_neutral_split.language-th_8wekyb3d8bbwe \"YourPhone.Package_1.25061.45.0_language-nl.msix\": Microsoft.YourPhone_1.25061.45.0_neutral_split.language-nl_8wekyb3d8bbwe \"YourPhone.Package_1.25061.45.0_language-mk.msix\": Microsoft.YourPhone_1.25061.45.0_neutral_split.language-mk_8wekyb3d8bbwe \"YourPhone.Package_1.25061.45.0_language-it.msix\": Microsoft.YourPhone_1.25061.45.0_neutral_split.language-it_8wekyb3d8bbwe \"YourPhone.Package_1.25061.45.0_language-gu.msix\": Microsoft.YourPhone_1.25061.45.0_neutral_split.language-gu_8wekyb3d8bbwe \"YourPhone.Package_1.25061.45.0_language-cs.msix\": Microsoft.YourPhone_1.25061.45.0_neutral_split.language-cs_8wekyb3d8bbwe \"YourPhone.Package_1.25061.45.0_language-hu.msix\": Microsoft.YourPhone_1.25061.45.0_neutral_split.language-hu_8wekyb3d8bbwe \"YourPhone.Package_1.25061.45.0_language-sk.msix\": Microsoft.YourPhone_1.25061.45.0_neutral_split.language-sk_8wekyb3d8bbwe \"YourPhone.Package_1.25061.45.0_language-id.msix\": Microsoft.YourPhone_1.25061.45.0_neutral_split.language-id_8wekyb3d8bbwe \"YourPhone.Package_1.25061.45.0_language-km.msix\": Microsoft.YourPhone_1.25061.45.0_neutral_split.language-km_8wekyb3d8bbwe"}
{"EventID": "854", "Channel": "Microsoft-Windows-AppXDeploymentServer/Operational", "Provider_Name": "Microsoft-Windows-AppXDeployment-Server", "Computer": "DESKTOP-OFJ6N53", "TimeCreated": "2025-07-23 08:41:18.240053+00:00", "RecordID": "114108", "Level": "4", "UserID": "S-1-5-21-963789628-1060504924-4285088085-1001", "EventData.Path": "C:\\Program Files\\WindowsApps\\Microsoft.YourPhone_1.25061.45.0_neutral_~_8wekyb3d8bbwe\\AppxMetadata\\AppxBundleManifest.xml C:\\Program Files\\WindowsApps\\Microsoft.YourPhone_1.25061.45.0_x64__8wekyb3d8bbwe\\AppxManifest.xml C:\\Program Files\\WindowsApps\\Microsoft.YourPhone_1.25061.45.0_neutral_split.scale-100_8wekyb3d8bbwe\\AppxManifest.xml C:\\Program Files\\WindowsApps\\Microsoft.YourPhone_1.25061.45.0_neutral_split.scale-125_8wekyb3d8bbwe\\AppxManifest.xml C:\\Program Files\\WindowsApps\\Microsoft.YourPhone_1.25061.45.0_neutral_split.language-ru_8wekyb3d8bbwe\\AppxManifest.xml"}
{"EventID": "855", "Channel": "Microsoft-Windows-AppXDeploymentServer/Operational", "Provider_Name": "Microsoft-Windows-AppXDeployment-Server", "Computer": "DESKTOP-OFJ6N53", "TimeCreated": "2025-07-23 08:41:18.329472+00:00", "RecordID": "114109", "Level": "4", "UserID": "S-1-5-21-963789628-1060504924-4285088085-1001", "EventData.PackageMoniker": "updateList: Microsoft.YourPhone_1.25061.44.0_neutral_~_8wekyb3d8bbwe is updating to Microsoft.YourPhone_1.25061.45.0_neutral_~_8wekyb3d8bbwe Microsoft.YourPhone_1.25061.44.0_x64__8wekyb3d8bbwe is updating to Microsoft.YourPhone_1.25061.45.0_x64__8wekyb3d8bbwe Microsoft.YourPhone_1.25061.44.0_neutral_split.scale-100_8wekyb3d8bbwe is updating to Microsoft.YourPhone_1.25061.45.0_neutral_split.scale-100_8wekyb3d8bbwe Microsoft.YourPhone_1.25061.44.0_neutral_split.scale-125_8wekyb3d8bbwe is updating to Microsoft.YourPhone_1.25061.45.0_neutral_split.scale-125_8wekyb3d8bbwe Microsoft.YourPhone_1.25061.44.0_neutral_split.language-ru_8wekyb3d8bbwe is updating to Microsoft.YourPhone_1.25061.45.0_neutral_split.language-ru_8wekyb3d8bbwe"}
{"EventID": "9645", "Channel": "Microsoft-Windows-AppXDeploymentServer/Operational", "Provider_Name": "Microsoft-Windows-AppXDeployment-Server", "Computer": "DESKTOP-OFJ6N53", "TimeCreated": "2025-07-23 08:41:18.400972+00:00", "RecordID": "114110", "Level": "5", "UserID": "S-1-5-21-963789628-1060504924-4285088085-1001", "EventData.ErrorCode": "0x00000000", "EventData.String": "Microsoft.YourPhone_1.25061.44.0_x64__8wekyb3d8bbwe"}
{"EventID": "10000", "Channel": "Microsoft-Windows-AppXDeploymentServer/Operational", "Provider_Name": "Microsoft-Windows-AppXDeployment-Server", "Computer": "DESKTOP-OFJ6N53", "TimeCreated": "2025-07-23 08:41:18.402040+00:00", "RecordID": "114111", "Level": "5", "UserID": "S-1-5-18", "EventData.PackageFullName": "Microsoft.YourPhone_1.25061.44.0_x64__8wekyb3d8bbwe", "EventData.ErrorCode": "0x00000000"}
{"EventID": "10000", "Channel": "Microsoft-Windows-AppXDeploymentServer/Operational", "Provider_Name": "Microsoft-Windows-AppXDeployment-Server", "Computer": "DESKTOP-OFJ6N53", "TimeCreated": "2025-07-23 08:41:18.402277+00:00", "RecordID": "114112", "Level": "5", "UserID": "S-1-5-18", "EventData.PackageFullName": "Microsoft.YourPhone_1.25061.45.0_x64__8wekyb3d8bbwe", "EventData.ErrorCode": "0x00000000"}
{"EventID": "9645", "Channel": "Microsoft-Windows-AppXDeploymentServer/Operational", "Provider_Name": "Microsoft-Windows-AppXDeployment-Server", "Computer": "DESKTOP-OFJ6N53", "TimeCreated": "2025-07-23 08:41:18.423388+00:00", "RecordID": "114113", "Level": "5", "UserID": "S-1-5-21-963789628-1060504924-4285088085-1001", "EventData.ErrorCode": "0x00000000", "EventData.String": "Microsoft.YourPhone_1.25061.44.0_x64__8wekyb3d8bbwe"}
{"EventID": "5506", "Channel": "Microsoft-Windows-AppXDeploymentServer/Operational", "Provider_Name": "Microsoft-Windows-AppXDeployment-Server", "Computer": "DESKTOP-OFJ6N53", "TimeCreated": "2025-07-23 08:41:18.592220+00:00", "RecordID": "114114", "Level": "5", "UserID": "S-1-5-18", "EventData.PackageName": "Microsoft.YourPhone_1.25061.45.0_x64__8wekyb3d8bbwe", "EventData.FilePath": "C:\\Program Files\\WindowsApps\\Microsoft.YourPhone_1.25061.45.0_x64__8wekyb3d8bbwe\\microsoft.system.package.metadata\\resources.4c1fd089.pri", "EventData.Message": "Created shared merged PRI file"}
{"EventID": "5505", "Channel": "Microsoft-Windows-AppXDeploymentServer/Operational", "Provider_Name": "Microsoft-Windows-AppXDeployment-Server", "Computer": "DESKTOP-OFJ6N53", "TimeCreated": "2025-07-23 08:41:18.592804+00:00", "RecordID": "114115", "Level": "5", "UserID": "S-1-5-18", "EventData.PackageName": "Microsoft.YourPhone_1.25061.45.0_x64__8wekyb3d8bbwe", "EventData.FilePath": "C:\\Program Files\\WindowsApps\\Microsoft.YourPhone_1.25061.45.0_x64__8wekyb3d8bbwe\\microsoft.system.package.metadata\\S-1-5-21-963789628-1060504924-4285088085-1001-MergedResources-86.pri", "EventData.Message": "Linked user-specific merged PRI file"}
{"EventID": "8100", "Channel": "Microsoft-Windows-AppXDeploymentServer/Operational", "Provider_Name": "Microsoft-Windows-AppXDeployment-Server", "Computer": "DESKTOP-OFJ6N53", "TimeCreated": "2025-07-23 08:41:18.607430+00:00", "RecordID": "114116", "Level": "5", "UserID": "S-1-5-18", "EventData.PackageFullName": "Microsoft.YourPhone_1.25061.45.0_x64__8wekyb3d8bbwe", "EventData.Flags": "0x00000009"}
{"EventID": "8106", "Channel": "Microsoft-Windows-AppXDeploymentServer/Operational", "Provider_Name": "Microsoft-Windows-AppXDeployment-Server", "Computer": "DESKTOP-OFJ6N53", "TimeCreated": "2025-07-23 08:41:18.609678+00:00", "RecordID": "114117", "Level": "5", "UserID": "S-1-5-18", "EventData.PackageFullName": "Microsoft.YourPhone_1.25061.45.0_x64__8wekyb3d8bbwe", "EventData.Flags": "0x00000009"}
{"EventID": "8101", "Channel": "Microsoft-Windows-AppXDeploymentServer/Operational", "Provider_Name": "Microsoft-Windows-AppXDeployment-Server", "Computer": "DESKTOP-OFJ6N53", "TimeCreated": "2025-07-23 08:41:18.609692+00:00", "RecordID": "114118", "Level": "5", "UserID": "S-1-5-18", "EventData.PackageFullName": "Microsoft.YourPhone_1.25061.45.0_x64__8wekyb3d8bbwe", "EventData.Flags": "0x00000009"}
{"EventID": "8100", "Channel": "Microsoft-Windows-AppXDeploymentServer/Operational", "Provider_Name": "Microsoft-Windows-AppXDeployment-Server", "Computer": "DESKTOP-OFJ6N53", "TimeCreated": "2025-07-23 08:41:18.609695+00:00", "RecordID": "114119", "Level": "5", "UserID": "S-1-5-18", "EventData.PackageFullName": "Microsoft.YourPhone_1.25061.45.0_neutral_split.scale-100_8wekyb3d8bbwe", "EventData.Flags": "0x00000009"}
{"EventID": "8106", "Channel": "Microsoft-Windows-AppXDeploymentServer/Operational", "Provider_Name": "Microsoft-Windows-AppXDeployment-Server", "Computer": "DESKTOP-OFJ6N53", "TimeCreated": "2025-07-23 08:41:18.611538+00:00", "RecordID": "114120", "Level": "5", "UserID": "S-1-5-18", "EventData.PackageFullName": "Microsoft.YourPhone_1.25061.45.0_neutral_split.scale-100_8wekyb3d8bbwe", "EventData.Flags": "0x00000009"}
{"EventID": "8101", "Channel": "Microsoft-Windows-AppXDeploymentServer/Operational", "Provider_Name": "Microsoft-Windows-AppXDeployment-Server", "Computer": "DESKTOP-OFJ6N53", "TimeCreated": "2025-07-23 08:41:18.611549+00:00", "RecordID": "114121", "Level": "5", "UserID": "S-1-5-18", "EventData.PackageFullName": "Microsoft.YourPhone_1.25061.45.0_neutral_split.scale-100_8wekyb3d8bbwe", "EventData.Flags": "0x00000009"}
{"EventID": "8100", "Channel": "Microsoft-Windows-AppXDeploymentServer/Operational", "Provider_Name": "Microsoft-Windows-AppXDeployment-Server", "Computer": "DESKTOP-OFJ6N53", "TimeCreated": "2025-07-23 08:41:18.611551+00:00", "RecordID": "114122", "Level": "5", "UserID": "S-1-5-18", "EventData.PackageFullName": "Microsoft.YourPhone_1.25061.45.0_neutral_split.scale-125_8wekyb3d8bbwe", "EventData.Flags": "0x00000009"}
{"EventID": "8106", "Channel": "Microsoft-Windows-AppXDeploymentServer/Operational", "Provider_Name": "Microsoft-Windows-AppXDeployment-Server", "Computer": "DESKTOP-OFJ6N53", "TimeCreated": "2025-07-23 08:41:18.613174+00:00", "RecordID": "114123", "Level": "5", "UserID": "S-1-5-18", "EventData.PackageFullName": "Microsoft.YourPhone_1.25061.45.0_neutral_split.scale-125_8wekyb3d8bbwe", "EventData.Flags": "0x00000009"}
{"EventID": "8101", "Channel": "Microsoft-Windows-AppXDeploymentServer/Operational", "Provider_Name": "Microsoft-Windows-AppXDeployment-Server", "Computer": "DESKTOP-OFJ6N53", "TimeCreated": "2025-07-23 08:41:18.613186+00:00", "RecordID": "114124", "Level": "5", "UserID": "S-1-5-18", "EventData.PackageFullName": "Microsoft.YourPhone_1.25061.45.0_neutral_split.scale-125_8wekyb3d8bbwe", "EventData.Flags": "0x00000009"}
{"EventID": "8100", "Channel": "Microsoft-Windows-AppXDeploymentServer/Operational", "Provider_Name": "Microsoft-Windows-AppXDeployment-Server", "Computer": "DESKTOP-OFJ6N53", "TimeCreated": "2025-07-23 08:41:18.613188+00:00", "RecordID": "114125", "Level": "5", "UserID": "S-1-5-18", "EventData.PackageFullName": "Microsoft.YourPhone_1.25061.45.0_neutral_split.language-ru_8wekyb3d8bbwe", "EventData.Flags": "0x00000009"}
{"EventID": "8106", "Channel": "Microsoft-Windows-AppXDeploymentServer/Operational", "Provider_Name": "Microsoft-Windows-AppXDeployment-Server", "Computer": "DESKTOP-OFJ6N53", "TimeCreated": "2025-07-23 08:41:18.614819+00:00", "RecordID": "114126", "Level": "5", "UserID": "S-1-5-18", "EventData.PackageFullName": "Microsoft.YourPhone_1.25061.45.0_neutral_split.language-ru_8wekyb3d8bbwe", "EventData.Flags": "0x00000009"}
{"EventID": "8101", "Channel": "Microsoft-Windows-AppXDeploymentServer/Operational", "Provider_Name": "Microsoft-Windows-AppXDeployment-Server", "Computer": "DESKTOP-OFJ6N53", "TimeCreated": "2025-07-23 08:41:18.614830+00:00", "RecordID": "114127", "Level": "5", "UserID": "S-1-5-18", "EventData.PackageFullName": "Microsoft.YourPhone_1.25061.45.0_neutral_split.language-ru_8wekyb3d8bbwe", "EventData.Flags": "0x00000009"}
{"EventID": "5507", "Channel": "Microsoft-Windows-AppXDeploymentServer/Operational", "Provider_Name": "Microsoft-Windows-AppXDeployment-Server", "Computer": "DESKTOP-OFJ6N53", "TimeCreated": "2025-07-23 08:41:18.789850+00:00", "RecordID": "114128", "Level": "5", "UserID": "S-1-5-21-963789628-1060504924-4285088085-1001", "EventData.PackageName": "Microsoft.YourPhone_1.25061.45.0_x64__8wekyb3d8bbwe", "EventData.FilePath": "S-1-5-21-963789628-1060504924-4285088085-1001-MergedResources-86.pri", "EventData.Message": "Current user-specific merged PRI file ignored"}
{"EventID": "5507", "Channel": "Microsoft-Windows-AppXDeploymentServer/Operational", "Provider_Name": "Microsoft-Windows-AppXDeployment-Server", "Computer": "DESKTOP-OFJ6N53", "TimeCreated": "2025-07-23 08:41:18.790018+00:00", "RecordID": "114129", "Level": "5", "UserID": "S-1-5-21-963789628-1060504924-4285088085-1001", "EventData.PackageName": "Microsoft.YourPhone_1.25061.45.0_x64__8wekyb3d8bbwe", "EventData.FilePath": "resources.4c1fd089.pri", "EventData.Message": "Current shared merged PRI file ignored"}
{"EventID": "5507", "Channel": "Microsoft-Windows-AppXDeploymentServer/Operational", "Provider_Name": "Microsoft-Windows-AppXDeployment-Server", "Computer": "DESKTOP-OFJ6N53", "TimeCreated": "2025-07-23 08:41:18.790152+00:00", "RecordID": "114130", "Level": "5", "UserID": "S-1-5-21-963789628-1060504924-4285088085-1001", "EventData.PackageName": "Microsoft.YourPhone_1.25061.45.0_x64__8wekyb3d8bbwe", "EventData.FilePath": "S-1-5-21-963789628-1060504924-4285088085-1001-MergedResources-86.pri", "EventData.Message": "Current user-specific merged PRI file ignored"}
{"EventID": "5507", "Channel": "Microsoft-Windows-AppXDeploymentServer/Operational", "Provider_Name": "Microsoft-Windows-AppXDeployment-Server", "Computer": "DESKTOP-OFJ6N53", "TimeCreated": "2025-07-23 08:41:18.790255+00:00", "RecordID": "114131", "Level": "5", "UserID": "S-1-5-21-963789628-1060504924-4285088085-1001", "EventData.PackageName": "Microsoft.YourPhone_1.25061.45.0_x64__8wekyb3d8bbwe", "EventData.FilePath": "resources.4c1fd089.pri", "EventData.Message": "Current shared merged PRI file ignored"}
{"EventID": "821", "Channel": "Microsoft-Windows-AppXDeploymentServer/Operational", "Provider_Name": "Microsoft-Windows-AppXDeployment-Server", "Computer": "DESKTOP-OFJ6N53", "TimeCreated": "2025-07-23 08:41:18.838720+00:00", "RecordID": "114132", "Level": "5", "UserID": "S-1-5-18", "EventData.UserSid": "S-1-5-18", "EventData.MainPackageFullName": "Microsoft.YourPhone_1.25061.45.0_neutral_~_8wekyb3d8bbwe", "EventData.ErrorCode": "0x00000000"}
{"EventID": "822", "Channel": "Microsoft-Windows-AppXDeploymentServer/Operational", "Provider_Name": "Microsoft-Windows-AppXDeployment-Server", "Computer": "DESKTOP-OFJ6N53", "TimeCreated": "2025-07-23 08:41:18.841709+00:00", "RecordID": "114133", "Level": "5", "UserID": "S-1-5-18", "EventData.Error": "0x00000000", "EventData.PackageMoniker": "Microsoft.YourPhone_1.25061.45.0_neutral_~_8wekyb3d8bbwe"}
{"EventID": "821", "Channel": "Microsoft-Windows-AppXDeploymentServer/Operational", "Provider_Name": "Microsoft-Windows-AppXDeployment-Server", "Computer": "DESKTOP-OFJ6N53", "TimeCreated": "2025-07-23 08:41:18.843546+00:00", "RecordID": "114134", "Level": "5", "UserID": "S-1-5-18", "EventData.UserSid": "S-1-5-21-963789628-1060504924-4285088085-1001", "EventData.MainPackageFullName": "Microsoft.YourPhone_1.25061.45.0_neutral_~_8wekyb3d8bbwe", "EventData.ErrorCode": "0x00000000"}
{"EventID": "822", "Channel": "Microsoft-Windows-AppXDeploymentServer/Operational", "Provider_Name": "Microsoft-Windows-AppXDeployment-Server", "Computer": "DESKTOP-OFJ6N53", "TimeCreated": "2025-07-23 08:41:18.846207+00:00", "RecordID": "114135", "Level": "5", "UserID": "S-1-5-18", "EventData.Error": "0x00000000", "EventData.PackageMoniker": "Microsoft.YourPhone_1.25061.45.0_neutral_~_8wekyb3d8bbwe"}
{"EventID": "813", "Channel": "Microsoft-Windows-AppXDeploymentServer/Operational", "Provider_Name": "Microsoft-Windows-AppXDeployment-Server", "Computer": "DESKTOP-OFJ6N53", "TimeCreated": "2025-07-23 08:41:18.846241+00:00", "RecordID": "114136", "Level": "5", "UserID": "S-1-5-18", "EventData.PackageMoniker": "Microsoft.YourPhone_1.25061.45.0_neutral_~_8wekyb3d8bbwe"}
{"EventID": "10001", "Channel": "Microsoft-Windows-AppXDeploymentServer/Operational", "Provider_Name": "Microsoft-Windows-AppXDeployment-Server", "Computer": "DESKTOP-OFJ6N53", "TimeCreated": "2025-07-23 08:41:21.570204+00:00", "RecordID": "114137", "Level": "5", "UserID": "S-1-5-18", "EventData.PackageFullName": "Microsoft.YourPhone_1.25061.44.0_x64__8wekyb3d8bbwe", "EventData.ErrorCode": "0x80070490"}
{"EventID": "10001", "Channel": "Microsoft-Windows-AppXDeploymentServer/Operational", "Provider_Name": "Microsoft-Windows-AppXDeployment-Server", "Computer": "DESKTOP-OFJ6N53", "TimeCreated": "2025-07-23 08:41:21.570490+00:00", "RecordID": "114138", "Level": "5", "UserID": "S-1-5-18", "EventData.PackageFullName": "Microsoft.YourPhone_1.25061.45.0_x64__8wekyb3d8bbwe", "EventData.ErrorCode": "0x00000000"}
{"EventID": "10001", "Channel": "Microsoft-Windows-AppXDeploymentServer/Operational", "Provider_Name": "Microsoft-Windows-AppXDeployment-Server", "Computer": "DESKTOP-OFJ6N53", "TimeCreated": "2025-07-23 08:41:21.570818+00:00", "RecordID": "114139", "Level": "5", "UserID": "S-1-5-18", "EventData.PackageFullName": "Microsoft.YourPhone_1.25061.45.0_x64__8wekyb3d8bbwe", "EventData.ErrorCode": "0x00000000"}
{"EventID": "10001", "Channel": "Microsoft-Windows-AppXDeploymentServer/Operational", "Provider_Name": "Microsoft-Windows-AppXDeployment-Server", "Computer": "DESKTOP-OFJ6N53", "TimeCreated": "2025-07-23 08:41:21.570930+00:00", "RecordID": "114140", "Level": "5", "UserID": "S-1-5-18", "EventData.PackageFullName": "Microsoft.YourPhone_1.25061.45.0_neutral_~_8wekyb3d8bbwe", "EventData.ErrorCode": "0x00000000"}
{"EventID": "10001", "Channel": "Microsoft-Windows-AppXDeploymentServer/Operational", "Provider_Name": "Microsoft-Windows-AppXDeployment-Server", "Computer": "DESKTOP-OFJ6N53", "TimeCreated": "2025-07-23 08:41:21.571009+00:00", "RecordID": "114141", "Level": "5", "UserID": "S-1-5-18", "EventData.PackageFullName": "Microsoft.YourPhone_1.25061.45.0_neutral_~_8wekyb3d8bbwe", "EventData.ErrorCode": "0x00000000"}
{"EventID": "10001", "Channel": "Microsoft-Windows-AppXDeploymentServer/Operational", "Provider_Name": "Microsoft-Windows-AppXDeployment-Server", "Computer": "DESKTOP-OFJ6N53", "TimeCreated": "2025-07-23 08:41:21.571072+00:00", "RecordID": "114142", "Level": "5", "UserID": "S-1-5-18", "EventData.PackageFullName": "Microsoft.YourPhone_1.25061.45.0_x64__8wekyb3d8bbwe", "EventData.ErrorCode": "0x00000000"}
{"EventID": "10001", "Channel": "Microsoft-Windows-AppXDeploymentServer/Operational", "Provider_Name": "Microsoft-Windows-AppXDeployment-Server", "Computer": "DESKTOP-OFJ6N53", "TimeCreated": "2025-07-23 08:41:21.571142+00:00", "RecordID": "114143", "Level": "5", "UserID": "S-1-5-18", "EventData.PackageFullName": "Microsoft.YourPhone_1.25061.45.0_x64__8wekyb3d8bbwe", "EventData.ErrorCode": "0x00000000"}
{"EventID": "10001", "Channel": "Microsoft-Windows-AppXDeploymentServer/Operational", "Provider_Name": "Microsoft-Windows-AppXDeployment-Server", "Computer": "DESKTOP-OFJ6N53", "TimeCreated": "2025-07-23 08:41:21.571234+00:00", "RecordID": "114144", "Level": "5", "UserID": "S-1-5-18", "EventData.PackageFullName": "Microsoft.YourPhone_1.25061.45.0_neutral_split.scale-100_8wekyb3d8bbwe", "EventData.ErrorCode": "0x00000000"}
{"EventID": "10001", "Channel": "Microsoft-Windows-AppXDeploymentServer/Operational", "Provider_Name": "Microsoft-Windows-AppXDeployment-Server", "Computer": "DESKTOP-OFJ6N53", "TimeCreated": "2025-07-23 08:41:21.571299+00:00", "RecordID": "114145", "Level": "5", "UserID": "S-1-5-18", "EventData.PackageFullName": "Microsoft.YourPhone_1.25061.45.0_neutral_split.scale-100_8wekyb3d8bbwe", "EventData.ErrorCode": "0x00000000"}
{"EventID": "10001", "Channel": "Microsoft-Windows-AppXDeploymentServer/Operational", "Provider_Name": "Microsoft-Windows-AppXDeployment-Server", "Computer": "DESKTOP-OFJ6N53", "TimeCreated": "2025-07-23 08:41:21.571383+00:00", "RecordID": "114146", "Level": "5", "UserID": "S-1-5-18", "EventData.PackageFullName": "Microsoft.YourPhone_1.25061.45.0_neutral_split.scale-125_8wekyb3d8bbwe", "EventData.ErrorCode": "0x00000000"}
{"EventID": "10001", "Channel": "Microsoft-Windows-AppXDeploymentServer/Operational", "Provider_Name": "Microsoft-Windows-AppXDeployment-Server", "Computer": "DESKTOP-OFJ6N53", "TimeCreated": "2025-07-23 08:41:21.571453+00:00", "RecordID": "114147", "Level": "5", "UserID": "S-1-5-18", "EventData.PackageFullName": "Microsoft.YourPhone_1.25061.45.0_neutral_split.scale-125_8wekyb3d8bbwe", "EventData.ErrorCode": "0x00000000"}
{"EventID": "10001", "Channel": "Microsoft-Windows-AppXDeploymentServer/Operational", "Provider_Name": "Microsoft-Windows-AppXDeployment-Server", "Computer": "DESKTOP-OFJ6N53", "TimeCreated": "2025-07-23 08:41:21.571514+00:00", "RecordID": "114148", "Level": "5", "UserID": "S-1-5-18", "EventData.PackageFullName": "Microsoft.YourPhone_1.25061.45.0_neutral_split.language-ru_8wekyb3d8bbwe", "EventData.ErrorCode": "0x00000000"}
{"EventID": "10001", "Channel": "Microsoft-Windows-AppXDeploymentServer/Operational", "Provider_Name": "Microsoft-Windows-AppXDeployment-Server", "Computer": "DESKTOP-OFJ6N53", "TimeCreated": "2025-07-23 08:41:21.571577+00:00", "RecordID": "114149", "Level": "5", "UserID": "S-1-5-18", "EventData.PackageFullName": "Microsoft.YourPhone_1.25061.45.0_neutral_split.language-ru_8wekyb3d8bbwe", "EventData.ErrorCode": "0x00000000"}
{"EventID": "400", "Channel": "Microsoft-Windows-AppXDeploymentServer/Operational", "Provider_Name": "Microsoft-Windows-AppXDeployment-Server", "Computer": "DESKTOP-OFJ6N53", "TimeCreated": "2025-07-23 08:41:22.261520+00:00", "RecordID": "114150", "Level": "4", "UserID": "S-1-5-21-963789628-1060504924-4285088085-1001", "EventData.DeploymentOperation": "6", "EventData.PackageFullName": "Microsoft.YourPhone_1.25061.45.0_neutral_~_8wekyb3d8bbwe", "EventData.Path": "(AppxBundleManifest.xml)", "EventData.MountPoint": "C:", "EventData.TargetPlatform": "0x00000003", "EventData.SystemVolume": "True", "EventData.StorageId": "\\\\?\\Volume{c33a8663-71a2-4031-8cec-c21914fe12ad}", "EventData.IsCentennial": "False", "EventData.PackageType": "0x00000008", "EventData.IsPackageEncrypted": "False", "EventData.DeploymentOptions": "0x0004000004044800", "EventData.IsStreamingPackage": "False", "EventData.IsInRelatedSet": "False", "EventData.IsPackageUsingBDC": "False", "EventData.MainPackageFamilyName": "NULL", "EventData.CallingProcess": "svchost.exe,wuauserv", "EventData.IsOptional": "False", "EventData.PackageFlags": "0x00000400", "EventData.PackageFlags2": "0x00000800", "EventData.HasWin32alacarte": "False", "EventData.HasFullTrust": "False", "EventData.ExternalLocation": null, "EventData.PackageSourceUri": "x-windowsupdate://0A38224A-E67A-4F10-A0C8-675D591EFF72/B99AEF9A-1685-4798-B4B1-3D94EE6D7184/807bef4fcf7c3ceb8491252037c897b637e6ba3b"}
{"EventID": "478", "Channel": "Microsoft-Windows-AppXDeploymentServer/Operational", "Provider_Name": "Microsoft-Windows-AppXDeployment-Server", "Computer": "DESKTOP-OFJ6N53", "TimeCreated": "2025-07-23 08:41:22.261652+00:00", "RecordID": "114151", "Level": "5", "UserID": "S-1-5-21-963789628-1060504924-4285088085-1001", "EventData.DeploymentOperation": "6", "EventData.PackageFullName": "Microsoft.YourPhone_1.25061.45.0_x64__8wekyb3d8bbwe", "EventData.Path": "(AppxBundleManifest.xml)", "EventData.MountPoint": "C:", "EventData.TargetPlatform": "0x00000003", "EventData.SystemVolume": "True", "EventData.StorageId": "\\\\?\\Volume{c33a8663-71a2-4031-8cec-c21914fe12ad}", "EventData.IsCentennial": "True", "EventData.PackageType": "0x00000001", "EventData.IsPackageEncrypted": "False", "EventData.DeploymentOptions": "0x0004000004044800", "EventData.IsStreamingPackage": "False", "EventData.IsInRelatedSet": "False", "EventData.IsPackageUsingBDC": "False", "EventData.MainPackageFamilyName": "NULL", "EventData.CallingProcess": "svchost.exe,wuauserv", "EventData.IsOptional": "False", "EventData.PackageFlags": "0x0280804c", "EventData.PackageFlags2": "0x00000800", "EventData.HasWin32alacarte": "False", "EventData.HasFullTrust": "True", "EventData.ExternalLocation": null, "EventData.PackageSourceUri": "x-windowsupdate://0A38224A-E67A-4F10-A0C8-675D591EFF72/B99AEF9A-1685-4798-B4B1-3D94EE6D7184/807bef4fcf7c3ceb8491252037c897b637e6ba3b"}
{"EventID": "472", "Channel": "Microsoft-Windows-AppXDeploymentServer/Operational", "Provider_Name": "Microsoft-Windows-AppXDeployment-Server", "Computer": "DESKTOP-OFJ6N53", "TimeCreated": "2025-07-23 08:41:22.369841+00:00", "RecordID": "114152", "Level": "5", "UserID": "S-1-5-18", "EventData.SourceFolderPath": "\\\\?\\C:\\Program Files\\WindowsApps\\Microsoft.YourPhone_1.25061.44.0_neutral_~_8wekyb3d8bbwe", "EventData.DestinationFolderPath": "\\\\?\\C:\\Program Files\\WindowsApps\\Deleted\\Microsoft.YourPhone_1.25061.44.0_neutral_~_8wekyb3d8bbwe12c63d3d-befe-4994-8b72-16e112162399", "EventData.ErrorCode": "0x00000000"}
{"EventID": "472", "Channel": "Microsoft-Windows-AppXDeploymentServer/Operational", "Provider_Name": "Microsoft-Windows-AppXDeployment-Server", "Computer": "DESKTOP-OFJ6N53", "TimeCreated": "2025-07-23 08:41:22.376251+00:00", "RecordID": "114153", "Level": "5", "UserID": "S-1-5-18", "EventData.SourceFolderPath": "\\\\?\\C:\\Program Files\\WindowsApps\\Microsoft.YourPhone_1.25061.44.0_x64__8wekyb3d8bbwe", "EventData.DestinationFolderPath": "\\\\?\\C:\\Program Files\\WindowsApps\\Deleted\\Microsoft.YourPhone_1.25061.44.0_x64__8wekyb3d8bbwe7232ec3a-f972-490a-8441-1b540e6298d0", "EventData.ErrorCode": "0x00000000"}
{"EventID": "472", "Channel": "Microsoft-Windows-AppXDeploymentServer/Operational", "Provider_Name": "Microsoft-Windows-AppXDeployment-Server", "Computer": "DESKTOP-OFJ6N53", "TimeCreated": "2025-07-23 08:41:22.382797+00:00", "RecordID": "114154", "Level": "5", "UserID": "S-1-5-18", "EventData.SourceFolderPath": "\\\\?\\C:\\Program Files\\WindowsApps\\Microsoft.YourPhone_1.25061.44.0_neutral_split.scale-100_8wekyb3d8bbwe", "EventData.DestinationFolderPath": "\\\\?\\C:\\Program Files\\WindowsApps\\Deleted\\Microsoft.YourPhone_1.25061.44.0_neutral_split.scale-100_8wekyb3d8bbwebadeba16-98d0-42d2-96c4-2d7e8547cc1d", "EventData.ErrorCode": "0x00000000"}
