{"EventID": "21", "Channel": "Microsoft-Windows-BackgroundTaskInfrastructure/Operational", "Provider_Name": "Microsoft-Windows-BrokerInfrastructure", "Computer": "DESKTOP-OFJ6N53", "TimeCreated": "2022-02-24 09:10:18.410597+00:00", "RecordID": "1", "Level": "4", "UserID": "S-1-5-18", "EventData.EntryPointLength": "36", "EventData.TaskEntryPoint": "SpModel.Model.BookTileBackgroundTask", "EventData.NameLength": "30", "EventData.TaskName": "windows.preInstalledConfigTask", "EventData.Result": "2147942526"}
{"EventID": "21", "Channel": "Microsoft-Windows-BackgroundTaskInfrastructure/Operational", "Provider_Name": "Microsoft-Windows-BrokerInfrastructure", "Computer": "DESKTOP-OFJ6N53", "TimeCreated": "2022-02-24 12:20:31.817553+00:00", "RecordID": "2", "Level": "4", "UserID": "S-1-5-18", "EventData.EntryPointLength": "36", "EventData.TaskEntryPoint": "SpModel.Model.BookTileBackgroundTask", "EventData.NameLength": "0", "EventData.TaskName": null, "EventData.Result": "2147942526"}
{"EventID": "21", "Channel": "Microsoft-Windows-BackgroundTaskInfrastructure/Operational", "Provider_Name": "Microsoft-Windows-BrokerInfrastructure", "Computer": "DESKTOP-OFJ6N53", "TimeCreated": "2022-02-24 12:38:38.407400+00:00", "RecordID": "3", "Level": "4", "UserID": "S-1-5-18", "EventData.EntryPointLength": "36", "EventData.TaskEntryPoint": "SpModel.Model.BookTileBackgroundTask", "EventData.NameLength": "0", "EventData.TaskName": null, "EventData.Result": "2147942526"}
{"EventID": "6", "Channel": "Microsoft-Windows-BackgroundTaskInfrastructure/Operational", "Provider_Name": "Microsoft-Windows-BrokerInfrastructure", "Computer": "DESKTOP-OFJ6N53", "TimeCreated": "2022-03-22 12:30:17.390129+00:00", "RecordID": "4", "Level": "4", "UserID": "S-1-5-18", "EventData.PackageFullName": "Microsoft.Windows.Search_1.14.3.19041_neutral_neutral_cw5n1h2txyewy", "EventData.EntryPointLength": "50", "EventData.EntryPoint": "Cortana.Internal.Search.ConfigPollerBackgroundTask", "EventData.UserSid": "S-1-5-21-963789628-1060504924-4285088085-1001"}
{"EventID": "6", "Channel": "Microsoft-Windows-BackgroundTaskInfrastructure/Operational", "Provider_Name": "Microsoft-Windows-BrokerInfrastructure", "Computer": "DESKTOP-OFJ6N53", "TimeCreated": "2022-03-26 22:45:06.184788+00:00", "RecordID": "5", "Level": "4", "UserID": "S-1-5-18", "EventData.PackageFullName": "Microsoft.YourPhone_1.22012.167.0_x64__8wekyb3d8bbwe", "EventData.EntryPointLength": "57", "EventData.EntryPoint": "Windows.ApplicationModel.Core.DefaultInProcBackgroundTask", "EventData.UserSid": "S-1-5-21-963789628-1060504924-4285088085-1001"}
{"EventID": "6", "Channel": "Microsoft-Windows-BackgroundTaskInfrastructure/Operational", "Provider_Name": "Microsoft-Windows-BrokerInfrastructure", "Computer": "DESKTOP-OFJ6N53", "TimeCreated": "2022-04-22 14:53:08.670212+00:00", "RecordID": "6", "Level": "4", "UserID": "S-1-5-18", "EventData.PackageFullName": "Microsoft.YourPhone_1.22032.179.0_x64__8wekyb3d8bbwe", "EventData.EntryPointLength": "57", "EventData.EntryPoint": "Windows.ApplicationModel.Core.DefaultInProcBackgroundTask", "EventData.UserSid": "S-1-5-21-963789628-1060504924-4285088085-1001"}
{"EventID": "6", "Channel": "Microsoft-Windows-BackgroundTaskInfrastructure/Operational", "Provider_Name": "Microsoft-Windows-BrokerInfrastructure", "Computer": "DESKTOP-OFJ6N53", "TimeCreated": "2022-05-05 10:02:31.149513+00:00", "RecordID": "7", "Level": "4", "UserID": "S-1-5-18", "EventData.PackageFullName": "Microsoft.Windows.Search_1.14.4.19041_neutral_neutral_cw5n1h2txyewy", "EventData.EntryPointLength": "57", "EventData.EntryPoint": "Windows.ApplicationModel.Core.DefaultInProcBackgroundTask", "EventData.UserSid": "S-1-5-21-963789628-1060504924-4285088085-1001"}
{"EventID": "6", "Channel": "Microsoft-Windows-BackgroundTaskInfrastructure/Operational", "Provider_Name": "Microsoft-Windows-BrokerInfrastructure", "Computer": "DESKTOP-OFJ6N53", "TimeCreated": "2022-05-05 10:02:53.785295+00:00", "RecordID": "8", "Level": "4", "UserID": "S-1-5-18", "EventData.PackageFullName": "Microsoft.Windows.Search_1.14.4.19041_neutral_neutral_cw5n1h2txyewy", "EventData.EntryPointLength": "57", "EventData.EntryPoint": "Windows.ApplicationModel.Core.DefaultInProcBackgroundTask", "EventData.UserSid": "S-1-5-21-963789628-1060504924-4285088085-1001"}
{"EventID": "6", "Channel": "Microsoft-Windows-BackgroundTaskInfrastructure/Operational", "Provider_Name": "Microsoft-Windows-BrokerInfrastructure", "Computer": "DESKTOP-OFJ6N53", "TimeCreated": "2022-05-05 10:03:07.813276+00:00", "RecordID": "9", "Level": "4", "UserID": "S-1-5-18", "EventData.PackageFullName": "Microsoft.Windows.Search_1.14.4.19041_neutral_neutral_cw5n1h2txyewy", "EventData.EntryPointLength": "57", "EventData.EntryPoint": "Windows.ApplicationModel.Core.DefaultInProcBackgroundTask", "EventData.UserSid": "S-1-5-21-963789628-1060504924-4285088085-1001"}
{"EventID": "6", "Channel": "Microsoft-Windows-BackgroundTaskInfrastructure/Operational", "Provider_Name": "Microsoft-Windows-BrokerInfrastructure", "Computer": "DESKTOP-OFJ6N53", "TimeCreated": "2022-05-18 18:59:13.816502+00:00", "RecordID": "10", "Level": "4", "UserID": "S-1-5-18", "EventData.PackageFullName": "Microsoft.YourPhone_1.22032.179.0_x64__8wekyb3d8bbwe", "EventData.EntryPointLength": "57", "EventData.EntryPoint": "Windows.ApplicationModel.Core.DefaultInProcBackgroundTask", "EventData.UserSid": "S-1-5-21-963789628-1060504924-4285088085-1001"}
{"EventID": "6", "Channel": "Microsoft-Windows-BackgroundTaskInfrastructure/Operational", "Provider_Name": "Microsoft-Windows-BrokerInfrastructure", "Computer": "DESKTOP-OFJ6N53", "TimeCreated": "2022-05-31 21:33:12.343739+00:00", "RecordID": "11", "Level": "4", "UserID": "S-1-5-18", "EventData.PackageFullName": "Microsoft.Windows.Search_1.14.4.19041_neutral_neutral_cw5n1h2txyewy", "EventData.EntryPointLength": "50", "EventData.EntryPoint": "Cortana.Internal.Search.ConfigPollerBackgroundTask", "EventData.UserSid": "S-1-5-21-963789628-1060504924-4285088085-1001"}
{"EventID": "6", "Channel": "Microsoft-Windows-BackgroundTaskInfrastructure/Operational", "Provider_Name": "Microsoft-Windows-BrokerInfrastructure", "Computer": "DESKTOP-OFJ6N53", "TimeCreated": "2022-06-07 03:33:12.164932+00:00", "RecordID": "12", "Level": "4", "UserID": "S-1-5-18", "EventData.PackageFullName": "Microsoft.Windows.Search_1.14.4.19041_neutral_neutral_cw5n1h2txyewy", "EventData.EntryPointLength": "50", "EventData.EntryPoint": "Cortana.Internal.Search.ConfigPollerBackgroundTask", "EventData.UserSid": "S-1-5-21-963789628-1060504924-4285088085-1001"}
{"EventID": "6", "Channel": "Microsoft-Windows-BackgroundTaskInfrastructure/Operational", "Provider_Name": "Microsoft-Windows-BrokerInfrastructure", "Computer": "DESKTOP-OFJ6N53", "TimeCreated": "2022-06-28 18:32:58.717831+00:00", "RecordID": "13", "Level": "4", "UserID": "S-1-5-18", "EventData.PackageFullName": "Microsoft.Windows.Search_1.14.5.19041_neutral_neutral_cw5n1h2txyewy", "EventData.EntryPointLength": "50", "EventData.EntryPoint": "Cortana.Internal.Search.ConfigPollerBackgroundTask", "EventData.UserSid": "S-1-5-21-963789628-1060504924-4285088085-1001"}
{"EventID": "6", "Channel": "Microsoft-Windows-BackgroundTaskInfrastructure/Operational", "Provider_Name": "Microsoft-Windows-BrokerInfrastructure", "Computer": "DESKTOP-OFJ6N53", "TimeCreated": "2022-08-11 00:30:43.817610+00:00", "RecordID": "14", "Level": "4", "UserID": "S-1-5-18", "EventData.PackageFullName": "Microsoft.Windows.Search_1.14.6.19041_neutral_neutral_cw5n1h2txyewy", "EventData.EntryPointLength": "50", "EventData.EntryPoint": "Cortana.Internal.Search.ConfigPollerBackgroundTask", "EventData.UserSid": "S-1-5-21-963789628-1060504924-4285088085-1001"}
{"EventID": "6", "Channel": "Microsoft-Windows-BackgroundTaskInfrastructure/Operational", "Provider_Name": "Microsoft-Windows-BrokerInfrastructure", "Computer": "DESKTOP-OFJ6N53", "TimeCreated": "2022-09-06 08:58:25.349850+00:00", "RecordID": "15", "Level": "4", "UserID": "S-1-5-18", "EventData.PackageFullName": "Microsoft.Windows.Search_1.14.6.19041_neutral_neutral_cw5n1h2txyewy", "EventData.EntryPointLength": "57", "EventData.EntryPoint": "Windows.ApplicationModel.Core.DefaultInProcBackgroundTask", "EventData.UserSid": "S-1-5-21-963789628-1060504924-4285088085-1001"}
{"EventID": "6", "Channel": "Microsoft-Windows-BackgroundTaskInfrastructure/Operational", "Provider_Name": "Microsoft-Windows-BrokerInfrastructure", "Computer": "DESKTOP-OFJ6N53", "TimeCreated": "2022-10-31 09:31:23.671021+00:00", "RecordID": "16", "Level": "4", "UserID": "S-1-5-18", "EventData.PackageFullName": "Microsoft.Windows.Photos_2022.30070.26007.0_x64__8wekyb3d8bbwe", "EventData.EntryPointLength": "47", "EventData.EntryPoint": "PhotosApp.BackgroundTasks.BackgroundTaskStarter", "EventData.UserSid": "S-1-5-21-963789628-1060504924-4285088085-1001"}
{"EventID": "6", "Channel": "Microsoft-Windows-BackgroundTaskInfrastructure/Operational", "Provider_Name": "Microsoft-Windows-BrokerInfrastructure", "Computer": "DESKTOP-OFJ6N53", "TimeCreated": "2022-10-31 09:49:01.823624+00:00", "RecordID": "17", "Level": "4", "UserID": "S-1-5-18", "EventData.PackageFullName": "Microsoft.Windows.Photos_2022.30070.26007.0_x64__8wekyb3d8bbwe", "EventData.EntryPointLength": "47", "EventData.EntryPoint": "PhotosApp.BackgroundTasks.BackgroundTaskStarter", "EventData.UserSid": "S-1-5-21-963789628-1060504924-4285088085-1001"}
{"EventID": "21", "Channel": "Microsoft-Windows-BackgroundTaskInfrastructure/Operational", "Provider_Name": "Microsoft-Windows-BrokerInfrastructure", "Computer": "DESKTOP-OFJ6N53", "TimeCreated": "2022-10-31 09:49:01.865690+00:00", "RecordID": "18", "Level": "4", "UserID": "S-1-5-18", "EventData.EntryPointLength": "47", "EventData.TaskEntryPoint": "PhotosApp.BackgroundTasks.BackgroundTaskStarter", "EventData.NameLength": "22", "EventData.TaskName": "MaintenanceTriggerTask", "EventData.Result": "2147748101"}
{"EventID": "6", "Channel": "Microsoft-Windows-BackgroundTaskInfrastructure/Operational", "Provider_Name": "Microsoft-Windows-BrokerInfrastructure", "Computer": "DESKTOP-OFJ6N53", "TimeCreated": "2022-11-09 15:23:25.062466+00:00", "RecordID": "19", "Level": "4", "UserID": "S-1-5-18", "EventData.PackageFullName": "Microsoft.Windows.Photos_2022.30070.26007.0_x64__8wekyb3d8bbwe", "EventData.EntryPointLength": "47", "EventData.EntryPoint": "PhotosApp.BackgroundTasks.BackgroundTaskStarter", "EventData.UserSid": "S-1-5-21-963789628-1060504924-4285088085-1001"}
{"EventID": "21", "Channel": "Microsoft-Windows-BackgroundTaskInfrastructure/Operational", "Provider_Name": "Microsoft-Windows-BrokerInfrastructure", "Computer": "DESKTOP-OFJ6N53", "TimeCreated": "2022-11-09 15:23:26.111498+00:00", "RecordID": "20", "Level": "4", "UserID": "S-1-5-18", "EventData.EntryPointLength": "47", "EventData.TaskEntryPoint": "PhotosApp.BackgroundTasks.BackgroundTaskStarter", "EventData.NameLength": "22", "EventData.TaskName": "MaintenanceTriggerTask", "EventData.Result": "2150040155"}
{"EventID": "6", "Channel": "Microsoft-Windows-BackgroundTaskInfrastructure/Operational", "Provider_Name": "Microsoft-Windows-BrokerInfrastructure", "Computer": "DESKTOP-OFJ6N53", "TimeCreated": "2022-11-15 21:40:58.886923+00:00", "RecordID": "21", "Level": "4", "UserID": "S-1-5-18", "EventData.PackageFullName": "Microsoft.Windows.Photos_2022.30070.26007.0_x64__8wekyb3d8bbwe", "EventData.EntryPointLength": "47", "EventData.EntryPoint": "PhotosApp.BackgroundTasks.BackgroundTaskStarter", "EventData.UserSid": "S-1-5-21-963789628-1060504924-4285088085-1001"}
{"EventID": "6", "Channel": "Microsoft-Windows-BackgroundTaskInfrastructure/Operational", "Provider_Name": "Microsoft-Windows-BrokerInfrastructure", "Computer": "DESKTOP-OFJ6N53", "TimeCreated": "2022-11-16 17:06:33.536957+00:00", "RecordID": "22", "Level": "4", "UserID": "S-1-5-18", "EventData.PackageFullName": "microsoft.windowscommunicationsapps_16005.14326.20970.0_x64__8wekyb3d8bbwe", "EventData.EntryPointLength": "28", "EventData.EntryPoint": "HxMail.WindowsBackgroundTask", "EventData.UserSid": "S-1-5-21-963789628-1060504924-4285088085-1001"}
{"EventID": "6", "Channel": "Microsoft-Windows-BackgroundTaskInfrastructure/Operational", "Provider_Name": "Microsoft-Windows-BrokerInfrastructure", "Computer": "DESKTOP-OFJ6N53", "TimeCreated": "2022-11-17 12:32:36.839588+00:00", "RecordID": "23", "Level": "4", "UserID": "S-1-5-18", "EventData.PackageFullName": "Microsoft.Windows.Photos_2022.30070.26007.0_x64__8wekyb3d8bbwe", "EventData.EntryPointLength": "47", "EventData.EntryPoint": "PhotosApp.BackgroundTasks.BackgroundTaskStarter", "EventData.UserSid": "S-1-5-21-963789628-1060504924-4285088085-1001"}
{"EventID": "6", "Channel": "Microsoft-Windows-BackgroundTaskInfrastructure/Operational", "Provider_Name": "Microsoft-Windows-BrokerInfrastructure", "Computer": "DESKTOP-OFJ6N53", "TimeCreated": "2022-11-17 12:43:20.464865+00:00", "RecordID": "24", "Level": "4", "UserID": "S-1-5-18", "EventData.PackageFullName": "Microsoft.Windows.Photos_2022.30070.26007.0_x64__8wekyb3d8bbwe", "EventData.EntryPointLength": "47", "EventData.EntryPoint": "PhotosApp.BackgroundTasks.BackgroundTaskStarter", "EventData.UserSid": "S-1-5-21-963789628-1060504924-4285088085-1001"}
{"EventID": "21", "Channel": "Microsoft-Windows-BackgroundTaskInfrastructure/Operational", "Provider_Name": "Microsoft-Windows-BrokerInfrastructure", "Computer": "DESKTOP-OFJ6N53", "TimeCreated": "2022-11-17 12:43:32.716288+00:00", "RecordID": "25", "Level": "4", "UserID": "S-1-5-18", "EventData.EntryPointLength": "47", "EventData.TaskEntryPoint": "PhotosApp.BackgroundTasks.BackgroundTaskStarter", "EventData.NameLength": "22", "EventData.TaskName": "MaintenanceTriggerTask", "EventData.Result": "2150040155"}
{"EventID": "6", "Channel": "Microsoft-Windows-BackgroundTaskInfrastructure/Operational", "Provider_Name": "Microsoft-Windows-BrokerInfrastructure", "Computer": "DESKTOP-OFJ6N53", "TimeCreated": "2022-11-17 17:37:06.569439+00:00", "RecordID": "26", "Level": "4", "UserID": "S-1-5-18", "EventData.PackageFullName": "Microsoft.Windows.Search_1.14.7.19041_neutral_neutral_cw5n1h2txyewy", "EventData.EntryPointLength": "57", "EventData.EntryPoint": "Windows.ApplicationModel.Core.DefaultInProcBackgroundTask", "EventData.UserSid": "S-1-5-21-963789628-1060504924-4285088085-1001"}
{"EventID": "6", "Channel": "Microsoft-Windows-BackgroundTaskInfrastructure/Operational", "Provider_Name": "Microsoft-Windows-BrokerInfrastructure", "Computer": "DESKTOP-OFJ6N53", "TimeCreated": "2022-11-18 08:31:59.884880+00:00", "RecordID": "27", "Level": "4", "UserID": "S-1-5-18", "EventData.PackageFullName": "Microsoft.Windows.Search_1.14.7.19041_neutral_neutral_cw5n1h2txyewy", "EventData.EntryPointLength": "57", "EventData.EntryPoint": "Windows.ApplicationModel.Core.DefaultInProcBackgroundTask", "EventData.UserSid": "S-1-5-21-963789628-1060504924-4285088085-1001"}
{"EventID": "6", "Channel": "Microsoft-Windows-BackgroundTaskInfrastructure/Operational", "Provider_Name": "Microsoft-Windows-BrokerInfrastructure", "Computer": "DESKTOP-OFJ6N53", "TimeCreated": "2022-11-18 08:32:17.737669+00:00", "RecordID": "28", "Level": "4", "UserID": "S-1-5-18", "EventData.PackageFullName": "Microsoft.Windows.Search_1.14.7.19041_neutral_neutral_cw5n1h2txyewy", "EventData.EntryPointLength": "57", "EventData.EntryPoint": "Windows.ApplicationModel.Core.DefaultInProcBackgroundTask", "EventData.UserSid": "S-1-5-21-963789628-1060504924-4285088085-1001"}
{"EventID": "6", "Channel": "Microsoft-Windows-BackgroundTaskInfrastructure/Operational", "Provider_Name": "Microsoft-Windows-BrokerInfrastructure", "Computer": "DESKTOP-OFJ6N53", "TimeCreated": "2022-11-19 20:58:26.598234+00:00", "RecordID": "29", "Level": "4", "UserID": "S-1-5-18", "EventData.PackageFullName": "Microsoft.Windows.Search_1.14.7.19041_neutral_neutral_cw5n1h2txyewy", "EventData.EntryPointLength": "57", "EventData.EntryPoint": "Windows.ApplicationModel.Core.DefaultInProcBackgroundTask", "EventData.UserSid": "S-1-5-21-963789628-1060504924-4285088085-1001"}
{"EventID": "6", "Channel": "Microsoft-Windows-BackgroundTaskInfrastructure/Operational", "Provider_Name": "Microsoft-Windows-BrokerInfrastructure", "Computer": "DESKTOP-OFJ6N53", "TimeCreated": "2022-11-19 20:58:54.717476+00:00", "RecordID": "30", "Level": "4", "UserID": "S-1-5-18", "EventData.PackageFullName": "Microsoft.Windows.Search_1.14.7.19041_neutral_neutral_cw5n1h2txyewy", "EventData.EntryPointLength": "57", "EventData.EntryPoint": "Windows.ApplicationModel.Core.DefaultInProcBackgroundTask", "EventData.UserSid": "S-1-5-21-963789628-1060504924-4285088085-1001"}
{"EventID": "6", "Channel": "Microsoft-Windows-BackgroundTaskInfrastructure/Operational", "Provider_Name": "Microsoft-Windows-BrokerInfrastructure", "Computer": "DESKTOP-OFJ6N53", "TimeCreated": "2022-11-19 20:59:13.820591+00:00", "RecordID": "31", "Level": "4", "UserID": "S-1-5-18", "EventData.PackageFullName": "Microsoft.Windows.Search_1.14.7.19041_neutral_neutral_cw5n1h2txyewy", "EventData.EntryPointLength": "57", "EventData.EntryPoint": "Windows.ApplicationModel.Core.DefaultInProcBackgroundTask", "EventData.UserSid": "S-1-5-21-963789628-1060504924-4285088085-1001"}
{"EventID": "6", "Channel": "Microsoft-Windows-BackgroundTaskInfrastructure/Operational", "Provider_Name": "Microsoft-Windows-BrokerInfrastructure", "Computer": "DESKTOP-OFJ6N53", "TimeCreated": "2022-11-19 21:01:20.169296+00:00", "RecordID": "32", "Level": "4", "UserID": "S-1-5-18", "EventData.PackageFullName": "Microsoft.YourPhone_1.22092.211.0_x64__8wekyb3d8bbwe", "EventData.EntryPointLength": "41", "EventData.EntryPoint": "YourPhone.Background.Tasks.BackgroundTask", "EventData.UserSid": "S-1-5-21-963789628-1060504924-4285088085-1001"}
{"EventID": "6", "Channel": "Microsoft-Windows-BackgroundTaskInfrastructure/Operational", "Provider_Name": "Microsoft-Windows-BrokerInfrastructure", "Computer": "DESKTOP-OFJ6N53", "TimeCreated": "2022-11-28 07:43:20.981989+00:00", "RecordID": "33", "Level": "4", "UserID": "S-1-5-18", "EventData.PackageFullName": "microsoft.windowscommunicationsapps_16005.14326.20970.0_x64__8wekyb3d8bbwe", "EventData.EntryPointLength": "28", "EventData.EntryPoint": "HxMail.WindowsBackgroundTask", "EventData.UserSid": "S-1-5-21-963789628-1060504924-4285088085-1001"}
{"EventID": "6", "Channel": "Microsoft-Windows-BackgroundTaskInfrastructure/Operational", "Provider_Name": "Microsoft-Windows-BrokerInfrastructure", "Computer": "DESKTOP-OFJ6N53", "TimeCreated": "2022-12-12 07:58:10.442114+00:00", "RecordID": "34", "Level": "4", "UserID": "S-1-5-18", "EventData.PackageFullName": "Microsoft.Windows.Photos_2022.30100.19004.0_x64__8wekyb3d8bbwe", "EventData.EntryPointLength": "47", "EventData.EntryPoint": "PhotosApp.BackgroundTasks.BackgroundTaskStarter", "EventData.UserSid": "S-1-5-21-963789628-1060504924-4285088085-1001"}
{"EventID": "6", "Channel": "Microsoft-Windows-BackgroundTaskInfrastructure/Operational", "Provider_Name": "Microsoft-Windows-BrokerInfrastructure", "Computer": "DESKTOP-OFJ6N53", "TimeCreated": "2022-12-18 11:47:04.177826+00:00", "RecordID": "35", "Level": "4", "UserID": "S-1-5-18", "EventData.PackageFullName": "Microsoft.YourPhone_1.22102.229.0_x64__8wekyb3d8bbwe", "EventData.EntryPointLength": "41", "EventData.EntryPoint": "YourPhone.Background.Tasks.BackgroundTask", "EventData.UserSid": "S-1-5-21-963789628-1060504924-4285088085-1001"}
{"EventID": "6", "Channel": "Microsoft-Windows-BackgroundTaskInfrastructure/Operational", "Provider_Name": "Microsoft-Windows-BrokerInfrastructure", "Computer": "DESKTOP-OFJ6N53", "TimeCreated": "2022-12-18 11:47:04.209539+00:00", "RecordID": "36", "Level": "4", "UserID": "S-1-5-18", "EventData.PackageFullName": "Microsoft.YourPhone_1.22102.229.0_x64__8wekyb3d8bbwe", "EventData.EntryPointLength": "41", "EventData.EntryPoint": "YourPhone.Background.Tasks.BackgroundTask", "EventData.UserSid": "S-1-5-21-963789628-1060504924-4285088085-1001"}
{"EventID": "21", "Channel": "Microsoft-Windows-BackgroundTaskInfrastructure/Operational", "Provider_Name": "Microsoft-Windows-BrokerInfrastructure", "Computer": "DESKTOP-OFJ6N53", "TimeCreated": "2023-01-11 11:04:45.405306+00:00", "RecordID": "37", "Level": "4", "UserID": "S-1-5-18", "EventData.EntryPointLength": "42", "EventData.TaskEntryPoint": "MyOffice.BackgroundTasks.NotificationsTask", "EventData.NameLength": "16", "EventData.TaskName": "NotificationTask", "EventData.Result": "2150040154"}
{"EventID": "6", "Channel": "Microsoft-Windows-BackgroundTaskInfrastructure/Operational", "Provider_Name": "Microsoft-Windows-BrokerInfrastructure", "Computer": "DESKTOP-OFJ6N53", "TimeCreated": "2023-01-11 11:22:53.441408+00:00", "RecordID": "38", "Level": "4", "UserID": "S-1-5-18", "EventData.PackageFullName": "Microsoft.Windows.Search_1.14.7.19041_neutral_neutral_cw5n1h2txyewy", "EventData.EntryPointLength": "57", "EventData.EntryPoint": "Windows.ApplicationModel.Core.DefaultInProcBackgroundTask", "EventData.UserSid": "S-1-5-21-963789628-1060504924-4285088085-1001"}
{"EventID": "6", "Channel": "Microsoft-Windows-BackgroundTaskInfrastructure/Operational", "Provider_Name": "Microsoft-Windows-BrokerInfrastructure", "Computer": "DESKTOP-OFJ6N53", "TimeCreated": "2023-01-13 13:24:56.812534+00:00", "RecordID": "39", "Level": "4", "UserID": "S-1-5-18", "EventData.PackageFullName": "Microsoft.Windows.Search_1.14.7.19041_neutral_neutral_cw5n1h2txyewy", "EventData.EntryPointLength": "57", "EventData.EntryPoint": "Windows.ApplicationModel.Core.DefaultInProcBackgroundTask", "EventData.UserSid": "S-1-5-21-963789628-1060504924-4285088085-1001"}
{"EventID": "6", "Channel": "Microsoft-Windows-BackgroundTaskInfrastructure/Operational", "Provider_Name": "Microsoft-Windows-BrokerInfrastructure", "Computer": "DESKTOP-OFJ6N53", "TimeCreated": "2023-01-13 13:25:02.053331+00:00", "RecordID": "40", "Level": "4", "UserID": "S-1-5-18", "EventData.PackageFullName": "Microsoft.Windows.Search_1.14.7.19041_neutral_neutral_cw5n1h2txyewy", "EventData.EntryPointLength": "57", "EventData.EntryPoint": "Windows.ApplicationModel.Core.DefaultInProcBackgroundTask", "EventData.UserSid": "S-1-5-21-963789628-1060504924-4285088085-1001"}
{"EventID": "6", "Channel": "Microsoft-Windows-BackgroundTaskInfrastructure/Operational", "Provider_Name": "Microsoft-Windows-BrokerInfrastructure", "Computer": "DESKTOP-OFJ6N53", "TimeCreated": "2023-01-13 13:25:02.053534+00:00", "RecordID": "41", "Level": "4", "UserID": "S-1-5-18", "EventData.PackageFullName": "Microsoft.Windows.Search_1.14.7.19041_neutral_neutral_cw5n1h2txyewy", "EventData.EntryPointLength": "57", "EventData.EntryPoint": "Windows.ApplicationModel.Core.DefaultInProcBackgroundTask", "EventData.UserSid": "S-1-5-21-963789628-1060504924-4285088085-1001"}
{"EventID": "6", "Channel": "Microsoft-Windows-BackgroundTaskInfrastructure/Operational", "Provider_Name": "Microsoft-Windows-BrokerInfrastructure", "Computer": "DESKTOP-OFJ6N53", "TimeCreated": "2023-01-23 10:04:35.902149+00:00", "RecordID": "42", "Level": "4", "UserID": "S-1-5-18", "EventData.PackageFullName": "Microsoft.Windows.Search_1.14.7.19041_neutral_neutral_cw5n1h2txyewy", "EventData.EntryPointLength": "57", "EventData.EntryPoint": "Windows.ApplicationModel.Core.DefaultInProcBackgroundTask", "EventData.UserSid": "S-1-5-21-963789628-1060504924-4285088085-1001"}
{"EventID": "6", "Channel": "Microsoft-Windows-BackgroundTaskInfrastructure/Operational", "Provider_Name": "Microsoft-Windows-BrokerInfrastructure", "Computer": "DESKTOP-OFJ6N53", "TimeCreated": "2023-01-23 10:05:51.311663+00:00", "RecordID": "43", "Level": "4", "UserID": "S-1-5-18", "EventData.PackageFullName": "Microsoft.YourPhone_1.22112.142.0_x64__8wekyb3d8bbwe", "EventData.EntryPointLength": "41", "EventData.EntryPoint": "YourPhone.Background.Tasks.BackgroundTask", "EventData.UserSid": "S-1-5-21-963789628-1060504924-4285088085-1001"}
{"EventID": "6", "Channel": "Microsoft-Windows-BackgroundTaskInfrastructure/Operational", "Provider_Name": "Microsoft-Windows-BrokerInfrastructure", "Computer": "DESKTOP-OFJ6N53", "TimeCreated": "2023-01-23 13:46:22.281551+00:00", "RecordID": "44", "Level": "4", "UserID": "S-1-5-18", "EventData.PackageFullName": "Microsoft.Windows.Photos_2022.30120.12007.0_x64__8wekyb3d8bbwe", "EventData.EntryPointLength": "47", "EventData.EntryPoint": "PhotosApp.BackgroundTasks.BackgroundTaskStarter", "EventData.UserSid": "S-1-5-21-963789628-1060504924-4285088085-1001"}
{"EventID": "6", "Channel": "Microsoft-Windows-BackgroundTaskInfrastructure/Operational", "Provider_Name": "Microsoft-Windows-BrokerInfrastructure", "Computer": "DESKTOP-OFJ6N53", "TimeCreated": "2023-01-24 15:38:45.032261+00:00", "RecordID": "45", "Level": "4", "UserID": "S-1-5-18", "EventData.PackageFullName": "Microsoft.Windows.Search_1.14.7.19041_neutral_neutral_cw5n1h2txyewy", "EventData.EntryPointLength": "50", "EventData.EntryPoint": "Cortana.Internal.Search.ConfigPollerBackgroundTask", "EventData.UserSid": "S-1-5-21-963789628-1060504924-4285088085-1001"}
{"EventID": "6", "Channel": "Microsoft-Windows-BackgroundTaskInfrastructure/Operational", "Provider_Name": "Microsoft-Windows-BrokerInfrastructure", "Computer": "DESKTOP-OFJ6N53", "TimeCreated": "2023-01-28 09:56:18.558861+00:00", "RecordID": "46", "Level": "4", "UserID": "S-1-5-18", "EventData.PackageFullName": "Microsoft.Windows.Search_1.14.7.19041_neutral_neutral_cw5n1h2txyewy", "EventData.EntryPointLength": "57", "EventData.EntryPoint": "Windows.ApplicationModel.Core.DefaultInProcBackgroundTask", "EventData.UserSid": "S-1-5-21-963789628-1060504924-4285088085-1001"}
{"EventID": "6", "Channel": "Microsoft-Windows-BackgroundTaskInfrastructure/Operational", "Provider_Name": "Microsoft-Windows-BrokerInfrastructure", "Computer": "DESKTOP-OFJ6N53", "TimeCreated": "2023-01-28 09:56:33.784908+00:00", "RecordID": "47", "Level": "4", "UserID": "S-1-5-18", "EventData.PackageFullName": "Microsoft.Windows.Search_1.14.7.19041_neutral_neutral_cw5n1h2txyewy", "EventData.EntryPointLength": "57", "EventData.EntryPoint": "Windows.ApplicationModel.Core.DefaultInProcBackgroundTask", "EventData.UserSid": "S-1-5-21-963789628-1060504924-4285088085-1001"}
{"EventID": "6", "Channel": "Microsoft-Windows-BackgroundTaskInfrastructure/Operational", "Provider_Name": "Microsoft-Windows-BrokerInfrastructure", "Computer": "DESKTOP-OFJ6N53", "TimeCreated": "2023-01-28 09:56:46.419172+00:00", "RecordID": "48", "Level": "4", "UserID": "S-1-5-18", "EventData.PackageFullName": "Microsoft.Windows.Search_1.14.7.19041_neutral_neutral_cw5n1h2txyewy", "EventData.EntryPointLength": "57", "EventData.EntryPoint": "Windows.ApplicationModel.Core.DefaultInProcBackgroundTask", "EventData.UserSid": "S-1-5-21-963789628-1060504924-4285088085-1001"}
{"EventID": "6", "Channel": "Microsoft-Windows-BackgroundTaskInfrastructure/Operational", "Provider_Name": "Microsoft-Windows-BrokerInfrastructure", "Computer": "DESKTOP-OFJ6N53", "TimeCreated": "2023-01-28 09:56:46.419197+00:00", "RecordID": "49", "Level": "4", "UserID": "S-1-5-18", "EventData.PackageFullName": "Microsoft.Windows.Search_1.14.7.19041_neutral_neutral_cw5n1h2txyewy", "EventData.EntryPointLength": "57", "EventData.EntryPoint": "Windows.ApplicationModel.Core.DefaultInProcBackgroundTask", "EventData.UserSid": "S-1-5-21-963789628-1060504924-4285088085-1001"}
{"EventID": "21", "Channel": "Microsoft-Windows-BackgroundTaskInfrastructure/Operational", "Provider_Name": "Microsoft-Windows-BrokerInfrastructure", "Computer": "DESKTOP-OFJ6N53", "TimeCreated": "2023-01-30 08:01:11.666042+00:00", "RecordID": "50", "Level": "4", "UserID": "S-1-5-18", "EventData.EntryPointLength": "53", "EventData.TaskEntryPoint": "ContentDeliveryManager.Background.UpdatePlacementTask", "EventData.NameLength": "78", "EventData.TaskName": "ContentDeliveryManager.Background.SubscribedContent-314559.UpdatePlacementTask", "EventData.Result": "2150040155"}
{"EventID": "6", "Channel": "Microsoft-Windows-BackgroundTaskInfrastructure/Operational", "Provider_Name": "Microsoft-Windows-BrokerInfrastructure", "Computer": "DESKTOP-OFJ6N53", "TimeCreated": "2023-02-27 12:54:40.071867+00:00", "RecordID": "51", "Level": "4", "UserID": "S-1-5-18", "EventData.PackageFullName": "Microsoft.Windows.Search_1.14.8.19041_neutral_neutral_cw5n1h2txyewy", "EventData.EntryPointLength": "57", "EventData.EntryPoint": "Windows.ApplicationModel.Core.DefaultInProcBackgroundTask", "EventData.UserSid": "S-1-5-21-963789628-1060504924-4285088085-1001"}
{"EventID": "6", "Channel": "Microsoft-Windows-BackgroundTaskInfrastructure/Operational", "Provider_Name": "Microsoft-Windows-BrokerInfrastructure", "Computer": "DESKTOP-OFJ6N53", "TimeCreated": "2023-02-27 12:54:45.187790+00:00", "RecordID": "52", "Level": "4", "UserID": "S-1-5-18", "EventData.PackageFullName": "Microsoft.Windows.Search_1.14.8.19041_neutral_neutral_cw5n1h2txyewy", "EventData.EntryPointLength": "57", "EventData.EntryPoint": "Windows.ApplicationModel.Core.DefaultInProcBackgroundTask", "EventData.UserSid": "S-1-5-21-963789628-1060504924-4285088085-1001"}
{"EventID": "6", "Channel": "Microsoft-Windows-BackgroundTaskInfrastructure/Operational", "Provider_Name": "Microsoft-Windows-BrokerInfrastructure", "Computer": "DESKTOP-OFJ6N53", "TimeCreated": "2023-02-27 12:54:45.187801+00:00", "RecordID": "53", "Level": "4", "UserID": "S-1-5-18", "EventData.PackageFullName": "Microsoft.Windows.Search_1.14.8.19041_neutral_neutral_cw5n1h2txyewy", "EventData.EntryPointLength": "57", "EventData.EntryPoint": "Windows.ApplicationModel.Core.DefaultInProcBackgroundTask", "EventData.UserSid": "S-1-5-21-963789628-1060504924-4285088085-1001"}
{"EventID": "6", "Channel": "Microsoft-Windows-BackgroundTaskInfrastructure/Operational", "Provider_Name": "Microsoft-Windows-BrokerInfrastructure", "Computer": "DESKTOP-OFJ6N53", "TimeCreated": "2023-02-27 12:54:45.187830+00:00", "RecordID": "54", "Level": "4", "UserID": "S-1-5-18", "EventData.PackageFullName": "Microsoft.Windows.Search_1.14.8.19041_neutral_neutral_cw5n1h2txyewy", "EventData.EntryPointLength": "57", "EventData.EntryPoint": "Windows.ApplicationModel.Core.DefaultInProcBackgroundTask", "EventData.UserSid": "S-1-5-21-963789628-1060504924-4285088085-1001"}
{"EventID": "6", "Channel": "Microsoft-Windows-BackgroundTaskInfrastructure/Operational", "Provider_Name": "Microsoft-Windows-BrokerInfrastructure", "Computer": "DESKTOP-OFJ6N53", "TimeCreated": "2023-02-27 12:58:37.962732+00:00", "RecordID": "55", "Level": "4", "UserID": "S-1-5-18", "EventData.PackageFullName": "Microsoft.YourPhone_1.23012.155.0_x64__8wekyb3d8bbwe", "EventData.EntryPointLength": "41", "EventData.EntryPoint": "YourPhone.Background.Tasks.BackgroundTask", "EventData.UserSid": "S-1-5-21-963789628-1060504924-4285088085-1001"}
{"EventID": "6", "Channel": "Microsoft-Windows-BackgroundTaskInfrastructure/Operational", "Provider_Name": "Microsoft-Windows-BrokerInfrastructure", "Computer": "DESKTOP-OFJ6N53", "TimeCreated": "2023-03-16 15:01:56.000341+00:00", "RecordID": "56", "Level": "4", "UserID": "S-1-5-18", "EventData.PackageFullName": "Microsoft.Windows.Search_1.14.8.19041_neutral_neutral_cw5n1h2txyewy", "EventData.EntryPointLength": "57", "EventData.EntryPoint": "Windows.ApplicationModel.Core.DefaultInProcBackgroundTask", "EventData.UserSid": "S-1-5-21-963789628-1060504924-4285088085-1001"}
{"EventID": "6", "Channel": "Microsoft-Windows-BackgroundTaskInfrastructure/Operational", "Provider_Name": "Microsoft-Windows-BrokerInfrastructure", "Computer": "DESKTOP-OFJ6N53", "TimeCreated": "2023-03-16 15:02:26.955667+00:00", "RecordID": "57", "Level": "4", "UserID": "S-1-5-18", "EventData.PackageFullName": "Microsoft.Windows.Search_1.14.8.19041_neutral_neutral_cw5n1h2txyewy", "EventData.EntryPointLength": "57", "EventData.EntryPoint": "Windows.ApplicationModel.Core.DefaultInProcBackgroundTask", "EventData.UserSid": "S-1-5-21-963789628-1060504924-4285088085-1001"}
{"EventID": "21", "Channel": "Microsoft-Windows-BackgroundTaskInfrastructure/Operational", "Provider_Name": "Microsoft-Windows-BrokerInfrastructure", "Computer": "DESKTOP-OFJ6N53", "TimeCreated": "2023-03-17 11:16:15.286842+00:00", "RecordID": "58", "Level": "4", "UserID": "S-1-5-18", "EventData.EntryPointLength": "41", "EventData.TaskEntryPoint": "YourPhone.Background.Tasks.BackgroundTask", "EventData.NameLength": "39", "EventData.TaskName": "FreIncompleteNotificationBackgroundTask", "EventData.Result": "2150040154"}
{"EventID": "6", "Channel": "Microsoft-Windows-BackgroundTaskInfrastructure/Operational", "Provider_Name": "Microsoft-Windows-BrokerInfrastructure", "Computer": "DESKTOP-OFJ6N53", "TimeCreated": "2023-03-17 11:30:55.250439+00:00", "RecordID": "59", "Level": "4", "UserID": "S-1-5-18", "EventData.PackageFullName": "Microsoft.Windows.Photos_2022.30120.12007.0_x64__8wekyb3d8bbwe", "EventData.EntryPointLength": "47", "EventData.EntryPoint": "PhotosApp.BackgroundTasks.BackgroundTaskStarter", "EventData.UserSid": "S-1-5-21-963789628-1060504924-4285088085-1001"}
{"EventID": "21", "Channel": "Microsoft-Windows-BackgroundTaskInfrastructure/Operational", "Provider_Name": "Microsoft-Windows-BrokerInfrastructure", "Computer": "DESKTOP-OFJ6N53", "TimeCreated": "2023-03-19 01:05:06.542656+00:00", "RecordID": "60", "Level": "4", "UserID": "S-1-5-18", "EventData.EntryPointLength": "59", "EventData.TaskEntryPoint": "ContentDeliveryManager.Background.ProcessCreativeEventsTask", "EventData.NameLength": "59", "EventData.TaskName": "ContentDeliveryManager.Background.ProcessCreativeEventsTask", "EventData.Result": "2150040155"}
{"EventID": "21", "Channel": "Microsoft-Windows-BackgroundTaskInfrastructure/Operational", "Provider_Name": "Microsoft-Windows-BrokerInfrastructure", "Computer": "DESKTOP-OFJ6N53", "TimeCreated": "2023-03-19 01:05:06.892645+00:00", "RecordID": "61", "Level": "4", "UserID": "S-1-5-18", "EventData.EntryPointLength": "59", "EventData.TaskEntryPoint": "ContentDeliveryManager.Background.ProcessCreativeEventsTask", "EventData.NameLength": "59", "EventData.TaskName": "ContentDeliveryManager.Background.ProcessCreativeEventsTask", "EventData.Result": "2147945463"}
{"EventID": "6", "Channel": "Microsoft-Windows-BackgroundTaskInfrastructure/Operational", "Provider_Name": "Microsoft-Windows-BrokerInfrastructure", "Computer": "DESKTOP-OFJ6N53", "TimeCreated": "2023-03-19 01:11:41.862461+00:00", "RecordID": "62", "Level": "4", "UserID": "S-1-5-18", "EventData.PackageFullName": "Microsoft.Windows.Search_1.14.8.19041_neutral_neutral_cw5n1h2txyewy", "EventData.EntryPointLength": "57", "EventData.EntryPoint": "Windows.ApplicationModel.Core.DefaultInProcBackgroundTask", "EventData.UserSid": "S-1-5-21-963789628-1060504924-4285088085-1001"}
{"EventID": "6", "Channel": "Microsoft-Windows-BackgroundTaskInfrastructure/Operational", "Provider_Name": "Microsoft-Windows-BrokerInfrastructure", "Computer": "DESKTOP-OFJ6N53", "TimeCreated": "2023-03-19 01:12:01.746738+00:00", "RecordID": "63", "Level": "4", "UserID": "S-1-5-18", "EventData.PackageFullName": "Microsoft.Windows.Search_1.14.8.19041_neutral_neutral_cw5n1h2txyewy", "EventData.EntryPointLength": "57", "EventData.EntryPoint": "Windows.ApplicationModel.Core.DefaultInProcBackgroundTask", "EventData.UserSid": "S-1-5-21-963789628-1060504924-4285088085-1001"}
{"EventID": "6", "Channel": "Microsoft-Windows-BackgroundTaskInfrastructure/Operational", "Provider_Name": "Microsoft-Windows-BrokerInfrastructure", "Computer": "DESKTOP-OFJ6N53", "TimeCreated": "2023-03-19 01:12:07.404955+00:00", "RecordID": "64", "Level": "4", "UserID": "S-1-5-18", "EventData.PackageFullName": "Microsoft.Windows.Search_1.14.8.19041_neutral_neutral_cw5n1h2txyewy", "EventData.EntryPointLength": "57", "EventData.EntryPoint": "Windows.ApplicationModel.Core.DefaultInProcBackgroundTask", "EventData.UserSid": "S-1-5-21-963789628-1060504924-4285088085-1001"}
{"EventID": "6", "Channel": "Microsoft-Windows-BackgroundTaskInfrastructure/Operational", "Provider_Name": "Microsoft-Windows-BrokerInfrastructure", "Computer": "DESKTOP-OFJ6N53", "TimeCreated": "2023-03-19 01:12:07.408745+00:00", "RecordID": "65", "Level": "4", "UserID": "S-1-5-18", "EventData.PackageFullName": "Microsoft.Windows.Search_1.14.8.19041_neutral_neutral_cw5n1h2txyewy", "EventData.EntryPointLength": "57", "EventData.EntryPoint": "Windows.ApplicationModel.Core.DefaultInProcBackgroundTask", "EventData.UserSid": "S-1-5-21-963789628-1060504924-4285088085-1001"}
{"EventID": "6", "Channel": "Microsoft-Windows-BackgroundTaskInfrastructure/Operational", "Provider_Name": "Microsoft-Windows-BrokerInfrastructure", "Computer": "DESKTOP-OFJ6N53", "TimeCreated": "2023-03-19 01:12:07.431082+00:00", "RecordID": "66", "Level": "4", "UserID": "S-1-5-18", "EventData.PackageFullName": "Microsoft.Windows.Search_1.14.8.19041_neutral_neutral_cw5n1h2txyewy", "EventData.EntryPointLength": "57", "EventData.EntryPoint": "Windows.ApplicationModel.Core.DefaultInProcBackgroundTask", "EventData.UserSid": "S-1-5-21-963789628-1060504924-4285088085-1001"}
{"EventID": "6", "Channel": "Microsoft-Windows-BackgroundTaskInfrastructure/Operational", "Provider_Name": "Microsoft-Windows-BrokerInfrastructure", "Computer": "DESKTOP-OFJ6N53", "TimeCreated": "2023-03-19 01:12:07.432505+00:00", "RecordID": "67", "Level": "4", "UserID": "S-1-5-18", "EventData.PackageFullName": "Microsoft.Windows.Search_1.14.8.19041_neutral_neutral_cw5n1h2txyewy", "EventData.EntryPointLength": "57", "EventData.EntryPoint": "Windows.ApplicationModel.Core.DefaultInProcBackgroundTask", "EventData.UserSid": "S-1-5-21-963789628-1060504924-4285088085-1001"}
{"EventID": "6", "Channel": "Microsoft-Windows-BackgroundTaskInfrastructure/Operational", "Provider_Name": "Microsoft-Windows-BrokerInfrastructure", "Computer": "DESKTOP-OFJ6N53", "TimeCreated": "2023-03-19 01:13:33.608303+00:00", "RecordID": "68", "Level": "4", "UserID": "S-1-5-18", "EventData.PackageFullName": "Microsoft.YourPhone_1.23012.167.0_x64__8wekyb3d8bbwe", "EventData.EntryPointLength": "41", "EventData.EntryPoint": "YourPhone.Background.Tasks.BackgroundTask", "EventData.UserSid": "S-1-5-21-963789628-1060504924-4285088085-1001"}
{"EventID": "21", "Channel": "Microsoft-Windows-BackgroundTaskInfrastructure/Operational", "Provider_Name": "Microsoft-Windows-BrokerInfrastructure", "Computer": "DESKTOP-OFJ6N53", "TimeCreated": "2023-03-20 08:26:54.209843+00:00", "RecordID": "69", "Level": "4", "UserID": "S-1-5-18", "EventData.EntryPointLength": "59", "EventData.TaskEntryPoint": "ContentDeliveryManager.Background.ProcessCreativeEventsTask", "EventData.NameLength": "59", "EventData.TaskName": "ContentDeliveryManager.Background.ProcessCreativeEventsTask", "EventData.Result": "2147944122"}
{"EventID": "6", "Channel": "Microsoft-Windows-BackgroundTaskInfrastructure/Operational", "Provider_Name": "Microsoft-Windows-BrokerInfrastructure", "Computer": "DESKTOP-OFJ6N53", "TimeCreated": "2023-03-20 08:36:27.979832+00:00", "RecordID": "70", "Level": "4", "UserID": "S-1-5-18", "EventData.PackageFullName": "Microsoft.Windows.Search_1.14.8.19041_neutral_neutral_cw5n1h2txyewy", "EventData.EntryPointLength": "57", "EventData.EntryPoint": "Windows.ApplicationModel.Core.DefaultInProcBackgroundTask", "EventData.UserSid": "S-1-5-21-963789628-1060504924-4285088085-1001"}
{"EventID": "6", "Channel": "Microsoft-Windows-BackgroundTaskInfrastructure/Operational", "Provider_Name": "Microsoft-Windows-BrokerInfrastructure", "Computer": "DESKTOP-OFJ6N53", "TimeCreated": "2023-03-20 08:36:33.913975+00:00", "RecordID": "71", "Level": "4", "UserID": "S-1-5-18", "EventData.PackageFullName": "Microsoft.Windows.Search_1.14.8.19041_neutral_neutral_cw5n1h2txyewy", "EventData.EntryPointLength": "57", "EventData.EntryPoint": "Windows.ApplicationModel.Core.DefaultInProcBackgroundTask", "EventData.UserSid": "S-1-5-21-963789628-1060504924-4285088085-1001"}
{"EventID": "6", "Channel": "Microsoft-Windows-BackgroundTaskInfrastructure/Operational", "Provider_Name": "Microsoft-Windows-BrokerInfrastructure", "Computer": "DESKTOP-OFJ6N53", "TimeCreated": "2023-03-20 08:36:33.967794+00:00", "RecordID": "72", "Level": "4", "UserID": "S-1-5-18", "EventData.PackageFullName": "Microsoft.Windows.Search_1.14.8.19041_neutral_neutral_cw5n1h2txyewy", "EventData.EntryPointLength": "57", "EventData.EntryPoint": "Windows.ApplicationModel.Core.DefaultInProcBackgroundTask", "EventData.UserSid": "S-1-5-21-963789628-1060504924-4285088085-1001"}
{"EventID": "6", "Channel": "Microsoft-Windows-BackgroundTaskInfrastructure/Operational", "Provider_Name": "Microsoft-Windows-BrokerInfrastructure", "Computer": "DESKTOP-OFJ6N53", "TimeCreated": "2023-03-20 08:36:34.038687+00:00", "RecordID": "73", "Level": "4", "UserID": "S-1-5-18", "EventData.PackageFullName": "Microsoft.Windows.Search_1.14.8.19041_neutral_neutral_cw5n1h2txyewy", "EventData.EntryPointLength": "57", "EventData.EntryPoint": "Windows.ApplicationModel.Core.DefaultInProcBackgroundTask", "EventData.UserSid": "S-1-5-21-963789628-1060504924-4285088085-1001"}
{"EventID": "6", "Channel": "Microsoft-Windows-BackgroundTaskInfrastructure/Operational", "Provider_Name": "Microsoft-Windows-BrokerInfrastructure", "Computer": "DESKTOP-OFJ6N53", "TimeCreated": "2023-03-20 08:40:07.047663+00:00", "RecordID": "74", "Level": "4", "UserID": "S-1-5-18", "EventData.PackageFullName": "Microsoft.YourPhone_1.23012.167.0_x64__8wekyb3d8bbwe", "EventData.EntryPointLength": "41", "EventData.EntryPoint": "YourPhone.Background.Tasks.BackgroundTask", "EventData.UserSid": "S-1-5-21-963789628-1060504924-4285088085-1001"}
{"EventID": "6", "Channel": "Microsoft-Windows-BackgroundTaskInfrastructure/Operational", "Provider_Name": "Microsoft-Windows-BrokerInfrastructure", "Computer": "DESKTOP-OFJ6N53", "TimeCreated": "2023-03-20 09:10:47.602051+00:00", "RecordID": "75", "Level": "4", "UserID": "S-1-5-18", "EventData.PackageFullName": "Microsoft.Windows.Photos_2022.30120.12007.0_x64__8wekyb3d8bbwe", "EventData.EntryPointLength": "47", "EventData.EntryPoint": "PhotosApp.BackgroundTasks.BackgroundTaskStarter", "EventData.UserSid": "S-1-5-21-963789628-1060504924-4285088085-1001"}
{"EventID": "21", "Channel": "Microsoft-Windows-BackgroundTaskInfrastructure/Operational", "Provider_Name": "Microsoft-Windows-BrokerInfrastructure", "Computer": "DESKTOP-OFJ6N53", "TimeCreated": "2023-03-20 09:10:50.508144+00:00", "RecordID": "76", "Level": "4", "UserID": "S-1-5-18", "EventData.EntryPointLength": "47", "EventData.TaskEntryPoint": "PhotosApp.BackgroundTasks.BackgroundTaskStarter", "EventData.NameLength": "22", "EventData.TaskName": "MaintenanceTriggerTask", "EventData.Result": "2150040155"}
{"EventID": "6", "Channel": "Microsoft-Windows-BackgroundTaskInfrastructure/Operational", "Provider_Name": "Microsoft-Windows-BrokerInfrastructure", "Computer": "DESKTOP-OFJ6N53", "TimeCreated": "2023-03-23 10:12:48.028330+00:00", "RecordID": "77", "Level": "4", "UserID": "S-1-5-18", "EventData.PackageFullName": "Microsoft.Windows.Search_1.14.8.19041_neutral_neutral_cw5n1h2txyewy", "EventData.EntryPointLength": "57", "EventData.EntryPoint": "Windows.ApplicationModel.Core.DefaultInProcBackgroundTask", "EventData.UserSid": "S-1-5-21-963789628-1060504924-4285088085-1001"}
{"EventID": "6", "Channel": "Microsoft-Windows-BackgroundTaskInfrastructure/Operational", "Provider_Name": "Microsoft-Windows-BrokerInfrastructure", "Computer": "DESKTOP-OFJ6N53", "TimeCreated": "2023-03-23 10:12:55.158939+00:00", "RecordID": "78", "Level": "4", "UserID": "S-1-5-18", "EventData.PackageFullName": "Microsoft.Windows.Search_1.14.8.19041_neutral_neutral_cw5n1h2txyewy", "EventData.EntryPointLength": "57", "EventData.EntryPoint": "Windows.ApplicationModel.Core.DefaultInProcBackgroundTask", "EventData.UserSid": "S-1-5-21-963789628-1060504924-4285088085-1001"}
{"EventID": "6", "Channel": "Microsoft-Windows-BackgroundTaskInfrastructure/Operational", "Provider_Name": "Microsoft-Windows-BrokerInfrastructure", "Computer": "DESKTOP-OFJ6N53", "TimeCreated": "2023-03-23 10:13:21.088614+00:00", "RecordID": "79", "Level": "4", "UserID": "S-1-5-18", "EventData.PackageFullName": "Microsoft.Windows.Search_1.14.8.19041_neutral_neutral_cw5n1h2txyewy", "EventData.EntryPointLength": "57", "EventData.EntryPoint": "Windows.ApplicationModel.Core.DefaultInProcBackgroundTask", "EventData.UserSid": "S-1-5-21-963789628-1060504924-4285088085-1001"}
{"EventID": "6", "Channel": "Microsoft-Windows-BackgroundTaskInfrastructure/Operational", "Provider_Name": "Microsoft-Windows-BrokerInfrastructure", "Computer": "DESKTOP-OFJ6N53", "TimeCreated": "2023-03-23 10:13:21.089720+00:00", "RecordID": "80", "Level": "4", "UserID": "S-1-5-18", "EventData.PackageFullName": "Microsoft.Windows.Search_1.14.8.19041_neutral_neutral_cw5n1h2txyewy", "EventData.EntryPointLength": "57", "EventData.EntryPoint": "Windows.ApplicationModel.Core.DefaultInProcBackgroundTask", "EventData.UserSid": "S-1-5-21-963789628-1060504924-4285088085-1001"}
{"EventID": "6", "Channel": "Microsoft-Windows-BackgroundTaskInfrastructure/Operational", "Provider_Name": "Microsoft-Windows-BrokerInfrastructure", "Computer": "DESKTOP-OFJ6N53", "TimeCreated": "2023-03-23 10:13:21.090416+00:00", "RecordID": "81", "Level": "4", "UserID": "S-1-5-18", "EventData.PackageFullName": "Microsoft.Windows.Search_1.14.8.19041_neutral_neutral_cw5n1h2txyewy", "EventData.EntryPointLength": "57", "EventData.EntryPoint": "Windows.ApplicationModel.Core.DefaultInProcBackgroundTask", "EventData.UserSid": "S-1-5-21-963789628-1060504924-4285088085-1001"}
{"EventID": "6", "Channel": "Microsoft-Windows-BackgroundTaskInfrastructure/Operational", "Provider_Name": "Microsoft-Windows-BrokerInfrastructure", "Computer": "DESKTOP-OFJ6N53", "TimeCreated": "2023-03-23 10:13:43.780546+00:00", "RecordID": "82", "Level": "4", "UserID": "S-1-5-18", "EventData.PackageFullName": "Microsoft.Windows.Search_1.14.8.19041_neutral_neutral_cw5n1h2txyewy", "EventData.EntryPointLength": "57", "EventData.EntryPoint": "Windows.ApplicationModel.Core.DefaultInProcBackgroundTask", "EventData.UserSid": "S-1-5-21-963789628-1060504924-4285088085-1001"}
{"EventID": "6", "Channel": "Microsoft-Windows-BackgroundTaskInfrastructure/Operational", "Provider_Name": "Microsoft-Windows-BrokerInfrastructure", "Computer": "DESKTOP-OFJ6N53", "TimeCreated": "2023-03-23 10:15:29.267149+00:00", "RecordID": "83", "Level": "4", "UserID": "S-1-5-18", "EventData.PackageFullName": "Microsoft.YourPhone_1.23012.167.0_x64__8wekyb3d8bbwe", "EventData.EntryPointLength": "41", "EventData.EntryPoint": "YourPhone.Background.Tasks.BackgroundTask", "EventData.UserSid": "S-1-5-21-963789628-1060504924-4285088085-1001"}
{"EventID": "6", "Channel": "Microsoft-Windows-BackgroundTaskInfrastructure/Operational", "Provider_Name": "Microsoft-Windows-BrokerInfrastructure", "Computer": "DESKTOP-OFJ6N53", "TimeCreated": "2023-03-23 11:14:54.279118+00:00", "RecordID": "84", "Level": "4", "UserID": "S-1-5-18", "EventData.PackageFullName": "Microsoft.Windows.Photos_2022.30120.12007.0_x64__8wekyb3d8bbwe", "EventData.EntryPointLength": "47", "EventData.EntryPoint": "PhotosApp.BackgroundTasks.BackgroundTaskStarter", "EventData.UserSid": "S-1-5-21-963789628-1060504924-4285088085-1001"}
{"EventID": "6", "Channel": "Microsoft-Windows-BackgroundTaskInfrastructure/Operational", "Provider_Name": "Microsoft-Windows-BrokerInfrastructure", "Computer": "DESKTOP-OFJ6N53", "TimeCreated": "2023-03-29 11:29:22.168377+00:00", "RecordID": "85", "Level": "4", "UserID": "S-1-5-18", "EventData.PackageFullName": "Microsoft.Windows.Search_1.14.8.19041_neutral_neutral_cw5n1h2txyewy", "EventData.EntryPointLength": "57", "EventData.EntryPoint": "Windows.ApplicationModel.Core.DefaultInProcBackgroundTask", "EventData.UserSid": "S-1-5-21-963789628-1060504924-4285088085-1001"}
{"EventID": "6", "Channel": "Microsoft-Windows-BackgroundTaskInfrastructure/Operational", "Provider_Name": "Microsoft-Windows-BrokerInfrastructure", "Computer": "DESKTOP-OFJ6N53", "TimeCreated": "2023-03-29 11:29:32.669117+00:00", "RecordID": "86", "Level": "4", "UserID": "S-1-5-18", "EventData.PackageFullName": "Microsoft.Windows.Search_1.14.8.19041_neutral_neutral_cw5n1h2txyewy", "EventData.EntryPointLength": "57", "EventData.EntryPoint": "Windows.ApplicationModel.Core.DefaultInProcBackgroundTask", "EventData.UserSid": "S-1-5-21-963789628-1060504924-4285088085-1001"}
{"EventID": "21", "Channel": "Microsoft-Windows-BackgroundTaskInfrastructure/Operational", "Provider_Name": "Microsoft-Windows-BrokerInfrastructure", "Computer": "DESKTOP-OFJ6N53", "TimeCreated": "2023-03-29 11:31:22.121141+00:00", "RecordID": "87", "Level": "4", "UserID": "S-1-5-18", "EventData.EntryPointLength": "57", "EventData.TaskEntryPoint": "Windows.ApplicationModel.Core.DefaultInProcBackgroundTask", "EventData.NameLength": "0", "EventData.TaskName": null, "EventData.Result": "2150040154"}
{"EventID": "6", "Channel": "Microsoft-Windows-BackgroundTaskInfrastructure/Operational", "Provider_Name": "Microsoft-Windows-BrokerInfrastructure", "Computer": "DESKTOP-OFJ6N53", "TimeCreated": "2023-04-03 13:40:48.825058+00:00", "RecordID": "88", "Level": "4", "UserID": "S-1-5-18", "EventData.PackageFullName": "Microsoft.Windows.Search_1.14.8.19041_neutral_neutral_cw5n1h2txyewy", "EventData.EntryPointLength": "57", "EventData.EntryPoint": "Windows.ApplicationModel.Core.DefaultInProcBackgroundTask", "EventData.UserSid": "S-1-5-21-963789628-1060504924-4285088085-1001"}
{"EventID": "6", "Channel": "Microsoft-Windows-BackgroundTaskInfrastructure/Operational", "Provider_Name": "Microsoft-Windows-BrokerInfrastructure", "Computer": "DESKTOP-OFJ6N53", "TimeCreated": "2023-04-03 13:40:52.328800+00:00", "RecordID": "89", "Level": "4", "UserID": "S-1-5-18", "EventData.PackageFullName": "Microsoft.Windows.Search_1.14.8.19041_neutral_neutral_cw5n1h2txyewy", "EventData.EntryPointLength": "57", "EventData.EntryPoint": "Windows.ApplicationModel.Core.DefaultInProcBackgroundTask", "EventData.UserSid": "S-1-5-21-963789628-1060504924-4285088085-1001"}
