{"EventID": "3089", "Channel": "Microsoft-Windows-CodeIntegrity/Operational", "Provider_Name": "Microsoft-Windows-CodeIntegrity", "Computer": "DESKTOP-OFJ6N53", "TimeCreated": "2025-03-06 07:23:29.845648+00:00", "RecordID": "63175", "Level": "4", "UserID": "S-1-5-18", "EventData.TotalSignatureCount": "2", "EventData.Signature": "1", "EventData.CacheState": "3", "EventData.Hash Size": "32", "EventData.Hash": "D1f6ckcOmOGY0WvyVsYPf0dunC5QNNXJX3MfKUCLQ2E=", "EventData.PageHash": "False", "EventData.SignatureType": "1", "EventData.ValidatedSigningLevel": "1", "EventData.VerificationError": "18", "EventData.Flags": "0", "EventData.PolicyBits": "16", "EventData.NotValidBefore": "2018-01-22 00:00:00+00:00", "EventData.NotValidAfter": "2021-03-05 12:00:00+00:00", "EventData.PublisherNameLength": "14", "EventData.PublisherName": "LLC Crypto-Pro", "EventData.IssuerNameLength": "34", "EventData.IssuerName": "DigiCert EV Code Signing CA (SHA2)", "EventData.PublisherTBSHashSize": "32", "EventData.PublisherTBSHash": "bSSn12wcu4g4gSlvMwWiHV9M9wWp9OQ2cIVVIyXQhpQ=", "EventData.IssuerTBSHashSize": "32", "EventData.IssuerTBSHash": "7sWBMdwRzX9RJQGxX9vGB0xgO2jKkfcWLVoEIFTtsM8="}
{"EventID": "3033", "Channel": "Microsoft-Windows-CodeIntegrity/Operational", "Provider_Name": "Microsoft-Windows-CodeIntegrity", "Computer": "DESKTOP-OFJ6N53", "TimeCreated": "2025-03-06 07:33:57.208851+00:00", "RecordID": "63176", "Level": "2", "UserID": "S-1-5-18", "EventData.FileNameLength": "83", "EventData.FileNameBuffer": "\\Device\\HarddiskVolume3\\Program Files\\Common Files\\Crypto Pro\\AppCompat\\cpadvai.dll", "EventData.ProcessNameLength": "100", "EventData.ProcessNameBuffer": "\\Device\\HarddiskVolume3\\ProgramData\\Microsoft\\Windows Defender\\Platform\\4.18.25010.11-0\\MpCmdRun.exe", "EventData.RequestedPolicy": "8", "EventData.ValidatedPolicy": "1", "EventData.Status": "3221226536"}
{"EventID": "3089", "Channel": "Microsoft-Windows-CodeIntegrity/Operational", "Provider_Name": "Microsoft-Windows-CodeIntegrity", "Computer": "DESKTOP-OFJ6N53", "TimeCreated": "2025-03-06 07:33:57.208855+00:00", "RecordID": "63177", "Level": "4", "UserID": "S-1-5-18", "EventData.TotalSignatureCount": "2", "EventData.Signature": "0", "EventData.CacheState": "3", "EventData.Hash Size": "20", "EventData.Hash": "hgAWI9gi3ImMeQu2upEKuQTDX0o=", "EventData.PageHash": "False", "EventData.SignatureType": "1", "EventData.ValidatedSigningLevel": "1", "EventData.VerificationError": "7", "EventData.Flags": "0", "EventData.PolicyBits": "16", "EventData.NotValidBefore": "2019-03-28 00:00:00+00:00", "EventData.NotValidAfter": "2021-03-05 12:00:00+00:00", "EventData.PublisherNameLength": "14", "EventData.PublisherName": "LLC Crypto-Pro", "EventData.IssuerNameLength": "27", "EventData.IssuerName": "DigiCert EV Code Signing CA", "EventData.PublisherTBSHashSize": "20", "EventData.PublisherTBSHash": "ryzeyGzx0kbOBQrxo9TZ057FBVo=", "EventData.IssuerTBSHashSize": "20", "EventData.IssuerTBSHash": "LVTBao+LaczepI0GA8Ey9Uelz3U="}
{"EventID": "3089", "Channel": "Microsoft-Windows-CodeIntegrity/Operational", "Provider_Name": "Microsoft-Windows-CodeIntegrity", "Computer": "DESKTOP-OFJ6N53", "TimeCreated": "2025-03-06 07:33:57.208855+00:00", "RecordID": "63178", "Level": "4", "UserID": "S-1-5-18", "EventData.TotalSignatureCount": "2", "EventData.Signature": "1", "EventData.CacheState": "3", "EventData.Hash Size": "32", "EventData.Hash": "3CrSgSHYC5hzviemulsR+C5pSAYz78FnSZp2ZjbrqIQ=", "EventData.PageHash": "False", "EventData.SignatureType": "1", "EventData.ValidatedSigningLevel": "1", "EventData.VerificationError": "7", "EventData.Flags": "0", "EventData.PolicyBits": "16", "EventData.NotValidBefore": "2018-01-22 00:00:00+00:00", "EventData.NotValidAfter": "2021-03-05 12:00:00+00:00", "EventData.PublisherNameLength": "14", "EventData.PublisherName": "LLC Crypto-Pro", "EventData.IssuerNameLength": "34", "EventData.IssuerName": "DigiCert EV Code Signing CA (SHA2)", "EventData.PublisherTBSHashSize": "32", "EventData.PublisherTBSHash": "bSSn12wcu4g4gSlvMwWiHV9M9wWp9OQ2cIVVIyXQhpQ=", "EventData.IssuerTBSHashSize": "32", "EventData.IssuerTBSHash": "7sWBMdwRzX9RJQGxX9vGB0xgO2jKkfcWLVoEIFTtsM8="}
{"EventID": "3033", "Channel": "Microsoft-Windows-CodeIntegrity/Operational", "Provider_Name": "Microsoft-Windows-CodeIntegrity", "Computer": "DESKTOP-OFJ6N53", "TimeCreated": "2025-03-06 10:27:32.580044+00:00", "RecordID": "63179", "Level": "2", "UserID": "S-1-5-21-963789628-1060504924-4285088085-1001", "EventData.FileNameLength": "83", "EventData.FileNameBuffer": "\\Device\\HarddiskVolume3\\Program Files\\Common Files\\Crypto Pro\\AppCompat\\cpcrypt.dll", "EventData.ProcessNameLength": "74", "EventData.ProcessNameBuffer": "\\Device\\HarddiskVolume3\\Program Files\\Google\\Chrome\\Application\\chrome.exe", "EventData.RequestedPolicy": "8", "EventData.ValidatedPolicy": "1", "EventData.Status": "3221226536"}
{"EventID": "3089", "Channel": "Microsoft-Windows-CodeIntegrity/Operational", "Provider_Name": "Microsoft-Windows-CodeIntegrity", "Computer": "DESKTOP-OFJ6N53", "TimeCreated": "2025-03-06 10:27:32.580048+00:00", "RecordID": "63180", "Level": "4", "UserID": "S-1-5-21-963789628-1060504924-4285088085-1001", "EventData.TotalSignatureCount": "2", "EventData.Signature": "0", "EventData.CacheState": "3", "EventData.Hash Size": "20", "EventData.Hash": "9QpKzklFmf9iueYwJfRGk7RS01A=", "EventData.PageHash": "False", "EventData.SignatureType": "1", "EventData.ValidatedSigningLevel": "1", "EventData.VerificationError": "7", "EventData.Flags": "0", "EventData.PolicyBits": "16", "EventData.NotValidBefore": "2019-03-28 00:00:00+00:00", "EventData.NotValidAfter": "2021-03-05 12:00:00+00:00", "EventData.PublisherNameLength": "14", "EventData.PublisherName": "LLC Crypto-Pro", "EventData.IssuerNameLength": "27", "EventData.IssuerName": "DigiCert EV Code Signing CA", "EventData.PublisherTBSHashSize": "20", "EventData.PublisherTBSHash": "ryzeyGzx0kbOBQrxo9TZ057FBVo=", "EventData.IssuerTBSHashSize": "20", "EventData.IssuerTBSHash": "LVTBao+LaczepI0GA8Ey9Uelz3U="}
{"EventID": "3089", "Channel": "Microsoft-Windows-CodeIntegrity/Operational", "Provider_Name": "Microsoft-Windows-CodeIntegrity", "Computer": "DESKTOP-OFJ6N53", "TimeCreated": "2025-03-06 10:27:32.580051+00:00", "RecordID": "63181", "Level": "4", "UserID": "S-1-5-21-963789628-1060504924-4285088085-1001", "EventData.TotalSignatureCount": "2", "EventData.Signature": "1", "EventData.CacheState": "3", "EventData.Hash Size": "32", "EventData.Hash": "qkDZthOAdJcRWUT7Msi3BNeyK2Z8VTKbpDvAUQRtf18=", "EventData.PageHash": "False", "EventData.SignatureType": "1", "EventData.ValidatedSigningLevel": "1", "EventData.VerificationError": "7", "EventData.Flags": "0", "EventData.PolicyBits": "16", "EventData.NotValidBefore": "2018-01-22 00:00:00+00:00", "EventData.NotValidAfter": "2021-03-05 12:00:00+00:00", "EventData.PublisherNameLength": "14", "EventData.PublisherName": "LLC Crypto-Pro", "EventData.IssuerNameLength": "34", "EventData.IssuerName": "DigiCert EV Code Signing CA (SHA2)", "EventData.PublisherTBSHashSize": "32", "EventData.PublisherTBSHash": "bSSn12wcu4g4gSlvMwWiHV9M9wWp9OQ2cIVVIyXQhpQ=", "EventData.IssuerTBSHashSize": "32", "EventData.IssuerTBSHash": "7sWBMdwRzX9RJQGxX9vGB0xgO2jKkfcWLVoEIFTtsM8="}
{"EventID": "3033", "Channel": "Microsoft-Windows-CodeIntegrity/Operational", "Provider_Name": "Microsoft-Windows-CodeIntegrity", "Computer": "DESKTOP-OFJ6N53", "TimeCreated": "2025-03-06 10:27:32.910749+00:00", "RecordID": "63182", "Level": "2", "UserID": "S-1-5-21-963789628-1060504924-4285088085-1001", "EventData.FileNameLength": "83", "EventData.FileNameBuffer": "\\Device\\HarddiskVolume3\\Program Files\\Common Files\\Crypto Pro\\AppCompat\\cpcrypt.dll", "EventData.ProcessNameLength": "74", "EventData.ProcessNameBuffer": "\\Device\\HarddiskVolume3\\Program Files\\Google\\Chrome\\Application\\chrome.exe", "EventData.RequestedPolicy": "8", "EventData.ValidatedPolicy": "1", "EventData.Status": "3221226536"}
{"EventID": "3089", "Channel": "Microsoft-Windows-CodeIntegrity/Operational", "Provider_Name": "Microsoft-Windows-CodeIntegrity", "Computer": "DESKTOP-OFJ6N53", "TimeCreated": "2025-03-06 10:27:32.910753+00:00", "RecordID": "63183", "Level": "4", "UserID": "S-1-5-21-963789628-1060504924-4285088085-1001", "EventData.TotalSignatureCount": "2", "EventData.Signature": "0", "EventData.CacheState": "3", "EventData.Hash Size": "20", "EventData.Hash": "9QpKzklFmf9iueYwJfRGk7RS01A=", "EventData.PageHash": "False", "EventData.SignatureType": "1", "EventData.ValidatedSigningLevel": "1", "EventData.VerificationError": "7", "EventData.Flags": "0", "EventData.PolicyBits": "16", "EventData.NotValidBefore": "2019-03-28 00:00:00+00:00", "EventData.NotValidAfter": "2021-03-05 12:00:00+00:00", "EventData.PublisherNameLength": "14", "EventData.PublisherName": "LLC Crypto-Pro", "EventData.IssuerNameLength": "27", "EventData.IssuerName": "DigiCert EV Code Signing CA", "EventData.PublisherTBSHashSize": "20", "EventData.PublisherTBSHash": "ryzeyGzx0kbOBQrxo9TZ057FBVo=", "EventData.IssuerTBSHashSize": "20", "EventData.IssuerTBSHash": "LVTBao+LaczepI0GA8Ey9Uelz3U="}
{"EventID": "3089", "Channel": "Microsoft-Windows-CodeIntegrity/Operational", "Provider_Name": "Microsoft-Windows-CodeIntegrity", "Computer": "DESKTOP-OFJ6N53", "TimeCreated": "2025-03-06 10:27:32.910757+00:00", "RecordID": "63184", "Level": "4", "UserID": "S-1-5-21-963789628-1060504924-4285088085-1001", "EventData.TotalSignatureCount": "2", "EventData.Signature": "1", "EventData.CacheState": "3", "EventData.Hash Size": "32", "EventData.Hash": "qkDZthOAdJcRWUT7Msi3BNeyK2Z8VTKbpDvAUQRtf18=", "EventData.PageHash": "False", "EventData.SignatureType": "1", "EventData.ValidatedSigningLevel": "1", "EventData.VerificationError": "7", "EventData.Flags": "0", "EventData.PolicyBits": "16", "EventData.NotValidBefore": "2018-01-22 00:00:00+00:00", "EventData.NotValidAfter": "2021-03-05 12:00:00+00:00", "EventData.PublisherNameLength": "14", "EventData.PublisherName": "LLC Crypto-Pro", "EventData.IssuerNameLength": "34", "EventData.IssuerName": "DigiCert EV Code Signing CA (SHA2)", "EventData.PublisherTBSHashSize": "32", "EventData.PublisherTBSHash": "bSSn12wcu4g4gSlvMwWiHV9M9wWp9OQ2cIVVIyXQhpQ=", "EventData.IssuerTBSHashSize": "32", "EventData.IssuerTBSHash": "7sWBMdwRzX9RJQGxX9vGB0xgO2jKkfcWLVoEIFTtsM8="}
{"EventID": "3033", "Channel": "Microsoft-Windows-CodeIntegrity/Operational", "Provider_Name": "Microsoft-Windows-CodeIntegrity", "Computer": "DESKTOP-OFJ6N53", "TimeCreated": "2025-03-06 10:27:36.579580+00:00", "RecordID": "63185", "Level": "2", "UserID": "S-1-5-21-963789628-1060504924-4285088085-1001", "EventData.FileNameLength": "83", "EventData.FileNameBuffer": "\\Device\\HarddiskVolume3\\Program Files\\Common Files\\Crypto Pro\\AppCompat\\cpcrypt.dll", "EventData.ProcessNameLength": "74", "EventData.ProcessNameBuffer": "\\Device\\HarddiskVolume3\\Program Files\\Google\\Chrome\\Application\\chrome.exe", "EventData.RequestedPolicy": "8", "EventData.ValidatedPolicy": "1", "EventData.Status": "3221226536"}
{"EventID": "3089", "Channel": "Microsoft-Windows-CodeIntegrity/Operational", "Provider_Name": "Microsoft-Windows-CodeIntegrity", "Computer": "DESKTOP-OFJ6N53", "TimeCreated": "2025-03-06 10:27:36.579584+00:00", "RecordID": "63186", "Level": "4", "UserID": "S-1-5-21-963789628-1060504924-4285088085-1001", "EventData.TotalSignatureCount": "2", "EventData.Signature": "0", "EventData.CacheState": "3", "EventData.Hash Size": "20", "EventData.Hash": "9QpKzklFmf9iueYwJfRGk7RS01A=", "EventData.PageHash": "False", "EventData.SignatureType": "1", "EventData.ValidatedSigningLevel": "1", "EventData.VerificationError": "7", "EventData.Flags": "0", "EventData.PolicyBits": "16", "EventData.NotValidBefore": "2019-03-28 00:00:00+00:00", "EventData.NotValidAfter": "2021-03-05 12:00:00+00:00", "EventData.PublisherNameLength": "14", "EventData.PublisherName": "LLC Crypto-Pro", "EventData.IssuerNameLength": "27", "EventData.IssuerName": "DigiCert EV Code Signing CA", "EventData.PublisherTBSHashSize": "20", "EventData.PublisherTBSHash": "ryzeyGzx0kbOBQrxo9TZ057FBVo=", "EventData.IssuerTBSHashSize": "20", "EventData.IssuerTBSHash": "LVTBao+LaczepI0GA8Ey9Uelz3U="}
{"EventID": "3089", "Channel": "Microsoft-Windows-CodeIntegrity/Operational", "Provider_Name": "Microsoft-Windows-CodeIntegrity", "Computer": "DESKTOP-OFJ6N53", "TimeCreated": "2025-03-06 10:27:36.579584+00:00", "RecordID": "63187", "Level": "4", "UserID": "S-1-5-21-963789628-1060504924-4285088085-1001", "EventData.TotalSignatureCount": "2", "EventData.Signature": "1", "EventData.CacheState": "3", "EventData.Hash Size": "32", "EventData.Hash": "qkDZthOAdJcRWUT7Msi3BNeyK2Z8VTKbpDvAUQRtf18=", "EventData.PageHash": "False", "EventData.SignatureType": "1", "EventData.ValidatedSigningLevel": "1", "EventData.VerificationError": "7", "EventData.Flags": "0", "EventData.PolicyBits": "16", "EventData.NotValidBefore": "2018-01-22 00:00:00+00:00", "EventData.NotValidAfter": "2021-03-05 12:00:00+00:00", "EventData.PublisherNameLength": "14", "EventData.PublisherName": "LLC Crypto-Pro", "EventData.IssuerNameLength": "34", "EventData.IssuerName": "DigiCert EV Code Signing CA (SHA2)", "EventData.PublisherTBSHashSize": "32", "EventData.PublisherTBSHash": "bSSn12wcu4g4gSlvMwWiHV9M9wWp9OQ2cIVVIyXQhpQ=", "EventData.IssuerTBSHashSize": "32", "EventData.IssuerTBSHash": "7sWBMdwRzX9RJQGxX9vGB0xgO2jKkfcWLVoEIFTtsM8="}
{"EventID": "3033", "Channel": "Microsoft-Windows-CodeIntegrity/Operational", "Provider_Name": "Microsoft-Windows-CodeIntegrity", "Computer": "DESKTOP-OFJ6N53", "TimeCreated": "2025-03-06 10:27:49.462130+00:00", "RecordID": "63188", "Level": "2", "UserID": "S-1-5-21-963789628-1060504924-4285088085-1001", "EventData.FileNameLength": "83", "EventData.FileNameBuffer": "\\Device\\HarddiskVolume3\\Program Files\\Common Files\\Crypto Pro\\AppCompat\\cpcrypt.dll", "EventData.ProcessNameLength": "74", "EventData.ProcessNameBuffer": "\\Device\\HarddiskVolume3\\Program Files\\Google\\Chrome\\Application\\chrome.exe", "EventData.RequestedPolicy": "8", "EventData.ValidatedPolicy": "1", "EventData.Status": "3221226536"}
{"EventID": "3089", "Channel": "Microsoft-Windows-CodeIntegrity/Operational", "Provider_Name": "Microsoft-Windows-CodeIntegrity", "Computer": "DESKTOP-OFJ6N53", "TimeCreated": "2025-03-06 10:27:49.462133+00:00", "RecordID": "63189", "Level": "4", "UserID": "S-1-5-21-963789628-1060504924-4285088085-1001", "EventData.TotalSignatureCount": "2", "EventData.Signature": "0", "EventData.CacheState": "3", "EventData.Hash Size": "20", "EventData.Hash": "9QpKzklFmf9iueYwJfRGk7RS01A=", "EventData.PageHash": "False", "EventData.SignatureType": "1", "EventData.ValidatedSigningLevel": "1", "EventData.VerificationError": "7", "EventData.Flags": "0", "EventData.PolicyBits": "16", "EventData.NotValidBefore": "2019-03-28 00:00:00+00:00", "EventData.NotValidAfter": "2021-03-05 12:00:00+00:00", "EventData.PublisherNameLength": "14", "EventData.PublisherName": "LLC Crypto-Pro", "EventData.IssuerNameLength": "27", "EventData.IssuerName": "DigiCert EV Code Signing CA", "EventData.PublisherTBSHashSize": "20", "EventData.PublisherTBSHash": "ryzeyGzx0kbOBQrxo9TZ057FBVo=", "EventData.IssuerTBSHashSize": "20", "EventData.IssuerTBSHash": "LVTBao+LaczepI0GA8Ey9Uelz3U="}
{"EventID": "3089", "Channel": "Microsoft-Windows-CodeIntegrity/Operational", "Provider_Name": "Microsoft-Windows-CodeIntegrity", "Computer": "DESKTOP-OFJ6N53", "TimeCreated": "2025-03-06 10:27:49.462137+00:00", "RecordID": "63190", "Level": "4", "UserID": "S-1-5-21-963789628-1060504924-4285088085-1001", "EventData.TotalSignatureCount": "2", "EventData.Signature": "1", "EventData.CacheState": "3", "EventData.Hash Size": "32", "EventData.Hash": "qkDZthOAdJcRWUT7Msi3BNeyK2Z8VTKbpDvAUQRtf18=", "EventData.PageHash": "False", "EventData.SignatureType": "1", "EventData.ValidatedSigningLevel": "1", "EventData.VerificationError": "7", "EventData.Flags": "0", "EventData.PolicyBits": "16", "EventData.NotValidBefore": "2018-01-22 00:00:00+00:00", "EventData.NotValidAfter": "2021-03-05 12:00:00+00:00", "EventData.PublisherNameLength": "14", "EventData.PublisherName": "LLC Crypto-Pro", "EventData.IssuerNameLength": "34", "EventData.IssuerName": "DigiCert EV Code Signing CA (SHA2)", "EventData.PublisherTBSHashSize": "32", "EventData.PublisherTBSHash": "bSSn12wcu4g4gSlvMwWiHV9M9wWp9OQ2cIVVIyXQhpQ=", "EventData.IssuerTBSHashSize": "32", "EventData.IssuerTBSHash": "7sWBMdwRzX9RJQGxX9vGB0xgO2jKkfcWLVoEIFTtsM8="}
{"EventID": "3033", "Channel": "Microsoft-Windows-CodeIntegrity/Operational", "Provider_Name": "Microsoft-Windows-CodeIntegrity", "Computer": "DESKTOP-OFJ6N53", "TimeCreated": "2025-03-06 10:27:54.486023+00:00", "RecordID": "63191", "Level": "2", "UserID": "S-1-5-21-963789628-1060504924-4285088085-1001", "EventData.FileNameLength": "83", "EventData.FileNameBuffer": "\\Device\\HarddiskVolume3\\Program Files\\Common Files\\Crypto Pro\\AppCompat\\cpcrypt.dll", "EventData.ProcessNameLength": "74", "EventData.ProcessNameBuffer": "\\Device\\HarddiskVolume3\\Program Files\\Google\\Chrome\\Application\\chrome.exe", "EventData.RequestedPolicy": "8", "EventData.ValidatedPolicy": "1", "EventData.Status": "3221226536"}
{"EventID": "3089", "Channel": "Microsoft-Windows-CodeIntegrity/Operational", "Provider_Name": "Microsoft-Windows-CodeIntegrity", "Computer": "DESKTOP-OFJ6N53", "TimeCreated": "2025-03-06 10:27:54.486027+00:00", "RecordID": "63192", "Level": "4", "UserID": "S-1-5-21-963789628-1060504924-4285088085-1001", "EventData.TotalSignatureCount": "2", "EventData.Signature": "0", "EventData.CacheState": "3", "EventData.Hash Size": "20", "EventData.Hash": "9QpKzklFmf9iueYwJfRGk7RS01A=", "EventData.PageHash": "False", "EventData.SignatureType": "1", "EventData.ValidatedSigningLevel": "1", "EventData.VerificationError": "7", "EventData.Flags": "0", "EventData.PolicyBits": "16", "EventData.NotValidBefore": "2019-03-28 00:00:00+00:00", "EventData.NotValidAfter": "2021-03-05 12:00:00+00:00", "EventData.PublisherNameLength": "14", "EventData.PublisherName": "LLC Crypto-Pro", "EventData.IssuerNameLength": "27", "EventData.IssuerName": "DigiCert EV Code Signing CA", "EventData.PublisherTBSHashSize": "20", "EventData.PublisherTBSHash": "ryzeyGzx0kbOBQrxo9TZ057FBVo=", "EventData.IssuerTBSHashSize": "20", "EventData.IssuerTBSHash": "LVTBao+LaczepI0GA8Ey9Uelz3U="}
{"EventID": "3089", "Channel": "Microsoft-Windows-CodeIntegrity/Operational", "Provider_Name": "Microsoft-Windows-CodeIntegrity", "Computer": "DESKTOP-OFJ6N53", "TimeCreated": "2025-03-06 10:27:54.486029+00:00", "RecordID": "63193", "Level": "4", "UserID": "S-1-5-21-963789628-1060504924-4285088085-1001", "EventData.TotalSignatureCount": "2", "EventData.Signature": "1", "EventData.CacheState": "3", "EventData.Hash Size": "32", "EventData.Hash": "qkDZthOAdJcRWUT7Msi3BNeyK2Z8VTKbpDvAUQRtf18=", "EventData.PageHash": "False", "EventData.SignatureType": "1", "EventData.ValidatedSigningLevel": "1", "EventData.VerificationError": "7", "EventData.Flags": "0", "EventData.PolicyBits": "16", "EventData.NotValidBefore": "2018-01-22 00:00:00+00:00", "EventData.NotValidAfter": "2021-03-05 12:00:00+00:00", "EventData.PublisherNameLength": "14", "EventData.PublisherName": "LLC Crypto-Pro", "EventData.IssuerNameLength": "34", "EventData.IssuerName": "DigiCert EV Code Signing CA (SHA2)", "EventData.PublisherTBSHashSize": "32", "EventData.PublisherTBSHash": "bSSn12wcu4g4gSlvMwWiHV9M9wWp9OQ2cIVVIyXQhpQ=", "EventData.IssuerTBSHashSize": "32", "EventData.IssuerTBSHash": "7sWBMdwRzX9RJQGxX9vGB0xgO2jKkfcWLVoEIFTtsM8="}
{"EventID": "3033", "Channel": "Microsoft-Windows-CodeIntegrity/Operational", "Provider_Name": "Microsoft-Windows-CodeIntegrity", "Computer": "DESKTOP-OFJ6N53", "TimeCreated": "2025-03-06 10:28:31.495493+00:00", "RecordID": "63194", "Level": "2", "UserID": "S-1-5-21-963789628-1060504924-4285088085-1001", "EventData.FileNameLength": "83", "EventData.FileNameBuffer": "\\Device\\HarddiskVolume3\\Program Files\\Common Files\\Crypto Pro\\AppCompat\\cpcrypt.dll", "EventData.ProcessNameLength": "74", "EventData.ProcessNameBuffer": "\\Device\\HarddiskVolume3\\Program Files\\Google\\Chrome\\Application\\chrome.exe", "EventData.RequestedPolicy": "8", "EventData.ValidatedPolicy": "1", "EventData.Status": "3221226536"}
{"EventID": "3089", "Channel": "Microsoft-Windows-CodeIntegrity/Operational", "Provider_Name": "Microsoft-Windows-CodeIntegrity", "Computer": "DESKTOP-OFJ6N53", "TimeCreated": "2025-03-06 10:28:31.495497+00:00", "RecordID": "63195", "Level": "4", "UserID": "S-1-5-21-963789628-1060504924-4285088085-1001", "EventData.TotalSignatureCount": "2", "EventData.Signature": "0", "EventData.CacheState": "3", "EventData.Hash Size": "20", "EventData.Hash": "9QpKzklFmf9iueYwJfRGk7RS01A=", "EventData.PageHash": "False", "EventData.SignatureType": "1", "EventData.ValidatedSigningLevel": "1", "EventData.VerificationError": "7", "EventData.Flags": "0", "EventData.PolicyBits": "16", "EventData.NotValidBefore": "2019-03-28 00:00:00+00:00", "EventData.NotValidAfter": "2021-03-05 12:00:00+00:00", "EventData.PublisherNameLength": "14", "EventData.PublisherName": "LLC Crypto-Pro", "EventData.IssuerNameLength": "27", "EventData.IssuerName": "DigiCert EV Code Signing CA", "EventData.PublisherTBSHashSize": "20", "EventData.PublisherTBSHash": "ryzeyGzx0kbOBQrxo9TZ057FBVo=", "EventData.IssuerTBSHashSize": "20", "EventData.IssuerTBSHash": "LVTBao+LaczepI0GA8Ey9Uelz3U="}
{"EventID": "3089", "Channel": "Microsoft-Windows-CodeIntegrity/Operational", "Provider_Name": "Microsoft-Windows-CodeIntegrity", "Computer": "DESKTOP-OFJ6N53", "TimeCreated": "2025-03-06 10:28:31.495499+00:00", "RecordID": "63196", "Level": "4", "UserID": "S-1-5-21-963789628-1060504924-4285088085-1001", "EventData.TotalSignatureCount": "2", "EventData.Signature": "1", "EventData.CacheState": "3", "EventData.Hash Size": "32", "EventData.Hash": "qkDZthOAdJcRWUT7Msi3BNeyK2Z8VTKbpDvAUQRtf18=", "EventData.PageHash": "False", "EventData.SignatureType": "1", "EventData.ValidatedSigningLevel": "1", "EventData.VerificationError": "7", "EventData.Flags": "0", "EventData.PolicyBits": "16", "EventData.NotValidBefore": "2018-01-22 00:00:00+00:00", "EventData.NotValidAfter": "2021-03-05 12:00:00+00:00", "EventData.PublisherNameLength": "14", "EventData.PublisherName": "LLC Crypto-Pro", "EventData.IssuerNameLength": "34", "EventData.IssuerName": "DigiCert EV Code Signing CA (SHA2)", "EventData.PublisherTBSHashSize": "32", "EventData.PublisherTBSHash": "bSSn12wcu4g4gSlvMwWiHV9M9wWp9OQ2cIVVIyXQhpQ=", "EventData.IssuerTBSHashSize": "32", "EventData.IssuerTBSHash": "7sWBMdwRzX9RJQGxX9vGB0xgO2jKkfcWLVoEIFTtsM8="}
{"EventID": "3033", "Channel": "Microsoft-Windows-CodeIntegrity/Operational", "Provider_Name": "Microsoft-Windows-CodeIntegrity", "Computer": "DESKTOP-OFJ6N53", "TimeCreated": "2025-03-06 10:28:32.083858+00:00", "RecordID": "63197", "Level": "2", "UserID": "S-1-5-21-963789628-1060504924-4285088085-1001", "EventData.FileNameLength": "83", "EventData.FileNameBuffer": "\\Device\\HarddiskVolume3\\Program Files\\Common Files\\Crypto Pro\\AppCompat\\cpcrypt.dll", "EventData.ProcessNameLength": "74", "EventData.ProcessNameBuffer": "\\Device\\HarddiskVolume3\\Program Files\\Google\\Chrome\\Application\\chrome.exe", "EventData.RequestedPolicy": "8", "EventData.ValidatedPolicy": "1", "EventData.Status": "3221226536"}
{"EventID": "3089", "Channel": "Microsoft-Windows-CodeIntegrity/Operational", "Provider_Name": "Microsoft-Windows-CodeIntegrity", "Computer": "DESKTOP-OFJ6N53", "TimeCreated": "2025-03-06 10:28:32.083862+00:00", "RecordID": "63198", "Level": "4", "UserID": "S-1-5-21-963789628-1060504924-4285088085-1001", "EventData.TotalSignatureCount": "2", "EventData.Signature": "0", "EventData.CacheState": "3", "EventData.Hash Size": "20", "EventData.Hash": "9QpKzklFmf9iueYwJfRGk7RS01A=", "EventData.PageHash": "False", "EventData.SignatureType": "1", "EventData.ValidatedSigningLevel": "1", "EventData.VerificationError": "7", "EventData.Flags": "0", "EventData.PolicyBits": "16", "EventData.NotValidBefore": "2019-03-28 00:00:00+00:00", "EventData.NotValidAfter": "2021-03-05 12:00:00+00:00", "EventData.PublisherNameLength": "14", "EventData.PublisherName": "LLC Crypto-Pro", "EventData.IssuerNameLength": "27", "EventData.IssuerName": "DigiCert EV Code Signing CA", "EventData.PublisherTBSHashSize": "20", "EventData.PublisherTBSHash": "ryzeyGzx0kbOBQrxo9TZ057FBVo=", "EventData.IssuerTBSHashSize": "20", "EventData.IssuerTBSHash": "LVTBao+LaczepI0GA8Ey9Uelz3U="}
{"EventID": "3089", "Channel": "Microsoft-Windows-CodeIntegrity/Operational", "Provider_Name": "Microsoft-Windows-CodeIntegrity", "Computer": "DESKTOP-OFJ6N53", "TimeCreated": "2025-03-06 10:28:32.083864+00:00", "RecordID": "63199", "Level": "4", "UserID": "S-1-5-21-963789628-1060504924-4285088085-1001", "EventData.TotalSignatureCount": "2", "EventData.Signature": "1", "EventData.CacheState": "3", "EventData.Hash Size": "32", "EventData.Hash": "qkDZthOAdJcRWUT7Msi3BNeyK2Z8VTKbpDvAUQRtf18=", "EventData.PageHash": "False", "EventData.SignatureType": "1", "EventData.ValidatedSigningLevel": "1", "EventData.VerificationError": "7", "EventData.Flags": "0", "EventData.PolicyBits": "16", "EventData.NotValidBefore": "2018-01-22 00:00:00+00:00", "EventData.NotValidAfter": "2021-03-05 12:00:00+00:00", "EventData.PublisherNameLength": "14", "EventData.PublisherName": "LLC Crypto-Pro", "EventData.IssuerNameLength": "34", "EventData.IssuerName": "DigiCert EV Code Signing CA (SHA2)", "EventData.PublisherTBSHashSize": "32", "EventData.PublisherTBSHash": "bSSn12wcu4g4gSlvMwWiHV9M9wWp9OQ2cIVVIyXQhpQ=", "EventData.IssuerTBSHashSize": "32", "EventData.IssuerTBSHash": "7sWBMdwRzX9RJQGxX9vGB0xgO2jKkfcWLVoEIFTtsM8="}
{"EventID": "3033", "Channel": "Microsoft-Windows-CodeIntegrity/Operational", "Provider_Name": "Microsoft-Windows-CodeIntegrity", "Computer": "DESKTOP-OFJ6N53", "TimeCreated": "2025-03-06 10:28:33.863716+00:00", "RecordID": "63200", "Level": "2", "UserID": "S-1-5-21-963789628-1060504924-4285088085-1001", "EventData.FileNameLength": "83", "EventData.FileNameBuffer": "\\Device\\HarddiskVolume3\\Program Files\\Common Files\\Crypto Pro\\AppCompat\\cpcrypt.dll", "EventData.ProcessNameLength": "74", "EventData.ProcessNameBuffer": "\\Device\\HarddiskVolume3\\Program Files\\Google\\Chrome\\Application\\chrome.exe", "EventData.RequestedPolicy": "8", "EventData.ValidatedPolicy": "1", "EventData.Status": "3221226536"}
{"EventID": "3089", "Channel": "Microsoft-Windows-CodeIntegrity/Operational", "Provider_Name": "Microsoft-Windows-CodeIntegrity", "Computer": "DESKTOP-OFJ6N53", "TimeCreated": "2025-03-06 10:28:33.863720+00:00", "RecordID": "63201", "Level": "4", "UserID": "S-1-5-21-963789628-1060504924-4285088085-1001", "EventData.TotalSignatureCount": "2", "EventData.Signature": "0", "EventData.CacheState": "3", "EventData.Hash Size": "20", "EventData.Hash": "9QpKzklFmf9iueYwJfRGk7RS01A=", "EventData.PageHash": "False", "EventData.SignatureType": "1", "EventData.ValidatedSigningLevel": "1", "EventData.VerificationError": "7", "EventData.Flags": "0", "EventData.PolicyBits": "16", "EventData.NotValidBefore": "2019-03-28 00:00:00+00:00", "EventData.NotValidAfter": "2021-03-05 12:00:00+00:00", "EventData.PublisherNameLength": "14", "EventData.PublisherName": "LLC Crypto-Pro", "EventData.IssuerNameLength": "27", "EventData.IssuerName": "DigiCert EV Code Signing CA", "EventData.PublisherTBSHashSize": "20", "EventData.PublisherTBSHash": "ryzeyGzx0kbOBQrxo9TZ057FBVo=", "EventData.IssuerTBSHashSize": "20", "EventData.IssuerTBSHash": "LVTBao+LaczepI0GA8Ey9Uelz3U="}
{"EventID": "3089", "Channel": "Microsoft-Windows-CodeIntegrity/Operational", "Provider_Name": "Microsoft-Windows-CodeIntegrity", "Computer": "DESKTOP-OFJ6N53", "TimeCreated": "2025-03-06 10:28:33.863722+00:00", "RecordID": "63202", "Level": "4", "UserID": "S-1-5-21-963789628-1060504924-4285088085-1001", "EventData.TotalSignatureCount": "2", "EventData.Signature": "1", "EventData.CacheState": "3", "EventData.Hash Size": "32", "EventData.Hash": "qkDZthOAdJcRWUT7Msi3BNeyK2Z8VTKbpDvAUQRtf18=", "EventData.PageHash": "False", "EventData.SignatureType": "1", "EventData.ValidatedSigningLevel": "1", "EventData.VerificationError": "7", "EventData.Flags": "0", "EventData.PolicyBits": "16", "EventData.NotValidBefore": "2018-01-22 00:00:00+00:00", "EventData.NotValidAfter": "2021-03-05 12:00:00+00:00", "EventData.PublisherNameLength": "14", "EventData.PublisherName": "LLC Crypto-Pro", "EventData.IssuerNameLength": "34", "EventData.IssuerName": "DigiCert EV Code Signing CA (SHA2)", "EventData.PublisherTBSHashSize": "32", "EventData.PublisherTBSHash": "bSSn12wcu4g4gSlvMwWiHV9M9wWp9OQ2cIVVIyXQhpQ=", "EventData.IssuerTBSHashSize": "32", "EventData.IssuerTBSHash": "7sWBMdwRzX9RJQGxX9vGB0xgO2jKkfcWLVoEIFTtsM8="}
{"EventID": "3033", "Channel": "Microsoft-Windows-CodeIntegrity/Operational", "Provider_Name": "Microsoft-Windows-CodeIntegrity", "Computer": "DESKTOP-OFJ6N53", "TimeCreated": "2025-03-06 10:29:16.612400+00:00", "RecordID": "63203", "Level": "2", "UserID": "S-1-5-21-963789628-1060504924-4285088085-1001", "EventData.FileNameLength": "83", "EventData.FileNameBuffer": "\\Device\\HarddiskVolume3\\Program Files\\Common Files\\Crypto Pro\\AppCompat\\cpcrypt.dll", "EventData.ProcessNameLength": "74", "EventData.ProcessNameBuffer": "\\Device\\HarddiskVolume3\\Program Files\\Google\\Chrome\\Application\\chrome.exe", "EventData.RequestedPolicy": "8", "EventData.ValidatedPolicy": "1", "EventData.Status": "3221226536"}
{"EventID": "3089", "Channel": "Microsoft-Windows-CodeIntegrity/Operational", "Provider_Name": "Microsoft-Windows-CodeIntegrity", "Computer": "DESKTOP-OFJ6N53", "TimeCreated": "2025-03-06 10:29:16.612402+00:00", "RecordID": "63204", "Level": "4", "UserID": "S-1-5-21-963789628-1060504924-4285088085-1001", "EventData.TotalSignatureCount": "2", "EventData.Signature": "0", "EventData.CacheState": "3", "EventData.Hash Size": "20", "EventData.Hash": "9QpKzklFmf9iueYwJfRGk7RS01A=", "EventData.PageHash": "False", "EventData.SignatureType": "1", "EventData.ValidatedSigningLevel": "1", "EventData.VerificationError": "7", "EventData.Flags": "0", "EventData.PolicyBits": "16", "EventData.NotValidBefore": "2019-03-28 00:00:00+00:00", "EventData.NotValidAfter": "2021-03-05 12:00:00+00:00", "EventData.PublisherNameLength": "14", "EventData.PublisherName": "LLC Crypto-Pro", "EventData.IssuerNameLength": "27", "EventData.IssuerName": "DigiCert EV Code Signing CA", "EventData.PublisherTBSHashSize": "20", "EventData.PublisherTBSHash": "ryzeyGzx0kbOBQrxo9TZ057FBVo=", "EventData.IssuerTBSHashSize": "20", "EventData.IssuerTBSHash": "LVTBao+LaczepI0GA8Ey9Uelz3U="}
{"EventID": "3089", "Channel": "Microsoft-Windows-CodeIntegrity/Operational", "Provider_Name": "Microsoft-Windows-CodeIntegrity", "Computer": "DESKTOP-OFJ6N53", "TimeCreated": "2025-03-06 10:29:16.612404+00:00", "RecordID": "63205", "Level": "4", "UserID": "S-1-5-21-963789628-1060504924-4285088085-1001", "EventData.TotalSignatureCount": "2", "EventData.Signature": "1", "EventData.CacheState": "3", "EventData.Hash Size": "32", "EventData.Hash": "qkDZthOAdJcRWUT7Msi3BNeyK2Z8VTKbpDvAUQRtf18=", "EventData.PageHash": "False", "EventData.SignatureType": "1", "EventData.ValidatedSigningLevel": "1", "EventData.VerificationError": "7", "EventData.Flags": "0", "EventData.PolicyBits": "16", "EventData.NotValidBefore": "2018-01-22 00:00:00+00:00", "EventData.NotValidAfter": "2021-03-05 12:00:00+00:00", "EventData.PublisherNameLength": "14", "EventData.PublisherName": "LLC Crypto-Pro", "EventData.IssuerNameLength": "34", "EventData.IssuerName": "DigiCert EV Code Signing CA (SHA2)", "EventData.PublisherTBSHashSize": "32", "EventData.PublisherTBSHash": "bSSn12wcu4g4gSlvMwWiHV9M9wWp9OQ2cIVVIyXQhpQ=", "EventData.IssuerTBSHashSize": "32", "EventData.IssuerTBSHash": "7sWBMdwRzX9RJQGxX9vGB0xgO2jKkfcWLVoEIFTtsM8="}
{"EventID": "3033", "Channel": "Microsoft-Windows-CodeIntegrity/Operational", "Provider_Name": "Microsoft-Windows-CodeIntegrity", "Computer": "DESKTOP-OFJ6N53", "TimeCreated": "2025-03-06 10:29:21.776468+00:00", "RecordID": "63206", "Level": "2", "UserID": "S-1-5-21-963789628-1060504924-4285088085-1001", "EventData.FileNameLength": "83", "EventData.FileNameBuffer": "\\Device\\HarddiskVolume3\\Program Files\\Common Files\\Crypto Pro\\AppCompat\\cpcrypt.dll", "EventData.ProcessNameLength": "74", "EventData.ProcessNameBuffer": "\\Device\\HarddiskVolume3\\Program Files\\Google\\Chrome\\Application\\chrome.exe", "EventData.RequestedPolicy": "8", "EventData.ValidatedPolicy": "1", "EventData.Status": "3221226536"}
{"EventID": "3089", "Channel": "Microsoft-Windows-CodeIntegrity/Operational", "Provider_Name": "Microsoft-Windows-CodeIntegrity", "Computer": "DESKTOP-OFJ6N53", "TimeCreated": "2025-03-06 10:29:21.776472+00:00", "RecordID": "63207", "Level": "4", "UserID": "S-1-5-21-963789628-1060504924-4285088085-1001", "EventData.TotalSignatureCount": "2", "EventData.Signature": "0", "EventData.CacheState": "3", "EventData.Hash Size": "20", "EventData.Hash": "9QpKzklFmf9iueYwJfRGk7RS01A=", "EventData.PageHash": "False", "EventData.SignatureType": "1", "EventData.ValidatedSigningLevel": "1", "EventData.VerificationError": "7", "EventData.Flags": "0", "EventData.PolicyBits": "16", "EventData.NotValidBefore": "2019-03-28 00:00:00+00:00", "EventData.NotValidAfter": "2021-03-05 12:00:00+00:00", "EventData.PublisherNameLength": "14", "EventData.PublisherName": "LLC Crypto-Pro", "EventData.IssuerNameLength": "27", "EventData.IssuerName": "DigiCert EV Code Signing CA", "EventData.PublisherTBSHashSize": "20", "EventData.PublisherTBSHash": "ryzeyGzx0kbOBQrxo9TZ057FBVo=", "EventData.IssuerTBSHashSize": "20", "EventData.IssuerTBSHash": "LVTBao+LaczepI0GA8Ey9Uelz3U="}
{"EventID": "3089", "Channel": "Microsoft-Windows-CodeIntegrity/Operational", "Provider_Name": "Microsoft-Windows-CodeIntegrity", "Computer": "DESKTOP-OFJ6N53", "TimeCreated": "2025-03-06 10:29:21.776474+00:00", "RecordID": "63208", "Level": "4", "UserID": "S-1-5-21-963789628-1060504924-4285088085-1001", "EventData.TotalSignatureCount": "2", "EventData.Signature": "1", "EventData.CacheState": "3", "EventData.Hash Size": "32", "EventData.Hash": "qkDZthOAdJcRWUT7Msi3BNeyK2Z8VTKbpDvAUQRtf18=", "EventData.PageHash": "False", "EventData.SignatureType": "1", "EventData.ValidatedSigningLevel": "1", "EventData.VerificationError": "7", "EventData.Flags": "0", "EventData.PolicyBits": "16", "EventData.NotValidBefore": "2018-01-22 00:00:00+00:00", "EventData.NotValidAfter": "2021-03-05 12:00:00+00:00", "EventData.PublisherNameLength": "14", "EventData.PublisherName": "LLC Crypto-Pro", "EventData.IssuerNameLength": "34", "EventData.IssuerName": "DigiCert EV Code Signing CA (SHA2)", "EventData.PublisherTBSHashSize": "32", "EventData.PublisherTBSHash": "bSSn12wcu4g4gSlvMwWiHV9M9wWp9OQ2cIVVIyXQhpQ=", "EventData.IssuerTBSHashSize": "32", "EventData.IssuerTBSHash": "7sWBMdwRzX9RJQGxX9vGB0xgO2jKkfcWLVoEIFTtsM8="}
{"EventID": "3033", "Channel": "Microsoft-Windows-CodeIntegrity/Operational", "Provider_Name": "Microsoft-Windows-CodeIntegrity", "Computer": "DESKTOP-OFJ6N53", "TimeCreated": "2025-03-06 10:29:23.761032+00:00", "RecordID": "63209", "Level": "2", "UserID": "S-1-5-21-963789628-1060504924-4285088085-1001", "EventData.FileNameLength": "83", "EventData.FileNameBuffer": "\\Device\\HarddiskVolume3\\Program Files\\Common Files\\Crypto Pro\\AppCompat\\cpcrypt.dll", "EventData.ProcessNameLength": "74", "EventData.ProcessNameBuffer": "\\Device\\HarddiskVolume3\\Program Files\\Google\\Chrome\\Application\\chrome.exe", "EventData.RequestedPolicy": "8", "EventData.ValidatedPolicy": "1", "EventData.Status": "3221226536"}
{"EventID": "3089", "Channel": "Microsoft-Windows-CodeIntegrity/Operational", "Provider_Name": "Microsoft-Windows-CodeIntegrity", "Computer": "DESKTOP-OFJ6N53", "TimeCreated": "2025-03-06 10:29:23.761034+00:00", "RecordID": "63210", "Level": "4", "UserID": "S-1-5-21-963789628-1060504924-4285088085-1001", "EventData.TotalSignatureCount": "2", "EventData.Signature": "0", "EventData.CacheState": "3", "EventData.Hash Size": "20", "EventData.Hash": "9QpKzklFmf9iueYwJfRGk7RS01A=", "EventData.PageHash": "False", "EventData.SignatureType": "1", "EventData.ValidatedSigningLevel": "1", "EventData.VerificationError": "7", "EventData.Flags": "0", "EventData.PolicyBits": "16", "EventData.NotValidBefore": "2019-03-28 00:00:00+00:00", "EventData.NotValidAfter": "2021-03-05 12:00:00+00:00", "EventData.PublisherNameLength": "14", "EventData.PublisherName": "LLC Crypto-Pro", "EventData.IssuerNameLength": "27", "EventData.IssuerName": "DigiCert EV Code Signing CA", "EventData.PublisherTBSHashSize": "20", "EventData.PublisherTBSHash": "ryzeyGzx0kbOBQrxo9TZ057FBVo=", "EventData.IssuerTBSHashSize": "20", "EventData.IssuerTBSHash": "LVTBao+LaczepI0GA8Ey9Uelz3U="}
{"EventID": "3089", "Channel": "Microsoft-Windows-CodeIntegrity/Operational", "Provider_Name": "Microsoft-Windows-CodeIntegrity", "Computer": "DESKTOP-OFJ6N53", "TimeCreated": "2025-03-06 10:29:23.761036+00:00", "RecordID": "63211", "Level": "4", "UserID": "S-1-5-21-963789628-1060504924-4285088085-1001", "EventData.TotalSignatureCount": "2", "EventData.Signature": "1", "EventData.CacheState": "3", "EventData.Hash Size": "32", "EventData.Hash": "qkDZthOAdJcRWUT7Msi3BNeyK2Z8VTKbpDvAUQRtf18=", "EventData.PageHash": "False", "EventData.SignatureType": "1", "EventData.ValidatedSigningLevel": "1", "EventData.VerificationError": "7", "EventData.Flags": "0", "EventData.PolicyBits": "16", "EventData.NotValidBefore": "2018-01-22 00:00:00+00:00", "EventData.NotValidAfter": "2021-03-05 12:00:00+00:00", "EventData.PublisherNameLength": "14", "EventData.PublisherName": "LLC Crypto-Pro", "EventData.IssuerNameLength": "34", "EventData.IssuerName": "DigiCert EV Code Signing CA (SHA2)", "EventData.PublisherTBSHashSize": "32", "EventData.PublisherTBSHash": "bSSn12wcu4g4gSlvMwWiHV9M9wWp9OQ2cIVVIyXQhpQ=", "EventData.IssuerTBSHashSize": "32", "EventData.IssuerTBSHash": "7sWBMdwRzX9RJQGxX9vGB0xgO2jKkfcWLVoEIFTtsM8="}
{"EventID": "3033", "Channel": "Microsoft-Windows-CodeIntegrity/Operational", "Provider_Name": "Microsoft-Windows-CodeIntegrity", "Computer": "DESKTOP-OFJ6N53", "TimeCreated": "2025-03-06 10:29:25.620018+00:00", "RecordID": "63212", "Level": "2", "UserID": "S-1-5-21-963789628-1060504924-4285088085-1001", "EventData.FileNameLength": "83", "EventData.FileNameBuffer": "\\Device\\HarddiskVolume3\\Program Files\\Common Files\\Crypto Pro\\AppCompat\\cpcrypt.dll", "EventData.ProcessNameLength": "74", "EventData.ProcessNameBuffer": "\\Device\\HarddiskVolume3\\Program Files\\Google\\Chrome\\Application\\chrome.exe", "EventData.RequestedPolicy": "8", "EventData.ValidatedPolicy": "1", "EventData.Status": "3221226536"}
{"EventID": "3089", "Channel": "Microsoft-Windows-CodeIntegrity/Operational", "Provider_Name": "Microsoft-Windows-CodeIntegrity", "Computer": "DESKTOP-OFJ6N53", "TimeCreated": "2025-03-06 10:29:25.620022+00:00", "RecordID": "63213", "Level": "4", "UserID": "S-1-5-21-963789628-1060504924-4285088085-1001", "EventData.TotalSignatureCount": "2", "EventData.Signature": "0", "EventData.CacheState": "3", "EventData.Hash Size": "20", "EventData.Hash": "9QpKzklFmf9iueYwJfRGk7RS01A=", "EventData.PageHash": "False", "EventData.SignatureType": "1", "EventData.ValidatedSigningLevel": "1", "EventData.VerificationError": "7", "EventData.Flags": "0", "EventData.PolicyBits": "16", "EventData.NotValidBefore": "2019-03-28 00:00:00+00:00", "EventData.NotValidAfter": "2021-03-05 12:00:00+00:00", "EventData.PublisherNameLength": "14", "EventData.PublisherName": "LLC Crypto-Pro", "EventData.IssuerNameLength": "27", "EventData.IssuerName": "DigiCert EV Code Signing CA", "EventData.PublisherTBSHashSize": "20", "EventData.PublisherTBSHash": "ryzeyGzx0kbOBQrxo9TZ057FBVo=", "EventData.IssuerTBSHashSize": "20", "EventData.IssuerTBSHash": "LVTBao+LaczepI0GA8Ey9Uelz3U="}
{"EventID": "3089", "Channel": "Microsoft-Windows-CodeIntegrity/Operational", "Provider_Name": "Microsoft-Windows-CodeIntegrity", "Computer": "DESKTOP-OFJ6N53", "TimeCreated": "2025-03-06 10:29:25.620024+00:00", "RecordID": "63214", "Level": "4", "UserID": "S-1-5-21-963789628-1060504924-4285088085-1001", "EventData.TotalSignatureCount": "2", "EventData.Signature": "1", "EventData.CacheState": "3", "EventData.Hash Size": "32", "EventData.Hash": "qkDZthOAdJcRWUT7Msi3BNeyK2Z8VTKbpDvAUQRtf18=", "EventData.PageHash": "False", "EventData.SignatureType": "1", "EventData.ValidatedSigningLevel": "1", "EventData.VerificationError": "7", "EventData.Flags": "0", "EventData.PolicyBits": "16", "EventData.NotValidBefore": "2018-01-22 00:00:00+00:00", "EventData.NotValidAfter": "2021-03-05 12:00:00+00:00", "EventData.PublisherNameLength": "14", "EventData.PublisherName": "LLC Crypto-Pro", "EventData.IssuerNameLength": "34", "EventData.IssuerName": "DigiCert EV Code Signing CA (SHA2)", "EventData.PublisherTBSHashSize": "32", "EventData.PublisherTBSHash": "bSSn12wcu4g4gSlvMwWiHV9M9wWp9OQ2cIVVIyXQhpQ=", "EventData.IssuerTBSHashSize": "32", "EventData.IssuerTBSHash": "7sWBMdwRzX9RJQGxX9vGB0xgO2jKkfcWLVoEIFTtsM8="}
{"EventID": "3033", "Channel": "Microsoft-Windows-CodeIntegrity/Operational", "Provider_Name": "Microsoft-Windows-CodeIntegrity", "Computer": "DESKTOP-OFJ6N53", "TimeCreated": "2025-03-06 10:29:26.736525+00:00", "RecordID": "63215", "Level": "2", "UserID": "S-1-5-21-963789628-1060504924-4285088085-1001", "EventData.FileNameLength": "83", "EventData.FileNameBuffer": "\\Device\\HarddiskVolume3\\Program Files\\Common Files\\Crypto Pro\\AppCompat\\cpcrypt.dll", "EventData.ProcessNameLength": "74", "EventData.ProcessNameBuffer": "\\Device\\HarddiskVolume3\\Program Files\\Google\\Chrome\\Application\\chrome.exe", "EventData.RequestedPolicy": "8", "EventData.ValidatedPolicy": "1", "EventData.Status": "3221226536"}
{"EventID": "3089", "Channel": "Microsoft-Windows-CodeIntegrity/Operational", "Provider_Name": "Microsoft-Windows-CodeIntegrity", "Computer": "DESKTOP-OFJ6N53", "TimeCreated": "2025-03-06 10:29:26.736526+00:00", "RecordID": "63216", "Level": "4", "UserID": "S-1-5-21-963789628-1060504924-4285088085-1001", "EventData.TotalSignatureCount": "2", "EventData.Signature": "0", "EventData.CacheState": "3", "EventData.Hash Size": "20", "EventData.Hash": "9QpKzklFmf9iueYwJfRGk7RS01A=", "EventData.PageHash": "False", "EventData.SignatureType": "1", "EventData.ValidatedSigningLevel": "1", "EventData.VerificationError": "7", "EventData.Flags": "0", "EventData.PolicyBits": "16", "EventData.NotValidBefore": "2019-03-28 00:00:00+00:00", "EventData.NotValidAfter": "2021-03-05 12:00:00+00:00", "EventData.PublisherNameLength": "14", "EventData.PublisherName": "LLC Crypto-Pro", "EventData.IssuerNameLength": "27", "EventData.IssuerName": "DigiCert EV Code Signing CA", "EventData.PublisherTBSHashSize": "20", "EventData.PublisherTBSHash": "ryzeyGzx0kbOBQrxo9TZ057FBVo=", "EventData.IssuerTBSHashSize": "20", "EventData.IssuerTBSHash": "LVTBao+LaczepI0GA8Ey9Uelz3U="}
{"EventID": "3089", "Channel": "Microsoft-Windows-CodeIntegrity/Operational", "Provider_Name": "Microsoft-Windows-CodeIntegrity", "Computer": "DESKTOP-OFJ6N53", "TimeCreated": "2025-03-06 10:29:26.736528+00:00", "RecordID": "63217", "Level": "4", "UserID": "S-1-5-21-963789628-1060504924-4285088085-1001", "EventData.TotalSignatureCount": "2", "EventData.Signature": "1", "EventData.CacheState": "3", "EventData.Hash Size": "32", "EventData.Hash": "qkDZthOAdJcRWUT7Msi3BNeyK2Z8VTKbpDvAUQRtf18=", "EventData.PageHash": "False", "EventData.SignatureType": "1", "EventData.ValidatedSigningLevel": "1", "EventData.VerificationError": "7", "EventData.Flags": "0", "EventData.PolicyBits": "16", "EventData.NotValidBefore": "2018-01-22 00:00:00+00:00", "EventData.NotValidAfter": "2021-03-05 12:00:00+00:00", "EventData.PublisherNameLength": "14", "EventData.PublisherName": "LLC Crypto-Pro", "EventData.IssuerNameLength": "34", "EventData.IssuerName": "DigiCert EV Code Signing CA (SHA2)", "EventData.PublisherTBSHashSize": "32", "EventData.PublisherTBSHash": "bSSn12wcu4g4gSlvMwWiHV9M9wWp9OQ2cIVVIyXQhpQ=", "EventData.IssuerTBSHashSize": "32", "EventData.IssuerTBSHash": "7sWBMdwRzX9RJQGxX9vGB0xgO2jKkfcWLVoEIFTtsM8="}
{"EventID": "3033", "Channel": "Microsoft-Windows-CodeIntegrity/Operational", "Provider_Name": "Microsoft-Windows-CodeIntegrity", "Computer": "DESKTOP-OFJ6N53", "TimeCreated": "2025-03-06 10:29:27.383001+00:00", "RecordID": "63218", "Level": "2", "UserID": "S-1-5-21-963789628-1060504924-4285088085-1001", "EventData.FileNameLength": "83", "EventData.FileNameBuffer": "\\Device\\HarddiskVolume3\\Program Files\\Common Files\\Crypto Pro\\AppCompat\\cpcrypt.dll", "EventData.ProcessNameLength": "74", "EventData.ProcessNameBuffer": "\\Device\\HarddiskVolume3\\Program Files\\Google\\Chrome\\Application\\chrome.exe", "EventData.RequestedPolicy": "8", "EventData.ValidatedPolicy": "1", "EventData.Status": "3221226536"}
{"EventID": "3089", "Channel": "Microsoft-Windows-CodeIntegrity/Operational", "Provider_Name": "Microsoft-Windows-CodeIntegrity", "Computer": "DESKTOP-OFJ6N53", "TimeCreated": "2025-03-06 10:29:27.383005+00:00", "RecordID": "63219", "Level": "4", "UserID": "S-1-5-21-963789628-1060504924-4285088085-1001", "EventData.TotalSignatureCount": "2", "EventData.Signature": "0", "EventData.CacheState": "3", "EventData.Hash Size": "20", "EventData.Hash": "9QpKzklFmf9iueYwJfRGk7RS01A=", "EventData.PageHash": "False", "EventData.SignatureType": "1", "EventData.ValidatedSigningLevel": "1", "EventData.VerificationError": "7", "EventData.Flags": "0", "EventData.PolicyBits": "16", "EventData.NotValidBefore": "2019-03-28 00:00:00+00:00", "EventData.NotValidAfter": "2021-03-05 12:00:00+00:00", "EventData.PublisherNameLength": "14", "EventData.PublisherName": "LLC Crypto-Pro", "EventData.IssuerNameLength": "27", "EventData.IssuerName": "DigiCert EV Code Signing CA", "EventData.PublisherTBSHashSize": "20", "EventData.PublisherTBSHash": "ryzeyGzx0kbOBQrxo9TZ057FBVo=", "EventData.IssuerTBSHashSize": "20", "EventData.IssuerTBSHash": "LVTBao+LaczepI0GA8Ey9Uelz3U="}
{"EventID": "3089", "Channel": "Microsoft-Windows-CodeIntegrity/Operational", "Provider_Name": "Microsoft-Windows-CodeIntegrity", "Computer": "DESKTOP-OFJ6N53", "TimeCreated": "2025-03-06 10:29:27.383005+00:00", "RecordID": "63220", "Level": "4", "UserID": "S-1-5-21-963789628-1060504924-4285088085-1001", "EventData.TotalSignatureCount": "2", "EventData.Signature": "1", "EventData.CacheState": "3", "EventData.Hash Size": "32", "EventData.Hash": "qkDZthOAdJcRWUT7Msi3BNeyK2Z8VTKbpDvAUQRtf18=", "EventData.PageHash": "False", "EventData.SignatureType": "1", "EventData.ValidatedSigningLevel": "1", "EventData.VerificationError": "7", "EventData.Flags": "0", "EventData.PolicyBits": "16", "EventData.NotValidBefore": "2018-01-22 00:00:00+00:00", "EventData.NotValidAfter": "2021-03-05 12:00:00+00:00", "EventData.PublisherNameLength": "14", "EventData.PublisherName": "LLC Crypto-Pro", "EventData.IssuerNameLength": "34", "EventData.IssuerName": "DigiCert EV Code Signing CA (SHA2)", "EventData.PublisherTBSHashSize": "32", "EventData.PublisherTBSHash": "bSSn12wcu4g4gSlvMwWiHV9M9wWp9OQ2cIVVIyXQhpQ=", "EventData.IssuerTBSHashSize": "32", "EventData.IssuerTBSHash": "7sWBMdwRzX9RJQGxX9vGB0xgO2jKkfcWLVoEIFTtsM8="}
{"EventID": "3033", "Channel": "Microsoft-Windows-CodeIntegrity/Operational", "Provider_Name": "Microsoft-Windows-CodeIntegrity", "Computer": "DESKTOP-OFJ6N53", "TimeCreated": "2025-03-06 10:29:31.610502+00:00", "RecordID": "63221", "Level": "2", "UserID": "S-1-5-21-963789628-1060504924-4285088085-1001", "EventData.FileNameLength": "83", "EventData.FileNameBuffer": "\\Device\\HarddiskVolume3\\Program Files\\Common Files\\Crypto Pro\\AppCompat\\cpcrypt.dll", "EventData.ProcessNameLength": "74", "EventData.ProcessNameBuffer": "\\Device\\HarddiskVolume3\\Program Files\\Google\\Chrome\\Application\\chrome.exe", "EventData.RequestedPolicy": "8", "EventData.ValidatedPolicy": "1", "EventData.Status": "3221226536"}
{"EventID": "3089", "Channel": "Microsoft-Windows-CodeIntegrity/Operational", "Provider_Name": "Microsoft-Windows-CodeIntegrity", "Computer": "DESKTOP-OFJ6N53", "TimeCreated": "2025-03-06 10:29:31.610504+00:00", "RecordID": "63222", "Level": "4", "UserID": "S-1-5-21-963789628-1060504924-4285088085-1001", "EventData.TotalSignatureCount": "2", "EventData.Signature": "0", "EventData.CacheState": "3", "EventData.Hash Size": "20", "EventData.Hash": "9QpKzklFmf9iueYwJfRGk7RS01A=", "EventData.PageHash": "False", "EventData.SignatureType": "1", "EventData.ValidatedSigningLevel": "1", "EventData.VerificationError": "7", "EventData.Flags": "0", "EventData.PolicyBits": "16", "EventData.NotValidBefore": "2019-03-28 00:00:00+00:00", "EventData.NotValidAfter": "2021-03-05 12:00:00+00:00", "EventData.PublisherNameLength": "14", "EventData.PublisherName": "LLC Crypto-Pro", "EventData.IssuerNameLength": "27", "EventData.IssuerName": "DigiCert EV Code Signing CA", "EventData.PublisherTBSHashSize": "20", "EventData.PublisherTBSHash": "ryzeyGzx0kbOBQrxo9TZ057FBVo=", "EventData.IssuerTBSHashSize": "20", "EventData.IssuerTBSHash": "LVTBao+LaczepI0GA8Ey9Uelz3U="}
