{"EventID": "100", "Channel": "Microsoft-Windows-VolumeSnapshot-Driver/Operational", "Provider_Name": "Microsoft-Windows-VolumeSnapshot-Driver", "Computer": "DESKTOP-OFJ6N53", "TimeCreated": "2025-08-19 07:44:12.073603+00:00", "RecordID": "1419", "Level": "4", "UserID": "S-1-5-18", "EventData.TargetVolumeGuid": "{c33a8663-71a2-4031-8cec-c21914fe12ad}", "EventData.SourceFile": "0x00000001", "EventData.SourceLine": "38497", "EventData.SourceTag": "124"}
{"EventID": "101", "Channel": "Microsoft-Windows-VolumeSnapshot-Driver/Operational", "Provider_Name": "Microsoft-Windows-VolumeSnapshot-Driver", "Computer": "DESKTOP-OFJ6N53", "TimeCreated": "2025-08-19 07:44:12.075533+00:00", "RecordID": "1420", "Level": "4", "UserID": "S-1-5-18", "EventData.TargetVolumeGuid": "{c33a8663-71a2-4031-8cec-c21914fe12ad}", "EventData.SourceFile": "0x00000001", "EventData.SourceLine": "39081", "EventData.SourceTag": "129"}
{"EventID": "100", "Channel": "Microsoft-Windows-VolumeSnapshot-Driver/Operational", "Provider_Name": "Microsoft-Windows-VolumeSnapshot-Driver", "Computer": "DESKTOP-OFJ6N53", "TimeCreated": "2025-08-19 07:44:12.075861+00:00", "RecordID": "1421", "Level": "4", "UserID": "S-1-5-18", "EventData.TargetVolumeGuid": "{de1bb52c-4e0e-4361-9bbb-baf1d3e40c01}", "EventData.SourceFile": "0x00000001", "EventData.SourceLine": "38497", "EventData.SourceTag": "124"}
{"EventID": "101", "Channel": "Microsoft-Windows-VolumeSnapshot-Driver/Operational", "Provider_Name": "Microsoft-Windows-VolumeSnapshot-Driver", "Computer": "DESKTOP-OFJ6N53", "TimeCreated": "2025-08-19 07:44:12.077738+00:00", "RecordID": "1422", "Level": "4", "UserID": "S-1-5-18", "EventData.TargetVolumeGuid": "{de1bb52c-4e0e-4361-9bbb-baf1d3e40c01}", "EventData.SourceFile": "0x00000001", "EventData.SourceLine": "38660", "EventData.SourceTag": "125"}
{"EventID": "100", "Channel": "Microsoft-Windows-VolumeSnapshot-Driver/Operational", "Provider_Name": "Microsoft-Windows-VolumeSnapshot-Driver", "Computer": "DESKTOP-OFJ6N53", "TimeCreated": "2025-08-22 12:58:08.003036+00:00", "RecordID": "1423", "Level": "4", "UserID": "S-1-5-18", "EventData.TargetVolumeGuid": "{8cedde16-3657-4871-8c87-fd6bc66cf693}", "EventData.SourceFile": "0x00000001", "EventData.SourceLine": "38497", "EventData.SourceTag": "124"}
{"EventID": "101", "Channel": "Microsoft-Windows-VolumeSnapshot-Driver/Operational", "Provider_Name": "Microsoft-Windows-VolumeSnapshot-Driver", "Computer": "DESKTOP-OFJ6N53", "TimeCreated": "2025-08-22 12:58:08.004658+00:00", "RecordID": "1424", "Level": "4", "UserID": "S-1-5-18", "EventData.TargetVolumeGuid": "{8cedde16-3657-4871-8c87-fd6bc66cf693}", "EventData.SourceFile": "0x00000001", "EventData.SourceLine": "38660", "EventData.SourceTag": "125"}
{"EventID": "100", "Channel": "Microsoft-Windows-VolumeSnapshot-Driver/Operational", "Provider_Name": "Microsoft-Windows-VolumeSnapshot-Driver", "Computer": "DESKTOP-OFJ6N53", "TimeCreated": "2025-08-22 12:58:08.004753+00:00", "RecordID": "1425", "Level": "4", "UserID": "S-1-5-18", "EventData.TargetVolumeGuid": "{53941c6f-1aee-4152-92c6-eaf9924d7a10}", "EventData.SourceFile": "0x00000001", "EventData.SourceLine": "38497", "EventData.SourceTag": "124"}
{"EventID": "101", "Channel": "Microsoft-Windows-VolumeSnapshot-Driver/Operational", "Provider_Name": "Microsoft-Windows-VolumeSnapshot-Driver", "Computer": "DESKTOP-OFJ6N53", "TimeCreated": "2025-08-22 12:58:08.006002+00:00", "RecordID": "1426", "Level": "4", "UserID": "S-1-5-18", "EventData.TargetVolumeGuid": "{53941c6f-1aee-4152-92c6-eaf9924d7a10}", "EventData.SourceFile": "0x00000001", "EventData.SourceLine": "38660", "EventData.SourceTag": "125"}
{"EventID": "100", "Channel": "Microsoft-Windows-VolumeSnapshot-Driver/Operational", "Provider_Name": "Microsoft-Windows-VolumeSnapshot-Driver", "Computer": "DESKTOP-OFJ6N53", "TimeCreated": "2025-08-22 12:58:08.006247+00:00", "RecordID": "1427", "Level": "4", "UserID": "S-1-5-18", "EventData.TargetVolumeGuid": "{c33a8663-71a2-4031-8cec-c21914fe12ad}", "EventData.SourceFile": "0x00000001", "EventData.SourceLine": "38497", "EventData.SourceTag": "124"}
{"EventID": "101", "Channel": "Microsoft-Windows-VolumeSnapshot-Driver/Operational", "Provider_Name": "Microsoft-Windows-VolumeSnapshot-Driver", "Computer": "DESKTOP-OFJ6N53", "TimeCreated": "2025-08-22 12:58:08.008148+00:00", "RecordID": "1428", "Level": "4", "UserID": "S-1-5-18", "EventData.TargetVolumeGuid": "{c33a8663-71a2-4031-8cec-c21914fe12ad}", "EventData.SourceFile": "0x00000001", "EventData.SourceLine": "39081", "EventData.SourceTag": "129"}
{"EventID": "100", "Channel": "Microsoft-Windows-VolumeSnapshot-Driver/Operational", "Provider_Name": "Microsoft-Windows-VolumeSnapshot-Driver", "Computer": "DESKTOP-OFJ6N53", "TimeCreated": "2025-08-22 12:58:08.008387+00:00", "RecordID": "1429", "Level": "4", "UserID": "S-1-5-18", "EventData.TargetVolumeGuid": "{de1bb52c-4e0e-4361-9bbb-baf1d3e40c01}", "EventData.SourceFile": "0x00000001", "EventData.SourceLine": "38497", "EventData.SourceTag": "124"}
{"EventID": "101", "Channel": "Microsoft-Windows-VolumeSnapshot-Driver/Operational", "Provider_Name": "Microsoft-Windows-VolumeSnapshot-Driver", "Computer": "DESKTOP-OFJ6N53", "TimeCreated": "2025-08-22 12:58:08.010187+00:00", "RecordID": "1430", "Level": "4", "UserID": "S-1-5-18", "EventData.TargetVolumeGuid": "{de1bb52c-4e0e-4361-9bbb-baf1d3e40c01}", "EventData.SourceFile": "0x00000001", "EventData.SourceLine": "38660", "EventData.SourceTag": "125"}
{"EventID": "100", "Channel": "Microsoft-Windows-VolumeSnapshot-Driver/Operational", "Provider_Name": "Microsoft-Windows-VolumeSnapshot-Driver", "Computer": "DESKTOP-OFJ6N53", "TimeCreated": "2025-08-23 20:33:07.841238+00:00", "RecordID": "1431", "Level": "4", "UserID": "S-1-5-18", "EventData.TargetVolumeGuid": "{8cedde16-3657-4871-8c87-fd6bc66cf693}", "EventData.SourceFile": "0x00000001", "EventData.SourceLine": "38497", "EventData.SourceTag": "124"}
{"EventID": "101", "Channel": "Microsoft-Windows-VolumeSnapshot-Driver/Operational", "Provider_Name": "Microsoft-Windows-VolumeSnapshot-Driver", "Computer": "DESKTOP-OFJ6N53", "TimeCreated": "2025-08-23 20:33:07.842989+00:00", "RecordID": "1432", "Level": "4", "UserID": "S-1-5-18", "EventData.TargetVolumeGuid": "{8cedde16-3657-4871-8c87-fd6bc66cf693}", "EventData.SourceFile": "0x00000001", "EventData.SourceLine": "38660", "EventData.SourceTag": "125"}
{"EventID": "100", "Channel": "Microsoft-Windows-VolumeSnapshot-Driver/Operational", "Provider_Name": "Microsoft-Windows-VolumeSnapshot-Driver", "Computer": "DESKTOP-OFJ6N53", "TimeCreated": "2025-08-23 20:33:07.843048+00:00", "RecordID": "1433", "Level": "4", "UserID": "S-1-5-18", "EventData.TargetVolumeGuid": "{53941c6f-1aee-4152-92c6-eaf9924d7a10}", "EventData.SourceFile": "0x00000001", "EventData.SourceLine": "38497", "EventData.SourceTag": "124"}
{"EventID": "101", "Channel": "Microsoft-Windows-VolumeSnapshot-Driver/Operational", "Provider_Name": "Microsoft-Windows-VolumeSnapshot-Driver", "Computer": "DESKTOP-OFJ6N53", "TimeCreated": "2025-08-23 20:33:07.843971+00:00", "RecordID": "1434", "Level": "4", "UserID": "S-1-5-18", "EventData.TargetVolumeGuid": "{53941c6f-1aee-4152-92c6-eaf9924d7a10}", "EventData.SourceFile": "0x00000001", "EventData.SourceLine": "38660", "EventData.SourceTag": "125"}
{"EventID": "100", "Channel": "Microsoft-Windows-VolumeSnapshot-Driver/Operational", "Provider_Name": "Microsoft-Windows-VolumeSnapshot-Driver", "Computer": "DESKTOP-OFJ6N53", "TimeCreated": "2025-08-23 20:33:07.844191+00:00", "RecordID": "1435", "Level": "4", "UserID": "S-1-5-18", "EventData.TargetVolumeGuid": "{c33a8663-71a2-4031-8cec-c21914fe12ad}", "EventData.SourceFile": "0x00000001", "EventData.SourceLine": "38497", "EventData.SourceTag": "124"}
{"EventID": "101", "Channel": "Microsoft-Windows-VolumeSnapshot-Driver/Operational", "Provider_Name": "Microsoft-Windows-VolumeSnapshot-Driver", "Computer": "DESKTOP-OFJ6N53", "TimeCreated": "2025-08-23 20:33:07.846508+00:00", "RecordID": "1436", "Level": "4", "UserID": "S-1-5-18", "EventData.TargetVolumeGuid": "{c33a8663-71a2-4031-8cec-c21914fe12ad}", "EventData.SourceFile": "0x00000001", "EventData.SourceLine": "39081", "EventData.SourceTag": "129"}
{"EventID": "100", "Channel": "Microsoft-Windows-VolumeSnapshot-Driver/Operational", "Provider_Name": "Microsoft-Windows-VolumeSnapshot-Driver", "Computer": "DESKTOP-OFJ6N53", "TimeCreated": "2025-08-23 20:33:07.846710+00:00", "RecordID": "1437", "Level": "4", "UserID": "S-1-5-18", "EventData.TargetVolumeGuid": "{de1bb52c-4e0e-4361-9bbb-baf1d3e40c01}", "EventData.SourceFile": "0x00000001", "EventData.SourceLine": "38497", "EventData.SourceTag": "124"}
{"EventID": "101", "Channel": "Microsoft-Windows-VolumeSnapshot-Driver/Operational", "Provider_Name": "Microsoft-Windows-VolumeSnapshot-Driver", "Computer": "DESKTOP-OFJ6N53", "TimeCreated": "2025-08-23 20:33:07.848019+00:00", "RecordID": "1438", "Level": "4", "UserID": "S-1-5-18", "EventData.TargetVolumeGuid": "{de1bb52c-4e0e-4361-9bbb-baf1d3e40c01}", "EventData.SourceFile": "0x00000001", "EventData.SourceLine": "38660", "EventData.SourceTag": "125"}
