{"EventID": "1268", "Channel": "Microsoft-Windows-PushNotification-Platform/Operational", "Provider_Name": "Microsoft-Windows-PushNotifications-Platform", "Computer": "DESKTOP-OFJ6N53", "TimeCreated": "2025-08-26 09:30:02.259369+00:00", "RecordID": "3705942", "Level": "5", "UserID": "S-1-5-18", "EventData.Verb": "PNG", "EventData.TrID": "46", "EventData.Namespace": "CON", "EventData.CorrelationVector": "vIKL831gwESlCc7B.46.0", "EventData.Bytes": "126", "EventData.Payload": "UE5HIDQ2IENPTgAxMjYNCk1TLUNWOiB2SUtMODMxZ3dFU2xDYzdCLjQ2LjANCg0KPHBpbmctcmVzcG9uc2U+PHdhaXQ+NDU8L3dhaXQ+PGNvbm5lY3Rpb24tc3RhdHVzPkNvbm5lY3RlZDwvY29ubmVjdGlvbi1zdGF0dXM+", "EventData.ConnectionType": "1"}
{"EventID": "1223", "Channel": "Microsoft-Windows-PushNotification-Platform/Operational", "Provider_Name": "Microsoft-Windows-PushNotifications-Platform", "Computer": "DESKTOP-OFJ6N53", "TimeCreated": "2025-08-26 09:31:02.199242+00:00", "RecordID": "3705943", "Level": "5", "UserID": "S-1-5-18", "EventData.Verb": "PNG", "EventData.TrID": "47", "EventData.Namespace": "CON", "EventData.CorrelationVector": "vIKL831gwESlCc7B.47", "EventData.Bytes": "29", "EventData.Payload": "Q29udGV4dDogMTQwZmQ4ZjNiYzFhNDliNg0KDQo=", "EventData.ConnectionType": "1"}
{"EventID": "1267", "Channel": "Microsoft-Windows-PushNotification-Platform/Operational", "Provider_Name": "Microsoft-Windows-PushNotifications-Platform", "Computer": "DESKTOP-OFJ6N53", "TimeCreated": "2025-08-26 09:31:02.199242+00:00", "RecordID": "3705944", "Level": "5", "UserID": "S-1-5-18", "EventData.Verb": "PNG", "EventData.TrID": "47", "EventData.Namespace": "CON", "EventData.CorrelationVector": "vIKL831gwESlCc7B.47", "EventData.Bytes": "72", "EventData.Payload": "UE5HIDQ3IENPTiA1Nw0KTVMtQ1Y6IHZJS0w4MzFnd0VTbENjN0IuNDcNCkNvbnRleHQ6IDE0MGZkOGYzYmMxYTQ5YjYNCg0K", "EventData.ConnectionType": "1"}
{"EventID": "1225", "Channel": "Microsoft-Windows-PushNotification-Platform/Operational", "Provider_Name": "Microsoft-Windows-PushNotifications-Platform", "Computer": "DESKTOP-OFJ6N53", "TimeCreated": "2025-08-26 09:31:02.323866+00:00", "RecordID": "3705945", "Level": "5", "UserID": "S-1-5-18", "EventData.Verb": "PNG", "EventData.TrID": "47", "EventData.Namespace": "CON", "EventData.CorrelationVector": "vIKL831gwESlCc7B.47.0", "EventData.Bytes": "126", "EventData.Payload": "TVMtQ1Y6IHZJS0w4MzFnd0VTbENjN0IuNDcuMA0KDQo8cGluZy1yZXNwb25zZT48d2FpdD40MTwvd2FpdD48Y29ubmVjdGlvbi1zdGF0dXM+Q29ubmVjdGVkPC9jb25uZWN0aW9uLXN0YXR1cz48L3BpbmctcmVzcG9uc2U+", "EventData.ConnectionType": "1"}
{"EventID": "1268", "Channel": "Microsoft-Windows-PushNotification-Platform/Operational", "Provider_Name": "Microsoft-Windows-PushNotifications-Platform", "Computer": "DESKTOP-OFJ6N53", "TimeCreated": "2025-08-26 09:31:02.323868+00:00", "RecordID": "3705946", "Level": "5", "UserID": "S-1-5-18", "EventData.Verb": "PNG", "EventData.TrID": "47", "EventData.Namespace": "CON", "EventData.CorrelationVector": "vIKL831gwESlCc7B.47.0", "EventData.Bytes": "126", "EventData.Payload": "UE5HIDQ3IENPTgAxMjYNCk1TLUNWOiB2SUtMODMxZ3dFU2xDYzdCLjQ3LjANCg0KPHBpbmctcmVzcG9uc2U+PHdhaXQ+NDE8L3dhaXQ+PGNvbm5lY3Rpb24tc3RhdHVzPkNvbm5lY3RlZDwvY29ubmVjdGlvbi1zdGF0dXM+", "EventData.ConnectionType": "1"}
{"EventID": "1223", "Channel": "Microsoft-Windows-PushNotification-Platform/Operational", "Provider_Name": "Microsoft-Windows-PushNotifications-Platform", "Computer": "DESKTOP-OFJ6N53", "TimeCreated": "2025-08-26 09:32:02.241680+00:00", "RecordID": "3705947", "Level": "5", "UserID": "S-1-5-18", "EventData.Verb": "PNG", "EventData.TrID": "48", "EventData.Namespace": "CON", "EventData.CorrelationVector": "vIKL831gwESlCc7B.48", "EventData.Bytes": "29", "EventData.Payload": "Q29udGV4dDogZjA0ZGU1YmY2MjdkMmNjZA0KDQo=", "EventData.ConnectionType": "1"}
{"EventID": "1267", "Channel": "Microsoft-Windows-PushNotification-Platform/Operational", "Provider_Name": "Microsoft-Windows-PushNotifications-Platform", "Computer": "DESKTOP-OFJ6N53", "TimeCreated": "2025-08-26 09:32:02.241682+00:00", "RecordID": "3705948", "Level": "5", "UserID": "S-1-5-18", "EventData.Verb": "PNG", "EventData.TrID": "48", "EventData.Namespace": "CON", "EventData.CorrelationVector": "vIKL831gwESlCc7B.48", "EventData.Bytes": "72", "EventData.Payload": "UE5HIDQ4IENPTiA1Nw0KTVMtQ1Y6IHZJS0w4MzFnd0VTbENjN0IuNDgNCkNvbnRleHQ6IGYwNGRlNWJmNjI3ZDJjY2QNCg0K", "EventData.ConnectionType": "1"}
{"EventID": "1225", "Channel": "Microsoft-Windows-PushNotification-Platform/Operational", "Provider_Name": "Microsoft-Windows-PushNotifications-Platform", "Computer": "DESKTOP-OFJ6N53", "TimeCreated": "2025-08-26 09:32:02.304419+00:00", "RecordID": "3705949", "Level": "5", "UserID": "S-1-5-18", "EventData.Verb": "PNG", "EventData.TrID": "48", "EventData.Namespace": "CON", "EventData.CorrelationVector": "vIKL831gwESlCc7B.48.0", "EventData.Bytes": "126", "EventData.Payload": "TVMtQ1Y6IHZJS0w4MzFnd0VTbENjN0IuNDguMA0KDQo8cGluZy1yZXNwb25zZT48d2FpdD40Nzwvd2FpdD48Y29ubmVjdGlvbi1zdGF0dXM+Q29ubmVjdGVkPC9jb25uZWN0aW9uLXN0YXR1cz48L3BpbmctcmVzcG9uc2U+", "EventData.ConnectionType": "1"}
{"EventID": "1268", "Channel": "Microsoft-Windows-PushNotification-Platform/Operational", "Provider_Name": "Microsoft-Windows-PushNotifications-Platform", "Computer": "DESKTOP-OFJ6N53", "TimeCreated": "2025-08-26 09:32:02.304420+00:00", "RecordID": "3705950", "Level": "5", "UserID": "S-1-5-18", "EventData.Verb": "PNG", "EventData.TrID": "48", "EventData.Namespace": "CON", "EventData.CorrelationVector": "vIKL831gwESlCc7B.48.0", "EventData.Bytes": "126", "EventData.Payload": "UE5HIDQ4IENPTgAxMjYNCk1TLUNWOiB2SUtMODMxZ3dFU2xDYzdCLjQ4LjANCg0KPHBpbmctcmVzcG9uc2U+PHdhaXQ+NDc8L3dhaXQ+PGNvbm5lY3Rpb24tc3RhdHVzPkNvbm5lY3RlZDwvY29ubmVjdGlvbi1zdGF0dXM+", "EventData.ConnectionType": "1"}
{"EventID": "1223", "Channel": "Microsoft-Windows-PushNotification-Platform/Operational", "Provider_Name": "Microsoft-Windows-PushNotifications-Platform", "Computer": "DESKTOP-OFJ6N53", "TimeCreated": "2025-08-26 09:33:02.446932+00:00", "RecordID": "3705951", "Level": "5", "UserID": "S-1-5-18", "EventData.Verb": "PNG", "EventData.TrID": "49", "EventData.Namespace": "CON", "EventData.CorrelationVector": "vIKL831gwESlCc7B.49", "EventData.Bytes": "29", "EventData.Payload": "Q29udGV4dDogNjViZDZkOGU4OTVmYzc1YQ0KDQo=", "EventData.ConnectionType": "1"}
{"EventID": "1267", "Channel": "Microsoft-Windows-PushNotification-Platform/Operational", "Provider_Name": "Microsoft-Windows-PushNotifications-Platform", "Computer": "DESKTOP-OFJ6N53", "TimeCreated": "2025-08-26 09:33:02.446934+00:00", "RecordID": "3705952", "Level": "5", "UserID": "S-1-5-18", "EventData.Verb": "PNG", "EventData.TrID": "49", "EventData.Namespace": "CON", "EventData.CorrelationVector": "vIKL831gwESlCc7B.49", "EventData.Bytes": "72", "EventData.Payload": "UE5HIDQ5IENPTiA1Nw0KTVMtQ1Y6IHZJS0w4MzFnd0VTbENjN0IuNDkNCkNvbnRleHQ6IDY1YmQ2ZDhlODk1ZmM3NWENCg0K", "EventData.ConnectionType": "1"}
{"EventID": "1225", "Channel": "Microsoft-Windows-PushNotification-Platform/Operational", "Provider_Name": "Microsoft-Windows-PushNotifications-Platform", "Computer": "DESKTOP-OFJ6N53", "TimeCreated": "2025-08-26 09:33:02.606319+00:00", "RecordID": "3705953", "Level": "5", "UserID": "S-1-5-18", "EventData.Verb": "PNG", "EventData.TrID": "49", "EventData.Namespace": "CON", "EventData.CorrelationVector": "vIKL831gwESlCc7B.49.0", "EventData.Bytes": "126", "EventData.Payload": "TVMtQ1Y6IHZJS0w4MzFnd0VTbENjN0IuNDkuMA0KDQo8cGluZy1yZXNwb25zZT48d2FpdD40Mzwvd2FpdD48Y29ubmVjdGlvbi1zdGF0dXM+Q29ubmVjdGVkPC9jb25uZWN0aW9uLXN0YXR1cz48L3BpbmctcmVzcG9uc2U+", "EventData.ConnectionType": "1"}
{"EventID": "1268", "Channel": "Microsoft-Windows-PushNotification-Platform/Operational", "Provider_Name": "Microsoft-Windows-PushNotifications-Platform", "Computer": "DESKTOP-OFJ6N53", "TimeCreated": "2025-08-26 09:33:02.606321+00:00", "RecordID": "3705954", "Level": "5", "UserID": "S-1-5-18", "EventData.Verb": "PNG", "EventData.TrID": "49", "EventData.Namespace": "CON", "EventData.CorrelationVector": "vIKL831gwESlCc7B.49.0", "EventData.Bytes": "126", "EventData.Payload": "UE5HIDQ5IENPTgAxMjYNCk1TLUNWOiB2SUtMODMxZ3dFU2xDYzdCLjQ5LjANCg0KPHBpbmctcmVzcG9uc2U+PHdhaXQ+NDM8L3dhaXQ+PGNvbm5lY3Rpb24tc3RhdHVzPkNvbm5lY3RlZDwvY29ubmVjdGlvbi1zdGF0dXM+", "EventData.ConnectionType": "1"}
{"EventID": "1223", "Channel": "Microsoft-Windows-PushNotification-Platform/Operational", "Provider_Name": "Microsoft-Windows-PushNotifications-Platform", "Computer": "DESKTOP-OFJ6N53", "TimeCreated": "2025-08-26 09:34:02.458757+00:00", "RecordID": "3705955", "Level": "5", "UserID": "S-1-5-18", "EventData.Verb": "PNG", "EventData.TrID": "50", "EventData.Namespace": "CON", "EventData.CorrelationVector": "vIKL831gwESlCc7B.50", "EventData.Bytes": "29", "EventData.Payload": "Q29udGV4dDogYjZmOWQyOGVjOGY1YzM2MA0KDQo=", "EventData.ConnectionType": "1"}
{"EventID": "1267", "Channel": "Microsoft-Windows-PushNotification-Platform/Operational", "Provider_Name": "Microsoft-Windows-PushNotifications-Platform", "Computer": "DESKTOP-OFJ6N53", "TimeCreated": "2025-08-26 09:34:02.458757+00:00", "RecordID": "3705956", "Level": "5", "UserID": "S-1-5-18", "EventData.Verb": "PNG", "EventData.TrID": "50", "EventData.Namespace": "CON", "EventData.CorrelationVector": "vIKL831gwESlCc7B.50", "EventData.Bytes": "72", "EventData.Payload": "UE5HIDUwIENPTiA1Nw0KTVMtQ1Y6IHZJS0w4MzFnd0VTbENjN0IuNTANCkNvbnRleHQ6IGI2ZjlkMjhlYzhmNWMzNjANCg0K", "EventData.ConnectionType": "1"}
{"EventID": "1225", "Channel": "Microsoft-Windows-PushNotification-Platform/Operational", "Provider_Name": "Microsoft-Windows-PushNotifications-Platform", "Computer": "DESKTOP-OFJ6N53", "TimeCreated": "2025-08-26 09:34:02.521343+00:00", "RecordID": "3705957", "Level": "5", "UserID": "S-1-5-18", "EventData.Verb": "PNG", "EventData.TrID": "50", "EventData.Namespace": "CON", "EventData.CorrelationVector": "vIKL831gwESlCc7B.50.0", "EventData.Bytes": "126", "EventData.Payload": "TVMtQ1Y6IHZJS0w4MzFnd0VTbENjN0IuNTAuMA0KDQo8cGluZy1yZXNwb25zZT48d2FpdD40Njwvd2FpdD48Y29ubmVjdGlvbi1zdGF0dXM+Q29ubmVjdGVkPC9jb25uZWN0aW9uLXN0YXR1cz48L3BpbmctcmVzcG9uc2U+", "EventData.ConnectionType": "1"}
{"EventID": "1268", "Channel": "Microsoft-Windows-PushNotification-Platform/Operational", "Provider_Name": "Microsoft-Windows-PushNotifications-Platform", "Computer": "DESKTOP-OFJ6N53", "TimeCreated": "2025-08-26 09:34:02.521345+00:00", "RecordID": "3705958", "Level": "5", "UserID": "S-1-5-18", "EventData.Verb": "PNG", "EventData.TrID": "50", "EventData.Namespace": "CON", "EventData.CorrelationVector": "vIKL831gwESlCc7B.50.0", "EventData.Bytes": "126", "EventData.Payload": "UE5HIDUwIENPTgAxMjYNCk1TLUNWOiB2SUtMODMxZ3dFU2xDYzdCLjUwLjANCg0KPHBpbmctcmVzcG9uc2U+PHdhaXQ+NDY8L3dhaXQ+PGNvbm5lY3Rpb24tc3RhdHVzPkNvbm5lY3RlZDwvY29ubmVjdGlvbi1zdGF0dXM+", "EventData.ConnectionType": "1"}
{"EventID": "1223", "Channel": "Microsoft-Windows-PushNotification-Platform/Operational", "Provider_Name": "Microsoft-Windows-PushNotifications-Platform", "Computer": "DESKTOP-OFJ6N53", "TimeCreated": "2025-08-26 09:35:02.469511+00:00", "RecordID": "3705959", "Level": "5", "UserID": "S-1-5-18", "EventData.Verb": "PNG", "EventData.TrID": "51", "EventData.Namespace": "CON", "EventData.CorrelationVector": "vIKL831gwESlCc7B.51", "EventData.Bytes": "29", "EventData.Payload": "Q29udGV4dDogNTRiMjdkN2MwNWYzOTZjOA0KDQo=", "EventData.ConnectionType": "1"}
{"EventID": "1267", "Channel": "Microsoft-Windows-PushNotification-Platform/Operational", "Provider_Name": "Microsoft-Windows-PushNotifications-Platform", "Computer": "DESKTOP-OFJ6N53", "TimeCreated": "2025-08-26 09:35:02.469513+00:00", "RecordID": "3705960", "Level": "5", "UserID": "S-1-5-18", "EventData.Verb": "PNG", "EventData.TrID": "51", "EventData.Namespace": "CON", "EventData.CorrelationVector": "vIKL831gwESlCc7B.51", "EventData.Bytes": "72", "EventData.Payload": "UE5HIDUxIENPTiA1Nw0KTVMtQ1Y6IHZJS0w4MzFnd0VTbENjN0IuNTENCkNvbnRleHQ6IDU0YjI3ZDdjMDVmMzk2YzgNCg0K", "EventData.ConnectionType": "1"}
{"EventID": "1225", "Channel": "Microsoft-Windows-PushNotification-Platform/Operational", "Provider_Name": "Microsoft-Windows-PushNotifications-Platform", "Computer": "DESKTOP-OFJ6N53", "TimeCreated": "2025-08-26 09:35:02.532515+00:00", "RecordID": "3705961", "Level": "5", "UserID": "S-1-5-18", "EventData.Verb": "PNG", "EventData.TrID": "51", "EventData.Namespace": "CON", "EventData.CorrelationVector": "vIKL831gwESlCc7B.51.0", "EventData.Bytes": "126", "EventData.Payload": "TVMtQ1Y6IHZJS0w4MzFnd0VTbENjN0IuNTEuMA0KDQo8cGluZy1yZXNwb25zZT48d2FpdD40OTwvd2FpdD48Y29ubmVjdGlvbi1zdGF0dXM+Q29ubmVjdGVkPC9jb25uZWN0aW9uLXN0YXR1cz48L3BpbmctcmVzcG9uc2U+", "EventData.ConnectionType": "1"}
{"EventID": "1268", "Channel": "Microsoft-Windows-PushNotification-Platform/Operational", "Provider_Name": "Microsoft-Windows-PushNotifications-Platform", "Computer": "DESKTOP-OFJ6N53", "TimeCreated": "2025-08-26 09:35:02.532516+00:00", "RecordID": "3705962", "Level": "5", "UserID": "S-1-5-18", "EventData.Verb": "PNG", "EventData.TrID": "51", "EventData.Namespace": "CON", "EventData.CorrelationVector": "vIKL831gwESlCc7B.51.0", "EventData.Bytes": "126", "EventData.Payload": "UE5HIDUxIENPTgAxMjYNCk1TLUNWOiB2SUtMODMxZ3dFU2xDYzdCLjUxLjANCg0KPHBpbmctcmVzcG9uc2U+PHdhaXQ+NDk8L3dhaXQ+PGNvbm5lY3Rpb24tc3RhdHVzPkNvbm5lY3RlZDwvY29ubmVjdGlvbi1zdGF0dXM+", "EventData.ConnectionType": "1"}
{"EventID": "1223", "Channel": "Microsoft-Windows-PushNotification-Platform/Operational", "Provider_Name": "Microsoft-Windows-PushNotifications-Platform", "Computer": "DESKTOP-OFJ6N53", "TimeCreated": "2025-08-26 09:36:02.561735+00:00", "RecordID": "3705963", "Level": "5", "UserID": "S-1-5-18", "EventData.Verb": "PNG", "EventData.TrID": "52", "EventData.Namespace": "CON", "EventData.CorrelationVector": "vIKL831gwESlCc7B.52", "EventData.Bytes": "29", "EventData.Payload": "Q29udGV4dDogYzZiY2ZkNzZmZjExZjYxNQ0KDQo=", "EventData.ConnectionType": "1"}
{"EventID": "1267", "Channel": "Microsoft-Windows-PushNotification-Platform/Operational", "Provider_Name": "Microsoft-Windows-PushNotifications-Platform", "Computer": "DESKTOP-OFJ6N53", "TimeCreated": "2025-08-26 09:36:02.561737+00:00", "RecordID": "3705964", "Level": "5", "UserID": "S-1-5-18", "EventData.Verb": "PNG", "EventData.TrID": "52", "EventData.Namespace": "CON", "EventData.CorrelationVector": "vIKL831gwESlCc7B.52", "EventData.Bytes": "72", "EventData.Payload": "UE5HIDUyIENPTiA1Nw0KTVMtQ1Y6IHZJS0w4MzFnd0VTbENjN0IuNTINCkNvbnRleHQ6IGM2YmNmZDc2ZmYxMWY2MTUNCg0K", "EventData.ConnectionType": "1"}
{"EventID": "1225", "Channel": "Microsoft-Windows-PushNotification-Platform/Operational", "Provider_Name": "Microsoft-Windows-PushNotifications-Platform", "Computer": "DESKTOP-OFJ6N53", "TimeCreated": "2025-08-26 09:36:02.632586+00:00", "RecordID": "3705965", "Level": "5", "UserID": "S-1-5-18", "EventData.Verb": "PNG", "EventData.TrID": "52", "EventData.Namespace": "CON", "EventData.CorrelationVector": "vIKL831gwESlCc7B.52.0", "EventData.Bytes": "126", "EventData.Payload": "TVMtQ1Y6IHZJS0w4MzFnd0VTbENjN0IuNTIuMA0KDQo8cGluZy1yZXNwb25zZT48d2FpdD41MDwvd2FpdD48Y29ubmVjdGlvbi1zdGF0dXM+Q29ubmVjdGVkPC9jb25uZWN0aW9uLXN0YXR1cz48L3BpbmctcmVzcG9uc2U+", "EventData.ConnectionType": "1"}
{"EventID": "1268", "Channel": "Microsoft-Windows-PushNotification-Platform/Operational", "Provider_Name": "Microsoft-Windows-PushNotifications-Platform", "Computer": "DESKTOP-OFJ6N53", "TimeCreated": "2025-08-26 09:36:02.632587+00:00", "RecordID": "3705966", "Level": "5", "UserID": "S-1-5-18", "EventData.Verb": "PNG", "EventData.TrID": "52", "EventData.Namespace": "CON", "EventData.CorrelationVector": "vIKL831gwESlCc7B.52.0", "EventData.Bytes": "126", "EventData.Payload": "UE5HIDUyIENPTgAxMjYNCk1TLUNWOiB2SUtMODMxZ3dFU2xDYzdCLjUyLjANCg0KPHBpbmctcmVzcG9uc2U+PHdhaXQ+NTA8L3dhaXQ+PGNvbm5lY3Rpb24tc3RhdHVzPkNvbm5lY3RlZDwvY29ubmVjdGlvbi1zdGF0dXM+", "EventData.ConnectionType": "1"}
{"EventID": "1223", "Channel": "Microsoft-Windows-PushNotification-Platform/Operational", "Provider_Name": "Microsoft-Windows-PushNotifications-Platform", "Computer": "DESKTOP-OFJ6N53", "TimeCreated": "2025-08-26 09:37:02.572067+00:00", "RecordID": "3705967", "Level": "5", "UserID": "S-1-5-18", "EventData.Verb": "PNG", "EventData.TrID": "53", "EventData.Namespace": "CON", "EventData.CorrelationVector": "vIKL831gwESlCc7B.53", "EventData.Bytes": "29", "EventData.Payload": "Q29udGV4dDogYWJhMmVjNGYyY2YxZWRmYw0KDQo=", "EventData.ConnectionType": "1"}
{"EventID": "1267", "Channel": "Microsoft-Windows-PushNotification-Platform/Operational", "Provider_Name": "Microsoft-Windows-PushNotifications-Platform", "Computer": "DESKTOP-OFJ6N53", "TimeCreated": "2025-08-26 09:37:02.572067+00:00", "RecordID": "3705968", "Level": "5", "UserID": "S-1-5-18", "EventData.Verb": "PNG", "EventData.TrID": "53", "EventData.Namespace": "CON", "EventData.CorrelationVector": "vIKL831gwESlCc7B.53", "EventData.Bytes": "72", "EventData.Payload": "UE5HIDUzIENPTiA1Nw0KTVMtQ1Y6IHZJS0w4MzFnd0VTbENjN0IuNTMNCkNvbnRleHQ6IGFiYTJlYzRmMmNmMWVkZmMNCg0K", "EventData.ConnectionType": "1"}
{"EventID": "1225", "Channel": "Microsoft-Windows-PushNotification-Platform/Operational", "Provider_Name": "Microsoft-Windows-PushNotifications-Platform", "Computer": "DESKTOP-OFJ6N53", "TimeCreated": "2025-08-26 09:37:02.656134+00:00", "RecordID": "3705969", "Level": "5", "UserID": "S-1-5-18", "EventData.Verb": "PNG", "EventData.TrID": "53", "EventData.Namespace": "CON", "EventData.CorrelationVector": "vIKL831gwESlCc7B.53.0", "EventData.Bytes": "126", "EventData.Payload": "TVMtQ1Y6IHZJS0w4MzFnd0VTbENjN0IuNTMuMA0KDQo8cGluZy1yZXNwb25zZT48d2FpdD40MTwvd2FpdD48Y29ubmVjdGlvbi1zdGF0dXM+Q29ubmVjdGVkPC9jb25uZWN0aW9uLXN0YXR1cz48L3BpbmctcmVzcG9uc2U+", "EventData.ConnectionType": "1"}
{"EventID": "1268", "Channel": "Microsoft-Windows-PushNotification-Platform/Operational", "Provider_Name": "Microsoft-Windows-PushNotifications-Platform", "Computer": "DESKTOP-OFJ6N53", "TimeCreated": "2025-08-26 09:37:02.656136+00:00", "RecordID": "3705970", "Level": "5", "UserID": "S-1-5-18", "EventData.Verb": "PNG", "EventData.TrID": "53", "EventData.Namespace": "CON", "EventData.CorrelationVector": "vIKL831gwESlCc7B.53.0", "EventData.Bytes": "126", "EventData.Payload": "UE5HIDUzIENPTgAxMjYNCk1TLUNWOiB2SUtMODMxZ3dFU2xDYzdCLjUzLjANCg0KPHBpbmctcmVzcG9uc2U+PHdhaXQ+NDE8L3dhaXQ+PGNvbm5lY3Rpb24tc3RhdHVzPkNvbm5lY3RlZDwvY29ubmVjdGlvbi1zdGF0dXM+", "EventData.ConnectionType": "1"}
{"EventID": "1223", "Channel": "Microsoft-Windows-PushNotification-Platform/Operational", "Provider_Name": "Microsoft-Windows-PushNotifications-Platform", "Computer": "DESKTOP-OFJ6N53", "TimeCreated": "2025-08-26 09:38:02.586737+00:00", "RecordID": "3705971", "Level": "5", "UserID": "S-1-5-18", "EventData.Verb": "PNG", "EventData.TrID": "54", "EventData.Namespace": "CON", "EventData.CorrelationVector": "vIKL831gwESlCc7B.54", "EventData.Bytes": "29", "EventData.Payload": "Q29udGV4dDogMTkwODEwOGQ0MTM0YzM0Ng0KDQo=", "EventData.ConnectionType": "1"}
{"EventID": "1267", "Channel": "Microsoft-Windows-PushNotification-Platform/Operational", "Provider_Name": "Microsoft-Windows-PushNotifications-Platform", "Computer": "DESKTOP-OFJ6N53", "TimeCreated": "2025-08-26 09:38:02.586739+00:00", "RecordID": "3705972", "Level": "5", "UserID": "S-1-5-18", "EventData.Verb": "PNG", "EventData.TrID": "54", "EventData.Namespace": "CON", "EventData.CorrelationVector": "vIKL831gwESlCc7B.54", "EventData.Bytes": "72", "EventData.Payload": "UE5HIDU0IENPTiA1Nw0KTVMtQ1Y6IHZJS0w4MzFnd0VTbENjN0IuNTQNCkNvbnRleHQ6IDE5MDgxMDhkNDEzNGMzNDYNCg0K", "EventData.ConnectionType": "1"}
{"EventID": "1225", "Channel": "Microsoft-Windows-PushNotification-Platform/Operational", "Provider_Name": "Microsoft-Windows-PushNotifications-Platform", "Computer": "DESKTOP-OFJ6N53", "TimeCreated": "2025-08-26 09:38:02.666052+00:00", "RecordID": "3705973", "Level": "5", "UserID": "S-1-5-18", "EventData.Verb": "PNG", "EventData.TrID": "54", "EventData.Namespace": "CON", "EventData.CorrelationVector": "vIKL831gwESlCc7B.54.0", "EventData.Bytes": "126", "EventData.Payload": "TVMtQ1Y6IHZJS0w4MzFnd0VTbENjN0IuNTQuMA0KDQo8cGluZy1yZXNwb25zZT48d2FpdD40MTwvd2FpdD48Y29ubmVjdGlvbi1zdGF0dXM+Q29ubmVjdGVkPC9jb25uZWN0aW9uLXN0YXR1cz48L3BpbmctcmVzcG9uc2U+", "EventData.ConnectionType": "1"}
{"EventID": "1268", "Channel": "Microsoft-Windows-PushNotification-Platform/Operational", "Provider_Name": "Microsoft-Windows-PushNotifications-Platform", "Computer": "DESKTOP-OFJ6N53", "TimeCreated": "2025-08-26 09:38:02.666054+00:00", "RecordID": "3705974", "Level": "5", "UserID": "S-1-5-18", "EventData.Verb": "PNG", "EventData.TrID": "54", "EventData.Namespace": "CON", "EventData.CorrelationVector": "vIKL831gwESlCc7B.54.0", "EventData.Bytes": "126", "EventData.Payload": "UE5HIDU0IENPTgAxMjYNCk1TLUNWOiB2SUtMODMxZ3dFU2xDYzdCLjU0LjANCg0KPHBpbmctcmVzcG9uc2U+PHdhaXQ+NDE8L3dhaXQ+PGNvbm5lY3Rpb24tc3RhdHVzPkNvbm5lY3RlZDwvY29ubmVjdGlvbi1zdGF0dXM+", "EventData.ConnectionType": "1"}
{"EventID": "1223", "Channel": "Microsoft-Windows-PushNotification-Platform/Operational", "Provider_Name": "Microsoft-Windows-PushNotifications-Platform", "Computer": "DESKTOP-OFJ6N53", "TimeCreated": "2025-08-26 09:39:02.602324+00:00", "RecordID": "3705975", "Level": "5", "UserID": "S-1-5-18", "EventData.Verb": "PNG", "EventData.TrID": "55", "EventData.Namespace": "CON", "EventData.CorrelationVector": "vIKL831gwESlCc7B.55", "EventData.Bytes": "29", "EventData.Payload": "Q29udGV4dDogZTIzZWFlOGY2NGY0OWEzOQ0KDQo=", "EventData.ConnectionType": "1"}
{"EventID": "1267", "Channel": "Microsoft-Windows-PushNotification-Platform/Operational", "Provider_Name": "Microsoft-Windows-PushNotifications-Platform", "Computer": "DESKTOP-OFJ6N53", "TimeCreated": "2025-08-26 09:39:02.602325+00:00", "RecordID": "3705976", "Level": "5", "UserID": "S-1-5-18", "EventData.Verb": "PNG", "EventData.TrID": "55", "EventData.Namespace": "CON", "EventData.CorrelationVector": "vIKL831gwESlCc7B.55", "EventData.Bytes": "72", "EventData.Payload": "UE5HIDU1IENPTiA1Nw0KTVMtQ1Y6IHZJS0w4MzFnd0VTbENjN0IuNTUNCkNvbnRleHQ6IGUyM2VhZThmNjRmNDlhMzkNCg0K", "EventData.ConnectionType": "1"}
{"EventID": "1225", "Channel": "Microsoft-Windows-PushNotification-Platform/Operational", "Provider_Name": "Microsoft-Windows-PushNotifications-Platform", "Computer": "DESKTOP-OFJ6N53", "TimeCreated": "2025-08-26 09:39:02.664803+00:00", "RecordID": "3705977", "Level": "5", "UserID": "S-1-5-18", "EventData.Verb": "PNG", "EventData.TrID": "55", "EventData.Namespace": "CON", "EventData.CorrelationVector": "vIKL831gwESlCc7B.55.0", "EventData.Bytes": "126", "EventData.Payload": "TVMtQ1Y6IHZJS0w4MzFnd0VTbENjN0IuNTUuMA0KDQo8cGluZy1yZXNwb25zZT48d2FpdD40NTwvd2FpdD48Y29ubmVjdGlvbi1zdGF0dXM+Q29ubmVjdGVkPC9jb25uZWN0aW9uLXN0YXR1cz48L3BpbmctcmVzcG9uc2U+", "EventData.ConnectionType": "1"}
{"EventID": "1268", "Channel": "Microsoft-Windows-PushNotification-Platform/Operational", "Provider_Name": "Microsoft-Windows-PushNotifications-Platform", "Computer": "DESKTOP-OFJ6N53", "TimeCreated": "2025-08-26 09:39:02.664804+00:00", "RecordID": "3705978", "Level": "5", "UserID": "S-1-5-18", "EventData.Verb": "PNG", "EventData.TrID": "55", "EventData.Namespace": "CON", "EventData.CorrelationVector": "vIKL831gwESlCc7B.55.0", "EventData.Bytes": "126", "EventData.Payload": "UE5HIDU1IENPTgAxMjYNCk1TLUNWOiB2SUtMODMxZ3dFU2xDYzdCLjU1LjANCg0KPHBpbmctcmVzcG9uc2U+PHdhaXQ+NDU8L3dhaXQ+PGNvbm5lY3Rpb24tc3RhdHVzPkNvbm5lY3RlZDwvY29ubmVjdGlvbi1zdGF0dXM+", "EventData.ConnectionType": "1"}
{"EventID": "1223", "Channel": "Microsoft-Windows-PushNotification-Platform/Operational", "Provider_Name": "Microsoft-Windows-PushNotifications-Platform", "Computer": "DESKTOP-OFJ6N53", "TimeCreated": "2025-08-26 09:40:02.611532+00:00", "RecordID": "3705979", "Level": "5", "UserID": "S-1-5-18", "EventData.Verb": "PNG", "EventData.TrID": "56", "EventData.Namespace": "CON", "EventData.CorrelationVector": "vIKL831gwESlCc7B.56", "EventData.Bytes": "29", "EventData.Payload": "Q29udGV4dDogOWEwNjE4YmFlMjMwODcxZg0KDQo=", "EventData.ConnectionType": "1"}
{"EventID": "1267", "Channel": "Microsoft-Windows-PushNotification-Platform/Operational", "Provider_Name": "Microsoft-Windows-PushNotifications-Platform", "Computer": "DESKTOP-OFJ6N53", "TimeCreated": "2025-08-26 09:40:02.611534+00:00", "RecordID": "3705980", "Level": "5", "UserID": "S-1-5-18", "EventData.Verb": "PNG", "EventData.TrID": "56", "EventData.Namespace": "CON", "EventData.CorrelationVector": "vIKL831gwESlCc7B.56", "EventData.Bytes": "72", "EventData.Payload": "UE5HIDU2IENPTiA1Nw0KTVMtQ1Y6IHZJS0w4MzFnd0VTbENjN0IuNTYNCkNvbnRleHQ6IDlhMDYxOGJhZTIzMDg3MWYNCg0K", "EventData.ConnectionType": "1"}
{"EventID": "1225", "Channel": "Microsoft-Windows-PushNotification-Platform/Operational", "Provider_Name": "Microsoft-Windows-PushNotifications-Platform", "Computer": "DESKTOP-OFJ6N53", "TimeCreated": "2025-08-26 09:40:02.674257+00:00", "RecordID": "3705981", "Level": "5", "UserID": "S-1-5-18", "EventData.Verb": "PNG", "EventData.TrID": "56", "EventData.Namespace": "CON", "EventData.CorrelationVector": "vIKL831gwESlCc7B.56.0", "EventData.Bytes": "126", "EventData.Payload": "TVMtQ1Y6IHZJS0w4MzFnd0VTbENjN0IuNTYuMA0KDQo8cGluZy1yZXNwb25zZT48d2FpdD40MTwvd2FpdD48Y29ubmVjdGlvbi1zdGF0dXM+Q29ubmVjdGVkPC9jb25uZWN0aW9uLXN0YXR1cz48L3BpbmctcmVzcG9uc2U+", "EventData.ConnectionType": "1"}
{"EventID": "1268", "Channel": "Microsoft-Windows-PushNotification-Platform/Operational", "Provider_Name": "Microsoft-Windows-PushNotifications-Platform", "Computer": "DESKTOP-OFJ6N53", "TimeCreated": "2025-08-26 09:40:02.674259+00:00", "RecordID": "3705982", "Level": "5", "UserID": "S-1-5-18", "EventData.Verb": "PNG", "EventData.TrID": "56", "EventData.Namespace": "CON", "EventData.CorrelationVector": "vIKL831gwESlCc7B.56.0", "EventData.Bytes": "126", "EventData.Payload": "UE5HIDU2IENPTgAxMjYNCk1TLUNWOiB2SUtMODMxZ3dFU2xDYzdCLjU2LjANCg0KPHBpbmctcmVzcG9uc2U+PHdhaXQ+NDE8L3dhaXQ+PGNvbm5lY3Rpb24tc3RhdHVzPkNvbm5lY3RlZDwvY29ubmVjdGlvbi1zdGF0dXM+", "EventData.ConnectionType": "1"}
{"EventID": "1223", "Channel": "Microsoft-Windows-PushNotification-Platform/Operational", "Provider_Name": "Microsoft-Windows-PushNotifications-Platform", "Computer": "DESKTOP-OFJ6N53", "TimeCreated": "2025-08-26 09:41:02.618462+00:00", "RecordID": "3705983", "Level": "5", "UserID": "S-1-5-18", "EventData.Verb": "PNG", "EventData.TrID": "57", "EventData.Namespace": "CON", "EventData.CorrelationVector": "vIKL831gwESlCc7B.57", "EventData.Bytes": "28", "EventData.Payload": "Q29udGV4dDogN2Y4ZGRjMWU2Y2QyNDg5DQoNCg==", "EventData.ConnectionType": "1"}
{"EventID": "1267", "Channel": "Microsoft-Windows-PushNotification-Platform/Operational", "Provider_Name": "Microsoft-Windows-PushNotifications-Platform", "Computer": "DESKTOP-OFJ6N53", "TimeCreated": "2025-08-26 09:41:02.618464+00:00", "RecordID": "3705984", "Level": "5", "UserID": "S-1-5-18", "EventData.Verb": "PNG", "EventData.TrID": "57", "EventData.Namespace": "CON", "EventData.CorrelationVector": "vIKL831gwESlCc7B.57", "EventData.Bytes": "71", "EventData.Payload": "UE5HIDU3IENPTiA1Ng0KTVMtQ1Y6IHZJS0w4MzFnd0VTbENjN0IuNTcNCkNvbnRleHQ6IDdmOGRkYzFlNmNkMjQ4OQ0KDQo=", "EventData.ConnectionType": "1"}
{"EventID": "1225", "Channel": "Microsoft-Windows-PushNotification-Platform/Operational", "Provider_Name": "Microsoft-Windows-PushNotifications-Platform", "Computer": "DESKTOP-OFJ6N53", "TimeCreated": "2025-08-26 09:41:02.807890+00:00", "RecordID": "3705985", "Level": "5", "UserID": "S-1-5-18", "EventData.Verb": "PNG", "EventData.TrID": "57", "EventData.Namespace": "CON", "EventData.CorrelationVector": "vIKL831gwESlCc7B.57.0", "EventData.Bytes": "126", "EventData.Payload": "TVMtQ1Y6IHZJS0w4MzFnd0VTbENjN0IuNTcuMA0KDQo8cGluZy1yZXNwb25zZT48d2FpdD40MTwvd2FpdD48Y29ubmVjdGlvbi1zdGF0dXM+Q29ubmVjdGVkPC9jb25uZWN0aW9uLXN0YXR1cz48L3BpbmctcmVzcG9uc2U+", "EventData.ConnectionType": "1"}
{"EventID": "1268", "Channel": "Microsoft-Windows-PushNotification-Platform/Operational", "Provider_Name": "Microsoft-Windows-PushNotifications-Platform", "Computer": "DESKTOP-OFJ6N53", "TimeCreated": "2025-08-26 09:41:02.807892+00:00", "RecordID": "3705986", "Level": "5", "UserID": "S-1-5-18", "EventData.Verb": "PNG", "EventData.TrID": "57", "EventData.Namespace": "CON", "EventData.CorrelationVector": "vIKL831gwESlCc7B.57.0", "EventData.Bytes": "126", "EventData.Payload": "UE5HIDU3IENPTgAxMjYNCk1TLUNWOiB2SUtMODMxZ3dFU2xDYzdCLjU3LjANCg0KPHBpbmctcmVzcG9uc2U+PHdhaXQ+NDE8L3dhaXQ+PGNvbm5lY3Rpb24tc3RhdHVzPkNvbm5lY3RlZDwvY29ubmVjdGlvbi1zdGF0dXM+", "EventData.ConnectionType": "1"}
{"EventID": "1223", "Channel": "Microsoft-Windows-PushNotification-Platform/Operational", "Provider_Name": "Microsoft-Windows-PushNotifications-Platform", "Computer": "DESKTOP-OFJ6N53", "TimeCreated": "2025-08-26 09:42:02.636913+00:00", "RecordID": "3705987", "Level": "5", "UserID": "S-1-5-18", "EventData.Verb": "PNG", "EventData.TrID": "58", "EventData.Namespace": "CON", "EventData.CorrelationVector": "vIKL831gwESlCc7B.58", "EventData.Bytes": "29", "EventData.Payload": "Q29udGV4dDogN2JiY2JkOTRkMDI5ZmE3Nw0KDQo=", "EventData.ConnectionType": "1"}
{"EventID": "1267", "Channel": "Microsoft-Windows-PushNotification-Platform/Operational", "Provider_Name": "Microsoft-Windows-PushNotifications-Platform", "Computer": "DESKTOP-OFJ6N53", "TimeCreated": "2025-08-26 09:42:02.636915+00:00", "RecordID": "3705988", "Level": "5", "UserID": "S-1-5-18", "EventData.Verb": "PNG", "EventData.TrID": "58", "EventData.Namespace": "CON", "EventData.CorrelationVector": "vIKL831gwESlCc7B.58", "EventData.Bytes": "72", "EventData.Payload": "UE5HIDU4IENPTiA1Nw0KTVMtQ1Y6IHZJS0w4MzFnd0VTbENjN0IuNTgNCkNvbnRleHQ6IDdiYmNiZDk0ZDAyOWZhNzcNCg0K", "EventData.ConnectionType": "1"}
{"EventID": "1225", "Channel": "Microsoft-Windows-PushNotification-Platform/Operational", "Provider_Name": "Microsoft-Windows-PushNotifications-Platform", "Computer": "DESKTOP-OFJ6N53", "TimeCreated": "2025-08-26 09:42:02.701319+00:00", "RecordID": "3705989", "Level": "5", "UserID": "S-1-5-18", "EventData.Verb": "PNG", "EventData.TrID": "58", "EventData.Namespace": "CON", "EventData.CorrelationVector": "vIKL831gwESlCc7B.58.0", "EventData.Bytes": "126", "EventData.Payload": "TVMtQ1Y6IHZJS0w4MzFnd0VTbENjN0IuNTguMA0KDQo8cGluZy1yZXNwb25zZT48d2FpdD40Njwvd2FpdD48Y29ubmVjdGlvbi1zdGF0dXM+Q29ubmVjdGVkPC9jb25uZWN0aW9uLXN0YXR1cz48L3BpbmctcmVzcG9uc2U+", "EventData.ConnectionType": "1"}
{"EventID": "1268", "Channel": "Microsoft-Windows-PushNotification-Platform/Operational", "Provider_Name": "Microsoft-Windows-PushNotifications-Platform", "Computer": "DESKTOP-OFJ6N53", "TimeCreated": "2025-08-26 09:42:02.701319+00:00", "RecordID": "3705990", "Level": "5", "UserID": "S-1-5-18", "EventData.Verb": "PNG", "EventData.TrID": "58", "EventData.Namespace": "CON", "EventData.CorrelationVector": "vIKL831gwESlCc7B.58.0", "EventData.Bytes": "126", "EventData.Payload": "UE5HIDU4IENPTgAxMjYNCk1TLUNWOiB2SUtMODMxZ3dFU2xDYzdCLjU4LjANCg0KPHBpbmctcmVzcG9uc2U+PHdhaXQ+NDY8L3dhaXQ+PGNvbm5lY3Rpb24tc3RhdHVzPkNvbm5lY3RlZDwvY29ubmVjdGlvbi1zdGF0dXM+", "EventData.ConnectionType": "1"}
{"EventID": "1223", "Channel": "Microsoft-Windows-PushNotification-Platform/Operational", "Provider_Name": "Microsoft-Windows-PushNotifications-Platform", "Computer": "DESKTOP-OFJ6N53", "TimeCreated": "2025-08-26 09:43:02.638029+00:00", "RecordID": "3705991", "Level": "5", "UserID": "S-1-5-18", "EventData.Verb": "PNG", "EventData.TrID": "59", "EventData.Namespace": "CON", "EventData.CorrelationVector": "vIKL831gwESlCc7B.59", "EventData.Bytes": "29", "EventData.Payload": "Q29udGV4dDogYmUxMzY2NGM4NDAzMTEzYw0KDQo=", "EventData.ConnectionType": "1"}
{"EventID": "1267", "Channel": "Microsoft-Windows-PushNotification-Platform/Operational", "Provider_Name": "Microsoft-Windows-PushNotifications-Platform", "Computer": "DESKTOP-OFJ6N53", "TimeCreated": "2025-08-26 09:43:02.638031+00:00", "RecordID": "3705992", "Level": "5", "UserID": "S-1-5-18", "EventData.Verb": "PNG", "EventData.TrID": "59", "EventData.Namespace": "CON", "EventData.CorrelationVector": "vIKL831gwESlCc7B.59", "EventData.Bytes": "72", "EventData.Payload": "UE5HIDU5IENPTiA1Nw0KTVMtQ1Y6IHZJS0w4MzFnd0VTbENjN0IuNTkNCkNvbnRleHQ6IGJlMTM2NjRjODQwMzExM2MNCg0K", "EventData.ConnectionType": "1"}
{"EventID": "1225", "Channel": "Microsoft-Windows-PushNotification-Platform/Operational", "Provider_Name": "Microsoft-Windows-PushNotifications-Platform", "Computer": "DESKTOP-OFJ6N53", "TimeCreated": "2025-08-26 09:43:02.738403+00:00", "RecordID": "3705993", "Level": "5", "UserID": "S-1-5-18", "EventData.Verb": "PNG", "EventData.TrID": "59", "EventData.Namespace": "CON", "EventData.CorrelationVector": "vIKL831gwESlCc7B.59.0", "EventData.Bytes": "126", "EventData.Payload": "TVMtQ1Y6IHZJS0w4MzFnd0VTbENjN0IuNTkuMA0KDQo8cGluZy1yZXNwb25zZT48d2FpdD40Mjwvd2FpdD48Y29ubmVjdGlvbi1zdGF0dXM+Q29ubmVjdGVkPC9jb25uZWN0aW9uLXN0YXR1cz48L3BpbmctcmVzcG9uc2U+", "EventData.ConnectionType": "1"}
{"EventID": "1268", "Channel": "Microsoft-Windows-PushNotification-Platform/Operational", "Provider_Name": "Microsoft-Windows-PushNotifications-Platform", "Computer": "DESKTOP-OFJ6N53", "TimeCreated": "2025-08-26 09:43:02.738405+00:00", "RecordID": "3705994", "Level": "5", "UserID": "S-1-5-18", "EventData.Verb": "PNG", "EventData.TrID": "59", "EventData.Namespace": "CON", "EventData.CorrelationVector": "vIKL831gwESlCc7B.59.0", "EventData.Bytes": "126", "EventData.Payload": "UE5HIDU5IENPTgAxMjYNCk1TLUNWOiB2SUtMODMxZ3dFU2xDYzdCLjU5LjANCg0KPHBpbmctcmVzcG9uc2U+PHdhaXQ+NDI8L3dhaXQ+PGNvbm5lY3Rpb24tc3RhdHVzPkNvbm5lY3RlZDwvY29ubmVjdGlvbi1zdGF0dXM+", "EventData.ConnectionType": "1"}
{"EventID": "1223", "Channel": "Microsoft-Windows-PushNotification-Platform/Operational", "Provider_Name": "Microsoft-Windows-PushNotifications-Platform", "Computer": "DESKTOP-OFJ6N53", "TimeCreated": "2025-08-26 09:44:02.717222+00:00", "RecordID": "3705995", "Level": "5", "UserID": "S-1-5-18", "EventData.Verb": "PNG", "EventData.TrID": "60", "EventData.Namespace": "CON", "EventData.CorrelationVector": "vIKL831gwESlCc7B.60", "EventData.Bytes": "29", "EventData.Payload": "Q29udGV4dDogYzQwMzcxZTIxYTg4OTNmMg0KDQo=", "EventData.ConnectionType": "1"}
{"EventID": "1267", "Channel": "Microsoft-Windows-PushNotification-Platform/Operational", "Provider_Name": "Microsoft-Windows-PushNotifications-Platform", "Computer": "DESKTOP-OFJ6N53", "TimeCreated": "2025-08-26 09:44:02.717224+00:00", "RecordID": "3705996", "Level": "5", "UserID": "S-1-5-18", "EventData.Verb": "PNG", "EventData.TrID": "60", "EventData.Namespace": "CON", "EventData.CorrelationVector": "vIKL831gwESlCc7B.60", "EventData.Bytes": "72", "EventData.Payload": "UE5HIDYwIENPTiA1Nw0KTVMtQ1Y6IHZJS0w4MzFnd0VTbENjN0IuNjANCkNvbnRleHQ6IGM0MDM3MWUyMWE4ODkzZjINCg0K", "EventData.ConnectionType": "1"}
{"EventID": "1225", "Channel": "Microsoft-Windows-PushNotification-Platform/Operational", "Provider_Name": "Microsoft-Windows-PushNotifications-Platform", "Computer": "DESKTOP-OFJ6N53", "TimeCreated": "2025-08-26 09:44:02.794334+00:00", "RecordID": "3705997", "Level": "5", "UserID": "S-1-5-18", "EventData.Verb": "PNG", "EventData.TrID": "60", "EventData.Namespace": "CON", "EventData.CorrelationVector": "vIKL831gwESlCc7B.60.0", "EventData.Bytes": "126", "EventData.Payload": "TVMtQ1Y6IHZJS0w4MzFnd0VTbENjN0IuNjAuMA0KDQo8cGluZy1yZXNwb25zZT48d2FpdD40MDwvd2FpdD48Y29ubmVjdGlvbi1zdGF0dXM+Q29ubmVjdGVkPC9jb25uZWN0aW9uLXN0YXR1cz48L3BpbmctcmVzcG9uc2U+", "EventData.ConnectionType": "1"}
{"EventID": "1268", "Channel": "Microsoft-Windows-PushNotification-Platform/Operational", "Provider_Name": "Microsoft-Windows-PushNotifications-Platform", "Computer": "DESKTOP-OFJ6N53", "TimeCreated": "2025-08-26 09:44:02.794336+00:00", "RecordID": "3705998", "Level": "5", "UserID": "S-1-5-18", "EventData.Verb": "PNG", "EventData.TrID": "60", "EventData.Namespace": "CON", "EventData.CorrelationVector": "vIKL831gwESlCc7B.60.0", "EventData.Bytes": "126", "EventData.Payload": "UE5HIDYwIENPTgAxMjYNCk1TLUNWOiB2SUtMODMxZ3dFU2xDYzdCLjYwLjANCg0KPHBpbmctcmVzcG9uc2U+PHdhaXQ+NDA8L3dhaXQ+PGNvbm5lY3Rpb24tc3RhdHVzPkNvbm5lY3RlZDwvY29ubmVjdGlvbi1zdGF0dXM+", "EventData.ConnectionType": "1"}
{"EventID": "1223", "Channel": "Microsoft-Windows-PushNotification-Platform/Operational", "Provider_Name": "Microsoft-Windows-PushNotifications-Platform", "Computer": "DESKTOP-OFJ6N53", "TimeCreated": "2025-08-26 09:45:02.722023+00:00", "RecordID": "3705999", "Level": "5", "UserID": "S-1-5-18", "EventData.Verb": "PNG", "EventData.TrID": "61", "EventData.Namespace": "CON", "EventData.CorrelationVector": "vIKL831gwESlCc7B.61", "EventData.Bytes": "29", "EventData.Payload": "Q29udGV4dDogMzVhMzhhMWQxZWFiOGI1OQ0KDQo=", "EventData.ConnectionType": "1"}
{"EventID": "1267", "Channel": "Microsoft-Windows-PushNotification-Platform/Operational", "Provider_Name": "Microsoft-Windows-PushNotifications-Platform", "Computer": "DESKTOP-OFJ6N53", "TimeCreated": "2025-08-26 09:45:02.722025+00:00", "RecordID": "3706000", "Level": "5", "UserID": "S-1-5-18", "EventData.Verb": "PNG", "EventData.TrID": "61", "EventData.Namespace": "CON", "EventData.CorrelationVector": "vIKL831gwESlCc7B.61", "EventData.Bytes": "72", "EventData.Payload": "UE5HIDYxIENPTiA1Nw0KTVMtQ1Y6IHZJS0w4MzFnd0VTbENjN0IuNjENCkNvbnRleHQ6IDM1YTM4YTFkMWVhYjhiNTkNCg0K", "EventData.ConnectionType": "1"}
{"EventID": "1225", "Channel": "Microsoft-Windows-PushNotification-Platform/Operational", "Provider_Name": "Microsoft-Windows-PushNotifications-Platform", "Computer": "DESKTOP-OFJ6N53", "TimeCreated": "2025-08-26 09:45:02.809877+00:00", "RecordID": "3706001", "Level": "5", "UserID": "S-1-5-18", "EventData.Verb": "PNG", "EventData.TrID": "61", "EventData.Namespace": "CON", "EventData.CorrelationVector": "vIKL831gwESlCc7B.61.0", "EventData.Bytes": "126", "EventData.Payload": "TVMtQ1Y6IHZJS0w4MzFnd0VTbENjN0IuNjEuMA0KDQo8cGluZy1yZXNwb25zZT48d2FpdD40NTwvd2FpdD48Y29ubmVjdGlvbi1zdGF0dXM+Q29ubmVjdGVkPC9jb25uZWN0aW9uLXN0YXR1cz48L3BpbmctcmVzcG9uc2U+", "EventData.ConnectionType": "1"}
{"EventID": "1268", "Channel": "Microsoft-Windows-PushNotification-Platform/Operational", "Provider_Name": "Microsoft-Windows-PushNotifications-Platform", "Computer": "DESKTOP-OFJ6N53", "TimeCreated": "2025-08-26 09:45:02.809879+00:00", "RecordID": "3706002", "Level": "5", "UserID": "S-1-5-18", "EventData.Verb": "PNG", "EventData.TrID": "61", "EventData.Namespace": "CON", "EventData.CorrelationVector": "vIKL831gwESlCc7B.61.0", "EventData.Bytes": "126", "EventData.Payload": "UE5HIDYxIENPTgAxMjYNCk1TLUNWOiB2SUtMODMxZ3dFU2xDYzdCLjYxLjANCg0KPHBpbmctcmVzcG9uc2U+PHdhaXQ+NDU8L3dhaXQ+PGNvbm5lY3Rpb24tc3RhdHVzPkNvbm5lY3RlZDwvY29ubmVjdGlvbi1zdGF0dXM+", "EventData.ConnectionType": "1"}
{"EventID": "1223", "Channel": "Microsoft-Windows-PushNotification-Platform/Operational", "Provider_Name": "Microsoft-Windows-PushNotifications-Platform", "Computer": "DESKTOP-OFJ6N53", "TimeCreated": "2025-08-26 09:46:02.728224+00:00", "RecordID": "3706003", "Level": "5", "UserID": "S-1-5-18", "EventData.Verb": "PNG", "EventData.TrID": "62", "EventData.Namespace": "CON", "EventData.CorrelationVector": "vIKL831gwESlCc7B.62", "EventData.Bytes": "29", "EventData.Payload": "Q29udGV4dDogMTI5MTcwNWViMDk2MTcxYw0KDQo=", "EventData.ConnectionType": "1"}
{"EventID": "1267", "Channel": "Microsoft-Windows-PushNotification-Platform/Operational", "Provider_Name": "Microsoft-Windows-PushNotifications-Platform", "Computer": "DESKTOP-OFJ6N53", "TimeCreated": "2025-08-26 09:46:02.728226+00:00", "RecordID": "3706004", "Level": "5", "UserID": "S-1-5-18", "EventData.Verb": "PNG", "EventData.TrID": "62", "EventData.Namespace": "CON", "EventData.CorrelationVector": "vIKL831gwESlCc7B.62", "EventData.Bytes": "72", "EventData.Payload": "UE5HIDYyIENPTiA1Nw0KTVMtQ1Y6IHZJS0w4MzFnd0VTbENjN0IuNjINCkNvbnRleHQ6IDEyOTE3MDVlYjA5NjE3MWMNCg0K", "EventData.ConnectionType": "1"}
{"EventID": "1225", "Channel": "Microsoft-Windows-PushNotification-Platform/Operational", "Provider_Name": "Microsoft-Windows-PushNotifications-Platform", "Computer": "DESKTOP-OFJ6N53", "TimeCreated": "2025-08-26 09:46:02.791220+00:00", "RecordID": "3706005", "Level": "5", "UserID": "S-1-5-18", "EventData.Verb": "PNG", "EventData.TrID": "62", "EventData.Namespace": "CON", "EventData.CorrelationVector": "vIKL831gwESlCc7B.62.0", "EventData.Bytes": "126", "EventData.Payload": "TVMtQ1Y6IHZJS0w4MzFnd0VTbENjN0IuNjIuMA0KDQo8cGluZy1yZXNwb25zZT48d2FpdD40Mjwvd2FpdD48Y29ubmVjdGlvbi1zdGF0dXM+Q29ubmVjdGVkPC9jb25uZWN0aW9uLXN0YXR1cz48L3BpbmctcmVzcG9uc2U+", "EventData.ConnectionType": "1"}
{"EventID": "1268", "Channel": "Microsoft-Windows-PushNotification-Platform/Operational", "Provider_Name": "Microsoft-Windows-PushNotifications-Platform", "Computer": "DESKTOP-OFJ6N53", "TimeCreated": "2025-08-26 09:46:02.791222+00:00", "RecordID": "3706006", "Level": "5", "UserID": "S-1-5-18", "EventData.Verb": "PNG", "EventData.TrID": "62", "EventData.Namespace": "CON", "EventData.CorrelationVector": "vIKL831gwESlCc7B.62.0", "EventData.Bytes": "126", "EventData.Payload": "UE5HIDYyIENPTgAxMjYNCk1TLUNWOiB2SUtMODMxZ3dFU2xDYzdCLjYyLjANCg0KPHBpbmctcmVzcG9uc2U+PHdhaXQ+NDI8L3dhaXQ+PGNvbm5lY3Rpb24tc3RhdHVzPkNvbm5lY3RlZDwvY29ubmVjdGlvbi1zdGF0dXM+", "EventData.ConnectionType": "1"}
{"EventID": "1223", "Channel": "Microsoft-Windows-PushNotification-Platform/Operational", "Provider_Name": "Microsoft-Windows-PushNotifications-Platform", "Computer": "DESKTOP-OFJ6N53", "TimeCreated": "2025-08-26 09:47:02.734434+00:00", "RecordID": "3706007", "Level": "5", "UserID": "S-1-5-18", "EventData.Verb": "PNG", "EventData.TrID": "63", "EventData.Namespace": "CON", "EventData.CorrelationVector": "vIKL831gwESlCc7B.63", "EventData.Bytes": "29", "EventData.Payload": "Q29udGV4dDogNzYyM2IzNGNlYzg0NDRlYw0KDQo=", "EventData.ConnectionType": "1"}
{"EventID": "1267", "Channel": "Microsoft-Windows-PushNotification-Platform/Operational", "Provider_Name": "Microsoft-Windows-PushNotifications-Platform", "Computer": "DESKTOP-OFJ6N53", "TimeCreated": "2025-08-26 09:47:02.734436+00:00", "RecordID": "3706008", "Level": "5", "UserID": "S-1-5-18", "EventData.Verb": "PNG", "EventData.TrID": "63", "EventData.Namespace": "CON", "EventData.CorrelationVector": "vIKL831gwESlCc7B.63", "EventData.Bytes": "72", "EventData.Payload": "UE5HIDYzIENPTiA1Nw0KTVMtQ1Y6IHZJS0w4MzFnd0VTbENjN0IuNjMNCkNvbnRleHQ6IDc2MjNiMzRjZWM4NDQ0ZWMNCg0K", "EventData.ConnectionType": "1"}
{"EventID": "1225", "Channel": "Microsoft-Windows-PushNotification-Platform/Operational", "Provider_Name": "Microsoft-Windows-PushNotifications-Platform", "Computer": "DESKTOP-OFJ6N53", "TimeCreated": "2025-08-26 09:47:02.797184+00:00", "RecordID": "3706009", "Level": "5", "UserID": "S-1-5-18", "EventData.Verb": "PNG", "EventData.TrID": "63", "EventData.Namespace": "CON", "EventData.CorrelationVector": "vIKL831gwESlCc7B.63.0", "EventData.Bytes": "126", "EventData.Payload": "TVMtQ1Y6IHZJS0w4MzFnd0VTbENjN0IuNjMuMA0KDQo8cGluZy1yZXNwb25zZT48d2FpdD40ODwvd2FpdD48Y29ubmVjdGlvbi1zdGF0dXM+Q29ubmVjdGVkPC9jb25uZWN0aW9uLXN0YXR1cz48L3BpbmctcmVzcG9uc2U+", "EventData.ConnectionType": "1"}
{"EventID": "1268", "Channel": "Microsoft-Windows-PushNotification-Platform/Operational", "Provider_Name": "Microsoft-Windows-PushNotifications-Platform", "Computer": "DESKTOP-OFJ6N53", "TimeCreated": "2025-08-26 09:47:02.797186+00:00", "RecordID": "3706010", "Level": "5", "UserID": "S-1-5-18", "EventData.Verb": "PNG", "EventData.TrID": "63", "EventData.Namespace": "CON", "EventData.CorrelationVector": "vIKL831gwESlCc7B.63.0", "EventData.Bytes": "126", "EventData.Payload": "UE5HIDYzIENPTgAxMjYNCk1TLUNWOiB2SUtMODMxZ3dFU2xDYzdCLjYzLjANCg0KPHBpbmctcmVzcG9uc2U+PHdhaXQ+NDg8L3dhaXQ+PGNvbm5lY3Rpb24tc3RhdHVzPkNvbm5lY3RlZDwvY29ubmVjdGlvbi1zdGF0dXM+", "EventData.ConnectionType": "1"}
{"EventID": "1223", "Channel": "Microsoft-Windows-PushNotification-Platform/Operational", "Provider_Name": "Microsoft-Windows-PushNotifications-Platform", "Computer": "DESKTOP-OFJ6N53", "TimeCreated": "2025-08-26 09:48:02.740002+00:00", "RecordID": "3706011", "Level": "5", "UserID": "S-1-5-18", "EventData.Verb": "PNG", "EventData.TrID": "64", "EventData.Namespace": "CON", "EventData.CorrelationVector": "vIKL831gwESlCc7B.64", "EventData.Bytes": "28", "EventData.Payload": "Q29udGV4dDogZjU4MTY3MjY3MjY0OTAxDQoNCg==", "EventData.ConnectionType": "1"}
{"EventID": "1267", "Channel": "Microsoft-Windows-PushNotification-Platform/Operational", "Provider_Name": "Microsoft-Windows-PushNotifications-Platform", "Computer": "DESKTOP-OFJ6N53", "TimeCreated": "2025-08-26 09:48:02.740002+00:00", "RecordID": "3706012", "Level": "5", "UserID": "S-1-5-18", "EventData.Verb": "PNG", "EventData.TrID": "64", "EventData.Namespace": "CON", "EventData.CorrelationVector": "vIKL831gwESlCc7B.64", "EventData.Bytes": "71", "EventData.Payload": "UE5HIDY0IENPTiA1Ng0KTVMtQ1Y6IHZJS0w4MzFnd0VTbENjN0IuNjQNCkNvbnRleHQ6IGY1ODE2NzI2NzI2NDkwMQ0KDQo=", "EventData.ConnectionType": "1"}
{"EventID": "1225", "Channel": "Microsoft-Windows-PushNotification-Platform/Operational", "Provider_Name": "Microsoft-Windows-PushNotifications-Platform", "Computer": "DESKTOP-OFJ6N53", "TimeCreated": "2025-08-26 09:48:02.876572+00:00", "RecordID": "3706013", "Level": "5", "UserID": "S-1-5-18", "EventData.Verb": "PNG", "EventData.TrID": "64", "EventData.Namespace": "CON", "EventData.CorrelationVector": "vIKL831gwESlCc7B.64.0", "EventData.Bytes": "126", "EventData.Payload": "TVMtQ1Y6IHZJS0w4MzFnd0VTbENjN0IuNjQuMA0KDQo8cGluZy1yZXNwb25zZT48d2FpdD40MTwvd2FpdD48Y29ubmVjdGlvbi1zdGF0dXM+Q29ubmVjdGVkPC9jb25uZWN0aW9uLXN0YXR1cz48L3BpbmctcmVzcG9uc2U+", "EventData.ConnectionType": "1"}
{"EventID": "1268", "Channel": "Microsoft-Windows-PushNotification-Platform/Operational", "Provider_Name": "Microsoft-Windows-PushNotifications-Platform", "Computer": "DESKTOP-OFJ6N53", "TimeCreated": "2025-08-26 09:48:02.876574+00:00", "RecordID": "3706014", "Level": "5", "UserID": "S-1-5-18", "EventData.Verb": "PNG", "EventData.TrID": "64", "EventData.Namespace": "CON", "EventData.CorrelationVector": "vIKL831gwESlCc7B.64.0", "EventData.Bytes": "126", "EventData.Payload": "UE5HIDY0IENPTgAxMjYNCk1TLUNWOiB2SUtMODMxZ3dFU2xDYzdCLjY0LjANCg0KPHBpbmctcmVzcG9uc2U+PHdhaXQ+NDE8L3dhaXQ+PGNvbm5lY3Rpb24tc3RhdHVzPkNvbm5lY3RlZDwvY29ubmVjdGlvbi1zdGF0dXM+", "EventData.ConnectionType": "1"}
{"EventID": "1223", "Channel": "Microsoft-Windows-PushNotification-Platform/Operational", "Provider_Name": "Microsoft-Windows-PushNotifications-Platform", "Computer": "DESKTOP-OFJ6N53", "TimeCreated": "2025-08-26 09:49:02.756987+00:00", "RecordID": "3706015", "Level": "5", "UserID": "S-1-5-18", "EventData.Verb": "PNG", "EventData.TrID": "65", "EventData.Namespace": "CON", "EventData.CorrelationVector": "vIKL831gwESlCc7B.65", "EventData.Bytes": "29", "EventData.Payload": "Q29udGV4dDogZTRhZjljNDNkMDVjZWUwNA0KDQo=", "EventData.ConnectionType": "1"}
{"EventID": "1267", "Channel": "Microsoft-Windows-PushNotification-Platform/Operational", "Provider_Name": "Microsoft-Windows-PushNotifications-Platform", "Computer": "DESKTOP-OFJ6N53", "TimeCreated": "2025-08-26 09:49:02.756989+00:00", "RecordID": "3706016", "Level": "5", "UserID": "S-1-5-18", "EventData.Verb": "PNG", "EventData.TrID": "65", "EventData.Namespace": "CON", "EventData.CorrelationVector": "vIKL831gwESlCc7B.65", "EventData.Bytes": "72", "EventData.Payload": "UE5HIDY1IENPTiA1Nw0KTVMtQ1Y6IHZJS0w4MzFnd0VTbENjN0IuNjUNCkNvbnRleHQ6IGU0YWY5YzQzZDA1Y2VlMDQNCg0K", "EventData.ConnectionType": "1"}
{"EventID": "1225", "Channel": "Microsoft-Windows-PushNotification-Platform/Operational", "Provider_Name": "Microsoft-Windows-PushNotifications-Platform", "Computer": "DESKTOP-OFJ6N53", "TimeCreated": "2025-08-26 09:49:02.886192+00:00", "RecordID": "3706017", "Level": "5", "UserID": "S-1-5-18", "EventData.Verb": "PNG", "EventData.TrID": "65", "EventData.Namespace": "CON", "EventData.CorrelationVector": "vIKL831gwESlCc7B.65.0", "EventData.Bytes": "126", "EventData.Payload": "TVMtQ1Y6IHZJS0w4MzFnd0VTbENjN0IuNjUuMA0KDQo8cGluZy1yZXNwb25zZT48d2FpdD40MDwvd2FpdD48Y29ubmVjdGlvbi1zdGF0dXM+Q29ubmVjdGVkPC9jb25uZWN0aW9uLXN0YXR1cz48L3BpbmctcmVzcG9uc2U+", "EventData.ConnectionType": "1"}
{"EventID": "1268", "Channel": "Microsoft-Windows-PushNotification-Platform/Operational", "Provider_Name": "Microsoft-Windows-PushNotifications-Platform", "Computer": "DESKTOP-OFJ6N53", "TimeCreated": "2025-08-26 09:49:02.886192+00:00", "RecordID": "3706018", "Level": "5", "UserID": "S-1-5-18", "EventData.Verb": "PNG", "EventData.TrID": "65", "EventData.Namespace": "CON", "EventData.CorrelationVector": "vIKL831gwESlCc7B.65.0", "EventData.Bytes": "126", "EventData.Payload": "UE5HIDY1IENPTgAxMjYNCk1TLUNWOiB2SUtMODMxZ3dFU2xDYzdCLjY1LjANCg0KPHBpbmctcmVzcG9uc2U+PHdhaXQ+NDA8L3dhaXQ+PGNvbm5lY3Rpb24tc3RhdHVzPkNvbm5lY3RlZDwvY29ubmVjdGlvbi1zdGF0dXM+", "EventData.ConnectionType": "1"}
{"EventID": "1223", "Channel": "Microsoft-Windows-PushNotification-Platform/Operational", "Provider_Name": "Microsoft-Windows-PushNotifications-Platform", "Computer": "DESKTOP-OFJ6N53", "TimeCreated": "2025-08-26 09:50:02.769138+00:00", "RecordID": "3706019", "Level": "5", "UserID": "S-1-5-18", "EventData.Verb": "PNG", "EventData.TrID": "66", "EventData.Namespace": "CON", "EventData.CorrelationVector": "vIKL831gwESlCc7B.66", "EventData.Bytes": "29", "EventData.Payload": "Q29udGV4dDogYmYwNmFjN2UwNDdhMzA1Mg0KDQo=", "EventData.ConnectionType": "1"}
{"EventID": "1267", "Channel": "Microsoft-Windows-PushNotification-Platform/Operational", "Provider_Name": "Microsoft-Windows-PushNotifications-Platform", "Computer": "DESKTOP-OFJ6N53", "TimeCreated": "2025-08-26 09:50:02.769140+00:00", "RecordID": "3706020", "Level": "5", "UserID": "S-1-5-18", "EventData.Verb": "PNG", "EventData.TrID": "66", "EventData.Namespace": "CON", "EventData.CorrelationVector": "vIKL831gwESlCc7B.66", "EventData.Bytes": "72", "EventData.Payload": "UE5HIDY2IENPTiA1Nw0KTVMtQ1Y6IHZJS0w4MzFnd0VTbENjN0IuNjYNCkNvbnRleHQ6IGJmMDZhYzdlMDQ3YTMwNTINCg0K", "EventData.ConnectionType": "1"}
