{"EventID": "301", "Channel": "Microsoft-Windows-DeviceSetupManager/Operational", "Provider_Name": "Microsoft-Windows-DeviceSetupManager", "Computer": "DESKTOP-OFJ6N53", "TimeCreated": "2023-08-01 09:01:38.509485+00:00", "RecordID": "9962", "Level": "4", "UserID": "S-1-5-18", "EventData.Prop_ContainerId": "{CE0FA189-B34B-408B-912A-0A3BC6D602AD}"}
{"EventID": "301", "Channel": "Microsoft-Windows-DeviceSetupManager/Operational", "Provider_Name": "Microsoft-Windows-DeviceSetupManager", "Computer": "DESKTOP-OFJ6N53", "TimeCreated": "2023-08-01 09:01:38.685314+00:00", "RecordID": "9963", "Level": "4", "UserID": "S-1-5-18", "EventData.Prop_ContainerId": "{D397268A-724C-B4EF-D641-C9234BA2948B}"}
{"EventID": "300", "Channel": "Microsoft-Windows-DeviceSetupManager/Operational", "Provider_Name": "Microsoft-Windows-DeviceSetupManager", "Computer": "DESKTOP-OFJ6N53", "TimeCreated": "2023-08-01 14:55:03.655848+00:00", "RecordID": "9964", "Level": "4", "UserID": "S-1-5-18", "EventData.Prop_ContainerId": "{DC3BCFCC-0223-4C66-BC46-228A7D329C08}"}
{"EventID": "301", "Channel": "Microsoft-Windows-DeviceSetupManager/Operational", "Provider_Name": "Microsoft-Windows-DeviceSetupManager", "Computer": "DESKTOP-OFJ6N53", "TimeCreated": "2023-08-01 14:55:04.143389+00:00", "RecordID": "9965", "Level": "4", "UserID": "S-1-5-18", "EventData.Prop_ContainerId": "{4DF4D30C-95BA-11EC-A6BC-00059A3C7A00}"}
{"EventID": "301", "Channel": "Microsoft-Windows-DeviceSetupManager/Operational", "Provider_Name": "Microsoft-Windows-DeviceSetupManager", "Computer": "DESKTOP-OFJ6N53", "TimeCreated": "2023-08-01 14:55:04.321215+00:00", "RecordID": "9966", "Level": "4", "UserID": "S-1-5-18", "EventData.Prop_ContainerId": "{DC3BCFCC-0223-4C66-BC46-228A7D329C08}"}
{"EventID": "301", "Channel": "Microsoft-Windows-DeviceSetupManager/Operational", "Provider_Name": "Microsoft-Windows-DeviceSetupManager", "Computer": "DESKTOP-OFJ6N53", "TimeCreated": "2023-08-01 14:55:04.517731+00:00", "RecordID": "9967", "Level": "4", "UserID": "S-1-5-18", "EventData.Prop_ContainerId": "{9255C28B-421B-FD2A-4CA7-D7BAC659C1BD}"}
{"EventID": "301", "Channel": "Microsoft-Windows-DeviceSetupManager/Operational", "Provider_Name": "Microsoft-Windows-DeviceSetupManager", "Computer": "DESKTOP-OFJ6N53", "TimeCreated": "2023-08-01 14:55:04.868448+00:00", "RecordID": "9968", "Level": "4", "UserID": "S-1-5-18", "EventData.Prop_ContainerId": "{C2AFB711-E01D-B859-69EE-8DFDB945EBF1}"}
{"EventID": "301", "Channel": "Microsoft-Windows-DeviceSetupManager/Operational", "Provider_Name": "Microsoft-Windows-DeviceSetupManager", "Computer": "DESKTOP-OFJ6N53", "TimeCreated": "2023-08-01 14:55:06.157778+00:00", "RecordID": "9969", "Level": "4", "UserID": "S-1-5-18", "EventData.Prop_ContainerId": "{ECC1E499-5EFD-039D-5887-23C2BD87E9A7}"}
{"EventID": "301", "Channel": "Microsoft-Windows-DeviceSetupManager/Operational", "Provider_Name": "Microsoft-Windows-DeviceSetupManager", "Computer": "DESKTOP-OFJ6N53", "TimeCreated": "2023-08-01 14:55:07.688961+00:00", "RecordID": "9970", "Level": "4", "UserID": "S-1-5-18", "EventData.Prop_ContainerId": "{C8BA3767-041C-707A-48E3-B5E7FCFD8653}"}
{"EventID": "301", "Channel": "Microsoft-Windows-DeviceSetupManager/Operational", "Provider_Name": "Microsoft-Windows-DeviceSetupManager", "Computer": "DESKTOP-OFJ6N53", "TimeCreated": "2023-08-01 14:55:08.366877+00:00", "RecordID": "9971", "Level": "4", "UserID": "S-1-5-18", "EventData.Prop_ContainerId": "{54F0286C-EA13-0B79-04AC-ED9E98FB1596}"}
{"EventID": "301", "Channel": "Microsoft-Windows-DeviceSetupManager/Operational", "Provider_Name": "Microsoft-Windows-DeviceSetupManager", "Computer": "DESKTOP-OFJ6N53", "TimeCreated": "2023-08-01 14:55:09.035572+00:00", "RecordID": "9972", "Level": "4", "UserID": "S-1-5-18", "EventData.Prop_ContainerId": "{9FDB06AE-3C11-C5C2-6F79-B527957711B5}"}
{"EventID": "300", "Channel": "Microsoft-Windows-DeviceSetupManager/Operational", "Provider_Name": "Microsoft-Windows-DeviceSetupManager", "Computer": "DESKTOP-OFJ6N53", "TimeCreated": "2023-08-01 15:03:58.151443+00:00", "RecordID": "9973", "Level": "4", "UserID": "S-1-5-18", "EventData.Prop_ContainerId": "{9D00CFCD-DE08-4451-8368-E84C0C477E0E}"}
{"EventID": "301", "Channel": "Microsoft-Windows-DeviceSetupManager/Operational", "Provider_Name": "Microsoft-Windows-DeviceSetupManager", "Computer": "DESKTOP-OFJ6N53", "TimeCreated": "2023-08-01 15:03:59.260260+00:00", "RecordID": "9974", "Level": "4", "UserID": "S-1-5-18", "EventData.Prop_ContainerId": "{9D00CFCD-DE08-4451-8368-E84C0C477E0E}"}
{"EventID": "301", "Channel": "Microsoft-Windows-DeviceSetupManager/Operational", "Provider_Name": "Microsoft-Windows-DeviceSetupManager", "Computer": "DESKTOP-OFJ6N53", "TimeCreated": "2023-08-01 15:03:59.491171+00:00", "RecordID": "9975", "Level": "4", "UserID": "S-1-5-18", "EventData.Prop_ContainerId": "{00000000-0000-0000-FFFF-FFFFFFFFFFFF}"}
{"EventID": "301", "Channel": "Microsoft-Windows-DeviceSetupManager/Operational", "Provider_Name": "Microsoft-Windows-DeviceSetupManager", "Computer": "DESKTOP-OFJ6N53", "TimeCreated": "2023-08-01 15:04:00.417168+00:00", "RecordID": "9976", "Level": "4", "UserID": "S-1-5-18", "EventData.Prop_ContainerId": "{9255C28B-421B-FD2A-4CA7-D7BAC659C1BD}"}
{"EventID": "301", "Channel": "Microsoft-Windows-DeviceSetupManager/Operational", "Provider_Name": "Microsoft-Windows-DeviceSetupManager", "Computer": "DESKTOP-OFJ6N53", "TimeCreated": "2023-08-01 15:04:02.373690+00:00", "RecordID": "9977", "Level": "4", "UserID": "S-1-5-18", "EventData.Prop_ContainerId": "{9FDB06AE-3C11-C5C2-6F79-B527957711B5}"}
{"EventID": "301", "Channel": "Microsoft-Windows-DeviceSetupManager/Operational", "Provider_Name": "Microsoft-Windows-DeviceSetupManager", "Computer": "DESKTOP-OFJ6N53", "TimeCreated": "2023-08-01 15:04:04.529675+00:00", "RecordID": "9978", "Level": "4", "UserID": "S-1-5-18", "EventData.Prop_ContainerId": "{C2AFB711-E01D-B859-69EE-8DFDB945EBF1}"}
{"EventID": "301", "Channel": "Microsoft-Windows-DeviceSetupManager/Operational", "Provider_Name": "Microsoft-Windows-DeviceSetupManager", "Computer": "DESKTOP-OFJ6N53", "TimeCreated": "2023-08-01 15:04:05.706064+00:00", "RecordID": "9979", "Level": "4", "UserID": "S-1-5-18", "EventData.Prop_ContainerId": "{F12ED10B-DE75-2C0C-5FA7-C264A3B6CB55}"}
{"EventID": "301", "Channel": "Microsoft-Windows-DeviceSetupManager/Operational", "Provider_Name": "Microsoft-Windows-DeviceSetupManager", "Computer": "DESKTOP-OFJ6N53", "TimeCreated": "2023-08-01 15:04:06.220293+00:00", "RecordID": "9980", "Level": "4", "UserID": "S-1-5-18", "EventData.Prop_ContainerId": "{C641391B-F276-0E02-33FF-F4A08F4AF52E}"}
{"EventID": "301", "Channel": "Microsoft-Windows-DeviceSetupManager/Operational", "Provider_Name": "Microsoft-Windows-DeviceSetupManager", "Computer": "DESKTOP-OFJ6N53", "TimeCreated": "2023-08-01 15:04:08.588562+00:00", "RecordID": "9981", "Level": "4", "UserID": "S-1-5-18", "EventData.Prop_ContainerId": "{54F0286C-EA13-0B79-04AC-ED9E98FB1596}"}
{"EventID": "301", "Channel": "Microsoft-Windows-DeviceSetupManager/Operational", "Provider_Name": "Microsoft-Windows-DeviceSetupManager", "Computer": "DESKTOP-OFJ6N53", "TimeCreated": "2023-08-01 15:04:10.297970+00:00", "RecordID": "9982", "Level": "4", "UserID": "S-1-5-18", "EventData.Prop_ContainerId": "{ECC1E499-5EFD-039D-5887-23C2BD87E9A7}"}
{"EventID": "301", "Channel": "Microsoft-Windows-DeviceSetupManager/Operational", "Provider_Name": "Microsoft-Windows-DeviceSetupManager", "Computer": "DESKTOP-OFJ6N53", "TimeCreated": "2023-08-01 15:04:11.713537+00:00", "RecordID": "9983", "Level": "4", "UserID": "S-1-5-18", "EventData.Prop_ContainerId": "{C8BA3767-041C-707A-48E3-B5E7FCFD8653}"}
{"EventID": "300", "Channel": "Microsoft-Windows-DeviceSetupManager/Operational", "Provider_Name": "Microsoft-Windows-DeviceSetupManager", "Computer": "DESKTOP-OFJ6N53", "TimeCreated": "2023-08-01 15:16:42.409307+00:00", "RecordID": "9984", "Level": "4", "UserID": "S-1-5-18", "EventData.Prop_ContainerId": "{0ED9BBFC-BB43-4C65-8B38-503CB99B4EEE}"}
{"EventID": "301", "Channel": "Microsoft-Windows-DeviceSetupManager/Operational", "Provider_Name": "Microsoft-Windows-DeviceSetupManager", "Computer": "DESKTOP-OFJ6N53", "TimeCreated": "2023-08-01 15:16:43.311375+00:00", "RecordID": "9985", "Level": "4", "UserID": "S-1-5-18", "EventData.Prop_ContainerId": "{0ED9BBFC-BB43-4C65-8B38-503CB99B4EEE}"}
{"EventID": "301", "Channel": "Microsoft-Windows-DeviceSetupManager/Operational", "Provider_Name": "Microsoft-Windows-DeviceSetupManager", "Computer": "DESKTOP-OFJ6N53", "TimeCreated": "2023-08-01 15:16:43.416903+00:00", "RecordID": "9986", "Level": "4", "UserID": "S-1-5-18", "EventData.Prop_ContainerId": "{9255C28B-421B-FD2A-4CA7-D7BAC659C1BD}"}
{"EventID": "301", "Channel": "Microsoft-Windows-DeviceSetupManager/Operational", "Provider_Name": "Microsoft-Windows-DeviceSetupManager", "Computer": "DESKTOP-OFJ6N53", "TimeCreated": "2023-08-01 15:16:43.529408+00:00", "RecordID": "9987", "Level": "4", "UserID": "S-1-5-18", "EventData.Prop_ContainerId": "{00000000-0000-0000-FFFF-FFFFFFFFFFFF}"}
{"EventID": "301", "Channel": "Microsoft-Windows-DeviceSetupManager/Operational", "Provider_Name": "Microsoft-Windows-DeviceSetupManager", "Computer": "DESKTOP-OFJ6N53", "TimeCreated": "2023-08-01 15:16:44.023787+00:00", "RecordID": "9988", "Level": "4", "UserID": "S-1-5-18", "EventData.Prop_ContainerId": "{ECC1E499-5EFD-039D-5887-23C2BD87E9A7}"}
{"EventID": "301", "Channel": "Microsoft-Windows-DeviceSetupManager/Operational", "Provider_Name": "Microsoft-Windows-DeviceSetupManager", "Computer": "DESKTOP-OFJ6N53", "TimeCreated": "2023-08-01 15:16:44.964544+00:00", "RecordID": "9989", "Level": "4", "UserID": "S-1-5-18", "EventData.Prop_ContainerId": "{F12ED10B-DE75-2C0C-5FA7-C264A3B6CB55}"}
{"EventID": "301", "Channel": "Microsoft-Windows-DeviceSetupManager/Operational", "Provider_Name": "Microsoft-Windows-DeviceSetupManager", "Computer": "DESKTOP-OFJ6N53", "TimeCreated": "2023-08-01 15:16:46.954973+00:00", "RecordID": "9990", "Level": "4", "UserID": "S-1-5-18", "EventData.Prop_ContainerId": "{C641391B-F276-0E02-33FF-F4A08F4AF52E}"}
{"EventID": "301", "Channel": "Microsoft-Windows-DeviceSetupManager/Operational", "Provider_Name": "Microsoft-Windows-DeviceSetupManager", "Computer": "DESKTOP-OFJ6N53", "TimeCreated": "2023-08-01 15:16:47.544128+00:00", "RecordID": "9991", "Level": "4", "UserID": "S-1-5-18", "EventData.Prop_ContainerId": "{C8BA3767-041C-707A-48E3-B5E7FCFD8653}"}
{"EventID": "301", "Channel": "Microsoft-Windows-DeviceSetupManager/Operational", "Provider_Name": "Microsoft-Windows-DeviceSetupManager", "Computer": "DESKTOP-OFJ6N53", "TimeCreated": "2023-08-01 15:16:47.952887+00:00", "RecordID": "9992", "Level": "4", "UserID": "S-1-5-18", "EventData.Prop_ContainerId": "{9FDB06AE-3C11-C5C2-6F79-B527957711B5}"}
{"EventID": "301", "Channel": "Microsoft-Windows-DeviceSetupManager/Operational", "Provider_Name": "Microsoft-Windows-DeviceSetupManager", "Computer": "DESKTOP-OFJ6N53", "TimeCreated": "2023-08-01 15:16:49.788328+00:00", "RecordID": "9993", "Level": "4", "UserID": "S-1-5-18", "EventData.Prop_ContainerId": "{C2AFB711-E01D-B859-69EE-8DFDB945EBF1}"}
{"EventID": "301", "Channel": "Microsoft-Windows-DeviceSetupManager/Operational", "Provider_Name": "Microsoft-Windows-DeviceSetupManager", "Computer": "DESKTOP-OFJ6N53", "TimeCreated": "2023-08-01 15:16:51.074421+00:00", "RecordID": "9994", "Level": "4", "UserID": "S-1-5-18", "EventData.Prop_ContainerId": "{54F0286C-EA13-0B79-04AC-ED9E98FB1596}"}
{"EventID": "300", "Channel": "Microsoft-Windows-DeviceSetupManager/Operational", "Provider_Name": "Microsoft-Windows-DeviceSetupManager", "Computer": "DESKTOP-OFJ6N53", "TimeCreated": "2023-08-01 19:25:45.694347+00:00", "RecordID": "9995", "Level": "4", "UserID": "S-1-5-18", "EventData.Prop_ContainerId": "{9BC4375C-02A1-4767-9368-33EAF210600B}"}
{"EventID": "301", "Channel": "Microsoft-Windows-DeviceSetupManager/Operational", "Provider_Name": "Microsoft-Windows-DeviceSetupManager", "Computer": "DESKTOP-OFJ6N53", "TimeCreated": "2023-08-01 19:25:46.642675+00:00", "RecordID": "9996", "Level": "4", "UserID": "S-1-5-18", "EventData.Prop_ContainerId": "{9BC4375C-02A1-4767-9368-33EAF210600B}"}
{"EventID": "301", "Channel": "Microsoft-Windows-DeviceSetupManager/Operational", "Provider_Name": "Microsoft-Windows-DeviceSetupManager", "Computer": "DESKTOP-OFJ6N53", "TimeCreated": "2023-08-01 19:25:46.898693+00:00", "RecordID": "9997", "Level": "4", "UserID": "S-1-5-18", "EventData.Prop_ContainerId": "{00000000-0000-0000-FFFF-FFFFFFFFFFFF}"}
{"EventID": "301", "Channel": "Microsoft-Windows-DeviceSetupManager/Operational", "Provider_Name": "Microsoft-Windows-DeviceSetupManager", "Computer": "DESKTOP-OFJ6N53", "TimeCreated": "2023-08-01 19:25:47.150156+00:00", "RecordID": "9998", "Level": "4", "UserID": "S-1-5-18", "EventData.Prop_ContainerId": "{9255C28B-421B-FD2A-4CA7-D7BAC659C1BD}"}
{"EventID": "301", "Channel": "Microsoft-Windows-DeviceSetupManager/Operational", "Provider_Name": "Microsoft-Windows-DeviceSetupManager", "Computer": "DESKTOP-OFJ6N53", "TimeCreated": "2023-08-01 19:25:49.242413+00:00", "RecordID": "9999", "Level": "4", "UserID": "S-1-5-18", "EventData.Prop_ContainerId": "{ECC1E499-5EFD-039D-5887-23C2BD87E9A7}"}
{"EventID": "301", "Channel": "Microsoft-Windows-DeviceSetupManager/Operational", "Provider_Name": "Microsoft-Windows-DeviceSetupManager", "Computer": "DESKTOP-OFJ6N53", "TimeCreated": "2023-08-01 19:25:50.969355+00:00", "RecordID": "10000", "Level": "4", "UserID": "S-1-5-18", "EventData.Prop_ContainerId": "{F12ED10B-DE75-2C0C-5FA7-C264A3B6CB55}"}
{"EventID": "301", "Channel": "Microsoft-Windows-DeviceSetupManager/Operational", "Provider_Name": "Microsoft-Windows-DeviceSetupManager", "Computer": "DESKTOP-OFJ6N53", "TimeCreated": "2023-08-01 19:25:51.541508+00:00", "RecordID": "10001", "Level": "4", "UserID": "S-1-5-18", "EventData.Prop_ContainerId": "{C641391B-F276-0E02-33FF-F4A08F4AF52E}"}
{"EventID": "301", "Channel": "Microsoft-Windows-DeviceSetupManager/Operational", "Provider_Name": "Microsoft-Windows-DeviceSetupManager", "Computer": "DESKTOP-OFJ6N53", "TimeCreated": "2023-08-01 19:25:52.033596+00:00", "RecordID": "10002", "Level": "4", "UserID": "S-1-5-18", "EventData.Prop_ContainerId": "{C2AFB711-E01D-B859-69EE-8DFDB945EBF1}"}
{"EventID": "301", "Channel": "Microsoft-Windows-DeviceSetupManager/Operational", "Provider_Name": "Microsoft-Windows-DeviceSetupManager", "Computer": "DESKTOP-OFJ6N53", "TimeCreated": "2023-08-01 19:25:54.119162+00:00", "RecordID": "10003", "Level": "4", "UserID": "S-1-5-18", "EventData.Prop_ContainerId": "{C8BA3767-041C-707A-48E3-B5E7FCFD8653}"}
{"EventID": "301", "Channel": "Microsoft-Windows-DeviceSetupManager/Operational", "Provider_Name": "Microsoft-Windows-DeviceSetupManager", "Computer": "DESKTOP-OFJ6N53", "TimeCreated": "2023-08-01 19:25:55.338730+00:00", "RecordID": "10004", "Level": "4", "UserID": "S-1-5-18", "EventData.Prop_ContainerId": "{54F0286C-EA13-0B79-04AC-ED9E98FB1596}"}
{"EventID": "301", "Channel": "Microsoft-Windows-DeviceSetupManager/Operational", "Provider_Name": "Microsoft-Windows-DeviceSetupManager", "Computer": "DESKTOP-OFJ6N53", "TimeCreated": "2023-08-01 19:25:56.177011+00:00", "RecordID": "10005", "Level": "4", "UserID": "S-1-5-18", "EventData.Prop_ContainerId": "{9FDB06AE-3C11-C5C2-6F79-B527957711B5}"}
{"EventID": "300", "Channel": "Microsoft-Windows-DeviceSetupManager/Operational", "Provider_Name": "Microsoft-Windows-DeviceSetupManager", "Computer": "DESKTOP-OFJ6N53", "TimeCreated": "2023-08-02 10:02:22.172956+00:00", "RecordID": "10006", "Level": "4", "UserID": "S-1-5-18", "EventData.Prop_ContainerId": "{8B229CC0-4B11-44D7-A530-991A0480F57F}"}
{"EventID": "301", "Channel": "Microsoft-Windows-DeviceSetupManager/Operational", "Provider_Name": "Microsoft-Windows-DeviceSetupManager", "Computer": "DESKTOP-OFJ6N53", "TimeCreated": "2023-08-02 10:02:23.082458+00:00", "RecordID": "10007", "Level": "4", "UserID": "S-1-5-18", "EventData.Prop_ContainerId": "{8B229CC0-4B11-44D7-A530-991A0480F57F}"}
{"EventID": "301", "Channel": "Microsoft-Windows-DeviceSetupManager/Operational", "Provider_Name": "Microsoft-Windows-DeviceSetupManager", "Computer": "DESKTOP-OFJ6N53", "TimeCreated": "2023-08-02 10:02:23.208490+00:00", "RecordID": "10008", "Level": "4", "UserID": "S-1-5-18", "EventData.Prop_ContainerId": "{00000000-0000-0000-FFFF-FFFFFFFFFFFF}"}
{"EventID": "301", "Channel": "Microsoft-Windows-DeviceSetupManager/Operational", "Provider_Name": "Microsoft-Windows-DeviceSetupManager", "Computer": "DESKTOP-OFJ6N53", "TimeCreated": "2023-08-02 10:02:23.879658+00:00", "RecordID": "10009", "Level": "4", "UserID": "S-1-5-18", "EventData.Prop_ContainerId": "{9FDB06AE-3C11-C5C2-6F79-B527957711B5}"}
{"EventID": "301", "Channel": "Microsoft-Windows-DeviceSetupManager/Operational", "Provider_Name": "Microsoft-Windows-DeviceSetupManager", "Computer": "DESKTOP-OFJ6N53", "TimeCreated": "2023-08-02 10:02:25.362539+00:00", "RecordID": "10010", "Level": "4", "UserID": "S-1-5-18", "EventData.Prop_ContainerId": "{ECC1E499-5EFD-039D-5887-23C2BD87E9A7}"}
{"EventID": "301", "Channel": "Microsoft-Windows-DeviceSetupManager/Operational", "Provider_Name": "Microsoft-Windows-DeviceSetupManager", "Computer": "DESKTOP-OFJ6N53", "TimeCreated": "2023-08-02 10:02:28.415329+00:00", "RecordID": "10011", "Level": "4", "UserID": "S-1-5-18", "EventData.Prop_ContainerId": "{F12ED10B-DE75-2C0C-5FA7-C264A3B6CB55}"}
{"EventID": "301", "Channel": "Microsoft-Windows-DeviceSetupManager/Operational", "Provider_Name": "Microsoft-Windows-DeviceSetupManager", "Computer": "DESKTOP-OFJ6N53", "TimeCreated": "2023-08-02 10:02:30.883751+00:00", "RecordID": "10012", "Level": "4", "UserID": "S-1-5-18", "EventData.Prop_ContainerId": "{C641391B-F276-0E02-33FF-F4A08F4AF52E}"}
{"EventID": "301", "Channel": "Microsoft-Windows-DeviceSetupManager/Operational", "Provider_Name": "Microsoft-Windows-DeviceSetupManager", "Computer": "DESKTOP-OFJ6N53", "TimeCreated": "2023-08-02 10:02:33.146587+00:00", "RecordID": "10013", "Level": "4", "UserID": "S-1-5-18", "EventData.Prop_ContainerId": "{C2AFB711-E01D-B859-69EE-8DFDB945EBF1}"}
{"EventID": "301", "Channel": "Microsoft-Windows-DeviceSetupManager/Operational", "Provider_Name": "Microsoft-Windows-DeviceSetupManager", "Computer": "DESKTOP-OFJ6N53", "TimeCreated": "2023-08-02 10:02:33.965437+00:00", "RecordID": "10014", "Level": "4", "UserID": "S-1-5-18", "EventData.Prop_ContainerId": "{C8BA3767-041C-707A-48E3-B5E7FCFD8653}"}
{"EventID": "301", "Channel": "Microsoft-Windows-DeviceSetupManager/Operational", "Provider_Name": "Microsoft-Windows-DeviceSetupManager", "Computer": "DESKTOP-OFJ6N53", "TimeCreated": "2023-08-02 10:02:35.596323+00:00", "RecordID": "10015", "Level": "4", "UserID": "S-1-5-18", "EventData.Prop_ContainerId": "{9255C28B-421B-FD2A-4CA7-D7BAC659C1BD}"}
{"EventID": "301", "Channel": "Microsoft-Windows-DeviceSetupManager/Operational", "Provider_Name": "Microsoft-Windows-DeviceSetupManager", "Computer": "DESKTOP-OFJ6N53", "TimeCreated": "2023-08-02 10:02:36.869085+00:00", "RecordID": "10016", "Level": "4", "UserID": "S-1-5-18", "EventData.Prop_ContainerId": "{54F0286C-EA13-0B79-04AC-ED9E98FB1596}"}
{"EventID": "300", "Channel": "Microsoft-Windows-DeviceSetupManager/Operational", "Provider_Name": "Microsoft-Windows-DeviceSetupManager", "Computer": "DESKTOP-OFJ6N53", "TimeCreated": "2023-08-02 10:09:00.953592+00:00", "RecordID": "10017", "Level": "4", "UserID": "S-1-5-18", "EventData.Prop_ContainerId": "{3BAC1114-1827-4C52-8FF5-10E46CCC6936}"}
{"EventID": "301", "Channel": "Microsoft-Windows-DeviceSetupManager/Operational", "Provider_Name": "Microsoft-Windows-DeviceSetupManager", "Computer": "DESKTOP-OFJ6N53", "TimeCreated": "2023-08-02 10:09:01.966843+00:00", "RecordID": "10018", "Level": "4", "UserID": "S-1-5-18", "EventData.Prop_ContainerId": "{3BAC1114-1827-4C52-8FF5-10E46CCC6936}"}
{"EventID": "301", "Channel": "Microsoft-Windows-DeviceSetupManager/Operational", "Provider_Name": "Microsoft-Windows-DeviceSetupManager", "Computer": "DESKTOP-OFJ6N53", "TimeCreated": "2023-08-02 10:09:02.328699+00:00", "RecordID": "10019", "Level": "4", "UserID": "S-1-5-18", "EventData.Prop_ContainerId": "{00000000-0000-0000-FFFF-FFFFFFFFFFFF}"}
{"EventID": "301", "Channel": "Microsoft-Windows-DeviceSetupManager/Operational", "Provider_Name": "Microsoft-Windows-DeviceSetupManager", "Computer": "DESKTOP-OFJ6N53", "TimeCreated": "2023-08-02 10:09:03.337324+00:00", "RecordID": "10020", "Level": "4", "UserID": "S-1-5-18", "EventData.Prop_ContainerId": "{9255C28B-421B-FD2A-4CA7-D7BAC659C1BD}"}
{"EventID": "301", "Channel": "Microsoft-Windows-DeviceSetupManager/Operational", "Provider_Name": "Microsoft-Windows-DeviceSetupManager", "Computer": "DESKTOP-OFJ6N53", "TimeCreated": "2023-08-02 10:09:03.708418+00:00", "RecordID": "10021", "Level": "4", "UserID": "S-1-5-18", "EventData.Prop_ContainerId": "{C2AFB711-E01D-B859-69EE-8DFDB945EBF1}"}
{"EventID": "301", "Channel": "Microsoft-Windows-DeviceSetupManager/Operational", "Provider_Name": "Microsoft-Windows-DeviceSetupManager", "Computer": "DESKTOP-OFJ6N53", "TimeCreated": "2023-08-02 10:09:04.427952+00:00", "RecordID": "10022", "Level": "4", "UserID": "S-1-5-18", "EventData.Prop_ContainerId": "{ECC1E499-5EFD-039D-5887-23C2BD87E9A7}"}
{"EventID": "301", "Channel": "Microsoft-Windows-DeviceSetupManager/Operational", "Provider_Name": "Microsoft-Windows-DeviceSetupManager", "Computer": "DESKTOP-OFJ6N53", "TimeCreated": "2023-08-02 10:09:05.742983+00:00", "RecordID": "10023", "Level": "4", "UserID": "S-1-5-18", "EventData.Prop_ContainerId": "{C641391B-F276-0E02-33FF-F4A08F4AF52E}"}
{"EventID": "301", "Channel": "Microsoft-Windows-DeviceSetupManager/Operational", "Provider_Name": "Microsoft-Windows-DeviceSetupManager", "Computer": "DESKTOP-OFJ6N53", "TimeCreated": "2023-08-02 10:09:07.073627+00:00", "RecordID": "10024", "Level": "4", "UserID": "S-1-5-18", "EventData.Prop_ContainerId": "{C8BA3767-041C-707A-48E3-B5E7FCFD8653}"}
{"EventID": "301", "Channel": "Microsoft-Windows-DeviceSetupManager/Operational", "Provider_Name": "Microsoft-Windows-DeviceSetupManager", "Computer": "DESKTOP-OFJ6N53", "TimeCreated": "2023-08-02 10:09:08.709555+00:00", "RecordID": "10025", "Level": "4", "UserID": "S-1-5-18", "EventData.Prop_ContainerId": "{F12ED10B-DE75-2C0C-5FA7-C264A3B6CB55}"}
{"EventID": "301", "Channel": "Microsoft-Windows-DeviceSetupManager/Operational", "Provider_Name": "Microsoft-Windows-DeviceSetupManager", "Computer": "DESKTOP-OFJ6N53", "TimeCreated": "2023-08-02 10:09:09.782801+00:00", "RecordID": "10026", "Level": "4", "UserID": "S-1-5-18", "EventData.Prop_ContainerId": "{9FDB06AE-3C11-C5C2-6F79-B527957711B5}"}
{"EventID": "301", "Channel": "Microsoft-Windows-DeviceSetupManager/Operational", "Provider_Name": "Microsoft-Windows-DeviceSetupManager", "Computer": "DESKTOP-OFJ6N53", "TimeCreated": "2023-08-02 10:09:10.548046+00:00", "RecordID": "10027", "Level": "4", "UserID": "S-1-5-18", "EventData.Prop_ContainerId": "{54F0286C-EA13-0B79-04AC-ED9E98FB1596}"}
{"EventID": "300", "Channel": "Microsoft-Windows-DeviceSetupManager/Operational", "Provider_Name": "Microsoft-Windows-DeviceSetupManager", "Computer": "DESKTOP-OFJ6N53", "TimeCreated": "2023-08-03 09:48:24.341030+00:00", "RecordID": "10028", "Level": "4", "UserID": "S-1-5-18", "EventData.Prop_ContainerId": "{370080EA-F929-40CE-B3FE-ABD890236E26}"}
{"EventID": "301", "Channel": "Microsoft-Windows-DeviceSetupManager/Operational", "Provider_Name": "Microsoft-Windows-DeviceSetupManager", "Computer": "DESKTOP-OFJ6N53", "TimeCreated": "2023-08-03 09:48:24.909645+00:00", "RecordID": "10029", "Level": "4", "UserID": "S-1-5-18", "EventData.Prop_ContainerId": "{370080EA-F929-40CE-B3FE-ABD890236E26}"}
{"EventID": "301", "Channel": "Microsoft-Windows-DeviceSetupManager/Operational", "Provider_Name": "Microsoft-Windows-DeviceSetupManager", "Computer": "DESKTOP-OFJ6N53", "TimeCreated": "2023-08-03 09:48:25.379276+00:00", "RecordID": "10030", "Level": "4", "UserID": "S-1-5-18", "EventData.Prop_ContainerId": "{9255C28B-421B-FD2A-4CA7-D7BAC659C1BD}"}
{"EventID": "301", "Channel": "Microsoft-Windows-DeviceSetupManager/Operational", "Provider_Name": "Microsoft-Windows-DeviceSetupManager", "Computer": "DESKTOP-OFJ6N53", "TimeCreated": "2023-08-03 09:48:26.373533+00:00", "RecordID": "10031", "Level": "4", "UserID": "S-1-5-18", "EventData.Prop_ContainerId": "{ECC1E499-5EFD-039D-5887-23C2BD87E9A7}"}
{"EventID": "301", "Channel": "Microsoft-Windows-DeviceSetupManager/Operational", "Provider_Name": "Microsoft-Windows-DeviceSetupManager", "Computer": "DESKTOP-OFJ6N53", "TimeCreated": "2023-08-03 09:48:28.440607+00:00", "RecordID": "10032", "Level": "4", "UserID": "S-1-5-18", "EventData.Prop_ContainerId": "{C8BA3767-041C-707A-48E3-B5E7FCFD8653}"}
{"EventID": "301", "Channel": "Microsoft-Windows-DeviceSetupManager/Operational", "Provider_Name": "Microsoft-Windows-DeviceSetupManager", "Computer": "DESKTOP-OFJ6N53", "TimeCreated": "2023-08-03 09:48:29.273573+00:00", "RecordID": "10033", "Level": "4", "UserID": "S-1-5-18", "EventData.Prop_ContainerId": "{C2AFB711-E01D-B859-69EE-8DFDB945EBF1}"}
{"EventID": "301", "Channel": "Microsoft-Windows-DeviceSetupManager/Operational", "Provider_Name": "Microsoft-Windows-DeviceSetupManager", "Computer": "DESKTOP-OFJ6N53", "TimeCreated": "2023-08-03 09:48:30.955751+00:00", "RecordID": "10034", "Level": "4", "UserID": "S-1-5-18", "EventData.Prop_ContainerId": "{54F0286C-EA13-0B79-04AC-ED9E98FB1596}"}
{"EventID": "301", "Channel": "Microsoft-Windows-DeviceSetupManager/Operational", "Provider_Name": "Microsoft-Windows-DeviceSetupManager", "Computer": "DESKTOP-OFJ6N53", "TimeCreated": "2023-08-03 09:48:31.910242+00:00", "RecordID": "10035", "Level": "4", "UserID": "S-1-5-18", "EventData.Prop_ContainerId": "{9FDB06AE-3C11-C5C2-6F79-B527957711B5}"}
{"EventID": "300", "Channel": "Microsoft-Windows-DeviceSetupManager/Operational", "Provider_Name": "Microsoft-Windows-DeviceSetupManager", "Computer": "DESKTOP-OFJ6N53", "TimeCreated": "2023-08-03 14:33:32.949596+00:00", "RecordID": "10036", "Level": "4", "UserID": "S-1-5-18", "EventData.Prop_ContainerId": "{5B419DF2-8B68-4B04-8156-93CC6BAE246C}"}
{"EventID": "301", "Channel": "Microsoft-Windows-DeviceSetupManager/Operational", "Provider_Name": "Microsoft-Windows-DeviceSetupManager", "Computer": "DESKTOP-OFJ6N53", "TimeCreated": "2023-08-03 14:33:34.373039+00:00", "RecordID": "10037", "Level": "4", "UserID": "S-1-5-18", "EventData.Prop_ContainerId": "{5B419DF2-8B68-4B04-8156-93CC6BAE246C}"}
{"EventID": "301", "Channel": "Microsoft-Windows-DeviceSetupManager/Operational", "Provider_Name": "Microsoft-Windows-DeviceSetupManager", "Computer": "DESKTOP-OFJ6N53", "TimeCreated": "2023-08-03 14:33:34.569746+00:00", "RecordID": "10038", "Level": "4", "UserID": "S-1-5-18", "EventData.Prop_ContainerId": "{00000000-0000-0000-FFFF-FFFFFFFFFFFF}"}
{"EventID": "301", "Channel": "Microsoft-Windows-DeviceSetupManager/Operational", "Provider_Name": "Microsoft-Windows-DeviceSetupManager", "Computer": "DESKTOP-OFJ6N53", "TimeCreated": "2023-08-03 14:33:34.744667+00:00", "RecordID": "10039", "Level": "4", "UserID": "S-1-5-18", "EventData.Prop_ContainerId": "{9255C28B-421B-FD2A-4CA7-D7BAC659C1BD}"}
{"EventID": "301", "Channel": "Microsoft-Windows-DeviceSetupManager/Operational", "Provider_Name": "Microsoft-Windows-DeviceSetupManager", "Computer": "DESKTOP-OFJ6N53", "TimeCreated": "2023-08-03 14:33:35.820795+00:00", "RecordID": "10040", "Level": "4", "UserID": "S-1-5-18", "EventData.Prop_ContainerId": "{ECC1E499-5EFD-039D-5887-23C2BD87E9A7}"}
{"EventID": "301", "Channel": "Microsoft-Windows-DeviceSetupManager/Operational", "Provider_Name": "Microsoft-Windows-DeviceSetupManager", "Computer": "DESKTOP-OFJ6N53", "TimeCreated": "2023-08-03 14:33:37.946484+00:00", "RecordID": "10041", "Level": "4", "UserID": "S-1-5-18", "EventData.Prop_ContainerId": "{F12ED10B-DE75-2C0C-5FA7-C264A3B6CB55}"}
{"EventID": "301", "Channel": "Microsoft-Windows-DeviceSetupManager/Operational", "Provider_Name": "Microsoft-Windows-DeviceSetupManager", "Computer": "DESKTOP-OFJ6N53", "TimeCreated": "2023-08-03 14:33:39.013535+00:00", "RecordID": "10042", "Level": "4", "UserID": "S-1-5-18", "EventData.Prop_ContainerId": "{C641391B-F276-0E02-33FF-F4A08F4AF52E}"}
{"EventID": "301", "Channel": "Microsoft-Windows-DeviceSetupManager/Operational", "Provider_Name": "Microsoft-Windows-DeviceSetupManager", "Computer": "DESKTOP-OFJ6N53", "TimeCreated": "2023-08-03 14:33:39.676352+00:00", "RecordID": "10043", "Level": "4", "UserID": "S-1-5-18", "EventData.Prop_ContainerId": "{C2AFB711-E01D-B859-69EE-8DFDB945EBF1}"}
{"EventID": "301", "Channel": "Microsoft-Windows-DeviceSetupManager/Operational", "Provider_Name": "Microsoft-Windows-DeviceSetupManager", "Computer": "DESKTOP-OFJ6N53", "TimeCreated": "2023-08-03 14:33:40.748653+00:00", "RecordID": "10044", "Level": "4", "UserID": "S-1-5-18", "EventData.Prop_ContainerId": "{54F0286C-EA13-0B79-04AC-ED9E98FB1596}"}
{"EventID": "301", "Channel": "Microsoft-Windows-DeviceSetupManager/Operational", "Provider_Name": "Microsoft-Windows-DeviceSetupManager", "Computer": "DESKTOP-OFJ6N53", "TimeCreated": "2023-08-03 14:33:43.020916+00:00", "RecordID": "10045", "Level": "4", "UserID": "S-1-5-18", "EventData.Prop_ContainerId": "{9FDB06AE-3C11-C5C2-6F79-B527957711B5}"}
{"EventID": "301", "Channel": "Microsoft-Windows-DeviceSetupManager/Operational", "Provider_Name": "Microsoft-Windows-DeviceSetupManager", "Computer": "DESKTOP-OFJ6N53", "TimeCreated": "2023-08-03 14:33:44.784071+00:00", "RecordID": "10046", "Level": "4", "UserID": "S-1-5-18", "EventData.Prop_ContainerId": "{C8BA3767-041C-707A-48E3-B5E7FCFD8653}"}
{"EventID": "300", "Channel": "Microsoft-Windows-DeviceSetupManager/Operational", "Provider_Name": "Microsoft-Windows-DeviceSetupManager", "Computer": "DESKTOP-OFJ6N53", "TimeCreated": "2023-08-08 11:06:42.560291+00:00", "RecordID": "10047", "Level": "4", "UserID": "S-1-5-18", "EventData.Prop_ContainerId": "{0CC6AD61-35F8-414E-92DC-4AEC1B4A045F}"}
{"EventID": "301", "Channel": "Microsoft-Windows-DeviceSetupManager/Operational", "Provider_Name": "Microsoft-Windows-DeviceSetupManager", "Computer": "DESKTOP-OFJ6N53", "TimeCreated": "2023-08-08 11:06:43.810543+00:00", "RecordID": "10048", "Level": "4", "UserID": "S-1-5-18", "EventData.Prop_ContainerId": "{0CC6AD61-35F8-414E-92DC-4AEC1B4A045F}"}
{"EventID": "301", "Channel": "Microsoft-Windows-DeviceSetupManager/Operational", "Provider_Name": "Microsoft-Windows-DeviceSetupManager", "Computer": "DESKTOP-OFJ6N53", "TimeCreated": "2023-08-08 11:06:44.070972+00:00", "RecordID": "10049", "Level": "4", "UserID": "S-1-5-18", "EventData.Prop_ContainerId": "{9FDB06AE-3C11-C5C2-6F79-B527957711B5}"}
{"EventID": "301", "Channel": "Microsoft-Windows-DeviceSetupManager/Operational", "Provider_Name": "Microsoft-Windows-DeviceSetupManager", "Computer": "DESKTOP-OFJ6N53", "TimeCreated": "2023-08-08 11:06:44.360888+00:00", "RecordID": "10050", "Level": "4", "UserID": "S-1-5-18", "EventData.Prop_ContainerId": "{00000000-0000-0000-FFFF-FFFFFFFFFFFF}"}
{"EventID": "301", "Channel": "Microsoft-Windows-DeviceSetupManager/Operational", "Provider_Name": "Microsoft-Windows-DeviceSetupManager", "Computer": "DESKTOP-OFJ6N53", "TimeCreated": "2023-08-08 11:06:45.006174+00:00", "RecordID": "10051", "Level": "4", "UserID": "S-1-5-18", "EventData.Prop_ContainerId": "{C8BA3767-041C-707A-48E3-B5E7FCFD8653}"}
{"EventID": "301", "Channel": "Microsoft-Windows-DeviceSetupManager/Operational", "Provider_Name": "Microsoft-Windows-DeviceSetupManager", "Computer": "DESKTOP-OFJ6N53", "TimeCreated": "2023-08-08 11:06:45.804005+00:00", "RecordID": "10052", "Level": "4", "UserID": "S-1-5-18", "EventData.Prop_ContainerId": "{C2AFB711-E01D-B859-69EE-8DFDB945EBF1}"}
{"EventID": "301", "Channel": "Microsoft-Windows-DeviceSetupManager/Operational", "Provider_Name": "Microsoft-Windows-DeviceSetupManager", "Computer": "DESKTOP-OFJ6N53", "TimeCreated": "2023-08-08 11:06:48.132950+00:00", "RecordID": "10053", "Level": "4", "UserID": "S-1-5-18", "EventData.Prop_ContainerId": "{ECC1E499-5EFD-039D-5887-23C2BD87E9A7}"}
{"EventID": "301", "Channel": "Microsoft-Windows-DeviceSetupManager/Operational", "Provider_Name": "Microsoft-Windows-DeviceSetupManager", "Computer": "DESKTOP-OFJ6N53", "TimeCreated": "2023-08-08 11:06:50.029133+00:00", "RecordID": "10054", "Level": "4", "UserID": "S-1-5-18", "EventData.Prop_ContainerId": "{F12ED10B-DE75-2C0C-5FA7-C264A3B6CB55}"}
{"EventID": "301", "Channel": "Microsoft-Windows-DeviceSetupManager/Operational", "Provider_Name": "Microsoft-Windows-DeviceSetupManager", "Computer": "DESKTOP-OFJ6N53", "TimeCreated": "2023-08-08 11:06:51.797682+00:00", "RecordID": "10055", "Level": "4", "UserID": "S-1-5-18", "EventData.Prop_ContainerId": "{C641391B-F276-0E02-33FF-F4A08F4AF52E}"}
{"EventID": "301", "Channel": "Microsoft-Windows-DeviceSetupManager/Operational", "Provider_Name": "Microsoft-Windows-DeviceSetupManager", "Computer": "DESKTOP-OFJ6N53", "TimeCreated": "2023-08-08 11:06:53.916729+00:00", "RecordID": "10056", "Level": "4", "UserID": "S-1-5-18", "EventData.Prop_ContainerId": "{9255C28B-421B-FD2A-4CA7-D7BAC659C1BD}"}
{"EventID": "301", "Channel": "Microsoft-Windows-DeviceSetupManager/Operational", "Provider_Name": "Microsoft-Windows-DeviceSetupManager", "Computer": "DESKTOP-OFJ6N53", "TimeCreated": "2023-08-08 11:06:56.057491+00:00", "RecordID": "10057", "Level": "4", "UserID": "S-1-5-18", "EventData.Prop_ContainerId": "{54F0286C-EA13-0B79-04AC-ED9E98FB1596}"}
{"EventID": "300", "Channel": "Microsoft-Windows-DeviceSetupManager/Operational", "Provider_Name": "Microsoft-Windows-DeviceSetupManager", "Computer": "DESKTOP-OFJ6N53", "TimeCreated": "2023-08-08 15:14:38.330217+00:00", "RecordID": "10058", "Level": "4", "UserID": "S-1-5-18", "EventData.Prop_ContainerId": "{DDCFC4A5-AF06-41AB-8C75-DD8CFBEC451E}"}
{"EventID": "301", "Channel": "Microsoft-Windows-DeviceSetupManager/Operational", "Provider_Name": "Microsoft-Windows-DeviceSetupManager", "Computer": "DESKTOP-OFJ6N53", "TimeCreated": "2023-08-08 15:14:39.176908+00:00", "RecordID": "10059", "Level": "4", "UserID": "S-1-5-18", "EventData.Prop_ContainerId": "{DDCFC4A5-AF06-41AB-8C75-DD8CFBEC451E}"}
{"EventID": "301", "Channel": "Microsoft-Windows-DeviceSetupManager/Operational", "Provider_Name": "Microsoft-Windows-DeviceSetupManager", "Computer": "DESKTOP-OFJ6N53", "TimeCreated": "2023-08-08 15:14:39.454477+00:00", "RecordID": "10060", "Level": "4", "UserID": "S-1-5-18", "EventData.Prop_ContainerId": "{00000000-0000-0000-FFFF-FFFFFFFFFFFF}"}
{"EventID": "301", "Channel": "Microsoft-Windows-DeviceSetupManager/Operational", "Provider_Name": "Microsoft-Windows-DeviceSetupManager", "Computer": "DESKTOP-OFJ6N53", "TimeCreated": "2023-08-08 15:14:41.424702+00:00", "RecordID": "10061", "Level": "4", "UserID": "S-1-5-18", "EventData.Prop_ContainerId": "{54F0286C-EA13-0B79-04AC-ED9E98FB1596}"}
{"EventID": "301", "Channel": "Microsoft-Windows-DeviceSetupManager/Operational", "Provider_Name": "Microsoft-Windows-DeviceSetupManager", "Computer": "DESKTOP-OFJ6N53", "TimeCreated": "2023-08-08 15:14:42.548353+00:00", "RecordID": "10062", "Level": "4", "UserID": "S-1-5-18", "EventData.Prop_ContainerId": "{ECC1E499-5EFD-039D-5887-23C2BD87E9A7}"}
{"EventID": "301", "Channel": "Microsoft-Windows-DeviceSetupManager/Operational", "Provider_Name": "Microsoft-Windows-DeviceSetupManager", "Computer": "DESKTOP-OFJ6N53", "TimeCreated": "2023-08-08 15:14:43.723995+00:00", "RecordID": "10063", "Level": "4", "UserID": "S-1-5-18", "EventData.Prop_ContainerId": "{F12ED10B-DE75-2C0C-5FA7-C264A3B6CB55}"}
{"EventID": "301", "Channel": "Microsoft-Windows-DeviceSetupManager/Operational", "Provider_Name": "Microsoft-Windows-DeviceSetupManager", "Computer": "DESKTOP-OFJ6N53", "TimeCreated": "2023-08-08 15:14:44.701971+00:00", "RecordID": "10064", "Level": "4", "UserID": "S-1-5-18", "EventData.Prop_ContainerId": "{9255C28B-421B-FD2A-4CA7-D7BAC659C1BD}"}
{"EventID": "301", "Channel": "Microsoft-Windows-DeviceSetupManager/Operational", "Provider_Name": "Microsoft-Windows-DeviceSetupManager", "Computer": "DESKTOP-OFJ6N53", "TimeCreated": "2023-08-08 15:14:47.259884+00:00", "RecordID": "10065", "Level": "4", "UserID": "S-1-5-18", "EventData.Prop_ContainerId": "{C2AFB711-E01D-B859-69EE-8DFDB945EBF1}"}
{"EventID": "301", "Channel": "Microsoft-Windows-DeviceSetupManager/Operational", "Provider_Name": "Microsoft-Windows-DeviceSetupManager", "Computer": "DESKTOP-OFJ6N53", "TimeCreated": "2023-08-08 15:14:49.228842+00:00", "RecordID": "10066", "Level": "4", "UserID": "S-1-5-18", "EventData.Prop_ContainerId": "{C641391B-F276-0E02-33FF-F4A08F4AF52E}"}
{"EventID": "301", "Channel": "Microsoft-Windows-DeviceSetupManager/Operational", "Provider_Name": "Microsoft-Windows-DeviceSetupManager", "Computer": "DESKTOP-OFJ6N53", "TimeCreated": "2023-08-08 15:14:49.759439+00:00", "RecordID": "10067", "Level": "4", "UserID": "S-1-5-18", "EventData.Prop_ContainerId": "{9FDB06AE-3C11-C5C2-6F79-B527957711B5}"}
{"EventID": "301", "Channel": "Microsoft-Windows-DeviceSetupManager/Operational", "Provider_Name": "Microsoft-Windows-DeviceSetupManager", "Computer": "DESKTOP-OFJ6N53", "TimeCreated": "2023-08-08 15:14:51.989321+00:00", "RecordID": "10068", "Level": "4", "UserID": "S-1-5-18", "EventData.Prop_ContainerId": "{C8BA3767-041C-707A-48E3-B5E7FCFD8653}"}
{"EventID": "300", "Channel": "Microsoft-Windows-DeviceSetupManager/Operational", "Provider_Name": "Microsoft-Windows-DeviceSetupManager", "Computer": "DESKTOP-OFJ6N53", "TimeCreated": "2023-08-08 17:08:21.787249+00:00", "RecordID": "10069", "Level": "4", "UserID": "S-1-5-18", "EventData.Prop_ContainerId": "{1DE48102-5500-4620-98D5-4267D86BD058}"}
{"EventID": "301", "Channel": "Microsoft-Windows-DeviceSetupManager/Operational", "Provider_Name": "Microsoft-Windows-DeviceSetupManager", "Computer": "DESKTOP-OFJ6N53", "TimeCreated": "2023-08-08 17:08:22.473049+00:00", "RecordID": "10070", "Level": "4", "UserID": "S-1-5-18", "EventData.Prop_ContainerId": "{1DE48102-5500-4620-98D5-4267D86BD058}"}
{"EventID": "301", "Channel": "Microsoft-Windows-DeviceSetupManager/Operational", "Provider_Name": "Microsoft-Windows-DeviceSetupManager", "Computer": "DESKTOP-OFJ6N53", "TimeCreated": "2023-08-08 17:08:23.458982+00:00", "RecordID": "10071", "Level": "4", "UserID": "S-1-5-18", "EventData.Prop_ContainerId": "{00000000-0000-0000-FFFF-FFFFFFFFFFFF}"}
{"EventID": "301", "Channel": "Microsoft-Windows-DeviceSetupManager/Operational", "Provider_Name": "Microsoft-Windows-DeviceSetupManager", "Computer": "DESKTOP-OFJ6N53", "TimeCreated": "2023-08-08 17:08:28.353161+00:00", "RecordID": "10072", "Level": "4", "UserID": "S-1-5-18", "EventData.Prop_ContainerId": "{9255C28B-421B-FD2A-4CA7-D7BAC659C1BD}"}
{"EventID": "301", "Channel": "Microsoft-Windows-DeviceSetupManager/Operational", "Provider_Name": "Microsoft-Windows-DeviceSetupManager", "Computer": "DESKTOP-OFJ6N53", "TimeCreated": "2023-08-08 17:08:30.443998+00:00", "RecordID": "10073", "Level": "4", "UserID": "S-1-5-18", "EventData.Prop_ContainerId": "{ECC1E499-5EFD-039D-5887-23C2BD87E9A7}"}
{"EventID": "301", "Channel": "Microsoft-Windows-DeviceSetupManager/Operational", "Provider_Name": "Microsoft-Windows-DeviceSetupManager", "Computer": "DESKTOP-OFJ6N53", "TimeCreated": "2023-08-08 17:08:35.276464+00:00", "RecordID": "10074", "Level": "4", "UserID": "S-1-5-18", "EventData.Prop_ContainerId": "{F12ED10B-DE75-2C0C-5FA7-C264A3B6CB55}"}
{"EventID": "301", "Channel": "Microsoft-Windows-DeviceSetupManager/Operational", "Provider_Name": "Microsoft-Windows-DeviceSetupManager", "Computer": "DESKTOP-OFJ6N53", "TimeCreated": "2023-08-08 17:08:35.910631+00:00", "RecordID": "10075", "Level": "4", "UserID": "S-1-5-18", "EventData.Prop_ContainerId": "{C641391B-F276-0E02-33FF-F4A08F4AF52E}"}
{"EventID": "300", "Channel": "Microsoft-Windows-DeviceSetupManager/Operational", "Provider_Name": "Microsoft-Windows-DeviceSetupManager", "Computer": "DESKTOP-OFJ6N53", "TimeCreated": "2023-08-08 17:09:24.740353+00:00", "RecordID": "10076", "Level": "4", "UserID": "S-1-5-18", "EventData.Prop_ContainerId": "{9E6BE79B-36B3-4232-BA45-15CE2E32EA92}"}
{"EventID": "301", "Channel": "Microsoft-Windows-DeviceSetupManager/Operational", "Provider_Name": "Microsoft-Windows-DeviceSetupManager", "Computer": "DESKTOP-OFJ6N53", "TimeCreated": "2023-08-08 17:09:25.219370+00:00", "RecordID": "10077", "Level": "4", "UserID": "S-1-5-18", "EventData.Prop_ContainerId": "{9E6BE79B-36B3-4232-BA45-15CE2E32EA92}"}
{"EventID": "301", "Channel": "Microsoft-Windows-DeviceSetupManager/Operational", "Provider_Name": "Microsoft-Windows-DeviceSetupManager", "Computer": "DESKTOP-OFJ6N53", "TimeCreated": "2023-08-08 17:09:31.862293+00:00", "RecordID": "10078", "Level": "4", "UserID": "S-1-5-18", "EventData.Prop_ContainerId": "{00000000-0000-0000-FFFF-FFFFFFFFFFFF}"}
{"EventID": "301", "Channel": "Microsoft-Windows-DeviceSetupManager/Operational", "Provider_Name": "Microsoft-Windows-DeviceSetupManager", "Computer": "DESKTOP-OFJ6N53", "TimeCreated": "2023-08-08 17:09:34.767168+00:00", "RecordID": "10079", "Level": "4", "UserID": "S-1-5-18", "EventData.Prop_ContainerId": "{9FDB06AE-3C11-C5C2-6F79-B527957711B5}"}
{"EventID": "301", "Channel": "Microsoft-Windows-DeviceSetupManager/Operational", "Provider_Name": "Microsoft-Windows-DeviceSetupManager", "Computer": "DESKTOP-OFJ6N53", "TimeCreated": "2023-08-08 17:09:48.494947+00:00", "RecordID": "10080", "Level": "4", "UserID": "S-1-5-18", "EventData.Prop_ContainerId": "{C2AFB711-E01D-B859-69EE-8DFDB945EBF1}"}
{"EventID": "301", "Channel": "Microsoft-Windows-DeviceSetupManager/Operational", "Provider_Name": "Microsoft-Windows-DeviceSetupManager", "Computer": "DESKTOP-OFJ6N53", "TimeCreated": "2023-08-08 17:10:00.045900+00:00", "RecordID": "10081", "Level": "4", "UserID": "S-1-5-18", "EventData.Prop_ContainerId": "{ECC1E499-5EFD-039D-5887-23C2BD87E9A7}"}
{"EventID": "301", "Channel": "Microsoft-Windows-DeviceSetupManager/Operational", "Provider_Name": "Microsoft-Windows-DeviceSetupManager", "Computer": "DESKTOP-OFJ6N53", "TimeCreated": "2023-08-08 17:10:06.157341+00:00", "RecordID": "10082", "Level": "4", "UserID": "S-1-5-18", "EventData.Prop_ContainerId": "{C641391B-F276-0E02-33FF-F4A08F4AF52E}"}
{"EventID": "301", "Channel": "Microsoft-Windows-DeviceSetupManager/Operational", "Provider_Name": "Microsoft-Windows-DeviceSetupManager", "Computer": "DESKTOP-OFJ6N53", "TimeCreated": "2023-08-08 17:10:08.859499+00:00", "RecordID": "10083", "Level": "4", "UserID": "S-1-5-18", "EventData.Prop_ContainerId": "{9255C28B-421B-FD2A-4CA7-D7BAC659C1BD}"}
{"EventID": "301", "Channel": "Microsoft-Windows-DeviceSetupManager/Operational", "Provider_Name": "Microsoft-Windows-DeviceSetupManager", "Computer": "DESKTOP-OFJ6N53", "TimeCreated": "2023-08-08 17:10:20.343414+00:00", "RecordID": "10084", "Level": "4", "UserID": "S-1-5-18", "EventData.Prop_ContainerId": "{54F0286C-EA13-0B79-04AC-ED9E98FB1596}"}
{"EventID": "301", "Channel": "Microsoft-Windows-DeviceSetupManager/Operational", "Provider_Name": "Microsoft-Windows-DeviceSetupManager", "Computer": "DESKTOP-OFJ6N53", "TimeCreated": "2023-08-08 17:10:24.865946+00:00", "RecordID": "10085", "Level": "4", "UserID": "S-1-5-18", "EventData.Prop_ContainerId": "{C8BA3767-041C-707A-48E3-B5E7FCFD8653}"}
{"EventID": "301", "Channel": "Microsoft-Windows-DeviceSetupManager/Operational", "Provider_Name": "Microsoft-Windows-DeviceSetupManager", "Computer": "DESKTOP-OFJ6N53", "TimeCreated": "2023-08-08 17:10:31.091413+00:00", "RecordID": "10086", "Level": "4", "UserID": "S-1-5-18", "EventData.Prop_ContainerId": "{F12ED10B-DE75-2C0C-5FA7-C264A3B6CB55}"}
{"EventID": "300", "Channel": "Microsoft-Windows-DeviceSetupManager/Operational", "Provider_Name": "Microsoft-Windows-DeviceSetupManager", "Computer": "DESKTOP-OFJ6N53", "TimeCreated": "2023-08-08 17:11:31.988941+00:00", "RecordID": "10087", "Level": "4", "UserID": "S-1-5-18", "EventData.Prop_ContainerId": "{7FACD75B-2F69-4E74-8E63-BD00436F68B1}"}
{"EventID": "301", "Channel": "Microsoft-Windows-DeviceSetupManager/Operational", "Provider_Name": "Microsoft-Windows-DeviceSetupManager", "Computer": "DESKTOP-OFJ6N53", "TimeCreated": "2023-08-08 17:11:32.725731+00:00", "RecordID": "10088", "Level": "4", "UserID": "S-1-5-18", "EventData.Prop_ContainerId": "{7FACD75B-2F69-4E74-8E63-BD00436F68B1}"}
{"EventID": "301", "Channel": "Microsoft-Windows-DeviceSetupManager/Operational", "Provider_Name": "Microsoft-Windows-DeviceSetupManager", "Computer": "DESKTOP-OFJ6N53", "TimeCreated": "2023-08-08 17:11:32.933849+00:00", "RecordID": "10089", "Level": "4", "UserID": "S-1-5-18", "EventData.Prop_ContainerId": "{00000000-0000-0000-FFFF-FFFFFFFFFFFF}"}
{"EventID": "301", "Channel": "Microsoft-Windows-DeviceSetupManager/Operational", "Provider_Name": "Microsoft-Windows-DeviceSetupManager", "Computer": "DESKTOP-OFJ6N53", "TimeCreated": "2023-08-08 17:11:33.247753+00:00", "RecordID": "10090", "Level": "4", "UserID": "S-1-5-18", "EventData.Prop_ContainerId": "{9255C28B-421B-FD2A-4CA7-D7BAC659C1BD}"}
{"EventID": "301", "Channel": "Microsoft-Windows-DeviceSetupManager/Operational", "Provider_Name": "Microsoft-Windows-DeviceSetupManager", "Computer": "DESKTOP-OFJ6N53", "TimeCreated": "2023-08-08 17:11:34.499634+00:00", "RecordID": "10091", "Level": "4", "UserID": "S-1-5-18", "EventData.Prop_ContainerId": "{ECC1E499-5EFD-039D-5887-23C2BD87E9A7}"}
{"EventID": "301", "Channel": "Microsoft-Windows-DeviceSetupManager/Operational", "Provider_Name": "Microsoft-Windows-DeviceSetupManager", "Computer": "DESKTOP-OFJ6N53", "TimeCreated": "2023-08-08 17:11:35.528851+00:00", "RecordID": "10092", "Level": "4", "UserID": "S-1-5-18", "EventData.Prop_ContainerId": "{C2AFB711-E01D-B859-69EE-8DFDB945EBF1}"}
{"EventID": "301", "Channel": "Microsoft-Windows-DeviceSetupManager/Operational", "Provider_Name": "Microsoft-Windows-DeviceSetupManager", "Computer": "DESKTOP-OFJ6N53", "TimeCreated": "2023-08-08 17:11:37.577787+00:00", "RecordID": "10093", "Level": "4", "UserID": "S-1-5-18", "EventData.Prop_ContainerId": "{9FDB06AE-3C11-C5C2-6F79-B527957711B5}"}
{"EventID": "301", "Channel": "Microsoft-Windows-DeviceSetupManager/Operational", "Provider_Name": "Microsoft-Windows-DeviceSetupManager", "Computer": "DESKTOP-OFJ6N53", "TimeCreated": "2023-08-08 17:11:40.111904+00:00", "RecordID": "10094", "Level": "4", "UserID": "S-1-5-18", "EventData.Prop_ContainerId": "{54F0286C-EA13-0B79-04AC-ED9E98FB1596}"}
{"EventID": "301", "Channel": "Microsoft-Windows-DeviceSetupManager/Operational", "Provider_Name": "Microsoft-Windows-DeviceSetupManager", "Computer": "DESKTOP-OFJ6N53", "TimeCreated": "2023-08-08 17:11:45.281273+00:00", "RecordID": "10095", "Level": "4", "UserID": "S-1-5-18", "EventData.Prop_ContainerId": "{C8BA3767-041C-707A-48E3-B5E7FCFD8653}"}
{"EventID": "301", "Channel": "Microsoft-Windows-DeviceSetupManager/Operational", "Provider_Name": "Microsoft-Windows-DeviceSetupManager", "Computer": "DESKTOP-OFJ6N53", "TimeCreated": "2023-08-08 17:12:17.375347+00:00", "RecordID": "10096", "Level": "4", "UserID": "S-1-5-18", "EventData.Prop_ContainerId": "{F12ED10B-DE75-2C0C-5FA7-C264A3B6CB55}"}
{"EventID": "301", "Channel": "Microsoft-Windows-DeviceSetupManager/Operational", "Provider_Name": "Microsoft-Windows-DeviceSetupManager", "Computer": "DESKTOP-OFJ6N53", "TimeCreated": "2023-08-08 17:12:18.948519+00:00", "RecordID": "10097", "Level": "4", "UserID": "S-1-5-18", "EventData.Prop_ContainerId": "{C641391B-F276-0E02-33FF-F4A08F4AF52E}"}
{"EventID": "300", "Channel": "Microsoft-Windows-DeviceSetupManager/Operational", "Provider_Name": "Microsoft-Windows-DeviceSetupManager", "Computer": "DESKTOP-OFJ6N53", "TimeCreated": "2023-08-08 17:13:11.327362+00:00", "RecordID": "10098", "Level": "4", "UserID": "S-1-5-18", "EventData.Prop_ContainerId": "{D1A5FD2D-F9FF-4BF8-B8C6-546FB9B79A68}"}
{"EventID": "301", "Channel": "Microsoft-Windows-DeviceSetupManager/Operational", "Provider_Name": "Microsoft-Windows-DeviceSetupManager", "Computer": "DESKTOP-OFJ6N53", "TimeCreated": "2023-08-08 17:13:11.843445+00:00", "RecordID": "10099", "Level": "4", "UserID": "S-1-5-18", "EventData.Prop_ContainerId": "{D1A5FD2D-F9FF-4BF8-B8C6-546FB9B79A68}"}
{"EventID": "301", "Channel": "Microsoft-Windows-DeviceSetupManager/Operational", "Provider_Name": "Microsoft-Windows-DeviceSetupManager", "Computer": "DESKTOP-OFJ6N53", "TimeCreated": "2023-08-08 17:13:14.244287+00:00", "RecordID": "10100", "Level": "4", "UserID": "S-1-5-18", "EventData.Prop_ContainerId": "{00000000-0000-0000-FFFF-FFFFFFFFFFFF}"}
{"EventID": "301", "Channel": "Microsoft-Windows-DeviceSetupManager/Operational", "Provider_Name": "Microsoft-Windows-DeviceSetupManager", "Computer": "DESKTOP-OFJ6N53", "TimeCreated": "2023-08-08 17:13:14.573177+00:00", "RecordID": "10101", "Level": "4", "UserID": "S-1-5-18", "EventData.Prop_ContainerId": "{9255C28B-421B-FD2A-4CA7-D7BAC659C1BD}"}
{"EventID": "301", "Channel": "Microsoft-Windows-DeviceSetupManager/Operational", "Provider_Name": "Microsoft-Windows-DeviceSetupManager", "Computer": "DESKTOP-OFJ6N53", "TimeCreated": "2023-08-08 17:13:18.973475+00:00", "RecordID": "10102", "Level": "4", "UserID": "S-1-5-18", "EventData.Prop_ContainerId": "{9FDB06AE-3C11-C5C2-6F79-B527957711B5}"}
{"EventID": "301", "Channel": "Microsoft-Windows-DeviceSetupManager/Operational", "Provider_Name": "Microsoft-Windows-DeviceSetupManager", "Computer": "DESKTOP-OFJ6N53", "TimeCreated": "2023-08-08 17:13:25.113197+00:00", "RecordID": "10103", "Level": "4", "UserID": "S-1-5-18", "EventData.Prop_ContainerId": "{ECC1E499-5EFD-039D-5887-23C2BD87E9A7}"}
