{"EventID": "101", "Channel": "Microsoft-Windows-Diagnostics-Performance/Operational", "Provider_Name": "Microsoft-Windows-Diagnostics-Performance", "Computer": "DESKTOP-OFJ6N53", "TimeCreated": "2023-11-20 15:14:20.219318+00:00", "RecordID": "352", "Level": "3", "UserID": "S-1-5-19", "EventData.StartTime": "2023-11-20 15:05:23.055634+00:00", "EventData.NameLength": "12", "EventData.Name": "MsMpEng.exe", "EventData.FriendlyNameLength": "31", "EventData.FriendlyName": "Antimalware Service Executable", "EventData.VersionLength": "59", "EventData.Version": "4.18.23100.2009 (8fcbd1c22d82af16ba34560e1a70591413e88d17)", "EventData.TotalTime": "53744", "EventData.DegradationTime": "46244", "EventData.PathLength": "81", "EventData.Path": "C:\\ProgramData\\Microsoft\\Windows Defender\\Platform\\4.18.23100.2009-0\\MsMpEng.exe", "EventData.ProductNameLength": "37", "EventData.ProductName": "Microsoft® Windows® Operating System", "EventData.CompanyNameLength": "22", "EventData.CompanyName": "Microsoft Corporation"}
{"EventID": "101", "Channel": "Microsoft-Windows-Diagnostics-Performance/Operational", "Provider_Name": "Microsoft-Windows-Diagnostics-Performance", "Computer": "DESKTOP-OFJ6N53", "TimeCreated": "2023-11-20 15:14:20.219328+00:00", "RecordID": "353", "Level": "3", "UserID": "S-1-5-19", "EventData.StartTime": "2023-11-20 15:05:23.055634+00:00", "EventData.NameLength": "18", "EventData.Name": "RuntimeBroker.exe", "EventData.FriendlyNameLength": "15", "EventData.FriendlyName": "Runtime Broker", "EventData.VersionLength": "39", "EventData.Version": "10.0.19041.3636 (WinBuild.160101.0800)", "EventData.TotalTime": "8599", "EventData.DegradationTime": "3599", "EventData.PathLength": "38", "EventData.Path": "C:\\Windows\\System32\\RuntimeBroker.exe", "EventData.ProductNameLength": "37", "EventData.ProductName": "Microsoft® Windows® Operating System", "EventData.CompanyNameLength": "22", "EventData.CompanyName": "Microsoft Corporation"}
{"EventID": "110", "Channel": "Microsoft-Windows-Diagnostics-Performance/Operational", "Provider_Name": "Microsoft-Windows-Diagnostics-Performance", "Computer": "DESKTOP-OFJ6N53", "TimeCreated": "2023-11-20 15:14:20.242493+00:00", "RecordID": "354", "Level": "3", "UserID": "S-1-5-19", "EventData.StartTime": "2023-11-20 15:05:23.055634+00:00", "EventData.NameLength": "9", "EventData.Name": "SMSSInit", "EventData.TotalTime": "5204", "EventData.DegradationTime": "2326"}
{"EventID": "200", "Channel": "Microsoft-Windows-Diagnostics-Performance/Operational", "Provider_Name": "Microsoft-Windows-Diagnostics-Performance", "Computer": "DESKTOP-OFJ6N53", "TimeCreated": "2023-12-12 07:27:13.137728+00:00", "RecordID": "355", "Level": "3", "UserID": "S-1-5-19", "EventData.ShutdownTsVersion": "1", "EventData.ShutdownStartTime": "2023-12-12 07:24:10.514742+00:00", "EventData.ShutdownEndTime": "2023-12-12 07:25:00.477978+00:00", "EventData.ShutdownTime": "49963", "EventData.ShutdownUserSessionTime": "9448", "EventData.ShutdownUserPolicyTime": "8", "EventData.ShutdownUserProfilesTime": "89", "EventData.ShutdownSystemSessionsTime": "6201", "EventData.ShutdownPreShutdownNotificationsTime": "1132", "EventData.ShutdownServicesTime": "4988", "EventData.ShutdownKernelTime": "34312", "EventData.ShutdownRootCauseStepImprovementBits": "0", "EventData.ShutdownRootCauseGradualImprovementBits": "0", "EventData.ShutdownRootCauseStepDegradationBits": "0", "EventData.ShutdownRootCauseGradualDegradationBits": "0", "EventData.ShutdownIsDegradation": "False", "EventData.ShutdownTimeChange": "0"}
{"EventID": "100", "Channel": "Microsoft-Windows-Diagnostics-Performance/Operational", "Provider_Name": "Microsoft-Windows-Diagnostics-Performance", "Computer": "DESKTOP-OFJ6N53", "TimeCreated": "2023-12-12 07:27:13.661570+00:00", "RecordID": "356", "Level": "2", "UserID": "S-1-5-19", "EventData.BootTsVersion": "2", "EventData.BootStartTime": "2023-12-12 07:25:10.055038+00:00", "EventData.BootEndTime": "2023-12-12 07:27:03.294018+00:00", "EventData.SystemBootInstance": "46", "EventData.UserBootInstance": "46", "EventData.BootTime": "112326", "EventData.MainPathBootTime": "92718", "EventData.BootKernelInitTime": "72", "EventData.BootDriverInitTime": "1264", "EventData.BootDevicesInitTime": "4692", "EventData.BootPrefetchInitTime": "0", "EventData.BootPrefetchBytes": "0", "EventData.BootAutoChkTime": "0", "EventData.BootSmssInitTime": "4045", "EventData.BootCriticalServicesInitTime": "434", "EventData.BootUserProfileProcessingTime": "7048", "EventData.BootMachineProfileProcessingTime": "88", "EventData.BootExplorerInitTime": "73064", "EventData.BootNumStartupApps": "13", "EventData.BootPostBootTime": "19608", "EventData.BootIsRebootAfterInstall": "False", "EventData.BootRootCauseStepImprovementBits": "0", "EventData.BootRootCauseGradualImprovementBits": "0", "EventData.BootRootCauseStepDegradationBits": "0", "EventData.BootRootCauseGradualDegradationBits": "0", "EventData.BootIsDegradation": "False", "EventData.BootIsStepDegradation": "False", "EventData.BootIsGradualDegradation": "False", "EventData.BootImprovementDelta": "0", "EventData.BootDegradationDelta": "0", "EventData.BootIsRootCauseIdentified": "False", "EventData.OSLoaderDuration": "1032", "EventData.BootPNPInitStartTimeMS": "72", "EventData.BootPNPInitDuration": "3951", "EventData.OtherKernelInitDuration": "1848", "EventData.SystemPNPInitStartTimeMS": "5783", "EventData.SystemPNPInitDuration": "696", "EventData.SessionInitStartTimeMS": "6496", "EventData.Session0InitDuration": "534", "EventData.Session1InitDuration": "54", "EventData.SessionInitOtherDuration": "3457", "EventData.WinLogonStartTimeMS": "10541", "EventData.OtherLogonInitActivityDuration": "1975", "EventData.UserLogonWaitDuration": "913"}
{"EventID": "101", "Channel": "Microsoft-Windows-Diagnostics-Performance/Operational", "Provider_Name": "Microsoft-Windows-Diagnostics-Performance", "Computer": "DESKTOP-OFJ6N53", "TimeCreated": "2023-12-12 07:27:13.661581+00:00", "RecordID": "357", "Level": "2", "UserID": "S-1-5-19", "EventData.StartTime": "2023-12-12 07:25:10.055038+00:00", "EventData.NameLength": "12", "EventData.Name": "MsMpEng.exe", "EventData.FriendlyNameLength": "31", "EventData.FriendlyName": "Antimalware Service Executable", "EventData.VersionLength": "56", "EventData.Version": "4.18.23110.3 (9ebb3643d539a6fc4659898b1df3124d5da4c0a9)", "EventData.TotalTime": "41204", "EventData.DegradationTime": "38704", "EventData.PathLength": "78", "EventData.Path": "C:\\ProgramData\\Microsoft\\Windows Defender\\Platform\\4.18.23110.3-0\\MsMpEng.exe", "EventData.ProductNameLength": "37", "EventData.ProductName": "Microsoft® Windows® Operating System", "EventData.CompanyNameLength": "22", "EventData.CompanyName": "Microsoft Corporation"}
{"EventID": "101", "Channel": "Microsoft-Windows-Diagnostics-Performance/Operational", "Provider_Name": "Microsoft-Windows-Diagnostics-Performance", "Computer": "DESKTOP-OFJ6N53", "TimeCreated": "2023-12-12 07:27:13.661596+00:00", "RecordID": "358", "Level": "2", "UserID": "S-1-5-19", "EventData.StartTime": "2023-12-12 07:25:10.055038+00:00", "EventData.NameLength": "10", "EventData.Name": "avpui.exe", "EventData.FriendlyNameLength": "21", "EventData.FriendlyName": "Kaspersky Anti-Virus", "EventData.VersionLength": "12", "EventData.Version": "21.3.12.434", "EventData.TotalTime": "37980", "EventData.DegradationTime": "12855", "EventData.PathLength": "77", "EventData.Path": "C:\\Program Files (x86)\\Kaspersky Lab\\Kaspersky Security Cloud 21.3\\avpui.exe", "EventData.ProductNameLength": "21", "EventData.ProductName": "Kaspersky Anti-Virus", "EventData.CompanyNameLength": "17", "EventData.CompanyName": "AO Kaspersky Lab"}
{"EventID": "101", "Channel": "Microsoft-Windows-Diagnostics-Performance/Operational", "Provider_Name": "Microsoft-Windows-Diagnostics-Performance", "Computer": "DESKTOP-OFJ6N53", "TimeCreated": "2023-12-12 07:27:13.661610+00:00", "RecordID": "359", "Level": "3", "UserID": "S-1-5-19", "EventData.StartTime": "2023-12-12 07:25:10.055038+00:00", "EventData.NameLength": "8", "EventData.Name": "dwm.exe", "EventData.FriendlyNameLength": "30", "EventData.FriendlyName": "Диспетчер окон рабочего стола", "EventData.VersionLength": "39", "EventData.Version": "10.0.19041.3691 (WinBuild.160101.0800)", "EventData.TotalTime": "12148", "EventData.DegradationTime": "9648", "EventData.PathLength": "28", "EventData.Path": "C:\\Windows\\System32\\dwm.exe", "EventData.ProductNameLength": "41", "EventData.ProductName": "Операционная система Microsoft® Windows®", "EventData.CompanyNameLength": "22", "EventData.CompanyName": "Microsoft Corporation"}
{"EventID": "101", "Channel": "Microsoft-Windows-Diagnostics-Performance/Operational", "Provider_Name": "Microsoft-Windows-Diagnostics-Performance", "Computer": "DESKTOP-OFJ6N53", "TimeCreated": "2023-12-12 07:27:13.661621+00:00", "RecordID": "360", "Level": "3", "UserID": "S-1-5-19", "EventData.StartTime": "2023-12-12 07:25:10.055038+00:00", "EventData.NameLength": "12", "EventData.Name": "WWAHost.exe", "EventData.FriendlyNameLength": "22", "EventData.FriendlyName": "Узел WWA (Майкрософт)", "EventData.VersionLength": "39", "EventData.Version": "10.0.19041.3691 (WinBuild.160101.0800)", "EventData.TotalTime": "12056", "EventData.DegradationTime": "9556", "EventData.PathLength": "32", "EventData.Path": "C:\\Windows\\System32\\WWAHost.exe", "EventData.ProductNameLength": "41", "EventData.ProductName": "Операционная система Microsoft® Windows®", "EventData.CompanyNameLength": "22", "EventData.CompanyName": "Microsoft Corporation"}
{"EventID": "101", "Channel": "Microsoft-Windows-Diagnostics-Performance/Operational", "Provider_Name": "Microsoft-Windows-Diagnostics-Performance", "Computer": "DESKTOP-OFJ6N53", "TimeCreated": "2023-12-12 07:27:13.661631+00:00", "RecordID": "361", "Level": "3", "UserID": "S-1-5-19", "EventData.StartTime": "2023-12-12 07:25:10.055038+00:00", "EventData.NameLength": "11", "EventData.Name": "sppsvc.exe", "EventData.FriendlyNameLength": "60", "EventData.FriendlyName": "Служба платформы защиты программного обеспечения Майкрософт", "EventData.VersionLength": "39", "EventData.Version": "10.0.19041.3691 (WinBuild.160101.0800)", "EventData.TotalTime": "7538", "EventData.DegradationTime": "3905", "EventData.PathLength": "31", "EventData.Path": "C:\\Windows\\System32\\sppsvc.exe", "EventData.ProductNameLength": "41", "EventData.ProductName": "Операционная система Microsoft® Windows®", "EventData.CompanyNameLength": "22", "EventData.CompanyName": "Microsoft Corporation"}
{"EventID": "200", "Channel": "Microsoft-Windows-Diagnostics-Performance/Operational", "Provider_Name": "Microsoft-Windows-Diagnostics-Performance", "Computer": "DESKTOP-OFJ6N53", "TimeCreated": "2023-12-13 14:36:54.839811+00:00", "RecordID": "362", "Level": "3", "UserID": "S-1-5-19", "EventData.ShutdownTsVersion": "1", "EventData.ShutdownStartTime": "2023-12-13 14:33:00.704449+00:00", "EventData.ShutdownEndTime": "2023-12-13 14:33:52.736448+00:00", "EventData.ShutdownTime": "52031", "EventData.ShutdownUserSessionTime": "6721", "EventData.ShutdownUserPolicyTime": "4", "EventData.ShutdownUserProfilesTime": "95", "EventData.ShutdownSystemSessionsTime": "42255", "EventData.ShutdownPreShutdownNotificationsTime": "37192", "EventData.ShutdownServicesTime": "4992", "EventData.ShutdownKernelTime": "3055", "EventData.ShutdownRootCauseStepImprovementBits": "0", "EventData.ShutdownRootCauseGradualImprovementBits": "0", "EventData.ShutdownRootCauseStepDegradationBits": "0", "EventData.ShutdownRootCauseGradualDegradationBits": "0", "EventData.ShutdownIsDegradation": "False", "EventData.ShutdownTimeChange": "0"}
{"EventID": "203", "Channel": "Microsoft-Windows-Diagnostics-Performance/Operational", "Provider_Name": "Microsoft-Windows-Diagnostics-Performance", "Computer": "DESKTOP-OFJ6N53", "TimeCreated": "2023-12-13 14:36:54.843300+00:00", "RecordID": "363", "Level": "3", "UserID": "S-1-5-19", "EventData.StartTime": "2023-12-13 14:33:00.704449+00:00", "EventData.NameLength": "10", "EventData.Name": "WinDefend", "EventData.FriendlyNameLength": "0", "EventData.FriendlyName": null, "EventData.VersionLength": "0", "EventData.Version": null, "EventData.TotalTime": "1024", "EventData.DegradationTime": "313", "EventData.PathLength": "80", "EventData.Path": "\"c:\\programdata\\microsoft\\windows defender\\platform\\4.18.23110.3-0\\msmpeng.exe\"", "EventData.ProductNameLength": "0", "EventData.ProductName": null, "EventData.CompanyNameLength": "0", "EventData.CompanyName": null}
{"EventID": "100", "Channel": "Microsoft-Windows-Diagnostics-Performance/Operational", "Provider_Name": "Microsoft-Windows-Diagnostics-Performance", "Computer": "DESKTOP-OFJ6N53", "TimeCreated": "2023-12-13 14:36:56.032053+00:00", "RecordID": "364", "Level": "2", "UserID": "S-1-5-19", "EventData.BootTsVersion": "2", "EventData.BootStartTime": "2023-12-13 14:34:02.758698+00:00", "EventData.BootEndTime": "2023-12-13 14:36:53.381981+00:00", "EventData.SystemBootInstance": "47", "EventData.UserBootInstance": "47", "EventData.BootTime": "170466", "EventData.MainPathBootTime": "113625", "EventData.BootKernelInitTime": "84", "EventData.BootDriverInitTime": "1607", "EventData.BootDevicesInitTime": "4715", "EventData.BootPrefetchInitTime": "0", "EventData.BootPrefetchBytes": "0", "EventData.BootAutoChkTime": "0", "EventData.BootSmssInitTime": "2625", "EventData.BootCriticalServicesInitTime": "643", "EventData.BootUserProfileProcessingTime": "754", "EventData.BootMachineProfileProcessingTime": "0", "EventData.BootExplorerInitTime": "34422", "EventData.BootNumStartupApps": "22", "EventData.BootPostBootTime": "56841", "EventData.BootIsRebootAfterInstall": "False", "EventData.BootRootCauseStepImprovementBits": "0", "EventData.BootRootCauseGradualImprovementBits": "0", "EventData.BootRootCauseStepDegradationBits": "0", "EventData.BootRootCauseGradualDegradationBits": "0", "EventData.BootIsDegradation": "False", "EventData.BootIsStepDegradation": "False", "EventData.BootIsGradualDegradation": "False", "EventData.BootImprovementDelta": "0", "EventData.BootDegradationDelta": "0", "EventData.BootIsRootCauseIdentified": "False", "EventData.OSLoaderDuration": "1515", "EventData.BootPNPInitStartTimeMS": "84", "EventData.BootPNPInitDuration": "4085", "EventData.OtherKernelInitDuration": "1942", "EventData.SystemPNPInitStartTimeMS": "6003", "EventData.SystemPNPInitDuration": "962", "EventData.SessionInitStartTimeMS": "6990", "EventData.Session0InitDuration": "476", "EventData.Session1InitDuration": "43", "EventData.SessionInitOtherDuration": "2104", "EventData.WinLogonStartTimeMS": "9615", "EventData.OtherLogonInitActivityDuration": "68831", "EventData.UserLogonWaitDuration": "158"}
{"EventID": "101", "Channel": "Microsoft-Windows-Diagnostics-Performance/Operational", "Provider_Name": "Microsoft-Windows-Diagnostics-Performance", "Computer": "DESKTOP-OFJ6N53", "TimeCreated": "2023-12-13 14:36:56.032064+00:00", "RecordID": "365", "Level": "3", "UserID": "S-1-5-19", "EventData.StartTime": "2023-12-13 14:34:02.758698+00:00", "EventData.NameLength": "12", "EventData.Name": "MsMpEng.exe", "EventData.FriendlyNameLength": "31", "EventData.FriendlyName": "Antimalware Service Executable", "EventData.VersionLength": "56", "EventData.Version": "4.18.23110.3 (9ebb3643d539a6fc4659898b1df3124d5da4c0a9)", "EventData.TotalTime": "45546", "EventData.DegradationTime": "38046", "EventData.PathLength": "78", "EventData.Path": "C:\\ProgramData\\Microsoft\\Windows Defender\\Platform\\4.18.23110.3-0\\MsMpEng.exe", "EventData.ProductNameLength": "37", "EventData.ProductName": "Microsoft® Windows® Operating System", "EventData.CompanyNameLength": "22", "EventData.CompanyName": "Microsoft Corporation"}
{"EventID": "101", "Channel": "Microsoft-Windows-Diagnostics-Performance/Operational", "Provider_Name": "Microsoft-Windows-Diagnostics-Performance", "Computer": "DESKTOP-OFJ6N53", "TimeCreated": "2023-12-13 14:36:56.032072+00:00", "RecordID": "366", "Level": "3", "UserID": "S-1-5-19", "EventData.StartTime": "2023-12-13 14:34:02.758698+00:00", "EventData.NameLength": "18", "EventData.Name": "RuntimeBroker.exe", "EventData.FriendlyNameLength": "15", "EventData.FriendlyName": "Runtime Broker", "EventData.VersionLength": "39", "EventData.Version": "10.0.19041.3636 (WinBuild.160101.0800)", "EventData.TotalTime": "5903", "EventData.DegradationTime": "903", "EventData.PathLength": "38", "EventData.Path": "C:\\Windows\\System32\\RuntimeBroker.exe", "EventData.ProductNameLength": "37", "EventData.ProductName": "Microsoft® Windows® Operating System", "EventData.CompanyNameLength": "22", "EventData.CompanyName": "Microsoft Corporation"}
{"EventID": "100", "Channel": "Microsoft-Windows-Diagnostics-Performance/Operational", "Provider_Name": "Microsoft-Windows-Diagnostics-Performance", "Computer": "DESKTOP-OFJ6N53", "TimeCreated": "2023-12-29 14:48:20.577291+00:00", "RecordID": "367", "Level": "1", "UserID": "S-1-5-19", "EventData.BootTsVersion": "2", "EventData.BootStartTime": "2023-12-29 14:44:06.897766+00:00", "EventData.BootEndTime": "2023-12-29 14:46:40.881763+00:00", "EventData.SystemBootInstance": "48", "EventData.UserBootInstance": "48", "EventData.BootTime": "150325", "EventData.MainPathBootTime": "131495", "EventData.BootKernelInitTime": "295", "EventData.BootDriverInitTime": "4812", "EventData.BootDevicesInitTime": "9766", "EventData.BootPrefetchInitTime": "0", "EventData.BootPrefetchBytes": "0", "EventData.BootAutoChkTime": "0", "EventData.BootSmssInitTime": "10211", "EventData.BootCriticalServicesInitTime": "2265", "EventData.BootUserProfileProcessingTime": "25331", "EventData.BootMachineProfileProcessingTime": "458", "EventData.BootExplorerInitTime": "76012", "EventData.BootNumStartupApps": "6", "EventData.BootPostBootTime": "18830", "EventData.BootIsRebootAfterInstall": "False", "EventData.BootRootCauseStepImprovementBits": "0", "EventData.BootRootCauseGradualImprovementBits": "0", "EventData.BootRootCauseStepDegradationBits": "4194304", "EventData.BootRootCauseGradualDegradationBits": "4194304", "EventData.BootIsDegradation": "False", "EventData.BootIsStepDegradation": "False", "EventData.BootIsGradualDegradation": "False", "EventData.BootImprovementDelta": "0", "EventData.BootDegradationDelta": "0", "EventData.BootIsRootCauseIdentified": "True", "EventData.OSLoaderDuration": "2501", "EventData.BootPNPInitStartTimeMS": "295", "EventData.BootPNPInitDuration": "9862", "EventData.OtherKernelInitDuration": "4340", "EventData.SystemPNPInitStartTimeMS": "14179", "EventData.SystemPNPInitDuration": "1653", "EventData.SessionInitStartTimeMS": "15856", "EventData.Session0InitDuration": "1508", "EventData.Session1InitDuration": "55", "EventData.SessionInitOtherDuration": "8648", "EventData.WinLogonStartTimeMS": "26068", "EventData.OtherLogonInitActivityDuration": "3624", "EventData.UserLogonWaitDuration": "5040"}
{"EventID": "101", "Channel": "Microsoft-Windows-Diagnostics-Performance/Operational", "Provider_Name": "Microsoft-Windows-Diagnostics-Performance", "Computer": "DESKTOP-OFJ6N53", "TimeCreated": "2023-12-29 14:48:20.577305+00:00", "RecordID": "368", "Level": "2", "UserID": "S-1-5-19", "EventData.StartTime": "2023-12-29 14:44:06.897766+00:00", "EventData.NameLength": "12", "EventData.Name": "MsMpEng.exe", "EventData.FriendlyNameLength": "31", "EventData.FriendlyName": "Antimalware Service Executable", "EventData.VersionLength": "56", "EventData.Version": "4.18.23110.3 (9ebb3643d539a6fc4659898b1df3124d5da4c0a9)", "EventData.TotalTime": "65798", "EventData.DegradationTime": "58298", "EventData.PathLength": "78", "EventData.Path": "C:\\ProgramData\\Microsoft\\Windows Defender\\Platform\\4.18.23110.3-0\\MsMpEng.exe", "EventData.ProductNameLength": "37", "EventData.ProductName": "Microsoft® Windows® Operating System", "EventData.CompanyNameLength": "22", "EventData.CompanyName": "Microsoft Corporation"}
{"EventID": "200", "Channel": "Microsoft-Windows-Diagnostics-Performance/Operational", "Provider_Name": "Microsoft-Windows-Diagnostics-Performance", "Computer": "DESKTOP-OFJ6N53", "TimeCreated": "2023-12-29 14:48:21.324833+00:00", "RecordID": "369", "Level": "2", "UserID": "S-1-5-19", "EventData.ShutdownTsVersion": "1", "EventData.ShutdownStartTime": "2023-12-29 14:42:49.093941+00:00", "EventData.ShutdownEndTime": "2023-12-29 14:43:51.009081+00:00", "EventData.ShutdownTime": "61915", "EventData.ShutdownUserSessionTime": "16623", "EventData.ShutdownUserPolicyTime": "4", "EventData.ShutdownUserProfilesTime": "836", "EventData.ShutdownSystemSessionsTime": "8781", "EventData.ShutdownPreShutdownNotificationsTime": "2720", "EventData.ShutdownServicesTime": "5007", "EventData.ShutdownKernelTime": "36509", "EventData.ShutdownRootCauseStepImprovementBits": "0", "EventData.ShutdownRootCauseGradualImprovementBits": "0", "EventData.ShutdownRootCauseStepDegradationBits": "0", "EventData.ShutdownRootCauseGradualDegradationBits": "0", "EventData.ShutdownIsDegradation": "False", "EventData.ShutdownTimeChange": "0"}
{"EventID": "203", "Channel": "Microsoft-Windows-Diagnostics-Performance/Operational", "Provider_Name": "Microsoft-Windows-Diagnostics-Performance", "Computer": "DESKTOP-OFJ6N53", "TimeCreated": "2023-12-29 14:48:21.412477+00:00", "RecordID": "370", "Level": "3", "UserID": "S-1-5-19", "EventData.StartTime": "2023-12-29 14:42:49.093941+00:00", "EventData.NameLength": "9", "EventData.Name": "wuauserv", "EventData.FriendlyNameLength": "32", "EventData.FriendlyName": "Агент Центра обновления Windows", "EventData.VersionLength": "39", "EventData.Version": "10.0.19041.3691 (WinBuild.160101.0800)", "EventData.TotalTime": "4419", "EventData.DegradationTime": "419", "EventData.PathLength": "32", "EventData.Path": "C:\\Windows\\system32\\wuaueng.dll", "EventData.ProductNameLength": "41", "EventData.ProductName": "Операционная система Microsoft® Windows®", "EventData.CompanyNameLength": "22", "EventData.CompanyName": "Microsoft Corporation"}
{"EventID": "200", "Channel": "Microsoft-Windows-Diagnostics-Performance/Operational", "Provider_Name": "Microsoft-Windows-Diagnostics-Performance", "Computer": "DESKTOP-OFJ6N53", "TimeCreated": "2024-01-10 15:01:28.296799+00:00", "RecordID": "371", "Level": "1", "UserID": "S-1-5-19", "EventData.ShutdownTsVersion": "1", "EventData.ShutdownStartTime": "2024-01-10 14:50:45.950926+00:00", "EventData.ShutdownEndTime": "2024-01-10 14:57:42.938580+00:00", "EventData.ShutdownTime": "416987", "EventData.ShutdownUserSessionTime": "14522", "EventData.ShutdownUserPolicyTime": "10", "EventData.ShutdownUserProfilesTime": "319", "EventData.ShutdownSystemSessionsTime": "383224", "EventData.ShutdownPreShutdownNotificationsTime": "377968", "EventData.ShutdownServicesTime": "4995", "EventData.ShutdownKernelTime": "19240", "EventData.ShutdownRootCauseStepImprovementBits": "0", "EventData.ShutdownRootCauseGradualImprovementBits": "0", "EventData.ShutdownRootCauseStepDegradationBits": "0", "EventData.ShutdownRootCauseGradualDegradationBits": "0", "EventData.ShutdownIsDegradation": "False", "EventData.ShutdownTimeChange": "0"}
{"EventID": "100", "Channel": "Microsoft-Windows-Diagnostics-Performance/Operational", "Provider_Name": "Microsoft-Windows-Diagnostics-Performance", "Computer": "DESKTOP-OFJ6N53", "TimeCreated": "2024-01-10 15:01:29.814390+00:00", "RecordID": "372", "Level": "1", "UserID": "S-1-5-19", "EventData.BootTsVersion": "2", "EventData.BootStartTime": "2024-01-10 14:58:02.597355+00:00", "EventData.BootEndTime": "2024-01-10 15:01:20.080809+00:00", "EventData.SystemBootInstance": "49", "EventData.UserBootInstance": "49", "EventData.BootTime": "196848", "EventData.MainPathBootTime": "143911", "EventData.BootKernelInitTime": "200", "EventData.BootDriverInitTime": "2867", "EventData.BootDevicesInitTime": "5407", "EventData.BootPrefetchInitTime": "0", "EventData.BootPrefetchBytes": "0", "EventData.BootAutoChkTime": "0", "EventData.BootSmssInitTime": "6298", "EventData.BootCriticalServicesInitTime": "2446", "EventData.BootUserProfileProcessingTime": "2094", "EventData.BootMachineProfileProcessingTime": "1", "EventData.BootExplorerInitTime": "41890", "EventData.BootNumStartupApps": "21", "EventData.BootPostBootTime": "52937", "EventData.BootIsRebootAfterInstall": "False", "EventData.BootRootCauseStepImprovementBits": "0", "EventData.BootRootCauseGradualImprovementBits": "0", "EventData.BootRootCauseStepDegradationBits": "0", "EventData.BootRootCauseGradualDegradationBits": "0", "EventData.BootIsDegradation": "False", "EventData.BootIsStepDegradation": "False", "EventData.BootIsGradualDegradation": "False", "EventData.BootImprovementDelta": "0", "EventData.BootDegradationDelta": "0", "EventData.BootIsRootCauseIdentified": "False", "EventData.OSLoaderDuration": "2527", "EventData.BootPNPInitStartTimeMS": "200", "EventData.BootPNPInitDuration": "5318", "EventData.OtherKernelInitDuration": "2332", "EventData.SystemPNPInitStartTimeMS": "7626", "EventData.SystemPNPInitDuration": "1910", "EventData.SessionInitStartTimeMS": "9561", "EventData.Session0InitDuration": "1496", "EventData.Session1InitDuration": "48", "EventData.SessionInitOtherDuration": "4752", "EventData.WinLogonStartTimeMS": "15859", "EventData.OtherLogonInitActivityDuration": "84065", "EventData.UserLogonWaitDuration": "635"}
{"EventID": "101", "Channel": "Microsoft-Windows-Diagnostics-Performance/Operational", "Provider_Name": "Microsoft-Windows-Diagnostics-Performance", "Computer": "DESKTOP-OFJ6N53", "TimeCreated": "2024-01-10 15:01:29.814402+00:00", "RecordID": "373", "Level": "3", "UserID": "S-1-5-19", "EventData.StartTime": "2024-01-10 14:58:02.597355+00:00", "EventData.NameLength": "10", "EventData.Name": "avpui.exe", "EventData.FriendlyNameLength": "21", "EventData.FriendlyName": "Kaspersky Anti-Virus", "EventData.VersionLength": "12", "EventData.Version": "21.3.12.434", "EventData.TotalTime": "38355", "EventData.DegradationTime": "20023", "EventData.PathLength": "77", "EventData.Path": "C:\\Program Files (x86)\\Kaspersky Lab\\Kaspersky Security Cloud 21.3\\avpui.exe", "EventData.ProductNameLength": "21", "EventData.ProductName": "Kaspersky Anti-Virus", "EventData.CompanyNameLength": "17", "EventData.CompanyName": "AO Kaspersky Lab"}
{"EventID": "101", "Channel": "Microsoft-Windows-Diagnostics-Performance/Operational", "Provider_Name": "Microsoft-Windows-Diagnostics-Performance", "Computer": "DESKTOP-OFJ6N53", "TimeCreated": "2024-01-10 15:01:29.814409+00:00", "RecordID": "374", "Level": "3", "UserID": "S-1-5-19", "EventData.StartTime": "2024-01-10 14:58:02.597355+00:00", "EventData.NameLength": "45", "EventData.Name": "avp_7D65C94A-2E46-4ABA-A075-8DB61D2FD6CD.exe", "EventData.FriendlyNameLength": "49", "EventData.FriendlyName": "Kaspersky Secure Connection [21.15.8.493.0.20.0]", "EventData.VersionLength": "12", "EventData.Version": "21.15.8.493", "EventData.TotalTime": "7977", "EventData.DegradationTime": "2977", "EventData.PathLength": "94", "EventData.Path": "C:\\ProgramData\\Kaspersky Lab\\KSDE5.14\\Temp\\Setup\\avp_7D65C94A-2E46-4ABA-A075-8DB61D2FD6CD.exe", "EventData.ProductNameLength": "28", "EventData.ProductName": "Kaspersky Secure Connection", "EventData.CompanyNameLength": "24", "EventData.CompanyName": "Лаборатория Касперского"}
{"EventID": "101", "Channel": "Microsoft-Windows-Diagnostics-Performance/Operational", "Provider_Name": "Microsoft-Windows-Diagnostics-Performance", "Computer": "DESKTOP-OFJ6N53", "TimeCreated": "2024-01-10 15:01:29.814417+00:00", "RecordID": "375", "Level": "3", "UserID": "S-1-5-19", "EventData.StartTime": "2024-01-10 14:58:02.597355+00:00", "EventData.NameLength": "12", "EventData.Name": "MsMpEng.exe", "EventData.FriendlyNameLength": "31", "EventData.FriendlyName": "Antimalware Service Executable", "EventData.VersionLength": "56", "EventData.Version": "4.18.23110.3 (9ebb3643d539a6fc4659898b1df3124d5da4c0a9)", "EventData.TotalTime": "1672", "EventData.DegradationTime": "672", "EventData.PathLength": "78", "EventData.Path": "C:\\ProgramData\\Microsoft\\Windows Defender\\Platform\\4.18.23110.3-0\\MsMpEng.exe", "EventData.ProductNameLength": "37", "EventData.ProductName": "Microsoft® Windows® Operating System", "EventData.CompanyNameLength": "22", "EventData.CompanyName": "Microsoft Corporation"}
{"EventID": "200", "Channel": "Microsoft-Windows-Diagnostics-Performance/Operational", "Provider_Name": "Microsoft-Windows-Diagnostics-Performance", "Computer": "DESKTOP-OFJ6N53", "TimeCreated": "2024-02-15 15:31:51.747101+00:00", "RecordID": "376", "Level": "1", "UserID": "S-1-5-19", "EventData.ShutdownTsVersion": "1", "EventData.ShutdownStartTime": "2024-02-15 15:24:06.238285+00:00", "EventData.ShutdownEndTime": "2024-02-15 15:26:25.136429+00:00", "EventData.ShutdownTime": "138898", "EventData.ShutdownUserSessionTime": "3126", "EventData.ShutdownUserPolicyTime": "5", "EventData.ShutdownUserProfilesTime": "115", "EventData.ShutdownSystemSessionsTime": "78326", "EventData.ShutdownPreShutdownNotificationsTime": "73235", "EventData.ShutdownServicesTime": "4990", "EventData.ShutdownKernelTime": "57445", "EventData.ShutdownRootCauseStepImprovementBits": "0", "EventData.ShutdownRootCauseGradualImprovementBits": "0", "EventData.ShutdownRootCauseStepDegradationBits": "0", "EventData.ShutdownRootCauseGradualDegradationBits": "0", "EventData.ShutdownIsDegradation": "False", "EventData.ShutdownTimeChange": "0"}
{"EventID": "100", "Channel": "Microsoft-Windows-Diagnostics-Performance/Operational", "Provider_Name": "Microsoft-Windows-Diagnostics-Performance", "Computer": "DESKTOP-OFJ6N53", "TimeCreated": "2024-02-15 15:32:07.466713+00:00", "RecordID": "377", "Level": "1", "UserID": "S-1-5-19", "EventData.BootTsVersion": "2", "EventData.BootStartTime": "2024-02-15 15:26:37.977470+00:00", "EventData.BootEndTime": "2024-02-15 15:31:39.709631+00:00", "EventData.SystemBootInstance": "50", "EventData.UserBootInstance": "50", "EventData.BootTime": "301594", "EventData.MainPathBootTime": "248059", "EventData.BootKernelInitTime": "75", "EventData.BootDriverInitTime": "1497", "EventData.BootDevicesInitTime": "4954", "EventData.BootPrefetchInitTime": "0", "EventData.BootPrefetchBytes": "0", "EventData.BootAutoChkTime": "0", "EventData.BootSmssInitTime": "4819", "EventData.BootCriticalServicesInitTime": "1028", "EventData.BootUserProfileProcessingTime": "2147", "EventData.BootMachineProfileProcessingTime": "1", "EventData.BootExplorerInitTime": "40538", "EventData.BootNumStartupApps": "31", "EventData.BootPostBootTime": "53535", "EventData.BootIsRebootAfterInstall": "False", "EventData.BootRootCauseStepImprovementBits": "0", "EventData.BootRootCauseGradualImprovementBits": "0", "EventData.BootRootCauseStepDegradationBits": "2048", "EventData.BootRootCauseGradualDegradationBits": "0", "EventData.BootIsDegradation": "False", "EventData.BootIsStepDegradation": "False", "EventData.BootIsGradualDegradation": "False", "EventData.BootImprovementDelta": "0", "EventData.BootDegradationDelta": "0", "EventData.BootIsRootCauseIdentified": "True", "EventData.OSLoaderDuration": "2345", "EventData.BootPNPInitStartTimeMS": "75", "EventData.BootPNPInitDuration": "4399", "EventData.OtherKernelInitDuration": "1920", "EventData.SystemPNPInitStartTimeMS": "6297", "EventData.SystemPNPInitDuration": "749", "EventData.SessionInitStartTimeMS": "7070", "EventData.Session0InitDuration": "800", "EventData.Session1InitDuration": "54", "EventData.SessionInitOtherDuration": "3963", "EventData.WinLogonStartTimeMS": "11889", "EventData.OtherLogonInitActivityDuration": "193484", "EventData.UserLogonWaitDuration": "137"}
{"EventID": "101", "Channel": "Microsoft-Windows-Diagnostics-Performance/Operational", "Provider_Name": "Microsoft-Windows-Diagnostics-Performance", "Computer": "DESKTOP-OFJ6N53", "TimeCreated": "2024-02-15 15:32:07.466747+00:00", "RecordID": "378", "Level": "3", "UserID": "S-1-5-19", "EventData.StartTime": "2024-02-15 15:26:37.977470+00:00", "EventData.NameLength": "13", "EventData.Name": "explorer.exe", "EventData.FriendlyNameLength": "10", "EventData.FriendlyName": "Проводник", "EventData.VersionLength": "39", "EventData.Version": "10.0.19041.3758 (WinBuild.160101.0800)", "EventData.TotalTime": "13967", "EventData.DegradationTime": "7221", "EventData.PathLength": "24", "EventData.Path": "C:\\Windows\\explorer.exe", "EventData.ProductNameLength": "41", "EventData.ProductName": "Операционная система Microsoft® Windows®", "EventData.CompanyNameLength": "22", "EventData.CompanyName": "Microsoft Corporation"}
{"EventID": "101", "Channel": "Microsoft-Windows-Diagnostics-Performance/Operational", "Provider_Name": "Microsoft-Windows-Diagnostics-Performance", "Computer": "DESKTOP-OFJ6N53", "TimeCreated": "2024-02-15 15:32:07.466757+00:00", "RecordID": "379", "Level": "3", "UserID": "S-1-5-19", "EventData.StartTime": "2024-02-15 15:26:37.977470+00:00", "EventData.NameLength": "12", "EventData.Name": "svchost.exe", "EventData.FriendlyNameLength": "31", "EventData.FriendlyName": "Хост-процесс для служб Windows", "EventData.VersionLength": "39", "EventData.Version": "10.0.19041.3691 (WinBuild.160101.0800)", "EventData.TotalTime": "7777", "EventData.DegradationTime": "2777", "EventData.PathLength": "32", "EventData.Path": "C:\\Windows\\System32\\svchost.exe", "EventData.ProductNameLength": "41", "EventData.ProductName": "Операционная система Microsoft® Windows®", "EventData.CompanyNameLength": "22", "EventData.CompanyName": "Microsoft Corporation"}
{"EventID": "101", "Channel": "Microsoft-Windows-Diagnostics-Performance/Operational", "Provider_Name": "Microsoft-Windows-Diagnostics-Performance", "Computer": "DESKTOP-OFJ6N53", "TimeCreated": "2024-02-15 15:32:07.466764+00:00", "RecordID": "380", "Level": "3", "UserID": "S-1-5-19", "EventData.StartTime": "2024-02-15 15:26:37.977470+00:00", "EventData.NameLength": "11", "EventData.Name": "msedge.exe", "EventData.FriendlyNameLength": "15", "EventData.FriendlyName": "Microsoft Edge", "EventData.VersionLength": "15", "EventData.Version": "121.0.2277.112", "EventData.TotalTime": "5580", "EventData.DegradationTime": "580", "EventData.PathLength": "61", "EventData.Path": "C:\\Program Files (x86)\\Microsoft\\Edge\\Application\\msedge.exe", "EventData.ProductNameLength": "15", "EventData.ProductName": "Microsoft Edge", "EventData.CompanyNameLength": "22", "EventData.CompanyName": "Microsoft Corporation"}
{"EventID": "101", "Channel": "Microsoft-Windows-Diagnostics-Performance/Operational", "Provider_Name": "Microsoft-Windows-Diagnostics-Performance", "Computer": "DESKTOP-OFJ6N53", "TimeCreated": "2024-02-15 15:32:07.466770+00:00", "RecordID": "381", "Level": "3", "UserID": "S-1-5-19", "EventData.StartTime": "2024-02-15 15:26:37.977470+00:00", "EventData.NameLength": "10", "EventData.Name": "javaw.exe", "EventData.FriendlyNameLength": "28", "EventData.FriendlyName": "Java(TM) Platform SE binary", "EventData.VersionLength": "11", "EventData.Version": "8.0.3610.9", "EventData.TotalTime": "5412", "EventData.DegradationTime": "412", "EventData.PathLength": "55", "EventData.Path": "C:\\Program Files (x86)\\Java\\jre1.8.0_361\\bin\\javaw.exe", "EventData.ProductNameLength": "23", "EventData.ProductName": "Java(TM) Platform SE 8", "EventData.CompanyNameLength": "19", "EventData.CompanyName": "Oracle Corporation"}
{"EventID": "100", "Channel": "Microsoft-Windows-Diagnostics-Performance/Operational", "Provider_Name": "Microsoft-Windows-Diagnostics-Performance", "Computer": "DESKTOP-OFJ6N53", "TimeCreated": "2024-03-12 11:06:35.925722+00:00", "RecordID": "382", "Level": "2", "UserID": "S-1-5-19", "EventData.BootTsVersion": "2", "EventData.BootStartTime": "2024-03-12 11:04:28.965681+00:00", "EventData.BootEndTime": "2024-03-12 11:06:34.160736+00:00", "EventData.SystemBootInstance": "51", "EventData.UserBootInstance": "51", "EventData.BootTime": "80893", "EventData.MainPathBootTime": "42293", "EventData.BootKernelInitTime": "45", "EventData.BootDriverInitTime": "1051", "EventData.BootDevicesInitTime": "4604", "EventData.BootPrefetchInitTime": "0", "EventData.BootPrefetchBytes": "0", "EventData.BootAutoChkTime": "0", "EventData.BootSmssInitTime": "3674", "EventData.BootCriticalServicesInitTime": "391", "EventData.BootUserProfileProcessingTime": "2985", "EventData.BootMachineProfileProcessingTime": "65", "EventData.BootExplorerInitTime": "26510", "EventData.BootNumStartupApps": "23", "EventData.BootPostBootTime": "38600", "EventData.BootIsRebootAfterInstall": "False", "EventData.BootRootCauseStepImprovementBits": "0", "EventData.BootRootCauseGradualImprovementBits": "2097152", "EventData.BootRootCauseStepDegradationBits": "0", "EventData.BootRootCauseGradualDegradationBits": "0", "EventData.BootIsDegradation": "False", "EventData.BootIsStepDegradation": "False", "EventData.BootIsGradualDegradation": "False", "EventData.BootImprovementDelta": "0", "EventData.BootDegradationDelta": "0", "EventData.BootIsRootCauseIdentified": "True", "EventData.OSLoaderDuration": "920", "EventData.BootPNPInitStartTimeMS": "45", "EventData.BootPNPInitDuration": "5143", "EventData.OtherKernelInitDuration": "1743", "EventData.SystemPNPInitStartTimeMS": "6868", "EventData.SystemPNPInitDuration": "582", "EventData.SessionInitStartTimeMS": "7469", "EventData.Session0InitDuration": "417", "EventData.Session1InitDuration": "39", "EventData.SessionInitOtherDuration": "3216", "EventData.WinLogonStartTimeMS": "11143", "EventData.OtherLogonInitActivityDuration": "1588", "EventData.UserLogonWaitDuration": "16636"}
{"EventID": "101", "Channel": "Microsoft-Windows-Diagnostics-Performance/Operational", "Provider_Name": "Microsoft-Windows-Diagnostics-Performance", "Computer": "DESKTOP-OFJ6N53", "TimeCreated": "2024-03-12 11:06:35.925739+00:00", "RecordID": "383", "Level": "2", "UserID": "S-1-5-19", "EventData.StartTime": "2024-03-12 11:04:28.965681+00:00", "EventData.NameLength": "12", "EventData.Name": "MsMpEng.exe", "EventData.FriendlyNameLength": "31", "EventData.FriendlyName": "Antimalware Service Executable", "EventData.VersionLength": "57", "EventData.Version": "4.18.24010.12 (2c8deb21caaa877a3ab17961ab441154eced85ea)", "EventData.TotalTime": "33091", "EventData.DegradationTime": "24591", "EventData.PathLength": "79", "EventData.Path": "C:\\ProgramData\\Microsoft\\Windows Defender\\Platform\\4.18.24010.12-0\\MsMpEng.exe", "EventData.ProductNameLength": "37", "EventData.ProductName": "Microsoft® Windows® Operating System", "EventData.CompanyNameLength": "22", "EventData.CompanyName": "Microsoft Corporation"}
{"EventID": "101", "Channel": "Microsoft-Windows-Diagnostics-Performance/Operational", "Provider_Name": "Microsoft-Windows-Diagnostics-Performance", "Computer": "DESKTOP-OFJ6N53", "TimeCreated": "2024-03-12 11:06:35.925751+00:00", "RecordID": "384", "Level": "3", "UserID": "S-1-5-19", "EventData.StartTime": "2024-03-12 11:04:28.965681+00:00", "EventData.NameLength": "14", "EventData.Name": "SearchApp.exe", "EventData.FriendlyNameLength": "19", "EventData.FriendlyName": "Search application", "EventData.VersionLength": "39", "EventData.Version": "10.0.19041.3996 (WinBuild.160101.0800)", "EventData.TotalTime": "4363", "EventData.DegradationTime": "3299", "EventData.PathLength": "75", "EventData.Path": "C:\\Windows\\SystemApps\\Microsoft.Windows.Search_cw5n1h2txyewy\\SearchApp.exe", "EventData.ProductNameLength": "37", "EventData.ProductName": "Microsoft® Windows® Operating System", "EventData.CompanyNameLength": "22", "EventData.CompanyName": "Microsoft Corporation"}
{"EventID": "200", "Channel": "Microsoft-Windows-Diagnostics-Performance/Operational", "Provider_Name": "Microsoft-Windows-Diagnostics-Performance", "Computer": "DESKTOP-OFJ6N53", "TimeCreated": "2024-04-12 02:58:55.782003+00:00", "RecordID": "385", "Level": "1", "UserID": "S-1-5-19", "EventData.ShutdownTsVersion": "1", "EventData.ShutdownStartTime": "2024-04-12 02:48:40.872066+00:00", "EventData.ShutdownEndTime": "2024-04-12 02:51:58.770540+00:00", "EventData.ShutdownTime": "197898", "EventData.ShutdownUserSessionTime": "15645", "EventData.ShutdownUserPolicyTime": "54", "EventData.ShutdownUserProfilesTime": "485", "EventData.ShutdownSystemSessionsTime": "128350", "EventData.ShutdownPreShutdownNotificationsTime": "122754", "EventData.ShutdownServicesTime": "5008", "EventData.ShutdownKernelTime": "53902", "EventData.ShutdownRootCauseStepImprovementBits": "0", "EventData.ShutdownRootCauseGradualImprovementBits": "0", "EventData.ShutdownRootCauseStepDegradationBits": "2", "EventData.ShutdownRootCauseGradualDegradationBits": "0", "EventData.ShutdownIsDegradation": "True", "EventData.ShutdownTimeChange": "0"}
{"EventID": "100", "Channel": "Microsoft-Windows-Diagnostics-Performance/Operational", "Provider_Name": "Microsoft-Windows-Diagnostics-Performance", "Computer": "DESKTOP-OFJ6N53", "TimeCreated": "2024-04-12 02:59:02.166208+00:00", "RecordID": "386", "Level": "1", "UserID": "S-1-5-19", "EventData.BootTsVersion": "2", "EventData.BootStartTime": "2024-04-12 02:52:21.818289+00:00", "EventData.BootEndTime": "2024-04-12 02:56:44.573772+00:00", "EventData.SystemBootInstance": "52", "EventData.UserBootInstance": "52", "EventData.BootTime": "262615", "EventData.MainPathBootTime": "168244", "EventData.BootKernelInitTime": "216", "EventData.BootDriverInitTime": "5953", "EventData.BootDevicesInitTime": "7599", "EventData.BootPrefetchInitTime": "0", "EventData.BootPrefetchBytes": "0", "EventData.BootAutoChkTime": "0", "EventData.BootSmssInitTime": "19799", "EventData.BootCriticalServicesInitTime": "5085", "EventData.BootUserProfileProcessingTime": "877", "EventData.BootMachineProfileProcessingTime": "1", "EventData.BootExplorerInitTime": "0", "EventData.BootNumStartupApps": "1", "EventData.BootPostBootTime": "94371", "EventData.BootIsRebootAfterInstall": "False", "EventData.BootRootCauseStepImprovementBits": "0", "EventData.BootRootCauseGradualImprovementBits": "0", "EventData.BootRootCauseStepDegradationBits": "512", "EventData.BootRootCauseGradualDegradationBits": "512", "EventData.BootIsDegradation": "False", "EventData.BootIsStepDegradation": "False", "EventData.BootIsGradualDegradation": "False", "EventData.BootImprovementDelta": "0", "EventData.BootDegradationDelta": "0", "EventData.BootIsRootCauseIdentified": "True", "EventData.OSLoaderDuration": "8040", "EventData.BootPNPInitStartTimeMS": "216", "EventData.BootPNPInitDuration": "8478", "EventData.OtherKernelInitDuration": "3798", "EventData.SystemPNPInitStartTimeMS": "12233", "EventData.SystemPNPInitDuration": "3032", "EventData.SessionInitStartTimeMS": "15309", "EventData.Session0InitDuration": "8160", "EventData.Session1InitDuration": "188", "EventData.SessionInitOtherDuration": "11450", "EventData.WinLogonStartTimeMS": "35109", "EventData.OtherLogonInitActivityDuration": "132256", "EventData.UserLogonWaitDuration": "140"}
{"EventID": "101", "Channel": "Microsoft-Windows-Diagnostics-Performance/Operational", "Provider_Name": "Microsoft-Windows-Diagnostics-Performance", "Computer": "DESKTOP-OFJ6N53", "TimeCreated": "2024-04-12 02:59:02.166222+00:00", "RecordID": "387", "Level": "3", "UserID": "S-1-5-19", "EventData.StartTime": "2024-04-12 02:52:21.818289+00:00", "EventData.NameLength": "12", "EventData.Name": "MsMpEng.exe", "EventData.FriendlyNameLength": "31", "EventData.FriendlyName": "Antimalware Service Executable", "EventData.VersionLength": "56", "EventData.Version": "4.18.24030.9 (cd8105518e5571788ee3b6a178bae8fbcdf461a8)", "EventData.TotalTime": "70352", "EventData.DegradationTime": "65352", "EventData.PathLength": "78", "EventData.Path": "C:\\ProgramData\\Microsoft\\Windows Defender\\Platform\\4.18.24030.9-0\\MsMpEng.exe", "EventData.ProductNameLength": "37", "EventData.ProductName": "Microsoft® Windows® Operating System", "EventData.CompanyNameLength": "22", "EventData.CompanyName": "Microsoft Corporation"}
{"EventID": "101", "Channel": "Microsoft-Windows-Diagnostics-Performance/Operational", "Provider_Name": "Microsoft-Windows-Diagnostics-Performance", "Computer": "DESKTOP-OFJ6N53", "TimeCreated": "2024-04-12 02:59:02.166229+00:00", "RecordID": "388", "Level": "3", "UserID": "S-1-5-19", "EventData.StartTime": "2024-04-12 02:52:21.818289+00:00", "EventData.NameLength": "11", "EventData.Name": "sppsvc.exe", "EventData.FriendlyNameLength": "60", "EventData.FriendlyName": "Служба платформы защиты программного обеспечения Майкрософт", "EventData.VersionLength": "39", "EventData.Version": "10.0.19041.4165 (WinBuild.160101.0800)", "EventData.TotalTime": "22278", "EventData.DegradationTime": "17278", "EventData.PathLength": "31", "EventData.Path": "C:\\Windows\\System32\\sppsvc.exe", "EventData.ProductNameLength": "41", "EventData.ProductName": "Операционная система Microsoft® Windows®", "EventData.CompanyNameLength": "22", "EventData.CompanyName": "Microsoft Corporation"}
{"EventID": "101", "Channel": "Microsoft-Windows-Diagnostics-Performance/Operational", "Provider_Name": "Microsoft-Windows-Diagnostics-Performance", "Computer": "DESKTOP-OFJ6N53", "TimeCreated": "2024-04-12 02:59:02.166237+00:00", "RecordID": "389", "Level": "3", "UserID": "S-1-5-19", "EventData.StartTime": "2024-04-12 02:52:21.818289+00:00", "EventData.NameLength": "12", "EventData.Name": "spoolsv.exe", "EventData.FriendlyNameLength": "25", "EventData.FriendlyName": "Диспетчер очереди печати", "EventData.VersionLength": "39", "EventData.Version": "10.0.19041.4165 (WinBuild.160101.0800)", "EventData.TotalTime": "16758", "EventData.DegradationTime": "11758", "EventData.PathLength": "32", "EventData.Path": "C:\\Windows\\System32\\spoolsv.exe", "EventData.ProductNameLength": "41", "EventData.ProductName": "Операционная система Microsoft® Windows®", "EventData.CompanyNameLength": "22", "EventData.CompanyName": "Microsoft Corporation"}
{"EventID": "101", "Channel": "Microsoft-Windows-Diagnostics-Performance/Operational", "Provider_Name": "Microsoft-Windows-Diagnostics-Performance", "Computer": "DESKTOP-OFJ6N53", "TimeCreated": "2024-04-12 02:59:02.166248+00:00", "RecordID": "390", "Level": "3", "UserID": "S-1-5-19", "EventData.StartTime": "2024-04-12 02:52:21.818289+00:00", "EventData.NameLength": "9", "EventData.Name": "ksde.exe", "EventData.FriendlyNameLength": "23", "EventData.FriendlyName": "Kaspersky Lab launcher", "EventData.VersionLength": "8", "EventData.Version": "1.0.0.0", "EventData.TotalTime": "13026", "EventData.DegradationTime": "8026", "EventData.PathLength": "79", "EventData.Path": "C:\\Program Files (x86)\\Kaspersky Lab\\Kaspersky Secure Connection 5.14\\ksde.exe", "EventData.ProductNameLength": "23", "EventData.ProductName": "Kaspersky Lab launcher", "EventData.CompanyNameLength": "17", "EventData.CompanyName": "AO Kaspersky Lab"}
{"EventID": "103", "Channel": "Microsoft-Windows-Diagnostics-Performance/Operational", "Provider_Name": "Microsoft-Windows-Diagnostics-Performance", "Computer": "DESKTOP-OFJ6N53", "TimeCreated": "2024-04-12 02:59:02.166256+00:00", "RecordID": "391", "Level": "3", "UserID": "S-1-5-19", "EventData.StartTime": "2024-04-12 02:52:21.818289+00:00", "EventData.NameLength": "10", "EventData.Name": "windefend", "EventData.FriendlyNameLength": "0", "EventData.FriendlyName": null, "EventData.VersionLength": "0", "EventData.Version": null, "EventData.TotalTime": "1075", "EventData.DegradationTime": "763", "EventData.PathLength": "80", "EventData.Path": "\"c:\\programdata\\microsoft\\windows defender\\platform\\4.18.24030.9-0\\msmpeng.exe\"", "EventData.ProductNameLength": "0", "EventData.ProductName": null, "EventData.CompanyNameLength": "0", "EventData.CompanyName": null}
{"EventID": "200", "Channel": "Microsoft-Windows-Diagnostics-Performance/Operational", "Provider_Name": "Microsoft-Windows-Diagnostics-Performance", "Computer": "DESKTOP-OFJ6N53", "TimeCreated": "2024-04-23 15:47:09.773558+00:00", "RecordID": "392", "Level": "2", "UserID": "S-1-5-19", "EventData.ShutdownTsVersion": "1", "EventData.ShutdownStartTime": "2024-04-23 15:37:10.173851+00:00", "EventData.ShutdownEndTime": "2024-04-23 15:38:58.390493+00:00", "EventData.ShutdownTime": "108216", "EventData.ShutdownUserSessionTime": "14765", "EventData.ShutdownUserPolicyTime": "186", "EventData.ShutdownUserProfilesTime": "523", "EventData.ShutdownSystemSessionsTime": "72018", "EventData.ShutdownPreShutdownNotificationsTime": "66203", "EventData.ShutdownServicesTime": "5009", "EventData.ShutdownKernelTime": "21432", "EventData.ShutdownRootCauseStepImprovementBits": "0", "EventData.ShutdownRootCauseGradualImprovementBits": "0", "EventData.ShutdownRootCauseStepDegradationBits": "4", "EventData.ShutdownRootCauseGradualDegradationBits": "72", "EventData.ShutdownIsDegradation": "True", "EventData.ShutdownTimeChange": "0"}
{"EventID": "203", "Channel": "Microsoft-Windows-Diagnostics-Performance/Operational", "Provider_Name": "Microsoft-Windows-Diagnostics-Performance", "Computer": "DESKTOP-OFJ6N53", "TimeCreated": "2024-04-23 15:47:09.805199+00:00", "RecordID": "393", "Level": "3", "UserID": "S-1-5-19", "EventData.StartTime": "2024-04-23 15:37:10.173851+00:00", "EventData.NameLength": "8", "EventData.Name": "WSearch", "EventData.FriendlyNameLength": "0", "EventData.FriendlyName": null, "EventData.VersionLength": "0", "EventData.Version": null, "EventData.TotalTime": "1219", "EventData.DegradationTime": "873", "EventData.PathLength": "49", "EventData.Path": "C:\\Windows\\system32\\searchindexer.exe /embedding", "EventData.ProductNameLength": "0", "EventData.ProductName": null, "EventData.CompanyNameLength": "0", "EventData.CompanyName": null}
