{"EventID": "50041", "Channel": "Microsoft-Windows-Dhcp-Client/Admin", "Provider_Name": "Microsoft-Windows-Dhcp-Client", "Computer": "WIN-E725EAE32MJ", "TimeCreated": "2022-02-24 08:24:35.650549+00:00", "RecordID": "1", "Level": "4", "UserID": "S-1-5-19"}
{"EventID": "1001", "Channel": "Microsoft-Windows-Dhcp-Client/Admin", "Provider_Name": "Microsoft-Windows-Dhcp-Client", "Computer": "WIN-E725EAE32MJ", "TimeCreated": "2022-02-24 08:26:42.916367+00:00", "RecordID": "2", "Level": "2", "UserID": "S-1-5-19", "EventData.HWLength": "6", "EventData.HWAddress": "AFBWsrpx", "EventData.StatusCode": "121"}
{"EventID": "1001", "Channel": "Microsoft-Windows-Dhcp-Client/Admin", "Provider_Name": "Microsoft-Windows-Dhcp-Client", "Computer": "DESKTOP-OFJ6N53", "TimeCreated": "2022-02-24 08:29:24.445024+00:00", "RecordID": "3", "Level": "2", "UserID": "S-1-5-19", "EventData.HWLength": "6", "EventData.HWAddress": "AFBWsrpx", "EventData.StatusCode": "121"}
{"EventID": "1002", "Channel": "Microsoft-Windows-Dhcp-Client/Admin", "Provider_Name": "Microsoft-Windows-Dhcp-Client", "Computer": "DESKTOP-OFJ6N53", "TimeCreated": "2023-03-03 13:21:52.987907+00:00", "RecordID": "4", "Level": "2", "UserID": "S-1-5-19", "EventData.Address1": "3208774154", "EventData.HWLength": "6", "EventData.HWAddress": "VHm1jm4T", "EventData.Address2": "1967325706"}
{"EventID": "1002", "Channel": "Microsoft-Windows-Dhcp-Client/Admin", "Provider_Name": "Microsoft-Windows-Dhcp-Client", "Computer": "DESKTOP-OFJ6N53", "TimeCreated": "2023-03-04 21:47:53.296808+00:00", "RecordID": "5", "Level": "2", "UserID": "S-1-5-19", "EventData.Address1": "2017657354", "EventData.HWLength": "6", "EventData.HWAddress": "VHm1jm4T", "EventData.Address2": "557974026"}
{"EventID": "1002", "Channel": "Microsoft-Windows-Dhcp-Client/Admin", "Provider_Name": "Microsoft-Windows-Dhcp-Client", "Computer": "DESKTOP-OFJ6N53", "TimeCreated": "2023-03-17 14:10:38.298399+00:00", "RecordID": "6", "Level": "2", "UserID": "S-1-5-19", "EventData.Address1": "37880330", "EventData.HWLength": "6", "EventData.HWAddress": "VHm1jm4T", "EventData.Address2": "3259105802"}
{"EventID": "1002", "Channel": "Microsoft-Windows-Dhcp-Client/Admin", "Provider_Name": "Microsoft-Windows-Dhcp-Client", "Computer": "DESKTOP-OFJ6N53", "TimeCreated": "2023-03-19 01:14:52.250931+00:00", "RecordID": "7", "Level": "2", "UserID": "S-1-5-19", "EventData.Address1": "3275883018", "EventData.HWLength": "6", "EventData.HWAddress": "VHm1jm4T", "EventData.Address2": "708968970"}
{"EventID": "1002", "Channel": "Microsoft-Windows-Dhcp-Client/Admin", "Provider_Name": "Microsoft-Windows-Dhcp-Client", "Computer": "DESKTOP-OFJ6N53", "TimeCreated": "2023-03-28 15:44:41.817802+00:00", "RecordID": "8", "Level": "2", "UserID": "S-1-5-19", "EventData.Address1": "1749221898", "EventData.HWLength": "6", "EventData.HWAddress": "VHm1jm4T", "EventData.Address2": "3041067530"}
{"EventID": "1002", "Channel": "Microsoft-Windows-Dhcp-Client/Admin", "Provider_Name": "Microsoft-Windows-Dhcp-Client", "Computer": "DESKTOP-OFJ6N53", "TimeCreated": "2023-04-05 12:19:00.114044+00:00", "RecordID": "9", "Level": "2", "UserID": "S-1-5-19", "EventData.Address1": "121831946", "EventData.HWLength": "6", "EventData.HWAddress": "VHm1jm4T", "EventData.Address2": "1514340874"}
{"EventID": "1002", "Channel": "Microsoft-Windows-Dhcp-Client/Admin", "Provider_Name": "Microsoft-Windows-Dhcp-Client", "Computer": "DESKTOP-OFJ6N53", "TimeCreated": "2023-04-06 14:34:30.336983+00:00", "RecordID": "10", "Level": "2", "UserID": "S-1-5-19", "EventData.Address1": "1531118090", "EventData.HWLength": "6", "EventData.HWAddress": "VHm1jm4T", "EventData.Address2": "2000880138"}
{"EventID": "1002", "Channel": "Microsoft-Windows-Dhcp-Client/Admin", "Provider_Name": "Microsoft-Windows-Dhcp-Client", "Computer": "DESKTOP-OFJ6N53", "TimeCreated": "2023-04-26 07:08:06.945103+00:00", "RecordID": "11", "Level": "2", "UserID": "S-1-5-19", "EventData.Address1": "255984138", "EventData.HWLength": "6", "EventData.HWAddress": "VHm1jm4T", "EventData.Address2": "3175285258"}
{"EventID": "1002", "Channel": "Microsoft-Windows-Dhcp-Client/Admin", "Provider_Name": "Microsoft-Windows-Dhcp-Client", "Computer": "DESKTOP-OFJ6N53", "TimeCreated": "2023-04-27 14:14:34.719685+00:00", "RecordID": "12", "Level": "2", "UserID": "S-1-5-19", "EventData.Address1": "3192062474", "EventData.HWLength": "6", "EventData.HWAddress": "VHm1jm4T", "EventData.Address2": "3057779210"}
{"EventID": "1002", "Channel": "Microsoft-Windows-Dhcp-Client/Admin", "Provider_Name": "Microsoft-Windows-Dhcp-Client", "Computer": "DESKTOP-OFJ6N53", "TimeCreated": "2023-05-11 09:54:36.739338+00:00", "RecordID": "13", "Level": "2", "UserID": "S-1-5-19", "EventData.Address1": "2453864970", "EventData.HWLength": "6", "EventData.HWAddress": "VHm1jm4T", "EventData.Address2": "1313014282"}
{"EventID": "1002", "Channel": "Microsoft-Windows-Dhcp-Client/Admin", "Provider_Name": "Microsoft-Windows-Dhcp-Client", "Computer": "DESKTOP-OFJ6N53", "TimeCreated": "2023-05-23 08:25:58.625124+00:00", "RecordID": "14", "Level": "2", "UserID": "S-1-5-19", "EventData.Address1": "943915530", "EventData.HWLength": "6", "EventData.HWAddress": "VHm1jm4T", "EventData.Address2": "71500298"}
{"EventID": "1002", "Channel": "Microsoft-Windows-Dhcp-Client/Admin", "Provider_Name": "Microsoft-Windows-Dhcp-Client", "Computer": "DESKTOP-OFJ6N53", "TimeCreated": "2024-02-14 23:18:26.124575+00:00", "RecordID": "15", "Level": "2", "UserID": "S-1-5-19", "EventData.Address1": "168216978", "EventData.HWLength": "6", "EventData.HWAddress": "VGbOqEIU", "EventData.Address2": "2181351826"}
{"EventID": "1002", "Channel": "Microsoft-Windows-Dhcp-Client/Admin", "Provider_Name": "Microsoft-Windows-Dhcp-Client", "Computer": "DESKTOP-OFJ6N53", "TimeCreated": "2024-04-08 13:32:28.444794+00:00", "RecordID": "16", "Level": "2", "UserID": "S-1-5-19", "EventData.Address1": "2198129042", "EventData.HWLength": "6", "EventData.HWAddress": "VGbOqEIU", "EventData.Address2": "570870162"}
{"EventID": "1002", "Channel": "Microsoft-Windows-Dhcp-Client/Admin", "Provider_Name": "Microsoft-Windows-Dhcp-Client", "Computer": "DESKTOP-OFJ6N53", "TimeCreated": "2024-04-09 15:29:01.780550+00:00", "RecordID": "17", "Level": "2", "UserID": "S-1-5-19", "EventData.Address1": "587647378", "EventData.HWLength": "6", "EventData.HWAddress": "VGbOqEIU", "EventData.Address2": "2382743954"}
{"EventID": "1002", "Channel": "Microsoft-Windows-Dhcp-Client/Admin", "Provider_Name": "Microsoft-Windows-Dhcp-Client", "Computer": "DESKTOP-OFJ6N53", "TimeCreated": "2024-04-26 10:40:03.839352+00:00", "RecordID": "18", "Level": "2", "UserID": "S-1-5-19", "EventData.Address1": "2399521170", "EventData.HWLength": "6", "EventData.HWAddress": "VGbOqEIU", "EventData.Address2": "587581842"}
{"EventID": "1002", "Channel": "Microsoft-Windows-Dhcp-Client/Admin", "Provider_Name": "Microsoft-Windows-Dhcp-Client", "Computer": "DESKTOP-OFJ6N53", "TimeCreated": "2024-04-29 10:31:05.482784+00:00", "RecordID": "19", "Level": "2", "UserID": "S-1-5-19", "EventData.Address1": "604359058", "EventData.HWLength": "6", "EventData.HWAddress": "VGbOqEIU", "EventData.Address2": "1678035346"}
{"EventID": "1002", "Channel": "Microsoft-Windows-Dhcp-Client/Admin", "Provider_Name": "Microsoft-Windows-Dhcp-Client", "Computer": "DESKTOP-OFJ6N53", "TimeCreated": "2024-05-13 15:26:32.386795+00:00", "RecordID": "20", "Level": "2", "UserID": "S-1-5-19", "EventData.Address1": "1694812562", "EventData.HWLength": "6", "EventData.HWAddress": "VGbOqEIU", "EventData.Address2": "1980156306"}
{"EventID": "1002", "Channel": "Microsoft-Windows-Dhcp-Client/Admin", "Provider_Name": "Microsoft-Windows-Dhcp-Client", "Computer": "DESKTOP-OFJ6N53", "TimeCreated": "2024-06-22 09:10:20.865982+00:00", "RecordID": "21", "Level": "2", "UserID": "S-1-5-19", "EventData.Address1": "1996933522", "EventData.HWLength": "6", "EventData.HWAddress": "VGbOqEIU", "EventData.Address2": "2047134098"}
{"EventID": "1002", "Channel": "Microsoft-Windows-Dhcp-Client/Admin", "Provider_Name": "Microsoft-Windows-Dhcp-Client", "Computer": "DESKTOP-OFJ6N53", "TimeCreated": "2024-07-04 10:14:41.300972+00:00", "RecordID": "22", "Level": "2", "UserID": "S-1-5-19", "EventData.Address1": "2063911314", "EventData.HWLength": "6", "EventData.HWAddress": "VGbOqEIU", "EventData.Address2": "1896204690"}
{"EventID": "1002", "Channel": "Microsoft-Windows-Dhcp-Client/Admin", "Provider_Name": "Microsoft-Windows-Dhcp-Client", "Computer": "DESKTOP-OFJ6N53", "TimeCreated": "2024-07-23 18:20:40.456970+00:00", "RecordID": "23", "Level": "2", "UserID": "S-1-5-19", "EventData.Address1": "1912981906", "EventData.HWLength": "6", "EventData.HWAddress": "VGbOqEIU", "EventData.Address2": "470272402"}
{"EventID": "1002", "Channel": "Microsoft-Windows-Dhcp-Client/Admin", "Provider_Name": "Microsoft-Windows-Dhcp-Client", "Computer": "DESKTOP-OFJ6N53", "TimeCreated": "2024-07-28 15:27:23.337385+00:00", "RecordID": "24", "Level": "2", "UserID": "S-1-5-19", "EventData.Address1": "487049618", "EventData.HWLength": "6", "EventData.HWAddress": "VGbOqEIU", "EventData.Address2": "889702802"}
{"EventID": "1002", "Channel": "Microsoft-Windows-Dhcp-Client/Admin", "Provider_Name": "Microsoft-Windows-Dhcp-Client", "Computer": "DESKTOP-OFJ6N53", "TimeCreated": "2024-07-29 07:30:18.909031+00:00", "RecordID": "25", "Level": "2", "UserID": "S-1-5-19", "EventData.Address1": "906480018", "EventData.HWLength": "6", "EventData.HWAddress": "VGbOqEIU", "EventData.Address2": "4245014930"}
{"EventID": "1002", "Channel": "Microsoft-Windows-Dhcp-Client/Admin", "Provider_Name": "Microsoft-Windows-Dhcp-Client", "Computer": "DESKTOP-OFJ6N53", "TimeCreated": "2024-07-29 15:23:20.548103+00:00", "RecordID": "26", "Level": "2", "UserID": "S-1-5-19", "EventData.Address1": "4261792146", "EventData.HWLength": "6", "EventData.HWAddress": "VGbOqEIU", "EventData.Address2": "386189714"}
{"EventID": "1002", "Channel": "Microsoft-Windows-Dhcp-Client/Admin", "Provider_Name": "Microsoft-Windows-Dhcp-Client", "Computer": "DESKTOP-OFJ6N53", "TimeCreated": "2024-08-01 20:35:09.014423+00:00", "RecordID": "27", "Level": "2", "UserID": "S-1-5-19", "EventData.Address1": "402966930", "EventData.HWLength": "6", "EventData.HWAddress": "VGbOqEIU", "EventData.Address2": "2869217682"}
{"EventID": "1002", "Channel": "Microsoft-Windows-Dhcp-Client/Admin", "Provider_Name": "Microsoft-Windows-Dhcp-Client", "Computer": "DESKTOP-OFJ6N53", "TimeCreated": "2024-08-02 08:18:04.957235+00:00", "RecordID": "28", "Level": "2", "UserID": "S-1-5-19", "EventData.Address1": "2885994898", "EventData.HWLength": "6", "EventData.HWAddress": "VGbOqEIU", "EventData.Address2": "2886191506"}
{"EventID": "1002", "Channel": "Microsoft-Windows-Dhcp-Client/Admin", "Provider_Name": "Microsoft-Windows-Dhcp-Client", "Computer": "DESKTOP-OFJ6N53", "TimeCreated": "2024-08-30 11:03:14.962587+00:00", "RecordID": "29", "Level": "2", "UserID": "S-1-5-19", "EventData.Address1": "2902968722", "EventData.HWLength": "6", "EventData.HWAddress": "VGbOqEIU", "EventData.Address2": "2953103762"}
{"EventID": "1002", "Channel": "Microsoft-Windows-Dhcp-Client/Admin", "Provider_Name": "Microsoft-Windows-Dhcp-Client", "Computer": "DESKTOP-OFJ6N53", "TimeCreated": "2024-09-04 10:28:48.342838+00:00", "RecordID": "30", "Level": "2", "UserID": "S-1-5-19", "EventData.Address1": "2969880978", "EventData.HWLength": "6", "EventData.HWAddress": "VGbOqEIU", "EventData.Address2": "218548626"}
{"EventID": "1002", "Channel": "Microsoft-Windows-Dhcp-Client/Admin", "Provider_Name": "Microsoft-Windows-Dhcp-Client", "Computer": "DESKTOP-OFJ6N53", "TimeCreated": "2024-09-06 13:35:40.619104+00:00", "RecordID": "31", "Level": "2", "UserID": "S-1-5-19", "EventData.Address1": "235325842", "EventData.HWLength": "6", "EventData.HWAddress": "VGbOqEIU", "EventData.Address2": "2131151250"}
{"EventID": "1002", "Channel": "Microsoft-Windows-Dhcp-Client/Admin", "Provider_Name": "Microsoft-Windows-Dhcp-Client", "Computer": "DESKTOP-OFJ6N53", "TimeCreated": "2024-09-06 13:42:36.578821+00:00", "RecordID": "32", "Level": "2", "UserID": "S-1-5-19", "EventData.Address1": "2147928466", "EventData.HWLength": "6", "EventData.HWAddress": "VGbOqEIU", "EventData.Address2": "2449918354"}
{"EventID": "1002", "Channel": "Microsoft-Windows-Dhcp-Client/Admin", "Provider_Name": "Microsoft-Windows-Dhcp-Client", "Computer": "DESKTOP-OFJ6N53", "TimeCreated": "2024-09-11 09:22:29.626303+00:00", "RecordID": "33", "Level": "2", "UserID": "S-1-5-19", "EventData.Address1": "2466695570", "EventData.HWLength": "6", "EventData.HWAddress": "VGbOqEIU", "EventData.Address2": "3003435410"}
{"EventID": "1002", "Channel": "Microsoft-Windows-Dhcp-Client/Admin", "Provider_Name": "Microsoft-Windows-Dhcp-Client", "Computer": "DESKTOP-OFJ6N53", "TimeCreated": "2024-09-16 12:53:10.019447+00:00", "RecordID": "34", "Level": "2", "UserID": "S-1-5-19", "EventData.Address1": "3020212626", "EventData.HWLength": "6", "EventData.HWAddress": "VGbOqEIU", "EventData.Address2": "369412498"}
{"EventID": "1002", "Channel": "Microsoft-Windows-Dhcp-Client/Admin", "Provider_Name": "Microsoft-Windows-Dhcp-Client", "Computer": "DESKTOP-OFJ6N53", "TimeCreated": "2024-09-24 12:15:34.496027+00:00", "RecordID": "35", "Level": "2", "UserID": "S-1-5-19", "EventData.Address1": "386189714", "EventData.HWLength": "6", "EventData.HWAddress": "VGbOqEIU", "EventData.Address2": "1426377106"}
{"EventID": "1002", "Channel": "Microsoft-Windows-Dhcp-Client/Admin", "Provider_Name": "Microsoft-Windows-Dhcp-Client", "Computer": "DESKTOP-OFJ6N53", "TimeCreated": "2024-09-24 15:14:23.090601+00:00", "RecordID": "36", "Level": "2", "UserID": "S-1-5-19", "EventData.Address1": "1443154322", "EventData.HWLength": "6", "EventData.HWAddress": "VGbOqEIU", "EventData.Address2": "2147928466"}
{"EventID": "1002", "Channel": "Microsoft-Windows-Dhcp-Client/Admin", "Provider_Name": "Microsoft-Windows-Dhcp-Client", "Computer": "DESKTOP-OFJ6N53", "TimeCreated": "2024-10-01 12:57:48.497869+00:00", "RecordID": "37", "Level": "2", "UserID": "S-1-5-19", "EventData.Address1": "2164705682", "EventData.HWLength": "6", "EventData.HWAddress": "VGbOqEIU", "EventData.Address2": "4211460498"}
{"EventID": "1002", "Channel": "Microsoft-Windows-Dhcp-Client/Admin", "Provider_Name": "Microsoft-Windows-Dhcp-Client", "Computer": "DESKTOP-OFJ6N53", "TimeCreated": "2024-10-04 12:29:52.987738+00:00", "RecordID": "38", "Level": "2", "UserID": "S-1-5-19", "EventData.Address1": "4228237714", "EventData.HWLength": "6", "EventData.HWAddress": "VGbOqEIU", "EventData.Address2": "3389311378"}
{"EventID": "1002", "Channel": "Microsoft-Windows-Dhcp-Client/Admin", "Provider_Name": "Microsoft-Windows-Dhcp-Client", "Computer": "DESKTOP-OFJ6N53", "TimeCreated": "2024-12-18 15:52:18.219131+00:00", "RecordID": "39", "Level": "2", "UserID": "S-1-5-19", "EventData.Address1": "3406088594", "EventData.HWLength": "6", "EventData.HWAddress": "VGbOqEIU", "EventData.Address2": "2617756050"}
{"EventID": "1002", "Channel": "Microsoft-Windows-Dhcp-Client/Admin", "Provider_Name": "Microsoft-Windows-Dhcp-Client", "Computer": "DESKTOP-OFJ6N53", "TimeCreated": "2024-12-19 15:15:25.848814+00:00", "RecordID": "40", "Level": "2", "UserID": "S-1-5-19", "EventData.Address1": "2634533266", "EventData.HWLength": "6", "EventData.HWAddress": "VGbOqEIU", "EventData.Address2": "419744146"}
{"EventID": "1002", "Channel": "Microsoft-Windows-Dhcp-Client/Admin", "Provider_Name": "Microsoft-Windows-Dhcp-Client", "Computer": "DESKTOP-OFJ6N53", "TimeCreated": "2025-01-23 07:56:14.149416+00:00", "RecordID": "41", "Level": "2", "UserID": "S-1-5-19", "EventData.Address1": "436521362", "EventData.HWLength": "6", "EventData.HWAddress": "VGbOqEIU", "EventData.Address2": "1057802642"}
{"EventID": "1002", "Channel": "Microsoft-Windows-Dhcp-Client/Admin", "Provider_Name": "Microsoft-Windows-Dhcp-Client", "Computer": "DESKTOP-OFJ6N53", "TimeCreated": "2025-04-01 05:00:34.736666+00:00", "RecordID": "42", "Level": "2", "UserID": "S-1-5-19", "EventData.Address1": "2718812562", "EventData.HWLength": "6", "EventData.HWAddress": "VDoD+k4U", "EventData.Address2": "3892890002"}
{"EventID": "1002", "Channel": "Microsoft-Windows-Dhcp-Client/Admin", "Provider_Name": "Microsoft-Windows-Dhcp-Client", "Computer": "DESKTOP-OFJ6N53", "TimeCreated": "2025-04-06 12:20:44.125393+00:00", "RecordID": "43", "Level": "2", "UserID": "S-1-5-19", "EventData.Address1": "3909667218", "EventData.HWLength": "6", "EventData.HWAddress": "VDoD+k4U", "EventData.Address2": "1862846866"}
{"EventID": "1002", "Channel": "Microsoft-Windows-Dhcp-Client/Admin", "Provider_Name": "Microsoft-Windows-Dhcp-Client", "Computer": "DESKTOP-OFJ6N53", "TimeCreated": "2025-04-07 05:37:41.307581+00:00", "RecordID": "44", "Level": "2", "UserID": "S-1-5-19", "EventData.Address1": "1879624082", "EventData.HWLength": "6", "EventData.HWAddress": "VDoD+k4U", "EventData.Address2": "705218962"}
