{"EventID": "1", "Channel": "Microsoft-Windows-WER-PayloadHealth/Operational", "Provider_Name": "Microsoft-Windows-WER-PayloadHealth", "Computer": "DESKTOP-OFJ6N53", "TimeCreated": "2023-03-30 01:47:19.630983+00:00", "RecordID": "1165", "Level": "4", "UserID": "S-1-5-21-963789628-1060504924-4285088085-1001", "EventData.UploadDuration": "31015", "EventData.PayloadSize": "170199", "EventData.Protocol": "OCA", "EventData.Stage": "data-upload/minidump", "EventData.BytesUploaded": "170199", "EventData.ServerName": "watson.events.data.microsoft.com"}
{"EventID": "1", "Channel": "Microsoft-Windows-WER-PayloadHealth/Operational", "Provider_Name": "Microsoft-Windows-WER-PayloadHealth", "Computer": "DESKTOP-OFJ6N53", "TimeCreated": "2023-03-30 10:52:04.871227+00:00", "RecordID": "1166", "Level": "4", "UserID": "S-1-5-21-963789628-1060504924-4285088085-1001", "EventData.UploadDuration": "6203", "EventData.PayloadSize": "4643", "EventData.Protocol": "Watson", "EventData.Stage": "s1event", "EventData.BytesUploaded": "4643", "EventData.ServerName": "watson.events.data.microsoft.com"}
{"EventID": "1", "Channel": "Microsoft-Windows-WER-PayloadHealth/Operational", "Provider_Name": "Microsoft-Windows-WER-PayloadHealth", "Computer": "DESKTOP-OFJ6N53", "TimeCreated": "2023-03-30 14:12:13.593563+00:00", "RecordID": "1167", "Level": "4", "UserID": "S-1-5-21-963789628-1060504924-4285088085-1001", "EventData.UploadDuration": "5969", "EventData.PayloadSize": "4965", "EventData.Protocol": "Watson", "EventData.Stage": "s1event", "EventData.BytesUploaded": "4965", "EventData.ServerName": "watson.events.data.microsoft.com"}
{"EventID": "1", "Channel": "Microsoft-Windows-WER-PayloadHealth/Operational", "Provider_Name": "Microsoft-Windows-WER-PayloadHealth", "Computer": "DESKTOP-OFJ6N53", "TimeCreated": "2023-04-03 17:06:02.410601+00:00", "RecordID": "1168", "Level": "4", "UserID": "S-1-5-21-963789628-1060504924-4285088085-1001", "EventData.UploadDuration": "1063", "EventData.PayloadSize": "4964", "EventData.Protocol": "Watson", "EventData.Stage": "s1event", "EventData.BytesUploaded": "4964", "EventData.ServerName": "watson.events.data.microsoft.com"}
{"EventID": "1", "Channel": "Microsoft-Windows-WER-PayloadHealth/Operational", "Provider_Name": "Microsoft-Windows-WER-PayloadHealth", "Computer": "DESKTOP-OFJ6N53", "TimeCreated": "2023-04-03 17:06:17.939978+00:00", "RecordID": "1169", "Level": "4", "UserID": "S-1-5-21-963789628-1060504924-4285088085-1001", "EventData.UploadDuration": "5078", "EventData.PayloadSize": "4651", "EventData.Protocol": "Watson", "EventData.Stage": "s1event", "EventData.BytesUploaded": "4651", "EventData.ServerName": "watson.events.data.microsoft.com"}
{"EventID": "1", "Channel": "Microsoft-Windows-WER-PayloadHealth/Operational", "Provider_Name": "Microsoft-Windows-WER-PayloadHealth", "Computer": "DESKTOP-OFJ6N53", "TimeCreated": "2023-04-04 06:53:59.256325+00:00", "RecordID": "1170", "Level": "4", "UserID": "S-1-5-21-963789628-1060504924-4285088085-1001", "EventData.UploadDuration": "3203", "EventData.PayloadSize": "4643", "EventData.Protocol": "Watson", "EventData.Stage": "s1event", "EventData.BytesUploaded": "4643", "EventData.ServerName": "watson.events.data.microsoft.com"}
{"EventID": "2", "Channel": "Microsoft-Windows-WER-PayloadHealth/Operational", "Provider_Name": "Microsoft-Windows-WER-PayloadHealth", "Computer": "DESKTOP-OFJ6N53", "TimeCreated": "2023-04-05 12:09:19.764563+00:00", "RecordID": "1171", "Level": "4", "UserID": "S-1-5-21-963789628-1060504924-4285088085-1001", "EventData.HttpExchangeResult": "2147954402", "EventData.UploadDuration": "37937", "EventData.PayloadSize": "4964", "EventData.Protocol": "Watson", "EventData.Stage": "s1event", "EventData.RequestStatusCode": "0", "EventData.BytesUploaded": "4964", "EventData.ServerName": "watson.events.data.microsoft.com", "EventData.TransportHr": "2147954402"}
{"EventID": "1", "Channel": "Microsoft-Windows-WER-PayloadHealth/Operational", "Provider_Name": "Microsoft-Windows-WER-PayloadHealth", "Computer": "DESKTOP-OFJ6N53", "TimeCreated": "2023-04-05 12:10:05.734983+00:00", "RecordID": "1172", "Level": "4", "UserID": "S-1-5-21-963789628-1060504924-4285088085-1001", "EventData.UploadDuration": "22828", "EventData.PayloadSize": "4643", "EventData.Protocol": "Watson", "EventData.Stage": "s1event", "EventData.BytesUploaded": "4643", "EventData.ServerName": "watson.events.data.microsoft.com"}
{"EventID": "1", "Channel": "Microsoft-Windows-WER-PayloadHealth/Operational", "Provider_Name": "Microsoft-Windows-WER-PayloadHealth", "Computer": "DESKTOP-OFJ6N53", "TimeCreated": "2023-04-05 12:37:03.604731+00:00", "RecordID": "1173", "Level": "4", "UserID": "S-1-5-21-963789628-1060504924-4285088085-1001", "EventData.UploadDuration": "890", "EventData.PayloadSize": "4964", "EventData.Protocol": "Watson", "EventData.Stage": "s1event", "EventData.BytesUploaded": "4964", "EventData.ServerName": "watson.events.data.microsoft.com"}
{"EventID": "1", "Channel": "Microsoft-Windows-WER-PayloadHealth/Operational", "Provider_Name": "Microsoft-Windows-WER-PayloadHealth", "Computer": "DESKTOP-OFJ6N53", "TimeCreated": "2023-04-05 15:23:45.901701+00:00", "RecordID": "1174", "Level": "4", "UserID": "S-1-5-21-963789628-1060504924-4285088085-1001", "EventData.UploadDuration": "12969", "EventData.PayloadSize": "4964", "EventData.Protocol": "Watson", "EventData.Stage": "s1event", "EventData.BytesUploaded": "4964", "EventData.ServerName": "watson.events.data.microsoft.com"}
{"EventID": "1", "Channel": "Microsoft-Windows-WER-PayloadHealth/Operational", "Provider_Name": "Microsoft-Windows-WER-PayloadHealth", "Computer": "DESKTOP-OFJ6N53", "TimeCreated": "2023-04-05 15:31:34.637644+00:00", "RecordID": "1175", "Level": "4", "UserID": "S-1-5-21-963789628-1060504924-4285088085-1001", "EventData.UploadDuration": "4016", "EventData.PayloadSize": "4964", "EventData.Protocol": "Watson", "EventData.Stage": "s1event", "EventData.BytesUploaded": "4964", "EventData.ServerName": "watson.events.data.microsoft.com"}
{"EventID": "1", "Channel": "Microsoft-Windows-WER-PayloadHealth/Operational", "Provider_Name": "Microsoft-Windows-WER-PayloadHealth", "Computer": "DESKTOP-OFJ6N53", "TimeCreated": "2023-04-05 15:38:47.030434+00:00", "RecordID": "1176", "Level": "4", "UserID": "S-1-5-21-963789628-1060504924-4285088085-1001", "EventData.UploadDuration": "3329", "EventData.PayloadSize": "4964", "EventData.Protocol": "Watson", "EventData.Stage": "s1event", "EventData.BytesUploaded": "4964", "EventData.ServerName": "watson.events.data.microsoft.com"}
{"EventID": "1", "Channel": "Microsoft-Windows-WER-PayloadHealth/Operational", "Provider_Name": "Microsoft-Windows-WER-PayloadHealth", "Computer": "DESKTOP-OFJ6N53", "TimeCreated": "2023-04-07 15:30:32.054022+00:00", "RecordID": "1177", "Level": "4", "UserID": "S-1-5-21-963789628-1060504924-4285088085-1001", "EventData.UploadDuration": "1469", "EventData.PayloadSize": "4965", "EventData.Protocol": "Watson", "EventData.Stage": "s1event", "EventData.BytesUploaded": "4965", "EventData.ServerName": "watson.events.data.microsoft.com"}
{"EventID": "2", "Channel": "Microsoft-Windows-WER-PayloadHealth/Operational", "Provider_Name": "Microsoft-Windows-WER-PayloadHealth", "Computer": "DESKTOP-OFJ6N53", "TimeCreated": "2023-04-07 15:33:11.432154+00:00", "RecordID": "1178", "Level": "4", "UserID": "S-1-5-21-963789628-1060504924-4285088085-1001", "EventData.HttpExchangeResult": "2147954402", "EventData.UploadDuration": "56329", "EventData.PayloadSize": "4965", "EventData.Protocol": "Watson", "EventData.Stage": "s1event", "EventData.RequestStatusCode": "0", "EventData.BytesUploaded": "0", "EventData.ServerName": "watson.events.data.microsoft.com", "EventData.TransportHr": "2147954402"}
{"EventID": "1", "Channel": "Microsoft-Windows-WER-PayloadHealth/Operational", "Provider_Name": "Microsoft-Windows-WER-PayloadHealth", "Computer": "DESKTOP-OFJ6N53", "TimeCreated": "2023-04-07 16:14:08.606113+00:00", "RecordID": "1179", "Level": "4", "UserID": "S-1-5-21-963789628-1060504924-4285088085-1001", "EventData.UploadDuration": "2390", "EventData.PayloadSize": "4965", "EventData.Protocol": "Watson", "EventData.Stage": "s1event", "EventData.BytesUploaded": "4965", "EventData.ServerName": "watson.events.data.microsoft.com"}
{"EventID": "1", "Channel": "Microsoft-Windows-WER-PayloadHealth/Operational", "Provider_Name": "Microsoft-Windows-WER-PayloadHealth", "Computer": "DESKTOP-OFJ6N53", "TimeCreated": "2023-04-10 11:28:59.215578+00:00", "RecordID": "1180", "Level": "4", "UserID": "S-1-5-21-963789628-1060504924-4285088085-1001", "EventData.UploadDuration": "1484", "EventData.PayloadSize": "4644", "EventData.Protocol": "Watson", "EventData.Stage": "s1event", "EventData.BytesUploaded": "4644", "EventData.ServerName": "watson.events.data.microsoft.com"}
{"EventID": "1", "Channel": "Microsoft-Windows-WER-PayloadHealth/Operational", "Provider_Name": "Microsoft-Windows-WER-PayloadHealth", "Computer": "DESKTOP-OFJ6N53", "TimeCreated": "2023-04-11 14:22:31.434351+00:00", "RecordID": "1181", "Level": "4", "UserID": "S-1-5-21-963789628-1060504924-4285088085-1001", "EventData.UploadDuration": "1375", "EventData.PayloadSize": "3645", "EventData.Protocol": "OCA", "EventData.Stage": "request-upload/minidump", "EventData.BytesUploaded": "3645", "EventData.ServerName": "watson.events.data.microsoft.com"}
{"EventID": "1", "Channel": "Microsoft-Windows-WER-PayloadHealth/Operational", "Provider_Name": "Microsoft-Windows-WER-PayloadHealth", "Computer": "DESKTOP-OFJ6N53", "TimeCreated": "2023-04-11 14:23:10.836021+00:00", "RecordID": "1182", "Level": "4", "UserID": "S-1-5-21-963789628-1060504924-4285088085-1001", "EventData.UploadDuration": "39297", "EventData.PayloadSize": "187303", "EventData.Protocol": "OCA", "EventData.Stage": "data-upload/minidump", "EventData.BytesUploaded": "187303", "EventData.ServerName": "watson.events.data.microsoft.com"}
{"EventID": "1", "Channel": "Microsoft-Windows-WER-PayloadHealth/Operational", "Provider_Name": "Microsoft-Windows-WER-PayloadHealth", "Computer": "DESKTOP-OFJ6N53", "TimeCreated": "2023-04-11 20:10:01.273483+00:00", "RecordID": "1183", "Level": "4", "UserID": "S-1-5-21-963789628-1060504924-4285088085-1001", "EventData.UploadDuration": "8453", "EventData.PayloadSize": "4964", "EventData.Protocol": "Watson", "EventData.Stage": "s1event", "EventData.BytesUploaded": "4964", "EventData.ServerName": "watson.events.data.microsoft.com"}
{"EventID": "1", "Channel": "Microsoft-Windows-WER-PayloadHealth/Operational", "Provider_Name": "Microsoft-Windows-WER-PayloadHealth", "Computer": "DESKTOP-OFJ6N53", "TimeCreated": "2023-04-12 11:38:57.501020+00:00", "RecordID": "1184", "Level": "4", "UserID": "S-1-5-21-963789628-1060504924-4285088085-1001", "EventData.UploadDuration": "6969", "EventData.PayloadSize": "4891", "EventData.Protocol": "Watson", "EventData.Stage": "s1event", "EventData.BytesUploaded": "4891", "EventData.ServerName": "watson.events.data.microsoft.com"}
{"EventID": "1", "Channel": "Microsoft-Windows-WER-PayloadHealth/Operational", "Provider_Name": "Microsoft-Windows-WER-PayloadHealth", "Computer": "DESKTOP-OFJ6N53", "TimeCreated": "2023-04-20 16:46:50.032850+00:00", "RecordID": "1185", "Level": "4", "UserID": "S-1-5-21-963789628-1060504924-4285088085-1001", "EventData.UploadDuration": "1500", "EventData.PayloadSize": "4966", "EventData.Protocol": "Watson", "EventData.Stage": "s1event", "EventData.BytesUploaded": "4966", "EventData.ServerName": "watson.events.data.microsoft.com"}
{"EventID": "1", "Channel": "Microsoft-Windows-WER-PayloadHealth/Operational", "Provider_Name": "Microsoft-Windows-WER-PayloadHealth", "Computer": "DESKTOP-OFJ6N53", "TimeCreated": "2023-04-20 22:50:17.596193+00:00", "RecordID": "1186", "Level": "4", "UserID": "S-1-5-21-963789628-1060504924-4285088085-1001", "EventData.UploadDuration": "1219", "EventData.PayloadSize": "3645", "EventData.Protocol": "OCA", "EventData.Stage": "request-upload/minidump", "EventData.BytesUploaded": "3645", "EventData.ServerName": "watson.events.data.microsoft.com"}
{"EventID": "1", "Channel": "Microsoft-Windows-WER-PayloadHealth/Operational", "Provider_Name": "Microsoft-Windows-WER-PayloadHealth", "Computer": "DESKTOP-OFJ6N53", "TimeCreated": "2023-04-20 22:50:32.489819+00:00", "RecordID": "1187", "Level": "4", "UserID": "S-1-5-21-963789628-1060504924-4285088085-1001", "EventData.UploadDuration": "14765", "EventData.PayloadSize": "177453", "EventData.Protocol": "OCA", "EventData.Stage": "data-upload/minidump", "EventData.BytesUploaded": "177453", "EventData.ServerName": "watson.events.data.microsoft.com"}
{"EventID": "2", "Channel": "Microsoft-Windows-WER-PayloadHealth/Operational", "Provider_Name": "Microsoft-Windows-WER-PayloadHealth", "Computer": "DESKTOP-OFJ6N53", "TimeCreated": "2023-04-26 10:09:17.190775+00:00", "RecordID": "1188", "Level": "4", "UserID": "S-1-5-21-963789628-1060504924-4285088085-1001", "EventData.HttpExchangeResult": "2147954407", "EventData.UploadDuration": "16", "EventData.PayloadSize": "4437", "EventData.Protocol": "Watson", "EventData.Stage": "s1event", "EventData.RequestStatusCode": "0", "EventData.BytesUploaded": "0", "EventData.ServerName": "watson.events.data.microsoft.com", "EventData.TransportHr": "2147954407"}
{"EventID": "1", "Channel": "Microsoft-Windows-WER-PayloadHealth/Operational", "Provider_Name": "Microsoft-Windows-WER-PayloadHealth", "Computer": "DESKTOP-OFJ6N53", "TimeCreated": "2023-04-26 10:12:01.512726+00:00", "RecordID": "1189", "Level": "4", "UserID": "S-1-5-21-963789628-1060504924-4285088085-1001", "EventData.UploadDuration": "813", "EventData.PayloadSize": "4437", "EventData.Protocol": "Watson", "EventData.Stage": "s1event", "EventData.BytesUploaded": "4437", "EventData.ServerName": "watson.events.data.microsoft.com"}
{"EventID": "1", "Channel": "Microsoft-Windows-WER-PayloadHealth/Operational", "Provider_Name": "Microsoft-Windows-WER-PayloadHealth", "Computer": "DESKTOP-OFJ6N53", "TimeCreated": "2023-05-02 10:16:14.652079+00:00", "RecordID": "1190", "Level": "4", "UserID": "S-1-5-21-963789628-1060504924-4285088085-1001", "EventData.UploadDuration": "16500", "EventData.PayloadSize": "4644", "EventData.Protocol": "Watson", "EventData.Stage": "s1event", "EventData.BytesUploaded": "4644", "EventData.ServerName": "watson.events.data.microsoft.com"}
{"EventID": "1", "Channel": "Microsoft-Windows-WER-PayloadHealth/Operational", "Provider_Name": "Microsoft-Windows-WER-PayloadHealth", "Computer": "DESKTOP-OFJ6N53", "TimeCreated": "2023-05-02 10:36:53.318724+00:00", "RecordID": "1191", "Level": "4", "UserID": "S-1-5-21-963789628-1060504924-4285088085-1001", "EventData.UploadDuration": "4937", "EventData.PayloadSize": "4965", "EventData.Protocol": "Watson", "EventData.Stage": "s1event", "EventData.BytesUploaded": "4965", "EventData.ServerName": "watson.events.data.microsoft.com"}
{"EventID": "1", "Channel": "Microsoft-Windows-WER-PayloadHealth/Operational", "Provider_Name": "Microsoft-Windows-WER-PayloadHealth", "Computer": "DESKTOP-OFJ6N53", "TimeCreated": "2023-05-10 00:20:26.641237+00:00", "RecordID": "1192", "Level": "4", "UserID": "S-1-5-21-963789628-1060504924-4285088085-1001", "EventData.UploadDuration": "8890", "EventData.PayloadSize": "4915", "EventData.Protocol": "Watson", "EventData.Stage": "s1event", "EventData.BytesUploaded": "4915", "EventData.ServerName": "watson.events.data.microsoft.com"}
{"EventID": "2", "Channel": "Microsoft-Windows-WER-PayloadHealth/Operational", "Provider_Name": "Microsoft-Windows-WER-PayloadHealth", "Computer": "DESKTOP-OFJ6N53", "TimeCreated": "2023-05-10 10:10:44.394125+00:00", "RecordID": "1193", "Level": "4", "UserID": "S-1-5-21-963789628-1060504924-4285088085-1001", "EventData.HttpExchangeResult": "2147954402", "EventData.UploadDuration": "32046", "EventData.PayloadSize": "4965", "EventData.Protocol": "Watson", "EventData.Stage": "s1event", "EventData.RequestStatusCode": "0", "EventData.BytesUploaded": "4965", "EventData.ServerName": "watson.events.data.microsoft.com", "EventData.TransportHr": "2147954402"}
{"EventID": "2", "Channel": "Microsoft-Windows-WER-PayloadHealth/Operational", "Provider_Name": "Microsoft-Windows-WER-PayloadHealth", "Computer": "DESKTOP-OFJ6N53", "TimeCreated": "2023-05-10 12:41:58.980982+00:00", "RecordID": "1194", "Level": "4", "UserID": "S-1-5-21-963789628-1060504924-4285088085-1001", "EventData.HttpExchangeResult": "2147954402", "EventData.UploadDuration": "32031", "EventData.PayloadSize": "4965", "EventData.Protocol": "Watson", "EventData.Stage": "s1event", "EventData.RequestStatusCode": "0", "EventData.BytesUploaded": "4965", "EventData.ServerName": "watson.events.data.microsoft.com", "EventData.TransportHr": "2147954402"}
{"EventID": "2", "Channel": "Microsoft-Windows-WER-PayloadHealth/Operational", "Provider_Name": "Microsoft-Windows-WER-PayloadHealth", "Computer": "DESKTOP-OFJ6N53", "TimeCreated": "2023-05-10 16:40:22.998838+00:00", "RecordID": "1195", "Level": "4", "UserID": "S-1-5-21-963789628-1060504924-4285088085-1001", "EventData.HttpExchangeResult": "2147954402", "EventData.UploadDuration": "32031", "EventData.PayloadSize": "4965", "EventData.Protocol": "Watson", "EventData.Stage": "s1event", "EventData.RequestStatusCode": "0", "EventData.BytesUploaded": "4965", "EventData.ServerName": "watson.events.data.microsoft.com", "EventData.TransportHr": "2147954402"}
{"EventID": "1", "Channel": "Microsoft-Windows-WER-PayloadHealth/Operational", "Provider_Name": "Microsoft-Windows-WER-PayloadHealth", "Computer": "DESKTOP-OFJ6N53", "TimeCreated": "2023-05-10 18:39:13.644594+00:00", "RecordID": "1196", "Level": "4", "UserID": "S-1-5-18", "EventData.UploadDuration": "4797", "EventData.PayloadSize": "4471", "EventData.Protocol": "Watson", "EventData.Stage": "s1event", "EventData.BytesUploaded": "4471", "EventData.ServerName": "watson.events.data.microsoft.com"}
{"EventID": "2", "Channel": "Microsoft-Windows-WER-PayloadHealth/Operational", "Provider_Name": "Microsoft-Windows-WER-PayloadHealth", "Computer": "DESKTOP-OFJ6N53", "TimeCreated": "2023-05-10 20:11:56.872355+00:00", "RecordID": "1197", "Level": "4", "UserID": "S-1-5-21-963789628-1060504924-4285088085-1001", "EventData.HttpExchangeResult": "2147954402", "EventData.UploadDuration": "32000", "EventData.PayloadSize": "4965", "EventData.Protocol": "Watson", "EventData.Stage": "s1event", "EventData.RequestStatusCode": "0", "EventData.BytesUploaded": "4965", "EventData.ServerName": "watson.events.data.microsoft.com", "EventData.TransportHr": "2147954402"}
{"EventID": "2", "Channel": "Microsoft-Windows-WER-PayloadHealth/Operational", "Provider_Name": "Microsoft-Windows-WER-PayloadHealth", "Computer": "DESKTOP-OFJ6N53", "TimeCreated": "2023-05-11 00:11:13.886787+00:00", "RecordID": "1198", "Level": "4", "UserID": "S-1-5-21-963789628-1060504924-4285088085-1001", "EventData.HttpExchangeResult": "2147954402", "EventData.UploadDuration": "32031", "EventData.PayloadSize": "4965", "EventData.Protocol": "Watson", "EventData.Stage": "s1event", "EventData.RequestStatusCode": "0", "EventData.BytesUploaded": "4965", "EventData.ServerName": "watson.events.data.microsoft.com", "EventData.TransportHr": "2147954402"}
{"EventID": "2", "Channel": "Microsoft-Windows-WER-PayloadHealth/Operational", "Provider_Name": "Microsoft-Windows-WER-PayloadHealth", "Computer": "DESKTOP-OFJ6N53", "TimeCreated": "2023-05-11 04:00:59.412186+00:00", "RecordID": "1199", "Level": "4", "UserID": "S-1-5-21-963789628-1060504924-4285088085-1001", "EventData.HttpExchangeResult": "2147954402", "EventData.UploadDuration": "32016", "EventData.PayloadSize": "4965", "EventData.Protocol": "Watson", "EventData.Stage": "s1event", "EventData.RequestStatusCode": "0", "EventData.BytesUploaded": "4965", "EventData.ServerName": "watson.events.data.microsoft.com", "EventData.TransportHr": "2147954402"}
{"EventID": "2", "Channel": "Microsoft-Windows-WER-PayloadHealth/Operational", "Provider_Name": "Microsoft-Windows-WER-PayloadHealth", "Computer": "DESKTOP-OFJ6N53", "TimeCreated": "2023-05-11 08:01:11.920744+00:00", "RecordID": "1200", "Level": "4", "UserID": "S-1-5-21-963789628-1060504924-4285088085-1001", "EventData.HttpExchangeResult": "2147954402", "EventData.UploadDuration": "32016", "EventData.PayloadSize": "4965", "EventData.Protocol": "Watson", "EventData.Stage": "s1event", "EventData.RequestStatusCode": "0", "EventData.BytesUploaded": "4965", "EventData.ServerName": "watson.events.data.microsoft.com", "EventData.TransportHr": "2147954402"}
{"EventID": "1", "Channel": "Microsoft-Windows-WER-PayloadHealth/Operational", "Provider_Name": "Microsoft-Windows-WER-PayloadHealth", "Computer": "DESKTOP-OFJ6N53", "TimeCreated": "2023-05-11 12:39:58.291187+00:00", "RecordID": "1201", "Level": "4", "UserID": "S-1-5-21-963789628-1060504924-4285088085-1001", "EventData.UploadDuration": "6344", "EventData.PayloadSize": "4965", "EventData.Protocol": "Watson", "EventData.Stage": "s1event", "EventData.BytesUploaded": "4965", "EventData.ServerName": "watson.events.data.microsoft.com"}
{"EventID": "1", "Channel": "Microsoft-Windows-WER-PayloadHealth/Operational", "Provider_Name": "Microsoft-Windows-WER-PayloadHealth", "Computer": "DESKTOP-OFJ6N53", "TimeCreated": "2023-05-16 04:20:44.608686+00:00", "RecordID": "1202", "Level": "4", "UserID": "S-1-5-18", "EventData.UploadDuration": "1141", "EventData.PayloadSize": "4711", "EventData.Protocol": "Watson", "EventData.Stage": "s1event", "EventData.BytesUploaded": "4711", "EventData.ServerName": "watson.events.data.microsoft.com"}
{"EventID": "1", "Channel": "Microsoft-Windows-WER-PayloadHealth/Operational", "Provider_Name": "Microsoft-Windows-WER-PayloadHealth", "Computer": "DESKTOP-OFJ6N53", "TimeCreated": "2023-06-12 21:45:20.654070+00:00", "RecordID": "1203", "Level": "4", "UserID": "S-1-5-18", "EventData.UploadDuration": "1203", "EventData.PayloadSize": "4471", "EventData.Protocol": "Watson", "EventData.Stage": "s1event", "EventData.BytesUploaded": "4471", "EventData.ServerName": "watson.events.data.microsoft.com"}
{"EventID": "1", "Channel": "Microsoft-Windows-WER-PayloadHealth/Operational", "Provider_Name": "Microsoft-Windows-WER-PayloadHealth", "Computer": "DESKTOP-OFJ6N53", "TimeCreated": "2023-06-13 17:54:24.209248+00:00", "RecordID": "1204", "Level": "4", "UserID": "S-1-5-21-963789628-1060504924-4285088085-1001", "EventData.UploadDuration": "1110", "EventData.PayloadSize": "4795", "EventData.Protocol": "Watson", "EventData.Stage": "s1event", "EventData.BytesUploaded": "4795", "EventData.ServerName": "watson.events.data.microsoft.com"}
{"EventID": "1", "Channel": "Microsoft-Windows-WER-PayloadHealth/Operational", "Provider_Name": "Microsoft-Windows-WER-PayloadHealth", "Computer": "DESKTOP-OFJ6N53", "TimeCreated": "2023-07-06 12:59:33.860659+00:00", "RecordID": "1205", "Level": "4", "UserID": "S-1-5-21-963789628-1060504924-4285088085-1001", "EventData.UploadDuration": "1047", "EventData.PayloadSize": "3645", "EventData.Protocol": "OCA", "EventData.Stage": "request-upload/minidump", "EventData.BytesUploaded": "3645", "EventData.ServerName": "watson.events.data.microsoft.com"}
{"EventID": "1", "Channel": "Microsoft-Windows-WER-PayloadHealth/Operational", "Provider_Name": "Microsoft-Windows-WER-PayloadHealth", "Computer": "DESKTOP-OFJ6N53", "TimeCreated": "2023-07-06 12:59:51.421030+00:00", "RecordID": "1206", "Level": "4", "UserID": "S-1-5-21-963789628-1060504924-4285088085-1001", "EventData.UploadDuration": "17500", "EventData.PayloadSize": "178172", "EventData.Protocol": "OCA", "EventData.Stage": "data-upload/minidump", "EventData.BytesUploaded": "178172", "EventData.ServerName": "watson.events.data.microsoft.com"}
{"EventID": "1", "Channel": "Microsoft-Windows-WER-PayloadHealth/Operational", "Provider_Name": "Microsoft-Windows-WER-PayloadHealth", "Computer": "DESKTOP-OFJ6N53", "TimeCreated": "2023-07-07 23:51:29.996099+00:00", "RecordID": "1207", "Level": "4", "UserID": "S-1-5-18", "EventData.UploadDuration": "922", "EventData.PayloadSize": "4471", "EventData.Protocol": "Watson", "EventData.Stage": "s1event", "EventData.BytesUploaded": "4471", "EventData.ServerName": "watson.events.data.microsoft.com"}
{"EventID": "1", "Channel": "Microsoft-Windows-WER-PayloadHealth/Operational", "Provider_Name": "Microsoft-Windows-WER-PayloadHealth", "Computer": "DESKTOP-OFJ6N53", "TimeCreated": "2023-07-10 09:13:28.312263+00:00", "RecordID": "1208", "Level": "4", "UserID": "S-1-5-18", "EventData.UploadDuration": "1063", "EventData.PayloadSize": "4713", "EventData.Protocol": "Watson", "EventData.Stage": "s1event", "EventData.BytesUploaded": "4713", "EventData.ServerName": "watson.events.data.microsoft.com"}
{"EventID": "1", "Channel": "Microsoft-Windows-WER-PayloadHealth/Operational", "Provider_Name": "Microsoft-Windows-WER-PayloadHealth", "Computer": "DESKTOP-OFJ6N53", "TimeCreated": "2023-07-10 13:52:13.567617+00:00", "RecordID": "1209", "Level": "4", "UserID": "S-1-5-21-963789628-1060504924-4285088085-1001", "EventData.UploadDuration": "1843", "EventData.PayloadSize": "4753", "EventData.Protocol": "Watson", "EventData.Stage": "s1event", "EventData.BytesUploaded": "4753", "EventData.ServerName": "watson.events.data.microsoft.com"}
{"EventID": "1", "Channel": "Microsoft-Windows-WER-PayloadHealth/Operational", "Provider_Name": "Microsoft-Windows-WER-PayloadHealth", "Computer": "DESKTOP-OFJ6N53", "TimeCreated": "2023-07-10 13:52:17.984003+00:00", "RecordID": "1210", "Level": "4", "UserID": "S-1-5-21-963789628-1060504924-4285088085-1001", "EventData.UploadDuration": "985", "EventData.PayloadSize": "4699", "EventData.Protocol": "Watson", "EventData.Stage": "s1event", "EventData.BytesUploaded": "4699", "EventData.ServerName": "watson.events.data.microsoft.com"}
{"EventID": "1", "Channel": "Microsoft-Windows-WER-PayloadHealth/Operational", "Provider_Name": "Microsoft-Windows-WER-PayloadHealth", "Computer": "DESKTOP-OFJ6N53", "TimeCreated": "2023-07-10 13:53:00.896906+00:00", "RecordID": "1211", "Level": "4", "UserID": "S-1-5-21-963789628-1060504924-4285088085-1001", "EventData.UploadDuration": "1313", "EventData.PayloadSize": "4643", "EventData.Protocol": "Watson", "EventData.Stage": "s1event", "EventData.BytesUploaded": "4643", "EventData.ServerName": "watson.events.data.microsoft.com"}
{"EventID": "1", "Channel": "Microsoft-Windows-WER-PayloadHealth/Operational", "Provider_Name": "Microsoft-Windows-WER-PayloadHealth", "Computer": "DESKTOP-OFJ6N53", "TimeCreated": "2023-07-12 04:32:20.579683+00:00", "RecordID": "1212", "Level": "4", "UserID": "S-1-5-21-963789628-1060504924-4285088085-1001", "EventData.UploadDuration": "1110", "EventData.PayloadSize": "4825", "EventData.Protocol": "Watson", "EventData.Stage": "s1event", "EventData.BytesUploaded": "4825", "EventData.ServerName": "watson.events.data.microsoft.com"}
{"EventID": "1", "Channel": "Microsoft-Windows-WER-PayloadHealth/Operational", "Provider_Name": "Microsoft-Windows-WER-PayloadHealth", "Computer": "DESKTOP-OFJ6N53", "TimeCreated": "2023-07-13 10:12:16.918850+00:00", "RecordID": "1213", "Level": "4", "UserID": "S-1-5-21-963789628-1060504924-4285088085-1001", "EventData.UploadDuration": "1343", "EventData.PayloadSize": "4281", "EventData.Protocol": "Watson", "EventData.Stage": "s1event", "EventData.BytesUploaded": "4281", "EventData.ServerName": "watson.events.data.microsoft.com"}
{"EventID": "1", "Channel": "Microsoft-Windows-WER-PayloadHealth/Operational", "Provider_Name": "Microsoft-Windows-WER-PayloadHealth", "Computer": "DESKTOP-OFJ6N53", "TimeCreated": "2023-07-26 16:04:16.871695+00:00", "RecordID": "1214", "Level": "4", "UserID": "S-1-5-18", "EventData.UploadDuration": "860", "EventData.PayloadSize": "4713", "EventData.Protocol": "Watson", "EventData.Stage": "s1event", "EventData.BytesUploaded": "4713", "EventData.ServerName": "watson.events.data.microsoft.com"}
{"EventID": "1", "Channel": "Microsoft-Windows-WER-PayloadHealth/Operational", "Provider_Name": "Microsoft-Windows-WER-PayloadHealth", "Computer": "DESKTOP-OFJ6N53", "TimeCreated": "2023-08-01 15:16:45.293112+00:00", "RecordID": "1215", "Level": "4", "UserID": "S-1-5-21-963789628-1060504924-4285088085-1001", "EventData.UploadDuration": "859", "EventData.PayloadSize": "4652", "EventData.Protocol": "Watson", "EventData.Stage": "s1event", "EventData.BytesUploaded": "4652", "EventData.ServerName": "watson.events.data.microsoft.com"}
{"EventID": "1", "Channel": "Microsoft-Windows-WER-PayloadHealth/Operational", "Provider_Name": "Microsoft-Windows-WER-PayloadHealth", "Computer": "DESKTOP-OFJ6N53", "TimeCreated": "2023-08-05 04:16:50.944139+00:00", "RecordID": "1216", "Level": "4", "UserID": "S-1-5-21-963789628-1060504924-4285088085-1001", "EventData.UploadDuration": "828", "EventData.PayloadSize": "4359", "EventData.Protocol": "Watson", "EventData.Stage": "s1event", "EventData.BytesUploaded": "4359", "EventData.ServerName": "watson.events.data.microsoft.com"}
{"EventID": "1", "Channel": "Microsoft-Windows-WER-PayloadHealth/Operational", "Provider_Name": "Microsoft-Windows-WER-PayloadHealth", "Computer": "DESKTOP-OFJ6N53", "TimeCreated": "2023-08-05 04:16:51.775663+00:00", "RecordID": "1217", "Level": "4", "UserID": "S-1-5-21-963789628-1060504924-4285088085-1001", "EventData.UploadDuration": "656", "EventData.PayloadSize": "4199", "EventData.Protocol": "Watson", "EventData.Stage": "getdestination", "EventData.BytesUploaded": "4199", "EventData.ServerName": "watson.events.data.microsoft.com"}
{"EventID": "3", "Channel": "Microsoft-Windows-WER-PayloadHealth/Operational", "Provider_Name": "Microsoft-Windows-WER-PayloadHealth", "Computer": "DESKTOP-OFJ6N53", "TimeCreated": "2023-08-05 04:16:53.762358+00:00", "RecordID": "1218", "Level": "4", "UserID": "S-1-5-18", "EventData.HttpExchangeResult": "0", "EventData.LastBlockId": "1", "EventData.TotalBytesUploaded": "1205839"}
{"EventID": "1", "Channel": "Microsoft-Windows-WER-PayloadHealth/Operational", "Provider_Name": "Microsoft-Windows-WER-PayloadHealth", "Computer": "DESKTOP-OFJ6N53", "TimeCreated": "2023-08-05 04:16:54.438295+00:00", "RecordID": "1219", "Level": "4", "UserID": "S-1-5-21-963789628-1060504924-4285088085-1001", "EventData.UploadDuration": "671", "EventData.PayloadSize": "4908", "EventData.Protocol": "Watson", "EventData.Stage": "uploadcompleted", "EventData.BytesUploaded": "4908", "EventData.ServerName": "watson.events.data.microsoft.com"}
{"EventID": "1", "Channel": "Microsoft-Windows-WER-PayloadHealth/Operational", "Provider_Name": "Microsoft-Windows-WER-PayloadHealth", "Computer": "DESKTOP-OFJ6N53", "TimeCreated": "2023-08-05 04:29:36.775635+00:00", "RecordID": "1220", "Level": "4", "UserID": "S-1-5-21-963789628-1060504924-4285088085-1001", "EventData.UploadDuration": "812", "EventData.PayloadSize": "4359", "EventData.Protocol": "Watson", "EventData.Stage": "s1event", "EventData.BytesUploaded": "4359", "EventData.ServerName": "watson.events.data.microsoft.com"}
{"EventID": "1", "Channel": "Microsoft-Windows-WER-PayloadHealth/Operational", "Provider_Name": "Microsoft-Windows-WER-PayloadHealth", "Computer": "DESKTOP-OFJ6N53", "TimeCreated": "2023-08-05 07:21:47.469391+00:00", "RecordID": "1221", "Level": "4", "UserID": "S-1-5-21-963789628-1060504924-4285088085-1001", "EventData.UploadDuration": "1250", "EventData.PayloadSize": "4660", "EventData.Protocol": "Watson", "EventData.Stage": "s1event", "EventData.BytesUploaded": "4660", "EventData.ServerName": "watson.events.data.microsoft.com"}
{"EventID": "1", "Channel": "Microsoft-Windows-WER-PayloadHealth/Operational", "Provider_Name": "Microsoft-Windows-WER-PayloadHealth", "Computer": "DESKTOP-OFJ6N53", "TimeCreated": "2023-08-05 07:21:49.970518+00:00", "RecordID": "1222", "Level": "4", "UserID": "S-1-5-21-963789628-1060504924-4285088085-1001", "EventData.UploadDuration": "1282", "EventData.PayloadSize": "4660", "EventData.Protocol": "Watson", "EventData.Stage": "s1event", "EventData.BytesUploaded": "4660", "EventData.ServerName": "watson.events.data.microsoft.com"}
{"EventID": "1", "Channel": "Microsoft-Windows-WER-PayloadHealth/Operational", "Provider_Name": "Microsoft-Windows-WER-PayloadHealth", "Computer": "DESKTOP-OFJ6N53", "TimeCreated": "2023-08-09 13:22:39.724483+00:00", "RecordID": "1223", "Level": "4", "UserID": "S-1-5-21-963789628-1060504924-4285088085-1001", "EventData.UploadDuration": "1047", "EventData.PayloadSize": "4803", "EventData.Protocol": "Watson", "EventData.Stage": "s1event", "EventData.BytesUploaded": "4803", "EventData.ServerName": "watson.events.data.microsoft.com"}
{"EventID": "1", "Channel": "Microsoft-Windows-WER-PayloadHealth/Operational", "Provider_Name": "Microsoft-Windows-WER-PayloadHealth", "Computer": "DESKTOP-OFJ6N53", "TimeCreated": "2023-08-15 12:57:38.307039+00:00", "RecordID": "1224", "Level": "4", "UserID": "S-1-5-21-963789628-1060504924-4285088085-1001", "EventData.UploadDuration": "953", "EventData.PayloadSize": "4652", "EventData.Protocol": "Watson", "EventData.Stage": "s1event", "EventData.BytesUploaded": "4652", "EventData.ServerName": "watson.events.data.microsoft.com"}
{"EventID": "1", "Channel": "Microsoft-Windows-WER-PayloadHealth/Operational", "Provider_Name": "Microsoft-Windows-WER-PayloadHealth", "Computer": "DESKTOP-OFJ6N53", "TimeCreated": "2023-08-18 01:10:09.307898+00:00", "RecordID": "1225", "Level": "4", "UserID": "S-1-5-21-963789628-1060504924-4285088085-1001", "EventData.UploadDuration": "1000", "EventData.PayloadSize": "4358", "EventData.Protocol": "Watson", "EventData.Stage": "s1event", "EventData.BytesUploaded": "4358", "EventData.ServerName": "watson.events.data.microsoft.com"}
{"EventID": "1", "Channel": "Microsoft-Windows-WER-PayloadHealth/Operational", "Provider_Name": "Microsoft-Windows-WER-PayloadHealth", "Computer": "DESKTOP-OFJ6N53", "TimeCreated": "2023-08-18 01:10:10.329565+00:00", "RecordID": "1226", "Level": "4", "UserID": "S-1-5-21-963789628-1060504924-4285088085-1001", "EventData.UploadDuration": "828", "EventData.PayloadSize": "4199", "EventData.Protocol": "Watson", "EventData.Stage": "getdestination", "EventData.BytesUploaded": "4199", "EventData.ServerName": "watson.events.data.microsoft.com"}
{"EventID": "4", "Channel": "Microsoft-Windows-WER-PayloadHealth/Operational", "Provider_Name": "Microsoft-Windows-WER-PayloadHealth", "Computer": "DESKTOP-OFJ6N53", "TimeCreated": "2023-08-18 01:10:11.246492+00:00", "RecordID": "1227", "Level": "4", "UserID": "S-1-5-18", "EventData.HttpExchangeResult": "2148204809", "EventData.LastBlockId": "0", "EventData.TotalBytesUploaded": "0"}
{"EventID": "1", "Channel": "Microsoft-Windows-WER-PayloadHealth/Operational", "Provider_Name": "Microsoft-Windows-WER-PayloadHealth", "Computer": "DESKTOP-OFJ6N53", "TimeCreated": "2023-08-18 01:10:13.323547+00:00", "RecordID": "1228", "Level": "4", "UserID": "S-1-5-21-963789628-1060504924-4285088085-1001", "EventData.UploadDuration": "2078", "EventData.PayloadSize": "1206507", "EventData.Protocol": "Watson", "EventData.Stage": "cab-upload", "EventData.BytesUploaded": "1206507", "EventData.ServerName": "watson.events.data.microsoft.com"}
{"EventID": "1", "Channel": "Microsoft-Windows-WER-PayloadHealth/Operational", "Provider_Name": "Microsoft-Windows-WER-PayloadHealth", "Computer": "DESKTOP-OFJ6N53", "TimeCreated": "2023-08-18 04:15:08.496685+00:00", "RecordID": "1229", "Level": "4", "UserID": "S-1-5-21-963789628-1060504924-4285088085-1001", "EventData.UploadDuration": "1328", "EventData.PayloadSize": "4659", "EventData.Protocol": "Watson", "EventData.Stage": "s1event", "EventData.BytesUploaded": "4659", "EventData.ServerName": "watson.events.data.microsoft.com"}
{"EventID": "1", "Channel": "Microsoft-Windows-WER-PayloadHealth/Operational", "Provider_Name": "Microsoft-Windows-WER-PayloadHealth", "Computer": "DESKTOP-OFJ6N53", "TimeCreated": "2023-08-18 04:15:10.925175+00:00", "RecordID": "1230", "Level": "4", "UserID": "S-1-5-21-963789628-1060504924-4285088085-1001", "EventData.UploadDuration": "1219", "EventData.PayloadSize": "4659", "EventData.Protocol": "Watson", "EventData.Stage": "s1event", "EventData.BytesUploaded": "4659", "EventData.ServerName": "watson.events.data.microsoft.com"}
{"EventID": "1", "Channel": "Microsoft-Windows-WER-PayloadHealth/Operational", "Provider_Name": "Microsoft-Windows-WER-PayloadHealth", "Computer": "DESKTOP-OFJ6N53", "TimeCreated": "2023-09-07 11:18:57.182993+00:00", "RecordID": "1231", "Level": "4", "UserID": "S-1-5-21-963789628-1060504924-4285088085-1001", "EventData.UploadDuration": "2047", "EventData.PayloadSize": "4652", "EventData.Protocol": "Watson", "EventData.Stage": "s1event", "EventData.BytesUploaded": "4652", "EventData.ServerName": "watson.events.data.microsoft.com"}
{"EventID": "1", "Channel": "Microsoft-Windows-WER-PayloadHealth/Operational", "Provider_Name": "Microsoft-Windows-WER-PayloadHealth", "Computer": "DESKTOP-OFJ6N53", "TimeCreated": "2023-09-07 11:18:58.318085+00:00", "RecordID": "1232", "Level": "4", "UserID": "S-1-5-18", "EventData.UploadDuration": "1171", "EventData.PayloadSize": "4687", "EventData.Protocol": "Watson", "EventData.Stage": "s1event", "EventData.BytesUploaded": "4687", "EventData.ServerName": "watson.events.data.microsoft.com"}
{"EventID": "1", "Channel": "Microsoft-Windows-WER-PayloadHealth/Operational", "Provider_Name": "Microsoft-Windows-WER-PayloadHealth", "Computer": "DESKTOP-OFJ6N53", "TimeCreated": "2023-09-13 09:36:16.463362+00:00", "RecordID": "1233", "Level": "4", "UserID": "S-1-5-21-963789628-1060504924-4285088085-1001", "EventData.UploadDuration": "1047", "EventData.PayloadSize": "4782", "EventData.Protocol": "Watson", "EventData.Stage": "s1event", "EventData.BytesUploaded": "4782", "EventData.ServerName": "watson.events.data.microsoft.com"}
{"EventID": "1", "Channel": "Microsoft-Windows-WER-PayloadHealth/Operational", "Provider_Name": "Microsoft-Windows-WER-PayloadHealth", "Computer": "DESKTOP-OFJ6N53", "TimeCreated": "2023-09-16 17:08:15.004213+00:00", "RecordID": "1234", "Level": "4", "UserID": "S-1-5-21-963789628-1060504924-4285088085-1001", "EventData.UploadDuration": "906", "EventData.PayloadSize": "4607", "EventData.Protocol": "Watson", "EventData.Stage": "s1event", "EventData.BytesUploaded": "4607", "EventData.ServerName": "watson.events.data.microsoft.com"}
{"EventID": "1", "Channel": "Microsoft-Windows-WER-PayloadHealth/Operational", "Provider_Name": "Microsoft-Windows-WER-PayloadHealth", "Computer": "DESKTOP-OFJ6N53", "TimeCreated": "2023-09-25 09:51:14.874378+00:00", "RecordID": "1235", "Level": "4", "UserID": "S-1-5-18", "EventData.UploadDuration": "1781", "EventData.PayloadSize": "4711", "EventData.Protocol": "Watson", "EventData.Stage": "s1event", "EventData.BytesUploaded": "4711", "EventData.ServerName": "watson.events.data.microsoft.com"}
{"EventID": "2", "Channel": "Microsoft-Windows-WER-PayloadHealth/Operational", "Provider_Name": "Microsoft-Windows-WER-PayloadHealth", "Computer": "DESKTOP-OFJ6N53", "TimeCreated": "2023-10-09 16:58:18.210913+00:00", "RecordID": "1236", "Level": "4", "UserID": "S-1-5-21-963789628-1060504924-4285088085-1001", "EventData.HttpExchangeResult": "2147954402", "EventData.UploadDuration": "22859", "EventData.PayloadSize": "4437", "EventData.Protocol": "Watson", "EventData.Stage": "s1event", "EventData.RequestStatusCode": "0", "EventData.BytesUploaded": "0", "EventData.ServerName": "watson.events.data.microsoft.com", "EventData.TransportHr": "2147954402"}
{"EventID": "1", "Channel": "Microsoft-Windows-WER-PayloadHealth/Operational", "Provider_Name": "Microsoft-Windows-WER-PayloadHealth", "Computer": "DESKTOP-OFJ6N53", "TimeCreated": "2023-10-09 19:21:44.814039+00:00", "RecordID": "1237", "Level": "4", "UserID": "S-1-5-21-963789628-1060504924-4285088085-1001", "EventData.UploadDuration": "813", "EventData.PayloadSize": "4437", "EventData.Protocol": "Watson", "EventData.Stage": "s1event", "EventData.BytesUploaded": "4437", "EventData.ServerName": "watson.events.data.microsoft.com"}
{"EventID": "1", "Channel": "Microsoft-Windows-WER-PayloadHealth/Operational", "Provider_Name": "Microsoft-Windows-WER-PayloadHealth", "Computer": "DESKTOP-OFJ6N53", "TimeCreated": "2023-10-10 21:29:40.396866+00:00", "RecordID": "1238", "Level": "4", "UserID": "S-1-5-21-963789628-1060504924-4285088085-1001", "EventData.UploadDuration": "718", "EventData.PayloadSize": "4796", "EventData.Protocol": "Watson", "EventData.Stage": "s1event", "EventData.BytesUploaded": "4796", "EventData.ServerName": "watson.events.data.microsoft.com"}
{"EventID": "1", "Channel": "Microsoft-Windows-WER-PayloadHealth/Operational", "Provider_Name": "Microsoft-Windows-WER-PayloadHealth", "Computer": "DESKTOP-OFJ6N53", "TimeCreated": "2023-10-13 08:35:50.788614+00:00", "RecordID": "1239", "Level": "4", "UserID": "S-1-5-21-963789628-1060504924-4285088085-1001", "EventData.UploadDuration": "1563", "EventData.PayloadSize": "4263", "EventData.Protocol": "Watson", "EventData.Stage": "s1event", "EventData.BytesUploaded": "4263", "EventData.ServerName": "watson.events.data.microsoft.com"}
{"EventID": "2", "Channel": "Microsoft-Windows-WER-PayloadHealth/Operational", "Provider_Name": "Microsoft-Windows-WER-PayloadHealth", "Computer": "DESKTOP-OFJ6N53", "TimeCreated": "2023-10-16 09:00:25.089787+00:00", "RecordID": "1240", "Level": "4", "UserID": "S-1-5-21-963789628-1060504924-4285088085-1001", "EventData.HttpExchangeResult": "2147954402", "EventData.UploadDuration": "23390", "EventData.PayloadSize": "4438", "EventData.Protocol": "Watson", "EventData.Stage": "s1event", "EventData.RequestStatusCode": "0", "EventData.BytesUploaded": "0", "EventData.ServerName": "watson.events.data.microsoft.com", "EventData.TransportHr": "2147954402"}
{"EventID": "2", "Channel": "Microsoft-Windows-WER-PayloadHealth/Operational", "Provider_Name": "Microsoft-Windows-WER-PayloadHealth", "Computer": "DESKTOP-OFJ6N53", "TimeCreated": "2023-10-16 12:16:47.468119+00:00", "RecordID": "1241", "Level": "4", "UserID": "S-1-5-21-963789628-1060504924-4285088085-1001", "EventData.HttpExchangeResult": "2147954402", "EventData.UploadDuration": "21187", "EventData.PayloadSize": "4438", "EventData.Protocol": "Watson", "EventData.Stage": "s1event", "EventData.RequestStatusCode": "0", "EventData.BytesUploaded": "0", "EventData.ServerName": "watson.events.data.microsoft.com", "EventData.TransportHr": "2147954402"}
{"EventID": "1", "Channel": "Microsoft-Windows-WER-PayloadHealth/Operational", "Provider_Name": "Microsoft-Windows-WER-PayloadHealth", "Computer": "DESKTOP-OFJ6N53", "TimeCreated": "2023-10-16 12:23:17.174715+00:00", "RecordID": "1242", "Level": "4", "UserID": "S-1-5-21-963789628-1060504924-4285088085-1001", "EventData.UploadDuration": "734", "EventData.PayloadSize": "4438", "EventData.Protocol": "Watson", "EventData.Stage": "s1event", "EventData.BytesUploaded": "4438", "EventData.ServerName": "watson.events.data.microsoft.com"}
{"EventID": "1", "Channel": "Microsoft-Windows-WER-PayloadHealth/Operational", "Provider_Name": "Microsoft-Windows-WER-PayloadHealth", "Computer": "DESKTOP-OFJ6N53", "TimeCreated": "2023-10-20 03:50:19.128229+00:00", "RecordID": "1243", "Level": "4", "UserID": "S-1-5-21-963789628-1060504924-4285088085-1001", "EventData.UploadDuration": "984", "EventData.PayloadSize": "4360", "EventData.Protocol": "Watson", "EventData.Stage": "s1event", "EventData.BytesUploaded": "4360", "EventData.ServerName": "watson.events.data.microsoft.com"}
{"EventID": "1", "Channel": "Microsoft-Windows-WER-PayloadHealth/Operational", "Provider_Name": "Microsoft-Windows-WER-PayloadHealth", "Computer": "DESKTOP-OFJ6N53", "TimeCreated": "2023-10-20 03:50:20.085762+00:00", "RecordID": "1244", "Level": "4", "UserID": "S-1-5-21-963789628-1060504924-4285088085-1001", "EventData.UploadDuration": "797", "EventData.PayloadSize": "4200", "EventData.Protocol": "Watson", "EventData.Stage": "getdestination", "EventData.BytesUploaded": "4200", "EventData.ServerName": "watson.events.data.microsoft.com"}
{"EventID": "3", "Channel": "Microsoft-Windows-WER-PayloadHealth/Operational", "Provider_Name": "Microsoft-Windows-WER-PayloadHealth", "Computer": "DESKTOP-OFJ6N53", "TimeCreated": "2023-10-20 03:50:22.199486+00:00", "RecordID": "1245", "Level": "4", "UserID": "S-1-5-18", "EventData.HttpExchangeResult": "0", "EventData.LastBlockId": "1", "EventData.TotalBytesUploaded": "1089641"}
{"EventID": "1", "Channel": "Microsoft-Windows-WER-PayloadHealth/Operational", "Provider_Name": "Microsoft-Windows-WER-PayloadHealth", "Computer": "DESKTOP-OFJ6N53", "TimeCreated": "2023-10-20 03:50:23.008780+00:00", "RecordID": "1246", "Level": "4", "UserID": "S-1-5-21-963789628-1060504924-4285088085-1001", "EventData.UploadDuration": "812", "EventData.PayloadSize": "4909", "EventData.Protocol": "Watson", "EventData.Stage": "uploadcompleted", "EventData.BytesUploaded": "4909", "EventData.ServerName": "watson.events.data.microsoft.com"}
{"EventID": "1", "Channel": "Microsoft-Windows-WER-PayloadHealth/Operational", "Provider_Name": "Microsoft-Windows-WER-PayloadHealth", "Computer": "DESKTOP-OFJ6N53", "TimeCreated": "2023-10-20 04:03:19.424574+00:00", "RecordID": "1247", "Level": "4", "UserID": "S-1-5-21-963789628-1060504924-4285088085-1001", "EventData.UploadDuration": "875", "EventData.PayloadSize": "4360", "EventData.Protocol": "Watson", "EventData.Stage": "s1event", "EventData.BytesUploaded": "4360", "EventData.ServerName": "watson.events.data.microsoft.com"}
{"EventID": "1", "Channel": "Microsoft-Windows-WER-PayloadHealth/Operational", "Provider_Name": "Microsoft-Windows-WER-PayloadHealth", "Computer": "DESKTOP-OFJ6N53", "TimeCreated": "2023-10-20 06:56:51.912323+00:00", "RecordID": "1248", "Level": "4", "UserID": "S-1-5-21-963789628-1060504924-4285088085-1001", "EventData.UploadDuration": "859", "EventData.PayloadSize": "4661", "EventData.Protocol": "Watson", "EventData.Stage": "s1event", "EventData.BytesUploaded": "4661", "EventData.ServerName": "watson.events.data.microsoft.com"}
{"EventID": "1", "Channel": "Microsoft-Windows-WER-PayloadHealth/Operational", "Provider_Name": "Microsoft-Windows-WER-PayloadHealth", "Computer": "DESKTOP-OFJ6N53", "TimeCreated": "2023-10-20 06:56:53.759684+00:00", "RecordID": "1249", "Level": "4", "UserID": "S-1-5-21-963789628-1060504924-4285088085-1001", "EventData.UploadDuration": "781", "EventData.PayloadSize": "4661", "EventData.Protocol": "Watson", "EventData.Stage": "s1event", "EventData.BytesUploaded": "4661", "EventData.ServerName": "watson.events.data.microsoft.com"}
{"EventID": "1", "Channel": "Microsoft-Windows-WER-PayloadHealth/Operational", "Provider_Name": "Microsoft-Windows-WER-PayloadHealth", "Computer": "DESKTOP-OFJ6N53", "TimeCreated": "2023-11-02 14:12:41.814720+00:00", "RecordID": "1250", "Level": "4", "UserID": "S-1-5-21-963789628-1060504924-4285088085-1001", "EventData.UploadDuration": "1235", "EventData.PayloadSize": "4299", "EventData.Protocol": "Watson", "EventData.Stage": "s1event", "EventData.BytesUploaded": "4299", "EventData.ServerName": "watson.events.data.microsoft.com"}
{"EventID": "1", "Channel": "Microsoft-Windows-WER-PayloadHealth/Operational", "Provider_Name": "Microsoft-Windows-WER-PayloadHealth", "Computer": "DESKTOP-OFJ6N53", "TimeCreated": "2023-11-08 21:45:28.214573+00:00", "RecordID": "1251", "Level": "4", "UserID": "S-1-5-21-963789628-1060504924-4285088085-1001", "EventData.UploadDuration": "719", "EventData.PayloadSize": "4438", "EventData.Protocol": "Watson", "EventData.Stage": "s1event", "EventData.BytesUploaded": "4438", "EventData.ServerName": "watson.events.data.microsoft.com"}
{"EventID": "1", "Channel": "Microsoft-Windows-WER-PayloadHealth/Operational", "Provider_Name": "Microsoft-Windows-WER-PayloadHealth", "Computer": "DESKTOP-OFJ6N53", "TimeCreated": "2023-11-14 21:30:58.306261+00:00", "RecordID": "1252", "Level": "4", "UserID": "S-1-5-21-963789628-1060504924-4285088085-1001", "EventData.UploadDuration": "1157", "EventData.PayloadSize": "4797", "EventData.Protocol": "Watson", "EventData.Stage": "s1event", "EventData.BytesUploaded": "4797", "EventData.ServerName": "watson.events.data.microsoft.com"}
{"EventID": "1", "Channel": "Microsoft-Windows-WER-PayloadHealth/Operational", "Provider_Name": "Microsoft-Windows-WER-PayloadHealth", "Computer": "DESKTOP-OFJ6N53", "TimeCreated": "2023-11-22 10:37:55.730246+00:00", "RecordID": "1253", "Level": "4", "UserID": "S-1-5-18", "EventData.UploadDuration": "2359", "EventData.PayloadSize": "4928", "EventData.Protocol": "Watson", "EventData.Stage": "s1event", "EventData.BytesUploaded": "4928", "EventData.ServerName": "watson.events.data.microsoft.com"}
{"EventID": "1", "Channel": "Microsoft-Windows-WER-PayloadHealth/Operational", "Provider_Name": "Microsoft-Windows-WER-PayloadHealth", "Computer": "DESKTOP-OFJ6N53", "TimeCreated": "2023-11-30 15:23:15.552040+00:00", "RecordID": "1254", "Level": "4", "UserID": "S-1-5-21-963789628-1060504924-4285088085-1001", "EventData.UploadDuration": "828", "EventData.PayloadSize": "4862", "EventData.Protocol": "Watson", "EventData.Stage": "s1event", "EventData.BytesUploaded": "4862", "EventData.ServerName": "watson.events.data.microsoft.com"}
{"EventID": "1", "Channel": "Microsoft-Windows-WER-PayloadHealth/Operational", "Provider_Name": "Microsoft-Windows-WER-PayloadHealth", "Computer": "DESKTOP-OFJ6N53", "TimeCreated": "2023-12-13 03:47:05.732771+00:00", "RecordID": "1255", "Level": "4", "UserID": "S-1-5-21-963789628-1060504924-4285088085-1001", "EventData.UploadDuration": "688", "EventData.PayloadSize": "4840", "EventData.Protocol": "Watson", "EventData.Stage": "s1event", "EventData.BytesUploaded": "4840", "EventData.ServerName": "watson.events.data.microsoft.com"}
