{"EventID": "1", "Channel": "Microsoft-Windows-CloudStore/Operational", "Provider_Name": "Microsoft-Windows-CloudStore", "Computer": "DESKTOP-OFJ6N53", "TimeCreated": "2024-04-29 15:10:31.696171+00:00", "RecordID": "591", "Level": "2", "UserID": "S-1-5-21-963789628-1060504924-4285088085-1001", "EventData.ProcessName": null, "EventData.Type": "0", "EventData.ErrorCode": "2147943712", "EventData.File": "onecoreuap\\shell\\cloudstore\\common\\src\\effectivecontext.cpp", "EventData.LineNumber": "414"}
{"EventID": "1", "Channel": "Microsoft-Windows-CloudStore/Operational", "Provider_Name": "Microsoft-Windows-CloudStore", "Computer": "DESKTOP-OFJ6N53", "TimeCreated": "2024-04-29 15:10:31.705088+00:00", "RecordID": "592", "Level": "2", "UserID": "S-1-5-21-963789628-1060504924-4285088085-1001", "EventData.ProcessName": null, "EventData.Type": "1", "EventData.ErrorCode": "2147943712", "EventData.File": "onecoreuap\\shell\\cloudstore\\store\\cache\\src\\cloudcacheinitializer.cpp", "EventData.LineNumber": "706"}
{"EventID": "1", "Channel": "Microsoft-Windows-CloudStore/Operational", "Provider_Name": "Microsoft-Windows-CloudStore", "Computer": "DESKTOP-OFJ6N53", "TimeCreated": "2024-04-29 15:10:31.915731+00:00", "RecordID": "593", "Level": "2", "UserID": "S-1-5-21-963789628-1060504924-4285088085-1001", "EventData.ProcessName": null, "EventData.Type": "0", "EventData.ErrorCode": "2147943712", "EventData.File": "onecoreuap\\shell\\cloudstore\\common\\src\\effectivecontext.cpp", "EventData.LineNumber": "414"}
{"EventID": "1", "Channel": "Microsoft-Windows-CloudStore/Operational", "Provider_Name": "Microsoft-Windows-CloudStore", "Computer": "DESKTOP-OFJ6N53", "TimeCreated": "2024-04-29 15:10:31.915920+00:00", "RecordID": "594", "Level": "2", "UserID": "S-1-5-21-963789628-1060504924-4285088085-1001", "EventData.ProcessName": null, "EventData.Type": "1", "EventData.ErrorCode": "2147943712", "EventData.File": "onecoreuap\\shell\\cloudstore\\store\\cache\\src\\cloudcacheinitializer.cpp", "EventData.LineNumber": "706"}
{"EventID": "1", "Channel": "Microsoft-Windows-CloudStore/Operational", "Provider_Name": "Microsoft-Windows-CloudStore", "Computer": "DESKTOP-OFJ6N53", "TimeCreated": "2024-05-14 09:10:27.615934+00:00", "RecordID": "595", "Level": "2", "UserID": "S-1-5-21-963789628-1060504924-4285088085-1001", "EventData.ProcessName": null, "EventData.Type": "0", "EventData.ErrorCode": "2147943712", "EventData.File": "onecoreuap\\shell\\cloudstore\\common\\src\\effectivecontext.cpp", "EventData.LineNumber": "414"}
{"EventID": "1", "Channel": "Microsoft-Windows-CloudStore/Operational", "Provider_Name": "Microsoft-Windows-CloudStore", "Computer": "DESKTOP-OFJ6N53", "TimeCreated": "2024-05-14 09:10:27.620663+00:00", "RecordID": "596", "Level": "2", "UserID": "S-1-5-21-963789628-1060504924-4285088085-1001", "EventData.ProcessName": null, "EventData.Type": "1", "EventData.ErrorCode": "2147943712", "EventData.File": "onecoreuap\\shell\\cloudstore\\store\\cache\\src\\cloudcacheinitializer.cpp", "EventData.LineNumber": "706"}
{"EventID": "1", "Channel": "Microsoft-Windows-CloudStore/Operational", "Provider_Name": "Microsoft-Windows-CloudStore", "Computer": "DESKTOP-OFJ6N53", "TimeCreated": "2024-05-14 09:13:42.128122+00:00", "RecordID": "597", "Level": "2", "UserID": "S-1-5-21-963789628-1060504924-4285088085-1001", "EventData.ProcessName": null, "EventData.Type": "0", "EventData.ErrorCode": "2147943712", "EventData.File": "onecoreuap\\shell\\cloudstore\\common\\src\\effectivecontext.cpp", "EventData.LineNumber": "414"}
{"EventID": "1", "Channel": "Microsoft-Windows-CloudStore/Operational", "Provider_Name": "Microsoft-Windows-CloudStore", "Computer": "DESKTOP-OFJ6N53", "TimeCreated": "2024-05-14 09:13:42.137522+00:00", "RecordID": "598", "Level": "2", "UserID": "S-1-5-21-963789628-1060504924-4285088085-1001", "EventData.ProcessName": null, "EventData.Type": "1", "EventData.ErrorCode": "2147943712", "EventData.File": "onecoreuap\\shell\\cloudstore\\store\\cache\\src\\cloudcacheinitializer.cpp", "EventData.LineNumber": "706"}
{"EventID": "1", "Channel": "Microsoft-Windows-CloudStore/Operational", "Provider_Name": "Microsoft-Windows-CloudStore", "Computer": "DESKTOP-OFJ6N53", "TimeCreated": "2024-05-14 09:14:01.096952+00:00", "RecordID": "599", "Level": "2", "UserID": "S-1-5-21-963789628-1060504924-4285088085-1001", "EventData.ProcessName": null, "EventData.Type": "0", "EventData.ErrorCode": "2147943712", "EventData.File": "onecoreuap\\shell\\cloudstore\\common\\src\\effectivecontext.cpp", "EventData.LineNumber": "414"}
{"EventID": "1", "Channel": "Microsoft-Windows-CloudStore/Operational", "Provider_Name": "Microsoft-Windows-CloudStore", "Computer": "DESKTOP-OFJ6N53", "TimeCreated": "2024-05-14 09:14:01.097179+00:00", "RecordID": "600", "Level": "2", "UserID": "S-1-5-21-963789628-1060504924-4285088085-1001", "EventData.ProcessName": null, "EventData.Type": "1", "EventData.ErrorCode": "2147943712", "EventData.File": "onecoreuap\\shell\\cloudstore\\store\\cache\\src\\cloudcacheinitializer.cpp", "EventData.LineNumber": "706"}
{"EventID": "1", "Channel": "Microsoft-Windows-CloudStore/Operational", "Provider_Name": "Microsoft-Windows-CloudStore", "Computer": "DESKTOP-OFJ6N53", "TimeCreated": "2024-05-14 09:14:03.633799+00:00", "RecordID": "601", "Level": "2", "UserID": "S-1-5-21-963789628-1060504924-4285088085-1001", "EventData.ProcessName": null, "EventData.Type": "0", "EventData.ErrorCode": "2147943712", "EventData.File": "onecoreuap\\shell\\cloudstore\\common\\src\\effectivecontext.cpp", "EventData.LineNumber": "414"}
{"EventID": "1", "Channel": "Microsoft-Windows-CloudStore/Operational", "Provider_Name": "Microsoft-Windows-CloudStore", "Computer": "DESKTOP-OFJ6N53", "TimeCreated": "2024-05-14 09:14:03.646643+00:00", "RecordID": "602", "Level": "2", "UserID": "S-1-5-21-963789628-1060504924-4285088085-1001", "EventData.ProcessName": null, "EventData.Type": "1", "EventData.ErrorCode": "2147943712", "EventData.File": "onecoreuap\\shell\\cloudstore\\store\\cache\\src\\cloudcacheinitializer.cpp", "EventData.LineNumber": "706"}
{"EventID": "1", "Channel": "Microsoft-Windows-CloudStore/Operational", "Provider_Name": "Microsoft-Windows-CloudStore", "Computer": "DESKTOP-OFJ6N53", "TimeCreated": "2024-05-15 13:47:32.150204+00:00", "RecordID": "603", "Level": "2", "UserID": "S-1-5-21-963789628-1060504924-4285088085-1001", "EventData.ProcessName": null, "EventData.Type": "0", "EventData.ErrorCode": "2147943712", "EventData.File": "onecoreuap\\shell\\cloudstore\\common\\src\\effectivecontext.cpp", "EventData.LineNumber": "414"}
{"EventID": "1", "Channel": "Microsoft-Windows-CloudStore/Operational", "Provider_Name": "Microsoft-Windows-CloudStore", "Computer": "DESKTOP-OFJ6N53", "TimeCreated": "2024-05-15 13:47:32.157660+00:00", "RecordID": "604", "Level": "2", "UserID": "S-1-5-21-963789628-1060504924-4285088085-1001", "EventData.ProcessName": null, "EventData.Type": "1", "EventData.ErrorCode": "2147943712", "EventData.File": "onecoreuap\\shell\\cloudstore\\store\\cache\\src\\cloudcacheinitializer.cpp", "EventData.LineNumber": "706"}
{"EventID": "1", "Channel": "Microsoft-Windows-CloudStore/Operational", "Provider_Name": "Microsoft-Windows-CloudStore", "Computer": "DESKTOP-OFJ6N53", "TimeCreated": "2024-05-15 13:47:33.617327+00:00", "RecordID": "605", "Level": "2", "UserID": "S-1-5-21-963789628-1060504924-4285088085-1001", "EventData.ProcessName": null, "EventData.Type": "0", "EventData.ErrorCode": "2147943712", "EventData.File": "onecoreuap\\shell\\cloudstore\\common\\src\\effectivecontext.cpp", "EventData.LineNumber": "414"}
{"EventID": "1", "Channel": "Microsoft-Windows-CloudStore/Operational", "Provider_Name": "Microsoft-Windows-CloudStore", "Computer": "DESKTOP-OFJ6N53", "TimeCreated": "2024-05-15 13:47:33.617657+00:00", "RecordID": "606", "Level": "2", "UserID": "S-1-5-21-963789628-1060504924-4285088085-1001", "EventData.ProcessName": null, "EventData.Type": "1", "EventData.ErrorCode": "2147943712", "EventData.File": "onecoreuap\\shell\\cloudstore\\store\\cache\\src\\cloudcacheinitializer.cpp", "EventData.LineNumber": "706"}
{"EventID": "1", "Channel": "Microsoft-Windows-CloudStore/Operational", "Provider_Name": "Microsoft-Windows-CloudStore", "Computer": "DESKTOP-OFJ6N53", "TimeCreated": "2024-05-31 10:49:59.412657+00:00", "RecordID": "607", "Level": "2", "UserID": "S-1-5-21-963789628-1060504924-4285088085-1001", "EventData.ProcessName": null, "EventData.Type": "0", "EventData.ErrorCode": "2147943712", "EventData.File": "onecoreuap\\shell\\cloudstore\\common\\src\\effectivecontext.cpp", "EventData.LineNumber": "414"}
{"EventID": "1", "Channel": "Microsoft-Windows-CloudStore/Operational", "Provider_Name": "Microsoft-Windows-CloudStore", "Computer": "DESKTOP-OFJ6N53", "TimeCreated": "2024-05-31 10:49:59.423964+00:00", "RecordID": "608", "Level": "2", "UserID": "S-1-5-21-963789628-1060504924-4285088085-1001", "EventData.ProcessName": null, "EventData.Type": "1", "EventData.ErrorCode": "2147943712", "EventData.File": "onecoreuap\\shell\\cloudstore\\store\\cache\\src\\cloudcacheinitializer.cpp", "EventData.LineNumber": "706"}
{"EventID": "1", "Channel": "Microsoft-Windows-CloudStore/Operational", "Provider_Name": "Microsoft-Windows-CloudStore", "Computer": "DESKTOP-OFJ6N53", "TimeCreated": "2024-05-31 10:49:59.773010+00:00", "RecordID": "609", "Level": "2", "UserID": "S-1-5-21-963789628-1060504924-4285088085-1001", "EventData.ProcessName": null, "EventData.Type": "0", "EventData.ErrorCode": "2147943712", "EventData.File": "onecoreuap\\shell\\cloudstore\\common\\src\\effectivecontext.cpp", "EventData.LineNumber": "414"}
{"EventID": "1", "Channel": "Microsoft-Windows-CloudStore/Operational", "Provider_Name": "Microsoft-Windows-CloudStore", "Computer": "DESKTOP-OFJ6N53", "TimeCreated": "2024-05-31 10:49:59.773268+00:00", "RecordID": "610", "Level": "2", "UserID": "S-1-5-21-963789628-1060504924-4285088085-1001", "EventData.ProcessName": null, "EventData.Type": "1", "EventData.ErrorCode": "2147943712", "EventData.File": "onecoreuap\\shell\\cloudstore\\store\\cache\\src\\cloudcacheinitializer.cpp", "EventData.LineNumber": "706"}
{"EventID": "1", "Channel": "Microsoft-Windows-CloudStore/Operational", "Provider_Name": "Microsoft-Windows-CloudStore", "Computer": "DESKTOP-OFJ6N53", "TimeCreated": "2024-06-06 12:19:08.750786+00:00", "RecordID": "611", "Level": "2", "UserID": "S-1-5-21-963789628-1060504924-4285088085-1001", "EventData.ProcessName": null, "EventData.Type": "0", "EventData.ErrorCode": "2147943712", "EventData.File": "onecoreuap\\shell\\cloudstore\\common\\src\\effectivecontext.cpp", "EventData.LineNumber": "414"}
{"EventID": "1", "Channel": "Microsoft-Windows-CloudStore/Operational", "Provider_Name": "Microsoft-Windows-CloudStore", "Computer": "DESKTOP-OFJ6N53", "TimeCreated": "2024-06-06 12:19:08.769135+00:00", "RecordID": "612", "Level": "2", "UserID": "S-1-5-21-963789628-1060504924-4285088085-1001", "EventData.ProcessName": null, "EventData.Type": "1", "EventData.ErrorCode": "2147943712", "EventData.File": "onecoreuap\\shell\\cloudstore\\store\\cache\\src\\cloudcacheinitializer.cpp", "EventData.LineNumber": "706"}
{"EventID": "1", "Channel": "Microsoft-Windows-CloudStore/Operational", "Provider_Name": "Microsoft-Windows-CloudStore", "Computer": "DESKTOP-OFJ6N53", "TimeCreated": "2024-06-06 12:19:10.061199+00:00", "RecordID": "613", "Level": "2", "UserID": "S-1-5-21-963789628-1060504924-4285088085-1001", "EventData.ProcessName": null, "EventData.Type": "0", "EventData.ErrorCode": "2147943712", "EventData.File": "onecoreuap\\shell\\cloudstore\\common\\src\\effectivecontext.cpp", "EventData.LineNumber": "414"}
{"EventID": "1", "Channel": "Microsoft-Windows-CloudStore/Operational", "Provider_Name": "Microsoft-Windows-CloudStore", "Computer": "DESKTOP-OFJ6N53", "TimeCreated": "2024-06-06 12:19:10.061394+00:00", "RecordID": "614", "Level": "2", "UserID": "S-1-5-21-963789628-1060504924-4285088085-1001", "EventData.ProcessName": null, "EventData.Type": "1", "EventData.ErrorCode": "2147943712", "EventData.File": "onecoreuap\\shell\\cloudstore\\store\\cache\\src\\cloudcacheinitializer.cpp", "EventData.LineNumber": "706"}
{"EventID": "1", "Channel": "Microsoft-Windows-CloudStore/Operational", "Provider_Name": "Microsoft-Windows-CloudStore", "Computer": "DESKTOP-OFJ6N53", "TimeCreated": "2024-06-13 10:02:52.788170+00:00", "RecordID": "615", "Level": "2", "UserID": "S-1-5-21-963789628-1060504924-4285088085-1001", "EventData.ProcessName": null, "EventData.Type": "0", "EventData.ErrorCode": "2147943712", "EventData.File": "onecoreuap\\shell\\cloudstore\\common\\src\\effectivecontext.cpp", "EventData.LineNumber": "414"}
{"EventID": "1", "Channel": "Microsoft-Windows-CloudStore/Operational", "Provider_Name": "Microsoft-Windows-CloudStore", "Computer": "DESKTOP-OFJ6N53", "TimeCreated": "2024-06-13 10:02:52.789001+00:00", "RecordID": "616", "Level": "2", "UserID": "S-1-5-21-963789628-1060504924-4285088085-1001", "EventData.ProcessName": null, "EventData.Type": "1", "EventData.ErrorCode": "2147943712", "EventData.File": "onecoreuap\\shell\\cloudstore\\store\\cache\\src\\cloudcacheinitializer.cpp", "EventData.LineNumber": "706"}
{"EventID": "1", "Channel": "Microsoft-Windows-CloudStore/Operational", "Provider_Name": "Microsoft-Windows-CloudStore", "Computer": "DESKTOP-OFJ6N53", "TimeCreated": "2024-06-13 10:02:55.823486+00:00", "RecordID": "617", "Level": "2", "UserID": "S-1-5-21-963789628-1060504924-4285088085-1001", "EventData.ProcessName": null, "EventData.Type": "0", "EventData.ErrorCode": "2147943712", "EventData.File": "onecoreuap\\shell\\cloudstore\\common\\src\\effectivecontext.cpp", "EventData.LineNumber": "414"}
{"EventID": "1", "Channel": "Microsoft-Windows-CloudStore/Operational", "Provider_Name": "Microsoft-Windows-CloudStore", "Computer": "DESKTOP-OFJ6N53", "TimeCreated": "2024-06-13 10:02:55.823721+00:00", "RecordID": "618", "Level": "2", "UserID": "S-1-5-21-963789628-1060504924-4285088085-1001", "EventData.ProcessName": null, "EventData.Type": "1", "EventData.ErrorCode": "2147943712", "EventData.File": "onecoreuap\\shell\\cloudstore\\store\\cache\\src\\cloudcacheinitializer.cpp", "EventData.LineNumber": "706"}
{"EventID": "3013", "Channel": "Microsoft-Windows-CloudStore/Operational", "Provider_Name": "Microsoft-Windows-CloudStore", "Computer": "DESKTOP-OFJ6N53", "TimeCreated": "2024-06-13 10:03:00.388151+00:00", "RecordID": "619", "Level": "3", "UserID": "S-1-5-21-963789628-1060504924-4285088085-1001", "EventData.Id": "default$windows.data.input.devices.touchpadsettings|windows.data.input.devices.touchpadsettings", "EventData.ErrorCode": "2147746053"}
{"EventID": "3013", "Channel": "Microsoft-Windows-CloudStore/Operational", "Provider_Name": "Microsoft-Windows-CloudStore", "Computer": "DESKTOP-OFJ6N53", "TimeCreated": "2024-06-13 10:03:00.419136+00:00", "RecordID": "620", "Level": "3", "UserID": "S-1-5-21-963789628-1060504924-4285088085-1001", "EventData.Id": "default$windows.data.input.devices.mousesettings|windows.data.input.devices.mousesettings", "EventData.ErrorCode": "2147746053"}
{"EventID": "3013", "Channel": "Microsoft-Windows-CloudStore/Operational", "Provider_Name": "Microsoft-Windows-CloudStore", "Computer": "DESKTOP-OFJ6N53", "TimeCreated": "2024-06-13 10:03:00.542200+00:00", "RecordID": "621", "Level": "3", "UserID": "S-1-5-21-963789628-1060504924-4285088085-1001", "EventData.Id": "default$windows.data.input.devices.touchsettings|windows.data.input.devices.touchsettings", "EventData.ErrorCode": "2147746053"}
{"EventID": "3013", "Channel": "Microsoft-Windows-CloudStore/Operational", "Provider_Name": "Microsoft-Windows-CloudStore", "Computer": "DESKTOP-OFJ6N53", "TimeCreated": "2024-06-13 10:03:00.546679+00:00", "RecordID": "622", "Level": "3", "UserID": "S-1-5-21-963789628-1060504924-4285088085-1001", "EventData.Id": "default$windows.data.input.devices.pensettings|windows.data.input.devices.pensettings", "EventData.ErrorCode": "2147746053"}
{"EventID": "3013", "Channel": "Microsoft-Windows-CloudStore/Operational", "Provider_Name": "Microsoft-Windows-CloudStore", "Computer": "DESKTOP-OFJ6N53", "TimeCreated": "2024-06-13 10:03:00.550955+00:00", "RecordID": "623", "Level": "3", "UserID": "S-1-5-21-963789628-1060504924-4285088085-1001", "EventData.Id": "default$windows.data.accessibility.eyecontrol.syncedsettings|windows.data.accessibility.eyecontrol.syncedsettings", "EventData.ErrorCode": "2147746053"}
{"EventID": "1", "Channel": "Microsoft-Windows-CloudStore/Operational", "Provider_Name": "Microsoft-Windows-CloudStore", "Computer": "DESKTOP-OFJ6N53", "TimeCreated": "2024-06-13 10:21:32.938717+00:00", "RecordID": "624", "Level": "2", "UserID": "S-1-5-21-963789628-1060504924-4285088085-1001", "EventData.ProcessName": null, "EventData.Type": "0", "EventData.ErrorCode": "2147943712", "EventData.File": "onecoreuap\\shell\\cloudstore\\common\\src\\effectivecontext.cpp", "EventData.LineNumber": "414"}
{"EventID": "1", "Channel": "Microsoft-Windows-CloudStore/Operational", "Provider_Name": "Microsoft-Windows-CloudStore", "Computer": "DESKTOP-OFJ6N53", "TimeCreated": "2024-06-13 10:21:32.947781+00:00", "RecordID": "625", "Level": "2", "UserID": "S-1-5-21-963789628-1060504924-4285088085-1001", "EventData.ProcessName": null, "EventData.Type": "1", "EventData.ErrorCode": "2147943712", "EventData.File": "onecoreuap\\shell\\cloudstore\\store\\cache\\src\\cloudcacheinitializer.cpp", "EventData.LineNumber": "706"}
{"EventID": "1", "Channel": "Microsoft-Windows-CloudStore/Operational", "Provider_Name": "Microsoft-Windows-CloudStore", "Computer": "DESKTOP-OFJ6N53", "TimeCreated": "2024-06-13 10:21:34.376043+00:00", "RecordID": "626", "Level": "2", "UserID": "S-1-5-21-963789628-1060504924-4285088085-1001", "EventData.ProcessName": null, "EventData.Type": "0", "EventData.ErrorCode": "2147943712", "EventData.File": "onecoreuap\\shell\\cloudstore\\common\\src\\effectivecontext.cpp", "EventData.LineNumber": "414"}
{"EventID": "1", "Channel": "Microsoft-Windows-CloudStore/Operational", "Provider_Name": "Microsoft-Windows-CloudStore", "Computer": "DESKTOP-OFJ6N53", "TimeCreated": "2024-06-13 10:21:34.376228+00:00", "RecordID": "627", "Level": "2", "UserID": "S-1-5-21-963789628-1060504924-4285088085-1001", "EventData.ProcessName": null, "EventData.Type": "1", "EventData.ErrorCode": "2147943712", "EventData.File": "onecoreuap\\shell\\cloudstore\\store\\cache\\src\\cloudcacheinitializer.cpp", "EventData.LineNumber": "706"}
{"EventID": "1", "Channel": "Microsoft-Windows-CloudStore/Operational", "Provider_Name": "Microsoft-Windows-CloudStore", "Computer": "DESKTOP-OFJ6N53", "TimeCreated": "2024-07-04 10:12:44.413967+00:00", "RecordID": "628", "Level": "2", "UserID": "S-1-5-21-963789628-1060504924-4285088085-1001", "EventData.ProcessName": null, "EventData.Type": "0", "EventData.ErrorCode": "2147943712", "EventData.File": "onecoreuap\\shell\\cloudstore\\common\\src\\effectivecontext.cpp", "EventData.LineNumber": "414"}
{"EventID": "1", "Channel": "Microsoft-Windows-CloudStore/Operational", "Provider_Name": "Microsoft-Windows-CloudStore", "Computer": "DESKTOP-OFJ6N53", "TimeCreated": "2024-07-04 10:12:44.422615+00:00", "RecordID": "629", "Level": "2", "UserID": "S-1-5-21-963789628-1060504924-4285088085-1001", "EventData.ProcessName": null, "EventData.Type": "1", "EventData.ErrorCode": "2147943712", "EventData.File": "onecoreuap\\shell\\cloudstore\\store\\cache\\src\\cloudcacheinitializer.cpp", "EventData.LineNumber": "706"}
{"EventID": "1", "Channel": "Microsoft-Windows-CloudStore/Operational", "Provider_Name": "Microsoft-Windows-CloudStore", "Computer": "DESKTOP-OFJ6N53", "TimeCreated": "2024-07-04 10:12:46.599535+00:00", "RecordID": "630", "Level": "2", "UserID": "S-1-5-21-963789628-1060504924-4285088085-1001", "EventData.ProcessName": null, "EventData.Type": "0", "EventData.ErrorCode": "2147943712", "EventData.File": "onecoreuap\\shell\\cloudstore\\common\\src\\effectivecontext.cpp", "EventData.LineNumber": "414"}
{"EventID": "1", "Channel": "Microsoft-Windows-CloudStore/Operational", "Provider_Name": "Microsoft-Windows-CloudStore", "Computer": "DESKTOP-OFJ6N53", "TimeCreated": "2024-07-04 10:12:46.626093+00:00", "RecordID": "631", "Level": "2", "UserID": "S-1-5-21-963789628-1060504924-4285088085-1001", "EventData.ProcessName": null, "EventData.Type": "1", "EventData.ErrorCode": "2147943712", "EventData.File": "onecoreuap\\shell\\cloudstore\\store\\cache\\src\\cloudcacheinitializer.cpp", "EventData.LineNumber": "706"}
{"EventID": "1", "Channel": "Microsoft-Windows-CloudStore/Operational", "Provider_Name": "Microsoft-Windows-CloudStore", "Computer": "DESKTOP-OFJ6N53", "TimeCreated": "2024-07-11 10:32:09.995224+00:00", "RecordID": "632", "Level": "2", "UserID": "S-1-5-21-963789628-1060504924-4285088085-1001", "EventData.ProcessName": null, "EventData.Type": "0", "EventData.ErrorCode": "2147943712", "EventData.File": "onecoreuap\\shell\\cloudstore\\common\\src\\effectivecontext.cpp", "EventData.LineNumber": "414"}
{"EventID": "1", "Channel": "Microsoft-Windows-CloudStore/Operational", "Provider_Name": "Microsoft-Windows-CloudStore", "Computer": "DESKTOP-OFJ6N53", "TimeCreated": "2024-07-11 10:32:10.008430+00:00", "RecordID": "633", "Level": "2", "UserID": "S-1-5-21-963789628-1060504924-4285088085-1001", "EventData.ProcessName": null, "EventData.Type": "1", "EventData.ErrorCode": "2147943712", "EventData.File": "onecoreuap\\shell\\cloudstore\\store\\cache\\src\\cloudcacheinitializer.cpp", "EventData.LineNumber": "706"}
{"EventID": "1", "Channel": "Microsoft-Windows-CloudStore/Operational", "Provider_Name": "Microsoft-Windows-CloudStore", "Computer": "DESKTOP-OFJ6N53", "TimeCreated": "2024-07-11 10:32:10.340654+00:00", "RecordID": "634", "Level": "2", "UserID": "S-1-5-21-963789628-1060504924-4285088085-1001", "EventData.ProcessName": null, "EventData.Type": "0", "EventData.ErrorCode": "2147943712", "EventData.File": "onecoreuap\\shell\\cloudstore\\common\\src\\effectivecontext.cpp", "EventData.LineNumber": "414"}
{"EventID": "1", "Channel": "Microsoft-Windows-CloudStore/Operational", "Provider_Name": "Microsoft-Windows-CloudStore", "Computer": "DESKTOP-OFJ6N53", "TimeCreated": "2024-07-11 10:32:10.340893+00:00", "RecordID": "635", "Level": "2", "UserID": "S-1-5-21-963789628-1060504924-4285088085-1001", "EventData.ProcessName": null, "EventData.Type": "1", "EventData.ErrorCode": "2147943712", "EventData.File": "onecoreuap\\shell\\cloudstore\\store\\cache\\src\\cloudcacheinitializer.cpp", "EventData.LineNumber": "706"}
{"EventID": "1", "Channel": "Microsoft-Windows-CloudStore/Operational", "Provider_Name": "Microsoft-Windows-CloudStore", "Computer": "DESKTOP-OFJ6N53", "TimeCreated": "2024-07-22 07:27:23.664818+00:00", "RecordID": "636", "Level": "2", "UserID": "S-1-5-21-963789628-1060504924-4285088085-1001", "EventData.ProcessName": null, "EventData.Type": "0", "EventData.ErrorCode": "2147943712", "EventData.File": "onecoreuap\\shell\\cloudstore\\common\\src\\effectivecontext.cpp", "EventData.LineNumber": "414"}
{"EventID": "1", "Channel": "Microsoft-Windows-CloudStore/Operational", "Provider_Name": "Microsoft-Windows-CloudStore", "Computer": "DESKTOP-OFJ6N53", "TimeCreated": "2024-07-22 07:27:23.677187+00:00", "RecordID": "637", "Level": "2", "UserID": "S-1-5-21-963789628-1060504924-4285088085-1001", "EventData.ProcessName": null, "EventData.Type": "1", "EventData.ErrorCode": "2147943712", "EventData.File": "onecoreuap\\shell\\cloudstore\\store\\cache\\src\\cloudcacheinitializer.cpp", "EventData.LineNumber": "706"}
{"EventID": "1", "Channel": "Microsoft-Windows-CloudStore/Operational", "Provider_Name": "Microsoft-Windows-CloudStore", "Computer": "DESKTOP-OFJ6N53", "TimeCreated": "2024-07-22 07:27:24.626606+00:00", "RecordID": "638", "Level": "2", "UserID": "S-1-5-21-963789628-1060504924-4285088085-1001", "EventData.ProcessName": null, "EventData.Type": "0", "EventData.ErrorCode": "2147943712", "EventData.File": "onecoreuap\\shell\\cloudstore\\common\\src\\effectivecontext.cpp", "EventData.LineNumber": "414"}
{"EventID": "1", "Channel": "Microsoft-Windows-CloudStore/Operational", "Provider_Name": "Microsoft-Windows-CloudStore", "Computer": "DESKTOP-OFJ6N53", "TimeCreated": "2024-07-22 07:27:24.626829+00:00", "RecordID": "639", "Level": "2", "UserID": "S-1-5-21-963789628-1060504924-4285088085-1001", "EventData.ProcessName": null, "EventData.Type": "1", "EventData.ErrorCode": "2147943712", "EventData.File": "onecoreuap\\shell\\cloudstore\\store\\cache\\src\\cloudcacheinitializer.cpp", "EventData.LineNumber": "706"}
{"EventID": "1", "Channel": "Microsoft-Windows-CloudStore/Operational", "Provider_Name": "Microsoft-Windows-CloudStore", "Computer": "DESKTOP-OFJ6N53", "TimeCreated": "2024-08-28 09:28:22.968929+00:00", "RecordID": "640", "Level": "2", "UserID": "S-1-5-21-963789628-1060504924-4285088085-1001", "EventData.ProcessName": null, "EventData.Type": "0", "EventData.ErrorCode": "2147943712", "EventData.File": "onecoreuap\\shell\\cloudstore\\common\\src\\effectivecontext.cpp", "EventData.LineNumber": "414"}
{"EventID": "1", "Channel": "Microsoft-Windows-CloudStore/Operational", "Provider_Name": "Microsoft-Windows-CloudStore", "Computer": "DESKTOP-OFJ6N53", "TimeCreated": "2024-08-28 09:28:22.974491+00:00", "RecordID": "641", "Level": "2", "UserID": "S-1-5-21-963789628-1060504924-4285088085-1001", "EventData.ProcessName": null, "EventData.Type": "1", "EventData.ErrorCode": "2147943712", "EventData.File": "onecoreuap\\shell\\cloudstore\\store\\cache\\src\\cloudcacheinitializer.cpp", "EventData.LineNumber": "689"}
{"EventID": "1", "Channel": "Microsoft-Windows-CloudStore/Operational", "Provider_Name": "Microsoft-Windows-CloudStore", "Computer": "DESKTOP-OFJ6N53", "TimeCreated": "2024-08-28 09:28:23.384285+00:00", "RecordID": "642", "Level": "2", "UserID": "S-1-5-21-963789628-1060504924-4285088085-1001", "EventData.ProcessName": null, "EventData.Type": "0", "EventData.ErrorCode": "2147943712", "EventData.File": "onecoreuap\\shell\\cloudstore\\common\\src\\effectivecontext.cpp", "EventData.LineNumber": "414"}
{"EventID": "1", "Channel": "Microsoft-Windows-CloudStore/Operational", "Provider_Name": "Microsoft-Windows-CloudStore", "Computer": "DESKTOP-OFJ6N53", "TimeCreated": "2024-08-28 09:28:23.384493+00:00", "RecordID": "643", "Level": "2", "UserID": "S-1-5-21-963789628-1060504924-4285088085-1001", "EventData.ProcessName": null, "EventData.Type": "1", "EventData.ErrorCode": "2147943712", "EventData.File": "onecoreuap\\shell\\cloudstore\\store\\cache\\src\\cloudcacheinitializer.cpp", "EventData.LineNumber": "689"}
{"EventID": "1", "Channel": "Microsoft-Windows-CloudStore/Operational", "Provider_Name": "Microsoft-Windows-CloudStore", "Computer": "DESKTOP-OFJ6N53", "TimeCreated": "2024-08-28 09:28:29.886618+00:00", "RecordID": "644", "Level": "2", "UserID": "S-1-5-18", "EventData.ProcessName": "svchost.exe", "EventData.Type": "0", "EventData.ErrorCode": "2147943712", "EventData.File": "onecoreuap\\shell\\cloudstore\\common\\src\\effectivecontext.cpp", "EventData.LineNumber": "414"}
{"EventID": "1", "Channel": "Microsoft-Windows-CloudStore/Operational", "Provider_Name": "Microsoft-Windows-CloudStore", "Computer": "DESKTOP-OFJ6N53", "TimeCreated": "2024-08-28 09:28:29.887360+00:00", "RecordID": "645", "Level": "2", "UserID": "S-1-5-18", "EventData.ProcessName": "svchost.exe", "EventData.Type": "1", "EventData.ErrorCode": "2147943712", "EventData.File": "onecoreuap\\shell\\cloudstore\\store\\api\\src\\cloudstore.cpp", "EventData.LineNumber": "4505"}
{"EventID": "1", "Channel": "Microsoft-Windows-CloudStore/Operational", "Provider_Name": "Microsoft-Windows-CloudStore", "Computer": "DESKTOP-OFJ6N53", "TimeCreated": "2024-08-28 09:28:29.887371+00:00", "RecordID": "646", "Level": "2", "UserID": "S-1-5-18", "EventData.ProcessName": "svchost.exe", "EventData.Type": "0", "EventData.ErrorCode": "2147943712", "EventData.File": "onecoreuap\\shell\\cloudstore\\store\\api\\src\\cloudstore.cpp", "EventData.LineNumber": "4133"}
{"EventID": "1", "Channel": "Microsoft-Windows-CloudStore/Operational", "Provider_Name": "Microsoft-Windows-CloudStore", "Computer": "DESKTOP-OFJ6N53", "TimeCreated": "2024-08-28 09:28:29.887392+00:00", "RecordID": "647", "Level": "2", "UserID": "S-1-5-18", "EventData.ProcessName": "svchost.exe", "EventData.Type": "1", "EventData.ErrorCode": "2147943712", "EventData.File": "onecoreuap\\shell\\cloudstore\\store\\api\\src\\cloudstore.cpp", "EventData.LineNumber": "4141"}
{"EventID": "1", "Channel": "Microsoft-Windows-CloudStore/Operational", "Provider_Name": "Microsoft-Windows-CloudStore", "Computer": "DESKTOP-OFJ6N53", "TimeCreated": "2024-08-28 09:29:06.660110+00:00", "RecordID": "648", "Level": "2", "UserID": "S-1-5-18", "EventData.ProcessName": "svchost.exe", "EventData.Type": "0", "EventData.ErrorCode": "2147943712", "EventData.File": "onecoreuap\\shell\\cloudstore\\common\\src\\effectivecontext.cpp", "EventData.LineNumber": "414"}
{"EventID": "1", "Channel": "Microsoft-Windows-CloudStore/Operational", "Provider_Name": "Microsoft-Windows-CloudStore", "Computer": "DESKTOP-OFJ6N53", "TimeCreated": "2024-08-28 09:29:06.660172+00:00", "RecordID": "649", "Level": "2", "UserID": "S-1-5-18", "EventData.ProcessName": "svchost.exe", "EventData.Type": "1", "EventData.ErrorCode": "2147943712", "EventData.File": "onecoreuap\\shell\\cloudstore\\store\\api\\src\\cloudstore.cpp", "EventData.LineNumber": "4505"}
{"EventID": "1", "Channel": "Microsoft-Windows-CloudStore/Operational", "Provider_Name": "Microsoft-Windows-CloudStore", "Computer": "DESKTOP-OFJ6N53", "TimeCreated": "2024-08-28 09:29:06.660175+00:00", "RecordID": "650", "Level": "2", "UserID": "S-1-5-18", "EventData.ProcessName": "svchost.exe", "EventData.Type": "0", "EventData.ErrorCode": "2147943712", "EventData.File": "onecoreuap\\shell\\cloudstore\\store\\api\\src\\cloudstore.cpp", "EventData.LineNumber": "4133"}
{"EventID": "1", "Channel": "Microsoft-Windows-CloudStore/Operational", "Provider_Name": "Microsoft-Windows-CloudStore", "Computer": "DESKTOP-OFJ6N53", "TimeCreated": "2024-08-28 09:29:06.660192+00:00", "RecordID": "651", "Level": "2", "UserID": "S-1-5-18", "EventData.ProcessName": "svchost.exe", "EventData.Type": "1", "EventData.ErrorCode": "2147943712", "EventData.File": "onecoreuap\\shell\\cloudstore\\store\\api\\src\\cloudstore.cpp", "EventData.LineNumber": "4141"}
{"EventID": "1", "Channel": "Microsoft-Windows-CloudStore/Operational", "Provider_Name": "Microsoft-Windows-CloudStore", "Computer": "DESKTOP-OFJ6N53", "TimeCreated": "2024-09-06 13:40:16.500916+00:00", "RecordID": "652", "Level": "2", "UserID": "S-1-5-21-963789628-1060504924-4285088085-1001", "EventData.ProcessName": null, "EventData.Type": "0", "EventData.ErrorCode": "2147943712", "EventData.File": "onecoreuap\\shell\\cloudstore\\common\\src\\effectivecontext.cpp", "EventData.LineNumber": "414"}
{"EventID": "1", "Channel": "Microsoft-Windows-CloudStore/Operational", "Provider_Name": "Microsoft-Windows-CloudStore", "Computer": "DESKTOP-OFJ6N53", "TimeCreated": "2024-09-06 13:40:16.513111+00:00", "RecordID": "653", "Level": "2", "UserID": "S-1-5-21-963789628-1060504924-4285088085-1001", "EventData.ProcessName": null, "EventData.Type": "1", "EventData.ErrorCode": "2147943712", "EventData.File": "onecoreuap\\shell\\cloudstore\\store\\cache\\src\\cloudcacheinitializer.cpp", "EventData.LineNumber": "689"}
{"EventID": "1", "Channel": "Microsoft-Windows-CloudStore/Operational", "Provider_Name": "Microsoft-Windows-CloudStore", "Computer": "DESKTOP-OFJ6N53", "TimeCreated": "2024-09-06 13:40:16.687601+00:00", "RecordID": "654", "Level": "2", "UserID": "S-1-5-21-963789628-1060504924-4285088085-1001", "EventData.ProcessName": null, "EventData.Type": "0", "EventData.ErrorCode": "2147943712", "EventData.File": "onecoreuap\\shell\\cloudstore\\common\\src\\effectivecontext.cpp", "EventData.LineNumber": "414"}
{"EventID": "1", "Channel": "Microsoft-Windows-CloudStore/Operational", "Provider_Name": "Microsoft-Windows-CloudStore", "Computer": "DESKTOP-OFJ6N53", "TimeCreated": "2024-09-06 13:40:16.687813+00:00", "RecordID": "655", "Level": "2", "UserID": "S-1-5-21-963789628-1060504924-4285088085-1001", "EventData.ProcessName": null, "EventData.Type": "1", "EventData.ErrorCode": "2147943712", "EventData.File": "onecoreuap\\shell\\cloudstore\\store\\cache\\src\\cloudcacheinitializer.cpp", "EventData.LineNumber": "689"}
{"EventID": "1", "Channel": "Microsoft-Windows-CloudStore/Operational", "Provider_Name": "Microsoft-Windows-CloudStore", "Computer": "DESKTOP-OFJ6N53", "TimeCreated": "2024-09-11 14:51:58.553322+00:00", "RecordID": "656", "Level": "2", "UserID": "S-1-5-21-963789628-1060504924-4285088085-1001", "EventData.ProcessName": null, "EventData.Type": "0", "EventData.ErrorCode": "2147943712", "EventData.File": "onecoreuap\\shell\\cloudstore\\common\\src\\effectivecontext.cpp", "EventData.LineNumber": "414"}
{"EventID": "1", "Channel": "Microsoft-Windows-CloudStore/Operational", "Provider_Name": "Microsoft-Windows-CloudStore", "Computer": "DESKTOP-OFJ6N53", "TimeCreated": "2024-09-11 14:51:58.566559+00:00", "RecordID": "657", "Level": "2", "UserID": "S-1-5-21-963789628-1060504924-4285088085-1001", "EventData.ProcessName": null, "EventData.Type": "1", "EventData.ErrorCode": "2147943712", "EventData.File": "onecoreuap\\shell\\cloudstore\\store\\cache\\src\\cloudcacheinitializer.cpp", "EventData.LineNumber": "689"}
{"EventID": "1", "Channel": "Microsoft-Windows-CloudStore/Operational", "Provider_Name": "Microsoft-Windows-CloudStore", "Computer": "DESKTOP-OFJ6N53", "TimeCreated": "2024-09-11 14:51:58.711327+00:00", "RecordID": "658", "Level": "2", "UserID": "S-1-5-21-963789628-1060504924-4285088085-1001", "EventData.ProcessName": null, "EventData.Type": "0", "EventData.ErrorCode": "2147943712", "EventData.File": "onecoreuap\\shell\\cloudstore\\common\\src\\effectivecontext.cpp", "EventData.LineNumber": "414"}
{"EventID": "1", "Channel": "Microsoft-Windows-CloudStore/Operational", "Provider_Name": "Microsoft-Windows-CloudStore", "Computer": "DESKTOP-OFJ6N53", "TimeCreated": "2024-09-11 14:51:58.711624+00:00", "RecordID": "659", "Level": "2", "UserID": "S-1-5-21-963789628-1060504924-4285088085-1001", "EventData.ProcessName": null, "EventData.Type": "1", "EventData.ErrorCode": "2147943712", "EventData.File": "onecoreuap\\shell\\cloudstore\\store\\cache\\src\\cloudcacheinitializer.cpp", "EventData.LineNumber": "689"}
{"EventID": "1", "Channel": "Microsoft-Windows-CloudStore/Operational", "Provider_Name": "Microsoft-Windows-CloudStore", "Computer": "DESKTOP-OFJ6N53", "TimeCreated": "2024-09-19 17:25:28.366467+00:00", "RecordID": "660", "Level": "2", "UserID": "S-1-5-21-963789628-1060504924-4285088085-1001", "EventData.ProcessName": null, "EventData.Type": "0", "EventData.ErrorCode": "2147943712", "EventData.File": "onecoreuap\\shell\\cloudstore\\common\\src\\effectivecontext.cpp", "EventData.LineNumber": "414"}
{"EventID": "1", "Channel": "Microsoft-Windows-CloudStore/Operational", "Provider_Name": "Microsoft-Windows-CloudStore", "Computer": "DESKTOP-OFJ6N53", "TimeCreated": "2024-09-19 17:25:28.380308+00:00", "RecordID": "661", "Level": "2", "UserID": "S-1-5-21-963789628-1060504924-4285088085-1001", "EventData.ProcessName": null, "EventData.Type": "1", "EventData.ErrorCode": "2147943712", "EventData.File": "onecoreuap\\shell\\cloudstore\\store\\cache\\src\\cloudcacheinitializer.cpp", "EventData.LineNumber": "689"}
{"EventID": "1", "Channel": "Microsoft-Windows-CloudStore/Operational", "Provider_Name": "Microsoft-Windows-CloudStore", "Computer": "DESKTOP-OFJ6N53", "TimeCreated": "2024-09-19 17:25:32.307941+00:00", "RecordID": "662", "Level": "2", "UserID": "S-1-5-21-963789628-1060504924-4285088085-1001", "EventData.ProcessName": null, "EventData.Type": "0", "EventData.ErrorCode": "2147943712", "EventData.File": "onecoreuap\\shell\\cloudstore\\common\\src\\effectivecontext.cpp", "EventData.LineNumber": "414"}
{"EventID": "1", "Channel": "Microsoft-Windows-CloudStore/Operational", "Provider_Name": "Microsoft-Windows-CloudStore", "Computer": "DESKTOP-OFJ6N53", "TimeCreated": "2024-09-19 17:25:32.308147+00:00", "RecordID": "663", "Level": "2", "UserID": "S-1-5-21-963789628-1060504924-4285088085-1001", "EventData.ProcessName": null, "EventData.Type": "1", "EventData.ErrorCode": "2147943712", "EventData.File": "onecoreuap\\shell\\cloudstore\\store\\cache\\src\\cloudcacheinitializer.cpp", "EventData.LineNumber": "689"}
{"EventID": "1", "Channel": "Microsoft-Windows-CloudStore/Operational", "Provider_Name": "Microsoft-Windows-CloudStore", "Computer": "DESKTOP-OFJ6N53", "TimeCreated": "2024-09-24 10:57:34.024408+00:00", "RecordID": "664", "Level": "2", "UserID": "S-1-5-21-963789628-1060504924-4285088085-1001", "EventData.ProcessName": null, "EventData.Type": "0", "EventData.ErrorCode": "2147943712", "EventData.File": "onecoreuap\\shell\\cloudstore\\common\\src\\effectivecontext.cpp", "EventData.LineNumber": "414"}
{"EventID": "1", "Channel": "Microsoft-Windows-CloudStore/Operational", "Provider_Name": "Microsoft-Windows-CloudStore", "Computer": "DESKTOP-OFJ6N53", "TimeCreated": "2024-09-24 10:57:34.034479+00:00", "RecordID": "665", "Level": "2", "UserID": "S-1-5-21-963789628-1060504924-4285088085-1001", "EventData.ProcessName": null, "EventData.Type": "1", "EventData.ErrorCode": "2147943712", "EventData.File": "onecoreuap\\shell\\cloudstore\\store\\cache\\src\\cloudcacheinitializer.cpp", "EventData.LineNumber": "689"}
{"EventID": "1", "Channel": "Microsoft-Windows-CloudStore/Operational", "Provider_Name": "Microsoft-Windows-CloudStore", "Computer": "DESKTOP-OFJ6N53", "TimeCreated": "2024-09-24 10:57:38.023899+00:00", "RecordID": "666", "Level": "2", "UserID": "S-1-5-21-963789628-1060504924-4285088085-1001", "EventData.ProcessName": null, "EventData.Type": "0", "EventData.ErrorCode": "2147943712", "EventData.File": "onecoreuap\\shell\\cloudstore\\common\\src\\effectivecontext.cpp", "EventData.LineNumber": "414"}
{"EventID": "1", "Channel": "Microsoft-Windows-CloudStore/Operational", "Provider_Name": "Microsoft-Windows-CloudStore", "Computer": "DESKTOP-OFJ6N53", "TimeCreated": "2024-09-24 10:57:38.024137+00:00", "RecordID": "667", "Level": "2", "UserID": "S-1-5-21-963789628-1060504924-4285088085-1001", "EventData.ProcessName": null, "EventData.Type": "1", "EventData.ErrorCode": "2147943712", "EventData.File": "onecoreuap\\shell\\cloudstore\\store\\cache\\src\\cloudcacheinitializer.cpp", "EventData.LineNumber": "689"}
{"EventID": "1", "Channel": "Microsoft-Windows-CloudStore/Operational", "Provider_Name": "Microsoft-Windows-CloudStore", "Computer": "DESKTOP-OFJ6N53", "TimeCreated": "2024-09-25 13:38:59.310743+00:00", "RecordID": "668", "Level": "2", "UserID": "S-1-5-21-963789628-1060504924-4285088085-1001", "EventData.ProcessName": null, "EventData.Type": "0", "EventData.ErrorCode": "2147943712", "EventData.File": "onecoreuap\\shell\\cloudstore\\common\\src\\effectivecontext.cpp", "EventData.LineNumber": "414"}
{"EventID": "1", "Channel": "Microsoft-Windows-CloudStore/Operational", "Provider_Name": "Microsoft-Windows-CloudStore", "Computer": "DESKTOP-OFJ6N53", "TimeCreated": "2024-09-25 13:38:59.320738+00:00", "RecordID": "669", "Level": "2", "UserID": "S-1-5-21-963789628-1060504924-4285088085-1001", "EventData.ProcessName": null, "EventData.Type": "1", "EventData.ErrorCode": "2147943712", "EventData.File": "onecoreuap\\shell\\cloudstore\\store\\cache\\src\\cloudcacheinitializer.cpp", "EventData.LineNumber": "689"}
{"EventID": "1", "Channel": "Microsoft-Windows-CloudStore/Operational", "Provider_Name": "Microsoft-Windows-CloudStore", "Computer": "DESKTOP-OFJ6N53", "TimeCreated": "2024-09-25 13:39:03.203545+00:00", "RecordID": "670", "Level": "2", "UserID": "S-1-5-21-963789628-1060504924-4285088085-1001", "EventData.ProcessName": null, "EventData.Type": "0", "EventData.ErrorCode": "2147943712", "EventData.File": "onecoreuap\\shell\\cloudstore\\common\\src\\effectivecontext.cpp", "EventData.LineNumber": "414"}
{"EventID": "1", "Channel": "Microsoft-Windows-CloudStore/Operational", "Provider_Name": "Microsoft-Windows-CloudStore", "Computer": "DESKTOP-OFJ6N53", "TimeCreated": "2024-09-25 13:39:03.203758+00:00", "RecordID": "671", "Level": "2", "UserID": "S-1-5-21-963789628-1060504924-4285088085-1001", "EventData.ProcessName": null, "EventData.Type": "1", "EventData.ErrorCode": "2147943712", "EventData.File": "onecoreuap\\shell\\cloudstore\\store\\cache\\src\\cloudcacheinitializer.cpp", "EventData.LineNumber": "689"}
{"EventID": "1", "Channel": "Microsoft-Windows-CloudStore/Operational", "Provider_Name": "Microsoft-Windows-CloudStore", "Computer": "DESKTOP-OFJ6N53", "TimeCreated": "2024-09-28 12:29:09.196423+00:00", "RecordID": "672", "Level": "2", "UserID": "S-1-5-21-963789628-1060504924-4285088085-1001", "EventData.ProcessName": null, "EventData.Type": "0", "EventData.ErrorCode": "2147943712", "EventData.File": "onecoreuap\\shell\\cloudstore\\common\\src\\effectivecontext.cpp", "EventData.LineNumber": "414"}
{"EventID": "1", "Channel": "Microsoft-Windows-CloudStore/Operational", "Provider_Name": "Microsoft-Windows-CloudStore", "Computer": "DESKTOP-OFJ6N53", "TimeCreated": "2024-09-28 12:29:09.210453+00:00", "RecordID": "673", "Level": "2", "UserID": "S-1-5-21-963789628-1060504924-4285088085-1001", "EventData.ProcessName": null, "EventData.Type": "1", "EventData.ErrorCode": "2147943712", "EventData.File": "onecoreuap\\shell\\cloudstore\\store\\cache\\src\\cloudcacheinitializer.cpp", "EventData.LineNumber": "689"}
{"EventID": "1", "Channel": "Microsoft-Windows-CloudStore/Operational", "Provider_Name": "Microsoft-Windows-CloudStore", "Computer": "DESKTOP-OFJ6N53", "TimeCreated": "2024-09-28 12:29:13.053829+00:00", "RecordID": "674", "Level": "2", "UserID": "S-1-5-21-963789628-1060504924-4285088085-1001", "EventData.ProcessName": null, "EventData.Type": "0", "EventData.ErrorCode": "2147943712", "EventData.File": "onecoreuap\\shell\\cloudstore\\common\\src\\effectivecontext.cpp", "EventData.LineNumber": "414"}
{"EventID": "1", "Channel": "Microsoft-Windows-CloudStore/Operational", "Provider_Name": "Microsoft-Windows-CloudStore", "Computer": "DESKTOP-OFJ6N53", "TimeCreated": "2024-09-28 12:29:13.054140+00:00", "RecordID": "675", "Level": "2", "UserID": "S-1-5-21-963789628-1060504924-4285088085-1001", "EventData.ProcessName": null, "EventData.Type": "1", "EventData.ErrorCode": "2147943712", "EventData.File": "onecoreuap\\shell\\cloudstore\\store\\cache\\src\\cloudcacheinitializer.cpp", "EventData.LineNumber": "689"}
{"EventID": "1", "Channel": "Microsoft-Windows-CloudStore/Operational", "Provider_Name": "Microsoft-Windows-CloudStore", "Computer": "DESKTOP-OFJ6N53", "TimeCreated": "2024-10-04 11:18:34.789257+00:00", "RecordID": "676", "Level": "2", "UserID": "S-1-5-21-963789628-1060504924-4285088085-1001", "EventData.ProcessName": null, "EventData.Type": "0", "EventData.ErrorCode": "2147943712", "EventData.File": "onecoreuap\\shell\\cloudstore\\common\\src\\effectivecontext.cpp", "EventData.LineNumber": "414"}
{"EventID": "1", "Channel": "Microsoft-Windows-CloudStore/Operational", "Provider_Name": "Microsoft-Windows-CloudStore", "Computer": "DESKTOP-OFJ6N53", "TimeCreated": "2024-10-04 11:18:34.801462+00:00", "RecordID": "677", "Level": "2", "UserID": "S-1-5-21-963789628-1060504924-4285088085-1001", "EventData.ProcessName": null, "EventData.Type": "1", "EventData.ErrorCode": "2147943712", "EventData.File": "onecoreuap\\shell\\cloudstore\\store\\cache\\src\\cloudcacheinitializer.cpp", "EventData.LineNumber": "689"}
{"EventID": "1", "Channel": "Microsoft-Windows-CloudStore/Operational", "Provider_Name": "Microsoft-Windows-CloudStore", "Computer": "DESKTOP-OFJ6N53", "TimeCreated": "2024-10-04 11:18:35.577955+00:00", "RecordID": "678", "Level": "2", "UserID": "S-1-5-21-963789628-1060504924-4285088085-1001", "EventData.ProcessName": null, "EventData.Type": "0", "EventData.ErrorCode": "2147943712", "EventData.File": "onecoreuap\\shell\\cloudstore\\common\\src\\effectivecontext.cpp", "EventData.LineNumber": "414"}
{"EventID": "1", "Channel": "Microsoft-Windows-CloudStore/Operational", "Provider_Name": "Microsoft-Windows-CloudStore", "Computer": "DESKTOP-OFJ6N53", "TimeCreated": "2024-10-04 11:18:35.578144+00:00", "RecordID": "679", "Level": "2", "UserID": "S-1-5-21-963789628-1060504924-4285088085-1001", "EventData.ProcessName": null, "EventData.Type": "1", "EventData.ErrorCode": "2147943712", "EventData.File": "onecoreuap\\shell\\cloudstore\\store\\cache\\src\\cloudcacheinitializer.cpp", "EventData.LineNumber": "689"}
{"EventID": "1", "Channel": "Microsoft-Windows-CloudStore/Operational", "Provider_Name": "Microsoft-Windows-CloudStore", "Computer": "DESKTOP-OFJ6N53", "TimeCreated": "2024-10-04 22:03:41.244925+00:00", "RecordID": "680", "Level": "2", "UserID": "S-1-5-21-963789628-1060504924-4285088085-1001", "EventData.ProcessName": null, "EventData.Type": "0", "EventData.ErrorCode": "2147943712", "EventData.File": "onecoreuap\\shell\\cloudstore\\common\\src\\effectivecontext.cpp", "EventData.LineNumber": "414"}
{"EventID": "1", "Channel": "Microsoft-Windows-CloudStore/Operational", "Provider_Name": "Microsoft-Windows-CloudStore", "Computer": "DESKTOP-OFJ6N53", "TimeCreated": "2024-10-04 22:03:41.253010+00:00", "RecordID": "681", "Level": "2", "UserID": "S-1-5-21-963789628-1060504924-4285088085-1001", "EventData.ProcessName": null, "EventData.Type": "1", "EventData.ErrorCode": "2147943712", "EventData.File": "onecoreuap\\shell\\cloudstore\\store\\cache\\src\\cloudcacheinitializer.cpp", "EventData.LineNumber": "689"}
{"EventID": "1", "Channel": "Microsoft-Windows-CloudStore/Operational", "Provider_Name": "Microsoft-Windows-CloudStore", "Computer": "DESKTOP-OFJ6N53", "TimeCreated": "2024-10-04 22:03:42.128939+00:00", "RecordID": "682", "Level": "2", "UserID": "S-1-5-21-963789628-1060504924-4285088085-1001", "EventData.ProcessName": null, "EventData.Type": "0", "EventData.ErrorCode": "2147943712", "EventData.File": "onecoreuap\\shell\\cloudstore\\common\\src\\effectivecontext.cpp", "EventData.LineNumber": "414"}
{"EventID": "1", "Channel": "Microsoft-Windows-CloudStore/Operational", "Provider_Name": "Microsoft-Windows-CloudStore", "Computer": "DESKTOP-OFJ6N53", "TimeCreated": "2024-10-04 22:03:42.129120+00:00", "RecordID": "683", "Level": "2", "UserID": "S-1-5-21-963789628-1060504924-4285088085-1001", "EventData.ProcessName": null, "EventData.Type": "1", "EventData.ErrorCode": "2147943712", "EventData.File": "onecoreuap\\shell\\cloudstore\\store\\cache\\src\\cloudcacheinitializer.cpp", "EventData.LineNumber": "689"}
{"EventID": "1", "Channel": "Microsoft-Windows-CloudStore/Operational", "Provider_Name": "Microsoft-Windows-CloudStore", "Computer": "DESKTOP-OFJ6N53", "TimeCreated": "2024-10-16 22:41:58.152655+00:00", "RecordID": "684", "Level": "2", "UserID": "S-1-5-21-963789628-1060504924-4285088085-1001", "EventData.ProcessName": null, "EventData.Type": "0", "EventData.ErrorCode": "2147943712", "EventData.File": "onecoreuap\\shell\\cloudstore\\common\\src\\effectivecontext.cpp", "EventData.LineNumber": "414"}
{"EventID": "1", "Channel": "Microsoft-Windows-CloudStore/Operational", "Provider_Name": "Microsoft-Windows-CloudStore", "Computer": "DESKTOP-OFJ6N53", "TimeCreated": "2024-10-16 22:41:58.153458+00:00", "RecordID": "685", "Level": "2", "UserID": "S-1-5-21-963789628-1060504924-4285088085-1001", "EventData.ProcessName": null, "EventData.Type": "1", "EventData.ErrorCode": "2147943712", "EventData.File": "onecoreuap\\shell\\cloudstore\\store\\cache\\src\\cloudcacheinitializer.cpp", "EventData.LineNumber": "689"}
{"EventID": "1", "Channel": "Microsoft-Windows-CloudStore/Operational", "Provider_Name": "Microsoft-Windows-CloudStore", "Computer": "DESKTOP-OFJ6N53", "TimeCreated": "2024-10-16 22:41:58.644917+00:00", "RecordID": "686", "Level": "2", "UserID": "S-1-5-21-963789628-1060504924-4285088085-1001", "EventData.ProcessName": null, "EventData.Type": "0", "EventData.ErrorCode": "2147943712", "EventData.File": "onecoreuap\\shell\\cloudstore\\common\\src\\effectivecontext.cpp", "EventData.LineNumber": "414"}
{"EventID": "1", "Channel": "Microsoft-Windows-CloudStore/Operational", "Provider_Name": "Microsoft-Windows-CloudStore", "Computer": "DESKTOP-OFJ6N53", "TimeCreated": "2024-10-16 22:41:58.645126+00:00", "RecordID": "687", "Level": "2", "UserID": "S-1-5-21-963789628-1060504924-4285088085-1001", "EventData.ProcessName": null, "EventData.Type": "1", "EventData.ErrorCode": "2147943712", "EventData.File": "onecoreuap\\shell\\cloudstore\\store\\cache\\src\\cloudcacheinitializer.cpp", "EventData.LineNumber": "689"}
{"EventID": "3013", "Channel": "Microsoft-Windows-CloudStore/Operational", "Provider_Name": "Microsoft-Windows-CloudStore", "Computer": "DESKTOP-OFJ6N53", "TimeCreated": "2024-10-16 22:41:59.637907+00:00", "RecordID": "688", "Level": "3", "UserID": "S-1-5-21-963789628-1060504924-4285088085-1001", "EventData.Id": "default$windows.data.donotdisturb.quiethourssettings|windows.data.donotdisturb.quiethourssettings", "EventData.ErrorCode": "2147746053"}
{"EventID": "3013", "Channel": "Microsoft-Windows-CloudStore/Operational", "Provider_Name": "Microsoft-Windows-CloudStore", "Computer": "DESKTOP-OFJ6N53", "TimeCreated": "2024-10-16 22:41:59.718899+00:00", "RecordID": "689", "Level": "3", "UserID": "S-1-5-21-963789628-1060504924-4285088085-1001", "EventData.Id": "default$windows.data.donotdisturb.quietmoment$quietmomentlist|windows.data.donotdisturb.quietmoment$quietmomentgame", "EventData.ErrorCode": "2147746053"}
