{"EventID": "1", "Channel": "Microsoft-Windows-Security-LessPrivilegedAppContainer/Operational", "Provider_Name": "Microsoft-Windows-Security-LessPrivilegedAppContainer", "Computer": "DESKTOP-OFJ6N53", "TimeCreated": "2025-02-05 12:53:53.066687+00:00", "RecordID": "562", "Level": "2", "UserID": "S-1-5-21-963789628-1060504924-4285088085-1001", "EventData.FailureTime": "2025-02-05 12:53:53.066683+00:00", "EventData.StackHash": "0x4794bf06"}
{"EventID": "1", "Channel": "Microsoft-Windows-Security-LessPrivilegedAppContainer/Operational", "Provider_Name": "Microsoft-Windows-Security-LessPrivilegedAppContainer", "Computer": "DESKTOP-OFJ6N53", "TimeCreated": "2025-02-05 12:53:53.067331+00:00", "RecordID": "563", "Level": "2", "UserID": "S-1-5-21-963789628-1060504924-4285088085-1001", "EventData.FailureTime": "2025-02-05 12:53:53.067329+00:00", "EventData.StackHash": "0x2a202717"}
{"EventID": "1", "Channel": "Microsoft-Windows-Security-LessPrivilegedAppContainer/Operational", "Provider_Name": "Microsoft-Windows-Security-LessPrivilegedAppContainer", "Computer": "DESKTOP-OFJ6N53", "TimeCreated": "2025-02-05 12:53:53.073147+00:00", "RecordID": "564", "Level": "2", "UserID": "S-1-5-21-963789628-1060504924-4285088085-1001", "EventData.FailureTime": "2025-02-05 12:53:53.073143+00:00", "EventData.StackHash": "0xf2ec45c0"}
{"EventID": "1", "Channel": "Microsoft-Windows-Security-LessPrivilegedAppContainer/Operational", "Provider_Name": "Microsoft-Windows-Security-LessPrivilegedAppContainer", "Computer": "DESKTOP-OFJ6N53", "TimeCreated": "2025-02-05 12:53:53.073309+00:00", "RecordID": "565", "Level": "2", "UserID": "S-1-5-21-963789628-1060504924-4285088085-1001", "EventData.FailureTime": "2025-02-05 12:53:53.073309+00:00", "EventData.StackHash": "0xf2ec46f6"}
{"EventID": "1", "Channel": "Microsoft-Windows-Security-LessPrivilegedAppContainer/Operational", "Provider_Name": "Microsoft-Windows-Security-LessPrivilegedAppContainer", "Computer": "DESKTOP-OFJ6N53", "TimeCreated": "2025-02-05 12:53:53.075125+00:00", "RecordID": "566", "Level": "2", "UserID": "S-1-5-21-963789628-1060504924-4285088085-1001", "EventData.FailureTime": "2025-02-05 12:53:53.075121+00:00", "EventData.StackHash": "0x4794bf06"}
{"EventID": "1", "Channel": "Microsoft-Windows-Security-LessPrivilegedAppContainer/Operational", "Provider_Name": "Microsoft-Windows-Security-LessPrivilegedAppContainer", "Computer": "DESKTOP-OFJ6N53", "TimeCreated": "2025-02-05 12:53:53.075781+00:00", "RecordID": "567", "Level": "2", "UserID": "S-1-5-21-963789628-1060504924-4285088085-1001", "EventData.FailureTime": "2025-02-05 12:53:53.075781+00:00", "EventData.StackHash": "0x2a202717"}
{"EventID": "1", "Channel": "Microsoft-Windows-Security-LessPrivilegedAppContainer/Operational", "Provider_Name": "Microsoft-Windows-Security-LessPrivilegedAppContainer", "Computer": "DESKTOP-OFJ6N53", "TimeCreated": "2025-02-05 12:53:53.082314+00:00", "RecordID": "568", "Level": "2", "UserID": "S-1-5-21-963789628-1060504924-4285088085-1001", "EventData.FailureTime": "2025-02-05 12:53:53.082310+00:00", "EventData.StackHash": "0xf2ec45c0"}
{"EventID": "1", "Channel": "Microsoft-Windows-Security-LessPrivilegedAppContainer/Operational", "Provider_Name": "Microsoft-Windows-Security-LessPrivilegedAppContainer", "Computer": "DESKTOP-OFJ6N53", "TimeCreated": "2025-02-05 12:53:53.082472+00:00", "RecordID": "569", "Level": "2", "UserID": "S-1-5-21-963789628-1060504924-4285088085-1001", "EventData.FailureTime": "2025-02-05 12:53:53.082468+00:00", "EventData.StackHash": "0xf2ec46f6"}
{"EventID": "1", "Channel": "Microsoft-Windows-Security-LessPrivilegedAppContainer/Operational", "Provider_Name": "Microsoft-Windows-Security-LessPrivilegedAppContainer", "Computer": "DESKTOP-OFJ6N53", "TimeCreated": "2025-02-05 13:55:17.062136+00:00", "RecordID": "570", "Level": "2", "UserID": "S-1-5-21-963789628-1060504924-4285088085-1001", "EventData.FailureTime": "2025-02-05 13:55:17.062134+00:00", "EventData.StackHash": "0xc21d5532"}
{"EventID": "1", "Channel": "Microsoft-Windows-Security-LessPrivilegedAppContainer/Operational", "Provider_Name": "Microsoft-Windows-Security-LessPrivilegedAppContainer", "Computer": "DESKTOP-OFJ6N53", "TimeCreated": "2025-02-12 14:59:20.723213+00:00", "RecordID": "571", "Level": "2", "UserID": "S-1-5-21-963789628-1060504924-4285088085-1001", "EventData.FailureTime": "2025-02-12 14:59:20.723211+00:00", "EventData.StackHash": "0x301d54dc"}
{"EventID": "1", "Channel": "Microsoft-Windows-Security-LessPrivilegedAppContainer/Operational", "Provider_Name": "Microsoft-Windows-Security-LessPrivilegedAppContainer", "Computer": "DESKTOP-OFJ6N53", "TimeCreated": "2025-02-12 14:59:20.948395+00:00", "RecordID": "572", "Level": "2", "UserID": "S-1-5-21-963789628-1060504924-4285088085-1001", "EventData.FailureTime": "2025-02-12 14:59:20.948393+00:00", "EventData.StackHash": "0xeb3aaef5"}
{"EventID": "1", "Channel": "Microsoft-Windows-Security-LessPrivilegedAppContainer/Operational", "Provider_Name": "Microsoft-Windows-Security-LessPrivilegedAppContainer", "Computer": "DESKTOP-OFJ6N53", "TimeCreated": "2025-02-12 14:59:20.950218+00:00", "RecordID": "573", "Level": "2", "UserID": "S-1-5-21-963789628-1060504924-4285088085-1001", "EventData.FailureTime": "2025-02-12 14:59:20.950216+00:00", "EventData.StackHash": "0x301d54dc"}
{"EventID": "1", "Channel": "Microsoft-Windows-Security-LessPrivilegedAppContainer/Operational", "Provider_Name": "Microsoft-Windows-Security-LessPrivilegedAppContainer", "Computer": "DESKTOP-OFJ6N53", "TimeCreated": "2025-02-12 14:59:26.409128+00:00", "RecordID": "574", "Level": "2", "UserID": "S-1-5-21-963789628-1060504924-4285088085-1001", "EventData.FailureTime": "2025-02-12 14:59:26.409122+00:00", "EventData.StackHash": "0x301d54dc"}
{"EventID": "1", "Channel": "Microsoft-Windows-Security-LessPrivilegedAppContainer/Operational", "Provider_Name": "Microsoft-Windows-Security-LessPrivilegedAppContainer", "Computer": "DESKTOP-OFJ6N53", "TimeCreated": "2025-02-12 14:59:28.912210+00:00", "RecordID": "575", "Level": "2", "UserID": "S-1-5-21-963789628-1060504924-4285088085-1001", "EventData.FailureTime": "2025-02-12 14:59:28.912207+00:00", "EventData.StackHash": "0x7c5e4cda"}
{"EventID": "1", "Channel": "Microsoft-Windows-Security-LessPrivilegedAppContainer/Operational", "Provider_Name": "Microsoft-Windows-Security-LessPrivilegedAppContainer", "Computer": "DESKTOP-OFJ6N53", "TimeCreated": "2025-02-12 14:59:28.912266+00:00", "RecordID": "576", "Level": "2", "UserID": "S-1-5-21-963789628-1060504924-4285088085-1001", "EventData.FailureTime": "2025-02-12 14:59:28.912266+00:00", "EventData.StackHash": "0x7c5e4cfc"}
{"EventID": "1", "Channel": "Microsoft-Windows-Security-LessPrivilegedAppContainer/Operational", "Provider_Name": "Microsoft-Windows-Security-LessPrivilegedAppContainer", "Computer": "DESKTOP-OFJ6N53", "TimeCreated": "2025-02-12 14:59:28.912319+00:00", "RecordID": "577", "Level": "2", "UserID": "S-1-5-21-963789628-1060504924-4285088085-1001", "EventData.FailureTime": "2025-02-12 14:59:28.912319+00:00", "EventData.StackHash": "0x7c58be54"}
{"EventID": "1", "Channel": "Microsoft-Windows-Security-LessPrivilegedAppContainer/Operational", "Provider_Name": "Microsoft-Windows-Security-LessPrivilegedAppContainer", "Computer": "DESKTOP-OFJ6N53", "TimeCreated": "2025-02-12 14:59:28.913181+00:00", "RecordID": "578", "Level": "2", "UserID": "S-1-5-21-963789628-1060504924-4285088085-1001", "EventData.FailureTime": "2025-02-12 14:59:28.913179+00:00", "EventData.StackHash": "0x7c71ab59"}
{"EventID": "1", "Channel": "Microsoft-Windows-Security-LessPrivilegedAppContainer/Operational", "Provider_Name": "Microsoft-Windows-Security-LessPrivilegedAppContainer", "Computer": "DESKTOP-OFJ6N53", "TimeCreated": "2025-02-12 14:59:28.913200+00:00", "RecordID": "579", "Level": "2", "UserID": "S-1-5-21-963789628-1060504924-4285088085-1001", "EventData.FailureTime": "2025-02-12 14:59:28.913198+00:00", "EventData.StackHash": "0x7c7316ef"}
{"EventID": "1", "Channel": "Microsoft-Windows-Security-LessPrivilegedAppContainer/Operational", "Provider_Name": "Microsoft-Windows-Security-LessPrivilegedAppContainer", "Computer": "DESKTOP-OFJ6N53", "TimeCreated": "2025-02-12 14:59:28.913607+00:00", "RecordID": "580", "Level": "2", "UserID": "S-1-5-21-963789628-1060504924-4285088085-1001", "EventData.FailureTime": "2025-02-12 14:59:28.913605+00:00", "EventData.StackHash": "0xdf79f83f"}
{"EventID": "1", "Channel": "Microsoft-Windows-Security-LessPrivilegedAppContainer/Operational", "Provider_Name": "Microsoft-Windows-Security-LessPrivilegedAppContainer", "Computer": "DESKTOP-OFJ6N53", "TimeCreated": "2025-02-12 14:59:28.919001+00:00", "RecordID": "581", "Level": "2", "UserID": "S-1-5-21-963789628-1060504924-4285088085-1001", "EventData.FailureTime": "2025-02-12 14:59:28.918999+00:00", "EventData.StackHash": "0xec8f5150"}
{"EventID": "1", "Channel": "Microsoft-Windows-Security-LessPrivilegedAppContainer/Operational", "Provider_Name": "Microsoft-Windows-Security-LessPrivilegedAppContainer", "Computer": "DESKTOP-OFJ6N53", "TimeCreated": "2025-02-12 14:59:28.921036+00:00", "RecordID": "582", "Level": "2", "UserID": "S-1-5-21-963789628-1060504924-4285088085-1001", "EventData.FailureTime": "2025-02-12 14:59:28.921034+00:00", "EventData.StackHash": "0x7c6bcdc5"}
{"EventID": "1", "Channel": "Microsoft-Windows-Security-LessPrivilegedAppContainer/Operational", "Provider_Name": "Microsoft-Windows-Security-LessPrivilegedAppContainer", "Computer": "DESKTOP-OFJ6N53", "TimeCreated": "2025-02-12 14:59:28.921101+00:00", "RecordID": "583", "Level": "2", "UserID": "S-1-5-21-963789628-1060504924-4285088085-1001", "EventData.FailureTime": "2025-02-12 14:59:28.921101+00:00", "EventData.StackHash": "0x7c6b51d2"}
{"EventID": "1", "Channel": "Microsoft-Windows-Security-LessPrivilegedAppContainer/Operational", "Provider_Name": "Microsoft-Windows-Security-LessPrivilegedAppContainer", "Computer": "DESKTOP-OFJ6N53", "TimeCreated": "2025-02-12 14:59:28.921150+00:00", "RecordID": "584", "Level": "2", "UserID": "S-1-5-21-963789628-1060504924-4285088085-1001", "EventData.FailureTime": "2025-02-12 14:59:28.921150+00:00", "EventData.StackHash": "0x7c6b51de"}
{"EventID": "1", "Channel": "Microsoft-Windows-Security-LessPrivilegedAppContainer/Operational", "Provider_Name": "Microsoft-Windows-Security-LessPrivilegedAppContainer", "Computer": "DESKTOP-OFJ6N53", "TimeCreated": "2025-02-12 14:59:28.922266+00:00", "RecordID": "585", "Level": "2", "UserID": "S-1-5-21-963789628-1060504924-4285088085-1001", "EventData.FailureTime": "2025-02-12 14:59:28.922266+00:00", "EventData.StackHash": "0x7c5e5e00"}
{"EventID": "1", "Channel": "Microsoft-Windows-Security-LessPrivilegedAppContainer/Operational", "Provider_Name": "Microsoft-Windows-Security-LessPrivilegedAppContainer", "Computer": "DESKTOP-OFJ6N53", "TimeCreated": "2025-02-12 14:59:28.923208+00:00", "RecordID": "586", "Level": "2", "UserID": "S-1-5-21-963789628-1060504924-4285088085-1001", "EventData.FailureTime": "2025-02-12 14:59:28.923208+00:00", "EventData.StackHash": "0xcf1ab761"}
{"EventID": "1", "Channel": "Microsoft-Windows-Security-LessPrivilegedAppContainer/Operational", "Provider_Name": "Microsoft-Windows-Security-LessPrivilegedAppContainer", "Computer": "DESKTOP-OFJ6N53", "TimeCreated": "2025-02-12 14:59:28.924364+00:00", "RecordID": "587", "Level": "2", "UserID": "S-1-5-21-963789628-1060504924-4285088085-1001", "EventData.FailureTime": "2025-02-12 14:59:28.924362+00:00", "EventData.StackHash": "0x812cb8af"}
{"EventID": "1", "Channel": "Microsoft-Windows-Security-LessPrivilegedAppContainer/Operational", "Provider_Name": "Microsoft-Windows-Security-LessPrivilegedAppContainer", "Computer": "DESKTOP-OFJ6N53", "TimeCreated": "2025-02-12 14:59:28.924389+00:00", "RecordID": "588", "Level": "2", "UserID": "S-1-5-21-963789628-1060504924-4285088085-1001", "EventData.FailureTime": "2025-02-12 14:59:28.924389+00:00", "EventData.StackHash": "0x7c906167"}
{"EventID": "1", "Channel": "Microsoft-Windows-Security-LessPrivilegedAppContainer/Operational", "Provider_Name": "Microsoft-Windows-Security-LessPrivilegedAppContainer", "Computer": "DESKTOP-OFJ6N53", "TimeCreated": "2025-02-12 14:59:28.929979+00:00", "RecordID": "589", "Level": "2", "UserID": "S-1-5-21-963789628-1060504924-4285088085-1001", "EventData.FailureTime": "2025-02-12 14:59:28.929979+00:00", "EventData.StackHash": "0x7c60db7a"}
{"EventID": "1", "Channel": "Microsoft-Windows-Security-LessPrivilegedAppContainer/Operational", "Provider_Name": "Microsoft-Windows-Security-LessPrivilegedAppContainer", "Computer": "DESKTOP-OFJ6N53", "TimeCreated": "2025-02-12 14:59:28.930143+00:00", "RecordID": "590", "Level": "2", "UserID": "S-1-5-21-963789628-1060504924-4285088085-1001", "EventData.FailureTime": "2025-02-12 14:59:28.930141+00:00", "EventData.StackHash": "0x639cae0d"}
{"EventID": "1", "Channel": "Microsoft-Windows-Security-LessPrivilegedAppContainer/Operational", "Provider_Name": "Microsoft-Windows-Security-LessPrivilegedAppContainer", "Computer": "DESKTOP-OFJ6N53", "TimeCreated": "2025-02-12 14:59:28.930187+00:00", "RecordID": "591", "Level": "2", "UserID": "S-1-5-21-963789628-1060504924-4285088085-1001", "EventData.FailureTime": "2025-02-12 14:59:28.930187+00:00", "EventData.StackHash": "0x1780f86d"}
{"EventID": "1", "Channel": "Microsoft-Windows-Security-LessPrivilegedAppContainer/Operational", "Provider_Name": "Microsoft-Windows-Security-LessPrivilegedAppContainer", "Computer": "DESKTOP-OFJ6N53", "TimeCreated": "2025-02-12 14:59:28.930250+00:00", "RecordID": "592", "Level": "2", "UserID": "S-1-5-21-963789628-1060504924-4285088085-1001", "EventData.FailureTime": "2025-02-12 14:59:28.930250+00:00", "EventData.StackHash": "0xb6dc4e53"}
{"EventID": "1", "Channel": "Microsoft-Windows-Security-LessPrivilegedAppContainer/Operational", "Provider_Name": "Microsoft-Windows-Security-LessPrivilegedAppContainer", "Computer": "DESKTOP-OFJ6N53", "TimeCreated": "2025-02-12 14:59:28.931932+00:00", "RecordID": "593", "Level": "2", "UserID": "S-1-5-21-963789628-1060504924-4285088085-1001", "EventData.FailureTime": "2025-02-12 14:59:28.931931+00:00", "EventData.StackHash": "0x7c6c41aa"}
{"EventID": "1", "Channel": "Microsoft-Windows-Security-LessPrivilegedAppContainer/Operational", "Provider_Name": "Microsoft-Windows-Security-LessPrivilegedAppContainer", "Computer": "DESKTOP-OFJ6N53", "TimeCreated": "2025-02-12 14:59:28.932045+00:00", "RecordID": "594", "Level": "2", "UserID": "S-1-5-21-963789628-1060504924-4285088085-1001", "EventData.FailureTime": "2025-02-12 14:59:28.932043+00:00", "EventData.StackHash": "0x7c6c42e0"}
{"EventID": "1", "Channel": "Microsoft-Windows-Security-LessPrivilegedAppContainer/Operational", "Provider_Name": "Microsoft-Windows-Security-LessPrivilegedAppContainer", "Computer": "DESKTOP-OFJ6N53", "TimeCreated": "2025-02-12 14:59:28.932779+00:00", "RecordID": "595", "Level": "2", "UserID": "S-1-5-21-963789628-1060504924-4285088085-1001", "EventData.FailureTime": "2025-02-12 14:59:28.932777+00:00", "EventData.StackHash": "0x7c5bf408"}
{"EventID": "1", "Channel": "Microsoft-Windows-Security-LessPrivilegedAppContainer/Operational", "Provider_Name": "Microsoft-Windows-Security-LessPrivilegedAppContainer", "Computer": "DESKTOP-OFJ6N53", "TimeCreated": "2025-02-12 14:59:28.934072+00:00", "RecordID": "596", "Level": "2", "UserID": "S-1-5-21-963789628-1060504924-4285088085-1001", "EventData.FailureTime": "2025-02-12 14:59:28.934071+00:00", "EventData.StackHash": "0x7c5c1d88"}
{"EventID": "1", "Channel": "Microsoft-Windows-Security-LessPrivilegedAppContainer/Operational", "Provider_Name": "Microsoft-Windows-Security-LessPrivilegedAppContainer", "Computer": "DESKTOP-OFJ6N53", "TimeCreated": "2025-02-12 14:59:28.934092+00:00", "RecordID": "597", "Level": "2", "UserID": "S-1-5-21-963789628-1060504924-4285088085-1001", "EventData.FailureTime": "2025-02-12 14:59:28.934092+00:00", "EventData.StackHash": "0x7c5c1e2d"}
{"EventID": "1", "Channel": "Microsoft-Windows-Security-LessPrivilegedAppContainer/Operational", "Provider_Name": "Microsoft-Windows-Security-LessPrivilegedAppContainer", "Computer": "DESKTOP-OFJ6N53", "TimeCreated": "2025-02-12 14:59:28.934408+00:00", "RecordID": "598", "Level": "2", "UserID": "S-1-5-21-963789628-1060504924-4285088085-1001", "EventData.FailureTime": "2025-02-12 14:59:28.934408+00:00", "EventData.StackHash": "0x7c44c3b8"}
{"EventID": "1", "Channel": "Microsoft-Windows-Security-LessPrivilegedAppContainer/Operational", "Provider_Name": "Microsoft-Windows-Security-LessPrivilegedAppContainer", "Computer": "DESKTOP-OFJ6N53", "TimeCreated": "2025-02-12 14:59:28.934488+00:00", "RecordID": "599", "Level": "2", "UserID": "S-1-5-21-963789628-1060504924-4285088085-1001", "EventData.FailureTime": "2025-02-12 14:59:28.934488+00:00", "EventData.StackHash": "0x7c43112f"}
{"EventID": "1", "Channel": "Microsoft-Windows-Security-LessPrivilegedAppContainer/Operational", "Provider_Name": "Microsoft-Windows-Security-LessPrivilegedAppContainer", "Computer": "DESKTOP-OFJ6N53", "TimeCreated": "2025-02-12 14:59:28.935312+00:00", "RecordID": "600", "Level": "2", "UserID": "S-1-5-21-963789628-1060504924-4285088085-1001", "EventData.FailureTime": "2025-02-12 14:59:28.935312+00:00", "EventData.StackHash": "0x7c6d7d28"}
{"EventID": "1", "Channel": "Microsoft-Windows-Security-LessPrivilegedAppContainer/Operational", "Provider_Name": "Microsoft-Windows-Security-LessPrivilegedAppContainer", "Computer": "DESKTOP-OFJ6N53", "TimeCreated": "2025-02-12 14:59:28.935329+00:00", "RecordID": "601", "Level": "2", "UserID": "S-1-5-21-963789628-1060504924-4285088085-1001", "EventData.FailureTime": "2025-02-12 14:59:28.935329+00:00", "EventData.StackHash": "0x7c6d7d28"}
{"EventID": "1", "Channel": "Microsoft-Windows-Security-LessPrivilegedAppContainer/Operational", "Provider_Name": "Microsoft-Windows-Security-LessPrivilegedAppContainer", "Computer": "DESKTOP-OFJ6N53", "TimeCreated": "2025-02-12 14:59:28.935341+00:00", "RecordID": "602", "Level": "2", "UserID": "S-1-5-21-963789628-1060504924-4285088085-1001", "EventData.FailureTime": "2025-02-12 14:59:28.935341+00:00", "EventData.StackHash": "0x7c6d7d28"}
{"EventID": "1", "Channel": "Microsoft-Windows-Security-LessPrivilegedAppContainer/Operational", "Provider_Name": "Microsoft-Windows-Security-LessPrivilegedAppContainer", "Computer": "DESKTOP-OFJ6N53", "TimeCreated": "2025-02-12 14:59:28.935352+00:00", "RecordID": "603", "Level": "2", "UserID": "S-1-5-21-963789628-1060504924-4285088085-1001", "EventData.FailureTime": "2025-02-12 14:59:28.935350+00:00", "EventData.StackHash": "0x7c6d7d28"}
{"EventID": "1", "Channel": "Microsoft-Windows-Security-LessPrivilegedAppContainer/Operational", "Provider_Name": "Microsoft-Windows-Security-LessPrivilegedAppContainer", "Computer": "DESKTOP-OFJ6N53", "TimeCreated": "2025-02-12 14:59:28.935366+00:00", "RecordID": "604", "Level": "2", "UserID": "S-1-5-21-963789628-1060504924-4285088085-1001", "EventData.FailureTime": "2025-02-12 14:59:28.935366+00:00", "EventData.StackHash": "0x7c6e3937"}
{"EventID": "1", "Channel": "Microsoft-Windows-Security-LessPrivilegedAppContainer/Operational", "Provider_Name": "Microsoft-Windows-Security-LessPrivilegedAppContainer", "Computer": "DESKTOP-OFJ6N53", "TimeCreated": "2025-02-12 14:59:28.935921+00:00", "RecordID": "605", "Level": "2", "UserID": "S-1-5-21-963789628-1060504924-4285088085-1001", "EventData.FailureTime": "2025-02-12 14:59:28.935919+00:00", "EventData.StackHash": "0x7c737757"}
{"EventID": "1", "Channel": "Microsoft-Windows-Security-LessPrivilegedAppContainer/Operational", "Provider_Name": "Microsoft-Windows-Security-LessPrivilegedAppContainer", "Computer": "DESKTOP-OFJ6N53", "TimeCreated": "2025-02-12 14:59:28.935940+00:00", "RecordID": "606", "Level": "2", "UserID": "S-1-5-21-963789628-1060504924-4285088085-1001", "EventData.FailureTime": "2025-02-12 14:59:28.935938+00:00", "EventData.StackHash": "0x7c73776e"}
{"EventID": "1", "Channel": "Microsoft-Windows-Security-LessPrivilegedAppContainer/Operational", "Provider_Name": "Microsoft-Windows-Security-LessPrivilegedAppContainer", "Computer": "DESKTOP-OFJ6N53", "TimeCreated": "2025-02-12 14:59:28.936344+00:00", "RecordID": "607", "Level": "2", "UserID": "S-1-5-21-963789628-1060504924-4285088085-1001", "EventData.FailureTime": "2025-02-12 14:59:28.936342+00:00", "EventData.StackHash": "0x60efe159"}
{"EventID": "1", "Channel": "Microsoft-Windows-Security-LessPrivilegedAppContainer/Operational", "Provider_Name": "Microsoft-Windows-Security-LessPrivilegedAppContainer", "Computer": "DESKTOP-OFJ6N53", "TimeCreated": "2025-02-12 14:59:28.939325+00:00", "RecordID": "608", "Level": "2", "UserID": "S-1-5-21-963789628-1060504924-4285088085-1001", "EventData.FailureTime": "2025-02-12 14:59:28.939323+00:00", "EventData.StackHash": "0xec8f5150"}
{"EventID": "1", "Channel": "Microsoft-Windows-Security-LessPrivilegedAppContainer/Operational", "Provider_Name": "Microsoft-Windows-Security-LessPrivilegedAppContainer", "Computer": "DESKTOP-OFJ6N53", "TimeCreated": "2025-02-12 14:59:28.939768+00:00", "RecordID": "609", "Level": "2", "UserID": "S-1-5-21-963789628-1060504924-4285088085-1001", "EventData.FailureTime": "2025-02-12 14:59:28.939766+00:00", "EventData.StackHash": "0xcf1ab761"}
{"EventID": "1", "Channel": "Microsoft-Windows-Security-LessPrivilegedAppContainer/Operational", "Provider_Name": "Microsoft-Windows-Security-LessPrivilegedAppContainer", "Computer": "DESKTOP-OFJ6N53", "TimeCreated": "2025-02-12 14:59:28.944836+00:00", "RecordID": "610", "Level": "2", "UserID": "S-1-5-21-963789628-1060504924-4285088085-1001", "EventData.FailureTime": "2025-02-12 14:59:28.944834+00:00", "EventData.StackHash": "0x7c6c41aa"}
{"EventID": "1", "Channel": "Microsoft-Windows-Security-LessPrivilegedAppContainer/Operational", "Provider_Name": "Microsoft-Windows-Security-LessPrivilegedAppContainer", "Computer": "DESKTOP-OFJ6N53", "TimeCreated": "2025-02-12 14:59:28.944958+00:00", "RecordID": "611", "Level": "2", "UserID": "S-1-5-21-963789628-1060504924-4285088085-1001", "EventData.FailureTime": "2025-02-12 14:59:28.944956+00:00", "EventData.StackHash": "0x7c6c42e0"}
{"EventID": "1", "Channel": "Microsoft-Windows-Security-LessPrivilegedAppContainer/Operational", "Provider_Name": "Microsoft-Windows-Security-LessPrivilegedAppContainer", "Computer": "DESKTOP-OFJ6N53", "TimeCreated": "2025-02-12 14:59:28.946333+00:00", "RecordID": "612", "Level": "2", "UserID": "S-1-5-21-963789628-1060504924-4285088085-1001", "EventData.FailureTime": "2025-02-12 14:59:28.946331+00:00", "EventData.StackHash": "0xec8f5150"}
{"EventID": "1", "Channel": "Microsoft-Windows-Security-LessPrivilegedAppContainer/Operational", "Provider_Name": "Microsoft-Windows-Security-LessPrivilegedAppContainer", "Computer": "DESKTOP-OFJ6N53", "TimeCreated": "2025-02-12 14:59:28.946732+00:00", "RecordID": "613", "Level": "2", "UserID": "S-1-5-21-963789628-1060504924-4285088085-1001", "EventData.FailureTime": "2025-02-12 14:59:28.946730+00:00", "EventData.StackHash": "0xcf1ab761"}
{"EventID": "1", "Channel": "Microsoft-Windows-Security-LessPrivilegedAppContainer/Operational", "Provider_Name": "Microsoft-Windows-Security-LessPrivilegedAppContainer", "Computer": "DESKTOP-OFJ6N53", "TimeCreated": "2025-02-12 14:59:28.951410+00:00", "RecordID": "614", "Level": "2", "UserID": "S-1-5-21-963789628-1060504924-4285088085-1001", "EventData.FailureTime": "2025-02-12 14:59:28.951408+00:00", "EventData.StackHash": "0x7c6c41aa"}
{"EventID": "1", "Channel": "Microsoft-Windows-Security-LessPrivilegedAppContainer/Operational", "Provider_Name": "Microsoft-Windows-Security-LessPrivilegedAppContainer", "Computer": "DESKTOP-OFJ6N53", "TimeCreated": "2025-02-12 14:59:28.951527+00:00", "RecordID": "615", "Level": "2", "UserID": "S-1-5-21-963789628-1060504924-4285088085-1001", "EventData.FailureTime": "2025-02-12 14:59:28.951527+00:00", "EventData.StackHash": "0x7c6c42e0"}
{"EventID": "1", "Channel": "Microsoft-Windows-Security-LessPrivilegedAppContainer/Operational", "Provider_Name": "Microsoft-Windows-Security-LessPrivilegedAppContainer", "Computer": "DESKTOP-OFJ6N53", "TimeCreated": "2025-02-20 09:46:42.870295+00:00", "RecordID": "616", "Level": "2", "UserID": "S-1-5-21-963789628-1060504924-4285088085-1001", "EventData.FailureTime": "2025-02-20 09:46:42.870291+00:00", "EventData.StackHash": "0x301d54dc"}
{"EventID": "1", "Channel": "Microsoft-Windows-Security-LessPrivilegedAppContainer/Operational", "Provider_Name": "Microsoft-Windows-Security-LessPrivilegedAppContainer", "Computer": "DESKTOP-OFJ6N53", "TimeCreated": "2025-02-20 17:47:13.192146+00:00", "RecordID": "617", "Level": "2", "UserID": "S-1-5-21-963789628-1060504924-4285088085-1001", "EventData.FailureTime": "2025-02-20 17:47:13.192144+00:00", "EventData.StackHash": "0x301d54dc"}
{"EventID": "1", "Channel": "Microsoft-Windows-Security-LessPrivilegedAppContainer/Operational", "Provider_Name": "Microsoft-Windows-Security-LessPrivilegedAppContainer", "Computer": "DESKTOP-OFJ6N53", "TimeCreated": "2025-02-20 20:29:50.936604+00:00", "RecordID": "618", "Level": "2", "UserID": "S-1-5-21-963789628-1060504924-4285088085-1001", "EventData.FailureTime": "2025-02-20 20:29:50.936602+00:00", "EventData.StackHash": "0x301d54dc"}
{"EventID": "1", "Channel": "Microsoft-Windows-Security-LessPrivilegedAppContainer/Operational", "Provider_Name": "Microsoft-Windows-Security-LessPrivilegedAppContainer", "Computer": "DESKTOP-OFJ6N53", "TimeCreated": "2025-02-20 22:12:44.993418+00:00", "RecordID": "619", "Level": "2", "UserID": "S-1-5-21-963789628-1060504924-4285088085-1001", "EventData.FailureTime": "2025-02-20 22:12:44.993416+00:00", "EventData.StackHash": "0x301d54dc"}
{"EventID": "1", "Channel": "Microsoft-Windows-Security-LessPrivilegedAppContainer/Operational", "Provider_Name": "Microsoft-Windows-Security-LessPrivilegedAppContainer", "Computer": "DESKTOP-OFJ6N53", "TimeCreated": "2025-03-07 15:02:58.421986+00:00", "RecordID": "620", "Level": "2", "UserID": "S-1-5-21-963789628-1060504924-4285088085-1001", "EventData.FailureTime": "2025-03-07 15:02:58.421984+00:00", "EventData.StackHash": "0x301d54dc"}
{"EventID": "1", "Channel": "Microsoft-Windows-Security-LessPrivilegedAppContainer/Operational", "Provider_Name": "Microsoft-Windows-Security-LessPrivilegedAppContainer", "Computer": "DESKTOP-OFJ6N53", "TimeCreated": "2025-03-10 14:14:09.962004+00:00", "RecordID": "621", "Level": "2", "UserID": "S-1-5-21-963789628-1060504924-4285088085-1001", "EventData.FailureTime": "2025-03-10 14:14:09.962000+00:00", "EventData.StackHash": "0xf29d54dc"}
{"EventID": "1", "Channel": "Microsoft-Windows-Security-LessPrivilegedAppContainer/Operational", "Provider_Name": "Microsoft-Windows-Security-LessPrivilegedAppContainer", "Computer": "DESKTOP-OFJ6N53", "TimeCreated": "2025-03-10 14:14:10.119034+00:00", "RecordID": "622", "Level": "2", "UserID": "S-1-5-21-963789628-1060504924-4285088085-1001", "EventData.FailureTime": "2025-03-10 14:14:10.119032+00:00", "EventData.StackHash": "0xd764aef5"}
{"EventID": "1", "Channel": "Microsoft-Windows-Security-LessPrivilegedAppContainer/Operational", "Provider_Name": "Microsoft-Windows-Security-LessPrivilegedAppContainer", "Computer": "DESKTOP-OFJ6N53", "TimeCreated": "2025-03-10 14:14:10.125269+00:00", "RecordID": "623", "Level": "2", "UserID": "S-1-5-21-963789628-1060504924-4285088085-1001", "EventData.FailureTime": "2025-03-10 14:14:10.125265+00:00", "EventData.StackHash": "0xf29d54dc"}
{"EventID": "1", "Channel": "Microsoft-Windows-Security-LessPrivilegedAppContainer/Operational", "Provider_Name": "Microsoft-Windows-Security-LessPrivilegedAppContainer", "Computer": "DESKTOP-OFJ6N53", "TimeCreated": "2025-03-10 14:14:16.159714+00:00", "RecordID": "624", "Level": "2", "UserID": "S-1-5-21-963789628-1060504924-4285088085-1001", "EventData.FailureTime": "2025-03-10 14:14:16.159708+00:00", "EventData.StackHash": "0xf29d54dc"}
{"EventID": "1", "Channel": "Microsoft-Windows-Security-LessPrivilegedAppContainer/Operational", "Provider_Name": "Microsoft-Windows-Security-LessPrivilegedAppContainer", "Computer": "DESKTOP-OFJ6N53", "TimeCreated": "2025-03-10 14:14:18.509312+00:00", "RecordID": "625", "Level": "2", "UserID": "S-1-5-21-963789628-1060504924-4285088085-1001", "EventData.FailureTime": "2025-03-10 14:14:18.509310+00:00", "EventData.StackHash": "0x6f7e4cda"}
{"EventID": "1", "Channel": "Microsoft-Windows-Security-LessPrivilegedAppContainer/Operational", "Provider_Name": "Microsoft-Windows-Security-LessPrivilegedAppContainer", "Computer": "DESKTOP-OFJ6N53", "TimeCreated": "2025-03-10 14:14:18.509365+00:00", "RecordID": "626", "Level": "2", "UserID": "S-1-5-21-963789628-1060504924-4285088085-1001", "EventData.FailureTime": "2025-03-10 14:14:18.509365+00:00", "EventData.StackHash": "0x6f7e4cfc"}
{"EventID": "1", "Channel": "Microsoft-Windows-Security-LessPrivilegedAppContainer/Operational", "Provider_Name": "Microsoft-Windows-Security-LessPrivilegedAppContainer", "Computer": "DESKTOP-OFJ6N53", "TimeCreated": "2025-03-10 14:14:18.509424+00:00", "RecordID": "627", "Level": "2", "UserID": "S-1-5-21-963789628-1060504924-4285088085-1001", "EventData.FailureTime": "2025-03-10 14:14:18.509422+00:00", "EventData.StackHash": "0x6f78be54"}
{"EventID": "1", "Channel": "Microsoft-Windows-Security-LessPrivilegedAppContainer/Operational", "Provider_Name": "Microsoft-Windows-Security-LessPrivilegedAppContainer", "Computer": "DESKTOP-OFJ6N53", "TimeCreated": "2025-03-10 14:14:18.510447+00:00", "RecordID": "628", "Level": "2", "UserID": "S-1-5-21-963789628-1060504924-4285088085-1001", "EventData.FailureTime": "2025-03-10 14:14:18.510443+00:00", "EventData.StackHash": "0x6f91ab59"}
{"EventID": "1", "Channel": "Microsoft-Windows-Security-LessPrivilegedAppContainer/Operational", "Provider_Name": "Microsoft-Windows-Security-LessPrivilegedAppContainer", "Computer": "DESKTOP-OFJ6N53", "TimeCreated": "2025-03-10 14:14:18.510468+00:00", "RecordID": "629", "Level": "2", "UserID": "S-1-5-21-963789628-1060504924-4285088085-1001", "EventData.FailureTime": "2025-03-10 14:14:18.510466+00:00", "EventData.StackHash": "0x6f9316ef"}
{"EventID": "1", "Channel": "Microsoft-Windows-Security-LessPrivilegedAppContainer/Operational", "Provider_Name": "Microsoft-Windows-Security-LessPrivilegedAppContainer", "Computer": "DESKTOP-OFJ6N53", "TimeCreated": "2025-03-10 14:14:18.510950+00:00", "RecordID": "630", "Level": "2", "UserID": "S-1-5-21-963789628-1060504924-4285088085-1001", "EventData.FailureTime": "2025-03-10 14:14:18.510948+00:00", "EventData.StackHash": "0x023ff049"}
{"EventID": "1", "Channel": "Microsoft-Windows-Security-LessPrivilegedAppContainer/Operational", "Provider_Name": "Microsoft-Windows-Security-LessPrivilegedAppContainer", "Computer": "DESKTOP-OFJ6N53", "TimeCreated": "2025-03-10 14:14:18.513380+00:00", "RecordID": "631", "Level": "2", "UserID": "S-1-5-21-963789628-1060504924-4285088085-1001", "EventData.FailureTime": "2025-03-10 14:14:18.513378+00:00", "EventData.StackHash": "0x06239d61"}
{"EventID": "1", "Channel": "Microsoft-Windows-Security-LessPrivilegedAppContainer/Operational", "Provider_Name": "Microsoft-Windows-Security-LessPrivilegedAppContainer", "Computer": "DESKTOP-OFJ6N53", "TimeCreated": "2025-03-10 14:14:18.515398+00:00", "RecordID": "632", "Level": "2", "UserID": "S-1-5-21-963789628-1060504924-4285088085-1001", "EventData.FailureTime": "2025-03-10 14:14:18.515396+00:00", "EventData.StackHash": "0x6f8bcdc5"}
{"EventID": "1", "Channel": "Microsoft-Windows-Security-LessPrivilegedAppContainer/Operational", "Provider_Name": "Microsoft-Windows-Security-LessPrivilegedAppContainer", "Computer": "DESKTOP-OFJ6N53", "TimeCreated": "2025-03-10 14:14:18.515467+00:00", "RecordID": "633", "Level": "2", "UserID": "S-1-5-21-963789628-1060504924-4285088085-1001", "EventData.FailureTime": "2025-03-10 14:14:18.515467+00:00", "EventData.StackHash": "0x6f8b51d2"}
{"EventID": "1", "Channel": "Microsoft-Windows-Security-LessPrivilegedAppContainer/Operational", "Provider_Name": "Microsoft-Windows-Security-LessPrivilegedAppContainer", "Computer": "DESKTOP-OFJ6N53", "TimeCreated": "2025-03-10 14:14:18.515526+00:00", "RecordID": "634", "Level": "2", "UserID": "S-1-5-21-963789628-1060504924-4285088085-1001", "EventData.FailureTime": "2025-03-10 14:14:18.515526+00:00", "EventData.StackHash": "0x6f8b51de"}
{"EventID": "1", "Channel": "Microsoft-Windows-Security-LessPrivilegedAppContainer/Operational", "Provider_Name": "Microsoft-Windows-Security-LessPrivilegedAppContainer", "Computer": "DESKTOP-OFJ6N53", "TimeCreated": "2025-03-10 14:14:18.517035+00:00", "RecordID": "635", "Level": "2", "UserID": "S-1-5-21-963789628-1060504924-4285088085-1001", "EventData.FailureTime": "2025-03-10 14:14:18.517033+00:00", "EventData.StackHash": "0x6f7e5e00"}
{"EventID": "1", "Channel": "Microsoft-Windows-Security-LessPrivilegedAppContainer/Operational", "Provider_Name": "Microsoft-Windows-Security-LessPrivilegedAppContainer", "Computer": "DESKTOP-OFJ6N53", "TimeCreated": "2025-03-10 14:14:18.518181+00:00", "RecordID": "636", "Level": "2", "UserID": "S-1-5-21-963789628-1060504924-4285088085-1001", "EventData.FailureTime": "2025-03-10 14:14:18.518181+00:00", "EventData.StackHash": "0xf0a499a4"}
{"EventID": "1", "Channel": "Microsoft-Windows-Security-LessPrivilegedAppContainer/Operational", "Provider_Name": "Microsoft-Windows-Security-LessPrivilegedAppContainer", "Computer": "DESKTOP-OFJ6N53", "TimeCreated": "2025-03-10 14:14:18.519388+00:00", "RecordID": "637", "Level": "2", "UserID": "S-1-5-21-963789628-1060504924-4285088085-1001", "EventData.FailureTime": "2025-03-10 14:14:18.519386+00:00", "EventData.StackHash": "0x7211f712"}
{"EventID": "1", "Channel": "Microsoft-Windows-Security-LessPrivilegedAppContainer/Operational", "Provider_Name": "Microsoft-Windows-Security-LessPrivilegedAppContainer", "Computer": "DESKTOP-OFJ6N53", "TimeCreated": "2025-03-10 14:14:18.519413+00:00", "RecordID": "638", "Level": "2", "UserID": "S-1-5-21-963789628-1060504924-4285088085-1001", "EventData.FailureTime": "2025-03-10 14:14:18.519413+00:00", "EventData.StackHash": "0x6fb06167"}
{"EventID": "1", "Channel": "Microsoft-Windows-Security-LessPrivilegedAppContainer/Operational", "Provider_Name": "Microsoft-Windows-Security-LessPrivilegedAppContainer", "Computer": "DESKTOP-OFJ6N53", "TimeCreated": "2025-03-10 14:14:18.524099+00:00", "RecordID": "639", "Level": "2", "UserID": "S-1-5-21-963789628-1060504924-4285088085-1001", "EventData.FailureTime": "2025-03-10 14:14:18.524096+00:00", "EventData.StackHash": "0x6f80db7a"}
{"EventID": "1", "Channel": "Microsoft-Windows-Security-LessPrivilegedAppContainer/Operational", "Provider_Name": "Microsoft-Windows-Security-LessPrivilegedAppContainer", "Computer": "DESKTOP-OFJ6N53", "TimeCreated": "2025-03-10 14:14:18.524239+00:00", "RecordID": "640", "Level": "2", "UserID": "S-1-5-21-963789628-1060504924-4285088085-1001", "EventData.FailureTime": "2025-03-10 14:14:18.524239+00:00", "EventData.StackHash": "0x7755ae0d"}
{"EventID": "1", "Channel": "Microsoft-Windows-Security-LessPrivilegedAppContainer/Operational", "Provider_Name": "Microsoft-Windows-Security-LessPrivilegedAppContainer", "Computer": "DESKTOP-OFJ6N53", "TimeCreated": "2025-03-10 14:14:18.525211+00:00", "RecordID": "641", "Level": "2", "UserID": "S-1-5-21-963789628-1060504924-4285088085-1001", "EventData.FailureTime": "2025-03-10 14:14:18.525209+00:00", "EventData.StackHash": "0xfa99f86d"}
{"EventID": "1", "Channel": "Microsoft-Windows-Security-LessPrivilegedAppContainer/Operational", "Provider_Name": "Microsoft-Windows-Security-LessPrivilegedAppContainer", "Computer": "DESKTOP-OFJ6N53", "TimeCreated": "2025-03-10 14:14:18.525299+00:00", "RecordID": "642", "Level": "2", "UserID": "S-1-5-21-963789628-1060504924-4285088085-1001", "EventData.FailureTime": "2025-03-10 14:14:18.525299+00:00", "EventData.StackHash": "0x99f44e53"}
{"EventID": "1", "Channel": "Microsoft-Windows-Security-LessPrivilegedAppContainer/Operational", "Provider_Name": "Microsoft-Windows-Security-LessPrivilegedAppContainer", "Computer": "DESKTOP-OFJ6N53", "TimeCreated": "2025-03-10 14:14:18.526901+00:00", "RecordID": "643", "Level": "2", "UserID": "S-1-5-21-963789628-1060504924-4285088085-1001", "EventData.FailureTime": "2025-03-10 14:14:18.526899+00:00", "EventData.StackHash": "0x6f8c41aa"}
{"EventID": "1", "Channel": "Microsoft-Windows-Security-LessPrivilegedAppContainer/Operational", "Provider_Name": "Microsoft-Windows-Security-LessPrivilegedAppContainer", "Computer": "DESKTOP-OFJ6N53", "TimeCreated": "2025-03-10 14:14:18.527016+00:00", "RecordID": "644", "Level": "2", "UserID": "S-1-5-21-963789628-1060504924-4285088085-1001", "EventData.FailureTime": "2025-03-10 14:14:18.527016+00:00", "EventData.StackHash": "0x6f8c42e0"}
{"EventID": "1", "Channel": "Microsoft-Windows-Security-LessPrivilegedAppContainer/Operational", "Provider_Name": "Microsoft-Windows-Security-LessPrivilegedAppContainer", "Computer": "DESKTOP-OFJ6N53", "TimeCreated": "2025-03-10 14:14:18.527899+00:00", "RecordID": "645", "Level": "2", "UserID": "S-1-5-21-963789628-1060504924-4285088085-1001", "EventData.FailureTime": "2025-03-10 14:14:18.527897+00:00", "EventData.StackHash": "0x6f7bf408"}
{"EventID": "1", "Channel": "Microsoft-Windows-Security-LessPrivilegedAppContainer/Operational", "Provider_Name": "Microsoft-Windows-Security-LessPrivilegedAppContainer", "Computer": "DESKTOP-OFJ6N53", "TimeCreated": "2025-03-10 14:14:18.529688+00:00", "RecordID": "646", "Level": "2", "UserID": "S-1-5-21-963789628-1060504924-4285088085-1001", "EventData.FailureTime": "2025-03-10 14:14:18.529686+00:00", "EventData.StackHash": "0x6f7c1d88"}
{"EventID": "1", "Channel": "Microsoft-Windows-Security-LessPrivilegedAppContainer/Operational", "Provider_Name": "Microsoft-Windows-Security-LessPrivilegedAppContainer", "Computer": "DESKTOP-OFJ6N53", "TimeCreated": "2025-03-10 14:14:18.529709+00:00", "RecordID": "647", "Level": "2", "UserID": "S-1-5-21-963789628-1060504924-4285088085-1001", "EventData.FailureTime": "2025-03-10 14:14:18.529707+00:00", "EventData.StackHash": "0x6f7c1e2d"}
{"EventID": "1", "Channel": "Microsoft-Windows-Security-LessPrivilegedAppContainer/Operational", "Provider_Name": "Microsoft-Windows-Security-LessPrivilegedAppContainer", "Computer": "DESKTOP-OFJ6N53", "TimeCreated": "2025-03-10 14:14:18.530792+00:00", "RecordID": "648", "Level": "2", "UserID": "S-1-5-21-963789628-1060504924-4285088085-1001", "EventData.FailureTime": "2025-03-10 14:14:18.530792+00:00", "EventData.StackHash": "0x6f64c3b8"}
{"EventID": "1", "Channel": "Microsoft-Windows-Security-LessPrivilegedAppContainer/Operational", "Provider_Name": "Microsoft-Windows-Security-LessPrivilegedAppContainer", "Computer": "DESKTOP-OFJ6N53", "TimeCreated": "2025-03-10 14:14:18.531994+00:00", "RecordID": "649", "Level": "2", "UserID": "S-1-5-21-963789628-1060504924-4285088085-1001", "EventData.FailureTime": "2025-03-10 14:14:18.531994+00:00", "EventData.StackHash": "0x6f63112f"}
{"EventID": "1", "Channel": "Microsoft-Windows-Security-LessPrivilegedAppContainer/Operational", "Provider_Name": "Microsoft-Windows-Security-LessPrivilegedAppContainer", "Computer": "DESKTOP-OFJ6N53", "TimeCreated": "2025-03-10 14:14:18.532812+00:00", "RecordID": "650", "Level": "2", "UserID": "S-1-5-21-963789628-1060504924-4285088085-1001", "EventData.FailureTime": "2025-03-10 14:14:18.532808+00:00", "EventData.StackHash": "0x6f8d7d28"}
{"EventID": "1", "Channel": "Microsoft-Windows-Security-LessPrivilegedAppContainer/Operational", "Provider_Name": "Microsoft-Windows-Security-LessPrivilegedAppContainer", "Computer": "DESKTOP-OFJ6N53", "TimeCreated": "2025-03-10 14:14:18.532829+00:00", "RecordID": "651", "Level": "2", "UserID": "S-1-5-21-963789628-1060504924-4285088085-1001", "EventData.FailureTime": "2025-03-10 14:14:18.532827+00:00", "EventData.StackHash": "0x6f8d7d28"}
{"EventID": "1", "Channel": "Microsoft-Windows-Security-LessPrivilegedAppContainer/Operational", "Provider_Name": "Microsoft-Windows-Security-LessPrivilegedAppContainer", "Computer": "DESKTOP-OFJ6N53", "TimeCreated": "2025-03-10 14:14:18.532845+00:00", "RecordID": "652", "Level": "2", "UserID": "S-1-5-21-963789628-1060504924-4285088085-1001", "EventData.FailureTime": "2025-03-10 14:14:18.532845+00:00", "EventData.StackHash": "0x6f8d7d28"}
{"EventID": "1", "Channel": "Microsoft-Windows-Security-LessPrivilegedAppContainer/Operational", "Provider_Name": "Microsoft-Windows-Security-LessPrivilegedAppContainer", "Computer": "DESKTOP-OFJ6N53", "TimeCreated": "2025-03-10 14:14:18.532856+00:00", "RecordID": "653", "Level": "2", "UserID": "S-1-5-21-963789628-1060504924-4285088085-1001", "EventData.FailureTime": "2025-03-10 14:14:18.532854+00:00", "EventData.StackHash": "0x6f8d7d28"}
{"EventID": "1", "Channel": "Microsoft-Windows-Security-LessPrivilegedAppContainer/Operational", "Provider_Name": "Microsoft-Windows-Security-LessPrivilegedAppContainer", "Computer": "DESKTOP-OFJ6N53", "TimeCreated": "2025-03-10 14:14:18.532869+00:00", "RecordID": "654", "Level": "2", "UserID": "S-1-5-21-963789628-1060504924-4285088085-1001", "EventData.FailureTime": "2025-03-10 14:14:18.532869+00:00", "EventData.StackHash": "0x6f8e3937"}
{"EventID": "1", "Channel": "Microsoft-Windows-Security-LessPrivilegedAppContainer/Operational", "Provider_Name": "Microsoft-Windows-Security-LessPrivilegedAppContainer", "Computer": "DESKTOP-OFJ6N53", "TimeCreated": "2025-03-10 14:14:18.534754+00:00", "RecordID": "655", "Level": "2", "UserID": "S-1-5-21-963789628-1060504924-4285088085-1001", "EventData.FailureTime": "2025-03-10 14:14:18.534754+00:00", "EventData.StackHash": "0x6f937757"}
{"EventID": "1", "Channel": "Microsoft-Windows-Security-LessPrivilegedAppContainer/Operational", "Provider_Name": "Microsoft-Windows-Security-LessPrivilegedAppContainer", "Computer": "DESKTOP-OFJ6N53", "TimeCreated": "2025-03-10 14:14:18.534777+00:00", "RecordID": "656", "Level": "2", "UserID": "S-1-5-21-963789628-1060504924-4285088085-1001", "EventData.FailureTime": "2025-03-10 14:14:18.534777+00:00", "EventData.StackHash": "0x6f93776e"}
{"EventID": "1", "Channel": "Microsoft-Windows-Security-LessPrivilegedAppContainer/Operational", "Provider_Name": "Microsoft-Windows-Security-LessPrivilegedAppContainer", "Computer": "DESKTOP-OFJ6N53", "TimeCreated": "2025-03-10 14:14:18.540308+00:00", "RecordID": "657", "Level": "2", "UserID": "S-1-5-21-963789628-1060504924-4285088085-1001", "EventData.FailureTime": "2025-03-10 14:14:18.540304+00:00", "EventData.StackHash": "0xe5efe159"}
{"EventID": "1", "Channel": "Microsoft-Windows-Security-LessPrivilegedAppContainer/Operational", "Provider_Name": "Microsoft-Windows-Security-LessPrivilegedAppContainer", "Computer": "DESKTOP-OFJ6N53", "TimeCreated": "2025-03-10 14:14:18.549793+00:00", "RecordID": "658", "Level": "2", "UserID": "S-1-5-21-963789628-1060504924-4285088085-1001", "EventData.FailureTime": "2025-03-10 14:14:18.549788+00:00", "EventData.StackHash": "0x06239d61"}
{"EventID": "1", "Channel": "Microsoft-Windows-Security-LessPrivilegedAppContainer/Operational", "Provider_Name": "Microsoft-Windows-Security-LessPrivilegedAppContainer", "Computer": "DESKTOP-OFJ6N53", "TimeCreated": "2025-03-10 14:14:18.550406+00:00", "RecordID": "659", "Level": "2", "UserID": "S-1-5-21-963789628-1060504924-4285088085-1001", "EventData.FailureTime": "2025-03-10 14:14:18.550404+00:00", "EventData.StackHash": "0xf0a499a4"}
{"EventID": "1", "Channel": "Microsoft-Windows-Security-LessPrivilegedAppContainer/Operational", "Provider_Name": "Microsoft-Windows-Security-LessPrivilegedAppContainer", "Computer": "DESKTOP-OFJ6N53", "TimeCreated": "2025-03-10 14:14:18.556202+00:00", "RecordID": "660", "Level": "2", "UserID": "S-1-5-21-963789628-1060504924-4285088085-1001", "EventData.FailureTime": "2025-03-10 14:14:18.556198+00:00", "EventData.StackHash": "0x6f8c41aa"}
{"EventID": "1", "Channel": "Microsoft-Windows-Security-LessPrivilegedAppContainer/Operational", "Provider_Name": "Microsoft-Windows-Security-LessPrivilegedAppContainer", "Computer": "DESKTOP-OFJ6N53", "TimeCreated": "2025-03-10 14:14:18.556379+00:00", "RecordID": "661", "Level": "2", "UserID": "S-1-5-21-963789628-1060504924-4285088085-1001", "EventData.FailureTime": "2025-03-10 14:14:18.556376+00:00", "EventData.StackHash": "0x6f8c42e0"}
{"EventID": "1", "Channel": "Microsoft-Windows-Security-LessPrivilegedAppContainer/Operational", "Provider_Name": "Microsoft-Windows-Security-LessPrivilegedAppContainer", "Computer": "DESKTOP-OFJ6N53", "TimeCreated": "2025-03-10 14:14:18.558228+00:00", "RecordID": "662", "Level": "2", "UserID": "S-1-5-21-963789628-1060504924-4285088085-1001", "EventData.FailureTime": "2025-03-10 14:14:18.558228+00:00", "EventData.StackHash": "0x06239d61"}
{"EventID": "1", "Channel": "Microsoft-Windows-Security-LessPrivilegedAppContainer/Operational", "Provider_Name": "Microsoft-Windows-Security-LessPrivilegedAppContainer", "Computer": "DESKTOP-OFJ6N53", "TimeCreated": "2025-03-10 14:14:18.558861+00:00", "RecordID": "663", "Level": "2", "UserID": "S-1-5-21-963789628-1060504924-4285088085-1001", "EventData.FailureTime": "2025-03-10 14:14:18.558859+00:00", "EventData.StackHash": "0xf0a499a4"}
{"EventID": "1", "Channel": "Microsoft-Windows-Security-LessPrivilegedAppContainer/Operational", "Provider_Name": "Microsoft-Windows-Security-LessPrivilegedAppContainer", "Computer": "DESKTOP-OFJ6N53", "TimeCreated": "2025-03-10 14:14:18.563747+00:00", "RecordID": "664", "Level": "2", "UserID": "S-1-5-21-963789628-1060504924-4285088085-1001", "EventData.FailureTime": "2025-03-10 14:14:18.563744+00:00", "EventData.StackHash": "0x6f8c41aa"}
{"EventID": "1", "Channel": "Microsoft-Windows-Security-LessPrivilegedAppContainer/Operational", "Provider_Name": "Microsoft-Windows-Security-LessPrivilegedAppContainer", "Computer": "DESKTOP-OFJ6N53", "TimeCreated": "2025-03-10 14:14:18.563862+00:00", "RecordID": "665", "Level": "2", "UserID": "S-1-5-21-963789628-1060504924-4285088085-1001", "EventData.FailureTime": "2025-03-10 14:14:18.563862+00:00", "EventData.StackHash": "0x6f8c42e0"}
{"EventID": "1", "Channel": "Microsoft-Windows-Security-LessPrivilegedAppContainer/Operational", "Provider_Name": "Microsoft-Windows-Security-LessPrivilegedAppContainer", "Computer": "DESKTOP-OFJ6N53", "TimeCreated": "2025-03-10 14:14:18.565298+00:00", "RecordID": "666", "Level": "2", "UserID": "S-1-5-21-963789628-1060504924-4285088085-1001", "EventData.FailureTime": "2025-03-10 14:14:18.565296+00:00", "EventData.StackHash": "0x06239d61"}
{"EventID": "1", "Channel": "Microsoft-Windows-Security-LessPrivilegedAppContainer/Operational", "Provider_Name": "Microsoft-Windows-Security-LessPrivilegedAppContainer", "Computer": "DESKTOP-OFJ6N53", "TimeCreated": "2025-03-10 14:14:18.565891+00:00", "RecordID": "667", "Level": "2", "UserID": "S-1-5-21-963789628-1060504924-4285088085-1001", "EventData.FailureTime": "2025-03-10 14:14:18.565891+00:00", "EventData.StackHash": "0xf0a499a4"}
{"EventID": "1", "Channel": "Microsoft-Windows-Security-LessPrivilegedAppContainer/Operational", "Provider_Name": "Microsoft-Windows-Security-LessPrivilegedAppContainer", "Computer": "DESKTOP-OFJ6N53", "TimeCreated": "2025-03-10 14:14:18.571762+00:00", "RecordID": "668", "Level": "2", "UserID": "S-1-5-21-963789628-1060504924-4285088085-1001", "EventData.FailureTime": "2025-03-10 14:14:18.571760+00:00", "EventData.StackHash": "0x6f8c41aa"}
{"EventID": "1", "Channel": "Microsoft-Windows-Security-LessPrivilegedAppContainer/Operational", "Provider_Name": "Microsoft-Windows-Security-LessPrivilegedAppContainer", "Computer": "DESKTOP-OFJ6N53", "TimeCreated": "2025-03-10 14:14:18.571880+00:00", "RecordID": "669", "Level": "2", "UserID": "S-1-5-21-963789628-1060504924-4285088085-1001", "EventData.FailureTime": "2025-03-10 14:14:18.571878+00:00", "EventData.StackHash": "0x6f8c42e0"}
{"EventID": "1", "Channel": "Microsoft-Windows-Security-LessPrivilegedAppContainer/Operational", "Provider_Name": "Microsoft-Windows-Security-LessPrivilegedAppContainer", "Computer": "DESKTOP-OFJ6N53", "TimeCreated": "2025-03-11 20:15:04.909147+00:00", "RecordID": "670", "Level": "2", "UserID": "S-1-5-21-963789628-1060504924-4285088085-1001", "EventData.FailureTime": "2025-03-11 20:15:04.909142+00:00", "EventData.StackHash": "0xf29d54dc"}
{"EventID": "1", "Channel": "Microsoft-Windows-Security-LessPrivilegedAppContainer/Operational", "Provider_Name": "Microsoft-Windows-Security-LessPrivilegedAppContainer", "Computer": "DESKTOP-OFJ6N53", "TimeCreated": "2025-03-11 20:25:50.022655+00:00", "RecordID": "671", "Level": "2", "UserID": "S-1-5-21-963789628-1060504924-4285088085-1001", "EventData.FailureTime": "2025-03-11 20:25:50.022652+00:00", "EventData.StackHash": "0xb3173376"}
{"EventID": "1", "Channel": "Microsoft-Windows-Security-LessPrivilegedAppContainer/Operational", "Provider_Name": "Microsoft-Windows-Security-LessPrivilegedAppContainer", "Computer": "DESKTOP-OFJ6N53", "TimeCreated": "2025-03-11 20:25:50.343204+00:00", "RecordID": "672", "Level": "2", "UserID": "S-1-5-21-963789628-1060504924-4285088085-1001", "EventData.FailureTime": "2025-03-11 20:25:50.343201+00:00", "EventData.StackHash": "0x4e71d0f7"}
{"EventID": "1", "Channel": "Microsoft-Windows-Security-LessPrivilegedAppContainer/Operational", "Provider_Name": "Microsoft-Windows-Security-LessPrivilegedAppContainer", "Computer": "DESKTOP-OFJ6N53", "TimeCreated": "2025-03-11 20:25:50.346014+00:00", "RecordID": "673", "Level": "2", "UserID": "S-1-5-21-963789628-1060504924-4285088085-1001", "EventData.FailureTime": "2025-03-11 20:25:50.346012+00:00", "EventData.StackHash": "0xb3173376"}
