{"EventID": "12", "Channel": "Microsoft-Windows-Security-Mitigations/KernelMode", "Provider_Name": "Microsoft-Windows-Security-Mitigations", "Computer": "DESKTOP-OFJ6N53", "TimeCreated": "2025-01-27 12:45:11.211149+00:00", "RecordID": "8183", "Level": "3", "UserID": "S-1-5-21-963789628-1060504924-4285088085-1001", "EventData.ProcessPathLength": "74", "EventData.ProcessPath": "\\Device\\HarddiskVolume3\\Program Files\\Google\\Chrome\\Application\\chrome.exe", "EventData.ProcessCommandLineLength": "512", "EventData.ProcessCommandLine": "\"C:\\Program Files\\Google\\Chrome\\Application\\chrome.exe\" --type=renderer --string-annotations=is-enterprise-managed=no --no-pre-read-main-dll --disable-gpu-compositing --video-capture-use-gpu-memory-buffer --lang=ru --device-scale-factor=1 --num-raster-threads=2 --enable-main-frame-before-activation --renderer-client-id=7 --time-ticks-at-unix-epoch=-1737720190136702 --launch-time-ticks=261720653163 --field-trial-handle=4840,i,18213207850159568895,9373080096641011137,262144 --variations-seed-version=20250124-", "EventData.ProcessId": "1852", "EventData.ProcessCreateTime": "2025-01-27 12:45:10.791605+00:00", "EventData.ProcessStartKey": "43065671436734378", "EventData.ProcessSignatureLevel": "8", "EventData.ProcessSectionSignatureLevel": "8", "EventData.ProcessProtection": "0", "EventData.TargetThreadId": "3540", "EventData.TargetThreadCreateTime": "2025-01-27 12:45:10.791609+00:00", "EventData.RequiredSignatureLevel": "8", "EventData.SignatureLevel": "0", "EventData.ImageNameLength": "60", "EventData.ImageName": "\\Program Files\\Common Files\\Crypto Pro\\AppCompat\\cpcrypt.dll"}
{"EventID": "12", "Channel": "Microsoft-Windows-Security-Mitigations/KernelMode", "Provider_Name": "Microsoft-Windows-Security-Mitigations", "Computer": "DESKTOP-OFJ6N53", "TimeCreated": "2025-01-27 12:45:12.247438+00:00", "RecordID": "8184", "Level": "3", "UserID": "S-1-5-21-963789628-1060504924-4285088085-1001", "EventData.ProcessPathLength": "74", "EventData.ProcessPath": "\\Device\\HarddiskVolume3\\Program Files\\Google\\Chrome\\Application\\chrome.exe", "EventData.ProcessCommandLineLength": "512", "EventData.ProcessCommandLine": "\"C:\\Program Files\\Google\\Chrome\\Application\\chrome.exe\" --type=renderer --string-annotations=is-enterprise-managed=no --no-pre-read-main-dll --disable-gpu-compositing --video-capture-use-gpu-memory-buffer --lang=ru --device-scale-factor=1 --num-raster-threads=2 --enable-main-frame-before-activation --renderer-client-id=8 --time-ticks-at-unix-epoch=-1737720190136702 --launch-time-ticks=261722037818 --field-trial-handle=4844,i,18213207850159568895,9373080096641011137,262144 --variations-seed-version=20250124-", "EventData.ProcessId": "4216", "EventData.ProcessCreateTime": "2025-01-27 12:45:12.175644+00:00", "EventData.ProcessStartKey": "43065671436734379", "EventData.ProcessSignatureLevel": "8", "EventData.ProcessSectionSignatureLevel": "8", "EventData.ProcessProtection": "0", "EventData.TargetThreadId": "1744", "EventData.TargetThreadCreateTime": "2025-01-27 12:45:12.175648+00:00", "EventData.RequiredSignatureLevel": "8", "EventData.SignatureLevel": "0", "EventData.ImageNameLength": "60", "EventData.ImageName": "\\Program Files\\Common Files\\Crypto Pro\\AppCompat\\cpcrypt.dll"}
{"EventID": "12", "Channel": "Microsoft-Windows-Security-Mitigations/KernelMode", "Provider_Name": "Microsoft-Windows-Security-Mitigations", "Computer": "DESKTOP-OFJ6N53", "TimeCreated": "2025-01-27 12:45:12.399839+00:00", "RecordID": "8185", "Level": "3", "UserID": "S-1-5-21-963789628-1060504924-4285088085-1001", "EventData.ProcessPathLength": "74", "EventData.ProcessPath": "\\Device\\HarddiskVolume3\\Program Files\\Google\\Chrome\\Application\\chrome.exe", "EventData.ProcessCommandLineLength": "512", "EventData.ProcessCommandLine": "\"C:\\Program Files\\Google\\Chrome\\Application\\chrome.exe\" --type=renderer --string-annotations=is-enterprise-managed=no --no-pre-read-main-dll --disable-gpu-compositing --video-capture-use-gpu-memory-buffer --lang=ru --device-scale-factor=1 --num-raster-threads=2 --enable-main-frame-before-activation --renderer-client-id=9 --time-ticks-at-unix-epoch=-1737720190136702 --launch-time-ticks=261722099460 --field-trial-handle=5172,i,18213207850159568895,9373080096641011137,262144 --variations-seed-version=20250124-", "EventData.ProcessId": "12324", "EventData.ProcessCreateTime": "2025-01-27 12:45:12.237371+00:00", "EventData.ProcessStartKey": "43065671436734380", "EventData.ProcessSignatureLevel": "8", "EventData.ProcessSectionSignatureLevel": "8", "EventData.ProcessProtection": "0", "EventData.TargetThreadId": "5912", "EventData.TargetThreadCreateTime": "2025-01-27 12:45:12.237377+00:00", "EventData.RequiredSignatureLevel": "8", "EventData.SignatureLevel": "0", "EventData.ImageNameLength": "60", "EventData.ImageName": "\\Program Files\\Common Files\\Crypto Pro\\AppCompat\\cpcrypt.dll"}
{"EventID": "12", "Channel": "Microsoft-Windows-Security-Mitigations/KernelMode", "Provider_Name": "Microsoft-Windows-Security-Mitigations", "Computer": "DESKTOP-OFJ6N53", "TimeCreated": "2025-01-27 12:45:12.853157+00:00", "RecordID": "8186", "Level": "3", "UserID": "S-1-5-21-963789628-1060504924-4285088085-1001", "EventData.ProcessPathLength": "74", "EventData.ProcessPath": "\\Device\\HarddiskVolume3\\Program Files\\Google\\Chrome\\Application\\chrome.exe", "EventData.ProcessCommandLineLength": "512", "EventData.ProcessCommandLine": "\"C:\\Program Files\\Google\\Chrome\\Application\\chrome.exe\" --type=renderer --string-annotations=is-enterprise-managed=no --no-pre-read-main-dll --disable-gpu-compositing --video-capture-use-gpu-memory-buffer --lang=ru --device-scale-factor=1 --num-raster-threads=2 --enable-main-frame-before-activation --renderer-client-id=10 --time-ticks-at-unix-epoch=-1737720190136702 --launch-time-ticks=261722644261 --field-trial-handle=5176,i,18213207850159568895,9373080096641011137,262144 --variations-seed-version=20250124", "EventData.ProcessId": "8124", "EventData.ProcessCreateTime": "2025-01-27 12:45:12.782396+00:00", "EventData.ProcessStartKey": "43065671436734381", "EventData.ProcessSignatureLevel": "8", "EventData.ProcessSectionSignatureLevel": "8", "EventData.ProcessProtection": "0", "EventData.TargetThreadId": "10024", "EventData.TargetThreadCreateTime": "2025-01-27 12:45:12.782400+00:00", "EventData.RequiredSignatureLevel": "8", "EventData.SignatureLevel": "0", "EventData.ImageNameLength": "60", "EventData.ImageName": "\\Program Files\\Common Files\\Crypto Pro\\AppCompat\\cpcrypt.dll"}
{"EventID": "12", "Channel": "Microsoft-Windows-Security-Mitigations/KernelMode", "Provider_Name": "Microsoft-Windows-Security-Mitigations", "Computer": "DESKTOP-OFJ6N53", "TimeCreated": "2025-01-27 12:47:15.678610+00:00", "RecordID": "8187", "Level": "3", "UserID": "S-1-5-21-963789628-1060504924-4285088085-1001", "EventData.ProcessPathLength": "74", "EventData.ProcessPath": "\\Device\\HarddiskVolume3\\Program Files\\Google\\Chrome\\Application\\chrome.exe", "EventData.ProcessCommandLineLength": "433", "EventData.ProcessCommandLine": "\"C:\\Program Files\\Google\\Chrome\\Application\\chrome.exe\" --type=utility --utility-sub-type=on_device_model.mojom.OnDeviceModelService --lang=ru --service-sandbox-type=on_device_model_execution --string-annotations=is-enterprise-managed=no --no-pre-read-main-dll --field-trial-handle=5552,i,18213207850159568895,9373080096641011137,262144 --variations-seed-version=20250124-050050.337000 --mojo-platform-channel-handle=5312 /prefetch:8", "EventData.ProcessId": "11972", "EventData.ProcessCreateTime": "2025-01-27 12:47:07.832256+00:00", "EventData.ProcessStartKey": "43065671436734400", "EventData.ProcessSignatureLevel": "8", "EventData.ProcessSectionSignatureLevel": "8", "EventData.ProcessProtection": "0", "EventData.TargetThreadId": "5720", "EventData.TargetThreadCreateTime": "2025-01-27 12:47:07.832266+00:00", "EventData.RequiredSignatureLevel": "8", "EventData.SignatureLevel": "0", "EventData.ImageNameLength": "60", "EventData.ImageName": "\\Program Files\\Common Files\\Crypto Pro\\AppCompat\\cpadvai.dll"}
{"EventID": "12", "Channel": "Microsoft-Windows-Security-Mitigations/KernelMode", "Provider_Name": "Microsoft-Windows-Security-Mitigations", "Computer": "DESKTOP-OFJ6N53", "TimeCreated": "2025-01-28 12:14:27.474104+00:00", "RecordID": "8188", "Level": "3", "UserID": "S-1-5-18", "EventData.ProcessPathLength": "100", "EventData.ProcessPath": "\\Device\\HarddiskVolume3\\ProgramData\\Microsoft\\Windows Defender\\Platform\\4.18.24090.11-0\\MpCmdRun.exe", "EventData.ProcessCommandLineLength": "135", "EventData.ProcessCommandLine": "\"C:\\ProgramData\\Microsoft\\Windows Defender\\Platform\\4.18.24090.11-0\\MpCmdRun.exe\" SignaturesUpdateService -ScheduleJob -UnmanagedUpdate", "EventData.ProcessId": "12620", "EventData.ProcessCreateTime": "2025-01-28 12:13:58.892538+00:00", "EventData.ProcessStartKey": "43065671436735484", "EventData.ProcessSignatureLevel": "8", "EventData.ProcessSectionSignatureLevel": "8", "EventData.ProcessProtection": "0", "EventData.TargetThreadId": "12940", "EventData.TargetThreadCreateTime": "2025-01-28 12:13:58.996193+00:00", "EventData.RequiredSignatureLevel": "8", "EventData.SignatureLevel": "0", "EventData.ImageNameLength": "60", "EventData.ImageName": "\\Program Files\\Common Files\\Crypto Pro\\AppCompat\\cpadvai.dll"}
{"EventID": "12", "Channel": "Microsoft-Windows-Security-Mitigations/KernelMode", "Provider_Name": "Microsoft-Windows-Security-Mitigations", "Computer": "DESKTOP-OFJ6N53", "TimeCreated": "2025-01-29 12:14:15.872698+00:00", "RecordID": "8189", "Level": "3", "UserID": "S-1-5-18", "EventData.ProcessPathLength": "100", "EventData.ProcessPath": "\\Device\\HarddiskVolume3\\ProgramData\\Microsoft\\Windows Defender\\Platform\\4.18.24090.11-0\\MpCmdRun.exe", "EventData.ProcessCommandLineLength": "135", "EventData.ProcessCommandLine": "\"C:\\ProgramData\\Microsoft\\Windows Defender\\Platform\\4.18.24090.11-0\\MpCmdRun.exe\" SignaturesUpdateService -ScheduleJob -UnmanagedUpdate", "EventData.ProcessId": "11684", "EventData.ProcessCreateTime": "2025-01-29 12:14:00.301449+00:00", "EventData.ProcessStartKey": "43065671436736516", "EventData.ProcessSignatureLevel": "8", "EventData.ProcessSectionSignatureLevel": "8", "EventData.ProcessProtection": "0", "EventData.TargetThreadId": "2268", "EventData.TargetThreadCreateTime": "2025-01-29 12:14:00.570827+00:00", "EventData.RequiredSignatureLevel": "8", "EventData.SignatureLevel": "0", "EventData.ImageNameLength": "60", "EventData.ImageName": "\\Program Files\\Common Files\\Crypto Pro\\AppCompat\\cpadvai.dll"}
{"EventID": "12", "Channel": "Microsoft-Windows-Security-Mitigations/KernelMode", "Provider_Name": "Microsoft-Windows-Security-Mitigations", "Computer": "DESKTOP-OFJ6N53", "TimeCreated": "2025-01-29 18:03:23.746437+00:00", "RecordID": "8190", "Level": "3", "UserID": "S-1-5-18", "EventData.ProcessPathLength": "59", "EventData.ProcessPath": "\\Device\\HarddiskVolume3\\Windows\\System32\\WaaSMedicAgent.exe", "EventData.ProcessCommandLineLength": "104", "EventData.ProcessCommandLine": "C:\\Windows\\System32\\WaaSMedicAgent.exe 7c119c167e42620291b78cd00a9e13b7 Jxgguo+RkUSbbLog2jOx7g.0.1.0.0.0", "EventData.ProcessId": "9032", "EventData.ProcessCreateTime": "2025-01-29 18:03:22.739580+00:00", "EventData.ProcessStartKey": "43065671436736879", "EventData.ProcessSignatureLevel": "8", "EventData.ProcessSectionSignatureLevel": "8", "EventData.ProcessProtection": "0", "EventData.TargetThreadId": "2872", "EventData.TargetThreadCreateTime": "2025-01-29 18:03:23.738392+00:00", "EventData.RequiredSignatureLevel": "8", "EventData.SignatureLevel": "0", "EventData.ImageNameLength": "60", "EventData.ImageName": "\\Program Files\\Common Files\\Crypto Pro\\AppCompat\\cpadvai.dll"}
{"EventID": "12", "Channel": "Microsoft-Windows-Security-Mitigations/KernelMode", "Provider_Name": "Microsoft-Windows-Security-Mitigations", "Computer": "DESKTOP-OFJ6N53", "TimeCreated": "2025-01-29 18:03:34.344412+00:00", "RecordID": "8191", "Level": "3", "UserID": "S-1-5-18", "EventData.ProcessPathLength": "59", "EventData.ProcessPath": "\\Device\\HarddiskVolume3\\Windows\\System32\\WaaSMedicAgent.exe", "EventData.ProcessCommandLineLength": "104", "EventData.ProcessCommandLine": "C:\\Windows\\System32\\WaaSMedicAgent.exe f5839abac83c95e488abc260e87925dd Jxgguo+RkUSbbLog2jOx7g.0.1.0.0.0", "EventData.ProcessId": "13064", "EventData.ProcessCreateTime": "2025-01-29 18:03:33.337275+00:00", "EventData.ProcessStartKey": "43065671436736886", "EventData.ProcessSignatureLevel": "8", "EventData.ProcessSectionSignatureLevel": "8", "EventData.ProcessProtection": "0", "EventData.TargetThreadId": "3152", "EventData.TargetThreadCreateTime": "2025-01-29 18:03:34.338680+00:00", "EventData.RequiredSignatureLevel": "8", "EventData.SignatureLevel": "0", "EventData.ImageNameLength": "60", "EventData.ImageName": "\\Program Files\\Common Files\\Crypto Pro\\AppCompat\\cpadvai.dll"}
{"EventID": "12", "Channel": "Microsoft-Windows-Security-Mitigations/KernelMode", "Provider_Name": "Microsoft-Windows-Security-Mitigations", "Computer": "DESKTOP-OFJ6N53", "TimeCreated": "2025-01-29 18:03:34.452324+00:00", "RecordID": "8192", "Level": "3", "UserID": "S-1-5-18", "EventData.ProcessPathLength": "59", "EventData.ProcessPath": "\\Device\\HarddiskVolume3\\Windows\\System32\\WaaSMedicAgent.exe", "EventData.ProcessCommandLineLength": "104", "EventData.ProcessCommandLine": "C:\\Windows\\System32\\WaaSMedicAgent.exe f5839abac83c95e488abc260e87925dd Jxgguo+RkUSbbLog2jOx7g.0.1.0.0.0", "EventData.ProcessId": "13064", "EventData.ProcessCreateTime": "2025-01-29 18:03:33.337275+00:00", "EventData.ProcessStartKey": "43065671436736886", "EventData.ProcessSignatureLevel": "8", "EventData.ProcessSectionSignatureLevel": "8", "EventData.ProcessProtection": "0", "EventData.TargetThreadId": "3152", "EventData.TargetThreadCreateTime": "2025-01-29 18:03:34.338680+00:00", "EventData.RequiredSignatureLevel": "8", "EventData.SignatureLevel": "0", "EventData.ImageNameLength": "60", "EventData.ImageName": "\\Program Files\\Common Files\\Crypto Pro\\AppCompat\\cpwinet.dll"}
{"EventID": "12", "Channel": "Microsoft-Windows-Security-Mitigations/KernelMode", "Provider_Name": "Microsoft-Windows-Security-Mitigations", "Computer": "DESKTOP-OFJ6N53", "TimeCreated": "2025-01-29 18:03:34.529835+00:00", "RecordID": "8193", "Level": "3", "UserID": "S-1-5-18", "EventData.ProcessPathLength": "59", "EventData.ProcessPath": "\\Device\\HarddiskVolume3\\Windows\\System32\\WaaSMedicAgent.exe", "EventData.ProcessCommandLineLength": "104", "EventData.ProcessCommandLine": "C:\\Windows\\System32\\WaaSMedicAgent.exe f5839abac83c95e488abc260e87925dd Jxgguo+RkUSbbLog2jOx7g.0.1.0.0.0", "EventData.ProcessId": "13064", "EventData.ProcessCreateTime": "2025-01-29 18:03:33.337275+00:00", "EventData.ProcessStartKey": "43065671436736886", "EventData.ProcessSignatureLevel": "8", "EventData.ProcessSectionSignatureLevel": "8", "EventData.ProcessProtection": "0", "EventData.TargetThreadId": "3152", "EventData.TargetThreadCreateTime": "2025-01-29 18:03:34.338680+00:00", "EventData.RequiredSignatureLevel": "8", "EventData.SignatureLevel": "0", "EventData.ImageNameLength": "58", "EventData.ImageName": "\\Program Files\\Common Files\\Crypto Pro\\AppCompat\\cpmsi.dll"}
{"EventID": "12", "Channel": "Microsoft-Windows-Security-Mitigations/KernelMode", "Provider_Name": "Microsoft-Windows-Security-Mitigations", "Computer": "DESKTOP-OFJ6N53", "TimeCreated": "2025-01-29 18:03:34.712559+00:00", "RecordID": "8194", "Level": "3", "UserID": "S-1-5-18", "EventData.ProcessPathLength": "59", "EventData.ProcessPath": "\\Device\\HarddiskVolume3\\Windows\\System32\\WaaSMedicAgent.exe", "EventData.ProcessCommandLineLength": "104", "EventData.ProcessCommandLine": "C:\\Windows\\System32\\WaaSMedicAgent.exe f5839abac83c95e488abc260e87925dd Jxgguo+RkUSbbLog2jOx7g.0.1.0.0.0", "EventData.ProcessId": "13064", "EventData.ProcessCreateTime": "2025-01-29 18:03:33.337275+00:00", "EventData.ProcessStartKey": "43065671436736886", "EventData.ProcessSignatureLevel": "8", "EventData.ProcessSectionSignatureLevel": "8", "EventData.ProcessProtection": "0", "EventData.TargetThreadId": "3152", "EventData.TargetThreadCreateTime": "2025-01-29 18:03:34.338680+00:00", "EventData.RequiredSignatureLevel": "8", "EventData.SignatureLevel": "0", "EventData.ImageNameLength": "61", "EventData.ImageName": "\\Program Files\\Common Files\\Crypto Pro\\AppCompat\\cpenroll.dll"}
{"EventID": "12", "Channel": "Microsoft-Windows-Security-Mitigations/KernelMode", "Provider_Name": "Microsoft-Windows-Security-Mitigations", "Computer": "DESKTOP-OFJ6N53", "TimeCreated": "2025-01-29 18:03:35.023394+00:00", "RecordID": "8195", "Level": "3", "UserID": "S-1-5-18", "EventData.ProcessPathLength": "59", "EventData.ProcessPath": "\\Device\\HarddiskVolume3\\Windows\\System32\\WaaSMedicAgent.exe", "EventData.ProcessCommandLineLength": "104", "EventData.ProcessCommandLine": "C:\\Windows\\System32\\WaaSMedicAgent.exe f5839abac83c95e488abc260e87925dd Jxgguo+RkUSbbLog2jOx7g.0.1.0.0.0", "EventData.ProcessId": "13064", "EventData.ProcessCreateTime": "2025-01-29 18:03:33.337275+00:00", "EventData.ProcessStartKey": "43065671436736886", "EventData.ProcessSignatureLevel": "8", "EventData.ProcessSectionSignatureLevel": "8", "EventData.ProcessProtection": "0", "EventData.TargetThreadId": "7928", "EventData.TargetThreadCreateTime": "2025-01-29 18:03:34.339111+00:00", "EventData.RequiredSignatureLevel": "8", "EventData.SignatureLevel": "0", "EventData.ImageNameLength": "60", "EventData.ImageName": "\\Program Files\\Common Files\\Crypto Pro\\AppCompat\\cpschan.dll"}
{"EventID": "12", "Channel": "Microsoft-Windows-Security-Mitigations/KernelMode", "Provider_Name": "Microsoft-Windows-Security-Mitigations", "Computer": "DESKTOP-OFJ6N53", "TimeCreated": "2025-01-30 12:14:17.475615+00:00", "RecordID": "8196", "Level": "3", "UserID": "S-1-5-18", "EventData.ProcessPathLength": "100", "EventData.ProcessPath": "\\Device\\HarddiskVolume3\\ProgramData\\Microsoft\\Windows Defender\\Platform\\4.18.24090.11-0\\MpCmdRun.exe", "EventData.ProcessCommandLineLength": "135", "EventData.ProcessCommandLine": "\"C:\\ProgramData\\Microsoft\\Windows Defender\\Platform\\4.18.24090.11-0\\MpCmdRun.exe\" SignaturesUpdateService -ScheduleJob -UnmanagedUpdate", "EventData.ProcessId": "10632", "EventData.ProcessCreateTime": "2025-01-30 12:14:01.911900+00:00", "EventData.ProcessStartKey": "43065671436737633", "EventData.ProcessSignatureLevel": "8", "EventData.ProcessSectionSignatureLevel": "8", "EventData.ProcessProtection": "0", "EventData.TargetThreadId": "13132", "EventData.TargetThreadCreateTime": "2025-01-30 12:14:02.541164+00:00", "EventData.RequiredSignatureLevel": "8", "EventData.SignatureLevel": "0", "EventData.ImageNameLength": "60", "EventData.ImageName": "\\Program Files\\Common Files\\Crypto Pro\\AppCompat\\cpadvai.dll"}
{"EventID": "12", "Channel": "Microsoft-Windows-Security-Mitigations/KernelMode", "Provider_Name": "Microsoft-Windows-Security-Mitigations", "Computer": "DESKTOP-OFJ6N53", "TimeCreated": "2025-01-30 13:40:36.322741+00:00", "RecordID": "8197", "Level": "3", "UserID": "S-1-5-21-963789628-1060504924-4285088085-1001", "EventData.ProcessPathLength": "74", "EventData.ProcessPath": "\\Device\\HarddiskVolume3\\Program Files\\Google\\Chrome\\Application\\chrome.exe", "EventData.ProcessCommandLineLength": "512", "EventData.ProcessCommandLine": "\"C:\\Program Files\\Google\\Chrome\\Application\\chrome.exe\" --type=renderer --string-annotations=is-enterprise-managed=no --extension-process --no-pre-read-main-dll --disable-gpu-compositing --video-capture-use-gpu-memory-buffer --lang=ru --device-scale-factor=1 --num-raster-threads=2 --enable-main-frame-before-activation --renderer-client-id=58 --time-ticks-at-unix-epoch=-1737720190136702 --launch-time-ticks=524242576242 --field-trial-handle=3652,i,18213207850159568895,9373080096641011137,262144 --variations-s", "EventData.ProcessId": "6740", "EventData.ProcessCreateTime": "2025-01-30 13:40:36.288795+00:00", "EventData.ProcessStartKey": "43065671436737706", "EventData.ProcessSignatureLevel": "8", "EventData.ProcessSectionSignatureLevel": "8", "EventData.ProcessProtection": "0", "EventData.TargetThreadId": "1052", "EventData.TargetThreadCreateTime": "2025-01-30 13:40:36.288801+00:00", "EventData.RequiredSignatureLevel": "8", "EventData.SignatureLevel": "0", "EventData.ImageNameLength": "60", "EventData.ImageName": "\\Program Files\\Common Files\\Crypto Pro\\AppCompat\\cpcrypt.dll"}
{"EventID": "12", "Channel": "Microsoft-Windows-Security-Mitigations/KernelMode", "Provider_Name": "Microsoft-Windows-Security-Mitigations", "Computer": "DESKTOP-OFJ6N53", "TimeCreated": "2025-01-31 09:51:24.876209+00:00", "RecordID": "8198", "Level": "3", "UserID": "S-1-5-21-963789628-1060504924-4285088085-1001", "EventData.ProcessPathLength": "74", "EventData.ProcessPath": "\\Device\\HarddiskVolume3\\Program Files\\Google\\Chrome\\Application\\chrome.exe", "EventData.ProcessCommandLineLength": "512", "EventData.ProcessCommandLine": "\"C:\\Program Files\\Google\\Chrome\\Application\\chrome.exe\" --type=renderer --string-annotations=is-enterprise-managed=no --no-pre-read-main-dll --disable-gpu-compositing --video-capture-use-gpu-memory-buffer --lang=ru --device-scale-factor=1 --num-raster-threads=2 --enable-main-frame-before-activation --renderer-client-id=65 --time-ticks-at-unix-epoch=-1737720190136702 --launch-time-ticks=596891132124 --field-trial-handle=7124,i,18213207850159568895,9373080096641011137,262144 --variations-seed-version=20250124", "EventData.ProcessId": "13104", "EventData.ProcessCreateTime": "2025-01-31 09:51:24.844933+00:00", "EventData.ProcessStartKey": "43065671436738603", "EventData.ProcessSignatureLevel": "8", "EventData.ProcessSectionSignatureLevel": "8", "EventData.ProcessProtection": "0", "EventData.TargetThreadId": "8928", "EventData.TargetThreadCreateTime": "2025-01-31 09:51:24.844936+00:00", "EventData.RequiredSignatureLevel": "8", "EventData.SignatureLevel": "0", "EventData.ImageNameLength": "60", "EventData.ImageName": "\\Program Files\\Common Files\\Crypto Pro\\AppCompat\\cpcrypt.dll"}
{"EventID": "12", "Channel": "Microsoft-Windows-Security-Mitigations/KernelMode", "Provider_Name": "Microsoft-Windows-Security-Mitigations", "Computer": "DESKTOP-OFJ6N53", "TimeCreated": "2025-01-31 09:51:26.038288+00:00", "RecordID": "8199", "Level": "3", "UserID": "S-1-5-21-963789628-1060504924-4285088085-1001", "EventData.ProcessPathLength": "74", "EventData.ProcessPath": "\\Device\\HarddiskVolume3\\Program Files\\Google\\Chrome\\Application\\chrome.exe", "EventData.ProcessCommandLineLength": "512", "EventData.ProcessCommandLine": "\"C:\\Program Files\\Google\\Chrome\\Application\\chrome.exe\" --type=renderer --string-annotations=is-enterprise-managed=no --no-pre-read-main-dll --disable-gpu-compositing --video-capture-use-gpu-memory-buffer --lang=ru --device-scale-factor=1 --num-raster-threads=2 --enable-main-frame-before-activation --renderer-client-id=66 --time-ticks-at-unix-epoch=-1737720190136702 --launch-time-ticks=596892144403 --field-trial-handle=6636,i,18213207850159568895,9373080096641011137,262144 --variations-seed-version=20250124", "EventData.ProcessId": "3140", "EventData.ProcessCreateTime": "2025-01-31 09:51:25.856916+00:00", "EventData.ProcessStartKey": "43065671436738604", "EventData.ProcessSignatureLevel": "8", "EventData.ProcessSectionSignatureLevel": "8", "EventData.ProcessProtection": "0", "EventData.TargetThreadId": "9824", "EventData.TargetThreadCreateTime": "2025-01-31 09:51:25.856920+00:00", "EventData.RequiredSignatureLevel": "8", "EventData.SignatureLevel": "0", "EventData.ImageNameLength": "60", "EventData.ImageName": "\\Program Files\\Common Files\\Crypto Pro\\AppCompat\\cpcrypt.dll"}
{"EventID": "12", "Channel": "Microsoft-Windows-Security-Mitigations/KernelMode", "Provider_Name": "Microsoft-Windows-Security-Mitigations", "Computer": "DESKTOP-OFJ6N53", "TimeCreated": "2025-01-31 09:51:30.573448+00:00", "RecordID": "8200", "Level": "3", "UserID": "S-1-5-21-963789628-1060504924-4285088085-1001", "EventData.ProcessPathLength": "74", "EventData.ProcessPath": "\\Device\\HarddiskVolume3\\Program Files\\Google\\Chrome\\Application\\chrome.exe", "EventData.ProcessCommandLineLength": "512", "EventData.ProcessCommandLine": "\"C:\\Program Files\\Google\\Chrome\\Application\\chrome.exe\" --type=renderer --string-annotations=is-enterprise-managed=no --no-pre-read-main-dll --disable-gpu-compositing --video-capture-use-gpu-memory-buffer --lang=ru --device-scale-factor=1 --num-raster-threads=2 --enable-main-frame-before-activation --renderer-client-id=67 --time-ticks-at-unix-epoch=-1737720190136702 --launch-time-ticks=596896831299 --field-trial-handle=6596,i,18213207850159568895,9373080096641011137,262144 --variations-seed-version=20250124", "EventData.ProcessId": "4052", "EventData.ProcessCreateTime": "2025-01-31 09:51:30.543795+00:00", "EventData.ProcessStartKey": "43065671436738605", "EventData.ProcessSignatureLevel": "8", "EventData.ProcessSectionSignatureLevel": "8", "EventData.ProcessProtection": "0", "EventData.TargetThreadId": "7444", "EventData.TargetThreadCreateTime": "2025-01-31 09:51:30.543798+00:00", "EventData.RequiredSignatureLevel": "8", "EventData.SignatureLevel": "0", "EventData.ImageNameLength": "60", "EventData.ImageName": "\\Program Files\\Common Files\\Crypto Pro\\AppCompat\\cpcrypt.dll"}
{"EventID": "12", "Channel": "Microsoft-Windows-Security-Mitigations/KernelMode", "Provider_Name": "Microsoft-Windows-Security-Mitigations", "Computer": "DESKTOP-OFJ6N53", "TimeCreated": "2025-01-31 09:51:44.301567+00:00", "RecordID": "8201", "Level": "3", "UserID": "S-1-5-21-963789628-1060504924-4285088085-1001", "EventData.ProcessPathLength": "74", "EventData.ProcessPath": "\\Device\\HarddiskVolume3\\Program Files\\Google\\Chrome\\Application\\chrome.exe", "EventData.ProcessCommandLineLength": "512", "EventData.ProcessCommandLine": "\"C:\\Program Files\\Google\\Chrome\\Application\\chrome.exe\" --type=renderer --string-annotations=is-enterprise-managed=no --no-pre-read-main-dll --disable-gpu-compositing --video-capture-use-gpu-memory-buffer --lang=ru --device-scale-factor=1 --num-raster-threads=2 --enable-main-frame-before-activation --renderer-client-id=69 --time-ticks-at-unix-epoch=-1737720190136702 --launch-time-ticks=596910561288 --field-trial-handle=6428,i,18213207850159568895,9373080096641011137,262144 --variations-seed-version=20250124", "EventData.ProcessId": "9600", "EventData.ProcessCreateTime": "2025-01-31 09:51:44.273882+00:00", "EventData.ProcessStartKey": "43065671436738607", "EventData.ProcessSignatureLevel": "8", "EventData.ProcessSectionSignatureLevel": "8", "EventData.ProcessProtection": "0", "EventData.TargetThreadId": "8484", "EventData.TargetThreadCreateTime": "2025-01-31 09:51:44.273886+00:00", "EventData.RequiredSignatureLevel": "8", "EventData.SignatureLevel": "0", "EventData.ImageNameLength": "60", "EventData.ImageName": "\\Program Files\\Common Files\\Crypto Pro\\AppCompat\\cpcrypt.dll"}
{"EventID": "12", "Channel": "Microsoft-Windows-Security-Mitigations/KernelMode", "Provider_Name": "Microsoft-Windows-Security-Mitigations", "Computer": "DESKTOP-OFJ6N53", "TimeCreated": "2025-01-31 09:51:44.374458+00:00", "RecordID": "8202", "Level": "3", "UserID": "S-1-5-21-963789628-1060504924-4285088085-1001", "EventData.ProcessPathLength": "74", "EventData.ProcessPath": "\\Device\\HarddiskVolume3\\Program Files\\Google\\Chrome\\Application\\chrome.exe", "EventData.ProcessCommandLineLength": "512", "EventData.ProcessCommandLine": "\"C:\\Program Files\\Google\\Chrome\\Application\\chrome.exe\" --type=renderer --string-annotations=is-enterprise-managed=no --no-pre-read-main-dll --disable-gpu-compositing --video-capture-use-gpu-memory-buffer --lang=ru --device-scale-factor=1 --num-raster-threads=2 --enable-main-frame-before-activation --renderer-client-id=70 --time-ticks-at-unix-epoch=-1737720190136702 --launch-time-ticks=596910632478 --field-trial-handle=1428,i,18213207850159568895,9373080096641011137,262144 --variations-seed-version=20250124", "EventData.ProcessId": "10996", "EventData.ProcessCreateTime": "2025-01-31 09:51:44.344904+00:00", "EventData.ProcessStartKey": "43065671436738608", "EventData.ProcessSignatureLevel": "8", "EventData.ProcessSectionSignatureLevel": "8", "EventData.ProcessProtection": "0", "EventData.TargetThreadId": "4708", "EventData.TargetThreadCreateTime": "2025-01-31 09:51:44.344906+00:00", "EventData.RequiredSignatureLevel": "8", "EventData.SignatureLevel": "0", "EventData.ImageNameLength": "60", "EventData.ImageName": "\\Program Files\\Common Files\\Crypto Pro\\AppCompat\\cpcrypt.dll"}
{"EventID": "12", "Channel": "Microsoft-Windows-Security-Mitigations/KernelMode", "Provider_Name": "Microsoft-Windows-Security-Mitigations", "Computer": "DESKTOP-OFJ6N53", "TimeCreated": "2025-01-31 09:51:46.986561+00:00", "RecordID": "8203", "Level": "3", "UserID": "S-1-5-21-963789628-1060504924-4285088085-1001", "EventData.ProcessPathLength": "74", "EventData.ProcessPath": "\\Device\\HarddiskVolume3\\Program Files\\Google\\Chrome\\Application\\chrome.exe", "EventData.ProcessCommandLineLength": "512", "EventData.ProcessCommandLine": "\"C:\\Program Files\\Google\\Chrome\\Application\\chrome.exe\" --type=renderer --string-annotations=is-enterprise-managed=no --no-pre-read-main-dll --disable-gpu-compositing --video-capture-use-gpu-memory-buffer --lang=ru --device-scale-factor=1 --num-raster-threads=2 --enable-main-frame-before-activation --renderer-client-id=71 --time-ticks-at-unix-epoch=-1737720190136702 --launch-time-ticks=596913238546 --field-trial-handle=6580,i,18213207850159568895,9373080096641011137,262144 --variations-seed-version=20250124", "EventData.ProcessId": "9284", "EventData.ProcessCreateTime": "2025-01-31 09:51:46.951071+00:00", "EventData.ProcessStartKey": "43065671436738609", "EventData.ProcessSignatureLevel": "8", "EventData.ProcessSectionSignatureLevel": "8", "EventData.ProcessProtection": "0", "EventData.TargetThreadId": "3136", "EventData.TargetThreadCreateTime": "2025-01-31 09:51:46.951075+00:00", "EventData.RequiredSignatureLevel": "8", "EventData.SignatureLevel": "0", "EventData.ImageNameLength": "60", "EventData.ImageName": "\\Program Files\\Common Files\\Crypto Pro\\AppCompat\\cpcrypt.dll"}
{"EventID": "12", "Channel": "Microsoft-Windows-Security-Mitigations/KernelMode", "Provider_Name": "Microsoft-Windows-Security-Mitigations", "Computer": "DESKTOP-OFJ6N53", "TimeCreated": "2025-01-31 09:51:51.405123+00:00", "RecordID": "8204", "Level": "3", "UserID": "S-1-5-21-963789628-1060504924-4285088085-1001", "EventData.ProcessPathLength": "74", "EventData.ProcessPath": "\\Device\\HarddiskVolume3\\Program Files\\Google\\Chrome\\Application\\chrome.exe", "EventData.ProcessCommandLineLength": "512", "EventData.ProcessCommandLine": "\"C:\\Program Files\\Google\\Chrome\\Application\\chrome.exe\" --type=renderer --string-annotations=is-enterprise-managed=no --no-pre-read-main-dll --disable-gpu-compositing --video-capture-use-gpu-memory-buffer --lang=ru --device-scale-factor=1 --num-raster-threads=2 --enable-main-frame-before-activation --renderer-client-id=72 --time-ticks-at-unix-epoch=-1737720190136702 --launch-time-ticks=596917659467 --field-trial-handle=5368,i,18213207850159568895,9373080096641011137,262144 --variations-seed-version=20250124", "EventData.ProcessId": "4756", "EventData.ProcessCreateTime": "2025-01-31 09:51:51.371920+00:00", "EventData.ProcessStartKey": "43065671436738610", "EventData.ProcessSignatureLevel": "8", "EventData.ProcessSectionSignatureLevel": "8", "EventData.ProcessProtection": "0", "EventData.TargetThreadId": "4656", "EventData.TargetThreadCreateTime": "2025-01-31 09:51:51.371923+00:00", "EventData.RequiredSignatureLevel": "8", "EventData.SignatureLevel": "0", "EventData.ImageNameLength": "60", "EventData.ImageName": "\\Program Files\\Common Files\\Crypto Pro\\AppCompat\\cpcrypt.dll"}
{"EventID": "12", "Channel": "Microsoft-Windows-Security-Mitigations/KernelMode", "Provider_Name": "Microsoft-Windows-Security-Mitigations", "Computer": "DESKTOP-OFJ6N53", "TimeCreated": "2025-01-31 09:51:55.197630+00:00", "RecordID": "8205", "Level": "3", "UserID": "S-1-5-21-963789628-1060504924-4285088085-1001", "EventData.ProcessPathLength": "74", "EventData.ProcessPath": "\\Device\\HarddiskVolume3\\Program Files\\Google\\Chrome\\Application\\chrome.exe", "EventData.ProcessCommandLineLength": "512", "EventData.ProcessCommandLine": "\"C:\\Program Files\\Google\\Chrome\\Application\\chrome.exe\" --type=renderer --string-annotations=is-enterprise-managed=no --no-pre-read-main-dll --disable-gpu-compositing --video-capture-use-gpu-memory-buffer --lang=ru --device-scale-factor=1 --num-raster-threads=2 --enable-main-frame-before-activation --renderer-client-id=73 --time-ticks-at-unix-epoch=-1737720190136702 --launch-time-ticks=596921336925 --field-trial-handle=6888,i,18213207850159568895,9373080096641011137,262144 --variations-seed-version=20250124", "EventData.ProcessId": "7232", "EventData.ProcessCreateTime": "2025-01-31 09:51:55.049782+00:00", "EventData.ProcessStartKey": "43065671436738611", "EventData.ProcessSignatureLevel": "8", "EventData.ProcessSectionSignatureLevel": "8", "EventData.ProcessProtection": "0", "EventData.TargetThreadId": "9228", "EventData.TargetThreadCreateTime": "2025-01-31 09:51:55.049786+00:00", "EventData.RequiredSignatureLevel": "8", "EventData.SignatureLevel": "0", "EventData.ImageNameLength": "60", "EventData.ImageName": "\\Program Files\\Common Files\\Crypto Pro\\AppCompat\\cpcrypt.dll"}
{"EventID": "12", "Channel": "Microsoft-Windows-Security-Mitigations/KernelMode", "Provider_Name": "Microsoft-Windows-Security-Mitigations", "Computer": "DESKTOP-OFJ6N53", "TimeCreated": "2025-01-31 10:47:25.349609+00:00", "RecordID": "8206", "Level": "3", "UserID": "S-1-5-21-963789628-1060504924-4285088085-1001", "EventData.ProcessPathLength": "74", "EventData.ProcessPath": "\\Device\\HarddiskVolume3\\Program Files\\Google\\Chrome\\Application\\chrome.exe", "EventData.ProcessCommandLineLength": "512", "EventData.ProcessCommandLine": "\"C:\\Program Files\\Google\\Chrome\\Application\\chrome.exe\" --type=renderer --string-annotations=is-enterprise-managed=no --no-pre-read-main-dll --disable-gpu-compositing --video-capture-use-gpu-memory-buffer --lang=ru --device-scale-factor=1 --num-raster-threads=2 --enable-main-frame-before-activation --renderer-client-id=74 --time-ticks-at-unix-epoch=-1737720190136702 --launch-time-ticks=600250435497 --field-trial-handle=6232,i,18213207850159568895,9373080096641011137,262144 --variations-seed-version=20250124", "EventData.ProcessId": "2964", "EventData.ProcessCreateTime": "2025-01-31 10:47:25.287014+00:00", "EventData.ProcessStartKey": "43065671436738694", "EventData.ProcessSignatureLevel": "8", "EventData.ProcessSectionSignatureLevel": "8", "EventData.ProcessProtection": "0", "EventData.TargetThreadId": "6728", "EventData.TargetThreadCreateTime": "2025-01-31 10:47:25.287018+00:00", "EventData.RequiredSignatureLevel": "8", "EventData.SignatureLevel": "0", "EventData.ImageNameLength": "60", "EventData.ImageName": "\\Program Files\\Common Files\\Crypto Pro\\AppCompat\\cpcrypt.dll"}
{"EventID": "12", "Channel": "Microsoft-Windows-Security-Mitigations/KernelMode", "Provider_Name": "Microsoft-Windows-Security-Mitigations", "Computer": "DESKTOP-OFJ6N53", "TimeCreated": "2025-01-31 10:47:25.566885+00:00", "RecordID": "8207", "Level": "3", "UserID": "S-1-5-21-963789628-1060504924-4285088085-1001", "EventData.ProcessPathLength": "74", "EventData.ProcessPath": "\\Device\\HarddiskVolume3\\Program Files\\Google\\Chrome\\Application\\chrome.exe", "EventData.ProcessCommandLineLength": "512", "EventData.ProcessCommandLine": "\"C:\\Program Files\\Google\\Chrome\\Application\\chrome.exe\" --type=renderer --string-annotations=is-enterprise-managed=no --no-pre-read-main-dll --disable-gpu-compositing --video-capture-use-gpu-memory-buffer --lang=ru --device-scale-factor=1 --num-raster-threads=2 --enable-main-frame-before-activation --renderer-client-id=75 --time-ticks-at-unix-epoch=-1737720190136702 --launch-time-ticks=600250670601 --field-trial-handle=5892,i,18213207850159568895,9373080096641011137,262144 --variations-seed-version=20250124", "EventData.ProcessId": "6580", "EventData.ProcessCreateTime": "2025-01-31 10:47:25.521845+00:00", "EventData.ProcessStartKey": "43065671436738695", "EventData.ProcessSignatureLevel": "8", "EventData.ProcessSectionSignatureLevel": "8", "EventData.ProcessProtection": "0", "EventData.TargetThreadId": "12472", "EventData.TargetThreadCreateTime": "2025-01-31 10:47:25.521849+00:00", "EventData.RequiredSignatureLevel": "8", "EventData.SignatureLevel": "0", "EventData.ImageNameLength": "60", "EventData.ImageName": "\\Program Files\\Common Files\\Crypto Pro\\AppCompat\\cpcrypt.dll"}
{"EventID": "12", "Channel": "Microsoft-Windows-Security-Mitigations/KernelMode", "Provider_Name": "Microsoft-Windows-Security-Mitigations", "Computer": "DESKTOP-OFJ6N53", "TimeCreated": "2025-01-31 10:47:29.781397+00:00", "RecordID": "8208", "Level": "3", "UserID": "S-1-5-21-963789628-1060504924-4285088085-1001", "EventData.ProcessPathLength": "74", "EventData.ProcessPath": "\\Device\\HarddiskVolume3\\Program Files\\Google\\Chrome\\Application\\chrome.exe", "EventData.ProcessCommandLineLength": "512", "EventData.ProcessCommandLine": "\"C:\\Program Files\\Google\\Chrome\\Application\\chrome.exe\" --type=renderer --string-annotations=is-enterprise-managed=no --no-pre-read-main-dll --disable-gpu-compositing --video-capture-use-gpu-memory-buffer --lang=ru --device-scale-factor=1 --num-raster-threads=2 --enable-main-frame-before-activation --renderer-client-id=76 --time-ticks-at-unix-epoch=-1737720190136702 --launch-time-ticks=600254901444 --field-trial-handle=6684,i,18213207850159568895,9373080096641011137,262144 --variations-seed-version=20250124", "EventData.ProcessId": "11228", "EventData.ProcessCreateTime": "2025-01-31 10:47:29.752527+00:00", "EventData.ProcessStartKey": "43065671436738696", "EventData.ProcessSignatureLevel": "8", "EventData.ProcessSectionSignatureLevel": "8", "EventData.ProcessProtection": "0", "EventData.TargetThreadId": "5340", "EventData.TargetThreadCreateTime": "2025-01-31 10:47:29.752531+00:00", "EventData.RequiredSignatureLevel": "8", "EventData.SignatureLevel": "0", "EventData.ImageNameLength": "60", "EventData.ImageName": "\\Program Files\\Common Files\\Crypto Pro\\AppCompat\\cpcrypt.dll"}
{"EventID": "12", "Channel": "Microsoft-Windows-Security-Mitigations/KernelMode", "Provider_Name": "Microsoft-Windows-Security-Mitigations", "Computer": "DESKTOP-OFJ6N53", "TimeCreated": "2025-01-31 10:47:54.190859+00:00", "RecordID": "8209", "Level": "3", "UserID": "S-1-5-21-963789628-1060504924-4285088085-1001", "EventData.ProcessPathLength": "74", "EventData.ProcessPath": "\\Device\\HarddiskVolume3\\Program Files\\Google\\Chrome\\Application\\chrome.exe", "EventData.ProcessCommandLineLength": "512", "EventData.ProcessCommandLine": "\"C:\\Program Files\\Google\\Chrome\\Application\\chrome.exe\" --type=renderer --string-annotations=is-enterprise-managed=no --no-pre-read-main-dll --disable-gpu-compositing --video-capture-use-gpu-memory-buffer --lang=ru --device-scale-factor=1 --num-raster-threads=2 --enable-main-frame-before-activation --renderer-client-id=77 --time-ticks-at-unix-epoch=-1737720190136702 --launch-time-ticks=600279001021 --field-trial-handle=6616,i,18213207850159568895,9373080096641011137,262144 --variations-seed-version=20250124", "EventData.ProcessId": "8352", "EventData.ProcessCreateTime": "2025-01-31 10:47:53.852205+00:00", "EventData.ProcessStartKey": "43065671436738697", "EventData.ProcessSignatureLevel": "8", "EventData.ProcessSectionSignatureLevel": "8", "EventData.ProcessProtection": "0", "EventData.TargetThreadId": "5652", "EventData.TargetThreadCreateTime": "2025-01-31 10:47:53.852209+00:00", "EventData.RequiredSignatureLevel": "8", "EventData.SignatureLevel": "0", "EventData.ImageNameLength": "60", "EventData.ImageName": "\\Program Files\\Common Files\\Crypto Pro\\AppCompat\\cpcrypt.dll"}
{"EventID": "12", "Channel": "Microsoft-Windows-Security-Mitigations/KernelMode", "Provider_Name": "Microsoft-Windows-Security-Mitigations", "Computer": "DESKTOP-OFJ6N53", "TimeCreated": "2025-01-31 10:49:23.712542+00:00", "RecordID": "8210", "Level": "3", "UserID": "S-1-5-21-963789628-1060504924-4285088085-1001", "EventData.ProcessPathLength": "74", "EventData.ProcessPath": "\\Device\\HarddiskVolume3\\Program Files\\Google\\Chrome\\Application\\chrome.exe", "EventData.ProcessCommandLineLength": "512", "EventData.ProcessCommandLine": "\"C:\\Program Files\\Google\\Chrome\\Application\\chrome.exe\" --type=renderer --string-annotations=is-enterprise-managed=no --no-pre-read-main-dll --disable-gpu-compositing --video-capture-use-gpu-memory-buffer --lang=ru --device-scale-factor=1 --num-raster-threads=2 --enable-main-frame-before-activation --renderer-client-id=79 --time-ticks-at-unix-epoch=-1737720190136702 --launch-time-ticks=600368811702 --field-trial-handle=6808,i,18213207850159568895,9373080096641011137,262144 --variations-seed-version=20250124", "EventData.ProcessId": "13188", "EventData.ProcessCreateTime": "2025-01-31 10:49:23.662743+00:00", "EventData.ProcessStartKey": "43065671436738703", "EventData.ProcessSignatureLevel": "8", "EventData.ProcessSectionSignatureLevel": "8", "EventData.ProcessProtection": "0", "EventData.TargetThreadId": "12952", "EventData.TargetThreadCreateTime": "2025-01-31 10:49:23.662746+00:00", "EventData.RequiredSignatureLevel": "8", "EventData.SignatureLevel": "0", "EventData.ImageNameLength": "60", "EventData.ImageName": "\\Program Files\\Common Files\\Crypto Pro\\AppCompat\\cpcrypt.dll"}
{"EventID": "12", "Channel": "Microsoft-Windows-Security-Mitigations/KernelMode", "Provider_Name": "Microsoft-Windows-Security-Mitigations", "Computer": "DESKTOP-OFJ6N53", "TimeCreated": "2025-01-31 12:14:10.072424+00:00", "RecordID": "8211", "Level": "3", "UserID": "S-1-5-18", "EventData.ProcessPathLength": "100", "EventData.ProcessPath": "\\Device\\HarddiskVolume3\\ProgramData\\Microsoft\\Windows Defender\\Platform\\4.18.24090.11-0\\MpCmdRun.exe", "EventData.ProcessCommandLineLength": "135", "EventData.ProcessCommandLine": "\"C:\\ProgramData\\Microsoft\\Windows Defender\\Platform\\4.18.24090.11-0\\MpCmdRun.exe\" SignaturesUpdateService -ScheduleJob -UnmanagedUpdate", "EventData.ProcessId": "1056", "EventData.ProcessCreateTime": "2025-01-31 12:14:02.572683+00:00", "EventData.ProcessStartKey": "43065671436738837", "EventData.ProcessSignatureLevel": "8", "EventData.ProcessSectionSignatureLevel": "8", "EventData.ProcessProtection": "0", "EventData.TargetThreadId": "4040", "EventData.TargetThreadCreateTime": "2025-01-31 12:14:02.902407+00:00", "EventData.RequiredSignatureLevel": "8", "EventData.SignatureLevel": "0", "EventData.ImageNameLength": "60", "EventData.ImageName": "\\Program Files\\Common Files\\Crypto Pro\\AppCompat\\cpadvai.dll"}
{"EventID": "12", "Channel": "Microsoft-Windows-Security-Mitigations/KernelMode", "Provider_Name": "Microsoft-Windows-Security-Mitigations", "Computer": "DESKTOP-OFJ6N53", "TimeCreated": "2025-01-31 12:43:46.246698+00:00", "RecordID": "8212", "Level": "3", "UserID": "S-1-5-21-963789628-1060504924-4285088085-1001", "EventData.ProcessPathLength": "74", "EventData.ProcessPath": "\\Device\\HarddiskVolume3\\Program Files\\Google\\Chrome\\Application\\chrome.exe", "EventData.ProcessCommandLineLength": "512", "EventData.ProcessCommandLine": "\"C:\\Program Files\\Google\\Chrome\\Application\\chrome.exe\" --type=renderer --string-annotations=is-enterprise-managed=no --no-pre-read-main-dll --disable-gpu-compositing --video-capture-use-gpu-memory-buffer --lang=ru --device-scale-factor=1 --num-raster-threads=2 --enable-main-frame-before-activation --renderer-client-id=82 --time-ticks-at-unix-epoch=-1737720190136702 --launch-time-ticks=607231352005 --field-trial-handle=7868,i,18213207850159568895,9373080096641011137,262144 --variations-seed-version=20250124", "EventData.ProcessId": "10600", "EventData.ProcessCreateTime": "2025-01-31 12:43:46.203398+00:00", "EventData.ProcessStartKey": "43065671436738875", "EventData.ProcessSignatureLevel": "8", "EventData.ProcessSectionSignatureLevel": "8", "EventData.ProcessProtection": "0", "EventData.TargetThreadId": "3556", "EventData.TargetThreadCreateTime": "2025-01-31 12:43:46.203402+00:00", "EventData.RequiredSignatureLevel": "8", "EventData.SignatureLevel": "0", "EventData.ImageNameLength": "60", "EventData.ImageName": "\\Program Files\\Common Files\\Crypto Pro\\AppCompat\\cpcrypt.dll"}
{"EventID": "12", "Channel": "Microsoft-Windows-Security-Mitigations/KernelMode", "Provider_Name": "Microsoft-Windows-Security-Mitigations", "Computer": "DESKTOP-OFJ6N53", "TimeCreated": "2025-01-31 12:47:06.221041+00:00", "RecordID": "8213", "Level": "3", "UserID": "S-1-5-21-963789628-1060504924-4285088085-1001", "EventData.ProcessPathLength": "74", "EventData.ProcessPath": "\\Device\\HarddiskVolume3\\Program Files\\Google\\Chrome\\Application\\chrome.exe", "EventData.ProcessCommandLineLength": "512", "EventData.ProcessCommandLine": "\"C:\\Program Files\\Google\\Chrome\\Application\\chrome.exe\" --type=renderer --string-annotations=is-enterprise-managed=no --no-pre-read-main-dll --disable-gpu-compositing --video-capture-use-gpu-memory-buffer --lang=ru --device-scale-factor=1 --num-raster-threads=2 --enable-main-frame-before-activation --renderer-client-id=84 --time-ticks-at-unix-epoch=-1737720190136702 --launch-time-ticks=607431328126 --field-trial-handle=7444,i,18213207850159568895,9373080096641011137,262144 --variations-seed-version=20250124", "EventData.ProcessId": "8168", "EventData.ProcessCreateTime": "2025-01-31 12:47:06.179274+00:00", "EventData.ProcessStartKey": "43065671436738883", "EventData.ProcessSignatureLevel": "8", "EventData.ProcessSectionSignatureLevel": "8", "EventData.ProcessProtection": "0", "EventData.TargetThreadId": "6512", "EventData.TargetThreadCreateTime": "2025-01-31 12:47:06.179276+00:00", "EventData.RequiredSignatureLevel": "8", "EventData.SignatureLevel": "0", "EventData.ImageNameLength": "60", "EventData.ImageName": "\\Program Files\\Common Files\\Crypto Pro\\AppCompat\\cpcrypt.dll"}
{"EventID": "12", "Channel": "Microsoft-Windows-Security-Mitigations/KernelMode", "Provider_Name": "Microsoft-Windows-Security-Mitigations", "Computer": "DESKTOP-OFJ6N53", "TimeCreated": "2025-01-31 12:50:55.181887+00:00", "RecordID": "8214", "Level": "3", "UserID": "S-1-5-21-963789628-1060504924-4285088085-1001", "EventData.ProcessPathLength": "74", "EventData.ProcessPath": "\\Device\\HarddiskVolume3\\Program Files\\Google\\Chrome\\Application\\chrome.exe", "EventData.ProcessCommandLineLength": "512", "EventData.ProcessCommandLine": "\"C:\\Program Files\\Google\\Chrome\\Application\\chrome.exe\" --type=renderer --string-annotations=is-enterprise-managed=no --no-pre-read-main-dll --disable-gpu-compositing --video-capture-use-gpu-memory-buffer --lang=ru --device-scale-factor=1 --num-raster-threads=2 --enable-main-frame-before-activation --renderer-client-id=86 --time-ticks-at-unix-epoch=-1737720190136702 --launch-time-ticks=607660283469 --field-trial-handle=7596,i,18213207850159568895,9373080096641011137,262144 --variations-seed-version=20250124", "EventData.ProcessId": "3900", "EventData.ProcessCreateTime": "2025-01-31 12:50:55.134930+00:00", "EventData.ProcessStartKey": "43065671436738887", "EventData.ProcessSignatureLevel": "8", "EventData.ProcessSectionSignatureLevel": "8", "EventData.ProcessProtection": "0", "EventData.TargetThreadId": "9624", "EventData.TargetThreadCreateTime": "2025-01-31 12:50:55.134932+00:00", "EventData.RequiredSignatureLevel": "8", "EventData.SignatureLevel": "0", "EventData.ImageNameLength": "60", "EventData.ImageName": "\\Program Files\\Common Files\\Crypto Pro\\AppCompat\\cpcrypt.dll"}
{"EventID": "12", "Channel": "Microsoft-Windows-Security-Mitigations/KernelMode", "Provider_Name": "Microsoft-Windows-Security-Mitigations", "Computer": "DESKTOP-OFJ6N53", "TimeCreated": "2025-01-31 15:12:20.829727+00:00", "RecordID": "8215", "Level": "3", "UserID": "S-1-5-21-963789628-1060504924-4285088085-1001", "EventData.ProcessPathLength": "74", "EventData.ProcessPath": "\\Device\\HarddiskVolume3\\Program Files\\Google\\Chrome\\Application\\chrome.exe", "EventData.ProcessCommandLineLength": "512", "EventData.ProcessCommandLine": "\"C:\\Program Files\\Google\\Chrome\\Application\\chrome.exe\" --type=renderer --string-annotations=is-enterprise-managed=no --no-pre-read-main-dll --disable-gpu-compositing --video-capture-use-gpu-memory-buffer --lang=ru --device-scale-factor=1 --num-raster-threads=2 --enable-main-frame-before-activation --renderer-client-id=88 --time-ticks-at-unix-epoch=-1737720190136702 --launch-time-ticks=616145700150 --field-trial-handle=5332,i,18213207850159568895,9373080096641011137,262144 --variations-seed-version=20250124", "EventData.ProcessId": "5768", "EventData.ProcessCreateTime": "2025-01-31 15:12:20.551371+00:00", "EventData.ProcessStartKey": "43065671436739026", "EventData.ProcessSignatureLevel": "8", "EventData.ProcessSectionSignatureLevel": "8", "EventData.ProcessProtection": "0", "EventData.TargetThreadId": "2304", "EventData.TargetThreadCreateTime": "2025-01-31 15:12:20.551376+00:00", "EventData.RequiredSignatureLevel": "8", "EventData.SignatureLevel": "0", "EventData.ImageNameLength": "60", "EventData.ImageName": "\\Program Files\\Common Files\\Crypto Pro\\AppCompat\\cpcrypt.dll"}
