{"EventID": "31", "Channel": "Microsoft-Windows-RemoteAssistance/Operational", "Provider_Name": "Microsoft-Windows-RemoteAssistance", "Computer": "DESKTOP-OFJ6N53", "TimeCreated": "2022-05-26 09:27:13.921019+00:00", "RecordID": "1", "Level": "5", "UserID": "S-1-5-18"}
{"EventID": "32", "Channel": "Microsoft-Windows-RemoteAssistance/Operational", "Provider_Name": "Microsoft-Windows-RemoteAssistance", "Computer": "DESKTOP-OFJ6N53", "TimeCreated": "2022-05-26 09:27:14.030607+00:00", "RecordID": "2", "Level": "5", "UserID": "S-1-5-18"}
{"EventID": "31", "Channel": "Microsoft-Windows-RemoteAssistance/Operational", "Provider_Name": "Microsoft-Windows-RemoteAssistance", "Computer": "DESKTOP-OFJ6N53", "TimeCreated": "2022-05-26 09:32:21.282825+00:00", "RecordID": "3", "Level": "5", "UserID": "S-1-5-18"}
{"EventID": "32", "Channel": "Microsoft-Windows-RemoteAssistance/Operational", "Provider_Name": "Microsoft-Windows-RemoteAssistance", "Computer": "DESKTOP-OFJ6N53", "TimeCreated": "2022-05-26 09:32:21.286551+00:00", "RecordID": "4", "Level": "5", "UserID": "S-1-5-18"}
{"EventID": "31", "Channel": "Microsoft-Windows-RemoteAssistance/Operational", "Provider_Name": "Microsoft-Windows-RemoteAssistance", "Computer": "DESKTOP-OFJ6N53", "TimeCreated": "2022-05-31 12:34:40.461586+00:00", "RecordID": "5", "Level": "5", "UserID": "S-1-5-18"}
{"EventID": "32", "Channel": "Microsoft-Windows-RemoteAssistance/Operational", "Provider_Name": "Microsoft-Windows-RemoteAssistance", "Computer": "DESKTOP-OFJ6N53", "TimeCreated": "2022-05-31 12:34:40.474037+00:00", "RecordID": "6", "Level": "5", "UserID": "S-1-5-18"}
{"EventID": "31", "Channel": "Microsoft-Windows-RemoteAssistance/Operational", "Provider_Name": "Microsoft-Windows-RemoteAssistance", "Computer": "DESKTOP-OFJ6N53", "TimeCreated": "2022-05-31 13:49:25.091007+00:00", "RecordID": "7", "Level": "5", "UserID": "S-1-5-18"}
{"EventID": "32", "Channel": "Microsoft-Windows-RemoteAssistance/Operational", "Provider_Name": "Microsoft-Windows-RemoteAssistance", "Computer": "DESKTOP-OFJ6N53", "TimeCreated": "2022-05-31 13:49:25.096466+00:00", "RecordID": "8", "Level": "5", "UserID": "S-1-5-18"}
{"EventID": "31", "Channel": "Microsoft-Windows-RemoteAssistance/Operational", "Provider_Name": "Microsoft-Windows-RemoteAssistance", "Computer": "DESKTOP-OFJ6N53", "TimeCreated": "2022-06-01 08:22:03.263098+00:00", "RecordID": "9", "Level": "5", "UserID": "S-1-5-18"}
{"EventID": "32", "Channel": "Microsoft-Windows-RemoteAssistance/Operational", "Provider_Name": "Microsoft-Windows-RemoteAssistance", "Computer": "DESKTOP-OFJ6N53", "TimeCreated": "2022-06-01 08:22:03.279909+00:00", "RecordID": "10", "Level": "5", "UserID": "S-1-5-18"}
{"EventID": "31", "Channel": "Microsoft-Windows-RemoteAssistance/Operational", "Provider_Name": "Microsoft-Windows-RemoteAssistance", "Computer": "DESKTOP-OFJ6N53", "TimeCreated": "2022-06-01 22:32:48.504549+00:00", "RecordID": "11", "Level": "5", "UserID": "S-1-5-18"}
{"EventID": "32", "Channel": "Microsoft-Windows-RemoteAssistance/Operational", "Provider_Name": "Microsoft-Windows-RemoteAssistance", "Computer": "DESKTOP-OFJ6N53", "TimeCreated": "2022-06-01 22:32:48.527124+00:00", "RecordID": "12", "Level": "5", "UserID": "S-1-5-18"}
{"EventID": "31", "Channel": "Microsoft-Windows-RemoteAssistance/Operational", "Provider_Name": "Microsoft-Windows-RemoteAssistance", "Computer": "DESKTOP-OFJ6N53", "TimeCreated": "2022-06-02 08:12:34.508005+00:00", "RecordID": "13", "Level": "5", "UserID": "S-1-5-18"}
{"EventID": "32", "Channel": "Microsoft-Windows-RemoteAssistance/Operational", "Provider_Name": "Microsoft-Windows-RemoteAssistance", "Computer": "DESKTOP-OFJ6N53", "TimeCreated": "2022-06-02 08:12:34.563534+00:00", "RecordID": "14", "Level": "5", "UserID": "S-1-5-18"}
{"EventID": "31", "Channel": "Microsoft-Windows-RemoteAssistance/Operational", "Provider_Name": "Microsoft-Windows-RemoteAssistance", "Computer": "DESKTOP-OFJ6N53", "TimeCreated": "2022-06-02 11:29:27.068460+00:00", "RecordID": "15", "Level": "5", "UserID": "S-1-5-18"}
{"EventID": "32", "Channel": "Microsoft-Windows-RemoteAssistance/Operational", "Provider_Name": "Microsoft-Windows-RemoteAssistance", "Computer": "DESKTOP-OFJ6N53", "TimeCreated": "2022-06-02 11:29:27.084585+00:00", "RecordID": "16", "Level": "5", "UserID": "S-1-5-18"}
{"EventID": "31", "Channel": "Microsoft-Windows-RemoteAssistance/Operational", "Provider_Name": "Microsoft-Windows-RemoteAssistance", "Computer": "DESKTOP-OFJ6N53", "TimeCreated": "2022-06-02 12:31:06.335304+00:00", "RecordID": "17", "Level": "5", "UserID": "S-1-5-18"}
{"EventID": "32", "Channel": "Microsoft-Windows-RemoteAssistance/Operational", "Provider_Name": "Microsoft-Windows-RemoteAssistance", "Computer": "DESKTOP-OFJ6N53", "TimeCreated": "2022-06-02 12:31:06.346870+00:00", "RecordID": "18", "Level": "5", "UserID": "S-1-5-18"}
{"EventID": "31", "Channel": "Microsoft-Windows-RemoteAssistance/Operational", "Provider_Name": "Microsoft-Windows-RemoteAssistance", "Computer": "DESKTOP-OFJ6N53", "TimeCreated": "2022-06-02 14:55:02.875917+00:00", "RecordID": "19", "Level": "5", "UserID": "S-1-5-18"}
{"EventID": "32", "Channel": "Microsoft-Windows-RemoteAssistance/Operational", "Provider_Name": "Microsoft-Windows-RemoteAssistance", "Computer": "DESKTOP-OFJ6N53", "TimeCreated": "2022-06-02 14:55:02.895544+00:00", "RecordID": "20", "Level": "5", "UserID": "S-1-5-18"}
{"EventID": "31", "Channel": "Microsoft-Windows-RemoteAssistance/Operational", "Provider_Name": "Microsoft-Windows-RemoteAssistance", "Computer": "DESKTOP-OFJ6N53", "TimeCreated": "2022-06-02 15:49:54.212278+00:00", "RecordID": "21", "Level": "5", "UserID": "S-1-5-18"}
{"EventID": "32", "Channel": "Microsoft-Windows-RemoteAssistance/Operational", "Provider_Name": "Microsoft-Windows-RemoteAssistance", "Computer": "DESKTOP-OFJ6N53", "TimeCreated": "2022-06-02 15:49:54.214733+00:00", "RecordID": "22", "Level": "5", "UserID": "S-1-5-18"}
{"EventID": "31", "Channel": "Microsoft-Windows-RemoteAssistance/Operational", "Provider_Name": "Microsoft-Windows-RemoteAssistance", "Computer": "DESKTOP-OFJ6N53", "TimeCreated": "2022-06-02 16:07:26.997948+00:00", "RecordID": "23", "Level": "5", "UserID": "S-1-5-18"}
{"EventID": "32", "Channel": "Microsoft-Windows-RemoteAssistance/Operational", "Provider_Name": "Microsoft-Windows-RemoteAssistance", "Computer": "DESKTOP-OFJ6N53", "TimeCreated": "2022-06-02 16:07:27.000387+00:00", "RecordID": "24", "Level": "5", "UserID": "S-1-5-18"}
{"EventID": "31", "Channel": "Microsoft-Windows-RemoteAssistance/Operational", "Provider_Name": "Microsoft-Windows-RemoteAssistance", "Computer": "DESKTOP-OFJ6N53", "TimeCreated": "2022-06-03 07:13:07.861036+00:00", "RecordID": "25", "Level": "5", "UserID": "S-1-5-18"}
{"EventID": "32", "Channel": "Microsoft-Windows-RemoteAssistance/Operational", "Provider_Name": "Microsoft-Windows-RemoteAssistance", "Computer": "DESKTOP-OFJ6N53", "TimeCreated": "2022-06-03 07:13:07.880760+00:00", "RecordID": "26", "Level": "5", "UserID": "S-1-5-18"}
{"EventID": "31", "Channel": "Microsoft-Windows-RemoteAssistance/Operational", "Provider_Name": "Microsoft-Windows-RemoteAssistance", "Computer": "DESKTOP-OFJ6N53", "TimeCreated": "2022-06-03 10:24:07.239643+00:00", "RecordID": "27", "Level": "5", "UserID": "S-1-5-18"}
{"EventID": "32", "Channel": "Microsoft-Windows-RemoteAssistance/Operational", "Provider_Name": "Microsoft-Windows-RemoteAssistance", "Computer": "DESKTOP-OFJ6N53", "TimeCreated": "2022-06-03 10:24:07.259169+00:00", "RecordID": "28", "Level": "5", "UserID": "S-1-5-18"}
{"EventID": "31", "Channel": "Microsoft-Windows-RemoteAssistance/Operational", "Provider_Name": "Microsoft-Windows-RemoteAssistance", "Computer": "DESKTOP-OFJ6N53", "TimeCreated": "2022-06-03 15:10:01.519674+00:00", "RecordID": "29", "Level": "5", "UserID": "S-1-5-18"}
{"EventID": "32", "Channel": "Microsoft-Windows-RemoteAssistance/Operational", "Provider_Name": "Microsoft-Windows-RemoteAssistance", "Computer": "DESKTOP-OFJ6N53", "TimeCreated": "2022-06-03 15:10:01.539898+00:00", "RecordID": "30", "Level": "5", "UserID": "S-1-5-18"}
{"EventID": "31", "Channel": "Microsoft-Windows-RemoteAssistance/Operational", "Provider_Name": "Microsoft-Windows-RemoteAssistance", "Computer": "DESKTOP-OFJ6N53", "TimeCreated": "2022-06-04 07:10:06.681627+00:00", "RecordID": "31", "Level": "5", "UserID": "S-1-5-18"}
{"EventID": "32", "Channel": "Microsoft-Windows-RemoteAssistance/Operational", "Provider_Name": "Microsoft-Windows-RemoteAssistance", "Computer": "DESKTOP-OFJ6N53", "TimeCreated": "2022-06-04 07:10:06.711815+00:00", "RecordID": "32", "Level": "5", "UserID": "S-1-5-18"}
{"EventID": "31", "Channel": "Microsoft-Windows-RemoteAssistance/Operational", "Provider_Name": "Microsoft-Windows-RemoteAssistance", "Computer": "DESKTOP-OFJ6N53", "TimeCreated": "2022-06-06 07:59:32.059206+00:00", "RecordID": "33", "Level": "5", "UserID": "S-1-5-18"}
{"EventID": "32", "Channel": "Microsoft-Windows-RemoteAssistance/Operational", "Provider_Name": "Microsoft-Windows-RemoteAssistance", "Computer": "DESKTOP-OFJ6N53", "TimeCreated": "2022-06-06 07:59:32.064661+00:00", "RecordID": "34", "Level": "5", "UserID": "S-1-5-18"}
{"EventID": "31", "Channel": "Microsoft-Windows-RemoteAssistance/Operational", "Provider_Name": "Microsoft-Windows-RemoteAssistance", "Computer": "DESKTOP-OFJ6N53", "TimeCreated": "2022-06-06 09:32:15.279863+00:00", "RecordID": "35", "Level": "5", "UserID": "S-1-5-18"}
{"EventID": "32", "Channel": "Microsoft-Windows-RemoteAssistance/Operational", "Provider_Name": "Microsoft-Windows-RemoteAssistance", "Computer": "DESKTOP-OFJ6N53", "TimeCreated": "2022-06-06 09:32:15.293167+00:00", "RecordID": "36", "Level": "5", "UserID": "S-1-5-18"}
{"EventID": "31", "Channel": "Microsoft-Windows-RemoteAssistance/Operational", "Provider_Name": "Microsoft-Windows-RemoteAssistance", "Computer": "DESKTOP-OFJ6N53", "TimeCreated": "2022-06-06 10:58:17.416473+00:00", "RecordID": "37", "Level": "5", "UserID": "S-1-5-18"}
{"EventID": "32", "Channel": "Microsoft-Windows-RemoteAssistance/Operational", "Provider_Name": "Microsoft-Windows-RemoteAssistance", "Computer": "DESKTOP-OFJ6N53", "TimeCreated": "2022-06-06 10:58:17.428907+00:00", "RecordID": "38", "Level": "5", "UserID": "S-1-5-18"}
{"EventID": "31", "Channel": "Microsoft-Windows-RemoteAssistance/Operational", "Provider_Name": "Microsoft-Windows-RemoteAssistance", "Computer": "DESKTOP-OFJ6N53", "TimeCreated": "2022-06-06 14:14:31.560894+00:00", "RecordID": "39", "Level": "5", "UserID": "S-1-5-18"}
{"EventID": "32", "Channel": "Microsoft-Windows-RemoteAssistance/Operational", "Provider_Name": "Microsoft-Windows-RemoteAssistance", "Computer": "DESKTOP-OFJ6N53", "TimeCreated": "2022-06-06 14:14:31.569492+00:00", "RecordID": "40", "Level": "5", "UserID": "S-1-5-18"}
{"EventID": "31", "Channel": "Microsoft-Windows-RemoteAssistance/Operational", "Provider_Name": "Microsoft-Windows-RemoteAssistance", "Computer": "DESKTOP-OFJ6N53", "TimeCreated": "2022-06-14 08:05:16.425100+00:00", "RecordID": "41", "Level": "5", "UserID": "S-1-5-18"}
{"EventID": "32", "Channel": "Microsoft-Windows-RemoteAssistance/Operational", "Provider_Name": "Microsoft-Windows-RemoteAssistance", "Computer": "DESKTOP-OFJ6N53", "TimeCreated": "2022-06-14 08:05:16.436440+00:00", "RecordID": "42", "Level": "5", "UserID": "S-1-5-18"}
{"EventID": "31", "Channel": "Microsoft-Windows-RemoteAssistance/Operational", "Provider_Name": "Microsoft-Windows-RemoteAssistance", "Computer": "DESKTOP-OFJ6N53", "TimeCreated": "2022-06-14 13:24:45.986628+00:00", "RecordID": "43", "Level": "5", "UserID": "S-1-5-18"}
{"EventID": "32", "Channel": "Microsoft-Windows-RemoteAssistance/Operational", "Provider_Name": "Microsoft-Windows-RemoteAssistance", "Computer": "DESKTOP-OFJ6N53", "TimeCreated": "2022-06-14 13:24:45.994749+00:00", "RecordID": "44", "Level": "5", "UserID": "S-1-5-18"}
{"EventID": "31", "Channel": "Microsoft-Windows-RemoteAssistance/Operational", "Provider_Name": "Microsoft-Windows-RemoteAssistance", "Computer": "DESKTOP-OFJ6N53", "TimeCreated": "2022-07-01 12:29:27.109070+00:00", "RecordID": "45", "Level": "5", "UserID": "S-1-5-18"}
{"EventID": "32", "Channel": "Microsoft-Windows-RemoteAssistance/Operational", "Provider_Name": "Microsoft-Windows-RemoteAssistance", "Computer": "DESKTOP-OFJ6N53", "TimeCreated": "2022-07-01 12:29:27.113590+00:00", "RecordID": "46", "Level": "5", "UserID": "S-1-5-18"}
{"EventID": "31", "Channel": "Microsoft-Windows-RemoteAssistance/Operational", "Provider_Name": "Microsoft-Windows-RemoteAssistance", "Computer": "DESKTOP-OFJ6N53", "TimeCreated": "2022-07-01 12:29:28.111023+00:00", "RecordID": "47", "Level": "5", "UserID": "S-1-5-18"}
{"EventID": "32", "Channel": "Microsoft-Windows-RemoteAssistance/Operational", "Provider_Name": "Microsoft-Windows-RemoteAssistance", "Computer": "DESKTOP-OFJ6N53", "TimeCreated": "2022-07-01 12:29:28.113424+00:00", "RecordID": "48", "Level": "5", "UserID": "S-1-5-18"}
{"EventID": "31", "Channel": "Microsoft-Windows-RemoteAssistance/Operational", "Provider_Name": "Microsoft-Windows-RemoteAssistance", "Computer": "DESKTOP-OFJ6N53", "TimeCreated": "2022-07-01 12:33:29.015543+00:00", "RecordID": "49", "Level": "5", "UserID": "S-1-5-18"}
{"EventID": "32", "Channel": "Microsoft-Windows-RemoteAssistance/Operational", "Provider_Name": "Microsoft-Windows-RemoteAssistance", "Computer": "DESKTOP-OFJ6N53", "TimeCreated": "2022-07-01 12:33:29.220301+00:00", "RecordID": "50", "Level": "5", "UserID": "S-1-5-18"}
{"EventID": "31", "Channel": "Microsoft-Windows-RemoteAssistance/Operational", "Provider_Name": "Microsoft-Windows-RemoteAssistance", "Computer": "DESKTOP-OFJ6N53", "TimeCreated": "2022-07-02 04:33:09.161053+00:00", "RecordID": "51", "Level": "5", "UserID": "S-1-5-18"}
{"EventID": "32", "Channel": "Microsoft-Windows-RemoteAssistance/Operational", "Provider_Name": "Microsoft-Windows-RemoteAssistance", "Computer": "DESKTOP-OFJ6N53", "TimeCreated": "2022-07-02 04:33:09.166975+00:00", "RecordID": "52", "Level": "5", "UserID": "S-1-5-18"}
{"EventID": "31", "Channel": "Microsoft-Windows-RemoteAssistance/Operational", "Provider_Name": "Microsoft-Windows-RemoteAssistance", "Computer": "DESKTOP-OFJ6N53", "TimeCreated": "2022-07-04 07:50:51.705723+00:00", "RecordID": "53", "Level": "5", "UserID": "S-1-5-18"}
{"EventID": "32", "Channel": "Microsoft-Windows-RemoteAssistance/Operational", "Provider_Name": "Microsoft-Windows-RemoteAssistance", "Computer": "DESKTOP-OFJ6N53", "TimeCreated": "2022-07-04 07:50:51.719603+00:00", "RecordID": "54", "Level": "5", "UserID": "S-1-5-18"}
{"EventID": "31", "Channel": "Microsoft-Windows-RemoteAssistance/Operational", "Provider_Name": "Microsoft-Windows-RemoteAssistance", "Computer": "DESKTOP-OFJ6N53", "TimeCreated": "2022-07-04 08:45:21.208284+00:00", "RecordID": "55", "Level": "5", "UserID": "S-1-5-18"}
{"EventID": "32", "Channel": "Microsoft-Windows-RemoteAssistance/Operational", "Provider_Name": "Microsoft-Windows-RemoteAssistance", "Computer": "DESKTOP-OFJ6N53", "TimeCreated": "2022-07-04 08:45:21.215466+00:00", "RecordID": "56", "Level": "5", "UserID": "S-1-5-18"}
{"EventID": "31", "Channel": "Microsoft-Windows-RemoteAssistance/Operational", "Provider_Name": "Microsoft-Windows-RemoteAssistance", "Computer": "DESKTOP-OFJ6N53", "TimeCreated": "2022-07-04 15:47:32.457127+00:00", "RecordID": "57", "Level": "5", "UserID": "S-1-5-18"}
{"EventID": "32", "Channel": "Microsoft-Windows-RemoteAssistance/Operational", "Provider_Name": "Microsoft-Windows-RemoteAssistance", "Computer": "DESKTOP-OFJ6N53", "TimeCreated": "2022-07-04 15:47:32.472084+00:00", "RecordID": "58", "Level": "5", "UserID": "S-1-5-18"}
{"EventID": "31", "Channel": "Microsoft-Windows-RemoteAssistance/Operational", "Provider_Name": "Microsoft-Windows-RemoteAssistance", "Computer": "DESKTOP-OFJ6N53", "TimeCreated": "2022-07-04 20:38:38.112772+00:00", "RecordID": "59", "Level": "5", "UserID": "S-1-5-18"}
{"EventID": "32", "Channel": "Microsoft-Windows-RemoteAssistance/Operational", "Provider_Name": "Microsoft-Windows-RemoteAssistance", "Computer": "DESKTOP-OFJ6N53", "TimeCreated": "2022-07-04 20:38:38.125509+00:00", "RecordID": "60", "Level": "5", "UserID": "S-1-5-18"}
