{"EventID": "102", "Channel": "Microsoft-Windows-Diagnosis-Scripted/Operational", "Provider_Name": "Microsoft-Windows-Diagnosis-Scripted", "Computer": "DESKTOP-OFJ6N53", "TimeCreated": "2022-10-16 08:43:38.024118+00:00", "RecordID": "134", "Level": "4", "UserID": "S-1-5-21-963789628-1060504924-4285088085-1001", "EventData.PackagePath": "C:\\Windows\\diagnostics\\scheduled\\Maintenance"}
{"EventID": "103", "Channel": "Microsoft-Windows-Diagnosis-Scripted/Operational", "Provider_Name": "Microsoft-Windows-Diagnosis-Scripted", "Computer": "DESKTOP-OFJ6N53", "TimeCreated": "2022-10-16 08:43:38.025686+00:00", "RecordID": "135", "Level": "4", "UserID": "S-1-5-21-963789628-1060504924-4285088085-1001", "EventData.PackageId": "MaintenanceDiagnostic"}
{"EventID": "104", "Channel": "Microsoft-Windows-Diagnosis-Scripted/Operational", "Provider_Name": "Microsoft-Windows-Diagnosis-Scripted", "Computer": "DESKTOP-OFJ6N53", "TimeCreated": "2022-10-16 08:43:48.695196+00:00", "RecordID": "136", "Level": "4", "UserID": "S-1-5-21-963789628-1060504924-4285088085-1001", "EventData.PackageId": "MaintenanceDiagnostic"}
{"EventID": "101", "Channel": "Microsoft-Windows-Diagnosis-Scripted/Operational", "Provider_Name": "Microsoft-Windows-Diagnosis-Scripted", "Computer": "DESKTOP-OFJ6N53", "TimeCreated": "2022-10-23 09:48:21.120663+00:00", "RecordID": "137", "Level": "4", "UserID": "S-1-5-21-963789628-1060504924-4285088085-1001", "EventData.PackagePath": "C:\\Windows\\diagnostics\\scheduled\\Maintenance"}
{"EventID": "102", "Channel": "Microsoft-Windows-Diagnosis-Scripted/Operational", "Provider_Name": "Microsoft-Windows-Diagnosis-Scripted", "Computer": "DESKTOP-OFJ6N53", "TimeCreated": "2022-10-23 09:48:21.567970+00:00", "RecordID": "138", "Level": "4", "UserID": "S-1-5-21-963789628-1060504924-4285088085-1001", "EventData.PackagePath": "C:\\Windows\\diagnostics\\scheduled\\Maintenance"}
{"EventID": "103", "Channel": "Microsoft-Windows-Diagnosis-Scripted/Operational", "Provider_Name": "Microsoft-Windows-Diagnosis-Scripted", "Computer": "DESKTOP-OFJ6N53", "TimeCreated": "2022-10-23 09:48:21.571030+00:00", "RecordID": "139", "Level": "4", "UserID": "S-1-5-21-963789628-1060504924-4285088085-1001", "EventData.PackageId": "MaintenanceDiagnostic"}
{"EventID": "104", "Channel": "Microsoft-Windows-Diagnosis-Scripted/Operational", "Provider_Name": "Microsoft-Windows-Diagnosis-Scripted", "Computer": "DESKTOP-OFJ6N53", "TimeCreated": "2022-10-23 09:48:31.335236+00:00", "RecordID": "140", "Level": "4", "UserID": "S-1-5-21-963789628-1060504924-4285088085-1001", "EventData.PackageId": "MaintenanceDiagnostic"}
{"EventID": "101", "Channel": "Microsoft-Windows-Diagnosis-Scripted/Operational", "Provider_Name": "Microsoft-Windows-Diagnosis-Scripted", "Computer": "DESKTOP-OFJ6N53", "TimeCreated": "2022-10-30 09:48:54.263128+00:00", "RecordID": "141", "Level": "4", "UserID": "S-1-5-21-963789628-1060504924-4285088085-1001", "EventData.PackagePath": "C:\\Windows\\diagnostics\\scheduled\\Maintenance"}
{"EventID": "102", "Channel": "Microsoft-Windows-Diagnosis-Scripted/Operational", "Provider_Name": "Microsoft-Windows-Diagnosis-Scripted", "Computer": "DESKTOP-OFJ6N53", "TimeCreated": "2022-10-30 09:48:55.527576+00:00", "RecordID": "142", "Level": "4", "UserID": "S-1-5-21-963789628-1060504924-4285088085-1001", "EventData.PackagePath": "C:\\Windows\\diagnostics\\scheduled\\Maintenance"}
{"EventID": "103", "Channel": "Microsoft-Windows-Diagnosis-Scripted/Operational", "Provider_Name": "Microsoft-Windows-Diagnosis-Scripted", "Computer": "DESKTOP-OFJ6N53", "TimeCreated": "2022-10-30 09:48:55.542166+00:00", "RecordID": "143", "Level": "4", "UserID": "S-1-5-21-963789628-1060504924-4285088085-1001", "EventData.PackageId": "MaintenanceDiagnostic"}
{"EventID": "104", "Channel": "Microsoft-Windows-Diagnosis-Scripted/Operational", "Provider_Name": "Microsoft-Windows-Diagnosis-Scripted", "Computer": "DESKTOP-OFJ6N53", "TimeCreated": "2022-10-30 09:49:09.981524+00:00", "RecordID": "144", "Level": "4", "UserID": "S-1-5-21-963789628-1060504924-4285088085-1001", "EventData.PackageId": "MaintenanceDiagnostic"}
{"EventID": "101", "Channel": "Microsoft-Windows-Diagnosis-Scripted/Operational", "Provider_Name": "Microsoft-Windows-Diagnosis-Scripted", "Computer": "DESKTOP-OFJ6N53", "TimeCreated": "2022-11-06 09:48:45.233910+00:00", "RecordID": "145", "Level": "4", "UserID": "S-1-5-21-963789628-1060504924-4285088085-1001", "EventData.PackagePath": "C:\\Windows\\diagnostics\\scheduled\\Maintenance"}
{"EventID": "102", "Channel": "Microsoft-Windows-Diagnosis-Scripted/Operational", "Provider_Name": "Microsoft-Windows-Diagnosis-Scripted", "Computer": "DESKTOP-OFJ6N53", "TimeCreated": "2022-11-06 09:48:53.214338+00:00", "RecordID": "146", "Level": "4", "UserID": "S-1-5-21-963789628-1060504924-4285088085-1001", "EventData.PackagePath": "C:\\Windows\\diagnostics\\scheduled\\Maintenance"}
{"EventID": "103", "Channel": "Microsoft-Windows-Diagnosis-Scripted/Operational", "Provider_Name": "Microsoft-Windows-Diagnosis-Scripted", "Computer": "DESKTOP-OFJ6N53", "TimeCreated": "2022-11-06 09:48:53.218060+00:00", "RecordID": "147", "Level": "4", "UserID": "S-1-5-21-963789628-1060504924-4285088085-1001", "EventData.PackageId": "MaintenanceDiagnostic"}
{"EventID": "104", "Channel": "Microsoft-Windows-Diagnosis-Scripted/Operational", "Provider_Name": "Microsoft-Windows-Diagnosis-Scripted", "Computer": "DESKTOP-OFJ6N53", "TimeCreated": "2022-11-06 09:50:18.356445+00:00", "RecordID": "148", "Level": "4", "UserID": "S-1-5-21-963789628-1060504924-4285088085-1001", "EventData.PackageId": "MaintenanceDiagnostic"}
{"EventID": "101", "Channel": "Microsoft-Windows-Diagnosis-Scripted/Operational", "Provider_Name": "Microsoft-Windows-Diagnosis-Scripted", "Computer": "DESKTOP-OFJ6N53", "TimeCreated": "2022-11-13 09:28:39.159119+00:00", "RecordID": "149", "Level": "4", "UserID": "S-1-5-21-963789628-1060504924-4285088085-1001", "EventData.PackagePath": "C:\\Windows\\diagnostics\\scheduled\\Maintenance"}
{"EventID": "102", "Channel": "Microsoft-Windows-Diagnosis-Scripted/Operational", "Provider_Name": "Microsoft-Windows-Diagnosis-Scripted", "Computer": "DESKTOP-OFJ6N53", "TimeCreated": "2022-11-13 09:28:41.369028+00:00", "RecordID": "150", "Level": "4", "UserID": "S-1-5-21-963789628-1060504924-4285088085-1001", "EventData.PackagePath": "C:\\Windows\\diagnostics\\scheduled\\Maintenance"}
{"EventID": "103", "Channel": "Microsoft-Windows-Diagnosis-Scripted/Operational", "Provider_Name": "Microsoft-Windows-Diagnosis-Scripted", "Computer": "DESKTOP-OFJ6N53", "TimeCreated": "2022-11-13 09:28:41.371746+00:00", "RecordID": "151", "Level": "4", "UserID": "S-1-5-21-963789628-1060504924-4285088085-1001", "EventData.PackageId": "MaintenanceDiagnostic"}
{"EventID": "104", "Channel": "Microsoft-Windows-Diagnosis-Scripted/Operational", "Provider_Name": "Microsoft-Windows-Diagnosis-Scripted", "Computer": "DESKTOP-OFJ6N53", "TimeCreated": "2022-11-13 09:29:46.759298+00:00", "RecordID": "152", "Level": "4", "UserID": "S-1-5-21-963789628-1060504924-4285088085-1001", "EventData.PackageId": "MaintenanceDiagnostic"}
{"EventID": "101", "Channel": "Microsoft-Windows-Diagnosis-Scripted/Operational", "Provider_Name": "Microsoft-Windows-Diagnosis-Scripted", "Computer": "DESKTOP-OFJ6N53", "TimeCreated": "2022-11-20 08:56:46.520170+00:00", "RecordID": "153", "Level": "4", "UserID": "S-1-5-21-963789628-1060504924-4285088085-1001", "EventData.PackagePath": "C:\\Windows\\diagnostics\\scheduled\\Maintenance"}
{"EventID": "102", "Channel": "Microsoft-Windows-Diagnosis-Scripted/Operational", "Provider_Name": "Microsoft-Windows-Diagnosis-Scripted", "Computer": "DESKTOP-OFJ6N53", "TimeCreated": "2022-11-20 08:56:47.701408+00:00", "RecordID": "154", "Level": "4", "UserID": "S-1-5-21-963789628-1060504924-4285088085-1001", "EventData.PackagePath": "C:\\Windows\\diagnostics\\scheduled\\Maintenance"}
{"EventID": "103", "Channel": "Microsoft-Windows-Diagnosis-Scripted/Operational", "Provider_Name": "Microsoft-Windows-Diagnosis-Scripted", "Computer": "DESKTOP-OFJ6N53", "TimeCreated": "2022-11-20 08:56:47.703981+00:00", "RecordID": "155", "Level": "4", "UserID": "S-1-5-21-963789628-1060504924-4285088085-1001", "EventData.PackageId": "MaintenanceDiagnostic"}
{"EventID": "104", "Channel": "Microsoft-Windows-Diagnosis-Scripted/Operational", "Provider_Name": "Microsoft-Windows-Diagnosis-Scripted", "Computer": "DESKTOP-OFJ6N53", "TimeCreated": "2022-11-20 08:56:58.355419+00:00", "RecordID": "156", "Level": "4", "UserID": "S-1-5-21-963789628-1060504924-4285088085-1001", "EventData.PackageId": "MaintenanceDiagnostic"}
{"EventID": "101", "Channel": "Microsoft-Windows-Diagnosis-Scripted/Operational", "Provider_Name": "Microsoft-Windows-Diagnosis-Scripted", "Computer": "DESKTOP-OFJ6N53", "TimeCreated": "2022-11-27 08:52:17.399517+00:00", "RecordID": "157", "Level": "4", "UserID": "S-1-5-21-963789628-1060504924-4285088085-1001", "EventData.PackagePath": "C:\\Windows\\diagnostics\\scheduled\\Maintenance"}
{"EventID": "102", "Channel": "Microsoft-Windows-Diagnosis-Scripted/Operational", "Provider_Name": "Microsoft-Windows-Diagnosis-Scripted", "Computer": "DESKTOP-OFJ6N53", "TimeCreated": "2022-11-27 08:52:18.015759+00:00", "RecordID": "158", "Level": "4", "UserID": "S-1-5-21-963789628-1060504924-4285088085-1001", "EventData.PackagePath": "C:\\Windows\\diagnostics\\scheduled\\Maintenance"}
{"EventID": "103", "Channel": "Microsoft-Windows-Diagnosis-Scripted/Operational", "Provider_Name": "Microsoft-Windows-Diagnosis-Scripted", "Computer": "DESKTOP-OFJ6N53", "TimeCreated": "2022-11-27 08:52:18.018652+00:00", "RecordID": "159", "Level": "4", "UserID": "S-1-5-21-963789628-1060504924-4285088085-1001", "EventData.PackageId": "MaintenanceDiagnostic"}
{"EventID": "104", "Channel": "Microsoft-Windows-Diagnosis-Scripted/Operational", "Provider_Name": "Microsoft-Windows-Diagnosis-Scripted", "Computer": "DESKTOP-OFJ6N53", "TimeCreated": "2022-11-27 08:52:28.659527+00:00", "RecordID": "160", "Level": "4", "UserID": "S-1-5-21-963789628-1060504924-4285088085-1001", "EventData.PackageId": "MaintenanceDiagnostic"}
{"EventID": "101", "Channel": "Microsoft-Windows-Diagnosis-Scripted/Operational", "Provider_Name": "Microsoft-Windows-Diagnosis-Scripted", "Computer": "DESKTOP-OFJ6N53", "TimeCreated": "2022-12-04 10:06:04.393679+00:00", "RecordID": "161", "Level": "4", "UserID": "S-1-5-21-963789628-1060504924-4285088085-1001", "EventData.PackagePath": "C:\\Windows\\diagnostics\\scheduled\\Maintenance"}
{"EventID": "102", "Channel": "Microsoft-Windows-Diagnosis-Scripted/Operational", "Provider_Name": "Microsoft-Windows-Diagnosis-Scripted", "Computer": "DESKTOP-OFJ6N53", "TimeCreated": "2022-12-04 10:06:05.299505+00:00", "RecordID": "162", "Level": "4", "UserID": "S-1-5-21-963789628-1060504924-4285088085-1001", "EventData.PackagePath": "C:\\Windows\\diagnostics\\scheduled\\Maintenance"}
{"EventID": "103", "Channel": "Microsoft-Windows-Diagnosis-Scripted/Operational", "Provider_Name": "Microsoft-Windows-Diagnosis-Scripted", "Computer": "DESKTOP-OFJ6N53", "TimeCreated": "2022-12-04 10:06:05.301842+00:00", "RecordID": "163", "Level": "4", "UserID": "S-1-5-21-963789628-1060504924-4285088085-1001", "EventData.PackageId": "MaintenanceDiagnostic"}
{"EventID": "104", "Channel": "Microsoft-Windows-Diagnosis-Scripted/Operational", "Provider_Name": "Microsoft-Windows-Diagnosis-Scripted", "Computer": "DESKTOP-OFJ6N53", "TimeCreated": "2022-12-04 10:06:18.402803+00:00", "RecordID": "164", "Level": "4", "UserID": "S-1-5-21-963789628-1060504924-4285088085-1001", "EventData.PackageId": "MaintenanceDiagnostic"}
{"EventID": "101", "Channel": "Microsoft-Windows-Diagnosis-Scripted/Operational", "Provider_Name": "Microsoft-Windows-Diagnosis-Scripted", "Computer": "DESKTOP-OFJ6N53", "TimeCreated": "2022-12-11 09:51:54.847843+00:00", "RecordID": "165", "Level": "4", "UserID": "S-1-5-21-963789628-1060504924-4285088085-1001", "EventData.PackagePath": "C:\\Windows\\diagnostics\\scheduled\\Maintenance"}
{"EventID": "102", "Channel": "Microsoft-Windows-Diagnosis-Scripted/Operational", "Provider_Name": "Microsoft-Windows-Diagnosis-Scripted", "Computer": "DESKTOP-OFJ6N53", "TimeCreated": "2022-12-11 09:51:55.651958+00:00", "RecordID": "166", "Level": "4", "UserID": "S-1-5-21-963789628-1060504924-4285088085-1001", "EventData.PackagePath": "C:\\Windows\\diagnostics\\scheduled\\Maintenance"}
{"EventID": "103", "Channel": "Microsoft-Windows-Diagnosis-Scripted/Operational", "Provider_Name": "Microsoft-Windows-Diagnosis-Scripted", "Computer": "DESKTOP-OFJ6N53", "TimeCreated": "2022-12-11 09:51:55.655474+00:00", "RecordID": "167", "Level": "4", "UserID": "S-1-5-21-963789628-1060504924-4285088085-1001", "EventData.PackageId": "MaintenanceDiagnostic"}
{"EventID": "104", "Channel": "Microsoft-Windows-Diagnosis-Scripted/Operational", "Provider_Name": "Microsoft-Windows-Diagnosis-Scripted", "Computer": "DESKTOP-OFJ6N53", "TimeCreated": "2022-12-11 09:52:05.219587+00:00", "RecordID": "168", "Level": "4", "UserID": "S-1-5-21-963789628-1060504924-4285088085-1001", "EventData.PackageId": "MaintenanceDiagnostic"}
{"EventID": "101", "Channel": "Microsoft-Windows-Diagnosis-Scripted/Operational", "Provider_Name": "Microsoft-Windows-Diagnosis-Scripted", "Computer": "DESKTOP-OFJ6N53", "TimeCreated": "2022-12-18 08:29:00.403070+00:00", "RecordID": "169", "Level": "4", "UserID": "S-1-5-21-963789628-1060504924-4285088085-1001", "EventData.PackagePath": "C:\\Windows\\diagnostics\\scheduled\\Maintenance"}
{"EventID": "102", "Channel": "Microsoft-Windows-Diagnosis-Scripted/Operational", "Provider_Name": "Microsoft-Windows-Diagnosis-Scripted", "Computer": "DESKTOP-OFJ6N53", "TimeCreated": "2022-12-18 08:29:00.965855+00:00", "RecordID": "170", "Level": "4", "UserID": "S-1-5-21-963789628-1060504924-4285088085-1001", "EventData.PackagePath": "C:\\Windows\\diagnostics\\scheduled\\Maintenance"}
{"EventID": "103", "Channel": "Microsoft-Windows-Diagnosis-Scripted/Operational", "Provider_Name": "Microsoft-Windows-Diagnosis-Scripted", "Computer": "DESKTOP-OFJ6N53", "TimeCreated": "2022-12-18 08:29:01.012327+00:00", "RecordID": "171", "Level": "4", "UserID": "S-1-5-21-963789628-1060504924-4285088085-1001", "EventData.PackageId": "MaintenanceDiagnostic"}
{"EventID": "104", "Channel": "Microsoft-Windows-Diagnosis-Scripted/Operational", "Provider_Name": "Microsoft-Windows-Diagnosis-Scripted", "Computer": "DESKTOP-OFJ6N53", "TimeCreated": "2022-12-18 08:29:25.358391+00:00", "RecordID": "172", "Level": "4", "UserID": "S-1-5-21-963789628-1060504924-4285088085-1001", "EventData.PackageId": "MaintenanceDiagnostic"}
{"EventID": "101", "Channel": "Microsoft-Windows-Diagnosis-Scripted/Operational", "Provider_Name": "Microsoft-Windows-Diagnosis-Scripted", "Computer": "DESKTOP-OFJ6N53", "TimeCreated": "2022-12-23 10:34:17.769674+00:00", "RecordID": "173", "Level": "4", "UserID": "S-1-5-21-963789628-1060504924-4285088085-1001", "EventData.PackagePath": "C:\\Windows\\diagnostics\\system\\Audio"}
{"EventID": "102", "Channel": "Microsoft-Windows-Diagnosis-Scripted/Operational", "Provider_Name": "Microsoft-Windows-Diagnosis-Scripted", "Computer": "DESKTOP-OFJ6N53", "TimeCreated": "2022-12-23 10:34:18.144522+00:00", "RecordID": "174", "Level": "4", "UserID": "S-1-5-21-963789628-1060504924-4285088085-1001", "EventData.PackagePath": "C:\\Windows\\diagnostics\\system\\Audio"}
{"EventID": "101", "Channel": "Microsoft-Windows-Diagnosis-Scripted/Operational", "Provider_Name": "Microsoft-Windows-Diagnosis-Scripted", "Computer": "DESKTOP-OFJ6N53", "TimeCreated": "2022-12-23 10:34:18.144941+00:00", "RecordID": "175", "Level": "4", "UserID": "S-1-5-21-963789628-1060504924-4285088085-1001", "EventData.PackagePath": "C:\\Windows\\diagnostics\\system\\Device"}
{"EventID": "102", "Channel": "Microsoft-Windows-Diagnosis-Scripted/Operational", "Provider_Name": "Microsoft-Windows-Diagnosis-Scripted", "Computer": "DESKTOP-OFJ6N53", "TimeCreated": "2022-12-23 10:34:18.324848+00:00", "RecordID": "176", "Level": "4", "UserID": "S-1-5-21-963789628-1060504924-4285088085-1001", "EventData.PackagePath": "C:\\Windows\\diagnostics\\system\\Device"}
{"EventID": "103", "Channel": "Microsoft-Windows-Diagnosis-Scripted/Operational", "Provider_Name": "Microsoft-Windows-Diagnosis-Scripted", "Computer": "DESKTOP-OFJ6N53", "TimeCreated": "2022-12-23 10:34:18.327801+00:00", "RecordID": "177", "Level": "4", "UserID": "S-1-5-21-963789628-1060504924-4285088085-1001", "EventData.PackageId": "AudioDiagnostic"}
{"EventID": "201", "Channel": "Microsoft-Windows-Diagnosis-Scripted/Operational", "Provider_Name": "Microsoft-Windows-Diagnosis-Scripted", "Computer": "DESKTOP-OFJ6N53", "TimeCreated": "2022-12-23 10:34:24.012384+00:00", "RecordID": "178", "Level": "3", "UserID": "S-1-5-21-963789628-1060504924-4285088085-1001", "EventData.Status": "2151416064"}
{"EventID": "101", "Channel": "Microsoft-Windows-Diagnosis-Scripted/Operational", "Provider_Name": "Microsoft-Windows-Diagnosis-Scripted", "Computer": "DESKTOP-OFJ6N53", "TimeCreated": "2022-12-25 09:55:32.929379+00:00", "RecordID": "179", "Level": "4", "UserID": "S-1-5-21-963789628-1060504924-4285088085-1001", "EventData.PackagePath": "C:\\Windows\\diagnostics\\scheduled\\Maintenance"}
{"EventID": "102", "Channel": "Microsoft-Windows-Diagnosis-Scripted/Operational", "Provider_Name": "Microsoft-Windows-Diagnosis-Scripted", "Computer": "DESKTOP-OFJ6N53", "TimeCreated": "2022-12-25 09:55:34.415565+00:00", "RecordID": "180", "Level": "4", "UserID": "S-1-5-21-963789628-1060504924-4285088085-1001", "EventData.PackagePath": "C:\\Windows\\diagnostics\\scheduled\\Maintenance"}
{"EventID": "103", "Channel": "Microsoft-Windows-Diagnosis-Scripted/Operational", "Provider_Name": "Microsoft-Windows-Diagnosis-Scripted", "Computer": "DESKTOP-OFJ6N53", "TimeCreated": "2022-12-25 09:55:34.431767+00:00", "RecordID": "181", "Level": "4", "UserID": "S-1-5-21-963789628-1060504924-4285088085-1001", "EventData.PackageId": "MaintenanceDiagnostic"}
{"EventID": "104", "Channel": "Microsoft-Windows-Diagnosis-Scripted/Operational", "Provider_Name": "Microsoft-Windows-Diagnosis-Scripted", "Computer": "DESKTOP-OFJ6N53", "TimeCreated": "2022-12-25 09:55:45.916422+00:00", "RecordID": "182", "Level": "4", "UserID": "S-1-5-21-963789628-1060504924-4285088085-1001", "EventData.PackageId": "MaintenanceDiagnostic"}
{"EventID": "101", "Channel": "Microsoft-Windows-Diagnosis-Scripted/Operational", "Provider_Name": "Microsoft-Windows-Diagnosis-Scripted", "Computer": "DESKTOP-OFJ6N53", "TimeCreated": "2023-01-01 08:41:43.479031+00:00", "RecordID": "183", "Level": "4", "UserID": "S-1-5-21-963789628-1060504924-4285088085-1001", "EventData.PackagePath": "C:\\Windows\\diagnostics\\scheduled\\Maintenance"}
{"EventID": "102", "Channel": "Microsoft-Windows-Diagnosis-Scripted/Operational", "Provider_Name": "Microsoft-Windows-Diagnosis-Scripted", "Computer": "DESKTOP-OFJ6N53", "TimeCreated": "2023-01-01 08:41:44.359655+00:00", "RecordID": "184", "Level": "4", "UserID": "S-1-5-21-963789628-1060504924-4285088085-1001", "EventData.PackagePath": "C:\\Windows\\diagnostics\\scheduled\\Maintenance"}
{"EventID": "103", "Channel": "Microsoft-Windows-Diagnosis-Scripted/Operational", "Provider_Name": "Microsoft-Windows-Diagnosis-Scripted", "Computer": "DESKTOP-OFJ6N53", "TimeCreated": "2023-01-01 08:41:44.363873+00:00", "RecordID": "185", "Level": "4", "UserID": "S-1-5-21-963789628-1060504924-4285088085-1001", "EventData.PackageId": "MaintenanceDiagnostic"}
{"EventID": "104", "Channel": "Microsoft-Windows-Diagnosis-Scripted/Operational", "Provider_Name": "Microsoft-Windows-Diagnosis-Scripted", "Computer": "DESKTOP-OFJ6N53", "TimeCreated": "2023-01-01 08:41:54.751818+00:00", "RecordID": "186", "Level": "4", "UserID": "S-1-5-21-963789628-1060504924-4285088085-1001", "EventData.PackageId": "MaintenanceDiagnostic"}
{"EventID": "101", "Channel": "Microsoft-Windows-Diagnosis-Scripted/Operational", "Provider_Name": "Microsoft-Windows-Diagnosis-Scripted", "Computer": "DESKTOP-OFJ6N53", "TimeCreated": "2023-01-08 08:42:05.423265+00:00", "RecordID": "187", "Level": "4", "UserID": "S-1-5-21-963789628-1060504924-4285088085-1001", "EventData.PackagePath": "C:\\Windows\\diagnostics\\scheduled\\Maintenance"}
{"EventID": "102", "Channel": "Microsoft-Windows-Diagnosis-Scripted/Operational", "Provider_Name": "Microsoft-Windows-Diagnosis-Scripted", "Computer": "DESKTOP-OFJ6N53", "TimeCreated": "2023-01-08 08:42:06.130482+00:00", "RecordID": "188", "Level": "4", "UserID": "S-1-5-21-963789628-1060504924-4285088085-1001", "EventData.PackagePath": "C:\\Windows\\diagnostics\\scheduled\\Maintenance"}
{"EventID": "103", "Channel": "Microsoft-Windows-Diagnosis-Scripted/Operational", "Provider_Name": "Microsoft-Windows-Diagnosis-Scripted", "Computer": "DESKTOP-OFJ6N53", "TimeCreated": "2023-01-08 08:42:06.136677+00:00", "RecordID": "189", "Level": "4", "UserID": "S-1-5-21-963789628-1060504924-4285088085-1001", "EventData.PackageId": "MaintenanceDiagnostic"}
{"EventID": "104", "Channel": "Microsoft-Windows-Diagnosis-Scripted/Operational", "Provider_Name": "Microsoft-Windows-Diagnosis-Scripted", "Computer": "DESKTOP-OFJ6N53", "TimeCreated": "2023-01-08 08:42:17.155247+00:00", "RecordID": "190", "Level": "4", "UserID": "S-1-5-21-963789628-1060504924-4285088085-1001", "EventData.PackageId": "MaintenanceDiagnostic"}
{"EventID": "101", "Channel": "Microsoft-Windows-Diagnosis-Scripted/Operational", "Provider_Name": "Microsoft-Windows-Diagnosis-Scripted", "Computer": "DESKTOP-OFJ6N53", "TimeCreated": "2023-01-15 09:31:47.559292+00:00", "RecordID": "191", "Level": "4", "UserID": "S-1-5-21-963789628-1060504924-4285088085-1001", "EventData.PackagePath": "C:\\Windows\\diagnostics\\scheduled\\Maintenance"}
{"EventID": "102", "Channel": "Microsoft-Windows-Diagnosis-Scripted/Operational", "Provider_Name": "Microsoft-Windows-Diagnosis-Scripted", "Computer": "DESKTOP-OFJ6N53", "TimeCreated": "2023-01-15 09:31:48.649933+00:00", "RecordID": "192", "Level": "4", "UserID": "S-1-5-21-963789628-1060504924-4285088085-1001", "EventData.PackagePath": "C:\\Windows\\diagnostics\\scheduled\\Maintenance"}
{"EventID": "103", "Channel": "Microsoft-Windows-Diagnosis-Scripted/Operational", "Provider_Name": "Microsoft-Windows-Diagnosis-Scripted", "Computer": "DESKTOP-OFJ6N53", "TimeCreated": "2023-01-15 09:31:48.652811+00:00", "RecordID": "193", "Level": "4", "UserID": "S-1-5-21-963789628-1060504924-4285088085-1001", "EventData.PackageId": "MaintenanceDiagnostic"}
{"EventID": "104", "Channel": "Microsoft-Windows-Diagnosis-Scripted/Operational", "Provider_Name": "Microsoft-Windows-Diagnosis-Scripted", "Computer": "DESKTOP-OFJ6N53", "TimeCreated": "2023-01-15 09:32:08.849709+00:00", "RecordID": "194", "Level": "4", "UserID": "S-1-5-21-963789628-1060504924-4285088085-1001", "EventData.PackageId": "MaintenanceDiagnostic"}
{"EventID": "101", "Channel": "Microsoft-Windows-Diagnosis-Scripted/Operational", "Provider_Name": "Microsoft-Windows-Diagnosis-Scripted", "Computer": "DESKTOP-OFJ6N53", "TimeCreated": "2023-01-23 10:10:10.680655+00:00", "RecordID": "195", "Level": "4", "UserID": "S-1-5-21-963789628-1060504924-4285088085-1001", "EventData.PackagePath": "C:\\Windows\\diagnostics\\scheduled\\Maintenance"}
{"EventID": "102", "Channel": "Microsoft-Windows-Diagnosis-Scripted/Operational", "Provider_Name": "Microsoft-Windows-Diagnosis-Scripted", "Computer": "DESKTOP-OFJ6N53", "TimeCreated": "2023-01-23 10:10:11.458847+00:00", "RecordID": "196", "Level": "4", "UserID": "S-1-5-21-963789628-1060504924-4285088085-1001", "EventData.PackagePath": "C:\\Windows\\diagnostics\\scheduled\\Maintenance"}
{"EventID": "103", "Channel": "Microsoft-Windows-Diagnosis-Scripted/Operational", "Provider_Name": "Microsoft-Windows-Diagnosis-Scripted", "Computer": "DESKTOP-OFJ6N53", "TimeCreated": "2023-01-23 10:10:11.463778+00:00", "RecordID": "197", "Level": "4", "UserID": "S-1-5-21-963789628-1060504924-4285088085-1001", "EventData.PackageId": "MaintenanceDiagnostic"}
{"EventID": "104", "Channel": "Microsoft-Windows-Diagnosis-Scripted/Operational", "Provider_Name": "Microsoft-Windows-Diagnosis-Scripted", "Computer": "DESKTOP-OFJ6N53", "TimeCreated": "2023-01-23 10:10:39.831993+00:00", "RecordID": "198", "Level": "4", "UserID": "S-1-5-21-963789628-1060504924-4285088085-1001", "EventData.PackageId": "MaintenanceDiagnostic"}
{"EventID": "101", "Channel": "Microsoft-Windows-Diagnosis-Scripted/Operational", "Provider_Name": "Microsoft-Windows-Diagnosis-Scripted", "Computer": "DESKTOP-OFJ6N53", "TimeCreated": "2023-01-29 09:04:12.712511+00:00", "RecordID": "199", "Level": "4", "UserID": "S-1-5-21-963789628-1060504924-4285088085-1001", "EventData.PackagePath": "C:\\Windows\\diagnostics\\scheduled\\Maintenance"}
{"EventID": "102", "Channel": "Microsoft-Windows-Diagnosis-Scripted/Operational", "Provider_Name": "Microsoft-Windows-Diagnosis-Scripted", "Computer": "DESKTOP-OFJ6N53", "TimeCreated": "2023-01-29 09:04:13.049397+00:00", "RecordID": "200", "Level": "4", "UserID": "S-1-5-21-963789628-1060504924-4285088085-1001", "EventData.PackagePath": "C:\\Windows\\diagnostics\\scheduled\\Maintenance"}
{"EventID": "103", "Channel": "Microsoft-Windows-Diagnosis-Scripted/Operational", "Provider_Name": "Microsoft-Windows-Diagnosis-Scripted", "Computer": "DESKTOP-OFJ6N53", "TimeCreated": "2023-01-29 09:04:13.071169+00:00", "RecordID": "201", "Level": "4", "UserID": "S-1-5-21-963789628-1060504924-4285088085-1001", "EventData.PackageId": "MaintenanceDiagnostic"}
{"EventID": "401", "Channel": "Microsoft-Windows-Diagnosis-Scripted/Operational", "Provider_Name": "Microsoft-Windows-Diagnosis-Scripted", "Computer": "DESKTOP-OFJ6N53", "TimeCreated": "2023-01-29 09:04:21.242470+00:00", "RecordID": "202", "Level": "4", "UserID": "S-1-5-21-963789628-1060504924-4285088085-1001", "EventData.PackageId": "MaintenanceDiagnostic", "EventData.RootCauseId": "RC_DiagnosticHistory/DefaultInstanceId"}
{"EventID": "104", "Channel": "Microsoft-Windows-Diagnosis-Scripted/Operational", "Provider_Name": "Microsoft-Windows-Diagnosis-Scripted", "Computer": "DESKTOP-OFJ6N53", "TimeCreated": "2023-01-29 09:04:21.242476+00:00", "RecordID": "203", "Level": "4", "UserID": "S-1-5-21-963789628-1060504924-4285088085-1001", "EventData.PackageId": "MaintenanceDiagnostic"}
{"EventID": "105", "Channel": "Microsoft-Windows-Diagnosis-Scripted/Operational", "Provider_Name": "Microsoft-Windows-Diagnosis-Scripted", "Computer": "DESKTOP-OFJ6N53", "TimeCreated": "2023-01-29 09:04:21.243149+00:00", "RecordID": "204", "Level": "4", "UserID": "S-1-5-21-963789628-1060504924-4285088085-1001", "EventData.PackageId": "MaintenanceDiagnostic", "EventData.ResolutionId": "RC_DiagnosticHistory/DefaultInstanceId/RS_UserDiagnosticHistory"}
{"EventID": "106", "Channel": "Microsoft-Windows-Diagnosis-Scripted/Operational", "Provider_Name": "Microsoft-Windows-Diagnosis-Scripted", "Computer": "DESKTOP-OFJ6N53", "TimeCreated": "2023-01-29 09:04:21.569670+00:00", "RecordID": "205", "Level": "4", "UserID": "S-1-5-21-963789628-1060504924-4285088085-1001", "EventData.PackageId": "MaintenanceDiagnostic", "EventData.ResolutionId": "RC_DiagnosticHistory/DefaultInstanceId/RS_UserDiagnosticHistory"}
{"EventID": "107", "Channel": "Microsoft-Windows-Diagnosis-Scripted/Operational", "Provider_Name": "Microsoft-Windows-Diagnosis-Scripted", "Computer": "DESKTOP-OFJ6N53", "TimeCreated": "2023-01-29 09:04:21.569841+00:00", "RecordID": "206", "Level": "4", "UserID": "S-1-5-21-963789628-1060504924-4285088085-1001", "EventData.PackageId": "MaintenanceDiagnostic"}
{"EventID": "108", "Channel": "Microsoft-Windows-Diagnosis-Scripted/Operational", "Provider_Name": "Microsoft-Windows-Diagnosis-Scripted", "Computer": "DESKTOP-OFJ6N53", "TimeCreated": "2023-01-29 09:04:21.687218+00:00", "RecordID": "207", "Level": "4", "UserID": "S-1-5-21-963789628-1060504924-4285088085-1001", "EventData.PackageId": "MaintenanceDiagnostic"}
{"EventID": "105", "Channel": "Microsoft-Windows-Diagnosis-Scripted/Operational", "Provider_Name": "Microsoft-Windows-Diagnosis-Scripted", "Computer": "DESKTOP-OFJ6N53", "TimeCreated": "2023-01-29 09:04:21.687416+00:00", "RecordID": "208", "Level": "4", "UserID": "S-1-5-21-963789628-1060504924-4285088085-1001", "EventData.PackageId": "MaintenanceDiagnostic", "EventData.ResolutionId": "RC_DiagnosticHistory/DefaultInstanceId/RS_AdminDiagnosticHistory"}
{"EventID": "106", "Channel": "Microsoft-Windows-Diagnosis-Scripted/Operational", "Provider_Name": "Microsoft-Windows-Diagnosis-Scripted", "Computer": "DESKTOP-OFJ6N53", "TimeCreated": "2023-01-29 09:04:21.886957+00:00", "RecordID": "209", "Level": "4", "UserID": "S-1-5-21-963789628-1060504924-4285088085-1001", "EventData.PackageId": "MaintenanceDiagnostic", "EventData.ResolutionId": "RC_DiagnosticHistory/DefaultInstanceId/RS_AdminDiagnosticHistory"}
{"EventID": "107", "Channel": "Microsoft-Windows-Diagnosis-Scripted/Operational", "Provider_Name": "Microsoft-Windows-Diagnosis-Scripted", "Computer": "DESKTOP-OFJ6N53", "TimeCreated": "2023-01-29 09:04:21.887136+00:00", "RecordID": "210", "Level": "4", "UserID": "S-1-5-21-963789628-1060504924-4285088085-1001", "EventData.PackageId": "MaintenanceDiagnostic"}
{"EventID": "108", "Channel": "Microsoft-Windows-Diagnosis-Scripted/Operational", "Provider_Name": "Microsoft-Windows-Diagnosis-Scripted", "Computer": "DESKTOP-OFJ6N53", "TimeCreated": "2023-01-29 09:04:21.978008+00:00", "RecordID": "211", "Level": "4", "UserID": "S-1-5-21-963789628-1060504924-4285088085-1001", "EventData.PackageId": "MaintenanceDiagnostic"}
{"EventID": "402", "Channel": "Microsoft-Windows-Diagnosis-Scripted/Operational", "Provider_Name": "Microsoft-Windows-Diagnosis-Scripted", "Computer": "DESKTOP-OFJ6N53", "TimeCreated": "2023-01-29 09:04:21.978226+00:00", "RecordID": "212", "Level": "4", "UserID": "S-1-5-21-963789628-1060504924-4285088085-1001", "EventData.PackageId": "MaintenanceDiagnostic", "EventData.RootCauseId": "RC_DiagnosticHistory/DefaultInstanceId"}
{"EventID": "101", "Channel": "Microsoft-Windows-Diagnosis-Scripted/Operational", "Provider_Name": "Microsoft-Windows-Diagnosis-Scripted", "Computer": "DESKTOP-OFJ6N53", "TimeCreated": "2023-02-05 10:03:34.454353+00:00", "RecordID": "213", "Level": "4", "UserID": "S-1-5-21-963789628-1060504924-4285088085-1001", "EventData.PackagePath": "C:\\Windows\\diagnostics\\scheduled\\Maintenance"}
{"EventID": "102", "Channel": "Microsoft-Windows-Diagnosis-Scripted/Operational", "Provider_Name": "Microsoft-Windows-Diagnosis-Scripted", "Computer": "DESKTOP-OFJ6N53", "TimeCreated": "2023-02-05 10:03:34.732019+00:00", "RecordID": "214", "Level": "4", "UserID": "S-1-5-21-963789628-1060504924-4285088085-1001", "EventData.PackagePath": "C:\\Windows\\diagnostics\\scheduled\\Maintenance"}
{"EventID": "103", "Channel": "Microsoft-Windows-Diagnosis-Scripted/Operational", "Provider_Name": "Microsoft-Windows-Diagnosis-Scripted", "Computer": "DESKTOP-OFJ6N53", "TimeCreated": "2023-02-05 10:03:34.735962+00:00", "RecordID": "215", "Level": "4", "UserID": "S-1-5-21-963789628-1060504924-4285088085-1001", "EventData.PackageId": "MaintenanceDiagnostic"}
{"EventID": "104", "Channel": "Microsoft-Windows-Diagnosis-Scripted/Operational", "Provider_Name": "Microsoft-Windows-Diagnosis-Scripted", "Computer": "DESKTOP-OFJ6N53", "TimeCreated": "2023-02-05 10:03:40.560232+00:00", "RecordID": "216", "Level": "4", "UserID": "S-1-5-21-963789628-1060504924-4285088085-1001", "EventData.PackageId": "MaintenanceDiagnostic"}
{"EventID": "101", "Channel": "Microsoft-Windows-Diagnosis-Scripted/Operational", "Provider_Name": "Microsoft-Windows-Diagnosis-Scripted", "Computer": "DESKTOP-OFJ6N53", "TimeCreated": "2023-02-12 08:50:33.690424+00:00", "RecordID": "217", "Level": "4", "UserID": "S-1-5-21-963789628-1060504924-4285088085-1001", "EventData.PackagePath": "C:\\Windows\\diagnostics\\scheduled\\Maintenance"}
{"EventID": "102", "Channel": "Microsoft-Windows-Diagnosis-Scripted/Operational", "Provider_Name": "Microsoft-Windows-Diagnosis-Scripted", "Computer": "DESKTOP-OFJ6N53", "TimeCreated": "2023-02-12 08:50:34.106022+00:00", "RecordID": "218", "Level": "4", "UserID": "S-1-5-21-963789628-1060504924-4285088085-1001", "EventData.PackagePath": "C:\\Windows\\diagnostics\\scheduled\\Maintenance"}
{"EventID": "103", "Channel": "Microsoft-Windows-Diagnosis-Scripted/Operational", "Provider_Name": "Microsoft-Windows-Diagnosis-Scripted", "Computer": "DESKTOP-OFJ6N53", "TimeCreated": "2023-02-12 08:50:34.111341+00:00", "RecordID": "219", "Level": "4", "UserID": "S-1-5-21-963789628-1060504924-4285088085-1001", "EventData.PackageId": "MaintenanceDiagnostic"}
{"EventID": "104", "Channel": "Microsoft-Windows-Diagnosis-Scripted/Operational", "Provider_Name": "Microsoft-Windows-Diagnosis-Scripted", "Computer": "DESKTOP-OFJ6N53", "TimeCreated": "2023-02-12 08:50:47.094080+00:00", "RecordID": "220", "Level": "4", "UserID": "S-1-5-21-963789628-1060504924-4285088085-1001", "EventData.PackageId": "MaintenanceDiagnostic"}
{"EventID": "101", "Channel": "Microsoft-Windows-Diagnosis-Scripted/Operational", "Provider_Name": "Microsoft-Windows-Diagnosis-Scripted", "Computer": "DESKTOP-OFJ6N53", "TimeCreated": "2023-02-27 13:08:05.345592+00:00", "RecordID": "221", "Level": "4", "UserID": "S-1-5-21-963789628-1060504924-4285088085-1001", "EventData.PackagePath": "C:\\Windows\\diagnostics\\scheduled\\Maintenance"}
{"EventID": "102", "Channel": "Microsoft-Windows-Diagnosis-Scripted/Operational", "Provider_Name": "Microsoft-Windows-Diagnosis-Scripted", "Computer": "DESKTOP-OFJ6N53", "TimeCreated": "2023-02-27 13:08:05.600603+00:00", "RecordID": "222", "Level": "4", "UserID": "S-1-5-21-963789628-1060504924-4285088085-1001", "EventData.PackagePath": "C:\\Windows\\diagnostics\\scheduled\\Maintenance"}
{"EventID": "103", "Channel": "Microsoft-Windows-Diagnosis-Scripted/Operational", "Provider_Name": "Microsoft-Windows-Diagnosis-Scripted", "Computer": "DESKTOP-OFJ6N53", "TimeCreated": "2023-02-27 13:08:05.603987+00:00", "RecordID": "223", "Level": "4", "UserID": "S-1-5-21-963789628-1060504924-4285088085-1001", "EventData.PackageId": "MaintenanceDiagnostic"}
{"EventID": "104", "Channel": "Microsoft-Windows-Diagnosis-Scripted/Operational", "Provider_Name": "Microsoft-Windows-Diagnosis-Scripted", "Computer": "DESKTOP-OFJ6N53", "TimeCreated": "2023-02-27 13:08:22.014469+00:00", "RecordID": "224", "Level": "4", "UserID": "S-1-5-21-963789628-1060504924-4285088085-1001", "EventData.PackageId": "MaintenanceDiagnostic"}
{"EventID": "101", "Channel": "Microsoft-Windows-Diagnosis-Scripted/Operational", "Provider_Name": "Microsoft-Windows-Diagnosis-Scripted", "Computer": "DESKTOP-OFJ6N53", "TimeCreated": "2023-03-05 09:06:40.664837+00:00", "RecordID": "225", "Level": "4", "UserID": "S-1-5-21-963789628-1060504924-4285088085-1001", "EventData.PackagePath": "C:\\Windows\\diagnostics\\scheduled\\Maintenance"}
{"EventID": "102", "Channel": "Microsoft-Windows-Diagnosis-Scripted/Operational", "Provider_Name": "Microsoft-Windows-Diagnosis-Scripted", "Computer": "DESKTOP-OFJ6N53", "TimeCreated": "2023-03-05 09:06:40.894543+00:00", "RecordID": "226", "Level": "4", "UserID": "S-1-5-21-963789628-1060504924-4285088085-1001", "EventData.PackagePath": "C:\\Windows\\diagnostics\\scheduled\\Maintenance"}
{"EventID": "103", "Channel": "Microsoft-Windows-Diagnosis-Scripted/Operational", "Provider_Name": "Microsoft-Windows-Diagnosis-Scripted", "Computer": "DESKTOP-OFJ6N53", "TimeCreated": "2023-03-05 09:06:40.896210+00:00", "RecordID": "227", "Level": "4", "UserID": "S-1-5-21-963789628-1060504924-4285088085-1001", "EventData.PackageId": "MaintenanceDiagnostic"}
{"EventID": "104", "Channel": "Microsoft-Windows-Diagnosis-Scripted/Operational", "Provider_Name": "Microsoft-Windows-Diagnosis-Scripted", "Computer": "DESKTOP-OFJ6N53", "TimeCreated": "2023-03-05 09:06:44.866915+00:00", "RecordID": "228", "Level": "4", "UserID": "S-1-5-21-963789628-1060504924-4285088085-1001", "EventData.PackageId": "MaintenanceDiagnostic"}
{"EventID": "101", "Channel": "Microsoft-Windows-Diagnosis-Scripted/Operational", "Provider_Name": "Microsoft-Windows-Diagnosis-Scripted", "Computer": "DESKTOP-OFJ6N53", "TimeCreated": "2023-03-12 10:04:53.760746+00:00", "RecordID": "229", "Level": "4", "UserID": "S-1-5-21-963789628-1060504924-4285088085-1001", "EventData.PackagePath": "C:\\Windows\\diagnostics\\scheduled\\Maintenance"}
{"EventID": "102", "Channel": "Microsoft-Windows-Diagnosis-Scripted/Operational", "Provider_Name": "Microsoft-Windows-Diagnosis-Scripted", "Computer": "DESKTOP-OFJ6N53", "TimeCreated": "2023-03-12 10:04:55.104391+00:00", "RecordID": "230", "Level": "4", "UserID": "S-1-5-21-963789628-1060504924-4285088085-1001", "EventData.PackagePath": "C:\\Windows\\diagnostics\\scheduled\\Maintenance"}
{"EventID": "103", "Channel": "Microsoft-Windows-Diagnosis-Scripted/Operational", "Provider_Name": "Microsoft-Windows-Diagnosis-Scripted", "Computer": "DESKTOP-OFJ6N53", "TimeCreated": "2023-03-12 10:04:55.106594+00:00", "RecordID": "231", "Level": "4", "UserID": "S-1-5-21-963789628-1060504924-4285088085-1001", "EventData.PackageId": "MaintenanceDiagnostic"}
{"EventID": "104", "Channel": "Microsoft-Windows-Diagnosis-Scripted/Operational", "Provider_Name": "Microsoft-Windows-Diagnosis-Scripted", "Computer": "DESKTOP-OFJ6N53", "TimeCreated": "2023-03-12 10:05:18.127375+00:00", "RecordID": "232", "Level": "4", "UserID": "S-1-5-21-963789628-1060504924-4285088085-1001", "EventData.PackageId": "MaintenanceDiagnostic"}
{"EventID": "101", "Channel": "Microsoft-Windows-Diagnosis-Scripted/Operational", "Provider_Name": "Microsoft-Windows-Diagnosis-Scripted", "Computer": "DESKTOP-OFJ6N53", "TimeCreated": "2023-03-19 09:07:53.420853+00:00", "RecordID": "233", "Level": "4", "UserID": "S-1-5-21-963789628-1060504924-4285088085-1001", "EventData.PackagePath": "C:\\Windows\\diagnostics\\scheduled\\Maintenance"}
{"EventID": "102", "Channel": "Microsoft-Windows-Diagnosis-Scripted/Operational", "Provider_Name": "Microsoft-Windows-Diagnosis-Scripted", "Computer": "DESKTOP-OFJ6N53", "TimeCreated": "2023-03-19 09:07:57.553316+00:00", "RecordID": "234", "Level": "4", "UserID": "S-1-5-21-963789628-1060504924-4285088085-1001", "EventData.PackagePath": "C:\\Windows\\diagnostics\\scheduled\\Maintenance"}
{"EventID": "103", "Channel": "Microsoft-Windows-Diagnosis-Scripted/Operational", "Provider_Name": "Microsoft-Windows-Diagnosis-Scripted", "Computer": "DESKTOP-OFJ6N53", "TimeCreated": "2023-03-19 09:07:57.568357+00:00", "RecordID": "235", "Level": "4", "UserID": "S-1-5-21-963789628-1060504924-4285088085-1001", "EventData.PackageId": "MaintenanceDiagnostic"}
{"EventID": "104", "Channel": "Microsoft-Windows-Diagnosis-Scripted/Operational", "Provider_Name": "Microsoft-Windows-Diagnosis-Scripted", "Computer": "DESKTOP-OFJ6N53", "TimeCreated": "2023-03-19 09:08:46.705341+00:00", "RecordID": "236", "Level": "4", "UserID": "S-1-5-21-963789628-1060504924-4285088085-1001", "EventData.PackageId": "MaintenanceDiagnostic"}
{"EventID": "101", "Channel": "Microsoft-Windows-Diagnosis-Scripted/Operational", "Provider_Name": "Microsoft-Windows-Diagnosis-Scripted", "Computer": "DESKTOP-OFJ6N53", "TimeCreated": "2023-03-26 10:01:18.968735+00:00", "RecordID": "237", "Level": "4", "UserID": "S-1-5-21-963789628-1060504924-4285088085-1001", "EventData.PackagePath": "C:\\Windows\\diagnostics\\scheduled\\Maintenance"}
{"EventID": "102", "Channel": "Microsoft-Windows-Diagnosis-Scripted/Operational", "Provider_Name": "Microsoft-Windows-Diagnosis-Scripted", "Computer": "DESKTOP-OFJ6N53", "TimeCreated": "2023-03-26 10:01:21.421406+00:00", "RecordID": "238", "Level": "4", "UserID": "S-1-5-21-963789628-1060504924-4285088085-1001", "EventData.PackagePath": "C:\\Windows\\diagnostics\\scheduled\\Maintenance"}
{"EventID": "103", "Channel": "Microsoft-Windows-Diagnosis-Scripted/Operational", "Provider_Name": "Microsoft-Windows-Diagnosis-Scripted", "Computer": "DESKTOP-OFJ6N53", "TimeCreated": "2023-03-26 10:01:21.424131+00:00", "RecordID": "239", "Level": "4", "UserID": "S-1-5-21-963789628-1060504924-4285088085-1001", "EventData.PackageId": "MaintenanceDiagnostic"}
{"EventID": "104", "Channel": "Microsoft-Windows-Diagnosis-Scripted/Operational", "Provider_Name": "Microsoft-Windows-Diagnosis-Scripted", "Computer": "DESKTOP-OFJ6N53", "TimeCreated": "2023-03-26 10:02:43.940367+00:00", "RecordID": "240", "Level": "4", "UserID": "S-1-5-21-963789628-1060504924-4285088085-1001", "EventData.PackageId": "MaintenanceDiagnostic"}
{"EventID": "101", "Channel": "Microsoft-Windows-Diagnosis-Scripted/Operational", "Provider_Name": "Microsoft-Windows-Diagnosis-Scripted", "Computer": "DESKTOP-OFJ6N53", "TimeCreated": "2023-04-02 09:09:14.209778+00:00", "RecordID": "241", "Level": "4", "UserID": "S-1-5-21-963789628-1060504924-4285088085-1001", "EventData.PackagePath": "C:\\Windows\\diagnostics\\scheduled\\Maintenance"}
{"EventID": "102", "Channel": "Microsoft-Windows-Diagnosis-Scripted/Operational", "Provider_Name": "Microsoft-Windows-Diagnosis-Scripted", "Computer": "DESKTOP-OFJ6N53", "TimeCreated": "2023-04-02 09:09:15.853966+00:00", "RecordID": "242", "Level": "4", "UserID": "S-1-5-21-963789628-1060504924-4285088085-1001", "EventData.PackagePath": "C:\\Windows\\diagnostics\\scheduled\\Maintenance"}
{"EventID": "103", "Channel": "Microsoft-Windows-Diagnosis-Scripted/Operational", "Provider_Name": "Microsoft-Windows-Diagnosis-Scripted", "Computer": "DESKTOP-OFJ6N53", "TimeCreated": "2023-04-02 09:09:15.860563+00:00", "RecordID": "243", "Level": "4", "UserID": "S-1-5-21-963789628-1060504924-4285088085-1001", "EventData.PackageId": "MaintenanceDiagnostic"}
{"EventID": "104", "Channel": "Microsoft-Windows-Diagnosis-Scripted/Operational", "Provider_Name": "Microsoft-Windows-Diagnosis-Scripted", "Computer": "DESKTOP-OFJ6N53", "TimeCreated": "2023-04-02 09:09:46.434916+00:00", "RecordID": "244", "Level": "4", "UserID": "S-1-5-21-963789628-1060504924-4285088085-1001", "EventData.PackageId": "MaintenanceDiagnostic"}
{"EventID": "101", "Channel": "Microsoft-Windows-Diagnosis-Scripted/Operational", "Provider_Name": "Microsoft-Windows-Diagnosis-Scripted", "Computer": "DESKTOP-OFJ6N53", "TimeCreated": "2023-04-09 09:19:52.944502+00:00", "RecordID": "245", "Level": "4", "UserID": "S-1-5-21-963789628-1060504924-4285088085-1001", "EventData.PackagePath": "C:\\Windows\\diagnostics\\scheduled\\Maintenance"}
{"EventID": "102", "Channel": "Microsoft-Windows-Diagnosis-Scripted/Operational", "Provider_Name": "Microsoft-Windows-Diagnosis-Scripted", "Computer": "DESKTOP-OFJ6N53", "TimeCreated": "2023-04-09 09:20:07.099485+00:00", "RecordID": "246", "Level": "4", "UserID": "S-1-5-21-963789628-1060504924-4285088085-1001", "EventData.PackagePath": "C:\\Windows\\diagnostics\\scheduled\\Maintenance"}
{"EventID": "103", "Channel": "Microsoft-Windows-Diagnosis-Scripted/Operational", "Provider_Name": "Microsoft-Windows-Diagnosis-Scripted", "Computer": "DESKTOP-OFJ6N53", "TimeCreated": "2023-04-09 09:20:07.140247+00:00", "RecordID": "247", "Level": "4", "UserID": "S-1-5-21-963789628-1060504924-4285088085-1001", "EventData.PackageId": "MaintenanceDiagnostic"}
{"EventID": "104", "Channel": "Microsoft-Windows-Diagnosis-Scripted/Operational", "Provider_Name": "Microsoft-Windows-Diagnosis-Scripted", "Computer": "DESKTOP-OFJ6N53", "TimeCreated": "2023-04-09 09:21:23.895393+00:00", "RecordID": "248", "Level": "4", "UserID": "S-1-5-21-963789628-1060504924-4285088085-1001", "EventData.PackageId": "MaintenanceDiagnostic"}
{"EventID": "101", "Channel": "Microsoft-Windows-Diagnosis-Scripted/Operational", "Provider_Name": "Microsoft-Windows-Diagnosis-Scripted", "Computer": "DESKTOP-OFJ6N53", "TimeCreated": "2023-04-16 09:27:18.498131+00:00", "RecordID": "249", "Level": "4", "UserID": "S-1-5-21-963789628-1060504924-4285088085-1001", "EventData.PackagePath": "C:\\Windows\\diagnostics\\scheduled\\Maintenance"}
{"EventID": "102", "Channel": "Microsoft-Windows-Diagnosis-Scripted/Operational", "Provider_Name": "Microsoft-Windows-Diagnosis-Scripted", "Computer": "DESKTOP-OFJ6N53", "TimeCreated": "2023-04-16 09:27:18.785330+00:00", "RecordID": "250", "Level": "4", "UserID": "S-1-5-21-963789628-1060504924-4285088085-1001", "EventData.PackagePath": "C:\\Windows\\diagnostics\\scheduled\\Maintenance"}
{"EventID": "103", "Channel": "Microsoft-Windows-Diagnosis-Scripted/Operational", "Provider_Name": "Microsoft-Windows-Diagnosis-Scripted", "Computer": "DESKTOP-OFJ6N53", "TimeCreated": "2023-04-16 09:27:18.788719+00:00", "RecordID": "251", "Level": "4", "UserID": "S-1-5-21-963789628-1060504924-4285088085-1001", "EventData.PackageId": "MaintenanceDiagnostic"}
{"EventID": "104", "Channel": "Microsoft-Windows-Diagnosis-Scripted/Operational", "Provider_Name": "Microsoft-Windows-Diagnosis-Scripted", "Computer": "DESKTOP-OFJ6N53", "TimeCreated": "2023-04-16 09:27:28.951326+00:00", "RecordID": "252", "Level": "4", "UserID": "S-1-5-21-963789628-1060504924-4285088085-1001", "EventData.PackageId": "MaintenanceDiagnostic"}
{"EventID": "101", "Channel": "Microsoft-Windows-Diagnosis-Scripted/Operational", "Provider_Name": "Microsoft-Windows-Diagnosis-Scripted", "Computer": "DESKTOP-OFJ6N53", "TimeCreated": "2023-04-23 10:24:28.590492+00:00", "RecordID": "253", "Level": "4", "UserID": "S-1-5-21-963789628-1060504924-4285088085-1001", "EventData.PackagePath": "C:\\Windows\\diagnostics\\scheduled\\Maintenance"}
{"EventID": "102", "Channel": "Microsoft-Windows-Diagnosis-Scripted/Operational", "Provider_Name": "Microsoft-Windows-Diagnosis-Scripted", "Computer": "DESKTOP-OFJ6N53", "TimeCreated": "2023-04-23 10:24:28.759516+00:00", "RecordID": "254", "Level": "4", "UserID": "S-1-5-21-963789628-1060504924-4285088085-1001", "EventData.PackagePath": "C:\\Windows\\diagnostics\\scheduled\\Maintenance"}
{"EventID": "103", "Channel": "Microsoft-Windows-Diagnosis-Scripted/Operational", "Provider_Name": "Microsoft-Windows-Diagnosis-Scripted", "Computer": "DESKTOP-OFJ6N53", "TimeCreated": "2023-04-23 10:24:28.764364+00:00", "RecordID": "255", "Level": "4", "UserID": "S-1-5-21-963789628-1060504924-4285088085-1001", "EventData.PackageId": "MaintenanceDiagnostic"}
{"EventID": "104", "Channel": "Microsoft-Windows-Diagnosis-Scripted/Operational", "Provider_Name": "Microsoft-Windows-Diagnosis-Scripted", "Computer": "DESKTOP-OFJ6N53", "TimeCreated": "2023-04-23 10:24:30.520350+00:00", "RecordID": "256", "Level": "4", "UserID": "S-1-5-21-963789628-1060504924-4285088085-1001", "EventData.PackageId": "MaintenanceDiagnostic"}
{"EventID": "101", "Channel": "Microsoft-Windows-Diagnosis-Scripted/Operational", "Provider_Name": "Microsoft-Windows-Diagnosis-Scripted", "Computer": "DESKTOP-OFJ6N53", "TimeCreated": "2023-04-30 10:05:21.604347+00:00", "RecordID": "257", "Level": "4", "UserID": "S-1-5-21-963789628-1060504924-4285088085-1001", "EventData.PackagePath": "C:\\Windows\\diagnostics\\scheduled\\Maintenance"}
{"EventID": "102", "Channel": "Microsoft-Windows-Diagnosis-Scripted/Operational", "Provider_Name": "Microsoft-Windows-Diagnosis-Scripted", "Computer": "DESKTOP-OFJ6N53", "TimeCreated": "2023-04-30 10:05:22.370739+00:00", "RecordID": "258", "Level": "4", "UserID": "S-1-5-21-963789628-1060504924-4285088085-1001", "EventData.PackagePath": "C:\\Windows\\diagnostics\\scheduled\\Maintenance"}
{"EventID": "103", "Channel": "Microsoft-Windows-Diagnosis-Scripted/Operational", "Provider_Name": "Microsoft-Windows-Diagnosis-Scripted", "Computer": "DESKTOP-OFJ6N53", "TimeCreated": "2023-04-30 10:05:22.372866+00:00", "RecordID": "259", "Level": "4", "UserID": "S-1-5-21-963789628-1060504924-4285088085-1001", "EventData.PackageId": "MaintenanceDiagnostic"}
{"EventID": "104", "Channel": "Microsoft-Windows-Diagnosis-Scripted/Operational", "Provider_Name": "Microsoft-Windows-Diagnosis-Scripted", "Computer": "DESKTOP-OFJ6N53", "TimeCreated": "2023-04-30 10:05:33.601030+00:00", "RecordID": "260", "Level": "4", "UserID": "S-1-5-21-963789628-1060504924-4285088085-1001", "EventData.PackageId": "MaintenanceDiagnostic"}
{"EventID": "101", "Channel": "Microsoft-Windows-Diagnosis-Scripted/Operational", "Provider_Name": "Microsoft-Windows-Diagnosis-Scripted", "Computer": "DESKTOP-OFJ6N53", "TimeCreated": "2023-05-07 10:17:00.686611+00:00", "RecordID": "261", "Level": "4", "UserID": "S-1-5-21-963789628-1060504924-4285088085-1001", "EventData.PackagePath": "C:\\Windows\\diagnostics\\scheduled\\Maintenance"}
{"EventID": "102", "Channel": "Microsoft-Windows-Diagnosis-Scripted/Operational", "Provider_Name": "Microsoft-Windows-Diagnosis-Scripted", "Computer": "DESKTOP-OFJ6N53", "TimeCreated": "2023-05-07 10:17:01.029015+00:00", "RecordID": "262", "Level": "4", "UserID": "S-1-5-21-963789628-1060504924-4285088085-1001", "EventData.PackagePath": "C:\\Windows\\diagnostics\\scheduled\\Maintenance"}
{"EventID": "103", "Channel": "Microsoft-Windows-Diagnosis-Scripted/Operational", "Provider_Name": "Microsoft-Windows-Diagnosis-Scripted", "Computer": "DESKTOP-OFJ6N53", "TimeCreated": "2023-05-07 10:17:01.031130+00:00", "RecordID": "263", "Level": "4", "UserID": "S-1-5-21-963789628-1060504924-4285088085-1001", "EventData.PackageId": "MaintenanceDiagnostic"}
{"EventID": "104", "Channel": "Microsoft-Windows-Diagnosis-Scripted/Operational", "Provider_Name": "Microsoft-Windows-Diagnosis-Scripted", "Computer": "DESKTOP-OFJ6N53", "TimeCreated": "2023-05-07 10:17:05.435247+00:00", "RecordID": "264", "Level": "4", "UserID": "S-1-5-21-963789628-1060504924-4285088085-1001", "EventData.PackageId": "MaintenanceDiagnostic"}
{"EventID": "101", "Channel": "Microsoft-Windows-Diagnosis-Scripted/Operational", "Provider_Name": "Microsoft-Windows-Diagnosis-Scripted", "Computer": "DESKTOP-OFJ6N53", "TimeCreated": "2023-05-14 08:46:10.293364+00:00", "RecordID": "265", "Level": "4", "UserID": "S-1-5-21-963789628-1060504924-4285088085-1001", "EventData.PackagePath": "C:\\Windows\\diagnostics\\scheduled\\Maintenance"}
