{"EventID": "100", "Channel": "Microsoft-Windows-Ntfs/WHC", "Provider_Name": "Microsoft-Windows-Ntfs", "Computer": "WIN-E725EAE32MJ", "TimeCreated": "2022-02-24 08:24:16.207174+00:00", "RecordID": "1", "Level": "4", "UserID": "S-1-5-18", "EventData.hc_stateid": "0"}
{"EventID": "100", "Channel": "Microsoft-Windows-Ntfs/WHC", "Provider_Name": "Microsoft-Windows-Ntfs", "Computer": "DESKTOP-OFJ6N53", "TimeCreated": "2022-02-24 08:27:03.110882+00:00", "RecordID": "2", "Level": "4", "UserID": "S-1-5-18", "EventData.hc_stateid": "0"}
{"EventID": "100", "Channel": "Microsoft-Windows-Ntfs/WHC", "Provider_Name": "Microsoft-Windows-Ntfs", "Computer": "DESKTOP-OFJ6N53", "TimeCreated": "2022-02-24 12:38:00.404999+00:00", "RecordID": "3", "Level": "4", "UserID": "S-1-5-18", "EventData.hc_stateid": "0"}
{"EventID": "100", "Channel": "Microsoft-Windows-Ntfs/WHC", "Provider_Name": "Microsoft-Windows-Ntfs", "Computer": "DESKTOP-OFJ6N53", "TimeCreated": "2022-02-24 12:51:59.170420+00:00", "RecordID": "4", "Level": "4", "UserID": "S-1-5-18", "EventData.hc_stateid": "0"}
{"EventID": "100", "Channel": "Microsoft-Windows-Ntfs/WHC", "Provider_Name": "Microsoft-Windows-Ntfs", "Computer": "DESKTOP-OFJ6N53", "TimeCreated": "2022-02-24 21:40:08.781986+00:00", "RecordID": "5", "Level": "4", "UserID": "S-1-5-18", "EventData.hc_stateid": "0"}
{"EventID": "100", "Channel": "Microsoft-Windows-Ntfs/WHC", "Provider_Name": "Microsoft-Windows-Ntfs", "Computer": "DESKTOP-OFJ6N53", "TimeCreated": "2022-03-03 17:18:22.751591+00:00", "RecordID": "6", "Level": "4", "UserID": "S-1-5-18", "EventData.hc_stateid": "0"}
{"EventID": "100", "Channel": "Microsoft-Windows-Ntfs/WHC", "Provider_Name": "Microsoft-Windows-Ntfs", "Computer": "DESKTOP-OFJ6N53", "TimeCreated": "2022-03-09 07:31:39.031000+00:00", "RecordID": "7", "Level": "4", "UserID": "S-1-5-18", "EventData.hc_stateid": "0"}
{"EventID": "100", "Channel": "Microsoft-Windows-Ntfs/WHC", "Provider_Name": "Microsoft-Windows-Ntfs", "Computer": "DESKTOP-OFJ6N53", "TimeCreated": "2022-03-09 10:16:37.218485+00:00", "RecordID": "8", "Level": "4", "UserID": "S-1-5-18", "EventData.hc_stateid": "0"}
{"EventID": "100", "Channel": "Microsoft-Windows-Ntfs/WHC", "Provider_Name": "Microsoft-Windows-Ntfs", "Computer": "DESKTOP-OFJ6N53", "TimeCreated": "2022-03-09 11:07:43.142506+00:00", "RecordID": "9", "Level": "4", "UserID": "S-1-5-18", "EventData.hc_stateid": "0"}
{"EventID": "100", "Channel": "Microsoft-Windows-Ntfs/WHC", "Provider_Name": "Microsoft-Windows-Ntfs", "Computer": "DESKTOP-OFJ6N53", "TimeCreated": "2022-03-10 14:20:09.312414+00:00", "RecordID": "10", "Level": "4", "UserID": "S-1-5-18", "EventData.hc_stateid": "0"}
{"EventID": "100", "Channel": "Microsoft-Windows-Ntfs/WHC", "Provider_Name": "Microsoft-Windows-Ntfs", "Computer": "DESKTOP-OFJ6N53", "TimeCreated": "2022-03-10 16:25:05.142460+00:00", "RecordID": "11", "Level": "4", "UserID": "S-1-5-18", "EventData.hc_stateid": "0"}
{"EventID": "100", "Channel": "Microsoft-Windows-Ntfs/WHC", "Provider_Name": "Microsoft-Windows-Ntfs", "Computer": "DESKTOP-OFJ6N53", "TimeCreated": "2022-03-15 16:44:30.935173+00:00", "RecordID": "12", "Level": "4", "UserID": "S-1-5-18", "EventData.hc_stateid": "0"}
{"EventID": "100", "Channel": "Microsoft-Windows-Ntfs/WHC", "Provider_Name": "Microsoft-Windows-Ntfs", "Computer": "DESKTOP-OFJ6N53", "TimeCreated": "2022-04-13 14:34:18.597418+00:00", "RecordID": "13", "Level": "4", "UserID": "S-1-5-18", "EventData.hc_stateid": "0"}
{"EventID": "100", "Channel": "Microsoft-Windows-Ntfs/WHC", "Provider_Name": "Microsoft-Windows-Ntfs", "Computer": "DESKTOP-OFJ6N53", "TimeCreated": "2022-04-28 21:42:51.836245+00:00", "RecordID": "14", "Level": "4", "UserID": "S-1-5-18", "EventData.hc_stateid": "0"}
{"EventID": "100", "Channel": "Microsoft-Windows-Ntfs/WHC", "Provider_Name": "Microsoft-Windows-Ntfs", "Computer": "DESKTOP-OFJ6N53", "TimeCreated": "2022-05-05 09:59:47.774786+00:00", "RecordID": "15", "Level": "4", "UserID": "S-1-5-18", "EventData.hc_stateid": "0"}
{"EventID": "100", "Channel": "Microsoft-Windows-Ntfs/WHC", "Provider_Name": "Microsoft-Windows-Ntfs", "Computer": "DESKTOP-OFJ6N53", "TimeCreated": "2022-05-10 23:32:55.491064+00:00", "RecordID": "16", "Level": "4", "UserID": "S-1-5-18", "EventData.hc_stateid": "0"}
{"EventID": "100", "Channel": "Microsoft-Windows-Ntfs/WHC", "Provider_Name": "Microsoft-Windows-Ntfs", "Computer": "DESKTOP-OFJ6N53", "TimeCreated": "2022-06-06 07:33:53.480183+00:00", "RecordID": "17", "Level": "4", "UserID": "S-1-5-18", "EventData.hc_stateid": "0"}
{"EventID": "100", "Channel": "Microsoft-Windows-Ntfs/WHC", "Provider_Name": "Microsoft-Windows-Ntfs", "Computer": "DESKTOP-OFJ6N53", "TimeCreated": "2022-06-06 07:37:12.159658+00:00", "RecordID": "18", "Level": "4", "UserID": "S-1-5-18", "EventData.hc_stateid": "0"}
{"EventID": "100", "Channel": "Microsoft-Windows-Ntfs/WHC", "Provider_Name": "Microsoft-Windows-Ntfs", "Computer": "DESKTOP-OFJ6N53", "TimeCreated": "2022-06-14 18:01:23.827003+00:00", "RecordID": "19", "Level": "4", "UserID": "S-1-5-18", "EventData.hc_stateid": "0"}
{"EventID": "100", "Channel": "Microsoft-Windows-Ntfs/WHC", "Provider_Name": "Microsoft-Windows-Ntfs", "Computer": "DESKTOP-OFJ6N53", "TimeCreated": "2022-07-13 14:42:16.460413+00:00", "RecordID": "20", "Level": "4", "UserID": "S-1-5-18", "EventData.hc_stateid": "0"}
{"EventID": "100", "Channel": "Microsoft-Windows-Ntfs/WHC", "Provider_Name": "Microsoft-Windows-Ntfs", "Computer": "DESKTOP-OFJ6N53", "TimeCreated": "2022-08-04 17:04:29.086752+00:00", "RecordID": "21", "Level": "4", "UserID": "S-1-5-18", "EventData.hc_stateid": "0"}
{"EventID": "100", "Channel": "Microsoft-Windows-Ntfs/WHC", "Provider_Name": "Microsoft-Windows-Ntfs", "Computer": "DESKTOP-OFJ6N53", "TimeCreated": "2022-08-09 19:08:35.435154+00:00", "RecordID": "22", "Level": "4", "UserID": "S-1-5-18", "EventData.hc_stateid": "0"}
{"EventID": "100", "Channel": "Microsoft-Windows-Ntfs/WHC", "Provider_Name": "Microsoft-Windows-Ntfs", "Computer": "DESKTOP-OFJ6N53", "TimeCreated": "2022-09-06 09:01:37.311136+00:00", "RecordID": "23", "Level": "4", "UserID": "S-1-5-18", "EventData.hc_stateid": "0"}
{"EventID": "100", "Channel": "Microsoft-Windows-Ntfs/WHC", "Provider_Name": "Microsoft-Windows-Ntfs", "Computer": "DESKTOP-OFJ6N53", "TimeCreated": "2022-09-06 13:01:09.941160+00:00", "RecordID": "24", "Level": "4", "UserID": "S-1-5-18", "EventData.hc_stateid": "0"}
{"EventID": "100", "Channel": "Microsoft-Windows-Ntfs/WHC", "Provider_Name": "Microsoft-Windows-Ntfs", "Computer": "DESKTOP-OFJ6N53", "TimeCreated": "2022-09-13 14:05:25.028692+00:00", "RecordID": "25", "Level": "4", "UserID": "S-1-5-18", "EventData.hc_stateid": "0"}
{"EventID": "100", "Channel": "Microsoft-Windows-Ntfs/WHC", "Provider_Name": "Microsoft-Windows-Ntfs", "Computer": "DESKTOP-OFJ6N53", "TimeCreated": "2022-09-14 17:17:05.132877+00:00", "RecordID": "26", "Level": "4", "UserID": "S-1-5-18", "EventData.hc_stateid": "0"}
{"EventID": "100", "Channel": "Microsoft-Windows-Ntfs/WHC", "Provider_Name": "Microsoft-Windows-Ntfs", "Computer": "DESKTOP-OFJ6N53", "TimeCreated": "2022-09-22 12:40:20.631472+00:00", "RecordID": "27", "Level": "4", "UserID": "S-1-5-18", "EventData.hc_stateid": "0"}
{"EventID": "100", "Channel": "Microsoft-Windows-Ntfs/WHC", "Provider_Name": "Microsoft-Windows-Ntfs", "Computer": "DESKTOP-OFJ6N53", "TimeCreated": "2022-09-29 11:32:22.987917+00:00", "RecordID": "28", "Level": "4", "UserID": "S-1-5-18", "EventData.hc_stateid": "0"}
{"EventID": "100", "Channel": "Microsoft-Windows-Ntfs/WHC", "Provider_Name": "Microsoft-Windows-Ntfs", "Computer": "DESKTOP-OFJ6N53", "TimeCreated": "2022-10-04 08:34:42.269463+00:00", "RecordID": "29", "Level": "4", "UserID": "S-1-5-18", "EventData.hc_stateid": "0"}
{"EventID": "100", "Channel": "Microsoft-Windows-Ntfs/WHC", "Provider_Name": "Microsoft-Windows-Ntfs", "Computer": "DESKTOP-OFJ6N53", "TimeCreated": "2022-10-05 14:36:57.768860+00:00", "RecordID": "30", "Level": "4", "UserID": "S-1-5-18", "EventData.hc_stateid": "0"}
{"EventID": "100", "Channel": "Microsoft-Windows-Ntfs/WHC", "Provider_Name": "Microsoft-Windows-Ntfs", "Computer": "DESKTOP-OFJ6N53", "TimeCreated": "2022-10-06 08:20:54.436096+00:00", "RecordID": "31", "Level": "4", "UserID": "S-1-5-18", "EventData.hc_stateid": "0"}
{"EventID": "100", "Channel": "Microsoft-Windows-Ntfs/WHC", "Provider_Name": "Microsoft-Windows-Ntfs", "Computer": "DESKTOP-OFJ6N53", "TimeCreated": "2022-10-06 09:15:55.295671+00:00", "RecordID": "32", "Level": "4", "UserID": "S-1-5-18", "EventData.hc_stateid": "0"}
{"EventID": "100", "Channel": "Microsoft-Windows-Ntfs/WHC", "Provider_Name": "Microsoft-Windows-Ntfs", "Computer": "DESKTOP-OFJ6N53", "TimeCreated": "2022-10-11 22:42:55.103516+00:00", "RecordID": "33", "Level": "4", "UserID": "S-1-5-18", "EventData.hc_stateid": "0"}
{"EventID": "100", "Channel": "Microsoft-Windows-Ntfs/WHC", "Provider_Name": "Microsoft-Windows-Ntfs", "Computer": "DESKTOP-OFJ6N53", "TimeCreated": "2022-10-17 12:09:19.451756+00:00", "RecordID": "34", "Level": "4", "UserID": "S-1-5-18", "EventData.hc_stateid": "0"}
{"EventID": "100", "Channel": "Microsoft-Windows-Ntfs/WHC", "Provider_Name": "Microsoft-Windows-Ntfs", "Computer": "DESKTOP-OFJ6N53", "TimeCreated": "2022-10-19 13:47:57.044992+00:00", "RecordID": "35", "Level": "4", "UserID": "S-1-5-18", "EventData.hc_stateid": "0"}
{"EventID": "100", "Channel": "Microsoft-Windows-Ntfs/WHC", "Provider_Name": "Microsoft-Windows-Ntfs", "Computer": "DESKTOP-OFJ6N53", "TimeCreated": "2022-10-27 11:48:03.413271+00:00", "RecordID": "36", "Level": "4", "UserID": "S-1-5-18", "EventData.hc_stateid": "0"}
{"EventID": "100", "Channel": "Microsoft-Windows-Ntfs/WHC", "Provider_Name": "Microsoft-Windows-Ntfs", "Computer": "DESKTOP-OFJ6N53", "TimeCreated": "2022-11-09 14:40:55.668129+00:00", "RecordID": "37", "Level": "4", "UserID": "S-1-5-18", "EventData.hc_stateid": "0"}
{"EventID": "100", "Channel": "Microsoft-Windows-Ntfs/WHC", "Provider_Name": "Microsoft-Windows-Ntfs", "Computer": "DESKTOP-OFJ6N53", "TimeCreated": "2022-11-10 09:28:27.322754+00:00", "RecordID": "38", "Level": "4", "UserID": "S-1-5-18", "EventData.hc_stateid": "0"}
{"EventID": "100", "Channel": "Microsoft-Windows-Ntfs/WHC", "Provider_Name": "Microsoft-Windows-Ntfs", "Computer": "DESKTOP-OFJ6N53", "TimeCreated": "2022-11-17 17:39:18.330402+00:00", "RecordID": "39", "Level": "4", "UserID": "S-1-5-18", "EventData.hc_stateid": "0"}
{"EventID": "100", "Channel": "Microsoft-Windows-Ntfs/WHC", "Provider_Name": "Microsoft-Windows-Ntfs", "Computer": "DESKTOP-OFJ6N53", "TimeCreated": "2022-11-18 00:56:25.673752+00:00", "RecordID": "40", "Level": "4", "UserID": "S-1-5-18", "EventData.hc_stateid": "0"}
{"EventID": "100", "Channel": "Microsoft-Windows-Ntfs/WHC", "Provider_Name": "Microsoft-Windows-Ntfs", "Computer": "DESKTOP-OFJ6N53", "TimeCreated": "2022-11-19 20:55:53.550299+00:00", "RecordID": "41", "Level": "4", "UserID": "S-1-5-18", "EventData.hc_stateid": "0"}
{"EventID": "100", "Channel": "Microsoft-Windows-Ntfs/WHC", "Provider_Name": "Microsoft-Windows-Ntfs", "Computer": "DESKTOP-OFJ6N53", "TimeCreated": "2022-11-21 07:56:18.946283+00:00", "RecordID": "42", "Level": "4", "UserID": "S-1-5-18", "EventData.hc_stateid": "0"}
{"EventID": "100", "Channel": "Microsoft-Windows-Ntfs/WHC", "Provider_Name": "Microsoft-Windows-Ntfs", "Computer": "DESKTOP-OFJ6N53", "TimeCreated": "2022-11-22 07:19:43.065388+00:00", "RecordID": "43", "Level": "4", "UserID": "S-1-5-18", "EventData.hc_stateid": "0"}
{"EventID": "100", "Channel": "Microsoft-Windows-Ntfs/WHC", "Provider_Name": "Microsoft-Windows-Ntfs", "Computer": "DESKTOP-OFJ6N53", "TimeCreated": "2022-11-22 11:56:53.819645+00:00", "RecordID": "44", "Level": "4", "UserID": "S-1-5-18", "EventData.hc_stateid": "0"}
{"EventID": "100", "Channel": "Microsoft-Windows-Ntfs/WHC", "Provider_Name": "Microsoft-Windows-Ntfs", "Computer": "DESKTOP-OFJ6N53", "TimeCreated": "2022-11-24 10:51:57.625278+00:00", "RecordID": "45", "Level": "4", "UserID": "S-1-5-18", "EventData.hc_stateid": "0"}
{"EventID": "100", "Channel": "Microsoft-Windows-Ntfs/WHC", "Provider_Name": "Microsoft-Windows-Ntfs", "Computer": "DESKTOP-OFJ6N53", "TimeCreated": "2022-11-28 11:06:28.077028+00:00", "RecordID": "46", "Level": "4", "UserID": "S-1-5-18", "EventData.hc_stateid": "0"}
{"EventID": "100", "Channel": "Microsoft-Windows-Ntfs/WHC", "Provider_Name": "Microsoft-Windows-Ntfs", "Computer": "DESKTOP-OFJ6N53", "TimeCreated": "2022-11-30 10:05:22.800615+00:00", "RecordID": "47", "Level": "4", "UserID": "S-1-5-18", "EventData.hc_stateid": "0"}
{"EventID": "100", "Channel": "Microsoft-Windows-Ntfs/WHC", "Provider_Name": "Microsoft-Windows-Ntfs", "Computer": "DESKTOP-OFJ6N53", "TimeCreated": "2022-12-06 11:57:00.113325+00:00", "RecordID": "48", "Level": "4", "UserID": "S-1-5-18", "EventData.hc_stateid": "0"}
{"EventID": "100", "Channel": "Microsoft-Windows-Ntfs/WHC", "Provider_Name": "Microsoft-Windows-Ntfs", "Computer": "DESKTOP-OFJ6N53", "TimeCreated": "2022-12-09 11:51:39.904690+00:00", "RecordID": "49", "Level": "4", "UserID": "S-1-5-18", "EventData.hc_stateid": "0"}
{"EventID": "100", "Channel": "Microsoft-Windows-Ntfs/WHC", "Provider_Name": "Microsoft-Windows-Ntfs", "Computer": "DESKTOP-OFJ6N53", "TimeCreated": "2022-12-12 15:20:17.601923+00:00", "RecordID": "50", "Level": "4", "UserID": "S-1-5-18", "EventData.hc_stateid": "0"}
{"EventID": "100", "Channel": "Microsoft-Windows-Ntfs/WHC", "Provider_Name": "Microsoft-Windows-Ntfs", "Computer": "DESKTOP-OFJ6N53", "TimeCreated": "2022-12-14 12:46:22.205647+00:00", "RecordID": "51", "Level": "4", "UserID": "S-1-5-18", "EventData.hc_stateid": "0"}
{"EventID": "100", "Channel": "Microsoft-Windows-Ntfs/WHC", "Provider_Name": "Microsoft-Windows-Ntfs", "Computer": "DESKTOP-OFJ6N53", "TimeCreated": "2022-12-15 08:28:47.458868+00:00", "RecordID": "52", "Level": "4", "UserID": "S-1-5-18", "EventData.hc_stateid": "0"}
{"EventID": "100", "Channel": "Microsoft-Windows-Ntfs/WHC", "Provider_Name": "Microsoft-Windows-Ntfs", "Computer": "DESKTOP-OFJ6N53", "TimeCreated": "2022-12-21 09:55:15.350140+00:00", "RecordID": "53", "Level": "4", "UserID": "S-1-5-18", "EventData.hc_stateid": "0"}
{"EventID": "100", "Channel": "Microsoft-Windows-Ntfs/WHC", "Provider_Name": "Microsoft-Windows-Ntfs", "Computer": "DESKTOP-OFJ6N53", "TimeCreated": "2022-12-27 09:34:32.956778+00:00", "RecordID": "54", "Level": "4", "UserID": "S-1-5-18", "EventData.hc_stateid": "0"}
{"EventID": "100", "Channel": "Microsoft-Windows-Ntfs/WHC", "Provider_Name": "Microsoft-Windows-Ntfs", "Computer": "DESKTOP-OFJ6N53", "TimeCreated": "2022-12-29 12:41:30.030598+00:00", "RecordID": "55", "Level": "4", "UserID": "S-1-5-18", "EventData.hc_stateid": "0"}
{"EventID": "100", "Channel": "Microsoft-Windows-Ntfs/WHC", "Provider_Name": "Microsoft-Windows-Ntfs", "Computer": "DESKTOP-OFJ6N53", "TimeCreated": "2023-01-10 07:49:14.667694+00:00", "RecordID": "56", "Level": "4", "UserID": "S-1-5-18", "EventData.hc_stateid": "0"}
{"EventID": "100", "Channel": "Microsoft-Windows-Ntfs/WHC", "Provider_Name": "Microsoft-Windows-Ntfs", "Computer": "DESKTOP-OFJ6N53", "TimeCreated": "2023-01-11 14:45:29.519323+00:00", "RecordID": "57", "Level": "4", "UserID": "S-1-5-18", "EventData.hc_stateid": "0"}
{"EventID": "100", "Channel": "Microsoft-Windows-Ntfs/WHC", "Provider_Name": "Microsoft-Windows-Ntfs", "Computer": "DESKTOP-OFJ6N53", "TimeCreated": "2023-01-13 13:31:25.903730+00:00", "RecordID": "58", "Level": "4", "UserID": "S-1-5-18", "EventData.hc_stateid": "0"}
{"EventID": "100", "Channel": "Microsoft-Windows-Ntfs/WHC", "Provider_Name": "Microsoft-Windows-Ntfs", "Computer": "DESKTOP-OFJ6N53", "TimeCreated": "2023-01-16 08:14:22.721247+00:00", "RecordID": "59", "Level": "4", "UserID": "S-1-5-18", "EventData.hc_stateid": "0"}
{"EventID": "100", "Channel": "Microsoft-Windows-Ntfs/WHC", "Provider_Name": "Microsoft-Windows-Ntfs", "Computer": "DESKTOP-OFJ6N53", "TimeCreated": "2023-01-17 12:30:09.759706+00:00", "RecordID": "60", "Level": "4", "UserID": "S-1-5-18", "EventData.hc_stateid": "0"}
{"EventID": "100", "Channel": "Microsoft-Windows-Ntfs/WHC", "Provider_Name": "Microsoft-Windows-Ntfs", "Computer": "DESKTOP-OFJ6N53", "TimeCreated": "2023-01-19 08:00:07.588047+00:00", "RecordID": "61", "Level": "4", "UserID": "S-1-5-18", "EventData.hc_stateid": "0"}
{"EventID": "100", "Channel": "Microsoft-Windows-Ntfs/WHC", "Provider_Name": "Microsoft-Windows-Ntfs", "Computer": "DESKTOP-OFJ6N53", "TimeCreated": "2023-01-19 11:54:55.472729+00:00", "RecordID": "62", "Level": "4", "UserID": "S-1-5-18", "EventData.hc_stateid": "0"}
{"EventID": "100", "Channel": "Microsoft-Windows-Ntfs/WHC", "Provider_Name": "Microsoft-Windows-Ntfs", "Computer": "DESKTOP-OFJ6N53", "TimeCreated": "2023-01-20 14:30:56.281010+00:00", "RecordID": "63", "Level": "4", "UserID": "S-1-5-18", "EventData.hc_stateid": "0"}
{"EventID": "100", "Channel": "Microsoft-Windows-Ntfs/WHC", "Provider_Name": "Microsoft-Windows-Ntfs", "Computer": "DESKTOP-OFJ6N53", "TimeCreated": "2023-01-23 10:19:14.507195+00:00", "RecordID": "64", "Level": "4", "UserID": "S-1-5-18", "EventData.hc_stateid": "0"}
{"EventID": "100", "Channel": "Microsoft-Windows-Ntfs/WHC", "Provider_Name": "Microsoft-Windows-Ntfs", "Computer": "DESKTOP-OFJ6N53", "TimeCreated": "2023-01-23 12:40:54.629599+00:00", "RecordID": "65", "Level": "4", "UserID": "S-1-5-18", "EventData.hc_stateid": "0"}
{"EventID": "100", "Channel": "Microsoft-Windows-Ntfs/WHC", "Provider_Name": "Microsoft-Windows-Ntfs", "Computer": "DESKTOP-OFJ6N53", "TimeCreated": "2023-01-25 08:56:45.578484+00:00", "RecordID": "66", "Level": "4", "UserID": "S-1-5-18", "EventData.hc_stateid": "0"}
{"EventID": "100", "Channel": "Microsoft-Windows-Ntfs/WHC", "Provider_Name": "Microsoft-Windows-Ntfs", "Computer": "DESKTOP-OFJ6N53", "TimeCreated": "2023-01-27 15:03:59.047070+00:00", "RecordID": "67", "Level": "4", "UserID": "S-1-5-18", "EventData.hc_stateid": "0"}
{"EventID": "100", "Channel": "Microsoft-Windows-Ntfs/WHC", "Provider_Name": "Microsoft-Windows-Ntfs", "Computer": "DESKTOP-OFJ6N53", "TimeCreated": "2023-01-30 08:02:19.747299+00:00", "RecordID": "68", "Level": "4", "UserID": "S-1-5-18", "EventData.hc_stateid": "0"}
{"EventID": "100", "Channel": "Microsoft-Windows-Ntfs/WHC", "Provider_Name": "Microsoft-Windows-Ntfs", "Computer": "DESKTOP-OFJ6N53", "TimeCreated": "2023-02-09 10:49:44.081898+00:00", "RecordID": "69", "Level": "4", "UserID": "S-1-5-18", "EventData.hc_stateid": "0"}
{"EventID": "100", "Channel": "Microsoft-Windows-Ntfs/WHC", "Provider_Name": "Microsoft-Windows-Ntfs", "Computer": "DESKTOP-OFJ6N53", "TimeCreated": "2023-02-14 14:07:29.370611+00:00", "RecordID": "70", "Level": "4", "UserID": "S-1-5-18", "EventData.hc_stateid": "0"}
{"EventID": "100", "Channel": "Microsoft-Windows-Ntfs/WHC", "Provider_Name": "Microsoft-Windows-Ntfs", "Computer": "DESKTOP-OFJ6N53", "TimeCreated": "2023-02-15 12:29:54.962482+00:00", "RecordID": "71", "Level": "4", "UserID": "S-1-5-18", "EventData.hc_stateid": "0"}
{"EventID": "100", "Channel": "Microsoft-Windows-Ntfs/WHC", "Provider_Name": "Microsoft-Windows-Ntfs", "Computer": "DESKTOP-OFJ6N53", "TimeCreated": "2023-02-15 19:09:42.673271+00:00", "RecordID": "72", "Level": "4", "UserID": "S-1-5-18", "EventData.hc_stateid": "0"}
{"EventID": "100", "Channel": "Microsoft-Windows-Ntfs/WHC", "Provider_Name": "Microsoft-Windows-Ntfs", "Computer": "DESKTOP-OFJ6N53", "TimeCreated": "2023-02-16 01:24:08.617245+00:00", "RecordID": "73", "Level": "4", "UserID": "S-1-5-18", "EventData.hc_stateid": "0"}
{"EventID": "100", "Channel": "Microsoft-Windows-Ntfs/WHC", "Provider_Name": "Microsoft-Windows-Ntfs", "Computer": "DESKTOP-OFJ6N53", "TimeCreated": "2023-02-27 19:06:15.210888+00:00", "RecordID": "74", "Level": "4", "UserID": "S-1-5-18", "EventData.hc_stateid": "0"}
{"EventID": "100", "Channel": "Microsoft-Windows-Ntfs/WHC", "Provider_Name": "Microsoft-Windows-Ntfs", "Computer": "DESKTOP-OFJ6N53", "TimeCreated": "2023-03-06 08:59:12.519785+00:00", "RecordID": "75", "Level": "4", "UserID": "S-1-5-18", "EventData.hc_stateid": "0"}
{"EventID": "100", "Channel": "Microsoft-Windows-Ntfs/WHC", "Provider_Name": "Microsoft-Windows-Ntfs", "Computer": "DESKTOP-OFJ6N53", "TimeCreated": "2023-03-10 12:03:00.770073+00:00", "RecordID": "76", "Level": "4", "UserID": "S-1-5-18", "EventData.hc_stateid": "0"}
{"EventID": "100", "Channel": "Microsoft-Windows-Ntfs/WHC", "Provider_Name": "Microsoft-Windows-Ntfs", "Computer": "DESKTOP-OFJ6N53", "TimeCreated": "2023-03-13 11:07:46.898905+00:00", "RecordID": "77", "Level": "4", "UserID": "S-1-5-18", "EventData.hc_stateid": "0"}
{"EventID": "100", "Channel": "Microsoft-Windows-Ntfs/WHC", "Provider_Name": "Microsoft-Windows-Ntfs", "Computer": "DESKTOP-OFJ6N53", "TimeCreated": "2023-03-15 22:02:24.725883+00:00", "RecordID": "78", "Level": "4", "UserID": "S-1-5-18", "EventData.hc_stateid": "0"}
{"EventID": "100", "Channel": "Microsoft-Windows-Ntfs/WHC", "Provider_Name": "Microsoft-Windows-Ntfs", "Computer": "DESKTOP-OFJ6N53", "TimeCreated": "2023-03-19 01:06:41.194307+00:00", "RecordID": "79", "Level": "4", "UserID": "S-1-5-18", "EventData.hc_stateid": "0"}
{"EventID": "100", "Channel": "Microsoft-Windows-Ntfs/WHC", "Provider_Name": "Microsoft-Windows-Ntfs", "Computer": "DESKTOP-OFJ6N53", "TimeCreated": "2023-03-20 08:29:21.018751+00:00", "RecordID": "80", "Level": "4", "UserID": "S-1-5-18", "EventData.hc_stateid": "0"}
{"EventID": "100", "Channel": "Microsoft-Windows-Ntfs/WHC", "Provider_Name": "Microsoft-Windows-Ntfs", "Computer": "DESKTOP-OFJ6N53", "TimeCreated": "2023-03-23 09:59:42.874048+00:00", "RecordID": "81", "Level": "4", "UserID": "S-1-5-18", "EventData.hc_stateid": "0"}
{"EventID": "100", "Channel": "Microsoft-Windows-Ntfs/WHC", "Provider_Name": "Microsoft-Windows-Ntfs", "Computer": "DESKTOP-OFJ6N53", "TimeCreated": "2023-03-29 11:07:28.690639+00:00", "RecordID": "82", "Level": "4", "UserID": "S-1-5-18", "EventData.hc_stateid": "0"}
{"EventID": "100", "Channel": "Microsoft-Windows-Ntfs/WHC", "Provider_Name": "Microsoft-Windows-Ntfs", "Computer": "DESKTOP-OFJ6N53", "TimeCreated": "2023-04-03 12:06:07.478477+00:00", "RecordID": "83", "Level": "4", "UserID": "S-1-5-18", "EventData.hc_stateid": "0"}
{"EventID": "100", "Channel": "Microsoft-Windows-Ntfs/WHC", "Provider_Name": "Microsoft-Windows-Ntfs", "Computer": "DESKTOP-OFJ6N53", "TimeCreated": "2023-04-03 14:20:34.893225+00:00", "RecordID": "84", "Level": "4", "UserID": "S-1-5-18", "EventData.hc_stateid": "0"}
{"EventID": "100", "Channel": "Microsoft-Windows-Ntfs/WHC", "Provider_Name": "Microsoft-Windows-Ntfs", "Computer": "DESKTOP-OFJ6N53", "TimeCreated": "2023-04-04 06:29:36.931126+00:00", "RecordID": "85", "Level": "4", "UserID": "S-1-5-18", "EventData.hc_stateid": "0"}
{"EventID": "100", "Channel": "Microsoft-Windows-Ntfs/WHC", "Provider_Name": "Microsoft-Windows-Ntfs", "Computer": "DESKTOP-OFJ6N53", "TimeCreated": "2023-04-05 07:27:40.512938+00:00", "RecordID": "86", "Level": "4", "UserID": "S-1-5-18", "EventData.hc_stateid": "0"}
{"EventID": "100", "Channel": "Microsoft-Windows-Ntfs/WHC", "Provider_Name": "Microsoft-Windows-Ntfs", "Computer": "DESKTOP-OFJ6N53", "TimeCreated": "2023-04-05 15:17:33.348372+00:00", "RecordID": "87", "Level": "4", "UserID": "S-1-5-18", "EventData.hc_stateid": "0"}
{"EventID": "100", "Channel": "Microsoft-Windows-Ntfs/WHC", "Provider_Name": "Microsoft-Windows-Ntfs", "Computer": "DESKTOP-OFJ6N53", "TimeCreated": "2023-04-11 19:40:33.336021+00:00", "RecordID": "88", "Level": "4", "UserID": "S-1-5-18", "EventData.hc_stateid": "0"}
{"EventID": "100", "Channel": "Microsoft-Windows-Ntfs/WHC", "Provider_Name": "Microsoft-Windows-Ntfs", "Computer": "DESKTOP-OFJ6N53", "TimeCreated": "2023-04-12 17:26:41.613384+00:00", "RecordID": "89", "Level": "4", "UserID": "S-1-5-18", "EventData.hc_stateid": "0"}
{"EventID": "100", "Channel": "Microsoft-Windows-Ntfs/WHC", "Provider_Name": "Microsoft-Windows-Ntfs", "Computer": "DESKTOP-OFJ6N53", "TimeCreated": "2023-04-22 12:24:11.792757+00:00", "RecordID": "90", "Level": "4", "UserID": "S-1-5-18", "EventData.hc_stateid": "0"}
{"EventID": "100", "Channel": "Microsoft-Windows-Ntfs/WHC", "Provider_Name": "Microsoft-Windows-Ntfs", "Computer": "DESKTOP-OFJ6N53", "TimeCreated": "2023-04-26 10:05:04.161362+00:00", "RecordID": "91", "Level": "4", "UserID": "S-1-5-18", "EventData.hc_stateid": "0"}
{"EventID": "100", "Channel": "Microsoft-Windows-Ntfs/WHC", "Provider_Name": "Microsoft-Windows-Ntfs", "Computer": "DESKTOP-OFJ6N53", "TimeCreated": "2023-05-02 20:27:35.900791+00:00", "RecordID": "92", "Level": "4", "UserID": "S-1-5-18", "EventData.hc_stateid": "0"}
{"EventID": "100", "Channel": "Microsoft-Windows-Ntfs/WHC", "Provider_Name": "Microsoft-Windows-Ntfs", "Computer": "DESKTOP-OFJ6N53", "TimeCreated": "2023-05-03 08:16:21.385574+00:00", "RecordID": "93", "Level": "4", "UserID": "S-1-5-18", "EventData.hc_stateid": "0"}
{"EventID": "100", "Channel": "Microsoft-Windows-Ntfs/WHC", "Provider_Name": "Microsoft-Windows-Ntfs", "Computer": "DESKTOP-OFJ6N53", "TimeCreated": "2023-05-10 00:45:43.027130+00:00", "RecordID": "94", "Level": "4", "UserID": "S-1-5-18", "EventData.hc_stateid": "0"}
{"EventID": "100", "Channel": "Microsoft-Windows-Ntfs/WHC", "Provider_Name": "Microsoft-Windows-Ntfs", "Computer": "DESKTOP-OFJ6N53", "TimeCreated": "2023-05-15 12:19:38.003864+00:00", "RecordID": "95", "Level": "4", "UserID": "S-1-5-18", "EventData.hc_stateid": "0"}
{"EventID": "100", "Channel": "Microsoft-Windows-Ntfs/WHC", "Provider_Name": "Microsoft-Windows-Ntfs", "Computer": "DESKTOP-OFJ6N53", "TimeCreated": "2023-05-16 14:55:19.763859+00:00", "RecordID": "96", "Level": "4", "UserID": "S-1-5-18", "EventData.hc_stateid": "0"}
{"EventID": "100", "Channel": "Microsoft-Windows-Ntfs/WHC", "Provider_Name": "Microsoft-Windows-Ntfs", "Computer": "DESKTOP-OFJ6N53", "TimeCreated": "2023-06-09 08:39:40.951910+00:00", "RecordID": "97", "Level": "4", "UserID": "S-1-5-18", "EventData.hc_stateid": "0"}
{"EventID": "100", "Channel": "Microsoft-Windows-Ntfs/WHC", "Provider_Name": "Microsoft-Windows-Ntfs", "Computer": "DESKTOP-OFJ6N53", "TimeCreated": "2023-06-11 21:00:32.526215+00:00", "RecordID": "98", "Level": "4", "UserID": "S-1-5-18", "EventData.hc_stateid": "0"}
{"EventID": "100", "Channel": "Microsoft-Windows-Ntfs/WHC", "Provider_Name": "Microsoft-Windows-Ntfs", "Computer": "DESKTOP-OFJ6N53", "TimeCreated": "2023-06-13 19:24:34.285957+00:00", "RecordID": "99", "Level": "4", "UserID": "S-1-5-18", "EventData.hc_stateid": "0"}
{"EventID": "100", "Channel": "Microsoft-Windows-Ntfs/WHC", "Provider_Name": "Microsoft-Windows-Ntfs", "Computer": "DESKTOP-OFJ6N53", "TimeCreated": "2023-06-27 09:47:14.882578+00:00", "RecordID": "100", "Level": "4", "UserID": "S-1-5-18", "EventData.hc_stateid": "0"}
{"EventID": "100", "Channel": "Microsoft-Windows-Ntfs/WHC", "Provider_Name": "Microsoft-Windows-Ntfs", "Computer": "DESKTOP-OFJ6N53", "TimeCreated": "2023-07-03 07:37:38.174417+00:00", "RecordID": "101", "Level": "4", "UserID": "S-1-5-18", "EventData.hc_stateid": "0"}
{"EventID": "100", "Channel": "Microsoft-Windows-Ntfs/WHC", "Provider_Name": "Microsoft-Windows-Ntfs", "Computer": "DESKTOP-OFJ6N53", "TimeCreated": "2023-07-06 12:44:18.111177+00:00", "RecordID": "102", "Level": "4", "UserID": "S-1-5-18", "EventData.hc_stateid": "0"}
{"EventID": "100", "Channel": "Microsoft-Windows-Ntfs/WHC", "Provider_Name": "Microsoft-Windows-Ntfs", "Computer": "DESKTOP-OFJ6N53", "TimeCreated": "2023-07-12 14:40:27.622742+00:00", "RecordID": "103", "Level": "4", "UserID": "S-1-5-18", "EventData.hc_stateid": "0"}
{"EventID": "100", "Channel": "Microsoft-Windows-Ntfs/WHC", "Provider_Name": "Microsoft-Windows-Ntfs", "Computer": "DESKTOP-OFJ6N53", "TimeCreated": "2023-07-18 14:52:37.098711+00:00", "RecordID": "104", "Level": "4", "UserID": "S-1-5-18", "EventData.hc_stateid": "0"}
{"EventID": "100", "Channel": "Microsoft-Windows-Ntfs/WHC", "Provider_Name": "Microsoft-Windows-Ntfs", "Computer": "DESKTOP-OFJ6N53", "TimeCreated": "2023-07-25 08:59:11.376961+00:00", "RecordID": "105", "Level": "4", "UserID": "S-1-5-18", "EventData.hc_stateid": "0"}
{"EventID": "100", "Channel": "Microsoft-Windows-Ntfs/WHC", "Provider_Name": "Microsoft-Windows-Ntfs", "Computer": "DESKTOP-OFJ6N53", "TimeCreated": "2023-07-26 16:05:03.721342+00:00", "RecordID": "106", "Level": "4", "UserID": "S-1-5-18", "EventData.hc_stateid": "0"}
{"EventID": "100", "Channel": "Microsoft-Windows-Ntfs/WHC", "Provider_Name": "Microsoft-Windows-Ntfs", "Computer": "DESKTOP-OFJ6N53", "TimeCreated": "2023-07-31 13:01:27.378605+00:00", "RecordID": "107", "Level": "4", "UserID": "S-1-5-18", "EventData.hc_stateid": "0"}
{"EventID": "100", "Channel": "Microsoft-Windows-Ntfs/WHC", "Provider_Name": "Microsoft-Windows-Ntfs", "Computer": "DESKTOP-OFJ6N53", "TimeCreated": "2023-08-02 10:03:06.330147+00:00", "RecordID": "108", "Level": "4", "UserID": "S-1-5-18", "EventData.hc_stateid": "0"}
{"EventID": "100", "Channel": "Microsoft-Windows-Ntfs/WHC", "Provider_Name": "Microsoft-Windows-Ntfs", "Computer": "DESKTOP-OFJ6N53", "TimeCreated": "2023-08-10 07:38:57.702280+00:00", "RecordID": "109", "Level": "4", "UserID": "S-1-5-18", "EventData.hc_stateid": "0"}
{"EventID": "100", "Channel": "Microsoft-Windows-Ntfs/WHC", "Provider_Name": "Microsoft-Windows-Ntfs", "Computer": "DESKTOP-OFJ6N53", "TimeCreated": "2023-08-16 10:00:08.547756+00:00", "RecordID": "110", "Level": "4", "UserID": "S-1-5-18", "EventData.hc_stateid": "0"}
{"EventID": "100", "Channel": "Microsoft-Windows-Ntfs/WHC", "Provider_Name": "Microsoft-Windows-Ntfs", "Computer": "DESKTOP-OFJ6N53", "TimeCreated": "2023-08-29 22:45:04.641273+00:00", "RecordID": "111", "Level": "4", "UserID": "S-1-5-18", "EventData.hc_stateid": "0"}
{"EventID": "100", "Channel": "Microsoft-Windows-Ntfs/WHC", "Provider_Name": "Microsoft-Windows-Ntfs", "Computer": "DESKTOP-OFJ6N53", "TimeCreated": "2023-09-04 14:36:53.297251+00:00", "RecordID": "112", "Level": "4", "UserID": "S-1-5-18", "EventData.hc_stateid": "0"}
{"EventID": "100", "Channel": "Microsoft-Windows-Ntfs/WHC", "Provider_Name": "Microsoft-Windows-Ntfs", "Computer": "DESKTOP-OFJ6N53", "TimeCreated": "2023-09-13 14:36:27.626450+00:00", "RecordID": "113", "Level": "4", "UserID": "S-1-5-18", "EventData.hc_stateid": "0"}
{"EventID": "100", "Channel": "Microsoft-Windows-Ntfs/WHC", "Provider_Name": "Microsoft-Windows-Ntfs", "Computer": "DESKTOP-OFJ6N53", "TimeCreated": "2023-09-29 16:10:32.594624+00:00", "RecordID": "114", "Level": "4", "UserID": "S-1-5-18", "EventData.hc_stateid": "0"}
{"EventID": "100", "Channel": "Microsoft-Windows-Ntfs/WHC", "Provider_Name": "Microsoft-Windows-Ntfs", "Computer": "DESKTOP-OFJ6N53", "TimeCreated": "2023-10-12 16:55:20.579845+00:00", "RecordID": "115", "Level": "4", "UserID": "S-1-5-18", "EventData.hc_stateid": "0"}
{"EventID": "100", "Channel": "Microsoft-Windows-Ntfs/WHC", "Provider_Name": "Microsoft-Windows-Ntfs", "Computer": "DESKTOP-OFJ6N53", "TimeCreated": "2023-10-27 14:40:31.516888+00:00", "RecordID": "116", "Level": "4", "UserID": "S-1-5-18", "EventData.hc_stateid": "0"}
{"EventID": "100", "Channel": "Microsoft-Windows-Ntfs/WHC", "Provider_Name": "Microsoft-Windows-Ntfs", "Computer": "DESKTOP-OFJ6N53", "TimeCreated": "2023-11-20 15:05:26.611864+00:00", "RecordID": "117", "Level": "4", "UserID": "S-1-5-18", "EventData.hc_stateid": "0"}
{"EventID": "100", "Channel": "Microsoft-Windows-Ntfs/WHC", "Provider_Name": "Microsoft-Windows-Ntfs", "Computer": "DESKTOP-OFJ6N53", "TimeCreated": "2023-12-12 07:25:13.626186+00:00", "RecordID": "118", "Level": "4", "UserID": "S-1-5-18", "EventData.hc_stateid": "0"}
{"EventID": "100", "Channel": "Microsoft-Windows-Ntfs/WHC", "Provider_Name": "Microsoft-Windows-Ntfs", "Computer": "DESKTOP-OFJ6N53", "TimeCreated": "2023-12-13 14:34:06.346306+00:00", "RecordID": "119", "Level": "4", "UserID": "S-1-5-18", "EventData.hc_stateid": "0"}
{"EventID": "100", "Channel": "Microsoft-Windows-Ntfs/WHC", "Provider_Name": "Microsoft-Windows-Ntfs", "Computer": "DESKTOP-OFJ6N53", "TimeCreated": "2023-12-29 14:44:15.680340+00:00", "RecordID": "120", "Level": "4", "UserID": "S-1-5-18", "EventData.hc_stateid": "0"}
{"EventID": "100", "Channel": "Microsoft-Windows-Ntfs/WHC", "Provider_Name": "Microsoft-Windows-Ntfs", "Computer": "DESKTOP-OFJ6N53", "TimeCreated": "2024-01-10 14:58:07.373196+00:00", "RecordID": "121", "Level": "4", "UserID": "S-1-5-18", "EventData.hc_stateid": "0"}
{"EventID": "100", "Channel": "Microsoft-Windows-Ntfs/WHC", "Provider_Name": "Microsoft-Windows-Ntfs", "Computer": "DESKTOP-OFJ6N53", "TimeCreated": "2024-02-15 15:26:41.816061+00:00", "RecordID": "122", "Level": "4", "UserID": "S-1-5-18", "EventData.hc_stateid": "0"}
{"EventID": "100", "Channel": "Microsoft-Windows-Ntfs/WHC", "Provider_Name": "Microsoft-Windows-Ntfs", "Computer": "DESKTOP-OFJ6N53", "TimeCreated": "2024-03-12 11:04:32.363495+00:00", "RecordID": "123", "Level": "4", "UserID": "S-1-5-18", "EventData.hc_stateid": "0"}
{"EventID": "100", "Channel": "Microsoft-Windows-Ntfs/WHC", "Provider_Name": "Microsoft-Windows-Ntfs", "Computer": "DESKTOP-OFJ6N53", "TimeCreated": "2024-04-12 02:52:29.692677+00:00", "RecordID": "124", "Level": "4", "UserID": "S-1-5-18", "EventData.hc_stateid": "0"}
{"EventID": "100", "Channel": "Microsoft-Windows-Ntfs/WHC", "Provider_Name": "Microsoft-Windows-Ntfs", "Computer": "DESKTOP-OFJ6N53", "TimeCreated": "2024-04-23 15:39:21.247625+00:00", "RecordID": "125", "Level": "4", "UserID": "S-1-5-18", "EventData.hc_stateid": "0"}
{"EventID": "100", "Channel": "Microsoft-Windows-Ntfs/WHC", "Provider_Name": "Microsoft-Windows-Ntfs", "Computer": "DESKTOP-OFJ6N53", "TimeCreated": "2024-04-29 15:10:03.788008+00:00", "RecordID": "126", "Level": "4", "UserID": "S-1-5-18", "EventData.hc_stateid": "0"}
{"EventID": "100", "Channel": "Microsoft-Windows-Ntfs/WHC", "Provider_Name": "Microsoft-Windows-Ntfs", "Computer": "DESKTOP-OFJ6N53", "TimeCreated": "2024-05-14 09:12:35.545139+00:00", "RecordID": "127", "Level": "4", "UserID": "S-1-5-18", "EventData.hc_stateid": "0"}
{"EventID": "100", "Channel": "Microsoft-Windows-Ntfs/WHC", "Provider_Name": "Microsoft-Windows-Ntfs", "Computer": "DESKTOP-OFJ6N53", "TimeCreated": "2024-05-15 13:36:11.743294+00:00", "RecordID": "128", "Level": "4", "UserID": "S-1-5-18", "EventData.hc_stateid": "0"}
{"EventID": "100", "Channel": "Microsoft-Windows-Ntfs/WHC", "Provider_Name": "Microsoft-Windows-Ntfs", "Computer": "DESKTOP-OFJ6N53", "TimeCreated": "2024-05-31 10:40:42.499481+00:00", "RecordID": "129", "Level": "4", "UserID": "S-1-5-18", "EventData.hc_stateid": "0"}
{"EventID": "100", "Channel": "Microsoft-Windows-Ntfs/WHC", "Provider_Name": "Microsoft-Windows-Ntfs", "Computer": "DESKTOP-OFJ6N53", "TimeCreated": "2024-06-06 12:16:14.318796+00:00", "RecordID": "130", "Level": "4", "UserID": "S-1-5-18", "EventData.hc_stateid": "0"}
{"EventID": "100", "Channel": "Microsoft-Windows-Ntfs/WHC", "Provider_Name": "Microsoft-Windows-Ntfs", "Computer": "DESKTOP-OFJ6N53", "TimeCreated": "2024-06-11 17:56:30.318119+00:00", "RecordID": "131", "Level": "4", "UserID": "S-1-5-18", "EventData.hc_stateid": "0"}
{"EventID": "100", "Channel": "Microsoft-Windows-Ntfs/WHC", "Provider_Name": "Microsoft-Windows-Ntfs", "Computer": "DESKTOP-OFJ6N53", "TimeCreated": "2024-06-13 10:18:42.028450+00:00", "RecordID": "132", "Level": "4", "UserID": "S-1-5-18", "EventData.hc_stateid": "0"}
{"EventID": "100", "Channel": "Microsoft-Windows-Ntfs/WHC", "Provider_Name": "Microsoft-Windows-Ntfs", "Computer": "DESKTOP-OFJ6N53", "TimeCreated": "2024-07-03 13:21:44.531790+00:00", "RecordID": "133", "Level": "4", "UserID": "S-1-5-18", "EventData.hc_stateid": "0"}
{"EventID": "100", "Channel": "Microsoft-Windows-Ntfs/WHC", "Provider_Name": "Microsoft-Windows-Ntfs", "Computer": "DESKTOP-OFJ6N53", "TimeCreated": "2024-07-10 14:33:34.911753+00:00", "RecordID": "134", "Level": "4", "UserID": "S-1-5-18", "EventData.hc_stateid": "0"}
{"EventID": "100", "Channel": "Microsoft-Windows-Ntfs/WHC", "Provider_Name": "Microsoft-Windows-Ntfs", "Computer": "DESKTOP-OFJ6N53", "TimeCreated": "2024-07-22 07:26:23.984491+00:00", "RecordID": "135", "Level": "4", "UserID": "S-1-5-18", "EventData.hc_stateid": "0"}
{"EventID": "100", "Channel": "Microsoft-Windows-Ntfs/WHC", "Provider_Name": "Microsoft-Windows-Ntfs", "Computer": "DESKTOP-OFJ6N53", "TimeCreated": "2024-08-14 00:10:01.411802+00:00", "RecordID": "136", "Level": "4", "UserID": "S-1-5-18", "EventData.hc_stateid": "0"}
{"EventID": "100", "Channel": "Microsoft-Windows-Ntfs/WHC", "Provider_Name": "Microsoft-Windows-Ntfs", "Computer": "DESKTOP-OFJ6N53", "TimeCreated": "2024-09-06 13:40:06.671347+00:00", "RecordID": "137", "Level": "4", "UserID": "S-1-5-18", "EventData.hc_stateid": "0"}
{"EventID": "100", "Channel": "Microsoft-Windows-Ntfs/WHC", "Provider_Name": "Microsoft-Windows-Ntfs", "Computer": "DESKTOP-OFJ6N53", "TimeCreated": "2024-09-11 14:50:57.359167+00:00", "RecordID": "138", "Level": "4", "UserID": "S-1-5-18", "EventData.hc_stateid": "0"}
{"EventID": "100", "Channel": "Microsoft-Windows-Ntfs/WHC", "Provider_Name": "Microsoft-Windows-Ntfs", "Computer": "DESKTOP-OFJ6N53", "TimeCreated": "2024-09-19 17:25:14.670557+00:00", "RecordID": "139", "Level": "4", "UserID": "S-1-5-18", "EventData.hc_stateid": "0"}
{"EventID": "100", "Channel": "Microsoft-Windows-Ntfs/WHC", "Provider_Name": "Microsoft-Windows-Ntfs", "Computer": "DESKTOP-OFJ6N53", "TimeCreated": "2024-09-24 10:57:26.326328+00:00", "RecordID": "140", "Level": "4", "UserID": "S-1-5-18", "EventData.hc_stateid": "0"}
{"EventID": "100", "Channel": "Microsoft-Windows-Ntfs/WHC", "Provider_Name": "Microsoft-Windows-Ntfs", "Computer": "DESKTOP-OFJ6N53", "TimeCreated": "2024-09-25 13:38:51.343803+00:00", "RecordID": "141", "Level": "4", "UserID": "S-1-5-18", "EventData.hc_stateid": "0"}
{"EventID": "100", "Channel": "Microsoft-Windows-Ntfs/WHC", "Provider_Name": "Microsoft-Windows-Ntfs", "Computer": "DESKTOP-OFJ6N53", "TimeCreated": "2024-09-28 12:28:58.639389+00:00", "RecordID": "142", "Level": "4", "UserID": "S-1-5-18", "EventData.hc_stateid": "0"}
{"EventID": "100", "Channel": "Microsoft-Windows-Ntfs/WHC", "Provider_Name": "Microsoft-Windows-Ntfs", "Computer": "DESKTOP-OFJ6N53", "TimeCreated": "2024-10-04 11:16:48.343830+00:00", "RecordID": "143", "Level": "4", "UserID": "S-1-5-18", "EventData.hc_stateid": "0"}
{"EventID": "100", "Channel": "Microsoft-Windows-Ntfs/WHC", "Provider_Name": "Microsoft-Windows-Ntfs", "Computer": "DESKTOP-OFJ6N53", "TimeCreated": "2024-10-04 22:02:45.359154+00:00", "RecordID": "144", "Level": "4", "UserID": "S-1-5-18", "EventData.hc_stateid": "0"}
{"EventID": "100", "Channel": "Microsoft-Windows-Ntfs/WHC", "Provider_Name": "Microsoft-Windows-Ntfs", "Computer": "DESKTOP-OFJ6N53", "TimeCreated": "2024-10-08 20:25:21.611080+00:00", "RecordID": "145", "Level": "4", "UserID": "S-1-5-18", "EventData.hc_stateid": "0"}
{"EventID": "100", "Channel": "Microsoft-Windows-Ntfs/WHC", "Provider_Name": "Microsoft-Windows-Ntfs", "Computer": "DESKTOP-OFJ6N53", "TimeCreated": "2024-11-13 14:44:57.688152+00:00", "RecordID": "146", "Level": "4", "UserID": "S-1-5-18", "EventData.hc_stateid": "0"}
{"EventID": "100", "Channel": "Microsoft-Windows-Ntfs/WHC", "Provider_Name": "Microsoft-Windows-Ntfs", "Computer": "DESKTOP-OFJ6N53", "TimeCreated": "2024-12-03 10:23:48.653011+00:00", "RecordID": "147", "Level": "4", "UserID": "S-1-5-18", "EventData.hc_stateid": "0"}
{"EventID": "100", "Channel": "Microsoft-Windows-Ntfs/WHC", "Provider_Name": "Microsoft-Windows-Ntfs", "Computer": "DESKTOP-OFJ6N53", "TimeCreated": "2024-12-08 16:52:15.436583+00:00", "RecordID": "148", "Level": "4", "UserID": "S-1-5-18", "EventData.hc_stateid": "0"}
{"EventID": "100", "Channel": "Microsoft-Windows-Ntfs/WHC", "Provider_Name": "Microsoft-Windows-Ntfs", "Computer": "DESKTOP-OFJ6N53", "TimeCreated": "2024-12-11 15:06:04.749752+00:00", "RecordID": "149", "Level": "4", "UserID": "S-1-5-18", "EventData.hc_stateid": "0"}
{"EventID": "100", "Channel": "Microsoft-Windows-Ntfs/WHC", "Provider_Name": "Microsoft-Windows-Ntfs", "Computer": "DESKTOP-OFJ6N53", "TimeCreated": "2024-12-23 14:09:45.705072+00:00", "RecordID": "150", "Level": "4", "UserID": "S-1-5-18", "EventData.hc_stateid": "0"}
{"EventID": "100", "Channel": "Microsoft-Windows-Ntfs/WHC", "Provider_Name": "Microsoft-Windows-Ntfs", "Computer": "DESKTOP-OFJ6N53", "TimeCreated": "2025-01-09 14:55:09.177835+00:00", "RecordID": "151", "Level": "4", "UserID": "S-1-5-18", "EventData.hc_stateid": "0"}
{"EventID": "100", "Channel": "Microsoft-Windows-Ntfs/WHC", "Provider_Name": "Microsoft-Windows-Ntfs", "Computer": "DESKTOP-OFJ6N53", "TimeCreated": "2025-01-14 23:22:25.569904+00:00", "RecordID": "152", "Level": "4", "UserID": "S-1-5-18", "EventData.hc_stateid": "0"}
{"EventID": "100", "Channel": "Microsoft-Windows-Ntfs/WHC", "Provider_Name": "Microsoft-Windows-Ntfs", "Computer": "DESKTOP-OFJ6N53", "TimeCreated": "2025-01-24 12:03:13.170647+00:00", "RecordID": "153", "Level": "4", "UserID": "S-1-5-18", "EventData.hc_stateid": "0"}
{"EventID": "100", "Channel": "Microsoft-Windows-Ntfs/WHC", "Provider_Name": "Microsoft-Windows-Ntfs", "Computer": "DESKTOP-OFJ6N53", "TimeCreated": "2025-02-05 14:01:46.564251+00:00", "RecordID": "154", "Level": "4", "UserID": "S-1-5-18", "EventData.hc_stateid": "0"}
{"EventID": "100", "Channel": "Microsoft-Windows-Ntfs/WHC", "Provider_Name": "Microsoft-Windows-Ntfs", "Computer": "DESKTOP-OFJ6N53", "TimeCreated": "2025-02-12 14:54:20.795742+00:00", "RecordID": "155", "Level": "4", "UserID": "S-1-5-18", "EventData.hc_stateid": "0"}
{"EventID": "100", "Channel": "Microsoft-Windows-Ntfs/WHC", "Provider_Name": "Microsoft-Windows-Ntfs", "Computer": "DESKTOP-OFJ6N53", "TimeCreated": "2025-03-07 15:03:49.873453+00:00", "RecordID": "156", "Level": "4", "UserID": "S-1-5-18", "EventData.hc_stateid": "0"}
{"EventID": "100", "Channel": "Microsoft-Windows-Ntfs/WHC", "Provider_Name": "Microsoft-Windows-Ntfs", "Computer": "DESKTOP-OFJ6N53", "TimeCreated": "2025-03-11 20:16:57.451202+00:00", "RecordID": "157", "Level": "4", "UserID": "S-1-5-18", "EventData.hc_stateid": "0"}
{"EventID": "100", "Channel": "Microsoft-Windows-Ntfs/WHC", "Provider_Name": "Microsoft-Windows-Ntfs", "Computer": "DESKTOP-OFJ6N53", "TimeCreated": "2025-04-01 16:03:16.625141+00:00", "RecordID": "158", "Level": "4", "UserID": "S-1-5-18", "EventData.hc_stateid": "0"}
{"EventID": "100", "Channel": "Microsoft-Windows-Ntfs/WHC", "Provider_Name": "Microsoft-Windows-Ntfs", "Computer": "DESKTOP-OFJ6N53", "TimeCreated": "2025-04-02 09:18:14.329407+00:00", "RecordID": "159", "Level": "4", "UserID": "S-1-5-18", "EventData.hc_stateid": "0"}
{"EventID": "100", "Channel": "Microsoft-Windows-Ntfs/WHC", "Provider_Name": "Microsoft-Windows-Ntfs", "Computer": "DESKTOP-OFJ6N53", "TimeCreated": "2025-04-02 09:31:25.719730+00:00", "RecordID": "160", "Level": "4", "UserID": "S-1-5-18", "EventData.hc_stateid": "0"}
{"EventID": "100", "Channel": "Microsoft-Windows-Ntfs/WHC", "Provider_Name": "Microsoft-Windows-Ntfs", "Computer": "DESKTOP-OFJ6N53", "TimeCreated": "2025-04-02 09:57:34.326307+00:00", "RecordID": "161", "Level": "4", "UserID": "S-1-5-18", "EventData.hc_stateid": "0"}
{"EventID": "100", "Channel": "Microsoft-Windows-Ntfs/WHC", "Provider_Name": "Microsoft-Windows-Ntfs", "Computer": "DESKTOP-OFJ6N53", "TimeCreated": "2025-04-02 10:08:19.331650+00:00", "RecordID": "162", "Level": "4", "UserID": "S-1-5-18", "EventData.hc_stateid": "0"}
{"EventID": "100", "Channel": "Microsoft-Windows-Ntfs/WHC", "Provider_Name": "Microsoft-Windows-Ntfs", "Computer": "DESKTOP-OFJ6N53", "TimeCreated": "2025-04-02 10:11:47.327641+00:00", "RecordID": "163", "Level": "4", "UserID": "S-1-5-18", "EventData.hc_stateid": "0"}
{"EventID": "100", "Channel": "Microsoft-Windows-Ntfs/WHC", "Provider_Name": "Microsoft-Windows-Ntfs", "Computer": "DESKTOP-OFJ6N53", "TimeCreated": "2025-04-02 10:16:11.343616+00:00", "RecordID": "164", "Level": "4", "UserID": "S-1-5-18", "EventData.hc_stateid": "0"}
{"EventID": "100", "Channel": "Microsoft-Windows-Ntfs/WHC", "Provider_Name": "Microsoft-Windows-Ntfs", "Computer": "DESKTOP-OFJ6N53", "TimeCreated": "2025-04-02 10:33:59.328283+00:00", "RecordID": "165", "Level": "4", "UserID": "S-1-5-18", "EventData.hc_stateid": "0"}
{"EventID": "100", "Channel": "Microsoft-Windows-Ntfs/WHC", "Provider_Name": "Microsoft-Windows-Ntfs", "Computer": "DESKTOP-OFJ6N53", "TimeCreated": "2025-04-09 14:35:28.031462+00:00", "RecordID": "166", "Level": "4", "UserID": "S-1-5-18", "EventData.hc_stateid": "0"}
{"EventID": "100", "Channel": "Microsoft-Windows-Ntfs/WHC", "Provider_Name": "Microsoft-Windows-Ntfs", "Computer": "DESKTOP-OFJ6N53", "TimeCreated": "2025-04-23 00:40:07.609024+00:00", "RecordID": "167", "Level": "4", "UserID": "S-1-5-18", "EventData.hc_stateid": "0"}
{"EventID": "100", "Channel": "Microsoft-Windows-Ntfs/WHC", "Provider_Name": "Microsoft-Windows-Ntfs", "Computer": "DESKTOP-OFJ6N53", "TimeCreated": "2025-05-14 14:41:55.702765+00:00", "RecordID": "168", "Level": "4", "UserID": "S-1-5-18", "EventData.hc_stateid": "0"}
{"EventID": "100", "Channel": "Microsoft-Windows-Ntfs/WHC", "Provider_Name": "Microsoft-Windows-Ntfs", "Computer": "DESKTOP-OFJ6N53", "TimeCreated": "2025-06-11 14:45:30.024975+00:00", "RecordID": "169", "Level": "4", "UserID": "S-1-5-18", "EventData.hc_stateid": "0"}
{"EventID": "100", "Channel": "Microsoft-Windows-Ntfs/WHC", "Provider_Name": "Microsoft-Windows-Ntfs", "Computer": "DESKTOP-OFJ6N53", "TimeCreated": "2025-07-07 12:49:12.240147+00:00", "RecordID": "170", "Level": "4", "UserID": "S-1-5-18", "EventData.hc_stateid": "0"}
{"EventID": "100", "Channel": "Microsoft-Windows-Ntfs/WHC", "Provider_Name": "Microsoft-Windows-Ntfs", "Computer": "DESKTOP-OFJ6N53", "TimeCreated": "2025-07-09 14:39:43.392719+00:00", "RecordID": "171", "Level": "4", "UserID": "S-1-5-18", "EventData.hc_stateid": "0"}
{"EventID": "100", "Channel": "Microsoft-Windows-Ntfs/WHC", "Provider_Name": "Microsoft-Windows-Ntfs", "Computer": "DESKTOP-OFJ6N53", "TimeCreated": "2025-07-24 21:29:30.767443+00:00", "RecordID": "172", "Level": "4", "UserID": "S-1-5-18", "EventData.hc_stateid": "0"}
{"EventID": "100", "Channel": "Microsoft-Windows-Ntfs/WHC", "Provider_Name": "Microsoft-Windows-Ntfs", "Computer": "DESKTOP-OFJ6N53", "TimeCreated": "2025-07-31 08:03:26.378222+00:00", "RecordID": "173", "Level": "4", "UserID": "S-1-5-18", "EventData.hc_stateid": "0"}
{"EventID": "100", "Channel": "Microsoft-Windows-Ntfs/WHC", "Provider_Name": "Microsoft-Windows-Ntfs", "Computer": "DESKTOP-OFJ6N53", "TimeCreated": "2025-08-12 12:17:24.235228+00:00", "RecordID": "174", "Level": "4", "UserID": "S-1-5-18", "EventData.hc_stateid": "0"}
{"EventID": "100", "Channel": "Microsoft-Windows-Ntfs/WHC", "Provider_Name": "Microsoft-Windows-Ntfs", "Computer": "DESKTOP-OFJ6N53", "TimeCreated": "2025-08-13 14:39:45.234720+00:00", "RecordID": "175", "Level": "4", "UserID": "S-1-5-18", "EventData.hc_stateid": "0"}
{"EventID": "100", "Channel": "Microsoft-Windows-Ntfs/WHC", "Provider_Name": "Microsoft-Windows-Ntfs", "Computer": "DESKTOP-OFJ6N53", "TimeCreated": "2025-08-19 07:18:45.025934+00:00", "RecordID": "176", "Level": "4", "UserID": "S-1-5-18", "EventData.hc_stateid": "0"}
{"EventID": "100", "Channel": "Microsoft-Windows-Ntfs/WHC", "Provider_Name": "Microsoft-Windows-Ntfs", "Computer": "DESKTOP-OFJ6N53", "TimeCreated": "2025-08-19 07:44:11.793760+00:00", "RecordID": "177", "Level": "4", "UserID": "S-1-5-18", "EventData.hc_stateid": "0"}
{"EventID": "100", "Channel": "Microsoft-Windows-Ntfs/WHC", "Provider_Name": "Microsoft-Windows-Ntfs", "Computer": "DESKTOP-OFJ6N53", "TimeCreated": "2025-08-22 12:58:07.546223+00:00", "RecordID": "178", "Level": "4", "UserID": "S-1-5-18", "EventData.hc_stateid": "0"}
{"EventID": "100", "Channel": "Microsoft-Windows-Ntfs/WHC", "Provider_Name": "Microsoft-Windows-Ntfs", "Computer": "DESKTOP-OFJ6N53", "TimeCreated": "2025-08-23 20:33:07.548399+00:00", "RecordID": "179", "Level": "4", "UserID": "S-1-5-18", "EventData.hc_stateid": "0"}
