{"EventID": "6065", "Channel": "Microsoft-Windows-SettingSync/Debug", "Provider_Name": "Microsoft-Windows-SettingSync", "Computer": "DESKTOP-OFJ6N53", "TimeCreated": "2025-02-12 10:00:57.218077+00:00", "RecordID": "5144", "Level": "2", "UserID": "S-1-5-21-963789628-1060504924-4285088085-1001", "EventData.Message": "onecoreuap\\shell\\roaming\\settingsynccore\\settingsyncreporting\\settingsyncreporting.cpp(29)\\SettingSyncCore.dll!00007FFBE69C65B7: (caller: 00007FFBEB268902) ReturnHr(15) tid(3034) 800708CA Сетевое подключение не существует."}
{"EventID": "6524", "Channel": "Microsoft-Windows-SettingSync/Debug", "Provider_Name": "Microsoft-Windows-SettingSync", "Computer": "DESKTOP-OFJ6N53", "TimeCreated": "2025-02-12 10:00:57.504866+00:00", "RecordID": "5145", "Level": "4", "UserID": "S-1-5-21-963789628-1060504924-4285088085-1001"}
{"EventID": "6509", "Channel": "Microsoft-Windows-SettingSync/Debug", "Provider_Name": "Microsoft-Windows-SettingSync-Desktop", "Computer": "DESKTOP-OFJ6N53", "TimeCreated": "2025-02-12 14:55:28.243841+00:00", "RecordID": "5146", "Level": "2", "UserID": "S-1-5-21-963789628-1060504924-4285088085-1001", "EventData.Message": "shell\\roaming\\settingsync\\settingprofilehandler.cpp(89)\\SettingSync.dll!00007FF8AD9FAF9E: (caller: 00007FF8AD9E9CD5) LogHr(1) tid(76c) 80070002 Не удается найти указанный файл."}
{"EventID": "6509", "Channel": "Microsoft-Windows-SettingSync/Debug", "Provider_Name": "Microsoft-Windows-SettingSync-Desktop", "Computer": "DESKTOP-OFJ6N53", "TimeCreated": "2025-02-12 14:55:28.243860+00:00", "RecordID": "5147", "Level": "2", "UserID": "S-1-5-21-963789628-1060504924-4285088085-1001", "EventData.Message": "shell\\roaming\\settingsync\\settingprofilehandler.cpp(24)\\SettingSync.dll!00007FF8AD9E9CF1: (caller: 00007FF8BADFB46A) LogHr(2) tid(76c) 800704EC Эта программа заблокирована групповой политикой. За дополнительными сведениями обращайтесь к системному администратору."}
{"EventID": "6509", "Channel": "Microsoft-Windows-SettingSync/Debug", "Provider_Name": "Microsoft-Windows-SettingSync-Desktop", "Computer": "DESKTOP-OFJ6N53", "TimeCreated": "2025-02-12 14:56:14.841911+00:00", "RecordID": "5148", "Level": "2", "UserID": "S-1-5-21-963789628-1060504924-4285088085-1001", "EventData.Message": "shell\\roaming\\settingsync\\explorersettinghandler.cpp(270)\\SettingSync.dll!00007FF8AD9E9BC9: (caller: 00007FF8AD9E98AC) ReturnHr(1) tid(221c) 80070002 Не удается найти указанный файл."}
{"EventID": "6509", "Channel": "Microsoft-Windows-SettingSync/Debug", "Provider_Name": "Microsoft-Windows-SettingSync-Desktop", "Computer": "DESKTOP-OFJ6N53", "TimeCreated": "2025-02-12 14:56:14.841921+00:00", "RecordID": "5149", "Level": "2", "UserID": "S-1-5-21-963789628-1060504924-4285088085-1001", "EventData.Message": "shell\\roaming\\settingsync\\explorersettinghandler.cpp(198)\\SettingSync.dll!00007FF8AD9E98C5: (caller: 00007FF78FCD3539) ReturnHr(2) tid(221c) 80070002 Не удается найти указанный файл."}
{"EventID": "6509", "Channel": "Microsoft-Windows-SettingSync/Debug", "Provider_Name": "Microsoft-Windows-SettingSync-Desktop", "Computer": "DESKTOP-OFJ6N53", "TimeCreated": "2025-02-12 14:56:14.841928+00:00", "RecordID": "5150", "Level": "2", "UserID": "S-1-5-21-963789628-1060504924-4285088085-1001", "EventData.Message": "shell\\roaming\\settingsync\\explorersettinghandler.cpp(315)\\SettingSync.dll!00007FF8AD9E98DF: (caller: 00007FF78FCD3539) ReturnHr(3) tid(221c) 80070002 Не удается найти указанный файл."}
{"EventID": "6509", "Channel": "Microsoft-Windows-SettingSync/Debug", "Provider_Name": "Microsoft-Windows-SettingSync-Desktop", "Computer": "DESKTOP-OFJ6N53", "TimeCreated": "2025-02-12 14:56:14.841946+00:00", "RecordID": "5151", "Level": "2", "UserID": "S-1-5-21-963789628-1060504924-4285088085-1001", "EventData.Message": "shell\\roaming\\settingsync\\explorersettinghandler.cpp(315)\\SettingSync.dll!00007FF8AD9E9920: (caller: 00007FF78FCD3539) ReturnHr(4) tid(221c) 80070002 Не удается найти указанный файл."}
{"EventID": "6065", "Channel": "Microsoft-Windows-SettingSync/Debug", "Provider_Name": "Microsoft-Windows-SettingSync", "Computer": "DESKTOP-OFJ6N53", "TimeCreated": "2025-02-13 08:28:10.970011+00:00", "RecordID": "5152", "Level": "2", "UserID": "S-1-5-21-963789628-1060504924-4285088085-1001", "EventData.Message": "onecoreuap\\shell\\roaming\\settingsynccore\\settingsyncreporting\\settingsyncreporting.cpp(146)\\SettingSyncCore.dll!00007FF8A0CB6484: (caller: 00007FF8A0CB6046) ReturnHr(1) tid(128c) 800708CA Сетевое подключение не существует."}
{"EventID": "6065", "Channel": "Microsoft-Windows-SettingSync/Debug", "Provider_Name": "Microsoft-Windows-SettingSync", "Computer": "DESKTOP-OFJ6N53", "TimeCreated": "2025-02-13 08:28:10.970039+00:00", "RecordID": "5153", "Level": "2", "UserID": "S-1-5-21-963789628-1060504924-4285088085-1001", "EventData.Message": "onecoreuap\\shell\\roaming\\settingsynccore\\settingsyncreporting\\settingsyncreporting.cpp(55)\\SettingSyncCore.dll!00007FF8A0CB6063: (caller: 00007FF8A0CB6536) ReturnHr(2) tid(128c) 800708CA Сетевое подключение не существует."}
{"EventID": "6065", "Channel": "Microsoft-Windows-SettingSync/Debug", "Provider_Name": "Microsoft-Windows-SettingSync", "Computer": "DESKTOP-OFJ6N53", "TimeCreated": "2025-02-13 08:28:10.970055+00:00", "RecordID": "5154", "Level": "2", "UserID": "S-1-5-21-963789628-1060504924-4285088085-1001", "EventData.Message": "onecoreuap\\shell\\roaming\\settingsynccore\\settingsyncreporting\\settingsyncreporting.cpp(29)\\SettingSyncCore.dll!00007FF8A0CB65B7: (caller: 00007FF8BA138902) ReturnHr(3) tid(128c) 800708CA Сетевое подключение не существует."}
{"EventID": "6524", "Channel": "Microsoft-Windows-SettingSync/Debug", "Provider_Name": "Microsoft-Windows-SettingSync", "Computer": "DESKTOP-OFJ6N53", "TimeCreated": "2025-02-13 08:28:10.979181+00:00", "RecordID": "5155", "Level": "4", "UserID": "S-1-5-21-963789628-1060504924-4285088085-1001"}
{"EventID": "6065", "Channel": "Microsoft-Windows-SettingSync/Debug", "Provider_Name": "Microsoft-Windows-SettingSync", "Computer": "DESKTOP-OFJ6N53", "TimeCreated": "2025-02-14 09:03:03.543722+00:00", "RecordID": "5156", "Level": "2", "UserID": "S-1-5-21-963789628-1060504924-4285088085-1001", "EventData.Message": "onecoreuap\\shell\\roaming\\settingsynccore\\settingsyncreporting\\settingsyncreporting.cpp(146)\\SettingSyncCore.dll!00007FF8A0CB6484: (caller: 00007FF8A0CB6046) ReturnHr(1) tid(1bd4) 800708CA Сетевое подключение не существует."}
{"EventID": "6065", "Channel": "Microsoft-Windows-SettingSync/Debug", "Provider_Name": "Microsoft-Windows-SettingSync", "Computer": "DESKTOP-OFJ6N53", "TimeCreated": "2025-02-14 09:03:03.543745+00:00", "RecordID": "5157", "Level": "2", "UserID": "S-1-5-21-963789628-1060504924-4285088085-1001", "EventData.Message": "onecoreuap\\shell\\roaming\\settingsynccore\\settingsyncreporting\\settingsyncreporting.cpp(55)\\SettingSyncCore.dll!00007FF8A0CB6063: (caller: 00007FF8A0CB6536) ReturnHr(2) tid(1bd4) 800708CA Сетевое подключение не существует."}
{"EventID": "6065", "Channel": "Microsoft-Windows-SettingSync/Debug", "Provider_Name": "Microsoft-Windows-SettingSync", "Computer": "DESKTOP-OFJ6N53", "TimeCreated": "2025-02-14 09:03:03.543760+00:00", "RecordID": "5158", "Level": "2", "UserID": "S-1-5-21-963789628-1060504924-4285088085-1001", "EventData.Message": "onecoreuap\\shell\\roaming\\settingsynccore\\settingsyncreporting\\settingsyncreporting.cpp(29)\\SettingSyncCore.dll!00007FF8A0CB65B7: (caller: 00007FF8BA138902) ReturnHr(3) tid(1bd4) 800708CA Сетевое подключение не существует."}
{"EventID": "6524", "Channel": "Microsoft-Windows-SettingSync/Debug", "Provider_Name": "Microsoft-Windows-SettingSync", "Computer": "DESKTOP-OFJ6N53", "TimeCreated": "2025-02-14 09:03:03.557751+00:00", "RecordID": "5159", "Level": "4", "UserID": "S-1-5-21-963789628-1060504924-4285088085-1001"}
{"EventID": "6065", "Channel": "Microsoft-Windows-SettingSync/Debug", "Provider_Name": "Microsoft-Windows-SettingSync", "Computer": "DESKTOP-OFJ6N53", "TimeCreated": "2025-02-15 08:54:36.161203+00:00", "RecordID": "5160", "Level": "2", "UserID": "S-1-5-21-963789628-1060504924-4285088085-1001", "EventData.Message": "onecoreuap\\shell\\roaming\\settingsynccore\\settingsyncreporting\\settingsyncreporting.cpp(146)\\SettingSyncCore.dll!00007FF8A0CB6484: (caller: 00007FF8A0CB6046) ReturnHr(1) tid(13bc) 800708CA Сетевое подключение не существует."}
{"EventID": "6065", "Channel": "Microsoft-Windows-SettingSync/Debug", "Provider_Name": "Microsoft-Windows-SettingSync", "Computer": "DESKTOP-OFJ6N53", "TimeCreated": "2025-02-15 08:54:36.161228+00:00", "RecordID": "5161", "Level": "2", "UserID": "S-1-5-21-963789628-1060504924-4285088085-1001", "EventData.Message": "onecoreuap\\shell\\roaming\\settingsynccore\\settingsyncreporting\\settingsyncreporting.cpp(55)\\SettingSyncCore.dll!00007FF8A0CB6063: (caller: 00007FF8A0CB6536) ReturnHr(2) tid(13bc) 800708CA Сетевое подключение не существует."}
{"EventID": "6065", "Channel": "Microsoft-Windows-SettingSync/Debug", "Provider_Name": "Microsoft-Windows-SettingSync", "Computer": "DESKTOP-OFJ6N53", "TimeCreated": "2025-02-15 08:54:36.161238+00:00", "RecordID": "5162", "Level": "2", "UserID": "S-1-5-21-963789628-1060504924-4285088085-1001", "EventData.Message": "onecoreuap\\shell\\roaming\\settingsynccore\\settingsyncreporting\\settingsyncreporting.cpp(29)\\SettingSyncCore.dll!00007FF8A0CB65B7: (caller: 00007FF8BA138902) ReturnHr(3) tid(13bc) 800708CA Сетевое подключение не существует."}
{"EventID": "6524", "Channel": "Microsoft-Windows-SettingSync/Debug", "Provider_Name": "Microsoft-Windows-SettingSync", "Computer": "DESKTOP-OFJ6N53", "TimeCreated": "2025-02-15 08:54:36.161518+00:00", "RecordID": "5163", "Level": "4", "UserID": "S-1-5-21-963789628-1060504924-4285088085-1001"}
{"EventID": "6524", "Channel": "Microsoft-Windows-SettingSync/Debug", "Provider_Name": "Microsoft-Windows-SettingSync", "Computer": "DESKTOP-OFJ6N53", "TimeCreated": "2025-02-16 08:51:59.687380+00:00", "RecordID": "5164", "Level": "4", "UserID": "S-1-5-21-963789628-1060504924-4285088085-1001"}
{"EventID": "6065", "Channel": "Microsoft-Windows-SettingSync/Debug", "Provider_Name": "Microsoft-Windows-SettingSync", "Computer": "DESKTOP-OFJ6N53", "TimeCreated": "2025-02-16 08:52:00.314819+00:00", "RecordID": "5165", "Level": "2", "UserID": "S-1-5-21-963789628-1060504924-4285088085-1001", "EventData.Message": "onecoreuap\\shell\\roaming\\settingsynccore\\settingsyncreporting\\settingsyncreporting.cpp(146)\\SettingSyncCore.dll!00007FF8A0CB6484: (caller: 00007FF8A0CB6046) ReturnHr(1) tid(2f78) 800708CA Сетевое подключение не существует."}
{"EventID": "6065", "Channel": "Microsoft-Windows-SettingSync/Debug", "Provider_Name": "Microsoft-Windows-SettingSync", "Computer": "DESKTOP-OFJ6N53", "TimeCreated": "2025-02-16 08:52:00.314837+00:00", "RecordID": "5166", "Level": "2", "UserID": "S-1-5-21-963789628-1060504924-4285088085-1001", "EventData.Message": "onecoreuap\\shell\\roaming\\settingsynccore\\settingsyncreporting\\settingsyncreporting.cpp(55)\\SettingSyncCore.dll!00007FF8A0CB6063: (caller: 00007FF8A0CB6536) ReturnHr(2) tid(2f78) 800708CA Сетевое подключение не существует."}
{"EventID": "6065", "Channel": "Microsoft-Windows-SettingSync/Debug", "Provider_Name": "Microsoft-Windows-SettingSync", "Computer": "DESKTOP-OFJ6N53", "TimeCreated": "2025-02-16 08:52:00.314846+00:00", "RecordID": "5167", "Level": "2", "UserID": "S-1-5-21-963789628-1060504924-4285088085-1001", "EventData.Message": "onecoreuap\\shell\\roaming\\settingsynccore\\settingsyncreporting\\settingsyncreporting.cpp(29)\\SettingSyncCore.dll!00007FF8A0CB65B7: (caller: 00007FF8BA138902) ReturnHr(3) tid(2f78) 800708CA Сетевое подключение не существует."}
{"EventID": "6524", "Channel": "Microsoft-Windows-SettingSync/Debug", "Provider_Name": "Microsoft-Windows-SettingSync", "Computer": "DESKTOP-OFJ6N53", "TimeCreated": "2025-02-17 08:54:41.349854+00:00", "RecordID": "5168", "Level": "4", "UserID": "S-1-5-21-963789628-1060504924-4285088085-1001"}
{"EventID": "6065", "Channel": "Microsoft-Windows-SettingSync/Debug", "Provider_Name": "Microsoft-Windows-SettingSync", "Computer": "DESKTOP-OFJ6N53", "TimeCreated": "2025-02-17 08:54:41.350647+00:00", "RecordID": "5169", "Level": "2", "UserID": "S-1-5-21-963789628-1060504924-4285088085-1001", "EventData.Message": "onecoreuap\\shell\\roaming\\settingsynccore\\settingsyncreporting\\settingsyncreporting.cpp(146)\\SettingSyncCore.dll!00007FF8A0CB6484: (caller: 00007FF8A0CB6046) ReturnHr(1) tid(f3c) 800708CA Сетевое подключение не существует."}
{"EventID": "6065", "Channel": "Microsoft-Windows-SettingSync/Debug", "Provider_Name": "Microsoft-Windows-SettingSync", "Computer": "DESKTOP-OFJ6N53", "TimeCreated": "2025-02-17 08:54:41.350664+00:00", "RecordID": "5170", "Level": "2", "UserID": "S-1-5-21-963789628-1060504924-4285088085-1001", "EventData.Message": "onecoreuap\\shell\\roaming\\settingsynccore\\settingsyncreporting\\settingsyncreporting.cpp(55)\\SettingSyncCore.dll!00007FF8A0CB6063: (caller: 00007FF8A0CB6536) ReturnHr(2) tid(f3c) 800708CA Сетевое подключение не существует."}
{"EventID": "6065", "Channel": "Microsoft-Windows-SettingSync/Debug", "Provider_Name": "Microsoft-Windows-SettingSync", "Computer": "DESKTOP-OFJ6N53", "TimeCreated": "2025-02-17 08:54:41.350674+00:00", "RecordID": "5171", "Level": "2", "UserID": "S-1-5-21-963789628-1060504924-4285088085-1001", "EventData.Message": "onecoreuap\\shell\\roaming\\settingsynccore\\settingsyncreporting\\settingsyncreporting.cpp(29)\\SettingSyncCore.dll!00007FF8A0CB65B7: (caller: 00007FF8BA138902) ReturnHr(3) tid(f3c) 800708CA Сетевое подключение не существует."}
{"EventID": "6065", "Channel": "Microsoft-Windows-SettingSync/Debug", "Provider_Name": "Microsoft-Windows-SettingSync", "Computer": "DESKTOP-OFJ6N53", "TimeCreated": "2025-02-18 08:35:47.625557+00:00", "RecordID": "5172", "Level": "2", "UserID": "S-1-5-21-963789628-1060504924-4285088085-1001", "EventData.Message": "onecoreuap\\shell\\roaming\\settingsynccore\\settingsyncreporting\\settingsyncreporting.cpp(146)\\SettingSyncCore.dll!00007FF8A0CB6484: (caller: 00007FF8A0CB6046) ReturnHr(1) tid(1968) 800708CA Сетевое подключение не существует."}
{"EventID": "6065", "Channel": "Microsoft-Windows-SettingSync/Debug", "Provider_Name": "Microsoft-Windows-SettingSync", "Computer": "DESKTOP-OFJ6N53", "TimeCreated": "2025-02-18 08:35:47.625580+00:00", "RecordID": "5173", "Level": "2", "UserID": "S-1-5-21-963789628-1060504924-4285088085-1001", "EventData.Message": "onecoreuap\\shell\\roaming\\settingsynccore\\settingsyncreporting\\settingsyncreporting.cpp(55)\\SettingSyncCore.dll!00007FF8A0CB6063: (caller: 00007FF8A0CB6536) ReturnHr(2) tid(1968) 800708CA Сетевое подключение не существует."}
{"EventID": "6065", "Channel": "Microsoft-Windows-SettingSync/Debug", "Provider_Name": "Microsoft-Windows-SettingSync", "Computer": "DESKTOP-OFJ6N53", "TimeCreated": "2025-02-18 08:35:47.625587+00:00", "RecordID": "5174", "Level": "2", "UserID": "S-1-5-21-963789628-1060504924-4285088085-1001", "EventData.Message": "onecoreuap\\shell\\roaming\\settingsynccore\\settingsyncreporting\\settingsyncreporting.cpp(29)\\SettingSyncCore.dll!00007FF8A0CB65B7: (caller: 00007FF8BA138902) ReturnHr(3) tid(1968) 800708CA Сетевое подключение не существует."}
{"EventID": "6524", "Channel": "Microsoft-Windows-SettingSync/Debug", "Provider_Name": "Microsoft-Windows-SettingSync", "Computer": "DESKTOP-OFJ6N53", "TimeCreated": "2025-02-18 08:35:47.641268+00:00", "RecordID": "5175", "Level": "4", "UserID": "S-1-5-21-963789628-1060504924-4285088085-1001"}
{"EventID": "6065", "Channel": "Microsoft-Windows-SettingSync/Debug", "Provider_Name": "Microsoft-Windows-SettingSync", "Computer": "DESKTOP-OFJ6N53", "TimeCreated": "2025-02-19 08:54:34.324034+00:00", "RecordID": "5176", "Level": "2", "UserID": "S-1-5-21-963789628-1060504924-4285088085-1001", "EventData.Message": "onecoreuap\\shell\\roaming\\settingsynccore\\settingsyncreporting\\settingsyncreporting.cpp(146)\\SettingSyncCore.dll!00007FF8A0CB6484: (caller: 00007FF8A0CB6046) ReturnHr(4) tid(2844) 800708CA Сетевое подключение не существует."}
{"EventID": "6065", "Channel": "Microsoft-Windows-SettingSync/Debug", "Provider_Name": "Microsoft-Windows-SettingSync", "Computer": "DESKTOP-OFJ6N53", "TimeCreated": "2025-02-19 08:54:34.324045+00:00", "RecordID": "5177", "Level": "2", "UserID": "S-1-5-21-963789628-1060504924-4285088085-1001", "EventData.Message": "onecoreuap\\shell\\roaming\\settingsynccore\\settingsyncreporting\\settingsyncreporting.cpp(55)\\SettingSyncCore.dll!00007FF8A0CB6063: (caller: 00007FF8A0CB6536) ReturnHr(5) tid(2844) 800708CA Сетевое подключение не существует."}
{"EventID": "6065", "Channel": "Microsoft-Windows-SettingSync/Debug", "Provider_Name": "Microsoft-Windows-SettingSync", "Computer": "DESKTOP-OFJ6N53", "TimeCreated": "2025-02-19 08:54:34.324055+00:00", "RecordID": "5178", "Level": "2", "UserID": "S-1-5-21-963789628-1060504924-4285088085-1001", "EventData.Message": "onecoreuap\\shell\\roaming\\settingsynccore\\settingsyncreporting\\settingsyncreporting.cpp(29)\\SettingSyncCore.dll!00007FF8A0CB65B7: (caller: 00007FF8BA138902) ReturnHr(6) tid(2844) 800708CA Сетевое подключение не существует."}
{"EventID": "6524", "Channel": "Microsoft-Windows-SettingSync/Debug", "Provider_Name": "Microsoft-Windows-SettingSync", "Computer": "DESKTOP-OFJ6N53", "TimeCreated": "2025-02-19 08:54:34.366493+00:00", "RecordID": "5179", "Level": "4", "UserID": "S-1-5-21-963789628-1060504924-4285088085-1001"}
{"EventID": "6065", "Channel": "Microsoft-Windows-SettingSync/Debug", "Provider_Name": "Microsoft-Windows-SettingSync", "Computer": "DESKTOP-OFJ6N53", "TimeCreated": "2025-02-20 08:54:49.437965+00:00", "RecordID": "5180", "Level": "2", "UserID": "S-1-5-21-963789628-1060504924-4285088085-1001", "EventData.Message": "onecoreuap\\shell\\roaming\\settingsynccore\\settingsyncreporting\\settingsyncreporting.cpp(146)\\SettingSyncCore.dll!00007FF8A0CB6484: (caller: 00007FF8A0CB6046) ReturnHr(7) tid(1a68) 800708CA Сетевое подключение не существует."}
{"EventID": "6065", "Channel": "Microsoft-Windows-SettingSync/Debug", "Provider_Name": "Microsoft-Windows-SettingSync", "Computer": "DESKTOP-OFJ6N53", "TimeCreated": "2025-02-20 08:54:49.437979+00:00", "RecordID": "5181", "Level": "2", "UserID": "S-1-5-21-963789628-1060504924-4285088085-1001", "EventData.Message": "onecoreuap\\shell\\roaming\\settingsynccore\\settingsyncreporting\\settingsyncreporting.cpp(55)\\SettingSyncCore.dll!00007FF8A0CB6063: (caller: 00007FF8A0CB6536) ReturnHr(8) tid(1a68) 800708CA Сетевое подключение не существует."}
{"EventID": "6065", "Channel": "Microsoft-Windows-SettingSync/Debug", "Provider_Name": "Microsoft-Windows-SettingSync", "Computer": "DESKTOP-OFJ6N53", "TimeCreated": "2025-02-20 08:54:49.437990+00:00", "RecordID": "5182", "Level": "2", "UserID": "S-1-5-21-963789628-1060504924-4285088085-1001", "EventData.Message": "onecoreuap\\shell\\roaming\\settingsynccore\\settingsyncreporting\\settingsyncreporting.cpp(29)\\SettingSyncCore.dll!00007FF8A0CB65B7: (caller: 00007FF8BA138902) ReturnHr(9) tid(1a68) 800708CA Сетевое подключение не существует."}
{"EventID": "6524", "Channel": "Microsoft-Windows-SettingSync/Debug", "Provider_Name": "Microsoft-Windows-SettingSync", "Computer": "DESKTOP-OFJ6N53", "TimeCreated": "2025-02-20 08:54:49.612869+00:00", "RecordID": "5183", "Level": "4", "UserID": "S-1-5-21-963789628-1060504924-4285088085-1001"}
{"EventID": "6065", "Channel": "Microsoft-Windows-SettingSync/Debug", "Provider_Name": "Microsoft-Windows-SettingSync", "Computer": "DESKTOP-OFJ6N53", "TimeCreated": "2025-02-21 08:54:40.659319+00:00", "RecordID": "5184", "Level": "2", "UserID": "S-1-5-21-963789628-1060504924-4285088085-1001", "EventData.Message": "onecoreuap\\shell\\roaming\\settingsynccore\\settingsyncreporting\\settingsyncreporting.cpp(146)\\SettingSyncCore.dll!00007FF8A0CB6484: (caller: 00007FF8A0CB6046) ReturnHr(10) tid(2784) 800708CA Сетевое подключение не существует."}
{"EventID": "6065", "Channel": "Microsoft-Windows-SettingSync/Debug", "Provider_Name": "Microsoft-Windows-SettingSync", "Computer": "DESKTOP-OFJ6N53", "TimeCreated": "2025-02-21 08:54:40.659334+00:00", "RecordID": "5185", "Level": "2", "UserID": "S-1-5-21-963789628-1060504924-4285088085-1001", "EventData.Message": "onecoreuap\\shell\\roaming\\settingsynccore\\settingsyncreporting\\settingsyncreporting.cpp(55)\\SettingSyncCore.dll!00007FF8A0CB6063: (caller: 00007FF8A0CB6536) ReturnHr(11) tid(2784) 800708CA Сетевое подключение не существует."}
{"EventID": "6065", "Channel": "Microsoft-Windows-SettingSync/Debug", "Provider_Name": "Microsoft-Windows-SettingSync", "Computer": "DESKTOP-OFJ6N53", "TimeCreated": "2025-02-21 08:54:40.659348+00:00", "RecordID": "5186", "Level": "2", "UserID": "S-1-5-21-963789628-1060504924-4285088085-1001", "EventData.Message": "onecoreuap\\shell\\roaming\\settingsynccore\\settingsyncreporting\\settingsyncreporting.cpp(29)\\SettingSyncCore.dll!00007FF8A0CB65B7: (caller: 00007FF8BA138902) ReturnHr(12) tid(2784) 800708CA Сетевое подключение не существует."}
{"EventID": "6524", "Channel": "Microsoft-Windows-SettingSync/Debug", "Provider_Name": "Microsoft-Windows-SettingSync", "Computer": "DESKTOP-OFJ6N53", "TimeCreated": "2025-02-21 08:54:40.761272+00:00", "RecordID": "5187", "Level": "4", "UserID": "S-1-5-21-963789628-1060504924-4285088085-1001"}
{"EventID": "6065", "Channel": "Microsoft-Windows-SettingSync/Debug", "Provider_Name": "Microsoft-Windows-SettingSync", "Computer": "DESKTOP-OFJ6N53", "TimeCreated": "2025-02-22 08:54:53.817030+00:00", "RecordID": "5188", "Level": "2", "UserID": "S-1-5-21-963789628-1060504924-4285088085-1001", "EventData.Message": "onecoreuap\\shell\\roaming\\settingsynccore\\settingsyncreporting\\settingsyncreporting.cpp(146)\\SettingSyncCore.dll!00007FF8A0CB6484: (caller: 00007FF8A0CB6046) ReturnHr(13) tid(31c8) 800708CA Сетевое подключение не существует."}
{"EventID": "6065", "Channel": "Microsoft-Windows-SettingSync/Debug", "Provider_Name": "Microsoft-Windows-SettingSync", "Computer": "DESKTOP-OFJ6N53", "TimeCreated": "2025-02-22 08:54:53.817053+00:00", "RecordID": "5189", "Level": "2", "UserID": "S-1-5-21-963789628-1060504924-4285088085-1001", "EventData.Message": "onecoreuap\\shell\\roaming\\settingsynccore\\settingsyncreporting\\settingsyncreporting.cpp(55)\\SettingSyncCore.dll!00007FF8A0CB6063: (caller: 00007FF8A0CB6536) ReturnHr(14) tid(31c8) 800708CA Сетевое подключение не существует."}
{"EventID": "6065", "Channel": "Microsoft-Windows-SettingSync/Debug", "Provider_Name": "Microsoft-Windows-SettingSync", "Computer": "DESKTOP-OFJ6N53", "TimeCreated": "2025-02-22 08:54:53.817066+00:00", "RecordID": "5190", "Level": "2", "UserID": "S-1-5-21-963789628-1060504924-4285088085-1001", "EventData.Message": "onecoreuap\\shell\\roaming\\settingsynccore\\settingsyncreporting\\settingsyncreporting.cpp(29)\\SettingSyncCore.dll!00007FF8A0CB65B7: (caller: 00007FF8BA138902) ReturnHr(15) tid(31c8) 800708CA Сетевое подключение не существует."}
{"EventID": "6524", "Channel": "Microsoft-Windows-SettingSync/Debug", "Provider_Name": "Microsoft-Windows-SettingSync", "Computer": "DESKTOP-OFJ6N53", "TimeCreated": "2025-02-22 08:54:53.904112+00:00", "RecordID": "5191", "Level": "4", "UserID": "S-1-5-21-963789628-1060504924-4285088085-1001"}
{"EventID": "6065", "Channel": "Microsoft-Windows-SettingSync/Debug", "Provider_Name": "Microsoft-Windows-SettingSync", "Computer": "DESKTOP-OFJ6N53", "TimeCreated": "2025-02-23 08:54:56.014181+00:00", "RecordID": "5192", "Level": "2", "UserID": "S-1-5-21-963789628-1060504924-4285088085-1001", "EventData.Message": "onecoreuap\\shell\\roaming\\settingsynccore\\settingsyncreporting\\settingsyncreporting.cpp(146)\\SettingSyncCore.dll!00007FF8A0CB6484: (caller: 00007FF8A0CB6046) ReturnHr(16) tid(12e4) 800708CA Сетевое подключение не существует."}
{"EventID": "6065", "Channel": "Microsoft-Windows-SettingSync/Debug", "Provider_Name": "Microsoft-Windows-SettingSync", "Computer": "DESKTOP-OFJ6N53", "TimeCreated": "2025-02-23 08:54:56.014196+00:00", "RecordID": "5193", "Level": "2", "UserID": "S-1-5-21-963789628-1060504924-4285088085-1001", "EventData.Message": "onecoreuap\\shell\\roaming\\settingsynccore\\settingsyncreporting\\settingsyncreporting.cpp(55)\\SettingSyncCore.dll!00007FF8A0CB6063: (caller: 00007FF8A0CB6536) ReturnHr(17) tid(12e4) 800708CA Сетевое подключение не существует."}
{"EventID": "6065", "Channel": "Microsoft-Windows-SettingSync/Debug", "Provider_Name": "Microsoft-Windows-SettingSync", "Computer": "DESKTOP-OFJ6N53", "TimeCreated": "2025-02-23 08:54:56.014210+00:00", "RecordID": "5194", "Level": "2", "UserID": "S-1-5-21-963789628-1060504924-4285088085-1001", "EventData.Message": "onecoreuap\\shell\\roaming\\settingsynccore\\settingsyncreporting\\settingsyncreporting.cpp(29)\\SettingSyncCore.dll!00007FF8A0CB65B7: (caller: 00007FF8BA138902) ReturnHr(18) tid(12e4) 800708CA Сетевое подключение не существует."}
{"EventID": "6524", "Channel": "Microsoft-Windows-SettingSync/Debug", "Provider_Name": "Microsoft-Windows-SettingSync", "Computer": "DESKTOP-OFJ6N53", "TimeCreated": "2025-02-23 08:54:56.119230+00:00", "RecordID": "5195", "Level": "4", "UserID": "S-1-5-21-963789628-1060504924-4285088085-1001"}
{"EventID": "6065", "Channel": "Microsoft-Windows-SettingSync/Debug", "Provider_Name": "Microsoft-Windows-SettingSync", "Computer": "DESKTOP-OFJ6N53", "TimeCreated": "2025-02-24 08:54:36.367268+00:00", "RecordID": "5196", "Level": "2", "UserID": "S-1-5-21-963789628-1060504924-4285088085-1001", "EventData.Message": "onecoreuap\\shell\\roaming\\settingsynccore\\settingsyncreporting\\settingsyncreporting.cpp(146)\\SettingSyncCore.dll!00007FF8A0CB6484: (caller: 00007FF8A0CB6046) ReturnHr(19) tid(1818) 800708CA Сетевое подключение не существует."}
{"EventID": "6065", "Channel": "Microsoft-Windows-SettingSync/Debug", "Provider_Name": "Microsoft-Windows-SettingSync", "Computer": "DESKTOP-OFJ6N53", "TimeCreated": "2025-02-24 08:54:36.367355+00:00", "RecordID": "5197", "Level": "2", "UserID": "S-1-5-21-963789628-1060504924-4285088085-1001", "EventData.Message": "onecoreuap\\shell\\roaming\\settingsynccore\\settingsyncreporting\\settingsyncreporting.cpp(55)\\SettingSyncCore.dll!00007FF8A0CB6063: (caller: 00007FF8A0CB6536) ReturnHr(20) tid(1818) 800708CA Сетевое подключение не существует."}
{"EventID": "6065", "Channel": "Microsoft-Windows-SettingSync/Debug", "Provider_Name": "Microsoft-Windows-SettingSync", "Computer": "DESKTOP-OFJ6N53", "TimeCreated": "2025-02-24 08:54:36.367399+00:00", "RecordID": "5198", "Level": "2", "UserID": "S-1-5-21-963789628-1060504924-4285088085-1001", "EventData.Message": "onecoreuap\\shell\\roaming\\settingsynccore\\settingsyncreporting\\settingsyncreporting.cpp(29)\\SettingSyncCore.dll!00007FF8A0CB65B7: (caller: 00007FF8BA138902) ReturnHr(21) tid(1818) 800708CA Сетевое подключение не существует."}
{"EventID": "6524", "Channel": "Microsoft-Windows-SettingSync/Debug", "Provider_Name": "Microsoft-Windows-SettingSync", "Computer": "DESKTOP-OFJ6N53", "TimeCreated": "2025-02-24 08:54:36.448521+00:00", "RecordID": "5199", "Level": "4", "UserID": "S-1-5-21-963789628-1060504924-4285088085-1001"}
{"EventID": "6065", "Channel": "Microsoft-Windows-SettingSync/Debug", "Provider_Name": "Microsoft-Windows-SettingSync", "Computer": "DESKTOP-OFJ6N53", "TimeCreated": "2025-02-25 08:54:36.271597+00:00", "RecordID": "5200", "Level": "2", "UserID": "S-1-5-21-963789628-1060504924-4285088085-1001", "EventData.Message": "onecoreuap\\shell\\roaming\\settingsynccore\\settingsyncreporting\\settingsyncreporting.cpp(146)\\SettingSyncCore.dll!00007FF8A0CB6484: (caller: 00007FF8A0CB6046) ReturnHr(22) tid(2720) 800708CA Сетевое подключение не существует."}
{"EventID": "6065", "Channel": "Microsoft-Windows-SettingSync/Debug", "Provider_Name": "Microsoft-Windows-SettingSync", "Computer": "DESKTOP-OFJ6N53", "TimeCreated": "2025-02-25 08:54:36.271612+00:00", "RecordID": "5201", "Level": "2", "UserID": "S-1-5-21-963789628-1060504924-4285088085-1001", "EventData.Message": "onecoreuap\\shell\\roaming\\settingsynccore\\settingsyncreporting\\settingsyncreporting.cpp(55)\\SettingSyncCore.dll!00007FF8A0CB6063: (caller: 00007FF8A0CB6536) ReturnHr(23) tid(2720) 800708CA Сетевое подключение не существует."}
{"EventID": "6065", "Channel": "Microsoft-Windows-SettingSync/Debug", "Provider_Name": "Microsoft-Windows-SettingSync", "Computer": "DESKTOP-OFJ6N53", "TimeCreated": "2025-02-25 08:54:36.271626+00:00", "RecordID": "5202", "Level": "2", "UserID": "S-1-5-21-963789628-1060504924-4285088085-1001", "EventData.Message": "onecoreuap\\shell\\roaming\\settingsynccore\\settingsyncreporting\\settingsyncreporting.cpp(29)\\SettingSyncCore.dll!00007FF8A0CB65B7: (caller: 00007FF8BA138902) ReturnHr(24) tid(2720) 800708CA Сетевое подключение не существует."}
{"EventID": "6524", "Channel": "Microsoft-Windows-SettingSync/Debug", "Provider_Name": "Microsoft-Windows-SettingSync", "Computer": "DESKTOP-OFJ6N53", "TimeCreated": "2025-02-25 08:54:36.320452+00:00", "RecordID": "5203", "Level": "4", "UserID": "S-1-5-21-963789628-1060504924-4285088085-1001"}
{"EventID": "6524", "Channel": "Microsoft-Windows-SettingSync/Debug", "Provider_Name": "Microsoft-Windows-SettingSync", "Computer": "DESKTOP-OFJ6N53", "TimeCreated": "2025-02-26 08:54:58.934916+00:00", "RecordID": "5204", "Level": "4", "UserID": "S-1-5-21-963789628-1060504924-4285088085-1001"}
{"EventID": "6065", "Channel": "Microsoft-Windows-SettingSync/Debug", "Provider_Name": "Microsoft-Windows-SettingSync", "Computer": "DESKTOP-OFJ6N53", "TimeCreated": "2025-02-26 08:54:58.953175+00:00", "RecordID": "5205", "Level": "2", "UserID": "S-1-5-21-963789628-1060504924-4285088085-1001", "EventData.Message": "onecoreuap\\shell\\roaming\\settingsynccore\\settingsyncreporting\\settingsyncreporting.cpp(146)\\SettingSyncCore.dll!00007FF8A0CB6484: (caller: 00007FF8A0CB6046) ReturnHr(25) tid(2980) 800708CA Сетевое подключение не существует."}
{"EventID": "6065", "Channel": "Microsoft-Windows-SettingSync/Debug", "Provider_Name": "Microsoft-Windows-SettingSync", "Computer": "DESKTOP-OFJ6N53", "TimeCreated": "2025-02-26 08:54:58.953190+00:00", "RecordID": "5206", "Level": "2", "UserID": "S-1-5-21-963789628-1060504924-4285088085-1001", "EventData.Message": "onecoreuap\\shell\\roaming\\settingsynccore\\settingsyncreporting\\settingsyncreporting.cpp(55)\\SettingSyncCore.dll!00007FF8A0CB6063: (caller: 00007FF8A0CB6536) ReturnHr(26) tid(2980) 800708CA Сетевое подключение не существует."}
{"EventID": "6065", "Channel": "Microsoft-Windows-SettingSync/Debug", "Provider_Name": "Microsoft-Windows-SettingSync", "Computer": "DESKTOP-OFJ6N53", "TimeCreated": "2025-02-26 08:54:58.953205+00:00", "RecordID": "5207", "Level": "2", "UserID": "S-1-5-21-963789628-1060504924-4285088085-1001", "EventData.Message": "onecoreuap\\shell\\roaming\\settingsynccore\\settingsyncreporting\\settingsyncreporting.cpp(29)\\SettingSyncCore.dll!00007FF8A0CB65B7: (caller: 00007FF8BA138902) ReturnHr(27) tid(2980) 800708CA Сетевое подключение не существует."}
{"EventID": "6065", "Channel": "Microsoft-Windows-SettingSync/Debug", "Provider_Name": "Microsoft-Windows-SettingSync", "Computer": "DESKTOP-OFJ6N53", "TimeCreated": "2025-02-27 08:55:04.729351+00:00", "RecordID": "5208", "Level": "2", "UserID": "S-1-5-21-963789628-1060504924-4285088085-1001", "EventData.Message": "onecoreuap\\shell\\roaming\\settingsynccore\\settingsyncreporting\\settingsyncreporting.cpp(146)\\SettingSyncCore.dll!00007FF8A0CB6484: (caller: 00007FF8A0CB6046) ReturnHr(28) tid(26a4) 800708CA Сетевое подключение не существует."}
{"EventID": "6065", "Channel": "Microsoft-Windows-SettingSync/Debug", "Provider_Name": "Microsoft-Windows-SettingSync", "Computer": "DESKTOP-OFJ6N53", "TimeCreated": "2025-02-27 08:55:04.729368+00:00", "RecordID": "5209", "Level": "2", "UserID": "S-1-5-21-963789628-1060504924-4285088085-1001", "EventData.Message": "onecoreuap\\shell\\roaming\\settingsynccore\\settingsyncreporting\\settingsyncreporting.cpp(55)\\SettingSyncCore.dll!00007FF8A0CB6063: (caller: 00007FF8A0CB6536) ReturnHr(29) tid(26a4) 800708CA Сетевое подключение не существует."}
{"EventID": "6065", "Channel": "Microsoft-Windows-SettingSync/Debug", "Provider_Name": "Microsoft-Windows-SettingSync", "Computer": "DESKTOP-OFJ6N53", "TimeCreated": "2025-02-27 08:55:04.729382+00:00", "RecordID": "5210", "Level": "2", "UserID": "S-1-5-21-963789628-1060504924-4285088085-1001", "EventData.Message": "onecoreuap\\shell\\roaming\\settingsynccore\\settingsyncreporting\\settingsyncreporting.cpp(29)\\SettingSyncCore.dll!00007FF8A0CB65B7: (caller: 00007FF8BA138902) ReturnHr(30) tid(26a4) 800708CA Сетевое подключение не существует."}
{"EventID": "6524", "Channel": "Microsoft-Windows-SettingSync/Debug", "Provider_Name": "Microsoft-Windows-SettingSync", "Computer": "DESKTOP-OFJ6N53", "TimeCreated": "2025-02-27 08:55:04.826288+00:00", "RecordID": "5211", "Level": "4", "UserID": "S-1-5-21-963789628-1060504924-4285088085-1001"}
{"EventID": "6065", "Channel": "Microsoft-Windows-SettingSync/Debug", "Provider_Name": "Microsoft-Windows-SettingSync", "Computer": "DESKTOP-OFJ6N53", "TimeCreated": "2025-02-28 08:54:51.996092+00:00", "RecordID": "5212", "Level": "2", "UserID": "S-1-5-21-963789628-1060504924-4285088085-1001", "EventData.Message": "onecoreuap\\shell\\roaming\\settingsynccore\\settingsyncreporting\\settingsyncreporting.cpp(146)\\SettingSyncCore.dll!00007FF8A0CB6484: (caller: 00007FF8A0CB6046) ReturnHr(31) tid(1714) 800708CA Сетевое подключение не существует."}
{"EventID": "6065", "Channel": "Microsoft-Windows-SettingSync/Debug", "Provider_Name": "Microsoft-Windows-SettingSync", "Computer": "DESKTOP-OFJ6N53", "TimeCreated": "2025-02-28 08:54:51.996109+00:00", "RecordID": "5213", "Level": "2", "UserID": "S-1-5-21-963789628-1060504924-4285088085-1001", "EventData.Message": "onecoreuap\\shell\\roaming\\settingsynccore\\settingsyncreporting\\settingsyncreporting.cpp(55)\\SettingSyncCore.dll!00007FF8A0CB6063: (caller: 00007FF8A0CB6536) ReturnHr(32) tid(1714) 800708CA Сетевое подключение не существует."}
{"EventID": "6065", "Channel": "Microsoft-Windows-SettingSync/Debug", "Provider_Name": "Microsoft-Windows-SettingSync", "Computer": "DESKTOP-OFJ6N53", "TimeCreated": "2025-02-28 08:54:51.996120+00:00", "RecordID": "5214", "Level": "2", "UserID": "S-1-5-21-963789628-1060504924-4285088085-1001", "EventData.Message": "onecoreuap\\shell\\roaming\\settingsynccore\\settingsyncreporting\\settingsyncreporting.cpp(29)\\SettingSyncCore.dll!00007FF8A0CB65B7: (caller: 00007FF8BA138902) ReturnHr(33) tid(1714) 800708CA Сетевое подключение не существует."}
{"EventID": "6524", "Channel": "Microsoft-Windows-SettingSync/Debug", "Provider_Name": "Microsoft-Windows-SettingSync", "Computer": "DESKTOP-OFJ6N53", "TimeCreated": "2025-02-28 08:54:52.070229+00:00", "RecordID": "5215", "Level": "4", "UserID": "S-1-5-21-963789628-1060504924-4285088085-1001"}
{"EventID": "6065", "Channel": "Microsoft-Windows-SettingSync/Debug", "Provider_Name": "Microsoft-Windows-SettingSync", "Computer": "DESKTOP-OFJ6N53", "TimeCreated": "2025-03-01 08:54:50.993326+00:00", "RecordID": "5216", "Level": "2", "UserID": "S-1-5-21-963789628-1060504924-4285088085-1001", "EventData.Message": "onecoreuap\\shell\\roaming\\settingsynccore\\settingsyncreporting\\settingsyncreporting.cpp(146)\\SettingSyncCore.dll!00007FF8A0CB6484: (caller: 00007FF8A0CB6046) ReturnHr(34) tid(8cc) 800708CA Сетевое подключение не существует."}
{"EventID": "6065", "Channel": "Microsoft-Windows-SettingSync/Debug", "Provider_Name": "Microsoft-Windows-SettingSync", "Computer": "DESKTOP-OFJ6N53", "TimeCreated": "2025-03-01 08:54:50.993349+00:00", "RecordID": "5217", "Level": "2", "UserID": "S-1-5-21-963789628-1060504924-4285088085-1001", "EventData.Message": "onecoreuap\\shell\\roaming\\settingsynccore\\settingsyncreporting\\settingsyncreporting.cpp(55)\\SettingSyncCore.dll!00007FF8A0CB6063: (caller: 00007FF8A0CB6536) ReturnHr(35) tid(8cc) 800708CA Сетевое подключение не существует."}
{"EventID": "6065", "Channel": "Microsoft-Windows-SettingSync/Debug", "Provider_Name": "Microsoft-Windows-SettingSync", "Computer": "DESKTOP-OFJ6N53", "TimeCreated": "2025-03-01 08:54:50.993364+00:00", "RecordID": "5218", "Level": "2", "UserID": "S-1-5-21-963789628-1060504924-4285088085-1001", "EventData.Message": "onecoreuap\\shell\\roaming\\settingsynccore\\settingsyncreporting\\settingsyncreporting.cpp(29)\\SettingSyncCore.dll!00007FF8A0CB65B7: (caller: 00007FF8BA138902) ReturnHr(36) tid(8cc) 800708CA Сетевое подключение не существует."}
{"EventID": "6524", "Channel": "Microsoft-Windows-SettingSync/Debug", "Provider_Name": "Microsoft-Windows-SettingSync", "Computer": "DESKTOP-OFJ6N53", "TimeCreated": "2025-03-01 08:54:51.101376+00:00", "RecordID": "5219", "Level": "4", "UserID": "S-1-5-21-963789628-1060504924-4285088085-1001"}
{"EventID": "6524", "Channel": "Microsoft-Windows-SettingSync/Debug", "Provider_Name": "Microsoft-Windows-SettingSync", "Computer": "DESKTOP-OFJ6N53", "TimeCreated": "2025-03-02 08:54:56.221411+00:00", "RecordID": "5220", "Level": "4", "UserID": "S-1-5-21-963789628-1060504924-4285088085-1001"}
{"EventID": "6065", "Channel": "Microsoft-Windows-SettingSync/Debug", "Provider_Name": "Microsoft-Windows-SettingSync", "Computer": "DESKTOP-OFJ6N53", "TimeCreated": "2025-03-02 08:54:56.242390+00:00", "RecordID": "5221", "Level": "2", "UserID": "S-1-5-21-963789628-1060504924-4285088085-1001", "EventData.Message": "onecoreuap\\shell\\roaming\\settingsynccore\\settingsyncreporting\\settingsyncreporting.cpp(146)\\SettingSyncCore.dll!00007FF8A0CB6484: (caller: 00007FF8A0CB6046) ReturnHr(37) tid(b28) 800708CA Сетевое подключение не существует."}
{"EventID": "6065", "Channel": "Microsoft-Windows-SettingSync/Debug", "Provider_Name": "Microsoft-Windows-SettingSync", "Computer": "DESKTOP-OFJ6N53", "TimeCreated": "2025-03-02 08:54:56.242413+00:00", "RecordID": "5222", "Level": "2", "UserID": "S-1-5-21-963789628-1060504924-4285088085-1001", "EventData.Message": "onecoreuap\\shell\\roaming\\settingsynccore\\settingsyncreporting\\settingsyncreporting.cpp(55)\\SettingSyncCore.dll!00007FF8A0CB6063: (caller: 00007FF8A0CB6536) ReturnHr(38) tid(b28) 800708CA Сетевое подключение не существует."}
{"EventID": "6065", "Channel": "Microsoft-Windows-SettingSync/Debug", "Provider_Name": "Microsoft-Windows-SettingSync", "Computer": "DESKTOP-OFJ6N53", "TimeCreated": "2025-03-02 08:54:56.242426+00:00", "RecordID": "5223", "Level": "2", "UserID": "S-1-5-21-963789628-1060504924-4285088085-1001", "EventData.Message": "onecoreuap\\shell\\roaming\\settingsynccore\\settingsyncreporting\\settingsyncreporting.cpp(29)\\SettingSyncCore.dll!00007FF8A0CB65B7: (caller: 00007FF8BA138902) ReturnHr(39) tid(b28) 800708CA Сетевое подключение не существует."}
{"EventID": "6065", "Channel": "Microsoft-Windows-SettingSync/Debug", "Provider_Name": "Microsoft-Windows-SettingSync", "Computer": "DESKTOP-OFJ6N53", "TimeCreated": "2025-03-03 08:55:13.104382+00:00", "RecordID": "5224", "Level": "2", "UserID": "S-1-5-21-963789628-1060504924-4285088085-1001", "EventData.Message": "onecoreuap\\shell\\roaming\\settingsynccore\\settingsyncreporting\\settingsyncreporting.cpp(146)\\SettingSyncCore.dll!00007FF8A0CB6484: (caller: 00007FF8A0CB6046) ReturnHr(40) tid(3144) 800708CA Сетевое подключение не существует."}
{"EventID": "6065", "Channel": "Microsoft-Windows-SettingSync/Debug", "Provider_Name": "Microsoft-Windows-SettingSync", "Computer": "DESKTOP-OFJ6N53", "TimeCreated": "2025-03-03 08:55:13.104395+00:00", "RecordID": "5225", "Level": "2", "UserID": "S-1-5-21-963789628-1060504924-4285088085-1001", "EventData.Message": "onecoreuap\\shell\\roaming\\settingsynccore\\settingsyncreporting\\settingsyncreporting.cpp(55)\\SettingSyncCore.dll!00007FF8A0CB6063: (caller: 00007FF8A0CB6536) ReturnHr(41) tid(3144) 800708CA Сетевое подключение не существует."}
{"EventID": "6065", "Channel": "Microsoft-Windows-SettingSync/Debug", "Provider_Name": "Microsoft-Windows-SettingSync", "Computer": "DESKTOP-OFJ6N53", "TimeCreated": "2025-03-03 08:55:13.104404+00:00", "RecordID": "5226", "Level": "2", "UserID": "S-1-5-21-963789628-1060504924-4285088085-1001", "EventData.Message": "onecoreuap\\shell\\roaming\\settingsynccore\\settingsyncreporting\\settingsyncreporting.cpp(29)\\SettingSyncCore.dll!00007FF8A0CB65B7: (caller: 00007FF8BA138902) ReturnHr(42) tid(3144) 800708CA Сетевое подключение не существует."}
{"EventID": "6524", "Channel": "Microsoft-Windows-SettingSync/Debug", "Provider_Name": "Microsoft-Windows-SettingSync", "Computer": "DESKTOP-OFJ6N53", "TimeCreated": "2025-03-03 08:55:13.209072+00:00", "RecordID": "5227", "Level": "4", "UserID": "S-1-5-21-963789628-1060504924-4285088085-1001"}
{"EventID": "6065", "Channel": "Microsoft-Windows-SettingSync/Debug", "Provider_Name": "Microsoft-Windows-SettingSync", "Computer": "DESKTOP-OFJ6N53", "TimeCreated": "2025-03-04 08:54:38.222994+00:00", "RecordID": "5228", "Level": "2", "UserID": "S-1-5-21-963789628-1060504924-4285088085-1001", "EventData.Message": "onecoreuap\\shell\\roaming\\settingsynccore\\settingsyncreporting\\settingsyncreporting.cpp(146)\\SettingSyncCore.dll!00007FF8A0CB6484: (caller: 00007FF8A0CB6046) ReturnHr(43) tid(17b4) 800708CA Сетевое подключение не существует."}
{"EventID": "6065", "Channel": "Microsoft-Windows-SettingSync/Debug", "Provider_Name": "Microsoft-Windows-SettingSync", "Computer": "DESKTOP-OFJ6N53", "TimeCreated": "2025-03-04 08:54:38.223017+00:00", "RecordID": "5229", "Level": "2", "UserID": "S-1-5-21-963789628-1060504924-4285088085-1001", "EventData.Message": "onecoreuap\\shell\\roaming\\settingsynccore\\settingsyncreporting\\settingsyncreporting.cpp(55)\\SettingSyncCore.dll!00007FF8A0CB6063: (caller: 00007FF8A0CB6536) ReturnHr(44) tid(17b4) 800708CA Сетевое подключение не существует."}
{"EventID": "6065", "Channel": "Microsoft-Windows-SettingSync/Debug", "Provider_Name": "Microsoft-Windows-SettingSync", "Computer": "DESKTOP-OFJ6N53", "TimeCreated": "2025-03-04 08:54:38.223032+00:00", "RecordID": "5230", "Level": "2", "UserID": "S-1-5-21-963789628-1060504924-4285088085-1001", "EventData.Message": "onecoreuap\\shell\\roaming\\settingsynccore\\settingsyncreporting\\settingsyncreporting.cpp(29)\\SettingSyncCore.dll!00007FF8A0CB65B7: (caller: 00007FF8BA138902) ReturnHr(45) tid(17b4) 800708CA Сетевое подключение не существует."}
{"EventID": "6524", "Channel": "Microsoft-Windows-SettingSync/Debug", "Provider_Name": "Microsoft-Windows-SettingSync", "Computer": "DESKTOP-OFJ6N53", "TimeCreated": "2025-03-04 08:54:38.312969+00:00", "RecordID": "5231", "Level": "4", "UserID": "S-1-5-21-963789628-1060504924-4285088085-1001"}
{"EventID": "6065", "Channel": "Microsoft-Windows-SettingSync/Debug", "Provider_Name": "Microsoft-Windows-SettingSync", "Computer": "DESKTOP-OFJ6N53", "TimeCreated": "2025-03-05 08:54:50.948462+00:00", "RecordID": "5232", "Level": "2", "UserID": "S-1-5-21-963789628-1060504924-4285088085-1001", "EventData.Message": "onecoreuap\\shell\\roaming\\settingsynccore\\settingsyncreporting\\settingsyncreporting.cpp(146)\\SettingSyncCore.dll!00007FF8A0CB6484: (caller: 00007FF8A0CB6046) ReturnHr(46) tid(2440) 800708CA Сетевое подключение не существует."}
{"EventID": "6065", "Channel": "Microsoft-Windows-SettingSync/Debug", "Provider_Name": "Microsoft-Windows-SettingSync", "Computer": "DESKTOP-OFJ6N53", "TimeCreated": "2025-03-05 08:54:50.948473+00:00", "RecordID": "5233", "Level": "2", "UserID": "S-1-5-21-963789628-1060504924-4285088085-1001", "EventData.Message": "onecoreuap\\shell\\roaming\\settingsynccore\\settingsyncreporting\\settingsyncreporting.cpp(55)\\SettingSyncCore.dll!00007FF8A0CB6063: (caller: 00007FF8A0CB6536) ReturnHr(47) tid(2440) 800708CA Сетевое подключение не существует."}
{"EventID": "6065", "Channel": "Microsoft-Windows-SettingSync/Debug", "Provider_Name": "Microsoft-Windows-SettingSync", "Computer": "DESKTOP-OFJ6N53", "TimeCreated": "2025-03-05 08:54:50.948483+00:00", "RecordID": "5234", "Level": "2", "UserID": "S-1-5-21-963789628-1060504924-4285088085-1001", "EventData.Message": "onecoreuap\\shell\\roaming\\settingsynccore\\settingsyncreporting\\settingsyncreporting.cpp(29)\\SettingSyncCore.dll!00007FF8A0CB65B7: (caller: 00007FF8BA138902) ReturnHr(48) tid(2440) 800708CA Сетевое подключение не существует."}
{"EventID": "6524", "Channel": "Microsoft-Windows-SettingSync/Debug", "Provider_Name": "Microsoft-Windows-SettingSync", "Computer": "DESKTOP-OFJ6N53", "TimeCreated": "2025-03-05 08:54:51.047813+00:00", "RecordID": "5235", "Level": "4", "UserID": "S-1-5-21-963789628-1060504924-4285088085-1001"}
{"EventID": "6065", "Channel": "Microsoft-Windows-SettingSync/Debug", "Provider_Name": "Microsoft-Windows-SettingSync", "Computer": "DESKTOP-OFJ6N53", "TimeCreated": "2025-03-06 08:54:56.217443+00:00", "RecordID": "5236", "Level": "2", "UserID": "S-1-5-21-963789628-1060504924-4285088085-1001", "EventData.Message": "onecoreuap\\shell\\roaming\\settingsynccore\\settingsyncreporting\\settingsyncreporting.cpp(146)\\SettingSyncCore.dll!00007FF8A0CB6484: (caller: 00007FF8A0CB6046) ReturnHr(49) tid(1e00) 800708CA Сетевое подключение не существует."}
{"EventID": "6065", "Channel": "Microsoft-Windows-SettingSync/Debug", "Provider_Name": "Microsoft-Windows-SettingSync", "Computer": "DESKTOP-OFJ6N53", "TimeCreated": "2025-03-06 08:54:56.217455+00:00", "RecordID": "5237", "Level": "2", "UserID": "S-1-5-21-963789628-1060504924-4285088085-1001", "EventData.Message": "onecoreuap\\shell\\roaming\\settingsynccore\\settingsyncreporting\\settingsyncreporting.cpp(55)\\SettingSyncCore.dll!00007FF8A0CB6063: (caller: 00007FF8A0CB6536) ReturnHr(50) tid(1e00) 800708CA Сетевое подключение не существует."}
{"EventID": "6065", "Channel": "Microsoft-Windows-SettingSync/Debug", "Provider_Name": "Microsoft-Windows-SettingSync", "Computer": "DESKTOP-OFJ6N53", "TimeCreated": "2025-03-06 08:54:56.217463+00:00", "RecordID": "5238", "Level": "2", "UserID": "S-1-5-21-963789628-1060504924-4285088085-1001", "EventData.Message": "onecoreuap\\shell\\roaming\\settingsynccore\\settingsyncreporting\\settingsyncreporting.cpp(29)\\SettingSyncCore.dll!00007FF8A0CB65B7: (caller: 00007FF8BA138902) ReturnHr(51) tid(1e00) 800708CA Сетевое подключение не существует."}
{"EventID": "6524", "Channel": "Microsoft-Windows-SettingSync/Debug", "Provider_Name": "Microsoft-Windows-SettingSync", "Computer": "DESKTOP-OFJ6N53", "TimeCreated": "2025-03-06 08:54:56.295412+00:00", "RecordID": "5239", "Level": "4", "UserID": "S-1-5-21-963789628-1060504924-4285088085-1001"}
{"EventID": "6065", "Channel": "Microsoft-Windows-SettingSync/Debug", "Provider_Name": "Microsoft-Windows-SettingSync", "Computer": "DESKTOP-OFJ6N53", "TimeCreated": "2025-03-07 08:54:56.291679+00:00", "RecordID": "5240", "Level": "2", "UserID": "S-1-5-21-963789628-1060504924-4285088085-1001", "EventData.Message": "onecoreuap\\shell\\roaming\\settingsynccore\\settingsyncreporting\\settingsyncreporting.cpp(146)\\SettingSyncCore.dll!00007FF8A0CB6484: (caller: 00007FF8A0CB6046) ReturnHr(52) tid(29dc) 800708CA Сетевое подключение не существует."}
{"EventID": "6065", "Channel": "Microsoft-Windows-SettingSync/Debug", "Provider_Name": "Microsoft-Windows-SettingSync", "Computer": "DESKTOP-OFJ6N53", "TimeCreated": "2025-03-07 08:54:56.291693+00:00", "RecordID": "5241", "Level": "2", "UserID": "S-1-5-21-963789628-1060504924-4285088085-1001", "EventData.Message": "onecoreuap\\shell\\roaming\\settingsynccore\\settingsyncreporting\\settingsyncreporting.cpp(55)\\SettingSyncCore.dll!00007FF8A0CB6063: (caller: 00007FF8A0CB6536) ReturnHr(53) tid(29dc) 800708CA Сетевое подключение не существует."}
{"EventID": "6065", "Channel": "Microsoft-Windows-SettingSync/Debug", "Provider_Name": "Microsoft-Windows-SettingSync", "Computer": "DESKTOP-OFJ6N53", "TimeCreated": "2025-03-07 08:54:56.291700+00:00", "RecordID": "5242", "Level": "2", "UserID": "S-1-5-21-963789628-1060504924-4285088085-1001", "EventData.Message": "onecoreuap\\shell\\roaming\\settingsynccore\\settingsyncreporting\\settingsyncreporting.cpp(29)\\SettingSyncCore.dll!00007FF8A0CB65B7: (caller: 00007FF8BA138902) ReturnHr(54) tid(29dc) 800708CA Сетевое подключение не существует."}
{"EventID": "6524", "Channel": "Microsoft-Windows-SettingSync/Debug", "Provider_Name": "Microsoft-Windows-SettingSync", "Computer": "DESKTOP-OFJ6N53", "TimeCreated": "2025-03-07 08:54:56.328180+00:00", "RecordID": "5243", "Level": "4", "UserID": "S-1-5-21-963789628-1060504924-4285088085-1001"}
{"EventID": "6509", "Channel": "Microsoft-Windows-SettingSync/Debug", "Provider_Name": "Microsoft-Windows-SettingSync-Desktop", "Computer": "DESKTOP-OFJ6N53", "TimeCreated": "2025-03-07 15:04:11.257420+00:00", "RecordID": "5244", "Level": "2", "UserID": "S-1-5-21-963789628-1060504924-4285088085-1001", "EventData.Message": "shell\\roaming\\settingsync\\settingprofilehandler.cpp(89)\\SettingSync.dll!00007FFE374DAF9E: (caller: 00007FFE374C9CD5) LogHr(1) tid(76c) 80070002 Не удается найти указанный файл."}
{"EventID": "6509", "Channel": "Microsoft-Windows-SettingSync/Debug", "Provider_Name": "Microsoft-Windows-SettingSync-Desktop", "Computer": "DESKTOP-OFJ6N53", "TimeCreated": "2025-03-07 15:04:11.257441+00:00", "RecordID": "5245", "Level": "2", "UserID": "S-1-5-21-963789628-1060504924-4285088085-1001", "EventData.Message": "shell\\roaming\\settingsync\\settingprofilehandler.cpp(24)\\SettingSync.dll!00007FFE374C9CF1: (caller: 00007FFE3FF5B46A) LogHr(2) tid(76c) 800704EC Эта программа заблокирована групповой политикой. За дополнительными сведениями обращайтесь к системному администратору."}
