{"EventID": "112", "Channel": "Microsoft-Windows-DeviceSetupManager/Admin", "Provider_Name": "Microsoft-Windows-DeviceSetupManager", "Computer": "DESKTOP-OFJ6N53", "TimeCreated": "2025-07-31 11:10:32.471636+00:00", "RecordID": "56065", "Level": "4", "UserID": "S-1-5-18", "EventData.Prop_DeviceName": "OneNote for Windows 10", "EventData.Prop_ContainerId": "{48f7d21a-7acc-826e-eaaf-78caef934548}", "EventData.Prop_TaskCount": "4", "EventData.Prop_PropertyCount": "0", "EventData.Prop_WorkTime_MilliSeconds": "515"}
{"EventID": "131", "Channel": "Microsoft-Windows-DeviceSetupManager/Admin", "Provider_Name": "Microsoft-Windows-DeviceSetupManager", "Computer": "DESKTOP-OFJ6N53", "TimeCreated": "2025-07-31 11:10:32.720829+00:00", "RecordID": "56066", "Level": "2", "UserID": "S-1-5-18", "EventData.Prop_ContainerId": "{EB3E824A-9B15-11EC-A6BD-00059A3C7A00}", "EventData.HRESULT": "2147943568"}
{"EventID": "112", "Channel": "Microsoft-Windows-DeviceSetupManager/Admin", "Provider_Name": "Microsoft-Windows-DeviceSetupManager", "Computer": "DESKTOP-OFJ6N53", "TimeCreated": "2025-07-31 11:10:32.721899+00:00", "RecordID": "56067", "Level": "4", "UserID": "S-1-5-18", "EventData.Prop_DeviceName": "VMware Virtual USB Hub", "EventData.Prop_ContainerId": "{eb3e824a-9b15-11ec-a6bd-00059a3c7a00}", "EventData.Prop_TaskCount": "4", "EventData.Prop_PropertyCount": "0", "EventData.Prop_WorkTime_MilliSeconds": "1281"}
{"EventID": "131", "Channel": "Microsoft-Windows-DeviceSetupManager/Admin", "Provider_Name": "Microsoft-Windows-DeviceSetupManager", "Computer": "DESKTOP-OFJ6N53", "TimeCreated": "2025-07-31 11:10:33.009434+00:00", "RecordID": "56068", "Level": "2", "UserID": "S-1-5-18", "EventData.Prop_ContainerId": "{2572A954-954B-11EC-A6B8-806E6F6E6963}", "EventData.HRESULT": "2147943568"}
{"EventID": "112", "Channel": "Microsoft-Windows-DeviceSetupManager/Admin", "Provider_Name": "Microsoft-Windows-DeviceSetupManager", "Computer": "DESKTOP-OFJ6N53", "TimeCreated": "2025-07-31 11:10:33.010300+00:00", "RecordID": "56069", "Level": "4", "UserID": "S-1-5-18", "EventData.Prop_DeviceName": "VMware Virtual disk SCSI Disk Device", "EventData.Prop_ContainerId": "{2572a954-954b-11ec-a6b8-806e6f6e6963}", "EventData.Prop_TaskCount": "4", "EventData.Prop_PropertyCount": "0", "EventData.Prop_WorkTime_MilliSeconds": "1296"}
{"EventID": "131", "Channel": "Microsoft-Windows-DeviceSetupManager/Admin", "Provider_Name": "Microsoft-Windows-DeviceSetupManager", "Computer": "DESKTOP-OFJ6N53", "TimeCreated": "2025-07-31 11:10:33.264214+00:00", "RecordID": "56070", "Level": "2", "UserID": "S-1-5-18", "EventData.Prop_ContainerId": "{EB3E8249-9B15-11EC-A6BD-00059A3C7A00}", "EventData.HRESULT": "2147943568"}
{"EventID": "112", "Channel": "Microsoft-Windows-DeviceSetupManager/Admin", "Provider_Name": "Microsoft-Windows-DeviceSetupManager", "Computer": "DESKTOP-OFJ6N53", "TimeCreated": "2025-07-31 11:10:33.264999+00:00", "RecordID": "56071", "Level": "4", "UserID": "S-1-5-18", "EventData.Prop_DeviceName": "VMware Virtual USB Hub", "EventData.Prop_ContainerId": "{eb3e8249-9b15-11ec-a6bd-00059a3c7a00}", "EventData.Prop_TaskCount": "4", "EventData.Prop_PropertyCount": "0", "EventData.Prop_WorkTime_MilliSeconds": "1046"}
{"EventID": "131", "Channel": "Microsoft-Windows-DeviceSetupManager/Admin", "Provider_Name": "Microsoft-Windows-DeviceSetupManager", "Computer": "DESKTOP-OFJ6N53", "TimeCreated": "2025-07-31 11:10:33.538546+00:00", "RecordID": "56072", "Level": "2", "UserID": "S-1-5-18", "EventData.Prop_ContainerId": "{298580E3-E0E9-5B21-9699-52225753EF2E}", "EventData.HRESULT": "2147943568"}
{"EventID": "112", "Channel": "Microsoft-Windows-DeviceSetupManager/Admin", "Provider_Name": "Microsoft-Windows-DeviceSetupManager", "Computer": "DESKTOP-OFJ6N53", "TimeCreated": "2025-07-31 11:10:33.539352+00:00", "RecordID": "56073", "Level": "4", "UserID": "S-1-5-18", "EventData.Prop_DeviceName": "Generic Non-PnP Monitor", "EventData.Prop_ContainerId": "{298580e3-e0e9-5b21-9699-52225753ef2e}", "EventData.Prop_TaskCount": "4", "EventData.Prop_PropertyCount": "0", "EventData.Prop_WorkTime_MilliSeconds": "812"}
{"EventID": "131", "Channel": "Microsoft-Windows-DeviceSetupManager/Admin", "Provider_Name": "Microsoft-Windows-DeviceSetupManager", "Computer": "DESKTOP-OFJ6N53", "TimeCreated": "2025-07-31 11:10:33.791679+00:00", "RecordID": "56074", "Level": "2", "UserID": "S-1-5-18", "EventData.Prop_ContainerId": "{2572A949-954B-11EC-A6B8-806E6F6E6963}", "EventData.HRESULT": "2147943568"}
{"EventID": "112", "Channel": "Microsoft-Windows-DeviceSetupManager/Admin", "Provider_Name": "Microsoft-Windows-DeviceSetupManager", "Computer": "DESKTOP-OFJ6N53", "TimeCreated": "2025-07-31 11:10:33.795198+00:00", "RecordID": "56075", "Level": "4", "UserID": "S-1-5-18", "EventData.Prop_DeviceName": "USB Root Hub (USB 3.0)", "EventData.Prop_ContainerId": "{2572a949-954b-11ec-a6b8-806e6f6e6963}", "EventData.Prop_TaskCount": "4", "EventData.Prop_PropertyCount": "0", "EventData.Prop_WorkTime_MilliSeconds": "1312"}
{"EventID": "131", "Channel": "Microsoft-Windows-DeviceSetupManager/Admin", "Provider_Name": "Microsoft-Windows-DeviceSetupManager", "Computer": "DESKTOP-OFJ6N53", "TimeCreated": "2025-07-31 11:10:34.048235+00:00", "RecordID": "56076", "Level": "2", "UserID": "S-1-5-18", "EventData.Prop_ContainerId": "{4DF4D30C-95BA-11EC-A6BC-00059A3C7A00}", "EventData.HRESULT": "2147943568"}
{"EventID": "112", "Channel": "Microsoft-Windows-DeviceSetupManager/Admin", "Provider_Name": "Microsoft-Windows-DeviceSetupManager", "Computer": "DESKTOP-OFJ6N53", "TimeCreated": "2025-07-31 11:10:34.048906+00:00", "RecordID": "56077", "Level": "4", "UserID": "S-1-5-18", "EventData.Prop_DeviceName": "Microsoft Remote Display Adapter", "EventData.Prop_ContainerId": "{4df4d30c-95ba-11ec-a6bc-00059a3c7a00}", "EventData.Prop_TaskCount": "4", "EventData.Prop_PropertyCount": "0", "EventData.Prop_WorkTime_MilliSeconds": "1031"}
{"EventID": "131", "Channel": "Microsoft-Windows-DeviceSetupManager/Admin", "Provider_Name": "Microsoft-Windows-DeviceSetupManager", "Computer": "DESKTOP-OFJ6N53", "TimeCreated": "2025-07-31 11:10:34.295389+00:00", "RecordID": "56078", "Level": "2", "UserID": "S-1-5-18", "EventData.Prop_ContainerId": "{00000000-0000-0000-FFFF-FFFFFFFFFFFF}", "EventData.HRESULT": "2147943568"}
{"EventID": "112", "Channel": "Microsoft-Windows-DeviceSetupManager/Admin", "Provider_Name": "Microsoft-Windows-DeviceSetupManager", "Computer": "DESKTOP-OFJ6N53", "TimeCreated": "2025-07-31 11:10:34.297754+00:00", "RecordID": "56079", "Level": "4", "UserID": "S-1-5-18", "EventData.Prop_DeviceName": "DESKTOP-OFJ6N53", "EventData.Prop_ContainerId": "{00000000-0000-0000-ffff-ffffffffffff}", "EventData.Prop_TaskCount": "4", "EventData.Prop_PropertyCount": "40", "EventData.Prop_WorkTime_MilliSeconds": "1031"}
{"EventID": "131", "Channel": "Microsoft-Windows-DeviceSetupManager/Admin", "Provider_Name": "Microsoft-Windows-DeviceSetupManager", "Computer": "DESKTOP-OFJ6N53", "TimeCreated": "2025-07-31 11:10:34.542196+00:00", "RecordID": "56080", "Level": "2", "UserID": "S-1-5-18", "EventData.Prop_ContainerId": "{D397268A-724C-B4EF-D641-C9234BA2948B}", "EventData.HRESULT": "2147943568"}
{"EventID": "112", "Channel": "Microsoft-Windows-DeviceSetupManager/Admin", "Provider_Name": "Microsoft-Windows-DeviceSetupManager", "Computer": "DESKTOP-OFJ6N53", "TimeCreated": "2025-07-31 11:10:34.542904+00:00", "RecordID": "56081", "Level": "4", "UserID": "S-1-5-18", "EventData.Prop_DeviceName": "Microsoft Print to PDF", "EventData.Prop_ContainerId": "{d397268a-724c-b4ef-d641-c9234ba2948b}", "EventData.Prop_TaskCount": "4", "EventData.Prop_PropertyCount": "0", "EventData.Prop_WorkTime_MilliSeconds": "999"}
{"EventID": "101", "Channel": "Microsoft-Windows-DeviceSetupManager/Admin", "Provider_Name": "Microsoft-Windows-DeviceSetupManager", "Computer": "DESKTOP-OFJ6N53", "TimeCreated": "2025-07-31 11:11:19.549654+00:00", "RecordID": "56082", "Level": "4", "UserID": "S-1-5-18", "EventData.Prop_UpTime_Seconds": "49", "EventData.Prop_WorkTime_MilliSeconds": "4702"}
{"EventID": "100", "Channel": "Microsoft-Windows-DeviceSetupManager/Admin", "Provider_Name": "Microsoft-Windows-DeviceSetupManager", "Computer": "DESKTOP-OFJ6N53", "TimeCreated": "2025-08-01 08:40:24.167027+00:00", "RecordID": "56083", "Level": "4", "UserID": "S-1-5-18", "EventData.Prop_CoreServiceMode": "0", "EventData.Prop_Event_Window_Seconds": "77344"}
{"EventID": "131", "Channel": "Microsoft-Windows-DeviceSetupManager/Admin", "Provider_Name": "Microsoft-Windows-DeviceSetupManager", "Computer": "DESKTOP-OFJ6N53", "TimeCreated": "2025-08-01 08:40:25.269070+00:00", "RecordID": "56084", "Level": "2", "UserID": "S-1-5-18", "EventData.Prop_ContainerId": "{2572A948-954B-11EC-A6B8-806E6F6E6963}", "EventData.HRESULT": "2147943568"}
{"EventID": "112", "Channel": "Microsoft-Windows-DeviceSetupManager/Admin", "Provider_Name": "Microsoft-Windows-DeviceSetupManager", "Computer": "DESKTOP-OFJ6N53", "TimeCreated": "2025-08-01 08:40:25.269915+00:00", "RecordID": "56085", "Level": "4", "UserID": "S-1-5-18", "EventData.Prop_DeviceName": "Intel(R) 82574L Gigabit Network Connection", "EventData.Prop_ContainerId": "{2572a948-954b-11ec-a6b8-806e6f6e6963}", "EventData.Prop_TaskCount": "4", "EventData.Prop_PropertyCount": "0", "EventData.Prop_WorkTime_MilliSeconds": "1049"}
{"EventID": "131", "Channel": "Microsoft-Windows-DeviceSetupManager/Admin", "Provider_Name": "Microsoft-Windows-DeviceSetupManager", "Computer": "DESKTOP-OFJ6N53", "TimeCreated": "2025-08-01 08:40:25.539799+00:00", "RecordID": "56086", "Level": "2", "UserID": "S-1-5-18", "EventData.Prop_ContainerId": "{CA0E9E80-3E97-FCAC-730A-8CB080FA2581}", "EventData.HRESULT": "2147943568"}
{"EventID": "112", "Channel": "Microsoft-Windows-DeviceSetupManager/Admin", "Provider_Name": "Microsoft-Windows-DeviceSetupManager", "Computer": "DESKTOP-OFJ6N53", "TimeCreated": "2025-08-01 08:40:25.542423+00:00", "RecordID": "56087", "Level": "4", "UserID": "S-1-5-18", "EventData.Prop_DeviceName": "Fax", "EventData.Prop_ContainerId": "{ca0e9e80-3e97-fcac-730a-8cb080fa2581}", "EventData.Prop_TaskCount": "4", "EventData.Prop_PropertyCount": "0", "EventData.Prop_WorkTime_MilliSeconds": "1305"}
{"EventID": "131", "Channel": "Microsoft-Windows-DeviceSetupManager/Admin", "Provider_Name": "Microsoft-Windows-DeviceSetupManager", "Computer": "DESKTOP-OFJ6N53", "TimeCreated": "2025-08-01 08:40:25.747639+00:00", "RecordID": "56088", "Level": "2", "UserID": "S-1-5-18", "EventData.Prop_ContainerId": "{2572A968-954B-11EC-A6B8-806E6F6E6963}", "EventData.HRESULT": "2147943568"}
{"EventID": "112", "Channel": "Microsoft-Windows-DeviceSetupManager/Admin", "Provider_Name": "Microsoft-Windows-DeviceSetupManager", "Computer": "DESKTOP-OFJ6N53", "TimeCreated": "2025-08-01 08:40:25.750731+00:00", "RecordID": "56089", "Level": "4", "UserID": "S-1-5-18", "EventData.Prop_DeviceName": "VMware Virtual USB Mouse", "EventData.Prop_ContainerId": "{2572a968-954b-11ec-a6b8-806e6f6e6963}", "EventData.Prop_TaskCount": "4", "EventData.Prop_PropertyCount": "0", "EventData.Prop_WorkTime_MilliSeconds": "1481"}
{"EventID": "131", "Channel": "Microsoft-Windows-DeviceSetupManager/Admin", "Provider_Name": "Microsoft-Windows-DeviceSetupManager", "Computer": "DESKTOP-OFJ6N53", "TimeCreated": "2025-08-01 08:40:26.109673+00:00", "RecordID": "56090", "Level": "2", "UserID": "S-1-5-18", "EventData.Prop_ContainerId": "{B01CB9B2-9E9C-11EC-A6BD-00059A3C7A00}", "EventData.HRESULT": "2147943568"}
{"EventID": "112", "Channel": "Microsoft-Windows-DeviceSetupManager/Admin", "Provider_Name": "Microsoft-Windows-DeviceSetupManager", "Computer": "DESKTOP-OFJ6N53", "TimeCreated": "2025-08-01 08:40:26.114719+00:00", "RecordID": "56091", "Level": "4", "UserID": "S-1-5-18", "EventData.Prop_DeviceName": "Citrix Indirect Display Adapter", "EventData.Prop_ContainerId": "{b01cb9b2-9e9c-11ec-a6bd-00059a3c7a00}", "EventData.Prop_TaskCount": "4", "EventData.Prop_PropertyCount": "0", "EventData.Prop_WorkTime_MilliSeconds": "1860"}
{"EventID": "131", "Channel": "Microsoft-Windows-DeviceSetupManager/Admin", "Provider_Name": "Microsoft-Windows-DeviceSetupManager", "Computer": "DESKTOP-OFJ6N53", "TimeCreated": "2025-08-01 08:40:26.254280+00:00", "RecordID": "56092", "Level": "2", "UserID": "S-1-5-18", "EventData.Prop_ContainerId": "{EB3E824A-9B15-11EC-A6BD-00059A3C7A00}", "EventData.HRESULT": "2147943568"}
{"EventID": "112", "Channel": "Microsoft-Windows-DeviceSetupManager/Admin", "Provider_Name": "Microsoft-Windows-DeviceSetupManager", "Computer": "DESKTOP-OFJ6N53", "TimeCreated": "2025-08-01 08:40:26.255035+00:00", "RecordID": "56093", "Level": "4", "UserID": "S-1-5-18", "EventData.Prop_DeviceName": "VMware Virtual USB Hub", "EventData.Prop_ContainerId": "{eb3e824a-9b15-11ec-a6bd-00059a3c7a00}", "EventData.Prop_TaskCount": "4", "EventData.Prop_PropertyCount": "0", "EventData.Prop_WorkTime_MilliSeconds": "501"}
{"EventID": "131", "Channel": "Microsoft-Windows-DeviceSetupManager/Admin", "Provider_Name": "Microsoft-Windows-DeviceSetupManager", "Computer": "DESKTOP-OFJ6N53", "TimeCreated": "2025-08-01 08:40:26.364765+00:00", "RecordID": "56094", "Level": "2", "UserID": "S-1-5-18", "EventData.Prop_ContainerId": "{756468F6-5E04-4FF4-B1CF-70D5D3000D9E}", "EventData.HRESULT": "2147943568"}
{"EventID": "112", "Channel": "Microsoft-Windows-DeviceSetupManager/Admin", "Provider_Name": "Microsoft-Windows-DeviceSetupManager", "Computer": "DESKTOP-OFJ6N53", "TimeCreated": "2025-08-01 08:40:26.370565+00:00", "RecordID": "56095", "Level": "4", "UserID": "S-1-5-18", "EventData.Prop_DeviceName": "Generic Non-PnP Monitor", "EventData.Prop_ContainerId": "{756468f6-5e04-4ff4-b1cf-70d5d3000d9e}", "EventData.Prop_TaskCount": "4", "EventData.Prop_PropertyCount": "42", "EventData.Prop_WorkTime_MilliSeconds": "1092"}
{"EventID": "131", "Channel": "Microsoft-Windows-DeviceSetupManager/Admin", "Provider_Name": "Microsoft-Windows-DeviceSetupManager", "Computer": "DESKTOP-OFJ6N53", "TimeCreated": "2025-08-01 08:40:26.481005+00:00", "RecordID": "56096", "Level": "2", "UserID": "S-1-5-18", "EventData.Prop_ContainerId": "{0A568158-2954-F19C-89F3-03ACAEE1F85E}", "EventData.HRESULT": "2147943568"}
{"EventID": "112", "Channel": "Microsoft-Windows-DeviceSetupManager/Admin", "Provider_Name": "Microsoft-Windows-DeviceSetupManager", "Computer": "DESKTOP-OFJ6N53", "TimeCreated": "2025-08-01 08:40:26.481899+00:00", "RecordID": "56097", "Level": "4", "UserID": "S-1-5-18", "EventData.Prop_DeviceName": "Microsoft XPS Document Writer", "EventData.Prop_ContainerId": "{0a568158-2954-f19c-89f3-03acaee1f85e}", "EventData.Prop_TaskCount": "4", "EventData.Prop_PropertyCount": "0", "EventData.Prop_WorkTime_MilliSeconds": "925"}
{"EventID": "131", "Channel": "Microsoft-Windows-DeviceSetupManager/Admin", "Provider_Name": "Microsoft-Windows-DeviceSetupManager", "Computer": "DESKTOP-OFJ6N53", "TimeCreated": "2025-08-01 08:40:26.598074+00:00", "RecordID": "56098", "Level": "2", "UserID": "S-1-5-18", "EventData.Prop_ContainerId": "{2572A954-954B-11EC-A6B8-806E6F6E6963}", "EventData.HRESULT": "2147943568"}
{"EventID": "112", "Channel": "Microsoft-Windows-DeviceSetupManager/Admin", "Provider_Name": "Microsoft-Windows-DeviceSetupManager", "Computer": "DESKTOP-OFJ6N53", "TimeCreated": "2025-08-01 08:40:26.598810+00:00", "RecordID": "56099", "Level": "4", "UserID": "S-1-5-18", "EventData.Prop_DeviceName": "VMware Virtual disk SCSI Disk Device", "EventData.Prop_ContainerId": "{2572a954-954b-11ec-a6b8-806e6f6e6963}", "EventData.Prop_TaskCount": "4", "EventData.Prop_PropertyCount": "0", "EventData.Prop_WorkTime_MilliSeconds": "484"}
{"EventID": "131", "Channel": "Microsoft-Windows-DeviceSetupManager/Admin", "Provider_Name": "Microsoft-Windows-DeviceSetupManager", "Computer": "DESKTOP-OFJ6N53", "TimeCreated": "2025-08-01 08:40:26.712816+00:00", "RecordID": "56100", "Level": "2", "UserID": "S-1-5-18", "EventData.Prop_ContainerId": "{48F7D21A-7ACC-826E-EAAF-78CAEF934548}", "EventData.HRESULT": "2147943568"}
{"EventID": "112", "Channel": "Microsoft-Windows-DeviceSetupManager/Admin", "Provider_Name": "Microsoft-Windows-DeviceSetupManager", "Computer": "DESKTOP-OFJ6N53", "TimeCreated": "2025-08-01 08:40:26.713579+00:00", "RecordID": "56101", "Level": "4", "UserID": "S-1-5-18", "EventData.Prop_DeviceName": "OneNote for Windows 10", "EventData.Prop_ContainerId": "{48f7d21a-7acc-826e-eaaf-78caef934548}", "EventData.Prop_TaskCount": "4", "EventData.Prop_PropertyCount": "0", "EventData.Prop_WorkTime_MilliSeconds": "453"}
{"EventID": "131", "Channel": "Microsoft-Windows-DeviceSetupManager/Admin", "Provider_Name": "Microsoft-Windows-DeviceSetupManager", "Computer": "DESKTOP-OFJ6N53", "TimeCreated": "2025-08-01 08:40:26.836006+00:00", "RecordID": "56102", "Level": "2", "UserID": "S-1-5-18", "EventData.Prop_ContainerId": "{EB3E8249-9B15-11EC-A6BD-00059A3C7A00}", "EventData.HRESULT": "2147943568"}
{"EventID": "112", "Channel": "Microsoft-Windows-DeviceSetupManager/Admin", "Provider_Name": "Microsoft-Windows-DeviceSetupManager", "Computer": "DESKTOP-OFJ6N53", "TimeCreated": "2025-08-01 08:40:26.836718+00:00", "RecordID": "56103", "Level": "4", "UserID": "S-1-5-18", "EventData.Prop_DeviceName": "VMware Virtual USB Hub", "EventData.Prop_ContainerId": "{eb3e8249-9b15-11ec-a6bd-00059a3c7a00}", "EventData.Prop_TaskCount": "4", "EventData.Prop_PropertyCount": "0", "EventData.Prop_WorkTime_MilliSeconds": "468"}
{"EventID": "131", "Channel": "Microsoft-Windows-DeviceSetupManager/Admin", "Provider_Name": "Microsoft-Windows-DeviceSetupManager", "Computer": "DESKTOP-OFJ6N53", "TimeCreated": "2025-08-01 08:40:26.951368+00:00", "RecordID": "56104", "Level": "2", "UserID": "S-1-5-18", "EventData.Prop_ContainerId": "{2572A949-954B-11EC-A6B8-806E6F6E6963}", "EventData.HRESULT": "2147943568"}
{"EventID": "112", "Channel": "Microsoft-Windows-DeviceSetupManager/Admin", "Provider_Name": "Microsoft-Windows-DeviceSetupManager", "Computer": "DESKTOP-OFJ6N53", "TimeCreated": "2025-08-01 08:40:26.952316+00:00", "RecordID": "56105", "Level": "4", "UserID": "S-1-5-18", "EventData.Prop_DeviceName": "USB Root Hub (USB 3.0)", "EventData.Prop_ContainerId": "{2572a949-954b-11ec-a6b8-806e6f6e6963}", "EventData.Prop_TaskCount": "4", "EventData.Prop_PropertyCount": "0", "EventData.Prop_WorkTime_MilliSeconds": "468"}
{"EventID": "131", "Channel": "Microsoft-Windows-DeviceSetupManager/Admin", "Provider_Name": "Microsoft-Windows-DeviceSetupManager", "Computer": "DESKTOP-OFJ6N53", "TimeCreated": "2025-08-01 08:40:27.065287+00:00", "RecordID": "56106", "Level": "2", "UserID": "S-1-5-18", "EventData.Prop_ContainerId": "{298580E3-E0E9-5B21-9699-52225753EF2E}", "EventData.HRESULT": "2147943568"}
{"EventID": "112", "Channel": "Microsoft-Windows-DeviceSetupManager/Admin", "Provider_Name": "Microsoft-Windows-DeviceSetupManager", "Computer": "DESKTOP-OFJ6N53", "TimeCreated": "2025-08-01 08:40:27.066051+00:00", "RecordID": "56107", "Level": "4", "UserID": "S-1-5-18", "EventData.Prop_DeviceName": "Generic Non-PnP Monitor", "EventData.Prop_ContainerId": "{298580e3-e0e9-5b21-9699-52225753ef2e}", "EventData.Prop_TaskCount": "4", "EventData.Prop_PropertyCount": "0", "EventData.Prop_WorkTime_MilliSeconds": "468"}
{"EventID": "131", "Channel": "Microsoft-Windows-DeviceSetupManager/Admin", "Provider_Name": "Microsoft-Windows-DeviceSetupManager", "Computer": "DESKTOP-OFJ6N53", "TimeCreated": "2025-08-01 08:40:27.185591+00:00", "RecordID": "56108", "Level": "2", "UserID": "S-1-5-18", "EventData.Prop_ContainerId": "{2572A947-954B-11EC-A6B8-806E6F6E6963}", "EventData.HRESULT": "2147943568"}
{"EventID": "112", "Channel": "Microsoft-Windows-DeviceSetupManager/Admin", "Provider_Name": "Microsoft-Windows-DeviceSetupManager", "Computer": "DESKTOP-OFJ6N53", "TimeCreated": "2025-08-01 08:40:27.189180+00:00", "RecordID": "56109", "Level": "4", "UserID": "S-1-5-18", "EventData.Prop_DeviceName": "SAS Controller", "EventData.Prop_ContainerId": "{2572a947-954b-11ec-a6b8-806e6f6e6963}", "EventData.Prop_TaskCount": "4", "EventData.Prop_PropertyCount": "0", "EventData.Prop_WorkTime_MilliSeconds": "468"}
{"EventID": "131", "Channel": "Microsoft-Windows-DeviceSetupManager/Admin", "Provider_Name": "Microsoft-Windows-DeviceSetupManager", "Computer": "DESKTOP-OFJ6N53", "TimeCreated": "2025-08-01 08:40:27.298246+00:00", "RecordID": "56110", "Level": "2", "UserID": "S-1-5-18", "EventData.Prop_ContainerId": "{4DF4D30C-95BA-11EC-A6BC-00059A3C7A00}", "EventData.HRESULT": "2147943568"}
{"EventID": "112", "Channel": "Microsoft-Windows-DeviceSetupManager/Admin", "Provider_Name": "Microsoft-Windows-DeviceSetupManager", "Computer": "DESKTOP-OFJ6N53", "TimeCreated": "2025-08-01 08:40:27.301905+00:00", "RecordID": "56111", "Level": "4", "UserID": "S-1-5-18", "EventData.Prop_DeviceName": "Microsoft Remote Display Adapter", "EventData.Prop_ContainerId": "{4df4d30c-95ba-11ec-a6bc-00059a3c7a00}", "EventData.Prop_TaskCount": "4", "EventData.Prop_PropertyCount": "0", "EventData.Prop_WorkTime_MilliSeconds": "468"}
{"EventID": "131", "Channel": "Microsoft-Windows-DeviceSetupManager/Admin", "Provider_Name": "Microsoft-Windows-DeviceSetupManager", "Computer": "DESKTOP-OFJ6N53", "TimeCreated": "2025-08-01 08:40:27.411148+00:00", "RecordID": "56112", "Level": "2", "UserID": "S-1-5-18", "EventData.Prop_ContainerId": "{D397268A-724C-B4EF-D641-C9234BA2948B}", "EventData.HRESULT": "2147943568"}
{"EventID": "112", "Channel": "Microsoft-Windows-DeviceSetupManager/Admin", "Provider_Name": "Microsoft-Windows-DeviceSetupManager", "Computer": "DESKTOP-OFJ6N53", "TimeCreated": "2025-08-01 08:40:27.412144+00:00", "RecordID": "56113", "Level": "4", "UserID": "S-1-5-18", "EventData.Prop_DeviceName": "Microsoft Print to PDF", "EventData.Prop_ContainerId": "{d397268a-724c-b4ef-d641-c9234ba2948b}", "EventData.Prop_TaskCount": "4", "EventData.Prop_PropertyCount": "0", "EventData.Prop_WorkTime_MilliSeconds": "343"}
{"EventID": "131", "Channel": "Microsoft-Windows-DeviceSetupManager/Admin", "Provider_Name": "Microsoft-Windows-DeviceSetupManager", "Computer": "DESKTOP-OFJ6N53", "TimeCreated": "2025-08-01 08:40:27.537516+00:00", "RecordID": "56114", "Level": "2", "UserID": "S-1-5-18", "EventData.Prop_ContainerId": "{00000000-0000-0000-FFFF-FFFFFFFFFFFF}", "EventData.HRESULT": "2147943568"}
{"EventID": "112", "Channel": "Microsoft-Windows-DeviceSetupManager/Admin", "Provider_Name": "Microsoft-Windows-DeviceSetupManager", "Computer": "DESKTOP-OFJ6N53", "TimeCreated": "2025-08-01 08:40:27.540146+00:00", "RecordID": "56115", "Level": "4", "UserID": "S-1-5-18", "EventData.Prop_DeviceName": "DESKTOP-OFJ6N53", "EventData.Prop_ContainerId": "{00000000-0000-0000-ffff-ffffffffffff}", "EventData.Prop_TaskCount": "4", "EventData.Prop_PropertyCount": "40", "EventData.Prop_WorkTime_MilliSeconds": "593"}
{"EventID": "101", "Channel": "Microsoft-Windows-DeviceSetupManager/Admin", "Provider_Name": "Microsoft-Windows-DeviceSetupManager", "Computer": "DESKTOP-OFJ6N53", "TimeCreated": "2025-08-01 08:41:12.534151+00:00", "RecordID": "56116", "Level": "4", "UserID": "S-1-5-18", "EventData.Prop_UpTime_Seconds": "48", "EventData.Prop_WorkTime_MilliSeconds": "3344"}
{"EventID": "100", "Channel": "Microsoft-Windows-DeviceSetupManager/Admin", "Provider_Name": "Microsoft-Windows-DeviceSetupManager", "Computer": "DESKTOP-OFJ6N53", "TimeCreated": "2025-08-01 08:44:51.129925+00:00", "RecordID": "56117", "Level": "4", "UserID": "S-1-5-18", "EventData.Prop_CoreServiceMode": "0", "EventData.Prop_Event_Window_Seconds": "218"}
{"EventID": "131", "Channel": "Microsoft-Windows-DeviceSetupManager/Admin", "Provider_Name": "Microsoft-Windows-DeviceSetupManager", "Computer": "DESKTOP-OFJ6N53", "TimeCreated": "2025-08-01 08:44:51.414900+00:00", "RecordID": "56118", "Level": "2", "UserID": "S-1-5-18", "EventData.Prop_ContainerId": "{D397268A-724C-B4EF-D641-C9234BA2948B}", "EventData.HRESULT": "2147943568"}
{"EventID": "131", "Channel": "Microsoft-Windows-DeviceSetupManager/Admin", "Provider_Name": "Microsoft-Windows-DeviceSetupManager", "Computer": "DESKTOP-OFJ6N53", "TimeCreated": "2025-08-01 08:44:51.533112+00:00", "RecordID": "56119", "Level": "2", "UserID": "S-1-5-18", "EventData.Prop_ContainerId": "{2572A948-954B-11EC-A6B8-806E6F6E6963}", "EventData.HRESULT": "2147943568"}
{"EventID": "131", "Channel": "Microsoft-Windows-DeviceSetupManager/Admin", "Provider_Name": "Microsoft-Windows-DeviceSetupManager", "Computer": "DESKTOP-OFJ6N53", "TimeCreated": "2025-08-01 08:44:51.644381+00:00", "RecordID": "56120", "Level": "2", "UserID": "S-1-5-18", "EventData.Prop_ContainerId": "{B01CB9B2-9E9C-11EC-A6BD-00059A3C7A00}", "EventData.HRESULT": "2147943568"}
{"EventID": "131", "Channel": "Microsoft-Windows-DeviceSetupManager/Admin", "Provider_Name": "Microsoft-Windows-DeviceSetupManager", "Computer": "DESKTOP-OFJ6N53", "TimeCreated": "2025-08-01 08:44:51.755951+00:00", "RecordID": "56121", "Level": "2", "UserID": "S-1-5-18", "EventData.Prop_ContainerId": "{EB3E8249-9B15-11EC-A6BD-00059A3C7A00}", "EventData.HRESULT": "2147943568"}
{"EventID": "131", "Channel": "Microsoft-Windows-DeviceSetupManager/Admin", "Provider_Name": "Microsoft-Windows-DeviceSetupManager", "Computer": "DESKTOP-OFJ6N53", "TimeCreated": "2025-08-01 08:44:51.882732+00:00", "RecordID": "56122", "Level": "2", "UserID": "S-1-5-18", "EventData.Prop_ContainerId": "{B01CB9B2-9E9C-11EC-A6BD-00059A3C7A00}", "EventData.HRESULT": "2147943568"}
{"EventID": "112", "Channel": "Microsoft-Windows-DeviceSetupManager/Admin", "Provider_Name": "Microsoft-Windows-DeviceSetupManager", "Computer": "DESKTOP-OFJ6N53", "TimeCreated": "2025-08-01 08:44:51.886467+00:00", "RecordID": "56123", "Level": "4", "UserID": "S-1-5-18", "EventData.Prop_DeviceName": "Citrix Indirect Display Adapter", "EventData.Prop_ContainerId": "{b01cb9b2-9e9c-11ec-a6bd-00059a3c7a00}", "EventData.Prop_TaskCount": "5", "EventData.Prop_PropertyCount": "34", "EventData.Prop_WorkTime_MilliSeconds": "718"}
{"EventID": "112", "Channel": "Microsoft-Windows-DeviceSetupManager/Admin", "Provider_Name": "Microsoft-Windows-DeviceSetupManager", "Computer": "DESKTOP-OFJ6N53", "TimeCreated": "2025-08-01 08:44:51.924986+00:00", "RecordID": "56124", "Level": "4", "UserID": "S-1-5-18", "EventData.Prop_DeviceName": "WorkCentre 6515 ( 1)", "EventData.Prop_ContainerId": "{2d6e5614-e9f3-ebaa-2422-9384a6c97483}", "EventData.Prop_TaskCount": "1", "EventData.Prop_PropertyCount": "34", "EventData.Prop_WorkTime_MilliSeconds": "31"}
{"EventID": "112", "Channel": "Microsoft-Windows-DeviceSetupManager/Admin", "Provider_Name": "Microsoft-Windows-DeviceSetupManager", "Computer": "DESKTOP-OFJ6N53", "TimeCreated": "2025-08-01 08:44:51.960018+00:00", "RecordID": "56125", "Level": "4", "UserID": "S-1-5-18", "EventData.Prop_DeviceName": "OneNote for Windows 10 ( 1)", "EventData.Prop_ContainerId": "{c641391b-f276-0e02-33ff-f4a08f4af52e}", "EventData.Prop_TaskCount": "1", "EventData.Prop_PropertyCount": "34", "EventData.Prop_WorkTime_MilliSeconds": "15"}
{"EventID": "112", "Channel": "Microsoft-Windows-DeviceSetupManager/Admin", "Provider_Name": "Microsoft-Windows-DeviceSetupManager", "Computer": "DESKTOP-OFJ6N53", "TimeCreated": "2025-08-01 08:44:51.986347+00:00", "RecordID": "56126", "Level": "4", "UserID": "S-1-5-18", "EventData.Prop_DeviceName": "Microsoft Remote Display Adapter", "EventData.Prop_ContainerId": "{416aced6-c18f-11ed-a704-005056b2ba71}", "EventData.Prop_TaskCount": "1", "EventData.Prop_PropertyCount": "34", "EventData.Prop_WorkTime_MilliSeconds": "15"}
{"EventID": "112", "Channel": "Microsoft-Windows-DeviceSetupManager/Admin", "Provider_Name": "Microsoft-Windows-DeviceSetupManager", "Computer": "DESKTOP-OFJ6N53", "TimeCreated": "2025-08-01 08:44:52.014469+00:00", "RecordID": "56127", "Level": "4", "UserID": "S-1-5-18", "EventData.Prop_DeviceName": "Microsoft Remote Display Adapter", "EventData.Prop_ContainerId": "{ca5fc42d-bb36-11ec-a6c4-005056b2ba71}", "EventData.Prop_TaskCount": "1", "EventData.Prop_PropertyCount": "34", "EventData.Prop_WorkTime_MilliSeconds": "31"}
{"EventID": "131", "Channel": "Microsoft-Windows-DeviceSetupManager/Admin", "Provider_Name": "Microsoft-Windows-DeviceSetupManager", "Computer": "DESKTOP-OFJ6N53", "TimeCreated": "2025-08-01 08:44:52.016506+00:00", "RecordID": "56128", "Level": "2", "UserID": "S-1-5-18", "EventData.Prop_ContainerId": "{D397268A-724C-B4EF-D641-C9234BA2948B}", "EventData.HRESULT": "2147943568"}
{"EventID": "112", "Channel": "Microsoft-Windows-DeviceSetupManager/Admin", "Provider_Name": "Microsoft-Windows-DeviceSetupManager", "Computer": "DESKTOP-OFJ6N53", "TimeCreated": "2025-08-01 08:44:52.026009+00:00", "RecordID": "56129", "Level": "4", "UserID": "S-1-5-18", "EventData.Prop_DeviceName": "Microsoft Print to PDF", "EventData.Prop_ContainerId": "{d397268a-724c-b4ef-d641-c9234ba2948b}", "EventData.Prop_TaskCount": "5", "EventData.Prop_PropertyCount": "34", "EventData.Prop_WorkTime_MilliSeconds": "859"}
{"EventID": "112", "Channel": "Microsoft-Windows-DeviceSetupManager/Admin", "Provider_Name": "Microsoft-Windows-DeviceSetupManager", "Computer": "DESKTOP-OFJ6N53", "TimeCreated": "2025-08-01 08:44:52.060825+00:00", "RecordID": "56130", "Level": "4", "UserID": "S-1-5-18", "EventData.Prop_DeviceName": "VersaLink C8000 ( 1)", "EventData.Prop_ContainerId": "{9255c28b-421b-fd2a-4ca7-d7bac659c1bd}", "EventData.Prop_TaskCount": "1", "EventData.Prop_PropertyCount": "34", "EventData.Prop_WorkTime_MilliSeconds": "46"}
{"EventID": "112", "Channel": "Microsoft-Windows-DeviceSetupManager/Admin", "Provider_Name": "Microsoft-Windows-DeviceSetupManager", "Computer": "DESKTOP-OFJ6N53", "TimeCreated": "2025-08-01 08:44:52.088301+00:00", "RecordID": "56131", "Level": "4", "UserID": "S-1-5-18", "EventData.Prop_DeviceName": "Generic Non-PnP Monitor", "EventData.Prop_ContainerId": "{a06927dd-461e-49bc-b198-77d610162466}", "EventData.Prop_TaskCount": "1", "EventData.Prop_PropertyCount": "34", "EventData.Prop_WorkTime_MilliSeconds": "62"}
{"EventID": "112", "Channel": "Microsoft-Windows-DeviceSetupManager/Admin", "Provider_Name": "Microsoft-Windows-DeviceSetupManager", "Computer": "DESKTOP-OFJ6N53", "TimeCreated": "2025-08-01 08:44:52.142086+00:00", "RecordID": "56132", "Level": "4", "UserID": "S-1-5-18", "EventData.Prop_DeviceName": "HP Color LaserJet Pro M479 PCL 6 (V3) ( 1)", "EventData.Prop_ContainerId": "{54f0286c-ea13-0b79-04ac-ed9e98fb1596}", "EventData.Prop_TaskCount": "1", "EventData.Prop_PropertyCount": "34", "EventData.Prop_WorkTime_MilliSeconds": "78"}
{"EventID": "112", "Channel": "Microsoft-Windows-DeviceSetupManager/Admin", "Provider_Name": "Microsoft-Windows-DeviceSetupManager", "Computer": "DESKTOP-OFJ6N53", "TimeCreated": "2025-08-01 08:44:52.145245+00:00", "RecordID": "56133", "Level": "4", "UserID": "S-1-5-18", "EventData.Prop_DeviceName": "Generic Non-PnP Monitor", "EventData.Prop_ContainerId": "{9927591f-974f-49f8-8946-03aff26d2e36}", "EventData.Prop_TaskCount": "1", "EventData.Prop_PropertyCount": "34", "EventData.Prop_WorkTime_MilliSeconds": "46"}
{"EventID": "131", "Channel": "Microsoft-Windows-DeviceSetupManager/Admin", "Provider_Name": "Microsoft-Windows-DeviceSetupManager", "Computer": "DESKTOP-OFJ6N53", "TimeCreated": "2025-08-01 08:44:52.145390+00:00", "RecordID": "56134", "Level": "2", "UserID": "S-1-5-18", "EventData.Prop_ContainerId": "{2572A948-954B-11EC-A6B8-806E6F6E6963}", "EventData.HRESULT": "2147943568"}
{"EventID": "112", "Channel": "Microsoft-Windows-DeviceSetupManager/Admin", "Provider_Name": "Microsoft-Windows-DeviceSetupManager", "Computer": "DESKTOP-OFJ6N53", "TimeCreated": "2025-08-01 08:44:52.166557+00:00", "RecordID": "56135", "Level": "4", "UserID": "S-1-5-18", "EventData.Prop_DeviceName": "Intel(R) 82574L Gigabit Network Connection", "EventData.Prop_ContainerId": "{2572a948-954b-11ec-a6b8-806e6f6e6963}", "EventData.Prop_TaskCount": "5", "EventData.Prop_PropertyCount": "34", "EventData.Prop_WorkTime_MilliSeconds": "984"}
{"EventID": "112", "Channel": "Microsoft-Windows-DeviceSetupManager/Admin", "Provider_Name": "Microsoft-Windows-DeviceSetupManager", "Computer": "DESKTOP-OFJ6N53", "TimeCreated": "2025-08-01 08:44:52.207380+00:00", "RecordID": "56136", "Level": "4", "UserID": "S-1-5-18", "EventData.Prop_DeviceName": "Generic Non-PnP Monitor", "EventData.Prop_ContainerId": "{a4fcf609-dace-4283-9e62-1d87d537b871}", "EventData.Prop_TaskCount": "1", "EventData.Prop_PropertyCount": "34", "EventData.Prop_WorkTime_MilliSeconds": "62"}
{"EventID": "112", "Channel": "Microsoft-Windows-DeviceSetupManager/Admin", "Provider_Name": "Microsoft-Windows-DeviceSetupManager", "Computer": "DESKTOP-OFJ6N53", "TimeCreated": "2025-08-01 08:44:52.210854+00:00", "RecordID": "56137", "Level": "4", "UserID": "S-1-5-18", "EventData.Prop_DeviceName": "Microsoft Remote Display Adapter", "EventData.Prop_ContainerId": "{2bd7b41b-a47f-11ec-a6c3-005056b2ba71}", "EventData.Prop_TaskCount": "1", "EventData.Prop_PropertyCount": "34", "EventData.Prop_WorkTime_MilliSeconds": "46"}
{"EventID": "112", "Channel": "Microsoft-Windows-DeviceSetupManager/Admin", "Provider_Name": "Microsoft-Windows-DeviceSetupManager", "Computer": "DESKTOP-OFJ6N53", "TimeCreated": "2025-08-01 08:44:52.214066+00:00", "RecordID": "56138", "Level": "4", "UserID": "S-1-5-18", "EventData.Prop_DeviceName": "Fax ( 1)", "EventData.Prop_ContainerId": "{c2afb711-e01d-b859-69ee-8dfdb945ebf1}", "EventData.Prop_TaskCount": "1", "EventData.Prop_PropertyCount": "34", "EventData.Prop_WorkTime_MilliSeconds": "62"}
{"EventID": "112", "Channel": "Microsoft-Windows-DeviceSetupManager/Admin", "Provider_Name": "Microsoft-Windows-DeviceSetupManager", "Computer": "DESKTOP-OFJ6N53", "TimeCreated": "2025-08-01 08:44:52.265982+00:00", "RecordID": "56139", "Level": "4", "UserID": "S-1-5-18", "EventData.Prop_DeviceName": "Microsoft Print to PDF ( 1)", "EventData.Prop_ContainerId": "{c8ba3767-041c-707a-48e3-b5e7fcfd8653}", "EventData.Prop_TaskCount": "1", "EventData.Prop_PropertyCount": "34", "EventData.Prop_WorkTime_MilliSeconds": "46"}
{"EventID": "112", "Channel": "Microsoft-Windows-DeviceSetupManager/Admin", "Provider_Name": "Microsoft-Windows-DeviceSetupManager", "Computer": "DESKTOP-OFJ6N53", "TimeCreated": "2025-08-01 08:44:52.275814+00:00", "RecordID": "56140", "Level": "4", "UserID": "S-1-5-18", "EventData.Prop_DeviceName": "  OneNote 16 ( 1)", "EventData.Prop_ContainerId": "{f12ed10b-de75-2c0c-5fa7-c264a3b6cb55}", "EventData.Prop_TaskCount": "1", "EventData.Prop_PropertyCount": "34", "EventData.Prop_WorkTime_MilliSeconds": "62"}
{"EventID": "112", "Channel": "Microsoft-Windows-DeviceSetupManager/Admin", "Provider_Name": "Microsoft-Windows-DeviceSetupManager", "Computer": "DESKTOP-OFJ6N53", "TimeCreated": "2025-08-01 08:44:52.289644+00:00", "RecordID": "56141", "Level": "4", "UserID": "S-1-5-18", "EventData.Prop_DeviceName": "HP Color LaserJet Pro M479 PCL 6 (V3) ( 1)", "EventData.Prop_ContainerId": "{9fdb06ae-3c11-c5c2-6f79-b527957711b5}", "EventData.Prop_TaskCount": "1", "EventData.Prop_PropertyCount": "34", "EventData.Prop_WorkTime_MilliSeconds": "78"}
{"EventID": "131", "Channel": "Microsoft-Windows-DeviceSetupManager/Admin", "Provider_Name": "Microsoft-Windows-DeviceSetupManager", "Computer": "DESKTOP-OFJ6N53", "TimeCreated": "2025-08-01 08:44:52.303080+00:00", "RecordID": "56142", "Level": "2", "UserID": "S-1-5-18", "EventData.Prop_ContainerId": "{EB3E8249-9B15-11EC-A6BD-00059A3C7A00}", "EventData.HRESULT": "2147943568"}
{"EventID": "112", "Channel": "Microsoft-Windows-DeviceSetupManager/Admin", "Provider_Name": "Microsoft-Windows-DeviceSetupManager", "Computer": "DESKTOP-OFJ6N53", "TimeCreated": "2025-08-01 08:44:52.306065+00:00", "RecordID": "56143", "Level": "4", "UserID": "S-1-5-18", "EventData.Prop_DeviceName": "VMware Virtual USB Hub", "EventData.Prop_ContainerId": "{eb3e8249-9b15-11ec-a6bd-00059a3c7a00}", "EventData.Prop_TaskCount": "5", "EventData.Prop_PropertyCount": "34", "EventData.Prop_WorkTime_MilliSeconds": "1140"}
{"EventID": "112", "Channel": "Microsoft-Windows-DeviceSetupManager/Admin", "Provider_Name": "Microsoft-Windows-DeviceSetupManager", "Computer": "DESKTOP-OFJ6N53", "TimeCreated": "2025-08-01 08:44:52.334528+00:00", "RecordID": "56144", "Level": "4", "UserID": "S-1-5-18", "EventData.Prop_DeviceName": "  OneNote 16 ( 1)", "EventData.Prop_ContainerId": "{0ea7a9c2-bd5b-fe07-6cb9-6c68a22d0237}", "EventData.Prop_TaskCount": "1", "EventData.Prop_PropertyCount": "34", "EventData.Prop_WorkTime_MilliSeconds": "46"}
{"EventID": "112", "Channel": "Microsoft-Windows-DeviceSetupManager/Admin", "Provider_Name": "Microsoft-Windows-DeviceSetupManager", "Computer": "DESKTOP-OFJ6N53", "TimeCreated": "2025-08-01 08:44:52.339643+00:00", "RecordID": "56145", "Level": "4", "UserID": "S-1-5-18", "EventData.Prop_DeviceName": "VersaLink C8000 ( 1)", "EventData.Prop_ContainerId": "{82cdf178-f779-8038-0f43-fd11768b89e3}", "EventData.Prop_TaskCount": "1", "EventData.Prop_PropertyCount": "34", "EventData.Prop_WorkTime_MilliSeconds": "78"}
{"EventID": "112", "Channel": "Microsoft-Windows-DeviceSetupManager/Admin", "Provider_Name": "Microsoft-Windows-DeviceSetupManager", "Computer": "DESKTOP-OFJ6N53", "TimeCreated": "2025-08-01 08:44:52.343821+00:00", "RecordID": "56146", "Level": "4", "UserID": "S-1-5-18", "EventData.Prop_DeviceName": "OneNote for Windows 10 ( 1)", "EventData.Prop_ContainerId": "{ecc1e499-5efd-039d-5887-23c2bd87e9a7}", "EventData.Prop_TaskCount": "1", "EventData.Prop_PropertyCount": "34", "EventData.Prop_WorkTime_MilliSeconds": "62"}
{"EventID": "131", "Channel": "Microsoft-Windows-DeviceSetupManager/Admin", "Provider_Name": "Microsoft-Windows-DeviceSetupManager", "Computer": "DESKTOP-OFJ6N53", "TimeCreated": "2025-08-01 08:44:52.438931+00:00", "RecordID": "56147", "Level": "2", "UserID": "S-1-5-18", "EventData.Prop_ContainerId": "{CA0E9E80-3E97-FCAC-730A-8CB080FA2581}", "EventData.HRESULT": "2147943568"}
{"EventID": "131", "Channel": "Microsoft-Windows-DeviceSetupManager/Admin", "Provider_Name": "Microsoft-Windows-DeviceSetupManager", "Computer": "DESKTOP-OFJ6N53", "TimeCreated": "2025-08-01 08:44:52.600233+00:00", "RecordID": "56148", "Level": "2", "UserID": "S-1-5-18", "EventData.Prop_ContainerId": "{2572A968-954B-11EC-A6B8-806E6F6E6963}", "EventData.HRESULT": "2147943568"}
{"EventID": "131", "Channel": "Microsoft-Windows-DeviceSetupManager/Admin", "Provider_Name": "Microsoft-Windows-DeviceSetupManager", "Computer": "DESKTOP-OFJ6N53", "TimeCreated": "2025-08-01 08:44:52.723129+00:00", "RecordID": "56149", "Level": "2", "UserID": "S-1-5-18", "EventData.Prop_ContainerId": "{EB3E824A-9B15-11EC-A6BD-00059A3C7A00}", "EventData.HRESULT": "2147943568"}
{"EventID": "131", "Channel": "Microsoft-Windows-DeviceSetupManager/Admin", "Provider_Name": "Microsoft-Windows-DeviceSetupManager", "Computer": "DESKTOP-OFJ6N53", "TimeCreated": "2025-08-01 08:44:52.838091+00:00", "RecordID": "56150", "Level": "2", "UserID": "S-1-5-18", "EventData.Prop_ContainerId": "{0A568158-2954-F19C-89F3-03ACAEE1F85E}", "EventData.HRESULT": "2147943568"}
{"EventID": "131", "Channel": "Microsoft-Windows-DeviceSetupManager/Admin", "Provider_Name": "Microsoft-Windows-DeviceSetupManager", "Computer": "DESKTOP-OFJ6N53", "TimeCreated": "2025-08-01 08:44:52.955053+00:00", "RecordID": "56151", "Level": "2", "UserID": "S-1-5-18", "EventData.Prop_ContainerId": "{2572A968-954B-11EC-A6B8-806E6F6E6963}", "EventData.HRESULT": "2147943568"}
{"EventID": "112", "Channel": "Microsoft-Windows-DeviceSetupManager/Admin", "Provider_Name": "Microsoft-Windows-DeviceSetupManager", "Computer": "DESKTOP-OFJ6N53", "TimeCreated": "2025-08-01 08:44:52.957947+00:00", "RecordID": "56152", "Level": "4", "UserID": "S-1-5-18", "EventData.Prop_DeviceName": "VMware Virtual USB Mouse", "EventData.Prop_ContainerId": "{2572a968-954b-11ec-a6b8-806e6f6e6963}", "EventData.Prop_TaskCount": "5", "EventData.Prop_PropertyCount": "34", "EventData.Prop_WorkTime_MilliSeconds": "609"}
{"EventID": "131", "Channel": "Microsoft-Windows-DeviceSetupManager/Admin", "Provider_Name": "Microsoft-Windows-DeviceSetupManager", "Computer": "DESKTOP-OFJ6N53", "TimeCreated": "2025-08-01 08:44:53.070444+00:00", "RecordID": "56153", "Level": "2", "UserID": "S-1-5-18", "EventData.Prop_ContainerId": "{EB3E824A-9B15-11EC-A6BD-00059A3C7A00}", "EventData.HRESULT": "2147943568"}
{"EventID": "112", "Channel": "Microsoft-Windows-DeviceSetupManager/Admin", "Provider_Name": "Microsoft-Windows-DeviceSetupManager", "Computer": "DESKTOP-OFJ6N53", "TimeCreated": "2025-08-01 08:44:53.072424+00:00", "RecordID": "56154", "Level": "4", "UserID": "S-1-5-18", "EventData.Prop_DeviceName": "VMware Virtual USB Hub", "EventData.Prop_ContainerId": "{eb3e824a-9b15-11ec-a6bd-00059a3c7a00}", "EventData.Prop_TaskCount": "5", "EventData.Prop_PropertyCount": "34", "EventData.Prop_WorkTime_MilliSeconds": "734"}
{"EventID": "131", "Channel": "Microsoft-Windows-DeviceSetupManager/Admin", "Provider_Name": "Microsoft-Windows-DeviceSetupManager", "Computer": "DESKTOP-OFJ6N53", "TimeCreated": "2025-08-01 08:44:53.177782+00:00", "RecordID": "56155", "Level": "2", "UserID": "S-1-5-18", "EventData.Prop_ContainerId": "{CA0E9E80-3E97-FCAC-730A-8CB080FA2581}", "EventData.HRESULT": "2147943568"}
{"EventID": "112", "Channel": "Microsoft-Windows-DeviceSetupManager/Admin", "Provider_Name": "Microsoft-Windows-DeviceSetupManager", "Computer": "DESKTOP-OFJ6N53", "TimeCreated": "2025-08-01 08:44:53.183737+00:00", "RecordID": "56156", "Level": "4", "UserID": "S-1-5-18", "EventData.Prop_DeviceName": "Fax", "EventData.Prop_ContainerId": "{ca0e9e80-3e97-fcac-730a-8cb080fa2581}", "EventData.Prop_TaskCount": "5", "EventData.Prop_PropertyCount": "34", "EventData.Prop_WorkTime_MilliSeconds": "874"}
{"EventID": "131", "Channel": "Microsoft-Windows-DeviceSetupManager/Admin", "Provider_Name": "Microsoft-Windows-DeviceSetupManager", "Computer": "DESKTOP-OFJ6N53", "TimeCreated": "2025-08-01 08:44:53.292921+00:00", "RecordID": "56157", "Level": "2", "UserID": "S-1-5-18", "EventData.Prop_ContainerId": "{0A568158-2954-F19C-89F3-03ACAEE1F85E}", "EventData.HRESULT": "2147943568"}
{"EventID": "112", "Channel": "Microsoft-Windows-DeviceSetupManager/Admin", "Provider_Name": "Microsoft-Windows-DeviceSetupManager", "Computer": "DESKTOP-OFJ6N53", "TimeCreated": "2025-08-01 08:44:53.296013+00:00", "RecordID": "56158", "Level": "4", "UserID": "S-1-5-18", "EventData.Prop_DeviceName": "Microsoft XPS Document Writer", "EventData.Prop_ContainerId": "{0a568158-2954-f19c-89f3-03acaee1f85e}", "EventData.Prop_TaskCount": "5", "EventData.Prop_PropertyCount": "34", "EventData.Prop_WorkTime_MilliSeconds": "953"}
{"EventID": "131", "Channel": "Microsoft-Windows-DeviceSetupManager/Admin", "Provider_Name": "Microsoft-Windows-DeviceSetupManager", "Computer": "DESKTOP-OFJ6N53", "TimeCreated": "2025-08-01 08:44:53.406052+00:00", "RecordID": "56159", "Level": "2", "UserID": "S-1-5-18", "EventData.Prop_ContainerId": "{2572A954-954B-11EC-A6B8-806E6F6E6963}", "EventData.HRESULT": "2147943568"}
{"EventID": "131", "Channel": "Microsoft-Windows-DeviceSetupManager/Admin", "Provider_Name": "Microsoft-Windows-DeviceSetupManager", "Computer": "DESKTOP-OFJ6N53", "TimeCreated": "2025-08-01 08:44:53.512505+00:00", "RecordID": "56160", "Level": "2", "UserID": "S-1-5-18", "EventData.Prop_ContainerId": "{48F7D21A-7ACC-826E-EAAF-78CAEF934548}", "EventData.HRESULT": "2147943568"}
{"EventID": "131", "Channel": "Microsoft-Windows-DeviceSetupManager/Admin", "Provider_Name": "Microsoft-Windows-DeviceSetupManager", "Computer": "DESKTOP-OFJ6N53", "TimeCreated": "2025-08-01 08:44:53.622316+00:00", "RecordID": "56161", "Level": "2", "UserID": "S-1-5-18", "EventData.Prop_ContainerId": "{2572A949-954B-11EC-A6B8-806E6F6E6963}", "EventData.HRESULT": "2147943568"}
{"EventID": "131", "Channel": "Microsoft-Windows-DeviceSetupManager/Admin", "Provider_Name": "Microsoft-Windows-DeviceSetupManager", "Computer": "DESKTOP-OFJ6N53", "TimeCreated": "2025-08-01 08:44:53.730404+00:00", "RecordID": "56162", "Level": "2", "UserID": "S-1-5-18", "EventData.Prop_ContainerId": "{298580E3-E0E9-5B21-9699-52225753EF2E}", "EventData.HRESULT": "2147943568"}
{"EventID": "131", "Channel": "Microsoft-Windows-DeviceSetupManager/Admin", "Provider_Name": "Microsoft-Windows-DeviceSetupManager", "Computer": "DESKTOP-OFJ6N53", "TimeCreated": "2025-08-01 08:44:53.840248+00:00", "RecordID": "56163", "Level": "2", "UserID": "S-1-5-18", "EventData.Prop_ContainerId": "{2572A954-954B-11EC-A6B8-806E6F6E6963}", "EventData.HRESULT": "2147943568"}
{"EventID": "112", "Channel": "Microsoft-Windows-DeviceSetupManager/Admin", "Provider_Name": "Microsoft-Windows-DeviceSetupManager", "Computer": "DESKTOP-OFJ6N53", "TimeCreated": "2025-08-01 08:44:53.843830+00:00", "RecordID": "56164", "Level": "4", "UserID": "S-1-5-18", "EventData.Prop_DeviceName": "VMware Virtual disk SCSI Disk Device", "EventData.Prop_ContainerId": "{2572a954-954b-11ec-a6b8-806e6f6e6963}", "EventData.Prop_TaskCount": "5", "EventData.Prop_PropertyCount": "34", "EventData.Prop_WorkTime_MilliSeconds": "875"}
{"EventID": "131", "Channel": "Microsoft-Windows-DeviceSetupManager/Admin", "Provider_Name": "Microsoft-Windows-DeviceSetupManager", "Computer": "DESKTOP-OFJ6N53", "TimeCreated": "2025-08-01 08:44:53.955553+00:00", "RecordID": "56165", "Level": "2", "UserID": "S-1-5-18", "EventData.Prop_ContainerId": "{48F7D21A-7ACC-826E-EAAF-78CAEF934548}", "EventData.HRESULT": "2147943568"}
{"EventID": "112", "Channel": "Microsoft-Windows-DeviceSetupManager/Admin", "Provider_Name": "Microsoft-Windows-DeviceSetupManager", "Computer": "DESKTOP-OFJ6N53", "TimeCreated": "2025-08-01 08:44:53.957800+00:00", "RecordID": "56166", "Level": "4", "UserID": "S-1-5-18", "EventData.Prop_DeviceName": "OneNote for Windows 10", "EventData.Prop_ContainerId": "{48f7d21a-7acc-826e-eaaf-78caef934548}", "EventData.Prop_TaskCount": "5", "EventData.Prop_PropertyCount": "34", "EventData.Prop_WorkTime_MilliSeconds": "890"}
{"EventID": "131", "Channel": "Microsoft-Windows-DeviceSetupManager/Admin", "Provider_Name": "Microsoft-Windows-DeviceSetupManager", "Computer": "DESKTOP-OFJ6N53", "TimeCreated": "2025-08-01 08:44:54.064169+00:00", "RecordID": "56167", "Level": "2", "UserID": "S-1-5-18", "EventData.Prop_ContainerId": "{298580E3-E0E9-5B21-9699-52225753EF2E}", "EventData.HRESULT": "2147943568"}
{"EventID": "112", "Channel": "Microsoft-Windows-DeviceSetupManager/Admin", "Provider_Name": "Microsoft-Windows-DeviceSetupManager", "Computer": "DESKTOP-OFJ6N53", "TimeCreated": "2025-08-01 08:44:54.066212+00:00", "RecordID": "56168", "Level": "4", "UserID": "S-1-5-18", "EventData.Prop_DeviceName": "Generic Non-PnP Monitor", "EventData.Prop_ContainerId": "{298580e3-e0e9-5b21-9699-52225753ef2e}", "EventData.Prop_TaskCount": "5", "EventData.Prop_PropertyCount": "34", "EventData.Prop_WorkTime_MilliSeconds": "765"}
{"EventID": "131", "Channel": "Microsoft-Windows-DeviceSetupManager/Admin", "Provider_Name": "Microsoft-Windows-DeviceSetupManager", "Computer": "DESKTOP-OFJ6N53", "TimeCreated": "2025-08-01 08:44:54.184361+00:00", "RecordID": "56169", "Level": "2", "UserID": "S-1-5-18", "EventData.Prop_ContainerId": "{2572A949-954B-11EC-A6B8-806E6F6E6963}", "EventData.HRESULT": "2147943568"}
{"EventID": "112", "Channel": "Microsoft-Windows-DeviceSetupManager/Admin", "Provider_Name": "Microsoft-Windows-DeviceSetupManager", "Computer": "DESKTOP-OFJ6N53", "TimeCreated": "2025-08-01 08:44:54.187492+00:00", "RecordID": "56170", "Level": "4", "UserID": "S-1-5-18", "EventData.Prop_DeviceName": "USB Root Hub (USB 3.0)", "EventData.Prop_ContainerId": "{2572a949-954b-11ec-a6b8-806e6f6e6963}", "EventData.Prop_TaskCount": "5", "EventData.Prop_PropertyCount": "34", "EventData.Prop_WorkTime_MilliSeconds": "1000"}
{"EventID": "131", "Channel": "Microsoft-Windows-DeviceSetupManager/Admin", "Provider_Name": "Microsoft-Windows-DeviceSetupManager", "Computer": "DESKTOP-OFJ6N53", "TimeCreated": "2025-08-01 08:44:54.301218+00:00", "RecordID": "56171", "Level": "2", "UserID": "S-1-5-18", "EventData.Prop_ContainerId": "{4DF4D30C-95BA-11EC-A6BC-00059A3C7A00}", "EventData.HRESULT": "2147943568"}
{"EventID": "131", "Channel": "Microsoft-Windows-DeviceSetupManager/Admin", "Provider_Name": "Microsoft-Windows-DeviceSetupManager", "Computer": "DESKTOP-OFJ6N53", "TimeCreated": "2025-08-01 08:44:54.410564+00:00", "RecordID": "56172", "Level": "2", "UserID": "S-1-5-18", "EventData.Prop_ContainerId": "{2572A947-954B-11EC-A6B8-806E6F6E6963}", "EventData.HRESULT": "2147943568"}
{"EventID": "131", "Channel": "Microsoft-Windows-DeviceSetupManager/Admin", "Provider_Name": "Microsoft-Windows-DeviceSetupManager", "Computer": "DESKTOP-OFJ6N53", "TimeCreated": "2025-08-01 08:44:54.524082+00:00", "RecordID": "56173", "Level": "2", "UserID": "S-1-5-18", "EventData.Prop_ContainerId": "{00000000-0000-0000-FFFF-FFFFFFFFFFFF}", "EventData.HRESULT": "2147943568"}
{"EventID": "131", "Channel": "Microsoft-Windows-DeviceSetupManager/Admin", "Provider_Name": "Microsoft-Windows-DeviceSetupManager", "Computer": "DESKTOP-OFJ6N53", "TimeCreated": "2025-08-01 08:44:54.633898+00:00", "RecordID": "56174", "Level": "2", "UserID": "S-1-5-18", "EventData.Prop_ContainerId": "{756468F6-5E04-4FF4-B1CF-70D5D3000D9E}", "EventData.HRESULT": "2147943568"}
{"EventID": "131", "Channel": "Microsoft-Windows-DeviceSetupManager/Admin", "Provider_Name": "Microsoft-Windows-DeviceSetupManager", "Computer": "DESKTOP-OFJ6N53", "TimeCreated": "2025-08-01 08:44:54.739508+00:00", "RecordID": "56175", "Level": "2", "UserID": "S-1-5-18", "EventData.Prop_ContainerId": "{4DF4D30C-95BA-11EC-A6BC-00059A3C7A00}", "EventData.HRESULT": "2147943568"}
