{"EventID": "61", "Channel": "Microsoft-Windows-Bits-Client/Operational", "Provider_Name": "Microsoft-Windows-Bits-Client", "Computer": "DESKTOP-OFJ6N53", "TimeCreated": "2025-08-23 09:12:56.568541+00:00", "RecordID": "85163", "Level": "3", "UserID": "S-1-5-18", "EventData.transferId": "{99215b7c-df32-4e4a-b057-25a6dd5bd9cd}", "EventData.name": "Chrome Component Updater", "EventData.Id": "{1b6c7fb0-0192-4c19-bbe3-6bf325dfcc45}", "EventData.url": "http://edgedl.me.gvt1.com/edgedl/diffgen-puffin/ggkkehgbnfjpeggfpleeakpidbkibbmn/cf1ba16f8b36b3ecf7ca1e8d13bf044b6fe28b3f91821c5cd236a729b9fe6eaf", "EventData.peer": null, "EventData.hr": "2147954402", "EventData.fileTime": "0001-01-01 00:00:00", "EventData.fileLength": "18446744073709551615", "EventData.bytesTotal": "18446744073709551615", "EventData.bytesTransferred": "0", "EventData.proxy": null, "EventData.peerProtocolFlags": "0", "EventData.bytesTransferredFromPeer": "0", "EventData.AdditionalInfoHr": "0", "EventData.PeerContextInfo": "0", "EventData.bandwidthLimit": "18446744073709551615", "EventData.ignoreBandwidthLimitsOnLan": "False"}
{"EventID": "61", "Channel": "Microsoft-Windows-Bits-Client/Operational", "Provider_Name": "Microsoft-Windows-Bits-Client", "Computer": "DESKTOP-OFJ6N53", "TimeCreated": "2025-08-23 09:14:17.787678+00:00", "RecordID": "85164", "Level": "3", "UserID": "S-1-5-18", "EventData.transferId": "{846add33-d987-44fb-9e2a-bd0a7c302536}", "EventData.name": "Chrome Component Updater", "EventData.Id": "{1b6c7fb0-0192-4c19-bbe3-6bf325dfcc45}", "EventData.url": "http://edgedl.me.gvt1.com/edgedl/diffgen-puffin/ggkkehgbnfjpeggfpleeakpidbkibbmn/cf1ba16f8b36b3ecf7ca1e8d13bf044b6fe28b3f91821c5cd236a729b9fe6eaf", "EventData.peer": null, "EventData.hr": "2147954402", "EventData.fileTime": "0001-01-01 00:00:00", "EventData.fileLength": "18446744073709551615", "EventData.bytesTotal": "18446744073709551615", "EventData.bytesTransferred": "0", "EventData.proxy": null, "EventData.peerProtocolFlags": "0", "EventData.bytesTransferredFromPeer": "0", "EventData.AdditionalInfoHr": "0", "EventData.PeerContextInfo": "0", "EventData.bandwidthLimit": "18446744073709551615", "EventData.ignoreBandwidthLimitsOnLan": "False"}
{"EventID": "61", "Channel": "Microsoft-Windows-Bits-Client/Operational", "Provider_Name": "Microsoft-Windows-Bits-Client", "Computer": "DESKTOP-OFJ6N53", "TimeCreated": "2025-08-23 09:15:38.912060+00:00", "RecordID": "85165", "Level": "3", "UserID": "S-1-5-18", "EventData.transferId": "{3c4f7706-972e-41ac-a19e-efaf93c279fa}", "EventData.name": "Chrome Component Updater", "EventData.Id": "{1b6c7fb0-0192-4c19-bbe3-6bf325dfcc45}", "EventData.url": "http://edgedl.me.gvt1.com/edgedl/diffgen-puffin/ggkkehgbnfjpeggfpleeakpidbkibbmn/cf1ba16f8b36b3ecf7ca1e8d13bf044b6fe28b3f91821c5cd236a729b9fe6eaf", "EventData.peer": null, "EventData.hr": "2147954402", "EventData.fileTime": "0001-01-01 00:00:00", "EventData.fileLength": "18446744073709551615", "EventData.bytesTotal": "18446744073709551615", "EventData.bytesTransferred": "0", "EventData.proxy": null, "EventData.peerProtocolFlags": "0", "EventData.bytesTransferredFromPeer": "0", "EventData.AdditionalInfoHr": "0", "EventData.PeerContextInfo": "0", "EventData.bandwidthLimit": "18446744073709551615", "EventData.ignoreBandwidthLimitsOnLan": "False"}
{"EventID": "61", "Channel": "Microsoft-Windows-Bits-Client/Operational", "Provider_Name": "Microsoft-Windows-Bits-Client", "Computer": "DESKTOP-OFJ6N53", "TimeCreated": "2025-08-23 09:16:59.990610+00:00", "RecordID": "85166", "Level": "3", "UserID": "S-1-5-18", "EventData.transferId": "{cdc25b40-4129-41e6-9929-c642ac809e5f}", "EventData.name": "Chrome Component Updater", "EventData.Id": "{1b6c7fb0-0192-4c19-bbe3-6bf325dfcc45}", "EventData.url": "http://edgedl.me.gvt1.com/edgedl/diffgen-puffin/ggkkehgbnfjpeggfpleeakpidbkibbmn/cf1ba16f8b36b3ecf7ca1e8d13bf044b6fe28b3f91821c5cd236a729b9fe6eaf", "EventData.peer": null, "EventData.hr": "2147954402", "EventData.fileTime": "0001-01-01 00:00:00", "EventData.fileLength": "18446744073709551615", "EventData.bytesTotal": "18446744073709551615", "EventData.bytesTransferred": "0", "EventData.proxy": null, "EventData.peerProtocolFlags": "0", "EventData.bytesTransferredFromPeer": "0", "EventData.AdditionalInfoHr": "0", "EventData.PeerContextInfo": "0", "EventData.bandwidthLimit": "18446744073709551615", "EventData.ignoreBandwidthLimitsOnLan": "False"}
{"EventID": "61", "Channel": "Microsoft-Windows-Bits-Client/Operational", "Provider_Name": "Microsoft-Windows-Bits-Client", "Computer": "DESKTOP-OFJ6N53", "TimeCreated": "2025-08-23 09:18:21.039347+00:00", "RecordID": "85167", "Level": "3", "UserID": "S-1-5-18", "EventData.transferId": "{b9f0970a-77f5-468c-b4b6-9e961c6a376d}", "EventData.name": "Chrome Component Updater", "EventData.Id": "{1b6c7fb0-0192-4c19-bbe3-6bf325dfcc45}", "EventData.url": "http://edgedl.me.gvt1.com/edgedl/diffgen-puffin/ggkkehgbnfjpeggfpleeakpidbkibbmn/cf1ba16f8b36b3ecf7ca1e8d13bf044b6fe28b3f91821c5cd236a729b9fe6eaf", "EventData.peer": null, "EventData.hr": "2147954402", "EventData.fileTime": "0001-01-01 00:00:00", "EventData.fileLength": "18446744073709551615", "EventData.bytesTotal": "18446744073709551615", "EventData.bytesTransferred": "0", "EventData.proxy": null, "EventData.peerProtocolFlags": "0", "EventData.bytesTransferredFromPeer": "0", "EventData.AdditionalInfoHr": "0", "EventData.PeerContextInfo": "0", "EventData.bandwidthLimit": "18446744073709551615", "EventData.ignoreBandwidthLimitsOnLan": "False"}
{"EventID": "61", "Channel": "Microsoft-Windows-Bits-Client/Operational", "Provider_Name": "Microsoft-Windows-Bits-Client", "Computer": "DESKTOP-OFJ6N53", "TimeCreated": "2025-08-23 09:19:42.427895+00:00", "RecordID": "85168", "Level": "3", "UserID": "S-1-5-18", "EventData.transferId": "{8334671a-3a8d-4849-988a-70731b021401}", "EventData.name": "Chrome Component Updater", "EventData.Id": "{1b6c7fb0-0192-4c19-bbe3-6bf325dfcc45}", "EventData.url": "http://edgedl.me.gvt1.com/edgedl/diffgen-puffin/ggkkehgbnfjpeggfpleeakpidbkibbmn/cf1ba16f8b36b3ecf7ca1e8d13bf044b6fe28b3f91821c5cd236a729b9fe6eaf", "EventData.peer": null, "EventData.hr": "2147954402", "EventData.fileTime": "0001-01-01 00:00:00", "EventData.fileLength": "18446744073709551615", "EventData.bytesTotal": "18446744073709551615", "EventData.bytesTransferred": "0", "EventData.proxy": null, "EventData.peerProtocolFlags": "0", "EventData.bytesTransferredFromPeer": "0", "EventData.AdditionalInfoHr": "0", "EventData.PeerContextInfo": "0", "EventData.bandwidthLimit": "18446744073709551615", "EventData.ignoreBandwidthLimitsOnLan": "False"}
{"EventID": "61", "Channel": "Microsoft-Windows-Bits-Client/Operational", "Provider_Name": "Microsoft-Windows-Bits-Client", "Computer": "DESKTOP-OFJ6N53", "TimeCreated": "2025-08-23 09:21:03.537472+00:00", "RecordID": "85169", "Level": "3", "UserID": "S-1-5-18", "EventData.transferId": "{fc0c83db-1d01-445c-8fbb-ffa5e196780b}", "EventData.name": "Chrome Component Updater", "EventData.Id": "{1b6c7fb0-0192-4c19-bbe3-6bf325dfcc45}", "EventData.url": "http://edgedl.me.gvt1.com/edgedl/diffgen-puffin/ggkkehgbnfjpeggfpleeakpidbkibbmn/cf1ba16f8b36b3ecf7ca1e8d13bf044b6fe28b3f91821c5cd236a729b9fe6eaf", "EventData.peer": null, "EventData.hr": "2147954402", "EventData.fileTime": "0001-01-01 00:00:00", "EventData.fileLength": "18446744073709551615", "EventData.bytesTotal": "18446744073709551615", "EventData.bytesTransferred": "0", "EventData.proxy": null, "EventData.peerProtocolFlags": "0", "EventData.bytesTransferredFromPeer": "0", "EventData.AdditionalInfoHr": "0", "EventData.PeerContextInfo": "0", "EventData.bandwidthLimit": "18446744073709551615", "EventData.ignoreBandwidthLimitsOnLan": "False"}
{"EventID": "61", "Channel": "Microsoft-Windows-Bits-Client/Operational", "Provider_Name": "Microsoft-Windows-Bits-Client", "Computer": "DESKTOP-OFJ6N53", "TimeCreated": "2025-08-23 09:22:24.757313+00:00", "RecordID": "85170", "Level": "3", "UserID": "S-1-5-18", "EventData.transferId": "{db552ad7-bca0-46e5-8e03-edb0a984637e}", "EventData.name": "Chrome Component Updater", "EventData.Id": "{1b6c7fb0-0192-4c19-bbe3-6bf325dfcc45}", "EventData.url": "http://edgedl.me.gvt1.com/edgedl/diffgen-puffin/ggkkehgbnfjpeggfpleeakpidbkibbmn/cf1ba16f8b36b3ecf7ca1e8d13bf044b6fe28b3f91821c5cd236a729b9fe6eaf", "EventData.peer": null, "EventData.hr": "2147954402", "EventData.fileTime": "0001-01-01 00:00:00", "EventData.fileLength": "18446744073709551615", "EventData.bytesTotal": "18446744073709551615", "EventData.bytesTransferred": "0", "EventData.proxy": null, "EventData.peerProtocolFlags": "0", "EventData.bytesTransferredFromPeer": "0", "EventData.AdditionalInfoHr": "0", "EventData.PeerContextInfo": "0", "EventData.bandwidthLimit": "18446744073709551615", "EventData.ignoreBandwidthLimitsOnLan": "False"}
{"EventID": "61", "Channel": "Microsoft-Windows-Bits-Client/Operational", "Provider_Name": "Microsoft-Windows-Bits-Client", "Computer": "DESKTOP-OFJ6N53", "TimeCreated": "2025-08-23 09:23:45.834282+00:00", "RecordID": "85171", "Level": "3", "UserID": "S-1-5-18", "EventData.transferId": "{5ddc2dce-9a1c-46ca-9a51-aa552668c87b}", "EventData.name": "Chrome Component Updater", "EventData.Id": "{1b6c7fb0-0192-4c19-bbe3-6bf325dfcc45}", "EventData.url": "http://edgedl.me.gvt1.com/edgedl/diffgen-puffin/ggkkehgbnfjpeggfpleeakpidbkibbmn/cf1ba16f8b36b3ecf7ca1e8d13bf044b6fe28b3f91821c5cd236a729b9fe6eaf", "EventData.peer": null, "EventData.hr": "2147954402", "EventData.fileTime": "0001-01-01 00:00:00", "EventData.fileLength": "18446744073709551615", "EventData.bytesTotal": "18446744073709551615", "EventData.bytesTransferred": "0", "EventData.proxy": null, "EventData.peerProtocolFlags": "0", "EventData.bytesTransferredFromPeer": "0", "EventData.AdditionalInfoHr": "0", "EventData.PeerContextInfo": "0", "EventData.bandwidthLimit": "18446744073709551615", "EventData.ignoreBandwidthLimitsOnLan": "False"}
{"EventID": "61", "Channel": "Microsoft-Windows-Bits-Client/Operational", "Provider_Name": "Microsoft-Windows-Bits-Client", "Computer": "DESKTOP-OFJ6N53", "TimeCreated": "2025-08-23 09:25:07.082487+00:00", "RecordID": "85172", "Level": "3", "UserID": "S-1-5-18", "EventData.transferId": "{cbfae4a7-ca8b-412b-b3d6-f162c2313943}", "EventData.name": "Chrome Component Updater", "EventData.Id": "{1b6c7fb0-0192-4c19-bbe3-6bf325dfcc45}", "EventData.url": "http://edgedl.me.gvt1.com/edgedl/diffgen-puffin/ggkkehgbnfjpeggfpleeakpidbkibbmn/cf1ba16f8b36b3ecf7ca1e8d13bf044b6fe28b3f91821c5cd236a729b9fe6eaf", "EventData.peer": null, "EventData.hr": "2147954402", "EventData.fileTime": "0001-01-01 00:00:00", "EventData.fileLength": "18446744073709551615", "EventData.bytesTotal": "18446744073709551615", "EventData.bytesTransferred": "0", "EventData.proxy": null, "EventData.peerProtocolFlags": "0", "EventData.bytesTransferredFromPeer": "0", "EventData.AdditionalInfoHr": "0", "EventData.PeerContextInfo": "0", "EventData.bandwidthLimit": "18446744073709551615", "EventData.ignoreBandwidthLimitsOnLan": "False"}
{"EventID": "306", "Channel": "Microsoft-Windows-Bits-Client/Operational", "Provider_Name": "Microsoft-Windows-Bits-Client", "Computer": "DESKTOP-OFJ6N53", "TimeCreated": "2025-08-23 09:57:19.144775+00:00", "RecordID": "85173", "Level": "5", "UserID": "S-1-5-18"}
{"EventID": "3", "Channel": "Microsoft-Windows-Bits-Client/Operational", "Provider_Name": "Microsoft-Windows-Bits-Client", "Computer": "DESKTOP-OFJ6N53", "TimeCreated": "2025-08-23 09:57:23.479975+00:00", "RecordID": "85174", "Level": "4", "UserID": "S-1-5-18", "EventData.jobTitle": "PreSignInSettingsConfigJSON", "EventData.jobId": "{85fa50f7-3aa3-4b79-9a68-738431c6970d}", "EventData.jobOwner": "DESKTOP-OFJ6N53\\sk.batsiev", "EventData.processPath": "C:\\Users\\sk.batsiev\\AppData\\Local\\Microsoft\\OneDrive\\OneDrive.exe", "EventData.processId": "11680", "EventData.ClientProcessStartKey": "50102545854497137"}
{"EventID": "16403", "Channel": "Microsoft-Windows-Bits-Client/Operational", "Provider_Name": "Microsoft-Windows-Bits-Client", "Computer": "DESKTOP-OFJ6N53", "TimeCreated": "2025-08-23 09:57:23.490704+00:00", "RecordID": "85175", "Level": "4", "UserID": "S-1-5-21-963789628-1060504924-4285088085-1001", "EventData.User": "DESKTOP-OFJ6N53\\sk.batsiev", "EventData.jobTitle": "PreSignInSettingsConfigJSON", "EventData.jobId": "{85fa50f7-3aa3-4b79-9a68-738431c6970d}", "EventData.jobOwner": "DESKTOP-OFJ6N53\\sk.batsiev", "EventData.fileCount": "1", "EventData.RemoteName": "https://g.live.com/odclientsettings/ProdV2?OneDriveUpdate=8e3b5b2079668d90ec9bf7b5cea0", "EventData.LocalName": "C:\\Users\\SKA580~1.BAT\\AppData\\Local\\Temp\\wct199C.tmp", "EventData.processId": "11680", "EventData.ClientProcessStartKey": "50102545854497137"}
{"EventID": "310", "Channel": "Microsoft-Windows-Bits-Client/Operational", "Provider_Name": "Microsoft-Windows-Bits-Client", "Computer": "DESKTOP-OFJ6N53", "TimeCreated": "2025-08-23 09:57:23.954626+00:00", "RecordID": "85176", "Level": "3", "UserID": "S-1-5-18", "EventData.ErrorCode": "2147942450"}
{"EventID": "59", "Channel": "Microsoft-Windows-Bits-Client/Operational", "Provider_Name": "Microsoft-Windows-Bits-Client", "Computer": "DESKTOP-OFJ6N53", "TimeCreated": "2025-08-23 09:57:23.958086+00:00", "RecordID": "85177", "Level": "4", "UserID": "S-1-5-18", "EventData.transferId": "{9405d7a4-c88a-4569-8796-afa55dcdb2c9}", "EventData.name": "PreSignInSettingsConfigJSON", "EventData.Id": "{85fa50f7-3aa3-4b79-9a68-738431c6970d}", "EventData.url": "https://g.live.com/odclientsettings/ProdV2?OneDriveUpdate=8e3b5b2079668d90ec9bf7b5cea0", "EventData.peer": null, "EventData.fileTime": "2025-08-22 23:46:45+00:00", "EventData.fileLength": "97641", "EventData.bytesTotal": "97641", "EventData.bytesTransferred": "0", "EventData.bytesTransferredFromPeer": "0"}
{"EventID": "60", "Channel": "Microsoft-Windows-Bits-Client/Operational", "Provider_Name": "Microsoft-Windows-Bits-Client", "Computer": "DESKTOP-OFJ6N53", "TimeCreated": "2025-08-23 09:57:24.056566+00:00", "RecordID": "85178", "Level": "4", "UserID": "S-1-5-18", "EventData.transferId": "{9405d7a4-c88a-4569-8796-afa55dcdb2c9}", "EventData.name": "PreSignInSettingsConfigJSON", "EventData.Id": "{85fa50f7-3aa3-4b79-9a68-738431c6970d}", "EventData.url": "https://g.live.com/odclientsettings/ProdV2?OneDriveUpdate=8e3b5b2079668d90ec9bf7b5cea0", "EventData.peer": null, "EventData.hr": "0", "EventData.fileTime": "2025-08-22 23:46:45+00:00", "EventData.fileLength": "97641", "EventData.bytesTotal": "97641", "EventData.bytesTransferred": "97641", "EventData.proxy": null, "EventData.peerProtocolFlags": "0", "EventData.bytesTransferredFromPeer": "0", "EventData.AdditionalInfoHr": "0", "EventData.PeerContextInfo": "0", "EventData.bandwidthLimit": "18446744073709551615", "EventData.ignoreBandwidthLimitsOnLan": "False"}
{"EventID": "4", "Channel": "Microsoft-Windows-Bits-Client/Operational", "Provider_Name": "Microsoft-Windows-Bits-Client", "Computer": "DESKTOP-OFJ6N53", "TimeCreated": "2025-08-23 09:57:24.059559+00:00", "RecordID": "85179", "Level": "4", "UserID": "S-1-5-18", "EventData.User": "DESKTOP-OFJ6N53\\sk.batsiev", "EventData.jobTitle": "PreSignInSettingsConfigJSON", "EventData.jobId": "{85fa50f7-3aa3-4b79-9a68-738431c6970d}", "EventData.jobOwner": "DESKTOP-OFJ6N53\\sk.batsiev", "EventData.fileCount": "1", "EventData.bytesTransferred": "97641", "EventData.bytesTransferredFromPeer": "0"}
{"EventID": "306", "Channel": "Microsoft-Windows-Bits-Client/Operational", "Provider_Name": "Microsoft-Windows-Bits-Client", "Computer": "DESKTOP-OFJ6N53", "TimeCreated": "2025-08-23 15:01:20.638029+00:00", "RecordID": "85180", "Level": "5", "UserID": "S-1-5-18"}
{"EventID": "3", "Channel": "Microsoft-Windows-Bits-Client/Operational", "Provider_Name": "Microsoft-Windows-Bits-Client", "Computer": "DESKTOP-OFJ6N53", "TimeCreated": "2025-08-23 15:01:25.305346+00:00", "RecordID": "85181", "Level": "4", "UserID": "S-1-5-18", "EventData.jobTitle": "Edge Component Updater", "EventData.jobId": "{ffcee7c8-f643-46a7-baff-3f4ec2958d05}", "EventData.jobOwner": "DESKTOP-OFJ6N53\\sk.batsiev", "EventData.processPath": "C:\\Program Files (x86)\\Microsoft\\Edge\\Application\\msedge.exe", "EventData.processId": "9224", "EventData.ClientProcessStartKey": "50102545854498321"}
{"EventID": "16403", "Channel": "Microsoft-Windows-Bits-Client/Operational", "Provider_Name": "Microsoft-Windows-Bits-Client", "Computer": "DESKTOP-OFJ6N53", "TimeCreated": "2025-08-23 15:01:25.313192+00:00", "RecordID": "85182", "Level": "4", "UserID": "S-1-5-21-963789628-1060504924-4285088085-1001", "EventData.User": "DESKTOP-OFJ6N53\\sk.batsiev", "EventData.jobTitle": "Edge Component Updater", "EventData.jobId": "{ffcee7c8-f643-46a7-baff-3f4ec2958d05}", "EventData.jobOwner": "DESKTOP-OFJ6N53\\sk.batsiev", "EventData.fileCount": "1", "EventData.RemoteName": "http://msedge.b.tlu.dl.delivery.mp.microsoft.com/filestreamingservice/files/0ba869cc-691d-4afa-aaf1-c77f0dd36e01?P1=1756542363&P2=404&P3=2&P4=CRMFV7zCU05LsBWVSWW31%2bIleRYrnggTmnhuXf%2bcEHt%2fb8Am4PNg3f8fxcCfpYnj9%2bKfMWdZ3L%2fjK4ekUqpu2g%3d%3d", "EventData.LocalName": "C:\\Users\\SKA580~1.BAT\\AppData\\Local\\Temp\\edge_BITS_9224_421402616\\0ba869cc-691d-4afa-aaf1-c77f0dd36e01", "EventData.processId": "9224", "EventData.ClientProcessStartKey": "50102545854498321"}
{"EventID": "310", "Channel": "Microsoft-Windows-Bits-Client/Operational", "Provider_Name": "Microsoft-Windows-Bits-Client", "Computer": "DESKTOP-OFJ6N53", "TimeCreated": "2025-08-23 15:01:25.494158+00:00", "RecordID": "85183", "Level": "3", "UserID": "S-1-5-18", "EventData.ErrorCode": "2147942450"}
{"EventID": "59", "Channel": "Microsoft-Windows-Bits-Client/Operational", "Provider_Name": "Microsoft-Windows-Bits-Client", "Computer": "DESKTOP-OFJ6N53", "TimeCreated": "2025-08-23 15:01:25.505083+00:00", "RecordID": "85184", "Level": "4", "UserID": "S-1-5-18", "EventData.transferId": "{bdafde30-5b10-4a0b-a770-8d092c211adf}", "EventData.name": "Edge Component Updater", "EventData.Id": "{ffcee7c8-f643-46a7-baff-3f4ec2958d05}", "EventData.url": "http://msedge.b.tlu.dl.delivery.mp.microsoft.com/filestreamingservice/files/0ba869cc-691d-4afa-aaf1-c77f0dd36e01?P1=1756542363&P2=404&P3=2&P4=CRMFV7zCU05LsBWVSWW31%2bIleRYrnggTmnhuXf%2bcEHt%2fb8Am4PNg3f8fxcCfpYnj9%2bKfMWdZ3L%2fjK4ekUqpu2g%3d%3d", "EventData.peer": null, "EventData.fileTime": "2025-08-23 07:42:29+00:00", "EventData.fileLength": "218100", "EventData.bytesTotal": "218100", "EventData.bytesTransferred": "0", "EventData.bytesTransferredFromPeer": "0"}
{"EventID": "60", "Channel": "Microsoft-Windows-Bits-Client/Operational", "Provider_Name": "Microsoft-Windows-Bits-Client", "Computer": "DESKTOP-OFJ6N53", "TimeCreated": "2025-08-23 15:01:42.366232+00:00", "RecordID": "85185", "Level": "4", "UserID": "S-1-5-18", "EventData.transferId": "{bdafde30-5b10-4a0b-a770-8d092c211adf}", "EventData.name": "Edge Component Updater", "EventData.Id": "{ffcee7c8-f643-46a7-baff-3f4ec2958d05}", "EventData.url": "http://msedge.b.tlu.dl.delivery.mp.microsoft.com/filestreamingservice/files/0ba869cc-691d-4afa-aaf1-c77f0dd36e01?P1=1756542363&P2=404&P3=2&P4=CRMFV7zCU05LsBWVSWW31%2bIleRYrnggTmnhuXf%2bcEHt%2fb8Am4PNg3f8fxcCfpYnj9%2bKfMWdZ3L%2fjK4ekUqpu2g%3d%3d", "EventData.peer": null, "EventData.hr": "0", "EventData.fileTime": "2025-08-23 07:42:29+00:00", "EventData.fileLength": "218100", "EventData.bytesTotal": "218100", "EventData.bytesTransferred": "218100", "EventData.proxy": null, "EventData.peerProtocolFlags": "0", "EventData.bytesTransferredFromPeer": "0", "EventData.AdditionalInfoHr": "0", "EventData.PeerContextInfo": "0", "EventData.bandwidthLimit": "18446744073709551615", "EventData.ignoreBandwidthLimitsOnLan": "False"}
{"EventID": "4", "Channel": "Microsoft-Windows-Bits-Client/Operational", "Provider_Name": "Microsoft-Windows-Bits-Client", "Computer": "DESKTOP-OFJ6N53", "TimeCreated": "2025-08-23 15:01:45.382324+00:00", "RecordID": "85186", "Level": "4", "UserID": "S-1-5-18", "EventData.User": "DESKTOP-OFJ6N53\\sk.batsiev", "EventData.jobTitle": "Edge Component Updater", "EventData.jobId": "{ffcee7c8-f643-46a7-baff-3f4ec2958d05}", "EventData.jobOwner": "DESKTOP-OFJ6N53\\sk.batsiev", "EventData.fileCount": "1", "EventData.bytesTransferred": "218100", "EventData.bytesTransferredFromPeer": "0"}
{"EventID": "306", "Channel": "Microsoft-Windows-Bits-Client/Operational", "Provider_Name": "Microsoft-Windows-Bits-Client", "Computer": "DESKTOP-OFJ6N53", "TimeCreated": "2025-08-23 15:37:46.107506+00:00", "RecordID": "85187", "Level": "5", "UserID": "S-1-5-18"}
{"EventID": "3", "Channel": "Microsoft-Windows-Bits-Client/Operational", "Provider_Name": "Microsoft-Windows-Bits-Client", "Computer": "DESKTOP-OFJ6N53", "TimeCreated": "2025-08-23 15:37:50.730999+00:00", "RecordID": "85188", "Level": "4", "UserID": "S-1-5-18", "EventData.jobTitle": "Chrome Component Updater", "EventData.jobId": "{3d05c4a6-feb1-4a7e-9e2a-aa2982031ffc}", "EventData.jobOwner": "DESKTOP-OFJ6N53\\sk.batsiev", "EventData.processPath": "C:\\Program Files\\Google\\Chrome\\Application\\chrome.exe", "EventData.processId": "8232", "EventData.ClientProcessStartKey": "50102545854498854"}
{"EventID": "16403", "Channel": "Microsoft-Windows-Bits-Client/Operational", "Provider_Name": "Microsoft-Windows-Bits-Client", "Computer": "DESKTOP-OFJ6N53", "TimeCreated": "2025-08-23 15:37:50.738819+00:00", "RecordID": "85189", "Level": "4", "UserID": "S-1-5-21-963789628-1060504924-4285088085-1001", "EventData.User": "DESKTOP-OFJ6N53\\sk.batsiev", "EventData.jobTitle": "Chrome Component Updater", "EventData.jobId": "{3d05c4a6-feb1-4a7e-9e2a-aa2982031ffc}", "EventData.jobOwner": "DESKTOP-OFJ6N53\\sk.batsiev", "EventData.fileCount": "1", "EventData.RemoteName": "http://edgedl.me.gvt1.com/edgedl/diffgen-puffin/efniojlnjndmcbiieegkicadnoecjjef/7dcd186a032f3164978ede20021d38f56c8b6f9d8306447fb42ceaa1d04ff271", "EventData.LocalName": "C:\\Users\\SKA580~1.BAT\\AppData\\Local\\Temp\\chrome_BITS_8232_103067301\\7dcd186a032f3164978ede20021d38f56c8b6f9d8306447fb42ceaa1d04ff271", "EventData.processId": "8232", "EventData.ClientProcessStartKey": "50102545854498854"}
{"EventID": "61", "Channel": "Microsoft-Windows-Bits-Client/Operational", "Provider_Name": "Microsoft-Windows-Bits-Client", "Computer": "DESKTOP-OFJ6N53", "TimeCreated": "2025-08-23 15:38:11.812000+00:00", "RecordID": "85190", "Level": "3", "UserID": "S-1-5-18", "EventData.transferId": "{feaf8d56-5df7-420e-9cea-fc34e02513d9}", "EventData.name": "Chrome Component Updater", "EventData.Id": "{3d05c4a6-feb1-4a7e-9e2a-aa2982031ffc}", "EventData.url": "http://edgedl.me.gvt1.com/edgedl/diffgen-puffin/efniojlnjndmcbiieegkicadnoecjjef/7dcd186a032f3164978ede20021d38f56c8b6f9d8306447fb42ceaa1d04ff271", "EventData.peer": null, "EventData.hr": "2147954402", "EventData.fileTime": "0001-01-01 00:00:00", "EventData.fileLength": "18446744073709551615", "EventData.bytesTotal": "18446744073709551615", "EventData.bytesTransferred": "0", "EventData.proxy": null, "EventData.peerProtocolFlags": "0", "EventData.bytesTransferredFromPeer": "0", "EventData.AdditionalInfoHr": "0", "EventData.PeerContextInfo": "0", "EventData.bandwidthLimit": "18446744073709551615", "EventData.ignoreBandwidthLimitsOnLan": "False"}
{"EventID": "61", "Channel": "Microsoft-Windows-Bits-Client/Operational", "Provider_Name": "Microsoft-Windows-Bits-Client", "Computer": "DESKTOP-OFJ6N53", "TimeCreated": "2025-08-23 15:39:32.996069+00:00", "RecordID": "85191", "Level": "3", "UserID": "S-1-5-18", "EventData.transferId": "{186db258-a55b-4334-8b2b-a417dee6af9a}", "EventData.name": "Chrome Component Updater", "EventData.Id": "{3d05c4a6-feb1-4a7e-9e2a-aa2982031ffc}", "EventData.url": "http://edgedl.me.gvt1.com/edgedl/diffgen-puffin/efniojlnjndmcbiieegkicadnoecjjef/7dcd186a032f3164978ede20021d38f56c8b6f9d8306447fb42ceaa1d04ff271", "EventData.peer": null, "EventData.hr": "2147954402", "EventData.fileTime": "0001-01-01 00:00:00", "EventData.fileLength": "18446744073709551615", "EventData.bytesTotal": "18446744073709551615", "EventData.bytesTransferred": "0", "EventData.proxy": null, "EventData.peerProtocolFlags": "0", "EventData.bytesTransferredFromPeer": "0", "EventData.AdditionalInfoHr": "0", "EventData.PeerContextInfo": "0", "EventData.bandwidthLimit": "18446744073709551615", "EventData.ignoreBandwidthLimitsOnLan": "False"}
{"EventID": "61", "Channel": "Microsoft-Windows-Bits-Client/Operational", "Provider_Name": "Microsoft-Windows-Bits-Client", "Computer": "DESKTOP-OFJ6N53", "TimeCreated": "2025-08-23 15:40:54.162323+00:00", "RecordID": "85192", "Level": "3", "UserID": "S-1-5-18", "EventData.transferId": "{1f042d99-5ddf-41c7-8df3-6cbc02448925}", "EventData.name": "Chrome Component Updater", "EventData.Id": "{3d05c4a6-feb1-4a7e-9e2a-aa2982031ffc}", "EventData.url": "http://edgedl.me.gvt1.com/edgedl/diffgen-puffin/efniojlnjndmcbiieegkicadnoecjjef/7dcd186a032f3164978ede20021d38f56c8b6f9d8306447fb42ceaa1d04ff271", "EventData.peer": null, "EventData.hr": "2147954402", "EventData.fileTime": "0001-01-01 00:00:00", "EventData.fileLength": "18446744073709551615", "EventData.bytesTotal": "18446744073709551615", "EventData.bytesTransferred": "0", "EventData.proxy": null, "EventData.peerProtocolFlags": "0", "EventData.bytesTransferredFromPeer": "0", "EventData.AdditionalInfoHr": "0", "EventData.PeerContextInfo": "0", "EventData.bandwidthLimit": "18446744073709551615", "EventData.ignoreBandwidthLimitsOnLan": "False"}
{"EventID": "61", "Channel": "Microsoft-Windows-Bits-Client/Operational", "Provider_Name": "Microsoft-Windows-Bits-Client", "Computer": "DESKTOP-OFJ6N53", "TimeCreated": "2025-08-23 15:42:15.574751+00:00", "RecordID": "85193", "Level": "3", "UserID": "S-1-5-18", "EventData.transferId": "{bece4696-ffee-4ef8-9115-cb011d901dc2}", "EventData.name": "Chrome Component Updater", "EventData.Id": "{3d05c4a6-feb1-4a7e-9e2a-aa2982031ffc}", "EventData.url": "http://edgedl.me.gvt1.com/edgedl/diffgen-puffin/efniojlnjndmcbiieegkicadnoecjjef/7dcd186a032f3164978ede20021d38f56c8b6f9d8306447fb42ceaa1d04ff271", "EventData.peer": null, "EventData.hr": "2147954402", "EventData.fileTime": "0001-01-01 00:00:00", "EventData.fileLength": "18446744073709551615", "EventData.bytesTotal": "18446744073709551615", "EventData.bytesTransferred": "0", "EventData.proxy": null, "EventData.peerProtocolFlags": "0", "EventData.bytesTransferredFromPeer": "0", "EventData.AdditionalInfoHr": "0", "EventData.PeerContextInfo": "0", "EventData.bandwidthLimit": "18446744073709551615", "EventData.ignoreBandwidthLimitsOnLan": "False"}
{"EventID": "61", "Channel": "Microsoft-Windows-Bits-Client/Operational", "Provider_Name": "Microsoft-Windows-Bits-Client", "Computer": "DESKTOP-OFJ6N53", "TimeCreated": "2025-08-23 15:43:36.648918+00:00", "RecordID": "85194", "Level": "3", "UserID": "S-1-5-18", "EventData.transferId": "{1cddb5c9-30a0-4dc8-8327-00d6a0805b75}", "EventData.name": "Chrome Component Updater", "EventData.Id": "{3d05c4a6-feb1-4a7e-9e2a-aa2982031ffc}", "EventData.url": "http://edgedl.me.gvt1.com/edgedl/diffgen-puffin/efniojlnjndmcbiieegkicadnoecjjef/7dcd186a032f3164978ede20021d38f56c8b6f9d8306447fb42ceaa1d04ff271", "EventData.peer": null, "EventData.hr": "2147954402", "EventData.fileTime": "0001-01-01 00:00:00", "EventData.fileLength": "18446744073709551615", "EventData.bytesTotal": "18446744073709551615", "EventData.bytesTransferred": "0", "EventData.proxy": null, "EventData.peerProtocolFlags": "0", "EventData.bytesTransferredFromPeer": "0", "EventData.AdditionalInfoHr": "0", "EventData.PeerContextInfo": "0", "EventData.bandwidthLimit": "18446744073709551615", "EventData.ignoreBandwidthLimitsOnLan": "False"}
{"EventID": "61", "Channel": "Microsoft-Windows-Bits-Client/Operational", "Provider_Name": "Microsoft-Windows-Bits-Client", "Computer": "DESKTOP-OFJ6N53", "TimeCreated": "2025-08-23 15:44:57.907402+00:00", "RecordID": "85195", "Level": "3", "UserID": "S-1-5-18", "EventData.transferId": "{0c9b8cc7-fe0b-41de-9318-f76cc68f9d2a}", "EventData.name": "Chrome Component Updater", "EventData.Id": "{3d05c4a6-feb1-4a7e-9e2a-aa2982031ffc}", "EventData.url": "http://edgedl.me.gvt1.com/edgedl/diffgen-puffin/efniojlnjndmcbiieegkicadnoecjjef/7dcd186a032f3164978ede20021d38f56c8b6f9d8306447fb42ceaa1d04ff271", "EventData.peer": null, "EventData.hr": "2147954402", "EventData.fileTime": "0001-01-01 00:00:00", "EventData.fileLength": "18446744073709551615", "EventData.bytesTotal": "18446744073709551615", "EventData.bytesTransferred": "0", "EventData.proxy": null, "EventData.peerProtocolFlags": "0", "EventData.bytesTransferredFromPeer": "0", "EventData.AdditionalInfoHr": "0", "EventData.PeerContextInfo": "0", "EventData.bandwidthLimit": "18446744073709551615", "EventData.ignoreBandwidthLimitsOnLan": "False"}
{"EventID": "61", "Channel": "Microsoft-Windows-Bits-Client/Operational", "Provider_Name": "Microsoft-Windows-Bits-Client", "Computer": "DESKTOP-OFJ6N53", "TimeCreated": "2025-08-23 15:46:18.927671+00:00", "RecordID": "85196", "Level": "3", "UserID": "S-1-5-18", "EventData.transferId": "{e67e8771-dc03-4218-a9bd-73b8aaaf4176}", "EventData.name": "Chrome Component Updater", "EventData.Id": "{3d05c4a6-feb1-4a7e-9e2a-aa2982031ffc}", "EventData.url": "http://edgedl.me.gvt1.com/edgedl/diffgen-puffin/efniojlnjndmcbiieegkicadnoecjjef/7dcd186a032f3164978ede20021d38f56c8b6f9d8306447fb42ceaa1d04ff271", "EventData.peer": null, "EventData.hr": "2147954402", "EventData.fileTime": "0001-01-01 00:00:00", "EventData.fileLength": "18446744073709551615", "EventData.bytesTotal": "18446744073709551615", "EventData.bytesTransferred": "0", "EventData.proxy": null, "EventData.peerProtocolFlags": "0", "EventData.bytesTransferredFromPeer": "0", "EventData.AdditionalInfoHr": "0", "EventData.PeerContextInfo": "0", "EventData.bandwidthLimit": "18446744073709551615", "EventData.ignoreBandwidthLimitsOnLan": "False"}
{"EventID": "61", "Channel": "Microsoft-Windows-Bits-Client/Operational", "Provider_Name": "Microsoft-Windows-Bits-Client", "Computer": "DESKTOP-OFJ6N53", "TimeCreated": "2025-08-23 15:47:40.144308+00:00", "RecordID": "85197", "Level": "3", "UserID": "S-1-5-18", "EventData.transferId": "{42fe40cc-fd55-4252-ab90-f2c8af2d440e}", "EventData.name": "Chrome Component Updater", "EventData.Id": "{3d05c4a6-feb1-4a7e-9e2a-aa2982031ffc}", "EventData.url": "http://edgedl.me.gvt1.com/edgedl/diffgen-puffin/efniojlnjndmcbiieegkicadnoecjjef/7dcd186a032f3164978ede20021d38f56c8b6f9d8306447fb42ceaa1d04ff271", "EventData.peer": null, "EventData.hr": "2147954402", "EventData.fileTime": "0001-01-01 00:00:00", "EventData.fileLength": "18446744073709551615", "EventData.bytesTotal": "18446744073709551615", "EventData.bytesTransferred": "0", "EventData.proxy": null, "EventData.peerProtocolFlags": "0", "EventData.bytesTransferredFromPeer": "0", "EventData.AdditionalInfoHr": "0", "EventData.PeerContextInfo": "0", "EventData.bandwidthLimit": "18446744073709551615", "EventData.ignoreBandwidthLimitsOnLan": "False"}
{"EventID": "61", "Channel": "Microsoft-Windows-Bits-Client/Operational", "Provider_Name": "Microsoft-Windows-Bits-Client", "Computer": "DESKTOP-OFJ6N53", "TimeCreated": "2025-08-23 15:49:01.195211+00:00", "RecordID": "85198", "Level": "3", "UserID": "S-1-5-18", "EventData.transferId": "{674b03bb-3e66-4fb1-bb78-f77fa33a609f}", "EventData.name": "Chrome Component Updater", "EventData.Id": "{3d05c4a6-feb1-4a7e-9e2a-aa2982031ffc}", "EventData.url": "http://edgedl.me.gvt1.com/edgedl/diffgen-puffin/efniojlnjndmcbiieegkicadnoecjjef/7dcd186a032f3164978ede20021d38f56c8b6f9d8306447fb42ceaa1d04ff271", "EventData.peer": null, "EventData.hr": "2147954402", "EventData.fileTime": "0001-01-01 00:00:00", "EventData.fileLength": "18446744073709551615", "EventData.bytesTotal": "18446744073709551615", "EventData.bytesTransferred": "0", "EventData.proxy": null, "EventData.peerProtocolFlags": "0", "EventData.bytesTransferredFromPeer": "0", "EventData.AdditionalInfoHr": "0", "EventData.PeerContextInfo": "0", "EventData.bandwidthLimit": "18446744073709551615", "EventData.ignoreBandwidthLimitsOnLan": "False"}
{"EventID": "61", "Channel": "Microsoft-Windows-Bits-Client/Operational", "Provider_Name": "Microsoft-Windows-Bits-Client", "Computer": "DESKTOP-OFJ6N53", "TimeCreated": "2025-08-23 15:50:22.414318+00:00", "RecordID": "85199", "Level": "3", "UserID": "S-1-5-18", "EventData.transferId": "{438ed3e9-1814-47f3-acee-926b38a20b0d}", "EventData.name": "Chrome Component Updater", "EventData.Id": "{3d05c4a6-feb1-4a7e-9e2a-aa2982031ffc}", "EventData.url": "http://edgedl.me.gvt1.com/edgedl/diffgen-puffin/efniojlnjndmcbiieegkicadnoecjjef/7dcd186a032f3164978ede20021d38f56c8b6f9d8306447fb42ceaa1d04ff271", "EventData.peer": null, "EventData.hr": "2147954402", "EventData.fileTime": "0001-01-01 00:00:00", "EventData.fileLength": "18446744073709551615", "EventData.bytesTotal": "18446744073709551615", "EventData.bytesTransferred": "0", "EventData.proxy": null, "EventData.peerProtocolFlags": "0", "EventData.bytesTransferredFromPeer": "0", "EventData.AdditionalInfoHr": "0", "EventData.PeerContextInfo": "0", "EventData.bandwidthLimit": "18446744073709551615", "EventData.ignoreBandwidthLimitsOnLan": "False"}
{"EventID": "61", "Channel": "Microsoft-Windows-Bits-Client/Operational", "Provider_Name": "Microsoft-Windows-Bits-Client", "Computer": "DESKTOP-OFJ6N53", "TimeCreated": "2025-08-23 15:51:43.631935+00:00", "RecordID": "85200", "Level": "3", "UserID": "S-1-5-18", "EventData.transferId": "{de703ba3-aba6-4d9d-884a-3f482e8a6558}", "EventData.name": "Chrome Component Updater", "EventData.Id": "{3d05c4a6-feb1-4a7e-9e2a-aa2982031ffc}", "EventData.url": "http://edgedl.me.gvt1.com/edgedl/diffgen-puffin/efniojlnjndmcbiieegkicadnoecjjef/7dcd186a032f3164978ede20021d38f56c8b6f9d8306447fb42ceaa1d04ff271", "EventData.peer": null, "EventData.hr": "2147954402", "EventData.fileTime": "0001-01-01 00:00:00", "EventData.fileLength": "18446744073709551615", "EventData.bytesTotal": "18446744073709551615", "EventData.bytesTransferred": "0", "EventData.proxy": null, "EventData.peerProtocolFlags": "0", "EventData.bytesTransferredFromPeer": "0", "EventData.AdditionalInfoHr": "0", "EventData.PeerContextInfo": "0", "EventData.bandwidthLimit": "18446744073709551615", "EventData.ignoreBandwidthLimitsOnLan": "False"}
{"EventID": "5", "Channel": "Microsoft-Windows-Bits-Client/Operational", "Provider_Name": "Microsoft-Windows-Bits-Client", "Computer": "DESKTOP-OFJ6N53", "TimeCreated": "2025-08-23 15:52:48.074574+00:00", "RecordID": "85201", "Level": "4", "UserID": "S-1-5-21-963789628-1060504924-4285088085-1001", "EventData.User": "DESKTOP-OFJ6N53\\sk.batsiev", "EventData.jobTitle": "Chrome Component Updater", "EventData.jobId": "{3d05c4a6-feb1-4a7e-9e2a-aa2982031ffc}", "EventData.jobOwner": "DESKTOP-OFJ6N53\\sk.batsiev", "EventData.fileCount": "1"}
{"EventID": "3", "Channel": "Microsoft-Windows-Bits-Client/Operational", "Provider_Name": "Microsoft-Windows-Bits-Client", "Computer": "DESKTOP-OFJ6N53", "TimeCreated": "2025-08-23 15:52:48.096968+00:00", "RecordID": "85202", "Level": "4", "UserID": "S-1-5-18", "EventData.jobTitle": "Chrome Component Updater", "EventData.jobId": "{3f74d749-4aac-4736-922c-4cf94832119a}", "EventData.jobOwner": "DESKTOP-OFJ6N53\\sk.batsiev", "EventData.processPath": "C:\\Program Files\\Google\\Chrome\\Application\\chrome.exe", "EventData.processId": "8232", "EventData.ClientProcessStartKey": "50102545854498854"}
{"EventID": "16403", "Channel": "Microsoft-Windows-Bits-Client/Operational", "Provider_Name": "Microsoft-Windows-Bits-Client", "Computer": "DESKTOP-OFJ6N53", "TimeCreated": "2025-08-23 15:52:48.104090+00:00", "RecordID": "85203", "Level": "4", "UserID": "S-1-5-21-963789628-1060504924-4285088085-1001", "EventData.User": "DESKTOP-OFJ6N53\\sk.batsiev", "EventData.jobTitle": "Chrome Component Updater", "EventData.jobId": "{3f74d749-4aac-4736-922c-4cf94832119a}", "EventData.jobOwner": "DESKTOP-OFJ6N53\\sk.batsiev", "EventData.fileCount": "1", "EventData.RemoteName": "https://edgedl.me.gvt1.com/edgedl/diffgen-puffin/efniojlnjndmcbiieegkicadnoecjjef/7dcd186a032f3164978ede20021d38f56c8b6f9d8306447fb42ceaa1d04ff271", "EventData.LocalName": "C:\\Users\\SKA580~1.BAT\\AppData\\Local\\Temp\\chrome_BITS_8232_591999638\\7dcd186a032f3164978ede20021d38f56c8b6f9d8306447fb42ceaa1d04ff271", "EventData.processId": "8232", "EventData.ClientProcessStartKey": "50102545854498854"}
{"EventID": "61", "Channel": "Microsoft-Windows-Bits-Client/Operational", "Provider_Name": "Microsoft-Windows-Bits-Client", "Computer": "DESKTOP-OFJ6N53", "TimeCreated": "2025-08-23 15:53:30.585073+00:00", "RecordID": "85204", "Level": "3", "UserID": "S-1-5-18", "EventData.transferId": "{c08b6a7a-5e9f-4199-ad62-1fd0f315301b}", "EventData.name": "Chrome Component Updater", "EventData.Id": "{3f74d749-4aac-4736-922c-4cf94832119a}", "EventData.url": "https://edgedl.me.gvt1.com/edgedl/diffgen-puffin/efniojlnjndmcbiieegkicadnoecjjef/7dcd186a032f3164978ede20021d38f56c8b6f9d8306447fb42ceaa1d04ff271", "EventData.peer": null, "EventData.hr": "2147954402", "EventData.fileTime": "0001-01-01 00:00:00", "EventData.fileLength": "18446744073709551615", "EventData.bytesTotal": "18446744073709551615", "EventData.bytesTransferred": "0", "EventData.proxy": null, "EventData.peerProtocolFlags": "0", "EventData.bytesTransferredFromPeer": "0", "EventData.AdditionalInfoHr": "0", "EventData.PeerContextInfo": "0", "EventData.bandwidthLimit": "18446744073709551615", "EventData.ignoreBandwidthLimitsOnLan": "False"}
{"EventID": "61", "Channel": "Microsoft-Windows-Bits-Client/Operational", "Provider_Name": "Microsoft-Windows-Bits-Client", "Computer": "DESKTOP-OFJ6N53", "TimeCreated": "2025-08-23 15:54:51.741943+00:00", "RecordID": "85205", "Level": "3", "UserID": "S-1-5-18", "EventData.transferId": "{670613eb-a655-4c14-88fe-9f3abe0d51b8}", "EventData.name": "Chrome Component Updater", "EventData.Id": "{3f74d749-4aac-4736-922c-4cf94832119a}", "EventData.url": "https://edgedl.me.gvt1.com/edgedl/diffgen-puffin/efniojlnjndmcbiieegkicadnoecjjef/7dcd186a032f3164978ede20021d38f56c8b6f9d8306447fb42ceaa1d04ff271", "EventData.peer": null, "EventData.hr": "2147954402", "EventData.fileTime": "0001-01-01 00:00:00", "EventData.fileLength": "18446744073709551615", "EventData.bytesTotal": "18446744073709551615", "EventData.bytesTransferred": "0", "EventData.proxy": null, "EventData.peerProtocolFlags": "0", "EventData.bytesTransferredFromPeer": "0", "EventData.AdditionalInfoHr": "0", "EventData.PeerContextInfo": "0", "EventData.bandwidthLimit": "18446744073709551615", "EventData.ignoreBandwidthLimitsOnLan": "False"}
{"EventID": "61", "Channel": "Microsoft-Windows-Bits-Client/Operational", "Provider_Name": "Microsoft-Windows-Bits-Client", "Computer": "DESKTOP-OFJ6N53", "TimeCreated": "2025-08-23 15:56:12.929522+00:00", "RecordID": "85206", "Level": "3", "UserID": "S-1-5-18", "EventData.transferId": "{4912c65a-0ee0-4d0e-ab67-75f632c66df6}", "EventData.name": "Chrome Component Updater", "EventData.Id": "{3f74d749-4aac-4736-922c-4cf94832119a}", "EventData.url": "https://edgedl.me.gvt1.com/edgedl/diffgen-puffin/efniojlnjndmcbiieegkicadnoecjjef/7dcd186a032f3164978ede20021d38f56c8b6f9d8306447fb42ceaa1d04ff271", "EventData.peer": null, "EventData.hr": "2147954402", "EventData.fileTime": "0001-01-01 00:00:00", "EventData.fileLength": "18446744073709551615", "EventData.bytesTotal": "18446744073709551615", "EventData.bytesTransferred": "0", "EventData.proxy": null, "EventData.peerProtocolFlags": "0", "EventData.bytesTransferredFromPeer": "0", "EventData.AdditionalInfoHr": "0", "EventData.PeerContextInfo": "0", "EventData.bandwidthLimit": "18446744073709551615", "EventData.ignoreBandwidthLimitsOnLan": "False"}
{"EventID": "61", "Channel": "Microsoft-Windows-Bits-Client/Operational", "Provider_Name": "Microsoft-Windows-Bits-Client", "Computer": "DESKTOP-OFJ6N53", "TimeCreated": "2025-08-23 15:57:34.163689+00:00", "RecordID": "85207", "Level": "3", "UserID": "S-1-5-18", "EventData.transferId": "{a485d752-ddad-4988-813e-4810bb7742b1}", "EventData.name": "Chrome Component Updater", "EventData.Id": "{3f74d749-4aac-4736-922c-4cf94832119a}", "EventData.url": "https://edgedl.me.gvt1.com/edgedl/diffgen-puffin/efniojlnjndmcbiieegkicadnoecjjef/7dcd186a032f3164978ede20021d38f56c8b6f9d8306447fb42ceaa1d04ff271", "EventData.peer": null, "EventData.hr": "2147954402", "EventData.fileTime": "0001-01-01 00:00:00", "EventData.fileLength": "18446744073709551615", "EventData.bytesTotal": "18446744073709551615", "EventData.bytesTransferred": "0", "EventData.proxy": null, "EventData.peerProtocolFlags": "0", "EventData.bytesTransferredFromPeer": "0", "EventData.AdditionalInfoHr": "0", "EventData.PeerContextInfo": "0", "EventData.bandwidthLimit": "18446744073709551615", "EventData.ignoreBandwidthLimitsOnLan": "False"}
{"EventID": "61", "Channel": "Microsoft-Windows-Bits-Client/Operational", "Provider_Name": "Microsoft-Windows-Bits-Client", "Computer": "DESKTOP-OFJ6N53", "TimeCreated": "2025-08-23 15:58:55.645035+00:00", "RecordID": "85208", "Level": "3", "UserID": "S-1-5-18", "EventData.transferId": "{93357017-f685-41da-a172-79d6a5376b41}", "EventData.name": "Chrome Component Updater", "EventData.Id": "{3f74d749-4aac-4736-922c-4cf94832119a}", "EventData.url": "https://edgedl.me.gvt1.com/edgedl/diffgen-puffin/efniojlnjndmcbiieegkicadnoecjjef/7dcd186a032f3164978ede20021d38f56c8b6f9d8306447fb42ceaa1d04ff271", "EventData.peer": null, "EventData.hr": "2147954402", "EventData.fileTime": "0001-01-01 00:00:00", "EventData.fileLength": "18446744073709551615", "EventData.bytesTotal": "18446744073709551615", "EventData.bytesTransferred": "0", "EventData.proxy": null, "EventData.peerProtocolFlags": "0", "EventData.bytesTransferredFromPeer": "0", "EventData.AdditionalInfoHr": "0", "EventData.PeerContextInfo": "0", "EventData.bandwidthLimit": "18446744073709551615", "EventData.ignoreBandwidthLimitsOnLan": "False"}
{"EventID": "61", "Channel": "Microsoft-Windows-Bits-Client/Operational", "Provider_Name": "Microsoft-Windows-Bits-Client", "Computer": "DESKTOP-OFJ6N53", "TimeCreated": "2025-08-23 16:00:17.347033+00:00", "RecordID": "85209", "Level": "3", "UserID": "S-1-5-18", "EventData.transferId": "{9f777f14-a74d-464c-bc3f-b4c0c011c295}", "EventData.name": "Chrome Component Updater", "EventData.Id": "{3f74d749-4aac-4736-922c-4cf94832119a}", "EventData.url": "https://edgedl.me.gvt1.com/edgedl/diffgen-puffin/efniojlnjndmcbiieegkicadnoecjjef/7dcd186a032f3164978ede20021d38f56c8b6f9d8306447fb42ceaa1d04ff271", "EventData.peer": null, "EventData.hr": "2147954402", "EventData.fileTime": "0001-01-01 00:00:00", "EventData.fileLength": "18446744073709551615", "EventData.bytesTotal": "18446744073709551615", "EventData.bytesTransferred": "0", "EventData.proxy": null, "EventData.peerProtocolFlags": "0", "EventData.bytesTransferredFromPeer": "0", "EventData.AdditionalInfoHr": "0", "EventData.PeerContextInfo": "0", "EventData.bandwidthLimit": "18446744073709551615", "EventData.ignoreBandwidthLimitsOnLan": "False"}
{"EventID": "61", "Channel": "Microsoft-Windows-Bits-Client/Operational", "Provider_Name": "Microsoft-Windows-Bits-Client", "Computer": "DESKTOP-OFJ6N53", "TimeCreated": "2025-08-23 16:01:38.496323+00:00", "RecordID": "85210", "Level": "3", "UserID": "S-1-5-18", "EventData.transferId": "{0418a22b-49d6-41c4-85be-d4ab6796dd26}", "EventData.name": "Chrome Component Updater", "EventData.Id": "{3f74d749-4aac-4736-922c-4cf94832119a}", "EventData.url": "https://edgedl.me.gvt1.com/edgedl/diffgen-puffin/efniojlnjndmcbiieegkicadnoecjjef/7dcd186a032f3164978ede20021d38f56c8b6f9d8306447fb42ceaa1d04ff271", "EventData.peer": null, "EventData.hr": "2147954402", "EventData.fileTime": "0001-01-01 00:00:00", "EventData.fileLength": "18446744073709551615", "EventData.bytesTotal": "18446744073709551615", "EventData.bytesTransferred": "0", "EventData.proxy": null, "EventData.peerProtocolFlags": "0", "EventData.bytesTransferredFromPeer": "0", "EventData.AdditionalInfoHr": "0", "EventData.PeerContextInfo": "0", "EventData.bandwidthLimit": "18446744073709551615", "EventData.ignoreBandwidthLimitsOnLan": "False"}
{"EventID": "61", "Channel": "Microsoft-Windows-Bits-Client/Operational", "Provider_Name": "Microsoft-Windows-Bits-Client", "Computer": "DESKTOP-OFJ6N53", "TimeCreated": "2025-08-23 16:02:59.665348+00:00", "RecordID": "85211", "Level": "3", "UserID": "S-1-5-18", "EventData.transferId": "{dbfa6c4d-c580-461a-a516-75b6841fb4c5}", "EventData.name": "Chrome Component Updater", "EventData.Id": "{3f74d749-4aac-4736-922c-4cf94832119a}", "EventData.url": "https://edgedl.me.gvt1.com/edgedl/diffgen-puffin/efniojlnjndmcbiieegkicadnoecjjef/7dcd186a032f3164978ede20021d38f56c8b6f9d8306447fb42ceaa1d04ff271", "EventData.peer": null, "EventData.hr": "2147954402", "EventData.fileTime": "0001-01-01 00:00:00", "EventData.fileLength": "18446744073709551615", "EventData.bytesTotal": "18446744073709551615", "EventData.bytesTransferred": "0", "EventData.proxy": null, "EventData.peerProtocolFlags": "0", "EventData.bytesTransferredFromPeer": "0", "EventData.AdditionalInfoHr": "0", "EventData.PeerContextInfo": "0", "EventData.bandwidthLimit": "18446744073709551615", "EventData.ignoreBandwidthLimitsOnLan": "False"}
{"EventID": "61", "Channel": "Microsoft-Windows-Bits-Client/Operational", "Provider_Name": "Microsoft-Windows-Bits-Client", "Computer": "DESKTOP-OFJ6N53", "TimeCreated": "2025-08-23 16:04:20.724428+00:00", "RecordID": "85212", "Level": "3", "UserID": "S-1-5-18", "EventData.transferId": "{14c614bb-6ce6-4ff2-b4db-a00862563347}", "EventData.name": "Chrome Component Updater", "EventData.Id": "{3f74d749-4aac-4736-922c-4cf94832119a}", "EventData.url": "https://edgedl.me.gvt1.com/edgedl/diffgen-puffin/efniojlnjndmcbiieegkicadnoecjjef/7dcd186a032f3164978ede20021d38f56c8b6f9d8306447fb42ceaa1d04ff271", "EventData.peer": null, "EventData.hr": "2147954402", "EventData.fileTime": "0001-01-01 00:00:00", "EventData.fileLength": "18446744073709551615", "EventData.bytesTotal": "18446744073709551615", "EventData.bytesTransferred": "0", "EventData.proxy": null, "EventData.peerProtocolFlags": "0", "EventData.bytesTransferredFromPeer": "0", "EventData.AdditionalInfoHr": "0", "EventData.PeerContextInfo": "0", "EventData.bandwidthLimit": "18446744073709551615", "EventData.ignoreBandwidthLimitsOnLan": "False"}
{"EventID": "61", "Channel": "Microsoft-Windows-Bits-Client/Operational", "Provider_Name": "Microsoft-Windows-Bits-Client", "Computer": "DESKTOP-OFJ6N53", "TimeCreated": "2025-08-23 16:05:41.943604+00:00", "RecordID": "85213", "Level": "3", "UserID": "S-1-5-18", "EventData.transferId": "{50ccc28d-726e-49bc-9af6-879ef50cf3d0}", "EventData.name": "Chrome Component Updater", "EventData.Id": "{3f74d749-4aac-4736-922c-4cf94832119a}", "EventData.url": "https://edgedl.me.gvt1.com/edgedl/diffgen-puffin/efniojlnjndmcbiieegkicadnoecjjef/7dcd186a032f3164978ede20021d38f56c8b6f9d8306447fb42ceaa1d04ff271", "EventData.peer": null, "EventData.hr": "2147954402", "EventData.fileTime": "0001-01-01 00:00:00", "EventData.fileLength": "18446744073709551615", "EventData.bytesTotal": "18446744073709551615", "EventData.bytesTransferred": "0", "EventData.proxy": null, "EventData.peerProtocolFlags": "0", "EventData.bytesTransferredFromPeer": "0", "EventData.AdditionalInfoHr": "0", "EventData.PeerContextInfo": "0", "EventData.bandwidthLimit": "18446744073709551615", "EventData.ignoreBandwidthLimitsOnLan": "False"}
{"EventID": "61", "Channel": "Microsoft-Windows-Bits-Client/Operational", "Provider_Name": "Microsoft-Windows-Bits-Client", "Computer": "DESKTOP-OFJ6N53", "TimeCreated": "2025-08-23 16:07:03.005453+00:00", "RecordID": "85214", "Level": "3", "UserID": "S-1-5-18", "EventData.transferId": "{e5581975-6afa-4ee4-b74f-0e5d16e7da30}", "EventData.name": "Chrome Component Updater", "EventData.Id": "{3f74d749-4aac-4736-922c-4cf94832119a}", "EventData.url": "https://edgedl.me.gvt1.com/edgedl/diffgen-puffin/efniojlnjndmcbiieegkicadnoecjjef/7dcd186a032f3164978ede20021d38f56c8b6f9d8306447fb42ceaa1d04ff271", "EventData.peer": null, "EventData.hr": "2147954402", "EventData.fileTime": "0001-01-01 00:00:00", "EventData.fileLength": "18446744073709551615", "EventData.bytesTotal": "18446744073709551615", "EventData.bytesTransferred": "0", "EventData.proxy": null, "EventData.peerProtocolFlags": "0", "EventData.bytesTransferredFromPeer": "0", "EventData.AdditionalInfoHr": "0", "EventData.PeerContextInfo": "0", "EventData.bandwidthLimit": "18446744073709551615", "EventData.ignoreBandwidthLimitsOnLan": "False"}
{"EventID": "5", "Channel": "Microsoft-Windows-Bits-Client/Operational", "Provider_Name": "Microsoft-Windows-Bits-Client", "Computer": "DESKTOP-OFJ6N53", "TimeCreated": "2025-08-23 16:08:06.162859+00:00", "RecordID": "85215", "Level": "4", "UserID": "S-1-5-21-963789628-1060504924-4285088085-1001", "EventData.User": "DESKTOP-OFJ6N53\\sk.batsiev", "EventData.jobTitle": "Chrome Component Updater", "EventData.jobId": "{3f74d749-4aac-4736-922c-4cf94832119a}", "EventData.jobOwner": "DESKTOP-OFJ6N53\\sk.batsiev", "EventData.fileCount": "1"}
{"EventID": "3", "Channel": "Microsoft-Windows-Bits-Client/Operational", "Provider_Name": "Microsoft-Windows-Bits-Client", "Computer": "DESKTOP-OFJ6N53", "TimeCreated": "2025-08-23 16:08:06.171919+00:00", "RecordID": "85216", "Level": "4", "UserID": "S-1-5-18", "EventData.jobTitle": "Chrome Component Updater", "EventData.jobId": "{5ea5c820-22f2-4827-a071-ff85afff294c}", "EventData.jobOwner": "DESKTOP-OFJ6N53\\sk.batsiev", "EventData.processPath": "C:\\Program Files\\Google\\Chrome\\Application\\chrome.exe", "EventData.processId": "8232", "EventData.ClientProcessStartKey": "50102545854498854"}
