{"EventID": "16403", "Channel": "Microsoft-Windows-Bits-Client/Operational", "Provider_Name": "Microsoft-Windows-Bits-Client", "Computer": "DESKTOP-OFJ6N53", "TimeCreated": "2025-08-23 18:11:08.548363+00:00", "RecordID": "85375", "Level": "4", "UserID": "S-1-5-21-963789628-1060504924-4285088085-1001", "EventData.User": "DESKTOP-OFJ6N53\\sk.batsiev", "EventData.jobTitle": "Chrome Component Updater", "EventData.jobId": "{8f248ca5-2767-4858-a8d3-8bf2aca887ef}", "EventData.jobOwner": "DESKTOP-OFJ6N53\\sk.batsiev", "EventData.fileCount": "1", "EventData.RemoteName": "http://dl.google.com/diffgen-puffin/hfnkpimlhhgieaddgfemjhofmfblmnib/8053c1223bbc37f525b5dc04fb59132f92b6c5a3dfc1ca3c6384be4087437edd", "EventData.LocalName": "C:\\Users\\SKA580~1.BAT\\AppData\\Local\\Temp\\chrome_BITS_8232_1923321009\\8053c1223bbc37f525b5dc04fb59132f92b6c5a3dfc1ca3c6384be4087437edd", "EventData.processId": "8232", "EventData.ClientProcessStartKey": "50102545854498854"}
{"EventID": "59", "Channel": "Microsoft-Windows-Bits-Client/Operational", "Provider_Name": "Microsoft-Windows-Bits-Client", "Computer": "DESKTOP-OFJ6N53", "TimeCreated": "2025-08-23 18:11:08.617641+00:00", "RecordID": "85376", "Level": "4", "UserID": "S-1-5-18", "EventData.transferId": "{0c3260ac-0a5c-447d-85f9-fa1de3b27d60}", "EventData.name": "Chrome Component Updater", "EventData.Id": "{8f248ca5-2767-4858-a8d3-8bf2aca887ef}", "EventData.url": "http://dl.google.com/diffgen-puffin/hfnkpimlhhgieaddgfemjhofmfblmnib/8053c1223bbc37f525b5dc04fb59132f92b6c5a3dfc1ca3c6384be4087437edd", "EventData.peer": null, "EventData.fileTime": "2025-08-23 08:26:04+00:00", "EventData.fileLength": "19704", "EventData.bytesTotal": "19704", "EventData.bytesTransferred": "0", "EventData.bytesTransferredFromPeer": "0"}
{"EventID": "60", "Channel": "Microsoft-Windows-Bits-Client/Operational", "Provider_Name": "Microsoft-Windows-Bits-Client", "Computer": "DESKTOP-OFJ6N53", "TimeCreated": "2025-08-23 18:11:08.830160+00:00", "RecordID": "85377", "Level": "4", "UserID": "S-1-5-18", "EventData.transferId": "{0c3260ac-0a5c-447d-85f9-fa1de3b27d60}", "EventData.name": "Chrome Component Updater", "EventData.Id": "{8f248ca5-2767-4858-a8d3-8bf2aca887ef}", "EventData.url": "http://dl.google.com/diffgen-puffin/hfnkpimlhhgieaddgfemjhofmfblmnib/8053c1223bbc37f525b5dc04fb59132f92b6c5a3dfc1ca3c6384be4087437edd", "EventData.peer": null, "EventData.hr": "0", "EventData.fileTime": "2025-08-23 08:26:04+00:00", "EventData.fileLength": "19704", "EventData.bytesTotal": "19704", "EventData.bytesTransferred": "19704", "EventData.proxy": null, "EventData.peerProtocolFlags": "0", "EventData.bytesTransferredFromPeer": "0", "EventData.AdditionalInfoHr": "0", "EventData.PeerContextInfo": "0", "EventData.bandwidthLimit": "18446744073709551615", "EventData.ignoreBandwidthLimitsOnLan": "False"}
{"EventID": "4", "Channel": "Microsoft-Windows-Bits-Client/Operational", "Provider_Name": "Microsoft-Windows-Bits-Client", "Computer": "DESKTOP-OFJ6N53", "TimeCreated": "2025-08-23 18:11:12.557541+00:00", "RecordID": "85378", "Level": "4", "UserID": "S-1-5-18", "EventData.User": "DESKTOP-OFJ6N53\\sk.batsiev", "EventData.jobTitle": "Chrome Component Updater", "EventData.jobId": "{8f248ca5-2767-4858-a8d3-8bf2aca887ef}", "EventData.jobOwner": "DESKTOP-OFJ6N53\\sk.batsiev", "EventData.fileCount": "1", "EventData.bytesTransferred": "19704", "EventData.bytesTransferredFromPeer": "0"}
{"EventID": "306", "Channel": "Microsoft-Windows-Bits-Client/Operational", "Provider_Name": "Microsoft-Windows-Bits-Client", "Computer": "DESKTOP-OFJ6N53", "TimeCreated": "2025-08-23 18:26:13.570192+00:00", "RecordID": "85379", "Level": "5", "UserID": "S-1-5-18"}
{"EventID": "61", "Channel": "Microsoft-Windows-Bits-Client/Operational", "Provider_Name": "Microsoft-Windows-Bits-Client", "Computer": "DESKTOP-OFJ6N53", "TimeCreated": "2025-08-23 18:26:40.070700+00:00", "RecordID": "85380", "Level": "3", "UserID": "S-1-5-18", "EventData.transferId": "{6e493e96-1c70-43c4-aa63-c6249b403d92}", "EventData.name": "Chrome Component Updater", "EventData.Id": "{1b6c7fb0-0192-4c19-bbe3-6bf325dfcc45}", "EventData.url": "http://edgedl.me.gvt1.com/edgedl/diffgen-puffin/ggkkehgbnfjpeggfpleeakpidbkibbmn/cf1ba16f8b36b3ecf7ca1e8d13bf044b6fe28b3f91821c5cd236a729b9fe6eaf", "EventData.peer": null, "EventData.hr": "2147954402", "EventData.fileTime": "0001-01-01 00:00:00", "EventData.fileLength": "18446744073709551615", "EventData.bytesTotal": "18446744073709551615", "EventData.bytesTransferred": "0", "EventData.proxy": null, "EventData.peerProtocolFlags": "0", "EventData.bytesTransferredFromPeer": "0", "EventData.AdditionalInfoHr": "0", "EventData.PeerContextInfo": "0", "EventData.bandwidthLimit": "18446744073709551615", "EventData.ignoreBandwidthLimitsOnLan": "False"}
{"EventID": "61", "Channel": "Microsoft-Windows-Bits-Client/Operational", "Provider_Name": "Microsoft-Windows-Bits-Client", "Computer": "DESKTOP-OFJ6N53", "TimeCreated": "2025-08-23 18:28:01.504730+00:00", "RecordID": "85381", "Level": "3", "UserID": "S-1-5-18", "EventData.transferId": "{956af8a7-a0e6-47e0-9ea0-5a484954ae3e}", "EventData.name": "Chrome Component Updater", "EventData.Id": "{1b6c7fb0-0192-4c19-bbe3-6bf325dfcc45}", "EventData.url": "http://edgedl.me.gvt1.com/edgedl/diffgen-puffin/ggkkehgbnfjpeggfpleeakpidbkibbmn/cf1ba16f8b36b3ecf7ca1e8d13bf044b6fe28b3f91821c5cd236a729b9fe6eaf", "EventData.peer": null, "EventData.hr": "2147954402", "EventData.fileTime": "0001-01-01 00:00:00", "EventData.fileLength": "18446744073709551615", "EventData.bytesTotal": "18446744073709551615", "EventData.bytesTransferred": "0", "EventData.proxy": null, "EventData.peerProtocolFlags": "0", "EventData.bytesTransferredFromPeer": "0", "EventData.AdditionalInfoHr": "0", "EventData.PeerContextInfo": "0", "EventData.bandwidthLimit": "18446744073709551615", "EventData.ignoreBandwidthLimitsOnLan": "False"}
{"EventID": "61", "Channel": "Microsoft-Windows-Bits-Client/Operational", "Provider_Name": "Microsoft-Windows-Bits-Client", "Computer": "DESKTOP-OFJ6N53", "TimeCreated": "2025-08-23 18:29:22.625364+00:00", "RecordID": "85382", "Level": "3", "UserID": "S-1-5-18", "EventData.transferId": "{6f7cfc2c-4855-4b11-b7f7-5f152a709798}", "EventData.name": "Chrome Component Updater", "EventData.Id": "{1b6c7fb0-0192-4c19-bbe3-6bf325dfcc45}", "EventData.url": "http://edgedl.me.gvt1.com/edgedl/diffgen-puffin/ggkkehgbnfjpeggfpleeakpidbkibbmn/cf1ba16f8b36b3ecf7ca1e8d13bf044b6fe28b3f91821c5cd236a729b9fe6eaf", "EventData.peer": null, "EventData.hr": "2147954402", "EventData.fileTime": "0001-01-01 00:00:00", "EventData.fileLength": "18446744073709551615", "EventData.bytesTotal": "18446744073709551615", "EventData.bytesTransferred": "0", "EventData.proxy": null, "EventData.peerProtocolFlags": "0", "EventData.bytesTransferredFromPeer": "0", "EventData.AdditionalInfoHr": "0", "EventData.PeerContextInfo": "0", "EventData.bandwidthLimit": "18446744073709551615", "EventData.ignoreBandwidthLimitsOnLan": "False"}
{"EventID": "61", "Channel": "Microsoft-Windows-Bits-Client/Operational", "Provider_Name": "Microsoft-Windows-Bits-Client", "Computer": "DESKTOP-OFJ6N53", "TimeCreated": "2025-08-23 18:30:44.092981+00:00", "RecordID": "85383", "Level": "3", "UserID": "S-1-5-18", "EventData.transferId": "{b11eceb4-5378-44d2-8fb7-729f813e3ba5}", "EventData.name": "Chrome Component Updater", "EventData.Id": "{1b6c7fb0-0192-4c19-bbe3-6bf325dfcc45}", "EventData.url": "http://edgedl.me.gvt1.com/edgedl/diffgen-puffin/ggkkehgbnfjpeggfpleeakpidbkibbmn/cf1ba16f8b36b3ecf7ca1e8d13bf044b6fe28b3f91821c5cd236a729b9fe6eaf", "EventData.peer": null, "EventData.hr": "2147954402", "EventData.fileTime": "0001-01-01 00:00:00", "EventData.fileLength": "18446744073709551615", "EventData.bytesTotal": "18446744073709551615", "EventData.bytesTransferred": "0", "EventData.proxy": null, "EventData.peerProtocolFlags": "0", "EventData.bytesTransferredFromPeer": "0", "EventData.AdditionalInfoHr": "0", "EventData.PeerContextInfo": "0", "EventData.bandwidthLimit": "18446744073709551615", "EventData.ignoreBandwidthLimitsOnLan": "False"}
{"EventID": "61", "Channel": "Microsoft-Windows-Bits-Client/Operational", "Provider_Name": "Microsoft-Windows-Bits-Client", "Computer": "DESKTOP-OFJ6N53", "TimeCreated": "2025-08-23 18:32:05.271189+00:00", "RecordID": "85384", "Level": "3", "UserID": "S-1-5-18", "EventData.transferId": "{47ca35f3-9cbd-4a3f-ae30-583434acf8be}", "EventData.name": "Chrome Component Updater", "EventData.Id": "{1b6c7fb0-0192-4c19-bbe3-6bf325dfcc45}", "EventData.url": "http://edgedl.me.gvt1.com/edgedl/diffgen-puffin/ggkkehgbnfjpeggfpleeakpidbkibbmn/cf1ba16f8b36b3ecf7ca1e8d13bf044b6fe28b3f91821c5cd236a729b9fe6eaf", "EventData.peer": null, "EventData.hr": "2147954402", "EventData.fileTime": "0001-01-01 00:00:00", "EventData.fileLength": "18446744073709551615", "EventData.bytesTotal": "18446744073709551615", "EventData.bytesTransferred": "0", "EventData.proxy": null, "EventData.peerProtocolFlags": "0", "EventData.bytesTransferredFromPeer": "0", "EventData.AdditionalInfoHr": "0", "EventData.PeerContextInfo": "0", "EventData.bandwidthLimit": "18446744073709551615", "EventData.ignoreBandwidthLimitsOnLan": "False"}
{"EventID": "61", "Channel": "Microsoft-Windows-Bits-Client/Operational", "Provider_Name": "Microsoft-Windows-Bits-Client", "Computer": "DESKTOP-OFJ6N53", "TimeCreated": "2025-08-23 18:33:26.937244+00:00", "RecordID": "85385", "Level": "3", "UserID": "S-1-5-18", "EventData.transferId": "{f53d2881-0710-45c9-9a2b-cf897c091e66}", "EventData.name": "Chrome Component Updater", "EventData.Id": "{1b6c7fb0-0192-4c19-bbe3-6bf325dfcc45}", "EventData.url": "http://edgedl.me.gvt1.com/edgedl/diffgen-puffin/ggkkehgbnfjpeggfpleeakpidbkibbmn/cf1ba16f8b36b3ecf7ca1e8d13bf044b6fe28b3f91821c5cd236a729b9fe6eaf", "EventData.peer": null, "EventData.hr": "2147954402", "EventData.fileTime": "0001-01-01 00:00:00", "EventData.fileLength": "18446744073709551615", "EventData.bytesTotal": "18446744073709551615", "EventData.bytesTransferred": "0", "EventData.proxy": null, "EventData.peerProtocolFlags": "0", "EventData.bytesTransferredFromPeer": "0", "EventData.AdditionalInfoHr": "0", "EventData.PeerContextInfo": "0", "EventData.bandwidthLimit": "18446744073709551615", "EventData.ignoreBandwidthLimitsOnLan": "False"}
{"EventID": "61", "Channel": "Microsoft-Windows-Bits-Client/Operational", "Provider_Name": "Microsoft-Windows-Bits-Client", "Computer": "DESKTOP-OFJ6N53", "TimeCreated": "2025-08-23 18:34:48.068726+00:00", "RecordID": "85386", "Level": "3", "UserID": "S-1-5-18", "EventData.transferId": "{ad033a57-6740-4739-8877-cfba0b2416cb}", "EventData.name": "Chrome Component Updater", "EventData.Id": "{1b6c7fb0-0192-4c19-bbe3-6bf325dfcc45}", "EventData.url": "http://edgedl.me.gvt1.com/edgedl/diffgen-puffin/ggkkehgbnfjpeggfpleeakpidbkibbmn/cf1ba16f8b36b3ecf7ca1e8d13bf044b6fe28b3f91821c5cd236a729b9fe6eaf", "EventData.peer": null, "EventData.hr": "2147954402", "EventData.fileTime": "0001-01-01 00:00:00", "EventData.fileLength": "18446744073709551615", "EventData.bytesTotal": "18446744073709551615", "EventData.bytesTransferred": "0", "EventData.proxy": null, "EventData.peerProtocolFlags": "0", "EventData.bytesTransferredFromPeer": "0", "EventData.AdditionalInfoHr": "0", "EventData.PeerContextInfo": "0", "EventData.bandwidthLimit": "18446744073709551615", "EventData.ignoreBandwidthLimitsOnLan": "False"}
{"EventID": "61", "Channel": "Microsoft-Windows-Bits-Client/Operational", "Provider_Name": "Microsoft-Windows-Bits-Client", "Computer": "DESKTOP-OFJ6N53", "TimeCreated": "2025-08-23 18:36:09.330782+00:00", "RecordID": "85387", "Level": "3", "UserID": "S-1-5-18", "EventData.transferId": "{488eb54e-b585-431c-91fe-a0affa74bd71}", "EventData.name": "Chrome Component Updater", "EventData.Id": "{1b6c7fb0-0192-4c19-bbe3-6bf325dfcc45}", "EventData.url": "http://edgedl.me.gvt1.com/edgedl/diffgen-puffin/ggkkehgbnfjpeggfpleeakpidbkibbmn/cf1ba16f8b36b3ecf7ca1e8d13bf044b6fe28b3f91821c5cd236a729b9fe6eaf", "EventData.peer": null, "EventData.hr": "2147954402", "EventData.fileTime": "0001-01-01 00:00:00", "EventData.fileLength": "18446744073709551615", "EventData.bytesTotal": "18446744073709551615", "EventData.bytesTransferred": "0", "EventData.proxy": null, "EventData.peerProtocolFlags": "0", "EventData.bytesTransferredFromPeer": "0", "EventData.AdditionalInfoHr": "0", "EventData.PeerContextInfo": "0", "EventData.bandwidthLimit": "18446744073709551615", "EventData.ignoreBandwidthLimitsOnLan": "False"}
{"EventID": "61", "Channel": "Microsoft-Windows-Bits-Client/Operational", "Provider_Name": "Microsoft-Windows-Bits-Client", "Computer": "DESKTOP-OFJ6N53", "TimeCreated": "2025-08-23 18:37:30.482153+00:00", "RecordID": "85388", "Level": "3", "UserID": "S-1-5-18", "EventData.transferId": "{86a36942-9185-4731-a697-8d05face235f}", "EventData.name": "Chrome Component Updater", "EventData.Id": "{1b6c7fb0-0192-4c19-bbe3-6bf325dfcc45}", "EventData.url": "http://edgedl.me.gvt1.com/edgedl/diffgen-puffin/ggkkehgbnfjpeggfpleeakpidbkibbmn/cf1ba16f8b36b3ecf7ca1e8d13bf044b6fe28b3f91821c5cd236a729b9fe6eaf", "EventData.peer": null, "EventData.hr": "2147954402", "EventData.fileTime": "0001-01-01 00:00:00", "EventData.fileLength": "18446744073709551615", "EventData.bytesTotal": "18446744073709551615", "EventData.bytesTransferred": "0", "EventData.proxy": null, "EventData.peerProtocolFlags": "0", "EventData.bytesTransferredFromPeer": "0", "EventData.AdditionalInfoHr": "0", "EventData.PeerContextInfo": "0", "EventData.bandwidthLimit": "18446744073709551615", "EventData.ignoreBandwidthLimitsOnLan": "False"}
{"EventID": "61", "Channel": "Microsoft-Windows-Bits-Client/Operational", "Provider_Name": "Microsoft-Windows-Bits-Client", "Computer": "DESKTOP-OFJ6N53", "TimeCreated": "2025-08-23 18:38:52.018272+00:00", "RecordID": "85389", "Level": "3", "UserID": "S-1-5-18", "EventData.transferId": "{3cab1071-64ed-49a7-8d33-fac66ed5258d}", "EventData.name": "Chrome Component Updater", "EventData.Id": "{1b6c7fb0-0192-4c19-bbe3-6bf325dfcc45}", "EventData.url": "http://edgedl.me.gvt1.com/edgedl/diffgen-puffin/ggkkehgbnfjpeggfpleeakpidbkibbmn/cf1ba16f8b36b3ecf7ca1e8d13bf044b6fe28b3f91821c5cd236a729b9fe6eaf", "EventData.peer": null, "EventData.hr": "2147954402", "EventData.fileTime": "0001-01-01 00:00:00", "EventData.fileLength": "18446744073709551615", "EventData.bytesTotal": "18446744073709551615", "EventData.bytesTransferred": "0", "EventData.proxy": null, "EventData.peerProtocolFlags": "0", "EventData.bytesTransferredFromPeer": "0", "EventData.AdditionalInfoHr": "0", "EventData.PeerContextInfo": "0", "EventData.bandwidthLimit": "18446744073709551615", "EventData.ignoreBandwidthLimitsOnLan": "False"}
{"EventID": "61", "Channel": "Microsoft-Windows-Bits-Client/Operational", "Provider_Name": "Microsoft-Windows-Bits-Client", "Computer": "DESKTOP-OFJ6N53", "TimeCreated": "2025-08-23 18:40:13.049528+00:00", "RecordID": "85390", "Level": "3", "UserID": "S-1-5-18", "EventData.transferId": "{60aa1c6f-adff-4cad-ad24-942aa26bbff0}", "EventData.name": "Chrome Component Updater", "EventData.Id": "{1b6c7fb0-0192-4c19-bbe3-6bf325dfcc45}", "EventData.url": "http://edgedl.me.gvt1.com/edgedl/diffgen-puffin/ggkkehgbnfjpeggfpleeakpidbkibbmn/cf1ba16f8b36b3ecf7ca1e8d13bf044b6fe28b3f91821c5cd236a729b9fe6eaf", "EventData.peer": null, "EventData.hr": "2147954402", "EventData.fileTime": "0001-01-01 00:00:00", "EventData.fileLength": "18446744073709551615", "EventData.bytesTotal": "18446744073709551615", "EventData.bytesTransferred": "0", "EventData.proxy": null, "EventData.peerProtocolFlags": "0", "EventData.bytesTransferredFromPeer": "0", "EventData.AdditionalInfoHr": "0", "EventData.PeerContextInfo": "0", "EventData.bandwidthLimit": "18446744073709551615", "EventData.ignoreBandwidthLimitsOnLan": "False"}
{"EventID": "5", "Channel": "Microsoft-Windows-Bits-Client/Operational", "Provider_Name": "Microsoft-Windows-Bits-Client", "Computer": "DESKTOP-OFJ6N53", "TimeCreated": "2025-08-23 18:41:15.246038+00:00", "RecordID": "85391", "Level": "4", "UserID": "S-1-5-21-963789628-1060504924-4285088085-1001", "EventData.User": "DESKTOP-OFJ6N53\\sk.batsiev", "EventData.jobTitle": "Chrome Component Updater", "EventData.jobId": "{1b6c7fb0-0192-4c19-bbe3-6bf325dfcc45}", "EventData.jobOwner": "DESKTOP-OFJ6N53\\sk.batsiev", "EventData.fileCount": "1"}
{"EventID": "3", "Channel": "Microsoft-Windows-Bits-Client/Operational", "Provider_Name": "Microsoft-Windows-Bits-Client", "Computer": "DESKTOP-OFJ6N53", "TimeCreated": "2025-08-23 18:41:15.253347+00:00", "RecordID": "85392", "Level": "4", "UserID": "S-1-5-18", "EventData.jobTitle": "Chrome Component Updater", "EventData.jobId": "{d4a9fb9e-11cb-499e-b162-99b3e6860cf9}", "EventData.jobOwner": "DESKTOP-OFJ6N53\\sk.batsiev", "EventData.processPath": "C:\\Program Files\\Google\\Chrome\\Application\\chrome.exe", "EventData.processId": "8232", "EventData.ClientProcessStartKey": "50102545854498854"}
{"EventID": "16403", "Channel": "Microsoft-Windows-Bits-Client/Operational", "Provider_Name": "Microsoft-Windows-Bits-Client", "Computer": "DESKTOP-OFJ6N53", "TimeCreated": "2025-08-23 18:41:15.260939+00:00", "RecordID": "85393", "Level": "4", "UserID": "S-1-5-21-963789628-1060504924-4285088085-1001", "EventData.User": "DESKTOP-OFJ6N53\\sk.batsiev", "EventData.jobTitle": "Chrome Component Updater", "EventData.jobId": "{d4a9fb9e-11cb-499e-b162-99b3e6860cf9}", "EventData.jobOwner": "DESKTOP-OFJ6N53\\sk.batsiev", "EventData.fileCount": "1", "EventData.RemoteName": "https://edgedl.me.gvt1.com/edgedl/diffgen-puffin/ggkkehgbnfjpeggfpleeakpidbkibbmn/cf1ba16f8b36b3ecf7ca1e8d13bf044b6fe28b3f91821c5cd236a729b9fe6eaf", "EventData.LocalName": "C:\\Users\\SKA580~1.BAT\\AppData\\Local\\Temp\\chrome_BITS_8232_1832578622\\cf1ba16f8b36b3ecf7ca1e8d13bf044b6fe28b3f91821c5cd236a729b9fe6eaf", "EventData.processId": "8232", "EventData.ClientProcessStartKey": "50102545854498854"}
{"EventID": "61", "Channel": "Microsoft-Windows-Bits-Client/Operational", "Provider_Name": "Microsoft-Windows-Bits-Client", "Computer": "DESKTOP-OFJ6N53", "TimeCreated": "2025-08-23 18:41:57.799593+00:00", "RecordID": "85394", "Level": "3", "UserID": "S-1-5-18", "EventData.transferId": "{37c47e34-902c-4d1e-8d30-51abd24cd6f1}", "EventData.name": "Chrome Component Updater", "EventData.Id": "{d4a9fb9e-11cb-499e-b162-99b3e6860cf9}", "EventData.url": "https://edgedl.me.gvt1.com/edgedl/diffgen-puffin/ggkkehgbnfjpeggfpleeakpidbkibbmn/cf1ba16f8b36b3ecf7ca1e8d13bf044b6fe28b3f91821c5cd236a729b9fe6eaf", "EventData.peer": null, "EventData.hr": "2147954402", "EventData.fileTime": "0001-01-01 00:00:00", "EventData.fileLength": "18446744073709551615", "EventData.bytesTotal": "18446744073709551615", "EventData.bytesTransferred": "0", "EventData.proxy": null, "EventData.peerProtocolFlags": "0", "EventData.bytesTransferredFromPeer": "0", "EventData.AdditionalInfoHr": "0", "EventData.PeerContextInfo": "0", "EventData.bandwidthLimit": "18446744073709551615", "EventData.ignoreBandwidthLimitsOnLan": "False"}
{"EventID": "61", "Channel": "Microsoft-Windows-Bits-Client/Operational", "Provider_Name": "Microsoft-Windows-Bits-Client", "Computer": "DESKTOP-OFJ6N53", "TimeCreated": "2025-08-23 18:43:18.973274+00:00", "RecordID": "85395", "Level": "3", "UserID": "S-1-5-18", "EventData.transferId": "{ef0558f9-8fcb-4816-a6cf-5362ef181f2c}", "EventData.name": "Chrome Component Updater", "EventData.Id": "{d4a9fb9e-11cb-499e-b162-99b3e6860cf9}", "EventData.url": "https://edgedl.me.gvt1.com/edgedl/diffgen-puffin/ggkkehgbnfjpeggfpleeakpidbkibbmn/cf1ba16f8b36b3ecf7ca1e8d13bf044b6fe28b3f91821c5cd236a729b9fe6eaf", "EventData.peer": null, "EventData.hr": "2147954402", "EventData.fileTime": "0001-01-01 00:00:00", "EventData.fileLength": "18446744073709551615", "EventData.bytesTotal": "18446744073709551615", "EventData.bytesTransferred": "0", "EventData.proxy": null, "EventData.peerProtocolFlags": "0", "EventData.bytesTransferredFromPeer": "0", "EventData.AdditionalInfoHr": "0", "EventData.PeerContextInfo": "0", "EventData.bandwidthLimit": "18446744073709551615", "EventData.ignoreBandwidthLimitsOnLan": "False"}
{"EventID": "61", "Channel": "Microsoft-Windows-Bits-Client/Operational", "Provider_Name": "Microsoft-Windows-Bits-Client", "Computer": "DESKTOP-OFJ6N53", "TimeCreated": "2025-08-23 18:44:40.049870+00:00", "RecordID": "85396", "Level": "3", "UserID": "S-1-5-18", "EventData.transferId": "{4dc92f5b-dda9-4903-b007-1b84434c8d6e}", "EventData.name": "Chrome Component Updater", "EventData.Id": "{d4a9fb9e-11cb-499e-b162-99b3e6860cf9}", "EventData.url": "https://edgedl.me.gvt1.com/edgedl/diffgen-puffin/ggkkehgbnfjpeggfpleeakpidbkibbmn/cf1ba16f8b36b3ecf7ca1e8d13bf044b6fe28b3f91821c5cd236a729b9fe6eaf", "EventData.peer": null, "EventData.hr": "2147954402", "EventData.fileTime": "0001-01-01 00:00:00", "EventData.fileLength": "18446744073709551615", "EventData.bytesTotal": "18446744073709551615", "EventData.bytesTransferred": "0", "EventData.proxy": null, "EventData.peerProtocolFlags": "0", "EventData.bytesTransferredFromPeer": "0", "EventData.AdditionalInfoHr": "0", "EventData.PeerContextInfo": "0", "EventData.bandwidthLimit": "18446744073709551615", "EventData.ignoreBandwidthLimitsOnLan": "False"}
{"EventID": "61", "Channel": "Microsoft-Windows-Bits-Client/Operational", "Provider_Name": "Microsoft-Windows-Bits-Client", "Computer": "DESKTOP-OFJ6N53", "TimeCreated": "2025-08-23 18:46:01.149080+00:00", "RecordID": "85397", "Level": "3", "UserID": "S-1-5-18", "EventData.transferId": "{70616511-10ca-4c17-9128-73d3627574e9}", "EventData.name": "Chrome Component Updater", "EventData.Id": "{d4a9fb9e-11cb-499e-b162-99b3e6860cf9}", "EventData.url": "https://edgedl.me.gvt1.com/edgedl/diffgen-puffin/ggkkehgbnfjpeggfpleeakpidbkibbmn/cf1ba16f8b36b3ecf7ca1e8d13bf044b6fe28b3f91821c5cd236a729b9fe6eaf", "EventData.peer": null, "EventData.hr": "2147954402", "EventData.fileTime": "0001-01-01 00:00:00", "EventData.fileLength": "18446744073709551615", "EventData.bytesTotal": "18446744073709551615", "EventData.bytesTransferred": "0", "EventData.proxy": null, "EventData.peerProtocolFlags": "0", "EventData.bytesTransferredFromPeer": "0", "EventData.AdditionalInfoHr": "0", "EventData.PeerContextInfo": "0", "EventData.bandwidthLimit": "18446744073709551615", "EventData.ignoreBandwidthLimitsOnLan": "False"}
{"EventID": "61", "Channel": "Microsoft-Windows-Bits-Client/Operational", "Provider_Name": "Microsoft-Windows-Bits-Client", "Computer": "DESKTOP-OFJ6N53", "TimeCreated": "2025-08-23 18:47:22.221376+00:00", "RecordID": "85398", "Level": "3", "UserID": "S-1-5-18", "EventData.transferId": "{d96c32ab-ede7-4b1f-b20f-a8c0bef486da}", "EventData.name": "Chrome Component Updater", "EventData.Id": "{d4a9fb9e-11cb-499e-b162-99b3e6860cf9}", "EventData.url": "https://edgedl.me.gvt1.com/edgedl/diffgen-puffin/ggkkehgbnfjpeggfpleeakpidbkibbmn/cf1ba16f8b36b3ecf7ca1e8d13bf044b6fe28b3f91821c5cd236a729b9fe6eaf", "EventData.peer": null, "EventData.hr": "2147954402", "EventData.fileTime": "0001-01-01 00:00:00", "EventData.fileLength": "18446744073709551615", "EventData.bytesTotal": "18446744073709551615", "EventData.bytesTransferred": "0", "EventData.proxy": null, "EventData.peerProtocolFlags": "0", "EventData.bytesTransferredFromPeer": "0", "EventData.AdditionalInfoHr": "0", "EventData.PeerContextInfo": "0", "EventData.bandwidthLimit": "18446744073709551615", "EventData.ignoreBandwidthLimitsOnLan": "False"}
{"EventID": "61", "Channel": "Microsoft-Windows-Bits-Client/Operational", "Provider_Name": "Microsoft-Windows-Bits-Client", "Computer": "DESKTOP-OFJ6N53", "TimeCreated": "2025-08-23 18:48:43.330677+00:00", "RecordID": "85399", "Level": "3", "UserID": "S-1-5-18", "EventData.transferId": "{18b3fa41-d911-4ff4-a431-56e8c876914d}", "EventData.name": "Chrome Component Updater", "EventData.Id": "{d4a9fb9e-11cb-499e-b162-99b3e6860cf9}", "EventData.url": "https://edgedl.me.gvt1.com/edgedl/diffgen-puffin/ggkkehgbnfjpeggfpleeakpidbkibbmn/cf1ba16f8b36b3ecf7ca1e8d13bf044b6fe28b3f91821c5cd236a729b9fe6eaf", "EventData.peer": null, "EventData.hr": "2147954402", "EventData.fileTime": "0001-01-01 00:00:00", "EventData.fileLength": "18446744073709551615", "EventData.bytesTotal": "18446744073709551615", "EventData.bytesTransferred": "0", "EventData.proxy": null, "EventData.peerProtocolFlags": "0", "EventData.bytesTransferredFromPeer": "0", "EventData.AdditionalInfoHr": "0", "EventData.PeerContextInfo": "0", "EventData.bandwidthLimit": "18446744073709551615", "EventData.ignoreBandwidthLimitsOnLan": "False"}
{"EventID": "61", "Channel": "Microsoft-Windows-Bits-Client/Operational", "Provider_Name": "Microsoft-Windows-Bits-Client", "Computer": "DESKTOP-OFJ6N53", "TimeCreated": "2025-08-23 18:50:04.409130+00:00", "RecordID": "85400", "Level": "3", "UserID": "S-1-5-18", "EventData.transferId": "{22baad10-a7d4-44f2-91d6-17badeb1e0e5}", "EventData.name": "Chrome Component Updater", "EventData.Id": "{d4a9fb9e-11cb-499e-b162-99b3e6860cf9}", "EventData.url": "https://edgedl.me.gvt1.com/edgedl/diffgen-puffin/ggkkehgbnfjpeggfpleeakpidbkibbmn/cf1ba16f8b36b3ecf7ca1e8d13bf044b6fe28b3f91821c5cd236a729b9fe6eaf", "EventData.peer": null, "EventData.hr": "2147954402", "EventData.fileTime": "0001-01-01 00:00:00", "EventData.fileLength": "18446744073709551615", "EventData.bytesTotal": "18446744073709551615", "EventData.bytesTransferred": "0", "EventData.proxy": null, "EventData.peerProtocolFlags": "0", "EventData.bytesTransferredFromPeer": "0", "EventData.AdditionalInfoHr": "0", "EventData.PeerContextInfo": "0", "EventData.bandwidthLimit": "18446744073709551615", "EventData.ignoreBandwidthLimitsOnLan": "False"}
{"EventID": "61", "Channel": "Microsoft-Windows-Bits-Client/Operational", "Provider_Name": "Microsoft-Windows-Bits-Client", "Computer": "DESKTOP-OFJ6N53", "TimeCreated": "2025-08-23 18:51:25.549688+00:00", "RecordID": "85401", "Level": "3", "UserID": "S-1-5-18", "EventData.transferId": "{687aa77a-550f-4583-b561-511d2dc6ece4}", "EventData.name": "Chrome Component Updater", "EventData.Id": "{d4a9fb9e-11cb-499e-b162-99b3e6860cf9}", "EventData.url": "https://edgedl.me.gvt1.com/edgedl/diffgen-puffin/ggkkehgbnfjpeggfpleeakpidbkibbmn/cf1ba16f8b36b3ecf7ca1e8d13bf044b6fe28b3f91821c5cd236a729b9fe6eaf", "EventData.peer": null, "EventData.hr": "2147954402", "EventData.fileTime": "0001-01-01 00:00:00", "EventData.fileLength": "18446744073709551615", "EventData.bytesTotal": "18446744073709551615", "EventData.bytesTransferred": "0", "EventData.proxy": null, "EventData.peerProtocolFlags": "0", "EventData.bytesTransferredFromPeer": "0", "EventData.AdditionalInfoHr": "0", "EventData.PeerContextInfo": "0", "EventData.bandwidthLimit": "18446744073709551615", "EventData.ignoreBandwidthLimitsOnLan": "False"}
{"EventID": "61", "Channel": "Microsoft-Windows-Bits-Client/Operational", "Provider_Name": "Microsoft-Windows-Bits-Client", "Computer": "DESKTOP-OFJ6N53", "TimeCreated": "2025-08-23 18:52:46.721617+00:00", "RecordID": "85402", "Level": "3", "UserID": "S-1-5-18", "EventData.transferId": "{28525bda-a866-4c80-9c87-762b70b5acbd}", "EventData.name": "Chrome Component Updater", "EventData.Id": "{d4a9fb9e-11cb-499e-b162-99b3e6860cf9}", "EventData.url": "https://edgedl.me.gvt1.com/edgedl/diffgen-puffin/ggkkehgbnfjpeggfpleeakpidbkibbmn/cf1ba16f8b36b3ecf7ca1e8d13bf044b6fe28b3f91821c5cd236a729b9fe6eaf", "EventData.peer": null, "EventData.hr": "2147954402", "EventData.fileTime": "0001-01-01 00:00:00", "EventData.fileLength": "18446744073709551615", "EventData.bytesTotal": "18446744073709551615", "EventData.bytesTransferred": "0", "EventData.proxy": null, "EventData.peerProtocolFlags": "0", "EventData.bytesTransferredFromPeer": "0", "EventData.AdditionalInfoHr": "0", "EventData.PeerContextInfo": "0", "EventData.bandwidthLimit": "18446744073709551615", "EventData.ignoreBandwidthLimitsOnLan": "False"}
{"EventID": "61", "Channel": "Microsoft-Windows-Bits-Client/Operational", "Provider_Name": "Microsoft-Windows-Bits-Client", "Computer": "DESKTOP-OFJ6N53", "TimeCreated": "2025-08-23 18:54:07.863379+00:00", "RecordID": "85403", "Level": "3", "UserID": "S-1-5-18", "EventData.transferId": "{481d9822-5514-4f37-8038-7cc9809c1a74}", "EventData.name": "Chrome Component Updater", "EventData.Id": "{d4a9fb9e-11cb-499e-b162-99b3e6860cf9}", "EventData.url": "https://edgedl.me.gvt1.com/edgedl/diffgen-puffin/ggkkehgbnfjpeggfpleeakpidbkibbmn/cf1ba16f8b36b3ecf7ca1e8d13bf044b6fe28b3f91821c5cd236a729b9fe6eaf", "EventData.peer": null, "EventData.hr": "2147954402", "EventData.fileTime": "0001-01-01 00:00:00", "EventData.fileLength": "18446744073709551615", "EventData.bytesTotal": "18446744073709551615", "EventData.bytesTransferred": "0", "EventData.proxy": null, "EventData.peerProtocolFlags": "0", "EventData.bytesTransferredFromPeer": "0", "EventData.AdditionalInfoHr": "0", "EventData.PeerContextInfo": "0", "EventData.bandwidthLimit": "18446744073709551615", "EventData.ignoreBandwidthLimitsOnLan": "False"}
{"EventID": "61", "Channel": "Microsoft-Windows-Bits-Client/Operational", "Provider_Name": "Microsoft-Windows-Bits-Client", "Computer": "DESKTOP-OFJ6N53", "TimeCreated": "2025-08-23 18:55:28.924515+00:00", "RecordID": "85404", "Level": "3", "UserID": "S-1-5-18", "EventData.transferId": "{55245cbb-4d60-4596-85c9-3644f952bdc5}", "EventData.name": "Chrome Component Updater", "EventData.Id": "{d4a9fb9e-11cb-499e-b162-99b3e6860cf9}", "EventData.url": "https://edgedl.me.gvt1.com/edgedl/diffgen-puffin/ggkkehgbnfjpeggfpleeakpidbkibbmn/cf1ba16f8b36b3ecf7ca1e8d13bf044b6fe28b3f91821c5cd236a729b9fe6eaf", "EventData.peer": null, "EventData.hr": "2147954402", "EventData.fileTime": "0001-01-01 00:00:00", "EventData.fileLength": "18446744073709551615", "EventData.bytesTotal": "18446744073709551615", "EventData.bytesTransferred": "0", "EventData.proxy": null, "EventData.peerProtocolFlags": "0", "EventData.bytesTransferredFromPeer": "0", "EventData.AdditionalInfoHr": "0", "EventData.PeerContextInfo": "0", "EventData.bandwidthLimit": "18446744073709551615", "EventData.ignoreBandwidthLimitsOnLan": "False"}
{"EventID": "5", "Channel": "Microsoft-Windows-Bits-Client/Operational", "Provider_Name": "Microsoft-Windows-Bits-Client", "Computer": "DESKTOP-OFJ6N53", "TimeCreated": "2025-08-23 18:56:31.009718+00:00", "RecordID": "85405", "Level": "4", "UserID": "S-1-5-21-963789628-1060504924-4285088085-1001", "EventData.User": "DESKTOP-OFJ6N53\\sk.batsiev", "EventData.jobTitle": "Chrome Component Updater", "EventData.jobId": "{d4a9fb9e-11cb-499e-b162-99b3e6860cf9}", "EventData.jobOwner": "DESKTOP-OFJ6N53\\sk.batsiev", "EventData.fileCount": "1"}
{"EventID": "3", "Channel": "Microsoft-Windows-Bits-Client/Operational", "Provider_Name": "Microsoft-Windows-Bits-Client", "Computer": "DESKTOP-OFJ6N53", "TimeCreated": "2025-08-23 18:56:31.015055+00:00", "RecordID": "85406", "Level": "4", "UserID": "S-1-5-18", "EventData.jobTitle": "Chrome Component Updater", "EventData.jobId": "{edce0988-38a7-475b-90d1-c28f0933184e}", "EventData.jobOwner": "DESKTOP-OFJ6N53\\sk.batsiev", "EventData.processPath": "C:\\Program Files\\Google\\Chrome\\Application\\chrome.exe", "EventData.processId": "8232", "EventData.ClientProcessStartKey": "50102545854498854"}
{"EventID": "16403", "Channel": "Microsoft-Windows-Bits-Client/Operational", "Provider_Name": "Microsoft-Windows-Bits-Client", "Computer": "DESKTOP-OFJ6N53", "TimeCreated": "2025-08-23 18:56:31.021227+00:00", "RecordID": "85407", "Level": "4", "UserID": "S-1-5-21-963789628-1060504924-4285088085-1001", "EventData.User": "DESKTOP-OFJ6N53\\sk.batsiev", "EventData.jobTitle": "Chrome Component Updater", "EventData.jobId": "{edce0988-38a7-475b-90d1-c28f0933184e}", "EventData.jobOwner": "DESKTOP-OFJ6N53\\sk.batsiev", "EventData.fileCount": "1", "EventData.RemoteName": "http://dl.google.com/diffgen-puffin/ggkkehgbnfjpeggfpleeakpidbkibbmn/cf1ba16f8b36b3ecf7ca1e8d13bf044b6fe28b3f91821c5cd236a729b9fe6eaf", "EventData.LocalName": "C:\\Users\\SKA580~1.BAT\\AppData\\Local\\Temp\\chrome_BITS_8232_291388362\\cf1ba16f8b36b3ecf7ca1e8d13bf044b6fe28b3f91821c5cd236a729b9fe6eaf", "EventData.processId": "8232", "EventData.ClientProcessStartKey": "50102545854498854"}
{"EventID": "310", "Channel": "Microsoft-Windows-Bits-Client/Operational", "Provider_Name": "Microsoft-Windows-Bits-Client", "Computer": "DESKTOP-OFJ6N53", "TimeCreated": "2025-08-23 18:56:31.074759+00:00", "RecordID": "85408", "Level": "3", "UserID": "S-1-5-18", "EventData.ErrorCode": "2147942450"}
{"EventID": "59", "Channel": "Microsoft-Windows-Bits-Client/Operational", "Provider_Name": "Microsoft-Windows-Bits-Client", "Computer": "DESKTOP-OFJ6N53", "TimeCreated": "2025-08-23 18:56:31.079601+00:00", "RecordID": "85409", "Level": "4", "UserID": "S-1-5-18", "EventData.transferId": "{091a8582-1563-45b5-bf42-31e82b57a43f}", "EventData.name": "Chrome Component Updater", "EventData.Id": "{edce0988-38a7-475b-90d1-c28f0933184e}", "EventData.url": "http://dl.google.com/diffgen-puffin/ggkkehgbnfjpeggfpleeakpidbkibbmn/cf1ba16f8b36b3ecf7ca1e8d13bf044b6fe28b3f91821c5cd236a729b9fe6eaf", "EventData.peer": null, "EventData.fileTime": "2025-08-21 13:11:37+00:00", "EventData.fileLength": "5488", "EventData.bytesTotal": "5488", "EventData.bytesTransferred": "0", "EventData.bytesTransferredFromPeer": "0"}
{"EventID": "60", "Channel": "Microsoft-Windows-Bits-Client/Operational", "Provider_Name": "Microsoft-Windows-Bits-Client", "Computer": "DESKTOP-OFJ6N53", "TimeCreated": "2025-08-23 18:56:47.331442+00:00", "RecordID": "85410", "Level": "4", "UserID": "S-1-5-18", "EventData.transferId": "{091a8582-1563-45b5-bf42-31e82b57a43f}", "EventData.name": "Chrome Component Updater", "EventData.Id": "{edce0988-38a7-475b-90d1-c28f0933184e}", "EventData.url": "http://dl.google.com/diffgen-puffin/ggkkehgbnfjpeggfpleeakpidbkibbmn/cf1ba16f8b36b3ecf7ca1e8d13bf044b6fe28b3f91821c5cd236a729b9fe6eaf", "EventData.peer": null, "EventData.hr": "0", "EventData.fileTime": "2025-08-21 13:11:37+00:00", "EventData.fileLength": "5488", "EventData.bytesTotal": "5488", "EventData.bytesTransferred": "5488", "EventData.proxy": null, "EventData.peerProtocolFlags": "0", "EventData.bytesTransferredFromPeer": "0", "EventData.AdditionalInfoHr": "0", "EventData.PeerContextInfo": "0", "EventData.bandwidthLimit": "18446744073709551615", "EventData.ignoreBandwidthLimitsOnLan": "False"}
{"EventID": "4", "Channel": "Microsoft-Windows-Bits-Client/Operational", "Provider_Name": "Microsoft-Windows-Bits-Client", "Computer": "DESKTOP-OFJ6N53", "TimeCreated": "2025-08-23 18:56:51.113855+00:00", "RecordID": "85411", "Level": "4", "UserID": "S-1-5-18", "EventData.User": "DESKTOP-OFJ6N53\\sk.batsiev", "EventData.jobTitle": "Chrome Component Updater", "EventData.jobId": "{edce0988-38a7-475b-90d1-c28f0933184e}", "EventData.jobOwner": "DESKTOP-OFJ6N53\\sk.batsiev", "EventData.fileCount": "1", "EventData.bytesTransferred": "5488", "EventData.bytesTransferredFromPeer": "0"}
{"EventID": "306", "Channel": "Microsoft-Windows-Bits-Client/Operational", "Provider_Name": "Microsoft-Windows-Bits-Client", "Computer": "DESKTOP-OFJ6N53", "TimeCreated": "2025-08-23 20:41:41.699335+00:00", "RecordID": "85412", "Level": "5", "UserID": "S-1-5-18"}
{"EventID": "3", "Channel": "Microsoft-Windows-Bits-Client/Operational", "Provider_Name": "Microsoft-Windows-Bits-Client", "Computer": "DESKTOP-OFJ6N53", "TimeCreated": "2025-08-23 20:41:46.057997+00:00", "RecordID": "85413", "Level": "4", "UserID": "S-1-5-18", "EventData.jobTitle": "PreSignInSettingsConfigJSON", "EventData.jobId": "{e4f44c3f-8c2e-46b8-82c0-2560cb625151}", "EventData.jobOwner": "DESKTOP-OFJ6N53\\sk.batsiev", "EventData.processPath": "C:\\Users\\sk.batsiev\\AppData\\Local\\Microsoft\\OneDrive\\OneDriveStandaloneUpdater.exe", "EventData.processId": "7936", "EventData.ClientProcessStartKey": "50384020831208053"}
{"EventID": "16403", "Channel": "Microsoft-Windows-Bits-Client/Operational", "Provider_Name": "Microsoft-Windows-Bits-Client", "Computer": "DESKTOP-OFJ6N53", "TimeCreated": "2025-08-23 20:41:46.309465+00:00", "RecordID": "85414", "Level": "4", "UserID": "S-1-5-21-963789628-1060504924-4285088085-1001", "EventData.User": "DESKTOP-OFJ6N53\\sk.batsiev", "EventData.jobTitle": "PreSignInSettingsConfigJSON", "EventData.jobId": "{e4f44c3f-8c2e-46b8-82c0-2560cb625151}", "EventData.jobOwner": "DESKTOP-OFJ6N53\\sk.batsiev", "EventData.fileCount": "1", "EventData.RemoteName": "https://g.live.com/odclientsettings/ProdV2", "EventData.LocalName": "C:\\Users\\SKA580~1.BAT\\AppData\\Local\\Temp\\wctE03.tmp", "EventData.processId": "7936", "EventData.ClientProcessStartKey": "50384020831208053"}
{"EventID": "310", "Channel": "Microsoft-Windows-Bits-Client/Operational", "Provider_Name": "Microsoft-Windows-Bits-Client", "Computer": "DESKTOP-OFJ6N53", "TimeCreated": "2025-08-23 20:41:47.377037+00:00", "RecordID": "85415", "Level": "3", "UserID": "S-1-5-18", "EventData.ErrorCode": "2147942450"}
{"EventID": "59", "Channel": "Microsoft-Windows-Bits-Client/Operational", "Provider_Name": "Microsoft-Windows-Bits-Client", "Computer": "DESKTOP-OFJ6N53", "TimeCreated": "2025-08-23 20:41:47.385616+00:00", "RecordID": "85416", "Level": "4", "UserID": "S-1-5-18", "EventData.transferId": "{96a6cee3-ff0c-44fa-a9aa-647db1b36694}", "EventData.name": "PreSignInSettingsConfigJSON", "EventData.Id": "{e4f44c3f-8c2e-46b8-82c0-2560cb625151}", "EventData.url": "https://g.live.com/odclientsettings/ProdV2", "EventData.peer": null, "EventData.fileTime": "2025-08-22 23:46:45+00:00", "EventData.fileLength": "97641", "EventData.bytesTotal": "97641", "EventData.bytesTransferred": "0", "EventData.bytesTransferredFromPeer": "0"}
{"EventID": "60", "Channel": "Microsoft-Windows-Bits-Client/Operational", "Provider_Name": "Microsoft-Windows-Bits-Client", "Computer": "DESKTOP-OFJ6N53", "TimeCreated": "2025-08-23 20:41:47.618610+00:00", "RecordID": "85417", "Level": "4", "UserID": "S-1-5-18", "EventData.transferId": "{96a6cee3-ff0c-44fa-a9aa-647db1b36694}", "EventData.name": "PreSignInSettingsConfigJSON", "EventData.Id": "{e4f44c3f-8c2e-46b8-82c0-2560cb625151}", "EventData.url": "https://g.live.com/odclientsettings/ProdV2", "EventData.peer": null, "EventData.hr": "0", "EventData.fileTime": "2025-08-22 23:46:45+00:00", "EventData.fileLength": "97641", "EventData.bytesTotal": "97641", "EventData.bytesTransferred": "97641", "EventData.proxy": null, "EventData.peerProtocolFlags": "0", "EventData.bytesTransferredFromPeer": "0", "EventData.AdditionalInfoHr": "0", "EventData.PeerContextInfo": "0", "EventData.bandwidthLimit": "18446744073709551615", "EventData.ignoreBandwidthLimitsOnLan": "False"}
{"EventID": "4", "Channel": "Microsoft-Windows-Bits-Client/Operational", "Provider_Name": "Microsoft-Windows-Bits-Client", "Computer": "DESKTOP-OFJ6N53", "TimeCreated": "2025-08-23 20:41:47.622601+00:00", "RecordID": "85418", "Level": "4", "UserID": "S-1-5-18", "EventData.User": "DESKTOP-OFJ6N53\\sk.batsiev", "EventData.jobTitle": "PreSignInSettingsConfigJSON", "EventData.jobId": "{e4f44c3f-8c2e-46b8-82c0-2560cb625151}", "EventData.jobOwner": "DESKTOP-OFJ6N53\\sk.batsiev", "EventData.fileCount": "1", "EventData.bytesTransferred": "97641", "EventData.bytesTransferredFromPeer": "0"}
{"EventID": "306", "Channel": "Microsoft-Windows-Bits-Client/Operational", "Provider_Name": "Microsoft-Windows-Bits-Client", "Computer": "DESKTOP-OFJ6N53", "TimeCreated": "2025-08-24 08:38:18.735092+00:00", "RecordID": "85419", "Level": "5", "UserID": "S-1-5-18"}
{"EventID": "306", "Channel": "Microsoft-Windows-Bits-Client/Operational", "Provider_Name": "Microsoft-Windows-Bits-Client", "Computer": "DESKTOP-OFJ6N53", "TimeCreated": "2025-08-24 10:11:24.460613+00:00", "RecordID": "85420", "Level": "5", "UserID": "S-1-5-18"}
{"EventID": "3", "Channel": "Microsoft-Windows-Bits-Client/Operational", "Provider_Name": "Microsoft-Windows-Bits-Client", "Computer": "DESKTOP-OFJ6N53", "TimeCreated": "2025-08-24 10:11:28.873228+00:00", "RecordID": "85421", "Level": "4", "UserID": "S-1-5-18", "EventData.jobTitle": "PreSignInSettingsConfigJSON", "EventData.jobId": "{4a5d496c-4b05-46f7-982d-a2d2e8ec92cd}", "EventData.jobOwner": "DESKTOP-OFJ6N53\\sk.batsiev", "EventData.processPath": "C:\\Users\\sk.batsiev\\AppData\\Local\\Microsoft\\OneDrive\\OneDrive.exe", "EventData.processId": "8600", "EventData.ClientProcessStartKey": "50384020831207807"}
{"EventID": "16403", "Channel": "Microsoft-Windows-Bits-Client/Operational", "Provider_Name": "Microsoft-Windows-Bits-Client", "Computer": "DESKTOP-OFJ6N53", "TimeCreated": "2025-08-24 10:11:28.942581+00:00", "RecordID": "85422", "Level": "4", "UserID": "S-1-5-21-963789628-1060504924-4285088085-1001", "EventData.User": "DESKTOP-OFJ6N53\\sk.batsiev", "EventData.jobTitle": "PreSignInSettingsConfigJSON", "EventData.jobId": "{4a5d496c-4b05-46f7-982d-a2d2e8ec92cd}", "EventData.jobOwner": "DESKTOP-OFJ6N53\\sk.batsiev", "EventData.fileCount": "1", "EventData.RemoteName": "https://g.live.com/odclientsettings/ProdV2?OneDriveUpdate=82e4a020a73e8b9af268a2a1d94", "EventData.LocalName": "C:\\Users\\SKA580~1.BAT\\AppData\\Local\\Temp\\wct58C4.tmp", "EventData.processId": "8600", "EventData.ClientProcessStartKey": "50384020831207807"}
{"EventID": "310", "Channel": "Microsoft-Windows-Bits-Client/Operational", "Provider_Name": "Microsoft-Windows-Bits-Client", "Computer": "DESKTOP-OFJ6N53", "TimeCreated": "2025-08-24 10:11:30.445995+00:00", "RecordID": "85423", "Level": "3", "UserID": "S-1-5-18", "EventData.ErrorCode": "2147942450"}
{"EventID": "59", "Channel": "Microsoft-Windows-Bits-Client/Operational", "Provider_Name": "Microsoft-Windows-Bits-Client", "Computer": "DESKTOP-OFJ6N53", "TimeCreated": "2025-08-24 10:11:30.456820+00:00", "RecordID": "85424", "Level": "4", "UserID": "S-1-5-18", "EventData.transferId": "{72a015a8-91da-43ce-a4a7-598008e90d0e}", "EventData.name": "PreSignInSettingsConfigJSON", "EventData.Id": "{4a5d496c-4b05-46f7-982d-a2d2e8ec92cd}", "EventData.url": "https://g.live.com/odclientsettings/ProdV2?OneDriveUpdate=82e4a020a73e8b9af268a2a1d94", "EventData.peer": null, "EventData.fileTime": "2025-08-22 23:46:45+00:00", "EventData.fileLength": "97641", "EventData.bytesTotal": "97641", "EventData.bytesTransferred": "0", "EventData.bytesTransferredFromPeer": "0"}
{"EventID": "60", "Channel": "Microsoft-Windows-Bits-Client/Operational", "Provider_Name": "Microsoft-Windows-Bits-Client", "Computer": "DESKTOP-OFJ6N53", "TimeCreated": "2025-08-24 10:11:30.973375+00:00", "RecordID": "85425", "Level": "4", "UserID": "S-1-5-18", "EventData.transferId": "{72a015a8-91da-43ce-a4a7-598008e90d0e}", "EventData.name": "PreSignInSettingsConfigJSON", "EventData.Id": "{4a5d496c-4b05-46f7-982d-a2d2e8ec92cd}", "EventData.url": "https://g.live.com/odclientsettings/ProdV2?OneDriveUpdate=82e4a020a73e8b9af268a2a1d94", "EventData.peer": null, "EventData.hr": "0", "EventData.fileTime": "2025-08-22 23:46:45+00:00", "EventData.fileLength": "97641", "EventData.bytesTotal": "97641", "EventData.bytesTransferred": "97641", "EventData.proxy": null, "EventData.peerProtocolFlags": "0", "EventData.bytesTransferredFromPeer": "0", "EventData.AdditionalInfoHr": "0", "EventData.PeerContextInfo": "0", "EventData.bandwidthLimit": "18446744073709551615", "EventData.ignoreBandwidthLimitsOnLan": "False"}
{"EventID": "4", "Channel": "Microsoft-Windows-Bits-Client/Operational", "Provider_Name": "Microsoft-Windows-Bits-Client", "Computer": "DESKTOP-OFJ6N53", "TimeCreated": "2025-08-24 10:11:30.977278+00:00", "RecordID": "85426", "Level": "4", "UserID": "S-1-5-18", "EventData.User": "DESKTOP-OFJ6N53\\sk.batsiev", "EventData.jobTitle": "PreSignInSettingsConfigJSON", "EventData.jobId": "{4a5d496c-4b05-46f7-982d-a2d2e8ec92cd}", "EventData.jobOwner": "DESKTOP-OFJ6N53\\sk.batsiev", "EventData.fileCount": "1", "EventData.bytesTransferred": "97641", "EventData.bytesTransferredFromPeer": "0"}
{"EventID": "306", "Channel": "Microsoft-Windows-Bits-Client/Operational", "Provider_Name": "Microsoft-Windows-Bits-Client", "Computer": "DESKTOP-OFJ6N53", "TimeCreated": "2025-08-24 16:09:29.699730+00:00", "RecordID": "85427", "Level": "5", "UserID": "S-1-5-18"}
{"EventID": "3", "Channel": "Microsoft-Windows-Bits-Client/Operational", "Provider_Name": "Microsoft-Windows-Bits-Client", "Computer": "DESKTOP-OFJ6N53", "TimeCreated": "2025-08-24 16:09:33.847900+00:00", "RecordID": "85428", "Level": "4", "UserID": "S-1-5-18", "EventData.jobTitle": "PreSignInSettingsConfigJSON", "EventData.jobId": "{b6ce2163-28ec-46e9-8e84-2e138526473b}", "EventData.jobOwner": "DESKTOP-OFJ6N53\\sk.batsiev", "EventData.processPath": "C:\\Users\\sk.batsiev\\AppData\\Local\\Microsoft\\OneDrive\\OneDriveStandaloneUpdater.exe", "EventData.processId": "11936", "EventData.ClientProcessStartKey": "50384020831210831"}
{"EventID": "16403", "Channel": "Microsoft-Windows-Bits-Client/Operational", "Provider_Name": "Microsoft-Windows-Bits-Client", "Computer": "DESKTOP-OFJ6N53", "TimeCreated": "2025-08-24 16:09:33.860041+00:00", "RecordID": "85429", "Level": "4", "UserID": "S-1-5-21-963789628-1060504924-4285088085-1001", "EventData.User": "DESKTOP-OFJ6N53\\sk.batsiev", "EventData.jobTitle": "PreSignInSettingsConfigJSON", "EventData.jobId": "{b6ce2163-28ec-46e9-8e84-2e138526473b}", "EventData.jobOwner": "DESKTOP-OFJ6N53\\sk.batsiev", "EventData.fileCount": "1", "EventData.RemoteName": "https://g.live.com/odclientsettings/ProdV2", "EventData.LocalName": "C:\\Users\\SKA580~1.BAT\\AppData\\Local\\Temp\\wct2F08.tmp", "EventData.processId": "11936", "EventData.ClientProcessStartKey": "50384020831210831"}
{"EventID": "310", "Channel": "Microsoft-Windows-Bits-Client/Operational", "Provider_Name": "Microsoft-Windows-Bits-Client", "Computer": "DESKTOP-OFJ6N53", "TimeCreated": "2025-08-24 16:09:34.819546+00:00", "RecordID": "85430", "Level": "3", "UserID": "S-1-5-18", "EventData.ErrorCode": "2147942450"}
{"EventID": "59", "Channel": "Microsoft-Windows-Bits-Client/Operational", "Provider_Name": "Microsoft-Windows-Bits-Client", "Computer": "DESKTOP-OFJ6N53", "TimeCreated": "2025-08-24 16:09:34.826923+00:00", "RecordID": "85431", "Level": "4", "UserID": "S-1-5-18", "EventData.transferId": "{ab55b9e0-735c-4937-8524-866814a31a41}", "EventData.name": "PreSignInSettingsConfigJSON", "EventData.Id": "{b6ce2163-28ec-46e9-8e84-2e138526473b}", "EventData.url": "https://g.live.com/odclientsettings/ProdV2", "EventData.peer": null, "EventData.fileTime": "2025-08-22 23:46:45+00:00", "EventData.fileLength": "97641", "EventData.bytesTotal": "97641", "EventData.bytesTransferred": "0", "EventData.bytesTransferredFromPeer": "0"}
{"EventID": "60", "Channel": "Microsoft-Windows-Bits-Client/Operational", "Provider_Name": "Microsoft-Windows-Bits-Client", "Computer": "DESKTOP-OFJ6N53", "TimeCreated": "2025-08-24 16:09:35.364483+00:00", "RecordID": "85432", "Level": "4", "UserID": "S-1-5-18", "EventData.transferId": "{ab55b9e0-735c-4937-8524-866814a31a41}", "EventData.name": "PreSignInSettingsConfigJSON", "EventData.Id": "{b6ce2163-28ec-46e9-8e84-2e138526473b}", "EventData.url": "https://g.live.com/odclientsettings/ProdV2", "EventData.peer": null, "EventData.hr": "0", "EventData.fileTime": "2025-08-22 23:46:45+00:00", "EventData.fileLength": "97641", "EventData.bytesTotal": "97641", "EventData.bytesTransferred": "97641", "EventData.proxy": null, "EventData.peerProtocolFlags": "0", "EventData.bytesTransferredFromPeer": "0", "EventData.AdditionalInfoHr": "0", "EventData.PeerContextInfo": "0", "EventData.bandwidthLimit": "18446744073709551615", "EventData.ignoreBandwidthLimitsOnLan": "False"}
{"EventID": "4", "Channel": "Microsoft-Windows-Bits-Client/Operational", "Provider_Name": "Microsoft-Windows-Bits-Client", "Computer": "DESKTOP-OFJ6N53", "TimeCreated": "2025-08-24 16:09:35.367477+00:00", "RecordID": "85433", "Level": "4", "UserID": "S-1-5-18", "EventData.User": "DESKTOP-OFJ6N53\\sk.batsiev", "EventData.jobTitle": "PreSignInSettingsConfigJSON", "EventData.jobId": "{b6ce2163-28ec-46e9-8e84-2e138526473b}", "EventData.jobOwner": "DESKTOP-OFJ6N53\\sk.batsiev", "EventData.fileCount": "1", "EventData.bytesTransferred": "97641", "EventData.bytesTransferredFromPeer": "0"}
{"EventID": "306", "Channel": "Microsoft-Windows-Bits-Client/Operational", "Provider_Name": "Microsoft-Windows-Bits-Client", "Computer": "DESKTOP-OFJ6N53", "TimeCreated": "2025-08-24 16:36:17.524248+00:00", "RecordID": "85434", "Level": "5", "UserID": "S-1-5-18"}
{"EventID": "3", "Channel": "Microsoft-Windows-Bits-Client/Operational", "Provider_Name": "Microsoft-Windows-Bits-Client", "Computer": "DESKTOP-OFJ6N53", "TimeCreated": "2025-08-24 16:36:22.179842+00:00", "RecordID": "85435", "Level": "4", "UserID": "S-1-5-18", "EventData.jobTitle": "Edge Component Updater", "EventData.jobId": "{3a223fd3-e81d-4ff8-bcbb-65b8320b4802}", "EventData.jobOwner": "DESKTOP-OFJ6N53\\sk.batsiev", "EventData.processPath": "C:\\Program Files (x86)\\Microsoft\\Edge\\Application\\msedge.exe", "EventData.processId": "11824", "EventData.ClientProcessStartKey": "50384020831207813"}
{"EventID": "16403", "Channel": "Microsoft-Windows-Bits-Client/Operational", "Provider_Name": "Microsoft-Windows-Bits-Client", "Computer": "DESKTOP-OFJ6N53", "TimeCreated": "2025-08-24 16:36:22.194942+00:00", "RecordID": "85436", "Level": "4", "UserID": "S-1-5-21-963789628-1060504924-4285088085-1001", "EventData.User": "DESKTOP-OFJ6N53\\sk.batsiev", "EventData.jobTitle": "Edge Component Updater", "EventData.jobId": "{3a223fd3-e81d-4ff8-bcbb-65b8320b4802}", "EventData.jobOwner": "DESKTOP-OFJ6N53\\sk.batsiev", "EventData.fileCount": "1", "EventData.RemoteName": "http://msedge.b.tlu.dl.delivery.mp.microsoft.com/filestreamingservice/files/d850f9fc-17cc-4f35-965a-55292b403861?P1=1756628967&P2=404&P3=2&P4=KbNMi8cbKNgKcVXXkoJ8y6L%2b%2fvSmoJf1d7ozPGqnbZ64JDKfHYcAdrvsUgUpbR6Z6B%2bYTS5%2bizvX3GIwNgDBxw%3d%3d", "EventData.LocalName": "C:\\Users\\SKA580~1.BAT\\AppData\\Local\\Temp\\edge_BITS_11824_619000380\\d850f9fc-17cc-4f35-965a-55292b403861", "EventData.processId": "11824", "EventData.ClientProcessStartKey": "50384020831207813"}
