{"EventID": "100", "Channel": "Microsoft-Windows-CoreSystem-SmsRouter-Events/Operational", "Provider_Name": "Microsoft-Windows-CoreSystem-SmsRouter", "Computer": "WIN-E725EAE32MJ", "TimeCreated": "2022-02-24 08:26:31.038141+00:00", "RecordID": "1", "Level": "4", "UserID": "S-1-5-19"}
{"EventID": "200", "Channel": "Microsoft-Windows-CoreSystem-SmsRouter-Events/Operational", "Provider_Name": "Microsoft-Windows-CoreSystem-SmsRouter", "Computer": "WIN-E725EAE32MJ", "TimeCreated": "2022-02-24 08:26:31.219065+00:00", "RecordID": "2", "Level": "4", "UserID": "S-1-5-19"}
{"EventID": "201", "Channel": "Microsoft-Windows-CoreSystem-SmsRouter-Events/Operational", "Provider_Name": "Microsoft-Windows-CoreSystem-SmsRouter", "Computer": "WIN-E725EAE32MJ", "TimeCreated": "2022-02-24 08:26:44.540953+00:00", "RecordID": "3", "Level": "4", "UserID": "S-1-5-19"}
{"EventID": "101", "Channel": "Microsoft-Windows-CoreSystem-SmsRouter-Events/Operational", "Provider_Name": "Microsoft-Windows-CoreSystem-SmsRouter", "Computer": "DESKTOP-OFJ6N53", "TimeCreated": "2022-02-24 08:26:44.733921+00:00", "RecordID": "4", "Level": "4", "UserID": "S-1-5-19"}
{"EventID": "100", "Channel": "Microsoft-Windows-CoreSystem-SmsRouter-Events/Operational", "Provider_Name": "Microsoft-Windows-CoreSystem-SmsRouter", "Computer": "DESKTOP-OFJ6N53", "TimeCreated": "2022-02-24 08:27:42.925180+00:00", "RecordID": "5", "Level": "4", "UserID": "S-1-5-19"}
{"EventID": "200", "Channel": "Microsoft-Windows-CoreSystem-SmsRouter-Events/Operational", "Provider_Name": "Microsoft-Windows-CoreSystem-SmsRouter", "Computer": "DESKTOP-OFJ6N53", "TimeCreated": "2022-02-24 08:27:43.021664+00:00", "RecordID": "6", "Level": "4", "UserID": "S-1-5-19"}
{"EventID": "201", "Channel": "Microsoft-Windows-CoreSystem-SmsRouter-Events/Operational", "Provider_Name": "Microsoft-Windows-CoreSystem-SmsRouter", "Computer": "DESKTOP-OFJ6N53", "TimeCreated": "2022-02-24 08:30:42.836332+00:00", "RecordID": "7", "Level": "4", "UserID": "S-1-5-19"}
{"EventID": "101", "Channel": "Microsoft-Windows-CoreSystem-SmsRouter-Events/Operational", "Provider_Name": "Microsoft-Windows-CoreSystem-SmsRouter", "Computer": "DESKTOP-OFJ6N53", "TimeCreated": "2022-02-24 08:30:42.866461+00:00", "RecordID": "8", "Level": "4", "UserID": "S-1-5-19"}
{"EventID": "100", "Channel": "Microsoft-Windows-CoreSystem-SmsRouter-Events/Operational", "Provider_Name": "Microsoft-Windows-CoreSystem-SmsRouter", "Computer": "DESKTOP-OFJ6N53", "TimeCreated": "2022-02-24 08:31:42.904226+00:00", "RecordID": "9", "Level": "4", "UserID": "S-1-5-19"}
{"EventID": "200", "Channel": "Microsoft-Windows-CoreSystem-SmsRouter-Events/Operational", "Provider_Name": "Microsoft-Windows-CoreSystem-SmsRouter", "Computer": "DESKTOP-OFJ6N53", "TimeCreated": "2022-02-24 08:31:42.934189+00:00", "RecordID": "10", "Level": "4", "UserID": "S-1-5-19"}
{"EventID": "201", "Channel": "Microsoft-Windows-CoreSystem-SmsRouter-Events/Operational", "Provider_Name": "Microsoft-Windows-CoreSystem-SmsRouter", "Computer": "DESKTOP-OFJ6N53", "TimeCreated": "2022-02-24 08:33:42.929960+00:00", "RecordID": "11", "Level": "4", "UserID": "S-1-5-19"}
{"EventID": "101", "Channel": "Microsoft-Windows-CoreSystem-SmsRouter-Events/Operational", "Provider_Name": "Microsoft-Windows-CoreSystem-SmsRouter", "Computer": "DESKTOP-OFJ6N53", "TimeCreated": "2022-02-24 08:33:42.956944+00:00", "RecordID": "12", "Level": "4", "UserID": "S-1-5-19"}
{"EventID": "100", "Channel": "Microsoft-Windows-CoreSystem-SmsRouter-Events/Operational", "Provider_Name": "Microsoft-Windows-CoreSystem-SmsRouter", "Computer": "DESKTOP-OFJ6N53", "TimeCreated": "2022-02-24 12:14:58.736012+00:00", "RecordID": "13", "Level": "4", "UserID": "S-1-5-19"}
{"EventID": "200", "Channel": "Microsoft-Windows-CoreSystem-SmsRouter-Events/Operational", "Provider_Name": "Microsoft-Windows-CoreSystem-SmsRouter", "Computer": "DESKTOP-OFJ6N53", "TimeCreated": "2022-02-24 12:14:58.806101+00:00", "RecordID": "14", "Level": "4", "UserID": "S-1-5-19"}
{"EventID": "201", "Channel": "Microsoft-Windows-CoreSystem-SmsRouter-Events/Operational", "Provider_Name": "Microsoft-Windows-CoreSystem-SmsRouter", "Computer": "DESKTOP-OFJ6N53", "TimeCreated": "2022-02-24 12:17:58.629831+00:00", "RecordID": "15", "Level": "4", "UserID": "S-1-5-19"}
{"EventID": "101", "Channel": "Microsoft-Windows-CoreSystem-SmsRouter-Events/Operational", "Provider_Name": "Microsoft-Windows-CoreSystem-SmsRouter", "Computer": "DESKTOP-OFJ6N53", "TimeCreated": "2022-02-24 12:17:58.767956+00:00", "RecordID": "16", "Level": "4", "UserID": "S-1-5-19"}
{"EventID": "100", "Channel": "Microsoft-Windows-CoreSystem-SmsRouter-Events/Operational", "Provider_Name": "Microsoft-Windows-CoreSystem-SmsRouter", "Computer": "DESKTOP-OFJ6N53", "TimeCreated": "2022-02-24 12:18:58.696676+00:00", "RecordID": "17", "Level": "4", "UserID": "S-1-5-19"}
{"EventID": "200", "Channel": "Microsoft-Windows-CoreSystem-SmsRouter-Events/Operational", "Provider_Name": "Microsoft-Windows-CoreSystem-SmsRouter", "Computer": "DESKTOP-OFJ6N53", "TimeCreated": "2022-02-24 12:18:58.784927+00:00", "RecordID": "18", "Level": "4", "UserID": "S-1-5-19"}
{"EventID": "201", "Channel": "Microsoft-Windows-CoreSystem-SmsRouter-Events/Operational", "Provider_Name": "Microsoft-Windows-CoreSystem-SmsRouter", "Computer": "DESKTOP-OFJ6N53", "TimeCreated": "2022-02-24 12:20:58.809319+00:00", "RecordID": "19", "Level": "4", "UserID": "S-1-5-19"}
{"EventID": "101", "Channel": "Microsoft-Windows-CoreSystem-SmsRouter-Events/Operational", "Provider_Name": "Microsoft-Windows-CoreSystem-SmsRouter", "Computer": "DESKTOP-OFJ6N53", "TimeCreated": "2022-02-24 12:20:58.926275+00:00", "RecordID": "20", "Level": "4", "UserID": "S-1-5-19"}
{"EventID": "100", "Channel": "Microsoft-Windows-CoreSystem-SmsRouter-Events/Operational", "Provider_Name": "Microsoft-Windows-CoreSystem-SmsRouter", "Computer": "DESKTOP-OFJ6N53", "TimeCreated": "2022-02-24 13:07:56.376616+00:00", "RecordID": "21", "Level": "4", "UserID": "S-1-5-19"}
{"EventID": "200", "Channel": "Microsoft-Windows-CoreSystem-SmsRouter-Events/Operational", "Provider_Name": "Microsoft-Windows-CoreSystem-SmsRouter", "Computer": "DESKTOP-OFJ6N53", "TimeCreated": "2022-02-24 13:07:56.477110+00:00", "RecordID": "22", "Level": "4", "UserID": "S-1-5-19"}
{"EventID": "201", "Channel": "Microsoft-Windows-CoreSystem-SmsRouter-Events/Operational", "Provider_Name": "Microsoft-Windows-CoreSystem-SmsRouter", "Computer": "DESKTOP-OFJ6N53", "TimeCreated": "2022-02-24 13:10:56.315897+00:00", "RecordID": "23", "Level": "4", "UserID": "S-1-5-19"}
{"EventID": "101", "Channel": "Microsoft-Windows-CoreSystem-SmsRouter-Events/Operational", "Provider_Name": "Microsoft-Windows-CoreSystem-SmsRouter", "Computer": "DESKTOP-OFJ6N53", "TimeCreated": "2022-02-24 13:10:56.346430+00:00", "RecordID": "24", "Level": "4", "UserID": "S-1-5-19"}
{"EventID": "100", "Channel": "Microsoft-Windows-CoreSystem-SmsRouter-Events/Operational", "Provider_Name": "Microsoft-Windows-CoreSystem-SmsRouter", "Computer": "DESKTOP-OFJ6N53", "TimeCreated": "2022-02-24 13:11:56.411463+00:00", "RecordID": "25", "Level": "4", "UserID": "S-1-5-19"}
{"EventID": "200", "Channel": "Microsoft-Windows-CoreSystem-SmsRouter-Events/Operational", "Provider_Name": "Microsoft-Windows-CoreSystem-SmsRouter", "Computer": "DESKTOP-OFJ6N53", "TimeCreated": "2022-02-24 13:11:56.496784+00:00", "RecordID": "26", "Level": "4", "UserID": "S-1-5-19"}
{"EventID": "201", "Channel": "Microsoft-Windows-CoreSystem-SmsRouter-Events/Operational", "Provider_Name": "Microsoft-Windows-CoreSystem-SmsRouter", "Computer": "DESKTOP-OFJ6N53", "TimeCreated": "2022-02-24 13:13:56.515575+00:00", "RecordID": "27", "Level": "4", "UserID": "S-1-5-19"}
{"EventID": "101", "Channel": "Microsoft-Windows-CoreSystem-SmsRouter-Events/Operational", "Provider_Name": "Microsoft-Windows-CoreSystem-SmsRouter", "Computer": "DESKTOP-OFJ6N53", "TimeCreated": "2022-02-24 13:13:56.543222+00:00", "RecordID": "28", "Level": "4", "UserID": "S-1-5-19"}
{"EventID": "100", "Channel": "Microsoft-Windows-CoreSystem-SmsRouter-Events/Operational", "Provider_Name": "Microsoft-Windows-CoreSystem-SmsRouter", "Computer": "DESKTOP-OFJ6N53", "TimeCreated": "2022-02-24 21:52:24.671261+00:00", "RecordID": "29", "Level": "4", "UserID": "S-1-5-19"}
{"EventID": "200", "Channel": "Microsoft-Windows-CoreSystem-SmsRouter-Events/Operational", "Provider_Name": "Microsoft-Windows-CoreSystem-SmsRouter", "Computer": "DESKTOP-OFJ6N53", "TimeCreated": "2022-02-24 21:52:24.837429+00:00", "RecordID": "30", "Level": "4", "UserID": "S-1-5-19"}
{"EventID": "201", "Channel": "Microsoft-Windows-CoreSystem-SmsRouter-Events/Operational", "Provider_Name": "Microsoft-Windows-CoreSystem-SmsRouter", "Computer": "DESKTOP-OFJ6N53", "TimeCreated": "2022-02-24 21:55:24.458313+00:00", "RecordID": "31", "Level": "4", "UserID": "S-1-5-19"}
{"EventID": "101", "Channel": "Microsoft-Windows-CoreSystem-SmsRouter-Events/Operational", "Provider_Name": "Microsoft-Windows-CoreSystem-SmsRouter", "Computer": "DESKTOP-OFJ6N53", "TimeCreated": "2022-02-24 21:55:24.503702+00:00", "RecordID": "32", "Level": "4", "UserID": "S-1-5-19"}
{"EventID": "100", "Channel": "Microsoft-Windows-CoreSystem-SmsRouter-Events/Operational", "Provider_Name": "Microsoft-Windows-CoreSystem-SmsRouter", "Computer": "DESKTOP-OFJ6N53", "TimeCreated": "2022-02-24 21:56:24.585711+00:00", "RecordID": "33", "Level": "4", "UserID": "S-1-5-19"}
{"EventID": "200", "Channel": "Microsoft-Windows-CoreSystem-SmsRouter-Events/Operational", "Provider_Name": "Microsoft-Windows-CoreSystem-SmsRouter", "Computer": "DESKTOP-OFJ6N53", "TimeCreated": "2022-02-24 21:56:24.691624+00:00", "RecordID": "34", "Level": "4", "UserID": "S-1-5-19"}
{"EventID": "201", "Channel": "Microsoft-Windows-CoreSystem-SmsRouter-Events/Operational", "Provider_Name": "Microsoft-Windows-CoreSystem-SmsRouter", "Computer": "DESKTOP-OFJ6N53", "TimeCreated": "2022-02-24 21:58:24.748438+00:00", "RecordID": "35", "Level": "4", "UserID": "S-1-5-19"}
{"EventID": "101", "Channel": "Microsoft-Windows-CoreSystem-SmsRouter-Events/Operational", "Provider_Name": "Microsoft-Windows-CoreSystem-SmsRouter", "Computer": "DESKTOP-OFJ6N53", "TimeCreated": "2022-02-24 21:58:24.828159+00:00", "RecordID": "36", "Level": "4", "UserID": "S-1-5-19"}
{"EventID": "100", "Channel": "Microsoft-Windows-CoreSystem-SmsRouter-Events/Operational", "Provider_Name": "Microsoft-Windows-CoreSystem-SmsRouter", "Computer": "DESKTOP-OFJ6N53", "TimeCreated": "2022-03-03 17:29:05.339842+00:00", "RecordID": "37", "Level": "4", "UserID": "S-1-5-19"}
{"EventID": "200", "Channel": "Microsoft-Windows-CoreSystem-SmsRouter-Events/Operational", "Provider_Name": "Microsoft-Windows-CoreSystem-SmsRouter", "Computer": "DESKTOP-OFJ6N53", "TimeCreated": "2022-03-03 17:29:05.427002+00:00", "RecordID": "38", "Level": "4", "UserID": "S-1-5-19"}
{"EventID": "201", "Channel": "Microsoft-Windows-CoreSystem-SmsRouter-Events/Operational", "Provider_Name": "Microsoft-Windows-CoreSystem-SmsRouter", "Computer": "DESKTOP-OFJ6N53", "TimeCreated": "2022-03-03 17:32:05.272371+00:00", "RecordID": "39", "Level": "4", "UserID": "S-1-5-19"}
{"EventID": "101", "Channel": "Microsoft-Windows-CoreSystem-SmsRouter-Events/Operational", "Provider_Name": "Microsoft-Windows-CoreSystem-SmsRouter", "Computer": "DESKTOP-OFJ6N53", "TimeCreated": "2022-03-03 17:32:05.305336+00:00", "RecordID": "40", "Level": "4", "UserID": "S-1-5-19"}
{"EventID": "100", "Channel": "Microsoft-Windows-CoreSystem-SmsRouter-Events/Operational", "Provider_Name": "Microsoft-Windows-CoreSystem-SmsRouter", "Computer": "DESKTOP-OFJ6N53", "TimeCreated": "2022-03-03 17:33:05.346518+00:00", "RecordID": "41", "Level": "4", "UserID": "S-1-5-19"}
{"EventID": "200", "Channel": "Microsoft-Windows-CoreSystem-SmsRouter-Events/Operational", "Provider_Name": "Microsoft-Windows-CoreSystem-SmsRouter", "Computer": "DESKTOP-OFJ6N53", "TimeCreated": "2022-03-03 17:33:05.388477+00:00", "RecordID": "42", "Level": "4", "UserID": "S-1-5-19"}
{"EventID": "201", "Channel": "Microsoft-Windows-CoreSystem-SmsRouter-Events/Operational", "Provider_Name": "Microsoft-Windows-CoreSystem-SmsRouter", "Computer": "DESKTOP-OFJ6N53", "TimeCreated": "2022-03-03 17:35:05.401550+00:00", "RecordID": "43", "Level": "4", "UserID": "S-1-5-19"}
{"EventID": "101", "Channel": "Microsoft-Windows-CoreSystem-SmsRouter-Events/Operational", "Provider_Name": "Microsoft-Windows-CoreSystem-SmsRouter", "Computer": "DESKTOP-OFJ6N53", "TimeCreated": "2022-03-03 17:35:05.452639+00:00", "RecordID": "44", "Level": "4", "UserID": "S-1-5-19"}
{"EventID": "100", "Channel": "Microsoft-Windows-CoreSystem-SmsRouter-Events/Operational", "Provider_Name": "Microsoft-Windows-CoreSystem-SmsRouter", "Computer": "DESKTOP-OFJ6N53", "TimeCreated": "2022-03-09 07:51:15.425423+00:00", "RecordID": "45", "Level": "4", "UserID": "S-1-5-19"}
{"EventID": "200", "Channel": "Microsoft-Windows-CoreSystem-SmsRouter-Events/Operational", "Provider_Name": "Microsoft-Windows-CoreSystem-SmsRouter", "Computer": "DESKTOP-OFJ6N53", "TimeCreated": "2022-03-09 07:51:15.483837+00:00", "RecordID": "46", "Level": "4", "UserID": "S-1-5-19"}
{"EventID": "201", "Channel": "Microsoft-Windows-CoreSystem-SmsRouter-Events/Operational", "Provider_Name": "Microsoft-Windows-CoreSystem-SmsRouter", "Computer": "DESKTOP-OFJ6N53", "TimeCreated": "2022-03-09 07:54:15.341164+00:00", "RecordID": "47", "Level": "4", "UserID": "S-1-5-19"}
{"EventID": "101", "Channel": "Microsoft-Windows-CoreSystem-SmsRouter-Events/Operational", "Provider_Name": "Microsoft-Windows-CoreSystem-SmsRouter", "Computer": "DESKTOP-OFJ6N53", "TimeCreated": "2022-03-09 07:54:15.368052+00:00", "RecordID": "48", "Level": "4", "UserID": "S-1-5-19"}
{"EventID": "100", "Channel": "Microsoft-Windows-CoreSystem-SmsRouter-Events/Operational", "Provider_Name": "Microsoft-Windows-CoreSystem-SmsRouter", "Computer": "DESKTOP-OFJ6N53", "TimeCreated": "2022-03-09 07:55:15.415451+00:00", "RecordID": "49", "Level": "4", "UserID": "S-1-5-19"}
{"EventID": "200", "Channel": "Microsoft-Windows-CoreSystem-SmsRouter-Events/Operational", "Provider_Name": "Microsoft-Windows-CoreSystem-SmsRouter", "Computer": "DESKTOP-OFJ6N53", "TimeCreated": "2022-03-09 07:55:15.488037+00:00", "RecordID": "50", "Level": "4", "UserID": "S-1-5-19"}
{"EventID": "201", "Channel": "Microsoft-Windows-CoreSystem-SmsRouter-Events/Operational", "Provider_Name": "Microsoft-Windows-CoreSystem-SmsRouter", "Computer": "DESKTOP-OFJ6N53", "TimeCreated": "2022-03-09 07:57:15.502525+00:00", "RecordID": "51", "Level": "4", "UserID": "S-1-5-19"}
{"EventID": "101", "Channel": "Microsoft-Windows-CoreSystem-SmsRouter-Events/Operational", "Provider_Name": "Microsoft-Windows-CoreSystem-SmsRouter", "Computer": "DESKTOP-OFJ6N53", "TimeCreated": "2022-03-09 07:57:15.530737+00:00", "RecordID": "52", "Level": "4", "UserID": "S-1-5-19"}
{"EventID": "100", "Channel": "Microsoft-Windows-CoreSystem-SmsRouter-Events/Operational", "Provider_Name": "Microsoft-Windows-CoreSystem-SmsRouter", "Computer": "DESKTOP-OFJ6N53", "TimeCreated": "2022-03-09 10:29:39.570015+00:00", "RecordID": "53", "Level": "4", "UserID": "S-1-5-19"}
{"EventID": "200", "Channel": "Microsoft-Windows-CoreSystem-SmsRouter-Events/Operational", "Provider_Name": "Microsoft-Windows-CoreSystem-SmsRouter", "Computer": "DESKTOP-OFJ6N53", "TimeCreated": "2022-03-09 10:29:39.676464+00:00", "RecordID": "54", "Level": "4", "UserID": "S-1-5-19"}
{"EventID": "201", "Channel": "Microsoft-Windows-CoreSystem-SmsRouter-Events/Operational", "Provider_Name": "Microsoft-Windows-CoreSystem-SmsRouter", "Computer": "DESKTOP-OFJ6N53", "TimeCreated": "2022-03-09 10:32:39.480375+00:00", "RecordID": "55", "Level": "4", "UserID": "S-1-5-19"}
{"EventID": "101", "Channel": "Microsoft-Windows-CoreSystem-SmsRouter-Events/Operational", "Provider_Name": "Microsoft-Windows-CoreSystem-SmsRouter", "Computer": "DESKTOP-OFJ6N53", "TimeCreated": "2022-03-09 10:32:39.511993+00:00", "RecordID": "56", "Level": "4", "UserID": "S-1-5-19"}
{"EventID": "100", "Channel": "Microsoft-Windows-CoreSystem-SmsRouter-Events/Operational", "Provider_Name": "Microsoft-Windows-CoreSystem-SmsRouter", "Computer": "DESKTOP-OFJ6N53", "TimeCreated": "2022-03-09 10:33:39.595972+00:00", "RecordID": "57", "Level": "4", "UserID": "S-1-5-19"}
{"EventID": "200", "Channel": "Microsoft-Windows-CoreSystem-SmsRouter-Events/Operational", "Provider_Name": "Microsoft-Windows-CoreSystem-SmsRouter", "Computer": "DESKTOP-OFJ6N53", "TimeCreated": "2022-03-09 10:33:39.666023+00:00", "RecordID": "58", "Level": "4", "UserID": "S-1-5-19"}
{"EventID": "201", "Channel": "Microsoft-Windows-CoreSystem-SmsRouter-Events/Operational", "Provider_Name": "Microsoft-Windows-CoreSystem-SmsRouter", "Computer": "DESKTOP-OFJ6N53", "TimeCreated": "2022-03-09 10:35:39.684875+00:00", "RecordID": "59", "Level": "4", "UserID": "S-1-5-19"}
{"EventID": "101", "Channel": "Microsoft-Windows-CoreSystem-SmsRouter-Events/Operational", "Provider_Name": "Microsoft-Windows-CoreSystem-SmsRouter", "Computer": "DESKTOP-OFJ6N53", "TimeCreated": "2022-03-09 10:35:39.709574+00:00", "RecordID": "60", "Level": "4", "UserID": "S-1-5-19"}
{"EventID": "100", "Channel": "Microsoft-Windows-CoreSystem-SmsRouter-Events/Operational", "Provider_Name": "Microsoft-Windows-CoreSystem-SmsRouter", "Computer": "DESKTOP-OFJ6N53", "TimeCreated": "2022-03-09 11:18:12.454094+00:00", "RecordID": "61", "Level": "4", "UserID": "S-1-5-19"}
{"EventID": "200", "Channel": "Microsoft-Windows-CoreSystem-SmsRouter-Events/Operational", "Provider_Name": "Microsoft-Windows-CoreSystem-SmsRouter", "Computer": "DESKTOP-OFJ6N53", "TimeCreated": "2022-03-09 11:18:12.586502+00:00", "RecordID": "62", "Level": "4", "UserID": "S-1-5-19"}
{"EventID": "201", "Channel": "Microsoft-Windows-CoreSystem-SmsRouter-Events/Operational", "Provider_Name": "Microsoft-Windows-CoreSystem-SmsRouter", "Computer": "DESKTOP-OFJ6N53", "TimeCreated": "2022-03-09 11:21:12.378872+00:00", "RecordID": "63", "Level": "4", "UserID": "S-1-5-19"}
{"EventID": "101", "Channel": "Microsoft-Windows-CoreSystem-SmsRouter-Events/Operational", "Provider_Name": "Microsoft-Windows-CoreSystem-SmsRouter", "Computer": "DESKTOP-OFJ6N53", "TimeCreated": "2022-03-09 11:21:12.416428+00:00", "RecordID": "64", "Level": "4", "UserID": "S-1-5-19"}
{"EventID": "100", "Channel": "Microsoft-Windows-CoreSystem-SmsRouter-Events/Operational", "Provider_Name": "Microsoft-Windows-CoreSystem-SmsRouter", "Computer": "DESKTOP-OFJ6N53", "TimeCreated": "2022-03-09 11:22:12.448605+00:00", "RecordID": "65", "Level": "4", "UserID": "S-1-5-19"}
{"EventID": "200", "Channel": "Microsoft-Windows-CoreSystem-SmsRouter-Events/Operational", "Provider_Name": "Microsoft-Windows-CoreSystem-SmsRouter", "Computer": "DESKTOP-OFJ6N53", "TimeCreated": "2022-03-09 11:22:12.522869+00:00", "RecordID": "66", "Level": "4", "UserID": "S-1-5-19"}
{"EventID": "201", "Channel": "Microsoft-Windows-CoreSystem-SmsRouter-Events/Operational", "Provider_Name": "Microsoft-Windows-CoreSystem-SmsRouter", "Computer": "DESKTOP-OFJ6N53", "TimeCreated": "2022-03-09 11:24:12.549896+00:00", "RecordID": "67", "Level": "4", "UserID": "S-1-5-19"}
{"EventID": "101", "Channel": "Microsoft-Windows-CoreSystem-SmsRouter-Events/Operational", "Provider_Name": "Microsoft-Windows-CoreSystem-SmsRouter", "Computer": "DESKTOP-OFJ6N53", "TimeCreated": "2022-03-09 11:24:12.578060+00:00", "RecordID": "68", "Level": "4", "UserID": "S-1-5-19"}
{"EventID": "100", "Channel": "Microsoft-Windows-CoreSystem-SmsRouter-Events/Operational", "Provider_Name": "Microsoft-Windows-CoreSystem-SmsRouter", "Computer": "DESKTOP-OFJ6N53", "TimeCreated": "2022-03-10 14:30:19.000259+00:00", "RecordID": "69", "Level": "4", "UserID": "S-1-5-19"}
{"EventID": "200", "Channel": "Microsoft-Windows-CoreSystem-SmsRouter-Events/Operational", "Provider_Name": "Microsoft-Windows-CoreSystem-SmsRouter", "Computer": "DESKTOP-OFJ6N53", "TimeCreated": "2022-03-10 14:30:19.104134+00:00", "RecordID": "70", "Level": "4", "UserID": "S-1-5-19"}
{"EventID": "201", "Channel": "Microsoft-Windows-CoreSystem-SmsRouter-Events/Operational", "Provider_Name": "Microsoft-Windows-CoreSystem-SmsRouter", "Computer": "DESKTOP-OFJ6N53", "TimeCreated": "2022-03-10 14:33:18.953032+00:00", "RecordID": "71", "Level": "4", "UserID": "S-1-5-19"}
{"EventID": "101", "Channel": "Microsoft-Windows-CoreSystem-SmsRouter-Events/Operational", "Provider_Name": "Microsoft-Windows-CoreSystem-SmsRouter", "Computer": "DESKTOP-OFJ6N53", "TimeCreated": "2022-03-10 14:33:18.975431+00:00", "RecordID": "72", "Level": "4", "UserID": "S-1-5-19"}
{"EventID": "100", "Channel": "Microsoft-Windows-CoreSystem-SmsRouter-Events/Operational", "Provider_Name": "Microsoft-Windows-CoreSystem-SmsRouter", "Computer": "DESKTOP-OFJ6N53", "TimeCreated": "2022-03-10 14:34:19.007675+00:00", "RecordID": "73", "Level": "4", "UserID": "S-1-5-19"}
{"EventID": "200", "Channel": "Microsoft-Windows-CoreSystem-SmsRouter-Events/Operational", "Provider_Name": "Microsoft-Windows-CoreSystem-SmsRouter", "Computer": "DESKTOP-OFJ6N53", "TimeCreated": "2022-03-10 14:34:19.079388+00:00", "RecordID": "74", "Level": "4", "UserID": "S-1-5-19"}
{"EventID": "201", "Channel": "Microsoft-Windows-CoreSystem-SmsRouter-Events/Operational", "Provider_Name": "Microsoft-Windows-CoreSystem-SmsRouter", "Computer": "DESKTOP-OFJ6N53", "TimeCreated": "2022-03-10 14:36:19.078339+00:00", "RecordID": "75", "Level": "4", "UserID": "S-1-5-19"}
{"EventID": "101", "Channel": "Microsoft-Windows-CoreSystem-SmsRouter-Events/Operational", "Provider_Name": "Microsoft-Windows-CoreSystem-SmsRouter", "Computer": "DESKTOP-OFJ6N53", "TimeCreated": "2022-03-10 14:36:19.104176+00:00", "RecordID": "76", "Level": "4", "UserID": "S-1-5-19"}
{"EventID": "100", "Channel": "Microsoft-Windows-CoreSystem-SmsRouter-Events/Operational", "Provider_Name": "Microsoft-Windows-CoreSystem-SmsRouter", "Computer": "DESKTOP-OFJ6N53", "TimeCreated": "2022-03-10 16:35:28.272305+00:00", "RecordID": "77", "Level": "4", "UserID": "S-1-5-19"}
{"EventID": "200", "Channel": "Microsoft-Windows-CoreSystem-SmsRouter-Events/Operational", "Provider_Name": "Microsoft-Windows-CoreSystem-SmsRouter", "Computer": "DESKTOP-OFJ6N53", "TimeCreated": "2022-03-10 16:35:28.387407+00:00", "RecordID": "78", "Level": "4", "UserID": "S-1-5-19"}
{"EventID": "201", "Channel": "Microsoft-Windows-CoreSystem-SmsRouter-Events/Operational", "Provider_Name": "Microsoft-Windows-CoreSystem-SmsRouter", "Computer": "DESKTOP-OFJ6N53", "TimeCreated": "2022-03-10 16:38:28.170782+00:00", "RecordID": "79", "Level": "4", "UserID": "S-1-5-19"}
{"EventID": "101", "Channel": "Microsoft-Windows-CoreSystem-SmsRouter-Events/Operational", "Provider_Name": "Microsoft-Windows-CoreSystem-SmsRouter", "Computer": "DESKTOP-OFJ6N53", "TimeCreated": "2022-03-10 16:38:28.200211+00:00", "RecordID": "80", "Level": "4", "UserID": "S-1-5-19"}
{"EventID": "100", "Channel": "Microsoft-Windows-CoreSystem-SmsRouter-Events/Operational", "Provider_Name": "Microsoft-Windows-CoreSystem-SmsRouter", "Computer": "DESKTOP-OFJ6N53", "TimeCreated": "2022-03-10 16:39:28.264637+00:00", "RecordID": "81", "Level": "4", "UserID": "S-1-5-19"}
{"EventID": "200", "Channel": "Microsoft-Windows-CoreSystem-SmsRouter-Events/Operational", "Provider_Name": "Microsoft-Windows-CoreSystem-SmsRouter", "Computer": "DESKTOP-OFJ6N53", "TimeCreated": "2022-03-10 16:39:28.372488+00:00", "RecordID": "82", "Level": "4", "UserID": "S-1-5-19"}
{"EventID": "201", "Channel": "Microsoft-Windows-CoreSystem-SmsRouter-Events/Operational", "Provider_Name": "Microsoft-Windows-CoreSystem-SmsRouter", "Computer": "DESKTOP-OFJ6N53", "TimeCreated": "2022-03-10 16:41:28.383690+00:00", "RecordID": "83", "Level": "4", "UserID": "S-1-5-19"}
{"EventID": "101", "Channel": "Microsoft-Windows-CoreSystem-SmsRouter-Events/Operational", "Provider_Name": "Microsoft-Windows-CoreSystem-SmsRouter", "Computer": "DESKTOP-OFJ6N53", "TimeCreated": "2022-03-10 16:41:28.409027+00:00", "RecordID": "84", "Level": "4", "UserID": "S-1-5-19"}
{"EventID": "100", "Channel": "Microsoft-Windows-CoreSystem-SmsRouter-Events/Operational", "Provider_Name": "Microsoft-Windows-CoreSystem-SmsRouter", "Computer": "DESKTOP-OFJ6N53", "TimeCreated": "2022-03-16 10:19:20.466475+00:00", "RecordID": "85", "Level": "4", "UserID": "S-1-5-19"}
{"EventID": "200", "Channel": "Microsoft-Windows-CoreSystem-SmsRouter-Events/Operational", "Provider_Name": "Microsoft-Windows-CoreSystem-SmsRouter", "Computer": "DESKTOP-OFJ6N53", "TimeCreated": "2022-03-16 10:19:20.576328+00:00", "RecordID": "86", "Level": "4", "UserID": "S-1-5-19"}
{"EventID": "201", "Channel": "Microsoft-Windows-CoreSystem-SmsRouter-Events/Operational", "Provider_Name": "Microsoft-Windows-CoreSystem-SmsRouter", "Computer": "DESKTOP-OFJ6N53", "TimeCreated": "2022-03-16 10:22:20.351048+00:00", "RecordID": "87", "Level": "4", "UserID": "S-1-5-19"}
{"EventID": "101", "Channel": "Microsoft-Windows-CoreSystem-SmsRouter-Events/Operational", "Provider_Name": "Microsoft-Windows-CoreSystem-SmsRouter", "Computer": "DESKTOP-OFJ6N53", "TimeCreated": "2022-03-16 10:22:20.385843+00:00", "RecordID": "88", "Level": "4", "UserID": "S-1-5-19"}
{"EventID": "100", "Channel": "Microsoft-Windows-CoreSystem-SmsRouter-Events/Operational", "Provider_Name": "Microsoft-Windows-CoreSystem-SmsRouter", "Computer": "DESKTOP-OFJ6N53", "TimeCreated": "2022-03-16 10:23:20.442638+00:00", "RecordID": "89", "Level": "4", "UserID": "S-1-5-19"}
{"EventID": "200", "Channel": "Microsoft-Windows-CoreSystem-SmsRouter-Events/Operational", "Provider_Name": "Microsoft-Windows-CoreSystem-SmsRouter", "Computer": "DESKTOP-OFJ6N53", "TimeCreated": "2022-03-16 10:23:20.486633+00:00", "RecordID": "90", "Level": "4", "UserID": "S-1-5-19"}
{"EventID": "201", "Channel": "Microsoft-Windows-CoreSystem-SmsRouter-Events/Operational", "Provider_Name": "Microsoft-Windows-CoreSystem-SmsRouter", "Computer": "DESKTOP-OFJ6N53", "TimeCreated": "2022-03-16 10:25:20.500095+00:00", "RecordID": "91", "Level": "4", "UserID": "S-1-5-19"}
{"EventID": "101", "Channel": "Microsoft-Windows-CoreSystem-SmsRouter-Events/Operational", "Provider_Name": "Microsoft-Windows-CoreSystem-SmsRouter", "Computer": "DESKTOP-OFJ6N53", "TimeCreated": "2022-03-16 10:25:20.528082+00:00", "RecordID": "92", "Level": "4", "UserID": "S-1-5-19"}
{"EventID": "100", "Channel": "Microsoft-Windows-CoreSystem-SmsRouter-Events/Operational", "Provider_Name": "Microsoft-Windows-CoreSystem-SmsRouter", "Computer": "DESKTOP-OFJ6N53", "TimeCreated": "2022-04-13 16:06:04.745304+00:00", "RecordID": "93", "Level": "4", "UserID": "S-1-5-19"}
{"EventID": "200", "Channel": "Microsoft-Windows-CoreSystem-SmsRouter-Events/Operational", "Provider_Name": "Microsoft-Windows-CoreSystem-SmsRouter", "Computer": "DESKTOP-OFJ6N53", "TimeCreated": "2022-04-13 16:06:04.793661+00:00", "RecordID": "94", "Level": "4", "UserID": "S-1-5-19"}
{"EventID": "201", "Channel": "Microsoft-Windows-CoreSystem-SmsRouter-Events/Operational", "Provider_Name": "Microsoft-Windows-CoreSystem-SmsRouter", "Computer": "DESKTOP-OFJ6N53", "TimeCreated": "2022-04-13 16:09:04.601532+00:00", "RecordID": "95", "Level": "4", "UserID": "S-1-5-19"}
{"EventID": "101", "Channel": "Microsoft-Windows-CoreSystem-SmsRouter-Events/Operational", "Provider_Name": "Microsoft-Windows-CoreSystem-SmsRouter", "Computer": "DESKTOP-OFJ6N53", "TimeCreated": "2022-04-13 16:09:04.627163+00:00", "RecordID": "96", "Level": "4", "UserID": "S-1-5-19"}
{"EventID": "100", "Channel": "Microsoft-Windows-CoreSystem-SmsRouter-Events/Operational", "Provider_Name": "Microsoft-Windows-CoreSystem-SmsRouter", "Computer": "DESKTOP-OFJ6N53", "TimeCreated": "2022-04-13 16:10:04.722136+00:00", "RecordID": "97", "Level": "4", "UserID": "S-1-5-19"}
{"EventID": "200", "Channel": "Microsoft-Windows-CoreSystem-SmsRouter-Events/Operational", "Provider_Name": "Microsoft-Windows-CoreSystem-SmsRouter", "Computer": "DESKTOP-OFJ6N53", "TimeCreated": "2022-04-13 16:10:04.767576+00:00", "RecordID": "98", "Level": "4", "UserID": "S-1-5-19"}
{"EventID": "201", "Channel": "Microsoft-Windows-CoreSystem-SmsRouter-Events/Operational", "Provider_Name": "Microsoft-Windows-CoreSystem-SmsRouter", "Computer": "DESKTOP-OFJ6N53", "TimeCreated": "2022-04-13 16:12:04.771469+00:00", "RecordID": "99", "Level": "4", "UserID": "S-1-5-19"}
{"EventID": "101", "Channel": "Microsoft-Windows-CoreSystem-SmsRouter-Events/Operational", "Provider_Name": "Microsoft-Windows-CoreSystem-SmsRouter", "Computer": "DESKTOP-OFJ6N53", "TimeCreated": "2022-04-13 16:12:04.803322+00:00", "RecordID": "100", "Level": "4", "UserID": "S-1-5-19"}
{"EventID": "100", "Channel": "Microsoft-Windows-CoreSystem-SmsRouter-Events/Operational", "Provider_Name": "Microsoft-Windows-CoreSystem-SmsRouter", "Computer": "DESKTOP-OFJ6N53", "TimeCreated": "2022-05-05 10:14:19.897070+00:00", "RecordID": "101", "Level": "4", "UserID": "S-1-5-19"}
{"EventID": "200", "Channel": "Microsoft-Windows-CoreSystem-SmsRouter-Events/Operational", "Provider_Name": "Microsoft-Windows-CoreSystem-SmsRouter", "Computer": "DESKTOP-OFJ6N53", "TimeCreated": "2022-05-05 10:14:19.963543+00:00", "RecordID": "102", "Level": "4", "UserID": "S-1-5-19"}
{"EventID": "201", "Channel": "Microsoft-Windows-CoreSystem-SmsRouter-Events/Operational", "Provider_Name": "Microsoft-Windows-CoreSystem-SmsRouter", "Computer": "DESKTOP-OFJ6N53", "TimeCreated": "2022-05-05 10:17:19.689989+00:00", "RecordID": "103", "Level": "4", "UserID": "S-1-5-19"}
{"EventID": "101", "Channel": "Microsoft-Windows-CoreSystem-SmsRouter-Events/Operational", "Provider_Name": "Microsoft-Windows-CoreSystem-SmsRouter", "Computer": "DESKTOP-OFJ6N53", "TimeCreated": "2022-05-05 10:17:19.776134+00:00", "RecordID": "104", "Level": "4", "UserID": "S-1-5-19"}
{"EventID": "100", "Channel": "Microsoft-Windows-CoreSystem-SmsRouter-Events/Operational", "Provider_Name": "Microsoft-Windows-CoreSystem-SmsRouter", "Computer": "DESKTOP-OFJ6N53", "TimeCreated": "2022-05-05 10:18:19.861090+00:00", "RecordID": "105", "Level": "4", "UserID": "S-1-5-19"}
{"EventID": "200", "Channel": "Microsoft-Windows-CoreSystem-SmsRouter-Events/Operational", "Provider_Name": "Microsoft-Windows-CoreSystem-SmsRouter", "Computer": "DESKTOP-OFJ6N53", "TimeCreated": "2022-05-05 10:18:19.941780+00:00", "RecordID": "106", "Level": "4", "UserID": "S-1-5-19"}
{"EventID": "201", "Channel": "Microsoft-Windows-CoreSystem-SmsRouter-Events/Operational", "Provider_Name": "Microsoft-Windows-CoreSystem-SmsRouter", "Computer": "DESKTOP-OFJ6N53", "TimeCreated": "2022-05-05 10:20:19.954723+00:00", "RecordID": "107", "Level": "4", "UserID": "S-1-5-19"}
{"EventID": "101", "Channel": "Microsoft-Windows-CoreSystem-SmsRouter-Events/Operational", "Provider_Name": "Microsoft-Windows-CoreSystem-SmsRouter", "Computer": "DESKTOP-OFJ6N53", "TimeCreated": "2022-05-05 10:20:19.984531+00:00", "RecordID": "108", "Level": "4", "UserID": "S-1-5-19"}
{"EventID": "100", "Channel": "Microsoft-Windows-CoreSystem-SmsRouter-Events/Operational", "Provider_Name": "Microsoft-Windows-CoreSystem-SmsRouter", "Computer": "DESKTOP-OFJ6N53", "TimeCreated": "2022-05-10 23:43:07.958075+00:00", "RecordID": "109", "Level": "4", "UserID": "S-1-5-19"}
{"EventID": "200", "Channel": "Microsoft-Windows-CoreSystem-SmsRouter-Events/Operational", "Provider_Name": "Microsoft-Windows-CoreSystem-SmsRouter", "Computer": "DESKTOP-OFJ6N53", "TimeCreated": "2022-05-10 23:43:07.999617+00:00", "RecordID": "110", "Level": "4", "UserID": "S-1-5-19"}
{"EventID": "201", "Channel": "Microsoft-Windows-CoreSystem-SmsRouter-Events/Operational", "Provider_Name": "Microsoft-Windows-CoreSystem-SmsRouter", "Computer": "DESKTOP-OFJ6N53", "TimeCreated": "2022-05-10 23:46:07.847687+00:00", "RecordID": "111", "Level": "4", "UserID": "S-1-5-19"}
{"EventID": "101", "Channel": "Microsoft-Windows-CoreSystem-SmsRouter-Events/Operational", "Provider_Name": "Microsoft-Windows-CoreSystem-SmsRouter", "Computer": "DESKTOP-OFJ6N53", "TimeCreated": "2022-05-10 23:46:07.873930+00:00", "RecordID": "112", "Level": "4", "UserID": "S-1-5-19"}
{"EventID": "100", "Channel": "Microsoft-Windows-CoreSystem-SmsRouter-Events/Operational", "Provider_Name": "Microsoft-Windows-CoreSystem-SmsRouter", "Computer": "DESKTOP-OFJ6N53", "TimeCreated": "2022-05-10 23:47:07.946070+00:00", "RecordID": "113", "Level": "4", "UserID": "S-1-5-19"}
{"EventID": "200", "Channel": "Microsoft-Windows-CoreSystem-SmsRouter-Events/Operational", "Provider_Name": "Microsoft-Windows-CoreSystem-SmsRouter", "Computer": "DESKTOP-OFJ6N53", "TimeCreated": "2022-05-10 23:47:07.979816+00:00", "RecordID": "114", "Level": "4", "UserID": "S-1-5-19"}
{"EventID": "201", "Channel": "Microsoft-Windows-CoreSystem-SmsRouter-Events/Operational", "Provider_Name": "Microsoft-Windows-CoreSystem-SmsRouter", "Computer": "DESKTOP-OFJ6N53", "TimeCreated": "2022-05-10 23:49:07.985580+00:00", "RecordID": "115", "Level": "4", "UserID": "S-1-5-19"}
{"EventID": "101", "Channel": "Microsoft-Windows-CoreSystem-SmsRouter-Events/Operational", "Provider_Name": "Microsoft-Windows-CoreSystem-SmsRouter", "Computer": "DESKTOP-OFJ6N53", "TimeCreated": "2022-05-10 23:49:08.011448+00:00", "RecordID": "116", "Level": "4", "UserID": "S-1-5-19"}
{"EventID": "100", "Channel": "Microsoft-Windows-CoreSystem-SmsRouter-Events/Operational", "Provider_Name": "Microsoft-Windows-CoreSystem-SmsRouter", "Computer": "DESKTOP-OFJ6N53", "TimeCreated": "2022-06-14 18:12:15.552393+00:00", "RecordID": "117", "Level": "4", "UserID": "S-1-5-19"}
{"EventID": "200", "Channel": "Microsoft-Windows-CoreSystem-SmsRouter-Events/Operational", "Provider_Name": "Microsoft-Windows-CoreSystem-SmsRouter", "Computer": "DESKTOP-OFJ6N53", "TimeCreated": "2022-06-14 18:12:15.606031+00:00", "RecordID": "118", "Level": "4", "UserID": "S-1-5-19"}
{"EventID": "201", "Channel": "Microsoft-Windows-CoreSystem-SmsRouter-Events/Operational", "Provider_Name": "Microsoft-Windows-CoreSystem-SmsRouter", "Computer": "DESKTOP-OFJ6N53", "TimeCreated": "2022-06-14 18:15:15.441092+00:00", "RecordID": "119", "Level": "4", "UserID": "S-1-5-19"}
{"EventID": "101", "Channel": "Microsoft-Windows-CoreSystem-SmsRouter-Events/Operational", "Provider_Name": "Microsoft-Windows-CoreSystem-SmsRouter", "Computer": "DESKTOP-OFJ6N53", "TimeCreated": "2022-06-14 18:15:15.469603+00:00", "RecordID": "120", "Level": "4", "UserID": "S-1-5-19"}
{"EventID": "100", "Channel": "Microsoft-Windows-CoreSystem-SmsRouter-Events/Operational", "Provider_Name": "Microsoft-Windows-CoreSystem-SmsRouter", "Computer": "DESKTOP-OFJ6N53", "TimeCreated": "2022-06-14 18:16:15.771648+00:00", "RecordID": "121", "Level": "4", "UserID": "S-1-5-19"}
{"EventID": "200", "Channel": "Microsoft-Windows-CoreSystem-SmsRouter-Events/Operational", "Provider_Name": "Microsoft-Windows-CoreSystem-SmsRouter", "Computer": "DESKTOP-OFJ6N53", "TimeCreated": "2022-06-14 18:16:15.838213+00:00", "RecordID": "122", "Level": "4", "UserID": "S-1-5-19"}
{"EventID": "201", "Channel": "Microsoft-Windows-CoreSystem-SmsRouter-Events/Operational", "Provider_Name": "Microsoft-Windows-CoreSystem-SmsRouter", "Computer": "DESKTOP-OFJ6N53", "TimeCreated": "2022-06-14 18:18:15.871534+00:00", "RecordID": "123", "Level": "4", "UserID": "S-1-5-19"}
{"EventID": "101", "Channel": "Microsoft-Windows-CoreSystem-SmsRouter-Events/Operational", "Provider_Name": "Microsoft-Windows-CoreSystem-SmsRouter", "Computer": "DESKTOP-OFJ6N53", "TimeCreated": "2022-06-14 18:18:15.912012+00:00", "RecordID": "124", "Level": "4", "UserID": "S-1-5-19"}
{"EventID": "100", "Channel": "Microsoft-Windows-CoreSystem-SmsRouter-Events/Operational", "Provider_Name": "Microsoft-Windows-CoreSystem-SmsRouter", "Computer": "DESKTOP-OFJ6N53", "TimeCreated": "2022-07-13 14:52:33.063288+00:00", "RecordID": "125", "Level": "4", "UserID": "S-1-5-19"}
{"EventID": "200", "Channel": "Microsoft-Windows-CoreSystem-SmsRouter-Events/Operational", "Provider_Name": "Microsoft-Windows-CoreSystem-SmsRouter", "Computer": "DESKTOP-OFJ6N53", "TimeCreated": "2022-07-13 14:52:33.104439+00:00", "RecordID": "126", "Level": "4", "UserID": "S-1-5-19"}
{"EventID": "201", "Channel": "Microsoft-Windows-CoreSystem-SmsRouter-Events/Operational", "Provider_Name": "Microsoft-Windows-CoreSystem-SmsRouter", "Computer": "DESKTOP-OFJ6N53", "TimeCreated": "2022-07-13 14:55:32.950880+00:00", "RecordID": "127", "Level": "4", "UserID": "S-1-5-19"}
{"EventID": "101", "Channel": "Microsoft-Windows-CoreSystem-SmsRouter-Events/Operational", "Provider_Name": "Microsoft-Windows-CoreSystem-SmsRouter", "Computer": "DESKTOP-OFJ6N53", "TimeCreated": "2022-07-13 14:55:32.975889+00:00", "RecordID": "128", "Level": "4", "UserID": "S-1-5-19"}
{"EventID": "100", "Channel": "Microsoft-Windows-CoreSystem-SmsRouter-Events/Operational", "Provider_Name": "Microsoft-Windows-CoreSystem-SmsRouter", "Computer": "DESKTOP-OFJ6N53", "TimeCreated": "2022-07-13 14:56:33.045233+00:00", "RecordID": "129", "Level": "4", "UserID": "S-1-5-19"}
{"EventID": "200", "Channel": "Microsoft-Windows-CoreSystem-SmsRouter-Events/Operational", "Provider_Name": "Microsoft-Windows-CoreSystem-SmsRouter", "Computer": "DESKTOP-OFJ6N53", "TimeCreated": "2022-07-13 14:56:33.072285+00:00", "RecordID": "130", "Level": "4", "UserID": "S-1-5-19"}
{"EventID": "201", "Channel": "Microsoft-Windows-CoreSystem-SmsRouter-Events/Operational", "Provider_Name": "Microsoft-Windows-CoreSystem-SmsRouter", "Computer": "DESKTOP-OFJ6N53", "TimeCreated": "2022-07-13 14:58:33.078323+00:00", "RecordID": "131", "Level": "4", "UserID": "S-1-5-19"}
{"EventID": "101", "Channel": "Microsoft-Windows-CoreSystem-SmsRouter-Events/Operational", "Provider_Name": "Microsoft-Windows-CoreSystem-SmsRouter", "Computer": "DESKTOP-OFJ6N53", "TimeCreated": "2022-07-13 14:58:33.103027+00:00", "RecordID": "132", "Level": "4", "UserID": "S-1-5-19"}
{"EventID": "100", "Channel": "Microsoft-Windows-CoreSystem-SmsRouter-Events/Operational", "Provider_Name": "Microsoft-Windows-CoreSystem-SmsRouter", "Computer": "DESKTOP-OFJ6N53", "TimeCreated": "2022-08-04 17:14:53.611235+00:00", "RecordID": "133", "Level": "4", "UserID": "S-1-5-19"}
{"EventID": "200", "Channel": "Microsoft-Windows-CoreSystem-SmsRouter-Events/Operational", "Provider_Name": "Microsoft-Windows-CoreSystem-SmsRouter", "Computer": "DESKTOP-OFJ6N53", "TimeCreated": "2022-08-04 17:14:53.656525+00:00", "RecordID": "134", "Level": "4", "UserID": "S-1-5-19"}
{"EventID": "201", "Channel": "Microsoft-Windows-CoreSystem-SmsRouter-Events/Operational", "Provider_Name": "Microsoft-Windows-CoreSystem-SmsRouter", "Computer": "DESKTOP-OFJ6N53", "TimeCreated": "2022-08-04 17:17:53.496183+00:00", "RecordID": "135", "Level": "4", "UserID": "S-1-5-19"}
{"EventID": "101", "Channel": "Microsoft-Windows-CoreSystem-SmsRouter-Events/Operational", "Provider_Name": "Microsoft-Windows-CoreSystem-SmsRouter", "Computer": "DESKTOP-OFJ6N53", "TimeCreated": "2022-08-04 17:17:53.534451+00:00", "RecordID": "136", "Level": "4", "UserID": "S-1-5-19"}
{"EventID": "100", "Channel": "Microsoft-Windows-CoreSystem-SmsRouter-Events/Operational", "Provider_Name": "Microsoft-Windows-CoreSystem-SmsRouter", "Computer": "DESKTOP-OFJ6N53", "TimeCreated": "2022-08-04 17:18:53.611845+00:00", "RecordID": "137", "Level": "4", "UserID": "S-1-5-19"}
{"EventID": "200", "Channel": "Microsoft-Windows-CoreSystem-SmsRouter-Events/Operational", "Provider_Name": "Microsoft-Windows-CoreSystem-SmsRouter", "Computer": "DESKTOP-OFJ6N53", "TimeCreated": "2022-08-04 17:18:53.758268+00:00", "RecordID": "138", "Level": "4", "UserID": "S-1-5-19"}
{"EventID": "201", "Channel": "Microsoft-Windows-CoreSystem-SmsRouter-Events/Operational", "Provider_Name": "Microsoft-Windows-CoreSystem-SmsRouter", "Computer": "DESKTOP-OFJ6N53", "TimeCreated": "2022-08-04 17:20:53.779541+00:00", "RecordID": "139", "Level": "4", "UserID": "S-1-5-19"}
{"EventID": "101", "Channel": "Microsoft-Windows-CoreSystem-SmsRouter-Events/Operational", "Provider_Name": "Microsoft-Windows-CoreSystem-SmsRouter", "Computer": "DESKTOP-OFJ6N53", "TimeCreated": "2022-08-04 17:20:53.888065+00:00", "RecordID": "140", "Level": "4", "UserID": "S-1-5-19"}
{"EventID": "100", "Channel": "Microsoft-Windows-CoreSystem-SmsRouter-Events/Operational", "Provider_Name": "Microsoft-Windows-CoreSystem-SmsRouter", "Computer": "DESKTOP-OFJ6N53", "TimeCreated": "2022-08-09 19:18:45.718073+00:00", "RecordID": "141", "Level": "4", "UserID": "S-1-5-19"}
{"EventID": "200", "Channel": "Microsoft-Windows-CoreSystem-SmsRouter-Events/Operational", "Provider_Name": "Microsoft-Windows-CoreSystem-SmsRouter", "Computer": "DESKTOP-OFJ6N53", "TimeCreated": "2022-08-09 19:18:45.761072+00:00", "RecordID": "142", "Level": "4", "UserID": "S-1-5-19"}
{"EventID": "201", "Channel": "Microsoft-Windows-CoreSystem-SmsRouter-Events/Operational", "Provider_Name": "Microsoft-Windows-CoreSystem-SmsRouter", "Computer": "DESKTOP-OFJ6N53", "TimeCreated": "2022-08-09 19:21:45.583891+00:00", "RecordID": "143", "Level": "4", "UserID": "S-1-5-19"}
{"EventID": "101", "Channel": "Microsoft-Windows-CoreSystem-SmsRouter-Events/Operational", "Provider_Name": "Microsoft-Windows-CoreSystem-SmsRouter", "Computer": "DESKTOP-OFJ6N53", "TimeCreated": "2022-08-09 19:21:45.610840+00:00", "RecordID": "144", "Level": "4", "UserID": "S-1-5-19"}
{"EventID": "100", "Channel": "Microsoft-Windows-CoreSystem-SmsRouter-Events/Operational", "Provider_Name": "Microsoft-Windows-CoreSystem-SmsRouter", "Computer": "DESKTOP-OFJ6N53", "TimeCreated": "2022-08-09 19:22:48.258177+00:00", "RecordID": "145", "Level": "4", "UserID": "S-1-5-19"}
{"EventID": "200", "Channel": "Microsoft-Windows-CoreSystem-SmsRouter-Events/Operational", "Provider_Name": "Microsoft-Windows-CoreSystem-SmsRouter", "Computer": "DESKTOP-OFJ6N53", "TimeCreated": "2022-08-09 19:22:48.323303+00:00", "RecordID": "146", "Level": "4", "UserID": "S-1-5-19"}
{"EventID": "201", "Channel": "Microsoft-Windows-CoreSystem-SmsRouter-Events/Operational", "Provider_Name": "Microsoft-Windows-CoreSystem-SmsRouter", "Computer": "DESKTOP-OFJ6N53", "TimeCreated": "2022-08-09 19:24:48.339403+00:00", "RecordID": "147", "Level": "4", "UserID": "S-1-5-19"}
{"EventID": "101", "Channel": "Microsoft-Windows-CoreSystem-SmsRouter-Events/Operational", "Provider_Name": "Microsoft-Windows-CoreSystem-SmsRouter", "Computer": "DESKTOP-OFJ6N53", "TimeCreated": "2022-08-09 19:24:48.362995+00:00", "RecordID": "148", "Level": "4", "UserID": "S-1-5-19"}
{"EventID": "100", "Channel": "Microsoft-Windows-CoreSystem-SmsRouter-Events/Operational", "Provider_Name": "Microsoft-Windows-CoreSystem-SmsRouter", "Computer": "DESKTOP-OFJ6N53", "TimeCreated": "2022-09-06 09:30:01.564943+00:00", "RecordID": "149", "Level": "4", "UserID": "S-1-5-19"}
{"EventID": "200", "Channel": "Microsoft-Windows-CoreSystem-SmsRouter-Events/Operational", "Provider_Name": "Microsoft-Windows-CoreSystem-SmsRouter", "Computer": "DESKTOP-OFJ6N53", "TimeCreated": "2022-09-06 09:30:01.665672+00:00", "RecordID": "150", "Level": "4", "UserID": "S-1-5-19"}
{"EventID": "201", "Channel": "Microsoft-Windows-CoreSystem-SmsRouter-Events/Operational", "Provider_Name": "Microsoft-Windows-CoreSystem-SmsRouter", "Computer": "DESKTOP-OFJ6N53", "TimeCreated": "2022-09-06 09:33:01.402079+00:00", "RecordID": "151", "Level": "4", "UserID": "S-1-5-19"}
{"EventID": "101", "Channel": "Microsoft-Windows-CoreSystem-SmsRouter-Events/Operational", "Provider_Name": "Microsoft-Windows-CoreSystem-SmsRouter", "Computer": "DESKTOP-OFJ6N53", "TimeCreated": "2022-09-06 09:33:01.428595+00:00", "RecordID": "152", "Level": "4", "UserID": "S-1-5-19"}
{"EventID": "100", "Channel": "Microsoft-Windows-CoreSystem-SmsRouter-Events/Operational", "Provider_Name": "Microsoft-Windows-CoreSystem-SmsRouter", "Computer": "DESKTOP-OFJ6N53", "TimeCreated": "2022-09-06 09:34:01.534691+00:00", "RecordID": "153", "Level": "4", "UserID": "S-1-5-19"}
{"EventID": "200", "Channel": "Microsoft-Windows-CoreSystem-SmsRouter-Events/Operational", "Provider_Name": "Microsoft-Windows-CoreSystem-SmsRouter", "Computer": "DESKTOP-OFJ6N53", "TimeCreated": "2022-09-06 09:34:01.569452+00:00", "RecordID": "154", "Level": "4", "UserID": "S-1-5-19"}
{"EventID": "201", "Channel": "Microsoft-Windows-CoreSystem-SmsRouter-Events/Operational", "Provider_Name": "Microsoft-Windows-CoreSystem-SmsRouter", "Computer": "DESKTOP-OFJ6N53", "TimeCreated": "2022-09-06 09:36:01.580399+00:00", "RecordID": "155", "Level": "4", "UserID": "S-1-5-19"}
{"EventID": "101", "Channel": "Microsoft-Windows-CoreSystem-SmsRouter-Events/Operational", "Provider_Name": "Microsoft-Windows-CoreSystem-SmsRouter", "Computer": "DESKTOP-OFJ6N53", "TimeCreated": "2022-09-06 09:36:01.623936+00:00", "RecordID": "156", "Level": "4", "UserID": "S-1-5-19"}
{"EventID": "100", "Channel": "Microsoft-Windows-CoreSystem-SmsRouter-Events/Operational", "Provider_Name": "Microsoft-Windows-CoreSystem-SmsRouter", "Computer": "DESKTOP-OFJ6N53", "TimeCreated": "2022-09-06 13:14:18.286442+00:00", "RecordID": "157", "Level": "4", "UserID": "S-1-5-19"}
{"EventID": "200", "Channel": "Microsoft-Windows-CoreSystem-SmsRouter-Events/Operational", "Provider_Name": "Microsoft-Windows-CoreSystem-SmsRouter", "Computer": "DESKTOP-OFJ6N53", "TimeCreated": "2022-09-06 13:14:18.329147+00:00", "RecordID": "158", "Level": "4", "UserID": "S-1-5-19"}
{"EventID": "201", "Channel": "Microsoft-Windows-CoreSystem-SmsRouter-Events/Operational", "Provider_Name": "Microsoft-Windows-CoreSystem-SmsRouter", "Computer": "DESKTOP-OFJ6N53", "TimeCreated": "2022-09-06 13:17:18.130194+00:00", "RecordID": "159", "Level": "4", "UserID": "S-1-5-19"}
{"EventID": "101", "Channel": "Microsoft-Windows-CoreSystem-SmsRouter-Events/Operational", "Provider_Name": "Microsoft-Windows-CoreSystem-SmsRouter", "Computer": "DESKTOP-OFJ6N53", "TimeCreated": "2022-09-06 13:17:18.165056+00:00", "RecordID": "160", "Level": "4", "UserID": "S-1-5-19"}
{"EventID": "100", "Channel": "Microsoft-Windows-CoreSystem-SmsRouter-Events/Operational", "Provider_Name": "Microsoft-Windows-CoreSystem-SmsRouter", "Computer": "DESKTOP-OFJ6N53", "TimeCreated": "2022-09-06 13:18:18.234364+00:00", "RecordID": "161", "Level": "4", "UserID": "S-1-5-19"}
{"EventID": "200", "Channel": "Microsoft-Windows-CoreSystem-SmsRouter-Events/Operational", "Provider_Name": "Microsoft-Windows-CoreSystem-SmsRouter", "Computer": "DESKTOP-OFJ6N53", "TimeCreated": "2022-09-06 13:18:18.264875+00:00", "RecordID": "162", "Level": "4", "UserID": "S-1-5-19"}
{"EventID": "201", "Channel": "Microsoft-Windows-CoreSystem-SmsRouter-Events/Operational", "Provider_Name": "Microsoft-Windows-CoreSystem-SmsRouter", "Computer": "DESKTOP-OFJ6N53", "TimeCreated": "2022-09-06 13:20:18.265507+00:00", "RecordID": "163", "Level": "4", "UserID": "S-1-5-19"}
{"EventID": "101", "Channel": "Microsoft-Windows-CoreSystem-SmsRouter-Events/Operational", "Provider_Name": "Microsoft-Windows-CoreSystem-SmsRouter", "Computer": "DESKTOP-OFJ6N53", "TimeCreated": "2022-09-06 13:20:18.289202+00:00", "RecordID": "164", "Level": "4", "UserID": "S-1-5-19"}
{"EventID": "100", "Channel": "Microsoft-Windows-CoreSystem-SmsRouter-Events/Operational", "Provider_Name": "Microsoft-Windows-CoreSystem-SmsRouter", "Computer": "DESKTOP-OFJ6N53", "TimeCreated": "2022-09-13 14:42:59.774378+00:00", "RecordID": "165", "Level": "4", "UserID": "S-1-5-19"}
{"EventID": "200", "Channel": "Microsoft-Windows-CoreSystem-SmsRouter-Events/Operational", "Provider_Name": "Microsoft-Windows-CoreSystem-SmsRouter", "Computer": "DESKTOP-OFJ6N53", "TimeCreated": "2022-09-13 14:43:00.040670+00:00", "RecordID": "166", "Level": "4", "UserID": "S-1-5-19"}
{"EventID": "201", "Channel": "Microsoft-Windows-CoreSystem-SmsRouter-Events/Operational", "Provider_Name": "Microsoft-Windows-CoreSystem-SmsRouter", "Computer": "DESKTOP-OFJ6N53", "TimeCreated": "2022-09-13 14:45:59.585463+00:00", "RecordID": "167", "Level": "4", "UserID": "S-1-5-19"}
{"EventID": "101", "Channel": "Microsoft-Windows-CoreSystem-SmsRouter-Events/Operational", "Provider_Name": "Microsoft-Windows-CoreSystem-SmsRouter", "Computer": "DESKTOP-OFJ6N53", "TimeCreated": "2022-09-13 14:45:59.622185+00:00", "RecordID": "168", "Level": "4", "UserID": "S-1-5-19"}
{"EventID": "100", "Channel": "Microsoft-Windows-CoreSystem-SmsRouter-Events/Operational", "Provider_Name": "Microsoft-Windows-CoreSystem-SmsRouter", "Computer": "DESKTOP-OFJ6N53", "TimeCreated": "2022-09-13 14:46:59.697256+00:00", "RecordID": "169", "Level": "4", "UserID": "S-1-5-19"}
{"EventID": "200", "Channel": "Microsoft-Windows-CoreSystem-SmsRouter-Events/Operational", "Provider_Name": "Microsoft-Windows-CoreSystem-SmsRouter", "Computer": "DESKTOP-OFJ6N53", "TimeCreated": "2022-09-13 14:46:59.745399+00:00", "RecordID": "170", "Level": "4", "UserID": "S-1-5-19"}
{"EventID": "201", "Channel": "Microsoft-Windows-CoreSystem-SmsRouter-Events/Operational", "Provider_Name": "Microsoft-Windows-CoreSystem-SmsRouter", "Computer": "DESKTOP-OFJ6N53", "TimeCreated": "2022-09-13 14:48:59.743399+00:00", "RecordID": "171", "Level": "4", "UserID": "S-1-5-19"}
{"EventID": "101", "Channel": "Microsoft-Windows-CoreSystem-SmsRouter-Events/Operational", "Provider_Name": "Microsoft-Windows-CoreSystem-SmsRouter", "Computer": "DESKTOP-OFJ6N53", "TimeCreated": "2022-09-13 14:48:59.776493+00:00", "RecordID": "172", "Level": "4", "UserID": "S-1-5-19"}
{"EventID": "100", "Channel": "Microsoft-Windows-CoreSystem-SmsRouter-Events/Operational", "Provider_Name": "Microsoft-Windows-CoreSystem-SmsRouter", "Computer": "DESKTOP-OFJ6N53", "TimeCreated": "2022-09-14 17:27:24.140339+00:00", "RecordID": "173", "Level": "4", "UserID": "S-1-5-19"}
{"EventID": "200", "Channel": "Microsoft-Windows-CoreSystem-SmsRouter-Events/Operational", "Provider_Name": "Microsoft-Windows-CoreSystem-SmsRouter", "Computer": "DESKTOP-OFJ6N53", "TimeCreated": "2022-09-14 17:27:24.187111+00:00", "RecordID": "174", "Level": "4", "UserID": "S-1-5-19"}
