{"EventID": "4", "Channel": "Microsoft-Windows-Kernel-ShimEngine/Operational", "Provider_Name": "Microsoft-Windows-Kernel-ShimEngine", "Computer": "DESKTOP-OFJ6N53", "TimeCreated": "2023-03-19 01:06:43.254198+00:00", "RecordID": "237", "Level": "4", "UserID": "S-1-5-18", "EventData.DeviceName": "USBXHCI:ALL", "EventData.DeviceClass": "USBXHCI", "EventData.FlagSource": "1", "EventData.Flags": "1126037345796100"}
{"EventID": "3", "Channel": "Microsoft-Windows-Kernel-ShimEngine/Operational", "Provider_Name": "Microsoft-Windows-Kernel-ShimEngine", "Computer": "DESKTOP-OFJ6N53", "TimeCreated": "2023-03-20 08:29:18.510708+00:00", "RecordID": "238", "Level": "4", "UserID": "S-1-5-18", "EventData.DriverName": "storahci.sys", "EventData.ShimSource": "0", "EventData.ShimCount": "1", "EventData.AppliedGuids": "{434abafd-08fa-4c3d-a88d-d09a88e2ab17}"}
{"EventID": "4", "Channel": "Microsoft-Windows-Kernel-ShimEngine/Operational", "Provider_Name": "Microsoft-Windows-Kernel-ShimEngine", "Computer": "DESKTOP-OFJ6N53", "TimeCreated": "2023-03-20 08:29:22.017725+00:00", "RecordID": "239", "Level": "4", "UserID": "S-1-5-18", "EventData.DeviceName": "USBXHCI:ALL", "EventData.DeviceClass": "USBXHCI", "EventData.FlagSource": "1", "EventData.Flags": "1126037345796100"}
{"EventID": "4", "Channel": "Microsoft-Windows-Kernel-ShimEngine/Operational", "Provider_Name": "Microsoft-Windows-Kernel-ShimEngine", "Computer": "DESKTOP-OFJ6N53", "TimeCreated": "2023-03-20 08:29:22.142588+00:00", "RecordID": "240", "Level": "4", "UserID": "S-1-5-18", "EventData.DeviceName": "USBXHCI:ALL", "EventData.DeviceClass": "USBXHCI", "EventData.FlagSource": "1", "EventData.Flags": "1126037345796100"}
{"EventID": "3", "Channel": "Microsoft-Windows-Kernel-ShimEngine/Operational", "Provider_Name": "Microsoft-Windows-Kernel-ShimEngine", "Computer": "DESKTOP-OFJ6N53", "TimeCreated": "2023-03-23 09:59:40.651093+00:00", "RecordID": "241", "Level": "4", "UserID": "S-1-5-18", "EventData.DriverName": "storahci.sys", "EventData.ShimSource": "0", "EventData.ShimCount": "1", "EventData.AppliedGuids": "{434abafd-08fa-4c3d-a88d-d09a88e2ab17}"}
{"EventID": "4", "Channel": "Microsoft-Windows-Kernel-ShimEngine/Operational", "Provider_Name": "Microsoft-Windows-Kernel-ShimEngine", "Computer": "DESKTOP-OFJ6N53", "TimeCreated": "2023-03-23 09:59:43.243824+00:00", "RecordID": "242", "Level": "4", "UserID": "S-1-5-18", "EventData.DeviceName": "USBXHCI:ALL", "EventData.DeviceClass": "USBXHCI", "EventData.FlagSource": "1", "EventData.Flags": "1126037345796100"}
{"EventID": "4", "Channel": "Microsoft-Windows-Kernel-ShimEngine/Operational", "Provider_Name": "Microsoft-Windows-Kernel-ShimEngine", "Computer": "DESKTOP-OFJ6N53", "TimeCreated": "2023-03-23 09:59:43.561228+00:00", "RecordID": "243", "Level": "4", "UserID": "S-1-5-18", "EventData.DeviceName": "USBXHCI:ALL", "EventData.DeviceClass": "USBXHCI", "EventData.FlagSource": "1", "EventData.Flags": "1126037345796100"}
{"EventID": "3", "Channel": "Microsoft-Windows-Kernel-ShimEngine/Operational", "Provider_Name": "Microsoft-Windows-Kernel-ShimEngine", "Computer": "DESKTOP-OFJ6N53", "TimeCreated": "2023-03-29 11:07:26.302946+00:00", "RecordID": "244", "Level": "4", "UserID": "S-1-5-18", "EventData.DriverName": "storahci.sys", "EventData.ShimSource": "0", "EventData.ShimCount": "1", "EventData.AppliedGuids": "{434abafd-08fa-4c3d-a88d-d09a88e2ab17}"}
{"EventID": "4", "Channel": "Microsoft-Windows-Kernel-ShimEngine/Operational", "Provider_Name": "Microsoft-Windows-Kernel-ShimEngine", "Computer": "DESKTOP-OFJ6N53", "TimeCreated": "2023-03-29 11:07:28.781229+00:00", "RecordID": "245", "Level": "4", "UserID": "S-1-5-18", "EventData.DeviceName": "USBXHCI:ALL", "EventData.DeviceClass": "USBXHCI", "EventData.FlagSource": "1", "EventData.Flags": "1126037345796100"}
{"EventID": "4", "Channel": "Microsoft-Windows-Kernel-ShimEngine/Operational", "Provider_Name": "Microsoft-Windows-Kernel-ShimEngine", "Computer": "DESKTOP-OFJ6N53", "TimeCreated": "2023-03-29 11:07:28.845766+00:00", "RecordID": "246", "Level": "4", "UserID": "S-1-5-18", "EventData.DeviceName": "USBXHCI:ALL", "EventData.DeviceClass": "USBXHCI", "EventData.FlagSource": "1", "EventData.Flags": "1126037345796100"}
{"EventID": "3", "Channel": "Microsoft-Windows-Kernel-ShimEngine/Operational", "Provider_Name": "Microsoft-Windows-Kernel-ShimEngine", "Computer": "DESKTOP-OFJ6N53", "TimeCreated": "2023-04-03 12:06:04.889469+00:00", "RecordID": "247", "Level": "4", "UserID": "S-1-5-18", "EventData.DriverName": "storahci.sys", "EventData.ShimSource": "0", "EventData.ShimCount": "1", "EventData.AppliedGuids": "{434abafd-08fa-4c3d-a88d-d09a88e2ab17}"}
{"EventID": "4", "Channel": "Microsoft-Windows-Kernel-ShimEngine/Operational", "Provider_Name": "Microsoft-Windows-Kernel-ShimEngine", "Computer": "DESKTOP-OFJ6N53", "TimeCreated": "2023-04-03 12:06:07.602190+00:00", "RecordID": "248", "Level": "4", "UserID": "S-1-5-18", "EventData.DeviceName": "USBXHCI:ALL", "EventData.DeviceClass": "USBXHCI", "EventData.FlagSource": "1", "EventData.Flags": "1126037345796100"}
{"EventID": "4", "Channel": "Microsoft-Windows-Kernel-ShimEngine/Operational", "Provider_Name": "Microsoft-Windows-Kernel-ShimEngine", "Computer": "DESKTOP-OFJ6N53", "TimeCreated": "2023-04-03 12:06:07.697680+00:00", "RecordID": "249", "Level": "4", "UserID": "S-1-5-18", "EventData.DeviceName": "USBXHCI:ALL", "EventData.DeviceClass": "USBXHCI", "EventData.FlagSource": "1", "EventData.Flags": "1126037345796100"}
{"EventID": "3", "Channel": "Microsoft-Windows-Kernel-ShimEngine/Operational", "Provider_Name": "Microsoft-Windows-Kernel-ShimEngine", "Computer": "DESKTOP-OFJ6N53", "TimeCreated": "2023-04-03 14:20:32.515665+00:00", "RecordID": "250", "Level": "4", "UserID": "S-1-5-18", "EventData.DriverName": "storahci.sys", "EventData.ShimSource": "0", "EventData.ShimCount": "1", "EventData.AppliedGuids": "{434abafd-08fa-4c3d-a88d-d09a88e2ab17}"}
{"EventID": "4", "Channel": "Microsoft-Windows-Kernel-ShimEngine/Operational", "Provider_Name": "Microsoft-Windows-Kernel-ShimEngine", "Computer": "DESKTOP-OFJ6N53", "TimeCreated": "2023-04-03 14:20:35.323061+00:00", "RecordID": "251", "Level": "4", "UserID": "S-1-5-18", "EventData.DeviceName": "USBXHCI:ALL", "EventData.DeviceClass": "USBXHCI", "EventData.FlagSource": "1", "EventData.Flags": "1126037345796100"}
{"EventID": "4", "Channel": "Microsoft-Windows-Kernel-ShimEngine/Operational", "Provider_Name": "Microsoft-Windows-Kernel-ShimEngine", "Computer": "DESKTOP-OFJ6N53", "TimeCreated": "2023-04-03 14:20:35.384470+00:00", "RecordID": "252", "Level": "4", "UserID": "S-1-5-18", "EventData.DeviceName": "USBXHCI:ALL", "EventData.DeviceClass": "USBXHCI", "EventData.FlagSource": "1", "EventData.Flags": "1126037345796100"}
{"EventID": "3", "Channel": "Microsoft-Windows-Kernel-ShimEngine/Operational", "Provider_Name": "Microsoft-Windows-Kernel-ShimEngine", "Computer": "DESKTOP-OFJ6N53", "TimeCreated": "2023-04-04 06:29:33.801613+00:00", "RecordID": "253", "Level": "4", "UserID": "S-1-5-18", "EventData.DriverName": "storahci.sys", "EventData.ShimSource": "0", "EventData.ShimCount": "1", "EventData.AppliedGuids": "{434abafd-08fa-4c3d-a88d-d09a88e2ab17}"}
{"EventID": "4", "Channel": "Microsoft-Windows-Kernel-ShimEngine/Operational", "Provider_Name": "Microsoft-Windows-Kernel-ShimEngine", "Computer": "DESKTOP-OFJ6N53", "TimeCreated": "2023-04-04 06:29:37.518375+00:00", "RecordID": "254", "Level": "4", "UserID": "S-1-5-18", "EventData.DeviceName": "USBXHCI:ALL", "EventData.DeviceClass": "USBXHCI", "EventData.FlagSource": "1", "EventData.Flags": "1126037345796100"}
{"EventID": "4", "Channel": "Microsoft-Windows-Kernel-ShimEngine/Operational", "Provider_Name": "Microsoft-Windows-Kernel-ShimEngine", "Computer": "DESKTOP-OFJ6N53", "TimeCreated": "2023-04-04 06:29:37.594570+00:00", "RecordID": "255", "Level": "4", "UserID": "S-1-5-18", "EventData.DeviceName": "USBXHCI:ALL", "EventData.DeviceClass": "USBXHCI", "EventData.FlagSource": "1", "EventData.Flags": "1126037345796100"}
{"EventID": "3", "Channel": "Microsoft-Windows-Kernel-ShimEngine/Operational", "Provider_Name": "Microsoft-Windows-Kernel-ShimEngine", "Computer": "DESKTOP-OFJ6N53", "TimeCreated": "2023-04-05 07:27:38.031948+00:00", "RecordID": "256", "Level": "4", "UserID": "S-1-5-18", "EventData.DriverName": "storahci.sys", "EventData.ShimSource": "0", "EventData.ShimCount": "1", "EventData.AppliedGuids": "{434abafd-08fa-4c3d-a88d-d09a88e2ab17}"}
{"EventID": "4", "Channel": "Microsoft-Windows-Kernel-ShimEngine/Operational", "Provider_Name": "Microsoft-Windows-Kernel-ShimEngine", "Computer": "DESKTOP-OFJ6N53", "TimeCreated": "2023-04-05 07:27:42.551279+00:00", "RecordID": "257", "Level": "4", "UserID": "S-1-5-18", "EventData.DeviceName": "USBXHCI:ALL", "EventData.DeviceClass": "USBXHCI", "EventData.FlagSource": "1", "EventData.Flags": "1126037345796100"}
{"EventID": "4", "Channel": "Microsoft-Windows-Kernel-ShimEngine/Operational", "Provider_Name": "Microsoft-Windows-Kernel-ShimEngine", "Computer": "DESKTOP-OFJ6N53", "TimeCreated": "2023-04-05 07:27:42.649279+00:00", "RecordID": "258", "Level": "4", "UserID": "S-1-5-18", "EventData.DeviceName": "USBXHCI:ALL", "EventData.DeviceClass": "USBXHCI", "EventData.FlagSource": "1", "EventData.Flags": "1126037345796100"}
{"EventID": "3", "Channel": "Microsoft-Windows-Kernel-ShimEngine/Operational", "Provider_Name": "Microsoft-Windows-Kernel-ShimEngine", "Computer": "DESKTOP-OFJ6N53", "TimeCreated": "2023-04-05 15:17:30.558445+00:00", "RecordID": "259", "Level": "4", "UserID": "S-1-5-18", "EventData.DriverName": "storahci.sys", "EventData.ShimSource": "0", "EventData.ShimCount": "1", "EventData.AppliedGuids": "{434abafd-08fa-4c3d-a88d-d09a88e2ab17}"}
{"EventID": "4", "Channel": "Microsoft-Windows-Kernel-ShimEngine/Operational", "Provider_Name": "Microsoft-Windows-Kernel-ShimEngine", "Computer": "DESKTOP-OFJ6N53", "TimeCreated": "2023-04-05 15:17:34.772789+00:00", "RecordID": "260", "Level": "4", "UserID": "S-1-5-18", "EventData.DeviceName": "USBXHCI:ALL", "EventData.DeviceClass": "USBXHCI", "EventData.FlagSource": "1", "EventData.Flags": "1126037345796100"}
{"EventID": "4", "Channel": "Microsoft-Windows-Kernel-ShimEngine/Operational", "Provider_Name": "Microsoft-Windows-Kernel-ShimEngine", "Computer": "DESKTOP-OFJ6N53", "TimeCreated": "2023-04-05 15:17:34.831137+00:00", "RecordID": "261", "Level": "4", "UserID": "S-1-5-18", "EventData.DeviceName": "USBXHCI:ALL", "EventData.DeviceClass": "USBXHCI", "EventData.FlagSource": "1", "EventData.Flags": "1126037345796100"}
{"EventID": "3", "Channel": "Microsoft-Windows-Kernel-ShimEngine/Operational", "Provider_Name": "Microsoft-Windows-Kernel-ShimEngine", "Computer": "DESKTOP-OFJ6N53", "TimeCreated": "2023-04-11 19:40:30.201864+00:00", "RecordID": "262", "Level": "4", "UserID": "S-1-5-18", "EventData.DriverName": "storahci.sys", "EventData.ShimSource": "0", "EventData.ShimCount": "1", "EventData.AppliedGuids": "{434abafd-08fa-4c3d-a88d-d09a88e2ab17}"}
{"EventID": "4", "Channel": "Microsoft-Windows-Kernel-ShimEngine/Operational", "Provider_Name": "Microsoft-Windows-Kernel-ShimEngine", "Computer": "DESKTOP-OFJ6N53", "TimeCreated": "2023-04-11 19:40:33.444525+00:00", "RecordID": "263", "Level": "4", "UserID": "S-1-5-18", "EventData.DeviceName": "USBXHCI:ALL", "EventData.DeviceClass": "USBXHCI", "EventData.FlagSource": "1", "EventData.Flags": "1126037345796100"}
{"EventID": "4", "Channel": "Microsoft-Windows-Kernel-ShimEngine/Operational", "Provider_Name": "Microsoft-Windows-Kernel-ShimEngine", "Computer": "DESKTOP-OFJ6N53", "TimeCreated": "2023-04-11 19:40:33.521761+00:00", "RecordID": "264", "Level": "4", "UserID": "S-1-5-18", "EventData.DeviceName": "USBXHCI:ALL", "EventData.DeviceClass": "USBXHCI", "EventData.FlagSource": "1", "EventData.Flags": "1126037345796100"}
{"EventID": "3", "Channel": "Microsoft-Windows-Kernel-ShimEngine/Operational", "Provider_Name": "Microsoft-Windows-Kernel-ShimEngine", "Computer": "DESKTOP-OFJ6N53", "TimeCreated": "2023-04-12 17:26:39.053534+00:00", "RecordID": "265", "Level": "4", "UserID": "S-1-5-18", "EventData.DriverName": "storahci.sys", "EventData.ShimSource": "0", "EventData.ShimCount": "1", "EventData.AppliedGuids": "{434abafd-08fa-4c3d-a88d-d09a88e2ab17}"}
{"EventID": "4", "Channel": "Microsoft-Windows-Kernel-ShimEngine/Operational", "Provider_Name": "Microsoft-Windows-Kernel-ShimEngine", "Computer": "DESKTOP-OFJ6N53", "TimeCreated": "2023-04-12 17:26:41.706182+00:00", "RecordID": "266", "Level": "4", "UserID": "S-1-5-18", "EventData.DeviceName": "USBXHCI:ALL", "EventData.DeviceClass": "USBXHCI", "EventData.FlagSource": "1", "EventData.Flags": "1126037345796100"}
{"EventID": "4", "Channel": "Microsoft-Windows-Kernel-ShimEngine/Operational", "Provider_Name": "Microsoft-Windows-Kernel-ShimEngine", "Computer": "DESKTOP-OFJ6N53", "TimeCreated": "2023-04-12 17:26:41.760933+00:00", "RecordID": "267", "Level": "4", "UserID": "S-1-5-18", "EventData.DeviceName": "USBXHCI:ALL", "EventData.DeviceClass": "USBXHCI", "EventData.FlagSource": "1", "EventData.Flags": "1126037345796100"}
{"EventID": "3", "Channel": "Microsoft-Windows-Kernel-ShimEngine/Operational", "Provider_Name": "Microsoft-Windows-Kernel-ShimEngine", "Computer": "DESKTOP-OFJ6N53", "TimeCreated": "2023-04-22 12:24:06.424976+00:00", "RecordID": "268", "Level": "4", "UserID": "S-1-5-18", "EventData.DriverName": "storahci.sys", "EventData.ShimSource": "0", "EventData.ShimCount": "1", "EventData.AppliedGuids": "{434abafd-08fa-4c3d-a88d-d09a88e2ab17}"}
{"EventID": "4", "Channel": "Microsoft-Windows-Kernel-ShimEngine/Operational", "Provider_Name": "Microsoft-Windows-Kernel-ShimEngine", "Computer": "DESKTOP-OFJ6N53", "TimeCreated": "2023-04-22 12:24:11.828215+00:00", "RecordID": "269", "Level": "4", "UserID": "S-1-5-18", "EventData.DeviceName": "USBXHCI:ALL", "EventData.DeviceClass": "USBXHCI", "EventData.FlagSource": "1", "EventData.Flags": "1126037345796100"}
{"EventID": "4", "Channel": "Microsoft-Windows-Kernel-ShimEngine/Operational", "Provider_Name": "Microsoft-Windows-Kernel-ShimEngine", "Computer": "DESKTOP-OFJ6N53", "TimeCreated": "2023-04-22 12:24:11.882227+00:00", "RecordID": "270", "Level": "4", "UserID": "S-1-5-18", "EventData.DeviceName": "USBXHCI:ALL", "EventData.DeviceClass": "USBXHCI", "EventData.FlagSource": "1", "EventData.Flags": "1126037345796100"}
{"EventID": "3", "Channel": "Microsoft-Windows-Kernel-ShimEngine/Operational", "Provider_Name": "Microsoft-Windows-Kernel-ShimEngine", "Computer": "DESKTOP-OFJ6N53", "TimeCreated": "2023-04-26 10:05:02.305412+00:00", "RecordID": "271", "Level": "4", "UserID": "S-1-5-18", "EventData.DriverName": "storahci.sys", "EventData.ShimSource": "0", "EventData.ShimCount": "1", "EventData.AppliedGuids": "{434abafd-08fa-4c3d-a88d-d09a88e2ab17}"}
{"EventID": "4", "Channel": "Microsoft-Windows-Kernel-ShimEngine/Operational", "Provider_Name": "Microsoft-Windows-Kernel-ShimEngine", "Computer": "DESKTOP-OFJ6N53", "TimeCreated": "2023-04-26 10:05:04.182814+00:00", "RecordID": "272", "Level": "4", "UserID": "S-1-5-18", "EventData.DeviceName": "USBXHCI:ALL", "EventData.DeviceClass": "USBXHCI", "EventData.FlagSource": "1", "EventData.Flags": "1126037345796100"}
{"EventID": "4", "Channel": "Microsoft-Windows-Kernel-ShimEngine/Operational", "Provider_Name": "Microsoft-Windows-Kernel-ShimEngine", "Computer": "DESKTOP-OFJ6N53", "TimeCreated": "2023-04-26 10:05:04.234497+00:00", "RecordID": "273", "Level": "4", "UserID": "S-1-5-18", "EventData.DeviceName": "USBXHCI:ALL", "EventData.DeviceClass": "USBXHCI", "EventData.FlagSource": "1", "EventData.Flags": "1126037345796100"}
{"EventID": "3", "Channel": "Microsoft-Windows-Kernel-ShimEngine/Operational", "Provider_Name": "Microsoft-Windows-Kernel-ShimEngine", "Computer": "DESKTOP-OFJ6N53", "TimeCreated": "2023-05-02 20:27:33.610756+00:00", "RecordID": "274", "Level": "4", "UserID": "S-1-5-18", "EventData.DriverName": "storahci.sys", "EventData.ShimSource": "0", "EventData.ShimCount": "1", "EventData.AppliedGuids": "{434abafd-08fa-4c3d-a88d-d09a88e2ab17}"}
{"EventID": "4", "Channel": "Microsoft-Windows-Kernel-ShimEngine/Operational", "Provider_Name": "Microsoft-Windows-Kernel-ShimEngine", "Computer": "DESKTOP-OFJ6N53", "TimeCreated": "2023-05-02 20:27:35.983612+00:00", "RecordID": "275", "Level": "4", "UserID": "S-1-5-18", "EventData.DeviceName": "USBXHCI:ALL", "EventData.DeviceClass": "USBXHCI", "EventData.FlagSource": "1", "EventData.Flags": "1126037345796100"}
{"EventID": "4", "Channel": "Microsoft-Windows-Kernel-ShimEngine/Operational", "Provider_Name": "Microsoft-Windows-Kernel-ShimEngine", "Computer": "DESKTOP-OFJ6N53", "TimeCreated": "2023-05-02 20:27:36.049137+00:00", "RecordID": "276", "Level": "4", "UserID": "S-1-5-18", "EventData.DeviceName": "USBXHCI:ALL", "EventData.DeviceClass": "USBXHCI", "EventData.FlagSource": "1", "EventData.Flags": "1126037345796100"}
{"EventID": "3", "Channel": "Microsoft-Windows-Kernel-ShimEngine/Operational", "Provider_Name": "Microsoft-Windows-Kernel-ShimEngine", "Computer": "DESKTOP-OFJ6N53", "TimeCreated": "2023-05-03 08:16:06.974474+00:00", "RecordID": "277", "Level": "4", "UserID": "S-1-5-18", "EventData.DriverName": "storahci.sys", "EventData.ShimSource": "0", "EventData.ShimCount": "1", "EventData.AppliedGuids": "{434abafd-08fa-4c3d-a88d-d09a88e2ab17}"}
{"EventID": "4", "Channel": "Microsoft-Windows-Kernel-ShimEngine/Operational", "Provider_Name": "Microsoft-Windows-Kernel-ShimEngine", "Computer": "DESKTOP-OFJ6N53", "TimeCreated": "2023-05-03 08:16:21.642502+00:00", "RecordID": "278", "Level": "4", "UserID": "S-1-5-18", "EventData.DeviceName": "USBXHCI:ALL", "EventData.DeviceClass": "USBXHCI", "EventData.FlagSource": "1", "EventData.Flags": "1126037345796100"}
{"EventID": "4", "Channel": "Microsoft-Windows-Kernel-ShimEngine/Operational", "Provider_Name": "Microsoft-Windows-Kernel-ShimEngine", "Computer": "DESKTOP-OFJ6N53", "TimeCreated": "2023-05-03 08:16:21.738508+00:00", "RecordID": "279", "Level": "4", "UserID": "S-1-5-18", "EventData.DeviceName": "USBXHCI:ALL", "EventData.DeviceClass": "USBXHCI", "EventData.FlagSource": "1", "EventData.Flags": "1126037345796100"}
{"EventID": "3", "Channel": "Microsoft-Windows-Kernel-ShimEngine/Operational", "Provider_Name": "Microsoft-Windows-Kernel-ShimEngine", "Computer": "DESKTOP-OFJ6N53", "TimeCreated": "2023-05-10 00:45:40.919872+00:00", "RecordID": "280", "Level": "4", "UserID": "S-1-5-18", "EventData.DriverName": "storahci.sys", "EventData.ShimSource": "0", "EventData.ShimCount": "1", "EventData.AppliedGuids": "{434abafd-08fa-4c3d-a88d-d09a88e2ab17}"}
{"EventID": "4", "Channel": "Microsoft-Windows-Kernel-ShimEngine/Operational", "Provider_Name": "Microsoft-Windows-Kernel-ShimEngine", "Computer": "DESKTOP-OFJ6N53", "TimeCreated": "2023-05-10 00:45:43.082220+00:00", "RecordID": "281", "Level": "4", "UserID": "S-1-5-18", "EventData.DeviceName": "USBXHCI:ALL", "EventData.DeviceClass": "USBXHCI", "EventData.FlagSource": "1", "EventData.Flags": "1126037345796100"}
{"EventID": "4", "Channel": "Microsoft-Windows-Kernel-ShimEngine/Operational", "Provider_Name": "Microsoft-Windows-Kernel-ShimEngine", "Computer": "DESKTOP-OFJ6N53", "TimeCreated": "2023-05-10 00:45:43.138000+00:00", "RecordID": "282", "Level": "4", "UserID": "S-1-5-18", "EventData.DeviceName": "USBXHCI:ALL", "EventData.DeviceClass": "USBXHCI", "EventData.FlagSource": "1", "EventData.Flags": "1126037345796100"}
{"EventID": "3", "Channel": "Microsoft-Windows-Kernel-ShimEngine/Operational", "Provider_Name": "Microsoft-Windows-Kernel-ShimEngine", "Computer": "DESKTOP-OFJ6N53", "TimeCreated": "2023-05-15 12:19:35.523285+00:00", "RecordID": "283", "Level": "4", "UserID": "S-1-5-18", "EventData.DriverName": "storahci.sys", "EventData.ShimSource": "0", "EventData.ShimCount": "1", "EventData.AppliedGuids": "{434abafd-08fa-4c3d-a88d-d09a88e2ab17}"}
{"EventID": "4", "Channel": "Microsoft-Windows-Kernel-ShimEngine/Operational", "Provider_Name": "Microsoft-Windows-Kernel-ShimEngine", "Computer": "DESKTOP-OFJ6N53", "TimeCreated": "2023-05-15 12:19:38.029680+00:00", "RecordID": "284", "Level": "4", "UserID": "S-1-5-18", "EventData.DeviceName": "USBXHCI:ALL", "EventData.DeviceClass": "USBXHCI", "EventData.FlagSource": "1", "EventData.Flags": "1126037345796100"}
{"EventID": "4", "Channel": "Microsoft-Windows-Kernel-ShimEngine/Operational", "Provider_Name": "Microsoft-Windows-Kernel-ShimEngine", "Computer": "DESKTOP-OFJ6N53", "TimeCreated": "2023-05-15 12:19:38.078381+00:00", "RecordID": "285", "Level": "4", "UserID": "S-1-5-18", "EventData.DeviceName": "USBXHCI:ALL", "EventData.DeviceClass": "USBXHCI", "EventData.FlagSource": "1", "EventData.Flags": "1126037345796100"}
{"EventID": "3", "Channel": "Microsoft-Windows-Kernel-ShimEngine/Operational", "Provider_Name": "Microsoft-Windows-Kernel-ShimEngine", "Computer": "DESKTOP-OFJ6N53", "TimeCreated": "2023-05-16 14:55:17.515415+00:00", "RecordID": "286", "Level": "4", "UserID": "S-1-5-18", "EventData.DriverName": "storahci.sys", "EventData.ShimSource": "0", "EventData.ShimCount": "1", "EventData.AppliedGuids": "{434abafd-08fa-4c3d-a88d-d09a88e2ab17}"}
{"EventID": "4", "Channel": "Microsoft-Windows-Kernel-ShimEngine/Operational", "Provider_Name": "Microsoft-Windows-Kernel-ShimEngine", "Computer": "DESKTOP-OFJ6N53", "TimeCreated": "2023-05-16 14:55:19.789074+00:00", "RecordID": "287", "Level": "4", "UserID": "S-1-5-18", "EventData.DeviceName": "USBXHCI:ALL", "EventData.DeviceClass": "USBXHCI", "EventData.FlagSource": "1", "EventData.Flags": "1126037345796100"}
{"EventID": "4", "Channel": "Microsoft-Windows-Kernel-ShimEngine/Operational", "Provider_Name": "Microsoft-Windows-Kernel-ShimEngine", "Computer": "DESKTOP-OFJ6N53", "TimeCreated": "2023-05-16 14:55:19.838400+00:00", "RecordID": "288", "Level": "4", "UserID": "S-1-5-18", "EventData.DeviceName": "USBXHCI:ALL", "EventData.DeviceClass": "USBXHCI", "EventData.FlagSource": "1", "EventData.Flags": "1126037345796100"}
{"EventID": "3", "Channel": "Microsoft-Windows-Kernel-ShimEngine/Operational", "Provider_Name": "Microsoft-Windows-Kernel-ShimEngine", "Computer": "DESKTOP-OFJ6N53", "TimeCreated": "2023-06-09 08:39:38.275270+00:00", "RecordID": "289", "Level": "4", "UserID": "S-1-5-18", "EventData.DriverName": "storahci.sys", "EventData.ShimSource": "0", "EventData.ShimCount": "1", "EventData.AppliedGuids": "{434abafd-08fa-4c3d-a88d-d09a88e2ab17}"}
{"EventID": "4", "Channel": "Microsoft-Windows-Kernel-ShimEngine/Operational", "Provider_Name": "Microsoft-Windows-Kernel-ShimEngine", "Computer": "DESKTOP-OFJ6N53", "TimeCreated": "2023-06-09 08:39:41.029392+00:00", "RecordID": "290", "Level": "4", "UserID": "S-1-5-18", "EventData.DeviceName": "USBXHCI:ALL", "EventData.DeviceClass": "USBXHCI", "EventData.FlagSource": "1", "EventData.Flags": "1126037345796100"}
{"EventID": "4", "Channel": "Microsoft-Windows-Kernel-ShimEngine/Operational", "Provider_Name": "Microsoft-Windows-Kernel-ShimEngine", "Computer": "DESKTOP-OFJ6N53", "TimeCreated": "2023-06-09 08:39:41.094797+00:00", "RecordID": "291", "Level": "4", "UserID": "S-1-5-18", "EventData.DeviceName": "USBXHCI:ALL", "EventData.DeviceClass": "USBXHCI", "EventData.FlagSource": "1", "EventData.Flags": "1126037345796100"}
{"EventID": "3", "Channel": "Microsoft-Windows-Kernel-ShimEngine/Operational", "Provider_Name": "Microsoft-Windows-Kernel-ShimEngine", "Computer": "DESKTOP-OFJ6N53", "TimeCreated": "2023-06-11 21:00:30.129725+00:00", "RecordID": "292", "Level": "4", "UserID": "S-1-5-18", "EventData.DriverName": "storahci.sys", "EventData.ShimSource": "0", "EventData.ShimCount": "1", "EventData.AppliedGuids": "{434abafd-08fa-4c3d-a88d-d09a88e2ab17}"}
{"EventID": "4", "Channel": "Microsoft-Windows-Kernel-ShimEngine/Operational", "Provider_Name": "Microsoft-Windows-Kernel-ShimEngine", "Computer": "DESKTOP-OFJ6N53", "TimeCreated": "2023-06-11 21:00:32.601460+00:00", "RecordID": "293", "Level": "4", "UserID": "S-1-5-18", "EventData.DeviceName": "USBXHCI:ALL", "EventData.DeviceClass": "USBXHCI", "EventData.FlagSource": "1", "EventData.Flags": "1126037345796100"}
{"EventID": "4", "Channel": "Microsoft-Windows-Kernel-ShimEngine/Operational", "Provider_Name": "Microsoft-Windows-Kernel-ShimEngine", "Computer": "DESKTOP-OFJ6N53", "TimeCreated": "2023-06-11 21:00:32.661158+00:00", "RecordID": "294", "Level": "4", "UserID": "S-1-5-18", "EventData.DeviceName": "USBXHCI:ALL", "EventData.DeviceClass": "USBXHCI", "EventData.FlagSource": "1", "EventData.Flags": "1126037345796100"}
{"EventID": "3", "Channel": "Microsoft-Windows-Kernel-ShimEngine/Operational", "Provider_Name": "Microsoft-Windows-Kernel-ShimEngine", "Computer": "DESKTOP-OFJ6N53", "TimeCreated": "2023-06-13 19:24:31.739164+00:00", "RecordID": "295", "Level": "4", "UserID": "S-1-5-18", "EventData.DriverName": "storahci.sys", "EventData.ShimSource": "0", "EventData.ShimCount": "1", "EventData.AppliedGuids": "{434abafd-08fa-4c3d-a88d-d09a88e2ab17}"}
{"EventID": "4", "Channel": "Microsoft-Windows-Kernel-ShimEngine/Operational", "Provider_Name": "Microsoft-Windows-Kernel-ShimEngine", "Computer": "DESKTOP-OFJ6N53", "TimeCreated": "2023-06-13 19:24:34.410166+00:00", "RecordID": "296", "Level": "4", "UserID": "S-1-5-18", "EventData.DeviceName": "USBXHCI:ALL", "EventData.DeviceClass": "USBXHCI", "EventData.FlagSource": "1", "EventData.Flags": "1126037345796100"}
{"EventID": "4", "Channel": "Microsoft-Windows-Kernel-ShimEngine/Operational", "Provider_Name": "Microsoft-Windows-Kernel-ShimEngine", "Computer": "DESKTOP-OFJ6N53", "TimeCreated": "2023-06-13 19:24:34.478901+00:00", "RecordID": "297", "Level": "4", "UserID": "S-1-5-18", "EventData.DeviceName": "USBXHCI:ALL", "EventData.DeviceClass": "USBXHCI", "EventData.FlagSource": "1", "EventData.Flags": "1126037345796100"}
{"EventID": "3", "Channel": "Microsoft-Windows-Kernel-ShimEngine/Operational", "Provider_Name": "Microsoft-Windows-Kernel-ShimEngine", "Computer": "DESKTOP-OFJ6N53", "TimeCreated": "2023-06-27 09:47:12.206701+00:00", "RecordID": "298", "Level": "4", "UserID": "S-1-5-18", "EventData.DriverName": "storahci.sys", "EventData.ShimSource": "0", "EventData.ShimCount": "1", "EventData.AppliedGuids": "{434abafd-08fa-4c3d-a88d-d09a88e2ab17}"}
{"EventID": "4", "Channel": "Microsoft-Windows-Kernel-ShimEngine/Operational", "Provider_Name": "Microsoft-Windows-Kernel-ShimEngine", "Computer": "DESKTOP-OFJ6N53", "TimeCreated": "2023-06-27 09:47:14.990757+00:00", "RecordID": "299", "Level": "4", "UserID": "S-1-5-18", "EventData.DeviceName": "USBXHCI:ALL", "EventData.DeviceClass": "USBXHCI", "EventData.FlagSource": "1", "EventData.Flags": "1126037345796100"}
{"EventID": "4", "Channel": "Microsoft-Windows-Kernel-ShimEngine/Operational", "Provider_Name": "Microsoft-Windows-Kernel-ShimEngine", "Computer": "DESKTOP-OFJ6N53", "TimeCreated": "2023-06-27 09:47:15.066151+00:00", "RecordID": "300", "Level": "4", "UserID": "S-1-5-18", "EventData.DeviceName": "USBXHCI:ALL", "EventData.DeviceClass": "USBXHCI", "EventData.FlagSource": "1", "EventData.Flags": "1126037345796100"}
{"EventID": "3", "Channel": "Microsoft-Windows-Kernel-ShimEngine/Operational", "Provider_Name": "Microsoft-Windows-Kernel-ShimEngine", "Computer": "DESKTOP-OFJ6N53", "TimeCreated": "2023-07-03 07:37:35.663338+00:00", "RecordID": "301", "Level": "4", "UserID": "S-1-5-18", "EventData.DriverName": "storahci.sys", "EventData.ShimSource": "0", "EventData.ShimCount": "1", "EventData.AppliedGuids": "{434abafd-08fa-4c3d-a88d-d09a88e2ab17}"}
{"EventID": "4", "Channel": "Microsoft-Windows-Kernel-ShimEngine/Operational", "Provider_Name": "Microsoft-Windows-Kernel-ShimEngine", "Computer": "DESKTOP-OFJ6N53", "TimeCreated": "2023-07-03 07:37:38.245741+00:00", "RecordID": "302", "Level": "4", "UserID": "S-1-5-18", "EventData.DeviceName": "USBXHCI:ALL", "EventData.DeviceClass": "USBXHCI", "EventData.FlagSource": "1", "EventData.Flags": "1126037345796100"}
{"EventID": "4", "Channel": "Microsoft-Windows-Kernel-ShimEngine/Operational", "Provider_Name": "Microsoft-Windows-Kernel-ShimEngine", "Computer": "DESKTOP-OFJ6N53", "TimeCreated": "2023-07-03 07:37:38.368179+00:00", "RecordID": "303", "Level": "4", "UserID": "S-1-5-18", "EventData.DeviceName": "USBXHCI:ALL", "EventData.DeviceClass": "USBXHCI", "EventData.FlagSource": "1", "EventData.Flags": "1126037345796100"}
{"EventID": "3", "Channel": "Microsoft-Windows-Kernel-ShimEngine/Operational", "Provider_Name": "Microsoft-Windows-Kernel-ShimEngine", "Computer": "DESKTOP-OFJ6N53", "TimeCreated": "2023-07-06 12:44:15.484119+00:00", "RecordID": "304", "Level": "4", "UserID": "S-1-5-18", "EventData.DriverName": "storahci.sys", "EventData.ShimSource": "0", "EventData.ShimCount": "1", "EventData.AppliedGuids": "{434abafd-08fa-4c3d-a88d-d09a88e2ab17}"}
{"EventID": "4", "Channel": "Microsoft-Windows-Kernel-ShimEngine/Operational", "Provider_Name": "Microsoft-Windows-Kernel-ShimEngine", "Computer": "DESKTOP-OFJ6N53", "TimeCreated": "2023-07-06 12:44:18.181402+00:00", "RecordID": "305", "Level": "4", "UserID": "S-1-5-18", "EventData.DeviceName": "USBXHCI:ALL", "EventData.DeviceClass": "USBXHCI", "EventData.FlagSource": "1", "EventData.Flags": "1126037345796100"}
{"EventID": "4", "Channel": "Microsoft-Windows-Kernel-ShimEngine/Operational", "Provider_Name": "Microsoft-Windows-Kernel-ShimEngine", "Computer": "DESKTOP-OFJ6N53", "TimeCreated": "2023-07-06 12:44:18.246559+00:00", "RecordID": "306", "Level": "4", "UserID": "S-1-5-18", "EventData.DeviceName": "USBXHCI:ALL", "EventData.DeviceClass": "USBXHCI", "EventData.FlagSource": "1", "EventData.Flags": "1126037345796100"}
{"EventID": "3", "Channel": "Microsoft-Windows-Kernel-ShimEngine/Operational", "Provider_Name": "Microsoft-Windows-Kernel-ShimEngine", "Computer": "DESKTOP-OFJ6N53", "TimeCreated": "2023-07-12 14:40:24.428587+00:00", "RecordID": "307", "Level": "4", "UserID": "S-1-5-18", "EventData.DriverName": "storahci.sys", "EventData.ShimSource": "0", "EventData.ShimCount": "1", "EventData.AppliedGuids": "{434abafd-08fa-4c3d-a88d-d09a88e2ab17}"}
{"EventID": "4", "Channel": "Microsoft-Windows-Kernel-ShimEngine/Operational", "Provider_Name": "Microsoft-Windows-Kernel-ShimEngine", "Computer": "DESKTOP-OFJ6N53", "TimeCreated": "2023-07-12 14:40:27.718344+00:00", "RecordID": "308", "Level": "4", "UserID": "S-1-5-18", "EventData.DeviceName": "USBXHCI:ALL", "EventData.DeviceClass": "USBXHCI", "EventData.FlagSource": "1", "EventData.Flags": "1126037345796100"}
{"EventID": "4", "Channel": "Microsoft-Windows-Kernel-ShimEngine/Operational", "Provider_Name": "Microsoft-Windows-Kernel-ShimEngine", "Computer": "DESKTOP-OFJ6N53", "TimeCreated": "2023-07-12 14:40:27.780617+00:00", "RecordID": "309", "Level": "4", "UserID": "S-1-5-18", "EventData.DeviceName": "USBXHCI:ALL", "EventData.DeviceClass": "USBXHCI", "EventData.FlagSource": "1", "EventData.Flags": "1126037345796100"}
{"EventID": "3", "Channel": "Microsoft-Windows-Kernel-ShimEngine/Operational", "Provider_Name": "Microsoft-Windows-Kernel-ShimEngine", "Computer": "DESKTOP-OFJ6N53", "TimeCreated": "2023-07-18 14:52:35.067015+00:00", "RecordID": "310", "Level": "4", "UserID": "S-1-5-18", "EventData.DriverName": "storahci.sys", "EventData.ShimSource": "0", "EventData.ShimCount": "1", "EventData.AppliedGuids": "{434abafd-08fa-4c3d-a88d-d09a88e2ab17}"}
{"EventID": "4", "Channel": "Microsoft-Windows-Kernel-ShimEngine/Operational", "Provider_Name": "Microsoft-Windows-Kernel-ShimEngine", "Computer": "DESKTOP-OFJ6N53", "TimeCreated": "2023-07-18 14:52:37.127169+00:00", "RecordID": "311", "Level": "4", "UserID": "S-1-5-18", "EventData.DeviceName": "USBXHCI:ALL", "EventData.DeviceClass": "USBXHCI", "EventData.FlagSource": "1", "EventData.Flags": "1126037345796100"}
{"EventID": "4", "Channel": "Microsoft-Windows-Kernel-ShimEngine/Operational", "Provider_Name": "Microsoft-Windows-Kernel-ShimEngine", "Computer": "DESKTOP-OFJ6N53", "TimeCreated": "2023-07-18 14:52:37.173487+00:00", "RecordID": "312", "Level": "4", "UserID": "S-1-5-18", "EventData.DeviceName": "USBXHCI:ALL", "EventData.DeviceClass": "USBXHCI", "EventData.FlagSource": "1", "EventData.Flags": "1126037345796100"}
{"EventID": "3", "Channel": "Microsoft-Windows-Kernel-ShimEngine/Operational", "Provider_Name": "Microsoft-Windows-Kernel-ShimEngine", "Computer": "DESKTOP-OFJ6N53", "TimeCreated": "2023-07-25 08:59:09.501766+00:00", "RecordID": "313", "Level": "4", "UserID": "S-1-5-18", "EventData.DriverName": "storahci.sys", "EventData.ShimSource": "0", "EventData.ShimCount": "1", "EventData.AppliedGuids": "{434abafd-08fa-4c3d-a88d-d09a88e2ab17}"}
{"EventID": "4", "Channel": "Microsoft-Windows-Kernel-ShimEngine/Operational", "Provider_Name": "Microsoft-Windows-Kernel-ShimEngine", "Computer": "DESKTOP-OFJ6N53", "TimeCreated": "2023-07-25 08:59:11.403467+00:00", "RecordID": "314", "Level": "4", "UserID": "S-1-5-18", "EventData.DeviceName": "USBXHCI:ALL", "EventData.DeviceClass": "USBXHCI", "EventData.FlagSource": "1", "EventData.Flags": "1126037345796100"}
{"EventID": "4", "Channel": "Microsoft-Windows-Kernel-ShimEngine/Operational", "Provider_Name": "Microsoft-Windows-Kernel-ShimEngine", "Computer": "DESKTOP-OFJ6N53", "TimeCreated": "2023-07-25 08:59:11.450426+00:00", "RecordID": "315", "Level": "4", "UserID": "S-1-5-18", "EventData.DeviceName": "USBXHCI:ALL", "EventData.DeviceClass": "USBXHCI", "EventData.FlagSource": "1", "EventData.Flags": "1126037345796100"}
{"EventID": "3", "Channel": "Microsoft-Windows-Kernel-ShimEngine/Operational", "Provider_Name": "Microsoft-Windows-Kernel-ShimEngine", "Computer": "DESKTOP-OFJ6N53", "TimeCreated": "2023-07-26 16:05:01.829737+00:00", "RecordID": "316", "Level": "4", "UserID": "S-1-5-18", "EventData.DriverName": "storahci.sys", "EventData.ShimSource": "0", "EventData.ShimCount": "1", "EventData.AppliedGuids": "{434abafd-08fa-4c3d-a88d-d09a88e2ab17}"}
{"EventID": "4", "Channel": "Microsoft-Windows-Kernel-ShimEngine/Operational", "Provider_Name": "Microsoft-Windows-Kernel-ShimEngine", "Computer": "DESKTOP-OFJ6N53", "TimeCreated": "2023-07-26 16:05:03.748598+00:00", "RecordID": "317", "Level": "4", "UserID": "S-1-5-18", "EventData.DeviceName": "USBXHCI:ALL", "EventData.DeviceClass": "USBXHCI", "EventData.FlagSource": "1", "EventData.Flags": "1126037345796100"}
{"EventID": "4", "Channel": "Microsoft-Windows-Kernel-ShimEngine/Operational", "Provider_Name": "Microsoft-Windows-Kernel-ShimEngine", "Computer": "DESKTOP-OFJ6N53", "TimeCreated": "2023-07-26 16:05:03.793732+00:00", "RecordID": "318", "Level": "4", "UserID": "S-1-5-18", "EventData.DeviceName": "USBXHCI:ALL", "EventData.DeviceClass": "USBXHCI", "EventData.FlagSource": "1", "EventData.Flags": "1126037345796100"}
{"EventID": "3", "Channel": "Microsoft-Windows-Kernel-ShimEngine/Operational", "Provider_Name": "Microsoft-Windows-Kernel-ShimEngine", "Computer": "DESKTOP-OFJ6N53", "TimeCreated": "2023-07-31 13:01:25.485899+00:00", "RecordID": "319", "Level": "4", "UserID": "S-1-5-18", "EventData.DriverName": "storahci.sys", "EventData.ShimSource": "0", "EventData.ShimCount": "1", "EventData.AppliedGuids": "{434abafd-08fa-4c3d-a88d-d09a88e2ab17}"}
{"EventID": "4", "Channel": "Microsoft-Windows-Kernel-ShimEngine/Operational", "Provider_Name": "Microsoft-Windows-Kernel-ShimEngine", "Computer": "DESKTOP-OFJ6N53", "TimeCreated": "2023-07-31 13:01:27.404188+00:00", "RecordID": "320", "Level": "4", "UserID": "S-1-5-18", "EventData.DeviceName": "USBXHCI:ALL", "EventData.DeviceClass": "USBXHCI", "EventData.FlagSource": "1", "EventData.Flags": "1126037345796100"}
{"EventID": "4", "Channel": "Microsoft-Windows-Kernel-ShimEngine/Operational", "Provider_Name": "Microsoft-Windows-Kernel-ShimEngine", "Computer": "DESKTOP-OFJ6N53", "TimeCreated": "2023-07-31 13:01:27.450756+00:00", "RecordID": "321", "Level": "4", "UserID": "S-1-5-18", "EventData.DeviceName": "USBXHCI:ALL", "EventData.DeviceClass": "USBXHCI", "EventData.FlagSource": "1", "EventData.Flags": "1126037345796100"}
{"EventID": "3", "Channel": "Microsoft-Windows-Kernel-ShimEngine/Operational", "Provider_Name": "Microsoft-Windows-Kernel-ShimEngine", "Computer": "DESKTOP-OFJ6N53", "TimeCreated": "2023-08-02 10:03:04.468922+00:00", "RecordID": "322", "Level": "4", "UserID": "S-1-5-18", "EventData.DriverName": "storahci.sys", "EventData.ShimSource": "0", "EventData.ShimCount": "1", "EventData.AppliedGuids": "{434abafd-08fa-4c3d-a88d-d09a88e2ab17}"}
{"EventID": "4", "Channel": "Microsoft-Windows-Kernel-ShimEngine/Operational", "Provider_Name": "Microsoft-Windows-Kernel-ShimEngine", "Computer": "DESKTOP-OFJ6N53", "TimeCreated": "2023-08-02 10:03:06.356091+00:00", "RecordID": "323", "Level": "4", "UserID": "S-1-5-18", "EventData.DeviceName": "USBXHCI:ALL", "EventData.DeviceClass": "USBXHCI", "EventData.FlagSource": "1", "EventData.Flags": "1126037345796100"}
{"EventID": "4", "Channel": "Microsoft-Windows-Kernel-ShimEngine/Operational", "Provider_Name": "Microsoft-Windows-Kernel-ShimEngine", "Computer": "DESKTOP-OFJ6N53", "TimeCreated": "2023-08-02 10:03:06.403786+00:00", "RecordID": "324", "Level": "4", "UserID": "S-1-5-18", "EventData.DeviceName": "USBXHCI:ALL", "EventData.DeviceClass": "USBXHCI", "EventData.FlagSource": "1", "EventData.Flags": "1126037345796100"}
{"EventID": "3", "Channel": "Microsoft-Windows-Kernel-ShimEngine/Operational", "Provider_Name": "Microsoft-Windows-Kernel-ShimEngine", "Computer": "DESKTOP-OFJ6N53", "TimeCreated": "2023-08-10 07:38:55.811245+00:00", "RecordID": "325", "Level": "4", "UserID": "S-1-5-18", "EventData.DriverName": "storahci.sys", "EventData.ShimSource": "0", "EventData.ShimCount": "1", "EventData.AppliedGuids": "{434abafd-08fa-4c3d-a88d-d09a88e2ab17}"}
{"EventID": "4", "Channel": "Microsoft-Windows-Kernel-ShimEngine/Operational", "Provider_Name": "Microsoft-Windows-Kernel-ShimEngine", "Computer": "DESKTOP-OFJ6N53", "TimeCreated": "2023-08-10 07:38:57.730394+00:00", "RecordID": "326", "Level": "4", "UserID": "S-1-5-18", "EventData.DeviceName": "USBXHCI:ALL", "EventData.DeviceClass": "USBXHCI", "EventData.FlagSource": "1", "EventData.Flags": "1126037345796100"}
{"EventID": "4", "Channel": "Microsoft-Windows-Kernel-ShimEngine/Operational", "Provider_Name": "Microsoft-Windows-Kernel-ShimEngine", "Computer": "DESKTOP-OFJ6N53", "TimeCreated": "2023-08-10 07:38:57.775524+00:00", "RecordID": "327", "Level": "4", "UserID": "S-1-5-18", "EventData.DeviceName": "USBXHCI:ALL", "EventData.DeviceClass": "USBXHCI", "EventData.FlagSource": "1", "EventData.Flags": "1126037345796100"}
{"EventID": "3", "Channel": "Microsoft-Windows-Kernel-ShimEngine/Operational", "Provider_Name": "Microsoft-Windows-Kernel-ShimEngine", "Computer": "DESKTOP-OFJ6N53", "TimeCreated": "2023-08-16 10:00:06.693110+00:00", "RecordID": "328", "Level": "4", "UserID": "S-1-5-18", "EventData.DriverName": "storahci.sys", "EventData.ShimSource": "0", "EventData.ShimCount": "1", "EventData.AppliedGuids": "{434abafd-08fa-4c3d-a88d-d09a88e2ab17}"}
{"EventID": "4", "Channel": "Microsoft-Windows-Kernel-ShimEngine/Operational", "Provider_Name": "Microsoft-Windows-Kernel-ShimEngine", "Computer": "DESKTOP-OFJ6N53", "TimeCreated": "2023-08-16 10:00:08.574373+00:00", "RecordID": "329", "Level": "4", "UserID": "S-1-5-18", "EventData.DeviceName": "USBXHCI:ALL", "EventData.DeviceClass": "USBXHCI", "EventData.FlagSource": "1", "EventData.Flags": "1126037345796100"}
{"EventID": "4", "Channel": "Microsoft-Windows-Kernel-ShimEngine/Operational", "Provider_Name": "Microsoft-Windows-Kernel-ShimEngine", "Computer": "DESKTOP-OFJ6N53", "TimeCreated": "2023-08-16 10:00:08.620926+00:00", "RecordID": "330", "Level": "4", "UserID": "S-1-5-18", "EventData.DeviceName": "USBXHCI:ALL", "EventData.DeviceClass": "USBXHCI", "EventData.FlagSource": "1", "EventData.Flags": "1126037345796100"}
{"EventID": "3", "Channel": "Microsoft-Windows-Kernel-ShimEngine/Operational", "Provider_Name": "Microsoft-Windows-Kernel-ShimEngine", "Computer": "DESKTOP-OFJ6N53", "TimeCreated": "2023-08-29 22:45:02.777830+00:00", "RecordID": "331", "Level": "4", "UserID": "S-1-5-18", "EventData.DriverName": "storahci.sys", "EventData.ShimSource": "0", "EventData.ShimCount": "1", "EventData.AppliedGuids": "{434abafd-08fa-4c3d-a88d-d09a88e2ab17}"}
{"EventID": "4", "Channel": "Microsoft-Windows-Kernel-ShimEngine/Operational", "Provider_Name": "Microsoft-Windows-Kernel-ShimEngine", "Computer": "DESKTOP-OFJ6N53", "TimeCreated": "2023-08-29 22:45:04.671007+00:00", "RecordID": "332", "Level": "4", "UserID": "S-1-5-18", "EventData.DeviceName": "USBXHCI:ALL", "EventData.DeviceClass": "USBXHCI", "EventData.FlagSource": "1", "EventData.Flags": "1126037345796100"}
{"EventID": "4", "Channel": "Microsoft-Windows-Kernel-ShimEngine/Operational", "Provider_Name": "Microsoft-Windows-Kernel-ShimEngine", "Computer": "DESKTOP-OFJ6N53", "TimeCreated": "2023-08-29 22:45:04.726982+00:00", "RecordID": "333", "Level": "4", "UserID": "S-1-5-18", "EventData.DeviceName": "USBXHCI:ALL", "EventData.DeviceClass": "USBXHCI", "EventData.FlagSource": "1", "EventData.Flags": "1126037345796100"}
{"EventID": "3", "Channel": "Microsoft-Windows-Kernel-ShimEngine/Operational", "Provider_Name": "Microsoft-Windows-Kernel-ShimEngine", "Computer": "DESKTOP-OFJ6N53", "TimeCreated": "2023-09-04 14:36:51.437843+00:00", "RecordID": "334", "Level": "4", "UserID": "S-1-5-18", "EventData.DriverName": "storahci.sys", "EventData.ShimSource": "0", "EventData.ShimCount": "1", "EventData.AppliedGuids": "{434abafd-08fa-4c3d-a88d-d09a88e2ab17}"}
{"EventID": "4", "Channel": "Microsoft-Windows-Kernel-ShimEngine/Operational", "Provider_Name": "Microsoft-Windows-Kernel-ShimEngine", "Computer": "DESKTOP-OFJ6N53", "TimeCreated": "2023-09-04 14:36:53.323565+00:00", "RecordID": "335", "Level": "4", "UserID": "S-1-5-18", "EventData.DeviceName": "USBXHCI:ALL", "EventData.DeviceClass": "USBXHCI", "EventData.FlagSource": "1", "EventData.Flags": "1126037345796100"}
{"EventID": "4", "Channel": "Microsoft-Windows-Kernel-ShimEngine/Operational", "Provider_Name": "Microsoft-Windows-Kernel-ShimEngine", "Computer": "DESKTOP-OFJ6N53", "TimeCreated": "2023-09-04 14:36:53.370899+00:00", "RecordID": "336", "Level": "4", "UserID": "S-1-5-18", "EventData.DeviceName": "USBXHCI:ALL", "EventData.DeviceClass": "USBXHCI", "EventData.FlagSource": "1", "EventData.Flags": "1126037345796100"}
{"EventID": "3", "Channel": "Microsoft-Windows-Kernel-ShimEngine/Operational", "Provider_Name": "Microsoft-Windows-Kernel-ShimEngine", "Computer": "DESKTOP-OFJ6N53", "TimeCreated": "2023-09-13 14:36:25.769033+00:00", "RecordID": "337", "Level": "4", "UserID": "S-1-5-18", "EventData.DriverName": "storahci.sys", "EventData.ShimSource": "0", "EventData.ShimCount": "1", "EventData.AppliedGuids": "{434abafd-08fa-4c3d-a88d-d09a88e2ab17}"}
{"EventID": "4", "Channel": "Microsoft-Windows-Kernel-ShimEngine/Operational", "Provider_Name": "Microsoft-Windows-Kernel-ShimEngine", "Computer": "DESKTOP-OFJ6N53", "TimeCreated": "2023-09-13 14:36:27.656824+00:00", "RecordID": "338", "Level": "4", "UserID": "S-1-5-18", "EventData.DeviceName": "USBXHCI:ALL", "EventData.DeviceClass": "USBXHCI", "EventData.FlagSource": "1", "EventData.Flags": "1126037345796100"}
{"EventID": "4", "Channel": "Microsoft-Windows-Kernel-ShimEngine/Operational", "Provider_Name": "Microsoft-Windows-Kernel-ShimEngine", "Computer": "DESKTOP-OFJ6N53", "TimeCreated": "2023-09-13 14:36:27.699183+00:00", "RecordID": "339", "Level": "4", "UserID": "S-1-5-18", "EventData.DeviceName": "USBXHCI:ALL", "EventData.DeviceClass": "USBXHCI", "EventData.FlagSource": "1", "EventData.Flags": "1126037345796100"}
{"EventID": "3", "Channel": "Microsoft-Windows-Kernel-ShimEngine/Operational", "Provider_Name": "Microsoft-Windows-Kernel-ShimEngine", "Computer": "DESKTOP-OFJ6N53", "TimeCreated": "2023-09-29 16:10:30.735203+00:00", "RecordID": "340", "Level": "4", "UserID": "S-1-5-18", "EventData.DriverName": "storahci.sys", "EventData.ShimSource": "0", "EventData.ShimCount": "1", "EventData.AppliedGuids": "{434abafd-08fa-4c3d-a88d-d09a88e2ab17}"}
{"EventID": "4", "Channel": "Microsoft-Windows-Kernel-ShimEngine/Operational", "Provider_Name": "Microsoft-Windows-Kernel-ShimEngine", "Computer": "DESKTOP-OFJ6N53", "TimeCreated": "2023-09-29 16:10:32.620176+00:00", "RecordID": "341", "Level": "4", "UserID": "S-1-5-18", "EventData.DeviceName": "USBXHCI:ALL", "EventData.DeviceClass": "USBXHCI", "EventData.FlagSource": "1", "EventData.Flags": "1126037345796100"}
{"EventID": "4", "Channel": "Microsoft-Windows-Kernel-ShimEngine/Operational", "Provider_Name": "Microsoft-Windows-Kernel-ShimEngine", "Computer": "DESKTOP-OFJ6N53", "TimeCreated": "2023-09-29 16:10:32.668730+00:00", "RecordID": "342", "Level": "4", "UserID": "S-1-5-18", "EventData.DeviceName": "USBXHCI:ALL", "EventData.DeviceClass": "USBXHCI", "EventData.FlagSource": "1", "EventData.Flags": "1126037345796100"}
{"EventID": "3", "Channel": "Microsoft-Windows-Kernel-ShimEngine/Operational", "Provider_Name": "Microsoft-Windows-Kernel-ShimEngine", "Computer": "DESKTOP-OFJ6N53", "TimeCreated": "2023-10-12 16:55:18.718876+00:00", "RecordID": "343", "Level": "4", "UserID": "S-1-5-18", "EventData.DriverName": "storahci.sys", "EventData.ShimSource": "0", "EventData.ShimCount": "1", "EventData.AppliedGuids": "{434abafd-08fa-4c3d-a88d-d09a88e2ab17}"}
{"EventID": "4", "Channel": "Microsoft-Windows-Kernel-ShimEngine/Operational", "Provider_Name": "Microsoft-Windows-Kernel-ShimEngine", "Computer": "DESKTOP-OFJ6N53", "TimeCreated": "2023-10-12 16:55:20.606691+00:00", "RecordID": "344", "Level": "4", "UserID": "S-1-5-18", "EventData.DeviceName": "USBXHCI:ALL", "EventData.DeviceClass": "USBXHCI", "EventData.FlagSource": "1", "EventData.Flags": "1126037345796100"}
{"EventID": "4", "Channel": "Microsoft-Windows-Kernel-ShimEngine/Operational", "Provider_Name": "Microsoft-Windows-Kernel-ShimEngine", "Computer": "DESKTOP-OFJ6N53", "TimeCreated": "2023-10-12 16:55:20.653320+00:00", "RecordID": "345", "Level": "4", "UserID": "S-1-5-18", "EventData.DeviceName": "USBXHCI:ALL", "EventData.DeviceClass": "USBXHCI", "EventData.FlagSource": "1", "EventData.Flags": "1126037345796100"}
{"EventID": "3", "Channel": "Microsoft-Windows-Kernel-ShimEngine/Operational", "Provider_Name": "Microsoft-Windows-Kernel-ShimEngine", "Computer": "DESKTOP-OFJ6N53", "TimeCreated": "2023-10-27 14:40:29.656511+00:00", "RecordID": "346", "Level": "4", "UserID": "S-1-5-18", "EventData.DriverName": "storahci.sys", "EventData.ShimSource": "0", "EventData.ShimCount": "1", "EventData.AppliedGuids": "{434abafd-08fa-4c3d-a88d-d09a88e2ab17}"}
{"EventID": "4", "Channel": "Microsoft-Windows-Kernel-ShimEngine/Operational", "Provider_Name": "Microsoft-Windows-Kernel-ShimEngine", "Computer": "DESKTOP-OFJ6N53", "TimeCreated": "2023-10-27 14:40:31.541969+00:00", "RecordID": "347", "Level": "4", "UserID": "S-1-5-18", "EventData.DeviceName": "USBXHCI:ALL", "EventData.DeviceClass": "USBXHCI", "EventData.FlagSource": "1", "EventData.Flags": "1126037345796100"}
{"EventID": "4", "Channel": "Microsoft-Windows-Kernel-ShimEngine/Operational", "Provider_Name": "Microsoft-Windows-Kernel-ShimEngine", "Computer": "DESKTOP-OFJ6N53", "TimeCreated": "2023-10-27 14:40:31.590229+00:00", "RecordID": "348", "Level": "4", "UserID": "S-1-5-18", "EventData.DeviceName": "USBXHCI:ALL", "EventData.DeviceClass": "USBXHCI", "EventData.FlagSource": "1", "EventData.Flags": "1126037345796100"}
{"EventID": "3", "Channel": "Microsoft-Windows-Kernel-ShimEngine/Operational", "Provider_Name": "Microsoft-Windows-Kernel-ShimEngine", "Computer": "DESKTOP-OFJ6N53", "TimeCreated": "2023-11-20 15:05:24.751766+00:00", "RecordID": "349", "Level": "4", "UserID": "S-1-5-18", "EventData.DriverName": "storahci.sys", "EventData.ShimSource": "0", "EventData.ShimCount": "1", "EventData.AppliedGuids": "{434abafd-08fa-4c3d-a88d-d09a88e2ab17}"}
{"EventID": "4", "Channel": "Microsoft-Windows-Kernel-ShimEngine/Operational", "Provider_Name": "Microsoft-Windows-Kernel-ShimEngine", "Computer": "DESKTOP-OFJ6N53", "TimeCreated": "2023-11-20 15:05:26.640539+00:00", "RecordID": "350", "Level": "4", "UserID": "S-1-5-18", "EventData.DeviceName": "USBXHCI:ALL", "EventData.DeviceClass": "USBXHCI", "EventData.FlagSource": "1", "EventData.Flags": "1126037345796100"}
{"EventID": "4", "Channel": "Microsoft-Windows-Kernel-ShimEngine/Operational", "Provider_Name": "Microsoft-Windows-Kernel-ShimEngine", "Computer": "DESKTOP-OFJ6N53", "TimeCreated": "2023-11-20 15:05:26.684240+00:00", "RecordID": "351", "Level": "4", "UserID": "S-1-5-18", "EventData.DeviceName": "USBXHCI:ALL", "EventData.DeviceClass": "USBXHCI", "EventData.FlagSource": "1", "EventData.Flags": "1126037345796100"}
{"EventID": "3", "Channel": "Microsoft-Windows-Kernel-ShimEngine/Operational", "Provider_Name": "Microsoft-Windows-Kernel-ShimEngine", "Computer": "DESKTOP-OFJ6N53", "TimeCreated": "2023-12-12 07:25:11.767801+00:00", "RecordID": "352", "Level": "4", "UserID": "S-1-5-18", "EventData.DriverName": "storahci.sys", "EventData.ShimSource": "0", "EventData.ShimCount": "1", "EventData.AppliedGuids": "{434abafd-08fa-4c3d-a88d-d09a88e2ab17}"}
{"EventID": "4", "Channel": "Microsoft-Windows-Kernel-ShimEngine/Operational", "Provider_Name": "Microsoft-Windows-Kernel-ShimEngine", "Computer": "DESKTOP-OFJ6N53", "TimeCreated": "2023-12-12 07:25:13.653675+00:00", "RecordID": "353", "Level": "4", "UserID": "S-1-5-18", "EventData.DeviceName": "USBXHCI:ALL", "EventData.DeviceClass": "USBXHCI", "EventData.FlagSource": "1", "EventData.Flags": "1126037345796100"}
{"EventID": "4", "Channel": "Microsoft-Windows-Kernel-ShimEngine/Operational", "Provider_Name": "Microsoft-Windows-Kernel-ShimEngine", "Computer": "DESKTOP-OFJ6N53", "TimeCreated": "2023-12-12 07:25:13.699888+00:00", "RecordID": "354", "Level": "4", "UserID": "S-1-5-18", "EventData.DeviceName": "USBXHCI:ALL", "EventData.DeviceClass": "USBXHCI", "EventData.FlagSource": "1", "EventData.Flags": "1126037345796100"}
