{"EventID": "1028", "Channel": "Microsoft-Windows-TerminalServices-RDPClient/Operational", "Provider_Name": "Microsoft-Windows-TerminalServices-ClientActiveXCore", "Computer": "DESKTOP-OFJ6N53", "TimeCreated": "2025-03-26 07:05:45.899229+00:00", "RecordID": "24403", "Level": "4", "UserID": "S-1-5-21-963789628-1060504924-4285088085-1001", "EventData.TraceMessage": "supported"}
{"EventID": "1029", "Channel": "Microsoft-Windows-TerminalServices-RDPClient/Operational", "Provider_Name": "Microsoft-Windows-TerminalServices-ClientActiveXCore", "Computer": "DESKTOP-OFJ6N53", "TimeCreated": "2025-03-26 07:05:45.899588+00:00", "RecordID": "24404", "Level": "4", "UserID": "S-1-5-21-963789628-1060504924-4285088085-1001", "EventData.TraceMessage": "ItrnKC59w0ru/4mfQ4ga4YoLiNRVmSP9HETZOHw0Se0=-"}
{"EventID": "1102", "Channel": "Microsoft-Windows-TerminalServices-RDPClient/Operational", "Provider_Name": "Microsoft-Windows-TerminalServices-ClientActiveXCore", "Computer": "DESKTOP-OFJ6N53", "TimeCreated": "2025-03-26 07:05:46.075846+00:00", "RecordID": "24405", "Level": "4", "UserID": "S-1-5-21-963789628-1060504924-4285088085-1001", "EventData.Name": "ServerAddress", "EventData.Value": "10.10.75.17", "EventData.CustomLevel": "Info"}
{"EventID": "1025", "Channel": "Microsoft-Windows-TerminalServices-RDPClient/Operational", "Provider_Name": "Microsoft-Windows-TerminalServices-ClientActiveXCore", "Computer": "DESKTOP-OFJ6N53", "TimeCreated": "2025-03-26 07:05:46.154057+00:00", "RecordID": "24406", "Level": "4", "UserID": "S-1-5-21-963789628-1060504924-4285088085-1001"}
{"EventID": "1402", "Channel": "Microsoft-Windows-TerminalServices-RDPClient/Operational", "Provider_Name": "Microsoft-Windows-TerminalServices-ClientActiveXCore", "Computer": "DESKTOP-OFJ6N53", "TimeCreated": "2025-03-26 07:05:46.165682+00:00", "RecordID": "24407", "Level": "4", "UserID": "S-1-5-21-963789628-1060504924-4285088085-1001"}
{"EventID": "1401", "Channel": "Microsoft-Windows-TerminalServices-RDPClient/Operational", "Provider_Name": "Microsoft-Windows-TerminalServices-ClientActiveXCore", "Computer": "DESKTOP-OFJ6N53", "TimeCreated": "2025-03-26 07:05:46.169275+00:00", "RecordID": "24408", "Level": "4", "UserID": "S-1-5-21-963789628-1060504924-4285088085-1001", "EventData.Version": "0x000a0600", "EventData.ClientMode": "0", "EventData.AvcEnabled": "1"}
{"EventID": "1103", "Channel": "Microsoft-Windows-TerminalServices-RDPClient/Operational", "Provider_Name": "Microsoft-Windows-TerminalServices-ClientActiveXCore", "Computer": "DESKTOP-OFJ6N53", "TimeCreated": "2025-03-26 07:05:46.469599+00:00", "RecordID": "24409", "Level": "4", "UserID": "S-1-5-21-963789628-1060504924-4285088085-1001"}
{"EventID": "1105", "Channel": "Microsoft-Windows-TerminalServices-RDPClient/Operational", "Provider_Name": "Microsoft-Windows-TerminalServices-ClientActiveXCore", "Computer": "DESKTOP-OFJ6N53", "TimeCreated": "2025-03-26 10:05:38.473694+00:00", "RecordID": "24410", "Level": "4", "UserID": "S-1-5-21-963789628-1060504924-4285088085-1001"}
{"EventID": "1026", "Channel": "Microsoft-Windows-TerminalServices-RDPClient/Operational", "Provider_Name": "Microsoft-Windows-TerminalServices-ClientActiveXCore", "Computer": "DESKTOP-OFJ6N53", "TimeCreated": "2025-03-26 10:05:38.473774+00:00", "RecordID": "24411", "Level": "4", "UserID": "S-1-5-21-963789628-1060504924-4285088085-1001", "EventData.Name": "Disconnect Reason", "EventData.Value": "2308", "EventData.CustomLevel": "Info"}
{"EventID": "1028", "Channel": "Microsoft-Windows-TerminalServices-RDPClient/Operational", "Provider_Name": "Microsoft-Windows-TerminalServices-ClientActiveXCore", "Computer": "DESKTOP-OFJ6N53", "TimeCreated": "2025-03-26 10:05:48.518089+00:00", "RecordID": "24412", "Level": "4", "UserID": "S-1-5-21-963789628-1060504924-4285088085-1001", "EventData.TraceMessage": "supported"}
{"EventID": "1029", "Channel": "Microsoft-Windows-TerminalServices-RDPClient/Operational", "Provider_Name": "Microsoft-Windows-TerminalServices-ClientActiveXCore", "Computer": "DESKTOP-OFJ6N53", "TimeCreated": "2025-03-26 10:05:48.518459+00:00", "RecordID": "24413", "Level": "4", "UserID": "S-1-5-21-963789628-1060504924-4285088085-1001", "EventData.TraceMessage": "ItrnKC59w0ru/4mfQ4ga4YoLiNRVmSP9HETZOHw0Se0=-"}
{"EventID": "1102", "Channel": "Microsoft-Windows-TerminalServices-RDPClient/Operational", "Provider_Name": "Microsoft-Windows-TerminalServices-ClientActiveXCore", "Computer": "DESKTOP-OFJ6N53", "TimeCreated": "2025-03-26 10:05:48.650558+00:00", "RecordID": "24414", "Level": "4", "UserID": "S-1-5-21-963789628-1060504924-4285088085-1001", "EventData.Name": "ServerAddress", "EventData.Value": "10.10.75.17", "EventData.CustomLevel": "Info"}
{"EventID": "1025", "Channel": "Microsoft-Windows-TerminalServices-RDPClient/Operational", "Provider_Name": "Microsoft-Windows-TerminalServices-ClientActiveXCore", "Computer": "DESKTOP-OFJ6N53", "TimeCreated": "2025-03-26 10:05:48.736408+00:00", "RecordID": "24415", "Level": "4", "UserID": "S-1-5-21-963789628-1060504924-4285088085-1001"}
{"EventID": "1402", "Channel": "Microsoft-Windows-TerminalServices-RDPClient/Operational", "Provider_Name": "Microsoft-Windows-TerminalServices-ClientActiveXCore", "Computer": "DESKTOP-OFJ6N53", "TimeCreated": "2025-03-26 10:05:48.752205+00:00", "RecordID": "24416", "Level": "4", "UserID": "S-1-5-21-963789628-1060504924-4285088085-1001"}
{"EventID": "1401", "Channel": "Microsoft-Windows-TerminalServices-RDPClient/Operational", "Provider_Name": "Microsoft-Windows-TerminalServices-ClientActiveXCore", "Computer": "DESKTOP-OFJ6N53", "TimeCreated": "2025-03-26 10:05:48.756594+00:00", "RecordID": "24417", "Level": "4", "UserID": "S-1-5-21-963789628-1060504924-4285088085-1001", "EventData.Version": "0x000a0600", "EventData.ClientMode": "0", "EventData.AvcEnabled": "1"}
{"EventID": "1103", "Channel": "Microsoft-Windows-TerminalServices-RDPClient/Operational", "Provider_Name": "Microsoft-Windows-TerminalServices-ClientActiveXCore", "Computer": "DESKTOP-OFJ6N53", "TimeCreated": "2025-03-26 10:05:48.998621+00:00", "RecordID": "24418", "Level": "4", "UserID": "S-1-5-21-963789628-1060504924-4285088085-1001"}
{"EventID": "1024", "Channel": "Microsoft-Windows-TerminalServices-RDPClient/Operational", "Provider_Name": "Microsoft-Windows-TerminalServices-ClientActiveXCore", "Computer": "DESKTOP-OFJ6N53", "TimeCreated": "2025-03-27 15:33:06.961845+00:00", "RecordID": "24419", "Level": "4", "UserID": "S-1-5-21-963789628-1060504924-4285088085-1001", "EventData.Name": "Server Name", "EventData.Value": "10.10.75.17", "EventData.CustomLevel": "Info"}
{"EventID": "1028", "Channel": "Microsoft-Windows-TerminalServices-RDPClient/Operational", "Provider_Name": "Microsoft-Windows-TerminalServices-ClientActiveXCore", "Computer": "DESKTOP-OFJ6N53", "TimeCreated": "2025-03-27 15:33:07.149437+00:00", "RecordID": "24420", "Level": "4", "UserID": "S-1-5-21-963789628-1060504924-4285088085-1001", "EventData.TraceMessage": "supported"}
{"EventID": "1105", "Channel": "Microsoft-Windows-TerminalServices-RDPClient/Operational", "Provider_Name": "Microsoft-Windows-TerminalServices-ClientActiveXCore", "Computer": "DESKTOP-OFJ6N53", "TimeCreated": "2025-03-27 15:34:36.668779+00:00", "RecordID": "24421", "Level": "4", "UserID": "S-1-5-21-963789628-1060504924-4285088085-1001"}
{"EventID": "1026", "Channel": "Microsoft-Windows-TerminalServices-RDPClient/Operational", "Provider_Name": "Microsoft-Windows-TerminalServices-ClientActiveXCore", "Computer": "DESKTOP-OFJ6N53", "TimeCreated": "2025-03-27 15:34:36.668850+00:00", "RecordID": "24422", "Level": "4", "UserID": "S-1-5-21-963789628-1060504924-4285088085-1001", "EventData.Name": "Disconnect Reason", "EventData.Value": "2308", "EventData.CustomLevel": "Info"}
{"EventID": "1029", "Channel": "Microsoft-Windows-TerminalServices-RDPClient/Operational", "Provider_Name": "Microsoft-Windows-TerminalServices-ClientActiveXCore", "Computer": "DESKTOP-OFJ6N53", "TimeCreated": "2025-03-27 15:34:46.399450+00:00", "RecordID": "24423", "Level": "4", "UserID": "S-1-5-21-963789628-1060504924-4285088085-1001", "EventData.TraceMessage": "Gw9kPLYc24iBGM2h/axkcszWhtL4pmiOcOQ/qGeC+LY=-ItrnKC59w0ru/4mfQ4ga4YoLiNRVmSP9HETZOHw0Se0="}
{"EventID": "1105", "Channel": "Microsoft-Windows-TerminalServices-RDPClient/Operational", "Provider_Name": "Microsoft-Windows-TerminalServices-ClientActiveXCore", "Computer": "DESKTOP-OFJ6N53", "TimeCreated": "2025-03-27 15:34:46.399618+00:00", "RecordID": "24424", "Level": "4", "UserID": "S-1-5-21-963789628-1060504924-4285088085-1001"}
{"EventID": "226", "Channel": "Microsoft-Windows-TerminalServices-RDPClient/Operational", "Provider_Name": "Microsoft-Windows-TerminalServices-ClientActiveXCore", "Computer": "DESKTOP-OFJ6N53", "TimeCreated": "2025-03-27 15:34:46.399635+00:00", "RecordID": "24425", "Level": "3", "UserID": "S-1-5-21-963789628-1060504924-4285088085-1001", "EventData.StateTransitionName": "RDPClient_TCP", "EventData.PreviousState": "2", "EventData.PreviousStateName": "TcpStateFrontAuth", "EventData.NewState": "13", "EventData.NewStateName": "TcpStateFailure", "EventData.Event": "7", "EventData.EventName": "TcpEventFrontAuthFailed", "EventData.Error Code": "0"}
{"EventID": "1026", "Channel": "Microsoft-Windows-TerminalServices-RDPClient/Operational", "Provider_Name": "Microsoft-Windows-TerminalServices-ClientActiveXCore", "Computer": "DESKTOP-OFJ6N53", "TimeCreated": "2025-03-27 15:34:46.400440+00:00", "RecordID": "24426", "Level": "4", "UserID": "S-1-5-21-963789628-1060504924-4285088085-1001", "EventData.Name": "Disconnect Reason", "EventData.Value": "7943", "EventData.CustomLevel": "Info"}
{"EventID": "1105", "Channel": "Microsoft-Windows-TerminalServices-RDPClient/Operational", "Provider_Name": "Microsoft-Windows-TerminalServices-ClientActiveXCore", "Computer": "DESKTOP-OFJ6N53", "TimeCreated": "2025-03-27 15:35:02.690098+00:00", "RecordID": "24427", "Level": "4", "UserID": "S-1-5-21-963789628-1060504924-4285088085-1001"}
{"EventID": "226", "Channel": "Microsoft-Windows-TerminalServices-RDPClient/Operational", "Provider_Name": "Microsoft-Windows-TerminalServices-ClientActiveXCore", "Computer": "DESKTOP-OFJ6N53", "TimeCreated": "2025-03-27 15:35:02.690100+00:00", "RecordID": "24428", "Level": "3", "UserID": "S-1-5-21-963789628-1060504924-4285088085-1001", "EventData.StateTransitionName": "RDPClient_TCP", "EventData.PreviousState": "1", "EventData.PreviousStateName": "TcpStateConnectingTransport", "EventData.NewState": "12", "EventData.NewStateName": "TcpStateDisconnected", "EventData.Event": "2", "EventData.EventName": "TcpEventConnectionTimeout", "EventData.Error Code": "2147500036"}
{"EventID": "1026", "Channel": "Microsoft-Windows-TerminalServices-RDPClient/Operational", "Provider_Name": "Microsoft-Windows-TerminalServices-ClientActiveXCore", "Computer": "DESKTOP-OFJ6N53", "TimeCreated": "2025-03-27 15:35:02.690609+00:00", "RecordID": "24429", "Level": "4", "UserID": "S-1-5-21-963789628-1060504924-4285088085-1001", "EventData.Name": "Disconnect Reason", "EventData.Value": "516", "EventData.CustomLevel": "Info"}
{"EventID": "1024", "Channel": "Microsoft-Windows-TerminalServices-RDPClient/Operational", "Provider_Name": "Microsoft-Windows-TerminalServices-ClientActiveXCore", "Computer": "DESKTOP-OFJ6N53", "TimeCreated": "2025-03-27 15:35:22.078539+00:00", "RecordID": "24430", "Level": "4", "UserID": "S-1-5-21-963789628-1060504924-4285088085-1001", "EventData.Name": "Server Name", "EventData.Value": "192.168.52.12", "EventData.CustomLevel": "Info"}
{"EventID": "1028", "Channel": "Microsoft-Windows-TerminalServices-RDPClient/Operational", "Provider_Name": "Microsoft-Windows-TerminalServices-ClientActiveXCore", "Computer": "DESKTOP-OFJ6N53", "TimeCreated": "2025-03-27 15:35:22.124693+00:00", "RecordID": "24431", "Level": "4", "UserID": "S-1-5-21-963789628-1060504924-4285088085-1001", "EventData.TraceMessage": "supported"}
{"EventID": "1105", "Channel": "Microsoft-Windows-TerminalServices-RDPClient/Operational", "Provider_Name": "Microsoft-Windows-TerminalServices-ClientActiveXCore", "Computer": "DESKTOP-OFJ6N53", "TimeCreated": "2025-03-27 15:35:23.087881+00:00", "RecordID": "24432", "Level": "4", "UserID": "S-1-5-21-963789628-1060504924-4285088085-1001"}
{"EventID": "226", "Channel": "Microsoft-Windows-TerminalServices-RDPClient/Operational", "Provider_Name": "Microsoft-Windows-TerminalServices-ClientActiveXCore", "Computer": "DESKTOP-OFJ6N53", "TimeCreated": "2025-03-27 15:35:23.087885+00:00", "RecordID": "24433", "Level": "3", "UserID": "S-1-5-21-963789628-1060504924-4285088085-1001", "EventData.StateTransitionName": "RDPClient_TCP", "EventData.PreviousState": "1", "EventData.PreviousStateName": "TcpStateConnectingTransport", "EventData.NewState": "12", "EventData.NewStateName": "TcpStateDisconnected", "EventData.Event": "2", "EventData.EventName": "TcpEventConnectionTimeout", "EventData.Error Code": "2147500036"}
{"EventID": "1026", "Channel": "Microsoft-Windows-TerminalServices-RDPClient/Operational", "Provider_Name": "Microsoft-Windows-TerminalServices-ClientActiveXCore", "Computer": "DESKTOP-OFJ6N53", "TimeCreated": "2025-03-27 15:35:23.087975+00:00", "RecordID": "24434", "Level": "4", "UserID": "S-1-5-21-963789628-1060504924-4285088085-1001", "EventData.Name": "Disconnect Reason", "EventData.Value": "516", "EventData.CustomLevel": "Info"}
{"EventID": "1029", "Channel": "Microsoft-Windows-TerminalServices-RDPClient/Operational", "Provider_Name": "Microsoft-Windows-TerminalServices-ClientActiveXCore", "Computer": "DESKTOP-OFJ6N53", "TimeCreated": "2025-03-27 15:35:27.802927+00:00", "RecordID": "24435", "Level": "4", "UserID": "S-1-5-21-963789628-1060504924-4285088085-1001", "EventData.TraceMessage": "1mSMIKgfMkNWQQKduFtpkhTDs6dmNHhOV+la2IeE6aE=-"}
{"EventID": "226", "Channel": "Microsoft-Windows-TerminalServices-RDPClient/Operational", "Provider_Name": "Microsoft-Windows-TerminalServices-ClientActiveXCore", "Computer": "DESKTOP-OFJ6N53", "TimeCreated": "2025-03-27 15:35:27.934175+00:00", "RecordID": "24436", "Level": "3", "UserID": "S-1-5-21-963789628-1060504924-4285088085-1001", "EventData.StateTransitionName": "RDPClient_SSL", "EventData.PreviousState": "3", "EventData.PreviousStateName": "TsSslStateHandshakeInProgress", "EventData.NewState": "10", "EventData.NewStateName": "TsSslStateDisconnecting", "EventData.Event": "8", "EventData.EventName": "TsSslEventHandshakeContinueFailed", "EventData.Error Code": "2147500037"}
{"EventID": "1105", "Channel": "Microsoft-Windows-TerminalServices-RDPClient/Operational", "Provider_Name": "Microsoft-Windows-TerminalServices-ClientActiveXCore", "Computer": "DESKTOP-OFJ6N53", "TimeCreated": "2025-03-27 15:35:27.934597+00:00", "RecordID": "24437", "Level": "4", "UserID": "S-1-5-21-963789628-1060504924-4285088085-1001"}
{"EventID": "1026", "Channel": "Microsoft-Windows-TerminalServices-RDPClient/Operational", "Provider_Name": "Microsoft-Windows-TerminalServices-ClientActiveXCore", "Computer": "DESKTOP-OFJ6N53", "TimeCreated": "2025-03-27 15:35:27.934769+00:00", "RecordID": "24438", "Level": "4", "UserID": "S-1-5-21-963789628-1060504924-4285088085-1001", "EventData.Name": "Disconnect Reason", "EventData.Value": "519", "EventData.CustomLevel": "Info"}
{"EventID": "1028", "Channel": "Microsoft-Windows-TerminalServices-RDPClient/Operational", "Provider_Name": "Microsoft-Windows-TerminalServices-ClientActiveXCore", "Computer": "DESKTOP-OFJ6N53", "TimeCreated": "2025-03-27 15:35:27.949318+00:00", "RecordID": "24439", "Level": "4", "UserID": "S-1-5-21-963789628-1060504924-4285088085-1001", "EventData.TraceMessage": "supported"}
{"EventID": "1029", "Channel": "Microsoft-Windows-TerminalServices-RDPClient/Operational", "Provider_Name": "Microsoft-Windows-TerminalServices-ClientActiveXCore", "Computer": "DESKTOP-OFJ6N53", "TimeCreated": "2025-03-27 15:35:27.949875+00:00", "RecordID": "24440", "Level": "4", "UserID": "S-1-5-21-963789628-1060504924-4285088085-1001", "EventData.TraceMessage": "1mSMIKgfMkNWQQKduFtpkhTDs6dmNHhOV+la2IeE6aE=-"}
{"EventID": "226", "Channel": "Microsoft-Windows-TerminalServices-RDPClient/Operational", "Provider_Name": "Microsoft-Windows-TerminalServices-ClientActiveXCore", "Computer": "DESKTOP-OFJ6N53", "TimeCreated": "2025-03-27 15:35:27.970495+00:00", "RecordID": "24441", "Level": "3", "UserID": "S-1-5-21-963789628-1060504924-4285088085-1001", "EventData.StateTransitionName": "RDPClient_SSL", "EventData.PreviousState": "3", "EventData.PreviousStateName": "TsSslStateHandshakeInProgress", "EventData.NewState": "10", "EventData.NewStateName": "TsSslStateDisconnecting", "EventData.Event": "9", "EventData.EventName": "TsSslEventHandshakeInProgressFailed", "EventData.Error Code": "2147500037"}
{"EventID": "1105", "Channel": "Microsoft-Windows-TerminalServices-RDPClient/Operational", "Provider_Name": "Microsoft-Windows-TerminalServices-ClientActiveXCore", "Computer": "DESKTOP-OFJ6N53", "TimeCreated": "2025-03-27 15:35:27.970814+00:00", "RecordID": "24442", "Level": "4", "UserID": "S-1-5-21-963789628-1060504924-4285088085-1001"}
{"EventID": "1026", "Channel": "Microsoft-Windows-TerminalServices-RDPClient/Operational", "Provider_Name": "Microsoft-Windows-TerminalServices-ClientActiveXCore", "Computer": "DESKTOP-OFJ6N53", "TimeCreated": "2025-03-27 15:35:28.638895+00:00", "RecordID": "24443", "Level": "4", "UserID": "S-1-5-21-963789628-1060504924-4285088085-1001", "EventData.Name": "Disconnect Reason", "EventData.Value": "263", "EventData.CustomLevel": "Info"}
{"EventID": "1028", "Channel": "Microsoft-Windows-TerminalServices-RDPClient/Operational", "Provider_Name": "Microsoft-Windows-TerminalServices-ClientActiveXCore", "Computer": "DESKTOP-OFJ6N53", "TimeCreated": "2025-03-27 15:35:28.657345+00:00", "RecordID": "24444", "Level": "4", "UserID": "S-1-5-21-963789628-1060504924-4285088085-1001", "EventData.TraceMessage": "supported"}
{"EventID": "1029", "Channel": "Microsoft-Windows-TerminalServices-RDPClient/Operational", "Provider_Name": "Microsoft-Windows-TerminalServices-ClientActiveXCore", "Computer": "DESKTOP-OFJ6N53", "TimeCreated": "2025-03-27 15:35:28.657997+00:00", "RecordID": "24445", "Level": "4", "UserID": "S-1-5-21-963789628-1060504924-4285088085-1001", "EventData.TraceMessage": "1mSMIKgfMkNWQQKduFtpkhTDs6dmNHhOV+la2IeE6aE=-"}
{"EventID": "1025", "Channel": "Microsoft-Windows-TerminalServices-RDPClient/Operational", "Provider_Name": "Microsoft-Windows-TerminalServices-ClientActiveXCore", "Computer": "DESKTOP-OFJ6N53", "TimeCreated": "2025-03-27 15:35:29.155485+00:00", "RecordID": "24446", "Level": "4", "UserID": "S-1-5-21-963789628-1060504924-4285088085-1001"}
{"EventID": "1105", "Channel": "Microsoft-Windows-TerminalServices-RDPClient/Operational", "Provider_Name": "Microsoft-Windows-TerminalServices-ClientActiveXCore", "Computer": "DESKTOP-OFJ6N53", "TimeCreated": "2025-03-27 15:35:48.305536+00:00", "RecordID": "24447", "Level": "4", "UserID": "S-1-5-21-963789628-1060504924-4285088085-1001"}
{"EventID": "226", "Channel": "Microsoft-Windows-TerminalServices-RDPClient/Operational", "Provider_Name": "Microsoft-Windows-TerminalServices-ClientActiveXCore", "Computer": "DESKTOP-OFJ6N53", "TimeCreated": "2025-03-27 15:35:48.305538+00:00", "RecordID": "24448", "Level": "3", "UserID": "S-1-5-21-963789628-1060504924-4285088085-1001", "EventData.StateTransitionName": "RDPClient_TCP", "EventData.PreviousState": "1", "EventData.PreviousStateName": "TcpStateConnectingTransport", "EventData.NewState": "12", "EventData.NewStateName": "TcpStateDisconnected", "EventData.Event": "2", "EventData.EventName": "TcpEventConnectionTimeout", "EventData.Error Code": "2147500036"}
{"EventID": "1026", "Channel": "Microsoft-Windows-TerminalServices-RDPClient/Operational", "Provider_Name": "Microsoft-Windows-TerminalServices-ClientActiveXCore", "Computer": "DESKTOP-OFJ6N53", "TimeCreated": "2025-03-27 15:35:48.305696+00:00", "RecordID": "24449", "Level": "4", "UserID": "S-1-5-21-963789628-1060504924-4285088085-1001", "EventData.Name": "Disconnect Reason", "EventData.Value": "516", "EventData.CustomLevel": "Info"}
{"EventID": "1025", "Channel": "Microsoft-Windows-TerminalServices-RDPClient/Operational", "Provider_Name": "Microsoft-Windows-TerminalServices-ClientActiveXCore", "Computer": "DESKTOP-OFJ6N53", "TimeCreated": "2025-03-27 15:36:05.478382+00:00", "RecordID": "24450", "Level": "4", "UserID": "S-1-5-21-963789628-1060504924-4285088085-1001"}
{"EventID": "1105", "Channel": "Microsoft-Windows-TerminalServices-RDPClient/Operational", "Provider_Name": "Microsoft-Windows-TerminalServices-ClientActiveXCore", "Computer": "DESKTOP-OFJ6N53", "TimeCreated": "2025-03-27 15:36:23.216990+00:00", "RecordID": "24451", "Level": "4", "UserID": "S-1-5-21-963789628-1060504924-4285088085-1001"}
{"EventID": "226", "Channel": "Microsoft-Windows-TerminalServices-RDPClient/Operational", "Provider_Name": "Microsoft-Windows-TerminalServices-ClientActiveXCore", "Computer": "DESKTOP-OFJ6N53", "TimeCreated": "2025-03-27 15:36:23.216993+00:00", "RecordID": "24452", "Level": "3", "UserID": "S-1-5-21-963789628-1060504924-4285088085-1001", "EventData.StateTransitionName": "RDPClient_TCP", "EventData.PreviousState": "1", "EventData.PreviousStateName": "TcpStateConnectingTransport", "EventData.NewState": "12", "EventData.NewStateName": "TcpStateDisconnected", "EventData.Event": "2", "EventData.EventName": "TcpEventConnectionTimeout", "EventData.Error Code": "2147500036"}
{"EventID": "1026", "Channel": "Microsoft-Windows-TerminalServices-RDPClient/Operational", "Provider_Name": "Microsoft-Windows-TerminalServices-ClientActiveXCore", "Computer": "DESKTOP-OFJ6N53", "TimeCreated": "2025-03-27 15:36:23.217087+00:00", "RecordID": "24453", "Level": "4", "UserID": "S-1-5-21-963789628-1060504924-4285088085-1001", "EventData.Name": "Disconnect Reason", "EventData.Value": "516", "EventData.CustomLevel": "Info"}
{"EventID": "1105", "Channel": "Microsoft-Windows-TerminalServices-RDPClient/Operational", "Provider_Name": "Microsoft-Windows-TerminalServices-ClientActiveXCore", "Computer": "DESKTOP-OFJ6N53", "TimeCreated": "2025-03-27 15:37:14.248497+00:00", "RecordID": "24454", "Level": "4", "UserID": "S-1-5-21-963789628-1060504924-4285088085-1001"}
{"EventID": "226", "Channel": "Microsoft-Windows-TerminalServices-RDPClient/Operational", "Provider_Name": "Microsoft-Windows-TerminalServices-ClientActiveXCore", "Computer": "DESKTOP-OFJ6N53", "TimeCreated": "2025-03-27 15:37:14.248503+00:00", "RecordID": "24455", "Level": "3", "UserID": "S-1-5-21-963789628-1060504924-4285088085-1001", "EventData.StateTransitionName": "RDPClient_TCP", "EventData.PreviousState": "1", "EventData.PreviousStateName": "TcpStateConnectingTransport", "EventData.NewState": "12", "EventData.NewStateName": "TcpStateDisconnected", "EventData.Event": "2", "EventData.EventName": "TcpEventConnectionTimeout", "EventData.Error Code": "2147500036"}
{"EventID": "1026", "Channel": "Microsoft-Windows-TerminalServices-RDPClient/Operational", "Provider_Name": "Microsoft-Windows-TerminalServices-ClientActiveXCore", "Computer": "DESKTOP-OFJ6N53", "TimeCreated": "2025-03-27 15:37:14.248608+00:00", "RecordID": "24456", "Level": "4", "UserID": "S-1-5-21-963789628-1060504924-4285088085-1001", "EventData.Name": "Disconnect Reason", "EventData.Value": "516", "EventData.CustomLevel": "Info"}
{"EventID": "1105", "Channel": "Microsoft-Windows-TerminalServices-RDPClient/Operational", "Provider_Name": "Microsoft-Windows-TerminalServices-ClientActiveXCore", "Computer": "DESKTOP-OFJ6N53", "TimeCreated": "2025-03-28 08:31:02.890173+00:00", "RecordID": "24457", "Level": "4", "UserID": "S-1-5-21-963789628-1060504924-4285088085-1001"}
{"EventID": "226", "Channel": "Microsoft-Windows-TerminalServices-RDPClient/Operational", "Provider_Name": "Microsoft-Windows-TerminalServices-ClientActiveXCore", "Computer": "DESKTOP-OFJ6N53", "TimeCreated": "2025-03-28 08:31:02.890234+00:00", "RecordID": "24458", "Level": "3", "UserID": "S-1-5-21-963789628-1060504924-4285088085-1001", "EventData.StateTransitionName": "RDPClient_SSL", "EventData.PreviousState": "0", "EventData.PreviousStateName": "TsSslStateDisconnected", "EventData.NewState": "0", "EventData.NewStateName": "TsSslStateDisconnected", "EventData.Event": "25", "EventData.EventName": "TsSslEventInvalidState", "EventData.Error Code": "2147549183"}
{"EventID": "1026", "Channel": "Microsoft-Windows-TerminalServices-RDPClient/Operational", "Provider_Name": "Microsoft-Windows-TerminalServices-ClientActiveXCore", "Computer": "DESKTOP-OFJ6N53", "TimeCreated": "2025-03-28 08:31:02.890436+00:00", "RecordID": "24459", "Level": "4", "UserID": "S-1-5-21-963789628-1060504924-4285088085-1001", "EventData.Name": "Disconnect Reason", "EventData.Value": "3", "EventData.CustomLevel": "Info"}
{"EventID": "1024", "Channel": "Microsoft-Windows-TerminalServices-RDPClient/Operational", "Provider_Name": "Microsoft-Windows-TerminalServices-ClientActiveXCore", "Computer": "DESKTOP-OFJ6N53", "TimeCreated": "2025-03-28 09:41:28.376871+00:00", "RecordID": "24460", "Level": "4", "UserID": "S-1-5-21-963789628-1060504924-4285088085-1001", "EventData.Name": "Server Name", "EventData.Value": "192.168.52.12", "EventData.CustomLevel": "Info"}
{"EventID": "1028", "Channel": "Microsoft-Windows-TerminalServices-RDPClient/Operational", "Provider_Name": "Microsoft-Windows-TerminalServices-ClientActiveXCore", "Computer": "DESKTOP-OFJ6N53", "TimeCreated": "2025-03-28 09:41:28.416563+00:00", "RecordID": "24461", "Level": "4", "UserID": "S-1-5-21-963789628-1060504924-4285088085-1001", "EventData.TraceMessage": "supported"}
{"EventID": "1029", "Channel": "Microsoft-Windows-TerminalServices-RDPClient/Operational", "Provider_Name": "Microsoft-Windows-TerminalServices-ClientActiveXCore", "Computer": "DESKTOP-OFJ6N53", "TimeCreated": "2025-03-28 09:41:33.075037+00:00", "RecordID": "24462", "Level": "4", "UserID": "S-1-5-21-963789628-1060504924-4285088085-1001", "EventData.TraceMessage": "1mSMIKgfMkNWQQKduFtpkhTDs6dmNHhOV+la2IeE6aE=-"}
{"EventID": "226", "Channel": "Microsoft-Windows-TerminalServices-RDPClient/Operational", "Provider_Name": "Microsoft-Windows-TerminalServices-ClientActiveXCore", "Computer": "DESKTOP-OFJ6N53", "TimeCreated": "2025-03-28 09:41:33.478998+00:00", "RecordID": "24463", "Level": "3", "UserID": "S-1-5-21-963789628-1060504924-4285088085-1001", "EventData.StateTransitionName": "RDPClient_SSL", "EventData.PreviousState": "3", "EventData.PreviousStateName": "TsSslStateHandshakeInProgress", "EventData.NewState": "10", "EventData.NewStateName": "TsSslStateDisconnecting", "EventData.Event": "8", "EventData.EventName": "TsSslEventHandshakeContinueFailed", "EventData.Error Code": "2147500037"}
{"EventID": "1105", "Channel": "Microsoft-Windows-TerminalServices-RDPClient/Operational", "Provider_Name": "Microsoft-Windows-TerminalServices-ClientActiveXCore", "Computer": "DESKTOP-OFJ6N53", "TimeCreated": "2025-03-28 09:41:33.479486+00:00", "RecordID": "24464", "Level": "4", "UserID": "S-1-5-21-963789628-1060504924-4285088085-1001"}
{"EventID": "1026", "Channel": "Microsoft-Windows-TerminalServices-RDPClient/Operational", "Provider_Name": "Microsoft-Windows-TerminalServices-ClientActiveXCore", "Computer": "DESKTOP-OFJ6N53", "TimeCreated": "2025-03-28 09:41:33.479662+00:00", "RecordID": "24465", "Level": "4", "UserID": "S-1-5-21-963789628-1060504924-4285088085-1001", "EventData.Name": "Disconnect Reason", "EventData.Value": "519", "EventData.CustomLevel": "Info"}
{"EventID": "1028", "Channel": "Microsoft-Windows-TerminalServices-RDPClient/Operational", "Provider_Name": "Microsoft-Windows-TerminalServices-ClientActiveXCore", "Computer": "DESKTOP-OFJ6N53", "TimeCreated": "2025-03-28 09:41:33.492575+00:00", "RecordID": "24466", "Level": "4", "UserID": "S-1-5-21-963789628-1060504924-4285088085-1001", "EventData.TraceMessage": "supported"}
{"EventID": "1029", "Channel": "Microsoft-Windows-TerminalServices-RDPClient/Operational", "Provider_Name": "Microsoft-Windows-TerminalServices-ClientActiveXCore", "Computer": "DESKTOP-OFJ6N53", "TimeCreated": "2025-03-28 09:41:33.493145+00:00", "RecordID": "24467", "Level": "4", "UserID": "S-1-5-21-963789628-1060504924-4285088085-1001", "EventData.TraceMessage": "1mSMIKgfMkNWQQKduFtpkhTDs6dmNHhOV+la2IeE6aE=-"}
{"EventID": "226", "Channel": "Microsoft-Windows-TerminalServices-RDPClient/Operational", "Provider_Name": "Microsoft-Windows-TerminalServices-ClientActiveXCore", "Computer": "DESKTOP-OFJ6N53", "TimeCreated": "2025-03-28 09:41:33.507092+00:00", "RecordID": "24468", "Level": "3", "UserID": "S-1-5-21-963789628-1060504924-4285088085-1001", "EventData.StateTransitionName": "RDPClient_SSL", "EventData.PreviousState": "3", "EventData.PreviousStateName": "TsSslStateHandshakeInProgress", "EventData.NewState": "10", "EventData.NewStateName": "TsSslStateDisconnecting", "EventData.Event": "9", "EventData.EventName": "TsSslEventHandshakeInProgressFailed", "EventData.Error Code": "2147500037"}
{"EventID": "1105", "Channel": "Microsoft-Windows-TerminalServices-RDPClient/Operational", "Provider_Name": "Microsoft-Windows-TerminalServices-ClientActiveXCore", "Computer": "DESKTOP-OFJ6N53", "TimeCreated": "2025-03-28 09:41:33.507368+00:00", "RecordID": "24469", "Level": "4", "UserID": "S-1-5-21-963789628-1060504924-4285088085-1001"}
{"EventID": "1026", "Channel": "Microsoft-Windows-TerminalServices-RDPClient/Operational", "Provider_Name": "Microsoft-Windows-TerminalServices-ClientActiveXCore", "Computer": "DESKTOP-OFJ6N53", "TimeCreated": "2025-03-28 09:41:34.138466+00:00", "RecordID": "24470", "Level": "4", "UserID": "S-1-5-21-963789628-1060504924-4285088085-1001", "EventData.Name": "Disconnect Reason", "EventData.Value": "263", "EventData.CustomLevel": "Info"}
{"EventID": "1028", "Channel": "Microsoft-Windows-TerminalServices-RDPClient/Operational", "Provider_Name": "Microsoft-Windows-TerminalServices-ClientActiveXCore", "Computer": "DESKTOP-OFJ6N53", "TimeCreated": "2025-03-28 09:41:34.152224+00:00", "RecordID": "24471", "Level": "4", "UserID": "S-1-5-21-963789628-1060504924-4285088085-1001", "EventData.TraceMessage": "supported"}
{"EventID": "1029", "Channel": "Microsoft-Windows-TerminalServices-RDPClient/Operational", "Provider_Name": "Microsoft-Windows-TerminalServices-ClientActiveXCore", "Computer": "DESKTOP-OFJ6N53", "TimeCreated": "2025-03-28 09:41:34.152828+00:00", "RecordID": "24472", "Level": "4", "UserID": "S-1-5-21-963789628-1060504924-4285088085-1001", "EventData.TraceMessage": "1mSMIKgfMkNWQQKduFtpkhTDs6dmNHhOV+la2IeE6aE=-"}
{"EventID": "1025", "Channel": "Microsoft-Windows-TerminalServices-RDPClient/Operational", "Provider_Name": "Microsoft-Windows-TerminalServices-ClientActiveXCore", "Computer": "DESKTOP-OFJ6N53", "TimeCreated": "2025-03-28 09:41:35.355902+00:00", "RecordID": "24473", "Level": "4", "UserID": "S-1-5-21-963789628-1060504924-4285088085-1001"}
{"EventID": "1105", "Channel": "Microsoft-Windows-TerminalServices-RDPClient/Operational", "Provider_Name": "Microsoft-Windows-TerminalServices-ClientActiveXCore", "Computer": "DESKTOP-OFJ6N53", "TimeCreated": "2025-03-28 09:42:14.858839+00:00", "RecordID": "24474", "Level": "4", "UserID": "S-1-5-21-963789628-1060504924-4285088085-1001"}
{"EventID": "226", "Channel": "Microsoft-Windows-TerminalServices-RDPClient/Operational", "Provider_Name": "Microsoft-Windows-TerminalServices-ClientActiveXCore", "Computer": "DESKTOP-OFJ6N53", "TimeCreated": "2025-03-28 09:42:14.858850+00:00", "RecordID": "24475", "Level": "3", "UserID": "S-1-5-21-963789628-1060504924-4285088085-1001", "EventData.StateTransitionName": "RDPClient_SSL", "EventData.PreviousState": "0", "EventData.PreviousStateName": "TsSslStateDisconnected", "EventData.NewState": "0", "EventData.NewStateName": "TsSslStateDisconnected", "EventData.Event": "25", "EventData.EventName": "TsSslEventInvalidState", "EventData.Error Code": "2147549183"}
{"EventID": "1026", "Channel": "Microsoft-Windows-TerminalServices-RDPClient/Operational", "Provider_Name": "Microsoft-Windows-TerminalServices-ClientActiveXCore", "Computer": "DESKTOP-OFJ6N53", "TimeCreated": "2025-03-28 09:42:14.858978+00:00", "RecordID": "24476", "Level": "4", "UserID": "S-1-5-21-963789628-1060504924-4285088085-1001", "EventData.Name": "Disconnect Reason", "EventData.Value": "2", "EventData.CustomLevel": "Info"}
{"EventID": "1024", "Channel": "Microsoft-Windows-TerminalServices-RDPClient/Operational", "Provider_Name": "Microsoft-Windows-TerminalServices-ClientActiveXCore", "Computer": "DESKTOP-OFJ6N53", "TimeCreated": "2025-03-30 07:17:24.344995+00:00", "RecordID": "24477", "Level": "4", "UserID": "S-1-5-21-963789628-1060504924-4285088085-1001", "EventData.Name": "Server Name", "EventData.Value": "192.168.52.12", "EventData.CustomLevel": "Info"}
{"EventID": "1105", "Channel": "Microsoft-Windows-TerminalServices-RDPClient/Operational", "Provider_Name": "Microsoft-Windows-TerminalServices-ClientActiveXCore", "Computer": "DESKTOP-OFJ6N53", "TimeCreated": "2025-03-30 07:17:40.479847+00:00", "RecordID": "24478", "Level": "4", "UserID": "S-1-5-21-963789628-1060504924-4285088085-1001"}
{"EventID": "226", "Channel": "Microsoft-Windows-TerminalServices-RDPClient/Operational", "Provider_Name": "Microsoft-Windows-TerminalServices-ClientActiveXCore", "Computer": "DESKTOP-OFJ6N53", "TimeCreated": "2025-03-30 07:17:40.479853+00:00", "RecordID": "24479", "Level": "3", "UserID": "S-1-5-21-963789628-1060504924-4285088085-1001", "EventData.StateTransitionName": "RDPClient_TCP", "EventData.PreviousState": "1", "EventData.PreviousStateName": "TcpStateConnectingTransport", "EventData.NewState": "12", "EventData.NewStateName": "TcpStateDisconnected", "EventData.Event": "2", "EventData.EventName": "TcpEventConnectionTimeout", "EventData.Error Code": "2147500036"}
{"EventID": "1026", "Channel": "Microsoft-Windows-TerminalServices-RDPClient/Operational", "Provider_Name": "Microsoft-Windows-TerminalServices-ClientActiveXCore", "Computer": "DESKTOP-OFJ6N53", "TimeCreated": "2025-03-30 07:17:40.479992+00:00", "RecordID": "24480", "Level": "4", "UserID": "S-1-5-21-963789628-1060504924-4285088085-1001", "EventData.Name": "Disconnect Reason", "EventData.Value": "516", "EventData.CustomLevel": "Info"}
{"EventID": "1024", "Channel": "Microsoft-Windows-TerminalServices-RDPClient/Operational", "Provider_Name": "Microsoft-Windows-TerminalServices-ClientActiveXCore", "Computer": "DESKTOP-OFJ6N53", "TimeCreated": "2025-03-30 07:17:42.615494+00:00", "RecordID": "24481", "Level": "4", "UserID": "S-1-5-21-963789628-1060504924-4285088085-1001", "EventData.Name": "Server Name", "EventData.Value": "192.168.52.12", "EventData.CustomLevel": "Info"}
{"EventID": "1105", "Channel": "Microsoft-Windows-TerminalServices-RDPClient/Operational", "Provider_Name": "Microsoft-Windows-TerminalServices-ClientActiveXCore", "Computer": "DESKTOP-OFJ6N53", "TimeCreated": "2025-03-30 07:17:58.627136+00:00", "RecordID": "24482", "Level": "4", "UserID": "S-1-5-21-963789628-1060504924-4285088085-1001"}
{"EventID": "226", "Channel": "Microsoft-Windows-TerminalServices-RDPClient/Operational", "Provider_Name": "Microsoft-Windows-TerminalServices-ClientActiveXCore", "Computer": "DESKTOP-OFJ6N53", "TimeCreated": "2025-03-30 07:17:58.627138+00:00", "RecordID": "24483", "Level": "3", "UserID": "S-1-5-21-963789628-1060504924-4285088085-1001", "EventData.StateTransitionName": "RDPClient_TCP", "EventData.PreviousState": "1", "EventData.PreviousStateName": "TcpStateConnectingTransport", "EventData.NewState": "12", "EventData.NewStateName": "TcpStateDisconnected", "EventData.Event": "2", "EventData.EventName": "TcpEventConnectionTimeout", "EventData.Error Code": "2147500036"}
{"EventID": "1026", "Channel": "Microsoft-Windows-TerminalServices-RDPClient/Operational", "Provider_Name": "Microsoft-Windows-TerminalServices-ClientActiveXCore", "Computer": "DESKTOP-OFJ6N53", "TimeCreated": "2025-03-30 07:17:58.627239+00:00", "RecordID": "24484", "Level": "4", "UserID": "S-1-5-21-963789628-1060504924-4285088085-1001", "EventData.Name": "Disconnect Reason", "EventData.Value": "516", "EventData.CustomLevel": "Info"}
{"EventID": "1024", "Channel": "Microsoft-Windows-TerminalServices-RDPClient/Operational", "Provider_Name": "Microsoft-Windows-TerminalServices-ClientActiveXCore", "Computer": "DESKTOP-OFJ6N53", "TimeCreated": "2025-03-30 07:18:00.904037+00:00", "RecordID": "24485", "Level": "4", "UserID": "S-1-5-21-963789628-1060504924-4285088085-1001", "EventData.Name": "Server Name", "EventData.Value": "192.168.52.12", "EventData.CustomLevel": "Info"}
{"EventID": "1105", "Channel": "Microsoft-Windows-TerminalServices-RDPClient/Operational", "Provider_Name": "Microsoft-Windows-TerminalServices-ClientActiveXCore", "Computer": "DESKTOP-OFJ6N53", "TimeCreated": "2025-03-30 07:18:16.939856+00:00", "RecordID": "24486", "Level": "4", "UserID": "S-1-5-21-963789628-1060504924-4285088085-1001"}
{"EventID": "226", "Channel": "Microsoft-Windows-TerminalServices-RDPClient/Operational", "Provider_Name": "Microsoft-Windows-TerminalServices-ClientActiveXCore", "Computer": "DESKTOP-OFJ6N53", "TimeCreated": "2025-03-30 07:18:16.939857+00:00", "RecordID": "24487", "Level": "3", "UserID": "S-1-5-21-963789628-1060504924-4285088085-1001", "EventData.StateTransitionName": "RDPClient_TCP", "EventData.PreviousState": "1", "EventData.PreviousStateName": "TcpStateConnectingTransport", "EventData.NewState": "12", "EventData.NewStateName": "TcpStateDisconnected", "EventData.Event": "2", "EventData.EventName": "TcpEventConnectionTimeout", "EventData.Error Code": "2147500036"}
{"EventID": "1026", "Channel": "Microsoft-Windows-TerminalServices-RDPClient/Operational", "Provider_Name": "Microsoft-Windows-TerminalServices-ClientActiveXCore", "Computer": "DESKTOP-OFJ6N53", "TimeCreated": "2025-03-30 07:18:16.940111+00:00", "RecordID": "24488", "Level": "4", "UserID": "S-1-5-21-963789628-1060504924-4285088085-1001", "EventData.Name": "Disconnect Reason", "EventData.Value": "516", "EventData.CustomLevel": "Info"}
{"EventID": "1024", "Channel": "Microsoft-Windows-TerminalServices-RDPClient/Operational", "Provider_Name": "Microsoft-Windows-TerminalServices-ClientActiveXCore", "Computer": "DESKTOP-OFJ6N53", "TimeCreated": "2025-03-30 07:18:30.519260+00:00", "RecordID": "24489", "Level": "4", "UserID": "S-1-5-21-963789628-1060504924-4285088085-1001", "EventData.Name": "Server Name", "EventData.Value": "192.168.52.12", "EventData.CustomLevel": "Info"}
{"EventID": "1105", "Channel": "Microsoft-Windows-TerminalServices-RDPClient/Operational", "Provider_Name": "Microsoft-Windows-TerminalServices-ClientActiveXCore", "Computer": "DESKTOP-OFJ6N53", "TimeCreated": "2025-03-30 07:18:46.538385+00:00", "RecordID": "24490", "Level": "4", "UserID": "S-1-5-21-963789628-1060504924-4285088085-1001"}
{"EventID": "226", "Channel": "Microsoft-Windows-TerminalServices-RDPClient/Operational", "Provider_Name": "Microsoft-Windows-TerminalServices-ClientActiveXCore", "Computer": "DESKTOP-OFJ6N53", "TimeCreated": "2025-03-30 07:18:46.538387+00:00", "RecordID": "24491", "Level": "3", "UserID": "S-1-5-21-963789628-1060504924-4285088085-1001", "EventData.StateTransitionName": "RDPClient_TCP", "EventData.PreviousState": "1", "EventData.PreviousStateName": "TcpStateConnectingTransport", "EventData.NewState": "12", "EventData.NewStateName": "TcpStateDisconnected", "EventData.Event": "2", "EventData.EventName": "TcpEventConnectionTimeout", "EventData.Error Code": "2147500036"}
{"EventID": "1026", "Channel": "Microsoft-Windows-TerminalServices-RDPClient/Operational", "Provider_Name": "Microsoft-Windows-TerminalServices-ClientActiveXCore", "Computer": "DESKTOP-OFJ6N53", "TimeCreated": "2025-03-30 07:18:46.538622+00:00", "RecordID": "24492", "Level": "4", "UserID": "S-1-5-21-963789628-1060504924-4285088085-1001", "EventData.Name": "Disconnect Reason", "EventData.Value": "516", "EventData.CustomLevel": "Info"}
{"EventID": "1024", "Channel": "Microsoft-Windows-TerminalServices-RDPClient/Operational", "Provider_Name": "Microsoft-Windows-TerminalServices-ClientActiveXCore", "Computer": "DESKTOP-OFJ6N53", "TimeCreated": "2025-03-30 07:18:48.890051+00:00", "RecordID": "24493", "Level": "4", "UserID": "S-1-5-21-963789628-1060504924-4285088085-1001", "EventData.Name": "Server Name", "EventData.Value": "192.168.52.12", "EventData.CustomLevel": "Info"}
{"EventID": "1105", "Channel": "Microsoft-Windows-TerminalServices-RDPClient/Operational", "Provider_Name": "Microsoft-Windows-TerminalServices-ClientActiveXCore", "Computer": "DESKTOP-OFJ6N53", "TimeCreated": "2025-03-30 07:18:51.527964+00:00", "RecordID": "24494", "Level": "4", "UserID": "S-1-5-21-963789628-1060504924-4285088085-1001"}
{"EventID": "1026", "Channel": "Microsoft-Windows-TerminalServices-RDPClient/Operational", "Provider_Name": "Microsoft-Windows-TerminalServices-ClientActiveXCore", "Computer": "DESKTOP-OFJ6N53", "TimeCreated": "2025-03-30 07:18:51.533005+00:00", "RecordID": "24495", "Level": "4", "UserID": "S-1-5-21-963789628-1060504924-4285088085-1001", "EventData.Name": "Disconnect Reason", "EventData.Value": "1", "EventData.CustomLevel": "Info"}
{"EventID": "1024", "Channel": "Microsoft-Windows-TerminalServices-RDPClient/Operational", "Provider_Name": "Microsoft-Windows-TerminalServices-ClientActiveXCore", "Computer": "DESKTOP-OFJ6N53", "TimeCreated": "2025-03-30 07:18:52.303719+00:00", "RecordID": "24496", "Level": "4", "UserID": "S-1-5-21-963789628-1060504924-4285088085-1001", "EventData.Name": "Server Name", "EventData.Value": "192.168.52.12", "EventData.CustomLevel": "Info"}
{"EventID": "1105", "Channel": "Microsoft-Windows-TerminalServices-RDPClient/Operational", "Provider_Name": "Microsoft-Windows-TerminalServices-ClientActiveXCore", "Computer": "DESKTOP-OFJ6N53", "TimeCreated": "2025-03-30 07:18:57.920298+00:00", "RecordID": "24497", "Level": "4", "UserID": "S-1-5-21-963789628-1060504924-4285088085-1001"}
{"EventID": "1026", "Channel": "Microsoft-Windows-TerminalServices-RDPClient/Operational", "Provider_Name": "Microsoft-Windows-TerminalServices-ClientActiveXCore", "Computer": "DESKTOP-OFJ6N53", "TimeCreated": "2025-03-30 07:18:57.923124+00:00", "RecordID": "24498", "Level": "4", "UserID": "S-1-5-21-963789628-1060504924-4285088085-1001", "EventData.Name": "Disconnect Reason", "EventData.Value": "1", "EventData.CustomLevel": "Info"}
{"EventID": "1024", "Channel": "Microsoft-Windows-TerminalServices-RDPClient/Operational", "Provider_Name": "Microsoft-Windows-TerminalServices-ClientActiveXCore", "Computer": "DESKTOP-OFJ6N53", "TimeCreated": "2025-03-30 07:19:05.970425+00:00", "RecordID": "24499", "Level": "4", "UserID": "S-1-5-21-963789628-1060504924-4285088085-1001", "EventData.Name": "Server Name", "EventData.Value": "10.10.75.17", "EventData.CustomLevel": "Info"}
{"EventID": "1105", "Channel": "Microsoft-Windows-TerminalServices-RDPClient/Operational", "Provider_Name": "Microsoft-Windows-TerminalServices-ClientActiveXCore", "Computer": "DESKTOP-OFJ6N53", "TimeCreated": "2025-03-30 07:19:06.669237+00:00", "RecordID": "24500", "Level": "4", "UserID": "S-1-5-21-963789628-1060504924-4285088085-1001"}
{"EventID": "1026", "Channel": "Microsoft-Windows-TerminalServices-RDPClient/Operational", "Provider_Name": "Microsoft-Windows-TerminalServices-ClientActiveXCore", "Computer": "DESKTOP-OFJ6N53", "TimeCreated": "2025-03-30 07:19:06.673277+00:00", "RecordID": "24501", "Level": "4", "UserID": "S-1-5-21-963789628-1060504924-4285088085-1001", "EventData.Name": "Disconnect Reason", "EventData.Value": "1", "EventData.CustomLevel": "Info"}
{"EventID": "1024", "Channel": "Microsoft-Windows-TerminalServices-RDPClient/Operational", "Provider_Name": "Microsoft-Windows-TerminalServices-ClientActiveXCore", "Computer": "DESKTOP-OFJ6N53", "TimeCreated": "2025-03-30 07:19:13.433907+00:00", "RecordID": "24502", "Level": "4", "UserID": "S-1-5-21-963789628-1060504924-4285088085-1001", "EventData.Name": "Server Name", "EventData.Value": "192.168.52.12", "EventData.CustomLevel": "Info"}
{"EventID": "1105", "Channel": "Microsoft-Windows-TerminalServices-RDPClient/Operational", "Provider_Name": "Microsoft-Windows-TerminalServices-ClientActiveXCore", "Computer": "DESKTOP-OFJ6N53", "TimeCreated": "2025-03-30 07:19:29.461214+00:00", "RecordID": "24503", "Level": "4", "UserID": "S-1-5-21-963789628-1060504924-4285088085-1001"}
{"EventID": "226", "Channel": "Microsoft-Windows-TerminalServices-RDPClient/Operational", "Provider_Name": "Microsoft-Windows-TerminalServices-ClientActiveXCore", "Computer": "DESKTOP-OFJ6N53", "TimeCreated": "2025-03-30 07:19:29.461239+00:00", "RecordID": "24504", "Level": "3", "UserID": "S-1-5-21-963789628-1060504924-4285088085-1001", "EventData.StateTransitionName": "RDPClient_TCP", "EventData.PreviousState": "1", "EventData.PreviousStateName": "TcpStateConnectingTransport", "EventData.NewState": "12", "EventData.NewStateName": "TcpStateDisconnected", "EventData.Event": "2", "EventData.EventName": "TcpEventConnectionTimeout", "EventData.Error Code": "2147500036"}
{"EventID": "1026", "Channel": "Microsoft-Windows-TerminalServices-RDPClient/Operational", "Provider_Name": "Microsoft-Windows-TerminalServices-ClientActiveXCore", "Computer": "DESKTOP-OFJ6N53", "TimeCreated": "2025-03-30 07:19:29.461336+00:00", "RecordID": "24505", "Level": "4", "UserID": "S-1-5-21-963789628-1060504924-4285088085-1001", "EventData.Name": "Disconnect Reason", "EventData.Value": "516", "EventData.CustomLevel": "Info"}
{"EventID": "1024", "Channel": "Microsoft-Windows-TerminalServices-RDPClient/Operational", "Provider_Name": "Microsoft-Windows-TerminalServices-ClientActiveXCore", "Computer": "DESKTOP-OFJ6N53", "TimeCreated": "2025-03-30 07:19:31.902380+00:00", "RecordID": "24506", "Level": "4", "UserID": "S-1-5-21-963789628-1060504924-4285088085-1001", "EventData.Name": "Server Name", "EventData.Value": "192.168.52.12", "EventData.CustomLevel": "Info"}
{"EventID": "1105", "Channel": "Microsoft-Windows-TerminalServices-RDPClient/Operational", "Provider_Name": "Microsoft-Windows-TerminalServices-ClientActiveXCore", "Computer": "DESKTOP-OFJ6N53", "TimeCreated": "2025-03-30 07:19:47.943756+00:00", "RecordID": "24507", "Level": "4", "UserID": "S-1-5-21-963789628-1060504924-4285088085-1001"}
{"EventID": "226", "Channel": "Microsoft-Windows-TerminalServices-RDPClient/Operational", "Provider_Name": "Microsoft-Windows-TerminalServices-ClientActiveXCore", "Computer": "DESKTOP-OFJ6N53", "TimeCreated": "2025-03-30 07:19:47.943762+00:00", "RecordID": "24508", "Level": "3", "UserID": "S-1-5-21-963789628-1060504924-4285088085-1001", "EventData.StateTransitionName": "RDPClient_TCP", "EventData.PreviousState": "1", "EventData.PreviousStateName": "TcpStateConnectingTransport", "EventData.NewState": "12", "EventData.NewStateName": "TcpStateDisconnected", "EventData.Event": "2", "EventData.EventName": "TcpEventConnectionTimeout", "EventData.Error Code": "2147500036"}
{"EventID": "1026", "Channel": "Microsoft-Windows-TerminalServices-RDPClient/Operational", "Provider_Name": "Microsoft-Windows-TerminalServices-ClientActiveXCore", "Computer": "DESKTOP-OFJ6N53", "TimeCreated": "2025-03-30 07:19:47.943882+00:00", "RecordID": "24509", "Level": "4", "UserID": "S-1-5-21-963789628-1060504924-4285088085-1001", "EventData.Name": "Disconnect Reason", "EventData.Value": "516", "EventData.CustomLevel": "Info"}
{"EventID": "1024", "Channel": "Microsoft-Windows-TerminalServices-RDPClient/Operational", "Provider_Name": "Microsoft-Windows-TerminalServices-ClientActiveXCore", "Computer": "DESKTOP-OFJ6N53", "TimeCreated": "2025-03-30 07:20:02.465219+00:00", "RecordID": "24510", "Level": "4", "UserID": "S-1-5-21-963789628-1060504924-4285088085-1001", "EventData.Name": "Server Name", "EventData.Value": "192.168.52.12", "EventData.CustomLevel": "Info"}
{"EventID": "1105", "Channel": "Microsoft-Windows-TerminalServices-RDPClient/Operational", "Provider_Name": "Microsoft-Windows-TerminalServices-ClientActiveXCore", "Computer": "DESKTOP-OFJ6N53", "TimeCreated": "2025-03-30 07:20:18.491110+00:00", "RecordID": "24511", "Level": "4", "UserID": "S-1-5-21-963789628-1060504924-4285088085-1001"}
{"EventID": "226", "Channel": "Microsoft-Windows-TerminalServices-RDPClient/Operational", "Provider_Name": "Microsoft-Windows-TerminalServices-ClientActiveXCore", "Computer": "DESKTOP-OFJ6N53", "TimeCreated": "2025-03-30 07:20:18.491114+00:00", "RecordID": "24512", "Level": "3", "UserID": "S-1-5-21-963789628-1060504924-4285088085-1001", "EventData.StateTransitionName": "RDPClient_TCP", "EventData.PreviousState": "1", "EventData.PreviousStateName": "TcpStateConnectingTransport", "EventData.NewState": "12", "EventData.NewStateName": "TcpStateDisconnected", "EventData.Event": "2", "EventData.EventName": "TcpEventConnectionTimeout", "EventData.Error Code": "2147500036"}
{"EventID": "1026", "Channel": "Microsoft-Windows-TerminalServices-RDPClient/Operational", "Provider_Name": "Microsoft-Windows-TerminalServices-ClientActiveXCore", "Computer": "DESKTOP-OFJ6N53", "TimeCreated": "2025-03-30 07:20:18.491331+00:00", "RecordID": "24513", "Level": "4", "UserID": "S-1-5-21-963789628-1060504924-4285088085-1001", "EventData.Name": "Disconnect Reason", "EventData.Value": "516", "EventData.CustomLevel": "Info"}
{"EventID": "1024", "Channel": "Microsoft-Windows-TerminalServices-RDPClient/Operational", "Provider_Name": "Microsoft-Windows-TerminalServices-ClientActiveXCore", "Computer": "DESKTOP-OFJ6N53", "TimeCreated": "2025-03-30 09:22:29.747046+00:00", "RecordID": "24514", "Level": "4", "UserID": "S-1-5-21-963789628-1060504924-4285088085-1001", "EventData.Name": "Server Name", "EventData.Value": "192.168.52.12", "EventData.CustomLevel": "Info"}
