{"EventID": "10", "Channel": "Microsoft-Windows-WindowsSystemAssessmentTool/Operational", "Provider_Name": "Microsoft-Windows-WindowsSystemAssessmentTool", "Computer": "DESKTOP-OFJ6N53", "TimeCreated": "2025-02-08 10:02:08.959082+00:00", "RecordID": "1494", "Level": "4", "UserID": "S-1-5-18", "EventData.PhaseID": "20"}
{"EventID": "10", "Channel": "Microsoft-Windows-WindowsSystemAssessmentTool/Operational", "Provider_Name": "Microsoft-Windows-WindowsSystemAssessmentTool", "Computer": "DESKTOP-OFJ6N53", "TimeCreated": "2025-02-08 10:02:08.959082+00:00", "RecordID": "1495", "Level": "4", "UserID": "S-1-5-18", "EventData.PhaseID": "10"}
{"EventID": "9", "Channel": "Microsoft-Windows-WindowsSystemAssessmentTool/Operational", "Provider_Name": "Microsoft-Windows-WindowsSystemAssessmentTool", "Computer": "DESKTOP-OFJ6N53", "TimeCreated": "2025-02-08 10:02:08.959082+00:00", "RecordID": "1496", "Level": "4", "UserID": "S-1-5-18", "EventData.PhaseID": "30", "EventData.DescriptionSize": "19", "EventData.Description": "Gathering Key Info"}
{"EventID": "9", "Channel": "Microsoft-Windows-WindowsSystemAssessmentTool/Operational", "Provider_Name": "Microsoft-Windows-WindowsSystemAssessmentTool", "Computer": "DESKTOP-OFJ6N53", "TimeCreated": "2025-02-08 10:02:08.959286+00:00", "RecordID": "1497", "Level": "4", "UserID": "S-1-5-18", "EventData.PhaseID": "40", "EventData.DescriptionSize": "23", "EventData.Description": "Gather CPU information"}
{"EventID": "10", "Channel": "Microsoft-Windows-WindowsSystemAssessmentTool/Operational", "Provider_Name": "Microsoft-Windows-WindowsSystemAssessmentTool", "Computer": "DESKTOP-OFJ6N53", "TimeCreated": "2025-02-08 10:02:08.959354+00:00", "RecordID": "1498", "Level": "4", "UserID": "S-1-5-18", "EventData.PhaseID": "40"}
{"EventID": "10", "Channel": "Microsoft-Windows-WindowsSystemAssessmentTool/Operational", "Provider_Name": "Microsoft-Windows-WindowsSystemAssessmentTool", "Computer": "DESKTOP-OFJ6N53", "TimeCreated": "2025-02-08 10:02:08.959354+00:00", "RecordID": "1499", "Level": "4", "UserID": "S-1-5-18", "EventData.PhaseID": "30"}
{"EventID": "9", "Channel": "Microsoft-Windows-WindowsSystemAssessmentTool/Operational", "Provider_Name": "Microsoft-Windows-WindowsSystemAssessmentTool", "Computer": "DESKTOP-OFJ6N53", "TimeCreated": "2025-02-08 10:02:08.961264+00:00", "RecordID": "1500", "Level": "4", "UserID": "S-1-5-18", "EventData.PhaseID": "1004", "EventData.DescriptionSize": "40", "EventData.Description": "Run Assessment, disk, -wsswap -drive C:"}
{"EventID": "10", "Channel": "Microsoft-Windows-WindowsSystemAssessmentTool/Operational", "Provider_Name": "Microsoft-Windows-WindowsSystemAssessmentTool", "Computer": "DESKTOP-OFJ6N53", "TimeCreated": "2025-02-08 10:02:09.484642+00:00", "RecordID": "1501", "Level": "4", "UserID": "S-1-5-18", "EventData.PhaseID": "1004"}
{"EventID": "9", "Channel": "Microsoft-Windows-WindowsSystemAssessmentTool/Operational", "Provider_Name": "Microsoft-Windows-WindowsSystemAssessmentTool", "Computer": "DESKTOP-OFJ6N53", "TimeCreated": "2025-02-08 10:02:09.484648+00:00", "RecordID": "1502", "Level": "4", "UserID": "S-1-5-18", "EventData.PhaseID": "130", "EventData.DescriptionSize": "16", "EventData.Description": "Process Results"}
{"EventID": "10", "Channel": "Microsoft-Windows-WindowsSystemAssessmentTool/Operational", "Provider_Name": "Microsoft-Windows-WindowsSystemAssessmentTool", "Computer": "DESKTOP-OFJ6N53", "TimeCreated": "2025-02-08 10:02:09.534639+00:00", "RecordID": "1503", "Level": "4", "UserID": "S-1-5-18", "EventData.PhaseID": "130"}
{"EventID": "9", "Channel": "Microsoft-Windows-WindowsSystemAssessmentTool/Operational", "Provider_Name": "Microsoft-Windows-WindowsSystemAssessmentTool", "Computer": "DESKTOP-OFJ6N53", "TimeCreated": "2025-02-08 10:02:09.534643+00:00", "RecordID": "1504", "Level": "4", "UserID": "S-1-5-18", "EventData.PhaseID": "150", "EventData.DescriptionSize": "17", "EventData.Description": "Cleanup and exit"}
{"EventID": "9", "Channel": "Microsoft-Windows-WindowsSystemAssessmentTool/Operational", "Provider_Name": "Microsoft-Windows-WindowsSystemAssessmentTool", "Computer": "DESKTOP-OFJ6N53", "TimeCreated": "2025-02-08 10:02:09.535465+00:00", "RecordID": "1505", "Level": "4", "UserID": "S-1-5-18", "EventData.PhaseID": "140", "EventData.DescriptionSize": "24", "EventData.Description": "Restore system policies"}
{"EventID": "10", "Channel": "Microsoft-Windows-WindowsSystemAssessmentTool/Operational", "Provider_Name": "Microsoft-Windows-WindowsSystemAssessmentTool", "Computer": "DESKTOP-OFJ6N53", "TimeCreated": "2025-02-08 10:02:09.537018+00:00", "RecordID": "1506", "Level": "4", "UserID": "S-1-5-18", "EventData.PhaseID": "140"}
{"EventID": "3", "Channel": "Microsoft-Windows-WindowsSystemAssessmentTool/Operational", "Provider_Name": "Microsoft-Windows-WindowsSystemAssessmentTool", "Computer": "DESKTOP-OFJ6N53", "TimeCreated": "2025-02-08 10:02:09.538532+00:00", "RecordID": "1507", "Level": "0", "UserID": "S-1-5-18", "EventData.ExitCode": "0"}
{"EventID": "10", "Channel": "Microsoft-Windows-WindowsSystemAssessmentTool/Operational", "Provider_Name": "Microsoft-Windows-WindowsSystemAssessmentTool", "Computer": "DESKTOP-OFJ6N53", "TimeCreated": "2025-02-08 10:02:09.538536+00:00", "RecordID": "1508", "Level": "4", "UserID": "S-1-5-18", "EventData.PhaseID": "150"}
{"EventID": "1", "Channel": "Microsoft-Windows-WindowsSystemAssessmentTool/Operational", "Provider_Name": "Microsoft-Windows-WindowsSystemAssessmentTool", "Computer": "DESKTOP-OFJ6N53", "TimeCreated": "2025-02-08 10:03:34.857721+00:00", "RecordID": "1509", "Level": "0", "UserID": "S-1-5-18", "EventData.StartTimeOfDay": "2025-02-08 10:03:34.856838+00:00"}
{"EventID": "9", "Channel": "Microsoft-Windows-WindowsSystemAssessmentTool/Operational", "Provider_Name": "Microsoft-Windows-WindowsSystemAssessmentTool", "Computer": "DESKTOP-OFJ6N53", "TimeCreated": "2025-02-08 10:03:34.857723+00:00", "RecordID": "1510", "Level": "4", "UserID": "S-1-5-18", "EventData.PhaseID": "10", "EventData.DescriptionSize": "25", "EventData.Description": "Application Intializaton"}
{"EventID": "2", "Channel": "Microsoft-Windows-WindowsSystemAssessmentTool/Operational", "Provider_Name": "Microsoft-Windows-WindowsSystemAssessmentTool", "Computer": "DESKTOP-OFJ6N53", "TimeCreated": "2025-02-08 10:03:34.862917+00:00", "RecordID": "1511", "Level": "0", "UserID": "S-1-5-18", "EventData.CommandLineSize": "45", "EventData.CommandLine": "\"C:\\Windows\\system32\\winsat.exe\" disk -wsswap"}
{"EventID": "9", "Channel": "Microsoft-Windows-WindowsSystemAssessmentTool/Operational", "Provider_Name": "Microsoft-Windows-WindowsSystemAssessmentTool", "Computer": "DESKTOP-OFJ6N53", "TimeCreated": "2025-02-08 10:03:34.863256+00:00", "RecordID": "1512", "Level": "4", "UserID": "S-1-5-18", "EventData.PhaseID": "20", "EventData.DescriptionSize": "23", "EventData.Description": "Modify system policies"}
{"EventID": "10", "Channel": "Microsoft-Windows-WindowsSystemAssessmentTool/Operational", "Provider_Name": "Microsoft-Windows-WindowsSystemAssessmentTool", "Computer": "DESKTOP-OFJ6N53", "TimeCreated": "2025-02-08 10:03:34.866211+00:00", "RecordID": "1513", "Level": "4", "UserID": "S-1-5-18", "EventData.PhaseID": "20"}
{"EventID": "10", "Channel": "Microsoft-Windows-WindowsSystemAssessmentTool/Operational", "Provider_Name": "Microsoft-Windows-WindowsSystemAssessmentTool", "Computer": "DESKTOP-OFJ6N53", "TimeCreated": "2025-02-08 10:03:34.866213+00:00", "RecordID": "1514", "Level": "4", "UserID": "S-1-5-18", "EventData.PhaseID": "10"}
{"EventID": "9", "Channel": "Microsoft-Windows-WindowsSystemAssessmentTool/Operational", "Provider_Name": "Microsoft-Windows-WindowsSystemAssessmentTool", "Computer": "DESKTOP-OFJ6N53", "TimeCreated": "2025-02-08 10:03:34.866213+00:00", "RecordID": "1515", "Level": "4", "UserID": "S-1-5-18", "EventData.PhaseID": "30", "EventData.DescriptionSize": "19", "EventData.Description": "Gathering Key Info"}
{"EventID": "9", "Channel": "Microsoft-Windows-WindowsSystemAssessmentTool/Operational", "Provider_Name": "Microsoft-Windows-WindowsSystemAssessmentTool", "Computer": "DESKTOP-OFJ6N53", "TimeCreated": "2025-02-08 10:03:34.866220+00:00", "RecordID": "1516", "Level": "4", "UserID": "S-1-5-18", "EventData.PhaseID": "40", "EventData.DescriptionSize": "23", "EventData.Description": "Gather CPU information"}
{"EventID": "10", "Channel": "Microsoft-Windows-WindowsSystemAssessmentTool/Operational", "Provider_Name": "Microsoft-Windows-WindowsSystemAssessmentTool", "Computer": "DESKTOP-OFJ6N53", "TimeCreated": "2025-02-08 10:03:34.866285+00:00", "RecordID": "1517", "Level": "4", "UserID": "S-1-5-18", "EventData.PhaseID": "40"}
{"EventID": "10", "Channel": "Microsoft-Windows-WindowsSystemAssessmentTool/Operational", "Provider_Name": "Microsoft-Windows-WindowsSystemAssessmentTool", "Computer": "DESKTOP-OFJ6N53", "TimeCreated": "2025-02-08 10:03:34.866285+00:00", "RecordID": "1518", "Level": "4", "UserID": "S-1-5-18", "EventData.PhaseID": "30"}
{"EventID": "9", "Channel": "Microsoft-Windows-WindowsSystemAssessmentTool/Operational", "Provider_Name": "Microsoft-Windows-WindowsSystemAssessmentTool", "Computer": "DESKTOP-OFJ6N53", "TimeCreated": "2025-02-08 10:03:34.869894+00:00", "RecordID": "1519", "Level": "4", "UserID": "S-1-5-18", "EventData.PhaseID": "1004", "EventData.DescriptionSize": "40", "EventData.Description": "Run Assessment, disk, -wsswap -drive C:"}
{"EventID": "10", "Channel": "Microsoft-Windows-WindowsSystemAssessmentTool/Operational", "Provider_Name": "Microsoft-Windows-WindowsSystemAssessmentTool", "Computer": "DESKTOP-OFJ6N53", "TimeCreated": "2025-02-08 10:03:35.361095+00:00", "RecordID": "1520", "Level": "4", "UserID": "S-1-5-18", "EventData.PhaseID": "1004"}
{"EventID": "9", "Channel": "Microsoft-Windows-WindowsSystemAssessmentTool/Operational", "Provider_Name": "Microsoft-Windows-WindowsSystemAssessmentTool", "Computer": "DESKTOP-OFJ6N53", "TimeCreated": "2025-02-08 10:03:35.361099+00:00", "RecordID": "1521", "Level": "4", "UserID": "S-1-5-18", "EventData.PhaseID": "130", "EventData.DescriptionSize": "16", "EventData.Description": "Process Results"}
{"EventID": "10", "Channel": "Microsoft-Windows-WindowsSystemAssessmentTool/Operational", "Provider_Name": "Microsoft-Windows-WindowsSystemAssessmentTool", "Computer": "DESKTOP-OFJ6N53", "TimeCreated": "2025-02-08 10:03:35.379038+00:00", "RecordID": "1522", "Level": "4", "UserID": "S-1-5-18", "EventData.PhaseID": "130"}
{"EventID": "9", "Channel": "Microsoft-Windows-WindowsSystemAssessmentTool/Operational", "Provider_Name": "Microsoft-Windows-WindowsSystemAssessmentTool", "Computer": "DESKTOP-OFJ6N53", "TimeCreated": "2025-02-08 10:03:35.379042+00:00", "RecordID": "1523", "Level": "4", "UserID": "S-1-5-18", "EventData.PhaseID": "150", "EventData.DescriptionSize": "17", "EventData.Description": "Cleanup and exit"}
{"EventID": "9", "Channel": "Microsoft-Windows-WindowsSystemAssessmentTool/Operational", "Provider_Name": "Microsoft-Windows-WindowsSystemAssessmentTool", "Computer": "DESKTOP-OFJ6N53", "TimeCreated": "2025-02-08 10:03:35.380865+00:00", "RecordID": "1524", "Level": "4", "UserID": "S-1-5-18", "EventData.PhaseID": "140", "EventData.DescriptionSize": "24", "EventData.Description": "Restore system policies"}
{"EventID": "10", "Channel": "Microsoft-Windows-WindowsSystemAssessmentTool/Operational", "Provider_Name": "Microsoft-Windows-WindowsSystemAssessmentTool", "Computer": "DESKTOP-OFJ6N53", "TimeCreated": "2025-02-08 10:03:35.382202+00:00", "RecordID": "1525", "Level": "4", "UserID": "S-1-5-18", "EventData.PhaseID": "140"}
{"EventID": "3", "Channel": "Microsoft-Windows-WindowsSystemAssessmentTool/Operational", "Provider_Name": "Microsoft-Windows-WindowsSystemAssessmentTool", "Computer": "DESKTOP-OFJ6N53", "TimeCreated": "2025-02-08 10:03:35.383530+00:00", "RecordID": "1526", "Level": "0", "UserID": "S-1-5-18", "EventData.ExitCode": "0"}
{"EventID": "10", "Channel": "Microsoft-Windows-WindowsSystemAssessmentTool/Operational", "Provider_Name": "Microsoft-Windows-WindowsSystemAssessmentTool", "Computer": "DESKTOP-OFJ6N53", "TimeCreated": "2025-02-08 10:03:35.383532+00:00", "RecordID": "1527", "Level": "4", "UserID": "S-1-5-18", "EventData.PhaseID": "150"}
{"EventID": "1", "Channel": "Microsoft-Windows-WindowsSystemAssessmentTool/Operational", "Provider_Name": "Microsoft-Windows-WindowsSystemAssessmentTool", "Computer": "DESKTOP-OFJ6N53", "TimeCreated": "2025-03-10 09:04:08.671638+00:00", "RecordID": "1528", "Level": "0", "UserID": "S-1-5-18", "EventData.StartTimeOfDay": "2025-03-10 09:04:08.663132+00:00"}
{"EventID": "9", "Channel": "Microsoft-Windows-WindowsSystemAssessmentTool/Operational", "Provider_Name": "Microsoft-Windows-WindowsSystemAssessmentTool", "Computer": "DESKTOP-OFJ6N53", "TimeCreated": "2025-03-10 09:04:08.671640+00:00", "RecordID": "1529", "Level": "4", "UserID": "S-1-5-18", "EventData.PhaseID": "10", "EventData.DescriptionSize": "25", "EventData.Description": "Application Intializaton"}
{"EventID": "2", "Channel": "Microsoft-Windows-WindowsSystemAssessmentTool/Operational", "Provider_Name": "Microsoft-Windows-WindowsSystemAssessmentTool", "Computer": "DESKTOP-OFJ6N53", "TimeCreated": "2025-03-10 09:04:08.678967+00:00", "RecordID": "1530", "Level": "0", "UserID": "S-1-5-18", "EventData.CommandLineSize": "45", "EventData.CommandLine": "\"C:\\Windows\\system32\\winsat.exe\" disk -wsswap"}
{"EventID": "9", "Channel": "Microsoft-Windows-WindowsSystemAssessmentTool/Operational", "Provider_Name": "Microsoft-Windows-WindowsSystemAssessmentTool", "Computer": "DESKTOP-OFJ6N53", "TimeCreated": "2025-03-10 09:04:08.679552+00:00", "RecordID": "1531", "Level": "4", "UserID": "S-1-5-18", "EventData.PhaseID": "20", "EventData.DescriptionSize": "23", "EventData.Description": "Modify system policies"}
{"EventID": "10", "Channel": "Microsoft-Windows-WindowsSystemAssessmentTool/Operational", "Provider_Name": "Microsoft-Windows-WindowsSystemAssessmentTool", "Computer": "DESKTOP-OFJ6N53", "TimeCreated": "2025-03-10 09:04:08.686541+00:00", "RecordID": "1532", "Level": "4", "UserID": "S-1-5-18", "EventData.PhaseID": "20"}
{"EventID": "10", "Channel": "Microsoft-Windows-WindowsSystemAssessmentTool/Operational", "Provider_Name": "Microsoft-Windows-WindowsSystemAssessmentTool", "Computer": "DESKTOP-OFJ6N53", "TimeCreated": "2025-03-10 09:04:08.686543+00:00", "RecordID": "1533", "Level": "4", "UserID": "S-1-5-18", "EventData.PhaseID": "10"}
{"EventID": "9", "Channel": "Microsoft-Windows-WindowsSystemAssessmentTool/Operational", "Provider_Name": "Microsoft-Windows-WindowsSystemAssessmentTool", "Computer": "DESKTOP-OFJ6N53", "TimeCreated": "2025-03-10 09:04:08.686543+00:00", "RecordID": "1534", "Level": "4", "UserID": "S-1-5-18", "EventData.PhaseID": "30", "EventData.DescriptionSize": "19", "EventData.Description": "Gathering Key Info"}
{"EventID": "9", "Channel": "Microsoft-Windows-WindowsSystemAssessmentTool/Operational", "Provider_Name": "Microsoft-Windows-WindowsSystemAssessmentTool", "Computer": "DESKTOP-OFJ6N53", "TimeCreated": "2025-03-10 09:04:08.686563+00:00", "RecordID": "1535", "Level": "4", "UserID": "S-1-5-18", "EventData.PhaseID": "40", "EventData.DescriptionSize": "23", "EventData.Description": "Gather CPU information"}
{"EventID": "10", "Channel": "Microsoft-Windows-WindowsSystemAssessmentTool/Operational", "Provider_Name": "Microsoft-Windows-WindowsSystemAssessmentTool", "Computer": "DESKTOP-OFJ6N53", "TimeCreated": "2025-03-10 09:04:08.686682+00:00", "RecordID": "1536", "Level": "4", "UserID": "S-1-5-18", "EventData.PhaseID": "40"}
{"EventID": "10", "Channel": "Microsoft-Windows-WindowsSystemAssessmentTool/Operational", "Provider_Name": "Microsoft-Windows-WindowsSystemAssessmentTool", "Computer": "DESKTOP-OFJ6N53", "TimeCreated": "2025-03-10 09:04:08.686682+00:00", "RecordID": "1537", "Level": "4", "UserID": "S-1-5-18", "EventData.PhaseID": "30"}
{"EventID": "9", "Channel": "Microsoft-Windows-WindowsSystemAssessmentTool/Operational", "Provider_Name": "Microsoft-Windows-WindowsSystemAssessmentTool", "Computer": "DESKTOP-OFJ6N53", "TimeCreated": "2025-03-10 09:04:08.690912+00:00", "RecordID": "1538", "Level": "4", "UserID": "S-1-5-18", "EventData.PhaseID": "1004", "EventData.DescriptionSize": "40", "EventData.Description": "Run Assessment, disk, -wsswap -drive C:"}
{"EventID": "10", "Channel": "Microsoft-Windows-WindowsSystemAssessmentTool/Operational", "Provider_Name": "Microsoft-Windows-WindowsSystemAssessmentTool", "Computer": "DESKTOP-OFJ6N53", "TimeCreated": "2025-03-10 09:04:09.284901+00:00", "RecordID": "1539", "Level": "4", "UserID": "S-1-5-18", "EventData.PhaseID": "1004"}
{"EventID": "9", "Channel": "Microsoft-Windows-WindowsSystemAssessmentTool/Operational", "Provider_Name": "Microsoft-Windows-WindowsSystemAssessmentTool", "Computer": "DESKTOP-OFJ6N53", "TimeCreated": "2025-03-10 09:04:09.284903+00:00", "RecordID": "1540", "Level": "4", "UserID": "S-1-5-18", "EventData.PhaseID": "130", "EventData.DescriptionSize": "16", "EventData.Description": "Process Results"}
{"EventID": "10", "Channel": "Microsoft-Windows-WindowsSystemAssessmentTool/Operational", "Provider_Name": "Microsoft-Windows-WindowsSystemAssessmentTool", "Computer": "DESKTOP-OFJ6N53", "TimeCreated": "2025-03-10 09:04:09.335270+00:00", "RecordID": "1541", "Level": "4", "UserID": "S-1-5-18", "EventData.PhaseID": "130"}
{"EventID": "9", "Channel": "Microsoft-Windows-WindowsSystemAssessmentTool/Operational", "Provider_Name": "Microsoft-Windows-WindowsSystemAssessmentTool", "Computer": "DESKTOP-OFJ6N53", "TimeCreated": "2025-03-10 09:04:09.335274+00:00", "RecordID": "1542", "Level": "4", "UserID": "S-1-5-18", "EventData.PhaseID": "150", "EventData.DescriptionSize": "17", "EventData.Description": "Cleanup and exit"}
{"EventID": "9", "Channel": "Microsoft-Windows-WindowsSystemAssessmentTool/Operational", "Provider_Name": "Microsoft-Windows-WindowsSystemAssessmentTool", "Computer": "DESKTOP-OFJ6N53", "TimeCreated": "2025-03-10 09:04:09.337267+00:00", "RecordID": "1543", "Level": "4", "UserID": "S-1-5-18", "EventData.PhaseID": "140", "EventData.DescriptionSize": "24", "EventData.Description": "Restore system policies"}
{"EventID": "10", "Channel": "Microsoft-Windows-WindowsSystemAssessmentTool/Operational", "Provider_Name": "Microsoft-Windows-WindowsSystemAssessmentTool", "Computer": "DESKTOP-OFJ6N53", "TimeCreated": "2025-03-10 09:04:09.339113+00:00", "RecordID": "1544", "Level": "4", "UserID": "S-1-5-18", "EventData.PhaseID": "140"}
{"EventID": "3", "Channel": "Microsoft-Windows-WindowsSystemAssessmentTool/Operational", "Provider_Name": "Microsoft-Windows-WindowsSystemAssessmentTool", "Computer": "DESKTOP-OFJ6N53", "TimeCreated": "2025-03-10 09:04:09.341257+00:00", "RecordID": "1545", "Level": "0", "UserID": "S-1-5-18", "EventData.ExitCode": "0"}
{"EventID": "10", "Channel": "Microsoft-Windows-WindowsSystemAssessmentTool/Operational", "Provider_Name": "Microsoft-Windows-WindowsSystemAssessmentTool", "Computer": "DESKTOP-OFJ6N53", "TimeCreated": "2025-03-10 09:04:09.341261+00:00", "RecordID": "1546", "Level": "4", "UserID": "S-1-5-18", "EventData.PhaseID": "150"}
{"EventID": "1", "Channel": "Microsoft-Windows-WindowsSystemAssessmentTool/Operational", "Provider_Name": "Microsoft-Windows-WindowsSystemAssessmentTool", "Computer": "DESKTOP-OFJ6N53", "TimeCreated": "2025-03-10 09:08:21.332907+00:00", "RecordID": "1547", "Level": "0", "UserID": "S-1-5-18", "EventData.StartTimeOfDay": "2025-03-10 09:08:21.322218+00:00"}
{"EventID": "9", "Channel": "Microsoft-Windows-WindowsSystemAssessmentTool/Operational", "Provider_Name": "Microsoft-Windows-WindowsSystemAssessmentTool", "Computer": "DESKTOP-OFJ6N53", "TimeCreated": "2025-03-10 09:08:21.332909+00:00", "RecordID": "1548", "Level": "4", "UserID": "S-1-5-18", "EventData.PhaseID": "10", "EventData.DescriptionSize": "25", "EventData.Description": "Application Intializaton"}
{"EventID": "2", "Channel": "Microsoft-Windows-WindowsSystemAssessmentTool/Operational", "Provider_Name": "Microsoft-Windows-WindowsSystemAssessmentTool", "Computer": "DESKTOP-OFJ6N53", "TimeCreated": "2025-03-10 09:08:21.340839+00:00", "RecordID": "1549", "Level": "0", "UserID": "S-1-5-18", "EventData.CommandLineSize": "45", "EventData.CommandLine": "\"C:\\Windows\\system32\\winsat.exe\" disk -wsswap"}
{"EventID": "9", "Channel": "Microsoft-Windows-WindowsSystemAssessmentTool/Operational", "Provider_Name": "Microsoft-Windows-WindowsSystemAssessmentTool", "Computer": "DESKTOP-OFJ6N53", "TimeCreated": "2025-03-10 09:08:21.341452+00:00", "RecordID": "1550", "Level": "4", "UserID": "S-1-5-18", "EventData.PhaseID": "20", "EventData.DescriptionSize": "23", "EventData.Description": "Modify system policies"}
{"EventID": "10", "Channel": "Microsoft-Windows-WindowsSystemAssessmentTool/Operational", "Provider_Name": "Microsoft-Windows-WindowsSystemAssessmentTool", "Computer": "DESKTOP-OFJ6N53", "TimeCreated": "2025-03-10 09:08:21.345152+00:00", "RecordID": "1551", "Level": "4", "UserID": "S-1-5-18", "EventData.PhaseID": "20"}
{"EventID": "10", "Channel": "Microsoft-Windows-WindowsSystemAssessmentTool/Operational", "Provider_Name": "Microsoft-Windows-WindowsSystemAssessmentTool", "Computer": "DESKTOP-OFJ6N53", "TimeCreated": "2025-03-10 09:08:21.345152+00:00", "RecordID": "1552", "Level": "4", "UserID": "S-1-5-18", "EventData.PhaseID": "10"}
{"EventID": "9", "Channel": "Microsoft-Windows-WindowsSystemAssessmentTool/Operational", "Provider_Name": "Microsoft-Windows-WindowsSystemAssessmentTool", "Computer": "DESKTOP-OFJ6N53", "TimeCreated": "2025-03-10 09:08:21.345154+00:00", "RecordID": "1553", "Level": "4", "UserID": "S-1-5-18", "EventData.PhaseID": "30", "EventData.DescriptionSize": "19", "EventData.Description": "Gathering Key Info"}
{"EventID": "9", "Channel": "Microsoft-Windows-WindowsSystemAssessmentTool/Operational", "Provider_Name": "Microsoft-Windows-WindowsSystemAssessmentTool", "Computer": "DESKTOP-OFJ6N53", "TimeCreated": "2025-03-10 09:08:21.345160+00:00", "RecordID": "1554", "Level": "4", "UserID": "S-1-5-18", "EventData.PhaseID": "40", "EventData.DescriptionSize": "23", "EventData.Description": "Gather CPU information"}
{"EventID": "10", "Channel": "Microsoft-Windows-WindowsSystemAssessmentTool/Operational", "Provider_Name": "Microsoft-Windows-WindowsSystemAssessmentTool", "Computer": "DESKTOP-OFJ6N53", "TimeCreated": "2025-03-10 09:08:21.345284+00:00", "RecordID": "1555", "Level": "4", "UserID": "S-1-5-18", "EventData.PhaseID": "40"}
{"EventID": "10", "Channel": "Microsoft-Windows-WindowsSystemAssessmentTool/Operational", "Provider_Name": "Microsoft-Windows-WindowsSystemAssessmentTool", "Computer": "DESKTOP-OFJ6N53", "TimeCreated": "2025-03-10 09:08:21.345284+00:00", "RecordID": "1556", "Level": "4", "UserID": "S-1-5-18", "EventData.PhaseID": "30"}
{"EventID": "9", "Channel": "Microsoft-Windows-WindowsSystemAssessmentTool/Operational", "Provider_Name": "Microsoft-Windows-WindowsSystemAssessmentTool", "Computer": "DESKTOP-OFJ6N53", "TimeCreated": "2025-03-10 09:08:21.347696+00:00", "RecordID": "1557", "Level": "4", "UserID": "S-1-5-18", "EventData.PhaseID": "1004", "EventData.DescriptionSize": "40", "EventData.Description": "Run Assessment, disk, -wsswap -drive C:"}
{"EventID": "10", "Channel": "Microsoft-Windows-WindowsSystemAssessmentTool/Operational", "Provider_Name": "Microsoft-Windows-WindowsSystemAssessmentTool", "Computer": "DESKTOP-OFJ6N53", "TimeCreated": "2025-03-10 09:08:22.008089+00:00", "RecordID": "1558", "Level": "4", "UserID": "S-1-5-18", "EventData.PhaseID": "1004"}
{"EventID": "9", "Channel": "Microsoft-Windows-WindowsSystemAssessmentTool/Operational", "Provider_Name": "Microsoft-Windows-WindowsSystemAssessmentTool", "Computer": "DESKTOP-OFJ6N53", "TimeCreated": "2025-03-10 09:08:22.008093+00:00", "RecordID": "1559", "Level": "4", "UserID": "S-1-5-18", "EventData.PhaseID": "130", "EventData.DescriptionSize": "16", "EventData.Description": "Process Results"}
{"EventID": "10", "Channel": "Microsoft-Windows-WindowsSystemAssessmentTool/Operational", "Provider_Name": "Microsoft-Windows-WindowsSystemAssessmentTool", "Computer": "DESKTOP-OFJ6N53", "TimeCreated": "2025-03-10 09:08:22.027002+00:00", "RecordID": "1560", "Level": "4", "UserID": "S-1-5-18", "EventData.PhaseID": "130"}
{"EventID": "9", "Channel": "Microsoft-Windows-WindowsSystemAssessmentTool/Operational", "Provider_Name": "Microsoft-Windows-WindowsSystemAssessmentTool", "Computer": "DESKTOP-OFJ6N53", "TimeCreated": "2025-03-10 09:08:22.027006+00:00", "RecordID": "1561", "Level": "4", "UserID": "S-1-5-18", "EventData.PhaseID": "150", "EventData.DescriptionSize": "17", "EventData.Description": "Cleanup and exit"}
{"EventID": "9", "Channel": "Microsoft-Windows-WindowsSystemAssessmentTool/Operational", "Provider_Name": "Microsoft-Windows-WindowsSystemAssessmentTool", "Computer": "DESKTOP-OFJ6N53", "TimeCreated": "2025-03-10 09:08:22.030077+00:00", "RecordID": "1562", "Level": "4", "UserID": "S-1-5-18", "EventData.PhaseID": "140", "EventData.DescriptionSize": "24", "EventData.Description": "Restore system policies"}
{"EventID": "10", "Channel": "Microsoft-Windows-WindowsSystemAssessmentTool/Operational", "Provider_Name": "Microsoft-Windows-WindowsSystemAssessmentTool", "Computer": "DESKTOP-OFJ6N53", "TimeCreated": "2025-03-10 09:08:22.032143+00:00", "RecordID": "1563", "Level": "4", "UserID": "S-1-5-18", "EventData.PhaseID": "140"}
{"EventID": "3", "Channel": "Microsoft-Windows-WindowsSystemAssessmentTool/Operational", "Provider_Name": "Microsoft-Windows-WindowsSystemAssessmentTool", "Computer": "DESKTOP-OFJ6N53", "TimeCreated": "2025-03-10 09:08:22.034193+00:00", "RecordID": "1564", "Level": "0", "UserID": "S-1-5-18", "EventData.ExitCode": "0"}
{"EventID": "10", "Channel": "Microsoft-Windows-WindowsSystemAssessmentTool/Operational", "Provider_Name": "Microsoft-Windows-WindowsSystemAssessmentTool", "Computer": "DESKTOP-OFJ6N53", "TimeCreated": "2025-03-10 09:08:22.034197+00:00", "RecordID": "1565", "Level": "4", "UserID": "S-1-5-18", "EventData.PhaseID": "150"}
{"EventID": "1", "Channel": "Microsoft-Windows-WindowsSystemAssessmentTool/Operational", "Provider_Name": "Microsoft-Windows-WindowsSystemAssessmentTool", "Computer": "DESKTOP-OFJ6N53", "TimeCreated": "2025-04-09 08:34:24.071392+00:00", "RecordID": "1566", "Level": "0", "UserID": "S-1-5-18", "EventData.StartTimeOfDay": "2025-04-09 08:34:24.071283+00:00"}
{"EventID": "9", "Channel": "Microsoft-Windows-WindowsSystemAssessmentTool/Operational", "Provider_Name": "Microsoft-Windows-WindowsSystemAssessmentTool", "Computer": "DESKTOP-OFJ6N53", "TimeCreated": "2025-04-09 08:34:24.071394+00:00", "RecordID": "1567", "Level": "4", "UserID": "S-1-5-18", "EventData.PhaseID": "10", "EventData.DescriptionSize": "25", "EventData.Description": "Application Intializaton"}
{"EventID": "2", "Channel": "Microsoft-Windows-WindowsSystemAssessmentTool/Operational", "Provider_Name": "Microsoft-Windows-WindowsSystemAssessmentTool", "Computer": "DESKTOP-OFJ6N53", "TimeCreated": "2025-04-09 08:34:24.080378+00:00", "RecordID": "1568", "Level": "0", "UserID": "S-1-5-18", "EventData.CommandLineSize": "45", "EventData.CommandLine": "\"C:\\Windows\\system32\\winsat.exe\" disk -wsswap"}
{"EventID": "9", "Channel": "Microsoft-Windows-WindowsSystemAssessmentTool/Operational", "Provider_Name": "Microsoft-Windows-WindowsSystemAssessmentTool", "Computer": "DESKTOP-OFJ6N53", "TimeCreated": "2025-04-09 08:34:24.080942+00:00", "RecordID": "1569", "Level": "4", "UserID": "S-1-5-18", "EventData.PhaseID": "20", "EventData.DescriptionSize": "23", "EventData.Description": "Modify system policies"}
{"EventID": "10", "Channel": "Microsoft-Windows-WindowsSystemAssessmentTool/Operational", "Provider_Name": "Microsoft-Windows-WindowsSystemAssessmentTool", "Computer": "DESKTOP-OFJ6N53", "TimeCreated": "2025-04-09 08:34:24.084028+00:00", "RecordID": "1570", "Level": "4", "UserID": "S-1-5-18", "EventData.PhaseID": "20"}
{"EventID": "10", "Channel": "Microsoft-Windows-WindowsSystemAssessmentTool/Operational", "Provider_Name": "Microsoft-Windows-WindowsSystemAssessmentTool", "Computer": "DESKTOP-OFJ6N53", "TimeCreated": "2025-04-09 08:34:24.084030+00:00", "RecordID": "1571", "Level": "4", "UserID": "S-1-5-18", "EventData.PhaseID": "10"}
{"EventID": "9", "Channel": "Microsoft-Windows-WindowsSystemAssessmentTool/Operational", "Provider_Name": "Microsoft-Windows-WindowsSystemAssessmentTool", "Computer": "DESKTOP-OFJ6N53", "TimeCreated": "2025-04-09 08:34:24.084030+00:00", "RecordID": "1572", "Level": "4", "UserID": "S-1-5-18", "EventData.PhaseID": "30", "EventData.DescriptionSize": "19", "EventData.Description": "Gathering Key Info"}
{"EventID": "9", "Channel": "Microsoft-Windows-WindowsSystemAssessmentTool/Operational", "Provider_Name": "Microsoft-Windows-WindowsSystemAssessmentTool", "Computer": "DESKTOP-OFJ6N53", "TimeCreated": "2025-04-09 08:34:24.084047+00:00", "RecordID": "1573", "Level": "4", "UserID": "S-1-5-18", "EventData.PhaseID": "40", "EventData.DescriptionSize": "23", "EventData.Description": "Gather CPU information"}
{"EventID": "10", "Channel": "Microsoft-Windows-WindowsSystemAssessmentTool/Operational", "Provider_Name": "Microsoft-Windows-WindowsSystemAssessmentTool", "Computer": "DESKTOP-OFJ6N53", "TimeCreated": "2025-04-09 08:34:24.084162+00:00", "RecordID": "1574", "Level": "4", "UserID": "S-1-5-18", "EventData.PhaseID": "40"}
{"EventID": "10", "Channel": "Microsoft-Windows-WindowsSystemAssessmentTool/Operational", "Provider_Name": "Microsoft-Windows-WindowsSystemAssessmentTool", "Computer": "DESKTOP-OFJ6N53", "TimeCreated": "2025-04-09 08:34:24.084162+00:00", "RecordID": "1575", "Level": "4", "UserID": "S-1-5-18", "EventData.PhaseID": "30"}
{"EventID": "9", "Channel": "Microsoft-Windows-WindowsSystemAssessmentTool/Operational", "Provider_Name": "Microsoft-Windows-WindowsSystemAssessmentTool", "Computer": "DESKTOP-OFJ6N53", "TimeCreated": "2025-04-09 08:34:24.088678+00:00", "RecordID": "1576", "Level": "4", "UserID": "S-1-5-18", "EventData.PhaseID": "1004", "EventData.DescriptionSize": "40", "EventData.Description": "Run Assessment, disk, -wsswap -drive C:"}
{"EventID": "10", "Channel": "Microsoft-Windows-WindowsSystemAssessmentTool/Operational", "Provider_Name": "Microsoft-Windows-WindowsSystemAssessmentTool", "Computer": "DESKTOP-OFJ6N53", "TimeCreated": "2025-04-09 08:34:24.897224+00:00", "RecordID": "1577", "Level": "4", "UserID": "S-1-5-18", "EventData.PhaseID": "1004"}
{"EventID": "9", "Channel": "Microsoft-Windows-WindowsSystemAssessmentTool/Operational", "Provider_Name": "Microsoft-Windows-WindowsSystemAssessmentTool", "Computer": "DESKTOP-OFJ6N53", "TimeCreated": "2025-04-09 08:34:24.897228+00:00", "RecordID": "1578", "Level": "4", "UserID": "S-1-5-18", "EventData.PhaseID": "130", "EventData.DescriptionSize": "16", "EventData.Description": "Process Results"}
{"EventID": "10", "Channel": "Microsoft-Windows-WindowsSystemAssessmentTool/Operational", "Provider_Name": "Microsoft-Windows-WindowsSystemAssessmentTool", "Computer": "DESKTOP-OFJ6N53", "TimeCreated": "2025-04-09 08:34:24.961794+00:00", "RecordID": "1579", "Level": "4", "UserID": "S-1-5-18", "EventData.PhaseID": "130"}
{"EventID": "9", "Channel": "Microsoft-Windows-WindowsSystemAssessmentTool/Operational", "Provider_Name": "Microsoft-Windows-WindowsSystemAssessmentTool", "Computer": "DESKTOP-OFJ6N53", "TimeCreated": "2025-04-09 08:34:24.961794+00:00", "RecordID": "1580", "Level": "4", "UserID": "S-1-5-18", "EventData.PhaseID": "150", "EventData.DescriptionSize": "17", "EventData.Description": "Cleanup and exit"}
{"EventID": "9", "Channel": "Microsoft-Windows-WindowsSystemAssessmentTool/Operational", "Provider_Name": "Microsoft-Windows-WindowsSystemAssessmentTool", "Computer": "DESKTOP-OFJ6N53", "TimeCreated": "2025-04-09 08:34:24.962624+00:00", "RecordID": "1581", "Level": "4", "UserID": "S-1-5-18", "EventData.PhaseID": "140", "EventData.DescriptionSize": "24", "EventData.Description": "Restore system policies"}
{"EventID": "10", "Channel": "Microsoft-Windows-WindowsSystemAssessmentTool/Operational", "Provider_Name": "Microsoft-Windows-WindowsSystemAssessmentTool", "Computer": "DESKTOP-OFJ6N53", "TimeCreated": "2025-04-09 08:34:24.964504+00:00", "RecordID": "1582", "Level": "4", "UserID": "S-1-5-18", "EventData.PhaseID": "140"}
{"EventID": "3", "Channel": "Microsoft-Windows-WindowsSystemAssessmentTool/Operational", "Provider_Name": "Microsoft-Windows-WindowsSystemAssessmentTool", "Computer": "DESKTOP-OFJ6N53", "TimeCreated": "2025-04-09 08:34:24.966162+00:00", "RecordID": "1583", "Level": "0", "UserID": "S-1-5-18", "EventData.ExitCode": "0"}
{"EventID": "10", "Channel": "Microsoft-Windows-WindowsSystemAssessmentTool/Operational", "Provider_Name": "Microsoft-Windows-WindowsSystemAssessmentTool", "Computer": "DESKTOP-OFJ6N53", "TimeCreated": "2025-04-09 08:34:24.966162+00:00", "RecordID": "1584", "Level": "4", "UserID": "S-1-5-18", "EventData.PhaseID": "150"}
{"EventID": "1", "Channel": "Microsoft-Windows-WindowsSystemAssessmentTool/Operational", "Provider_Name": "Microsoft-Windows-WindowsSystemAssessmentTool", "Computer": "DESKTOP-OFJ6N53", "TimeCreated": "2025-04-09 08:34:49.934954+00:00", "RecordID": "1585", "Level": "0", "UserID": "S-1-5-18", "EventData.StartTimeOfDay": "2025-04-09 08:34:49.934855+00:00"}
{"EventID": "9", "Channel": "Microsoft-Windows-WindowsSystemAssessmentTool/Operational", "Provider_Name": "Microsoft-Windows-WindowsSystemAssessmentTool", "Computer": "DESKTOP-OFJ6N53", "TimeCreated": "2025-04-09 08:34:49.934956+00:00", "RecordID": "1586", "Level": "4", "UserID": "S-1-5-18", "EventData.PhaseID": "10", "EventData.DescriptionSize": "25", "EventData.Description": "Application Intializaton"}
{"EventID": "2", "Channel": "Microsoft-Windows-WindowsSystemAssessmentTool/Operational", "Provider_Name": "Microsoft-Windows-WindowsSystemAssessmentTool", "Computer": "DESKTOP-OFJ6N53", "TimeCreated": "2025-04-09 08:34:49.945032+00:00", "RecordID": "1587", "Level": "0", "UserID": "S-1-5-18", "EventData.CommandLineSize": "45", "EventData.CommandLine": "\"C:\\Windows\\system32\\winsat.exe\" disk -wsswap"}
{"EventID": "9", "Channel": "Microsoft-Windows-WindowsSystemAssessmentTool/Operational", "Provider_Name": "Microsoft-Windows-WindowsSystemAssessmentTool", "Computer": "DESKTOP-OFJ6N53", "TimeCreated": "2025-04-09 08:34:49.945515+00:00", "RecordID": "1588", "Level": "4", "UserID": "S-1-5-18", "EventData.PhaseID": "20", "EventData.DescriptionSize": "23", "EventData.Description": "Modify system policies"}
{"EventID": "10", "Channel": "Microsoft-Windows-WindowsSystemAssessmentTool/Operational", "Provider_Name": "Microsoft-Windows-WindowsSystemAssessmentTool", "Computer": "DESKTOP-OFJ6N53", "TimeCreated": "2025-04-09 08:34:49.953371+00:00", "RecordID": "1589", "Level": "4", "UserID": "S-1-5-18", "EventData.PhaseID": "20"}
{"EventID": "10", "Channel": "Microsoft-Windows-WindowsSystemAssessmentTool/Operational", "Provider_Name": "Microsoft-Windows-WindowsSystemAssessmentTool", "Computer": "DESKTOP-OFJ6N53", "TimeCreated": "2025-04-09 08:34:49.953373+00:00", "RecordID": "1590", "Level": "4", "UserID": "S-1-5-18", "EventData.PhaseID": "10"}
{"EventID": "9", "Channel": "Microsoft-Windows-WindowsSystemAssessmentTool/Operational", "Provider_Name": "Microsoft-Windows-WindowsSystemAssessmentTool", "Computer": "DESKTOP-OFJ6N53", "TimeCreated": "2025-04-09 08:34:49.953373+00:00", "RecordID": "1591", "Level": "4", "UserID": "S-1-5-18", "EventData.PhaseID": "30", "EventData.DescriptionSize": "19", "EventData.Description": "Gathering Key Info"}
{"EventID": "9", "Channel": "Microsoft-Windows-WindowsSystemAssessmentTool/Operational", "Provider_Name": "Microsoft-Windows-WindowsSystemAssessmentTool", "Computer": "DESKTOP-OFJ6N53", "TimeCreated": "2025-04-09 08:34:49.953381+00:00", "RecordID": "1592", "Level": "4", "UserID": "S-1-5-18", "EventData.PhaseID": "40", "EventData.DescriptionSize": "23", "EventData.Description": "Gather CPU information"}
{"EventID": "10", "Channel": "Microsoft-Windows-WindowsSystemAssessmentTool/Operational", "Provider_Name": "Microsoft-Windows-WindowsSystemAssessmentTool", "Computer": "DESKTOP-OFJ6N53", "TimeCreated": "2025-04-09 08:34:49.953482+00:00", "RecordID": "1593", "Level": "4", "UserID": "S-1-5-18", "EventData.PhaseID": "40"}
{"EventID": "10", "Channel": "Microsoft-Windows-WindowsSystemAssessmentTool/Operational", "Provider_Name": "Microsoft-Windows-WindowsSystemAssessmentTool", "Computer": "DESKTOP-OFJ6N53", "TimeCreated": "2025-04-09 08:34:49.953484+00:00", "RecordID": "1594", "Level": "4", "UserID": "S-1-5-18", "EventData.PhaseID": "30"}
{"EventID": "9", "Channel": "Microsoft-Windows-WindowsSystemAssessmentTool/Operational", "Provider_Name": "Microsoft-Windows-WindowsSystemAssessmentTool", "Computer": "DESKTOP-OFJ6N53", "TimeCreated": "2025-04-09 08:34:49.955488+00:00", "RecordID": "1595", "Level": "4", "UserID": "S-1-5-18", "EventData.PhaseID": "1004", "EventData.DescriptionSize": "40", "EventData.Description": "Run Assessment, disk, -wsswap -drive C:"}
{"EventID": "10", "Channel": "Microsoft-Windows-WindowsSystemAssessmentTool/Operational", "Provider_Name": "Microsoft-Windows-WindowsSystemAssessmentTool", "Computer": "DESKTOP-OFJ6N53", "TimeCreated": "2025-04-09 08:34:50.640043+00:00", "RecordID": "1596", "Level": "4", "UserID": "S-1-5-18", "EventData.PhaseID": "1004"}
{"EventID": "9", "Channel": "Microsoft-Windows-WindowsSystemAssessmentTool/Operational", "Provider_Name": "Microsoft-Windows-WindowsSystemAssessmentTool", "Computer": "DESKTOP-OFJ6N53", "TimeCreated": "2025-04-09 08:34:50.640049+00:00", "RecordID": "1597", "Level": "4", "UserID": "S-1-5-18", "EventData.PhaseID": "130", "EventData.DescriptionSize": "16", "EventData.Description": "Process Results"}
{"EventID": "10", "Channel": "Microsoft-Windows-WindowsSystemAssessmentTool/Operational", "Provider_Name": "Microsoft-Windows-WindowsSystemAssessmentTool", "Computer": "DESKTOP-OFJ6N53", "TimeCreated": "2025-04-09 08:34:50.705021+00:00", "RecordID": "1598", "Level": "4", "UserID": "S-1-5-18", "EventData.PhaseID": "130"}
{"EventID": "9", "Channel": "Microsoft-Windows-WindowsSystemAssessmentTool/Operational", "Provider_Name": "Microsoft-Windows-WindowsSystemAssessmentTool", "Computer": "DESKTOP-OFJ6N53", "TimeCreated": "2025-04-09 08:34:50.705021+00:00", "RecordID": "1599", "Level": "4", "UserID": "S-1-5-18", "EventData.PhaseID": "150", "EventData.DescriptionSize": "17", "EventData.Description": "Cleanup and exit"}
{"EventID": "9", "Channel": "Microsoft-Windows-WindowsSystemAssessmentTool/Operational", "Provider_Name": "Microsoft-Windows-WindowsSystemAssessmentTool", "Computer": "DESKTOP-OFJ6N53", "TimeCreated": "2025-04-09 08:34:50.705734+00:00", "RecordID": "1600", "Level": "4", "UserID": "S-1-5-18", "EventData.PhaseID": "140", "EventData.DescriptionSize": "24", "EventData.Description": "Restore system policies"}
{"EventID": "10", "Channel": "Microsoft-Windows-WindowsSystemAssessmentTool/Operational", "Provider_Name": "Microsoft-Windows-WindowsSystemAssessmentTool", "Computer": "DESKTOP-OFJ6N53", "TimeCreated": "2025-04-09 08:34:50.707396+00:00", "RecordID": "1601", "Level": "4", "UserID": "S-1-5-18", "EventData.PhaseID": "140"}
{"EventID": "3", "Channel": "Microsoft-Windows-WindowsSystemAssessmentTool/Operational", "Provider_Name": "Microsoft-Windows-WindowsSystemAssessmentTool", "Computer": "DESKTOP-OFJ6N53", "TimeCreated": "2025-04-09 08:34:50.709133+00:00", "RecordID": "1602", "Level": "0", "UserID": "S-1-5-18", "EventData.ExitCode": "0"}
{"EventID": "10", "Channel": "Microsoft-Windows-WindowsSystemAssessmentTool/Operational", "Provider_Name": "Microsoft-Windows-WindowsSystemAssessmentTool", "Computer": "DESKTOP-OFJ6N53", "TimeCreated": "2025-04-09 08:34:50.709137+00:00", "RecordID": "1603", "Level": "4", "UserID": "S-1-5-18", "EventData.PhaseID": "150"}
{"EventID": "1", "Channel": "Microsoft-Windows-WindowsSystemAssessmentTool/Operational", "Provider_Name": "Microsoft-Windows-WindowsSystemAssessmentTool", "Computer": "DESKTOP-OFJ6N53", "TimeCreated": "2025-04-15 08:36:18.863119+00:00", "RecordID": "1604", "Level": "0", "UserID": "S-1-5-18", "EventData.StartTimeOfDay": "2025-04-15 08:36:18.863094+00:00"}
{"EventID": "9", "Channel": "Microsoft-Windows-WindowsSystemAssessmentTool/Operational", "Provider_Name": "Microsoft-Windows-WindowsSystemAssessmentTool", "Computer": "DESKTOP-OFJ6N53", "TimeCreated": "2025-04-15 08:36:18.863123+00:00", "RecordID": "1605", "Level": "4", "UserID": "S-1-5-18", "EventData.PhaseID": "10", "EventData.DescriptionSize": "25", "EventData.Description": "Application Intializaton"}
{"EventID": "2", "Channel": "Microsoft-Windows-WindowsSystemAssessmentTool/Operational", "Provider_Name": "Microsoft-Windows-WindowsSystemAssessmentTool", "Computer": "DESKTOP-OFJ6N53", "TimeCreated": "2025-04-15 08:36:18.870337+00:00", "RecordID": "1606", "Level": "0", "UserID": "S-1-5-18", "EventData.CommandLineSize": "45", "EventData.CommandLine": "\"C:\\Windows\\system32\\winsat.exe\" disk -wsswap"}
{"EventID": "9", "Channel": "Microsoft-Windows-WindowsSystemAssessmentTool/Operational", "Provider_Name": "Microsoft-Windows-WindowsSystemAssessmentTool", "Computer": "DESKTOP-OFJ6N53", "TimeCreated": "2025-04-15 08:36:18.870983+00:00", "RecordID": "1607", "Level": "4", "UserID": "S-1-5-18", "EventData.PhaseID": "20", "EventData.DescriptionSize": "23", "EventData.Description": "Modify system policies"}
{"EventID": "10", "Channel": "Microsoft-Windows-WindowsSystemAssessmentTool/Operational", "Provider_Name": "Microsoft-Windows-WindowsSystemAssessmentTool", "Computer": "DESKTOP-OFJ6N53", "TimeCreated": "2025-04-15 08:36:18.875835+00:00", "RecordID": "1608", "Level": "4", "UserID": "S-1-5-18", "EventData.PhaseID": "20"}
{"EventID": "10", "Channel": "Microsoft-Windows-WindowsSystemAssessmentTool/Operational", "Provider_Name": "Microsoft-Windows-WindowsSystemAssessmentTool", "Computer": "DESKTOP-OFJ6N53", "TimeCreated": "2025-04-15 08:36:18.875837+00:00", "RecordID": "1609", "Level": "4", "UserID": "S-1-5-18", "EventData.PhaseID": "10"}
{"EventID": "9", "Channel": "Microsoft-Windows-WindowsSystemAssessmentTool/Operational", "Provider_Name": "Microsoft-Windows-WindowsSystemAssessmentTool", "Computer": "DESKTOP-OFJ6N53", "TimeCreated": "2025-04-15 08:36:18.875837+00:00", "RecordID": "1610", "Level": "4", "UserID": "S-1-5-18", "EventData.PhaseID": "30", "EventData.DescriptionSize": "19", "EventData.Description": "Gathering Key Info"}
{"EventID": "9", "Channel": "Microsoft-Windows-WindowsSystemAssessmentTool/Operational", "Provider_Name": "Microsoft-Windows-WindowsSystemAssessmentTool", "Computer": "DESKTOP-OFJ6N53", "TimeCreated": "2025-04-15 08:36:18.875862+00:00", "RecordID": "1611", "Level": "4", "UserID": "S-1-5-18", "EventData.PhaseID": "40", "EventData.DescriptionSize": "23", "EventData.Description": "Gather CPU information"}
{"EventID": "10", "Channel": "Microsoft-Windows-WindowsSystemAssessmentTool/Operational", "Provider_Name": "Microsoft-Windows-WindowsSystemAssessmentTool", "Computer": "DESKTOP-OFJ6N53", "TimeCreated": "2025-04-15 08:36:18.875994+00:00", "RecordID": "1612", "Level": "4", "UserID": "S-1-5-18", "EventData.PhaseID": "40"}
{"EventID": "10", "Channel": "Microsoft-Windows-WindowsSystemAssessmentTool/Operational", "Provider_Name": "Microsoft-Windows-WindowsSystemAssessmentTool", "Computer": "DESKTOP-OFJ6N53", "TimeCreated": "2025-04-15 08:36:18.875994+00:00", "RecordID": "1613", "Level": "4", "UserID": "S-1-5-18", "EventData.PhaseID": "30"}
{"EventID": "9", "Channel": "Microsoft-Windows-WindowsSystemAssessmentTool/Operational", "Provider_Name": "Microsoft-Windows-WindowsSystemAssessmentTool", "Computer": "DESKTOP-OFJ6N53", "TimeCreated": "2025-04-15 08:36:18.878407+00:00", "RecordID": "1614", "Level": "4", "UserID": "S-1-5-18", "EventData.PhaseID": "1004", "EventData.DescriptionSize": "40", "EventData.Description": "Run Assessment, disk, -wsswap -drive C:"}
{"EventID": "10", "Channel": "Microsoft-Windows-WindowsSystemAssessmentTool/Operational", "Provider_Name": "Microsoft-Windows-WindowsSystemAssessmentTool", "Computer": "DESKTOP-OFJ6N53", "TimeCreated": "2025-04-15 08:36:19.411549+00:00", "RecordID": "1615", "Level": "4", "UserID": "S-1-5-18", "EventData.PhaseID": "1004"}
{"EventID": "9", "Channel": "Microsoft-Windows-WindowsSystemAssessmentTool/Operational", "Provider_Name": "Microsoft-Windows-WindowsSystemAssessmentTool", "Computer": "DESKTOP-OFJ6N53", "TimeCreated": "2025-04-15 08:36:19.411552+00:00", "RecordID": "1616", "Level": "4", "UserID": "S-1-5-18", "EventData.PhaseID": "130", "EventData.DescriptionSize": "16", "EventData.Description": "Process Results"}
{"EventID": "10", "Channel": "Microsoft-Windows-WindowsSystemAssessmentTool/Operational", "Provider_Name": "Microsoft-Windows-WindowsSystemAssessmentTool", "Computer": "DESKTOP-OFJ6N53", "TimeCreated": "2025-04-15 08:36:19.436892+00:00", "RecordID": "1617", "Level": "4", "UserID": "S-1-5-18", "EventData.PhaseID": "130"}
{"EventID": "9", "Channel": "Microsoft-Windows-WindowsSystemAssessmentTool/Operational", "Provider_Name": "Microsoft-Windows-WindowsSystemAssessmentTool", "Computer": "DESKTOP-OFJ6N53", "TimeCreated": "2025-04-15 08:36:19.436895+00:00", "RecordID": "1618", "Level": "4", "UserID": "S-1-5-18", "EventData.PhaseID": "150", "EventData.DescriptionSize": "17", "EventData.Description": "Cleanup and exit"}
{"EventID": "9", "Channel": "Microsoft-Windows-WindowsSystemAssessmentTool/Operational", "Provider_Name": "Microsoft-Windows-WindowsSystemAssessmentTool", "Computer": "DESKTOP-OFJ6N53", "TimeCreated": "2025-04-15 08:36:19.437624+00:00", "RecordID": "1619", "Level": "4", "UserID": "S-1-5-18", "EventData.PhaseID": "140", "EventData.DescriptionSize": "24", "EventData.Description": "Restore system policies"}
{"EventID": "10", "Channel": "Microsoft-Windows-WindowsSystemAssessmentTool/Operational", "Provider_Name": "Microsoft-Windows-WindowsSystemAssessmentTool", "Computer": "DESKTOP-OFJ6N53", "TimeCreated": "2025-04-15 08:36:19.438940+00:00", "RecordID": "1620", "Level": "4", "UserID": "S-1-5-18", "EventData.PhaseID": "140"}
{"EventID": "3", "Channel": "Microsoft-Windows-WindowsSystemAssessmentTool/Operational", "Provider_Name": "Microsoft-Windows-WindowsSystemAssessmentTool", "Computer": "DESKTOP-OFJ6N53", "TimeCreated": "2025-04-15 08:36:19.441000+00:00", "RecordID": "1621", "Level": "0", "UserID": "S-1-5-18", "EventData.ExitCode": "0"}
{"EventID": "10", "Channel": "Microsoft-Windows-WindowsSystemAssessmentTool/Operational", "Provider_Name": "Microsoft-Windows-WindowsSystemAssessmentTool", "Computer": "DESKTOP-OFJ6N53", "TimeCreated": "2025-04-15 08:36:19.441002+00:00", "RecordID": "1622", "Level": "4", "UserID": "S-1-5-18", "EventData.PhaseID": "150"}
{"EventID": "1", "Channel": "Microsoft-Windows-WindowsSystemAssessmentTool/Operational", "Provider_Name": "Microsoft-Windows-WindowsSystemAssessmentTool", "Computer": "DESKTOP-OFJ6N53", "TimeCreated": "2025-05-09 08:40:34.430813+00:00", "RecordID": "1623", "Level": "0", "UserID": "S-1-5-18", "EventData.StartTimeOfDay": "2025-05-09 08:40:34.419436+00:00"}
{"EventID": "9", "Channel": "Microsoft-Windows-WindowsSystemAssessmentTool/Operational", "Provider_Name": "Microsoft-Windows-WindowsSystemAssessmentTool", "Computer": "DESKTOP-OFJ6N53", "TimeCreated": "2025-05-09 08:40:34.430815+00:00", "RecordID": "1624", "Level": "4", "UserID": "S-1-5-18", "EventData.PhaseID": "10", "EventData.DescriptionSize": "25", "EventData.Description": "Application Intializaton"}
{"EventID": "2", "Channel": "Microsoft-Windows-WindowsSystemAssessmentTool/Operational", "Provider_Name": "Microsoft-Windows-WindowsSystemAssessmentTool", "Computer": "DESKTOP-OFJ6N53", "TimeCreated": "2025-05-09 08:40:34.438951+00:00", "RecordID": "1625", "Level": "0", "UserID": "S-1-5-18", "EventData.CommandLineSize": "45", "EventData.CommandLine": "\"C:\\Windows\\system32\\winsat.exe\" disk -wsswap"}
{"EventID": "9", "Channel": "Microsoft-Windows-WindowsSystemAssessmentTool/Operational", "Provider_Name": "Microsoft-Windows-WindowsSystemAssessmentTool", "Computer": "DESKTOP-OFJ6N53", "TimeCreated": "2025-05-09 08:40:34.439491+00:00", "RecordID": "1626", "Level": "4", "UserID": "S-1-5-18", "EventData.PhaseID": "20", "EventData.DescriptionSize": "23", "EventData.Description": "Modify system policies"}
{"EventID": "10", "Channel": "Microsoft-Windows-WindowsSystemAssessmentTool/Operational", "Provider_Name": "Microsoft-Windows-WindowsSystemAssessmentTool", "Computer": "DESKTOP-OFJ6N53", "TimeCreated": "2025-05-09 08:40:34.442602+00:00", "RecordID": "1627", "Level": "4", "UserID": "S-1-5-18", "EventData.PhaseID": "20"}
{"EventID": "10", "Channel": "Microsoft-Windows-WindowsSystemAssessmentTool/Operational", "Provider_Name": "Microsoft-Windows-WindowsSystemAssessmentTool", "Computer": "DESKTOP-OFJ6N53", "TimeCreated": "2025-05-09 08:40:34.442604+00:00", "RecordID": "1628", "Level": "4", "UserID": "S-1-5-18", "EventData.PhaseID": "10"}
{"EventID": "9", "Channel": "Microsoft-Windows-WindowsSystemAssessmentTool/Operational", "Provider_Name": "Microsoft-Windows-WindowsSystemAssessmentTool", "Computer": "DESKTOP-OFJ6N53", "TimeCreated": "2025-05-09 08:40:34.442606+00:00", "RecordID": "1629", "Level": "4", "UserID": "S-1-5-18", "EventData.PhaseID": "30", "EventData.DescriptionSize": "19", "EventData.Description": "Gathering Key Info"}
{"EventID": "9", "Channel": "Microsoft-Windows-WindowsSystemAssessmentTool/Operational", "Provider_Name": "Microsoft-Windows-WindowsSystemAssessmentTool", "Computer": "DESKTOP-OFJ6N53", "TimeCreated": "2025-05-09 08:40:34.442678+00:00", "RecordID": "1630", "Level": "4", "UserID": "S-1-5-18", "EventData.PhaseID": "40", "EventData.DescriptionSize": "23", "EventData.Description": "Gather CPU information"}
