{"EventID": "104", "Channel": "Microsoft-Windows-Kernel-LiveDump/Operational", "Provider_Name": "Microsoft-Windows-Kernel-LiveDump", "Computer": "DESKTOP-OFJ6N53", "TimeCreated": "2022-07-09 08:32:52.404099+00:00", "RecordID": "1", "Level": "4", "UserID": "S-1-5-18"}
{"EventID": "105", "Channel": "Microsoft-Windows-Kernel-LiveDump/Operational", "Provider_Name": "Microsoft-Windows-Kernel-LiveDump", "Computer": "DESKTOP-OFJ6N53", "TimeCreated": "2022-07-09 08:33:17.723648+00:00", "RecordID": "2", "Level": "4", "UserID": ""}
{"EventID": "106", "Channel": "Microsoft-Windows-Kernel-LiveDump/Operational", "Provider_Name": "Microsoft-Windows-Kernel-LiveDump", "Computer": "DESKTOP-OFJ6N53", "TimeCreated": "2022-07-09 08:33:18.614359+00:00", "RecordID": "3", "Level": "4", "UserID": "S-1-5-18", "EventData.NtEstimatedRequiredPrimaryDataBytes": "69750784", "EventData.NtEstimatedPrimaryDataBytes": "1386795008", "EventData.HvEstimatedPrimaryDataBytes": "0", "EventData.HvEstimatedSecondaryDataBytes": "0", "EventData.SkEstimatedPrimaryDataBytes": "0", "EventData.MemoryEstimationDuration_ms": "26737", "EventData.SystemQuiescedDuration_ms": "0", "EventData.EndMirroringPhasesDuration_ms": "0", "EventData.TotalMirrorPhysicalMemoryCallbackDuration_ms": "0", "EventData.TotalMirrorPhysicalMemoryCallbackBytes": "0", "EventData.HvlCalculateLiveDumpSizeDuration_ms": "0"}
{"EventID": "113", "Channel": "Microsoft-Windows-Kernel-LiveDump/Operational", "Provider_Name": "Microsoft-Windows-Kernel-LiveDump", "Computer": "DESKTOP-OFJ6N53", "TimeCreated": "2022-07-09 08:33:34.716436+00:00", "RecordID": "4", "Level": "4", "UserID": "S-1-5-18"}
{"EventID": "107", "Channel": "Microsoft-Windows-Kernel-LiveDump/Operational", "Provider_Name": "Microsoft-Windows-Kernel-LiveDump", "Computer": "DESKTOP-OFJ6N53", "TimeCreated": "2022-07-09 08:33:34.716438+00:00", "RecordID": "5", "Level": "4", "UserID": "S-1-5-18", "EventData.NtPrimaryDataBytes": "1388314624", "EventData.HvPrimaryDataBytes": "0", "EventData.HvSecondaryDataBytes": "0", "EventData.SkPrimaryDataBytes": "0", "EventData.AllocateDumpBuffersDuration_ms": "0", "EventData.AllocateExtraBuffersDuration_ms": "0", "EventData.HvlPrepareLivedumpDescriptorDuration_ms": "0"}
{"EventID": "154", "Channel": "Microsoft-Windows-Kernel-LiveDump/Operational", "Provider_Name": "Microsoft-Windows-Kernel-LiveDump", "Computer": "DESKTOP-OFJ6N53", "TimeCreated": "2022-07-09 08:33:35.541496+00:00", "RecordID": "6", "Level": "4", "UserID": "S-1-5-18"}
{"EventID": "156", "Channel": "Microsoft-Windows-Kernel-LiveDump/Operational", "Provider_Name": "Microsoft-Windows-Kernel-LiveDump", "Computer": "DESKTOP-OFJ6N53", "TimeCreated": "2022-07-09 08:33:35.823269+00:00", "RecordID": "7", "Level": "4", "UserID": ""}
{"EventID": "157", "Channel": "Microsoft-Windows-Kernel-LiveDump/Operational", "Provider_Name": "Microsoft-Windows-Kernel-LiveDump", "Computer": "DESKTOP-OFJ6N53", "TimeCreated": "2022-07-09 08:34:41.494987+00:00", "RecordID": "8", "Level": "4", "UserID": ""}
{"EventID": "155", "Channel": "Microsoft-Windows-Kernel-LiveDump/Operational", "Provider_Name": "Microsoft-Windows-Kernel-LiveDump", "Computer": "DESKTOP-OFJ6N53", "TimeCreated": "2022-07-09 08:34:41.496943+00:00", "RecordID": "9", "Level": "4", "UserID": ""}
{"EventID": "167", "Channel": "Microsoft-Windows-Kernel-LiveDump/Operational", "Provider_Name": "Microsoft-Windows-Kernel-LiveDump", "Computer": "DESKTOP-OFJ6N53", "TimeCreated": "2022-07-09 08:34:41.593472+00:00", "RecordID": "10", "Level": "4", "UserID": "S-1-5-18", "EventData.MemoryCaptureDuration_ms": "66876", "EventData.SystemQuiescedDuration_ms": "0", "EventData.EndMirroringPhasesDuration_ms": "0", "EventData.TotalMirrorPhysicalMemoryCallbackDuration_ms": "0", "EventData.TotalMirrorPhysicalMemoryCallbackBytes": "0", "EventData.HvlCollectLivedumpDuration_ms": "0", "EventData.DumpDataBufferingDuration_ms": "0"}
{"EventID": "104", "Channel": "Microsoft-Windows-Kernel-LiveDump/Operational", "Provider_Name": "Microsoft-Windows-Kernel-LiveDump", "Computer": "DESKTOP-OFJ6N53", "TimeCreated": "2022-07-19 12:34:36.841373+00:00", "RecordID": "11", "Level": "4", "UserID": "S-1-5-18"}
{"EventID": "105", "Channel": "Microsoft-Windows-Kernel-LiveDump/Operational", "Provider_Name": "Microsoft-Windows-Kernel-LiveDump", "Computer": "DESKTOP-OFJ6N53", "TimeCreated": "2022-07-19 12:34:41.148581+00:00", "RecordID": "12", "Level": "4", "UserID": ""}
{"EventID": "106", "Channel": "Microsoft-Windows-Kernel-LiveDump/Operational", "Provider_Name": "Microsoft-Windows-Kernel-LiveDump", "Computer": "DESKTOP-OFJ6N53", "TimeCreated": "2022-07-19 12:34:41.148905+00:00", "RecordID": "13", "Level": "4", "UserID": "S-1-5-18", "EventData.NtEstimatedRequiredPrimaryDataBytes": "65536000", "EventData.NtEstimatedPrimaryDataBytes": "923820032", "EventData.HvEstimatedPrimaryDataBytes": "0", "EventData.HvEstimatedSecondaryDataBytes": "0", "EventData.SkEstimatedPrimaryDataBytes": "0", "EventData.MemoryEstimationDuration_ms": "281", "EventData.SystemQuiescedDuration_ms": "0", "EventData.EndMirroringPhasesDuration_ms": "0", "EventData.TotalMirrorPhysicalMemoryCallbackDuration_ms": "0", "EventData.TotalMirrorPhysicalMemoryCallbackBytes": "0", "EventData.HvlCalculateLiveDumpSizeDuration_ms": "0"}
{"EventID": "113", "Channel": "Microsoft-Windows-Kernel-LiveDump/Operational", "Provider_Name": "Microsoft-Windows-Kernel-LiveDump", "Computer": "DESKTOP-OFJ6N53", "TimeCreated": "2022-07-19 12:34:48.785200+00:00", "RecordID": "14", "Level": "4", "UserID": "S-1-5-18"}
{"EventID": "107", "Channel": "Microsoft-Windows-Kernel-LiveDump/Operational", "Provider_Name": "Microsoft-Windows-Kernel-LiveDump", "Computer": "DESKTOP-OFJ6N53", "TimeCreated": "2022-07-19 12:34:48.785206+00:00", "RecordID": "15", "Level": "4", "UserID": "S-1-5-18", "EventData.NtPrimaryDataBytes": "924844032", "EventData.HvPrimaryDataBytes": "0", "EventData.HvSecondaryDataBytes": "0", "EventData.SkPrimaryDataBytes": "0", "EventData.AllocateDumpBuffersDuration_ms": "0", "EventData.AllocateExtraBuffersDuration_ms": "0", "EventData.HvlPrepareLivedumpDescriptorDuration_ms": "0"}
{"EventID": "154", "Channel": "Microsoft-Windows-Kernel-LiveDump/Operational", "Provider_Name": "Microsoft-Windows-Kernel-LiveDump", "Computer": "DESKTOP-OFJ6N53", "TimeCreated": "2022-07-19 12:34:48.818323+00:00", "RecordID": "16", "Level": "4", "UserID": "S-1-5-18"}
{"EventID": "156", "Channel": "Microsoft-Windows-Kernel-LiveDump/Operational", "Provider_Name": "Microsoft-Windows-Kernel-LiveDump", "Computer": "DESKTOP-OFJ6N53", "TimeCreated": "2022-07-19 12:34:48.938641+00:00", "RecordID": "17", "Level": "4", "UserID": ""}
{"EventID": "157", "Channel": "Microsoft-Windows-Kernel-LiveDump/Operational", "Provider_Name": "Microsoft-Windows-Kernel-LiveDump", "Computer": "DESKTOP-OFJ6N53", "TimeCreated": "2022-07-19 12:35:23.851744+00:00", "RecordID": "18", "Level": "4", "UserID": ""}
{"EventID": "155", "Channel": "Microsoft-Windows-Kernel-LiveDump/Operational", "Provider_Name": "Microsoft-Windows-Kernel-LiveDump", "Computer": "DESKTOP-OFJ6N53", "TimeCreated": "2022-07-19 12:35:23.852575+00:00", "RecordID": "19", "Level": "4", "UserID": ""}
{"EventID": "167", "Channel": "Microsoft-Windows-Kernel-LiveDump/Operational", "Provider_Name": "Microsoft-Windows-Kernel-LiveDump", "Computer": "DESKTOP-OFJ6N53", "TimeCreated": "2022-07-19 12:35:23.926880+00:00", "RecordID": "20", "Level": "4", "UserID": "S-1-5-18", "EventData.MemoryCaptureDuration_ms": "35141", "EventData.SystemQuiescedDuration_ms": "0", "EventData.EndMirroringPhasesDuration_ms": "0", "EventData.TotalMirrorPhysicalMemoryCallbackDuration_ms": "0", "EventData.TotalMirrorPhysicalMemoryCallbackBytes": "0", "EventData.HvlCollectLivedumpDuration_ms": "0", "EventData.DumpDataBufferingDuration_ms": "0"}
{"EventID": "104", "Channel": "Microsoft-Windows-Kernel-LiveDump/Operational", "Provider_Name": "Microsoft-Windows-Kernel-LiveDump", "Computer": "DESKTOP-OFJ6N53", "TimeCreated": "2022-09-29 11:38:23.045410+00:00", "RecordID": "21", "Level": "4", "UserID": "S-1-5-18"}
{"EventID": "105", "Channel": "Microsoft-Windows-Kernel-LiveDump/Operational", "Provider_Name": "Microsoft-Windows-Kernel-LiveDump", "Computer": "DESKTOP-OFJ6N53", "TimeCreated": "2022-09-29 11:38:23.090702+00:00", "RecordID": "22", "Level": "4", "UserID": ""}
{"EventID": "106", "Channel": "Microsoft-Windows-Kernel-LiveDump/Operational", "Provider_Name": "Microsoft-Windows-Kernel-LiveDump", "Computer": "DESKTOP-OFJ6N53", "TimeCreated": "2022-09-29 11:38:23.090921+00:00", "RecordID": "23", "Level": "4", "UserID": "S-1-5-18", "EventData.NtEstimatedRequiredPrimaryDataBytes": "63987712", "EventData.NtEstimatedPrimaryDataBytes": "759017472", "EventData.HvEstimatedPrimaryDataBytes": "0", "EventData.HvEstimatedSecondaryDataBytes": "0", "EventData.SkEstimatedPrimaryDataBytes": "0", "EventData.MemoryEstimationDuration_ms": "0", "EventData.SystemQuiescedDuration_ms": "0", "EventData.EndMirroringPhasesDuration_ms": "0", "EventData.TotalMirrorPhysicalMemoryCallbackDuration_ms": "0", "EventData.TotalMirrorPhysicalMemoryCallbackBytes": "0", "EventData.HvlCalculateLiveDumpSizeDuration_ms": "0"}
{"EventID": "113", "Channel": "Microsoft-Windows-Kernel-LiveDump/Operational", "Provider_Name": "Microsoft-Windows-Kernel-LiveDump", "Computer": "DESKTOP-OFJ6N53", "TimeCreated": "2022-09-29 11:38:23.167549+00:00", "RecordID": "24", "Level": "4", "UserID": "S-1-5-18"}
{"EventID": "107", "Channel": "Microsoft-Windows-Kernel-LiveDump/Operational", "Provider_Name": "Microsoft-Windows-Kernel-LiveDump", "Computer": "DESKTOP-OFJ6N53", "TimeCreated": "2022-09-29 11:38:23.167551+00:00", "RecordID": "25", "Level": "4", "UserID": "S-1-5-18", "EventData.NtPrimaryDataBytes": "759169024", "EventData.HvPrimaryDataBytes": "0", "EventData.HvSecondaryDataBytes": "0", "EventData.SkPrimaryDataBytes": "0", "EventData.AllocateDumpBuffersDuration_ms": "0", "EventData.AllocateExtraBuffersDuration_ms": "0", "EventData.HvlPrepareLivedumpDescriptorDuration_ms": "0"}
{"EventID": "154", "Channel": "Microsoft-Windows-Kernel-LiveDump/Operational", "Provider_Name": "Microsoft-Windows-Kernel-LiveDump", "Computer": "DESKTOP-OFJ6N53", "TimeCreated": "2022-09-29 11:38:23.167866+00:00", "RecordID": "26", "Level": "4", "UserID": "S-1-5-18"}
{"EventID": "156", "Channel": "Microsoft-Windows-Kernel-LiveDump/Operational", "Provider_Name": "Microsoft-Windows-Kernel-LiveDump", "Computer": "DESKTOP-OFJ6N53", "TimeCreated": "2022-09-29 11:38:23.216022+00:00", "RecordID": "27", "Level": "4", "UserID": ""}
{"EventID": "157", "Channel": "Microsoft-Windows-Kernel-LiveDump/Operational", "Provider_Name": "Microsoft-Windows-Kernel-LiveDump", "Computer": "DESKTOP-OFJ6N53", "TimeCreated": "2022-09-29 11:38:23.392351+00:00", "RecordID": "28", "Level": "4", "UserID": ""}
{"EventID": "155", "Channel": "Microsoft-Windows-Kernel-LiveDump/Operational", "Provider_Name": "Microsoft-Windows-Kernel-LiveDump", "Computer": "DESKTOP-OFJ6N53", "TimeCreated": "2022-09-29 11:38:23.392387+00:00", "RecordID": "29", "Level": "4", "UserID": ""}
{"EventID": "167", "Channel": "Microsoft-Windows-Kernel-LiveDump/Operational", "Provider_Name": "Microsoft-Windows-Kernel-LiveDump", "Computer": "DESKTOP-OFJ6N53", "TimeCreated": "2022-09-29 11:38:23.392406+00:00", "RecordID": "30", "Level": "4", "UserID": "S-1-5-18", "EventData.MemoryCaptureDuration_ms": "0", "EventData.SystemQuiescedDuration_ms": "0", "EventData.EndMirroringPhasesDuration_ms": "0", "EventData.TotalMirrorPhysicalMemoryCallbackDuration_ms": "0", "EventData.TotalMirrorPhysicalMemoryCallbackBytes": "0", "EventData.HvlCollectLivedumpDuration_ms": "0", "EventData.DumpDataBufferingDuration_ms": "0"}
{"EventID": "104", "Channel": "Microsoft-Windows-Kernel-LiveDump/Operational", "Provider_Name": "Microsoft-Windows-Kernel-LiveDump", "Computer": "DESKTOP-OFJ6N53", "TimeCreated": "2023-01-11 06:02:37.076847+00:00", "RecordID": "31", "Level": "4", "UserID": "S-1-5-18"}
{"EventID": "105", "Channel": "Microsoft-Windows-Kernel-LiveDump/Operational", "Provider_Name": "Microsoft-Windows-Kernel-LiveDump", "Computer": "DESKTOP-OFJ6N53", "TimeCreated": "2023-01-11 06:02:38.652361+00:00", "RecordID": "32", "Level": "4", "UserID": ""}
{"EventID": "106", "Channel": "Microsoft-Windows-Kernel-LiveDump/Operational", "Provider_Name": "Microsoft-Windows-Kernel-LiveDump", "Computer": "DESKTOP-OFJ6N53", "TimeCreated": "2023-01-11 06:02:38.652781+00:00", "RecordID": "33", "Level": "4", "UserID": "S-1-5-18", "EventData.NtEstimatedRequiredPrimaryDataBytes": "64880640", "EventData.NtEstimatedPrimaryDataBytes": "1069793280", "EventData.HvEstimatedPrimaryDataBytes": "0", "EventData.HvEstimatedSecondaryDataBytes": "0", "EventData.SkEstimatedPrimaryDataBytes": "0", "EventData.MemoryEstimationDuration_ms": "1602", "EventData.SystemQuiescedDuration_ms": "0", "EventData.EndMirroringPhasesDuration_ms": "0", "EventData.TotalMirrorPhysicalMemoryCallbackDuration_ms": "0", "EventData.TotalMirrorPhysicalMemoryCallbackBytes": "0", "EventData.HvlCalculateLiveDumpSizeDuration_ms": "0"}
{"EventID": "113", "Channel": "Microsoft-Windows-Kernel-LiveDump/Operational", "Provider_Name": "Microsoft-Windows-Kernel-LiveDump", "Computer": "DESKTOP-OFJ6N53", "TimeCreated": "2023-01-11 06:02:43.127687+00:00", "RecordID": "34", "Level": "4", "UserID": "S-1-5-18"}
{"EventID": "107", "Channel": "Microsoft-Windows-Kernel-LiveDump/Operational", "Provider_Name": "Microsoft-Windows-Kernel-LiveDump", "Computer": "DESKTOP-OFJ6N53", "TimeCreated": "2023-01-11 06:02:43.127691+00:00", "RecordID": "35", "Level": "4", "UserID": "S-1-5-18", "EventData.NtPrimaryDataBytes": "1071644672", "EventData.HvPrimaryDataBytes": "0", "EventData.HvSecondaryDataBytes": "0", "EventData.SkPrimaryDataBytes": "0", "EventData.AllocateDumpBuffersDuration_ms": "0", "EventData.AllocateExtraBuffersDuration_ms": "0", "EventData.HvlPrepareLivedumpDescriptorDuration_ms": "0"}
{"EventID": "154", "Channel": "Microsoft-Windows-Kernel-LiveDump/Operational", "Provider_Name": "Microsoft-Windows-Kernel-LiveDump", "Computer": "DESKTOP-OFJ6N53", "TimeCreated": "2023-01-11 06:02:43.427725+00:00", "RecordID": "36", "Level": "4", "UserID": "S-1-5-18"}
{"EventID": "156", "Channel": "Microsoft-Windows-Kernel-LiveDump/Operational", "Provider_Name": "Microsoft-Windows-Kernel-LiveDump", "Computer": "DESKTOP-OFJ6N53", "TimeCreated": "2023-01-11 06:02:43.525505+00:00", "RecordID": "37", "Level": "4", "UserID": ""}
{"EventID": "157", "Channel": "Microsoft-Windows-Kernel-LiveDump/Operational", "Provider_Name": "Microsoft-Windows-Kernel-LiveDump", "Computer": "DESKTOP-OFJ6N53", "TimeCreated": "2023-01-11 06:03:18.417473+00:00", "RecordID": "38", "Level": "4", "UserID": ""}
{"EventID": "155", "Channel": "Microsoft-Windows-Kernel-LiveDump/Operational", "Provider_Name": "Microsoft-Windows-Kernel-LiveDump", "Computer": "DESKTOP-OFJ6N53", "TimeCreated": "2023-01-11 06:03:18.417728+00:00", "RecordID": "39", "Level": "4", "UserID": ""}
{"EventID": "167", "Channel": "Microsoft-Windows-Kernel-LiveDump/Operational", "Provider_Name": "Microsoft-Windows-Kernel-LiveDump", "Computer": "DESKTOP-OFJ6N53", "TimeCreated": "2023-01-11 06:03:18.423334+00:00", "RecordID": "40", "Level": "4", "UserID": "S-1-5-18", "EventData.MemoryCaptureDuration_ms": "296", "EventData.SystemQuiescedDuration_ms": "0", "EventData.EndMirroringPhasesDuration_ms": "0", "EventData.TotalMirrorPhysicalMemoryCallbackDuration_ms": "0", "EventData.TotalMirrorPhysicalMemoryCallbackBytes": "0", "EventData.HvlCollectLivedumpDuration_ms": "0", "EventData.DumpDataBufferingDuration_ms": "0"}
{"EventID": "104", "Channel": "Microsoft-Windows-Kernel-LiveDump/Operational", "Provider_Name": "Microsoft-Windows-Kernel-LiveDump", "Computer": "DESKTOP-OFJ6N53", "TimeCreated": "2023-03-19 12:38:49.073128+00:00", "RecordID": "41", "Level": "4", "UserID": "S-1-5-18"}
{"EventID": "105", "Channel": "Microsoft-Windows-Kernel-LiveDump/Operational", "Provider_Name": "Microsoft-Windows-Kernel-LiveDump", "Computer": "DESKTOP-OFJ6N53", "TimeCreated": "2023-03-19 12:39:02.173182+00:00", "RecordID": "42", "Level": "4", "UserID": ""}
{"EventID": "106", "Channel": "Microsoft-Windows-Kernel-LiveDump/Operational", "Provider_Name": "Microsoft-Windows-Kernel-LiveDump", "Computer": "DESKTOP-OFJ6N53", "TimeCreated": "2023-03-19 12:39:02.179989+00:00", "RecordID": "43", "Level": "4", "UserID": "S-1-5-18", "EventData.NtEstimatedRequiredPrimaryDataBytes": "75149312", "EventData.NtEstimatedPrimaryDataBytes": "719876096", "EventData.HvEstimatedPrimaryDataBytes": "0", "EventData.HvEstimatedSecondaryDataBytes": "0", "EventData.SkEstimatedPrimaryDataBytes": "0", "EventData.MemoryEstimationDuration_ms": "2153", "EventData.SystemQuiescedDuration_ms": "0", "EventData.EndMirroringPhasesDuration_ms": "0", "EventData.TotalMirrorPhysicalMemoryCallbackDuration_ms": "0", "EventData.TotalMirrorPhysicalMemoryCallbackBytes": "0", "EventData.HvlCalculateLiveDumpSizeDuration_ms": "0"}
{"EventID": "113", "Channel": "Microsoft-Windows-Kernel-LiveDump/Operational", "Provider_Name": "Microsoft-Windows-Kernel-LiveDump", "Computer": "DESKTOP-OFJ6N53", "TimeCreated": "2023-03-19 12:39:15.035091+00:00", "RecordID": "44", "Level": "4", "UserID": "S-1-5-18"}
{"EventID": "107", "Channel": "Microsoft-Windows-Kernel-LiveDump/Operational", "Provider_Name": "Microsoft-Windows-Kernel-LiveDump", "Computer": "DESKTOP-OFJ6N53", "TimeCreated": "2023-03-19 12:39:15.035093+00:00", "RecordID": "45", "Level": "4", "UserID": "S-1-5-18", "EventData.NtPrimaryDataBytes": "721420288", "EventData.HvPrimaryDataBytes": "0", "EventData.HvSecondaryDataBytes": "0", "EventData.SkPrimaryDataBytes": "0", "EventData.AllocateDumpBuffersDuration_ms": "0", "EventData.AllocateExtraBuffersDuration_ms": "0", "EventData.HvlPrepareLivedumpDescriptorDuration_ms": "0"}
{"EventID": "154", "Channel": "Microsoft-Windows-Kernel-LiveDump/Operational", "Provider_Name": "Microsoft-Windows-Kernel-LiveDump", "Computer": "DESKTOP-OFJ6N53", "TimeCreated": "2023-03-19 12:39:15.039499+00:00", "RecordID": "46", "Level": "4", "UserID": "S-1-5-18"}
{"EventID": "156", "Channel": "Microsoft-Windows-Kernel-LiveDump/Operational", "Provider_Name": "Microsoft-Windows-Kernel-LiveDump", "Computer": "DESKTOP-OFJ6N53", "TimeCreated": "2023-03-19 12:39:15.771618+00:00", "RecordID": "47", "Level": "4", "UserID": ""}
{"EventID": "157", "Channel": "Microsoft-Windows-Kernel-LiveDump/Operational", "Provider_Name": "Microsoft-Windows-Kernel-LiveDump", "Computer": "DESKTOP-OFJ6N53", "TimeCreated": "2023-03-19 12:41:07.678455+00:00", "RecordID": "48", "Level": "4", "UserID": ""}
{"EventID": "155", "Channel": "Microsoft-Windows-Kernel-LiveDump/Operational", "Provider_Name": "Microsoft-Windows-Kernel-LiveDump", "Computer": "DESKTOP-OFJ6N53", "TimeCreated": "2023-03-19 12:41:07.835331+00:00", "RecordID": "49", "Level": "4", "UserID": ""}
{"EventID": "167", "Channel": "Microsoft-Windows-Kernel-LiveDump/Operational", "Provider_Name": "Microsoft-Windows-Kernel-LiveDump", "Computer": "DESKTOP-OFJ6N53", "TimeCreated": "2023-03-19 12:41:08.169897+00:00", "RecordID": "50", "Level": "4", "UserID": "S-1-5-18", "EventData.MemoryCaptureDuration_ms": "113137", "EventData.SystemQuiescedDuration_ms": "0", "EventData.EndMirroringPhasesDuration_ms": "0", "EventData.TotalMirrorPhysicalMemoryCallbackDuration_ms": "0", "EventData.TotalMirrorPhysicalMemoryCallbackBytes": "0", "EventData.HvlCollectLivedumpDuration_ms": "0", "EventData.DumpDataBufferingDuration_ms": "0"}
{"EventID": "104", "Channel": "Microsoft-Windows-Kernel-LiveDump/Operational", "Provider_Name": "Microsoft-Windows-Kernel-LiveDump", "Computer": "DESKTOP-OFJ6N53", "TimeCreated": "2023-03-30 01:44:27.901066+00:00", "RecordID": "51", "Level": "4", "UserID": "S-1-5-18"}
{"EventID": "105", "Channel": "Microsoft-Windows-Kernel-LiveDump/Operational", "Provider_Name": "Microsoft-Windows-Kernel-LiveDump", "Computer": "DESKTOP-OFJ6N53", "TimeCreated": "2023-03-30 01:45:13.891771+00:00", "RecordID": "52", "Level": "4", "UserID": ""}
{"EventID": "106", "Channel": "Microsoft-Windows-Kernel-LiveDump/Operational", "Provider_Name": "Microsoft-Windows-Kernel-LiveDump", "Computer": "DESKTOP-OFJ6N53", "TimeCreated": "2023-03-30 01:45:14.536400+00:00", "RecordID": "53", "Level": "4", "UserID": "S-1-5-18", "EventData.NtEstimatedRequiredPrimaryDataBytes": "76673024", "EventData.NtEstimatedPrimaryDataBytes": "770433024", "EventData.HvEstimatedPrimaryDataBytes": "0", "EventData.HvEstimatedSecondaryDataBytes": "0", "EventData.SkEstimatedPrimaryDataBytes": "0", "EventData.MemoryEstimationDuration_ms": "47973", "EventData.SystemQuiescedDuration_ms": "0", "EventData.EndMirroringPhasesDuration_ms": "0", "EventData.TotalMirrorPhysicalMemoryCallbackDuration_ms": "0", "EventData.TotalMirrorPhysicalMemoryCallbackBytes": "0", "EventData.HvlCalculateLiveDumpSizeDuration_ms": "0"}
{"EventID": "113", "Channel": "Microsoft-Windows-Kernel-LiveDump/Operational", "Provider_Name": "Microsoft-Windows-Kernel-LiveDump", "Computer": "DESKTOP-OFJ6N53", "TimeCreated": "2023-03-30 01:45:21.870352+00:00", "RecordID": "54", "Level": "4", "UserID": "S-1-5-18"}
{"EventID": "107", "Channel": "Microsoft-Windows-Kernel-LiveDump/Operational", "Provider_Name": "Microsoft-Windows-Kernel-LiveDump", "Computer": "DESKTOP-OFJ6N53", "TimeCreated": "2023-03-30 01:45:21.870354+00:00", "RecordID": "55", "Level": "4", "UserID": "S-1-5-18", "EventData.NtPrimaryDataBytes": "771751936", "EventData.HvPrimaryDataBytes": "0", "EventData.HvSecondaryDataBytes": "0", "EventData.SkPrimaryDataBytes": "0", "EventData.AllocateDumpBuffersDuration_ms": "0", "EventData.AllocateExtraBuffersDuration_ms": "0", "EventData.HvlPrepareLivedumpDescriptorDuration_ms": "0"}
{"EventID": "154", "Channel": "Microsoft-Windows-Kernel-LiveDump/Operational", "Provider_Name": "Microsoft-Windows-Kernel-LiveDump", "Computer": "DESKTOP-OFJ6N53", "TimeCreated": "2023-03-30 01:45:21.891314+00:00", "RecordID": "56", "Level": "4", "UserID": "S-1-5-18"}
{"EventID": "156", "Channel": "Microsoft-Windows-Kernel-LiveDump/Operational", "Provider_Name": "Microsoft-Windows-Kernel-LiveDump", "Computer": "DESKTOP-OFJ6N53", "TimeCreated": "2023-03-30 01:45:22.444685+00:00", "RecordID": "57", "Level": "4", "UserID": ""}
{"EventID": "157", "Channel": "Microsoft-Windows-Kernel-LiveDump/Operational", "Provider_Name": "Microsoft-Windows-Kernel-LiveDump", "Computer": "DESKTOP-OFJ6N53", "TimeCreated": "2023-03-30 01:46:01.775196+00:00", "RecordID": "58", "Level": "4", "UserID": ""}
{"EventID": "155", "Channel": "Microsoft-Windows-Kernel-LiveDump/Operational", "Provider_Name": "Microsoft-Windows-Kernel-LiveDump", "Computer": "DESKTOP-OFJ6N53", "TimeCreated": "2023-03-30 01:46:01.775558+00:00", "RecordID": "59", "Level": "4", "UserID": ""}
{"EventID": "167", "Channel": "Microsoft-Windows-Kernel-LiveDump/Operational", "Provider_Name": "Microsoft-Windows-Kernel-LiveDump", "Computer": "DESKTOP-OFJ6N53", "TimeCreated": "2023-03-30 01:46:01.867197+00:00", "RecordID": "60", "Level": "4", "UserID": "S-1-5-18", "EventData.MemoryCaptureDuration_ms": "39995", "EventData.SystemQuiescedDuration_ms": "0", "EventData.EndMirroringPhasesDuration_ms": "0", "EventData.TotalMirrorPhysicalMemoryCallbackDuration_ms": "0", "EventData.TotalMirrorPhysicalMemoryCallbackBytes": "0", "EventData.HvlCollectLivedumpDuration_ms": "0", "EventData.DumpDataBufferingDuration_ms": "0"}
{"EventID": "104", "Channel": "Microsoft-Windows-Kernel-LiveDump/Operational", "Provider_Name": "Microsoft-Windows-Kernel-LiveDump", "Computer": "DESKTOP-OFJ6N53", "TimeCreated": "2023-04-11 14:19:07.052752+00:00", "RecordID": "61", "Level": "4", "UserID": "S-1-5-18"}
{"EventID": "105", "Channel": "Microsoft-Windows-Kernel-LiveDump/Operational", "Provider_Name": "Microsoft-Windows-Kernel-LiveDump", "Computer": "DESKTOP-OFJ6N53", "TimeCreated": "2023-04-11 14:19:17.878325+00:00", "RecordID": "62", "Level": "4", "UserID": ""}
{"EventID": "106", "Channel": "Microsoft-Windows-Kernel-LiveDump/Operational", "Provider_Name": "Microsoft-Windows-Kernel-LiveDump", "Computer": "DESKTOP-OFJ6N53", "TimeCreated": "2023-04-11 14:19:18.408829+00:00", "RecordID": "63", "Level": "4", "UserID": "S-1-5-18", "EventData.NtEstimatedRequiredPrimaryDataBytes": "74743808", "EventData.NtEstimatedPrimaryDataBytes": "1142960128", "EventData.HvEstimatedPrimaryDataBytes": "0", "EventData.HvEstimatedSecondaryDataBytes": "0", "EventData.SkEstimatedPrimaryDataBytes": "0", "EventData.MemoryEstimationDuration_ms": "12656", "EventData.SystemQuiescedDuration_ms": "0", "EventData.EndMirroringPhasesDuration_ms": "0", "EventData.TotalMirrorPhysicalMemoryCallbackDuration_ms": "0", "EventData.TotalMirrorPhysicalMemoryCallbackBytes": "0", "EventData.HvlCalculateLiveDumpSizeDuration_ms": "0"}
{"EventID": "113", "Channel": "Microsoft-Windows-Kernel-LiveDump/Operational", "Provider_Name": "Microsoft-Windows-Kernel-LiveDump", "Computer": "DESKTOP-OFJ6N53", "TimeCreated": "2023-04-11 14:19:50.777828+00:00", "RecordID": "64", "Level": "4", "UserID": "S-1-5-18"}
{"EventID": "107", "Channel": "Microsoft-Windows-Kernel-LiveDump/Operational", "Provider_Name": "Microsoft-Windows-Kernel-LiveDump", "Computer": "DESKTOP-OFJ6N53", "TimeCreated": "2023-04-11 14:19:50.777830+00:00", "RecordID": "65", "Level": "4", "UserID": "S-1-5-18", "EventData.NtPrimaryDataBytes": "1145044992", "EventData.HvPrimaryDataBytes": "0", "EventData.HvSecondaryDataBytes": "0", "EventData.SkPrimaryDataBytes": "0", "EventData.AllocateDumpBuffersDuration_ms": "0", "EventData.AllocateExtraBuffersDuration_ms": "0", "EventData.HvlPrepareLivedumpDescriptorDuration_ms": "0"}
{"EventID": "154", "Channel": "Microsoft-Windows-Kernel-LiveDump/Operational", "Provider_Name": "Microsoft-Windows-Kernel-LiveDump", "Computer": "DESKTOP-OFJ6N53", "TimeCreated": "2023-04-11 14:19:51.272682+00:00", "RecordID": "66", "Level": "4", "UserID": "S-1-5-18"}
{"EventID": "156", "Channel": "Microsoft-Windows-Kernel-LiveDump/Operational", "Provider_Name": "Microsoft-Windows-Kernel-LiveDump", "Computer": "DESKTOP-OFJ6N53", "TimeCreated": "2023-04-11 14:19:51.360937+00:00", "RecordID": "67", "Level": "4", "UserID": ""}
{"EventID": "157", "Channel": "Microsoft-Windows-Kernel-LiveDump/Operational", "Provider_Name": "Microsoft-Windows-Kernel-LiveDump", "Computer": "DESKTOP-OFJ6N53", "TimeCreated": "2023-04-11 14:21:36.029915+00:00", "RecordID": "68", "Level": "4", "UserID": ""}
{"EventID": "155", "Channel": "Microsoft-Windows-Kernel-LiveDump/Operational", "Provider_Name": "Microsoft-Windows-Kernel-LiveDump", "Computer": "DESKTOP-OFJ6N53", "TimeCreated": "2023-04-11 14:21:36.074430+00:00", "RecordID": "69", "Level": "4", "UserID": ""}
{"EventID": "167", "Channel": "Microsoft-Windows-Kernel-LiveDump/Operational", "Provider_Name": "Microsoft-Windows-Kernel-LiveDump", "Computer": "DESKTOP-OFJ6N53", "TimeCreated": "2023-04-11 14:21:36.966885+00:00", "RecordID": "70", "Level": "4", "UserID": "S-1-5-18", "EventData.MemoryCaptureDuration_ms": "106186", "EventData.SystemQuiescedDuration_ms": "0", "EventData.EndMirroringPhasesDuration_ms": "0", "EventData.TotalMirrorPhysicalMemoryCallbackDuration_ms": "0", "EventData.TotalMirrorPhysicalMemoryCallbackBytes": "0", "EventData.HvlCollectLivedumpDuration_ms": "0", "EventData.DumpDataBufferingDuration_ms": "0"}
{"EventID": "104", "Channel": "Microsoft-Windows-Kernel-LiveDump/Operational", "Provider_Name": "Microsoft-Windows-Kernel-LiveDump", "Computer": "DESKTOP-OFJ6N53", "TimeCreated": "2023-04-20 22:45:45.030783+00:00", "RecordID": "71", "Level": "4", "UserID": "S-1-5-18"}
{"EventID": "105", "Channel": "Microsoft-Windows-Kernel-LiveDump/Operational", "Provider_Name": "Microsoft-Windows-Kernel-LiveDump", "Computer": "DESKTOP-OFJ6N53", "TimeCreated": "2023-04-20 22:45:45.250130+00:00", "RecordID": "72", "Level": "4", "UserID": ""}
{"EventID": "106", "Channel": "Microsoft-Windows-Kernel-LiveDump/Operational", "Provider_Name": "Microsoft-Windows-Kernel-LiveDump", "Computer": "DESKTOP-OFJ6N53", "TimeCreated": "2023-04-20 22:45:45.250238+00:00", "RecordID": "73", "Level": "4", "UserID": "S-1-5-18", "EventData.NtEstimatedRequiredPrimaryDataBytes": "69206016", "EventData.NtEstimatedPrimaryDataBytes": "1224421376", "EventData.HvEstimatedPrimaryDataBytes": "0", "EventData.HvEstimatedSecondaryDataBytes": "0", "EventData.SkEstimatedPrimaryDataBytes": "0", "EventData.MemoryEstimationDuration_ms": "45", "EventData.SystemQuiescedDuration_ms": "0", "EventData.EndMirroringPhasesDuration_ms": "0", "EventData.TotalMirrorPhysicalMemoryCallbackDuration_ms": "0", "EventData.TotalMirrorPhysicalMemoryCallbackBytes": "0", "EventData.HvlCalculateLiveDumpSizeDuration_ms": "0"}
{"EventID": "113", "Channel": "Microsoft-Windows-Kernel-LiveDump/Operational", "Provider_Name": "Microsoft-Windows-Kernel-LiveDump", "Computer": "DESKTOP-OFJ6N53", "TimeCreated": "2023-04-20 22:46:23.343925+00:00", "RecordID": "74", "Level": "4", "UserID": "S-1-5-18"}
{"EventID": "107", "Channel": "Microsoft-Windows-Kernel-LiveDump/Operational", "Provider_Name": "Microsoft-Windows-Kernel-LiveDump", "Computer": "DESKTOP-OFJ6N53", "TimeCreated": "2023-04-20 22:46:23.343927+00:00", "RecordID": "75", "Level": "4", "UserID": "S-1-5-18", "EventData.NtPrimaryDataBytes": "1224736768", "EventData.HvPrimaryDataBytes": "0", "EventData.HvSecondaryDataBytes": "0", "EventData.SkPrimaryDataBytes": "0", "EventData.AllocateDumpBuffersDuration_ms": "0", "EventData.AllocateExtraBuffersDuration_ms": "0", "EventData.HvlPrepareLivedumpDescriptorDuration_ms": "0"}
{"EventID": "154", "Channel": "Microsoft-Windows-Kernel-LiveDump/Operational", "Provider_Name": "Microsoft-Windows-Kernel-LiveDump", "Computer": "DESKTOP-OFJ6N53", "TimeCreated": "2023-04-20 22:46:23.348972+00:00", "RecordID": "76", "Level": "4", "UserID": "S-1-5-18"}
{"EventID": "156", "Channel": "Microsoft-Windows-Kernel-LiveDump/Operational", "Provider_Name": "Microsoft-Windows-Kernel-LiveDump", "Computer": "DESKTOP-OFJ6N53", "TimeCreated": "2023-04-20 22:46:23.436731+00:00", "RecordID": "77", "Level": "4", "UserID": ""}
{"EventID": "157", "Channel": "Microsoft-Windows-Kernel-LiveDump/Operational", "Provider_Name": "Microsoft-Windows-Kernel-LiveDump", "Computer": "DESKTOP-OFJ6N53", "TimeCreated": "2023-04-20 22:47:43.479330+00:00", "RecordID": "78", "Level": "4", "UserID": ""}
{"EventID": "155", "Channel": "Microsoft-Windows-Kernel-LiveDump/Operational", "Provider_Name": "Microsoft-Windows-Kernel-LiveDump", "Computer": "DESKTOP-OFJ6N53", "TimeCreated": "2023-04-20 22:47:43.479414+00:00", "RecordID": "79", "Level": "4", "UserID": ""}
{"EventID": "167", "Channel": "Microsoft-Windows-Kernel-LiveDump/Operational", "Provider_Name": "Microsoft-Windows-Kernel-LiveDump", "Computer": "DESKTOP-OFJ6N53", "TimeCreated": "2023-04-20 22:47:43.480860+00:00", "RecordID": "80", "Level": "4", "UserID": "S-1-5-18", "EventData.MemoryCaptureDuration_ms": "16", "EventData.SystemQuiescedDuration_ms": "0", "EventData.EndMirroringPhasesDuration_ms": "0", "EventData.TotalMirrorPhysicalMemoryCallbackDuration_ms": "0", "EventData.TotalMirrorPhysicalMemoryCallbackBytes": "0", "EventData.HvlCollectLivedumpDuration_ms": "0", "EventData.DumpDataBufferingDuration_ms": "0"}
{"EventID": "104", "Channel": "Microsoft-Windows-Kernel-LiveDump/Operational", "Provider_Name": "Microsoft-Windows-Kernel-LiveDump", "Computer": "DESKTOP-OFJ6N53", "TimeCreated": "2023-07-06 12:58:58.120157+00:00", "RecordID": "81", "Level": "4", "UserID": "S-1-5-18"}
{"EventID": "105", "Channel": "Microsoft-Windows-Kernel-LiveDump/Operational", "Provider_Name": "Microsoft-Windows-Kernel-LiveDump", "Computer": "DESKTOP-OFJ6N53", "TimeCreated": "2023-07-06 12:58:58.529495+00:00", "RecordID": "82", "Level": "4", "UserID": ""}
{"EventID": "106", "Channel": "Microsoft-Windows-Kernel-LiveDump/Operational", "Provider_Name": "Microsoft-Windows-Kernel-LiveDump", "Computer": "DESKTOP-OFJ6N53", "TimeCreated": "2023-07-06 12:58:58.529709+00:00", "RecordID": "83", "Level": "4", "UserID": "S-1-5-18", "EventData.NtEstimatedRequiredPrimaryDataBytes": "75399168", "EventData.NtEstimatedPrimaryDataBytes": "662306816", "EventData.HvEstimatedPrimaryDataBytes": "0", "EventData.HvEstimatedSecondaryDataBytes": "0", "EventData.SkEstimatedPrimaryDataBytes": "0", "EventData.MemoryEstimationDuration_ms": "59", "EventData.SystemQuiescedDuration_ms": "0", "EventData.EndMirroringPhasesDuration_ms": "0", "EventData.TotalMirrorPhysicalMemoryCallbackDuration_ms": "0", "EventData.TotalMirrorPhysicalMemoryCallbackBytes": "0", "EventData.HvlCalculateLiveDumpSizeDuration_ms": "0"}
{"EventID": "113", "Channel": "Microsoft-Windows-Kernel-LiveDump/Operational", "Provider_Name": "Microsoft-Windows-Kernel-LiveDump", "Computer": "DESKTOP-OFJ6N53", "TimeCreated": "2023-07-06 12:58:58.909460+00:00", "RecordID": "84", "Level": "4", "UserID": "S-1-5-18"}
{"EventID": "107", "Channel": "Microsoft-Windows-Kernel-LiveDump/Operational", "Provider_Name": "Microsoft-Windows-Kernel-LiveDump", "Computer": "DESKTOP-OFJ6N53", "TimeCreated": "2023-07-06 12:58:58.909462+00:00", "RecordID": "85", "Level": "4", "UserID": "S-1-5-18", "EventData.NtPrimaryDataBytes": "662700032", "EventData.HvPrimaryDataBytes": "0", "EventData.HvSecondaryDataBytes": "0", "EventData.SkPrimaryDataBytes": "0", "EventData.AllocateDumpBuffersDuration_ms": "0", "EventData.AllocateExtraBuffersDuration_ms": "0", "EventData.HvlPrepareLivedumpDescriptorDuration_ms": "0"}
{"EventID": "154", "Channel": "Microsoft-Windows-Kernel-LiveDump/Operational", "Provider_Name": "Microsoft-Windows-Kernel-LiveDump", "Computer": "DESKTOP-OFJ6N53", "TimeCreated": "2023-07-06 12:58:58.910126+00:00", "RecordID": "86", "Level": "4", "UserID": "S-1-5-18"}
{"EventID": "156", "Channel": "Microsoft-Windows-Kernel-LiveDump/Operational", "Provider_Name": "Microsoft-Windows-Kernel-LiveDump", "Computer": "DESKTOP-OFJ6N53", "TimeCreated": "2023-07-06 12:58:58.955545+00:00", "RecordID": "87", "Level": "4", "UserID": ""}
{"EventID": "157", "Channel": "Microsoft-Windows-Kernel-LiveDump/Operational", "Provider_Name": "Microsoft-Windows-Kernel-LiveDump", "Computer": "DESKTOP-OFJ6N53", "TimeCreated": "2023-07-06 12:59:17.118153+00:00", "RecordID": "88", "Level": "4", "UserID": ""}
{"EventID": "155", "Channel": "Microsoft-Windows-Kernel-LiveDump/Operational", "Provider_Name": "Microsoft-Windows-Kernel-LiveDump", "Computer": "DESKTOP-OFJ6N53", "TimeCreated": "2023-07-06 12:59:17.120089+00:00", "RecordID": "89", "Level": "4", "UserID": ""}
{"EventID": "167", "Channel": "Microsoft-Windows-Kernel-LiveDump/Operational", "Provider_Name": "Microsoft-Windows-Kernel-LiveDump", "Computer": "DESKTOP-OFJ6N53", "TimeCreated": "2023-07-06 12:59:17.141115+00:00", "RecordID": "90", "Level": "4", "UserID": "S-1-5-18", "EventData.MemoryCaptureDuration_ms": "18230", "EventData.SystemQuiescedDuration_ms": "0", "EventData.EndMirroringPhasesDuration_ms": "0", "EventData.TotalMirrorPhysicalMemoryCallbackDuration_ms": "0", "EventData.TotalMirrorPhysicalMemoryCallbackBytes": "0", "EventData.HvlCollectLivedumpDuration_ms": "0", "EventData.DumpDataBufferingDuration_ms": "0"}
{"EventID": "104", "Channel": "Microsoft-Windows-Kernel-LiveDump/Operational", "Provider_Name": "Microsoft-Windows-Kernel-LiveDump", "Computer": "DESKTOP-OFJ6N53", "TimeCreated": "2024-01-01 19:33:06.616838+00:00", "RecordID": "91", "Level": "4", "UserID": "S-1-5-18"}
{"EventID": "105", "Channel": "Microsoft-Windows-Kernel-LiveDump/Operational", "Provider_Name": "Microsoft-Windows-Kernel-LiveDump", "Computer": "DESKTOP-OFJ6N53", "TimeCreated": "2024-01-01 19:33:14.651327+00:00", "RecordID": "92", "Level": "4", "UserID": ""}
{"EventID": "106", "Channel": "Microsoft-Windows-Kernel-LiveDump/Operational", "Provider_Name": "Microsoft-Windows-Kernel-LiveDump", "Computer": "DESKTOP-OFJ6N53", "TimeCreated": "2024-01-01 19:33:14.697500+00:00", "RecordID": "93", "Level": "4", "UserID": "S-1-5-18", "EventData.NtEstimatedRequiredPrimaryDataBytes": "70934528", "EventData.NtEstimatedPrimaryDataBytes": "921260032", "EventData.HvEstimatedPrimaryDataBytes": "0", "EventData.HvEstimatedSecondaryDataBytes": "0", "EventData.SkEstimatedPrimaryDataBytes": "0", "EventData.MemoryEstimationDuration_ms": "8307", "EventData.SystemQuiescedDuration_ms": "0", "EventData.EndMirroringPhasesDuration_ms": "0", "EventData.TotalMirrorPhysicalMemoryCallbackDuration_ms": "0", "EventData.TotalMirrorPhysicalMemoryCallbackBytes": "0", "EventData.HvlCalculateLiveDumpSizeDuration_ms": "0"}
{"EventID": "113", "Channel": "Microsoft-Windows-Kernel-LiveDump/Operational", "Provider_Name": "Microsoft-Windows-Kernel-LiveDump", "Computer": "DESKTOP-OFJ6N53", "TimeCreated": "2024-01-01 19:33:18.876968+00:00", "RecordID": "94", "Level": "4", "UserID": "S-1-5-18"}
{"EventID": "107", "Channel": "Microsoft-Windows-Kernel-LiveDump/Operational", "Provider_Name": "Microsoft-Windows-Kernel-LiveDump", "Computer": "DESKTOP-OFJ6N53", "TimeCreated": "2024-01-01 19:33:18.876972+00:00", "RecordID": "95", "Level": "4", "UserID": "S-1-5-18", "EventData.NtPrimaryDataBytes": "922746880", "EventData.HvPrimaryDataBytes": "0", "EventData.HvSecondaryDataBytes": "0", "EventData.SkPrimaryDataBytes": "0", "EventData.AllocateDumpBuffersDuration_ms": "0", "EventData.AllocateExtraBuffersDuration_ms": "0", "EventData.HvlPrepareLivedumpDescriptorDuration_ms": "0"}
{"EventID": "154", "Channel": "Microsoft-Windows-Kernel-LiveDump/Operational", "Provider_Name": "Microsoft-Windows-Kernel-LiveDump", "Computer": "DESKTOP-OFJ6N53", "TimeCreated": "2024-01-01 19:33:19.859865+00:00", "RecordID": "96", "Level": "4", "UserID": "S-1-5-18"}
{"EventID": "156", "Channel": "Microsoft-Windows-Kernel-LiveDump/Operational", "Provider_Name": "Microsoft-Windows-Kernel-LiveDump", "Computer": "DESKTOP-OFJ6N53", "TimeCreated": "2024-01-01 19:33:19.931677+00:00", "RecordID": "97", "Level": "4", "UserID": ""}
{"EventID": "157", "Channel": "Microsoft-Windows-Kernel-LiveDump/Operational", "Provider_Name": "Microsoft-Windows-Kernel-LiveDump", "Computer": "DESKTOP-OFJ6N53", "TimeCreated": "2024-01-01 19:33:42.202965+00:00", "RecordID": "98", "Level": "4", "UserID": ""}
{"EventID": "155", "Channel": "Microsoft-Windows-Kernel-LiveDump/Operational", "Provider_Name": "Microsoft-Windows-Kernel-LiveDump", "Computer": "DESKTOP-OFJ6N53", "TimeCreated": "2024-01-01 19:33:42.203062+00:00", "RecordID": "99", "Level": "4", "UserID": ""}
{"EventID": "167", "Channel": "Microsoft-Windows-Kernel-LiveDump/Operational", "Provider_Name": "Microsoft-Windows-Kernel-LiveDump", "Computer": "DESKTOP-OFJ6N53", "TimeCreated": "2024-01-01 19:33:42.204296+00:00", "RecordID": "100", "Level": "4", "UserID": "S-1-5-18", "EventData.MemoryCaptureDuration_ms": "984", "EventData.SystemQuiescedDuration_ms": "0", "EventData.EndMirroringPhasesDuration_ms": "0", "EventData.TotalMirrorPhysicalMemoryCallbackDuration_ms": "0", "EventData.TotalMirrorPhysicalMemoryCallbackBytes": "0", "EventData.HvlCollectLivedumpDuration_ms": "0", "EventData.DumpDataBufferingDuration_ms": "0"}
{"EventID": "104", "Channel": "Microsoft-Windows-Kernel-LiveDump/Operational", "Provider_Name": "Microsoft-Windows-Kernel-LiveDump", "Computer": "DESKTOP-OFJ6N53", "TimeCreated": "2024-02-16 01:25:51.052200+00:00", "RecordID": "101", "Level": "4", "UserID": "S-1-5-18"}
{"EventID": "105", "Channel": "Microsoft-Windows-Kernel-LiveDump/Operational", "Provider_Name": "Microsoft-Windows-Kernel-LiveDump", "Computer": "DESKTOP-OFJ6N53", "TimeCreated": "2024-02-16 01:25:55.291346+00:00", "RecordID": "102", "Level": "4", "UserID": ""}
{"EventID": "106", "Channel": "Microsoft-Windows-Kernel-LiveDump/Operational", "Provider_Name": "Microsoft-Windows-Kernel-LiveDump", "Computer": "DESKTOP-OFJ6N53", "TimeCreated": "2024-02-16 01:25:55.292309+00:00", "RecordID": "103", "Level": "4", "UserID": "S-1-5-18", "EventData.NtEstimatedRequiredPrimaryDataBytes": "76591104", "EventData.NtEstimatedPrimaryDataBytes": "1141981184", "EventData.HvEstimatedPrimaryDataBytes": "0", "EventData.HvEstimatedSecondaryDataBytes": "0", "EventData.SkEstimatedPrimaryDataBytes": "0", "EventData.MemoryEstimationDuration_ms": "319", "EventData.SystemQuiescedDuration_ms": "0", "EventData.EndMirroringPhasesDuration_ms": "0", "EventData.TotalMirrorPhysicalMemoryCallbackDuration_ms": "0", "EventData.TotalMirrorPhysicalMemoryCallbackBytes": "0", "EventData.HvlCalculateLiveDumpSizeDuration_ms": "0"}
{"EventID": "113", "Channel": "Microsoft-Windows-Kernel-LiveDump/Operational", "Provider_Name": "Microsoft-Windows-Kernel-LiveDump", "Computer": "DESKTOP-OFJ6N53", "TimeCreated": "2024-02-16 01:25:57.938629+00:00", "RecordID": "104", "Level": "4", "UserID": "S-1-5-18"}
{"EventID": "107", "Channel": "Microsoft-Windows-Kernel-LiveDump/Operational", "Provider_Name": "Microsoft-Windows-Kernel-LiveDump", "Computer": "DESKTOP-OFJ6N53", "TimeCreated": "2024-02-16 01:25:57.938631+00:00", "RecordID": "105", "Level": "4", "UserID": "S-1-5-18", "EventData.NtPrimaryDataBytes": "1142947840", "EventData.HvPrimaryDataBytes": "0", "EventData.HvSecondaryDataBytes": "0", "EventData.SkPrimaryDataBytes": "0", "EventData.AllocateDumpBuffersDuration_ms": "0", "EventData.AllocateExtraBuffersDuration_ms": "0", "EventData.HvlPrepareLivedumpDescriptorDuration_ms": "0"}
{"EventID": "154", "Channel": "Microsoft-Windows-Kernel-LiveDump/Operational", "Provider_Name": "Microsoft-Windows-Kernel-LiveDump", "Computer": "DESKTOP-OFJ6N53", "TimeCreated": "2024-02-16 01:25:57.938704+00:00", "RecordID": "106", "Level": "4", "UserID": "S-1-5-18"}
{"EventID": "156", "Channel": "Microsoft-Windows-Kernel-LiveDump/Operational", "Provider_Name": "Microsoft-Windows-Kernel-LiveDump", "Computer": "DESKTOP-OFJ6N53", "TimeCreated": "2024-02-16 01:25:58.011295+00:00", "RecordID": "107", "Level": "4", "UserID": ""}
{"EventID": "157", "Channel": "Microsoft-Windows-Kernel-LiveDump/Operational", "Provider_Name": "Microsoft-Windows-Kernel-LiveDump", "Computer": "DESKTOP-OFJ6N53", "TimeCreated": "2024-02-16 01:26:31.630810+00:00", "RecordID": "108", "Level": "4", "UserID": ""}
{"EventID": "155", "Channel": "Microsoft-Windows-Kernel-LiveDump/Operational", "Provider_Name": "Microsoft-Windows-Kernel-LiveDump", "Computer": "DESKTOP-OFJ6N53", "TimeCreated": "2024-02-16 01:26:31.630980+00:00", "RecordID": "109", "Level": "4", "UserID": ""}
{"EventID": "167", "Channel": "Microsoft-Windows-Kernel-LiveDump/Operational", "Provider_Name": "Microsoft-Windows-Kernel-LiveDump", "Computer": "DESKTOP-OFJ6N53", "TimeCreated": "2024-02-16 01:26:31.799515+00:00", "RecordID": "110", "Level": "4", "UserID": "S-1-5-18", "EventData.MemoryCaptureDuration_ms": "33860", "EventData.SystemQuiescedDuration_ms": "0", "EventData.EndMirroringPhasesDuration_ms": "0", "EventData.TotalMirrorPhysicalMemoryCallbackDuration_ms": "0", "EventData.TotalMirrorPhysicalMemoryCallbackBytes": "0", "EventData.HvlCollectLivedumpDuration_ms": "0", "EventData.DumpDataBufferingDuration_ms": "0"}
{"EventID": "104", "Channel": "Microsoft-Windows-Kernel-LiveDump/Operational", "Provider_Name": "Microsoft-Windows-Kernel-LiveDump", "Computer": "DESKTOP-OFJ6N53", "TimeCreated": "2024-03-12 10:52:47.595440+00:00", "RecordID": "111", "Level": "4", "UserID": "S-1-5-18"}
{"EventID": "105", "Channel": "Microsoft-Windows-Kernel-LiveDump/Operational", "Provider_Name": "Microsoft-Windows-Kernel-LiveDump", "Computer": "DESKTOP-OFJ6N53", "TimeCreated": "2024-03-12 10:53:11.949244+00:00", "RecordID": "112", "Level": "4", "UserID": ""}
{"EventID": "106", "Channel": "Microsoft-Windows-Kernel-LiveDump/Operational", "Provider_Name": "Microsoft-Windows-Kernel-LiveDump", "Computer": "DESKTOP-OFJ6N53", "TimeCreated": "2024-03-12 10:53:14.031384+00:00", "RecordID": "113", "Level": "4", "UserID": "S-1-5-18", "EventData.NtEstimatedRequiredPrimaryDataBytes": "76025856", "EventData.NtEstimatedPrimaryDataBytes": "1604567040", "EventData.HvEstimatedPrimaryDataBytes": "0", "EventData.HvEstimatedSecondaryDataBytes": "0", "EventData.SkEstimatedPrimaryDataBytes": "0", "EventData.MemoryEstimationDuration_ms": "27189", "EventData.SystemQuiescedDuration_ms": "0", "EventData.EndMirroringPhasesDuration_ms": "0", "EventData.TotalMirrorPhysicalMemoryCallbackDuration_ms": "0", "EventData.TotalMirrorPhysicalMemoryCallbackBytes": "0", "EventData.HvlCalculateLiveDumpSizeDuration_ms": "0"}
{"EventID": "113", "Channel": "Microsoft-Windows-Kernel-LiveDump/Operational", "Provider_Name": "Microsoft-Windows-Kernel-LiveDump", "Computer": "DESKTOP-OFJ6N53", "TimeCreated": "2024-03-12 10:53:34.018347+00:00", "RecordID": "114", "Level": "4", "UserID": "S-1-5-18"}
{"EventID": "107", "Channel": "Microsoft-Windows-Kernel-LiveDump/Operational", "Provider_Name": "Microsoft-Windows-Kernel-LiveDump", "Computer": "DESKTOP-OFJ6N53", "TimeCreated": "2024-03-12 10:53:34.018351+00:00", "RecordID": "115", "Level": "4", "UserID": "S-1-5-18", "EventData.NtPrimaryDataBytes": "1606418432", "EventData.HvPrimaryDataBytes": "0", "EventData.HvSecondaryDataBytes": "0", "EventData.SkPrimaryDataBytes": "0", "EventData.AllocateDumpBuffersDuration_ms": "0", "EventData.AllocateExtraBuffersDuration_ms": "0", "EventData.HvlPrepareLivedumpDescriptorDuration_ms": "0"}
{"EventID": "154", "Channel": "Microsoft-Windows-Kernel-LiveDump/Operational", "Provider_Name": "Microsoft-Windows-Kernel-LiveDump", "Computer": "DESKTOP-OFJ6N53", "TimeCreated": "2024-03-12 10:53:34.021669+00:00", "RecordID": "116", "Level": "4", "UserID": "S-1-5-18"}
{"EventID": "156", "Channel": "Microsoft-Windows-Kernel-LiveDump/Operational", "Provider_Name": "Microsoft-Windows-Kernel-LiveDump", "Computer": "DESKTOP-OFJ6N53", "TimeCreated": "2024-03-12 10:53:35.518459+00:00", "RecordID": "117", "Level": "4", "UserID": ""}
{"EventID": "157", "Channel": "Microsoft-Windows-Kernel-LiveDump/Operational", "Provider_Name": "Microsoft-Windows-Kernel-LiveDump", "Computer": "DESKTOP-OFJ6N53", "TimeCreated": "2024-03-12 10:54:58.820023+00:00", "RecordID": "118", "Level": "4", "UserID": ""}
{"EventID": "155", "Channel": "Microsoft-Windows-Kernel-LiveDump/Operational", "Provider_Name": "Microsoft-Windows-Kernel-LiveDump", "Computer": "DESKTOP-OFJ6N53", "TimeCreated": "2024-03-12 10:54:58.820137+00:00", "RecordID": "119", "Level": "4", "UserID": ""}
{"EventID": "167", "Channel": "Microsoft-Windows-Kernel-LiveDump/Operational", "Provider_Name": "Microsoft-Windows-Kernel-LiveDump", "Computer": "DESKTOP-OFJ6N53", "TimeCreated": "2024-03-12 10:54:58.822584+00:00", "RecordID": "120", "Level": "4", "UserID": "S-1-5-18", "EventData.MemoryCaptureDuration_ms": "287", "EventData.SystemQuiescedDuration_ms": "0", "EventData.EndMirroringPhasesDuration_ms": "0", "EventData.TotalMirrorPhysicalMemoryCallbackDuration_ms": "0", "EventData.TotalMirrorPhysicalMemoryCallbackBytes": "0", "EventData.HvlCollectLivedumpDuration_ms": "0", "EventData.DumpDataBufferingDuration_ms": "0"}
{"EventID": "104", "Channel": "Microsoft-Windows-Kernel-LiveDump/Operational", "Provider_Name": "Microsoft-Windows-Kernel-LiveDump", "Computer": "DESKTOP-OFJ6N53", "TimeCreated": "2024-03-19 23:49:29.948250+00:00", "RecordID": "121", "Level": "4", "UserID": "S-1-5-18"}
{"EventID": "105", "Channel": "Microsoft-Windows-Kernel-LiveDump/Operational", "Provider_Name": "Microsoft-Windows-Kernel-LiveDump", "Computer": "DESKTOP-OFJ6N53", "TimeCreated": "2024-03-19 23:49:30.187767+00:00", "RecordID": "122", "Level": "4", "UserID": ""}
{"EventID": "106", "Channel": "Microsoft-Windows-Kernel-LiveDump/Operational", "Provider_Name": "Microsoft-Windows-Kernel-LiveDump", "Computer": "DESKTOP-OFJ6N53", "TimeCreated": "2024-03-19 23:49:30.188072+00:00", "RecordID": "123", "Level": "4", "UserID": "S-1-5-18", "EventData.NtEstimatedRequiredPrimaryDataBytes": "72138752", "EventData.NtEstimatedPrimaryDataBytes": "3423305728", "EventData.HvEstimatedPrimaryDataBytes": "0", "EventData.HvEstimatedSecondaryDataBytes": "0", "EventData.SkEstimatedPrimaryDataBytes": "0", "EventData.MemoryEstimationDuration_ms": "4", "EventData.SystemQuiescedDuration_ms": "0", "EventData.EndMirroringPhasesDuration_ms": "0", "EventData.TotalMirrorPhysicalMemoryCallbackDuration_ms": "0", "EventData.TotalMirrorPhysicalMemoryCallbackBytes": "0", "EventData.HvlCalculateLiveDumpSizeDuration_ms": "0"}
{"EventID": "113", "Channel": "Microsoft-Windows-Kernel-LiveDump/Operational", "Provider_Name": "Microsoft-Windows-Kernel-LiveDump", "Computer": "DESKTOP-OFJ6N53", "TimeCreated": "2024-03-19 23:49:30.960165+00:00", "RecordID": "124", "Level": "4", "UserID": "S-1-5-18"}
{"EventID": "107", "Channel": "Microsoft-Windows-Kernel-LiveDump/Operational", "Provider_Name": "Microsoft-Windows-Kernel-LiveDump", "Computer": "DESKTOP-OFJ6N53", "TimeCreated": "2024-03-19 23:49:30.960167+00:00", "RecordID": "125", "Level": "4", "UserID": "S-1-5-18", "EventData.NtPrimaryDataBytes": "3424649216", "EventData.HvPrimaryDataBytes": "0", "EventData.HvSecondaryDataBytes": "0", "EventData.SkPrimaryDataBytes": "0", "EventData.AllocateDumpBuffersDuration_ms": "0", "EventData.AllocateExtraBuffersDuration_ms": "0", "EventData.HvlPrepareLivedumpDescriptorDuration_ms": "0"}
{"EventID": "154", "Channel": "Microsoft-Windows-Kernel-LiveDump/Operational", "Provider_Name": "Microsoft-Windows-Kernel-LiveDump", "Computer": "DESKTOP-OFJ6N53", "TimeCreated": "2024-03-19 23:49:30.960302+00:00", "RecordID": "126", "Level": "4", "UserID": "S-1-5-18"}
{"EventID": "156", "Channel": "Microsoft-Windows-Kernel-LiveDump/Operational", "Provider_Name": "Microsoft-Windows-Kernel-LiveDump", "Computer": "DESKTOP-OFJ6N53", "TimeCreated": "2024-03-19 23:49:31.204893+00:00", "RecordID": "127", "Level": "4", "UserID": ""}
{"EventID": "157", "Channel": "Microsoft-Windows-Kernel-LiveDump/Operational", "Provider_Name": "Microsoft-Windows-Kernel-LiveDump", "Computer": "DESKTOP-OFJ6N53", "TimeCreated": "2024-03-19 23:49:32.442675+00:00", "RecordID": "128", "Level": "4", "UserID": ""}
