{"EventID": "5117", "Channel": "Microsoft-Windows-GroupPolicy/Operational", "Provider_Name": "Microsoft-Windows-GroupPolicy", "Computer": "DESKTOP-OFJ6N53", "TimeCreated": "2025-08-22 04:30:47.901175+00:00", "RecordID": "895566", "Level": "4", "UserID": "S-1-5-18", "EventData.IsMachine": "False", "EventData.SessionTimeElapsedInMilliseconds": "16"}
{"EventID": "5117", "Channel": "Microsoft-Windows-GroupPolicy/Operational", "Provider_Name": "Microsoft-Windows-GroupPolicy", "Computer": "DESKTOP-OFJ6N53", "TimeCreated": "2025-08-22 04:30:47.902004+00:00", "RecordID": "895567", "Level": "4", "UserID": "S-1-5-18", "EventData.IsMachine": "True", "EventData.SessionTimeElapsedInMilliseconds": "16"}
{"EventID": "4116", "Channel": "Microsoft-Windows-GroupPolicy/Operational", "Provider_Name": "Microsoft-Windows-GroupPolicy", "Computer": "DESKTOP-OFJ6N53", "TimeCreated": "2025-08-22 04:45:48.090117+00:00", "RecordID": "895568", "Level": "4", "UserID": "S-1-5-18"}
{"EventID": "4115", "Channel": "Microsoft-Windows-GroupPolicy/Operational", "Provider_Name": "Microsoft-Windows-GroupPolicy", "Computer": "DESKTOP-OFJ6N53", "TimeCreated": "2025-08-22 04:45:48.092865+00:00", "RecordID": "895569", "Level": "4", "UserID": "S-1-5-18", "EventData.IsServiceRestart": "True", "EventData.IsMachineBoot": "False"}
{"EventID": "5324", "Channel": "Microsoft-Windows-GroupPolicy/Operational", "Provider_Name": "Microsoft-Windows-GroupPolicy", "Computer": "DESKTOP-OFJ6N53", "TimeCreated": "2025-08-22 04:45:48.093277+00:00", "RecordID": "895570", "Level": "4", "UserID": "S-1-5-18", "EventData.NotificationType": "0", "EventData.SessionId": "0"}
{"EventID": "5351", "Channel": "Microsoft-Windows-GroupPolicy/Operational", "Provider_Name": "Microsoft-Windows-GroupPolicy", "Computer": "DESKTOP-OFJ6N53", "TimeCreated": "2025-08-22 04:45:48.093321+00:00", "RecordID": "895571", "Level": "4", "UserID": "S-1-5-18", "EventData.IsMachine": "False", "EventData.WinlogonReturnTimeElapsedInMilliseconds": "0"}
{"EventID": "4117", "Channel": "Microsoft-Windows-GroupPolicy/Operational", "Provider_Name": "Microsoft-Windows-GroupPolicy", "Computer": "DESKTOP-OFJ6N53", "TimeCreated": "2025-08-22 04:45:48.094717+00:00", "RecordID": "895572", "Level": "4", "UserID": "S-1-5-18", "EventData.IsMachine": "True", "EventData.IsBackgroundProcessing": "True", "EventData.IsAsyncProcessing": "False"}
{"EventID": "5351", "Channel": "Microsoft-Windows-GroupPolicy/Operational", "Provider_Name": "Microsoft-Windows-GroupPolicy", "Computer": "DESKTOP-OFJ6N53", "TimeCreated": "2025-08-22 04:45:48.098629+00:00", "RecordID": "895573", "Level": "4", "UserID": "S-1-5-18", "EventData.IsMachine": "False", "EventData.WinlogonReturnTimeElapsedInMilliseconds": "0"}
{"EventID": "4117", "Channel": "Microsoft-Windows-GroupPolicy/Operational", "Provider_Name": "Microsoft-Windows-GroupPolicy", "Computer": "DESKTOP-OFJ6N53", "TimeCreated": "2025-08-22 04:45:48.099827+00:00", "RecordID": "895574", "Level": "4", "UserID": "S-1-5-18", "EventData.IsMachine": "False", "EventData.IsBackgroundProcessing": "True", "EventData.IsAsyncProcessing": "False"}
{"EventID": "5116", "Channel": "Microsoft-Windows-GroupPolicy/Operational", "Provider_Name": "Microsoft-Windows-GroupPolicy", "Computer": "DESKTOP-OFJ6N53", "TimeCreated": "2025-08-22 04:45:48.100622+00:00", "RecordID": "895575", "Level": "4", "UserID": "S-1-5-18", "EventData.GpsvcInitTimeElapsedInMilliseconds": "0"}
{"EventID": "5320", "Channel": "Microsoft-Windows-GroupPolicy/Operational", "Provider_Name": "Microsoft-Windows-GroupPolicy", "Computer": "DESKTOP-OFJ6N53", "TimeCreated": "2025-08-22 04:45:48.101294+00:00", "RecordID": "895576", "Level": "4", "UserID": "S-1-5-18", "EventData.InfoDescription": "%%4168"}
{"EventID": "5320", "Channel": "Microsoft-Windows-GroupPolicy/Operational", "Provider_Name": "Microsoft-Windows-GroupPolicy", "Computer": "DESKTOP-OFJ6N53", "TimeCreated": "2025-08-22 04:45:48.101339+00:00", "RecordID": "895577", "Level": "4", "UserID": "S-1-5-18", "EventData.InfoDescription": "%%4160"}
{"EventID": "5320", "Channel": "Microsoft-Windows-GroupPolicy/Operational", "Provider_Name": "Microsoft-Windows-GroupPolicy", "Computer": "DESKTOP-OFJ6N53", "TimeCreated": "2025-08-22 04:45:48.101339+00:00", "RecordID": "895578", "Level": "4", "UserID": "S-1-5-18", "EventData.InfoDescription": "%%4166"}
{"EventID": "5117", "Channel": "Microsoft-Windows-GroupPolicy/Operational", "Provider_Name": "Microsoft-Windows-GroupPolicy", "Computer": "DESKTOP-OFJ6N53", "TimeCreated": "2025-08-22 04:45:48.101852+00:00", "RecordID": "895579", "Level": "4", "UserID": "S-1-5-18", "EventData.IsMachine": "False", "EventData.SessionTimeElapsedInMilliseconds": "0"}
{"EventID": "5321", "Channel": "Microsoft-Windows-GroupPolicy/Operational", "Provider_Name": "Microsoft-Windows-GroupPolicy", "Computer": "DESKTOP-OFJ6N53", "TimeCreated": "2025-08-22 04:45:48.102013+00:00", "RecordID": "895580", "Level": "4", "UserID": "S-1-5-18", "EventData.InfoDescription": "%%4167", "EventData.OperationParameter1": "8d8893d3-ecf8-4223-af8b-15a4d04f63a3"}
{"EventID": "5117", "Channel": "Microsoft-Windows-GroupPolicy/Operational", "Provider_Name": "Microsoft-Windows-GroupPolicy", "Computer": "DESKTOP-OFJ6N53", "TimeCreated": "2025-08-22 04:45:48.102669+00:00", "RecordID": "895581", "Level": "4", "UserID": "S-1-5-18", "EventData.IsMachine": "True", "EventData.SessionTimeElapsedInMilliseconds": "0"}
{"EventID": "4116", "Channel": "Microsoft-Windows-GroupPolicy/Operational", "Provider_Name": "Microsoft-Windows-GroupPolicy", "Computer": "DESKTOP-OFJ6N53", "TimeCreated": "2025-08-22 05:00:48.394333+00:00", "RecordID": "895582", "Level": "4", "UserID": "S-1-5-18"}
{"EventID": "4115", "Channel": "Microsoft-Windows-GroupPolicy/Operational", "Provider_Name": "Microsoft-Windows-GroupPolicy", "Computer": "DESKTOP-OFJ6N53", "TimeCreated": "2025-08-22 05:00:48.396637+00:00", "RecordID": "895583", "Level": "4", "UserID": "S-1-5-18", "EventData.IsServiceRestart": "True", "EventData.IsMachineBoot": "False"}
{"EventID": "5324", "Channel": "Microsoft-Windows-GroupPolicy/Operational", "Provider_Name": "Microsoft-Windows-GroupPolicy", "Computer": "DESKTOP-OFJ6N53", "TimeCreated": "2025-08-22 05:00:48.396992+00:00", "RecordID": "895584", "Level": "4", "UserID": "S-1-5-18", "EventData.NotificationType": "0", "EventData.SessionId": "0"}
{"EventID": "5351", "Channel": "Microsoft-Windows-GroupPolicy/Operational", "Provider_Name": "Microsoft-Windows-GroupPolicy", "Computer": "DESKTOP-OFJ6N53", "TimeCreated": "2025-08-22 05:00:48.397038+00:00", "RecordID": "895585", "Level": "4", "UserID": "S-1-5-18", "EventData.IsMachine": "False", "EventData.WinlogonReturnTimeElapsedInMilliseconds": "0"}
{"EventID": "4117", "Channel": "Microsoft-Windows-GroupPolicy/Operational", "Provider_Name": "Microsoft-Windows-GroupPolicy", "Computer": "DESKTOP-OFJ6N53", "TimeCreated": "2025-08-22 05:00:48.397915+00:00", "RecordID": "895586", "Level": "4", "UserID": "S-1-5-18", "EventData.IsMachine": "True", "EventData.IsBackgroundProcessing": "True", "EventData.IsAsyncProcessing": "False"}
{"EventID": "5351", "Channel": "Microsoft-Windows-GroupPolicy/Operational", "Provider_Name": "Microsoft-Windows-GroupPolicy", "Computer": "DESKTOP-OFJ6N53", "TimeCreated": "2025-08-22 05:00:48.399626+00:00", "RecordID": "895587", "Level": "4", "UserID": "S-1-5-18", "EventData.IsMachine": "False", "EventData.WinlogonReturnTimeElapsedInMilliseconds": "0"}
{"EventID": "4117", "Channel": "Microsoft-Windows-GroupPolicy/Operational", "Provider_Name": "Microsoft-Windows-GroupPolicy", "Computer": "DESKTOP-OFJ6N53", "TimeCreated": "2025-08-22 05:00:48.401056+00:00", "RecordID": "895588", "Level": "4", "UserID": "S-1-5-18", "EventData.IsMachine": "False", "EventData.IsBackgroundProcessing": "True", "EventData.IsAsyncProcessing": "False"}
{"EventID": "5116", "Channel": "Microsoft-Windows-GroupPolicy/Operational", "Provider_Name": "Microsoft-Windows-GroupPolicy", "Computer": "DESKTOP-OFJ6N53", "TimeCreated": "2025-08-22 05:00:48.401539+00:00", "RecordID": "895589", "Level": "4", "UserID": "S-1-5-18", "EventData.GpsvcInitTimeElapsedInMilliseconds": "16"}
{"EventID": "5320", "Channel": "Microsoft-Windows-GroupPolicy/Operational", "Provider_Name": "Microsoft-Windows-GroupPolicy", "Computer": "DESKTOP-OFJ6N53", "TimeCreated": "2025-08-22 05:00:48.402119+00:00", "RecordID": "895590", "Level": "4", "UserID": "S-1-5-18", "EventData.InfoDescription": "%%4168"}
{"EventID": "5320", "Channel": "Microsoft-Windows-GroupPolicy/Operational", "Provider_Name": "Microsoft-Windows-GroupPolicy", "Computer": "DESKTOP-OFJ6N53", "TimeCreated": "2025-08-22 05:00:48.402143+00:00", "RecordID": "895591", "Level": "4", "UserID": "S-1-5-18", "EventData.InfoDescription": "%%4160"}
{"EventID": "5320", "Channel": "Microsoft-Windows-GroupPolicy/Operational", "Provider_Name": "Microsoft-Windows-GroupPolicy", "Computer": "DESKTOP-OFJ6N53", "TimeCreated": "2025-08-22 05:00:48.402145+00:00", "RecordID": "895592", "Level": "4", "UserID": "S-1-5-18", "EventData.InfoDescription": "%%4166"}
{"EventID": "5117", "Channel": "Microsoft-Windows-GroupPolicy/Operational", "Provider_Name": "Microsoft-Windows-GroupPolicy", "Computer": "DESKTOP-OFJ6N53", "TimeCreated": "2025-08-22 05:00:48.402740+00:00", "RecordID": "895593", "Level": "4", "UserID": "S-1-5-18", "EventData.IsMachine": "False", "EventData.SessionTimeElapsedInMilliseconds": "0"}
{"EventID": "5321", "Channel": "Microsoft-Windows-GroupPolicy/Operational", "Provider_Name": "Microsoft-Windows-GroupPolicy", "Computer": "DESKTOP-OFJ6N53", "TimeCreated": "2025-08-22 05:00:48.402824+00:00", "RecordID": "895594", "Level": "4", "UserID": "S-1-5-18", "EventData.InfoDescription": "%%4167", "EventData.OperationParameter1": "17d8bc85-c8a3-4fa2-b3d1-bb6494bedc20"}
{"EventID": "5117", "Channel": "Microsoft-Windows-GroupPolicy/Operational", "Provider_Name": "Microsoft-Windows-GroupPolicy", "Computer": "DESKTOP-OFJ6N53", "TimeCreated": "2025-08-22 05:00:48.403522+00:00", "RecordID": "895595", "Level": "4", "UserID": "S-1-5-18", "EventData.IsMachine": "True", "EventData.SessionTimeElapsedInMilliseconds": "16"}
{"EventID": "4116", "Channel": "Microsoft-Windows-GroupPolicy/Operational", "Provider_Name": "Microsoft-Windows-GroupPolicy", "Computer": "DESKTOP-OFJ6N53", "TimeCreated": "2025-08-22 05:15:48.533661+00:00", "RecordID": "895596", "Level": "4", "UserID": "S-1-5-18"}
{"EventID": "4115", "Channel": "Microsoft-Windows-GroupPolicy/Operational", "Provider_Name": "Microsoft-Windows-GroupPolicy", "Computer": "DESKTOP-OFJ6N53", "TimeCreated": "2025-08-22 05:15:48.536039+00:00", "RecordID": "895597", "Level": "4", "UserID": "S-1-5-18", "EventData.IsServiceRestart": "True", "EventData.IsMachineBoot": "False"}
{"EventID": "5324", "Channel": "Microsoft-Windows-GroupPolicy/Operational", "Provider_Name": "Microsoft-Windows-GroupPolicy", "Computer": "DESKTOP-OFJ6N53", "TimeCreated": "2025-08-22 05:15:48.536610+00:00", "RecordID": "895598", "Level": "4", "UserID": "S-1-5-18", "EventData.NotificationType": "0", "EventData.SessionId": "0"}
{"EventID": "5351", "Channel": "Microsoft-Windows-GroupPolicy/Operational", "Provider_Name": "Microsoft-Windows-GroupPolicy", "Computer": "DESKTOP-OFJ6N53", "TimeCreated": "2025-08-22 05:15:48.536657+00:00", "RecordID": "895599", "Level": "4", "UserID": "S-1-5-18", "EventData.IsMachine": "False", "EventData.WinlogonReturnTimeElapsedInMilliseconds": "0"}
{"EventID": "4117", "Channel": "Microsoft-Windows-GroupPolicy/Operational", "Provider_Name": "Microsoft-Windows-GroupPolicy", "Computer": "DESKTOP-OFJ6N53", "TimeCreated": "2025-08-22 05:15:48.537573+00:00", "RecordID": "895600", "Level": "4", "UserID": "S-1-5-18", "EventData.IsMachine": "True", "EventData.IsBackgroundProcessing": "True", "EventData.IsAsyncProcessing": "False"}
{"EventID": "5351", "Channel": "Microsoft-Windows-GroupPolicy/Operational", "Provider_Name": "Microsoft-Windows-GroupPolicy", "Computer": "DESKTOP-OFJ6N53", "TimeCreated": "2025-08-22 05:15:48.539700+00:00", "RecordID": "895601", "Level": "4", "UserID": "S-1-5-18", "EventData.IsMachine": "False", "EventData.WinlogonReturnTimeElapsedInMilliseconds": "0"}
{"EventID": "4117", "Channel": "Microsoft-Windows-GroupPolicy/Operational", "Provider_Name": "Microsoft-Windows-GroupPolicy", "Computer": "DESKTOP-OFJ6N53", "TimeCreated": "2025-08-22 05:15:48.546631+00:00", "RecordID": "895602", "Level": "4", "UserID": "S-1-5-18", "EventData.IsMachine": "False", "EventData.IsBackgroundProcessing": "True", "EventData.IsAsyncProcessing": "False"}
{"EventID": "5116", "Channel": "Microsoft-Windows-GroupPolicy/Operational", "Provider_Name": "Microsoft-Windows-GroupPolicy", "Computer": "DESKTOP-OFJ6N53", "TimeCreated": "2025-08-22 05:15:48.549337+00:00", "RecordID": "895603", "Level": "4", "UserID": "S-1-5-18", "EventData.GpsvcInitTimeElapsedInMilliseconds": "15"}
{"EventID": "5117", "Channel": "Microsoft-Windows-GroupPolicy/Operational", "Provider_Name": "Microsoft-Windows-GroupPolicy", "Computer": "DESKTOP-OFJ6N53", "TimeCreated": "2025-08-22 05:15:48.550026+00:00", "RecordID": "895604", "Level": "4", "UserID": "S-1-5-18", "EventData.IsMachine": "False", "EventData.SessionTimeElapsedInMilliseconds": "15"}
{"EventID": "5320", "Channel": "Microsoft-Windows-GroupPolicy/Operational", "Provider_Name": "Microsoft-Windows-GroupPolicy", "Computer": "DESKTOP-OFJ6N53", "TimeCreated": "2025-08-22 05:15:48.550089+00:00", "RecordID": "895605", "Level": "4", "UserID": "S-1-5-18", "EventData.InfoDescription": "%%4168"}
{"EventID": "5320", "Channel": "Microsoft-Windows-GroupPolicy/Operational", "Provider_Name": "Microsoft-Windows-GroupPolicy", "Computer": "DESKTOP-OFJ6N53", "TimeCreated": "2025-08-22 05:15:48.550125+00:00", "RecordID": "895606", "Level": "4", "UserID": "S-1-5-18", "EventData.InfoDescription": "%%4160"}
{"EventID": "5320", "Channel": "Microsoft-Windows-GroupPolicy/Operational", "Provider_Name": "Microsoft-Windows-GroupPolicy", "Computer": "DESKTOP-OFJ6N53", "TimeCreated": "2025-08-22 05:15:48.550125+00:00", "RecordID": "895607", "Level": "4", "UserID": "S-1-5-18", "EventData.InfoDescription": "%%4166"}
{"EventID": "5321", "Channel": "Microsoft-Windows-GroupPolicy/Operational", "Provider_Name": "Microsoft-Windows-GroupPolicy", "Computer": "DESKTOP-OFJ6N53", "TimeCreated": "2025-08-22 05:15:48.550991+00:00", "RecordID": "895608", "Level": "4", "UserID": "S-1-5-18", "EventData.InfoDescription": "%%4167", "EventData.OperationParameter1": "70661e7f-1899-411d-ba2f-41ea9cb536e0"}
{"EventID": "5117", "Channel": "Microsoft-Windows-GroupPolicy/Operational", "Provider_Name": "Microsoft-Windows-GroupPolicy", "Computer": "DESKTOP-OFJ6N53", "TimeCreated": "2025-08-22 05:15:48.551516+00:00", "RecordID": "895609", "Level": "4", "UserID": "S-1-5-18", "EventData.IsMachine": "True", "EventData.SessionTimeElapsedInMilliseconds": "15"}
{"EventID": "4116", "Channel": "Microsoft-Windows-GroupPolicy/Operational", "Provider_Name": "Microsoft-Windows-GroupPolicy", "Computer": "DESKTOP-OFJ6N53", "TimeCreated": "2025-08-22 05:30:48.763517+00:00", "RecordID": "895610", "Level": "4", "UserID": "S-1-5-18"}
{"EventID": "4115", "Channel": "Microsoft-Windows-GroupPolicy/Operational", "Provider_Name": "Microsoft-Windows-GroupPolicy", "Computer": "DESKTOP-OFJ6N53", "TimeCreated": "2025-08-22 05:30:48.765764+00:00", "RecordID": "895611", "Level": "4", "UserID": "S-1-5-18", "EventData.IsServiceRestart": "True", "EventData.IsMachineBoot": "False"}
{"EventID": "5324", "Channel": "Microsoft-Windows-GroupPolicy/Operational", "Provider_Name": "Microsoft-Windows-GroupPolicy", "Computer": "DESKTOP-OFJ6N53", "TimeCreated": "2025-08-22 05:30:48.766167+00:00", "RecordID": "895612", "Level": "4", "UserID": "S-1-5-18", "EventData.NotificationType": "0", "EventData.SessionId": "0"}
{"EventID": "5351", "Channel": "Microsoft-Windows-GroupPolicy/Operational", "Provider_Name": "Microsoft-Windows-GroupPolicy", "Computer": "DESKTOP-OFJ6N53", "TimeCreated": "2025-08-22 05:30:48.766211+00:00", "RecordID": "895613", "Level": "4", "UserID": "S-1-5-18", "EventData.IsMachine": "False", "EventData.WinlogonReturnTimeElapsedInMilliseconds": "0"}
{"EventID": "4117", "Channel": "Microsoft-Windows-GroupPolicy/Operational", "Provider_Name": "Microsoft-Windows-GroupPolicy", "Computer": "DESKTOP-OFJ6N53", "TimeCreated": "2025-08-22 05:30:48.767107+00:00", "RecordID": "895614", "Level": "4", "UserID": "S-1-5-18", "EventData.IsMachine": "True", "EventData.IsBackgroundProcessing": "True", "EventData.IsAsyncProcessing": "False"}
{"EventID": "5351", "Channel": "Microsoft-Windows-GroupPolicy/Operational", "Provider_Name": "Microsoft-Windows-GroupPolicy", "Computer": "DESKTOP-OFJ6N53", "TimeCreated": "2025-08-22 05:30:48.768608+00:00", "RecordID": "895615", "Level": "4", "UserID": "S-1-5-18", "EventData.IsMachine": "False", "EventData.WinlogonReturnTimeElapsedInMilliseconds": "0"}
{"EventID": "4117", "Channel": "Microsoft-Windows-GroupPolicy/Operational", "Provider_Name": "Microsoft-Windows-GroupPolicy", "Computer": "DESKTOP-OFJ6N53", "TimeCreated": "2025-08-22 05:30:48.770031+00:00", "RecordID": "895616", "Level": "4", "UserID": "S-1-5-18", "EventData.IsMachine": "False", "EventData.IsBackgroundProcessing": "True", "EventData.IsAsyncProcessing": "False"}
{"EventID": "5116", "Channel": "Microsoft-Windows-GroupPolicy/Operational", "Provider_Name": "Microsoft-Windows-GroupPolicy", "Computer": "DESKTOP-OFJ6N53", "TimeCreated": "2025-08-22 05:30:48.770418+00:00", "RecordID": "895617", "Level": "4", "UserID": "S-1-5-18", "EventData.GpsvcInitTimeElapsedInMilliseconds": "0"}
{"EventID": "5320", "Channel": "Microsoft-Windows-GroupPolicy/Operational", "Provider_Name": "Microsoft-Windows-GroupPolicy", "Computer": "DESKTOP-OFJ6N53", "TimeCreated": "2025-08-22 05:30:48.771032+00:00", "RecordID": "895618", "Level": "4", "UserID": "S-1-5-18", "EventData.InfoDescription": "%%4168"}
{"EventID": "5320", "Channel": "Microsoft-Windows-GroupPolicy/Operational", "Provider_Name": "Microsoft-Windows-GroupPolicy", "Computer": "DESKTOP-OFJ6N53", "TimeCreated": "2025-08-22 05:30:48.771074+00:00", "RecordID": "895619", "Level": "4", "UserID": "S-1-5-18", "EventData.InfoDescription": "%%4160"}
{"EventID": "5320", "Channel": "Microsoft-Windows-GroupPolicy/Operational", "Provider_Name": "Microsoft-Windows-GroupPolicy", "Computer": "DESKTOP-OFJ6N53", "TimeCreated": "2025-08-22 05:30:48.771074+00:00", "RecordID": "895620", "Level": "4", "UserID": "S-1-5-18", "EventData.InfoDescription": "%%4166"}
{"EventID": "5117", "Channel": "Microsoft-Windows-GroupPolicy/Operational", "Provider_Name": "Microsoft-Windows-GroupPolicy", "Computer": "DESKTOP-OFJ6N53", "TimeCreated": "2025-08-22 05:30:48.771730+00:00", "RecordID": "895621", "Level": "4", "UserID": "S-1-5-18", "EventData.IsMachine": "False", "EventData.SessionTimeElapsedInMilliseconds": "0"}
{"EventID": "5321", "Channel": "Microsoft-Windows-GroupPolicy/Operational", "Provider_Name": "Microsoft-Windows-GroupPolicy", "Computer": "DESKTOP-OFJ6N53", "TimeCreated": "2025-08-22 05:30:48.771856+00:00", "RecordID": "895622", "Level": "4", "UserID": "S-1-5-18", "EventData.InfoDescription": "%%4167", "EventData.OperationParameter1": "b45d58de-438f-48bc-a490-f42fbec743f9"}
{"EventID": "5117", "Channel": "Microsoft-Windows-GroupPolicy/Operational", "Provider_Name": "Microsoft-Windows-GroupPolicy", "Computer": "DESKTOP-OFJ6N53", "TimeCreated": "2025-08-22 05:30:48.772326+00:00", "RecordID": "895623", "Level": "4", "UserID": "S-1-5-18", "EventData.IsMachine": "True", "EventData.SessionTimeElapsedInMilliseconds": "0"}
{"EventID": "4116", "Channel": "Microsoft-Windows-GroupPolicy/Operational", "Provider_Name": "Microsoft-Windows-GroupPolicy", "Computer": "DESKTOP-OFJ6N53", "TimeCreated": "2025-08-22 05:45:48.919655+00:00", "RecordID": "895624", "Level": "4", "UserID": "S-1-5-18"}
{"EventID": "4115", "Channel": "Microsoft-Windows-GroupPolicy/Operational", "Provider_Name": "Microsoft-Windows-GroupPolicy", "Computer": "DESKTOP-OFJ6N53", "TimeCreated": "2025-08-22 05:45:49.040867+00:00", "RecordID": "895625", "Level": "4", "UserID": "S-1-5-18", "EventData.IsServiceRestart": "True", "EventData.IsMachineBoot": "False"}
{"EventID": "5324", "Channel": "Microsoft-Windows-GroupPolicy/Operational", "Provider_Name": "Microsoft-Windows-GroupPolicy", "Computer": "DESKTOP-OFJ6N53", "TimeCreated": "2025-08-22 05:45:49.041262+00:00", "RecordID": "895626", "Level": "4", "UserID": "S-1-5-18", "EventData.NotificationType": "0", "EventData.SessionId": "0"}
{"EventID": "5351", "Channel": "Microsoft-Windows-GroupPolicy/Operational", "Provider_Name": "Microsoft-Windows-GroupPolicy", "Computer": "DESKTOP-OFJ6N53", "TimeCreated": "2025-08-22 05:45:49.041317+00:00", "RecordID": "895627", "Level": "4", "UserID": "S-1-5-18", "EventData.IsMachine": "False", "EventData.WinlogonReturnTimeElapsedInMilliseconds": "0"}
{"EventID": "4117", "Channel": "Microsoft-Windows-GroupPolicy/Operational", "Provider_Name": "Microsoft-Windows-GroupPolicy", "Computer": "DESKTOP-OFJ6N53", "TimeCreated": "2025-08-22 05:45:49.042370+00:00", "RecordID": "895628", "Level": "4", "UserID": "S-1-5-18", "EventData.IsMachine": "True", "EventData.IsBackgroundProcessing": "True", "EventData.IsAsyncProcessing": "False"}
{"EventID": "5351", "Channel": "Microsoft-Windows-GroupPolicy/Operational", "Provider_Name": "Microsoft-Windows-GroupPolicy", "Computer": "DESKTOP-OFJ6N53", "TimeCreated": "2025-08-22 05:45:49.043957+00:00", "RecordID": "895629", "Level": "4", "UserID": "S-1-5-18", "EventData.IsMachine": "False", "EventData.WinlogonReturnTimeElapsedInMilliseconds": "0"}
{"EventID": "4117", "Channel": "Microsoft-Windows-GroupPolicy/Operational", "Provider_Name": "Microsoft-Windows-GroupPolicy", "Computer": "DESKTOP-OFJ6N53", "TimeCreated": "2025-08-22 05:45:49.045300+00:00", "RecordID": "895630", "Level": "4", "UserID": "S-1-5-18", "EventData.IsMachine": "False", "EventData.IsBackgroundProcessing": "True", "EventData.IsAsyncProcessing": "False"}
{"EventID": "5116", "Channel": "Microsoft-Windows-GroupPolicy/Operational", "Provider_Name": "Microsoft-Windows-GroupPolicy", "Computer": "DESKTOP-OFJ6N53", "TimeCreated": "2025-08-22 05:45:49.045715+00:00", "RecordID": "895631", "Level": "4", "UserID": "S-1-5-18", "EventData.GpsvcInitTimeElapsedInMilliseconds": "125"}
{"EventID": "5320", "Channel": "Microsoft-Windows-GroupPolicy/Operational", "Provider_Name": "Microsoft-Windows-GroupPolicy", "Computer": "DESKTOP-OFJ6N53", "TimeCreated": "2025-08-22 05:45:49.046288+00:00", "RecordID": "895632", "Level": "4", "UserID": "S-1-5-18", "EventData.InfoDescription": "%%4168"}
{"EventID": "5320", "Channel": "Microsoft-Windows-GroupPolicy/Operational", "Provider_Name": "Microsoft-Windows-GroupPolicy", "Computer": "DESKTOP-OFJ6N53", "TimeCreated": "2025-08-22 05:45:49.046312+00:00", "RecordID": "895633", "Level": "4", "UserID": "S-1-5-18", "EventData.InfoDescription": "%%4160"}
{"EventID": "5320", "Channel": "Microsoft-Windows-GroupPolicy/Operational", "Provider_Name": "Microsoft-Windows-GroupPolicy", "Computer": "DESKTOP-OFJ6N53", "TimeCreated": "2025-08-22 05:45:49.046312+00:00", "RecordID": "895634", "Level": "4", "UserID": "S-1-5-18", "EventData.InfoDescription": "%%4166"}
{"EventID": "5321", "Channel": "Microsoft-Windows-GroupPolicy/Operational", "Provider_Name": "Microsoft-Windows-GroupPolicy", "Computer": "DESKTOP-OFJ6N53", "TimeCreated": "2025-08-22 05:45:49.046892+00:00", "RecordID": "895635", "Level": "4", "UserID": "S-1-5-18", "EventData.InfoDescription": "%%4167", "EventData.OperationParameter1": "039b6d1b-a6e3-47d5-ae30-b5f5ccf3e7c4"}
{"EventID": "5117", "Channel": "Microsoft-Windows-GroupPolicy/Operational", "Provider_Name": "Microsoft-Windows-GroupPolicy", "Computer": "DESKTOP-OFJ6N53", "TimeCreated": "2025-08-22 05:45:49.046904+00:00", "RecordID": "895636", "Level": "4", "UserID": "S-1-5-18", "EventData.IsMachine": "False", "EventData.SessionTimeElapsedInMilliseconds": "0"}
{"EventID": "5117", "Channel": "Microsoft-Windows-GroupPolicy/Operational", "Provider_Name": "Microsoft-Windows-GroupPolicy", "Computer": "DESKTOP-OFJ6N53", "TimeCreated": "2025-08-22 05:45:49.047602+00:00", "RecordID": "895637", "Level": "4", "UserID": "S-1-5-18", "EventData.IsMachine": "True", "EventData.SessionTimeElapsedInMilliseconds": "0"}
{"EventID": "4116", "Channel": "Microsoft-Windows-GroupPolicy/Operational", "Provider_Name": "Microsoft-Windows-GroupPolicy", "Computer": "DESKTOP-OFJ6N53", "TimeCreated": "2025-08-22 06:00:49.234259+00:00", "RecordID": "895638", "Level": "4", "UserID": "S-1-5-18"}
{"EventID": "4115", "Channel": "Microsoft-Windows-GroupPolicy/Operational", "Provider_Name": "Microsoft-Windows-GroupPolicy", "Computer": "DESKTOP-OFJ6N53", "TimeCreated": "2025-08-22 06:00:49.339514+00:00", "RecordID": "895639", "Level": "4", "UserID": "S-1-5-18", "EventData.IsServiceRestart": "True", "EventData.IsMachineBoot": "False"}
{"EventID": "5324", "Channel": "Microsoft-Windows-GroupPolicy/Operational", "Provider_Name": "Microsoft-Windows-GroupPolicy", "Computer": "DESKTOP-OFJ6N53", "TimeCreated": "2025-08-22 06:00:49.339949+00:00", "RecordID": "895640", "Level": "4", "UserID": "S-1-5-18", "EventData.NotificationType": "0", "EventData.SessionId": "0"}
{"EventID": "5351", "Channel": "Microsoft-Windows-GroupPolicy/Operational", "Provider_Name": "Microsoft-Windows-GroupPolicy", "Computer": "DESKTOP-OFJ6N53", "TimeCreated": "2025-08-22 06:00:49.340006+00:00", "RecordID": "895641", "Level": "4", "UserID": "S-1-5-18", "EventData.IsMachine": "False", "EventData.WinlogonReturnTimeElapsedInMilliseconds": "0"}
{"EventID": "4117", "Channel": "Microsoft-Windows-GroupPolicy/Operational", "Provider_Name": "Microsoft-Windows-GroupPolicy", "Computer": "DESKTOP-OFJ6N53", "TimeCreated": "2025-08-22 06:00:49.341124+00:00", "RecordID": "895642", "Level": "4", "UserID": "S-1-5-18", "EventData.IsMachine": "True", "EventData.IsBackgroundProcessing": "True", "EventData.IsAsyncProcessing": "False"}
{"EventID": "5351", "Channel": "Microsoft-Windows-GroupPolicy/Operational", "Provider_Name": "Microsoft-Windows-GroupPolicy", "Computer": "DESKTOP-OFJ6N53", "TimeCreated": "2025-08-22 06:00:49.342665+00:00", "RecordID": "895643", "Level": "4", "UserID": "S-1-5-18", "EventData.IsMachine": "False", "EventData.WinlogonReturnTimeElapsedInMilliseconds": "0"}
{"EventID": "4117", "Channel": "Microsoft-Windows-GroupPolicy/Operational", "Provider_Name": "Microsoft-Windows-GroupPolicy", "Computer": "DESKTOP-OFJ6N53", "TimeCreated": "2025-08-22 06:00:49.343971+00:00", "RecordID": "895644", "Level": "4", "UserID": "S-1-5-18", "EventData.IsMachine": "False", "EventData.IsBackgroundProcessing": "True", "EventData.IsAsyncProcessing": "False"}
{"EventID": "5116", "Channel": "Microsoft-Windows-GroupPolicy/Operational", "Provider_Name": "Microsoft-Windows-GroupPolicy", "Computer": "DESKTOP-OFJ6N53", "TimeCreated": "2025-08-22 06:00:49.344343+00:00", "RecordID": "895645", "Level": "4", "UserID": "S-1-5-18", "EventData.GpsvcInitTimeElapsedInMilliseconds": "109"}
{"EventID": "5320", "Channel": "Microsoft-Windows-GroupPolicy/Operational", "Provider_Name": "Microsoft-Windows-GroupPolicy", "Computer": "DESKTOP-OFJ6N53", "TimeCreated": "2025-08-22 06:00:49.344982+00:00", "RecordID": "895646", "Level": "4", "UserID": "S-1-5-18", "EventData.InfoDescription": "%%4168"}
{"EventID": "5320", "Channel": "Microsoft-Windows-GroupPolicy/Operational", "Provider_Name": "Microsoft-Windows-GroupPolicy", "Computer": "DESKTOP-OFJ6N53", "TimeCreated": "2025-08-22 06:00:49.345005+00:00", "RecordID": "895647", "Level": "4", "UserID": "S-1-5-18", "EventData.InfoDescription": "%%4160"}
{"EventID": "5320", "Channel": "Microsoft-Windows-GroupPolicy/Operational", "Provider_Name": "Microsoft-Windows-GroupPolicy", "Computer": "DESKTOP-OFJ6N53", "TimeCreated": "2025-08-22 06:00:49.345005+00:00", "RecordID": "895648", "Level": "4", "UserID": "S-1-5-18", "EventData.InfoDescription": "%%4166"}
{"EventID": "5117", "Channel": "Microsoft-Windows-GroupPolicy/Operational", "Provider_Name": "Microsoft-Windows-GroupPolicy", "Computer": "DESKTOP-OFJ6N53", "TimeCreated": "2025-08-22 06:00:49.345560+00:00", "RecordID": "895649", "Level": "4", "UserID": "S-1-5-18", "EventData.IsMachine": "False", "EventData.SessionTimeElapsedInMilliseconds": "0"}
{"EventID": "5321", "Channel": "Microsoft-Windows-GroupPolicy/Operational", "Provider_Name": "Microsoft-Windows-GroupPolicy", "Computer": "DESKTOP-OFJ6N53", "TimeCreated": "2025-08-22 06:00:49.345737+00:00", "RecordID": "895650", "Level": "4", "UserID": "S-1-5-18", "EventData.InfoDescription": "%%4167", "EventData.OperationParameter1": "0a1d21a3-393c-44d1-8cc1-475a49d4bbc1"}
{"EventID": "5117", "Channel": "Microsoft-Windows-GroupPolicy/Operational", "Provider_Name": "Microsoft-Windows-GroupPolicy", "Computer": "DESKTOP-OFJ6N53", "TimeCreated": "2025-08-22 06:00:49.346254+00:00", "RecordID": "895651", "Level": "4", "UserID": "S-1-5-18", "EventData.IsMachine": "True", "EventData.SessionTimeElapsedInMilliseconds": "0"}
{"EventID": "4116", "Channel": "Microsoft-Windows-GroupPolicy/Operational", "Provider_Name": "Microsoft-Windows-GroupPolicy", "Computer": "DESKTOP-OFJ6N53", "TimeCreated": "2025-08-22 06:15:49.494638+00:00", "RecordID": "895652", "Level": "4", "UserID": "S-1-5-18"}
{"EventID": "4115", "Channel": "Microsoft-Windows-GroupPolicy/Operational", "Provider_Name": "Microsoft-Windows-GroupPolicy", "Computer": "DESKTOP-OFJ6N53", "TimeCreated": "2025-08-22 06:15:49.540245+00:00", "RecordID": "895653", "Level": "4", "UserID": "S-1-5-18", "EventData.IsServiceRestart": "True", "EventData.IsMachineBoot": "False"}
{"EventID": "5324", "Channel": "Microsoft-Windows-GroupPolicy/Operational", "Provider_Name": "Microsoft-Windows-GroupPolicy", "Computer": "DESKTOP-OFJ6N53", "TimeCreated": "2025-08-22 06:15:49.540781+00:00", "RecordID": "895654", "Level": "4", "UserID": "S-1-5-18", "EventData.NotificationType": "0", "EventData.SessionId": "0"}
{"EventID": "5351", "Channel": "Microsoft-Windows-GroupPolicy/Operational", "Provider_Name": "Microsoft-Windows-GroupPolicy", "Computer": "DESKTOP-OFJ6N53", "TimeCreated": "2025-08-22 06:15:49.540833+00:00", "RecordID": "895655", "Level": "4", "UserID": "S-1-5-18", "EventData.IsMachine": "False", "EventData.WinlogonReturnTimeElapsedInMilliseconds": "0"}
{"EventID": "4117", "Channel": "Microsoft-Windows-GroupPolicy/Operational", "Provider_Name": "Microsoft-Windows-GroupPolicy", "Computer": "DESKTOP-OFJ6N53", "TimeCreated": "2025-08-22 06:15:49.542488+00:00", "RecordID": "895656", "Level": "4", "UserID": "S-1-5-18", "EventData.IsMachine": "True", "EventData.IsBackgroundProcessing": "True", "EventData.IsAsyncProcessing": "False"}
{"EventID": "5351", "Channel": "Microsoft-Windows-GroupPolicy/Operational", "Provider_Name": "Microsoft-Windows-GroupPolicy", "Computer": "DESKTOP-OFJ6N53", "TimeCreated": "2025-08-22 06:15:49.550087+00:00", "RecordID": "895657", "Level": "4", "UserID": "S-1-5-18", "EventData.IsMachine": "False", "EventData.WinlogonReturnTimeElapsedInMilliseconds": "0"}
{"EventID": "4117", "Channel": "Microsoft-Windows-GroupPolicy/Operational", "Provider_Name": "Microsoft-Windows-GroupPolicy", "Computer": "DESKTOP-OFJ6N53", "TimeCreated": "2025-08-22 06:15:49.551485+00:00", "RecordID": "895658", "Level": "4", "UserID": "S-1-5-18", "EventData.IsMachine": "False", "EventData.IsBackgroundProcessing": "True", "EventData.IsAsyncProcessing": "False"}
{"EventID": "5116", "Channel": "Microsoft-Windows-GroupPolicy/Operational", "Provider_Name": "Microsoft-Windows-GroupPolicy", "Computer": "DESKTOP-OFJ6N53", "TimeCreated": "2025-08-22 06:15:49.552015+00:00", "RecordID": "895659", "Level": "4", "UserID": "S-1-5-18", "EventData.GpsvcInitTimeElapsedInMilliseconds": "47"}
{"EventID": "5320", "Channel": "Microsoft-Windows-GroupPolicy/Operational", "Provider_Name": "Microsoft-Windows-GroupPolicy", "Computer": "DESKTOP-OFJ6N53", "TimeCreated": "2025-08-22 06:15:49.552626+00:00", "RecordID": "895660", "Level": "4", "UserID": "S-1-5-18", "EventData.InfoDescription": "%%4168"}
{"EventID": "5320", "Channel": "Microsoft-Windows-GroupPolicy/Operational", "Provider_Name": "Microsoft-Windows-GroupPolicy", "Computer": "DESKTOP-OFJ6N53", "TimeCreated": "2025-08-22 06:15:49.552654+00:00", "RecordID": "895661", "Level": "4", "UserID": "S-1-5-18", "EventData.InfoDescription": "%%4160"}
{"EventID": "5320", "Channel": "Microsoft-Windows-GroupPolicy/Operational", "Provider_Name": "Microsoft-Windows-GroupPolicy", "Computer": "DESKTOP-OFJ6N53", "TimeCreated": "2025-08-22 06:15:49.552656+00:00", "RecordID": "895662", "Level": "4", "UserID": "S-1-5-18", "EventData.InfoDescription": "%%4166"}
{"EventID": "5117", "Channel": "Microsoft-Windows-GroupPolicy/Operational", "Provider_Name": "Microsoft-Windows-GroupPolicy", "Computer": "DESKTOP-OFJ6N53", "TimeCreated": "2025-08-22 06:15:49.553158+00:00", "RecordID": "895663", "Level": "4", "UserID": "S-1-5-18", "EventData.IsMachine": "False", "EventData.SessionTimeElapsedInMilliseconds": "0"}
{"EventID": "5321", "Channel": "Microsoft-Windows-GroupPolicy/Operational", "Provider_Name": "Microsoft-Windows-GroupPolicy", "Computer": "DESKTOP-OFJ6N53", "TimeCreated": "2025-08-22 06:15:49.553381+00:00", "RecordID": "895664", "Level": "4", "UserID": "S-1-5-18", "EventData.InfoDescription": "%%4167", "EventData.OperationParameter1": "5d4bd64d-5338-42f0-a36e-678bc0f37d81"}
{"EventID": "5117", "Channel": "Microsoft-Windows-GroupPolicy/Operational", "Provider_Name": "Microsoft-Windows-GroupPolicy", "Computer": "DESKTOP-OFJ6N53", "TimeCreated": "2025-08-22 06:15:49.554043+00:00", "RecordID": "895665", "Level": "4", "UserID": "S-1-5-18", "EventData.IsMachine": "True", "EventData.SessionTimeElapsedInMilliseconds": "0"}
{"EventID": "4116", "Channel": "Microsoft-Windows-GroupPolicy/Operational", "Provider_Name": "Microsoft-Windows-GroupPolicy", "Computer": "DESKTOP-OFJ6N53", "TimeCreated": "2025-08-22 06:30:49.682739+00:00", "RecordID": "895666", "Level": "4", "UserID": "S-1-5-18"}
{"EventID": "4115", "Channel": "Microsoft-Windows-GroupPolicy/Operational", "Provider_Name": "Microsoft-Windows-GroupPolicy", "Computer": "DESKTOP-OFJ6N53", "TimeCreated": "2025-08-22 06:30:49.685091+00:00", "RecordID": "895667", "Level": "4", "UserID": "S-1-5-18", "EventData.IsServiceRestart": "True", "EventData.IsMachineBoot": "False"}
{"EventID": "5324", "Channel": "Microsoft-Windows-GroupPolicy/Operational", "Provider_Name": "Microsoft-Windows-GroupPolicy", "Computer": "DESKTOP-OFJ6N53", "TimeCreated": "2025-08-22 06:30:49.685501+00:00", "RecordID": "895668", "Level": "4", "UserID": "S-1-5-18", "EventData.NotificationType": "0", "EventData.SessionId": "0"}
{"EventID": "5351", "Channel": "Microsoft-Windows-GroupPolicy/Operational", "Provider_Name": "Microsoft-Windows-GroupPolicy", "Computer": "DESKTOP-OFJ6N53", "TimeCreated": "2025-08-22 06:30:49.685555+00:00", "RecordID": "895669", "Level": "4", "UserID": "S-1-5-18", "EventData.IsMachine": "False", "EventData.WinlogonReturnTimeElapsedInMilliseconds": "0"}
{"EventID": "4117", "Channel": "Microsoft-Windows-GroupPolicy/Operational", "Provider_Name": "Microsoft-Windows-GroupPolicy", "Computer": "DESKTOP-OFJ6N53", "TimeCreated": "2025-08-22 06:30:49.686462+00:00", "RecordID": "895670", "Level": "4", "UserID": "S-1-5-18", "EventData.IsMachine": "True", "EventData.IsBackgroundProcessing": "True", "EventData.IsAsyncProcessing": "False"}
{"EventID": "5351", "Channel": "Microsoft-Windows-GroupPolicy/Operational", "Provider_Name": "Microsoft-Windows-GroupPolicy", "Computer": "DESKTOP-OFJ6N53", "TimeCreated": "2025-08-22 06:30:49.688669+00:00", "RecordID": "895671", "Level": "4", "UserID": "S-1-5-18", "EventData.IsMachine": "False", "EventData.WinlogonReturnTimeElapsedInMilliseconds": "0"}
{"EventID": "4117", "Channel": "Microsoft-Windows-GroupPolicy/Operational", "Provider_Name": "Microsoft-Windows-GroupPolicy", "Computer": "DESKTOP-OFJ6N53", "TimeCreated": "2025-08-22 06:30:49.690256+00:00", "RecordID": "895672", "Level": "4", "UserID": "S-1-5-18", "EventData.IsMachine": "False", "EventData.IsBackgroundProcessing": "True", "EventData.IsAsyncProcessing": "False"}
{"EventID": "5117", "Channel": "Microsoft-Windows-GroupPolicy/Operational", "Provider_Name": "Microsoft-Windows-GroupPolicy", "Computer": "DESKTOP-OFJ6N53", "TimeCreated": "2025-08-22 06:30:49.696249+00:00", "RecordID": "895673", "Level": "4", "UserID": "S-1-5-18", "EventData.IsMachine": "False", "EventData.SessionTimeElapsedInMilliseconds": "16"}
{"EventID": "5117", "Channel": "Microsoft-Windows-GroupPolicy/Operational", "Provider_Name": "Microsoft-Windows-GroupPolicy", "Computer": "DESKTOP-OFJ6N53", "TimeCreated": "2025-08-22 06:30:49.697084+00:00", "RecordID": "895674", "Level": "4", "UserID": "S-1-5-18", "EventData.IsMachine": "True", "EventData.SessionTimeElapsedInMilliseconds": "16"}
{"EventID": "5116", "Channel": "Microsoft-Windows-GroupPolicy/Operational", "Provider_Name": "Microsoft-Windows-GroupPolicy", "Computer": "DESKTOP-OFJ6N53", "TimeCreated": "2025-08-22 06:30:49.697123+00:00", "RecordID": "895675", "Level": "4", "UserID": "S-1-5-18", "EventData.GpsvcInitTimeElapsedInMilliseconds": "16"}
{"EventID": "5320", "Channel": "Microsoft-Windows-GroupPolicy/Operational", "Provider_Name": "Microsoft-Windows-GroupPolicy", "Computer": "DESKTOP-OFJ6N53", "TimeCreated": "2025-08-22 06:30:49.697584+00:00", "RecordID": "895676", "Level": "4", "UserID": "S-1-5-18", "EventData.InfoDescription": "%%4168"}
{"EventID": "5320", "Channel": "Microsoft-Windows-GroupPolicy/Operational", "Provider_Name": "Microsoft-Windows-GroupPolicy", "Computer": "DESKTOP-OFJ6N53", "TimeCreated": "2025-08-22 06:30:49.697603+00:00", "RecordID": "895677", "Level": "4", "UserID": "S-1-5-18", "EventData.InfoDescription": "%%4160"}
{"EventID": "5320", "Channel": "Microsoft-Windows-GroupPolicy/Operational", "Provider_Name": "Microsoft-Windows-GroupPolicy", "Computer": "DESKTOP-OFJ6N53", "TimeCreated": "2025-08-22 06:30:49.697603+00:00", "RecordID": "895678", "Level": "4", "UserID": "S-1-5-18", "EventData.InfoDescription": "%%4166"}
{"EventID": "5321", "Channel": "Microsoft-Windows-GroupPolicy/Operational", "Provider_Name": "Microsoft-Windows-GroupPolicy", "Computer": "DESKTOP-OFJ6N53", "TimeCreated": "2025-08-22 06:30:49.698114+00:00", "RecordID": "895679", "Level": "4", "UserID": "S-1-5-18", "EventData.InfoDescription": "%%4167", "EventData.OperationParameter1": "7f8781e9-9e8b-48a2-a5a1-412976158e9f"}
{"EventID": "4116", "Channel": "Microsoft-Windows-GroupPolicy/Operational", "Provider_Name": "Microsoft-Windows-GroupPolicy", "Computer": "DESKTOP-OFJ6N53", "TimeCreated": "2025-08-22 06:45:49.791922+00:00", "RecordID": "895680", "Level": "4", "UserID": "S-1-5-18"}
{"EventID": "4115", "Channel": "Microsoft-Windows-GroupPolicy/Operational", "Provider_Name": "Microsoft-Windows-GroupPolicy", "Computer": "DESKTOP-OFJ6N53", "TimeCreated": "2025-08-22 06:45:49.793982+00:00", "RecordID": "895681", "Level": "4", "UserID": "S-1-5-18", "EventData.IsServiceRestart": "True", "EventData.IsMachineBoot": "False"}
{"EventID": "5324", "Channel": "Microsoft-Windows-GroupPolicy/Operational", "Provider_Name": "Microsoft-Windows-GroupPolicy", "Computer": "DESKTOP-OFJ6N53", "TimeCreated": "2025-08-22 06:45:49.794470+00:00", "RecordID": "895682", "Level": "4", "UserID": "S-1-5-18", "EventData.NotificationType": "0", "EventData.SessionId": "0"}
{"EventID": "5351", "Channel": "Microsoft-Windows-GroupPolicy/Operational", "Provider_Name": "Microsoft-Windows-GroupPolicy", "Computer": "DESKTOP-OFJ6N53", "TimeCreated": "2025-08-22 06:45:49.794512+00:00", "RecordID": "895683", "Level": "4", "UserID": "S-1-5-18", "EventData.IsMachine": "False", "EventData.WinlogonReturnTimeElapsedInMilliseconds": "0"}
{"EventID": "4117", "Channel": "Microsoft-Windows-GroupPolicy/Operational", "Provider_Name": "Microsoft-Windows-GroupPolicy", "Computer": "DESKTOP-OFJ6N53", "TimeCreated": "2025-08-22 06:45:49.795837+00:00", "RecordID": "895684", "Level": "4", "UserID": "S-1-5-18", "EventData.IsMachine": "True", "EventData.IsBackgroundProcessing": "True", "EventData.IsAsyncProcessing": "False"}
{"EventID": "5351", "Channel": "Microsoft-Windows-GroupPolicy/Operational", "Provider_Name": "Microsoft-Windows-GroupPolicy", "Computer": "DESKTOP-OFJ6N53", "TimeCreated": "2025-08-22 06:45:49.796961+00:00", "RecordID": "895685", "Level": "4", "UserID": "S-1-5-18", "EventData.IsMachine": "False", "EventData.WinlogonReturnTimeElapsedInMilliseconds": "0"}
{"EventID": "4117", "Channel": "Microsoft-Windows-GroupPolicy/Operational", "Provider_Name": "Microsoft-Windows-GroupPolicy", "Computer": "DESKTOP-OFJ6N53", "TimeCreated": "2025-08-22 06:45:49.798363+00:00", "RecordID": "895686", "Level": "4", "UserID": "S-1-5-18", "EventData.IsMachine": "False", "EventData.IsBackgroundProcessing": "True", "EventData.IsAsyncProcessing": "False"}
{"EventID": "5116", "Channel": "Microsoft-Windows-GroupPolicy/Operational", "Provider_Name": "Microsoft-Windows-GroupPolicy", "Computer": "DESKTOP-OFJ6N53", "TimeCreated": "2025-08-22 06:45:49.798536+00:00", "RecordID": "895687", "Level": "4", "UserID": "S-1-5-18", "EventData.GpsvcInitTimeElapsedInMilliseconds": "0"}
{"EventID": "5320", "Channel": "Microsoft-Windows-GroupPolicy/Operational", "Provider_Name": "Microsoft-Windows-GroupPolicy", "Computer": "DESKTOP-OFJ6N53", "TimeCreated": "2025-08-22 06:45:49.799438+00:00", "RecordID": "895688", "Level": "4", "UserID": "S-1-5-18", "EventData.InfoDescription": "%%4168"}
{"EventID": "5320", "Channel": "Microsoft-Windows-GroupPolicy/Operational", "Provider_Name": "Microsoft-Windows-GroupPolicy", "Computer": "DESKTOP-OFJ6N53", "TimeCreated": "2025-08-22 06:45:49.799459+00:00", "RecordID": "895689", "Level": "4", "UserID": "S-1-5-18", "EventData.InfoDescription": "%%4160"}
{"EventID": "5320", "Channel": "Microsoft-Windows-GroupPolicy/Operational", "Provider_Name": "Microsoft-Windows-GroupPolicy", "Computer": "DESKTOP-OFJ6N53", "TimeCreated": "2025-08-22 06:45:49.799461+00:00", "RecordID": "895690", "Level": "4", "UserID": "S-1-5-18", "EventData.InfoDescription": "%%4166"}
{"EventID": "5117", "Channel": "Microsoft-Windows-GroupPolicy/Operational", "Provider_Name": "Microsoft-Windows-GroupPolicy", "Computer": "DESKTOP-OFJ6N53", "TimeCreated": "2025-08-22 06:45:49.799818+00:00", "RecordID": "895691", "Level": "4", "UserID": "S-1-5-18", "EventData.IsMachine": "False", "EventData.SessionTimeElapsedInMilliseconds": "0"}
{"EventID": "5321", "Channel": "Microsoft-Windows-GroupPolicy/Operational", "Provider_Name": "Microsoft-Windows-GroupPolicy", "Computer": "DESKTOP-OFJ6N53", "TimeCreated": "2025-08-22 06:45:49.799957+00:00", "RecordID": "895692", "Level": "4", "UserID": "S-1-5-18", "EventData.InfoDescription": "%%4167", "EventData.OperationParameter1": "2b284a74-e15c-4e72-8984-e77257d56dd0"}
{"EventID": "5117", "Channel": "Microsoft-Windows-GroupPolicy/Operational", "Provider_Name": "Microsoft-Windows-GroupPolicy", "Computer": "DESKTOP-OFJ6N53", "TimeCreated": "2025-08-22 06:45:49.800499+00:00", "RecordID": "895693", "Level": "4", "UserID": "S-1-5-18", "EventData.IsMachine": "True", "EventData.SessionTimeElapsedInMilliseconds": "0"}
{"EventID": "4116", "Channel": "Microsoft-Windows-GroupPolicy/Operational", "Provider_Name": "Microsoft-Windows-GroupPolicy", "Computer": "DESKTOP-OFJ6N53", "TimeCreated": "2025-08-22 07:00:50.050377+00:00", "RecordID": "895694", "Level": "4", "UserID": "S-1-5-18"}
{"EventID": "4115", "Channel": "Microsoft-Windows-GroupPolicy/Operational", "Provider_Name": "Microsoft-Windows-GroupPolicy", "Computer": "DESKTOP-OFJ6N53", "TimeCreated": "2025-08-22 07:00:50.052607+00:00", "RecordID": "895695", "Level": "4", "UserID": "S-1-5-18", "EventData.IsServiceRestart": "True", "EventData.IsMachineBoot": "False"}
{"EventID": "5324", "Channel": "Microsoft-Windows-GroupPolicy/Operational", "Provider_Name": "Microsoft-Windows-GroupPolicy", "Computer": "DESKTOP-OFJ6N53", "TimeCreated": "2025-08-22 07:00:50.053106+00:00", "RecordID": "895696", "Level": "4", "UserID": "S-1-5-18", "EventData.NotificationType": "0", "EventData.SessionId": "0"}
{"EventID": "5351", "Channel": "Microsoft-Windows-GroupPolicy/Operational", "Provider_Name": "Microsoft-Windows-GroupPolicy", "Computer": "DESKTOP-OFJ6N53", "TimeCreated": "2025-08-22 07:00:50.053148+00:00", "RecordID": "895697", "Level": "4", "UserID": "S-1-5-18", "EventData.IsMachine": "False", "EventData.WinlogonReturnTimeElapsedInMilliseconds": "0"}
{"EventID": "4117", "Channel": "Microsoft-Windows-GroupPolicy/Operational", "Provider_Name": "Microsoft-Windows-GroupPolicy", "Computer": "DESKTOP-OFJ6N53", "TimeCreated": "2025-08-22 07:00:50.054054+00:00", "RecordID": "895698", "Level": "4", "UserID": "S-1-5-18", "EventData.IsMachine": "True", "EventData.IsBackgroundProcessing": "True", "EventData.IsAsyncProcessing": "False"}
{"EventID": "5351", "Channel": "Microsoft-Windows-GroupPolicy/Operational", "Provider_Name": "Microsoft-Windows-GroupPolicy", "Computer": "DESKTOP-OFJ6N53", "TimeCreated": "2025-08-22 07:00:50.055466+00:00", "RecordID": "895699", "Level": "4", "UserID": "S-1-5-18", "EventData.IsMachine": "False", "EventData.WinlogonReturnTimeElapsedInMilliseconds": "0"}
{"EventID": "4117", "Channel": "Microsoft-Windows-GroupPolicy/Operational", "Provider_Name": "Microsoft-Windows-GroupPolicy", "Computer": "DESKTOP-OFJ6N53", "TimeCreated": "2025-08-22 07:00:50.056700+00:00", "RecordID": "895700", "Level": "4", "UserID": "S-1-5-18", "EventData.IsMachine": "False", "EventData.IsBackgroundProcessing": "True", "EventData.IsAsyncProcessing": "False"}
{"EventID": "5116", "Channel": "Microsoft-Windows-GroupPolicy/Operational", "Provider_Name": "Microsoft-Windows-GroupPolicy", "Computer": "DESKTOP-OFJ6N53", "TimeCreated": "2025-08-22 07:00:50.057203+00:00", "RecordID": "895701", "Level": "4", "UserID": "S-1-5-18", "EventData.GpsvcInitTimeElapsedInMilliseconds": "16"}
{"EventID": "5320", "Channel": "Microsoft-Windows-GroupPolicy/Operational", "Provider_Name": "Microsoft-Windows-GroupPolicy", "Computer": "DESKTOP-OFJ6N53", "TimeCreated": "2025-08-22 07:00:50.057777+00:00", "RecordID": "895702", "Level": "4", "UserID": "S-1-5-18", "EventData.InfoDescription": "%%4168"}
{"EventID": "5320", "Channel": "Microsoft-Windows-GroupPolicy/Operational", "Provider_Name": "Microsoft-Windows-GroupPolicy", "Computer": "DESKTOP-OFJ6N53", "TimeCreated": "2025-08-22 07:00:50.057800+00:00", "RecordID": "895703", "Level": "4", "UserID": "S-1-5-18", "EventData.InfoDescription": "%%4160"}
{"EventID": "5320", "Channel": "Microsoft-Windows-GroupPolicy/Operational", "Provider_Name": "Microsoft-Windows-GroupPolicy", "Computer": "DESKTOP-OFJ6N53", "TimeCreated": "2025-08-22 07:00:50.057800+00:00", "RecordID": "895704", "Level": "4", "UserID": "S-1-5-18", "EventData.InfoDescription": "%%4166"}
{"EventID": "5117", "Channel": "Microsoft-Windows-GroupPolicy/Operational", "Provider_Name": "Microsoft-Windows-GroupPolicy", "Computer": "DESKTOP-OFJ6N53", "TimeCreated": "2025-08-22 07:00:50.058222+00:00", "RecordID": "895705", "Level": "4", "UserID": "S-1-5-18", "EventData.IsMachine": "False", "EventData.SessionTimeElapsedInMilliseconds": "0"}
{"EventID": "5321", "Channel": "Microsoft-Windows-GroupPolicy/Operational", "Provider_Name": "Microsoft-Windows-GroupPolicy", "Computer": "DESKTOP-OFJ6N53", "TimeCreated": "2025-08-22 07:00:50.058332+00:00", "RecordID": "895706", "Level": "4", "UserID": "S-1-5-18", "EventData.InfoDescription": "%%4167", "EventData.OperationParameter1": "f0ec3532-3149-4832-865e-e003a776b8e5"}
{"EventID": "5117", "Channel": "Microsoft-Windows-GroupPolicy/Operational", "Provider_Name": "Microsoft-Windows-GroupPolicy", "Computer": "DESKTOP-OFJ6N53", "TimeCreated": "2025-08-22 07:00:50.059206+00:00", "RecordID": "895707", "Level": "4", "UserID": "S-1-5-18", "EventData.IsMachine": "True", "EventData.SessionTimeElapsedInMilliseconds": "16"}
{"EventID": "4116", "Channel": "Microsoft-Windows-GroupPolicy/Operational", "Provider_Name": "Microsoft-Windows-GroupPolicy", "Computer": "DESKTOP-OFJ6N53", "TimeCreated": "2025-08-22 07:15:50.153137+00:00", "RecordID": "895708", "Level": "4", "UserID": "S-1-5-18"}
{"EventID": "4115", "Channel": "Microsoft-Windows-GroupPolicy/Operational", "Provider_Name": "Microsoft-Windows-GroupPolicy", "Computer": "DESKTOP-OFJ6N53", "TimeCreated": "2025-08-22 07:15:50.155424+00:00", "RecordID": "895709", "Level": "4", "UserID": "S-1-5-18", "EventData.IsServiceRestart": "True", "EventData.IsMachineBoot": "False"}
{"EventID": "5324", "Channel": "Microsoft-Windows-GroupPolicy/Operational", "Provider_Name": "Microsoft-Windows-GroupPolicy", "Computer": "DESKTOP-OFJ6N53", "TimeCreated": "2025-08-22 07:15:50.155809+00:00", "RecordID": "895710", "Level": "4", "UserID": "S-1-5-18", "EventData.NotificationType": "0", "EventData.SessionId": "0"}
{"EventID": "5351", "Channel": "Microsoft-Windows-GroupPolicy/Operational", "Provider_Name": "Microsoft-Windows-GroupPolicy", "Computer": "DESKTOP-OFJ6N53", "TimeCreated": "2025-08-22 07:15:50.155861+00:00", "RecordID": "895711", "Level": "4", "UserID": "S-1-5-18", "EventData.IsMachine": "False", "EventData.WinlogonReturnTimeElapsedInMilliseconds": "0"}
{"EventID": "4117", "Channel": "Microsoft-Windows-GroupPolicy/Operational", "Provider_Name": "Microsoft-Windows-GroupPolicy", "Computer": "DESKTOP-OFJ6N53", "TimeCreated": "2025-08-22 07:15:50.156797+00:00", "RecordID": "895712", "Level": "4", "UserID": "S-1-5-18", "EventData.IsMachine": "True", "EventData.IsBackgroundProcessing": "True", "EventData.IsAsyncProcessing": "False"}
{"EventID": "5351", "Channel": "Microsoft-Windows-GroupPolicy/Operational", "Provider_Name": "Microsoft-Windows-GroupPolicy", "Computer": "DESKTOP-OFJ6N53", "TimeCreated": "2025-08-22 07:15:50.158464+00:00", "RecordID": "895713", "Level": "4", "UserID": "S-1-5-18", "EventData.IsMachine": "False", "EventData.WinlogonReturnTimeElapsedInMilliseconds": "0"}
