{"EventID": "261", "Channel": "Microsoft-Windows-TerminalServices-RemoteConnectionManager/Operational", "Provider_Name": "Microsoft-Windows-TerminalServices-RemoteConnectionManager", "Computer": "DESKTOP-OFJ6N53", "TimeCreated": "2025-07-01 08:08:06.573774+00:00", "RecordID": "5618", "Level": "4", "UserID": "S-1-5-20"}
{"EventID": "261", "Channel": "Microsoft-Windows-TerminalServices-RemoteConnectionManager/Operational", "Provider_Name": "Microsoft-Windows-TerminalServices-RemoteConnectionManager", "Computer": "DESKTOP-OFJ6N53", "TimeCreated": "2025-07-01 08:08:06.652138+00:00", "RecordID": "5619", "Level": "4", "UserID": "S-1-5-20"}
{"EventID": "261", "Channel": "Microsoft-Windows-TerminalServices-RemoteConnectionManager/Operational", "Provider_Name": "Microsoft-Windows-TerminalServices-RemoteConnectionManager", "Computer": "DESKTOP-OFJ6N53", "TimeCreated": "2025-07-01 08:08:06.667830+00:00", "RecordID": "5620", "Level": "4", "UserID": "S-1-5-20"}
{"EventID": "261", "Channel": "Microsoft-Windows-TerminalServices-RemoteConnectionManager/Operational", "Provider_Name": "Microsoft-Windows-TerminalServices-RemoteConnectionManager", "Computer": "DESKTOP-OFJ6N53", "TimeCreated": "2025-07-01 08:08:06.682989+00:00", "RecordID": "5621", "Level": "4", "UserID": "S-1-5-20"}
{"EventID": "261", "Channel": "Microsoft-Windows-TerminalServices-RemoteConnectionManager/Operational", "Provider_Name": "Microsoft-Windows-TerminalServices-RemoteConnectionManager", "Computer": "DESKTOP-OFJ6N53", "TimeCreated": "2025-07-01 08:08:06.731089+00:00", "RecordID": "5622", "Level": "4", "UserID": "S-1-5-20"}
{"EventID": "261", "Channel": "Microsoft-Windows-TerminalServices-RemoteConnectionManager/Operational", "Provider_Name": "Microsoft-Windows-TerminalServices-RemoteConnectionManager", "Computer": "DESKTOP-OFJ6N53", "TimeCreated": "2025-07-01 08:08:06.743958+00:00", "RecordID": "5623", "Level": "4", "UserID": "S-1-5-20"}
{"EventID": "261", "Channel": "Microsoft-Windows-TerminalServices-RemoteConnectionManager/Operational", "Provider_Name": "Microsoft-Windows-TerminalServices-RemoteConnectionManager", "Computer": "DESKTOP-OFJ6N53", "TimeCreated": "2025-07-01 08:08:06.756802+00:00", "RecordID": "5624", "Level": "4", "UserID": "S-1-5-20"}
{"EventID": "261", "Channel": "Microsoft-Windows-TerminalServices-RemoteConnectionManager/Operational", "Provider_Name": "Microsoft-Windows-TerminalServices-RemoteConnectionManager", "Computer": "DESKTOP-OFJ6N53", "TimeCreated": "2025-07-01 08:08:06.782488+00:00", "RecordID": "5625", "Level": "4", "UserID": "S-1-5-20"}
{"EventID": "261", "Channel": "Microsoft-Windows-TerminalServices-RemoteConnectionManager/Operational", "Provider_Name": "Microsoft-Windows-TerminalServices-RemoteConnectionManager", "Computer": "DESKTOP-OFJ6N53", "TimeCreated": "2025-07-01 08:08:06.796938+00:00", "RecordID": "5626", "Level": "4", "UserID": "S-1-5-20"}
{"EventID": "261", "Channel": "Microsoft-Windows-TerminalServices-RemoteConnectionManager/Operational", "Provider_Name": "Microsoft-Windows-TerminalServices-RemoteConnectionManager", "Computer": "DESKTOP-OFJ6N53", "TimeCreated": "2025-07-01 08:08:06.912971+00:00", "RecordID": "5627", "Level": "4", "UserID": "S-1-5-20"}
{"EventID": "261", "Channel": "Microsoft-Windows-TerminalServices-RemoteConnectionManager/Operational", "Provider_Name": "Microsoft-Windows-TerminalServices-RemoteConnectionManager", "Computer": "DESKTOP-OFJ6N53", "TimeCreated": "2025-07-01 08:08:06.929176+00:00", "RecordID": "5628", "Level": "4", "UserID": "S-1-5-20"}
{"EventID": "261", "Channel": "Microsoft-Windows-TerminalServices-RemoteConnectionManager/Operational", "Provider_Name": "Microsoft-Windows-TerminalServices-RemoteConnectionManager", "Computer": "DESKTOP-OFJ6N53", "TimeCreated": "2025-07-01 08:08:06.943821+00:00", "RecordID": "5629", "Level": "4", "UserID": "S-1-5-20"}
{"EventID": "261", "Channel": "Microsoft-Windows-TerminalServices-RemoteConnectionManager/Operational", "Provider_Name": "Microsoft-Windows-TerminalServices-RemoteConnectionManager", "Computer": "DESKTOP-OFJ6N53", "TimeCreated": "2025-07-01 08:08:06.958422+00:00", "RecordID": "5630", "Level": "4", "UserID": "S-1-5-20"}
{"EventID": "261", "Channel": "Microsoft-Windows-TerminalServices-RemoteConnectionManager/Operational", "Provider_Name": "Microsoft-Windows-TerminalServices-RemoteConnectionManager", "Computer": "DESKTOP-OFJ6N53", "TimeCreated": "2025-07-01 08:08:06.971781+00:00", "RecordID": "5631", "Level": "4", "UserID": "S-1-5-20"}
{"EventID": "261", "Channel": "Microsoft-Windows-TerminalServices-RemoteConnectionManager/Operational", "Provider_Name": "Microsoft-Windows-TerminalServices-RemoteConnectionManager", "Computer": "DESKTOP-OFJ6N53", "TimeCreated": "2025-07-01 08:08:06.985249+00:00", "RecordID": "5632", "Level": "4", "UserID": "S-1-5-20"}
{"EventID": "261", "Channel": "Microsoft-Windows-TerminalServices-RemoteConnectionManager/Operational", "Provider_Name": "Microsoft-Windows-TerminalServices-RemoteConnectionManager", "Computer": "DESKTOP-OFJ6N53", "TimeCreated": "2025-07-01 08:08:06.998289+00:00", "RecordID": "5633", "Level": "4", "UserID": "S-1-5-20"}
{"EventID": "261", "Channel": "Microsoft-Windows-TerminalServices-RemoteConnectionManager/Operational", "Provider_Name": "Microsoft-Windows-TerminalServices-RemoteConnectionManager", "Computer": "DESKTOP-OFJ6N53", "TimeCreated": "2025-07-01 08:08:07.013029+00:00", "RecordID": "5634", "Level": "4", "UserID": "S-1-5-20"}
{"EventID": "261", "Channel": "Microsoft-Windows-TerminalServices-RemoteConnectionManager/Operational", "Provider_Name": "Microsoft-Windows-TerminalServices-RemoteConnectionManager", "Computer": "DESKTOP-OFJ6N53", "TimeCreated": "2025-07-01 08:08:07.043600+00:00", "RecordID": "5635", "Level": "4", "UserID": "S-1-5-20"}
{"EventID": "261", "Channel": "Microsoft-Windows-TerminalServices-RemoteConnectionManager/Operational", "Provider_Name": "Microsoft-Windows-TerminalServices-RemoteConnectionManager", "Computer": "DESKTOP-OFJ6N53", "TimeCreated": "2025-07-01 08:08:07.074654+00:00", "RecordID": "5636", "Level": "4", "UserID": "S-1-5-20"}
{"EventID": "261", "Channel": "Microsoft-Windows-TerminalServices-RemoteConnectionManager/Operational", "Provider_Name": "Microsoft-Windows-TerminalServices-RemoteConnectionManager", "Computer": "DESKTOP-OFJ6N53", "TimeCreated": "2025-07-01 08:08:07.201200+00:00", "RecordID": "5637", "Level": "4", "UserID": "S-1-5-20"}
{"EventID": "261", "Channel": "Microsoft-Windows-TerminalServices-RemoteConnectionManager/Operational", "Provider_Name": "Microsoft-Windows-TerminalServices-RemoteConnectionManager", "Computer": "DESKTOP-OFJ6N53", "TimeCreated": "2025-07-01 08:08:07.268448+00:00", "RecordID": "5638", "Level": "4", "UserID": "S-1-5-20"}
{"EventID": "261", "Channel": "Microsoft-Windows-TerminalServices-RemoteConnectionManager/Operational", "Provider_Name": "Microsoft-Windows-TerminalServices-RemoteConnectionManager", "Computer": "DESKTOP-OFJ6N53", "TimeCreated": "2025-07-01 08:08:07.450783+00:00", "RecordID": "5639", "Level": "4", "UserID": "S-1-5-20"}
{"EventID": "261", "Channel": "Microsoft-Windows-TerminalServices-RemoteConnectionManager/Operational", "Provider_Name": "Microsoft-Windows-TerminalServices-RemoteConnectionManager", "Computer": "DESKTOP-OFJ6N53", "TimeCreated": "2025-07-01 08:08:07.466406+00:00", "RecordID": "5640", "Level": "4", "UserID": "S-1-5-20"}
{"EventID": "261", "Channel": "Microsoft-Windows-TerminalServices-RemoteConnectionManager/Operational", "Provider_Name": "Microsoft-Windows-TerminalServices-RemoteConnectionManager", "Computer": "DESKTOP-OFJ6N53", "TimeCreated": "2025-07-01 08:08:07.480183+00:00", "RecordID": "5641", "Level": "4", "UserID": "S-1-5-20"}
{"EventID": "261", "Channel": "Microsoft-Windows-TerminalServices-RemoteConnectionManager/Operational", "Provider_Name": "Microsoft-Windows-TerminalServices-RemoteConnectionManager", "Computer": "DESKTOP-OFJ6N53", "TimeCreated": "2025-07-01 08:08:07.494728+00:00", "RecordID": "5642", "Level": "4", "UserID": "S-1-5-20"}
{"EventID": "261", "Channel": "Microsoft-Windows-TerminalServices-RemoteConnectionManager/Operational", "Provider_Name": "Microsoft-Windows-TerminalServices-RemoteConnectionManager", "Computer": "DESKTOP-OFJ6N53", "TimeCreated": "2025-07-01 08:08:07.509121+00:00", "RecordID": "5643", "Level": "4", "UserID": "S-1-5-20"}
{"EventID": "261", "Channel": "Microsoft-Windows-TerminalServices-RemoteConnectionManager/Operational", "Provider_Name": "Microsoft-Windows-TerminalServices-RemoteConnectionManager", "Computer": "DESKTOP-OFJ6N53", "TimeCreated": "2025-07-01 08:08:07.529247+00:00", "RecordID": "5644", "Level": "4", "UserID": "S-1-5-20"}
{"EventID": "261", "Channel": "Microsoft-Windows-TerminalServices-RemoteConnectionManager/Operational", "Provider_Name": "Microsoft-Windows-TerminalServices-RemoteConnectionManager", "Computer": "DESKTOP-OFJ6N53", "TimeCreated": "2025-07-01 08:08:07.611109+00:00", "RecordID": "5645", "Level": "4", "UserID": "S-1-5-20"}
{"EventID": "261", "Channel": "Microsoft-Windows-TerminalServices-RemoteConnectionManager/Operational", "Provider_Name": "Microsoft-Windows-TerminalServices-RemoteConnectionManager", "Computer": "DESKTOP-OFJ6N53", "TimeCreated": "2025-07-01 08:08:07.698204+00:00", "RecordID": "5646", "Level": "4", "UserID": "S-1-5-20"}
{"EventID": "261", "Channel": "Microsoft-Windows-TerminalServices-RemoteConnectionManager/Operational", "Provider_Name": "Microsoft-Windows-TerminalServices-RemoteConnectionManager", "Computer": "DESKTOP-OFJ6N53", "TimeCreated": "2025-07-01 08:08:07.738523+00:00", "RecordID": "5647", "Level": "4", "UserID": "S-1-5-20"}
{"EventID": "261", "Channel": "Microsoft-Windows-TerminalServices-RemoteConnectionManager/Operational", "Provider_Name": "Microsoft-Windows-TerminalServices-RemoteConnectionManager", "Computer": "DESKTOP-OFJ6N53", "TimeCreated": "2025-07-01 08:08:07.753012+00:00", "RecordID": "5648", "Level": "4", "UserID": "S-1-5-20"}
{"EventID": "261", "Channel": "Microsoft-Windows-TerminalServices-RemoteConnectionManager/Operational", "Provider_Name": "Microsoft-Windows-TerminalServices-RemoteConnectionManager", "Computer": "DESKTOP-OFJ6N53", "TimeCreated": "2025-07-01 08:08:07.768053+00:00", "RecordID": "5649", "Level": "4", "UserID": "S-1-5-20"}
{"EventID": "261", "Channel": "Microsoft-Windows-TerminalServices-RemoteConnectionManager/Operational", "Provider_Name": "Microsoft-Windows-TerminalServices-RemoteConnectionManager", "Computer": "DESKTOP-OFJ6N53", "TimeCreated": "2025-07-01 08:08:07.818245+00:00", "RecordID": "5650", "Level": "4", "UserID": "S-1-5-20"}
{"EventID": "261", "Channel": "Microsoft-Windows-TerminalServices-RemoteConnectionManager/Operational", "Provider_Name": "Microsoft-Windows-TerminalServices-RemoteConnectionManager", "Computer": "DESKTOP-OFJ6N53", "TimeCreated": "2025-07-01 08:08:07.842789+00:00", "RecordID": "5651", "Level": "4", "UserID": "S-1-5-20"}
{"EventID": "261", "Channel": "Microsoft-Windows-TerminalServices-RemoteConnectionManager/Operational", "Provider_Name": "Microsoft-Windows-TerminalServices-RemoteConnectionManager", "Computer": "DESKTOP-OFJ6N53", "TimeCreated": "2025-07-01 08:08:07.855576+00:00", "RecordID": "5652", "Level": "4", "UserID": "S-1-5-20"}
{"EventID": "261", "Channel": "Microsoft-Windows-TerminalServices-RemoteConnectionManager/Operational", "Provider_Name": "Microsoft-Windows-TerminalServices-RemoteConnectionManager", "Computer": "DESKTOP-OFJ6N53", "TimeCreated": "2025-07-01 08:08:08.101110+00:00", "RecordID": "5653", "Level": "4", "UserID": "S-1-5-20"}
{"EventID": "261", "Channel": "Microsoft-Windows-TerminalServices-RemoteConnectionManager/Operational", "Provider_Name": "Microsoft-Windows-TerminalServices-RemoteConnectionManager", "Computer": "DESKTOP-OFJ6N53", "TimeCreated": "2025-07-01 08:08:08.132101+00:00", "RecordID": "5654", "Level": "4", "UserID": "S-1-5-20"}
{"EventID": "261", "Channel": "Microsoft-Windows-TerminalServices-RemoteConnectionManager/Operational", "Provider_Name": "Microsoft-Windows-TerminalServices-RemoteConnectionManager", "Computer": "DESKTOP-OFJ6N53", "TimeCreated": "2025-07-01 08:08:08.146439+00:00", "RecordID": "5655", "Level": "4", "UserID": "S-1-5-20"}
{"EventID": "261", "Channel": "Microsoft-Windows-TerminalServices-RemoteConnectionManager/Operational", "Provider_Name": "Microsoft-Windows-TerminalServices-RemoteConnectionManager", "Computer": "DESKTOP-OFJ6N53", "TimeCreated": "2025-07-01 08:08:08.161692+00:00", "RecordID": "5656", "Level": "4", "UserID": "S-1-5-20"}
{"EventID": "261", "Channel": "Microsoft-Windows-TerminalServices-RemoteConnectionManager/Operational", "Provider_Name": "Microsoft-Windows-TerminalServices-RemoteConnectionManager", "Computer": "DESKTOP-OFJ6N53", "TimeCreated": "2025-07-01 08:08:08.217920+00:00", "RecordID": "5657", "Level": "4", "UserID": "S-1-5-20"}
{"EventID": "261", "Channel": "Microsoft-Windows-TerminalServices-RemoteConnectionManager/Operational", "Provider_Name": "Microsoft-Windows-TerminalServices-RemoteConnectionManager", "Computer": "DESKTOP-OFJ6N53", "TimeCreated": "2025-07-01 08:08:08.232168+00:00", "RecordID": "5658", "Level": "4", "UserID": "S-1-5-20"}
{"EventID": "261", "Channel": "Microsoft-Windows-TerminalServices-RemoteConnectionManager/Operational", "Provider_Name": "Microsoft-Windows-TerminalServices-RemoteConnectionManager", "Computer": "DESKTOP-OFJ6N53", "TimeCreated": "2025-07-01 08:08:08.245354+00:00", "RecordID": "5659", "Level": "4", "UserID": "S-1-5-20"}
{"EventID": "261", "Channel": "Microsoft-Windows-TerminalServices-RemoteConnectionManager/Operational", "Provider_Name": "Microsoft-Windows-TerminalServices-RemoteConnectionManager", "Computer": "DESKTOP-OFJ6N53", "TimeCreated": "2025-07-01 08:08:08.259451+00:00", "RecordID": "5660", "Level": "4", "UserID": "S-1-5-20"}
{"EventID": "261", "Channel": "Microsoft-Windows-TerminalServices-RemoteConnectionManager/Operational", "Provider_Name": "Microsoft-Windows-TerminalServices-RemoteConnectionManager", "Computer": "DESKTOP-OFJ6N53", "TimeCreated": "2025-07-01 08:08:08.273136+00:00", "RecordID": "5661", "Level": "4", "UserID": "S-1-5-20"}
{"EventID": "261", "Channel": "Microsoft-Windows-TerminalServices-RemoteConnectionManager/Operational", "Provider_Name": "Microsoft-Windows-TerminalServices-RemoteConnectionManager", "Computer": "DESKTOP-OFJ6N53", "TimeCreated": "2025-07-01 08:08:08.355209+00:00", "RecordID": "5662", "Level": "4", "UserID": "S-1-5-20"}
{"EventID": "261", "Channel": "Microsoft-Windows-TerminalServices-RemoteConnectionManager/Operational", "Provider_Name": "Microsoft-Windows-TerminalServices-RemoteConnectionManager", "Computer": "DESKTOP-OFJ6N53", "TimeCreated": "2025-07-01 08:08:08.371389+00:00", "RecordID": "5663", "Level": "4", "UserID": "S-1-5-20"}
{"EventID": "261", "Channel": "Microsoft-Windows-TerminalServices-RemoteConnectionManager/Operational", "Provider_Name": "Microsoft-Windows-TerminalServices-RemoteConnectionManager", "Computer": "DESKTOP-OFJ6N53", "TimeCreated": "2025-07-01 08:08:08.385611+00:00", "RecordID": "5664", "Level": "4", "UserID": "S-1-5-20"}
{"EventID": "261", "Channel": "Microsoft-Windows-TerminalServices-RemoteConnectionManager/Operational", "Provider_Name": "Microsoft-Windows-TerminalServices-RemoteConnectionManager", "Computer": "DESKTOP-OFJ6N53", "TimeCreated": "2025-07-01 08:08:08.403986+00:00", "RecordID": "5665", "Level": "4", "UserID": "S-1-5-20"}
{"EventID": "261", "Channel": "Microsoft-Windows-TerminalServices-RemoteConnectionManager/Operational", "Provider_Name": "Microsoft-Windows-TerminalServices-RemoteConnectionManager", "Computer": "DESKTOP-OFJ6N53", "TimeCreated": "2025-07-01 08:08:08.417646+00:00", "RecordID": "5666", "Level": "4", "UserID": "S-1-5-20"}
{"EventID": "261", "Channel": "Microsoft-Windows-TerminalServices-RemoteConnectionManager/Operational", "Provider_Name": "Microsoft-Windows-TerminalServices-RemoteConnectionManager", "Computer": "DESKTOP-OFJ6N53", "TimeCreated": "2025-07-01 08:08:08.430691+00:00", "RecordID": "5667", "Level": "4", "UserID": "S-1-5-20"}
{"EventID": "261", "Channel": "Microsoft-Windows-TerminalServices-RemoteConnectionManager/Operational", "Provider_Name": "Microsoft-Windows-TerminalServices-RemoteConnectionManager", "Computer": "DESKTOP-OFJ6N53", "TimeCreated": "2025-07-01 08:08:08.444372+00:00", "RecordID": "5668", "Level": "4", "UserID": "S-1-5-20"}
{"EventID": "261", "Channel": "Microsoft-Windows-TerminalServices-RemoteConnectionManager/Operational", "Provider_Name": "Microsoft-Windows-TerminalServices-RemoteConnectionManager", "Computer": "DESKTOP-OFJ6N53", "TimeCreated": "2025-07-01 08:08:08.457644+00:00", "RecordID": "5669", "Level": "4", "UserID": "S-1-5-20"}
{"EventID": "261", "Channel": "Microsoft-Windows-TerminalServices-RemoteConnectionManager/Operational", "Provider_Name": "Microsoft-Windows-TerminalServices-RemoteConnectionManager", "Computer": "DESKTOP-OFJ6N53", "TimeCreated": "2025-07-01 08:08:08.496130+00:00", "RecordID": "5670", "Level": "4", "UserID": "S-1-5-20"}
{"EventID": "261", "Channel": "Microsoft-Windows-TerminalServices-RemoteConnectionManager/Operational", "Provider_Name": "Microsoft-Windows-TerminalServices-RemoteConnectionManager", "Computer": "DESKTOP-OFJ6N53", "TimeCreated": "2025-07-01 08:08:08.542583+00:00", "RecordID": "5671", "Level": "4", "UserID": "S-1-5-20"}
{"EventID": "261", "Channel": "Microsoft-Windows-TerminalServices-RemoteConnectionManager/Operational", "Provider_Name": "Microsoft-Windows-TerminalServices-RemoteConnectionManager", "Computer": "DESKTOP-OFJ6N53", "TimeCreated": "2025-07-01 08:08:08.626556+00:00", "RecordID": "5672", "Level": "4", "UserID": "S-1-5-20"}
{"EventID": "261", "Channel": "Microsoft-Windows-TerminalServices-RemoteConnectionManager/Operational", "Provider_Name": "Microsoft-Windows-TerminalServices-RemoteConnectionManager", "Computer": "DESKTOP-OFJ6N53", "TimeCreated": "2025-07-01 08:08:08.639023+00:00", "RecordID": "5673", "Level": "4", "UserID": "S-1-5-20"}
{"EventID": "261", "Channel": "Microsoft-Windows-TerminalServices-RemoteConnectionManager/Operational", "Provider_Name": "Microsoft-Windows-TerminalServices-RemoteConnectionManager", "Computer": "DESKTOP-OFJ6N53", "TimeCreated": "2025-07-01 08:08:08.651140+00:00", "RecordID": "5674", "Level": "4", "UserID": "S-1-5-20"}
{"EventID": "261", "Channel": "Microsoft-Windows-TerminalServices-RemoteConnectionManager/Operational", "Provider_Name": "Microsoft-Windows-TerminalServices-RemoteConnectionManager", "Computer": "DESKTOP-OFJ6N53", "TimeCreated": "2025-07-01 08:08:08.662563+00:00", "RecordID": "5675", "Level": "4", "UserID": "S-1-5-20"}
{"EventID": "261", "Channel": "Microsoft-Windows-TerminalServices-RemoteConnectionManager/Operational", "Provider_Name": "Microsoft-Windows-TerminalServices-RemoteConnectionManager", "Computer": "DESKTOP-OFJ6N53", "TimeCreated": "2025-07-01 08:08:08.675028+00:00", "RecordID": "5676", "Level": "4", "UserID": "S-1-5-20"}
{"EventID": "261", "Channel": "Microsoft-Windows-TerminalServices-RemoteConnectionManager/Operational", "Provider_Name": "Microsoft-Windows-TerminalServices-RemoteConnectionManager", "Computer": "DESKTOP-OFJ6N53", "TimeCreated": "2025-07-01 08:08:08.744728+00:00", "RecordID": "5677", "Level": "4", "UserID": "S-1-5-20"}
{"EventID": "261", "Channel": "Microsoft-Windows-TerminalServices-RemoteConnectionManager/Operational", "Provider_Name": "Microsoft-Windows-TerminalServices-RemoteConnectionManager", "Computer": "DESKTOP-OFJ6N53", "TimeCreated": "2025-07-01 08:08:08.782930+00:00", "RecordID": "5678", "Level": "4", "UserID": "S-1-5-20"}
{"EventID": "261", "Channel": "Microsoft-Windows-TerminalServices-RemoteConnectionManager/Operational", "Provider_Name": "Microsoft-Windows-TerminalServices-RemoteConnectionManager", "Computer": "DESKTOP-OFJ6N53", "TimeCreated": "2025-07-01 08:08:08.800350+00:00", "RecordID": "5679", "Level": "4", "UserID": "S-1-5-20"}
{"EventID": "261", "Channel": "Microsoft-Windows-TerminalServices-RemoteConnectionManager/Operational", "Provider_Name": "Microsoft-Windows-TerminalServices-RemoteConnectionManager", "Computer": "DESKTOP-OFJ6N53", "TimeCreated": "2025-07-01 08:08:08.825808+00:00", "RecordID": "5680", "Level": "4", "UserID": "S-1-5-20"}
{"EventID": "261", "Channel": "Microsoft-Windows-TerminalServices-RemoteConnectionManager/Operational", "Provider_Name": "Microsoft-Windows-TerminalServices-RemoteConnectionManager", "Computer": "DESKTOP-OFJ6N53", "TimeCreated": "2025-07-01 08:08:08.840263+00:00", "RecordID": "5681", "Level": "4", "UserID": "S-1-5-20"}
{"EventID": "261", "Channel": "Microsoft-Windows-TerminalServices-RemoteConnectionManager/Operational", "Provider_Name": "Microsoft-Windows-TerminalServices-RemoteConnectionManager", "Computer": "DESKTOP-OFJ6N53", "TimeCreated": "2025-07-01 08:08:08.853857+00:00", "RecordID": "5682", "Level": "4", "UserID": "S-1-5-20"}
{"EventID": "261", "Channel": "Microsoft-Windows-TerminalServices-RemoteConnectionManager/Operational", "Provider_Name": "Microsoft-Windows-TerminalServices-RemoteConnectionManager", "Computer": "DESKTOP-OFJ6N53", "TimeCreated": "2025-07-01 08:08:08.923023+00:00", "RecordID": "5683", "Level": "4", "UserID": "S-1-5-20"}
{"EventID": "261", "Channel": "Microsoft-Windows-TerminalServices-RemoteConnectionManager/Operational", "Provider_Name": "Microsoft-Windows-TerminalServices-RemoteConnectionManager", "Computer": "DESKTOP-OFJ6N53", "TimeCreated": "2025-07-01 08:08:08.937939+00:00", "RecordID": "5684", "Level": "4", "UserID": "S-1-5-20"}
{"EventID": "261", "Channel": "Microsoft-Windows-TerminalServices-RemoteConnectionManager/Operational", "Provider_Name": "Microsoft-Windows-TerminalServices-RemoteConnectionManager", "Computer": "DESKTOP-OFJ6N53", "TimeCreated": "2025-07-01 08:08:08.956423+00:00", "RecordID": "5685", "Level": "4", "UserID": "S-1-5-20"}
{"EventID": "261", "Channel": "Microsoft-Windows-TerminalServices-RemoteConnectionManager/Operational", "Provider_Name": "Microsoft-Windows-TerminalServices-RemoteConnectionManager", "Computer": "DESKTOP-OFJ6N53", "TimeCreated": "2025-07-01 08:08:08.971384+00:00", "RecordID": "5686", "Level": "4", "UserID": "S-1-5-20"}
{"EventID": "261", "Channel": "Microsoft-Windows-TerminalServices-RemoteConnectionManager/Operational", "Provider_Name": "Microsoft-Windows-TerminalServices-RemoteConnectionManager", "Computer": "DESKTOP-OFJ6N53", "TimeCreated": "2025-07-01 08:08:08.984137+00:00", "RecordID": "5687", "Level": "4", "UserID": "S-1-5-20"}
{"EventID": "261", "Channel": "Microsoft-Windows-TerminalServices-RemoteConnectionManager/Operational", "Provider_Name": "Microsoft-Windows-TerminalServices-RemoteConnectionManager", "Computer": "DESKTOP-OFJ6N53", "TimeCreated": "2025-07-01 08:08:08.996857+00:00", "RecordID": "5688", "Level": "4", "UserID": "S-1-5-20"}
{"EventID": "261", "Channel": "Microsoft-Windows-TerminalServices-RemoteConnectionManager/Operational", "Provider_Name": "Microsoft-Windows-TerminalServices-RemoteConnectionManager", "Computer": "DESKTOP-OFJ6N53", "TimeCreated": "2025-07-01 08:08:09.009211+00:00", "RecordID": "5689", "Level": "4", "UserID": "S-1-5-20"}
{"EventID": "261", "Channel": "Microsoft-Windows-TerminalServices-RemoteConnectionManager/Operational", "Provider_Name": "Microsoft-Windows-TerminalServices-RemoteConnectionManager", "Computer": "DESKTOP-OFJ6N53", "TimeCreated": "2025-07-01 08:08:09.022013+00:00", "RecordID": "5690", "Level": "4", "UserID": "S-1-5-20"}
{"EventID": "261", "Channel": "Microsoft-Windows-TerminalServices-RemoteConnectionManager/Operational", "Provider_Name": "Microsoft-Windows-TerminalServices-RemoteConnectionManager", "Computer": "DESKTOP-OFJ6N53", "TimeCreated": "2025-07-01 08:08:09.034086+00:00", "RecordID": "5691", "Level": "4", "UserID": "S-1-5-20"}
{"EventID": "261", "Channel": "Microsoft-Windows-TerminalServices-RemoteConnectionManager/Operational", "Provider_Name": "Microsoft-Windows-TerminalServices-RemoteConnectionManager", "Computer": "DESKTOP-OFJ6N53", "TimeCreated": "2025-07-01 08:08:09.047112+00:00", "RecordID": "5692", "Level": "4", "UserID": "S-1-5-20"}
{"EventID": "261", "Channel": "Microsoft-Windows-TerminalServices-RemoteConnectionManager/Operational", "Provider_Name": "Microsoft-Windows-TerminalServices-RemoteConnectionManager", "Computer": "DESKTOP-OFJ6N53", "TimeCreated": "2025-07-01 08:08:09.062868+00:00", "RecordID": "5693", "Level": "4", "UserID": "S-1-5-20"}
{"EventID": "261", "Channel": "Microsoft-Windows-TerminalServices-RemoteConnectionManager/Operational", "Provider_Name": "Microsoft-Windows-TerminalServices-RemoteConnectionManager", "Computer": "DESKTOP-OFJ6N53", "TimeCreated": "2025-07-01 08:08:09.076097+00:00", "RecordID": "5694", "Level": "4", "UserID": "S-1-5-20"}
{"EventID": "261", "Channel": "Microsoft-Windows-TerminalServices-RemoteConnectionManager/Operational", "Provider_Name": "Microsoft-Windows-TerminalServices-RemoteConnectionManager", "Computer": "DESKTOP-OFJ6N53", "TimeCreated": "2025-07-01 08:08:09.089701+00:00", "RecordID": "5695", "Level": "4", "UserID": "S-1-5-20"}
{"EventID": "261", "Channel": "Microsoft-Windows-TerminalServices-RemoteConnectionManager/Operational", "Provider_Name": "Microsoft-Windows-TerminalServices-RemoteConnectionManager", "Computer": "DESKTOP-OFJ6N53", "TimeCreated": "2025-07-01 08:08:09.101479+00:00", "RecordID": "5696", "Level": "4", "UserID": "S-1-5-20"}
{"EventID": "261", "Channel": "Microsoft-Windows-TerminalServices-RemoteConnectionManager/Operational", "Provider_Name": "Microsoft-Windows-TerminalServices-RemoteConnectionManager", "Computer": "DESKTOP-OFJ6N53", "TimeCreated": "2025-07-01 08:08:09.171183+00:00", "RecordID": "5697", "Level": "4", "UserID": "S-1-5-20"}
{"EventID": "261", "Channel": "Microsoft-Windows-TerminalServices-RemoteConnectionManager/Operational", "Provider_Name": "Microsoft-Windows-TerminalServices-RemoteConnectionManager", "Computer": "DESKTOP-OFJ6N53", "TimeCreated": "2025-07-01 08:08:09.267902+00:00", "RecordID": "5698", "Level": "4", "UserID": "S-1-5-20"}
{"EventID": "261", "Channel": "Microsoft-Windows-TerminalServices-RemoteConnectionManager/Operational", "Provider_Name": "Microsoft-Windows-TerminalServices-RemoteConnectionManager", "Computer": "DESKTOP-OFJ6N53", "TimeCreated": "2025-07-01 08:08:09.282997+00:00", "RecordID": "5699", "Level": "4", "UserID": "S-1-5-20"}
{"EventID": "261", "Channel": "Microsoft-Windows-TerminalServices-RemoteConnectionManager/Operational", "Provider_Name": "Microsoft-Windows-TerminalServices-RemoteConnectionManager", "Computer": "DESKTOP-OFJ6N53", "TimeCreated": "2025-07-01 08:08:09.303034+00:00", "RecordID": "5700", "Level": "4", "UserID": "S-1-5-20"}
{"EventID": "261", "Channel": "Microsoft-Windows-TerminalServices-RemoteConnectionManager/Operational", "Provider_Name": "Microsoft-Windows-TerminalServices-RemoteConnectionManager", "Computer": "DESKTOP-OFJ6N53", "TimeCreated": "2025-07-01 08:08:09.316988+00:00", "RecordID": "5701", "Level": "4", "UserID": "S-1-5-20"}
{"EventID": "261", "Channel": "Microsoft-Windows-TerminalServices-RemoteConnectionManager/Operational", "Provider_Name": "Microsoft-Windows-TerminalServices-RemoteConnectionManager", "Computer": "DESKTOP-OFJ6N53", "TimeCreated": "2025-07-01 08:08:09.331238+00:00", "RecordID": "5702", "Level": "4", "UserID": "S-1-5-20"}
{"EventID": "261", "Channel": "Microsoft-Windows-TerminalServices-RemoteConnectionManager/Operational", "Provider_Name": "Microsoft-Windows-TerminalServices-RemoteConnectionManager", "Computer": "DESKTOP-OFJ6N53", "TimeCreated": "2025-07-01 08:08:09.377604+00:00", "RecordID": "5703", "Level": "4", "UserID": "S-1-5-20"}
{"EventID": "261", "Channel": "Microsoft-Windows-TerminalServices-RemoteConnectionManager/Operational", "Provider_Name": "Microsoft-Windows-TerminalServices-RemoteConnectionManager", "Computer": "DESKTOP-OFJ6N53", "TimeCreated": "2025-07-01 08:08:09.398567+00:00", "RecordID": "5704", "Level": "4", "UserID": "S-1-5-20"}
{"EventID": "261", "Channel": "Microsoft-Windows-TerminalServices-RemoteConnectionManager/Operational", "Provider_Name": "Microsoft-Windows-TerminalServices-RemoteConnectionManager", "Computer": "DESKTOP-OFJ6N53", "TimeCreated": "2025-07-01 08:08:09.463207+00:00", "RecordID": "5705", "Level": "4", "UserID": "S-1-5-20"}
{"EventID": "261", "Channel": "Microsoft-Windows-TerminalServices-RemoteConnectionManager/Operational", "Provider_Name": "Microsoft-Windows-TerminalServices-RemoteConnectionManager", "Computer": "DESKTOP-OFJ6N53", "TimeCreated": "2025-07-01 08:08:09.477909+00:00", "RecordID": "5706", "Level": "4", "UserID": "S-1-5-20"}
{"EventID": "261", "Channel": "Microsoft-Windows-TerminalServices-RemoteConnectionManager/Operational", "Provider_Name": "Microsoft-Windows-TerminalServices-RemoteConnectionManager", "Computer": "DESKTOP-OFJ6N53", "TimeCreated": "2025-07-01 08:08:09.492016+00:00", "RecordID": "5707", "Level": "4", "UserID": "S-1-5-20"}
{"EventID": "261", "Channel": "Microsoft-Windows-TerminalServices-RemoteConnectionManager/Operational", "Provider_Name": "Microsoft-Windows-TerminalServices-RemoteConnectionManager", "Computer": "DESKTOP-OFJ6N53", "TimeCreated": "2025-07-01 08:08:09.505373+00:00", "RecordID": "5708", "Level": "4", "UserID": "S-1-5-20"}
{"EventID": "261", "Channel": "Microsoft-Windows-TerminalServices-RemoteConnectionManager/Operational", "Provider_Name": "Microsoft-Windows-TerminalServices-RemoteConnectionManager", "Computer": "DESKTOP-OFJ6N53", "TimeCreated": "2025-07-01 08:08:09.519142+00:00", "RecordID": "5709", "Level": "4", "UserID": "S-1-5-20"}
{"EventID": "261", "Channel": "Microsoft-Windows-TerminalServices-RemoteConnectionManager/Operational", "Provider_Name": "Microsoft-Windows-TerminalServices-RemoteConnectionManager", "Computer": "DESKTOP-OFJ6N53", "TimeCreated": "2025-07-01 08:08:09.540314+00:00", "RecordID": "5710", "Level": "4", "UserID": "S-1-5-20"}
{"EventID": "261", "Channel": "Microsoft-Windows-TerminalServices-RemoteConnectionManager/Operational", "Provider_Name": "Microsoft-Windows-TerminalServices-RemoteConnectionManager", "Computer": "DESKTOP-OFJ6N53", "TimeCreated": "2025-07-01 08:08:09.627014+00:00", "RecordID": "5711", "Level": "4", "UserID": "S-1-5-20"}
{"EventID": "261", "Channel": "Microsoft-Windows-TerminalServices-RemoteConnectionManager/Operational", "Provider_Name": "Microsoft-Windows-TerminalServices-RemoteConnectionManager", "Computer": "DESKTOP-OFJ6N53", "TimeCreated": "2025-07-01 08:08:09.640896+00:00", "RecordID": "5712", "Level": "4", "UserID": "S-1-5-20"}
{"EventID": "261", "Channel": "Microsoft-Windows-TerminalServices-RemoteConnectionManager/Operational", "Provider_Name": "Microsoft-Windows-TerminalServices-RemoteConnectionManager", "Computer": "DESKTOP-OFJ6N53", "TimeCreated": "2025-07-01 08:08:09.668423+00:00", "RecordID": "5713", "Level": "4", "UserID": "S-1-5-20"}
{"EventID": "261", "Channel": "Microsoft-Windows-TerminalServices-RemoteConnectionManager/Operational", "Provider_Name": "Microsoft-Windows-TerminalServices-RemoteConnectionManager", "Computer": "DESKTOP-OFJ6N53", "TimeCreated": "2025-07-01 08:08:33.708506+00:00", "RecordID": "5714", "Level": "4", "UserID": "S-1-5-20"}
{"EventID": "261", "Channel": "Microsoft-Windows-TerminalServices-RemoteConnectionManager/Operational", "Provider_Name": "Microsoft-Windows-TerminalServices-RemoteConnectionManager", "Computer": "DESKTOP-OFJ6N53", "TimeCreated": "2025-07-01 08:08:41.748487+00:00", "RecordID": "5715", "Level": "4", "UserID": "S-1-5-20"}
{"EventID": "261", "Channel": "Microsoft-Windows-TerminalServices-RemoteConnectionManager/Operational", "Provider_Name": "Microsoft-Windows-TerminalServices-RemoteConnectionManager", "Computer": "DESKTOP-OFJ6N53", "TimeCreated": "2025-07-07 12:36:00.233873+00:00", "RecordID": "5716", "Level": "4", "UserID": "S-1-5-20"}
{"EventID": "261", "Channel": "Microsoft-Windows-TerminalServices-RemoteConnectionManager/Operational", "Provider_Name": "Microsoft-Windows-TerminalServices-RemoteConnectionManager", "Computer": "DESKTOP-OFJ6N53", "TimeCreated": "2025-07-07 12:36:11.253227+00:00", "RecordID": "5717", "Level": "4", "UserID": "S-1-5-20"}
{"EventID": "261", "Channel": "Microsoft-Windows-TerminalServices-RemoteConnectionManager/Operational", "Provider_Name": "Microsoft-Windows-TerminalServices-RemoteConnectionManager", "Computer": "DESKTOP-OFJ6N53", "TimeCreated": "2025-07-07 12:36:12.180334+00:00", "RecordID": "5718", "Level": "4", "UserID": "S-1-5-20"}
{"EventID": "1149", "Channel": "Microsoft-Windows-TerminalServices-RemoteConnectionManager/Operational", "Provider_Name": "Microsoft-Windows-TerminalServices-RemoteConnectionManager", "Computer": "DESKTOP-OFJ6N53", "TimeCreated": "2025-07-07 12:36:12.650333+00:00", "RecordID": "5719", "Level": "4", "UserID": "S-1-5-20"}
{"EventID": "263", "Channel": "Microsoft-Windows-TerminalServices-RemoteConnectionManager/Operational", "Provider_Name": "Microsoft-Windows-TerminalServices-RemoteConnectionManager", "Computer": "DESKTOP-OFJ6N53", "TimeCreated": "2025-07-07 12:49:25.886789+00:00", "RecordID": "5720", "Level": "4", "UserID": "S-1-5-20"}
{"EventID": "20523", "Channel": "Microsoft-Windows-TerminalServices-RemoteConnectionManager/Operational", "Provider_Name": "Microsoft-Windows-TerminalServices-RemoteConnectionManager", "Computer": "DESKTOP-OFJ6N53", "TimeCreated": "2025-07-07 12:49:25.933788+00:00", "RecordID": "5721", "Level": "4", "UserID": "S-1-5-20"}
{"EventID": "258", "Channel": "Microsoft-Windows-TerminalServices-RemoteConnectionManager/Operational", "Provider_Name": "Microsoft-Windows-TerminalServices-RemoteConnectionManager", "Computer": "DESKTOP-OFJ6N53", "TimeCreated": "2025-07-07 12:49:26.136740+00:00", "RecordID": "5722", "Level": "4", "UserID": "S-1-5-20"}
{"EventID": "263", "Channel": "Microsoft-Windows-TerminalServices-RemoteConnectionManager/Operational", "Provider_Name": "Microsoft-Windows-TerminalServices-RemoteConnectionManager", "Computer": "DESKTOP-OFJ6N53", "TimeCreated": "2025-07-07 12:49:26.630362+00:00", "RecordID": "5723", "Level": "4", "UserID": "S-1-5-20"}
{"EventID": "1136", "Channel": "Microsoft-Windows-TerminalServices-RemoteConnectionManager/Operational", "Provider_Name": "Microsoft-Windows-TerminalServices-RemoteConnectionManager", "Computer": "DESKTOP-OFJ6N53", "TimeCreated": "2025-07-07 12:49:26.637472+00:00", "RecordID": "5724", "Level": "4", "UserID": "S-1-5-18"}
{"EventID": "263", "Channel": "Microsoft-Windows-TerminalServices-RemoteConnectionManager/Operational", "Provider_Name": "Microsoft-Windows-TerminalServices-RemoteConnectionManager", "Computer": "DESKTOP-OFJ6N53", "TimeCreated": "2025-07-07 12:49:26.649853+00:00", "RecordID": "5725", "Level": "4", "UserID": "S-1-5-20"}
{"EventID": "263", "Channel": "Microsoft-Windows-TerminalServices-RemoteConnectionManager/Operational", "Provider_Name": "Microsoft-Windows-TerminalServices-RemoteConnectionManager", "Computer": "DESKTOP-OFJ6N53", "TimeCreated": "2025-07-07 12:49:26.677046+00:00", "RecordID": "5726", "Level": "4", "UserID": "S-1-5-20"}
{"EventID": "263", "Channel": "Microsoft-Windows-TerminalServices-RemoteConnectionManager/Operational", "Provider_Name": "Microsoft-Windows-TerminalServices-RemoteConnectionManager", "Computer": "DESKTOP-OFJ6N53", "TimeCreated": "2025-07-07 12:49:26.695255+00:00", "RecordID": "5727", "Level": "4", "UserID": "S-1-5-20"}
{"EventID": "263", "Channel": "Microsoft-Windows-TerminalServices-RemoteConnectionManager/Operational", "Provider_Name": "Microsoft-Windows-TerminalServices-RemoteConnectionManager", "Computer": "DESKTOP-OFJ6N53", "TimeCreated": "2025-07-07 12:49:26.708632+00:00", "RecordID": "5728", "Level": "4", "UserID": "S-1-5-20"}
{"EventID": "261", "Channel": "Microsoft-Windows-TerminalServices-RemoteConnectionManager/Operational", "Provider_Name": "Microsoft-Windows-TerminalServices-RemoteConnectionManager", "Computer": "DESKTOP-OFJ6N53", "TimeCreated": "2025-07-07 13:11:51.261211+00:00", "RecordID": "5729", "Level": "4", "UserID": "S-1-5-20"}
{"EventID": "261", "Channel": "Microsoft-Windows-TerminalServices-RemoteConnectionManager/Operational", "Provider_Name": "Microsoft-Windows-TerminalServices-RemoteConnectionManager", "Computer": "DESKTOP-OFJ6N53", "TimeCreated": "2025-07-07 13:11:56.516296+00:00", "RecordID": "5730", "Level": "4", "UserID": "S-1-5-20"}
{"EventID": "1149", "Channel": "Microsoft-Windows-TerminalServices-RemoteConnectionManager/Operational", "Provider_Name": "Microsoft-Windows-TerminalServices-RemoteConnectionManager", "Computer": "DESKTOP-OFJ6N53", "TimeCreated": "2025-07-07 13:11:56.738636+00:00", "RecordID": "5731", "Level": "4", "UserID": "S-1-5-20"}
{"EventID": "263", "Channel": "Microsoft-Windows-TerminalServices-RemoteConnectionManager/Operational", "Provider_Name": "Microsoft-Windows-TerminalServices-RemoteConnectionManager", "Computer": "DESKTOP-OFJ6N53", "TimeCreated": "2025-07-07 13:12:01.553619+00:00", "RecordID": "5732", "Level": "4", "UserID": "S-1-5-20"}
{"EventID": "261", "Channel": "Microsoft-Windows-TerminalServices-RemoteConnectionManager/Operational", "Provider_Name": "Microsoft-Windows-TerminalServices-RemoteConnectionManager", "Computer": "DESKTOP-OFJ6N53", "TimeCreated": "2025-07-07 14:19:33.290260+00:00", "RecordID": "5733", "Level": "4", "UserID": "S-1-5-20"}
{"EventID": "1149", "Channel": "Microsoft-Windows-TerminalServices-RemoteConnectionManager/Operational", "Provider_Name": "Microsoft-Windows-TerminalServices-RemoteConnectionManager", "Computer": "DESKTOP-OFJ6N53", "TimeCreated": "2025-07-07 14:19:33.451468+00:00", "RecordID": "5734", "Level": "4", "UserID": "S-1-5-20"}
{"EventID": "261", "Channel": "Microsoft-Windows-TerminalServices-RemoteConnectionManager/Operational", "Provider_Name": "Microsoft-Windows-TerminalServices-RemoteConnectionManager", "Computer": "DESKTOP-OFJ6N53", "TimeCreated": "2025-07-07 18:56:14.148397+00:00", "RecordID": "5735", "Level": "4", "UserID": "S-1-5-20"}
{"EventID": "1149", "Channel": "Microsoft-Windows-TerminalServices-RemoteConnectionManager/Operational", "Provider_Name": "Microsoft-Windows-TerminalServices-RemoteConnectionManager", "Computer": "DESKTOP-OFJ6N53", "TimeCreated": "2025-07-07 18:56:14.402031+00:00", "RecordID": "5736", "Level": "4", "UserID": "S-1-5-20"}
{"EventID": "261", "Channel": "Microsoft-Windows-TerminalServices-RemoteConnectionManager/Operational", "Provider_Name": "Microsoft-Windows-TerminalServices-RemoteConnectionManager", "Computer": "DESKTOP-OFJ6N53", "TimeCreated": "2025-07-07 19:32:31.050127+00:00", "RecordID": "5737", "Level": "4", "UserID": "S-1-5-20"}
{"EventID": "1149", "Channel": "Microsoft-Windows-TerminalServices-RemoteConnectionManager/Operational", "Provider_Name": "Microsoft-Windows-TerminalServices-RemoteConnectionManager", "Computer": "DESKTOP-OFJ6N53", "TimeCreated": "2025-07-07 19:32:32.098825+00:00", "RecordID": "5738", "Level": "4", "UserID": "S-1-5-20"}
{"EventID": "261", "Channel": "Microsoft-Windows-TerminalServices-RemoteConnectionManager/Operational", "Provider_Name": "Microsoft-Windows-TerminalServices-RemoteConnectionManager", "Computer": "DESKTOP-OFJ6N53", "TimeCreated": "2025-07-07 20:36:26.788610+00:00", "RecordID": "5739", "Level": "4", "UserID": "S-1-5-20"}
{"EventID": "1149", "Channel": "Microsoft-Windows-TerminalServices-RemoteConnectionManager/Operational", "Provider_Name": "Microsoft-Windows-TerminalServices-RemoteConnectionManager", "Computer": "DESKTOP-OFJ6N53", "TimeCreated": "2025-07-07 20:36:26.992683+00:00", "RecordID": "5740", "Level": "4", "UserID": "S-1-5-20"}
{"EventID": "261", "Channel": "Microsoft-Windows-TerminalServices-RemoteConnectionManager/Operational", "Provider_Name": "Microsoft-Windows-TerminalServices-RemoteConnectionManager", "Computer": "DESKTOP-OFJ6N53", "TimeCreated": "2025-07-07 21:05:00.565981+00:00", "RecordID": "5741", "Level": "4", "UserID": "S-1-5-20"}
{"EventID": "1149", "Channel": "Microsoft-Windows-TerminalServices-RemoteConnectionManager/Operational", "Provider_Name": "Microsoft-Windows-TerminalServices-RemoteConnectionManager", "Computer": "DESKTOP-OFJ6N53", "TimeCreated": "2025-07-07 21:05:00.766891+00:00", "RecordID": "5742", "Level": "4", "UserID": "S-1-5-20"}
{"EventID": "263", "Channel": "Microsoft-Windows-TerminalServices-RemoteConnectionManager/Operational", "Provider_Name": "Microsoft-Windows-TerminalServices-RemoteConnectionManager", "Computer": "DESKTOP-OFJ6N53", "TimeCreated": "2025-07-09 14:39:50.631004+00:00", "RecordID": "5743", "Level": "4", "UserID": "S-1-5-20"}
{"EventID": "20523", "Channel": "Microsoft-Windows-TerminalServices-RemoteConnectionManager/Operational", "Provider_Name": "Microsoft-Windows-TerminalServices-RemoteConnectionManager", "Computer": "DESKTOP-OFJ6N53", "TimeCreated": "2025-07-09 14:39:50.695639+00:00", "RecordID": "5744", "Level": "4", "UserID": "S-1-5-20"}
{"EventID": "258", "Channel": "Microsoft-Windows-TerminalServices-RemoteConnectionManager/Operational", "Provider_Name": "Microsoft-Windows-TerminalServices-RemoteConnectionManager", "Computer": "DESKTOP-OFJ6N53", "TimeCreated": "2025-07-09 14:39:51.150059+00:00", "RecordID": "5745", "Level": "4", "UserID": "S-1-5-20"}
{"EventID": "1136", "Channel": "Microsoft-Windows-TerminalServices-RemoteConnectionManager/Operational", "Provider_Name": "Microsoft-Windows-TerminalServices-RemoteConnectionManager", "Computer": "DESKTOP-OFJ6N53", "TimeCreated": "2025-07-09 14:39:51.592562+00:00", "RecordID": "5746", "Level": "4", "UserID": "S-1-5-18"}
{"EventID": "263", "Channel": "Microsoft-Windows-TerminalServices-RemoteConnectionManager/Operational", "Provider_Name": "Microsoft-Windows-TerminalServices-RemoteConnectionManager", "Computer": "DESKTOP-OFJ6N53", "TimeCreated": "2025-07-09 14:39:51.638145+00:00", "RecordID": "5747", "Level": "4", "UserID": "S-1-5-20"}
{"EventID": "263", "Channel": "Microsoft-Windows-TerminalServices-RemoteConnectionManager/Operational", "Provider_Name": "Microsoft-Windows-TerminalServices-RemoteConnectionManager", "Computer": "DESKTOP-OFJ6N53", "TimeCreated": "2025-07-09 14:39:51.652048+00:00", "RecordID": "5748", "Level": "4", "UserID": "S-1-5-20"}
{"EventID": "263", "Channel": "Microsoft-Windows-TerminalServices-RemoteConnectionManager/Operational", "Provider_Name": "Microsoft-Windows-TerminalServices-RemoteConnectionManager", "Computer": "DESKTOP-OFJ6N53", "TimeCreated": "2025-07-09 14:39:51.668598+00:00", "RecordID": "5749", "Level": "4", "UserID": "S-1-5-20"}
{"EventID": "263", "Channel": "Microsoft-Windows-TerminalServices-RemoteConnectionManager/Operational", "Provider_Name": "Microsoft-Windows-TerminalServices-RemoteConnectionManager", "Computer": "DESKTOP-OFJ6N53", "TimeCreated": "2025-07-09 14:39:51.683758+00:00", "RecordID": "5750", "Level": "4", "UserID": "S-1-5-20"}
{"EventID": "263", "Channel": "Microsoft-Windows-TerminalServices-RemoteConnectionManager/Operational", "Provider_Name": "Microsoft-Windows-TerminalServices-RemoteConnectionManager", "Computer": "DESKTOP-OFJ6N53", "TimeCreated": "2025-07-09 14:39:51.825081+00:00", "RecordID": "5751", "Level": "4", "UserID": "S-1-5-20"}
{"EventID": "263", "Channel": "Microsoft-Windows-TerminalServices-RemoteConnectionManager/Operational", "Provider_Name": "Microsoft-Windows-TerminalServices-RemoteConnectionManager", "Computer": "DESKTOP-OFJ6N53", "TimeCreated": "2025-07-09 14:40:12.309271+00:00", "RecordID": "5752", "Level": "4", "UserID": "S-1-5-20"}
{"EventID": "261", "Channel": "Microsoft-Windows-TerminalServices-RemoteConnectionManager/Operational", "Provider_Name": "Microsoft-Windows-TerminalServices-RemoteConnectionManager", "Computer": "DESKTOP-OFJ6N53", "TimeCreated": "2025-07-14 09:51:58.260338+00:00", "RecordID": "5753", "Level": "4", "UserID": "S-1-5-20"}
{"EventID": "261", "Channel": "Microsoft-Windows-TerminalServices-RemoteConnectionManager/Operational", "Provider_Name": "Microsoft-Windows-TerminalServices-RemoteConnectionManager", "Computer": "DESKTOP-OFJ6N53", "TimeCreated": "2025-07-14 09:52:06.663088+00:00", "RecordID": "5754", "Level": "4", "UserID": "S-1-5-20"}
{"EventID": "1149", "Channel": "Microsoft-Windows-TerminalServices-RemoteConnectionManager/Operational", "Provider_Name": "Microsoft-Windows-TerminalServices-RemoteConnectionManager", "Computer": "DESKTOP-OFJ6N53", "TimeCreated": "2025-07-14 09:52:07.454929+00:00", "RecordID": "5755", "Level": "4", "UserID": "S-1-5-20"}
{"EventID": "261", "Channel": "Microsoft-Windows-TerminalServices-RemoteConnectionManager/Operational", "Provider_Name": "Microsoft-Windows-TerminalServices-RemoteConnectionManager", "Computer": "DESKTOP-OFJ6N53", "TimeCreated": "2025-07-14 09:57:30.392397+00:00", "RecordID": "5756", "Level": "4", "UserID": "S-1-5-20"}
{"EventID": "1149", "Channel": "Microsoft-Windows-TerminalServices-RemoteConnectionManager/Operational", "Provider_Name": "Microsoft-Windows-TerminalServices-RemoteConnectionManager", "Computer": "DESKTOP-OFJ6N53", "TimeCreated": "2025-07-14 09:57:31.125229+00:00", "RecordID": "5757", "Level": "4", "UserID": "S-1-5-20"}
{"EventID": "261", "Channel": "Microsoft-Windows-TerminalServices-RemoteConnectionManager/Operational", "Provider_Name": "Microsoft-Windows-TerminalServices-RemoteConnectionManager", "Computer": "DESKTOP-OFJ6N53", "TimeCreated": "2025-07-14 10:19:04.996469+00:00", "RecordID": "5758", "Level": "4", "UserID": "S-1-5-20"}
{"EventID": "1149", "Channel": "Microsoft-Windows-TerminalServices-RemoteConnectionManager/Operational", "Provider_Name": "Microsoft-Windows-TerminalServices-RemoteConnectionManager", "Computer": "DESKTOP-OFJ6N53", "TimeCreated": "2025-07-14 10:19:06.222000+00:00", "RecordID": "5759", "Level": "4", "UserID": "S-1-5-20"}
{"EventID": "261", "Channel": "Microsoft-Windows-TerminalServices-RemoteConnectionManager/Operational", "Provider_Name": "Microsoft-Windows-TerminalServices-RemoteConnectionManager", "Computer": "DESKTOP-OFJ6N53", "TimeCreated": "2025-07-14 10:46:10.038616+00:00", "RecordID": "5760", "Level": "4", "UserID": "S-1-5-20"}
{"EventID": "1149", "Channel": "Microsoft-Windows-TerminalServices-RemoteConnectionManager/Operational", "Provider_Name": "Microsoft-Windows-TerminalServices-RemoteConnectionManager", "Computer": "DESKTOP-OFJ6N53", "TimeCreated": "2025-07-14 10:46:18.214390+00:00", "RecordID": "5761", "Level": "4", "UserID": "S-1-5-20"}
{"EventID": "261", "Channel": "Microsoft-Windows-TerminalServices-RemoteConnectionManager/Operational", "Provider_Name": "Microsoft-Windows-TerminalServices-RemoteConnectionManager", "Computer": "DESKTOP-OFJ6N53", "TimeCreated": "2025-07-16 08:57:33.501232+00:00", "RecordID": "5762", "Level": "4", "UserID": "S-1-5-20"}
{"EventID": "261", "Channel": "Microsoft-Windows-TerminalServices-RemoteConnectionManager/Operational", "Provider_Name": "Microsoft-Windows-TerminalServices-RemoteConnectionManager", "Computer": "DESKTOP-OFJ6N53", "TimeCreated": "2025-07-16 08:57:47.894873+00:00", "RecordID": "5763", "Level": "4", "UserID": "S-1-5-20"}
{"EventID": "261", "Channel": "Microsoft-Windows-TerminalServices-RemoteConnectionManager/Operational", "Provider_Name": "Microsoft-Windows-TerminalServices-RemoteConnectionManager", "Computer": "DESKTOP-OFJ6N53", "TimeCreated": "2025-07-16 08:57:49.947092+00:00", "RecordID": "5764", "Level": "4", "UserID": "S-1-5-20"}
{"EventID": "1149", "Channel": "Microsoft-Windows-TerminalServices-RemoteConnectionManager/Operational", "Provider_Name": "Microsoft-Windows-TerminalServices-RemoteConnectionManager", "Computer": "DESKTOP-OFJ6N53", "TimeCreated": "2025-07-16 08:57:50.928104+00:00", "RecordID": "5765", "Level": "4", "UserID": "S-1-5-20"}
{"EventID": "261", "Channel": "Microsoft-Windows-TerminalServices-RemoteConnectionManager/Operational", "Provider_Name": "Microsoft-Windows-TerminalServices-RemoteConnectionManager", "Computer": "DESKTOP-OFJ6N53", "TimeCreated": "2025-07-16 09:09:49.105890+00:00", "RecordID": "5766", "Level": "4", "UserID": "S-1-5-20"}
{"EventID": "1149", "Channel": "Microsoft-Windows-TerminalServices-RemoteConnectionManager/Operational", "Provider_Name": "Microsoft-Windows-TerminalServices-RemoteConnectionManager", "Computer": "DESKTOP-OFJ6N53", "TimeCreated": "2025-07-16 09:09:51.643681+00:00", "RecordID": "5767", "Level": "4", "UserID": "S-1-5-20"}
{"EventID": "261", "Channel": "Microsoft-Windows-TerminalServices-RemoteConnectionManager/Operational", "Provider_Name": "Microsoft-Windows-TerminalServices-RemoteConnectionManager", "Computer": "DESKTOP-OFJ6N53", "TimeCreated": "2025-07-16 16:15:30.827480+00:00", "RecordID": "5768", "Level": "4", "UserID": "S-1-5-20"}
{"EventID": "1149", "Channel": "Microsoft-Windows-TerminalServices-RemoteConnectionManager/Operational", "Provider_Name": "Microsoft-Windows-TerminalServices-RemoteConnectionManager", "Computer": "DESKTOP-OFJ6N53", "TimeCreated": "2025-07-16 16:15:31.973846+00:00", "RecordID": "5769", "Level": "4", "UserID": "S-1-5-20"}
{"EventID": "261", "Channel": "Microsoft-Windows-TerminalServices-RemoteConnectionManager/Operational", "Provider_Name": "Microsoft-Windows-TerminalServices-RemoteConnectionManager", "Computer": "DESKTOP-OFJ6N53", "TimeCreated": "2025-07-16 16:24:01.196787+00:00", "RecordID": "5770", "Level": "4", "UserID": "S-1-5-20"}
{"EventID": "1149", "Channel": "Microsoft-Windows-TerminalServices-RemoteConnectionManager/Operational", "Provider_Name": "Microsoft-Windows-TerminalServices-RemoteConnectionManager", "Computer": "DESKTOP-OFJ6N53", "TimeCreated": "2025-07-16 16:24:03.025747+00:00", "RecordID": "5771", "Level": "4", "UserID": "S-1-5-20"}
{"EventID": "261", "Channel": "Microsoft-Windows-TerminalServices-RemoteConnectionManager/Operational", "Provider_Name": "Microsoft-Windows-TerminalServices-RemoteConnectionManager", "Computer": "DESKTOP-OFJ6N53", "TimeCreated": "2025-07-16 16:25:49.704037+00:00", "RecordID": "5772", "Level": "4", "UserID": "S-1-5-20"}
