{"EventID": "1027", "Channel": "Microsoft-Windows-ReadyBoost/Operational", "Provider_Name": "Microsoft-Windows-ReadyBoost", "Computer": "DESKTOP-OFJ6N53", "TimeCreated": "2024-09-25 13:39:39.052429+00:00", "RecordID": "141", "Level": "4", "UserID": "S-1-5-18", "EventData.ErrorCode": "0", "EventData.UniqueIdLength": "0", "EventData.VolumeUniqueId": null}
{"EventID": "1027", "Channel": "Microsoft-Windows-ReadyBoost/Operational", "Provider_Name": "Microsoft-Windows-ReadyBoost", "Computer": "DESKTOP-OFJ6N53", "TimeCreated": "2024-09-28 12:29:48.953892+00:00", "RecordID": "142", "Level": "4", "UserID": "S-1-5-18", "EventData.ErrorCode": "0", "EventData.UniqueIdLength": "0", "EventData.VolumeUniqueId": null}
{"EventID": "1027", "Channel": "Microsoft-Windows-ReadyBoost/Operational", "Provider_Name": "Microsoft-Windows-ReadyBoost", "Computer": "DESKTOP-OFJ6N53", "TimeCreated": "2024-10-04 11:17:36.066717+00:00", "RecordID": "143", "Level": "4", "UserID": "S-1-5-18", "EventData.ErrorCode": "0", "EventData.UniqueIdLength": "0", "EventData.VolumeUniqueId": null}
{"EventID": "1027", "Channel": "Microsoft-Windows-ReadyBoost/Operational", "Provider_Name": "Microsoft-Windows-ReadyBoost", "Computer": "DESKTOP-OFJ6N53", "TimeCreated": "2024-10-04 22:03:32.965134+00:00", "RecordID": "144", "Level": "4", "UserID": "S-1-5-18", "EventData.ErrorCode": "0", "EventData.UniqueIdLength": "0", "EventData.VolumeUniqueId": null}
{"EventID": "1027", "Channel": "Microsoft-Windows-ReadyBoost/Operational", "Provider_Name": "Microsoft-Windows-ReadyBoost", "Computer": "DESKTOP-OFJ6N53", "TimeCreated": "2024-10-08 20:26:10.942244+00:00", "RecordID": "145", "Level": "4", "UserID": "S-1-5-18", "EventData.ErrorCode": "0", "EventData.UniqueIdLength": "0", "EventData.VolumeUniqueId": null}
{"EventID": "1027", "Channel": "Microsoft-Windows-ReadyBoost/Operational", "Provider_Name": "Microsoft-Windows-ReadyBoost", "Computer": "DESKTOP-OFJ6N53", "TimeCreated": "2024-11-13 14:45:54.885807+00:00", "RecordID": "146", "Level": "4", "UserID": "S-1-5-18", "EventData.ErrorCode": "0", "EventData.UniqueIdLength": "0", "EventData.VolumeUniqueId": null}
{"EventID": "1027", "Channel": "Microsoft-Windows-ReadyBoost/Operational", "Provider_Name": "Microsoft-Windows-ReadyBoost", "Computer": "DESKTOP-OFJ6N53", "TimeCreated": "2024-12-03 10:24:39.603992+00:00", "RecordID": "147", "Level": "4", "UserID": "S-1-5-18", "EventData.ErrorCode": "0", "EventData.UniqueIdLength": "0", "EventData.VolumeUniqueId": null}
{"EventID": "1027", "Channel": "Microsoft-Windows-ReadyBoost/Operational", "Provider_Name": "Microsoft-Windows-ReadyBoost", "Computer": "DESKTOP-OFJ6N53", "TimeCreated": "2024-12-08 16:53:04.784801+00:00", "RecordID": "148", "Level": "4", "UserID": "S-1-5-18", "EventData.ErrorCode": "0", "EventData.UniqueIdLength": "0", "EventData.VolumeUniqueId": null}
{"EventID": "1027", "Channel": "Microsoft-Windows-ReadyBoost/Operational", "Provider_Name": "Microsoft-Windows-ReadyBoost", "Computer": "DESKTOP-OFJ6N53", "TimeCreated": "2024-12-11 15:06:56.107677+00:00", "RecordID": "149", "Level": "4", "UserID": "S-1-5-18", "EventData.ErrorCode": "0", "EventData.UniqueIdLength": "0", "EventData.VolumeUniqueId": null}
{"EventID": "1027", "Channel": "Microsoft-Windows-ReadyBoost/Operational", "Provider_Name": "Microsoft-Windows-ReadyBoost", "Computer": "DESKTOP-OFJ6N53", "TimeCreated": "2024-12-23 14:10:45.884905+00:00", "RecordID": "150", "Level": "4", "UserID": "S-1-5-18", "EventData.ErrorCode": "0", "EventData.UniqueIdLength": "0", "EventData.VolumeUniqueId": null}
{"EventID": "1027", "Channel": "Microsoft-Windows-ReadyBoost/Operational", "Provider_Name": "Microsoft-Windows-ReadyBoost", "Computer": "DESKTOP-OFJ6N53", "TimeCreated": "2025-01-09 14:56:02.139421+00:00", "RecordID": "151", "Level": "4", "UserID": "S-1-5-18", "EventData.ErrorCode": "0", "EventData.UniqueIdLength": "0", "EventData.VolumeUniqueId": null}
{"EventID": "1027", "Channel": "Microsoft-Windows-ReadyBoost/Operational", "Provider_Name": "Microsoft-Windows-ReadyBoost", "Computer": "DESKTOP-OFJ6N53", "TimeCreated": "2025-01-14 23:23:19.356087+00:00", "RecordID": "152", "Level": "4", "UserID": "S-1-5-18", "EventData.ErrorCode": "0", "EventData.UniqueIdLength": "0", "EventData.VolumeUniqueId": null}
{"EventID": "1027", "Channel": "Microsoft-Windows-ReadyBoost/Operational", "Provider_Name": "Microsoft-Windows-ReadyBoost", "Computer": "DESKTOP-OFJ6N53", "TimeCreated": "2025-01-24 12:04:05.896944+00:00", "RecordID": "153", "Level": "4", "UserID": "S-1-5-18", "EventData.ErrorCode": "0", "EventData.UniqueIdLength": "0", "EventData.VolumeUniqueId": null}
{"EventID": "1027", "Channel": "Microsoft-Windows-ReadyBoost/Operational", "Provider_Name": "Microsoft-Windows-ReadyBoost", "Computer": "DESKTOP-OFJ6N53", "TimeCreated": "2025-02-05 14:02:45.895521+00:00", "RecordID": "154", "Level": "4", "UserID": "S-1-5-18", "EventData.ErrorCode": "0", "EventData.UniqueIdLength": "0", "EventData.VolumeUniqueId": null}
{"EventID": "1027", "Channel": "Microsoft-Windows-ReadyBoost/Operational", "Provider_Name": "Microsoft-Windows-ReadyBoost", "Computer": "DESKTOP-OFJ6N53", "TimeCreated": "2025-02-12 14:55:12.325594+00:00", "RecordID": "155", "Level": "4", "UserID": "S-1-5-18", "EventData.ErrorCode": "0", "EventData.UniqueIdLength": "0", "EventData.VolumeUniqueId": null}
{"EventID": "1027", "Channel": "Microsoft-Windows-ReadyBoost/Operational", "Provider_Name": "Microsoft-Windows-ReadyBoost", "Computer": "DESKTOP-OFJ6N53", "TimeCreated": "2025-03-07 15:04:50.661486+00:00", "RecordID": "156", "Level": "4", "UserID": "S-1-5-18", "EventData.ErrorCode": "0", "EventData.UniqueIdLength": "0", "EventData.VolumeUniqueId": null}
{"EventID": "1027", "Channel": "Microsoft-Windows-ReadyBoost/Operational", "Provider_Name": "Microsoft-Windows-ReadyBoost", "Computer": "DESKTOP-OFJ6N53", "TimeCreated": "2025-03-11 20:17:55.864082+00:00", "RecordID": "157", "Level": "4", "UserID": "S-1-5-18", "EventData.ErrorCode": "0", "EventData.UniqueIdLength": "0", "EventData.VolumeUniqueId": null}
{"EventID": "1027", "Channel": "Microsoft-Windows-ReadyBoost/Operational", "Provider_Name": "Microsoft-Windows-ReadyBoost", "Computer": "DESKTOP-OFJ6N53", "TimeCreated": "2025-04-01 16:04:13.321671+00:00", "RecordID": "158", "Level": "4", "UserID": "S-1-5-18", "EventData.ErrorCode": "0", "EventData.UniqueIdLength": "0", "EventData.VolumeUniqueId": null}
{"EventID": "1027", "Channel": "Microsoft-Windows-ReadyBoost/Operational", "Provider_Name": "Microsoft-Windows-ReadyBoost", "Computer": "DESKTOP-OFJ6N53", "TimeCreated": "2025-04-02 09:19:03.884071+00:00", "RecordID": "159", "Level": "4", "UserID": "S-1-5-18", "EventData.ErrorCode": "0", "EventData.UniqueIdLength": "0", "EventData.VolumeUniqueId": null}
{"EventID": "1027", "Channel": "Microsoft-Windows-ReadyBoost/Operational", "Provider_Name": "Microsoft-Windows-ReadyBoost", "Computer": "DESKTOP-OFJ6N53", "TimeCreated": "2025-04-02 09:32:14.464666+00:00", "RecordID": "160", "Level": "4", "UserID": "S-1-5-18", "EventData.ErrorCode": "0", "EventData.UniqueIdLength": "0", "EventData.VolumeUniqueId": null}
{"EventID": "1027", "Channel": "Microsoft-Windows-ReadyBoost/Operational", "Provider_Name": "Microsoft-Windows-ReadyBoost", "Computer": "DESKTOP-OFJ6N53", "TimeCreated": "2025-04-02 09:58:22.387793+00:00", "RecordID": "161", "Level": "4", "UserID": "S-1-5-18", "EventData.ErrorCode": "0", "EventData.UniqueIdLength": "0", "EventData.VolumeUniqueId": null}
{"EventID": "1027", "Channel": "Microsoft-Windows-ReadyBoost/Operational", "Provider_Name": "Microsoft-Windows-ReadyBoost", "Computer": "DESKTOP-OFJ6N53", "TimeCreated": "2025-04-02 10:09:09.076242+00:00", "RecordID": "162", "Level": "4", "UserID": "S-1-5-18", "EventData.ErrorCode": "0", "EventData.UniqueIdLength": "0", "EventData.VolumeUniqueId": null}
{"EventID": "1027", "Channel": "Microsoft-Windows-ReadyBoost/Operational", "Provider_Name": "Microsoft-Windows-ReadyBoost", "Computer": "DESKTOP-OFJ6N53", "TimeCreated": "2025-04-02 10:12:34.265759+00:00", "RecordID": "163", "Level": "4", "UserID": "S-1-5-18", "EventData.ErrorCode": "0", "EventData.UniqueIdLength": "0", "EventData.VolumeUniqueId": null}
{"EventID": "1027", "Channel": "Microsoft-Windows-ReadyBoost/Operational", "Provider_Name": "Microsoft-Windows-ReadyBoost", "Computer": "DESKTOP-OFJ6N53", "TimeCreated": "2025-04-02 10:16:59.318705+00:00", "RecordID": "164", "Level": "4", "UserID": "S-1-5-18", "EventData.ErrorCode": "0", "EventData.UniqueIdLength": "0", "EventData.VolumeUniqueId": null}
{"EventID": "1027", "Channel": "Microsoft-Windows-ReadyBoost/Operational", "Provider_Name": "Microsoft-Windows-ReadyBoost", "Computer": "DESKTOP-OFJ6N53", "TimeCreated": "2025-04-02 10:34:46.697491+00:00", "RecordID": "165", "Level": "4", "UserID": "S-1-5-18", "EventData.ErrorCode": "0", "EventData.UniqueIdLength": "0", "EventData.VolumeUniqueId": null}
{"EventID": "1027", "Channel": "Microsoft-Windows-ReadyBoost/Operational", "Provider_Name": "Microsoft-Windows-ReadyBoost", "Computer": "DESKTOP-OFJ6N53", "TimeCreated": "2025-04-09 14:36:22.957623+00:00", "RecordID": "166", "Level": "4", "UserID": "S-1-5-18", "EventData.ErrorCode": "0", "EventData.UniqueIdLength": "0", "EventData.VolumeUniqueId": null}
{"EventID": "1027", "Channel": "Microsoft-Windows-ReadyBoost/Operational", "Provider_Name": "Microsoft-Windows-ReadyBoost", "Computer": "DESKTOP-OFJ6N53", "TimeCreated": "2025-04-23 00:41:03.930088+00:00", "RecordID": "167", "Level": "4", "UserID": "S-1-5-18", "EventData.ErrorCode": "0", "EventData.UniqueIdLength": "0", "EventData.VolumeUniqueId": null}
{"EventID": "1027", "Channel": "Microsoft-Windows-ReadyBoost/Operational", "Provider_Name": "Microsoft-Windows-ReadyBoost", "Computer": "DESKTOP-OFJ6N53", "TimeCreated": "2025-05-14 14:42:59.828556+00:00", "RecordID": "168", "Level": "4", "UserID": "S-1-5-18", "EventData.ErrorCode": "0", "EventData.UniqueIdLength": "0", "EventData.VolumeUniqueId": null}
{"EventID": "1027", "Channel": "Microsoft-Windows-ReadyBoost/Operational", "Provider_Name": "Microsoft-Windows-ReadyBoost", "Computer": "DESKTOP-OFJ6N53", "TimeCreated": "2025-06-11 14:46:23.349539+00:00", "RecordID": "169", "Level": "4", "UserID": "S-1-5-18", "EventData.ErrorCode": "0", "EventData.UniqueIdLength": "0", "EventData.VolumeUniqueId": null}
{"EventID": "1027", "Channel": "Microsoft-Windows-ReadyBoost/Operational", "Provider_Name": "Microsoft-Windows-ReadyBoost", "Computer": "DESKTOP-OFJ6N53", "TimeCreated": "2025-07-07 12:50:12.106434+00:00", "RecordID": "170", "Level": "4", "UserID": "S-1-5-18", "EventData.ErrorCode": "0", "EventData.UniqueIdLength": "0", "EventData.VolumeUniqueId": null}
{"EventID": "1027", "Channel": "Microsoft-Windows-ReadyBoost/Operational", "Provider_Name": "Microsoft-Windows-ReadyBoost", "Computer": "DESKTOP-OFJ6N53", "TimeCreated": "2025-07-09 14:40:32.971445+00:00", "RecordID": "171", "Level": "4", "UserID": "S-1-5-18", "EventData.ErrorCode": "0", "EventData.UniqueIdLength": "0", "EventData.VolumeUniqueId": null}
{"EventID": "1027", "Channel": "Microsoft-Windows-ReadyBoost/Operational", "Provider_Name": "Microsoft-Windows-ReadyBoost", "Computer": "DESKTOP-OFJ6N53", "TimeCreated": "2025-07-24 21:30:26.412285+00:00", "RecordID": "172", "Level": "4", "UserID": "S-1-5-18", "EventData.ErrorCode": "0", "EventData.UniqueIdLength": "0", "EventData.VolumeUniqueId": null}
{"EventID": "1027", "Channel": "Microsoft-Windows-ReadyBoost/Operational", "Provider_Name": "Microsoft-Windows-ReadyBoost", "Computer": "DESKTOP-OFJ6N53", "TimeCreated": "2025-07-31 08:04:16.486233+00:00", "RecordID": "173", "Level": "4", "UserID": "S-1-5-18", "EventData.ErrorCode": "0", "EventData.UniqueIdLength": "0", "EventData.VolumeUniqueId": null}
{"EventID": "1027", "Channel": "Microsoft-Windows-ReadyBoost/Operational", "Provider_Name": "Microsoft-Windows-ReadyBoost", "Computer": "DESKTOP-OFJ6N53", "TimeCreated": "2025-08-12 12:18:26.751516+00:00", "RecordID": "174", "Level": "4", "UserID": "S-1-5-18", "EventData.ErrorCode": "0", "EventData.UniqueIdLength": "0", "EventData.VolumeUniqueId": null}
{"EventID": "1027", "Channel": "Microsoft-Windows-ReadyBoost/Operational", "Provider_Name": "Microsoft-Windows-ReadyBoost", "Computer": "DESKTOP-OFJ6N53", "TimeCreated": "2025-08-13 14:40:44.310907+00:00", "RecordID": "175", "Level": "4", "UserID": "S-1-5-18", "EventData.ErrorCode": "0", "EventData.UniqueIdLength": "0", "EventData.VolumeUniqueId": null}
{"EventID": "1027", "Channel": "Microsoft-Windows-ReadyBoost/Operational", "Provider_Name": "Microsoft-Windows-ReadyBoost", "Computer": "DESKTOP-OFJ6N53", "TimeCreated": "2025-08-19 07:19:37.017609+00:00", "RecordID": "176", "Level": "4", "UserID": "S-1-5-18", "EventData.ErrorCode": "0", "EventData.UniqueIdLength": "0", "EventData.VolumeUniqueId": null}
{"EventID": "1027", "Channel": "Microsoft-Windows-ReadyBoost/Operational", "Provider_Name": "Microsoft-Windows-ReadyBoost", "Computer": "DESKTOP-OFJ6N53", "TimeCreated": "2025-08-19 07:45:03.851603+00:00", "RecordID": "177", "Level": "4", "UserID": "S-1-5-18", "EventData.ErrorCode": "0", "EventData.UniqueIdLength": "0", "EventData.VolumeUniqueId": null}
{"EventID": "1027", "Channel": "Microsoft-Windows-ReadyBoost/Operational", "Provider_Name": "Microsoft-Windows-ReadyBoost", "Computer": "DESKTOP-OFJ6N53", "TimeCreated": "2025-08-23 20:34:07.440975+00:00", "RecordID": "178", "Level": "4", "UserID": "S-1-5-18", "EventData.ErrorCode": "0", "EventData.UniqueIdLength": "0", "EventData.VolumeUniqueId": null}
