{"EventID": "1", "Channel": "Microsoft-Windows-TZSync/Operational", "Provider_Name": "Microsoft-Windows-TZSync", "Computer": "DESKTOP-OFJ6N53", "TimeCreated": "2022-03-03 09:43:23.176735+00:00", "RecordID": "1", "Level": "4", "UserID": "S-1-5-18"}
{"EventID": "2", "Channel": "Microsoft-Windows-TZSync/Operational", "Provider_Name": "Microsoft-Windows-TZSync", "Computer": "DESKTOP-OFJ6N53", "TimeCreated": "2022-03-03 09:43:25.456118+00:00", "RecordID": "2", "Level": "4", "UserID": "S-1-5-18"}
{"EventID": "1", "Channel": "Microsoft-Windows-TZSync/Operational", "Provider_Name": "Microsoft-Windows-TZSync", "Computer": "DESKTOP-OFJ6N53", "TimeCreated": "2022-03-10 09:08:10.908884+00:00", "RecordID": "3", "Level": "4", "UserID": "S-1-5-18"}
{"EventID": "2", "Channel": "Microsoft-Windows-TZSync/Operational", "Provider_Name": "Microsoft-Windows-TZSync", "Computer": "DESKTOP-OFJ6N53", "TimeCreated": "2022-03-10 09:08:12.692799+00:00", "RecordID": "4", "Level": "4", "UserID": "S-1-5-18"}
{"EventID": "1", "Channel": "Microsoft-Windows-TZSync/Operational", "Provider_Name": "Microsoft-Windows-TZSync", "Computer": "DESKTOP-OFJ6N53", "TimeCreated": "2022-03-17 08:44:59.924475+00:00", "RecordID": "5", "Level": "4", "UserID": "S-1-5-18"}
{"EventID": "2", "Channel": "Microsoft-Windows-TZSync/Operational", "Provider_Name": "Microsoft-Windows-TZSync", "Computer": "DESKTOP-OFJ6N53", "TimeCreated": "2022-03-17 08:45:04.655689+00:00", "RecordID": "6", "Level": "4", "UserID": "S-1-5-18"}
{"EventID": "1", "Channel": "Microsoft-Windows-TZSync/Operational", "Provider_Name": "Microsoft-Windows-TZSync", "Computer": "DESKTOP-OFJ6N53", "TimeCreated": "2022-03-24 08:38:54.823986+00:00", "RecordID": "7", "Level": "4", "UserID": "S-1-5-18"}
{"EventID": "1", "Channel": "Microsoft-Windows-TZSync/Operational", "Provider_Name": "Microsoft-Windows-TZSync", "Computer": "DESKTOP-OFJ6N53", "TimeCreated": "2022-03-24 08:49:48.427879+00:00", "RecordID": "8", "Level": "4", "UserID": "S-1-5-18"}
{"EventID": "1", "Channel": "Microsoft-Windows-TZSync/Operational", "Provider_Name": "Microsoft-Windows-TZSync", "Computer": "DESKTOP-OFJ6N53", "TimeCreated": "2022-03-24 08:58:39.585279+00:00", "RecordID": "9", "Level": "4", "UserID": "S-1-5-18"}
{"EventID": "2", "Channel": "Microsoft-Windows-TZSync/Operational", "Provider_Name": "Microsoft-Windows-TZSync", "Computer": "DESKTOP-OFJ6N53", "TimeCreated": "2022-03-24 08:58:43.013308+00:00", "RecordID": "10", "Level": "4", "UserID": "S-1-5-18"}
{"EventID": "1", "Channel": "Microsoft-Windows-TZSync/Operational", "Provider_Name": "Microsoft-Windows-TZSync", "Computer": "DESKTOP-OFJ6N53", "TimeCreated": "2022-03-31 08:45:06.150259+00:00", "RecordID": "11", "Level": "4", "UserID": "S-1-5-18"}
{"EventID": "2", "Channel": "Microsoft-Windows-TZSync/Operational", "Provider_Name": "Microsoft-Windows-TZSync", "Computer": "DESKTOP-OFJ6N53", "TimeCreated": "2022-03-31 08:45:07.483028+00:00", "RecordID": "12", "Level": "4", "UserID": "S-1-5-18"}
{"EventID": "1", "Channel": "Microsoft-Windows-TZSync/Operational", "Provider_Name": "Microsoft-Windows-TZSync", "Computer": "DESKTOP-OFJ6N53", "TimeCreated": "2022-04-07 08:45:06.622437+00:00", "RecordID": "13", "Level": "4", "UserID": "S-1-5-18"}
{"EventID": "2", "Channel": "Microsoft-Windows-TZSync/Operational", "Provider_Name": "Microsoft-Windows-TZSync", "Computer": "DESKTOP-OFJ6N53", "TimeCreated": "2022-04-07 08:45:07.554838+00:00", "RecordID": "14", "Level": "4", "UserID": "S-1-5-18"}
{"EventID": "1", "Channel": "Microsoft-Windows-TZSync/Operational", "Provider_Name": "Microsoft-Windows-TZSync", "Computer": "DESKTOP-OFJ6N53", "TimeCreated": "2022-04-14 08:35:28.874357+00:00", "RecordID": "15", "Level": "4", "UserID": "S-1-5-18"}
{"EventID": "2", "Channel": "Microsoft-Windows-TZSync/Operational", "Provider_Name": "Microsoft-Windows-TZSync", "Computer": "DESKTOP-OFJ6N53", "TimeCreated": "2022-04-14 08:35:30.680723+00:00", "RecordID": "16", "Level": "4", "UserID": "S-1-5-18"}
{"EventID": "1", "Channel": "Microsoft-Windows-TZSync/Operational", "Provider_Name": "Microsoft-Windows-TZSync", "Computer": "DESKTOP-OFJ6N53", "TimeCreated": "2022-04-21 08:34:42.962095+00:00", "RecordID": "17", "Level": "4", "UserID": "S-1-5-18"}
{"EventID": "2", "Channel": "Microsoft-Windows-TZSync/Operational", "Provider_Name": "Microsoft-Windows-TZSync", "Computer": "DESKTOP-OFJ6N53", "TimeCreated": "2022-04-21 08:34:44.100689+00:00", "RecordID": "18", "Level": "4", "UserID": "S-1-5-18"}
{"EventID": "1", "Channel": "Microsoft-Windows-TZSync/Operational", "Provider_Name": "Microsoft-Windows-TZSync", "Computer": "DESKTOP-OFJ6N53", "TimeCreated": "2022-04-28 08:34:53.922739+00:00", "RecordID": "19", "Level": "4", "UserID": "S-1-5-18"}
{"EventID": "2", "Channel": "Microsoft-Windows-TZSync/Operational", "Provider_Name": "Microsoft-Windows-TZSync", "Computer": "DESKTOP-OFJ6N53", "TimeCreated": "2022-04-28 08:34:56.192438+00:00", "RecordID": "20", "Level": "4", "UserID": "S-1-5-18"}
{"EventID": "1", "Channel": "Microsoft-Windows-TZSync/Operational", "Provider_Name": "Microsoft-Windows-TZSync", "Computer": "DESKTOP-OFJ6N53", "TimeCreated": "2022-05-05 09:45:47.206097+00:00", "RecordID": "21", "Level": "4", "UserID": "S-1-5-18"}
{"EventID": "2", "Channel": "Microsoft-Windows-TZSync/Operational", "Provider_Name": "Microsoft-Windows-TZSync", "Computer": "DESKTOP-OFJ6N53", "TimeCreated": "2022-05-05 09:46:03.458319+00:00", "RecordID": "22", "Level": "4", "UserID": "S-1-5-18"}
{"EventID": "1", "Channel": "Microsoft-Windows-TZSync/Operational", "Provider_Name": "Microsoft-Windows-TZSync", "Computer": "DESKTOP-OFJ6N53", "TimeCreated": "2022-05-12 09:33:13.649855+00:00", "RecordID": "23", "Level": "4", "UserID": "S-1-5-18"}
{"EventID": "2", "Channel": "Microsoft-Windows-TZSync/Operational", "Provider_Name": "Microsoft-Windows-TZSync", "Computer": "DESKTOP-OFJ6N53", "TimeCreated": "2022-05-12 09:33:18.269272+00:00", "RecordID": "24", "Level": "4", "UserID": "S-1-5-18"}
{"EventID": "1", "Channel": "Microsoft-Windows-TZSync/Operational", "Provider_Name": "Microsoft-Windows-TZSync", "Computer": "DESKTOP-OFJ6N53", "TimeCreated": "2022-05-19 09:12:01.907589+00:00", "RecordID": "25", "Level": "4", "UserID": "S-1-5-18"}
{"EventID": "2", "Channel": "Microsoft-Windows-TZSync/Operational", "Provider_Name": "Microsoft-Windows-TZSync", "Computer": "DESKTOP-OFJ6N53", "TimeCreated": "2022-05-19 09:12:03.926567+00:00", "RecordID": "26", "Level": "4", "UserID": "S-1-5-18"}
{"EventID": "1", "Channel": "Microsoft-Windows-TZSync/Operational", "Provider_Name": "Microsoft-Windows-TZSync", "Computer": "DESKTOP-OFJ6N53", "TimeCreated": "2022-05-26 09:27:13.463388+00:00", "RecordID": "27", "Level": "4", "UserID": "S-1-5-18"}
{"EventID": "2", "Channel": "Microsoft-Windows-TZSync/Operational", "Provider_Name": "Microsoft-Windows-TZSync", "Computer": "DESKTOP-OFJ6N53", "TimeCreated": "2022-05-26 09:27:15.137135+00:00", "RecordID": "28", "Level": "4", "UserID": "S-1-5-18"}
{"EventID": "1", "Channel": "Microsoft-Windows-TZSync/Operational", "Provider_Name": "Microsoft-Windows-TZSync", "Computer": "DESKTOP-OFJ6N53", "TimeCreated": "2022-06-02 08:33:03.453821+00:00", "RecordID": "29", "Level": "4", "UserID": "S-1-5-18"}
{"EventID": "2", "Channel": "Microsoft-Windows-TZSync/Operational", "Provider_Name": "Microsoft-Windows-TZSync", "Computer": "DESKTOP-OFJ6N53", "TimeCreated": "2022-06-02 08:33:05.986738+00:00", "RecordID": "30", "Level": "4", "UserID": "S-1-5-18"}
{"EventID": "1", "Channel": "Microsoft-Windows-TZSync/Operational", "Provider_Name": "Microsoft-Windows-TZSync", "Computer": "DESKTOP-OFJ6N53", "TimeCreated": "2022-06-09 09:37:31.320244+00:00", "RecordID": "31", "Level": "4", "UserID": "S-1-5-18"}
{"EventID": "2", "Channel": "Microsoft-Windows-TZSync/Operational", "Provider_Name": "Microsoft-Windows-TZSync", "Computer": "DESKTOP-OFJ6N53", "TimeCreated": "2022-06-09 09:37:33.544882+00:00", "RecordID": "32", "Level": "4", "UserID": "S-1-5-18"}
{"EventID": "1", "Channel": "Microsoft-Windows-TZSync/Operational", "Provider_Name": "Microsoft-Windows-TZSync", "Computer": "DESKTOP-OFJ6N53", "TimeCreated": "2022-06-16 08:41:36.549446+00:00", "RecordID": "33", "Level": "4", "UserID": "S-1-5-18"}
{"EventID": "2", "Channel": "Microsoft-Windows-TZSync/Operational", "Provider_Name": "Microsoft-Windows-TZSync", "Computer": "DESKTOP-OFJ6N53", "TimeCreated": "2022-06-16 08:41:37.917042+00:00", "RecordID": "34", "Level": "4", "UserID": "S-1-5-18"}
{"EventID": "1", "Channel": "Microsoft-Windows-TZSync/Operational", "Provider_Name": "Microsoft-Windows-TZSync", "Computer": "DESKTOP-OFJ6N53", "TimeCreated": "2022-06-23 10:01:58.414532+00:00", "RecordID": "35", "Level": "4", "UserID": "S-1-5-18"}
{"EventID": "2", "Channel": "Microsoft-Windows-TZSync/Operational", "Provider_Name": "Microsoft-Windows-TZSync", "Computer": "DESKTOP-OFJ6N53", "TimeCreated": "2022-06-23 10:02:01.998890+00:00", "RecordID": "36", "Level": "4", "UserID": "S-1-5-18"}
{"EventID": "1", "Channel": "Microsoft-Windows-TZSync/Operational", "Provider_Name": "Microsoft-Windows-TZSync", "Computer": "DESKTOP-OFJ6N53", "TimeCreated": "2022-06-30 10:01:53.132372+00:00", "RecordID": "37", "Level": "4", "UserID": "S-1-5-18"}
{"EventID": "2", "Channel": "Microsoft-Windows-TZSync/Operational", "Provider_Name": "Microsoft-Windows-TZSync", "Computer": "DESKTOP-OFJ6N53", "TimeCreated": "2022-06-30 10:01:54.444508+00:00", "RecordID": "38", "Level": "4", "UserID": "S-1-5-18"}
{"EventID": "1", "Channel": "Microsoft-Windows-TZSync/Operational", "Provider_Name": "Microsoft-Windows-TZSync", "Computer": "DESKTOP-OFJ6N53", "TimeCreated": "2022-07-07 09:42:10.604099+00:00", "RecordID": "39", "Level": "4", "UserID": "S-1-5-18"}
{"EventID": "2", "Channel": "Microsoft-Windows-TZSync/Operational", "Provider_Name": "Microsoft-Windows-TZSync", "Computer": "DESKTOP-OFJ6N53", "TimeCreated": "2022-07-07 09:42:12.528067+00:00", "RecordID": "40", "Level": "4", "UserID": "S-1-5-18"}
{"EventID": "1", "Channel": "Microsoft-Windows-TZSync/Operational", "Provider_Name": "Microsoft-Windows-TZSync", "Computer": "DESKTOP-OFJ6N53", "TimeCreated": "2022-07-14 08:42:31.243517+00:00", "RecordID": "41", "Level": "4", "UserID": "S-1-5-18"}
{"EventID": "2", "Channel": "Microsoft-Windows-TZSync/Operational", "Provider_Name": "Microsoft-Windows-TZSync", "Computer": "DESKTOP-OFJ6N53", "TimeCreated": "2022-07-14 08:42:33.056543+00:00", "RecordID": "42", "Level": "4", "UserID": "S-1-5-18"}
{"EventID": "1", "Channel": "Microsoft-Windows-TZSync/Operational", "Provider_Name": "Microsoft-Windows-TZSync", "Computer": "DESKTOP-OFJ6N53", "TimeCreated": "2022-07-21 08:43:25.383175+00:00", "RecordID": "43", "Level": "4", "UserID": "S-1-5-18"}
{"EventID": "2", "Channel": "Microsoft-Windows-TZSync/Operational", "Provider_Name": "Microsoft-Windows-TZSync", "Computer": "DESKTOP-OFJ6N53", "TimeCreated": "2022-07-21 08:43:27.238609+00:00", "RecordID": "44", "Level": "4", "UserID": "S-1-5-18"}
{"EventID": "1", "Channel": "Microsoft-Windows-TZSync/Operational", "Provider_Name": "Microsoft-Windows-TZSync", "Computer": "DESKTOP-OFJ6N53", "TimeCreated": "2022-07-28 08:43:46.286713+00:00", "RecordID": "45", "Level": "4", "UserID": "S-1-5-18"}
{"EventID": "2", "Channel": "Microsoft-Windows-TZSync/Operational", "Provider_Name": "Microsoft-Windows-TZSync", "Computer": "DESKTOP-OFJ6N53", "TimeCreated": "2022-07-28 08:43:49.589235+00:00", "RecordID": "46", "Level": "4", "UserID": "S-1-5-18"}
{"EventID": "1", "Channel": "Microsoft-Windows-TZSync/Operational", "Provider_Name": "Microsoft-Windows-TZSync", "Computer": "DESKTOP-OFJ6N53", "TimeCreated": "2022-08-04 08:43:15.626921+00:00", "RecordID": "47", "Level": "4", "UserID": "S-1-5-18"}
{"EventID": "2", "Channel": "Microsoft-Windows-TZSync/Operational", "Provider_Name": "Microsoft-Windows-TZSync", "Computer": "DESKTOP-OFJ6N53", "TimeCreated": "2022-08-04 08:43:18.592764+00:00", "RecordID": "48", "Level": "4", "UserID": "S-1-5-18"}
{"EventID": "1", "Channel": "Microsoft-Windows-TZSync/Operational", "Provider_Name": "Microsoft-Windows-TZSync", "Computer": "DESKTOP-OFJ6N53", "TimeCreated": "2022-08-11 09:02:29.344131+00:00", "RecordID": "49", "Level": "4", "UserID": "S-1-5-18"}
{"EventID": "2", "Channel": "Microsoft-Windows-TZSync/Operational", "Provider_Name": "Microsoft-Windows-TZSync", "Computer": "DESKTOP-OFJ6N53", "TimeCreated": "2022-08-11 09:02:32.627424+00:00", "RecordID": "50", "Level": "4", "UserID": "S-1-5-18"}
{"EventID": "1", "Channel": "Microsoft-Windows-TZSync/Operational", "Provider_Name": "Microsoft-Windows-TZSync", "Computer": "DESKTOP-OFJ6N53", "TimeCreated": "2022-08-18 09:09:40.522352+00:00", "RecordID": "51", "Level": "4", "UserID": "S-1-5-18"}
{"EventID": "2", "Channel": "Microsoft-Windows-TZSync/Operational", "Provider_Name": "Microsoft-Windows-TZSync", "Computer": "DESKTOP-OFJ6N53", "TimeCreated": "2022-08-18 09:09:48.896925+00:00", "RecordID": "52", "Level": "4", "UserID": "S-1-5-18"}
{"EventID": "1", "Channel": "Microsoft-Windows-TZSync/Operational", "Provider_Name": "Microsoft-Windows-TZSync", "Computer": "DESKTOP-OFJ6N53", "TimeCreated": "2022-08-25 09:09:02.238394+00:00", "RecordID": "53", "Level": "4", "UserID": "S-1-5-18"}
{"EventID": "2", "Channel": "Microsoft-Windows-TZSync/Operational", "Provider_Name": "Microsoft-Windows-TZSync", "Computer": "DESKTOP-OFJ6N53", "TimeCreated": "2022-08-25 09:09:04.854319+00:00", "RecordID": "54", "Level": "4", "UserID": "S-1-5-18"}
{"EventID": "1", "Channel": "Microsoft-Windows-TZSync/Operational", "Provider_Name": "Microsoft-Windows-TZSync", "Computer": "DESKTOP-OFJ6N53", "TimeCreated": "2022-09-01 09:08:58.059387+00:00", "RecordID": "55", "Level": "4", "UserID": "S-1-5-18"}
{"EventID": "2", "Channel": "Microsoft-Windows-TZSync/Operational", "Provider_Name": "Microsoft-Windows-TZSync", "Computer": "DESKTOP-OFJ6N53", "TimeCreated": "2022-09-01 09:09:12.475801+00:00", "RecordID": "56", "Level": "4", "UserID": "S-1-5-18"}
{"EventID": "1", "Channel": "Microsoft-Windows-TZSync/Operational", "Provider_Name": "Microsoft-Windows-TZSync", "Computer": "DESKTOP-OFJ6N53", "TimeCreated": "2022-09-08 09:01:53.683887+00:00", "RecordID": "57", "Level": "4", "UserID": "S-1-5-18"}
{"EventID": "2", "Channel": "Microsoft-Windows-TZSync/Operational", "Provider_Name": "Microsoft-Windows-TZSync", "Computer": "DESKTOP-OFJ6N53", "TimeCreated": "2022-09-08 09:01:56.483610+00:00", "RecordID": "58", "Level": "4", "UserID": "S-1-5-18"}
{"EventID": "1", "Channel": "Microsoft-Windows-TZSync/Operational", "Provider_Name": "Microsoft-Windows-TZSync", "Computer": "DESKTOP-OFJ6N53", "TimeCreated": "2022-09-15 09:17:41.285273+00:00", "RecordID": "59", "Level": "4", "UserID": "S-1-5-18"}
{"EventID": "2", "Channel": "Microsoft-Windows-TZSync/Operational", "Provider_Name": "Microsoft-Windows-TZSync", "Computer": "DESKTOP-OFJ6N53", "TimeCreated": "2022-09-15 09:17:45.199776+00:00", "RecordID": "60", "Level": "4", "UserID": "S-1-5-18"}
{"EventID": "1", "Channel": "Microsoft-Windows-TZSync/Operational", "Provider_Name": "Microsoft-Windows-TZSync", "Computer": "DESKTOP-OFJ6N53", "TimeCreated": "2022-09-22 08:58:31.297077+00:00", "RecordID": "61", "Level": "4", "UserID": "S-1-5-18"}
{"EventID": "2", "Channel": "Microsoft-Windows-TZSync/Operational", "Provider_Name": "Microsoft-Windows-TZSync", "Computer": "DESKTOP-OFJ6N53", "TimeCreated": "2022-09-22 08:58:34.992838+00:00", "RecordID": "62", "Level": "4", "UserID": "S-1-5-18"}
{"EventID": "1", "Channel": "Microsoft-Windows-TZSync/Operational", "Provider_Name": "Microsoft-Windows-TZSync", "Computer": "DESKTOP-OFJ6N53", "TimeCreated": "2022-09-29 08:40:55.141233+00:00", "RecordID": "63", "Level": "4", "UserID": "S-1-5-18"}
{"EventID": "2", "Channel": "Microsoft-Windows-TZSync/Operational", "Provider_Name": "Microsoft-Windows-TZSync", "Computer": "DESKTOP-OFJ6N53", "TimeCreated": "2022-09-29 08:40:57.032995+00:00", "RecordID": "64", "Level": "4", "UserID": "S-1-5-18"}
{"EventID": "1", "Channel": "Microsoft-Windows-TZSync/Operational", "Provider_Name": "Microsoft-Windows-TZSync", "Computer": "DESKTOP-OFJ6N53", "TimeCreated": "2022-10-06 08:34:50.185492+00:00", "RecordID": "65", "Level": "4", "UserID": "S-1-5-18"}
{"EventID": "2", "Channel": "Microsoft-Windows-TZSync/Operational", "Provider_Name": "Microsoft-Windows-TZSync", "Computer": "DESKTOP-OFJ6N53", "TimeCreated": "2022-10-06 08:34:52.456785+00:00", "RecordID": "66", "Level": "4", "UserID": "S-1-5-18"}
{"EventID": "1", "Channel": "Microsoft-Windows-TZSync/Operational", "Provider_Name": "Microsoft-Windows-TZSync", "Computer": "DESKTOP-OFJ6N53", "TimeCreated": "2022-10-13 08:43:09.086185+00:00", "RecordID": "67", "Level": "4", "UserID": "S-1-5-18"}
{"EventID": "2", "Channel": "Microsoft-Windows-TZSync/Operational", "Provider_Name": "Microsoft-Windows-TZSync", "Computer": "DESKTOP-OFJ6N53", "TimeCreated": "2022-10-13 08:43:12.112904+00:00", "RecordID": "68", "Level": "4", "UserID": "S-1-5-18"}
{"EventID": "1", "Channel": "Microsoft-Windows-TZSync/Operational", "Provider_Name": "Microsoft-Windows-TZSync", "Computer": "DESKTOP-OFJ6N53", "TimeCreated": "2022-10-20 09:48:11.854076+00:00", "RecordID": "69", "Level": "4", "UserID": "S-1-5-18"}
{"EventID": "2", "Channel": "Microsoft-Windows-TZSync/Operational", "Provider_Name": "Microsoft-Windows-TZSync", "Computer": "DESKTOP-OFJ6N53", "TimeCreated": "2022-10-20 09:48:15.402197+00:00", "RecordID": "70", "Level": "4", "UserID": "S-1-5-18"}
{"EventID": "1", "Channel": "Microsoft-Windows-TZSync/Operational", "Provider_Name": "Microsoft-Windows-TZSync", "Computer": "DESKTOP-OFJ6N53", "TimeCreated": "2022-10-27 09:17:25.927052+00:00", "RecordID": "71", "Level": "4", "UserID": "S-1-5-18"}
{"EventID": "2", "Channel": "Microsoft-Windows-TZSync/Operational", "Provider_Name": "Microsoft-Windows-TZSync", "Computer": "DESKTOP-OFJ6N53", "TimeCreated": "2022-10-27 09:17:28.025669+00:00", "RecordID": "72", "Level": "4", "UserID": "S-1-5-18"}
{"EventID": "1", "Channel": "Microsoft-Windows-TZSync/Operational", "Provider_Name": "Microsoft-Windows-TZSync", "Computer": "DESKTOP-OFJ6N53", "TimeCreated": "2022-11-03 09:48:48.211321+00:00", "RecordID": "73", "Level": "4", "UserID": "S-1-5-18"}
{"EventID": "2", "Channel": "Microsoft-Windows-TZSync/Operational", "Provider_Name": "Microsoft-Windows-TZSync", "Computer": "DESKTOP-OFJ6N53", "TimeCreated": "2022-11-03 09:48:51.045216+00:00", "RecordID": "74", "Level": "4", "UserID": "S-1-5-18"}
{"EventID": "1", "Channel": "Microsoft-Windows-TZSync/Operational", "Provider_Name": "Microsoft-Windows-TZSync", "Computer": "DESKTOP-OFJ6N53", "TimeCreated": "2022-11-10 08:42:12.927296+00:00", "RecordID": "75", "Level": "4", "UserID": "S-1-5-18"}
{"EventID": "2", "Channel": "Microsoft-Windows-TZSync/Operational", "Provider_Name": "Microsoft-Windows-TZSync", "Computer": "DESKTOP-OFJ6N53", "TimeCreated": "2022-11-10 08:42:16.627657+00:00", "RecordID": "76", "Level": "4", "UserID": "S-1-5-18"}
{"EventID": "1", "Channel": "Microsoft-Windows-TZSync/Operational", "Provider_Name": "Microsoft-Windows-TZSync", "Computer": "DESKTOP-OFJ6N53", "TimeCreated": "2022-11-17 08:59:00.092718+00:00", "RecordID": "77", "Level": "4", "UserID": "S-1-5-18"}
{"EventID": "2", "Channel": "Microsoft-Windows-TZSync/Operational", "Provider_Name": "Microsoft-Windows-TZSync", "Computer": "DESKTOP-OFJ6N53", "TimeCreated": "2022-11-17 08:59:04.837465+00:00", "RecordID": "78", "Level": "4", "UserID": "S-1-5-18"}
{"EventID": "1", "Channel": "Microsoft-Windows-TZSync/Operational", "Provider_Name": "Microsoft-Windows-TZSync", "Computer": "DESKTOP-OFJ6N53", "TimeCreated": "2022-11-24 09:57:55.557289+00:00", "RecordID": "79", "Level": "4", "UserID": "S-1-5-18"}
{"EventID": "2", "Channel": "Microsoft-Windows-TZSync/Operational", "Provider_Name": "Microsoft-Windows-TZSync", "Computer": "DESKTOP-OFJ6N53", "TimeCreated": "2022-11-24 09:57:57.459375+00:00", "RecordID": "80", "Level": "4", "UserID": "S-1-5-18"}
{"EventID": "1", "Channel": "Microsoft-Windows-TZSync/Operational", "Provider_Name": "Microsoft-Windows-TZSync", "Computer": "DESKTOP-OFJ6N53", "TimeCreated": "2022-12-01 09:22:50.828300+00:00", "RecordID": "81", "Level": "4", "UserID": "S-1-5-18"}
{"EventID": "2", "Channel": "Microsoft-Windows-TZSync/Operational", "Provider_Name": "Microsoft-Windows-TZSync", "Computer": "DESKTOP-OFJ6N53", "TimeCreated": "2022-12-01 09:22:53.257650+00:00", "RecordID": "82", "Level": "4", "UserID": "S-1-5-18"}
{"EventID": "1", "Channel": "Microsoft-Windows-TZSync/Operational", "Provider_Name": "Microsoft-Windows-TZSync", "Computer": "DESKTOP-OFJ6N53", "TimeCreated": "2022-12-08 09:57:23.906626+00:00", "RecordID": "83", "Level": "4", "UserID": "S-1-5-18"}
{"EventID": "2", "Channel": "Microsoft-Windows-TZSync/Operational", "Provider_Name": "Microsoft-Windows-TZSync", "Computer": "DESKTOP-OFJ6N53", "TimeCreated": "2022-12-08 09:57:26.563478+00:00", "RecordID": "84", "Level": "4", "UserID": "S-1-5-18"}
{"EventID": "1", "Channel": "Microsoft-Windows-TZSync/Operational", "Provider_Name": "Microsoft-Windows-TZSync", "Computer": "DESKTOP-OFJ6N53", "TimeCreated": "2022-12-15 08:51:55.447914+00:00", "RecordID": "85", "Level": "4", "UserID": "S-1-5-18"}
{"EventID": "1", "Channel": "Microsoft-Windows-TZSync/Operational", "Provider_Name": "Microsoft-Windows-TZSync", "Computer": "DESKTOP-OFJ6N53", "TimeCreated": "2022-12-15 09:00:25.681486+00:00", "RecordID": "86", "Level": "4", "UserID": "S-1-5-18"}
{"EventID": "2", "Channel": "Microsoft-Windows-TZSync/Operational", "Provider_Name": "Microsoft-Windows-TZSync", "Computer": "DESKTOP-OFJ6N53", "TimeCreated": "2022-12-15 09:00:29.509642+00:00", "RecordID": "87", "Level": "4", "UserID": "S-1-5-18"}
{"EventID": "1", "Channel": "Microsoft-Windows-TZSync/Operational", "Provider_Name": "Microsoft-Windows-TZSync", "Computer": "DESKTOP-OFJ6N53", "TimeCreated": "2022-12-22 09:55:37.756559+00:00", "RecordID": "88", "Level": "4", "UserID": "S-1-5-18"}
{"EventID": "2", "Channel": "Microsoft-Windows-TZSync/Operational", "Provider_Name": "Microsoft-Windows-TZSync", "Computer": "DESKTOP-OFJ6N53", "TimeCreated": "2022-12-22 09:55:41.458332+00:00", "RecordID": "89", "Level": "4", "UserID": "S-1-5-18"}
{"EventID": "1", "Channel": "Microsoft-Windows-TZSync/Operational", "Provider_Name": "Microsoft-Windows-TZSync", "Computer": "DESKTOP-OFJ6N53", "TimeCreated": "2022-12-29 08:30:41.305733+00:00", "RecordID": "90", "Level": "4", "UserID": "S-1-5-18"}
{"EventID": "2", "Channel": "Microsoft-Windows-TZSync/Operational", "Provider_Name": "Microsoft-Windows-TZSync", "Computer": "DESKTOP-OFJ6N53", "TimeCreated": "2022-12-29 08:30:43.487371+00:00", "RecordID": "91", "Level": "4", "UserID": "S-1-5-18"}
{"EventID": "1", "Channel": "Microsoft-Windows-TZSync/Operational", "Provider_Name": "Microsoft-Windows-TZSync", "Computer": "DESKTOP-OFJ6N53", "TimeCreated": "2023-01-05 08:42:00.210484+00:00", "RecordID": "92", "Level": "4", "UserID": "S-1-5-18"}
{"EventID": "2", "Channel": "Microsoft-Windows-TZSync/Operational", "Provider_Name": "Microsoft-Windows-TZSync", "Computer": "DESKTOP-OFJ6N53", "TimeCreated": "2023-01-05 08:42:02.234472+00:00", "RecordID": "93", "Level": "4", "UserID": "S-1-5-18"}
{"EventID": "1", "Channel": "Microsoft-Windows-TZSync/Operational", "Provider_Name": "Microsoft-Windows-TZSync", "Computer": "DESKTOP-OFJ6N53", "TimeCreated": "2023-01-12 08:45:53.339777+00:00", "RecordID": "94", "Level": "4", "UserID": "S-1-5-18"}
{"EventID": "2", "Channel": "Microsoft-Windows-TZSync/Operational", "Provider_Name": "Microsoft-Windows-TZSync", "Computer": "DESKTOP-OFJ6N53", "TimeCreated": "2023-01-12 08:45:57.887215+00:00", "RecordID": "95", "Level": "4", "UserID": "S-1-5-18"}
{"EventID": "1", "Channel": "Microsoft-Windows-TZSync/Operational", "Provider_Name": "Microsoft-Windows-TZSync", "Computer": "DESKTOP-OFJ6N53", "TimeCreated": "2023-01-19 08:51:05.402657+00:00", "RecordID": "96", "Level": "4", "UserID": "S-1-5-18"}
{"EventID": "2", "Channel": "Microsoft-Windows-TZSync/Operational", "Provider_Name": "Microsoft-Windows-TZSync", "Computer": "DESKTOP-OFJ6N53", "TimeCreated": "2023-01-19 08:51:08.377140+00:00", "RecordID": "97", "Level": "4", "UserID": "S-1-5-18"}
{"EventID": "1", "Channel": "Microsoft-Windows-TZSync/Operational", "Provider_Name": "Microsoft-Windows-TZSync", "Computer": "DESKTOP-OFJ6N53", "TimeCreated": "2023-01-26 08:34:50.367832+00:00", "RecordID": "98", "Level": "4", "UserID": "S-1-5-18"}
{"EventID": "2", "Channel": "Microsoft-Windows-TZSync/Operational", "Provider_Name": "Microsoft-Windows-TZSync", "Computer": "DESKTOP-OFJ6N53", "TimeCreated": "2023-01-26 08:34:54.778179+00:00", "RecordID": "99", "Level": "4", "UserID": "S-1-5-18"}
{"EventID": "1", "Channel": "Microsoft-Windows-TZSync/Operational", "Provider_Name": "Microsoft-Windows-TZSync", "Computer": "DESKTOP-OFJ6N53", "TimeCreated": "2023-02-02 10:02:57.747984+00:00", "RecordID": "100", "Level": "4", "UserID": "S-1-5-18"}
{"EventID": "2", "Channel": "Microsoft-Windows-TZSync/Operational", "Provider_Name": "Microsoft-Windows-TZSync", "Computer": "DESKTOP-OFJ6N53", "TimeCreated": "2023-02-02 10:03:00.482351+00:00", "RecordID": "101", "Level": "4", "UserID": "S-1-5-18"}
{"EventID": "1", "Channel": "Microsoft-Windows-TZSync/Operational", "Provider_Name": "Microsoft-Windows-TZSync", "Computer": "DESKTOP-OFJ6N53", "TimeCreated": "2023-02-09 10:03:47.219246+00:00", "RecordID": "102", "Level": "4", "UserID": "S-1-5-18"}
{"EventID": "2", "Channel": "Microsoft-Windows-TZSync/Operational", "Provider_Name": "Microsoft-Windows-TZSync", "Computer": "DESKTOP-OFJ6N53", "TimeCreated": "2023-02-09 10:03:52.360626+00:00", "RecordID": "103", "Level": "4", "UserID": "S-1-5-18"}
{"EventID": "1", "Channel": "Microsoft-Windows-TZSync/Operational", "Provider_Name": "Microsoft-Windows-TZSync", "Computer": "DESKTOP-OFJ6N53", "TimeCreated": "2023-02-16 09:25:05.737522+00:00", "RecordID": "104", "Level": "4", "UserID": "S-1-5-18"}
{"EventID": "2", "Channel": "Microsoft-Windows-TZSync/Operational", "Provider_Name": "Microsoft-Windows-TZSync", "Computer": "DESKTOP-OFJ6N53", "TimeCreated": "2023-02-16 09:25:18.705856+00:00", "RecordID": "105", "Level": "4", "UserID": "S-1-5-18"}
{"EventID": "1", "Channel": "Microsoft-Windows-TZSync/Operational", "Provider_Name": "Microsoft-Windows-TZSync", "Computer": "DESKTOP-OFJ6N53", "TimeCreated": "2023-02-23 09:24:38.788795+00:00", "RecordID": "106", "Level": "4", "UserID": "S-1-5-18"}
{"EventID": "2", "Channel": "Microsoft-Windows-TZSync/Operational", "Provider_Name": "Microsoft-Windows-TZSync", "Computer": "DESKTOP-OFJ6N53", "TimeCreated": "2023-02-23 09:24:40.161694+00:00", "RecordID": "107", "Level": "4", "UserID": "S-1-5-18"}
{"EventID": "1", "Channel": "Microsoft-Windows-TZSync/Operational", "Provider_Name": "Microsoft-Windows-TZSync", "Computer": "DESKTOP-OFJ6N53", "TimeCreated": "2023-03-02 09:06:40.715185+00:00", "RecordID": "108", "Level": "4", "UserID": "S-1-5-18"}
{"EventID": "2", "Channel": "Microsoft-Windows-TZSync/Operational", "Provider_Name": "Microsoft-Windows-TZSync", "Computer": "DESKTOP-OFJ6N53", "TimeCreated": "2023-03-02 09:06:44.655827+00:00", "RecordID": "109", "Level": "4", "UserID": "S-1-5-18"}
{"EventID": "1", "Channel": "Microsoft-Windows-TZSync/Operational", "Provider_Name": "Microsoft-Windows-TZSync", "Computer": "DESKTOP-OFJ6N53", "TimeCreated": "2023-03-09 08:50:54.692097+00:00", "RecordID": "110", "Level": "4", "UserID": "S-1-5-18"}
{"EventID": "2", "Channel": "Microsoft-Windows-TZSync/Operational", "Provider_Name": "Microsoft-Windows-TZSync", "Computer": "DESKTOP-OFJ6N53", "TimeCreated": "2023-03-09 08:50:57.356272+00:00", "RecordID": "111", "Level": "4", "UserID": "S-1-5-18"}
{"EventID": "1", "Channel": "Microsoft-Windows-TZSync/Operational", "Provider_Name": "Microsoft-Windows-TZSync", "Computer": "DESKTOP-OFJ6N53", "TimeCreated": "2023-03-16 10:04:08.272593+00:00", "RecordID": "112", "Level": "4", "UserID": "S-1-5-18"}
{"EventID": "2", "Channel": "Microsoft-Windows-TZSync/Operational", "Provider_Name": "Microsoft-Windows-TZSync", "Computer": "DESKTOP-OFJ6N53", "TimeCreated": "2023-03-16 10:04:16.260586+00:00", "RecordID": "113", "Level": "4", "UserID": "S-1-5-18"}
{"EventID": "1", "Channel": "Microsoft-Windows-TZSync/Operational", "Provider_Name": "Microsoft-Windows-TZSync", "Computer": "DESKTOP-OFJ6N53", "TimeCreated": "2023-03-23 08:31:16.471746+00:00", "RecordID": "114", "Level": "4", "UserID": "S-1-5-18"}
{"EventID": "2", "Channel": "Microsoft-Windows-TZSync/Operational", "Provider_Name": "Microsoft-Windows-TZSync", "Computer": "DESKTOP-OFJ6N53", "TimeCreated": "2023-03-23 08:31:30.328537+00:00", "RecordID": "115", "Level": "4", "UserID": "S-1-5-18"}
{"EventID": "1", "Channel": "Microsoft-Windows-TZSync/Operational", "Provider_Name": "Microsoft-Windows-TZSync", "Computer": "DESKTOP-OFJ6N53", "TimeCreated": "2023-03-30 09:09:00.368443+00:00", "RecordID": "116", "Level": "4", "UserID": "S-1-5-18"}
{"EventID": "2", "Channel": "Microsoft-Windows-TZSync/Operational", "Provider_Name": "Microsoft-Windows-TZSync", "Computer": "DESKTOP-OFJ6N53", "TimeCreated": "2023-03-30 09:09:40.047739+00:00", "RecordID": "117", "Level": "4", "UserID": "S-1-5-18"}
{"EventID": "1", "Channel": "Microsoft-Windows-TZSync/Operational", "Provider_Name": "Microsoft-Windows-TZSync", "Computer": "DESKTOP-OFJ6N53", "TimeCreated": "2023-04-06 09:18:34.532114+00:00", "RecordID": "118", "Level": "4", "UserID": "S-1-5-18"}
{"EventID": "2", "Channel": "Microsoft-Windows-TZSync/Operational", "Provider_Name": "Microsoft-Windows-TZSync", "Computer": "DESKTOP-OFJ6N53", "TimeCreated": "2023-04-06 09:18:55.262491+00:00", "RecordID": "119", "Level": "4", "UserID": "S-1-5-18"}
{"EventID": "1", "Channel": "Microsoft-Windows-TZSync/Operational", "Provider_Name": "Microsoft-Windows-TZSync", "Computer": "DESKTOP-OFJ6N53", "TimeCreated": "2023-04-13 09:27:33.985434+00:00", "RecordID": "120", "Level": "4", "UserID": "S-1-5-18"}
{"EventID": "2", "Channel": "Microsoft-Windows-TZSync/Operational", "Provider_Name": "Microsoft-Windows-TZSync", "Computer": "DESKTOP-OFJ6N53", "TimeCreated": "2023-04-13 09:27:38.455177+00:00", "RecordID": "121", "Level": "4", "UserID": "S-1-5-18"}
{"EventID": "1", "Channel": "Microsoft-Windows-TZSync/Operational", "Provider_Name": "Microsoft-Windows-TZSync", "Computer": "DESKTOP-OFJ6N53", "TimeCreated": "2023-04-20 09:27:31.845512+00:00", "RecordID": "122", "Level": "4", "UserID": "S-1-5-18"}
{"EventID": "2", "Channel": "Microsoft-Windows-TZSync/Operational", "Provider_Name": "Microsoft-Windows-TZSync", "Computer": "DESKTOP-OFJ6N53", "TimeCreated": "2023-04-20 09:27:37.069605+00:00", "RecordID": "123", "Level": "4", "UserID": "S-1-5-18"}
{"EventID": "1", "Channel": "Microsoft-Windows-TZSync/Operational", "Provider_Name": "Microsoft-Windows-TZSync", "Computer": "DESKTOP-OFJ6N53", "TimeCreated": "2023-04-27 09:49:42.328510+00:00", "RecordID": "124", "Level": "4", "UserID": "S-1-5-18"}
{"EventID": "2", "Channel": "Microsoft-Windows-TZSync/Operational", "Provider_Name": "Microsoft-Windows-TZSync", "Computer": "DESKTOP-OFJ6N53", "TimeCreated": "2023-04-27 09:49:49.822908+00:00", "RecordID": "125", "Level": "4", "UserID": "S-1-5-18"}
{"EventID": "1", "Channel": "Microsoft-Windows-TZSync/Operational", "Provider_Name": "Microsoft-Windows-TZSync", "Computer": "DESKTOP-OFJ6N53", "TimeCreated": "2023-05-04 10:17:06.029978+00:00", "RecordID": "126", "Level": "4", "UserID": "S-1-5-18"}
{"EventID": "2", "Channel": "Microsoft-Windows-TZSync/Operational", "Provider_Name": "Microsoft-Windows-TZSync", "Computer": "DESKTOP-OFJ6N53", "TimeCreated": "2023-05-04 10:17:08.908169+00:00", "RecordID": "127", "Level": "4", "UserID": "S-1-5-18"}
{"EventID": "1", "Channel": "Microsoft-Windows-TZSync/Operational", "Provider_Name": "Microsoft-Windows-TZSync", "Computer": "DESKTOP-OFJ6N53", "TimeCreated": "2023-05-11 08:46:13.806511+00:00", "RecordID": "128", "Level": "4", "UserID": "S-1-5-18"}
{"EventID": "2", "Channel": "Microsoft-Windows-TZSync/Operational", "Provider_Name": "Microsoft-Windows-TZSync", "Computer": "DESKTOP-OFJ6N53", "TimeCreated": "2023-05-11 08:46:17.207216+00:00", "RecordID": "129", "Level": "4", "UserID": "S-1-5-18"}
{"EventID": "1", "Channel": "Microsoft-Windows-TZSync/Operational", "Provider_Name": "Microsoft-Windows-TZSync", "Computer": "DESKTOP-OFJ6N53", "TimeCreated": "2023-05-18 08:55:29.801826+00:00", "RecordID": "130", "Level": "4", "UserID": "S-1-5-18"}
{"EventID": "2", "Channel": "Microsoft-Windows-TZSync/Operational", "Provider_Name": "Microsoft-Windows-TZSync", "Computer": "DESKTOP-OFJ6N53", "TimeCreated": "2023-05-18 08:55:30.857908+00:00", "RecordID": "131", "Level": "4", "UserID": "S-1-5-18"}
{"EventID": "1", "Channel": "Microsoft-Windows-TZSync/Operational", "Provider_Name": "Microsoft-Windows-TZSync", "Computer": "DESKTOP-OFJ6N53", "TimeCreated": "2023-05-25 08:55:42.699018+00:00", "RecordID": "132", "Level": "4", "UserID": "S-1-5-18"}
{"EventID": "2", "Channel": "Microsoft-Windows-TZSync/Operational", "Provider_Name": "Microsoft-Windows-TZSync", "Computer": "DESKTOP-OFJ6N53", "TimeCreated": "2023-05-25 08:55:47.233891+00:00", "RecordID": "133", "Level": "4", "UserID": "S-1-5-18"}
{"EventID": "1", "Channel": "Microsoft-Windows-TZSync/Operational", "Provider_Name": "Microsoft-Windows-TZSync", "Computer": "DESKTOP-OFJ6N53", "TimeCreated": "2023-06-01 08:55:46.339558+00:00", "RecordID": "134", "Level": "4", "UserID": "S-1-5-18"}
{"EventID": "2", "Channel": "Microsoft-Windows-TZSync/Operational", "Provider_Name": "Microsoft-Windows-TZSync", "Computer": "DESKTOP-OFJ6N53", "TimeCreated": "2023-06-01 08:55:49.760031+00:00", "RecordID": "135", "Level": "4", "UserID": "S-1-5-18"}
{"EventID": "1", "Channel": "Microsoft-Windows-TZSync/Operational", "Provider_Name": "Microsoft-Windows-TZSync", "Computer": "DESKTOP-OFJ6N53", "TimeCreated": "2023-06-08 08:55:32.575640+00:00", "RecordID": "136", "Level": "4", "UserID": "S-1-5-18"}
{"EventID": "2", "Channel": "Microsoft-Windows-TZSync/Operational", "Provider_Name": "Microsoft-Windows-TZSync", "Computer": "DESKTOP-OFJ6N53", "TimeCreated": "2023-06-08 08:55:35.156845+00:00", "RecordID": "137", "Level": "4", "UserID": "S-1-5-18"}
{"EventID": "1", "Channel": "Microsoft-Windows-TZSync/Operational", "Provider_Name": "Microsoft-Windows-TZSync", "Computer": "DESKTOP-OFJ6N53", "TimeCreated": "2023-06-15 08:28:26.094940+00:00", "RecordID": "138", "Level": "4", "UserID": "S-1-5-18"}
{"EventID": "2", "Channel": "Microsoft-Windows-TZSync/Operational", "Provider_Name": "Microsoft-Windows-TZSync", "Computer": "DESKTOP-OFJ6N53", "TimeCreated": "2023-06-15 08:28:30.038834+00:00", "RecordID": "139", "Level": "4", "UserID": "S-1-5-18"}
{"EventID": "1", "Channel": "Microsoft-Windows-TZSync/Operational", "Provider_Name": "Microsoft-Windows-TZSync", "Computer": "DESKTOP-OFJ6N53", "TimeCreated": "2023-06-22 09:25:07.880692+00:00", "RecordID": "140", "Level": "4", "UserID": "S-1-5-18"}
{"EventID": "2", "Channel": "Microsoft-Windows-TZSync/Operational", "Provider_Name": "Microsoft-Windows-TZSync", "Computer": "DESKTOP-OFJ6N53", "TimeCreated": "2023-06-22 09:25:16.944386+00:00", "RecordID": "141", "Level": "4", "UserID": "S-1-5-18"}
{"EventID": "1", "Channel": "Microsoft-Windows-TZSync/Operational", "Provider_Name": "Microsoft-Windows-TZSync", "Computer": "DESKTOP-OFJ6N53", "TimeCreated": "2023-06-29 09:34:57.203239+00:00", "RecordID": "142", "Level": "4", "UserID": "S-1-5-18"}
{"EventID": "2", "Channel": "Microsoft-Windows-TZSync/Operational", "Provider_Name": "Microsoft-Windows-TZSync", "Computer": "DESKTOP-OFJ6N53", "TimeCreated": "2023-06-29 09:35:04.384520+00:00", "RecordID": "143", "Level": "4", "UserID": "S-1-5-18"}
{"EventID": "1", "Channel": "Microsoft-Windows-TZSync/Operational", "Provider_Name": "Microsoft-Windows-TZSync", "Computer": "DESKTOP-OFJ6N53", "TimeCreated": "2023-07-06 09:38:29.593529+00:00", "RecordID": "144", "Level": "4", "UserID": "S-1-5-18"}
{"EventID": "2", "Channel": "Microsoft-Windows-TZSync/Operational", "Provider_Name": "Microsoft-Windows-TZSync", "Computer": "DESKTOP-OFJ6N53", "TimeCreated": "2023-07-06 09:38:33.943123+00:00", "RecordID": "145", "Level": "4", "UserID": "S-1-5-18"}
{"EventID": "1", "Channel": "Microsoft-Windows-TZSync/Operational", "Provider_Name": "Microsoft-Windows-TZSync", "Computer": "DESKTOP-OFJ6N53", "TimeCreated": "2023-07-13 08:55:54.998928+00:00", "RecordID": "146", "Level": "4", "UserID": "S-1-5-18"}
{"EventID": "2", "Channel": "Microsoft-Windows-TZSync/Operational", "Provider_Name": "Microsoft-Windows-TZSync", "Computer": "DESKTOP-OFJ6N53", "TimeCreated": "2023-07-13 08:56:01.948200+00:00", "RecordID": "147", "Level": "4", "UserID": "S-1-5-18"}
{"EventID": "1", "Channel": "Microsoft-Windows-TZSync/Operational", "Provider_Name": "Microsoft-Windows-TZSync", "Computer": "DESKTOP-OFJ6N53", "TimeCreated": "2023-07-20 08:52:49.720003+00:00", "RecordID": "148", "Level": "4", "UserID": "S-1-5-18"}
{"EventID": "2", "Channel": "Microsoft-Windows-TZSync/Operational", "Provider_Name": "Microsoft-Windows-TZSync", "Computer": "DESKTOP-OFJ6N53", "TimeCreated": "2023-07-20 08:52:50.622688+00:00", "RecordID": "149", "Level": "4", "UserID": "S-1-5-18"}
{"EventID": "1", "Channel": "Microsoft-Windows-TZSync/Operational", "Provider_Name": "Microsoft-Windows-TZSync", "Computer": "DESKTOP-OFJ6N53", "TimeCreated": "2023-07-27 08:34:11.768356+00:00", "RecordID": "150", "Level": "4", "UserID": "S-1-5-18"}
{"EventID": "2", "Channel": "Microsoft-Windows-TZSync/Operational", "Provider_Name": "Microsoft-Windows-TZSync", "Computer": "DESKTOP-OFJ6N53", "TimeCreated": "2023-07-27 08:34:13.927959+00:00", "RecordID": "151", "Level": "4", "UserID": "S-1-5-18"}
{"EventID": "1", "Channel": "Microsoft-Windows-TZSync/Operational", "Provider_Name": "Microsoft-Windows-TZSync", "Computer": "DESKTOP-OFJ6N53", "TimeCreated": "2023-08-03 09:52:29.934401+00:00", "RecordID": "152", "Level": "4", "UserID": "S-1-5-18"}
{"EventID": "2", "Channel": "Microsoft-Windows-TZSync/Operational", "Provider_Name": "Microsoft-Windows-TZSync", "Computer": "DESKTOP-OFJ6N53", "TimeCreated": "2023-08-03 09:52:32.646606+00:00", "RecordID": "153", "Level": "4", "UserID": "S-1-5-18"}
{"EventID": "1", "Channel": "Microsoft-Windows-TZSync/Operational", "Provider_Name": "Microsoft-Windows-TZSync", "Computer": "DESKTOP-OFJ6N53", "TimeCreated": "2023-08-10 08:30:54.626028+00:00", "RecordID": "154", "Level": "4", "UserID": "S-1-5-18"}
{"EventID": "2", "Channel": "Microsoft-Windows-TZSync/Operational", "Provider_Name": "Microsoft-Windows-TZSync", "Computer": "DESKTOP-OFJ6N53", "TimeCreated": "2023-08-10 08:30:56.765011+00:00", "RecordID": "155", "Level": "4", "UserID": "S-1-5-18"}
{"EventID": "1", "Channel": "Microsoft-Windows-TZSync/Operational", "Provider_Name": "Microsoft-Windows-TZSync", "Computer": "DESKTOP-OFJ6N53", "TimeCreated": "2023-08-17 10:00:23.636930+00:00", "RecordID": "156", "Level": "4", "UserID": "S-1-5-18"}
{"EventID": "2", "Channel": "Microsoft-Windows-TZSync/Operational", "Provider_Name": "Microsoft-Windows-TZSync", "Computer": "DESKTOP-OFJ6N53", "TimeCreated": "2023-08-17 10:00:25.607433+00:00", "RecordID": "157", "Level": "4", "UserID": "S-1-5-18"}
{"EventID": "1", "Channel": "Microsoft-Windows-TZSync/Operational", "Provider_Name": "Microsoft-Windows-TZSync", "Computer": "DESKTOP-OFJ6N53", "TimeCreated": "2023-08-24 10:00:28.607531+00:00", "RecordID": "158", "Level": "4", "UserID": "S-1-5-18"}
{"EventID": "2", "Channel": "Microsoft-Windows-TZSync/Operational", "Provider_Name": "Microsoft-Windows-TZSync", "Computer": "DESKTOP-OFJ6N53", "TimeCreated": "2023-08-24 10:00:30.319883+00:00", "RecordID": "159", "Level": "4", "UserID": "S-1-5-18"}
{"EventID": "1", "Channel": "Microsoft-Windows-TZSync/Operational", "Provider_Name": "Microsoft-Windows-TZSync", "Computer": "DESKTOP-OFJ6N53", "TimeCreated": "2023-08-31 08:45:16.526382+00:00", "RecordID": "160", "Level": "4", "UserID": "S-1-5-18"}
{"EventID": "2", "Channel": "Microsoft-Windows-TZSync/Operational", "Provider_Name": "Microsoft-Windows-TZSync", "Computer": "DESKTOP-OFJ6N53", "TimeCreated": "2023-08-31 08:45:18.544724+00:00", "RecordID": "161", "Level": "4", "UserID": "S-1-5-18"}
{"EventID": "1", "Channel": "Microsoft-Windows-TZSync/Operational", "Provider_Name": "Microsoft-Windows-TZSync", "Computer": "DESKTOP-OFJ6N53", "TimeCreated": "2023-09-07 08:37:06.493620+00:00", "RecordID": "162", "Level": "4", "UserID": "S-1-5-18"}
{"EventID": "2", "Channel": "Microsoft-Windows-TZSync/Operational", "Provider_Name": "Microsoft-Windows-TZSync", "Computer": "DESKTOP-OFJ6N53", "TimeCreated": "2023-09-07 08:37:09.107439+00:00", "RecordID": "163", "Level": "4", "UserID": "S-1-5-18"}
{"EventID": "1", "Channel": "Microsoft-Windows-TZSync/Operational", "Provider_Name": "Microsoft-Windows-TZSync", "Computer": "DESKTOP-OFJ6N53", "TimeCreated": "2023-09-14 08:36:39.641909+00:00", "RecordID": "164", "Level": "4", "UserID": "S-1-5-18"}
{"EventID": "2", "Channel": "Microsoft-Windows-TZSync/Operational", "Provider_Name": "Microsoft-Windows-TZSync", "Computer": "DESKTOP-OFJ6N53", "TimeCreated": "2023-09-14 08:36:41.090897+00:00", "RecordID": "165", "Level": "4", "UserID": "S-1-5-18"}
{"EventID": "1", "Channel": "Microsoft-Windows-TZSync/Operational", "Provider_Name": "Microsoft-Windows-TZSync", "Computer": "DESKTOP-OFJ6N53", "TimeCreated": "2023-09-21 08:36:55.071045+00:00", "RecordID": "166", "Level": "4", "UserID": "S-1-5-18"}
{"EventID": "2", "Channel": "Microsoft-Windows-TZSync/Operational", "Provider_Name": "Microsoft-Windows-TZSync", "Computer": "DESKTOP-OFJ6N53", "TimeCreated": "2023-09-21 08:36:57.297709+00:00", "RecordID": "167", "Level": "4", "UserID": "S-1-5-18"}
{"EventID": "1", "Channel": "Microsoft-Windows-TZSync/Operational", "Provider_Name": "Microsoft-Windows-TZSync", "Computer": "DESKTOP-OFJ6N53", "TimeCreated": "2023-09-28 08:37:10.156706+00:00", "RecordID": "168", "Level": "4", "UserID": "S-1-5-18"}
{"EventID": "2", "Channel": "Microsoft-Windows-TZSync/Operational", "Provider_Name": "Microsoft-Windows-TZSync", "Computer": "DESKTOP-OFJ6N53", "TimeCreated": "2023-09-28 08:37:11.480894+00:00", "RecordID": "169", "Level": "4", "UserID": "S-1-5-18"}
{"EventID": "1", "Channel": "Microsoft-Windows-TZSync/Operational", "Provider_Name": "Microsoft-Windows-TZSync", "Computer": "DESKTOP-OFJ6N53", "TimeCreated": "2023-10-05 10:10:56.107723+00:00", "RecordID": "170", "Level": "4", "UserID": "S-1-5-18"}
{"EventID": "2", "Channel": "Microsoft-Windows-TZSync/Operational", "Provider_Name": "Microsoft-Windows-TZSync", "Computer": "DESKTOP-OFJ6N53", "TimeCreated": "2023-10-05 10:10:57.993036+00:00", "RecordID": "171", "Level": "4", "UserID": "S-1-5-18"}
{"EventID": "1", "Channel": "Microsoft-Windows-TZSync/Operational", "Provider_Name": "Microsoft-Windows-TZSync", "Computer": "DESKTOP-OFJ6N53", "TimeCreated": "2023-10-12 09:46:55.394894+00:00", "RecordID": "172", "Level": "4", "UserID": "S-1-5-18"}
{"EventID": "2", "Channel": "Microsoft-Windows-TZSync/Operational", "Provider_Name": "Microsoft-Windows-TZSync", "Computer": "DESKTOP-OFJ6N53", "TimeCreated": "2023-10-12 09:47:22.312954+00:00", "RecordID": "173", "Level": "4", "UserID": "S-1-5-18"}
{"EventID": "1", "Channel": "Microsoft-Windows-TZSync/Operational", "Provider_Name": "Microsoft-Windows-TZSync", "Computer": "DESKTOP-OFJ6N53", "TimeCreated": "2023-10-19 08:55:43.861458+00:00", "RecordID": "174", "Level": "4", "UserID": "S-1-5-18"}
{"EventID": "2", "Channel": "Microsoft-Windows-TZSync/Operational", "Provider_Name": "Microsoft-Windows-TZSync", "Computer": "DESKTOP-OFJ6N53", "TimeCreated": "2023-10-19 08:55:53.990614+00:00", "RecordID": "175", "Level": "4", "UserID": "S-1-5-18"}
{"EventID": "1", "Channel": "Microsoft-Windows-TZSync/Operational", "Provider_Name": "Microsoft-Windows-TZSync", "Computer": "DESKTOP-OFJ6N53", "TimeCreated": "2023-10-26 08:55:42.409971+00:00", "RecordID": "176", "Level": "4", "UserID": "S-1-5-18"}
{"EventID": "2", "Channel": "Microsoft-Windows-TZSync/Operational", "Provider_Name": "Microsoft-Windows-TZSync", "Computer": "DESKTOP-OFJ6N53", "TimeCreated": "2023-10-26 08:55:46.507820+00:00", "RecordID": "177", "Level": "4", "UserID": "S-1-5-18"}
{"EventID": "1", "Channel": "Microsoft-Windows-TZSync/Operational", "Provider_Name": "Microsoft-Windows-TZSync", "Computer": "DESKTOP-OFJ6N53", "TimeCreated": "2023-11-02 08:40:53.805290+00:00", "RecordID": "178", "Level": "4", "UserID": "S-1-5-18"}
{"EventID": "2", "Channel": "Microsoft-Windows-TZSync/Operational", "Provider_Name": "Microsoft-Windows-TZSync", "Computer": "DESKTOP-OFJ6N53", "TimeCreated": "2023-11-02 08:41:07.693356+00:00", "RecordID": "179", "Level": "4", "UserID": "S-1-5-18"}
{"EventID": "1", "Channel": "Microsoft-Windows-TZSync/Operational", "Provider_Name": "Microsoft-Windows-TZSync", "Computer": "DESKTOP-OFJ6N53", "TimeCreated": "2023-11-09 08:41:16.868839+00:00", "RecordID": "180", "Level": "4", "UserID": "S-1-5-18"}
{"EventID": "2", "Channel": "Microsoft-Windows-TZSync/Operational", "Provider_Name": "Microsoft-Windows-TZSync", "Computer": "DESKTOP-OFJ6N53", "TimeCreated": "2023-11-09 08:41:20.056828+00:00", "RecordID": "181", "Level": "4", "UserID": "S-1-5-18"}
{"EventID": "1", "Channel": "Microsoft-Windows-TZSync/Operational", "Provider_Name": "Microsoft-Windows-TZSync", "Computer": "DESKTOP-OFJ6N53", "TimeCreated": "2023-11-16 08:41:40.512289+00:00", "RecordID": "182", "Level": "4", "UserID": "S-1-5-18"}
{"EventID": "2", "Channel": "Microsoft-Windows-TZSync/Operational", "Provider_Name": "Microsoft-Windows-TZSync", "Computer": "DESKTOP-OFJ6N53", "TimeCreated": "2023-11-16 08:41:44.304514+00:00", "RecordID": "183", "Level": "4", "UserID": "S-1-5-18"}
{"EventID": "1", "Channel": "Microsoft-Windows-TZSync/Operational", "Provider_Name": "Microsoft-Windows-TZSync", "Computer": "DESKTOP-OFJ6N53", "TimeCreated": "2023-11-23 09:05:43.602602+00:00", "RecordID": "184", "Level": "4", "UserID": "S-1-5-18"}
{"EventID": "2", "Channel": "Microsoft-Windows-TZSync/Operational", "Provider_Name": "Microsoft-Windows-TZSync", "Computer": "DESKTOP-OFJ6N53", "TimeCreated": "2023-11-23 09:05:50.325705+00:00", "RecordID": "185", "Level": "4", "UserID": "S-1-5-18"}
{"EventID": "1", "Channel": "Microsoft-Windows-TZSync/Operational", "Provider_Name": "Microsoft-Windows-TZSync", "Computer": "DESKTOP-OFJ6N53", "TimeCreated": "2023-11-30 09:06:02.260952+00:00", "RecordID": "186", "Level": "4", "UserID": "S-1-5-18"}
{"EventID": "2", "Channel": "Microsoft-Windows-TZSync/Operational", "Provider_Name": "Microsoft-Windows-TZSync", "Computer": "DESKTOP-OFJ6N53", "TimeCreated": "2023-11-30 09:06:12.723532+00:00", "RecordID": "187", "Level": "4", "UserID": "S-1-5-18"}
{"EventID": "1", "Channel": "Microsoft-Windows-TZSync/Operational", "Provider_Name": "Microsoft-Windows-TZSync", "Computer": "DESKTOP-OFJ6N53", "TimeCreated": "2023-12-07 09:06:17.283949+00:00", "RecordID": "188", "Level": "4", "UserID": "S-1-5-18"}
{"EventID": "2", "Channel": "Microsoft-Windows-TZSync/Operational", "Provider_Name": "Microsoft-Windows-TZSync", "Computer": "DESKTOP-OFJ6N53", "TimeCreated": "2023-12-07 09:06:18.455860+00:00", "RecordID": "189", "Level": "4", "UserID": "S-1-5-18"}
{"EventID": "1", "Channel": "Microsoft-Windows-TZSync/Operational", "Provider_Name": "Microsoft-Windows-TZSync", "Computer": "DESKTOP-OFJ6N53", "TimeCreated": "2023-12-14 08:27:51.481443+00:00", "RecordID": "190", "Level": "4", "UserID": "S-1-5-18"}
{"EventID": "2", "Channel": "Microsoft-Windows-TZSync/Operational", "Provider_Name": "Microsoft-Windows-TZSync", "Computer": "DESKTOP-OFJ6N53", "TimeCreated": "2023-12-14 08:27:52.044201+00:00", "RecordID": "191", "Level": "4", "UserID": "S-1-5-18"}
{"EventID": "1", "Channel": "Microsoft-Windows-TZSync/Operational", "Provider_Name": "Microsoft-Windows-TZSync", "Computer": "DESKTOP-OFJ6N53", "TimeCreated": "2023-12-21 08:34:33.511217+00:00", "RecordID": "192", "Level": "4", "UserID": "S-1-5-18"}
{"EventID": "2", "Channel": "Microsoft-Windows-TZSync/Operational", "Provider_Name": "Microsoft-Windows-TZSync", "Computer": "DESKTOP-OFJ6N53", "TimeCreated": "2023-12-21 08:34:35.183630+00:00", "RecordID": "193", "Level": "4", "UserID": "S-1-5-18"}
{"EventID": "1", "Channel": "Microsoft-Windows-TZSync/Operational", "Provider_Name": "Microsoft-Windows-TZSync", "Computer": "DESKTOP-OFJ6N53", "TimeCreated": "2023-12-28 08:34:53.011995+00:00", "RecordID": "194", "Level": "4", "UserID": "S-1-5-18"}
{"EventID": "2", "Channel": "Microsoft-Windows-TZSync/Operational", "Provider_Name": "Microsoft-Windows-TZSync", "Computer": "DESKTOP-OFJ6N53", "TimeCreated": "2023-12-28 08:34:55.381142+00:00", "RecordID": "195", "Level": "4", "UserID": "S-1-5-18"}
{"EventID": "1", "Channel": "Microsoft-Windows-TZSync/Operational", "Provider_Name": "Microsoft-Windows-TZSync", "Computer": "DESKTOP-OFJ6N53", "TimeCreated": "2024-01-04 08:45:03.001242+00:00", "RecordID": "196", "Level": "4", "UserID": "S-1-5-18"}
{"EventID": "2", "Channel": "Microsoft-Windows-TZSync/Operational", "Provider_Name": "Microsoft-Windows-TZSync", "Computer": "DESKTOP-OFJ6N53", "TimeCreated": "2024-01-04 08:45:16.183498+00:00", "RecordID": "197", "Level": "4", "UserID": "S-1-5-18"}
{"EventID": "1", "Channel": "Microsoft-Windows-TZSync/Operational", "Provider_Name": "Microsoft-Windows-TZSync", "Computer": "DESKTOP-OFJ6N53", "TimeCreated": "2024-01-11 09:01:44.988989+00:00", "RecordID": "198", "Level": "4", "UserID": "S-1-5-18"}
{"EventID": "2", "Channel": "Microsoft-Windows-TZSync/Operational", "Provider_Name": "Microsoft-Windows-TZSync", "Computer": "DESKTOP-OFJ6N53", "TimeCreated": "2024-01-11 09:01:46.429073+00:00", "RecordID": "199", "Level": "4", "UserID": "S-1-5-18"}
{"EventID": "1", "Channel": "Microsoft-Windows-TZSync/Operational", "Provider_Name": "Microsoft-Windows-TZSync", "Computer": "DESKTOP-OFJ6N53", "TimeCreated": "2024-01-18 08:58:50.865923+00:00", "RecordID": "200", "Level": "4", "UserID": "S-1-5-18"}
