{"EventID": "1223", "Channel": "Microsoft-Windows-PushNotification-Platform/Operational", "Provider_Name": "Microsoft-Windows-PushNotifications-Platform", "Computer": "DESKTOP-OFJ6N53", "TimeCreated": "2025-08-26 06:58:27.932655+00:00", "RecordID": "3705204", "Level": "5", "UserID": "S-1-5-18", "EventData.Verb": "PNG", "EventData.TrID": "306", "EventData.Namespace": "CON", "EventData.CorrelationVector": "nn/6rhUrhUSKOnqY.306", "EventData.Bytes": "29", "EventData.Payload": "Q29udGV4dDogNDAzZWU2M2QzODgxNzMyZQ0KDQo=", "EventData.ConnectionType": "1"}
{"EventID": "1267", "Channel": "Microsoft-Windows-PushNotification-Platform/Operational", "Provider_Name": "Microsoft-Windows-PushNotifications-Platform", "Computer": "DESKTOP-OFJ6N53", "TimeCreated": "2025-08-26 06:58:27.932655+00:00", "RecordID": "3705205", "Level": "5", "UserID": "S-1-5-18", "EventData.Verb": "PNG", "EventData.TrID": "306", "EventData.Namespace": "CON", "EventData.CorrelationVector": "nn/6rhUrhUSKOnqY.306", "EventData.Bytes": "74", "EventData.Payload": "UE5HIDMwNiBDT04gNTgNCk1TLUNWOiBubi82cmhVcmhVU0tPbnFZLjMwNg0KQ29udGV4dDogNDAzZWU2M2QzODgxNzMyZQ0KDQo=", "EventData.ConnectionType": "1"}
{"EventID": "1225", "Channel": "Microsoft-Windows-PushNotification-Platform/Operational", "Provider_Name": "Microsoft-Windows-PushNotifications-Platform", "Computer": "DESKTOP-OFJ6N53", "TimeCreated": "2025-08-26 06:58:27.990200+00:00", "RecordID": "3705206", "Level": "5", "UserID": "S-1-5-18", "EventData.Verb": "PNG", "EventData.TrID": "306", "EventData.Namespace": "CON", "EventData.CorrelationVector": "nn/6rhUrhUSKOnqY.306.0", "EventData.Bytes": "127", "EventData.Payload": "TVMtQ1Y6IG5uLzZyaFVyaFVTS09ucVkuMzA2LjANCg0KPHBpbmctcmVzcG9uc2U+PHdhaXQ+NDI8L3dhaXQ+PGNvbm5lY3Rpb24tc3RhdHVzPkNvbm5lY3RlZDwvY29ubmVjdGlvbi1zdGF0dXM+PC9waW5nLXJlc3BvbnNlPg==", "EventData.ConnectionType": "1"}
{"EventID": "1268", "Channel": "Microsoft-Windows-PushNotification-Platform/Operational", "Provider_Name": "Microsoft-Windows-PushNotifications-Platform", "Computer": "DESKTOP-OFJ6N53", "TimeCreated": "2025-08-26 06:58:27.990202+00:00", "RecordID": "3705207", "Level": "5", "UserID": "S-1-5-18", "EventData.Verb": "PNG", "EventData.TrID": "306", "EventData.Namespace": "CON", "EventData.CorrelationVector": "nn/6rhUrhUSKOnqY.306.0", "EventData.Bytes": "127", "EventData.Payload": "UE5HIDMwNiBDT04AMTI3DQpNUy1DVjogbm4vNnJoVXJoVVNLT25xWS4zMDYuMA0KDQo8cGluZy1yZXNwb25zZT48d2FpdD40Mjwvd2FpdD48Y29ubmVjdGlvbi1zdGF0dXM+Q29ubmVjdGVkPC9jb25uZWN0aW9uLXN0YXR1cw==", "EventData.ConnectionType": "1"}
{"EventID": "1223", "Channel": "Microsoft-Windows-PushNotification-Platform/Operational", "Provider_Name": "Microsoft-Windows-PushNotifications-Platform", "Computer": "DESKTOP-OFJ6N53", "TimeCreated": "2025-08-26 06:59:27.946789+00:00", "RecordID": "3705208", "Level": "5", "UserID": "S-1-5-18", "EventData.Verb": "PNG", "EventData.TrID": "307", "EventData.Namespace": "CON", "EventData.CorrelationVector": "nn/6rhUrhUSKOnqY.307", "EventData.Bytes": "29", "EventData.Payload": "Q29udGV4dDogNjRkMjkwNTdiMDBmNTUwMw0KDQo=", "EventData.ConnectionType": "1"}
{"EventID": "1267", "Channel": "Microsoft-Windows-PushNotification-Platform/Operational", "Provider_Name": "Microsoft-Windows-PushNotifications-Platform", "Computer": "DESKTOP-OFJ6N53", "TimeCreated": "2025-08-26 06:59:27.946791+00:00", "RecordID": "3705209", "Level": "5", "UserID": "S-1-5-18", "EventData.Verb": "PNG", "EventData.TrID": "307", "EventData.Namespace": "CON", "EventData.CorrelationVector": "nn/6rhUrhUSKOnqY.307", "EventData.Bytes": "74", "EventData.Payload": "UE5HIDMwNyBDT04gNTgNCk1TLUNWOiBubi82cmhVcmhVU0tPbnFZLjMwNw0KQ29udGV4dDogNjRkMjkwNTdiMDBmNTUwMw0KDQo=", "EventData.ConnectionType": "1"}
{"EventID": "1225", "Channel": "Microsoft-Windows-PushNotification-Platform/Operational", "Provider_Name": "Microsoft-Windows-PushNotifications-Platform", "Computer": "DESKTOP-OFJ6N53", "TimeCreated": "2025-08-26 06:59:27.993755+00:00", "RecordID": "3705210", "Level": "5", "UserID": "S-1-5-18", "EventData.Verb": "PNG", "EventData.TrID": "307", "EventData.Namespace": "CON", "EventData.CorrelationVector": "nn/6rhUrhUSKOnqY.307.0", "EventData.Bytes": "127", "EventData.Payload": "TVMtQ1Y6IG5uLzZyaFVyaFVTS09ucVkuMzA3LjANCg0KPHBpbmctcmVzcG9uc2U+PHdhaXQ+NDc8L3dhaXQ+PGNvbm5lY3Rpb24tc3RhdHVzPkNvbm5lY3RlZDwvY29ubmVjdGlvbi1zdGF0dXM+PC9waW5nLXJlc3BvbnNlPg==", "EventData.ConnectionType": "1"}
{"EventID": "1268", "Channel": "Microsoft-Windows-PushNotification-Platform/Operational", "Provider_Name": "Microsoft-Windows-PushNotifications-Platform", "Computer": "DESKTOP-OFJ6N53", "TimeCreated": "2025-08-26 06:59:27.993755+00:00", "RecordID": "3705211", "Level": "5", "UserID": "S-1-5-18", "EventData.Verb": "PNG", "EventData.TrID": "307", "EventData.Namespace": "CON", "EventData.CorrelationVector": "nn/6rhUrhUSKOnqY.307.0", "EventData.Bytes": "127", "EventData.Payload": "UE5HIDMwNyBDT04AMTI3DQpNUy1DVjogbm4vNnJoVXJoVVNLT25xWS4zMDcuMA0KDQo8cGluZy1yZXNwb25zZT48d2FpdD40Nzwvd2FpdD48Y29ubmVjdGlvbi1zdGF0dXM+Q29ubmVjdGVkPC9jb25uZWN0aW9uLXN0YXR1cw==", "EventData.ConnectionType": "1"}
{"EventID": "1223", "Channel": "Microsoft-Windows-PushNotification-Platform/Operational", "Provider_Name": "Microsoft-Windows-PushNotifications-Platform", "Computer": "DESKTOP-OFJ6N53", "TimeCreated": "2025-08-26 07:00:27.952251+00:00", "RecordID": "3705212", "Level": "5", "UserID": "S-1-5-18", "EventData.Verb": "PNG", "EventData.TrID": "308", "EventData.Namespace": "CON", "EventData.CorrelationVector": "nn/6rhUrhUSKOnqY.308", "EventData.Bytes": "29", "EventData.Payload": "Q29udGV4dDogYWQ0M2NkMWJkM2UxNjA4OA0KDQo=", "EventData.ConnectionType": "1"}
{"EventID": "1267", "Channel": "Microsoft-Windows-PushNotification-Platform/Operational", "Provider_Name": "Microsoft-Windows-PushNotifications-Platform", "Computer": "DESKTOP-OFJ6N53", "TimeCreated": "2025-08-26 07:00:27.952253+00:00", "RecordID": "3705213", "Level": "5", "UserID": "S-1-5-18", "EventData.Verb": "PNG", "EventData.TrID": "308", "EventData.Namespace": "CON", "EventData.CorrelationVector": "nn/6rhUrhUSKOnqY.308", "EventData.Bytes": "74", "EventData.Payload": "UE5HIDMwOCBDT04gNTgNCk1TLUNWOiBubi82cmhVcmhVU0tPbnFZLjMwOA0KQ29udGV4dDogYWQ0M2NkMWJkM2UxNjA4OA0KDQo=", "EventData.ConnectionType": "1"}
{"EventID": "1225", "Channel": "Microsoft-Windows-PushNotification-Platform/Operational", "Provider_Name": "Microsoft-Windows-PushNotifications-Platform", "Computer": "DESKTOP-OFJ6N53", "TimeCreated": "2025-08-26 07:00:27.999142+00:00", "RecordID": "3705214", "Level": "5", "UserID": "S-1-5-18", "EventData.Verb": "PNG", "EventData.TrID": "308", "EventData.Namespace": "CON", "EventData.CorrelationVector": "nn/6rhUrhUSKOnqY.308.0", "EventData.Bytes": "127", "EventData.Payload": "TVMtQ1Y6IG5uLzZyaFVyaFVTS09ucVkuMzA4LjANCg0KPHBpbmctcmVzcG9uc2U+PHdhaXQ+NDU8L3dhaXQ+PGNvbm5lY3Rpb24tc3RhdHVzPkNvbm5lY3RlZDwvY29ubmVjdGlvbi1zdGF0dXM+PC9waW5nLXJlc3BvbnNlPg==", "EventData.ConnectionType": "1"}
{"EventID": "1268", "Channel": "Microsoft-Windows-PushNotification-Platform/Operational", "Provider_Name": "Microsoft-Windows-PushNotifications-Platform", "Computer": "DESKTOP-OFJ6N53", "TimeCreated": "2025-08-26 07:00:27.999144+00:00", "RecordID": "3705215", "Level": "5", "UserID": "S-1-5-18", "EventData.Verb": "PNG", "EventData.TrID": "308", "EventData.Namespace": "CON", "EventData.CorrelationVector": "nn/6rhUrhUSKOnqY.308.0", "EventData.Bytes": "127", "EventData.Payload": "UE5HIDMwOCBDT04AMTI3DQpNUy1DVjogbm4vNnJoVXJoVVNLT25xWS4zMDguMA0KDQo8cGluZy1yZXNwb25zZT48d2FpdD40NTwvd2FpdD48Y29ubmVjdGlvbi1zdGF0dXM+Q29ubmVjdGVkPC9jb25uZWN0aW9uLXN0YXR1cw==", "EventData.ConnectionType": "1"}
{"EventID": "1223", "Channel": "Microsoft-Windows-PushNotification-Platform/Operational", "Provider_Name": "Microsoft-Windows-PushNotifications-Platform", "Computer": "DESKTOP-OFJ6N53", "TimeCreated": "2025-08-26 07:01:27.959675+00:00", "RecordID": "3705216", "Level": "5", "UserID": "S-1-5-18", "EventData.Verb": "PNG", "EventData.TrID": "309", "EventData.Namespace": "CON", "EventData.CorrelationVector": "nn/6rhUrhUSKOnqY.309", "EventData.Bytes": "28", "EventData.Payload": "Q29udGV4dDogN2IyNDdlYzg0ODZmMzU3DQoNCg==", "EventData.ConnectionType": "1"}
{"EventID": "1267", "Channel": "Microsoft-Windows-PushNotification-Platform/Operational", "Provider_Name": "Microsoft-Windows-PushNotifications-Platform", "Computer": "DESKTOP-OFJ6N53", "TimeCreated": "2025-08-26 07:01:27.959677+00:00", "RecordID": "3705217", "Level": "5", "UserID": "S-1-5-18", "EventData.Verb": "PNG", "EventData.TrID": "309", "EventData.Namespace": "CON", "EventData.CorrelationVector": "nn/6rhUrhUSKOnqY.309", "EventData.Bytes": "73", "EventData.Payload": "UE5HIDMwOSBDT04gNTcNCk1TLUNWOiBubi82cmhVcmhVU0tPbnFZLjMwOQ0KQ29udGV4dDogN2IyNDdlYzg0ODZmMzU3DQoNCg==", "EventData.ConnectionType": "1"}
{"EventID": "1225", "Channel": "Microsoft-Windows-PushNotification-Platform/Operational", "Provider_Name": "Microsoft-Windows-PushNotifications-Platform", "Computer": "DESKTOP-OFJ6N53", "TimeCreated": "2025-08-26 07:01:28.008886+00:00", "RecordID": "3705218", "Level": "5", "UserID": "S-1-5-18", "EventData.Verb": "PNG", "EventData.TrID": "309", "EventData.Namespace": "CON", "EventData.CorrelationVector": "nn/6rhUrhUSKOnqY.309.0", "EventData.Bytes": "127", "EventData.Payload": "TVMtQ1Y6IG5uLzZyaFVyaFVTS09ucVkuMzA5LjANCg0KPHBpbmctcmVzcG9uc2U+PHdhaXQ+NDI8L3dhaXQ+PGNvbm5lY3Rpb24tc3RhdHVzPkNvbm5lY3RlZDwvY29ubmVjdGlvbi1zdGF0dXM+PC9waW5nLXJlc3BvbnNlPg==", "EventData.ConnectionType": "1"}
{"EventID": "1268", "Channel": "Microsoft-Windows-PushNotification-Platform/Operational", "Provider_Name": "Microsoft-Windows-PushNotifications-Platform", "Computer": "DESKTOP-OFJ6N53", "TimeCreated": "2025-08-26 07:01:28.008886+00:00", "RecordID": "3705219", "Level": "5", "UserID": "S-1-5-18", "EventData.Verb": "PNG", "EventData.TrID": "309", "EventData.Namespace": "CON", "EventData.CorrelationVector": "nn/6rhUrhUSKOnqY.309.0", "EventData.Bytes": "127", "EventData.Payload": "UE5HIDMwOSBDT04AMTI3DQpNUy1DVjogbm4vNnJoVXJoVVNLT25xWS4zMDkuMA0KDQo8cGluZy1yZXNwb25zZT48d2FpdD40Mjwvd2FpdD48Y29ubmVjdGlvbi1zdGF0dXM+Q29ubmVjdGVkPC9jb25uZWN0aW9uLXN0YXR1cw==", "EventData.ConnectionType": "1"}
{"EventID": "1223", "Channel": "Microsoft-Windows-PushNotification-Platform/Operational", "Provider_Name": "Microsoft-Windows-PushNotifications-Platform", "Computer": "DESKTOP-OFJ6N53", "TimeCreated": "2025-08-26 07:02:27.970964+00:00", "RecordID": "3705220", "Level": "5", "UserID": "S-1-5-18", "EventData.Verb": "PNG", "EventData.TrID": "310", "EventData.Namespace": "CON", "EventData.CorrelationVector": "nn/6rhUrhUSKOnqY.310", "EventData.Bytes": "28", "EventData.Payload": "Q29udGV4dDogNGQzMzBmMWQxM2FiYWJjDQoNCg==", "EventData.ConnectionType": "1"}
{"EventID": "1267", "Channel": "Microsoft-Windows-PushNotification-Platform/Operational", "Provider_Name": "Microsoft-Windows-PushNotifications-Platform", "Computer": "DESKTOP-OFJ6N53", "TimeCreated": "2025-08-26 07:02:27.970966+00:00", "RecordID": "3705221", "Level": "5", "UserID": "S-1-5-18", "EventData.Verb": "PNG", "EventData.TrID": "310", "EventData.Namespace": "CON", "EventData.CorrelationVector": "nn/6rhUrhUSKOnqY.310", "EventData.Bytes": "73", "EventData.Payload": "UE5HIDMxMCBDT04gNTcNCk1TLUNWOiBubi82cmhVcmhVU0tPbnFZLjMxMA0KQ29udGV4dDogNGQzMzBmMWQxM2FiYWJjDQoNCg==", "EventData.ConnectionType": "1"}
{"EventID": "1225", "Channel": "Microsoft-Windows-PushNotification-Platform/Operational", "Provider_Name": "Microsoft-Windows-PushNotifications-Platform", "Computer": "DESKTOP-OFJ6N53", "TimeCreated": "2025-08-26 07:02:28.017935+00:00", "RecordID": "3705222", "Level": "5", "UserID": "S-1-5-18", "EventData.Verb": "PNG", "EventData.TrID": "310", "EventData.Namespace": "CON", "EventData.CorrelationVector": "nn/6rhUrhUSKOnqY.310.0", "EventData.Bytes": "127", "EventData.Payload": "TVMtQ1Y6IG5uLzZyaFVyaFVTS09ucVkuMzEwLjANCg0KPHBpbmctcmVzcG9uc2U+PHdhaXQ+NDI8L3dhaXQ+PGNvbm5lY3Rpb24tc3RhdHVzPkNvbm5lY3RlZDwvY29ubmVjdGlvbi1zdGF0dXM+PC9waW5nLXJlc3BvbnNlPg==", "EventData.ConnectionType": "1"}
{"EventID": "1268", "Channel": "Microsoft-Windows-PushNotification-Platform/Operational", "Provider_Name": "Microsoft-Windows-PushNotifications-Platform", "Computer": "DESKTOP-OFJ6N53", "TimeCreated": "2025-08-26 07:02:28.017937+00:00", "RecordID": "3705223", "Level": "5", "UserID": "S-1-5-18", "EventData.Verb": "PNG", "EventData.TrID": "310", "EventData.Namespace": "CON", "EventData.CorrelationVector": "nn/6rhUrhUSKOnqY.310.0", "EventData.Bytes": "127", "EventData.Payload": "UE5HIDMxMCBDT04AMTI3DQpNUy1DVjogbm4vNnJoVXJoVVNLT25xWS4zMTAuMA0KDQo8cGluZy1yZXNwb25zZT48d2FpdD40Mjwvd2FpdD48Y29ubmVjdGlvbi1zdGF0dXM+Q29ubmVjdGVkPC9jb25uZWN0aW9uLXN0YXR1cw==", "EventData.ConnectionType": "1"}
{"EventID": "1223", "Channel": "Microsoft-Windows-PushNotification-Platform/Operational", "Provider_Name": "Microsoft-Windows-PushNotifications-Platform", "Computer": "DESKTOP-OFJ6N53", "TimeCreated": "2025-08-26 07:03:27.980707+00:00", "RecordID": "3705224", "Level": "5", "UserID": "S-1-5-18", "EventData.Verb": "PNG", "EventData.TrID": "311", "EventData.Namespace": "CON", "EventData.CorrelationVector": "nn/6rhUrhUSKOnqY.311", "EventData.Bytes": "29", "EventData.Payload": "Q29udGV4dDogZjFhOTIzMGFlNDk2ZTcwNA0KDQo=", "EventData.ConnectionType": "1"}
{"EventID": "1267", "Channel": "Microsoft-Windows-PushNotification-Platform/Operational", "Provider_Name": "Microsoft-Windows-PushNotifications-Platform", "Computer": "DESKTOP-OFJ6N53", "TimeCreated": "2025-08-26 07:03:27.980709+00:00", "RecordID": "3705225", "Level": "5", "UserID": "S-1-5-18", "EventData.Verb": "PNG", "EventData.TrID": "311", "EventData.Namespace": "CON", "EventData.CorrelationVector": "nn/6rhUrhUSKOnqY.311", "EventData.Bytes": "74", "EventData.Payload": "UE5HIDMxMSBDT04gNTgNCk1TLUNWOiBubi82cmhVcmhVU0tPbnFZLjMxMQ0KQ29udGV4dDogZjFhOTIzMGFlNDk2ZTcwNA0KDQo=", "EventData.ConnectionType": "1"}
{"EventID": "1225", "Channel": "Microsoft-Windows-PushNotification-Platform/Operational", "Provider_Name": "Microsoft-Windows-PushNotifications-Platform", "Computer": "DESKTOP-OFJ6N53", "TimeCreated": "2025-08-26 07:03:28.027813+00:00", "RecordID": "3705226", "Level": "5", "UserID": "S-1-5-18", "EventData.Verb": "PNG", "EventData.TrID": "311", "EventData.Namespace": "CON", "EventData.CorrelationVector": "nn/6rhUrhUSKOnqY.311.0", "EventData.Bytes": "127", "EventData.Payload": "TVMtQ1Y6IG5uLzZyaFVyaFVTS09ucVkuMzExLjANCg0KPHBpbmctcmVzcG9uc2U+PHdhaXQ+NDI8L3dhaXQ+PGNvbm5lY3Rpb24tc3RhdHVzPkNvbm5lY3RlZDwvY29ubmVjdGlvbi1zdGF0dXM+PC9waW5nLXJlc3BvbnNlPg==", "EventData.ConnectionType": "1"}
{"EventID": "1268", "Channel": "Microsoft-Windows-PushNotification-Platform/Operational", "Provider_Name": "Microsoft-Windows-PushNotifications-Platform", "Computer": "DESKTOP-OFJ6N53", "TimeCreated": "2025-08-26 07:03:28.027815+00:00", "RecordID": "3705227", "Level": "5", "UserID": "S-1-5-18", "EventData.Verb": "PNG", "EventData.TrID": "311", "EventData.Namespace": "CON", "EventData.CorrelationVector": "nn/6rhUrhUSKOnqY.311.0", "EventData.Bytes": "127", "EventData.Payload": "UE5HIDMxMSBDT04AMTI3DQpNUy1DVjogbm4vNnJoVXJoVVNLT25xWS4zMTEuMA0KDQo8cGluZy1yZXNwb25zZT48d2FpdD40Mjwvd2FpdD48Y29ubmVjdGlvbi1zdGF0dXM+Q29ubmVjdGVkPC9jb25uZWN0aW9uLXN0YXR1cw==", "EventData.ConnectionType": "1"}
{"EventID": "1223", "Channel": "Microsoft-Windows-PushNotification-Platform/Operational", "Provider_Name": "Microsoft-Windows-PushNotifications-Platform", "Computer": "DESKTOP-OFJ6N53", "TimeCreated": "2025-08-26 07:04:28.089369+00:00", "RecordID": "3705228", "Level": "5", "UserID": "S-1-5-18", "EventData.Verb": "PNG", "EventData.TrID": "312", "EventData.Namespace": "CON", "EventData.CorrelationVector": "nn/6rhUrhUSKOnqY.312", "EventData.Bytes": "29", "EventData.Payload": "Q29udGV4dDogZGM0ZjI0OGViNzMwYzc2OA0KDQo=", "EventData.ConnectionType": "1"}
{"EventID": "1267", "Channel": "Microsoft-Windows-PushNotification-Platform/Operational", "Provider_Name": "Microsoft-Windows-PushNotifications-Platform", "Computer": "DESKTOP-OFJ6N53", "TimeCreated": "2025-08-26 07:04:28.089369+00:00", "RecordID": "3705229", "Level": "5", "UserID": "S-1-5-18", "EventData.Verb": "PNG", "EventData.TrID": "312", "EventData.Namespace": "CON", "EventData.CorrelationVector": "nn/6rhUrhUSKOnqY.312", "EventData.Bytes": "74", "EventData.Payload": "UE5HIDMxMiBDT04gNTgNCk1TLUNWOiBubi82cmhVcmhVU0tPbnFZLjMxMg0KQ29udGV4dDogZGM0ZjI0OGViNzMwYzc2OA0KDQo=", "EventData.ConnectionType": "1"}
{"EventID": "1225", "Channel": "Microsoft-Windows-PushNotification-Platform/Operational", "Provider_Name": "Microsoft-Windows-PushNotifications-Platform", "Computer": "DESKTOP-OFJ6N53", "TimeCreated": "2025-08-26 07:04:28.136709+00:00", "RecordID": "3705230", "Level": "5", "UserID": "S-1-5-18", "EventData.Verb": "PNG", "EventData.TrID": "312", "EventData.Namespace": "CON", "EventData.CorrelationVector": "nn/6rhUrhUSKOnqY.312.0", "EventData.Bytes": "127", "EventData.Payload": "TVMtQ1Y6IG5uLzZyaFVyaFVTS09ucVkuMzEyLjANCg0KPHBpbmctcmVzcG9uc2U+PHdhaXQ+NDM8L3dhaXQ+PGNvbm5lY3Rpb24tc3RhdHVzPkNvbm5lY3RlZDwvY29ubmVjdGlvbi1zdGF0dXM+PC9waW5nLXJlc3BvbnNlPg==", "EventData.ConnectionType": "1"}
{"EventID": "1268", "Channel": "Microsoft-Windows-PushNotification-Platform/Operational", "Provider_Name": "Microsoft-Windows-PushNotifications-Platform", "Computer": "DESKTOP-OFJ6N53", "TimeCreated": "2025-08-26 07:04:28.136711+00:00", "RecordID": "3705231", "Level": "5", "UserID": "S-1-5-18", "EventData.Verb": "PNG", "EventData.TrID": "312", "EventData.Namespace": "CON", "EventData.CorrelationVector": "nn/6rhUrhUSKOnqY.312.0", "EventData.Bytes": "127", "EventData.Payload": "UE5HIDMxMiBDT04AMTI3DQpNUy1DVjogbm4vNnJoVXJoVVNLT25xWS4zMTIuMA0KDQo8cGluZy1yZXNwb25zZT48d2FpdD40Mzwvd2FpdD48Y29ubmVjdGlvbi1zdGF0dXM+Q29ubmVjdGVkPC9jb25uZWN0aW9uLXN0YXR1cw==", "EventData.ConnectionType": "1"}
{"EventID": "1223", "Channel": "Microsoft-Windows-PushNotification-Platform/Operational", "Provider_Name": "Microsoft-Windows-PushNotifications-Platform", "Computer": "DESKTOP-OFJ6N53", "TimeCreated": "2025-08-26 07:05:28.091520+00:00", "RecordID": "3705232", "Level": "5", "UserID": "S-1-5-18", "EventData.Verb": "PNG", "EventData.TrID": "313", "EventData.Namespace": "CON", "EventData.CorrelationVector": "nn/6rhUrhUSKOnqY.313", "EventData.Bytes": "29", "EventData.Payload": "Q29udGV4dDogYTI3MzAwMWM2ODExOWQ4ZA0KDQo=", "EventData.ConnectionType": "1"}
{"EventID": "1267", "Channel": "Microsoft-Windows-PushNotification-Platform/Operational", "Provider_Name": "Microsoft-Windows-PushNotifications-Platform", "Computer": "DESKTOP-OFJ6N53", "TimeCreated": "2025-08-26 07:05:28.091520+00:00", "RecordID": "3705233", "Level": "5", "UserID": "S-1-5-18", "EventData.Verb": "PNG", "EventData.TrID": "313", "EventData.Namespace": "CON", "EventData.CorrelationVector": "nn/6rhUrhUSKOnqY.313", "EventData.Bytes": "74", "EventData.Payload": "UE5HIDMxMyBDT04gNTgNCk1TLUNWOiBubi82cmhVcmhVU0tPbnFZLjMxMw0KQ29udGV4dDogYTI3MzAwMWM2ODExOWQ4ZA0KDQo=", "EventData.ConnectionType": "1"}
{"EventID": "1225", "Channel": "Microsoft-Windows-PushNotification-Platform/Operational", "Provider_Name": "Microsoft-Windows-PushNotifications-Platform", "Computer": "DESKTOP-OFJ6N53", "TimeCreated": "2025-08-26 07:05:28.138556+00:00", "RecordID": "3705234", "Level": "5", "UserID": "S-1-5-18", "EventData.Verb": "PNG", "EventData.TrID": "313", "EventData.Namespace": "CON", "EventData.CorrelationVector": "nn/6rhUrhUSKOnqY.313.0", "EventData.Bytes": "127", "EventData.Payload": "TVMtQ1Y6IG5uLzZyaFVyaFVTS09ucVkuMzEzLjANCg0KPHBpbmctcmVzcG9uc2U+PHdhaXQ+NDM8L3dhaXQ+PGNvbm5lY3Rpb24tc3RhdHVzPkNvbm5lY3RlZDwvY29ubmVjdGlvbi1zdGF0dXM+PC9waW5nLXJlc3BvbnNlPg==", "EventData.ConnectionType": "1"}
{"EventID": "1268", "Channel": "Microsoft-Windows-PushNotification-Platform/Operational", "Provider_Name": "Microsoft-Windows-PushNotifications-Platform", "Computer": "DESKTOP-OFJ6N53", "TimeCreated": "2025-08-26 07:05:28.138559+00:00", "RecordID": "3705235", "Level": "5", "UserID": "S-1-5-18", "EventData.Verb": "PNG", "EventData.TrID": "313", "EventData.Namespace": "CON", "EventData.CorrelationVector": "nn/6rhUrhUSKOnqY.313.0", "EventData.Bytes": "127", "EventData.Payload": "UE5HIDMxMyBDT04AMTI3DQpNUy1DVjogbm4vNnJoVXJoVVNLT25xWS4zMTMuMA0KDQo8cGluZy1yZXNwb25zZT48d2FpdD40Mzwvd2FpdD48Y29ubmVjdGlvbi1zdGF0dXM+Q29ubmVjdGVkPC9jb25uZWN0aW9uLXN0YXR1cw==", "EventData.ConnectionType": "1"}
{"EventID": "1223", "Channel": "Microsoft-Windows-PushNotification-Platform/Operational", "Provider_Name": "Microsoft-Windows-PushNotifications-Platform", "Computer": "DESKTOP-OFJ6N53", "TimeCreated": "2025-08-26 07:06:28.105835+00:00", "RecordID": "3705236", "Level": "5", "UserID": "S-1-5-18", "EventData.Verb": "PNG", "EventData.TrID": "314", "EventData.Namespace": "CON", "EventData.CorrelationVector": "nn/6rhUrhUSKOnqY.314", "EventData.Bytes": "29", "EventData.Payload": "Q29udGV4dDogZDFhZDg2OWQyMGU2ZjIwYQ0KDQo=", "EventData.ConnectionType": "1"}
{"EventID": "1267", "Channel": "Microsoft-Windows-PushNotification-Platform/Operational", "Provider_Name": "Microsoft-Windows-PushNotifications-Platform", "Computer": "DESKTOP-OFJ6N53", "TimeCreated": "2025-08-26 07:06:28.105837+00:00", "RecordID": "3705237", "Level": "5", "UserID": "S-1-5-18", "EventData.Verb": "PNG", "EventData.TrID": "314", "EventData.Namespace": "CON", "EventData.CorrelationVector": "nn/6rhUrhUSKOnqY.314", "EventData.Bytes": "74", "EventData.Payload": "UE5HIDMxNCBDT04gNTgNCk1TLUNWOiBubi82cmhVcmhVU0tPbnFZLjMxNA0KQ29udGV4dDogZDFhZDg2OWQyMGU2ZjIwYQ0KDQo=", "EventData.ConnectionType": "1"}
{"EventID": "1225", "Channel": "Microsoft-Windows-PushNotification-Platform/Operational", "Provider_Name": "Microsoft-Windows-PushNotifications-Platform", "Computer": "DESKTOP-OFJ6N53", "TimeCreated": "2025-08-26 07:06:28.152779+00:00", "RecordID": "3705238", "Level": "5", "UserID": "S-1-5-18", "EventData.Verb": "PNG", "EventData.TrID": "314", "EventData.Namespace": "CON", "EventData.CorrelationVector": "nn/6rhUrhUSKOnqY.314.0", "EventData.Bytes": "127", "EventData.Payload": "TVMtQ1Y6IG5uLzZyaFVyaFVTS09ucVkuMzE0LjANCg0KPHBpbmctcmVzcG9uc2U+PHdhaXQ+NTA8L3dhaXQ+PGNvbm5lY3Rpb24tc3RhdHVzPkNvbm5lY3RlZDwvY29ubmVjdGlvbi1zdGF0dXM+PC9waW5nLXJlc3BvbnNlPg==", "EventData.ConnectionType": "1"}
{"EventID": "1268", "Channel": "Microsoft-Windows-PushNotification-Platform/Operational", "Provider_Name": "Microsoft-Windows-PushNotifications-Platform", "Computer": "DESKTOP-OFJ6N53", "TimeCreated": "2025-08-26 07:06:28.152781+00:00", "RecordID": "3705239", "Level": "5", "UserID": "S-1-5-18", "EventData.Verb": "PNG", "EventData.TrID": "314", "EventData.Namespace": "CON", "EventData.CorrelationVector": "nn/6rhUrhUSKOnqY.314.0", "EventData.Bytes": "127", "EventData.Payload": "UE5HIDMxNCBDT04AMTI3DQpNUy1DVjogbm4vNnJoVXJoVVNLT25xWS4zMTQuMA0KDQo8cGluZy1yZXNwb25zZT48d2FpdD41MDwvd2FpdD48Y29ubmVjdGlvbi1zdGF0dXM+Q29ubmVjdGVkPC9jb25uZWN0aW9uLXN0YXR1cw==", "EventData.ConnectionType": "1"}
{"EventID": "1223", "Channel": "Microsoft-Windows-PushNotification-Platform/Operational", "Provider_Name": "Microsoft-Windows-PushNotifications-Platform", "Computer": "DESKTOP-OFJ6N53", "TimeCreated": "2025-08-26 07:07:28.112988+00:00", "RecordID": "3705240", "Level": "5", "UserID": "S-1-5-18", "EventData.Verb": "PNG", "EventData.TrID": "315", "EventData.Namespace": "CON", "EventData.CorrelationVector": "nn/6rhUrhUSKOnqY.315", "EventData.Bytes": "29", "EventData.Payload": "Q29udGV4dDogMjI0N2MxYWUxNTM4N2M1Yw0KDQo=", "EventData.ConnectionType": "1"}
{"EventID": "1267", "Channel": "Microsoft-Windows-PushNotification-Platform/Operational", "Provider_Name": "Microsoft-Windows-PushNotifications-Platform", "Computer": "DESKTOP-OFJ6N53", "TimeCreated": "2025-08-26 07:07:28.112988+00:00", "RecordID": "3705241", "Level": "5", "UserID": "S-1-5-18", "EventData.Verb": "PNG", "EventData.TrID": "315", "EventData.Namespace": "CON", "EventData.CorrelationVector": "nn/6rhUrhUSKOnqY.315", "EventData.Bytes": "74", "EventData.Payload": "UE5HIDMxNSBDT04gNTgNCk1TLUNWOiBubi82cmhVcmhVU0tPbnFZLjMxNQ0KQ29udGV4dDogMjI0N2MxYWUxNTM4N2M1Yw0KDQo=", "EventData.ConnectionType": "1"}
{"EventID": "1225", "Channel": "Microsoft-Windows-PushNotification-Platform/Operational", "Provider_Name": "Microsoft-Windows-PushNotifications-Platform", "Computer": "DESKTOP-OFJ6N53", "TimeCreated": "2025-08-26 07:07:28.160862+00:00", "RecordID": "3705242", "Level": "5", "UserID": "S-1-5-18", "EventData.Verb": "PNG", "EventData.TrID": "315", "EventData.Namespace": "CON", "EventData.CorrelationVector": "nn/6rhUrhUSKOnqY.315.0", "EventData.Bytes": "127", "EventData.Payload": "TVMtQ1Y6IG5uLzZyaFVyaFVTS09ucVkuMzE1LjANCg0KPHBpbmctcmVzcG9uc2U+PHdhaXQ+NDg8L3dhaXQ+PGNvbm5lY3Rpb24tc3RhdHVzPkNvbm5lY3RlZDwvY29ubmVjdGlvbi1zdGF0dXM+PC9waW5nLXJlc3BvbnNlPg==", "EventData.ConnectionType": "1"}
{"EventID": "1268", "Channel": "Microsoft-Windows-PushNotification-Platform/Operational", "Provider_Name": "Microsoft-Windows-PushNotifications-Platform", "Computer": "DESKTOP-OFJ6N53", "TimeCreated": "2025-08-26 07:07:28.160864+00:00", "RecordID": "3705243", "Level": "5", "UserID": "S-1-5-18", "EventData.Verb": "PNG", "EventData.TrID": "315", "EventData.Namespace": "CON", "EventData.CorrelationVector": "nn/6rhUrhUSKOnqY.315.0", "EventData.Bytes": "127", "EventData.Payload": "UE5HIDMxNSBDT04AMTI3DQpNUy1DVjogbm4vNnJoVXJoVVNLT25xWS4zMTUuMA0KDQo8cGluZy1yZXNwb25zZT48d2FpdD40ODwvd2FpdD48Y29ubmVjdGlvbi1zdGF0dXM+Q29ubmVjdGVkPC9jb25uZWN0aW9uLXN0YXR1cw==", "EventData.ConnectionType": "1"}
{"EventID": "42", "Channel": "Microsoft-Windows-PushNotification-Platform/Operational", "Provider_Name": "Microsoft-Windows-PushNotifications-Platform", "Computer": "DESKTOP-OFJ6N53", "TimeCreated": "2025-08-26 07:07:43.576303+00:00", "RecordID": "3705244", "Level": "4", "UserID": "S-1-5-21-963789628-1060504924-4285088085-1001", "EventData.GroupPolicyValue": "True", "EventData.MDMPolicyValue": "True"}
{"EventID": "37", "Channel": "Microsoft-Windows-PushNotification-Platform/Operational", "Provider_Name": "Microsoft-Windows-PushNotifications-Platform", "Computer": "DESKTOP-OFJ6N53", "TimeCreated": "2025-08-26 07:07:43.576378+00:00", "RecordID": "3705245", "Level": "4", "UserID": "S-1-5-21-963789628-1060504924-4285088085-1001", "EventData.ChannelsExist": "True"}
{"EventID": "1022", "Channel": "Microsoft-Windows-PushNotification-Platform/Operational", "Provider_Name": "Microsoft-Windows-PushNotifications-Platform", "Computer": "DESKTOP-OFJ6N53", "TimeCreated": "2025-08-26 07:07:43.667597+00:00", "RecordID": "3705246", "Level": "4", "UserID": "S-1-5-21-963789628-1060504924-4285088085-1001"}
{"EventID": "3053", "Channel": "Microsoft-Windows-PushNotification-Platform/Operational", "Provider_Name": "Microsoft-Windows-PushNotifications-Platform", "Computer": "DESKTOP-OFJ6N53", "TimeCreated": "2025-08-26 07:07:48.063196+00:00", "RecordID": "3705247", "Level": "4", "UserID": "S-1-5-21-963789628-1060504924-4285088085-1001", "EventData.NotificationType": "tile", "EventData.TrackingId": "16183", "EventData.AppUserModelId": "Microsoft.Office.OneNote_8wekyb3d8bbwe!microsoft.onenoteim", "EventData.SessionId": "2", "EventData.MessageId": "{e94b5b94-d58c-4484-8138-198e02aa7053}"}
{"EventID": "1223", "Channel": "Microsoft-Windows-PushNotification-Platform/Operational", "Provider_Name": "Microsoft-Windows-PushNotifications-Platform", "Computer": "DESKTOP-OFJ6N53", "TimeCreated": "2025-08-26 07:08:28.123199+00:00", "RecordID": "3705248", "Level": "5", "UserID": "S-1-5-18", "EventData.Verb": "PNG", "EventData.TrID": "316", "EventData.Namespace": "CON", "EventData.CorrelationVector": "nn/6rhUrhUSKOnqY.316", "EventData.Bytes": "29", "EventData.Payload": "Q29udGV4dDogNmRhNDQ3YWQzN2RmYmVhMw0KDQo=", "EventData.ConnectionType": "1"}
{"EventID": "1267", "Channel": "Microsoft-Windows-PushNotification-Platform/Operational", "Provider_Name": "Microsoft-Windows-PushNotifications-Platform", "Computer": "DESKTOP-OFJ6N53", "TimeCreated": "2025-08-26 07:08:28.123201+00:00", "RecordID": "3705249", "Level": "5", "UserID": "S-1-5-18", "EventData.Verb": "PNG", "EventData.TrID": "316", "EventData.Namespace": "CON", "EventData.CorrelationVector": "nn/6rhUrhUSKOnqY.316", "EventData.Bytes": "74", "EventData.Payload": "UE5HIDMxNiBDT04gNTgNCk1TLUNWOiBubi82cmhVcmhVU0tPbnFZLjMxNg0KQ29udGV4dDogNmRhNDQ3YWQzN2RmYmVhMw0KDQo=", "EventData.ConnectionType": "1"}
{"EventID": "1225", "Channel": "Microsoft-Windows-PushNotification-Platform/Operational", "Provider_Name": "Microsoft-Windows-PushNotifications-Platform", "Computer": "DESKTOP-OFJ6N53", "TimeCreated": "2025-08-26 07:08:28.174145+00:00", "RecordID": "3705250", "Level": "5", "UserID": "S-1-5-18", "EventData.Verb": "PNG", "EventData.TrID": "316", "EventData.Namespace": "CON", "EventData.CorrelationVector": "nn/6rhUrhUSKOnqY.316.0", "EventData.Bytes": "127", "EventData.Payload": "TVMtQ1Y6IG5uLzZyaFVyaFVTS09ucVkuMzE2LjANCg0KPHBpbmctcmVzcG9uc2U+PHdhaXQ+NDg8L3dhaXQ+PGNvbm5lY3Rpb24tc3RhdHVzPkNvbm5lY3RlZDwvY29ubmVjdGlvbi1zdGF0dXM+PC9waW5nLXJlc3BvbnNlPg==", "EventData.ConnectionType": "1"}
{"EventID": "1268", "Channel": "Microsoft-Windows-PushNotification-Platform/Operational", "Provider_Name": "Microsoft-Windows-PushNotifications-Platform", "Computer": "DESKTOP-OFJ6N53", "TimeCreated": "2025-08-26 07:08:28.174147+00:00", "RecordID": "3705251", "Level": "5", "UserID": "S-1-5-18", "EventData.Verb": "PNG", "EventData.TrID": "316", "EventData.Namespace": "CON", "EventData.CorrelationVector": "nn/6rhUrhUSKOnqY.316.0", "EventData.Bytes": "127", "EventData.Payload": "UE5HIDMxNiBDT04AMTI3DQpNUy1DVjogbm4vNnJoVXJoVVNLT25xWS4zMTYuMA0KDQo8cGluZy1yZXNwb25zZT48d2FpdD40ODwvd2FpdD48Y29ubmVjdGlvbi1zdGF0dXM+Q29ubmVjdGVkPC9jb25uZWN0aW9uLXN0YXR1cw==", "EventData.ConnectionType": "1"}
{"EventID": "1223", "Channel": "Microsoft-Windows-PushNotification-Platform/Operational", "Provider_Name": "Microsoft-Windows-PushNotifications-Platform", "Computer": "DESKTOP-OFJ6N53", "TimeCreated": "2025-08-26 07:09:28.207209+00:00", "RecordID": "3705252", "Level": "5", "UserID": "S-1-5-18", "EventData.Verb": "PNG", "EventData.TrID": "317", "EventData.Namespace": "CON", "EventData.CorrelationVector": "nn/6rhUrhUSKOnqY.317", "EventData.Bytes": "29", "EventData.Payload": "Q29udGV4dDogN2YxYjVlZTlmMjY0MjNmNA0KDQo=", "EventData.ConnectionType": "1"}
{"EventID": "1267", "Channel": "Microsoft-Windows-PushNotification-Platform/Operational", "Provider_Name": "Microsoft-Windows-PushNotifications-Platform", "Computer": "DESKTOP-OFJ6N53", "TimeCreated": "2025-08-26 07:09:28.207211+00:00", "RecordID": "3705253", "Level": "5", "UserID": "S-1-5-18", "EventData.Verb": "PNG", "EventData.TrID": "317", "EventData.Namespace": "CON", "EventData.CorrelationVector": "nn/6rhUrhUSKOnqY.317", "EventData.Bytes": "74", "EventData.Payload": "UE5HIDMxNyBDT04gNTgNCk1TLUNWOiBubi82cmhVcmhVU0tPbnFZLjMxNw0KQ29udGV4dDogN2YxYjVlZTlmMjY0MjNmNA0KDQo=", "EventData.ConnectionType": "1"}
{"EventID": "1225", "Channel": "Microsoft-Windows-PushNotification-Platform/Operational", "Provider_Name": "Microsoft-Windows-PushNotifications-Platform", "Computer": "DESKTOP-OFJ6N53", "TimeCreated": "2025-08-26 07:09:28.358208+00:00", "RecordID": "3705254", "Level": "5", "UserID": "S-1-5-18", "EventData.Verb": "PNG", "EventData.TrID": "317", "EventData.Namespace": "CON", "EventData.CorrelationVector": "nn/6rhUrhUSKOnqY.317.0", "EventData.Bytes": "127", "EventData.Payload": "TVMtQ1Y6IG5uLzZyaFVyaFVTS09ucVkuMzE3LjANCg0KPHBpbmctcmVzcG9uc2U+PHdhaXQ+NDM8L3dhaXQ+PGNvbm5lY3Rpb24tc3RhdHVzPkNvbm5lY3RlZDwvY29ubmVjdGlvbi1zdGF0dXM+PC9waW5nLXJlc3BvbnNlPg==", "EventData.ConnectionType": "1"}
{"EventID": "1268", "Channel": "Microsoft-Windows-PushNotification-Platform/Operational", "Provider_Name": "Microsoft-Windows-PushNotifications-Platform", "Computer": "DESKTOP-OFJ6N53", "TimeCreated": "2025-08-26 07:09:28.358210+00:00", "RecordID": "3705255", "Level": "5", "UserID": "S-1-5-18", "EventData.Verb": "PNG", "EventData.TrID": "317", "EventData.Namespace": "CON", "EventData.CorrelationVector": "nn/6rhUrhUSKOnqY.317.0", "EventData.Bytes": "127", "EventData.Payload": "UE5HIDMxNyBDT04AMTI3DQpNUy1DVjogbm4vNnJoVXJoVVNLT25xWS4zMTcuMA0KDQo8cGluZy1yZXNwb25zZT48d2FpdD40Mzwvd2FpdD48Y29ubmVjdGlvbi1zdGF0dXM+Q29ubmVjdGVkPC9jb25uZWN0aW9uLXN0YXR1cw==", "EventData.ConnectionType": "1"}
{"EventID": "1223", "Channel": "Microsoft-Windows-PushNotification-Platform/Operational", "Provider_Name": "Microsoft-Windows-PushNotifications-Platform", "Computer": "DESKTOP-OFJ6N53", "TimeCreated": "2025-08-26 07:10:28.210114+00:00", "RecordID": "3705256", "Level": "5", "UserID": "S-1-5-18", "EventData.Verb": "PNG", "EventData.TrID": "318", "EventData.Namespace": "CON", "EventData.CorrelationVector": "nn/6rhUrhUSKOnqY.318", "EventData.Bytes": "29", "EventData.Payload": "Q29udGV4dDogMTU3NTllZjZmYTJlN2EzZQ0KDQo=", "EventData.ConnectionType": "1"}
{"EventID": "1267", "Channel": "Microsoft-Windows-PushNotification-Platform/Operational", "Provider_Name": "Microsoft-Windows-PushNotifications-Platform", "Computer": "DESKTOP-OFJ6N53", "TimeCreated": "2025-08-26 07:10:28.210114+00:00", "RecordID": "3705257", "Level": "5", "UserID": "S-1-5-18", "EventData.Verb": "PNG", "EventData.TrID": "318", "EventData.Namespace": "CON", "EventData.CorrelationVector": "nn/6rhUrhUSKOnqY.318", "EventData.Bytes": "74", "EventData.Payload": "UE5HIDMxOCBDT04gNTgNCk1TLUNWOiBubi82cmhVcmhVU0tPbnFZLjMxOA0KQ29udGV4dDogMTU3NTllZjZmYTJlN2EzZQ0KDQo=", "EventData.ConnectionType": "1"}
{"EventID": "1225", "Channel": "Microsoft-Windows-PushNotification-Platform/Operational", "Provider_Name": "Microsoft-Windows-PushNotifications-Platform", "Computer": "DESKTOP-OFJ6N53", "TimeCreated": "2025-08-26 07:10:28.257006+00:00", "RecordID": "3705258", "Level": "5", "UserID": "S-1-5-18", "EventData.Verb": "PNG", "EventData.TrID": "318", "EventData.Namespace": "CON", "EventData.CorrelationVector": "nn/6rhUrhUSKOnqY.318.0", "EventData.Bytes": "127", "EventData.Payload": "TVMtQ1Y6IG5uLzZyaFVyaFVTS09ucVkuMzE4LjANCg0KPHBpbmctcmVzcG9uc2U+PHdhaXQ+NDQ8L3dhaXQ+PGNvbm5lY3Rpb24tc3RhdHVzPkNvbm5lY3RlZDwvY29ubmVjdGlvbi1zdGF0dXM+PC9waW5nLXJlc3BvbnNlPg==", "EventData.ConnectionType": "1"}
{"EventID": "1268", "Channel": "Microsoft-Windows-PushNotification-Platform/Operational", "Provider_Name": "Microsoft-Windows-PushNotifications-Platform", "Computer": "DESKTOP-OFJ6N53", "TimeCreated": "2025-08-26 07:10:28.257008+00:00", "RecordID": "3705259", "Level": "5", "UserID": "S-1-5-18", "EventData.Verb": "PNG", "EventData.TrID": "318", "EventData.Namespace": "CON", "EventData.CorrelationVector": "nn/6rhUrhUSKOnqY.318.0", "EventData.Bytes": "127", "EventData.Payload": "UE5HIDMxOCBDT04AMTI3DQpNUy1DVjogbm4vNnJoVXJoVVNLT25xWS4zMTguMA0KDQo8cGluZy1yZXNwb25zZT48d2FpdD40NDwvd2FpdD48Y29ubmVjdGlvbi1zdGF0dXM+Q29ubmVjdGVkPC9jb25uZWN0aW9uLXN0YXR1cw==", "EventData.ConnectionType": "1"}
{"EventID": "1223", "Channel": "Microsoft-Windows-PushNotification-Platform/Operational", "Provider_Name": "Microsoft-Windows-PushNotifications-Platform", "Computer": "DESKTOP-OFJ6N53", "TimeCreated": "2025-08-26 07:11:28.235580+00:00", "RecordID": "3705260", "Level": "5", "UserID": "S-1-5-18", "EventData.Verb": "PNG", "EventData.TrID": "319", "EventData.Namespace": "CON", "EventData.CorrelationVector": "nn/6rhUrhUSKOnqY.319", "EventData.Bytes": "29", "EventData.Payload": "Q29udGV4dDogODdjNjk0YmM3Mjg1MDMwZA0KDQo=", "EventData.ConnectionType": "1"}
{"EventID": "1267", "Channel": "Microsoft-Windows-PushNotification-Platform/Operational", "Provider_Name": "Microsoft-Windows-PushNotifications-Platform", "Computer": "DESKTOP-OFJ6N53", "TimeCreated": "2025-08-26 07:11:28.235584+00:00", "RecordID": "3705261", "Level": "5", "UserID": "S-1-5-18", "EventData.Verb": "PNG", "EventData.TrID": "319", "EventData.Namespace": "CON", "EventData.CorrelationVector": "nn/6rhUrhUSKOnqY.319", "EventData.Bytes": "74", "EventData.Payload": "UE5HIDMxOSBDT04gNTgNCk1TLUNWOiBubi82cmhVcmhVU0tPbnFZLjMxOQ0KQ29udGV4dDogODdjNjk0YmM3Mjg1MDMwZA0KDQo=", "EventData.ConnectionType": "1"}
{"EventID": "1225", "Channel": "Microsoft-Windows-PushNotification-Platform/Operational", "Provider_Name": "Microsoft-Windows-PushNotifications-Platform", "Computer": "DESKTOP-OFJ6N53", "TimeCreated": "2025-08-26 07:11:28.339310+00:00", "RecordID": "3705262", "Level": "5", "UserID": "S-1-5-18", "EventData.Verb": "PNG", "EventData.TrID": "319", "EventData.Namespace": "CON", "EventData.CorrelationVector": "nn/6rhUrhUSKOnqY.319.0", "EventData.Bytes": "127", "EventData.Payload": "TVMtQ1Y6IG5uLzZyaFVyaFVTS09ucVkuMzE5LjANCg0KPHBpbmctcmVzcG9uc2U+PHdhaXQ+NDk8L3dhaXQ+PGNvbm5lY3Rpb24tc3RhdHVzPkNvbm5lY3RlZDwvY29ubmVjdGlvbi1zdGF0dXM+PC9waW5nLXJlc3BvbnNlPg==", "EventData.ConnectionType": "1"}
{"EventID": "1268", "Channel": "Microsoft-Windows-PushNotification-Platform/Operational", "Provider_Name": "Microsoft-Windows-PushNotifications-Platform", "Computer": "DESKTOP-OFJ6N53", "TimeCreated": "2025-08-26 07:11:28.339312+00:00", "RecordID": "3705263", "Level": "5", "UserID": "S-1-5-18", "EventData.Verb": "PNG", "EventData.TrID": "319", "EventData.Namespace": "CON", "EventData.CorrelationVector": "nn/6rhUrhUSKOnqY.319.0", "EventData.Bytes": "127", "EventData.Payload": "UE5HIDMxOSBDT04AMTI3DQpNUy1DVjogbm4vNnJoVXJoVVNLT25xWS4zMTkuMA0KDQo8cGluZy1yZXNwb25zZT48d2FpdD40OTwvd2FpdD48Y29ubmVjdGlvbi1zdGF0dXM+Q29ubmVjdGVkPC9jb25uZWN0aW9uLXN0YXR1cw==", "EventData.ConnectionType": "1"}
{"EventID": "1223", "Channel": "Microsoft-Windows-PushNotification-Platform/Operational", "Provider_Name": "Microsoft-Windows-PushNotifications-Platform", "Computer": "DESKTOP-OFJ6N53", "TimeCreated": "2025-08-26 07:12:28.591759+00:00", "RecordID": "3705264", "Level": "5", "UserID": "S-1-5-18", "EventData.Verb": "PNG", "EventData.TrID": "320", "EventData.Namespace": "CON", "EventData.CorrelationVector": "nn/6rhUrhUSKOnqY.320", "EventData.Bytes": "29", "EventData.Payload": "Q29udGV4dDogZmNlYmFlNjQzN2JmOTFhYg0KDQo=", "EventData.ConnectionType": "1"}
{"EventID": "1267", "Channel": "Microsoft-Windows-PushNotification-Platform/Operational", "Provider_Name": "Microsoft-Windows-PushNotifications-Platform", "Computer": "DESKTOP-OFJ6N53", "TimeCreated": "2025-08-26 07:12:28.591763+00:00", "RecordID": "3705265", "Level": "5", "UserID": "S-1-5-18", "EventData.Verb": "PNG", "EventData.TrID": "320", "EventData.Namespace": "CON", "EventData.CorrelationVector": "nn/6rhUrhUSKOnqY.320", "EventData.Bytes": "74", "EventData.Payload": "UE5HIDMyMCBDT04gNTgNCk1TLUNWOiBubi82cmhVcmhVU0tPbnFZLjMyMA0KQ29udGV4dDogZmNlYmFlNjQzN2JmOTFhYg0KDQo=", "EventData.ConnectionType": "1"}
{"EventID": "1225", "Channel": "Microsoft-Windows-PushNotification-Platform/Operational", "Provider_Name": "Microsoft-Windows-PushNotifications-Platform", "Computer": "DESKTOP-OFJ6N53", "TimeCreated": "2025-08-26 07:12:28.693567+00:00", "RecordID": "3705266", "Level": "5", "UserID": "S-1-5-18", "EventData.Verb": "PNG", "EventData.TrID": "320", "EventData.Namespace": "CON", "EventData.CorrelationVector": "nn/6rhUrhUSKOnqY.320.0", "EventData.Bytes": "127", "EventData.Payload": "TVMtQ1Y6IG5uLzZyaFVyaFVTS09ucVkuMzIwLjANCg0KPHBpbmctcmVzcG9uc2U+PHdhaXQ+NDQ8L3dhaXQ+PGNvbm5lY3Rpb24tc3RhdHVzPkNvbm5lY3RlZDwvY29ubmVjdGlvbi1zdGF0dXM+PC9waW5nLXJlc3BvbnNlPg==", "EventData.ConnectionType": "1"}
{"EventID": "1268", "Channel": "Microsoft-Windows-PushNotification-Platform/Operational", "Provider_Name": "Microsoft-Windows-PushNotifications-Platform", "Computer": "DESKTOP-OFJ6N53", "TimeCreated": "2025-08-26 07:12:28.693569+00:00", "RecordID": "3705267", "Level": "5", "UserID": "S-1-5-18", "EventData.Verb": "PNG", "EventData.TrID": "320", "EventData.Namespace": "CON", "EventData.CorrelationVector": "nn/6rhUrhUSKOnqY.320.0", "EventData.Bytes": "127", "EventData.Payload": "UE5HIDMyMCBDT04AMTI3DQpNUy1DVjogbm4vNnJoVXJoVVNLT25xWS4zMjAuMA0KDQo8cGluZy1yZXNwb25zZT48d2FpdD40NDwvd2FpdD48Y29ubmVjdGlvbi1zdGF0dXM+Q29ubmVjdGVkPC9jb25uZWN0aW9uLXN0YXR1cw==", "EventData.ConnectionType": "1"}
{"EventID": "1262", "Channel": "Microsoft-Windows-PushNotification-Platform/Operational", "Provider_Name": "Microsoft-Windows-PushNotifications-Platform", "Computer": "DESKTOP-OFJ6N53", "TimeCreated": "2025-08-26 07:12:46.111380+00:00", "RecordID": "3705268", "Level": "4", "UserID": "S-1-5-18", "EventData.DeviceId": "0018000B432B2E76", "EventData.UserId": "17056889", "EventData.UserType": "2"}
{"EventID": "1223", "Channel": "Microsoft-Windows-PushNotification-Platform/Operational", "Provider_Name": "Microsoft-Windows-PushNotifications-Platform", "Computer": "DESKTOP-OFJ6N53", "TimeCreated": "2025-08-26 07:12:46.111826+00:00", "RecordID": "3705269", "Level": "5", "UserID": "S-1-5-18", "EventData.Verb": "UBD", "EventData.TrID": "321", "EventData.Namespace": "CON\\WNS 1044479", "EventData.CorrelationVector": "nn/6rhUrhUSKOnqY.321", "EventData.Bytes": "29", "EventData.Payload": "Q29udGV4dDogZGI1MGNlMDQyZDhlNjZhOQ0KDQo=", "EventData.ConnectionType": "1"}
{"EventID": "1267", "Channel": "Microsoft-Windows-PushNotification-Platform/Operational", "Provider_Name": "Microsoft-Windows-PushNotifications-Platform", "Computer": "DESKTOP-OFJ6N53", "TimeCreated": "2025-08-26 07:12:46.111828+00:00", "RecordID": "3705270", "Level": "5", "UserID": "S-1-5-18", "EventData.Verb": "UBD", "EventData.TrID": "321", "EventData.Namespace": "CON\\WNS 1044479", "EventData.CorrelationVector": "nn/6rhUrhUSKOnqY.321", "EventData.Bytes": "86", "EventData.Payload": "VUJEIDMyMSBDT05cV05TIDEwNDQ0NzkgNTgNCk1TLUNWOiBubi82cmhVcmhVU0tPbnFZLjMyMQ0KQ29udGV4dDogZGI1MGNlMDQyZDhlNjZhOQ0KDQo=", "EventData.ConnectionType": "1"}
{"EventID": "2415", "Channel": "Microsoft-Windows-PushNotification-Platform/Operational", "Provider_Name": "Microsoft-Windows-PushNotifications-Platform", "Computer": "DESKTOP-OFJ6N53", "TimeCreated": "2025-08-26 07:12:46.120146+00:00", "RecordID": "3705271", "Level": "4", "UserID": "S-1-5-21-963789628-1060504924-4285088085-1001", "EventData.AppUserModelId": "Microsoft.Explorer.Notification.{7820AE78-23E3-4229-82C1-E41CB67D5B9C}", "EventData.ErrorCode": "0"}
{"EventID": "1225", "Channel": "Microsoft-Windows-PushNotification-Platform/Operational", "Provider_Name": "Microsoft-Windows-PushNotifications-Platform", "Computer": "DESKTOP-OFJ6N53", "TimeCreated": "2025-08-26 07:12:46.160069+00:00", "RecordID": "3705272", "Level": "5", "UserID": "S-1-5-18", "EventData.Verb": "UBD", "EventData.TrID": "321", "EventData.Namespace": "CON", "EventData.CorrelationVector": "nn/6rhUrhUSKOnqY.321.0", "EventData.Bytes": "84", "EventData.Payload": "Q29udGV4dDogZGI1MGNlMDQyZDhlNjZhOQ0KTVMtQ1Y6IG5uLzZyaFVyaFVTS09ucVkuMzIxLjANCg0KRDRLVmg2ellKRW1DTXEzTWxqeDJwZy4w", "EventData.ConnectionType": "1"}
{"EventID": "1268", "Channel": "Microsoft-Windows-PushNotification-Platform/Operational", "Provider_Name": "Microsoft-Windows-PushNotifications-Platform", "Computer": "DESKTOP-OFJ6N53", "TimeCreated": "2025-08-26 07:12:46.160070+00:00", "RecordID": "3705273", "Level": "5", "UserID": "S-1-5-18", "EventData.Verb": "UBD", "EventData.TrID": "321", "EventData.Namespace": "CON", "EventData.CorrelationVector": "nn/6rhUrhUSKOnqY.321.0", "EventData.Bytes": "84", "EventData.Payload": "VUJEIDMyMSBDT04AODQNCkNvbnRleHQ6IGRiNTBjZTA0MmQ4ZTY2YTkNCk1TLUNWOiBubi82cmhVcmhVU0tPbnFZLjMyMS4wDQoNCkQ0S1ZoNnpZ", "EventData.ConnectionType": "1"}
{"EventID": "1265", "Channel": "Microsoft-Windows-PushNotification-Platform/Operational", "Provider_Name": "Microsoft-Windows-PushNotifications-Platform", "Computer": "DESKTOP-OFJ6N53", "TimeCreated": "2025-08-26 07:12:46.160412+00:00", "RecordID": "3705274", "Level": "4", "UserID": "S-1-5-18", "EventData.DeviceId": "0018000B432B2E76", "EventData.UserId": "17056889", "EventData.Error": "0"}
{"EventID": "1223", "Channel": "Microsoft-Windows-PushNotification-Platform/Operational", "Provider_Name": "Microsoft-Windows-PushNotifications-Platform", "Computer": "DESKTOP-OFJ6N53", "TimeCreated": "2025-08-26 07:13:28.600891+00:00", "RecordID": "3705275", "Level": "5", "UserID": "S-1-5-18", "EventData.Verb": "PNG", "EventData.TrID": "322", "EventData.Namespace": "CON", "EventData.CorrelationVector": "nn/6rhUrhUSKOnqY.322", "EventData.Bytes": "29", "EventData.Payload": "Q29udGV4dDogNWMwNDlhMGVhZjcxYmQzOA0KDQo=", "EventData.ConnectionType": "1"}
{"EventID": "1267", "Channel": "Microsoft-Windows-PushNotification-Platform/Operational", "Provider_Name": "Microsoft-Windows-PushNotifications-Platform", "Computer": "DESKTOP-OFJ6N53", "TimeCreated": "2025-08-26 07:13:28.600893+00:00", "RecordID": "3705276", "Level": "5", "UserID": "S-1-5-18", "EventData.Verb": "PNG", "EventData.TrID": "322", "EventData.Namespace": "CON", "EventData.CorrelationVector": "nn/6rhUrhUSKOnqY.322", "EventData.Bytes": "74", "EventData.Payload": "UE5HIDMyMiBDT04gNTgNCk1TLUNWOiBubi82cmhVcmhVU0tPbnFZLjMyMg0KQ29udGV4dDogNWMwNDlhMGVhZjcxYmQzOA0KDQo=", "EventData.ConnectionType": "1"}
{"EventID": "1225", "Channel": "Microsoft-Windows-PushNotification-Platform/Operational", "Provider_Name": "Microsoft-Windows-PushNotifications-Platform", "Computer": "DESKTOP-OFJ6N53", "TimeCreated": "2025-08-26 07:13:28.647766+00:00", "RecordID": "3705277", "Level": "5", "UserID": "S-1-5-18", "EventData.Verb": "PNG", "EventData.TrID": "322", "EventData.Namespace": "CON", "EventData.CorrelationVector": "nn/6rhUrhUSKOnqY.322.0", "EventData.Bytes": "127", "EventData.Payload": "TVMtQ1Y6IG5uLzZyaFVyaFVTS09ucVkuMzIyLjANCg0KPHBpbmctcmVzcG9uc2U+PHdhaXQ+NDQ8L3dhaXQ+PGNvbm5lY3Rpb24tc3RhdHVzPkNvbm5lY3RlZDwvY29ubmVjdGlvbi1zdGF0dXM+PC9waW5nLXJlc3BvbnNlPg==", "EventData.ConnectionType": "1"}
{"EventID": "1268", "Channel": "Microsoft-Windows-PushNotification-Platform/Operational", "Provider_Name": "Microsoft-Windows-PushNotifications-Platform", "Computer": "DESKTOP-OFJ6N53", "TimeCreated": "2025-08-26 07:13:28.647766+00:00", "RecordID": "3705278", "Level": "5", "UserID": "S-1-5-18", "EventData.Verb": "PNG", "EventData.TrID": "322", "EventData.Namespace": "CON", "EventData.CorrelationVector": "nn/6rhUrhUSKOnqY.322.0", "EventData.Bytes": "127", "EventData.Payload": "UE5HIDMyMiBDT04AMTI3DQpNUy1DVjogbm4vNnJoVXJoVVNLT25xWS4zMjIuMA0KDQo8cGluZy1yZXNwb25zZT48d2FpdD40NDwvd2FpdD48Y29ubmVjdGlvbi1zdGF0dXM+Q29ubmVjdGVkPC9jb25uZWN0aW9uLXN0YXR1cw==", "EventData.ConnectionType": "1"}
{"EventID": "1223", "Channel": "Microsoft-Windows-PushNotification-Platform/Operational", "Provider_Name": "Microsoft-Windows-PushNotifications-Platform", "Computer": "DESKTOP-OFJ6N53", "TimeCreated": "2025-08-26 07:14:28.655207+00:00", "RecordID": "3705279", "Level": "5", "UserID": "S-1-5-18", "EventData.Verb": "PNG", "EventData.TrID": "323", "EventData.Namespace": "CON", "EventData.CorrelationVector": "nn/6rhUrhUSKOnqY.323", "EventData.Bytes": "29", "EventData.Payload": "Q29udGV4dDogYzA2YmVhMWExN2I2YjU0Nw0KDQo=", "EventData.ConnectionType": "1"}
{"EventID": "1267", "Channel": "Microsoft-Windows-PushNotification-Platform/Operational", "Provider_Name": "Microsoft-Windows-PushNotifications-Platform", "Computer": "DESKTOP-OFJ6N53", "TimeCreated": "2025-08-26 07:14:28.655207+00:00", "RecordID": "3705280", "Level": "5", "UserID": "S-1-5-18", "EventData.Verb": "PNG", "EventData.TrID": "323", "EventData.Namespace": "CON", "EventData.CorrelationVector": "nn/6rhUrhUSKOnqY.323", "EventData.Bytes": "74", "EventData.Payload": "UE5HIDMyMyBDT04gNTgNCk1TLUNWOiBubi82cmhVcmhVU0tPbnFZLjMyMw0KQ29udGV4dDogYzA2YmVhMWExN2I2YjU0Nw0KDQo=", "EventData.ConnectionType": "1"}
{"EventID": "1225", "Channel": "Microsoft-Windows-PushNotification-Platform/Operational", "Provider_Name": "Microsoft-Windows-PushNotifications-Platform", "Computer": "DESKTOP-OFJ6N53", "TimeCreated": "2025-08-26 07:14:28.703274+00:00", "RecordID": "3705281", "Level": "5", "UserID": "S-1-5-18", "EventData.Verb": "PNG", "EventData.TrID": "323", "EventData.Namespace": "CON", "EventData.CorrelationVector": "nn/6rhUrhUSKOnqY.323.0", "EventData.Bytes": "127", "EventData.Payload": "TVMtQ1Y6IG5uLzZyaFVyaFVTS09ucVkuMzIzLjANCg0KPHBpbmctcmVzcG9uc2U+PHdhaXQ+NDQ8L3dhaXQ+PGNvbm5lY3Rpb24tc3RhdHVzPkNvbm5lY3RlZDwvY29ubmVjdGlvbi1zdGF0dXM+PC9waW5nLXJlc3BvbnNlPg==", "EventData.ConnectionType": "1"}
{"EventID": "1268", "Channel": "Microsoft-Windows-PushNotification-Platform/Operational", "Provider_Name": "Microsoft-Windows-PushNotifications-Platform", "Computer": "DESKTOP-OFJ6N53", "TimeCreated": "2025-08-26 07:14:28.703276+00:00", "RecordID": "3705282", "Level": "5", "UserID": "S-1-5-18", "EventData.Verb": "PNG", "EventData.TrID": "323", "EventData.Namespace": "CON", "EventData.CorrelationVector": "nn/6rhUrhUSKOnqY.323.0", "EventData.Bytes": "127", "EventData.Payload": "UE5HIDMyMyBDT04AMTI3DQpNUy1DVjogbm4vNnJoVXJoVVNLT25xWS4zMjMuMA0KDQo8cGluZy1yZXNwb25zZT48d2FpdD40NDwvd2FpdD48Y29ubmVjdGlvbi1zdGF0dXM+Q29ubmVjdGVkPC9jb25uZWN0aW9uLXN0YXR1cw==", "EventData.ConnectionType": "1"}
{"EventID": "1223", "Channel": "Microsoft-Windows-PushNotification-Platform/Operational", "Provider_Name": "Microsoft-Windows-PushNotifications-Platform", "Computer": "DESKTOP-OFJ6N53", "TimeCreated": "2025-08-26 07:15:29.062307+00:00", "RecordID": "3705283", "Level": "5", "UserID": "S-1-5-18", "EventData.Verb": "PNG", "EventData.TrID": "324", "EventData.Namespace": "CON", "EventData.CorrelationVector": "nn/6rhUrhUSKOnqY.324", "EventData.Bytes": "29", "EventData.Payload": "Q29udGV4dDogYzI2YjA3ZDAyMDBhMTNlNg0KDQo=", "EventData.ConnectionType": "1"}
{"EventID": "1267", "Channel": "Microsoft-Windows-PushNotification-Platform/Operational", "Provider_Name": "Microsoft-Windows-PushNotifications-Platform", "Computer": "DESKTOP-OFJ6N53", "TimeCreated": "2025-08-26 07:15:29.062307+00:00", "RecordID": "3705284", "Level": "5", "UserID": "S-1-5-18", "EventData.Verb": "PNG", "EventData.TrID": "324", "EventData.Namespace": "CON", "EventData.CorrelationVector": "nn/6rhUrhUSKOnqY.324", "EventData.Bytes": "74", "EventData.Payload": "UE5HIDMyNCBDT04gNTgNCk1TLUNWOiBubi82cmhVcmhVU0tPbnFZLjMyNA0KQ29udGV4dDogYzI2YjA3ZDAyMDBhMTNlNg0KDQo=", "EventData.ConnectionType": "1"}
