{"EventID": "3013", "Channel": "Microsoft-Windows-CloudStore/Operational", "Provider_Name": "Microsoft-Windows-CloudStore", "Computer": "DESKTOP-OFJ6N53", "TimeCreated": "2024-10-16 22:41:59.719017+00:00", "RecordID": "690", "Level": "3", "UserID": "S-1-5-21-963789628-1060504924-4285088085-1001", "EventData.Id": "default$windows.data.donotdisturb.quietmoment$quietmomentlist|windows.data.donotdisturb.quietmoment$quietmomentpresentation", "EventData.ErrorCode": "2147746053"}
{"EventID": "3013", "Channel": "Microsoft-Windows-CloudStore/Operational", "Provider_Name": "Microsoft-Windows-CloudStore", "Computer": "DESKTOP-OFJ6N53", "TimeCreated": "2024-10-16 22:41:59.721056+00:00", "RecordID": "691", "Level": "3", "UserID": "S-1-5-21-963789628-1060504924-4285088085-1001", "EventData.Id": "default$windows.data.donotdisturb.quietmoment$quietmomentlist|windows.data.donotdisturb.quietmoment$quietmomentscheduled", "EventData.ErrorCode": "2147746053"}
{"EventID": "3013", "Channel": "Microsoft-Windows-CloudStore/Operational", "Provider_Name": "Microsoft-Windows-CloudStore", "Computer": "DESKTOP-OFJ6N53", "TimeCreated": "2024-10-16 22:41:59.727516+00:00", "RecordID": "692", "Level": "3", "UserID": "S-1-5-21-963789628-1060504924-4285088085-1001", "EventData.Id": "default$windows.data.donotdisturb.quietmoment$quietmomentlist|windows.data.donotdisturb.quietmoment$quietmomentemergency", "EventData.ErrorCode": "2147746053"}
{"EventID": "3013", "Channel": "Microsoft-Windows-CloudStore/Operational", "Provider_Name": "Microsoft-Windows-CloudStore", "Computer": "DESKTOP-OFJ6N53", "TimeCreated": "2024-10-16 22:41:59.727631+00:00", "RecordID": "693", "Level": "3", "UserID": "S-1-5-21-963789628-1060504924-4285088085-1001", "EventData.Id": "default$windows.data.donotdisturb.quietmoment$quietmomentlist|windows.data.donotdisturb.quietmoment$quietmomentfullscreen", "EventData.ErrorCode": "2147746053"}
{"EventID": "3013", "Channel": "Microsoft-Windows-CloudStore/Operational", "Provider_Name": "Microsoft-Windows-CloudStore", "Computer": "DESKTOP-OFJ6N53", "TimeCreated": "2024-10-16 22:44:18.760433+00:00", "RecordID": "694", "Level": "3", "UserID": "S-1-5-21-963789628-1060504924-4285088085-1001", "EventData.Id": "default$windows.data.donotdisturb.quiethoursprofile$quiethoursprofilelist|windows.data.donotdisturb.quiethoursprofile$microsoft.quiethoursprofile.unrestricted", "EventData.ErrorCode": "2147746053"}
{"EventID": "1", "Channel": "Microsoft-Windows-CloudStore/Operational", "Provider_Name": "Microsoft-Windows-CloudStore", "Computer": "DESKTOP-OFJ6N53", "TimeCreated": "2024-11-18 12:12:23.306513+00:00", "RecordID": "695", "Level": "2", "UserID": "S-1-5-21-963789628-1060504924-4285088085-1001", "EventData.ProcessName": null, "EventData.Type": "0", "EventData.ErrorCode": "2147943712", "EventData.File": "onecoreuap\\shell\\cloudstore\\common\\src\\effectivecontext.cpp", "EventData.LineNumber": "414"}
{"EventID": "1", "Channel": "Microsoft-Windows-CloudStore/Operational", "Provider_Name": "Microsoft-Windows-CloudStore", "Computer": "DESKTOP-OFJ6N53", "TimeCreated": "2024-11-18 12:12:23.312540+00:00", "RecordID": "696", "Level": "2", "UserID": "S-1-5-21-963789628-1060504924-4285088085-1001", "EventData.ProcessName": null, "EventData.Type": "1", "EventData.ErrorCode": "2147943712", "EventData.File": "onecoreuap\\shell\\cloudstore\\store\\cache\\src\\cloudcacheinitializer.cpp", "EventData.LineNumber": "689"}
{"EventID": "1", "Channel": "Microsoft-Windows-CloudStore/Operational", "Provider_Name": "Microsoft-Windows-CloudStore", "Computer": "DESKTOP-OFJ6N53", "TimeCreated": "2024-11-18 12:12:23.635883+00:00", "RecordID": "697", "Level": "2", "UserID": "S-1-5-21-963789628-1060504924-4285088085-1001", "EventData.ProcessName": null, "EventData.Type": "0", "EventData.ErrorCode": "2147943712", "EventData.File": "onecoreuap\\shell\\cloudstore\\common\\src\\effectivecontext.cpp", "EventData.LineNumber": "414"}
{"EventID": "1", "Channel": "Microsoft-Windows-CloudStore/Operational", "Provider_Name": "Microsoft-Windows-CloudStore", "Computer": "DESKTOP-OFJ6N53", "TimeCreated": "2024-11-18 12:12:23.636108+00:00", "RecordID": "698", "Level": "2", "UserID": "S-1-5-21-963789628-1060504924-4285088085-1001", "EventData.ProcessName": null, "EventData.Type": "1", "EventData.ErrorCode": "2147943712", "EventData.File": "onecoreuap\\shell\\cloudstore\\store\\cache\\src\\cloudcacheinitializer.cpp", "EventData.LineNumber": "689"}
{"EventID": "1", "Channel": "Microsoft-Windows-CloudStore/Operational", "Provider_Name": "Microsoft-Windows-CloudStore", "Computer": "DESKTOP-OFJ6N53", "TimeCreated": "2024-12-03 10:24:00.513800+00:00", "RecordID": "699", "Level": "2", "UserID": "S-1-5-21-963789628-1060504924-4285088085-1001", "EventData.ProcessName": null, "EventData.Type": "0", "EventData.ErrorCode": "2147943712", "EventData.File": "onecoreuap\\shell\\cloudstore\\common\\src\\effectivecontext.cpp", "EventData.LineNumber": "414"}
{"EventID": "1", "Channel": "Microsoft-Windows-CloudStore/Operational", "Provider_Name": "Microsoft-Windows-CloudStore", "Computer": "DESKTOP-OFJ6N53", "TimeCreated": "2024-12-03 10:24:00.542139+00:00", "RecordID": "700", "Level": "2", "UserID": "S-1-5-21-963789628-1060504924-4285088085-1001", "EventData.ProcessName": null, "EventData.Type": "1", "EventData.ErrorCode": "2147943712", "EventData.File": "onecoreuap\\shell\\cloudstore\\store\\cache\\src\\cloudcacheinitializer.cpp", "EventData.LineNumber": "689"}
{"EventID": "1", "Channel": "Microsoft-Windows-CloudStore/Operational", "Provider_Name": "Microsoft-Windows-CloudStore", "Computer": "DESKTOP-OFJ6N53", "TimeCreated": "2024-12-03 10:24:00.892740+00:00", "RecordID": "701", "Level": "2", "UserID": "S-1-5-21-963789628-1060504924-4285088085-1001", "EventData.ProcessName": null, "EventData.Type": "0", "EventData.ErrorCode": "2147943712", "EventData.File": "onecoreuap\\shell\\cloudstore\\common\\src\\effectivecontext.cpp", "EventData.LineNumber": "414"}
{"EventID": "1", "Channel": "Microsoft-Windows-CloudStore/Operational", "Provider_Name": "Microsoft-Windows-CloudStore", "Computer": "DESKTOP-OFJ6N53", "TimeCreated": "2024-12-03 10:24:00.893023+00:00", "RecordID": "702", "Level": "2", "UserID": "S-1-5-21-963789628-1060504924-4285088085-1001", "EventData.ProcessName": null, "EventData.Type": "1", "EventData.ErrorCode": "2147943712", "EventData.File": "onecoreuap\\shell\\cloudstore\\store\\cache\\src\\cloudcacheinitializer.cpp", "EventData.LineNumber": "689"}
{"EventID": "3013", "Channel": "Microsoft-Windows-CloudStore/Operational", "Provider_Name": "Microsoft-Windows-CloudStore", "Computer": "DESKTOP-OFJ6N53", "TimeCreated": "2024-12-03 12:19:13.197117+00:00", "RecordID": "703", "Level": "3", "UserID": "S-1-5-21-963789628-1060504924-4285088085-1001", "EventData.Id": "default$windows.data.donotdisturb.quiethoursprofile$quiethoursprofilelist|windows.data.donotdisturb.quiethoursprofile$microsoft.quiethoursprofile.alarmsonly", "EventData.ErrorCode": "2147746053"}
{"EventID": "1", "Channel": "Microsoft-Windows-CloudStore/Operational", "Provider_Name": "Microsoft-Windows-CloudStore", "Computer": "DESKTOP-OFJ6N53", "TimeCreated": "2024-12-08 16:52:23.907793+00:00", "RecordID": "704", "Level": "2", "UserID": "S-1-5-21-963789628-1060504924-4285088085-1001", "EventData.ProcessName": null, "EventData.Type": "0", "EventData.ErrorCode": "2147943712", "EventData.File": "onecoreuap\\shell\\cloudstore\\common\\src\\effectivecontext.cpp", "EventData.LineNumber": "414"}
{"EventID": "1", "Channel": "Microsoft-Windows-CloudStore/Operational", "Provider_Name": "Microsoft-Windows-CloudStore", "Computer": "DESKTOP-OFJ6N53", "TimeCreated": "2024-12-08 16:52:23.914459+00:00", "RecordID": "705", "Level": "2", "UserID": "S-1-5-21-963789628-1060504924-4285088085-1001", "EventData.ProcessName": null, "EventData.Type": "1", "EventData.ErrorCode": "2147943712", "EventData.File": "onecoreuap\\shell\\cloudstore\\store\\cache\\src\\cloudcacheinitializer.cpp", "EventData.LineNumber": "689"}
{"EventID": "1", "Channel": "Microsoft-Windows-CloudStore/Operational", "Provider_Name": "Microsoft-Windows-CloudStore", "Computer": "DESKTOP-OFJ6N53", "TimeCreated": "2024-12-08 16:52:30.267542+00:00", "RecordID": "706", "Level": "2", "UserID": "S-1-5-21-963789628-1060504924-4285088085-1001", "EventData.ProcessName": null, "EventData.Type": "0", "EventData.ErrorCode": "2147943712", "EventData.File": "onecoreuap\\shell\\cloudstore\\common\\src\\effectivecontext.cpp", "EventData.LineNumber": "414"}
{"EventID": "1", "Channel": "Microsoft-Windows-CloudStore/Operational", "Provider_Name": "Microsoft-Windows-CloudStore", "Computer": "DESKTOP-OFJ6N53", "TimeCreated": "2024-12-08 16:52:30.267738+00:00", "RecordID": "707", "Level": "2", "UserID": "S-1-5-21-963789628-1060504924-4285088085-1001", "EventData.ProcessName": null, "EventData.Type": "1", "EventData.ErrorCode": "2147943712", "EventData.File": "onecoreuap\\shell\\cloudstore\\store\\cache\\src\\cloudcacheinitializer.cpp", "EventData.LineNumber": "689"}
{"EventID": "1", "Channel": "Microsoft-Windows-CloudStore/Operational", "Provider_Name": "Microsoft-Windows-CloudStore", "Computer": "DESKTOP-OFJ6N53", "TimeCreated": "2024-12-08 16:52:30.682711+00:00", "RecordID": "708", "Level": "2", "UserID": "S-1-5-21-963789628-1060504924-4285088085-1001", "EventData.ProcessName": null, "EventData.Type": "0", "EventData.ErrorCode": "2147943712", "EventData.File": "onecoreuap\\shell\\cloudstore\\common\\src\\effectivecontext.cpp", "EventData.LineNumber": "414"}
{"EventID": "1", "Channel": "Microsoft-Windows-CloudStore/Operational", "Provider_Name": "Microsoft-Windows-CloudStore", "Computer": "DESKTOP-OFJ6N53", "TimeCreated": "2024-12-08 16:52:30.682869+00:00", "RecordID": "709", "Level": "2", "UserID": "S-1-5-21-963789628-1060504924-4285088085-1001", "EventData.ProcessName": null, "EventData.Type": "1", "EventData.ErrorCode": "2147943712", "EventData.File": "onecoreuap\\shell\\cloudstore\\store\\cache\\src\\cloudcacheinitializer.cpp", "EventData.LineNumber": "689"}
{"EventID": "1", "Channel": "Microsoft-Windows-CloudStore/Operational", "Provider_Name": "Microsoft-Windows-CloudStore", "Computer": "DESKTOP-OFJ6N53", "TimeCreated": "2024-12-11 15:07:06.451834+00:00", "RecordID": "710", "Level": "2", "UserID": "S-1-5-21-963789628-1060504924-4285088085-1001", "EventData.ProcessName": null, "EventData.Type": "0", "EventData.ErrorCode": "2147943712", "EventData.File": "onecoreuap\\shell\\cloudstore\\common\\src\\effectivecontext.cpp", "EventData.LineNumber": "414"}
{"EventID": "1", "Channel": "Microsoft-Windows-CloudStore/Operational", "Provider_Name": "Microsoft-Windows-CloudStore", "Computer": "DESKTOP-OFJ6N53", "TimeCreated": "2024-12-11 15:07:06.464880+00:00", "RecordID": "711", "Level": "2", "UserID": "S-1-5-21-963789628-1060504924-4285088085-1001", "EventData.ProcessName": null, "EventData.Type": "1", "EventData.ErrorCode": "2147943712", "EventData.File": "onecoreuap\\shell\\cloudstore\\store\\cache\\src\\cloudcacheinitializer.cpp", "EventData.LineNumber": "689"}
{"EventID": "1", "Channel": "Microsoft-Windows-CloudStore/Operational", "Provider_Name": "Microsoft-Windows-CloudStore", "Computer": "DESKTOP-OFJ6N53", "TimeCreated": "2024-12-11 15:07:06.820578+00:00", "RecordID": "712", "Level": "2", "UserID": "S-1-5-21-963789628-1060504924-4285088085-1001", "EventData.ProcessName": null, "EventData.Type": "0", "EventData.ErrorCode": "2147943712", "EventData.File": "onecoreuap\\shell\\cloudstore\\common\\src\\effectivecontext.cpp", "EventData.LineNumber": "414"}
{"EventID": "1", "Channel": "Microsoft-Windows-CloudStore/Operational", "Provider_Name": "Microsoft-Windows-CloudStore", "Computer": "DESKTOP-OFJ6N53", "TimeCreated": "2024-12-11 15:07:06.820772+00:00", "RecordID": "713", "Level": "2", "UserID": "S-1-5-21-963789628-1060504924-4285088085-1001", "EventData.ProcessName": null, "EventData.Type": "1", "EventData.ErrorCode": "2147943712", "EventData.File": "onecoreuap\\shell\\cloudstore\\store\\cache\\src\\cloudcacheinitializer.cpp", "EventData.LineNumber": "689"}
{"EventID": "1", "Channel": "Microsoft-Windows-CloudStore/Operational", "Provider_Name": "Microsoft-Windows-CloudStore", "Computer": "DESKTOP-OFJ6N53", "TimeCreated": "2024-12-23 14:10:04.765366+00:00", "RecordID": "714", "Level": "2", "UserID": "S-1-5-21-963789628-1060504924-4285088085-1001", "EventData.ProcessName": null, "EventData.Type": "0", "EventData.ErrorCode": "2147943712", "EventData.File": "onecoreuap\\shell\\cloudstore\\common\\src\\effectivecontext.cpp", "EventData.LineNumber": "414"}
{"EventID": "1", "Channel": "Microsoft-Windows-CloudStore/Operational", "Provider_Name": "Microsoft-Windows-CloudStore", "Computer": "DESKTOP-OFJ6N53", "TimeCreated": "2024-12-23 14:10:04.787182+00:00", "RecordID": "715", "Level": "2", "UserID": "S-1-5-21-963789628-1060504924-4285088085-1001", "EventData.ProcessName": null, "EventData.Type": "1", "EventData.ErrorCode": "2147943712", "EventData.File": "onecoreuap\\shell\\cloudstore\\store\\cache\\src\\cloudcacheinitializer.cpp", "EventData.LineNumber": "689"}
{"EventID": "1", "Channel": "Microsoft-Windows-CloudStore/Operational", "Provider_Name": "Microsoft-Windows-CloudStore", "Computer": "DESKTOP-OFJ6N53", "TimeCreated": "2024-12-23 14:10:18.327827+00:00", "RecordID": "716", "Level": "2", "UserID": "S-1-5-21-963789628-1060504924-4285088085-1001", "EventData.ProcessName": null, "EventData.Type": "0", "EventData.ErrorCode": "2147943712", "EventData.File": "onecoreuap\\shell\\cloudstore\\common\\src\\effectivecontext.cpp", "EventData.LineNumber": "414"}
{"EventID": "1", "Channel": "Microsoft-Windows-CloudStore/Operational", "Provider_Name": "Microsoft-Windows-CloudStore", "Computer": "DESKTOP-OFJ6N53", "TimeCreated": "2024-12-23 14:10:18.328077+00:00", "RecordID": "717", "Level": "2", "UserID": "S-1-5-21-963789628-1060504924-4285088085-1001", "EventData.ProcessName": null, "EventData.Type": "1", "EventData.ErrorCode": "2147943712", "EventData.File": "onecoreuap\\shell\\cloudstore\\store\\cache\\src\\cloudcacheinitializer.cpp", "EventData.LineNumber": "689"}
{"EventID": "1", "Channel": "Microsoft-Windows-CloudStore/Operational", "Provider_Name": "Microsoft-Windows-CloudStore", "Computer": "DESKTOP-OFJ6N53", "TimeCreated": "2024-12-23 14:10:18.433615+00:00", "RecordID": "718", "Level": "2", "UserID": "S-1-5-21-963789628-1060504924-4285088085-1001", "EventData.ProcessName": null, "EventData.Type": "0", "EventData.ErrorCode": "2147943712", "EventData.File": "onecoreuap\\shell\\cloudstore\\common\\src\\effectivecontext.cpp", "EventData.LineNumber": "414"}
{"EventID": "1", "Channel": "Microsoft-Windows-CloudStore/Operational", "Provider_Name": "Microsoft-Windows-CloudStore", "Computer": "DESKTOP-OFJ6N53", "TimeCreated": "2024-12-23 14:10:18.433790+00:00", "RecordID": "719", "Level": "2", "UserID": "S-1-5-21-963789628-1060504924-4285088085-1001", "EventData.ProcessName": null, "EventData.Type": "1", "EventData.ErrorCode": "2147943712", "EventData.File": "onecoreuap\\shell\\cloudstore\\store\\cache\\src\\cloudcacheinitializer.cpp", "EventData.LineNumber": "689"}
{"EventID": "1", "Channel": "Microsoft-Windows-CloudStore/Operational", "Provider_Name": "Microsoft-Windows-CloudStore", "Computer": "DESKTOP-OFJ6N53", "TimeCreated": "2025-01-09 14:55:20.137867+00:00", "RecordID": "720", "Level": "2", "UserID": "S-1-5-21-963789628-1060504924-4285088085-1001", "EventData.ProcessName": null, "EventData.Type": "0", "EventData.ErrorCode": "2147943712", "EventData.File": "onecoreuap\\shell\\cloudstore\\common\\src\\effectivecontext.cpp", "EventData.LineNumber": "414"}
{"EventID": "1", "Channel": "Microsoft-Windows-CloudStore/Operational", "Provider_Name": "Microsoft-Windows-CloudStore", "Computer": "DESKTOP-OFJ6N53", "TimeCreated": "2025-01-09 14:55:20.156420+00:00", "RecordID": "721", "Level": "2", "UserID": "S-1-5-21-963789628-1060504924-4285088085-1001", "EventData.ProcessName": null, "EventData.Type": "1", "EventData.ErrorCode": "2147943712", "EventData.File": "onecoreuap\\shell\\cloudstore\\store\\cache\\src\\cloudcacheinitializer.cpp", "EventData.LineNumber": "689"}
{"EventID": "1", "Channel": "Microsoft-Windows-CloudStore/Operational", "Provider_Name": "Microsoft-Windows-CloudStore", "Computer": "DESKTOP-OFJ6N53", "TimeCreated": "2025-01-09 14:55:27.686005+00:00", "RecordID": "722", "Level": "2", "UserID": "S-1-5-21-963789628-1060504924-4285088085-1001", "EventData.ProcessName": null, "EventData.Type": "0", "EventData.ErrorCode": "2147943712", "EventData.File": "onecoreuap\\shell\\cloudstore\\common\\src\\effectivecontext.cpp", "EventData.LineNumber": "414"}
{"EventID": "1", "Channel": "Microsoft-Windows-CloudStore/Operational", "Provider_Name": "Microsoft-Windows-CloudStore", "Computer": "DESKTOP-OFJ6N53", "TimeCreated": "2025-01-09 14:55:27.686199+00:00", "RecordID": "723", "Level": "2", "UserID": "S-1-5-21-963789628-1060504924-4285088085-1001", "EventData.ProcessName": null, "EventData.Type": "1", "EventData.ErrorCode": "2147943712", "EventData.File": "onecoreuap\\shell\\cloudstore\\store\\cache\\src\\cloudcacheinitializer.cpp", "EventData.LineNumber": "689"}
{"EventID": "1", "Channel": "Microsoft-Windows-CloudStore/Operational", "Provider_Name": "Microsoft-Windows-CloudStore", "Computer": "DESKTOP-OFJ6N53", "TimeCreated": "2025-01-09 14:55:29.378115+00:00", "RecordID": "724", "Level": "2", "UserID": "S-1-5-21-963789628-1060504924-4285088085-1001", "EventData.ProcessName": null, "EventData.Type": "0", "EventData.ErrorCode": "2147943712", "EventData.File": "onecoreuap\\shell\\cloudstore\\common\\src\\effectivecontext.cpp", "EventData.LineNumber": "414"}
{"EventID": "1", "Channel": "Microsoft-Windows-CloudStore/Operational", "Provider_Name": "Microsoft-Windows-CloudStore", "Computer": "DESKTOP-OFJ6N53", "TimeCreated": "2025-01-09 14:55:29.378323+00:00", "RecordID": "725", "Level": "2", "UserID": "S-1-5-21-963789628-1060504924-4285088085-1001", "EventData.ProcessName": null, "EventData.Type": "1", "EventData.ErrorCode": "2147943712", "EventData.File": "onecoreuap\\shell\\cloudstore\\store\\cache\\src\\cloudcacheinitializer.cpp", "EventData.LineNumber": "689"}
{"EventID": "1", "Channel": "Microsoft-Windows-CloudStore/Operational", "Provider_Name": "Microsoft-Windows-CloudStore", "Computer": "DESKTOP-OFJ6N53", "TimeCreated": "2025-01-14 23:20:12.814890+00:00", "RecordID": "726", "Level": "2", "UserID": "S-1-5-21-963789628-1060504924-4285088085-1001", "EventData.ProcessName": null, "EventData.Type": "0", "EventData.ErrorCode": "2147943712", "EventData.File": "onecoreuap\\shell\\cloudstore\\common\\src\\effectivecontext.cpp", "EventData.LineNumber": "414"}
{"EventID": "1", "Channel": "Microsoft-Windows-CloudStore/Operational", "Provider_Name": "Microsoft-Windows-CloudStore", "Computer": "DESKTOP-OFJ6N53", "TimeCreated": "2025-01-14 23:20:12.815205+00:00", "RecordID": "727", "Level": "2", "UserID": "S-1-5-21-963789628-1060504924-4285088085-1001", "EventData.ProcessName": null, "EventData.Type": "1", "EventData.ErrorCode": "2147943712", "EventData.File": "onecoreuap\\shell\\cloudstore\\store\\cache\\src\\cloudcacheinitializer.cpp", "EventData.LineNumber": "689"}
{"EventID": "1", "Channel": "Microsoft-Windows-CloudStore/Operational", "Provider_Name": "Microsoft-Windows-CloudStore", "Computer": "DESKTOP-OFJ6N53", "TimeCreated": "2025-01-14 23:26:15.318600+00:00", "RecordID": "728", "Level": "2", "UserID": "S-1-5-21-963789628-1060504924-4285088085-1001", "EventData.ProcessName": null, "EventData.Type": "0", "EventData.ErrorCode": "2147943712", "EventData.File": "onecoreuap\\shell\\cloudstore\\common\\src\\effectivecontext.cpp", "EventData.LineNumber": "414"}
{"EventID": "1", "Channel": "Microsoft-Windows-CloudStore/Operational", "Provider_Name": "Microsoft-Windows-CloudStore", "Computer": "DESKTOP-OFJ6N53", "TimeCreated": "2025-01-14 23:26:15.406767+00:00", "RecordID": "729", "Level": "2", "UserID": "S-1-5-21-963789628-1060504924-4285088085-1001", "EventData.ProcessName": null, "EventData.Type": "1", "EventData.ErrorCode": "2147943712", "EventData.File": "onecoreuap\\shell\\cloudstore\\store\\cache\\src\\cloudcacheinitializer.cpp", "EventData.LineNumber": "689"}
{"EventID": "1", "Channel": "Microsoft-Windows-CloudStore/Operational", "Provider_Name": "Microsoft-Windows-CloudStore", "Computer": "DESKTOP-OFJ6N53", "TimeCreated": "2025-01-14 23:26:16.081253+00:00", "RecordID": "730", "Level": "2", "UserID": "S-1-5-21-963789628-1060504924-4285088085-1001", "EventData.ProcessName": null, "EventData.Type": "0", "EventData.ErrorCode": "2147943712", "EventData.File": "onecoreuap\\shell\\cloudstore\\common\\src\\effectivecontext.cpp", "EventData.LineNumber": "414"}
{"EventID": "1", "Channel": "Microsoft-Windows-CloudStore/Operational", "Provider_Name": "Microsoft-Windows-CloudStore", "Computer": "DESKTOP-OFJ6N53", "TimeCreated": "2025-01-14 23:26:16.081491+00:00", "RecordID": "731", "Level": "2", "UserID": "S-1-5-21-963789628-1060504924-4285088085-1001", "EventData.ProcessName": null, "EventData.Type": "1", "EventData.ErrorCode": "2147943712", "EventData.File": "onecoreuap\\shell\\cloudstore\\store\\cache\\src\\cloudcacheinitializer.cpp", "EventData.LineNumber": "689"}
{"EventID": "1", "Channel": "Microsoft-Windows-CloudStore/Operational", "Provider_Name": "Microsoft-Windows-CloudStore", "Computer": "DESKTOP-OFJ6N53", "TimeCreated": "2025-01-24 12:03:25.711906+00:00", "RecordID": "732", "Level": "2", "UserID": "S-1-5-21-963789628-1060504924-4285088085-1001", "EventData.ProcessName": null, "EventData.Type": "0", "EventData.ErrorCode": "2147943712", "EventData.File": "onecoreuap\\shell\\cloudstore\\common\\src\\effectivecontext.cpp", "EventData.LineNumber": "414"}
{"EventID": "1", "Channel": "Microsoft-Windows-CloudStore/Operational", "Provider_Name": "Microsoft-Windows-CloudStore", "Computer": "DESKTOP-OFJ6N53", "TimeCreated": "2025-01-24 12:03:25.719296+00:00", "RecordID": "733", "Level": "2", "UserID": "S-1-5-21-963789628-1060504924-4285088085-1001", "EventData.ProcessName": null, "EventData.Type": "1", "EventData.ErrorCode": "2147943712", "EventData.File": "onecoreuap\\shell\\cloudstore\\store\\cache\\src\\cloudcacheinitializer.cpp", "EventData.LineNumber": "689"}
{"EventID": "1", "Channel": "Microsoft-Windows-CloudStore/Operational", "Provider_Name": "Microsoft-Windows-CloudStore", "Computer": "DESKTOP-OFJ6N53", "TimeCreated": "2025-01-24 12:03:32.334160+00:00", "RecordID": "734", "Level": "2", "UserID": "S-1-5-21-963789628-1060504924-4285088085-1001", "EventData.ProcessName": null, "EventData.Type": "0", "EventData.ErrorCode": "2147943712", "EventData.File": "onecoreuap\\shell\\cloudstore\\common\\src\\effectivecontext.cpp", "EventData.LineNumber": "414"}
{"EventID": "1", "Channel": "Microsoft-Windows-CloudStore/Operational", "Provider_Name": "Microsoft-Windows-CloudStore", "Computer": "DESKTOP-OFJ6N53", "TimeCreated": "2025-01-24 12:03:32.334343+00:00", "RecordID": "735", "Level": "2", "UserID": "S-1-5-21-963789628-1060504924-4285088085-1001", "EventData.ProcessName": null, "EventData.Type": "1", "EventData.ErrorCode": "2147943712", "EventData.File": "onecoreuap\\shell\\cloudstore\\store\\cache\\src\\cloudcacheinitializer.cpp", "EventData.LineNumber": "689"}
{"EventID": "1", "Channel": "Microsoft-Windows-CloudStore/Operational", "Provider_Name": "Microsoft-Windows-CloudStore", "Computer": "DESKTOP-OFJ6N53", "TimeCreated": "2025-01-24 12:03:32.356010+00:00", "RecordID": "736", "Level": "2", "UserID": "S-1-5-21-963789628-1060504924-4285088085-1001", "EventData.ProcessName": null, "EventData.Type": "0", "EventData.ErrorCode": "2147943712", "EventData.File": "onecoreuap\\shell\\cloudstore\\common\\src\\effectivecontext.cpp", "EventData.LineNumber": "414"}
{"EventID": "1", "Channel": "Microsoft-Windows-CloudStore/Operational", "Provider_Name": "Microsoft-Windows-CloudStore", "Computer": "DESKTOP-OFJ6N53", "TimeCreated": "2025-01-24 12:03:32.356205+00:00", "RecordID": "737", "Level": "2", "UserID": "S-1-5-21-963789628-1060504924-4285088085-1001", "EventData.ProcessName": null, "EventData.Type": "1", "EventData.ErrorCode": "2147943712", "EventData.File": "onecoreuap\\shell\\cloudstore\\store\\cache\\src\\cloudcacheinitializer.cpp", "EventData.LineNumber": "689"}
{"EventID": "1", "Channel": "Microsoft-Windows-CloudStore/Operational", "Provider_Name": "Microsoft-Windows-CloudStore", "Computer": "DESKTOP-OFJ6N53", "TimeCreated": "2025-02-05 14:02:07.297298+00:00", "RecordID": "738", "Level": "2", "UserID": "S-1-5-21-963789628-1060504924-4285088085-1001", "EventData.ProcessName": null, "EventData.Type": "0", "EventData.ErrorCode": "2147943712", "EventData.File": "onecoreuap\\shell\\cloudstore\\common\\src\\effectivecontext.cpp", "EventData.LineNumber": "414"}
{"EventID": "1", "Channel": "Microsoft-Windows-CloudStore/Operational", "Provider_Name": "Microsoft-Windows-CloudStore", "Computer": "DESKTOP-OFJ6N53", "TimeCreated": "2025-02-05 14:02:07.307156+00:00", "RecordID": "739", "Level": "2", "UserID": "S-1-5-21-963789628-1060504924-4285088085-1001", "EventData.ProcessName": null, "EventData.Type": "1", "EventData.ErrorCode": "2147943712", "EventData.File": "onecoreuap\\shell\\cloudstore\\store\\cache\\src\\cloudcacheinitializer.cpp", "EventData.LineNumber": "689"}
{"EventID": "1", "Channel": "Microsoft-Windows-CloudStore/Operational", "Provider_Name": "Microsoft-Windows-CloudStore", "Computer": "DESKTOP-OFJ6N53", "TimeCreated": "2025-02-05 14:02:08.025669+00:00", "RecordID": "740", "Level": "2", "UserID": "S-1-5-21-963789628-1060504924-4285088085-1001", "EventData.ProcessName": null, "EventData.Type": "0", "EventData.ErrorCode": "2147943712", "EventData.File": "onecoreuap\\shell\\cloudstore\\common\\src\\effectivecontext.cpp", "EventData.LineNumber": "414"}
{"EventID": "1", "Channel": "Microsoft-Windows-CloudStore/Operational", "Provider_Name": "Microsoft-Windows-CloudStore", "Computer": "DESKTOP-OFJ6N53", "TimeCreated": "2025-02-05 14:02:08.025871+00:00", "RecordID": "741", "Level": "2", "UserID": "S-1-5-21-963789628-1060504924-4285088085-1001", "EventData.ProcessName": null, "EventData.Type": "1", "EventData.ErrorCode": "2147943712", "EventData.File": "onecoreuap\\shell\\cloudstore\\store\\cache\\src\\cloudcacheinitializer.cpp", "EventData.LineNumber": "689"}
{"EventID": "1", "Channel": "Microsoft-Windows-CloudStore/Operational", "Provider_Name": "Microsoft-Windows-CloudStore", "Computer": "DESKTOP-OFJ6N53", "TimeCreated": "2025-02-12 14:55:28.185820+00:00", "RecordID": "742", "Level": "2", "UserID": "S-1-5-21-963789628-1060504924-4285088085-1001", "EventData.ProcessName": null, "EventData.Type": "0", "EventData.ErrorCode": "2147943712", "EventData.File": "onecoreuap\\shell\\cloudstore\\common\\src\\effectivecontext.cpp", "EventData.LineNumber": "414"}
{"EventID": "1", "Channel": "Microsoft-Windows-CloudStore/Operational", "Provider_Name": "Microsoft-Windows-CloudStore", "Computer": "DESKTOP-OFJ6N53", "TimeCreated": "2025-02-12 14:55:28.199154+00:00", "RecordID": "743", "Level": "2", "UserID": "S-1-5-21-963789628-1060504924-4285088085-1001", "EventData.ProcessName": null, "EventData.Type": "1", "EventData.ErrorCode": "2147943712", "EventData.File": "onecoreuap\\shell\\cloudstore\\store\\cache\\src\\cloudcacheinitializer.cpp", "EventData.LineNumber": "689"}
{"EventID": "1", "Channel": "Microsoft-Windows-CloudStore/Operational", "Provider_Name": "Microsoft-Windows-CloudStore", "Computer": "DESKTOP-OFJ6N53", "TimeCreated": "2025-02-12 14:55:28.398851+00:00", "RecordID": "744", "Level": "2", "UserID": "S-1-5-21-963789628-1060504924-4285088085-1001", "EventData.ProcessName": null, "EventData.Type": "0", "EventData.ErrorCode": "2147943712", "EventData.File": "onecoreuap\\shell\\cloudstore\\common\\src\\effectivecontext.cpp", "EventData.LineNumber": "414"}
{"EventID": "1", "Channel": "Microsoft-Windows-CloudStore/Operational", "Provider_Name": "Microsoft-Windows-CloudStore", "Computer": "DESKTOP-OFJ6N53", "TimeCreated": "2025-02-12 14:55:28.399061+00:00", "RecordID": "745", "Level": "2", "UserID": "S-1-5-21-963789628-1060504924-4285088085-1001", "EventData.ProcessName": null, "EventData.Type": "1", "EventData.ErrorCode": "2147943712", "EventData.File": "onecoreuap\\shell\\cloudstore\\store\\cache\\src\\cloudcacheinitializer.cpp", "EventData.LineNumber": "689"}
{"EventID": "1", "Channel": "Microsoft-Windows-CloudStore/Operational", "Provider_Name": "Microsoft-Windows-CloudStore", "Computer": "DESKTOP-OFJ6N53", "TimeCreated": "2025-02-12 15:10:19.796574+00:00", "RecordID": "746", "Level": "2", "UserID": "S-1-5-18", "EventData.ProcessName": "svchost.exe", "EventData.Type": "0", "EventData.ErrorCode": "2147943712", "EventData.File": "onecoreuap\\shell\\cloudstore\\common\\src\\effectivecontext.cpp", "EventData.LineNumber": "414"}
{"EventID": "1", "Channel": "Microsoft-Windows-CloudStore/Operational", "Provider_Name": "Microsoft-Windows-CloudStore", "Computer": "DESKTOP-OFJ6N53", "TimeCreated": "2025-02-12 15:10:19.797724+00:00", "RecordID": "747", "Level": "2", "UserID": "S-1-5-18", "EventData.ProcessName": "svchost.exe", "EventData.Type": "1", "EventData.ErrorCode": "2147943712", "EventData.File": "onecoreuap\\shell\\cloudstore\\store\\api\\src\\cloudstore.cpp", "EventData.LineNumber": "4499"}
{"EventID": "1", "Channel": "Microsoft-Windows-CloudStore/Operational", "Provider_Name": "Microsoft-Windows-CloudStore", "Computer": "DESKTOP-OFJ6N53", "TimeCreated": "2025-02-12 15:10:19.797741+00:00", "RecordID": "748", "Level": "2", "UserID": "S-1-5-18", "EventData.ProcessName": "svchost.exe", "EventData.Type": "0", "EventData.ErrorCode": "2147943712", "EventData.File": "onecoreuap\\shell\\cloudstore\\store\\api\\src\\cloudstore.cpp", "EventData.LineNumber": "4127"}
{"EventID": "1", "Channel": "Microsoft-Windows-CloudStore/Operational", "Provider_Name": "Microsoft-Windows-CloudStore", "Computer": "DESKTOP-OFJ6N53", "TimeCreated": "2025-02-12 15:10:19.797777+00:00", "RecordID": "749", "Level": "2", "UserID": "S-1-5-18", "EventData.ProcessName": "svchost.exe", "EventData.Type": "1", "EventData.ErrorCode": "2147943712", "EventData.File": "onecoreuap\\shell\\cloudstore\\store\\api\\src\\cloudstore.cpp", "EventData.LineNumber": "4135"}
{"EventID": "1", "Channel": "Microsoft-Windows-CloudStore/Operational", "Provider_Name": "Microsoft-Windows-CloudStore", "Computer": "DESKTOP-OFJ6N53", "TimeCreated": "2025-02-12 15:10:37.711721+00:00", "RecordID": "750", "Level": "2", "UserID": "S-1-5-18", "EventData.ProcessName": "svchost.exe", "EventData.Type": "0", "EventData.ErrorCode": "2147943712", "EventData.File": "onecoreuap\\shell\\cloudstore\\common\\src\\effectivecontext.cpp", "EventData.LineNumber": "414"}
{"EventID": "1", "Channel": "Microsoft-Windows-CloudStore/Operational", "Provider_Name": "Microsoft-Windows-CloudStore", "Computer": "DESKTOP-OFJ6N53", "TimeCreated": "2025-02-12 15:10:37.711790+00:00", "RecordID": "751", "Level": "2", "UserID": "S-1-5-18", "EventData.ProcessName": "svchost.exe", "EventData.Type": "1", "EventData.ErrorCode": "2147943712", "EventData.File": "onecoreuap\\shell\\cloudstore\\store\\api\\src\\cloudstore.cpp", "EventData.LineNumber": "4499"}
{"EventID": "1", "Channel": "Microsoft-Windows-CloudStore/Operational", "Provider_Name": "Microsoft-Windows-CloudStore", "Computer": "DESKTOP-OFJ6N53", "TimeCreated": "2025-02-12 15:10:37.711794+00:00", "RecordID": "752", "Level": "2", "UserID": "S-1-5-18", "EventData.ProcessName": "svchost.exe", "EventData.Type": "0", "EventData.ErrorCode": "2147943712", "EventData.File": "onecoreuap\\shell\\cloudstore\\store\\api\\src\\cloudstore.cpp", "EventData.LineNumber": "4127"}
{"EventID": "1", "Channel": "Microsoft-Windows-CloudStore/Operational", "Provider_Name": "Microsoft-Windows-CloudStore", "Computer": "DESKTOP-OFJ6N53", "TimeCreated": "2025-02-12 15:10:37.711813+00:00", "RecordID": "753", "Level": "2", "UserID": "S-1-5-18", "EventData.ProcessName": "svchost.exe", "EventData.Type": "1", "EventData.ErrorCode": "2147943712", "EventData.File": "onecoreuap\\shell\\cloudstore\\store\\api\\src\\cloudstore.cpp", "EventData.LineNumber": "4135"}
{"EventID": "1", "Channel": "Microsoft-Windows-CloudStore/Operational", "Provider_Name": "Microsoft-Windows-CloudStore", "Computer": "DESKTOP-OFJ6N53", "TimeCreated": "2025-03-07 15:04:10.704626+00:00", "RecordID": "754", "Level": "2", "UserID": "S-1-5-21-963789628-1060504924-4285088085-1001", "EventData.ProcessName": null, "EventData.Type": "0", "EventData.ErrorCode": "2147943712", "EventData.File": "onecoreuap\\shell\\cloudstore\\common\\src\\effectivecontext.cpp", "EventData.LineNumber": "414"}
{"EventID": "1", "Channel": "Microsoft-Windows-CloudStore/Operational", "Provider_Name": "Microsoft-Windows-CloudStore", "Computer": "DESKTOP-OFJ6N53", "TimeCreated": "2025-03-07 15:04:10.713774+00:00", "RecordID": "755", "Level": "2", "UserID": "S-1-5-21-963789628-1060504924-4285088085-1001", "EventData.ProcessName": null, "EventData.Type": "1", "EventData.ErrorCode": "2147943712", "EventData.File": "onecoreuap\\shell\\cloudstore\\store\\cache\\src\\cloudcacheinitializer.cpp", "EventData.LineNumber": "689"}
{"EventID": "1", "Channel": "Microsoft-Windows-CloudStore/Operational", "Provider_Name": "Microsoft-Windows-CloudStore", "Computer": "DESKTOP-OFJ6N53", "TimeCreated": "2025-03-07 15:04:51.126425+00:00", "RecordID": "756", "Level": "2", "UserID": "S-1-5-21-963789628-1060504924-4285088085-1001", "EventData.ProcessName": null, "EventData.Type": "0", "EventData.ErrorCode": "2147943712", "EventData.File": "onecoreuap\\shell\\cloudstore\\common\\src\\effectivecontext.cpp", "EventData.LineNumber": "414"}
{"EventID": "1", "Channel": "Microsoft-Windows-CloudStore/Operational", "Provider_Name": "Microsoft-Windows-CloudStore", "Computer": "DESKTOP-OFJ6N53", "TimeCreated": "2025-03-07 15:04:51.126724+00:00", "RecordID": "757", "Level": "2", "UserID": "S-1-5-21-963789628-1060504924-4285088085-1001", "EventData.ProcessName": null, "EventData.Type": "1", "EventData.ErrorCode": "2147943712", "EventData.File": "onecoreuap\\shell\\cloudstore\\store\\cache\\src\\cloudcacheinitializer.cpp", "EventData.LineNumber": "689"}
{"EventID": "1", "Channel": "Microsoft-Windows-CloudStore/Operational", "Provider_Name": "Microsoft-Windows-CloudStore", "Computer": "DESKTOP-OFJ6N53", "TimeCreated": "2025-03-07 15:04:57.581650+00:00", "RecordID": "758", "Level": "2", "UserID": "S-1-5-21-963789628-1060504924-4285088085-1001", "EventData.ProcessName": null, "EventData.Type": "0", "EventData.ErrorCode": "2147943712", "EventData.File": "onecoreuap\\shell\\cloudstore\\common\\src\\effectivecontext.cpp", "EventData.LineNumber": "414"}
{"EventID": "1", "Channel": "Microsoft-Windows-CloudStore/Operational", "Provider_Name": "Microsoft-Windows-CloudStore", "Computer": "DESKTOP-OFJ6N53", "TimeCreated": "2025-03-07 15:04:57.581879+00:00", "RecordID": "759", "Level": "2", "UserID": "S-1-5-21-963789628-1060504924-4285088085-1001", "EventData.ProcessName": null, "EventData.Type": "1", "EventData.ErrorCode": "2147943712", "EventData.File": "onecoreuap\\shell\\cloudstore\\store\\cache\\src\\cloudcacheinitializer.cpp", "EventData.LineNumber": "689"}
{"EventID": "1", "Channel": "Microsoft-Windows-CloudStore/Operational", "Provider_Name": "Microsoft-Windows-CloudStore", "Computer": "DESKTOP-OFJ6N53", "TimeCreated": "2025-03-07 15:05:10.767258+00:00", "RecordID": "760", "Level": "2", "UserID": "S-1-5-21-963789628-1060504924-4285088085-1001", "EventData.ProcessName": "svchost.exe", "EventData.Type": "0", "EventData.ErrorCode": "2153971977", "EventData.File": "onecoreuap\\shell\\cloudstore\\common\\src\\cdpobjectfactory.cpp", "EventData.LineNumber": "113"}
{"EventID": "1", "Channel": "Microsoft-Windows-CloudStore/Operational", "Provider_Name": "Microsoft-Windows-CloudStore", "Computer": "DESKTOP-OFJ6N53", "TimeCreated": "2025-03-07 15:05:10.778471+00:00", "RecordID": "761", "Level": "2", "UserID": "S-1-5-21-963789628-1060504924-4285088085-1001", "EventData.ProcessName": "svchost.exe", "EventData.Type": "1", "EventData.ErrorCode": "2153971977", "EventData.File": "onecoreuap\\shell\\cloudstore\\store\\api\\src\\cloudstorepolicy.cpp", "EventData.LineNumber": "125"}
{"EventID": "1", "Channel": "Microsoft-Windows-CloudStore/Operational", "Provider_Name": "Microsoft-Windows-CloudStore", "Computer": "DESKTOP-OFJ6N53", "TimeCreated": "2025-03-07 15:05:13.057480+00:00", "RecordID": "762", "Level": "2", "UserID": "S-1-5-21-963789628-1060504924-4285088085-1001", "EventData.ProcessName": "svchost.exe", "EventData.Type": "0", "EventData.ErrorCode": "2153971977", "EventData.File": "onecoreuap\\shell\\cloudstore\\common\\src\\cdpobjectfactory.cpp", "EventData.LineNumber": "113"}
{"EventID": "1", "Channel": "Microsoft-Windows-CloudStore/Operational", "Provider_Name": "Microsoft-Windows-CloudStore", "Computer": "DESKTOP-OFJ6N53", "TimeCreated": "2025-03-07 15:05:13.057680+00:00", "RecordID": "763", "Level": "2", "UserID": "S-1-5-21-963789628-1060504924-4285088085-1001", "EventData.ProcessName": "svchost.exe", "EventData.Type": "1", "EventData.ErrorCode": "2153971977", "EventData.File": "onecoreuap\\shell\\cloudstore\\store\\api\\src\\cloudstorepolicy.cpp", "EventData.LineNumber": "133"}
{"EventID": "1", "Channel": "Microsoft-Windows-CloudStore/Operational", "Provider_Name": "Microsoft-Windows-CloudStore", "Computer": "DESKTOP-OFJ6N53", "TimeCreated": "2025-03-07 15:05:13.057690+00:00", "RecordID": "764", "Level": "2", "UserID": "S-1-5-21-963789628-1060504924-4285088085-1001", "EventData.ProcessName": "svchost.exe", "EventData.Type": "2", "EventData.ErrorCode": "2153971977", "EventData.File": "onecoreuap\\shell\\cloudstore\\store\\cache\\src\\policymanagement.cpp", "EventData.LineNumber": "233"}
{"EventID": "1", "Channel": "Microsoft-Windows-CloudStore/Operational", "Provider_Name": "Microsoft-Windows-CloudStore", "Computer": "DESKTOP-OFJ6N53", "TimeCreated": "2025-03-07 15:05:15.247452+00:00", "RecordID": "765", "Level": "2", "UserID": "S-1-5-21-963789628-1060504924-4285088085-1001", "EventData.ProcessName": "svchost.exe", "EventData.Type": "0", "EventData.ErrorCode": "2153971977", "EventData.File": "onecoreuap\\shell\\cloudstore\\common\\src\\cdpobjectfactory.cpp", "EventData.LineNumber": "113"}
{"EventID": "1", "Channel": "Microsoft-Windows-CloudStore/Operational", "Provider_Name": "Microsoft-Windows-CloudStore", "Computer": "DESKTOP-OFJ6N53", "TimeCreated": "2025-03-07 15:05:15.247711+00:00", "RecordID": "766", "Level": "2", "UserID": "S-1-5-21-963789628-1060504924-4285088085-1001", "EventData.ProcessName": "svchost.exe", "EventData.Type": "1", "EventData.ErrorCode": "2153971977", "EventData.File": "onecoreuap\\shell\\cloudstore\\store\\api\\src\\cloudstorepolicy.cpp", "EventData.LineNumber": "125"}
{"EventID": "1", "Channel": "Microsoft-Windows-CloudStore/Operational", "Provider_Name": "Microsoft-Windows-CloudStore", "Computer": "DESKTOP-OFJ6N53", "TimeCreated": "2025-03-07 15:05:15.247728+00:00", "RecordID": "767", "Level": "2", "UserID": "S-1-5-21-963789628-1060504924-4285088085-1001", "EventData.ProcessName": "svchost.exe", "EventData.Type": "1", "EventData.ErrorCode": "2153971977", "EventData.File": "onecoreuap\\shell\\cloudstore\\store\\cache\\src\\policymanagement.cpp", "EventData.LineNumber": "243"}
{"EventID": "1", "Channel": "Microsoft-Windows-CloudStore/Operational", "Provider_Name": "Microsoft-Windows-CloudStore", "Computer": "DESKTOP-OFJ6N53", "TimeCreated": "2025-03-11 20:20:11.805561+00:00", "RecordID": "768", "Level": "2", "UserID": "S-1-5-21-963789628-1060504924-4285088085-1001", "EventData.ProcessName": null, "EventData.Type": "0", "EventData.ErrorCode": "2147943712", "EventData.File": "onecoreuap\\shell\\cloudstore\\common\\src\\effectivecontext.cpp", "EventData.LineNumber": "414"}
{"EventID": "1", "Channel": "Microsoft-Windows-CloudStore/Operational", "Provider_Name": "Microsoft-Windows-CloudStore", "Computer": "DESKTOP-OFJ6N53", "TimeCreated": "2025-03-11 20:20:11.810362+00:00", "RecordID": "769", "Level": "2", "UserID": "S-1-5-21-963789628-1060504924-4285088085-1001", "EventData.ProcessName": null, "EventData.Type": "1", "EventData.ErrorCode": "2147943712", "EventData.File": "onecoreuap\\shell\\cloudstore\\store\\cache\\src\\cloudcacheinitializer.cpp", "EventData.LineNumber": "689"}
{"EventID": "1", "Channel": "Microsoft-Windows-CloudStore/Operational", "Provider_Name": "Microsoft-Windows-CloudStore", "Computer": "DESKTOP-OFJ6N53", "TimeCreated": "2025-03-11 20:20:13.671600+00:00", "RecordID": "770", "Level": "2", "UserID": "S-1-5-21-963789628-1060504924-4285088085-1001", "EventData.ProcessName": null, "EventData.Type": "0", "EventData.ErrorCode": "2147943712", "EventData.File": "onecoreuap\\shell\\cloudstore\\common\\src\\effectivecontext.cpp", "EventData.LineNumber": "414"}
{"EventID": "1", "Channel": "Microsoft-Windows-CloudStore/Operational", "Provider_Name": "Microsoft-Windows-CloudStore", "Computer": "DESKTOP-OFJ6N53", "TimeCreated": "2025-03-11 20:20:13.671841+00:00", "RecordID": "771", "Level": "2", "UserID": "S-1-5-21-963789628-1060504924-4285088085-1001", "EventData.ProcessName": null, "EventData.Type": "1", "EventData.ErrorCode": "2147943712", "EventData.File": "onecoreuap\\shell\\cloudstore\\store\\cache\\src\\cloudcacheinitializer.cpp", "EventData.LineNumber": "689"}
{"EventID": "1", "Channel": "Microsoft-Windows-CloudStore/Operational", "Provider_Name": "Microsoft-Windows-CloudStore", "Computer": "DESKTOP-OFJ6N53", "TimeCreated": "2025-04-01 16:03:35.092417+00:00", "RecordID": "772", "Level": "2", "UserID": "S-1-5-21-963789628-1060504924-4285088085-1001", "EventData.ProcessName": null, "EventData.Type": "0", "EventData.ErrorCode": "2147943712", "EventData.File": "onecoreuap\\shell\\cloudstore\\common\\src\\effectivecontext.cpp", "EventData.LineNumber": "414"}
{"EventID": "1", "Channel": "Microsoft-Windows-CloudStore/Operational", "Provider_Name": "Microsoft-Windows-CloudStore", "Computer": "DESKTOP-OFJ6N53", "TimeCreated": "2025-04-01 16:03:35.100847+00:00", "RecordID": "773", "Level": "2", "UserID": "S-1-5-21-963789628-1060504924-4285088085-1001", "EventData.ProcessName": null, "EventData.Type": "1", "EventData.ErrorCode": "2147943712", "EventData.File": "onecoreuap\\shell\\cloudstore\\store\\cache\\src\\cloudcacheinitializer.cpp", "EventData.LineNumber": "689"}
{"EventID": "1", "Channel": "Microsoft-Windows-CloudStore/Operational", "Provider_Name": "Microsoft-Windows-CloudStore", "Computer": "DESKTOP-OFJ6N53", "TimeCreated": "2025-04-01 16:03:45.817678+00:00", "RecordID": "774", "Level": "2", "UserID": "S-1-5-21-963789628-1060504924-4285088085-1001", "EventData.ProcessName": null, "EventData.Type": "0", "EventData.ErrorCode": "2147943712", "EventData.File": "onecoreuap\\shell\\cloudstore\\common\\src\\effectivecontext.cpp", "EventData.LineNumber": "414"}
{"EventID": "1", "Channel": "Microsoft-Windows-CloudStore/Operational", "Provider_Name": "Microsoft-Windows-CloudStore", "Computer": "DESKTOP-OFJ6N53", "TimeCreated": "2025-04-01 16:03:45.817894+00:00", "RecordID": "775", "Level": "2", "UserID": "S-1-5-21-963789628-1060504924-4285088085-1001", "EventData.ProcessName": null, "EventData.Type": "1", "EventData.ErrorCode": "2147943712", "EventData.File": "onecoreuap\\shell\\cloudstore\\store\\cache\\src\\cloudcacheinitializer.cpp", "EventData.LineNumber": "689"}
{"EventID": "1", "Channel": "Microsoft-Windows-CloudStore/Operational", "Provider_Name": "Microsoft-Windows-CloudStore", "Computer": "DESKTOP-OFJ6N53", "TimeCreated": "2025-04-01 16:03:47.106987+00:00", "RecordID": "776", "Level": "2", "UserID": "S-1-5-21-963789628-1060504924-4285088085-1001", "EventData.ProcessName": null, "EventData.Type": "0", "EventData.ErrorCode": "2147943712", "EventData.File": "onecoreuap\\shell\\cloudstore\\common\\src\\effectivecontext.cpp", "EventData.LineNumber": "414"}
{"EventID": "1", "Channel": "Microsoft-Windows-CloudStore/Operational", "Provider_Name": "Microsoft-Windows-CloudStore", "Computer": "DESKTOP-OFJ6N53", "TimeCreated": "2025-04-01 16:03:47.107159+00:00", "RecordID": "777", "Level": "2", "UserID": "S-1-5-21-963789628-1060504924-4285088085-1001", "EventData.ProcessName": null, "EventData.Type": "1", "EventData.ErrorCode": "2147943712", "EventData.File": "onecoreuap\\shell\\cloudstore\\store\\cache\\src\\cloudcacheinitializer.cpp", "EventData.LineNumber": "689"}
{"EventID": "1", "Channel": "Microsoft-Windows-CloudStore/Operational", "Provider_Name": "Microsoft-Windows-CloudStore", "Computer": "DESKTOP-OFJ6N53", "TimeCreated": "2025-04-01 16:03:53.168833+00:00", "RecordID": "778", "Level": "2", "UserID": "S-1-5-21-963789628-1060504924-4285088085-1001", "EventData.ProcessName": "svchost.exe", "EventData.Type": "0", "EventData.ErrorCode": "2153971977", "EventData.File": "onecoreuap\\shell\\cloudstore\\common\\src\\cdpobjectfactory.cpp", "EventData.LineNumber": "113"}
{"EventID": "1", "Channel": "Microsoft-Windows-CloudStore/Operational", "Provider_Name": "Microsoft-Windows-CloudStore", "Computer": "DESKTOP-OFJ6N53", "TimeCreated": "2025-04-01 16:03:53.192600+00:00", "RecordID": "779", "Level": "2", "UserID": "S-1-5-21-963789628-1060504924-4285088085-1001", "EventData.ProcessName": "svchost.exe", "EventData.Type": "1", "EventData.ErrorCode": "2153971977", "EventData.File": "onecoreuap\\shell\\cloudstore\\store\\api\\src\\cloudstorepolicy.cpp", "EventData.LineNumber": "125"}
{"EventID": "1", "Channel": "Microsoft-Windows-CloudStore/Operational", "Provider_Name": "Microsoft-Windows-CloudStore", "Computer": "DESKTOP-OFJ6N53", "TimeCreated": "2025-04-02 09:18:25.135321+00:00", "RecordID": "780", "Level": "2", "UserID": "S-1-5-21-963789628-1060504924-4285088085-1001", "EventData.ProcessName": null, "EventData.Type": "0", "EventData.ErrorCode": "2147943712", "EventData.File": "onecoreuap\\shell\\cloudstore\\common\\src\\effectivecontext.cpp", "EventData.LineNumber": "414"}
{"EventID": "1", "Channel": "Microsoft-Windows-CloudStore/Operational", "Provider_Name": "Microsoft-Windows-CloudStore", "Computer": "DESKTOP-OFJ6N53", "TimeCreated": "2025-04-02 09:18:25.145048+00:00", "RecordID": "781", "Level": "2", "UserID": "S-1-5-21-963789628-1060504924-4285088085-1001", "EventData.ProcessName": null, "EventData.Type": "1", "EventData.ErrorCode": "2147943712", "EventData.File": "onecoreuap\\shell\\cloudstore\\store\\cache\\src\\cloudcacheinitializer.cpp", "EventData.LineNumber": "689"}
{"EventID": "1", "Channel": "Microsoft-Windows-CloudStore/Operational", "Provider_Name": "Microsoft-Windows-CloudStore", "Computer": "DESKTOP-OFJ6N53", "TimeCreated": "2025-04-02 09:18:37.917513+00:00", "RecordID": "782", "Level": "2", "UserID": "S-1-5-21-963789628-1060504924-4285088085-1001", "EventData.ProcessName": null, "EventData.Type": "0", "EventData.ErrorCode": "2147943712", "EventData.File": "onecoreuap\\shell\\cloudstore\\common\\src\\effectivecontext.cpp", "EventData.LineNumber": "414"}
{"EventID": "1", "Channel": "Microsoft-Windows-CloudStore/Operational", "Provider_Name": "Microsoft-Windows-CloudStore", "Computer": "DESKTOP-OFJ6N53", "TimeCreated": "2025-04-02 09:18:37.917706+00:00", "RecordID": "783", "Level": "2", "UserID": "S-1-5-21-963789628-1060504924-4285088085-1001", "EventData.ProcessName": null, "EventData.Type": "1", "EventData.ErrorCode": "2147943712", "EventData.File": "onecoreuap\\shell\\cloudstore\\store\\cache\\src\\cloudcacheinitializer.cpp", "EventData.LineNumber": "689"}
{"EventID": "1", "Channel": "Microsoft-Windows-CloudStore/Operational", "Provider_Name": "Microsoft-Windows-CloudStore", "Computer": "DESKTOP-OFJ6N53", "TimeCreated": "2025-04-02 09:18:40.321630+00:00", "RecordID": "784", "Level": "2", "UserID": "S-1-5-21-963789628-1060504924-4285088085-1001", "EventData.ProcessName": null, "EventData.Type": "0", "EventData.ErrorCode": "2147943712", "EventData.File": "onecoreuap\\shell\\cloudstore\\common\\src\\effectivecontext.cpp", "EventData.LineNumber": "414"}
{"EventID": "1", "Channel": "Microsoft-Windows-CloudStore/Operational", "Provider_Name": "Microsoft-Windows-CloudStore", "Computer": "DESKTOP-OFJ6N53", "TimeCreated": "2025-04-02 09:18:40.321781+00:00", "RecordID": "785", "Level": "2", "UserID": "S-1-5-21-963789628-1060504924-4285088085-1001", "EventData.ProcessName": null, "EventData.Type": "1", "EventData.ErrorCode": "2147943712", "EventData.File": "onecoreuap\\shell\\cloudstore\\store\\cache\\src\\cloudcacheinitializer.cpp", "EventData.LineNumber": "689"}
{"EventID": "1", "Channel": "Microsoft-Windows-CloudStore/Operational", "Provider_Name": "Microsoft-Windows-CloudStore", "Computer": "DESKTOP-OFJ6N53", "TimeCreated": "2025-04-02 09:53:54.940800+00:00", "RecordID": "786", "Level": "2", "UserID": "S-1-5-21-963789628-1060504924-4285088085-1001", "EventData.ProcessName": null, "EventData.Type": "0", "EventData.ErrorCode": "2147943712", "EventData.File": "onecoreuap\\shell\\cloudstore\\common\\src\\effectivecontext.cpp", "EventData.LineNumber": "414"}
{"EventID": "1", "Channel": "Microsoft-Windows-CloudStore/Operational", "Provider_Name": "Microsoft-Windows-CloudStore", "Computer": "DESKTOP-OFJ6N53", "TimeCreated": "2025-04-02 09:53:54.950361+00:00", "RecordID": "787", "Level": "2", "UserID": "S-1-5-21-963789628-1060504924-4285088085-1001", "EventData.ProcessName": null, "EventData.Type": "1", "EventData.ErrorCode": "2147943712", "EventData.File": "onecoreuap\\shell\\cloudstore\\store\\cache\\src\\cloudcacheinitializer.cpp", "EventData.LineNumber": "689"}
