{"EventID": "36", "Channel": "Microsoft-Windows-TerminalServices-PnPDevices/Admin", "Provider_Name": "Microsoft-Windows-TerminalServices-PnPDevices", "Computer": "DESKTOP-OFJ6N53", "TimeCreated": "2022-02-28 14:18:18.151106+00:00", "RecordID": "1", "Level": "3", "UserID": "S-1-5-18"}
{"EventID": "36", "Channel": "Microsoft-Windows-TerminalServices-PnPDevices/Admin", "Provider_Name": "Microsoft-Windows-TerminalServices-PnPDevices", "Computer": "DESKTOP-OFJ6N53", "TimeCreated": "2022-03-04 08:21:57.067276+00:00", "RecordID": "2", "Level": "3", "UserID": "S-1-5-18"}
{"EventID": "36", "Channel": "Microsoft-Windows-TerminalServices-PnPDevices/Admin", "Provider_Name": "Microsoft-Windows-TerminalServices-PnPDevices", "Computer": "DESKTOP-OFJ6N53", "TimeCreated": "2022-03-09 07:32:05.731682+00:00", "RecordID": "3", "Level": "3", "UserID": "S-1-5-18"}
{"EventID": "36", "Channel": "Microsoft-Windows-TerminalServices-PnPDevices/Admin", "Provider_Name": "Microsoft-Windows-TerminalServices-PnPDevices", "Computer": "DESKTOP-OFJ6N53", "TimeCreated": "2022-03-09 10:35:52.571251+00:00", "RecordID": "4", "Level": "3", "UserID": "S-1-5-18"}
{"EventID": "36", "Channel": "Microsoft-Windows-TerminalServices-PnPDevices/Admin", "Provider_Name": "Microsoft-Windows-TerminalServices-PnPDevices", "Computer": "DESKTOP-OFJ6N53", "TimeCreated": "2022-03-09 12:31:22.724533+00:00", "RecordID": "5", "Level": "3", "UserID": "S-1-5-18"}
{"EventID": "36", "Channel": "Microsoft-Windows-TerminalServices-PnPDevices/Admin", "Provider_Name": "Microsoft-Windows-TerminalServices-PnPDevices", "Computer": "DESKTOP-OFJ6N53", "TimeCreated": "2022-03-11 08:56:01.848450+00:00", "RecordID": "6", "Level": "3", "UserID": "S-1-5-18"}
{"EventID": "36", "Channel": "Microsoft-Windows-TerminalServices-PnPDevices/Admin", "Provider_Name": "Microsoft-Windows-TerminalServices-PnPDevices", "Computer": "DESKTOP-OFJ6N53", "TimeCreated": "2022-03-16 10:12:40.873869+00:00", "RecordID": "7", "Level": "3", "UserID": "S-1-5-18"}
{"EventID": "36", "Channel": "Microsoft-Windows-TerminalServices-PnPDevices/Admin", "Provider_Name": "Microsoft-Windows-TerminalServices-PnPDevices", "Computer": "DESKTOP-OFJ6N53", "TimeCreated": "2022-04-13 15:54:41.401253+00:00", "RecordID": "8", "Level": "3", "UserID": "S-1-5-18"}
{"EventID": "36", "Channel": "Microsoft-Windows-TerminalServices-PnPDevices/Admin", "Provider_Name": "Microsoft-Windows-TerminalServices-PnPDevices", "Computer": "DESKTOP-OFJ6N53", "TimeCreated": "2022-05-05 10:05:29.809111+00:00", "RecordID": "9", "Level": "3", "UserID": "S-1-5-18"}
{"EventID": "36", "Channel": "Microsoft-Windows-TerminalServices-PnPDevices/Admin", "Provider_Name": "Microsoft-Windows-TerminalServices-PnPDevices", "Computer": "DESKTOP-OFJ6N53", "TimeCreated": "2022-05-11 09:20:10.716434+00:00", "RecordID": "10", "Level": "3", "UserID": "S-1-5-18"}
{"EventID": "36", "Channel": "Microsoft-Windows-TerminalServices-PnPDevices/Admin", "Provider_Name": "Microsoft-Windows-TerminalServices-PnPDevices", "Computer": "DESKTOP-OFJ6N53", "TimeCreated": "2022-06-06 07:41:49.339792+00:00", "RecordID": "11", "Level": "3", "UserID": "S-1-5-18"}
{"EventID": "36", "Channel": "Microsoft-Windows-TerminalServices-PnPDevices/Admin", "Provider_Name": "Microsoft-Windows-TerminalServices-PnPDevices", "Computer": "DESKTOP-OFJ6N53", "TimeCreated": "2022-06-15 12:40:44.947832+00:00", "RecordID": "12", "Level": "3", "UserID": "S-1-5-18"}
{"EventID": "36", "Channel": "Microsoft-Windows-TerminalServices-PnPDevices/Admin", "Provider_Name": "Microsoft-Windows-TerminalServices-PnPDevices", "Computer": "DESKTOP-OFJ6N53", "TimeCreated": "2022-07-14 09:38:26.347822+00:00", "RecordID": "13", "Level": "3", "UserID": "S-1-5-18"}
{"EventID": "36", "Channel": "Microsoft-Windows-TerminalServices-PnPDevices/Admin", "Provider_Name": "Microsoft-Windows-TerminalServices-PnPDevices", "Computer": "DESKTOP-OFJ6N53", "TimeCreated": "2022-08-07 19:12:02.341251+00:00", "RecordID": "14", "Level": "3", "UserID": "S-1-5-18"}
{"EventID": "36", "Channel": "Microsoft-Windows-TerminalServices-PnPDevices/Admin", "Provider_Name": "Microsoft-Windows-TerminalServices-PnPDevices", "Computer": "DESKTOP-OFJ6N53", "TimeCreated": "2022-08-10 14:03:46.865128+00:00", "RecordID": "15", "Level": "3", "UserID": "S-1-5-18"}
{"EventID": "36", "Channel": "Microsoft-Windows-TerminalServices-PnPDevices/Admin", "Provider_Name": "Microsoft-Windows-TerminalServices-PnPDevices", "Computer": "DESKTOP-OFJ6N53", "TimeCreated": "2022-09-06 09:02:40.554892+00:00", "RecordID": "16", "Level": "3", "UserID": "S-1-5-18"}
{"EventID": "36", "Channel": "Microsoft-Windows-TerminalServices-PnPDevices/Admin", "Provider_Name": "Microsoft-Windows-TerminalServices-PnPDevices", "Computer": "DESKTOP-OFJ6N53", "TimeCreated": "2022-09-06 13:02:47.774818+00:00", "RecordID": "17", "Level": "3", "UserID": "S-1-5-18"}
{"EventID": "36", "Channel": "Microsoft-Windows-TerminalServices-PnPDevices/Admin", "Provider_Name": "Microsoft-Windows-TerminalServices-PnPDevices", "Computer": "DESKTOP-OFJ6N53", "TimeCreated": "2022-09-13 14:23:58.515207+00:00", "RecordID": "18", "Level": "3", "UserID": "S-1-5-18"}
{"EventID": "36", "Channel": "Microsoft-Windows-TerminalServices-PnPDevices/Admin", "Provider_Name": "Microsoft-Windows-TerminalServices-PnPDevices", "Computer": "DESKTOP-OFJ6N53", "TimeCreated": "2022-09-18 21:33:38.173544+00:00", "RecordID": "19", "Level": "3", "UserID": "S-1-5-18"}
{"EventID": "36", "Channel": "Microsoft-Windows-TerminalServices-PnPDevices/Admin", "Provider_Name": "Microsoft-Windows-TerminalServices-PnPDevices", "Computer": "DESKTOP-OFJ6N53", "TimeCreated": "2022-09-22 13:18:22.937784+00:00", "RecordID": "20", "Level": "3", "UserID": "S-1-5-18"}
{"EventID": "36", "Channel": "Microsoft-Windows-TerminalServices-PnPDevices/Admin", "Provider_Name": "Microsoft-Windows-TerminalServices-PnPDevices", "Computer": "DESKTOP-OFJ6N53", "TimeCreated": "2022-09-30 11:10:20.462029+00:00", "RecordID": "21", "Level": "3", "UserID": "S-1-5-18"}
{"EventID": "36", "Channel": "Microsoft-Windows-TerminalServices-PnPDevices/Admin", "Provider_Name": "Microsoft-Windows-TerminalServices-PnPDevices", "Computer": "DESKTOP-OFJ6N53", "TimeCreated": "2022-10-04 11:48:47.247023+00:00", "RecordID": "22", "Level": "3", "UserID": "S-1-5-18"}
{"EventID": "36", "Channel": "Microsoft-Windows-TerminalServices-PnPDevices/Admin", "Provider_Name": "Microsoft-Windows-TerminalServices-PnPDevices", "Computer": "DESKTOP-OFJ6N53", "TimeCreated": "2022-10-06 08:17:43.503824+00:00", "RecordID": "23", "Level": "3", "UserID": "S-1-5-18"}
{"EventID": "36", "Channel": "Microsoft-Windows-TerminalServices-PnPDevices/Admin", "Provider_Name": "Microsoft-Windows-TerminalServices-PnPDevices", "Computer": "DESKTOP-OFJ6N53", "TimeCreated": "2022-10-06 13:43:49.433670+00:00", "RecordID": "24", "Level": "3", "UserID": "S-1-5-18"}
{"EventID": "36", "Channel": "Microsoft-Windows-TerminalServices-PnPDevices/Admin", "Provider_Name": "Microsoft-Windows-TerminalServices-PnPDevices", "Computer": "DESKTOP-OFJ6N53", "TimeCreated": "2022-10-12 08:07:58.054857+00:00", "RecordID": "25", "Level": "3", "UserID": "S-1-5-18"}
{"EventID": "36", "Channel": "Microsoft-Windows-TerminalServices-PnPDevices/Admin", "Provider_Name": "Microsoft-Windows-TerminalServices-PnPDevices", "Computer": "DESKTOP-OFJ6N53", "TimeCreated": "2022-10-18 13:06:26.311481+00:00", "RecordID": "26", "Level": "3", "UserID": "S-1-5-18"}
{"EventID": "36", "Channel": "Microsoft-Windows-TerminalServices-PnPDevices/Admin", "Provider_Name": "Microsoft-Windows-TerminalServices-PnPDevices", "Computer": "DESKTOP-OFJ6N53", "TimeCreated": "2022-10-20 15:27:45.583147+00:00", "RecordID": "27", "Level": "3", "UserID": "S-1-5-18"}
{"EventID": "36", "Channel": "Microsoft-Windows-TerminalServices-PnPDevices/Admin", "Provider_Name": "Microsoft-Windows-TerminalServices-PnPDevices", "Computer": "DESKTOP-OFJ6N53", "TimeCreated": "2022-10-27 13:14:03.077707+00:00", "RecordID": "28", "Level": "3", "UserID": "S-1-5-18"}
{"EventID": "36", "Channel": "Microsoft-Windows-TerminalServices-PnPDevices/Admin", "Provider_Name": "Microsoft-Windows-TerminalServices-PnPDevices", "Computer": "DESKTOP-OFJ6N53", "TimeCreated": "2022-11-09 15:23:23.707687+00:00", "RecordID": "29", "Level": "3", "UserID": "S-1-5-18"}
{"EventID": "36", "Channel": "Microsoft-Windows-TerminalServices-PnPDevices/Admin", "Provider_Name": "Microsoft-Windows-TerminalServices-PnPDevices", "Computer": "DESKTOP-OFJ6N53", "TimeCreated": "2022-11-10 12:06:06.997564+00:00", "RecordID": "30", "Level": "3", "UserID": "S-1-5-18"}
{"EventID": "36", "Channel": "Microsoft-Windows-TerminalServices-PnPDevices/Admin", "Provider_Name": "Microsoft-Windows-TerminalServices-PnPDevices", "Computer": "DESKTOP-OFJ6N53", "TimeCreated": "2022-11-17 17:39:49.131878+00:00", "RecordID": "31", "Level": "3", "UserID": "S-1-5-18"}
{"EventID": "36", "Channel": "Microsoft-Windows-TerminalServices-PnPDevices/Admin", "Provider_Name": "Microsoft-Windows-TerminalServices-PnPDevices", "Computer": "DESKTOP-OFJ6N53", "TimeCreated": "2022-11-18 08:30:51.069313+00:00", "RecordID": "32", "Level": "3", "UserID": "S-1-5-18"}
{"EventID": "36", "Channel": "Microsoft-Windows-TerminalServices-PnPDevices/Admin", "Provider_Name": "Microsoft-Windows-TerminalServices-PnPDevices", "Computer": "DESKTOP-OFJ6N53", "TimeCreated": "2022-11-19 20:57:04.257030+00:00", "RecordID": "33", "Level": "3", "UserID": "S-1-5-18"}
{"EventID": "36", "Channel": "Microsoft-Windows-TerminalServices-PnPDevices/Admin", "Provider_Name": "Microsoft-Windows-TerminalServices-PnPDevices", "Computer": "DESKTOP-OFJ6N53", "TimeCreated": "2022-11-21 07:56:44.968159+00:00", "RecordID": "34", "Level": "3", "UserID": "S-1-5-18"}
{"EventID": "36", "Channel": "Microsoft-Windows-TerminalServices-PnPDevices/Admin", "Provider_Name": "Microsoft-Windows-TerminalServices-PnPDevices", "Computer": "DESKTOP-OFJ6N53", "TimeCreated": "2022-11-22 07:20:06.752592+00:00", "RecordID": "35", "Level": "3", "UserID": "S-1-5-18"}
{"EventID": "36", "Channel": "Microsoft-Windows-TerminalServices-PnPDevices/Admin", "Provider_Name": "Microsoft-Windows-TerminalServices-PnPDevices", "Computer": "DESKTOP-OFJ6N53", "TimeCreated": "2022-11-22 11:58:26.604219+00:00", "RecordID": "36", "Level": "3", "UserID": "S-1-5-18"}
{"EventID": "36", "Channel": "Microsoft-Windows-TerminalServices-PnPDevices/Admin", "Provider_Name": "Microsoft-Windows-TerminalServices-PnPDevices", "Computer": "DESKTOP-OFJ6N53", "TimeCreated": "2022-11-24 10:54:10.691780+00:00", "RecordID": "37", "Level": "3", "UserID": "S-1-5-18"}
{"EventID": "36", "Channel": "Microsoft-Windows-TerminalServices-PnPDevices/Admin", "Provider_Name": "Microsoft-Windows-TerminalServices-PnPDevices", "Computer": "DESKTOP-OFJ6N53", "TimeCreated": "2022-11-28 11:25:54.761591+00:00", "RecordID": "38", "Level": "3", "UserID": "S-1-5-18"}
{"EventID": "36", "Channel": "Microsoft-Windows-TerminalServices-PnPDevices/Admin", "Provider_Name": "Microsoft-Windows-TerminalServices-PnPDevices", "Computer": "DESKTOP-OFJ6N53", "TimeCreated": "2022-11-30 10:10:24.974386+00:00", "RecordID": "39", "Level": "3", "UserID": "S-1-5-18"}
{"EventID": "36", "Channel": "Microsoft-Windows-TerminalServices-PnPDevices/Admin", "Provider_Name": "Microsoft-Windows-TerminalServices-PnPDevices", "Computer": "DESKTOP-OFJ6N53", "TimeCreated": "2022-12-06 11:57:22.938869+00:00", "RecordID": "40", "Level": "3", "UserID": "S-1-5-18"}
{"EventID": "36", "Channel": "Microsoft-Windows-TerminalServices-PnPDevices/Admin", "Provider_Name": "Microsoft-Windows-TerminalServices-PnPDevices", "Computer": "DESKTOP-OFJ6N53", "TimeCreated": "2022-12-09 11:51:59.692135+00:00", "RecordID": "41", "Level": "3", "UserID": "S-1-5-18"}
{"EventID": "36", "Channel": "Microsoft-Windows-TerminalServices-PnPDevices/Admin", "Provider_Name": "Microsoft-Windows-TerminalServices-PnPDevices", "Computer": "DESKTOP-OFJ6N53", "TimeCreated": "2022-12-12 15:21:50.346165+00:00", "RecordID": "42", "Level": "3", "UserID": "S-1-5-18"}
{"EventID": "36", "Channel": "Microsoft-Windows-TerminalServices-PnPDevices/Admin", "Provider_Name": "Microsoft-Windows-TerminalServices-PnPDevices", "Computer": "DESKTOP-OFJ6N53", "TimeCreated": "2022-12-14 12:51:14.441179+00:00", "RecordID": "43", "Level": "3", "UserID": "S-1-5-18"}
{"EventID": "36", "Channel": "Microsoft-Windows-TerminalServices-PnPDevices/Admin", "Provider_Name": "Microsoft-Windows-TerminalServices-PnPDevices", "Computer": "DESKTOP-OFJ6N53", "TimeCreated": "2022-12-15 08:37:05.147909+00:00", "RecordID": "44", "Level": "3", "UserID": "S-1-5-18"}
{"EventID": "36", "Channel": "Microsoft-Windows-TerminalServices-PnPDevices/Admin", "Provider_Name": "Microsoft-Windows-TerminalServices-PnPDevices", "Computer": "DESKTOP-OFJ6N53", "TimeCreated": "2022-12-21 10:00:28.621725+00:00", "RecordID": "45", "Level": "3", "UserID": "S-1-5-18"}
{"EventID": "36", "Channel": "Microsoft-Windows-TerminalServices-PnPDevices/Admin", "Provider_Name": "Microsoft-Windows-TerminalServices-PnPDevices", "Computer": "DESKTOP-OFJ6N53", "TimeCreated": "2022-12-27 11:08:25.065842+00:00", "RecordID": "46", "Level": "3", "UserID": "S-1-5-18"}
{"EventID": "36", "Channel": "Microsoft-Windows-TerminalServices-PnPDevices/Admin", "Provider_Name": "Microsoft-Windows-TerminalServices-PnPDevices", "Computer": "DESKTOP-OFJ6N53", "TimeCreated": "2022-12-30 09:21:34.584600+00:00", "RecordID": "47", "Level": "3", "UserID": "S-1-5-18"}
{"EventID": "36", "Channel": "Microsoft-Windows-TerminalServices-PnPDevices/Admin", "Provider_Name": "Microsoft-Windows-TerminalServices-PnPDevices", "Computer": "DESKTOP-OFJ6N53", "TimeCreated": "2023-01-10 07:59:26.981075+00:00", "RecordID": "48", "Level": "3", "UserID": "S-1-5-18"}
{"EventID": "36", "Channel": "Microsoft-Windows-TerminalServices-PnPDevices/Admin", "Provider_Name": "Microsoft-Windows-TerminalServices-PnPDevices", "Computer": "DESKTOP-OFJ6N53", "TimeCreated": "2023-01-13 13:22:33.072769+00:00", "RecordID": "49", "Level": "3", "UserID": "S-1-5-18"}
{"EventID": "36", "Channel": "Microsoft-Windows-TerminalServices-PnPDevices/Admin", "Provider_Name": "Microsoft-Windows-TerminalServices-PnPDevices", "Computer": "DESKTOP-OFJ6N53", "TimeCreated": "2023-01-13 13:32:04.032974+00:00", "RecordID": "50", "Level": "3", "UserID": "S-1-5-18"}
{"EventID": "36", "Channel": "Microsoft-Windows-TerminalServices-PnPDevices/Admin", "Provider_Name": "Microsoft-Windows-TerminalServices-PnPDevices", "Computer": "DESKTOP-OFJ6N53", "TimeCreated": "2023-01-16 08:14:49.621250+00:00", "RecordID": "51", "Level": "3", "UserID": "S-1-5-18"}
{"EventID": "36", "Channel": "Microsoft-Windows-TerminalServices-PnPDevices/Admin", "Provider_Name": "Microsoft-Windows-TerminalServices-PnPDevices", "Computer": "DESKTOP-OFJ6N53", "TimeCreated": "2023-01-17 12:30:40.556557+00:00", "RecordID": "52", "Level": "3", "UserID": "S-1-5-18"}
{"EventID": "36", "Channel": "Microsoft-Windows-TerminalServices-PnPDevices/Admin", "Provider_Name": "Microsoft-Windows-TerminalServices-PnPDevices", "Computer": "DESKTOP-OFJ6N53", "TimeCreated": "2023-01-19 08:45:43.547630+00:00", "RecordID": "53", "Level": "3", "UserID": "S-1-5-18"}
{"EventID": "36", "Channel": "Microsoft-Windows-TerminalServices-PnPDevices/Admin", "Provider_Name": "Microsoft-Windows-TerminalServices-PnPDevices", "Computer": "DESKTOP-OFJ6N53", "TimeCreated": "2023-01-19 11:55:17.426071+00:00", "RecordID": "54", "Level": "3", "UserID": "S-1-5-18"}
{"EventID": "36", "Channel": "Microsoft-Windows-TerminalServices-PnPDevices/Admin", "Provider_Name": "Microsoft-Windows-TerminalServices-PnPDevices", "Computer": "DESKTOP-OFJ6N53", "TimeCreated": "2023-01-23 10:02:44.326414+00:00", "RecordID": "55", "Level": "3", "UserID": "S-1-5-18"}
{"EventID": "36", "Channel": "Microsoft-Windows-TerminalServices-PnPDevices/Admin", "Provider_Name": "Microsoft-Windows-TerminalServices-PnPDevices", "Computer": "DESKTOP-OFJ6N53", "TimeCreated": "2023-01-23 12:34:39.327955+00:00", "RecordID": "56", "Level": "3", "UserID": "S-1-5-18"}
{"EventID": "36", "Channel": "Microsoft-Windows-TerminalServices-PnPDevices/Admin", "Provider_Name": "Microsoft-Windows-TerminalServices-PnPDevices", "Computer": "DESKTOP-OFJ6N53", "TimeCreated": "2023-01-23 13:02:32.744305+00:00", "RecordID": "57", "Level": "3", "UserID": "S-1-5-18"}
{"EventID": "36", "Channel": "Microsoft-Windows-TerminalServices-PnPDevices/Admin", "Provider_Name": "Microsoft-Windows-TerminalServices-PnPDevices", "Computer": "DESKTOP-OFJ6N53", "TimeCreated": "2023-01-25 08:57:39.305708+00:00", "RecordID": "58", "Level": "3", "UserID": "S-1-5-18"}
{"EventID": "36", "Channel": "Microsoft-Windows-TerminalServices-PnPDevices/Admin", "Provider_Name": "Microsoft-Windows-TerminalServices-PnPDevices", "Computer": "DESKTOP-OFJ6N53", "TimeCreated": "2023-01-28 09:55:25.846270+00:00", "RecordID": "59", "Level": "3", "UserID": "S-1-5-18"}
{"EventID": "36", "Channel": "Microsoft-Windows-TerminalServices-PnPDevices/Admin", "Provider_Name": "Microsoft-Windows-TerminalServices-PnPDevices", "Computer": "DESKTOP-OFJ6N53", "TimeCreated": "2023-01-30 08:07:06.795504+00:00", "RecordID": "60", "Level": "3", "UserID": "S-1-5-18"}
{"EventID": "36", "Channel": "Microsoft-Windows-TerminalServices-PnPDevices/Admin", "Provider_Name": "Microsoft-Windows-TerminalServices-PnPDevices", "Computer": "DESKTOP-OFJ6N53", "TimeCreated": "2023-02-09 10:52:58.725809+00:00", "RecordID": "61", "Level": "3", "UserID": "S-1-5-18"}
{"EventID": "36", "Channel": "Microsoft-Windows-TerminalServices-PnPDevices/Admin", "Provider_Name": "Microsoft-Windows-TerminalServices-PnPDevices", "Computer": "DESKTOP-OFJ6N53", "TimeCreated": "2023-02-14 14:08:19.931019+00:00", "RecordID": "62", "Level": "3", "UserID": "S-1-5-18"}
{"EventID": "36", "Channel": "Microsoft-Windows-TerminalServices-PnPDevices/Admin", "Provider_Name": "Microsoft-Windows-TerminalServices-PnPDevices", "Computer": "DESKTOP-OFJ6N53", "TimeCreated": "2023-02-15 12:52:28.087133+00:00", "RecordID": "63", "Level": "3", "UserID": "S-1-5-18"}
{"EventID": "36", "Channel": "Microsoft-Windows-TerminalServices-PnPDevices/Admin", "Provider_Name": "Microsoft-Windows-TerminalServices-PnPDevices", "Computer": "DESKTOP-OFJ6N53", "TimeCreated": "2023-02-27 12:53:09.987621+00:00", "RecordID": "64", "Level": "3", "UserID": "S-1-5-18"}
{"EventID": "36", "Channel": "Microsoft-Windows-TerminalServices-PnPDevices/Admin", "Provider_Name": "Microsoft-Windows-TerminalServices-PnPDevices", "Computer": "DESKTOP-OFJ6N53", "TimeCreated": "2023-02-27 19:07:05.459927+00:00", "RecordID": "65", "Level": "3", "UserID": "S-1-5-18"}
{"EventID": "36", "Channel": "Microsoft-Windows-TerminalServices-PnPDevices/Admin", "Provider_Name": "Microsoft-Windows-TerminalServices-PnPDevices", "Computer": "DESKTOP-OFJ6N53", "TimeCreated": "2023-03-06 09:09:07.542723+00:00", "RecordID": "66", "Level": "3", "UserID": "S-1-5-18"}
{"EventID": "36", "Channel": "Microsoft-Windows-TerminalServices-PnPDevices/Admin", "Provider_Name": "Microsoft-Windows-TerminalServices-PnPDevices", "Computer": "DESKTOP-OFJ6N53", "TimeCreated": "2023-03-10 12:21:29.576874+00:00", "RecordID": "67", "Level": "3", "UserID": "S-1-5-18"}
{"EventID": "36", "Channel": "Microsoft-Windows-TerminalServices-PnPDevices/Admin", "Provider_Name": "Microsoft-Windows-TerminalServices-PnPDevices", "Computer": "DESKTOP-OFJ6N53", "TimeCreated": "2023-03-13 11:27:34.259663+00:00", "RecordID": "68", "Level": "3", "UserID": "S-1-5-18"}
{"EventID": "36", "Channel": "Microsoft-Windows-TerminalServices-PnPDevices/Admin", "Provider_Name": "Microsoft-Windows-TerminalServices-PnPDevices", "Computer": "DESKTOP-OFJ6N53", "TimeCreated": "2023-03-16 14:58:50.437479+00:00", "RecordID": "69", "Level": "3", "UserID": "S-1-5-18"}
{"EventID": "36", "Channel": "Microsoft-Windows-TerminalServices-PnPDevices/Admin", "Provider_Name": "Microsoft-Windows-TerminalServices-PnPDevices", "Computer": "DESKTOP-OFJ6N53", "TimeCreated": "2023-03-19 01:10:19.680738+00:00", "RecordID": "70", "Level": "3", "UserID": "S-1-5-18"}
{"EventID": "36", "Channel": "Microsoft-Windows-TerminalServices-PnPDevices/Admin", "Provider_Name": "Microsoft-Windows-TerminalServices-PnPDevices", "Computer": "DESKTOP-OFJ6N53", "TimeCreated": "2023-03-20 08:32:24.047585+00:00", "RecordID": "71", "Level": "3", "UserID": "S-1-5-18"}
{"EventID": "36", "Channel": "Microsoft-Windows-TerminalServices-PnPDevices/Admin", "Provider_Name": "Microsoft-Windows-TerminalServices-PnPDevices", "Computer": "DESKTOP-OFJ6N53", "TimeCreated": "2023-03-23 10:11:54.066145+00:00", "RecordID": "72", "Level": "3", "UserID": "S-1-5-18"}
{"EventID": "36", "Channel": "Microsoft-Windows-TerminalServices-PnPDevices/Admin", "Provider_Name": "Microsoft-Windows-TerminalServices-PnPDevices", "Computer": "DESKTOP-OFJ6N53", "TimeCreated": "2023-03-29 11:27:45.482443+00:00", "RecordID": "73", "Level": "3", "UserID": "S-1-5-18"}
{"EventID": "36", "Channel": "Microsoft-Windows-TerminalServices-PnPDevices/Admin", "Provider_Name": "Microsoft-Windows-TerminalServices-PnPDevices", "Computer": "DESKTOP-OFJ6N53", "TimeCreated": "2023-04-03 13:38:26.774885+00:00", "RecordID": "74", "Level": "3", "UserID": "S-1-5-18"}
{"EventID": "36", "Channel": "Microsoft-Windows-TerminalServices-PnPDevices/Admin", "Provider_Name": "Microsoft-Windows-TerminalServices-PnPDevices", "Computer": "DESKTOP-OFJ6N53", "TimeCreated": "2023-04-03 15:15:43.574316+00:00", "RecordID": "75", "Level": "3", "UserID": "S-1-5-18"}
{"EventID": "36", "Channel": "Microsoft-Windows-TerminalServices-PnPDevices/Admin", "Provider_Name": "Microsoft-Windows-TerminalServices-PnPDevices", "Computer": "DESKTOP-OFJ6N53", "TimeCreated": "2023-04-04 06:32:13.015860+00:00", "RecordID": "76", "Level": "3", "UserID": "S-1-5-18"}
{"EventID": "36", "Channel": "Microsoft-Windows-TerminalServices-PnPDevices/Admin", "Provider_Name": "Microsoft-Windows-TerminalServices-PnPDevices", "Computer": "DESKTOP-OFJ6N53", "TimeCreated": "2023-04-05 07:29:07.689404+00:00", "RecordID": "77", "Level": "3", "UserID": "S-1-5-18"}
{"EventID": "36", "Channel": "Microsoft-Windows-TerminalServices-PnPDevices/Admin", "Provider_Name": "Microsoft-Windows-TerminalServices-PnPDevices", "Computer": "DESKTOP-OFJ6N53", "TimeCreated": "2023-04-05 15:19:44.643335+00:00", "RecordID": "78", "Level": "3", "UserID": "S-1-5-18"}
{"EventID": "36", "Channel": "Microsoft-Windows-TerminalServices-PnPDevices/Admin", "Provider_Name": "Microsoft-Windows-TerminalServices-PnPDevices", "Computer": "DESKTOP-OFJ6N53", "TimeCreated": "2023-04-11 19:59:54.347866+00:00", "RecordID": "79", "Level": "3", "UserID": "S-1-5-18"}
{"EventID": "36", "Channel": "Microsoft-Windows-TerminalServices-PnPDevices/Admin", "Provider_Name": "Microsoft-Windows-TerminalServices-PnPDevices", "Computer": "DESKTOP-OFJ6N53", "TimeCreated": "2023-04-13 10:51:21.126417+00:00", "RecordID": "80", "Level": "3", "UserID": "S-1-5-18"}
{"EventID": "36", "Channel": "Microsoft-Windows-TerminalServices-PnPDevices/Admin", "Provider_Name": "Microsoft-Windows-TerminalServices-PnPDevices", "Computer": "DESKTOP-OFJ6N53", "TimeCreated": "2023-04-22 12:25:26.469202+00:00", "RecordID": "81", "Level": "3", "UserID": "S-1-5-18"}
{"EventID": "36", "Channel": "Microsoft-Windows-TerminalServices-PnPDevices/Admin", "Provider_Name": "Microsoft-Windows-TerminalServices-PnPDevices", "Computer": "DESKTOP-OFJ6N53", "TimeCreated": "2023-04-26 10:12:28.397182+00:00", "RecordID": "82", "Level": "3", "UserID": "S-1-5-18"}
{"EventID": "36", "Channel": "Microsoft-Windows-TerminalServices-PnPDevices/Admin", "Provider_Name": "Microsoft-Windows-TerminalServices-PnPDevices", "Computer": "DESKTOP-OFJ6N53", "TimeCreated": "2023-05-03 08:11:00.206072+00:00", "RecordID": "83", "Level": "3", "UserID": "S-1-5-18"}
{"EventID": "36", "Channel": "Microsoft-Windows-TerminalServices-PnPDevices/Admin", "Provider_Name": "Microsoft-Windows-TerminalServices-PnPDevices", "Computer": "DESKTOP-OFJ6N53", "TimeCreated": "2023-05-03 09:53:42.100454+00:00", "RecordID": "84", "Level": "3", "UserID": "S-1-5-18"}
{"EventID": "36", "Channel": "Microsoft-Windows-TerminalServices-PnPDevices/Admin", "Provider_Name": "Microsoft-Windows-TerminalServices-PnPDevices", "Computer": "DESKTOP-OFJ6N53", "TimeCreated": "2023-05-10 09:34:52.925085+00:00", "RecordID": "85", "Level": "3", "UserID": "S-1-5-18"}
{"EventID": "36", "Channel": "Microsoft-Windows-TerminalServices-PnPDevices/Admin", "Provider_Name": "Microsoft-Windows-TerminalServices-PnPDevices", "Computer": "DESKTOP-OFJ6N53", "TimeCreated": "2023-05-15 12:22:50.432817+00:00", "RecordID": "86", "Level": "3", "UserID": "S-1-5-18"}
{"EventID": "36", "Channel": "Microsoft-Windows-TerminalServices-PnPDevices/Admin", "Provider_Name": "Microsoft-Windows-TerminalServices-PnPDevices", "Computer": "DESKTOP-OFJ6N53", "TimeCreated": "2023-05-16 14:59:09.885248+00:00", "RecordID": "87", "Level": "3", "UserID": "S-1-5-18"}
{"EventID": "36", "Channel": "Microsoft-Windows-TerminalServices-PnPDevices/Admin", "Provider_Name": "Microsoft-Windows-TerminalServices-PnPDevices", "Computer": "DESKTOP-OFJ6N53", "TimeCreated": "2023-06-09 08:42:59.437250+00:00", "RecordID": "88", "Level": "3", "UserID": "S-1-5-18"}
{"EventID": "36", "Channel": "Microsoft-Windows-TerminalServices-PnPDevices/Admin", "Provider_Name": "Microsoft-Windows-TerminalServices-PnPDevices", "Computer": "DESKTOP-OFJ6N53", "TimeCreated": "2023-06-11 21:01:26.789406+00:00", "RecordID": "89", "Level": "3", "UserID": "S-1-5-18"}
{"EventID": "36", "Channel": "Microsoft-Windows-TerminalServices-PnPDevices/Admin", "Provider_Name": "Microsoft-Windows-TerminalServices-PnPDevices", "Computer": "DESKTOP-OFJ6N53", "TimeCreated": "2023-06-14 13:31:59.603981+00:00", "RecordID": "90", "Level": "3", "UserID": "S-1-5-18"}
{"EventID": "36", "Channel": "Microsoft-Windows-TerminalServices-PnPDevices/Admin", "Provider_Name": "Microsoft-Windows-TerminalServices-PnPDevices", "Computer": "DESKTOP-OFJ6N53", "TimeCreated": "2023-06-27 09:48:33.903532+00:00", "RecordID": "91", "Level": "3", "UserID": "S-1-5-18"}
{"EventID": "36", "Channel": "Microsoft-Windows-TerminalServices-PnPDevices/Admin", "Provider_Name": "Microsoft-Windows-TerminalServices-PnPDevices", "Computer": "DESKTOP-OFJ6N53", "TimeCreated": "2023-07-03 07:38:43.950624+00:00", "RecordID": "92", "Level": "3", "UserID": "S-1-5-18"}
{"EventID": "36", "Channel": "Microsoft-Windows-TerminalServices-PnPDevices/Admin", "Provider_Name": "Microsoft-Windows-TerminalServices-PnPDevices", "Computer": "DESKTOP-OFJ6N53", "TimeCreated": "2023-07-10 09:13:00.380934+00:00", "RecordID": "93", "Level": "3", "UserID": "S-1-5-18"}
{"EventID": "36", "Channel": "Microsoft-Windows-TerminalServices-PnPDevices/Admin", "Provider_Name": "Microsoft-Windows-TerminalServices-PnPDevices", "Computer": "DESKTOP-OFJ6N53", "TimeCreated": "2023-07-13 08:39:56.470039+00:00", "RecordID": "94", "Level": "3", "UserID": "S-1-5-18"}
{"EventID": "36", "Channel": "Microsoft-Windows-TerminalServices-PnPDevices/Admin", "Provider_Name": "Microsoft-Windows-TerminalServices-PnPDevices", "Computer": "DESKTOP-OFJ6N53", "TimeCreated": "2023-07-18 14:55:45.173403+00:00", "RecordID": "95", "Level": "3", "UserID": "S-1-5-18"}
{"EventID": "36", "Channel": "Microsoft-Windows-TerminalServices-PnPDevices/Admin", "Provider_Name": "Microsoft-Windows-TerminalServices-PnPDevices", "Computer": "DESKTOP-OFJ6N53", "TimeCreated": "2023-07-25 10:38:53.749273+00:00", "RecordID": "96", "Level": "3", "UserID": "S-1-5-18"}
{"EventID": "36", "Channel": "Microsoft-Windows-TerminalServices-PnPDevices/Admin", "Provider_Name": "Microsoft-Windows-TerminalServices-PnPDevices", "Computer": "DESKTOP-OFJ6N53", "TimeCreated": "2023-07-27 07:41:47.032642+00:00", "RecordID": "97", "Level": "3", "UserID": "S-1-5-18"}
{"EventID": "36", "Channel": "Microsoft-Windows-TerminalServices-PnPDevices/Admin", "Provider_Name": "Microsoft-Windows-TerminalServices-PnPDevices", "Computer": "DESKTOP-OFJ6N53", "TimeCreated": "2023-07-31 13:01:38.587141+00:00", "RecordID": "98", "Level": "3", "UserID": "S-1-5-18"}
{"EventID": "36", "Channel": "Microsoft-Windows-TerminalServices-PnPDevices/Admin", "Provider_Name": "Microsoft-Windows-TerminalServices-PnPDevices", "Computer": "DESKTOP-OFJ6N53", "TimeCreated": "2023-08-02 10:09:00.744314+00:00", "RecordID": "99", "Level": "3", "UserID": "S-1-5-18"}
{"EventID": "36", "Channel": "Microsoft-Windows-TerminalServices-PnPDevices/Admin", "Provider_Name": "Microsoft-Windows-TerminalServices-PnPDevices", "Computer": "DESKTOP-OFJ6N53", "TimeCreated": "2023-08-10 07:41:45.499397+00:00", "RecordID": "100", "Level": "3", "UserID": "S-1-5-18"}
{"EventID": "36", "Channel": "Microsoft-Windows-TerminalServices-PnPDevices/Admin", "Provider_Name": "Microsoft-Windows-TerminalServices-PnPDevices", "Computer": "DESKTOP-OFJ6N53", "TimeCreated": "2023-08-16 10:00:48.590651+00:00", "RecordID": "101", "Level": "3", "UserID": "S-1-5-18"}
{"EventID": "36", "Channel": "Microsoft-Windows-TerminalServices-PnPDevices/Admin", "Provider_Name": "Microsoft-Windows-TerminalServices-PnPDevices", "Computer": "DESKTOP-OFJ6N53", "TimeCreated": "2023-09-04 11:37:15.483940+00:00", "RecordID": "102", "Level": "3", "UserID": "S-1-5-18"}
{"EventID": "36", "Channel": "Microsoft-Windows-TerminalServices-PnPDevices/Admin", "Provider_Name": "Microsoft-Windows-TerminalServices-PnPDevices", "Computer": "DESKTOP-OFJ6N53", "TimeCreated": "2023-09-07 11:18:51.886446+00:00", "RecordID": "103", "Level": "3", "UserID": "S-1-5-18"}
{"EventID": "36", "Channel": "Microsoft-Windows-TerminalServices-PnPDevices/Admin", "Provider_Name": "Microsoft-Windows-TerminalServices-PnPDevices", "Computer": "DESKTOP-OFJ6N53", "TimeCreated": "2023-09-18 11:51:07.441387+00:00", "RecordID": "104", "Level": "3", "UserID": "S-1-5-18"}
{"EventID": "36", "Channel": "Microsoft-Windows-TerminalServices-PnPDevices/Admin", "Provider_Name": "Microsoft-Windows-TerminalServices-PnPDevices", "Computer": "DESKTOP-OFJ6N53", "TimeCreated": "2023-10-02 12:52:33.218197+00:00", "RecordID": "105", "Level": "3", "UserID": "S-1-5-18"}
{"EventID": "36", "Channel": "Microsoft-Windows-TerminalServices-PnPDevices/Admin", "Provider_Name": "Microsoft-Windows-TerminalServices-PnPDevices", "Computer": "DESKTOP-OFJ6N53", "TimeCreated": "2023-10-13 09:13:31.442333+00:00", "RecordID": "106", "Level": "3", "UserID": "S-1-5-18"}
{"EventID": "36", "Channel": "Microsoft-Windows-TerminalServices-PnPDevices/Admin", "Provider_Name": "Microsoft-Windows-TerminalServices-PnPDevices", "Computer": "DESKTOP-OFJ6N53", "TimeCreated": "2023-11-02 14:00:10.406755+00:00", "RecordID": "107", "Level": "3", "UserID": "S-1-5-18"}
{"EventID": "36", "Channel": "Microsoft-Windows-TerminalServices-PnPDevices/Admin", "Provider_Name": "Microsoft-Windows-TerminalServices-PnPDevices", "Computer": "DESKTOP-OFJ6N53", "TimeCreated": "2023-11-22 10:37:17.984789+00:00", "RecordID": "108", "Level": "3", "UserID": "S-1-5-18"}
{"EventID": "36", "Channel": "Microsoft-Windows-TerminalServices-PnPDevices/Admin", "Provider_Name": "Microsoft-Windows-TerminalServices-PnPDevices", "Computer": "DESKTOP-OFJ6N53", "TimeCreated": "2023-12-12 15:14:58.455156+00:00", "RecordID": "109", "Level": "3", "UserID": "S-1-5-18"}
{"EventID": "36", "Channel": "Microsoft-Windows-TerminalServices-PnPDevices/Admin", "Provider_Name": "Microsoft-Windows-TerminalServices-PnPDevices", "Computer": "DESKTOP-OFJ6N53", "TimeCreated": "2023-12-14 08:20:10.942524+00:00", "RecordID": "110", "Level": "3", "UserID": "S-1-5-18"}
{"EventID": "36", "Channel": "Microsoft-Windows-TerminalServices-PnPDevices/Admin", "Provider_Name": "Microsoft-Windows-TerminalServices-PnPDevices", "Computer": "DESKTOP-OFJ6N53", "TimeCreated": "2023-12-29 14:46:13.491730+00:00", "RecordID": "111", "Level": "3", "UserID": "S-1-5-18"}
{"EventID": "36", "Channel": "Microsoft-Windows-TerminalServices-PnPDevices/Admin", "Provider_Name": "Microsoft-Windows-TerminalServices-PnPDevices", "Computer": "DESKTOP-OFJ6N53", "TimeCreated": "2024-01-16 11:10:49.703308+00:00", "RecordID": "112", "Level": "3", "UserID": "S-1-5-18"}
{"EventID": "36", "Channel": "Microsoft-Windows-TerminalServices-PnPDevices/Admin", "Provider_Name": "Microsoft-Windows-TerminalServices-PnPDevices", "Computer": "DESKTOP-OFJ6N53", "TimeCreated": "2024-02-16 14:07:14.626940+00:00", "RecordID": "113", "Level": "3", "UserID": "S-1-5-18"}
{"EventID": "36", "Channel": "Microsoft-Windows-TerminalServices-PnPDevices/Admin", "Provider_Name": "Microsoft-Windows-TerminalServices-PnPDevices", "Computer": "DESKTOP-OFJ6N53", "TimeCreated": "2024-03-12 11:04:49.213863+00:00", "RecordID": "114", "Level": "3", "UserID": "S-1-5-18"}
{"EventID": "36", "Channel": "Microsoft-Windows-TerminalServices-PnPDevices/Admin", "Provider_Name": "Microsoft-Windows-TerminalServices-PnPDevices", "Computer": "DESKTOP-OFJ6N53", "TimeCreated": "2024-04-15 08:28:10.317480+00:00", "RecordID": "115", "Level": "3", "UserID": "S-1-5-18"}
{"EventID": "36", "Channel": "Microsoft-Windows-TerminalServices-PnPDevices/Admin", "Provider_Name": "Microsoft-Windows-TerminalServices-PnPDevices", "Computer": "DESKTOP-OFJ6N53", "TimeCreated": "2024-04-24 13:45:06.433584+00:00", "RecordID": "116", "Level": "3", "UserID": "S-1-5-18"}
{"EventID": "36", "Channel": "Microsoft-Windows-TerminalServices-PnPDevices/Admin", "Provider_Name": "Microsoft-Windows-TerminalServices-PnPDevices", "Computer": "DESKTOP-OFJ6N53", "TimeCreated": "2024-05-02 13:48:18.265312+00:00", "RecordID": "117", "Level": "3", "UserID": "S-1-5-18"}
{"EventID": "36", "Channel": "Microsoft-Windows-TerminalServices-PnPDevices/Admin", "Provider_Name": "Microsoft-Windows-TerminalServices-PnPDevices", "Computer": "DESKTOP-OFJ6N53", "TimeCreated": "2024-05-14 09:25:04.817789+00:00", "RecordID": "118", "Level": "3", "UserID": "S-1-5-18"}
{"EventID": "36", "Channel": "Microsoft-Windows-TerminalServices-PnPDevices/Admin", "Provider_Name": "Microsoft-Windows-TerminalServices-PnPDevices", "Computer": "DESKTOP-OFJ6N53", "TimeCreated": "2024-05-15 13:47:29.850788+00:00", "RecordID": "119", "Level": "3", "UserID": "S-1-5-18"}
{"EventID": "36", "Channel": "Microsoft-Windows-TerminalServices-PnPDevices/Admin", "Provider_Name": "Microsoft-Windows-TerminalServices-PnPDevices", "Computer": "DESKTOP-OFJ6N53", "TimeCreated": "2024-05-31 10:49:58.281031+00:00", "RecordID": "120", "Level": "3", "UserID": "S-1-5-18"}
{"EventID": "36", "Channel": "Microsoft-Windows-TerminalServices-PnPDevices/Admin", "Provider_Name": "Microsoft-Windows-TerminalServices-PnPDevices", "Computer": "DESKTOP-OFJ6N53", "TimeCreated": "2024-06-06 12:19:06.837175+00:00", "RecordID": "121", "Level": "3", "UserID": "S-1-5-18"}
{"EventID": "36", "Channel": "Microsoft-Windows-TerminalServices-PnPDevices/Admin", "Provider_Name": "Microsoft-Windows-TerminalServices-PnPDevices", "Computer": "DESKTOP-OFJ6N53", "TimeCreated": "2024-06-13 10:02:51.014040+00:00", "RecordID": "122", "Level": "3", "UserID": "S-1-5-18"}
{"EventID": "36", "Channel": "Microsoft-Windows-TerminalServices-PnPDevices/Admin", "Provider_Name": "Microsoft-Windows-TerminalServices-PnPDevices", "Computer": "DESKTOP-OFJ6N53", "TimeCreated": "2024-06-13 10:21:31.588749+00:00", "RecordID": "123", "Level": "3", "UserID": "S-1-5-18"}
{"EventID": "36", "Channel": "Microsoft-Windows-TerminalServices-PnPDevices/Admin", "Provider_Name": "Microsoft-Windows-TerminalServices-PnPDevices", "Computer": "DESKTOP-OFJ6N53", "TimeCreated": "2024-07-04 10:12:41.978689+00:00", "RecordID": "124", "Level": "3", "UserID": "S-1-5-18"}
{"EventID": "36", "Channel": "Microsoft-Windows-TerminalServices-PnPDevices/Admin", "Provider_Name": "Microsoft-Windows-TerminalServices-PnPDevices", "Computer": "DESKTOP-OFJ6N53", "TimeCreated": "2024-07-11 10:32:08.702747+00:00", "RecordID": "125", "Level": "3", "UserID": "S-1-5-18"}
{"EventID": "36", "Channel": "Microsoft-Windows-TerminalServices-PnPDevices/Admin", "Provider_Name": "Microsoft-Windows-TerminalServices-PnPDevices", "Computer": "DESKTOP-OFJ6N53", "TimeCreated": "2024-07-22 07:27:22.792637+00:00", "RecordID": "126", "Level": "3", "UserID": "S-1-5-18"}
{"EventID": "36", "Channel": "Microsoft-Windows-TerminalServices-PnPDevices/Admin", "Provider_Name": "Microsoft-Windows-TerminalServices-PnPDevices", "Computer": "DESKTOP-OFJ6N53", "TimeCreated": "2024-08-30 11:01:52.994173+00:00", "RecordID": "127", "Level": "3", "UserID": "S-1-5-18"}
{"EventID": "36", "Channel": "Microsoft-Windows-TerminalServices-PnPDevices/Admin", "Provider_Name": "Microsoft-Windows-TerminalServices-PnPDevices", "Computer": "DESKTOP-OFJ6N53", "TimeCreated": "2024-09-06 13:40:40.293978+00:00", "RecordID": "128", "Level": "3", "UserID": "S-1-5-18"}
{"EventID": "36", "Channel": "Microsoft-Windows-TerminalServices-PnPDevices/Admin", "Provider_Name": "Microsoft-Windows-TerminalServices-PnPDevices", "Computer": "DESKTOP-OFJ6N53", "TimeCreated": "2024-09-16 12:51:01.271677+00:00", "RecordID": "129", "Level": "3", "UserID": "S-1-5-18"}
{"EventID": "36", "Channel": "Microsoft-Windows-TerminalServices-PnPDevices/Admin", "Provider_Name": "Microsoft-Windows-TerminalServices-PnPDevices", "Computer": "DESKTOP-OFJ6N53", "TimeCreated": "2024-09-19 17:25:45.745195+00:00", "RecordID": "130", "Level": "3", "UserID": "S-1-5-18"}
{"EventID": "36", "Channel": "Microsoft-Windows-TerminalServices-PnPDevices/Admin", "Provider_Name": "Microsoft-Windows-TerminalServices-PnPDevices", "Computer": "DESKTOP-OFJ6N53", "TimeCreated": "2024-09-24 12:12:18.291300+00:00", "RecordID": "131", "Level": "3", "UserID": "S-1-5-18"}
{"EventID": "36", "Channel": "Microsoft-Windows-TerminalServices-PnPDevices/Admin", "Provider_Name": "Microsoft-Windows-TerminalServices-PnPDevices", "Computer": "DESKTOP-OFJ6N53", "TimeCreated": "2024-09-25 13:56:41.827696+00:00", "RecordID": "132", "Level": "3", "UserID": "S-1-5-18"}
{"EventID": "36", "Channel": "Microsoft-Windows-TerminalServices-PnPDevices/Admin", "Provider_Name": "Microsoft-Windows-TerminalServices-PnPDevices", "Computer": "DESKTOP-OFJ6N53", "TimeCreated": "2024-09-30 22:32:22.609039+00:00", "RecordID": "133", "Level": "3", "UserID": "S-1-5-18"}
{"EventID": "36", "Channel": "Microsoft-Windows-TerminalServices-PnPDevices/Admin", "Provider_Name": "Microsoft-Windows-TerminalServices-PnPDevices", "Computer": "DESKTOP-OFJ6N53", "TimeCreated": "2024-10-04 11:18:33.696104+00:00", "RecordID": "134", "Level": "3", "UserID": "S-1-5-18"}
{"EventID": "36", "Channel": "Microsoft-Windows-TerminalServices-PnPDevices/Admin", "Provider_Name": "Microsoft-Windows-TerminalServices-PnPDevices", "Computer": "DESKTOP-OFJ6N53", "TimeCreated": "2024-10-04 22:03:40.003824+00:00", "RecordID": "135", "Level": "3", "UserID": "S-1-5-18"}
{"EventID": "36", "Channel": "Microsoft-Windows-TerminalServices-PnPDevices/Admin", "Provider_Name": "Microsoft-Windows-TerminalServices-PnPDevices", "Computer": "DESKTOP-OFJ6N53", "TimeCreated": "2024-10-16 22:41:57.177732+00:00", "RecordID": "136", "Level": "3", "UserID": "S-1-5-18"}
{"EventID": "36", "Channel": "Microsoft-Windows-TerminalServices-PnPDevices/Admin", "Provider_Name": "Microsoft-Windows-TerminalServices-PnPDevices", "Computer": "DESKTOP-OFJ6N53", "TimeCreated": "2024-11-20 13:45:31.355053+00:00", "RecordID": "137", "Level": "3", "UserID": "S-1-5-18"}
{"EventID": "36", "Channel": "Microsoft-Windows-TerminalServices-PnPDevices/Admin", "Provider_Name": "Microsoft-Windows-TerminalServices-PnPDevices", "Computer": "DESKTOP-OFJ6N53", "TimeCreated": "2024-12-03 11:35:36.316414+00:00", "RecordID": "138", "Level": "3", "UserID": "S-1-5-18"}
{"EventID": "36", "Channel": "Microsoft-Windows-TerminalServices-PnPDevices/Admin", "Provider_Name": "Microsoft-Windows-TerminalServices-PnPDevices", "Computer": "DESKTOP-OFJ6N53", "TimeCreated": "2024-12-09 10:51:13.165909+00:00", "RecordID": "139", "Level": "3", "UserID": "S-1-5-18"}
{"EventID": "36", "Channel": "Microsoft-Windows-TerminalServices-PnPDevices/Admin", "Provider_Name": "Microsoft-Windows-TerminalServices-PnPDevices", "Computer": "DESKTOP-OFJ6N53", "TimeCreated": "2024-12-11 16:23:21.059343+00:00", "RecordID": "140", "Level": "3", "UserID": "S-1-5-18"}
{"EventID": "36", "Channel": "Microsoft-Windows-TerminalServices-PnPDevices/Admin", "Provider_Name": "Microsoft-Windows-TerminalServices-PnPDevices", "Computer": "DESKTOP-OFJ6N53", "TimeCreated": "2024-12-23 14:15:17.945744+00:00", "RecordID": "141", "Level": "3", "UserID": "S-1-5-18"}
{"EventID": "36", "Channel": "Microsoft-Windows-TerminalServices-PnPDevices/Admin", "Provider_Name": "Microsoft-Windows-TerminalServices-PnPDevices", "Computer": "DESKTOP-OFJ6N53", "TimeCreated": "2025-01-09 14:56:26.647358+00:00", "RecordID": "142", "Level": "3", "UserID": "S-1-5-18"}
{"EventID": "36", "Channel": "Microsoft-Windows-TerminalServices-PnPDevices/Admin", "Provider_Name": "Microsoft-Windows-TerminalServices-PnPDevices", "Computer": "DESKTOP-OFJ6N53", "TimeCreated": "2025-01-16 12:58:09.855619+00:00", "RecordID": "143", "Level": "3", "UserID": "S-1-5-18"}
{"EventID": "36", "Channel": "Microsoft-Windows-TerminalServices-PnPDevices/Admin", "Provider_Name": "Microsoft-Windows-TerminalServices-PnPDevices", "Computer": "DESKTOP-OFJ6N53", "TimeCreated": "2025-01-24 12:04:33.285597+00:00", "RecordID": "144", "Level": "3", "UserID": "S-1-5-18"}
{"EventID": "36", "Channel": "Microsoft-Windows-TerminalServices-PnPDevices/Admin", "Provider_Name": "Microsoft-Windows-TerminalServices-PnPDevices", "Computer": "DESKTOP-OFJ6N53", "TimeCreated": "2025-02-05 14:19:38.468027+00:00", "RecordID": "145", "Level": "3", "UserID": "S-1-5-18"}
{"EventID": "36", "Channel": "Microsoft-Windows-TerminalServices-PnPDevices/Admin", "Provider_Name": "Microsoft-Windows-TerminalServices-PnPDevices", "Computer": "DESKTOP-OFJ6N53", "TimeCreated": "2025-02-12 16:12:53.639553+00:00", "RecordID": "146", "Level": "3", "UserID": "S-1-5-18"}
{"EventID": "36", "Channel": "Microsoft-Windows-TerminalServices-PnPDevices/Admin", "Provider_Name": "Microsoft-Windows-TerminalServices-PnPDevices", "Computer": "DESKTOP-OFJ6N53", "TimeCreated": "2025-03-07 15:29:27.138876+00:00", "RecordID": "147", "Level": "3", "UserID": "S-1-5-18"}
{"EventID": "36", "Channel": "Microsoft-Windows-TerminalServices-PnPDevices/Admin", "Provider_Name": "Microsoft-Windows-TerminalServices-PnPDevices", "Computer": "DESKTOP-OFJ6N53", "TimeCreated": "2025-03-12 07:34:14.501331+00:00", "RecordID": "148", "Level": "3", "UserID": "S-1-5-18"}
{"EventID": "36", "Channel": "Microsoft-Windows-TerminalServices-PnPDevices/Admin", "Provider_Name": "Microsoft-Windows-TerminalServices-PnPDevices", "Computer": "DESKTOP-OFJ6N53", "TimeCreated": "2025-04-02 09:13:42.737452+00:00", "RecordID": "149", "Level": "3", "UserID": "S-1-5-18"}
{"EventID": "36", "Channel": "Microsoft-Windows-TerminalServices-PnPDevices/Admin", "Provider_Name": "Microsoft-Windows-TerminalServices-PnPDevices", "Computer": "DESKTOP-OFJ6N53", "TimeCreated": "2025-04-02 09:19:59.052174+00:00", "RecordID": "150", "Level": "3", "UserID": "S-1-5-18"}
{"EventID": "36", "Channel": "Microsoft-Windows-TerminalServices-PnPDevices/Admin", "Provider_Name": "Microsoft-Windows-TerminalServices-PnPDevices", "Computer": "DESKTOP-OFJ6N53", "TimeCreated": "2025-04-02 09:53:53.363293+00:00", "RecordID": "151", "Level": "3", "UserID": "S-1-5-18"}
{"EventID": "36", "Channel": "Microsoft-Windows-TerminalServices-PnPDevices/Admin", "Provider_Name": "Microsoft-Windows-TerminalServices-PnPDevices", "Computer": "DESKTOP-OFJ6N53", "TimeCreated": "2025-04-02 10:02:29.588560+00:00", "RecordID": "152", "Level": "3", "UserID": "S-1-5-18"}
{"EventID": "36", "Channel": "Microsoft-Windows-TerminalServices-PnPDevices/Admin", "Provider_Name": "Microsoft-Windows-TerminalServices-PnPDevices", "Computer": "DESKTOP-OFJ6N53", "TimeCreated": "2025-04-02 10:08:42.344177+00:00", "RecordID": "153", "Level": "3", "UserID": "S-1-5-18"}
{"EventID": "36", "Channel": "Microsoft-Windows-TerminalServices-PnPDevices/Admin", "Provider_Name": "Microsoft-Windows-TerminalServices-PnPDevices", "Computer": "DESKTOP-OFJ6N53", "TimeCreated": "2025-04-02 10:12:46.515169+00:00", "RecordID": "154", "Level": "3", "UserID": "S-1-5-18"}
{"EventID": "36", "Channel": "Microsoft-Windows-TerminalServices-PnPDevices/Admin", "Provider_Name": "Microsoft-Windows-TerminalServices-PnPDevices", "Computer": "DESKTOP-OFJ6N53", "TimeCreated": "2025-04-02 10:30:56.484234+00:00", "RecordID": "155", "Level": "3", "UserID": "S-1-5-18"}
{"EventID": "36", "Channel": "Microsoft-Windows-TerminalServices-PnPDevices/Admin", "Provider_Name": "Microsoft-Windows-TerminalServices-PnPDevices", "Computer": "DESKTOP-OFJ6N53", "TimeCreated": "2025-04-02 10:37:51.662691+00:00", "RecordID": "156", "Level": "3", "UserID": "S-1-5-18"}
{"EventID": "36", "Channel": "Microsoft-Windows-TerminalServices-PnPDevices/Admin", "Provider_Name": "Microsoft-Windows-TerminalServices-PnPDevices", "Computer": "DESKTOP-OFJ6N53", "TimeCreated": "2025-04-10 05:53:04.837389+00:00", "RecordID": "157", "Level": "3", "UserID": "S-1-5-18"}
{"EventID": "36", "Channel": "Microsoft-Windows-TerminalServices-PnPDevices/Admin", "Provider_Name": "Microsoft-Windows-TerminalServices-PnPDevices", "Computer": "DESKTOP-OFJ6N53", "TimeCreated": "2025-04-24 11:02:01.863295+00:00", "RecordID": "158", "Level": "3", "UserID": "S-1-5-18"}
{"EventID": "36", "Channel": "Microsoft-Windows-TerminalServices-PnPDevices/Admin", "Provider_Name": "Microsoft-Windows-TerminalServices-PnPDevices", "Computer": "DESKTOP-OFJ6N53", "TimeCreated": "2025-05-21 14:11:25.379551+00:00", "RecordID": "159", "Level": "3", "UserID": "S-1-5-18"}
{"EventID": "36", "Channel": "Microsoft-Windows-TerminalServices-PnPDevices/Admin", "Provider_Name": "Microsoft-Windows-TerminalServices-PnPDevices", "Computer": "DESKTOP-OFJ6N53", "TimeCreated": "2025-06-18 13:21:34.965263+00:00", "RecordID": "160", "Level": "3", "UserID": "S-1-5-18"}
{"EventID": "36", "Channel": "Microsoft-Windows-TerminalServices-PnPDevices/Admin", "Provider_Name": "Microsoft-Windows-TerminalServices-PnPDevices", "Computer": "DESKTOP-OFJ6N53", "TimeCreated": "2025-07-07 13:11:59.008648+00:00", "RecordID": "161", "Level": "3", "UserID": "S-1-5-18"}
{"EventID": "36", "Channel": "Microsoft-Windows-TerminalServices-PnPDevices/Admin", "Provider_Name": "Microsoft-Windows-TerminalServices-PnPDevices", "Computer": "DESKTOP-OFJ6N53", "TimeCreated": "2025-07-14 09:52:10.194345+00:00", "RecordID": "162", "Level": "3", "UserID": "S-1-5-18"}
{"EventID": "36", "Channel": "Microsoft-Windows-TerminalServices-PnPDevices/Admin", "Provider_Name": "Microsoft-Windows-TerminalServices-PnPDevices", "Computer": "DESKTOP-OFJ6N53", "TimeCreated": "2025-07-24 21:30:33.854530+00:00", "RecordID": "163", "Level": "3", "UserID": "S-1-5-18"}
{"EventID": "36", "Channel": "Microsoft-Windows-TerminalServices-PnPDevices/Admin", "Provider_Name": "Microsoft-Windows-TerminalServices-PnPDevices", "Computer": "DESKTOP-OFJ6N53", "TimeCreated": "2025-07-31 08:16:25.900103+00:00", "RecordID": "164", "Level": "3", "UserID": "S-1-5-18"}
{"EventID": "36", "Channel": "Microsoft-Windows-TerminalServices-PnPDevices/Admin", "Provider_Name": "Microsoft-Windows-TerminalServices-PnPDevices", "Computer": "DESKTOP-OFJ6N53", "TimeCreated": "2025-08-12 12:19:10.546888+00:00", "RecordID": "165", "Level": "3", "UserID": "S-1-5-18"}
{"EventID": "36", "Channel": "Microsoft-Windows-TerminalServices-PnPDevices/Admin", "Provider_Name": "Microsoft-Windows-TerminalServices-PnPDevices", "Computer": "DESKTOP-OFJ6N53", "TimeCreated": "2025-08-13 15:30:23.174608+00:00", "RecordID": "166", "Level": "3", "UserID": "S-1-5-18"}
{"EventID": "36", "Channel": "Microsoft-Windows-TerminalServices-PnPDevices/Admin", "Provider_Name": "Microsoft-Windows-TerminalServices-PnPDevices", "Computer": "DESKTOP-OFJ6N53", "TimeCreated": "2025-08-19 07:20:31.493443+00:00", "RecordID": "167", "Level": "3", "UserID": "S-1-5-18"}
{"EventID": "36", "Channel": "Microsoft-Windows-TerminalServices-PnPDevices/Admin", "Provider_Name": "Microsoft-Windows-TerminalServices-PnPDevices", "Computer": "DESKTOP-OFJ6N53", "TimeCreated": "2025-08-19 07:45:58.488214+00:00", "RecordID": "168", "Level": "3", "UserID": "S-1-5-18"}
{"EventID": "36", "Channel": "Microsoft-Windows-TerminalServices-PnPDevices/Admin", "Provider_Name": "Microsoft-Windows-TerminalServices-PnPDevices", "Computer": "DESKTOP-OFJ6N53", "TimeCreated": "2025-08-22 13:13:20.151146+00:00", "RecordID": "169", "Level": "3", "UserID": "S-1-5-18"}
{"EventID": "36", "Channel": "Microsoft-Windows-TerminalServices-PnPDevices/Admin", "Provider_Name": "Microsoft-Windows-TerminalServices-PnPDevices", "Computer": "DESKTOP-OFJ6N53", "TimeCreated": "2025-08-23 20:33:40.921930+00:00", "RecordID": "170", "Level": "3", "UserID": "S-1-5-18"}
