{"EventID": "22", "Channel": "Microsoft-Windows-Audio/PlaybackManager", "Provider_Name": "Microsoft-Windows-Audio", "Computer": "DESKTOP-OFJ6N53", "TimeCreated": "2022-02-28 14:18:55.681311+00:00", "RecordID": "1", "Level": "4", "UserID": "S-1-5-21-963789628-1060504924-4285088085-1001", "EventData.bIsSuspended": "True"}
{"EventID": "22", "Channel": "Microsoft-Windows-Audio/PlaybackManager", "Provider_Name": "Microsoft-Windows-Audio", "Computer": "DESKTOP-OFJ6N53", "TimeCreated": "2022-02-28 14:19:40.606939+00:00", "RecordID": "2", "Level": "4", "UserID": "S-1-5-21-963789628-1060504924-4285088085-1001", "EventData.bIsSuspended": "False"}
{"EventID": "22", "Channel": "Microsoft-Windows-Audio/PlaybackManager", "Provider_Name": "Microsoft-Windows-Audio", "Computer": "DESKTOP-OFJ6N53", "TimeCreated": "2022-02-28 14:19:58.430536+00:00", "RecordID": "3", "Level": "4", "UserID": "S-1-5-21-963789628-1060504924-4285088085-1001", "EventData.bIsSuspended": "True"}
{"EventID": "22", "Channel": "Microsoft-Windows-Audio/PlaybackManager", "Provider_Name": "Microsoft-Windows-Audio", "Computer": "DESKTOP-OFJ6N53", "TimeCreated": "2022-02-28 14:19:58.470825+00:00", "RecordID": "4", "Level": "4", "UserID": "S-1-5-21-963789628-1060504924-4285088085-1001", "EventData.bIsSuspended": "False"}
{"EventID": "22", "Channel": "Microsoft-Windows-Audio/PlaybackManager", "Provider_Name": "Microsoft-Windows-Audio", "Computer": "DESKTOP-OFJ6N53", "TimeCreated": "2022-02-28 14:20:41.396242+00:00", "RecordID": "5", "Level": "4", "UserID": "S-1-5-21-963789628-1060504924-4285088085-1001", "EventData.bIsSuspended": "True"}
{"EventID": "22", "Channel": "Microsoft-Windows-Audio/PlaybackManager", "Provider_Name": "Microsoft-Windows-Audio", "Computer": "DESKTOP-OFJ6N53", "TimeCreated": "2022-02-28 16:58:07.835701+00:00", "RecordID": "6", "Level": "4", "UserID": "S-1-5-21-963789628-1060504924-4285088085-1001", "EventData.bIsSuspended": "False"}
{"EventID": "22", "Channel": "Microsoft-Windows-Audio/PlaybackManager", "Provider_Name": "Microsoft-Windows-Audio", "Computer": "DESKTOP-OFJ6N53", "TimeCreated": "2022-02-28 18:15:10.398262+00:00", "RecordID": "7", "Level": "4", "UserID": "S-1-5-21-963789628-1060504924-4285088085-1001", "EventData.bIsSuspended": "True"}
{"EventID": "22", "Channel": "Microsoft-Windows-Audio/PlaybackManager", "Provider_Name": "Microsoft-Windows-Audio", "Computer": "DESKTOP-OFJ6N53", "TimeCreated": "2022-02-28 18:15:41.088470+00:00", "RecordID": "8", "Level": "4", "UserID": "S-1-5-21-963789628-1060504924-4285088085-1001", "EventData.bIsSuspended": "False"}
{"EventID": "22", "Channel": "Microsoft-Windows-Audio/PlaybackManager", "Provider_Name": "Microsoft-Windows-Audio", "Computer": "DESKTOP-OFJ6N53", "TimeCreated": "2022-02-28 18:16:19.053537+00:00", "RecordID": "9", "Level": "4", "UserID": "S-1-5-21-963789628-1060504924-4285088085-1001", "EventData.bIsSuspended": "True"}
{"EventID": "22", "Channel": "Microsoft-Windows-Audio/PlaybackManager", "Provider_Name": "Microsoft-Windows-Audio", "Computer": "DESKTOP-OFJ6N53", "TimeCreated": "2022-03-01 03:13:37.256226+00:00", "RecordID": "10", "Level": "4", "UserID": "S-1-5-21-963789628-1060504924-4285088085-1001", "EventData.bIsSuspended": "False"}
{"EventID": "23", "Channel": "Microsoft-Windows-Audio/PlaybackManager", "Provider_Name": "Microsoft-Windows-Audio", "Computer": "DESKTOP-OFJ6N53", "TimeCreated": "2022-03-01 03:13:37.770565+00:00", "RecordID": "11", "Level": "4", "UserID": "S-1-5-21-963789628-1060504924-4285088085-1001", "EventData.bExclusiveModeStream": "False", "EventData.bOffloadStream": "False"}
{"EventID": "22", "Channel": "Microsoft-Windows-Audio/PlaybackManager", "Provider_Name": "Microsoft-Windows-Audio", "Computer": "DESKTOP-OFJ6N53", "TimeCreated": "2022-03-01 11:43:57.339121+00:00", "RecordID": "12", "Level": "4", "UserID": "S-1-5-21-963789628-1060504924-4285088085-1001", "EventData.bIsSuspended": "True"}
{"EventID": "22", "Channel": "Microsoft-Windows-Audio/PlaybackManager", "Provider_Name": "Microsoft-Windows-Audio", "Computer": "DESKTOP-OFJ6N53", "TimeCreated": "2022-03-01 11:43:57.393730+00:00", "RecordID": "13", "Level": "4", "UserID": "S-1-5-21-963789628-1060504924-4285088085-1001", "EventData.bIsSuspended": "False"}
{"EventID": "22", "Channel": "Microsoft-Windows-Audio/PlaybackManager", "Provider_Name": "Microsoft-Windows-Audio", "Computer": "DESKTOP-OFJ6N53", "TimeCreated": "2022-03-01 13:10:43.614227+00:00", "RecordID": "14", "Level": "4", "UserID": "S-1-5-21-963789628-1060504924-4285088085-1001", "EventData.bIsSuspended": "True"}
{"EventID": "22", "Channel": "Microsoft-Windows-Audio/PlaybackManager", "Provider_Name": "Microsoft-Windows-Audio", "Computer": "DESKTOP-OFJ6N53", "TimeCreated": "2022-03-01 13:10:57.505844+00:00", "RecordID": "15", "Level": "4", "UserID": "S-1-5-21-963789628-1060504924-4285088085-1001", "EventData.bIsSuspended": "False"}
{"EventID": "22", "Channel": "Microsoft-Windows-Audio/PlaybackManager", "Provider_Name": "Microsoft-Windows-Audio", "Computer": "DESKTOP-OFJ6N53", "TimeCreated": "2022-03-01 13:11:13.515387+00:00", "RecordID": "16", "Level": "4", "UserID": "S-1-5-21-963789628-1060504924-4285088085-1001", "EventData.bIsSuspended": "True"}
{"EventID": "22", "Channel": "Microsoft-Windows-Audio/PlaybackManager", "Provider_Name": "Microsoft-Windows-Audio", "Computer": "DESKTOP-OFJ6N53", "TimeCreated": "2022-03-01 22:08:04.318735+00:00", "RecordID": "17", "Level": "4", "UserID": "S-1-5-21-963789628-1060504924-4285088085-1001", "EventData.bIsSuspended": "False"}
{"EventID": "23", "Channel": "Microsoft-Windows-Audio/PlaybackManager", "Provider_Name": "Microsoft-Windows-Audio", "Computer": "DESKTOP-OFJ6N53", "TimeCreated": "2022-03-01 22:08:04.322603+00:00", "RecordID": "18", "Level": "4", "UserID": "S-1-5-21-963789628-1060504924-4285088085-1001", "EventData.bExclusiveModeStream": "False", "EventData.bOffloadStream": "False"}
{"EventID": "22", "Channel": "Microsoft-Windows-Audio/PlaybackManager", "Provider_Name": "Microsoft-Windows-Audio", "Computer": "DESKTOP-OFJ6N53", "TimeCreated": "2022-03-02 12:12:44.821877+00:00", "RecordID": "19", "Level": "4", "UserID": "S-1-5-21-963789628-1060504924-4285088085-1001", "EventData.bIsSuspended": "True"}
{"EventID": "22", "Channel": "Microsoft-Windows-Audio/PlaybackManager", "Provider_Name": "Microsoft-Windows-Audio", "Computer": "DESKTOP-OFJ6N53", "TimeCreated": "2022-03-02 12:13:03.514778+00:00", "RecordID": "20", "Level": "4", "UserID": "S-1-5-21-963789628-1060504924-4285088085-1001", "EventData.bIsSuspended": "False"}
{"EventID": "22", "Channel": "Microsoft-Windows-Audio/PlaybackManager", "Provider_Name": "Microsoft-Windows-Audio", "Computer": "DESKTOP-OFJ6N53", "TimeCreated": "2022-03-02 12:13:39.711475+00:00", "RecordID": "21", "Level": "4", "UserID": "S-1-5-21-963789628-1060504924-4285088085-1001", "EventData.bIsSuspended": "True"}
{"EventID": "22", "Channel": "Microsoft-Windows-Audio/PlaybackManager", "Provider_Name": "Microsoft-Windows-Audio", "Computer": "DESKTOP-OFJ6N53", "TimeCreated": "2022-03-02 12:38:03.144472+00:00", "RecordID": "22", "Level": "4", "UserID": "S-1-5-21-963789628-1060504924-4285088085-1001", "EventData.bIsSuspended": "False"}
{"EventID": "22", "Channel": "Microsoft-Windows-Audio/PlaybackManager", "Provider_Name": "Microsoft-Windows-Audio", "Computer": "DESKTOP-OFJ6N53", "TimeCreated": "2022-03-11 10:17:05.845825+00:00", "RecordID": "23", "Level": "4", "UserID": "S-1-5-21-963789628-1060504924-4285088085-1001", "EventData.bIsSuspended": "True"}
{"EventID": "22", "Channel": "Microsoft-Windows-Audio/PlaybackManager", "Provider_Name": "Microsoft-Windows-Audio", "Computer": "DESKTOP-OFJ6N53", "TimeCreated": "2022-03-11 10:52:45.207853+00:00", "RecordID": "24", "Level": "4", "UserID": "S-1-5-21-963789628-1060504924-4285088085-1001", "EventData.bIsSuspended": "False"}
{"EventID": "22", "Channel": "Microsoft-Windows-Audio/PlaybackManager", "Provider_Name": "Microsoft-Windows-Audio", "Computer": "DESKTOP-OFJ6N53", "TimeCreated": "2022-03-11 10:54:21.493513+00:00", "RecordID": "25", "Level": "4", "UserID": "S-1-5-21-963789628-1060504924-4285088085-1001", "EventData.bIsSuspended": "True"}
{"EventID": "22", "Channel": "Microsoft-Windows-Audio/PlaybackManager", "Provider_Name": "Microsoft-Windows-Audio", "Computer": "DESKTOP-OFJ6N53", "TimeCreated": "2022-03-15 16:42:00.997646+00:00", "RecordID": "26", "Level": "4", "UserID": "S-1-5-21-963789628-1060504924-4285088085-1001", "EventData.bIsSuspended": "False"}
{"EventID": "22", "Channel": "Microsoft-Windows-Audio/PlaybackManager", "Provider_Name": "Microsoft-Windows-Audio", "Computer": "DESKTOP-OFJ6N53", "TimeCreated": "2022-03-15 16:42:17.184769+00:00", "RecordID": "27", "Level": "4", "UserID": "S-1-5-21-963789628-1060504924-4285088085-1001", "EventData.bIsSuspended": "True"}
{"EventID": "22", "Channel": "Microsoft-Windows-Audio/PlaybackManager", "Provider_Name": "Microsoft-Windows-Audio", "Computer": "DESKTOP-OFJ6N53", "TimeCreated": "2022-03-16 14:21:35.080225+00:00", "RecordID": "28", "Level": "4", "UserID": "S-1-5-21-963789628-1060504924-4285088085-1001", "EventData.bIsSuspended": "True"}
{"EventID": "22", "Channel": "Microsoft-Windows-Audio/PlaybackManager", "Provider_Name": "Microsoft-Windows-Audio", "Computer": "DESKTOP-OFJ6N53", "TimeCreated": "2022-03-16 14:22:03.146259+00:00", "RecordID": "29", "Level": "4", "UserID": "S-1-5-21-963789628-1060504924-4285088085-1001", "EventData.bIsSuspended": "False"}
{"EventID": "22", "Channel": "Microsoft-Windows-Audio/PlaybackManager", "Provider_Name": "Microsoft-Windows-Audio", "Computer": "DESKTOP-OFJ6N53", "TimeCreated": "2022-03-16 14:22:23.340733+00:00", "RecordID": "30", "Level": "4", "UserID": "S-1-5-21-963789628-1060504924-4285088085-1001", "EventData.bIsSuspended": "True"}
{"EventID": "22", "Channel": "Microsoft-Windows-Audio/PlaybackManager", "Provider_Name": "Microsoft-Windows-Audio", "Computer": "DESKTOP-OFJ6N53", "TimeCreated": "2022-03-16 14:22:23.352198+00:00", "RecordID": "31", "Level": "4", "UserID": "S-1-5-21-963789628-1060504924-4285088085-1001", "EventData.bIsSuspended": "False"}
{"EventID": "22", "Channel": "Microsoft-Windows-Audio/PlaybackManager", "Provider_Name": "Microsoft-Windows-Audio", "Computer": "DESKTOP-OFJ6N53", "TimeCreated": "2022-03-16 14:22:39.419701+00:00", "RecordID": "32", "Level": "4", "UserID": "S-1-5-21-963789628-1060504924-4285088085-1001", "EventData.bIsSuspended": "True"}
{"EventID": "22", "Channel": "Microsoft-Windows-Audio/PlaybackManager", "Provider_Name": "Microsoft-Windows-Audio", "Computer": "DESKTOP-OFJ6N53", "TimeCreated": "2022-03-16 15:35:28.893143+00:00", "RecordID": "33", "Level": "4", "UserID": "S-1-5-21-963789628-1060504924-4285088085-1001", "EventData.bIsSuspended": "False"}
{"EventID": "23", "Channel": "Microsoft-Windows-Audio/PlaybackManager", "Provider_Name": "Microsoft-Windows-Audio", "Computer": "DESKTOP-OFJ6N53", "TimeCreated": "2022-03-16 15:35:28.902021+00:00", "RecordID": "34", "Level": "4", "UserID": "S-1-5-21-963789628-1060504924-4285088085-1001", "EventData.bExclusiveModeStream": "False", "EventData.bOffloadStream": "False"}
{"EventID": "22", "Channel": "Microsoft-Windows-Audio/PlaybackManager", "Provider_Name": "Microsoft-Windows-Audio", "Computer": "DESKTOP-OFJ6N53", "TimeCreated": "2022-03-17 11:44:12.944859+00:00", "RecordID": "35", "Level": "4", "UserID": "S-1-5-21-963789628-1060504924-4285088085-1001", "EventData.bIsSuspended": "True"}
{"EventID": "22", "Channel": "Microsoft-Windows-Audio/PlaybackManager", "Provider_Name": "Microsoft-Windows-Audio", "Computer": "DESKTOP-OFJ6N53", "TimeCreated": "2022-03-17 12:06:59.656487+00:00", "RecordID": "36", "Level": "4", "UserID": "S-1-5-21-963789628-1060504924-4285088085-1001", "EventData.bIsSuspended": "False"}
{"EventID": "22", "Channel": "Microsoft-Windows-Audio/PlaybackManager", "Provider_Name": "Microsoft-Windows-Audio", "Computer": "DESKTOP-OFJ6N53", "TimeCreated": "2022-03-21 09:58:09.142521+00:00", "RecordID": "37", "Level": "4", "UserID": "S-1-5-21-963789628-1060504924-4285088085-1001", "EventData.bIsSuspended": "True"}
{"EventID": "22", "Channel": "Microsoft-Windows-Audio/PlaybackManager", "Provider_Name": "Microsoft-Windows-Audio", "Computer": "DESKTOP-OFJ6N53", "TimeCreated": "2022-03-21 09:58:39.080994+00:00", "RecordID": "38", "Level": "4", "UserID": "S-1-5-21-963789628-1060504924-4285088085-1001", "EventData.bIsSuspended": "False"}
{"EventID": "22", "Channel": "Microsoft-Windows-Audio/PlaybackManager", "Provider_Name": "Microsoft-Windows-Audio", "Computer": "DESKTOP-OFJ6N53", "TimeCreated": "2022-03-21 09:59:14.989603+00:00", "RecordID": "39", "Level": "4", "UserID": "S-1-5-21-963789628-1060504924-4285088085-1001", "EventData.bIsSuspended": "True"}
{"EventID": "22", "Channel": "Microsoft-Windows-Audio/PlaybackManager", "Provider_Name": "Microsoft-Windows-Audio", "Computer": "DESKTOP-OFJ6N53", "TimeCreated": "2022-03-21 09:59:18.275358+00:00", "RecordID": "40", "Level": "4", "UserID": "S-1-5-21-963789628-1060504924-4285088085-1001", "EventData.bIsSuspended": "False"}
{"EventID": "22", "Channel": "Microsoft-Windows-Audio/PlaybackManager", "Provider_Name": "Microsoft-Windows-Audio", "Computer": "DESKTOP-OFJ6N53", "TimeCreated": "2022-03-21 12:03:20.343245+00:00", "RecordID": "41", "Level": "4", "UserID": "S-1-5-21-963789628-1060504924-4285088085-1001", "EventData.bIsSuspended": "True"}
{"EventID": "22", "Channel": "Microsoft-Windows-Audio/PlaybackManager", "Provider_Name": "Microsoft-Windows-Audio", "Computer": "DESKTOP-OFJ6N53", "TimeCreated": "2022-03-21 12:03:49.629568+00:00", "RecordID": "42", "Level": "4", "UserID": "S-1-5-21-963789628-1060504924-4285088085-1001", "EventData.bIsSuspended": "False"}
{"EventID": "22", "Channel": "Microsoft-Windows-Audio/PlaybackManager", "Provider_Name": "Microsoft-Windows-Audio", "Computer": "DESKTOP-OFJ6N53", "TimeCreated": "2022-03-21 12:04:05.689638+00:00", "RecordID": "43", "Level": "4", "UserID": "S-1-5-21-963789628-1060504924-4285088085-1001", "EventData.bIsSuspended": "True"}
{"EventID": "22", "Channel": "Microsoft-Windows-Audio/PlaybackManager", "Provider_Name": "Microsoft-Windows-Audio", "Computer": "DESKTOP-OFJ6N53", "TimeCreated": "2022-03-21 12:04:08.395655+00:00", "RecordID": "44", "Level": "4", "UserID": "S-1-5-21-963789628-1060504924-4285088085-1001", "EventData.bIsSuspended": "False"}
{"EventID": "22", "Channel": "Microsoft-Windows-Audio/PlaybackManager", "Provider_Name": "Microsoft-Windows-Audio", "Computer": "DESKTOP-OFJ6N53", "TimeCreated": "2022-03-22 09:26:23.490456+00:00", "RecordID": "45", "Level": "4", "UserID": "S-1-5-21-963789628-1060504924-4285088085-1001", "EventData.bIsSuspended": "True"}
{"EventID": "22", "Channel": "Microsoft-Windows-Audio/PlaybackManager", "Provider_Name": "Microsoft-Windows-Audio", "Computer": "DESKTOP-OFJ6N53", "TimeCreated": "2022-03-22 09:26:55.263338+00:00", "RecordID": "46", "Level": "4", "UserID": "S-1-5-21-963789628-1060504924-4285088085-1001", "EventData.bIsSuspended": "False"}
{"EventID": "22", "Channel": "Microsoft-Windows-Audio/PlaybackManager", "Provider_Name": "Microsoft-Windows-Audio", "Computer": "DESKTOP-OFJ6N53", "TimeCreated": "2022-03-22 09:27:11.334118+00:00", "RecordID": "47", "Level": "4", "UserID": "S-1-5-21-963789628-1060504924-4285088085-1001", "EventData.bIsSuspended": "True"}
{"EventID": "22", "Channel": "Microsoft-Windows-Audio/PlaybackManager", "Provider_Name": "Microsoft-Windows-Audio", "Computer": "DESKTOP-OFJ6N53", "TimeCreated": "2022-03-22 09:27:13.562223+00:00", "RecordID": "48", "Level": "4", "UserID": "S-1-5-21-963789628-1060504924-4285088085-1001", "EventData.bIsSuspended": "False"}
{"EventID": "22", "Channel": "Microsoft-Windows-Audio/PlaybackManager", "Provider_Name": "Microsoft-Windows-Audio", "Computer": "DESKTOP-OFJ6N53", "TimeCreated": "2022-03-22 09:27:29.586235+00:00", "RecordID": "49", "Level": "4", "UserID": "S-1-5-21-963789628-1060504924-4285088085-1001", "EventData.bIsSuspended": "True"}
{"EventID": "22", "Channel": "Microsoft-Windows-Audio/PlaybackManager", "Provider_Name": "Microsoft-Windows-Audio", "Computer": "DESKTOP-OFJ6N53", "TimeCreated": "2022-03-22 09:43:01.747665+00:00", "RecordID": "50", "Level": "4", "UserID": "S-1-5-21-963789628-1060504924-4285088085-1001", "EventData.bIsSuspended": "False"}
{"EventID": "22", "Channel": "Microsoft-Windows-Audio/PlaybackManager", "Provider_Name": "Microsoft-Windows-Audio", "Computer": "DESKTOP-OFJ6N53", "TimeCreated": "2022-03-23 12:57:27.773478+00:00", "RecordID": "51", "Level": "4", "UserID": "S-1-5-21-963789628-1060504924-4285088085-1001", "EventData.bIsSuspended": "True"}
{"EventID": "22", "Channel": "Microsoft-Windows-Audio/PlaybackManager", "Provider_Name": "Microsoft-Windows-Audio", "Computer": "DESKTOP-OFJ6N53", "TimeCreated": "2022-03-23 12:57:55.740377+00:00", "RecordID": "52", "Level": "4", "UserID": "S-1-5-21-963789628-1060504924-4285088085-1001", "EventData.bIsSuspended": "False"}
{"EventID": "22", "Channel": "Microsoft-Windows-Audio/PlaybackManager", "Provider_Name": "Microsoft-Windows-Audio", "Computer": "DESKTOP-OFJ6N53", "TimeCreated": "2022-03-23 12:58:11.805624+00:00", "RecordID": "53", "Level": "4", "UserID": "S-1-5-21-963789628-1060504924-4285088085-1001", "EventData.bIsSuspended": "True"}
{"EventID": "22", "Channel": "Microsoft-Windows-Audio/PlaybackManager", "Provider_Name": "Microsoft-Windows-Audio", "Computer": "DESKTOP-OFJ6N53", "TimeCreated": "2022-03-23 12:58:14.848837+00:00", "RecordID": "54", "Level": "4", "UserID": "S-1-5-21-963789628-1060504924-4285088085-1001", "EventData.bIsSuspended": "False"}
{"EventID": "22", "Channel": "Microsoft-Windows-Audio/PlaybackManager", "Provider_Name": "Microsoft-Windows-Audio", "Computer": "DESKTOP-OFJ6N53", "TimeCreated": "2022-03-23 12:58:30.917377+00:00", "RecordID": "55", "Level": "4", "UserID": "S-1-5-21-963789628-1060504924-4285088085-1001", "EventData.bIsSuspended": "True"}
{"EventID": "22", "Channel": "Microsoft-Windows-Audio/PlaybackManager", "Provider_Name": "Microsoft-Windows-Audio", "Computer": "DESKTOP-OFJ6N53", "TimeCreated": "2022-03-23 16:53:02.168165+00:00", "RecordID": "56", "Level": "4", "UserID": "S-1-5-21-963789628-1060504924-4285088085-1001", "EventData.bIsSuspended": "False"}
{"EventID": "23", "Channel": "Microsoft-Windows-Audio/PlaybackManager", "Provider_Name": "Microsoft-Windows-Audio", "Computer": "DESKTOP-OFJ6N53", "TimeCreated": "2022-03-23 16:53:02.172470+00:00", "RecordID": "57", "Level": "4", "UserID": "S-1-5-21-963789628-1060504924-4285088085-1001", "EventData.bExclusiveModeStream": "False", "EventData.bOffloadStream": "False"}
{"EventID": "22", "Channel": "Microsoft-Windows-Audio/PlaybackManager", "Provider_Name": "Microsoft-Windows-Audio", "Computer": "DESKTOP-OFJ6N53", "TimeCreated": "2022-03-24 08:40:54.417582+00:00", "RecordID": "58", "Level": "4", "UserID": "S-1-5-21-963789628-1060504924-4285088085-1001", "EventData.bIsSuspended": "True"}
{"EventID": "22", "Channel": "Microsoft-Windows-Audio/PlaybackManager", "Provider_Name": "Microsoft-Windows-Audio", "Computer": "DESKTOP-OFJ6N53", "TimeCreated": "2022-03-24 08:41:17.487183+00:00", "RecordID": "59", "Level": "4", "UserID": "S-1-5-21-963789628-1060504924-4285088085-1001", "EventData.bIsSuspended": "False"}
{"EventID": "22", "Channel": "Microsoft-Windows-Audio/PlaybackManager", "Provider_Name": "Microsoft-Windows-Audio", "Computer": "DESKTOP-OFJ6N53", "TimeCreated": "2022-03-25 08:55:21.505308+00:00", "RecordID": "60", "Level": "4", "UserID": "S-1-5-21-963789628-1060504924-4285088085-1001", "EventData.bIsSuspended": "True"}
{"EventID": "22", "Channel": "Microsoft-Windows-Audio/PlaybackManager", "Provider_Name": "Microsoft-Windows-Audio", "Computer": "DESKTOP-OFJ6N53", "TimeCreated": "2022-03-25 08:55:23.433090+00:00", "RecordID": "61", "Level": "4", "UserID": "S-1-5-21-963789628-1060504924-4285088085-1001", "EventData.bIsSuspended": "False"}
{"EventID": "22", "Channel": "Microsoft-Windows-Audio/PlaybackManager", "Provider_Name": "Microsoft-Windows-Audio", "Computer": "DESKTOP-OFJ6N53", "TimeCreated": "2022-03-29 12:03:54.610504+00:00", "RecordID": "62", "Level": "4", "UserID": "S-1-5-21-963789628-1060504924-4285088085-1001", "EventData.bIsSuspended": "True"}
{"EventID": "22", "Channel": "Microsoft-Windows-Audio/PlaybackManager", "Provider_Name": "Microsoft-Windows-Audio", "Computer": "DESKTOP-OFJ6N53", "TimeCreated": "2022-03-29 12:04:25.238489+00:00", "RecordID": "63", "Level": "4", "UserID": "S-1-5-21-963789628-1060504924-4285088085-1001", "EventData.bIsSuspended": "False"}
{"EventID": "22", "Channel": "Microsoft-Windows-Audio/PlaybackManager", "Provider_Name": "Microsoft-Windows-Audio", "Computer": "DESKTOP-OFJ6N53", "TimeCreated": "2022-03-29 12:05:02.803007+00:00", "RecordID": "64", "Level": "4", "UserID": "S-1-5-21-963789628-1060504924-4285088085-1001", "EventData.bIsSuspended": "True"}
{"EventID": "22", "Channel": "Microsoft-Windows-Audio/PlaybackManager", "Provider_Name": "Microsoft-Windows-Audio", "Computer": "DESKTOP-OFJ6N53", "TimeCreated": "2022-03-29 12:05:58.533772+00:00", "RecordID": "65", "Level": "4", "UserID": "S-1-5-21-963789628-1060504924-4285088085-1001", "EventData.bIsSuspended": "False"}
{"EventID": "22", "Channel": "Microsoft-Windows-Audio/PlaybackManager", "Provider_Name": "Microsoft-Windows-Audio", "Computer": "DESKTOP-OFJ6N53", "TimeCreated": "2022-03-29 12:06:14.593081+00:00", "RecordID": "66", "Level": "4", "UserID": "S-1-5-21-963789628-1060504924-4285088085-1001", "EventData.bIsSuspended": "True"}
{"EventID": "22", "Channel": "Microsoft-Windows-Audio/PlaybackManager", "Provider_Name": "Microsoft-Windows-Audio", "Computer": "DESKTOP-OFJ6N53", "TimeCreated": "2022-03-29 14:13:10.981625+00:00", "RecordID": "67", "Level": "4", "UserID": "S-1-5-21-963789628-1060504924-4285088085-1001", "EventData.bIsSuspended": "False"}
{"EventID": "22", "Channel": "Microsoft-Windows-Audio/PlaybackManager", "Provider_Name": "Microsoft-Windows-Audio", "Computer": "DESKTOP-OFJ6N53", "TimeCreated": "2022-03-30 09:32:13.971750+00:00", "RecordID": "68", "Level": "4", "UserID": "S-1-5-21-963789628-1060504924-4285088085-1001", "EventData.bIsSuspended": "True"}
{"EventID": "22", "Channel": "Microsoft-Windows-Audio/PlaybackManager", "Provider_Name": "Microsoft-Windows-Audio", "Computer": "DESKTOP-OFJ6N53", "TimeCreated": "2022-03-30 09:32:16.426733+00:00", "RecordID": "69", "Level": "4", "UserID": "S-1-5-21-963789628-1060504924-4285088085-1001", "EventData.bIsSuspended": "False"}
{"EventID": "22", "Channel": "Microsoft-Windows-Audio/PlaybackManager", "Provider_Name": "Microsoft-Windows-Audio", "Computer": "DESKTOP-OFJ6N53", "TimeCreated": "2022-04-05 14:39:38.432907+00:00", "RecordID": "70", "Level": "4", "UserID": "S-1-5-21-963789628-1060504924-4285088085-1001", "EventData.bIsSuspended": "True"}
{"EventID": "22", "Channel": "Microsoft-Windows-Audio/PlaybackManager", "Provider_Name": "Microsoft-Windows-Audio", "Computer": "DESKTOP-OFJ6N53", "TimeCreated": "2022-04-05 14:48:33.663500+00:00", "RecordID": "71", "Level": "4", "UserID": "S-1-5-21-963789628-1060504924-4285088085-1001", "EventData.bIsSuspended": "False"}
{"EventID": "22", "Channel": "Microsoft-Windows-Audio/PlaybackManager", "Provider_Name": "Microsoft-Windows-Audio", "Computer": "DESKTOP-OFJ6N53", "TimeCreated": "2022-04-05 14:48:49.691126+00:00", "RecordID": "72", "Level": "4", "UserID": "S-1-5-21-963789628-1060504924-4285088085-1001", "EventData.bIsSuspended": "True"}
{"EventID": "22", "Channel": "Microsoft-Windows-Audio/PlaybackManager", "Provider_Name": "Microsoft-Windows-Audio", "Computer": "DESKTOP-OFJ6N53", "TimeCreated": "2022-04-05 15:55:09.249828+00:00", "RecordID": "73", "Level": "4", "UserID": "S-1-5-21-963789628-1060504924-4285088085-1001", "EventData.bIsSuspended": "False"}
{"EventID": "23", "Channel": "Microsoft-Windows-Audio/PlaybackManager", "Provider_Name": "Microsoft-Windows-Audio", "Computer": "DESKTOP-OFJ6N53", "TimeCreated": "2022-04-05 15:55:09.288027+00:00", "RecordID": "74", "Level": "4", "UserID": "S-1-5-21-963789628-1060504924-4285088085-1001", "EventData.bExclusiveModeStream": "False", "EventData.bOffloadStream": "False"}
{"EventID": "22", "Channel": "Microsoft-Windows-Audio/PlaybackManager", "Provider_Name": "Microsoft-Windows-Audio", "Computer": "DESKTOP-OFJ6N53", "TimeCreated": "2022-04-06 13:09:57.081888+00:00", "RecordID": "75", "Level": "4", "UserID": "S-1-5-21-963789628-1060504924-4285088085-1001", "EventData.bIsSuspended": "True"}
{"EventID": "22", "Channel": "Microsoft-Windows-Audio/PlaybackManager", "Provider_Name": "Microsoft-Windows-Audio", "Computer": "DESKTOP-OFJ6N53", "TimeCreated": "2022-04-06 15:07:44.696581+00:00", "RecordID": "76", "Level": "4", "UserID": "S-1-5-21-963789628-1060504924-4285088085-1001", "EventData.bIsSuspended": "False"}
{"EventID": "22", "Channel": "Microsoft-Windows-Audio/PlaybackManager", "Provider_Name": "Microsoft-Windows-Audio", "Computer": "DESKTOP-OFJ6N53", "TimeCreated": "2022-04-13 07:11:54.301693+00:00", "RecordID": "77", "Level": "4", "UserID": "S-1-5-21-963789628-1060504924-4285088085-1001", "EventData.bIsSuspended": "True"}
{"EventID": "22", "Channel": "Microsoft-Windows-Audio/PlaybackManager", "Provider_Name": "Microsoft-Windows-Audio", "Computer": "DESKTOP-OFJ6N53", "TimeCreated": "2022-04-13 07:12:41.025795+00:00", "RecordID": "78", "Level": "4", "UserID": "S-1-5-21-963789628-1060504924-4285088085-1001", "EventData.bIsSuspended": "False"}
{"EventID": "22", "Channel": "Microsoft-Windows-Audio/PlaybackManager", "Provider_Name": "Microsoft-Windows-Audio", "Computer": "DESKTOP-OFJ6N53", "TimeCreated": "2022-04-13 07:13:19.897713+00:00", "RecordID": "79", "Level": "4", "UserID": "S-1-5-21-963789628-1060504924-4285088085-1001", "EventData.bIsSuspended": "True"}
{"EventID": "22", "Channel": "Microsoft-Windows-Audio/PlaybackManager", "Provider_Name": "Microsoft-Windows-Audio", "Computer": "DESKTOP-OFJ6N53", "TimeCreated": "2022-04-13 07:13:21.435202+00:00", "RecordID": "80", "Level": "4", "UserID": "S-1-5-21-963789628-1060504924-4285088085-1001", "EventData.bIsSuspended": "False"}
{"EventID": "23", "Channel": "Microsoft-Windows-Audio/PlaybackManager", "Provider_Name": "Microsoft-Windows-Audio", "Computer": "DESKTOP-OFJ6N53", "TimeCreated": "2022-04-13 12:04:26.623074+00:00", "RecordID": "81", "Level": "4", "UserID": "S-1-5-21-963789628-1060504924-4285088085-1001", "EventData.bExclusiveModeStream": "False", "EventData.bOffloadStream": "False"}
{"EventID": "23", "Channel": "Microsoft-Windows-Audio/PlaybackManager", "Provider_Name": "Microsoft-Windows-Audio", "Computer": "DESKTOP-OFJ6N53", "TimeCreated": "2022-04-13 12:04:27.111376+00:00", "RecordID": "82", "Level": "4", "UserID": "S-1-5-21-963789628-1060504924-4285088085-1001", "EventData.bExclusiveModeStream": "False", "EventData.bOffloadStream": "False"}
{"EventID": "22", "Channel": "Microsoft-Windows-Audio/PlaybackManager", "Provider_Name": "Microsoft-Windows-Audio", "Computer": "DESKTOP-OFJ6N53", "TimeCreated": "2022-04-13 13:20:57.162498+00:00", "RecordID": "83", "Level": "4", "UserID": "S-1-5-21-963789628-1060504924-4285088085-1001", "EventData.bIsSuspended": "True"}
{"EventID": "22", "Channel": "Microsoft-Windows-Audio/PlaybackManager", "Provider_Name": "Microsoft-Windows-Audio", "Computer": "DESKTOP-OFJ6N53", "TimeCreated": "2022-04-13 13:39:46.922445+00:00", "RecordID": "84", "Level": "4", "UserID": "S-1-5-21-963789628-1060504924-4285088085-1001", "EventData.bIsSuspended": "False"}
{"EventID": "23", "Channel": "Microsoft-Windows-Audio/PlaybackManager", "Provider_Name": "Microsoft-Windows-Audio", "Computer": "DESKTOP-OFJ6N53", "TimeCreated": "2022-04-13 13:39:46.924259+00:00", "RecordID": "85", "Level": "4", "UserID": "S-1-5-21-963789628-1060504924-4285088085-1001", "EventData.bExclusiveModeStream": "False", "EventData.bOffloadStream": "False"}
{"EventID": "23", "Channel": "Microsoft-Windows-Audio/PlaybackManager", "Provider_Name": "Microsoft-Windows-Audio", "Computer": "DESKTOP-OFJ6N53", "TimeCreated": "2022-04-15 15:48:17.403986+00:00", "RecordID": "86", "Level": "4", "UserID": "S-1-5-21-963789628-1060504924-4285088085-1001", "EventData.bExclusiveModeStream": "False", "EventData.bOffloadStream": "False"}
{"EventID": "23", "Channel": "Microsoft-Windows-Audio/PlaybackManager", "Provider_Name": "Microsoft-Windows-Audio", "Computer": "DESKTOP-OFJ6N53", "TimeCreated": "2022-04-15 15:48:17.449318+00:00", "RecordID": "87", "Level": "4", "UserID": "S-1-5-21-963789628-1060504924-4285088085-1001", "EventData.bExclusiveModeStream": "False", "EventData.bOffloadStream": "False"}
{"EventID": "23", "Channel": "Microsoft-Windows-Audio/PlaybackManager", "Provider_Name": "Microsoft-Windows-Audio", "Computer": "DESKTOP-OFJ6N53", "TimeCreated": "2022-04-18 07:11:05.548725+00:00", "RecordID": "88", "Level": "4", "UserID": "S-1-5-21-963789628-1060504924-4285088085-1001", "EventData.bExclusiveModeStream": "False", "EventData.bOffloadStream": "False"}
{"EventID": "22", "Channel": "Microsoft-Windows-Audio/PlaybackManager", "Provider_Name": "Microsoft-Windows-Audio", "Computer": "DESKTOP-OFJ6N53", "TimeCreated": "2022-04-19 08:41:16.820974+00:00", "RecordID": "89", "Level": "4", "UserID": "S-1-5-21-963789628-1060504924-4285088085-1001", "EventData.bIsSuspended": "True"}
{"EventID": "22", "Channel": "Microsoft-Windows-Audio/PlaybackManager", "Provider_Name": "Microsoft-Windows-Audio", "Computer": "DESKTOP-OFJ6N53", "TimeCreated": "2022-04-19 08:41:28.812458+00:00", "RecordID": "90", "Level": "4", "UserID": "S-1-5-21-963789628-1060504924-4285088085-1001", "EventData.bIsSuspended": "False"}
{"EventID": "22", "Channel": "Microsoft-Windows-Audio/PlaybackManager", "Provider_Name": "Microsoft-Windows-Audio", "Computer": "DESKTOP-OFJ6N53", "TimeCreated": "2022-04-19 08:41:46.102787+00:00", "RecordID": "91", "Level": "4", "UserID": "S-1-5-21-963789628-1060504924-4285088085-1001", "EventData.bIsSuspended": "True"}
{"EventID": "22", "Channel": "Microsoft-Windows-Audio/PlaybackManager", "Provider_Name": "Microsoft-Windows-Audio", "Computer": "DESKTOP-OFJ6N53", "TimeCreated": "2022-04-19 08:48:10.009127+00:00", "RecordID": "92", "Level": "4", "UserID": "S-1-5-21-963789628-1060504924-4285088085-1001", "EventData.bIsSuspended": "False"}
{"EventID": "23", "Channel": "Microsoft-Windows-Audio/PlaybackManager", "Provider_Name": "Microsoft-Windows-Audio", "Computer": "DESKTOP-OFJ6N53", "TimeCreated": "2022-04-19 08:48:10.012621+00:00", "RecordID": "93", "Level": "4", "UserID": "S-1-5-21-963789628-1060504924-4285088085-1001", "EventData.bExclusiveModeStream": "False", "EventData.bOffloadStream": "False"}
{"EventID": "22", "Channel": "Microsoft-Windows-Audio/PlaybackManager", "Provider_Name": "Microsoft-Windows-Audio", "Computer": "DESKTOP-OFJ6N53", "TimeCreated": "2022-04-19 08:48:31.383705+00:00", "RecordID": "94", "Level": "4", "UserID": "S-1-5-21-963789628-1060504924-4285088085-1001", "EventData.bIsSuspended": "True"}
{"EventID": "22", "Channel": "Microsoft-Windows-Audio/PlaybackManager", "Provider_Name": "Microsoft-Windows-Audio", "Computer": "DESKTOP-OFJ6N53", "TimeCreated": "2022-04-19 08:48:32.535774+00:00", "RecordID": "95", "Level": "4", "UserID": "S-1-5-21-963789628-1060504924-4285088085-1001", "EventData.bIsSuspended": "False"}
{"EventID": "23", "Channel": "Microsoft-Windows-Audio/PlaybackManager", "Provider_Name": "Microsoft-Windows-Audio", "Computer": "DESKTOP-OFJ6N53", "TimeCreated": "2022-04-19 09:33:53.380281+00:00", "RecordID": "96", "Level": "4", "UserID": "S-1-5-21-963789628-1060504924-4285088085-1001", "EventData.bExclusiveModeStream": "False", "EventData.bOffloadStream": "False"}
{"EventID": "23", "Channel": "Microsoft-Windows-Audio/PlaybackManager", "Provider_Name": "Microsoft-Windows-Audio", "Computer": "DESKTOP-OFJ6N53", "TimeCreated": "2022-04-19 09:33:53.381088+00:00", "RecordID": "97", "Level": "4", "UserID": "S-1-5-21-963789628-1060504924-4285088085-1001", "EventData.bExclusiveModeStream": "False", "EventData.bOffloadStream": "False"}
{"EventID": "22", "Channel": "Microsoft-Windows-Audio/PlaybackManager", "Provider_Name": "Microsoft-Windows-Audio", "Computer": "DESKTOP-OFJ6N53", "TimeCreated": "2022-04-20 08:28:30.589573+00:00", "RecordID": "98", "Level": "4", "UserID": "S-1-5-21-963789628-1060504924-4285088085-1001", "EventData.bIsSuspended": "True"}
{"EventID": "22", "Channel": "Microsoft-Windows-Audio/PlaybackManager", "Provider_Name": "Microsoft-Windows-Audio", "Computer": "DESKTOP-OFJ6N53", "TimeCreated": "2022-04-20 08:28:57.410192+00:00", "RecordID": "99", "Level": "4", "UserID": "S-1-5-21-963789628-1060504924-4285088085-1001", "EventData.bIsSuspended": "False"}
{"EventID": "22", "Channel": "Microsoft-Windows-Audio/PlaybackManager", "Provider_Name": "Microsoft-Windows-Audio", "Computer": "DESKTOP-OFJ6N53", "TimeCreated": "2022-04-20 08:29:36.672140+00:00", "RecordID": "100", "Level": "4", "UserID": "S-1-5-21-963789628-1060504924-4285088085-1001", "EventData.bIsSuspended": "True"}
{"EventID": "22", "Channel": "Microsoft-Windows-Audio/PlaybackManager", "Provider_Name": "Microsoft-Windows-Audio", "Computer": "DESKTOP-OFJ6N53", "TimeCreated": "2022-04-20 08:29:36.679981+00:00", "RecordID": "101", "Level": "4", "UserID": "S-1-5-21-963789628-1060504924-4285088085-1001", "EventData.bIsSuspended": "False"}
{"EventID": "22", "Channel": "Microsoft-Windows-Audio/PlaybackManager", "Provider_Name": "Microsoft-Windows-Audio", "Computer": "DESKTOP-OFJ6N53", "TimeCreated": "2022-04-22 12:31:23.104649+00:00", "RecordID": "102", "Level": "4", "UserID": "S-1-5-21-963789628-1060504924-4285088085-1001", "EventData.bIsSuspended": "True"}
{"EventID": "22", "Channel": "Microsoft-Windows-Audio/PlaybackManager", "Provider_Name": "Microsoft-Windows-Audio", "Computer": "DESKTOP-OFJ6N53", "TimeCreated": "2022-04-22 19:02:18.160002+00:00", "RecordID": "103", "Level": "4", "UserID": "S-1-5-21-963789628-1060504924-4285088085-1001", "EventData.bIsSuspended": "False"}
{"EventID": "23", "Channel": "Microsoft-Windows-Audio/PlaybackManager", "Provider_Name": "Microsoft-Windows-Audio", "Computer": "DESKTOP-OFJ6N53", "TimeCreated": "2022-04-22 19:02:18.163597+00:00", "RecordID": "104", "Level": "4", "UserID": "S-1-5-21-963789628-1060504924-4285088085-1001", "EventData.bExclusiveModeStream": "False", "EventData.bOffloadStream": "False"}
{"EventID": "22", "Channel": "Microsoft-Windows-Audio/PlaybackManager", "Provider_Name": "Microsoft-Windows-Audio", "Computer": "DESKTOP-OFJ6N53", "TimeCreated": "2022-04-26 13:21:10.718786+00:00", "RecordID": "105", "Level": "4", "UserID": "S-1-5-21-963789628-1060504924-4285088085-1001", "EventData.bIsSuspended": "True"}
{"EventID": "22", "Channel": "Microsoft-Windows-Audio/PlaybackManager", "Provider_Name": "Microsoft-Windows-Audio", "Computer": "DESKTOP-OFJ6N53", "TimeCreated": "2022-04-26 13:21:11.857231+00:00", "RecordID": "106", "Level": "4", "UserID": "S-1-5-21-963789628-1060504924-4285088085-1001", "EventData.bIsSuspended": "False"}
{"EventID": "23", "Channel": "Microsoft-Windows-Audio/PlaybackManager", "Provider_Name": "Microsoft-Windows-Audio", "Computer": "DESKTOP-OFJ6N53", "TimeCreated": "2022-05-05 17:22:01.518063+00:00", "RecordID": "107", "Level": "4", "UserID": "S-1-5-21-963789628-1060504924-4285088085-1001", "EventData.bExclusiveModeStream": "False", "EventData.bOffloadStream": "False"}
{"EventID": "23", "Channel": "Microsoft-Windows-Audio/PlaybackManager", "Provider_Name": "Microsoft-Windows-Audio", "Computer": "DESKTOP-OFJ6N53", "TimeCreated": "2022-05-05 17:22:01.519554+00:00", "RecordID": "108", "Level": "4", "UserID": "S-1-5-21-963789628-1060504924-4285088085-1001", "EventData.bExclusiveModeStream": "False", "EventData.bOffloadStream": "False"}
{"EventID": "22", "Channel": "Microsoft-Windows-Audio/PlaybackManager", "Provider_Name": "Microsoft-Windows-Audio", "Computer": "DESKTOP-OFJ6N53", "TimeCreated": "2022-05-11 15:05:39.346823+00:00", "RecordID": "109", "Level": "4", "UserID": "S-1-5-21-963789628-1060504924-4285088085-1001", "EventData.bIsSuspended": "True"}
{"EventID": "22", "Channel": "Microsoft-Windows-Audio/PlaybackManager", "Provider_Name": "Microsoft-Windows-Audio", "Computer": "DESKTOP-OFJ6N53", "TimeCreated": "2022-05-11 15:05:41.938599+00:00", "RecordID": "110", "Level": "4", "UserID": "S-1-5-21-963789628-1060504924-4285088085-1001", "EventData.bIsSuspended": "False"}
{"EventID": "22", "Channel": "Microsoft-Windows-Audio/PlaybackManager", "Provider_Name": "Microsoft-Windows-Audio", "Computer": "DESKTOP-OFJ6N53", "TimeCreated": "2022-05-11 15:05:59.278797+00:00", "RecordID": "111", "Level": "4", "UserID": "S-1-5-21-963789628-1060504924-4285088085-1001", "EventData.bIsSuspended": "True"}
{"EventID": "22", "Channel": "Microsoft-Windows-Audio/PlaybackManager", "Provider_Name": "Microsoft-Windows-Audio", "Computer": "DESKTOP-OFJ6N53", "TimeCreated": "2022-05-11 15:05:59.284771+00:00", "RecordID": "112", "Level": "4", "UserID": "S-1-5-21-963789628-1060504924-4285088085-1001", "EventData.bIsSuspended": "False"}
{"EventID": "22", "Channel": "Microsoft-Windows-Audio/PlaybackManager", "Provider_Name": "Microsoft-Windows-Audio", "Computer": "DESKTOP-OFJ6N53", "TimeCreated": "2022-05-11 15:06:18.968521+00:00", "RecordID": "113", "Level": "4", "UserID": "S-1-5-21-963789628-1060504924-4285088085-1001", "EventData.bIsSuspended": "True"}
{"EventID": "22", "Channel": "Microsoft-Windows-Audio/PlaybackManager", "Provider_Name": "Microsoft-Windows-Audio", "Computer": "DESKTOP-OFJ6N53", "TimeCreated": "2022-05-11 15:06:24.852083+00:00", "RecordID": "114", "Level": "4", "UserID": "S-1-5-21-963789628-1060504924-4285088085-1001", "EventData.bIsSuspended": "False"}
{"EventID": "22", "Channel": "Microsoft-Windows-Audio/PlaybackManager", "Provider_Name": "Microsoft-Windows-Audio", "Computer": "DESKTOP-OFJ6N53", "TimeCreated": "2022-05-11 15:06:40.859636+00:00", "RecordID": "115", "Level": "4", "UserID": "S-1-5-21-963789628-1060504924-4285088085-1001", "EventData.bIsSuspended": "True"}
{"EventID": "22", "Channel": "Microsoft-Windows-Audio/PlaybackManager", "Provider_Name": "Microsoft-Windows-Audio", "Computer": "DESKTOP-OFJ6N53", "TimeCreated": "2022-05-12 00:03:36.230511+00:00", "RecordID": "116", "Level": "4", "UserID": "S-1-5-21-963789628-1060504924-4285088085-1001", "EventData.bIsSuspended": "False"}
{"EventID": "23", "Channel": "Microsoft-Windows-Audio/PlaybackManager", "Provider_Name": "Microsoft-Windows-Audio", "Computer": "DESKTOP-OFJ6N53", "TimeCreated": "2022-05-12 00:03:36.387320+00:00", "RecordID": "117", "Level": "4", "UserID": "S-1-5-21-963789628-1060504924-4285088085-1001", "EventData.bExclusiveModeStream": "False", "EventData.bOffloadStream": "False"}
{"EventID": "22", "Channel": "Microsoft-Windows-Audio/PlaybackManager", "Provider_Name": "Microsoft-Windows-Audio", "Computer": "DESKTOP-OFJ6N53", "TimeCreated": "2022-05-16 14:01:50.894272+00:00", "RecordID": "118", "Level": "4", "UserID": "S-1-5-21-963789628-1060504924-4285088085-1001", "EventData.bIsSuspended": "True"}
{"EventID": "22", "Channel": "Microsoft-Windows-Audio/PlaybackManager", "Provider_Name": "Microsoft-Windows-Audio", "Computer": "DESKTOP-OFJ6N53", "TimeCreated": "2022-05-16 14:04:37.937208+00:00", "RecordID": "119", "Level": "4", "UserID": "S-1-5-21-963789628-1060504924-4285088085-1001", "EventData.bIsSuspended": "False"}
{"EventID": "22", "Channel": "Microsoft-Windows-Audio/PlaybackManager", "Provider_Name": "Microsoft-Windows-Audio", "Computer": "DESKTOP-OFJ6N53", "TimeCreated": "2022-06-02 07:49:16.144896+00:00", "RecordID": "120", "Level": "4", "UserID": "S-1-5-21-963789628-1060504924-4285088085-1001", "EventData.bIsSuspended": "True"}
{"EventID": "22", "Channel": "Microsoft-Windows-Audio/PlaybackManager", "Provider_Name": "Microsoft-Windows-Audio", "Computer": "DESKTOP-OFJ6N53", "TimeCreated": "2022-06-03 11:00:22.588938+00:00", "RecordID": "121", "Level": "4", "UserID": "S-1-5-21-963789628-1060504924-4285088085-1001", "EventData.bIsSuspended": "False"}
{"EventID": "23", "Channel": "Microsoft-Windows-Audio/PlaybackManager", "Provider_Name": "Microsoft-Windows-Audio", "Computer": "DESKTOP-OFJ6N53", "TimeCreated": "2022-06-03 11:00:22.641369+00:00", "RecordID": "122", "Level": "4", "UserID": "S-1-5-21-963789628-1060504924-4285088085-1001", "EventData.bExclusiveModeStream": "False", "EventData.bOffloadStream": "False"}
{"EventID": "23", "Channel": "Microsoft-Windows-Audio/PlaybackManager", "Provider_Name": "Microsoft-Windows-Audio", "Computer": "DESKTOP-OFJ6N53", "TimeCreated": "2022-06-14 15:15:45.030458+00:00", "RecordID": "123", "Level": "4", "UserID": "S-1-5-21-963789628-1060504924-4285088085-1001", "EventData.bExclusiveModeStream": "False", "EventData.bOffloadStream": "False"}
{"EventID": "22", "Channel": "Microsoft-Windows-Audio/PlaybackManager", "Provider_Name": "Microsoft-Windows-Audio", "Computer": "DESKTOP-OFJ6N53", "TimeCreated": "2022-07-25 15:15:37.556576+00:00", "RecordID": "124", "Level": "4", "UserID": "S-1-5-21-963789628-1060504924-4285088085-1001", "EventData.bIsSuspended": "True"}
{"EventID": "22", "Channel": "Microsoft-Windows-Audio/PlaybackManager", "Provider_Name": "Microsoft-Windows-Audio", "Computer": "DESKTOP-OFJ6N53", "TimeCreated": "2022-07-25 15:26:09.997459+00:00", "RecordID": "125", "Level": "4", "UserID": "S-1-5-21-963789628-1060504924-4285088085-1001", "EventData.bIsSuspended": "False"}
{"EventID": "23", "Channel": "Microsoft-Windows-Audio/PlaybackManager", "Provider_Name": "Microsoft-Windows-Audio", "Computer": "DESKTOP-OFJ6N53", "TimeCreated": "2022-07-25 15:26:10.003084+00:00", "RecordID": "126", "Level": "4", "UserID": "S-1-5-21-963789628-1060504924-4285088085-1001", "EventData.bExclusiveModeStream": "False", "EventData.bOffloadStream": "False"}
{"EventID": "22", "Channel": "Microsoft-Windows-Audio/PlaybackManager", "Provider_Name": "Microsoft-Windows-Audio", "Computer": "DESKTOP-OFJ6N53", "TimeCreated": "2022-10-12 08:08:38.432425+00:00", "RecordID": "127", "Level": "4", "UserID": "S-1-5-21-963789628-1060504924-4285088085-1001", "EventData.bIsSuspended": "True"}
{"EventID": "22", "Channel": "Microsoft-Windows-Audio/PlaybackManager", "Provider_Name": "Microsoft-Windows-Audio", "Computer": "DESKTOP-OFJ6N53", "TimeCreated": "2022-10-17 11:06:35.299955+00:00", "RecordID": "128", "Level": "4", "UserID": "S-1-5-21-963789628-1060504924-4285088085-1001", "EventData.bIsSuspended": "False"}
{"EventID": "23", "Channel": "Microsoft-Windows-Audio/PlaybackManager", "Provider_Name": "Microsoft-Windows-Audio", "Computer": "DESKTOP-OFJ6N53", "TimeCreated": "2022-10-17 11:06:35.358221+00:00", "RecordID": "129", "Level": "4", "UserID": "S-1-5-21-963789628-1060504924-4285088085-1001", "EventData.bExclusiveModeStream": "False", "EventData.bOffloadStream": "False"}
{"EventID": "22", "Channel": "Microsoft-Windows-Audio/PlaybackManager", "Provider_Name": "Microsoft-Windows-Audio", "Computer": "DESKTOP-OFJ6N53", "TimeCreated": "2022-11-09 15:24:13.406752+00:00", "RecordID": "130", "Level": "4", "UserID": "S-1-5-21-963789628-1060504924-4285088085-1001", "EventData.bIsSuspended": "True"}
{"EventID": "22", "Channel": "Microsoft-Windows-Audio/PlaybackManager", "Provider_Name": "Microsoft-Windows-Audio", "Computer": "DESKTOP-OFJ6N53", "TimeCreated": "2022-11-09 15:25:33.669104+00:00", "RecordID": "131", "Level": "4", "UserID": "S-1-5-21-963789628-1060504924-4285088085-1001", "EventData.bIsSuspended": "False"}
{"EventID": "22", "Channel": "Microsoft-Windows-Audio/PlaybackManager", "Provider_Name": "Microsoft-Windows-Audio", "Computer": "DESKTOP-OFJ6N53", "TimeCreated": "2022-11-19 21:02:31.732437+00:00", "RecordID": "132", "Level": "4", "UserID": "S-1-5-21-963789628-1060504924-4285088085-1001", "EventData.bIsSuspended": "True"}
{"EventID": "22", "Channel": "Microsoft-Windows-Audio/PlaybackManager", "Provider_Name": "Microsoft-Windows-Audio", "Computer": "DESKTOP-OFJ6N53", "TimeCreated": "2022-11-21 07:59:10.228037+00:00", "RecordID": "133", "Level": "4", "UserID": "S-1-5-21-963789628-1060504924-4285088085-1001", "EventData.bIsSuspended": "True"}
{"EventID": "22", "Channel": "Microsoft-Windows-Audio/PlaybackManager", "Provider_Name": "Microsoft-Windows-Audio", "Computer": "DESKTOP-OFJ6N53", "TimeCreated": "2022-11-22 07:22:06.708704+00:00", "RecordID": "134", "Level": "4", "UserID": "S-1-5-21-963789628-1060504924-4285088085-1001", "EventData.bIsSuspended": "True"}
{"EventID": "22", "Channel": "Microsoft-Windows-Audio/PlaybackManager", "Provider_Name": "Microsoft-Windows-Audio", "Computer": "DESKTOP-OFJ6N53", "TimeCreated": "2022-11-22 07:22:20.385008+00:00", "RecordID": "135", "Level": "4", "UserID": "S-1-5-21-963789628-1060504924-4285088085-1001", "EventData.bIsSuspended": "False"}
{"EventID": "22", "Channel": "Microsoft-Windows-Audio/PlaybackManager", "Provider_Name": "Microsoft-Windows-Audio", "Computer": "DESKTOP-OFJ6N53", "TimeCreated": "2022-11-24 10:56:08.304541+00:00", "RecordID": "136", "Level": "4", "UserID": "S-1-5-21-963789628-1060504924-4285088085-1001", "EventData.bIsSuspended": "True"}
{"EventID": "22", "Channel": "Microsoft-Windows-Audio/PlaybackManager", "Provider_Name": "Microsoft-Windows-Audio", "Computer": "DESKTOP-OFJ6N53", "TimeCreated": "2022-11-24 10:56:18.682173+00:00", "RecordID": "137", "Level": "4", "UserID": "S-1-5-21-963789628-1060504924-4285088085-1001", "EventData.bIsSuspended": "False"}
{"EventID": "22", "Channel": "Microsoft-Windows-Audio/PlaybackManager", "Provider_Name": "Microsoft-Windows-Audio", "Computer": "DESKTOP-OFJ6N53", "TimeCreated": "2022-11-28 07:44:34.843168+00:00", "RecordID": "138", "Level": "4", "UserID": "S-1-5-21-963789628-1060504924-4285088085-1001", "EventData.bIsSuspended": "True"}
{"EventID": "22", "Channel": "Microsoft-Windows-Audio/PlaybackManager", "Provider_Name": "Microsoft-Windows-Audio", "Computer": "DESKTOP-OFJ6N53", "TimeCreated": "2022-11-28 11:37:12.883434+00:00", "RecordID": "139", "Level": "4", "UserID": "S-1-5-21-963789628-1060504924-4285088085-1001", "EventData.bIsSuspended": "True"}
{"EventID": "22", "Channel": "Microsoft-Windows-Audio/PlaybackManager", "Provider_Name": "Microsoft-Windows-Audio", "Computer": "DESKTOP-OFJ6N53", "TimeCreated": "2022-11-29 09:41:35.382280+00:00", "RecordID": "140", "Level": "4", "UserID": "S-1-5-21-963789628-1060504924-4285088085-1001", "EventData.bIsSuspended": "False"}
{"EventID": "23", "Channel": "Microsoft-Windows-Audio/PlaybackManager", "Provider_Name": "Microsoft-Windows-Audio", "Computer": "DESKTOP-OFJ6N53", "TimeCreated": "2022-11-29 09:41:35.413050+00:00", "RecordID": "141", "Level": "4", "UserID": "S-1-5-21-963789628-1060504924-4285088085-1001", "EventData.bExclusiveModeStream": "False", "EventData.bOffloadStream": "False"}
{"EventID": "22", "Channel": "Microsoft-Windows-Audio/PlaybackManager", "Provider_Name": "Microsoft-Windows-Audio", "Computer": "DESKTOP-OFJ6N53", "TimeCreated": "2022-11-30 10:12:21.849665+00:00", "RecordID": "142", "Level": "4", "UserID": "S-1-5-21-963789628-1060504924-4285088085-1001", "EventData.bIsSuspended": "True"}
{"EventID": "22", "Channel": "Microsoft-Windows-Audio/PlaybackManager", "Provider_Name": "Microsoft-Windows-Audio", "Computer": "DESKTOP-OFJ6N53", "TimeCreated": "2022-11-30 10:12:33.050961+00:00", "RecordID": "143", "Level": "4", "UserID": "S-1-5-21-963789628-1060504924-4285088085-1001", "EventData.bIsSuspended": "False"}
{"EventID": "22", "Channel": "Microsoft-Windows-Audio/PlaybackManager", "Provider_Name": "Microsoft-Windows-Audio", "Computer": "DESKTOP-OFJ6N53", "TimeCreated": "2022-12-06 11:59:54.111582+00:00", "RecordID": "144", "Level": "4", "UserID": "S-1-5-21-963789628-1060504924-4285088085-1001", "EventData.bIsSuspended": "True"}
{"EventID": "22", "Channel": "Microsoft-Windows-Audio/PlaybackManager", "Provider_Name": "Microsoft-Windows-Audio", "Computer": "DESKTOP-OFJ6N53", "TimeCreated": "2022-12-09 11:54:28.477329+00:00", "RecordID": "145", "Level": "4", "UserID": "S-1-5-21-963789628-1060504924-4285088085-1001", "EventData.bIsSuspended": "True"}
{"EventID": "22", "Channel": "Microsoft-Windows-Audio/PlaybackManager", "Provider_Name": "Microsoft-Windows-Audio", "Computer": "DESKTOP-OFJ6N53", "TimeCreated": "2022-12-12 15:23:49.666805+00:00", "RecordID": "146", "Level": "4", "UserID": "S-1-5-21-963789628-1060504924-4285088085-1001", "EventData.bIsSuspended": "True"}
{"EventID": "22", "Channel": "Microsoft-Windows-Audio/PlaybackManager", "Provider_Name": "Microsoft-Windows-Audio", "Computer": "DESKTOP-OFJ6N53", "TimeCreated": "2022-12-12 15:23:58.300117+00:00", "RecordID": "147", "Level": "4", "UserID": "S-1-5-21-963789628-1060504924-4285088085-1001", "EventData.bIsSuspended": "False"}
{"EventID": "22", "Channel": "Microsoft-Windows-Audio/PlaybackManager", "Provider_Name": "Microsoft-Windows-Audio", "Computer": "DESKTOP-OFJ6N53", "TimeCreated": "2022-12-14 12:53:32.329712+00:00", "RecordID": "148", "Level": "4", "UserID": "S-1-5-21-963789628-1060504924-4285088085-1001", "EventData.bIsSuspended": "True"}
{"EventID": "22", "Channel": "Microsoft-Windows-Audio/PlaybackManager", "Provider_Name": "Microsoft-Windows-Audio", "Computer": "DESKTOP-OFJ6N53", "TimeCreated": "2022-12-15 08:39:11.545263+00:00", "RecordID": "149", "Level": "4", "UserID": "S-1-5-21-963789628-1060504924-4285088085-1001", "EventData.bIsSuspended": "True"}
{"EventID": "22", "Channel": "Microsoft-Windows-Audio/PlaybackManager", "Provider_Name": "Microsoft-Windows-Audio", "Computer": "DESKTOP-OFJ6N53", "TimeCreated": "2022-12-15 08:39:23.325449+00:00", "RecordID": "150", "Level": "4", "UserID": "S-1-5-21-963789628-1060504924-4285088085-1001", "EventData.bIsSuspended": "False"}
{"EventID": "22", "Channel": "Microsoft-Windows-Audio/PlaybackManager", "Provider_Name": "Microsoft-Windows-Audio", "Computer": "DESKTOP-OFJ6N53", "TimeCreated": "2022-12-21 10:02:26.100445+00:00", "RecordID": "151", "Level": "4", "UserID": "S-1-5-21-963789628-1060504924-4285088085-1001", "EventData.bIsSuspended": "True"}
