{"EventID": "200", "Channel": "Microsoft-Windows-Diagnostics-Performance/Operational", "Provider_Name": "Microsoft-Windows-Diagnostics-Performance", "Computer": "DESKTOP-OFJ6N53", "TimeCreated": "2022-02-24 12:53:46.977009+00:00", "RecordID": "1", "Level": "3", "UserID": "S-1-5-19", "EventData.ShutdownTsVersion": "1", "EventData.ShutdownStartTime": "2022-02-24 12:51:36.008778+00:00", "EventData.ShutdownEndTime": "2022-02-24 12:51:45.836916+00:00", "EventData.ShutdownTime": "9828", "EventData.ShutdownUserSessionTime": "1441", "EventData.ShutdownUserPolicyTime": "8", "EventData.ShutdownUserProfilesTime": "81", "EventData.ShutdownSystemSessionsTime": "6149", "EventData.ShutdownPreShutdownNotificationsTime": "1116", "EventData.ShutdownServicesTime": "4988", "EventData.ShutdownKernelTime": "2236", "EventData.ShutdownRootCauseStepImprovementBits": "0", "EventData.ShutdownRootCauseGradualImprovementBits": "0", "EventData.ShutdownRootCauseStepDegradationBits": "0", "EventData.ShutdownRootCauseGradualDegradationBits": "0", "EventData.ShutdownIsDegradation": "False", "EventData.ShutdownTimeChange": "0"}
{"EventID": "200", "Channel": "Microsoft-Windows-Diagnostics-Performance/Operational", "Provider_Name": "Microsoft-Windows-Diagnostics-Performance", "Computer": "DESKTOP-OFJ6N53", "TimeCreated": "2022-03-03 17:20:07.139053+00:00", "RecordID": "2", "Level": "3", "UserID": "S-1-5-19", "EventData.ShutdownTsVersion": "1", "EventData.ShutdownStartTime": "2022-03-03 17:17:48.122850+00:00", "EventData.ShutdownEndTime": "2022-03-03 17:18:08.384390+00:00", "EventData.ShutdownTime": "20261", "EventData.ShutdownUserSessionTime": "1990", "EventData.ShutdownUserPolicyTime": "16", "EventData.ShutdownUserProfilesTime": "64", "EventData.ShutdownSystemSessionsTime": "5271", "EventData.ShutdownPreShutdownNotificationsTime": "171", "EventData.ShutdownServicesTime": "4998", "EventData.ShutdownKernelTime": "12999", "EventData.ShutdownRootCauseStepImprovementBits": "0", "EventData.ShutdownRootCauseGradualImprovementBits": "0", "EventData.ShutdownRootCauseStepDegradationBits": "49", "EventData.ShutdownRootCauseGradualDegradationBits": "49", "EventData.ShutdownIsDegradation": "True", "EventData.ShutdownTimeChange": "4511"}
{"EventID": "203", "Channel": "Microsoft-Windows-Diagnostics-Performance/Operational", "Provider_Name": "Microsoft-Windows-Diagnostics-Performance", "Computer": "DESKTOP-OFJ6N53", "TimeCreated": "2022-03-03 17:20:07.139069+00:00", "RecordID": "3", "Level": "3", "UserID": "S-1-5-19", "EventData.StartTime": "2022-03-03 17:17:48.122850+00:00", "EventData.NameLength": "9", "EventData.Name": "vpnagent", "EventData.FriendlyNameLength": "0", "EventData.FriendlyName": null, "EventData.VersionLength": "0", "EventData.Version": null, "EventData.TotalTime": "4965", "EventData.DegradationTime": "965", "EventData.PathLength": "84", "EventData.Path": "\"c:\\program files (x86)\\cisco\\cisco anyconnect secure mobility client\\vpnagent.exe\"", "EventData.ProductNameLength": "0", "EventData.ProductName": null, "EventData.CompanyNameLength": "0", "EventData.CompanyName": null}
{"EventID": "203", "Channel": "Microsoft-Windows-Diagnostics-Performance/Operational", "Provider_Name": "Microsoft-Windows-Diagnostics-Performance", "Computer": "DESKTOP-OFJ6N53", "TimeCreated": "2022-03-03 17:20:07.139076+00:00", "RecordID": "4", "Level": "3", "UserID": "S-1-5-19", "EventData.StartTime": "2022-03-03 17:17:48.122850+00:00", "EventData.NameLength": "12", "EventData.Name": "TermService", "EventData.FriendlyNameLength": "105", "EventData.FriendlyName": "Диспетчер удаленных подключений к серверу, обслуживающему сеансы подключения к удаленному рабочему столу", "EventData.VersionLength": "39", "EventData.Version": "10.0.19041.1526 (WinBuild.160101.0800)", "EventData.TotalTime": "4964", "EventData.DegradationTime": "964", "EventData.PathLength": "32", "EventData.Path": "C:\\Windows\\System32\\termsrv.dll", "EventData.ProductNameLength": "41", "EventData.ProductName": "Операционная система Microsoft® Windows®", "EventData.CompanyNameLength": "22", "EventData.CompanyName": "Microsoft Corporation"}
{"EventID": "203", "Channel": "Microsoft-Windows-Diagnostics-Performance/Operational", "Provider_Name": "Microsoft-Windows-Diagnostics-Performance", "Computer": "DESKTOP-OFJ6N53", "TimeCreated": "2022-03-03 17:20:07.139082+00:00", "RecordID": "5", "Level": "3", "UserID": "S-1-5-19", "EventData.StartTime": "2022-03-03 17:17:48.122850+00:00", "EventData.NameLength": "5", "EventData.Name": "Dhcp", "EventData.FriendlyNameLength": "20", "EventData.FriendlyName": "Служба DHCP-клиента", "EventData.VersionLength": "39", "EventData.Version": "10.0.19041.1526 (WinBuild.160101.0800)", "EventData.TotalTime": "4962", "EventData.DegradationTime": "962", "EventData.PathLength": "33", "EventData.Path": "C:\\Windows\\system32\\dhcpcore.dll", "EventData.ProductNameLength": "41", "EventData.ProductName": "Операционная система Microsoft® Windows®", "EventData.CompanyNameLength": "22", "EventData.CompanyName": "Microsoft Corporation"}
{"EventID": "200", "Channel": "Microsoft-Windows-Diagnostics-Performance/Operational", "Provider_Name": "Microsoft-Windows-Diagnostics-Performance", "Computer": "DESKTOP-OFJ6N53", "TimeCreated": "2022-03-09 07:33:23.859501+00:00", "RecordID": "6", "Level": "3", "UserID": "S-1-5-19", "EventData.ShutdownTsVersion": "1", "EventData.ShutdownStartTime": "2022-03-09 07:30:45.729164+00:00", "EventData.ShutdownEndTime": "2022-03-09 07:31:26.726078+00:00", "EventData.ShutdownTime": "40996", "EventData.ShutdownUserSessionTime": "12340", "EventData.ShutdownUserPolicyTime": "20", "EventData.ShutdownUserProfilesTime": "32", "EventData.ShutdownSystemSessionsTime": "21364", "EventData.ShutdownPreShutdownNotificationsTime": "16084", "EventData.ShutdownServicesTime": "4993", "EventData.ShutdownKernelTime": "7291", "EventData.ShutdownRootCauseStepImprovementBits": "0", "EventData.ShutdownRootCauseGradualImprovementBits": "0", "EventData.ShutdownRootCauseStepDegradationBits": "123", "EventData.ShutdownRootCauseGradualDegradationBits": "123", "EventData.ShutdownIsDegradation": "True", "EventData.ShutdownTimeChange": "25246"}
{"EventID": "203", "Channel": "Microsoft-Windows-Diagnostics-Performance/Operational", "Provider_Name": "Microsoft-Windows-Diagnostics-Performance", "Computer": "DESKTOP-OFJ6N53", "TimeCreated": "2022-03-09 07:33:23.859520+00:00", "RecordID": "7", "Level": "3", "UserID": "S-1-5-19", "EventData.StartTime": "2022-03-09 07:30:45.729164+00:00", "EventData.NameLength": "7", "EventData.Name": "DsmSvc", "EventData.FriendlyNameLength": "30", "EventData.FriendlyName": "Диспетчер настройки устройств", "EventData.VersionLength": "39", "EventData.Version": "10.0.19041.1526 (WinBuild.160101.0800)", "EventData.TotalTime": "4955", "EventData.DegradationTime": "955", "EventData.PathLength": "43", "EventData.Path": "C:\\Windows\\System32\\DeviceSetupManager.dll", "EventData.ProductNameLength": "41", "EventData.ProductName": "Операционная система Microsoft® Windows®", "EventData.CompanyNameLength": "22", "EventData.CompanyName": "Microsoft Corporation"}
{"EventID": "203", "Channel": "Microsoft-Windows-Diagnostics-Performance/Operational", "Provider_Name": "Microsoft-Windows-Diagnostics-Performance", "Computer": "DESKTOP-OFJ6N53", "TimeCreated": "2022-03-09 07:33:23.859531+00:00", "RecordID": "8", "Level": "3", "UserID": "S-1-5-19", "EventData.StartTime": "2022-03-09 07:30:45.729164+00:00", "EventData.NameLength": "7", "EventData.Name": "UsoSvc", "EventData.FriendlyNameLength": "38", "EventData.FriendlyName": "Обновление службы сеанса оркестратора", "EventData.VersionLength": "39", "EventData.Version": "10.0.19041.1526 (WinBuild.160101.0800)", "EventData.TotalTime": "4954", "EventData.DegradationTime": "954", "EventData.PathLength": "31", "EventData.Path": "C:\\Windows\\system32\\usosvc.dll", "EventData.ProductNameLength": "41", "EventData.ProductName": "Microsoft® Windows® Операционная система", "EventData.CompanyNameLength": "22", "EventData.CompanyName": "Microsoft Corporation"}
{"EventID": "203", "Channel": "Microsoft-Windows-Diagnostics-Performance/Operational", "Provider_Name": "Microsoft-Windows-Diagnostics-Performance", "Computer": "DESKTOP-OFJ6N53", "TimeCreated": "2022-03-09 07:33:23.859541+00:00", "RecordID": "9", "Level": "3", "UserID": "S-1-5-19", "EventData.StartTime": "2022-03-09 07:30:45.729164+00:00", "EventData.NameLength": "9", "EventData.Name": "vpnagent", "EventData.FriendlyNameLength": "0", "EventData.FriendlyName": null, "EventData.VersionLength": "0", "EventData.Version": null, "EventData.TotalTime": "4953", "EventData.DegradationTime": "953", "EventData.PathLength": "84", "EventData.Path": "\"c:\\program files (x86)\\cisco\\cisco anyconnect secure mobility client\\vpnagent.exe\"", "EventData.ProductNameLength": "0", "EventData.ProductName": null, "EventData.CompanyNameLength": "0", "EventData.CompanyName": null}
{"EventID": "203", "Channel": "Microsoft-Windows-Diagnostics-Performance/Operational", "Provider_Name": "Microsoft-Windows-Diagnostics-Performance", "Computer": "DESKTOP-OFJ6N53", "TimeCreated": "2022-03-09 07:33:23.859550+00:00", "RecordID": "10", "Level": "3", "UserID": "S-1-5-19", "EventData.StartTime": "2022-03-09 07:30:45.729164+00:00", "EventData.NameLength": "12", "EventData.Name": "TermService", "EventData.FriendlyNameLength": "105", "EventData.FriendlyName": "Диспетчер удаленных подключений к серверу, обслуживающему сеансы подключения к удаленному рабочему столу", "EventData.VersionLength": "39", "EventData.Version": "10.0.19041.1526 (WinBuild.160101.0800)", "EventData.TotalTime": "4952", "EventData.DegradationTime": "952", "EventData.PathLength": "32", "EventData.Path": "C:\\Windows\\System32\\termsrv.dll", "EventData.ProductNameLength": "41", "EventData.ProductName": "Операционная система Microsoft® Windows®", "EventData.CompanyNameLength": "22", "EventData.CompanyName": "Microsoft Corporation"}
{"EventID": "200", "Channel": "Microsoft-Windows-Diagnostics-Performance/Operational", "Provider_Name": "Microsoft-Windows-Diagnostics-Performance", "Computer": "DESKTOP-OFJ6N53", "TimeCreated": "2022-03-09 10:18:29.131599+00:00", "RecordID": "11", "Level": "3", "UserID": "S-1-5-19", "EventData.ShutdownTsVersion": "1", "EventData.ShutdownStartTime": "2022-03-09 10:16:10.576719+00:00", "EventData.ShutdownEndTime": "2022-03-09 10:16:24.458828+00:00", "EventData.ShutdownTime": "13882", "EventData.ShutdownUserSessionTime": "6121", "EventData.ShutdownUserPolicyTime": "3", "EventData.ShutdownUserProfilesTime": "104", "EventData.ShutdownSystemSessionsTime": "6466", "EventData.ShutdownPreShutdownNotificationsTime": "1392", "EventData.ShutdownServicesTime": "4997", "EventData.ShutdownKernelTime": "1294", "EventData.ShutdownRootCauseStepImprovementBits": "0", "EventData.ShutdownRootCauseGradualImprovementBits": "0", "EventData.ShutdownRootCauseStepDegradationBits": "90", "EventData.ShutdownRootCauseGradualDegradationBits": "0", "EventData.ShutdownIsDegradation": "True", "EventData.ShutdownTimeChange": "0"}
{"EventID": "203", "Channel": "Microsoft-Windows-Diagnostics-Performance/Operational", "Provider_Name": "Microsoft-Windows-Diagnostics-Performance", "Computer": "DESKTOP-OFJ6N53", "TimeCreated": "2022-03-09 10:18:29.131615+00:00", "RecordID": "12", "Level": "2", "UserID": "S-1-5-19", "EventData.StartTime": "2022-03-09 10:16:10.576719+00:00", "EventData.NameLength": "7", "EventData.Name": "UsoSvc", "EventData.FriendlyNameLength": "38", "EventData.FriendlyName": "Обновление службы сеанса оркестратора", "EventData.VersionLength": "39", "EventData.Version": "10.0.19041.1526 (WinBuild.160101.0800)", "EventData.TotalTime": "4967", "EventData.DegradationTime": "967", "EventData.PathLength": "31", "EventData.Path": "C:\\Windows\\system32\\usosvc.dll", "EventData.ProductNameLength": "41", "EventData.ProductName": "Microsoft® Windows® Операционная система", "EventData.CompanyNameLength": "22", "EventData.CompanyName": "Microsoft Corporation"}
{"EventID": "203", "Channel": "Microsoft-Windows-Diagnostics-Performance/Operational", "Provider_Name": "Microsoft-Windows-Diagnostics-Performance", "Computer": "DESKTOP-OFJ6N53", "TimeCreated": "2022-03-09 10:18:29.131620+00:00", "RecordID": "13", "Level": "2", "UserID": "S-1-5-19", "EventData.StartTime": "2022-03-09 10:16:10.576719+00:00", "EventData.NameLength": "9", "EventData.Name": "vpnagent", "EventData.FriendlyNameLength": "0", "EventData.FriendlyName": null, "EventData.VersionLength": "0", "EventData.Version": null, "EventData.TotalTime": "4966", "EventData.DegradationTime": "966", "EventData.PathLength": "84", "EventData.Path": "\"c:\\program files (x86)\\cisco\\cisco anyconnect secure mobility client\\vpnagent.exe\"", "EventData.ProductNameLength": "0", "EventData.ProductName": null, "EventData.CompanyNameLength": "0", "EventData.CompanyName": null}
{"EventID": "203", "Channel": "Microsoft-Windows-Diagnostics-Performance/Operational", "Provider_Name": "Microsoft-Windows-Diagnostics-Performance", "Computer": "DESKTOP-OFJ6N53", "TimeCreated": "2022-03-09 10:18:29.131626+00:00", "RecordID": "14", "Level": "2", "UserID": "S-1-5-19", "EventData.StartTime": "2022-03-09 10:16:10.576719+00:00", "EventData.NameLength": "12", "EventData.Name": "TermService", "EventData.FriendlyNameLength": "105", "EventData.FriendlyName": "Диспетчер удаленных подключений к серверу, обслуживающему сеансы подключения к удаленному рабочему столу", "EventData.VersionLength": "39", "EventData.Version": "10.0.19041.1526 (WinBuild.160101.0800)", "EventData.TotalTime": "4965", "EventData.DegradationTime": "965", "EventData.PathLength": "32", "EventData.Path": "C:\\Windows\\System32\\termsrv.dll", "EventData.ProductNameLength": "41", "EventData.ProductName": "Операционная система Microsoft® Windows®", "EventData.CompanyNameLength": "22", "EventData.CompanyName": "Microsoft Corporation"}
{"EventID": "200", "Channel": "Microsoft-Windows-Diagnostics-Performance/Operational", "Provider_Name": "Microsoft-Windows-Diagnostics-Performance", "Computer": "DESKTOP-OFJ6N53", "TimeCreated": "2022-03-09 11:09:29.199133+00:00", "RecordID": "15", "Level": "3", "UserID": "S-1-5-19", "EventData.ShutdownTsVersion": "1", "EventData.ShutdownStartTime": "2022-03-09 11:07:19.550806+00:00", "EventData.ShutdownEndTime": "2022-03-09 11:07:29.821054+00:00", "EventData.ShutdownTime": "10270", "EventData.ShutdownUserSessionTime": "1766", "EventData.ShutdownUserPolicyTime": "34", "EventData.ShutdownUserProfilesTime": "155", "EventData.ShutdownSystemSessionsTime": "6289", "EventData.ShutdownPreShutdownNotificationsTime": "1239", "EventData.ShutdownServicesTime": "4999", "EventData.ShutdownKernelTime": "2214", "EventData.ShutdownRootCauseStepImprovementBits": "0", "EventData.ShutdownRootCauseGradualImprovementBits": "0", "EventData.ShutdownRootCauseStepDegradationBits": "0", "EventData.ShutdownRootCauseGradualDegradationBits": "0", "EventData.ShutdownIsDegradation": "False", "EventData.ShutdownTimeChange": "0"}
{"EventID": "200", "Channel": "Microsoft-Windows-Diagnostics-Performance/Operational", "Provider_Name": "Microsoft-Windows-Diagnostics-Performance", "Computer": "DESKTOP-OFJ6N53", "TimeCreated": "2022-03-10 14:21:53.784742+00:00", "RecordID": "16", "Level": "3", "UserID": "S-1-5-19", "EventData.ShutdownTsVersion": "1", "EventData.ShutdownStartTime": "2022-03-10 14:19:33.654703+00:00", "EventData.ShutdownEndTime": "2022-03-10 14:19:54.395674+00:00", "EventData.ShutdownTime": "20740", "EventData.ShutdownUserSessionTime": "11744", "EventData.ShutdownUserPolicyTime": "20", "EventData.ShutdownUserProfilesTime": "73", "EventData.ShutdownSystemSessionsTime": "6184", "EventData.ShutdownPreShutdownNotificationsTime": "1104", "EventData.ShutdownServicesTime": "4996", "EventData.ShutdownKernelTime": "2812", "EventData.ShutdownRootCauseStepImprovementBits": "0", "EventData.ShutdownRootCauseGradualImprovementBits": "0", "EventData.ShutdownRootCauseStepDegradationBits": "1", "EventData.ShutdownRootCauseGradualDegradationBits": "0", "EventData.ShutdownIsDegradation": "True", "EventData.ShutdownTimeChange": "4990"}
{"EventID": "200", "Channel": "Microsoft-Windows-Diagnostics-Performance/Operational", "Provider_Name": "Microsoft-Windows-Diagnostics-Performance", "Computer": "DESKTOP-OFJ6N53", "TimeCreated": "2022-03-10 16:27:10.272224+00:00", "RecordID": "17", "Level": "3", "UserID": "S-1-5-19", "EventData.ShutdownTsVersion": "1", "EventData.ShutdownStartTime": "2022-03-10 16:24:03.147739+00:00", "EventData.ShutdownEndTime": "2022-03-10 16:24:53.159267+00:00", "EventData.ShutdownTime": "50011", "EventData.ShutdownUserSessionTime": "1976", "EventData.ShutdownUserPolicyTime": "46", "EventData.ShutdownUserProfilesTime": "61", "EventData.ShutdownSystemSessionsTime": "47183", "EventData.ShutdownPreShutdownNotificationsTime": "42162", "EventData.ShutdownServicesTime": "4989", "EventData.ShutdownKernelTime": "851", "EventData.ShutdownRootCauseStepImprovementBits": "32", "EventData.ShutdownRootCauseGradualImprovementBits": "0", "EventData.ShutdownRootCauseStepDegradationBits": "0", "EventData.ShutdownRootCauseGradualDegradationBits": "0", "EventData.ShutdownIsDegradation": "False", "EventData.ShutdownTimeChange": "0"}
{"EventID": "100", "Channel": "Microsoft-Windows-Diagnostics-Performance/Operational", "Provider_Name": "Microsoft-Windows-Diagnostics-Performance", "Computer": "DESKTOP-OFJ6N53", "TimeCreated": "2022-03-10 16:27:10.958796+00:00", "RecordID": "18", "Level": "2", "UserID": "S-1-5-19", "EventData.BootTsVersion": "2", "EventData.BootStartTime": "2022-03-10 16:25:01.634611+00:00", "EventData.BootEndTime": "2022-03-10 16:27:09.014803+00:00", "EventData.SystemBootInstance": "1", "EventData.UserBootInstance": "1", "EventData.BootTime": "85905", "EventData.MainPathBootTime": "48605", "EventData.BootKernelInitTime": "52", "EventData.BootDriverInitTime": "1616", "EventData.BootDevicesInitTime": "4159", "EventData.BootPrefetchInitTime": "0", "EventData.BootPrefetchBytes": "0", "EventData.BootAutoChkTime": "0", "EventData.BootSmssInitTime": "1865", "EventData.BootCriticalServicesInitTime": "1000", "EventData.BootUserProfileProcessingTime": "3584", "EventData.BootMachineProfileProcessingTime": "0", "EventData.BootExplorerInitTime": "14169", "EventData.BootNumStartupApps": "18", "EventData.BootPostBootTime": "37300", "EventData.BootIsRebootAfterInstall": "False", "EventData.BootRootCauseStepImprovementBits": "0", "EventData.BootRootCauseGradualImprovementBits": "0", "EventData.BootRootCauseStepDegradationBits": "0", "EventData.BootRootCauseGradualDegradationBits": "0", "EventData.BootIsDegradation": "False", "EventData.BootIsStepDegradation": "False", "EventData.BootIsGradualDegradation": "False", "EventData.BootImprovementDelta": "0", "EventData.BootDegradationDelta": "0", "EventData.BootIsRootCauseIdentified": "False", "EventData.OSLoaderDuration": "875", "EventData.BootPNPInitStartTimeMS": "52", "EventData.BootPNPInitDuration": "3867", "EventData.OtherKernelInitDuration": "147", "EventData.SystemPNPInitStartTimeMS": "3986", "EventData.SystemPNPInitDuration": "1229", "EventData.SessionInitStartTimeMS": "5244", "EventData.Session0InitDuration": "366", "EventData.Session1InitDuration": "38", "EventData.SessionInitOtherDuration": "1460", "EventData.WinLogonStartTimeMS": "7110", "EventData.OtherLogonInitActivityDuration": "23740", "EventData.UserLogonWaitDuration": "276"}
{"EventID": "100", "Channel": "Microsoft-Windows-Diagnostics-Performance/Operational", "Provider_Name": "Microsoft-Windows-Diagnostics-Performance", "Computer": "DESKTOP-OFJ6N53", "TimeCreated": "2022-05-05 10:03:32.697426+00:00", "RecordID": "19", "Level": "1", "UserID": "S-1-5-19", "EventData.BootTsVersion": "2", "EventData.BootStartTime": "2022-05-05 09:59:07.807076+00:00", "EventData.BootEndTime": "2022-05-05 10:03:18.411484+00:00", "EventData.SystemBootInstance": "2", "EventData.UserBootInstance": "2", "EventData.BootTime": "201349", "EventData.MainPathBootTime": "141218", "EventData.BootKernelInitTime": "2198", "EventData.BootDriverInitTime": "38464", "EventData.BootDevicesInitTime": "33378", "EventData.BootPrefetchInitTime": "0", "EventData.BootPrefetchBytes": "0", "EventData.BootAutoChkTime": "0", "EventData.BootSmssInitTime": "14235", "EventData.BootCriticalServicesInitTime": "761", "EventData.BootUserProfileProcessingTime": "2749", "EventData.BootMachineProfileProcessingTime": "737", "EventData.BootExplorerInitTime": "38267", "EventData.BootNumStartupApps": "17", "EventData.BootPostBootTime": "60131", "EventData.BootIsRebootAfterInstall": "False", "EventData.BootRootCauseStepImprovementBits": "0", "EventData.BootRootCauseGradualImprovementBits": "0", "EventData.BootRootCauseStepDegradationBits": "13633807", "EventData.BootRootCauseGradualDegradationBits": "13633807", "EventData.BootIsDegradation": "True", "EventData.BootIsStepDegradation": "True", "EventData.BootIsGradualDegradation": "True", "EventData.BootImprovementDelta": "0", "EventData.BootDegradationDelta": "139350", "EventData.BootIsRootCauseIdentified": "True", "EventData.OSLoaderDuration": "17157", "EventData.BootPNPInitStartTimeMS": "2198", "EventData.BootPNPInitDuration": "57286", "EventData.OtherKernelInitDuration": "4948", "EventData.SystemPNPInitStartTimeMS": "61956", "EventData.SystemPNPInitDuration": "20474", "EventData.SessionInitStartTimeMS": "82709", "EventData.Session0InitDuration": "803", "EventData.Session1InitDuration": "61", "EventData.SessionInitOtherDuration": "13371", "EventData.WinLogonStartTimeMS": "96944", "EventData.OtherLogonInitActivityDuration": "2519", "EventData.UserLogonWaitDuration": "49255"}
{"EventID": "101", "Channel": "Microsoft-Windows-Diagnostics-Performance/Operational", "Provider_Name": "Microsoft-Windows-Diagnostics-Performance", "Computer": "DESKTOP-OFJ6N53", "TimeCreated": "2022-05-05 10:03:32.697439+00:00", "RecordID": "20", "Level": "1", "UserID": "S-1-5-19", "EventData.StartTime": "2022-05-05 09:59:07.807076+00:00", "EventData.NameLength": "8", "EventData.Name": "avp.exe", "EventData.FriendlyNameLength": "23", "EventData.FriendlyName": "Kaspersky Lab launcher", "EventData.VersionLength": "9", "EventData.Version": "21.3.0.1", "EventData.TotalTime": "97518", "EventData.DegradationTime": "89018", "EventData.PathLength": "75", "EventData.Path": "C:\\Program Files (x86)\\Kaspersky Lab\\Kaspersky Security Cloud 21.3\\avp.exe", "EventData.ProductNameLength": "23", "EventData.ProductName": "Kaspersky Lab launcher", "EventData.CompanyNameLength": "17", "EventData.CompanyName": "AO Kaspersky Lab"}
{"EventID": "101", "Channel": "Microsoft-Windows-Diagnostics-Performance/Operational", "Provider_Name": "Microsoft-Windows-Diagnostics-Performance", "Computer": "DESKTOP-OFJ6N53", "TimeCreated": "2022-05-05 10:03:32.697449+00:00", "RecordID": "21", "Level": "3", "UserID": "S-1-5-19", "EventData.StartTime": "2022-05-05 09:59:07.807076+00:00", "EventData.NameLength": "13", "EventData.Name": "OneDrive.exe", "EventData.FriendlyNameLength": "0", "EventData.FriendlyName": null, "EventData.VersionLength": "0", "EventData.Version": null, "EventData.TotalTime": "14185", "EventData.DegradationTime": "9185", "EventData.PathLength": "66", "EventData.Path": "C:\\Users\\sk.batsiev\\AppData\\Local\\Microsoft\\OneDrive\\OneDrive.exe", "EventData.ProductNameLength": "0", "EventData.ProductName": null, "EventData.CompanyNameLength": "0", "EventData.CompanyName": null}
{"EventID": "101", "Channel": "Microsoft-Windows-Diagnostics-Performance/Operational", "Provider_Name": "Microsoft-Windows-Diagnostics-Performance", "Computer": "DESKTOP-OFJ6N53", "TimeCreated": "2022-05-05 10:03:32.697454+00:00", "RecordID": "22", "Level": "3", "UserID": "S-1-5-19", "EventData.StartTime": "2022-05-05 09:59:07.807076+00:00", "EventData.NameLength": "13", "EventData.Name": "explorer.exe", "EventData.FriendlyNameLength": "10", "EventData.FriendlyName": "Проводник", "EventData.VersionLength": "39", "EventData.Version": "10.0.19041.1645 (WinBuild.160101.0800)", "EventData.TotalTime": "6299", "EventData.DegradationTime": "3799", "EventData.PathLength": "24", "EventData.Path": "C:\\Windows\\explorer.exe", "EventData.ProductNameLength": "41", "EventData.ProductName": "Операционная система Microsoft® Windows®", "EventData.CompanyNameLength": "22", "EventData.CompanyName": "Microsoft Corporation"}
{"EventID": "101", "Channel": "Microsoft-Windows-Diagnostics-Performance/Operational", "Provider_Name": "Microsoft-Windows-Diagnostics-Performance", "Computer": "DESKTOP-OFJ6N53", "TimeCreated": "2022-05-05 10:03:32.697464+00:00", "RecordID": "23", "Level": "3", "UserID": "S-1-5-19", "EventData.StartTime": "2022-05-05 09:59:07.807076+00:00", "EventData.NameLength": "14", "EventData.Name": "SearchApp.exe", "EventData.FriendlyNameLength": "19", "EventData.FriendlyName": "Search application", "EventData.VersionLength": "39", "EventData.Version": "10.0.19041.1620 (WinBuild.160101.0800)", "EventData.TotalTime": "6345", "EventData.DegradationTime": "1345", "EventData.PathLength": "75", "EventData.Path": "C:\\Windows\\SystemApps\\Microsoft.Windows.Search_cw5n1h2txyewy\\SearchApp.exe", "EventData.ProductNameLength": "37", "EventData.ProductName": "Microsoft® Windows® Operating System", "EventData.CompanyNameLength": "22", "EventData.CompanyName": "Microsoft Corporation"}
{"EventID": "101", "Channel": "Microsoft-Windows-Diagnostics-Performance/Operational", "Provider_Name": "Microsoft-Windows-Diagnostics-Performance", "Computer": "DESKTOP-OFJ6N53", "TimeCreated": "2022-05-05 10:03:32.697470+00:00", "RecordID": "24", "Level": "3", "UserID": "S-1-5-19", "EventData.StartTime": "2022-05-05 09:59:07.807076+00:00", "EventData.NameLength": "13", "EventData.Name": "services.exe", "EventData.FriendlyNameLength": "32", "EventData.FriendlyName": "Приложение служб и контроллеров", "EventData.VersionLength": "39", "EventData.Version": "10.0.19041.1645 (WinBuild.160101.0800)", "EventData.TotalTime": "1136", "EventData.DegradationTime": "136", "EventData.PathLength": "33", "EventData.Path": "C:\\Windows\\System32\\services.exe", "EventData.ProductNameLength": "41", "EventData.ProductName": "Операционная система Microsoft® Windows®", "EventData.CompanyNameLength": "22", "EventData.CompanyName": "Microsoft Corporation"}
{"EventID": "101", "Channel": "Microsoft-Windows-Diagnostics-Performance/Operational", "Provider_Name": "Microsoft-Windows-Diagnostics-Performance", "Computer": "DESKTOP-OFJ6N53", "TimeCreated": "2022-05-05 10:03:32.697477+00:00", "RecordID": "25", "Level": "3", "UserID": "S-1-5-19", "EventData.StartTime": "2022-05-05 09:59:07.807076+00:00", "EventData.NameLength": "12", "EventData.Name": "svchost.exe", "EventData.FriendlyNameLength": "31", "EventData.FriendlyName": "Хост-процесс для служб Windows", "EventData.VersionLength": "39", "EventData.Version": "10.0.19041.1645 (WinBuild.160101.0800)", "EventData.TotalTime": "914", "EventData.DegradationTime": "114", "EventData.PathLength": "32", "EventData.Path": "C:\\Windows\\System32\\svchost.exe", "EventData.ProductNameLength": "41", "EventData.ProductName": "Операционная система Microsoft® Windows®", "EventData.CompanyNameLength": "22", "EventData.CompanyName": "Microsoft Corporation"}
{"EventID": "102", "Channel": "Microsoft-Windows-Diagnostics-Performance/Operational", "Provider_Name": "Microsoft-Windows-Diagnostics-Performance", "Computer": "DESKTOP-OFJ6N53", "TimeCreated": "2022-05-05 10:03:32.697485+00:00", "RecordID": "26", "Level": "3", "UserID": "S-1-5-19", "EventData.StartTime": "2022-05-05 09:59:07.807076+00:00", "EventData.NameLength": "5", "EventData.Name": "KLIF", "EventData.FriendlyNameLength": "40", "EventData.FriendlyName": "Core System Interceptors [fre_win7_x64]", "EventData.VersionLength": "14", "EventData.Version": "30.587.0.2440", "EventData.TotalTime": "3174", "EventData.DegradationTime": "1674", "EventData.PathLength": "37", "EventData.Path": "C:\\Windows\\system32\\DRIVERS\\klif.sys", "EventData.ProductNameLength": "18", "EventData.ProductName": "Coretech Delivery", "EventData.CompanyNameLength": "17", "EventData.CompanyName": "AO Kaspersky Lab"}
{"EventID": "102", "Channel": "Microsoft-Windows-Diagnostics-Performance/Operational", "Provider_Name": "Microsoft-Windows-Diagnostics-Performance", "Computer": "DESKTOP-OFJ6N53", "TimeCreated": "2022-05-05 10:03:32.697491+00:00", "RecordID": "27", "Level": "3", "UserID": "S-1-5-19", "EventData.StartTime": "2022-05-05 09:59:07.807076+00:00", "EventData.NameLength": "13", "EventData.Name": "BasicDisplay", "EventData.FriendlyNameLength": "31", "EventData.FriendlyName": "Microsoft Basic Display Driver", "EventData.VersionLength": "38", "EventData.Version": "10.0.19041.868 (WinBuild.160101.0800)", "EventData.TotalTime": "2731", "EventData.DegradationTime": "1231", "EventData.PathLength": "104", "EventData.Path": "C:\\Windows\\System32\\DriverStore\\FileRepository\\basicdisplay.inf_amd64_65ab9a260dbf7467\\BasicDisplay.sys", "EventData.ProductNameLength": "37", "EventData.ProductName": "Microsoft® Windows® Operating System", "EventData.CompanyNameLength": "22", "EventData.CompanyName": "Microsoft Corporation"}
{"EventID": "102", "Channel": "Microsoft-Windows-Diagnostics-Performance/Operational", "Provider_Name": "Microsoft-Windows-Diagnostics-Performance", "Computer": "DESKTOP-OFJ6N53", "TimeCreated": "2022-05-05 10:03:32.697498+00:00", "RecordID": "28", "Level": "3", "UserID": "S-1-5-19", "EventData.StartTime": "2022-05-05 09:59:07.807076+00:00", "EventData.NameLength": "4", "EventData.Name": "Vid", "EventData.FriendlyNameLength": "55", "EventData.FriendlyName": "Microsoft Hyper-V Virtualization Infrastructure Driver", "EventData.VersionLength": "39", "EventData.Version": "10.0.19041.1466 (WinBuild.160101.0800)", "EventData.TotalTime": "1666", "EventData.DegradationTime": "166", "EventData.PathLength": "36", "EventData.Path": "C:\\Windows\\System32\\drivers\\Vid.sys", "EventData.ProductNameLength": "37", "EventData.ProductName": "Microsoft® Windows® Operating System", "EventData.CompanyNameLength": "22", "EventData.CompanyName": "Microsoft Corporation"}
{"EventID": "102", "Channel": "Microsoft-Windows-Diagnostics-Performance/Operational", "Provider_Name": "Microsoft-Windows-Diagnostics-Performance", "Computer": "DESKTOP-OFJ6N53", "TimeCreated": "2022-05-05 10:03:32.697506+00:00", "RecordID": "29", "Level": "3", "UserID": "S-1-5-19", "EventData.StartTime": "2022-05-05 09:59:07.807076+00:00", "EventData.NameLength": "4", "EventData.Name": "dam", "EventData.FriendlyNameLength": "18", "EventData.FriendlyName": "DAM Kernel Driver", "EventData.VersionLength": "39", "EventData.Version": "10.0.19041.1052 (WinBuild.160101.0800)", "EventData.TotalTime": "1660", "EventData.DegradationTime": "160", "EventData.PathLength": "36", "EventData.Path": "C:\\Windows\\system32\\drivers\\dam.sys", "EventData.ProductNameLength": "37", "EventData.ProductName": "Microsoft® Windows® Operating System", "EventData.CompanyNameLength": "22", "EventData.CompanyName": "Microsoft Corporation"}
{"EventID": "102", "Channel": "Microsoft-Windows-Diagnostics-Performance/Operational", "Provider_Name": "Microsoft-Windows-Diagnostics-Performance", "Computer": "DESKTOP-OFJ6N53", "TimeCreated": "2022-05-05 10:03:32.697512+00:00", "RecordID": "30", "Level": "3", "UserID": "S-1-5-19", "EventData.StartTime": "2022-05-05 09:59:07.807076+00:00", "EventData.NameLength": "6", "EventData.Name": "umbus", "EventData.FriendlyNameLength": "25", "EventData.FriendlyName": "User-Mode Bus Enumerator", "EventData.VersionLength": "36", "EventData.Version": "10.0.19041.1 (WinBuild.160101.0800)", "EventData.TotalTime": "1635", "EventData.DegradationTime": "135", "EventData.PathLength": "90", "EventData.Path": "C:\\Windows\\System32\\DriverStore\\FileRepository\\umbus.inf_amd64_b78a9c5b6fd62c27\\umbus.sys", "EventData.ProductNameLength": "37", "EventData.ProductName": "Microsoft® Windows® Operating System", "EventData.CompanyNameLength": "22", "EventData.CompanyName": "Microsoft Corporation"}
{"EventID": "109", "Channel": "Microsoft-Windows-Diagnostics-Performance/Operational", "Provider_Name": "Microsoft-Windows-Diagnostics-Performance", "Computer": "DESKTOP-OFJ6N53", "TimeCreated": "2022-05-05 10:03:33.025837+00:00", "RecordID": "31", "Level": "3", "UserID": "S-1-5-19", "EventData.StartTime": "2022-05-05 09:59:07.807076+00:00", "EventData.NameLength": "62", "EventData.Name": "PCI\\VEN_15AD&DEV_07E0&SUBSYS_07E015AD&REV_00\\4&bbf9765&0&0088", "EventData.FriendlyNameLength": "30", "EventData.FriendlyName": "Standard SATA AHCI Controller", "EventData.VersionLength": "0", "EventData.Version": null, "EventData.TotalTime": "11260", "EventData.DegradationTime": "8760", "EventData.PathLength": "0", "EventData.Path": null, "EventData.ProductNameLength": "0", "EventData.ProductName": null, "EventData.CompanyNameLength": "0", "EventData.CompanyName": null}
{"EventID": "109", "Channel": "Microsoft-Windows-Diagnostics-Performance/Operational", "Provider_Name": "Microsoft-Windows-Diagnostics-Performance", "Computer": "DESKTOP-OFJ6N53", "TimeCreated": "2022-05-05 10:03:33.025846+00:00", "RecordID": "32", "Level": "3", "UserID": "S-1-5-19", "EventData.StartTime": "2022-05-05 09:59:07.807076+00:00", "EventData.NameLength": "19", "EventData.Name": "ACPI_HAL\\PNP0C08\\0", "EventData.FriendlyNameLength": "32", "EventData.FriendlyName": "Microsoft ACPI-Compliant System", "EventData.VersionLength": "0", "EventData.Version": null, "EventData.TotalTime": "3455", "EventData.DegradationTime": "955", "EventData.PathLength": "0", "EventData.Path": null, "EventData.ProductNameLength": "0", "EventData.ProductName": null, "EventData.CompanyNameLength": "0", "EventData.CompanyName": null}
{"EventID": "104", "Channel": "Microsoft-Windows-Diagnostics-Performance/Operational", "Provider_Name": "Microsoft-Windows-Diagnostics-Performance", "Computer": "DESKTOP-OFJ6N53", "TimeCreated": "2022-05-05 10:03:33.025850+00:00", "RecordID": "33", "Level": "3", "UserID": "S-1-5-19", "EventData.StartTime": "2022-05-05 09:59:07.807076+00:00", "EventData.NameLength": "11", "EventData.Name": "KernelInit", "EventData.TotalTime": "2198", "EventData.DegradationTime": "1198"}
{"EventID": "110", "Channel": "Microsoft-Windows-Diagnostics-Performance/Operational", "Provider_Name": "Microsoft-Windows-Diagnostics-Performance", "Computer": "DESKTOP-OFJ6N53", "TimeCreated": "2022-05-05 10:03:33.025856+00:00", "RecordID": "34", "Level": "3", "UserID": "S-1-5-19", "EventData.StartTime": "2022-05-05 09:59:07.807076+00:00", "EventData.NameLength": "9", "EventData.Name": "SMSSInit", "EventData.TotalTime": "14235", "EventData.DegradationTime": "4235"}
{"EventID": "200", "Channel": "Microsoft-Windows-Diagnostics-Performance/Operational", "Provider_Name": "Microsoft-Windows-Diagnostics-Performance", "Computer": "DESKTOP-OFJ6N53", "TimeCreated": "2022-05-10 23:36:08.945414+00:00", "RecordID": "35", "Level": "2", "UserID": "S-1-5-19", "EventData.ShutdownTsVersion": "1", "EventData.ShutdownStartTime": "2022-05-10 23:30:56.111986+00:00", "EventData.ShutdownEndTime": "2022-05-10 23:32:36.515152+00:00", "EventData.ShutdownTime": "100403", "EventData.ShutdownUserSessionTime": "6684", "EventData.ShutdownUserPolicyTime": "65", "EventData.ShutdownUserProfilesTime": "78", "EventData.ShutdownSystemSessionsTime": "84539", "EventData.ShutdownPreShutdownNotificationsTime": "79301", "EventData.ShutdownServicesTime": "5007", "EventData.ShutdownKernelTime": "9179", "EventData.ShutdownRootCauseStepImprovementBits": "0", "EventData.ShutdownRootCauseGradualImprovementBits": "0", "EventData.ShutdownRootCauseStepDegradationBits": "0", "EventData.ShutdownRootCauseGradualDegradationBits": "0", "EventData.ShutdownIsDegradation": "False", "EventData.ShutdownTimeChange": "0"}
{"EventID": "203", "Channel": "Microsoft-Windows-Diagnostics-Performance/Operational", "Provider_Name": "Microsoft-Windows-Diagnostics-Performance", "Computer": "DESKTOP-OFJ6N53", "TimeCreated": "2022-05-10 23:36:08.946857+00:00", "RecordID": "36", "Level": "3", "UserID": "S-1-5-19", "EventData.StartTime": "2022-05-10 23:30:56.111986+00:00", "EventData.NameLength": "7", "EventData.Name": "vpnsvc", "EventData.FriendlyNameLength": "0", "EventData.FriendlyName": null, "EventData.VersionLength": "0", "EventData.Version": null, "EventData.TotalTime": "4046", "EventData.DegradationTime": "46", "EventData.PathLength": "51", "EventData.Path": "\"c:\\program files (x86)\\s-terra client\\vpnsvc.exe\"", "EventData.ProductNameLength": "0", "EventData.ProductName": null, "EventData.CompanyNameLength": "0", "EventData.CompanyName": null}
{"EventID": "100", "Channel": "Microsoft-Windows-Diagnostics-Performance/Operational", "Provider_Name": "Microsoft-Windows-Diagnostics-Performance", "Computer": "DESKTOP-OFJ6N53", "TimeCreated": "2022-05-10 23:36:10.245766+00:00", "RecordID": "37", "Level": "2", "UserID": "S-1-5-19", "EventData.BootTsVersion": "2", "EventData.BootStartTime": "2022-05-10 23:32:51.672089+00:00", "EventData.BootEndTime": "2022-05-10 23:36:06.418352+00:00", "EventData.SystemBootInstance": "3", "EventData.UserBootInstance": "3", "EventData.BootTime": "170110", "EventData.MainPathBootTime": "115210", "EventData.BootKernelInitTime": "70", "EventData.BootDriverInitTime": "1575", "EventData.BootDevicesInitTime": "4286", "EventData.BootPrefetchInitTime": "0", "EventData.BootPrefetchBytes": "0", "EventData.BootAutoChkTime": "0", "EventData.BootSmssInitTime": "5601", "EventData.BootCriticalServicesInitTime": "762", "EventData.BootUserProfileProcessingTime": "614", "EventData.BootMachineProfileProcessingTime": "2", "EventData.BootExplorerInitTime": "12736", "EventData.BootNumStartupApps": "17", "EventData.BootPostBootTime": "54900", "EventData.BootIsRebootAfterInstall": "False", "EventData.BootRootCauseStepImprovementBits": "0", "EventData.BootRootCauseGradualImprovementBits": "0", "EventData.BootRootCauseStepDegradationBits": "13647873", "EventData.BootRootCauseGradualDegradationBits": "13647873", "EventData.BootIsDegradation": "True", "EventData.BootIsStepDegradation": "True", "EventData.BootIsGradualDegradation": "True", "EventData.BootImprovementDelta": "0", "EventData.BootDegradationDelta": "108111", "EventData.BootIsRootCauseIdentified": "True", "EventData.OSLoaderDuration": "2303", "EventData.BootPNPInitStartTimeMS": "70", "EventData.BootPNPInitDuration": "4366", "EventData.OtherKernelInitDuration": "197", "EventData.SystemPNPInitStartTimeMS": "4542", "EventData.SystemPNPInitDuration": "982", "EventData.SessionInitStartTimeMS": "5547", "EventData.Session0InitDuration": "795", "EventData.Session1InitDuration": "48", "EventData.SessionInitOtherDuration": "4757", "EventData.WinLogonStartTimeMS": "11148", "EventData.OtherLogonInitActivityDuration": "90709", "EventData.UserLogonWaitDuration": "99"}
{"EventID": "101", "Channel": "Microsoft-Windows-Diagnostics-Performance/Operational", "Provider_Name": "Microsoft-Windows-Diagnostics-Performance", "Computer": "DESKTOP-OFJ6N53", "TimeCreated": "2022-05-10 23:36:10.245777+00:00", "RecordID": "38", "Level": "2", "UserID": "S-1-5-19", "EventData.StartTime": "2022-05-10 23:32:51.672089+00:00", "EventData.NameLength": "8", "EventData.Name": "avp.exe", "EventData.FriendlyNameLength": "23", "EventData.FriendlyName": "Kaspersky Lab launcher", "EventData.VersionLength": "9", "EventData.Version": "21.3.0.1", "EventData.TotalTime": "26234", "EventData.DegradationTime": "18734", "EventData.PathLength": "75", "EventData.Path": "C:\\Program Files (x86)\\Kaspersky Lab\\Kaspersky Security Cloud 21.3\\avp.exe", "EventData.ProductNameLength": "23", "EventData.ProductName": "Kaspersky Lab launcher", "EventData.CompanyNameLength": "17", "EventData.CompanyName": "AO Kaspersky Lab"}
{"EventID": "101", "Channel": "Microsoft-Windows-Diagnostics-Performance/Operational", "Provider_Name": "Microsoft-Windows-Diagnostics-Performance", "Computer": "DESKTOP-OFJ6N53", "TimeCreated": "2022-05-10 23:36:10.245785+00:00", "RecordID": "39", "Level": "3", "UserID": "S-1-5-19", "EventData.StartTime": "2022-05-10 23:32:51.672089+00:00", "EventData.NameLength": "12", "EventData.Name": "svchost.exe", "EventData.FriendlyNameLength": "31", "EventData.FriendlyName": "Хост-процесс для служб Windows", "EventData.VersionLength": "39", "EventData.Version": "10.0.19041.1645 (WinBuild.160101.0800)", "EventData.TotalTime": "4278", "EventData.DegradationTime": "1778", "EventData.PathLength": "32", "EventData.Path": "C:\\Windows\\System32\\svchost.exe", "EventData.ProductNameLength": "41", "EventData.ProductName": "Операционная система Microsoft® Windows®", "EventData.CompanyNameLength": "22", "EventData.CompanyName": "Microsoft Corporation"}
{"EventID": "101", "Channel": "Microsoft-Windows-Diagnostics-Performance/Operational", "Provider_Name": "Microsoft-Windows-Diagnostics-Performance", "Computer": "DESKTOP-OFJ6N53", "TimeCreated": "2022-05-10 23:36:10.245804+00:00", "RecordID": "40", "Level": "3", "UserID": "S-1-5-19", "EventData.StartTime": "2022-05-10 23:32:51.672089+00:00", "EventData.NameLength": "20", "EventData.Name": "MoUsoCoreWorker.exe", "EventData.FriendlyNameLength": "26", "EventData.FriendlyName": "MoUSO Core Worker Process", "EventData.VersionLength": "39", "EventData.Version": "10.0.19041.1682 (WinBuild.160101.0800)", "EventData.TotalTime": "5583", "EventData.DegradationTime": "583", "EventData.PathLength": "40", "EventData.Path": "C:\\Windows\\System32\\MoUsoCoreWorker.exe", "EventData.ProductNameLength": "37", "EventData.ProductName": "Microsoft® Windows® Operating System", "EventData.CompanyNameLength": "22", "EventData.CompanyName": "Microsoft Corporation"}
{"EventID": "101", "Channel": "Microsoft-Windows-Diagnostics-Performance/Operational", "Provider_Name": "Microsoft-Windows-Diagnostics-Performance", "Computer": "DESKTOP-OFJ6N53", "TimeCreated": "2022-05-10 23:36:10.245811+00:00", "RecordID": "41", "Level": "3", "UserID": "S-1-5-19", "EventData.StartTime": "2022-05-10 23:32:51.672089+00:00", "EventData.NameLength": "13", "EventData.Name": "OneDrive.exe", "EventData.FriendlyNameLength": "0", "EventData.FriendlyName": null, "EventData.VersionLength": "0", "EventData.Version": null, "EventData.TotalTime": "5493", "EventData.DegradationTime": "493", "EventData.PathLength": "66", "EventData.Path": "C:\\Users\\sk.batsiev\\AppData\\Local\\Microsoft\\OneDrive\\OneDrive.exe", "EventData.ProductNameLength": "0", "EventData.ProductName": null, "EventData.CompanyNameLength": "0", "EventData.CompanyName": null}
{"EventID": "101", "Channel": "Microsoft-Windows-Diagnostics-Performance/Operational", "Provider_Name": "Microsoft-Windows-Diagnostics-Performance", "Computer": "DESKTOP-OFJ6N53", "TimeCreated": "2022-05-10 23:36:10.245817+00:00", "RecordID": "42", "Level": "3", "UserID": "S-1-5-19", "EventData.StartTime": "2022-05-10 23:32:51.672089+00:00", "EventData.NameLength": "13", "EventData.Name": "explorer.exe", "EventData.FriendlyNameLength": "10", "EventData.FriendlyName": "Проводник", "EventData.VersionLength": "39", "EventData.Version": "10.0.19041.1645 (WinBuild.160101.0800)", "EventData.TotalTime": "2817", "EventData.DegradationTime": "317", "EventData.PathLength": "24", "EventData.Path": "C:\\Windows\\explorer.exe", "EventData.ProductNameLength": "41", "EventData.ProductName": "Операционная система Microsoft® Windows®", "EventData.CompanyNameLength": "22", "EventData.CompanyName": "Microsoft Corporation"}
{"EventID": "100", "Channel": "Microsoft-Windows-Diagnostics-Performance/Operational", "Provider_Name": "Microsoft-Windows-Diagnostics-Performance", "Computer": "DESKTOP-OFJ6N53", "TimeCreated": "2022-06-06 07:38:59.380697+00:00", "RecordID": "43", "Level": "2", "UserID": "S-1-5-19", "EventData.BootTsVersion": "2", "EventData.BootStartTime": "2022-06-06 07:37:08.685711+00:00", "EventData.BootEndTime": "2022-06-06 07:38:57.136459+00:00", "EventData.SystemBootInstance": "5", "EventData.UserBootInstance": "5", "EventData.BootTime": "54554", "EventData.MainPathBootTime": "22654", "EventData.BootKernelInitTime": "64", "EventData.BootDriverInitTime": "1758", "EventData.BootDevicesInitTime": "4146", "EventData.BootPrefetchInitTime": "0", "EventData.BootPrefetchBytes": "0", "EventData.BootAutoChkTime": "0", "EventData.BootSmssInitTime": "2274", "EventData.BootCriticalServicesInitTime": "288", "EventData.BootUserProfileProcessingTime": "1031", "EventData.BootMachineProfileProcessingTime": "89", "EventData.BootExplorerInitTime": "11167", "EventData.BootNumStartupApps": "13", "EventData.BootPostBootTime": "31900", "EventData.BootIsRebootAfterInstall": "False", "EventData.BootRootCauseStepImprovementBits": "0", "EventData.BootRootCauseGradualImprovementBits": "0", "EventData.BootRootCauseStepDegradationBits": "0", "EventData.BootRootCauseGradualDegradationBits": "0", "EventData.BootIsDegradation": "False", "EventData.BootIsStepDegradation": "False", "EventData.BootIsGradualDegradation": "False", "EventData.BootImprovementDelta": "0", "EventData.BootDegradationDelta": "0", "EventData.BootIsRootCauseIdentified": "False", "EventData.OSLoaderDuration": "1076", "EventData.BootPNPInitStartTimeMS": "64", "EventData.BootPNPInitDuration": "4931", "EventData.OtherKernelInitDuration": "165", "EventData.SystemPNPInitStartTimeMS": "5077", "EventData.SystemPNPInitDuration": "1321", "EventData.SessionInitStartTimeMS": "6418", "EventData.Session0InitDuration": "382", "EventData.Session1InitDuration": "41", "EventData.SessionInitOtherDuration": "1850", "EventData.WinLogonStartTimeMS": "8692", "EventData.OtherLogonInitActivityDuration": "1674", "EventData.UserLogonWaitDuration": "5811"}
{"EventID": "200", "Channel": "Microsoft-Windows-Diagnostics-Performance/Operational", "Provider_Name": "Microsoft-Windows-Diagnostics-Performance", "Computer": "DESKTOP-OFJ6N53", "TimeCreated": "2022-06-14 18:04:17.143379+00:00", "RecordID": "44", "Level": "1", "UserID": "S-1-5-19", "EventData.ShutdownTsVersion": "1", "EventData.ShutdownStartTime": "2022-06-14 17:58:47.281778+00:00", "EventData.ShutdownEndTime": "2022-06-14 18:01:08.085863+00:00", "EventData.ShutdownTime": "140804", "EventData.ShutdownUserSessionTime": "5859", "EventData.ShutdownUserPolicyTime": "72", "EventData.ShutdownUserProfilesTime": "142", "EventData.ShutdownSystemSessionsTime": "119307", "EventData.ShutdownPreShutdownNotificationsTime": "114151", "EventData.ShutdownServicesTime": "4986", "EventData.ShutdownKernelTime": "15636", "EventData.ShutdownRootCauseStepImprovementBits": "0", "EventData.ShutdownRootCauseGradualImprovementBits": "0", "EventData.ShutdownRootCauseStepDegradationBits": "0", "EventData.ShutdownRootCauseGradualDegradationBits": "0", "EventData.ShutdownIsDegradation": "False", "EventData.ShutdownTimeChange": "0"}
{"EventID": "203", "Channel": "Microsoft-Windows-Diagnostics-Performance/Operational", "Provider_Name": "Microsoft-Windows-Diagnostics-Performance", "Computer": "DESKTOP-OFJ6N53", "TimeCreated": "2022-06-14 18:04:17.143400+00:00", "RecordID": "45", "Level": "3", "UserID": "S-1-5-19", "EventData.StartTime": "2022-06-14 17:58:47.281778+00:00", "EventData.NameLength": "13", "EventData.Name": "FA_Scheduler", "EventData.FriendlyNameLength": "0", "EventData.FriendlyName": null, "EventData.VersionLength": "0", "EventData.Version": null, "EventData.TotalTime": "4905", "EventData.DegradationTime": "905", "EventData.PathLength": "54", "EventData.Path": "\"c:\\program files\\fortinet\\forticlient\\scheduler.exe\"", "EventData.ProductNameLength": "0", "EventData.ProductName": null, "EventData.CompanyNameLength": "0", "EventData.CompanyName": null}
{"EventID": "100", "Channel": "Microsoft-Windows-Diagnostics-Performance/Operational", "Provider_Name": "Microsoft-Windows-Diagnostics-Performance", "Computer": "DESKTOP-OFJ6N53", "TimeCreated": "2022-06-14 18:04:18.750845+00:00", "RecordID": "46", "Level": "2", "UserID": "S-1-5-19", "EventData.BootTsVersion": "2", "EventData.BootStartTime": "2022-06-14 18:01:19.568298+00:00", "EventData.BootEndTime": "2022-06-14 18:04:15.577564+00:00", "EventData.SystemBootInstance": "6", "EventData.UserBootInstance": "6", "EventData.BootTime": "135688", "EventData.MainPathBootTime": "95188", "EventData.BootKernelInitTime": "67", "EventData.BootDriverInitTime": "3124", "EventData.BootDevicesInitTime": "4774", "EventData.BootPrefetchInitTime": "0", "EventData.BootPrefetchBytes": "0", "EventData.BootAutoChkTime": "0", "EventData.BootSmssInitTime": "5114", "EventData.BootCriticalServicesInitTime": "414", "EventData.BootUserProfileProcessingTime": "544", "EventData.BootMachineProfileProcessingTime": "0", "EventData.BootExplorerInitTime": "10929", "EventData.BootNumStartupApps": "19", "EventData.BootPostBootTime": "40500", "EventData.BootIsRebootAfterInstall": "False", "EventData.BootRootCauseStepImprovementBits": "0", "EventData.BootRootCauseGradualImprovementBits": "0", "EventData.BootRootCauseStepDegradationBits": "16385", "EventData.BootRootCauseGradualDegradationBits": "0", "EventData.BootIsDegradation": "True", "EventData.BootIsStepDegradation": "True", "EventData.BootIsGradualDegradation": "False", "EventData.BootImprovementDelta": "0", "EventData.BootDegradationDelta": "48714", "EventData.BootIsRootCauseIdentified": "True", "EventData.OSLoaderDuration": "1888", "EventData.BootPNPInitStartTimeMS": "67", "EventData.BootPNPInitDuration": "4922", "EventData.OtherKernelInitDuration": "222", "EventData.SystemPNPInitStartTimeMS": "5113", "EventData.SystemPNPInitDuration": "1682", "EventData.SessionInitStartTimeMS": "6827", "EventData.Session0InitDuration": "1064", "EventData.Session1InitDuration": "52", "EventData.SessionInitOtherDuration": "3997", "EventData.WinLogonStartTimeMS": "11941", "EventData.OtherLogonInitActivityDuration": "71771", "EventData.UserLogonWaitDuration": "84"}
