{"EventID": "5", "Channel": "Microsoft-Windows-Diagnosis-Scheduled/Operational", "Provider_Name": "Microsoft-Windows-Diagnosis-Scheduled", "Computer": "DESKTOP-OFJ6N53", "TimeCreated": "2022-07-17 08:42:40.395733+00:00", "RecordID": "142", "Level": "4", "UserID": "S-1-5-21-963789628-1060504924-4285088085-1001", "EventData.PackagePath": "C:\\Windows\\diagnostics\\scheduled\\Maintenance"}
{"EventID": "6", "Channel": "Microsoft-Windows-Diagnosis-Scheduled/Operational", "Provider_Name": "Microsoft-Windows-Diagnosis-Scheduled", "Computer": "DESKTOP-OFJ6N53", "TimeCreated": "2022-07-17 08:42:40.824207+00:00", "RecordID": "143", "Level": "4", "UserID": "S-1-5-21-963789628-1060504924-4285088085-1001", "EventData.PackageID": "MaintenanceDiagnostic"}
{"EventID": "7", "Channel": "Microsoft-Windows-Diagnosis-Scheduled/Operational", "Provider_Name": "Microsoft-Windows-Diagnosis-Scheduled", "Computer": "DESKTOP-OFJ6N53", "TimeCreated": "2022-07-17 08:42:40.824211+00:00", "RecordID": "144", "Level": "4", "UserID": "S-1-5-21-963789628-1060504924-4285088085-1001", "EventData.PackageID": "MaintenanceDiagnostic"}
{"EventID": "8", "Channel": "Microsoft-Windows-Diagnosis-Scheduled/Operational", "Provider_Name": "Microsoft-Windows-Diagnosis-Scheduled", "Computer": "DESKTOP-OFJ6N53", "TimeCreated": "2022-07-17 08:42:50.879887+00:00", "RecordID": "145", "Level": "4", "UserID": "S-1-5-21-963789628-1060504924-4285088085-1001", "EventData.PackageID": "MaintenanceDiagnostic", "EventData.RootCauseCount": "2"}
{"EventID": "100", "Channel": "Microsoft-Windows-Diagnosis-Scheduled/Operational", "Provider_Name": "Microsoft-Windows-Diagnosis-Scheduled", "Computer": "DESKTOP-OFJ6N53", "TimeCreated": "2022-07-17 08:42:50.879894+00:00", "RecordID": "146", "Level": "1", "UserID": "S-1-5-21-963789628-1060504924-4285088085-1001", "EventData.hc_stateid": "0"}
{"EventID": "3", "Channel": "Microsoft-Windows-Diagnosis-Scheduled/Operational", "Provider_Name": "Microsoft-Windows-Diagnosis-Scheduled", "Computer": "DESKTOP-OFJ6N53", "TimeCreated": "2022-07-17 08:42:50.885508+00:00", "RecordID": "147", "Level": "4", "UserID": "S-1-5-21-963789628-1060504924-4285088085-1001"}
{"EventID": "2", "Channel": "Microsoft-Windows-Diagnosis-Scheduled/Operational", "Provider_Name": "Microsoft-Windows-Diagnosis-Scheduled", "Computer": "DESKTOP-OFJ6N53", "TimeCreated": "2022-07-24 08:43:37.784098+00:00", "RecordID": "148", "Level": "4", "UserID": "S-1-5-21-963789628-1060504924-4285088085-1001"}
{"EventID": "5", "Channel": "Microsoft-Windows-Diagnosis-Scheduled/Operational", "Provider_Name": "Microsoft-Windows-Diagnosis-Scheduled", "Computer": "DESKTOP-OFJ6N53", "TimeCreated": "2022-07-24 08:43:37.794683+00:00", "RecordID": "149", "Level": "4", "UserID": "S-1-5-21-963789628-1060504924-4285088085-1001", "EventData.PackagePath": "C:\\Windows\\diagnostics\\scheduled\\Maintenance"}
{"EventID": "6", "Channel": "Microsoft-Windows-Diagnosis-Scheduled/Operational", "Provider_Name": "Microsoft-Windows-Diagnosis-Scheduled", "Computer": "DESKTOP-OFJ6N53", "TimeCreated": "2022-07-24 08:43:38.372831+00:00", "RecordID": "150", "Level": "4", "UserID": "S-1-5-21-963789628-1060504924-4285088085-1001", "EventData.PackageID": "MaintenanceDiagnostic"}
{"EventID": "7", "Channel": "Microsoft-Windows-Diagnosis-Scheduled/Operational", "Provider_Name": "Microsoft-Windows-Diagnosis-Scheduled", "Computer": "DESKTOP-OFJ6N53", "TimeCreated": "2022-07-24 08:43:38.372835+00:00", "RecordID": "151", "Level": "4", "UserID": "S-1-5-21-963789628-1060504924-4285088085-1001", "EventData.PackageID": "MaintenanceDiagnostic"}
{"EventID": "8", "Channel": "Microsoft-Windows-Diagnosis-Scheduled/Operational", "Provider_Name": "Microsoft-Windows-Diagnosis-Scheduled", "Computer": "DESKTOP-OFJ6N53", "TimeCreated": "2022-07-24 08:43:46.594759+00:00", "RecordID": "152", "Level": "4", "UserID": "S-1-5-21-963789628-1060504924-4285088085-1001", "EventData.PackageID": "MaintenanceDiagnostic", "EventData.RootCauseCount": "2"}
{"EventID": "100", "Channel": "Microsoft-Windows-Diagnosis-Scheduled/Operational", "Provider_Name": "Microsoft-Windows-Diagnosis-Scheduled", "Computer": "DESKTOP-OFJ6N53", "TimeCreated": "2022-07-24 08:43:46.594765+00:00", "RecordID": "153", "Level": "1", "UserID": "S-1-5-21-963789628-1060504924-4285088085-1001", "EventData.hc_stateid": "0"}
{"EventID": "3", "Channel": "Microsoft-Windows-Diagnosis-Scheduled/Operational", "Provider_Name": "Microsoft-Windows-Diagnosis-Scheduled", "Computer": "DESKTOP-OFJ6N53", "TimeCreated": "2022-07-24 08:43:46.601988+00:00", "RecordID": "154", "Level": "4", "UserID": "S-1-5-21-963789628-1060504924-4285088085-1001"}
{"EventID": "2", "Channel": "Microsoft-Windows-Diagnosis-Scheduled/Operational", "Provider_Name": "Microsoft-Windows-Diagnosis-Scheduled", "Computer": "DESKTOP-OFJ6N53", "TimeCreated": "2022-07-31 08:44:03.064005+00:00", "RecordID": "155", "Level": "4", "UserID": "S-1-5-21-963789628-1060504924-4285088085-1001"}
{"EventID": "5", "Channel": "Microsoft-Windows-Diagnosis-Scheduled/Operational", "Provider_Name": "Microsoft-Windows-Diagnosis-Scheduled", "Computer": "DESKTOP-OFJ6N53", "TimeCreated": "2022-07-31 08:44:03.071980+00:00", "RecordID": "156", "Level": "4", "UserID": "S-1-5-21-963789628-1060504924-4285088085-1001", "EventData.PackagePath": "C:\\Windows\\diagnostics\\scheduled\\Maintenance"}
{"EventID": "6", "Channel": "Microsoft-Windows-Diagnosis-Scheduled/Operational", "Provider_Name": "Microsoft-Windows-Diagnosis-Scheduled", "Computer": "DESKTOP-OFJ6N53", "TimeCreated": "2022-07-31 08:44:03.763590+00:00", "RecordID": "157", "Level": "4", "UserID": "S-1-5-21-963789628-1060504924-4285088085-1001", "EventData.PackageID": "MaintenanceDiagnostic"}
{"EventID": "7", "Channel": "Microsoft-Windows-Diagnosis-Scheduled/Operational", "Provider_Name": "Microsoft-Windows-Diagnosis-Scheduled", "Computer": "DESKTOP-OFJ6N53", "TimeCreated": "2022-07-31 08:44:03.763594+00:00", "RecordID": "158", "Level": "4", "UserID": "S-1-5-21-963789628-1060504924-4285088085-1001", "EventData.PackageID": "MaintenanceDiagnostic"}
{"EventID": "8", "Channel": "Microsoft-Windows-Diagnosis-Scheduled/Operational", "Provider_Name": "Microsoft-Windows-Diagnosis-Scheduled", "Computer": "DESKTOP-OFJ6N53", "TimeCreated": "2022-07-31 08:44:13.599234+00:00", "RecordID": "159", "Level": "4", "UserID": "S-1-5-21-963789628-1060504924-4285088085-1001", "EventData.PackageID": "MaintenanceDiagnostic", "EventData.RootCauseCount": "2"}
{"EventID": "100", "Channel": "Microsoft-Windows-Diagnosis-Scheduled/Operational", "Provider_Name": "Microsoft-Windows-Diagnosis-Scheduled", "Computer": "DESKTOP-OFJ6N53", "TimeCreated": "2022-07-31 08:44:13.599237+00:00", "RecordID": "160", "Level": "1", "UserID": "S-1-5-21-963789628-1060504924-4285088085-1001", "EventData.hc_stateid": "0"}
{"EventID": "3", "Channel": "Microsoft-Windows-Diagnosis-Scheduled/Operational", "Provider_Name": "Microsoft-Windows-Diagnosis-Scheduled", "Computer": "DESKTOP-OFJ6N53", "TimeCreated": "2022-07-31 08:44:13.603580+00:00", "RecordID": "161", "Level": "4", "UserID": "S-1-5-21-963789628-1060504924-4285088085-1001"}
{"EventID": "2", "Channel": "Microsoft-Windows-Diagnosis-Scheduled/Operational", "Provider_Name": "Microsoft-Windows-Diagnosis-Scheduled", "Computer": "DESKTOP-OFJ6N53", "TimeCreated": "2022-08-07 09:04:55.858566+00:00", "RecordID": "162", "Level": "4", "UserID": "S-1-5-21-963789628-1060504924-4285088085-1001"}
{"EventID": "5", "Channel": "Microsoft-Windows-Diagnosis-Scheduled/Operational", "Provider_Name": "Microsoft-Windows-Diagnosis-Scheduled", "Computer": "DESKTOP-OFJ6N53", "TimeCreated": "2022-08-07 09:04:55.864079+00:00", "RecordID": "163", "Level": "4", "UserID": "S-1-5-21-963789628-1060504924-4285088085-1001", "EventData.PackagePath": "C:\\Windows\\diagnostics\\scheduled\\Maintenance"}
{"EventID": "6", "Channel": "Microsoft-Windows-Diagnosis-Scheduled/Operational", "Provider_Name": "Microsoft-Windows-Diagnosis-Scheduled", "Computer": "DESKTOP-OFJ6N53", "TimeCreated": "2022-08-07 09:04:56.224651+00:00", "RecordID": "164", "Level": "4", "UserID": "S-1-5-21-963789628-1060504924-4285088085-1001", "EventData.PackageID": "MaintenanceDiagnostic"}
{"EventID": "7", "Channel": "Microsoft-Windows-Diagnosis-Scheduled/Operational", "Provider_Name": "Microsoft-Windows-Diagnosis-Scheduled", "Computer": "DESKTOP-OFJ6N53", "TimeCreated": "2022-08-07 09:04:56.224655+00:00", "RecordID": "165", "Level": "4", "UserID": "S-1-5-21-963789628-1060504924-4285088085-1001", "EventData.PackageID": "MaintenanceDiagnostic"}
{"EventID": "8", "Channel": "Microsoft-Windows-Diagnosis-Scheduled/Operational", "Provider_Name": "Microsoft-Windows-Diagnosis-Scheduled", "Computer": "DESKTOP-OFJ6N53", "TimeCreated": "2022-08-07 09:05:04.492241+00:00", "RecordID": "166", "Level": "4", "UserID": "S-1-5-21-963789628-1060504924-4285088085-1001", "EventData.PackageID": "MaintenanceDiagnostic", "EventData.RootCauseCount": "2"}
{"EventID": "100", "Channel": "Microsoft-Windows-Diagnosis-Scheduled/Operational", "Provider_Name": "Microsoft-Windows-Diagnosis-Scheduled", "Computer": "DESKTOP-OFJ6N53", "TimeCreated": "2022-08-07 09:05:04.492250+00:00", "RecordID": "167", "Level": "1", "UserID": "S-1-5-21-963789628-1060504924-4285088085-1001", "EventData.hc_stateid": "0"}
{"EventID": "3", "Channel": "Microsoft-Windows-Diagnosis-Scheduled/Operational", "Provider_Name": "Microsoft-Windows-Diagnosis-Scheduled", "Computer": "DESKTOP-OFJ6N53", "TimeCreated": "2022-08-07 09:05:04.497746+00:00", "RecordID": "168", "Level": "4", "UserID": "S-1-5-21-963789628-1060504924-4285088085-1001"}
{"EventID": "2", "Channel": "Microsoft-Windows-Diagnosis-Scheduled/Operational", "Provider_Name": "Microsoft-Windows-Diagnosis-Scheduled", "Computer": "DESKTOP-OFJ6N53", "TimeCreated": "2022-08-14 09:09:16.527643+00:00", "RecordID": "169", "Level": "4", "UserID": "S-1-5-21-963789628-1060504924-4285088085-1001"}
{"EventID": "5", "Channel": "Microsoft-Windows-Diagnosis-Scheduled/Operational", "Provider_Name": "Microsoft-Windows-Diagnosis-Scheduled", "Computer": "DESKTOP-OFJ6N53", "TimeCreated": "2022-08-14 09:09:16.571138+00:00", "RecordID": "170", "Level": "4", "UserID": "S-1-5-21-963789628-1060504924-4285088085-1001", "EventData.PackagePath": "C:\\Windows\\diagnostics\\scheduled\\Maintenance"}
{"EventID": "6", "Channel": "Microsoft-Windows-Diagnosis-Scheduled/Operational", "Provider_Name": "Microsoft-Windows-Diagnosis-Scheduled", "Computer": "DESKTOP-OFJ6N53", "TimeCreated": "2022-08-14 09:09:18.130594+00:00", "RecordID": "171", "Level": "4", "UserID": "S-1-5-21-963789628-1060504924-4285088085-1001", "EventData.PackageID": "MaintenanceDiagnostic"}
{"EventID": "7", "Channel": "Microsoft-Windows-Diagnosis-Scheduled/Operational", "Provider_Name": "Microsoft-Windows-Diagnosis-Scheduled", "Computer": "DESKTOP-OFJ6N53", "TimeCreated": "2022-08-14 09:09:18.130600+00:00", "RecordID": "172", "Level": "4", "UserID": "S-1-5-21-963789628-1060504924-4285088085-1001", "EventData.PackageID": "MaintenanceDiagnostic"}
{"EventID": "8", "Channel": "Microsoft-Windows-Diagnosis-Scheduled/Operational", "Provider_Name": "Microsoft-Windows-Diagnosis-Scheduled", "Computer": "DESKTOP-OFJ6N53", "TimeCreated": "2022-08-14 09:09:35.109781+00:00", "RecordID": "173", "Level": "4", "UserID": "S-1-5-21-963789628-1060504924-4285088085-1001", "EventData.PackageID": "MaintenanceDiagnostic", "EventData.RootCauseCount": "2"}
{"EventID": "100", "Channel": "Microsoft-Windows-Diagnosis-Scheduled/Operational", "Provider_Name": "Microsoft-Windows-Diagnosis-Scheduled", "Computer": "DESKTOP-OFJ6N53", "TimeCreated": "2022-08-14 09:09:35.109789+00:00", "RecordID": "174", "Level": "1", "UserID": "S-1-5-21-963789628-1060504924-4285088085-1001", "EventData.hc_stateid": "0"}
{"EventID": "3", "Channel": "Microsoft-Windows-Diagnosis-Scheduled/Operational", "Provider_Name": "Microsoft-Windows-Diagnosis-Scheduled", "Computer": "DESKTOP-OFJ6N53", "TimeCreated": "2022-08-14 09:09:35.116636+00:00", "RecordID": "175", "Level": "4", "UserID": "S-1-5-21-963789628-1060504924-4285088085-1001"}
{"EventID": "2", "Channel": "Microsoft-Windows-Diagnosis-Scheduled/Operational", "Provider_Name": "Microsoft-Windows-Diagnosis-Scheduled", "Computer": "DESKTOP-OFJ6N53", "TimeCreated": "2022-08-21 09:10:01.137417+00:00", "RecordID": "176", "Level": "4", "UserID": "S-1-5-21-963789628-1060504924-4285088085-1001"}
{"EventID": "5", "Channel": "Microsoft-Windows-Diagnosis-Scheduled/Operational", "Provider_Name": "Microsoft-Windows-Diagnosis-Scheduled", "Computer": "DESKTOP-OFJ6N53", "TimeCreated": "2022-08-21 09:10:01.137669+00:00", "RecordID": "177", "Level": "4", "UserID": "S-1-5-21-963789628-1060504924-4285088085-1001", "EventData.PackagePath": "C:\\Windows\\diagnostics\\scheduled\\Maintenance"}
{"EventID": "6", "Channel": "Microsoft-Windows-Diagnosis-Scheduled/Operational", "Provider_Name": "Microsoft-Windows-Diagnosis-Scheduled", "Computer": "DESKTOP-OFJ6N53", "TimeCreated": "2022-08-21 09:10:01.308111+00:00", "RecordID": "178", "Level": "4", "UserID": "S-1-5-21-963789628-1060504924-4285088085-1001", "EventData.PackageID": "MaintenanceDiagnostic"}
{"EventID": "7", "Channel": "Microsoft-Windows-Diagnosis-Scheduled/Operational", "Provider_Name": "Microsoft-Windows-Diagnosis-Scheduled", "Computer": "DESKTOP-OFJ6N53", "TimeCreated": "2022-08-21 09:10:01.308115+00:00", "RecordID": "179", "Level": "4", "UserID": "S-1-5-21-963789628-1060504924-4285088085-1001", "EventData.PackageID": "MaintenanceDiagnostic"}
{"EventID": "8", "Channel": "Microsoft-Windows-Diagnosis-Scheduled/Operational", "Provider_Name": "Microsoft-Windows-Diagnosis-Scheduled", "Computer": "DESKTOP-OFJ6N53", "TimeCreated": "2022-08-21 09:10:02.759449+00:00", "RecordID": "180", "Level": "4", "UserID": "S-1-5-21-963789628-1060504924-4285088085-1001", "EventData.PackageID": "MaintenanceDiagnostic", "EventData.RootCauseCount": "2"}
{"EventID": "100", "Channel": "Microsoft-Windows-Diagnosis-Scheduled/Operational", "Provider_Name": "Microsoft-Windows-Diagnosis-Scheduled", "Computer": "DESKTOP-OFJ6N53", "TimeCreated": "2022-08-21 09:10:02.759455+00:00", "RecordID": "181", "Level": "1", "UserID": "S-1-5-21-963789628-1060504924-4285088085-1001", "EventData.hc_stateid": "0"}
{"EventID": "3", "Channel": "Microsoft-Windows-Diagnosis-Scheduled/Operational", "Provider_Name": "Microsoft-Windows-Diagnosis-Scheduled", "Computer": "DESKTOP-OFJ6N53", "TimeCreated": "2022-08-21 09:10:02.764206+00:00", "RecordID": "182", "Level": "4", "UserID": "S-1-5-21-963789628-1060504924-4285088085-1001"}
{"EventID": "2", "Channel": "Microsoft-Windows-Diagnosis-Scheduled/Operational", "Provider_Name": "Microsoft-Windows-Diagnosis-Scheduled", "Computer": "DESKTOP-OFJ6N53", "TimeCreated": "2022-08-28 09:09:23.452429+00:00", "RecordID": "183", "Level": "4", "UserID": "S-1-5-21-963789628-1060504924-4285088085-1001"}
{"EventID": "5", "Channel": "Microsoft-Windows-Diagnosis-Scheduled/Operational", "Provider_Name": "Microsoft-Windows-Diagnosis-Scheduled", "Computer": "DESKTOP-OFJ6N53", "TimeCreated": "2022-08-28 09:09:23.459337+00:00", "RecordID": "184", "Level": "4", "UserID": "S-1-5-21-963789628-1060504924-4285088085-1001", "EventData.PackagePath": "C:\\Windows\\diagnostics\\scheduled\\Maintenance"}
{"EventID": "6", "Channel": "Microsoft-Windows-Diagnosis-Scheduled/Operational", "Provider_Name": "Microsoft-Windows-Diagnosis-Scheduled", "Computer": "DESKTOP-OFJ6N53", "TimeCreated": "2022-08-28 09:09:25.298288+00:00", "RecordID": "185", "Level": "4", "UserID": "S-1-5-21-963789628-1060504924-4285088085-1001", "EventData.PackageID": "MaintenanceDiagnostic"}
{"EventID": "7", "Channel": "Microsoft-Windows-Diagnosis-Scheduled/Operational", "Provider_Name": "Microsoft-Windows-Diagnosis-Scheduled", "Computer": "DESKTOP-OFJ6N53", "TimeCreated": "2022-08-28 09:09:25.298290+00:00", "RecordID": "186", "Level": "4", "UserID": "S-1-5-21-963789628-1060504924-4285088085-1001", "EventData.PackageID": "MaintenanceDiagnostic"}
{"EventID": "8", "Channel": "Microsoft-Windows-Diagnosis-Scheduled/Operational", "Provider_Name": "Microsoft-Windows-Diagnosis-Scheduled", "Computer": "DESKTOP-OFJ6N53", "TimeCreated": "2022-08-28 09:09:43.432074+00:00", "RecordID": "187", "Level": "4", "UserID": "S-1-5-21-963789628-1060504924-4285088085-1001", "EventData.PackageID": "MaintenanceDiagnostic", "EventData.RootCauseCount": "2"}
{"EventID": "100", "Channel": "Microsoft-Windows-Diagnosis-Scheduled/Operational", "Provider_Name": "Microsoft-Windows-Diagnosis-Scheduled", "Computer": "DESKTOP-OFJ6N53", "TimeCreated": "2022-08-28 09:09:43.432079+00:00", "RecordID": "188", "Level": "1", "UserID": "S-1-5-21-963789628-1060504924-4285088085-1001", "EventData.hc_stateid": "0"}
{"EventID": "3", "Channel": "Microsoft-Windows-Diagnosis-Scheduled/Operational", "Provider_Name": "Microsoft-Windows-Diagnosis-Scheduled", "Computer": "DESKTOP-OFJ6N53", "TimeCreated": "2022-08-28 09:09:43.437029+00:00", "RecordID": "189", "Level": "4", "UserID": "S-1-5-21-963789628-1060504924-4285088085-1001"}
{"EventID": "2", "Channel": "Microsoft-Windows-Diagnosis-Scheduled/Operational", "Provider_Name": "Microsoft-Windows-Diagnosis-Scheduled", "Computer": "DESKTOP-OFJ6N53", "TimeCreated": "2022-09-04 09:09:50.269230+00:00", "RecordID": "190", "Level": "4", "UserID": "S-1-5-21-963789628-1060504924-4285088085-1001"}
{"EventID": "5", "Channel": "Microsoft-Windows-Diagnosis-Scheduled/Operational", "Provider_Name": "Microsoft-Windows-Diagnosis-Scheduled", "Computer": "DESKTOP-OFJ6N53", "TimeCreated": "2022-09-04 09:09:50.270611+00:00", "RecordID": "191", "Level": "4", "UserID": "S-1-5-21-963789628-1060504924-4285088085-1001", "EventData.PackagePath": "C:\\Windows\\diagnostics\\scheduled\\Maintenance"}
{"EventID": "6", "Channel": "Microsoft-Windows-Diagnosis-Scheduled/Operational", "Provider_Name": "Microsoft-Windows-Diagnosis-Scheduled", "Computer": "DESKTOP-OFJ6N53", "TimeCreated": "2022-09-04 09:09:51.538307+00:00", "RecordID": "192", "Level": "4", "UserID": "S-1-5-21-963789628-1060504924-4285088085-1001", "EventData.PackageID": "MaintenanceDiagnostic"}
{"EventID": "7", "Channel": "Microsoft-Windows-Diagnosis-Scheduled/Operational", "Provider_Name": "Microsoft-Windows-Diagnosis-Scheduled", "Computer": "DESKTOP-OFJ6N53", "TimeCreated": "2022-09-04 09:09:51.538311+00:00", "RecordID": "193", "Level": "4", "UserID": "S-1-5-21-963789628-1060504924-4285088085-1001", "EventData.PackageID": "MaintenanceDiagnostic"}
{"EventID": "8", "Channel": "Microsoft-Windows-Diagnosis-Scheduled/Operational", "Provider_Name": "Microsoft-Windows-Diagnosis-Scheduled", "Computer": "DESKTOP-OFJ6N53", "TimeCreated": "2022-09-04 09:09:57.798019+00:00", "RecordID": "194", "Level": "4", "UserID": "S-1-5-21-963789628-1060504924-4285088085-1001", "EventData.PackageID": "MaintenanceDiagnostic", "EventData.RootCauseCount": "2"}
{"EventID": "100", "Channel": "Microsoft-Windows-Diagnosis-Scheduled/Operational", "Provider_Name": "Microsoft-Windows-Diagnosis-Scheduled", "Computer": "DESKTOP-OFJ6N53", "TimeCreated": "2022-09-04 09:09:57.798025+00:00", "RecordID": "195", "Level": "1", "UserID": "S-1-5-21-963789628-1060504924-4285088085-1001", "EventData.hc_stateid": "0"}
{"EventID": "3", "Channel": "Microsoft-Windows-Diagnosis-Scheduled/Operational", "Provider_Name": "Microsoft-Windows-Diagnosis-Scheduled", "Computer": "DESKTOP-OFJ6N53", "TimeCreated": "2022-09-04 09:09:57.802944+00:00", "RecordID": "196", "Level": "4", "UserID": "S-1-5-21-963789628-1060504924-4285088085-1001"}
{"EventID": "2", "Channel": "Microsoft-Windows-Diagnosis-Scheduled/Operational", "Provider_Name": "Microsoft-Windows-Diagnosis-Scheduled", "Computer": "DESKTOP-OFJ6N53", "TimeCreated": "2022-09-11 09:01:49.824697+00:00", "RecordID": "197", "Level": "4", "UserID": "S-1-5-21-963789628-1060504924-4285088085-1001"}
{"EventID": "5", "Channel": "Microsoft-Windows-Diagnosis-Scheduled/Operational", "Provider_Name": "Microsoft-Windows-Diagnosis-Scheduled", "Computer": "DESKTOP-OFJ6N53", "TimeCreated": "2022-09-11 09:01:49.829012+00:00", "RecordID": "198", "Level": "4", "UserID": "S-1-5-21-963789628-1060504924-4285088085-1001", "EventData.PackagePath": "C:\\Windows\\diagnostics\\scheduled\\Maintenance"}
{"EventID": "6", "Channel": "Microsoft-Windows-Diagnosis-Scheduled/Operational", "Provider_Name": "Microsoft-Windows-Diagnosis-Scheduled", "Computer": "DESKTOP-OFJ6N53", "TimeCreated": "2022-09-11 09:01:50.545311+00:00", "RecordID": "199", "Level": "4", "UserID": "S-1-5-21-963789628-1060504924-4285088085-1001", "EventData.PackageID": "MaintenanceDiagnostic"}
{"EventID": "7", "Channel": "Microsoft-Windows-Diagnosis-Scheduled/Operational", "Provider_Name": "Microsoft-Windows-Diagnosis-Scheduled", "Computer": "DESKTOP-OFJ6N53", "TimeCreated": "2022-09-11 09:01:50.545315+00:00", "RecordID": "200", "Level": "4", "UserID": "S-1-5-21-963789628-1060504924-4285088085-1001", "EventData.PackageID": "MaintenanceDiagnostic"}
{"EventID": "8", "Channel": "Microsoft-Windows-Diagnosis-Scheduled/Operational", "Provider_Name": "Microsoft-Windows-Diagnosis-Scheduled", "Computer": "DESKTOP-OFJ6N53", "TimeCreated": "2022-09-11 09:02:09.975294+00:00", "RecordID": "201", "Level": "4", "UserID": "S-1-5-21-963789628-1060504924-4285088085-1001", "EventData.PackageID": "MaintenanceDiagnostic", "EventData.RootCauseCount": "2"}
{"EventID": "100", "Channel": "Microsoft-Windows-Diagnosis-Scheduled/Operational", "Provider_Name": "Microsoft-Windows-Diagnosis-Scheduled", "Computer": "DESKTOP-OFJ6N53", "TimeCreated": "2022-09-11 09:02:09.975300+00:00", "RecordID": "202", "Level": "1", "UserID": "S-1-5-21-963789628-1060504924-4285088085-1001", "EventData.hc_stateid": "0"}
{"EventID": "3", "Channel": "Microsoft-Windows-Diagnosis-Scheduled/Operational", "Provider_Name": "Microsoft-Windows-Diagnosis-Scheduled", "Computer": "DESKTOP-OFJ6N53", "TimeCreated": "2022-09-11 09:02:09.979290+00:00", "RecordID": "203", "Level": "4", "UserID": "S-1-5-21-963789628-1060504924-4285088085-1001"}
{"EventID": "2", "Channel": "Microsoft-Windows-Diagnosis-Scheduled/Operational", "Provider_Name": "Microsoft-Windows-Diagnosis-Scheduled", "Computer": "DESKTOP-OFJ6N53", "TimeCreated": "2022-09-18 09:17:35.079290+00:00", "RecordID": "204", "Level": "4", "UserID": "S-1-5-21-963789628-1060504924-4285088085-1001"}
{"EventID": "5", "Channel": "Microsoft-Windows-Diagnosis-Scheduled/Operational", "Provider_Name": "Microsoft-Windows-Diagnosis-Scheduled", "Computer": "DESKTOP-OFJ6N53", "TimeCreated": "2022-09-18 09:17:35.083220+00:00", "RecordID": "205", "Level": "4", "UserID": "S-1-5-21-963789628-1060504924-4285088085-1001", "EventData.PackagePath": "C:\\Windows\\diagnostics\\scheduled\\Maintenance"}
{"EventID": "6", "Channel": "Microsoft-Windows-Diagnosis-Scheduled/Operational", "Provider_Name": "Microsoft-Windows-Diagnosis-Scheduled", "Computer": "DESKTOP-OFJ6N53", "TimeCreated": "2022-09-18 09:17:36.030584+00:00", "RecordID": "206", "Level": "4", "UserID": "S-1-5-21-963789628-1060504924-4285088085-1001", "EventData.PackageID": "MaintenanceDiagnostic"}
{"EventID": "7", "Channel": "Microsoft-Windows-Diagnosis-Scheduled/Operational", "Provider_Name": "Microsoft-Windows-Diagnosis-Scheduled", "Computer": "DESKTOP-OFJ6N53", "TimeCreated": "2022-09-18 09:17:36.030586+00:00", "RecordID": "207", "Level": "4", "UserID": "S-1-5-21-963789628-1060504924-4285088085-1001", "EventData.PackageID": "MaintenanceDiagnostic"}
{"EventID": "8", "Channel": "Microsoft-Windows-Diagnosis-Scheduled/Operational", "Provider_Name": "Microsoft-Windows-Diagnosis-Scheduled", "Computer": "DESKTOP-OFJ6N53", "TimeCreated": "2022-09-18 09:17:45.670259+00:00", "RecordID": "208", "Level": "4", "UserID": "S-1-5-21-963789628-1060504924-4285088085-1001", "EventData.PackageID": "MaintenanceDiagnostic", "EventData.RootCauseCount": "2"}
{"EventID": "100", "Channel": "Microsoft-Windows-Diagnosis-Scheduled/Operational", "Provider_Name": "Microsoft-Windows-Diagnosis-Scheduled", "Computer": "DESKTOP-OFJ6N53", "TimeCreated": "2022-09-18 09:17:45.670269+00:00", "RecordID": "209", "Level": "1", "UserID": "S-1-5-21-963789628-1060504924-4285088085-1001", "EventData.hc_stateid": "0"}
{"EventID": "3", "Channel": "Microsoft-Windows-Diagnosis-Scheduled/Operational", "Provider_Name": "Microsoft-Windows-Diagnosis-Scheduled", "Computer": "DESKTOP-OFJ6N53", "TimeCreated": "2022-09-18 09:17:45.676119+00:00", "RecordID": "210", "Level": "4", "UserID": "S-1-5-21-963789628-1060504924-4285088085-1001"}
{"EventID": "2", "Channel": "Microsoft-Windows-Diagnosis-Scheduled/Operational", "Provider_Name": "Microsoft-Windows-Diagnosis-Scheduled", "Computer": "DESKTOP-OFJ6N53", "TimeCreated": "2022-09-25 08:40:35.608191+00:00", "RecordID": "211", "Level": "4", "UserID": "S-1-5-21-963789628-1060504924-4285088085-1001"}
{"EventID": "5", "Channel": "Microsoft-Windows-Diagnosis-Scheduled/Operational", "Provider_Name": "Microsoft-Windows-Diagnosis-Scheduled", "Computer": "DESKTOP-OFJ6N53", "TimeCreated": "2022-09-25 08:40:35.611425+00:00", "RecordID": "212", "Level": "4", "UserID": "S-1-5-21-963789628-1060504924-4285088085-1001", "EventData.PackagePath": "C:\\Windows\\diagnostics\\scheduled\\Maintenance"}
{"EventID": "6", "Channel": "Microsoft-Windows-Diagnosis-Scheduled/Operational", "Provider_Name": "Microsoft-Windows-Diagnosis-Scheduled", "Computer": "DESKTOP-OFJ6N53", "TimeCreated": "2022-09-25 08:40:36.186937+00:00", "RecordID": "213", "Level": "4", "UserID": "S-1-5-21-963789628-1060504924-4285088085-1001", "EventData.PackageID": "MaintenanceDiagnostic"}
{"EventID": "7", "Channel": "Microsoft-Windows-Diagnosis-Scheduled/Operational", "Provider_Name": "Microsoft-Windows-Diagnosis-Scheduled", "Computer": "DESKTOP-OFJ6N53", "TimeCreated": "2022-09-25 08:40:36.186941+00:00", "RecordID": "214", "Level": "4", "UserID": "S-1-5-21-963789628-1060504924-4285088085-1001", "EventData.PackageID": "MaintenanceDiagnostic"}
{"EventID": "8", "Channel": "Microsoft-Windows-Diagnosis-Scheduled/Operational", "Provider_Name": "Microsoft-Windows-Diagnosis-Scheduled", "Computer": "DESKTOP-OFJ6N53", "TimeCreated": "2022-09-25 08:40:43.736856+00:00", "RecordID": "215", "Level": "4", "UserID": "S-1-5-21-963789628-1060504924-4285088085-1001", "EventData.PackageID": "MaintenanceDiagnostic", "EventData.RootCauseCount": "2"}
{"EventID": "100", "Channel": "Microsoft-Windows-Diagnosis-Scheduled/Operational", "Provider_Name": "Microsoft-Windows-Diagnosis-Scheduled", "Computer": "DESKTOP-OFJ6N53", "TimeCreated": "2022-09-25 08:40:43.736864+00:00", "RecordID": "216", "Level": "1", "UserID": "S-1-5-21-963789628-1060504924-4285088085-1001", "EventData.hc_stateid": "0"}
{"EventID": "3", "Channel": "Microsoft-Windows-Diagnosis-Scheduled/Operational", "Provider_Name": "Microsoft-Windows-Diagnosis-Scheduled", "Computer": "DESKTOP-OFJ6N53", "TimeCreated": "2022-09-25 08:40:43.741453+00:00", "RecordID": "217", "Level": "4", "UserID": "S-1-5-21-963789628-1060504924-4285088085-1001"}
{"EventID": "2", "Channel": "Microsoft-Windows-Diagnosis-Scheduled/Operational", "Provider_Name": "Microsoft-Windows-Diagnosis-Scheduled", "Computer": "DESKTOP-OFJ6N53", "TimeCreated": "2022-10-02 09:32:44.932194+00:00", "RecordID": "218", "Level": "4", "UserID": "S-1-5-21-963789628-1060504924-4285088085-1001"}
{"EventID": "5", "Channel": "Microsoft-Windows-Diagnosis-Scheduled/Operational", "Provider_Name": "Microsoft-Windows-Diagnosis-Scheduled", "Computer": "DESKTOP-OFJ6N53", "TimeCreated": "2022-10-02 09:32:44.933298+00:00", "RecordID": "219", "Level": "4", "UserID": "S-1-5-21-963789628-1060504924-4285088085-1001", "EventData.PackagePath": "C:\\Windows\\diagnostics\\scheduled\\Maintenance"}
{"EventID": "6", "Channel": "Microsoft-Windows-Diagnosis-Scheduled/Operational", "Provider_Name": "Microsoft-Windows-Diagnosis-Scheduled", "Computer": "DESKTOP-OFJ6N53", "TimeCreated": "2022-10-02 09:32:46.167587+00:00", "RecordID": "220", "Level": "4", "UserID": "S-1-5-21-963789628-1060504924-4285088085-1001", "EventData.PackageID": "MaintenanceDiagnostic"}
{"EventID": "7", "Channel": "Microsoft-Windows-Diagnosis-Scheduled/Operational", "Provider_Name": "Microsoft-Windows-Diagnosis-Scheduled", "Computer": "DESKTOP-OFJ6N53", "TimeCreated": "2022-10-02 09:32:46.167589+00:00", "RecordID": "221", "Level": "4", "UserID": "S-1-5-21-963789628-1060504924-4285088085-1001", "EventData.PackageID": "MaintenanceDiagnostic"}
{"EventID": "8", "Channel": "Microsoft-Windows-Diagnosis-Scheduled/Operational", "Provider_Name": "Microsoft-Windows-Diagnosis-Scheduled", "Computer": "DESKTOP-OFJ6N53", "TimeCreated": "2022-10-02 09:33:03.046995+00:00", "RecordID": "222", "Level": "4", "UserID": "S-1-5-21-963789628-1060504924-4285088085-1001", "EventData.PackageID": "MaintenanceDiagnostic", "EventData.RootCauseCount": "2"}
{"EventID": "100", "Channel": "Microsoft-Windows-Diagnosis-Scheduled/Operational", "Provider_Name": "Microsoft-Windows-Diagnosis-Scheduled", "Computer": "DESKTOP-OFJ6N53", "TimeCreated": "2022-10-02 09:33:03.047001+00:00", "RecordID": "223", "Level": "1", "UserID": "S-1-5-21-963789628-1060504924-4285088085-1001", "EventData.hc_stateid": "0"}
{"EventID": "3", "Channel": "Microsoft-Windows-Diagnosis-Scheduled/Operational", "Provider_Name": "Microsoft-Windows-Diagnosis-Scheduled", "Computer": "DESKTOP-OFJ6N53", "TimeCreated": "2022-10-02 09:33:03.141783+00:00", "RecordID": "224", "Level": "4", "UserID": "S-1-5-21-963789628-1060504924-4285088085-1001"}
{"EventID": "2", "Channel": "Microsoft-Windows-Diagnosis-Scheduled/Operational", "Provider_Name": "Microsoft-Windows-Diagnosis-Scheduled", "Computer": "DESKTOP-OFJ6N53", "TimeCreated": "2022-10-09 09:16:07.037416+00:00", "RecordID": "225", "Level": "4", "UserID": "S-1-5-21-963789628-1060504924-4285088085-1001"}
{"EventID": "5", "Channel": "Microsoft-Windows-Diagnosis-Scheduled/Operational", "Provider_Name": "Microsoft-Windows-Diagnosis-Scheduled", "Computer": "DESKTOP-OFJ6N53", "TimeCreated": "2022-10-09 09:16:07.042793+00:00", "RecordID": "226", "Level": "4", "UserID": "S-1-5-21-963789628-1060504924-4285088085-1001", "EventData.PackagePath": "C:\\Windows\\diagnostics\\scheduled\\Maintenance"}
{"EventID": "6", "Channel": "Microsoft-Windows-Diagnosis-Scheduled/Operational", "Provider_Name": "Microsoft-Windows-Diagnosis-Scheduled", "Computer": "DESKTOP-OFJ6N53", "TimeCreated": "2022-10-09 09:16:08.191761+00:00", "RecordID": "227", "Level": "4", "UserID": "S-1-5-21-963789628-1060504924-4285088085-1001", "EventData.PackageID": "MaintenanceDiagnostic"}
{"EventID": "7", "Channel": "Microsoft-Windows-Diagnosis-Scheduled/Operational", "Provider_Name": "Microsoft-Windows-Diagnosis-Scheduled", "Computer": "DESKTOP-OFJ6N53", "TimeCreated": "2022-10-09 09:16:08.191767+00:00", "RecordID": "228", "Level": "4", "UserID": "S-1-5-21-963789628-1060504924-4285088085-1001", "EventData.PackageID": "MaintenanceDiagnostic"}
{"EventID": "8", "Channel": "Microsoft-Windows-Diagnosis-Scheduled/Operational", "Provider_Name": "Microsoft-Windows-Diagnosis-Scheduled", "Computer": "DESKTOP-OFJ6N53", "TimeCreated": "2022-10-09 09:16:23.167995+00:00", "RecordID": "229", "Level": "4", "UserID": "S-1-5-21-963789628-1060504924-4285088085-1001", "EventData.PackageID": "MaintenanceDiagnostic", "EventData.RootCauseCount": "2"}
{"EventID": "100", "Channel": "Microsoft-Windows-Diagnosis-Scheduled/Operational", "Provider_Name": "Microsoft-Windows-Diagnosis-Scheduled", "Computer": "DESKTOP-OFJ6N53", "TimeCreated": "2022-10-09 09:16:23.168001+00:00", "RecordID": "230", "Level": "1", "UserID": "S-1-5-21-963789628-1060504924-4285088085-1001", "EventData.hc_stateid": "0"}
{"EventID": "3", "Channel": "Microsoft-Windows-Diagnosis-Scheduled/Operational", "Provider_Name": "Microsoft-Windows-Diagnosis-Scheduled", "Computer": "DESKTOP-OFJ6N53", "TimeCreated": "2022-10-09 09:16:23.173107+00:00", "RecordID": "231", "Level": "4", "UserID": "S-1-5-21-963789628-1060504924-4285088085-1001"}
{"EventID": "2", "Channel": "Microsoft-Windows-Diagnosis-Scheduled/Operational", "Provider_Name": "Microsoft-Windows-Diagnosis-Scheduled", "Computer": "DESKTOP-OFJ6N53", "TimeCreated": "2022-10-16 08:43:37.483051+00:00", "RecordID": "232", "Level": "4", "UserID": "S-1-5-21-963789628-1060504924-4285088085-1001"}
{"EventID": "5", "Channel": "Microsoft-Windows-Diagnosis-Scheduled/Operational", "Provider_Name": "Microsoft-Windows-Diagnosis-Scheduled", "Computer": "DESKTOP-OFJ6N53", "TimeCreated": "2022-10-16 08:43:37.483688+00:00", "RecordID": "233", "Level": "4", "UserID": "S-1-5-21-963789628-1060504924-4285088085-1001", "EventData.PackagePath": "C:\\Windows\\diagnostics\\scheduled\\Maintenance"}
{"EventID": "6", "Channel": "Microsoft-Windows-Diagnosis-Scheduled/Operational", "Provider_Name": "Microsoft-Windows-Diagnosis-Scheduled", "Computer": "DESKTOP-OFJ6N53", "TimeCreated": "2022-10-16 08:43:38.025679+00:00", "RecordID": "234", "Level": "4", "UserID": "S-1-5-21-963789628-1060504924-4285088085-1001", "EventData.PackageID": "MaintenanceDiagnostic"}
{"EventID": "7", "Channel": "Microsoft-Windows-Diagnosis-Scheduled/Operational", "Provider_Name": "Microsoft-Windows-Diagnosis-Scheduled", "Computer": "DESKTOP-OFJ6N53", "TimeCreated": "2022-10-16 08:43:38.025681+00:00", "RecordID": "235", "Level": "4", "UserID": "S-1-5-21-963789628-1060504924-4285088085-1001", "EventData.PackageID": "MaintenanceDiagnostic"}
{"EventID": "8", "Channel": "Microsoft-Windows-Diagnosis-Scheduled/Operational", "Provider_Name": "Microsoft-Windows-Diagnosis-Scheduled", "Computer": "DESKTOP-OFJ6N53", "TimeCreated": "2022-10-16 08:43:48.695490+00:00", "RecordID": "236", "Level": "4", "UserID": "S-1-5-21-963789628-1060504924-4285088085-1001", "EventData.PackageID": "MaintenanceDiagnostic", "EventData.RootCauseCount": "2"}
{"EventID": "100", "Channel": "Microsoft-Windows-Diagnosis-Scheduled/Operational", "Provider_Name": "Microsoft-Windows-Diagnosis-Scheduled", "Computer": "DESKTOP-OFJ6N53", "TimeCreated": "2022-10-16 08:43:48.695494+00:00", "RecordID": "237", "Level": "1", "UserID": "S-1-5-21-963789628-1060504924-4285088085-1001", "EventData.hc_stateid": "0"}
{"EventID": "3", "Channel": "Microsoft-Windows-Diagnosis-Scheduled/Operational", "Provider_Name": "Microsoft-Windows-Diagnosis-Scheduled", "Computer": "DESKTOP-OFJ6N53", "TimeCreated": "2022-10-16 08:43:48.700010+00:00", "RecordID": "238", "Level": "4", "UserID": "S-1-5-21-963789628-1060504924-4285088085-1001"}
{"EventID": "2", "Channel": "Microsoft-Windows-Diagnosis-Scheduled/Operational", "Provider_Name": "Microsoft-Windows-Diagnosis-Scheduled", "Computer": "DESKTOP-OFJ6N53", "TimeCreated": "2022-10-23 09:48:21.017960+00:00", "RecordID": "239", "Level": "4", "UserID": "S-1-5-21-963789628-1060504924-4285088085-1001"}
{"EventID": "5", "Channel": "Microsoft-Windows-Diagnosis-Scheduled/Operational", "Provider_Name": "Microsoft-Windows-Diagnosis-Scheduled", "Computer": "DESKTOP-OFJ6N53", "TimeCreated": "2022-10-23 09:48:21.022013+00:00", "RecordID": "240", "Level": "4", "UserID": "S-1-5-21-963789628-1060504924-4285088085-1001", "EventData.PackagePath": "C:\\Windows\\diagnostics\\scheduled\\Maintenance"}
{"EventID": "6", "Channel": "Microsoft-Windows-Diagnosis-Scheduled/Operational", "Provider_Name": "Microsoft-Windows-Diagnosis-Scheduled", "Computer": "DESKTOP-OFJ6N53", "TimeCreated": "2022-10-23 09:48:21.571022+00:00", "RecordID": "241", "Level": "4", "UserID": "S-1-5-21-963789628-1060504924-4285088085-1001", "EventData.PackageID": "MaintenanceDiagnostic"}
{"EventID": "7", "Channel": "Microsoft-Windows-Diagnosis-Scheduled/Operational", "Provider_Name": "Microsoft-Windows-Diagnosis-Scheduled", "Computer": "DESKTOP-OFJ6N53", "TimeCreated": "2022-10-23 09:48:21.571026+00:00", "RecordID": "242", "Level": "4", "UserID": "S-1-5-21-963789628-1060504924-4285088085-1001", "EventData.PackageID": "MaintenanceDiagnostic"}
{"EventID": "8", "Channel": "Microsoft-Windows-Diagnosis-Scheduled/Operational", "Provider_Name": "Microsoft-Windows-Diagnosis-Scheduled", "Computer": "DESKTOP-OFJ6N53", "TimeCreated": "2022-10-23 09:48:31.335560+00:00", "RecordID": "243", "Level": "4", "UserID": "S-1-5-21-963789628-1060504924-4285088085-1001", "EventData.PackageID": "MaintenanceDiagnostic", "EventData.RootCauseCount": "2"}
{"EventID": "100", "Channel": "Microsoft-Windows-Diagnosis-Scheduled/Operational", "Provider_Name": "Microsoft-Windows-Diagnosis-Scheduled", "Computer": "DESKTOP-OFJ6N53", "TimeCreated": "2022-10-23 09:48:31.335566+00:00", "RecordID": "244", "Level": "1", "UserID": "S-1-5-21-963789628-1060504924-4285088085-1001", "EventData.hc_stateid": "0"}
{"EventID": "3", "Channel": "Microsoft-Windows-Diagnosis-Scheduled/Operational", "Provider_Name": "Microsoft-Windows-Diagnosis-Scheduled", "Computer": "DESKTOP-OFJ6N53", "TimeCreated": "2022-10-23 09:48:31.357327+00:00", "RecordID": "245", "Level": "4", "UserID": "S-1-5-21-963789628-1060504924-4285088085-1001"}
{"EventID": "2", "Channel": "Microsoft-Windows-Diagnosis-Scheduled/Operational", "Provider_Name": "Microsoft-Windows-Diagnosis-Scheduled", "Computer": "DESKTOP-OFJ6N53", "TimeCreated": "2022-10-30 09:48:54.079872+00:00", "RecordID": "246", "Level": "4", "UserID": "S-1-5-21-963789628-1060504924-4285088085-1001"}
{"EventID": "5", "Channel": "Microsoft-Windows-Diagnosis-Scheduled/Operational", "Provider_Name": "Microsoft-Windows-Diagnosis-Scheduled", "Computer": "DESKTOP-OFJ6N53", "TimeCreated": "2022-10-30 09:48:54.091305+00:00", "RecordID": "247", "Level": "4", "UserID": "S-1-5-21-963789628-1060504924-4285088085-1001", "EventData.PackagePath": "C:\\Windows\\diagnostics\\scheduled\\Maintenance"}
{"EventID": "6", "Channel": "Microsoft-Windows-Diagnosis-Scheduled/Operational", "Provider_Name": "Microsoft-Windows-Diagnosis-Scheduled", "Computer": "DESKTOP-OFJ6N53", "TimeCreated": "2022-10-30 09:48:55.542158+00:00", "RecordID": "248", "Level": "4", "UserID": "S-1-5-21-963789628-1060504924-4285088085-1001", "EventData.PackageID": "MaintenanceDiagnostic"}
{"EventID": "7", "Channel": "Microsoft-Windows-Diagnosis-Scheduled/Operational", "Provider_Name": "Microsoft-Windows-Diagnosis-Scheduled", "Computer": "DESKTOP-OFJ6N53", "TimeCreated": "2022-10-30 09:48:55.542162+00:00", "RecordID": "249", "Level": "4", "UserID": "S-1-5-21-963789628-1060504924-4285088085-1001", "EventData.PackageID": "MaintenanceDiagnostic"}
{"EventID": "8", "Channel": "Microsoft-Windows-Diagnosis-Scheduled/Operational", "Provider_Name": "Microsoft-Windows-Diagnosis-Scheduled", "Computer": "DESKTOP-OFJ6N53", "TimeCreated": "2022-10-30 09:49:09.981934+00:00", "RecordID": "250", "Level": "4", "UserID": "S-1-5-21-963789628-1060504924-4285088085-1001", "EventData.PackageID": "MaintenanceDiagnostic", "EventData.RootCauseCount": "2"}
{"EventID": "100", "Channel": "Microsoft-Windows-Diagnosis-Scheduled/Operational", "Provider_Name": "Microsoft-Windows-Diagnosis-Scheduled", "Computer": "DESKTOP-OFJ6N53", "TimeCreated": "2022-10-30 09:49:09.981939+00:00", "RecordID": "251", "Level": "1", "UserID": "S-1-5-21-963789628-1060504924-4285088085-1001", "EventData.hc_stateid": "0"}
{"EventID": "3", "Channel": "Microsoft-Windows-Diagnosis-Scheduled/Operational", "Provider_Name": "Microsoft-Windows-Diagnosis-Scheduled", "Computer": "DESKTOP-OFJ6N53", "TimeCreated": "2022-10-30 09:49:09.988850+00:00", "RecordID": "252", "Level": "4", "UserID": "S-1-5-21-963789628-1060504924-4285088085-1001"}
{"EventID": "2", "Channel": "Microsoft-Windows-Diagnosis-Scheduled/Operational", "Provider_Name": "Microsoft-Windows-Diagnosis-Scheduled", "Computer": "DESKTOP-OFJ6N53", "TimeCreated": "2022-11-06 09:48:44.332058+00:00", "RecordID": "253", "Level": "4", "UserID": "S-1-5-21-963789628-1060504924-4285088085-1001"}
{"EventID": "5", "Channel": "Microsoft-Windows-Diagnosis-Scheduled/Operational", "Provider_Name": "Microsoft-Windows-Diagnosis-Scheduled", "Computer": "DESKTOP-OFJ6N53", "TimeCreated": "2022-11-06 09:48:44.335278+00:00", "RecordID": "254", "Level": "4", "UserID": "S-1-5-21-963789628-1060504924-4285088085-1001", "EventData.PackagePath": "C:\\Windows\\diagnostics\\scheduled\\Maintenance"}
{"EventID": "6", "Channel": "Microsoft-Windows-Diagnosis-Scheduled/Operational", "Provider_Name": "Microsoft-Windows-Diagnosis-Scheduled", "Computer": "DESKTOP-OFJ6N53", "TimeCreated": "2022-11-06 09:48:53.218052+00:00", "RecordID": "255", "Level": "4", "UserID": "S-1-5-21-963789628-1060504924-4285088085-1001", "EventData.PackageID": "MaintenanceDiagnostic"}
{"EventID": "7", "Channel": "Microsoft-Windows-Diagnosis-Scheduled/Operational", "Provider_Name": "Microsoft-Windows-Diagnosis-Scheduled", "Computer": "DESKTOP-OFJ6N53", "TimeCreated": "2022-11-06 09:48:53.218056+00:00", "RecordID": "256", "Level": "4", "UserID": "S-1-5-21-963789628-1060504924-4285088085-1001", "EventData.PackageID": "MaintenanceDiagnostic"}
{"EventID": "8", "Channel": "Microsoft-Windows-Diagnosis-Scheduled/Operational", "Provider_Name": "Microsoft-Windows-Diagnosis-Scheduled", "Computer": "DESKTOP-OFJ6N53", "TimeCreated": "2022-11-06 09:50:18.356918+00:00", "RecordID": "257", "Level": "4", "UserID": "S-1-5-21-963789628-1060504924-4285088085-1001", "EventData.PackageID": "MaintenanceDiagnostic", "EventData.RootCauseCount": "2"}
{"EventID": "100", "Channel": "Microsoft-Windows-Diagnosis-Scheduled/Operational", "Provider_Name": "Microsoft-Windows-Diagnosis-Scheduled", "Computer": "DESKTOP-OFJ6N53", "TimeCreated": "2022-11-06 09:50:18.356926+00:00", "RecordID": "258", "Level": "1", "UserID": "S-1-5-21-963789628-1060504924-4285088085-1001", "EventData.hc_stateid": "0"}
{"EventID": "3", "Channel": "Microsoft-Windows-Diagnosis-Scheduled/Operational", "Provider_Name": "Microsoft-Windows-Diagnosis-Scheduled", "Computer": "DESKTOP-OFJ6N53", "TimeCreated": "2022-11-06 09:50:18.362919+00:00", "RecordID": "259", "Level": "4", "UserID": "S-1-5-21-963789628-1060504924-4285088085-1001"}
{"EventID": "2", "Channel": "Microsoft-Windows-Diagnosis-Scheduled/Operational", "Provider_Name": "Microsoft-Windows-Diagnosis-Scheduled", "Computer": "DESKTOP-OFJ6N53", "TimeCreated": "2022-11-13 09:28:39.131491+00:00", "RecordID": "260", "Level": "4", "UserID": "S-1-5-21-963789628-1060504924-4285088085-1001"}
{"EventID": "5", "Channel": "Microsoft-Windows-Diagnosis-Scheduled/Operational", "Provider_Name": "Microsoft-Windows-Diagnosis-Scheduled", "Computer": "DESKTOP-OFJ6N53", "TimeCreated": "2022-11-13 09:28:39.135139+00:00", "RecordID": "261", "Level": "4", "UserID": "S-1-5-21-963789628-1060504924-4285088085-1001", "EventData.PackagePath": "C:\\Windows\\diagnostics\\scheduled\\Maintenance"}
{"EventID": "6", "Channel": "Microsoft-Windows-Diagnosis-Scheduled/Operational", "Provider_Name": "Microsoft-Windows-Diagnosis-Scheduled", "Computer": "DESKTOP-OFJ6N53", "TimeCreated": "2022-11-13 09:28:41.371738+00:00", "RecordID": "262", "Level": "4", "UserID": "S-1-5-21-963789628-1060504924-4285088085-1001", "EventData.PackageID": "MaintenanceDiagnostic"}
{"EventID": "7", "Channel": "Microsoft-Windows-Diagnosis-Scheduled/Operational", "Provider_Name": "Microsoft-Windows-Diagnosis-Scheduled", "Computer": "DESKTOP-OFJ6N53", "TimeCreated": "2022-11-13 09:28:41.371742+00:00", "RecordID": "263", "Level": "4", "UserID": "S-1-5-21-963789628-1060504924-4285088085-1001", "EventData.PackageID": "MaintenanceDiagnostic"}
{"EventID": "8", "Channel": "Microsoft-Windows-Diagnosis-Scheduled/Operational", "Provider_Name": "Microsoft-Windows-Diagnosis-Scheduled", "Computer": "DESKTOP-OFJ6N53", "TimeCreated": "2022-11-13 09:29:46.759594+00:00", "RecordID": "264", "Level": "4", "UserID": "S-1-5-21-963789628-1060504924-4285088085-1001", "EventData.PackageID": "MaintenanceDiagnostic", "EventData.RootCauseCount": "2"}
{"EventID": "100", "Channel": "Microsoft-Windows-Diagnosis-Scheduled/Operational", "Provider_Name": "Microsoft-Windows-Diagnosis-Scheduled", "Computer": "DESKTOP-OFJ6N53", "TimeCreated": "2022-11-13 09:29:46.759602+00:00", "RecordID": "265", "Level": "1", "UserID": "S-1-5-21-963789628-1060504924-4285088085-1001", "EventData.hc_stateid": "0"}
{"EventID": "3", "Channel": "Microsoft-Windows-Diagnosis-Scheduled/Operational", "Provider_Name": "Microsoft-Windows-Diagnosis-Scheduled", "Computer": "DESKTOP-OFJ6N53", "TimeCreated": "2022-11-13 09:29:46.763454+00:00", "RecordID": "266", "Level": "4", "UserID": "S-1-5-21-963789628-1060504924-4285088085-1001"}
{"EventID": "2", "Channel": "Microsoft-Windows-Diagnosis-Scheduled/Operational", "Provider_Name": "Microsoft-Windows-Diagnosis-Scheduled", "Computer": "DESKTOP-OFJ6N53", "TimeCreated": "2022-11-20 08:56:46.289539+00:00", "RecordID": "267", "Level": "4", "UserID": "S-1-5-21-963789628-1060504924-4285088085-1001"}
{"EventID": "5", "Channel": "Microsoft-Windows-Diagnosis-Scheduled/Operational", "Provider_Name": "Microsoft-Windows-Diagnosis-Scheduled", "Computer": "DESKTOP-OFJ6N53", "TimeCreated": "2022-11-20 08:56:46.293028+00:00", "RecordID": "268", "Level": "4", "UserID": "S-1-5-21-963789628-1060504924-4285088085-1001", "EventData.PackagePath": "C:\\Windows\\diagnostics\\scheduled\\Maintenance"}
{"EventID": "6", "Channel": "Microsoft-Windows-Diagnosis-Scheduled/Operational", "Provider_Name": "Microsoft-Windows-Diagnosis-Scheduled", "Computer": "DESKTOP-OFJ6N53", "TimeCreated": "2022-11-20 08:56:47.703976+00:00", "RecordID": "269", "Level": "4", "UserID": "S-1-5-21-963789628-1060504924-4285088085-1001", "EventData.PackageID": "MaintenanceDiagnostic"}
{"EventID": "7", "Channel": "Microsoft-Windows-Diagnosis-Scheduled/Operational", "Provider_Name": "Microsoft-Windows-Diagnosis-Scheduled", "Computer": "DESKTOP-OFJ6N53", "TimeCreated": "2022-11-20 08:56:47.703979+00:00", "RecordID": "270", "Level": "4", "UserID": "S-1-5-21-963789628-1060504924-4285088085-1001", "EventData.PackageID": "MaintenanceDiagnostic"}
{"EventID": "8", "Channel": "Microsoft-Windows-Diagnosis-Scheduled/Operational", "Provider_Name": "Microsoft-Windows-Diagnosis-Scheduled", "Computer": "DESKTOP-OFJ6N53", "TimeCreated": "2022-11-20 08:56:58.355799+00:00", "RecordID": "271", "Level": "4", "UserID": "S-1-5-21-963789628-1060504924-4285088085-1001", "EventData.PackageID": "MaintenanceDiagnostic", "EventData.RootCauseCount": "2"}
{"EventID": "100", "Channel": "Microsoft-Windows-Diagnosis-Scheduled/Operational", "Provider_Name": "Microsoft-Windows-Diagnosis-Scheduled", "Computer": "DESKTOP-OFJ6N53", "TimeCreated": "2022-11-20 08:56:58.355804+00:00", "RecordID": "272", "Level": "1", "UserID": "S-1-5-21-963789628-1060504924-4285088085-1001", "EventData.hc_stateid": "0"}
{"EventID": "3", "Channel": "Microsoft-Windows-Diagnosis-Scheduled/Operational", "Provider_Name": "Microsoft-Windows-Diagnosis-Scheduled", "Computer": "DESKTOP-OFJ6N53", "TimeCreated": "2022-11-20 08:56:58.361687+00:00", "RecordID": "273", "Level": "4", "UserID": "S-1-5-21-963789628-1060504924-4285088085-1001"}
{"EventID": "2", "Channel": "Microsoft-Windows-Diagnosis-Scheduled/Operational", "Provider_Name": "Microsoft-Windows-Diagnosis-Scheduled", "Computer": "DESKTOP-OFJ6N53", "TimeCreated": "2022-11-27 08:52:17.351200+00:00", "RecordID": "274", "Level": "4", "UserID": "S-1-5-21-963789628-1060504924-4285088085-1001"}
{"EventID": "5", "Channel": "Microsoft-Windows-Diagnosis-Scheduled/Operational", "Provider_Name": "Microsoft-Windows-Diagnosis-Scheduled", "Computer": "DESKTOP-OFJ6N53", "TimeCreated": "2022-11-27 08:52:17.355879+00:00", "RecordID": "275", "Level": "4", "UserID": "S-1-5-21-963789628-1060504924-4285088085-1001", "EventData.PackagePath": "C:\\Windows\\diagnostics\\scheduled\\Maintenance"}
{"EventID": "6", "Channel": "Microsoft-Windows-Diagnosis-Scheduled/Operational", "Provider_Name": "Microsoft-Windows-Diagnosis-Scheduled", "Computer": "DESKTOP-OFJ6N53", "TimeCreated": "2022-11-27 08:52:18.018646+00:00", "RecordID": "276", "Level": "4", "UserID": "S-1-5-21-963789628-1060504924-4285088085-1001", "EventData.PackageID": "MaintenanceDiagnostic"}
{"EventID": "7", "Channel": "Microsoft-Windows-Diagnosis-Scheduled/Operational", "Provider_Name": "Microsoft-Windows-Diagnosis-Scheduled", "Computer": "DESKTOP-OFJ6N53", "TimeCreated": "2022-11-27 08:52:18.018648+00:00", "RecordID": "277", "Level": "4", "UserID": "S-1-5-21-963789628-1060504924-4285088085-1001", "EventData.PackageID": "MaintenanceDiagnostic"}
{"EventID": "8", "Channel": "Microsoft-Windows-Diagnosis-Scheduled/Operational", "Provider_Name": "Microsoft-Windows-Diagnosis-Scheduled", "Computer": "DESKTOP-OFJ6N53", "TimeCreated": "2022-11-27 08:52:28.659813+00:00", "RecordID": "278", "Level": "4", "UserID": "S-1-5-21-963789628-1060504924-4285088085-1001", "EventData.PackageID": "MaintenanceDiagnostic", "EventData.RootCauseCount": "2"}
{"EventID": "100", "Channel": "Microsoft-Windows-Diagnosis-Scheduled/Operational", "Provider_Name": "Microsoft-Windows-Diagnosis-Scheduled", "Computer": "DESKTOP-OFJ6N53", "TimeCreated": "2022-11-27 08:52:28.659819+00:00", "RecordID": "279", "Level": "1", "UserID": "S-1-5-21-963789628-1060504924-4285088085-1001", "EventData.hc_stateid": "0"}
{"EventID": "3", "Channel": "Microsoft-Windows-Diagnosis-Scheduled/Operational", "Provider_Name": "Microsoft-Windows-Diagnosis-Scheduled", "Computer": "DESKTOP-OFJ6N53", "TimeCreated": "2022-11-27 08:52:28.665195+00:00", "RecordID": "280", "Level": "4", "UserID": "S-1-5-21-963789628-1060504924-4285088085-1001"}
{"EventID": "2", "Channel": "Microsoft-Windows-Diagnosis-Scheduled/Operational", "Provider_Name": "Microsoft-Windows-Diagnosis-Scheduled", "Computer": "DESKTOP-OFJ6N53", "TimeCreated": "2022-12-04 10:06:04.149405+00:00", "RecordID": "281", "Level": "4", "UserID": "S-1-5-21-963789628-1060504924-4285088085-1001"}
{"EventID": "5", "Channel": "Microsoft-Windows-Diagnosis-Scheduled/Operational", "Provider_Name": "Microsoft-Windows-Diagnosis-Scheduled", "Computer": "DESKTOP-OFJ6N53", "TimeCreated": "2022-12-04 10:06:04.151024+00:00", "RecordID": "282", "Level": "4", "UserID": "S-1-5-21-963789628-1060504924-4285088085-1001", "EventData.PackagePath": "C:\\Windows\\diagnostics\\scheduled\\Maintenance"}
