{"EventID": "100", "Channel": "Microsoft-Windows-Diagnosis-DPS/Operational", "Provider_Name": "Microsoft-Windows-Diagnosis-DPS", "Computer": "DESKTOP-OFJ6N53", "TimeCreated": "2024-02-14 19:22:08.340940+00:00", "RecordID": "2962", "Level": "4", "UserID": "S-1-5-19", "EventData.ScenarioId": "{180b3a99-8c39-4f12-b631-2031998efe45}", "EventData.InstanceId": "{41069e3a-2dab-4d1b-ad52-d9456ff4f721}", "EventData.OriginalActivityId": "{00000000-0000-0000-0000-000000000000}", "EventData.DiagnosticModuleImageName": "%windir%\\system32\\radardt.dll", "EventData.DiagnosticModuleId": "{45de1ea9-10bc-4f96-9b21-4b6b83dbf476}"}
{"EventID": "105", "Channel": "Microsoft-Windows-Diagnosis-DPS/Operational", "Provider_Name": "Microsoft-Windows-Diagnosis-DPS", "Computer": "DESKTOP-OFJ6N53", "TimeCreated": "2024-02-14 19:22:08.340944+00:00", "RecordID": "2963", "Level": "4", "UserID": "S-1-5-19", "EventData.ScenarioId": "{180b3a99-8c39-4f12-b631-2031998efe45}", "EventData.InstanceId": "{41069e3a-2dab-4d1b-ad52-d9456ff4f721}", "EventData.OriginalActivityId": "{00000000-0000-0000-0000-000000000000}", "EventData.DiagnosticModuleImageName": "%windir%\\system32\\radardt.dll", "EventData.DiagnosticModuleId": "{45de1ea9-10bc-4f96-9b21-4b6b83dbf476}"}
{"EventID": "100", "Channel": "Microsoft-Windows-Diagnosis-DPS/Operational", "Provider_Name": "Microsoft-Windows-Diagnosis-DPS", "Computer": "DESKTOP-OFJ6N53", "TimeCreated": "2024-02-14 19:27:08.356733+00:00", "RecordID": "2964", "Level": "4", "UserID": "S-1-5-19", "EventData.ScenarioId": "{180b3a99-8c39-4f12-b631-2031998efe45}", "EventData.InstanceId": "{263726a4-6d16-4f9d-913e-5a84d7a0a2ea}", "EventData.OriginalActivityId": "{00000000-0000-0000-0000-000000000000}", "EventData.DiagnosticModuleImageName": "%windir%\\system32\\radardt.dll", "EventData.DiagnosticModuleId": "{45de1ea9-10bc-4f96-9b21-4b6b83dbf476}"}
{"EventID": "105", "Channel": "Microsoft-Windows-Diagnosis-DPS/Operational", "Provider_Name": "Microsoft-Windows-Diagnosis-DPS", "Computer": "DESKTOP-OFJ6N53", "TimeCreated": "2024-02-14 19:27:08.356739+00:00", "RecordID": "2965", "Level": "4", "UserID": "S-1-5-19", "EventData.ScenarioId": "{180b3a99-8c39-4f12-b631-2031998efe45}", "EventData.InstanceId": "{263726a4-6d16-4f9d-913e-5a84d7a0a2ea}", "EventData.OriginalActivityId": "{00000000-0000-0000-0000-000000000000}", "EventData.DiagnosticModuleImageName": "%windir%\\system32\\radardt.dll", "EventData.DiagnosticModuleId": "{45de1ea9-10bc-4f96-9b21-4b6b83dbf476}"}
{"EventID": "100", "Channel": "Microsoft-Windows-Diagnosis-DPS/Operational", "Provider_Name": "Microsoft-Windows-Diagnosis-DPS", "Computer": "DESKTOP-OFJ6N53", "TimeCreated": "2024-02-14 19:32:08.342733+00:00", "RecordID": "2966", "Level": "4", "UserID": "S-1-5-19", "EventData.ScenarioId": "{180b3a99-8c39-4f12-b631-2031998efe45}", "EventData.InstanceId": "{3f33ed8d-a479-4cd1-96be-e4c93aa9f0d3}", "EventData.OriginalActivityId": "{00000000-0000-0000-0000-000000000000}", "EventData.DiagnosticModuleImageName": "%windir%\\system32\\radardt.dll", "EventData.DiagnosticModuleId": "{45de1ea9-10bc-4f96-9b21-4b6b83dbf476}"}
{"EventID": "105", "Channel": "Microsoft-Windows-Diagnosis-DPS/Operational", "Provider_Name": "Microsoft-Windows-Diagnosis-DPS", "Computer": "DESKTOP-OFJ6N53", "TimeCreated": "2024-02-14 19:32:08.342741+00:00", "RecordID": "2967", "Level": "4", "UserID": "S-1-5-19", "EventData.ScenarioId": "{180b3a99-8c39-4f12-b631-2031998efe45}", "EventData.InstanceId": "{3f33ed8d-a479-4cd1-96be-e4c93aa9f0d3}", "EventData.OriginalActivityId": "{00000000-0000-0000-0000-000000000000}", "EventData.DiagnosticModuleImageName": "%windir%\\system32\\radardt.dll", "EventData.DiagnosticModuleId": "{45de1ea9-10bc-4f96-9b21-4b6b83dbf476}"}
{"EventID": "100", "Channel": "Microsoft-Windows-Diagnosis-DPS/Operational", "Provider_Name": "Microsoft-Windows-Diagnosis-DPS", "Computer": "DESKTOP-OFJ6N53", "TimeCreated": "2024-02-14 19:37:08.342852+00:00", "RecordID": "2968", "Level": "4", "UserID": "S-1-5-19", "EventData.ScenarioId": "{180b3a99-8c39-4f12-b631-2031998efe45}", "EventData.InstanceId": "{fdc83fec-1af2-41b3-b727-f55b133d85cc}", "EventData.OriginalActivityId": "{00000000-0000-0000-0000-000000000000}", "EventData.DiagnosticModuleImageName": "%windir%\\system32\\radardt.dll", "EventData.DiagnosticModuleId": "{45de1ea9-10bc-4f96-9b21-4b6b83dbf476}"}
{"EventID": "105", "Channel": "Microsoft-Windows-Diagnosis-DPS/Operational", "Provider_Name": "Microsoft-Windows-Diagnosis-DPS", "Computer": "DESKTOP-OFJ6N53", "TimeCreated": "2024-02-14 19:37:08.342857+00:00", "RecordID": "2969", "Level": "4", "UserID": "S-1-5-19", "EventData.ScenarioId": "{180b3a99-8c39-4f12-b631-2031998efe45}", "EventData.InstanceId": "{fdc83fec-1af2-41b3-b727-f55b133d85cc}", "EventData.OriginalActivityId": "{00000000-0000-0000-0000-000000000000}", "EventData.DiagnosticModuleImageName": "%windir%\\system32\\radardt.dll", "EventData.DiagnosticModuleId": "{45de1ea9-10bc-4f96-9b21-4b6b83dbf476}"}
{"EventID": "100", "Channel": "Microsoft-Windows-Diagnosis-DPS/Operational", "Provider_Name": "Microsoft-Windows-Diagnosis-DPS", "Computer": "DESKTOP-OFJ6N53", "TimeCreated": "2024-02-14 19:42:08.343737+00:00", "RecordID": "2970", "Level": "4", "UserID": "S-1-5-19", "EventData.ScenarioId": "{180b3a99-8c39-4f12-b631-2031998efe45}", "EventData.InstanceId": "{e75085b7-14ca-47ea-b758-40e521805da8}", "EventData.OriginalActivityId": "{00000000-0000-0000-0000-000000000000}", "EventData.DiagnosticModuleImageName": "%windir%\\system32\\radardt.dll", "EventData.DiagnosticModuleId": "{45de1ea9-10bc-4f96-9b21-4b6b83dbf476}"}
{"EventID": "105", "Channel": "Microsoft-Windows-Diagnosis-DPS/Operational", "Provider_Name": "Microsoft-Windows-Diagnosis-DPS", "Computer": "DESKTOP-OFJ6N53", "TimeCreated": "2024-02-14 19:42:08.343742+00:00", "RecordID": "2971", "Level": "4", "UserID": "S-1-5-19", "EventData.ScenarioId": "{180b3a99-8c39-4f12-b631-2031998efe45}", "EventData.InstanceId": "{e75085b7-14ca-47ea-b758-40e521805da8}", "EventData.OriginalActivityId": "{00000000-0000-0000-0000-000000000000}", "EventData.DiagnosticModuleImageName": "%windir%\\system32\\radardt.dll", "EventData.DiagnosticModuleId": "{45de1ea9-10bc-4f96-9b21-4b6b83dbf476}"}
{"EventID": "100", "Channel": "Microsoft-Windows-Diagnosis-DPS/Operational", "Provider_Name": "Microsoft-Windows-Diagnosis-DPS", "Computer": "DESKTOP-OFJ6N53", "TimeCreated": "2024-02-14 19:47:08.345058+00:00", "RecordID": "2972", "Level": "4", "UserID": "S-1-5-19", "EventData.ScenarioId": "{180b3a99-8c39-4f12-b631-2031998efe45}", "EventData.InstanceId": "{91d93b88-da9c-48b4-a231-b476ecf546de}", "EventData.OriginalActivityId": "{00000000-0000-0000-0000-000000000000}", "EventData.DiagnosticModuleImageName": "%windir%\\system32\\radardt.dll", "EventData.DiagnosticModuleId": "{45de1ea9-10bc-4f96-9b21-4b6b83dbf476}"}
{"EventID": "105", "Channel": "Microsoft-Windows-Diagnosis-DPS/Operational", "Provider_Name": "Microsoft-Windows-Diagnosis-DPS", "Computer": "DESKTOP-OFJ6N53", "TimeCreated": "2024-02-14 19:47:08.345064+00:00", "RecordID": "2973", "Level": "4", "UserID": "S-1-5-19", "EventData.ScenarioId": "{180b3a99-8c39-4f12-b631-2031998efe45}", "EventData.InstanceId": "{91d93b88-da9c-48b4-a231-b476ecf546de}", "EventData.OriginalActivityId": "{00000000-0000-0000-0000-000000000000}", "EventData.DiagnosticModuleImageName": "%windir%\\system32\\radardt.dll", "EventData.DiagnosticModuleId": "{45de1ea9-10bc-4f96-9b21-4b6b83dbf476}"}
{"EventID": "100", "Channel": "Microsoft-Windows-Diagnosis-DPS/Operational", "Provider_Name": "Microsoft-Windows-Diagnosis-DPS", "Computer": "DESKTOP-OFJ6N53", "TimeCreated": "2024-02-14 19:52:08.347397+00:00", "RecordID": "2974", "Level": "4", "UserID": "S-1-5-19", "EventData.ScenarioId": "{180b3a99-8c39-4f12-b631-2031998efe45}", "EventData.InstanceId": "{b994d237-51cb-4b46-a1fc-7ab209050c79}", "EventData.OriginalActivityId": "{00000000-0000-0000-0000-000000000000}", "EventData.DiagnosticModuleImageName": "%windir%\\system32\\radardt.dll", "EventData.DiagnosticModuleId": "{45de1ea9-10bc-4f96-9b21-4b6b83dbf476}"}
{"EventID": "105", "Channel": "Microsoft-Windows-Diagnosis-DPS/Operational", "Provider_Name": "Microsoft-Windows-Diagnosis-DPS", "Computer": "DESKTOP-OFJ6N53", "TimeCreated": "2024-02-14 19:52:08.347401+00:00", "RecordID": "2975", "Level": "4", "UserID": "S-1-5-19", "EventData.ScenarioId": "{180b3a99-8c39-4f12-b631-2031998efe45}", "EventData.InstanceId": "{b994d237-51cb-4b46-a1fc-7ab209050c79}", "EventData.OriginalActivityId": "{00000000-0000-0000-0000-000000000000}", "EventData.DiagnosticModuleImageName": "%windir%\\system32\\radardt.dll", "EventData.DiagnosticModuleId": "{45de1ea9-10bc-4f96-9b21-4b6b83dbf476}"}
{"EventID": "100", "Channel": "Microsoft-Windows-Diagnosis-DPS/Operational", "Provider_Name": "Microsoft-Windows-Diagnosis-DPS", "Computer": "DESKTOP-OFJ6N53", "TimeCreated": "2024-02-14 19:57:08.364407+00:00", "RecordID": "2976", "Level": "4", "UserID": "S-1-5-19", "EventData.ScenarioId": "{180b3a99-8c39-4f12-b631-2031998efe45}", "EventData.InstanceId": "{c09a61d2-b28c-4471-8f49-6e5bc0211740}", "EventData.OriginalActivityId": "{00000000-0000-0000-0000-000000000000}", "EventData.DiagnosticModuleImageName": "%windir%\\system32\\radardt.dll", "EventData.DiagnosticModuleId": "{45de1ea9-10bc-4f96-9b21-4b6b83dbf476}"}
{"EventID": "105", "Channel": "Microsoft-Windows-Diagnosis-DPS/Operational", "Provider_Name": "Microsoft-Windows-Diagnosis-DPS", "Computer": "DESKTOP-OFJ6N53", "TimeCreated": "2024-02-14 19:57:08.364410+00:00", "RecordID": "2977", "Level": "4", "UserID": "S-1-5-19", "EventData.ScenarioId": "{180b3a99-8c39-4f12-b631-2031998efe45}", "EventData.InstanceId": "{c09a61d2-b28c-4471-8f49-6e5bc0211740}", "EventData.OriginalActivityId": "{00000000-0000-0000-0000-000000000000}", "EventData.DiagnosticModuleImageName": "%windir%\\system32\\radardt.dll", "EventData.DiagnosticModuleId": "{45de1ea9-10bc-4f96-9b21-4b6b83dbf476}"}
{"EventID": "100", "Channel": "Microsoft-Windows-Diagnosis-DPS/Operational", "Provider_Name": "Microsoft-Windows-Diagnosis-DPS", "Computer": "DESKTOP-OFJ6N53", "TimeCreated": "2024-02-14 20:02:08.364853+00:00", "RecordID": "2978", "Level": "4", "UserID": "S-1-5-19", "EventData.ScenarioId": "{180b3a99-8c39-4f12-b631-2031998efe45}", "EventData.InstanceId": "{4f7a9101-ad6b-4107-95b2-95ba65ade016}", "EventData.OriginalActivityId": "{00000000-0000-0000-0000-000000000000}", "EventData.DiagnosticModuleImageName": "%windir%\\system32\\radardt.dll", "EventData.DiagnosticModuleId": "{45de1ea9-10bc-4f96-9b21-4b6b83dbf476}"}
{"EventID": "105", "Channel": "Microsoft-Windows-Diagnosis-DPS/Operational", "Provider_Name": "Microsoft-Windows-Diagnosis-DPS", "Computer": "DESKTOP-OFJ6N53", "TimeCreated": "2024-02-14 20:02:08.364857+00:00", "RecordID": "2979", "Level": "4", "UserID": "S-1-5-19", "EventData.ScenarioId": "{180b3a99-8c39-4f12-b631-2031998efe45}", "EventData.InstanceId": "{4f7a9101-ad6b-4107-95b2-95ba65ade016}", "EventData.OriginalActivityId": "{00000000-0000-0000-0000-000000000000}", "EventData.DiagnosticModuleImageName": "%windir%\\system32\\radardt.dll", "EventData.DiagnosticModuleId": "{45de1ea9-10bc-4f96-9b21-4b6b83dbf476}"}
{"EventID": "100", "Channel": "Microsoft-Windows-Diagnosis-DPS/Operational", "Provider_Name": "Microsoft-Windows-Diagnosis-DPS", "Computer": "DESKTOP-OFJ6N53", "TimeCreated": "2024-02-14 20:07:08.364834+00:00", "RecordID": "2980", "Level": "4", "UserID": "S-1-5-19", "EventData.ScenarioId": "{180b3a99-8c39-4f12-b631-2031998efe45}", "EventData.InstanceId": "{48f86ce2-09b1-4cd5-ae88-ea9427147186}", "EventData.OriginalActivityId": "{00000000-0000-0000-0000-000000000000}", "EventData.DiagnosticModuleImageName": "%windir%\\system32\\radardt.dll", "EventData.DiagnosticModuleId": "{45de1ea9-10bc-4f96-9b21-4b6b83dbf476}"}
{"EventID": "105", "Channel": "Microsoft-Windows-Diagnosis-DPS/Operational", "Provider_Name": "Microsoft-Windows-Diagnosis-DPS", "Computer": "DESKTOP-OFJ6N53", "TimeCreated": "2024-02-14 20:07:08.364838+00:00", "RecordID": "2981", "Level": "4", "UserID": "S-1-5-19", "EventData.ScenarioId": "{180b3a99-8c39-4f12-b631-2031998efe45}", "EventData.InstanceId": "{48f86ce2-09b1-4cd5-ae88-ea9427147186}", "EventData.OriginalActivityId": "{00000000-0000-0000-0000-000000000000}", "EventData.DiagnosticModuleImageName": "%windir%\\system32\\radardt.dll", "EventData.DiagnosticModuleId": "{45de1ea9-10bc-4f96-9b21-4b6b83dbf476}"}
{"EventID": "100", "Channel": "Microsoft-Windows-Diagnosis-DPS/Operational", "Provider_Name": "Microsoft-Windows-Diagnosis-DPS", "Computer": "DESKTOP-OFJ6N53", "TimeCreated": "2024-02-14 20:12:08.365679+00:00", "RecordID": "2982", "Level": "4", "UserID": "S-1-5-19", "EventData.ScenarioId": "{180b3a99-8c39-4f12-b631-2031998efe45}", "EventData.InstanceId": "{de272bd3-fa76-4eb2-8b30-268390d875c8}", "EventData.OriginalActivityId": "{00000000-0000-0000-0000-000000000000}", "EventData.DiagnosticModuleImageName": "%windir%\\system32\\radardt.dll", "EventData.DiagnosticModuleId": "{45de1ea9-10bc-4f96-9b21-4b6b83dbf476}"}
{"EventID": "105", "Channel": "Microsoft-Windows-Diagnosis-DPS/Operational", "Provider_Name": "Microsoft-Windows-Diagnosis-DPS", "Computer": "DESKTOP-OFJ6N53", "TimeCreated": "2024-02-14 20:12:08.365685+00:00", "RecordID": "2983", "Level": "4", "UserID": "S-1-5-19", "EventData.ScenarioId": "{180b3a99-8c39-4f12-b631-2031998efe45}", "EventData.InstanceId": "{de272bd3-fa76-4eb2-8b30-268390d875c8}", "EventData.OriginalActivityId": "{00000000-0000-0000-0000-000000000000}", "EventData.DiagnosticModuleImageName": "%windir%\\system32\\radardt.dll", "EventData.DiagnosticModuleId": "{45de1ea9-10bc-4f96-9b21-4b6b83dbf476}"}
{"EventID": "100", "Channel": "Microsoft-Windows-Diagnosis-DPS/Operational", "Provider_Name": "Microsoft-Windows-Diagnosis-DPS", "Computer": "DESKTOP-OFJ6N53", "TimeCreated": "2024-02-14 20:17:08.350384+00:00", "RecordID": "2984", "Level": "4", "UserID": "S-1-5-19", "EventData.ScenarioId": "{180b3a99-8c39-4f12-b631-2031998efe45}", "EventData.InstanceId": "{ccf31392-0d12-48f7-bbb6-2800bd7b7393}", "EventData.OriginalActivityId": "{00000000-0000-0000-0000-000000000000}", "EventData.DiagnosticModuleImageName": "%windir%\\system32\\radardt.dll", "EventData.DiagnosticModuleId": "{45de1ea9-10bc-4f96-9b21-4b6b83dbf476}"}
{"EventID": "105", "Channel": "Microsoft-Windows-Diagnosis-DPS/Operational", "Provider_Name": "Microsoft-Windows-Diagnosis-DPS", "Computer": "DESKTOP-OFJ6N53", "TimeCreated": "2024-02-14 20:17:08.350393+00:00", "RecordID": "2985", "Level": "4", "UserID": "S-1-5-19", "EventData.ScenarioId": "{180b3a99-8c39-4f12-b631-2031998efe45}", "EventData.InstanceId": "{ccf31392-0d12-48f7-bbb6-2800bd7b7393}", "EventData.OriginalActivityId": "{00000000-0000-0000-0000-000000000000}", "EventData.DiagnosticModuleImageName": "%windir%\\system32\\radardt.dll", "EventData.DiagnosticModuleId": "{45de1ea9-10bc-4f96-9b21-4b6b83dbf476}"}
{"EventID": "100", "Channel": "Microsoft-Windows-Diagnosis-DPS/Operational", "Provider_Name": "Microsoft-Windows-Diagnosis-DPS", "Computer": "DESKTOP-OFJ6N53", "TimeCreated": "2024-02-14 20:22:08.367077+00:00", "RecordID": "2986", "Level": "4", "UserID": "S-1-5-19", "EventData.ScenarioId": "{180b3a99-8c39-4f12-b631-2031998efe45}", "EventData.InstanceId": "{0c5929db-4da6-4199-80a9-0e9cf6c0ccce}", "EventData.OriginalActivityId": "{00000000-0000-0000-0000-000000000000}", "EventData.DiagnosticModuleImageName": "%windir%\\system32\\radardt.dll", "EventData.DiagnosticModuleId": "{45de1ea9-10bc-4f96-9b21-4b6b83dbf476}"}
{"EventID": "105", "Channel": "Microsoft-Windows-Diagnosis-DPS/Operational", "Provider_Name": "Microsoft-Windows-Diagnosis-DPS", "Computer": "DESKTOP-OFJ6N53", "TimeCreated": "2024-02-14 20:22:08.367081+00:00", "RecordID": "2987", "Level": "4", "UserID": "S-1-5-19", "EventData.ScenarioId": "{180b3a99-8c39-4f12-b631-2031998efe45}", "EventData.InstanceId": "{0c5929db-4da6-4199-80a9-0e9cf6c0ccce}", "EventData.OriginalActivityId": "{00000000-0000-0000-0000-000000000000}", "EventData.DiagnosticModuleImageName": "%windir%\\system32\\radardt.dll", "EventData.DiagnosticModuleId": "{45de1ea9-10bc-4f96-9b21-4b6b83dbf476}"}
{"EventID": "100", "Channel": "Microsoft-Windows-Diagnosis-DPS/Operational", "Provider_Name": "Microsoft-Windows-Diagnosis-DPS", "Computer": "DESKTOP-OFJ6N53", "TimeCreated": "2024-02-14 20:27:08.351635+00:00", "RecordID": "2988", "Level": "4", "UserID": "S-1-5-19", "EventData.ScenarioId": "{180b3a99-8c39-4f12-b631-2031998efe45}", "EventData.InstanceId": "{0bc6e02f-59b5-4c97-bea4-5ce3af914c84}", "EventData.OriginalActivityId": "{00000000-0000-0000-0000-000000000000}", "EventData.DiagnosticModuleImageName": "%windir%\\system32\\radardt.dll", "EventData.DiagnosticModuleId": "{45de1ea9-10bc-4f96-9b21-4b6b83dbf476}"}
{"EventID": "105", "Channel": "Microsoft-Windows-Diagnosis-DPS/Operational", "Provider_Name": "Microsoft-Windows-Diagnosis-DPS", "Computer": "DESKTOP-OFJ6N53", "TimeCreated": "2024-02-14 20:27:08.351639+00:00", "RecordID": "2989", "Level": "4", "UserID": "S-1-5-19", "EventData.ScenarioId": "{180b3a99-8c39-4f12-b631-2031998efe45}", "EventData.InstanceId": "{0bc6e02f-59b5-4c97-bea4-5ce3af914c84}", "EventData.OriginalActivityId": "{00000000-0000-0000-0000-000000000000}", "EventData.DiagnosticModuleImageName": "%windir%\\system32\\radardt.dll", "EventData.DiagnosticModuleId": "{45de1ea9-10bc-4f96-9b21-4b6b83dbf476}"}
{"EventID": "100", "Channel": "Microsoft-Windows-Diagnosis-DPS/Operational", "Provider_Name": "Microsoft-Windows-Diagnosis-DPS", "Computer": "DESKTOP-OFJ6N53", "TimeCreated": "2024-02-14 20:32:08.352518+00:00", "RecordID": "2990", "Level": "4", "UserID": "S-1-5-19", "EventData.ScenarioId": "{180b3a99-8c39-4f12-b631-2031998efe45}", "EventData.InstanceId": "{e9fdb50b-6f4a-4370-9478-5148975ba332}", "EventData.OriginalActivityId": "{00000000-0000-0000-0000-000000000000}", "EventData.DiagnosticModuleImageName": "%windir%\\system32\\radardt.dll", "EventData.DiagnosticModuleId": "{45de1ea9-10bc-4f96-9b21-4b6b83dbf476}"}
{"EventID": "105", "Channel": "Microsoft-Windows-Diagnosis-DPS/Operational", "Provider_Name": "Microsoft-Windows-Diagnosis-DPS", "Computer": "DESKTOP-OFJ6N53", "TimeCreated": "2024-02-14 20:32:08.352522+00:00", "RecordID": "2991", "Level": "4", "UserID": "S-1-5-19", "EventData.ScenarioId": "{180b3a99-8c39-4f12-b631-2031998efe45}", "EventData.InstanceId": "{e9fdb50b-6f4a-4370-9478-5148975ba332}", "EventData.OriginalActivityId": "{00000000-0000-0000-0000-000000000000}", "EventData.DiagnosticModuleImageName": "%windir%\\system32\\radardt.dll", "EventData.DiagnosticModuleId": "{45de1ea9-10bc-4f96-9b21-4b6b83dbf476}"}
{"EventID": "100", "Channel": "Microsoft-Windows-Diagnosis-DPS/Operational", "Provider_Name": "Microsoft-Windows-Diagnosis-DPS", "Computer": "DESKTOP-OFJ6N53", "TimeCreated": "2024-02-14 20:37:08.368093+00:00", "RecordID": "2992", "Level": "4", "UserID": "S-1-5-19", "EventData.ScenarioId": "{180b3a99-8c39-4f12-b631-2031998efe45}", "EventData.InstanceId": "{b3a3e070-5c8b-4a8b-a1cb-31a491c43aae}", "EventData.OriginalActivityId": "{00000000-0000-0000-0000-000000000000}", "EventData.DiagnosticModuleImageName": "%windir%\\system32\\radardt.dll", "EventData.DiagnosticModuleId": "{45de1ea9-10bc-4f96-9b21-4b6b83dbf476}"}
{"EventID": "105", "Channel": "Microsoft-Windows-Diagnosis-DPS/Operational", "Provider_Name": "Microsoft-Windows-Diagnosis-DPS", "Computer": "DESKTOP-OFJ6N53", "TimeCreated": "2024-02-14 20:37:08.368097+00:00", "RecordID": "2993", "Level": "4", "UserID": "S-1-5-19", "EventData.ScenarioId": "{180b3a99-8c39-4f12-b631-2031998efe45}", "EventData.InstanceId": "{b3a3e070-5c8b-4a8b-a1cb-31a491c43aae}", "EventData.OriginalActivityId": "{00000000-0000-0000-0000-000000000000}", "EventData.DiagnosticModuleImageName": "%windir%\\system32\\radardt.dll", "EventData.DiagnosticModuleId": "{45de1ea9-10bc-4f96-9b21-4b6b83dbf476}"}
{"EventID": "100", "Channel": "Microsoft-Windows-Diagnosis-DPS/Operational", "Provider_Name": "Microsoft-Windows-Diagnosis-DPS", "Computer": "DESKTOP-OFJ6N53", "TimeCreated": "2024-02-14 20:42:08.352991+00:00", "RecordID": "2994", "Level": "4", "UserID": "S-1-5-19", "EventData.ScenarioId": "{180b3a99-8c39-4f12-b631-2031998efe45}", "EventData.InstanceId": "{0bc1edaf-c1d1-4b37-a16a-a4392e426b8c}", "EventData.OriginalActivityId": "{00000000-0000-0000-0000-000000000000}", "EventData.DiagnosticModuleImageName": "%windir%\\system32\\radardt.dll", "EventData.DiagnosticModuleId": "{45de1ea9-10bc-4f96-9b21-4b6b83dbf476}"}
{"EventID": "105", "Channel": "Microsoft-Windows-Diagnosis-DPS/Operational", "Provider_Name": "Microsoft-Windows-Diagnosis-DPS", "Computer": "DESKTOP-OFJ6N53", "TimeCreated": "2024-02-14 20:42:08.352995+00:00", "RecordID": "2995", "Level": "4", "UserID": "S-1-5-19", "EventData.ScenarioId": "{180b3a99-8c39-4f12-b631-2031998efe45}", "EventData.InstanceId": "{0bc1edaf-c1d1-4b37-a16a-a4392e426b8c}", "EventData.OriginalActivityId": "{00000000-0000-0000-0000-000000000000}", "EventData.DiagnosticModuleImageName": "%windir%\\system32\\radardt.dll", "EventData.DiagnosticModuleId": "{45de1ea9-10bc-4f96-9b21-4b6b83dbf476}"}
{"EventID": "100", "Channel": "Microsoft-Windows-Diagnosis-DPS/Operational", "Provider_Name": "Microsoft-Windows-Diagnosis-DPS", "Computer": "DESKTOP-OFJ6N53", "TimeCreated": "2024-02-14 20:47:08.368986+00:00", "RecordID": "2996", "Level": "4", "UserID": "S-1-5-19", "EventData.ScenarioId": "{180b3a99-8c39-4f12-b631-2031998efe45}", "EventData.InstanceId": "{fed7db71-e34b-428b-9494-ae139f4eaa7c}", "EventData.OriginalActivityId": "{00000000-0000-0000-0000-000000000000}", "EventData.DiagnosticModuleImageName": "%windir%\\system32\\radardt.dll", "EventData.DiagnosticModuleId": "{45de1ea9-10bc-4f96-9b21-4b6b83dbf476}"}
{"EventID": "105", "Channel": "Microsoft-Windows-Diagnosis-DPS/Operational", "Provider_Name": "Microsoft-Windows-Diagnosis-DPS", "Computer": "DESKTOP-OFJ6N53", "TimeCreated": "2024-02-14 20:47:08.368992+00:00", "RecordID": "2997", "Level": "4", "UserID": "S-1-5-19", "EventData.ScenarioId": "{180b3a99-8c39-4f12-b631-2031998efe45}", "EventData.InstanceId": "{fed7db71-e34b-428b-9494-ae139f4eaa7c}", "EventData.OriginalActivityId": "{00000000-0000-0000-0000-000000000000}", "EventData.DiagnosticModuleImageName": "%windir%\\system32\\radardt.dll", "EventData.DiagnosticModuleId": "{45de1ea9-10bc-4f96-9b21-4b6b83dbf476}"}
{"EventID": "100", "Channel": "Microsoft-Windows-Diagnosis-DPS/Operational", "Provider_Name": "Microsoft-Windows-Diagnosis-DPS", "Computer": "DESKTOP-OFJ6N53", "TimeCreated": "2024-02-14 20:52:08.369589+00:00", "RecordID": "2998", "Level": "4", "UserID": "S-1-5-19", "EventData.ScenarioId": "{180b3a99-8c39-4f12-b631-2031998efe45}", "EventData.InstanceId": "{b550a1af-a3a2-4701-b6f5-2ad977a88f71}", "EventData.OriginalActivityId": "{00000000-0000-0000-0000-000000000000}", "EventData.DiagnosticModuleImageName": "%windir%\\system32\\radardt.dll", "EventData.DiagnosticModuleId": "{45de1ea9-10bc-4f96-9b21-4b6b83dbf476}"}
{"EventID": "105", "Channel": "Microsoft-Windows-Diagnosis-DPS/Operational", "Provider_Name": "Microsoft-Windows-Diagnosis-DPS", "Computer": "DESKTOP-OFJ6N53", "TimeCreated": "2024-02-14 20:52:08.369591+00:00", "RecordID": "2999", "Level": "4", "UserID": "S-1-5-19", "EventData.ScenarioId": "{180b3a99-8c39-4f12-b631-2031998efe45}", "EventData.InstanceId": "{b550a1af-a3a2-4701-b6f5-2ad977a88f71}", "EventData.OriginalActivityId": "{00000000-0000-0000-0000-000000000000}", "EventData.DiagnosticModuleImageName": "%windir%\\system32\\radardt.dll", "EventData.DiagnosticModuleId": "{45de1ea9-10bc-4f96-9b21-4b6b83dbf476}"}
{"EventID": "100", "Channel": "Microsoft-Windows-Diagnosis-DPS/Operational", "Provider_Name": "Microsoft-Windows-Diagnosis-DPS", "Computer": "DESKTOP-OFJ6N53", "TimeCreated": "2024-02-14 20:57:08.354025+00:00", "RecordID": "3000", "Level": "4", "UserID": "S-1-5-19", "EventData.ScenarioId": "{180b3a99-8c39-4f12-b631-2031998efe45}", "EventData.InstanceId": "{d3508dcd-3bae-427b-82c0-a15b7df6bdc5}", "EventData.OriginalActivityId": "{00000000-0000-0000-0000-000000000000}", "EventData.DiagnosticModuleImageName": "%windir%\\system32\\radardt.dll", "EventData.DiagnosticModuleId": "{45de1ea9-10bc-4f96-9b21-4b6b83dbf476}"}
{"EventID": "105", "Channel": "Microsoft-Windows-Diagnosis-DPS/Operational", "Provider_Name": "Microsoft-Windows-Diagnosis-DPS", "Computer": "DESKTOP-OFJ6N53", "TimeCreated": "2024-02-14 20:57:08.354029+00:00", "RecordID": "3001", "Level": "4", "UserID": "S-1-5-19", "EventData.ScenarioId": "{180b3a99-8c39-4f12-b631-2031998efe45}", "EventData.InstanceId": "{d3508dcd-3bae-427b-82c0-a15b7df6bdc5}", "EventData.OriginalActivityId": "{00000000-0000-0000-0000-000000000000}", "EventData.DiagnosticModuleImageName": "%windir%\\system32\\radardt.dll", "EventData.DiagnosticModuleId": "{45de1ea9-10bc-4f96-9b21-4b6b83dbf476}"}
{"EventID": "100", "Channel": "Microsoft-Windows-Diagnosis-DPS/Operational", "Provider_Name": "Microsoft-Windows-Diagnosis-DPS", "Computer": "DESKTOP-OFJ6N53", "TimeCreated": "2024-02-14 21:02:08.370085+00:00", "RecordID": "3002", "Level": "4", "UserID": "S-1-5-19", "EventData.ScenarioId": "{180b3a99-8c39-4f12-b631-2031998efe45}", "EventData.InstanceId": "{f1521570-e961-41b1-9cca-7f93b3236bec}", "EventData.OriginalActivityId": "{00000000-0000-0000-0000-000000000000}", "EventData.DiagnosticModuleImageName": "%windir%\\system32\\radardt.dll", "EventData.DiagnosticModuleId": "{45de1ea9-10bc-4f96-9b21-4b6b83dbf476}"}
{"EventID": "105", "Channel": "Microsoft-Windows-Diagnosis-DPS/Operational", "Provider_Name": "Microsoft-Windows-Diagnosis-DPS", "Computer": "DESKTOP-OFJ6N53", "TimeCreated": "2024-02-14 21:02:08.370087+00:00", "RecordID": "3003", "Level": "4", "UserID": "S-1-5-19", "EventData.ScenarioId": "{180b3a99-8c39-4f12-b631-2031998efe45}", "EventData.InstanceId": "{f1521570-e961-41b1-9cca-7f93b3236bec}", "EventData.OriginalActivityId": "{00000000-0000-0000-0000-000000000000}", "EventData.DiagnosticModuleImageName": "%windir%\\system32\\radardt.dll", "EventData.DiagnosticModuleId": "{45de1ea9-10bc-4f96-9b21-4b6b83dbf476}"}
{"EventID": "100", "Channel": "Microsoft-Windows-Diagnosis-DPS/Operational", "Provider_Name": "Microsoft-Windows-Diagnosis-DPS", "Computer": "DESKTOP-OFJ6N53", "TimeCreated": "2024-02-14 21:07:08.371088+00:00", "RecordID": "3004", "Level": "4", "UserID": "S-1-5-19", "EventData.ScenarioId": "{180b3a99-8c39-4f12-b631-2031998efe45}", "EventData.InstanceId": "{54983d44-2e0c-474f-8866-308dbbc081c6}", "EventData.OriginalActivityId": "{00000000-0000-0000-0000-000000000000}", "EventData.DiagnosticModuleImageName": "%windir%\\system32\\radardt.dll", "EventData.DiagnosticModuleId": "{45de1ea9-10bc-4f96-9b21-4b6b83dbf476}"}
{"EventID": "105", "Channel": "Microsoft-Windows-Diagnosis-DPS/Operational", "Provider_Name": "Microsoft-Windows-Diagnosis-DPS", "Computer": "DESKTOP-OFJ6N53", "TimeCreated": "2024-02-14 21:07:08.371096+00:00", "RecordID": "3005", "Level": "4", "UserID": "S-1-5-19", "EventData.ScenarioId": "{180b3a99-8c39-4f12-b631-2031998efe45}", "EventData.InstanceId": "{54983d44-2e0c-474f-8866-308dbbc081c6}", "EventData.OriginalActivityId": "{00000000-0000-0000-0000-000000000000}", "EventData.DiagnosticModuleImageName": "%windir%\\system32\\radardt.dll", "EventData.DiagnosticModuleId": "{45de1ea9-10bc-4f96-9b21-4b6b83dbf476}"}
{"EventID": "100", "Channel": "Microsoft-Windows-Diagnosis-DPS/Operational", "Provider_Name": "Microsoft-Windows-Diagnosis-DPS", "Computer": "DESKTOP-OFJ6N53", "TimeCreated": "2024-02-14 21:12:08.371637+00:00", "RecordID": "3006", "Level": "4", "UserID": "S-1-5-19", "EventData.ScenarioId": "{180b3a99-8c39-4f12-b631-2031998efe45}", "EventData.InstanceId": "{787520c2-02bf-448c-bd63-aad952669365}", "EventData.OriginalActivityId": "{00000000-0000-0000-0000-000000000000}", "EventData.DiagnosticModuleImageName": "%windir%\\system32\\radardt.dll", "EventData.DiagnosticModuleId": "{45de1ea9-10bc-4f96-9b21-4b6b83dbf476}"}
{"EventID": "105", "Channel": "Microsoft-Windows-Diagnosis-DPS/Operational", "Provider_Name": "Microsoft-Windows-Diagnosis-DPS", "Computer": "DESKTOP-OFJ6N53", "TimeCreated": "2024-02-14 21:12:08.371641+00:00", "RecordID": "3007", "Level": "4", "UserID": "S-1-5-19", "EventData.ScenarioId": "{180b3a99-8c39-4f12-b631-2031998efe45}", "EventData.InstanceId": "{787520c2-02bf-448c-bd63-aad952669365}", "EventData.OriginalActivityId": "{00000000-0000-0000-0000-000000000000}", "EventData.DiagnosticModuleImageName": "%windir%\\system32\\radardt.dll", "EventData.DiagnosticModuleId": "{45de1ea9-10bc-4f96-9b21-4b6b83dbf476}"}
{"EventID": "100", "Channel": "Microsoft-Windows-Diagnosis-DPS/Operational", "Provider_Name": "Microsoft-Windows-Diagnosis-DPS", "Computer": "DESKTOP-OFJ6N53", "TimeCreated": "2024-02-14 21:17:08.371704+00:00", "RecordID": "3008", "Level": "4", "UserID": "S-1-5-19", "EventData.ScenarioId": "{180b3a99-8c39-4f12-b631-2031998efe45}", "EventData.InstanceId": "{c95d340a-1ac4-4d50-b752-51e95a2ea537}", "EventData.OriginalActivityId": "{00000000-0000-0000-0000-000000000000}", "EventData.DiagnosticModuleImageName": "%windir%\\system32\\radardt.dll", "EventData.DiagnosticModuleId": "{45de1ea9-10bc-4f96-9b21-4b6b83dbf476}"}
{"EventID": "105", "Channel": "Microsoft-Windows-Diagnosis-DPS/Operational", "Provider_Name": "Microsoft-Windows-Diagnosis-DPS", "Computer": "DESKTOP-OFJ6N53", "TimeCreated": "2024-02-14 21:17:08.371708+00:00", "RecordID": "3009", "Level": "4", "UserID": "S-1-5-19", "EventData.ScenarioId": "{180b3a99-8c39-4f12-b631-2031998efe45}", "EventData.InstanceId": "{c95d340a-1ac4-4d50-b752-51e95a2ea537}", "EventData.OriginalActivityId": "{00000000-0000-0000-0000-000000000000}", "EventData.DiagnosticModuleImageName": "%windir%\\system32\\radardt.dll", "EventData.DiagnosticModuleId": "{45de1ea9-10bc-4f96-9b21-4b6b83dbf476}"}
{"EventID": "100", "Channel": "Microsoft-Windows-Diagnosis-DPS/Operational", "Provider_Name": "Microsoft-Windows-Diagnosis-DPS", "Computer": "DESKTOP-OFJ6N53", "TimeCreated": "2024-02-14 21:22:08.372915+00:00", "RecordID": "3010", "Level": "4", "UserID": "S-1-5-19", "EventData.ScenarioId": "{180b3a99-8c39-4f12-b631-2031998efe45}", "EventData.InstanceId": "{5ebd09b8-76cd-44e1-b49b-7820e07c2b8d}", "EventData.OriginalActivityId": "{00000000-0000-0000-0000-000000000000}", "EventData.DiagnosticModuleImageName": "%windir%\\system32\\radardt.dll", "EventData.DiagnosticModuleId": "{45de1ea9-10bc-4f96-9b21-4b6b83dbf476}"}
{"EventID": "105", "Channel": "Microsoft-Windows-Diagnosis-DPS/Operational", "Provider_Name": "Microsoft-Windows-Diagnosis-DPS", "Computer": "DESKTOP-OFJ6N53", "TimeCreated": "2024-02-14 21:22:08.372919+00:00", "RecordID": "3011", "Level": "4", "UserID": "S-1-5-19", "EventData.ScenarioId": "{180b3a99-8c39-4f12-b631-2031998efe45}", "EventData.InstanceId": "{5ebd09b8-76cd-44e1-b49b-7820e07c2b8d}", "EventData.OriginalActivityId": "{00000000-0000-0000-0000-000000000000}", "EventData.DiagnosticModuleImageName": "%windir%\\system32\\radardt.dll", "EventData.DiagnosticModuleId": "{45de1ea9-10bc-4f96-9b21-4b6b83dbf476}"}
{"EventID": "100", "Channel": "Microsoft-Windows-Diagnosis-DPS/Operational", "Provider_Name": "Microsoft-Windows-Diagnosis-DPS", "Computer": "DESKTOP-OFJ6N53", "TimeCreated": "2024-02-14 21:27:08.357559+00:00", "RecordID": "3012", "Level": "4", "UserID": "S-1-5-19", "EventData.ScenarioId": "{180b3a99-8c39-4f12-b631-2031998efe45}", "EventData.InstanceId": "{0ab0fa0d-0632-49fa-9425-22f0b28c3633}", "EventData.OriginalActivityId": "{00000000-0000-0000-0000-000000000000}", "EventData.DiagnosticModuleImageName": "%windir%\\system32\\radardt.dll", "EventData.DiagnosticModuleId": "{45de1ea9-10bc-4f96-9b21-4b6b83dbf476}"}
{"EventID": "105", "Channel": "Microsoft-Windows-Diagnosis-DPS/Operational", "Provider_Name": "Microsoft-Windows-Diagnosis-DPS", "Computer": "DESKTOP-OFJ6N53", "TimeCreated": "2024-02-14 21:27:08.357563+00:00", "RecordID": "3013", "Level": "4", "UserID": "S-1-5-19", "EventData.ScenarioId": "{180b3a99-8c39-4f12-b631-2031998efe45}", "EventData.InstanceId": "{0ab0fa0d-0632-49fa-9425-22f0b28c3633}", "EventData.OriginalActivityId": "{00000000-0000-0000-0000-000000000000}", "EventData.DiagnosticModuleImageName": "%windir%\\system32\\radardt.dll", "EventData.DiagnosticModuleId": "{45de1ea9-10bc-4f96-9b21-4b6b83dbf476}"}
{"EventID": "100", "Channel": "Microsoft-Windows-Diagnosis-DPS/Operational", "Provider_Name": "Microsoft-Windows-Diagnosis-DPS", "Computer": "DESKTOP-OFJ6N53", "TimeCreated": "2024-02-14 21:32:08.373962+00:00", "RecordID": "3014", "Level": "4", "UserID": "S-1-5-19", "EventData.ScenarioId": "{180b3a99-8c39-4f12-b631-2031998efe45}", "EventData.InstanceId": "{7026d3ef-f923-42c1-b53f-cf21a95cf522}", "EventData.OriginalActivityId": "{00000000-0000-0000-0000-000000000000}", "EventData.DiagnosticModuleImageName": "%windir%\\system32\\radardt.dll", "EventData.DiagnosticModuleId": "{45de1ea9-10bc-4f96-9b21-4b6b83dbf476}"}
{"EventID": "105", "Channel": "Microsoft-Windows-Diagnosis-DPS/Operational", "Provider_Name": "Microsoft-Windows-Diagnosis-DPS", "Computer": "DESKTOP-OFJ6N53", "TimeCreated": "2024-02-14 21:32:08.373968+00:00", "RecordID": "3015", "Level": "4", "UserID": "S-1-5-19", "EventData.ScenarioId": "{180b3a99-8c39-4f12-b631-2031998efe45}", "EventData.InstanceId": "{7026d3ef-f923-42c1-b53f-cf21a95cf522}", "EventData.OriginalActivityId": "{00000000-0000-0000-0000-000000000000}", "EventData.DiagnosticModuleImageName": "%windir%\\system32\\radardt.dll", "EventData.DiagnosticModuleId": "{45de1ea9-10bc-4f96-9b21-4b6b83dbf476}"}
{"EventID": "100", "Channel": "Microsoft-Windows-Diagnosis-DPS/Operational", "Provider_Name": "Microsoft-Windows-Diagnosis-DPS", "Computer": "DESKTOP-OFJ6N53", "TimeCreated": "2024-02-14 21:37:08.373890+00:00", "RecordID": "3016", "Level": "4", "UserID": "S-1-5-19", "EventData.ScenarioId": "{180b3a99-8c39-4f12-b631-2031998efe45}", "EventData.InstanceId": "{a0e7f9cf-781b-4deb-8da4-ddf64489c576}", "EventData.OriginalActivityId": "{00000000-0000-0000-0000-000000000000}", "EventData.DiagnosticModuleImageName": "%windir%\\system32\\radardt.dll", "EventData.DiagnosticModuleId": "{45de1ea9-10bc-4f96-9b21-4b6b83dbf476}"}
{"EventID": "105", "Channel": "Microsoft-Windows-Diagnosis-DPS/Operational", "Provider_Name": "Microsoft-Windows-Diagnosis-DPS", "Computer": "DESKTOP-OFJ6N53", "TimeCreated": "2024-02-14 21:37:08.373894+00:00", "RecordID": "3017", "Level": "4", "UserID": "S-1-5-19", "EventData.ScenarioId": "{180b3a99-8c39-4f12-b631-2031998efe45}", "EventData.InstanceId": "{a0e7f9cf-781b-4deb-8da4-ddf64489c576}", "EventData.OriginalActivityId": "{00000000-0000-0000-0000-000000000000}", "EventData.DiagnosticModuleImageName": "%windir%\\system32\\radardt.dll", "EventData.DiagnosticModuleId": "{45de1ea9-10bc-4f96-9b21-4b6b83dbf476}"}
{"EventID": "100", "Channel": "Microsoft-Windows-Diagnosis-DPS/Operational", "Provider_Name": "Microsoft-Windows-Diagnosis-DPS", "Computer": "DESKTOP-OFJ6N53", "TimeCreated": "2024-02-14 21:42:08.374647+00:00", "RecordID": "3018", "Level": "4", "UserID": "S-1-5-19", "EventData.ScenarioId": "{180b3a99-8c39-4f12-b631-2031998efe45}", "EventData.InstanceId": "{aabf0259-e990-468d-aba0-1ef979afc15e}", "EventData.OriginalActivityId": "{00000000-0000-0000-0000-000000000000}", "EventData.DiagnosticModuleImageName": "%windir%\\system32\\radardt.dll", "EventData.DiagnosticModuleId": "{45de1ea9-10bc-4f96-9b21-4b6b83dbf476}"}
{"EventID": "105", "Channel": "Microsoft-Windows-Diagnosis-DPS/Operational", "Provider_Name": "Microsoft-Windows-Diagnosis-DPS", "Computer": "DESKTOP-OFJ6N53", "TimeCreated": "2024-02-14 21:42:08.374651+00:00", "RecordID": "3019", "Level": "4", "UserID": "S-1-5-19", "EventData.ScenarioId": "{180b3a99-8c39-4f12-b631-2031998efe45}", "EventData.InstanceId": "{aabf0259-e990-468d-aba0-1ef979afc15e}", "EventData.OriginalActivityId": "{00000000-0000-0000-0000-000000000000}", "EventData.DiagnosticModuleImageName": "%windir%\\system32\\radardt.dll", "EventData.DiagnosticModuleId": "{45de1ea9-10bc-4f96-9b21-4b6b83dbf476}"}
{"EventID": "100", "Channel": "Microsoft-Windows-Diagnosis-DPS/Operational", "Provider_Name": "Microsoft-Windows-Diagnosis-DPS", "Computer": "DESKTOP-OFJ6N53", "TimeCreated": "2024-02-14 21:47:08.375921+00:00", "RecordID": "3020", "Level": "4", "UserID": "S-1-5-19", "EventData.ScenarioId": "{180b3a99-8c39-4f12-b631-2031998efe45}", "EventData.InstanceId": "{0b3b7430-b107-4e80-842f-e3a056a9c058}", "EventData.OriginalActivityId": "{00000000-0000-0000-0000-000000000000}", "EventData.DiagnosticModuleImageName": "%windir%\\system32\\radardt.dll", "EventData.DiagnosticModuleId": "{45de1ea9-10bc-4f96-9b21-4b6b83dbf476}"}
{"EventID": "105", "Channel": "Microsoft-Windows-Diagnosis-DPS/Operational", "Provider_Name": "Microsoft-Windows-Diagnosis-DPS", "Computer": "DESKTOP-OFJ6N53", "TimeCreated": "2024-02-14 21:47:08.375954+00:00", "RecordID": "3021", "Level": "4", "UserID": "S-1-5-19", "EventData.ScenarioId": "{180b3a99-8c39-4f12-b631-2031998efe45}", "EventData.InstanceId": "{0b3b7430-b107-4e80-842f-e3a056a9c058}", "EventData.OriginalActivityId": "{00000000-0000-0000-0000-000000000000}", "EventData.DiagnosticModuleImageName": "%windir%\\system32\\radardt.dll", "EventData.DiagnosticModuleId": "{45de1ea9-10bc-4f96-9b21-4b6b83dbf476}"}
{"EventID": "100", "Channel": "Microsoft-Windows-Diagnosis-DPS/Operational", "Provider_Name": "Microsoft-Windows-Diagnosis-DPS", "Computer": "DESKTOP-OFJ6N53", "TimeCreated": "2024-02-14 21:52:08.361172+00:00", "RecordID": "3022", "Level": "4", "UserID": "S-1-5-19", "EventData.ScenarioId": "{180b3a99-8c39-4f12-b631-2031998efe45}", "EventData.InstanceId": "{076e531e-09d4-4f05-b622-e948cd58deaf}", "EventData.OriginalActivityId": "{00000000-0000-0000-0000-000000000000}", "EventData.DiagnosticModuleImageName": "%windir%\\system32\\radardt.dll", "EventData.DiagnosticModuleId": "{45de1ea9-10bc-4f96-9b21-4b6b83dbf476}"}
{"EventID": "105", "Channel": "Microsoft-Windows-Diagnosis-DPS/Operational", "Provider_Name": "Microsoft-Windows-Diagnosis-DPS", "Computer": "DESKTOP-OFJ6N53", "TimeCreated": "2024-02-14 21:52:08.361179+00:00", "RecordID": "3023", "Level": "4", "UserID": "S-1-5-19", "EventData.ScenarioId": "{180b3a99-8c39-4f12-b631-2031998efe45}", "EventData.InstanceId": "{076e531e-09d4-4f05-b622-e948cd58deaf}", "EventData.OriginalActivityId": "{00000000-0000-0000-0000-000000000000}", "EventData.DiagnosticModuleImageName": "%windir%\\system32\\radardt.dll", "EventData.DiagnosticModuleId": "{45de1ea9-10bc-4f96-9b21-4b6b83dbf476}"}
{"EventID": "100", "Channel": "Microsoft-Windows-Diagnosis-DPS/Operational", "Provider_Name": "Microsoft-Windows-Diagnosis-DPS", "Computer": "DESKTOP-OFJ6N53", "TimeCreated": "2024-02-14 21:57:08.361269+00:00", "RecordID": "3024", "Level": "4", "UserID": "S-1-5-19", "EventData.ScenarioId": "{180b3a99-8c39-4f12-b631-2031998efe45}", "EventData.InstanceId": "{1b9c21e1-fa22-4463-a975-c491a61d886b}", "EventData.OriginalActivityId": "{00000000-0000-0000-0000-000000000000}", "EventData.DiagnosticModuleImageName": "%windir%\\system32\\radardt.dll", "EventData.DiagnosticModuleId": "{45de1ea9-10bc-4f96-9b21-4b6b83dbf476}"}
{"EventID": "105", "Channel": "Microsoft-Windows-Diagnosis-DPS/Operational", "Provider_Name": "Microsoft-Windows-Diagnosis-DPS", "Computer": "DESKTOP-OFJ6N53", "TimeCreated": "2024-02-14 21:57:08.361273+00:00", "RecordID": "3025", "Level": "4", "UserID": "S-1-5-19", "EventData.ScenarioId": "{180b3a99-8c39-4f12-b631-2031998efe45}", "EventData.InstanceId": "{1b9c21e1-fa22-4463-a975-c491a61d886b}", "EventData.OriginalActivityId": "{00000000-0000-0000-0000-000000000000}", "EventData.DiagnosticModuleImageName": "%windir%\\system32\\radardt.dll", "EventData.DiagnosticModuleId": "{45de1ea9-10bc-4f96-9b21-4b6b83dbf476}"}
{"EventID": "100", "Channel": "Microsoft-Windows-Diagnosis-DPS/Operational", "Provider_Name": "Microsoft-Windows-Diagnosis-DPS", "Computer": "DESKTOP-OFJ6N53", "TimeCreated": "2024-02-14 22:02:08.363087+00:00", "RecordID": "3026", "Level": "4", "UserID": "S-1-5-19", "EventData.ScenarioId": "{180b3a99-8c39-4f12-b631-2031998efe45}", "EventData.InstanceId": "{255afc5c-e489-416b-9315-d9844b4abaeb}", "EventData.OriginalActivityId": "{00000000-0000-0000-0000-000000000000}", "EventData.DiagnosticModuleImageName": "%windir%\\system32\\radardt.dll", "EventData.DiagnosticModuleId": "{45de1ea9-10bc-4f96-9b21-4b6b83dbf476}"}
{"EventID": "105", "Channel": "Microsoft-Windows-Diagnosis-DPS/Operational", "Provider_Name": "Microsoft-Windows-Diagnosis-DPS", "Computer": "DESKTOP-OFJ6N53", "TimeCreated": "2024-02-14 22:02:08.363094+00:00", "RecordID": "3027", "Level": "4", "UserID": "S-1-5-19", "EventData.ScenarioId": "{180b3a99-8c39-4f12-b631-2031998efe45}", "EventData.InstanceId": "{255afc5c-e489-416b-9315-d9844b4abaeb}", "EventData.OriginalActivityId": "{00000000-0000-0000-0000-000000000000}", "EventData.DiagnosticModuleImageName": "%windir%\\system32\\radardt.dll", "EventData.DiagnosticModuleId": "{45de1ea9-10bc-4f96-9b21-4b6b83dbf476}"}
{"EventID": "100", "Channel": "Microsoft-Windows-Diagnosis-DPS/Operational", "Provider_Name": "Microsoft-Windows-Diagnosis-DPS", "Computer": "DESKTOP-OFJ6N53", "TimeCreated": "2024-02-14 22:07:08.367893+00:00", "RecordID": "3028", "Level": "4", "UserID": "S-1-5-19", "EventData.ScenarioId": "{180b3a99-8c39-4f12-b631-2031998efe45}", "EventData.InstanceId": "{f9551776-61e5-492a-8e82-7fd0b0e897a8}", "EventData.OriginalActivityId": "{00000000-0000-0000-0000-000000000000}", "EventData.DiagnosticModuleImageName": "%windir%\\system32\\radardt.dll", "EventData.DiagnosticModuleId": "{45de1ea9-10bc-4f96-9b21-4b6b83dbf476}"}
{"EventID": "105", "Channel": "Microsoft-Windows-Diagnosis-DPS/Operational", "Provider_Name": "Microsoft-Windows-Diagnosis-DPS", "Computer": "DESKTOP-OFJ6N53", "TimeCreated": "2024-02-14 22:07:08.367899+00:00", "RecordID": "3029", "Level": "4", "UserID": "S-1-5-19", "EventData.ScenarioId": "{180b3a99-8c39-4f12-b631-2031998efe45}", "EventData.InstanceId": "{f9551776-61e5-492a-8e82-7fd0b0e897a8}", "EventData.OriginalActivityId": "{00000000-0000-0000-0000-000000000000}", "EventData.DiagnosticModuleImageName": "%windir%\\system32\\radardt.dll", "EventData.DiagnosticModuleId": "{45de1ea9-10bc-4f96-9b21-4b6b83dbf476}"}
{"EventID": "100", "Channel": "Microsoft-Windows-Diagnosis-DPS/Operational", "Provider_Name": "Microsoft-Windows-Diagnosis-DPS", "Computer": "DESKTOP-OFJ6N53", "TimeCreated": "2024-02-14 22:12:08.384586+00:00", "RecordID": "3030", "Level": "4", "UserID": "S-1-5-19", "EventData.ScenarioId": "{180b3a99-8c39-4f12-b631-2031998efe45}", "EventData.InstanceId": "{f6e34b6d-ab8a-4c0b-ae3d-876566950080}", "EventData.OriginalActivityId": "{00000000-0000-0000-0000-000000000000}", "EventData.DiagnosticModuleImageName": "%windir%\\system32\\radardt.dll", "EventData.DiagnosticModuleId": "{45de1ea9-10bc-4f96-9b21-4b6b83dbf476}"}
{"EventID": "105", "Channel": "Microsoft-Windows-Diagnosis-DPS/Operational", "Provider_Name": "Microsoft-Windows-Diagnosis-DPS", "Computer": "DESKTOP-OFJ6N53", "TimeCreated": "2024-02-14 22:12:08.384590+00:00", "RecordID": "3031", "Level": "4", "UserID": "S-1-5-19", "EventData.ScenarioId": "{180b3a99-8c39-4f12-b631-2031998efe45}", "EventData.InstanceId": "{f6e34b6d-ab8a-4c0b-ae3d-876566950080}", "EventData.OriginalActivityId": "{00000000-0000-0000-0000-000000000000}", "EventData.DiagnosticModuleImageName": "%windir%\\system32\\radardt.dll", "EventData.DiagnosticModuleId": "{45de1ea9-10bc-4f96-9b21-4b6b83dbf476}"}
{"EventID": "100", "Channel": "Microsoft-Windows-Diagnosis-DPS/Operational", "Provider_Name": "Microsoft-Windows-Diagnosis-DPS", "Computer": "DESKTOP-OFJ6N53", "TimeCreated": "2024-02-14 22:17:08.384930+00:00", "RecordID": "3032", "Level": "4", "UserID": "S-1-5-19", "EventData.ScenarioId": "{180b3a99-8c39-4f12-b631-2031998efe45}", "EventData.InstanceId": "{7c176a19-eaf7-4503-a072-f5ece64fe91c}", "EventData.OriginalActivityId": "{00000000-0000-0000-0000-000000000000}", "EventData.DiagnosticModuleImageName": "%windir%\\system32\\radardt.dll", "EventData.DiagnosticModuleId": "{45de1ea9-10bc-4f96-9b21-4b6b83dbf476}"}
{"EventID": "105", "Channel": "Microsoft-Windows-Diagnosis-DPS/Operational", "Provider_Name": "Microsoft-Windows-Diagnosis-DPS", "Computer": "DESKTOP-OFJ6N53", "TimeCreated": "2024-02-14 22:17:08.384932+00:00", "RecordID": "3033", "Level": "4", "UserID": "S-1-5-19", "EventData.ScenarioId": "{180b3a99-8c39-4f12-b631-2031998efe45}", "EventData.InstanceId": "{7c176a19-eaf7-4503-a072-f5ece64fe91c}", "EventData.OriginalActivityId": "{00000000-0000-0000-0000-000000000000}", "EventData.DiagnosticModuleImageName": "%windir%\\system32\\radardt.dll", "EventData.DiagnosticModuleId": "{45de1ea9-10bc-4f96-9b21-4b6b83dbf476}"}
{"EventID": "100", "Channel": "Microsoft-Windows-Diagnosis-DPS/Operational", "Provider_Name": "Microsoft-Windows-Diagnosis-DPS", "Computer": "DESKTOP-OFJ6N53", "TimeCreated": "2024-02-14 22:22:08.387589+00:00", "RecordID": "3034", "Level": "4", "UserID": "S-1-5-19", "EventData.ScenarioId": "{180b3a99-8c39-4f12-b631-2031998efe45}", "EventData.InstanceId": "{0b303073-f76d-4ec0-a22c-cb0f0298b04f}", "EventData.OriginalActivityId": "{00000000-0000-0000-0000-000000000000}", "EventData.DiagnosticModuleImageName": "%windir%\\system32\\radardt.dll", "EventData.DiagnosticModuleId": "{45de1ea9-10bc-4f96-9b21-4b6b83dbf476}"}
{"EventID": "105", "Channel": "Microsoft-Windows-Diagnosis-DPS/Operational", "Provider_Name": "Microsoft-Windows-Diagnosis-DPS", "Computer": "DESKTOP-OFJ6N53", "TimeCreated": "2024-02-14 22:22:08.387592+00:00", "RecordID": "3035", "Level": "4", "UserID": "S-1-5-19", "EventData.ScenarioId": "{180b3a99-8c39-4f12-b631-2031998efe45}", "EventData.InstanceId": "{0b303073-f76d-4ec0-a22c-cb0f0298b04f}", "EventData.OriginalActivityId": "{00000000-0000-0000-0000-000000000000}", "EventData.DiagnosticModuleImageName": "%windir%\\system32\\radardt.dll", "EventData.DiagnosticModuleId": "{45de1ea9-10bc-4f96-9b21-4b6b83dbf476}"}
{"EventID": "100", "Channel": "Microsoft-Windows-Diagnosis-DPS/Operational", "Provider_Name": "Microsoft-Windows-Diagnosis-DPS", "Computer": "DESKTOP-OFJ6N53", "TimeCreated": "2024-02-14 22:27:08.371725+00:00", "RecordID": "3036", "Level": "4", "UserID": "S-1-5-19", "EventData.ScenarioId": "{180b3a99-8c39-4f12-b631-2031998efe45}", "EventData.InstanceId": "{819cc2f0-a490-49f5-a03f-26c74e28def4}", "EventData.OriginalActivityId": "{00000000-0000-0000-0000-000000000000}", "EventData.DiagnosticModuleImageName": "%windir%\\system32\\radardt.dll", "EventData.DiagnosticModuleId": "{45de1ea9-10bc-4f96-9b21-4b6b83dbf476}"}
{"EventID": "105", "Channel": "Microsoft-Windows-Diagnosis-DPS/Operational", "Provider_Name": "Microsoft-Windows-Diagnosis-DPS", "Computer": "DESKTOP-OFJ6N53", "TimeCreated": "2024-02-14 22:27:08.371729+00:00", "RecordID": "3037", "Level": "4", "UserID": "S-1-5-19", "EventData.ScenarioId": "{180b3a99-8c39-4f12-b631-2031998efe45}", "EventData.InstanceId": "{819cc2f0-a490-49f5-a03f-26c74e28def4}", "EventData.OriginalActivityId": "{00000000-0000-0000-0000-000000000000}", "EventData.DiagnosticModuleImageName": "%windir%\\system32\\radardt.dll", "EventData.DiagnosticModuleId": "{45de1ea9-10bc-4f96-9b21-4b6b83dbf476}"}
{"EventID": "100", "Channel": "Microsoft-Windows-Diagnosis-DPS/Operational", "Provider_Name": "Microsoft-Windows-Diagnosis-DPS", "Computer": "DESKTOP-OFJ6N53", "TimeCreated": "2024-02-14 22:32:08.373030+00:00", "RecordID": "3038", "Level": "4", "UserID": "S-1-5-19", "EventData.ScenarioId": "{180b3a99-8c39-4f12-b631-2031998efe45}", "EventData.InstanceId": "{8f76d8bf-e999-4e82-971d-19a00d754ccd}", "EventData.OriginalActivityId": "{00000000-0000-0000-0000-000000000000}", "EventData.DiagnosticModuleImageName": "%windir%\\system32\\radardt.dll", "EventData.DiagnosticModuleId": "{45de1ea9-10bc-4f96-9b21-4b6b83dbf476}"}
{"EventID": "105", "Channel": "Microsoft-Windows-Diagnosis-DPS/Operational", "Provider_Name": "Microsoft-Windows-Diagnosis-DPS", "Computer": "DESKTOP-OFJ6N53", "TimeCreated": "2024-02-14 22:32:08.373034+00:00", "RecordID": "3039", "Level": "4", "UserID": "S-1-5-19", "EventData.ScenarioId": "{180b3a99-8c39-4f12-b631-2031998efe45}", "EventData.InstanceId": "{8f76d8bf-e999-4e82-971d-19a00d754ccd}", "EventData.OriginalActivityId": "{00000000-0000-0000-0000-000000000000}", "EventData.DiagnosticModuleImageName": "%windir%\\system32\\radardt.dll", "EventData.DiagnosticModuleId": "{45de1ea9-10bc-4f96-9b21-4b6b83dbf476}"}
{"EventID": "100", "Channel": "Microsoft-Windows-Diagnosis-DPS/Operational", "Provider_Name": "Microsoft-Windows-Diagnosis-DPS", "Computer": "DESKTOP-OFJ6N53", "TimeCreated": "2024-02-14 22:37:08.373281+00:00", "RecordID": "3040", "Level": "4", "UserID": "S-1-5-19", "EventData.ScenarioId": "{180b3a99-8c39-4f12-b631-2031998efe45}", "EventData.InstanceId": "{f9c2f098-06b3-401c-93d6-0b9a117d61d7}", "EventData.OriginalActivityId": "{00000000-0000-0000-0000-000000000000}", "EventData.DiagnosticModuleImageName": "%windir%\\system32\\radardt.dll", "EventData.DiagnosticModuleId": "{45de1ea9-10bc-4f96-9b21-4b6b83dbf476}"}
{"EventID": "105", "Channel": "Microsoft-Windows-Diagnosis-DPS/Operational", "Provider_Name": "Microsoft-Windows-Diagnosis-DPS", "Computer": "DESKTOP-OFJ6N53", "TimeCreated": "2024-02-14 22:37:08.373283+00:00", "RecordID": "3041", "Level": "4", "UserID": "S-1-5-19", "EventData.ScenarioId": "{180b3a99-8c39-4f12-b631-2031998efe45}", "EventData.InstanceId": "{f9c2f098-06b3-401c-93d6-0b9a117d61d7}", "EventData.OriginalActivityId": "{00000000-0000-0000-0000-000000000000}", "EventData.DiagnosticModuleImageName": "%windir%\\system32\\radardt.dll", "EventData.DiagnosticModuleId": "{45de1ea9-10bc-4f96-9b21-4b6b83dbf476}"}
