{"EventID": "410", "Channel": "Microsoft-Windows-Kernel-PnP/Configuration", "Provider_Name": "Microsoft-Windows-Kernel-PnP", "Computer": "DESKTOP-OFJ6N53", "TimeCreated": "2025-08-19 06:35:37.311089+00:00", "RecordID": "36183", "Level": "4", "UserID": "S-1-5-18", "EventData.DeviceInstanceId": "SWD\\MMDEVAPI\\{3.0.0.00000001}.{6C26BA7D-F0B2-4225-B422-8168C5261E45}", "EventData.DriverName": "audioendpoint.inf", "EventData.ClassGuid": "{c166523c-fe0c-4a94-a586-f1a80cfbbf3e}", "EventData.ServiceName": null, "EventData.LowerFilters": null, "EventData.UpperFilters": null, "EventData.Problem": "0x00000000", "EventData.Status": "0x00000000"}
{"EventID": "420", "Channel": "Microsoft-Windows-Kernel-PnP/Configuration", "Provider_Name": "Microsoft-Windows-Kernel-PnP", "Computer": "DESKTOP-OFJ6N53", "TimeCreated": "2025-08-19 06:43:17.980288+00:00", "RecordID": "36184", "Level": "4", "UserID": "S-1-5-18", "EventData.DeviceInstanceId": "SWD\\MMDEVAPI\\{3.0.0.00000001}.{6C26BA7D-F0B2-4225-B422-8168C5261E45}", "EventData.ClassGuid": "{c166523c-fe0c-4a94-a586-f1a80cfbbf3e}", "EventData.Problem": "0x00000000", "EventData.Status": "0x00000000"}
{"EventID": "400", "Channel": "Microsoft-Windows-Kernel-PnP/Configuration", "Provider_Name": "Microsoft-Windows-Kernel-PnP", "Computer": "DESKTOP-OFJ6N53", "TimeCreated": "2025-08-19 07:06:51.739578+00:00", "RecordID": "36185", "Level": "4", "UserID": "S-1-5-18", "EventData.DeviceInstanceId": "SWD\\MMDEVAPI\\{3.0.0.00000001}.{6C26BA7D-F0B2-4225-B422-8168C5261E45}", "EventData.DriverName": "audioendpoint.inf", "EventData.ClassGuid": "{c166523c-fe0c-4a94-a586-f1a80cfbbf3e}", "EventData.DriverDate": "12/06/2019", "EventData.DriverVersion": "10.0.19041.1", "EventData.DriverProvider": "Microsoft", "EventData.DriverInbox": "True", "EventData.DriverSection": "NO_DRV", "EventData.DriverRank": "0x00ff0000", "EventData.MatchingDeviceId": "MMDEVAPI\\AudioEndpoints", "EventData.OutrankedDrivers": "c_swdevice.inf:SWD\\GenericRaw:00FF3001", "EventData.DeviceUpdated": "False", "EventData.Status": "0x00000000", "EventData.ParentDeviceInstanceId": "HTREE\\ROOT\\0"}
{"EventID": "410", "Channel": "Microsoft-Windows-Kernel-PnP/Configuration", "Provider_Name": "Microsoft-Windows-Kernel-PnP", "Computer": "DESKTOP-OFJ6N53", "TimeCreated": "2025-08-19 07:06:51.741383+00:00", "RecordID": "36186", "Level": "4", "UserID": "S-1-5-18", "EventData.DeviceInstanceId": "SWD\\MMDEVAPI\\{3.0.0.00000001}.{6C26BA7D-F0B2-4225-B422-8168C5261E45}", "EventData.DriverName": "audioendpoint.inf", "EventData.ClassGuid": "{c166523c-fe0c-4a94-a586-f1a80cfbbf3e}", "EventData.ServiceName": null, "EventData.LowerFilters": null, "EventData.UpperFilters": null, "EventData.Problem": "0x00000000", "EventData.Status": "0x00000000"}
{"EventID": "420", "Channel": "Microsoft-Windows-Kernel-PnP/Configuration", "Provider_Name": "Microsoft-Windows-Kernel-PnP", "Computer": "DESKTOP-OFJ6N53", "TimeCreated": "2025-08-19 07:17:59.775078+00:00", "RecordID": "36187", "Level": "4", "UserID": "S-1-5-18", "EventData.DeviceInstanceId": "SWD\\MMDEVAPI\\{3.0.0.00000001}.{6C26BA7D-F0B2-4225-B422-8168C5261E45}", "EventData.ClassGuid": "{c166523c-fe0c-4a94-a586-f1a80cfbbf3e}", "EventData.Problem": "0x00000000", "EventData.Status": "0x00000000"}
{"EventID": "400", "Channel": "Microsoft-Windows-Kernel-PnP/Configuration", "Provider_Name": "Microsoft-Windows-Kernel-PnP", "Computer": "DESKTOP-OFJ6N53", "TimeCreated": "2025-08-19 07:20:04.301067+00:00", "RecordID": "36188", "Level": "4", "UserID": "S-1-5-18", "EventData.DeviceInstanceId": "SWD\\MMDEVAPI\\{3.0.0.00000001}.{6C26BA7D-F0B2-4225-B422-8168C5261E45}", "EventData.DriverName": "audioendpoint.inf", "EventData.ClassGuid": "{c166523c-fe0c-4a94-a586-f1a80cfbbf3e}", "EventData.DriverDate": "12/06/2019", "EventData.DriverVersion": "10.0.19041.1", "EventData.DriverProvider": "Microsoft", "EventData.DriverInbox": "True", "EventData.DriverSection": "NO_DRV", "EventData.DriverRank": "0x00ff0000", "EventData.MatchingDeviceId": "MMDEVAPI\\AudioEndpoints", "EventData.OutrankedDrivers": "c_swdevice.inf:SWD\\GenericRaw:00FF3001", "EventData.DeviceUpdated": "False", "EventData.Status": "0x00000000", "EventData.ParentDeviceInstanceId": "HTREE\\ROOT\\0"}
{"EventID": "410", "Channel": "Microsoft-Windows-Kernel-PnP/Configuration", "Provider_Name": "Microsoft-Windows-Kernel-PnP", "Computer": "DESKTOP-OFJ6N53", "TimeCreated": "2025-08-19 07:20:04.303421+00:00", "RecordID": "36189", "Level": "4", "UserID": "S-1-5-18", "EventData.DeviceInstanceId": "SWD\\MMDEVAPI\\{3.0.0.00000001}.{6C26BA7D-F0B2-4225-B422-8168C5261E45}", "EventData.DriverName": "audioendpoint.inf", "EventData.ClassGuid": "{c166523c-fe0c-4a94-a586-f1a80cfbbf3e}", "EventData.ServiceName": null, "EventData.LowerFilters": null, "EventData.UpperFilters": null, "EventData.Problem": "0x00000000", "EventData.Status": "0x00000000"}
{"EventID": "420", "Channel": "Microsoft-Windows-Kernel-PnP/Configuration", "Provider_Name": "Microsoft-Windows-Kernel-PnP", "Computer": "DESKTOP-OFJ6N53", "TimeCreated": "2025-08-19 07:43:16.400295+00:00", "RecordID": "36190", "Level": "4", "UserID": "S-1-5-18", "EventData.DeviceInstanceId": "SWD\\MMDEVAPI\\{3.0.0.00000001}.{6C26BA7D-F0B2-4225-B422-8168C5261E45}", "EventData.ClassGuid": "{c166523c-fe0c-4a94-a586-f1a80cfbbf3e}", "EventData.Problem": "0x00000000", "EventData.Status": "0x00000000"}
{"EventID": "400", "Channel": "Microsoft-Windows-Kernel-PnP/Configuration", "Provider_Name": "Microsoft-Windows-Kernel-PnP", "Computer": "DESKTOP-OFJ6N53", "TimeCreated": "2025-08-19 07:45:58.005701+00:00", "RecordID": "36191", "Level": "4", "UserID": "S-1-5-18", "EventData.DeviceInstanceId": "SWD\\MMDEVAPI\\{3.0.0.00000001}.{6C26BA7D-F0B2-4225-B422-8168C5261E45}", "EventData.DriverName": "audioendpoint.inf", "EventData.ClassGuid": "{c166523c-fe0c-4a94-a586-f1a80cfbbf3e}", "EventData.DriverDate": "12/06/2019", "EventData.DriverVersion": "10.0.19041.1", "EventData.DriverProvider": "Microsoft", "EventData.DriverInbox": "True", "EventData.DriverSection": "NO_DRV", "EventData.DriverRank": "0x00ff0000", "EventData.MatchingDeviceId": "MMDEVAPI\\AudioEndpoints", "EventData.OutrankedDrivers": "c_swdevice.inf:SWD\\GenericRaw:00FF3001", "EventData.DeviceUpdated": "False", "EventData.Status": "0x00000000", "EventData.ParentDeviceInstanceId": "HTREE\\ROOT\\0"}
{"EventID": "410", "Channel": "Microsoft-Windows-Kernel-PnP/Configuration", "Provider_Name": "Microsoft-Windows-Kernel-PnP", "Computer": "DESKTOP-OFJ6N53", "TimeCreated": "2025-08-19 07:45:58.007481+00:00", "RecordID": "36192", "Level": "4", "UserID": "S-1-5-18", "EventData.DeviceInstanceId": "SWD\\MMDEVAPI\\{3.0.0.00000001}.{6C26BA7D-F0B2-4225-B422-8168C5261E45}", "EventData.DriverName": "audioendpoint.inf", "EventData.ClassGuid": "{c166523c-fe0c-4a94-a586-f1a80cfbbf3e}", "EventData.ServiceName": null, "EventData.LowerFilters": null, "EventData.UpperFilters": null, "EventData.Problem": "0x00000000", "EventData.Status": "0x00000000"}
{"EventID": "420", "Channel": "Microsoft-Windows-Kernel-PnP/Configuration", "Provider_Name": "Microsoft-Windows-Kernel-PnP", "Computer": "DESKTOP-OFJ6N53", "TimeCreated": "2025-08-19 08:03:38.351044+00:00", "RecordID": "36193", "Level": "4", "UserID": "S-1-5-18", "EventData.DeviceInstanceId": "SWD\\MMDEVAPI\\{3.0.0.00000001}.{6C26BA7D-F0B2-4225-B422-8168C5261E45}", "EventData.ClassGuid": "{c166523c-fe0c-4a94-a586-f1a80cfbbf3e}", "EventData.Problem": "0x00000000", "EventData.Status": "0x00000000"}
{"EventID": "400", "Channel": "Microsoft-Windows-Kernel-PnP/Configuration", "Provider_Name": "Microsoft-Windows-Kernel-PnP", "Computer": "DESKTOP-OFJ6N53", "TimeCreated": "2025-08-19 09:13:42.245920+00:00", "RecordID": "36194", "Level": "4", "UserID": "S-1-5-18", "EventData.DeviceInstanceId": "SWD\\MMDEVAPI\\{3.0.0.00000001}.{6C26BA7D-F0B2-4225-B422-8168C5261E45}", "EventData.DriverName": "audioendpoint.inf", "EventData.ClassGuid": "{c166523c-fe0c-4a94-a586-f1a80cfbbf3e}", "EventData.DriverDate": "12/06/2019", "EventData.DriverVersion": "10.0.19041.1", "EventData.DriverProvider": "Microsoft", "EventData.DriverInbox": "True", "EventData.DriverSection": "NO_DRV", "EventData.DriverRank": "0x00ff0000", "EventData.MatchingDeviceId": "MMDEVAPI\\AudioEndpoints", "EventData.OutrankedDrivers": "c_swdevice.inf:SWD\\GenericRaw:00FF3001", "EventData.DeviceUpdated": "False", "EventData.Status": "0x00000000", "EventData.ParentDeviceInstanceId": "HTREE\\ROOT\\0"}
{"EventID": "410", "Channel": "Microsoft-Windows-Kernel-PnP/Configuration", "Provider_Name": "Microsoft-Windows-Kernel-PnP", "Computer": "DESKTOP-OFJ6N53", "TimeCreated": "2025-08-19 09:13:42.248428+00:00", "RecordID": "36195", "Level": "4", "UserID": "S-1-5-18", "EventData.DeviceInstanceId": "SWD\\MMDEVAPI\\{3.0.0.00000001}.{6C26BA7D-F0B2-4225-B422-8168C5261E45}", "EventData.DriverName": "audioendpoint.inf", "EventData.ClassGuid": "{c166523c-fe0c-4a94-a586-f1a80cfbbf3e}", "EventData.ServiceName": null, "EventData.LowerFilters": null, "EventData.UpperFilters": null, "EventData.Problem": "0x00000000", "EventData.Status": "0x00000000"}
{"EventID": "420", "Channel": "Microsoft-Windows-Kernel-PnP/Configuration", "Provider_Name": "Microsoft-Windows-Kernel-PnP", "Computer": "DESKTOP-OFJ6N53", "TimeCreated": "2025-08-19 09:26:33.533350+00:00", "RecordID": "36196", "Level": "4", "UserID": "S-1-5-18", "EventData.DeviceInstanceId": "SWD\\MMDEVAPI\\{3.0.0.00000001}.{6C26BA7D-F0B2-4225-B422-8168C5261E45}", "EventData.ClassGuid": "{c166523c-fe0c-4a94-a586-f1a80cfbbf3e}", "EventData.Problem": "0x00000000", "EventData.Status": "0x00000000"}
{"EventID": "400", "Channel": "Microsoft-Windows-Kernel-PnP/Configuration", "Provider_Name": "Microsoft-Windows-Kernel-PnP", "Computer": "DESKTOP-OFJ6N53", "TimeCreated": "2025-08-19 09:29:30.094955+00:00", "RecordID": "36197", "Level": "4", "UserID": "S-1-5-18", "EventData.DeviceInstanceId": "SWD\\MMDEVAPI\\{3.0.0.00000001}.{6C26BA7D-F0B2-4225-B422-8168C5261E45}", "EventData.DriverName": "audioendpoint.inf", "EventData.ClassGuid": "{c166523c-fe0c-4a94-a586-f1a80cfbbf3e}", "EventData.DriverDate": "12/06/2019", "EventData.DriverVersion": "10.0.19041.1", "EventData.DriverProvider": "Microsoft", "EventData.DriverInbox": "True", "EventData.DriverSection": "NO_DRV", "EventData.DriverRank": "0x00ff0000", "EventData.MatchingDeviceId": "MMDEVAPI\\AudioEndpoints", "EventData.OutrankedDrivers": "c_swdevice.inf:SWD\\GenericRaw:00FF3001", "EventData.DeviceUpdated": "False", "EventData.Status": "0x00000000", "EventData.ParentDeviceInstanceId": "HTREE\\ROOT\\0"}
{"EventID": "410", "Channel": "Microsoft-Windows-Kernel-PnP/Configuration", "Provider_Name": "Microsoft-Windows-Kernel-PnP", "Computer": "DESKTOP-OFJ6N53", "TimeCreated": "2025-08-19 09:29:30.097031+00:00", "RecordID": "36198", "Level": "4", "UserID": "S-1-5-18", "EventData.DeviceInstanceId": "SWD\\MMDEVAPI\\{3.0.0.00000001}.{6C26BA7D-F0B2-4225-B422-8168C5261E45}", "EventData.DriverName": "audioendpoint.inf", "EventData.ClassGuid": "{c166523c-fe0c-4a94-a586-f1a80cfbbf3e}", "EventData.ServiceName": null, "EventData.LowerFilters": null, "EventData.UpperFilters": null, "EventData.Problem": "0x00000000", "EventData.Status": "0x00000000"}
{"EventID": "420", "Channel": "Microsoft-Windows-Kernel-PnP/Configuration", "Provider_Name": "Microsoft-Windows-Kernel-PnP", "Computer": "DESKTOP-OFJ6N53", "TimeCreated": "2025-08-19 09:32:01.146971+00:00", "RecordID": "36199", "Level": "4", "UserID": "S-1-5-18", "EventData.DeviceInstanceId": "SWD\\MMDEVAPI\\{3.0.0.00000001}.{6C26BA7D-F0B2-4225-B422-8168C5261E45}", "EventData.ClassGuid": "{c166523c-fe0c-4a94-a586-f1a80cfbbf3e}", "EventData.Problem": "0x00000000", "EventData.Status": "0x00000000"}
{"EventID": "400", "Channel": "Microsoft-Windows-Kernel-PnP/Configuration", "Provider_Name": "Microsoft-Windows-Kernel-PnP", "Computer": "DESKTOP-OFJ6N53", "TimeCreated": "2025-08-19 09:32:36.037334+00:00", "RecordID": "36200", "Level": "4", "UserID": "S-1-5-18", "EventData.DeviceInstanceId": "SWD\\MMDEVAPI\\{3.0.0.00000001}.{6C26BA7D-F0B2-4225-B422-8168C5261E45}", "EventData.DriverName": "audioendpoint.inf", "EventData.ClassGuid": "{c166523c-fe0c-4a94-a586-f1a80cfbbf3e}", "EventData.DriverDate": "12/06/2019", "EventData.DriverVersion": "10.0.19041.1", "EventData.DriverProvider": "Microsoft", "EventData.DriverInbox": "True", "EventData.DriverSection": "NO_DRV", "EventData.DriverRank": "0x00ff0000", "EventData.MatchingDeviceId": "MMDEVAPI\\AudioEndpoints", "EventData.OutrankedDrivers": "c_swdevice.inf:SWD\\GenericRaw:00FF3001", "EventData.DeviceUpdated": "False", "EventData.Status": "0x00000000", "EventData.ParentDeviceInstanceId": "HTREE\\ROOT\\0"}
{"EventID": "410", "Channel": "Microsoft-Windows-Kernel-PnP/Configuration", "Provider_Name": "Microsoft-Windows-Kernel-PnP", "Computer": "DESKTOP-OFJ6N53", "TimeCreated": "2025-08-19 09:32:36.039610+00:00", "RecordID": "36201", "Level": "4", "UserID": "S-1-5-18", "EventData.DeviceInstanceId": "SWD\\MMDEVAPI\\{3.0.0.00000001}.{6C26BA7D-F0B2-4225-B422-8168C5261E45}", "EventData.DriverName": "audioendpoint.inf", "EventData.ClassGuid": "{c166523c-fe0c-4a94-a586-f1a80cfbbf3e}", "EventData.ServiceName": null, "EventData.LowerFilters": null, "EventData.UpperFilters": null, "EventData.Problem": "0x00000000", "EventData.Status": "0x00000000"}
{"EventID": "420", "Channel": "Microsoft-Windows-Kernel-PnP/Configuration", "Provider_Name": "Microsoft-Windows-Kernel-PnP", "Computer": "DESKTOP-OFJ6N53", "TimeCreated": "2025-08-19 09:37:17.100937+00:00", "RecordID": "36202", "Level": "4", "UserID": "S-1-5-18", "EventData.DeviceInstanceId": "SWD\\MMDEVAPI\\{3.0.0.00000001}.{6C26BA7D-F0B2-4225-B422-8168C5261E45}", "EventData.ClassGuid": "{c166523c-fe0c-4a94-a586-f1a80cfbbf3e}", "EventData.Problem": "0x00000000", "EventData.Status": "0x00000000"}
{"EventID": "400", "Channel": "Microsoft-Windows-Kernel-PnP/Configuration", "Provider_Name": "Microsoft-Windows-Kernel-PnP", "Computer": "DESKTOP-OFJ6N53", "TimeCreated": "2025-08-19 09:37:57.694880+00:00", "RecordID": "36203", "Level": "4", "UserID": "S-1-5-18", "EventData.DeviceInstanceId": "SWD\\MMDEVAPI\\{3.0.0.00000001}.{6C26BA7D-F0B2-4225-B422-8168C5261E45}", "EventData.DriverName": "audioendpoint.inf", "EventData.ClassGuid": "{c166523c-fe0c-4a94-a586-f1a80cfbbf3e}", "EventData.DriverDate": "12/06/2019", "EventData.DriverVersion": "10.0.19041.1", "EventData.DriverProvider": "Microsoft", "EventData.DriverInbox": "True", "EventData.DriverSection": "NO_DRV", "EventData.DriverRank": "0x00ff0000", "EventData.MatchingDeviceId": "MMDEVAPI\\AudioEndpoints", "EventData.OutrankedDrivers": "c_swdevice.inf:SWD\\GenericRaw:00FF3001", "EventData.DeviceUpdated": "False", "EventData.Status": "0x00000000", "EventData.ParentDeviceInstanceId": "HTREE\\ROOT\\0"}
{"EventID": "410", "Channel": "Microsoft-Windows-Kernel-PnP/Configuration", "Provider_Name": "Microsoft-Windows-Kernel-PnP", "Computer": "DESKTOP-OFJ6N53", "TimeCreated": "2025-08-19 09:37:57.696560+00:00", "RecordID": "36204", "Level": "4", "UserID": "S-1-5-18", "EventData.DeviceInstanceId": "SWD\\MMDEVAPI\\{3.0.0.00000001}.{6C26BA7D-F0B2-4225-B422-8168C5261E45}", "EventData.DriverName": "audioendpoint.inf", "EventData.ClassGuid": "{c166523c-fe0c-4a94-a586-f1a80cfbbf3e}", "EventData.ServiceName": null, "EventData.LowerFilters": null, "EventData.UpperFilters": null, "EventData.Problem": "0x00000000", "EventData.Status": "0x00000000"}
{"EventID": "420", "Channel": "Microsoft-Windows-Kernel-PnP/Configuration", "Provider_Name": "Microsoft-Windows-Kernel-PnP", "Computer": "DESKTOP-OFJ6N53", "TimeCreated": "2025-08-19 10:17:38.373274+00:00", "RecordID": "36205", "Level": "4", "UserID": "S-1-5-18", "EventData.DeviceInstanceId": "SWD\\MMDEVAPI\\{3.0.0.00000001}.{6C26BA7D-F0B2-4225-B422-8168C5261E45}", "EventData.ClassGuid": "{c166523c-fe0c-4a94-a586-f1a80cfbbf3e}", "EventData.Problem": "0x00000000", "EventData.Status": "0x00000000"}
{"EventID": "400", "Channel": "Microsoft-Windows-Kernel-PnP/Configuration", "Provider_Name": "Microsoft-Windows-Kernel-PnP", "Computer": "DESKTOP-OFJ6N53", "TimeCreated": "2025-08-19 10:25:35.552013+00:00", "RecordID": "36206", "Level": "4", "UserID": "S-1-5-18", "EventData.DeviceInstanceId": "SWD\\MMDEVAPI\\{3.0.0.00000001}.{6C26BA7D-F0B2-4225-B422-8168C5261E45}", "EventData.DriverName": "audioendpoint.inf", "EventData.ClassGuid": "{c166523c-fe0c-4a94-a586-f1a80cfbbf3e}", "EventData.DriverDate": "12/06/2019", "EventData.DriverVersion": "10.0.19041.1", "EventData.DriverProvider": "Microsoft", "EventData.DriverInbox": "True", "EventData.DriverSection": "NO_DRV", "EventData.DriverRank": "0x00ff0000", "EventData.MatchingDeviceId": "MMDEVAPI\\AudioEndpoints", "EventData.OutrankedDrivers": "c_swdevice.inf:SWD\\GenericRaw:00FF3001", "EventData.DeviceUpdated": "False", "EventData.Status": "0x00000000", "EventData.ParentDeviceInstanceId": "HTREE\\ROOT\\0"}
{"EventID": "410", "Channel": "Microsoft-Windows-Kernel-PnP/Configuration", "Provider_Name": "Microsoft-Windows-Kernel-PnP", "Computer": "DESKTOP-OFJ6N53", "TimeCreated": "2025-08-19 10:25:35.553898+00:00", "RecordID": "36207", "Level": "4", "UserID": "S-1-5-18", "EventData.DeviceInstanceId": "SWD\\MMDEVAPI\\{3.0.0.00000001}.{6C26BA7D-F0B2-4225-B422-8168C5261E45}", "EventData.DriverName": "audioendpoint.inf", "EventData.ClassGuid": "{c166523c-fe0c-4a94-a586-f1a80cfbbf3e}", "EventData.ServiceName": null, "EventData.LowerFilters": null, "EventData.UpperFilters": null, "EventData.Problem": "0x00000000", "EventData.Status": "0x00000000"}
{"EventID": "420", "Channel": "Microsoft-Windows-Kernel-PnP/Configuration", "Provider_Name": "Microsoft-Windows-Kernel-PnP", "Computer": "DESKTOP-OFJ6N53", "TimeCreated": "2025-08-19 10:25:40.721340+00:00", "RecordID": "36208", "Level": "4", "UserID": "S-1-5-18", "EventData.DeviceInstanceId": "SWD\\MMDEVAPI\\{3.0.0.00000001}.{6C26BA7D-F0B2-4225-B422-8168C5261E45}", "EventData.ClassGuid": "{c166523c-fe0c-4a94-a586-f1a80cfbbf3e}", "EventData.Problem": "0x00000000", "EventData.Status": "0x00000000"}
{"EventID": "400", "Channel": "Microsoft-Windows-Kernel-PnP/Configuration", "Provider_Name": "Microsoft-Windows-Kernel-PnP", "Computer": "DESKTOP-OFJ6N53", "TimeCreated": "2025-08-19 10:28:48.554890+00:00", "RecordID": "36209", "Level": "4", "UserID": "S-1-5-18", "EventData.DeviceInstanceId": "SWD\\MMDEVAPI\\{3.0.0.00000001}.{6C26BA7D-F0B2-4225-B422-8168C5261E45}", "EventData.DriverName": "audioendpoint.inf", "EventData.ClassGuid": "{c166523c-fe0c-4a94-a586-f1a80cfbbf3e}", "EventData.DriverDate": "12/06/2019", "EventData.DriverVersion": "10.0.19041.1", "EventData.DriverProvider": "Microsoft", "EventData.DriverInbox": "True", "EventData.DriverSection": "NO_DRV", "EventData.DriverRank": "0x00ff0000", "EventData.MatchingDeviceId": "MMDEVAPI\\AudioEndpoints", "EventData.OutrankedDrivers": "c_swdevice.inf:SWD\\GenericRaw:00FF3001", "EventData.DeviceUpdated": "False", "EventData.Status": "0x00000000", "EventData.ParentDeviceInstanceId": "HTREE\\ROOT\\0"}
{"EventID": "410", "Channel": "Microsoft-Windows-Kernel-PnP/Configuration", "Provider_Name": "Microsoft-Windows-Kernel-PnP", "Computer": "DESKTOP-OFJ6N53", "TimeCreated": "2025-08-19 10:28:48.557402+00:00", "RecordID": "36210", "Level": "4", "UserID": "S-1-5-18", "EventData.DeviceInstanceId": "SWD\\MMDEVAPI\\{3.0.0.00000001}.{6C26BA7D-F0B2-4225-B422-8168C5261E45}", "EventData.DriverName": "audioendpoint.inf", "EventData.ClassGuid": "{c166523c-fe0c-4a94-a586-f1a80cfbbf3e}", "EventData.ServiceName": null, "EventData.LowerFilters": null, "EventData.UpperFilters": null, "EventData.Problem": "0x00000000", "EventData.Status": "0x00000000"}
{"EventID": "420", "Channel": "Microsoft-Windows-Kernel-PnP/Configuration", "Provider_Name": "Microsoft-Windows-Kernel-PnP", "Computer": "DESKTOP-OFJ6N53", "TimeCreated": "2025-08-19 14:25:51.174873+00:00", "RecordID": "36211", "Level": "4", "UserID": "S-1-5-18", "EventData.DeviceInstanceId": "SWD\\MMDEVAPI\\{3.0.0.00000001}.{6C26BA7D-F0B2-4225-B422-8168C5261E45}", "EventData.ClassGuid": "{c166523c-fe0c-4a94-a586-f1a80cfbbf3e}", "EventData.Problem": "0x00000000", "EventData.Status": "0x00000000"}
{"EventID": "400", "Channel": "Microsoft-Windows-Kernel-PnP/Configuration", "Provider_Name": "Microsoft-Windows-Kernel-PnP", "Computer": "DESKTOP-OFJ6N53", "TimeCreated": "2025-08-20 07:02:04.659624+00:00", "RecordID": "36212", "Level": "4", "UserID": "S-1-5-18", "EventData.DeviceInstanceId": "SWD\\MMDEVAPI\\{3.0.0.00000001}.{6C26BA7D-F0B2-4225-B422-8168C5261E45}", "EventData.DriverName": "audioendpoint.inf", "EventData.ClassGuid": "{c166523c-fe0c-4a94-a586-f1a80cfbbf3e}", "EventData.DriverDate": "12/06/2019", "EventData.DriverVersion": "10.0.19041.1", "EventData.DriverProvider": "Microsoft", "EventData.DriverInbox": "True", "EventData.DriverSection": "NO_DRV", "EventData.DriverRank": "0x00ff0000", "EventData.MatchingDeviceId": "MMDEVAPI\\AudioEndpoints", "EventData.OutrankedDrivers": "c_swdevice.inf:SWD\\GenericRaw:00FF3001", "EventData.DeviceUpdated": "False", "EventData.Status": "0x00000000", "EventData.ParentDeviceInstanceId": "HTREE\\ROOT\\0"}
{"EventID": "410", "Channel": "Microsoft-Windows-Kernel-PnP/Configuration", "Provider_Name": "Microsoft-Windows-Kernel-PnP", "Computer": "DESKTOP-OFJ6N53", "TimeCreated": "2025-08-20 07:02:04.661987+00:00", "RecordID": "36213", "Level": "4", "UserID": "S-1-5-18", "EventData.DeviceInstanceId": "SWD\\MMDEVAPI\\{3.0.0.00000001}.{6C26BA7D-F0B2-4225-B422-8168C5261E45}", "EventData.DriverName": "audioendpoint.inf", "EventData.ClassGuid": "{c166523c-fe0c-4a94-a586-f1a80cfbbf3e}", "EventData.ServiceName": null, "EventData.LowerFilters": null, "EventData.UpperFilters": null, "EventData.Problem": "0x00000000", "EventData.Status": "0x00000000"}
{"EventID": "420", "Channel": "Microsoft-Windows-Kernel-PnP/Configuration", "Provider_Name": "Microsoft-Windows-Kernel-PnP", "Computer": "DESKTOP-OFJ6N53", "TimeCreated": "2025-08-20 11:34:15.923264+00:00", "RecordID": "36214", "Level": "4", "UserID": "S-1-5-18", "EventData.DeviceInstanceId": "SWD\\MMDEVAPI\\{3.0.0.00000001}.{6C26BA7D-F0B2-4225-B422-8168C5261E45}", "EventData.ClassGuid": "{c166523c-fe0c-4a94-a586-f1a80cfbbf3e}", "EventData.Problem": "0x00000000", "EventData.Status": "0x00000000"}
{"EventID": "400", "Channel": "Microsoft-Windows-Kernel-PnP/Configuration", "Provider_Name": "Microsoft-Windows-Kernel-PnP", "Computer": "DESKTOP-OFJ6N53", "TimeCreated": "2025-08-20 11:44:08.401644+00:00", "RecordID": "36215", "Level": "4", "UserID": "S-1-5-18", "EventData.DeviceInstanceId": "SWD\\MMDEVAPI\\{3.0.0.00000001}.{6C26BA7D-F0B2-4225-B422-8168C5261E45}", "EventData.DriverName": "audioendpoint.inf", "EventData.ClassGuid": "{c166523c-fe0c-4a94-a586-f1a80cfbbf3e}", "EventData.DriverDate": "12/06/2019", "EventData.DriverVersion": "10.0.19041.1", "EventData.DriverProvider": "Microsoft", "EventData.DriverInbox": "True", "EventData.DriverSection": "NO_DRV", "EventData.DriverRank": "0x00ff0000", "EventData.MatchingDeviceId": "MMDEVAPI\\AudioEndpoints", "EventData.OutrankedDrivers": "c_swdevice.inf:SWD\\GenericRaw:00FF3001", "EventData.DeviceUpdated": "False", "EventData.Status": "0x00000000", "EventData.ParentDeviceInstanceId": "HTREE\\ROOT\\0"}
{"EventID": "410", "Channel": "Microsoft-Windows-Kernel-PnP/Configuration", "Provider_Name": "Microsoft-Windows-Kernel-PnP", "Computer": "DESKTOP-OFJ6N53", "TimeCreated": "2025-08-20 11:44:08.403700+00:00", "RecordID": "36216", "Level": "4", "UserID": "S-1-5-18", "EventData.DeviceInstanceId": "SWD\\MMDEVAPI\\{3.0.0.00000001}.{6C26BA7D-F0B2-4225-B422-8168C5261E45}", "EventData.DriverName": "audioendpoint.inf", "EventData.ClassGuid": "{c166523c-fe0c-4a94-a586-f1a80cfbbf3e}", "EventData.ServiceName": null, "EventData.LowerFilters": null, "EventData.UpperFilters": null, "EventData.Problem": "0x00000000", "EventData.Status": "0x00000000"}
{"EventID": "420", "Channel": "Microsoft-Windows-Kernel-PnP/Configuration", "Provider_Name": "Microsoft-Windows-Kernel-PnP", "Computer": "DESKTOP-OFJ6N53", "TimeCreated": "2025-08-20 15:10:50.464167+00:00", "RecordID": "36217", "Level": "4", "UserID": "S-1-5-18", "EventData.DeviceInstanceId": "SWD\\MMDEVAPI\\{3.0.0.00000001}.{6C26BA7D-F0B2-4225-B422-8168C5261E45}", "EventData.ClassGuid": "{c166523c-fe0c-4a94-a586-f1a80cfbbf3e}", "EventData.Problem": "0x00000000", "EventData.Status": "0x00000000"}
{"EventID": "400", "Channel": "Microsoft-Windows-Kernel-PnP/Configuration", "Provider_Name": "Microsoft-Windows-Kernel-PnP", "Computer": "DESKTOP-OFJ6N53", "TimeCreated": "2025-08-20 15:31:34.537683+00:00", "RecordID": "36218", "Level": "4", "UserID": "S-1-5-18", "EventData.DeviceInstanceId": "SWD\\MMDEVAPI\\{3.0.0.00000001}.{6C26BA7D-F0B2-4225-B422-8168C5261E45}", "EventData.DriverName": "audioendpoint.inf", "EventData.ClassGuid": "{c166523c-fe0c-4a94-a586-f1a80cfbbf3e}", "EventData.DriverDate": "12/06/2019", "EventData.DriverVersion": "10.0.19041.1", "EventData.DriverProvider": "Microsoft", "EventData.DriverInbox": "True", "EventData.DriverSection": "NO_DRV", "EventData.DriverRank": "0x00ff0000", "EventData.MatchingDeviceId": "MMDEVAPI\\AudioEndpoints", "EventData.OutrankedDrivers": "c_swdevice.inf:SWD\\GenericRaw:00FF3001", "EventData.DeviceUpdated": "False", "EventData.Status": "0x00000000", "EventData.ParentDeviceInstanceId": "HTREE\\ROOT\\0"}
{"EventID": "410", "Channel": "Microsoft-Windows-Kernel-PnP/Configuration", "Provider_Name": "Microsoft-Windows-Kernel-PnP", "Computer": "DESKTOP-OFJ6N53", "TimeCreated": "2025-08-20 15:31:34.539782+00:00", "RecordID": "36219", "Level": "4", "UserID": "S-1-5-18", "EventData.DeviceInstanceId": "SWD\\MMDEVAPI\\{3.0.0.00000001}.{6C26BA7D-F0B2-4225-B422-8168C5261E45}", "EventData.DriverName": "audioendpoint.inf", "EventData.ClassGuid": "{c166523c-fe0c-4a94-a586-f1a80cfbbf3e}", "EventData.ServiceName": null, "EventData.LowerFilters": null, "EventData.UpperFilters": null, "EventData.Problem": "0x00000000", "EventData.Status": "0x00000000"}
{"EventID": "420", "Channel": "Microsoft-Windows-Kernel-PnP/Configuration", "Provider_Name": "Microsoft-Windows-Kernel-PnP", "Computer": "DESKTOP-OFJ6N53", "TimeCreated": "2025-08-20 15:31:50.851503+00:00", "RecordID": "36220", "Level": "4", "UserID": "S-1-5-18", "EventData.DeviceInstanceId": "SWD\\MMDEVAPI\\{3.0.0.00000001}.{6C26BA7D-F0B2-4225-B422-8168C5261E45}", "EventData.ClassGuid": "{c166523c-fe0c-4a94-a586-f1a80cfbbf3e}", "EventData.Problem": "0x00000000", "EventData.Status": "0x00000000"}
{"EventID": "400", "Channel": "Microsoft-Windows-Kernel-PnP/Configuration", "Provider_Name": "Microsoft-Windows-Kernel-PnP", "Computer": "DESKTOP-OFJ6N53", "TimeCreated": "2025-08-20 16:02:49.835335+00:00", "RecordID": "36221", "Level": "4", "UserID": "S-1-5-18", "EventData.DeviceInstanceId": "SWD\\MMDEVAPI\\{3.0.0.00000001}.{6C26BA7D-F0B2-4225-B422-8168C5261E45}", "EventData.DriverName": "audioendpoint.inf", "EventData.ClassGuid": "{c166523c-fe0c-4a94-a586-f1a80cfbbf3e}", "EventData.DriverDate": "12/06/2019", "EventData.DriverVersion": "10.0.19041.1", "EventData.DriverProvider": "Microsoft", "EventData.DriverInbox": "True", "EventData.DriverSection": "NO_DRV", "EventData.DriverRank": "0x00ff0000", "EventData.MatchingDeviceId": "MMDEVAPI\\AudioEndpoints", "EventData.OutrankedDrivers": "c_swdevice.inf:SWD\\GenericRaw:00FF3001", "EventData.DeviceUpdated": "False", "EventData.Status": "0x00000000", "EventData.ParentDeviceInstanceId": "HTREE\\ROOT\\0"}
{"EventID": "410", "Channel": "Microsoft-Windows-Kernel-PnP/Configuration", "Provider_Name": "Microsoft-Windows-Kernel-PnP", "Computer": "DESKTOP-OFJ6N53", "TimeCreated": "2025-08-20 16:02:49.837875+00:00", "RecordID": "36222", "Level": "4", "UserID": "S-1-5-18", "EventData.DeviceInstanceId": "SWD\\MMDEVAPI\\{3.0.0.00000001}.{6C26BA7D-F0B2-4225-B422-8168C5261E45}", "EventData.DriverName": "audioendpoint.inf", "EventData.ClassGuid": "{c166523c-fe0c-4a94-a586-f1a80cfbbf3e}", "EventData.ServiceName": null, "EventData.LowerFilters": null, "EventData.UpperFilters": null, "EventData.Problem": "0x00000000", "EventData.Status": "0x00000000"}
{"EventID": "420", "Channel": "Microsoft-Windows-Kernel-PnP/Configuration", "Provider_Name": "Microsoft-Windows-Kernel-PnP", "Computer": "DESKTOP-OFJ6N53", "TimeCreated": "2025-08-20 16:13:17.084528+00:00", "RecordID": "36223", "Level": "4", "UserID": "S-1-5-18", "EventData.DeviceInstanceId": "SWD\\MMDEVAPI\\{3.0.0.00000001}.{6C26BA7D-F0B2-4225-B422-8168C5261E45}", "EventData.ClassGuid": "{c166523c-fe0c-4a94-a586-f1a80cfbbf3e}", "EventData.Problem": "0x00000000", "EventData.Status": "0x00000000"}
{"EventID": "400", "Channel": "Microsoft-Windows-Kernel-PnP/Configuration", "Provider_Name": "Microsoft-Windows-Kernel-PnP", "Computer": "DESKTOP-OFJ6N53", "TimeCreated": "2025-08-20 16:34:55.536257+00:00", "RecordID": "36224", "Level": "4", "UserID": "S-1-5-18", "EventData.DeviceInstanceId": "SWD\\MMDEVAPI\\{3.0.0.00000001}.{6C26BA7D-F0B2-4225-B422-8168C5261E45}", "EventData.DriverName": "audioendpoint.inf", "EventData.ClassGuid": "{c166523c-fe0c-4a94-a586-f1a80cfbbf3e}", "EventData.DriverDate": "12/06/2019", "EventData.DriverVersion": "10.0.19041.1", "EventData.DriverProvider": "Microsoft", "EventData.DriverInbox": "True", "EventData.DriverSection": "NO_DRV", "EventData.DriverRank": "0x00ff0000", "EventData.MatchingDeviceId": "MMDEVAPI\\AudioEndpoints", "EventData.OutrankedDrivers": "c_swdevice.inf:SWD\\GenericRaw:00FF3001", "EventData.DeviceUpdated": "False", "EventData.Status": "0x00000000", "EventData.ParentDeviceInstanceId": "HTREE\\ROOT\\0"}
{"EventID": "410", "Channel": "Microsoft-Windows-Kernel-PnP/Configuration", "Provider_Name": "Microsoft-Windows-Kernel-PnP", "Computer": "DESKTOP-OFJ6N53", "TimeCreated": "2025-08-20 16:34:55.539631+00:00", "RecordID": "36225", "Level": "4", "UserID": "S-1-5-18", "EventData.DeviceInstanceId": "SWD\\MMDEVAPI\\{3.0.0.00000001}.{6C26BA7D-F0B2-4225-B422-8168C5261E45}", "EventData.DriverName": "audioendpoint.inf", "EventData.ClassGuid": "{c166523c-fe0c-4a94-a586-f1a80cfbbf3e}", "EventData.ServiceName": null, "EventData.LowerFilters": null, "EventData.UpperFilters": null, "EventData.Problem": "0x00000000", "EventData.Status": "0x00000000"}
{"EventID": "420", "Channel": "Microsoft-Windows-Kernel-PnP/Configuration", "Provider_Name": "Microsoft-Windows-Kernel-PnP", "Computer": "DESKTOP-OFJ6N53", "TimeCreated": "2025-08-20 16:35:17.551912+00:00", "RecordID": "36226", "Level": "4", "UserID": "S-1-5-18", "EventData.DeviceInstanceId": "SWD\\MMDEVAPI\\{3.0.0.00000001}.{6C26BA7D-F0B2-4225-B422-8168C5261E45}", "EventData.ClassGuid": "{c166523c-fe0c-4a94-a586-f1a80cfbbf3e}", "EventData.Problem": "0x00000000", "EventData.Status": "0x00000000"}
{"EventID": "400", "Channel": "Microsoft-Windows-Kernel-PnP/Configuration", "Provider_Name": "Microsoft-Windows-Kernel-PnP", "Computer": "DESKTOP-OFJ6N53", "TimeCreated": "2025-08-21 07:47:01.708923+00:00", "RecordID": "36227", "Level": "4", "UserID": "S-1-5-18", "EventData.DeviceInstanceId": "SWD\\MMDEVAPI\\{3.0.0.00000001}.{6C26BA7D-F0B2-4225-B422-8168C5261E45}", "EventData.DriverName": "audioendpoint.inf", "EventData.ClassGuid": "{c166523c-fe0c-4a94-a586-f1a80cfbbf3e}", "EventData.DriverDate": "12/06/2019", "EventData.DriverVersion": "10.0.19041.1", "EventData.DriverProvider": "Microsoft", "EventData.DriverInbox": "True", "EventData.DriverSection": "NO_DRV", "EventData.DriverRank": "0x00ff0000", "EventData.MatchingDeviceId": "MMDEVAPI\\AudioEndpoints", "EventData.OutrankedDrivers": "c_swdevice.inf:SWD\\GenericRaw:00FF3001", "EventData.DeviceUpdated": "False", "EventData.Status": "0x00000000", "EventData.ParentDeviceInstanceId": "HTREE\\ROOT\\0"}
{"EventID": "410", "Channel": "Microsoft-Windows-Kernel-PnP/Configuration", "Provider_Name": "Microsoft-Windows-Kernel-PnP", "Computer": "DESKTOP-OFJ6N53", "TimeCreated": "2025-08-21 07:47:01.711168+00:00", "RecordID": "36228", "Level": "4", "UserID": "S-1-5-18", "EventData.DeviceInstanceId": "SWD\\MMDEVAPI\\{3.0.0.00000001}.{6C26BA7D-F0B2-4225-B422-8168C5261E45}", "EventData.DriverName": "audioendpoint.inf", "EventData.ClassGuid": "{c166523c-fe0c-4a94-a586-f1a80cfbbf3e}", "EventData.ServiceName": null, "EventData.LowerFilters": null, "EventData.UpperFilters": null, "EventData.Problem": "0x00000000", "EventData.Status": "0x00000000"}
{"EventID": "420", "Channel": "Microsoft-Windows-Kernel-PnP/Configuration", "Provider_Name": "Microsoft-Windows-Kernel-PnP", "Computer": "DESKTOP-OFJ6N53", "TimeCreated": "2025-08-21 08:13:11.780308+00:00", "RecordID": "36229", "Level": "4", "UserID": "S-1-5-18", "EventData.DeviceInstanceId": "SWD\\MMDEVAPI\\{3.0.0.00000001}.{6C26BA7D-F0B2-4225-B422-8168C5261E45}", "EventData.ClassGuid": "{c166523c-fe0c-4a94-a586-f1a80cfbbf3e}", "EventData.Problem": "0x00000000", "EventData.Status": "0x00000000"}
{"EventID": "400", "Channel": "Microsoft-Windows-Kernel-PnP/Configuration", "Provider_Name": "Microsoft-Windows-Kernel-PnP", "Computer": "DESKTOP-OFJ6N53", "TimeCreated": "2025-08-21 08:39:47.085829+00:00", "RecordID": "36230", "Level": "4", "UserID": "S-1-5-18", "EventData.DeviceInstanceId": "SWD\\MMDEVAPI\\{3.0.0.00000001}.{6C26BA7D-F0B2-4225-B422-8168C5261E45}", "EventData.DriverName": "audioendpoint.inf", "EventData.ClassGuid": "{c166523c-fe0c-4a94-a586-f1a80cfbbf3e}", "EventData.DriverDate": "12/06/2019", "EventData.DriverVersion": "10.0.19041.1", "EventData.DriverProvider": "Microsoft", "EventData.DriverInbox": "True", "EventData.DriverSection": "NO_DRV", "EventData.DriverRank": "0x00ff0000", "EventData.MatchingDeviceId": "MMDEVAPI\\AudioEndpoints", "EventData.OutrankedDrivers": "c_swdevice.inf:SWD\\GenericRaw:00FF3001", "EventData.DeviceUpdated": "False", "EventData.Status": "0x00000000", "EventData.ParentDeviceInstanceId": "HTREE\\ROOT\\0"}
{"EventID": "410", "Channel": "Microsoft-Windows-Kernel-PnP/Configuration", "Provider_Name": "Microsoft-Windows-Kernel-PnP", "Computer": "DESKTOP-OFJ6N53", "TimeCreated": "2025-08-21 08:39:47.089128+00:00", "RecordID": "36231", "Level": "4", "UserID": "S-1-5-18", "EventData.DeviceInstanceId": "SWD\\MMDEVAPI\\{3.0.0.00000001}.{6C26BA7D-F0B2-4225-B422-8168C5261E45}", "EventData.DriverName": "audioendpoint.inf", "EventData.ClassGuid": "{c166523c-fe0c-4a94-a586-f1a80cfbbf3e}", "EventData.ServiceName": null, "EventData.LowerFilters": null, "EventData.UpperFilters": null, "EventData.Problem": "0x00000000", "EventData.Status": "0x00000000"}
{"EventID": "420", "Channel": "Microsoft-Windows-Kernel-PnP/Configuration", "Provider_Name": "Microsoft-Windows-Kernel-PnP", "Computer": "DESKTOP-OFJ6N53", "TimeCreated": "2025-08-21 10:03:27.884708+00:00", "RecordID": "36232", "Level": "4", "UserID": "S-1-5-18", "EventData.DeviceInstanceId": "SWD\\MMDEVAPI\\{3.0.0.00000001}.{6C26BA7D-F0B2-4225-B422-8168C5261E45}", "EventData.ClassGuid": "{c166523c-fe0c-4a94-a586-f1a80cfbbf3e}", "EventData.Problem": "0x00000000", "EventData.Status": "0x00000000"}
{"EventID": "400", "Channel": "Microsoft-Windows-Kernel-PnP/Configuration", "Provider_Name": "Microsoft-Windows-Kernel-PnP", "Computer": "DESKTOP-OFJ6N53", "TimeCreated": "2025-08-21 10:10:33.602259+00:00", "RecordID": "36233", "Level": "4", "UserID": "S-1-5-18", "EventData.DeviceInstanceId": "SWD\\MMDEVAPI\\{3.0.0.00000001}.{6C26BA7D-F0B2-4225-B422-8168C5261E45}", "EventData.DriverName": "audioendpoint.inf", "EventData.ClassGuid": "{c166523c-fe0c-4a94-a586-f1a80cfbbf3e}", "EventData.DriverDate": "12/06/2019", "EventData.DriverVersion": "10.0.19041.1", "EventData.DriverProvider": "Microsoft", "EventData.DriverInbox": "True", "EventData.DriverSection": "NO_DRV", "EventData.DriverRank": "0x00ff0000", "EventData.MatchingDeviceId": "MMDEVAPI\\AudioEndpoints", "EventData.OutrankedDrivers": "c_swdevice.inf:SWD\\GenericRaw:00FF3001", "EventData.DeviceUpdated": "False", "EventData.Status": "0x00000000", "EventData.ParentDeviceInstanceId": "HTREE\\ROOT\\0"}
{"EventID": "410", "Channel": "Microsoft-Windows-Kernel-PnP/Configuration", "Provider_Name": "Microsoft-Windows-Kernel-PnP", "Computer": "DESKTOP-OFJ6N53", "TimeCreated": "2025-08-21 10:10:33.604546+00:00", "RecordID": "36234", "Level": "4", "UserID": "S-1-5-18", "EventData.DeviceInstanceId": "SWD\\MMDEVAPI\\{3.0.0.00000001}.{6C26BA7D-F0B2-4225-B422-8168C5261E45}", "EventData.DriverName": "audioendpoint.inf", "EventData.ClassGuid": "{c166523c-fe0c-4a94-a586-f1a80cfbbf3e}", "EventData.ServiceName": null, "EventData.LowerFilters": null, "EventData.UpperFilters": null, "EventData.Problem": "0x00000000", "EventData.Status": "0x00000000"}
{"EventID": "420", "Channel": "Microsoft-Windows-Kernel-PnP/Configuration", "Provider_Name": "Microsoft-Windows-Kernel-PnP", "Computer": "DESKTOP-OFJ6N53", "TimeCreated": "2025-08-21 10:38:04.198795+00:00", "RecordID": "36235", "Level": "4", "UserID": "S-1-5-18", "EventData.DeviceInstanceId": "SWD\\MMDEVAPI\\{3.0.0.00000001}.{6C26BA7D-F0B2-4225-B422-8168C5261E45}", "EventData.ClassGuid": "{c166523c-fe0c-4a94-a586-f1a80cfbbf3e}", "EventData.Problem": "0x00000000", "EventData.Status": "0x00000000"}
{"EventID": "400", "Channel": "Microsoft-Windows-Kernel-PnP/Configuration", "Provider_Name": "Microsoft-Windows-Kernel-PnP", "Computer": "DESKTOP-OFJ6N53", "TimeCreated": "2025-08-21 10:38:42.180689+00:00", "RecordID": "36236", "Level": "4", "UserID": "S-1-5-18", "EventData.DeviceInstanceId": "SWD\\MMDEVAPI\\{3.0.0.00000001}.{6C26BA7D-F0B2-4225-B422-8168C5261E45}", "EventData.DriverName": "audioendpoint.inf", "EventData.ClassGuid": "{c166523c-fe0c-4a94-a586-f1a80cfbbf3e}", "EventData.DriverDate": "12/06/2019", "EventData.DriverVersion": "10.0.19041.1", "EventData.DriverProvider": "Microsoft", "EventData.DriverInbox": "True", "EventData.DriverSection": "NO_DRV", "EventData.DriverRank": "0x00ff0000", "EventData.MatchingDeviceId": "MMDEVAPI\\AudioEndpoints", "EventData.OutrankedDrivers": "c_swdevice.inf:SWD\\GenericRaw:00FF3001", "EventData.DeviceUpdated": "False", "EventData.Status": "0x00000000", "EventData.ParentDeviceInstanceId": "HTREE\\ROOT\\0"}
{"EventID": "410", "Channel": "Microsoft-Windows-Kernel-PnP/Configuration", "Provider_Name": "Microsoft-Windows-Kernel-PnP", "Computer": "DESKTOP-OFJ6N53", "TimeCreated": "2025-08-21 10:38:42.183302+00:00", "RecordID": "36237", "Level": "4", "UserID": "S-1-5-18", "EventData.DeviceInstanceId": "SWD\\MMDEVAPI\\{3.0.0.00000001}.{6C26BA7D-F0B2-4225-B422-8168C5261E45}", "EventData.DriverName": "audioendpoint.inf", "EventData.ClassGuid": "{c166523c-fe0c-4a94-a586-f1a80cfbbf3e}", "EventData.ServiceName": null, "EventData.LowerFilters": null, "EventData.UpperFilters": null, "EventData.Problem": "0x00000000", "EventData.Status": "0x00000000"}
{"EventID": "420", "Channel": "Microsoft-Windows-Kernel-PnP/Configuration", "Provider_Name": "Microsoft-Windows-Kernel-PnP", "Computer": "DESKTOP-OFJ6N53", "TimeCreated": "2025-08-21 10:41:25.182739+00:00", "RecordID": "36238", "Level": "4", "UserID": "S-1-5-18", "EventData.DeviceInstanceId": "SWD\\MMDEVAPI\\{3.0.0.00000001}.{6C26BA7D-F0B2-4225-B422-8168C5261E45}", "EventData.ClassGuid": "{c166523c-fe0c-4a94-a586-f1a80cfbbf3e}", "EventData.Problem": "0x00000000", "EventData.Status": "0x00000000"}
{"EventID": "400", "Channel": "Microsoft-Windows-Kernel-PnP/Configuration", "Provider_Name": "Microsoft-Windows-Kernel-PnP", "Computer": "DESKTOP-OFJ6N53", "TimeCreated": "2025-08-21 10:42:41.145657+00:00", "RecordID": "36239", "Level": "4", "UserID": "S-1-5-18", "EventData.DeviceInstanceId": "SWD\\MMDEVAPI\\{3.0.0.00000001}.{6C26BA7D-F0B2-4225-B422-8168C5261E45}", "EventData.DriverName": "audioendpoint.inf", "EventData.ClassGuid": "{c166523c-fe0c-4a94-a586-f1a80cfbbf3e}", "EventData.DriverDate": "12/06/2019", "EventData.DriverVersion": "10.0.19041.1", "EventData.DriverProvider": "Microsoft", "EventData.DriverInbox": "True", "EventData.DriverSection": "NO_DRV", "EventData.DriverRank": "0x00ff0000", "EventData.MatchingDeviceId": "MMDEVAPI\\AudioEndpoints", "EventData.OutrankedDrivers": "c_swdevice.inf:SWD\\GenericRaw:00FF3001", "EventData.DeviceUpdated": "False", "EventData.Status": "0x00000000", "EventData.ParentDeviceInstanceId": "HTREE\\ROOT\\0"}
{"EventID": "410", "Channel": "Microsoft-Windows-Kernel-PnP/Configuration", "Provider_Name": "Microsoft-Windows-Kernel-PnP", "Computer": "DESKTOP-OFJ6N53", "TimeCreated": "2025-08-21 10:42:41.147465+00:00", "RecordID": "36240", "Level": "4", "UserID": "S-1-5-18", "EventData.DeviceInstanceId": "SWD\\MMDEVAPI\\{3.0.0.00000001}.{6C26BA7D-F0B2-4225-B422-8168C5261E45}", "EventData.DriverName": "audioendpoint.inf", "EventData.ClassGuid": "{c166523c-fe0c-4a94-a586-f1a80cfbbf3e}", "EventData.ServiceName": null, "EventData.LowerFilters": null, "EventData.UpperFilters": null, "EventData.Problem": "0x00000000", "EventData.Status": "0x00000000"}
{"EventID": "420", "Channel": "Microsoft-Windows-Kernel-PnP/Configuration", "Provider_Name": "Microsoft-Windows-Kernel-PnP", "Computer": "DESKTOP-OFJ6N53", "TimeCreated": "2025-08-21 10:45:30.012655+00:00", "RecordID": "36241", "Level": "4", "UserID": "S-1-5-18", "EventData.DeviceInstanceId": "SWD\\MMDEVAPI\\{3.0.0.00000001}.{6C26BA7D-F0B2-4225-B422-8168C5261E45}", "EventData.ClassGuid": "{c166523c-fe0c-4a94-a586-f1a80cfbbf3e}", "EventData.Problem": "0x00000000", "EventData.Status": "0x00000000"}
{"EventID": "400", "Channel": "Microsoft-Windows-Kernel-PnP/Configuration", "Provider_Name": "Microsoft-Windows-Kernel-PnP", "Computer": "DESKTOP-OFJ6N53", "TimeCreated": "2025-08-21 10:46:51.289879+00:00", "RecordID": "36242", "Level": "4", "UserID": "S-1-5-18", "EventData.DeviceInstanceId": "SWD\\MMDEVAPI\\{3.0.0.00000001}.{6C26BA7D-F0B2-4225-B422-8168C5261E45}", "EventData.DriverName": "audioendpoint.inf", "EventData.ClassGuid": "{c166523c-fe0c-4a94-a586-f1a80cfbbf3e}", "EventData.DriverDate": "12/06/2019", "EventData.DriverVersion": "10.0.19041.1", "EventData.DriverProvider": "Microsoft", "EventData.DriverInbox": "True", "EventData.DriverSection": "NO_DRV", "EventData.DriverRank": "0x00ff0000", "EventData.MatchingDeviceId": "MMDEVAPI\\AudioEndpoints", "EventData.OutrankedDrivers": "c_swdevice.inf:SWD\\GenericRaw:00FF3001", "EventData.DeviceUpdated": "False", "EventData.Status": "0x00000000", "EventData.ParentDeviceInstanceId": "HTREE\\ROOT\\0"}
{"EventID": "410", "Channel": "Microsoft-Windows-Kernel-PnP/Configuration", "Provider_Name": "Microsoft-Windows-Kernel-PnP", "Computer": "DESKTOP-OFJ6N53", "TimeCreated": "2025-08-21 10:46:51.291262+00:00", "RecordID": "36243", "Level": "4", "UserID": "S-1-5-18", "EventData.DeviceInstanceId": "SWD\\MMDEVAPI\\{3.0.0.00000001}.{6C26BA7D-F0B2-4225-B422-8168C5261E45}", "EventData.DriverName": "audioendpoint.inf", "EventData.ClassGuid": "{c166523c-fe0c-4a94-a586-f1a80cfbbf3e}", "EventData.ServiceName": null, "EventData.LowerFilters": null, "EventData.UpperFilters": null, "EventData.Problem": "0x00000000", "EventData.Status": "0x00000000"}
{"EventID": "420", "Channel": "Microsoft-Windows-Kernel-PnP/Configuration", "Provider_Name": "Microsoft-Windows-Kernel-PnP", "Computer": "DESKTOP-OFJ6N53", "TimeCreated": "2025-08-21 11:01:40.997559+00:00", "RecordID": "36244", "Level": "4", "UserID": "S-1-5-18", "EventData.DeviceInstanceId": "SWD\\MMDEVAPI\\{3.0.0.00000001}.{6C26BA7D-F0B2-4225-B422-8168C5261E45}", "EventData.ClassGuid": "{c166523c-fe0c-4a94-a586-f1a80cfbbf3e}", "EventData.Problem": "0x00000000", "EventData.Status": "0x00000000"}
{"EventID": "400", "Channel": "Microsoft-Windows-Kernel-PnP/Configuration", "Provider_Name": "Microsoft-Windows-Kernel-PnP", "Computer": "DESKTOP-OFJ6N53", "TimeCreated": "2025-08-21 11:07:04.669880+00:00", "RecordID": "36245", "Level": "4", "UserID": "S-1-5-18", "EventData.DeviceInstanceId": "SWD\\MMDEVAPI\\{3.0.0.00000001}.{6C26BA7D-F0B2-4225-B422-8168C5261E45}", "EventData.DriverName": "audioendpoint.inf", "EventData.ClassGuid": "{c166523c-fe0c-4a94-a586-f1a80cfbbf3e}", "EventData.DriverDate": "12/06/2019", "EventData.DriverVersion": "10.0.19041.1", "EventData.DriverProvider": "Microsoft", "EventData.DriverInbox": "True", "EventData.DriverSection": "NO_DRV", "EventData.DriverRank": "0x00ff0000", "EventData.MatchingDeviceId": "MMDEVAPI\\AudioEndpoints", "EventData.OutrankedDrivers": "c_swdevice.inf:SWD\\GenericRaw:00FF3001", "EventData.DeviceUpdated": "False", "EventData.Status": "0x00000000", "EventData.ParentDeviceInstanceId": "HTREE\\ROOT\\0"}
{"EventID": "410", "Channel": "Microsoft-Windows-Kernel-PnP/Configuration", "Provider_Name": "Microsoft-Windows-Kernel-PnP", "Computer": "DESKTOP-OFJ6N53", "TimeCreated": "2025-08-21 11:07:04.671806+00:00", "RecordID": "36246", "Level": "4", "UserID": "S-1-5-18", "EventData.DeviceInstanceId": "SWD\\MMDEVAPI\\{3.0.0.00000001}.{6C26BA7D-F0B2-4225-B422-8168C5261E45}", "EventData.DriverName": "audioendpoint.inf", "EventData.ClassGuid": "{c166523c-fe0c-4a94-a586-f1a80cfbbf3e}", "EventData.ServiceName": null, "EventData.LowerFilters": null, "EventData.UpperFilters": null, "EventData.Problem": "0x00000000", "EventData.Status": "0x00000000"}
{"EventID": "420", "Channel": "Microsoft-Windows-Kernel-PnP/Configuration", "Provider_Name": "Microsoft-Windows-Kernel-PnP", "Computer": "DESKTOP-OFJ6N53", "TimeCreated": "2025-08-21 11:18:20.638147+00:00", "RecordID": "36247", "Level": "4", "UserID": "S-1-5-18", "EventData.DeviceInstanceId": "SWD\\MMDEVAPI\\{3.0.0.00000001}.{6C26BA7D-F0B2-4225-B422-8168C5261E45}", "EventData.ClassGuid": "{c166523c-fe0c-4a94-a586-f1a80cfbbf3e}", "EventData.Problem": "0x00000000", "EventData.Status": "0x00000000"}
{"EventID": "400", "Channel": "Microsoft-Windows-Kernel-PnP/Configuration", "Provider_Name": "Microsoft-Windows-Kernel-PnP", "Computer": "DESKTOP-OFJ6N53", "TimeCreated": "2025-08-21 11:26:42.288151+00:00", "RecordID": "36248", "Level": "4", "UserID": "S-1-5-18", "EventData.DeviceInstanceId": "SWD\\MMDEVAPI\\{3.0.0.00000001}.{6C26BA7D-F0B2-4225-B422-8168C5261E45}", "EventData.DriverName": "audioendpoint.inf", "EventData.ClassGuid": "{c166523c-fe0c-4a94-a586-f1a80cfbbf3e}", "EventData.DriverDate": "12/06/2019", "EventData.DriverVersion": "10.0.19041.1", "EventData.DriverProvider": "Microsoft", "EventData.DriverInbox": "True", "EventData.DriverSection": "NO_DRV", "EventData.DriverRank": "0x00ff0000", "EventData.MatchingDeviceId": "MMDEVAPI\\AudioEndpoints", "EventData.OutrankedDrivers": "c_swdevice.inf:SWD\\GenericRaw:00FF3001", "EventData.DeviceUpdated": "False", "EventData.Status": "0x00000000", "EventData.ParentDeviceInstanceId": "HTREE\\ROOT\\0"}
{"EventID": "410", "Channel": "Microsoft-Windows-Kernel-PnP/Configuration", "Provider_Name": "Microsoft-Windows-Kernel-PnP", "Computer": "DESKTOP-OFJ6N53", "TimeCreated": "2025-08-21 11:26:42.290985+00:00", "RecordID": "36249", "Level": "4", "UserID": "S-1-5-18", "EventData.DeviceInstanceId": "SWD\\MMDEVAPI\\{3.0.0.00000001}.{6C26BA7D-F0B2-4225-B422-8168C5261E45}", "EventData.DriverName": "audioendpoint.inf", "EventData.ClassGuid": "{c166523c-fe0c-4a94-a586-f1a80cfbbf3e}", "EventData.ServiceName": null, "EventData.LowerFilters": null, "EventData.UpperFilters": null, "EventData.Problem": "0x00000000", "EventData.Status": "0x00000000"}
{"EventID": "420", "Channel": "Microsoft-Windows-Kernel-PnP/Configuration", "Provider_Name": "Microsoft-Windows-Kernel-PnP", "Computer": "DESKTOP-OFJ6N53", "TimeCreated": "2025-08-21 12:08:48.763920+00:00", "RecordID": "36250", "Level": "4", "UserID": "S-1-5-18", "EventData.DeviceInstanceId": "SWD\\MMDEVAPI\\{3.0.0.00000001}.{6C26BA7D-F0B2-4225-B422-8168C5261E45}", "EventData.ClassGuid": "{c166523c-fe0c-4a94-a586-f1a80cfbbf3e}", "EventData.Problem": "0x00000000", "EventData.Status": "0x00000000"}
{"EventID": "400", "Channel": "Microsoft-Windows-Kernel-PnP/Configuration", "Provider_Name": "Microsoft-Windows-Kernel-PnP", "Computer": "DESKTOP-OFJ6N53", "TimeCreated": "2025-08-21 12:09:20.917206+00:00", "RecordID": "36251", "Level": "4", "UserID": "S-1-5-18", "EventData.DeviceInstanceId": "SWD\\MMDEVAPI\\{3.0.0.00000001}.{6C26BA7D-F0B2-4225-B422-8168C5261E45}", "EventData.DriverName": "audioendpoint.inf", "EventData.ClassGuid": "{c166523c-fe0c-4a94-a586-f1a80cfbbf3e}", "EventData.DriverDate": "12/06/2019", "EventData.DriverVersion": "10.0.19041.1", "EventData.DriverProvider": "Microsoft", "EventData.DriverInbox": "True", "EventData.DriverSection": "NO_DRV", "EventData.DriverRank": "0x00ff0000", "EventData.MatchingDeviceId": "MMDEVAPI\\AudioEndpoints", "EventData.OutrankedDrivers": "c_swdevice.inf:SWD\\GenericRaw:00FF3001", "EventData.DeviceUpdated": "False", "EventData.Status": "0x00000000", "EventData.ParentDeviceInstanceId": "HTREE\\ROOT\\0"}
{"EventID": "410", "Channel": "Microsoft-Windows-Kernel-PnP/Configuration", "Provider_Name": "Microsoft-Windows-Kernel-PnP", "Computer": "DESKTOP-OFJ6N53", "TimeCreated": "2025-08-21 12:09:20.919178+00:00", "RecordID": "36252", "Level": "4", "UserID": "S-1-5-18", "EventData.DeviceInstanceId": "SWD\\MMDEVAPI\\{3.0.0.00000001}.{6C26BA7D-F0B2-4225-B422-8168C5261E45}", "EventData.DriverName": "audioendpoint.inf", "EventData.ClassGuid": "{c166523c-fe0c-4a94-a586-f1a80cfbbf3e}", "EventData.ServiceName": null, "EventData.LowerFilters": null, "EventData.UpperFilters": null, "EventData.Problem": "0x00000000", "EventData.Status": "0x00000000"}
{"EventID": "420", "Channel": "Microsoft-Windows-Kernel-PnP/Configuration", "Provider_Name": "Microsoft-Windows-Kernel-PnP", "Computer": "DESKTOP-OFJ6N53", "TimeCreated": "2025-08-21 12:10:19.561459+00:00", "RecordID": "36253", "Level": "4", "UserID": "S-1-5-18", "EventData.DeviceInstanceId": "SWD\\MMDEVAPI\\{3.0.0.00000001}.{6C26BA7D-F0B2-4225-B422-8168C5261E45}", "EventData.ClassGuid": "{c166523c-fe0c-4a94-a586-f1a80cfbbf3e}", "EventData.Problem": "0x00000000", "EventData.Status": "0x00000000"}
