{"EventID": "102", "Channel": "Microsoft-Windows-SmartCard-DeviceEnum/Operational", "Provider_Name": "Microsoft-Windows-SmartCard-DeviceEnum", "Computer": "DESKTOP-OFJ6N53", "TimeCreated": "2025-03-31 08:59:42.640444+00:00", "RecordID": "6684", "Level": "4", "UserID": "S-1-5-18", "EventData.InstancePath": "SWD\\ScDeviceEnum\\1_AKS_ifdh_0", "EventData.SessionId": "1"}
{"EventID": "104", "Channel": "Microsoft-Windows-SmartCard-DeviceEnum/Operational", "Provider_Name": "Microsoft-Windows-SmartCard-DeviceEnum", "Computer": "DESKTOP-OFJ6N53", "TimeCreated": "2025-03-31 09:00:44.216795+00:00", "RecordID": "6685", "Level": "4", "UserID": "S-1-5-18"}
{"EventID": "101", "Channel": "Microsoft-Windows-SmartCard-DeviceEnum/Operational", "Provider_Name": "Microsoft-Windows-SmartCard-DeviceEnum", "Computer": "DESKTOP-OFJ6N53", "TimeCreated": "2025-03-31 10:16:16.711504+00:00", "RecordID": "6686", "Level": "4", "UserID": "S-1-5-18", "EventData.InstancePath": "SWD\\ScDeviceEnumBus\\1", "EventData.SessionId": "0"}
{"EventID": "101", "Channel": "Microsoft-Windows-SmartCard-DeviceEnum/Operational", "Provider_Name": "Microsoft-Windows-SmartCard-DeviceEnum", "Computer": "DESKTOP-OFJ6N53", "TimeCreated": "2025-03-31 10:16:16.711552+00:00", "RecordID": "6687", "Level": "4", "UserID": "S-1-5-18", "EventData.InstancePath": "SWD\\ScDeviceEnumBus\\0", "EventData.SessionId": "0"}
{"EventID": "103", "Channel": "Microsoft-Windows-SmartCard-DeviceEnum/Operational", "Provider_Name": "Microsoft-Windows-SmartCard-DeviceEnum", "Computer": "DESKTOP-OFJ6N53", "TimeCreated": "2025-03-31 10:16:16.722145+00:00", "RecordID": "6688", "Level": "4", "UserID": "S-1-5-18"}
{"EventID": "101", "Channel": "Microsoft-Windows-SmartCard-DeviceEnum/Operational", "Provider_Name": "Microsoft-Windows-SmartCard-DeviceEnum", "Computer": "DESKTOP-OFJ6N53", "TimeCreated": "2025-03-31 10:16:17.760239+00:00", "RecordID": "6689", "Level": "4", "UserID": "S-1-5-18", "EventData.InstancePath": "SWD\\ScDeviceEnum\\1_Windows_Hello_for_Business_1", "EventData.SessionId": "1"}
{"EventID": "101", "Channel": "Microsoft-Windows-SmartCard-DeviceEnum/Operational", "Provider_Name": "Microsoft-Windows-SmartCard-DeviceEnum", "Computer": "DESKTOP-OFJ6N53", "TimeCreated": "2025-03-31 10:16:19.174393+00:00", "RecordID": "6690", "Level": "4", "UserID": "S-1-5-18", "EventData.InstancePath": "SWD\\ScDeviceEnum\\1_AKS_VR_0", "EventData.SessionId": "1"}
{"EventID": "101", "Channel": "Microsoft-Windows-SmartCard-DeviceEnum/Operational", "Provider_Name": "Microsoft-Windows-SmartCard-DeviceEnum", "Computer": "DESKTOP-OFJ6N53", "TimeCreated": "2025-03-31 10:16:20.138367+00:00", "RecordID": "6691", "Level": "4", "UserID": "S-1-5-18", "EventData.InstancePath": "SWD\\ScDeviceEnum\\1_AKS_ifdh_1", "EventData.SessionId": "1"}
{"EventID": "101", "Channel": "Microsoft-Windows-SmartCard-DeviceEnum/Operational", "Provider_Name": "Microsoft-Windows-SmartCard-DeviceEnum", "Computer": "DESKTOP-OFJ6N53", "TimeCreated": "2025-03-31 10:16:20.812634+00:00", "RecordID": "6692", "Level": "4", "UserID": "S-1-5-18", "EventData.InstancePath": "SWD\\ScDeviceEnum\\1_AKS_ifdh_0", "EventData.SessionId": "1"}
{"EventID": "102", "Channel": "Microsoft-Windows-SmartCard-DeviceEnum/Operational", "Provider_Name": "Microsoft-Windows-SmartCard-DeviceEnum", "Computer": "DESKTOP-OFJ6N53", "TimeCreated": "2025-03-31 15:35:05.747221+00:00", "RecordID": "6693", "Level": "4", "UserID": "S-1-5-18", "EventData.InstancePath": "SWD\\ScDeviceEnum\\1_Windows_Hello_for_Business_1", "EventData.SessionId": "1"}
{"EventID": "102", "Channel": "Microsoft-Windows-SmartCard-DeviceEnum/Operational", "Provider_Name": "Microsoft-Windows-SmartCard-DeviceEnum", "Computer": "DESKTOP-OFJ6N53", "TimeCreated": "2025-03-31 15:35:05.780594+00:00", "RecordID": "6694", "Level": "4", "UserID": "S-1-5-18", "EventData.InstancePath": "SWD\\ScDeviceEnum\\1_AKS_VR_0", "EventData.SessionId": "1"}
{"EventID": "102", "Channel": "Microsoft-Windows-SmartCard-DeviceEnum/Operational", "Provider_Name": "Microsoft-Windows-SmartCard-DeviceEnum", "Computer": "DESKTOP-OFJ6N53", "TimeCreated": "2025-03-31 15:35:05.816507+00:00", "RecordID": "6695", "Level": "4", "UserID": "S-1-5-18", "EventData.InstancePath": "SWD\\ScDeviceEnum\\1_AKS_ifdh_1", "EventData.SessionId": "1"}
{"EventID": "102", "Channel": "Microsoft-Windows-SmartCard-DeviceEnum/Operational", "Provider_Name": "Microsoft-Windows-SmartCard-DeviceEnum", "Computer": "DESKTOP-OFJ6N53", "TimeCreated": "2025-03-31 15:35:06.014496+00:00", "RecordID": "6696", "Level": "4", "UserID": "S-1-5-18", "EventData.InstancePath": "SWD\\ScDeviceEnum\\1_AKS_ifdh_0", "EventData.SessionId": "1"}
{"EventID": "104", "Channel": "Microsoft-Windows-SmartCard-DeviceEnum/Operational", "Provider_Name": "Microsoft-Windows-SmartCard-DeviceEnum", "Computer": "DESKTOP-OFJ6N53", "TimeCreated": "2025-03-31 15:36:06.025898+00:00", "RecordID": "6697", "Level": "4", "UserID": "S-1-5-18"}
{"EventID": "101", "Channel": "Microsoft-Windows-SmartCard-DeviceEnum/Operational", "Provider_Name": "Microsoft-Windows-SmartCard-DeviceEnum", "Computer": "DESKTOP-OFJ6N53", "TimeCreated": "2025-04-01 04:58:07.137939+00:00", "RecordID": "6698", "Level": "4", "UserID": "S-1-5-18", "EventData.InstancePath": "SWD\\ScDeviceEnumBus\\1", "EventData.SessionId": "0"}
{"EventID": "101", "Channel": "Microsoft-Windows-SmartCard-DeviceEnum/Operational", "Provider_Name": "Microsoft-Windows-SmartCard-DeviceEnum", "Computer": "DESKTOP-OFJ6N53", "TimeCreated": "2025-04-01 04:58:07.137953+00:00", "RecordID": "6699", "Level": "4", "UserID": "S-1-5-18", "EventData.InstancePath": "SWD\\ScDeviceEnumBus\\0", "EventData.SessionId": "0"}
{"EventID": "103", "Channel": "Microsoft-Windows-SmartCard-DeviceEnum/Operational", "Provider_Name": "Microsoft-Windows-SmartCard-DeviceEnum", "Computer": "DESKTOP-OFJ6N53", "TimeCreated": "2025-04-01 04:58:07.201487+00:00", "RecordID": "6700", "Level": "4", "UserID": "S-1-5-18"}
{"EventID": "101", "Channel": "Microsoft-Windows-SmartCard-DeviceEnum/Operational", "Provider_Name": "Microsoft-Windows-SmartCard-DeviceEnum", "Computer": "DESKTOP-OFJ6N53", "TimeCreated": "2025-04-01 04:58:07.867430+00:00", "RecordID": "6701", "Level": "4", "UserID": "S-1-5-18", "EventData.InstancePath": "SWD\\ScDeviceEnum\\1_Windows_Hello_for_Business_1", "EventData.SessionId": "1"}
{"EventID": "101", "Channel": "Microsoft-Windows-SmartCard-DeviceEnum/Operational", "Provider_Name": "Microsoft-Windows-SmartCard-DeviceEnum", "Computer": "DESKTOP-OFJ6N53", "TimeCreated": "2025-04-01 04:58:08.013241+00:00", "RecordID": "6702", "Level": "4", "UserID": "S-1-5-18", "EventData.InstancePath": "SWD\\ScDeviceEnum\\1_AKS_VR_0", "EventData.SessionId": "1"}
{"EventID": "101", "Channel": "Microsoft-Windows-SmartCard-DeviceEnum/Operational", "Provider_Name": "Microsoft-Windows-SmartCard-DeviceEnum", "Computer": "DESKTOP-OFJ6N53", "TimeCreated": "2025-04-01 04:58:08.172871+00:00", "RecordID": "6703", "Level": "4", "UserID": "S-1-5-18", "EventData.InstancePath": "SWD\\ScDeviceEnum\\1_AKS_ifdh_1", "EventData.SessionId": "1"}
{"EventID": "101", "Channel": "Microsoft-Windows-SmartCard-DeviceEnum/Operational", "Provider_Name": "Microsoft-Windows-SmartCard-DeviceEnum", "Computer": "DESKTOP-OFJ6N53", "TimeCreated": "2025-04-01 04:58:08.240669+00:00", "RecordID": "6704", "Level": "4", "UserID": "S-1-5-18", "EventData.InstancePath": "SWD\\ScDeviceEnum\\1_AKS_ifdh_0", "EventData.SessionId": "1"}
{"EventID": "102", "Channel": "Microsoft-Windows-SmartCard-DeviceEnum/Operational", "Provider_Name": "Microsoft-Windows-SmartCard-DeviceEnum", "Computer": "DESKTOP-OFJ6N53", "TimeCreated": "2025-04-01 04:59:41.259644+00:00", "RecordID": "6705", "Level": "4", "UserID": "S-1-5-18", "EventData.InstancePath": "SWD\\ScDeviceEnum\\1_Windows_Hello_for_Business_1", "EventData.SessionId": "1"}
{"EventID": "102", "Channel": "Microsoft-Windows-SmartCard-DeviceEnum/Operational", "Provider_Name": "Microsoft-Windows-SmartCard-DeviceEnum", "Computer": "DESKTOP-OFJ6N53", "TimeCreated": "2025-04-01 04:59:41.373678+00:00", "RecordID": "6706", "Level": "4", "UserID": "S-1-5-18", "EventData.InstancePath": "SWD\\ScDeviceEnum\\1_AKS_VR_0", "EventData.SessionId": "1"}
{"EventID": "102", "Channel": "Microsoft-Windows-SmartCard-DeviceEnum/Operational", "Provider_Name": "Microsoft-Windows-SmartCard-DeviceEnum", "Computer": "DESKTOP-OFJ6N53", "TimeCreated": "2025-04-01 04:59:41.428282+00:00", "RecordID": "6707", "Level": "4", "UserID": "S-1-5-18", "EventData.InstancePath": "SWD\\ScDeviceEnum\\1_AKS_ifdh_1", "EventData.SessionId": "1"}
{"EventID": "102", "Channel": "Microsoft-Windows-SmartCard-DeviceEnum/Operational", "Provider_Name": "Microsoft-Windows-SmartCard-DeviceEnum", "Computer": "DESKTOP-OFJ6N53", "TimeCreated": "2025-04-01 04:59:41.479664+00:00", "RecordID": "6708", "Level": "4", "UserID": "S-1-5-18", "EventData.InstancePath": "SWD\\ScDeviceEnum\\1_AKS_ifdh_0", "EventData.SessionId": "1"}
{"EventID": "101", "Channel": "Microsoft-Windows-SmartCard-DeviceEnum/Operational", "Provider_Name": "Microsoft-Windows-SmartCard-DeviceEnum", "Computer": "DESKTOP-OFJ6N53", "TimeCreated": "2025-04-01 04:59:43.507196+00:00", "RecordID": "6709", "Level": "4", "UserID": "S-1-5-18", "EventData.InstancePath": "SWD\\ScDeviceEnum\\1_Windows_Hello_for_Business_1", "EventData.SessionId": "1"}
{"EventID": "101", "Channel": "Microsoft-Windows-SmartCard-DeviceEnum/Operational", "Provider_Name": "Microsoft-Windows-SmartCard-DeviceEnum", "Computer": "DESKTOP-OFJ6N53", "TimeCreated": "2025-04-01 04:59:43.693193+00:00", "RecordID": "6710", "Level": "4", "UserID": "S-1-5-18", "EventData.InstancePath": "SWD\\ScDeviceEnum\\1_AKS_VR_0", "EventData.SessionId": "1"}
{"EventID": "101", "Channel": "Microsoft-Windows-SmartCard-DeviceEnum/Operational", "Provider_Name": "Microsoft-Windows-SmartCard-DeviceEnum", "Computer": "DESKTOP-OFJ6N53", "TimeCreated": "2025-04-01 04:59:43.820026+00:00", "RecordID": "6711", "Level": "4", "UserID": "S-1-5-18", "EventData.InstancePath": "SWD\\ScDeviceEnum\\1_AKS_ifdh_1", "EventData.SessionId": "1"}
{"EventID": "101", "Channel": "Microsoft-Windows-SmartCard-DeviceEnum/Operational", "Provider_Name": "Microsoft-Windows-SmartCard-DeviceEnum", "Computer": "DESKTOP-OFJ6N53", "TimeCreated": "2025-04-01 04:59:43.912516+00:00", "RecordID": "6712", "Level": "4", "UserID": "S-1-5-18", "EventData.InstancePath": "SWD\\ScDeviceEnum\\1_AKS_ifdh_0", "EventData.SessionId": "1"}
{"EventID": "102", "Channel": "Microsoft-Windows-SmartCard-DeviceEnum/Operational", "Provider_Name": "Microsoft-Windows-SmartCard-DeviceEnum", "Computer": "DESKTOP-OFJ6N53", "TimeCreated": "2025-04-01 06:25:15.511108+00:00", "RecordID": "6713", "Level": "4", "UserID": "S-1-5-18", "EventData.InstancePath": "SWD\\ScDeviceEnum\\1_Windows_Hello_for_Business_1", "EventData.SessionId": "1"}
{"EventID": "102", "Channel": "Microsoft-Windows-SmartCard-DeviceEnum/Operational", "Provider_Name": "Microsoft-Windows-SmartCard-DeviceEnum", "Computer": "DESKTOP-OFJ6N53", "TimeCreated": "2025-04-01 06:25:15.541704+00:00", "RecordID": "6714", "Level": "4", "UserID": "S-1-5-18", "EventData.InstancePath": "SWD\\ScDeviceEnum\\1_AKS_VR_0", "EventData.SessionId": "1"}
{"EventID": "102", "Channel": "Microsoft-Windows-SmartCard-DeviceEnum/Operational", "Provider_Name": "Microsoft-Windows-SmartCard-DeviceEnum", "Computer": "DESKTOP-OFJ6N53", "TimeCreated": "2025-04-01 06:25:15.573065+00:00", "RecordID": "6715", "Level": "4", "UserID": "S-1-5-18", "EventData.InstancePath": "SWD\\ScDeviceEnum\\1_AKS_ifdh_1", "EventData.SessionId": "1"}
{"EventID": "102", "Channel": "Microsoft-Windows-SmartCard-DeviceEnum/Operational", "Provider_Name": "Microsoft-Windows-SmartCard-DeviceEnum", "Computer": "DESKTOP-OFJ6N53", "TimeCreated": "2025-04-01 06:25:15.602547+00:00", "RecordID": "6716", "Level": "4", "UserID": "S-1-5-18", "EventData.InstancePath": "SWD\\ScDeviceEnum\\1_AKS_ifdh_0", "EventData.SessionId": "1"}
{"EventID": "104", "Channel": "Microsoft-Windows-SmartCard-DeviceEnum/Operational", "Provider_Name": "Microsoft-Windows-SmartCard-DeviceEnum", "Computer": "DESKTOP-OFJ6N53", "TimeCreated": "2025-04-01 06:26:15.868616+00:00", "RecordID": "6717", "Level": "4", "UserID": "S-1-5-18"}
{"EventID": "101", "Channel": "Microsoft-Windows-SmartCard-DeviceEnum/Operational", "Provider_Name": "Microsoft-Windows-SmartCard-DeviceEnum", "Computer": "DESKTOP-OFJ6N53", "TimeCreated": "2025-04-01 16:02:24.538927+00:00", "RecordID": "6718", "Level": "4", "UserID": "S-1-5-18", "EventData.InstancePath": "SWD\\ScDeviceEnumBus\\1", "EventData.SessionId": "0"}
{"EventID": "101", "Channel": "Microsoft-Windows-SmartCard-DeviceEnum/Operational", "Provider_Name": "Microsoft-Windows-SmartCard-DeviceEnum", "Computer": "DESKTOP-OFJ6N53", "TimeCreated": "2025-04-01 16:02:24.538940+00:00", "RecordID": "6719", "Level": "4", "UserID": "S-1-5-18", "EventData.InstancePath": "SWD\\ScDeviceEnumBus\\0", "EventData.SessionId": "0"}
{"EventID": "103", "Channel": "Microsoft-Windows-SmartCard-DeviceEnum/Operational", "Provider_Name": "Microsoft-Windows-SmartCard-DeviceEnum", "Computer": "DESKTOP-OFJ6N53", "TimeCreated": "2025-04-01 16:02:24.540878+00:00", "RecordID": "6720", "Level": "4", "UserID": "S-1-5-18"}
{"EventID": "101", "Channel": "Microsoft-Windows-SmartCard-DeviceEnum/Operational", "Provider_Name": "Microsoft-Windows-SmartCard-DeviceEnum", "Computer": "DESKTOP-OFJ6N53", "TimeCreated": "2025-04-01 16:03:35.243580+00:00", "RecordID": "6721", "Level": "4", "UserID": "S-1-5-18", "EventData.InstancePath": "SWD\\ScDeviceEnumBus\\0", "EventData.SessionId": "0"}
{"EventID": "101", "Channel": "Microsoft-Windows-SmartCard-DeviceEnum/Operational", "Provider_Name": "Microsoft-Windows-SmartCard-DeviceEnum", "Computer": "DESKTOP-OFJ6N53", "TimeCreated": "2025-04-01 16:03:35.243601+00:00", "RecordID": "6722", "Level": "4", "UserID": "S-1-5-18", "EventData.InstancePath": "SWD\\ScDeviceEnumBus\\1", "EventData.SessionId": "0"}
{"EventID": "103", "Channel": "Microsoft-Windows-SmartCard-DeviceEnum/Operational", "Provider_Name": "Microsoft-Windows-SmartCard-DeviceEnum", "Computer": "DESKTOP-OFJ6N53", "TimeCreated": "2025-04-01 16:03:35.245819+00:00", "RecordID": "6723", "Level": "4", "UserID": "S-1-5-18"}
{"EventID": "104", "Channel": "Microsoft-Windows-SmartCard-DeviceEnum/Operational", "Provider_Name": "Microsoft-Windows-SmartCard-DeviceEnum", "Computer": "DESKTOP-OFJ6N53", "TimeCreated": "2025-04-01 16:04:35.418810+00:00", "RecordID": "6724", "Level": "4", "UserID": "S-1-5-18"}
{"EventID": "101", "Channel": "Microsoft-Windows-SmartCard-DeviceEnum/Operational", "Provider_Name": "Microsoft-Windows-SmartCard-DeviceEnum", "Computer": "DESKTOP-OFJ6N53", "TimeCreated": "2025-04-02 09:13:40.195148+00:00", "RecordID": "6725", "Level": "4", "UserID": "S-1-5-18", "EventData.InstancePath": "SWD\\ScDeviceEnumBus\\1", "EventData.SessionId": "0"}
{"EventID": "101", "Channel": "Microsoft-Windows-SmartCard-DeviceEnum/Operational", "Provider_Name": "Microsoft-Windows-SmartCard-DeviceEnum", "Computer": "DESKTOP-OFJ6N53", "TimeCreated": "2025-04-02 09:13:40.195162+00:00", "RecordID": "6726", "Level": "4", "UserID": "S-1-5-18", "EventData.InstancePath": "SWD\\ScDeviceEnumBus\\0", "EventData.SessionId": "0"}
{"EventID": "103", "Channel": "Microsoft-Windows-SmartCard-DeviceEnum/Operational", "Provider_Name": "Microsoft-Windows-SmartCard-DeviceEnum", "Computer": "DESKTOP-OFJ6N53", "TimeCreated": "2025-04-02 09:13:40.227978+00:00", "RecordID": "6727", "Level": "4", "UserID": "S-1-5-18"}
{"EventID": "101", "Channel": "Microsoft-Windows-SmartCard-DeviceEnum/Operational", "Provider_Name": "Microsoft-Windows-SmartCard-DeviceEnum", "Computer": "DESKTOP-OFJ6N53", "TimeCreated": "2025-04-02 09:13:43.138584+00:00", "RecordID": "6728", "Level": "4", "UserID": "S-1-5-18", "EventData.InstancePath": "SWD\\ScDeviceEnum\\1_Windows_Hello_for_Business_1", "EventData.SessionId": "1"}
{"EventID": "101", "Channel": "Microsoft-Windows-SmartCard-DeviceEnum/Operational", "Provider_Name": "Microsoft-Windows-SmartCard-DeviceEnum", "Computer": "DESKTOP-OFJ6N53", "TimeCreated": "2025-04-02 09:13:43.201107+00:00", "RecordID": "6729", "Level": "4", "UserID": "S-1-5-18", "EventData.InstancePath": "SWD\\ScDeviceEnum\\1_AKS_VR_0", "EventData.SessionId": "1"}
{"EventID": "101", "Channel": "Microsoft-Windows-SmartCard-DeviceEnum/Operational", "Provider_Name": "Microsoft-Windows-SmartCard-DeviceEnum", "Computer": "DESKTOP-OFJ6N53", "TimeCreated": "2025-04-02 09:13:43.258938+00:00", "RecordID": "6730", "Level": "4", "UserID": "S-1-5-18", "EventData.InstancePath": "SWD\\ScDeviceEnum\\1_AKS_ifdh_1", "EventData.SessionId": "1"}
{"EventID": "101", "Channel": "Microsoft-Windows-SmartCard-DeviceEnum/Operational", "Provider_Name": "Microsoft-Windows-SmartCard-DeviceEnum", "Computer": "DESKTOP-OFJ6N53", "TimeCreated": "2025-04-02 09:13:43.440704+00:00", "RecordID": "6731", "Level": "4", "UserID": "S-1-5-18", "EventData.InstancePath": "SWD\\ScDeviceEnum\\1_AKS_ifdh_0", "EventData.SessionId": "1"}
{"EventID": "101", "Channel": "Microsoft-Windows-SmartCard-DeviceEnum/Operational", "Provider_Name": "Microsoft-Windows-SmartCard-DeviceEnum", "Computer": "DESKTOP-OFJ6N53", "TimeCreated": "2025-04-02 09:18:25.799385+00:00", "RecordID": "6732", "Level": "4", "UserID": "S-1-5-18", "EventData.InstancePath": "SWD\\ScDeviceEnumBus\\1", "EventData.SessionId": "0"}
{"EventID": "101", "Channel": "Microsoft-Windows-SmartCard-DeviceEnum/Operational", "Provider_Name": "Microsoft-Windows-SmartCard-DeviceEnum", "Computer": "DESKTOP-OFJ6N53", "TimeCreated": "2025-04-02 09:18:25.799400+00:00", "RecordID": "6733", "Level": "4", "UserID": "S-1-5-18", "EventData.InstancePath": "SWD\\ScDeviceEnumBus\\0", "EventData.SessionId": "0"}
{"EventID": "103", "Channel": "Microsoft-Windows-SmartCard-DeviceEnum/Operational", "Provider_Name": "Microsoft-Windows-SmartCard-DeviceEnum", "Computer": "DESKTOP-OFJ6N53", "TimeCreated": "2025-04-02 09:18:25.824551+00:00", "RecordID": "6734", "Level": "4", "UserID": "S-1-5-18"}
{"EventID": "101", "Channel": "Microsoft-Windows-SmartCard-DeviceEnum/Operational", "Provider_Name": "Microsoft-Windows-SmartCard-DeviceEnum", "Computer": "DESKTOP-OFJ6N53", "TimeCreated": "2025-04-02 09:18:25.850019+00:00", "RecordID": "6735", "Level": "4", "UserID": "S-1-5-18", "EventData.InstancePath": "SWD\\ScDeviceEnum\\1_AKS_VR_0", "EventData.SessionId": "1"}
{"EventID": "102", "Channel": "Microsoft-Windows-SmartCard-DeviceEnum/Operational", "Provider_Name": "Microsoft-Windows-SmartCard-DeviceEnum", "Computer": "DESKTOP-OFJ6N53", "TimeCreated": "2025-04-02 09:18:25.909115+00:00", "RecordID": "6736", "Level": "4", "UserID": "S-1-5-18", "EventData.InstancePath": "SWD\\ScDeviceEnum\\1_AKS_VR_0", "EventData.SessionId": "1"}
{"EventID": "101", "Channel": "Microsoft-Windows-SmartCard-DeviceEnum/Operational", "Provider_Name": "Microsoft-Windows-SmartCard-DeviceEnum", "Computer": "DESKTOP-OFJ6N53", "TimeCreated": "2025-04-02 09:18:25.910995+00:00", "RecordID": "6737", "Level": "4", "UserID": "S-1-5-18", "EventData.InstancePath": "SWD\\ScDeviceEnum\\1_AKS_ifdh_1", "EventData.SessionId": "1"}
{"EventID": "102", "Channel": "Microsoft-Windows-SmartCard-DeviceEnum/Operational", "Provider_Name": "Microsoft-Windows-SmartCard-DeviceEnum", "Computer": "DESKTOP-OFJ6N53", "TimeCreated": "2025-04-02 09:18:26.011477+00:00", "RecordID": "6738", "Level": "4", "UserID": "S-1-5-18", "EventData.InstancePath": "SWD\\ScDeviceEnum\\1_AKS_ifdh_1", "EventData.SessionId": "1"}
{"EventID": "101", "Channel": "Microsoft-Windows-SmartCard-DeviceEnum/Operational", "Provider_Name": "Microsoft-Windows-SmartCard-DeviceEnum", "Computer": "DESKTOP-OFJ6N53", "TimeCreated": "2025-04-02 09:18:26.013714+00:00", "RecordID": "6739", "Level": "4", "UserID": "S-1-5-18", "EventData.InstancePath": "SWD\\ScDeviceEnum\\1_Windows_Hello_for_Business_1", "EventData.SessionId": "1"}
{"EventID": "102", "Channel": "Microsoft-Windows-SmartCard-DeviceEnum/Operational", "Provider_Name": "Microsoft-Windows-SmartCard-DeviceEnum", "Computer": "DESKTOP-OFJ6N53", "TimeCreated": "2025-04-02 09:18:26.047064+00:00", "RecordID": "6740", "Level": "4", "UserID": "S-1-5-18", "EventData.InstancePath": "SWD\\ScDeviceEnum\\1_Windows_Hello_for_Business_1", "EventData.SessionId": "1"}
{"EventID": "101", "Channel": "Microsoft-Windows-SmartCard-DeviceEnum/Operational", "Provider_Name": "Microsoft-Windows-SmartCard-DeviceEnum", "Computer": "DESKTOP-OFJ6N53", "TimeCreated": "2025-04-02 09:18:26.048319+00:00", "RecordID": "6741", "Level": "4", "UserID": "S-1-5-18", "EventData.InstancePath": "SWD\\ScDeviceEnum\\1_AKS_ifdh_0", "EventData.SessionId": "1"}
{"EventID": "102", "Channel": "Microsoft-Windows-SmartCard-DeviceEnum/Operational", "Provider_Name": "Microsoft-Windows-SmartCard-DeviceEnum", "Computer": "DESKTOP-OFJ6N53", "TimeCreated": "2025-04-02 09:18:26.076252+00:00", "RecordID": "6742", "Level": "4", "UserID": "S-1-5-18", "EventData.InstancePath": "SWD\\ScDeviceEnum\\1_AKS_ifdh_0", "EventData.SessionId": "1"}
{"EventID": "104", "Channel": "Microsoft-Windows-SmartCard-DeviceEnum/Operational", "Provider_Name": "Microsoft-Windows-SmartCard-DeviceEnum", "Computer": "DESKTOP-OFJ6N53", "TimeCreated": "2025-04-02 09:19:26.296143+00:00", "RecordID": "6743", "Level": "4", "UserID": "S-1-5-18"}
{"EventID": "101", "Channel": "Microsoft-Windows-SmartCard-DeviceEnum/Operational", "Provider_Name": "Microsoft-Windows-SmartCard-DeviceEnum", "Computer": "DESKTOP-OFJ6N53", "TimeCreated": "2025-04-02 09:19:56.278149+00:00", "RecordID": "6744", "Level": "4", "UserID": "S-1-5-18", "EventData.InstancePath": "SWD\\ScDeviceEnumBus\\1", "EventData.SessionId": "0"}
{"EventID": "101", "Channel": "Microsoft-Windows-SmartCard-DeviceEnum/Operational", "Provider_Name": "Microsoft-Windows-SmartCard-DeviceEnum", "Computer": "DESKTOP-OFJ6N53", "TimeCreated": "2025-04-02 09:19:56.278168+00:00", "RecordID": "6745", "Level": "4", "UserID": "S-1-5-18", "EventData.InstancePath": "SWD\\ScDeviceEnumBus\\0", "EventData.SessionId": "0"}
{"EventID": "103", "Channel": "Microsoft-Windows-SmartCard-DeviceEnum/Operational", "Provider_Name": "Microsoft-Windows-SmartCard-DeviceEnum", "Computer": "DESKTOP-OFJ6N53", "TimeCreated": "2025-04-02 09:19:56.316597+00:00", "RecordID": "6746", "Level": "4", "UserID": "S-1-5-18"}
{"EventID": "101", "Channel": "Microsoft-Windows-SmartCard-DeviceEnum/Operational", "Provider_Name": "Microsoft-Windows-SmartCard-DeviceEnum", "Computer": "DESKTOP-OFJ6N53", "TimeCreated": "2025-04-02 09:19:59.482687+00:00", "RecordID": "6747", "Level": "4", "UserID": "S-1-5-18", "EventData.InstancePath": "SWD\\ScDeviceEnum\\1_Windows_Hello_for_Business_1", "EventData.SessionId": "1"}
{"EventID": "101", "Channel": "Microsoft-Windows-SmartCard-DeviceEnum/Operational", "Provider_Name": "Microsoft-Windows-SmartCard-DeviceEnum", "Computer": "DESKTOP-OFJ6N53", "TimeCreated": "2025-04-02 09:19:59.983940+00:00", "RecordID": "6748", "Level": "4", "UserID": "S-1-5-18", "EventData.InstancePath": "SWD\\ScDeviceEnum\\1_AKS_VR_0", "EventData.SessionId": "1"}
{"EventID": "101", "Channel": "Microsoft-Windows-SmartCard-DeviceEnum/Operational", "Provider_Name": "Microsoft-Windows-SmartCard-DeviceEnum", "Computer": "DESKTOP-OFJ6N53", "TimeCreated": "2025-04-02 09:20:00.193359+00:00", "RecordID": "6749", "Level": "4", "UserID": "S-1-5-18", "EventData.InstancePath": "SWD\\ScDeviceEnum\\1_AKS_ifdh_1", "EventData.SessionId": "1"}
{"EventID": "101", "Channel": "Microsoft-Windows-SmartCard-DeviceEnum/Operational", "Provider_Name": "Microsoft-Windows-SmartCard-DeviceEnum", "Computer": "DESKTOP-OFJ6N53", "TimeCreated": "2025-04-02 09:20:00.557348+00:00", "RecordID": "6750", "Level": "4", "UserID": "S-1-5-18", "EventData.InstancePath": "SWD\\ScDeviceEnum\\1_AKS_ifdh_0", "EventData.SessionId": "1"}
{"EventID": "101", "Channel": "Microsoft-Windows-SmartCard-DeviceEnum/Operational", "Provider_Name": "Microsoft-Windows-SmartCard-DeviceEnum", "Computer": "DESKTOP-OFJ6N53", "TimeCreated": "2025-04-02 09:53:53.472059+00:00", "RecordID": "6751", "Level": "4", "UserID": "S-1-5-18", "EventData.InstancePath": "SWD\\ScDeviceEnumBus\\1", "EventData.SessionId": "0"}
{"EventID": "101", "Channel": "Microsoft-Windows-SmartCard-DeviceEnum/Operational", "Provider_Name": "Microsoft-Windows-SmartCard-DeviceEnum", "Computer": "DESKTOP-OFJ6N53", "TimeCreated": "2025-04-02 09:53:53.472080+00:00", "RecordID": "6752", "Level": "4", "UserID": "S-1-5-18", "EventData.InstancePath": "SWD\\ScDeviceEnumBus\\0", "EventData.SessionId": "0"}
{"EventID": "103", "Channel": "Microsoft-Windows-SmartCard-DeviceEnum/Operational", "Provider_Name": "Microsoft-Windows-SmartCard-DeviceEnum", "Computer": "DESKTOP-OFJ6N53", "TimeCreated": "2025-04-02 09:53:53.474266+00:00", "RecordID": "6753", "Level": "4", "UserID": "S-1-5-18"}
{"EventID": "101", "Channel": "Microsoft-Windows-SmartCard-DeviceEnum/Operational", "Provider_Name": "Microsoft-Windows-SmartCard-DeviceEnum", "Computer": "DESKTOP-OFJ6N53", "TimeCreated": "2025-04-02 09:53:55.222618+00:00", "RecordID": "6754", "Level": "4", "UserID": "S-1-5-18", "EventData.InstancePath": "SWD\\ScDeviceEnum\\2_Windows_Hello_for_Business_1", "EventData.SessionId": "2"}
{"EventID": "101", "Channel": "Microsoft-Windows-SmartCard-DeviceEnum/Operational", "Provider_Name": "Microsoft-Windows-SmartCard-DeviceEnum", "Computer": "DESKTOP-OFJ6N53", "TimeCreated": "2025-04-02 09:53:55.255011+00:00", "RecordID": "6755", "Level": "4", "UserID": "S-1-5-18", "EventData.InstancePath": "SWD\\ScDeviceEnum\\2_AKS_VR_0", "EventData.SessionId": "2"}
{"EventID": "101", "Channel": "Microsoft-Windows-SmartCard-DeviceEnum/Operational", "Provider_Name": "Microsoft-Windows-SmartCard-DeviceEnum", "Computer": "DESKTOP-OFJ6N53", "TimeCreated": "2025-04-02 09:53:55.285496+00:00", "RecordID": "6756", "Level": "4", "UserID": "S-1-5-18", "EventData.InstancePath": "SWD\\ScDeviceEnum\\2_AKS_ifdh_1", "EventData.SessionId": "2"}
{"EventID": "101", "Channel": "Microsoft-Windows-SmartCard-DeviceEnum/Operational", "Provider_Name": "Microsoft-Windows-SmartCard-DeviceEnum", "Computer": "DESKTOP-OFJ6N53", "TimeCreated": "2025-04-02 09:53:55.314459+00:00", "RecordID": "6757", "Level": "4", "UserID": "S-1-5-18", "EventData.InstancePath": "SWD\\ScDeviceEnum\\2_AKS_ifdh_0", "EventData.SessionId": "2"}
{"EventID": "101", "Channel": "Microsoft-Windows-SmartCard-DeviceEnum/Operational", "Provider_Name": "Microsoft-Windows-SmartCard-DeviceEnum", "Computer": "DESKTOP-OFJ6N53", "TimeCreated": "2025-04-02 10:02:29.694420+00:00", "RecordID": "6758", "Level": "4", "UserID": "S-1-5-18", "EventData.InstancePath": "SWD\\ScDeviceEnumBus\\1", "EventData.SessionId": "0"}
{"EventID": "101", "Channel": "Microsoft-Windows-SmartCard-DeviceEnum/Operational", "Provider_Name": "Microsoft-Windows-SmartCard-DeviceEnum", "Computer": "DESKTOP-OFJ6N53", "TimeCreated": "2025-04-02 10:02:29.694426+00:00", "RecordID": "6759", "Level": "4", "UserID": "S-1-5-18", "EventData.InstancePath": "SWD\\ScDeviceEnumBus\\0", "EventData.SessionId": "0"}
{"EventID": "103", "Channel": "Microsoft-Windows-SmartCard-DeviceEnum/Operational", "Provider_Name": "Microsoft-Windows-SmartCard-DeviceEnum", "Computer": "DESKTOP-OFJ6N53", "TimeCreated": "2025-04-02 10:02:29.696501+00:00", "RecordID": "6760", "Level": "4", "UserID": "S-1-5-18"}
{"EventID": "101", "Channel": "Microsoft-Windows-SmartCard-DeviceEnum/Operational", "Provider_Name": "Microsoft-Windows-SmartCard-DeviceEnum", "Computer": "DESKTOP-OFJ6N53", "TimeCreated": "2025-04-02 10:02:31.481674+00:00", "RecordID": "6761", "Level": "4", "UserID": "S-1-5-18", "EventData.InstancePath": "SWD\\ScDeviceEnum\\2_AKS_ifdh_1", "EventData.SessionId": "2"}
{"EventID": "102", "Channel": "Microsoft-Windows-SmartCard-DeviceEnum/Operational", "Provider_Name": "Microsoft-Windows-SmartCard-DeviceEnum", "Computer": "DESKTOP-OFJ6N53", "TimeCreated": "2025-04-02 10:02:31.529888+00:00", "RecordID": "6762", "Level": "4", "UserID": "S-1-5-18", "EventData.InstancePath": "SWD\\ScDeviceEnum\\2_AKS_ifdh_1", "EventData.SessionId": "2"}
{"EventID": "101", "Channel": "Microsoft-Windows-SmartCard-DeviceEnum/Operational", "Provider_Name": "Microsoft-Windows-SmartCard-DeviceEnum", "Computer": "DESKTOP-OFJ6N53", "TimeCreated": "2025-04-02 10:02:31.531683+00:00", "RecordID": "6763", "Level": "4", "UserID": "S-1-5-18", "EventData.InstancePath": "SWD\\ScDeviceEnum\\2_AKS_VR_0", "EventData.SessionId": "2"}
{"EventID": "102", "Channel": "Microsoft-Windows-SmartCard-DeviceEnum/Operational", "Provider_Name": "Microsoft-Windows-SmartCard-DeviceEnum", "Computer": "DESKTOP-OFJ6N53", "TimeCreated": "2025-04-02 10:02:31.575413+00:00", "RecordID": "6764", "Level": "4", "UserID": "S-1-5-18", "EventData.InstancePath": "SWD\\ScDeviceEnum\\2_AKS_VR_0", "EventData.SessionId": "2"}
{"EventID": "101", "Channel": "Microsoft-Windows-SmartCard-DeviceEnum/Operational", "Provider_Name": "Microsoft-Windows-SmartCard-DeviceEnum", "Computer": "DESKTOP-OFJ6N53", "TimeCreated": "2025-04-02 10:02:31.578909+00:00", "RecordID": "6765", "Level": "4", "UserID": "S-1-5-18", "EventData.InstancePath": "SWD\\ScDeviceEnum\\2_Windows_Hello_for_Business_1", "EventData.SessionId": "2"}
{"EventID": "102", "Channel": "Microsoft-Windows-SmartCard-DeviceEnum/Operational", "Provider_Name": "Microsoft-Windows-SmartCard-DeviceEnum", "Computer": "DESKTOP-OFJ6N53", "TimeCreated": "2025-04-02 10:02:31.620680+00:00", "RecordID": "6766", "Level": "4", "UserID": "S-1-5-18", "EventData.InstancePath": "SWD\\ScDeviceEnum\\2_Windows_Hello_for_Business_1", "EventData.SessionId": "2"}
{"EventID": "101", "Channel": "Microsoft-Windows-SmartCard-DeviceEnum/Operational", "Provider_Name": "Microsoft-Windows-SmartCard-DeviceEnum", "Computer": "DESKTOP-OFJ6N53", "TimeCreated": "2025-04-02 10:02:31.624140+00:00", "RecordID": "6767", "Level": "4", "UserID": "S-1-5-18", "EventData.InstancePath": "SWD\\ScDeviceEnum\\2_AKS_ifdh_0", "EventData.SessionId": "2"}
{"EventID": "102", "Channel": "Microsoft-Windows-SmartCard-DeviceEnum/Operational", "Provider_Name": "Microsoft-Windows-SmartCard-DeviceEnum", "Computer": "DESKTOP-OFJ6N53", "TimeCreated": "2025-04-02 10:02:31.660528+00:00", "RecordID": "6768", "Level": "4", "UserID": "S-1-5-18", "EventData.InstancePath": "SWD\\ScDeviceEnum\\2_AKS_ifdh_0", "EventData.SessionId": "2"}
{"EventID": "101", "Channel": "Microsoft-Windows-SmartCard-DeviceEnum/Operational", "Provider_Name": "Microsoft-Windows-SmartCard-DeviceEnum", "Computer": "DESKTOP-OFJ6N53", "TimeCreated": "2025-04-02 10:02:31.744421+00:00", "RecordID": "6769", "Level": "4", "UserID": "S-1-5-18", "EventData.InstancePath": "SWD\\ScDeviceEnum\\2_Windows_Hello_for_Business_1", "EventData.SessionId": "2"}
{"EventID": "101", "Channel": "Microsoft-Windows-SmartCard-DeviceEnum/Operational", "Provider_Name": "Microsoft-Windows-SmartCard-DeviceEnum", "Computer": "DESKTOP-OFJ6N53", "TimeCreated": "2025-04-02 10:02:31.767311+00:00", "RecordID": "6770", "Level": "4", "UserID": "S-1-5-18", "EventData.InstancePath": "SWD\\ScDeviceEnum\\2_AKS_VR_0", "EventData.SessionId": "2"}
{"EventID": "101", "Channel": "Microsoft-Windows-SmartCard-DeviceEnum/Operational", "Provider_Name": "Microsoft-Windows-SmartCard-DeviceEnum", "Computer": "DESKTOP-OFJ6N53", "TimeCreated": "2025-04-02 10:02:31.786367+00:00", "RecordID": "6771", "Level": "4", "UserID": "S-1-5-18", "EventData.InstancePath": "SWD\\ScDeviceEnum\\2_AKS_ifdh_1", "EventData.SessionId": "2"}
{"EventID": "101", "Channel": "Microsoft-Windows-SmartCard-DeviceEnum/Operational", "Provider_Name": "Microsoft-Windows-SmartCard-DeviceEnum", "Computer": "DESKTOP-OFJ6N53", "TimeCreated": "2025-04-02 10:02:31.816936+00:00", "RecordID": "6772", "Level": "4", "UserID": "S-1-5-18", "EventData.InstancePath": "SWD\\ScDeviceEnum\\2_AKS_ifdh_0", "EventData.SessionId": "2"}
{"EventID": "101", "Channel": "Microsoft-Windows-SmartCard-DeviceEnum/Operational", "Provider_Name": "Microsoft-Windows-SmartCard-DeviceEnum", "Computer": "DESKTOP-OFJ6N53", "TimeCreated": "2025-04-02 10:08:42.760656+00:00", "RecordID": "6773", "Level": "4", "UserID": "S-1-5-18", "EventData.InstancePath": "SWD\\ScDeviceEnumBus\\1", "EventData.SessionId": "0"}
{"EventID": "101", "Channel": "Microsoft-Windows-SmartCard-DeviceEnum/Operational", "Provider_Name": "Microsoft-Windows-SmartCard-DeviceEnum", "Computer": "DESKTOP-OFJ6N53", "TimeCreated": "2025-04-02 10:08:42.760683+00:00", "RecordID": "6774", "Level": "4", "UserID": "S-1-5-18", "EventData.InstancePath": "SWD\\ScDeviceEnumBus\\0", "EventData.SessionId": "0"}
{"EventID": "103", "Channel": "Microsoft-Windows-SmartCard-DeviceEnum/Operational", "Provider_Name": "Microsoft-Windows-SmartCard-DeviceEnum", "Computer": "DESKTOP-OFJ6N53", "TimeCreated": "2025-04-02 10:08:42.784597+00:00", "RecordID": "6775", "Level": "4", "UserID": "S-1-5-18"}
{"EventID": "101", "Channel": "Microsoft-Windows-SmartCard-DeviceEnum/Operational", "Provider_Name": "Microsoft-Windows-SmartCard-DeviceEnum", "Computer": "DESKTOP-OFJ6N53", "TimeCreated": "2025-04-02 10:09:16.696850+00:00", "RecordID": "6776", "Level": "4", "UserID": "S-1-5-18", "EventData.InstancePath": "SWD\\ScDeviceEnum\\2_AKS_ifdh_1", "EventData.SessionId": "2"}
{"EventID": "102", "Channel": "Microsoft-Windows-SmartCard-DeviceEnum/Operational", "Provider_Name": "Microsoft-Windows-SmartCard-DeviceEnum", "Computer": "DESKTOP-OFJ6N53", "TimeCreated": "2025-04-02 10:09:16.981331+00:00", "RecordID": "6777", "Level": "4", "UserID": "S-1-5-18", "EventData.InstancePath": "SWD\\ScDeviceEnum\\2_AKS_ifdh_1", "EventData.SessionId": "2"}
{"EventID": "101", "Channel": "Microsoft-Windows-SmartCard-DeviceEnum/Operational", "Provider_Name": "Microsoft-Windows-SmartCard-DeviceEnum", "Computer": "DESKTOP-OFJ6N53", "TimeCreated": "2025-04-02 10:09:16.982943+00:00", "RecordID": "6778", "Level": "4", "UserID": "S-1-5-18", "EventData.InstancePath": "SWD\\ScDeviceEnum\\2_AKS_VR_0", "EventData.SessionId": "2"}
{"EventID": "102", "Channel": "Microsoft-Windows-SmartCard-DeviceEnum/Operational", "Provider_Name": "Microsoft-Windows-SmartCard-DeviceEnum", "Computer": "DESKTOP-OFJ6N53", "TimeCreated": "2025-04-02 10:09:17.030010+00:00", "RecordID": "6779", "Level": "4", "UserID": "S-1-5-18", "EventData.InstancePath": "SWD\\ScDeviceEnum\\2_AKS_VR_0", "EventData.SessionId": "2"}
{"EventID": "101", "Channel": "Microsoft-Windows-SmartCard-DeviceEnum/Operational", "Provider_Name": "Microsoft-Windows-SmartCard-DeviceEnum", "Computer": "DESKTOP-OFJ6N53", "TimeCreated": "2025-04-02 10:09:17.031788+00:00", "RecordID": "6780", "Level": "4", "UserID": "S-1-5-18", "EventData.InstancePath": "SWD\\ScDeviceEnum\\2_Windows_Hello_for_Business_1", "EventData.SessionId": "2"}
{"EventID": "102", "Channel": "Microsoft-Windows-SmartCard-DeviceEnum/Operational", "Provider_Name": "Microsoft-Windows-SmartCard-DeviceEnum", "Computer": "DESKTOP-OFJ6N53", "TimeCreated": "2025-04-02 10:09:17.069170+00:00", "RecordID": "6781", "Level": "4", "UserID": "S-1-5-18", "EventData.InstancePath": "SWD\\ScDeviceEnum\\2_Windows_Hello_for_Business_1", "EventData.SessionId": "2"}
{"EventID": "101", "Channel": "Microsoft-Windows-SmartCard-DeviceEnum/Operational", "Provider_Name": "Microsoft-Windows-SmartCard-DeviceEnum", "Computer": "DESKTOP-OFJ6N53", "TimeCreated": "2025-04-02 10:09:17.072445+00:00", "RecordID": "6782", "Level": "4", "UserID": "S-1-5-18", "EventData.InstancePath": "SWD\\ScDeviceEnum\\2_AKS_ifdh_0", "EventData.SessionId": "2"}
{"EventID": "102", "Channel": "Microsoft-Windows-SmartCard-DeviceEnum/Operational", "Provider_Name": "Microsoft-Windows-SmartCard-DeviceEnum", "Computer": "DESKTOP-OFJ6N53", "TimeCreated": "2025-04-02 10:09:17.116879+00:00", "RecordID": "6783", "Level": "4", "UserID": "S-1-5-18", "EventData.InstancePath": "SWD\\ScDeviceEnum\\2_AKS_ifdh_0", "EventData.SessionId": "2"}
{"EventID": "101", "Channel": "Microsoft-Windows-SmartCard-DeviceEnum/Operational", "Provider_Name": "Microsoft-Windows-SmartCard-DeviceEnum", "Computer": "DESKTOP-OFJ6N53", "TimeCreated": "2025-04-02 10:09:17.280991+00:00", "RecordID": "6784", "Level": "4", "UserID": "S-1-5-18", "EventData.InstancePath": "SWD\\ScDeviceEnum\\2_Windows_Hello_for_Business_1", "EventData.SessionId": "2"}
{"EventID": "101", "Channel": "Microsoft-Windows-SmartCard-DeviceEnum/Operational", "Provider_Name": "Microsoft-Windows-SmartCard-DeviceEnum", "Computer": "DESKTOP-OFJ6N53", "TimeCreated": "2025-04-02 10:09:17.302872+00:00", "RecordID": "6785", "Level": "4", "UserID": "S-1-5-18", "EventData.InstancePath": "SWD\\ScDeviceEnum\\2_AKS_VR_0", "EventData.SessionId": "2"}
{"EventID": "101", "Channel": "Microsoft-Windows-SmartCard-DeviceEnum/Operational", "Provider_Name": "Microsoft-Windows-SmartCard-DeviceEnum", "Computer": "DESKTOP-OFJ6N53", "TimeCreated": "2025-04-02 10:09:17.325314+00:00", "RecordID": "6786", "Level": "4", "UserID": "S-1-5-18", "EventData.InstancePath": "SWD\\ScDeviceEnum\\2_AKS_ifdh_1", "EventData.SessionId": "2"}
{"EventID": "101", "Channel": "Microsoft-Windows-SmartCard-DeviceEnum/Operational", "Provider_Name": "Microsoft-Windows-SmartCard-DeviceEnum", "Computer": "DESKTOP-OFJ6N53", "TimeCreated": "2025-04-02 10:09:17.403263+00:00", "RecordID": "6787", "Level": "4", "UserID": "S-1-5-18", "EventData.InstancePath": "SWD\\ScDeviceEnum\\2_AKS_ifdh_0", "EventData.SessionId": "2"}
{"EventID": "102", "Channel": "Microsoft-Windows-SmartCard-DeviceEnum/Operational", "Provider_Name": "Microsoft-Windows-SmartCard-DeviceEnum", "Computer": "DESKTOP-OFJ6N53", "TimeCreated": "2025-04-02 10:10:48.433943+00:00", "RecordID": "6788", "Level": "4", "UserID": "S-1-5-18", "EventData.InstancePath": "SWD\\ScDeviceEnum\\2_Windows_Hello_for_Business_1", "EventData.SessionId": "2"}
{"EventID": "102", "Channel": "Microsoft-Windows-SmartCard-DeviceEnum/Operational", "Provider_Name": "Microsoft-Windows-SmartCard-DeviceEnum", "Computer": "DESKTOP-OFJ6N53", "TimeCreated": "2025-04-02 10:10:48.470415+00:00", "RecordID": "6789", "Level": "4", "UserID": "S-1-5-18", "EventData.InstancePath": "SWD\\ScDeviceEnum\\2_AKS_VR_0", "EventData.SessionId": "2"}
{"EventID": "102", "Channel": "Microsoft-Windows-SmartCard-DeviceEnum/Operational", "Provider_Name": "Microsoft-Windows-SmartCard-DeviceEnum", "Computer": "DESKTOP-OFJ6N53", "TimeCreated": "2025-04-02 10:10:48.500446+00:00", "RecordID": "6790", "Level": "4", "UserID": "S-1-5-18", "EventData.InstancePath": "SWD\\ScDeviceEnum\\2_AKS_ifdh_1", "EventData.SessionId": "2"}
{"EventID": "102", "Channel": "Microsoft-Windows-SmartCard-DeviceEnum/Operational", "Provider_Name": "Microsoft-Windows-SmartCard-DeviceEnum", "Computer": "DESKTOP-OFJ6N53", "TimeCreated": "2025-04-02 10:10:48.533363+00:00", "RecordID": "6791", "Level": "4", "UserID": "S-1-5-18", "EventData.InstancePath": "SWD\\ScDeviceEnum\\2_AKS_ifdh_0", "EventData.SessionId": "2"}
{"EventID": "101", "Channel": "Microsoft-Windows-SmartCard-DeviceEnum/Operational", "Provider_Name": "Microsoft-Windows-SmartCard-DeviceEnum", "Computer": "DESKTOP-OFJ6N53", "TimeCreated": "2025-04-02 10:12:46.591339+00:00", "RecordID": "6792", "Level": "4", "UserID": "S-1-5-18", "EventData.InstancePath": "SWD\\ScDeviceEnumBus\\0", "EventData.SessionId": "0"}
{"EventID": "101", "Channel": "Microsoft-Windows-SmartCard-DeviceEnum/Operational", "Provider_Name": "Microsoft-Windows-SmartCard-DeviceEnum", "Computer": "DESKTOP-OFJ6N53", "TimeCreated": "2025-04-02 10:12:46.591658+00:00", "RecordID": "6793", "Level": "4", "UserID": "S-1-5-18", "EventData.InstancePath": "SWD\\ScDeviceEnumBus\\1", "EventData.SessionId": "0"}
{"EventID": "103", "Channel": "Microsoft-Windows-SmartCard-DeviceEnum/Operational", "Provider_Name": "Microsoft-Windows-SmartCard-DeviceEnum", "Computer": "DESKTOP-OFJ6N53", "TimeCreated": "2025-04-02 10:12:46.593630+00:00", "RecordID": "6794", "Level": "4", "UserID": "S-1-5-18"}
{"EventID": "101", "Channel": "Microsoft-Windows-SmartCard-DeviceEnum/Operational", "Provider_Name": "Microsoft-Windows-SmartCard-DeviceEnum", "Computer": "DESKTOP-OFJ6N53", "TimeCreated": "2025-04-02 10:13:19.038509+00:00", "RecordID": "6795", "Level": "4", "UserID": "S-1-5-18", "EventData.InstancePath": "SWD\\ScDeviceEnum\\2_Windows_Hello_for_Business_1", "EventData.SessionId": "2"}
{"EventID": "101", "Channel": "Microsoft-Windows-SmartCard-DeviceEnum/Operational", "Provider_Name": "Microsoft-Windows-SmartCard-DeviceEnum", "Computer": "DESKTOP-OFJ6N53", "TimeCreated": "2025-04-02 10:13:19.480583+00:00", "RecordID": "6796", "Level": "4", "UserID": "S-1-5-18", "EventData.InstancePath": "SWD\\ScDeviceEnum\\2_AKS_VR_0", "EventData.SessionId": "2"}
{"EventID": "101", "Channel": "Microsoft-Windows-SmartCard-DeviceEnum/Operational", "Provider_Name": "Microsoft-Windows-SmartCard-DeviceEnum", "Computer": "DESKTOP-OFJ6N53", "TimeCreated": "2025-04-02 10:13:19.594608+00:00", "RecordID": "6797", "Level": "4", "UserID": "S-1-5-18", "EventData.InstancePath": "SWD\\ScDeviceEnum\\2_AKS_ifdh_1", "EventData.SessionId": "2"}
{"EventID": "101", "Channel": "Microsoft-Windows-SmartCard-DeviceEnum/Operational", "Provider_Name": "Microsoft-Windows-SmartCard-DeviceEnum", "Computer": "DESKTOP-OFJ6N53", "TimeCreated": "2025-04-02 10:13:19.930387+00:00", "RecordID": "6798", "Level": "4", "UserID": "S-1-5-18", "EventData.InstancePath": "SWD\\ScDeviceEnum\\2_AKS_ifdh_0", "EventData.SessionId": "2"}
{"EventID": "101", "Channel": "Microsoft-Windows-SmartCard-DeviceEnum/Operational", "Provider_Name": "Microsoft-Windows-SmartCard-DeviceEnum", "Computer": "DESKTOP-OFJ6N53", "TimeCreated": "2025-04-02 10:30:56.651146+00:00", "RecordID": "6799", "Level": "4", "UserID": "S-1-5-18", "EventData.InstancePath": "SWD\\ScDeviceEnumBus\\1", "EventData.SessionId": "0"}
{"EventID": "101", "Channel": "Microsoft-Windows-SmartCard-DeviceEnum/Operational", "Provider_Name": "Microsoft-Windows-SmartCard-DeviceEnum", "Computer": "DESKTOP-OFJ6N53", "TimeCreated": "2025-04-02 10:30:56.651165+00:00", "RecordID": "6800", "Level": "4", "UserID": "S-1-5-18", "EventData.InstancePath": "SWD\\ScDeviceEnumBus\\0", "EventData.SessionId": "0"}
{"EventID": "103", "Channel": "Microsoft-Windows-SmartCard-DeviceEnum/Operational", "Provider_Name": "Microsoft-Windows-SmartCard-DeviceEnum", "Computer": "DESKTOP-OFJ6N53", "TimeCreated": "2025-04-02 10:30:56.652895+00:00", "RecordID": "6801", "Level": "4", "UserID": "S-1-5-18"}
{"EventID": "101", "Channel": "Microsoft-Windows-SmartCard-DeviceEnum/Operational", "Provider_Name": "Microsoft-Windows-SmartCard-DeviceEnum", "Computer": "DESKTOP-OFJ6N53", "TimeCreated": "2025-04-02 10:30:58.167187+00:00", "RecordID": "6802", "Level": "4", "UserID": "S-1-5-18", "EventData.InstancePath": "SWD\\ScDeviceEnum\\2_AKS_ifdh_1", "EventData.SessionId": "2"}
{"EventID": "102", "Channel": "Microsoft-Windows-SmartCard-DeviceEnum/Operational", "Provider_Name": "Microsoft-Windows-SmartCard-DeviceEnum", "Computer": "DESKTOP-OFJ6N53", "TimeCreated": "2025-04-02 10:30:58.237818+00:00", "RecordID": "6803", "Level": "4", "UserID": "S-1-5-18", "EventData.InstancePath": "SWD\\ScDeviceEnum\\2_AKS_ifdh_1", "EventData.SessionId": "2"}
{"EventID": "101", "Channel": "Microsoft-Windows-SmartCard-DeviceEnum/Operational", "Provider_Name": "Microsoft-Windows-SmartCard-DeviceEnum", "Computer": "DESKTOP-OFJ6N53", "TimeCreated": "2025-04-02 10:30:58.242950+00:00", "RecordID": "6804", "Level": "4", "UserID": "S-1-5-18", "EventData.InstancePath": "SWD\\ScDeviceEnum\\2_AKS_VR_0", "EventData.SessionId": "2"}
{"EventID": "102", "Channel": "Microsoft-Windows-SmartCard-DeviceEnum/Operational", "Provider_Name": "Microsoft-Windows-SmartCard-DeviceEnum", "Computer": "DESKTOP-OFJ6N53", "TimeCreated": "2025-04-02 10:30:58.304888+00:00", "RecordID": "6805", "Level": "4", "UserID": "S-1-5-18", "EventData.InstancePath": "SWD\\ScDeviceEnum\\2_AKS_VR_0", "EventData.SessionId": "2"}
{"EventID": "101", "Channel": "Microsoft-Windows-SmartCard-DeviceEnum/Operational", "Provider_Name": "Microsoft-Windows-SmartCard-DeviceEnum", "Computer": "DESKTOP-OFJ6N53", "TimeCreated": "2025-04-02 10:30:58.315485+00:00", "RecordID": "6806", "Level": "4", "UserID": "S-1-5-18", "EventData.InstancePath": "SWD\\ScDeviceEnum\\2_Windows_Hello_for_Business_1", "EventData.SessionId": "2"}
{"EventID": "102", "Channel": "Microsoft-Windows-SmartCard-DeviceEnum/Operational", "Provider_Name": "Microsoft-Windows-SmartCard-DeviceEnum", "Computer": "DESKTOP-OFJ6N53", "TimeCreated": "2025-04-02 10:30:58.353424+00:00", "RecordID": "6807", "Level": "4", "UserID": "S-1-5-18", "EventData.InstancePath": "SWD\\ScDeviceEnum\\2_Windows_Hello_for_Business_1", "EventData.SessionId": "2"}
{"EventID": "101", "Channel": "Microsoft-Windows-SmartCard-DeviceEnum/Operational", "Provider_Name": "Microsoft-Windows-SmartCard-DeviceEnum", "Computer": "DESKTOP-OFJ6N53", "TimeCreated": "2025-04-02 10:30:58.356255+00:00", "RecordID": "6808", "Level": "4", "UserID": "S-1-5-18", "EventData.InstancePath": "SWD\\ScDeviceEnum\\2_AKS_ifdh_0", "EventData.SessionId": "2"}
{"EventID": "102", "Channel": "Microsoft-Windows-SmartCard-DeviceEnum/Operational", "Provider_Name": "Microsoft-Windows-SmartCard-DeviceEnum", "Computer": "DESKTOP-OFJ6N53", "TimeCreated": "2025-04-02 10:30:58.400230+00:00", "RecordID": "6809", "Level": "4", "UserID": "S-1-5-18", "EventData.InstancePath": "SWD\\ScDeviceEnum\\2_AKS_ifdh_0", "EventData.SessionId": "2"}
{"EventID": "101", "Channel": "Microsoft-Windows-SmartCard-DeviceEnum/Operational", "Provider_Name": "Microsoft-Windows-SmartCard-DeviceEnum", "Computer": "DESKTOP-OFJ6N53", "TimeCreated": "2025-04-02 10:30:58.504747+00:00", "RecordID": "6810", "Level": "4", "UserID": "S-1-5-18", "EventData.InstancePath": "SWD\\ScDeviceEnum\\2_Windows_Hello_for_Business_1", "EventData.SessionId": "2"}
{"EventID": "101", "Channel": "Microsoft-Windows-SmartCard-DeviceEnum/Operational", "Provider_Name": "Microsoft-Windows-SmartCard-DeviceEnum", "Computer": "DESKTOP-OFJ6N53", "TimeCreated": "2025-04-02 10:30:58.530703+00:00", "RecordID": "6811", "Level": "4", "UserID": "S-1-5-18", "EventData.InstancePath": "SWD\\ScDeviceEnum\\2_AKS_VR_0", "EventData.SessionId": "2"}
{"EventID": "101", "Channel": "Microsoft-Windows-SmartCard-DeviceEnum/Operational", "Provider_Name": "Microsoft-Windows-SmartCard-DeviceEnum", "Computer": "DESKTOP-OFJ6N53", "TimeCreated": "2025-04-02 10:30:58.557838+00:00", "RecordID": "6812", "Level": "4", "UserID": "S-1-5-18", "EventData.InstancePath": "SWD\\ScDeviceEnum\\2_AKS_ifdh_1", "EventData.SessionId": "2"}
{"EventID": "101", "Channel": "Microsoft-Windows-SmartCard-DeviceEnum/Operational", "Provider_Name": "Microsoft-Windows-SmartCard-DeviceEnum", "Computer": "DESKTOP-OFJ6N53", "TimeCreated": "2025-04-02 10:30:58.580856+00:00", "RecordID": "6813", "Level": "4", "UserID": "S-1-5-18", "EventData.InstancePath": "SWD\\ScDeviceEnum\\2_AKS_ifdh_0", "EventData.SessionId": "2"}
{"EventID": "101", "Channel": "Microsoft-Windows-SmartCard-DeviceEnum/Operational", "Provider_Name": "Microsoft-Windows-SmartCard-DeviceEnum", "Computer": "DESKTOP-OFJ6N53", "TimeCreated": "2025-04-02 10:37:51.800016+00:00", "RecordID": "6814", "Level": "4", "UserID": "S-1-5-18", "EventData.InstancePath": "SWD\\ScDeviceEnumBus\\1", "EventData.SessionId": "0"}
{"EventID": "101", "Channel": "Microsoft-Windows-SmartCard-DeviceEnum/Operational", "Provider_Name": "Microsoft-Windows-SmartCard-DeviceEnum", "Computer": "DESKTOP-OFJ6N53", "TimeCreated": "2025-04-02 10:37:51.800035+00:00", "RecordID": "6815", "Level": "4", "UserID": "S-1-5-18", "EventData.InstancePath": "SWD\\ScDeviceEnumBus\\0", "EventData.SessionId": "0"}
{"EventID": "103", "Channel": "Microsoft-Windows-SmartCard-DeviceEnum/Operational", "Provider_Name": "Microsoft-Windows-SmartCard-DeviceEnum", "Computer": "DESKTOP-OFJ6N53", "TimeCreated": "2025-04-02 10:37:51.812410+00:00", "RecordID": "6816", "Level": "4", "UserID": "S-1-5-18"}
{"EventID": "101", "Channel": "Microsoft-Windows-SmartCard-DeviceEnum/Operational", "Provider_Name": "Microsoft-Windows-SmartCard-DeviceEnum", "Computer": "DESKTOP-OFJ6N53", "TimeCreated": "2025-04-02 10:37:53.406887+00:00", "RecordID": "6817", "Level": "4", "UserID": "S-1-5-18", "EventData.InstancePath": "SWD\\ScDeviceEnum\\2_AKS_ifdh_1", "EventData.SessionId": "2"}
{"EventID": "102", "Channel": "Microsoft-Windows-SmartCard-DeviceEnum/Operational", "Provider_Name": "Microsoft-Windows-SmartCard-DeviceEnum", "Computer": "DESKTOP-OFJ6N53", "TimeCreated": "2025-04-02 10:37:53.485611+00:00", "RecordID": "6818", "Level": "4", "UserID": "S-1-5-18", "EventData.InstancePath": "SWD\\ScDeviceEnum\\2_AKS_ifdh_1", "EventData.SessionId": "2"}
{"EventID": "101", "Channel": "Microsoft-Windows-SmartCard-DeviceEnum/Operational", "Provider_Name": "Microsoft-Windows-SmartCard-DeviceEnum", "Computer": "DESKTOP-OFJ6N53", "TimeCreated": "2025-04-02 10:37:53.487398+00:00", "RecordID": "6819", "Level": "4", "UserID": "S-1-5-18", "EventData.InstancePath": "SWD\\ScDeviceEnum\\2_AKS_VR_0", "EventData.SessionId": "2"}
{"EventID": "102", "Channel": "Microsoft-Windows-SmartCard-DeviceEnum/Operational", "Provider_Name": "Microsoft-Windows-SmartCard-DeviceEnum", "Computer": "DESKTOP-OFJ6N53", "TimeCreated": "2025-04-02 10:37:53.539879+00:00", "RecordID": "6820", "Level": "4", "UserID": "S-1-5-18", "EventData.InstancePath": "SWD\\ScDeviceEnum\\2_AKS_VR_0", "EventData.SessionId": "2"}
{"EventID": "101", "Channel": "Microsoft-Windows-SmartCard-DeviceEnum/Operational", "Provider_Name": "Microsoft-Windows-SmartCard-DeviceEnum", "Computer": "DESKTOP-OFJ6N53", "TimeCreated": "2025-04-02 10:37:53.542242+00:00", "RecordID": "6821", "Level": "4", "UserID": "S-1-5-18", "EventData.InstancePath": "SWD\\ScDeviceEnum\\2_Windows_Hello_for_Business_1", "EventData.SessionId": "2"}
