{"EventID": "10000", "Channel": "Microsoft-Windows-NetworkProfile/Operational", "Provider_Name": "Microsoft-Windows-NetworkProfile", "Computer": "DESKTOP-OFJ6N53", "TimeCreated": "2024-12-28 11:03:53.701267+00:00", "RecordID": "15804", "Level": "4", "UserID": "S-1-5-19", "EventData.Name": "VPN - VPN Client", "EventData.Description": "VPN - VPN Client", "EventData.Guid": "{a3e7f884-58fb-4794-8ef3-9531229ee989}", "EventData.Type": "0", "EventData.State": "5", "EventData.Category": "0"}
{"EventID": "4004", "Channel": "Microsoft-Windows-NetworkProfile/Operational", "Provider_Name": "Microsoft-Windows-NetworkProfile", "Computer": "DESKTOP-OFJ6N53", "TimeCreated": "2024-12-28 11:03:54.729071+00:00", "RecordID": "15805", "Level": "4", "UserID": "S-1-5-19", "EventData.NewInternetConnectionProfile": "False", "EventData.ConnectionCostChanged": "False", "EventData.DomainConnectivityLevelChanged": "False", "EventData.NetworkConnectivityLevelChanged": "True", "EventData.HostNameChanged": "False", "EventData.WwanRegistrationStateChanged": "False", "EventData.TetheringOperationalStateChanged": "False", "EventData.TetheringClientCountChanged": "False"}
{"EventID": "4004", "Channel": "Microsoft-Windows-NetworkProfile/Operational", "Provider_Name": "Microsoft-Windows-NetworkProfile", "Computer": "DESKTOP-OFJ6N53", "TimeCreated": "2024-12-30 13:42:40.089575+00:00", "RecordID": "15806", "Level": "4", "UserID": "S-1-5-19", "EventData.NewInternetConnectionProfile": "False", "EventData.ConnectionCostChanged": "False", "EventData.DomainConnectivityLevelChanged": "False", "EventData.NetworkConnectivityLevelChanged": "False", "EventData.HostNameChanged": "True", "EventData.WwanRegistrationStateChanged": "False", "EventData.TetheringOperationalStateChanged": "False", "EventData.TetheringClientCountChanged": "False"}
{"EventID": "4004", "Channel": "Microsoft-Windows-NetworkProfile/Operational", "Provider_Name": "Microsoft-Windows-NetworkProfile", "Computer": "DESKTOP-OFJ6N53", "TimeCreated": "2024-12-30 13:42:46.431231+00:00", "RecordID": "15807", "Level": "4", "UserID": "S-1-5-19", "EventData.NewInternetConnectionProfile": "False", "EventData.ConnectionCostChanged": "False", "EventData.DomainConnectivityLevelChanged": "False", "EventData.NetworkConnectivityLevelChanged": "False", "EventData.HostNameChanged": "True", "EventData.WwanRegistrationStateChanged": "False", "EventData.TetheringOperationalStateChanged": "False", "EventData.TetheringClientCountChanged": "False"}
{"EventID": "4001", "Channel": "Microsoft-Windows-NetworkProfile/Operational", "Provider_Name": "Microsoft-Windows-NetworkProfile", "Computer": "DESKTOP-OFJ6N53", "TimeCreated": "2024-12-30 13:44:00.322361+00:00", "RecordID": "15808", "Level": "4", "UserID": "S-1-5-19", "EventData.InterfaceGuid": "{eb0948ce-2c9d-4bb1-b013-d4771779b95b}", "EventData.CurrentOrNextState": "0"}
{"EventID": "10000", "Channel": "Microsoft-Windows-NetworkProfile/Operational", "Provider_Name": "Microsoft-Windows-NetworkProfile", "Computer": "DESKTOP-OFJ6N53", "TimeCreated": "2024-12-30 13:44:00.323160+00:00", "RecordID": "15809", "Level": "4", "UserID": "S-1-5-19", "EventData.Name": "Идентификация...", "EventData.Description": "Идентификация...", "EventData.Guid": "{691f7b06-e5a9-4596-8e90-abe0c5c3cac8}", "EventData.Type": "0", "EventData.State": "1", "EventData.Category": "0"}
{"EventID": "20002", "Channel": "Microsoft-Windows-NetworkProfile/Operational", "Provider_Name": "Microsoft-Windows-NetworkProfile", "Computer": "DESKTOP-OFJ6N53", "TimeCreated": "2024-12-30 13:44:00.332216+00:00", "RecordID": "15810", "Level": "4", "UserID": "S-1-5-19", "EventData.ProfileGuid": "{ffffffff-ffff-ffff-ffff-ffffffffffff}", "EventData.InterfaceGuid": "{eb0948ce-2c9d-4bb1-b013-d4771779b95b}", "EventData.Category": "0", "EventData.ErrorCodev4": "0", "EventData.ErrorCodev6": "0", "EventData.Context": "3987"}
{"EventID": "4003", "Channel": "Microsoft-Windows-NetworkProfile/Operational", "Provider_Name": "Microsoft-Windows-NetworkProfile", "Computer": "DESKTOP-OFJ6N53", "TimeCreated": "2024-12-30 13:44:00.419615+00:00", "RecordID": "15811", "Level": "4", "UserID": "S-1-5-19", "EventData.InterfaceGuid": "{eb0948ce-2c9d-4bb1-b013-d4771779b95b}", "EventData.CurrentOrNextState": "2"}
{"EventID": "10000", "Channel": "Microsoft-Windows-NetworkProfile/Operational", "Provider_Name": "Microsoft-Windows-NetworkProfile", "Computer": "DESKTOP-OFJ6N53", "TimeCreated": "2024-12-30 13:44:00.419762+00:00", "RecordID": "15812", "Level": "4", "UserID": "S-1-5-19", "EventData.Name": "Неопознанная сеть", "EventData.Description": "Неопознанная сеть", "EventData.Guid": "{1cd353a6-67af-47bb-afe1-27908124d314}", "EventData.Type": "0", "EventData.State": "1", "EventData.Category": "0"}
{"EventID": "4004", "Channel": "Microsoft-Windows-NetworkProfile/Operational", "Provider_Name": "Microsoft-Windows-NetworkProfile", "Computer": "DESKTOP-OFJ6N53", "TimeCreated": "2024-12-30 13:44:02.247017+00:00", "RecordID": "15813", "Level": "4", "UserID": "S-1-5-19", "EventData.NewInternetConnectionProfile": "True", "EventData.ConnectionCostChanged": "False", "EventData.DomainConnectivityLevelChanged": "False", "EventData.NetworkConnectivityLevelChanged": "True", "EventData.HostNameChanged": "True", "EventData.WwanRegistrationStateChanged": "False", "EventData.TetheringOperationalStateChanged": "False", "EventData.TetheringClientCountChanged": "False"}
{"EventID": "4002", "Channel": "Microsoft-Windows-NetworkProfile/Operational", "Provider_Name": "Microsoft-Windows-NetworkProfile", "Computer": "DESKTOP-OFJ6N53", "TimeCreated": "2024-12-30 13:44:05.086216+00:00", "RecordID": "15814", "Level": "4", "UserID": "S-1-5-19", "EventData.InterfaceGuid": "{eb0948ce-2c9d-4bb1-b013-d4771779b95b}", "EventData.CurrentOrNextState": "1"}
{"EventID": "20002", "Channel": "Microsoft-Windows-NetworkProfile/Operational", "Provider_Name": "Microsoft-Windows-NetworkProfile", "Computer": "DESKTOP-OFJ6N53", "TimeCreated": "2024-12-30 13:44:05.088764+00:00", "RecordID": "15815", "Level": "4", "UserID": "S-1-5-19", "EventData.ProfileGuid": "{b05282b2-9a7d-4296-bcbe-97f67466924a}", "EventData.InterfaceGuid": "{eb0948ce-2c9d-4bb1-b013-d4771779b95b}", "EventData.Category": "1", "EventData.ErrorCodev4": "0", "EventData.ErrorCodev6": "0", "EventData.Context": "3987"}
{"EventID": "10000", "Channel": "Microsoft-Windows-NetworkProfile/Operational", "Provider_Name": "Microsoft-Windows-NetworkProfile", "Computer": "DESKTOP-OFJ6N53", "TimeCreated": "2024-12-30 13:44:05.090923+00:00", "RecordID": "15816", "Level": "4", "UserID": "S-1-5-19", "EventData.Name": "Сеть 2", "EventData.Description": "Сеть", "EventData.Guid": "{b05282b2-9a7d-4296-bcbe-97f67466924a}", "EventData.Type": "0", "EventData.State": "1", "EventData.Category": "1"}
{"EventID": "4004", "Channel": "Microsoft-Windows-NetworkProfile/Operational", "Provider_Name": "Microsoft-Windows-NetworkProfile", "Computer": "DESKTOP-OFJ6N53", "TimeCreated": "2024-12-30 13:44:07.128481+00:00", "RecordID": "15817", "Level": "4", "UserID": "S-1-5-19", "EventData.NewInternetConnectionProfile": "False", "EventData.ConnectionCostChanged": "False", "EventData.DomainConnectivityLevelChanged": "False", "EventData.NetworkConnectivityLevelChanged": "True", "EventData.HostNameChanged": "False", "EventData.WwanRegistrationStateChanged": "False", "EventData.TetheringOperationalStateChanged": "False", "EventData.TetheringClientCountChanged": "False"}
{"EventID": "4004", "Channel": "Microsoft-Windows-NetworkProfile/Operational", "Provider_Name": "Microsoft-Windows-NetworkProfile", "Computer": "DESKTOP-OFJ6N53", "TimeCreated": "2024-12-30 13:44:10.082794+00:00", "RecordID": "15818", "Level": "4", "UserID": "S-1-5-19", "EventData.NewInternetConnectionProfile": "True", "EventData.ConnectionCostChanged": "False", "EventData.DomainConnectivityLevelChanged": "False", "EventData.NetworkConnectivityLevelChanged": "True", "EventData.HostNameChanged": "False", "EventData.WwanRegistrationStateChanged": "False", "EventData.TetheringOperationalStateChanged": "False", "EventData.TetheringClientCountChanged": "False"}
{"EventID": "4003", "Channel": "Microsoft-Windows-NetworkProfile/Operational", "Provider_Name": "Microsoft-Windows-NetworkProfile", "Computer": "DESKTOP-OFJ6N53", "TimeCreated": "2024-12-30 14:59:00.128019+00:00", "RecordID": "15819", "Level": "4", "UserID": "S-1-5-19", "EventData.InterfaceGuid": "{eb0948ce-2c9d-4bb1-b013-d4771779b95b}", "EventData.CurrentOrNextState": "2"}
{"EventID": "10000", "Channel": "Microsoft-Windows-NetworkProfile/Operational", "Provider_Name": "Microsoft-Windows-NetworkProfile", "Computer": "DESKTOP-OFJ6N53", "TimeCreated": "2024-12-30 14:59:00.128939+00:00", "RecordID": "15820", "Level": "4", "UserID": "S-1-5-19", "EventData.Name": "Неопознанная сеть", "EventData.Description": "Неопознанная сеть", "EventData.Guid": "{1cd353a6-67af-47bb-afe1-27908124d314}", "EventData.Type": "0", "EventData.State": "9", "EventData.Category": "0"}
{"EventID": "10001", "Channel": "Microsoft-Windows-NetworkProfile/Operational", "Provider_Name": "Microsoft-Windows-NetworkProfile", "Computer": "DESKTOP-OFJ6N53", "TimeCreated": "2024-12-30 14:59:00.129251+00:00", "RecordID": "15821", "Level": "4", "UserID": "S-1-5-19", "EventData.Name": "Сеть 2", "EventData.Description": "Сеть", "EventData.Guid": "{b05282b2-9a7d-4296-bcbe-97f67466924a}", "EventData.Type": "0", "EventData.State": "2", "EventData.Category": "1"}
{"EventID": "20002", "Channel": "Microsoft-Windows-NetworkProfile/Operational", "Provider_Name": "Microsoft-Windows-NetworkProfile", "Computer": "DESKTOP-OFJ6N53", "TimeCreated": "2024-12-30 14:59:00.140669+00:00", "RecordID": "15822", "Level": "4", "UserID": "S-1-5-19", "EventData.ProfileGuid": "{00000000-0000-0000-0000-000000000000}", "EventData.InterfaceGuid": "{eb0948ce-2c9d-4bb1-b013-d4771779b95b}", "EventData.Category": "0", "EventData.ErrorCodev4": "0", "EventData.ErrorCodev6": "0", "EventData.Context": "3987"}
{"EventID": "4004", "Channel": "Microsoft-Windows-NetworkProfile/Operational", "Provider_Name": "Microsoft-Windows-NetworkProfile", "Computer": "DESKTOP-OFJ6N53", "TimeCreated": "2024-12-30 14:59:02.564629+00:00", "RecordID": "15823", "Level": "4", "UserID": "S-1-5-19", "EventData.NewInternetConnectionProfile": "True", "EventData.ConnectionCostChanged": "False", "EventData.DomainConnectivityLevelChanged": "False", "EventData.NetworkConnectivityLevelChanged": "True", "EventData.HostNameChanged": "True", "EventData.WwanRegistrationStateChanged": "False", "EventData.TetheringOperationalStateChanged": "False", "EventData.TetheringClientCountChanged": "False"}
{"EventID": "4004", "Channel": "Microsoft-Windows-NetworkProfile/Operational", "Provider_Name": "Microsoft-Windows-NetworkProfile", "Computer": "DESKTOP-OFJ6N53", "TimeCreated": "2024-12-30 14:59:04.645008+00:00", "RecordID": "15824", "Level": "4", "UserID": "S-1-5-19", "EventData.NewInternetConnectionProfile": "True", "EventData.ConnectionCostChanged": "False", "EventData.DomainConnectivityLevelChanged": "False", "EventData.NetworkConnectivityLevelChanged": "True", "EventData.HostNameChanged": "False", "EventData.WwanRegistrationStateChanged": "False", "EventData.TetheringOperationalStateChanged": "False", "EventData.TetheringClientCountChanged": "False"}
{"EventID": "4001", "Channel": "Microsoft-Windows-NetworkProfile/Operational", "Provider_Name": "Microsoft-Windows-NetworkProfile", "Computer": "DESKTOP-OFJ6N53", "TimeCreated": "2025-01-09 13:06:16.432199+00:00", "RecordID": "15825", "Level": "4", "UserID": "S-1-5-19", "EventData.InterfaceGuid": "{eb0948ce-2c9d-4bb1-b013-d4771779b95b}", "EventData.CurrentOrNextState": "0"}
{"EventID": "10000", "Channel": "Microsoft-Windows-NetworkProfile/Operational", "Provider_Name": "Microsoft-Windows-NetworkProfile", "Computer": "DESKTOP-OFJ6N53", "TimeCreated": "2025-01-09 13:06:16.432512+00:00", "RecordID": "15826", "Level": "4", "UserID": "S-1-5-19", "EventData.Name": "Идентификация...", "EventData.Description": "Идентификация...", "EventData.Guid": "{691f7b06-e5a9-4596-8e90-abe0c5c3cac8}", "EventData.Type": "0", "EventData.State": "1", "EventData.Category": "0"}
{"EventID": "20002", "Channel": "Microsoft-Windows-NetworkProfile/Operational", "Provider_Name": "Microsoft-Windows-NetworkProfile", "Computer": "DESKTOP-OFJ6N53", "TimeCreated": "2025-01-09 13:06:16.433485+00:00", "RecordID": "15827", "Level": "4", "UserID": "S-1-5-19", "EventData.ProfileGuid": "{ffffffff-ffff-ffff-ffff-ffffffffffff}", "EventData.InterfaceGuid": "{eb0948ce-2c9d-4bb1-b013-d4771779b95b}", "EventData.Category": "0", "EventData.ErrorCodev4": "0", "EventData.ErrorCodev6": "0", "EventData.Context": "3987"}
{"EventID": "4003", "Channel": "Microsoft-Windows-NetworkProfile/Operational", "Provider_Name": "Microsoft-Windows-NetworkProfile", "Computer": "DESKTOP-OFJ6N53", "TimeCreated": "2025-01-09 13:06:17.669582+00:00", "RecordID": "15828", "Level": "4", "UserID": "S-1-5-19", "EventData.InterfaceGuid": "{eb0948ce-2c9d-4bb1-b013-d4771779b95b}", "EventData.CurrentOrNextState": "2"}
{"EventID": "10000", "Channel": "Microsoft-Windows-NetworkProfile/Operational", "Provider_Name": "Microsoft-Windows-NetworkProfile", "Computer": "DESKTOP-OFJ6N53", "TimeCreated": "2025-01-09 13:06:17.669693+00:00", "RecordID": "15829", "Level": "4", "UserID": "S-1-5-19", "EventData.Name": "Неопознанная сеть", "EventData.Description": "Неопознанная сеть", "EventData.Guid": "{1cd353a6-67af-47bb-afe1-27908124d314}", "EventData.Type": "0", "EventData.State": "1", "EventData.Category": "0"}
{"EventID": "4004", "Channel": "Microsoft-Windows-NetworkProfile/Operational", "Provider_Name": "Microsoft-Windows-NetworkProfile", "Computer": "DESKTOP-OFJ6N53", "TimeCreated": "2025-01-09 13:06:19.667141+00:00", "RecordID": "15830", "Level": "4", "UserID": "S-1-5-19", "EventData.NewInternetConnectionProfile": "True", "EventData.ConnectionCostChanged": "False", "EventData.DomainConnectivityLevelChanged": "False", "EventData.NetworkConnectivityLevelChanged": "True", "EventData.HostNameChanged": "True", "EventData.WwanRegistrationStateChanged": "False", "EventData.TetheringOperationalStateChanged": "False", "EventData.TetheringClientCountChanged": "False"}
{"EventID": "4002", "Channel": "Microsoft-Windows-NetworkProfile/Operational", "Provider_Name": "Microsoft-Windows-NetworkProfile", "Computer": "DESKTOP-OFJ6N53", "TimeCreated": "2025-01-09 13:06:20.769743+00:00", "RecordID": "15831", "Level": "4", "UserID": "S-1-5-19", "EventData.InterfaceGuid": "{eb0948ce-2c9d-4bb1-b013-d4771779b95b}", "EventData.CurrentOrNextState": "1"}
{"EventID": "10000", "Channel": "Microsoft-Windows-NetworkProfile/Operational", "Provider_Name": "Microsoft-Windows-NetworkProfile", "Computer": "DESKTOP-OFJ6N53", "TimeCreated": "2025-01-09 13:06:20.773596+00:00", "RecordID": "15832", "Level": "4", "UserID": "S-1-5-19", "EventData.Name": "Сеть 2", "EventData.Description": "Сеть", "EventData.Guid": "{b05282b2-9a7d-4296-bcbe-97f67466924a}", "EventData.Type": "0", "EventData.State": "1", "EventData.Category": "1"}
{"EventID": "20002", "Channel": "Microsoft-Windows-NetworkProfile/Operational", "Provider_Name": "Microsoft-Windows-NetworkProfile", "Computer": "DESKTOP-OFJ6N53", "TimeCreated": "2025-01-09 13:06:20.776022+00:00", "RecordID": "15833", "Level": "4", "UserID": "S-1-5-19", "EventData.ProfileGuid": "{b05282b2-9a7d-4296-bcbe-97f67466924a}", "EventData.InterfaceGuid": "{eb0948ce-2c9d-4bb1-b013-d4771779b95b}", "EventData.Category": "1", "EventData.ErrorCodev4": "0", "EventData.ErrorCodev6": "0", "EventData.Context": "3987"}
{"EventID": "4004", "Channel": "Microsoft-Windows-NetworkProfile/Operational", "Provider_Name": "Microsoft-Windows-NetworkProfile", "Computer": "DESKTOP-OFJ6N53", "TimeCreated": "2025-01-09 13:06:21.281527+00:00", "RecordID": "15834", "Level": "4", "UserID": "S-1-5-19", "EventData.NewInternetConnectionProfile": "False", "EventData.ConnectionCostChanged": "False", "EventData.DomainConnectivityLevelChanged": "False", "EventData.NetworkConnectivityLevelChanged": "True", "EventData.HostNameChanged": "False", "EventData.WwanRegistrationStateChanged": "False", "EventData.TetheringOperationalStateChanged": "False", "EventData.TetheringClientCountChanged": "False"}
{"EventID": "4004", "Channel": "Microsoft-Windows-NetworkProfile/Operational", "Provider_Name": "Microsoft-Windows-NetworkProfile", "Computer": "DESKTOP-OFJ6N53", "TimeCreated": "2025-01-09 13:06:22.988037+00:00", "RecordID": "15835", "Level": "4", "UserID": "S-1-5-19", "EventData.NewInternetConnectionProfile": "False", "EventData.ConnectionCostChanged": "False", "EventData.DomainConnectivityLevelChanged": "False", "EventData.NetworkConnectivityLevelChanged": "True", "EventData.HostNameChanged": "False", "EventData.WwanRegistrationStateChanged": "False", "EventData.TetheringOperationalStateChanged": "False", "EventData.TetheringClientCountChanged": "False"}
{"EventID": "4004", "Channel": "Microsoft-Windows-NetworkProfile/Operational", "Provider_Name": "Microsoft-Windows-NetworkProfile", "Computer": "DESKTOP-OFJ6N53", "TimeCreated": "2025-01-09 13:06:25.890511+00:00", "RecordID": "15836", "Level": "4", "UserID": "S-1-5-19", "EventData.NewInternetConnectionProfile": "True", "EventData.ConnectionCostChanged": "False", "EventData.DomainConnectivityLevelChanged": "False", "EventData.NetworkConnectivityLevelChanged": "True", "EventData.HostNameChanged": "False", "EventData.WwanRegistrationStateChanged": "False", "EventData.TetheringOperationalStateChanged": "False", "EventData.TetheringClientCountChanged": "False"}
{"EventID": "10001", "Channel": "Microsoft-Windows-NetworkProfile/Operational", "Provider_Name": "Microsoft-Windows-NetworkProfile", "Computer": "DESKTOP-OFJ6N53", "TimeCreated": "2025-01-09 13:15:44.991282+00:00", "RecordID": "15837", "Level": "4", "UserID": "S-1-5-19", "EventData.Name": "Сеть 2", "EventData.Description": "Сеть", "EventData.Guid": "{b05282b2-9a7d-4296-bcbe-97f67466924a}", "EventData.Type": "0", "EventData.State": "2", "EventData.Category": "1"}
{"EventID": "4001", "Channel": "Microsoft-Windows-NetworkProfile/Operational", "Provider_Name": "Microsoft-Windows-NetworkProfile", "Computer": "DESKTOP-OFJ6N53", "TimeCreated": "2025-01-09 13:15:44.991602+00:00", "RecordID": "15838", "Level": "4", "UserID": "S-1-5-19", "EventData.InterfaceGuid": "{eb0948ce-2c9d-4bb1-b013-d4771779b95b}", "EventData.CurrentOrNextState": "0"}
{"EventID": "20002", "Channel": "Microsoft-Windows-NetworkProfile/Operational", "Provider_Name": "Microsoft-Windows-NetworkProfile", "Computer": "DESKTOP-OFJ6N53", "TimeCreated": "2025-01-09 13:15:44.992395+00:00", "RecordID": "15839", "Level": "4", "UserID": "S-1-5-19", "EventData.ProfileGuid": "{ffffffff-ffff-ffff-ffff-ffffffffffff}", "EventData.InterfaceGuid": "{eb0948ce-2c9d-4bb1-b013-d4771779b95b}", "EventData.Category": "0", "EventData.ErrorCodev4": "0", "EventData.ErrorCodev6": "0", "EventData.Context": "3987"}
{"EventID": "10000", "Channel": "Microsoft-Windows-NetworkProfile/Operational", "Provider_Name": "Microsoft-Windows-NetworkProfile", "Computer": "DESKTOP-OFJ6N53", "TimeCreated": "2025-01-09 13:15:44.993418+00:00", "RecordID": "15840", "Level": "4", "UserID": "S-1-5-19", "EventData.Name": "Идентификация...", "EventData.Description": "Идентификация...", "EventData.Guid": "{691f7b06-e5a9-4596-8e90-abe0c5c3cac8}", "EventData.Type": "0", "EventData.State": "9", "EventData.Category": "0"}
{"EventID": "4004", "Channel": "Microsoft-Windows-NetworkProfile/Operational", "Provider_Name": "Microsoft-Windows-NetworkProfile", "Computer": "DESKTOP-OFJ6N53", "TimeCreated": "2025-01-09 13:15:47.456879+00:00", "RecordID": "15841", "Level": "4", "UserID": "S-1-5-19", "EventData.NewInternetConnectionProfile": "True", "EventData.ConnectionCostChanged": "False", "EventData.DomainConnectivityLevelChanged": "False", "EventData.NetworkConnectivityLevelChanged": "True", "EventData.HostNameChanged": "True", "EventData.WwanRegistrationStateChanged": "False", "EventData.TetheringOperationalStateChanged": "False", "EventData.TetheringClientCountChanged": "False"}
{"EventID": "4004", "Channel": "Microsoft-Windows-NetworkProfile/Operational", "Provider_Name": "Microsoft-Windows-NetworkProfile", "Computer": "DESKTOP-OFJ6N53", "TimeCreated": "2025-01-09 13:15:49.559925+00:00", "RecordID": "15842", "Level": "4", "UserID": "S-1-5-19", "EventData.NewInternetConnectionProfile": "True", "EventData.ConnectionCostChanged": "False", "EventData.DomainConnectivityLevelChanged": "False", "EventData.NetworkConnectivityLevelChanged": "True", "EventData.HostNameChanged": "False", "EventData.WwanRegistrationStateChanged": "False", "EventData.TetheringOperationalStateChanged": "False", "EventData.TetheringClientCountChanged": "False"}
{"EventID": "10001", "Channel": "Microsoft-Windows-NetworkProfile/Operational", "Provider_Name": "Microsoft-Windows-NetworkProfile", "Computer": "DESKTOP-OFJ6N53", "TimeCreated": "2025-01-09 13:16:44.491011+00:00", "RecordID": "15843", "Level": "4", "UserID": "S-1-5-19", "EventData.Name": "VPN - VPN Client", "EventData.Description": "VPN - VPN Client", "EventData.Guid": "{a3e7f884-58fb-4794-8ef3-9531229ee989}", "EventData.Type": "0", "EventData.State": "2", "EventData.Category": "0"}
{"EventID": "4004", "Channel": "Microsoft-Windows-NetworkProfile/Operational", "Provider_Name": "Microsoft-Windows-NetworkProfile", "Computer": "DESKTOP-OFJ6N53", "TimeCreated": "2025-01-09 13:16:45.554798+00:00", "RecordID": "15844", "Level": "4", "UserID": "S-1-5-19", "EventData.NewInternetConnectionProfile": "False", "EventData.ConnectionCostChanged": "False", "EventData.DomainConnectivityLevelChanged": "False", "EventData.NetworkConnectivityLevelChanged": "True", "EventData.HostNameChanged": "True", "EventData.WwanRegistrationStateChanged": "False", "EventData.TetheringOperationalStateChanged": "False", "EventData.TetheringClientCountChanged": "False"}
{"EventID": "4004", "Channel": "Microsoft-Windows-NetworkProfile/Operational", "Provider_Name": "Microsoft-Windows-NetworkProfile", "Computer": "DESKTOP-OFJ6N53", "TimeCreated": "2025-01-09 13:16:55.599344+00:00", "RecordID": "15845", "Level": "4", "UserID": "S-1-5-19", "EventData.NewInternetConnectionProfile": "False", "EventData.ConnectionCostChanged": "False", "EventData.DomainConnectivityLevelChanged": "False", "EventData.NetworkConnectivityLevelChanged": "False", "EventData.HostNameChanged": "True", "EventData.WwanRegistrationStateChanged": "False", "EventData.TetheringOperationalStateChanged": "False", "EventData.TetheringClientCountChanged": "False"}
{"EventID": "4002", "Channel": "Microsoft-Windows-NetworkProfile/Operational", "Provider_Name": "Microsoft-Windows-NetworkProfile", "Computer": "DESKTOP-OFJ6N53", "TimeCreated": "2025-01-09 14:55:18.273037+00:00", "RecordID": "15846", "Level": "4", "UserID": "S-1-5-19", "EventData.InterfaceGuid": "{bed2c4be-ec11-4cc8-aafc-f0fd7a5e3a02}", "EventData.CurrentOrNextState": "1"}
{"EventID": "10000", "Channel": "Microsoft-Windows-NetworkProfile/Operational", "Provider_Name": "Microsoft-Windows-NetworkProfile", "Computer": "DESKTOP-OFJ6N53", "TimeCreated": "2025-01-09 14:55:18.273594+00:00", "RecordID": "15847", "Level": "4", "UserID": "S-1-5-19", "EventData.Name": "Сеть", "EventData.Description": "Сеть", "EventData.Guid": "{19ac8ff0-efa8-408b-8c0c-3213ff4867dc}", "EventData.Type": "0", "EventData.State": "1", "EventData.Category": "1"}
{"EventID": "20002", "Channel": "Microsoft-Windows-NetworkProfile/Operational", "Provider_Name": "Microsoft-Windows-NetworkProfile", "Computer": "DESKTOP-OFJ6N53", "TimeCreated": "2025-01-09 14:55:18.273846+00:00", "RecordID": "15848", "Level": "4", "UserID": "S-1-5-19", "EventData.ProfileGuid": "{19ac8ff0-efa8-408b-8c0c-3213ff4867dc}", "EventData.InterfaceGuid": "{bed2c4be-ec11-4cc8-aafc-f0fd7a5e3a02}", "EventData.Category": "1", "EventData.ErrorCodev4": "0", "EventData.ErrorCodev6": "0", "EventData.Context": "3987"}
{"EventID": "4004", "Channel": "Microsoft-Windows-NetworkProfile/Operational", "Provider_Name": "Microsoft-Windows-NetworkProfile", "Computer": "DESKTOP-OFJ6N53", "TimeCreated": "2025-01-09 14:55:22.052094+00:00", "RecordID": "15849", "Level": "4", "UserID": "S-1-5-19", "EventData.NewInternetConnectionProfile": "True", "EventData.ConnectionCostChanged": "True", "EventData.DomainConnectivityLevelChanged": "False", "EventData.NetworkConnectivityLevelChanged": "True", "EventData.HostNameChanged": "False", "EventData.WwanRegistrationStateChanged": "False", "EventData.TetheringOperationalStateChanged": "False", "EventData.TetheringClientCountChanged": "False"}
{"EventID": "4001", "Channel": "Microsoft-Windows-NetworkProfile/Operational", "Provider_Name": "Microsoft-Windows-NetworkProfile", "Computer": "DESKTOP-OFJ6N53", "TimeCreated": "2025-01-09 14:57:56.814407+00:00", "RecordID": "15850", "Level": "4", "UserID": "S-1-5-19", "EventData.InterfaceGuid": "{f1ef13e0-fbec-4ee4-9746-6f2e5ceab223}", "EventData.CurrentOrNextState": "0"}
{"EventID": "10000", "Channel": "Microsoft-Windows-NetworkProfile/Operational", "Provider_Name": "Microsoft-Windows-NetworkProfile", "Computer": "DESKTOP-OFJ6N53", "TimeCreated": "2025-01-09 14:57:56.814939+00:00", "RecordID": "15851", "Level": "4", "UserID": "S-1-5-19", "EventData.Name": "Идентификация...", "EventData.Description": "Идентификация...", "EventData.Guid": "{c5927960-69df-472c-88eb-7fa54c17af3e}", "EventData.Type": "0", "EventData.State": "1", "EventData.Category": "0"}
{"EventID": "20002", "Channel": "Microsoft-Windows-NetworkProfile/Operational", "Provider_Name": "Microsoft-Windows-NetworkProfile", "Computer": "DESKTOP-OFJ6N53", "TimeCreated": "2025-01-09 14:57:56.824669+00:00", "RecordID": "15852", "Level": "4", "UserID": "S-1-5-19", "EventData.ProfileGuid": "{ffffffff-ffff-ffff-ffff-ffffffffffff}", "EventData.InterfaceGuid": "{f1ef13e0-fbec-4ee4-9746-6f2e5ceab223}", "EventData.Category": "0", "EventData.ErrorCodev4": "0", "EventData.ErrorCodev6": "0", "EventData.Context": "3987"}
{"EventID": "4003", "Channel": "Microsoft-Windows-NetworkProfile/Operational", "Provider_Name": "Microsoft-Windows-NetworkProfile", "Computer": "DESKTOP-OFJ6N53", "TimeCreated": "2025-01-09 14:57:56.910528+00:00", "RecordID": "15853", "Level": "4", "UserID": "S-1-5-19", "EventData.InterfaceGuid": "{f1ef13e0-fbec-4ee4-9746-6f2e5ceab223}", "EventData.CurrentOrNextState": "2"}
{"EventID": "10000", "Channel": "Microsoft-Windows-NetworkProfile/Operational", "Provider_Name": "Microsoft-Windows-NetworkProfile", "Computer": "DESKTOP-OFJ6N53", "TimeCreated": "2025-01-09 14:57:56.910648+00:00", "RecordID": "15854", "Level": "4", "UserID": "S-1-5-19", "EventData.Name": "Неопознанная сеть", "EventData.Description": "Неопознанная сеть", "EventData.Guid": "{e31fbd4c-fb9b-4d37-a036-6e1584caed58}", "EventData.Type": "0", "EventData.State": "1", "EventData.Category": "0"}
{"EventID": "4004", "Channel": "Microsoft-Windows-NetworkProfile/Operational", "Provider_Name": "Microsoft-Windows-NetworkProfile", "Computer": "DESKTOP-OFJ6N53", "TimeCreated": "2025-01-09 14:57:58.598738+00:00", "RecordID": "15855", "Level": "4", "UserID": "S-1-5-19", "EventData.NewInternetConnectionProfile": "False", "EventData.ConnectionCostChanged": "False", "EventData.DomainConnectivityLevelChanged": "False", "EventData.NetworkConnectivityLevelChanged": "True", "EventData.HostNameChanged": "True", "EventData.WwanRegistrationStateChanged": "False", "EventData.TetheringOperationalStateChanged": "False", "EventData.TetheringClientCountChanged": "False"}
{"EventID": "4004", "Channel": "Microsoft-Windows-NetworkProfile/Operational", "Provider_Name": "Microsoft-Windows-NetworkProfile", "Computer": "DESKTOP-OFJ6N53", "TimeCreated": "2025-01-09 14:58:02.784138+00:00", "RecordID": "15856", "Level": "4", "UserID": "S-1-5-19", "EventData.NewInternetConnectionProfile": "False", "EventData.ConnectionCostChanged": "False", "EventData.DomainConnectivityLevelChanged": "False", "EventData.NetworkConnectivityLevelChanged": "False", "EventData.HostNameChanged": "True", "EventData.WwanRegistrationStateChanged": "False", "EventData.TetheringOperationalStateChanged": "False", "EventData.TetheringClientCountChanged": "False"}
{"EventID": "4004", "Channel": "Microsoft-Windows-NetworkProfile/Operational", "Provider_Name": "Microsoft-Windows-NetworkProfile", "Computer": "DESKTOP-OFJ6N53", "TimeCreated": "2025-01-14 23:20:06.650837+00:00", "RecordID": "15857", "Level": "4", "UserID": "S-1-5-19", "EventData.NewInternetConnectionProfile": "False", "EventData.ConnectionCostChanged": "False", "EventData.DomainConnectivityLevelChanged": "False", "EventData.NetworkConnectivityLevelChanged": "True", "EventData.HostNameChanged": "False", "EventData.WwanRegistrationStateChanged": "False", "EventData.TetheringOperationalStateChanged": "False", "EventData.TetheringClientCountChanged": "False"}
{"EventID": "4004", "Channel": "Microsoft-Windows-NetworkProfile/Operational", "Provider_Name": "Microsoft-Windows-NetworkProfile", "Computer": "DESKTOP-OFJ6N53", "TimeCreated": "2025-01-14 23:20:14.136297+00:00", "RecordID": "15858", "Level": "4", "UserID": "S-1-5-19", "EventData.NewInternetConnectionProfile": "False", "EventData.ConnectionCostChanged": "False", "EventData.DomainConnectivityLevelChanged": "False", "EventData.NetworkConnectivityLevelChanged": "True", "EventData.HostNameChanged": "True", "EventData.WwanRegistrationStateChanged": "False", "EventData.TetheringOperationalStateChanged": "False", "EventData.TetheringClientCountChanged": "False"}
{"EventID": "4004", "Channel": "Microsoft-Windows-NetworkProfile/Operational", "Provider_Name": "Microsoft-Windows-NetworkProfile", "Computer": "DESKTOP-OFJ6N53", "TimeCreated": "2025-01-14 23:20:20.231808+00:00", "RecordID": "15859", "Level": "4", "UserID": "S-1-5-19", "EventData.NewInternetConnectionProfile": "False", "EventData.ConnectionCostChanged": "False", "EventData.DomainConnectivityLevelChanged": "False", "EventData.NetworkConnectivityLevelChanged": "False", "EventData.HostNameChanged": "True", "EventData.WwanRegistrationStateChanged": "False", "EventData.TetheringOperationalStateChanged": "False", "EventData.TetheringClientCountChanged": "False"}
{"EventID": "4002", "Channel": "Microsoft-Windows-NetworkProfile/Operational", "Provider_Name": "Microsoft-Windows-NetworkProfile", "Computer": "DESKTOP-OFJ6N53", "TimeCreated": "2025-01-14 23:22:37.933786+00:00", "RecordID": "15860", "Level": "4", "UserID": "S-1-5-19", "EventData.InterfaceGuid": "{bed2c4be-ec11-4cc8-aafc-f0fd7a5e3a02}", "EventData.CurrentOrNextState": "1"}
{"EventID": "10000", "Channel": "Microsoft-Windows-NetworkProfile/Operational", "Provider_Name": "Microsoft-Windows-NetworkProfile", "Computer": "DESKTOP-OFJ6N53", "TimeCreated": "2025-01-14 23:22:37.934574+00:00", "RecordID": "15861", "Level": "4", "UserID": "S-1-5-19", "EventData.Name": "Сеть", "EventData.Description": "Сеть", "EventData.Guid": "{19ac8ff0-efa8-408b-8c0c-3213ff4867dc}", "EventData.Type": "0", "EventData.State": "1", "EventData.Category": "1"}
{"EventID": "20002", "Channel": "Microsoft-Windows-NetworkProfile/Operational", "Provider_Name": "Microsoft-Windows-NetworkProfile", "Computer": "DESKTOP-OFJ6N53", "TimeCreated": "2025-01-14 23:22:37.935785+00:00", "RecordID": "15862", "Level": "4", "UserID": "S-1-5-19", "EventData.ProfileGuid": "{19ac8ff0-efa8-408b-8c0c-3213ff4867dc}", "EventData.InterfaceGuid": "{bed2c4be-ec11-4cc8-aafc-f0fd7a5e3a02}", "EventData.Category": "1", "EventData.ErrorCodev4": "0", "EventData.ErrorCodev6": "0", "EventData.Context": "3987"}
{"EventID": "4004", "Channel": "Microsoft-Windows-NetworkProfile/Operational", "Provider_Name": "Microsoft-Windows-NetworkProfile", "Computer": "DESKTOP-OFJ6N53", "TimeCreated": "2025-01-14 23:22:48.380833+00:00", "RecordID": "15863", "Level": "4", "UserID": "S-1-5-19", "EventData.NewInternetConnectionProfile": "True", "EventData.ConnectionCostChanged": "True", "EventData.DomainConnectivityLevelChanged": "False", "EventData.NetworkConnectivityLevelChanged": "True", "EventData.HostNameChanged": "False", "EventData.WwanRegistrationStateChanged": "False", "EventData.TetheringOperationalStateChanged": "False", "EventData.TetheringClientCountChanged": "False"}
{"EventID": "4001", "Channel": "Microsoft-Windows-NetworkProfile/Operational", "Provider_Name": "Microsoft-Windows-NetworkProfile", "Computer": "DESKTOP-OFJ6N53", "TimeCreated": "2025-01-22 12:12:20.792231+00:00", "RecordID": "15864", "Level": "4", "UserID": "S-1-5-19", "EventData.InterfaceGuid": "{0172e17a-3456-4bc7-bb55-da15689cd0b2}", "EventData.CurrentOrNextState": "0"}
{"EventID": "10000", "Channel": "Microsoft-Windows-NetworkProfile/Operational", "Provider_Name": "Microsoft-Windows-NetworkProfile", "Computer": "DESKTOP-OFJ6N53", "TimeCreated": "2025-01-22 12:12:20.792641+00:00", "RecordID": "15865", "Level": "4", "UserID": "S-1-5-19", "EventData.Name": "Идентификация...", "EventData.Description": "Идентификация...", "EventData.Guid": "{4ded6b30-80db-4081-8f2f-d1d19d1d569b}", "EventData.Type": "0", "EventData.State": "1", "EventData.Category": "0"}
{"EventID": "20002", "Channel": "Microsoft-Windows-NetworkProfile/Operational", "Provider_Name": "Microsoft-Windows-NetworkProfile", "Computer": "DESKTOP-OFJ6N53", "TimeCreated": "2025-01-22 12:12:20.797251+00:00", "RecordID": "15866", "Level": "4", "UserID": "S-1-5-19", "EventData.ProfileGuid": "{ffffffff-ffff-ffff-ffff-ffffffffffff}", "EventData.InterfaceGuid": "{0172e17a-3456-4bc7-bb55-da15689cd0b2}", "EventData.Category": "0", "EventData.ErrorCodev4": "0", "EventData.ErrorCodev6": "0", "EventData.Context": "3987"}
{"EventID": "4003", "Channel": "Microsoft-Windows-NetworkProfile/Operational", "Provider_Name": "Microsoft-Windows-NetworkProfile", "Computer": "DESKTOP-OFJ6N53", "TimeCreated": "2025-01-22 12:12:20.991573+00:00", "RecordID": "15867", "Level": "4", "UserID": "S-1-5-19", "EventData.InterfaceGuid": "{0172e17a-3456-4bc7-bb55-da15689cd0b2}", "EventData.CurrentOrNextState": "2"}
{"EventID": "10000", "Channel": "Microsoft-Windows-NetworkProfile/Operational", "Provider_Name": "Microsoft-Windows-NetworkProfile", "Computer": "DESKTOP-OFJ6N53", "TimeCreated": "2025-01-22 12:12:20.991693+00:00", "RecordID": "15868", "Level": "4", "UserID": "S-1-5-19", "EventData.Name": "Неопознанная сеть", "EventData.Description": "Неопознанная сеть", "EventData.Guid": "{f68da39e-da40-4d91-80b8-cb6ed338638a}", "EventData.Type": "0", "EventData.State": "1", "EventData.Category": "0"}
{"EventID": "4004", "Channel": "Microsoft-Windows-NetworkProfile/Operational", "Provider_Name": "Microsoft-Windows-NetworkProfile", "Computer": "DESKTOP-OFJ6N53", "TimeCreated": "2025-01-22 12:12:22.927929+00:00", "RecordID": "15869", "Level": "4", "UserID": "S-1-5-19", "EventData.NewInternetConnectionProfile": "False", "EventData.ConnectionCostChanged": "False", "EventData.DomainConnectivityLevelChanged": "False", "EventData.NetworkConnectivityLevelChanged": "True", "EventData.HostNameChanged": "True", "EventData.WwanRegistrationStateChanged": "False", "EventData.TetheringOperationalStateChanged": "False", "EventData.TetheringClientCountChanged": "False"}
{"EventID": "4004", "Channel": "Microsoft-Windows-NetworkProfile/Operational", "Provider_Name": "Microsoft-Windows-NetworkProfile", "Computer": "DESKTOP-OFJ6N53", "TimeCreated": "2025-01-22 22:00:16.117786+00:00", "RecordID": "15870", "Level": "4", "UserID": "S-1-5-19", "EventData.NewInternetConnectionProfile": "False", "EventData.ConnectionCostChanged": "False", "EventData.DomainConnectivityLevelChanged": "False", "EventData.NetworkConnectivityLevelChanged": "True", "EventData.HostNameChanged": "True", "EventData.WwanRegistrationStateChanged": "False", "EventData.TetheringOperationalStateChanged": "False", "EventData.TetheringClientCountChanged": "False"}
{"EventID": "4001", "Channel": "Microsoft-Windows-NetworkProfile/Operational", "Provider_Name": "Microsoft-Windows-NetworkProfile", "Computer": "DESKTOP-OFJ6N53", "TimeCreated": "2025-01-23 07:56:14.299673+00:00", "RecordID": "15871", "Level": "4", "UserID": "S-1-5-19", "EventData.InterfaceGuid": "{36107176-2631-40d4-9a54-9e8046067dc5}", "EventData.CurrentOrNextState": "0"}
{"EventID": "10000", "Channel": "Microsoft-Windows-NetworkProfile/Operational", "Provider_Name": "Microsoft-Windows-NetworkProfile", "Computer": "DESKTOP-OFJ6N53", "TimeCreated": "2025-01-23 07:56:14.300423+00:00", "RecordID": "15872", "Level": "4", "UserID": "S-1-5-19", "EventData.Name": "Идентификация...", "EventData.Description": "Идентификация...", "EventData.Guid": "{4ded6b30-80db-4081-8f2f-d1d19d1d569b}", "EventData.Type": "0", "EventData.State": "1", "EventData.Category": "0"}
{"EventID": "20002", "Channel": "Microsoft-Windows-NetworkProfile/Operational", "Provider_Name": "Microsoft-Windows-NetworkProfile", "Computer": "DESKTOP-OFJ6N53", "TimeCreated": "2025-01-23 07:56:14.310106+00:00", "RecordID": "15873", "Level": "4", "UserID": "S-1-5-19", "EventData.ProfileGuid": "{ffffffff-ffff-ffff-ffff-ffffffffffff}", "EventData.InterfaceGuid": "{36107176-2631-40d4-9a54-9e8046067dc5}", "EventData.Category": "0", "EventData.ErrorCodev4": "0", "EventData.ErrorCodev6": "0", "EventData.Context": "3987"}
{"EventID": "4003", "Channel": "Microsoft-Windows-NetworkProfile/Operational", "Provider_Name": "Microsoft-Windows-NetworkProfile", "Computer": "DESKTOP-OFJ6N53", "TimeCreated": "2025-01-23 07:56:14.396517+00:00", "RecordID": "15874", "Level": "4", "UserID": "S-1-5-19", "EventData.InterfaceGuid": "{36107176-2631-40d4-9a54-9e8046067dc5}", "EventData.CurrentOrNextState": "2"}
{"EventID": "10000", "Channel": "Microsoft-Windows-NetworkProfile/Operational", "Provider_Name": "Microsoft-Windows-NetworkProfile", "Computer": "DESKTOP-OFJ6N53", "TimeCreated": "2025-01-23 07:56:14.396597+00:00", "RecordID": "15875", "Level": "4", "UserID": "S-1-5-19", "EventData.Name": "Неопознанная сеть", "EventData.Description": "Неопознанная сеть", "EventData.Guid": "{f68da39e-da40-4d91-80b8-cb6ed338638a}", "EventData.Type": "0", "EventData.State": "1", "EventData.Category": "0"}
{"EventID": "4004", "Channel": "Microsoft-Windows-NetworkProfile/Operational", "Provider_Name": "Microsoft-Windows-NetworkProfile", "Computer": "DESKTOP-OFJ6N53", "TimeCreated": "2025-01-23 07:56:16.335863+00:00", "RecordID": "15876", "Level": "4", "UserID": "S-1-5-19", "EventData.NewInternetConnectionProfile": "False", "EventData.ConnectionCostChanged": "False", "EventData.DomainConnectivityLevelChanged": "False", "EventData.NetworkConnectivityLevelChanged": "True", "EventData.HostNameChanged": "True", "EventData.WwanRegistrationStateChanged": "False", "EventData.TetheringOperationalStateChanged": "False", "EventData.TetheringClientCountChanged": "False"}
{"EventID": "4004", "Channel": "Microsoft-Windows-NetworkProfile/Operational", "Provider_Name": "Microsoft-Windows-NetworkProfile", "Computer": "DESKTOP-OFJ6N53", "TimeCreated": "2025-01-23 15:56:06.585081+00:00", "RecordID": "15877", "Level": "4", "UserID": "S-1-5-19", "EventData.NewInternetConnectionProfile": "False", "EventData.ConnectionCostChanged": "False", "EventData.DomainConnectivityLevelChanged": "False", "EventData.NetworkConnectivityLevelChanged": "True", "EventData.HostNameChanged": "True", "EventData.WwanRegistrationStateChanged": "False", "EventData.TetheringOperationalStateChanged": "False", "EventData.TetheringClientCountChanged": "False"}
{"EventID": "4004", "Channel": "Microsoft-Windows-NetworkProfile/Operational", "Provider_Name": "Microsoft-Windows-NetworkProfile", "Computer": "DESKTOP-OFJ6N53", "TimeCreated": "2025-01-23 15:56:16.738031+00:00", "RecordID": "15878", "Level": "4", "UserID": "S-1-5-19", "EventData.NewInternetConnectionProfile": "False", "EventData.ConnectionCostChanged": "False", "EventData.DomainConnectivityLevelChanged": "False", "EventData.NetworkConnectivityLevelChanged": "False", "EventData.HostNameChanged": "True", "EventData.WwanRegistrationStateChanged": "False", "EventData.TetheringOperationalStateChanged": "False", "EventData.TetheringClientCountChanged": "False"}
{"EventID": "4002", "Channel": "Microsoft-Windows-NetworkProfile/Operational", "Provider_Name": "Microsoft-Windows-NetworkProfile", "Computer": "DESKTOP-OFJ6N53", "TimeCreated": "2025-01-24 12:03:22.884216+00:00", "RecordID": "15879", "Level": "4", "UserID": "S-1-5-19", "EventData.InterfaceGuid": "{bed2c4be-ec11-4cc8-aafc-f0fd7a5e3a02}", "EventData.CurrentOrNextState": "1"}
{"EventID": "10000", "Channel": "Microsoft-Windows-NetworkProfile/Operational", "Provider_Name": "Microsoft-Windows-NetworkProfile", "Computer": "DESKTOP-OFJ6N53", "TimeCreated": "2025-01-24 12:03:22.884802+00:00", "RecordID": "15880", "Level": "4", "UserID": "S-1-5-19", "EventData.Name": "Сеть", "EventData.Description": "Сеть", "EventData.Guid": "{19ac8ff0-efa8-408b-8c0c-3213ff4867dc}", "EventData.Type": "0", "EventData.State": "1", "EventData.Category": "1"}
{"EventID": "20002", "Channel": "Microsoft-Windows-NetworkProfile/Operational", "Provider_Name": "Microsoft-Windows-NetworkProfile", "Computer": "DESKTOP-OFJ6N53", "TimeCreated": "2025-01-24 12:03:22.884996+00:00", "RecordID": "15881", "Level": "4", "UserID": "S-1-5-19", "EventData.ProfileGuid": "{19ac8ff0-efa8-408b-8c0c-3213ff4867dc}", "EventData.InterfaceGuid": "{bed2c4be-ec11-4cc8-aafc-f0fd7a5e3a02}", "EventData.Category": "1", "EventData.ErrorCodev4": "0", "EventData.ErrorCodev6": "0", "EventData.Context": "3987"}
{"EventID": "4004", "Channel": "Microsoft-Windows-NetworkProfile/Operational", "Provider_Name": "Microsoft-Windows-NetworkProfile", "Computer": "DESKTOP-OFJ6N53", "TimeCreated": "2025-01-24 12:03:28.454367+00:00", "RecordID": "15882", "Level": "4", "UserID": "S-1-5-19", "EventData.NewInternetConnectionProfile": "True", "EventData.ConnectionCostChanged": "True", "EventData.DomainConnectivityLevelChanged": "False", "EventData.NetworkConnectivityLevelChanged": "True", "EventData.HostNameChanged": "False", "EventData.WwanRegistrationStateChanged": "False", "EventData.TetheringOperationalStateChanged": "False", "EventData.TetheringClientCountChanged": "False"}
{"EventID": "4001", "Channel": "Microsoft-Windows-NetworkProfile/Operational", "Provider_Name": "Microsoft-Windows-NetworkProfile", "Computer": "DESKTOP-OFJ6N53", "TimeCreated": "2025-01-29 14:02:24.409868+00:00", "RecordID": "15883", "Level": "4", "UserID": "S-1-5-19", "EventData.InterfaceGuid": "{0172e17a-3456-4bc7-bb55-da15689cd0b2}", "EventData.CurrentOrNextState": "0"}
{"EventID": "10000", "Channel": "Microsoft-Windows-NetworkProfile/Operational", "Provider_Name": "Microsoft-Windows-NetworkProfile", "Computer": "DESKTOP-OFJ6N53", "TimeCreated": "2025-01-29 14:02:24.410187+00:00", "RecordID": "15884", "Level": "4", "UserID": "S-1-5-19", "EventData.Name": "Идентификация...", "EventData.Description": "Идентификация...", "EventData.Guid": "{8d274cc0-897f-4aec-9b52-8d119f514b98}", "EventData.Type": "0", "EventData.State": "1", "EventData.Category": "0"}
{"EventID": "20002", "Channel": "Microsoft-Windows-NetworkProfile/Operational", "Provider_Name": "Microsoft-Windows-NetworkProfile", "Computer": "DESKTOP-OFJ6N53", "TimeCreated": "2025-01-29 14:02:24.421175+00:00", "RecordID": "15885", "Level": "4", "UserID": "S-1-5-19", "EventData.ProfileGuid": "{ffffffff-ffff-ffff-ffff-ffffffffffff}", "EventData.InterfaceGuid": "{0172e17a-3456-4bc7-bb55-da15689cd0b2}", "EventData.Category": "0", "EventData.ErrorCodev4": "0", "EventData.ErrorCodev6": "0", "EventData.Context": "3987"}
{"EventID": "4003", "Channel": "Microsoft-Windows-NetworkProfile/Operational", "Provider_Name": "Microsoft-Windows-NetworkProfile", "Computer": "DESKTOP-OFJ6N53", "TimeCreated": "2025-01-29 14:02:24.533348+00:00", "RecordID": "15886", "Level": "4", "UserID": "S-1-5-19", "EventData.InterfaceGuid": "{0172e17a-3456-4bc7-bb55-da15689cd0b2}", "EventData.CurrentOrNextState": "2"}
{"EventID": "10000", "Channel": "Microsoft-Windows-NetworkProfile/Operational", "Provider_Name": "Microsoft-Windows-NetworkProfile", "Computer": "DESKTOP-OFJ6N53", "TimeCreated": "2025-01-29 14:02:24.533463+00:00", "RecordID": "15887", "Level": "4", "UserID": "S-1-5-19", "EventData.Name": "Неопознанная сеть", "EventData.Description": "Неопознанная сеть", "EventData.Guid": "{ff26cc9c-53bb-404e-a626-aba16bd2e367}", "EventData.Type": "0", "EventData.State": "1", "EventData.Category": "0"}
{"EventID": "4004", "Channel": "Microsoft-Windows-NetworkProfile/Operational", "Provider_Name": "Microsoft-Windows-NetworkProfile", "Computer": "DESKTOP-OFJ6N53", "TimeCreated": "2025-01-29 14:02:26.460110+00:00", "RecordID": "15888", "Level": "4", "UserID": "S-1-5-19", "EventData.NewInternetConnectionProfile": "False", "EventData.ConnectionCostChanged": "False", "EventData.DomainConnectivityLevelChanged": "False", "EventData.NetworkConnectivityLevelChanged": "True", "EventData.HostNameChanged": "True", "EventData.WwanRegistrationStateChanged": "False", "EventData.TetheringOperationalStateChanged": "False", "EventData.TetheringClientCountChanged": "False"}
{"EventID": "4004", "Channel": "Microsoft-Windows-NetworkProfile/Operational", "Provider_Name": "Microsoft-Windows-NetworkProfile", "Computer": "DESKTOP-OFJ6N53", "TimeCreated": "2025-01-31 09:50:07.958946+00:00", "RecordID": "15889", "Level": "4", "UserID": "S-1-5-19", "EventData.NewInternetConnectionProfile": "False", "EventData.ConnectionCostChanged": "False", "EventData.DomainConnectivityLevelChanged": "False", "EventData.NetworkConnectivityLevelChanged": "True", "EventData.HostNameChanged": "True", "EventData.WwanRegistrationStateChanged": "False", "EventData.TetheringOperationalStateChanged": "False", "EventData.TetheringClientCountChanged": "False"}
{"EventID": "4003", "Channel": "Microsoft-Windows-NetworkProfile/Operational", "Provider_Name": "Microsoft-Windows-NetworkProfile", "Computer": "DESKTOP-OFJ6N53", "TimeCreated": "2025-01-31 09:50:45.971413+00:00", "RecordID": "15890", "Level": "4", "UserID": "S-1-5-19", "EventData.InterfaceGuid": "{eb0948ce-2c9d-4bb1-b013-d4771779b95b}", "EventData.CurrentOrNextState": "2"}
{"EventID": "10000", "Channel": "Microsoft-Windows-NetworkProfile/Operational", "Provider_Name": "Microsoft-Windows-NetworkProfile", "Computer": "DESKTOP-OFJ6N53", "TimeCreated": "2025-01-31 09:50:45.971537+00:00", "RecordID": "15891", "Level": "4", "UserID": "S-1-5-19", "EventData.Name": "Неопознанная сеть", "EventData.Description": "Неопознанная сеть", "EventData.Guid": "{ff26cc9c-53bb-404e-a626-aba16bd2e367}", "EventData.Type": "0", "EventData.State": "1", "EventData.Category": "0"}
{"EventID": "20002", "Channel": "Microsoft-Windows-NetworkProfile/Operational", "Provider_Name": "Microsoft-Windows-NetworkProfile", "Computer": "DESKTOP-OFJ6N53", "TimeCreated": "2025-01-31 09:50:45.975969+00:00", "RecordID": "15892", "Level": "4", "UserID": "S-1-5-19", "EventData.ProfileGuid": "{00000000-0000-0000-0000-000000000000}", "EventData.InterfaceGuid": "{eb0948ce-2c9d-4bb1-b013-d4771779b95b}", "EventData.Category": "0", "EventData.ErrorCodev4": "0", "EventData.ErrorCodev6": "0", "EventData.Context": "3987"}
{"EventID": "4004", "Channel": "Microsoft-Windows-NetworkProfile/Operational", "Provider_Name": "Microsoft-Windows-NetworkProfile", "Computer": "DESKTOP-OFJ6N53", "TimeCreated": "2025-01-31 09:50:47.038033+00:00", "RecordID": "15893", "Level": "4", "UserID": "S-1-5-19", "EventData.NewInternetConnectionProfile": "False", "EventData.ConnectionCostChanged": "False", "EventData.DomainConnectivityLevelChanged": "False", "EventData.NetworkConnectivityLevelChanged": "True", "EventData.HostNameChanged": "True", "EventData.WwanRegistrationStateChanged": "False", "EventData.TetheringOperationalStateChanged": "False", "EventData.TetheringClientCountChanged": "False"}
{"EventID": "4002", "Channel": "Microsoft-Windows-NetworkProfile/Operational", "Provider_Name": "Microsoft-Windows-NetworkProfile", "Computer": "DESKTOP-OFJ6N53", "TimeCreated": "2025-01-31 09:50:51.238791+00:00", "RecordID": "15894", "Level": "4", "UserID": "S-1-5-19", "EventData.InterfaceGuid": "{eb0948ce-2c9d-4bb1-b013-d4771779b95b}", "EventData.CurrentOrNextState": "1"}
{"EventID": "10000", "Channel": "Microsoft-Windows-NetworkProfile/Operational", "Provider_Name": "Microsoft-Windows-NetworkProfile", "Computer": "DESKTOP-OFJ6N53", "TimeCreated": "2025-01-31 09:50:51.239605+00:00", "RecordID": "15895", "Level": "4", "UserID": "S-1-5-19", "EventData.Name": "Сеть 2", "EventData.Description": "Сеть", "EventData.Guid": "{b05282b2-9a7d-4296-bcbe-97f67466924a}", "EventData.Type": "0", "EventData.State": "1", "EventData.Category": "1"}
{"EventID": "20002", "Channel": "Microsoft-Windows-NetworkProfile/Operational", "Provider_Name": "Microsoft-Windows-NetworkProfile", "Computer": "DESKTOP-OFJ6N53", "TimeCreated": "2025-01-31 09:50:51.248737+00:00", "RecordID": "15896", "Level": "4", "UserID": "S-1-5-19", "EventData.ProfileGuid": "{b05282b2-9a7d-4296-bcbe-97f67466924a}", "EventData.InterfaceGuid": "{eb0948ce-2c9d-4bb1-b013-d4771779b95b}", "EventData.Category": "1", "EventData.ErrorCodev4": "0", "EventData.ErrorCodev6": "0", "EventData.Context": "3987"}
{"EventID": "4004", "Channel": "Microsoft-Windows-NetworkProfile/Operational", "Provider_Name": "Microsoft-Windows-NetworkProfile", "Computer": "DESKTOP-OFJ6N53", "TimeCreated": "2025-01-31 09:50:53.968674+00:00", "RecordID": "15897", "Level": "4", "UserID": "S-1-5-19", "EventData.NewInternetConnectionProfile": "True", "EventData.ConnectionCostChanged": "False", "EventData.DomainConnectivityLevelChanged": "False", "EventData.NetworkConnectivityLevelChanged": "True", "EventData.HostNameChanged": "False", "EventData.WwanRegistrationStateChanged": "False", "EventData.TetheringOperationalStateChanged": "False", "EventData.TetheringClientCountChanged": "False"}
