{"EventID": "5", "Channel": "Microsoft-Windows-Kernel-WHEA/Operational", "Provider_Name": "Microsoft-Windows-Kernel-WHEA", "Computer": "DESKTOP-OFJ6N53", "TimeCreated": "2023-07-25 08:59:13.736416+00:00", "RecordID": "419", "Level": "4", "UserID": "S-1-5-18", "EventData.ErrorSourceCount": "5", "EventData.ErrorRecordFormat": "10", "EventData.ErrorSourceTableLength": "5360", "EventData.ErrorSourceTable": "MFnB8gSG//+or61EAfj//wAAAAAAAAAAAAAAAAEAAAD4KQAAV2hlYRAAAAAAAAAAAOCt9ASG//8AAAAAAAAAAAMAAAB8DQAAAAAAAAAAAAAAAAAAAAAAAAAAAAAAAAAAzAMAAAsAAAAQAAAAAgAAACwNAAABAAAAAwAAAAAAAAAAAAAAAAAAAAAAAAA8YMGDUhWnSIfRFNlGfXdlUFMAANgOAAABAAAAEICu9ASG///QLBVHAfj///AsFUcB+P//wF0WRAH4//+NfCFXZl77RIAzm3TKzt9bAAAAAAAAAAAAAAAAAAAAAGQEAAABAAAAkMmP9ASG//8AAAAAAAAAAAAAAAAAAAAAAAAAAAAAAAAAAAAAAAAAAAAAAAAAAAAAAAAAAAAAAAAAAAAAAAAAAAAAAAAAAAAAAAAAAAAAAAAAAAAAAAAAAAAAAAAAAAAAAAAAAAAAAAAAAAAAAAAAAAAAAAAAAAAAAAAAAAAAAAAAAAAAAAAAAAAAAAAAAAAAAAAAAAAAAAAAAAAAAAAAAAAAAAAAAAAAAAAAAAAAAAAAAAAAAAAAAAAAAAAAAAAAAAAAAAAAAAAAAAAAAAAAAAAAAAAAAAAAAAAAAAAAAAAAAAAAAAAAAAAAAAAAAAAAAAAAAAAAAAAAAAAAAAAAAAAAAAAAAAAAAAAAAAAAAAAAAAAAAAAAAAAAAAAAAAAAAAAAAAAAAAAAAAAAAAAAAAAAAAAAAAAAAAAAAAAAAAAAAAAAAAAAAAAAAAAAAAAAAAAAAAAAAAAAAAAAAAAAAAAAAAAAAAAAAAAAAAAAAAAAAAAAAAAAAAAAAAAAAAAAAAAAAAAAAAAAAAAAAAAAAAAAAAAAAAAAAAAAAAAAAAAAAAAAAAAAAAAAAAAAAAAAAAAAAAAAAAAAAAAAAAAAAAAAAAAAAAAAAAAAAAAAAAAAAAAAAAAAAAAAAAAAAAAAAAAAAAAAAAAAAAAAAAAAAAAAAAAAAAAAAAAAAAAAAAAAAAAAAAAAAAAAAAAAAAAAAAAAAAAAAAAAAAAAAAAAAAAAAAAAAAAAAAAAAAAAAAAAAAAAAAAAAAAAAAAAAAAAAAAAAAAAAAAAAAAAAAAAAAAAAAAAAAAAAAAAAAAAAAAAAAAAAAAAAAAAAAAAAAAAAAAAAAAAAAAAAAAAAAAAAAAAAAAAAAAAAAAAAAAAAAAAAAAAAAAAAAAAAAAAAAAAAAAAAAAAAAAAAAAAAAAAAAAAAAAAAAAAAAAAAAAAAAAAAAAAAAAAAAAAAAAAAAAAAAAAAAAAAAAAAAAAAAAAAAAAAAAAAAAAAAAAAAAAAAAAAAAAAAAAAAAAAAAAAAAAAAAAAAAAAAAAAAAAAAAAAAAAAAAAAAAAAAAAAAAAAAAAAAAAAAAAAAAAAAAAAAAAAAAAAAAAAAAAAAAAAAAAAOBUwfIEhv//EMu69ASG//8AAAAAAAAAAAAAAAAEAAAA6A0AAFdoZWEAAAAAAAAAAADA4/IEhv//AAAAAAAAAAAIAAAAYAEAAAAAAAAAAAAAAAAAAAAAAAAAAAAAAAAAAMwDAAAKAAAAAAAAAAIAAABBAQAABAAAAAgAAAABAAAAAAAAAAAAAIAAAAEGAAAAAAAAAAAAAAAA//////////8AAQAAAAQAAAEEAAACBAAAAwQAAP//////////AQEAAAQEAAAFBAAABgQAAAcEAAD//////////wIBAAAIBAAACQQAAAoEAAALBAAA//////////8DAQAADAQAAA0EAAAOBAAADwQAAP//////////BAEAABAEAAARBAAAEgQAABMEAAD//////////wUBAAAUBAAAFQQAABYEAAAXBAAA//////////8GAQAAGAQAABkEAAAaBAAAGwQAAP//////////BwEAABwEAAAdBAAAHgQAAB8EAAD//////////wgBAAAgBAAAIQQAACIEAAAjBAAA//////////8JAQAAJAQAACUEAAAmBAAAJwQAAP//////////CgEAACgEAAApBAAAKgQAACsEAAD//////////wsBAAAsBAAALQQAAC4EAAAvBAAA//////////8MAQAAMAQAADEEAAAyBAAAMwQAAP//////////DQEAADQEAAA1BAAANgQAADcEAAD//////////w4BAAA4BAAAOQQAADoEAAA7BAAA//////////8PAQAAPAQAAD0EAAA+BAAAPwQAAP//////////AAAAAAAAAAAAAAAAAAAAAAAAAAAAAAAAAAAAAAAAAAAAAAAAAAAAAAAAAAAAAAAAAAAAAAAAAAAAAAAAAAAAAAAAAAAAAAAAAAAAAAAAAAAAAAAAAAAAAAAAAAAAAAAAAAAAAAAAAAAAAAAAAAAAAAAAAAAAAAAAAAAAAAAAAAAAAAAAAAAAAAAAAAAAAAAAAAAAAAAAAAAAAAAAAAAAAAAAAAAAAAAAAAAAAAAAAAAAAAAAAAAAAAAAAAAAAAAAAAAAAAAAAAAAAAAAAAAAAAAAAAAAAAAAAAAAAAAAAAAAAAAAAAAAAAAAAAAAAAAAAAAAAAAAAAAAAAAAAAAAAAAAAAAAAAAAAAAAAAAAAAAAAAAAAAAAAAAAAAAAAAAAAAAAAAAAAAAAAAAAAAAAAAAAAAAAAAAAAAAAAAAAAAAAAAAAAAAAAAAAAAAAAAAAAAAAAAAAAAAAAAAAAAAAAAAAAAAAAAAAAAAAAAAAAAAAAAAAAAAAAAAAAAAAAAAAAAAAAAAAAAAAAAAAAAAAAAAAAAAAAAAAAAAAAAAAAAAAAAAAAAAAAAAAAAAAAAAAAAAAAAAAAAAAAAAAAAAAAAAAAAAAAAAAAAAAAAAAAACwG8HyBIb//zBZwfIEhv//AAAAAAAAAAAAAAAABAAAAOgNAABXaGVhAQAAAAAAAAAAAOTyBIb//wAAAAAAAAAACAAAAGABAAAAAAAAAAAAAAAAAAAAAAAAAAAAAAAAAADMAwAACgAAAAEAAAACAAAAQQEAAAQAAAAIAAAAAgAAAAAAAAAAAACAAQABBgAAAAAFHAAAYOoAAAAAAAAAAAAAAAAAAAAAAAAAAAAAAAEAAAAEAAABBAAAAgQAAAMEAAD//////////wEBAAAEBAAABQQAAAYEAAAHBAAA//////////8CAQAACAQAAAkEAAAKBAAACwQAAP//////////AwEAAAwEAAANBAAADgQAAA8EAAD//////////wQBAAAQBAAAEQQAABIEAAATBAAA//////////8FAQAAFAQAABUEAAAWBAAAFwQAAP//////////BgEAABgEAAAZBAAAGgQAABsEAAD//////////wcBAAAcBAAAHQQAAB4EAAAfBAAA//////////8IAQAAIAQAACEEAAAiBAAAIwQAAP//////////CQEAACQEAAAlBAAAJgQAACcEAAD//////////woBAAAoBAAAKQQAACoEAAArBAAA//////////8LAQAALAQAAC0EAAAuBAAALwQAAP//////////DAEAADAEAAAxBAAAMgQAADMEAAD//////////w0BAAA0BAAANQQAADYEAAA3BAAA//////////8OAQAAOAQAADkEAAA6BAAAOwQAAP//////////DwEAADwEAAA9BAAAPgQAAD8EAAD//////////wAAAAAAAAAAAAAAAAAAAAAAAAAAAAAAAAAAAAAAAAAAAAAAAAAAAAAAAAAAAAAAAAAAAAAAAAAAAAAAAAAAAAAAAAAAAAAAAAAAAAAAAAAAAAAAAAAAAAAAAAAAAAAAAAAAAAAAAAAAAAAAAAAAAAAAAAAAAAAAAAAAAAAAAAAAAAAAAAAAAAAAAAAAAAAAAAAAAAAAAAAAAAAAAAAAAAAAAAAAAAAAAAAAAAAAAAAAAAAAAAAAAAAAAAAAAAAAAAAAAAAAAAAAAAAAAAAAAAAAAAAAAAAAAAAAAAAAAAAAAAAAAAAAAAAAAAAAAAAAAAAAAAAAAAAAAAAAAAAAAAAAAAAAAAAAAAAAAAAAAAAAAAAAAAAAAAAAAAAAAAAAAAAAAAAAAAAAAAAAAAAAAAAAAAAAAAAAAAAAAAAAAAAAAAAAAAAAAAAAAAAAAAAAAAAAAAAAAAAAAAAAAAAAAAAAAAAAAAAAAAAAAAAAAAAAAAAAAAAAAAAAAAAAAAAAAAAAAAAAAAAAAAAAAAAAAAAAAAAAAAAAAAAAAAAAAAAAAAAAAAAAAAAAAAAAAAAAAAAAAAAAAAAAAAAAAAAAAAAAAAAAYMTl8gSG///gVMHyBIb//wAAAAAAAAAAAAAAAAEAAADABgAAV2hlYQMAAAAAAAAAoLh98gSG//8AAAAAAAAAAAEAAADAAQAAAAAAAAAAAAAAAAAAAAAAAAAAAAAAAAAAzAMAAAoAAAADAAAAAgAAAAABAAABAAAAAwAAAAMAAAAAAAAAAAAAgAIAAQAAAAAAAAAAAAAAAAAAAAAAAAAAAAAAAAAAAAAAAAAAAAAAAAAAAAAAAAAAAAAAAAAAAAAAAAAAAAAAAAAAAAAAAAAAAAAAAAAAAAAAAAAAAAAAAAAAAAAAAAAAAAAAAAAAAAAAAAAAAAAAAAAAAAAAAAAAAAAAAAAAAAAAAAAAAAAAAAAAAAAAAAAAAAAAAAAAAAAAAAAAAAAAAAAAAAAAAAAAAAAAAAAAAAAAAAAAAAAAAAAAAAAAAAAAAAAAAAAAAAAAAAAAAAAAAAAAAAAAAAAAAAAAAAAAAAAAAAAAAAAAAAAAAAAAAAAAAAAAAAAAAAAAAAAAAAAAAAAAAAAAAAAAAAAAAAAAAAAAAAAAAAAAAAAAAAAAAAAAAAAAAAAAAAAAAAAAAAAAAAAAAAAAAAAAAAAAAAAAAAAAAAAAAAAAAAAAAAAAAAAAAAAAAAAAAAAAAAAAAAAAAAAAAAAAAAAAAAAAAAAAAAAAAAAAAAAAAAAAAAAAAAAAAAAAAAAAAAAAAAAAAAAAAAAAAAAAAAAAAAAAAAAAAAAAAAAAAAAAAAAAAAAAAAAAAAAAAAAAAAAAAAAAAAAAAAAAAAAAAAAAAAAAAAAAAAAAAAAAAAAAAAAAAAAAAAAAAAAAAAAAAAAAAAAAAAAAAAAAAAAAAAAAAAAAAAAAAAAAAAAAAAAAAAAAAAAAAAAAAAAAAAAAAAAAAAAAAAAAAAAAAAAAAAAAAAAAAAAAAAAAAAAAAAAAAAAAAAAAAAAAAAAAAAAAAAAAAAAAAAAAAAAAAAAAAAAAAAAAAAAAAAAAAAAAAAAAAAAAAAAAAAAAAAAAAAAAAAAAAAAAAAAAAAAAAAAAAAAAAAAAAAAAAAAAAAAAAAAAAAAAAAAAAAAAAAAAAAAAAAAAAAAAAAAAAAAAAAAAAAAAAAAAAAAAAAAAAAAAAAAAAAAAAAAAAAAAAAAAAAAAAAAAAAAAAAAAAAAAAAAAAAAAAAAAAAAAAAAAAAAAAAAAAAAAAAAAAAAAAAAAAAAAAAAAAAAAAAAAAAAAAAAAAAAAAAAAAAAAAAAAAAAAAAAAAAAAAAAAAAAAAAAAAAAAAAAAAAAAAAAAAAAAAAAAAAAAAAAAAAAAAAAAAAAAAAAAAAAAAAAAAAAAAAAAAAAAAAAAAAAAAAAAAAAAAAAAAAAAAAAAAAAAAAAAAAAAAAAAAAAAAAAAAAAAAAAAAAAAAAAAAAAAAAAAAAAAAAAAAAAAAKivrUQB+P//sBvB8gSG//8AAAAAAAAAAAAAAAAAAAAAAAAAAAAAAAAHAAAAAAAAAAAAAAAAAAAAAAAAAAAAAAAAAAAAAAAAAAAAAAAAAAAAAAAAAAAAAAABAAAAAAAAAMwDAAAKAAAABwAAAAIAAAAAEAAAAQAAAAgAAAAEAAAAAAAAAAAAAIAAAAAAAAAAAAAAAAAAAAAAAAAAAAAAAAAAAAAAAAAAAAAAAAAAAAAAAAAAAAAAAAAAAAAAAAAAAAAAAAAAAAAAAAAAAAAAAAAAAAAAAAAAAAAAAAAAAAAAAAAAAAAAAAAAAAAAAAAAAAAAAAAAAAAAAAAAAAAAAAAAAAAAAAAAAAAAAAAAAAAAAAAAAAAAAAAAAAAAAAAAAAAAAAAAAAAAAAAAAAAAAAAAAAAAAAAAAAAAAAAAAAAAAAAAAAAAAAAAAAAAAAAAAAAAAAAAAAAAAAAAAAAAAAAAAAAAAAAAAAAAAAAAAAAAAAAAAAAAAAAAAAAAAAAAAAAAAAAAAAAAAAAAAAAAAAAAAAAAAAAAAAAAAAAAAAAAAAAAAAAAAAAAAAAAAAAAAAAAAAAAAAAAAAAAAAAAAAAAAAAAAAAAAAAAAAAAAAAAAAAAAAAAAAAAAAAAAAAAAAAAAAAAAAAAAAAAAAAAAAAAAAAAAAAAAAAAAAAAAAAAAAAAAAAAAAAAAAAAAAAAAAAAAAAAAAAAAAAAAAAAAAAAAAAAAAAAAAAAAAAAAAAAAAAAAAAAAAAAAAAAAAAAAAAAAAAAAAAAAAAAAAAAAAAAAAAAAAAAAAAAAAAAAAAAAAAAAAAAAAAAAAAAAAAAAAAAAAAAAAAAAAAAAAAAAAAAAAAAAAAAAAAAAAAAAAAAAAAAAAAAAAAAAAAAAAAAAAAAAAAAAAAAAAAAAAAAAAAAAAAAAAAAAAAAAAAAAAAAAAAAAAAAAAAAAAAAAAAAAAAAAAAAAAAAAAAAAAAAAAAAAAAAAAAAAAAAAAAAAAAAAAAAAAAAAAAAAAAAAAAAAAAAAAAAAAAAAAAAAAAAAAAAAAAAAAAAAAAAAAAAAAAAAAAAAAAAAAAAAAAAAAAAAAAAAAAAAAAAAAAAAAAAAAAAAAAAAAAAAAAAAAAAAAAAAAAAAAAAAAAAAAAAAAAAAAAAAAAAAAAAAAAAAAAAAAAAAAAAAAAAAAAAAAAAAAAAAAAAAAAAAAAAAAAAAAAAAAAAAAAAAAAAAAAAAAAAAAAAAAAAAAAAAAAAAAAAAAAAAAAAAAAAAAAAAAAAAAAAAAAAAAAAAAAAAAAAAAAAAAAAAAAAAAAAAAAAAAAAAAAAAAAAAAAAAAAAAAAAAAAAAAAAAAAAAAAAAAAAAAAAAAAAAAAAAAAAAAAAAAAAAAAAAAAAAAAAAAAAAAAAAAAAAAAAAAAAAAAAAAAAAAAAAAA="}
{"EventID": "42", "Channel": "Microsoft-Windows-Kernel-WHEA/Operational", "Provider_Name": "Microsoft-Windows-Kernel-WHEA", "Computer": "DESKTOP-OFJ6N53", "TimeCreated": "2023-07-25 08:59:13.736420+00:00", "RecordID": "420", "Level": "4", "UserID": "S-1-5-18", "EventData.Type": "0", "EventData.Owner": "1280201291", "EventData.Id": "2147483650", "EventData.Flags": "2", "EventData.Length": "5392", "EventData.RawData": "V2hMZwEAAAAQFQAAAAAAAEtSTkwCAACAAgAAAPAUAAAwWcHyBIb//6ivrUQB+P//AAAAAAAAAAAAAAAAAQAAAPgpAABXaGVhEAAAAAAAAAAA4K30BIb//wAAAAAAAAAAAwAAAHwNAAAAAAAAAAAAAAAAAAAAAAAAAAAAAAAAAADMAwAACwAAABAAAAACAAAALA0AAAEAAAADAAAAAAAAAAAAAAAAAAAAAAAAADxgwYNSFadIh9EU2UZ9d2VQUwAA2A4AAAEAAAAQgK70BIb//9AsFUcB+P//8CwVRwH4///AXRZEAfj//418IVdmXvtEgDObdMrO31sAAAAAAAAAAAAAAAAAAAAAZAQAAAEAAACQyY/0BIb//wAAAAAAAAAAAAAAAAAAAAAAAAAAAAAAAAAAAAAAAAAAAAAAAAAAAAAAAAAAAAAAAAAAAAAAAAAAAAAAAAAAAAAAAAAAAAAAAAAAAAAAAAAAAAAAAAAAAAAAAAAAAAAAAAAAAAAAAAAAAAAAAAAAAAAAAAAAAAAAAAAAAAAAAAAAAAAAAAAAAAAAAAAAAAAAAAAAAAAAAAAAAAAAAAAAAAAAAAAAAAAAAAAAAAAAAAAAAAAAAAAAAAAAAAAAAAAAAAAAAAAAAAAAAAAAAAAAAAAAAAAAAAAAAAAAAAAAAAAAAAAAAAAAAAAAAAAAAAAAAAAAAAAAAAAAAAAAAAAAAAAAAAAAAAAAAAAAAAAAAAAAAAAAAAAAAAAAAAAAAAAAAAAAAAAAAAAAAAAAAAAAAAAAAAAAAAAAAAAAAAAAAAAAAAAAAAAAAAAAAAAAAAAAAAAAAAAAAAAAAAAAAAAAAAAAAAAAAAAAAAAAAAAAAAAAAAAAAAAAAAAAAAAAAAAAAAAAAAAAAAAAAAAAAAAAAAAAAAAAAAAAAAAAAAAAAAAAAAAAAAAAAAAAAAAAAAAAAAAAAAAAAAAAAAAAAAAAAAAAAAAAAAAAAAAAAAAAAAAAAAAAAAAAAAAAAAAAAAAAAAAAAAAAAAAAAAAAAAAAAAAAAAAAAAAAAAAAAAAAAAAAAAAAAAAAAAAAAAAAAAAAAAAAAAAAAAAAAAAAAAAAAAAAAAAAAAAAAAAAAAAAAAAAAAAAAAAAAAAAAAAAAAAAAAAAAAAAAAAAAAAAAAAAAAAAAAAAAAAAAAAAAAAAAAAAAAAAAAAAAAAAAAAAAAAAAAAAAAAAAAAAAAAAAAAAAAAAAAAAAAAAAAAAAAAAAAAAAAAAAAAAAAAAAAAAAAAAAAAAAAAAAAAAAAAAAAAAAAAAAAAAAAAAAAAAAAAAAAAAAAAAAAAAAAAAAAAAAAAAAAAAAAAAAAAAAAAAAAAAAAAAAAAAAAAAAAAAAAAAAAAAAAAAAAAAAAAAAAAAAAAAAAAAAAAAAAAAAAAAAAAAAAAAAAAAAAAAAAAAAAAAAAAAAAAAAAAAAAAAAAAAAAAAAAAAAAAAAAAA4FTB8gSG//8Qy7r0BIb//wAAAAAAAAAAAAAAAAQAAADoDQAAV2hlYQAAAAAAAAAAAMDj8gSG//8AAAAAAAAAAAgAAABgAQAAAAAAAAAAAAAAAAAAAAAAAAAAAAAAAAAAzAMAAAoAAAAAAAAAAgAAAEEBAAAEAAAACAAAAAEAAAAAAAAAAAAAgAAAAQYAAAAAAAAAAAAAAAD//////////wABAAAABAAAAQQAAAIEAAADBAAA//////////8BAQAABAQAAAUEAAAGBAAABwQAAP//////////AgEAAAgEAAAJBAAACgQAAAsEAAD//////////wMBAAAMBAAADQQAAA4EAAAPBAAA//////////8EAQAAEAQAABEEAAASBAAAEwQAAP//////////BQEAABQEAAAVBAAAFgQAABcEAAD//////////wYBAAAYBAAAGQQAABoEAAAbBAAA//////////8HAQAAHAQAAB0EAAAeBAAAHwQAAP//////////CAEAACAEAAAhBAAAIgQAACMEAAD//////////wkBAAAkBAAAJQQAACYEAAAnBAAA//////////8KAQAAKAQAACkEAAAqBAAAKwQAAP//////////CwEAACwEAAAtBAAALgQAAC8EAAD//////////wwBAAAwBAAAMQQAADIEAAAzBAAA//////////8NAQAANAQAADUEAAA2BAAANwQAAP//////////DgEAADgEAAA5BAAAOgQAADsEAAD//////////w8BAAA8BAAAPQQAAD4EAAA/BAAA//////////8AAAAAAAAAAAAAAAAAAAAAAAAAAAAAAAAAAAAAAAAAAAAAAAAAAAAAAAAAAAAAAAAAAAAAAAAAAAAAAAAAAAAAAAAAAAAAAAAAAAAAAAAAAAAAAAAAAAAAAAAAAAAAAAAAAAAAAAAAAAAAAAAAAAAAAAAAAAAAAAAAAAAAAAAAAAAAAAAAAAAAAAAAAAAAAAAAAAAAAAAAAAAAAAAAAAAAAAAAAAAAAAAAAAAAAAAAAAAAAAAAAAAAAAAAAAAAAAAAAAAAAAAAAAAAAAAAAAAAAAAAAAAAAAAAAAAAAAAAAAAAAAAAAAAAAAAAAAAAAAAAAAAAAAAAAAAAAAAAAAAAAAAAAAAAAAAAAAAAAAAAAAAAAAAAAAAAAAAAAAAAAAAAAAAAAAAAAAAAAAAAAAAAAAAAAAAAAAAAAAAAAAAAAAAAAAAAAAAAAAAAAAAAAAAAAAAAAAAAAAAAAAAAAAAAAAAAAAAAAAAAAAAAAAAAAAAAAAAAAAAAAAAAAAAAAAAAAAAAAAAAAAAAAAAAAAAAAAAAAAAAAAAAAAAAAAAAAAAAAAAAAAAAAAAAAAAAAAAAAAAAAAAAAAAAAAAAAAAAAAAAAAAAAAAAAAAAAAAAALAbwfIEhv//MFnB8gSG//8AAAAAAAAAAAAAAAAEAAAA6A0AAFdoZWEBAAAAAAAAAAAA5PIEhv//AAAAAAAAAAAIAAAAYAEAAAAAAAAAAAAAAAAAAAAAAAAAAAAAAAAAAMwDAAAKAAAAAQAAAAIAAABBAQAABAAAAAgAAAACAAAAAAAAAAAAAIABAAEGAAAAAAUcAABg6gAAAAAAAAAAAAAAAAAAAAAAAAAAAAAAAQAAAAQAAAEEAAACBAAAAwQAAP//////////AQEAAAQEAAAFBAAABgQAAAcEAAD//////////wIBAAAIBAAACQQAAAoEAAALBAAA//////////8DAQAADAQAAA0EAAAOBAAADwQAAP//////////BAEAABAEAAARBAAAEgQAABMEAAD//////////wUBAAAUBAAAFQQAABYEAAAXBAAA//////////8GAQAAGAQAABkEAAAaBAAAGwQAAP//////////BwEAABwEAAAdBAAAHgQAAB8EAAD//////////wgBAAAgBAAAIQQAACIEAAAjBAAA//////////8JAQAAJAQAACUEAAAmBAAAJwQAAP//////////CgEAACgEAAApBAAAKgQAACsEAAD//////////wsBAAAsBAAALQQAAC4EAAAvBAAA//////////8MAQAAMAQAADEEAAAyBAAAMwQAAP//////////DQEAADQEAAA1BAAANgQAADcEAAD//////////w4BAAA4BAAAOQQAADoEAAA7BAAA//////////8PAQAAPAQAAD0EAAA+BAAAPwQAAP//////////AAAAAAAAAAAAAAAAAAAAAAAAAAAAAAAAAAAAAAAAAAAAAAAAAAAAAAAAAAAAAAAAAAAAAAAAAAAAAAAAAAAAAAAAAAAAAAAAAAAAAAAAAAAAAAAAAAAAAAAAAAAAAAAAAAAAAAAAAAAAAAAAAAAAAAAAAAAAAAAAAAAAAAAAAAAAAAAAAAAAAAAAAAAAAAAAAAAAAAAAAAAAAAAAAAAAAAAAAAAAAAAAAAAAAAAAAAAAAAAAAAAAAAAAAAAAAAAAAAAAAAAAAAAAAAAAAAAAAAAAAAAAAAAAAAAAAAAAAAAAAAAAAAAAAAAAAAAAAAAAAAAAAAAAAAAAAAAAAAAAAAAAAAAAAAAAAAAAAAAAAAAAAAAAAAAAAAAAAAAAAAAAAAAAAAAAAAAAAAAAAAAAAAAAAAAAAAAAAAAAAAAAAAAAAAAAAAAAAAAAAAAAAAAAAAAAAAAAAAAAAAAAAAAAAAAAAAAAAAAAAAAAAAAAAAAAAAAAAAAAAAAAAAAAAAAAAAAAAAAAAAAAAAAAAAAAAAAAAAAAAAAAAAAAAAAAAAAAAAAAAAAAAAAAAAAAAAAAAAAAAAAAAAAAAAAAAAAAAAAAAABgxOXyBIb//+BUwfIEhv//AAAAAAAAAAAAAAAAAQAAAMAGAABXaGVhAwAAAAAAAACguH3yBIb//wAAAAAAAAAAAQAAAMABAAAAAAAAAAAAAAAAAAAAAAAAAAAAAAAAAADMAwAACgAAAAMAAAACAAAAAAEAAAEAAAADAAAAAwAAAAAAAAAAAACAAgABAAAAAAAAAAAAAAAAAAAAAAAAAAAAAAAAAAAAAAAAAAAAAAAAAAAAAAAAAAAAAAAAAAAAAAAAAAAAAAAAAAAAAAAAAAAAAAAAAAAAAAAAAAAAAAAAAAAAAAAAAAAAAAAAAAAAAAAAAAAAAAAAAAAAAAAAAAAAAAAAAAAAAAAAAAAAAAAAAAAAAAAAAAAAAAAAAAAAAAAAAAAAAAAAAAAAAAAAAAAAAAAAAAAAAAAAAAAAAAAAAAAAAAAAAAAAAAAAAAAAAAAAAAAAAAAAAAAAAAAAAAAAAAAAAAAAAAAAAAAAAAAAAAAAAAAAAAAAAAAAAAAAAAAAAAAAAAAAAAAAAAAAAAAAAAAAAAAAAAAAAAAAAAAAAAAAAAAAAAAAAAAAAAAAAAAAAAAAAAAAAAAAAAAAAAAAAAAAAAAAAAAAAAAAAAAAAAAAAAAAAAAAAAAAAAAAAAAAAAAAAAAAAAAAAAAAAAAAAAAAAAAAAAAAAAAAAAAAAAAAAAAAAAAAAAAAAAAAAAAAAAAAAAAAAAAAAAAAAAAAAAAAAAAAAAAAAAAAAAAAAAAAAAAAAAAAAAAAAAAAAAAAAAAAAAAAAAAAAAAAAAAAAAAAAAAAAAAAAAAAAAAAAAAAAAAAAAAAAAAAAAAAAAAAAAAAAAAAAAAAAAAAAAAAAAAAAAAAAAAAAAAAAAAAAAAAAAAAAAAAAAAAAAAAAAAAAAAAAAAAAAAAAAAAAAAAAAAAAAAAAAAAAAAAAAAAAAAAAAAAAAAAAAAAAAAAAAAAAAAAAAAAAAAAAAAAAAAAAAAAAAAAAAAAAAAAAAAAAAAAAAAAAAAAAAAAAAAAAAAAAAAAAAAAAAAAAAAAAAAAAAAAAAAAAAAAAAAAAAAAAAAAAAAAAAAAAAAAAAAAAAAAAAAAAAAAAAAAAAAAAAAAAAAAAAAAAAAAAAAAAAAAAAAAAAAAAAAAAAAAAAAAAAAAAAAAAAAAAAAAAAAAAAAAAAAAAAAAAAAAAAAAAAAAAAAAAAAAAAAAAAAAAAAAAAAAAAAAAAAAAAAAAAAAAAAAAAAAAAAAAAAAAAAAAAAAAAAAAAAAAAAAAAAAAAAAAAAAAAAAAAAAAAAAAAAAAAAAAAAAAAAAAAAAAAAAAAAAAAAAAAAAAAAAAAAAAAAAAAAAAAAAAAAAAAAAAAAAAAAAAAAAAAAAAAAAAAAAAAAAAAAAAAAAAAAAAAAAAAAAAAAAAAAAAAAAAAAAAAAAAAAAqK+tRAH4//+wG8HyBIb//wAAAAAAAAAAAAAAAAAAAAAAAAAAAAAAAAcAAAAAAAAAAAAAAAAAAAAAAAAAAAAAAAAAAAAAAAAAAAAAAAAAAAAAAAAAAAAAAAEAAAAAAAAAzAMAAAoAAAAHAAAAAgAAAAAQAAABAAAACAAAAAQAAAAAAAAAAAAAgAAAAAAAAAAAAAAAAAAAAAAAAAAAAAAAAAAAAAAAAAAAAAAAAAAAAAAAAAAAAAAAAAAAAAAAAAAAAAAAAAAAAAAAAAAAAAAAAAAAAAAAAAAAAAAAAAAAAAAAAAAAAAAAAAAAAAAAAAAAAAAAAAAAAAAAAAAAAAAAAAAAAAAAAAAAAAAAAAAAAAAAAAAAAAAAAAAAAAAAAAAAAAAAAAAAAAAAAAAAAAAAAAAAAAAAAAAAAAAAAAAAAAAAAAAAAAAAAAAAAAAAAAAAAAAAAAAAAAAAAAAAAAAAAAAAAAAAAAAAAAAAAAAAAAAAAAAAAAAAAAAAAAAAAAAAAAAAAAAAAAAAAAAAAAAAAAAAAAAAAAAAAAAAAAAAAAAAAAAAAAAAAAAAAAAAAAAAAAAAAAAAAAAAAAAAAAAAAAAAAAAAAAAAAAAAAAAAAAAAAAAAAAAAAAAAAAAAAAAAAAAAAAAAAAAAAAAAAAAAAAAAAAAAAAAAAAAAAAAAAAAAAAAAAAAAAAAAAAAAAAAAAAAAAAAAAAAAAAAAAAAAAAAAAAAAAAAAAAAAAAAAAAAAAAAAAAAAAAAAAAAAAAAAAAAAAAAAAAAAAAAAAAAAAAAAAAAAAAAAAAAAAAAAAAAAAAAAAAAAAAAAAAAAAAAAAAAAAAAAAAAAAAAAAAAAAAAAAAAAAAAAAAAAAAAAAAAAAAAAAAAAAAAAAAAAAAAAAAAAAAAAAAAAAAAAAAAAAAAAAAAAAAAAAAAAAAAAAAAAAAAAAAAAAAAAAAAAAAAAAAAAAAAAAAAAAAAAAAAAAAAAAAAAAAAAAAAAAAAAAAAAAAAAAAAAAAAAAAAAAAAAAAAAAAAAAAAAAAAAAAAAAAAAAAAAAAAAAAAAAAAAAAAAAAAAAAAAAAAAAAAAAAAAAAAAAAAAAAAAAAAAAAAAAAAAAAAAAAAAAAAAAAAAAAAAAAAAAAAAAAAAAAAAAAAAAAAAAAAAAAAAAAAAAAAAAAAAAAAAAAAAAAAAAAAAAAAAAAAAAAAAAAAAAAAAAAAAAAAAAAAAAAAAAAAAAAAAAAAAAAAAAAAAAAAAAAAAAAAAAAAAAAAAAAAAAAAAAAAAAAAAAAAAAAAAAAAAAAAAAAAAAAAAAAAAAAAAAAAAAAAAAAAAAAAAAAAAAAAAAAAAAAAAAAAAAAAAAAAAAAAAAAAAAAAAAAAAAAAAAAAAAAAAAAAAAAAAAAAAAAAAAAAAAAAAAAAAAAAAAAAAAAAAAA=="}
{"EventID": "42", "Channel": "Microsoft-Windows-Kernel-WHEA/Operational", "Provider_Name": "Microsoft-Windows-Kernel-WHEA", "Computer": "DESKTOP-OFJ6N53", "TimeCreated": "2023-07-26 16:05:00.338522+00:00", "RecordID": "421", "Level": "4", "UserID": "S-1-5-18", "EventData.Type": "0", "EventData.Owner": "1280201291", "EventData.Id": "2147483660", "EventData.Flags": "2", "EventData.Length": "1009", "EventData.RawData": "V2hMZwEAAADxAwAAAAAAAEtSTkwMAACAAgAAANEDAADMAwAACwAAABAAAAABAAAALA0AAAEAAAADAAAAAAAAAAAAAAAAAAAAAAAAADxgwYNSFadIh9EU2UZ9d2VQUwAA2A4AAAEAAABQsJuKDbP//9AsdT8F+P//8Cx1PwX4///AXVY9Bfj//418IVdmXvtEgDObdMrO31sAAAAAAAAAAAAAAAAAAAAAZAQAAAEAAAAQsW+KDbP//wAAAAAAAAAAAAAAAAAAAAAAAAAAAAAAAAAAAAAAAAAAAAAAAAAAAAAAAAAAAAAAAAAAAAAAAAAAAAAAAAAAAAAAAAAAAAAAAAAAAAAAAAAAAAAAAAAAAAAAAAAAAAAAAAAAAAAAAAAAAAAAAAAAAAAAAAAAAAAAAAAAAAAAAAAAAAAAAAAAAAAAAAAAAAAAAAAAAAAAAAAAAAAAAAAAAAAAAAAAAAAAAAAAAAAAAAAAAAAAAAAAAAAAAAAAAAAAAAAAAAAAAAAAAAAAAAAAAAAAAAAAAAAAAAAAAAAAAAAAAAAAAAAAAAAAAAAAAAAAAAAAAAAAAAAAAAAAAAAAAAAAAAAAAAAAAAAAAAAAAAAAAAAAAAAAAAAAAAAAAAAAAAAAAAAAAAAAAAAAAAAAAAAAAAAAAAAAAAAAAAAAAAAAAAAAAAAAAAAAAAAAAAAAAAAAAAAAAAAAAAAAAAAAAAAAAAAAAAAAAAAAAAAAAAAAAAAAAAAAAAAAAAAAAAAAAAAAAAAAAAAAAAAAAAAAAAAAAAAAAAAAAAAAAAAAAAAAAAAAAAAAAAAAAAAAAAAAAAAAAAAAAAAAAAAAAAAAAAAAAAAAAAAAAAAAAAAAAAAAAAAAAAAAAAAAAAAAAAAAAAAAAAAAAAAAAAAAAAAAAAAAAAAAAAAAAAAAAAAAAAAAAAAAAAAAAAAAAAAAAAAAAAAAAAAAAAAAAAAAAAAAAAAAAAAAAAAAAAAAAAAAAAAAAAAAAAAAAAAAAAAAAAAAAAAAAAAAAAAAAAAAAAAAAAAAAAAAAAAAAAAAAAAAAAAAAAAAAAAAAAAAAAAAAAAAAAAAAAAAAAAAAAAAAAAAAAAAAAAAAAAAAAAAAAAAAAAAAAAAAAAAAAAAAAAAAAAAAAAAAAAAAAAAAAAAAAAAAAAAAAAAAAAAAAAAAAAAAAAAAAAAAAAAAAAAAAAAAAAAAAAAAAAAAAAAAAAAAAAAAAAAAAAAAAAAAAAAAAAAAAAAAAAAAAAAAAAAAAAAAAAAAAAAAAAAAAAAAAAAAAAAAAAAAAAAAAAAAAAAAAAAAAAAAAAAAAAAAAAAAAAAAAAAAAAAAAAAAAAAAA=="}
{"EventID": "42", "Channel": "Microsoft-Windows-Kernel-WHEA/Operational", "Provider_Name": "Microsoft-Windows-Kernel-WHEA", "Computer": "DESKTOP-OFJ6N53", "TimeCreated": "2023-07-26 16:05:05.938881+00:00", "RecordID": "422", "Level": "4", "UserID": "S-1-5-18", "EventData.Type": "0", "EventData.Owner": "1145590608", "EventData.Id": "2147483658", "EventData.Flags": "2", "EventData.Length": "34", "EventData.RawData": "V2hMZwEAAAAiAAAAAAAAAFBTSEQKAACAAgAAAAIAAAAAAQ=="}
{"EventID": "5", "Channel": "Microsoft-Windows-Kernel-WHEA/Operational", "Provider_Name": "Microsoft-Windows-Kernel-WHEA", "Computer": "DESKTOP-OFJ6N53", "TimeCreated": "2023-07-26 16:05:05.939272+00:00", "RecordID": "423", "Level": "4", "UserID": "S-1-5-18", "EventData.ErrorSourceCount": "5", "EventData.ErrorRecordFormat": "10", "EventData.ErrorSourceTableLength": "5360", "EventData.ErrorSourceTable": "EICniA2z//+or+09Bfj//wAAAAAAAAAAAAAAAAEAAAD4KQAAV2hlYRAAAAAAAAAAALCHig2z//8AAAAAAAAAAAMAAAB8DQAAAAAAAAAAAAAAAAAAAAAAAAAAAAAAAAAAzAMAAAsAAAAQAAAAAgAAACwNAAABAAAAAwAAAAAAAAAAAAAAAAAAAAAAAAA8YMGDUhWnSIfRFNlGfXdlUFMAANgOAAABAAAAULCbig2z///QLHU/Bfj///AsdT8F+P//wF1WPQX4//+NfCFXZl77RIAzm3TKzt9bAAAAAAAAAAAAAAAAAAAAAGQEAAABAAAAELFvig2z//8AAAAAAAAAAAAAAAAAAAAAAAAAAAAAAAAAAAAAAAAAAAAAAAAAAAAAAAAAAAAAAAAAAAAAAAAAAAAAAAAAAAAAAAAAAAAAAAAAAAAAAAAAAAAAAAAAAAAAAAAAAAAAAAAAAAAAAAAAAAAAAAAAAAAAAAAAAAAAAAAAAAAAAAAAAAAAAAAAAAAAAAAAAAAAAAAAAAAAAAAAAAAAAAAAAAAAAAAAAAAAAAAAAAAAAAAAAAAAAAAAAAAAAAAAAAAAAAAAAAAAAAAAAAAAAAAAAAAAAAAAAAAAAAAAAAAAAAAAAAAAAAAAAAAAAAAAAAAAAAAAAAAAAAAAAAAAAAAAAAAAAAAAAAAAAAAAAAAAAAAAAAAAAAAAAAAAAAAAAAAAAAAAAAAAAAAAAAAAAAAAAAAAAAAAAAAAAAAAAAAAAAAAAAAAAAAAAAAAAAAAAAAAAAAAAAAAAAAAAAAAAAAAAAAAAAAAAAAAAAAAAAAAAAAAAAAAAAAAAAAAAAAAAAAAAAAAAAAAAAAAAAAAAAAAAAAAAAAAAAAAAAAAAAAAAAAAAAAAAAAAAAAAAAAAAAAAAAAAAAAAAAAAAAAAAAAAAAAAAAAAAAAAAAAAAAAAAAAAAAAAAAAAAAAAAAAAAAAAAAAAAAAAAAAAAAAAAAAAAAAAAAAAAAAAAAAAAAAAAAAAAAAAAAAAAAAAAAAAAAAAAAAAAAAAAAAAAAAAAAAAAAAAAAAAAAAAAAAAAAAAAAAAAAAAAAAAAAAAAAAAAAAAAAAAAAAAAAAAAAAAAAAAAAAAAAAAAAAAAAAAAAAAAAAAAAAAAAAAAAAAAAAAAAAAAAAAAAAAAAAAAAAAAAAAAAAAAAAAAAAAAAAAAAAAAAAAAAAAAAAAAAAAAAAAAAAAAAAAAAAAAAAAAAAAAAAAAAAAAAAAAAAAAAAAAAAAAAAAAAAAAAAAAAAAAAAAAAAAAAAAAAAAAAAAAAAAAAAAAAAAAAAAAAAAAAAAAAAAAAAAAAAAAAAAAAAAAAAAAAAAAAAAAAAAAAAAAAAAAAAAAAAAAAAAAAAAAAAAAAAAAAAAAAAAAAAAAAAAAAAAAAAAAAAAAAAAAAAAAPB4p4gNs///MNoViA2z//8AAAAAAAAAAAAAAAAEAAAA6A0AAFdoZWEAAAAAAAAAAAAQv4gNs///AAAAAAAAAAAIAAAAYAEAAAAAAAAAAAAAAAAAAAAAAAAAAAAAAAAAAMwDAAAKAAAAAAAAAAIAAABBAQAABAAAAAgAAAABAAAAAAAAAAAAAIAAAAEGAAAAAAAAAAAAAAAA//////////8AAQAAAAQAAAEEAAACBAAAAwQAAP//////////AQEAAAQEAAAFBAAABgQAAAcEAAD//////////wIBAAAIBAAACQQAAAoEAAALBAAA//////////8DAQAADAQAAA0EAAAOBAAADwQAAP//////////BAEAABAEAAARBAAAEgQAABMEAAD//////////wUBAAAUBAAAFQQAABYEAAAXBAAA//////////8GAQAAGAQAABkEAAAaBAAAGwQAAP//////////BwEAABwEAAAdBAAAHgQAAB8EAAD//////////wgBAAAgBAAAIQQAACIEAAAjBAAA//////////8JAQAAJAQAACUEAAAmBAAAJwQAAP//////////CgEAACgEAAApBAAAKgQAACsEAAD//////////wsBAAAsBAAALQQAAC4EAAAvBAAA//////////8MAQAAMAQAADEEAAAyBAAAMwQAAP//////////DQEAADQEAAA1BAAANgQAADcEAAD//////////w4BAAA4BAAAOQQAADoEAAA7BAAA//////////8PAQAAPAQAAD0EAAA+BAAAPwQAAP//////////AAAAAAAAAAAAAAAAAAAAAAAAAAAAAAAAAAAAAAAAAAAAAAAAAAAAAAAAAAAAAAAAAAAAAAAAAAAAAAAAAAAAAAAAAAAAAAAAAAAAAAAAAAAAAAAAAAAAAAAAAAAAAAAAAAAAAAAAAAAAAAAAAAAAAAAAAAAAAAAAAAAAAAAAAAAAAAAAAAAAAAAAAAAAAAAAAAAAAAAAAAAAAAAAAAAAAAAAAAAAAAAAAAAAAAAAAAAAAAAAAAAAAAAAAAAAAAAAAAAAAAAAAAAAAAAAAAAAAAAAAAAAAAAAAAAAAAAAAAAAAAAAAAAAAAAAAAAAAAAAAAAAAAAAAAAAAAAAAAAAAAAAAAAAAAAAAAAAAAAAAAAAAAAAAAAAAAAAAAAAAAAAAAAAAAAAAAAAAAAAAAAAAAAAAAAAAAAAAAAAAAAAAAAAAAAAAAAAAAAAAAAAAAAAAAAAAAAAAAAAAAAAAAAAAAAAAAAAAAAAAAAAAAAAAAAAAAAAAAAAAAAAAAAAAAAAAAAAAAAAAAAAAAAAAAAAAAAAAAAAAAAAAAAAAAAAAAAAAAAAAAAAAAAAAAAAAAAAAAAAAAAAAAAAAAAAAAAAAAAAAAAAAAAAAAAAAAAAAACgdKeIDbP//xCAp4gNs///AAAAAAAAAAAAAAAABAAAAOgNAABXaGVhAQAAAAAAAAAAQMaIDbP//wAAAAAAAAAACAAAAGABAAAAAAAAAAAAAAAAAAAAAAAAAAAAAAAAAADMAwAACgAAAAEAAAACAAAAQQEAAAQAAAAIAAAAAgAAAAAAAAAAAACAAQABBgAAAAAFHAAAYOoAAAAAAAAAAAAAAAAAAAAAAAAAAAAAAAEAAAAEAAABBAAAAgQAAAMEAAD//////////wEBAAAEBAAABQQAAAYEAAAHBAAA//////////8CAQAACAQAAAkEAAAKBAAACwQAAP//////////AwEAAAwEAAANBAAADgQAAA8EAAD//////////wQBAAAQBAAAEQQAABIEAAATBAAA//////////8FAQAAFAQAABUEAAAWBAAAFwQAAP//////////BgEAABgEAAAZBAAAGgQAABsEAAD//////////wcBAAAcBAAAHQQAAB4EAAAfBAAA//////////8IAQAAIAQAACEEAAAiBAAAIwQAAP//////////CQEAACQEAAAlBAAAJgQAACcEAAD//////////woBAAAoBAAAKQQAACoEAAArBAAA//////////8LAQAALAQAAC0EAAAuBAAALwQAAP//////////DAEAADAEAAAxBAAAMgQAADMEAAD//////////w0BAAA0BAAANQQAADYEAAA3BAAA//////////8OAQAAOAQAADkEAAA6BAAAOwQAAP//////////DwEAADwEAAA9BAAAPgQAAD8EAAD//////////wAAAAAAAAAAAAAAAAAAAAAAAAAAAAAAAAAAAAAAAAAAAAAAAAAAAAAAAAAAAAAAAAAAAAAAAAAAAAAAAAAAAAAAAAAAAAAAAAAAAAAAAAAAAAAAAAAAAAAAAAAAAAAAAAAAAAAAAAAAAAAAAAAAAAAAAAAAAAAAAAAAAAAAAAAAAAAAAAAAAAAAAAAAAAAAAAAAAAAAAAAAAAAAAAAAAAAAAAAAAAAAAAAAAAAAAAAAAAAAAAAAAAAAAAAAAAAAAAAAAAAAAAAAAAAAAAAAAAAAAAAAAAAAAAAAAAAAAAAAAAAAAAAAAAAAAAAAAAAAAAAAAAAAAAAAAAAAAAAAAAAAAAAAAAAAAAAAAAAAAAAAAAAAAAAAAAAAAAAAAAAAAAAAAAAAAAAAAAAAAAAAAAAAAAAAAAAAAAAAAAAAAAAAAAAAAAAAAAAAAAAAAAAAAAAAAAAAAAAAAAAAAAAAAAAAAAAAAAAAAAAAAAAAAAAAAAAAAAAAAAAAAAAAAAAAAAAAAAAAAAAAAAAAAAAAAAAAAAAAAAAAAAAAAAAAAAAAAAAAAAAAAAAAAAAAAAAAAAAAAAAAAAAAAAAAAAAAAAAAAAAAUHCniA2z///weKeIDbP//wAAAAAAAAAAAAAAAAEAAADABgAAV2hlYQMAAAAAAAAAoKhgiA2z//8AAAAAAAAAAAEAAADAAQAAAAAAAAAAAAAAAAAAAAAAAAAAAAAAAAAAzAMAAAoAAAADAAAAAgAAAAABAAABAAAAAwAAAAMAAAAAAAAAAAAAgAIAAQAAAAAAAAAAAAAAAAAAAAAAAAAAAAAAAAAAAAAAAAAAAAAAAAAAAAAAAAAAAAAAAAAAAAAAAAAAAAAAAAAAAAAAAAAAAAAAAAAAAAAAAAAAAAAAAAAAAAAAAAAAAAAAAAAAAAAAAAAAAAAAAAAAAAAAAAAAAAAAAAAAAAAAAAAAAAAAAAAAAAAAAAAAAAAAAAAAAAAAAAAAAAAAAAAAAAAAAAAAAAAAAAAAAAAAAAAAAAAAAAAAAAAAAAAAAAAAAAAAAAAAAAAAAAAAAAAAAAAAAAAAAAAAAAAAAAAAAAAAAAAAAAAAAAAAAAAAAAAAAAAAAAAAAAAAAAAAAAAAAAAAAAAAAAAAAAAAAAAAAAAAAAAAAAAAAAAAAAAAAAAAAAAAAAAAAAAAAAAAAAAAAAAAAAAAAAAAAAAAAAAAAAAAAAAAAAAAAAAAAAAAAAAAAAAAAAAAAAAAAAAAAAAAAAAAAAAAAAAAAAAAAAAAAAAAAAAAAAAAAAAAAAAAAAAAAAAAAAAAAAAAAAAAAAAAAAAAAAAAAAAAAAAAAAAAAAAAAAAAAAAAAAAAAAAAAAAAAAAAAAAAAAAAAAAAAAAAAAAAAAAAAAAAAAAAAAAAAAAAAAAAAAAAAAAAAAAAAAAAAAAAAAAAAAAAAAAAAAAAAAAAAAAAAAAAAAAAAAAAAAAAAAAAAAAAAAAAAAAAAAAAAAAAAAAAAAAAAAAAAAAAAAAAAAAAAAAAAAAAAAAAAAAAAAAAAAAAAAAAAAAAAAAAAAAAAAAAAAAAAAAAAAAAAAAAAAAAAAAAAAAAAAAAAAAAAAAAAAAAAAAAAAAAAAAAAAAAAAAAAAAAAAAAAAAAAAAAAAAAAAAAAAAAAAAAAAAAAAAAAAAAAAAAAAAAAAAAAAAAAAAAAAAAAAAAAAAAAAAAAAAAAAAAAAAAAAAAAAAAAAAAAAAAAAAAAAAAAAAAAAAAAAAAAAAAAAAAAAAAAAAAAAAAAAAAAAAAAAAAAAAAAAAAAAAAAAAAAAAAAAAAAAAAAAAAAAAAAAAAAAAAAAAAAAAAAAAAAAAAAAAAAAAAAAAAAAAAAAAAAAAAAAAAAAAAAAAAAAAAAAAAAAAAAAAAAAAAAAAAAAAAAAAAAAAAAAAAAAAAAAAAAAAAAAAAAAAAAAAAAAAAAAAAAAAAAAAAAAAAAAAAAAAAAAAAAAAAAAAAAAAAAAAAAAAAAAAAAAAAAAAAAAAAAAAAAAAAAAAAAAAAAKiv7T0F+P//oHSniA2z//8AAAAAAAAAAAAAAAAAAAAAAAAAAAAAAAAHAAAAAAAAAAAAAAAAAAAAAAAAAAAAAAAAAAAAAAAAAAAAAAAAAAAAAAAAAAAAAAABAAAAAAAAAMwDAAAKAAAABwAAAAIAAAAAEAAAAQAAAAgAAAAEAAAAAAAAAAAAAIAAAAAAAAAAAAAAAAAAAAAAAAAAAAAAAAAAAAAAAAAAAAAAAAAAAAAAAAAAAAAAAAAAAAAAAAAAAAAAAAAAAAAAAAAAAAAAAAAAAAAAAAAAAAAAAAAAAAAAAAAAAAAAAAAAAAAAAAAAAAAAAAAAAAAAAAAAAAAAAAAAAAAAAAAAAAAAAAAAAAAAAAAAAAAAAAAAAAAAAAAAAAAAAAAAAAAAAAAAAAAAAAAAAAAAAAAAAAAAAAAAAAAAAAAAAAAAAAAAAAAAAAAAAAAAAAAAAAAAAAAAAAAAAAAAAAAAAAAAAAAAAAAAAAAAAAAAAAAAAAAAAAAAAAAAAAAAAAAAAAAAAAAAAAAAAAAAAAAAAAAAAAAAAAAAAAAAAAAAAAAAAAAAAAAAAAAAAAAAAAAAAAAAAAAAAAAAAAAAAAAAAAAAAAAAAAAAAAAAAAAAAAAAAAAAAAAAAAAAAAAAAAAAAAAAAAAAAAAAAAAAAAAAAAAAAAAAAAAAAAAAAAAAAAAAAAAAAAAAAAAAAAAAAAAAAAAAAAAAAAAAAAAAAAAAAAAAAAAAAAAAAAAAAAAAAAAAAAAAAAAAAAAAAAAAAAAAAAAAAAAAAAAAAAAAAAAAAAAAAAAAAAAAAAAAAAAAAAAAAAAAAAAAAAAAAAAAAAAAAAAAAAAAAAAAAAAAAAAAAAAAAAAAAAAAAAAAAAAAAAAAAAAAAAAAAAAAAAAAAAAAAAAAAAAAAAAAAAAAAAAAAAAAAAAAAAAAAAAAAAAAAAAAAAAAAAAAAAAAAAAAAAAAAAAAAAAAAAAAAAAAAAAAAAAAAAAAAAAAAAAAAAAAAAAAAAAAAAAAAAAAAAAAAAAAAAAAAAAAAAAAAAAAAAAAAAAAAAAAAAAAAAAAAAAAAAAAAAAAAAAAAAAAAAAAAAAAAAAAAAAAAAAAAAAAAAAAAAAAAAAAAAAAAAAAAAAAAAAAAAAAAAAAAAAAAAAAAAAAAAAAAAAAAAAAAAAAAAAAAAAAAAAAAAAAAAAAAAAAAAAAAAAAAAAAAAAAAAAAAAAAAAAAAAAAAAAAAAAAAAAAAAAAAAAAAAAAAAAAAAAAAAAAAAAAAAAAAAAAAAAAAAAAAAAAAAAAAAAAAAAAAAAAAAAAAAAAAAAAAAAAAAAAAAAAAAAAAAAAAAAAAAAAAAAAAAAAAAAAAAAAAAAAAAAAAAAAAAAAAAAAAAAAAAAAAAAAAAAAAAAAAAAAAAAAAAAAAAAAAAAAAAAAAAA="}
{"EventID": "42", "Channel": "Microsoft-Windows-Kernel-WHEA/Operational", "Provider_Name": "Microsoft-Windows-Kernel-WHEA", "Computer": "DESKTOP-OFJ6N53", "TimeCreated": "2023-07-26 16:05:05.939281+00:00", "RecordID": "424", "Level": "4", "UserID": "S-1-5-18", "EventData.Type": "0", "EventData.Owner": "1280201291", "EventData.Id": "2147483650", "EventData.Flags": "2", "EventData.Length": "5392", "EventData.RawData": "V2hMZwEAAAAQFQAAAAAAAEtSTkwCAACAAgAAAPAUAAAQgKeIDbP//6iv7T0F+P//AAAAAAAAAAAAAAAAAQAAAPgpAABXaGVhEAAAAAAAAAAAsIeKDbP//wAAAAAAAAAAAwAAAHwNAAAAAAAAAAAAAAAAAAAAAAAAAAAAAAAAAADMAwAACwAAABAAAAACAAAALA0AAAEAAAADAAAAAAAAAAAAAAAAAAAAAAAAADxgwYNSFadIh9EU2UZ9d2VQUwAA2A4AAAEAAABQsJuKDbP//9AsdT8F+P//8Cx1PwX4///AXVY9Bfj//418IVdmXvtEgDObdMrO31sAAAAAAAAAAAAAAAAAAAAAZAQAAAEAAAAQsW+KDbP//wAAAAAAAAAAAAAAAAAAAAAAAAAAAAAAAAAAAAAAAAAAAAAAAAAAAAAAAAAAAAAAAAAAAAAAAAAAAAAAAAAAAAAAAAAAAAAAAAAAAAAAAAAAAAAAAAAAAAAAAAAAAAAAAAAAAAAAAAAAAAAAAAAAAAAAAAAAAAAAAAAAAAAAAAAAAAAAAAAAAAAAAAAAAAAAAAAAAAAAAAAAAAAAAAAAAAAAAAAAAAAAAAAAAAAAAAAAAAAAAAAAAAAAAAAAAAAAAAAAAAAAAAAAAAAAAAAAAAAAAAAAAAAAAAAAAAAAAAAAAAAAAAAAAAAAAAAAAAAAAAAAAAAAAAAAAAAAAAAAAAAAAAAAAAAAAAAAAAAAAAAAAAAAAAAAAAAAAAAAAAAAAAAAAAAAAAAAAAAAAAAAAAAAAAAAAAAAAAAAAAAAAAAAAAAAAAAAAAAAAAAAAAAAAAAAAAAAAAAAAAAAAAAAAAAAAAAAAAAAAAAAAAAAAAAAAAAAAAAAAAAAAAAAAAAAAAAAAAAAAAAAAAAAAAAAAAAAAAAAAAAAAAAAAAAAAAAAAAAAAAAAAAAAAAAAAAAAAAAAAAAAAAAAAAAAAAAAAAAAAAAAAAAAAAAAAAAAAAAAAAAAAAAAAAAAAAAAAAAAAAAAAAAAAAAAAAAAAAAAAAAAAAAAAAAAAAAAAAAAAAAAAAAAAAAAAAAAAAAAAAAAAAAAAAAAAAAAAAAAAAAAAAAAAAAAAAAAAAAAAAAAAAAAAAAAAAAAAAAAAAAAAAAAAAAAAAAAAAAAAAAAAAAAAAAAAAAAAAAAAAAAAAAAAAAAAAAAAAAAAAAAAAAAAAAAAAAAAAAAAAAAAAAAAAAAAAAAAAAAAAAAAAAAAAAAAAAAAAAAAAAAAAAAAAAAAAAAAAAAAAAAAAAAAAAAAAAAAAAAAAAAAAAAAAAAAAAAAAAAAAAAAAAAAAAAAAAAAAAAAAAAAAAAAAAAAAAAAAAAAAAAAAAAAAAAAAAAAAAAAAAAAAAAAAAAAAAAAAAAAAAAAAAAAAAAAAAAAAAAAAAAAAAAAAAAAAAAAAAAAAAAAAAAAAAAAAAAAAAAAAAAAAAAAAAAAAAAAAAA8HiniA2z//8w2hWIDbP//wAAAAAAAAAAAAAAAAQAAADoDQAAV2hlYQAAAAAAAAAAABC/iA2z//8AAAAAAAAAAAgAAABgAQAAAAAAAAAAAAAAAAAAAAAAAAAAAAAAAAAAzAMAAAoAAAAAAAAAAgAAAEEBAAAEAAAACAAAAAEAAAAAAAAAAAAAgAAAAQYAAAAAAAAAAAAAAAD//////////wABAAAABAAAAQQAAAIEAAADBAAA//////////8BAQAABAQAAAUEAAAGBAAABwQAAP//////////AgEAAAgEAAAJBAAACgQAAAsEAAD//////////wMBAAAMBAAADQQAAA4EAAAPBAAA//////////8EAQAAEAQAABEEAAASBAAAEwQAAP//////////BQEAABQEAAAVBAAAFgQAABcEAAD//////////wYBAAAYBAAAGQQAABoEAAAbBAAA//////////8HAQAAHAQAAB0EAAAeBAAAHwQAAP//////////CAEAACAEAAAhBAAAIgQAACMEAAD//////////wkBAAAkBAAAJQQAACYEAAAnBAAA//////////8KAQAAKAQAACkEAAAqBAAAKwQAAP//////////CwEAACwEAAAtBAAALgQAAC8EAAD//////////wwBAAAwBAAAMQQAADIEAAAzBAAA//////////8NAQAANAQAADUEAAA2BAAANwQAAP//////////DgEAADgEAAA5BAAAOgQAADsEAAD//////////w8BAAA8BAAAPQQAAD4EAAA/BAAA//////////8AAAAAAAAAAAAAAAAAAAAAAAAAAAAAAAAAAAAAAAAAAAAAAAAAAAAAAAAAAAAAAAAAAAAAAAAAAAAAAAAAAAAAAAAAAAAAAAAAAAAAAAAAAAAAAAAAAAAAAAAAAAAAAAAAAAAAAAAAAAAAAAAAAAAAAAAAAAAAAAAAAAAAAAAAAAAAAAAAAAAAAAAAAAAAAAAAAAAAAAAAAAAAAAAAAAAAAAAAAAAAAAAAAAAAAAAAAAAAAAAAAAAAAAAAAAAAAAAAAAAAAAAAAAAAAAAAAAAAAAAAAAAAAAAAAAAAAAAAAAAAAAAAAAAAAAAAAAAAAAAAAAAAAAAAAAAAAAAAAAAAAAAAAAAAAAAAAAAAAAAAAAAAAAAAAAAAAAAAAAAAAAAAAAAAAAAAAAAAAAAAAAAAAAAAAAAAAAAAAAAAAAAAAAAAAAAAAAAAAAAAAAAAAAAAAAAAAAAAAAAAAAAAAAAAAAAAAAAAAAAAAAAAAAAAAAAAAAAAAAAAAAAAAAAAAAAAAAAAAAAAAAAAAAAAAAAAAAAAAAAAAAAAAAAAAAAAAAAAAAAAAAAAAAAAAAAAAAAAAAAAAAAAAAAAAAAAAAAAAAAAAAAAAAAAAAAAAAAAAKB0p4gNs///EICniA2z//8AAAAAAAAAAAAAAAAEAAAA6A0AAFdoZWEBAAAAAAAAAABAxogNs///AAAAAAAAAAAIAAAAYAEAAAAAAAAAAAAAAAAAAAAAAAAAAAAAAAAAAMwDAAAKAAAAAQAAAAIAAABBAQAABAAAAAgAAAACAAAAAAAAAAAAAIABAAEGAAAAAAUcAABg6gAAAAAAAAAAAAAAAAAAAAAAAAAAAAAAAQAAAAQAAAEEAAACBAAAAwQAAP//////////AQEAAAQEAAAFBAAABgQAAAcEAAD//////////wIBAAAIBAAACQQAAAoEAAALBAAA//////////8DAQAADAQAAA0EAAAOBAAADwQAAP//////////BAEAABAEAAARBAAAEgQAABMEAAD//////////wUBAAAUBAAAFQQAABYEAAAXBAAA//////////8GAQAAGAQAABkEAAAaBAAAGwQAAP//////////BwEAABwEAAAdBAAAHgQAAB8EAAD//////////wgBAAAgBAAAIQQAACIEAAAjBAAA//////////8JAQAAJAQAACUEAAAmBAAAJwQAAP//////////CgEAACgEAAApBAAAKgQAACsEAAD//////////wsBAAAsBAAALQQAAC4EAAAvBAAA//////////8MAQAAMAQAADEEAAAyBAAAMwQAAP//////////DQEAADQEAAA1BAAANgQAADcEAAD//////////w4BAAA4BAAAOQQAADoEAAA7BAAA//////////8PAQAAPAQAAD0EAAA+BAAAPwQAAP//////////AAAAAAAAAAAAAAAAAAAAAAAAAAAAAAAAAAAAAAAAAAAAAAAAAAAAAAAAAAAAAAAAAAAAAAAAAAAAAAAAAAAAAAAAAAAAAAAAAAAAAAAAAAAAAAAAAAAAAAAAAAAAAAAAAAAAAAAAAAAAAAAAAAAAAAAAAAAAAAAAAAAAAAAAAAAAAAAAAAAAAAAAAAAAAAAAAAAAAAAAAAAAAAAAAAAAAAAAAAAAAAAAAAAAAAAAAAAAAAAAAAAAAAAAAAAAAAAAAAAAAAAAAAAAAAAAAAAAAAAAAAAAAAAAAAAAAAAAAAAAAAAAAAAAAAAAAAAAAAAAAAAAAAAAAAAAAAAAAAAAAAAAAAAAAAAAAAAAAAAAAAAAAAAAAAAAAAAAAAAAAAAAAAAAAAAAAAAAAAAAAAAAAAAAAAAAAAAAAAAAAAAAAAAAAAAAAAAAAAAAAAAAAAAAAAAAAAAAAAAAAAAAAAAAAAAAAAAAAAAAAAAAAAAAAAAAAAAAAAAAAAAAAAAAAAAAAAAAAAAAAAAAAAAAAAAAAAAAAAAAAAAAAAAAAAAAAAAAAAAAAAAAAAAAAAAAAAAAAAAAAAAAAAAAAAAAAAAAAAAAAABQcKeIDbP///B4p4gNs///AAAAAAAAAAAAAAAAAQAAAMAGAABXaGVhAwAAAAAAAACgqGCIDbP//wAAAAAAAAAAAQAAAMABAAAAAAAAAAAAAAAAAAAAAAAAAAAAAAAAAADMAwAACgAAAAMAAAACAAAAAAEAAAEAAAADAAAAAwAAAAAAAAAAAACAAgABAAAAAAAAAAAAAAAAAAAAAAAAAAAAAAAAAAAAAAAAAAAAAAAAAAAAAAAAAAAAAAAAAAAAAAAAAAAAAAAAAAAAAAAAAAAAAAAAAAAAAAAAAAAAAAAAAAAAAAAAAAAAAAAAAAAAAAAAAAAAAAAAAAAAAAAAAAAAAAAAAAAAAAAAAAAAAAAAAAAAAAAAAAAAAAAAAAAAAAAAAAAAAAAAAAAAAAAAAAAAAAAAAAAAAAAAAAAAAAAAAAAAAAAAAAAAAAAAAAAAAAAAAAAAAAAAAAAAAAAAAAAAAAAAAAAAAAAAAAAAAAAAAAAAAAAAAAAAAAAAAAAAAAAAAAAAAAAAAAAAAAAAAAAAAAAAAAAAAAAAAAAAAAAAAAAAAAAAAAAAAAAAAAAAAAAAAAAAAAAAAAAAAAAAAAAAAAAAAAAAAAAAAAAAAAAAAAAAAAAAAAAAAAAAAAAAAAAAAAAAAAAAAAAAAAAAAAAAAAAAAAAAAAAAAAAAAAAAAAAAAAAAAAAAAAAAAAAAAAAAAAAAAAAAAAAAAAAAAAAAAAAAAAAAAAAAAAAAAAAAAAAAAAAAAAAAAAAAAAAAAAAAAAAAAAAAAAAAAAAAAAAAAAAAAAAAAAAAAAAAAAAAAAAAAAAAAAAAAAAAAAAAAAAAAAAAAAAAAAAAAAAAAAAAAAAAAAAAAAAAAAAAAAAAAAAAAAAAAAAAAAAAAAAAAAAAAAAAAAAAAAAAAAAAAAAAAAAAAAAAAAAAAAAAAAAAAAAAAAAAAAAAAAAAAAAAAAAAAAAAAAAAAAAAAAAAAAAAAAAAAAAAAAAAAAAAAAAAAAAAAAAAAAAAAAAAAAAAAAAAAAAAAAAAAAAAAAAAAAAAAAAAAAAAAAAAAAAAAAAAAAAAAAAAAAAAAAAAAAAAAAAAAAAAAAAAAAAAAAAAAAAAAAAAAAAAAAAAAAAAAAAAAAAAAAAAAAAAAAAAAAAAAAAAAAAAAAAAAAAAAAAAAAAAAAAAAAAAAAAAAAAAAAAAAAAAAAAAAAAAAAAAAAAAAAAAAAAAAAAAAAAAAAAAAAAAAAAAAAAAAAAAAAAAAAAAAAAAAAAAAAAAAAAAAAAAAAAAAAAAAAAAAAAAAAAAAAAAAAAAAAAAAAAAAAAAAAAAAAAAAAAAAAAAAAAAAAAAAAAAAAAAAAAAAAAAAAAAAAAAAAAAAAAAAAAAAAAAAAAAAAAAAAAAAAAAAAAAAAAAAAAAAAAAAAAAAAAAAAAAAAAAqK/tPQX4//+gdKeIDbP//wAAAAAAAAAAAAAAAAAAAAAAAAAAAAAAAAcAAAAAAAAAAAAAAAAAAAAAAAAAAAAAAAAAAAAAAAAAAAAAAAAAAAAAAAAAAAAAAAEAAAAAAAAAzAMAAAoAAAAHAAAAAgAAAAAQAAABAAAACAAAAAQAAAAAAAAAAAAAgAAAAAAAAAAAAAAAAAAAAAAAAAAAAAAAAAAAAAAAAAAAAAAAAAAAAAAAAAAAAAAAAAAAAAAAAAAAAAAAAAAAAAAAAAAAAAAAAAAAAAAAAAAAAAAAAAAAAAAAAAAAAAAAAAAAAAAAAAAAAAAAAAAAAAAAAAAAAAAAAAAAAAAAAAAAAAAAAAAAAAAAAAAAAAAAAAAAAAAAAAAAAAAAAAAAAAAAAAAAAAAAAAAAAAAAAAAAAAAAAAAAAAAAAAAAAAAAAAAAAAAAAAAAAAAAAAAAAAAAAAAAAAAAAAAAAAAAAAAAAAAAAAAAAAAAAAAAAAAAAAAAAAAAAAAAAAAAAAAAAAAAAAAAAAAAAAAAAAAAAAAAAAAAAAAAAAAAAAAAAAAAAAAAAAAAAAAAAAAAAAAAAAAAAAAAAAAAAAAAAAAAAAAAAAAAAAAAAAAAAAAAAAAAAAAAAAAAAAAAAAAAAAAAAAAAAAAAAAAAAAAAAAAAAAAAAAAAAAAAAAAAAAAAAAAAAAAAAAAAAAAAAAAAAAAAAAAAAAAAAAAAAAAAAAAAAAAAAAAAAAAAAAAAAAAAAAAAAAAAAAAAAAAAAAAAAAAAAAAAAAAAAAAAAAAAAAAAAAAAAAAAAAAAAAAAAAAAAAAAAAAAAAAAAAAAAAAAAAAAAAAAAAAAAAAAAAAAAAAAAAAAAAAAAAAAAAAAAAAAAAAAAAAAAAAAAAAAAAAAAAAAAAAAAAAAAAAAAAAAAAAAAAAAAAAAAAAAAAAAAAAAAAAAAAAAAAAAAAAAAAAAAAAAAAAAAAAAAAAAAAAAAAAAAAAAAAAAAAAAAAAAAAAAAAAAAAAAAAAAAAAAAAAAAAAAAAAAAAAAAAAAAAAAAAAAAAAAAAAAAAAAAAAAAAAAAAAAAAAAAAAAAAAAAAAAAAAAAAAAAAAAAAAAAAAAAAAAAAAAAAAAAAAAAAAAAAAAAAAAAAAAAAAAAAAAAAAAAAAAAAAAAAAAAAAAAAAAAAAAAAAAAAAAAAAAAAAAAAAAAAAAAAAAAAAAAAAAAAAAAAAAAAAAAAAAAAAAAAAAAAAAAAAAAAAAAAAAAAAAAAAAAAAAAAAAAAAAAAAAAAAAAAAAAAAAAAAAAAAAAAAAAAAAAAAAAAAAAAAAAAAAAAAAAAAAAAAAAAAAAAAAAAAAAAAAAAAAAAAAAAAAAAAAAAAAAAAAAAAAAAAAAAAAAAAAAAAAAAAAAAAAAAAAAAAAAAAAAAAAAAAAAAAAAA=="}
{"EventID": "42", "Channel": "Microsoft-Windows-Kernel-WHEA/Operational", "Provider_Name": "Microsoft-Windows-Kernel-WHEA", "Computer": "DESKTOP-OFJ6N53", "TimeCreated": "2023-07-31 13:01:24.021727+00:00", "RecordID": "425", "Level": "4", "UserID": "S-1-5-18", "EventData.Type": "0", "EventData.Owner": "1280201291", "EventData.Id": "2147483660", "EventData.Flags": "2", "EventData.Length": "1009", "EventData.RawData": "V2hMZwEAAADxAwAAAAAAAEtSTkwMAACAAgAAANEDAADMAwAACwAAABAAAAABAAAALA0AAAEAAAADAAAAAAAAAAAAAAAAAAAAAAAAADxgwYNSFadIh9EU2UZ9d2VQUwAA2A4AAAEAAAAQgEsZCID//9AsdWwG+P//8Cx1bAb4///AXXZpBvj//418IVdmXvtEgDObdMrO31sAAAAAAAAAAAAAAAAAAAAAZAQAAAEAAACQ128bCID//wAAAAAAAAAAAAAAAAAAAAAAAAAAAAAAAAAAAAAAAAAAAAAAAAAAAAAAAAAAAAAAAAAAAAAAAAAAAAAAAAAAAAAAAAAAAAAAAAAAAAAAAAAAAAAAAAAAAAAAAAAAAAAAAAAAAAAAAAAAAAAAAAAAAAAAAAAAAAAAAAAAAAAAAAAAAAAAAAAAAAAAAAAAAAAAAAAAAAAAAAAAAAAAAAAAAAAAAAAAAAAAAAAAAAAAAAAAAAAAAAAAAAAAAAAAAAAAAAAAAAAAAAAAAAAAAAAAAAAAAAAAAAAAAAAAAAAAAAAAAAAAAAAAAAAAAAAAAAAAAAAAAAAAAAAAAAAAAAAAAAAAAAAAAAAAAAAAAAAAAAAAAAAAAAAAAAAAAAAAAAAAAAAAAAAAAAAAAAAAAAAAAAAAAAAAAAAAAAAAAAAAAAAAAAAAAAAAAAAAAAAAAAAAAAAAAAAAAAAAAAAAAAAAAAAAAAAAAAAAAAAAAAAAAAAAAAAAAAAAAAAAAAAAAAAAAAAAAAAAAAAAAAAAAAAAAAAAAAAAAAAAAAAAAAAAAAAAAAAAAAAAAAAAAAAAAAAAAAAAAAAAAAAAAAAAAAAAAAAAAAAAAAAAAAAAAAAAAAAAAAAAAAAAAAAAAAAAAAAAAAAAAAAAAAAAAAAAAAAAAAAAAAAAAAAAAAAAAAAAAAAAAAAAAAAAAAAAAAAAAAAAAAAAAAAAAAAAAAAAAAAAAAAAAAAAAAAAAAAAAAAAAAAAAAAAAAAAAAAAAAAAAAAAAAAAAAAAAAAAAAAAAAAAAAAAAAAAAAAAAAAAAAAAAAAAAAAAAAAAAAAAAAAAAAAAAAAAAAAAAAAAAAAAAAAAAAAAAAAAAAAAAAAAAAAAAAAAAAAAAAAAAAAAAAAAAAAAAAAAAAAAAAAAAAAAAAAAAAAAAAAAAAAAAAAAAAAAAAAAAAAAAAAAAAAAAAAAAAAAAAAAAAAAAAAAAAAAAAAAAAAAAAAAAAAAAAAAAAAAAAAAAAAAAAAAAAAAAAAAAAAAAAAAAAAAAAAAAAAAAAAAAAAAAAAAAAAAAAAAAAAAAAAAAAAAAAAAAAAAAAAAAAAAAAAAAAAAAAAAAA=="}
{"EventID": "42", "Channel": "Microsoft-Windows-Kernel-WHEA/Operational", "Provider_Name": "Microsoft-Windows-Kernel-WHEA", "Computer": "DESKTOP-OFJ6N53", "TimeCreated": "2023-07-31 13:01:29.608303+00:00", "RecordID": "426", "Level": "4", "UserID": "S-1-5-18", "EventData.Type": "0", "EventData.Owner": "1145590608", "EventData.Id": "2147483658", "EventData.Flags": "2", "EventData.Length": "34", "EventData.RawData": "V2hMZwEAAAAiAAAAAAAAAFBTSEQKAACAAgAAAAIAAAAAAQ=="}
{"EventID": "5", "Channel": "Microsoft-Windows-Kernel-WHEA/Operational", "Provider_Name": "Microsoft-Windows-Kernel-WHEA", "Computer": "DESKTOP-OFJ6N53", "TimeCreated": "2023-07-31 13:01:29.608650+00:00", "RecordID": "427", "Level": "4", "UserID": "S-1-5-18", "EventData.ErrorSourceCount": "5", "EventData.ErrorRecordFormat": "10", "EventData.ErrorSourceTableLength": "5360", "EventData.ErrorSourceTable": "YIa/GQiA//+orw1qBvj//wAAAAAAAAAAAAAAAAEAAAD4KQAAV2hlYRAAAAAAAAAAAJBLGQiA//8AAAAAAAAAAAMAAAB8DQAAAAAAAAAAAAAAAAAAAAAAAAAAAAAAAAAAzAMAAAsAAAAQAAAAAgAAACwNAAABAAAAAwAAAAAAAAAAAAAAAAAAAAAAAAA8YMGDUhWnSIfRFNlGfXdlUFMAANgOAAABAAAAEIBLGQiA///QLHVsBvj///AsdWwG+P//wF12aQb4//+NfCFXZl77RIAzm3TKzt9bAAAAAAAAAAAAAAAAAAAAAGQEAAABAAAAkNdvGwiA//8AAAAAAAAAAAAAAAAAAAAAAAAAAAAAAAAAAAAAAAAAAAAAAAAAAAAAAAAAAAAAAAAAAAAAAAAAAAAAAAAAAAAAAAAAAAAAAAAAAAAAAAAAAAAAAAAAAAAAAAAAAAAAAAAAAAAAAAAAAAAAAAAAAAAAAAAAAAAAAAAAAAAAAAAAAAAAAAAAAAAAAAAAAAAAAAAAAAAAAAAAAAAAAAAAAAAAAAAAAAAAAAAAAAAAAAAAAAAAAAAAAAAAAAAAAAAAAAAAAAAAAAAAAAAAAAAAAAAAAAAAAAAAAAAAAAAAAAAAAAAAAAAAAAAAAAAAAAAAAAAAAAAAAAAAAAAAAAAAAAAAAAAAAAAAAAAAAAAAAAAAAAAAAAAAAAAAAAAAAAAAAAAAAAAAAAAAAAAAAAAAAAAAAAAAAAAAAAAAAAAAAAAAAAAAAAAAAAAAAAAAAAAAAAAAAAAAAAAAAAAAAAAAAAAAAAAAAAAAAAAAAAAAAAAAAAAAAAAAAAAAAAAAAAAAAAAAAAAAAAAAAAAAAAAAAAAAAAAAAAAAAAAAAAAAAAAAAAAAAAAAAAAAAAAAAAAAAAAAAAAAAAAAAAAAAAAAAAAAAAAAAAAAAAAAAAAAAAAAAAAAAAAAAAAAAAAAAAAAAAAAAAAAAAAAAAAAAAAAAAAAAAAAAAAAAAAAAAAAAAAAAAAAAAAAAAAAAAAAAAAAAAAAAAAAAAAAAAAAAAAAAAAAAAAAAAAAAAAAAAAAAAAAAAAAAAAAAAAAAAAAAAAAAAAAAAAAAAAAAAAAAAAAAAAAAAAAAAAAAAAAAAAAAAAAAAAAAAAAAAAAAAAAAAAAAAAAAAAAAAAAAAAAAAAAAAAAAAAAAAAAAAAAAAAAAAAAAAAAAAAAAAAAAAAAAAAAAAAAAAAAAAAAAAAAAAAAAAAAAAAAAAAAAAAAAAAAAAAAAAAAAAAAAAAAAAAAAAAAAAAAAAAAAAAAAAAAAAAAAAAAAAAAAAAAAAAAAAAAAAAAAAAAAAAAAAAAAAAAAAAAAAAAAAAAAAAAAAAAAAAAAAAAAAAAAAAAAAAAAAAAAAAAAAAAAAAAAAAAAAAAAAAAAAAAAAAAAAAAABDAvxkIgP//EHtLGQiA//8AAAAAAAAAAAAAAAAEAAAA6A0AAFdoZWEAAAAAAAAAAABQ4xkIgP//AAAAAAAAAAAIAAAAYAEAAAAAAAAAAAAAAAAAAAAAAAAAAAAAAAAAAMwDAAAKAAAAAAAAAAIAAABBAQAABAAAAAgAAAABAAAAAAAAAAAAAIAAAAEGAAAAAAAAAAAAAAAA//////////8AAQAAAAQAAAEEAAACBAAAAwQAAP//////////AQEAAAQEAAAFBAAABgQAAAcEAAD//////////wIBAAAIBAAACQQAAAoEAAALBAAA//////////8DAQAADAQAAA0EAAAOBAAADwQAAP//////////BAEAABAEAAARBAAAEgQAABMEAAD//////////wUBAAAUBAAAFQQAABYEAAAXBAAA//////////8GAQAAGAQAABkEAAAaBAAAGwQAAP//////////BwEAABwEAAAdBAAAHgQAAB8EAAD//////////wgBAAAgBAAAIQQAACIEAAAjBAAA//////////8JAQAAJAQAACUEAAAmBAAAJwQAAP//////////CgEAACgEAAApBAAAKgQAACsEAAD//////////wsBAAAsBAAALQQAAC4EAAAvBAAA//////////8MAQAAMAQAADEEAAAyBAAAMwQAAP//////////DQEAADQEAAA1BAAANgQAADcEAAD//////////w4BAAA4BAAAOQQAADoEAAA7BAAA//////////8PAQAAPAQAAD0EAAA+BAAAPwQAAP//////////AAAAAAAAAAAAAAAAAAAAAAAAAAAAAAAAAAAAAAAAAAAAAAAAAAAAAAAAAAAAAAAAAAAAAAAAAAAAAAAAAAAAAAAAAAAAAAAAAAAAAAAAAAAAAAAAAAAAAAAAAAAAAAAAAAAAAAAAAAAAAAAAAAAAAAAAAAAAAAAAAAAAAAAAAAAAAAAAAAAAAAAAAAAAAAAAAAAAAAAAAAAAAAAAAAAAAAAAAAAAAAAAAAAAAAAAAAAAAAAAAAAAAAAAAAAAAAAAAAAAAAAAAAAAAAAAAAAAAAAAAAAAAAAAAAAAAAAAAAAAAAAAAAAAAAAAAAAAAAAAAAAAAAAAAAAAAAAAAAAAAAAAAAAAAAAAAAAAAAAAAAAAAAAAAAAAAAAAAAAAAAAAAAAAAAAAAAAAAAAAAAAAAAAAAAAAAAAAAAAAAAAAAAAAAAAAAAAAAAAAAAAAAAAAAAAAAAAAAAAAAAAAAAAAAAAAAAAAAAAAAAAAAAAAAAAAAAAAAAAAAAAAAAAAAAAAAAAAAAAAAAAAAAAAAAAAAAAAAAAAAAAAAAAAAAAAAAAAAAAAAAAAAAAAAAAAAAAAAAAAAAAAAAAAAAAAAAAAAAAAAAAAAAAAAAAAAAAAAACwisMZCID//2CGvxkIgP//AAAAAAAAAAAAAAAABAAAAOgNAABXaGVhAQAAAAAAAAAAkOMZCID//wAAAAAAAAAACAAAAGABAAAAAAAAAAAAAAAAAAAAAAAAAAAAAAAAAADMAwAACgAAAAEAAAACAAAAQQEAAAQAAAAIAAAAAgAAAAAAAAAAAACAAQABBgAAAAAFHAAAYOoAAAAAAAAAAAAAAAAAAAAAAAAAAAAAAAEAAAAEAAABBAAAAgQAAAMEAAD//////////wEBAAAEBAAABQQAAAYEAAAHBAAA//////////8CAQAACAQAAAkEAAAKBAAACwQAAP//////////AwEAAAwEAAANBAAADgQAAA8EAAD//////////wQBAAAQBAAAEQQAABIEAAATBAAA//////////8FAQAAFAQAABUEAAAWBAAAFwQAAP//////////BgEAABgEAAAZBAAAGgQAABsEAAD//////////wcBAAAcBAAAHQQAAB4EAAAfBAAA//////////8IAQAAIAQAACEEAAAiBAAAIwQAAP//////////CQEAACQEAAAlBAAAJgQAACcEAAD//////////woBAAAoBAAAKQQAACoEAAArBAAA//////////8LAQAALAQAAC0EAAAuBAAALwQAAP//////////DAEAADAEAAAxBAAAMgQAADMEAAD//////////w0BAAA0BAAANQQAADYEAAA3BAAA//////////8OAQAAOAQAADkEAAA6BAAAOwQAAP//////////DwEAADwEAAA9BAAAPgQAAD8EAAD//////////wAAAAAAAAAAAAAAAAAAAAAAAAAAAAAAAAAAAAAAAAAAAAAAAAAAAAAAAAAAAAAAAAAAAAAAAAAAAAAAAAAAAAAAAAAAAAAAAAAAAAAAAAAAAAAAAAAAAAAAAAAAAAAAAAAAAAAAAAAAAAAAAAAAAAAAAAAAAAAAAAAAAAAAAAAAAAAAAAAAAAAAAAAAAAAAAAAAAAAAAAAAAAAAAAAAAAAAAAAAAAAAAAAAAAAAAAAAAAAAAAAAAAAAAAAAAAAAAAAAAAAAAAAAAAAAAAAAAAAAAAAAAAAAAAAAAAAAAAAAAAAAAAAAAAAAAAAAAAAAAAAAAAAAAAAAAAAAAAAAAAAAAAAAAAAAAAAAAAAAAAAAAAAAAAAAAAAAAAAAAAAAAAAAAAAAAAAAAAAAAAAAAAAAAAAAAAAAAAAAAAAAAAAAAAAAAAAAAAAAAAAAAAAAAAAAAAAAAAAAAAAAAAAAAAAAAAAAAAAAAAAAAAAAAAAAAAAAAAAAAAAAAAAAAAAAAAAAAAAAAAAAAAAAAAAAAAAAAAAAAAAAAAAAAAAAAAAAAAAAAAAAAAAAAAAAAAAAAAAAAAAAAAAAAAAAAAAAAAAAAAAAsHrDGQiA//8QwL8ZCID//wAAAAAAAAAAAAAAAAEAAADABgAAV2hlYQMAAAAAAAAAoEh9GQiA//8AAAAAAAAAAAEAAADAAQAAAAAAAAAAAAAAAAAAAAAAAAAAAAAAAAAAzAMAAAoAAAADAAAAAgAAAAABAAABAAAAAwAAAAMAAAAAAAAAAAAAgAIAAQAAAAAAAAAAAAAAAAAAAAAAAAAAAAAAAAAAAAAAAAAAAAAAAAAAAAAAAAAAAAAAAAAAAAAAAAAAAAAAAAAAAAAAAAAAAAAAAAAAAAAAAAAAAAAAAAAAAAAAAAAAAAAAAAAAAAAAAAAAAAAAAAAAAAAAAAAAAAAAAAAAAAAAAAAAAAAAAAAAAAAAAAAAAAAAAAAAAAAAAAAAAAAAAAAAAAAAAAAAAAAAAAAAAAAAAAAAAAAAAAAAAAAAAAAAAAAAAAAAAAAAAAAAAAAAAAAAAAAAAAAAAAAAAAAAAAAAAAAAAAAAAAAAAAAAAAAAAAAAAAAAAAAAAAAAAAAAAAAAAAAAAAAAAAAAAAAAAAAAAAAAAAAAAAAAAAAAAAAAAAAAAAAAAAAAAAAAAAAAAAAAAAAAAAAAAAAAAAAAAAAAAAAAAAAAAAAAAAAAAAAAAAAAAAAAAAAAAAAAAAAAAAAAAAAAAAAAAAAAAAAAAAAAAAAAAAAAAAAAAAAAAAAAAAAAAAAAAAAAAAAAAAAAAAAAAAAAAAAAAAAAAAAAAAAAAAAAAAAAAAAAAAAAAAAAAAAAAAAAAAAAAAAAAAAAAAAAAAAAAAAAAAAAAAAAAAAAAAAAAAAAAAAAAAAAAAAAAAAAAAAAAAAAAAAAAAAAAAAAAAAAAAAAAAAAAAAAAAAAAAAAAAAAAAAAAAAAAAAAAAAAAAAAAAAAAAAAAAAAAAAAAAAAAAAAAAAAAAAAAAAAAAAAAAAAAAAAAAAAAAAAAAAAAAAAAAAAAAAAAAAAAAAAAAAAAAAAAAAAAAAAAAAAAAAAAAAAAAAAAAAAAAAAAAAAAAAAAAAAAAAAAAAAAAAAAAAAAAAAAAAAAAAAAAAAAAAAAAAAAAAAAAAAAAAAAAAAAAAAAAAAAAAAAAAAAAAAAAAAAAAAAAAAAAAAAAAAAAAAAAAAAAAAAAAAAAAAAAAAAAAAAAAAAAAAAAAAAAAAAAAAAAAAAAAAAAAAAAAAAAAAAAAAAAAAAAAAAAAAAAAAAAAAAAAAAAAAAAAAAAAAAAAAAAAAAAAAAAAAAAAAAAAAAAAAAAAAAAAAAAAAAAAAAAAAAAAAAAAAAAAAAAAAAAAAAAAAAAAAAAAAAAAAAAAAAAAAAAAAAAAAAAAAAAAAAAAAAAAAAAAAAAAAAAAAAAAAAAAAAAAAAAAAAAAAAAAAAAAAAAAAAAAAAAAAAAAAAAAAAAAAAAAAAAAAAAAAAAAAAAAAAKivDWoG+P//sIrDGQiA//8AAAAAAAAAAAAAAAAAAAAAAAAAAAAAAAAHAAAAAAAAAAAAAAAAAAAAAAAAAAAAAAAAAAAAAAAAAAAAAAAAAAAAAAAAAAAAAAABAAAAAAAAAMwDAAAKAAAABwAAAAIAAAAAEAAAAQAAAAgAAAAEAAAAAAAAAAAAAIAAAAAAAAAAAAAAAAAAAAAAAAAAAAAAAAAAAAAAAAAAAAAAAAAAAAAAAAAAAAAAAAAAAAAAAAAAAAAAAAAAAAAAAAAAAAAAAAAAAAAAAAAAAAAAAAAAAAAAAAAAAAAAAAAAAAAAAAAAAAAAAAAAAAAAAAAAAAAAAAAAAAAAAAAAAAAAAAAAAAAAAAAAAAAAAAAAAAAAAAAAAAAAAAAAAAAAAAAAAAAAAAAAAAAAAAAAAAAAAAAAAAAAAAAAAAAAAAAAAAAAAAAAAAAAAAAAAAAAAAAAAAAAAAAAAAAAAAAAAAAAAAAAAAAAAAAAAAAAAAAAAAAAAAAAAAAAAAAAAAAAAAAAAAAAAAAAAAAAAAAAAAAAAAAAAAAAAAAAAAAAAAAAAAAAAAAAAAAAAAAAAAAAAAAAAAAAAAAAAAAAAAAAAAAAAAAAAAAAAAAAAAAAAAAAAAAAAAAAAAAAAAAAAAAAAAAAAAAAAAAAAAAAAAAAAAAAAAAAAAAAAAAAAAAAAAAAAAAAAAAAAAAAAAAAAAAAAAAAAAAAAAAAAAAAAAAAAAAAAAAAAAAAAAAAAAAAAAAAAAAAAAAAAAAAAAAAAAAAAAAAAAAAAAAAAAAAAAAAAAAAAAAAAAAAAAAAAAAAAAAAAAAAAAAAAAAAAAAAAAAAAAAAAAAAAAAAAAAAAAAAAAAAAAAAAAAAAAAAAAAAAAAAAAAAAAAAAAAAAAAAAAAAAAAAAAAAAAAAAAAAAAAAAAAAAAAAAAAAAAAAAAAAAAAAAAAAAAAAAAAAAAAAAAAAAAAAAAAAAAAAAAAAAAAAAAAAAAAAAAAAAAAAAAAAAAAAAAAAAAAAAAAAAAAAAAAAAAAAAAAAAAAAAAAAAAAAAAAAAAAAAAAAAAAAAAAAAAAAAAAAAAAAAAAAAAAAAAAAAAAAAAAAAAAAAAAAAAAAAAAAAAAAAAAAAAAAAAAAAAAAAAAAAAAAAAAAAAAAAAAAAAAAAAAAAAAAAAAAAAAAAAAAAAAAAAAAAAAAAAAAAAAAAAAAAAAAAAAAAAAAAAAAAAAAAAAAAAAAAAAAAAAAAAAAAAAAAAAAAAAAAAAAAAAAAAAAAAAAAAAAAAAAAAAAAAAAAAAAAAAAAAAAAAAAAAAAAAAAAAAAAAAAAAAAAAAAAAAAAAAAAAAAAAAAAAAAAAAAAAAAAAAAAAAAAAAAAAAAAAAAAAAAAAAAAAAAAAAAAAAAAAAAAAAAAAAAAAAAAAAAAAAAAAA="}
