{"EventID": "211", "Channel": "Microsoft-Windows-AppModel-Runtime/Admin", "Provider_Name": "Microsoft-Windows-AppModel-Runtime", "Computer": "DESKTOP-OFJ6N53", "TimeCreated": "2025-08-07 08:12:07.223276+00:00", "RecordID": "13043", "Level": "4", "UserID": "S-1-5-18", "EventData.ProcessID": "10960", "EventData.PackageName": "Microsoft.YourPhone_1.25061.51.0_x64__8wekyb3d8bbwe", "EventData.ContainerId": "9fed67db-716f-11f0-a764-005056b235ad"}
{"EventID": "217", "Channel": "Microsoft-Windows-AppModel-Runtime/Admin", "Provider_Name": "Microsoft-Windows-AppModel-Runtime", "Computer": "DESKTOP-OFJ6N53", "TimeCreated": "2025-08-07 15:30:06.506361+00:00", "RecordID": "13044", "Level": "4", "UserID": "S-1-5-18", "EventData.PackageName": "Microsoft.YourPhone_1.25061.51.0_x64__8wekyb3d8bbwe", "EventData.ContainerId": "9fed67db-716f-11f0-a764-005056b235ad"}
{"EventID": "69", "Channel": "Microsoft-Windows-AppModel-Runtime/Admin", "Provider_Name": "Microsoft-Windows-AppModel-Runtime", "Computer": "DESKTOP-OFJ6N53", "TimeCreated": "2025-08-07 16:51:59.660986+00:00", "RecordID": "13045", "Level": "4", "UserID": "S-1-5-18", "EventData.ErrorCode": "1168", "EventData.PackageFullName": "Microsoft.MicrosoftOfficeHub_19.2508.31121.0_x64__8wekyb3d8bbwe", "EventData.User": "S-1-5-21-963789628-1060504924-4285088085-1001", "EventData.DesiredStatus": "32", "EventData.CurrentStatus": "0"}
{"EventID": "70", "Channel": "Microsoft-Windows-AppModel-Runtime/Admin", "Provider_Name": "Microsoft-Windows-AppModel-Runtime", "Computer": "DESKTOP-OFJ6N53", "TimeCreated": "2025-08-07 16:51:59.683228+00:00", "RecordID": "13046", "Level": "4", "UserID": "S-1-5-18", "EventData.PackageFullName": "Microsoft.MicrosoftOfficeHub_19.2507.59091.0_x64__8wekyb3d8bbwe", "EventData.User": "S-1-5-21-963789628-1060504924-4285088085-1001", "EventData.DesiredStatus": "1024", "EventData.CurrentStatus": "0"}
{"EventID": "210", "Channel": "Microsoft-Windows-AppModel-Runtime/Admin", "Provider_Name": "Microsoft-Windows-AppModel-Runtime", "Computer": "DESKTOP-OFJ6N53", "TimeCreated": "2025-08-07 20:11:51.945847+00:00", "RecordID": "13047", "Level": "4", "UserID": "S-1-5-18", "EventData.PackageName": "Microsoft.YourPhone_1.25061.51.0_x64__8wekyb3d8bbwe", "EventData.ContainerName": "Microsoft.YourPhone_1.25061.51.0_x64__8wekyb3d8bbwe-S-1-5-21-963789628-1060504924-4285088085-1001", "EventData.ContainerId": "9fed6e84-716f-11f0-a764-005056b235ad"}
{"EventID": "211", "Channel": "Microsoft-Windows-AppModel-Runtime/Admin", "Provider_Name": "Microsoft-Windows-AppModel-Runtime", "Computer": "DESKTOP-OFJ6N53", "TimeCreated": "2025-08-07 20:11:51.945911+00:00", "RecordID": "13048", "Level": "4", "UserID": "S-1-5-18", "EventData.ProcessID": "2624", "EventData.PackageName": "Microsoft.YourPhone_1.25061.51.0_x64__8wekyb3d8bbwe", "EventData.ContainerId": "9fed6e84-716f-11f0-a764-005056b235ad"}
{"EventID": "201", "Channel": "Microsoft-Windows-AppModel-Runtime/Admin", "Provider_Name": "Microsoft-Windows-AppModel-Runtime", "Computer": "DESKTOP-OFJ6N53", "TimeCreated": "2025-08-08 00:22:45.671858+00:00", "RecordID": "13049", "Level": "4", "UserID": "S-1-5-18", "EventData.ProcessID": "3376", "EventData.PackageName": "Microsoft.MicrosoftEdge.Stable_138.0.3351.109_neutral__8wekyb3d8bbwe", "EventData.ImageName": "identity_helper.exe", "EventData.ApplicationName": "Microsoft.MicrosoftEdge.Stable_8wekyb3d8bbwe!App", "EventData.Message": "[FinishPackageActivation]"}
{"EventID": "217", "Channel": "Microsoft-Windows-AppModel-Runtime/Admin", "Provider_Name": "Microsoft-Windows-AppModel-Runtime", "Computer": "DESKTOP-OFJ6N53", "TimeCreated": "2025-08-08 04:04:03.720953+00:00", "RecordID": "13050", "Level": "4", "UserID": "S-1-5-18", "EventData.PackageName": "Microsoft.YourPhone_1.25061.51.0_x64__8wekyb3d8bbwe", "EventData.ContainerId": "9fed6e84-716f-11f0-a764-005056b235ad"}
{"EventID": "210", "Channel": "Microsoft-Windows-AppModel-Runtime/Admin", "Provider_Name": "Microsoft-Windows-AppModel-Runtime", "Computer": "DESKTOP-OFJ6N53", "TimeCreated": "2025-08-08 07:48:29.175453+00:00", "RecordID": "13051", "Level": "4", "UserID": "S-1-5-18", "EventData.PackageName": "Microsoft.YourPhone_1.25061.51.0_x64__8wekyb3d8bbwe", "EventData.ContainerName": "Microsoft.YourPhone_1.25061.51.0_x64__8wekyb3d8bbwe-S-1-5-21-963789628-1060504924-4285088085-1001", "EventData.ContainerId": "9fed71e9-716f-11f0-a764-005056b235ad"}
{"EventID": "211", "Channel": "Microsoft-Windows-AppModel-Runtime/Admin", "Provider_Name": "Microsoft-Windows-AppModel-Runtime", "Computer": "DESKTOP-OFJ6N53", "TimeCreated": "2025-08-08 07:48:29.175505+00:00", "RecordID": "13052", "Level": "4", "UserID": "S-1-5-18", "EventData.ProcessID": "10624", "EventData.PackageName": "Microsoft.YourPhone_1.25061.51.0_x64__8wekyb3d8bbwe", "EventData.ContainerId": "9fed71e9-716f-11f0-a764-005056b235ad"}
{"EventID": "217", "Channel": "Microsoft-Windows-AppModel-Runtime/Admin", "Provider_Name": "Microsoft-Windows-AppModel-Runtime", "Computer": "DESKTOP-OFJ6N53", "TimeCreated": "2025-08-08 15:13:30.159508+00:00", "RecordID": "13053", "Level": "4", "UserID": "S-1-5-18", "EventData.PackageName": "Microsoft.YourPhone_1.25061.51.0_x64__8wekyb3d8bbwe", "EventData.ContainerId": "9fed71e9-716f-11f0-a764-005056b235ad"}
{"EventID": "210", "Channel": "Microsoft-Windows-AppModel-Runtime/Admin", "Provider_Name": "Microsoft-Windows-AppModel-Runtime", "Computer": "DESKTOP-OFJ6N53", "TimeCreated": "2025-08-08 16:02:15.030092+00:00", "RecordID": "13054", "Level": "4", "UserID": "S-1-5-18", "EventData.PackageName": "Microsoft.XboxGamingOverlay_7.325.7090.0_x64__8wekyb3d8bbwe", "EventData.ContainerName": "Microsoft.XboxGamingOverlay_7.325.7090.0_x64__8wekyb3d8bbwe-S-1-5-21-963789628-1060504924-4285088085-1001", "EventData.ContainerId": "32e47f96-743e-11f0-a764-005056b235ad"}
{"EventID": "211", "Channel": "Microsoft-Windows-AppModel-Runtime/Admin", "Provider_Name": "Microsoft-Windows-AppModel-Runtime", "Computer": "DESKTOP-OFJ6N53", "TimeCreated": "2025-08-08 16:02:15.030138+00:00", "RecordID": "13055", "Level": "4", "UserID": "S-1-5-18", "EventData.ProcessID": "11440", "EventData.PackageName": "Microsoft.XboxGamingOverlay_7.325.7090.0_x64__8wekyb3d8bbwe", "EventData.ContainerId": "32e47f96-743e-11f0-a764-005056b235ad"}
{"EventID": "217", "Channel": "Microsoft-Windows-AppModel-Runtime/Admin", "Provider_Name": "Microsoft-Windows-AppModel-Runtime", "Computer": "DESKTOP-OFJ6N53", "TimeCreated": "2025-08-08 16:07:14.630548+00:00", "RecordID": "13056", "Level": "4", "UserID": "S-1-5-18", "EventData.PackageName": "Microsoft.XboxGamingOverlay_7.325.7090.0_x64__8wekyb3d8bbwe", "EventData.ContainerId": "32e47f96-743e-11f0-a764-005056b235ad"}
{"EventID": "69", "Channel": "Microsoft-Windows-AppModel-Runtime/Admin", "Provider_Name": "Microsoft-Windows-AppModel-Runtime", "Computer": "DESKTOP-OFJ6N53", "TimeCreated": "2025-08-08 17:16:22.023914+00:00", "RecordID": "13057", "Level": "4", "UserID": "S-1-5-18", "EventData.ErrorCode": "1168", "EventData.PackageFullName": "Microsoft.MicrosoftOfficeHub_19.2508.31121.0_x64__8wekyb3d8bbwe", "EventData.User": "S-1-5-21-963789628-1060504924-4285088085-1001", "EventData.DesiredStatus": "32", "EventData.CurrentStatus": "0"}
{"EventID": "70", "Channel": "Microsoft-Windows-AppModel-Runtime/Admin", "Provider_Name": "Microsoft-Windows-AppModel-Runtime", "Computer": "DESKTOP-OFJ6N53", "TimeCreated": "2025-08-08 17:16:49.045265+00:00", "RecordID": "13058", "Level": "4", "UserID": "S-1-5-18", "EventData.PackageFullName": "Microsoft.YourPhone_1.25061.51.0_x64__8wekyb3d8bbwe", "EventData.User": "S-1-5-21-963789628-1060504924-4285088085-1001", "EventData.DesiredStatus": "32", "EventData.CurrentStatus": "0"}
{"EventID": "69", "Channel": "Microsoft-Windows-AppModel-Runtime/Admin", "Provider_Name": "Microsoft-Windows-AppModel-Runtime", "Computer": "DESKTOP-OFJ6N53", "TimeCreated": "2025-08-08 17:16:49.045498+00:00", "RecordID": "13059", "Level": "4", "UserID": "S-1-5-18", "EventData.ErrorCode": "1168", "EventData.PackageFullName": "Microsoft.YourPhone_1.25071.54.0_x64__8wekyb3d8bbwe", "EventData.User": "S-1-5-21-963789628-1060504924-4285088085-1001", "EventData.DesiredStatus": "32", "EventData.CurrentStatus": "0"}
{"EventID": "42", "Channel": "Microsoft-Windows-AppModel-Runtime/Admin", "Provider_Name": "Microsoft-Windows-AppModel-Runtime", "Computer": "DESKTOP-OFJ6N53", "TimeCreated": "2025-08-08 17:16:50.259142+00:00", "RecordID": "13060", "Level": "4", "UserID": "S-1-5-21-963789628-1060504924-4285088085-1001", "EventData.AppContainerName": "Microsoft.YourPhone_8wekyb3d8bbwe"}
{"EventID": "70", "Channel": "Microsoft-Windows-AppModel-Runtime/Admin", "Provider_Name": "Microsoft-Windows-AppModel-Runtime", "Computer": "DESKTOP-OFJ6N53", "TimeCreated": "2025-08-08 17:16:53.736746+00:00", "RecordID": "13061", "Level": "4", "UserID": "S-1-5-18", "EventData.PackageFullName": "Microsoft.YourPhone_1.25071.54.0_x64__8wekyb3d8bbwe", "EventData.User": "S-1-5-21-963789628-1060504924-4285088085-1001", "EventData.DesiredStatus": "0", "EventData.CurrentStatus": "32"}
{"EventID": "210", "Channel": "Microsoft-Windows-AppModel-Runtime/Admin", "Provider_Name": "Microsoft-Windows-AppModel-Runtime", "Computer": "DESKTOP-OFJ6N53", "TimeCreated": "2025-08-09 05:02:59.390388+00:00", "RecordID": "13062", "Level": "4", "UserID": "S-1-5-18", "EventData.PackageName": "Microsoft.YourPhone_1.25071.54.0_x64__8wekyb3d8bbwe", "EventData.ContainerName": "Microsoft.YourPhone_1.25071.54.0_x64__8wekyb3d8bbwe-S-1-5-21-963789628-1060504924-4285088085-1001", "EventData.ContainerId": "32e483a1-743e-11f0-a764-005056b235ad"}
{"EventID": "211", "Channel": "Microsoft-Windows-AppModel-Runtime/Admin", "Provider_Name": "Microsoft-Windows-AppModel-Runtime", "Computer": "DESKTOP-OFJ6N53", "TimeCreated": "2025-08-09 05:02:59.390442+00:00", "RecordID": "13063", "Level": "4", "UserID": "S-1-5-18", "EventData.ProcessID": "13860", "EventData.PackageName": "Microsoft.YourPhone_1.25071.54.0_x64__8wekyb3d8bbwe", "EventData.ContainerId": "32e483a1-743e-11f0-a764-005056b235ad"}
{"EventID": "217", "Channel": "Microsoft-Windows-AppModel-Runtime/Admin", "Provider_Name": "Microsoft-Windows-AppModel-Runtime", "Computer": "DESKTOP-OFJ6N53", "TimeCreated": "2025-08-09 09:12:26.170603+00:00", "RecordID": "13064", "Level": "4", "UserID": "S-1-5-18", "EventData.PackageName": "Microsoft.YourPhone_1.25071.54.0_x64__8wekyb3d8bbwe", "EventData.ContainerId": "32e483a1-743e-11f0-a764-005056b235ad"}
{"EventID": "210", "Channel": "Microsoft-Windows-AppModel-Runtime/Admin", "Provider_Name": "Microsoft-Windows-AppModel-Runtime", "Computer": "DESKTOP-OFJ6N53", "TimeCreated": "2025-08-09 17:03:06.194555+00:00", "RecordID": "13065", "Level": "4", "UserID": "S-1-5-18", "EventData.PackageName": "Microsoft.YourPhone_1.25071.54.0_x64__8wekyb3d8bbwe", "EventData.ContainerName": "Microsoft.YourPhone_1.25071.54.0_x64__8wekyb3d8bbwe-S-1-5-21-963789628-1060504924-4285088085-1001", "EventData.ContainerId": "32e48917-743e-11f0-a764-005056b235ad"}
{"EventID": "211", "Channel": "Microsoft-Windows-AppModel-Runtime/Admin", "Provider_Name": "Microsoft-Windows-AppModel-Runtime", "Computer": "DESKTOP-OFJ6N53", "TimeCreated": "2025-08-09 17:03:06.194603+00:00", "RecordID": "13066", "Level": "4", "UserID": "S-1-5-18", "EventData.ProcessID": "12584", "EventData.PackageName": "Microsoft.YourPhone_1.25071.54.0_x64__8wekyb3d8bbwe", "EventData.ContainerId": "32e48917-743e-11f0-a764-005056b235ad"}
{"EventID": "217", "Channel": "Microsoft-Windows-AppModel-Runtime/Admin", "Provider_Name": "Microsoft-Windows-AppModel-Runtime", "Computer": "DESKTOP-OFJ6N53", "TimeCreated": "2025-08-10 01:00:05.370886+00:00", "RecordID": "13067", "Level": "4", "UserID": "S-1-5-18", "EventData.PackageName": "Microsoft.YourPhone_1.25071.54.0_x64__8wekyb3d8bbwe", "EventData.ContainerId": "32e48917-743e-11f0-a764-005056b235ad"}
{"EventID": "210", "Channel": "Microsoft-Windows-AppModel-Runtime/Admin", "Provider_Name": "Microsoft-Windows-AppModel-Runtime", "Computer": "DESKTOP-OFJ6N53", "TimeCreated": "2025-08-10 05:03:01.664328+00:00", "RecordID": "13068", "Level": "4", "UserID": "S-1-5-18", "EventData.PackageName": "Microsoft.YourPhone_1.25071.54.0_x64__8wekyb3d8bbwe", "EventData.ContainerName": "Microsoft.YourPhone_1.25071.54.0_x64__8wekyb3d8bbwe-S-1-5-21-963789628-1060504924-4285088085-1001", "EventData.ContainerId": "32e48c34-743e-11f0-a764-005056b235ad"}
{"EventID": "211", "Channel": "Microsoft-Windows-AppModel-Runtime/Admin", "Provider_Name": "Microsoft-Windows-AppModel-Runtime", "Computer": "DESKTOP-OFJ6N53", "TimeCreated": "2025-08-10 05:03:01.664371+00:00", "RecordID": "13069", "Level": "4", "UserID": "S-1-5-18", "EventData.ProcessID": "3752", "EventData.PackageName": "Microsoft.YourPhone_1.25071.54.0_x64__8wekyb3d8bbwe", "EventData.ContainerId": "32e48c34-743e-11f0-a764-005056b235ad"}
{"EventID": "70", "Channel": "Microsoft-Windows-AppModel-Runtime/Admin", "Provider_Name": "Microsoft-Windows-AppModel-Runtime", "Computer": "DESKTOP-OFJ6N53", "TimeCreated": "2025-08-10 10:06:44.721972+00:00", "RecordID": "13070", "Level": "4", "UserID": "S-1-5-18", "EventData.PackageFullName": "Microsoft.StorePurchaseApp_22506.1401.3.0_x64__8wekyb3d8bbwe", "EventData.User": "S-1-5-21-963789628-1060504924-4285088085-1001", "EventData.DesiredStatus": "32", "EventData.CurrentStatus": "0"}
{"EventID": "69", "Channel": "Microsoft-Windows-AppModel-Runtime/Admin", "Provider_Name": "Microsoft-Windows-AppModel-Runtime", "Computer": "DESKTOP-OFJ6N53", "TimeCreated": "2025-08-10 10:06:44.722168+00:00", "RecordID": "13071", "Level": "4", "UserID": "S-1-5-18", "EventData.ErrorCode": "1168", "EventData.PackageFullName": "Microsoft.StorePurchaseApp_22506.1401.4.0_x64__8wekyb3d8bbwe", "EventData.User": "S-1-5-21-963789628-1060504924-4285088085-1001", "EventData.DesiredStatus": "32", "EventData.CurrentStatus": "0"}
{"EventID": "42", "Channel": "Microsoft-Windows-AppModel-Runtime/Admin", "Provider_Name": "Microsoft-Windows-AppModel-Runtime", "Computer": "DESKTOP-OFJ6N53", "TimeCreated": "2025-08-10 10:06:47.979666+00:00", "RecordID": "13072", "Level": "4", "UserID": "S-1-5-21-963789628-1060504924-4285088085-1001", "EventData.AppContainerName": "Microsoft.StorePurchaseApp_8wekyb3d8bbwe"}
{"EventID": "70", "Channel": "Microsoft-Windows-AppModel-Runtime/Admin", "Provider_Name": "Microsoft-Windows-AppModel-Runtime", "Computer": "DESKTOP-OFJ6N53", "TimeCreated": "2025-08-10 10:06:50.172434+00:00", "RecordID": "13073", "Level": "4", "UserID": "S-1-5-18", "EventData.PackageFullName": "Microsoft.StorePurchaseApp_22506.1401.4.0_x64__8wekyb3d8bbwe", "EventData.User": "S-1-5-21-963789628-1060504924-4285088085-1001", "EventData.DesiredStatus": "0", "EventData.CurrentStatus": "32"}
{"EventID": "217", "Channel": "Microsoft-Windows-AppModel-Runtime/Admin", "Provider_Name": "Microsoft-Windows-AppModel-Runtime", "Computer": "DESKTOP-OFJ6N53", "TimeCreated": "2025-08-10 12:55:14.834265+00:00", "RecordID": "13074", "Level": "4", "UserID": "S-1-5-18", "EventData.PackageName": "Microsoft.YourPhone_1.25071.54.0_x64__8wekyb3d8bbwe", "EventData.ContainerId": "32e48c34-743e-11f0-a764-005056b235ad"}
{"EventID": "69", "Channel": "Microsoft-Windows-AppModel-Runtime/Admin", "Provider_Name": "Microsoft-Windows-AppModel-Runtime", "Computer": "DESKTOP-OFJ6N53", "TimeCreated": "2025-08-10 16:34:36.263168+00:00", "RecordID": "13075", "Level": "4", "UserID": "S-1-5-18", "EventData.ErrorCode": "1168", "EventData.PackageFullName": "Microsoft.MicrosoftOfficeHub_19.2508.31121.0_x64__8wekyb3d8bbwe", "EventData.User": "S-1-5-21-963789628-1060504924-4285088085-1001", "EventData.DesiredStatus": "32", "EventData.CurrentStatus": "0"}
{"EventID": "210", "Channel": "Microsoft-Windows-AppModel-Runtime/Admin", "Provider_Name": "Microsoft-Windows-AppModel-Runtime", "Computer": "DESKTOP-OFJ6N53", "TimeCreated": "2025-08-10 17:02:01.489355+00:00", "RecordID": "13076", "Level": "4", "UserID": "S-1-5-18", "EventData.PackageName": "Microsoft.YourPhone_1.25071.54.0_x64__8wekyb3d8bbwe", "EventData.ContainerName": "Microsoft.YourPhone_1.25071.54.0_x64__8wekyb3d8bbwe-S-1-5-21-963789628-1060504924-4285088085-1001", "EventData.ContainerId": "32e49184-743e-11f0-a764-005056b235ad"}
{"EventID": "211", "Channel": "Microsoft-Windows-AppModel-Runtime/Admin", "Provider_Name": "Microsoft-Windows-AppModel-Runtime", "Computer": "DESKTOP-OFJ6N53", "TimeCreated": "2025-08-10 17:02:01.489397+00:00", "RecordID": "13077", "Level": "4", "UserID": "S-1-5-18", "EventData.ProcessID": "12316", "EventData.PackageName": "Microsoft.YourPhone_1.25071.54.0_x64__8wekyb3d8bbwe", "EventData.ContainerId": "32e49184-743e-11f0-a764-005056b235ad"}
{"EventID": "217", "Channel": "Microsoft-Windows-AppModel-Runtime/Admin", "Provider_Name": "Microsoft-Windows-AppModel-Runtime", "Computer": "DESKTOP-OFJ6N53", "TimeCreated": "2025-08-11 01:00:04.186876+00:00", "RecordID": "13078", "Level": "4", "UserID": "S-1-5-18", "EventData.PackageName": "Microsoft.YourPhone_1.25071.54.0_x64__8wekyb3d8bbwe", "EventData.ContainerId": "32e49184-743e-11f0-a764-005056b235ad"}
{"EventID": "210", "Channel": "Microsoft-Windows-AppModel-Runtime/Admin", "Provider_Name": "Microsoft-Windows-AppModel-Runtime", "Computer": "DESKTOP-OFJ6N53", "TimeCreated": "2025-08-11 05:02:02.307423+00:00", "RecordID": "13079", "Level": "4", "UserID": "S-1-5-18", "EventData.PackageName": "Microsoft.YourPhone_1.25071.54.0_x64__8wekyb3d8bbwe", "EventData.ContainerName": "Microsoft.YourPhone_1.25071.54.0_x64__8wekyb3d8bbwe-S-1-5-21-963789628-1060504924-4285088085-1001", "EventData.ContainerId": "32e494b3-743e-11f0-a764-005056b235ad"}
{"EventID": "211", "Channel": "Microsoft-Windows-AppModel-Runtime/Admin", "Provider_Name": "Microsoft-Windows-AppModel-Runtime", "Computer": "DESKTOP-OFJ6N53", "TimeCreated": "2025-08-11 05:02:02.307465+00:00", "RecordID": "13080", "Level": "4", "UserID": "S-1-5-18", "EventData.ProcessID": "2236", "EventData.PackageName": "Microsoft.YourPhone_1.25071.54.0_x64__8wekyb3d8bbwe", "EventData.ContainerId": "32e494b3-743e-11f0-a764-005056b235ad"}
{"EventID": "217", "Channel": "Microsoft-Windows-AppModel-Runtime/Admin", "Provider_Name": "Microsoft-Windows-AppModel-Runtime", "Computer": "DESKTOP-OFJ6N53", "TimeCreated": "2025-08-11 13:04:40.923223+00:00", "RecordID": "13081", "Level": "4", "UserID": "S-1-5-18", "EventData.PackageName": "Microsoft.YourPhone_1.25071.54.0_x64__8wekyb3d8bbwe", "EventData.ContainerId": "32e494b3-743e-11f0-a764-005056b235ad"}
{"EventID": "210", "Channel": "Microsoft-Windows-AppModel-Runtime/Admin", "Provider_Name": "Microsoft-Windows-AppModel-Runtime", "Computer": "DESKTOP-OFJ6N53", "TimeCreated": "2025-08-11 15:17:41.141171+00:00", "RecordID": "13082", "Level": "4", "UserID": "S-1-5-18", "EventData.PackageName": "Microsoft.YourPhone_1.25071.54.0_x64__8wekyb3d8bbwe", "EventData.ContainerName": "Microsoft.YourPhone_1.25071.54.0_x64__8wekyb3d8bbwe-S-1-5-21-963789628-1060504924-4285088085-1001", "EventData.ContainerId": "32e499b9-743e-11f0-a764-005056b235ad"}
{"EventID": "211", "Channel": "Microsoft-Windows-AppModel-Runtime/Admin", "Provider_Name": "Microsoft-Windows-AppModel-Runtime", "Computer": "DESKTOP-OFJ6N53", "TimeCreated": "2025-08-11 15:17:41.141212+00:00", "RecordID": "13083", "Level": "4", "UserID": "S-1-5-18", "EventData.ProcessID": "13732", "EventData.PackageName": "Microsoft.YourPhone_1.25071.54.0_x64__8wekyb3d8bbwe", "EventData.ContainerId": "32e499b9-743e-11f0-a764-005056b235ad"}
{"EventID": "69", "Channel": "Microsoft-Windows-AppModel-Runtime/Admin", "Provider_Name": "Microsoft-Windows-AppModel-Runtime", "Computer": "DESKTOP-OFJ6N53", "TimeCreated": "2025-08-11 16:46:46.618570+00:00", "RecordID": "13084", "Level": "4", "UserID": "S-1-5-18", "EventData.ErrorCode": "1168", "EventData.PackageFullName": "Microsoft.MicrosoftOfficeHub_19.2508.37081.0_x64__8wekyb3d8bbwe", "EventData.User": "S-1-5-21-963789628-1060504924-4285088085-1001", "EventData.DesiredStatus": "32", "EventData.CurrentStatus": "0"}
{"EventID": "217", "Channel": "Microsoft-Windows-AppModel-Runtime/Admin", "Provider_Name": "Microsoft-Windows-AppModel-Runtime", "Computer": "DESKTOP-OFJ6N53", "TimeCreated": "2025-08-11 21:41:29.647667+00:00", "RecordID": "13085", "Level": "4", "UserID": "S-1-5-18", "EventData.PackageName": "Microsoft.YourPhone_1.25071.54.0_x64__8wekyb3d8bbwe", "EventData.ContainerId": "32e499b9-743e-11f0-a764-005056b235ad"}
{"EventID": "210", "Channel": "Microsoft-Windows-AppModel-Runtime/Admin", "Provider_Name": "Microsoft-Windows-AppModel-Runtime", "Computer": "DESKTOP-OFJ6N53", "TimeCreated": "2025-08-12 05:02:38.126011+00:00", "RecordID": "13086", "Level": "4", "UserID": "S-1-5-18", "EventData.PackageName": "Microsoft.YourPhone_1.25071.54.0_x64__8wekyb3d8bbwe", "EventData.ContainerName": "Microsoft.YourPhone_1.25071.54.0_x64__8wekyb3d8bbwe-S-1-5-21-963789628-1060504924-4285088085-1001", "EventData.ContainerId": "32e49ec8-743e-11f0-a764-005056b235ad"}
{"EventID": "211", "Channel": "Microsoft-Windows-AppModel-Runtime/Admin", "Provider_Name": "Microsoft-Windows-AppModel-Runtime", "Computer": "DESKTOP-OFJ6N53", "TimeCreated": "2025-08-12 05:02:38.126059+00:00", "RecordID": "13087", "Level": "4", "UserID": "S-1-5-18", "EventData.ProcessID": "13588", "EventData.PackageName": "Microsoft.YourPhone_1.25071.54.0_x64__8wekyb3d8bbwe", "EventData.ContainerId": "32e49ec8-743e-11f0-a764-005056b235ad"}
{"EventID": "217", "Channel": "Microsoft-Windows-AppModel-Runtime/Admin", "Provider_Name": "Microsoft-Windows-AppModel-Runtime", "Computer": "DESKTOP-OFJ6N53", "TimeCreated": "2025-08-12 12:16:10.766258+00:00", "RecordID": "13088", "Level": "4", "UserID": "S-1-5-18", "EventData.PackageName": "Microsoft.DesktopAppInstaller_1.26.430.0_x64__8wekyb3d8bbwe", "EventData.ContainerId": "d3fc984a-6de4-11f0-a764-005056b235ad"}
{"EventID": "217", "Channel": "Microsoft-Windows-AppModel-Runtime/Admin", "Provider_Name": "Microsoft-Windows-AppModel-Runtime", "Computer": "DESKTOP-OFJ6N53", "TimeCreated": "2025-08-12 12:16:10.879892+00:00", "RecordID": "13089", "Level": "4", "UserID": "S-1-5-18", "EventData.PackageName": "Microsoft.MicrosoftOfficeHub_19.2507.59091.0_x64__8wekyb3d8bbwe", "EventData.ContainerId": "d3fcafd4-6de4-11f0-a764-005056b235ad"}
{"EventID": "217", "Channel": "Microsoft-Windows-AppModel-Runtime/Admin", "Provider_Name": "Microsoft-Windows-AppModel-Runtime", "Computer": "DESKTOP-OFJ6N53", "TimeCreated": "2025-08-12 12:16:10.886320+00:00", "RecordID": "13090", "Level": "4", "UserID": "S-1-5-18", "EventData.PackageName": "Microsoft.YourPhone_1.25071.54.0_x64__8wekyb3d8bbwe", "EventData.ContainerId": "32e49ec8-743e-11f0-a764-005056b235ad"}
{"EventID": "70", "Channel": "Microsoft-Windows-AppModel-Runtime/Admin", "Provider_Name": "Microsoft-Windows-AppModel-Runtime", "Computer": "DESKTOP-OFJ6N53", "TimeCreated": "2025-08-12 12:16:11.002987+00:00", "RecordID": "13091", "Level": "4", "UserID": "S-1-5-18", "EventData.PackageFullName": "Microsoft.MicrosoftOfficeHub_19.2507.59091.0_x64__8wekyb3d8bbwe", "EventData.User": "S-1-5-21-963789628-1060504924-4285088085-1001", "EventData.DesiredStatus": "2048", "EventData.CurrentStatus": "1024"}
{"EventID": "40", "Channel": "Microsoft-Windows-AppModel-Runtime/Admin", "Provider_Name": "Microsoft-Windows-AppModel-Runtime", "Computer": "DESKTOP-OFJ6N53", "TimeCreated": "2025-08-12 12:17:35.280758+00:00", "RecordID": "13092", "Level": "4", "UserID": "S-1-5-18", "EventData.AppContainerName": "onecore\\ds\\security\\gina\\profile\\profext\\appcontainer.cpp Line:1813 Usermode Font Driver Host microsoft.windows.fontdrvhost"}
{"EventID": "40", "Channel": "Microsoft-Windows-AppModel-Runtime/Admin", "Provider_Name": "Microsoft-Windows-AppModel-Runtime", "Computer": "DESKTOP-OFJ6N53", "TimeCreated": "2025-08-12 12:17:35.280972+00:00", "RecordID": "13093", "Level": "4", "UserID": "S-1-5-18", "EventData.AppContainerName": "onecore\\ds\\security\\gina\\profile\\profext\\appcontainer.cpp Line:1813 Usermode Font Driver Host microsoft.windows.fontdrvhost"}
{"EventID": "40", "Channel": "Microsoft-Windows-AppModel-Runtime/Admin", "Provider_Name": "Microsoft-Windows-AppModel-Runtime", "Computer": "DESKTOP-OFJ6N53", "TimeCreated": "2025-08-12 12:18:31.300032+00:00", "RecordID": "13094", "Level": "4", "UserID": "S-1-5-18", "EventData.AppContainerName": "onecore\\ds\\security\\gina\\profile\\profext\\appcontainer.cpp Line:1813 Usermode Font Driver Host microsoft.windows.fontdrvhost"}
{"EventID": "70", "Channel": "Microsoft-Windows-AppModel-Runtime/Admin", "Provider_Name": "Microsoft-Windows-AppModel-Runtime", "Computer": "DESKTOP-OFJ6N53", "TimeCreated": "2025-08-12 12:18:45.712307+00:00", "RecordID": "13095", "Level": "4", "UserID": "S-1-5-18", "EventData.PackageFullName": "Microsoft.MicrosoftOfficeHub_19.2508.37081.0_x64__8wekyb3d8bbwe", "EventData.User": "S-1-5-21-963789628-1060504924-4285088085-1001", "EventData.DesiredStatus": "2048", "EventData.CurrentStatus": "0"}
{"EventID": "41", "Channel": "Microsoft-Windows-AppModel-Runtime/Admin", "Provider_Name": "Microsoft-Windows-AppModel-Runtime", "Computer": "DESKTOP-OFJ6N53", "TimeCreated": "2025-08-12 12:18:59.029005+00:00", "RecordID": "13096", "Level": "4", "UserID": "S-1-5-21-963789628-1060504924-4285088085-1001", "EventData.AppContainerName": "Microsoft.Edge.GameAssist_8wekyb3d8bbwe"}
{"EventID": "69", "Channel": "Microsoft-Windows-AppModel-Runtime/Admin", "Provider_Name": "Microsoft-Windows-AppModel-Runtime", "Computer": "DESKTOP-OFJ6N53", "TimeCreated": "2025-08-12 12:19:02.421530+00:00", "RecordID": "13097", "Level": "4", "UserID": "S-1-5-18", "EventData.ErrorCode": "1168", "EventData.PackageFullName": "Microsoft.Edge.GameAssist_1.0.3456.0_x64__8wekyb3d8bbwe", "EventData.User": "S-1-5-21-963789628-1060504924-4285088085-1001", "EventData.DesiredStatus": "32", "EventData.CurrentStatus": "0"}
{"EventID": "39", "Channel": "Microsoft-Windows-AppModel-Runtime/Admin", "Provider_Name": "Microsoft-Windows-AppModel-Runtime", "Computer": "DESKTOP-OFJ6N53", "TimeCreated": "2025-08-12 12:19:03.399914+00:00", "RecordID": "13098", "Level": "4", "UserID": "S-1-5-21-963789628-1060504924-4285088085-1001", "EventData.AppContainerName": "Microsoft.Edge.GameAssist_8wekyb3d8bbwe"}
{"EventID": "70", "Channel": "Microsoft-Windows-AppModel-Runtime/Admin", "Provider_Name": "Microsoft-Windows-AppModel-Runtime", "Computer": "DESKTOP-OFJ6N53", "TimeCreated": "2025-08-12 12:19:04.410789+00:00", "RecordID": "13099", "Level": "4", "UserID": "S-1-5-18", "EventData.PackageFullName": "Microsoft.Edge.GameAssist_1.0.3456.0_x64__8wekyb3d8bbwe", "EventData.User": "S-1-5-21-963789628-1060504924-4285088085-1001", "EventData.DesiredStatus": "0", "EventData.CurrentStatus": "32"}
{"EventID": "70", "Channel": "Microsoft-Windows-AppModel-Runtime/Admin", "Provider_Name": "Microsoft-Windows-AppModel-Runtime", "Computer": "DESKTOP-OFJ6N53", "TimeCreated": "2025-08-12 12:19:36.813051+00:00", "RecordID": "13100", "Level": "4", "UserID": "S-1-5-18", "EventData.PackageFullName": "Microsoft.MicrosoftOfficeHub_19.2508.37081.0_x64__8wekyb3d8bbwe", "EventData.User": "S-1-5-21-963789628-1060504924-4285088085-1001", "EventData.DesiredStatus": "2080", "EventData.CurrentStatus": "2048"}
{"EventID": "69", "Channel": "Microsoft-Windows-AppModel-Runtime/Admin", "Provider_Name": "Microsoft-Windows-AppModel-Runtime", "Computer": "DESKTOP-OFJ6N53", "TimeCreated": "2025-08-12 12:19:36.813450+00:00", "RecordID": "13101", "Level": "4", "UserID": "S-1-5-18", "EventData.ErrorCode": "1168", "EventData.PackageFullName": "Microsoft.MicrosoftOfficeHub_19.2507.59091.0_x64__8wekyb3d8bbwe", "EventData.User": "S-1-5-21-963789628-1060504924-4285088085-1001", "EventData.DesiredStatus": "32", "EventData.CurrentStatus": "0"}
{"EventID": "40", "Channel": "Microsoft-Windows-AppModel-Runtime/Admin", "Provider_Name": "Microsoft-Windows-AppModel-Runtime", "Computer": "DESKTOP-OFJ6N53", "TimeCreated": "2025-08-12 12:19:37.486696+00:00", "RecordID": "13102", "Level": "4", "UserID": "S-1-5-21-963789628-1060504924-4285088085-1001", "EventData.AppContainerName": "onecore\\ds\\security\\gina\\profile\\profext\\appcontainer.cpp Line:1813 Microsoft 365 Copilot Microsoft.MicrosoftOfficeHub_8wekyb3d8bbwe"}
{"EventID": "70", "Channel": "Microsoft-Windows-AppModel-Runtime/Admin", "Provider_Name": "Microsoft-Windows-AppModel-Runtime", "Computer": "DESKTOP-OFJ6N53", "TimeCreated": "2025-08-12 12:19:39.823349+00:00", "RecordID": "13103", "Level": "4", "UserID": "S-1-5-18", "EventData.PackageFullName": "Microsoft.MicrosoftOfficeHub_19.2508.37081.0_x64__8wekyb3d8bbwe", "EventData.User": "S-1-5-21-963789628-1060504924-4285088085-1001", "EventData.DesiredStatus": "0", "EventData.CurrentStatus": "32"}
{"EventID": "201", "Channel": "Microsoft-Windows-AppModel-Runtime/Admin", "Provider_Name": "Microsoft-Windows-AppModel-Runtime", "Computer": "DESKTOP-OFJ6N53", "TimeCreated": "2025-08-12 12:21:04.967199+00:00", "RecordID": "13104", "Level": "4", "UserID": "S-1-5-18", "EventData.ProcessID": "1880", "EventData.PackageName": "Microsoft.MicrosoftEdge.Stable_138.0.3351.109_neutral__8wekyb3d8bbwe", "EventData.ImageName": "identity_helper.exe", "EventData.ApplicationName": "Microsoft.MicrosoftEdge.Stable_8wekyb3d8bbwe!App", "EventData.Message": "[FinishPackageActivation]"}
{"EventID": "210", "Channel": "Microsoft-Windows-AppModel-Runtime/Admin", "Provider_Name": "Microsoft-Windows-AppModel-Runtime", "Computer": "DESKTOP-OFJ6N53", "TimeCreated": "2025-08-12 12:21:55.534395+00:00", "RecordID": "13105", "Level": "4", "UserID": "S-1-5-18", "EventData.PackageName": "Microsoft.YourPhone_1.25071.54.0_x64__8wekyb3d8bbwe", "EventData.ContainerName": "Microsoft.YourPhone_1.25071.54.0_x64__8wekyb3d8bbwe-S-1-5-21-963789628-1060504924-4285088085-1001", "EventData.ContainerId": "4ae801a7-7776-11f0-a765-005056b235ad"}
{"EventID": "211", "Channel": "Microsoft-Windows-AppModel-Runtime/Admin", "Provider_Name": "Microsoft-Windows-AppModel-Runtime", "Computer": "DESKTOP-OFJ6N53", "TimeCreated": "2025-08-12 12:21:55.534437+00:00", "RecordID": "13106", "Level": "4", "UserID": "S-1-5-18", "EventData.ProcessID": "11392", "EventData.PackageName": "Microsoft.YourPhone_1.25071.54.0_x64__8wekyb3d8bbwe", "EventData.ContainerId": "4ae801a7-7776-11f0-a765-005056b235ad"}
{"EventID": "40", "Channel": "Microsoft-Windows-AppModel-Runtime/Admin", "Provider_Name": "Microsoft-Windows-AppModel-Runtime", "Computer": "DESKTOP-OFJ6N53", "TimeCreated": "2025-08-12 12:23:17.181549+00:00", "RecordID": "13107", "Level": "4", "UserID": "S-1-5-21-963789628-1060504924-4285088085-1001", "EventData.AppContainerName": "onecore\\ds\\security\\gina\\profile\\profext\\appcontainer.cpp Line:1813 Chrome Sandbox cr.sb.odmF5200EAFD3AD904629CBB0F87A78A3C7211081FE"}
{"EventID": "210", "Channel": "Microsoft-Windows-AppModel-Runtime/Admin", "Provider_Name": "Microsoft-Windows-AppModel-Runtime", "Computer": "DESKTOP-OFJ6N53", "TimeCreated": "2025-08-12 13:28:43.362251+00:00", "RecordID": "13108", "Level": "4", "UserID": "S-1-5-18", "EventData.PackageName": "Microsoft.DesktopAppInstaller_1.26.430.0_x64__8wekyb3d8bbwe", "EventData.ContainerName": "Microsoft.DesktopAppInstaller_1.26.430.0_x64__8wekyb3d8bbwe-S-1-5-21-963789628-1060504924-4285088085-1001", "EventData.ContainerId": "4ae802df-7776-11f0-a765-005056b235ad"}
{"EventID": "211", "Channel": "Microsoft-Windows-AppModel-Runtime/Admin", "Provider_Name": "Microsoft-Windows-AppModel-Runtime", "Computer": "DESKTOP-OFJ6N53", "TimeCreated": "2025-08-12 13:28:43.362297+00:00", "RecordID": "13109", "Level": "4", "UserID": "S-1-5-18", "EventData.ProcessID": "4000", "EventData.PackageName": "Microsoft.DesktopAppInstaller_1.26.430.0_x64__8wekyb3d8bbwe", "EventData.ContainerId": "4ae802df-7776-11f0-a765-005056b235ad"}
{"EventID": "201", "Channel": "Microsoft-Windows-AppModel-Runtime/Admin", "Provider_Name": "Microsoft-Windows-AppModel-Runtime", "Computer": "DESKTOP-OFJ6N53", "TimeCreated": "2025-08-12 13:28:43.363539+00:00", "RecordID": "13110", "Level": "4", "UserID": "S-1-5-18", "EventData.ProcessID": "4000", "EventData.PackageName": "Microsoft.DesktopAppInstaller_1.26.430.0_x64__8wekyb3d8bbwe", "EventData.ImageName": "AppInstallerPythonRedirector.exe", "EventData.ApplicationName": "Microsoft.DesktopAppInstaller_8wekyb3d8bbwe!PythonRedirector", "EventData.Message": "[FinishPackageActivation]"}
{"EventID": "217", "Channel": "Microsoft-Windows-AppModel-Runtime/Admin", "Provider_Name": "Microsoft-Windows-AppModel-Runtime", "Computer": "DESKTOP-OFJ6N53", "TimeCreated": "2025-08-12 13:28:43.479378+00:00", "RecordID": "13111", "Level": "4", "UserID": "S-1-5-18", "EventData.PackageName": "Microsoft.DesktopAppInstaller_1.26.430.0_x64__8wekyb3d8bbwe", "EventData.ContainerId": "4ae802df-7776-11f0-a765-005056b235ad"}
{"EventID": "210", "Channel": "Microsoft-Windows-AppModel-Runtime/Admin", "Provider_Name": "Microsoft-Windows-AppModel-Runtime", "Computer": "DESKTOP-OFJ6N53", "TimeCreated": "2025-08-12 13:29:20.530931+00:00", "RecordID": "13112", "Level": "4", "UserID": "S-1-5-18", "EventData.PackageName": "Microsoft.DesktopAppInstaller_1.26.430.0_x64__8wekyb3d8bbwe", "EventData.ContainerName": "Microsoft.DesktopAppInstaller_1.26.430.0_x64__8wekyb3d8bbwe-S-1-5-21-963789628-1060504924-4285088085-1001", "EventData.ContainerId": "4ae802e3-7776-11f0-a765-005056b235ad"}
{"EventID": "211", "Channel": "Microsoft-Windows-AppModel-Runtime/Admin", "Provider_Name": "Microsoft-Windows-AppModel-Runtime", "Computer": "DESKTOP-OFJ6N53", "TimeCreated": "2025-08-12 13:29:20.530977+00:00", "RecordID": "13113", "Level": "4", "UserID": "S-1-5-18", "EventData.ProcessID": "852", "EventData.PackageName": "Microsoft.DesktopAppInstaller_1.26.430.0_x64__8wekyb3d8bbwe", "EventData.ContainerId": "4ae802e3-7776-11f0-a765-005056b235ad"}
{"EventID": "201", "Channel": "Microsoft-Windows-AppModel-Runtime/Admin", "Provider_Name": "Microsoft-Windows-AppModel-Runtime", "Computer": "DESKTOP-OFJ6N53", "TimeCreated": "2025-08-12 13:29:20.532341+00:00", "RecordID": "13114", "Level": "4", "UserID": "S-1-5-18", "EventData.ProcessID": "852", "EventData.PackageName": "Microsoft.DesktopAppInstaller_1.26.430.0_x64__8wekyb3d8bbwe", "EventData.ImageName": "AppInstallerPythonRedirector.exe", "EventData.ApplicationName": "Microsoft.DesktopAppInstaller_8wekyb3d8bbwe!PythonRedirector", "EventData.Message": "[FinishPackageActivation]"}
{"EventID": "217", "Channel": "Microsoft-Windows-AppModel-Runtime/Admin", "Provider_Name": "Microsoft-Windows-AppModel-Runtime", "Computer": "DESKTOP-OFJ6N53", "TimeCreated": "2025-08-12 13:29:20.624128+00:00", "RecordID": "13115", "Level": "4", "UserID": "S-1-5-18", "EventData.PackageName": "Microsoft.DesktopAppInstaller_1.26.430.0_x64__8wekyb3d8bbwe", "EventData.ContainerId": "4ae802e3-7776-11f0-a765-005056b235ad"}
{"EventID": "217", "Channel": "Microsoft-Windows-AppModel-Runtime/Admin", "Provider_Name": "Microsoft-Windows-AppModel-Runtime", "Computer": "DESKTOP-OFJ6N53", "TimeCreated": "2025-08-12 18:58:58.475512+00:00", "RecordID": "13116", "Level": "4", "UserID": "S-1-5-18", "EventData.PackageName": "Microsoft.YourPhone_1.25071.54.0_x64__8wekyb3d8bbwe", "EventData.ContainerId": "4ae801a7-7776-11f0-a765-005056b235ad"}
{"EventID": "201", "Channel": "Microsoft-Windows-AppModel-Runtime/Admin", "Provider_Name": "Microsoft-Windows-AppModel-Runtime", "Computer": "DESKTOP-OFJ6N53", "TimeCreated": "2025-08-12 22:20:22.038679+00:00", "RecordID": "13117", "Level": "4", "UserID": "S-1-5-18", "EventData.ProcessID": "11748", "EventData.PackageName": "Microsoft.MicrosoftEdge.Stable_138.0.3351.109_neutral__8wekyb3d8bbwe", "EventData.ImageName": "identity_helper.exe", "EventData.ApplicationName": "Microsoft.MicrosoftEdge.Stable_8wekyb3d8bbwe!App", "EventData.Message": "[FinishPackageActivation]"}
{"EventID": "210", "Channel": "Microsoft-Windows-AppModel-Runtime/Admin", "Provider_Name": "Microsoft-Windows-AppModel-Runtime", "Computer": "DESKTOP-OFJ6N53", "TimeCreated": "2025-08-13 05:02:39.157042+00:00", "RecordID": "13118", "Level": "4", "UserID": "S-1-5-18", "EventData.PackageName": "Microsoft.YourPhone_1.25071.54.0_x64__8wekyb3d8bbwe", "EventData.ContainerName": "Microsoft.YourPhone_1.25071.54.0_x64__8wekyb3d8bbwe-S-1-5-21-963789628-1060504924-4285088085-1001", "EventData.ContainerId": "4ae808ab-7776-11f0-a765-005056b235ad"}
{"EventID": "211", "Channel": "Microsoft-Windows-AppModel-Runtime/Admin", "Provider_Name": "Microsoft-Windows-AppModel-Runtime", "Computer": "DESKTOP-OFJ6N53", "TimeCreated": "2025-08-13 05:02:39.157091+00:00", "RecordID": "13119", "Level": "4", "UserID": "S-1-5-18", "EventData.ProcessID": "12088", "EventData.PackageName": "Microsoft.YourPhone_1.25071.54.0_x64__8wekyb3d8bbwe", "EventData.ContainerId": "4ae808ab-7776-11f0-a765-005056b235ad"}
{"EventID": "210", "Channel": "Microsoft-Windows-AppModel-Runtime/Admin", "Provider_Name": "Microsoft-Windows-AppModel-Runtime", "Computer": "DESKTOP-OFJ6N53", "TimeCreated": "2025-08-13 09:22:07.045103+00:00", "RecordID": "13120", "Level": "4", "UserID": "S-1-5-18", "EventData.PackageName": "Microsoft.DesktopAppInstaller_1.26.430.0_x64__8wekyb3d8bbwe", "EventData.ContainerName": "Microsoft.DesktopAppInstaller_1.26.430.0_x64__8wekyb3d8bbwe-S-1-5-21-963789628-1060504924-4285088085-1001", "EventData.ContainerId": "4ae809eb-7776-11f0-a765-005056b235ad"}
{"EventID": "211", "Channel": "Microsoft-Windows-AppModel-Runtime/Admin", "Provider_Name": "Microsoft-Windows-AppModel-Runtime", "Computer": "DESKTOP-OFJ6N53", "TimeCreated": "2025-08-13 09:22:07.045145+00:00", "RecordID": "13121", "Level": "4", "UserID": "S-1-5-18", "EventData.ProcessID": "12372", "EventData.PackageName": "Microsoft.DesktopAppInstaller_1.26.430.0_x64__8wekyb3d8bbwe", "EventData.ContainerId": "4ae809eb-7776-11f0-a765-005056b235ad"}
{"EventID": "217", "Channel": "Microsoft-Windows-AppModel-Runtime/Admin", "Provider_Name": "Microsoft-Windows-AppModel-Runtime", "Computer": "DESKTOP-OFJ6N53", "TimeCreated": "2025-08-13 09:23:18.851526+00:00", "RecordID": "13122", "Level": "4", "UserID": "S-1-5-18", "EventData.PackageName": "Microsoft.DesktopAppInstaller_1.26.430.0_x64__8wekyb3d8bbwe", "EventData.ContainerId": "4ae809eb-7776-11f0-a765-005056b235ad"}
{"EventID": "217", "Channel": "Microsoft-Windows-AppModel-Runtime/Admin", "Provider_Name": "Microsoft-Windows-AppModel-Runtime", "Computer": "DESKTOP-OFJ6N53", "TimeCreated": "2025-08-13 12:23:22.738323+00:00", "RecordID": "13123", "Level": "4", "UserID": "S-1-5-18", "EventData.PackageName": "Microsoft.YourPhone_1.25071.54.0_x64__8wekyb3d8bbwe", "EventData.ContainerId": "4ae808ab-7776-11f0-a765-005056b235ad"}
{"EventID": "40", "Channel": "Microsoft-Windows-AppModel-Runtime/Admin", "Provider_Name": "Microsoft-Windows-AppModel-Runtime", "Computer": "DESKTOP-OFJ6N53", "TimeCreated": "2025-08-13 14:39:54.816923+00:00", "RecordID": "13124", "Level": "4", "UserID": "S-1-5-18", "EventData.AppContainerName": "onecore\\ds\\security\\gina\\profile\\profext\\appcontainer.cpp Line:1813 Usermode Font Driver Host microsoft.windows.fontdrvhost"}
{"EventID": "40", "Channel": "Microsoft-Windows-AppModel-Runtime/Admin", "Provider_Name": "Microsoft-Windows-AppModel-Runtime", "Computer": "DESKTOP-OFJ6N53", "TimeCreated": "2025-08-13 14:39:54.817072+00:00", "RecordID": "13125", "Level": "4", "UserID": "S-1-5-18", "EventData.AppContainerName": "onecore\\ds\\security\\gina\\profile\\profext\\appcontainer.cpp Line:1813 Usermode Font Driver Host microsoft.windows.fontdrvhost"}
{"EventID": "201", "Channel": "Microsoft-Windows-AppModel-Runtime/Admin", "Provider_Name": "Microsoft-Windows-AppModel-Runtime", "Computer": "DESKTOP-OFJ6N53", "TimeCreated": "2025-08-13 14:44:49.524776+00:00", "RecordID": "13126", "Level": "4", "UserID": "S-1-5-18", "EventData.ProcessID": "8576", "EventData.PackageName": "Microsoft.MicrosoftEdge.Stable_138.0.3351.109_neutral__8wekyb3d8bbwe", "EventData.ImageName": "identity_helper.exe", "EventData.ApplicationName": "Microsoft.MicrosoftEdge.Stable_8wekyb3d8bbwe!App", "EventData.Message": "[FinishPackageActivation]"}
{"EventID": "210", "Channel": "Microsoft-Windows-AppModel-Runtime/Admin", "Provider_Name": "Microsoft-Windows-AppModel-Runtime", "Computer": "DESKTOP-OFJ6N53", "TimeCreated": "2025-08-13 14:45:13.897612+00:00", "RecordID": "13127", "Level": "4", "UserID": "S-1-5-18", "EventData.PackageName": "Microsoft.YourPhone_1.25071.54.0_x64__8wekyb3d8bbwe", "EventData.ContainerName": "Microsoft.YourPhone_1.25071.54.0_x64__8wekyb3d8bbwe-S-1-5-21-963789628-1060504924-4285088085-1001", "EventData.ContainerId": "58262cbb-7853-11f0-a766-005056b235ad"}
{"EventID": "211", "Channel": "Microsoft-Windows-AppModel-Runtime/Admin", "Provider_Name": "Microsoft-Windows-AppModel-Runtime", "Computer": "DESKTOP-OFJ6N53", "TimeCreated": "2025-08-13 14:45:13.897654+00:00", "RecordID": "13128", "Level": "4", "UserID": "S-1-5-18", "EventData.ProcessID": "10716", "EventData.PackageName": "Microsoft.YourPhone_1.25071.54.0_x64__8wekyb3d8bbwe", "EventData.ContainerId": "58262cbb-7853-11f0-a766-005056b235ad"}
{"EventID": "40", "Channel": "Microsoft-Windows-AppModel-Runtime/Admin", "Provider_Name": "Microsoft-Windows-AppModel-Runtime", "Computer": "DESKTOP-OFJ6N53", "TimeCreated": "2025-08-13 15:30:16.490747+00:00", "RecordID": "13129", "Level": "4", "UserID": "S-1-5-18", "EventData.AppContainerName": "onecore\\ds\\security\\gina\\profile\\profext\\appcontainer.cpp Line:1813 Usermode Font Driver Host microsoft.windows.fontdrvhost"}
{"EventID": "201", "Channel": "Microsoft-Windows-AppModel-Runtime/Admin", "Provider_Name": "Microsoft-Windows-AppModel-Runtime", "Computer": "DESKTOP-OFJ6N53", "TimeCreated": "2025-08-13 16:44:19.259155+00:00", "RecordID": "13130", "Level": "4", "UserID": "S-1-5-18", "EventData.ProcessID": "1588", "EventData.PackageName": "Microsoft.MicrosoftEdge.Stable_138.0.3351.109_neutral__8wekyb3d8bbwe", "EventData.ImageName": "identity_helper.exe", "EventData.ApplicationName": "Microsoft.MicrosoftEdge.Stable_8wekyb3d8bbwe!App", "EventData.Message": "[FinishPackageActivation]"}
{"EventID": "217", "Channel": "Microsoft-Windows-AppModel-Runtime/Admin", "Provider_Name": "Microsoft-Windows-AppModel-Runtime", "Computer": "DESKTOP-OFJ6N53", "TimeCreated": "2025-08-13 21:40:16.226727+00:00", "RecordID": "13131", "Level": "4", "UserID": "S-1-5-18", "EventData.PackageName": "Microsoft.YourPhone_1.25071.54.0_x64__8wekyb3d8bbwe", "EventData.ContainerId": "58262cbb-7853-11f0-a766-005056b235ad"}
{"EventID": "201", "Channel": "Microsoft-Windows-AppModel-Runtime/Admin", "Provider_Name": "Microsoft-Windows-AppModel-Runtime", "Computer": "DESKTOP-OFJ6N53", "TimeCreated": "2025-08-13 22:44:20.972319+00:00", "RecordID": "13132", "Level": "4", "UserID": "S-1-5-18", "EventData.ProcessID": "10256", "EventData.PackageName": "Microsoft.MicrosoftEdge.Stable_138.0.3351.109_neutral__8wekyb3d8bbwe", "EventData.ImageName": "identity_helper.exe", "EventData.ApplicationName": "Microsoft.MicrosoftEdge.Stable_8wekyb3d8bbwe!App", "EventData.Message": "[FinishPackageActivation]"}
{"EventID": "210", "Channel": "Microsoft-Windows-AppModel-Runtime/Admin", "Provider_Name": "Microsoft-Windows-AppModel-Runtime", "Computer": "DESKTOP-OFJ6N53", "TimeCreated": "2025-08-14 05:02:45.971684+00:00", "RecordID": "13133", "Level": "4", "UserID": "S-1-5-18", "EventData.PackageName": "Microsoft.YourPhone_1.25071.54.0_x64__8wekyb3d8bbwe", "EventData.ContainerName": "Microsoft.YourPhone_1.25071.54.0_x64__8wekyb3d8bbwe-S-1-5-21-963789628-1060504924-4285088085-1001", "EventData.ContainerId": "58263b5c-7853-11f0-a766-005056b235ad"}
{"EventID": "211", "Channel": "Microsoft-Windows-AppModel-Runtime/Admin", "Provider_Name": "Microsoft-Windows-AppModel-Runtime", "Computer": "DESKTOP-OFJ6N53", "TimeCreated": "2025-08-14 05:02:45.971733+00:00", "RecordID": "13134", "Level": "4", "UserID": "S-1-5-18", "EventData.ProcessID": "3952", "EventData.PackageName": "Microsoft.YourPhone_1.25071.54.0_x64__8wekyb3d8bbwe", "EventData.ContainerId": "58263b5c-7853-11f0-a766-005056b235ad"}
{"EventID": "210", "Channel": "Microsoft-Windows-AppModel-Runtime/Admin", "Provider_Name": "Microsoft-Windows-AppModel-Runtime", "Computer": "DESKTOP-OFJ6N53", "TimeCreated": "2025-08-14 08:39:14.101240+00:00", "RecordID": "13135", "Level": "4", "UserID": "S-1-5-18", "EventData.PackageName": "Microsoft.DesktopAppInstaller_1.26.430.0_x64__8wekyb3d8bbwe", "EventData.ContainerName": "Microsoft.DesktopAppInstaller_1.26.430.0_x64__8wekyb3d8bbwe-S-1-5-21-963789628-1060504924-4285088085-1001", "EventData.ContainerId": "58263c41-7853-11f0-a766-005056b235ad"}
{"EventID": "211", "Channel": "Microsoft-Windows-AppModel-Runtime/Admin", "Provider_Name": "Microsoft-Windows-AppModel-Runtime", "Computer": "DESKTOP-OFJ6N53", "TimeCreated": "2025-08-14 08:39:14.101280+00:00", "RecordID": "13136", "Level": "4", "UserID": "S-1-5-18", "EventData.ProcessID": "8596", "EventData.PackageName": "Microsoft.DesktopAppInstaller_1.26.430.0_x64__8wekyb3d8bbwe", "EventData.ContainerId": "58263c41-7853-11f0-a766-005056b235ad"}
{"EventID": "217", "Channel": "Microsoft-Windows-AppModel-Runtime/Admin", "Provider_Name": "Microsoft-Windows-AppModel-Runtime", "Computer": "DESKTOP-OFJ6N53", "TimeCreated": "2025-08-14 08:40:28.869471+00:00", "RecordID": "13137", "Level": "4", "UserID": "S-1-5-18", "EventData.PackageName": "Microsoft.DesktopAppInstaller_1.26.430.0_x64__8wekyb3d8bbwe", "EventData.ContainerId": "58263c41-7853-11f0-a766-005056b235ad"}
{"EventID": "70", "Channel": "Microsoft-Windows-AppModel-Runtime/Admin", "Provider_Name": "Microsoft-Windows-AppModel-Runtime", "Computer": "DESKTOP-OFJ6N53", "TimeCreated": "2025-08-14 09:25:24.058254+00:00", "RecordID": "13138", "Level": "4", "UserID": "S-1-5-18", "EventData.PackageFullName": "Microsoft.WindowsStore_22506.1401.9.0_x64__8wekyb3d8bbwe", "EventData.User": "S-1-5-21-963789628-1060504924-4285088085-1001", "EventData.DesiredStatus": "32", "EventData.CurrentStatus": "0"}
{"EventID": "69", "Channel": "Microsoft-Windows-AppModel-Runtime/Admin", "Provider_Name": "Microsoft-Windows-AppModel-Runtime", "Computer": "DESKTOP-OFJ6N53", "TimeCreated": "2025-08-14 09:25:24.058561+00:00", "RecordID": "13139", "Level": "4", "UserID": "S-1-5-18", "EventData.ErrorCode": "1168", "EventData.PackageFullName": "Microsoft.WindowsStore_22506.1401.10.0_x64__8wekyb3d8bbwe", "EventData.User": "S-1-5-21-963789628-1060504924-4285088085-1001", "EventData.DesiredStatus": "32", "EventData.CurrentStatus": "0"}
{"EventID": "42", "Channel": "Microsoft-Windows-AppModel-Runtime/Admin", "Provider_Name": "Microsoft-Windows-AppModel-Runtime", "Computer": "DESKTOP-OFJ6N53", "TimeCreated": "2025-08-14 09:25:26.334221+00:00", "RecordID": "13140", "Level": "4", "UserID": "S-1-5-21-963789628-1060504924-4285088085-1001", "EventData.AppContainerName": "Microsoft.WindowsStore_8wekyb3d8bbwe"}
{"EventID": "70", "Channel": "Microsoft-Windows-AppModel-Runtime/Admin", "Provider_Name": "Microsoft-Windows-AppModel-Runtime", "Computer": "DESKTOP-OFJ6N53", "TimeCreated": "2025-08-14 09:25:29.690718+00:00", "RecordID": "13141", "Level": "4", "UserID": "S-1-5-18", "EventData.PackageFullName": "Microsoft.WindowsStore_22506.1401.10.0_x64__8wekyb3d8bbwe", "EventData.User": "S-1-5-21-963789628-1060504924-4285088085-1001", "EventData.DesiredStatus": "0", "EventData.CurrentStatus": "32"}
{"EventID": "210", "Channel": "Microsoft-Windows-AppModel-Runtime/Admin", "Provider_Name": "Microsoft-Windows-AppModel-Runtime", "Computer": "DESKTOP-OFJ6N53", "TimeCreated": "2025-08-14 12:47:47.786133+00:00", "RecordID": "13142", "Level": "4", "UserID": "S-1-5-18", "EventData.PackageName": "Microsoft.DesktopAppInstaller_1.26.430.0_x64__8wekyb3d8bbwe", "EventData.ContainerName": "Microsoft.DesktopAppInstaller_1.26.430.0_x64__8wekyb3d8bbwe-S-1-5-21-963789628-1060504924-4285088085-1001", "EventData.ContainerId": "582641f1-7853-11f0-a766-005056b235ad"}
{"EventID": "211", "Channel": "Microsoft-Windows-AppModel-Runtime/Admin", "Provider_Name": "Microsoft-Windows-AppModel-Runtime", "Computer": "DESKTOP-OFJ6N53", "TimeCreated": "2025-08-14 12:47:47.786179+00:00", "RecordID": "13143", "Level": "4", "UserID": "S-1-5-18", "EventData.ProcessID": "7980", "EventData.PackageName": "Microsoft.DesktopAppInstaller_1.26.430.0_x64__8wekyb3d8bbwe", "EventData.ContainerId": "582641f1-7853-11f0-a766-005056b235ad"}
{"EventID": "201", "Channel": "Microsoft-Windows-AppModel-Runtime/Admin", "Provider_Name": "Microsoft-Windows-AppModel-Runtime", "Computer": "DESKTOP-OFJ6N53", "TimeCreated": "2025-08-14 12:47:47.787794+00:00", "RecordID": "13144", "Level": "4", "UserID": "S-1-5-18", "EventData.ProcessID": "7980", "EventData.PackageName": "Microsoft.DesktopAppInstaller_1.26.430.0_x64__8wekyb3d8bbwe", "EventData.ImageName": "AppInstallerPythonRedirector.exe", "EventData.ApplicationName": "Microsoft.DesktopAppInstaller_8wekyb3d8bbwe!PythonRedirector", "EventData.Message": "[FinishPackageActivation]"}
{"EventID": "217", "Channel": "Microsoft-Windows-AppModel-Runtime/Admin", "Provider_Name": "Microsoft-Windows-AppModel-Runtime", "Computer": "DESKTOP-OFJ6N53", "TimeCreated": "2025-08-14 12:47:47.933880+00:00", "RecordID": "13145", "Level": "4", "UserID": "S-1-5-18", "EventData.PackageName": "Microsoft.DesktopAppInstaller_1.26.430.0_x64__8wekyb3d8bbwe", "EventData.ContainerId": "582641f1-7853-11f0-a766-005056b235ad"}
{"EventID": "210", "Channel": "Microsoft-Windows-AppModel-Runtime/Admin", "Provider_Name": "Microsoft-Windows-AppModel-Runtime", "Computer": "DESKTOP-OFJ6N53", "TimeCreated": "2025-08-14 12:47:58.140631+00:00", "RecordID": "13146", "Level": "4", "UserID": "S-1-5-18", "EventData.PackageName": "Microsoft.DesktopAppInstaller_1.26.430.0_x64__8wekyb3d8bbwe", "EventData.ContainerName": "Microsoft.DesktopAppInstaller_1.26.430.0_x64__8wekyb3d8bbwe-S-1-5-21-963789628-1060504924-4285088085-1001", "EventData.ContainerId": "582641f5-7853-11f0-a766-005056b235ad"}
