{"EventID": "800", "Channel": "Microsoft-Windows-TaskScheduler/Maintenance", "Provider_Name": "Microsoft-Windows-TaskScheduler", "Computer": "DESKTOP-OFJ6N53", "TimeCreated": "2025-04-26 16:40:29.935341+00:00", "RecordID": "12513", "Level": "4", "UserID": "S-1-5-18", "EventData.hc_stateid": "3", "EventData.LastRunDateTime": "‎26.‎04.‎2025 19:40"}
{"EventID": "800", "Channel": "Microsoft-Windows-TaskScheduler/Maintenance", "Provider_Name": "Microsoft-Windows-TaskScheduler", "Computer": "DESKTOP-OFJ6N53", "TimeCreated": "2025-04-26 16:40:30.103857+00:00", "RecordID": "12514", "Level": "4", "UserID": "S-1-5-18", "EventData.hc_stateid": "1", "EventData.LastRunDateTime": "‎26.‎04.‎2025 19:40"}
{"EventID": "800", "Channel": "Microsoft-Windows-TaskScheduler/Maintenance", "Provider_Name": "Microsoft-Windows-TaskScheduler", "Computer": "DESKTOP-OFJ6N53", "TimeCreated": "2025-04-26 18:40:30.000494+00:00", "RecordID": "12515", "Level": "4", "UserID": "S-1-5-18", "EventData.hc_stateid": "3", "EventData.LastRunDateTime": "‎26.‎04.‎2025 21:40"}
{"EventID": "800", "Channel": "Microsoft-Windows-TaskScheduler/Maintenance", "Provider_Name": "Microsoft-Windows-TaskScheduler", "Computer": "DESKTOP-OFJ6N53", "TimeCreated": "2025-04-26 18:40:30.496059+00:00", "RecordID": "12516", "Level": "4", "UserID": "S-1-5-18", "EventData.hc_stateid": "1", "EventData.LastRunDateTime": "‎26.‎04.‎2025 21:40"}
{"EventID": "800", "Channel": "Microsoft-Windows-TaskScheduler/Maintenance", "Provider_Name": "Microsoft-Windows-TaskScheduler", "Computer": "DESKTOP-OFJ6N53", "TimeCreated": "2025-04-26 20:40:30.108730+00:00", "RecordID": "12517", "Level": "4", "UserID": "S-1-5-18", "EventData.hc_stateid": "3", "EventData.LastRunDateTime": "‎26.‎04.‎2025 23:40"}
{"EventID": "800", "Channel": "Microsoft-Windows-TaskScheduler/Maintenance", "Provider_Name": "Microsoft-Windows-TaskScheduler", "Computer": "DESKTOP-OFJ6N53", "TimeCreated": "2025-04-26 20:40:30.139696+00:00", "RecordID": "12518", "Level": "4", "UserID": "S-1-5-18", "EventData.hc_stateid": "1", "EventData.LastRunDateTime": "‎26.‎04.‎2025 23:40"}
{"EventID": "800", "Channel": "Microsoft-Windows-TaskScheduler/Maintenance", "Provider_Name": "Microsoft-Windows-TaskScheduler", "Computer": "DESKTOP-OFJ6N53", "TimeCreated": "2025-04-27 04:40:28.921679+00:00", "RecordID": "12519", "Level": "4", "UserID": "S-1-5-18", "EventData.hc_stateid": "3", "EventData.LastRunDateTime": "‎27.‎04.‎2025 7:40"}
{"EventID": "800", "Channel": "Microsoft-Windows-TaskScheduler/Maintenance", "Provider_Name": "Microsoft-Windows-TaskScheduler", "Computer": "DESKTOP-OFJ6N53", "TimeCreated": "2025-04-27 04:42:29.043770+00:00", "RecordID": "12520", "Level": "4", "UserID": "S-1-5-18", "EventData.hc_stateid": "1", "EventData.LastRunDateTime": "‎27.‎04.‎2025 7:42"}
{"EventID": "800", "Channel": "Microsoft-Windows-TaskScheduler/Maintenance", "Provider_Name": "Microsoft-Windows-TaskScheduler", "Computer": "DESKTOP-OFJ6N53", "TimeCreated": "2025-04-27 08:40:30.531605+00:00", "RecordID": "12521", "Level": "4", "UserID": "S-1-5-18", "EventData.hc_stateid": "3", "EventData.LastRunDateTime": "‎27.‎04.‎2025 11:40"}
{"EventID": "800", "Channel": "Microsoft-Windows-TaskScheduler/Maintenance", "Provider_Name": "Microsoft-Windows-TaskScheduler", "Computer": "DESKTOP-OFJ6N53", "TimeCreated": "2025-04-27 08:40:54.554056+00:00", "RecordID": "12522", "Level": "4", "UserID": "S-1-5-18", "EventData.hc_stateid": "1", "EventData.LastRunDateTime": "‎27.‎04.‎2025 11:40"}
{"EventID": "800", "Channel": "Microsoft-Windows-TaskScheduler/Maintenance", "Provider_Name": "Microsoft-Windows-TaskScheduler", "Computer": "DESKTOP-OFJ6N53", "TimeCreated": "2025-04-27 08:40:55.575085+00:00", "RecordID": "12523", "Level": "4", "UserID": "S-1-5-18", "EventData.hc_stateid": "3", "EventData.LastRunDateTime": "‎27.‎04.‎2025 11:40"}
{"EventID": "800", "Channel": "Microsoft-Windows-TaskScheduler/Maintenance", "Provider_Name": "Microsoft-Windows-TaskScheduler", "Computer": "DESKTOP-OFJ6N53", "TimeCreated": "2025-04-27 08:40:56.514027+00:00", "RecordID": "12524", "Level": "4", "UserID": "S-1-5-18", "EventData.hc_stateid": "1", "EventData.LastRunDateTime": "‎27.‎04.‎2025 11:40"}
{"EventID": "800", "Channel": "Microsoft-Windows-TaskScheduler/Maintenance", "Provider_Name": "Microsoft-Windows-TaskScheduler", "Computer": "DESKTOP-OFJ6N53", "TimeCreated": "2025-04-27 08:40:57.534012+00:00", "RecordID": "12525", "Level": "4", "UserID": "S-1-5-18", "EventData.hc_stateid": "3", "EventData.LastRunDateTime": "‎27.‎04.‎2025 11:40"}
{"EventID": "800", "Channel": "Microsoft-Windows-TaskScheduler/Maintenance", "Provider_Name": "Microsoft-Windows-TaskScheduler", "Computer": "DESKTOP-OFJ6N53", "TimeCreated": "2025-04-27 08:40:57.915007+00:00", "RecordID": "12526", "Level": "4", "UserID": "S-1-5-18", "EventData.hc_stateid": "1", "EventData.LastRunDateTime": "‎27.‎04.‎2025 11:40"}
{"EventID": "800", "Channel": "Microsoft-Windows-TaskScheduler/Maintenance", "Provider_Name": "Microsoft-Windows-TaskScheduler", "Computer": "DESKTOP-OFJ6N53", "TimeCreated": "2025-04-27 08:40:58.950666+00:00", "RecordID": "12527", "Level": "4", "UserID": "S-1-5-18", "EventData.hc_stateid": "3", "EventData.LastRunDateTime": "‎27.‎04.‎2025 11:40"}
{"EventID": "800", "Channel": "Microsoft-Windows-TaskScheduler/Maintenance", "Provider_Name": "Microsoft-Windows-TaskScheduler", "Computer": "DESKTOP-OFJ6N53", "TimeCreated": "2025-04-27 08:40:59.016953+00:00", "RecordID": "12528", "Level": "4", "UserID": "S-1-5-18", "EventData.hc_stateid": "1", "EventData.LastRunDateTime": "‎27.‎04.‎2025 11:40"}
{"EventID": "800", "Channel": "Microsoft-Windows-TaskScheduler/Maintenance", "Provider_Name": "Microsoft-Windows-TaskScheduler", "Computer": "DESKTOP-OFJ6N53", "TimeCreated": "2025-04-27 08:41:00.026546+00:00", "RecordID": "12529", "Level": "4", "UserID": "S-1-5-18", "EventData.hc_stateid": "3", "EventData.LastRunDateTime": "‎27.‎04.‎2025 11:41"}
{"EventID": "800", "Channel": "Microsoft-Windows-TaskScheduler/Maintenance", "Provider_Name": "Microsoft-Windows-TaskScheduler", "Computer": "DESKTOP-OFJ6N53", "TimeCreated": "2025-04-27 08:42:05.449297+00:00", "RecordID": "12530", "Level": "4", "UserID": "S-1-5-18", "EventData.hc_stateid": "1", "EventData.LastRunDateTime": "‎27.‎04.‎2025 11:42"}
{"EventID": "800", "Channel": "Microsoft-Windows-TaskScheduler/Maintenance", "Provider_Name": "Microsoft-Windows-TaskScheduler", "Computer": "DESKTOP-OFJ6N53", "TimeCreated": "2025-04-27 14:40:31.179602+00:00", "RecordID": "12531", "Level": "4", "UserID": "S-1-5-18", "EventData.hc_stateid": "3", "EventData.LastRunDateTime": "‎27.‎04.‎2025 17:40"}
{"EventID": "800", "Channel": "Microsoft-Windows-TaskScheduler/Maintenance", "Provider_Name": "Microsoft-Windows-TaskScheduler", "Computer": "DESKTOP-OFJ6N53", "TimeCreated": "2025-04-27 14:40:31.250359+00:00", "RecordID": "12532", "Level": "4", "UserID": "S-1-5-18", "EventData.hc_stateid": "1", "EventData.LastRunDateTime": "‎27.‎04.‎2025 17:40"}
{"EventID": "800", "Channel": "Microsoft-Windows-TaskScheduler/Maintenance", "Provider_Name": "Microsoft-Windows-TaskScheduler", "Computer": "DESKTOP-OFJ6N53", "TimeCreated": "2025-04-27 16:40:31.202873+00:00", "RecordID": "12533", "Level": "4", "UserID": "S-1-5-18", "EventData.hc_stateid": "3", "EventData.LastRunDateTime": "‎27.‎04.‎2025 19:40"}
{"EventID": "800", "Channel": "Microsoft-Windows-TaskScheduler/Maintenance", "Provider_Name": "Microsoft-Windows-TaskScheduler", "Computer": "DESKTOP-OFJ6N53", "TimeCreated": "2025-04-27 16:40:31.391014+00:00", "RecordID": "12534", "Level": "4", "UserID": "S-1-5-18", "EventData.hc_stateid": "1", "EventData.LastRunDateTime": "‎27.‎04.‎2025 19:40"}
{"EventID": "800", "Channel": "Microsoft-Windows-TaskScheduler/Maintenance", "Provider_Name": "Microsoft-Windows-TaskScheduler", "Computer": "DESKTOP-OFJ6N53", "TimeCreated": "2025-04-27 18:40:31.186100+00:00", "RecordID": "12535", "Level": "4", "UserID": "S-1-5-18", "EventData.hc_stateid": "3", "EventData.LastRunDateTime": "‎27.‎04.‎2025 21:40"}
{"EventID": "800", "Channel": "Microsoft-Windows-TaskScheduler/Maintenance", "Provider_Name": "Microsoft-Windows-TaskScheduler", "Computer": "DESKTOP-OFJ6N53", "TimeCreated": "2025-04-27 18:40:31.206554+00:00", "RecordID": "12536", "Level": "4", "UserID": "S-1-5-18", "EventData.hc_stateid": "1", "EventData.LastRunDateTime": "‎27.‎04.‎2025 21:40"}
{"EventID": "800", "Channel": "Microsoft-Windows-TaskScheduler/Maintenance", "Provider_Name": "Microsoft-Windows-TaskScheduler", "Computer": "DESKTOP-OFJ6N53", "TimeCreated": "2025-04-28 04:40:30.953810+00:00", "RecordID": "12537", "Level": "4", "UserID": "S-1-5-18", "EventData.hc_stateid": "3", "EventData.LastRunDateTime": "‎28.‎04.‎2025 7:40"}
{"EventID": "800", "Channel": "Microsoft-Windows-TaskScheduler/Maintenance", "Provider_Name": "Microsoft-Windows-TaskScheduler", "Computer": "DESKTOP-OFJ6N53", "TimeCreated": "2025-04-28 04:42:31.075581+00:00", "RecordID": "12538", "Level": "4", "UserID": "S-1-5-18", "EventData.hc_stateid": "1", "EventData.LastRunDateTime": "‎28.‎04.‎2025 7:42"}
{"EventID": "800", "Channel": "Microsoft-Windows-TaskScheduler/Maintenance", "Provider_Name": "Microsoft-Windows-TaskScheduler", "Computer": "DESKTOP-OFJ6N53", "TimeCreated": "2025-04-28 08:40:30.971180+00:00", "RecordID": "12539", "Level": "4", "UserID": "S-1-5-18", "EventData.hc_stateid": "3", "EventData.LastRunDateTime": "‎28.‎04.‎2025 11:40"}
{"EventID": "800", "Channel": "Microsoft-Windows-TaskScheduler/Maintenance", "Provider_Name": "Microsoft-Windows-TaskScheduler", "Computer": "DESKTOP-OFJ6N53", "TimeCreated": "2025-04-28 08:41:19.672949+00:00", "RecordID": "12540", "Level": "4", "UserID": "S-1-5-18", "EventData.hc_stateid": "1", "EventData.LastRunDateTime": "‎28.‎04.‎2025 11:41"}
{"EventID": "800", "Channel": "Microsoft-Windows-TaskScheduler/Maintenance", "Provider_Name": "Microsoft-Windows-TaskScheduler", "Computer": "DESKTOP-OFJ6N53", "TimeCreated": "2025-04-28 08:41:20.752886+00:00", "RecordID": "12541", "Level": "4", "UserID": "S-1-5-18", "EventData.hc_stateid": "3", "EventData.LastRunDateTime": "‎28.‎04.‎2025 11:41"}
{"EventID": "800", "Channel": "Microsoft-Windows-TaskScheduler/Maintenance", "Provider_Name": "Microsoft-Windows-TaskScheduler", "Computer": "DESKTOP-OFJ6N53", "TimeCreated": "2025-04-28 08:42:26.033443+00:00", "RecordID": "12542", "Level": "4", "UserID": "S-1-5-18", "EventData.hc_stateid": "1", "EventData.LastRunDateTime": "‎28.‎04.‎2025 11:42"}
{"EventID": "800", "Channel": "Microsoft-Windows-TaskScheduler/Maintenance", "Provider_Name": "Microsoft-Windows-TaskScheduler", "Computer": "DESKTOP-OFJ6N53", "TimeCreated": "2025-04-28 14:40:34.389679+00:00", "RecordID": "12543", "Level": "4", "UserID": "S-1-5-18", "EventData.hc_stateid": "3", "EventData.LastRunDateTime": "‎28.‎04.‎2025 17:40"}
{"EventID": "800", "Channel": "Microsoft-Windows-TaskScheduler/Maintenance", "Provider_Name": "Microsoft-Windows-TaskScheduler", "Computer": "DESKTOP-OFJ6N53", "TimeCreated": "2025-04-28 14:40:34.452507+00:00", "RecordID": "12544", "Level": "4", "UserID": "S-1-5-18", "EventData.hc_stateid": "1", "EventData.LastRunDateTime": "‎28.‎04.‎2025 17:40"}
{"EventID": "800", "Channel": "Microsoft-Windows-TaskScheduler/Maintenance", "Provider_Name": "Microsoft-Windows-TaskScheduler", "Computer": "DESKTOP-OFJ6N53", "TimeCreated": "2025-04-28 16:40:33.933146+00:00", "RecordID": "12545", "Level": "4", "UserID": "S-1-5-18", "EventData.hc_stateid": "3", "EventData.LastRunDateTime": "‎28.‎04.‎2025 19:40"}
{"EventID": "800", "Channel": "Microsoft-Windows-TaskScheduler/Maintenance", "Provider_Name": "Microsoft-Windows-TaskScheduler", "Computer": "DESKTOP-OFJ6N53", "TimeCreated": "2025-04-28 16:40:34.110161+00:00", "RecordID": "12546", "Level": "4", "UserID": "S-1-5-18", "EventData.hc_stateid": "1", "EventData.LastRunDateTime": "‎28.‎04.‎2025 19:40"}
{"EventID": "800", "Channel": "Microsoft-Windows-TaskScheduler/Maintenance", "Provider_Name": "Microsoft-Windows-TaskScheduler", "Computer": "DESKTOP-OFJ6N53", "TimeCreated": "2025-04-28 17:03:25.340567+00:00", "RecordID": "12547", "Level": "4", "UserID": "S-1-5-18", "EventData.hc_stateid": "3", "EventData.LastRunDateTime": "‎28.‎04.‎2025 20:03"}
{"EventID": "800", "Channel": "Microsoft-Windows-TaskScheduler/Maintenance", "Provider_Name": "Microsoft-Windows-TaskScheduler", "Computer": "DESKTOP-OFJ6N53", "TimeCreated": "2025-04-28 17:03:25.351694+00:00", "RecordID": "12548", "Level": "4", "UserID": "S-1-5-18", "EventData.hc_stateid": "1", "EventData.LastRunDateTime": "‎28.‎04.‎2025 20:03"}
{"EventID": "800", "Channel": "Microsoft-Windows-TaskScheduler/Maintenance", "Provider_Name": "Microsoft-Windows-TaskScheduler", "Computer": "DESKTOP-OFJ6N53", "TimeCreated": "2025-04-29 04:40:34.800570+00:00", "RecordID": "12549", "Level": "4", "UserID": "S-1-5-18", "EventData.hc_stateid": "3", "EventData.LastRunDateTime": "‎29.‎04.‎2025 7:40"}
{"EventID": "800", "Channel": "Microsoft-Windows-TaskScheduler/Maintenance", "Provider_Name": "Microsoft-Windows-TaskScheduler", "Computer": "DESKTOP-OFJ6N53", "TimeCreated": "2025-04-29 04:42:34.951893+00:00", "RecordID": "12550", "Level": "4", "UserID": "S-1-5-18", "EventData.hc_stateid": "1", "EventData.LastRunDateTime": "‎29.‎04.‎2025 7:42"}
{"EventID": "800", "Channel": "Microsoft-Windows-TaskScheduler/Maintenance", "Provider_Name": "Microsoft-Windows-TaskScheduler", "Computer": "DESKTOP-OFJ6N53", "TimeCreated": "2025-04-29 08:40:33.926979+00:00", "RecordID": "12551", "Level": "4", "UserID": "S-1-5-18", "EventData.hc_stateid": "3", "EventData.LastRunDateTime": "‎29.‎04.‎2025 11:40"}
{"EventID": "800", "Channel": "Microsoft-Windows-TaskScheduler/Maintenance", "Provider_Name": "Microsoft-Windows-TaskScheduler", "Computer": "DESKTOP-OFJ6N53", "TimeCreated": "2025-04-29 08:40:57.258226+00:00", "RecordID": "12552", "Level": "4", "UserID": "S-1-5-18", "EventData.hc_stateid": "1", "EventData.LastRunDateTime": "‎29.‎04.‎2025 11:40"}
{"EventID": "800", "Channel": "Microsoft-Windows-TaskScheduler/Maintenance", "Provider_Name": "Microsoft-Windows-TaskScheduler", "Computer": "DESKTOP-OFJ6N53", "TimeCreated": "2025-04-29 08:40:58.277699+00:00", "RecordID": "12553", "Level": "4", "UserID": "S-1-5-18", "EventData.hc_stateid": "3", "EventData.LastRunDateTime": "‎29.‎04.‎2025 11:40"}
{"EventID": "800", "Channel": "Microsoft-Windows-TaskScheduler/Maintenance", "Provider_Name": "Microsoft-Windows-TaskScheduler", "Computer": "DESKTOP-OFJ6N53", "TimeCreated": "2025-04-29 08:42:03.798637+00:00", "RecordID": "12554", "Level": "4", "UserID": "S-1-5-18", "EventData.hc_stateid": "1", "EventData.LastRunDateTime": "‎29.‎04.‎2025 11:42"}
{"EventID": "800", "Channel": "Microsoft-Windows-TaskScheduler/Maintenance", "Provider_Name": "Microsoft-Windows-TaskScheduler", "Computer": "DESKTOP-OFJ6N53", "TimeCreated": "2025-04-29 14:40:36.490053+00:00", "RecordID": "12555", "Level": "4", "UserID": "S-1-5-18", "EventData.hc_stateid": "3", "EventData.LastRunDateTime": "‎29.‎04.‎2025 17:40"}
{"EventID": "800", "Channel": "Microsoft-Windows-TaskScheduler/Maintenance", "Provider_Name": "Microsoft-Windows-TaskScheduler", "Computer": "DESKTOP-OFJ6N53", "TimeCreated": "2025-04-29 14:40:36.549706+00:00", "RecordID": "12556", "Level": "4", "UserID": "S-1-5-18", "EventData.hc_stateid": "1", "EventData.LastRunDateTime": "‎29.‎04.‎2025 17:40"}
{"EventID": "800", "Channel": "Microsoft-Windows-TaskScheduler/Maintenance", "Provider_Name": "Microsoft-Windows-TaskScheduler", "Computer": "DESKTOP-OFJ6N53", "TimeCreated": "2025-04-29 16:40:33.941793+00:00", "RecordID": "12557", "Level": "4", "UserID": "S-1-5-18", "EventData.hc_stateid": "3", "EventData.LastRunDateTime": "‎29.‎04.‎2025 19:40"}
{"EventID": "800", "Channel": "Microsoft-Windows-TaskScheduler/Maintenance", "Provider_Name": "Microsoft-Windows-TaskScheduler", "Computer": "DESKTOP-OFJ6N53", "TimeCreated": "2025-04-29 16:40:34.119865+00:00", "RecordID": "12558", "Level": "4", "UserID": "S-1-5-18", "EventData.hc_stateid": "1", "EventData.LastRunDateTime": "‎29.‎04.‎2025 19:40"}
{"EventID": "800", "Channel": "Microsoft-Windows-TaskScheduler/Maintenance", "Provider_Name": "Microsoft-Windows-TaskScheduler", "Computer": "DESKTOP-OFJ6N53", "TimeCreated": "2025-04-29 17:10:04.059019+00:00", "RecordID": "12559", "Level": "4", "UserID": "S-1-5-18", "EventData.hc_stateid": "3", "EventData.LastRunDateTime": "‎29.‎04.‎2025 20:10"}
{"EventID": "800", "Channel": "Microsoft-Windows-TaskScheduler/Maintenance", "Provider_Name": "Microsoft-Windows-TaskScheduler", "Computer": "DESKTOP-OFJ6N53", "TimeCreated": "2025-04-29 17:10:04.087860+00:00", "RecordID": "12560", "Level": "4", "UserID": "S-1-5-18", "EventData.hc_stateid": "1", "EventData.LastRunDateTime": "‎29.‎04.‎2025 20:10"}
{"EventID": "800", "Channel": "Microsoft-Windows-TaskScheduler/Maintenance", "Provider_Name": "Microsoft-Windows-TaskScheduler", "Computer": "DESKTOP-OFJ6N53", "TimeCreated": "2025-04-30 04:40:36.975037+00:00", "RecordID": "12561", "Level": "4", "UserID": "S-1-5-18", "EventData.hc_stateid": "3", "EventData.LastRunDateTime": "‎30.‎04.‎2025 7:40"}
{"EventID": "800", "Channel": "Microsoft-Windows-TaskScheduler/Maintenance", "Provider_Name": "Microsoft-Windows-TaskScheduler", "Computer": "DESKTOP-OFJ6N53", "TimeCreated": "2025-04-30 04:42:37.127264+00:00", "RecordID": "12562", "Level": "4", "UserID": "S-1-5-18", "EventData.hc_stateid": "1", "EventData.LastRunDateTime": "‎30.‎04.‎2025 7:42"}
{"EventID": "800", "Channel": "Microsoft-Windows-TaskScheduler/Maintenance", "Provider_Name": "Microsoft-Windows-TaskScheduler", "Computer": "DESKTOP-OFJ6N53", "TimeCreated": "2025-04-30 08:40:24.554106+00:00", "RecordID": "12563", "Level": "4", "UserID": "S-1-5-18", "EventData.hc_stateid": "3", "EventData.LastRunDateTime": "‎30.‎04.‎2025 11:40"}
{"EventID": "800", "Channel": "Microsoft-Windows-TaskScheduler/Maintenance", "Provider_Name": "Microsoft-Windows-TaskScheduler", "Computer": "DESKTOP-OFJ6N53", "TimeCreated": "2025-04-30 08:41:21.522825+00:00", "RecordID": "12564", "Level": "4", "UserID": "S-1-5-18", "EventData.hc_stateid": "1", "EventData.LastRunDateTime": "‎30.‎04.‎2025 11:41"}
{"EventID": "800", "Channel": "Microsoft-Windows-TaskScheduler/Maintenance", "Provider_Name": "Microsoft-Windows-TaskScheduler", "Computer": "DESKTOP-OFJ6N53", "TimeCreated": "2025-04-30 08:41:22.550470+00:00", "RecordID": "12565", "Level": "4", "UserID": "S-1-5-18", "EventData.hc_stateid": "3", "EventData.LastRunDateTime": "‎30.‎04.‎2025 11:41"}
{"EventID": "800", "Channel": "Microsoft-Windows-TaskScheduler/Maintenance", "Provider_Name": "Microsoft-Windows-TaskScheduler", "Computer": "DESKTOP-OFJ6N53", "TimeCreated": "2025-04-30 08:41:23.096062+00:00", "RecordID": "12566", "Level": "4", "UserID": "S-1-5-18", "EventData.hc_stateid": "1", "EventData.LastRunDateTime": "‎30.‎04.‎2025 11:41"}
{"EventID": "800", "Channel": "Microsoft-Windows-TaskScheduler/Maintenance", "Provider_Name": "Microsoft-Windows-TaskScheduler", "Computer": "DESKTOP-OFJ6N53", "TimeCreated": "2025-04-30 08:41:24.108515+00:00", "RecordID": "12567", "Level": "4", "UserID": "S-1-5-18", "EventData.hc_stateid": "3", "EventData.LastRunDateTime": "‎30.‎04.‎2025 11:41"}
{"EventID": "800", "Channel": "Microsoft-Windows-TaskScheduler/Maintenance", "Provider_Name": "Microsoft-Windows-TaskScheduler", "Computer": "DESKTOP-OFJ6N53", "TimeCreated": "2025-04-30 08:42:29.541376+00:00", "RecordID": "12568", "Level": "4", "UserID": "S-1-5-18", "EventData.hc_stateid": "1", "EventData.LastRunDateTime": "‎30.‎04.‎2025 11:42"}
{"EventID": "800", "Channel": "Microsoft-Windows-TaskScheduler/Maintenance", "Provider_Name": "Microsoft-Windows-TaskScheduler", "Computer": "DESKTOP-OFJ6N53", "TimeCreated": "2025-04-30 14:40:38.725801+00:00", "RecordID": "12569", "Level": "4", "UserID": "S-1-5-18", "EventData.hc_stateid": "3", "EventData.LastRunDateTime": "‎30.‎04.‎2025 17:40"}
{"EventID": "800", "Channel": "Microsoft-Windows-TaskScheduler/Maintenance", "Provider_Name": "Microsoft-Windows-TaskScheduler", "Computer": "DESKTOP-OFJ6N53", "TimeCreated": "2025-04-30 14:40:38.786068+00:00", "RecordID": "12570", "Level": "4", "UserID": "S-1-5-18", "EventData.hc_stateid": "1", "EventData.LastRunDateTime": "‎30.‎04.‎2025 17:40"}
{"EventID": "800", "Channel": "Microsoft-Windows-TaskScheduler/Maintenance", "Provider_Name": "Microsoft-Windows-TaskScheduler", "Computer": "DESKTOP-OFJ6N53", "TimeCreated": "2025-04-30 16:40:33.938047+00:00", "RecordID": "12571", "Level": "4", "UserID": "S-1-5-18", "EventData.hc_stateid": "3", "EventData.LastRunDateTime": "‎30.‎04.‎2025 19:40"}
{"EventID": "800", "Channel": "Microsoft-Windows-TaskScheduler/Maintenance", "Provider_Name": "Microsoft-Windows-TaskScheduler", "Computer": "DESKTOP-OFJ6N53", "TimeCreated": "2025-04-30 16:40:34.094908+00:00", "RecordID": "12572", "Level": "4", "UserID": "S-1-5-18", "EventData.hc_stateid": "1", "EventData.LastRunDateTime": "‎30.‎04.‎2025 19:40"}
{"EventID": "800", "Channel": "Microsoft-Windows-TaskScheduler/Maintenance", "Provider_Name": "Microsoft-Windows-TaskScheduler", "Computer": "DESKTOP-OFJ6N53", "TimeCreated": "2025-04-30 18:40:38.886694+00:00", "RecordID": "12573", "Level": "4", "UserID": "S-1-5-18", "EventData.hc_stateid": "3", "EventData.LastRunDateTime": "‎30.‎04.‎2025 21:40"}
{"EventID": "800", "Channel": "Microsoft-Windows-TaskScheduler/Maintenance", "Provider_Name": "Microsoft-Windows-TaskScheduler", "Computer": "DESKTOP-OFJ6N53", "TimeCreated": "2025-04-30 18:40:38.907881+00:00", "RecordID": "12574", "Level": "4", "UserID": "S-1-5-18", "EventData.hc_stateid": "1", "EventData.LastRunDateTime": "‎30.‎04.‎2025 21:40"}
{"EventID": "800", "Channel": "Microsoft-Windows-TaskScheduler/Maintenance", "Provider_Name": "Microsoft-Windows-TaskScheduler", "Computer": "DESKTOP-OFJ6N53", "TimeCreated": "2025-05-01 04:40:39.259727+00:00", "RecordID": "12575", "Level": "4", "UserID": "S-1-5-18", "EventData.hc_stateid": "3", "EventData.LastRunDateTime": "‎01.‎05.‎2025 7:40"}
{"EventID": "800", "Channel": "Microsoft-Windows-TaskScheduler/Maintenance", "Provider_Name": "Microsoft-Windows-TaskScheduler", "Computer": "DESKTOP-OFJ6N53", "TimeCreated": "2025-05-01 04:43:45.663877+00:00", "RecordID": "12576", "Level": "4", "UserID": "S-1-5-18", "EventData.hc_stateid": "1", "EventData.LastRunDateTime": "‎01.‎05.‎2025 7:43"}
{"EventID": "800", "Channel": "Microsoft-Windows-TaskScheduler/Maintenance", "Provider_Name": "Microsoft-Windows-TaskScheduler", "Computer": "DESKTOP-OFJ6N53", "TimeCreated": "2025-05-01 08:40:33.924042+00:00", "RecordID": "12577", "Level": "4", "UserID": "S-1-5-18", "EventData.hc_stateid": "3", "EventData.LastRunDateTime": "‎01.‎05.‎2025 11:40"}
{"EventID": "800", "Channel": "Microsoft-Windows-TaskScheduler/Maintenance", "Provider_Name": "Microsoft-Windows-TaskScheduler", "Computer": "DESKTOP-OFJ6N53", "TimeCreated": "2025-05-01 08:40:58.678240+00:00", "RecordID": "12578", "Level": "4", "UserID": "S-1-5-18", "EventData.hc_stateid": "1", "EventData.LastRunDateTime": "‎01.‎05.‎2025 11:40"}
{"EventID": "800", "Channel": "Microsoft-Windows-TaskScheduler/Maintenance", "Provider_Name": "Microsoft-Windows-TaskScheduler", "Computer": "DESKTOP-OFJ6N53", "TimeCreated": "2025-05-01 08:40:59.699348+00:00", "RecordID": "12579", "Level": "4", "UserID": "S-1-5-18", "EventData.hc_stateid": "3", "EventData.LastRunDateTime": "‎01.‎05.‎2025 11:40"}
{"EventID": "800", "Channel": "Microsoft-Windows-TaskScheduler/Maintenance", "Provider_Name": "Microsoft-Windows-TaskScheduler", "Computer": "DESKTOP-OFJ6N53", "TimeCreated": "2025-05-01 08:42:04.726389+00:00", "RecordID": "12580", "Level": "4", "UserID": "S-1-5-18", "EventData.hc_stateid": "1", "EventData.LastRunDateTime": "‎01.‎05.‎2025 11:42"}
{"EventID": "800", "Channel": "Microsoft-Windows-TaskScheduler/Maintenance", "Provider_Name": "Microsoft-Windows-TaskScheduler", "Computer": "DESKTOP-OFJ6N53", "TimeCreated": "2025-05-01 14:40:40.974970+00:00", "RecordID": "12581", "Level": "4", "UserID": "S-1-5-18", "EventData.hc_stateid": "3", "EventData.LastRunDateTime": "‎01.‎05.‎2025 17:40"}
{"EventID": "800", "Channel": "Microsoft-Windows-TaskScheduler/Maintenance", "Provider_Name": "Microsoft-Windows-TaskScheduler", "Computer": "DESKTOP-OFJ6N53", "TimeCreated": "2025-05-01 14:40:41.034880+00:00", "RecordID": "12582", "Level": "4", "UserID": "S-1-5-18", "EventData.hc_stateid": "1", "EventData.LastRunDateTime": "‎01.‎05.‎2025 17:40"}
{"EventID": "800", "Channel": "Microsoft-Windows-TaskScheduler/Maintenance", "Provider_Name": "Microsoft-Windows-TaskScheduler", "Computer": "DESKTOP-OFJ6N53", "TimeCreated": "2025-05-01 16:40:33.946091+00:00", "RecordID": "12583", "Level": "4", "UserID": "S-1-5-18", "EventData.hc_stateid": "3", "EventData.LastRunDateTime": "‎01.‎05.‎2025 19:40"}
{"EventID": "800", "Channel": "Microsoft-Windows-TaskScheduler/Maintenance", "Provider_Name": "Microsoft-Windows-TaskScheduler", "Computer": "DESKTOP-OFJ6N53", "TimeCreated": "2025-05-01 16:40:34.113991+00:00", "RecordID": "12584", "Level": "4", "UserID": "S-1-5-18", "EventData.hc_stateid": "1", "EventData.LastRunDateTime": "‎01.‎05.‎2025 19:40"}
{"EventID": "800", "Channel": "Microsoft-Windows-TaskScheduler/Maintenance", "Provider_Name": "Microsoft-Windows-TaskScheduler", "Computer": "DESKTOP-OFJ6N53", "TimeCreated": "2025-05-01 18:40:41.106091+00:00", "RecordID": "12585", "Level": "4", "UserID": "S-1-5-18", "EventData.hc_stateid": "3", "EventData.LastRunDateTime": "‎01.‎05.‎2025 21:40"}
{"EventID": "800", "Channel": "Microsoft-Windows-TaskScheduler/Maintenance", "Provider_Name": "Microsoft-Windows-TaskScheduler", "Computer": "DESKTOP-OFJ6N53", "TimeCreated": "2025-05-01 18:40:41.130453+00:00", "RecordID": "12586", "Level": "4", "UserID": "S-1-5-18", "EventData.hc_stateid": "1", "EventData.LastRunDateTime": "‎01.‎05.‎2025 21:40"}
{"EventID": "800", "Channel": "Microsoft-Windows-TaskScheduler/Maintenance", "Provider_Name": "Microsoft-Windows-TaskScheduler", "Computer": "DESKTOP-OFJ6N53", "TimeCreated": "2025-05-02 04:40:41.431484+00:00", "RecordID": "12587", "Level": "4", "UserID": "S-1-5-18", "EventData.hc_stateid": "3", "EventData.LastRunDateTime": "‎02.‎05.‎2025 7:40"}
{"EventID": "800", "Channel": "Microsoft-Windows-TaskScheduler/Maintenance", "Provider_Name": "Microsoft-Windows-TaskScheduler", "Computer": "DESKTOP-OFJ6N53", "TimeCreated": "2025-05-02 04:42:41.569239+00:00", "RecordID": "12588", "Level": "4", "UserID": "S-1-5-18", "EventData.hc_stateid": "1", "EventData.LastRunDateTime": "‎02.‎05.‎2025 7:42"}
{"EventID": "800", "Channel": "Microsoft-Windows-TaskScheduler/Maintenance", "Provider_Name": "Microsoft-Windows-TaskScheduler", "Computer": "DESKTOP-OFJ6N53", "TimeCreated": "2025-05-02 08:40:33.923971+00:00", "RecordID": "12589", "Level": "4", "UserID": "S-1-5-18", "EventData.hc_stateid": "3", "EventData.LastRunDateTime": "‎02.‎05.‎2025 11:40"}
{"EventID": "800", "Channel": "Microsoft-Windows-TaskScheduler/Maintenance", "Provider_Name": "Microsoft-Windows-TaskScheduler", "Computer": "DESKTOP-OFJ6N53", "TimeCreated": "2025-05-02 08:40:53.946558+00:00", "RecordID": "12590", "Level": "4", "UserID": "S-1-5-18", "EventData.hc_stateid": "1", "EventData.LastRunDateTime": "‎02.‎05.‎2025 11:40"}
{"EventID": "800", "Channel": "Microsoft-Windows-TaskScheduler/Maintenance", "Provider_Name": "Microsoft-Windows-TaskScheduler", "Computer": "DESKTOP-OFJ6N53", "TimeCreated": "2025-05-02 08:40:54.960230+00:00", "RecordID": "12591", "Level": "4", "UserID": "S-1-5-18", "EventData.hc_stateid": "3", "EventData.LastRunDateTime": "‎02.‎05.‎2025 11:40"}
{"EventID": "800", "Channel": "Microsoft-Windows-TaskScheduler/Maintenance", "Provider_Name": "Microsoft-Windows-TaskScheduler", "Computer": "DESKTOP-OFJ6N53", "TimeCreated": "2025-05-02 08:41:59.880514+00:00", "RecordID": "12592", "Level": "4", "UserID": "S-1-5-18", "EventData.hc_stateid": "1", "EventData.LastRunDateTime": "‎02.‎05.‎2025 11:41"}
{"EventID": "800", "Channel": "Microsoft-Windows-TaskScheduler/Maintenance", "Provider_Name": "Microsoft-Windows-TaskScheduler", "Computer": "DESKTOP-OFJ6N53", "TimeCreated": "2025-05-02 14:40:32.050776+00:00", "RecordID": "12593", "Level": "4", "UserID": "S-1-5-18", "EventData.hc_stateid": "3", "EventData.LastRunDateTime": "‎02.‎05.‎2025 17:40"}
{"EventID": "800", "Channel": "Microsoft-Windows-TaskScheduler/Maintenance", "Provider_Name": "Microsoft-Windows-TaskScheduler", "Computer": "DESKTOP-OFJ6N53", "TimeCreated": "2025-05-02 14:40:32.712618+00:00", "RecordID": "12594", "Level": "4", "UserID": "S-1-5-18", "EventData.hc_stateid": "1", "EventData.LastRunDateTime": "‎02.‎05.‎2025 17:40"}
{"EventID": "800", "Channel": "Microsoft-Windows-TaskScheduler/Maintenance", "Provider_Name": "Microsoft-Windows-TaskScheduler", "Computer": "DESKTOP-OFJ6N53", "TimeCreated": "2025-05-02 16:40:33.949083+00:00", "RecordID": "12595", "Level": "4", "UserID": "S-1-5-18", "EventData.hc_stateid": "3", "EventData.LastRunDateTime": "‎02.‎05.‎2025 19:40"}
{"EventID": "800", "Channel": "Microsoft-Windows-TaskScheduler/Maintenance", "Provider_Name": "Microsoft-Windows-TaskScheduler", "Computer": "DESKTOP-OFJ6N53", "TimeCreated": "2025-05-02 16:40:34.119865+00:00", "RecordID": "12596", "Level": "4", "UserID": "S-1-5-18", "EventData.hc_stateid": "1", "EventData.LastRunDateTime": "‎02.‎05.‎2025 19:40"}
{"EventID": "800", "Channel": "Microsoft-Windows-TaskScheduler/Maintenance", "Provider_Name": "Microsoft-Windows-TaskScheduler", "Computer": "DESKTOP-OFJ6N53", "TimeCreated": "2025-05-02 18:40:43.310032+00:00", "RecordID": "12597", "Level": "4", "UserID": "S-1-5-18", "EventData.hc_stateid": "3", "EventData.LastRunDateTime": "‎02.‎05.‎2025 21:40"}
{"EventID": "800", "Channel": "Microsoft-Windows-TaskScheduler/Maintenance", "Provider_Name": "Microsoft-Windows-TaskScheduler", "Computer": "DESKTOP-OFJ6N53", "TimeCreated": "2025-05-02 18:40:43.330250+00:00", "RecordID": "12598", "Level": "4", "UserID": "S-1-5-18", "EventData.hc_stateid": "1", "EventData.LastRunDateTime": "‎02.‎05.‎2025 21:40"}
{"EventID": "800", "Channel": "Microsoft-Windows-TaskScheduler/Maintenance", "Provider_Name": "Microsoft-Windows-TaskScheduler", "Computer": "DESKTOP-OFJ6N53", "TimeCreated": "2025-05-03 04:40:25.519194+00:00", "RecordID": "12599", "Level": "4", "UserID": "S-1-5-18", "EventData.hc_stateid": "3", "EventData.LastRunDateTime": "‎03.‎05.‎2025 7:40"}
{"EventID": "800", "Channel": "Microsoft-Windows-TaskScheduler/Maintenance", "Provider_Name": "Microsoft-Windows-TaskScheduler", "Computer": "DESKTOP-OFJ6N53", "TimeCreated": "2025-05-03 04:41:25.690950+00:00", "RecordID": "12600", "Level": "4", "UserID": "S-1-5-18", "EventData.hc_stateid": "1", "EventData.LastRunDateTime": "‎03.‎05.‎2025 7:41"}
{"EventID": "800", "Channel": "Microsoft-Windows-TaskScheduler/Maintenance", "Provider_Name": "Microsoft-Windows-TaskScheduler", "Computer": "DESKTOP-OFJ6N53", "TimeCreated": "2025-05-03 08:40:27.776205+00:00", "RecordID": "12601", "Level": "4", "UserID": "S-1-5-18", "EventData.hc_stateid": "3", "EventData.LastRunDateTime": "‎03.‎05.‎2025 11:40"}
{"EventID": "800", "Channel": "Microsoft-Windows-TaskScheduler/Maintenance", "Provider_Name": "Microsoft-Windows-TaskScheduler", "Computer": "DESKTOP-OFJ6N53", "TimeCreated": "2025-05-03 08:40:47.977169+00:00", "RecordID": "12602", "Level": "4", "UserID": "S-1-5-18", "EventData.hc_stateid": "1", "EventData.LastRunDateTime": "‎03.‎05.‎2025 11:40"}
{"EventID": "800", "Channel": "Microsoft-Windows-TaskScheduler/Maintenance", "Provider_Name": "Microsoft-Windows-TaskScheduler", "Computer": "DESKTOP-OFJ6N53", "TimeCreated": "2025-05-03 08:40:48.993259+00:00", "RecordID": "12603", "Level": "4", "UserID": "S-1-5-18", "EventData.hc_stateid": "3", "EventData.LastRunDateTime": "‎03.‎05.‎2025 11:40"}
{"EventID": "800", "Channel": "Microsoft-Windows-TaskScheduler/Maintenance", "Provider_Name": "Microsoft-Windows-TaskScheduler", "Computer": "DESKTOP-OFJ6N53", "TimeCreated": "2025-05-03 08:40:49.465820+00:00", "RecordID": "12604", "Level": "4", "UserID": "S-1-5-18", "EventData.hc_stateid": "1", "EventData.LastRunDateTime": "‎03.‎05.‎2025 11:40"}
{"EventID": "800", "Channel": "Microsoft-Windows-TaskScheduler/Maintenance", "Provider_Name": "Microsoft-Windows-TaskScheduler", "Computer": "DESKTOP-OFJ6N53", "TimeCreated": "2025-05-03 08:40:50.476351+00:00", "RecordID": "12605", "Level": "4", "UserID": "S-1-5-18", "EventData.hc_stateid": "3", "EventData.LastRunDateTime": "‎03.‎05.‎2025 11:40"}
{"EventID": "800", "Channel": "Microsoft-Windows-TaskScheduler/Maintenance", "Provider_Name": "Microsoft-Windows-TaskScheduler", "Computer": "DESKTOP-OFJ6N53", "TimeCreated": "2025-05-03 08:41:54.377874+00:00", "RecordID": "12606", "Level": "4", "UserID": "S-1-5-18", "EventData.hc_stateid": "1", "EventData.LastRunDateTime": "‎03.‎05.‎2025 11:41"}
{"EventID": "800", "Channel": "Microsoft-Windows-TaskScheduler/Maintenance", "Provider_Name": "Microsoft-Windows-TaskScheduler", "Computer": "DESKTOP-OFJ6N53", "TimeCreated": "2025-05-03 14:40:29.388247+00:00", "RecordID": "12607", "Level": "4", "UserID": "S-1-5-18", "EventData.hc_stateid": "3", "EventData.LastRunDateTime": "‎03.‎05.‎2025 17:40"}
{"EventID": "800", "Channel": "Microsoft-Windows-TaskScheduler/Maintenance", "Provider_Name": "Microsoft-Windows-TaskScheduler", "Computer": "DESKTOP-OFJ6N53", "TimeCreated": "2025-05-03 14:40:29.456463+00:00", "RecordID": "12608", "Level": "4", "UserID": "S-1-5-18", "EventData.hc_stateid": "1", "EventData.LastRunDateTime": "‎03.‎05.‎2025 17:40"}
{"EventID": "800", "Channel": "Microsoft-Windows-TaskScheduler/Maintenance", "Provider_Name": "Microsoft-Windows-TaskScheduler", "Computer": "DESKTOP-OFJ6N53", "TimeCreated": "2025-05-03 16:40:28.543941+00:00", "RecordID": "12609", "Level": "4", "UserID": "S-1-5-18", "EventData.hc_stateid": "3", "EventData.LastRunDateTime": "‎03.‎05.‎2025 19:40"}
{"EventID": "800", "Channel": "Microsoft-Windows-TaskScheduler/Maintenance", "Provider_Name": "Microsoft-Windows-TaskScheduler", "Computer": "DESKTOP-OFJ6N53", "TimeCreated": "2025-05-03 16:40:28.714010+00:00", "RecordID": "12610", "Level": "4", "UserID": "S-1-5-18", "EventData.hc_stateid": "1", "EventData.LastRunDateTime": "‎03.‎05.‎2025 19:40"}
{"EventID": "800", "Channel": "Microsoft-Windows-TaskScheduler/Maintenance", "Provider_Name": "Microsoft-Windows-TaskScheduler", "Computer": "DESKTOP-OFJ6N53", "TimeCreated": "2025-05-03 18:40:29.650133+00:00", "RecordID": "12611", "Level": "4", "UserID": "S-1-5-18", "EventData.hc_stateid": "3", "EventData.LastRunDateTime": "‎03.‎05.‎2025 21:40"}
{"EventID": "800", "Channel": "Microsoft-Windows-TaskScheduler/Maintenance", "Provider_Name": "Microsoft-Windows-TaskScheduler", "Computer": "DESKTOP-OFJ6N53", "TimeCreated": "2025-05-03 18:40:30.122709+00:00", "RecordID": "12612", "Level": "4", "UserID": "S-1-5-18", "EventData.hc_stateid": "1", "EventData.LastRunDateTime": "‎03.‎05.‎2025 21:40"}
{"EventID": "800", "Channel": "Microsoft-Windows-TaskScheduler/Maintenance", "Provider_Name": "Microsoft-Windows-TaskScheduler", "Computer": "DESKTOP-OFJ6N53", "TimeCreated": "2025-05-04 04:40:45.831184+00:00", "RecordID": "12613", "Level": "4", "UserID": "S-1-5-18", "EventData.hc_stateid": "3", "EventData.LastRunDateTime": "‎04.‎05.‎2025 7:40"}
{"EventID": "800", "Channel": "Microsoft-Windows-TaskScheduler/Maintenance", "Provider_Name": "Microsoft-Windows-TaskScheduler", "Computer": "DESKTOP-OFJ6N53", "TimeCreated": "2025-05-04 04:42:45.970520+00:00", "RecordID": "12614", "Level": "4", "UserID": "S-1-5-18", "EventData.hc_stateid": "1", "EventData.LastRunDateTime": "‎04.‎05.‎2025 7:42"}
{"EventID": "800", "Channel": "Microsoft-Windows-TaskScheduler/Maintenance", "Provider_Name": "Microsoft-Windows-TaskScheduler", "Computer": "DESKTOP-OFJ6N53", "TimeCreated": "2025-05-04 08:40:33.928675+00:00", "RecordID": "12615", "Level": "4", "UserID": "S-1-5-18", "EventData.hc_stateid": "3", "EventData.LastRunDateTime": "‎04.‎05.‎2025 11:40"}
{"EventID": "800", "Channel": "Microsoft-Windows-TaskScheduler/Maintenance", "Provider_Name": "Microsoft-Windows-TaskScheduler", "Computer": "DESKTOP-OFJ6N53", "TimeCreated": "2025-05-04 08:40:56.448919+00:00", "RecordID": "12616", "Level": "4", "UserID": "S-1-5-18", "EventData.hc_stateid": "1", "EventData.LastRunDateTime": "‎04.‎05.‎2025 11:40"}
{"EventID": "800", "Channel": "Microsoft-Windows-TaskScheduler/Maintenance", "Provider_Name": "Microsoft-Windows-TaskScheduler", "Computer": "DESKTOP-OFJ6N53", "TimeCreated": "2025-05-04 08:40:57.461151+00:00", "RecordID": "12617", "Level": "4", "UserID": "S-1-5-18", "EventData.hc_stateid": "3", "EventData.LastRunDateTime": "‎04.‎05.‎2025 11:40"}
{"EventID": "800", "Channel": "Microsoft-Windows-TaskScheduler/Maintenance", "Provider_Name": "Microsoft-Windows-TaskScheduler", "Computer": "DESKTOP-OFJ6N53", "TimeCreated": "2025-05-04 08:40:58.134768+00:00", "RecordID": "12618", "Level": "4", "UserID": "S-1-5-18", "EventData.hc_stateid": "1", "EventData.LastRunDateTime": "‎04.‎05.‎2025 11:40"}
{"EventID": "800", "Channel": "Microsoft-Windows-TaskScheduler/Maintenance", "Provider_Name": "Microsoft-Windows-TaskScheduler", "Computer": "DESKTOP-OFJ6N53", "TimeCreated": "2025-05-04 08:40:59.149586+00:00", "RecordID": "12619", "Level": "4", "UserID": "S-1-5-18", "EventData.hc_stateid": "3", "EventData.LastRunDateTime": "‎04.‎05.‎2025 11:40"}
{"EventID": "800", "Channel": "Microsoft-Windows-TaskScheduler/Maintenance", "Provider_Name": "Microsoft-Windows-TaskScheduler", "Computer": "DESKTOP-OFJ6N53", "TimeCreated": "2025-05-04 08:40:59.202074+00:00", "RecordID": "12620", "Level": "4", "UserID": "S-1-5-18", "EventData.hc_stateid": "1", "EventData.LastRunDateTime": "‎04.‎05.‎2025 11:40"}
{"EventID": "800", "Channel": "Microsoft-Windows-TaskScheduler/Maintenance", "Provider_Name": "Microsoft-Windows-TaskScheduler", "Computer": "DESKTOP-OFJ6N53", "TimeCreated": "2025-05-04 08:41:00.220621+00:00", "RecordID": "12621", "Level": "4", "UserID": "S-1-5-18", "EventData.hc_stateid": "3", "EventData.LastRunDateTime": "‎04.‎05.‎2025 11:41"}
{"EventID": "800", "Channel": "Microsoft-Windows-TaskScheduler/Maintenance", "Provider_Name": "Microsoft-Windows-TaskScheduler", "Computer": "DESKTOP-OFJ6N53", "TimeCreated": "2025-05-04 08:42:05.208448+00:00", "RecordID": "12622", "Level": "4", "UserID": "S-1-5-18", "EventData.hc_stateid": "1", "EventData.LastRunDateTime": "‎04.‎05.‎2025 11:42"}
{"EventID": "800", "Channel": "Microsoft-Windows-TaskScheduler/Maintenance", "Provider_Name": "Microsoft-Windows-TaskScheduler", "Computer": "DESKTOP-OFJ6N53", "TimeCreated": "2025-05-04 14:40:24.968147+00:00", "RecordID": "12623", "Level": "4", "UserID": "S-1-5-18", "EventData.hc_stateid": "3", "EventData.LastRunDateTime": "‎04.‎05.‎2025 17:40"}
{"EventID": "800", "Channel": "Microsoft-Windows-TaskScheduler/Maintenance", "Provider_Name": "Microsoft-Windows-TaskScheduler", "Computer": "DESKTOP-OFJ6N53", "TimeCreated": "2025-05-04 14:40:25.037577+00:00", "RecordID": "12624", "Level": "4", "UserID": "S-1-5-18", "EventData.hc_stateid": "1", "EventData.LastRunDateTime": "‎04.‎05.‎2025 17:40"}
{"EventID": "800", "Channel": "Microsoft-Windows-TaskScheduler/Maintenance", "Provider_Name": "Microsoft-Windows-TaskScheduler", "Computer": "DESKTOP-OFJ6N53", "TimeCreated": "2025-05-04 16:40:25.972202+00:00", "RecordID": "12625", "Level": "4", "UserID": "S-1-5-18", "EventData.hc_stateid": "3", "EventData.LastRunDateTime": "‎04.‎05.‎2025 19:40"}
{"EventID": "800", "Channel": "Microsoft-Windows-TaskScheduler/Maintenance", "Provider_Name": "Microsoft-Windows-TaskScheduler", "Computer": "DESKTOP-OFJ6N53", "TimeCreated": "2025-05-04 16:40:26.136806+00:00", "RecordID": "12626", "Level": "4", "UserID": "S-1-5-18", "EventData.hc_stateid": "1", "EventData.LastRunDateTime": "‎04.‎05.‎2025 19:40"}
{"EventID": "800", "Channel": "Microsoft-Windows-TaskScheduler/Maintenance", "Provider_Name": "Microsoft-Windows-TaskScheduler", "Computer": "DESKTOP-OFJ6N53", "TimeCreated": "2025-05-04 18:40:27.001532+00:00", "RecordID": "12627", "Level": "4", "UserID": "S-1-5-18", "EventData.hc_stateid": "3", "EventData.LastRunDateTime": "‎04.‎05.‎2025 21:40"}
{"EventID": "800", "Channel": "Microsoft-Windows-TaskScheduler/Maintenance", "Provider_Name": "Microsoft-Windows-TaskScheduler", "Computer": "DESKTOP-OFJ6N53", "TimeCreated": "2025-05-04 18:40:27.025753+00:00", "RecordID": "12628", "Level": "4", "UserID": "S-1-5-18", "EventData.hc_stateid": "1", "EventData.LastRunDateTime": "‎04.‎05.‎2025 21:40"}
{"EventID": "800", "Channel": "Microsoft-Windows-TaskScheduler/Maintenance", "Provider_Name": "Microsoft-Windows-TaskScheduler", "Computer": "DESKTOP-OFJ6N53", "TimeCreated": "2025-05-05 04:40:36.162373+00:00", "RecordID": "12629", "Level": "4", "UserID": "S-1-5-18", "EventData.hc_stateid": "3", "EventData.LastRunDateTime": "‎05.‎05.‎2025 7:40"}
{"EventID": "800", "Channel": "Microsoft-Windows-TaskScheduler/Maintenance", "Provider_Name": "Microsoft-Windows-TaskScheduler", "Computer": "DESKTOP-OFJ6N53", "TimeCreated": "2025-05-05 04:41:36.294189+00:00", "RecordID": "12630", "Level": "4", "UserID": "S-1-5-18", "EventData.hc_stateid": "1", "EventData.LastRunDateTime": "‎05.‎05.‎2025 7:41"}
{"EventID": "800", "Channel": "Microsoft-Windows-TaskScheduler/Maintenance", "Provider_Name": "Microsoft-Windows-TaskScheduler", "Computer": "DESKTOP-OFJ6N53", "TimeCreated": "2025-05-05 08:40:33.932070+00:00", "RecordID": "12631", "Level": "4", "UserID": "S-1-5-18", "EventData.hc_stateid": "3", "EventData.LastRunDateTime": "‎05.‎05.‎2025 11:40"}
{"EventID": "800", "Channel": "Microsoft-Windows-TaskScheduler/Maintenance", "Provider_Name": "Microsoft-Windows-TaskScheduler", "Computer": "DESKTOP-OFJ6N53", "TimeCreated": "2025-05-05 08:40:51.862068+00:00", "RecordID": "12632", "Level": "4", "UserID": "S-1-5-18", "EventData.hc_stateid": "1", "EventData.LastRunDateTime": "‎05.‎05.‎2025 11:40"}
{"EventID": "800", "Channel": "Microsoft-Windows-TaskScheduler/Maintenance", "Provider_Name": "Microsoft-Windows-TaskScheduler", "Computer": "DESKTOP-OFJ6N53", "TimeCreated": "2025-05-05 08:40:52.874392+00:00", "RecordID": "12633", "Level": "4", "UserID": "S-1-5-18", "EventData.hc_stateid": "3", "EventData.LastRunDateTime": "‎05.‎05.‎2025 11:40"}
{"EventID": "800", "Channel": "Microsoft-Windows-TaskScheduler/Maintenance", "Provider_Name": "Microsoft-Windows-TaskScheduler", "Computer": "DESKTOP-OFJ6N53", "TimeCreated": "2025-05-05 08:41:57.131296+00:00", "RecordID": "12634", "Level": "4", "UserID": "S-1-5-18", "EventData.hc_stateid": "1", "EventData.LastRunDateTime": "‎05.‎05.‎2025 11:41"}
{"EventID": "800", "Channel": "Microsoft-Windows-TaskScheduler/Maintenance", "Provider_Name": "Microsoft-Windows-TaskScheduler", "Computer": "DESKTOP-OFJ6N53", "TimeCreated": "2025-05-05 14:40:49.786629+00:00", "RecordID": "12635", "Level": "4", "UserID": "S-1-5-18", "EventData.hc_stateid": "3", "EventData.LastRunDateTime": "‎05.‎05.‎2025 17:40"}
{"EventID": "800", "Channel": "Microsoft-Windows-TaskScheduler/Maintenance", "Provider_Name": "Microsoft-Windows-TaskScheduler", "Computer": "DESKTOP-OFJ6N53", "TimeCreated": "2025-05-05 14:40:49.873293+00:00", "RecordID": "12636", "Level": "4", "UserID": "S-1-5-18", "EventData.hc_stateid": "1", "EventData.LastRunDateTime": "‎05.‎05.‎2025 17:40"}
{"EventID": "800", "Channel": "Microsoft-Windows-TaskScheduler/Maintenance", "Provider_Name": "Microsoft-Windows-TaskScheduler", "Computer": "DESKTOP-OFJ6N53", "TimeCreated": "2025-05-05 16:40:33.948374+00:00", "RecordID": "12637", "Level": "4", "UserID": "S-1-5-18", "EventData.hc_stateid": "3", "EventData.LastRunDateTime": "‎05.‎05.‎2025 19:40"}
{"EventID": "800", "Channel": "Microsoft-Windows-TaskScheduler/Maintenance", "Provider_Name": "Microsoft-Windows-TaskScheduler", "Computer": "DESKTOP-OFJ6N53", "TimeCreated": "2025-05-05 16:40:34.107437+00:00", "RecordID": "12638", "Level": "4", "UserID": "S-1-5-18", "EventData.hc_stateid": "1", "EventData.LastRunDateTime": "‎05.‎05.‎2025 19:40"}
{"EventID": "800", "Channel": "Microsoft-Windows-TaskScheduler/Maintenance", "Provider_Name": "Microsoft-Windows-TaskScheduler", "Computer": "DESKTOP-OFJ6N53", "TimeCreated": "2025-05-05 18:40:49.934340+00:00", "RecordID": "12639", "Level": "4", "UserID": "S-1-5-18", "EventData.hc_stateid": "3", "EventData.LastRunDateTime": "‎05.‎05.‎2025 21:40"}
{"EventID": "800", "Channel": "Microsoft-Windows-TaskScheduler/Maintenance", "Provider_Name": "Microsoft-Windows-TaskScheduler", "Computer": "DESKTOP-OFJ6N53", "TimeCreated": "2025-05-05 18:40:49.952776+00:00", "RecordID": "12640", "Level": "4", "UserID": "S-1-5-18", "EventData.hc_stateid": "1", "EventData.LastRunDateTime": "‎05.‎05.‎2025 21:40"}
{"EventID": "800", "Channel": "Microsoft-Windows-TaskScheduler/Maintenance", "Provider_Name": "Microsoft-Windows-TaskScheduler", "Computer": "DESKTOP-OFJ6N53", "TimeCreated": "2025-05-06 04:40:50.250191+00:00", "RecordID": "12641", "Level": "4", "UserID": "S-1-5-18", "EventData.hc_stateid": "3", "EventData.LastRunDateTime": "‎06.‎05.‎2025 7:40"}
{"EventID": "800", "Channel": "Microsoft-Windows-TaskScheduler/Maintenance", "Provider_Name": "Microsoft-Windows-TaskScheduler", "Computer": "DESKTOP-OFJ6N53", "TimeCreated": "2025-05-06 04:42:50.375538+00:00", "RecordID": "12642", "Level": "4", "UserID": "S-1-5-18", "EventData.hc_stateid": "1", "EventData.LastRunDateTime": "‎06.‎05.‎2025 7:42"}
{"EventID": "800", "Channel": "Microsoft-Windows-TaskScheduler/Maintenance", "Provider_Name": "Microsoft-Windows-TaskScheduler", "Computer": "DESKTOP-OFJ6N53", "TimeCreated": "2025-05-06 08:40:33.929264+00:00", "RecordID": "12643", "Level": "4", "UserID": "S-1-5-18", "EventData.hc_stateid": "3", "EventData.LastRunDateTime": "‎06.‎05.‎2025 11:40"}
{"EventID": "800", "Channel": "Microsoft-Windows-TaskScheduler/Maintenance", "Provider_Name": "Microsoft-Windows-TaskScheduler", "Computer": "DESKTOP-OFJ6N53", "TimeCreated": "2025-05-06 08:40:55.761230+00:00", "RecordID": "12644", "Level": "4", "UserID": "S-1-5-18", "EventData.hc_stateid": "1", "EventData.LastRunDateTime": "‎06.‎05.‎2025 11:40"}
{"EventID": "800", "Channel": "Microsoft-Windows-TaskScheduler/Maintenance", "Provider_Name": "Microsoft-Windows-TaskScheduler", "Computer": "DESKTOP-OFJ6N53", "TimeCreated": "2025-05-06 08:40:56.787634+00:00", "RecordID": "12645", "Level": "4", "UserID": "S-1-5-18", "EventData.hc_stateid": "3", "EventData.LastRunDateTime": "‎06.‎05.‎2025 11:40"}
{"EventID": "800", "Channel": "Microsoft-Windows-TaskScheduler/Maintenance", "Provider_Name": "Microsoft-Windows-TaskScheduler", "Computer": "DESKTOP-OFJ6N53", "TimeCreated": "2025-05-06 08:40:57.150970+00:00", "RecordID": "12646", "Level": "4", "UserID": "S-1-5-18", "EventData.hc_stateid": "1", "EventData.LastRunDateTime": "‎06.‎05.‎2025 11:40"}
{"EventID": "800", "Channel": "Microsoft-Windows-TaskScheduler/Maintenance", "Provider_Name": "Microsoft-Windows-TaskScheduler", "Computer": "DESKTOP-OFJ6N53", "TimeCreated": "2025-05-06 08:40:58.183584+00:00", "RecordID": "12647", "Level": "4", "UserID": "S-1-5-18", "EventData.hc_stateid": "3", "EventData.LastRunDateTime": "‎06.‎05.‎2025 11:40"}
{"EventID": "800", "Channel": "Microsoft-Windows-TaskScheduler/Maintenance", "Provider_Name": "Microsoft-Windows-TaskScheduler", "Computer": "DESKTOP-OFJ6N53", "TimeCreated": "2025-05-06 08:42:03.033546+00:00", "RecordID": "12648", "Level": "4", "UserID": "S-1-5-18", "EventData.hc_stateid": "1", "EventData.LastRunDateTime": "‎06.‎05.‎2025 11:42"}
{"EventID": "800", "Channel": "Microsoft-Windows-TaskScheduler/Maintenance", "Provider_Name": "Microsoft-Windows-TaskScheduler", "Computer": "DESKTOP-OFJ6N53", "TimeCreated": "2025-05-06 14:40:49.279284+00:00", "RecordID": "12649", "Level": "4", "UserID": "S-1-5-18", "EventData.hc_stateid": "3", "EventData.LastRunDateTime": "‎06.‎05.‎2025 17:40"}
{"EventID": "800", "Channel": "Microsoft-Windows-TaskScheduler/Maintenance", "Provider_Name": "Microsoft-Windows-TaskScheduler", "Computer": "DESKTOP-OFJ6N53", "TimeCreated": "2025-05-06 14:40:49.341814+00:00", "RecordID": "12650", "Level": "4", "UserID": "S-1-5-18", "EventData.hc_stateid": "1", "EventData.LastRunDateTime": "‎06.‎05.‎2025 17:40"}
{"EventID": "800", "Channel": "Microsoft-Windows-TaskScheduler/Maintenance", "Provider_Name": "Microsoft-Windows-TaskScheduler", "Computer": "DESKTOP-OFJ6N53", "TimeCreated": "2025-05-06 16:40:33.954296+00:00", "RecordID": "12651", "Level": "4", "UserID": "S-1-5-18", "EventData.hc_stateid": "3", "EventData.LastRunDateTime": "‎06.‎05.‎2025 19:40"}
{"EventID": "800", "Channel": "Microsoft-Windows-TaskScheduler/Maintenance", "Provider_Name": "Microsoft-Windows-TaskScheduler", "Computer": "DESKTOP-OFJ6N53", "TimeCreated": "2025-05-06 16:40:34.108719+00:00", "RecordID": "12652", "Level": "4", "UserID": "S-1-5-18", "EventData.hc_stateid": "1", "EventData.LastRunDateTime": "‎06.‎05.‎2025 19:40"}
{"EventID": "800", "Channel": "Microsoft-Windows-TaskScheduler/Maintenance", "Provider_Name": "Microsoft-Windows-TaskScheduler", "Computer": "DESKTOP-OFJ6N53", "TimeCreated": "2025-05-06 18:40:51.371691+00:00", "RecordID": "12653", "Level": "4", "UserID": "S-1-5-18", "EventData.hc_stateid": "3", "EventData.LastRunDateTime": "‎06.‎05.‎2025 21:40"}
{"EventID": "800", "Channel": "Microsoft-Windows-TaskScheduler/Maintenance", "Provider_Name": "Microsoft-Windows-TaskScheduler", "Computer": "DESKTOP-OFJ6N53", "TimeCreated": "2025-05-06 18:40:51.400496+00:00", "RecordID": "12654", "Level": "4", "UserID": "S-1-5-18", "EventData.hc_stateid": "1", "EventData.LastRunDateTime": "‎06.‎05.‎2025 21:40"}
{"EventID": "800", "Channel": "Microsoft-Windows-TaskScheduler/Maintenance", "Provider_Name": "Microsoft-Windows-TaskScheduler", "Computer": "DESKTOP-OFJ6N53", "TimeCreated": "2025-05-07 04:40:53.328182+00:00", "RecordID": "12655", "Level": "4", "UserID": "S-1-5-18", "EventData.hc_stateid": "3", "EventData.LastRunDateTime": "‎07.‎05.‎2025 7:40"}
