{"EventID": "20", "Channel": "Microsoft-Windows-Provisioning-Diagnostics-Provider/Admin", "Provider_Name": "Microsoft-Windows-Provisioning-Diagnostics-Provider", "Computer": "DESKTOP-OFJ6N53", "TimeCreated": "2024-05-15 14:32:01.696304+00:00", "RecordID": "2318", "Level": "4", "UserID": "S-1-5-18", "EventData.Message1": "Power.Settings.Control.ppkg", "EventData.Message2": "{5f568920-10ad-4dc0-a97e-b78a3255c351}"}
{"EventID": "20", "Channel": "Microsoft-Windows-Provisioning-Diagnostics-Provider/Admin", "Provider_Name": "Microsoft-Windows-Provisioning-Diagnostics-Provider", "Computer": "DESKTOP-OFJ6N53", "TimeCreated": "2024-05-15 14:32:01.980965+00:00", "RecordID": "2319", "Level": "4", "UserID": "S-1-5-18", "EventData.Message1": "Power.Settings.Disk.ppkg", "EventData.Message2": "{9df6a4ed-fc16-48bf-8b24-6e2ad2bfcfea}"}
{"EventID": "20", "Channel": "Microsoft-Windows-Provisioning-Diagnostics-Provider/Admin", "Provider_Name": "Microsoft-Windows-Provisioning-Diagnostics-Provider", "Computer": "DESKTOP-OFJ6N53", "TimeCreated": "2024-05-15 14:32:01.994604+00:00", "RecordID": "2320", "Level": "4", "UserID": "S-1-5-18", "EventData.Message1": "Power.Settings.Display.ppkg", "EventData.Message2": "{23cb517f-5073-4e96-a202-7fe6122a2271}"}
{"EventID": "20", "Channel": "Microsoft-Windows-Provisioning-Diagnostics-Provider/Admin", "Provider_Name": "Microsoft-Windows-Provisioning-Diagnostics-Provider", "Computer": "DESKTOP-OFJ6N53", "TimeCreated": "2024-05-15 14:32:02.007065+00:00", "RecordID": "2321", "Level": "4", "UserID": "S-1-5-18", "EventData.Message1": "Power.Settings.Graphics.ppkg", "EventData.Message2": "{bf56ce5a-946b-45b5-858a-1794eb0125e2}"}
{"EventID": "20", "Channel": "Microsoft-Windows-Provisioning-Diagnostics-Provider/Admin", "Provider_Name": "Microsoft-Windows-Provisioning-Diagnostics-Provider", "Computer": "DESKTOP-OFJ6N53", "TimeCreated": "2024-05-15 14:32:02.021181+00:00", "RecordID": "2322", "Level": "4", "UserID": "S-1-5-18", "EventData.Message1": "Power.Settings.IdleResiliency.ppkg", "EventData.Message2": "{f11899f2-71ec-4621-9997-e17ae2f6eb26}"}
{"EventID": "20", "Channel": "Microsoft-Windows-Provisioning-Diagnostics-Provider/Admin", "Provider_Name": "Microsoft-Windows-Provisioning-Diagnostics-Provider", "Computer": "DESKTOP-OFJ6N53", "TimeCreated": "2024-05-15 14:32:02.696997+00:00", "RecordID": "2323", "Level": "4", "UserID": "S-1-5-18", "EventData.Message1": "Power.Settings.PCIExpress.ppkg", "EventData.Message2": "{268c43e1-aa2b-4036-86ef-8cda98a0c2fe}"}
{"EventID": "20", "Channel": "Microsoft-Windows-Provisioning-Diagnostics-Provider/Admin", "Provider_Name": "Microsoft-Windows-Provisioning-Diagnostics-Provider", "Computer": "DESKTOP-OFJ6N53", "TimeCreated": "2024-05-15 14:32:02.973557+00:00", "RecordID": "2324", "Level": "4", "UserID": "S-1-5-18", "EventData.Message1": "Power.Settings.Processor.ppkg", "EventData.Message2": "{fc01e91f-914c-45af-9d7c-0b2e5fbedf62}"}
{"EventID": "20", "Channel": "Microsoft-Windows-Provisioning-Diagnostics-Provider/Admin", "Provider_Name": "Microsoft-Windows-Provisioning-Diagnostics-Provider", "Computer": "DESKTOP-OFJ6N53", "TimeCreated": "2024-05-15 14:32:02.994282+00:00", "RecordID": "2325", "Level": "4", "UserID": "S-1-5-18", "EventData.Message1": "Power.Settings.Sleep.ppkg", "EventData.Message2": "{3742e5e8-6d9d-473b-99a6-8ecc0f43548a}"}
{"EventID": "20", "Channel": "Microsoft-Windows-Provisioning-Diagnostics-Provider/Admin", "Provider_Name": "Microsoft-Windows-Provisioning-Diagnostics-Provider", "Computer": "DESKTOP-OFJ6N53", "TimeCreated": "2024-05-15 14:32:05.296347+00:00", "RecordID": "2326", "Level": "4", "UserID": "S-1-5-18", "EventData.Message1": "Microsoft.Windows.Cosa.Desktop.Client.ppkg", "EventData.Message2": "{c8a326e4-f518-4f14-b543-97a57e1a975e}"}
{"EventID": "90", "Channel": "Microsoft-Windows-Provisioning-Diagnostics-Provider/Admin", "Provider_Name": "Microsoft-Windows-Provisioning-Diagnostics-Provider", "Computer": "DESKTOP-OFJ6N53", "TimeCreated": "2024-05-31 10:56:03.687494+00:00", "RecordID": "2327", "Level": "4", "UserID": "S-1-5-18", "EventData.Message1": "LogonIdleTask", "EventData.Message2": "<Not Present>", "EventData.Message3": "<Not Present>"}
{"EventID": "20", "Channel": "Microsoft-Windows-Provisioning-Diagnostics-Provider/Admin", "Provider_Name": "Microsoft-Windows-Provisioning-Diagnostics-Provider", "Computer": "DESKTOP-OFJ6N53", "TimeCreated": "2024-05-31 10:56:05.179266+00:00", "RecordID": "2328", "Level": "4", "UserID": "S-1-5-18", "EventData.Message1": "Power.EnergyEstimationEngine.Control.ppkg", "EventData.Message2": "{1e05dd5d-a022-46c5-963c-b20de341170f}"}
{"EventID": "20", "Channel": "Microsoft-Windows-Provisioning-Diagnostics-Provider/Admin", "Provider_Name": "Microsoft-Windows-Provisioning-Diagnostics-Provider", "Computer": "DESKTOP-OFJ6N53", "TimeCreated": "2024-05-31 10:56:05.194025+00:00", "RecordID": "2329", "Level": "4", "UserID": "S-1-5-18", "EventData.Message1": "Power.EnergyEstimationEngine.CPU.ppkg", "EventData.Message2": "{c5dc3753-b6c8-4057-b396-bf13d769311c}"}
{"EventID": "20", "Channel": "Microsoft-Windows-Provisioning-Diagnostics-Provider/Admin", "Provider_Name": "Microsoft-Windows-Provisioning-Diagnostics-Provider", "Computer": "DESKTOP-OFJ6N53", "TimeCreated": "2024-05-31 10:56:05.208820+00:00", "RecordID": "2330", "Level": "4", "UserID": "S-1-5-18", "EventData.Message1": "Power.EnergyEstimationEngine.Display.ppkg", "EventData.Message2": "{ee4aac98-c174-4941-82b1-d121e493e4fb}"}
{"EventID": "20", "Channel": "Microsoft-Windows-Provisioning-Diagnostics-Provider/Admin", "Provider_Name": "Microsoft-Windows-Provisioning-Diagnostics-Provider", "Computer": "DESKTOP-OFJ6N53", "TimeCreated": "2024-05-31 10:56:05.226498+00:00", "RecordID": "2331", "Level": "4", "UserID": "S-1-5-18", "EventData.Message1": "Power.EnergyEstimationEngine.MBB.ppkg", "EventData.Message2": "{99b095d8-5959-4820-bea7-7448c8427b4e}"}
{"EventID": "20", "Channel": "Microsoft-Windows-Provisioning-Diagnostics-Provider/Admin", "Provider_Name": "Microsoft-Windows-Provisioning-Diagnostics-Provider", "Computer": "DESKTOP-OFJ6N53", "TimeCreated": "2024-05-31 10:56:05.245565+00:00", "RecordID": "2332", "Level": "4", "UserID": "S-1-5-18", "EventData.Message1": "Power.EnergyEstimationEngine.StandbyActivation.ppkg", "EventData.Message2": "{8d196d7f-3eef-48ad-8bea-be749f12d3ad}"}
{"EventID": "20", "Channel": "Microsoft-Windows-Provisioning-Diagnostics-Provider/Admin", "Provider_Name": "Microsoft-Windows-Provisioning-Diagnostics-Provider", "Computer": "DESKTOP-OFJ6N53", "TimeCreated": "2024-05-31 10:56:05.267138+00:00", "RecordID": "2333", "Level": "4", "UserID": "S-1-5-18", "EventData.Message1": "Power.EnergyEstimationEngine.Storage.ppkg", "EventData.Message2": "{9aec5bda-1e87-46b3-bb96-1a01c606555e}"}
{"EventID": "20", "Channel": "Microsoft-Windows-Provisioning-Diagnostics-Provider/Admin", "Provider_Name": "Microsoft-Windows-Provisioning-Diagnostics-Provider", "Computer": "DESKTOP-OFJ6N53", "TimeCreated": "2024-05-31 10:56:05.280725+00:00", "RecordID": "2334", "Level": "4", "UserID": "S-1-5-18", "EventData.Message1": "Power.EnergyEstimationEngine.Telemetry.ppkg", "EventData.Message2": "{8fb7d64e-70fc-4f9d-89ee-d486817534df}"}
{"EventID": "20", "Channel": "Microsoft-Windows-Provisioning-Diagnostics-Provider/Admin", "Provider_Name": "Microsoft-Windows-Provisioning-Diagnostics-Provider", "Computer": "DESKTOP-OFJ6N53", "TimeCreated": "2024-05-31 10:56:05.300323+00:00", "RecordID": "2335", "Level": "4", "UserID": "S-1-5-18", "EventData.Message1": "Power.EnergyEstimationEngine.Wifi.ppkg", "EventData.Message2": "{b0b9123d-7d7f-4c6b-9973-ceced46f2a09}"}
{"EventID": "20", "Channel": "Microsoft-Windows-Provisioning-Diagnostics-Provider/Admin", "Provider_Name": "Microsoft-Windows-Provisioning-Diagnostics-Provider", "Computer": "DESKTOP-OFJ6N53", "TimeCreated": "2024-05-31 10:56:05.317154+00:00", "RecordID": "2336", "Level": "4", "UserID": "S-1-5-18", "EventData.Message1": "Power.Settings.Battery.ppkg", "EventData.Message2": "{7a30a9be-737f-47a1-a541-6e7b0761ed19}"}
{"EventID": "20", "Channel": "Microsoft-Windows-Provisioning-Diagnostics-Provider/Admin", "Provider_Name": "Microsoft-Windows-Provisioning-Diagnostics-Provider", "Computer": "DESKTOP-OFJ6N53", "TimeCreated": "2024-05-31 10:56:05.329916+00:00", "RecordID": "2337", "Level": "4", "UserID": "S-1-5-18", "EventData.Message1": "Power.Settings.Button.ppkg", "EventData.Message2": "{18dcffd4-37d6-4bc6-87e0-4266fdbb8e49}"}
{"EventID": "20", "Channel": "Microsoft-Windows-Provisioning-Diagnostics-Provider/Admin", "Provider_Name": "Microsoft-Windows-Provisioning-Diagnostics-Provider", "Computer": "DESKTOP-OFJ6N53", "TimeCreated": "2024-05-31 10:56:05.346476+00:00", "RecordID": "2338", "Level": "4", "UserID": "S-1-5-18", "EventData.Message1": "Power.Settings.Control.ppkg", "EventData.Message2": "{5f568920-10ad-4dc0-a97e-b78a3255c351}"}
{"EventID": "20", "Channel": "Microsoft-Windows-Provisioning-Diagnostics-Provider/Admin", "Provider_Name": "Microsoft-Windows-Provisioning-Diagnostics-Provider", "Computer": "DESKTOP-OFJ6N53", "TimeCreated": "2024-05-31 10:56:05.365368+00:00", "RecordID": "2339", "Level": "4", "UserID": "S-1-5-18", "EventData.Message1": "Power.Settings.Disk.ppkg", "EventData.Message2": "{9df6a4ed-fc16-48bf-8b24-6e2ad2bfcfea}"}
{"EventID": "20", "Channel": "Microsoft-Windows-Provisioning-Diagnostics-Provider/Admin", "Provider_Name": "Microsoft-Windows-Provisioning-Diagnostics-Provider", "Computer": "DESKTOP-OFJ6N53", "TimeCreated": "2024-05-31 10:56:05.380793+00:00", "RecordID": "2340", "Level": "4", "UserID": "S-1-5-18", "EventData.Message1": "Power.Settings.Display.ppkg", "EventData.Message2": "{23cb517f-5073-4e96-a202-7fe6122a2271}"}
{"EventID": "20", "Channel": "Microsoft-Windows-Provisioning-Diagnostics-Provider/Admin", "Provider_Name": "Microsoft-Windows-Provisioning-Diagnostics-Provider", "Computer": "DESKTOP-OFJ6N53", "TimeCreated": "2024-05-31 10:56:05.392660+00:00", "RecordID": "2341", "Level": "4", "UserID": "S-1-5-18", "EventData.Message1": "Power.Settings.Graphics.ppkg", "EventData.Message2": "{bf56ce5a-946b-45b5-858a-1794eb0125e2}"}
{"EventID": "20", "Channel": "Microsoft-Windows-Provisioning-Diagnostics-Provider/Admin", "Provider_Name": "Microsoft-Windows-Provisioning-Diagnostics-Provider", "Computer": "DESKTOP-OFJ6N53", "TimeCreated": "2024-05-31 10:56:05.405088+00:00", "RecordID": "2342", "Level": "4", "UserID": "S-1-5-18", "EventData.Message1": "Power.Settings.IdleResiliency.ppkg", "EventData.Message2": "{f11899f2-71ec-4621-9997-e17ae2f6eb26}"}
{"EventID": "20", "Channel": "Microsoft-Windows-Provisioning-Diagnostics-Provider/Admin", "Provider_Name": "Microsoft-Windows-Provisioning-Diagnostics-Provider", "Computer": "DESKTOP-OFJ6N53", "TimeCreated": "2024-05-31 10:56:05.420128+00:00", "RecordID": "2343", "Level": "4", "UserID": "S-1-5-18", "EventData.Message1": "Power.Settings.PCIExpress.ppkg", "EventData.Message2": "{268c43e1-aa2b-4036-86ef-8cda98a0c2fe}"}
{"EventID": "20", "Channel": "Microsoft-Windows-Provisioning-Diagnostics-Provider/Admin", "Provider_Name": "Microsoft-Windows-Provisioning-Diagnostics-Provider", "Computer": "DESKTOP-OFJ6N53", "TimeCreated": "2024-05-31 10:56:05.436462+00:00", "RecordID": "2344", "Level": "4", "UserID": "S-1-5-18", "EventData.Message1": "Power.Settings.Processor.ppkg", "EventData.Message2": "{fc01e91f-914c-45af-9d7c-0b2e5fbedf62}"}
{"EventID": "20", "Channel": "Microsoft-Windows-Provisioning-Diagnostics-Provider/Admin", "Provider_Name": "Microsoft-Windows-Provisioning-Diagnostics-Provider", "Computer": "DESKTOP-OFJ6N53", "TimeCreated": "2024-05-31 10:56:05.450907+00:00", "RecordID": "2345", "Level": "4", "UserID": "S-1-5-18", "EventData.Message1": "Power.Settings.Sleep.ppkg", "EventData.Message2": "{3742e5e8-6d9d-473b-99a6-8ecc0f43548a}"}
{"EventID": "20", "Channel": "Microsoft-Windows-Provisioning-Diagnostics-Provider/Admin", "Provider_Name": "Microsoft-Windows-Provisioning-Diagnostics-Provider", "Computer": "DESKTOP-OFJ6N53", "TimeCreated": "2024-05-31 10:56:05.475925+00:00", "RecordID": "2346", "Level": "4", "UserID": "S-1-5-18", "EventData.Message1": "Microsoft.Windows.Cosa.Desktop.Client.ppkg", "EventData.Message2": "{c8a326e4-f518-4f14-b543-97a57e1a975e}"}
{"EventID": "90", "Channel": "Microsoft-Windows-Provisioning-Diagnostics-Provider/Admin", "Provider_Name": "Microsoft-Windows-Provisioning-Diagnostics-Provider", "Computer": "DESKTOP-OFJ6N53", "TimeCreated": "2024-06-06 12:26:59.326010+00:00", "RecordID": "2347", "Level": "4", "UserID": "S-1-5-18", "EventData.Message1": "LogonIdleTask", "EventData.Message2": "<Not Present>", "EventData.Message3": "<Not Present>"}
{"EventID": "20", "Channel": "Microsoft-Windows-Provisioning-Diagnostics-Provider/Admin", "Provider_Name": "Microsoft-Windows-Provisioning-Diagnostics-Provider", "Computer": "DESKTOP-OFJ6N53", "TimeCreated": "2024-06-06 12:27:02.187040+00:00", "RecordID": "2348", "Level": "4", "UserID": "S-1-5-18", "EventData.Message1": "Power.EnergyEstimationEngine.Control.ppkg", "EventData.Message2": "{1e05dd5d-a022-46c5-963c-b20de341170f}"}
{"EventID": "20", "Channel": "Microsoft-Windows-Provisioning-Diagnostics-Provider/Admin", "Provider_Name": "Microsoft-Windows-Provisioning-Diagnostics-Provider", "Computer": "DESKTOP-OFJ6N53", "TimeCreated": "2024-06-06 12:27:02.197754+00:00", "RecordID": "2349", "Level": "4", "UserID": "S-1-5-18", "EventData.Message1": "Power.EnergyEstimationEngine.CPU.ppkg", "EventData.Message2": "{c5dc3753-b6c8-4057-b396-bf13d769311c}"}
{"EventID": "20", "Channel": "Microsoft-Windows-Provisioning-Diagnostics-Provider/Admin", "Provider_Name": "Microsoft-Windows-Provisioning-Diagnostics-Provider", "Computer": "DESKTOP-OFJ6N53", "TimeCreated": "2024-06-06 12:27:02.209257+00:00", "RecordID": "2350", "Level": "4", "UserID": "S-1-5-18", "EventData.Message1": "Power.EnergyEstimationEngine.Display.ppkg", "EventData.Message2": "{ee4aac98-c174-4941-82b1-d121e493e4fb}"}
{"EventID": "20", "Channel": "Microsoft-Windows-Provisioning-Diagnostics-Provider/Admin", "Provider_Name": "Microsoft-Windows-Provisioning-Diagnostics-Provider", "Computer": "DESKTOP-OFJ6N53", "TimeCreated": "2024-06-06 12:27:02.231911+00:00", "RecordID": "2351", "Level": "4", "UserID": "S-1-5-18", "EventData.Message1": "Power.EnergyEstimationEngine.MBB.ppkg", "EventData.Message2": "{99b095d8-5959-4820-bea7-7448c8427b4e}"}
{"EventID": "20", "Channel": "Microsoft-Windows-Provisioning-Diagnostics-Provider/Admin", "Provider_Name": "Microsoft-Windows-Provisioning-Diagnostics-Provider", "Computer": "DESKTOP-OFJ6N53", "TimeCreated": "2024-06-06 12:27:02.243717+00:00", "RecordID": "2352", "Level": "4", "UserID": "S-1-5-18", "EventData.Message1": "Power.EnergyEstimationEngine.StandbyActivation.ppkg", "EventData.Message2": "{8d196d7f-3eef-48ad-8bea-be749f12d3ad}"}
{"EventID": "20", "Channel": "Microsoft-Windows-Provisioning-Diagnostics-Provider/Admin", "Provider_Name": "Microsoft-Windows-Provisioning-Diagnostics-Provider", "Computer": "DESKTOP-OFJ6N53", "TimeCreated": "2024-06-06 12:27:02.357676+00:00", "RecordID": "2353", "Level": "4", "UserID": "S-1-5-18", "EventData.Message1": "Power.EnergyEstimationEngine.Storage.ppkg", "EventData.Message2": "{9aec5bda-1e87-46b3-bb96-1a01c606555e}"}
{"EventID": "20", "Channel": "Microsoft-Windows-Provisioning-Diagnostics-Provider/Admin", "Provider_Name": "Microsoft-Windows-Provisioning-Diagnostics-Provider", "Computer": "DESKTOP-OFJ6N53", "TimeCreated": "2024-06-06 12:27:02.368914+00:00", "RecordID": "2354", "Level": "4", "UserID": "S-1-5-18", "EventData.Message1": "Power.EnergyEstimationEngine.Telemetry.ppkg", "EventData.Message2": "{8fb7d64e-70fc-4f9d-89ee-d486817534df}"}
{"EventID": "20", "Channel": "Microsoft-Windows-Provisioning-Diagnostics-Provider/Admin", "Provider_Name": "Microsoft-Windows-Provisioning-Diagnostics-Provider", "Computer": "DESKTOP-OFJ6N53", "TimeCreated": "2024-06-06 12:27:02.379618+00:00", "RecordID": "2355", "Level": "4", "UserID": "S-1-5-18", "EventData.Message1": "Power.EnergyEstimationEngine.Wifi.ppkg", "EventData.Message2": "{b0b9123d-7d7f-4c6b-9973-ceced46f2a09}"}
{"EventID": "20", "Channel": "Microsoft-Windows-Provisioning-Diagnostics-Provider/Admin", "Provider_Name": "Microsoft-Windows-Provisioning-Diagnostics-Provider", "Computer": "DESKTOP-OFJ6N53", "TimeCreated": "2024-06-06 12:27:02.390787+00:00", "RecordID": "2356", "Level": "4", "UserID": "S-1-5-18", "EventData.Message1": "Power.Settings.Battery.ppkg", "EventData.Message2": "{7a30a9be-737f-47a1-a541-6e7b0761ed19}"}
{"EventID": "20", "Channel": "Microsoft-Windows-Provisioning-Diagnostics-Provider/Admin", "Provider_Name": "Microsoft-Windows-Provisioning-Diagnostics-Provider", "Computer": "DESKTOP-OFJ6N53", "TimeCreated": "2024-06-06 12:27:02.400471+00:00", "RecordID": "2357", "Level": "4", "UserID": "S-1-5-18", "EventData.Message1": "Power.Settings.Button.ppkg", "EventData.Message2": "{18dcffd4-37d6-4bc6-87e0-4266fdbb8e49}"}
{"EventID": "20", "Channel": "Microsoft-Windows-Provisioning-Diagnostics-Provider/Admin", "Provider_Name": "Microsoft-Windows-Provisioning-Diagnostics-Provider", "Computer": "DESKTOP-OFJ6N53", "TimeCreated": "2024-06-06 12:27:02.413799+00:00", "RecordID": "2358", "Level": "4", "UserID": "S-1-5-18", "EventData.Message1": "Power.Settings.Control.ppkg", "EventData.Message2": "{5f568920-10ad-4dc0-a97e-b78a3255c351}"}
{"EventID": "20", "Channel": "Microsoft-Windows-Provisioning-Diagnostics-Provider/Admin", "Provider_Name": "Microsoft-Windows-Provisioning-Diagnostics-Provider", "Computer": "DESKTOP-OFJ6N53", "TimeCreated": "2024-06-06 12:27:02.425646+00:00", "RecordID": "2359", "Level": "4", "UserID": "S-1-5-18", "EventData.Message1": "Power.Settings.Disk.ppkg", "EventData.Message2": "{9df6a4ed-fc16-48bf-8b24-6e2ad2bfcfea}"}
{"EventID": "20", "Channel": "Microsoft-Windows-Provisioning-Diagnostics-Provider/Admin", "Provider_Name": "Microsoft-Windows-Provisioning-Diagnostics-Provider", "Computer": "DESKTOP-OFJ6N53", "TimeCreated": "2024-06-06 12:27:02.436016+00:00", "RecordID": "2360", "Level": "4", "UserID": "S-1-5-18", "EventData.Message1": "Power.Settings.Display.ppkg", "EventData.Message2": "{23cb517f-5073-4e96-a202-7fe6122a2271}"}
{"EventID": "20", "Channel": "Microsoft-Windows-Provisioning-Diagnostics-Provider/Admin", "Provider_Name": "Microsoft-Windows-Provisioning-Diagnostics-Provider", "Computer": "DESKTOP-OFJ6N53", "TimeCreated": "2024-06-06 12:27:02.446404+00:00", "RecordID": "2361", "Level": "4", "UserID": "S-1-5-18", "EventData.Message1": "Power.Settings.Graphics.ppkg", "EventData.Message2": "{bf56ce5a-946b-45b5-858a-1794eb0125e2}"}
{"EventID": "20", "Channel": "Microsoft-Windows-Provisioning-Diagnostics-Provider/Admin", "Provider_Name": "Microsoft-Windows-Provisioning-Diagnostics-Provider", "Computer": "DESKTOP-OFJ6N53", "TimeCreated": "2024-06-06 12:27:02.455671+00:00", "RecordID": "2362", "Level": "4", "UserID": "S-1-5-18", "EventData.Message1": "Power.Settings.IdleResiliency.ppkg", "EventData.Message2": "{f11899f2-71ec-4621-9997-e17ae2f6eb26}"}
{"EventID": "20", "Channel": "Microsoft-Windows-Provisioning-Diagnostics-Provider/Admin", "Provider_Name": "Microsoft-Windows-Provisioning-Diagnostics-Provider", "Computer": "DESKTOP-OFJ6N53", "TimeCreated": "2024-06-06 12:27:02.465693+00:00", "RecordID": "2363", "Level": "4", "UserID": "S-1-5-18", "EventData.Message1": "Power.Settings.PCIExpress.ppkg", "EventData.Message2": "{268c43e1-aa2b-4036-86ef-8cda98a0c2fe}"}
{"EventID": "20", "Channel": "Microsoft-Windows-Provisioning-Diagnostics-Provider/Admin", "Provider_Name": "Microsoft-Windows-Provisioning-Diagnostics-Provider", "Computer": "DESKTOP-OFJ6N53", "TimeCreated": "2024-06-06 12:27:02.585621+00:00", "RecordID": "2364", "Level": "4", "UserID": "S-1-5-18", "EventData.Message1": "Power.Settings.Processor.ppkg", "EventData.Message2": "{fc01e91f-914c-45af-9d7c-0b2e5fbedf62}"}
{"EventID": "20", "Channel": "Microsoft-Windows-Provisioning-Diagnostics-Provider/Admin", "Provider_Name": "Microsoft-Windows-Provisioning-Diagnostics-Provider", "Computer": "DESKTOP-OFJ6N53", "TimeCreated": "2024-06-06 12:27:02.602512+00:00", "RecordID": "2365", "Level": "4", "UserID": "S-1-5-18", "EventData.Message1": "Power.Settings.Sleep.ppkg", "EventData.Message2": "{3742e5e8-6d9d-473b-99a6-8ecc0f43548a}"}
{"EventID": "20", "Channel": "Microsoft-Windows-Provisioning-Diagnostics-Provider/Admin", "Provider_Name": "Microsoft-Windows-Provisioning-Diagnostics-Provider", "Computer": "DESKTOP-OFJ6N53", "TimeCreated": "2024-06-06 12:27:02.665070+00:00", "RecordID": "2366", "Level": "4", "UserID": "S-1-5-18", "EventData.Message1": "Microsoft.Windows.Cosa.Desktop.Client.ppkg", "EventData.Message2": "{c8a326e4-f518-4f14-b543-97a57e1a975e}"}
{"EventID": "90", "Channel": "Microsoft-Windows-Provisioning-Diagnostics-Provider/Admin", "Provider_Name": "Microsoft-Windows-Provisioning-Diagnostics-Provider", "Computer": "DESKTOP-OFJ6N53", "TimeCreated": "2024-06-13 10:10:50.556271+00:00", "RecordID": "2367", "Level": "4", "UserID": "S-1-5-18", "EventData.Message1": "LogonIdleTask", "EventData.Message2": "<Not Present>", "EventData.Message3": "<Not Present>"}
{"EventID": "20", "Channel": "Microsoft-Windows-Provisioning-Diagnostics-Provider/Admin", "Provider_Name": "Microsoft-Windows-Provisioning-Diagnostics-Provider", "Computer": "DESKTOP-OFJ6N53", "TimeCreated": "2024-06-13 10:10:58.674648+00:00", "RecordID": "2368", "Level": "4", "UserID": "S-1-5-18", "EventData.Message1": "Power.EnergyEstimationEngine.Control.ppkg", "EventData.Message2": "{1e05dd5d-a022-46c5-963c-b20de341170f}"}
{"EventID": "20", "Channel": "Microsoft-Windows-Provisioning-Diagnostics-Provider/Admin", "Provider_Name": "Microsoft-Windows-Provisioning-Diagnostics-Provider", "Computer": "DESKTOP-OFJ6N53", "TimeCreated": "2024-06-13 10:10:58.689209+00:00", "RecordID": "2369", "Level": "4", "UserID": "S-1-5-18", "EventData.Message1": "Power.EnergyEstimationEngine.CPU.ppkg", "EventData.Message2": "{c5dc3753-b6c8-4057-b396-bf13d769311c}"}
{"EventID": "20", "Channel": "Microsoft-Windows-Provisioning-Diagnostics-Provider/Admin", "Provider_Name": "Microsoft-Windows-Provisioning-Diagnostics-Provider", "Computer": "DESKTOP-OFJ6N53", "TimeCreated": "2024-06-13 10:10:58.711262+00:00", "RecordID": "2370", "Level": "4", "UserID": "S-1-5-18", "EventData.Message1": "Power.EnergyEstimationEngine.Display.ppkg", "EventData.Message2": "{ee4aac98-c174-4941-82b1-d121e493e4fb}"}
{"EventID": "20", "Channel": "Microsoft-Windows-Provisioning-Diagnostics-Provider/Admin", "Provider_Name": "Microsoft-Windows-Provisioning-Diagnostics-Provider", "Computer": "DESKTOP-OFJ6N53", "TimeCreated": "2024-06-13 10:10:58.724720+00:00", "RecordID": "2371", "Level": "4", "UserID": "S-1-5-18", "EventData.Message1": "Power.EnergyEstimationEngine.MBB.ppkg", "EventData.Message2": "{99b095d8-5959-4820-bea7-7448c8427b4e}"}
{"EventID": "20", "Channel": "Microsoft-Windows-Provisioning-Diagnostics-Provider/Admin", "Provider_Name": "Microsoft-Windows-Provisioning-Diagnostics-Provider", "Computer": "DESKTOP-OFJ6N53", "TimeCreated": "2024-06-13 10:10:58.741535+00:00", "RecordID": "2372", "Level": "4", "UserID": "S-1-5-18", "EventData.Message1": "Power.EnergyEstimationEngine.StandbyActivation.ppkg", "EventData.Message2": "{8d196d7f-3eef-48ad-8bea-be749f12d3ad}"}
{"EventID": "20", "Channel": "Microsoft-Windows-Provisioning-Diagnostics-Provider/Admin", "Provider_Name": "Microsoft-Windows-Provisioning-Diagnostics-Provider", "Computer": "DESKTOP-OFJ6N53", "TimeCreated": "2024-06-13 10:10:58.758261+00:00", "RecordID": "2373", "Level": "4", "UserID": "S-1-5-18", "EventData.Message1": "Power.EnergyEstimationEngine.Storage.ppkg", "EventData.Message2": "{9aec5bda-1e87-46b3-bb96-1a01c606555e}"}
{"EventID": "20", "Channel": "Microsoft-Windows-Provisioning-Diagnostics-Provider/Admin", "Provider_Name": "Microsoft-Windows-Provisioning-Diagnostics-Provider", "Computer": "DESKTOP-OFJ6N53", "TimeCreated": "2024-06-13 10:10:58.774952+00:00", "RecordID": "2374", "Level": "4", "UserID": "S-1-5-18", "EventData.Message1": "Power.EnergyEstimationEngine.Telemetry.ppkg", "EventData.Message2": "{8fb7d64e-70fc-4f9d-89ee-d486817534df}"}
{"EventID": "20", "Channel": "Microsoft-Windows-Provisioning-Diagnostics-Provider/Admin", "Provider_Name": "Microsoft-Windows-Provisioning-Diagnostics-Provider", "Computer": "DESKTOP-OFJ6N53", "TimeCreated": "2024-06-13 10:10:58.792519+00:00", "RecordID": "2375", "Level": "4", "UserID": "S-1-5-18", "EventData.Message1": "Power.EnergyEstimationEngine.Wifi.ppkg", "EventData.Message2": "{b0b9123d-7d7f-4c6b-9973-ceced46f2a09}"}
{"EventID": "20", "Channel": "Microsoft-Windows-Provisioning-Diagnostics-Provider/Admin", "Provider_Name": "Microsoft-Windows-Provisioning-Diagnostics-Provider", "Computer": "DESKTOP-OFJ6N53", "TimeCreated": "2024-06-13 10:10:58.807280+00:00", "RecordID": "2376", "Level": "4", "UserID": "S-1-5-18", "EventData.Message1": "Power.Settings.Battery.ppkg", "EventData.Message2": "{7a30a9be-737f-47a1-a541-6e7b0761ed19}"}
{"EventID": "20", "Channel": "Microsoft-Windows-Provisioning-Diagnostics-Provider/Admin", "Provider_Name": "Microsoft-Windows-Provisioning-Diagnostics-Provider", "Computer": "DESKTOP-OFJ6N53", "TimeCreated": "2024-06-13 10:10:58.940950+00:00", "RecordID": "2377", "Level": "4", "UserID": "S-1-5-18", "EventData.Message1": "Power.Settings.Button.ppkg", "EventData.Message2": "{18dcffd4-37d6-4bc6-87e0-4266fdbb8e49}"}
{"EventID": "20", "Channel": "Microsoft-Windows-Provisioning-Diagnostics-Provider/Admin", "Provider_Name": "Microsoft-Windows-Provisioning-Diagnostics-Provider", "Computer": "DESKTOP-OFJ6N53", "TimeCreated": "2024-06-13 10:10:58.956345+00:00", "RecordID": "2378", "Level": "4", "UserID": "S-1-5-18", "EventData.Message1": "Power.Settings.Control.ppkg", "EventData.Message2": "{5f568920-10ad-4dc0-a97e-b78a3255c351}"}
{"EventID": "20", "Channel": "Microsoft-Windows-Provisioning-Diagnostics-Provider/Admin", "Provider_Name": "Microsoft-Windows-Provisioning-Diagnostics-Provider", "Computer": "DESKTOP-OFJ6N53", "TimeCreated": "2024-06-13 10:10:59.065151+00:00", "RecordID": "2379", "Level": "4", "UserID": "S-1-5-18", "EventData.Message1": "Power.Settings.Disk.ppkg", "EventData.Message2": "{9df6a4ed-fc16-48bf-8b24-6e2ad2bfcfea}"}
{"EventID": "20", "Channel": "Microsoft-Windows-Provisioning-Diagnostics-Provider/Admin", "Provider_Name": "Microsoft-Windows-Provisioning-Diagnostics-Provider", "Computer": "DESKTOP-OFJ6N53", "TimeCreated": "2024-06-13 10:10:59.124565+00:00", "RecordID": "2380", "Level": "4", "UserID": "S-1-5-18", "EventData.Message1": "Power.Settings.Display.ppkg", "EventData.Message2": "{23cb517f-5073-4e96-a202-7fe6122a2271}"}
{"EventID": "20", "Channel": "Microsoft-Windows-Provisioning-Diagnostics-Provider/Admin", "Provider_Name": "Microsoft-Windows-Provisioning-Diagnostics-Provider", "Computer": "DESKTOP-OFJ6N53", "TimeCreated": "2024-06-13 10:10:59.138201+00:00", "RecordID": "2381", "Level": "4", "UserID": "S-1-5-18", "EventData.Message1": "Power.Settings.Graphics.ppkg", "EventData.Message2": "{bf56ce5a-946b-45b5-858a-1794eb0125e2}"}
{"EventID": "20", "Channel": "Microsoft-Windows-Provisioning-Diagnostics-Provider/Admin", "Provider_Name": "Microsoft-Windows-Provisioning-Diagnostics-Provider", "Computer": "DESKTOP-OFJ6N53", "TimeCreated": "2024-06-13 10:10:59.152927+00:00", "RecordID": "2382", "Level": "4", "UserID": "S-1-5-18", "EventData.Message1": "Power.Settings.IdleResiliency.ppkg", "EventData.Message2": "{f11899f2-71ec-4621-9997-e17ae2f6eb26}"}
{"EventID": "20", "Channel": "Microsoft-Windows-Provisioning-Diagnostics-Provider/Admin", "Provider_Name": "Microsoft-Windows-Provisioning-Diagnostics-Provider", "Computer": "DESKTOP-OFJ6N53", "TimeCreated": "2024-06-13 10:10:59.230429+00:00", "RecordID": "2383", "Level": "4", "UserID": "S-1-5-18", "EventData.Message1": "Power.Settings.PCIExpress.ppkg", "EventData.Message2": "{268c43e1-aa2b-4036-86ef-8cda98a0c2fe}"}
{"EventID": "20", "Channel": "Microsoft-Windows-Provisioning-Diagnostics-Provider/Admin", "Provider_Name": "Microsoft-Windows-Provisioning-Diagnostics-Provider", "Computer": "DESKTOP-OFJ6N53", "TimeCreated": "2024-06-13 10:10:59.245115+00:00", "RecordID": "2384", "Level": "4", "UserID": "S-1-5-18", "EventData.Message1": "Power.Settings.Processor.ppkg", "EventData.Message2": "{fc01e91f-914c-45af-9d7c-0b2e5fbedf62}"}
{"EventID": "20", "Channel": "Microsoft-Windows-Provisioning-Diagnostics-Provider/Admin", "Provider_Name": "Microsoft-Windows-Provisioning-Diagnostics-Provider", "Computer": "DESKTOP-OFJ6N53", "TimeCreated": "2024-06-13 10:10:59.283625+00:00", "RecordID": "2385", "Level": "4", "UserID": "S-1-5-18", "EventData.Message1": "Power.Settings.Sleep.ppkg", "EventData.Message2": "{3742e5e8-6d9d-473b-99a6-8ecc0f43548a}"}
{"EventID": "20", "Channel": "Microsoft-Windows-Provisioning-Diagnostics-Provider/Admin", "Provider_Name": "Microsoft-Windows-Provisioning-Diagnostics-Provider", "Computer": "DESKTOP-OFJ6N53", "TimeCreated": "2024-06-13 10:10:59.679171+00:00", "RecordID": "2386", "Level": "4", "UserID": "S-1-5-18", "EventData.Message1": "Microsoft.Windows.Cosa.Desktop.Client.ppkg", "EventData.Message2": "{c8a326e4-f518-4f14-b543-97a57e1a975e}"}
{"EventID": "90", "Channel": "Microsoft-Windows-Provisioning-Diagnostics-Provider/Admin", "Provider_Name": "Microsoft-Windows-Provisioning-Diagnostics-Provider", "Computer": "DESKTOP-OFJ6N53", "TimeCreated": "2024-06-13 10:34:31.802694+00:00", "RecordID": "2387", "Level": "4", "UserID": "S-1-5-18", "EventData.Message1": "LogonIdleTask", "EventData.Message2": "<Not Present>", "EventData.Message3": "<Not Present>"}
{"EventID": "20", "Channel": "Microsoft-Windows-Provisioning-Diagnostics-Provider/Admin", "Provider_Name": "Microsoft-Windows-Provisioning-Diagnostics-Provider", "Computer": "DESKTOP-OFJ6N53", "TimeCreated": "2024-06-13 10:34:34.252703+00:00", "RecordID": "2388", "Level": "4", "UserID": "S-1-5-18", "EventData.Message1": "Power.EnergyEstimationEngine.Control.ppkg", "EventData.Message2": "{1e05dd5d-a022-46c5-963c-b20de341170f}"}
{"EventID": "20", "Channel": "Microsoft-Windows-Provisioning-Diagnostics-Provider/Admin", "Provider_Name": "Microsoft-Windows-Provisioning-Diagnostics-Provider", "Computer": "DESKTOP-OFJ6N53", "TimeCreated": "2024-06-13 10:34:34.264460+00:00", "RecordID": "2389", "Level": "4", "UserID": "S-1-5-18", "EventData.Message1": "Power.EnergyEstimationEngine.CPU.ppkg", "EventData.Message2": "{c5dc3753-b6c8-4057-b396-bf13d769311c}"}
{"EventID": "20", "Channel": "Microsoft-Windows-Provisioning-Diagnostics-Provider/Admin", "Provider_Name": "Microsoft-Windows-Provisioning-Diagnostics-Provider", "Computer": "DESKTOP-OFJ6N53", "TimeCreated": "2024-06-13 10:34:34.278330+00:00", "RecordID": "2390", "Level": "4", "UserID": "S-1-5-18", "EventData.Message1": "Power.EnergyEstimationEngine.Display.ppkg", "EventData.Message2": "{ee4aac98-c174-4941-82b1-d121e493e4fb}"}
{"EventID": "20", "Channel": "Microsoft-Windows-Provisioning-Diagnostics-Provider/Admin", "Provider_Name": "Microsoft-Windows-Provisioning-Diagnostics-Provider", "Computer": "DESKTOP-OFJ6N53", "TimeCreated": "2024-06-13 10:34:34.354939+00:00", "RecordID": "2391", "Level": "4", "UserID": "S-1-5-18", "EventData.Message1": "Power.EnergyEstimationEngine.MBB.ppkg", "EventData.Message2": "{99b095d8-5959-4820-bea7-7448c8427b4e}"}
{"EventID": "20", "Channel": "Microsoft-Windows-Provisioning-Diagnostics-Provider/Admin", "Provider_Name": "Microsoft-Windows-Provisioning-Diagnostics-Provider", "Computer": "DESKTOP-OFJ6N53", "TimeCreated": "2024-06-13 10:34:34.380745+00:00", "RecordID": "2392", "Level": "4", "UserID": "S-1-5-18", "EventData.Message1": "Power.EnergyEstimationEngine.StandbyActivation.ppkg", "EventData.Message2": "{8d196d7f-3eef-48ad-8bea-be749f12d3ad}"}
{"EventID": "20", "Channel": "Microsoft-Windows-Provisioning-Diagnostics-Provider/Admin", "Provider_Name": "Microsoft-Windows-Provisioning-Diagnostics-Provider", "Computer": "DESKTOP-OFJ6N53", "TimeCreated": "2024-06-13 10:34:34.395916+00:00", "RecordID": "2393", "Level": "4", "UserID": "S-1-5-18", "EventData.Message1": "Power.EnergyEstimationEngine.Storage.ppkg", "EventData.Message2": "{9aec5bda-1e87-46b3-bb96-1a01c606555e}"}
{"EventID": "20", "Channel": "Microsoft-Windows-Provisioning-Diagnostics-Provider/Admin", "Provider_Name": "Microsoft-Windows-Provisioning-Diagnostics-Provider", "Computer": "DESKTOP-OFJ6N53", "TimeCreated": "2024-06-13 10:34:34.409554+00:00", "RecordID": "2394", "Level": "4", "UserID": "S-1-5-18", "EventData.Message1": "Power.EnergyEstimationEngine.Telemetry.ppkg", "EventData.Message2": "{8fb7d64e-70fc-4f9d-89ee-d486817534df}"}
{"EventID": "20", "Channel": "Microsoft-Windows-Provisioning-Diagnostics-Provider/Admin", "Provider_Name": "Microsoft-Windows-Provisioning-Diagnostics-Provider", "Computer": "DESKTOP-OFJ6N53", "TimeCreated": "2024-06-13 10:34:34.424583+00:00", "RecordID": "2395", "Level": "4", "UserID": "S-1-5-18", "EventData.Message1": "Power.EnergyEstimationEngine.Wifi.ppkg", "EventData.Message2": "{b0b9123d-7d7f-4c6b-9973-ceced46f2a09}"}
{"EventID": "20", "Channel": "Microsoft-Windows-Provisioning-Diagnostics-Provider/Admin", "Provider_Name": "Microsoft-Windows-Provisioning-Diagnostics-Provider", "Computer": "DESKTOP-OFJ6N53", "TimeCreated": "2024-06-13 10:34:34.443342+00:00", "RecordID": "2396", "Level": "4", "UserID": "S-1-5-18", "EventData.Message1": "Power.Settings.Battery.ppkg", "EventData.Message2": "{7a30a9be-737f-47a1-a541-6e7b0761ed19}"}
{"EventID": "20", "Channel": "Microsoft-Windows-Provisioning-Diagnostics-Provider/Admin", "Provider_Name": "Microsoft-Windows-Provisioning-Diagnostics-Provider", "Computer": "DESKTOP-OFJ6N53", "TimeCreated": "2024-06-13 10:34:34.456394+00:00", "RecordID": "2397", "Level": "4", "UserID": "S-1-5-18", "EventData.Message1": "Power.Settings.Button.ppkg", "EventData.Message2": "{18dcffd4-37d6-4bc6-87e0-4266fdbb8e49}"}
{"EventID": "20", "Channel": "Microsoft-Windows-Provisioning-Diagnostics-Provider/Admin", "Provider_Name": "Microsoft-Windows-Provisioning-Diagnostics-Provider", "Computer": "DESKTOP-OFJ6N53", "TimeCreated": "2024-06-13 10:34:34.469513+00:00", "RecordID": "2398", "Level": "4", "UserID": "S-1-5-18", "EventData.Message1": "Power.Settings.Control.ppkg", "EventData.Message2": "{5f568920-10ad-4dc0-a97e-b78a3255c351}"}
{"EventID": "20", "Channel": "Microsoft-Windows-Provisioning-Diagnostics-Provider/Admin", "Provider_Name": "Microsoft-Windows-Provisioning-Diagnostics-Provider", "Computer": "DESKTOP-OFJ6N53", "TimeCreated": "2024-06-13 10:34:34.487059+00:00", "RecordID": "2399", "Level": "4", "UserID": "S-1-5-18", "EventData.Message1": "Power.Settings.Disk.ppkg", "EventData.Message2": "{9df6a4ed-fc16-48bf-8b24-6e2ad2bfcfea}"}
{"EventID": "20", "Channel": "Microsoft-Windows-Provisioning-Diagnostics-Provider/Admin", "Provider_Name": "Microsoft-Windows-Provisioning-Diagnostics-Provider", "Computer": "DESKTOP-OFJ6N53", "TimeCreated": "2024-06-13 10:34:34.499714+00:00", "RecordID": "2400", "Level": "4", "UserID": "S-1-5-18", "EventData.Message1": "Power.Settings.Display.ppkg", "EventData.Message2": "{23cb517f-5073-4e96-a202-7fe6122a2271}"}
{"EventID": "20", "Channel": "Microsoft-Windows-Provisioning-Diagnostics-Provider/Admin", "Provider_Name": "Microsoft-Windows-Provisioning-Diagnostics-Provider", "Computer": "DESKTOP-OFJ6N53", "TimeCreated": "2024-06-13 10:34:34.513506+00:00", "RecordID": "2401", "Level": "4", "UserID": "S-1-5-18", "EventData.Message1": "Power.Settings.Graphics.ppkg", "EventData.Message2": "{bf56ce5a-946b-45b5-858a-1794eb0125e2}"}
{"EventID": "20", "Channel": "Microsoft-Windows-Provisioning-Diagnostics-Provider/Admin", "Provider_Name": "Microsoft-Windows-Provisioning-Diagnostics-Provider", "Computer": "DESKTOP-OFJ6N53", "TimeCreated": "2024-06-13 10:34:34.525370+00:00", "RecordID": "2402", "Level": "4", "UserID": "S-1-5-18", "EventData.Message1": "Power.Settings.IdleResiliency.ppkg", "EventData.Message2": "{f11899f2-71ec-4621-9997-e17ae2f6eb26}"}
{"EventID": "20", "Channel": "Microsoft-Windows-Provisioning-Diagnostics-Provider/Admin", "Provider_Name": "Microsoft-Windows-Provisioning-Diagnostics-Provider", "Computer": "DESKTOP-OFJ6N53", "TimeCreated": "2024-06-13 10:34:34.535755+00:00", "RecordID": "2403", "Level": "4", "UserID": "S-1-5-18", "EventData.Message1": "Power.Settings.PCIExpress.ppkg", "EventData.Message2": "{268c43e1-aa2b-4036-86ef-8cda98a0c2fe}"}
{"EventID": "20", "Channel": "Microsoft-Windows-Provisioning-Diagnostics-Provider/Admin", "Provider_Name": "Microsoft-Windows-Provisioning-Diagnostics-Provider", "Computer": "DESKTOP-OFJ6N53", "TimeCreated": "2024-06-13 10:34:34.549616+00:00", "RecordID": "2404", "Level": "4", "UserID": "S-1-5-18", "EventData.Message1": "Power.Settings.Processor.ppkg", "EventData.Message2": "{fc01e91f-914c-45af-9d7c-0b2e5fbedf62}"}
{"EventID": "20", "Channel": "Microsoft-Windows-Provisioning-Diagnostics-Provider/Admin", "Provider_Name": "Microsoft-Windows-Provisioning-Diagnostics-Provider", "Computer": "DESKTOP-OFJ6N53", "TimeCreated": "2024-06-13 10:34:34.560892+00:00", "RecordID": "2405", "Level": "4", "UserID": "S-1-5-18", "EventData.Message1": "Power.Settings.Sleep.ppkg", "EventData.Message2": "{3742e5e8-6d9d-473b-99a6-8ecc0f43548a}"}
{"EventID": "20", "Channel": "Microsoft-Windows-Provisioning-Diagnostics-Provider/Admin", "Provider_Name": "Microsoft-Windows-Provisioning-Diagnostics-Provider", "Computer": "DESKTOP-OFJ6N53", "TimeCreated": "2024-06-13 10:34:34.686523+00:00", "RecordID": "2406", "Level": "4", "UserID": "S-1-5-18", "EventData.Message1": "Microsoft.Windows.Cosa.Desktop.Client.ppkg", "EventData.Message2": "{c8a326e4-f518-4f14-b543-97a57e1a975e}"}
{"EventID": "90", "Channel": "Microsoft-Windows-Provisioning-Diagnostics-Provider/Admin", "Provider_Name": "Microsoft-Windows-Provisioning-Diagnostics-Provider", "Computer": "DESKTOP-OFJ6N53", "TimeCreated": "2024-07-04 10:20:26.620502+00:00", "RecordID": "2407", "Level": "4", "UserID": "S-1-5-18", "EventData.Message1": "LogonIdleTask", "EventData.Message2": "<Not Present>", "EventData.Message3": "<Not Present>"}
{"EventID": "20", "Channel": "Microsoft-Windows-Provisioning-Diagnostics-Provider/Admin", "Provider_Name": "Microsoft-Windows-Provisioning-Diagnostics-Provider", "Computer": "DESKTOP-OFJ6N53", "TimeCreated": "2024-07-04 10:20:30.605030+00:00", "RecordID": "2408", "Level": "4", "UserID": "S-1-5-18", "EventData.Message1": "Power.EnergyEstimationEngine.Control.ppkg", "EventData.Message2": "{1e05dd5d-a022-46c5-963c-b20de341170f}"}
{"EventID": "20", "Channel": "Microsoft-Windows-Provisioning-Diagnostics-Provider/Admin", "Provider_Name": "Microsoft-Windows-Provisioning-Diagnostics-Provider", "Computer": "DESKTOP-OFJ6N53", "TimeCreated": "2024-07-04 10:20:30.628176+00:00", "RecordID": "2409", "Level": "4", "UserID": "S-1-5-18", "EventData.Message1": "Power.EnergyEstimationEngine.CPU.ppkg", "EventData.Message2": "{c5dc3753-b6c8-4057-b396-bf13d769311c}"}
{"EventID": "20", "Channel": "Microsoft-Windows-Provisioning-Diagnostics-Provider/Admin", "Provider_Name": "Microsoft-Windows-Provisioning-Diagnostics-Provider", "Computer": "DESKTOP-OFJ6N53", "TimeCreated": "2024-07-04 10:20:30.853394+00:00", "RecordID": "2410", "Level": "4", "UserID": "S-1-5-18", "EventData.Message1": "Power.EnergyEstimationEngine.Display.ppkg", "EventData.Message2": "{ee4aac98-c174-4941-82b1-d121e493e4fb}"}
{"EventID": "20", "Channel": "Microsoft-Windows-Provisioning-Diagnostics-Provider/Admin", "Provider_Name": "Microsoft-Windows-Provisioning-Diagnostics-Provider", "Computer": "DESKTOP-OFJ6N53", "TimeCreated": "2024-07-04 10:20:30.978109+00:00", "RecordID": "2411", "Level": "4", "UserID": "S-1-5-18", "EventData.Message1": "Power.EnergyEstimationEngine.MBB.ppkg", "EventData.Message2": "{99b095d8-5959-4820-bea7-7448c8427b4e}"}
{"EventID": "20", "Channel": "Microsoft-Windows-Provisioning-Diagnostics-Provider/Admin", "Provider_Name": "Microsoft-Windows-Provisioning-Diagnostics-Provider", "Computer": "DESKTOP-OFJ6N53", "TimeCreated": "2024-07-04 10:20:31.009092+00:00", "RecordID": "2412", "Level": "4", "UserID": "S-1-5-18", "EventData.Message1": "Power.EnergyEstimationEngine.StandbyActivation.ppkg", "EventData.Message2": "{8d196d7f-3eef-48ad-8bea-be749f12d3ad}"}
{"EventID": "20", "Channel": "Microsoft-Windows-Provisioning-Diagnostics-Provider/Admin", "Provider_Name": "Microsoft-Windows-Provisioning-Diagnostics-Provider", "Computer": "DESKTOP-OFJ6N53", "TimeCreated": "2024-07-04 10:20:31.136114+00:00", "RecordID": "2413", "Level": "4", "UserID": "S-1-5-18", "EventData.Message1": "Power.EnergyEstimationEngine.Storage.ppkg", "EventData.Message2": "{9aec5bda-1e87-46b3-bb96-1a01c606555e}"}
{"EventID": "20", "Channel": "Microsoft-Windows-Provisioning-Diagnostics-Provider/Admin", "Provider_Name": "Microsoft-Windows-Provisioning-Diagnostics-Provider", "Computer": "DESKTOP-OFJ6N53", "TimeCreated": "2024-07-04 10:20:31.321045+00:00", "RecordID": "2414", "Level": "4", "UserID": "S-1-5-18", "EventData.Message1": "Power.EnergyEstimationEngine.Telemetry.ppkg", "EventData.Message2": "{8fb7d64e-70fc-4f9d-89ee-d486817534df}"}
{"EventID": "20", "Channel": "Microsoft-Windows-Provisioning-Diagnostics-Provider/Admin", "Provider_Name": "Microsoft-Windows-Provisioning-Diagnostics-Provider", "Computer": "DESKTOP-OFJ6N53", "TimeCreated": "2024-07-04 10:20:31.355217+00:00", "RecordID": "2415", "Level": "4", "UserID": "S-1-5-18", "EventData.Message1": "Power.EnergyEstimationEngine.Wifi.ppkg", "EventData.Message2": "{b0b9123d-7d7f-4c6b-9973-ceced46f2a09}"}
{"EventID": "20", "Channel": "Microsoft-Windows-Provisioning-Diagnostics-Provider/Admin", "Provider_Name": "Microsoft-Windows-Provisioning-Diagnostics-Provider", "Computer": "DESKTOP-OFJ6N53", "TimeCreated": "2024-07-04 10:20:31.463047+00:00", "RecordID": "2416", "Level": "4", "UserID": "S-1-5-18", "EventData.Message1": "Power.Settings.Battery.ppkg", "EventData.Message2": "{7a30a9be-737f-47a1-a541-6e7b0761ed19}"}
{"EventID": "20", "Channel": "Microsoft-Windows-Provisioning-Diagnostics-Provider/Admin", "Provider_Name": "Microsoft-Windows-Provisioning-Diagnostics-Provider", "Computer": "DESKTOP-OFJ6N53", "TimeCreated": "2024-07-04 10:20:31.525391+00:00", "RecordID": "2417", "Level": "4", "UserID": "S-1-5-18", "EventData.Message1": "Power.Settings.Button.ppkg", "EventData.Message2": "{18dcffd4-37d6-4bc6-87e0-4266fdbb8e49}"}
{"EventID": "20", "Channel": "Microsoft-Windows-Provisioning-Diagnostics-Provider/Admin", "Provider_Name": "Microsoft-Windows-Provisioning-Diagnostics-Provider", "Computer": "DESKTOP-OFJ6N53", "TimeCreated": "2024-07-04 10:20:31.620260+00:00", "RecordID": "2418", "Level": "4", "UserID": "S-1-5-18", "EventData.Message1": "Power.Settings.Control.ppkg", "EventData.Message2": "{5f568920-10ad-4dc0-a97e-b78a3255c351}"}
{"EventID": "20", "Channel": "Microsoft-Windows-Provisioning-Diagnostics-Provider/Admin", "Provider_Name": "Microsoft-Windows-Provisioning-Diagnostics-Provider", "Computer": "DESKTOP-OFJ6N53", "TimeCreated": "2024-07-04 10:20:31.822542+00:00", "RecordID": "2419", "Level": "4", "UserID": "S-1-5-18", "EventData.Message1": "Power.Settings.Disk.ppkg", "EventData.Message2": "{9df6a4ed-fc16-48bf-8b24-6e2ad2bfcfea}"}
{"EventID": "20", "Channel": "Microsoft-Windows-Provisioning-Diagnostics-Provider/Admin", "Provider_Name": "Microsoft-Windows-Provisioning-Diagnostics-Provider", "Computer": "DESKTOP-OFJ6N53", "TimeCreated": "2024-07-04 10:20:32.080709+00:00", "RecordID": "2420", "Level": "4", "UserID": "S-1-5-18", "EventData.Message1": "Power.Settings.Display.ppkg", "EventData.Message2": "{23cb517f-5073-4e96-a202-7fe6122a2271}"}
{"EventID": "20", "Channel": "Microsoft-Windows-Provisioning-Diagnostics-Provider/Admin", "Provider_Name": "Microsoft-Windows-Provisioning-Diagnostics-Provider", "Computer": "DESKTOP-OFJ6N53", "TimeCreated": "2024-07-04 10:20:32.215103+00:00", "RecordID": "2421", "Level": "4", "UserID": "S-1-5-18", "EventData.Message1": "Power.Settings.Graphics.ppkg", "EventData.Message2": "{bf56ce5a-946b-45b5-858a-1794eb0125e2}"}
{"EventID": "20", "Channel": "Microsoft-Windows-Provisioning-Diagnostics-Provider/Admin", "Provider_Name": "Microsoft-Windows-Provisioning-Diagnostics-Provider", "Computer": "DESKTOP-OFJ6N53", "TimeCreated": "2024-07-04 10:20:32.325741+00:00", "RecordID": "2422", "Level": "4", "UserID": "S-1-5-18", "EventData.Message1": "Power.Settings.IdleResiliency.ppkg", "EventData.Message2": "{f11899f2-71ec-4621-9997-e17ae2f6eb26}"}
{"EventID": "20", "Channel": "Microsoft-Windows-Provisioning-Diagnostics-Provider/Admin", "Provider_Name": "Microsoft-Windows-Provisioning-Diagnostics-Provider", "Computer": "DESKTOP-OFJ6N53", "TimeCreated": "2024-07-04 10:20:32.390553+00:00", "RecordID": "2423", "Level": "4", "UserID": "S-1-5-18", "EventData.Message1": "Power.Settings.PCIExpress.ppkg", "EventData.Message2": "{268c43e1-aa2b-4036-86ef-8cda98a0c2fe}"}
{"EventID": "20", "Channel": "Microsoft-Windows-Provisioning-Diagnostics-Provider/Admin", "Provider_Name": "Microsoft-Windows-Provisioning-Diagnostics-Provider", "Computer": "DESKTOP-OFJ6N53", "TimeCreated": "2024-07-04 10:20:32.484697+00:00", "RecordID": "2424", "Level": "4", "UserID": "S-1-5-18", "EventData.Message1": "Power.Settings.Processor.ppkg", "EventData.Message2": "{fc01e91f-914c-45af-9d7c-0b2e5fbedf62}"}
{"EventID": "20", "Channel": "Microsoft-Windows-Provisioning-Diagnostics-Provider/Admin", "Provider_Name": "Microsoft-Windows-Provisioning-Diagnostics-Provider", "Computer": "DESKTOP-OFJ6N53", "TimeCreated": "2024-07-04 10:20:32.671480+00:00", "RecordID": "2425", "Level": "4", "UserID": "S-1-5-18", "EventData.Message1": "Power.Settings.Sleep.ppkg", "EventData.Message2": "{3742e5e8-6d9d-473b-99a6-8ecc0f43548a}"}
{"EventID": "20", "Channel": "Microsoft-Windows-Provisioning-Diagnostics-Provider/Admin", "Provider_Name": "Microsoft-Windows-Provisioning-Diagnostics-Provider", "Computer": "DESKTOP-OFJ6N53", "TimeCreated": "2024-07-04 10:20:32.718447+00:00", "RecordID": "2426", "Level": "4", "UserID": "S-1-5-18", "EventData.Message1": "Microsoft.Windows.Cosa.Desktop.Client.ppkg", "EventData.Message2": "{c8a326e4-f518-4f14-b543-97a57e1a975e}"}
{"EventID": "90", "Channel": "Microsoft-Windows-Provisioning-Diagnostics-Provider/Admin", "Provider_Name": "Microsoft-Windows-Provisioning-Diagnostics-Provider", "Computer": "DESKTOP-OFJ6N53", "TimeCreated": "2024-07-11 10:34:36.020742+00:00", "RecordID": "2427", "Level": "4", "UserID": "S-1-5-18", "EventData.Message1": "LogonIdleTask", "EventData.Message2": "<Not Present>", "EventData.Message3": "<Not Present>"}
{"EventID": "20", "Channel": "Microsoft-Windows-Provisioning-Diagnostics-Provider/Admin", "Provider_Name": "Microsoft-Windows-Provisioning-Diagnostics-Provider", "Computer": "DESKTOP-OFJ6N53", "TimeCreated": "2024-07-11 10:34:43.739054+00:00", "RecordID": "2428", "Level": "4", "UserID": "S-1-5-18", "EventData.Message1": "Power.EnergyEstimationEngine.Control.ppkg", "EventData.Message2": "{1e05dd5d-a022-46c5-963c-b20de341170f}"}
{"EventID": "20", "Channel": "Microsoft-Windows-Provisioning-Diagnostics-Provider/Admin", "Provider_Name": "Microsoft-Windows-Provisioning-Diagnostics-Provider", "Computer": "DESKTOP-OFJ6N53", "TimeCreated": "2024-07-11 10:34:43.867250+00:00", "RecordID": "2429", "Level": "4", "UserID": "S-1-5-18", "EventData.Message1": "Power.EnergyEstimationEngine.CPU.ppkg", "EventData.Message2": "{c5dc3753-b6c8-4057-b396-bf13d769311c}"}
{"EventID": "20", "Channel": "Microsoft-Windows-Provisioning-Diagnostics-Provider/Admin", "Provider_Name": "Microsoft-Windows-Provisioning-Diagnostics-Provider", "Computer": "DESKTOP-OFJ6N53", "TimeCreated": "2024-07-11 10:34:44.049093+00:00", "RecordID": "2430", "Level": "4", "UserID": "S-1-5-18", "EventData.Message1": "Power.EnergyEstimationEngine.Display.ppkg", "EventData.Message2": "{ee4aac98-c174-4941-82b1-d121e493e4fb}"}
{"EventID": "20", "Channel": "Microsoft-Windows-Provisioning-Diagnostics-Provider/Admin", "Provider_Name": "Microsoft-Windows-Provisioning-Diagnostics-Provider", "Computer": "DESKTOP-OFJ6N53", "TimeCreated": "2024-07-11 10:34:44.184139+00:00", "RecordID": "2431", "Level": "4", "UserID": "S-1-5-18", "EventData.Message1": "Power.EnergyEstimationEngine.MBB.ppkg", "EventData.Message2": "{99b095d8-5959-4820-bea7-7448c8427b4e}"}
{"EventID": "20", "Channel": "Microsoft-Windows-Provisioning-Diagnostics-Provider/Admin", "Provider_Name": "Microsoft-Windows-Provisioning-Diagnostics-Provider", "Computer": "DESKTOP-OFJ6N53", "TimeCreated": "2024-07-11 10:34:44.247410+00:00", "RecordID": "2432", "Level": "4", "UserID": "S-1-5-18", "EventData.Message1": "Power.EnergyEstimationEngine.StandbyActivation.ppkg", "EventData.Message2": "{8d196d7f-3eef-48ad-8bea-be749f12d3ad}"}
{"EventID": "20", "Channel": "Microsoft-Windows-Provisioning-Diagnostics-Provider/Admin", "Provider_Name": "Microsoft-Windows-Provisioning-Diagnostics-Provider", "Computer": "DESKTOP-OFJ6N53", "TimeCreated": "2024-07-11 10:34:44.293888+00:00", "RecordID": "2433", "Level": "4", "UserID": "S-1-5-18", "EventData.Message1": "Power.EnergyEstimationEngine.Storage.ppkg", "EventData.Message2": "{9aec5bda-1e87-46b3-bb96-1a01c606555e}"}
{"EventID": "20", "Channel": "Microsoft-Windows-Provisioning-Diagnostics-Provider/Admin", "Provider_Name": "Microsoft-Windows-Provisioning-Diagnostics-Provider", "Computer": "DESKTOP-OFJ6N53", "TimeCreated": "2024-07-11 10:34:44.325670+00:00", "RecordID": "2434", "Level": "4", "UserID": "S-1-5-18", "EventData.Message1": "Power.EnergyEstimationEngine.Telemetry.ppkg", "EventData.Message2": "{8fb7d64e-70fc-4f9d-89ee-d486817534df}"}
