{"EventID": "217", "Channel": "Microsoft-Windows-AppModel-Runtime/Admin", "Provider_Name": "Microsoft-Windows-AppModel-Runtime", "Computer": "DESKTOP-OFJ6N53", "TimeCreated": "2025-07-16 08:58:00.145729+00:00", "RecordID": "12730", "Level": "4", "UserID": "S-1-5-18", "EventData.PackageName": "Microsoft.YourPhone_1.25061.44.0_x64__8wekyb3d8bbwe", "EventData.ContainerId": "8b1872f0-5cd2-11f0-a762-005056b235ad"}
{"EventID": "210", "Channel": "Microsoft-Windows-AppModel-Runtime/Admin", "Provider_Name": "Microsoft-Windows-AppModel-Runtime", "Computer": "DESKTOP-OFJ6N53", "TimeCreated": "2025-07-16 08:58:08.513977+00:00", "RecordID": "12731", "Level": "4", "UserID": "S-1-5-18", "EventData.PackageName": "Microsoft.YourPhone_1.25061.44.0_x64__8wekyb3d8bbwe", "EventData.ContainerName": "Microsoft.YourPhone_1.25061.44.0_x64__8wekyb3d8bbwe-S-1-5-21-963789628-1060504924-4285088085-1001", "EventData.ContainerId": "8b18758d-5cd2-11f0-a762-005056b235ad"}
{"EventID": "211", "Channel": "Microsoft-Windows-AppModel-Runtime/Admin", "Provider_Name": "Microsoft-Windows-AppModel-Runtime", "Computer": "DESKTOP-OFJ6N53", "TimeCreated": "2025-07-16 08:58:08.514023+00:00", "RecordID": "12732", "Level": "4", "UserID": "S-1-5-18", "EventData.ProcessID": "12376", "EventData.PackageName": "Microsoft.YourPhone_1.25061.44.0_x64__8wekyb3d8bbwe", "EventData.ContainerId": "8b18758d-5cd2-11f0-a762-005056b235ad"}
{"EventID": "201", "Channel": "Microsoft-Windows-AppModel-Runtime/Admin", "Provider_Name": "Microsoft-Windows-AppModel-Runtime", "Computer": "DESKTOP-OFJ6N53", "TimeCreated": "2025-07-16 09:31:17.505337+00:00", "RecordID": "12733", "Level": "4", "UserID": "S-1-5-18", "EventData.ProcessID": "4200", "EventData.PackageName": "Microsoft.MicrosoftEdge.Stable_138.0.3351.83_neutral__8wekyb3d8bbwe", "EventData.ImageName": "identity_helper.exe", "EventData.ApplicationName": "Microsoft.MicrosoftEdge.Stable_8wekyb3d8bbwe!App", "EventData.Message": "[FinishPackageActivation]"}
{"EventID": "201", "Channel": "Microsoft-Windows-AppModel-Runtime/Admin", "Provider_Name": "Microsoft-Windows-AppModel-Runtime", "Computer": "DESKTOP-OFJ6N53", "TimeCreated": "2025-07-16 09:51:25.867619+00:00", "RecordID": "12734", "Level": "4", "UserID": "S-1-5-18", "EventData.ProcessID": "4344", "EventData.PackageName": "Microsoft.MicrosoftEdge.Stable_138.0.3351.83_neutral__8wekyb3d8bbwe", "EventData.ImageName": "identity_helper.exe", "EventData.ApplicationName": "Microsoft.MicrosoftEdge.Stable_8wekyb3d8bbwe!App", "EventData.Message": "[FinishPackageActivation]"}
{"EventID": "201", "Channel": "Microsoft-Windows-AppModel-Runtime/Admin", "Provider_Name": "Microsoft-Windows-AppModel-Runtime", "Computer": "DESKTOP-OFJ6N53", "TimeCreated": "2025-07-16 10:24:06.104540+00:00", "RecordID": "12735", "Level": "4", "UserID": "S-1-5-18", "EventData.ProcessID": "12272", "EventData.PackageName": "Microsoft.MicrosoftEdge.Stable_138.0.3351.83_neutral__8wekyb3d8bbwe", "EventData.ImageName": "identity_helper.exe", "EventData.ApplicationName": "Microsoft.MicrosoftEdge.Stable_8wekyb3d8bbwe!App", "EventData.Message": "[FinishPackageActivation]"}
{"EventID": "217", "Channel": "Microsoft-Windows-AppModel-Runtime/Admin", "Provider_Name": "Microsoft-Windows-AppModel-Runtime", "Computer": "DESKTOP-OFJ6N53", "TimeCreated": "2025-07-16 16:00:04.632717+00:00", "RecordID": "12736", "Level": "4", "UserID": "S-1-5-18", "EventData.PackageName": "Microsoft.YourPhone_1.25061.44.0_x64__8wekyb3d8bbwe", "EventData.ContainerId": "8b18758d-5cd2-11f0-a762-005056b235ad"}
{"EventID": "70", "Channel": "Microsoft-Windows-AppModel-Runtime/Admin", "Provider_Name": "Microsoft-Windows-AppModel-Runtime", "Computer": "DESKTOP-OFJ6N53", "TimeCreated": "2025-07-16 18:22:19.331623+00:00", "RecordID": "12737", "Level": "4", "UserID": "S-1-5-18", "EventData.PackageFullName": "Microsoft.MicrosoftSolitaireCollection_4.22.5200.0_x64__8wekyb3d8bbwe", "EventData.User": "S-1-5-21-963789628-1060504924-4285088085-1001", "EventData.DesiredStatus": "32", "EventData.CurrentStatus": "0"}
{"EventID": "69", "Channel": "Microsoft-Windows-AppModel-Runtime/Admin", "Provider_Name": "Microsoft-Windows-AppModel-Runtime", "Computer": "DESKTOP-OFJ6N53", "TimeCreated": "2025-07-16 18:22:19.331905+00:00", "RecordID": "12738", "Level": "4", "UserID": "S-1-5-18", "EventData.ErrorCode": "1168", "EventData.PackageFullName": "Microsoft.MicrosoftSolitaireCollection_4.23.7100.0_x64__8wekyb3d8bbwe", "EventData.User": "S-1-5-21-963789628-1060504924-4285088085-1001", "EventData.DesiredStatus": "32", "EventData.CurrentStatus": "0"}
{"EventID": "42", "Channel": "Microsoft-Windows-AppModel-Runtime/Admin", "Provider_Name": "Microsoft-Windows-AppModel-Runtime", "Computer": "DESKTOP-OFJ6N53", "TimeCreated": "2025-07-16 18:22:20.020767+00:00", "RecordID": "12739", "Level": "4", "UserID": "S-1-5-21-963789628-1060504924-4285088085-1001", "EventData.AppContainerName": "Microsoft.MicrosoftSolitaireCollection_8wekyb3d8bbwe"}
{"EventID": "70", "Channel": "Microsoft-Windows-AppModel-Runtime/Admin", "Provider_Name": "Microsoft-Windows-AppModel-Runtime", "Computer": "DESKTOP-OFJ6N53", "TimeCreated": "2025-07-16 18:22:21.191563+00:00", "RecordID": "12740", "Level": "4", "UserID": "S-1-5-18", "EventData.PackageFullName": "Microsoft.MicrosoftSolitaireCollection_4.23.7100.0_x64__8wekyb3d8bbwe", "EventData.User": "S-1-5-21-963789628-1060504924-4285088085-1001", "EventData.DesiredStatus": "0", "EventData.CurrentStatus": "32"}
{"EventID": "70", "Channel": "Microsoft-Windows-AppModel-Runtime/Admin", "Provider_Name": "Microsoft-Windows-AppModel-Runtime", "Computer": "DESKTOP-OFJ6N53", "TimeCreated": "2025-07-16 18:22:22.181452+00:00", "RecordID": "12741", "Level": "4", "UserID": "S-1-5-18", "EventData.PackageFullName": "Microsoft.MicrosoftOfficeHub_19.2507.39131.0_x64__8wekyb3d8bbwe", "EventData.User": "S-1-5-21-963789628-1060504924-4285088085-1001", "EventData.DesiredStatus": "32", "EventData.CurrentStatus": "0"}
{"EventID": "69", "Channel": "Microsoft-Windows-AppModel-Runtime/Admin", "Provider_Name": "Microsoft-Windows-AppModel-Runtime", "Computer": "DESKTOP-OFJ6N53", "TimeCreated": "2025-07-16 18:22:22.181627+00:00", "RecordID": "12742", "Level": "4", "UserID": "S-1-5-18", "EventData.ErrorCode": "1168", "EventData.PackageFullName": "Microsoft.MicrosoftOfficeHub_19.2507.43011.0_x64__8wekyb3d8bbwe", "EventData.User": "S-1-5-21-963789628-1060504924-4285088085-1001", "EventData.DesiredStatus": "32", "EventData.CurrentStatus": "0"}
{"EventID": "42", "Channel": "Microsoft-Windows-AppModel-Runtime/Admin", "Provider_Name": "Microsoft-Windows-AppModel-Runtime", "Computer": "DESKTOP-OFJ6N53", "TimeCreated": "2025-07-16 18:22:22.332802+00:00", "RecordID": "12743", "Level": "4", "UserID": "S-1-5-21-963789628-1060504924-4285088085-1001", "EventData.AppContainerName": "Microsoft.MicrosoftOfficeHub_8wekyb3d8bbwe"}
{"EventID": "70", "Channel": "Microsoft-Windows-AppModel-Runtime/Admin", "Provider_Name": "Microsoft-Windows-AppModel-Runtime", "Computer": "DESKTOP-OFJ6N53", "TimeCreated": "2025-07-16 18:22:23.024776+00:00", "RecordID": "12744", "Level": "4", "UserID": "S-1-5-18", "EventData.PackageFullName": "Microsoft.MicrosoftOfficeHub_19.2507.43011.0_x64__8wekyb3d8bbwe", "EventData.User": "S-1-5-21-963789628-1060504924-4285088085-1001", "EventData.DesiredStatus": "0", "EventData.CurrentStatus": "32"}
{"EventID": "210", "Channel": "Microsoft-Windows-AppModel-Runtime/Admin", "Provider_Name": "Microsoft-Windows-AppModel-Runtime", "Computer": "DESKTOP-OFJ6N53", "TimeCreated": "2025-07-17 00:56:49.458538+00:00", "RecordID": "12745", "Level": "4", "UserID": "S-1-5-18", "EventData.PackageName": "Microsoft.YourPhone_1.25061.44.0_x64__8wekyb3d8bbwe", "EventData.ContainerName": "Microsoft.YourPhone_1.25061.44.0_x64__8wekyb3d8bbwe-S-1-5-21-963789628-1060504924-4285088085-1001", "EventData.ContainerId": "b1afe410-6248-11f0-a762-005056b235ad"}
{"EventID": "211", "Channel": "Microsoft-Windows-AppModel-Runtime/Admin", "Provider_Name": "Microsoft-Windows-AppModel-Runtime", "Computer": "DESKTOP-OFJ6N53", "TimeCreated": "2025-07-17 00:56:49.458601+00:00", "RecordID": "12746", "Level": "4", "UserID": "S-1-5-18", "EventData.ProcessID": "2792", "EventData.PackageName": "Microsoft.YourPhone_1.25061.44.0_x64__8wekyb3d8bbwe", "EventData.ContainerId": "b1afe410-6248-11f0-a762-005056b235ad"}
{"EventID": "217", "Channel": "Microsoft-Windows-AppModel-Runtime/Admin", "Provider_Name": "Microsoft-Windows-AppModel-Runtime", "Computer": "DESKTOP-OFJ6N53", "TimeCreated": "2025-07-17 08:50:03.502724+00:00", "RecordID": "12747", "Level": "4", "UserID": "S-1-5-18", "EventData.PackageName": "Microsoft.YourPhone_1.25061.44.0_x64__8wekyb3d8bbwe", "EventData.ContainerId": "b1afe410-6248-11f0-a762-005056b235ad"}
{"EventID": "210", "Channel": "Microsoft-Windows-AppModel-Runtime/Admin", "Provider_Name": "Microsoft-Windows-AppModel-Runtime", "Computer": "DESKTOP-OFJ6N53", "TimeCreated": "2025-07-17 12:56:50.336390+00:00", "RecordID": "12748", "Level": "4", "UserID": "S-1-5-18", "EventData.PackageName": "Microsoft.YourPhone_1.25061.44.0_x64__8wekyb3d8bbwe", "EventData.ContainerName": "Microsoft.YourPhone_1.25061.44.0_x64__8wekyb3d8bbwe-S-1-5-21-963789628-1060504924-4285088085-1001", "EventData.ContainerId": "b1afe7aa-6248-11f0-a762-005056b235ad"}
{"EventID": "211", "Channel": "Microsoft-Windows-AppModel-Runtime/Admin", "Provider_Name": "Microsoft-Windows-AppModel-Runtime", "Computer": "DESKTOP-OFJ6N53", "TimeCreated": "2025-07-17 12:56:50.336439+00:00", "RecordID": "12749", "Level": "4", "UserID": "S-1-5-18", "EventData.ProcessID": "12208", "EventData.PackageName": "Microsoft.YourPhone_1.25061.44.0_x64__8wekyb3d8bbwe", "EventData.ContainerId": "b1afe7aa-6248-11f0-a762-005056b235ad"}
{"EventID": "217", "Channel": "Microsoft-Windows-AppModel-Runtime/Admin", "Provider_Name": "Microsoft-Windows-AppModel-Runtime", "Computer": "DESKTOP-OFJ6N53", "TimeCreated": "2025-07-17 21:03:44.557705+00:00", "RecordID": "12750", "Level": "4", "UserID": "S-1-5-18", "EventData.PackageName": "Microsoft.YourPhone_1.25061.44.0_x64__8wekyb3d8bbwe", "EventData.ContainerId": "b1afe7aa-6248-11f0-a762-005056b235ad"}
{"EventID": "70", "Channel": "Microsoft-Windows-AppModel-Runtime/Admin", "Provider_Name": "Microsoft-Windows-AppModel-Runtime", "Computer": "DESKTOP-OFJ6N53", "TimeCreated": "2025-07-17 22:14:15.107651+00:00", "RecordID": "12751", "Level": "4", "UserID": "S-1-5-18", "EventData.PackageFullName": "Microsoft.MicrosoftOfficeHub_19.2507.43011.0_x64__8wekyb3d8bbwe", "EventData.User": "S-1-5-21-963789628-1060504924-4285088085-1001", "EventData.DesiredStatus": "32", "EventData.CurrentStatus": "0"}
{"EventID": "69", "Channel": "Microsoft-Windows-AppModel-Runtime/Admin", "Provider_Name": "Microsoft-Windows-AppModel-Runtime", "Computer": "DESKTOP-OFJ6N53", "TimeCreated": "2025-07-17 22:14:15.107849+00:00", "RecordID": "12752", "Level": "4", "UserID": "S-1-5-18", "EventData.ErrorCode": "1168", "EventData.PackageFullName": "Microsoft.MicrosoftOfficeHub_19.2507.46141.0_x64__8wekyb3d8bbwe", "EventData.User": "S-1-5-21-963789628-1060504924-4285088085-1001", "EventData.DesiredStatus": "32", "EventData.CurrentStatus": "0"}
{"EventID": "42", "Channel": "Microsoft-Windows-AppModel-Runtime/Admin", "Provider_Name": "Microsoft-Windows-AppModel-Runtime", "Computer": "DESKTOP-OFJ6N53", "TimeCreated": "2025-07-17 22:14:15.484390+00:00", "RecordID": "12753", "Level": "4", "UserID": "S-1-5-21-963789628-1060504924-4285088085-1001", "EventData.AppContainerName": "Microsoft.MicrosoftOfficeHub_8wekyb3d8bbwe"}
{"EventID": "70", "Channel": "Microsoft-Windows-AppModel-Runtime/Admin", "Provider_Name": "Microsoft-Windows-AppModel-Runtime", "Computer": "DESKTOP-OFJ6N53", "TimeCreated": "2025-07-17 22:14:16.704008+00:00", "RecordID": "12754", "Level": "4", "UserID": "S-1-5-18", "EventData.PackageFullName": "Microsoft.MicrosoftOfficeHub_19.2507.46141.0_x64__8wekyb3d8bbwe", "EventData.User": "S-1-5-21-963789628-1060504924-4285088085-1001", "EventData.DesiredStatus": "0", "EventData.CurrentStatus": "32"}
{"EventID": "210", "Channel": "Microsoft-Windows-AppModel-Runtime/Admin", "Provider_Name": "Microsoft-Windows-AppModel-Runtime", "Computer": "DESKTOP-OFJ6N53", "TimeCreated": "2025-07-18 00:56:51.379866+00:00", "RecordID": "12755", "Level": "4", "UserID": "S-1-5-18", "EventData.PackageName": "Microsoft.YourPhone_1.25061.44.0_x64__8wekyb3d8bbwe", "EventData.ContainerName": "Microsoft.YourPhone_1.25061.44.0_x64__8wekyb3d8bbwe-S-1-5-21-963789628-1060504924-4285088085-1001", "EventData.ContainerId": "b1afeab6-6248-11f0-a762-005056b235ad"}
{"EventID": "211", "Channel": "Microsoft-Windows-AppModel-Runtime/Admin", "Provider_Name": "Microsoft-Windows-AppModel-Runtime", "Computer": "DESKTOP-OFJ6N53", "TimeCreated": "2025-07-18 00:56:51.379913+00:00", "RecordID": "12756", "Level": "4", "UserID": "S-1-5-18", "EventData.ProcessID": "4444", "EventData.PackageName": "Microsoft.YourPhone_1.25061.44.0_x64__8wekyb3d8bbwe", "EventData.ContainerId": "b1afeab6-6248-11f0-a762-005056b235ad"}
{"EventID": "217", "Channel": "Microsoft-Windows-AppModel-Runtime/Admin", "Provider_Name": "Microsoft-Windows-AppModel-Runtime", "Computer": "DESKTOP-OFJ6N53", "TimeCreated": "2025-07-18 08:58:41.725773+00:00", "RecordID": "12757", "Level": "4", "UserID": "S-1-5-18", "EventData.PackageName": "Microsoft.YourPhone_1.25061.44.0_x64__8wekyb3d8bbwe", "EventData.ContainerId": "b1afeab6-6248-11f0-a762-005056b235ad"}
{"EventID": "201", "Channel": "Microsoft-Windows-AppModel-Runtime/Admin", "Provider_Name": "Microsoft-Windows-AppModel-Runtime", "Computer": "DESKTOP-OFJ6N53", "TimeCreated": "2025-07-18 10:24:14.279924+00:00", "RecordID": "12758", "Level": "4", "UserID": "S-1-5-18", "EventData.ProcessID": "1728", "EventData.PackageName": "Microsoft.MicrosoftEdge.Stable_138.0.3351.83_neutral__8wekyb3d8bbwe", "EventData.ImageName": "identity_helper.exe", "EventData.ApplicationName": "Microsoft.MicrosoftEdge.Stable_8wekyb3d8bbwe!App", "EventData.Message": "[FinishPackageActivation]"}
{"EventID": "40", "Channel": "Microsoft-Windows-AppModel-Runtime/Admin", "Provider_Name": "Microsoft-Windows-AppModel-Runtime", "Computer": "DESKTOP-OFJ6N53", "TimeCreated": "2025-07-18 10:27:12.619537+00:00", "RecordID": "12759", "Level": "4", "UserID": "S-1-5-21-963789628-1060504924-4285088085-1001", "EventData.AppContainerName": "onecore\\ds\\security\\gina\\profile\\profext\\appcontainer.cpp Line:1813 Chrome Sandbox cr.sb.odmF5200EAFD3AD904629CBB0F87A78A3C7211081FE"}
{"EventID": "210", "Channel": "Microsoft-Windows-AppModel-Runtime/Admin", "Provider_Name": "Microsoft-Windows-AppModel-Runtime", "Computer": "DESKTOP-OFJ6N53", "TimeCreated": "2025-07-18 12:56:49.117981+00:00", "RecordID": "12760", "Level": "4", "UserID": "S-1-5-18", "EventData.PackageName": "Microsoft.YourPhone_1.25061.44.0_x64__8wekyb3d8bbwe", "EventData.ContainerName": "Microsoft.YourPhone_1.25061.44.0_x64__8wekyb3d8bbwe-S-1-5-21-963789628-1060504924-4285088085-1001", "EventData.ContainerId": "b1afeeb2-6248-11f0-a762-005056b235ad"}
{"EventID": "211", "Channel": "Microsoft-Windows-AppModel-Runtime/Admin", "Provider_Name": "Microsoft-Windows-AppModel-Runtime", "Computer": "DESKTOP-OFJ6N53", "TimeCreated": "2025-07-18 12:56:49.118032+00:00", "RecordID": "12761", "Level": "4", "UserID": "S-1-5-18", "EventData.ProcessID": "13220", "EventData.PackageName": "Microsoft.YourPhone_1.25061.44.0_x64__8wekyb3d8bbwe", "EventData.ContainerId": "b1afeeb2-6248-11f0-a762-005056b235ad"}
{"EventID": "210", "Channel": "Microsoft-Windows-AppModel-Runtime/Admin", "Provider_Name": "Microsoft-Windows-AppModel-Runtime", "Computer": "DESKTOP-OFJ6N53", "TimeCreated": "2025-07-18 16:31:53.316133+00:00", "RecordID": "12762", "Level": "4", "UserID": "S-1-5-18", "EventData.PackageName": "Microsoft.XboxGamingOverlay_7.325.5191.0_x64__8wekyb3d8bbwe", "EventData.ContainerName": "Microsoft.XboxGamingOverlay_7.325.5191.0_x64__8wekyb3d8bbwe-S-1-5-21-963789628-1060504924-4285088085-1001", "EventData.ContainerId": "b1afeffc-6248-11f0-a762-005056b235ad"}
{"EventID": "211", "Channel": "Microsoft-Windows-AppModel-Runtime/Admin", "Provider_Name": "Microsoft-Windows-AppModel-Runtime", "Computer": "DESKTOP-OFJ6N53", "TimeCreated": "2025-07-18 16:31:53.316174+00:00", "RecordID": "12763", "Level": "4", "UserID": "S-1-5-18", "EventData.ProcessID": "11776", "EventData.PackageName": "Microsoft.XboxGamingOverlay_7.325.5191.0_x64__8wekyb3d8bbwe", "EventData.ContainerId": "b1afeffc-6248-11f0-a762-005056b235ad"}
{"EventID": "217", "Channel": "Microsoft-Windows-AppModel-Runtime/Admin", "Provider_Name": "Microsoft-Windows-AppModel-Runtime", "Computer": "DESKTOP-OFJ6N53", "TimeCreated": "2025-07-18 16:36:53.202034+00:00", "RecordID": "12764", "Level": "4", "UserID": "S-1-5-18", "EventData.PackageName": "Microsoft.XboxGamingOverlay_7.325.5191.0_x64__8wekyb3d8bbwe", "EventData.ContainerId": "b1afeffc-6248-11f0-a762-005056b235ad"}
{"EventID": "217", "Channel": "Microsoft-Windows-AppModel-Runtime/Admin", "Provider_Name": "Microsoft-Windows-AppModel-Runtime", "Computer": "DESKTOP-OFJ6N53", "TimeCreated": "2025-07-18 20:48:05.060640+00:00", "RecordID": "12765", "Level": "4", "UserID": "S-1-5-18", "EventData.PackageName": "Microsoft.YourPhone_1.25061.44.0_x64__8wekyb3d8bbwe", "EventData.ContainerId": "b1afeeb2-6248-11f0-a762-005056b235ad"}
{"EventID": "210", "Channel": "Microsoft-Windows-AppModel-Runtime/Admin", "Provider_Name": "Microsoft-Windows-AppModel-Runtime", "Computer": "DESKTOP-OFJ6N53", "TimeCreated": "2025-07-19 00:56:51.081348+00:00", "RecordID": "12766", "Level": "4", "UserID": "S-1-5-18", "EventData.PackageName": "Microsoft.YourPhone_1.25061.44.0_x64__8wekyb3d8bbwe", "EventData.ContainerName": "Microsoft.YourPhone_1.25061.44.0_x64__8wekyb3d8bbwe-S-1-5-21-963789628-1060504924-4285088085-1001", "EventData.ContainerId": "b1aff1b9-6248-11f0-a762-005056b235ad"}
{"EventID": "211", "Channel": "Microsoft-Windows-AppModel-Runtime/Admin", "Provider_Name": "Microsoft-Windows-AppModel-Runtime", "Computer": "DESKTOP-OFJ6N53", "TimeCreated": "2025-07-19 00:56:51.081392+00:00", "RecordID": "12767", "Level": "4", "UserID": "S-1-5-18", "EventData.ProcessID": "13788", "EventData.PackageName": "Microsoft.YourPhone_1.25061.44.0_x64__8wekyb3d8bbwe", "EventData.ContainerId": "b1aff1b9-6248-11f0-a762-005056b235ad"}
{"EventID": "70", "Channel": "Microsoft-Windows-AppModel-Runtime/Admin", "Provider_Name": "Microsoft-Windows-AppModel-Runtime", "Computer": "DESKTOP-OFJ6N53", "TimeCreated": "2025-07-19 07:23:25.690205+00:00", "RecordID": "12768", "Level": "4", "UserID": "S-1-5-18", "EventData.PackageFullName": "Microsoft.MicrosoftOfficeHub_19.2507.46141.0_x64__8wekyb3d8bbwe", "EventData.User": "S-1-5-21-963789628-1060504924-4285088085-1001", "EventData.DesiredStatus": "32", "EventData.CurrentStatus": "0"}
{"EventID": "69", "Channel": "Microsoft-Windows-AppModel-Runtime/Admin", "Provider_Name": "Microsoft-Windows-AppModel-Runtime", "Computer": "DESKTOP-OFJ6N53", "TimeCreated": "2025-07-19 07:23:25.690491+00:00", "RecordID": "12769", "Level": "4", "UserID": "S-1-5-18", "EventData.ErrorCode": "1168", "EventData.PackageFullName": "Microsoft.MicrosoftOfficeHub_19.2507.46151.0_x64__8wekyb3d8bbwe", "EventData.User": "S-1-5-21-963789628-1060504924-4285088085-1001", "EventData.DesiredStatus": "32", "EventData.CurrentStatus": "0"}
{"EventID": "42", "Channel": "Microsoft-Windows-AppModel-Runtime/Admin", "Provider_Name": "Microsoft-Windows-AppModel-Runtime", "Computer": "DESKTOP-OFJ6N53", "TimeCreated": "2025-07-19 07:23:25.990168+00:00", "RecordID": "12770", "Level": "4", "UserID": "S-1-5-21-963789628-1060504924-4285088085-1001", "EventData.AppContainerName": "Microsoft.MicrosoftOfficeHub_8wekyb3d8bbwe"}
{"EventID": "70", "Channel": "Microsoft-Windows-AppModel-Runtime/Admin", "Provider_Name": "Microsoft-Windows-AppModel-Runtime", "Computer": "DESKTOP-OFJ6N53", "TimeCreated": "2025-07-19 07:23:26.902723+00:00", "RecordID": "12771", "Level": "4", "UserID": "S-1-5-18", "EventData.PackageFullName": "Microsoft.MicrosoftOfficeHub_19.2507.46151.0_x64__8wekyb3d8bbwe", "EventData.User": "S-1-5-21-963789628-1060504924-4285088085-1001", "EventData.DesiredStatus": "0", "EventData.CurrentStatus": "32"}
{"EventID": "70", "Channel": "Microsoft-Windows-AppModel-Runtime/Admin", "Provider_Name": "Microsoft-Windows-AppModel-Runtime", "Computer": "DESKTOP-OFJ6N53", "TimeCreated": "2025-07-19 07:23:28.358040+00:00", "RecordID": "12772", "Level": "4", "UserID": "S-1-5-18", "EventData.PackageFullName": "Microsoft.ZuneVideo_10.25051.10031.0_x64__8wekyb3d8bbwe", "EventData.User": "S-1-5-21-963789628-1060504924-4285088085-1001", "EventData.DesiredStatus": "32", "EventData.CurrentStatus": "0"}
{"EventID": "69", "Channel": "Microsoft-Windows-AppModel-Runtime/Admin", "Provider_Name": "Microsoft-Windows-AppModel-Runtime", "Computer": "DESKTOP-OFJ6N53", "TimeCreated": "2025-07-19 07:23:28.358480+00:00", "RecordID": "12773", "Level": "4", "UserID": "S-1-5-18", "EventData.ErrorCode": "1168", "EventData.PackageFullName": "Microsoft.ZuneVideo_10.25071.10101.0_x64__8wekyb3d8bbwe", "EventData.User": "S-1-5-21-963789628-1060504924-4285088085-1001", "EventData.DesiredStatus": "32", "EventData.CurrentStatus": "0"}
{"EventID": "42", "Channel": "Microsoft-Windows-AppModel-Runtime/Admin", "Provider_Name": "Microsoft-Windows-AppModel-Runtime", "Computer": "DESKTOP-OFJ6N53", "TimeCreated": "2025-07-19 07:23:28.556822+00:00", "RecordID": "12774", "Level": "4", "UserID": "S-1-5-21-963789628-1060504924-4285088085-1001", "EventData.AppContainerName": "Microsoft.ZuneVideo_8wekyb3d8bbwe"}
{"EventID": "70", "Channel": "Microsoft-Windows-AppModel-Runtime/Admin", "Provider_Name": "Microsoft-Windows-AppModel-Runtime", "Computer": "DESKTOP-OFJ6N53", "TimeCreated": "2025-07-19 07:23:29.915768+00:00", "RecordID": "12775", "Level": "4", "UserID": "S-1-5-18", "EventData.PackageFullName": "Microsoft.ZuneVideo_10.25071.10101.0_x64__8wekyb3d8bbwe", "EventData.User": "S-1-5-21-963789628-1060504924-4285088085-1001", "EventData.DesiredStatus": "0", "EventData.CurrentStatus": "32"}
{"EventID": "217", "Channel": "Microsoft-Windows-AppModel-Runtime/Admin", "Provider_Name": "Microsoft-Windows-AppModel-Runtime", "Computer": "DESKTOP-OFJ6N53", "TimeCreated": "2025-07-19 08:58:45.032614+00:00", "RecordID": "12776", "Level": "4", "UserID": "S-1-5-18", "EventData.PackageName": "Microsoft.YourPhone_1.25061.44.0_x64__8wekyb3d8bbwe", "EventData.ContainerId": "b1aff1b9-6248-11f0-a762-005056b235ad"}
{"EventID": "210", "Channel": "Microsoft-Windows-AppModel-Runtime/Admin", "Provider_Name": "Microsoft-Windows-AppModel-Runtime", "Computer": "DESKTOP-OFJ6N53", "TimeCreated": "2025-07-19 12:56:49.163418+00:00", "RecordID": "12777", "Level": "4", "UserID": "S-1-5-18", "EventData.PackageName": "Microsoft.YourPhone_1.25061.44.0_x64__8wekyb3d8bbwe", "EventData.ContainerName": "Microsoft.YourPhone_1.25061.44.0_x64__8wekyb3d8bbwe-S-1-5-21-963789628-1060504924-4285088085-1001", "EventData.ContainerId": "b1aff566-6248-11f0-a762-005056b235ad"}
{"EventID": "211", "Channel": "Microsoft-Windows-AppModel-Runtime/Admin", "Provider_Name": "Microsoft-Windows-AppModel-Runtime", "Computer": "DESKTOP-OFJ6N53", "TimeCreated": "2025-07-19 12:56:49.163471+00:00", "RecordID": "12778", "Level": "4", "UserID": "S-1-5-18", "EventData.ProcessID": "13060", "EventData.PackageName": "Microsoft.YourPhone_1.25061.44.0_x64__8wekyb3d8bbwe", "EventData.ContainerId": "b1aff566-6248-11f0-a762-005056b235ad"}
{"EventID": "217", "Channel": "Microsoft-Windows-AppModel-Runtime/Admin", "Provider_Name": "Microsoft-Windows-AppModel-Runtime", "Computer": "DESKTOP-OFJ6N53", "TimeCreated": "2025-07-19 20:59:46.461000+00:00", "RecordID": "12779", "Level": "4", "UserID": "S-1-5-18", "EventData.PackageName": "Microsoft.YourPhone_1.25061.44.0_x64__8wekyb3d8bbwe", "EventData.ContainerId": "b1aff566-6248-11f0-a762-005056b235ad"}
{"EventID": "210", "Channel": "Microsoft-Windows-AppModel-Runtime/Admin", "Provider_Name": "Microsoft-Windows-AppModel-Runtime", "Computer": "DESKTOP-OFJ6N53", "TimeCreated": "2025-07-20 00:56:51.084967+00:00", "RecordID": "12780", "Level": "4", "UserID": "S-1-5-18", "EventData.PackageName": "Microsoft.YourPhone_1.25061.44.0_x64__8wekyb3d8bbwe", "EventData.ContainerName": "Microsoft.YourPhone_1.25061.44.0_x64__8wekyb3d8bbwe-S-1-5-21-963789628-1060504924-4285088085-1001", "EventData.ContainerId": "b1aff908-6248-11f0-a762-005056b235ad"}
{"EventID": "211", "Channel": "Microsoft-Windows-AppModel-Runtime/Admin", "Provider_Name": "Microsoft-Windows-AppModel-Runtime", "Computer": "DESKTOP-OFJ6N53", "TimeCreated": "2025-07-20 00:56:51.085024+00:00", "RecordID": "12781", "Level": "4", "UserID": "S-1-5-18", "EventData.ProcessID": "4900", "EventData.PackageName": "Microsoft.YourPhone_1.25061.44.0_x64__8wekyb3d8bbwe", "EventData.ContainerId": "b1aff908-6248-11f0-a762-005056b235ad"}
{"EventID": "217", "Channel": "Microsoft-Windows-AppModel-Runtime/Admin", "Provider_Name": "Microsoft-Windows-AppModel-Runtime", "Computer": "DESKTOP-OFJ6N53", "TimeCreated": "2025-07-20 08:48:19.665529+00:00", "RecordID": "12782", "Level": "4", "UserID": "S-1-5-18", "EventData.PackageName": "Microsoft.YourPhone_1.25061.44.0_x64__8wekyb3d8bbwe", "EventData.ContainerId": "b1aff908-6248-11f0-a762-005056b235ad"}
{"EventID": "210", "Channel": "Microsoft-Windows-AppModel-Runtime/Admin", "Provider_Name": "Microsoft-Windows-AppModel-Runtime", "Computer": "DESKTOP-OFJ6N53", "TimeCreated": "2025-07-20 12:56:54.245415+00:00", "RecordID": "12783", "Level": "4", "UserID": "S-1-5-18", "EventData.PackageName": "Microsoft.YourPhone_1.25061.44.0_x64__8wekyb3d8bbwe", "EventData.ContainerName": "Microsoft.YourPhone_1.25061.44.0_x64__8wekyb3d8bbwe-S-1-5-21-963789628-1060504924-4285088085-1001", "EventData.ContainerId": "b1affce4-6248-11f0-a762-005056b235ad"}
{"EventID": "211", "Channel": "Microsoft-Windows-AppModel-Runtime/Admin", "Provider_Name": "Microsoft-Windows-AppModel-Runtime", "Computer": "DESKTOP-OFJ6N53", "TimeCreated": "2025-07-20 12:56:54.245461+00:00", "RecordID": "12784", "Level": "4", "UserID": "S-1-5-18", "EventData.ProcessID": "228", "EventData.PackageName": "Microsoft.YourPhone_1.25061.44.0_x64__8wekyb3d8bbwe", "EventData.ContainerId": "b1affce4-6248-11f0-a762-005056b235ad"}
{"EventID": "217", "Channel": "Microsoft-Windows-AppModel-Runtime/Admin", "Provider_Name": "Microsoft-Windows-AppModel-Runtime", "Computer": "DESKTOP-OFJ6N53", "TimeCreated": "2025-07-20 20:59:00.077475+00:00", "RecordID": "12785", "Level": "4", "UserID": "S-1-5-18", "EventData.PackageName": "Microsoft.YourPhone_1.25061.44.0_x64__8wekyb3d8bbwe", "EventData.ContainerId": "b1affce4-6248-11f0-a762-005056b235ad"}
{"EventID": "210", "Channel": "Microsoft-Windows-AppModel-Runtime/Admin", "Provider_Name": "Microsoft-Windows-AppModel-Runtime", "Computer": "DESKTOP-OFJ6N53", "TimeCreated": "2025-07-21 00:56:59.643124+00:00", "RecordID": "12786", "Level": "4", "UserID": "S-1-5-18", "EventData.PackageName": "Microsoft.YourPhone_1.25061.44.0_x64__8wekyb3d8bbwe", "EventData.ContainerName": "Microsoft.YourPhone_1.25061.44.0_x64__8wekyb3d8bbwe-S-1-5-21-963789628-1060504924-4285088085-1001", "EventData.ContainerId": "b1b00059-6248-11f0-a762-005056b235ad"}
{"EventID": "211", "Channel": "Microsoft-Windows-AppModel-Runtime/Admin", "Provider_Name": "Microsoft-Windows-AppModel-Runtime", "Computer": "DESKTOP-OFJ6N53", "TimeCreated": "2025-07-21 00:56:59.643175+00:00", "RecordID": "12787", "Level": "4", "UserID": "S-1-5-18", "EventData.ProcessID": "8220", "EventData.PackageName": "Microsoft.YourPhone_1.25061.44.0_x64__8wekyb3d8bbwe", "EventData.ContainerId": "b1b00059-6248-11f0-a762-005056b235ad"}
{"EventID": "217", "Channel": "Microsoft-Windows-AppModel-Runtime/Admin", "Provider_Name": "Microsoft-Windows-AppModel-Runtime", "Computer": "DESKTOP-OFJ6N53", "TimeCreated": "2025-07-21 08:59:57.986845+00:00", "RecordID": "12788", "Level": "4", "UserID": "S-1-5-18", "EventData.PackageName": "Microsoft.YourPhone_1.25061.44.0_x64__8wekyb3d8bbwe", "EventData.ContainerId": "b1b00059-6248-11f0-a762-005056b235ad"}
{"EventID": "210", "Channel": "Microsoft-Windows-AppModel-Runtime/Admin", "Provider_Name": "Microsoft-Windows-AppModel-Runtime", "Computer": "DESKTOP-OFJ6N53", "TimeCreated": "2025-07-21 12:57:04.530142+00:00", "RecordID": "12789", "Level": "4", "UserID": "S-1-5-18", "EventData.PackageName": "Microsoft.YourPhone_1.25061.44.0_x64__8wekyb3d8bbwe", "EventData.ContainerName": "Microsoft.YourPhone_1.25061.44.0_x64__8wekyb3d8bbwe-S-1-5-21-963789628-1060504924-4285088085-1001", "EventData.ContainerId": "b1b00439-6248-11f0-a762-005056b235ad"}
{"EventID": "211", "Channel": "Microsoft-Windows-AppModel-Runtime/Admin", "Provider_Name": "Microsoft-Windows-AppModel-Runtime", "Computer": "DESKTOP-OFJ6N53", "TimeCreated": "2025-07-21 12:57:04.530184+00:00", "RecordID": "12790", "Level": "4", "UserID": "S-1-5-18", "EventData.ProcessID": "10436", "EventData.PackageName": "Microsoft.YourPhone_1.25061.44.0_x64__8wekyb3d8bbwe", "EventData.ContainerId": "b1b00439-6248-11f0-a762-005056b235ad"}
{"EventID": "70", "Channel": "Microsoft-Windows-AppModel-Runtime/Admin", "Provider_Name": "Microsoft-Windows-AppModel-Runtime", "Computer": "DESKTOP-OFJ6N53", "TimeCreated": "2025-07-21 18:28:23.096594+00:00", "RecordID": "12791", "Level": "4", "UserID": "S-1-5-18", "EventData.PackageFullName": "Microsoft.Windows.Photos_2025.11040.23001.0_x64__8wekyb3d8bbwe", "EventData.User": "S-1-5-21-963789628-1060504924-4285088085-1001", "EventData.DesiredStatus": "32", "EventData.CurrentStatus": "0"}
{"EventID": "69", "Channel": "Microsoft-Windows-AppModel-Runtime/Admin", "Provider_Name": "Microsoft-Windows-AppModel-Runtime", "Computer": "DESKTOP-OFJ6N53", "TimeCreated": "2025-07-21 18:28:23.096857+00:00", "RecordID": "12792", "Level": "4", "UserID": "S-1-5-18", "EventData.ErrorCode": "1168", "EventData.PackageFullName": "Microsoft.Windows.Photos_2025.11070.8001.0_x64__8wekyb3d8bbwe", "EventData.User": "S-1-5-21-963789628-1060504924-4285088085-1001", "EventData.DesiredStatus": "32", "EventData.CurrentStatus": "0"}
{"EventID": "42", "Channel": "Microsoft-Windows-AppModel-Runtime/Admin", "Provider_Name": "Microsoft-Windows-AppModel-Runtime", "Computer": "DESKTOP-OFJ6N53", "TimeCreated": "2025-07-21 18:28:23.509338+00:00", "RecordID": "12793", "Level": "4", "UserID": "S-1-5-21-963789628-1060504924-4285088085-1001", "EventData.AppContainerName": "Microsoft.Windows.Photos_8wekyb3d8bbwe"}
{"EventID": "70", "Channel": "Microsoft-Windows-AppModel-Runtime/Admin", "Provider_Name": "Microsoft-Windows-AppModel-Runtime", "Computer": "DESKTOP-OFJ6N53", "TimeCreated": "2025-07-21 18:28:25.904663+00:00", "RecordID": "12794", "Level": "4", "UserID": "S-1-5-18", "EventData.PackageFullName": "Microsoft.Windows.Photos_2025.11070.8001.0_x64__8wekyb3d8bbwe", "EventData.User": "S-1-5-21-963789628-1060504924-4285088085-1001", "EventData.DesiredStatus": "0", "EventData.CurrentStatus": "32"}
{"EventID": "217", "Channel": "Microsoft-Windows-AppModel-Runtime/Admin", "Provider_Name": "Microsoft-Windows-AppModel-Runtime", "Computer": "DESKTOP-OFJ6N53", "TimeCreated": "2025-07-21 21:00:01.268412+00:00", "RecordID": "12795", "Level": "4", "UserID": "S-1-5-18", "EventData.PackageName": "Microsoft.YourPhone_1.25061.44.0_x64__8wekyb3d8bbwe", "EventData.ContainerId": "b1b00439-6248-11f0-a762-005056b235ad"}
{"EventID": "201", "Channel": "Microsoft-Windows-AppModel-Runtime/Admin", "Provider_Name": "Microsoft-Windows-AppModel-Runtime", "Computer": "DESKTOP-OFJ6N53", "TimeCreated": "2025-07-21 22:24:19.162773+00:00", "RecordID": "12796", "Level": "4", "UserID": "S-1-5-18", "EventData.ProcessID": "11204", "EventData.PackageName": "Microsoft.MicrosoftEdge.Stable_138.0.3351.83_neutral__8wekyb3d8bbwe", "EventData.ImageName": "identity_helper.exe", "EventData.ApplicationName": "Microsoft.MicrosoftEdge.Stable_8wekyb3d8bbwe!App", "EventData.Message": "[FinishPackageActivation]"}
{"EventID": "210", "Channel": "Microsoft-Windows-AppModel-Runtime/Admin", "Provider_Name": "Microsoft-Windows-AppModel-Runtime", "Computer": "DESKTOP-OFJ6N53", "TimeCreated": "2025-07-22 00:56:50.759710+00:00", "RecordID": "12797", "Level": "4", "UserID": "S-1-5-18", "EventData.PackageName": "Microsoft.YourPhone_1.25061.44.0_x64__8wekyb3d8bbwe", "EventData.ContainerName": "Microsoft.YourPhone_1.25061.44.0_x64__8wekyb3d8bbwe-S-1-5-21-963789628-1060504924-4285088085-1001", "EventData.ContainerId": "f33fa5e5-667f-11f0-a762-005056b235ad"}
{"EventID": "211", "Channel": "Microsoft-Windows-AppModel-Runtime/Admin", "Provider_Name": "Microsoft-Windows-AppModel-Runtime", "Computer": "DESKTOP-OFJ6N53", "TimeCreated": "2025-07-22 00:56:50.759766+00:00", "RecordID": "12798", "Level": "4", "UserID": "S-1-5-18", "EventData.ProcessID": "12296", "EventData.PackageName": "Microsoft.YourPhone_1.25061.44.0_x64__8wekyb3d8bbwe", "EventData.ContainerId": "f33fa5e5-667f-11f0-a762-005056b235ad"}
{"EventID": "217", "Channel": "Microsoft-Windows-AppModel-Runtime/Admin", "Provider_Name": "Microsoft-Windows-AppModel-Runtime", "Computer": "DESKTOP-OFJ6N53", "TimeCreated": "2025-07-22 08:58:58.972004+00:00", "RecordID": "12799", "Level": "4", "UserID": "S-1-5-18", "EventData.PackageName": "Microsoft.YourPhone_1.25061.44.0_x64__8wekyb3d8bbwe", "EventData.ContainerId": "f33fa5e5-667f-11f0-a762-005056b235ad"}
{"EventID": "210", "Channel": "Microsoft-Windows-AppModel-Runtime/Admin", "Provider_Name": "Microsoft-Windows-AppModel-Runtime", "Computer": "DESKTOP-OFJ6N53", "TimeCreated": "2025-07-22 12:56:56.002811+00:00", "RecordID": "12800", "Level": "4", "UserID": "S-1-5-18", "EventData.PackageName": "Microsoft.YourPhone_1.25061.44.0_x64__8wekyb3d8bbwe", "EventData.ContainerName": "Microsoft.YourPhone_1.25061.44.0_x64__8wekyb3d8bbwe-S-1-5-21-963789628-1060504924-4285088085-1001", "EventData.ContainerId": "f33fa9ab-667f-11f0-a762-005056b235ad"}
{"EventID": "211", "Channel": "Microsoft-Windows-AppModel-Runtime/Admin", "Provider_Name": "Microsoft-Windows-AppModel-Runtime", "Computer": "DESKTOP-OFJ6N53", "TimeCreated": "2025-07-22 12:56:56.002861+00:00", "RecordID": "12801", "Level": "4", "UserID": "S-1-5-18", "EventData.ProcessID": "1604", "EventData.PackageName": "Microsoft.YourPhone_1.25061.44.0_x64__8wekyb3d8bbwe", "EventData.ContainerId": "f33fa9ab-667f-11f0-a762-005056b235ad"}
{"EventID": "217", "Channel": "Microsoft-Windows-AppModel-Runtime/Admin", "Provider_Name": "Microsoft-Windows-AppModel-Runtime", "Computer": "DESKTOP-OFJ6N53", "TimeCreated": "2025-07-22 20:48:31.999712+00:00", "RecordID": "12802", "Level": "4", "UserID": "S-1-5-18", "EventData.PackageName": "Microsoft.YourPhone_1.25061.44.0_x64__8wekyb3d8bbwe", "EventData.ContainerId": "f33fa9ab-667f-11f0-a762-005056b235ad"}
{"EventID": "210", "Channel": "Microsoft-Windows-AppModel-Runtime/Admin", "Provider_Name": "Microsoft-Windows-AppModel-Runtime", "Computer": "DESKTOP-OFJ6N53", "TimeCreated": "2025-07-23 00:57:20.630493+00:00", "RecordID": "12803", "Level": "4", "UserID": "S-1-5-18", "EventData.PackageName": "Microsoft.YourPhone_1.25061.44.0_x64__8wekyb3d8bbwe", "EventData.ContainerName": "Microsoft.YourPhone_1.25061.44.0_x64__8wekyb3d8bbwe-S-1-5-21-963789628-1060504924-4285088085-1001", "EventData.ContainerId": "f33fad63-667f-11f0-a762-005056b235ad"}
{"EventID": "211", "Channel": "Microsoft-Windows-AppModel-Runtime/Admin", "Provider_Name": "Microsoft-Windows-AppModel-Runtime", "Computer": "DESKTOP-OFJ6N53", "TimeCreated": "2025-07-23 00:57:20.630550+00:00", "RecordID": "12804", "Level": "4", "UserID": "S-1-5-18", "EventData.ProcessID": "13392", "EventData.PackageName": "Microsoft.YourPhone_1.25061.44.0_x64__8wekyb3d8bbwe", "EventData.ContainerId": "f33fad63-667f-11f0-a762-005056b235ad"}
{"EventID": "217", "Channel": "Microsoft-Windows-AppModel-Runtime/Admin", "Provider_Name": "Microsoft-Windows-AppModel-Runtime", "Computer": "DESKTOP-OFJ6N53", "TimeCreated": "2025-07-23 08:40:43.627590+00:00", "RecordID": "12805", "Level": "4", "UserID": "S-1-5-18", "EventData.PackageName": "Microsoft.YourPhone_1.25061.44.0_x64__8wekyb3d8bbwe", "EventData.ContainerId": "f33fad63-667f-11f0-a762-005056b235ad"}
{"EventID": "70", "Channel": "Microsoft-Windows-AppModel-Runtime/Admin", "Provider_Name": "Microsoft-Windows-AppModel-Runtime", "Computer": "DESKTOP-OFJ6N53", "TimeCreated": "2025-07-23 08:41:07.504524+00:00", "RecordID": "12806", "Level": "4", "UserID": "S-1-5-18", "EventData.PackageFullName": "Microsoft.XboxGamingOverlay_7.325.5191.0_x64__8wekyb3d8bbwe", "EventData.User": "S-1-5-21-963789628-1060504924-4285088085-1001", "EventData.DesiredStatus": "32", "EventData.CurrentStatus": "0"}
{"EventID": "69", "Channel": "Microsoft-Windows-AppModel-Runtime/Admin", "Provider_Name": "Microsoft-Windows-AppModel-Runtime", "Computer": "DESKTOP-OFJ6N53", "TimeCreated": "2025-07-23 08:41:07.504787+00:00", "RecordID": "12807", "Level": "4", "UserID": "S-1-5-18", "EventData.ErrorCode": "1168", "EventData.PackageFullName": "Microsoft.XboxGamingOverlay_7.325.7090.0_x64__8wekyb3d8bbwe", "EventData.User": "S-1-5-21-963789628-1060504924-4285088085-1001", "EventData.DesiredStatus": "32", "EventData.CurrentStatus": "0"}
{"EventID": "42", "Channel": "Microsoft-Windows-AppModel-Runtime/Admin", "Provider_Name": "Microsoft-Windows-AppModel-Runtime", "Computer": "DESKTOP-OFJ6N53", "TimeCreated": "2025-07-23 08:41:08.273453+00:00", "RecordID": "12808", "Level": "4", "UserID": "S-1-5-21-963789628-1060504924-4285088085-1001", "EventData.AppContainerName": "Microsoft.XboxGamingOverlay_8wekyb3d8bbwe"}
{"EventID": "70", "Channel": "Microsoft-Windows-AppModel-Runtime/Admin", "Provider_Name": "Microsoft-Windows-AppModel-Runtime", "Computer": "DESKTOP-OFJ6N53", "TimeCreated": "2025-07-23 08:41:09.522856+00:00", "RecordID": "12809", "Level": "4", "UserID": "S-1-5-18", "EventData.PackageFullName": "Microsoft.XboxGamingOverlay_7.325.7090.0_x64__8wekyb3d8bbwe", "EventData.User": "S-1-5-21-963789628-1060504924-4285088085-1001", "EventData.DesiredStatus": "0", "EventData.CurrentStatus": "32"}
{"EventID": "70", "Channel": "Microsoft-Windows-AppModel-Runtime/Admin", "Provider_Name": "Microsoft-Windows-AppModel-Runtime", "Computer": "DESKTOP-OFJ6N53", "TimeCreated": "2025-07-23 08:41:18.402035+00:00", "RecordID": "12810", "Level": "4", "UserID": "S-1-5-18", "EventData.PackageFullName": "Microsoft.YourPhone_1.25061.44.0_x64__8wekyb3d8bbwe", "EventData.User": "S-1-5-21-963789628-1060504924-4285088085-1001", "EventData.DesiredStatus": "32", "EventData.CurrentStatus": "0"}
{"EventID": "69", "Channel": "Microsoft-Windows-AppModel-Runtime/Admin", "Provider_Name": "Microsoft-Windows-AppModel-Runtime", "Computer": "DESKTOP-OFJ6N53", "TimeCreated": "2025-07-23 08:41:18.402271+00:00", "RecordID": "12811", "Level": "4", "UserID": "S-1-5-18", "EventData.ErrorCode": "1168", "EventData.PackageFullName": "Microsoft.YourPhone_1.25061.45.0_x64__8wekyb3d8bbwe", "EventData.User": "S-1-5-21-963789628-1060504924-4285088085-1001", "EventData.DesiredStatus": "32", "EventData.CurrentStatus": "0"}
{"EventID": "42", "Channel": "Microsoft-Windows-AppModel-Runtime/Admin", "Provider_Name": "Microsoft-Windows-AppModel-Runtime", "Computer": "DESKTOP-OFJ6N53", "TimeCreated": "2025-07-23 08:41:18.637775+00:00", "RecordID": "12812", "Level": "4", "UserID": "S-1-5-21-963789628-1060504924-4285088085-1001", "EventData.AppContainerName": "Microsoft.YourPhone_8wekyb3d8bbwe"}
{"EventID": "70", "Channel": "Microsoft-Windows-AppModel-Runtime/Admin", "Provider_Name": "Microsoft-Windows-AppModel-Runtime", "Computer": "DESKTOP-OFJ6N53", "TimeCreated": "2025-07-23 08:41:21.570812+00:00", "RecordID": "12813", "Level": "4", "UserID": "S-1-5-18", "EventData.PackageFullName": "Microsoft.YourPhone_1.25061.45.0_x64__8wekyb3d8bbwe", "EventData.User": "S-1-5-21-963789628-1060504924-4285088085-1001", "EventData.DesiredStatus": "0", "EventData.CurrentStatus": "32"}
{"EventID": "201", "Channel": "Microsoft-Windows-AppModel-Runtime/Admin", "Provider_Name": "Microsoft-Windows-AppModel-Runtime", "Computer": "DESKTOP-OFJ6N53", "TimeCreated": "2025-07-23 10:24:22.697525+00:00", "RecordID": "12814", "Level": "4", "UserID": "S-1-5-18", "EventData.ProcessID": "13404", "EventData.PackageName": "Microsoft.MicrosoftEdge.Stable_138.0.3351.83_neutral__8wekyb3d8bbwe", "EventData.ImageName": "identity_helper.exe", "EventData.ApplicationName": "Microsoft.MicrosoftEdge.Stable_8wekyb3d8bbwe!App", "EventData.Message": "[FinishPackageActivation]"}
{"EventID": "210", "Channel": "Microsoft-Windows-AppModel-Runtime/Admin", "Provider_Name": "Microsoft-Windows-AppModel-Runtime", "Computer": "DESKTOP-OFJ6N53", "TimeCreated": "2025-07-23 20:27:14.411531+00:00", "RecordID": "12815", "Level": "4", "UserID": "S-1-5-18", "EventData.PackageName": "Microsoft.YourPhone_1.25061.45.0_x64__8wekyb3d8bbwe", "EventData.ContainerName": "Microsoft.YourPhone_1.25061.45.0_x64__8wekyb3d8bbwe-S-1-5-21-963789628-1060504924-4285088085-1001", "EventData.ContainerId": "f33fb40a-667f-11f0-a762-005056b235ad"}
{"EventID": "211", "Channel": "Microsoft-Windows-AppModel-Runtime/Admin", "Provider_Name": "Microsoft-Windows-AppModel-Runtime", "Computer": "DESKTOP-OFJ6N53", "TimeCreated": "2025-07-23 20:27:14.411575+00:00", "RecordID": "12816", "Level": "4", "UserID": "S-1-5-18", "EventData.ProcessID": "9808", "EventData.PackageName": "Microsoft.YourPhone_1.25061.45.0_x64__8wekyb3d8bbwe", "EventData.ContainerId": "f33fb40a-667f-11f0-a762-005056b235ad"}
{"EventID": "201", "Channel": "Microsoft-Windows-AppModel-Runtime/Admin", "Provider_Name": "Microsoft-Windows-AppModel-Runtime", "Computer": "DESKTOP-OFJ6N53", "TimeCreated": "2025-07-23 22:24:23.404110+00:00", "RecordID": "12817", "Level": "4", "UserID": "S-1-5-18", "EventData.ProcessID": "13508", "EventData.PackageName": "Microsoft.MicrosoftEdge.Stable_138.0.3351.83_neutral__8wekyb3d8bbwe", "EventData.ImageName": "identity_helper.exe", "EventData.ApplicationName": "Microsoft.MicrosoftEdge.Stable_8wekyb3d8bbwe!App", "EventData.Message": "[FinishPackageActivation]"}
{"EventID": "217", "Channel": "Microsoft-Windows-AppModel-Runtime/Admin", "Provider_Name": "Microsoft-Windows-AppModel-Runtime", "Computer": "DESKTOP-OFJ6N53", "TimeCreated": "2025-07-24 04:29:22.730646+00:00", "RecordID": "12818", "Level": "4", "UserID": "S-1-5-18", "EventData.PackageName": "Microsoft.YourPhone_1.25061.45.0_x64__8wekyb3d8bbwe", "EventData.ContainerId": "f33fb40a-667f-11f0-a762-005056b235ad"}
{"EventID": "210", "Channel": "Microsoft-Windows-AppModel-Runtime/Admin", "Provider_Name": "Microsoft-Windows-AppModel-Runtime", "Computer": "DESKTOP-OFJ6N53", "TimeCreated": "2025-07-24 08:26:44.287073+00:00", "RecordID": "12819", "Level": "4", "UserID": "S-1-5-18", "EventData.PackageName": "Microsoft.YourPhone_1.25061.45.0_x64__8wekyb3d8bbwe", "EventData.ContainerName": "Microsoft.YourPhone_1.25061.45.0_x64__8wekyb3d8bbwe-S-1-5-21-963789628-1060504924-4285088085-1001", "EventData.ContainerId": "f33fb726-667f-11f0-a762-005056b235ad"}
{"EventID": "211", "Channel": "Microsoft-Windows-AppModel-Runtime/Admin", "Provider_Name": "Microsoft-Windows-AppModel-Runtime", "Computer": "DESKTOP-OFJ6N53", "TimeCreated": "2025-07-24 08:26:44.287128+00:00", "RecordID": "12820", "Level": "4", "UserID": "S-1-5-18", "EventData.ProcessID": "11100", "EventData.PackageName": "Microsoft.YourPhone_1.25061.45.0_x64__8wekyb3d8bbwe", "EventData.ContainerId": "f33fb726-667f-11f0-a762-005056b235ad"}
{"EventID": "217", "Channel": "Microsoft-Windows-AppModel-Runtime/Admin", "Provider_Name": "Microsoft-Windows-AppModel-Runtime", "Computer": "DESKTOP-OFJ6N53", "TimeCreated": "2025-07-24 16:28:51.845675+00:00", "RecordID": "12821", "Level": "4", "UserID": "S-1-5-18", "EventData.PackageName": "Microsoft.YourPhone_1.25061.45.0_x64__8wekyb3d8bbwe", "EventData.ContainerId": "f33fb726-667f-11f0-a762-005056b235ad"}
{"EventID": "210", "Channel": "Microsoft-Windows-AppModel-Runtime/Admin", "Provider_Name": "Microsoft-Windows-AppModel-Runtime", "Computer": "DESKTOP-OFJ6N53", "TimeCreated": "2025-07-24 19:46:19.480806+00:00", "RecordID": "12822", "Level": "4", "UserID": "S-1-5-18", "EventData.PackageName": "Microsoft.XboxGamingOverlay_7.325.7090.0_x64__8wekyb3d8bbwe", "EventData.ContainerName": "Microsoft.XboxGamingOverlay_7.325.7090.0_x64__8wekyb3d8bbwe-S-1-5-21-963789628-1060504924-4285088085-1001", "EventData.ContainerId": "f33fbb4b-667f-11f0-a762-005056b235ad"}
{"EventID": "211", "Channel": "Microsoft-Windows-AppModel-Runtime/Admin", "Provider_Name": "Microsoft-Windows-AppModel-Runtime", "Computer": "DESKTOP-OFJ6N53", "TimeCreated": "2025-07-24 19:46:19.480846+00:00", "RecordID": "12823", "Level": "4", "UserID": "S-1-5-18", "EventData.ProcessID": "5828", "EventData.PackageName": "Microsoft.XboxGamingOverlay_7.325.7090.0_x64__8wekyb3d8bbwe", "EventData.ContainerId": "f33fbb4b-667f-11f0-a762-005056b235ad"}
{"EventID": "217", "Channel": "Microsoft-Windows-AppModel-Runtime/Admin", "Provider_Name": "Microsoft-Windows-AppModel-Runtime", "Computer": "DESKTOP-OFJ6N53", "TimeCreated": "2025-07-24 19:51:19.248636+00:00", "RecordID": "12824", "Level": "4", "UserID": "S-1-5-18", "EventData.PackageName": "Microsoft.XboxGamingOverlay_7.325.7090.0_x64__8wekyb3d8bbwe", "EventData.ContainerId": "f33fbb4b-667f-11f0-a762-005056b235ad"}
{"EventID": "210", "Channel": "Microsoft-Windows-AppModel-Runtime/Admin", "Provider_Name": "Microsoft-Windows-AppModel-Runtime", "Computer": "DESKTOP-OFJ6N53", "TimeCreated": "2025-07-24 20:27:15.299965+00:00", "RecordID": "12825", "Level": "4", "UserID": "S-1-5-18", "EventData.PackageName": "Microsoft.YourPhone_1.25061.45.0_x64__8wekyb3d8bbwe", "EventData.ContainerName": "Microsoft.YourPhone_1.25061.45.0_x64__8wekyb3d8bbwe-S-1-5-21-963789628-1060504924-4285088085-1001", "EventData.ContainerId": "f33fbb99-667f-11f0-a762-005056b235ad"}
{"EventID": "211", "Channel": "Microsoft-Windows-AppModel-Runtime/Admin", "Provider_Name": "Microsoft-Windows-AppModel-Runtime", "Computer": "DESKTOP-OFJ6N53", "TimeCreated": "2025-07-24 20:27:15.300007+00:00", "RecordID": "12826", "Level": "4", "UserID": "S-1-5-18", "EventData.ProcessID": "13124", "EventData.PackageName": "Microsoft.YourPhone_1.25061.45.0_x64__8wekyb3d8bbwe", "EventData.ContainerId": "f33fbb99-667f-11f0-a762-005056b235ad"}
{"EventID": "210", "Channel": "Microsoft-Windows-AppModel-Runtime/Admin", "Provider_Name": "Microsoft-Windows-AppModel-Runtime", "Computer": "DESKTOP-OFJ6N53", "TimeCreated": "2025-07-24 21:23:00.253149+00:00", "RecordID": "12827", "Level": "4", "UserID": "S-1-5-18", "EventData.PackageName": "Microsoft.MicrosoftOfficeHub_19.2507.46151.0_x64__8wekyb3d8bbwe", "EventData.ContainerName": "Microsoft.MicrosoftOfficeHub_19.2507.46151.0_x64__8wekyb3d8bbwe-S-1-5-21-963789628-1060504924-4285088085-1001", "EventData.ContainerId": "f33fbc21-667f-11f0-a762-005056b235ad"}
{"EventID": "211", "Channel": "Microsoft-Windows-AppModel-Runtime/Admin", "Provider_Name": "Microsoft-Windows-AppModel-Runtime", "Computer": "DESKTOP-OFJ6N53", "TimeCreated": "2025-07-24 21:23:00.253199+00:00", "RecordID": "12828", "Level": "4", "UserID": "S-1-5-18", "EventData.ProcessID": "14328", "EventData.PackageName": "Microsoft.MicrosoftOfficeHub_19.2507.46151.0_x64__8wekyb3d8bbwe", "EventData.ContainerId": "f33fbc21-667f-11f0-a762-005056b235ad"}
{"EventID": "217", "Channel": "Microsoft-Windows-AppModel-Runtime/Admin", "Provider_Name": "Microsoft-Windows-AppModel-Runtime", "Computer": "DESKTOP-OFJ6N53", "TimeCreated": "2025-07-24 21:23:05.844257+00:00", "RecordID": "12829", "Level": "4", "UserID": "S-1-5-18", "EventData.PackageName": "Microsoft.MicrosoftOfficeHub_19.2507.46151.0_x64__8wekyb3d8bbwe", "EventData.ContainerId": "f33fbc21-667f-11f0-a762-005056b235ad"}
{"EventID": "217", "Channel": "Microsoft-Windows-AppModel-Runtime/Admin", "Provider_Name": "Microsoft-Windows-AppModel-Runtime", "Computer": "DESKTOP-OFJ6N53", "TimeCreated": "2025-07-24 21:28:35.299549+00:00", "RecordID": "12830", "Level": "4", "UserID": "S-1-5-18", "EventData.PackageName": "Microsoft.DesktopAppInstaller_1.26.400.0_x64__8wekyb3d8bbwe", "EventData.ContainerId": "8b1865b0-5cd2-11f0-a762-005056b235ad"}
{"EventID": "217", "Channel": "Microsoft-Windows-AppModel-Runtime/Admin", "Provider_Name": "Microsoft-Windows-AppModel-Runtime", "Computer": "DESKTOP-OFJ6N53", "TimeCreated": "2025-07-24 21:28:35.527788+00:00", "RecordID": "12831", "Level": "4", "UserID": "S-1-5-18", "EventData.PackageName": "Microsoft.YourPhone_1.25061.45.0_x64__8wekyb3d8bbwe", "EventData.ContainerId": "f33fbb99-667f-11f0-a762-005056b235ad"}
{"EventID": "40", "Channel": "Microsoft-Windows-AppModel-Runtime/Admin", "Provider_Name": "Microsoft-Windows-AppModel-Runtime", "Computer": "DESKTOP-OFJ6N53", "TimeCreated": "2025-07-24 21:29:43.882793+00:00", "RecordID": "12832", "Level": "4", "UserID": "S-1-5-18", "EventData.AppContainerName": "onecore\\ds\\security\\gina\\profile\\profext\\appcontainer.cpp Line:1813 Usermode Font Driver Host microsoft.windows.fontdrvhost"}
{"EventID": "40", "Channel": "Microsoft-Windows-AppModel-Runtime/Admin", "Provider_Name": "Microsoft-Windows-AppModel-Runtime", "Computer": "DESKTOP-OFJ6N53", "TimeCreated": "2025-07-24 21:29:43.883528+00:00", "RecordID": "12833", "Level": "4", "UserID": "S-1-5-18", "EventData.AppContainerName": "onecore\\ds\\security\\gina\\profile\\profext\\appcontainer.cpp Line:1813 Usermode Font Driver Host microsoft.windows.fontdrvhost"}
{"EventID": "40", "Channel": "Microsoft-Windows-AppModel-Runtime/Admin", "Provider_Name": "Microsoft-Windows-AppModel-Runtime", "Computer": "DESKTOP-OFJ6N53", "TimeCreated": "2025-07-24 21:30:31.697252+00:00", "RecordID": "12834", "Level": "4", "UserID": "S-1-5-18", "EventData.AppContainerName": "onecore\\ds\\security\\gina\\profile\\profext\\appcontainer.cpp Line:1813 Usermode Font Driver Host microsoft.windows.fontdrvhost"}
