{"EventID": "100", "Channel": "Microsoft-Windows-Diagnostics-Performance/Operational", "Provider_Name": "Microsoft-Windows-Diagnostics-Performance", "Computer": "DESKTOP-OFJ6N53", "TimeCreated": "2024-04-23 15:47:24.984093+00:00", "RecordID": "394", "Level": "1", "UserID": "S-1-5-19", "EventData.BootTsVersion": "2", "EventData.BootStartTime": "2024-04-23 15:39:15.340475+00:00", "EventData.BootEndTime": "2024-04-23 15:46:11.061363+00:00", "EventData.SystemBootInstance": "53", "EventData.UserBootInstance": "53", "EventData.BootTime": "415801", "EventData.MainPathBootTime": "385067", "EventData.BootKernelInitTime": "171", "EventData.BootDriverInitTime": "5182", "EventData.BootDevicesInitTime": "6650", "EventData.BootPrefetchInitTime": "0", "EventData.BootPrefetchBytes": "0", "EventData.BootAutoChkTime": "0", "EventData.BootSmssInitTime": "16807", "EventData.BootCriticalServicesInitTime": "4800", "EventData.BootUserProfileProcessingTime": "2062", "EventData.BootMachineProfileProcessingTime": "1", "EventData.BootExplorerInitTime": "63945", "EventData.BootNumStartupApps": "21", "EventData.BootPostBootTime": "30734", "EventData.BootIsRebootAfterInstall": "False", "EventData.BootRootCauseStepImprovementBits": "0", "EventData.BootRootCauseGradualImprovementBits": "0", "EventData.BootRootCauseStepDegradationBits": "1", "EventData.BootRootCauseGradualDegradationBits": "0", "EventData.BootIsDegradation": "True", "EventData.BootIsStepDegradation": "True", "EventData.BootIsGradualDegradation": "False", "EventData.BootImprovementDelta": "0", "EventData.BootDegradationDelta": "137216", "EventData.BootIsRootCauseIdentified": "False", "EventData.OSLoaderDuration": "4433", "EventData.BootPNPInitStartTimeMS": "171", "EventData.BootPNPInitDuration": "6387", "EventData.OtherKernelInitDuration": "3312", "EventData.SystemPNPInitStartTimeMS": "9659", "EventData.SystemPNPInitDuration": "2842", "EventData.SessionInitStartTimeMS": "12542", "EventData.Session0InitDuration": "5965", "EventData.Session1InitDuration": "146", "EventData.SessionInitOtherDuration": "10695", "EventData.WinLogonStartTimeMS": "29349", "EventData.OtherLogonInitActivityDuration": "289708", "EventData.UserLogonWaitDuration": "273"}
{"EventID": "101", "Channel": "Microsoft-Windows-Diagnostics-Performance/Operational", "Provider_Name": "Microsoft-Windows-Diagnostics-Performance", "Computer": "DESKTOP-OFJ6N53", "TimeCreated": "2024-04-23 15:47:24.984104+00:00", "RecordID": "395", "Level": "3", "UserID": "S-1-5-19", "EventData.StartTime": "2024-04-23 15:39:15.340475+00:00", "EventData.NameLength": "12", "EventData.Name": "MsMpEng.exe", "EventData.FriendlyNameLength": "31", "EventData.FriendlyName": "Antimalware Service Executable", "EventData.VersionLength": "56", "EventData.Version": "4.18.24030.9 (cd8105518e5571788ee3b6a178bae8fbcdf461a8)", "EventData.TotalTime": "51409", "EventData.DegradationTime": "43909", "EventData.PathLength": "78", "EventData.Path": "C:\\ProgramData\\Microsoft\\Windows Defender\\Platform\\4.18.24030.9-0\\MsMpEng.exe", "EventData.ProductNameLength": "37", "EventData.ProductName": "Microsoft® Windows® Operating System", "EventData.CompanyNameLength": "22", "EventData.CompanyName": "Microsoft Corporation"}
{"EventID": "101", "Channel": "Microsoft-Windows-Diagnostics-Performance/Operational", "Provider_Name": "Microsoft-Windows-Diagnostics-Performance", "Computer": "DESKTOP-OFJ6N53", "TimeCreated": "2024-04-23 15:47:24.984112+00:00", "RecordID": "396", "Level": "3", "UserID": "S-1-5-19", "EventData.StartTime": "2024-04-23 15:39:15.340475+00:00", "EventData.NameLength": "14", "EventData.Name": "Assistant.exe", "EventData.FriendlyNameLength": "12", "EventData.FriendlyName": "Ассистент 5", "EventData.VersionLength": "14", "EventData.Version": "5.6.2403.1202", "EventData.TotalTime": "30155", "EventData.DegradationTime": "25155", "EventData.PathLength": "47", "EventData.Path": "C:\\Program Files (x86)\\Ассистент\\Assistant.exe", "EventData.ProductNameLength": "10", "EventData.ProductName": "Ассистент", "EventData.CompanyNameLength": "12", "EventData.CompanyName": "ООО «САФИБ»"}
{"EventID": "101", "Channel": "Microsoft-Windows-Diagnostics-Performance/Operational", "Provider_Name": "Microsoft-Windows-Diagnostics-Performance", "Computer": "DESKTOP-OFJ6N53", "TimeCreated": "2024-04-23 15:47:24.984119+00:00", "RecordID": "397", "Level": "3", "UserID": "S-1-5-19", "EventData.StartTime": "2024-04-23 15:39:15.340475+00:00", "EventData.NameLength": "20", "EventData.Name": "MoUsoCoreWorker.exe", "EventData.FriendlyNameLength": "26", "EventData.FriendlyName": "MoUSO Core Worker Process", "EventData.VersionLength": "39", "EventData.Version": "10.0.19041.4291 (WinBuild.160101.0800)", "EventData.TotalTime": "18869", "EventData.DegradationTime": "12717", "EventData.PathLength": "40", "EventData.Path": "C:\\Windows\\System32\\MoUsoCoreWorker.exe", "EventData.ProductNameLength": "37", "EventData.ProductName": "Microsoft® Windows® Operating System", "EventData.CompanyNameLength": "22", "EventData.CompanyName": "Microsoft Corporation"}
{"EventID": "103", "Channel": "Microsoft-Windows-Diagnostics-Performance/Operational", "Provider_Name": "Microsoft-Windows-Diagnostics-Performance", "Computer": "DESKTOP-OFJ6N53", "TimeCreated": "2024-04-23 15:47:24.984129+00:00", "RecordID": "398", "Level": "3", "UserID": "S-1-5-19", "EventData.StartTime": "2024-04-23 15:39:15.340475+00:00", "EventData.NameLength": "10", "EventData.Name": "windefend", "EventData.FriendlyNameLength": "0", "EventData.FriendlyName": null, "EventData.VersionLength": "0", "EventData.Version": null, "EventData.TotalTime": "3062", "EventData.DegradationTime": "814", "EventData.PathLength": "80", "EventData.Path": "\"c:\\programdata\\microsoft\\windows defender\\platform\\4.18.24030.9-0\\msmpeng.exe\"", "EventData.ProductNameLength": "0", "EventData.ProductName": null, "EventData.CompanyNameLength": "0", "EventData.CompanyName": null}
{"EventID": "200", "Channel": "Microsoft-Windows-Diagnostics-Performance/Operational", "Provider_Name": "Microsoft-Windows-Diagnostics-Performance", "Computer": "DESKTOP-OFJ6N53", "TimeCreated": "2024-04-29 15:12:05.536165+00:00", "RecordID": "399", "Level": "3", "UserID": "S-1-5-19", "EventData.ShutdownTsVersion": "1", "EventData.ShutdownStartTime": "2024-04-29 15:09:03.515085+00:00", "EventData.ShutdownEndTime": "2024-04-29 15:09:35.787813+00:00", "EventData.ShutdownTime": "32272", "EventData.ShutdownUserSessionTime": "12981", "EventData.ShutdownUserPolicyTime": "8", "EventData.ShutdownUserProfilesTime": "381", "EventData.ShutdownSystemSessionsTime": "18530", "EventData.ShutdownPreShutdownNotificationsTime": "13414", "EventData.ShutdownServicesTime": "4987", "EventData.ShutdownKernelTime": "760", "EventData.ShutdownRootCauseStepImprovementBits": "0", "EventData.ShutdownRootCauseGradualImprovementBits": "0", "EventData.ShutdownRootCauseStepDegradationBits": "0", "EventData.ShutdownRootCauseGradualDegradationBits": "0", "EventData.ShutdownIsDegradation": "False", "EventData.ShutdownTimeChange": "0"}
{"EventID": "203", "Channel": "Microsoft-Windows-Diagnostics-Performance/Operational", "Provider_Name": "Microsoft-Windows-Diagnostics-Performance", "Computer": "DESKTOP-OFJ6N53", "TimeCreated": "2024-04-29 15:12:05.536886+00:00", "RecordID": "400", "Level": "3", "UserID": "S-1-5-19", "EventData.StartTime": "2024-04-29 15:09:03.515085+00:00", "EventData.NameLength": "4", "EventData.Name": "DPS", "EventData.FriendlyNameLength": "32", "EventData.FriendlyName": "Служба политики диагностики WDI", "EventData.VersionLength": "39", "EventData.Version": "10.0.19041.4165 (WinBuild.160101.0800)", "EventData.TotalTime": "1413", "EventData.DegradationTime": "837", "EventData.PathLength": "28", "EventData.Path": "C:\\Windows\\system32\\dps.dll", "EventData.ProductNameLength": "41", "EventData.ProductName": "Операционная система Microsoft® Windows®", "EventData.CompanyNameLength": "22", "EventData.CompanyName": "Microsoft Corporation"}
{"EventID": "100", "Channel": "Microsoft-Windows-Diagnostics-Performance/Operational", "Provider_Name": "Microsoft-Windows-Diagnostics-Performance", "Computer": "DESKTOP-OFJ6N53", "TimeCreated": "2024-04-29 15:12:06.479149+00:00", "RecordID": "401", "Level": "2", "UserID": "S-1-5-19", "EventData.BootTsVersion": "2", "EventData.BootStartTime": "2024-04-29 15:09:58.666862+00:00", "EventData.BootEndTime": "2024-04-29 15:12:04.127703+00:00", "EventData.SystemBootInstance": "54", "EventData.UserBootInstance": "54", "EventData.BootTime": "90608", "EventData.MainPathBootTime": "41108", "EventData.BootKernelInitTime": "219", "EventData.BootDriverInitTime": "4361", "EventData.BootDevicesInitTime": "5686", "EventData.BootPrefetchInitTime": "0", "EventData.BootPrefetchBytes": "0", "EventData.BootAutoChkTime": "0", "EventData.BootSmssInitTime": "5544", "EventData.BootCriticalServicesInitTime": "1587", "EventData.BootUserProfileProcessingTime": "1440", "EventData.BootMachineProfileProcessingTime": "12", "EventData.BootExplorerInitTime": "7635", "EventData.BootNumStartupApps": "23", "EventData.BootPostBootTime": "49500", "EventData.BootIsRebootAfterInstall": "False", "EventData.BootRootCauseStepImprovementBits": "0", "EventData.BootRootCauseGradualImprovementBits": "0", "EventData.BootRootCauseStepDegradationBits": "0", "EventData.BootRootCauseGradualDegradationBits": "0", "EventData.BootIsDegradation": "False", "EventData.BootIsStepDegradation": "False", "EventData.BootIsGradualDegradation": "False", "EventData.BootImprovementDelta": "0", "EventData.BootDegradationDelta": "0", "EventData.BootIsRootCauseIdentified": "False", "EventData.OSLoaderDuration": "3017", "EventData.BootPNPInitStartTimeMS": "219", "EventData.BootPNPInitDuration": "6164", "EventData.OtherKernelInitDuration": "2887", "EventData.SystemPNPInitStartTimeMS": "9026", "EventData.SystemPNPInitDuration": "2390", "EventData.SessionInitStartTimeMS": "11442", "EventData.Session0InitDuration": "524", "EventData.Session1InitDuration": "69", "EventData.SessionInitOtherDuration": "4950", "EventData.WinLogonStartTimeMS": "16987", "EventData.OtherLogonInitActivityDuration": "15034", "EventData.UserLogonWaitDuration": "153"}
{"EventID": "101", "Channel": "Microsoft-Windows-Diagnostics-Performance/Operational", "Provider_Name": "Microsoft-Windows-Diagnostics-Performance", "Computer": "DESKTOP-OFJ6N53", "TimeCreated": "2024-04-29 15:12:06.479160+00:00", "RecordID": "402", "Level": "3", "UserID": "S-1-5-19", "EventData.StartTime": "2024-04-29 15:09:58.666862+00:00", "EventData.NameLength": "12", "EventData.Name": "MsMpEng.exe", "EventData.FriendlyNameLength": "31", "EventData.FriendlyName": "Antimalware Service Executable", "EventData.VersionLength": "56", "EventData.Version": "4.18.24030.9 (cd8105518e5571788ee3b6a178bae8fbcdf461a8)", "EventData.TotalTime": "17855", "EventData.DegradationTime": "12855", "EventData.PathLength": "78", "EventData.Path": "C:\\ProgramData\\Microsoft\\Windows Defender\\Platform\\4.18.24030.9-0\\MsMpEng.exe", "EventData.ProductNameLength": "37", "EventData.ProductName": "Microsoft® Windows® Operating System", "EventData.CompanyNameLength": "22", "EventData.CompanyName": "Microsoft Corporation"}
{"EventID": "200", "Channel": "Microsoft-Windows-Diagnostics-Performance/Operational", "Provider_Name": "Microsoft-Windows-Diagnostics-Performance", "Computer": "DESKTOP-OFJ6N53", "TimeCreated": "2024-05-14 09:16:45.623571+00:00", "RecordID": "403", "Level": "1", "UserID": "S-1-5-19", "EventData.ShutdownTsVersion": "1", "EventData.ShutdownStartTime": "2024-05-14 09:09:25.932629+00:00", "EventData.ShutdownEndTime": "2024-05-14 09:11:31.988823+00:00", "EventData.ShutdownTime": "126056", "EventData.ShutdownUserSessionTime": "56326", "EventData.ShutdownUserPolicyTime": "375", "EventData.ShutdownUserProfilesTime": "1991", "EventData.ShutdownSystemSessionsTime": "14604", "EventData.ShutdownPreShutdownNotificationsTime": "4388", "EventData.ShutdownServicesTime": "5217", "EventData.ShutdownKernelTime": "55124", "EventData.ShutdownRootCauseStepImprovementBits": "0", "EventData.ShutdownRootCauseGradualImprovementBits": "0", "EventData.ShutdownRootCauseStepDegradationBits": "0", "EventData.ShutdownRootCauseGradualDegradationBits": "1", "EventData.ShutdownIsDegradation": "True", "EventData.ShutdownTimeChange": "80887"}
{"EventID": "203", "Channel": "Microsoft-Windows-Diagnostics-Performance/Operational", "Provider_Name": "Microsoft-Windows-Diagnostics-Performance", "Computer": "DESKTOP-OFJ6N53", "TimeCreated": "2024-05-14 09:16:45.625000+00:00", "RecordID": "404", "Level": "3", "UserID": "S-1-5-19", "EventData.StartTime": "2024-05-14 09:09:25.932629+00:00", "EventData.NameLength": "10", "EventData.Name": "WinDefend", "EventData.FriendlyNameLength": "0", "EventData.FriendlyName": null, "EventData.VersionLength": "0", "EventData.Version": null, "EventData.TotalTime": "3463", "EventData.DegradationTime": "3199", "EventData.PathLength": "80", "EventData.Path": "\"c:\\programdata\\microsoft\\windows defender\\platform\\4.18.24030.9-0\\msmpeng.exe\"", "EventData.ProductNameLength": "0", "EventData.ProductName": null, "EventData.CompanyNameLength": "0", "EventData.CompanyName": null}
{"EventID": "203", "Channel": "Microsoft-Windows-Diagnostics-Performance/Operational", "Provider_Name": "Microsoft-Windows-Diagnostics-Performance", "Computer": "DESKTOP-OFJ6N53", "TimeCreated": "2024-05-14 09:16:45.625008+00:00", "RecordID": "405", "Level": "3", "UserID": "S-1-5-19", "EventData.StartTime": "2024-05-14 09:09:25.932629+00:00", "EventData.NameLength": "10", "EventData.Name": "MDCoreSvc", "EventData.FriendlyNameLength": "0", "EventData.FriendlyName": null, "EventData.VersionLength": "0", "EventData.Version": null, "EventData.TotalTime": "4074", "EventData.DegradationTime": "74", "EventData.PathLength": "94", "EventData.Path": "\"C:\\ProgramData\\microsoft\\windows defender\\platform\\4.18.24030.9-0\\mpdefendercoreservice.exe\"", "EventData.ProductNameLength": "0", "EventData.ProductName": null, "EventData.CompanyNameLength": "0", "EventData.CompanyName": null}
{"EventID": "100", "Channel": "Microsoft-Windows-Diagnostics-Performance/Operational", "Provider_Name": "Microsoft-Windows-Diagnostics-Performance", "Computer": "DESKTOP-OFJ6N53", "TimeCreated": "2024-05-14 09:16:47.506510+00:00", "RecordID": "406", "Level": "1", "UserID": "S-1-5-19", "EventData.BootTsVersion": "2", "EventData.BootStartTime": "2024-05-14 09:12:23.413307+00:00", "EventData.BootEndTime": "2024-05-14 09:15:40.419189+00:00", "EventData.SystemBootInstance": "55", "EventData.UserBootInstance": "55", "EventData.BootTime": "184931", "EventData.MainPathBootTime": "140890", "EventData.BootKernelInitTime": "332", "EventData.BootDriverInitTime": "23056", "EventData.BootDevicesInitTime": "12449", "EventData.BootPrefetchInitTime": "0", "EventData.BootPrefetchBytes": "0", "EventData.BootAutoChkTime": "0", "EventData.BootSmssInitTime": "15032", "EventData.BootCriticalServicesInitTime": "4727", "EventData.BootUserProfileProcessingTime": "26158", "EventData.BootMachineProfileProcessingTime": "1002", "EventData.BootExplorerInitTime": "52592", "EventData.BootNumStartupApps": "22", "EventData.BootPostBootTime": "44041", "EventData.BootIsRebootAfterInstall": "False", "EventData.BootRootCauseStepImprovementBits": "0", "EventData.BootRootCauseGradualImprovementBits": "0", "EventData.BootRootCauseStepDegradationBits": "4", "EventData.BootRootCauseGradualDegradationBits": "2", "EventData.BootIsDegradation": "False", "EventData.BootIsStepDegradation": "False", "EventData.BootIsGradualDegradation": "False", "EventData.BootImprovementDelta": "0", "EventData.BootDegradationDelta": "0", "EventData.BootIsRootCauseIdentified": "True", "EventData.OSLoaderDuration": "10619", "EventData.BootPNPInitStartTimeMS": "332", "EventData.BootPNPInitDuration": "14289", "EventData.OtherKernelInitDuration": "3986", "EventData.SystemPNPInitStartTimeMS": "18228", "EventData.SystemPNPInitDuration": "21111", "EventData.SessionInitStartTimeMS": "39387", "EventData.Session0InitDuration": "2209", "EventData.Session1InitDuration": "100", "EventData.SessionInitOtherDuration": "12723", "EventData.WinLogonStartTimeMS": "54419", "EventData.OtherLogonInitActivityDuration": "6716", "EventData.UserLogonWaitDuration": "12076"}
{"EventID": "101", "Channel": "Microsoft-Windows-Diagnostics-Performance/Operational", "Provider_Name": "Microsoft-Windows-Diagnostics-Performance", "Computer": "DESKTOP-OFJ6N53", "TimeCreated": "2024-05-14 09:16:47.506529+00:00", "RecordID": "407", "Level": "3", "UserID": "S-1-5-19", "EventData.StartTime": "2024-05-14 09:12:23.413307+00:00", "EventData.NameLength": "12", "EventData.Name": "MsMpEng.exe", "EventData.FriendlyNameLength": "31", "EventData.FriendlyName": "Antimalware Service Executable", "EventData.VersionLength": "56", "EventData.Version": "4.18.24030.9 (cd8105518e5571788ee3b6a178bae8fbcdf461a8)", "EventData.TotalTime": "18336", "EventData.DegradationTime": "15836", "EventData.PathLength": "78", "EventData.Path": "C:\\ProgramData\\Microsoft\\Windows Defender\\Platform\\4.18.24030.9-0\\MsMpEng.exe", "EventData.ProductNameLength": "37", "EventData.ProductName": "Microsoft® Windows® Operating System", "EventData.CompanyNameLength": "22", "EventData.CompanyName": "Microsoft Corporation"}
{"EventID": "101", "Channel": "Microsoft-Windows-Diagnostics-Performance/Operational", "Provider_Name": "Microsoft-Windows-Diagnostics-Performance", "Computer": "DESKTOP-OFJ6N53", "TimeCreated": "2024-05-14 09:16:47.506538+00:00", "RecordID": "408", "Level": "3", "UserID": "S-1-5-19", "EventData.StartTime": "2024-05-14 09:12:23.413307+00:00", "EventData.NameLength": "11", "EventData.Name": "sppsvc.exe", "EventData.FriendlyNameLength": "60", "EventData.FriendlyName": "Служба платформы защиты программного обеспечения Майкрософт", "EventData.VersionLength": "39", "EventData.Version": "10.0.19041.4165 (WinBuild.160101.0800)", "EventData.TotalTime": "7293", "EventData.DegradationTime": "4537", "EventData.PathLength": "31", "EventData.Path": "C:\\Windows\\System32\\sppsvc.exe", "EventData.ProductNameLength": "41", "EventData.ProductName": "Операционная система Microsoft® Windows®", "EventData.CompanyNameLength": "22", "EventData.CompanyName": "Microsoft Corporation"}
{"EventID": "101", "Channel": "Microsoft-Windows-Diagnostics-Performance/Operational", "Provider_Name": "Microsoft-Windows-Diagnostics-Performance", "Computer": "DESKTOP-OFJ6N53", "TimeCreated": "2024-05-14 09:16:47.506546+00:00", "RecordID": "409", "Level": "3", "UserID": "S-1-5-19", "EventData.StartTime": "2024-05-14 09:12:23.413307+00:00", "EventData.NameLength": "9", "EventData.Name": "EPWD.exe", "EventData.FriendlyNameLength": "46", "EventData.FriendlyName": "Check Point Endpoint Security Client Watchdog", "EventData.VersionLength": "13", "EventData.Version": "86,8,7000,01", "EventData.TotalTime": "5509", "EventData.DegradationTime": "4509", "EventData.PathLength": "69", "EventData.Path": "C:\\Program Files (x86)\\CheckPoint\\Endpoint Connect\\Watchdog\\EPWD.exe", "EventData.ProductNameLength": "23", "EventData.ProductName": "End Point Security R80", "EventData.CompanyNameLength": "39", "EventData.CompanyName": "Check Point Software Technologies Ltd."}
{"EventID": "101", "Channel": "Microsoft-Windows-Diagnostics-Performance/Operational", "Provider_Name": "Microsoft-Windows-Diagnostics-Performance", "Computer": "DESKTOP-OFJ6N53", "TimeCreated": "2024-05-14 09:16:47.506554+00:00", "RecordID": "410", "Level": "3", "UserID": "S-1-5-19", "EventData.StartTime": "2024-05-14 09:12:23.413307+00:00", "EventData.NameLength": "26", "EventData.Name": "MpDefenderCoreService.exe", "EventData.FriendlyNameLength": "25", "EventData.FriendlyName": "Antimalware Core Service", "EventData.VersionLength": "56", "EventData.Version": "4.18.24030.9 (cd8105518e5571788ee3b6a178bae8fbcdf461a8)", "EventData.TotalTime": "4837", "EventData.DegradationTime": "3837", "EventData.PathLength": "92", "EventData.Path": "C:\\ProgramData\\Microsoft\\Windows Defender\\Platform\\4.18.24030.9-0\\MpDefenderCoreService.exe", "EventData.ProductNameLength": "37", "EventData.ProductName": "Microsoft® Windows® Operating System", "EventData.CompanyNameLength": "22", "EventData.CompanyName": "Microsoft Corporation"}
{"EventID": "101", "Channel": "Microsoft-Windows-Diagnostics-Performance/Operational", "Provider_Name": "Microsoft-Windows-Diagnostics-Performance", "Computer": "DESKTOP-OFJ6N53", "TimeCreated": "2024-05-14 09:16:47.506565+00:00", "RecordID": "411", "Level": "3", "UserID": "S-1-5-19", "EventData.StartTime": "2024-05-14 09:12:23.413307+00:00", "EventData.NameLength": "16", "EventData.Name": "update_task.exe", "EventData.FriendlyNameLength": "12", "EventData.FriendlyName": "update_task", "EventData.VersionLength": "11", "EventData.Version": "7.0.1.0083", "EventData.TotalTime": "9990", "EventData.DegradationTime": "2086", "EventData.PathLength": "54", "EventData.Path": "C:\\Program Files\\Fortinet\\FortiClient\\update_task.exe", "EventData.ProductNameLength": "30", "EventData.ProductName": "FortiClient Auto-update Agent", "EventData.CompanyNameLength": "14", "EventData.CompanyName": "Fortinet Inc."}
{"EventID": "101", "Channel": "Microsoft-Windows-Diagnostics-Performance/Operational", "Provider_Name": "Microsoft-Windows-Diagnostics-Performance", "Computer": "DESKTOP-OFJ6N53", "TimeCreated": "2024-05-14 09:16:47.506575+00:00", "RecordID": "412", "Level": "3", "UserID": "S-1-5-19", "EventData.StartTime": "2024-05-14 09:12:23.413307+00:00", "EventData.NameLength": "19", "EventData.Name": "TracSrvWrapper.exe", "EventData.FriendlyNameLength": "42", "EventData.FriendlyName": "Check Point Endpoint Security VPN service", "EventData.VersionLength": "13", "EventData.Version": "98,6,1047,07", "EventData.TotalTime": "3010", "EventData.DegradationTime": "2010", "EventData.PathLength": "70", "EventData.Path": "C:\\Program Files (x86)\\CheckPoint\\Endpoint Connect\\TracSrvWrapper.exe", "EventData.ProductNameLength": "5", "EventData.ProductName": "trac", "EventData.CompanyNameLength": "34", "EventData.CompanyName": "Check Point Software Technologies"}
{"EventID": "101", "Channel": "Microsoft-Windows-Diagnostics-Performance/Operational", "Provider_Name": "Microsoft-Windows-Diagnostics-Performance", "Computer": "DESKTOP-OFJ6N53", "TimeCreated": "2024-05-14 09:16:47.506584+00:00", "RecordID": "413", "Level": "3", "UserID": "S-1-5-19", "EventData.StartTime": "2024-05-14 09:12:23.413307+00:00", "EventData.NameLength": "21", "EventData.Name": "IntegrityService.exe", "EventData.FriendlyNameLength": "1", "EventData.FriendlyName": null, "EventData.VersionLength": "1", "EventData.Version": null, "EventData.TotalTime": "5877", "EventData.DegradationTime": "877", "EventData.PathLength": "73", "EventData.Path": "C:\\Program Files\\Security Code\\Continent VPN Client\\IntegrityService.exe", "EventData.ProductNameLength": "1", "EventData.ProductName": null, "EventData.CompanyNameLength": "1", "EventData.CompanyName": null}
{"EventID": "102", "Channel": "Microsoft-Windows-Diagnostics-Performance/Operational", "Provider_Name": "Microsoft-Windows-Diagnostics-Performance", "Computer": "DESKTOP-OFJ6N53", "TimeCreated": "2024-05-14 09:16:47.506594+00:00", "RecordID": "414", "Level": "3", "UserID": "S-1-5-19", "EventData.StartTime": "2024-05-14 09:12:23.413307+00:00", "EventData.NameLength": "5", "EventData.Name": "klhk", "EventData.FriendlyNameLength": "20", "EventData.FriendlyName": "klhk [fre_win7_x64]", "EventData.VersionLength": "10", "EventData.Version": "59.0.32.0", "EventData.TotalTime": "337", "EventData.DegradationTime": "487", "EventData.PathLength": "37", "EventData.Path": "C:\\Windows\\system32\\DRIVERS\\klhk.sys", "EventData.ProductNameLength": "18", "EventData.ProductName": "Coretech Delivery", "EventData.CompanyNameLength": "17", "EventData.CompanyName": "AO Kaspersky Lab"}
{"EventID": "102", "Channel": "Microsoft-Windows-Diagnostics-Performance/Operational", "Provider_Name": "Microsoft-Windows-Diagnostics-Performance", "Computer": "DESKTOP-OFJ6N53", "TimeCreated": "2024-05-14 09:16:47.506605+00:00", "RecordID": "415", "Level": "3", "UserID": "S-1-5-19", "EventData.StartTime": "2024-05-14 09:12:23.413307+00:00", "EventData.NameLength": "5", "EventData.Name": "KLIF", "EventData.FriendlyNameLength": "40", "EventData.FriendlyName": "Core System Interceptors [fre_win7_x64]", "EventData.VersionLength": "14", "EventData.Version": "30.587.0.3610", "EventData.TotalTime": "500", "EventData.DegradationTime": "251", "EventData.PathLength": "37", "EventData.Path": "C:\\Windows\\system32\\DRIVERS\\klif.sys", "EventData.ProductNameLength": "18", "EventData.ProductName": "Coretech Delivery", "EventData.CompanyNameLength": "17", "EventData.CompanyName": "AO Kaspersky Lab"}
{"EventID": "103", "Channel": "Microsoft-Windows-Diagnostics-Performance/Operational", "Provider_Name": "Microsoft-Windows-Diagnostics-Performance", "Computer": "DESKTOP-OFJ6N53", "TimeCreated": "2024-05-14 09:16:47.506613+00:00", "RecordID": "416", "Level": "3", "UserID": "S-1-5-19", "EventData.StartTime": "2024-05-14 09:12:23.413307+00:00", "EventData.NameLength": "9", "EventData.Name": "audiosrv", "EventData.FriendlyNameLength": "21", "EventData.FriendlyName": "Служба Windows Audio", "EventData.VersionLength": "39", "EventData.Version": "10.0.19041.4165 (WinBuild.160101.0800)", "EventData.TotalTime": "665", "EventData.DegradationTime": "402", "EventData.PathLength": "33", "EventData.Path": "C:\\Windows\\System32\\Audiosrv.dll", "EventData.ProductNameLength": "41", "EventData.ProductName": "Операционная система Microsoft® Windows®", "EventData.CompanyNameLength": "22", "EventData.CompanyName": "Microsoft Corporation"}
{"EventID": "104", "Channel": "Microsoft-Windows-Diagnostics-Performance/Operational", "Provider_Name": "Microsoft-Windows-Diagnostics-Performance", "Computer": "DESKTOP-OFJ6N53", "TimeCreated": "2024-05-14 09:16:47.507946+00:00", "RecordID": "417", "Level": "3", "UserID": "S-1-5-19", "EventData.StartTime": "2024-05-14 09:12:23.413307+00:00", "EventData.NameLength": "11", "EventData.Name": "KernelInit", "EventData.TotalTime": "332", "EventData.DegradationTime": "135"}
{"EventID": "200", "Channel": "Microsoft-Windows-Diagnostics-Performance/Operational", "Provider_Name": "Microsoft-Windows-Diagnostics-Performance", "Computer": "DESKTOP-OFJ6N53", "TimeCreated": "2024-05-31 10:51:18.595854+00:00", "RecordID": "418", "Level": "2", "UserID": "S-1-5-19", "EventData.ShutdownTsVersion": "1", "EventData.ShutdownStartTime": "2024-05-31 10:38:56.437609+00:00", "EventData.ShutdownEndTime": "2024-05-31 10:40:05.702154+00:00", "EventData.ShutdownTime": "69264", "EventData.ShutdownUserSessionTime": "9099", "EventData.ShutdownUserPolicyTime": "16", "EventData.ShutdownUserProfilesTime": "597", "EventData.ShutdownSystemSessionsTime": "8000", "EventData.ShutdownPreShutdownNotificationsTime": "2056", "EventData.ShutdownServicesTime": "5006", "EventData.ShutdownKernelTime": "52164", "EventData.ShutdownRootCauseStepImprovementBits": "0", "EventData.ShutdownRootCauseGradualImprovementBits": "0", "EventData.ShutdownRootCauseStepDegradationBits": "0", "EventData.ShutdownRootCauseGradualDegradationBits": "4", "EventData.ShutdownIsDegradation": "True", "EventData.ShutdownTimeChange": "0"}
{"EventID": "203", "Channel": "Microsoft-Windows-Diagnostics-Performance/Operational", "Provider_Name": "Microsoft-Windows-Diagnostics-Performance", "Computer": "DESKTOP-OFJ6N53", "TimeCreated": "2024-05-31 10:51:18.809216+00:00", "RecordID": "419", "Level": "3", "UserID": "S-1-5-19", "EventData.StartTime": "2024-05-31 10:38:56.437609+00:00", "EventData.NameLength": "12", "EventData.Name": "TermService", "EventData.FriendlyNameLength": "105", "EventData.FriendlyName": "Диспетчер удаленных подключений к серверу, обслуживающему сеансы подключения к удаленному рабочему столу", "EventData.VersionLength": "39", "EventData.Version": "10.0.19041.4165 (WinBuild.160101.0800)", "EventData.TotalTime": "1972", "EventData.DegradationTime": "1639", "EventData.PathLength": "32", "EventData.Path": "C:\\Windows\\System32\\termsrv.dll", "EventData.ProductNameLength": "41", "EventData.ProductName": "Операционная система Microsoft® Windows®", "EventData.CompanyNameLength": "22", "EventData.CompanyName": "Microsoft Corporation"}
{"EventID": "203", "Channel": "Microsoft-Windows-Diagnostics-Performance/Operational", "Provider_Name": "Microsoft-Windows-Diagnostics-Performance", "Computer": "DESKTOP-OFJ6N53", "TimeCreated": "2024-05-31 10:51:18.809225+00:00", "RecordID": "420", "Level": "3", "UserID": "S-1-5-19", "EventData.StartTime": "2024-05-31 10:38:56.437609+00:00", "EventData.NameLength": "7", "EventData.Name": "wscsvc", "EventData.FriendlyNameLength": "47", "EventData.FriendlyName": "Служба центра обеспечения безопасности Windows", "EventData.VersionLength": "39", "EventData.Version": "10.0.19041.4165 (WinBuild.160101.0800)", "EventData.TotalTime": "1181", "EventData.DegradationTime": "960", "EventData.PathLength": "31", "EventData.Path": "C:\\Windows\\System32\\wscsvc.dll", "EventData.ProductNameLength": "41", "EventData.ProductName": "Операционная система Microsoft® Windows®", "EventData.CompanyNameLength": "22", "EventData.CompanyName": "Microsoft Corporation"}
{"EventID": "203", "Channel": "Microsoft-Windows-Diagnostics-Performance/Operational", "Provider_Name": "Microsoft-Windows-Diagnostics-Performance", "Computer": "DESKTOP-OFJ6N53", "TimeCreated": "2024-05-31 10:51:18.809233+00:00", "RecordID": "421", "Level": "3", "UserID": "S-1-5-19", "EventData.StartTime": "2024-05-31 10:38:56.437609+00:00", "EventData.NameLength": "9", "EventData.Name": "FDResPub", "EventData.FriendlyNameLength": "47", "EventData.FriendlyName": "Служба публикации ресурсов обнаружения функции", "EventData.VersionLength": "39", "EventData.Version": "10.0.19041.4165 (WinBuild.160101.0800)", "EventData.TotalTime": "2131", "EventData.DegradationTime": "947", "EventData.PathLength": "33", "EventData.Path": "C:\\Windows\\system32\\fdrespub.dll", "EventData.ProductNameLength": "41", "EventData.ProductName": "Операционная система Microsoft® Windows®", "EventData.CompanyNameLength": "22", "EventData.CompanyName": "Microsoft Corporation"}
{"EventID": "203", "Channel": "Microsoft-Windows-Diagnostics-Performance/Operational", "Provider_Name": "Microsoft-Windows-Diagnostics-Performance", "Computer": "DESKTOP-OFJ6N53", "TimeCreated": "2024-05-31 10:51:18.809399+00:00", "RecordID": "422", "Level": "3", "UserID": "S-1-5-19", "EventData.StartTime": "2024-05-31 10:38:56.437609+00:00", "EventData.NameLength": "8", "EventData.Name": "SstpSvc", "EventData.FriendlyNameLength": "99", "EventData.FriendlyName": "Обеспечивает возможность использования SSTP для подключения к удаленным компьютерам с помощью VPN.", "EventData.VersionLength": "39", "EventData.Version": "10.0.19041.4165 (WinBuild.160101.0800)", "EventData.TotalTime": "1000", "EventData.DegradationTime": "916", "EventData.PathLength": "32", "EventData.Path": "C:\\Windows\\system32\\sstpsvc.dll", "EventData.ProductNameLength": "41", "EventData.ProductName": "Операционная система Microsoft® Windows®", "EventData.CompanyNameLength": "22", "EventData.CompanyName": "Microsoft Corporation"}
{"EventID": "200", "Channel": "Microsoft-Windows-Diagnostics-Performance/Operational", "Provider_Name": "Microsoft-Windows-Diagnostics-Performance", "Computer": "DESKTOP-OFJ6N53", "TimeCreated": "2024-06-06 12:19:31.725103+00:00", "RecordID": "423", "Level": "3", "UserID": "S-1-5-19", "EventData.ShutdownTsVersion": "1", "EventData.ShutdownStartTime": "2024-06-06 12:15:34.014498+00:00", "EventData.ShutdownEndTime": "2024-06-06 12:15:56.736380+00:00", "EventData.ShutdownTime": "22721", "EventData.ShutdownUserSessionTime": "3405", "EventData.ShutdownUserPolicyTime": "91", "EventData.ShutdownUserProfilesTime": "438", "EventData.ShutdownSystemSessionsTime": "5328", "EventData.ShutdownPreShutdownNotificationsTime": "138", "EventData.ShutdownServicesTime": "4996", "EventData.ShutdownKernelTime": "13988", "EventData.ShutdownRootCauseStepImprovementBits": "0", "EventData.ShutdownRootCauseGradualImprovementBits": "72", "EventData.ShutdownRootCauseStepDegradationBits": "0", "EventData.ShutdownRootCauseGradualDegradationBits": "0", "EventData.ShutdownIsDegradation": "False", "EventData.ShutdownTimeChange": "0"}
{"EventID": "200", "Channel": "Microsoft-Windows-Diagnostics-Performance/Operational", "Provider_Name": "Microsoft-Windows-Diagnostics-Performance", "Computer": "DESKTOP-OFJ6N53", "TimeCreated": "2024-06-13 10:21:47.269375+00:00", "RecordID": "424", "Level": "3", "UserID": "S-1-5-19", "EventData.ShutdownTsVersion": "1", "EventData.ShutdownStartTime": "2024-06-13 10:18:06.539152+00:00", "EventData.ShutdownEndTime": "2024-06-13 10:18:22.346256+00:00", "EventData.ShutdownTime": "15807", "EventData.ShutdownUserSessionTime": "4606", "EventData.ShutdownUserPolicyTime": "2", "EventData.ShutdownUserProfilesTime": "311", "EventData.ShutdownSystemSessionsTime": "6655", "EventData.ShutdownPreShutdownNotificationsTime": "1438", "EventData.ShutdownServicesTime": "5030", "EventData.ShutdownKernelTime": "4545", "EventData.ShutdownRootCauseStepImprovementBits": "73", "EventData.ShutdownRootCauseGradualImprovementBits": "1", "EventData.ShutdownRootCauseStepDegradationBits": "0", "EventData.ShutdownRootCauseGradualDegradationBits": "0", "EventData.ShutdownIsDegradation": "False", "EventData.ShutdownTimeChange": "-93783"}
{"EventID": "200", "Channel": "Microsoft-Windows-Diagnostics-Performance/Operational", "Provider_Name": "Microsoft-Windows-Diagnostics-Performance", "Computer": "DESKTOP-OFJ6N53", "TimeCreated": "2024-07-22 07:27:33.083288+00:00", "RecordID": "425", "Level": "3", "UserID": "S-1-5-19", "EventData.ShutdownTsVersion": "1", "EventData.ShutdownStartTime": "2024-07-22 07:25:40.727112+00:00", "EventData.ShutdownEndTime": "2024-07-22 07:26:08.992916+00:00", "EventData.ShutdownTime": "28265", "EventData.ShutdownUserSessionTime": "7068", "EventData.ShutdownUserPolicyTime": "2", "EventData.ShutdownUserProfilesTime": "90", "EventData.ShutdownSystemSessionsTime": "6242", "EventData.ShutdownPreShutdownNotificationsTime": "1166", "EventData.ShutdownServicesTime": "5010", "EventData.ShutdownKernelTime": "14955", "EventData.ShutdownRootCauseStepImprovementBits": "2", "EventData.ShutdownRootCauseGradualImprovementBits": "0", "EventData.ShutdownRootCauseStepDegradationBits": "0", "EventData.ShutdownRootCauseGradualDegradationBits": "0", "EventData.ShutdownIsDegradation": "False", "EventData.ShutdownTimeChange": "0"}
{"EventID": "200", "Channel": "Microsoft-Windows-Diagnostics-Performance/Operational", "Provider_Name": "Microsoft-Windows-Diagnostics-Performance", "Computer": "DESKTOP-OFJ6N53", "TimeCreated": "2024-09-06 13:41:52.377542+00:00", "RecordID": "426", "Level": "3", "UserID": "S-1-5-19", "EventData.ShutdownTsVersion": "1", "EventData.ShutdownStartTime": "2024-09-06 13:39:25.954521+00:00", "EventData.ShutdownEndTime": "2024-09-06 13:39:54.862860+00:00", "EventData.ShutdownTime": "28908", "EventData.ShutdownUserSessionTime": "2108", "EventData.ShutdownUserPolicyTime": "3", "EventData.ShutdownUserProfilesTime": "91", "EventData.ShutdownSystemSessionsTime": "6161", "EventData.ShutdownPreShutdownNotificationsTime": "1109", "EventData.ShutdownServicesTime": "4987", "EventData.ShutdownKernelTime": "20638", "EventData.ShutdownRootCauseStepImprovementBits": "32", "EventData.ShutdownRootCauseGradualImprovementBits": "4", "EventData.ShutdownRootCauseStepDegradationBits": "0", "EventData.ShutdownRootCauseGradualDegradationBits": "0", "EventData.ShutdownIsDegradation": "False", "EventData.ShutdownTimeChange": "0"}
{"EventID": "100", "Channel": "Microsoft-Windows-Diagnostics-Performance/Operational", "Provider_Name": "Microsoft-Windows-Diagnostics-Performance", "Computer": "DESKTOP-OFJ6N53", "TimeCreated": "2024-09-06 13:41:53.282698+00:00", "RecordID": "427", "Level": "2", "UserID": "S-1-5-19", "EventData.BootTsVersion": "2", "EventData.BootStartTime": "2024-09-06 13:40:03.099751+00:00", "EventData.BootEndTime": "2024-09-06 13:41:50.877979+00:00", "EventData.SystemBootInstance": "56", "EventData.UserBootInstance": "56", "EventData.BootTime": "76513", "EventData.MainPathBootTime": "38113", "EventData.BootKernelInitTime": "76", "EventData.BootDriverInitTime": "917", "EventData.BootDevicesInitTime": "4723", "EventData.BootPrefetchInitTime": "0", "EventData.BootPrefetchBytes": "0", "EventData.BootAutoChkTime": "0", "EventData.BootSmssInitTime": "4162", "EventData.BootCriticalServicesInitTime": "966", "EventData.BootUserProfileProcessingTime": "1156", "EventData.BootMachineProfileProcessingTime": "92", "EventData.BootExplorerInitTime": "24911", "EventData.BootNumStartupApps": "22", "EventData.BootPostBootTime": "38400", "EventData.BootIsRebootAfterInstall": "False", "EventData.BootRootCauseStepImprovementBits": "0", "EventData.BootRootCauseGradualImprovementBits": "0", "EventData.BootRootCauseStepDegradationBits": "0", "EventData.BootRootCauseGradualDegradationBits": "0", "EventData.BootIsDegradation": "False", "EventData.BootIsStepDegradation": "False", "EventData.BootIsGradualDegradation": "False", "EventData.BootImprovementDelta": "0", "EventData.BootDegradationDelta": "0", "EventData.BootIsRootCauseIdentified": "False", "EventData.OSLoaderDuration": "1035", "EventData.BootPNPInitStartTimeMS": "76", "EventData.BootPNPInitDuration": "3850", "EventData.OtherKernelInitDuration": "1880", "EventData.SystemPNPInitStartTimeMS": "5707", "EventData.SystemPNPInitDuration": "393", "EventData.SessionInitStartTimeMS": "6125", "EventData.Session0InitDuration": "449", "EventData.Session1InitDuration": "89", "EventData.SessionInitOtherDuration": "3623", "EventData.WinLogonStartTimeMS": "10288", "EventData.OtherLogonInitActivityDuration": "1665", "EventData.UserLogonWaitDuration": "543"}
{"EventID": "101", "Channel": "Microsoft-Windows-Diagnostics-Performance/Operational", "Provider_Name": "Microsoft-Windows-Diagnostics-Performance", "Computer": "DESKTOP-OFJ6N53", "TimeCreated": "2024-09-06 13:41:53.282709+00:00", "RecordID": "428", "Level": "2", "UserID": "S-1-5-19", "EventData.StartTime": "2024-09-06 13:40:03.099751+00:00", "EventData.NameLength": "12", "EventData.Name": "MsMpEng.exe", "EventData.FriendlyNameLength": "31", "EventData.FriendlyName": "Antimalware Service Executable", "EventData.VersionLength": "56", "EventData.Version": "4.18.24070.5 (e798126f926dd886b32c6c109a80cc3baf14090c)", "EventData.TotalTime": "34193", "EventData.DegradationTime": "26693", "EventData.PathLength": "78", "EventData.Path": "C:\\ProgramData\\Microsoft\\Windows Defender\\Platform\\4.18.24070.5-0\\MsMpEng.exe", "EventData.ProductNameLength": "37", "EventData.ProductName": "Microsoft® Windows® Operating System", "EventData.CompanyNameLength": "22", "EventData.CompanyName": "Microsoft Corporation"}
{"EventID": "101", "Channel": "Microsoft-Windows-Diagnostics-Performance/Operational", "Provider_Name": "Microsoft-Windows-Diagnostics-Performance", "Computer": "DESKTOP-OFJ6N53", "TimeCreated": "2024-09-06 13:41:53.282719+00:00", "RecordID": "429", "Level": "3", "UserID": "S-1-5-19", "EventData.StartTime": "2024-09-06 13:40:03.099751+00:00", "EventData.NameLength": "16", "EventData.Name": "ast_service.exe", "EventData.FriendlyNameLength": "17", "EventData.FriendlyName": "Служба Ассистент", "EventData.VersionLength": "14", "EventData.Version": "5.6.2405.2001", "EventData.TotalTime": "4651", "EventData.DegradationTime": "2151", "EventData.PathLength": "49", "EventData.Path": "C:\\Program Files (x86)\\Ассистент\\ast_service.exe", "EventData.ProductNameLength": "10", "EventData.ProductName": "Ассистент", "EventData.CompanyNameLength": "12", "EventData.CompanyName": "ООО \"САФИБ\""}
{"EventID": "200", "Channel": "Microsoft-Windows-Diagnostics-Performance/Operational", "Provider_Name": "Microsoft-Windows-Diagnostics-Performance", "Computer": "DESKTOP-OFJ6N53", "TimeCreated": "2024-09-11 14:53:31.371084+00:00", "RecordID": "430", "Level": "2", "UserID": "S-1-5-19", "EventData.ShutdownTsVersion": "1", "EventData.ShutdownStartTime": "2024-09-11 14:48:54.068932+00:00", "EventData.ShutdownEndTime": "2024-09-11 14:50:44.230639+00:00", "EventData.ShutdownTime": "110161", "EventData.ShutdownUserSessionTime": "2147", "EventData.ShutdownUserPolicyTime": "28", "EventData.ShutdownUserProfilesTime": "139", "EventData.ShutdownSystemSessionsTime": "98614", "EventData.ShutdownPreShutdownNotificationsTime": "93531", "EventData.ShutdownServicesTime": "4989", "EventData.ShutdownKernelTime": "9400", "EventData.ShutdownRootCauseStepImprovementBits": "4", "EventData.ShutdownRootCauseGradualImprovementBits": "0", "EventData.ShutdownRootCauseStepDegradationBits": "0", "EventData.ShutdownRootCauseGradualDegradationBits": "0", "EventData.ShutdownIsDegradation": "False", "EventData.ShutdownTimeChange": "0"}
{"EventID": "100", "Channel": "Microsoft-Windows-Diagnostics-Performance/Operational", "Provider_Name": "Microsoft-Windows-Diagnostics-Performance", "Computer": "DESKTOP-OFJ6N53", "TimeCreated": "2024-09-11 14:53:32.772871+00:00", "RecordID": "431", "Level": "2", "UserID": "S-1-5-19", "EventData.BootTsVersion": "2", "EventData.BootStartTime": "2024-09-11 14:50:53.772482+00:00", "EventData.BootEndTime": "2024-09-11 14:53:30.797756+00:00", "EventData.SystemBootInstance": "57", "EventData.UserBootInstance": "57", "EventData.BootTime": "121035", "EventData.MainPathBootTime": "83935", "EventData.BootKernelInitTime": "78", "EventData.BootDriverInitTime": "909", "EventData.BootDevicesInitTime": "4717", "EventData.BootPrefetchInitTime": "0", "EventData.BootPrefetchBytes": "0", "EventData.BootAutoChkTime": "0", "EventData.BootSmssInitTime": "2079", "EventData.BootCriticalServicesInitTime": "1219", "EventData.BootUserProfileProcessingTime": "499", "EventData.BootMachineProfileProcessingTime": "1", "EventData.BootExplorerInitTime": "19078", "EventData.BootNumStartupApps": "20", "EventData.BootPostBootTime": "37100", "EventData.BootIsRebootAfterInstall": "False", "EventData.BootRootCauseStepImprovementBits": "0", "EventData.BootRootCauseGradualImprovementBits": "0", "EventData.BootRootCauseStepDegradationBits": "0", "EventData.BootRootCauseGradualDegradationBits": "0", "EventData.BootIsDegradation": "False", "EventData.BootIsStepDegradation": "False", "EventData.BootIsGradualDegradation": "False", "EventData.BootImprovementDelta": "0", "EventData.BootDegradationDelta": "0", "EventData.BootIsRootCauseIdentified": "False", "EventData.OSLoaderDuration": "1137", "EventData.BootPNPInitStartTimeMS": "78", "EventData.BootPNPInitDuration": "3950", "EventData.OtherKernelInitDuration": "1833", "EventData.SystemPNPInitStartTimeMS": "5759", "EventData.SystemPNPInitDuration": "403", "EventData.SessionInitStartTimeMS": "6187", "EventData.Session0InitDuration": "350", "EventData.Session1InitDuration": "43", "EventData.SessionInitOtherDuration": "1685", "EventData.WinLogonStartTimeMS": "8266", "EventData.OtherLogonInitActivityDuration": "56089", "EventData.UserLogonWaitDuration": "116"}
{"EventID": "101", "Channel": "Microsoft-Windows-Diagnostics-Performance/Operational", "Provider_Name": "Microsoft-Windows-Diagnostics-Performance", "Computer": "DESKTOP-OFJ6N53", "TimeCreated": "2024-09-11 14:53:32.772882+00:00", "RecordID": "432", "Level": "3", "UserID": "S-1-5-19", "EventData.StartTime": "2024-09-11 14:50:53.772482+00:00", "EventData.NameLength": "12", "EventData.Name": "MsMpEng.exe", "EventData.FriendlyNameLength": "31", "EventData.FriendlyName": "Antimalware Service Executable", "EventData.VersionLength": "56", "EventData.Version": "4.18.24070.5 (e798126f926dd886b32c6c109a80cc3baf14090c)", "EventData.TotalTime": "16043", "EventData.DegradationTime": "8543", "EventData.PathLength": "78", "EventData.Path": "C:\\ProgramData\\Microsoft\\Windows Defender\\Platform\\4.18.24070.5-0\\MsMpEng.exe", "EventData.ProductNameLength": "37", "EventData.ProductName": "Microsoft® Windows® Operating System", "EventData.CompanyNameLength": "22", "EventData.CompanyName": "Microsoft Corporation"}
{"EventID": "101", "Channel": "Microsoft-Windows-Diagnostics-Performance/Operational", "Provider_Name": "Microsoft-Windows-Diagnostics-Performance", "Computer": "DESKTOP-OFJ6N53", "TimeCreated": "2024-09-11 14:53:32.772890+00:00", "RecordID": "433", "Level": "3", "UserID": "S-1-5-19", "EventData.StartTime": "2024-09-11 14:50:53.772482+00:00", "EventData.NameLength": "16", "EventData.Name": "ast_service.exe", "EventData.FriendlyNameLength": "17", "EventData.FriendlyName": "Служба Ассистент", "EventData.VersionLength": "13", "EventData.Version": "5.6.2408.801", "EventData.TotalTime": "3783", "EventData.DegradationTime": "1283", "EventData.PathLength": "49", "EventData.Path": "C:\\Program Files (x86)\\Ассистент\\ast_service.exe", "EventData.ProductNameLength": "10", "EventData.ProductName": "Ассистент", "EventData.CompanyNameLength": "12", "EventData.CompanyName": "ООО \"САФИБ\""}
{"EventID": "101", "Channel": "Microsoft-Windows-Diagnostics-Performance/Operational", "Provider_Name": "Microsoft-Windows-Diagnostics-Performance", "Computer": "DESKTOP-OFJ6N53", "TimeCreated": "2024-09-11 14:53:32.772898+00:00", "RecordID": "434", "Level": "3", "UserID": "S-1-5-19", "EventData.StartTime": "2024-09-11 14:50:53.772482+00:00", "EventData.NameLength": "24", "EventData.Name": "PhoneExperienceHost.exe", "EventData.FriendlyNameLength": "21", "EventData.FriendlyName": "Microsoft Phone Link", "EventData.VersionLength": "13", "EventData.Version": "1.24081.95.0", "EventData.TotalTime": "5332", "EventData.DegradationTime": "332", "EventData.PathLength": "105", "EventData.Path": "C:\\Program Files\\WindowsApps\\Microsoft.YourPhone_1.24081.95.0_x64__8wekyb3d8bbwe\\PhoneExperienceHost.exe", "EventData.ProductNameLength": "21", "EventData.ProductName": "Microsoft Phone Link", "EventData.CompanyNameLength": "22", "EventData.CompanyName": "Microsoft Corporation"}
{"EventID": "200", "Channel": "Microsoft-Windows-Diagnostics-Performance/Operational", "Provider_Name": "Microsoft-Windows-Diagnostics-Performance", "Computer": "DESKTOP-OFJ6N53", "TimeCreated": "2024-09-19 17:27:06.153341+00:00", "RecordID": "435", "Level": "3", "UserID": "S-1-5-19", "EventData.ShutdownTsVersion": "1", "EventData.ShutdownStartTime": "2024-09-19 17:24:33.792885+00:00", "EventData.ShutdownEndTime": "2024-09-19 17:25:01.282600+00:00", "EventData.ShutdownTime": "27489", "EventData.ShutdownUserSessionTime": "7006", "EventData.ShutdownUserPolicyTime": "2", "EventData.ShutdownUserProfilesTime": "88", "EventData.ShutdownSystemSessionsTime": "6145", "EventData.ShutdownPreShutdownNotificationsTime": "1102", "EventData.ShutdownServicesTime": "4991", "EventData.ShutdownKernelTime": "14337", "EventData.ShutdownRootCauseStepImprovementBits": "0", "EventData.ShutdownRootCauseGradualImprovementBits": "0", "EventData.ShutdownRootCauseStepDegradationBits": "0", "EventData.ShutdownRootCauseGradualDegradationBits": "0", "EventData.ShutdownIsDegradation": "False", "EventData.ShutdownTimeChange": "0"}
{"EventID": "100", "Channel": "Microsoft-Windows-Diagnostics-Performance/Operational", "Provider_Name": "Microsoft-Windows-Diagnostics-Performance", "Computer": "DESKTOP-OFJ6N53", "TimeCreated": "2024-09-19 17:27:08.234594+00:00", "RecordID": "436", "Level": "2", "UserID": "S-1-5-19", "EventData.BootTsVersion": "2", "EventData.BootStartTime": "2024-09-19 17:25:11.115284+00:00", "EventData.BootEndTime": "2024-09-19 17:27:04.437120+00:00", "EventData.SystemBootInstance": "58", "EventData.UserBootInstance": "58", "EventData.BootTime": "84732", "EventData.MainPathBootTime": "28532", "EventData.BootKernelInitTime": "78", "EventData.BootDriverInitTime": "4850", "EventData.BootDevicesInitTime": "4701", "EventData.BootPrefetchInitTime": "0", "EventData.BootPrefetchBytes": "0", "EventData.BootAutoChkTime": "0", "EventData.BootSmssInitTime": "3983", "EventData.BootCriticalServicesInitTime": "608", "EventData.BootUserProfileProcessingTime": "5009", "EventData.BootMachineProfileProcessingTime": "73", "EventData.BootExplorerInitTime": "7822", "EventData.BootNumStartupApps": "16", "EventData.BootPostBootTime": "56200", "EventData.BootIsRebootAfterInstall": "False", "EventData.BootRootCauseStepImprovementBits": "1064961", "EventData.BootRootCauseGradualImprovementBits": "4194304", "EventData.BootRootCauseStepDegradationBits": "0", "EventData.BootRootCauseGradualDegradationBits": "0", "EventData.BootIsDegradation": "False", "EventData.BootIsStepDegradation": "False", "EventData.BootIsGradualDegradation": "False", "EventData.BootImprovementDelta": "167086", "EventData.BootDegradationDelta": "0", "EventData.BootIsRootCauseIdentified": "True", "EventData.OSLoaderDuration": "1000", "EventData.BootPNPInitStartTimeMS": "78", "EventData.BootPNPInitDuration": "3852", "EventData.OtherKernelInitDuration": "1812", "EventData.SystemPNPInitStartTimeMS": "5644", "EventData.SystemPNPInitDuration": "4376", "EventData.SessionInitStartTimeMS": "10040", "EventData.Session0InitDuration": "447", "EventData.Session1InitDuration": "74", "EventData.SessionInitOtherDuration": "3462", "EventData.WinLogonStartTimeMS": "14024", "EventData.OtherLogonInitActivityDuration": "1604", "EventData.UserLogonWaitDuration": "563"}
