{"EventID": "27", "Channel": "Microsoft-Windows-UniversalTelemetryClient/Operational", "Provider_Name": "Microsoft-Windows-UniversalTelemetryClient", "Computer": "DESKTOP-OFJ6N53", "TimeCreated": "2022-07-24 03:43:37.805515+00:00", "RecordID": "9314", "Level": "4", "UserID": "S-1-5-18", "EventData.Environment": "ServiceHost", "EventData.EventsUploaded": "1", "EventData.EventsDropped": "0", "EventData.LastEventlogWrittenTime": "133031060178022246"}
{"EventID": "27", "Channel": "Microsoft-Windows-UniversalTelemetryClient/Operational", "Provider_Name": "Microsoft-Windows-UniversalTelemetryClient", "Computer": "DESKTOP-OFJ6N53", "TimeCreated": "2022-07-24 04:13:37.810265+00:00", "RecordID": "9315", "Level": "4", "UserID": "S-1-5-18", "EventData.Environment": "ServiceHost", "EventData.EventsUploaded": "3", "EventData.EventsDropped": "0", "EventData.LastEventlogWrittenTime": "133031078178054370"}
{"EventID": "27", "Channel": "Microsoft-Windows-UniversalTelemetryClient/Operational", "Provider_Name": "Microsoft-Windows-UniversalTelemetryClient", "Computer": "DESKTOP-OFJ6N53", "TimeCreated": "2022-07-24 04:43:37.829859+00:00", "RecordID": "9316", "Level": "4", "UserID": "S-1-5-18", "EventData.Environment": "ServiceHost", "EventData.EventsUploaded": "1", "EventData.EventsDropped": "2", "EventData.LastEventlogWrittenTime": "133031096178098282"}
{"EventID": "27", "Channel": "Microsoft-Windows-UniversalTelemetryClient/Operational", "Provider_Name": "Microsoft-Windows-UniversalTelemetryClient", "Computer": "DESKTOP-OFJ6N53", "TimeCreated": "2022-07-24 05:13:37.837589+00:00", "RecordID": "9317", "Level": "4", "UserID": "S-1-5-18", "EventData.Environment": "ServiceHost", "EventData.EventsUploaded": "3", "EventData.EventsDropped": "0", "EventData.LastEventlogWrittenTime": "133031114178271977"}
{"EventID": "27", "Channel": "Microsoft-Windows-UniversalTelemetryClient/Operational", "Provider_Name": "Microsoft-Windows-UniversalTelemetryClient", "Computer": "DESKTOP-OFJ6N53", "TimeCreated": "2022-07-24 05:43:37.818911+00:00", "RecordID": "9318", "Level": "4", "UserID": "S-1-5-18", "EventData.Environment": "ServiceHost", "EventData.EventsUploaded": "1", "EventData.EventsDropped": "0", "EventData.LastEventlogWrittenTime": "133031132178368100"}
{"EventID": "27", "Channel": "Microsoft-Windows-UniversalTelemetryClient/Operational", "Provider_Name": "Microsoft-Windows-UniversalTelemetryClient", "Computer": "DESKTOP-OFJ6N53", "TimeCreated": "2022-07-24 06:13:37.966206+00:00", "RecordID": "9319", "Level": "4", "UserID": "S-1-5-18", "EventData.Environment": "ServiceHost", "EventData.EventsUploaded": "1", "EventData.EventsDropped": "0", "EventData.LastEventlogWrittenTime": "133031150178182797"}
{"EventID": "27", "Channel": "Microsoft-Windows-UniversalTelemetryClient/Operational", "Provider_Name": "Microsoft-Windows-UniversalTelemetryClient", "Computer": "DESKTOP-OFJ6N53", "TimeCreated": "2022-07-24 06:43:37.978495+00:00", "RecordID": "9320", "Level": "4", "UserID": "S-1-5-18", "EventData.Environment": "ServiceHost", "EventData.EventsUploaded": "1", "EventData.EventsDropped": "0", "EventData.LastEventlogWrittenTime": "133031168179567748"}
{"EventID": "27", "Channel": "Microsoft-Windows-UniversalTelemetryClient/Operational", "Provider_Name": "Microsoft-Windows-UniversalTelemetryClient", "Computer": "DESKTOP-OFJ6N53", "TimeCreated": "2022-07-24 07:13:38.005400+00:00", "RecordID": "9321", "Level": "4", "UserID": "S-1-5-18", "EventData.Environment": "ServiceHost", "EventData.EventsUploaded": "10", "EventData.EventsDropped": "0", "EventData.LastEventlogWrittenTime": "133031186179699908"}
{"EventID": "27", "Channel": "Microsoft-Windows-UniversalTelemetryClient/Operational", "Provider_Name": "Microsoft-Windows-UniversalTelemetryClient", "Computer": "DESKTOP-OFJ6N53", "TimeCreated": "2022-07-24 07:43:38.028189+00:00", "RecordID": "9322", "Level": "4", "UserID": "S-1-5-18", "EventData.Environment": "ServiceHost", "EventData.EventsUploaded": "1", "EventData.EventsDropped": "0", "EventData.LastEventlogWrittenTime": "133031204179935037"}
{"EventID": "27", "Channel": "Microsoft-Windows-UniversalTelemetryClient/Operational", "Provider_Name": "Microsoft-Windows-UniversalTelemetryClient", "Computer": "DESKTOP-OFJ6N53", "TimeCreated": "2022-07-24 08:13:38.022083+00:00", "RecordID": "9323", "Level": "4", "UserID": "S-1-5-18", "EventData.Environment": "ServiceHost", "EventData.EventsUploaded": "2", "EventData.EventsDropped": "0", "EventData.LastEventlogWrittenTime": "133031222180259281"}
{"EventID": "27", "Channel": "Microsoft-Windows-UniversalTelemetryClient/Operational", "Provider_Name": "Microsoft-Windows-UniversalTelemetryClient", "Computer": "DESKTOP-OFJ6N53", "TimeCreated": "2022-07-24 08:43:38.173325+00:00", "RecordID": "9324", "Level": "4", "UserID": "S-1-5-18", "EventData.Environment": "ServiceHost", "EventData.EventsUploaded": "2", "EventData.EventsDropped": "2", "EventData.LastEventlogWrittenTime": "133031240180190512"}
{"EventID": "27", "Channel": "Microsoft-Windows-UniversalTelemetryClient/Operational", "Provider_Name": "Microsoft-Windows-UniversalTelemetryClient", "Computer": "DESKTOP-OFJ6N53", "TimeCreated": "2022-07-24 09:13:39.407196+00:00", "RecordID": "9325", "Level": "4", "UserID": "S-1-5-18", "EventData.Environment": "ServiceHost", "EventData.EventsUploaded": "29", "EventData.EventsDropped": "8", "EventData.LastEventlogWrittenTime": "133031258181726424"}
{"EventID": "27", "Channel": "Microsoft-Windows-UniversalTelemetryClient/Operational", "Provider_Name": "Microsoft-Windows-UniversalTelemetryClient", "Computer": "DESKTOP-OFJ6N53", "TimeCreated": "2022-07-24 09:43:39.423698+00:00", "RecordID": "9326", "Level": "4", "UserID": "S-1-5-18", "EventData.Environment": "ServiceHost", "EventData.EventsUploaded": "3", "EventData.EventsDropped": "0", "EventData.LastEventlogWrittenTime": "133031276194049588"}
{"EventID": "27", "Channel": "Microsoft-Windows-UniversalTelemetryClient/Operational", "Provider_Name": "Microsoft-Windows-UniversalTelemetryClient", "Computer": "DESKTOP-OFJ6N53", "TimeCreated": "2022-07-24 10:13:39.422905+00:00", "RecordID": "9327", "Level": "4", "UserID": "S-1-5-18", "EventData.Environment": "ServiceHost", "EventData.EventsUploaded": "1", "EventData.EventsDropped": "0", "EventData.LastEventlogWrittenTime": "133031294194195687"}
{"EventID": "27", "Channel": "Microsoft-Windows-UniversalTelemetryClient/Operational", "Provider_Name": "Microsoft-Windows-UniversalTelemetryClient", "Computer": "DESKTOP-OFJ6N53", "TimeCreated": "2022-07-24 10:43:39.443140+00:00", "RecordID": "9328", "Level": "4", "UserID": "S-1-5-18", "EventData.Environment": "ServiceHost", "EventData.EventsUploaded": "1", "EventData.EventsDropped": "0", "EventData.LastEventlogWrittenTime": "133031312194220436"}
{"EventID": "1", "Channel": "Microsoft-Windows-UniversalTelemetryClient/Operational", "Provider_Name": "Microsoft-Windows-UniversalTelemetryClient", "Computer": "DESKTOP-OFJ6N53", "TimeCreated": "2022-07-24 11:06:12.079288+00:00", "RecordID": "9329", "Level": "4", "UserID": "S-1-5-18", "EventData.Environment": "ServiceHost", "EventData.IKey": "P-ARIA-4bb4d6f7cafc4e9292f972dca2dcde42-bd019ee8-e59c-4b0f-a02c-84e72157a3ef-7485", "EventData.DiskSizeInBytes": "8388608", "EventData.DailyUploadQuotaInBytes": "0", "EventData.HRESULT": "2147943642"}
{"EventID": "1", "Channel": "Microsoft-Windows-UniversalTelemetryClient/Operational", "Provider_Name": "Microsoft-Windows-UniversalTelemetryClient", "Computer": "DESKTOP-OFJ6N53", "TimeCreated": "2022-07-24 11:06:12.146370+00:00", "RecordID": "9330", "Level": "4", "UserID": "S-1-5-18", "EventData.Environment": "ServiceHost", "EventData.IKey": "P-ARIA-5476d0c4a7a347909c4b8a13078d4390-f8bdcecf-243f-40f8-b7c3-b9c44a57dead-7230", "EventData.DiskSizeInBytes": "8388608", "EventData.DailyUploadQuotaInBytes": "0", "EventData.HRESULT": "2147943642"}
{"EventID": "27", "Channel": "Microsoft-Windows-UniversalTelemetryClient/Operational", "Provider_Name": "Microsoft-Windows-UniversalTelemetryClient", "Computer": "DESKTOP-OFJ6N53", "TimeCreated": "2022-07-24 11:13:39.441235+00:00", "RecordID": "9331", "Level": "4", "UserID": "S-1-5-18", "EventData.Environment": "ServiceHost", "EventData.EventsUploaded": "3", "EventData.EventsDropped": "0", "EventData.LastEventlogWrittenTime": "133031330194379806"}
{"EventID": "27", "Channel": "Microsoft-Windows-UniversalTelemetryClient/Operational", "Provider_Name": "Microsoft-Windows-UniversalTelemetryClient", "Computer": "DESKTOP-OFJ6N53", "TimeCreated": "2022-07-24 11:14:39.438337+00:00", "RecordID": "9332", "Level": "4", "UserID": "S-1-5-18", "EventData.Environment": "ServiceHost", "EventData.EventsUploaded": "3", "EventData.EventsDropped": "0", "EventData.LastEventlogWrittenTime": "133031348194366861"}
{"EventID": "27", "Channel": "Microsoft-Windows-UniversalTelemetryClient/Operational", "Provider_Name": "Microsoft-Windows-UniversalTelemetryClient", "Computer": "DESKTOP-OFJ6N53", "TimeCreated": "2022-07-24 12:14:39.462120+00:00", "RecordID": "9333", "Level": "4", "UserID": "S-1-5-18", "EventData.Environment": "ServiceHost", "EventData.EventsUploaded": "2", "EventData.EventsDropped": "0", "EventData.LastEventlogWrittenTime": "133031348794377683"}
{"EventID": "1", "Channel": "Microsoft-Windows-UniversalTelemetryClient/Operational", "Provider_Name": "Microsoft-Windows-UniversalTelemetryClient", "Computer": "DESKTOP-OFJ6N53", "TimeCreated": "2022-07-24 12:30:26.401958+00:00", "RecordID": "9334", "Level": "4", "UserID": "S-1-5-18", "EventData.Environment": "ServiceHost", "EventData.IKey": "P-ARIA-4bb4d6f7cafc4e9292f972dca2dcde42-bd019ee8-e59c-4b0f-a02c-84e72157a3ef-7485", "EventData.DiskSizeInBytes": "8388608", "EventData.DailyUploadQuotaInBytes": "0", "EventData.HRESULT": "2147943642"}
{"EventID": "1", "Channel": "Microsoft-Windows-UniversalTelemetryClient/Operational", "Provider_Name": "Microsoft-Windows-UniversalTelemetryClient", "Computer": "DESKTOP-OFJ6N53", "TimeCreated": "2022-07-24 12:30:26.408916+00:00", "RecordID": "9335", "Level": "4", "UserID": "S-1-5-18", "EventData.Environment": "ServiceHost", "EventData.IKey": "P-ARIA-5476d0c4a7a347909c4b8a13078d4390-f8bdcecf-243f-40f8-b7c3-b9c44a57dead-7230", "EventData.DiskSizeInBytes": "8388608", "EventData.DailyUploadQuotaInBytes": "0", "EventData.HRESULT": "2147943642"}
{"EventID": "27", "Channel": "Microsoft-Windows-UniversalTelemetryClient/Operational", "Provider_Name": "Microsoft-Windows-UniversalTelemetryClient", "Computer": "DESKTOP-OFJ6N53", "TimeCreated": "2022-07-24 12:44:39.519920+00:00", "RecordID": "9336", "Level": "4", "UserID": "S-1-5-18", "EventData.Environment": "ServiceHost", "EventData.EventsUploaded": "2", "EventData.EventsDropped": "2", "EventData.LastEventlogWrittenTime": "133031384794601075"}
{"EventID": "1", "Channel": "Microsoft-Windows-UniversalTelemetryClient/Operational", "Provider_Name": "Microsoft-Windows-UniversalTelemetryClient", "Computer": "DESKTOP-OFJ6N53", "TimeCreated": "2022-07-24 12:53:26.957167+00:00", "RecordID": "9337", "Level": "4", "UserID": "S-1-5-18", "EventData.Environment": "ServiceHost", "EventData.IKey": "P-ARIA-af397ef28e484961ba48646a5d38cf54-77418283-d6f6-4a90-b0c8-37e0f5e7b087-7425", "EventData.DiskSizeInBytes": "8388608", "EventData.DailyUploadQuotaInBytes": "0", "EventData.HRESULT": "2147943642"}
{"EventID": "27", "Channel": "Microsoft-Windows-UniversalTelemetryClient/Operational", "Provider_Name": "Microsoft-Windows-UniversalTelemetryClient", "Computer": "DESKTOP-OFJ6N53", "TimeCreated": "2022-07-24 13:14:39.545700+00:00", "RecordID": "9338", "Level": "4", "UserID": "S-1-5-18", "EventData.Environment": "ServiceHost", "EventData.EventsUploaded": "9", "EventData.EventsDropped": "0", "EventData.LastEventlogWrittenTime": "133031402795129912"}
{"EventID": "27", "Channel": "Microsoft-Windows-UniversalTelemetryClient/Operational", "Provider_Name": "Microsoft-Windows-UniversalTelemetryClient", "Computer": "DESKTOP-OFJ6N53", "TimeCreated": "2022-07-24 13:44:39.565498+00:00", "RecordID": "9339", "Level": "4", "UserID": "S-1-5-18", "EventData.Environment": "ServiceHost", "EventData.EventsUploaded": "2", "EventData.EventsDropped": "0", "EventData.LastEventlogWrittenTime": "133031420795342284"}
{"EventID": "27", "Channel": "Microsoft-Windows-UniversalTelemetryClient/Operational", "Provider_Name": "Microsoft-Windows-UniversalTelemetryClient", "Computer": "DESKTOP-OFJ6N53", "TimeCreated": "2022-07-24 14:14:39.631762+00:00", "RecordID": "9340", "Level": "4", "UserID": "S-1-5-18", "EventData.Environment": "ServiceHost", "EventData.EventsUploaded": "1", "EventData.EventsDropped": "0", "EventData.LastEventlogWrittenTime": "133031438795549365"}
{"EventID": "27", "Channel": "Microsoft-Windows-UniversalTelemetryClient/Operational", "Provider_Name": "Microsoft-Windows-UniversalTelemetryClient", "Computer": "DESKTOP-OFJ6N53", "TimeCreated": "2022-07-24 14:44:39.653305+00:00", "RecordID": "9341", "Level": "4", "UserID": "S-1-5-18", "EventData.Environment": "ServiceHost", "EventData.EventsUploaded": "1", "EventData.EventsDropped": "0", "EventData.LastEventlogWrittenTime": "133031456796225631"}
{"EventID": "27", "Channel": "Microsoft-Windows-UniversalTelemetryClient/Operational", "Provider_Name": "Microsoft-Windows-UniversalTelemetryClient", "Computer": "DESKTOP-OFJ6N53", "TimeCreated": "2022-07-24 15:14:39.685535+00:00", "RecordID": "9342", "Level": "4", "UserID": "S-1-5-18", "EventData.Environment": "ServiceHost", "EventData.EventsUploaded": "6", "EventData.EventsDropped": "0", "EventData.LastEventlogWrittenTime": "133031474796463675"}
{"EventID": "27", "Channel": "Microsoft-Windows-UniversalTelemetryClient/Operational", "Provider_Name": "Microsoft-Windows-UniversalTelemetryClient", "Computer": "DESKTOP-OFJ6N53", "TimeCreated": "2022-07-24 15:44:39.745281+00:00", "RecordID": "9343", "Level": "4", "UserID": "S-1-5-18", "EventData.Environment": "ServiceHost", "EventData.EventsUploaded": "1", "EventData.EventsDropped": "0", "EventData.LastEventlogWrittenTime": "133031492796770714"}
{"EventID": "27", "Channel": "Microsoft-Windows-UniversalTelemetryClient/Operational", "Provider_Name": "Microsoft-Windows-UniversalTelemetryClient", "Computer": "DESKTOP-OFJ6N53", "TimeCreated": "2022-07-24 16:14:39.758154+00:00", "RecordID": "9344", "Level": "4", "UserID": "S-1-5-18", "EventData.Environment": "ServiceHost", "EventData.EventsUploaded": "3", "EventData.EventsDropped": "2", "EventData.LastEventlogWrittenTime": "133031510797423108"}
{"EventID": "27", "Channel": "Microsoft-Windows-UniversalTelemetryClient/Operational", "Provider_Name": "Microsoft-Windows-UniversalTelemetryClient", "Computer": "DESKTOP-OFJ6N53", "TimeCreated": "2022-07-24 16:44:39.774839+00:00", "RecordID": "9345", "Level": "4", "UserID": "S-1-5-18", "EventData.Environment": "ServiceHost", "EventData.EventsUploaded": "4", "EventData.EventsDropped": "6", "EventData.LastEventlogWrittenTime": "133031528797537017"}
{"EventID": "27", "Channel": "Microsoft-Windows-UniversalTelemetryClient/Operational", "Provider_Name": "Microsoft-Windows-UniversalTelemetryClient", "Computer": "DESKTOP-OFJ6N53", "TimeCreated": "2022-07-24 17:14:39.802408+00:00", "RecordID": "9346", "Level": "4", "UserID": "S-1-5-18", "EventData.Environment": "ServiceHost", "EventData.EventsUploaded": "3", "EventData.EventsDropped": "0", "EventData.LastEventlogWrittenTime": "133031546797704256"}
{"EventID": "27", "Channel": "Microsoft-Windows-UniversalTelemetryClient/Operational", "Provider_Name": "Microsoft-Windows-UniversalTelemetryClient", "Computer": "DESKTOP-OFJ6N53", "TimeCreated": "2022-07-24 17:44:39.827560+00:00", "RecordID": "9347", "Level": "4", "UserID": "S-1-5-18", "EventData.Environment": "ServiceHost", "EventData.EventsUploaded": "2", "EventData.EventsDropped": "0", "EventData.LastEventlogWrittenTime": "133031564797870076"}
{"EventID": "27", "Channel": "Microsoft-Windows-UniversalTelemetryClient/Operational", "Provider_Name": "Microsoft-Windows-UniversalTelemetryClient", "Computer": "DESKTOP-OFJ6N53", "TimeCreated": "2022-07-24 18:14:39.855011+00:00", "RecordID": "9348", "Level": "4", "UserID": "S-1-5-18", "EventData.Environment": "ServiceHost", "EventData.EventsUploaded": "1", "EventData.EventsDropped": "0", "EventData.LastEventlogWrittenTime": "133031582798262749"}
{"EventID": "27", "Channel": "Microsoft-Windows-UniversalTelemetryClient/Operational", "Provider_Name": "Microsoft-Windows-UniversalTelemetryClient", "Computer": "DESKTOP-OFJ6N53", "TimeCreated": "2022-07-24 18:44:39.874638+00:00", "RecordID": "9349", "Level": "4", "UserID": "S-1-5-18", "EventData.Environment": "ServiceHost", "EventData.EventsUploaded": "1", "EventData.EventsDropped": "0", "EventData.LastEventlogWrittenTime": "133031600798515756"}
{"EventID": "27", "Channel": "Microsoft-Windows-UniversalTelemetryClient/Operational", "Provider_Name": "Microsoft-Windows-UniversalTelemetryClient", "Computer": "DESKTOP-OFJ6N53", "TimeCreated": "2022-07-24 19:14:39.871759+00:00", "RecordID": "9350", "Level": "4", "UserID": "S-1-5-18", "EventData.Environment": "ServiceHost", "EventData.EventsUploaded": "4", "EventData.EventsDropped": "0", "EventData.LastEventlogWrittenTime": "133031618798620251"}
{"EventID": "27", "Channel": "Microsoft-Windows-UniversalTelemetryClient/Operational", "Provider_Name": "Microsoft-Windows-UniversalTelemetryClient", "Computer": "DESKTOP-OFJ6N53", "TimeCreated": "2022-07-24 19:44:39.883669+00:00", "RecordID": "9351", "Level": "4", "UserID": "S-1-5-18", "EventData.Environment": "ServiceHost", "EventData.EventsUploaded": "1", "EventData.EventsDropped": "0", "EventData.LastEventlogWrittenTime": "133031636798628256"}
{"EventID": "27", "Channel": "Microsoft-Windows-UniversalTelemetryClient/Operational", "Provider_Name": "Microsoft-Windows-UniversalTelemetryClient", "Computer": "DESKTOP-OFJ6N53", "TimeCreated": "2022-07-24 20:14:39.872324+00:00", "RecordID": "9352", "Level": "4", "UserID": "S-1-5-18", "EventData.Environment": "ServiceHost", "EventData.EventsUploaded": "5", "EventData.EventsDropped": "0", "EventData.LastEventlogWrittenTime": "133031654798686077"}
{"EventID": "27", "Channel": "Microsoft-Windows-UniversalTelemetryClient/Operational", "Provider_Name": "Microsoft-Windows-UniversalTelemetryClient", "Computer": "DESKTOP-OFJ6N53", "TimeCreated": "2022-07-24 20:44:39.914431+00:00", "RecordID": "9353", "Level": "4", "UserID": "S-1-5-18", "EventData.Environment": "ServiceHost", "EventData.EventsUploaded": "17", "EventData.EventsDropped": "2", "EventData.LastEventlogWrittenTime": "133031672798680390"}
{"EventID": "27", "Channel": "Microsoft-Windows-UniversalTelemetryClient/Operational", "Provider_Name": "Microsoft-Windows-UniversalTelemetryClient", "Computer": "DESKTOP-OFJ6N53", "TimeCreated": "2022-07-24 21:14:39.948267+00:00", "RecordID": "9354", "Level": "4", "UserID": "S-1-5-18", "EventData.Environment": "ServiceHost", "EventData.EventsUploaded": "34", "EventData.EventsDropped": "0", "EventData.LastEventlogWrittenTime": "133031690799041821"}
{"EventID": "27", "Channel": "Microsoft-Windows-UniversalTelemetryClient/Operational", "Provider_Name": "Microsoft-Windows-UniversalTelemetryClient", "Computer": "DESKTOP-OFJ6N53", "TimeCreated": "2022-07-24 21:44:40.033279+00:00", "RecordID": "9355", "Level": "4", "UserID": "S-1-5-18", "EventData.Environment": "ServiceHost", "EventData.EventsUploaded": "3", "EventData.EventsDropped": "0", "EventData.LastEventlogWrittenTime": "133031708799394025"}
{"EventID": "27", "Channel": "Microsoft-Windows-UniversalTelemetryClient/Operational", "Provider_Name": "Microsoft-Windows-UniversalTelemetryClient", "Computer": "DESKTOP-OFJ6N53", "TimeCreated": "2022-07-24 22:14:40.038668+00:00", "RecordID": "9356", "Level": "4", "UserID": "S-1-5-18", "EventData.Environment": "ServiceHost", "EventData.EventsUploaded": "1", "EventData.EventsDropped": "0", "EventData.LastEventlogWrittenTime": "133031726800278097"}
{"EventID": "27", "Channel": "Microsoft-Windows-UniversalTelemetryClient/Operational", "Provider_Name": "Microsoft-Windows-UniversalTelemetryClient", "Computer": "DESKTOP-OFJ6N53", "TimeCreated": "2022-07-24 22:44:40.075068+00:00", "RecordID": "9357", "Level": "4", "UserID": "S-1-5-18", "EventData.Environment": "ServiceHost", "EventData.EventsUploaded": "2", "EventData.EventsDropped": "0", "EventData.LastEventlogWrittenTime": "133031744800234658"}
{"EventID": "1", "Channel": "Microsoft-Windows-UniversalTelemetryClient/Operational", "Provider_Name": "Microsoft-Windows-UniversalTelemetryClient", "Computer": "DESKTOP-OFJ6N53", "TimeCreated": "2022-07-24 22:55:42.269695+00:00", "RecordID": "9358", "Level": "4", "UserID": "S-1-5-18", "EventData.Environment": "ServiceHost", "EventData.IKey": "P-ARIA-af397ef28e484961ba48646a5d38cf54-77418283-d6f6-4a90-b0c8-37e0f5e7b087-7425", "EventData.DiskSizeInBytes": "8388608", "EventData.DailyUploadQuotaInBytes": "0", "EventData.HRESULT": "2147943642"}
{"EventID": "27", "Channel": "Microsoft-Windows-UniversalTelemetryClient/Operational", "Provider_Name": "Microsoft-Windows-UniversalTelemetryClient", "Computer": "DESKTOP-OFJ6N53", "TimeCreated": "2022-07-24 23:14:40.090651+00:00", "RecordID": "9359", "Level": "4", "UserID": "S-1-5-18", "EventData.Environment": "ServiceHost", "EventData.EventsUploaded": "18", "EventData.EventsDropped": "0", "EventData.LastEventlogWrittenTime": "133031762800738611"}
{"EventID": "27", "Channel": "Microsoft-Windows-UniversalTelemetryClient/Operational", "Provider_Name": "Microsoft-Windows-UniversalTelemetryClient", "Computer": "DESKTOP-OFJ6N53", "TimeCreated": "2022-07-24 23:44:40.124187+00:00", "RecordID": "9360", "Level": "4", "UserID": "S-1-5-18", "EventData.Environment": "ServiceHost", "EventData.EventsUploaded": "2", "EventData.EventsDropped": "0", "EventData.LastEventlogWrittenTime": "133031780800760161"}
{"EventID": "27", "Channel": "Microsoft-Windows-UniversalTelemetryClient/Operational", "Provider_Name": "Microsoft-Windows-UniversalTelemetryClient", "Computer": "DESKTOP-OFJ6N53", "TimeCreated": "2022-07-25 00:14:40.149307+00:00", "RecordID": "9361", "Level": "4", "UserID": "S-1-5-18", "EventData.Environment": "ServiceHost", "EventData.EventsUploaded": "4", "EventData.EventsDropped": "0", "EventData.LastEventlogWrittenTime": "133031798801213807"}
{"EventID": "27", "Channel": "Microsoft-Windows-UniversalTelemetryClient/Operational", "Provider_Name": "Microsoft-Windows-UniversalTelemetryClient", "Computer": "DESKTOP-OFJ6N53", "TimeCreated": "2022-07-25 00:44:40.186073+00:00", "RecordID": "9362", "Level": "4", "UserID": "S-1-5-18", "EventData.Environment": "ServiceHost", "EventData.EventsUploaded": "1", "EventData.EventsDropped": "2", "EventData.LastEventlogWrittenTime": "133031816801383715"}
{"EventID": "27", "Channel": "Microsoft-Windows-UniversalTelemetryClient/Operational", "Provider_Name": "Microsoft-Windows-UniversalTelemetryClient", "Computer": "DESKTOP-OFJ6N53", "TimeCreated": "2022-07-25 01:14:40.210075+00:00", "RecordID": "9363", "Level": "4", "UserID": "S-1-5-18", "EventData.Environment": "ServiceHost", "EventData.EventsUploaded": "3", "EventData.EventsDropped": "0", "EventData.LastEventlogWrittenTime": "133031834801826880"}
{"EventID": "27", "Channel": "Microsoft-Windows-UniversalTelemetryClient/Operational", "Provider_Name": "Microsoft-Windows-UniversalTelemetryClient", "Computer": "DESKTOP-OFJ6N53", "TimeCreated": "2022-07-25 01:44:40.240444+00:00", "RecordID": "9364", "Level": "4", "UserID": "S-1-5-18", "EventData.Environment": "ServiceHost", "EventData.EventsUploaded": "1", "EventData.EventsDropped": "0", "EventData.LastEventlogWrittenTime": "133031852802000902"}
{"EventID": "27", "Channel": "Microsoft-Windows-UniversalTelemetryClient/Operational", "Provider_Name": "Microsoft-Windows-UniversalTelemetryClient", "Computer": "DESKTOP-OFJ6N53", "TimeCreated": "2022-07-25 02:14:40.219656+00:00", "RecordID": "9365", "Level": "4", "UserID": "S-1-5-18", "EventData.Environment": "ServiceHost", "EventData.EventsUploaded": "28", "EventData.EventsDropped": "0", "EventData.LastEventlogWrittenTime": "133031870802376337"}
{"EventID": "27", "Channel": "Microsoft-Windows-UniversalTelemetryClient/Operational", "Provider_Name": "Microsoft-Windows-UniversalTelemetryClient", "Computer": "DESKTOP-OFJ6N53", "TimeCreated": "2022-07-25 02:44:40.284872+00:00", "RecordID": "9366", "Level": "4", "UserID": "S-1-5-18", "EventData.Environment": "ServiceHost", "EventData.EventsUploaded": "1", "EventData.EventsDropped": "0", "EventData.LastEventlogWrittenTime": "133031888802190981"}
{"EventID": "27", "Channel": "Microsoft-Windows-UniversalTelemetryClient/Operational", "Provider_Name": "Microsoft-Windows-UniversalTelemetryClient", "Computer": "DESKTOP-OFJ6N53", "TimeCreated": "2022-07-25 03:14:40.299410+00:00", "RecordID": "9367", "Level": "4", "UserID": "S-1-5-18", "EventData.Environment": "ServiceHost", "EventData.EventsUploaded": "4", "EventData.EventsDropped": "0", "EventData.LastEventlogWrittenTime": "133031906802823484"}
{"EventID": "27", "Channel": "Microsoft-Windows-UniversalTelemetryClient/Operational", "Provider_Name": "Microsoft-Windows-UniversalTelemetryClient", "Computer": "DESKTOP-OFJ6N53", "TimeCreated": "2022-07-25 03:44:40.323509+00:00", "RecordID": "9368", "Level": "4", "UserID": "S-1-5-18", "EventData.Environment": "ServiceHost", "EventData.EventsUploaded": "1", "EventData.EventsDropped": "0", "EventData.LastEventlogWrittenTime": "133031924802945029"}
{"EventID": "27", "Channel": "Microsoft-Windows-UniversalTelemetryClient/Operational", "Provider_Name": "Microsoft-Windows-UniversalTelemetryClient", "Computer": "DESKTOP-OFJ6N53", "TimeCreated": "2022-07-25 04:14:40.342037+00:00", "RecordID": "9369", "Level": "4", "UserID": "S-1-5-18", "EventData.Environment": "ServiceHost", "EventData.EventsUploaded": "3", "EventData.EventsDropped": "0", "EventData.LastEventlogWrittenTime": "133031942803143726"}
{"EventID": "27", "Channel": "Microsoft-Windows-UniversalTelemetryClient/Operational", "Provider_Name": "Microsoft-Windows-UniversalTelemetryClient", "Computer": "DESKTOP-OFJ6N53", "TimeCreated": "2022-07-25 04:44:40.348198+00:00", "RecordID": "9370", "Level": "4", "UserID": "S-1-5-18", "EventData.Environment": "ServiceHost", "EventData.EventsUploaded": "6", "EventData.EventsDropped": "2", "EventData.LastEventlogWrittenTime": "133031960803401704"}
{"EventID": "27", "Channel": "Microsoft-Windows-UniversalTelemetryClient/Operational", "Provider_Name": "Microsoft-Windows-UniversalTelemetryClient", "Computer": "DESKTOP-OFJ6N53", "TimeCreated": "2022-07-25 05:14:40.371355+00:00", "RecordID": "9371", "Level": "4", "UserID": "S-1-5-18", "EventData.Environment": "ServiceHost", "EventData.EventsUploaded": "3", "EventData.EventsDropped": "0", "EventData.LastEventlogWrittenTime": "133031978803474099"}
{"EventID": "27", "Channel": "Microsoft-Windows-UniversalTelemetryClient/Operational", "Provider_Name": "Microsoft-Windows-UniversalTelemetryClient", "Computer": "DESKTOP-OFJ6N53", "TimeCreated": "2022-07-25 05:44:40.373217+00:00", "RecordID": "9372", "Level": "4", "UserID": "S-1-5-18", "EventData.Environment": "ServiceHost", "EventData.EventsUploaded": "1", "EventData.EventsDropped": "0", "EventData.LastEventlogWrittenTime": "133031996803636403"}
{"EventID": "27", "Channel": "Microsoft-Windows-UniversalTelemetryClient/Operational", "Provider_Name": "Microsoft-Windows-UniversalTelemetryClient", "Computer": "DESKTOP-OFJ6N53", "TimeCreated": "2022-07-25 06:14:40.355972+00:00", "RecordID": "9373", "Level": "4", "UserID": "S-1-5-18", "EventData.Environment": "ServiceHost", "EventData.EventsUploaded": "1", "EventData.EventsDropped": "0", "EventData.LastEventlogWrittenTime": "133032014803725341"}
{"EventID": "27", "Channel": "Microsoft-Windows-UniversalTelemetryClient/Operational", "Provider_Name": "Microsoft-Windows-UniversalTelemetryClient", "Computer": "DESKTOP-OFJ6N53", "TimeCreated": "2022-07-25 06:44:40.408489+00:00", "RecordID": "9374", "Level": "4", "UserID": "S-1-5-18", "EventData.Environment": "ServiceHost", "EventData.EventsUploaded": "1", "EventData.EventsDropped": "0", "EventData.LastEventlogWrittenTime": "133032032803553515"}
{"EventID": "27", "Channel": "Microsoft-Windows-UniversalTelemetryClient/Operational", "Provider_Name": "Microsoft-Windows-UniversalTelemetryClient", "Computer": "DESKTOP-OFJ6N53", "TimeCreated": "2022-07-25 07:14:40.441910+00:00", "RecordID": "9375", "Level": "4", "UserID": "S-1-5-18", "EventData.Environment": "ServiceHost", "EventData.EventsUploaded": "5", "EventData.EventsDropped": "0", "EventData.LastEventlogWrittenTime": "133032050804018493"}
{"EventID": "27", "Channel": "Microsoft-Windows-UniversalTelemetryClient/Operational", "Provider_Name": "Microsoft-Windows-UniversalTelemetryClient", "Computer": "DESKTOP-OFJ6N53", "TimeCreated": "2022-07-25 07:44:40.453413+00:00", "RecordID": "9376", "Level": "4", "UserID": "S-1-5-18", "EventData.Environment": "ServiceHost", "EventData.EventsUploaded": "1", "EventData.EventsDropped": "0", "EventData.LastEventlogWrittenTime": "133032068804411610"}
{"EventID": "27", "Channel": "Microsoft-Windows-UniversalTelemetryClient/Operational", "Provider_Name": "Microsoft-Windows-UniversalTelemetryClient", "Computer": "DESKTOP-OFJ6N53", "TimeCreated": "2022-07-25 08:14:40.437563+00:00", "RecordID": "9377", "Level": "4", "UserID": "S-1-5-18", "EventData.Environment": "ServiceHost", "EventData.EventsUploaded": "3", "EventData.EventsDropped": "0", "EventData.LastEventlogWrittenTime": "133032086804404679"}
{"EventID": "27", "Channel": "Microsoft-Windows-UniversalTelemetryClient/Operational", "Provider_Name": "Microsoft-Windows-UniversalTelemetryClient", "Computer": "DESKTOP-OFJ6N53", "TimeCreated": "2022-07-25 08:44:41.698265+00:00", "RecordID": "9378", "Level": "4", "UserID": "S-1-5-18", "EventData.Environment": "ServiceHost", "EventData.EventsUploaded": "1", "EventData.EventsDropped": "8", "EventData.LastEventlogWrittenTime": "133032104804371383"}
{"EventID": "27", "Channel": "Microsoft-Windows-UniversalTelemetryClient/Operational", "Provider_Name": "Microsoft-Windows-UniversalTelemetryClient", "Computer": "DESKTOP-OFJ6N53", "TimeCreated": "2022-07-25 09:14:41.764547+00:00", "RecordID": "9379", "Level": "4", "UserID": "S-1-5-18", "EventData.Environment": "ServiceHost", "EventData.EventsUploaded": "10", "EventData.EventsDropped": "0", "EventData.LastEventlogWrittenTime": "133032122816928602"}
{"EventID": "27", "Channel": "Microsoft-Windows-UniversalTelemetryClient/Operational", "Provider_Name": "Microsoft-Windows-UniversalTelemetryClient", "Computer": "DESKTOP-OFJ6N53", "TimeCreated": "2022-07-25 09:44:41.773283+00:00", "RecordID": "9380", "Level": "4", "UserID": "S-1-5-18", "EventData.Environment": "ServiceHost", "EventData.EventsUploaded": "1", "EventData.EventsDropped": "0", "EventData.LastEventlogWrittenTime": "133032140817621805"}
{"EventID": "27", "Channel": "Microsoft-Windows-UniversalTelemetryClient/Operational", "Provider_Name": "Microsoft-Windows-UniversalTelemetryClient", "Computer": "DESKTOP-OFJ6N53", "TimeCreated": "2022-07-25 10:14:41.778349+00:00", "RecordID": "9381", "Level": "4", "UserID": "S-1-5-18", "EventData.Environment": "ServiceHost", "EventData.EventsUploaded": "1", "EventData.EventsDropped": "0", "EventData.LastEventlogWrittenTime": "133032158817593895"}
{"EventID": "27", "Channel": "Microsoft-Windows-UniversalTelemetryClient/Operational", "Provider_Name": "Microsoft-Windows-UniversalTelemetryClient", "Computer": "DESKTOP-OFJ6N53", "TimeCreated": "2022-07-25 10:44:41.804218+00:00", "RecordID": "9382", "Level": "4", "UserID": "S-1-5-18", "EventData.Environment": "ServiceHost", "EventData.EventsUploaded": "1", "EventData.EventsDropped": "0", "EventData.LastEventlogWrittenTime": "133032176817630649"}
{"EventID": "1", "Channel": "Microsoft-Windows-UniversalTelemetryClient/Operational", "Provider_Name": "Microsoft-Windows-UniversalTelemetryClient", "Computer": "DESKTOP-OFJ6N53", "TimeCreated": "2022-07-25 11:06:11.669346+00:00", "RecordID": "9383", "Level": "4", "UserID": "S-1-5-18", "EventData.Environment": "ServiceHost", "EventData.IKey": "P-ARIA-4bb4d6f7cafc4e9292f972dca2dcde42-bd019ee8-e59c-4b0f-a02c-84e72157a3ef-7485", "EventData.DiskSizeInBytes": "8388608", "EventData.DailyUploadQuotaInBytes": "0", "EventData.HRESULT": "2147943642"}
{"EventID": "1", "Channel": "Microsoft-Windows-UniversalTelemetryClient/Operational", "Provider_Name": "Microsoft-Windows-UniversalTelemetryClient", "Computer": "DESKTOP-OFJ6N53", "TimeCreated": "2022-07-25 11:06:11.686781+00:00", "RecordID": "9384", "Level": "4", "UserID": "S-1-5-18", "EventData.Environment": "ServiceHost", "EventData.IKey": "P-ARIA-5476d0c4a7a347909c4b8a13078d4390-f8bdcecf-243f-40f8-b7c3-b9c44a57dead-7230", "EventData.DiskSizeInBytes": "8388608", "EventData.DailyUploadQuotaInBytes": "0", "EventData.HRESULT": "2147943642"}
{"EventID": "27", "Channel": "Microsoft-Windows-UniversalTelemetryClient/Operational", "Provider_Name": "Microsoft-Windows-UniversalTelemetryClient", "Computer": "DESKTOP-OFJ6N53", "TimeCreated": "2022-07-25 11:14:41.789639+00:00", "RecordID": "9385", "Level": "4", "UserID": "S-1-5-18", "EventData.Environment": "ServiceHost", "EventData.EventsUploaded": "4", "EventData.EventsDropped": "0", "EventData.LastEventlogWrittenTime": "133032194817903324"}
{"EventID": "27", "Channel": "Microsoft-Windows-UniversalTelemetryClient/Operational", "Provider_Name": "Microsoft-Windows-UniversalTelemetryClient", "Computer": "DESKTOP-OFJ6N53", "TimeCreated": "2022-07-25 11:44:41.857258+00:00", "RecordID": "9386", "Level": "4", "UserID": "S-1-5-18", "EventData.Environment": "ServiceHost", "EventData.EventsUploaded": "2", "EventData.EventsDropped": "0", "EventData.LastEventlogWrittenTime": "133032212817890533"}
{"EventID": "27", "Channel": "Microsoft-Windows-UniversalTelemetryClient/Operational", "Provider_Name": "Microsoft-Windows-UniversalTelemetryClient", "Computer": "DESKTOP-OFJ6N53", "TimeCreated": "2022-07-25 12:14:41.843061+00:00", "RecordID": "9387", "Level": "4", "UserID": "S-1-5-18", "EventData.Environment": "ServiceHost", "EventData.EventsUploaded": "2", "EventData.EventsDropped": "0", "EventData.LastEventlogWrittenTime": "133032230818569079"}
{"EventID": "27", "Channel": "Microsoft-Windows-UniversalTelemetryClient/Operational", "Provider_Name": "Microsoft-Windows-UniversalTelemetryClient", "Computer": "DESKTOP-OFJ6N53", "TimeCreated": "2022-07-25 12:44:41.895950+00:00", "RecordID": "9388", "Level": "4", "UserID": "S-1-5-18", "EventData.Environment": "ServiceHost", "EventData.EventsUploaded": "2", "EventData.EventsDropped": "2", "EventData.LastEventlogWrittenTime": "133032248818411332"}
{"EventID": "27", "Channel": "Microsoft-Windows-UniversalTelemetryClient/Operational", "Provider_Name": "Microsoft-Windows-UniversalTelemetryClient", "Computer": "DESKTOP-OFJ6N53", "TimeCreated": "2022-07-25 13:14:41.905403+00:00", "RecordID": "9389", "Level": "4", "UserID": "S-1-5-18", "EventData.Environment": "ServiceHost", "EventData.EventsUploaded": "3", "EventData.EventsDropped": "0", "EventData.LastEventlogWrittenTime": "133032266818939077"}
{"EventID": "1", "Channel": "Microsoft-Windows-UniversalTelemetryClient/Operational", "Provider_Name": "Microsoft-Windows-UniversalTelemetryClient", "Computer": "DESKTOP-OFJ6N53", "TimeCreated": "2022-07-25 13:32:11.358330+00:00", "RecordID": "9390", "Level": "4", "UserID": "S-1-5-18", "EventData.Environment": "ServiceHost", "EventData.IKey": "P-ARIA-4bb4d6f7cafc4e9292f972dca2dcde42-bd019ee8-e59c-4b0f-a02c-84e72157a3ef-7485", "EventData.DiskSizeInBytes": "8388608", "EventData.DailyUploadQuotaInBytes": "0", "EventData.HRESULT": "2147943642"}
{"EventID": "1", "Channel": "Microsoft-Windows-UniversalTelemetryClient/Operational", "Provider_Name": "Microsoft-Windows-UniversalTelemetryClient", "Computer": "DESKTOP-OFJ6N53", "TimeCreated": "2022-07-25 13:32:11.361351+00:00", "RecordID": "9391", "Level": "4", "UserID": "S-1-5-18", "EventData.Environment": "ServiceHost", "EventData.IKey": "P-ARIA-5476d0c4a7a347909c4b8a13078d4390-f8bdcecf-243f-40f8-b7c3-b9c44a57dead-7230", "EventData.DiskSizeInBytes": "8388608", "EventData.DailyUploadQuotaInBytes": "0", "EventData.HRESULT": "2147943642"}
{"EventID": "27", "Channel": "Microsoft-Windows-UniversalTelemetryClient/Operational", "Provider_Name": "Microsoft-Windows-UniversalTelemetryClient", "Computer": "DESKTOP-OFJ6N53", "TimeCreated": "2022-07-25 13:44:41.924726+00:00", "RecordID": "9392", "Level": "4", "UserID": "S-1-5-18", "EventData.Environment": "ServiceHost", "EventData.EventsUploaded": "1", "EventData.EventsDropped": "0", "EventData.LastEventlogWrittenTime": "133032284818906212"}
{"EventID": "27", "Channel": "Microsoft-Windows-UniversalTelemetryClient/Operational", "Provider_Name": "Microsoft-Windows-UniversalTelemetryClient", "Computer": "DESKTOP-OFJ6N53", "TimeCreated": "2022-07-25 14:14:41.940395+00:00", "RecordID": "9393", "Level": "4", "UserID": "S-1-5-18", "EventData.Environment": "ServiceHost", "EventData.EventsUploaded": "4", "EventData.EventsDropped": "0", "EventData.LastEventlogWrittenTime": "133032302819245248"}
{"EventID": "27", "Channel": "Microsoft-Windows-UniversalTelemetryClient/Operational", "Provider_Name": "Microsoft-Windows-UniversalTelemetryClient", "Computer": "DESKTOP-OFJ6N53", "TimeCreated": "2022-07-25 14:44:41.946880+00:00", "RecordID": "9394", "Level": "4", "UserID": "S-1-5-18", "EventData.Environment": "ServiceHost", "EventData.EventsUploaded": "5", "EventData.EventsDropped": "0", "EventData.LastEventlogWrittenTime": "133032320819401777"}
{"EventID": "1", "Channel": "Microsoft-Windows-UniversalTelemetryClient/Operational", "Provider_Name": "Microsoft-Windows-UniversalTelemetryClient", "Computer": "DESKTOP-OFJ6N53", "TimeCreated": "2022-07-25 14:53:12.673223+00:00", "RecordID": "9395", "Level": "4", "UserID": "S-1-5-18", "EventData.Environment": "ServiceHost", "EventData.IKey": "P-ARIA-af397ef28e484961ba48646a5d38cf54-77418283-d6f6-4a90-b0c8-37e0f5e7b087-7425", "EventData.DiskSizeInBytes": "8388608", "EventData.DailyUploadQuotaInBytes": "0", "EventData.HRESULT": "2147943642"}
{"EventID": "27", "Channel": "Microsoft-Windows-UniversalTelemetryClient/Operational", "Provider_Name": "Microsoft-Windows-UniversalTelemetryClient", "Computer": "DESKTOP-OFJ6N53", "TimeCreated": "2022-07-25 15:14:42.124207+00:00", "RecordID": "9396", "Level": "4", "UserID": "S-1-5-18", "EventData.Environment": "ServiceHost", "EventData.EventsUploaded": "12", "EventData.EventsDropped": "0", "EventData.LastEventlogWrittenTime": "133032338819319396"}
{"EventID": "27", "Channel": "Microsoft-Windows-UniversalTelemetryClient/Operational", "Provider_Name": "Microsoft-Windows-UniversalTelemetryClient", "Computer": "DESKTOP-OFJ6N53", "TimeCreated": "2022-07-25 15:44:42.085770+00:00", "RecordID": "9397", "Level": "4", "UserID": "S-1-5-18", "EventData.Environment": "ServiceHost", "EventData.EventsUploaded": "61", "EventData.EventsDropped": "5", "EventData.LastEventlogWrittenTime": "133032356821230795"}
{"EventID": "27", "Channel": "Microsoft-Windows-UniversalTelemetryClient/Operational", "Provider_Name": "Microsoft-Windows-UniversalTelemetryClient", "Computer": "DESKTOP-OFJ6N53", "TimeCreated": "2022-07-25 16:14:42.108761+00:00", "RecordID": "9398", "Level": "4", "UserID": "S-1-5-18", "EventData.Environment": "ServiceHost", "EventData.EventsUploaded": "22", "EventData.EventsDropped": "0", "EventData.LastEventlogWrittenTime": "133032374820855256"}
{"EventID": "27", "Channel": "Microsoft-Windows-UniversalTelemetryClient/Operational", "Provider_Name": "Microsoft-Windows-UniversalTelemetryClient", "Computer": "DESKTOP-OFJ6N53", "TimeCreated": "2022-07-25 16:44:42.113342+00:00", "RecordID": "9399", "Level": "4", "UserID": "S-1-5-18", "EventData.Environment": "ServiceHost", "EventData.EventsUploaded": "2", "EventData.EventsDropped": "8", "EventData.LastEventlogWrittenTime": "133032392821051076"}
{"EventID": "27", "Channel": "Microsoft-Windows-UniversalTelemetryClient/Operational", "Provider_Name": "Microsoft-Windows-UniversalTelemetryClient", "Computer": "DESKTOP-OFJ6N53", "TimeCreated": "2022-07-25 17:14:42.120298+00:00", "RecordID": "9400", "Level": "4", "UserID": "S-1-5-18", "EventData.Environment": "ServiceHost", "EventData.EventsUploaded": "3", "EventData.EventsDropped": "0", "EventData.LastEventlogWrittenTime": "133032410820978296"}
{"EventID": "27", "Channel": "Microsoft-Windows-UniversalTelemetryClient/Operational", "Provider_Name": "Microsoft-Windows-UniversalTelemetryClient", "Computer": "DESKTOP-OFJ6N53", "TimeCreated": "2022-07-25 17:44:42.124334+00:00", "RecordID": "9401", "Level": "4", "UserID": "S-1-5-18", "EventData.Environment": "ServiceHost", "EventData.EventsUploaded": "1", "EventData.EventsDropped": "0", "EventData.LastEventlogWrittenTime": "133032428821187459"}
{"EventID": "27", "Channel": "Microsoft-Windows-UniversalTelemetryClient/Operational", "Provider_Name": "Microsoft-Windows-UniversalTelemetryClient", "Computer": "DESKTOP-OFJ6N53", "TimeCreated": "2022-07-25 18:14:42.131052+00:00", "RecordID": "9402", "Level": "4", "UserID": "S-1-5-18", "EventData.Environment": "ServiceHost", "EventData.EventsUploaded": "1", "EventData.EventsDropped": "0", "EventData.LastEventlogWrittenTime": "133032446821098142"}
{"EventID": "27", "Channel": "Microsoft-Windows-UniversalTelemetryClient/Operational", "Provider_Name": "Microsoft-Windows-UniversalTelemetryClient", "Computer": "DESKTOP-OFJ6N53", "TimeCreated": "2022-07-25 18:44:42.136038+00:00", "RecordID": "9403", "Level": "4", "UserID": "S-1-5-18", "EventData.Environment": "ServiceHost", "EventData.EventsUploaded": "1", "EventData.EventsDropped": "0", "EventData.LastEventlogWrittenTime": "133032464821170477"}
{"EventID": "27", "Channel": "Microsoft-Windows-UniversalTelemetryClient/Operational", "Provider_Name": "Microsoft-Windows-UniversalTelemetryClient", "Computer": "DESKTOP-OFJ6N53", "TimeCreated": "2022-07-25 19:14:42.156336+00:00", "RecordID": "9404", "Level": "4", "UserID": "S-1-5-18", "EventData.Environment": "ServiceHost", "EventData.EventsUploaded": "6", "EventData.EventsDropped": "0", "EventData.LastEventlogWrittenTime": "133032482821222421"}
{"EventID": "27", "Channel": "Microsoft-Windows-UniversalTelemetryClient/Operational", "Provider_Name": "Microsoft-Windows-UniversalTelemetryClient", "Computer": "DESKTOP-OFJ6N53", "TimeCreated": "2022-07-25 19:44:42.171152+00:00", "RecordID": "9405", "Level": "4", "UserID": "S-1-5-18", "EventData.Environment": "ServiceHost", "EventData.EventsUploaded": "6", "EventData.EventsDropped": "0", "EventData.LastEventlogWrittenTime": "133032500821423073"}
{"EventID": "27", "Channel": "Microsoft-Windows-UniversalTelemetryClient/Operational", "Provider_Name": "Microsoft-Windows-UniversalTelemetryClient", "Computer": "DESKTOP-OFJ6N53", "TimeCreated": "2022-07-25 20:14:42.181753+00:00", "RecordID": "9406", "Level": "4", "UserID": "S-1-5-18", "EventData.Environment": "ServiceHost", "EventData.EventsUploaded": "3", "EventData.EventsDropped": "0", "EventData.LastEventlogWrittenTime": "133032518821704502"}
{"EventID": "27", "Channel": "Microsoft-Windows-UniversalTelemetryClient/Operational", "Provider_Name": "Microsoft-Windows-UniversalTelemetryClient", "Computer": "DESKTOP-OFJ6N53", "TimeCreated": "2022-07-25 20:44:42.197971+00:00", "RecordID": "9407", "Level": "4", "UserID": "S-1-5-18", "EventData.Environment": "ServiceHost", "EventData.EventsUploaded": "1", "EventData.EventsDropped": "0", "EventData.LastEventlogWrittenTime": "133032536821682013"}
{"EventID": "27", "Channel": "Microsoft-Windows-UniversalTelemetryClient/Operational", "Provider_Name": "Microsoft-Windows-UniversalTelemetryClient", "Computer": "DESKTOP-OFJ6N53", "TimeCreated": "2022-07-25 21:14:42.178589+00:00", "RecordID": "9408", "Level": "4", "UserID": "S-1-5-18", "EventData.Environment": "ServiceHost", "EventData.EventsUploaded": "3", "EventData.EventsDropped": "2", "EventData.LastEventlogWrittenTime": "133032554821834072"}
{"EventID": "27", "Channel": "Microsoft-Windows-UniversalTelemetryClient/Operational", "Provider_Name": "Microsoft-Windows-UniversalTelemetryClient", "Computer": "DESKTOP-OFJ6N53", "TimeCreated": "2022-07-25 21:44:42.251354+00:00", "RecordID": "9409", "Level": "4", "UserID": "S-1-5-18", "EventData.Environment": "ServiceHost", "EventData.EventsUploaded": "1", "EventData.EventsDropped": "0", "EventData.LastEventlogWrittenTime": "133032572821780592"}
{"EventID": "27", "Channel": "Microsoft-Windows-UniversalTelemetryClient/Operational", "Provider_Name": "Microsoft-Windows-UniversalTelemetryClient", "Computer": "DESKTOP-OFJ6N53", "TimeCreated": "2022-07-25 22:14:42.260393+00:00", "RecordID": "9410", "Level": "4", "UserID": "S-1-5-18", "EventData.Environment": "ServiceHost", "EventData.EventsUploaded": "1", "EventData.EventsDropped": "0", "EventData.LastEventlogWrittenTime": "133032590822368814"}
{"EventID": "27", "Channel": "Microsoft-Windows-UniversalTelemetryClient/Operational", "Provider_Name": "Microsoft-Windows-UniversalTelemetryClient", "Computer": "DESKTOP-OFJ6N53", "TimeCreated": "2022-07-25 22:44:42.266197+00:00", "RecordID": "9411", "Level": "4", "UserID": "S-1-5-18", "EventData.Environment": "ServiceHost", "EventData.EventsUploaded": "1", "EventData.EventsDropped": "0", "EventData.LastEventlogWrittenTime": "133032608822468710"}
{"EventID": "27", "Channel": "Microsoft-Windows-UniversalTelemetryClient/Operational", "Provider_Name": "Microsoft-Windows-UniversalTelemetryClient", "Computer": "DESKTOP-OFJ6N53", "TimeCreated": "2022-07-25 23:14:42.332409+00:00", "RecordID": "9412", "Level": "4", "UserID": "S-1-5-18", "EventData.Environment": "ServiceHost", "EventData.EventsUploaded": "13", "EventData.EventsDropped": "0", "EventData.LastEventlogWrittenTime": "133032626822505553"}
{"EventID": "27", "Channel": "Microsoft-Windows-UniversalTelemetryClient/Operational", "Provider_Name": "Microsoft-Windows-UniversalTelemetryClient", "Computer": "DESKTOP-OFJ6N53", "TimeCreated": "2022-07-25 23:44:42.361801+00:00", "RecordID": "9413", "Level": "4", "UserID": "S-1-5-18", "EventData.Environment": "ServiceHost", "EventData.EventsUploaded": "1", "EventData.EventsDropped": "0", "EventData.LastEventlogWrittenTime": "133032644823261780"}
{"EventID": "27", "Channel": "Microsoft-Windows-UniversalTelemetryClient/Operational", "Provider_Name": "Microsoft-Windows-UniversalTelemetryClient", "Computer": "DESKTOP-OFJ6N53", "TimeCreated": "2022-07-26 00:14:42.375845+00:00", "RecordID": "9414", "Level": "4", "UserID": "S-1-5-18", "EventData.Environment": "ServiceHost", "EventData.EventsUploaded": "2", "EventData.EventsDropped": "0", "EventData.LastEventlogWrittenTime": "133032662823471769"}
{"EventID": "27", "Channel": "Microsoft-Windows-UniversalTelemetryClient/Operational", "Provider_Name": "Microsoft-Windows-UniversalTelemetryClient", "Computer": "DESKTOP-OFJ6N53", "TimeCreated": "2022-07-26 00:44:42.383411+00:00", "RecordID": "9415", "Level": "4", "UserID": "S-1-5-18", "EventData.Environment": "ServiceHost", "EventData.EventsUploaded": "3", "EventData.EventsDropped": "2", "EventData.LastEventlogWrittenTime": "133032680823624722"}
{"EventID": "27", "Channel": "Microsoft-Windows-UniversalTelemetryClient/Operational", "Provider_Name": "Microsoft-Windows-UniversalTelemetryClient", "Computer": "DESKTOP-OFJ6N53", "TimeCreated": "2022-07-26 01:14:42.386028+00:00", "RecordID": "9416", "Level": "4", "UserID": "S-1-5-18", "EventData.Environment": "ServiceHost", "EventData.EventsUploaded": "63", "EventData.EventsDropped": "0", "EventData.LastEventlogWrittenTime": "133032698823829149"}
{"EventID": "27", "Channel": "Microsoft-Windows-UniversalTelemetryClient/Operational", "Provider_Name": "Microsoft-Windows-UniversalTelemetryClient", "Computer": "DESKTOP-OFJ6N53", "TimeCreated": "2022-07-26 01:44:42.387453+00:00", "RecordID": "9417", "Level": "4", "UserID": "S-1-5-18", "EventData.Environment": "ServiceHost", "EventData.EventsUploaded": "1", "EventData.EventsDropped": "0", "EventData.LastEventlogWrittenTime": "133032716823706985"}
{"EventID": "27", "Channel": "Microsoft-Windows-UniversalTelemetryClient/Operational", "Provider_Name": "Microsoft-Windows-UniversalTelemetryClient", "Computer": "DESKTOP-OFJ6N53", "TimeCreated": "2022-07-26 02:14:42.402847+00:00", "RecordID": "9418", "Level": "4", "UserID": "S-1-5-18", "EventData.Environment": "ServiceHost", "EventData.EventsUploaded": "1", "EventData.EventsDropped": "0", "EventData.LastEventlogWrittenTime": "133032734823735138"}
{"EventID": "27", "Channel": "Microsoft-Windows-UniversalTelemetryClient/Operational", "Provider_Name": "Microsoft-Windows-UniversalTelemetryClient", "Computer": "DESKTOP-OFJ6N53", "TimeCreated": "2022-07-26 02:44:42.407988+00:00", "RecordID": "9419", "Level": "4", "UserID": "S-1-5-18", "EventData.Environment": "ServiceHost", "EventData.EventsUploaded": "1", "EventData.EventsDropped": "0", "EventData.LastEventlogWrittenTime": "133032752823896690"}
{"EventID": "27", "Channel": "Microsoft-Windows-UniversalTelemetryClient/Operational", "Provider_Name": "Microsoft-Windows-UniversalTelemetryClient", "Computer": "DESKTOP-OFJ6N53", "TimeCreated": "2022-07-26 03:14:42.442387+00:00", "RecordID": "9420", "Level": "4", "UserID": "S-1-5-18", "EventData.Environment": "ServiceHost", "EventData.EventsUploaded": "9", "EventData.EventsDropped": "0", "EventData.LastEventlogWrittenTime": "133032770823954556"}
{"EventID": "27", "Channel": "Microsoft-Windows-UniversalTelemetryClient/Operational", "Provider_Name": "Microsoft-Windows-UniversalTelemetryClient", "Computer": "DESKTOP-OFJ6N53", "TimeCreated": "2022-07-26 03:44:42.453455+00:00", "RecordID": "9421", "Level": "4", "UserID": "S-1-5-18", "EventData.Environment": "ServiceHost", "EventData.EventsUploaded": "1", "EventData.EventsDropped": "0", "EventData.LastEventlogWrittenTime": "133032788824282455"}
