{"EventID": "25", "Channel": "Microsoft-Windows-TerminalServices-LocalSessionManager/Operational", "Provider_Name": "Microsoft-Windows-TerminalServices-LocalSessionManager", "Computer": "DESKTOP-OFJ6N53", "TimeCreated": "2025-07-14 10:19:06.760170+00:00", "RecordID": "7684", "Level": "4", "UserID": "S-1-5-18"}
{"EventID": "40", "Channel": "Microsoft-Windows-TerminalServices-LocalSessionManager/Operational", "Provider_Name": "Microsoft-Windows-TerminalServices-LocalSessionManager", "Computer": "DESKTOP-OFJ6N53", "TimeCreated": "2025-07-14 10:38:53.441570+00:00", "RecordID": "7685", "Level": "4", "UserID": "S-1-5-18"}
{"EventID": "24", "Channel": "Microsoft-Windows-TerminalServices-LocalSessionManager/Operational", "Provider_Name": "Microsoft-Windows-TerminalServices-LocalSessionManager", "Computer": "DESKTOP-OFJ6N53", "TimeCreated": "2025-07-14 10:38:54.469809+00:00", "RecordID": "7686", "Level": "4", "UserID": "S-1-5-18"}
{"EventID": "40", "Channel": "Microsoft-Windows-TerminalServices-LocalSessionManager/Operational", "Provider_Name": "Microsoft-Windows-TerminalServices-LocalSessionManager", "Computer": "DESKTOP-OFJ6N53", "TimeCreated": "2025-07-14 10:46:18.222597+00:00", "RecordID": "7687", "Level": "4", "UserID": "S-1-5-18"}
{"EventID": "25", "Channel": "Microsoft-Windows-TerminalServices-LocalSessionManager/Operational", "Provider_Name": "Microsoft-Windows-TerminalServices-LocalSessionManager", "Computer": "DESKTOP-OFJ6N53", "TimeCreated": "2025-07-14 10:46:18.716780+00:00", "RecordID": "7688", "Level": "4", "UserID": "S-1-5-18"}
{"EventID": "40", "Channel": "Microsoft-Windows-TerminalServices-LocalSessionManager/Operational", "Provider_Name": "Microsoft-Windows-TerminalServices-LocalSessionManager", "Computer": "DESKTOP-OFJ6N53", "TimeCreated": "2025-07-14 16:08:14.066650+00:00", "RecordID": "7689", "Level": "4", "UserID": "S-1-5-18"}
{"EventID": "24", "Channel": "Microsoft-Windows-TerminalServices-LocalSessionManager/Operational", "Provider_Name": "Microsoft-Windows-TerminalServices-LocalSessionManager", "Computer": "DESKTOP-OFJ6N53", "TimeCreated": "2025-07-14 16:08:15.447153+00:00", "RecordID": "7690", "Level": "4", "UserID": "S-1-5-18"}
{"EventID": "40", "Channel": "Microsoft-Windows-TerminalServices-LocalSessionManager/Operational", "Provider_Name": "Microsoft-Windows-TerminalServices-LocalSessionManager", "Computer": "DESKTOP-OFJ6N53", "TimeCreated": "2025-07-16 08:57:50.933027+00:00", "RecordID": "7691", "Level": "4", "UserID": "S-1-5-18"}
{"EventID": "25", "Channel": "Microsoft-Windows-TerminalServices-LocalSessionManager/Operational", "Provider_Name": "Microsoft-Windows-TerminalServices-LocalSessionManager", "Computer": "DESKTOP-OFJ6N53", "TimeCreated": "2025-07-16 08:57:53.554907+00:00", "RecordID": "7692", "Level": "4", "UserID": "S-1-5-18"}
{"EventID": "40", "Channel": "Microsoft-Windows-TerminalServices-LocalSessionManager/Operational", "Provider_Name": "Microsoft-Windows-TerminalServices-LocalSessionManager", "Computer": "DESKTOP-OFJ6N53", "TimeCreated": "2025-07-16 09:09:34.534803+00:00", "RecordID": "7693", "Level": "4", "UserID": "S-1-5-18"}
{"EventID": "24", "Channel": "Microsoft-Windows-TerminalServices-LocalSessionManager/Operational", "Provider_Name": "Microsoft-Windows-TerminalServices-LocalSessionManager", "Computer": "DESKTOP-OFJ6N53", "TimeCreated": "2025-07-16 09:09:36.354784+00:00", "RecordID": "7694", "Level": "4", "UserID": "S-1-5-18"}
{"EventID": "40", "Channel": "Microsoft-Windows-TerminalServices-LocalSessionManager/Operational", "Provider_Name": "Microsoft-Windows-TerminalServices-LocalSessionManager", "Computer": "DESKTOP-OFJ6N53", "TimeCreated": "2025-07-16 09:09:51.645807+00:00", "RecordID": "7695", "Level": "4", "UserID": "S-1-5-18"}
{"EventID": "40", "Channel": "Microsoft-Windows-TerminalServices-LocalSessionManager/Operational", "Provider_Name": "Microsoft-Windows-TerminalServices-LocalSessionManager", "Computer": "DESKTOP-OFJ6N53", "TimeCreated": "2025-07-16 09:09:51.646219+00:00", "RecordID": "7696", "Level": "4", "UserID": "S-1-5-18"}
{"EventID": "25", "Channel": "Microsoft-Windows-TerminalServices-LocalSessionManager/Operational", "Provider_Name": "Microsoft-Windows-TerminalServices-LocalSessionManager", "Computer": "DESKTOP-OFJ6N53", "TimeCreated": "2025-07-16 09:09:54.049780+00:00", "RecordID": "7697", "Level": "4", "UserID": "S-1-5-18"}
{"EventID": "40", "Channel": "Microsoft-Windows-TerminalServices-LocalSessionManager/Operational", "Provider_Name": "Microsoft-Windows-TerminalServices-LocalSessionManager", "Computer": "DESKTOP-OFJ6N53", "TimeCreated": "2025-07-16 16:15:20.035177+00:00", "RecordID": "7698", "Level": "4", "UserID": "S-1-5-18"}
{"EventID": "24", "Channel": "Microsoft-Windows-TerminalServices-LocalSessionManager/Operational", "Provider_Name": "Microsoft-Windows-TerminalServices-LocalSessionManager", "Computer": "DESKTOP-OFJ6N53", "TimeCreated": "2025-07-16 16:15:21.132509+00:00", "RecordID": "7699", "Level": "4", "UserID": "S-1-5-18"}
{"EventID": "40", "Channel": "Microsoft-Windows-TerminalServices-LocalSessionManager/Operational", "Provider_Name": "Microsoft-Windows-TerminalServices-LocalSessionManager", "Computer": "DESKTOP-OFJ6N53", "TimeCreated": "2025-07-16 16:15:31.975916+00:00", "RecordID": "7700", "Level": "4", "UserID": "S-1-5-18"}
{"EventID": "40", "Channel": "Microsoft-Windows-TerminalServices-LocalSessionManager/Operational", "Provider_Name": "Microsoft-Windows-TerminalServices-LocalSessionManager", "Computer": "DESKTOP-OFJ6N53", "TimeCreated": "2025-07-16 16:15:31.976156+00:00", "RecordID": "7701", "Level": "4", "UserID": "S-1-5-18"}
{"EventID": "25", "Channel": "Microsoft-Windows-TerminalServices-LocalSessionManager/Operational", "Provider_Name": "Microsoft-Windows-TerminalServices-LocalSessionManager", "Computer": "DESKTOP-OFJ6N53", "TimeCreated": "2025-07-16 16:15:32.789511+00:00", "RecordID": "7702", "Level": "4", "UserID": "S-1-5-18"}
{"EventID": "40", "Channel": "Microsoft-Windows-TerminalServices-LocalSessionManager/Operational", "Provider_Name": "Microsoft-Windows-TerminalServices-LocalSessionManager", "Computer": "DESKTOP-OFJ6N53", "TimeCreated": "2025-07-16 16:23:49.456652+00:00", "RecordID": "7703", "Level": "4", "UserID": "S-1-5-18"}
{"EventID": "24", "Channel": "Microsoft-Windows-TerminalServices-LocalSessionManager/Operational", "Provider_Name": "Microsoft-Windows-TerminalServices-LocalSessionManager", "Computer": "DESKTOP-OFJ6N53", "TimeCreated": "2025-07-16 16:23:50.653536+00:00", "RecordID": "7704", "Level": "4", "UserID": "S-1-5-18"}
{"EventID": "40", "Channel": "Microsoft-Windows-TerminalServices-LocalSessionManager/Operational", "Provider_Name": "Microsoft-Windows-TerminalServices-LocalSessionManager", "Computer": "DESKTOP-OFJ6N53", "TimeCreated": "2025-07-16 16:24:03.028231+00:00", "RecordID": "7705", "Level": "4", "UserID": "S-1-5-18"}
{"EventID": "40", "Channel": "Microsoft-Windows-TerminalServices-LocalSessionManager/Operational", "Provider_Name": "Microsoft-Windows-TerminalServices-LocalSessionManager", "Computer": "DESKTOP-OFJ6N53", "TimeCreated": "2025-07-16 16:24:03.028696+00:00", "RecordID": "7706", "Level": "4", "UserID": "S-1-5-18"}
{"EventID": "25", "Channel": "Microsoft-Windows-TerminalServices-LocalSessionManager/Operational", "Provider_Name": "Microsoft-Windows-TerminalServices-LocalSessionManager", "Computer": "DESKTOP-OFJ6N53", "TimeCreated": "2025-07-16 16:24:04.068863+00:00", "RecordID": "7707", "Level": "4", "UserID": "S-1-5-18"}
{"EventID": "40", "Channel": "Microsoft-Windows-TerminalServices-LocalSessionManager/Operational", "Provider_Name": "Microsoft-Windows-TerminalServices-LocalSessionManager", "Computer": "DESKTOP-OFJ6N53", "TimeCreated": "2025-07-16 16:25:35.456722+00:00", "RecordID": "7708", "Level": "4", "UserID": "S-1-5-18"}
{"EventID": "24", "Channel": "Microsoft-Windows-TerminalServices-LocalSessionManager/Operational", "Provider_Name": "Microsoft-Windows-TerminalServices-LocalSessionManager", "Computer": "DESKTOP-OFJ6N53", "TimeCreated": "2025-07-16 16:25:36.617411+00:00", "RecordID": "7709", "Level": "4", "UserID": "S-1-5-18"}
{"EventID": "40", "Channel": "Microsoft-Windows-TerminalServices-LocalSessionManager/Operational", "Provider_Name": "Microsoft-Windows-TerminalServices-LocalSessionManager", "Computer": "DESKTOP-OFJ6N53", "TimeCreated": "2025-07-16 16:25:50.610096+00:00", "RecordID": "7710", "Level": "4", "UserID": "S-1-5-18"}
{"EventID": "40", "Channel": "Microsoft-Windows-TerminalServices-LocalSessionManager/Operational", "Provider_Name": "Microsoft-Windows-TerminalServices-LocalSessionManager", "Computer": "DESKTOP-OFJ6N53", "TimeCreated": "2025-07-16 16:25:50.610405+00:00", "RecordID": "7711", "Level": "4", "UserID": "S-1-5-18"}
{"EventID": "25", "Channel": "Microsoft-Windows-TerminalServices-LocalSessionManager/Operational", "Provider_Name": "Microsoft-Windows-TerminalServices-LocalSessionManager", "Computer": "DESKTOP-OFJ6N53", "TimeCreated": "2025-07-16 16:25:51.519453+00:00", "RecordID": "7712", "Level": "4", "UserID": "S-1-5-18"}
{"EventID": "40", "Channel": "Microsoft-Windows-TerminalServices-LocalSessionManager/Operational", "Provider_Name": "Microsoft-Windows-TerminalServices-LocalSessionManager", "Computer": "DESKTOP-OFJ6N53", "TimeCreated": "2025-07-16 16:39:34.878941+00:00", "RecordID": "7713", "Level": "4", "UserID": "S-1-5-18"}
{"EventID": "24", "Channel": "Microsoft-Windows-TerminalServices-LocalSessionManager/Operational", "Provider_Name": "Microsoft-Windows-TerminalServices-LocalSessionManager", "Computer": "DESKTOP-OFJ6N53", "TimeCreated": "2025-07-16 16:39:36.025143+00:00", "RecordID": "7714", "Level": "4", "UserID": "S-1-5-18"}
{"EventID": "40", "Channel": "Microsoft-Windows-TerminalServices-LocalSessionManager/Operational", "Provider_Name": "Microsoft-Windows-TerminalServices-LocalSessionManager", "Computer": "DESKTOP-OFJ6N53", "TimeCreated": "2025-07-24 21:04:37.709156+00:00", "RecordID": "7715", "Level": "4", "UserID": "S-1-5-18"}
{"EventID": "25", "Channel": "Microsoft-Windows-TerminalServices-LocalSessionManager/Operational", "Provider_Name": "Microsoft-Windows-TerminalServices-LocalSessionManager", "Computer": "DESKTOP-OFJ6N53", "TimeCreated": "2025-07-24 21:04:40.275211+00:00", "RecordID": "7716", "Level": "4", "UserID": "S-1-5-18"}
{"EventID": "23", "Channel": "Microsoft-Windows-TerminalServices-LocalSessionManager/Operational", "Provider_Name": "Microsoft-Windows-TerminalServices-LocalSessionManager", "Computer": "DESKTOP-OFJ6N53", "TimeCreated": "2025-07-24 21:28:37.132130+00:00", "RecordID": "7717", "Level": "4", "UserID": "S-1-5-18"}
{"EventID": "54", "Channel": "Microsoft-Windows-TerminalServices-LocalSessionManager/Operational", "Provider_Name": "Microsoft-Windows-TerminalServices-LocalSessionManager", "Computer": "DESKTOP-OFJ6N53", "TimeCreated": "2025-07-24 21:28:37.191654+00:00", "RecordID": "7718", "Level": "4", "UserID": "S-1-5-18"}
{"EventID": "40", "Channel": "Microsoft-Windows-TerminalServices-LocalSessionManager/Operational", "Provider_Name": "Microsoft-Windows-TerminalServices-LocalSessionManager", "Computer": "DESKTOP-OFJ6N53", "TimeCreated": "2025-07-24 21:28:37.535465+00:00", "RecordID": "7719", "Level": "4", "UserID": "S-1-5-18"}
{"EventID": "24", "Channel": "Microsoft-Windows-TerminalServices-LocalSessionManager/Operational", "Provider_Name": "Microsoft-Windows-TerminalServices-LocalSessionManager", "Computer": "DESKTOP-OFJ6N53", "TimeCreated": "2025-07-24 21:28:37.700315+00:00", "RecordID": "7720", "Level": "4", "UserID": "S-1-5-18"}
{"EventID": "32", "Channel": "Microsoft-Windows-TerminalServices-LocalSessionManager/Operational", "Provider_Name": "Microsoft-Windows-TerminalServices-LocalSessionManager", "Computer": "DESKTOP-OFJ6N53", "TimeCreated": "2025-07-24 21:29:44.427378+00:00", "RecordID": "7721", "Level": "4", "UserID": "S-1-5-18"}
{"EventID": "41", "Channel": "Microsoft-Windows-TerminalServices-LocalSessionManager/Operational", "Provider_Name": "Microsoft-Windows-TerminalServices-LocalSessionManager", "Computer": "DESKTOP-OFJ6N53", "TimeCreated": "2025-07-24 21:30:34.159670+00:00", "RecordID": "7722", "Level": "4", "UserID": "S-1-5-18"}
{"EventID": "42", "Channel": "Microsoft-Windows-TerminalServices-LocalSessionManager/Operational", "Provider_Name": "Microsoft-Windows-TerminalServices-LocalSessionManager", "Computer": "DESKTOP-OFJ6N53", "TimeCreated": "2025-07-24 21:30:34.169910+00:00", "RecordID": "7723", "Level": "4", "UserID": "S-1-5-18"}
{"EventID": "21", "Channel": "Microsoft-Windows-TerminalServices-LocalSessionManager/Operational", "Provider_Name": "Microsoft-Windows-TerminalServices-LocalSessionManager", "Computer": "DESKTOP-OFJ6N53", "TimeCreated": "2025-07-24 21:30:36.750576+00:00", "RecordID": "7724", "Level": "4", "UserID": "S-1-5-18"}
{"EventID": "22", "Channel": "Microsoft-Windows-TerminalServices-LocalSessionManager/Operational", "Provider_Name": "Microsoft-Windows-TerminalServices-LocalSessionManager", "Computer": "DESKTOP-OFJ6N53", "TimeCreated": "2025-07-24 21:30:37.039566+00:00", "RecordID": "7725", "Level": "4", "UserID": "S-1-5-18"}
{"EventID": "40", "Channel": "Microsoft-Windows-TerminalServices-LocalSessionManager/Operational", "Provider_Name": "Microsoft-Windows-TerminalServices-LocalSessionManager", "Computer": "DESKTOP-OFJ6N53", "TimeCreated": "2025-07-24 21:51:46.879692+00:00", "RecordID": "7726", "Level": "4", "UserID": "S-1-5-18"}
{"EventID": "24", "Channel": "Microsoft-Windows-TerminalServices-LocalSessionManager/Operational", "Provider_Name": "Microsoft-Windows-TerminalServices-LocalSessionManager", "Computer": "DESKTOP-OFJ6N53", "TimeCreated": "2025-07-24 21:51:48.088886+00:00", "RecordID": "7727", "Level": "4", "UserID": "S-1-5-18"}
{"EventID": "40", "Channel": "Microsoft-Windows-TerminalServices-LocalSessionManager/Operational", "Provider_Name": "Microsoft-Windows-TerminalServices-LocalSessionManager", "Computer": "DESKTOP-OFJ6N53", "TimeCreated": "2025-07-24 21:51:59.074461+00:00", "RecordID": "7728", "Level": "4", "UserID": "S-1-5-18"}
{"EventID": "40", "Channel": "Microsoft-Windows-TerminalServices-LocalSessionManager/Operational", "Provider_Name": "Microsoft-Windows-TerminalServices-LocalSessionManager", "Computer": "DESKTOP-OFJ6N53", "TimeCreated": "2025-07-24 21:51:59.074686+00:00", "RecordID": "7729", "Level": "4", "UserID": "S-1-5-18"}
{"EventID": "25", "Channel": "Microsoft-Windows-TerminalServices-LocalSessionManager/Operational", "Provider_Name": "Microsoft-Windows-TerminalServices-LocalSessionManager", "Computer": "DESKTOP-OFJ6N53", "TimeCreated": "2025-07-24 21:51:59.801445+00:00", "RecordID": "7730", "Level": "4", "UserID": "S-1-5-18"}
{"EventID": "40", "Channel": "Microsoft-Windows-TerminalServices-LocalSessionManager/Operational", "Provider_Name": "Microsoft-Windows-TerminalServices-LocalSessionManager", "Computer": "DESKTOP-OFJ6N53", "TimeCreated": "2025-07-24 22:53:58.129755+00:00", "RecordID": "7731", "Level": "4", "UserID": "S-1-5-18"}
{"EventID": "24", "Channel": "Microsoft-Windows-TerminalServices-LocalSessionManager/Operational", "Provider_Name": "Microsoft-Windows-TerminalServices-LocalSessionManager", "Computer": "DESKTOP-OFJ6N53", "TimeCreated": "2025-07-24 22:53:59.245932+00:00", "RecordID": "7732", "Level": "4", "UserID": "S-1-5-18"}
{"EventID": "40", "Channel": "Microsoft-Windows-TerminalServices-LocalSessionManager/Operational", "Provider_Name": "Microsoft-Windows-TerminalServices-LocalSessionManager", "Computer": "DESKTOP-OFJ6N53", "TimeCreated": "2025-07-29 11:33:48.081841+00:00", "RecordID": "7733", "Level": "4", "UserID": "S-1-5-18"}
{"EventID": "25", "Channel": "Microsoft-Windows-TerminalServices-LocalSessionManager/Operational", "Provider_Name": "Microsoft-Windows-TerminalServices-LocalSessionManager", "Computer": "DESKTOP-OFJ6N53", "TimeCreated": "2025-07-29 11:33:49.122900+00:00", "RecordID": "7734", "Level": "4", "UserID": "S-1-5-18"}
{"EventID": "40", "Channel": "Microsoft-Windows-TerminalServices-LocalSessionManager/Operational", "Provider_Name": "Microsoft-Windows-TerminalServices-LocalSessionManager", "Computer": "DESKTOP-OFJ6N53", "TimeCreated": "2025-07-29 15:25:46.413391+00:00", "RecordID": "7735", "Level": "4", "UserID": "S-1-5-18"}
{"EventID": "24", "Channel": "Microsoft-Windows-TerminalServices-LocalSessionManager/Operational", "Provider_Name": "Microsoft-Windows-TerminalServices-LocalSessionManager", "Computer": "DESKTOP-OFJ6N53", "TimeCreated": "2025-07-29 15:25:47.560873+00:00", "RecordID": "7736", "Level": "4", "UserID": "S-1-5-18"}
{"EventID": "32", "Channel": "Microsoft-Windows-TerminalServices-LocalSessionManager/Operational", "Provider_Name": "Microsoft-Windows-TerminalServices-LocalSessionManager", "Computer": "DESKTOP-OFJ6N53", "TimeCreated": "2025-07-31 08:03:33.168407+00:00", "RecordID": "7737", "Level": "4", "UserID": "S-1-5-18"}
{"EventID": "41", "Channel": "Microsoft-Windows-TerminalServices-LocalSessionManager/Operational", "Provider_Name": "Microsoft-Windows-TerminalServices-LocalSessionManager", "Computer": "DESKTOP-OFJ6N53", "TimeCreated": "2025-07-31 08:14:01.288704+00:00", "RecordID": "7738", "Level": "4", "UserID": "S-1-5-18"}
{"EventID": "42", "Channel": "Microsoft-Windows-TerminalServices-LocalSessionManager/Operational", "Provider_Name": "Microsoft-Windows-TerminalServices-LocalSessionManager", "Computer": "DESKTOP-OFJ6N53", "TimeCreated": "2025-07-31 08:14:01.296106+00:00", "RecordID": "7739", "Level": "4", "UserID": "S-1-5-18"}
{"EventID": "21", "Channel": "Microsoft-Windows-TerminalServices-LocalSessionManager/Operational", "Provider_Name": "Microsoft-Windows-TerminalServices-LocalSessionManager", "Computer": "DESKTOP-OFJ6N53", "TimeCreated": "2025-07-31 08:14:03.307663+00:00", "RecordID": "7740", "Level": "4", "UserID": "S-1-5-18"}
{"EventID": "22", "Channel": "Microsoft-Windows-TerminalServices-LocalSessionManager/Operational", "Provider_Name": "Microsoft-Windows-TerminalServices-LocalSessionManager", "Computer": "DESKTOP-OFJ6N53", "TimeCreated": "2025-07-31 08:14:03.478212+00:00", "RecordID": "7741", "Level": "4", "UserID": "S-1-5-18"}
{"EventID": "40", "Channel": "Microsoft-Windows-TerminalServices-LocalSessionManager/Operational", "Provider_Name": "Microsoft-Windows-TerminalServices-LocalSessionManager", "Computer": "DESKTOP-OFJ6N53", "TimeCreated": "2025-07-31 08:16:21.885685+00:00", "RecordID": "7742", "Level": "4", "UserID": "S-1-5-18"}
{"EventID": "24", "Channel": "Microsoft-Windows-TerminalServices-LocalSessionManager/Operational", "Provider_Name": "Microsoft-Windows-TerminalServices-LocalSessionManager", "Computer": "DESKTOP-OFJ6N53", "TimeCreated": "2025-07-31 08:16:22.099506+00:00", "RecordID": "7743", "Level": "4", "UserID": "S-1-5-18"}
{"EventID": "25", "Channel": "Microsoft-Windows-TerminalServices-LocalSessionManager/Operational", "Provider_Name": "Microsoft-Windows-TerminalServices-LocalSessionManager", "Computer": "DESKTOP-OFJ6N53", "TimeCreated": "2025-07-31 08:16:23.427929+00:00", "RecordID": "7744", "Level": "4", "UserID": "S-1-5-18"}
{"EventID": "40", "Channel": "Microsoft-Windows-TerminalServices-LocalSessionManager/Operational", "Provider_Name": "Microsoft-Windows-TerminalServices-LocalSessionManager", "Computer": "DESKTOP-OFJ6N53", "TimeCreated": "2025-07-31 09:04:30.065708+00:00", "RecordID": "7745", "Level": "4", "UserID": "S-1-5-18"}
{"EventID": "24", "Channel": "Microsoft-Windows-TerminalServices-LocalSessionManager/Operational", "Provider_Name": "Microsoft-Windows-TerminalServices-LocalSessionManager", "Computer": "DESKTOP-OFJ6N53", "TimeCreated": "2025-07-31 09:04:30.572405+00:00", "RecordID": "7746", "Level": "4", "UserID": "S-1-5-18"}
{"EventID": "40", "Channel": "Microsoft-Windows-TerminalServices-LocalSessionManager/Operational", "Provider_Name": "Microsoft-Windows-TerminalServices-LocalSessionManager", "Computer": "DESKTOP-OFJ6N53", "TimeCreated": "2025-07-31 11:10:29.207859+00:00", "RecordID": "7747", "Level": "4", "UserID": "S-1-5-18"}
{"EventID": "25", "Channel": "Microsoft-Windows-TerminalServices-LocalSessionManager/Operational", "Provider_Name": "Microsoft-Windows-TerminalServices-LocalSessionManager", "Computer": "DESKTOP-OFJ6N53", "TimeCreated": "2025-07-31 11:10:29.730841+00:00", "RecordID": "7748", "Level": "4", "UserID": "S-1-5-18"}
{"EventID": "40", "Channel": "Microsoft-Windows-TerminalServices-LocalSessionManager/Operational", "Provider_Name": "Microsoft-Windows-TerminalServices-LocalSessionManager", "Computer": "DESKTOP-OFJ6N53", "TimeCreated": "2025-07-31 12:57:08.097057+00:00", "RecordID": "7749", "Level": "4", "UserID": "S-1-5-18"}
{"EventID": "24", "Channel": "Microsoft-Windows-TerminalServices-LocalSessionManager/Operational", "Provider_Name": "Microsoft-Windows-TerminalServices-LocalSessionManager", "Computer": "DESKTOP-OFJ6N53", "TimeCreated": "2025-07-31 12:57:08.811815+00:00", "RecordID": "7750", "Level": "4", "UserID": "S-1-5-18"}
{"EventID": "40", "Channel": "Microsoft-Windows-TerminalServices-LocalSessionManager/Operational", "Provider_Name": "Microsoft-Windows-TerminalServices-LocalSessionManager", "Computer": "DESKTOP-OFJ6N53", "TimeCreated": "2025-08-01 08:40:23.142902+00:00", "RecordID": "7751", "Level": "4", "UserID": "S-1-5-18"}
{"EventID": "25", "Channel": "Microsoft-Windows-TerminalServices-LocalSessionManager/Operational", "Provider_Name": "Microsoft-Windows-TerminalServices-LocalSessionManager", "Computer": "DESKTOP-OFJ6N53", "TimeCreated": "2025-08-01 08:40:23.536621+00:00", "RecordID": "7752", "Level": "4", "UserID": "S-1-5-18"}
{"EventID": "40", "Channel": "Microsoft-Windows-TerminalServices-LocalSessionManager/Operational", "Provider_Name": "Microsoft-Windows-TerminalServices-LocalSessionManager", "Computer": "DESKTOP-OFJ6N53", "TimeCreated": "2025-08-01 11:01:54.645021+00:00", "RecordID": "7753", "Level": "4", "UserID": "S-1-5-18"}
{"EventID": "24", "Channel": "Microsoft-Windows-TerminalServices-LocalSessionManager/Operational", "Provider_Name": "Microsoft-Windows-TerminalServices-LocalSessionManager", "Computer": "DESKTOP-OFJ6N53", "TimeCreated": "2025-08-01 11:01:56.271244+00:00", "RecordID": "7754", "Level": "4", "UserID": "S-1-5-18"}
{"EventID": "40", "Channel": "Microsoft-Windows-TerminalServices-LocalSessionManager/Operational", "Provider_Name": "Microsoft-Windows-TerminalServices-LocalSessionManager", "Computer": "DESKTOP-OFJ6N53", "TimeCreated": "2025-08-04 12:04:06.085695+00:00", "RecordID": "7755", "Level": "4", "UserID": "S-1-5-18"}
{"EventID": "25", "Channel": "Microsoft-Windows-TerminalServices-LocalSessionManager/Operational", "Provider_Name": "Microsoft-Windows-TerminalServices-LocalSessionManager", "Computer": "DESKTOP-OFJ6N53", "TimeCreated": "2025-08-04 12:04:07.054438+00:00", "RecordID": "7756", "Level": "4", "UserID": "S-1-5-18"}
{"EventID": "40", "Channel": "Microsoft-Windows-TerminalServices-LocalSessionManager/Operational", "Provider_Name": "Microsoft-Windows-TerminalServices-LocalSessionManager", "Computer": "DESKTOP-OFJ6N53", "TimeCreated": "2025-08-04 12:07:26.520164+00:00", "RecordID": "7757", "Level": "4", "UserID": "S-1-5-18"}
{"EventID": "24", "Channel": "Microsoft-Windows-TerminalServices-LocalSessionManager/Operational", "Provider_Name": "Microsoft-Windows-TerminalServices-LocalSessionManager", "Computer": "DESKTOP-OFJ6N53", "TimeCreated": "2025-08-04 12:07:27.127548+00:00", "RecordID": "7758", "Level": "4", "UserID": "S-1-5-18"}
{"EventID": "25", "Channel": "Microsoft-Windows-TerminalServices-LocalSessionManager/Operational", "Provider_Name": "Microsoft-Windows-TerminalServices-LocalSessionManager", "Computer": "DESKTOP-OFJ6N53", "TimeCreated": "2025-08-04 12:07:27.846365+00:00", "RecordID": "7759", "Level": "4", "UserID": "S-1-5-18"}
{"EventID": "40", "Channel": "Microsoft-Windows-TerminalServices-LocalSessionManager/Operational", "Provider_Name": "Microsoft-Windows-TerminalServices-LocalSessionManager", "Computer": "DESKTOP-OFJ6N53", "TimeCreated": "2025-08-04 12:51:18.121977+00:00", "RecordID": "7760", "Level": "4", "UserID": "S-1-5-18"}
{"EventID": "24", "Channel": "Microsoft-Windows-TerminalServices-LocalSessionManager/Operational", "Provider_Name": "Microsoft-Windows-TerminalServices-LocalSessionManager", "Computer": "DESKTOP-OFJ6N53", "TimeCreated": "2025-08-04 12:51:18.890142+00:00", "RecordID": "7761", "Level": "4", "UserID": "S-1-5-18"}
{"EventID": "25", "Channel": "Microsoft-Windows-TerminalServices-LocalSessionManager/Operational", "Provider_Name": "Microsoft-Windows-TerminalServices-LocalSessionManager", "Computer": "DESKTOP-OFJ6N53", "TimeCreated": "2025-08-04 12:51:19.962278+00:00", "RecordID": "7762", "Level": "4", "UserID": "S-1-5-18"}
{"EventID": "40", "Channel": "Microsoft-Windows-TerminalServices-LocalSessionManager/Operational", "Provider_Name": "Microsoft-Windows-TerminalServices-LocalSessionManager", "Computer": "DESKTOP-OFJ6N53", "TimeCreated": "2025-08-04 12:56:45.627861+00:00", "RecordID": "7763", "Level": "4", "UserID": "S-1-5-18"}
{"EventID": "24", "Channel": "Microsoft-Windows-TerminalServices-LocalSessionManager/Operational", "Provider_Name": "Microsoft-Windows-TerminalServices-LocalSessionManager", "Computer": "DESKTOP-OFJ6N53", "TimeCreated": "2025-08-04 12:56:46.421291+00:00", "RecordID": "7764", "Level": "4", "UserID": "S-1-5-18"}
{"EventID": "25", "Channel": "Microsoft-Windows-TerminalServices-LocalSessionManager/Operational", "Provider_Name": "Microsoft-Windows-TerminalServices-LocalSessionManager", "Computer": "DESKTOP-OFJ6N53", "TimeCreated": "2025-08-04 12:56:47.128006+00:00", "RecordID": "7765", "Level": "4", "UserID": "S-1-5-18"}
{"EventID": "40", "Channel": "Microsoft-Windows-TerminalServices-LocalSessionManager/Operational", "Provider_Name": "Microsoft-Windows-TerminalServices-LocalSessionManager", "Computer": "DESKTOP-OFJ6N53", "TimeCreated": "2025-08-04 13:55:59.250372+00:00", "RecordID": "7766", "Level": "4", "UserID": "S-1-5-18"}
{"EventID": "24", "Channel": "Microsoft-Windows-TerminalServices-LocalSessionManager/Operational", "Provider_Name": "Microsoft-Windows-TerminalServices-LocalSessionManager", "Computer": "DESKTOP-OFJ6N53", "TimeCreated": "2025-08-04 13:55:59.809288+00:00", "RecordID": "7767", "Level": "4", "UserID": "S-1-5-18"}
{"EventID": "40", "Channel": "Microsoft-Windows-TerminalServices-LocalSessionManager/Operational", "Provider_Name": "Microsoft-Windows-TerminalServices-LocalSessionManager", "Computer": "DESKTOP-OFJ6N53", "TimeCreated": "2025-08-04 14:10:22.131235+00:00", "RecordID": "7768", "Level": "4", "UserID": "S-1-5-18"}
{"EventID": "25", "Channel": "Microsoft-Windows-TerminalServices-LocalSessionManager/Operational", "Provider_Name": "Microsoft-Windows-TerminalServices-LocalSessionManager", "Computer": "DESKTOP-OFJ6N53", "TimeCreated": "2025-08-04 14:10:22.661322+00:00", "RecordID": "7769", "Level": "4", "UserID": "S-1-5-18"}
{"EventID": "40", "Channel": "Microsoft-Windows-TerminalServices-LocalSessionManager/Operational", "Provider_Name": "Microsoft-Windows-TerminalServices-LocalSessionManager", "Computer": "DESKTOP-OFJ6N53", "TimeCreated": "2025-08-04 15:26:38.312786+00:00", "RecordID": "7770", "Level": "4", "UserID": "S-1-5-18"}
{"EventID": "24", "Channel": "Microsoft-Windows-TerminalServices-LocalSessionManager/Operational", "Provider_Name": "Microsoft-Windows-TerminalServices-LocalSessionManager", "Computer": "DESKTOP-OFJ6N53", "TimeCreated": "2025-08-04 15:26:39.042868+00:00", "RecordID": "7771", "Level": "4", "UserID": "S-1-5-18"}
{"EventID": "40", "Channel": "Microsoft-Windows-TerminalServices-LocalSessionManager/Operational", "Provider_Name": "Microsoft-Windows-TerminalServices-LocalSessionManager", "Computer": "DESKTOP-OFJ6N53", "TimeCreated": "2025-08-05 07:36:14.637383+00:00", "RecordID": "7772", "Level": "4", "UserID": "S-1-5-18"}
{"EventID": "25", "Channel": "Microsoft-Windows-TerminalServices-LocalSessionManager/Operational", "Provider_Name": "Microsoft-Windows-TerminalServices-LocalSessionManager", "Computer": "DESKTOP-OFJ6N53", "TimeCreated": "2025-08-05 07:36:15.517258+00:00", "RecordID": "7773", "Level": "4", "UserID": "S-1-5-18"}
{"EventID": "40", "Channel": "Microsoft-Windows-TerminalServices-LocalSessionManager/Operational", "Provider_Name": "Microsoft-Windows-TerminalServices-LocalSessionManager", "Computer": "DESKTOP-OFJ6N53", "TimeCreated": "2025-08-05 07:52:34.906366+00:00", "RecordID": "7774", "Level": "4", "UserID": "S-1-5-18"}
{"EventID": "24", "Channel": "Microsoft-Windows-TerminalServices-LocalSessionManager/Operational", "Provider_Name": "Microsoft-Windows-TerminalServices-LocalSessionManager", "Computer": "DESKTOP-OFJ6N53", "TimeCreated": "2025-08-05 07:52:35.687202+00:00", "RecordID": "7775", "Level": "4", "UserID": "S-1-5-18"}
{"EventID": "40", "Channel": "Microsoft-Windows-TerminalServices-LocalSessionManager/Operational", "Provider_Name": "Microsoft-Windows-TerminalServices-LocalSessionManager", "Computer": "DESKTOP-OFJ6N53", "TimeCreated": "2025-08-05 07:56:50.079386+00:00", "RecordID": "7776", "Level": "4", "UserID": "S-1-5-18"}
{"EventID": "25", "Channel": "Microsoft-Windows-TerminalServices-LocalSessionManager/Operational", "Provider_Name": "Microsoft-Windows-TerminalServices-LocalSessionManager", "Computer": "DESKTOP-OFJ6N53", "TimeCreated": "2025-08-05 07:56:50.828030+00:00", "RecordID": "7777", "Level": "4", "UserID": "S-1-5-18"}
{"EventID": "40", "Channel": "Microsoft-Windows-TerminalServices-LocalSessionManager/Operational", "Provider_Name": "Microsoft-Windows-TerminalServices-LocalSessionManager", "Computer": "DESKTOP-OFJ6N53", "TimeCreated": "2025-08-05 09:18:31.906755+00:00", "RecordID": "7778", "Level": "4", "UserID": "S-1-5-18"}
{"EventID": "24", "Channel": "Microsoft-Windows-TerminalServices-LocalSessionManager/Operational", "Provider_Name": "Microsoft-Windows-TerminalServices-LocalSessionManager", "Computer": "DESKTOP-OFJ6N53", "TimeCreated": "2025-08-05 09:18:32.651127+00:00", "RecordID": "7779", "Level": "4", "UserID": "S-1-5-18"}
{"EventID": "40", "Channel": "Microsoft-Windows-TerminalServices-LocalSessionManager/Operational", "Provider_Name": "Microsoft-Windows-TerminalServices-LocalSessionManager", "Computer": "DESKTOP-OFJ6N53", "TimeCreated": "2025-08-05 09:38:10.736227+00:00", "RecordID": "7780", "Level": "4", "UserID": "S-1-5-18"}
{"EventID": "25", "Channel": "Microsoft-Windows-TerminalServices-LocalSessionManager/Operational", "Provider_Name": "Microsoft-Windows-TerminalServices-LocalSessionManager", "Computer": "DESKTOP-OFJ6N53", "TimeCreated": "2025-08-05 09:38:11.532419+00:00", "RecordID": "7781", "Level": "4", "UserID": "S-1-5-18"}
{"EventID": "40", "Channel": "Microsoft-Windows-TerminalServices-LocalSessionManager/Operational", "Provider_Name": "Microsoft-Windows-TerminalServices-LocalSessionManager", "Computer": "DESKTOP-OFJ6N53", "TimeCreated": "2025-08-05 12:55:48.892076+00:00", "RecordID": "7782", "Level": "4", "UserID": "S-1-5-18"}
{"EventID": "24", "Channel": "Microsoft-Windows-TerminalServices-LocalSessionManager/Operational", "Provider_Name": "Microsoft-Windows-TerminalServices-LocalSessionManager", "Computer": "DESKTOP-OFJ6N53", "TimeCreated": "2025-08-05 12:55:49.822418+00:00", "RecordID": "7783", "Level": "4", "UserID": "S-1-5-18"}
{"EventID": "40", "Channel": "Microsoft-Windows-TerminalServices-LocalSessionManager/Operational", "Provider_Name": "Microsoft-Windows-TerminalServices-LocalSessionManager", "Computer": "DESKTOP-OFJ6N53", "TimeCreated": "2025-08-05 15:14:05.237438+00:00", "RecordID": "7784", "Level": "4", "UserID": "S-1-5-18"}
{"EventID": "25", "Channel": "Microsoft-Windows-TerminalServices-LocalSessionManager/Operational", "Provider_Name": "Microsoft-Windows-TerminalServices-LocalSessionManager", "Computer": "DESKTOP-OFJ6N53", "TimeCreated": "2025-08-05 15:14:06.020485+00:00", "RecordID": "7785", "Level": "4", "UserID": "S-1-5-18"}
{"EventID": "40", "Channel": "Microsoft-Windows-TerminalServices-LocalSessionManager/Operational", "Provider_Name": "Microsoft-Windows-TerminalServices-LocalSessionManager", "Computer": "DESKTOP-OFJ6N53", "TimeCreated": "2025-08-05 15:31:04.671591+00:00", "RecordID": "7786", "Level": "4", "UserID": "S-1-5-18"}
{"EventID": "24", "Channel": "Microsoft-Windows-TerminalServices-LocalSessionManager/Operational", "Provider_Name": "Microsoft-Windows-TerminalServices-LocalSessionManager", "Computer": "DESKTOP-OFJ6N53", "TimeCreated": "2025-08-05 15:31:05.572636+00:00", "RecordID": "7787", "Level": "4", "UserID": "S-1-5-18"}
{"EventID": "40", "Channel": "Microsoft-Windows-TerminalServices-LocalSessionManager/Operational", "Provider_Name": "Microsoft-Windows-TerminalServices-LocalSessionManager", "Computer": "DESKTOP-OFJ6N53", "TimeCreated": "2025-08-06 07:01:07.626982+00:00", "RecordID": "7788", "Level": "4", "UserID": "S-1-5-18"}
{"EventID": "25", "Channel": "Microsoft-Windows-TerminalServices-LocalSessionManager/Operational", "Provider_Name": "Microsoft-Windows-TerminalServices-LocalSessionManager", "Computer": "DESKTOP-OFJ6N53", "TimeCreated": "2025-08-06 07:01:08.227919+00:00", "RecordID": "7789", "Level": "4", "UserID": "S-1-5-18"}
{"EventID": "40", "Channel": "Microsoft-Windows-TerminalServices-LocalSessionManager/Operational", "Provider_Name": "Microsoft-Windows-TerminalServices-LocalSessionManager", "Computer": "DESKTOP-OFJ6N53", "TimeCreated": "2025-08-06 07:42:52.656000+00:00", "RecordID": "7790", "Level": "4", "UserID": "S-1-5-18"}
{"EventID": "24", "Channel": "Microsoft-Windows-TerminalServices-LocalSessionManager/Operational", "Provider_Name": "Microsoft-Windows-TerminalServices-LocalSessionManager", "Computer": "DESKTOP-OFJ6N53", "TimeCreated": "2025-08-06 07:42:53.396357+00:00", "RecordID": "7791", "Level": "4", "UserID": "S-1-5-18"}
{"EventID": "40", "Channel": "Microsoft-Windows-TerminalServices-LocalSessionManager/Operational", "Provider_Name": "Microsoft-Windows-TerminalServices-LocalSessionManager", "Computer": "DESKTOP-OFJ6N53", "TimeCreated": "2025-08-06 13:25:12.320055+00:00", "RecordID": "7792", "Level": "4", "UserID": "S-1-5-18"}
{"EventID": "25", "Channel": "Microsoft-Windows-TerminalServices-LocalSessionManager/Operational", "Provider_Name": "Microsoft-Windows-TerminalServices-LocalSessionManager", "Computer": "DESKTOP-OFJ6N53", "TimeCreated": "2025-08-06 13:25:13.434502+00:00", "RecordID": "7793", "Level": "4", "UserID": "S-1-5-18"}
{"EventID": "40", "Channel": "Microsoft-Windows-TerminalServices-LocalSessionManager/Operational", "Provider_Name": "Microsoft-Windows-TerminalServices-LocalSessionManager", "Computer": "DESKTOP-OFJ6N53", "TimeCreated": "2025-08-06 13:48:47.254107+00:00", "RecordID": "7794", "Level": "4", "UserID": "S-1-5-18"}
{"EventID": "24", "Channel": "Microsoft-Windows-TerminalServices-LocalSessionManager/Operational", "Provider_Name": "Microsoft-Windows-TerminalServices-LocalSessionManager", "Computer": "DESKTOP-OFJ6N53", "TimeCreated": "2025-08-06 13:48:52.211662+00:00", "RecordID": "7795", "Level": "4", "UserID": "S-1-5-18"}
{"EventID": "40", "Channel": "Microsoft-Windows-TerminalServices-LocalSessionManager/Operational", "Provider_Name": "Microsoft-Windows-TerminalServices-LocalSessionManager", "Computer": "DESKTOP-OFJ6N53", "TimeCreated": "2025-08-06 13:48:54.220581+00:00", "RecordID": "7796", "Level": "4", "UserID": "S-1-5-18"}
{"EventID": "25", "Channel": "Microsoft-Windows-TerminalServices-LocalSessionManager/Operational", "Provider_Name": "Microsoft-Windows-TerminalServices-LocalSessionManager", "Computer": "DESKTOP-OFJ6N53", "TimeCreated": "2025-08-06 13:48:56.058985+00:00", "RecordID": "7797", "Level": "4", "UserID": "S-1-5-18"}
{"EventID": "40", "Channel": "Microsoft-Windows-TerminalServices-LocalSessionManager/Operational", "Provider_Name": "Microsoft-Windows-TerminalServices-LocalSessionManager", "Computer": "DESKTOP-OFJ6N53", "TimeCreated": "2025-08-06 13:49:13.508366+00:00", "RecordID": "7798", "Level": "4", "UserID": "S-1-5-18"}
{"EventID": "24", "Channel": "Microsoft-Windows-TerminalServices-LocalSessionManager/Operational", "Provider_Name": "Microsoft-Windows-TerminalServices-LocalSessionManager", "Computer": "DESKTOP-OFJ6N53", "TimeCreated": "2025-08-06 13:49:15.411947+00:00", "RecordID": "7799", "Level": "4", "UserID": "S-1-5-18"}
{"EventID": "40", "Channel": "Microsoft-Windows-TerminalServices-LocalSessionManager/Operational", "Provider_Name": "Microsoft-Windows-TerminalServices-LocalSessionManager", "Computer": "DESKTOP-OFJ6N53", "TimeCreated": "2025-08-06 13:49:18.745802+00:00", "RecordID": "7800", "Level": "4", "UserID": "S-1-5-18"}
{"EventID": "25", "Channel": "Microsoft-Windows-TerminalServices-LocalSessionManager/Operational", "Provider_Name": "Microsoft-Windows-TerminalServices-LocalSessionManager", "Computer": "DESKTOP-OFJ6N53", "TimeCreated": "2025-08-06 13:49:20.211903+00:00", "RecordID": "7801", "Level": "4", "UserID": "S-1-5-18"}
{"EventID": "40", "Channel": "Microsoft-Windows-TerminalServices-LocalSessionManager/Operational", "Provider_Name": "Microsoft-Windows-TerminalServices-LocalSessionManager", "Computer": "DESKTOP-OFJ6N53", "TimeCreated": "2025-08-06 13:50:03.239710+00:00", "RecordID": "7802", "Level": "4", "UserID": "S-1-5-18"}
{"EventID": "24", "Channel": "Microsoft-Windows-TerminalServices-LocalSessionManager/Operational", "Provider_Name": "Microsoft-Windows-TerminalServices-LocalSessionManager", "Computer": "DESKTOP-OFJ6N53", "TimeCreated": "2025-08-06 13:50:03.900993+00:00", "RecordID": "7803", "Level": "4", "UserID": "S-1-5-18"}
{"EventID": "40", "Channel": "Microsoft-Windows-TerminalServices-LocalSessionManager/Operational", "Provider_Name": "Microsoft-Windows-TerminalServices-LocalSessionManager", "Computer": "DESKTOP-OFJ6N53", "TimeCreated": "2025-08-06 13:50:06.595266+00:00", "RecordID": "7804", "Level": "4", "UserID": "S-1-5-18"}
{"EventID": "25", "Channel": "Microsoft-Windows-TerminalServices-LocalSessionManager/Operational", "Provider_Name": "Microsoft-Windows-TerminalServices-LocalSessionManager", "Computer": "DESKTOP-OFJ6N53", "TimeCreated": "2025-08-06 13:50:07.442059+00:00", "RecordID": "7805", "Level": "4", "UserID": "S-1-5-18"}
{"EventID": "40", "Channel": "Microsoft-Windows-TerminalServices-LocalSessionManager/Operational", "Provider_Name": "Microsoft-Windows-TerminalServices-LocalSessionManager", "Computer": "DESKTOP-OFJ6N53", "TimeCreated": "2025-08-06 14:21:25.739611+00:00", "RecordID": "7806", "Level": "4", "UserID": "S-1-5-18"}
{"EventID": "24", "Channel": "Microsoft-Windows-TerminalServices-LocalSessionManager/Operational", "Provider_Name": "Microsoft-Windows-TerminalServices-LocalSessionManager", "Computer": "DESKTOP-OFJ6N53", "TimeCreated": "2025-08-06 14:21:26.471836+00:00", "RecordID": "7807", "Level": "4", "UserID": "S-1-5-18"}
{"EventID": "40", "Channel": "Microsoft-Windows-TerminalServices-LocalSessionManager/Operational", "Provider_Name": "Microsoft-Windows-TerminalServices-LocalSessionManager", "Computer": "DESKTOP-OFJ6N53", "TimeCreated": "2025-08-07 10:16:30.894949+00:00", "RecordID": "7808", "Level": "4", "UserID": "S-1-5-18"}
{"EventID": "25", "Channel": "Microsoft-Windows-TerminalServices-LocalSessionManager/Operational", "Provider_Name": "Microsoft-Windows-TerminalServices-LocalSessionManager", "Computer": "DESKTOP-OFJ6N53", "TimeCreated": "2025-08-07 10:16:31.477081+00:00", "RecordID": "7809", "Level": "4", "UserID": "S-1-5-18"}
{"EventID": "40", "Channel": "Microsoft-Windows-TerminalServices-LocalSessionManager/Operational", "Provider_Name": "Microsoft-Windows-TerminalServices-LocalSessionManager", "Computer": "DESKTOP-OFJ6N53", "TimeCreated": "2025-08-07 12:27:35.328621+00:00", "RecordID": "7810", "Level": "4", "UserID": "S-1-5-18"}
{"EventID": "24", "Channel": "Microsoft-Windows-TerminalServices-LocalSessionManager/Operational", "Provider_Name": "Microsoft-Windows-TerminalServices-LocalSessionManager", "Computer": "DESKTOP-OFJ6N53", "TimeCreated": "2025-08-07 12:27:36.168953+00:00", "RecordID": "7811", "Level": "4", "UserID": "S-1-5-18"}
{"EventID": "40", "Channel": "Microsoft-Windows-TerminalServices-LocalSessionManager/Operational", "Provider_Name": "Microsoft-Windows-TerminalServices-LocalSessionManager", "Computer": "DESKTOP-OFJ6N53", "TimeCreated": "2025-08-07 12:28:07.726665+00:00", "RecordID": "7812", "Level": "4", "UserID": "S-1-5-18"}
{"EventID": "25", "Channel": "Microsoft-Windows-TerminalServices-LocalSessionManager/Operational", "Provider_Name": "Microsoft-Windows-TerminalServices-LocalSessionManager", "Computer": "DESKTOP-OFJ6N53", "TimeCreated": "2025-08-07 12:28:08.099209+00:00", "RecordID": "7813", "Level": "4", "UserID": "S-1-5-18"}
{"EventID": "40", "Channel": "Microsoft-Windows-TerminalServices-LocalSessionManager/Operational", "Provider_Name": "Microsoft-Windows-TerminalServices-LocalSessionManager", "Computer": "DESKTOP-OFJ6N53", "TimeCreated": "2025-08-07 12:48:04.831799+00:00", "RecordID": "7814", "Level": "4", "UserID": "S-1-5-18"}
{"EventID": "24", "Channel": "Microsoft-Windows-TerminalServices-LocalSessionManager/Operational", "Provider_Name": "Microsoft-Windows-TerminalServices-LocalSessionManager", "Computer": "DESKTOP-OFJ6N53", "TimeCreated": "2025-08-07 12:48:07.733456+00:00", "RecordID": "7815", "Level": "4", "UserID": "S-1-5-18"}
{"EventID": "40", "Channel": "Microsoft-Windows-TerminalServices-LocalSessionManager/Operational", "Provider_Name": "Microsoft-Windows-TerminalServices-LocalSessionManager", "Computer": "DESKTOP-OFJ6N53", "TimeCreated": "2025-08-07 13:22:23.575891+00:00", "RecordID": "7816", "Level": "4", "UserID": "S-1-5-18"}
{"EventID": "25", "Channel": "Microsoft-Windows-TerminalServices-LocalSessionManager/Operational", "Provider_Name": "Microsoft-Windows-TerminalServices-LocalSessionManager", "Computer": "DESKTOP-OFJ6N53", "TimeCreated": "2025-08-07 13:22:24.232475+00:00", "RecordID": "7817", "Level": "4", "UserID": "S-1-5-18"}
{"EventID": "40", "Channel": "Microsoft-Windows-TerminalServices-LocalSessionManager/Operational", "Provider_Name": "Microsoft-Windows-TerminalServices-LocalSessionManager", "Computer": "DESKTOP-OFJ6N53", "TimeCreated": "2025-08-07 13:56:26.481802+00:00", "RecordID": "7818", "Level": "4", "UserID": "S-1-5-18"}
{"EventID": "24", "Channel": "Microsoft-Windows-TerminalServices-LocalSessionManager/Operational", "Provider_Name": "Microsoft-Windows-TerminalServices-LocalSessionManager", "Computer": "DESKTOP-OFJ6N53", "TimeCreated": "2025-08-07 13:56:29.405054+00:00", "RecordID": "7819", "Level": "4", "UserID": "S-1-5-18"}
{"EventID": "40", "Channel": "Microsoft-Windows-TerminalServices-LocalSessionManager/Operational", "Provider_Name": "Microsoft-Windows-TerminalServices-LocalSessionManager", "Computer": "DESKTOP-OFJ6N53", "TimeCreated": "2025-08-08 07:47:50.825905+00:00", "RecordID": "7820", "Level": "4", "UserID": "S-1-5-18"}
{"EventID": "25", "Channel": "Microsoft-Windows-TerminalServices-LocalSessionManager/Operational", "Provider_Name": "Microsoft-Windows-TerminalServices-LocalSessionManager", "Computer": "DESKTOP-OFJ6N53", "TimeCreated": "2025-08-08 07:47:54.457006+00:00", "RecordID": "7821", "Level": "4", "UserID": "S-1-5-18"}
{"EventID": "40", "Channel": "Microsoft-Windows-TerminalServices-LocalSessionManager/Operational", "Provider_Name": "Microsoft-Windows-TerminalServices-LocalSessionManager", "Computer": "DESKTOP-OFJ6N53", "TimeCreated": "2025-08-08 08:06:26.422031+00:00", "RecordID": "7822", "Level": "4", "UserID": "S-1-5-18"}
{"EventID": "24", "Channel": "Microsoft-Windows-TerminalServices-LocalSessionManager/Operational", "Provider_Name": "Microsoft-Windows-TerminalServices-LocalSessionManager", "Computer": "DESKTOP-OFJ6N53", "TimeCreated": "2025-08-08 08:06:27.362803+00:00", "RecordID": "7823", "Level": "4", "UserID": "S-1-5-18"}
{"EventID": "40", "Channel": "Microsoft-Windows-TerminalServices-LocalSessionManager/Operational", "Provider_Name": "Microsoft-Windows-TerminalServices-LocalSessionManager", "Computer": "DESKTOP-OFJ6N53", "TimeCreated": "2025-08-08 08:09:01.380993+00:00", "RecordID": "7824", "Level": "4", "UserID": "S-1-5-18"}
{"EventID": "25", "Channel": "Microsoft-Windows-TerminalServices-LocalSessionManager/Operational", "Provider_Name": "Microsoft-Windows-TerminalServices-LocalSessionManager", "Computer": "DESKTOP-OFJ6N53", "TimeCreated": "2025-08-08 08:09:01.868765+00:00", "RecordID": "7825", "Level": "4", "UserID": "S-1-5-18"}
{"EventID": "40", "Channel": "Microsoft-Windows-TerminalServices-LocalSessionManager/Operational", "Provider_Name": "Microsoft-Windows-TerminalServices-LocalSessionManager", "Computer": "DESKTOP-OFJ6N53", "TimeCreated": "2025-08-08 08:13:25.575436+00:00", "RecordID": "7826", "Level": "4", "UserID": "S-1-5-18"}
{"EventID": "24", "Channel": "Microsoft-Windows-TerminalServices-LocalSessionManager/Operational", "Provider_Name": "Microsoft-Windows-TerminalServices-LocalSessionManager", "Computer": "DESKTOP-OFJ6N53", "TimeCreated": "2025-08-08 08:13:28.267572+00:00", "RecordID": "7827", "Level": "4", "UserID": "S-1-5-18"}
{"EventID": "40", "Channel": "Microsoft-Windows-TerminalServices-LocalSessionManager/Operational", "Provider_Name": "Microsoft-Windows-TerminalServices-LocalSessionManager", "Computer": "DESKTOP-OFJ6N53", "TimeCreated": "2025-08-08 08:18:24.352968+00:00", "RecordID": "7828", "Level": "4", "UserID": "S-1-5-18"}
{"EventID": "25", "Channel": "Microsoft-Windows-TerminalServices-LocalSessionManager/Operational", "Provider_Name": "Microsoft-Windows-TerminalServices-LocalSessionManager", "Computer": "DESKTOP-OFJ6N53", "TimeCreated": "2025-08-08 08:18:26.003544+00:00", "RecordID": "7829", "Level": "4", "UserID": "S-1-5-18"}
{"EventID": "40", "Channel": "Microsoft-Windows-TerminalServices-LocalSessionManager/Operational", "Provider_Name": "Microsoft-Windows-TerminalServices-LocalSessionManager", "Computer": "DESKTOP-OFJ6N53", "TimeCreated": "2025-08-08 09:58:09.732950+00:00", "RecordID": "7830", "Level": "4", "UserID": "S-1-5-18"}
{"EventID": "24", "Channel": "Microsoft-Windows-TerminalServices-LocalSessionManager/Operational", "Provider_Name": "Microsoft-Windows-TerminalServices-LocalSessionManager", "Computer": "DESKTOP-OFJ6N53", "TimeCreated": "2025-08-08 09:58:12.514080+00:00", "RecordID": "7831", "Level": "4", "UserID": "S-1-5-18"}
{"EventID": "40", "Channel": "Microsoft-Windows-TerminalServices-LocalSessionManager/Operational", "Provider_Name": "Microsoft-Windows-TerminalServices-LocalSessionManager", "Computer": "DESKTOP-OFJ6N53", "TimeCreated": "2025-08-08 10:30:45.755028+00:00", "RecordID": "7832", "Level": "4", "UserID": "S-1-5-18"}
{"EventID": "25", "Channel": "Microsoft-Windows-TerminalServices-LocalSessionManager/Operational", "Provider_Name": "Microsoft-Windows-TerminalServices-LocalSessionManager", "Computer": "DESKTOP-OFJ6N53", "TimeCreated": "2025-08-08 10:30:47.343901+00:00", "RecordID": "7833", "Level": "4", "UserID": "S-1-5-18"}
{"EventID": "40", "Channel": "Microsoft-Windows-TerminalServices-LocalSessionManager/Operational", "Provider_Name": "Microsoft-Windows-TerminalServices-LocalSessionManager", "Computer": "DESKTOP-OFJ6N53", "TimeCreated": "2025-08-08 13:10:37.092772+00:00", "RecordID": "7834", "Level": "4", "UserID": "S-1-5-18"}
{"EventID": "24", "Channel": "Microsoft-Windows-TerminalServices-LocalSessionManager/Operational", "Provider_Name": "Microsoft-Windows-TerminalServices-LocalSessionManager", "Computer": "DESKTOP-OFJ6N53", "TimeCreated": "2025-08-08 13:10:37.887444+00:00", "RecordID": "7835", "Level": "4", "UserID": "S-1-5-18"}
{"EventID": "40", "Channel": "Microsoft-Windows-TerminalServices-LocalSessionManager/Operational", "Provider_Name": "Microsoft-Windows-TerminalServices-LocalSessionManager", "Computer": "DESKTOP-OFJ6N53", "TimeCreated": "2025-08-11 15:17:04.524746+00:00", "RecordID": "7836", "Level": "4", "UserID": "S-1-5-18"}
{"EventID": "25", "Channel": "Microsoft-Windows-TerminalServices-LocalSessionManager/Operational", "Provider_Name": "Microsoft-Windows-TerminalServices-LocalSessionManager", "Computer": "DESKTOP-OFJ6N53", "TimeCreated": "2025-08-11 15:17:05.574501+00:00", "RecordID": "7837", "Level": "4", "UserID": "S-1-5-18"}
{"EventID": "40", "Channel": "Microsoft-Windows-TerminalServices-LocalSessionManager/Operational", "Provider_Name": "Microsoft-Windows-TerminalServices-LocalSessionManager", "Computer": "DESKTOP-OFJ6N53", "TimeCreated": "2025-08-12 00:08:44.431515+00:00", "RecordID": "7838", "Level": "4", "UserID": "S-1-5-18"}
{"EventID": "24", "Channel": "Microsoft-Windows-TerminalServices-LocalSessionManager/Operational", "Provider_Name": "Microsoft-Windows-TerminalServices-LocalSessionManager", "Computer": "DESKTOP-OFJ6N53", "TimeCreated": "2025-08-12 00:08:46.058092+00:00", "RecordID": "7839", "Level": "4", "UserID": "S-1-5-18"}
{"EventID": "40", "Channel": "Microsoft-Windows-TerminalServices-LocalSessionManager/Operational", "Provider_Name": "Microsoft-Windows-TerminalServices-LocalSessionManager", "Computer": "DESKTOP-OFJ6N53", "TimeCreated": "2025-08-12 11:56:48.547693+00:00", "RecordID": "7840", "Level": "4", "UserID": "S-1-5-18"}
{"EventID": "25", "Channel": "Microsoft-Windows-TerminalServices-LocalSessionManager/Operational", "Provider_Name": "Microsoft-Windows-TerminalServices-LocalSessionManager", "Computer": "DESKTOP-OFJ6N53", "TimeCreated": "2025-08-12 11:56:49.614182+00:00", "RecordID": "7841", "Level": "4", "UserID": "S-1-5-18"}
{"EventID": "40", "Channel": "Microsoft-Windows-TerminalServices-LocalSessionManager/Operational", "Provider_Name": "Microsoft-Windows-TerminalServices-LocalSessionManager", "Computer": "DESKTOP-OFJ6N53", "TimeCreated": "2025-08-12 12:06:53.550739+00:00", "RecordID": "7842", "Level": "4", "UserID": "S-1-5-18"}
{"EventID": "24", "Channel": "Microsoft-Windows-TerminalServices-LocalSessionManager/Operational", "Provider_Name": "Microsoft-Windows-TerminalServices-LocalSessionManager", "Computer": "DESKTOP-OFJ6N53", "TimeCreated": "2025-08-12 12:06:56.916187+00:00", "RecordID": "7843", "Level": "4", "UserID": "S-1-5-18"}
