{"EventID": "27", "Channel": "Microsoft-Windows-ShellCommon-StartLayoutPopulation/Operational", "Provider_Name": "Microsoft-Windows-ShellCommon-StartLayoutPopulation", "Computer": "DESKTOP-OFJ6N53", "TimeCreated": "2022-02-24 12:15:42.971666+00:00", "RecordID": "113", "Level": "4", "UserID": "S-1-5-21-963789628-1060504924-4285088085-1001"}
{"EventID": "33", "Channel": "Microsoft-Windows-ShellCommon-StartLayoutPopulation/Operational", "Provider_Name": "Microsoft-Windows-ShellCommon-StartLayoutPopulation", "Computer": "DESKTOP-OFJ6N53", "TimeCreated": "2022-02-24 12:15:42.980417+00:00", "RecordID": "114", "Level": "4", "UserID": "S-1-5-21-963789628-1060504924-4285088085-1001", "EventData.value": "A025C540.Yandex.Music_vfvw9svesycw6"}
{"EventID": "1104", "Channel": "Microsoft-Windows-ShellCommon-StartLayoutPopulation/Operational", "Provider_Name": "Microsoft-Windows-ShellCommon-StartLayoutPopulation", "Computer": "DESKTOP-OFJ6N53", "TimeCreated": "2022-02-24 12:15:43.017805+00:00", "RecordID": "115", "Level": "4", "UserID": "S-1-5-21-963789628-1060504924-4285088085-1001", "EventData.itemName": "T~DynamicLayouts:1!4", "EventData.itemId": "{04086a78-08b0-4224-90bb-ef21762c1a09}", "EventData.containerId": "{8430e663-8243-485c-b880-f48c96e00e70}", "EventData.collectionName": "Start.TileGrid"}
{"EventID": "1102", "Channel": "Microsoft-Windows-ShellCommon-StartLayoutPopulation/Operational", "Provider_Name": "Microsoft-Windows-ShellCommon-StartLayoutPopulation", "Computer": "DESKTOP-OFJ6N53", "TimeCreated": "2022-02-24 12:15:43.022614+00:00", "RecordID": "116", "Level": "4", "UserID": "S-1-5-21-963789628-1060504924-4285088085-1001", "EventData.itemName": "P~Microsoft.MicrosoftSolitaireCollection_8wekyb3d8bbwe!App", "EventData.itemId": "{326a5722-0c43-4865-aebc-6ae05a7c1a5f}", "EventData.containerId": "{8430e663-8243-485c-b880-f48c96e00e70}", "EventData.collectionName": "Start.TileGrid"}
{"EventID": "34", "Channel": "Microsoft-Windows-ShellCommon-StartLayoutPopulation/Operational", "Provider_Name": "Microsoft-Windows-ShellCommon-StartLayoutPopulation", "Computer": "DESKTOP-OFJ6N53", "TimeCreated": "2022-02-24 12:15:43.027203+00:00", "RecordID": "117", "Level": "4", "UserID": "S-1-5-21-963789628-1060504924-4285088085-1001"}
{"EventID": "33", "Channel": "Microsoft-Windows-ShellCommon-StartLayoutPopulation/Operational", "Provider_Name": "Microsoft-Windows-ShellCommon-StartLayoutPopulation", "Computer": "DESKTOP-OFJ6N53", "TimeCreated": "2022-02-24 12:15:43.027340+00:00", "RecordID": "118", "Level": "4", "UserID": "S-1-5-21-963789628-1060504924-4285088085-1001", "EventData.value": "BytedancePte.Ltd.TikTok_6yccndn6064se"}
{"EventID": "1104", "Channel": "Microsoft-Windows-ShellCommon-StartLayoutPopulation/Operational", "Provider_Name": "Microsoft-Windows-ShellCommon-StartLayoutPopulation", "Computer": "DESKTOP-OFJ6N53", "TimeCreated": "2022-02-24 12:15:43.077990+00:00", "RecordID": "119", "Level": "4", "UserID": "S-1-5-21-963789628-1060504924-4285088085-1001", "EventData.itemName": "T~DynamicLayouts:1!1", "EventData.itemId": "{62f34923-7703-40dd-aeb0-09fdb75605d3}", "EventData.containerId": "{0ee8385b-8038-477c-9a7c-5845ebd1c8aa}", "EventData.collectionName": "Start.TileGrid"}
{"EventID": "1102", "Channel": "Microsoft-Windows-ShellCommon-StartLayoutPopulation/Operational", "Provider_Name": "Microsoft-Windows-ShellCommon-StartLayoutPopulation", "Computer": "DESKTOP-OFJ6N53", "TimeCreated": "2022-02-24 12:15:43.084436+00:00", "RecordID": "120", "Level": "4", "UserID": "S-1-5-21-963789628-1060504924-4285088085-1001", "EventData.itemName": "P~Microsoft.Todos_8wekyb3d8bbwe!App", "EventData.itemId": "{3bd13b32-d1c0-4764-8dc4-c7fc0c19e897}", "EventData.containerId": "{0ee8385b-8038-477c-9a7c-5845ebd1c8aa}", "EventData.collectionName": "Start.TileGrid"}
{"EventID": "1104", "Channel": "Microsoft-Windows-ShellCommon-StartLayoutPopulation/Operational", "Provider_Name": "Microsoft-Windows-ShellCommon-StartLayoutPopulation", "Computer": "DESKTOP-OFJ6N53", "TimeCreated": "2022-02-24 12:15:43.148722+00:00", "RecordID": "121", "Level": "4", "UserID": "S-1-5-21-963789628-1060504924-4285088085-1001", "EventData.itemName": "T~DynamicLayouts:1!2", "EventData.itemId": "{4f2aa402-c796-4f25-a6c1-a4d13bbe4981}", "EventData.containerId": "{8430e663-8243-485c-b880-f48c96e00e70}", "EventData.collectionName": "Start.TileGrid"}
{"EventID": "1102", "Channel": "Microsoft-Windows-ShellCommon-StartLayoutPopulation/Operational", "Provider_Name": "Microsoft-Windows-ShellCommon-StartLayoutPopulation", "Computer": "DESKTOP-OFJ6N53", "TimeCreated": "2022-02-24 12:15:43.154322+00:00", "RecordID": "122", "Level": "4", "UserID": "S-1-5-21-963789628-1060504924-4285088085-1001", "EventData.itemName": "P~Microsoft.BingWeather_8wekyb3d8bbwe!App", "EventData.itemId": "{a0293fdd-fecd-4407-9a47-dc840134834c}", "EventData.containerId": "{8430e663-8243-485c-b880-f48c96e00e70}", "EventData.collectionName": "Start.TileGrid"}
{"EventID": "1104", "Channel": "Microsoft-Windows-ShellCommon-StartLayoutPopulation/Operational", "Provider_Name": "Microsoft-Windows-ShellCommon-StartLayoutPopulation", "Computer": "DESKTOP-OFJ6N53", "TimeCreated": "2022-02-24 12:15:43.219400+00:00", "RecordID": "123", "Level": "4", "UserID": "S-1-5-21-963789628-1060504924-4285088085-1001", "EventData.itemName": "T~DynamicLayouts:1!5", "EventData.itemId": "{c144f62e-a044-4245-9ec5-95e75f130851}", "EventData.containerId": "{8430e663-8243-485c-b880-f48c96e00e70}", "EventData.collectionName": "Start.TileGrid"}
{"EventID": "1102", "Channel": "Microsoft-Windows-ShellCommon-StartLayoutPopulation/Operational", "Provider_Name": "Microsoft-Windows-ShellCommon-StartLayoutPopulation", "Computer": "DESKTOP-OFJ6N53", "TimeCreated": "2022-02-24 12:15:43.224899+00:00", "RecordID": "124", "Level": "4", "UserID": "S-1-5-21-963789628-1060504924-4285088085-1001", "EventData.itemName": "P~Microsoft.YourPhone_8wekyb3d8bbwe!App", "EventData.itemId": "{fe04860d-1860-47d4-afdf-cf2cd6caaeb4}", "EventData.containerId": "{8430e663-8243-485c-b880-f48c96e00e70}", "EventData.collectionName": "Start.TileGrid"}
{"EventID": "1104", "Channel": "Microsoft-Windows-ShellCommon-StartLayoutPopulation/Operational", "Provider_Name": "Microsoft-Windows-ShellCommon-StartLayoutPopulation", "Computer": "DESKTOP-OFJ6N53", "TimeCreated": "2022-02-24 12:15:43.278791+00:00", "RecordID": "125", "Level": "4", "UserID": "S-1-5-21-963789628-1060504924-4285088085-1001", "EventData.itemName": "T~DynamicLayouts:1!3", "EventData.itemId": "{e74d6e7f-7885-4fff-8520-c33f8fa5880d}", "EventData.containerId": "{8430e663-8243-485c-b880-f48c96e00e70}", "EventData.collectionName": "Start.TileGrid"}
{"EventID": "1102", "Channel": "Microsoft-Windows-ShellCommon-StartLayoutPopulation/Operational", "Provider_Name": "Microsoft-Windows-ShellCommon-StartLayoutPopulation", "Computer": "DESKTOP-OFJ6N53", "TimeCreated": "2022-02-24 12:15:43.284426+00:00", "RecordID": "126", "Level": "4", "UserID": "S-1-5-21-963789628-1060504924-4285088085-1001", "EventData.itemName": "P~Microsoft.BingNews_8wekyb3d8bbwe!AppexNews", "EventData.itemId": "{f549281c-213e-4355-bce2-964a33953d05}", "EventData.containerId": "{8430e663-8243-485c-b880-f48c96e00e70}", "EventData.collectionName": "Start.TileGrid"}
{"EventID": "34", "Channel": "Microsoft-Windows-ShellCommon-StartLayoutPopulation/Operational", "Provider_Name": "Microsoft-Windows-ShellCommon-StartLayoutPopulation", "Computer": "DESKTOP-OFJ6N53", "TimeCreated": "2022-02-24 12:15:43.410948+00:00", "RecordID": "127", "Level": "4", "UserID": "S-1-5-21-963789628-1060504924-4285088085-1001"}
{"EventID": "33", "Channel": "Microsoft-Windows-ShellCommon-StartLayoutPopulation/Operational", "Provider_Name": "Microsoft-Windows-ShellCommon-StartLayoutPopulation", "Computer": "DESKTOP-OFJ6N53", "TimeCreated": "2022-02-24 12:15:43.411749+00:00", "RecordID": "128", "Level": "4", "UserID": "S-1-5-21-963789628-1060504924-4285088085-1001", "EventData.value": "AdobeSystemsIncorporated.AdobePhotoshopExpress_ynb6jyjzte8ga"}
{"EventID": "1104", "Channel": "Microsoft-Windows-ShellCommon-StartLayoutPopulation/Operational", "Provider_Name": "Microsoft-Windows-ShellCommon-StartLayoutPopulation", "Computer": "DESKTOP-OFJ6N53", "TimeCreated": "2022-02-24 12:15:43.448328+00:00", "RecordID": "129", "Level": "4", "UserID": "S-1-5-21-963789628-1060504924-4285088085-1001", "EventData.itemName": "T~DynamicLayouts:2!6", "EventData.itemId": "{cfebfe2c-941b-4623-85ca-b2f4e1d3bcdd}", "EventData.containerId": "{b6edb1e3-d884-412f-a688-61a342b97ccc}", "EventData.collectionName": "Start.TileGrid"}
{"EventID": "1102", "Channel": "Microsoft-Windows-ShellCommon-StartLayoutPopulation/Operational", "Provider_Name": "Microsoft-Windows-ShellCommon-StartLayoutPopulation", "Computer": "DESKTOP-OFJ6N53", "TimeCreated": "2022-02-24 12:15:43.454260+00:00", "RecordID": "130", "Level": "4", "UserID": "S-1-5-21-963789628-1060504924-4285088085-1001", "EventData.itemName": "P~DolbyLaboratories.DolbyAccess_rz1tebttyb220!App", "EventData.itemId": "{d72622e9-084e-439c-9a2a-c78b0cb251cc}", "EventData.containerId": "{b6edb1e3-d884-412f-a688-61a342b97ccc}", "EventData.collectionName": "Start.TileGrid"}
{"EventID": "1104", "Channel": "Microsoft-Windows-ShellCommon-StartLayoutPopulation/Operational", "Provider_Name": "Microsoft-Windows-ShellCommon-StartLayoutPopulation", "Computer": "DESKTOP-OFJ6N53", "TimeCreated": "2022-02-24 12:15:43.511055+00:00", "RecordID": "131", "Level": "4", "UserID": "S-1-5-21-963789628-1060504924-4285088085-1001", "EventData.itemName": "T~DynamicLayouts:2!5", "EventData.itemId": "{7c4cacd9-b16b-47eb-9aa1-4133da233869}", "EventData.containerId": "{b6edb1e3-d884-412f-a688-61a342b97ccc}", "EventData.collectionName": "Start.TileGrid"}
{"EventID": "1102", "Channel": "Microsoft-Windows-ShellCommon-StartLayoutPopulation/Operational", "Provider_Name": "Microsoft-Windows-ShellCommon-StartLayoutPopulation", "Computer": "DESKTOP-OFJ6N53", "TimeCreated": "2022-02-24 12:15:43.517069+00:00", "RecordID": "132", "Level": "4", "UserID": "S-1-5-21-963789628-1060504924-4285088085-1001", "EventData.itemName": "P~AdobeSystemsIncorporated.AdobePhotoshopExpress_ynb6jyjzte8ga!App", "EventData.itemId": "{c57a395a-97ca-43df-82ce-a29f6602227f}", "EventData.containerId": "{b6edb1e3-d884-412f-a688-61a342b97ccc}", "EventData.collectionName": "Start.TileGrid"}
{"EventID": "1104", "Channel": "Microsoft-Windows-ShellCommon-StartLayoutPopulation/Operational", "Provider_Name": "Microsoft-Windows-ShellCommon-StartLayoutPopulation", "Computer": "DESKTOP-OFJ6N53", "TimeCreated": "2022-02-24 12:15:43.585220+00:00", "RecordID": "133", "Level": "4", "UserID": "S-1-5-21-963789628-1060504924-4285088085-1001", "EventData.itemName": "T~DynamicLayouts:2!4", "EventData.itemId": "{10975e62-3e0a-4c35-86af-d512f94470ca}", "EventData.containerId": "{b6edb1e3-d884-412f-a688-61a342b97ccc}", "EventData.collectionName": "Start.TileGrid"}
{"EventID": "1102", "Channel": "Microsoft-Windows-ShellCommon-StartLayoutPopulation/Operational", "Provider_Name": "Microsoft-Windows-ShellCommon-StartLayoutPopulation", "Computer": "DESKTOP-OFJ6N53", "TimeCreated": "2022-02-24 12:15:43.591698+00:00", "RecordID": "134", "Level": "4", "UserID": "S-1-5-21-963789628-1060504924-4285088085-1001", "EventData.itemName": "P~BytedancePte.Ltd.TikTok_6yccndn6064se!App", "EventData.itemId": "{8bf969b4-d2f6-41f5-83db-d65221821e08}", "EventData.containerId": "{b6edb1e3-d884-412f-a688-61a342b97ccc}", "EventData.collectionName": "Start.TileGrid"}
{"EventID": "1104", "Channel": "Microsoft-Windows-ShellCommon-StartLayoutPopulation/Operational", "Provider_Name": "Microsoft-Windows-ShellCommon-StartLayoutPopulation", "Computer": "DESKTOP-OFJ6N53", "TimeCreated": "2022-02-24 12:15:43.653316+00:00", "RecordID": "135", "Level": "4", "UserID": "S-1-5-21-963789628-1060504924-4285088085-1001", "EventData.itemName": "T~DynamicLayouts:2!3", "EventData.itemId": "{26dc4c35-7850-4ac0-897b-c16c12a869da}", "EventData.containerId": "{b6edb1e3-d884-412f-a688-61a342b97ccc}", "EventData.collectionName": "Start.TileGrid"}
{"EventID": "1102", "Channel": "Microsoft-Windows-ShellCommon-StartLayoutPopulation/Operational", "Provider_Name": "Microsoft-Windows-ShellCommon-StartLayoutPopulation", "Computer": "DESKTOP-OFJ6N53", "TimeCreated": "2022-02-24 12:15:43.658979+00:00", "RecordID": "136", "Level": "4", "UserID": "S-1-5-21-963789628-1060504924-4285088085-1001", "EventData.itemName": "P~AmazonVideo.PrimeVideo_pwbj9vvecjh7j!App", "EventData.itemId": "{2af2407f-4860-4e28-88c7-1a0d92f211e0}", "EventData.containerId": "{b6edb1e3-d884-412f-a688-61a342b97ccc}", "EventData.collectionName": "Start.TileGrid"}
{"EventID": "34", "Channel": "Microsoft-Windows-ShellCommon-StartLayoutPopulation/Operational", "Provider_Name": "Microsoft-Windows-ShellCommon-StartLayoutPopulation", "Computer": "DESKTOP-OFJ6N53", "TimeCreated": "2022-02-24 12:15:44.223110+00:00", "RecordID": "137", "Level": "4", "UserID": "S-1-5-21-963789628-1060504924-4285088085-1001"}
{"EventID": "33", "Channel": "Microsoft-Windows-ShellCommon-StartLayoutPopulation/Operational", "Provider_Name": "Microsoft-Windows-ShellCommon-StartLayoutPopulation", "Computer": "DESKTOP-OFJ6N53", "TimeCreated": "2022-02-24 12:15:44.225346+00:00", "RecordID": "138", "Level": "4", "UserID": "S-1-5-21-963789628-1060504924-4285088085-1001", "EventData.value": "AmazonVideo.PrimeVideo_pwbj9vvecjh7j"}
{"EventID": "34", "Channel": "Microsoft-Windows-ShellCommon-StartLayoutPopulation/Operational", "Provider_Name": "Microsoft-Windows-ShellCommon-StartLayoutPopulation", "Computer": "DESKTOP-OFJ6N53", "TimeCreated": "2022-02-24 12:15:45.625084+00:00", "RecordID": "139", "Level": "4", "UserID": "S-1-5-21-963789628-1060504924-4285088085-1001"}
{"EventID": "33", "Channel": "Microsoft-Windows-ShellCommon-StartLayoutPopulation/Operational", "Provider_Name": "Microsoft-Windows-ShellCommon-StartLayoutPopulation", "Computer": "DESKTOP-OFJ6N53", "TimeCreated": "2022-02-24 12:15:45.625332+00:00", "RecordID": "140", "Level": "4", "UserID": "S-1-5-21-963789628-1060504924-4285088085-1001", "EventData.value": "Microsoft.Todos_8wekyb3d8bbwe"}
{"EventID": "34", "Channel": "Microsoft-Windows-ShellCommon-StartLayoutPopulation/Operational", "Provider_Name": "Microsoft-Windows-ShellCommon-StartLayoutPopulation", "Computer": "DESKTOP-OFJ6N53", "TimeCreated": "2022-02-24 12:15:46.127735+00:00", "RecordID": "141", "Level": "4", "UserID": "S-1-5-21-963789628-1060504924-4285088085-1001"}
{"EventID": "33", "Channel": "Microsoft-Windows-ShellCommon-StartLayoutPopulation/Operational", "Provider_Name": "Microsoft-Windows-ShellCommon-StartLayoutPopulation", "Computer": "DESKTOP-OFJ6N53", "TimeCreated": "2022-02-24 12:15:46.127863+00:00", "RecordID": "142", "Level": "4", "UserID": "S-1-5-21-963789628-1060504924-4285088085-1001", "EventData.value": "DolbyLaboratories.DolbyAccess_rz1tebttyb220"}
{"EventID": "34", "Channel": "Microsoft-Windows-ShellCommon-StartLayoutPopulation/Operational", "Provider_Name": "Microsoft-Windows-ShellCommon-StartLayoutPopulation", "Computer": "DESKTOP-OFJ6N53", "TimeCreated": "2022-02-24 12:15:48.092167+00:00", "RecordID": "143", "Level": "4", "UserID": "S-1-5-21-963789628-1060504924-4285088085-1001"}
{"EventID": "33", "Channel": "Microsoft-Windows-ShellCommon-StartLayoutPopulation/Operational", "Provider_Name": "Microsoft-Windows-ShellCommon-StartLayoutPopulation", "Computer": "DESKTOP-OFJ6N53", "TimeCreated": "2022-02-24 12:15:48.092293+00:00", "RecordID": "144", "Level": "4", "UserID": "S-1-5-21-963789628-1060504924-4285088085-1001", "EventData.value": "Microsoft.BingNews_8wekyb3d8bbwe"}
{"EventID": "34", "Channel": "Microsoft-Windows-ShellCommon-StartLayoutPopulation/Operational", "Provider_Name": "Microsoft-Windows-ShellCommon-StartLayoutPopulation", "Computer": "DESKTOP-OFJ6N53", "TimeCreated": "2022-02-24 12:15:57.144514+00:00", "RecordID": "145", "Level": "4", "UserID": "S-1-5-21-963789628-1060504924-4285088085-1001"}
{"EventID": "39", "Channel": "Microsoft-Windows-ShellCommon-StartLayoutPopulation/Operational", "Provider_Name": "Microsoft-Windows-ShellCommon-StartLayoutPopulation", "Computer": "DESKTOP-OFJ6N53", "TimeCreated": "2022-02-24 12:15:57.147070+00:00", "RecordID": "146", "Level": "4", "UserID": "S-1-5-21-963789628-1060504924-4285088085-1001", "EventData.value": "A025C540.Yandex.Music_vfvw9svesycw6"}
{"EventID": "40", "Channel": "Microsoft-Windows-ShellCommon-StartLayoutPopulation/Operational", "Provider_Name": "Microsoft-Windows-ShellCommon-StartLayoutPopulation", "Computer": "DESKTOP-OFJ6N53", "TimeCreated": "2022-02-24 12:15:57.148970+00:00", "RecordID": "147", "Level": "4", "UserID": "S-1-5-21-963789628-1060504924-4285088085-1001"}
{"EventID": "48", "Channel": "Microsoft-Windows-ShellCommon-StartLayoutPopulation/Operational", "Provider_Name": "Microsoft-Windows-ShellCommon-StartLayoutPopulation", "Computer": "DESKTOP-OFJ6N53", "TimeCreated": "2022-02-24 12:15:57.164103+00:00", "RecordID": "148", "Level": "4", "UserID": "S-1-5-21-963789628-1060504924-4285088085-1001"}
{"EventID": "2153", "Channel": "Microsoft-Windows-ShellCommon-StartLayoutPopulation/Operational", "Provider_Name": "Microsoft-Windows-ShellCommon-StartLayoutPopulation", "Computer": "DESKTOP-OFJ6N53", "TimeCreated": "2022-02-24 12:18:50.202322+00:00", "RecordID": "149", "Level": "4", "UserID": "S-1-5-21-963789628-1060504924-4285088085-1001", "EventData.packageFamilyName": "A025C540.Yandex.Music_vfvw9svesycw6", "EventData.InstallState": "4"}
{"EventID": "1100", "Channel": "Microsoft-Windows-ShellCommon-StartLayoutPopulation/Operational", "Provider_Name": "Microsoft-Windows-ShellCommon-StartLayoutPopulation", "Computer": "DESKTOP-OFJ6N53", "TimeCreated": "2022-02-24 12:18:54.324350+00:00", "RecordID": "150", "Level": "4", "UserID": "S-1-5-21-963789628-1060504924-4285088085-1001", "EventData.itemId": "{e21bc724-1c1f-4ada-910a-4aa708cf730b}", "EventData.containerId": "{00000000-0000-0000-0000-000000000000}", "EventData.collectionName": "Start.TileGrid"}
{"EventID": "1102", "Channel": "Microsoft-Windows-ShellCommon-StartLayoutPopulation/Operational", "Provider_Name": "Microsoft-Windows-ShellCommon-StartLayoutPopulation", "Computer": "DESKTOP-OFJ6N53", "TimeCreated": "2022-02-24 12:18:54.326057+00:00", "RecordID": "151", "Level": "4", "UserID": "S-1-5-21-963789628-1060504924-4285088085-1001", "EventData.itemName": "P~A025C540.Yandex.Music_vfvw9svesycw6!App", "EventData.itemId": "{c0dbcf49-a414-4718-878c-54113d0ba950}", "EventData.containerId": "{e21bc724-1c1f-4ada-910a-4aa708cf730b}", "EventData.collectionName": "Start.TileGrid"}
{"EventID": "1402", "Channel": "Microsoft-Windows-ShellCommon-StartLayoutPopulation/Operational", "Provider_Name": "Microsoft-Windows-ShellCommon-StartLayoutPopulation", "Computer": "DESKTOP-OFJ6N53", "TimeCreated": "2022-02-24 12:38:28.110199+00:00", "RecordID": "152", "Level": "4", "UserID": "S-1-5-21-963789628-1060504924-4285088085-1001"}
{"EventID": "1403", "Channel": "Microsoft-Windows-ShellCommon-StartLayoutPopulation/Operational", "Provider_Name": "Microsoft-Windows-ShellCommon-StartLayoutPopulation", "Computer": "DESKTOP-OFJ6N53", "TimeCreated": "2022-02-24 12:38:28.157072+00:00", "RecordID": "153", "Level": "4", "UserID": "S-1-5-21-963789628-1060504924-4285088085-1001"}
{"EventID": "1402", "Channel": "Microsoft-Windows-ShellCommon-StartLayoutPopulation/Operational", "Provider_Name": "Microsoft-Windows-ShellCommon-StartLayoutPopulation", "Computer": "DESKTOP-OFJ6N53", "TimeCreated": "2022-02-24 12:38:42.214607+00:00", "RecordID": "154", "Level": "4", "UserID": "S-1-5-21-963789628-1060504924-4285088085-1001"}
{"EventID": "1403", "Channel": "Microsoft-Windows-ShellCommon-StartLayoutPopulation/Operational", "Provider_Name": "Microsoft-Windows-ShellCommon-StartLayoutPopulation", "Computer": "DESKTOP-OFJ6N53", "TimeCreated": "2022-02-24 12:38:42.229410+00:00", "RecordID": "155", "Level": "4", "UserID": "S-1-5-21-963789628-1060504924-4285088085-1001"}
{"EventID": "1402", "Channel": "Microsoft-Windows-ShellCommon-StartLayoutPopulation/Operational", "Provider_Name": "Microsoft-Windows-ShellCommon-StartLayoutPopulation", "Computer": "DESKTOP-OFJ6N53", "TimeCreated": "2022-02-24 12:52:19.340286+00:00", "RecordID": "156", "Level": "4", "UserID": "S-1-5-21-963789628-1060504924-4285088085-1001"}
{"EventID": "1403", "Channel": "Microsoft-Windows-ShellCommon-StartLayoutPopulation/Operational", "Provider_Name": "Microsoft-Windows-ShellCommon-StartLayoutPopulation", "Computer": "DESKTOP-OFJ6N53", "TimeCreated": "2022-02-24 12:52:19.358118+00:00", "RecordID": "157", "Level": "4", "UserID": "S-1-5-21-963789628-1060504924-4285088085-1001"}
{"EventID": "63", "Channel": "Microsoft-Windows-ShellCommon-StartLayoutPopulation/Operational", "Provider_Name": "Microsoft-Windows-ShellCommon-StartLayoutPopulation", "Computer": "DESKTOP-OFJ6N53", "TimeCreated": "2022-02-24 12:52:21.891056+00:00", "RecordID": "158", "Level": "4", "UserID": "S-1-5-21-963789628-1060504924-4285088085-1001", "EventData.value": "LockScreenPinnedTiles"}
{"EventID": "1", "Channel": "Microsoft-Windows-ShellCommon-StartLayoutPopulation/Operational", "Provider_Name": "Microsoft-Windows-ShellCommon-StartLayoutPopulation", "Computer": "DESKTOP-OFJ6N53", "TimeCreated": "2022-02-24 12:52:21.909475+00:00", "RecordID": "159", "Level": "4", "UserID": "S-1-5-21-963789628-1060504924-4285088085-1001", "EventData.collectionName": "LockScreenPinnedTiles", "EventData.initializationReason": "0"}
{"EventID": "3", "Channel": "Microsoft-Windows-ShellCommon-StartLayoutPopulation/Operational", "Provider_Name": "Microsoft-Windows-ShellCommon-StartLayoutPopulation", "Computer": "DESKTOP-OFJ6N53", "TimeCreated": "2022-02-24 12:52:21.927158+00:00", "RecordID": "160", "Level": "4", "UserID": "S-1-5-21-963789628-1060504924-4285088085-1001", "EventData.layoutSelectionSerializedString": "Region Codes:RU \nSKUs:2 \nOffice SKUs: <not set>\nGroup Cell Width: <not set>\nPreInstalledAppsEnabled: 0\nTargetedContentTilesEnabled: 1\nEducationModeEnabled: 0\nCommercialDevice: 0"}
{"EventID": "6", "Channel": "Microsoft-Windows-ShellCommon-StartLayoutPopulation/Operational", "Provider_Name": "Microsoft-Windows-ShellCommon-StartLayoutPopulation", "Computer": "DESKTOP-OFJ6N53", "TimeCreated": "2022-02-24 12:52:21.927160+00:00", "RecordID": "161", "Level": "4", "UserID": "S-1-5-21-963789628-1060504924-4285088085-1001"}
{"EventID": "10", "Channel": "Microsoft-Windows-ShellCommon-StartLayoutPopulation/Operational", "Provider_Name": "Microsoft-Windows-ShellCommon-StartLayoutPopulation", "Computer": "DESKTOP-OFJ6N53", "TimeCreated": "2022-02-24 12:52:21.927168+00:00", "RecordID": "162", "Level": "4", "UserID": "S-1-5-21-963789628-1060504924-4285088085-1001"}
{"EventID": "13", "Channel": "Microsoft-Windows-ShellCommon-StartLayoutPopulation/Operational", "Provider_Name": "Microsoft-Windows-ShellCommon-StartLayoutPopulation", "Computer": "DESKTOP-OFJ6N53", "TimeCreated": "2022-02-24 12:52:21.927168+00:00", "RecordID": "163", "Level": "4", "UserID": "S-1-5-21-963789628-1060504924-4285088085-1001"}
{"EventID": "14", "Channel": "Microsoft-Windows-ShellCommon-StartLayoutPopulation/Operational", "Provider_Name": "Microsoft-Windows-ShellCommon-StartLayoutPopulation", "Computer": "DESKTOP-OFJ6N53", "TimeCreated": "2022-02-24 12:52:21.927170+00:00", "RecordID": "164", "Level": "4", "UserID": "S-1-5-21-963789628-1060504924-4285088085-1001"}
{"EventID": "1106", "Channel": "Microsoft-Windows-ShellCommon-StartLayoutPopulation/Operational", "Provider_Name": "Microsoft-Windows-ShellCommon-StartLayoutPopulation", "Computer": "DESKTOP-OFJ6N53", "TimeCreated": "2022-02-24 12:52:21.964006+00:00", "RecordID": "165", "Level": "4", "UserID": "S-1-5-21-963789628-1060504924-4285088085-1001", "EventData.value": "LockScreenPinnedTiles"}
{"EventID": "18", "Channel": "Microsoft-Windows-ShellCommon-StartLayoutPopulation/Operational", "Provider_Name": "Microsoft-Windows-ShellCommon-StartLayoutPopulation", "Computer": "DESKTOP-OFJ6N53", "TimeCreated": "2022-02-24 12:52:21.964073+00:00", "RecordID": "166", "Level": "4", "UserID": "S-1-5-21-963789628-1060504924-4285088085-1001", "EventData.TaskHResultValue": "0"}
{"EventID": "1102", "Channel": "Microsoft-Windows-ShellCommon-StartLayoutPopulation/Operational", "Provider_Name": "Microsoft-Windows-ShellCommon-StartLayoutPopulation", "Computer": "DESKTOP-OFJ6N53", "TimeCreated": "2022-02-24 12:52:21.964420+00:00", "RecordID": "167", "Level": "4", "UserID": "S-1-5-21-963789628-1060504924-4285088085-1001", "EventData.itemName": "P~microsoft.windowscommunicationsapps_8wekyb3d8bbwe!microsoft.windowslive.mail", "EventData.itemId": "{67b8c9fa-d48b-4277-9f37-65f10f0c612f}", "EventData.containerId": "{00000000-0000-0000-0000-000000000000}", "EventData.collectionName": "LockScreenPinnedTiles"}
{"EventID": "1102", "Channel": "Microsoft-Windows-ShellCommon-StartLayoutPopulation/Operational", "Provider_Name": "Microsoft-Windows-ShellCommon-StartLayoutPopulation", "Computer": "DESKTOP-OFJ6N53", "TimeCreated": "2022-02-24 12:52:21.964624+00:00", "RecordID": "168", "Level": "4", "UserID": "S-1-5-21-963789628-1060504924-4285088085-1001", "EventData.itemName": "P~Microsoft.SkypeApp_kzf8qxf38zg5c!App", "EventData.itemId": "{ff45bb4a-c76e-4309-96c8-f2de3190c51f}", "EventData.containerId": "{00000000-0000-0000-0000-000000000000}", "EventData.collectionName": "LockScreenPinnedTiles"}
{"EventID": "1102", "Channel": "Microsoft-Windows-ShellCommon-StartLayoutPopulation/Operational", "Provider_Name": "Microsoft-Windows-ShellCommon-StartLayoutPopulation", "Computer": "DESKTOP-OFJ6N53", "TimeCreated": "2022-02-24 12:52:21.964737+00:00", "RecordID": "169", "Level": "4", "UserID": "S-1-5-21-963789628-1060504924-4285088085-1001", "EventData.itemName": "P~microsoft.windowscommunicationsapps_8wekyb3d8bbwe!microsoft.windowslive.calendar", "EventData.itemId": "{3f2f6e6e-6abf-464f-9f72-b70d6f9ab50d}", "EventData.containerId": "{00000000-0000-0000-0000-000000000000}", "EventData.collectionName": "LockScreenPinnedTiles"}
{"EventID": "1254", "Channel": "Microsoft-Windows-ShellCommon-StartLayoutPopulation/Operational", "Provider_Name": "Microsoft-Windows-ShellCommon-StartLayoutPopulation", "Computer": "DESKTOP-OFJ6N53", "TimeCreated": "2022-02-24 12:52:21.969934+00:00", "RecordID": "170", "Level": "4", "UserID": "S-1-5-21-963789628-1060504924-4285088085-1001"}
{"EventID": "1402", "Channel": "Microsoft-Windows-ShellCommon-StartLayoutPopulation/Operational", "Provider_Name": "Microsoft-Windows-ShellCommon-StartLayoutPopulation", "Computer": "DESKTOP-OFJ6N53", "TimeCreated": "2022-02-24 12:52:22.772051+00:00", "RecordID": "171", "Level": "4", "UserID": "S-1-5-21-963789628-1060504924-4285088085-1001"}
{"EventID": "1403", "Channel": "Microsoft-Windows-ShellCommon-StartLayoutPopulation/Operational", "Provider_Name": "Microsoft-Windows-ShellCommon-StartLayoutPopulation", "Computer": "DESKTOP-OFJ6N53", "TimeCreated": "2022-02-24 12:52:22.787529+00:00", "RecordID": "172", "Level": "4", "UserID": "S-1-5-21-963789628-1060504924-4285088085-1001"}
{"EventID": "1402", "Channel": "Microsoft-Windows-ShellCommon-StartLayoutPopulation/Operational", "Provider_Name": "Microsoft-Windows-ShellCommon-StartLayoutPopulation", "Computer": "DESKTOP-OFJ6N53", "TimeCreated": "2022-02-24 12:52:28.721153+00:00", "RecordID": "173", "Level": "4", "UserID": "S-1-5-21-963789628-1060504924-4285088085-1001"}
{"EventID": "1403", "Channel": "Microsoft-Windows-ShellCommon-StartLayoutPopulation/Operational", "Provider_Name": "Microsoft-Windows-ShellCommon-StartLayoutPopulation", "Computer": "DESKTOP-OFJ6N53", "TimeCreated": "2022-02-24 12:52:28.731674+00:00", "RecordID": "174", "Level": "4", "UserID": "S-1-5-21-963789628-1060504924-4285088085-1001"}
{"EventID": "1402", "Channel": "Microsoft-Windows-ShellCommon-StartLayoutPopulation/Operational", "Provider_Name": "Microsoft-Windows-ShellCommon-StartLayoutPopulation", "Computer": "DESKTOP-OFJ6N53", "TimeCreated": "2022-02-24 21:44:35.248995+00:00", "RecordID": "175", "Level": "4", "UserID": "S-1-5-21-963789628-1060504924-4285088085-1001"}
{"EventID": "1403", "Channel": "Microsoft-Windows-ShellCommon-StartLayoutPopulation/Operational", "Provider_Name": "Microsoft-Windows-ShellCommon-StartLayoutPopulation", "Computer": "DESKTOP-OFJ6N53", "TimeCreated": "2022-02-24 21:44:35.286594+00:00", "RecordID": "176", "Level": "4", "UserID": "S-1-5-21-963789628-1060504924-4285088085-1001"}
{"EventID": "1402", "Channel": "Microsoft-Windows-ShellCommon-StartLayoutPopulation/Operational", "Provider_Name": "Microsoft-Windows-ShellCommon-StartLayoutPopulation", "Computer": "DESKTOP-OFJ6N53", "TimeCreated": "2022-02-24 21:44:39.598518+00:00", "RecordID": "177", "Level": "4", "UserID": "S-1-5-21-963789628-1060504924-4285088085-1001"}
{"EventID": "1403", "Channel": "Microsoft-Windows-ShellCommon-StartLayoutPopulation/Operational", "Provider_Name": "Microsoft-Windows-ShellCommon-StartLayoutPopulation", "Computer": "DESKTOP-OFJ6N53", "TimeCreated": "2022-02-24 21:44:39.700014+00:00", "RecordID": "178", "Level": "4", "UserID": "S-1-5-21-963789628-1060504924-4285088085-1001"}
{"EventID": "1402", "Channel": "Microsoft-Windows-ShellCommon-StartLayoutPopulation/Operational", "Provider_Name": "Microsoft-Windows-ShellCommon-StartLayoutPopulation", "Computer": "DESKTOP-OFJ6N53", "TimeCreated": "2022-02-24 21:44:42.443401+00:00", "RecordID": "179", "Level": "4", "UserID": "S-1-5-21-963789628-1060504924-4285088085-1001"}
{"EventID": "1403", "Channel": "Microsoft-Windows-ShellCommon-StartLayoutPopulation/Operational", "Provider_Name": "Microsoft-Windows-ShellCommon-StartLayoutPopulation", "Computer": "DESKTOP-OFJ6N53", "TimeCreated": "2022-02-24 21:44:42.463303+00:00", "RecordID": "180", "Level": "4", "UserID": "S-1-5-21-963789628-1060504924-4285088085-1001"}
{"EventID": "1106", "Channel": "Microsoft-Windows-ShellCommon-StartLayoutPopulation/Operational", "Provider_Name": "Microsoft-Windows-ShellCommon-StartLayoutPopulation", "Computer": "DESKTOP-OFJ6N53", "TimeCreated": "2022-03-02 13:02:48.551430+00:00", "RecordID": "181", "Level": "4", "UserID": "S-1-5-21-963789628-1060504924-4285088085-1001", "EventData.value": "Graveyard"}
{"EventID": "1254", "Channel": "Microsoft-Windows-ShellCommon-StartLayoutPopulation/Operational", "Provider_Name": "Microsoft-Windows-ShellCommon-StartLayoutPopulation", "Computer": "DESKTOP-OFJ6N53", "TimeCreated": "2022-03-02 13:02:48.560858+00:00", "RecordID": "182", "Level": "4", "UserID": "S-1-5-21-963789628-1060504924-4285088085-1001"}
{"EventID": "1402", "Channel": "Microsoft-Windows-ShellCommon-StartLayoutPopulation/Operational", "Provider_Name": "Microsoft-Windows-ShellCommon-StartLayoutPopulation", "Computer": "DESKTOP-OFJ6N53", "TimeCreated": "2022-03-03 17:18:39.946924+00:00", "RecordID": "183", "Level": "4", "UserID": "S-1-5-21-963789628-1060504924-4285088085-1001"}
{"EventID": "1403", "Channel": "Microsoft-Windows-ShellCommon-StartLayoutPopulation/Operational", "Provider_Name": "Microsoft-Windows-ShellCommon-StartLayoutPopulation", "Computer": "DESKTOP-OFJ6N53", "TimeCreated": "2022-03-03 17:18:40.024473+00:00", "RecordID": "184", "Level": "4", "UserID": "S-1-5-21-963789628-1060504924-4285088085-1001"}
{"EventID": "1402", "Channel": "Microsoft-Windows-ShellCommon-StartLayoutPopulation/Operational", "Provider_Name": "Microsoft-Windows-ShellCommon-StartLayoutPopulation", "Computer": "DESKTOP-OFJ6N53", "TimeCreated": "2022-03-03 17:18:43.420248+00:00", "RecordID": "185", "Level": "4", "UserID": "S-1-5-21-963789628-1060504924-4285088085-1001"}
{"EventID": "1403", "Channel": "Microsoft-Windows-ShellCommon-StartLayoutPopulation/Operational", "Provider_Name": "Microsoft-Windows-ShellCommon-StartLayoutPopulation", "Computer": "DESKTOP-OFJ6N53", "TimeCreated": "2022-03-03 17:18:43.455956+00:00", "RecordID": "186", "Level": "4", "UserID": "S-1-5-21-963789628-1060504924-4285088085-1001"}
{"EventID": "1402", "Channel": "Microsoft-Windows-ShellCommon-StartLayoutPopulation/Operational", "Provider_Name": "Microsoft-Windows-ShellCommon-StartLayoutPopulation", "Computer": "DESKTOP-OFJ6N53", "TimeCreated": "2022-03-09 07:31:56.648445+00:00", "RecordID": "187", "Level": "4", "UserID": "S-1-5-21-963789628-1060504924-4285088085-1001"}
{"EventID": "1403", "Channel": "Microsoft-Windows-ShellCommon-StartLayoutPopulation/Operational", "Provider_Name": "Microsoft-Windows-ShellCommon-StartLayoutPopulation", "Computer": "DESKTOP-OFJ6N53", "TimeCreated": "2022-03-09 07:31:56.694435+00:00", "RecordID": "188", "Level": "4", "UserID": "S-1-5-21-963789628-1060504924-4285088085-1001"}
{"EventID": "1402", "Channel": "Microsoft-Windows-ShellCommon-StartLayoutPopulation/Operational", "Provider_Name": "Microsoft-Windows-ShellCommon-StartLayoutPopulation", "Computer": "DESKTOP-OFJ6N53", "TimeCreated": "2022-03-09 07:31:59.358866+00:00", "RecordID": "189", "Level": "4", "UserID": "S-1-5-21-963789628-1060504924-4285088085-1001"}
{"EventID": "1403", "Channel": "Microsoft-Windows-ShellCommon-StartLayoutPopulation/Operational", "Provider_Name": "Microsoft-Windows-ShellCommon-StartLayoutPopulation", "Computer": "DESKTOP-OFJ6N53", "TimeCreated": "2022-03-09 07:31:59.421026+00:00", "RecordID": "190", "Level": "4", "UserID": "S-1-5-21-963789628-1060504924-4285088085-1001"}
{"EventID": "1402", "Channel": "Microsoft-Windows-ShellCommon-StartLayoutPopulation/Operational", "Provider_Name": "Microsoft-Windows-ShellCommon-StartLayoutPopulation", "Computer": "DESKTOP-OFJ6N53", "TimeCreated": "2022-03-09 07:32:00.841370+00:00", "RecordID": "191", "Level": "4", "UserID": "S-1-5-21-963789628-1060504924-4285088085-1001"}
{"EventID": "1403", "Channel": "Microsoft-Windows-ShellCommon-StartLayoutPopulation/Operational", "Provider_Name": "Microsoft-Windows-ShellCommon-StartLayoutPopulation", "Computer": "DESKTOP-OFJ6N53", "TimeCreated": "2022-03-09 07:32:00.858727+00:00", "RecordID": "192", "Level": "4", "UserID": "S-1-5-21-963789628-1060504924-4285088085-1001"}
{"EventID": "1402", "Channel": "Microsoft-Windows-ShellCommon-StartLayoutPopulation/Operational", "Provider_Name": "Microsoft-Windows-ShellCommon-StartLayoutPopulation", "Computer": "DESKTOP-OFJ6N53", "TimeCreated": "2022-03-09 10:17:01.693583+00:00", "RecordID": "193", "Level": "4", "UserID": "S-1-5-21-963789628-1060504924-4285088085-1001"}
{"EventID": "1403", "Channel": "Microsoft-Windows-ShellCommon-StartLayoutPopulation/Operational", "Provider_Name": "Microsoft-Windows-ShellCommon-StartLayoutPopulation", "Computer": "DESKTOP-OFJ6N53", "TimeCreated": "2022-03-09 10:17:01.793909+00:00", "RecordID": "194", "Level": "4", "UserID": "S-1-5-21-963789628-1060504924-4285088085-1001"}
{"EventID": "1402", "Channel": "Microsoft-Windows-ShellCommon-StartLayoutPopulation/Operational", "Provider_Name": "Microsoft-Windows-ShellCommon-StartLayoutPopulation", "Computer": "DESKTOP-OFJ6N53", "TimeCreated": "2022-03-09 10:17:11.336491+00:00", "RecordID": "195", "Level": "4", "UserID": "S-1-5-21-963789628-1060504924-4285088085-1001"}
{"EventID": "1403", "Channel": "Microsoft-Windows-ShellCommon-StartLayoutPopulation/Operational", "Provider_Name": "Microsoft-Windows-ShellCommon-StartLayoutPopulation", "Computer": "DESKTOP-OFJ6N53", "TimeCreated": "2022-03-09 10:17:11.356478+00:00", "RecordID": "196", "Level": "4", "UserID": "S-1-5-21-963789628-1060504924-4285088085-1001"}
{"EventID": "1402", "Channel": "Microsoft-Windows-ShellCommon-StartLayoutPopulation/Operational", "Provider_Name": "Microsoft-Windows-ShellCommon-StartLayoutPopulation", "Computer": "DESKTOP-OFJ6N53", "TimeCreated": "2022-03-09 10:28:42.848188+00:00", "RecordID": "197", "Level": "4", "UserID": "S-1-5-21-963789628-1060504924-4285088085-1001"}
{"EventID": "1403", "Channel": "Microsoft-Windows-ShellCommon-StartLayoutPopulation/Operational", "Provider_Name": "Microsoft-Windows-ShellCommon-StartLayoutPopulation", "Computer": "DESKTOP-OFJ6N53", "TimeCreated": "2022-03-09 10:28:42.866034+00:00", "RecordID": "198", "Level": "4", "UserID": "S-1-5-21-963789628-1060504924-4285088085-1001"}
{"EventID": "1402", "Channel": "Microsoft-Windows-ShellCommon-StartLayoutPopulation/Operational", "Provider_Name": "Microsoft-Windows-ShellCommon-StartLayoutPopulation", "Computer": "DESKTOP-OFJ6N53", "TimeCreated": "2022-03-09 11:08:01.677876+00:00", "RecordID": "199", "Level": "4", "UserID": "S-1-5-21-963789628-1060504924-4285088085-1001"}
{"EventID": "1403", "Channel": "Microsoft-Windows-ShellCommon-StartLayoutPopulation/Operational", "Provider_Name": "Microsoft-Windows-ShellCommon-StartLayoutPopulation", "Computer": "DESKTOP-OFJ6N53", "TimeCreated": "2022-03-09 11:08:01.735495+00:00", "RecordID": "200", "Level": "4", "UserID": "S-1-5-21-963789628-1060504924-4285088085-1001"}
{"EventID": "1402", "Channel": "Microsoft-Windows-ShellCommon-StartLayoutPopulation/Operational", "Provider_Name": "Microsoft-Windows-ShellCommon-StartLayoutPopulation", "Computer": "DESKTOP-OFJ6N53", "TimeCreated": "2022-03-09 11:08:07.144176+00:00", "RecordID": "201", "Level": "4", "UserID": "S-1-5-21-963789628-1060504924-4285088085-1001"}
{"EventID": "1403", "Channel": "Microsoft-Windows-ShellCommon-StartLayoutPopulation/Operational", "Provider_Name": "Microsoft-Windows-ShellCommon-StartLayoutPopulation", "Computer": "DESKTOP-OFJ6N53", "TimeCreated": "2022-03-09 11:08:07.300625+00:00", "RecordID": "202", "Level": "4", "UserID": "S-1-5-21-963789628-1060504924-4285088085-1001"}
{"EventID": "1402", "Channel": "Microsoft-Windows-ShellCommon-StartLayoutPopulation/Operational", "Provider_Name": "Microsoft-Windows-ShellCommon-StartLayoutPopulation", "Computer": "DESKTOP-OFJ6N53", "TimeCreated": "2022-03-09 11:09:46.467789+00:00", "RecordID": "203", "Level": "4", "UserID": "S-1-5-21-963789628-1060504924-4285088085-1001"}
{"EventID": "1403", "Channel": "Microsoft-Windows-ShellCommon-StartLayoutPopulation/Operational", "Provider_Name": "Microsoft-Windows-ShellCommon-StartLayoutPopulation", "Computer": "DESKTOP-OFJ6N53", "TimeCreated": "2022-03-09 11:09:46.487720+00:00", "RecordID": "204", "Level": "4", "UserID": "S-1-5-21-963789628-1060504924-4285088085-1001"}
{"EventID": "2152", "Channel": "Microsoft-Windows-ShellCommon-StartLayoutPopulation/Operational", "Provider_Name": "Microsoft-Windows-ShellCommon-StartLayoutPopulation", "Computer": "DESKTOP-OFJ6N53", "TimeCreated": "2022-03-09 12:27:11.238493+00:00", "RecordID": "205", "Level": "4", "UserID": "S-1-5-21-963789628-1060504924-4285088085-1001", "EventData.packageFamilyName": "Microsoft.Photos.MediaEngineDLC_8wekyb3d8bbwe", "EventData.InstallState": "0"}
{"EventID": "2151", "Channel": "Microsoft-Windows-ShellCommon-StartLayoutPopulation/Operational", "Provider_Name": "Microsoft-Windows-ShellCommon-StartLayoutPopulation", "Computer": "DESKTOP-OFJ6N53", "TimeCreated": "2022-03-09 12:27:11.446432+00:00", "RecordID": "206", "Level": "4", "UserID": "S-1-5-21-963789628-1060504924-4285088085-1001", "EventData.value": "C:\\Users\\sk.batsiev\\AppData\\Local\\PlaceholderTileLogoFolder\\9PLK42WD0RC0\\300X300.png"}
{"EventID": "2152", "Channel": "Microsoft-Windows-ShellCommon-StartLayoutPopulation/Operational", "Provider_Name": "Microsoft-Windows-ShellCommon-StartLayoutPopulation", "Computer": "DESKTOP-OFJ6N53", "TimeCreated": "2022-03-09 12:27:11.484739+00:00", "RecordID": "207", "Level": "4", "UserID": "S-1-5-21-963789628-1060504924-4285088085-1001", "EventData.packageFamilyName": "Microsoft.Photos.MediaEngineDLC_8wekyb3d8bbwe", "EventData.InstallState": "0"}
{"EventID": "2152", "Channel": "Microsoft-Windows-ShellCommon-StartLayoutPopulation/Operational", "Provider_Name": "Microsoft-Windows-ShellCommon-StartLayoutPopulation", "Computer": "DESKTOP-OFJ6N53", "TimeCreated": "2022-03-09 12:28:58.791187+00:00", "RecordID": "208", "Level": "4", "UserID": "S-1-5-21-963789628-1060504924-4285088085-1001", "EventData.packageFamilyName": "Microsoft.Photos.MediaEngineDLC_8wekyb3d8bbwe", "EventData.InstallState": "12"}
{"EventID": "2152", "Channel": "Microsoft-Windows-ShellCommon-StartLayoutPopulation/Operational", "Provider_Name": "Microsoft-Windows-ShellCommon-StartLayoutPopulation", "Computer": "DESKTOP-OFJ6N53", "TimeCreated": "2022-03-09 12:29:02.407681+00:00", "RecordID": "209", "Level": "4", "UserID": "S-1-5-21-963789628-1060504924-4285088085-1001", "EventData.packageFamilyName": "Microsoft.Photos.MediaEngineDLC_8wekyb3d8bbwe", "EventData.InstallState": "0"}
{"EventID": "2152", "Channel": "Microsoft-Windows-ShellCommon-StartLayoutPopulation/Operational", "Provider_Name": "Microsoft-Windows-ShellCommon-StartLayoutPopulation", "Computer": "DESKTOP-OFJ6N53", "TimeCreated": "2022-03-09 12:29:02.447733+00:00", "RecordID": "210", "Level": "4", "UserID": "S-1-5-21-963789628-1060504924-4285088085-1001", "EventData.packageFamilyName": "Microsoft.Photos.MediaEngineDLC_8wekyb3d8bbwe", "EventData.InstallState": "0"}
{"EventID": "2153", "Channel": "Microsoft-Windows-ShellCommon-StartLayoutPopulation/Operational", "Provider_Name": "Microsoft-Windows-ShellCommon-StartLayoutPopulation", "Computer": "DESKTOP-OFJ6N53", "TimeCreated": "2022-03-09 12:29:06.260445+00:00", "RecordID": "211", "Level": "4", "UserID": "S-1-5-21-963789628-1060504924-4285088085-1001", "EventData.packageFamilyName": "Microsoft.Photos.MediaEngineDLC_8wekyb3d8bbwe", "EventData.InstallState": "4"}
{"EventID": "1402", "Channel": "Microsoft-Windows-ShellCommon-StartLayoutPopulation/Operational", "Provider_Name": "Microsoft-Windows-ShellCommon-StartLayoutPopulation", "Computer": "DESKTOP-OFJ6N53", "TimeCreated": "2022-03-10 14:20:27.203461+00:00", "RecordID": "212", "Level": "4", "UserID": "S-1-5-21-963789628-1060504924-4285088085-1001"}
{"EventID": "1403", "Channel": "Microsoft-Windows-ShellCommon-StartLayoutPopulation/Operational", "Provider_Name": "Microsoft-Windows-ShellCommon-StartLayoutPopulation", "Computer": "DESKTOP-OFJ6N53", "TimeCreated": "2022-03-10 14:20:27.409462+00:00", "RecordID": "213", "Level": "4", "UserID": "S-1-5-21-963789628-1060504924-4285088085-1001"}
{"EventID": "1402", "Channel": "Microsoft-Windows-ShellCommon-StartLayoutPopulation/Operational", "Provider_Name": "Microsoft-Windows-ShellCommon-StartLayoutPopulation", "Computer": "DESKTOP-OFJ6N53", "TimeCreated": "2022-03-10 14:20:35.456738+00:00", "RecordID": "214", "Level": "4", "UserID": "S-1-5-21-963789628-1060504924-4285088085-1001"}
{"EventID": "1403", "Channel": "Microsoft-Windows-ShellCommon-StartLayoutPopulation/Operational", "Provider_Name": "Microsoft-Windows-ShellCommon-StartLayoutPopulation", "Computer": "DESKTOP-OFJ6N53", "TimeCreated": "2022-03-10 14:20:35.553886+00:00", "RecordID": "215", "Level": "4", "UserID": "S-1-5-21-963789628-1060504924-4285088085-1001"}
{"EventID": "1402", "Channel": "Microsoft-Windows-ShellCommon-StartLayoutPopulation/Operational", "Provider_Name": "Microsoft-Windows-ShellCommon-StartLayoutPopulation", "Computer": "DESKTOP-OFJ6N53", "TimeCreated": "2022-03-10 16:25:46.301504+00:00", "RecordID": "216", "Level": "4", "UserID": "S-1-5-21-963789628-1060504924-4285088085-1001"}
{"EventID": "1403", "Channel": "Microsoft-Windows-ShellCommon-StartLayoutPopulation/Operational", "Provider_Name": "Microsoft-Windows-ShellCommon-StartLayoutPopulation", "Computer": "DESKTOP-OFJ6N53", "TimeCreated": "2022-03-10 16:25:46.474182+00:00", "RecordID": "217", "Level": "4", "UserID": "S-1-5-21-963789628-1060504924-4285088085-1001"}
{"EventID": "1402", "Channel": "Microsoft-Windows-ShellCommon-StartLayoutPopulation/Operational", "Provider_Name": "Microsoft-Windows-ShellCommon-StartLayoutPopulation", "Computer": "DESKTOP-OFJ6N53", "TimeCreated": "2022-03-10 16:25:54.953876+00:00", "RecordID": "218", "Level": "4", "UserID": "S-1-5-21-963789628-1060504924-4285088085-1001"}
{"EventID": "1403", "Channel": "Microsoft-Windows-ShellCommon-StartLayoutPopulation/Operational", "Provider_Name": "Microsoft-Windows-ShellCommon-StartLayoutPopulation", "Computer": "DESKTOP-OFJ6N53", "TimeCreated": "2022-03-10 16:25:54.995874+00:00", "RecordID": "219", "Level": "4", "UserID": "S-1-5-21-963789628-1060504924-4285088085-1001"}
{"EventID": "1402", "Channel": "Microsoft-Windows-ShellCommon-StartLayoutPopulation/Operational", "Provider_Name": "Microsoft-Windows-ShellCommon-StartLayoutPopulation", "Computer": "DESKTOP-OFJ6N53", "TimeCreated": "2022-03-10 16:26:14.800699+00:00", "RecordID": "220", "Level": "4", "UserID": "S-1-5-21-963789628-1060504924-4285088085-1001"}
{"EventID": "1403", "Channel": "Microsoft-Windows-ShellCommon-StartLayoutPopulation/Operational", "Provider_Name": "Microsoft-Windows-ShellCommon-StartLayoutPopulation", "Computer": "DESKTOP-OFJ6N53", "TimeCreated": "2022-03-10 16:26:14.859354+00:00", "RecordID": "221", "Level": "4", "UserID": "S-1-5-21-963789628-1060504924-4285088085-1001"}
{"EventID": "1402", "Channel": "Microsoft-Windows-ShellCommon-StartLayoutPopulation/Operational", "Provider_Name": "Microsoft-Windows-ShellCommon-StartLayoutPopulation", "Computer": "DESKTOP-OFJ6N53", "TimeCreated": "2022-03-16 10:13:16.997711+00:00", "RecordID": "222", "Level": "4", "UserID": "S-1-5-21-963789628-1060504924-4285088085-1001"}
{"EventID": "1403", "Channel": "Microsoft-Windows-ShellCommon-StartLayoutPopulation/Operational", "Provider_Name": "Microsoft-Windows-ShellCommon-StartLayoutPopulation", "Computer": "DESKTOP-OFJ6N53", "TimeCreated": "2022-03-16 10:13:17.307518+00:00", "RecordID": "223", "Level": "4", "UserID": "S-1-5-21-963789628-1060504924-4285088085-1001"}
{"EventID": "1402", "Channel": "Microsoft-Windows-ShellCommon-StartLayoutPopulation/Operational", "Provider_Name": "Microsoft-Windows-ShellCommon-StartLayoutPopulation", "Computer": "DESKTOP-OFJ6N53", "TimeCreated": "2022-03-16 10:46:38.188789+00:00", "RecordID": "224", "Level": "4", "UserID": "S-1-5-21-963789628-1060504924-4285088085-1001"}
{"EventID": "1403", "Channel": "Microsoft-Windows-ShellCommon-StartLayoutPopulation/Operational", "Provider_Name": "Microsoft-Windows-ShellCommon-StartLayoutPopulation", "Computer": "DESKTOP-OFJ6N53", "TimeCreated": "2022-03-16 10:46:38.248142+00:00", "RecordID": "225", "Level": "4", "UserID": "S-1-5-21-963789628-1060504924-4285088085-1001"}
{"EventID": "1402", "Channel": "Microsoft-Windows-ShellCommon-StartLayoutPopulation/Operational", "Provider_Name": "Microsoft-Windows-ShellCommon-StartLayoutPopulation", "Computer": "DESKTOP-OFJ6N53", "TimeCreated": "2022-03-26 17:41:58.339716+00:00", "RecordID": "226", "Level": "4", "UserID": "S-1-5-21-963789628-1060504924-4285088085-1001"}
{"EventID": "1403", "Channel": "Microsoft-Windows-ShellCommon-StartLayoutPopulation/Operational", "Provider_Name": "Microsoft-Windows-ShellCommon-StartLayoutPopulation", "Computer": "DESKTOP-OFJ6N53", "TimeCreated": "2022-03-26 17:41:58.418095+00:00", "RecordID": "227", "Level": "4", "UserID": "S-1-5-21-963789628-1060504924-4285088085-1001"}
{"EventID": "1402", "Channel": "Microsoft-Windows-ShellCommon-StartLayoutPopulation/Operational", "Provider_Name": "Microsoft-Windows-ShellCommon-StartLayoutPopulation", "Computer": "DESKTOP-OFJ6N53", "TimeCreated": "2022-03-28 00:00:24.564636+00:00", "RecordID": "228", "Level": "4", "UserID": "S-1-5-21-963789628-1060504924-4285088085-1001"}
{"EventID": "1403", "Channel": "Microsoft-Windows-ShellCommon-StartLayoutPopulation/Operational", "Provider_Name": "Microsoft-Windows-ShellCommon-StartLayoutPopulation", "Computer": "DESKTOP-OFJ6N53", "TimeCreated": "2022-03-28 00:00:24.668922+00:00", "RecordID": "229", "Level": "4", "UserID": "S-1-5-21-963789628-1060504924-4285088085-1001"}
{"EventID": "1402", "Channel": "Microsoft-Windows-ShellCommon-StartLayoutPopulation/Operational", "Provider_Name": "Microsoft-Windows-ShellCommon-StartLayoutPopulation", "Computer": "DESKTOP-OFJ6N53", "TimeCreated": "2022-04-13 15:58:31.505606+00:00", "RecordID": "230", "Level": "4", "UserID": "S-1-5-21-963789628-1060504924-4285088085-1001"}
{"EventID": "1403", "Channel": "Microsoft-Windows-ShellCommon-StartLayoutPopulation/Operational", "Provider_Name": "Microsoft-Windows-ShellCommon-StartLayoutPopulation", "Computer": "DESKTOP-OFJ6N53", "TimeCreated": "2022-04-13 15:58:31.827738+00:00", "RecordID": "231", "Level": "4", "UserID": "S-1-5-21-963789628-1060504924-4285088085-1001"}
{"EventID": "1402", "Channel": "Microsoft-Windows-ShellCommon-StartLayoutPopulation/Operational", "Provider_Name": "Microsoft-Windows-ShellCommon-StartLayoutPopulation", "Computer": "DESKTOP-OFJ6N53", "TimeCreated": "2022-04-13 15:58:42.204533+00:00", "RecordID": "232", "Level": "4", "UserID": "S-1-5-21-963789628-1060504924-4285088085-1001"}
{"EventID": "1403", "Channel": "Microsoft-Windows-ShellCommon-StartLayoutPopulation/Operational", "Provider_Name": "Microsoft-Windows-ShellCommon-StartLayoutPopulation", "Computer": "DESKTOP-OFJ6N53", "TimeCreated": "2022-04-13 15:58:42.226030+00:00", "RecordID": "233", "Level": "4", "UserID": "S-1-5-21-963789628-1060504924-4285088085-1001"}
{"EventID": "1402", "Channel": "Microsoft-Windows-ShellCommon-StartLayoutPopulation/Operational", "Provider_Name": "Microsoft-Windows-ShellCommon-StartLayoutPopulation", "Computer": "DESKTOP-OFJ6N53", "TimeCreated": "2022-04-17 15:51:36.653587+00:00", "RecordID": "234", "Level": "4", "UserID": "S-1-5-21-963789628-1060504924-4285088085-1001"}
{"EventID": "1403", "Channel": "Microsoft-Windows-ShellCommon-StartLayoutPopulation/Operational", "Provider_Name": "Microsoft-Windows-ShellCommon-StartLayoutPopulation", "Computer": "DESKTOP-OFJ6N53", "TimeCreated": "2022-04-17 15:51:36.695681+00:00", "RecordID": "235", "Level": "4", "UserID": "S-1-5-21-963789628-1060504924-4285088085-1001"}
{"EventID": "1402", "Channel": "Microsoft-Windows-ShellCommon-StartLayoutPopulation/Operational", "Provider_Name": "Microsoft-Windows-ShellCommon-StartLayoutPopulation", "Computer": "DESKTOP-OFJ6N53", "TimeCreated": "2022-04-22 07:07:27.936920+00:00", "RecordID": "236", "Level": "4", "UserID": "S-1-5-21-963789628-1060504924-4285088085-1001"}
