{"EventID": "1225", "Channel": "Microsoft-Windows-PushNotification-Platform/Operational", "Provider_Name": "Microsoft-Windows-PushNotifications-Platform", "Computer": "DESKTOP-OFJ6N53", "TimeCreated": "2025-08-26 09:50:02.926239+00:00", "RecordID": "3706021", "Level": "5", "UserID": "S-1-5-18", "EventData.Verb": "PNG", "EventData.TrID": "66", "EventData.Namespace": "CON", "EventData.CorrelationVector": "vIKL831gwESlCc7B.66.0", "EventData.Bytes": "126", "EventData.Payload": "TVMtQ1Y6IHZJS0w4MzFnd0VTbENjN0IuNjYuMA0KDQo8cGluZy1yZXNwb25zZT48d2FpdD40OTwvd2FpdD48Y29ubmVjdGlvbi1zdGF0dXM+Q29ubmVjdGVkPC9jb25uZWN0aW9uLXN0YXR1cz48L3BpbmctcmVzcG9uc2U+", "EventData.ConnectionType": "1"}
{"EventID": "1268", "Channel": "Microsoft-Windows-PushNotification-Platform/Operational", "Provider_Name": "Microsoft-Windows-PushNotifications-Platform", "Computer": "DESKTOP-OFJ6N53", "TimeCreated": "2025-08-26 09:50:02.926243+00:00", "RecordID": "3706022", "Level": "5", "UserID": "S-1-5-18", "EventData.Verb": "PNG", "EventData.TrID": "66", "EventData.Namespace": "CON", "EventData.CorrelationVector": "vIKL831gwESlCc7B.66.0", "EventData.Bytes": "126", "EventData.Payload": "UE5HIDY2IENPTgAxMjYNCk1TLUNWOiB2SUtMODMxZ3dFU2xDYzdCLjY2LjANCg0KPHBpbmctcmVzcG9uc2U+PHdhaXQ+NDk8L3dhaXQ+PGNvbm5lY3Rpb24tc3RhdHVzPkNvbm5lY3RlZDwvY29ubmVjdGlvbi1zdGF0dXM+", "EventData.ConnectionType": "1"}
{"EventID": "1223", "Channel": "Microsoft-Windows-PushNotification-Platform/Operational", "Provider_Name": "Microsoft-Windows-PushNotifications-Platform", "Computer": "DESKTOP-OFJ6N53", "TimeCreated": "2025-08-26 09:51:02.775543+00:00", "RecordID": "3706023", "Level": "5", "UserID": "S-1-5-18", "EventData.Verb": "PNG", "EventData.TrID": "67", "EventData.Namespace": "CON", "EventData.CorrelationVector": "vIKL831gwESlCc7B.67", "EventData.Bytes": "29", "EventData.Payload": "Q29udGV4dDogM2ZlOGViMTk4NTY2YmY4ZA0KDQo=", "EventData.ConnectionType": "1"}
{"EventID": "1267", "Channel": "Microsoft-Windows-PushNotification-Platform/Operational", "Provider_Name": "Microsoft-Windows-PushNotifications-Platform", "Computer": "DESKTOP-OFJ6N53", "TimeCreated": "2025-08-26 09:51:02.775545+00:00", "RecordID": "3706024", "Level": "5", "UserID": "S-1-5-18", "EventData.Verb": "PNG", "EventData.TrID": "67", "EventData.Namespace": "CON", "EventData.CorrelationVector": "vIKL831gwESlCc7B.67", "EventData.Bytes": "72", "EventData.Payload": "UE5HIDY3IENPTiA1Nw0KTVMtQ1Y6IHZJS0w4MzFnd0VTbENjN0IuNjcNCkNvbnRleHQ6IDNmZThlYjE5ODU2NmJmOGQNCg0K", "EventData.ConnectionType": "1"}
{"EventID": "1225", "Channel": "Microsoft-Windows-PushNotification-Platform/Operational", "Provider_Name": "Microsoft-Windows-PushNotifications-Platform", "Computer": "DESKTOP-OFJ6N53", "TimeCreated": "2025-08-26 09:51:02.894720+00:00", "RecordID": "3706025", "Level": "5", "UserID": "S-1-5-18", "EventData.Verb": "PNG", "EventData.TrID": "67", "EventData.Namespace": "CON", "EventData.CorrelationVector": "vIKL831gwESlCc7B.67.0", "EventData.Bytes": "126", "EventData.Payload": "TVMtQ1Y6IHZJS0w4MzFnd0VTbENjN0IuNjcuMA0KDQo8cGluZy1yZXNwb25zZT48d2FpdD40OTwvd2FpdD48Y29ubmVjdGlvbi1zdGF0dXM+Q29ubmVjdGVkPC9jb25uZWN0aW9uLXN0YXR1cz48L3BpbmctcmVzcG9uc2U+", "EventData.ConnectionType": "1"}
{"EventID": "1268", "Channel": "Microsoft-Windows-PushNotification-Platform/Operational", "Provider_Name": "Microsoft-Windows-PushNotifications-Platform", "Computer": "DESKTOP-OFJ6N53", "TimeCreated": "2025-08-26 09:51:02.894722+00:00", "RecordID": "3706026", "Level": "5", "UserID": "S-1-5-18", "EventData.Verb": "PNG", "EventData.TrID": "67", "EventData.Namespace": "CON", "EventData.CorrelationVector": "vIKL831gwESlCc7B.67.0", "EventData.Bytes": "126", "EventData.Payload": "UE5HIDY3IENPTgAxMjYNCk1TLUNWOiB2SUtMODMxZ3dFU2xDYzdCLjY3LjANCg0KPHBpbmctcmVzcG9uc2U+PHdhaXQ+NDk8L3dhaXQ+PGNvbm5lY3Rpb24tc3RhdHVzPkNvbm5lY3RlZDwvY29ubmVjdGlvbi1zdGF0dXM+", "EventData.ConnectionType": "1"}
{"EventID": "1223", "Channel": "Microsoft-Windows-PushNotification-Platform/Operational", "Provider_Name": "Microsoft-Windows-PushNotifications-Platform", "Computer": "DESKTOP-OFJ6N53", "TimeCreated": "2025-08-26 09:52:02.784563+00:00", "RecordID": "3706027", "Level": "5", "UserID": "S-1-5-18", "EventData.Verb": "PNG", "EventData.TrID": "68", "EventData.Namespace": "CON", "EventData.CorrelationVector": "vIKL831gwESlCc7B.68", "EventData.Bytes": "29", "EventData.Payload": "Q29udGV4dDogYWZjZDUzNGQ2ZDQ1MjBlNg0KDQo=", "EventData.ConnectionType": "1"}
{"EventID": "1267", "Channel": "Microsoft-Windows-PushNotification-Platform/Operational", "Provider_Name": "Microsoft-Windows-PushNotifications-Platform", "Computer": "DESKTOP-OFJ6N53", "TimeCreated": "2025-08-26 09:52:02.784563+00:00", "RecordID": "3706028", "Level": "5", "UserID": "S-1-5-18", "EventData.Verb": "PNG", "EventData.TrID": "68", "EventData.Namespace": "CON", "EventData.CorrelationVector": "vIKL831gwESlCc7B.68", "EventData.Bytes": "72", "EventData.Payload": "UE5HIDY4IENPTiA1Nw0KTVMtQ1Y6IHZJS0w4MzFnd0VTbENjN0IuNjgNCkNvbnRleHQ6IGFmY2Q1MzRkNmQ0NTIwZTYNCg0K", "EventData.ConnectionType": "1"}
{"EventID": "1225", "Channel": "Microsoft-Windows-PushNotification-Platform/Operational", "Provider_Name": "Microsoft-Windows-PushNotifications-Platform", "Computer": "DESKTOP-OFJ6N53", "TimeCreated": "2025-08-26 09:52:02.905785+00:00", "RecordID": "3706029", "Level": "5", "UserID": "S-1-5-18", "EventData.Verb": "PNG", "EventData.TrID": "68", "EventData.Namespace": "CON", "EventData.CorrelationVector": "vIKL831gwESlCc7B.68.0", "EventData.Bytes": "126", "EventData.Payload": "TVMtQ1Y6IHZJS0w4MzFnd0VTbENjN0IuNjguMA0KDQo8cGluZy1yZXNwb25zZT48d2FpdD40NTwvd2FpdD48Y29ubmVjdGlvbi1zdGF0dXM+Q29ubmVjdGVkPC9jb25uZWN0aW9uLXN0YXR1cz48L3BpbmctcmVzcG9uc2U+", "EventData.ConnectionType": "1"}
{"EventID": "1268", "Channel": "Microsoft-Windows-PushNotification-Platform/Operational", "Provider_Name": "Microsoft-Windows-PushNotifications-Platform", "Computer": "DESKTOP-OFJ6N53", "TimeCreated": "2025-08-26 09:52:02.905787+00:00", "RecordID": "3706030", "Level": "5", "UserID": "S-1-5-18", "EventData.Verb": "PNG", "EventData.TrID": "68", "EventData.Namespace": "CON", "EventData.CorrelationVector": "vIKL831gwESlCc7B.68.0", "EventData.Bytes": "126", "EventData.Payload": "UE5HIDY4IENPTgAxMjYNCk1TLUNWOiB2SUtMODMxZ3dFU2xDYzdCLjY4LjANCg0KPHBpbmctcmVzcG9uc2U+PHdhaXQ+NDU8L3dhaXQ+PGNvbm5lY3Rpb24tc3RhdHVzPkNvbm5lY3RlZDwvY29ubmVjdGlvbi1zdGF0dXM+", "EventData.ConnectionType": "1"}
{"EventID": "1223", "Channel": "Microsoft-Windows-PushNotification-Platform/Operational", "Provider_Name": "Microsoft-Windows-PushNotifications-Platform", "Computer": "DESKTOP-OFJ6N53", "TimeCreated": "2025-08-26 09:53:02.798029+00:00", "RecordID": "3706031", "Level": "5", "UserID": "S-1-5-18", "EventData.Verb": "PNG", "EventData.TrID": "69", "EventData.Namespace": "CON", "EventData.CorrelationVector": "vIKL831gwESlCc7B.69", "EventData.Bytes": "29", "EventData.Payload": "Q29udGV4dDogOWVjNTg1MDUxMGM1MjhkZA0KDQo=", "EventData.ConnectionType": "1"}
{"EventID": "1267", "Channel": "Microsoft-Windows-PushNotification-Platform/Operational", "Provider_Name": "Microsoft-Windows-PushNotifications-Platform", "Computer": "DESKTOP-OFJ6N53", "TimeCreated": "2025-08-26 09:53:02.798031+00:00", "RecordID": "3706032", "Level": "5", "UserID": "S-1-5-18", "EventData.Verb": "PNG", "EventData.TrID": "69", "EventData.Namespace": "CON", "EventData.CorrelationVector": "vIKL831gwESlCc7B.69", "EventData.Bytes": "72", "EventData.Payload": "UE5HIDY5IENPTiA1Nw0KTVMtQ1Y6IHZJS0w4MzFnd0VTbENjN0IuNjkNCkNvbnRleHQ6IDllYzU4NTA1MTBjNTI4ZGQNCg0K", "EventData.ConnectionType": "1"}
{"EventID": "1225", "Channel": "Microsoft-Windows-PushNotification-Platform/Operational", "Provider_Name": "Microsoft-Windows-PushNotifications-Platform", "Computer": "DESKTOP-OFJ6N53", "TimeCreated": "2025-08-26 09:53:02.860842+00:00", "RecordID": "3706033", "Level": "5", "UserID": "S-1-5-18", "EventData.Verb": "PNG", "EventData.TrID": "69", "EventData.Namespace": "CON", "EventData.CorrelationVector": "vIKL831gwESlCc7B.69.0", "EventData.Bytes": "126", "EventData.Payload": "TVMtQ1Y6IHZJS0w4MzFnd0VTbENjN0IuNjkuMA0KDQo8cGluZy1yZXNwb25zZT48d2FpdD40ODwvd2FpdD48Y29ubmVjdGlvbi1zdGF0dXM+Q29ubmVjdGVkPC9jb25uZWN0aW9uLXN0YXR1cz48L3BpbmctcmVzcG9uc2U+", "EventData.ConnectionType": "1"}
{"EventID": "1268", "Channel": "Microsoft-Windows-PushNotification-Platform/Operational", "Provider_Name": "Microsoft-Windows-PushNotifications-Platform", "Computer": "DESKTOP-OFJ6N53", "TimeCreated": "2025-08-26 09:53:02.860844+00:00", "RecordID": "3706034", "Level": "5", "UserID": "S-1-5-18", "EventData.Verb": "PNG", "EventData.TrID": "69", "EventData.Namespace": "CON", "EventData.CorrelationVector": "vIKL831gwESlCc7B.69.0", "EventData.Bytes": "126", "EventData.Payload": "UE5HIDY5IENPTgAxMjYNCk1TLUNWOiB2SUtMODMxZ3dFU2xDYzdCLjY5LjANCg0KPHBpbmctcmVzcG9uc2U+PHdhaXQ+NDg8L3dhaXQ+PGNvbm5lY3Rpb24tc3RhdHVzPkNvbm5lY3RlZDwvY29ubmVjdGlvbi1zdGF0dXM+", "EventData.ConnectionType": "1"}
{"EventID": "1223", "Channel": "Microsoft-Windows-PushNotification-Platform/Operational", "Provider_Name": "Microsoft-Windows-PushNotifications-Platform", "Computer": "DESKTOP-OFJ6N53", "TimeCreated": "2025-08-26 09:54:02.951996+00:00", "RecordID": "3706035", "Level": "5", "UserID": "S-1-5-18", "EventData.Verb": "PNG", "EventData.TrID": "70", "EventData.Namespace": "CON", "EventData.CorrelationVector": "vIKL831gwESlCc7B.70", "EventData.Bytes": "29", "EventData.Payload": "Q29udGV4dDogMWJkZDEyZmRhNTM2N2QwOQ0KDQo=", "EventData.ConnectionType": "1"}
{"EventID": "1267", "Channel": "Microsoft-Windows-PushNotification-Platform/Operational", "Provider_Name": "Microsoft-Windows-PushNotifications-Platform", "Computer": "DESKTOP-OFJ6N53", "TimeCreated": "2025-08-26 09:54:02.951998+00:00", "RecordID": "3706036", "Level": "5", "UserID": "S-1-5-18", "EventData.Verb": "PNG", "EventData.TrID": "70", "EventData.Namespace": "CON", "EventData.CorrelationVector": "vIKL831gwESlCc7B.70", "EventData.Bytes": "72", "EventData.Payload": "UE5HIDcwIENPTiA1Nw0KTVMtQ1Y6IHZJS0w4MzFnd0VTbENjN0IuNzANCkNvbnRleHQ6IDFiZGQxMmZkYTUzNjdkMDkNCg0K", "EventData.ConnectionType": "1"}
{"EventID": "1225", "Channel": "Microsoft-Windows-PushNotification-Platform/Operational", "Provider_Name": "Microsoft-Windows-PushNotifications-Platform", "Computer": "DESKTOP-OFJ6N53", "TimeCreated": "2025-08-26 09:54:03.014307+00:00", "RecordID": "3706037", "Level": "5", "UserID": "S-1-5-18", "EventData.Verb": "PNG", "EventData.TrID": "70", "EventData.Namespace": "CON", "EventData.CorrelationVector": "vIKL831gwESlCc7B.70.0", "EventData.Bytes": "126", "EventData.Payload": "TVMtQ1Y6IHZJS0w4MzFnd0VTbENjN0IuNzAuMA0KDQo8cGluZy1yZXNwb25zZT48d2FpdD40ODwvd2FpdD48Y29ubmVjdGlvbi1zdGF0dXM+Q29ubmVjdGVkPC9jb25uZWN0aW9uLXN0YXR1cz48L3BpbmctcmVzcG9uc2U+", "EventData.ConnectionType": "1"}
{"EventID": "1268", "Channel": "Microsoft-Windows-PushNotification-Platform/Operational", "Provider_Name": "Microsoft-Windows-PushNotifications-Platform", "Computer": "DESKTOP-OFJ6N53", "TimeCreated": "2025-08-26 09:54:03.014307+00:00", "RecordID": "3706038", "Level": "5", "UserID": "S-1-5-18", "EventData.Verb": "PNG", "EventData.TrID": "70", "EventData.Namespace": "CON", "EventData.CorrelationVector": "vIKL831gwESlCc7B.70.0", "EventData.Bytes": "126", "EventData.Payload": "UE5HIDcwIENPTgAxMjYNCk1TLUNWOiB2SUtMODMxZ3dFU2xDYzdCLjcwLjANCg0KPHBpbmctcmVzcG9uc2U+PHdhaXQ+NDg8L3dhaXQ+PGNvbm5lY3Rpb24tc3RhdHVzPkNvbm5lY3RlZDwvY29ubmVjdGlvbi1zdGF0dXM+", "EventData.ConnectionType": "1"}
{"EventID": "1262", "Channel": "Microsoft-Windows-PushNotification-Platform/Operational", "Provider_Name": "Microsoft-Windows-PushNotifications-Platform", "Computer": "DESKTOP-OFJ6N53", "TimeCreated": "2025-08-26 09:54:52.258688+00:00", "RecordID": "3706039", "Level": "4", "UserID": "S-1-5-18", "EventData.DeviceId": "0018000B432B2E76", "EventData.UserId": "17056889", "EventData.UserType": "2"}
{"EventID": "1223", "Channel": "Microsoft-Windows-PushNotification-Platform/Operational", "Provider_Name": "Microsoft-Windows-PushNotifications-Platform", "Computer": "DESKTOP-OFJ6N53", "TimeCreated": "2025-08-26 09:54:52.258997+00:00", "RecordID": "3706040", "Level": "5", "UserID": "S-1-5-18", "EventData.Verb": "UBD", "EventData.TrID": "71", "EventData.Namespace": "CON\\WNS 1044479", "EventData.CorrelationVector": "vIKL831gwESlCc7B.71", "EventData.Bytes": "29", "EventData.Payload": "Q29udGV4dDogNmM1ZDJkYmEwMTU0NWFhMg0KDQo=", "EventData.ConnectionType": "1"}
{"EventID": "1267", "Channel": "Microsoft-Windows-PushNotification-Platform/Operational", "Provider_Name": "Microsoft-Windows-PushNotifications-Platform", "Computer": "DESKTOP-OFJ6N53", "TimeCreated": "2025-08-26 09:54:52.258997+00:00", "RecordID": "3706041", "Level": "5", "UserID": "S-1-5-18", "EventData.Verb": "UBD", "EventData.TrID": "71", "EventData.Namespace": "CON\\WNS 1044479", "EventData.CorrelationVector": "vIKL831gwESlCc7B.71", "EventData.Bytes": "84", "EventData.Payload": "VUJEIDcxIENPTlxXTlMgMTA0NDQ3OSA1Nw0KTVMtQ1Y6IHZJS0w4MzFnd0VTbENjN0IuNzENCkNvbnRleHQ6IDZjNWQyZGJhMDE1NDVhYTINCg0K", "EventData.ConnectionType": "1"}
{"EventID": "2415", "Channel": "Microsoft-Windows-PushNotification-Platform/Operational", "Provider_Name": "Microsoft-Windows-PushNotifications-Platform", "Computer": "DESKTOP-OFJ6N53", "TimeCreated": "2025-08-26 09:54:52.272522+00:00", "RecordID": "3706042", "Level": "4", "UserID": "S-1-5-21-963789628-1060504924-4285088085-1001", "EventData.AppUserModelId": "Microsoft.Explorer.Notification.{7820AE78-23E3-4229-82C1-E41CB67D5B9C}", "EventData.ErrorCode": "0"}
{"EventID": "1225", "Channel": "Microsoft-Windows-PushNotification-Platform/Operational", "Provider_Name": "Microsoft-Windows-PushNotifications-Platform", "Computer": "DESKTOP-OFJ6N53", "TimeCreated": "2025-08-26 09:54:52.321667+00:00", "RecordID": "3706043", "Level": "5", "UserID": "S-1-5-18", "EventData.Verb": "UBD", "EventData.TrID": "71", "EventData.Namespace": "CON", "EventData.CorrelationVector": "vIKL831gwESlCc7B.71.0", "EventData.Bytes": "83", "EventData.Payload": "Q29udGV4dDogNmM1ZDJkYmEwMTU0NWFhMg0KTVMtQ1Y6IHZJS0w4MzFnd0VTbENjN0IuNzEuMA0KDQpCdkNUeStnMU5FNklYL1dKZFNPZGhRLjA=", "EventData.ConnectionType": "1"}
{"EventID": "1268", "Channel": "Microsoft-Windows-PushNotification-Platform/Operational", "Provider_Name": "Microsoft-Windows-PushNotifications-Platform", "Computer": "DESKTOP-OFJ6N53", "TimeCreated": "2025-08-26 09:54:52.321669+00:00", "RecordID": "3706044", "Level": "5", "UserID": "S-1-5-18", "EventData.Verb": "UBD", "EventData.TrID": "71", "EventData.Namespace": "CON", "EventData.CorrelationVector": "vIKL831gwESlCc7B.71.0", "EventData.Bytes": "83", "EventData.Payload": "VUJEIDcxIENPTgA4Mw0KQ29udGV4dDogNmM1ZDJkYmEwMTU0NWFhMg0KTVMtQ1Y6IHZJS0w4MzFnd0VTbENjN0IuNzEuMA0KDQpCdkNUeStnMU4=", "EventData.ConnectionType": "1"}
{"EventID": "1265", "Channel": "Microsoft-Windows-PushNotification-Platform/Operational", "Provider_Name": "Microsoft-Windows-PushNotifications-Platform", "Computer": "DESKTOP-OFJ6N53", "TimeCreated": "2025-08-26 09:54:52.354866+00:00", "RecordID": "3706045", "Level": "4", "UserID": "S-1-5-18", "EventData.DeviceId": "0018000B432B2E76", "EventData.UserId": "17056889", "EventData.Error": "0"}
{"EventID": "42", "Channel": "Microsoft-Windows-PushNotification-Platform/Operational", "Provider_Name": "Microsoft-Windows-PushNotifications-Platform", "Computer": "DESKTOP-OFJ6N53", "TimeCreated": "2025-08-26 09:54:57.236561+00:00", "RecordID": "3706046", "Level": "4", "UserID": "S-1-5-21-963789628-1060504924-4285088085-1001", "EventData.GroupPolicyValue": "True", "EventData.MDMPolicyValue": "True"}
{"EventID": "37", "Channel": "Microsoft-Windows-PushNotification-Platform/Operational", "Provider_Name": "Microsoft-Windows-PushNotifications-Platform", "Computer": "DESKTOP-OFJ6N53", "TimeCreated": "2025-08-26 09:54:57.236624+00:00", "RecordID": "3706047", "Level": "4", "UserID": "S-1-5-21-963789628-1060504924-4285088085-1001", "EventData.ChannelsExist": "True"}
{"EventID": "1022", "Channel": "Microsoft-Windows-PushNotification-Platform/Operational", "Provider_Name": "Microsoft-Windows-PushNotifications-Platform", "Computer": "DESKTOP-OFJ6N53", "TimeCreated": "2025-08-26 09:54:57.862694+00:00", "RecordID": "3706048", "Level": "4", "UserID": "S-1-5-21-963789628-1060504924-4285088085-1001"}
{"EventID": "1261", "Channel": "Microsoft-Windows-PushNotification-Platform/Operational", "Provider_Name": "Microsoft-Windows-PushNotifications-Platform", "Computer": "DESKTOP-OFJ6N53", "TimeCreated": "2025-08-26 09:54:58.956148+00:00", "RecordID": "3706049", "Level": "4", "UserID": "S-1-5-18", "EventData.DeviceId": "0018000B432B2E76", "EventData.UserId": "17056889", "EventData.UserType": "2"}
{"EventID": "1223", "Channel": "Microsoft-Windows-PushNotification-Platform/Operational", "Provider_Name": "Microsoft-Windows-PushNotifications-Platform", "Computer": "DESKTOP-OFJ6N53", "TimeCreated": "2025-08-26 09:54:58.956793+00:00", "RecordID": "3706050", "Level": "5", "UserID": "S-1-5-18", "EventData.Verb": "BND", "EventData.TrID": "72", "EventData.Namespace": "CON\\WNS 1044479", "EventData.CorrelationVector": "vIKL831gwESlCc7B.72", "EventData.Bytes": "170", "EventData.Payload": "Q29udGV4dDogM2ZmZTk4ZjRkYTY3NjU5Nw0KDQo8d25zPjx2ZXI+MTwvdmVyPjxjbGllbnQ+PG5hbWU+V1BOPC9uYW1lPjx2ZXI+MS4wPC92ZXI+PC9jbGllbnQ+PG9wdGlvbnM+PHB3cm1vZGUgbW9kZT0iMCI+PC9wd3Jtb2RlPjwvb3B0aW9ucz48bGFzdE1zZ0lkPjA8L2xhc3RNc2dJZD48L3ducz4=", "EventData.ConnectionType": "1"}
{"EventID": "1267", "Channel": "Microsoft-Windows-PushNotification-Platform/Operational", "Provider_Name": "Microsoft-Windows-PushNotifications-Platform", "Computer": "DESKTOP-OFJ6N53", "TimeCreated": "2025-08-26 09:54:58.956795+00:00", "RecordID": "3706051", "Level": "5", "UserID": "S-1-5-18", "EventData.Verb": "BND", "EventData.TrID": "72", "EventData.Namespace": "CON\\WNS 1044479", "EventData.CorrelationVector": "vIKL831gwESlCc7B.72", "EventData.Bytes": "226", "EventData.Payload": "Qk5EIDcyIENPTlxXTlMgMTA0NDQ3OSAxOTgNCk1TLUNWOiB2SUtMODMxZ3dFU2xDYzdCLjcyDQpDb250ZXh0OiAzZmZlOThmNGRhNjc2NTk3DQoNCjx3bnM+PHZlcj4xPC92ZXI+PGNsaWVudD48bmFtZT5XUE48L25hbWU+PHZlcj4xLjA8L3Zlcj48L2NsaWVudD48b3B0aW9ucz48cHdybW9kZSBtb2RlPSIwIj48L3B3cm1vZGU+PC9vcHRpb25zPjxsYXN0TXNnSWQ+MDwvbGFzdE1zZ0lkPjwvd25zPg==", "EventData.ConnectionType": "1"}
{"EventID": "1225", "Channel": "Microsoft-Windows-PushNotification-Platform/Operational", "Provider_Name": "Microsoft-Windows-PushNotifications-Platform", "Computer": "DESKTOP-OFJ6N53", "TimeCreated": "2025-08-26 09:54:59.020151+00:00", "RecordID": "3706052", "Level": "5", "UserID": "S-1-5-18", "EventData.Verb": "BND", "EventData.TrID": "72", "EventData.Namespace": "CON", "EventData.CorrelationVector": "vIKL831gwESlCc7B.72.0", "EventData.Bytes": "135", "EventData.Payload": "Q29udGV4dDogM2ZmZTk4ZjRkYTY3NjU5Nw0KTVMtQ1Y6IHZJS0w4MzFnd0VTbENjN0IuNzIuMA0KDQo8d25zLXJlc3BvbnNlPjx2ZXI+MTwvdmVyPjxub25jZT4xMDM4MzQ2MzIzNzM4MjY3NjQ1MTwvbm9uY2U+PC93bnMtcmVzcG9uc2U+", "EventData.ConnectionType": "1"}
{"EventID": "1268", "Channel": "Microsoft-Windows-PushNotification-Platform/Operational", "Provider_Name": "Microsoft-Windows-PushNotifications-Platform", "Computer": "DESKTOP-OFJ6N53", "TimeCreated": "2025-08-26 09:54:59.020153+00:00", "RecordID": "3706053", "Level": "5", "UserID": "S-1-5-18", "EventData.Verb": "BND", "EventData.TrID": "72", "EventData.Namespace": "CON", "EventData.CorrelationVector": "vIKL831gwESlCc7B.72.0", "EventData.Bytes": "135", "EventData.Payload": "Qk5EIDcyIENPTgAxMzUNCkNvbnRleHQ6IDNmZmU5OGY0ZGE2NzY1OTcNCk1TLUNWOiB2SUtMODMxZ3dFU2xDYzdCLjcyLjANCg0KPHducy1yZXNwb25zZT48dmVyPjE8L3Zlcj48bm9uY2U+MTAzODM0NjMyMzczODI2NzY0NTE8L25vbmNl", "EventData.ConnectionType": "1"}
{"EventID": "1264", "Channel": "Microsoft-Windows-PushNotification-Platform/Operational", "Provider_Name": "Microsoft-Windows-PushNotifications-Platform", "Computer": "DESKTOP-OFJ6N53", "TimeCreated": "2025-08-26 09:54:59.023428+00:00", "RecordID": "3706054", "Level": "4", "UserID": "S-1-5-18", "EventData.DeviceId": "0018000B432B2E76", "EventData.UserId": "17056889", "EventData.Error": "0"}
{"EventID": "1005", "Channel": "Microsoft-Windows-PushNotification-Platform/Operational", "Provider_Name": "Microsoft-Windows-PushNotifications-Platform", "Computer": "DESKTOP-OFJ6N53", "TimeCreated": "2025-08-26 09:54:59.728159+00:00", "RecordID": "3706055", "Level": "4", "UserID": "S-1-5-21-963789628-1060504924-4285088085-1001", "EventData.Status": "4"}
{"EventID": "1223", "Channel": "Microsoft-Windows-PushNotification-Platform/Operational", "Provider_Name": "Microsoft-Windows-PushNotifications-Platform", "Computer": "DESKTOP-OFJ6N53", "TimeCreated": "2025-08-26 09:55:03.068739+00:00", "RecordID": "3706056", "Level": "5", "UserID": "S-1-5-18", "EventData.Verb": "PNG", "EventData.TrID": "73", "EventData.Namespace": "CON", "EventData.CorrelationVector": "vIKL831gwESlCc7B.73", "EventData.Bytes": "29", "EventData.Payload": "Q29udGV4dDogMmFlYzA1NDBhN2Q5ZjU5OQ0KDQo=", "EventData.ConnectionType": "1"}
{"EventID": "1267", "Channel": "Microsoft-Windows-PushNotification-Platform/Operational", "Provider_Name": "Microsoft-Windows-PushNotifications-Platform", "Computer": "DESKTOP-OFJ6N53", "TimeCreated": "2025-08-26 09:55:03.068741+00:00", "RecordID": "3706057", "Level": "5", "UserID": "S-1-5-18", "EventData.Verb": "PNG", "EventData.TrID": "73", "EventData.Namespace": "CON", "EventData.CorrelationVector": "vIKL831gwESlCc7B.73", "EventData.Bytes": "72", "EventData.Payload": "UE5HIDczIENPTiA1Nw0KTVMtQ1Y6IHZJS0w4MzFnd0VTbENjN0IuNzMNCkNvbnRleHQ6IDJhZWMwNTQwYTdkOWY1OTkNCg0K", "EventData.ConnectionType": "1"}
{"EventID": "1225", "Channel": "Microsoft-Windows-PushNotification-Platform/Operational", "Provider_Name": "Microsoft-Windows-PushNotifications-Platform", "Computer": "DESKTOP-OFJ6N53", "TimeCreated": "2025-08-26 09:55:03.108244+00:00", "RecordID": "3706058", "Level": "5", "UserID": "S-1-5-18", "EventData.Verb": "PNG", "EventData.TrID": "73", "EventData.Namespace": "CON", "EventData.CorrelationVector": "vIKL831gwESlCc7B.73.0", "EventData.Bytes": "126", "EventData.Payload": "TVMtQ1Y6IHZJS0w4MzFnd0VTbENjN0IuNzMuMA0KDQo8cGluZy1yZXNwb25zZT48d2FpdD40Mjwvd2FpdD48Y29ubmVjdGlvbi1zdGF0dXM+Q29ubmVjdGVkPC9jb25uZWN0aW9uLXN0YXR1cz48L3BpbmctcmVzcG9uc2U+", "EventData.ConnectionType": "1"}
{"EventID": "1268", "Channel": "Microsoft-Windows-PushNotification-Platform/Operational", "Provider_Name": "Microsoft-Windows-PushNotifications-Platform", "Computer": "DESKTOP-OFJ6N53", "TimeCreated": "2025-08-26 09:55:03.108248+00:00", "RecordID": "3706059", "Level": "5", "UserID": "S-1-5-18", "EventData.Verb": "PNG", "EventData.TrID": "73", "EventData.Namespace": "CON", "EventData.CorrelationVector": "vIKL831gwESlCc7B.73.0", "EventData.Bytes": "126", "EventData.Payload": "UE5HIDczIENPTgAxMjYNCk1TLUNWOiB2SUtMODMxZ3dFU2xDYzdCLjczLjANCg0KPHBpbmctcmVzcG9uc2U+PHdhaXQ+NDI8L3dhaXQ+PGNvbm5lY3Rpb24tc3RhdHVzPkNvbm5lY3RlZDwvY29ubmVjdGlvbi1zdGF0dXM+", "EventData.ConnectionType": "1"}
{"EventID": "1223", "Channel": "Microsoft-Windows-PushNotification-Platform/Operational", "Provider_Name": "Microsoft-Windows-PushNotifications-Platform", "Computer": "DESKTOP-OFJ6N53", "TimeCreated": "2025-08-26 09:56:03.069754+00:00", "RecordID": "3706060", "Level": "5", "UserID": "S-1-5-18", "EventData.Verb": "PNG", "EventData.TrID": "74", "EventData.Namespace": "CON", "EventData.CorrelationVector": "vIKL831gwESlCc7B.74", "EventData.Bytes": "29", "EventData.Payload": "Q29udGV4dDogMWI0Yjg0NjY3NGY5NmYyZA0KDQo=", "EventData.ConnectionType": "1"}
{"EventID": "1267", "Channel": "Microsoft-Windows-PushNotification-Platform/Operational", "Provider_Name": "Microsoft-Windows-PushNotifications-Platform", "Computer": "DESKTOP-OFJ6N53", "TimeCreated": "2025-08-26 09:56:03.069756+00:00", "RecordID": "3706061", "Level": "5", "UserID": "S-1-5-18", "EventData.Verb": "PNG", "EventData.TrID": "74", "EventData.Namespace": "CON", "EventData.CorrelationVector": "vIKL831gwESlCc7B.74", "EventData.Bytes": "72", "EventData.Payload": "UE5HIDc0IENPTiA1Nw0KTVMtQ1Y6IHZJS0w4MzFnd0VTbENjN0IuNzQNCkNvbnRleHQ6IDFiNGI4NDY2NzRmOTZmMmQNCg0K", "EventData.ConnectionType": "1"}
{"EventID": "1225", "Channel": "Microsoft-Windows-PushNotification-Platform/Operational", "Provider_Name": "Microsoft-Windows-PushNotifications-Platform", "Computer": "DESKTOP-OFJ6N53", "TimeCreated": "2025-08-26 09:56:03.135567+00:00", "RecordID": "3706062", "Level": "5", "UserID": "S-1-5-18", "EventData.Verb": "PNG", "EventData.TrID": "74", "EventData.Namespace": "CON", "EventData.CorrelationVector": "vIKL831gwESlCc7B.74.0", "EventData.Bytes": "126", "EventData.Payload": "TVMtQ1Y6IHZJS0w4MzFnd0VTbENjN0IuNzQuMA0KDQo8cGluZy1yZXNwb25zZT48d2FpdD40Mzwvd2FpdD48Y29ubmVjdGlvbi1zdGF0dXM+Q29ubmVjdGVkPC9jb25uZWN0aW9uLXN0YXR1cz48L3BpbmctcmVzcG9uc2U+", "EventData.ConnectionType": "1"}
{"EventID": "1268", "Channel": "Microsoft-Windows-PushNotification-Platform/Operational", "Provider_Name": "Microsoft-Windows-PushNotifications-Platform", "Computer": "DESKTOP-OFJ6N53", "TimeCreated": "2025-08-26 09:56:03.135567+00:00", "RecordID": "3706063", "Level": "5", "UserID": "S-1-5-18", "EventData.Verb": "PNG", "EventData.TrID": "74", "EventData.Namespace": "CON", "EventData.CorrelationVector": "vIKL831gwESlCc7B.74.0", "EventData.Bytes": "126", "EventData.Payload": "UE5HIDc0IENPTgAxMjYNCk1TLUNWOiB2SUtMODMxZ3dFU2xDYzdCLjc0LjANCg0KPHBpbmctcmVzcG9uc2U+PHdhaXQ+NDM8L3dhaXQ+PGNvbm5lY3Rpb24tc3RhdHVzPkNvbm5lY3RlZDwvY29ubmVjdGlvbi1zdGF0dXM+", "EventData.ConnectionType": "1"}
{"EventID": "1223", "Channel": "Microsoft-Windows-PushNotification-Platform/Operational", "Provider_Name": "Microsoft-Windows-PushNotifications-Platform", "Computer": "DESKTOP-OFJ6N53", "TimeCreated": "2025-08-26 09:57:03.188356+00:00", "RecordID": "3706064", "Level": "5", "UserID": "S-1-5-18", "EventData.Verb": "PNG", "EventData.TrID": "75", "EventData.Namespace": "CON", "EventData.CorrelationVector": "vIKL831gwESlCc7B.75", "EventData.Bytes": "29", "EventData.Payload": "Q29udGV4dDogN2YwZmU5OTEzNTE0Mjc5Ng0KDQo=", "EventData.ConnectionType": "1"}
{"EventID": "1267", "Channel": "Microsoft-Windows-PushNotification-Platform/Operational", "Provider_Name": "Microsoft-Windows-PushNotifications-Platform", "Computer": "DESKTOP-OFJ6N53", "TimeCreated": "2025-08-26 09:57:03.188358+00:00", "RecordID": "3706065", "Level": "5", "UserID": "S-1-5-18", "EventData.Verb": "PNG", "EventData.TrID": "75", "EventData.Namespace": "CON", "EventData.CorrelationVector": "vIKL831gwESlCc7B.75", "EventData.Bytes": "72", "EventData.Payload": "UE5HIDc1IENPTiA1Nw0KTVMtQ1Y6IHZJS0w4MzFnd0VTbENjN0IuNzUNCkNvbnRleHQ6IDdmMGZlOTkxMzUxNDI3OTYNCg0K", "EventData.ConnectionType": "1"}
{"EventID": "1225", "Channel": "Microsoft-Windows-PushNotification-Platform/Operational", "Provider_Name": "Microsoft-Windows-PushNotifications-Platform", "Computer": "DESKTOP-OFJ6N53", "TimeCreated": "2025-08-26 09:57:03.321251+00:00", "RecordID": "3706066", "Level": "5", "UserID": "S-1-5-18", "EventData.Verb": "PNG", "EventData.TrID": "75", "EventData.Namespace": "CON", "EventData.CorrelationVector": "vIKL831gwESlCc7B.75.0", "EventData.Bytes": "126", "EventData.Payload": "TVMtQ1Y6IHZJS0w4MzFnd0VTbENjN0IuNzUuMA0KDQo8cGluZy1yZXNwb25zZT48d2FpdD40Njwvd2FpdD48Y29ubmVjdGlvbi1zdGF0dXM+Q29ubmVjdGVkPC9jb25uZWN0aW9uLXN0YXR1cz48L3BpbmctcmVzcG9uc2U+", "EventData.ConnectionType": "1"}
{"EventID": "1268", "Channel": "Microsoft-Windows-PushNotification-Platform/Operational", "Provider_Name": "Microsoft-Windows-PushNotifications-Platform", "Computer": "DESKTOP-OFJ6N53", "TimeCreated": "2025-08-26 09:57:03.321253+00:00", "RecordID": "3706067", "Level": "5", "UserID": "S-1-5-18", "EventData.Verb": "PNG", "EventData.TrID": "75", "EventData.Namespace": "CON", "EventData.CorrelationVector": "vIKL831gwESlCc7B.75.0", "EventData.Bytes": "126", "EventData.Payload": "UE5HIDc1IENPTgAxMjYNCk1TLUNWOiB2SUtMODMxZ3dFU2xDYzdCLjc1LjANCg0KPHBpbmctcmVzcG9uc2U+PHdhaXQ+NDY8L3dhaXQ+PGNvbm5lY3Rpb24tc3RhdHVzPkNvbm5lY3RlZDwvY29ubmVjdGlvbi1zdGF0dXM+", "EventData.ConnectionType": "1"}
{"EventID": "1262", "Channel": "Microsoft-Windows-PushNotification-Platform/Operational", "Provider_Name": "Microsoft-Windows-PushNotifications-Platform", "Computer": "DESKTOP-OFJ6N53", "TimeCreated": "2025-08-26 09:57:54.169809+00:00", "RecordID": "3706068", "Level": "4", "UserID": "S-1-5-18", "EventData.DeviceId": "0018000B432B2E76", "EventData.UserId": "17056889", "EventData.UserType": "2"}
{"EventID": "1223", "Channel": "Microsoft-Windows-PushNotification-Platform/Operational", "Provider_Name": "Microsoft-Windows-PushNotifications-Platform", "Computer": "DESKTOP-OFJ6N53", "TimeCreated": "2025-08-26 09:57:54.170214+00:00", "RecordID": "3706069", "Level": "5", "UserID": "S-1-5-18", "EventData.Verb": "UBD", "EventData.TrID": "76", "EventData.Namespace": "CON\\WNS 1044479", "EventData.CorrelationVector": "vIKL831gwESlCc7B.76", "EventData.Bytes": "29", "EventData.Payload": "Q29udGV4dDogNTM1Y2YyYWMyMzAwMWNiMw0KDQo=", "EventData.ConnectionType": "1"}
{"EventID": "1267", "Channel": "Microsoft-Windows-PushNotification-Platform/Operational", "Provider_Name": "Microsoft-Windows-PushNotifications-Platform", "Computer": "DESKTOP-OFJ6N53", "TimeCreated": "2025-08-26 09:57:54.170216+00:00", "RecordID": "3706070", "Level": "5", "UserID": "S-1-5-18", "EventData.Verb": "UBD", "EventData.TrID": "76", "EventData.Namespace": "CON\\WNS 1044479", "EventData.CorrelationVector": "vIKL831gwESlCc7B.76", "EventData.Bytes": "84", "EventData.Payload": "VUJEIDc2IENPTlxXTlMgMTA0NDQ3OSA1Nw0KTVMtQ1Y6IHZJS0w4MzFnd0VTbENjN0IuNzYNCkNvbnRleHQ6IDUzNWNmMmFjMjMwMDFjYjMNCg0K", "EventData.ConnectionType": "1"}
{"EventID": "2415", "Channel": "Microsoft-Windows-PushNotification-Platform/Operational", "Provider_Name": "Microsoft-Windows-PushNotifications-Platform", "Computer": "DESKTOP-OFJ6N53", "TimeCreated": "2025-08-26 09:57:54.200583+00:00", "RecordID": "3706071", "Level": "4", "UserID": "S-1-5-21-963789628-1060504924-4285088085-1001", "EventData.AppUserModelId": "Microsoft.Explorer.Notification.{7820AE78-23E3-4229-82C1-E41CB67D5B9C}", "EventData.ErrorCode": "0"}
{"EventID": "1225", "Channel": "Microsoft-Windows-PushNotification-Platform/Operational", "Provider_Name": "Microsoft-Windows-PushNotifications-Platform", "Computer": "DESKTOP-OFJ6N53", "TimeCreated": "2025-08-26 09:57:54.233303+00:00", "RecordID": "3706072", "Level": "5", "UserID": "S-1-5-18", "EventData.Verb": "UBD", "EventData.TrID": "76", "EventData.Namespace": "CON", "EventData.CorrelationVector": "vIKL831gwESlCc7B.76.0", "EventData.Bytes": "83", "EventData.Payload": "Q29udGV4dDogNTM1Y2YyYWMyMzAwMWNiMw0KTVMtQ1Y6IHZJS0w4MzFnd0VTbENjN0IuNzYuMA0KDQpCdkNUeStnMU5FNklYL1dKZFNPZGhRLjA=", "EventData.ConnectionType": "1"}
{"EventID": "1268", "Channel": "Microsoft-Windows-PushNotification-Platform/Operational", "Provider_Name": "Microsoft-Windows-PushNotifications-Platform", "Computer": "DESKTOP-OFJ6N53", "TimeCreated": "2025-08-26 09:57:54.233305+00:00", "RecordID": "3706073", "Level": "5", "UserID": "S-1-5-18", "EventData.Verb": "UBD", "EventData.TrID": "76", "EventData.Namespace": "CON", "EventData.CorrelationVector": "vIKL831gwESlCc7B.76.0", "EventData.Bytes": "83", "EventData.Payload": "VUJEIDc2IENPTgA4Mw0KQ29udGV4dDogNTM1Y2YyYWMyMzAwMWNiMw0KTVMtQ1Y6IHZJS0w4MzFnd0VTbENjN0IuNzYuMA0KDQpCdkNUeStnMU4=", "EventData.ConnectionType": "1"}
{"EventID": "1265", "Channel": "Microsoft-Windows-PushNotification-Platform/Operational", "Provider_Name": "Microsoft-Windows-PushNotifications-Platform", "Computer": "DESKTOP-OFJ6N53", "TimeCreated": "2025-08-26 09:57:54.238426+00:00", "RecordID": "3706074", "Level": "4", "UserID": "S-1-5-18", "EventData.DeviceId": "0018000B432B2E76", "EventData.UserId": "17056889", "EventData.Error": "0"}
{"EventID": "1223", "Channel": "Microsoft-Windows-PushNotification-Platform/Operational", "Provider_Name": "Microsoft-Windows-PushNotifications-Platform", "Computer": "DESKTOP-OFJ6N53", "TimeCreated": "2025-08-26 09:58:03.115217+00:00", "RecordID": "3706075", "Level": "5", "UserID": "S-1-5-18", "EventData.Verb": "PNG", "EventData.TrID": "77", "EventData.Namespace": "CON", "EventData.CorrelationVector": "vIKL831gwESlCc7B.77", "EventData.Bytes": "29", "EventData.Payload": "Q29udGV4dDogOTZjMWFmMThiZGEwNDE5YQ0KDQo=", "EventData.ConnectionType": "1"}
{"EventID": "1267", "Channel": "Microsoft-Windows-PushNotification-Platform/Operational", "Provider_Name": "Microsoft-Windows-PushNotifications-Platform", "Computer": "DESKTOP-OFJ6N53", "TimeCreated": "2025-08-26 09:58:03.115219+00:00", "RecordID": "3706076", "Level": "5", "UserID": "S-1-5-18", "EventData.Verb": "PNG", "EventData.TrID": "77", "EventData.Namespace": "CON", "EventData.CorrelationVector": "vIKL831gwESlCc7B.77", "EventData.Bytes": "72", "EventData.Payload": "UE5HIDc3IENPTiA1Nw0KTVMtQ1Y6IHZJS0w4MzFnd0VTbENjN0IuNzcNCkNvbnRleHQ6IDk2YzFhZjE4YmRhMDQxOWENCg0K", "EventData.ConnectionType": "1"}
{"EventID": "1225", "Channel": "Microsoft-Windows-PushNotification-Platform/Operational", "Provider_Name": "Microsoft-Windows-PushNotifications-Platform", "Computer": "DESKTOP-OFJ6N53", "TimeCreated": "2025-08-26 09:58:03.177742+00:00", "RecordID": "3706077", "Level": "5", "UserID": "S-1-5-18", "EventData.Verb": "PNG", "EventData.TrID": "77", "EventData.Namespace": "CON", "EventData.CorrelationVector": "vIKL831gwESlCc7B.77.0", "EventData.Bytes": "126", "EventData.Payload": "TVMtQ1Y6IHZJS0w4MzFnd0VTbENjN0IuNzcuMA0KDQo8cGluZy1yZXNwb25zZT48d2FpdD4zOTwvd2FpdD48Y29ubmVjdGlvbi1zdGF0dXM+Q29ubmVjdGVkPC9jb25uZWN0aW9uLXN0YXR1cz48L3BpbmctcmVzcG9uc2U+", "EventData.ConnectionType": "1"}
{"EventID": "1268", "Channel": "Microsoft-Windows-PushNotification-Platform/Operational", "Provider_Name": "Microsoft-Windows-PushNotifications-Platform", "Computer": "DESKTOP-OFJ6N53", "TimeCreated": "2025-08-26 09:58:03.177742+00:00", "RecordID": "3706078", "Level": "5", "UserID": "S-1-5-18", "EventData.Verb": "PNG", "EventData.TrID": "77", "EventData.Namespace": "CON", "EventData.CorrelationVector": "vIKL831gwESlCc7B.77.0", "EventData.Bytes": "126", "EventData.Payload": "UE5HIDc3IENPTgAxMjYNCk1TLUNWOiB2SUtMODMxZ3dFU2xDYzdCLjc3LjANCg0KPHBpbmctcmVzcG9uc2U+PHdhaXQ+Mzk8L3dhaXQ+PGNvbm5lY3Rpb24tc3RhdHVzPkNvbm5lY3RlZDwvY29ubmVjdGlvbi1zdGF0dXM+", "EventData.ConnectionType": "1"}
{"EventID": "42", "Channel": "Microsoft-Windows-PushNotification-Platform/Operational", "Provider_Name": "Microsoft-Windows-PushNotifications-Platform", "Computer": "DESKTOP-OFJ6N53", "TimeCreated": "2025-08-26 09:58:29.888779+00:00", "RecordID": "3706079", "Level": "4", "UserID": "S-1-5-21-963789628-1060504924-4285088085-1001", "EventData.GroupPolicyValue": "True", "EventData.MDMPolicyValue": "True"}
{"EventID": "37", "Channel": "Microsoft-Windows-PushNotification-Platform/Operational", "Provider_Name": "Microsoft-Windows-PushNotifications-Platform", "Computer": "DESKTOP-OFJ6N53", "TimeCreated": "2025-08-26 09:58:29.888834+00:00", "RecordID": "3706080", "Level": "4", "UserID": "S-1-5-21-963789628-1060504924-4285088085-1001", "EventData.ChannelsExist": "True"}
{"EventID": "1022", "Channel": "Microsoft-Windows-PushNotification-Platform/Operational", "Provider_Name": "Microsoft-Windows-PushNotifications-Platform", "Computer": "DESKTOP-OFJ6N53", "TimeCreated": "2025-08-26 09:58:29.938980+00:00", "RecordID": "3706081", "Level": "4", "UserID": "S-1-5-21-963789628-1060504924-4285088085-1001"}
{"EventID": "1261", "Channel": "Microsoft-Windows-PushNotification-Platform/Operational", "Provider_Name": "Microsoft-Windows-PushNotifications-Platform", "Computer": "DESKTOP-OFJ6N53", "TimeCreated": "2025-08-26 09:58:30.448389+00:00", "RecordID": "3706082", "Level": "4", "UserID": "S-1-5-18", "EventData.DeviceId": "0018000B432B2E76", "EventData.UserId": "17056889", "EventData.UserType": "2"}
{"EventID": "1223", "Channel": "Microsoft-Windows-PushNotification-Platform/Operational", "Provider_Name": "Microsoft-Windows-PushNotifications-Platform", "Computer": "DESKTOP-OFJ6N53", "TimeCreated": "2025-08-26 09:58:30.449043+00:00", "RecordID": "3706083", "Level": "5", "UserID": "S-1-5-18", "EventData.Verb": "BND", "EventData.TrID": "78", "EventData.Namespace": "CON\\WNS 1044479", "EventData.CorrelationVector": "vIKL831gwESlCc7B.78", "EventData.Bytes": "169", "EventData.Payload": "Q29udGV4dDogNTYyMTA0ZmY0MGUxYzQ0DQoNCjx3bnM+PHZlcj4xPC92ZXI+PGNsaWVudD48bmFtZT5XUE48L25hbWU+PHZlcj4xLjA8L3Zlcj48L2NsaWVudD48b3B0aW9ucz48cHdybW9kZSBtb2RlPSIwIj48L3B3cm1vZGU+PC9vcHRpb25zPjxsYXN0TXNnSWQ+MDwvbGFzdE1zZ0lkPjwvd25zPg==", "EventData.ConnectionType": "1"}
{"EventID": "1267", "Channel": "Microsoft-Windows-PushNotification-Platform/Operational", "Provider_Name": "Microsoft-Windows-PushNotifications-Platform", "Computer": "DESKTOP-OFJ6N53", "TimeCreated": "2025-08-26 09:58:30.449045+00:00", "RecordID": "3706084", "Level": "5", "UserID": "S-1-5-18", "EventData.Verb": "BND", "EventData.TrID": "78", "EventData.Namespace": "CON\\WNS 1044479", "EventData.CorrelationVector": "vIKL831gwESlCc7B.78", "EventData.Bytes": "225", "EventData.Payload": "Qk5EIDc4IENPTlxXTlMgMTA0NDQ3OSAxOTcNCk1TLUNWOiB2SUtMODMxZ3dFU2xDYzdCLjc4DQpDb250ZXh0OiA1NjIxMDRmZjQwZTFjNDQNCg0KPHducz48dmVyPjE8L3Zlcj48Y2xpZW50PjxuYW1lPldQTjwvbmFtZT48dmVyPjEuMDwvdmVyPjwvY2xpZW50PjxvcHRpb25zPjxwd3Jtb2RlIG1vZGU9IjAiPjwvcHdybW9kZT48L29wdGlvbnM+PGxhc3RNc2dJZD4wPC9sYXN0TXNnSWQ+PC93bnM+", "EventData.ConnectionType": "1"}
{"EventID": "1225", "Channel": "Microsoft-Windows-PushNotification-Platform/Operational", "Provider_Name": "Microsoft-Windows-PushNotifications-Platform", "Computer": "DESKTOP-OFJ6N53", "TimeCreated": "2025-08-26 09:58:30.666433+00:00", "RecordID": "3706085", "Level": "5", "UserID": "S-1-5-18", "EventData.Verb": "BND", "EventData.TrID": "78", "EventData.Namespace": "CON", "EventData.CorrelationVector": "vIKL831gwESlCc7B.78.0", "EventData.Bytes": "134", "EventData.Payload": "Q29udGV4dDogNTYyMTA0ZmY0MGUxYzQ0DQpNUy1DVjogdklLTDgzMWd3RVNsQ2M3Qi43OC4wDQoNCjx3bnMtcmVzcG9uc2U+PHZlcj4xPC92ZXI+PG5vbmNlPjIwNTc3NjQ1NTgxMjk4MDE4MzUwPC9ub25jZT48L3ducy1yZXNwb25zZT4=", "EventData.ConnectionType": "1"}
{"EventID": "1268", "Channel": "Microsoft-Windows-PushNotification-Platform/Operational", "Provider_Name": "Microsoft-Windows-PushNotifications-Platform", "Computer": "DESKTOP-OFJ6N53", "TimeCreated": "2025-08-26 09:58:30.666451+00:00", "RecordID": "3706086", "Level": "5", "UserID": "S-1-5-18", "EventData.Verb": "BND", "EventData.TrID": "78", "EventData.Namespace": "CON", "EventData.CorrelationVector": "vIKL831gwESlCc7B.78.0", "EventData.Bytes": "134", "EventData.Payload": "Qk5EIDc4IENPTgAxMzQNCkNvbnRleHQ6IDU2MjEwNGZmNDBlMWM0NA0KTVMtQ1Y6IHZJS0w4MzFnd0VTbENjN0IuNzguMA0KDQo8d25zLXJlc3BvbnNlPjx2ZXI+MTwvdmVyPjxub25jZT4yMDU3NzY0NTU4MTI5ODAxODM1MDwvbm9uY2U=", "EventData.ConnectionType": "1"}
{"EventID": "1264", "Channel": "Microsoft-Windows-PushNotification-Platform/Operational", "Provider_Name": "Microsoft-Windows-PushNotifications-Platform", "Computer": "DESKTOP-OFJ6N53", "TimeCreated": "2025-08-26 09:58:30.769817+00:00", "RecordID": "3706087", "Level": "4", "UserID": "S-1-5-18", "EventData.DeviceId": "0018000B432B2E76", "EventData.UserId": "17056889", "EventData.Error": "0"}
{"EventID": "1005", "Channel": "Microsoft-Windows-PushNotification-Platform/Operational", "Provider_Name": "Microsoft-Windows-PushNotifications-Platform", "Computer": "DESKTOP-OFJ6N53", "TimeCreated": "2025-08-26 09:58:31.290745+00:00", "RecordID": "3706088", "Level": "4", "UserID": "S-1-5-21-963789628-1060504924-4285088085-1001", "EventData.Status": "4"}
{"EventID": "1223", "Channel": "Microsoft-Windows-PushNotification-Platform/Operational", "Provider_Name": "Microsoft-Windows-PushNotifications-Platform", "Computer": "DESKTOP-OFJ6N53", "TimeCreated": "2025-08-26 09:59:03.115757+00:00", "RecordID": "3706089", "Level": "5", "UserID": "S-1-5-18", "EventData.Verb": "PNG", "EventData.TrID": "79", "EventData.Namespace": "CON", "EventData.CorrelationVector": "vIKL831gwESlCc7B.79", "EventData.Bytes": "29", "EventData.Payload": "Q29udGV4dDogNTU1NDdhMjI3NWI4ZDg0Mg0KDQo=", "EventData.ConnectionType": "1"}
{"EventID": "1267", "Channel": "Microsoft-Windows-PushNotification-Platform/Operational", "Provider_Name": "Microsoft-Windows-PushNotifications-Platform", "Computer": "DESKTOP-OFJ6N53", "TimeCreated": "2025-08-26 09:59:03.115757+00:00", "RecordID": "3706090", "Level": "5", "UserID": "S-1-5-18", "EventData.Verb": "PNG", "EventData.TrID": "79", "EventData.Namespace": "CON", "EventData.CorrelationVector": "vIKL831gwESlCc7B.79", "EventData.Bytes": "72", "EventData.Payload": "UE5HIDc5IENPTiA1Nw0KTVMtQ1Y6IHZJS0w4MzFnd0VTbENjN0IuNzkNCkNvbnRleHQ6IDU1NTQ3YTIyNzViOGQ4NDINCg0K", "EventData.ConnectionType": "1"}
{"EventID": "1225", "Channel": "Microsoft-Windows-PushNotification-Platform/Operational", "Provider_Name": "Microsoft-Windows-PushNotifications-Platform", "Computer": "DESKTOP-OFJ6N53", "TimeCreated": "2025-08-26 09:59:03.180853+00:00", "RecordID": "3706091", "Level": "5", "UserID": "S-1-5-18", "EventData.Verb": "PNG", "EventData.TrID": "79", "EventData.Namespace": "CON", "EventData.CorrelationVector": "vIKL831gwESlCc7B.79.0", "EventData.Bytes": "126", "EventData.Payload": "TVMtQ1Y6IHZJS0w4MzFnd0VTbENjN0IuNzkuMA0KDQo8cGluZy1yZXNwb25zZT48d2FpdD40Mjwvd2FpdD48Y29ubmVjdGlvbi1zdGF0dXM+Q29ubmVjdGVkPC9jb25uZWN0aW9uLXN0YXR1cz48L3BpbmctcmVzcG9uc2U+", "EventData.ConnectionType": "1"}
{"EventID": "1268", "Channel": "Microsoft-Windows-PushNotification-Platform/Operational", "Provider_Name": "Microsoft-Windows-PushNotifications-Platform", "Computer": "DESKTOP-OFJ6N53", "TimeCreated": "2025-08-26 09:59:03.180853+00:00", "RecordID": "3706092", "Level": "5", "UserID": "S-1-5-18", "EventData.Verb": "PNG", "EventData.TrID": "79", "EventData.Namespace": "CON", "EventData.CorrelationVector": "vIKL831gwESlCc7B.79.0", "EventData.Bytes": "126", "EventData.Payload": "UE5HIDc5IENPTgAxMjYNCk1TLUNWOiB2SUtMODMxZ3dFU2xDYzdCLjc5LjANCg0KPHBpbmctcmVzcG9uc2U+PHdhaXQ+NDI8L3dhaXQ+PGNvbm5lY3Rpb24tc3RhdHVzPkNvbm5lY3RlZDwvY29ubmVjdGlvbi1zdGF0dXM+", "EventData.ConnectionType": "1"}
{"EventID": "1223", "Channel": "Microsoft-Windows-PushNotification-Platform/Operational", "Provider_Name": "Microsoft-Windows-PushNotifications-Platform", "Computer": "DESKTOP-OFJ6N53", "TimeCreated": "2025-08-26 10:00:03.138130+00:00", "RecordID": "3706093", "Level": "5", "UserID": "S-1-5-18", "EventData.Verb": "PNG", "EventData.TrID": "80", "EventData.Namespace": "CON", "EventData.CorrelationVector": "vIKL831gwESlCc7B.80", "EventData.Bytes": "29", "EventData.Payload": "Q29udGV4dDogYmVlMDg1YTc0NTdhOWIwOQ0KDQo=", "EventData.ConnectionType": "1"}
{"EventID": "1267", "Channel": "Microsoft-Windows-PushNotification-Platform/Operational", "Provider_Name": "Microsoft-Windows-PushNotifications-Platform", "Computer": "DESKTOP-OFJ6N53", "TimeCreated": "2025-08-26 10:00:03.138132+00:00", "RecordID": "3706094", "Level": "5", "UserID": "S-1-5-18", "EventData.Verb": "PNG", "EventData.TrID": "80", "EventData.Namespace": "CON", "EventData.CorrelationVector": "vIKL831gwESlCc7B.80", "EventData.Bytes": "72", "EventData.Payload": "UE5HIDgwIENPTiA1Nw0KTVMtQ1Y6IHZJS0w4MzFnd0VTbENjN0IuODANCkNvbnRleHQ6IGJlZTA4NWE3NDU3YTliMDkNCg0K", "EventData.ConnectionType": "1"}
{"EventID": "1225", "Channel": "Microsoft-Windows-PushNotification-Platform/Operational", "Provider_Name": "Microsoft-Windows-PushNotifications-Platform", "Computer": "DESKTOP-OFJ6N53", "TimeCreated": "2025-08-26 10:00:03.200933+00:00", "RecordID": "3706095", "Level": "5", "UserID": "S-1-5-18", "EventData.Verb": "PNG", "EventData.TrID": "80", "EventData.Namespace": "CON", "EventData.CorrelationVector": "vIKL831gwESlCc7B.80.0", "EventData.Bytes": "126", "EventData.Payload": "TVMtQ1Y6IHZJS0w4MzFnd0VTbENjN0IuODAuMA0KDQo8cGluZy1yZXNwb25zZT48d2FpdD40NTwvd2FpdD48Y29ubmVjdGlvbi1zdGF0dXM+Q29ubmVjdGVkPC9jb25uZWN0aW9uLXN0YXR1cz48L3BpbmctcmVzcG9uc2U+", "EventData.ConnectionType": "1"}
{"EventID": "1268", "Channel": "Microsoft-Windows-PushNotification-Platform/Operational", "Provider_Name": "Microsoft-Windows-PushNotifications-Platform", "Computer": "DESKTOP-OFJ6N53", "TimeCreated": "2025-08-26 10:00:03.200935+00:00", "RecordID": "3706096", "Level": "5", "UserID": "S-1-5-18", "EventData.Verb": "PNG", "EventData.TrID": "80", "EventData.Namespace": "CON", "EventData.CorrelationVector": "vIKL831gwESlCc7B.80.0", "EventData.Bytes": "126", "EventData.Payload": "UE5HIDgwIENPTgAxMjYNCk1TLUNWOiB2SUtMODMxZ3dFU2xDYzdCLjgwLjANCg0KPHBpbmctcmVzcG9uc2U+PHdhaXQ+NDU8L3dhaXQ+PGNvbm5lY3Rpb24tc3RhdHVzPkNvbm5lY3RlZDwvY29ubmVjdGlvbi1zdGF0dXM+", "EventData.ConnectionType": "1"}
{"EventID": "1223", "Channel": "Microsoft-Windows-PushNotification-Platform/Operational", "Provider_Name": "Microsoft-Windows-PushNotifications-Platform", "Computer": "DESKTOP-OFJ6N53", "TimeCreated": "2025-08-26 10:01:03.147749+00:00", "RecordID": "3706097", "Level": "5", "UserID": "S-1-5-18", "EventData.Verb": "PNG", "EventData.TrID": "81", "EventData.Namespace": "CON", "EventData.CorrelationVector": "vIKL831gwESlCc7B.81", "EventData.Bytes": "29", "EventData.Payload": "Q29udGV4dDogZGVmZTA3MzU4ZDdiMjY0YQ0KDQo=", "EventData.ConnectionType": "1"}
{"EventID": "1267", "Channel": "Microsoft-Windows-PushNotification-Platform/Operational", "Provider_Name": "Microsoft-Windows-PushNotifications-Platform", "Computer": "DESKTOP-OFJ6N53", "TimeCreated": "2025-08-26 10:01:03.147749+00:00", "RecordID": "3706098", "Level": "5", "UserID": "S-1-5-18", "EventData.Verb": "PNG", "EventData.TrID": "81", "EventData.Namespace": "CON", "EventData.CorrelationVector": "vIKL831gwESlCc7B.81", "EventData.Bytes": "72", "EventData.Payload": "UE5HIDgxIENPTiA1Nw0KTVMtQ1Y6IHZJS0w4MzFnd0VTbENjN0IuODENCkNvbnRleHQ6IGRlZmUwNzM1OGQ3YjI2NGENCg0K", "EventData.ConnectionType": "1"}
{"EventID": "1225", "Channel": "Microsoft-Windows-PushNotification-Platform/Operational", "Provider_Name": "Microsoft-Windows-PushNotifications-Platform", "Computer": "DESKTOP-OFJ6N53", "TimeCreated": "2025-08-26 10:01:03.210350+00:00", "RecordID": "3706099", "Level": "5", "UserID": "S-1-5-18", "EventData.Verb": "PNG", "EventData.TrID": "81", "EventData.Namespace": "CON", "EventData.CorrelationVector": "vIKL831gwESlCc7B.81.0", "EventData.Bytes": "126", "EventData.Payload": "TVMtQ1Y6IHZJS0w4MzFnd0VTbENjN0IuODEuMA0KDQo8cGluZy1yZXNwb25zZT48d2FpdD41MDwvd2FpdD48Y29ubmVjdGlvbi1zdGF0dXM+Q29ubmVjdGVkPC9jb25uZWN0aW9uLXN0YXR1cz48L3BpbmctcmVzcG9uc2U+", "EventData.ConnectionType": "1"}
{"EventID": "1268", "Channel": "Microsoft-Windows-PushNotification-Platform/Operational", "Provider_Name": "Microsoft-Windows-PushNotifications-Platform", "Computer": "DESKTOP-OFJ6N53", "TimeCreated": "2025-08-26 10:01:03.210352+00:00", "RecordID": "3706100", "Level": "5", "UserID": "S-1-5-18", "EventData.Verb": "PNG", "EventData.TrID": "81", "EventData.Namespace": "CON", "EventData.CorrelationVector": "vIKL831gwESlCc7B.81.0", "EventData.Bytes": "126", "EventData.Payload": "UE5HIDgxIENPTgAxMjYNCk1TLUNWOiB2SUtMODMxZ3dFU2xDYzdCLjgxLjANCg0KPHBpbmctcmVzcG9uc2U+PHdhaXQ+NTA8L3dhaXQ+PGNvbm5lY3Rpb24tc3RhdHVzPkNvbm5lY3RlZDwvY29ubmVjdGlvbi1zdGF0dXM+", "EventData.ConnectionType": "1"}
{"EventID": "1262", "Channel": "Microsoft-Windows-PushNotification-Platform/Operational", "Provider_Name": "Microsoft-Windows-PushNotifications-Platform", "Computer": "DESKTOP-OFJ6N53", "TimeCreated": "2025-08-26 10:01:08.526417+00:00", "RecordID": "3706101", "Level": "4", "UserID": "S-1-5-18", "EventData.DeviceId": "0018000B432B2E76", "EventData.UserId": "17056889", "EventData.UserType": "2"}
{"EventID": "1223", "Channel": "Microsoft-Windows-PushNotification-Platform/Operational", "Provider_Name": "Microsoft-Windows-PushNotifications-Platform", "Computer": "DESKTOP-OFJ6N53", "TimeCreated": "2025-08-26 10:01:08.526800+00:00", "RecordID": "3706102", "Level": "5", "UserID": "S-1-5-18", "EventData.Verb": "UBD", "EventData.TrID": "82", "EventData.Namespace": "CON\\WNS 1044479", "EventData.CorrelationVector": "vIKL831gwESlCc7B.82", "EventData.Bytes": "29", "EventData.Payload": "Q29udGV4dDogZGVmZDMzZGUzNGExYTFmNg0KDQo=", "EventData.ConnectionType": "1"}
{"EventID": "1267", "Channel": "Microsoft-Windows-PushNotification-Platform/Operational", "Provider_Name": "Microsoft-Windows-PushNotifications-Platform", "Computer": "DESKTOP-OFJ6N53", "TimeCreated": "2025-08-26 10:01:08.526804+00:00", "RecordID": "3706103", "Level": "5", "UserID": "S-1-5-18", "EventData.Verb": "UBD", "EventData.TrID": "82", "EventData.Namespace": "CON\\WNS 1044479", "EventData.CorrelationVector": "vIKL831gwESlCc7B.82", "EventData.Bytes": "84", "EventData.Payload": "VUJEIDgyIENPTlxXTlMgMTA0NDQ3OSA1Nw0KTVMtQ1Y6IHZJS0w4MzFnd0VTbENjN0IuODINCkNvbnRleHQ6IGRlZmQzM2RlMzRhMWExZjYNCg0K", "EventData.ConnectionType": "1"}
{"EventID": "1225", "Channel": "Microsoft-Windows-PushNotification-Platform/Operational", "Provider_Name": "Microsoft-Windows-PushNotifications-Platform", "Computer": "DESKTOP-OFJ6N53", "TimeCreated": "2025-08-26 10:01:08.589327+00:00", "RecordID": "3706104", "Level": "5", "UserID": "S-1-5-18", "EventData.Verb": "UBD", "EventData.TrID": "82", "EventData.Namespace": "CON", "EventData.CorrelationVector": "vIKL831gwESlCc7B.82.0", "EventData.Bytes": "83", "EventData.Payload": "Q29udGV4dDogZGVmZDMzZGUzNGExYTFmNg0KTVMtQ1Y6IHZJS0w4MzFnd0VTbENjN0IuODIuMA0KDQpCdkNUeStnMU5FNklYL1dKZFNPZGhRLjA=", "EventData.ConnectionType": "1"}
{"EventID": "1268", "Channel": "Microsoft-Windows-PushNotification-Platform/Operational", "Provider_Name": "Microsoft-Windows-PushNotifications-Platform", "Computer": "DESKTOP-OFJ6N53", "TimeCreated": "2025-08-26 10:01:08.589329+00:00", "RecordID": "3706105", "Level": "5", "UserID": "S-1-5-18", "EventData.Verb": "UBD", "EventData.TrID": "82", "EventData.Namespace": "CON", "EventData.CorrelationVector": "vIKL831gwESlCc7B.82.0", "EventData.Bytes": "83", "EventData.Payload": "VUJEIDgyIENPTgA4Mw0KQ29udGV4dDogZGVmZDMzZGUzNGExYTFmNg0KTVMtQ1Y6IHZJS0w4MzFnd0VTbENjN0IuODIuMA0KDQpCdkNUeStnMU4=", "EventData.ConnectionType": "1"}
