{"EventID": "109", "Channel": "Microsoft-Windows-AppReadiness/Admin", "Provider_Name": "Microsoft-Windows-AppReadiness", "Computer": "DESKTOP-OFJ6N53", "TimeCreated": "2024-11-13 14:46:03.859909+00:00", "RecordID": "5273", "Level": "4", "UserID": "S-1-5-18", "EventData.Source": "1", "EventData.Result": "0"}
{"EventID": "241", "Channel": "Microsoft-Windows-AppReadiness/Admin", "Provider_Name": "Microsoft-Windows-AppReadiness", "Computer": "DESKTOP-OFJ6N53", "TimeCreated": "2024-11-13 14:46:03.859991+00:00", "RecordID": "5274", "Level": "4", "UserID": "S-1-5-18", "EventData.User": "S-1-5-18", "EventData.TaskId": "packageChanges-3", "EventData.TaskCount": "0"}
{"EventID": "220", "Channel": "Microsoft-Windows-AppReadiness/Admin", "Provider_Name": "Microsoft-Windows-AppReadiness", "Computer": "DESKTOP-OFJ6N53", "TimeCreated": "2024-11-13 14:46:03.859995+00:00", "RecordID": "5275", "Level": "4", "UserID": "S-1-5-18", "EventData.Username": "S-1-5-18", "EventData.Task": "packageChanges-3", "EventData.Elapsed": "0.0"}
{"EventID": "211", "Channel": "Microsoft-Windows-AppReadiness/Admin", "Provider_Name": "Microsoft-Windows-AppReadiness", "Computer": "DESKTOP-OFJ6N53", "TimeCreated": "2024-11-13 14:46:03.860073+00:00", "RecordID": "5276", "Level": "4", "UserID": "S-1-5-18", "EventData.User": "S-1-5-18"}
{"EventID": "209", "Channel": "Microsoft-Windows-AppReadiness/Admin", "Provider_Name": "Microsoft-Windows-AppReadiness", "Computer": "DESKTOP-OFJ6N53", "TimeCreated": "2024-11-13 14:48:28.783894+00:00", "RecordID": "5277", "Level": "4", "UserID": "S-1-5-18", "EventData.User": "S-1-5-18", "EventData.From": "2", "EventData.To": "3"}
{"EventID": "101", "Channel": "Microsoft-Windows-AppReadiness/Admin", "Provider_Name": "Microsoft-Windows-AppReadiness", "Computer": "DESKTOP-OFJ6N53", "TimeCreated": "2024-11-13 14:48:28.798866+00:00", "RecordID": "5278", "Level": "4", "UserID": "S-1-5-18"}
{"EventID": "100", "Channel": "Microsoft-Windows-AppReadiness/Admin", "Provider_Name": "Microsoft-Windows-AppReadiness", "Computer": "DESKTOP-OFJ6N53", "TimeCreated": "2024-11-18 12:12:24.804073+00:00", "RecordID": "5279", "Level": "4", "UserID": "S-1-5-18"}
{"EventID": "209", "Channel": "Microsoft-Windows-AppReadiness/Admin", "Provider_Name": "Microsoft-Windows-AppReadiness", "Computer": "DESKTOP-OFJ6N53", "TimeCreated": "2024-11-18 12:12:24.843153+00:00", "RecordID": "5280", "Level": "4", "UserID": "S-1-5-18", "EventData.User": "S-1-5-21-963789628-1060504924-4285088085-1001", "EventData.From": "2", "EventData.To": "0"}
{"EventID": "232", "Channel": "Microsoft-Windows-AppReadiness/Admin", "Provider_Name": "Microsoft-Windows-AppReadiness", "Computer": "DESKTOP-OFJ6N53", "TimeCreated": "2024-11-18 12:12:24.849913+00:00", "RecordID": "5281", "Level": "4", "UserID": "S-1-5-18", "EventData.ExitCode": "0x00000000"}
{"EventID": "240", "Channel": "Microsoft-Windows-AppReadiness/Admin", "Provider_Name": "Microsoft-Windows-AppReadiness", "Computer": "DESKTOP-OFJ6N53", "TimeCreated": "2024-11-18 12:12:24.859787+00:00", "RecordID": "5282", "Level": "4", "UserID": "S-1-5-18", "EventData.User": "S-1-5-21-963789628-1060504924-4285088085-1001", "EventData.TaskId": "ART:UserLogon", "EventData.TaskCount": "1"}
{"EventID": "236", "Channel": "Microsoft-Windows-AppReadiness/Admin", "Provider_Name": "Microsoft-Windows-AppReadiness", "Computer": "DESKTOP-OFJ6N53", "TimeCreated": "2024-11-18 12:12:27.965960+00:00", "RecordID": "5283", "Level": "4", "UserID": "S-1-5-21-963789628-1060504924-4285088085-1001", "EventData.ExitCode": "0x00000000"}
{"EventID": "238", "Channel": "Microsoft-Windows-AppReadiness/Admin", "Provider_Name": "Microsoft-Windows-AppReadiness", "Computer": "DESKTOP-OFJ6N53", "TimeCreated": "2024-11-18 12:12:28.433762+00:00", "RecordID": "5284", "Level": "4", "UserID": "S-1-5-21-963789628-1060504924-4285088085-1001", "EventData.ExitCode": "0x00000000"}
{"EventID": "240", "Channel": "Microsoft-Windows-AppReadiness/Admin", "Provider_Name": "Microsoft-Windows-AppReadiness", "Computer": "DESKTOP-OFJ6N53", "TimeCreated": "2024-11-18 12:12:28.433887+00:00", "RecordID": "5285", "Level": "4", "UserID": "S-1-5-18", "EventData.User": "S-1-5-21-963789628-1060504924-4285088085-1001", "EventData.TaskId": "install::Microsoft.Windows.StartMenuExperienceHost_cw5n1h2txyewy", "EventData.TaskCount": "2"}
{"EventID": "240", "Channel": "Microsoft-Windows-AppReadiness/Admin", "Provider_Name": "Microsoft-Windows-AppReadiness", "Computer": "DESKTOP-OFJ6N53", "TimeCreated": "2024-11-18 12:12:28.433971+00:00", "RecordID": "5286", "Level": "4", "UserID": "S-1-5-18", "EventData.User": "S-1-5-21-963789628-1060504924-4285088085-1001", "EventData.TaskId": "install::Microsoft.Windows.ShellExperienceHost_cw5n1h2txyewy", "EventData.TaskCount": "3"}
{"EventID": "240", "Channel": "Microsoft-Windows-AppReadiness/Admin", "Provider_Name": "Microsoft-Windows-AppReadiness", "Computer": "DESKTOP-OFJ6N53", "TimeCreated": "2024-11-18 12:12:28.434038+00:00", "RecordID": "5287", "Level": "4", "UserID": "S-1-5-18", "EventData.User": "S-1-5-21-963789628-1060504924-4285088085-1001", "EventData.TaskId": "install::MicrosoftWindows.Client.CBS_cw5n1h2txyewy", "EventData.TaskCount": "4"}
{"EventID": "240", "Channel": "Microsoft-Windows-AppReadiness/Admin", "Provider_Name": "Microsoft-Windows-AppReadiness", "Computer": "DESKTOP-OFJ6N53", "TimeCreated": "2024-11-18 12:12:28.434103+00:00", "RecordID": "5288", "Level": "4", "UserID": "S-1-5-18", "EventData.User": "S-1-5-21-963789628-1060504924-4285088085-1001", "EventData.TaskId": "install::Microsoft.Office.OneNote_8wekyb3d8bbwe", "EventData.TaskCount": "5"}
{"EventID": "240", "Channel": "Microsoft-Windows-AppReadiness/Admin", "Provider_Name": "Microsoft-Windows-AppReadiness", "Computer": "DESKTOP-OFJ6N53", "TimeCreated": "2024-11-18 12:12:28.437307+00:00", "RecordID": "5289", "Level": "4", "UserID": "S-1-5-18", "EventData.User": "S-1-5-21-963789628-1060504924-4285088085-1001", "EventData.TaskId": "PreviewTiles", "EventData.TaskCount": "6"}
{"EventID": "240", "Channel": "Microsoft-Windows-AppReadiness/Admin", "Provider_Name": "Microsoft-Windows-AppReadiness", "Computer": "DESKTOP-OFJ6N53", "TimeCreated": "2024-11-18 12:12:28.437349+00:00", "RecordID": "5290", "Level": "4", "UserID": "S-1-5-18", "EventData.User": "S-1-5-21-963789628-1060504924-4285088085-1001", "EventData.TaskId": "install::Microsoft.MicrosoftEdge.Stable_8wekyb3d8bbwe", "EventData.TaskCount": "7"}
{"EventID": "240", "Channel": "Microsoft-Windows-AppReadiness/Admin", "Provider_Name": "Microsoft-Windows-AppReadiness", "Computer": "DESKTOP-OFJ6N53", "TimeCreated": "2024-11-18 12:12:28.437437+00:00", "RecordID": "5291", "Level": "4", "UserID": "S-1-5-18", "EventData.User": "S-1-5-21-963789628-1060504924-4285088085-1001", "EventData.TaskId": "install::Microsoft.DesktopAppInstaller_8wekyb3d8bbwe", "EventData.TaskCount": "8"}
{"EventID": "240", "Channel": "Microsoft-Windows-AppReadiness/Admin", "Provider_Name": "Microsoft-Windows-AppReadiness", "Computer": "DESKTOP-OFJ6N53", "TimeCreated": "2024-11-18 12:12:28.437643+00:00", "RecordID": "5292", "Level": "4", "UserID": "S-1-5-18", "EventData.User": "S-1-5-21-963789628-1060504924-4285088085-1001", "EventData.TaskId": "install::Microsoft.SkypeApp_kzf8qxf38zg5c", "EventData.TaskCount": "9"}
{"EventID": "241", "Channel": "Microsoft-Windows-AppReadiness/Admin", "Provider_Name": "Microsoft-Windows-AppReadiness", "Computer": "DESKTOP-OFJ6N53", "TimeCreated": "2024-11-18 12:12:30.269098+00:00", "RecordID": "5293", "Level": "4", "UserID": "S-1-5-18", "EventData.User": "S-1-5-21-963789628-1060504924-4285088085-1001", "EventData.TaskId": "install::Microsoft.Windows.StartMenuExperienceHost_cw5n1h2txyewy", "EventData.TaskCount": "8"}
{"EventID": "213", "Channel": "Microsoft-Windows-AppReadiness/Admin", "Provider_Name": "Microsoft-Windows-AppReadiness", "Computer": "DESKTOP-OFJ6N53", "TimeCreated": "2024-11-18 12:12:30.269102+00:00", "RecordID": "5294", "Level": "4", "UserID": "S-1-5-18", "EventData.Username": "S-1-5-21-963789628-1060504924-4285088085-1001", "EventData.Package": "Microsoft.Windows.StartMenuExperienceHost_cw5n1h2txyewy", "EventData.Operation": "1", "EventData.Elapsed": "1.8242849"}
{"EventID": "241", "Channel": "Microsoft-Windows-AppReadiness/Admin", "Provider_Name": "Microsoft-Windows-AppReadiness", "Computer": "DESKTOP-OFJ6N53", "TimeCreated": "2024-11-18 12:12:30.291359+00:00", "RecordID": "5295", "Level": "4", "UserID": "S-1-5-18", "EventData.User": "S-1-5-21-963789628-1060504924-4285088085-1001", "EventData.TaskId": "install::Microsoft.Windows.ShellExperienceHost_cw5n1h2txyewy", "EventData.TaskCount": "7"}
{"EventID": "213", "Channel": "Microsoft-Windows-AppReadiness/Admin", "Provider_Name": "Microsoft-Windows-AppReadiness", "Computer": "DESKTOP-OFJ6N53", "TimeCreated": "2024-11-18 12:12:30.291363+00:00", "RecordID": "5296", "Level": "4", "UserID": "S-1-5-18", "EventData.Username": "S-1-5-21-963789628-1060504924-4285088085-1001", "EventData.Package": "Microsoft.Windows.ShellExperienceHost_cw5n1h2txyewy", "EventData.Operation": "1", "EventData.Elapsed": "1.8462842"}
{"EventID": "241", "Channel": "Microsoft-Windows-AppReadiness/Admin", "Provider_Name": "Microsoft-Windows-AppReadiness", "Computer": "DESKTOP-OFJ6N53", "TimeCreated": "2024-11-18 12:12:30.744839+00:00", "RecordID": "5297", "Level": "4", "UserID": "S-1-5-18", "EventData.User": "S-1-5-21-963789628-1060504924-4285088085-1001", "EventData.TaskId": "install::Microsoft.MicrosoftEdge.Stable_8wekyb3d8bbwe", "EventData.TaskCount": "6"}
{"EventID": "213", "Channel": "Microsoft-Windows-AppReadiness/Admin", "Provider_Name": "Microsoft-Windows-AppReadiness", "Computer": "DESKTOP-OFJ6N53", "TimeCreated": "2024-11-18 12:12:30.744843+00:00", "RecordID": "5298", "Level": "4", "UserID": "S-1-5-18", "EventData.Username": "S-1-5-21-963789628-1060504924-4285088085-1001", "EventData.Package": "Microsoft.MicrosoftEdge.Stable_8wekyb3d8bbwe", "EventData.Operation": "1", "EventData.Elapsed": "0.4530878"}
{"EventID": "241", "Channel": "Microsoft-Windows-AppReadiness/Admin", "Provider_Name": "Microsoft-Windows-AppReadiness", "Computer": "DESKTOP-OFJ6N53", "TimeCreated": "2024-11-18 12:12:30.910376+00:00", "RecordID": "5299", "Level": "4", "UserID": "S-1-5-18", "EventData.User": "S-1-5-21-963789628-1060504924-4285088085-1001", "EventData.TaskId": "install::MicrosoftWindows.Client.CBS_cw5n1h2txyewy", "EventData.TaskCount": "5"}
{"EventID": "213", "Channel": "Microsoft-Windows-AppReadiness/Admin", "Provider_Name": "Microsoft-Windows-AppReadiness", "Computer": "DESKTOP-OFJ6N53", "TimeCreated": "2024-11-18 12:12:30.910379+00:00", "RecordID": "5300", "Level": "4", "UserID": "S-1-5-18", "EventData.Username": "S-1-5-21-963789628-1060504924-4285088085-1001", "EventData.Package": "MicrosoftWindows.Client.CBS_cw5n1h2txyewy", "EventData.Operation": "1", "EventData.Elapsed": "0.6408951"}
{"EventID": "216", "Channel": "Microsoft-Windows-AppReadiness/Admin", "Provider_Name": "Microsoft-Windows-AppReadiness", "Computer": "DESKTOP-OFJ6N53", "TimeCreated": "2024-11-18 12:12:30.910982+00:00", "RecordID": "5301", "Level": "4", "UserID": "S-1-5-18", "EventData.User": "S-1-5-21-963789628-1060504924-4285088085-1001", "EventData.ResumeAt": "2024-11-18 15:13:00.910000+00:00"}
{"EventID": "241", "Channel": "Microsoft-Windows-AppReadiness/Admin", "Provider_Name": "Microsoft-Windows-AppReadiness", "Computer": "DESKTOP-OFJ6N53", "TimeCreated": "2024-11-18 12:12:30.911604+00:00", "RecordID": "5302", "Level": "4", "UserID": "S-1-5-18", "EventData.User": "S-1-5-21-963789628-1060504924-4285088085-1001", "EventData.TaskId": "ART:UserLogon", "EventData.TaskCount": "4"}
{"EventID": "220", "Channel": "Microsoft-Windows-AppReadiness/Admin", "Provider_Name": "Microsoft-Windows-AppReadiness", "Computer": "DESKTOP-OFJ6N53", "TimeCreated": "2024-11-18 12:12:30.911755+00:00", "RecordID": "5303", "Level": "4", "UserID": "S-1-5-18", "EventData.Username": "S-1-5-21-963789628-1060504924-4285088085-1001", "EventData.Task": "ART:UserLogon", "EventData.Elapsed": "2.4722439"}
{"EventID": "240", "Channel": "Microsoft-Windows-AppReadiness/Admin", "Provider_Name": "Microsoft-Windows-AppReadiness", "Computer": "DESKTOP-OFJ6N53", "TimeCreated": "2024-11-18 12:13:01.215471+00:00", "RecordID": "5304", "Level": "4", "UserID": "S-1-5-18", "EventData.User": "S-1-5-21-963789628-1060504924-4285088085-1001", "EventData.TaskId": "ART:OemFirstRun", "EventData.TaskCount": "5"}
{"EventID": "209", "Channel": "Microsoft-Windows-AppReadiness/Admin", "Provider_Name": "Microsoft-Windows-AppReadiness", "Computer": "DESKTOP-OFJ6N53", "TimeCreated": "2024-11-18 12:13:01.217438+00:00", "RecordID": "5305", "Level": "4", "UserID": "S-1-5-18", "EventData.User": "S-1-5-21-963789628-1060504924-4285088085-1001", "EventData.From": "0", "EventData.To": "1"}
{"EventID": "209", "Channel": "Microsoft-Windows-AppReadiness/Admin", "Provider_Name": "Microsoft-Windows-AppReadiness", "Computer": "DESKTOP-OFJ6N53", "TimeCreated": "2024-11-18 12:13:01.218565+00:00", "RecordID": "5306", "Level": "4", "UserID": "S-1-5-18", "EventData.User": "S-1-5-21-963789628-1060504924-4285088085-1001", "EventData.From": "1", "EventData.To": "2"}
{"EventID": "234", "Channel": "Microsoft-Windows-AppReadiness/Admin", "Provider_Name": "Microsoft-Windows-AppReadiness", "Computer": "DESKTOP-OFJ6N53", "TimeCreated": "2024-11-18 12:13:01.220446+00:00", "RecordID": "5307", "Level": "4", "UserID": "S-1-5-18", "EventData.ExitCode": "0x00000000"}
{"EventID": "241", "Channel": "Microsoft-Windows-AppReadiness/Admin", "Provider_Name": "Microsoft-Windows-AppReadiness", "Computer": "DESKTOP-OFJ6N53", "TimeCreated": "2024-11-18 12:13:01.242147+00:00", "RecordID": "5308", "Level": "4", "UserID": "S-1-5-18", "EventData.User": "S-1-5-21-963789628-1060504924-4285088085-1001", "EventData.TaskId": "PreviewTiles", "EventData.TaskCount": "4"}
{"EventID": "220", "Channel": "Microsoft-Windows-AppReadiness/Admin", "Provider_Name": "Microsoft-Windows-AppReadiness", "Computer": "DESKTOP-OFJ6N53", "TimeCreated": "2024-11-18 12:13:01.242149+00:00", "RecordID": "5309", "Level": "4", "UserID": "S-1-5-18", "EventData.Username": "S-1-5-21-963789628-1060504924-4285088085-1001", "EventData.Task": "PreviewTiles", "EventData.Elapsed": "0.0110005"}
{"EventID": "241", "Channel": "Microsoft-Windows-AppReadiness/Admin", "Provider_Name": "Microsoft-Windows-AppReadiness", "Computer": "DESKTOP-OFJ6N53", "TimeCreated": "2024-11-18 12:13:04.197260+00:00", "RecordID": "5310", "Level": "4", "UserID": "S-1-5-18", "EventData.User": "S-1-5-21-963789628-1060504924-4285088085-1001", "EventData.TaskId": "install::Microsoft.SkypeApp_kzf8qxf38zg5c", "EventData.TaskCount": "3"}
{"EventID": "213", "Channel": "Microsoft-Windows-AppReadiness/Admin", "Provider_Name": "Microsoft-Windows-AppReadiness", "Computer": "DESKTOP-OFJ6N53", "TimeCreated": "2024-11-18 12:13:04.197262+00:00", "RecordID": "5311", "Level": "4", "UserID": "S-1-5-18", "EventData.Username": "S-1-5-21-963789628-1060504924-4285088085-1001", "EventData.Package": "Microsoft.SkypeApp_kzf8qxf38zg5c", "EventData.Operation": "1", "EventData.Elapsed": "2.9540906"}
{"EventID": "241", "Channel": "Microsoft-Windows-AppReadiness/Admin", "Provider_Name": "Microsoft-Windows-AppReadiness", "Computer": "DESKTOP-OFJ6N53", "TimeCreated": "2024-11-18 12:13:06.910112+00:00", "RecordID": "5312", "Level": "4", "UserID": "S-1-5-18", "EventData.User": "S-1-5-21-963789628-1060504924-4285088085-1001", "EventData.TaskId": "install::Microsoft.DesktopAppInstaller_8wekyb3d8bbwe", "EventData.TaskCount": "2"}
{"EventID": "213", "Channel": "Microsoft-Windows-AppReadiness/Admin", "Provider_Name": "Microsoft-Windows-AppReadiness", "Computer": "DESKTOP-OFJ6N53", "TimeCreated": "2024-11-18 12:13:06.910116+00:00", "RecordID": "5313", "Level": "4", "UserID": "S-1-5-18", "EventData.Username": "S-1-5-21-963789628-1060504924-4285088085-1001", "EventData.Package": "Microsoft.DesktopAppInstaller_8wekyb3d8bbwe", "EventData.Operation": "1", "EventData.Elapsed": "2.7112106"}
{"EventID": "241", "Channel": "Microsoft-Windows-AppReadiness/Admin", "Provider_Name": "Microsoft-Windows-AppReadiness", "Computer": "DESKTOP-OFJ6N53", "TimeCreated": "2024-11-18 12:13:11.725351+00:00", "RecordID": "5314", "Level": "4", "UserID": "S-1-5-18", "EventData.User": "S-1-5-21-963789628-1060504924-4285088085-1001", "EventData.TaskId": "install::Microsoft.Office.OneNote_8wekyb3d8bbwe", "EventData.TaskCount": "1"}
{"EventID": "213", "Channel": "Microsoft-Windows-AppReadiness/Admin", "Provider_Name": "Microsoft-Windows-AppReadiness", "Computer": "DESKTOP-OFJ6N53", "TimeCreated": "2024-11-18 12:13:11.725355+00:00", "RecordID": "5315", "Level": "4", "UserID": "S-1-5-18", "EventData.Username": "S-1-5-21-963789628-1060504924-4285088085-1001", "EventData.Package": "Microsoft.Office.OneNote_8wekyb3d8bbwe", "EventData.Operation": "1", "EventData.Elapsed": "4.8120351"}
{"EventID": "211", "Channel": "Microsoft-Windows-AppReadiness/Admin", "Provider_Name": "Microsoft-Windows-AppReadiness", "Computer": "DESKTOP-OFJ6N53", "TimeCreated": "2024-11-18 12:13:11.726032+00:00", "RecordID": "5316", "Level": "4", "UserID": "S-1-5-18", "EventData.User": "S-1-5-21-963789628-1060504924-4285088085-1001"}
{"EventID": "210", "Channel": "Microsoft-Windows-AppReadiness/Admin", "Provider_Name": "Microsoft-Windows-AppReadiness", "Computer": "DESKTOP-OFJ6N53", "TimeCreated": "2024-11-18 12:13:11.726501+00:00", "RecordID": "5317", "Level": "4", "UserID": "S-1-5-18", "EventData.User": "S-1-5-21-963789628-1060504924-4285088085-1001"}
{"EventID": "241", "Channel": "Microsoft-Windows-AppReadiness/Admin", "Provider_Name": "Microsoft-Windows-AppReadiness", "Computer": "DESKTOP-OFJ6N53", "TimeCreated": "2024-11-18 12:13:11.728355+00:00", "RecordID": "5318", "Level": "4", "UserID": "S-1-5-18", "EventData.User": "S-1-5-21-963789628-1060504924-4285088085-1001", "EventData.TaskId": "ART:OemFirstRun", "EventData.TaskCount": "0"}
{"EventID": "220", "Channel": "Microsoft-Windows-AppReadiness/Admin", "Provider_Name": "Microsoft-Windows-AppReadiness", "Computer": "DESKTOP-OFJ6N53", "TimeCreated": "2024-11-18 12:13:11.728357+00:00", "RecordID": "5319", "Level": "4", "UserID": "S-1-5-18", "EventData.Username": "S-1-5-21-963789628-1060504924-4285088085-1001", "EventData.Task": "ART:OemFirstRun", "EventData.Elapsed": "0.001003"}
{"EventID": "211", "Channel": "Microsoft-Windows-AppReadiness/Admin", "Provider_Name": "Microsoft-Windows-AppReadiness", "Computer": "DESKTOP-OFJ6N53", "TimeCreated": "2024-11-18 12:13:11.728430+00:00", "RecordID": "5320", "Level": "4", "UserID": "S-1-5-18", "EventData.User": "S-1-5-21-963789628-1060504924-4285088085-1001"}
{"EventID": "209", "Channel": "Microsoft-Windows-AppReadiness/Admin", "Provider_Name": "Microsoft-Windows-AppReadiness", "Computer": "DESKTOP-OFJ6N53", "TimeCreated": "2024-11-18 12:14:54.827066+00:00", "RecordID": "5321", "Level": "4", "UserID": "S-1-5-18", "EventData.User": "S-1-5-21-963789628-1060504924-4285088085-1001", "EventData.From": "2", "EventData.To": "3"}
{"EventID": "209", "Channel": "Microsoft-Windows-AppReadiness/Admin", "Provider_Name": "Microsoft-Windows-AppReadiness", "Computer": "DESKTOP-OFJ6N53", "TimeCreated": "2024-11-18 12:14:54.827082+00:00", "RecordID": "5322", "Level": "4", "UserID": "S-1-5-18", "EventData.User": "S-1-5-18", "EventData.From": "2", "EventData.To": "3"}
{"EventID": "101", "Channel": "Microsoft-Windows-AppReadiness/Admin", "Provider_Name": "Microsoft-Windows-AppReadiness", "Computer": "DESKTOP-OFJ6N53", "TimeCreated": "2024-11-18 12:14:54.842304+00:00", "RecordID": "5323", "Level": "4", "UserID": "S-1-5-18"}
{"EventID": "100", "Channel": "Microsoft-Windows-AppReadiness/Admin", "Provider_Name": "Microsoft-Windows-AppReadiness", "Computer": "DESKTOP-OFJ6N53", "TimeCreated": "2024-11-23 20:25:14.535374+00:00", "RecordID": "5324", "Level": "4", "UserID": "S-1-5-18"}
{"EventID": "240", "Channel": "Microsoft-Windows-AppReadiness/Admin", "Provider_Name": "Microsoft-Windows-AppReadiness", "Computer": "DESKTOP-OFJ6N53", "TimeCreated": "2024-11-23 20:25:14.559004+00:00", "RecordID": "5325", "Level": "4", "UserID": "S-1-5-18", "EventData.User": "S-1-5-18", "EventData.TaskId": "packageChanges-1", "EventData.TaskCount": "1"}
{"EventID": "109", "Channel": "Microsoft-Windows-AppReadiness/Admin", "Provider_Name": "Microsoft-Windows-AppReadiness", "Computer": "DESKTOP-OFJ6N53", "TimeCreated": "2024-11-23 20:25:14.579666+00:00", "RecordID": "5326", "Level": "4", "UserID": "S-1-5-18", "EventData.Source": "2", "EventData.Result": "0"}
{"EventID": "241", "Channel": "Microsoft-Windows-AppReadiness/Admin", "Provider_Name": "Microsoft-Windows-AppReadiness", "Computer": "DESKTOP-OFJ6N53", "TimeCreated": "2024-11-23 20:25:14.580118+00:00", "RecordID": "5327", "Level": "4", "UserID": "S-1-5-18", "EventData.User": "S-1-5-18", "EventData.TaskId": "packageChanges-1", "EventData.TaskCount": "0"}
{"EventID": "220", "Channel": "Microsoft-Windows-AppReadiness/Admin", "Provider_Name": "Microsoft-Windows-AppReadiness", "Computer": "DESKTOP-OFJ6N53", "TimeCreated": "2024-11-23 20:25:14.580120+00:00", "RecordID": "5328", "Level": "4", "UserID": "S-1-5-18", "EventData.Username": "S-1-5-18", "EventData.Task": "packageChanges-1", "EventData.Elapsed": "0.0156277"}
{"EventID": "211", "Channel": "Microsoft-Windows-AppReadiness/Admin", "Provider_Name": "Microsoft-Windows-AppReadiness", "Computer": "DESKTOP-OFJ6N53", "TimeCreated": "2024-11-23 20:25:14.580242+00:00", "RecordID": "5329", "Level": "4", "UserID": "S-1-5-18", "EventData.User": "S-1-5-18"}
{"EventID": "209", "Channel": "Microsoft-Windows-AppReadiness/Admin", "Provider_Name": "Microsoft-Windows-AppReadiness", "Computer": "DESKTOP-OFJ6N53", "TimeCreated": "2024-11-23 20:27:44.543121+00:00", "RecordID": "5330", "Level": "4", "UserID": "S-1-5-18", "EventData.User": "S-1-5-18", "EventData.From": "2", "EventData.To": "3"}
{"EventID": "101", "Channel": "Microsoft-Windows-AppReadiness/Admin", "Provider_Name": "Microsoft-Windows-AppReadiness", "Computer": "DESKTOP-OFJ6N53", "TimeCreated": "2024-11-23 20:27:44.558918+00:00", "RecordID": "5331", "Level": "4", "UserID": "S-1-5-18"}
{"EventID": "100", "Channel": "Microsoft-Windows-AppReadiness/Admin", "Provider_Name": "Microsoft-Windows-AppReadiness", "Computer": "DESKTOP-OFJ6N53", "TimeCreated": "2024-12-03 10:24:04.904943+00:00", "RecordID": "5332", "Level": "4", "UserID": "S-1-5-18"}
{"EventID": "209", "Channel": "Microsoft-Windows-AppReadiness/Admin", "Provider_Name": "Microsoft-Windows-AppReadiness", "Computer": "DESKTOP-OFJ6N53", "TimeCreated": "2024-12-03 10:24:04.979933+00:00", "RecordID": "5333", "Level": "4", "UserID": "S-1-5-18", "EventData.User": "S-1-5-21-963789628-1060504924-4285088085-1001", "EventData.From": "2", "EventData.To": "0"}
{"EventID": "232", "Channel": "Microsoft-Windows-AppReadiness/Admin", "Provider_Name": "Microsoft-Windows-AppReadiness", "Computer": "DESKTOP-OFJ6N53", "TimeCreated": "2024-12-03 10:24:04.992300+00:00", "RecordID": "5334", "Level": "4", "UserID": "S-1-5-18", "EventData.ExitCode": "0x00000000"}
{"EventID": "240", "Channel": "Microsoft-Windows-AppReadiness/Admin", "Provider_Name": "Microsoft-Windows-AppReadiness", "Computer": "DESKTOP-OFJ6N53", "TimeCreated": "2024-12-03 10:24:05.007254+00:00", "RecordID": "5335", "Level": "4", "UserID": "S-1-5-18", "EventData.User": "S-1-5-21-963789628-1060504924-4285088085-1001", "EventData.TaskId": "ART:UserLogon", "EventData.TaskCount": "1"}
{"EventID": "236", "Channel": "Microsoft-Windows-AppReadiness/Admin", "Provider_Name": "Microsoft-Windows-AppReadiness", "Computer": "DESKTOP-OFJ6N53", "TimeCreated": "2024-12-03 10:24:05.893795+00:00", "RecordID": "5336", "Level": "4", "UserID": "S-1-5-21-963789628-1060504924-4285088085-1001", "EventData.ExitCode": "0x00000000"}
{"EventID": "238", "Channel": "Microsoft-Windows-AppReadiness/Admin", "Provider_Name": "Microsoft-Windows-AppReadiness", "Computer": "DESKTOP-OFJ6N53", "TimeCreated": "2024-12-03 10:24:06.179016+00:00", "RecordID": "5337", "Level": "4", "UserID": "S-1-5-21-963789628-1060504924-4285088085-1001", "EventData.ExitCode": "0x00000000"}
{"EventID": "240", "Channel": "Microsoft-Windows-AppReadiness/Admin", "Provider_Name": "Microsoft-Windows-AppReadiness", "Computer": "DESKTOP-OFJ6N53", "TimeCreated": "2024-12-03 10:24:06.179106+00:00", "RecordID": "5338", "Level": "4", "UserID": "S-1-5-18", "EventData.User": "S-1-5-21-963789628-1060504924-4285088085-1001", "EventData.TaskId": "install::Microsoft.MicrosoftEdge.Stable_8wekyb3d8bbwe", "EventData.TaskCount": "2"}
{"EventID": "241", "Channel": "Microsoft-Windows-AppReadiness/Admin", "Provider_Name": "Microsoft-Windows-AppReadiness", "Computer": "DESKTOP-OFJ6N53", "TimeCreated": "2024-12-03 10:24:08.545589+00:00", "RecordID": "5339", "Level": "4", "UserID": "S-1-5-18", "EventData.User": "S-1-5-21-963789628-1060504924-4285088085-1001", "EventData.TaskId": "install::Microsoft.MicrosoftEdge.Stable_8wekyb3d8bbwe", "EventData.TaskCount": "1"}
{"EventID": "213", "Channel": "Microsoft-Windows-AppReadiness/Admin", "Provider_Name": "Microsoft-Windows-AppReadiness", "Computer": "DESKTOP-OFJ6N53", "TimeCreated": "2024-12-03 10:24:08.545593+00:00", "RecordID": "5340", "Level": "4", "UserID": "S-1-5-18", "EventData.Username": "S-1-5-21-963789628-1060504924-4285088085-1001", "EventData.Package": "Microsoft.MicrosoftEdge.Stable_8wekyb3d8bbwe", "EventData.Operation": "1", "EventData.Elapsed": "2.3632969"}
{"EventID": "216", "Channel": "Microsoft-Windows-AppReadiness/Admin", "Provider_Name": "Microsoft-Windows-AppReadiness", "Computer": "DESKTOP-OFJ6N53", "TimeCreated": "2024-12-03 10:24:08.546112+00:00", "RecordID": "5341", "Level": "4", "UserID": "S-1-5-18", "EventData.User": "S-1-5-21-963789628-1060504924-4285088085-1001", "EventData.ResumeAt": "2024-12-03 13:24:38.545000+00:00"}
{"EventID": "241", "Channel": "Microsoft-Windows-AppReadiness/Admin", "Provider_Name": "Microsoft-Windows-AppReadiness", "Computer": "DESKTOP-OFJ6N53", "TimeCreated": "2024-12-03 10:24:08.546671+00:00", "RecordID": "5342", "Level": "4", "UserID": "S-1-5-18", "EventData.User": "S-1-5-21-963789628-1060504924-4285088085-1001", "EventData.TaskId": "ART:UserLogon", "EventData.TaskCount": "0"}
{"EventID": "220", "Channel": "Microsoft-Windows-AppReadiness/Admin", "Provider_Name": "Microsoft-Windows-AppReadiness", "Computer": "DESKTOP-OFJ6N53", "TimeCreated": "2024-12-03 10:24:08.546673+00:00", "RecordID": "5343", "Level": "4", "UserID": "S-1-5-18", "EventData.Username": "S-1-5-21-963789628-1060504924-4285088085-1001", "EventData.Task": "ART:UserLogon", "EventData.Elapsed": "2.3799355"}
{"EventID": "240", "Channel": "Microsoft-Windows-AppReadiness/Admin", "Provider_Name": "Microsoft-Windows-AppReadiness", "Computer": "DESKTOP-OFJ6N53", "TimeCreated": "2024-12-03 10:24:14.664042+00:00", "RecordID": "5344", "Level": "4", "UserID": "S-1-5-18", "EventData.User": "S-1-5-21-963789628-1060504924-4285088085-1001", "EventData.TaskId": "ART:OemFirstRun", "EventData.TaskCount": "1"}
{"EventID": "209", "Channel": "Microsoft-Windows-AppReadiness/Admin", "Provider_Name": "Microsoft-Windows-AppReadiness", "Computer": "DESKTOP-OFJ6N53", "TimeCreated": "2024-12-03 10:24:14.664976+00:00", "RecordID": "5345", "Level": "4", "UserID": "S-1-5-18", "EventData.User": "S-1-5-21-963789628-1060504924-4285088085-1001", "EventData.From": "0", "EventData.To": "1"}
{"EventID": "209", "Channel": "Microsoft-Windows-AppReadiness/Admin", "Provider_Name": "Microsoft-Windows-AppReadiness", "Computer": "DESKTOP-OFJ6N53", "TimeCreated": "2024-12-03 10:24:14.669315+00:00", "RecordID": "5346", "Level": "4", "UserID": "S-1-5-18", "EventData.User": "S-1-5-21-963789628-1060504924-4285088085-1001", "EventData.From": "1", "EventData.To": "2"}
{"EventID": "234", "Channel": "Microsoft-Windows-AppReadiness/Admin", "Provider_Name": "Microsoft-Windows-AppReadiness", "Computer": "DESKTOP-OFJ6N53", "TimeCreated": "2024-12-03 10:24:14.672951+00:00", "RecordID": "5347", "Level": "4", "UserID": "S-1-5-18", "EventData.ExitCode": "0x00000000"}
{"EventID": "211", "Channel": "Microsoft-Windows-AppReadiness/Admin", "Provider_Name": "Microsoft-Windows-AppReadiness", "Computer": "DESKTOP-OFJ6N53", "TimeCreated": "2024-12-03 10:24:14.673237+00:00", "RecordID": "5348", "Level": "4", "UserID": "S-1-5-18", "EventData.User": "S-1-5-21-963789628-1060504924-4285088085-1001"}
{"EventID": "241", "Channel": "Microsoft-Windows-AppReadiness/Admin", "Provider_Name": "Microsoft-Windows-AppReadiness", "Computer": "DESKTOP-OFJ6N53", "TimeCreated": "2024-12-03 10:24:38.549314+00:00", "RecordID": "5349", "Level": "4", "UserID": "S-1-5-18", "EventData.User": "S-1-5-21-963789628-1060504924-4285088085-1001", "EventData.TaskId": "ART:OemFirstRun", "EventData.TaskCount": "0"}
{"EventID": "220", "Channel": "Microsoft-Windows-AppReadiness/Admin", "Provider_Name": "Microsoft-Windows-AppReadiness", "Computer": "DESKTOP-OFJ6N53", "TimeCreated": "2024-12-03 10:24:38.549318+00:00", "RecordID": "5350", "Level": "4", "UserID": "S-1-5-18", "EventData.Username": "S-1-5-21-963789628-1060504924-4285088085-1001", "EventData.Task": "ART:OemFirstRun", "EventData.Elapsed": "0.0019898"}
{"EventID": "209", "Channel": "Microsoft-Windows-AppReadiness/Admin", "Provider_Name": "Microsoft-Windows-AppReadiness", "Computer": "DESKTOP-OFJ6N53", "TimeCreated": "2024-12-03 10:26:34.939510+00:00", "RecordID": "5351", "Level": "4", "UserID": "S-1-5-18", "EventData.User": "S-1-5-21-963789628-1060504924-4285088085-1001", "EventData.From": "2", "EventData.To": "3"}
{"EventID": "209", "Channel": "Microsoft-Windows-AppReadiness/Admin", "Provider_Name": "Microsoft-Windows-AppReadiness", "Computer": "DESKTOP-OFJ6N53", "TimeCreated": "2024-12-03 10:26:34.939522+00:00", "RecordID": "5352", "Level": "4", "UserID": "S-1-5-18", "EventData.User": "S-1-5-18", "EventData.From": "2", "EventData.To": "3"}
{"EventID": "101", "Channel": "Microsoft-Windows-AppReadiness/Admin", "Provider_Name": "Microsoft-Windows-AppReadiness", "Computer": "DESKTOP-OFJ6N53", "TimeCreated": "2024-12-03 10:26:34.954929+00:00", "RecordID": "5353", "Level": "4", "UserID": "S-1-5-18"}
{"EventID": "100", "Channel": "Microsoft-Windows-AppReadiness/Admin", "Provider_Name": "Microsoft-Windows-AppReadiness", "Computer": "DESKTOP-OFJ6N53", "TimeCreated": "2024-12-11 15:06:39.714565+00:00", "RecordID": "5354", "Level": "4", "UserID": "S-1-5-18"}
{"EventID": "240", "Channel": "Microsoft-Windows-AppReadiness/Admin", "Provider_Name": "Microsoft-Windows-AppReadiness", "Computer": "DESKTOP-OFJ6N53", "TimeCreated": "2024-12-11 15:06:39.762884+00:00", "RecordID": "5355", "Level": "4", "UserID": "S-1-5-18", "EventData.User": "S-1-5-18", "EventData.TaskId": "packageChanges-1", "EventData.TaskCount": "1"}
{"EventID": "109", "Channel": "Microsoft-Windows-AppReadiness/Admin", "Provider_Name": "Microsoft-Windows-AppReadiness", "Computer": "DESKTOP-OFJ6N53", "TimeCreated": "2024-12-11 15:06:39.768993+00:00", "RecordID": "5356", "Level": "4", "UserID": "S-1-5-18", "EventData.Source": "1", "EventData.Result": "0"}
{"EventID": "241", "Channel": "Microsoft-Windows-AppReadiness/Admin", "Provider_Name": "Microsoft-Windows-AppReadiness", "Computer": "DESKTOP-OFJ6N53", "TimeCreated": "2024-12-11 15:06:39.769302+00:00", "RecordID": "5357", "Level": "4", "UserID": "S-1-5-18", "EventData.User": "S-1-5-18", "EventData.TaskId": "packageChanges-1", "EventData.TaskCount": "0"}
{"EventID": "220", "Channel": "Microsoft-Windows-AppReadiness/Admin", "Provider_Name": "Microsoft-Windows-AppReadiness", "Computer": "DESKTOP-OFJ6N53", "TimeCreated": "2024-12-11 15:06:39.769304+00:00", "RecordID": "5358", "Level": "4", "UserID": "S-1-5-18", "EventData.Username": "S-1-5-18", "EventData.Task": "packageChanges-1", "EventData.Elapsed": "0.0"}
{"EventID": "211", "Channel": "Microsoft-Windows-AppReadiness/Admin", "Provider_Name": "Microsoft-Windows-AppReadiness", "Computer": "DESKTOP-OFJ6N53", "TimeCreated": "2024-12-11 15:06:39.769386+00:00", "RecordID": "5359", "Level": "4", "UserID": "S-1-5-18", "EventData.User": "S-1-5-18"}
{"EventID": "240", "Channel": "Microsoft-Windows-AppReadiness/Admin", "Provider_Name": "Microsoft-Windows-AppReadiness", "Computer": "DESKTOP-OFJ6N53", "TimeCreated": "2024-12-11 15:06:43.727720+00:00", "RecordID": "5360", "Level": "4", "UserID": "S-1-5-18", "EventData.User": "S-1-5-18", "EventData.TaskId": "packageChanges-2", "EventData.TaskCount": "1"}
{"EventID": "109", "Channel": "Microsoft-Windows-AppReadiness/Admin", "Provider_Name": "Microsoft-Windows-AppReadiness", "Computer": "DESKTOP-OFJ6N53", "TimeCreated": "2024-12-11 15:06:43.728386+00:00", "RecordID": "5361", "Level": "4", "UserID": "S-1-5-18", "EventData.Source": "1", "EventData.Result": "0"}
{"EventID": "241", "Channel": "Microsoft-Windows-AppReadiness/Admin", "Provider_Name": "Microsoft-Windows-AppReadiness", "Computer": "DESKTOP-OFJ6N53", "TimeCreated": "2024-12-11 15:06:43.728456+00:00", "RecordID": "5362", "Level": "4", "UserID": "S-1-5-18", "EventData.User": "S-1-5-18", "EventData.TaskId": "packageChanges-2", "EventData.TaskCount": "0"}
{"EventID": "220", "Channel": "Microsoft-Windows-AppReadiness/Admin", "Provider_Name": "Microsoft-Windows-AppReadiness", "Computer": "DESKTOP-OFJ6N53", "TimeCreated": "2024-12-11 15:06:43.728460+00:00", "RecordID": "5363", "Level": "4", "UserID": "S-1-5-18", "EventData.Username": "S-1-5-18", "EventData.Task": "packageChanges-2", "EventData.Elapsed": "0.0"}
{"EventID": "211", "Channel": "Microsoft-Windows-AppReadiness/Admin", "Provider_Name": "Microsoft-Windows-AppReadiness", "Computer": "DESKTOP-OFJ6N53", "TimeCreated": "2024-12-11 15:06:43.728525+00:00", "RecordID": "5364", "Level": "4", "UserID": "S-1-5-18", "EventData.User": "S-1-5-18"}
{"EventID": "240", "Channel": "Microsoft-Windows-AppReadiness/Admin", "Provider_Name": "Microsoft-Windows-AppReadiness", "Computer": "DESKTOP-OFJ6N53", "TimeCreated": "2024-12-11 15:06:47.653040+00:00", "RecordID": "5365", "Level": "4", "UserID": "S-1-5-18", "EventData.User": "S-1-5-18", "EventData.TaskId": "packageChanges-3", "EventData.TaskCount": "1"}
{"EventID": "109", "Channel": "Microsoft-Windows-AppReadiness/Admin", "Provider_Name": "Microsoft-Windows-AppReadiness", "Computer": "DESKTOP-OFJ6N53", "TimeCreated": "2024-12-11 15:06:47.815969+00:00", "RecordID": "5366", "Level": "4", "UserID": "S-1-5-18", "EventData.Source": "1", "EventData.Result": "0"}
{"EventID": "241", "Channel": "Microsoft-Windows-AppReadiness/Admin", "Provider_Name": "Microsoft-Windows-AppReadiness", "Computer": "DESKTOP-OFJ6N53", "TimeCreated": "2024-12-11 15:06:47.816053+00:00", "RecordID": "5367", "Level": "4", "UserID": "S-1-5-18", "EventData.User": "S-1-5-18", "EventData.TaskId": "packageChanges-3", "EventData.TaskCount": "0"}
{"EventID": "220", "Channel": "Microsoft-Windows-AppReadiness/Admin", "Provider_Name": "Microsoft-Windows-AppReadiness", "Computer": "DESKTOP-OFJ6N53", "TimeCreated": "2024-12-11 15:06:47.816057+00:00", "RecordID": "5368", "Level": "4", "UserID": "S-1-5-18", "EventData.Username": "S-1-5-18", "EventData.Task": "packageChanges-3", "EventData.Elapsed": "0.0"}
{"EventID": "211", "Channel": "Microsoft-Windows-AppReadiness/Admin", "Provider_Name": "Microsoft-Windows-AppReadiness", "Computer": "DESKTOP-OFJ6N53", "TimeCreated": "2024-12-11 15:06:47.816151+00:00", "RecordID": "5369", "Level": "4", "UserID": "S-1-5-18", "EventData.User": "S-1-5-18"}
{"EventID": "209", "Channel": "Microsoft-Windows-AppReadiness/Admin", "Provider_Name": "Microsoft-Windows-AppReadiness", "Computer": "DESKTOP-OFJ6N53", "TimeCreated": "2024-12-11 15:07:12.400509+00:00", "RecordID": "5370", "Level": "4", "UserID": "S-1-5-18", "EventData.User": "S-1-5-21-963789628-1060504924-4285088085-1001", "EventData.From": "2", "EventData.To": "0"}
{"EventID": "232", "Channel": "Microsoft-Windows-AppReadiness/Admin", "Provider_Name": "Microsoft-Windows-AppReadiness", "Computer": "DESKTOP-OFJ6N53", "TimeCreated": "2024-12-11 15:07:12.405733+00:00", "RecordID": "5371", "Level": "4", "UserID": "S-1-5-18", "EventData.ExitCode": "0x00000000"}
{"EventID": "236", "Channel": "Microsoft-Windows-AppReadiness/Admin", "Provider_Name": "Microsoft-Windows-AppReadiness", "Computer": "DESKTOP-OFJ6N53", "TimeCreated": "2024-12-11 15:07:16.501093+00:00", "RecordID": "5372", "Level": "4", "UserID": "S-1-5-21-963789628-1060504924-4285088085-1001", "EventData.ExitCode": "0x00000000"}
{"EventID": "238", "Channel": "Microsoft-Windows-AppReadiness/Admin", "Provider_Name": "Microsoft-Windows-AppReadiness", "Computer": "DESKTOP-OFJ6N53", "TimeCreated": "2024-12-11 15:07:16.772549+00:00", "RecordID": "5373", "Level": "4", "UserID": "S-1-5-21-963789628-1060504924-4285088085-1001", "EventData.ExitCode": "0x00000000"}
{"EventID": "240", "Channel": "Microsoft-Windows-AppReadiness/Admin", "Provider_Name": "Microsoft-Windows-AppReadiness", "Computer": "DESKTOP-OFJ6N53", "TimeCreated": "2024-12-11 15:07:16.774036+00:00", "RecordID": "5374", "Level": "4", "UserID": "S-1-5-18", "EventData.User": "S-1-5-21-963789628-1060504924-4285088085-1001", "EventData.TaskId": "install::Microsoft.Windows.CloudExperienceHost_cw5n1h2txyewy", "EventData.TaskCount": "1"}
{"EventID": "240", "Channel": "Microsoft-Windows-AppReadiness/Admin", "Provider_Name": "Microsoft-Windows-AppReadiness", "Computer": "DESKTOP-OFJ6N53", "TimeCreated": "2024-12-11 15:07:16.774134+00:00", "RecordID": "5375", "Level": "4", "UserID": "S-1-5-18", "EventData.User": "S-1-5-21-963789628-1060504924-4285088085-1001", "EventData.TaskId": "install::Microsoft.Windows.Search_cw5n1h2txyewy", "EventData.TaskCount": "2"}
{"EventID": "240", "Channel": "Microsoft-Windows-AppReadiness/Admin", "Provider_Name": "Microsoft-Windows-AppReadiness", "Computer": "DESKTOP-OFJ6N53", "TimeCreated": "2024-12-11 15:07:16.774200+00:00", "RecordID": "5376", "Level": "4", "UserID": "S-1-5-18", "EventData.User": "S-1-5-21-963789628-1060504924-4285088085-1001", "EventData.TaskId": "install::MicrosoftWindows.Client.CBS_cw5n1h2txyewy", "EventData.TaskCount": "3"}
{"EventID": "240", "Channel": "Microsoft-Windows-AppReadiness/Admin", "Provider_Name": "Microsoft-Windows-AppReadiness", "Computer": "DESKTOP-OFJ6N53", "TimeCreated": "2024-12-11 15:07:16.774826+00:00", "RecordID": "5377", "Level": "4", "UserID": "S-1-5-18", "EventData.User": "S-1-5-21-963789628-1060504924-4285088085-1001", "EventData.TaskId": "ART:UserLogon", "EventData.TaskCount": "4"}
{"EventID": "241", "Channel": "Microsoft-Windows-AppReadiness/Admin", "Provider_Name": "Microsoft-Windows-AppReadiness", "Computer": "DESKTOP-OFJ6N53", "TimeCreated": "2024-12-11 15:07:17.274807+00:00", "RecordID": "5378", "Level": "4", "UserID": "S-1-5-18", "EventData.User": "S-1-5-21-963789628-1060504924-4285088085-1001", "EventData.TaskId": "install::Microsoft.Windows.Search_cw5n1h2txyewy", "EventData.TaskCount": "3"}
{"EventID": "213", "Channel": "Microsoft-Windows-AppReadiness/Admin", "Provider_Name": "Microsoft-Windows-AppReadiness", "Computer": "DESKTOP-OFJ6N53", "TimeCreated": "2024-12-11 15:07:17.274809+00:00", "RecordID": "5379", "Level": "4", "UserID": "S-1-5-18", "EventData.Username": "S-1-5-21-963789628-1060504924-4285088085-1001", "EventData.Package": "Microsoft.Windows.Search_cw5n1h2txyewy", "EventData.Operation": "1", "EventData.Elapsed": "0.4978599"}
{"EventID": "241", "Channel": "Microsoft-Windows-AppReadiness/Admin", "Provider_Name": "Microsoft-Windows-AppReadiness", "Computer": "DESKTOP-OFJ6N53", "TimeCreated": "2024-12-11 15:07:17.922762+00:00", "RecordID": "5380", "Level": "4", "UserID": "S-1-5-18", "EventData.User": "S-1-5-21-963789628-1060504924-4285088085-1001", "EventData.TaskId": "install::MicrosoftWindows.Client.CBS_cw5n1h2txyewy", "EventData.TaskCount": "2"}
{"EventID": "213", "Channel": "Microsoft-Windows-AppReadiness/Admin", "Provider_Name": "Microsoft-Windows-AppReadiness", "Computer": "DESKTOP-OFJ6N53", "TimeCreated": "2024-12-11 15:07:17.922762+00:00", "RecordID": "5381", "Level": "4", "UserID": "S-1-5-18", "EventData.Username": "S-1-5-21-963789628-1060504924-4285088085-1001", "EventData.Package": "MicrosoftWindows.Client.CBS_cw5n1h2txyewy", "EventData.Operation": "1", "EventData.Elapsed": "0.6469983"}
{"EventID": "241", "Channel": "Microsoft-Windows-AppReadiness/Admin", "Provider_Name": "Microsoft-Windows-AppReadiness", "Computer": "DESKTOP-OFJ6N53", "TimeCreated": "2024-12-11 15:07:18.285925+00:00", "RecordID": "5382", "Level": "4", "UserID": "S-1-5-18", "EventData.User": "S-1-5-21-963789628-1060504924-4285088085-1001", "EventData.TaskId": "install::Microsoft.Windows.CloudExperienceHost_cw5n1h2txyewy", "EventData.TaskCount": "1"}
{"EventID": "213", "Channel": "Microsoft-Windows-AppReadiness/Admin", "Provider_Name": "Microsoft-Windows-AppReadiness", "Computer": "DESKTOP-OFJ6N53", "TimeCreated": "2024-12-11 15:07:18.285925+00:00", "RecordID": "5383", "Level": "4", "UserID": "S-1-5-18", "EventData.Username": "S-1-5-21-963789628-1060504924-4285088085-1001", "EventData.Package": "Microsoft.Windows.CloudExperienceHost_cw5n1h2txyewy", "EventData.Operation": "1", "EventData.Elapsed": "1.5093976"}
{"EventID": "216", "Channel": "Microsoft-Windows-AppReadiness/Admin", "Provider_Name": "Microsoft-Windows-AppReadiness", "Computer": "DESKTOP-OFJ6N53", "TimeCreated": "2024-12-11 15:07:18.286381+00:00", "RecordID": "5384", "Level": "4", "UserID": "S-1-5-18", "EventData.User": "S-1-5-21-963789628-1060504924-4285088085-1001", "EventData.ResumeAt": "2024-12-11 18:07:48.285000+00:00"}
{"EventID": "241", "Channel": "Microsoft-Windows-AppReadiness/Admin", "Provider_Name": "Microsoft-Windows-AppReadiness", "Computer": "DESKTOP-OFJ6N53", "TimeCreated": "2024-12-11 15:07:18.286470+00:00", "RecordID": "5385", "Level": "4", "UserID": "S-1-5-18", "EventData.User": "S-1-5-21-963789628-1060504924-4285088085-1001", "EventData.TaskId": "ART:UserLogon", "EventData.TaskCount": "0"}
{"EventID": "220", "Channel": "Microsoft-Windows-AppReadiness/Admin", "Provider_Name": "Microsoft-Windows-AppReadiness", "Computer": "DESKTOP-OFJ6N53", "TimeCreated": "2024-12-11 15:07:18.286472+00:00", "RecordID": "5386", "Level": "4", "UserID": "S-1-5-18", "EventData.Username": "S-1-5-21-963789628-1060504924-4285088085-1001", "EventData.Task": "ART:UserLogon", "EventData.Elapsed": "1.5104097"}
{"EventID": "240", "Channel": "Microsoft-Windows-AppReadiness/Admin", "Provider_Name": "Microsoft-Windows-AppReadiness", "Computer": "DESKTOP-OFJ6N53", "TimeCreated": "2024-12-11 15:07:26.986912+00:00", "RecordID": "5387", "Level": "4", "UserID": "S-1-5-18", "EventData.User": "S-1-5-21-963789628-1060504924-4285088085-1001", "EventData.TaskId": "ART:OemFirstRun", "EventData.TaskCount": "1"}
{"EventID": "209", "Channel": "Microsoft-Windows-AppReadiness/Admin", "Provider_Name": "Microsoft-Windows-AppReadiness", "Computer": "DESKTOP-OFJ6N53", "TimeCreated": "2024-12-11 15:07:26.994753+00:00", "RecordID": "5388", "Level": "4", "UserID": "S-1-5-18", "EventData.User": "S-1-5-21-963789628-1060504924-4285088085-1001", "EventData.From": "0", "EventData.To": "1"}
{"EventID": "209", "Channel": "Microsoft-Windows-AppReadiness/Admin", "Provider_Name": "Microsoft-Windows-AppReadiness", "Computer": "DESKTOP-OFJ6N53", "TimeCreated": "2024-12-11 15:07:27.006832+00:00", "RecordID": "5389", "Level": "4", "UserID": "S-1-5-18", "EventData.User": "S-1-5-21-963789628-1060504924-4285088085-1001", "EventData.From": "1", "EventData.To": "2"}
{"EventID": "234", "Channel": "Microsoft-Windows-AppReadiness/Admin", "Provider_Name": "Microsoft-Windows-AppReadiness", "Computer": "DESKTOP-OFJ6N53", "TimeCreated": "2024-12-11 15:07:27.023909+00:00", "RecordID": "5390", "Level": "4", "UserID": "S-1-5-18", "EventData.ExitCode": "0x00000000"}
{"EventID": "211", "Channel": "Microsoft-Windows-AppReadiness/Admin", "Provider_Name": "Microsoft-Windows-AppReadiness", "Computer": "DESKTOP-OFJ6N53", "TimeCreated": "2024-12-11 15:07:27.024220+00:00", "RecordID": "5391", "Level": "4", "UserID": "S-1-5-18", "EventData.User": "S-1-5-21-963789628-1060504924-4285088085-1001"}
{"EventID": "241", "Channel": "Microsoft-Windows-AppReadiness/Admin", "Provider_Name": "Microsoft-Windows-AppReadiness", "Computer": "DESKTOP-OFJ6N53", "TimeCreated": "2024-12-11 15:07:57.332249+00:00", "RecordID": "5392", "Level": "4", "UserID": "S-1-5-18", "EventData.User": "S-1-5-21-963789628-1060504924-4285088085-1001", "EventData.TaskId": "ART:OemFirstRun", "EventData.TaskCount": "0"}
{"EventID": "220", "Channel": "Microsoft-Windows-AppReadiness/Admin", "Provider_Name": "Microsoft-Windows-AppReadiness", "Computer": "DESKTOP-OFJ6N53", "TimeCreated": "2024-12-11 15:07:57.332251+00:00", "RecordID": "5393", "Level": "4", "UserID": "S-1-5-18", "EventData.Username": "S-1-5-21-963789628-1060504924-4285088085-1001", "EventData.Task": "ART:OemFirstRun", "EventData.Elapsed": "2.2379978"}
{"EventID": "209", "Channel": "Microsoft-Windows-AppReadiness/Admin", "Provider_Name": "Microsoft-Windows-AppReadiness", "Computer": "DESKTOP-OFJ6N53", "TimeCreated": "2024-12-11 15:09:09.729753+00:00", "RecordID": "5394", "Level": "4", "UserID": "S-1-5-18", "EventData.User": "S-1-5-21-963789628-1060504924-4285088085-1001", "EventData.From": "2", "EventData.To": "3"}
{"EventID": "209", "Channel": "Microsoft-Windows-AppReadiness/Admin", "Provider_Name": "Microsoft-Windows-AppReadiness", "Computer": "DESKTOP-OFJ6N53", "TimeCreated": "2024-12-11 15:09:09.729763+00:00", "RecordID": "5395", "Level": "4", "UserID": "S-1-5-18", "EventData.User": "S-1-5-18", "EventData.From": "2", "EventData.To": "3"}
{"EventID": "101", "Channel": "Microsoft-Windows-AppReadiness/Admin", "Provider_Name": "Microsoft-Windows-AppReadiness", "Computer": "DESKTOP-OFJ6N53", "TimeCreated": "2024-12-11 15:09:09.745232+00:00", "RecordID": "5396", "Level": "4", "UserID": "S-1-5-18"}
{"EventID": "100", "Channel": "Microsoft-Windows-AppReadiness/Admin", "Provider_Name": "Microsoft-Windows-AppReadiness", "Computer": "DESKTOP-OFJ6N53", "TimeCreated": "2024-12-23 14:10:22.588898+00:00", "RecordID": "5397", "Level": "4", "UserID": "S-1-5-18"}
{"EventID": "209", "Channel": "Microsoft-Windows-AppReadiness/Admin", "Provider_Name": "Microsoft-Windows-AppReadiness", "Computer": "DESKTOP-OFJ6N53", "TimeCreated": "2024-12-23 14:10:23.249950+00:00", "RecordID": "5398", "Level": "4", "UserID": "S-1-5-18", "EventData.User": "S-1-5-21-963789628-1060504924-4285088085-1001", "EventData.From": "2", "EventData.To": "0"}
{"EventID": "232", "Channel": "Microsoft-Windows-AppReadiness/Admin", "Provider_Name": "Microsoft-Windows-AppReadiness", "Computer": "DESKTOP-OFJ6N53", "TimeCreated": "2024-12-23 14:10:23.264582+00:00", "RecordID": "5399", "Level": "4", "UserID": "S-1-5-18", "EventData.ExitCode": "0x00000000"}
{"EventID": "240", "Channel": "Microsoft-Windows-AppReadiness/Admin", "Provider_Name": "Microsoft-Windows-AppReadiness", "Computer": "DESKTOP-OFJ6N53", "TimeCreated": "2024-12-23 14:10:23.284464+00:00", "RecordID": "5400", "Level": "4", "UserID": "S-1-5-18", "EventData.User": "S-1-5-21-963789628-1060504924-4285088085-1001", "EventData.TaskId": "ART:UserLogon", "EventData.TaskCount": "1"}
{"EventID": "236", "Channel": "Microsoft-Windows-AppReadiness/Admin", "Provider_Name": "Microsoft-Windows-AppReadiness", "Computer": "DESKTOP-OFJ6N53", "TimeCreated": "2024-12-23 14:10:26.110537+00:00", "RecordID": "5401", "Level": "4", "UserID": "S-1-5-21-963789628-1060504924-4285088085-1001", "EventData.ExitCode": "0x00000000"}
{"EventID": "238", "Channel": "Microsoft-Windows-AppReadiness/Admin", "Provider_Name": "Microsoft-Windows-AppReadiness", "Computer": "DESKTOP-OFJ6N53", "TimeCreated": "2024-12-23 14:10:27.582605+00:00", "RecordID": "5402", "Level": "4", "UserID": "S-1-5-21-963789628-1060504924-4285088085-1001", "EventData.ExitCode": "0x00000000"}
{"EventID": "240", "Channel": "Microsoft-Windows-AppReadiness/Admin", "Provider_Name": "Microsoft-Windows-AppReadiness", "Computer": "DESKTOP-OFJ6N53", "TimeCreated": "2024-12-23 14:10:27.582718+00:00", "RecordID": "5403", "Level": "4", "UserID": "S-1-5-18", "EventData.User": "S-1-5-21-963789628-1060504924-4285088085-1001", "EventData.TaskId": "install::Microsoft.MicrosoftEdge.Stable_8wekyb3d8bbwe", "EventData.TaskCount": "2"}
{"EventID": "210", "Channel": "Microsoft-Windows-AppReadiness/Admin", "Provider_Name": "Microsoft-Windows-AppReadiness", "Computer": "DESKTOP-OFJ6N53", "TimeCreated": "2024-12-23 14:10:27.583122+00:00", "RecordID": "5404", "Level": "4", "UserID": "S-1-5-18", "EventData.User": "S-1-5-21-963789628-1060504924-4285088085-1001"}
{"EventID": "241", "Channel": "Microsoft-Windows-AppReadiness/Admin", "Provider_Name": "Microsoft-Windows-AppReadiness", "Computer": "DESKTOP-OFJ6N53", "TimeCreated": "2024-12-23 14:10:32.618929+00:00", "RecordID": "5405", "Level": "4", "UserID": "S-1-5-18", "EventData.User": "S-1-5-21-963789628-1060504924-4285088085-1001", "EventData.TaskId": "install::Microsoft.MicrosoftEdge.Stable_8wekyb3d8bbwe", "EventData.TaskCount": "1"}
{"EventID": "213", "Channel": "Microsoft-Windows-AppReadiness/Admin", "Provider_Name": "Microsoft-Windows-AppReadiness", "Computer": "DESKTOP-OFJ6N53", "TimeCreated": "2024-12-23 14:10:32.618931+00:00", "RecordID": "5406", "Level": "4", "UserID": "S-1-5-18", "EventData.Username": "S-1-5-21-963789628-1060504924-4285088085-1001", "EventData.Package": "Microsoft.MicrosoftEdge.Stable_8wekyb3d8bbwe", "EventData.Operation": "1", "EventData.Elapsed": "5.0270045"}
{"EventID": "216", "Channel": "Microsoft-Windows-AppReadiness/Admin", "Provider_Name": "Microsoft-Windows-AppReadiness", "Computer": "DESKTOP-OFJ6N53", "TimeCreated": "2024-12-23 14:10:32.619373+00:00", "RecordID": "5407", "Level": "4", "UserID": "S-1-5-18", "EventData.User": "S-1-5-21-963789628-1060504924-4285088085-1001", "EventData.ResumeAt": "2024-12-23 17:11:02.618000+00:00"}
