{"EventID": "12", "Channel": "Microsoft-Windows-Security-Mitigations/KernelMode", "Provider_Name": "Microsoft-Windows-Security-Mitigations", "Computer": "DESKTOP-OFJ6N53", "TimeCreated": "2025-02-20 09:52:29.133955+00:00", "RecordID": "8384", "Level": "3", "UserID": "S-1-5-21-963789628-1060504924-4285088085-1001", "EventData.ProcessPathLength": "74", "EventData.ProcessPath": "\\Device\\HarddiskVolume3\\Program Files\\Google\\Chrome\\Application\\chrome.exe", "EventData.ProcessCommandLineLength": "512", "EventData.ProcessCommandLine": "\"C:\\Program Files\\Google\\Chrome\\Application\\chrome.exe\" --type=renderer --string-annotations --disable-gpu-compositing --video-capture-use-gpu-memory-buffer --lang=ru --device-scale-factor=1 --num-raster-threads=2 --enable-main-frame-before-activation --renderer-client-id=93 --time-ticks-at-unix-epoch=-1739372056190546 --launch-time-ticks=673082784401 --field-trial-handle=8372,i,11733408027932219996,16652177763964427796,262144 --variations-seed-version=20250211-180335.527000 --mojo-platform-channel-handle=6", "EventData.ProcessId": "5496", "EventData.ProcessCreateTime": "2025-02-20 09:52:28.950758+00:00", "EventData.ProcessStartKey": "43628621390161158", "EventData.ProcessSignatureLevel": "8", "EventData.ProcessSectionSignatureLevel": "8", "EventData.ProcessProtection": "0", "EventData.TargetThreadId": "6576", "EventData.TargetThreadCreateTime": "2025-02-20 09:52:28.950762+00:00", "EventData.RequiredSignatureLevel": "8", "EventData.SignatureLevel": "0", "EventData.ImageNameLength": "60", "EventData.ImageName": "\\Program Files\\Common Files\\Crypto Pro\\AppCompat\\cpcrypt.dll"}
{"EventID": "12", "Channel": "Microsoft-Windows-Security-Mitigations/KernelMode", "Provider_Name": "Microsoft-Windows-Security-Mitigations", "Computer": "DESKTOP-OFJ6N53", "TimeCreated": "2025-02-20 09:52:30.037516+00:00", "RecordID": "8385", "Level": "3", "UserID": "S-1-5-21-963789628-1060504924-4285088085-1001", "EventData.ProcessPathLength": "74", "EventData.ProcessPath": "\\Device\\HarddiskVolume3\\Program Files\\Google\\Chrome\\Application\\chrome.exe", "EventData.ProcessCommandLineLength": "512", "EventData.ProcessCommandLine": "\"C:\\Program Files\\Google\\Chrome\\Application\\chrome.exe\" --type=renderer --string-annotations --disable-gpu-compositing --video-capture-use-gpu-memory-buffer --lang=ru --device-scale-factor=1 --num-raster-threads=2 --enable-main-frame-before-activation --renderer-client-id=94 --time-ticks-at-unix-epoch=-1739372056190546 --launch-time-ticks=673083806839 --field-trial-handle=8220,i,11733408027932219996,16652177763964427796,262144 --variations-seed-version=20250211-180335.527000 --mojo-platform-channel-handle=1", "EventData.ProcessId": "12712", "EventData.ProcessCreateTime": "2025-02-20 09:52:29.973106+00:00", "EventData.ProcessStartKey": "43628621390161159", "EventData.ProcessSignatureLevel": "8", "EventData.ProcessSectionSignatureLevel": "8", "EventData.ProcessProtection": "0", "EventData.TargetThreadId": "3604", "EventData.TargetThreadCreateTime": "2025-02-20 09:52:29.973110+00:00", "EventData.RequiredSignatureLevel": "8", "EventData.SignatureLevel": "0", "EventData.ImageNameLength": "60", "EventData.ImageName": "\\Program Files\\Common Files\\Crypto Pro\\AppCompat\\cpcrypt.dll"}
{"EventID": "12", "Channel": "Microsoft-Windows-Security-Mitigations/KernelMode", "Provider_Name": "Microsoft-Windows-Security-Mitigations", "Computer": "DESKTOP-OFJ6N53", "TimeCreated": "2025-02-20 15:05:40.271570+00:00", "RecordID": "8386", "Level": "3", "UserID": "S-1-5-18", "EventData.ProcessPathLength": "100", "EventData.ProcessPath": "\\Device\\HarddiskVolume3\\ProgramData\\Microsoft\\Windows Defender\\Platform\\4.18.24090.11-0\\MpCmdRun.exe", "EventData.ProcessCommandLineLength": "135", "EventData.ProcessCommandLine": "\"C:\\ProgramData\\Microsoft\\Windows Defender\\Platform\\4.18.24090.11-0\\MpCmdRun.exe\" SignaturesUpdateService -ScheduleJob -UnmanagedUpdate", "EventData.ProcessId": "2856", "EventData.ProcessCreateTime": "2025-02-20 15:05:12.412861+00:00", "EventData.ProcessStartKey": "43628621390161396", "EventData.ProcessSignatureLevel": "8", "EventData.ProcessSectionSignatureLevel": "8", "EventData.ProcessProtection": "0", "EventData.TargetThreadId": "2920", "EventData.TargetThreadCreateTime": "2025-02-20 15:05:12.515730+00:00", "EventData.RequiredSignatureLevel": "8", "EventData.SignatureLevel": "0", "EventData.ImageNameLength": "60", "EventData.ImageName": "\\Program Files\\Common Files\\Crypto Pro\\AppCompat\\cpadvai.dll"}
{"EventID": "12", "Channel": "Microsoft-Windows-Security-Mitigations/KernelMode", "Provider_Name": "Microsoft-Windows-Security-Mitigations", "Computer": "DESKTOP-OFJ6N53", "TimeCreated": "2025-02-20 20:54:35.899019+00:00", "RecordID": "8387", "Level": "3", "UserID": "S-1-5-18", "EventData.ProcessPathLength": "59", "EventData.ProcessPath": "\\Device\\HarddiskVolume3\\Windows\\System32\\WaaSMedicAgent.exe", "EventData.ProcessCommandLineLength": "104", "EventData.ProcessCommandLine": "C:\\Windows\\System32\\WaaSMedicAgent.exe 907e13c6a1920a0ab0b9062c6a5d7070 KKa8JGO6tU6BhtCuMVaeZg.0.1.0.0.0", "EventData.ProcessId": "3356", "EventData.ProcessCreateTime": "2025-02-20 20:54:34.873243+00:00", "EventData.ProcessStartKey": "43628621390161821", "EventData.ProcessSignatureLevel": "8", "EventData.ProcessSectionSignatureLevel": "8", "EventData.ProcessProtection": "0", "EventData.TargetThreadId": "5508", "EventData.TargetThreadCreateTime": "2025-02-20 20:54:35.888023+00:00", "EventData.RequiredSignatureLevel": "8", "EventData.SignatureLevel": "0", "EventData.ImageNameLength": "60", "EventData.ImageName": "\\Program Files\\Common Files\\Crypto Pro\\AppCompat\\cpadvai.dll"}
{"EventID": "12", "Channel": "Microsoft-Windows-Security-Mitigations/KernelMode", "Provider_Name": "Microsoft-Windows-Security-Mitigations", "Computer": "DESKTOP-OFJ6N53", "TimeCreated": "2025-02-20 20:54:41.251612+00:00", "RecordID": "8388", "Level": "3", "UserID": "S-1-5-18", "EventData.ProcessPathLength": "59", "EventData.ProcessPath": "\\Device\\HarddiskVolume3\\Windows\\System32\\WaaSMedicAgent.exe", "EventData.ProcessCommandLineLength": "104", "EventData.ProcessCommandLine": "C:\\Windows\\System32\\WaaSMedicAgent.exe 770ed3f2f6cc0ead6a1c46b5305080d2 KKa8JGO6tU6BhtCuMVaeZg.0.1.0.0.0", "EventData.ProcessId": "12816", "EventData.ProcessCreateTime": "2025-02-20 20:54:40.246899+00:00", "EventData.ProcessStartKey": "43628621390161825", "EventData.ProcessSignatureLevel": "8", "EventData.ProcessSectionSignatureLevel": "8", "EventData.ProcessProtection": "0", "EventData.TargetThreadId": "12416", "EventData.TargetThreadCreateTime": "2025-02-20 20:54:41.243332+00:00", "EventData.RequiredSignatureLevel": "8", "EventData.SignatureLevel": "0", "EventData.ImageNameLength": "60", "EventData.ImageName": "\\Program Files\\Common Files\\Crypto Pro\\AppCompat\\cpadvai.dll"}
{"EventID": "12", "Channel": "Microsoft-Windows-Security-Mitigations/KernelMode", "Provider_Name": "Microsoft-Windows-Security-Mitigations", "Computer": "DESKTOP-OFJ6N53", "TimeCreated": "2025-02-20 20:54:41.392534+00:00", "RecordID": "8389", "Level": "3", "UserID": "S-1-5-18", "EventData.ProcessPathLength": "59", "EventData.ProcessPath": "\\Device\\HarddiskVolume3\\Windows\\System32\\WaaSMedicAgent.exe", "EventData.ProcessCommandLineLength": "104", "EventData.ProcessCommandLine": "C:\\Windows\\System32\\WaaSMedicAgent.exe 770ed3f2f6cc0ead6a1c46b5305080d2 KKa8JGO6tU6BhtCuMVaeZg.0.1.0.0.0", "EventData.ProcessId": "12816", "EventData.ProcessCreateTime": "2025-02-20 20:54:40.246899+00:00", "EventData.ProcessStartKey": "43628621390161825", "EventData.ProcessSignatureLevel": "8", "EventData.ProcessSectionSignatureLevel": "8", "EventData.ProcessProtection": "0", "EventData.TargetThreadId": "12416", "EventData.TargetThreadCreateTime": "2025-02-20 20:54:41.243332+00:00", "EventData.RequiredSignatureLevel": "8", "EventData.SignatureLevel": "0", "EventData.ImageNameLength": "60", "EventData.ImageName": "\\Program Files\\Common Files\\Crypto Pro\\AppCompat\\cpwinet.dll"}
{"EventID": "12", "Channel": "Microsoft-Windows-Security-Mitigations/KernelMode", "Provider_Name": "Microsoft-Windows-Security-Mitigations", "Computer": "DESKTOP-OFJ6N53", "TimeCreated": "2025-02-20 20:54:41.489464+00:00", "RecordID": "8390", "Level": "3", "UserID": "S-1-5-18", "EventData.ProcessPathLength": "59", "EventData.ProcessPath": "\\Device\\HarddiskVolume3\\Windows\\System32\\WaaSMedicAgent.exe", "EventData.ProcessCommandLineLength": "104", "EventData.ProcessCommandLine": "C:\\Windows\\System32\\WaaSMedicAgent.exe 770ed3f2f6cc0ead6a1c46b5305080d2 KKa8JGO6tU6BhtCuMVaeZg.0.1.0.0.0", "EventData.ProcessId": "12816", "EventData.ProcessCreateTime": "2025-02-20 20:54:40.246899+00:00", "EventData.ProcessStartKey": "43628621390161825", "EventData.ProcessSignatureLevel": "8", "EventData.ProcessSectionSignatureLevel": "8", "EventData.ProcessProtection": "0", "EventData.TargetThreadId": "12416", "EventData.TargetThreadCreateTime": "2025-02-20 20:54:41.243332+00:00", "EventData.RequiredSignatureLevel": "8", "EventData.SignatureLevel": "0", "EventData.ImageNameLength": "58", "EventData.ImageName": "\\Program Files\\Common Files\\Crypto Pro\\AppCompat\\cpmsi.dll"}
{"EventID": "12", "Channel": "Microsoft-Windows-Security-Mitigations/KernelMode", "Provider_Name": "Microsoft-Windows-Security-Mitigations", "Computer": "DESKTOP-OFJ6N53", "TimeCreated": "2025-02-20 20:54:41.686701+00:00", "RecordID": "8391", "Level": "3", "UserID": "S-1-5-18", "EventData.ProcessPathLength": "59", "EventData.ProcessPath": "\\Device\\HarddiskVolume3\\Windows\\System32\\WaaSMedicAgent.exe", "EventData.ProcessCommandLineLength": "104", "EventData.ProcessCommandLine": "C:\\Windows\\System32\\WaaSMedicAgent.exe 770ed3f2f6cc0ead6a1c46b5305080d2 KKa8JGO6tU6BhtCuMVaeZg.0.1.0.0.0", "EventData.ProcessId": "12816", "EventData.ProcessCreateTime": "2025-02-20 20:54:40.246899+00:00", "EventData.ProcessStartKey": "43628621390161825", "EventData.ProcessSignatureLevel": "8", "EventData.ProcessSectionSignatureLevel": "8", "EventData.ProcessProtection": "0", "EventData.TargetThreadId": "12416", "EventData.TargetThreadCreateTime": "2025-02-20 20:54:41.243332+00:00", "EventData.RequiredSignatureLevel": "8", "EventData.SignatureLevel": "0", "EventData.ImageNameLength": "61", "EventData.ImageName": "\\Program Files\\Common Files\\Crypto Pro\\AppCompat\\cpenroll.dll"}
{"EventID": "12", "Channel": "Microsoft-Windows-Security-Mitigations/KernelMode", "Provider_Name": "Microsoft-Windows-Security-Mitigations", "Computer": "DESKTOP-OFJ6N53", "TimeCreated": "2025-02-20 20:54:42.046749+00:00", "RecordID": "8392", "Level": "3", "UserID": "S-1-5-18", "EventData.ProcessPathLength": "59", "EventData.ProcessPath": "\\Device\\HarddiskVolume3\\Windows\\System32\\WaaSMedicAgent.exe", "EventData.ProcessCommandLineLength": "104", "EventData.ProcessCommandLine": "C:\\Windows\\System32\\WaaSMedicAgent.exe 770ed3f2f6cc0ead6a1c46b5305080d2 KKa8JGO6tU6BhtCuMVaeZg.0.1.0.0.0", "EventData.ProcessId": "12816", "EventData.ProcessCreateTime": "2025-02-20 20:54:40.246899+00:00", "EventData.ProcessStartKey": "43628621390161825", "EventData.ProcessSignatureLevel": "8", "EventData.ProcessSectionSignatureLevel": "8", "EventData.ProcessProtection": "0", "EventData.TargetThreadId": "12328", "EventData.TargetThreadCreateTime": "2025-02-20 20:54:41.243835+00:00", "EventData.RequiredSignatureLevel": "8", "EventData.SignatureLevel": "0", "EventData.ImageNameLength": "60", "EventData.ImageName": "\\Program Files\\Common Files\\Crypto Pro\\AppCompat\\cpschan.dll"}
{"EventID": "12", "Channel": "Microsoft-Windows-Security-Mitigations/KernelMode", "Provider_Name": "Microsoft-Windows-Security-Mitigations", "Computer": "DESKTOP-OFJ6N53", "TimeCreated": "2025-02-21 15:05:20.915682+00:00", "RecordID": "8393", "Level": "3", "UserID": "S-1-5-18", "EventData.ProcessPathLength": "100", "EventData.ProcessPath": "\\Device\\HarddiskVolume3\\ProgramData\\Microsoft\\Windows Defender\\Platform\\4.18.24090.11-0\\MpCmdRun.exe", "EventData.ProcessCommandLineLength": "135", "EventData.ProcessCommandLine": "\"C:\\ProgramData\\Microsoft\\Windows Defender\\Platform\\4.18.24090.11-0\\MpCmdRun.exe\" SignaturesUpdateService -ScheduleJob -UnmanagedUpdate", "EventData.ProcessId": "12852", "EventData.ProcessCreateTime": "2025-02-21 15:05:13.711479+00:00", "EventData.ProcessStartKey": "43628621390162618", "EventData.ProcessSignatureLevel": "8", "EventData.ProcessSectionSignatureLevel": "8", "EventData.ProcessProtection": "0", "EventData.TargetThreadId": "12860", "EventData.TargetThreadCreateTime": "2025-02-21 15:05:13.854517+00:00", "EventData.RequiredSignatureLevel": "8", "EventData.SignatureLevel": "0", "EventData.ImageNameLength": "60", "EventData.ImageName": "\\Program Files\\Common Files\\Crypto Pro\\AppCompat\\cpadvai.dll"}
{"EventID": "12", "Channel": "Microsoft-Windows-Security-Mitigations/KernelMode", "Provider_Name": "Microsoft-Windows-Security-Mitigations", "Computer": "DESKTOP-OFJ6N53", "TimeCreated": "2025-02-22 15:05:24.473886+00:00", "RecordID": "8394", "Level": "3", "UserID": "S-1-5-18", "EventData.ProcessPathLength": "100", "EventData.ProcessPath": "\\Device\\HarddiskVolume3\\ProgramData\\Microsoft\\Windows Defender\\Platform\\4.18.24090.11-0\\MpCmdRun.exe", "EventData.ProcessCommandLineLength": "135", "EventData.ProcessCommandLine": "\"C:\\ProgramData\\Microsoft\\Windows Defender\\Platform\\4.18.24090.11-0\\MpCmdRun.exe\" SignaturesUpdateService -ScheduleJob -UnmanagedUpdate", "EventData.ProcessId": "8584", "EventData.ProcessCreateTime": "2025-02-22 15:05:14.910152+00:00", "EventData.ProcessStartKey": "43628621390163727", "EventData.ProcessSignatureLevel": "8", "EventData.ProcessSectionSignatureLevel": "8", "EventData.ProcessProtection": "0", "EventData.TargetThreadId": "6224", "EventData.TargetThreadCreateTime": "2025-02-22 15:05:15.060055+00:00", "EventData.RequiredSignatureLevel": "8", "EventData.SignatureLevel": "0", "EventData.ImageNameLength": "60", "EventData.ImageName": "\\Program Files\\Common Files\\Crypto Pro\\AppCompat\\cpadvai.dll"}
{"EventID": "12", "Channel": "Microsoft-Windows-Security-Mitigations/KernelMode", "Provider_Name": "Microsoft-Windows-Security-Mitigations", "Computer": "DESKTOP-OFJ6N53", "TimeCreated": "2025-02-23 01:09:49.068460+00:00", "RecordID": "8395", "Level": "3", "UserID": "S-1-5-18", "EventData.ProcessPathLength": "59", "EventData.ProcessPath": "\\Device\\HarddiskVolume3\\Windows\\System32\\WaaSMedicAgent.exe", "EventData.ProcessCommandLineLength": "94", "EventData.ProcessCommandLine": "C:\\Windows\\System32\\WaaSMedicAgent.exe 4c97b342bbf0ea49ffff6a6befc7cb5a 1Q/04IP6D0mzXvbk.0.0.0", "EventData.ProcessId": "3756", "EventData.ProcessCreateTime": "2025-02-23 01:09:48.047205+00:00", "EventData.ProcessStartKey": "43628621390164168", "EventData.ProcessSignatureLevel": "8", "EventData.ProcessSectionSignatureLevel": "8", "EventData.ProcessProtection": "0", "EventData.TargetThreadId": "12508", "EventData.TargetThreadCreateTime": "2025-02-23 01:09:49.053516+00:00", "EventData.RequiredSignatureLevel": "8", "EventData.SignatureLevel": "0", "EventData.ImageNameLength": "60", "EventData.ImageName": "\\Program Files\\Common Files\\Crypto Pro\\AppCompat\\cpadvai.dll"}
{"EventID": "12", "Channel": "Microsoft-Windows-Security-Mitigations/KernelMode", "Provider_Name": "Microsoft-Windows-Security-Mitigations", "Computer": "DESKTOP-OFJ6N53", "TimeCreated": "2025-02-23 01:09:54.760763+00:00", "RecordID": "8396", "Level": "3", "UserID": "S-1-5-18", "EventData.ProcessPathLength": "59", "EventData.ProcessPath": "\\Device\\HarddiskVolume3\\Windows\\System32\\WaaSMedicAgent.exe", "EventData.ProcessCommandLineLength": "94", "EventData.ProcessCommandLine": "C:\\Windows\\System32\\WaaSMedicAgent.exe 32d8cd933ace17e5c9c47d996b5bd035 1Q/04IP6D0mzXvbk.0.0.0", "EventData.ProcessId": "1500", "EventData.ProcessCreateTime": "2025-02-23 01:09:53.757994+00:00", "EventData.ProcessStartKey": "43628621390164173", "EventData.ProcessSignatureLevel": "8", "EventData.ProcessSectionSignatureLevel": "8", "EventData.ProcessProtection": "0", "EventData.TargetThreadId": "7968", "EventData.TargetThreadCreateTime": "2025-02-23 01:09:54.753746+00:00", "EventData.RequiredSignatureLevel": "8", "EventData.SignatureLevel": "0", "EventData.ImageNameLength": "60", "EventData.ImageName": "\\Program Files\\Common Files\\Crypto Pro\\AppCompat\\cpadvai.dll"}
{"EventID": "12", "Channel": "Microsoft-Windows-Security-Mitigations/KernelMode", "Provider_Name": "Microsoft-Windows-Security-Mitigations", "Computer": "DESKTOP-OFJ6N53", "TimeCreated": "2025-02-23 01:09:54.929098+00:00", "RecordID": "8397", "Level": "3", "UserID": "S-1-5-18", "EventData.ProcessPathLength": "59", "EventData.ProcessPath": "\\Device\\HarddiskVolume3\\Windows\\System32\\WaaSMedicAgent.exe", "EventData.ProcessCommandLineLength": "94", "EventData.ProcessCommandLine": "C:\\Windows\\System32\\WaaSMedicAgent.exe 32d8cd933ace17e5c9c47d996b5bd035 1Q/04IP6D0mzXvbk.0.0.0", "EventData.ProcessId": "1500", "EventData.ProcessCreateTime": "2025-02-23 01:09:53.757994+00:00", "EventData.ProcessStartKey": "43628621390164173", "EventData.ProcessSignatureLevel": "8", "EventData.ProcessSectionSignatureLevel": "8", "EventData.ProcessProtection": "0", "EventData.TargetThreadId": "7968", "EventData.TargetThreadCreateTime": "2025-02-23 01:09:54.753746+00:00", "EventData.RequiredSignatureLevel": "8", "EventData.SignatureLevel": "0", "EventData.ImageNameLength": "60", "EventData.ImageName": "\\Program Files\\Common Files\\Crypto Pro\\AppCompat\\cpwinet.dll"}
{"EventID": "12", "Channel": "Microsoft-Windows-Security-Mitigations/KernelMode", "Provider_Name": "Microsoft-Windows-Security-Mitigations", "Computer": "DESKTOP-OFJ6N53", "TimeCreated": "2025-02-23 01:09:55.022314+00:00", "RecordID": "8398", "Level": "3", "UserID": "S-1-5-18", "EventData.ProcessPathLength": "59", "EventData.ProcessPath": "\\Device\\HarddiskVolume3\\Windows\\System32\\WaaSMedicAgent.exe", "EventData.ProcessCommandLineLength": "94", "EventData.ProcessCommandLine": "C:\\Windows\\System32\\WaaSMedicAgent.exe 32d8cd933ace17e5c9c47d996b5bd035 1Q/04IP6D0mzXvbk.0.0.0", "EventData.ProcessId": "1500", "EventData.ProcessCreateTime": "2025-02-23 01:09:53.757994+00:00", "EventData.ProcessStartKey": "43628621390164173", "EventData.ProcessSignatureLevel": "8", "EventData.ProcessSectionSignatureLevel": "8", "EventData.ProcessProtection": "0", "EventData.TargetThreadId": "7968", "EventData.TargetThreadCreateTime": "2025-02-23 01:09:54.753746+00:00", "EventData.RequiredSignatureLevel": "8", "EventData.SignatureLevel": "0", "EventData.ImageNameLength": "58", "EventData.ImageName": "\\Program Files\\Common Files\\Crypto Pro\\AppCompat\\cpmsi.dll"}
{"EventID": "12", "Channel": "Microsoft-Windows-Security-Mitigations/KernelMode", "Provider_Name": "Microsoft-Windows-Security-Mitigations", "Computer": "DESKTOP-OFJ6N53", "TimeCreated": "2025-02-23 01:09:55.232931+00:00", "RecordID": "8399", "Level": "3", "UserID": "S-1-5-18", "EventData.ProcessPathLength": "59", "EventData.ProcessPath": "\\Device\\HarddiskVolume3\\Windows\\System32\\WaaSMedicAgent.exe", "EventData.ProcessCommandLineLength": "94", "EventData.ProcessCommandLine": "C:\\Windows\\System32\\WaaSMedicAgent.exe 32d8cd933ace17e5c9c47d996b5bd035 1Q/04IP6D0mzXvbk.0.0.0", "EventData.ProcessId": "1500", "EventData.ProcessCreateTime": "2025-02-23 01:09:53.757994+00:00", "EventData.ProcessStartKey": "43628621390164173", "EventData.ProcessSignatureLevel": "8", "EventData.ProcessSectionSignatureLevel": "8", "EventData.ProcessProtection": "0", "EventData.TargetThreadId": "7968", "EventData.TargetThreadCreateTime": "2025-02-23 01:09:54.753746+00:00", "EventData.RequiredSignatureLevel": "8", "EventData.SignatureLevel": "0", "EventData.ImageNameLength": "61", "EventData.ImageName": "\\Program Files\\Common Files\\Crypto Pro\\AppCompat\\cpenroll.dll"}
{"EventID": "12", "Channel": "Microsoft-Windows-Security-Mitigations/KernelMode", "Provider_Name": "Microsoft-Windows-Security-Mitigations", "Computer": "DESKTOP-OFJ6N53", "TimeCreated": "2025-02-23 01:09:55.593168+00:00", "RecordID": "8400", "Level": "3", "UserID": "S-1-5-18", "EventData.ProcessPathLength": "59", "EventData.ProcessPath": "\\Device\\HarddiskVolume3\\Windows\\System32\\WaaSMedicAgent.exe", "EventData.ProcessCommandLineLength": "94", "EventData.ProcessCommandLine": "C:\\Windows\\System32\\WaaSMedicAgent.exe 32d8cd933ace17e5c9c47d996b5bd035 1Q/04IP6D0mzXvbk.0.0.0", "EventData.ProcessId": "1500", "EventData.ProcessCreateTime": "2025-02-23 01:09:53.757994+00:00", "EventData.ProcessStartKey": "43628621390164173", "EventData.ProcessSignatureLevel": "8", "EventData.ProcessSectionSignatureLevel": "8", "EventData.ProcessProtection": "0", "EventData.TargetThreadId": "3448", "EventData.TargetThreadCreateTime": "2025-02-23 01:09:54.754160+00:00", "EventData.RequiredSignatureLevel": "8", "EventData.SignatureLevel": "0", "EventData.ImageNameLength": "60", "EventData.ImageName": "\\Program Files\\Common Files\\Crypto Pro\\AppCompat\\cpschan.dll"}
{"EventID": "12", "Channel": "Microsoft-Windows-Security-Mitigations/KernelMode", "Provider_Name": "Microsoft-Windows-Security-Mitigations", "Computer": "DESKTOP-OFJ6N53", "TimeCreated": "2025-02-23 15:05:34.747547+00:00", "RecordID": "8401", "Level": "3", "UserID": "S-1-5-18", "EventData.ProcessPathLength": "100", "EventData.ProcessPath": "\\Device\\HarddiskVolume3\\ProgramData\\Microsoft\\Windows Defender\\Platform\\4.18.24090.11-0\\MpCmdRun.exe", "EventData.ProcessCommandLineLength": "135", "EventData.ProcessCommandLine": "\"C:\\ProgramData\\Microsoft\\Windows Defender\\Platform\\4.18.24090.11-0\\MpCmdRun.exe\" SignaturesUpdateService -ScheduleJob -UnmanagedUpdate", "EventData.ProcessId": "5048", "EventData.ProcessCreateTime": "2025-02-23 15:05:16.140911+00:00", "EventData.ProcessStartKey": "43628621390164858", "EventData.ProcessSignatureLevel": "8", "EventData.ProcessSectionSignatureLevel": "8", "EventData.ProcessProtection": "0", "EventData.TargetThreadId": "6216", "EventData.TargetThreadCreateTime": "2025-02-23 15:05:16.292091+00:00", "EventData.RequiredSignatureLevel": "8", "EventData.SignatureLevel": "0", "EventData.ImageNameLength": "60", "EventData.ImageName": "\\Program Files\\Common Files\\Crypto Pro\\AppCompat\\cpadvai.dll"}
{"EventID": "12", "Channel": "Microsoft-Windows-Security-Mitigations/KernelMode", "Provider_Name": "Microsoft-Windows-Security-Mitigations", "Computer": "DESKTOP-OFJ6N53", "TimeCreated": "2025-02-24 15:05:31.255276+00:00", "RecordID": "8402", "Level": "3", "UserID": "S-1-5-18", "EventData.ProcessPathLength": "100", "EventData.ProcessPath": "\\Device\\HarddiskVolume3\\ProgramData\\Microsoft\\Windows Defender\\Platform\\4.18.24090.11-0\\MpCmdRun.exe", "EventData.ProcessCommandLineLength": "135", "EventData.ProcessCommandLine": "\"C:\\ProgramData\\Microsoft\\Windows Defender\\Platform\\4.18.24090.11-0\\MpCmdRun.exe\" SignaturesUpdateService -ScheduleJob -UnmanagedUpdate", "EventData.ProcessId": "11464", "EventData.ProcessCreateTime": "2025-02-24 15:05:17.300724+00:00", "EventData.ProcessStartKey": "43628621390165978", "EventData.ProcessSignatureLevel": "8", "EventData.ProcessSectionSignatureLevel": "8", "EventData.ProcessProtection": "0", "EventData.TargetThreadId": "8336", "EventData.TargetThreadCreateTime": "2025-02-24 15:05:17.459446+00:00", "EventData.RequiredSignatureLevel": "8", "EventData.SignatureLevel": "0", "EventData.ImageNameLength": "60", "EventData.ImageName": "\\Program Files\\Common Files\\Crypto Pro\\AppCompat\\cpadvai.dll"}
{"EventID": "12", "Channel": "Microsoft-Windows-Security-Mitigations/KernelMode", "Provider_Name": "Microsoft-Windows-Security-Mitigations", "Computer": "DESKTOP-OFJ6N53", "TimeCreated": "2025-02-25 05:52:49.660580+00:00", "RecordID": "8403", "Level": "3", "UserID": "S-1-5-21-963789628-1060504924-4285088085-1001", "EventData.ProcessPathLength": "74", "EventData.ProcessPath": "\\Device\\HarddiskVolume3\\Program Files\\Google\\Chrome\\Application\\chrome.exe", "EventData.ProcessCommandLineLength": "512", "EventData.ProcessCommandLine": "\"C:\\Program Files\\Google\\Chrome\\Application\\chrome.exe\" --type=renderer --string-annotations --extension-process --disable-gpu-compositing --video-capture-use-gpu-memory-buffer --lang=ru --device-scale-factor=1 --num-raster-threads=2 --enable-main-frame-before-activation --renderer-client-id=134 --time-ticks-at-unix-epoch=-1739372056190546 --launch-time-ticks=1090698635633 --field-trial-handle=7872,i,11733408027932219996,16652177763964427796,262144 --variations-seed-version=20250211-180335.527000 --mojo-pla", "EventData.ProcessId": "8572", "EventData.ProcessCreateTime": "2025-02-25 05:52:49.586382+00:00", "EventData.ProcessStartKey": "43628621390166618", "EventData.ProcessSignatureLevel": "8", "EventData.ProcessSectionSignatureLevel": "8", "EventData.ProcessProtection": "0", "EventData.TargetThreadId": "10016", "EventData.TargetThreadCreateTime": "2025-02-25 05:52:49.586386+00:00", "EventData.RequiredSignatureLevel": "8", "EventData.SignatureLevel": "0", "EventData.ImageNameLength": "60", "EventData.ImageName": "\\Program Files\\Common Files\\Crypto Pro\\AppCompat\\cpcrypt.dll"}
{"EventID": "12", "Channel": "Microsoft-Windows-Security-Mitigations/KernelMode", "Provider_Name": "Microsoft-Windows-Security-Mitigations", "Computer": "DESKTOP-OFJ6N53", "TimeCreated": "2025-02-25 15:05:40.649420+00:00", "RecordID": "8404", "Level": "3", "UserID": "S-1-5-18", "EventData.ProcessPathLength": "100", "EventData.ProcessPath": "\\Device\\HarddiskVolume3\\ProgramData\\Microsoft\\Windows Defender\\Platform\\4.18.24090.11-0\\MpCmdRun.exe", "EventData.ProcessCommandLineLength": "135", "EventData.ProcessCommandLine": "\"C:\\ProgramData\\Microsoft\\Windows Defender\\Platform\\4.18.24090.11-0\\MpCmdRun.exe\" SignaturesUpdateService -ScheduleJob -UnmanagedUpdate", "EventData.ProcessId": "4216", "EventData.ProcessCreateTime": "2025-02-25 15:05:18.535398+00:00", "EventData.ProcessStartKey": "43628621390167105", "EventData.ProcessSignatureLevel": "8", "EventData.ProcessSectionSignatureLevel": "8", "EventData.ProcessProtection": "0", "EventData.TargetThreadId": "8536", "EventData.TargetThreadCreateTime": "2025-02-25 15:05:18.666128+00:00", "EventData.RequiredSignatureLevel": "8", "EventData.SignatureLevel": "0", "EventData.ImageNameLength": "60", "EventData.ImageName": "\\Program Files\\Common Files\\Crypto Pro\\AppCompat\\cpadvai.dll"}
{"EventID": "12", "Channel": "Microsoft-Windows-Security-Mitigations/KernelMode", "Provider_Name": "Microsoft-Windows-Security-Mitigations", "Computer": "DESKTOP-OFJ6N53", "TimeCreated": "2025-02-26 15:05:35.315250+00:00", "RecordID": "8405", "Level": "3", "UserID": "S-1-5-18", "EventData.ProcessPathLength": "100", "EventData.ProcessPath": "\\Device\\HarddiskVolume3\\ProgramData\\Microsoft\\Windows Defender\\Platform\\4.18.24090.11-0\\MpCmdRun.exe", "EventData.ProcessCommandLineLength": "135", "EventData.ProcessCommandLine": "\"C:\\ProgramData\\Microsoft\\Windows Defender\\Platform\\4.18.24090.11-0\\MpCmdRun.exe\" SignaturesUpdateService -ScheduleJob -UnmanagedUpdate", "EventData.ProcessId": "7752", "EventData.ProcessCreateTime": "2025-02-26 15:05:19.773045+00:00", "EventData.ProcessStartKey": "43628621390168248", "EventData.ProcessSignatureLevel": "8", "EventData.ProcessSectionSignatureLevel": "8", "EventData.ProcessProtection": "0", "EventData.TargetThreadId": "3812", "EventData.TargetThreadCreateTime": "2025-02-26 15:05:19.932035+00:00", "EventData.RequiredSignatureLevel": "8", "EventData.SignatureLevel": "0", "EventData.ImageNameLength": "60", "EventData.ImageName": "\\Program Files\\Common Files\\Crypto Pro\\AppCompat\\cpadvai.dll"}
{"EventID": "12", "Channel": "Microsoft-Windows-Security-Mitigations/KernelMode", "Provider_Name": "Microsoft-Windows-Security-Mitigations", "Computer": "DESKTOP-OFJ6N53", "TimeCreated": "2025-02-27 15:05:36.826794+00:00", "RecordID": "8406", "Level": "3", "UserID": "S-1-5-18", "EventData.ProcessPathLength": "100", "EventData.ProcessPath": "\\Device\\HarddiskVolume3\\ProgramData\\Microsoft\\Windows Defender\\Platform\\4.18.24090.11-0\\MpCmdRun.exe", "EventData.ProcessCommandLineLength": "135", "EventData.ProcessCommandLine": "\"C:\\ProgramData\\Microsoft\\Windows Defender\\Platform\\4.18.24090.11-0\\MpCmdRun.exe\" SignaturesUpdateService -ScheduleJob -UnmanagedUpdate", "EventData.ProcessId": "4144", "EventData.ProcessCreateTime": "2025-02-27 15:05:20.899090+00:00", "EventData.ProcessStartKey": "43628621390169367", "EventData.ProcessSignatureLevel": "8", "EventData.ProcessSectionSignatureLevel": "8", "EventData.ProcessProtection": "0", "EventData.TargetThreadId": "13656", "EventData.TargetThreadCreateTime": "2025-02-27 15:05:21.038885+00:00", "EventData.RequiredSignatureLevel": "8", "EventData.SignatureLevel": "0", "EventData.ImageNameLength": "60", "EventData.ImageName": "\\Program Files\\Common Files\\Crypto Pro\\AppCompat\\cpadvai.dll"}
{"EventID": "12", "Channel": "Microsoft-Windows-Security-Mitigations/KernelMode", "Provider_Name": "Microsoft-Windows-Security-Mitigations", "Computer": "DESKTOP-OFJ6N53", "TimeCreated": "2025-02-28 08:54:32.111155+00:00", "RecordID": "8407", "Level": "3", "UserID": "S-1-5-18", "EventData.ProcessPathLength": "59", "EventData.ProcessPath": "\\Device\\HarddiskVolume3\\Windows\\System32\\WaaSMedicAgent.exe", "EventData.ProcessCommandLineLength": "104", "EventData.ProcessCommandLine": "C:\\Windows\\System32\\WaaSMedicAgent.exe a4f91ddaece440181cb9e115b515c35e dKvFhLwigUaBuVj0HLgvHg.0.1.0.0.0", "EventData.ProcessId": "13900", "EventData.ProcessCreateTime": "2025-02-28 08:54:31.082424+00:00", "EventData.ProcessStartKey": "43628621390170143", "EventData.ProcessSignatureLevel": "8", "EventData.ProcessSectionSignatureLevel": "8", "EventData.ProcessProtection": "0", "EventData.TargetThreadId": "13340", "EventData.TargetThreadCreateTime": "2025-02-28 08:54:32.101643+00:00", "EventData.RequiredSignatureLevel": "8", "EventData.SignatureLevel": "0", "EventData.ImageNameLength": "60", "EventData.ImageName": "\\Program Files\\Common Files\\Crypto Pro\\AppCompat\\cpadvai.dll"}
{"EventID": "12", "Channel": "Microsoft-Windows-Security-Mitigations/KernelMode", "Provider_Name": "Microsoft-Windows-Security-Mitigations", "Computer": "DESKTOP-OFJ6N53", "TimeCreated": "2025-02-28 08:54:40.080833+00:00", "RecordID": "8408", "Level": "3", "UserID": "S-1-5-18", "EventData.ProcessPathLength": "59", "EventData.ProcessPath": "\\Device\\HarddiskVolume3\\Windows\\System32\\WaaSMedicAgent.exe", "EventData.ProcessCommandLineLength": "104", "EventData.ProcessCommandLine": "C:\\Windows\\System32\\WaaSMedicAgent.exe 0f7351650a3a21db8fb45bb905ee74f8 dKvFhLwigUaBuVj0HLgvHg.0.1.0.0.0", "EventData.ProcessId": "5260", "EventData.ProcessCreateTime": "2025-02-28 08:54:39.069735+00:00", "EventData.ProcessStartKey": "43628621390170148", "EventData.ProcessSignatureLevel": "8", "EventData.ProcessSectionSignatureLevel": "8", "EventData.ProcessProtection": "0", "EventData.TargetThreadId": "8300", "EventData.TargetThreadCreateTime": "2025-02-28 08:54:40.073309+00:00", "EventData.RequiredSignatureLevel": "8", "EventData.SignatureLevel": "0", "EventData.ImageNameLength": "60", "EventData.ImageName": "\\Program Files\\Common Files\\Crypto Pro\\AppCompat\\cpadvai.dll"}
{"EventID": "12", "Channel": "Microsoft-Windows-Security-Mitigations/KernelMode", "Provider_Name": "Microsoft-Windows-Security-Mitigations", "Computer": "DESKTOP-OFJ6N53", "TimeCreated": "2025-02-28 08:54:40.219204+00:00", "RecordID": "8409", "Level": "3", "UserID": "S-1-5-18", "EventData.ProcessPathLength": "59", "EventData.ProcessPath": "\\Device\\HarddiskVolume3\\Windows\\System32\\WaaSMedicAgent.exe", "EventData.ProcessCommandLineLength": "104", "EventData.ProcessCommandLine": "C:\\Windows\\System32\\WaaSMedicAgent.exe 0f7351650a3a21db8fb45bb905ee74f8 dKvFhLwigUaBuVj0HLgvHg.0.1.0.0.0", "EventData.ProcessId": "5260", "EventData.ProcessCreateTime": "2025-02-28 08:54:39.069735+00:00", "EventData.ProcessStartKey": "43628621390170148", "EventData.ProcessSignatureLevel": "8", "EventData.ProcessSectionSignatureLevel": "8", "EventData.ProcessProtection": "0", "EventData.TargetThreadId": "8300", "EventData.TargetThreadCreateTime": "2025-02-28 08:54:40.073309+00:00", "EventData.RequiredSignatureLevel": "8", "EventData.SignatureLevel": "0", "EventData.ImageNameLength": "60", "EventData.ImageName": "\\Program Files\\Common Files\\Crypto Pro\\AppCompat\\cpwinet.dll"}
{"EventID": "12", "Channel": "Microsoft-Windows-Security-Mitigations/KernelMode", "Provider_Name": "Microsoft-Windows-Security-Mitigations", "Computer": "DESKTOP-OFJ6N53", "TimeCreated": "2025-02-28 08:54:40.312061+00:00", "RecordID": "8410", "Level": "3", "UserID": "S-1-5-18", "EventData.ProcessPathLength": "59", "EventData.ProcessPath": "\\Device\\HarddiskVolume3\\Windows\\System32\\WaaSMedicAgent.exe", "EventData.ProcessCommandLineLength": "104", "EventData.ProcessCommandLine": "C:\\Windows\\System32\\WaaSMedicAgent.exe 0f7351650a3a21db8fb45bb905ee74f8 dKvFhLwigUaBuVj0HLgvHg.0.1.0.0.0", "EventData.ProcessId": "5260", "EventData.ProcessCreateTime": "2025-02-28 08:54:39.069735+00:00", "EventData.ProcessStartKey": "43628621390170148", "EventData.ProcessSignatureLevel": "8", "EventData.ProcessSectionSignatureLevel": "8", "EventData.ProcessProtection": "0", "EventData.TargetThreadId": "8300", "EventData.TargetThreadCreateTime": "2025-02-28 08:54:40.073309+00:00", "EventData.RequiredSignatureLevel": "8", "EventData.SignatureLevel": "0", "EventData.ImageNameLength": "58", "EventData.ImageName": "\\Program Files\\Common Files\\Crypto Pro\\AppCompat\\cpmsi.dll"}
{"EventID": "12", "Channel": "Microsoft-Windows-Security-Mitigations/KernelMode", "Provider_Name": "Microsoft-Windows-Security-Mitigations", "Computer": "DESKTOP-OFJ6N53", "TimeCreated": "2025-02-28 08:54:40.503048+00:00", "RecordID": "8411", "Level": "3", "UserID": "S-1-5-18", "EventData.ProcessPathLength": "59", "EventData.ProcessPath": "\\Device\\HarddiskVolume3\\Windows\\System32\\WaaSMedicAgent.exe", "EventData.ProcessCommandLineLength": "104", "EventData.ProcessCommandLine": "C:\\Windows\\System32\\WaaSMedicAgent.exe 0f7351650a3a21db8fb45bb905ee74f8 dKvFhLwigUaBuVj0HLgvHg.0.1.0.0.0", "EventData.ProcessId": "5260", "EventData.ProcessCreateTime": "2025-02-28 08:54:39.069735+00:00", "EventData.ProcessStartKey": "43628621390170148", "EventData.ProcessSignatureLevel": "8", "EventData.ProcessSectionSignatureLevel": "8", "EventData.ProcessProtection": "0", "EventData.TargetThreadId": "8300", "EventData.TargetThreadCreateTime": "2025-02-28 08:54:40.073309+00:00", "EventData.RequiredSignatureLevel": "8", "EventData.SignatureLevel": "0", "EventData.ImageNameLength": "61", "EventData.ImageName": "\\Program Files\\Common Files\\Crypto Pro\\AppCompat\\cpenroll.dll"}
{"EventID": "12", "Channel": "Microsoft-Windows-Security-Mitigations/KernelMode", "Provider_Name": "Microsoft-Windows-Security-Mitigations", "Computer": "DESKTOP-OFJ6N53", "TimeCreated": "2025-02-28 08:54:40.831608+00:00", "RecordID": "8412", "Level": "3", "UserID": "S-1-5-18", "EventData.ProcessPathLength": "59", "EventData.ProcessPath": "\\Device\\HarddiskVolume3\\Windows\\System32\\WaaSMedicAgent.exe", "EventData.ProcessCommandLineLength": "104", "EventData.ProcessCommandLine": "C:\\Windows\\System32\\WaaSMedicAgent.exe 0f7351650a3a21db8fb45bb905ee74f8 dKvFhLwigUaBuVj0HLgvHg.0.1.0.0.0", "EventData.ProcessId": "5260", "EventData.ProcessCreateTime": "2025-02-28 08:54:39.069735+00:00", "EventData.ProcessStartKey": "43628621390170148", "EventData.ProcessSignatureLevel": "8", "EventData.ProcessSectionSignatureLevel": "8", "EventData.ProcessProtection": "0", "EventData.TargetThreadId": "8816", "EventData.TargetThreadCreateTime": "2025-02-28 08:54:40.073647+00:00", "EventData.RequiredSignatureLevel": "8", "EventData.SignatureLevel": "0", "EventData.ImageNameLength": "60", "EventData.ImageName": "\\Program Files\\Common Files\\Crypto Pro\\AppCompat\\cpschan.dll"}
{"EventID": "12", "Channel": "Microsoft-Windows-Security-Mitigations/KernelMode", "Provider_Name": "Microsoft-Windows-Security-Mitigations", "Computer": "DESKTOP-OFJ6N53", "TimeCreated": "2025-02-28 15:05:38.775146+00:00", "RecordID": "8413", "Level": "3", "UserID": "S-1-5-18", "EventData.ProcessPathLength": "100", "EventData.ProcessPath": "\\Device\\HarddiskVolume3\\ProgramData\\Microsoft\\Windows Defender\\Platform\\4.18.24090.11-0\\MpCmdRun.exe", "EventData.ProcessCommandLineLength": "135", "EventData.ProcessCommandLine": "\"C:\\ProgramData\\Microsoft\\Windows Defender\\Platform\\4.18.24090.11-0\\MpCmdRun.exe\" SignaturesUpdateService -ScheduleJob -UnmanagedUpdate", "EventData.ProcessId": "10976", "EventData.ProcessCreateTime": "2025-02-28 15:05:22.205059+00:00", "EventData.ProcessStartKey": "43628621390170509", "EventData.ProcessSignatureLevel": "8", "EventData.ProcessSectionSignatureLevel": "8", "EventData.ProcessProtection": "0", "EventData.TargetThreadId": "1584", "EventData.TargetThreadCreateTime": "2025-02-28 15:05:22.350508+00:00", "EventData.RequiredSignatureLevel": "8", "EventData.SignatureLevel": "0", "EventData.ImageNameLength": "60", "EventData.ImageName": "\\Program Files\\Common Files\\Crypto Pro\\AppCompat\\cpadvai.dll"}
{"EventID": "12", "Channel": "Microsoft-Windows-Security-Mitigations/KernelMode", "Provider_Name": "Microsoft-Windows-Security-Mitigations", "Computer": "DESKTOP-OFJ6N53", "TimeCreated": "2025-03-01 15:05:40.722488+00:00", "RecordID": "8414", "Level": "3", "UserID": "S-1-5-18", "EventData.ProcessPathLength": "100", "EventData.ProcessPath": "\\Device\\HarddiskVolume3\\ProgramData\\Microsoft\\Windows Defender\\Platform\\4.18.24090.11-0\\MpCmdRun.exe", "EventData.ProcessCommandLineLength": "135", "EventData.ProcessCommandLine": "\"C:\\ProgramData\\Microsoft\\Windows Defender\\Platform\\4.18.24090.11-0\\MpCmdRun.exe\" SignaturesUpdateService -ScheduleJob -UnmanagedUpdate", "EventData.ProcessId": "2364", "EventData.ProcessCreateTime": "2025-03-01 15:05:23.414864+00:00", "EventData.ProcessStartKey": "43628621390171673", "EventData.ProcessSignatureLevel": "8", "EventData.ProcessSectionSignatureLevel": "8", "EventData.ProcessProtection": "0", "EventData.TargetThreadId": "11464", "EventData.TargetThreadCreateTime": "2025-03-01 15:05:23.570314+00:00", "EventData.RequiredSignatureLevel": "8", "EventData.SignatureLevel": "0", "EventData.ImageNameLength": "60", "EventData.ImageName": "\\Program Files\\Common Files\\Crypto Pro\\AppCompat\\cpadvai.dll"}
{"EventID": "12", "Channel": "Microsoft-Windows-Security-Mitigations/KernelMode", "Provider_Name": "Microsoft-Windows-Security-Mitigations", "Computer": "DESKTOP-OFJ6N53", "TimeCreated": "2025-03-02 03:25:16.834726+00:00", "RecordID": "8415", "Level": "3", "UserID": "S-1-5-18", "EventData.ProcessPathLength": "59", "EventData.ProcessPath": "\\Device\\HarddiskVolume3\\Windows\\System32\\WaaSMedicAgent.exe", "EventData.ProcessCommandLineLength": "94", "EventData.ProcessCommandLine": "C:\\Windows\\System32\\WaaSMedicAgent.exe 2d9d87c4c52893fc793b1db54105530e vxGKzxxBOkGgr9B4.0.0.0", "EventData.ProcessId": "7136", "EventData.ProcessCreateTime": "2025-03-02 03:25:15.815012+00:00", "EventData.ProcessStartKey": "43628621390172248", "EventData.ProcessSignatureLevel": "8", "EventData.ProcessSectionSignatureLevel": "8", "EventData.ProcessProtection": "0", "EventData.TargetThreadId": "8072", "EventData.TargetThreadCreateTime": "2025-03-02 03:25:16.825691+00:00", "EventData.RequiredSignatureLevel": "8", "EventData.SignatureLevel": "0", "EventData.ImageNameLength": "60", "EventData.ImageName": "\\Program Files\\Common Files\\Crypto Pro\\AppCompat\\cpadvai.dll"}
{"EventID": "12", "Channel": "Microsoft-Windows-Security-Mitigations/KernelMode", "Provider_Name": "Microsoft-Windows-Security-Mitigations", "Computer": "DESKTOP-OFJ6N53", "TimeCreated": "2025-03-02 03:25:24.362686+00:00", "RecordID": "8416", "Level": "3", "UserID": "S-1-5-18", "EventData.ProcessPathLength": "59", "EventData.ProcessPath": "\\Device\\HarddiskVolume3\\Windows\\System32\\WaaSMedicAgent.exe", "EventData.ProcessCommandLineLength": "94", "EventData.ProcessCommandLine": "C:\\Windows\\System32\\WaaSMedicAgent.exe 379dbb1d12c0ddb3817adf03b096bb5b vxGKzxxBOkGgr9B4.0.0.0", "EventData.ProcessId": "9700", "EventData.ProcessCreateTime": "2025-03-02 03:25:23.349274+00:00", "EventData.ProcessStartKey": "43628621390172253", "EventData.ProcessSignatureLevel": "8", "EventData.ProcessSectionSignatureLevel": "8", "EventData.ProcessProtection": "0", "EventData.TargetThreadId": "7128", "EventData.TargetThreadCreateTime": "2025-03-02 03:25:24.355200+00:00", "EventData.RequiredSignatureLevel": "8", "EventData.SignatureLevel": "0", "EventData.ImageNameLength": "60", "EventData.ImageName": "\\Program Files\\Common Files\\Crypto Pro\\AppCompat\\cpadvai.dll"}
{"EventID": "12", "Channel": "Microsoft-Windows-Security-Mitigations/KernelMode", "Provider_Name": "Microsoft-Windows-Security-Mitigations", "Computer": "DESKTOP-OFJ6N53", "TimeCreated": "2025-03-02 03:25:24.510323+00:00", "RecordID": "8417", "Level": "3", "UserID": "S-1-5-18", "EventData.ProcessPathLength": "59", "EventData.ProcessPath": "\\Device\\HarddiskVolume3\\Windows\\System32\\WaaSMedicAgent.exe", "EventData.ProcessCommandLineLength": "94", "EventData.ProcessCommandLine": "C:\\Windows\\System32\\WaaSMedicAgent.exe 379dbb1d12c0ddb3817adf03b096bb5b vxGKzxxBOkGgr9B4.0.0.0", "EventData.ProcessId": "9700", "EventData.ProcessCreateTime": "2025-03-02 03:25:23.349274+00:00", "EventData.ProcessStartKey": "43628621390172253", "EventData.ProcessSignatureLevel": "8", "EventData.ProcessSectionSignatureLevel": "8", "EventData.ProcessProtection": "0", "EventData.TargetThreadId": "7128", "EventData.TargetThreadCreateTime": "2025-03-02 03:25:24.355200+00:00", "EventData.RequiredSignatureLevel": "8", "EventData.SignatureLevel": "0", "EventData.ImageNameLength": "60", "EventData.ImageName": "\\Program Files\\Common Files\\Crypto Pro\\AppCompat\\cpwinet.dll"}
{"EventID": "12", "Channel": "Microsoft-Windows-Security-Mitigations/KernelMode", "Provider_Name": "Microsoft-Windows-Security-Mitigations", "Computer": "DESKTOP-OFJ6N53", "TimeCreated": "2025-03-02 03:25:24.610601+00:00", "RecordID": "8418", "Level": "3", "UserID": "S-1-5-18", "EventData.ProcessPathLength": "59", "EventData.ProcessPath": "\\Device\\HarddiskVolume3\\Windows\\System32\\WaaSMedicAgent.exe", "EventData.ProcessCommandLineLength": "94", "EventData.ProcessCommandLine": "C:\\Windows\\System32\\WaaSMedicAgent.exe 379dbb1d12c0ddb3817adf03b096bb5b vxGKzxxBOkGgr9B4.0.0.0", "EventData.ProcessId": "9700", "EventData.ProcessCreateTime": "2025-03-02 03:25:23.349274+00:00", "EventData.ProcessStartKey": "43628621390172253", "EventData.ProcessSignatureLevel": "8", "EventData.ProcessSectionSignatureLevel": "8", "EventData.ProcessProtection": "0", "EventData.TargetThreadId": "7128", "EventData.TargetThreadCreateTime": "2025-03-02 03:25:24.355200+00:00", "EventData.RequiredSignatureLevel": "8", "EventData.SignatureLevel": "0", "EventData.ImageNameLength": "58", "EventData.ImageName": "\\Program Files\\Common Files\\Crypto Pro\\AppCompat\\cpmsi.dll"}
{"EventID": "12", "Channel": "Microsoft-Windows-Security-Mitigations/KernelMode", "Provider_Name": "Microsoft-Windows-Security-Mitigations", "Computer": "DESKTOP-OFJ6N53", "TimeCreated": "2025-03-02 03:25:24.805252+00:00", "RecordID": "8419", "Level": "3", "UserID": "S-1-5-18", "EventData.ProcessPathLength": "59", "EventData.ProcessPath": "\\Device\\HarddiskVolume3\\Windows\\System32\\WaaSMedicAgent.exe", "EventData.ProcessCommandLineLength": "94", "EventData.ProcessCommandLine": "C:\\Windows\\System32\\WaaSMedicAgent.exe 379dbb1d12c0ddb3817adf03b096bb5b vxGKzxxBOkGgr9B4.0.0.0", "EventData.ProcessId": "9700", "EventData.ProcessCreateTime": "2025-03-02 03:25:23.349274+00:00", "EventData.ProcessStartKey": "43628621390172253", "EventData.ProcessSignatureLevel": "8", "EventData.ProcessSectionSignatureLevel": "8", "EventData.ProcessProtection": "0", "EventData.TargetThreadId": "7128", "EventData.TargetThreadCreateTime": "2025-03-02 03:25:24.355200+00:00", "EventData.RequiredSignatureLevel": "8", "EventData.SignatureLevel": "0", "EventData.ImageNameLength": "61", "EventData.ImageName": "\\Program Files\\Common Files\\Crypto Pro\\AppCompat\\cpenroll.dll"}
{"EventID": "12", "Channel": "Microsoft-Windows-Security-Mitigations/KernelMode", "Provider_Name": "Microsoft-Windows-Security-Mitigations", "Computer": "DESKTOP-OFJ6N53", "TimeCreated": "2025-03-02 03:25:25.191721+00:00", "RecordID": "8420", "Level": "3", "UserID": "S-1-5-18", "EventData.ProcessPathLength": "59", "EventData.ProcessPath": "\\Device\\HarddiskVolume3\\Windows\\System32\\WaaSMedicAgent.exe", "EventData.ProcessCommandLineLength": "94", "EventData.ProcessCommandLine": "C:\\Windows\\System32\\WaaSMedicAgent.exe 379dbb1d12c0ddb3817adf03b096bb5b vxGKzxxBOkGgr9B4.0.0.0", "EventData.ProcessId": "9700", "EventData.ProcessCreateTime": "2025-03-02 03:25:23.349274+00:00", "EventData.ProcessStartKey": "43628621390172253", "EventData.ProcessSignatureLevel": "8", "EventData.ProcessSectionSignatureLevel": "8", "EventData.ProcessProtection": "0", "EventData.TargetThreadId": "1892", "EventData.TargetThreadCreateTime": "2025-03-02 03:25:24.954689+00:00", "EventData.RequiredSignatureLevel": "8", "EventData.SignatureLevel": "0", "EventData.ImageNameLength": "60", "EventData.ImageName": "\\Program Files\\Common Files\\Crypto Pro\\AppCompat\\cpschan.dll"}
{"EventID": "12", "Channel": "Microsoft-Windows-Security-Mitigations/KernelMode", "Provider_Name": "Microsoft-Windows-Security-Mitigations", "Computer": "DESKTOP-OFJ6N53", "TimeCreated": "2025-03-02 15:06:01.866741+00:00", "RecordID": "8421", "Level": "3", "UserID": "S-1-5-18", "EventData.ProcessPathLength": "100", "EventData.ProcessPath": "\\Device\\HarddiskVolume3\\ProgramData\\Microsoft\\Windows Defender\\Platform\\4.18.24090.11-0\\MpCmdRun.exe", "EventData.ProcessCommandLineLength": "135", "EventData.ProcessCommandLine": "\"C:\\ProgramData\\Microsoft\\Windows Defender\\Platform\\4.18.24090.11-0\\MpCmdRun.exe\" SignaturesUpdateService -ScheduleJob -UnmanagedUpdate", "EventData.ProcessId": "1064", "EventData.ProcessCreateTime": "2025-03-02 15:05:24.583765+00:00", "EventData.ProcessStartKey": "43628621390172815", "EventData.ProcessSignatureLevel": "8", "EventData.ProcessSectionSignatureLevel": "8", "EventData.ProcessProtection": "0", "EventData.TargetThreadId": "9856", "EventData.TargetThreadCreateTime": "2025-03-02 15:05:24.732063+00:00", "EventData.RequiredSignatureLevel": "8", "EventData.SignatureLevel": "0", "EventData.ImageNameLength": "60", "EventData.ImageName": "\\Program Files\\Common Files\\Crypto Pro\\AppCompat\\cpadvai.dll"}
{"EventID": "12", "Channel": "Microsoft-Windows-Security-Mitigations/KernelMode", "Provider_Name": "Microsoft-Windows-Security-Mitigations", "Computer": "DESKTOP-OFJ6N53", "TimeCreated": "2025-03-03 09:03:43.192869+00:00", "RecordID": "8422", "Level": "3", "UserID": "S-1-5-21-963789628-1060504924-4285088085-1001", "EventData.ProcessPathLength": "74", "EventData.ProcessPath": "\\Device\\HarddiskVolume3\\Program Files\\Google\\Chrome\\Application\\chrome.exe", "EventData.ProcessCommandLineLength": "512", "EventData.ProcessCommandLine": "\"C:\\Program Files\\Google\\Chrome\\Application\\chrome.exe\" --type=renderer --string-annotations --disable-gpu-compositing --video-capture-use-gpu-memory-buffer --lang=ru --device-scale-factor=1 --num-raster-threads=2 --enable-main-frame-before-activation --renderer-client-id=170 --time-ticks-at-unix-epoch=-1739372056190546 --launch-time-ticks=1620543628973 --field-trial-handle=6168,i,11733408027932219996,16652177763964427796,262144 --variations-seed-version=20250211-180335.527000 --mojo-platform-channel-handle", "EventData.ProcessId": "5976", "EventData.ProcessCreateTime": "2025-03-03 09:03:43.106020+00:00", "EventData.ProcessStartKey": "43628621390173703", "EventData.ProcessSignatureLevel": "8", "EventData.ProcessSectionSignatureLevel": "8", "EventData.ProcessProtection": "0", "EventData.TargetThreadId": "9932", "EventData.TargetThreadCreateTime": "2025-03-03 09:03:43.106026+00:00", "EventData.RequiredSignatureLevel": "8", "EventData.SignatureLevel": "0", "EventData.ImageNameLength": "60", "EventData.ImageName": "\\Program Files\\Common Files\\Crypto Pro\\AppCompat\\cpcrypt.dll"}
