{"EventID": "1006", "Channel": "Microsoft-Windows-Partition/Diagnostic", "Provider_Name": "Microsoft-Windows-Partition", "Computer": "DESKTOP-OFJ6N53", "TimeCreated": "2023-04-03 12:06:07.850727+00:00", "RecordID": "85", "Level": "4", "UserID": "S-1-5-18", "EventData.DiskNumber": "0", "EventData.Flags": "538976528", "EventData.Characteristics": "262400", "EventData.IsSystemCritical": "True", "EventData.PagingCount": "0", "EventData.HibernationCount": "0", "EventData.DumpCount": "0", "EventData.BytesPerSector": "512", "EventData.Capacity": "96636764160", "EventData.BusType": "10", "EventData.Manufacturer": "VMware", "EventData.Model": "Virtual disk", "EventData.Revision": "2.0", "EventData.SerialNumber": "NULL", "EventData.Location": "PCI Slot 160 : Bus 3 : Device 0 : Function 0 : Adapter 0 : Port 0 : Target 0 : LUN 0", "EventData.ParentId": "PCI\\VEN_1000&DEV_0054&SUBSYS_197615AD&REV_01\\4&2509f6e&0&00A8", "EventData.Socket": "-1", "EventData.Slot": "160", "EventData.Bus": "3", "EventData.Device": "0", "EventData.Function": "0", "EventData.Adapter": "0", "EventData.Port": "0", "EventData.Target": "0", "EventData.Lun": "0", "EventData.IoctlSupport": "59879", "EventData.IdFlags": "2", "EventData.DiskId": "{df3d4ad6-d217-11ed-a70a-806e6f6e6963}", "EventData.AdapterId": "{2572a953-954b-11ec-a6b8-806e6f6e6963}", "EventData.RegistryId": "{2572a961-954b-11ec-a6b8-806e6f6e6963}", "EventData.PoolId": "{00000000-0000-0000-0000-000000000000}", "EventData.FirmwareSupportsUpgrade": "True", "EventData.FirmwareSlotCount": "1", "EventData.StorageIdCount": "0", "EventData.StorageIdCodeSet": "0", "EventData.StorageIdType": "0", "EventData.StorageIdAssociation": "0", "EventData.StorageIdBytes": "0", "EventData.StorageId": null, "EventData.WriteCacheType": "0", "EventData.WriteCacheEnabled": "0", "EventData.WriteCacheChangeable": "0", "EventData.WriteThroughSupported": "0", "EventData.FlushCacheSupported": "False", "EventData.IsPowerProtected": "False", "EventData.NVCacheEnabled": "False", "EventData.BytesPerLogicalSector": "512", "EventData.BytesPerPhysicalSector": "512", "EventData.BytesOffsetForSectorAlignment": "0", "EventData.IncursSeekPenalty": "False", "EventData.IsTrimSupported": "False", "EventData.IsThinProvisioned": "False", "EventData.OptimalUnmapGranularity": "0", "EventData.UnmapAlignment": "0", "EventData.NumberOfLogicalCopies": "0", "EventData.NumberOfPhysicalCopies": "0", "EventData.FaultTolerance": "0", "EventData.NumberOfColumns": "0", "EventData.InterleaveBytes": "0", "EventData.HybridSupported": "False", "EventData.HybridCacheBytes": "0", "EventData.AdapterMaximumTransferBytes": "16777215", "EventData.AdapterMaximumTransferPages": "257", "EventData.AdapterAlignmentMask": "0", "EventData.AdapterSerialNumber": "NULL", "EventData.PortDriver": "1", "EventData.UserRemovalPolicy": "False", "EventData.PartitionStyle": "1", "EventData.PartitionCount": "4", "EventData.PartitionTableBytes": "624", "EventData.PartitionTable": "AQAAAAQAAAD4OlK1ULGKT4RoGH7auIX0AEQAAAAAAAAAev9/FgAAAIAAAAAAAAAAAQAAAAAAAAAAABAAAAAAAAAAQAYAAAAAAQAAAAAAAAAocyrBH/jSEbpLAKDJPsk7Ft7tjFc2cUiMh/1rxmz2kwAAAAAAAACARQBGAEkAIABzAHkAcwB0AGUAbQAgAHAAYQByAHQAaQB0AGkAbwBuAAAAAAAAAAAAAAAAAAAAAAAAAAAAAAAAAAAAAAAAAAAAAQAAAAAAAAAAAFAGAAAAAAAAAAEAAAAAAgAAAAAAAAAW48njXAu4TYF9+S3wAhWubxyUU+4aUkGSxur5kk16EAAAAAAAAACATQBpAGMAcgBvAHMAbwBmAHQAIAByAGUAcwBlAHIAdgBlAGQAIABwAGEAcgB0AGkAdABpAG8AbgAAAAAAAAAAAAAAAAAAAAAAAQAAAAAAAAAAAFAHAAAAAADiC1gWAAAAAwAAAAAAAACioNDr5bkzRIfAaLa3JpnHY4Y6w6JxMUCM7MIZFP4SrQAAAAAAAAAAQgBhAHMAaQBjACAAZABhAHQAYQAgAHAAYQByAHQAaQB0AGkAbwBuAAAAAAAAAAAAAAAAAAAAAAAAAAAAAAAAAAAAAAAAAAAAAQAAAAAAAAAAAGBfFgAAAAAAgCAAAAAABAAAAAAAAACku5Te0QZATaFqv9UBedasLLUb3g5OYUObu7rx0+QMAQEAAAAAAACAAAAAAAAAAAAAAAAAAAAAAAAAAAAAAAAAAAAAAAAAAAAAAAAAAAAAAAAAAAAAAAAAAAAAAAAAAAAAAAAAAAAAAAAAAAAAAAAA", "EventData.MbrBytes": "0", "EventData.Mbr": null, "EventData.Vbr0Bytes": "0", "EventData.Vbr0": null, "EventData.Vbr1Bytes": "0", "EventData.Vbr1": null, "EventData.Vbr2Bytes": "0", "EventData.Vbr2": null, "EventData.Vbr3Size": "0", "EventData.Vbr3": null}
{"EventID": "1006", "Channel": "Microsoft-Windows-Partition/Diagnostic", "Provider_Name": "Microsoft-Windows-Partition", "Computer": "DESKTOP-OFJ6N53", "TimeCreated": "2023-04-03 14:20:35.509829+00:00", "RecordID": "86", "Level": "4", "UserID": "S-1-5-18", "EventData.DiskNumber": "0", "EventData.Flags": "538976528", "EventData.Characteristics": "262400", "EventData.IsSystemCritical": "True", "EventData.PagingCount": "0", "EventData.HibernationCount": "0", "EventData.DumpCount": "0", "EventData.BytesPerSector": "512", "EventData.Capacity": "96636764160", "EventData.BusType": "10", "EventData.Manufacturer": "VMware", "EventData.Model": "Virtual disk", "EventData.Revision": "2.0", "EventData.SerialNumber": "NULL", "EventData.Location": "PCI Slot 160 : Bus 3 : Device 0 : Function 0 : Adapter 0 : Port 0 : Target 0 : LUN 0", "EventData.ParentId": "PCI\\VEN_1000&DEV_0054&SUBSYS_197615AD&REV_01\\4&2509f6e&0&00A8", "EventData.Socket": "-1", "EventData.Slot": "160", "EventData.Bus": "3", "EventData.Device": "0", "EventData.Function": "0", "EventData.Adapter": "0", "EventData.Port": "0", "EventData.Target": "0", "EventData.Lun": "0", "EventData.IoctlSupport": "59879", "EventData.IdFlags": "2", "EventData.DiskId": "{abdf9d7d-d22a-11ed-a70b-806e6f6e6963}", "EventData.AdapterId": "{2572a953-954b-11ec-a6b8-806e6f6e6963}", "EventData.RegistryId": "{2572a961-954b-11ec-a6b8-806e6f6e6963}", "EventData.PoolId": "{00000000-0000-0000-0000-000000000000}", "EventData.FirmwareSupportsUpgrade": "True", "EventData.FirmwareSlotCount": "1", "EventData.StorageIdCount": "0", "EventData.StorageIdCodeSet": "0", "EventData.StorageIdType": "0", "EventData.StorageIdAssociation": "0", "EventData.StorageIdBytes": "0", "EventData.StorageId": null, "EventData.WriteCacheType": "0", "EventData.WriteCacheEnabled": "0", "EventData.WriteCacheChangeable": "0", "EventData.WriteThroughSupported": "0", "EventData.FlushCacheSupported": "False", "EventData.IsPowerProtected": "False", "EventData.NVCacheEnabled": "False", "EventData.BytesPerLogicalSector": "512", "EventData.BytesPerPhysicalSector": "512", "EventData.BytesOffsetForSectorAlignment": "0", "EventData.IncursSeekPenalty": "False", "EventData.IsTrimSupported": "False", "EventData.IsThinProvisioned": "False", "EventData.OptimalUnmapGranularity": "0", "EventData.UnmapAlignment": "0", "EventData.NumberOfLogicalCopies": "0", "EventData.NumberOfPhysicalCopies": "0", "EventData.FaultTolerance": "0", "EventData.NumberOfColumns": "0", "EventData.InterleaveBytes": "0", "EventData.HybridSupported": "False", "EventData.HybridCacheBytes": "0", "EventData.AdapterMaximumTransferBytes": "16777215", "EventData.AdapterMaximumTransferPages": "257", "EventData.AdapterAlignmentMask": "0", "EventData.AdapterSerialNumber": "NULL", "EventData.PortDriver": "1", "EventData.UserRemovalPolicy": "False", "EventData.PartitionStyle": "1", "EventData.PartitionCount": "4", "EventData.PartitionTableBytes": "624", "EventData.PartitionTable": "AQAAAAQAAAD4OlK1ULGKT4RoGH7auIX0AEQAAAAAAAAAev9/FgAAAIAAAAAAAAAAAQAAAAAAAAAAABAAAAAAAAAAQAYAAAAAAQAAAAAAAAAocyrBH/jSEbpLAKDJPsk7Ft7tjFc2cUiMh/1rxmz2kwAAAAAAAACARQBGAEkAIABzAHkAcwB0AGUAbQAgAHAAYQByAHQAaQB0AGkAbwBuAAAAAAAAAAAAAAAAAAAAAAAAAAAAAAAAAAAAAAAAAAAAAQAAAAAAAAAAAFAGAAAAAAAAAAEAAAAAAgAAAAAAAAAW48njXAu4TYF9+S3wAhWubxyUU+4aUkGSxur5kk16EAAAAAAAAACATQBpAGMAcgBvAHMAbwBmAHQAIAByAGUAcwBlAHIAdgBlAGQAIABwAGEAcgB0AGkAdABpAG8AbgAAAAAAAAAAAAAAAAAAAAAAAQAAAAAAAAAAAFAHAAAAAADiC1gWAAAAAwAAAAAAAACioNDr5bkzRIfAaLa3JpnHY4Y6w6JxMUCM7MIZFP4SrQAAAAAAAAAAQgBhAHMAaQBjACAAZABhAHQAYQAgAHAAYQByAHQAaQB0AGkAbwBuAAAAAAAAAAAAAAAAAAAAAAAAAAAAAAAAAAAAAAAAAAAAAQAAAAAAAAAAAGBfFgAAAAAAgCAAAAAABAAAAAAAAACku5Te0QZATaFqv9UBedasLLUb3g5OYUObu7rx0+QMAQEAAAAAAACAAAAAAAAAAAAAAAAAAAAAAAAAAAAAAAAAAAAAAAAAAAAAAAAAAAAAAAAAAAAAAAAAAAAAAAAAAAAAAAAAAAAAAAAAAAAAAAAA", "EventData.MbrBytes": "0", "EventData.Mbr": null, "EventData.Vbr0Bytes": "0", "EventData.Vbr0": null, "EventData.Vbr1Bytes": "0", "EventData.Vbr1": null, "EventData.Vbr2Bytes": "0", "EventData.Vbr2": null, "EventData.Vbr3Size": "0", "EventData.Vbr3": null}
{"EventID": "1006", "Channel": "Microsoft-Windows-Partition/Diagnostic", "Provider_Name": "Microsoft-Windows-Partition", "Computer": "DESKTOP-OFJ6N53", "TimeCreated": "2023-04-04 06:29:38.112972+00:00", "RecordID": "87", "Level": "4", "UserID": "S-1-5-18", "EventData.DiskNumber": "0", "EventData.Flags": "538976528", "EventData.Characteristics": "262400", "EventData.IsSystemCritical": "True", "EventData.PagingCount": "0", "EventData.HibernationCount": "0", "EventData.DumpCount": "0", "EventData.BytesPerSector": "512", "EventData.Capacity": "96636764160", "EventData.BusType": "10", "EventData.Manufacturer": "VMware", "EventData.Model": "Virtual disk", "EventData.Revision": "2.0", "EventData.SerialNumber": "NULL", "EventData.Location": "PCI Slot 160 : Bus 3 : Device 0 : Function 0 : Adapter 0 : Port 0 : Target 0 : LUN 0", "EventData.ParentId": "PCI\\VEN_1000&DEV_0054&SUBSYS_197615AD&REV_01\\4&2509f6e&0&00A8", "EventData.Socket": "-1", "EventData.Slot": "160", "EventData.Bus": "3", "EventData.Device": "0", "EventData.Function": "0", "EventData.Adapter": "0", "EventData.Port": "0", "EventData.Target": "0", "EventData.Lun": "0", "EventData.IoctlSupport": "59879", "EventData.IdFlags": "2", "EventData.DiskId": "{069c9414-d2b2-11ed-a70c-806e6f6e6963}", "EventData.AdapterId": "{2572a953-954b-11ec-a6b8-806e6f6e6963}", "EventData.RegistryId": "{2572a961-954b-11ec-a6b8-806e6f6e6963}", "EventData.PoolId": "{00000000-0000-0000-0000-000000000000}", "EventData.FirmwareSupportsUpgrade": "True", "EventData.FirmwareSlotCount": "1", "EventData.StorageIdCount": "0", "EventData.StorageIdCodeSet": "0", "EventData.StorageIdType": "0", "EventData.StorageIdAssociation": "0", "EventData.StorageIdBytes": "0", "EventData.StorageId": null, "EventData.WriteCacheType": "0", "EventData.WriteCacheEnabled": "0", "EventData.WriteCacheChangeable": "0", "EventData.WriteThroughSupported": "0", "EventData.FlushCacheSupported": "False", "EventData.IsPowerProtected": "False", "EventData.NVCacheEnabled": "False", "EventData.BytesPerLogicalSector": "512", "EventData.BytesPerPhysicalSector": "512", "EventData.BytesOffsetForSectorAlignment": "0", "EventData.IncursSeekPenalty": "False", "EventData.IsTrimSupported": "False", "EventData.IsThinProvisioned": "False", "EventData.OptimalUnmapGranularity": "0", "EventData.UnmapAlignment": "0", "EventData.NumberOfLogicalCopies": "0", "EventData.NumberOfPhysicalCopies": "0", "EventData.FaultTolerance": "0", "EventData.NumberOfColumns": "0", "EventData.InterleaveBytes": "0", "EventData.HybridSupported": "False", "EventData.HybridCacheBytes": "0", "EventData.AdapterMaximumTransferBytes": "16777215", "EventData.AdapterMaximumTransferPages": "257", "EventData.AdapterAlignmentMask": "0", "EventData.AdapterSerialNumber": "NULL", "EventData.PortDriver": "1", "EventData.UserRemovalPolicy": "False", "EventData.PartitionStyle": "1", "EventData.PartitionCount": "4", "EventData.PartitionTableBytes": "624", "EventData.PartitionTable": "AQAAAAQAAAD4OlK1ULGKT4RoGH7auIX0AEQAAAAAAAAAev9/FgAAAIAAAAAAAAAAAQAAAAAAAAAAABAAAAAAAAAAQAYAAAAAAQAAAAAAAAAocyrBH/jSEbpLAKDJPsk7Ft7tjFc2cUiMh/1rxmz2kwAAAAAAAACARQBGAEkAIABzAHkAcwB0AGUAbQAgAHAAYQByAHQAaQB0AGkAbwBuAAAAAAAAAAAAAAAAAAAAAAAAAAAAAAAAAAAAAAAAAAAAAQAAAAAAAAAAAFAGAAAAAAAAAAEAAAAAAgAAAAAAAAAW48njXAu4TYF9+S3wAhWubxyUU+4aUkGSxur5kk16EAAAAAAAAACATQBpAGMAcgBvAHMAbwBmAHQAIAByAGUAcwBlAHIAdgBlAGQAIABwAGEAcgB0AGkAdABpAG8AbgAAAAAAAAAAAAAAAAAAAAAAAQAAAAAAAAAAAFAHAAAAAADiC1gWAAAAAwAAAAAAAACioNDr5bkzRIfAaLa3JpnHY4Y6w6JxMUCM7MIZFP4SrQAAAAAAAAAAQgBhAHMAaQBjACAAZABhAHQAYQAgAHAAYQByAHQAaQB0AGkAbwBuAAAAAAAAAAAAAAAAAAAAAAAAAAAAAAAAAAAAAAAAAAAAAQAAAAAAAAAAAGBfFgAAAAAAgCAAAAAABAAAAAAAAACku5Te0QZATaFqv9UBedasLLUb3g5OYUObu7rx0+QMAQEAAAAAAACAAAAAAAAAAAAAAAAAAAAAAAAAAAAAAAAAAAAAAAAAAAAAAAAAAAAAAAAAAAAAAAAAAAAAAAAAAAAAAAAAAAAAAAAAAAAAAAAA", "EventData.MbrBytes": "0", "EventData.Mbr": null, "EventData.Vbr0Bytes": "0", "EventData.Vbr0": null, "EventData.Vbr1Bytes": "0", "EventData.Vbr1": null, "EventData.Vbr2Bytes": "0", "EventData.Vbr2": null, "EventData.Vbr3Size": "0", "EventData.Vbr3": null}
{"EventID": "1006", "Channel": "Microsoft-Windows-Partition/Diagnostic", "Provider_Name": "Microsoft-Windows-Partition", "Computer": "DESKTOP-OFJ6N53", "TimeCreated": "2023-04-05 07:27:42.782421+00:00", "RecordID": "88", "Level": "4", "UserID": "S-1-5-18", "EventData.DiskNumber": "0", "EventData.Flags": "538976528", "EventData.Characteristics": "262400", "EventData.IsSystemCritical": "True", "EventData.PagingCount": "0", "EventData.HibernationCount": "0", "EventData.DumpCount": "0", "EventData.BytesPerSector": "512", "EventData.Capacity": "96636764160", "EventData.BusType": "10", "EventData.Manufacturer": "VMware", "EventData.Model": "Virtual disk", "EventData.Revision": "2.0", "EventData.SerialNumber": "NULL", "EventData.Location": "PCI Slot 160 : Bus 3 : Device 0 : Function 0 : Adapter 0 : Port 0 : Target 0 : LUN 0", "EventData.ParentId": "PCI\\VEN_1000&DEV_0054&SUBSYS_197615AD&REV_01\\4&2509f6e&0&00A8", "EventData.Socket": "-1", "EventData.Slot": "160", "EventData.Bus": "3", "EventData.Device": "0", "EventData.Function": "0", "EventData.Adapter": "0", "EventData.Port": "0", "EventData.Target": "0", "EventData.Lun": "0", "EventData.IoctlSupport": "59879", "EventData.IdFlags": "2", "EventData.DiskId": "{521b3464-d383-11ed-a70d-806e6f6e6963}", "EventData.AdapterId": "{2572a953-954b-11ec-a6b8-806e6f6e6963}", "EventData.RegistryId": "{2572a961-954b-11ec-a6b8-806e6f6e6963}", "EventData.PoolId": "{00000000-0000-0000-0000-000000000000}", "EventData.FirmwareSupportsUpgrade": "True", "EventData.FirmwareSlotCount": "1", "EventData.StorageIdCount": "0", "EventData.StorageIdCodeSet": "0", "EventData.StorageIdType": "0", "EventData.StorageIdAssociation": "0", "EventData.StorageIdBytes": "0", "EventData.StorageId": null, "EventData.WriteCacheType": "0", "EventData.WriteCacheEnabled": "0", "EventData.WriteCacheChangeable": "0", "EventData.WriteThroughSupported": "0", "EventData.FlushCacheSupported": "False", "EventData.IsPowerProtected": "False", "EventData.NVCacheEnabled": "False", "EventData.BytesPerLogicalSector": "512", "EventData.BytesPerPhysicalSector": "512", "EventData.BytesOffsetForSectorAlignment": "0", "EventData.IncursSeekPenalty": "False", "EventData.IsTrimSupported": "False", "EventData.IsThinProvisioned": "False", "EventData.OptimalUnmapGranularity": "0", "EventData.UnmapAlignment": "0", "EventData.NumberOfLogicalCopies": "0", "EventData.NumberOfPhysicalCopies": "0", "EventData.FaultTolerance": "0", "EventData.NumberOfColumns": "0", "EventData.InterleaveBytes": "0", "EventData.HybridSupported": "False", "EventData.HybridCacheBytes": "0", "EventData.AdapterMaximumTransferBytes": "16777215", "EventData.AdapterMaximumTransferPages": "257", "EventData.AdapterAlignmentMask": "0", "EventData.AdapterSerialNumber": "NULL", "EventData.PortDriver": "1", "EventData.UserRemovalPolicy": "False", "EventData.PartitionStyle": "1", "EventData.PartitionCount": "4", "EventData.PartitionTableBytes": "624", "EventData.PartitionTable": "AQAAAAQAAAD4OlK1ULGKT4RoGH7auIX0AEQAAAAAAAAAev9/FgAAAIAAAAAAAAAAAQAAAAAAAAAAABAAAAAAAAAAQAYAAAAAAQAAAAAAAAAocyrBH/jSEbpLAKDJPsk7Ft7tjFc2cUiMh/1rxmz2kwAAAAAAAACARQBGAEkAIABzAHkAcwB0AGUAbQAgAHAAYQByAHQAaQB0AGkAbwBuAAAAAAAAAAAAAAAAAAAAAAAAAAAAAAAAAAAAAAAAAAAAAQAAAAAAAAAAAFAGAAAAAAAAAAEAAAAAAgAAAAAAAAAW48njXAu4TYF9+S3wAhWubxyUU+4aUkGSxur5kk16EAAAAAAAAACATQBpAGMAcgBvAHMAbwBmAHQAIAByAGUAcwBlAHIAdgBlAGQAIABwAGEAcgB0AGkAdABpAG8AbgAAAAAAAAAAAAAAAAAAAAAAAQAAAAAAAAAAAFAHAAAAAADiC1gWAAAAAwAAAAAAAACioNDr5bkzRIfAaLa3JpnHY4Y6w6JxMUCM7MIZFP4SrQAAAAAAAAAAQgBhAHMAaQBjACAAZABhAHQAYQAgAHAAYQByAHQAaQB0AGkAbwBuAAAAAAAAAAAAAAAAAAAAAAAAAAAAAAAAAAAAAAAAAAAAAQAAAAAAAAAAAGBfFgAAAAAAgCAAAAAABAAAAAAAAACku5Te0QZATaFqv9UBedasLLUb3g5OYUObu7rx0+QMAQEAAAAAAACAAAAAAAAAAAAAAAAAAAAAAAAAAAAAAAAAAAAAAAAAAAAAAAAAAAAAAAAAAAAAAAAAAAAAAAAAAAAAAAAAAAAAAAAAAAAAAAAA", "EventData.MbrBytes": "0", "EventData.Mbr": null, "EventData.Vbr0Bytes": "0", "EventData.Vbr0": null, "EventData.Vbr1Bytes": "0", "EventData.Vbr1": null, "EventData.Vbr2Bytes": "0", "EventData.Vbr2": null, "EventData.Vbr3Size": "0", "EventData.Vbr3": null}
{"EventID": "1006", "Channel": "Microsoft-Windows-Partition/Diagnostic", "Provider_Name": "Microsoft-Windows-Partition", "Computer": "DESKTOP-OFJ6N53", "TimeCreated": "2023-04-05 15:17:34.968128+00:00", "RecordID": "89", "Level": "4", "UserID": "S-1-5-18", "EventData.DiskNumber": "0", "EventData.Flags": "538976528", "EventData.Characteristics": "262400", "EventData.IsSystemCritical": "True", "EventData.PagingCount": "0", "EventData.HibernationCount": "0", "EventData.DumpCount": "0", "EventData.BytesPerSector": "512", "EventData.Capacity": "96636764160", "EventData.BusType": "10", "EventData.Manufacturer": "VMware", "EventData.Model": "Virtual disk", "EventData.Revision": "2.0", "EventData.SerialNumber": "NULL", "EventData.Location": "PCI Slot 160 : Bus 3 : Device 0 : Function 0 : Adapter 0 : Port 0 : Target 0 : LUN 0", "EventData.ParentId": "PCI\\VEN_1000&DEV_0054&SUBSYS_197615AD&REV_01\\4&2509f6e&0&00A8", "EventData.Socket": "-1", "EventData.Slot": "160", "EventData.Bus": "3", "EventData.Device": "0", "EventData.Function": "0", "EventData.Adapter": "0", "EventData.Port": "0", "EventData.Target": "0", "EventData.Lun": "0", "EventData.IoctlSupport": "59879", "EventData.IdFlags": "2", "EventData.DiskId": "{f5ab74f1-d3c4-11ed-a70e-806e6f6e6963}", "EventData.AdapterId": "{2572a953-954b-11ec-a6b8-806e6f6e6963}", "EventData.RegistryId": "{2572a961-954b-11ec-a6b8-806e6f6e6963}", "EventData.PoolId": "{00000000-0000-0000-0000-000000000000}", "EventData.FirmwareSupportsUpgrade": "True", "EventData.FirmwareSlotCount": "1", "EventData.StorageIdCount": "0", "EventData.StorageIdCodeSet": "0", "EventData.StorageIdType": "0", "EventData.StorageIdAssociation": "0", "EventData.StorageIdBytes": "0", "EventData.StorageId": null, "EventData.WriteCacheType": "0", "EventData.WriteCacheEnabled": "0", "EventData.WriteCacheChangeable": "0", "EventData.WriteThroughSupported": "0", "EventData.FlushCacheSupported": "False", "EventData.IsPowerProtected": "False", "EventData.NVCacheEnabled": "False", "EventData.BytesPerLogicalSector": "512", "EventData.BytesPerPhysicalSector": "512", "EventData.BytesOffsetForSectorAlignment": "0", "EventData.IncursSeekPenalty": "False", "EventData.IsTrimSupported": "False", "EventData.IsThinProvisioned": "False", "EventData.OptimalUnmapGranularity": "0", "EventData.UnmapAlignment": "0", "EventData.NumberOfLogicalCopies": "0", "EventData.NumberOfPhysicalCopies": "0", "EventData.FaultTolerance": "0", "EventData.NumberOfColumns": "0", "EventData.InterleaveBytes": "0", "EventData.HybridSupported": "False", "EventData.HybridCacheBytes": "0", "EventData.AdapterMaximumTransferBytes": "16777215", "EventData.AdapterMaximumTransferPages": "257", "EventData.AdapterAlignmentMask": "0", "EventData.AdapterSerialNumber": "NULL", "EventData.PortDriver": "1", "EventData.UserRemovalPolicy": "False", "EventData.PartitionStyle": "1", "EventData.PartitionCount": "4", "EventData.PartitionTableBytes": "624", "EventData.PartitionTable": "AQAAAAQAAAD4OlK1ULGKT4RoGH7auIX0AEQAAAAAAAAAev9/FgAAAIAAAAAAAAAAAQAAAAAAAAAAABAAAAAAAAAAQAYAAAAAAQAAAAAAAAAocyrBH/jSEbpLAKDJPsk7Ft7tjFc2cUiMh/1rxmz2kwAAAAAAAACARQBGAEkAIABzAHkAcwB0AGUAbQAgAHAAYQByAHQAaQB0AGkAbwBuAAAAAAAAAAAAAAAAAAAAAAAAAAAAAAAAAAAAAAAAAAAAAQAAAAAAAAAAAFAGAAAAAAAAAAEAAAAAAgAAAAAAAAAW48njXAu4TYF9+S3wAhWubxyUU+4aUkGSxur5kk16EAAAAAAAAACATQBpAGMAcgBvAHMAbwBmAHQAIAByAGUAcwBlAHIAdgBlAGQAIABwAGEAcgB0AGkAdABpAG8AbgAAAAAAAAAAAAAAAAAAAAAAAQAAAAAAAAAAAFAHAAAAAADiC1gWAAAAAwAAAAAAAACioNDr5bkzRIfAaLa3JpnHY4Y6w6JxMUCM7MIZFP4SrQAAAAAAAAAAQgBhAHMAaQBjACAAZABhAHQAYQAgAHAAYQByAHQAaQB0AGkAbwBuAAAAAAAAAAAAAAAAAAAAAAAAAAAAAAAAAAAAAAAAAAAAAQAAAAAAAAAAAGBfFgAAAAAAgCAAAAAABAAAAAAAAACku5Te0QZATaFqv9UBedasLLUb3g5OYUObu7rx0+QMAQEAAAAAAACAAAAAAAAAAAAAAAAAAAAAAAAAAAAAAAAAAAAAAAAAAAAAAAAAAAAAAAAAAAAAAAAAAAAAAAAAAAAAAAAAAAAAAAAAAAAAAAAA", "EventData.MbrBytes": "0", "EventData.Mbr": null, "EventData.Vbr0Bytes": "0", "EventData.Vbr0": null, "EventData.Vbr1Bytes": "0", "EventData.Vbr1": null, "EventData.Vbr2Bytes": "0", "EventData.Vbr2": null, "EventData.Vbr3Size": "0", "EventData.Vbr3": null}
{"EventID": "1006", "Channel": "Microsoft-Windows-Partition/Diagnostic", "Provider_Name": "Microsoft-Windows-Partition", "Computer": "DESKTOP-OFJ6N53", "TimeCreated": "2023-04-11 19:40:33.660784+00:00", "RecordID": "90", "Level": "4", "UserID": "S-1-5-18", "EventData.DiskNumber": "0", "EventData.Flags": "538976528", "EventData.Characteristics": "262400", "EventData.IsSystemCritical": "True", "EventData.PagingCount": "0", "EventData.HibernationCount": "0", "EventData.DumpCount": "0", "EventData.BytesPerSector": "512", "EventData.Capacity": "96636764160", "EventData.BusType": "10", "EventData.Manufacturer": "VMware", "EventData.Model": "Virtual disk", "EventData.Revision": "2.0", "EventData.SerialNumber": "NULL", "EventData.Location": "PCI Slot 160 : Bus 3 : Device 0 : Function 0 : Adapter 0 : Port 0 : Target 0 : LUN 0", "EventData.ParentId": "PCI\\VEN_1000&DEV_0054&SUBSYS_197615AD&REV_01\\4&2509f6e&0&00A8", "EventData.Socket": "-1", "EventData.Slot": "160", "EventData.Bus": "3", "EventData.Device": "0", "EventData.Function": "0", "EventData.Adapter": "0", "EventData.Port": "0", "EventData.Target": "0", "EventData.Lun": "0", "EventData.IoctlSupport": "59879", "EventData.IdFlags": "2", "EventData.DiskId": "{b284de7d-d8a0-11ed-a70f-806e6f6e6963}", "EventData.AdapterId": "{2572a953-954b-11ec-a6b8-806e6f6e6963}", "EventData.RegistryId": "{2572a961-954b-11ec-a6b8-806e6f6e6963}", "EventData.PoolId": "{00000000-0000-0000-0000-000000000000}", "EventData.FirmwareSupportsUpgrade": "True", "EventData.FirmwareSlotCount": "1", "EventData.StorageIdCount": "0", "EventData.StorageIdCodeSet": "0", "EventData.StorageIdType": "0", "EventData.StorageIdAssociation": "0", "EventData.StorageIdBytes": "0", "EventData.StorageId": null, "EventData.WriteCacheType": "0", "EventData.WriteCacheEnabled": "0", "EventData.WriteCacheChangeable": "0", "EventData.WriteThroughSupported": "0", "EventData.FlushCacheSupported": "False", "EventData.IsPowerProtected": "False", "EventData.NVCacheEnabled": "False", "EventData.BytesPerLogicalSector": "512", "EventData.BytesPerPhysicalSector": "512", "EventData.BytesOffsetForSectorAlignment": "0", "EventData.IncursSeekPenalty": "False", "EventData.IsTrimSupported": "False", "EventData.IsThinProvisioned": "False", "EventData.OptimalUnmapGranularity": "0", "EventData.UnmapAlignment": "0", "EventData.NumberOfLogicalCopies": "0", "EventData.NumberOfPhysicalCopies": "0", "EventData.FaultTolerance": "0", "EventData.NumberOfColumns": "0", "EventData.InterleaveBytes": "0", "EventData.HybridSupported": "False", "EventData.HybridCacheBytes": "0", "EventData.AdapterMaximumTransferBytes": "16777215", "EventData.AdapterMaximumTransferPages": "257", "EventData.AdapterAlignmentMask": "0", "EventData.AdapterSerialNumber": "NULL", "EventData.PortDriver": "1", "EventData.UserRemovalPolicy": "False", "EventData.PartitionStyle": "1", "EventData.PartitionCount": "4", "EventData.PartitionTableBytes": "624", "EventData.PartitionTable": "AQAAAAQAAAD4OlK1ULGKT4RoGH7auIX0AEQAAAAAAAAAev9/FgAAAIAAAAAAAAAAAQAAAAAAAAAAABAAAAAAAAAAQAYAAAAAAQAAAAAAAAAocyrBH/jSEbpLAKDJPsk7Ft7tjFc2cUiMh/1rxmz2kwAAAAAAAACARQBGAEkAIABzAHkAcwB0AGUAbQAgAHAAYQByAHQAaQB0AGkAbwBuAAAAAAAAAAAAAAAAAAAAAAAAAAAAAAAAAAAAAAAAAAAAAQAAAAAAAAAAAFAGAAAAAAAAAAEAAAAAAgAAAAAAAAAW48njXAu4TYF9+S3wAhWubxyUU+4aUkGSxur5kk16EAAAAAAAAACATQBpAGMAcgBvAHMAbwBmAHQAIAByAGUAcwBlAHIAdgBlAGQAIABwAGEAcgB0AGkAdABpAG8AbgAAAAAAAAAAAAAAAAAAAAAAAQAAAAAAAAAAAFAHAAAAAADiC1gWAAAAAwAAAAAAAACioNDr5bkzRIfAaLa3JpnHY4Y6w6JxMUCM7MIZFP4SrQAAAAAAAAAAQgBhAHMAaQBjACAAZABhAHQAYQAgAHAAYQByAHQAaQB0AGkAbwBuAAAAAAAAAAAAAAAAAAAAAAAAAAAAAAAAAAAAAAAAAAAAAQAAAAAAAAAAAGBfFgAAAAAAgCAAAAAABAAAAAAAAACku5Te0QZATaFqv9UBedasLLUb3g5OYUObu7rx0+QMAQEAAAAAAACAAAAAAAAAAAAAAAAAAAAAAAAAAAAAAAAAAAAAAAAAAAAAAAAAAAAAAAAAAAAAAAAAAAAAAAAAAAAAAAAAAAAAAAAAAAAAAAAA", "EventData.MbrBytes": "0", "EventData.Mbr": null, "EventData.Vbr0Bytes": "0", "EventData.Vbr0": null, "EventData.Vbr1Bytes": "0", "EventData.Vbr1": null, "EventData.Vbr2Bytes": "0", "EventData.Vbr2": null, "EventData.Vbr3Size": "0", "EventData.Vbr3": null}
{"EventID": "1006", "Channel": "Microsoft-Windows-Partition/Diagnostic", "Provider_Name": "Microsoft-Windows-Partition", "Computer": "DESKTOP-OFJ6N53", "TimeCreated": "2023-04-12 17:26:41.907566+00:00", "RecordID": "91", "Level": "4", "UserID": "S-1-5-18", "EventData.DiskNumber": "0", "EventData.Flags": "538976528", "EventData.Characteristics": "262400", "EventData.IsSystemCritical": "True", "EventData.PagingCount": "0", "EventData.HibernationCount": "0", "EventData.DumpCount": "0", "EventData.BytesPerSector": "512", "EventData.Capacity": "96636764160", "EventData.BusType": "10", "EventData.Manufacturer": "VMware", "EventData.Model": "Virtual disk", "EventData.Revision": "2.0", "EventData.SerialNumber": "NULL", "EventData.Location": "PCI Slot 160 : Bus 3 : Device 0 : Function 0 : Adapter 0 : Port 0 : Target 0 : LUN 0", "EventData.ParentId": "PCI\\VEN_1000&DEV_0054&SUBSYS_197615AD&REV_01\\4&2509f6e&0&00A8", "EventData.Socket": "-1", "EventData.Slot": "160", "EventData.Bus": "3", "EventData.Device": "0", "EventData.Function": "0", "EventData.Adapter": "0", "EventData.Port": "0", "EventData.Target": "0", "EventData.Lun": "0", "EventData.IoctlSupport": "59879", "EventData.IdFlags": "2", "EventData.DiskId": "{2a6e3bfe-d957-11ed-a710-806e6f6e6963}", "EventData.AdapterId": "{2572a953-954b-11ec-a6b8-806e6f6e6963}", "EventData.RegistryId": "{2572a961-954b-11ec-a6b8-806e6f6e6963}", "EventData.PoolId": "{00000000-0000-0000-0000-000000000000}", "EventData.FirmwareSupportsUpgrade": "True", "EventData.FirmwareSlotCount": "1", "EventData.StorageIdCount": "0", "EventData.StorageIdCodeSet": "0", "EventData.StorageIdType": "0", "EventData.StorageIdAssociation": "0", "EventData.StorageIdBytes": "0", "EventData.StorageId": null, "EventData.WriteCacheType": "0", "EventData.WriteCacheEnabled": "0", "EventData.WriteCacheChangeable": "0", "EventData.WriteThroughSupported": "0", "EventData.FlushCacheSupported": "False", "EventData.IsPowerProtected": "False", "EventData.NVCacheEnabled": "False", "EventData.BytesPerLogicalSector": "512", "EventData.BytesPerPhysicalSector": "512", "EventData.BytesOffsetForSectorAlignment": "0", "EventData.IncursSeekPenalty": "False", "EventData.IsTrimSupported": "False", "EventData.IsThinProvisioned": "False", "EventData.OptimalUnmapGranularity": "0", "EventData.UnmapAlignment": "0", "EventData.NumberOfLogicalCopies": "0", "EventData.NumberOfPhysicalCopies": "0", "EventData.FaultTolerance": "0", "EventData.NumberOfColumns": "0", "EventData.InterleaveBytes": "0", "EventData.HybridSupported": "False", "EventData.HybridCacheBytes": "0", "EventData.AdapterMaximumTransferBytes": "16777215", "EventData.AdapterMaximumTransferPages": "257", "EventData.AdapterAlignmentMask": "0", "EventData.AdapterSerialNumber": "NULL", "EventData.PortDriver": "1", "EventData.UserRemovalPolicy": "False", "EventData.PartitionStyle": "1", "EventData.PartitionCount": "4", "EventData.PartitionTableBytes": "624", "EventData.PartitionTable": "AQAAAAQAAAD4OlK1ULGKT4RoGH7auIX0AEQAAAAAAAAAev9/FgAAAIAAAAAAAAAAAQAAAAAAAAAAABAAAAAAAAAAQAYAAAAAAQAAAAAAAAAocyrBH/jSEbpLAKDJPsk7Ft7tjFc2cUiMh/1rxmz2kwAAAAAAAACARQBGAEkAIABzAHkAcwB0AGUAbQAgAHAAYQByAHQAaQB0AGkAbwBuAAAAAAAAAAAAAAAAAAAAAAAAAAAAAAAAAAAAAAAAAAAAAQAAAAAAAAAAAFAGAAAAAAAAAAEAAAAAAgAAAAAAAAAW48njXAu4TYF9+S3wAhWubxyUU+4aUkGSxur5kk16EAAAAAAAAACATQBpAGMAcgBvAHMAbwBmAHQAIAByAGUAcwBlAHIAdgBlAGQAIABwAGEAcgB0AGkAdABpAG8AbgAAAAAAAAAAAAAAAAAAAAAAAQAAAAAAAAAAAFAHAAAAAADiC1gWAAAAAwAAAAAAAACioNDr5bkzRIfAaLa3JpnHY4Y6w6JxMUCM7MIZFP4SrQAAAAAAAAAAQgBhAHMAaQBjACAAZABhAHQAYQAgAHAAYQByAHQAaQB0AGkAbwBuAAAAAAAAAAAAAAAAAAAAAAAAAAAAAAAAAAAAAAAAAAAAAQAAAAAAAAAAAGBfFgAAAAAAgCAAAAAABAAAAAAAAACku5Te0QZATaFqv9UBedasLLUb3g5OYUObu7rx0+QMAQEAAAAAAACAAAAAAAAAAAAAAAAAAAAAAAAAAAAAAAAAAAAAAAAAAAAAAAAAAAAAAAAAAAAAAAAAAAAAAAAAAAAAAAAAAAAAAAAAAAAAAAAA", "EventData.MbrBytes": "0", "EventData.Mbr": null, "EventData.Vbr0Bytes": "0", "EventData.Vbr0": null, "EventData.Vbr1Bytes": "0", "EventData.Vbr1": null, "EventData.Vbr2Bytes": "0", "EventData.Vbr2": null, "EventData.Vbr3Size": "0", "EventData.Vbr3": null}
{"EventID": "1006", "Channel": "Microsoft-Windows-Partition/Diagnostic", "Provider_Name": "Microsoft-Windows-Partition", "Computer": "DESKTOP-OFJ6N53", "TimeCreated": "2023-04-22 12:24:12.009031+00:00", "RecordID": "92", "Level": "4", "UserID": "S-1-5-18", "EventData.DiskNumber": "0", "EventData.Flags": "538976528", "EventData.Characteristics": "262400", "EventData.IsSystemCritical": "True", "EventData.PagingCount": "0", "EventData.HibernationCount": "0", "EventData.DumpCount": "0", "EventData.BytesPerSector": "512", "EventData.Capacity": "96636764160", "EventData.BusType": "10", "EventData.Manufacturer": "VMware", "EventData.Model": "Virtual disk", "EventData.Revision": "2.0", "EventData.SerialNumber": "NULL", "EventData.Location": "PCI Slot 160 : Bus 3 : Device 0 : Function 0 : Adapter 0 : Port 0 : Target 0 : LUN 0", "EventData.ParentId": "PCI\\VEN_1000&DEV_0054&SUBSYS_197615AD&REV_01\\4&2509f6e&0&00A8", "EventData.Socket": "-1", "EventData.Slot": "160", "EventData.Bus": "3", "EventData.Device": "0", "EventData.Function": "0", "EventData.Adapter": "0", "EventData.Port": "0", "EventData.Target": "0", "EventData.Lun": "0", "EventData.IoctlSupport": "59879", "EventData.IdFlags": "2", "EventData.DiskId": "{9097556f-e108-11ed-a711-806e6f6e6963}", "EventData.AdapterId": "{2572a953-954b-11ec-a6b8-806e6f6e6963}", "EventData.RegistryId": "{2572a961-954b-11ec-a6b8-806e6f6e6963}", "EventData.PoolId": "{00000000-0000-0000-0000-000000000000}", "EventData.FirmwareSupportsUpgrade": "True", "EventData.FirmwareSlotCount": "1", "EventData.StorageIdCount": "0", "EventData.StorageIdCodeSet": "0", "EventData.StorageIdType": "0", "EventData.StorageIdAssociation": "0", "EventData.StorageIdBytes": "0", "EventData.StorageId": null, "EventData.WriteCacheType": "0", "EventData.WriteCacheEnabled": "0", "EventData.WriteCacheChangeable": "0", "EventData.WriteThroughSupported": "0", "EventData.FlushCacheSupported": "False", "EventData.IsPowerProtected": "False", "EventData.NVCacheEnabled": "False", "EventData.BytesPerLogicalSector": "512", "EventData.BytesPerPhysicalSector": "512", "EventData.BytesOffsetForSectorAlignment": "0", "EventData.IncursSeekPenalty": "False", "EventData.IsTrimSupported": "False", "EventData.IsThinProvisioned": "False", "EventData.OptimalUnmapGranularity": "0", "EventData.UnmapAlignment": "0", "EventData.NumberOfLogicalCopies": "0", "EventData.NumberOfPhysicalCopies": "0", "EventData.FaultTolerance": "0", "EventData.NumberOfColumns": "0", "EventData.InterleaveBytes": "0", "EventData.HybridSupported": "False", "EventData.HybridCacheBytes": "0", "EventData.AdapterMaximumTransferBytes": "16777215", "EventData.AdapterMaximumTransferPages": "257", "EventData.AdapterAlignmentMask": "0", "EventData.AdapterSerialNumber": "NULL", "EventData.PortDriver": "1", "EventData.UserRemovalPolicy": "False", "EventData.PartitionStyle": "1", "EventData.PartitionCount": "4", "EventData.PartitionTableBytes": "624", "EventData.PartitionTable": "AQAAAAQAAAD4OlK1ULGKT4RoGH7auIX0AEQAAAAAAAAAev9/FgAAAIAAAAAAAAAAAQAAAAAAAAAAABAAAAAAAAAAQAYAAAAAAQAAAAAAAAAocyrBH/jSEbpLAKDJPsk7Ft7tjFc2cUiMh/1rxmz2kwAAAAAAAACARQBGAEkAIABzAHkAcwB0AGUAbQAgAHAAYQByAHQAaQB0AGkAbwBuAAAAAAAAAAAAAAAAAAAAAAAAAAAAAAAAAAAAAAAAAAAAAQAAAAAAAAAAAFAGAAAAAAAAAAEAAAAAAgAAAAAAAAAW48njXAu4TYF9+S3wAhWubxyUU+4aUkGSxur5kk16EAAAAAAAAACATQBpAGMAcgBvAHMAbwBmAHQAIAByAGUAcwBlAHIAdgBlAGQAIABwAGEAcgB0AGkAdABpAG8AbgAAAAAAAAAAAAAAAAAAAAAAAQAAAAAAAAAAAFAHAAAAAADiC1gWAAAAAwAAAAAAAACioNDr5bkzRIfAaLa3JpnHY4Y6w6JxMUCM7MIZFP4SrQAAAAAAAAAAQgBhAHMAaQBjACAAZABhAHQAYQAgAHAAYQByAHQAaQB0AGkAbwBuAAAAAAAAAAAAAAAAAAAAAAAAAAAAAAAAAAAAAAAAAAAAAQAAAAAAAAAAAGBfFgAAAAAAgCAAAAAABAAAAAAAAACku5Te0QZATaFqv9UBedasLLUb3g5OYUObu7rx0+QMAQEAAAAAAACAAAAAAAAAAAAAAAAAAAAAAAAAAAAAAAAAAAAAAAAAAAAAAAAAAAAAAAAAAAAAAAAAAAAAAAAAAAAAAAAAAAAAAAAAAAAAAAAA", "EventData.MbrBytes": "0", "EventData.Mbr": null, "EventData.Vbr0Bytes": "0", "EventData.Vbr0": null, "EventData.Vbr1Bytes": "0", "EventData.Vbr1": null, "EventData.Vbr2Bytes": "0", "EventData.Vbr2": null, "EventData.Vbr3Size": "0", "EventData.Vbr3": null}
{"EventID": "1006", "Channel": "Microsoft-Windows-Partition/Diagnostic", "Provider_Name": "Microsoft-Windows-Partition", "Computer": "DESKTOP-OFJ6N53", "TimeCreated": "2023-04-26 10:05:04.355085+00:00", "RecordID": "93", "Level": "4", "UserID": "S-1-5-18", "EventData.DiskNumber": "0", "EventData.Flags": "538976528", "EventData.Characteristics": "262400", "EventData.IsSystemCritical": "True", "EventData.PagingCount": "0", "EventData.HibernationCount": "0", "EventData.DumpCount": "0", "EventData.BytesPerSector": "512", "EventData.Capacity": "96636764160", "EventData.BusType": "10", "EventData.Manufacturer": "VMware", "EventData.Model": "Virtual disk", "EventData.Revision": "2.0", "EventData.SerialNumber": "NULL", "EventData.Location": "PCI Slot 160 : Bus 3 : Device 0 : Function 0 : Adapter 0 : Port 0 : Target 0 : LUN 0", "EventData.ParentId": "PCI\\VEN_1000&DEV_0054&SUBSYS_197615AD&REV_01\\4&2509f6e&0&00A8", "EventData.Socket": "-1", "EventData.Slot": "160", "EventData.Bus": "3", "EventData.Device": "0", "EventData.Function": "0", "EventData.Adapter": "0", "EventData.Port": "0", "EventData.Target": "0", "EventData.Lun": "0", "EventData.IoctlSupport": "59879", "EventData.IdFlags": "2", "EventData.DiskId": "{ce4fb955-e419-11ed-a712-806e6f6e6963}", "EventData.AdapterId": "{2572a953-954b-11ec-a6b8-806e6f6e6963}", "EventData.RegistryId": "{2572a961-954b-11ec-a6b8-806e6f6e6963}", "EventData.PoolId": "{00000000-0000-0000-0000-000000000000}", "EventData.FirmwareSupportsUpgrade": "True", "EventData.FirmwareSlotCount": "1", "EventData.StorageIdCount": "0", "EventData.StorageIdCodeSet": "0", "EventData.StorageIdType": "0", "EventData.StorageIdAssociation": "0", "EventData.StorageIdBytes": "0", "EventData.StorageId": null, "EventData.WriteCacheType": "0", "EventData.WriteCacheEnabled": "0", "EventData.WriteCacheChangeable": "0", "EventData.WriteThroughSupported": "0", "EventData.FlushCacheSupported": "False", "EventData.IsPowerProtected": "False", "EventData.NVCacheEnabled": "False", "EventData.BytesPerLogicalSector": "512", "EventData.BytesPerPhysicalSector": "512", "EventData.BytesOffsetForSectorAlignment": "0", "EventData.IncursSeekPenalty": "False", "EventData.IsTrimSupported": "False", "EventData.IsThinProvisioned": "False", "EventData.OptimalUnmapGranularity": "0", "EventData.UnmapAlignment": "0", "EventData.NumberOfLogicalCopies": "0", "EventData.NumberOfPhysicalCopies": "0", "EventData.FaultTolerance": "0", "EventData.NumberOfColumns": "0", "EventData.InterleaveBytes": "0", "EventData.HybridSupported": "False", "EventData.HybridCacheBytes": "0", "EventData.AdapterMaximumTransferBytes": "16777215", "EventData.AdapterMaximumTransferPages": "257", "EventData.AdapterAlignmentMask": "0", "EventData.AdapterSerialNumber": "NULL", "EventData.PortDriver": "1", "EventData.UserRemovalPolicy": "False", "EventData.PartitionStyle": "1", "EventData.PartitionCount": "4", "EventData.PartitionTableBytes": "624", "EventData.PartitionTable": "AQAAAAQAAAD4OlK1ULGKT4RoGH7auIX0AEQAAAAAAAAAev9/FgAAAIAAAAAAAAAAAQAAAAAAAAAAABAAAAAAAAAAQAYAAAAAAQAAAAAAAAAocyrBH/jSEbpLAKDJPsk7Ft7tjFc2cUiMh/1rxmz2kwAAAAAAAACARQBGAEkAIABzAHkAcwB0AGUAbQAgAHAAYQByAHQAaQB0AGkAbwBuAAAAAAAAAAAAAAAAAAAAAAAAAAAAAAAAAAAAAAAAAAAAAQAAAAAAAAAAAFAGAAAAAAAAAAEAAAAAAgAAAAAAAAAW48njXAu4TYF9+S3wAhWubxyUU+4aUkGSxur5kk16EAAAAAAAAACATQBpAGMAcgBvAHMAbwBmAHQAIAByAGUAcwBlAHIAdgBlAGQAIABwAGEAcgB0AGkAdABpAG8AbgAAAAAAAAAAAAAAAAAAAAAAAQAAAAAAAAAAAFAHAAAAAADiC1gWAAAAAwAAAAAAAACioNDr5bkzRIfAaLa3JpnHY4Y6w6JxMUCM7MIZFP4SrQAAAAAAAAAAQgBhAHMAaQBjACAAZABhAHQAYQAgAHAAYQByAHQAaQB0AGkAbwBuAAAAAAAAAAAAAAAAAAAAAAAAAAAAAAAAAAAAAAAAAAAAAQAAAAAAAAAAAGBfFgAAAAAAgCAAAAAABAAAAAAAAACku5Te0QZATaFqv9UBedasLLUb3g5OYUObu7rx0+QMAQEAAAAAAACAAAAAAAAAAAAAAAAAAAAAAAAAAAAAAAAAAAAAAAAAAAAAAAAAAAAAAAAAAAAAAAAAAAAAAAAAAAAAAAAAAAAAAAAAAAAAAAAA", "EventData.MbrBytes": "0", "EventData.Mbr": null, "EventData.Vbr0Bytes": "0", "EventData.Vbr0": null, "EventData.Vbr1Bytes": "0", "EventData.Vbr1": null, "EventData.Vbr2Bytes": "0", "EventData.Vbr2": null, "EventData.Vbr3Size": "0", "EventData.Vbr3": null}
{"EventID": "1006", "Channel": "Microsoft-Windows-Partition/Diagnostic", "Provider_Name": "Microsoft-Windows-Partition", "Computer": "DESKTOP-OFJ6N53", "TimeCreated": "2023-05-02 20:27:36.186684+00:00", "RecordID": "94", "Level": "4", "UserID": "S-1-5-18", "EventData.DiskNumber": "0", "EventData.Flags": "538976528", "EventData.Characteristics": "262400", "EventData.IsSystemCritical": "True", "EventData.PagingCount": "0", "EventData.HibernationCount": "0", "EventData.DumpCount": "0", "EventData.BytesPerSector": "512", "EventData.Capacity": "96636764160", "EventData.BusType": "10", "EventData.Manufacturer": "VMware", "EventData.Model": "Virtual disk", "EventData.Revision": "2.0", "EventData.SerialNumber": "NULL", "EventData.Location": "PCI Slot 160 : Bus 3 : Device 0 : Function 0 : Adapter 0 : Port 0 : Target 0 : LUN 0", "EventData.ParentId": "PCI\\VEN_1000&DEV_0054&SUBSYS_197615AD&REV_01\\4&2509f6e&0&00A8", "EventData.Socket": "-1", "EventData.Slot": "160", "EventData.Bus": "3", "EventData.Device": "0", "EventData.Function": "0", "EventData.Adapter": "0", "EventData.Port": "0", "EventData.Target": "0", "EventData.Lun": "0", "EventData.IoctlSupport": "59879", "EventData.IdFlags": "2", "EventData.DiskId": "{c2688ce2-e927-11ed-a713-806e6f6e6963}", "EventData.AdapterId": "{2572a953-954b-11ec-a6b8-806e6f6e6963}", "EventData.RegistryId": "{2572a961-954b-11ec-a6b8-806e6f6e6963}", "EventData.PoolId": "{00000000-0000-0000-0000-000000000000}", "EventData.FirmwareSupportsUpgrade": "True", "EventData.FirmwareSlotCount": "1", "EventData.StorageIdCount": "0", "EventData.StorageIdCodeSet": "0", "EventData.StorageIdType": "0", "EventData.StorageIdAssociation": "0", "EventData.StorageIdBytes": "0", "EventData.StorageId": null, "EventData.WriteCacheType": "0", "EventData.WriteCacheEnabled": "0", "EventData.WriteCacheChangeable": "0", "EventData.WriteThroughSupported": "0", "EventData.FlushCacheSupported": "False", "EventData.IsPowerProtected": "False", "EventData.NVCacheEnabled": "False", "EventData.BytesPerLogicalSector": "512", "EventData.BytesPerPhysicalSector": "512", "EventData.BytesOffsetForSectorAlignment": "0", "EventData.IncursSeekPenalty": "False", "EventData.IsTrimSupported": "False", "EventData.IsThinProvisioned": "False", "EventData.OptimalUnmapGranularity": "0", "EventData.UnmapAlignment": "0", "EventData.NumberOfLogicalCopies": "0", "EventData.NumberOfPhysicalCopies": "0", "EventData.FaultTolerance": "0", "EventData.NumberOfColumns": "0", "EventData.InterleaveBytes": "0", "EventData.HybridSupported": "False", "EventData.HybridCacheBytes": "0", "EventData.AdapterMaximumTransferBytes": "16777215", "EventData.AdapterMaximumTransferPages": "257", "EventData.AdapterAlignmentMask": "0", "EventData.AdapterSerialNumber": "NULL", "EventData.PortDriver": "1", "EventData.UserRemovalPolicy": "False", "EventData.PartitionStyle": "1", "EventData.PartitionCount": "4", "EventData.PartitionTableBytes": "624", "EventData.PartitionTable": "AQAAAAQAAAD4OlK1ULGKT4RoGH7auIX0AEQAAAAAAAAAev9/FgAAAIAAAAAAAAAAAQAAAAAAAAAAABAAAAAAAAAAQAYAAAAAAQAAAAAAAAAocyrBH/jSEbpLAKDJPsk7Ft7tjFc2cUiMh/1rxmz2kwAAAAAAAACARQBGAEkAIABzAHkAcwB0AGUAbQAgAHAAYQByAHQAaQB0AGkAbwBuAAAAAAAAAAAAAAAAAAAAAAAAAAAAAAAAAAAAAAAAAAAAAQAAAAAAAAAAAFAGAAAAAAAAAAEAAAAAAgAAAAAAAAAW48njXAu4TYF9+S3wAhWubxyUU+4aUkGSxur5kk16EAAAAAAAAACATQBpAGMAcgBvAHMAbwBmAHQAIAByAGUAcwBlAHIAdgBlAGQAIABwAGEAcgB0AGkAdABpAG8AbgAAAAAAAAAAAAAAAAAAAAAAAQAAAAAAAAAAAFAHAAAAAADiC1gWAAAAAwAAAAAAAACioNDr5bkzRIfAaLa3JpnHY4Y6w6JxMUCM7MIZFP4SrQAAAAAAAAAAQgBhAHMAaQBjACAAZABhAHQAYQAgAHAAYQByAHQAaQB0AGkAbwBuAAAAAAAAAAAAAAAAAAAAAAAAAAAAAAAAAAAAAAAAAAAAAQAAAAAAAAAAAGBfFgAAAAAAgCAAAAAABAAAAAAAAACku5Te0QZATaFqv9UBedasLLUb3g5OYUObu7rx0+QMAQEAAAAAAACAAAAAAAAAAAAAAAAAAAAAAAAAAAAAAAAAAAAAAAAAAAAAAAAAAAAAAAAAAAAAAAAAAAAAAAAAAAAAAAAAAAAAAAAAAAAAAAAA", "EventData.MbrBytes": "0", "EventData.Mbr": null, "EventData.Vbr0Bytes": "0", "EventData.Vbr0": null, "EventData.Vbr1Bytes": "0", "EventData.Vbr1": null, "EventData.Vbr2Bytes": "0", "EventData.Vbr2": null, "EventData.Vbr3Size": "0", "EventData.Vbr3": null}
{"EventID": "1006", "Channel": "Microsoft-Windows-Partition/Diagnostic", "Provider_Name": "Microsoft-Windows-Partition", "Computer": "DESKTOP-OFJ6N53", "TimeCreated": "2023-05-03 08:16:21.928022+00:00", "RecordID": "95", "Level": "4", "UserID": "S-1-5-18", "EventData.DiskNumber": "0", "EventData.Flags": "538976528", "EventData.Characteristics": "262400", "EventData.IsSystemCritical": "True", "EventData.PagingCount": "0", "EventData.HibernationCount": "0", "EventData.DumpCount": "0", "EventData.BytesPerSector": "512", "EventData.Capacity": "96636764160", "EventData.BusType": "10", "EventData.Manufacturer": "VMware", "EventData.Model": "Virtual disk", "EventData.Revision": "2.0", "EventData.SerialNumber": "NULL", "EventData.Location": "PCI Slot 160 : Bus 3 : Device 0 : Function 0 : Adapter 0 : Port 0 : Target 0 : LUN 0", "EventData.ParentId": "PCI\\VEN_1000&DEV_0054&SUBSYS_197615AD&REV_01\\4&2509f6e&0&00A8", "EventData.Socket": "-1", "EventData.Slot": "160", "EventData.Bus": "3", "EventData.Device": "0", "EventData.Function": "0", "EventData.Adapter": "0", "EventData.Port": "0", "EventData.Target": "0", "EventData.Lun": "0", "EventData.IoctlSupport": "59879", "EventData.IdFlags": "2", "EventData.DiskId": "{bd41aa90-e98a-11ed-a714-806e6f6e6963}", "EventData.AdapterId": "{2572a953-954b-11ec-a6b8-806e6f6e6963}", "EventData.RegistryId": "{2572a961-954b-11ec-a6b8-806e6f6e6963}", "EventData.PoolId": "{00000000-0000-0000-0000-000000000000}", "EventData.FirmwareSupportsUpgrade": "True", "EventData.FirmwareSlotCount": "1", "EventData.StorageIdCount": "0", "EventData.StorageIdCodeSet": "0", "EventData.StorageIdType": "0", "EventData.StorageIdAssociation": "0", "EventData.StorageIdBytes": "0", "EventData.StorageId": null, "EventData.WriteCacheType": "0", "EventData.WriteCacheEnabled": "0", "EventData.WriteCacheChangeable": "0", "EventData.WriteThroughSupported": "0", "EventData.FlushCacheSupported": "False", "EventData.IsPowerProtected": "False", "EventData.NVCacheEnabled": "False", "EventData.BytesPerLogicalSector": "512", "EventData.BytesPerPhysicalSector": "512", "EventData.BytesOffsetForSectorAlignment": "0", "EventData.IncursSeekPenalty": "False", "EventData.IsTrimSupported": "False", "EventData.IsThinProvisioned": "False", "EventData.OptimalUnmapGranularity": "0", "EventData.UnmapAlignment": "0", "EventData.NumberOfLogicalCopies": "0", "EventData.NumberOfPhysicalCopies": "0", "EventData.FaultTolerance": "0", "EventData.NumberOfColumns": "0", "EventData.InterleaveBytes": "0", "EventData.HybridSupported": "False", "EventData.HybridCacheBytes": "0", "EventData.AdapterMaximumTransferBytes": "16777215", "EventData.AdapterMaximumTransferPages": "257", "EventData.AdapterAlignmentMask": "0", "EventData.AdapterSerialNumber": "NULL", "EventData.PortDriver": "1", "EventData.UserRemovalPolicy": "False", "EventData.PartitionStyle": "1", "EventData.PartitionCount": "4", "EventData.PartitionTableBytes": "624", "EventData.PartitionTable": "AQAAAAQAAAD4OlK1ULGKT4RoGH7auIX0AEQAAAAAAAAAev9/FgAAAIAAAAAAAAAAAQAAAAAAAAAAABAAAAAAAAAAQAYAAAAAAQAAAAAAAAAocyrBH/jSEbpLAKDJPsk7Ft7tjFc2cUiMh/1rxmz2kwAAAAAAAACARQBGAEkAIABzAHkAcwB0AGUAbQAgAHAAYQByAHQAaQB0AGkAbwBuAAAAAAAAAAAAAAAAAAAAAAAAAAAAAAAAAAAAAAAAAAAAAQAAAAAAAAAAAFAGAAAAAAAAAAEAAAAAAgAAAAAAAAAW48njXAu4TYF9+S3wAhWubxyUU+4aUkGSxur5kk16EAAAAAAAAACATQBpAGMAcgBvAHMAbwBmAHQAIAByAGUAcwBlAHIAdgBlAGQAIABwAGEAcgB0AGkAdABpAG8AbgAAAAAAAAAAAAAAAAAAAAAAAQAAAAAAAAAAAFAHAAAAAADiC1gWAAAAAwAAAAAAAACioNDr5bkzRIfAaLa3JpnHY4Y6w6JxMUCM7MIZFP4SrQAAAAAAAAAAQgBhAHMAaQBjACAAZABhAHQAYQAgAHAAYQByAHQAaQB0AGkAbwBuAAAAAAAAAAAAAAAAAAAAAAAAAAAAAAAAAAAAAAAAAAAAAQAAAAAAAAAAAGBfFgAAAAAAgCAAAAAABAAAAAAAAACku5Te0QZATaFqv9UBedasLLUb3g5OYUObu7rx0+QMAQEAAAAAAACAAAAAAAAAAAAAAAAAAAAAAAAAAAAAAAAAAAAAAAAAAAAAAAAAAAAAAAAAAAAAAAAAAAAAAAAAAAAAAAAAAAAAAAAAAAAAAAAA", "EventData.MbrBytes": "0", "EventData.Mbr": null, "EventData.Vbr0Bytes": "0", "EventData.Vbr0": null, "EventData.Vbr1Bytes": "0", "EventData.Vbr1": null, "EventData.Vbr2Bytes": "0", "EventData.Vbr2": null, "EventData.Vbr3Size": "0", "EventData.Vbr3": null}
{"EventID": "1006", "Channel": "Microsoft-Windows-Partition/Diagnostic", "Provider_Name": "Microsoft-Windows-Partition", "Computer": "DESKTOP-OFJ6N53", "TimeCreated": "2023-05-10 00:45:43.267250+00:00", "RecordID": "96", "Level": "4", "UserID": "S-1-5-18", "EventData.DiskNumber": "0", "EventData.Flags": "538976528", "EventData.Characteristics": "262400", "EventData.IsSystemCritical": "True", "EventData.PagingCount": "0", "EventData.HibernationCount": "0", "EventData.DumpCount": "0", "EventData.BytesPerSector": "512", "EventData.Capacity": "96636764160", "EventData.BusType": "10", "EventData.Manufacturer": "VMware", "EventData.Model": "Virtual disk", "EventData.Revision": "2.0", "EventData.SerialNumber": "NULL", "EventData.Location": "PCI Slot 160 : Bus 3 : Device 0 : Function 0 : Adapter 0 : Port 0 : Target 0 : LUN 0", "EventData.ParentId": "PCI\\VEN_1000&DEV_0054&SUBSYS_197615AD&REV_01\\4&2509f6e&0&00A8", "EventData.Socket": "-1", "EventData.Slot": "160", "EventData.Bus": "3", "EventData.Device": "0", "EventData.Function": "0", "EventData.Adapter": "0", "EventData.Port": "0", "EventData.Target": "0", "EventData.Lun": "0", "EventData.IoctlSupport": "59879", "EventData.IdFlags": "2", "EventData.DiskId": "{fab84378-eecb-11ed-a715-806e6f6e6963}", "EventData.AdapterId": "{2572a953-954b-11ec-a6b8-806e6f6e6963}", "EventData.RegistryId": "{2572a961-954b-11ec-a6b8-806e6f6e6963}", "EventData.PoolId": "{00000000-0000-0000-0000-000000000000}", "EventData.FirmwareSupportsUpgrade": "True", "EventData.FirmwareSlotCount": "1", "EventData.StorageIdCount": "0", "EventData.StorageIdCodeSet": "0", "EventData.StorageIdType": "0", "EventData.StorageIdAssociation": "0", "EventData.StorageIdBytes": "0", "EventData.StorageId": null, "EventData.WriteCacheType": "0", "EventData.WriteCacheEnabled": "0", "EventData.WriteCacheChangeable": "0", "EventData.WriteThroughSupported": "0", "EventData.FlushCacheSupported": "False", "EventData.IsPowerProtected": "False", "EventData.NVCacheEnabled": "False", "EventData.BytesPerLogicalSector": "512", "EventData.BytesPerPhysicalSector": "512", "EventData.BytesOffsetForSectorAlignment": "0", "EventData.IncursSeekPenalty": "False", "EventData.IsTrimSupported": "False", "EventData.IsThinProvisioned": "False", "EventData.OptimalUnmapGranularity": "0", "EventData.UnmapAlignment": "0", "EventData.NumberOfLogicalCopies": "0", "EventData.NumberOfPhysicalCopies": "0", "EventData.FaultTolerance": "0", "EventData.NumberOfColumns": "0", "EventData.InterleaveBytes": "0", "EventData.HybridSupported": "False", "EventData.HybridCacheBytes": "0", "EventData.AdapterMaximumTransferBytes": "16777215", "EventData.AdapterMaximumTransferPages": "257", "EventData.AdapterAlignmentMask": "0", "EventData.AdapterSerialNumber": "NULL", "EventData.PortDriver": "1", "EventData.UserRemovalPolicy": "False", "EventData.PartitionStyle": "1", "EventData.PartitionCount": "4", "EventData.PartitionTableBytes": "624", "EventData.PartitionTable": "AQAAAAQAAAD4OlK1ULGKT4RoGH7auIX0AEQAAAAAAAAAev9/FgAAAIAAAAAAAAAAAQAAAAAAAAAAABAAAAAAAAAAQAYAAAAAAQAAAAAAAAAocyrBH/jSEbpLAKDJPsk7Ft7tjFc2cUiMh/1rxmz2kwAAAAAAAACARQBGAEkAIABzAHkAcwB0AGUAbQAgAHAAYQByAHQAaQB0AGkAbwBuAAAAAAAAAAAAAAAAAAAAAAAAAAAAAAAAAAAAAAAAAAAAAQAAAAAAAAAAAFAGAAAAAAAAAAEAAAAAAgAAAAAAAAAW48njXAu4TYF9+S3wAhWubxyUU+4aUkGSxur5kk16EAAAAAAAAACATQBpAGMAcgBvAHMAbwBmAHQAIAByAGUAcwBlAHIAdgBlAGQAIABwAGEAcgB0AGkAdABpAG8AbgAAAAAAAAAAAAAAAAAAAAAAAQAAAAAAAAAAAFAHAAAAAADiC1gWAAAAAwAAAAAAAACioNDr5bkzRIfAaLa3JpnHY4Y6w6JxMUCM7MIZFP4SrQAAAAAAAAAAQgBhAHMAaQBjACAAZABhAHQAYQAgAHAAYQByAHQAaQB0AGkAbwBuAAAAAAAAAAAAAAAAAAAAAAAAAAAAAAAAAAAAAAAAAAAAAQAAAAAAAAAAAGBfFgAAAAAAgCAAAAAABAAAAAAAAACku5Te0QZATaFqv9UBedasLLUb3g5OYUObu7rx0+QMAQEAAAAAAACAAAAAAAAAAAAAAAAAAAAAAAAAAAAAAAAAAAAAAAAAAAAAAAAAAAAAAAAAAAAAAAAAAAAAAAAAAAAAAAAAAAAAAAAAAAAAAAAA", "EventData.MbrBytes": "0", "EventData.Mbr": null, "EventData.Vbr0Bytes": "0", "EventData.Vbr0": null, "EventData.Vbr1Bytes": "0", "EventData.Vbr1": null, "EventData.Vbr2Bytes": "0", "EventData.Vbr2": null, "EventData.Vbr3Size": "0", "EventData.Vbr3": null}
