{"EventID": "1", "Channel": "Microsoft-Windows-User Profile Service/Operational", "Provider_Name": "Microsoft-Windows-User Profiles Service", "Computer": "DESKTOP-OFJ6N53", "TimeCreated": "2023-09-13 14:39:01.834160+00:00", "RecordID": "805", "Level": "4", "UserID": "S-1-5-21-963789628-1060504924-4285088085-1001", "EventData.Session": "1"}
{"EventID": "5", "Channel": "Microsoft-Windows-User Profile Service/Operational", "Provider_Name": "Microsoft-Windows-User Profiles Service", "Computer": "DESKTOP-OFJ6N53", "TimeCreated": "2023-09-13 14:39:01.880232+00:00", "RecordID": "806", "Level": "4", "UserID": "S-1-5-18", "EventData.File": "C:\\Users\\sk.batsiev\\ntuser.dat", "EventData.Key": "S-1-5-21-963789628-1060504924-4285088085-1001"}
{"EventID": "5", "Channel": "Microsoft-Windows-User Profile Service/Operational", "Provider_Name": "Microsoft-Windows-User Profiles Service", "Computer": "DESKTOP-OFJ6N53", "TimeCreated": "2023-09-13 14:39:02.272232+00:00", "RecordID": "807", "Level": "4", "UserID": "S-1-5-18", "EventData.File": "C:\\Users\\sk.batsiev\\AppData\\Local\\Microsoft\\Windows\\\\UsrClass.dat", "EventData.Key": "S-1-5-21-963789628-1060504924-4285088085-1001_Classes"}
{"EventID": "67", "Channel": "Microsoft-Windows-User Profile Service/Operational", "Provider_Name": "Microsoft-Windows-User Profiles Service", "Computer": "DESKTOP-OFJ6N53", "TimeCreated": "2023-09-13 14:39:02.274269+00:00", "RecordID": "808", "Level": "4", "UserID": "S-1-5-18", "EventData.LogonType": "Regular", "EventData.LocalPath": "C:\\Users\\sk.batsiev", "EventData.ProfileType": "Regular"}
{"EventID": "2", "Channel": "Microsoft-Windows-User Profile Service/Operational", "Provider_Name": "Microsoft-Windows-User Profiles Service", "Computer": "DESKTOP-OFJ6N53", "TimeCreated": "2023-09-13 14:39:03.843378+00:00", "RecordID": "809", "Level": "4", "UserID": "S-1-5-21-963789628-1060504924-4285088085-1001", "EventData.Session": "1"}
{"EventID": "3", "Channel": "Microsoft-Windows-User Profile Service/Operational", "Provider_Name": "Microsoft-Windows-User Profiles Service", "Computer": "DESKTOP-OFJ6N53", "TimeCreated": "2023-09-29 16:10:04.133093+00:00", "RecordID": "810", "Level": "4", "UserID": "S-1-5-21-963789628-1060504924-4285088085-1001", "EventData.Session": "1"}
{"EventID": "4", "Channel": "Microsoft-Windows-User Profile Service/Operational", "Provider_Name": "Microsoft-Windows-User Profiles Service", "Computer": "DESKTOP-OFJ6N53", "TimeCreated": "2023-09-29 16:10:04.202932+00:00", "RecordID": "811", "Level": "4", "UserID": "S-1-5-21-963789628-1060504924-4285088085-1001", "EventData.Session": "1"}
{"EventID": "1", "Channel": "Microsoft-Windows-User Profile Service/Operational", "Provider_Name": "Microsoft-Windows-User Profiles Service", "Computer": "DESKTOP-OFJ6N53", "TimeCreated": "2023-09-29 16:10:50.914564+00:00", "RecordID": "812", "Level": "4", "UserID": "S-1-5-21-963789628-1060504924-4285088085-1001", "EventData.Session": "1"}
{"EventID": "5", "Channel": "Microsoft-Windows-User Profile Service/Operational", "Provider_Name": "Microsoft-Windows-User Profiles Service", "Computer": "DESKTOP-OFJ6N53", "TimeCreated": "2023-09-29 16:10:51.265259+00:00", "RecordID": "813", "Level": "4", "UserID": "S-1-5-18", "EventData.File": "C:\\Users\\sk.batsiev\\ntuser.dat", "EventData.Key": "S-1-5-21-963789628-1060504924-4285088085-1001"}
{"EventID": "5", "Channel": "Microsoft-Windows-User Profile Service/Operational", "Provider_Name": "Microsoft-Windows-User Profiles Service", "Computer": "DESKTOP-OFJ6N53", "TimeCreated": "2023-09-29 16:10:51.682478+00:00", "RecordID": "814", "Level": "4", "UserID": "S-1-5-18", "EventData.File": "C:\\Users\\sk.batsiev\\AppData\\Local\\Microsoft\\Windows\\\\UsrClass.dat", "EventData.Key": "S-1-5-21-963789628-1060504924-4285088085-1001_Classes"}
{"EventID": "67", "Channel": "Microsoft-Windows-User Profile Service/Operational", "Provider_Name": "Microsoft-Windows-User Profiles Service", "Computer": "DESKTOP-OFJ6N53", "TimeCreated": "2023-09-29 16:10:51.684362+00:00", "RecordID": "815", "Level": "4", "UserID": "S-1-5-18", "EventData.LogonType": "Regular", "EventData.LocalPath": "C:\\Users\\sk.batsiev", "EventData.ProfileType": "Regular"}
{"EventID": "2", "Channel": "Microsoft-Windows-User Profile Service/Operational", "Provider_Name": "Microsoft-Windows-User Profiles Service", "Computer": "DESKTOP-OFJ6N53", "TimeCreated": "2023-09-29 16:11:11.070005+00:00", "RecordID": "816", "Level": "4", "UserID": "S-1-5-21-963789628-1060504924-4285088085-1001", "EventData.Session": "1"}
{"EventID": "3", "Channel": "Microsoft-Windows-User Profile Service/Operational", "Provider_Name": "Microsoft-Windows-User Profiles Service", "Computer": "DESKTOP-OFJ6N53", "TimeCreated": "2023-10-12 16:52:07.344439+00:00", "RecordID": "817", "Level": "4", "UserID": "S-1-5-21-963789628-1060504924-4285088085-1001", "EventData.Session": "1"}
{"EventID": "4", "Channel": "Microsoft-Windows-User Profile Service/Operational", "Provider_Name": "Microsoft-Windows-User Profiles Service", "Computer": "DESKTOP-OFJ6N53", "TimeCreated": "2023-10-12 16:52:07.410295+00:00", "RecordID": "818", "Level": "4", "UserID": "S-1-5-21-963789628-1060504924-4285088085-1001", "EventData.Session": "1"}
{"EventID": "1", "Channel": "Microsoft-Windows-User Profile Service/Operational", "Provider_Name": "Microsoft-Windows-User Profiles Service", "Computer": "DESKTOP-OFJ6N53", "TimeCreated": "2023-10-12 16:58:06.231928+00:00", "RecordID": "819", "Level": "4", "UserID": "S-1-5-21-963789628-1060504924-4285088085-1001", "EventData.Session": "1"}
{"EventID": "5", "Channel": "Microsoft-Windows-User Profile Service/Operational", "Provider_Name": "Microsoft-Windows-User Profiles Service", "Computer": "DESKTOP-OFJ6N53", "TimeCreated": "2023-10-12 16:58:06.266785+00:00", "RecordID": "820", "Level": "4", "UserID": "S-1-5-18", "EventData.File": "C:\\Users\\sk.batsiev\\ntuser.dat", "EventData.Key": "S-1-5-21-963789628-1060504924-4285088085-1001"}
{"EventID": "5", "Channel": "Microsoft-Windows-User Profile Service/Operational", "Provider_Name": "Microsoft-Windows-User Profiles Service", "Computer": "DESKTOP-OFJ6N53", "TimeCreated": "2023-10-12 16:58:06.432487+00:00", "RecordID": "821", "Level": "4", "UserID": "S-1-5-18", "EventData.File": "C:\\Users\\sk.batsiev\\AppData\\Local\\Microsoft\\Windows\\\\UsrClass.dat", "EventData.Key": "S-1-5-21-963789628-1060504924-4285088085-1001_Classes"}
{"EventID": "67", "Channel": "Microsoft-Windows-User Profile Service/Operational", "Provider_Name": "Microsoft-Windows-User Profiles Service", "Computer": "DESKTOP-OFJ6N53", "TimeCreated": "2023-10-12 16:58:06.434540+00:00", "RecordID": "822", "Level": "4", "UserID": "S-1-5-18", "EventData.LogonType": "Regular", "EventData.LocalPath": "C:\\Users\\sk.batsiev", "EventData.ProfileType": "Regular"}
{"EventID": "2", "Channel": "Microsoft-Windows-User Profile Service/Operational", "Provider_Name": "Microsoft-Windows-User Profiles Service", "Computer": "DESKTOP-OFJ6N53", "TimeCreated": "2023-10-12 16:58:07.382668+00:00", "RecordID": "823", "Level": "4", "UserID": "S-1-5-21-963789628-1060504924-4285088085-1001", "EventData.Session": "1"}
{"EventID": "3", "Channel": "Microsoft-Windows-User Profile Service/Operational", "Provider_Name": "Microsoft-Windows-User Profiles Service", "Computer": "DESKTOP-OFJ6N53", "TimeCreated": "2023-10-27 14:40:04.244951+00:00", "RecordID": "824", "Level": "4", "UserID": "S-1-5-21-963789628-1060504924-4285088085-1001", "EventData.Session": "1"}
{"EventID": "4", "Channel": "Microsoft-Windows-User Profile Service/Operational", "Provider_Name": "Microsoft-Windows-User Profiles Service", "Computer": "DESKTOP-OFJ6N53", "TimeCreated": "2023-10-27 14:40:04.303024+00:00", "RecordID": "825", "Level": "4", "UserID": "S-1-5-21-963789628-1060504924-4285088085-1001", "EventData.Session": "1"}
{"EventID": "1", "Channel": "Microsoft-Windows-User Profile Service/Operational", "Provider_Name": "Microsoft-Windows-User Profiles Service", "Computer": "DESKTOP-OFJ6N53", "TimeCreated": "2023-10-27 14:40:50.395815+00:00", "RecordID": "826", "Level": "4", "UserID": "S-1-5-21-963789628-1060504924-4285088085-1001", "EventData.Session": "1"}
{"EventID": "5", "Channel": "Microsoft-Windows-User Profile Service/Operational", "Provider_Name": "Microsoft-Windows-User Profiles Service", "Computer": "DESKTOP-OFJ6N53", "TimeCreated": "2023-10-27 14:40:50.769945+00:00", "RecordID": "827", "Level": "4", "UserID": "S-1-5-18", "EventData.File": "C:\\Users\\sk.batsiev\\ntuser.dat", "EventData.Key": "S-1-5-21-963789628-1060504924-4285088085-1001"}
{"EventID": "5", "Channel": "Microsoft-Windows-User Profile Service/Operational", "Provider_Name": "Microsoft-Windows-User Profiles Service", "Computer": "DESKTOP-OFJ6N53", "TimeCreated": "2023-10-27 14:40:51.272673+00:00", "RecordID": "828", "Level": "4", "UserID": "S-1-5-18", "EventData.File": "C:\\Users\\sk.batsiev\\AppData\\Local\\Microsoft\\Windows\\\\UsrClass.dat", "EventData.Key": "S-1-5-21-963789628-1060504924-4285088085-1001_Classes"}
{"EventID": "67", "Channel": "Microsoft-Windows-User Profile Service/Operational", "Provider_Name": "Microsoft-Windows-User Profiles Service", "Computer": "DESKTOP-OFJ6N53", "TimeCreated": "2023-10-27 14:40:51.275057+00:00", "RecordID": "829", "Level": "4", "UserID": "S-1-5-18", "EventData.LogonType": "Regular", "EventData.LocalPath": "C:\\Users\\sk.batsiev", "EventData.ProfileType": "Regular"}
{"EventID": "2", "Channel": "Microsoft-Windows-User Profile Service/Operational", "Provider_Name": "Microsoft-Windows-User Profiles Service", "Computer": "DESKTOP-OFJ6N53", "TimeCreated": "2023-10-27 14:41:13.773996+00:00", "RecordID": "830", "Level": "4", "UserID": "S-1-5-21-963789628-1060504924-4285088085-1001", "EventData.Session": "1"}
{"EventID": "3", "Channel": "Microsoft-Windows-User Profile Service/Operational", "Provider_Name": "Microsoft-Windows-User Profiles Service", "Computer": "DESKTOP-OFJ6N53", "TimeCreated": "2023-11-20 15:00:05.842890+00:00", "RecordID": "831", "Level": "4", "UserID": "S-1-5-21-963789628-1060504924-4285088085-1001", "EventData.Session": "1"}
{"EventID": "4", "Channel": "Microsoft-Windows-User Profile Service/Operational", "Provider_Name": "Microsoft-Windows-User Profiles Service", "Computer": "DESKTOP-OFJ6N53", "TimeCreated": "2023-11-20 15:00:05.913046+00:00", "RecordID": "832", "Level": "4", "UserID": "S-1-5-21-963789628-1060504924-4285088085-1001", "EventData.Session": "1"}
{"EventID": "1", "Channel": "Microsoft-Windows-User Profile Service/Operational", "Provider_Name": "Microsoft-Windows-User Profiles Service", "Computer": "DESKTOP-OFJ6N53", "TimeCreated": "2023-11-20 15:11:32.087358+00:00", "RecordID": "833", "Level": "4", "UserID": "S-1-5-21-963789628-1060504924-4285088085-1001", "EventData.Session": "1"}
{"EventID": "5", "Channel": "Microsoft-Windows-User Profile Service/Operational", "Provider_Name": "Microsoft-Windows-User Profiles Service", "Computer": "DESKTOP-OFJ6N53", "TimeCreated": "2023-11-20 15:11:32.394407+00:00", "RecordID": "834", "Level": "4", "UserID": "S-1-5-18", "EventData.File": "C:\\Users\\sk.batsiev\\ntuser.dat", "EventData.Key": "S-1-5-21-963789628-1060504924-4285088085-1001"}
{"EventID": "5", "Channel": "Microsoft-Windows-User Profile Service/Operational", "Provider_Name": "Microsoft-Windows-User Profiles Service", "Computer": "DESKTOP-OFJ6N53", "TimeCreated": "2023-11-20 15:11:32.753685+00:00", "RecordID": "835", "Level": "4", "UserID": "S-1-5-18", "EventData.File": "C:\\Users\\sk.batsiev\\AppData\\Local\\Microsoft\\Windows\\\\UsrClass.dat", "EventData.Key": "S-1-5-21-963789628-1060504924-4285088085-1001_Classes"}
{"EventID": "67", "Channel": "Microsoft-Windows-User Profile Service/Operational", "Provider_Name": "Microsoft-Windows-User Profiles Service", "Computer": "DESKTOP-OFJ6N53", "TimeCreated": "2023-11-20 15:11:32.755930+00:00", "RecordID": "836", "Level": "4", "UserID": "S-1-5-18", "EventData.LogonType": "Regular", "EventData.LocalPath": "C:\\Users\\sk.batsiev", "EventData.ProfileType": "Regular"}
{"EventID": "2", "Channel": "Microsoft-Windows-User Profile Service/Operational", "Provider_Name": "Microsoft-Windows-User Profiles Service", "Computer": "DESKTOP-OFJ6N53", "TimeCreated": "2023-11-20 15:11:33.164654+00:00", "RecordID": "837", "Level": "4", "UserID": "S-1-5-21-963789628-1060504924-4285088085-1001", "EventData.Session": "1"}
{"EventID": "3", "Channel": "Microsoft-Windows-User Profile Service/Operational", "Provider_Name": "Microsoft-Windows-User Profiles Service", "Computer": "DESKTOP-OFJ6N53", "TimeCreated": "2023-12-12 07:24:52.071856+00:00", "RecordID": "838", "Level": "4", "UserID": "S-1-5-21-963789628-1060504924-4285088085-1001", "EventData.Session": "1"}
{"EventID": "4", "Channel": "Microsoft-Windows-User Profile Service/Operational", "Provider_Name": "Microsoft-Windows-User Profiles Service", "Computer": "DESKTOP-OFJ6N53", "TimeCreated": "2023-12-12 07:24:52.159954+00:00", "RecordID": "839", "Level": "4", "UserID": "S-1-5-21-963789628-1060504924-4285088085-1001", "EventData.Session": "1"}
{"EventID": "1", "Channel": "Microsoft-Windows-User Profile Service/Operational", "Provider_Name": "Microsoft-Windows-User Profiles Service", "Computer": "DESKTOP-OFJ6N53", "TimeCreated": "2023-12-12 07:25:23.579872+00:00", "RecordID": "840", "Level": "4", "UserID": "S-1-5-21-963789628-1060504924-4285088085-1001", "EventData.Session": "1"}
{"EventID": "5", "Channel": "Microsoft-Windows-User Profile Service/Operational", "Provider_Name": "Microsoft-Windows-User Profiles Service", "Computer": "DESKTOP-OFJ6N53", "TimeCreated": "2023-12-12 07:25:23.628437+00:00", "RecordID": "841", "Level": "4", "UserID": "S-1-5-18", "EventData.File": "C:\\Users\\sk.batsiev\\ntuser.dat", "EventData.Key": "S-1-5-21-963789628-1060504924-4285088085-1001"}
{"EventID": "5", "Channel": "Microsoft-Windows-User Profile Service/Operational", "Provider_Name": "Microsoft-Windows-User Profiles Service", "Computer": "DESKTOP-OFJ6N53", "TimeCreated": "2023-12-12 07:25:23.697590+00:00", "RecordID": "842", "Level": "4", "UserID": "S-1-5-18", "EventData.File": "C:\\Users\\sk.batsiev\\AppData\\Local\\Microsoft\\Windows\\\\UsrClass.dat", "EventData.Key": "S-1-5-21-963789628-1060504924-4285088085-1001_Classes"}
{"EventID": "67", "Channel": "Microsoft-Windows-User Profile Service/Operational", "Provider_Name": "Microsoft-Windows-User Profiles Service", "Computer": "DESKTOP-OFJ6N53", "TimeCreated": "2023-12-12 07:25:23.700058+00:00", "RecordID": "843", "Level": "4", "UserID": "S-1-5-18", "EventData.LogonType": "Regular", "EventData.LocalPath": "C:\\Users\\sk.batsiev", "EventData.ProfileType": "Regular"}
{"EventID": "2", "Channel": "Microsoft-Windows-User Profile Service/Operational", "Provider_Name": "Microsoft-Windows-User Profiles Service", "Computer": "DESKTOP-OFJ6N53", "TimeCreated": "2023-12-12 07:25:24.844051+00:00", "RecordID": "844", "Level": "4", "UserID": "S-1-5-21-963789628-1060504924-4285088085-1001", "EventData.Session": "1"}
{"EventID": "3", "Channel": "Microsoft-Windows-User Profile Service/Operational", "Provider_Name": "Microsoft-Windows-User Profiles Service", "Computer": "DESKTOP-OFJ6N53", "TimeCreated": "2023-12-13 14:33:09.139233+00:00", "RecordID": "845", "Level": "4", "UserID": "S-1-5-21-963789628-1060504924-4285088085-1001", "EventData.Session": "1"}
{"EventID": "4", "Channel": "Microsoft-Windows-User Profile Service/Operational", "Provider_Name": "Microsoft-Windows-User Profiles Service", "Computer": "DESKTOP-OFJ6N53", "TimeCreated": "2023-12-13 14:33:09.234140+00:00", "RecordID": "846", "Level": "4", "UserID": "S-1-5-21-963789628-1060504924-4285088085-1001", "EventData.Session": "1"}
{"EventID": "1", "Channel": "Microsoft-Windows-User Profile Service/Operational", "Provider_Name": "Microsoft-Windows-User Profiles Service", "Computer": "DESKTOP-OFJ6N53", "TimeCreated": "2023-12-13 14:35:21.372042+00:00", "RecordID": "847", "Level": "4", "UserID": "S-1-5-21-963789628-1060504924-4285088085-1001", "EventData.Session": "1"}
{"EventID": "5", "Channel": "Microsoft-Windows-User Profile Service/Operational", "Provider_Name": "Microsoft-Windows-User Profiles Service", "Computer": "DESKTOP-OFJ6N53", "TimeCreated": "2023-12-13 14:35:21.444963+00:00", "RecordID": "848", "Level": "4", "UserID": "S-1-5-18", "EventData.File": "C:\\Users\\sk.batsiev\\ntuser.dat", "EventData.Key": "S-1-5-21-963789628-1060504924-4285088085-1001"}
{"EventID": "5", "Channel": "Microsoft-Windows-User Profile Service/Operational", "Provider_Name": "Microsoft-Windows-User Profiles Service", "Computer": "DESKTOP-OFJ6N53", "TimeCreated": "2023-12-13 14:35:21.551428+00:00", "RecordID": "849", "Level": "4", "UserID": "S-1-5-18", "EventData.File": "C:\\Users\\sk.batsiev\\AppData\\Local\\Microsoft\\Windows\\\\UsrClass.dat", "EventData.Key": "S-1-5-21-963789628-1060504924-4285088085-1001_Classes"}
{"EventID": "67", "Channel": "Microsoft-Windows-User Profile Service/Operational", "Provider_Name": "Microsoft-Windows-User Profiles Service", "Computer": "DESKTOP-OFJ6N53", "TimeCreated": "2023-12-13 14:35:21.553396+00:00", "RecordID": "850", "Level": "4", "UserID": "S-1-5-18", "EventData.LogonType": "Regular", "EventData.LocalPath": "C:\\Users\\sk.batsiev", "EventData.ProfileType": "Regular"}
{"EventID": "2", "Channel": "Microsoft-Windows-User Profile Service/Operational", "Provider_Name": "Microsoft-Windows-User Profiles Service", "Computer": "DESKTOP-OFJ6N53", "TimeCreated": "2023-12-13 14:35:21.958059+00:00", "RecordID": "851", "Level": "4", "UserID": "S-1-5-21-963789628-1060504924-4285088085-1001", "EventData.Session": "1"}
{"EventID": "3", "Channel": "Microsoft-Windows-User Profile Service/Operational", "Provider_Name": "Microsoft-Windows-User Profiles Service", "Computer": "DESKTOP-OFJ6N53", "TimeCreated": "2023-12-29 14:43:28.438078+00:00", "RecordID": "852", "Level": "4", "UserID": "S-1-5-21-963789628-1060504924-4285088085-1001", "EventData.Session": "1"}
{"EventID": "4", "Channel": "Microsoft-Windows-User Profile Service/Operational", "Provider_Name": "Microsoft-Windows-User Profiles Service", "Computer": "DESKTOP-OFJ6N53", "TimeCreated": "2023-12-29 14:43:29.267288+00:00", "RecordID": "853", "Level": "4", "UserID": "S-1-5-21-963789628-1060504924-4285088085-1001", "EventData.Session": "1"}
{"EventID": "1", "Channel": "Microsoft-Windows-User Profile Service/Operational", "Provider_Name": "Microsoft-Windows-User Profiles Service", "Computer": "DESKTOP-OFJ6N53", "TimeCreated": "2023-12-29 14:44:42.093199+00:00", "RecordID": "854", "Level": "4", "UserID": "S-1-5-21-963789628-1060504924-4285088085-1001", "EventData.Session": "1"}
{"EventID": "5", "Channel": "Microsoft-Windows-User Profile Service/Operational", "Provider_Name": "Microsoft-Windows-User Profiles Service", "Computer": "DESKTOP-OFJ6N53", "TimeCreated": "2023-12-29 14:44:42.487089+00:00", "RecordID": "855", "Level": "4", "UserID": "S-1-5-18", "EventData.File": "C:\\Users\\sk.batsiev\\ntuser.dat", "EventData.Key": "S-1-5-21-963789628-1060504924-4285088085-1001"}
{"EventID": "5", "Channel": "Microsoft-Windows-User Profile Service/Operational", "Provider_Name": "Microsoft-Windows-User Profiles Service", "Computer": "DESKTOP-OFJ6N53", "TimeCreated": "2023-12-29 14:44:43.633825+00:00", "RecordID": "856", "Level": "4", "UserID": "S-1-5-18", "EventData.File": "C:\\Users\\sk.batsiev\\AppData\\Local\\Microsoft\\Windows\\\\UsrClass.dat", "EventData.Key": "S-1-5-21-963789628-1060504924-4285088085-1001_Classes"}
{"EventID": "67", "Channel": "Microsoft-Windows-User Profile Service/Operational", "Provider_Name": "Microsoft-Windows-User Profiles Service", "Computer": "DESKTOP-OFJ6N53", "TimeCreated": "2023-12-29 14:44:43.635698+00:00", "RecordID": "857", "Level": "4", "UserID": "S-1-5-18", "EventData.LogonType": "Regular", "EventData.LocalPath": "C:\\Users\\sk.batsiev", "EventData.ProfileType": "Regular"}
{"EventID": "2", "Channel": "Microsoft-Windows-User Profile Service/Operational", "Provider_Name": "Microsoft-Windows-User Profiles Service", "Computer": "DESKTOP-OFJ6N53", "TimeCreated": "2023-12-29 14:44:50.316965+00:00", "RecordID": "858", "Level": "4", "UserID": "S-1-5-21-963789628-1060504924-4285088085-1001", "EventData.Session": "1"}
{"EventID": "3", "Channel": "Microsoft-Windows-User Profile Service/Operational", "Provider_Name": "Microsoft-Windows-User Profiles Service", "Computer": "DESKTOP-OFJ6N53", "TimeCreated": "2024-01-10 14:51:16.679136+00:00", "RecordID": "859", "Level": "4", "UserID": "S-1-5-21-963789628-1060504924-4285088085-1001", "EventData.Session": "1"}
{"EventID": "4", "Channel": "Microsoft-Windows-User Profile Service/Operational", "Provider_Name": "Microsoft-Windows-User Profiles Service", "Computer": "DESKTOP-OFJ6N53", "TimeCreated": "2024-01-10 14:51:16.998138+00:00", "RecordID": "860", "Level": "4", "UserID": "S-1-5-21-963789628-1060504924-4285088085-1001", "EventData.Session": "1"}
{"EventID": "1", "Channel": "Microsoft-Windows-User Profile Service/Operational", "Provider_Name": "Microsoft-Windows-User Profiles Service", "Computer": "DESKTOP-OFJ6N53", "TimeCreated": "2024-01-10 14:59:43.170256+00:00", "RecordID": "861", "Level": "4", "UserID": "S-1-5-21-963789628-1060504924-4285088085-1001", "EventData.Session": "1"}
{"EventID": "5", "Channel": "Microsoft-Windows-User Profile Service/Operational", "Provider_Name": "Microsoft-Windows-User Profiles Service", "Computer": "DESKTOP-OFJ6N53", "TimeCreated": "2024-01-10 14:59:43.516077+00:00", "RecordID": "862", "Level": "4", "UserID": "S-1-5-18", "EventData.File": "C:\\Users\\sk.batsiev\\ntuser.dat", "EventData.Key": "S-1-5-21-963789628-1060504924-4285088085-1001"}
{"EventID": "5", "Channel": "Microsoft-Windows-User Profile Service/Operational", "Provider_Name": "Microsoft-Windows-User Profiles Service", "Computer": "DESKTOP-OFJ6N53", "TimeCreated": "2024-01-10 14:59:43.822491+00:00", "RecordID": "863", "Level": "4", "UserID": "S-1-5-18", "EventData.File": "C:\\Users\\sk.batsiev\\AppData\\Local\\Microsoft\\Windows\\\\UsrClass.dat", "EventData.Key": "S-1-5-21-963789628-1060504924-4285088085-1001_Classes"}
{"EventID": "67", "Channel": "Microsoft-Windows-User Profile Service/Operational", "Provider_Name": "Microsoft-Windows-User Profiles Service", "Computer": "DESKTOP-OFJ6N53", "TimeCreated": "2024-01-10 14:59:43.824741+00:00", "RecordID": "864", "Level": "4", "UserID": "S-1-5-18", "EventData.LogonType": "Regular", "EventData.LocalPath": "C:\\Users\\sk.batsiev", "EventData.ProfileType": "Regular"}
{"EventID": "2", "Channel": "Microsoft-Windows-User Profile Service/Operational", "Provider_Name": "Microsoft-Windows-User Profiles Service", "Computer": "DESKTOP-OFJ6N53", "TimeCreated": "2024-01-10 14:59:45.076784+00:00", "RecordID": "865", "Level": "4", "UserID": "S-1-5-21-963789628-1060504924-4285088085-1001", "EventData.Session": "1"}
{"EventID": "3", "Channel": "Microsoft-Windows-User Profile Service/Operational", "Provider_Name": "Microsoft-Windows-User Profiles Service", "Computer": "DESKTOP-OFJ6N53", "TimeCreated": "2024-02-15 15:25:05.803888+00:00", "RecordID": "866", "Level": "4", "UserID": "S-1-5-21-963789628-1060504924-4285088085-1001", "EventData.Session": "1"}
{"EventID": "4", "Channel": "Microsoft-Windows-User Profile Service/Operational", "Provider_Name": "Microsoft-Windows-User Profiles Service", "Computer": "DESKTOP-OFJ6N53", "TimeCreated": "2024-02-15 15:25:05.917706+00:00", "RecordID": "867", "Level": "4", "UserID": "S-1-5-21-963789628-1060504924-4285088085-1001", "EventData.Session": "1"}
{"EventID": "1", "Channel": "Microsoft-Windows-User Profile Service/Operational", "Provider_Name": "Microsoft-Windows-User Profiles Service", "Computer": "DESKTOP-OFJ6N53", "TimeCreated": "2024-02-15 15:30:03.503637+00:00", "RecordID": "868", "Level": "4", "UserID": "S-1-5-21-963789628-1060504924-4285088085-1001", "EventData.Session": "1"}
{"EventID": "5", "Channel": "Microsoft-Windows-User Profile Service/Operational", "Provider_Name": "Microsoft-Windows-User Profiles Service", "Computer": "DESKTOP-OFJ6N53", "TimeCreated": "2024-02-15 15:30:04.073549+00:00", "RecordID": "869", "Level": "4", "UserID": "S-1-5-18", "EventData.File": "C:\\Users\\sk.batsiev\\ntuser.dat", "EventData.Key": "S-1-5-21-963789628-1060504924-4285088085-1001"}
{"EventID": "5", "Channel": "Microsoft-Windows-User Profile Service/Operational", "Provider_Name": "Microsoft-Windows-User Profiles Service", "Computer": "DESKTOP-OFJ6N53", "TimeCreated": "2024-02-15 15:30:04.616610+00:00", "RecordID": "870", "Level": "4", "UserID": "S-1-5-18", "EventData.File": "C:\\Users\\sk.batsiev\\AppData\\Local\\Microsoft\\Windows\\\\UsrClass.dat", "EventData.Key": "S-1-5-21-963789628-1060504924-4285088085-1001_Classes"}
{"EventID": "67", "Channel": "Microsoft-Windows-User Profile Service/Operational", "Provider_Name": "Microsoft-Windows-User Profiles Service", "Computer": "DESKTOP-OFJ6N53", "TimeCreated": "2024-02-15 15:30:04.618458+00:00", "RecordID": "871", "Level": "4", "UserID": "S-1-5-18", "EventData.LogonType": "Regular", "EventData.LocalPath": "C:\\Users\\sk.batsiev", "EventData.ProfileType": "Regular"}
{"EventID": "2", "Channel": "Microsoft-Windows-User Profile Service/Operational", "Provider_Name": "Microsoft-Windows-User Profiles Service", "Computer": "DESKTOP-OFJ6N53", "TimeCreated": "2024-02-15 15:30:05.447548+00:00", "RecordID": "872", "Level": "4", "UserID": "S-1-5-21-963789628-1060504924-4285088085-1001", "EventData.Session": "1"}
{"EventID": "1", "Channel": "Microsoft-Windows-User Profile Service/Operational", "Provider_Name": "Microsoft-Windows-User Profiles Service", "Computer": "DESKTOP-OFJ6N53", "TimeCreated": "2024-03-12 11:04:58.409052+00:00", "RecordID": "873", "Level": "4", "UserID": "S-1-5-21-963789628-1060504924-4285088085-1001", "EventData.Session": "1"}
{"EventID": "5", "Channel": "Microsoft-Windows-User Profile Service/Operational", "Provider_Name": "Microsoft-Windows-User Profiles Service", "Computer": "DESKTOP-OFJ6N53", "TimeCreated": "2024-03-12 11:04:58.539055+00:00", "RecordID": "874", "Level": "4", "UserID": "S-1-5-18", "EventData.File": "C:\\Users\\sk.batsiev\\ntuser.dat", "EventData.Key": "S-1-5-21-963789628-1060504924-4285088085-1001"}
{"EventID": "5", "Channel": "Microsoft-Windows-User Profile Service/Operational", "Provider_Name": "Microsoft-Windows-User Profiles Service", "Computer": "DESKTOP-OFJ6N53", "TimeCreated": "2024-03-12 11:04:58.783772+00:00", "RecordID": "875", "Level": "4", "UserID": "S-1-5-18", "EventData.File": "C:\\Users\\sk.batsiev\\AppData\\Local\\Microsoft\\Windows\\\\UsrClass.dat", "EventData.Key": "S-1-5-21-963789628-1060504924-4285088085-1001_Classes"}
{"EventID": "67", "Channel": "Microsoft-Windows-User Profile Service/Operational", "Provider_Name": "Microsoft-Windows-User Profiles Service", "Computer": "DESKTOP-OFJ6N53", "TimeCreated": "2024-03-12 11:04:58.785595+00:00", "RecordID": "876", "Level": "4", "UserID": "S-1-5-18", "EventData.LogonType": "Regular", "EventData.LocalPath": "C:\\Users\\sk.batsiev", "EventData.ProfileType": "Regular"}
{"EventID": "2", "Channel": "Microsoft-Windows-User Profile Service/Operational", "Provider_Name": "Microsoft-Windows-User Profiles Service", "Computer": "DESKTOP-OFJ6N53", "TimeCreated": "2024-03-12 11:04:59.812847+00:00", "RecordID": "877", "Level": "4", "UserID": "S-1-5-21-963789628-1060504924-4285088085-1001", "EventData.Session": "1"}
{"EventID": "3", "Channel": "Microsoft-Windows-User Profile Service/Operational", "Provider_Name": "Microsoft-Windows-User Profiles Service", "Computer": "DESKTOP-OFJ6N53", "TimeCreated": "2024-04-12 02:49:45.725475+00:00", "RecordID": "878", "Level": "4", "UserID": "S-1-5-21-963789628-1060504924-4285088085-1001", "EventData.Session": "1"}
{"EventID": "4", "Channel": "Microsoft-Windows-User Profile Service/Operational", "Provider_Name": "Microsoft-Windows-User Profiles Service", "Computer": "DESKTOP-OFJ6N53", "TimeCreated": "2024-04-12 02:49:46.209156+00:00", "RecordID": "879", "Level": "4", "UserID": "S-1-5-21-963789628-1060504924-4285088085-1001", "EventData.Session": "1"}
{"EventID": "1", "Channel": "Microsoft-Windows-User Profile Service/Operational", "Provider_Name": "Microsoft-Windows-User Profiles Service", "Computer": "DESKTOP-OFJ6N53", "TimeCreated": "2024-04-12 02:55:09.339689+00:00", "RecordID": "880", "Level": "4", "UserID": "S-1-5-21-963789628-1060504924-4285088085-1001", "EventData.Session": "1"}
{"EventID": "5", "Channel": "Microsoft-Windows-User Profile Service/Operational", "Provider_Name": "Microsoft-Windows-User Profiles Service", "Computer": "DESKTOP-OFJ6N53", "TimeCreated": "2024-04-12 02:55:09.406189+00:00", "RecordID": "881", "Level": "4", "UserID": "S-1-5-18", "EventData.File": "C:\\Users\\sk.batsiev\\ntuser.dat", "EventData.Key": "S-1-5-21-963789628-1060504924-4285088085-1001"}
{"EventID": "5", "Channel": "Microsoft-Windows-User Profile Service/Operational", "Provider_Name": "Microsoft-Windows-User Profiles Service", "Computer": "DESKTOP-OFJ6N53", "TimeCreated": "2024-04-12 02:55:09.608194+00:00", "RecordID": "882", "Level": "4", "UserID": "S-1-5-18", "EventData.File": "C:\\Users\\sk.batsiev\\AppData\\Local\\Microsoft\\Windows\\\\UsrClass.dat", "EventData.Key": "S-1-5-21-963789628-1060504924-4285088085-1001_Classes"}
{"EventID": "67", "Channel": "Microsoft-Windows-User Profile Service/Operational", "Provider_Name": "Microsoft-Windows-User Profiles Service", "Computer": "DESKTOP-OFJ6N53", "TimeCreated": "2024-04-12 02:55:09.610968+00:00", "RecordID": "883", "Level": "4", "UserID": "S-1-5-18", "EventData.LogonType": "Regular", "EventData.LocalPath": "C:\\Users\\sk.batsiev", "EventData.ProfileType": "Regular"}
{"EventID": "2", "Channel": "Microsoft-Windows-User Profile Service/Operational", "Provider_Name": "Microsoft-Windows-User Profiles Service", "Computer": "DESKTOP-OFJ6N53", "TimeCreated": "2024-04-12 02:55:09.959730+00:00", "RecordID": "884", "Level": "4", "UserID": "S-1-5-21-963789628-1060504924-4285088085-1001", "EventData.Session": "1"}
{"EventID": "3", "Channel": "Microsoft-Windows-User Profile Service/Operational", "Provider_Name": "Microsoft-Windows-User Profiles Service", "Computer": "DESKTOP-OFJ6N53", "TimeCreated": "2024-04-23 15:37:42.553955+00:00", "RecordID": "885", "Level": "4", "UserID": "S-1-5-21-963789628-1060504924-4285088085-1001", "EventData.Session": "1"}
{"EventID": "4", "Channel": "Microsoft-Windows-User Profile Service/Operational", "Provider_Name": "Microsoft-Windows-User Profiles Service", "Computer": "DESKTOP-OFJ6N53", "TimeCreated": "2024-04-23 15:37:43.074560+00:00", "RecordID": "886", "Level": "4", "UserID": "S-1-5-21-963789628-1060504924-4285088085-1001", "EventData.Session": "1"}
{"EventID": "1", "Channel": "Microsoft-Windows-User Profile Service/Operational", "Provider_Name": "Microsoft-Windows-User Profiles Service", "Computer": "DESKTOP-OFJ6N53", "TimeCreated": "2024-04-23 15:44:34.679453+00:00", "RecordID": "887", "Level": "4", "UserID": "S-1-5-21-963789628-1060504924-4285088085-1001", "EventData.Session": "1"}
{"EventID": "5", "Channel": "Microsoft-Windows-User Profile Service/Operational", "Provider_Name": "Microsoft-Windows-User Profiles Service", "Computer": "DESKTOP-OFJ6N53", "TimeCreated": "2024-04-23 15:44:34.939793+00:00", "RecordID": "888", "Level": "4", "UserID": "S-1-5-18", "EventData.File": "C:\\Users\\sk.batsiev\\ntuser.dat", "EventData.Key": "S-1-5-21-963789628-1060504924-4285088085-1001"}
{"EventID": "5", "Channel": "Microsoft-Windows-User Profile Service/Operational", "Provider_Name": "Microsoft-Windows-User Profiles Service", "Computer": "DESKTOP-OFJ6N53", "TimeCreated": "2024-04-23 15:44:35.137184+00:00", "RecordID": "889", "Level": "4", "UserID": "S-1-5-18", "EventData.File": "C:\\Users\\sk.batsiev\\AppData\\Local\\Microsoft\\Windows\\\\UsrClass.dat", "EventData.Key": "S-1-5-21-963789628-1060504924-4285088085-1001_Classes"}
{"EventID": "67", "Channel": "Microsoft-Windows-User Profile Service/Operational", "Provider_Name": "Microsoft-Windows-User Profiles Service", "Computer": "DESKTOP-OFJ6N53", "TimeCreated": "2024-04-23 15:44:35.140142+00:00", "RecordID": "890", "Level": "4", "UserID": "S-1-5-18", "EventData.LogonType": "Regular", "EventData.LocalPath": "C:\\Users\\sk.batsiev", "EventData.ProfileType": "Regular"}
{"EventID": "2", "Channel": "Microsoft-Windows-User Profile Service/Operational", "Provider_Name": "Microsoft-Windows-User Profiles Service", "Computer": "DESKTOP-OFJ6N53", "TimeCreated": "2024-04-23 15:44:36.069252+00:00", "RecordID": "891", "Level": "4", "UserID": "S-1-5-21-963789628-1060504924-4285088085-1001", "EventData.Session": "1"}
{"EventID": "3", "Channel": "Microsoft-Windows-User Profile Service/Operational", "Provider_Name": "Microsoft-Windows-User Profiles Service", "Computer": "DESKTOP-OFJ6N53", "TimeCreated": "2024-04-29 15:09:15.834408+00:00", "RecordID": "892", "Level": "4", "UserID": "S-1-5-21-963789628-1060504924-4285088085-1001", "EventData.Session": "1"}
{"EventID": "4", "Channel": "Microsoft-Windows-User Profile Service/Operational", "Provider_Name": "Microsoft-Windows-User Profiles Service", "Computer": "DESKTOP-OFJ6N53", "TimeCreated": "2024-04-29 15:09:16.211721+00:00", "RecordID": "893", "Level": "4", "UserID": "S-1-5-21-963789628-1060504924-4285088085-1001", "EventData.Session": "1"}
{"EventID": "1", "Channel": "Microsoft-Windows-User Profile Service/Operational", "Provider_Name": "Microsoft-Windows-User Profiles Service", "Computer": "DESKTOP-OFJ6N53", "TimeCreated": "2024-04-29 15:10:30.874880+00:00", "RecordID": "894", "Level": "4", "UserID": "S-1-5-21-963789628-1060504924-4285088085-1001", "EventData.Session": "1"}
{"EventID": "5", "Channel": "Microsoft-Windows-User Profile Service/Operational", "Provider_Name": "Microsoft-Windows-User Profiles Service", "Computer": "DESKTOP-OFJ6N53", "TimeCreated": "2024-04-29 15:10:30.940853+00:00", "RecordID": "895", "Level": "4", "UserID": "S-1-5-18", "EventData.File": "C:\\Users\\sk.batsiev\\ntuser.dat", "EventData.Key": "S-1-5-21-963789628-1060504924-4285088085-1001"}
{"EventID": "5", "Channel": "Microsoft-Windows-User Profile Service/Operational", "Provider_Name": "Microsoft-Windows-User Profiles Service", "Computer": "DESKTOP-OFJ6N53", "TimeCreated": "2024-04-29 15:10:31.004469+00:00", "RecordID": "896", "Level": "4", "UserID": "S-1-5-18", "EventData.File": "C:\\Users\\sk.batsiev\\AppData\\Local\\Microsoft\\Windows\\\\UsrClass.dat", "EventData.Key": "S-1-5-21-963789628-1060504924-4285088085-1001_Classes"}
{"EventID": "67", "Channel": "Microsoft-Windows-User Profile Service/Operational", "Provider_Name": "Microsoft-Windows-User Profiles Service", "Computer": "DESKTOP-OFJ6N53", "TimeCreated": "2024-04-29 15:10:31.006399+00:00", "RecordID": "897", "Level": "4", "UserID": "S-1-5-18", "EventData.LogonType": "Regular", "EventData.LocalPath": "C:\\Users\\sk.batsiev", "EventData.ProfileType": "Regular"}
{"EventID": "2", "Channel": "Microsoft-Windows-User Profile Service/Operational", "Provider_Name": "Microsoft-Windows-User Profiles Service", "Computer": "DESKTOP-OFJ6N53", "TimeCreated": "2024-04-29 15:10:31.759991+00:00", "RecordID": "898", "Level": "4", "UserID": "S-1-5-21-963789628-1060504924-4285088085-1001", "EventData.Session": "1"}
{"EventID": "3", "Channel": "Microsoft-Windows-User Profile Service/Operational", "Provider_Name": "Microsoft-Windows-User Profiles Service", "Computer": "DESKTOP-OFJ6N53", "TimeCreated": "2024-05-14 09:10:28.557140+00:00", "RecordID": "899", "Level": "4", "UserID": "S-1-5-21-963789628-1060504924-4285088085-1001", "EventData.Session": "1"}
{"EventID": "4", "Channel": "Microsoft-Windows-User Profile Service/Operational", "Provider_Name": "Microsoft-Windows-User Profiles Service", "Computer": "DESKTOP-OFJ6N53", "TimeCreated": "2024-05-14 09:10:30.542894+00:00", "RecordID": "900", "Level": "4", "UserID": "S-1-5-21-963789628-1060504924-4285088085-1001", "EventData.Session": "1"}
{"EventID": "1", "Channel": "Microsoft-Windows-User Profile Service/Operational", "Provider_Name": "Microsoft-Windows-User Profiles Service", "Computer": "DESKTOP-OFJ6N53", "TimeCreated": "2024-05-14 09:13:37.634205+00:00", "RecordID": "901", "Level": "4", "UserID": "S-1-5-21-963789628-1060504924-4285088085-1001", "EventData.Session": "1"}
{"EventID": "5", "Channel": "Microsoft-Windows-User Profile Service/Operational", "Provider_Name": "Microsoft-Windows-User Profiles Service", "Computer": "DESKTOP-OFJ6N53", "TimeCreated": "2024-05-14 09:13:38.142584+00:00", "RecordID": "902", "Level": "4", "UserID": "S-1-5-18", "EventData.File": "C:\\Users\\sk.batsiev\\ntuser.dat", "EventData.Key": "S-1-5-21-963789628-1060504924-4285088085-1001"}
{"EventID": "5", "Channel": "Microsoft-Windows-User Profile Service/Operational", "Provider_Name": "Microsoft-Windows-User Profiles Service", "Computer": "DESKTOP-OFJ6N53", "TimeCreated": "2024-05-14 09:13:39.157293+00:00", "RecordID": "903", "Level": "4", "UserID": "S-1-5-18", "EventData.File": "C:\\Users\\sk.batsiev\\AppData\\Local\\Microsoft\\Windows\\\\UsrClass.dat", "EventData.Key": "S-1-5-21-963789628-1060504924-4285088085-1001_Classes"}
{"EventID": "67", "Channel": "Microsoft-Windows-User Profile Service/Operational", "Provider_Name": "Microsoft-Windows-User Profiles Service", "Computer": "DESKTOP-OFJ6N53", "TimeCreated": "2024-05-14 09:13:39.159681+00:00", "RecordID": "904", "Level": "4", "UserID": "S-1-5-18", "EventData.LogonType": "Regular", "EventData.LocalPath": "C:\\Users\\sk.batsiev", "EventData.ProfileType": "Regular"}
{"EventID": "2", "Channel": "Microsoft-Windows-User Profile Service/Operational", "Provider_Name": "Microsoft-Windows-User Profiles Service", "Computer": "DESKTOP-OFJ6N53", "TimeCreated": "2024-05-14 09:13:42.471146+00:00", "RecordID": "905", "Level": "4", "UserID": "S-1-5-21-963789628-1060504924-4285088085-1001", "EventData.Session": "1"}
{"EventID": "3", "Channel": "Microsoft-Windows-User Profile Service/Operational", "Provider_Name": "Microsoft-Windows-User Profiles Service", "Computer": "DESKTOP-OFJ6N53", "TimeCreated": "2024-05-15 13:20:23.809530+00:00", "RecordID": "906", "Level": "4", "UserID": "S-1-5-21-963789628-1060504924-4285088085-1001", "EventData.Session": "1"}
{"EventID": "4", "Channel": "Microsoft-Windows-User Profile Service/Operational", "Provider_Name": "Microsoft-Windows-User Profiles Service", "Computer": "DESKTOP-OFJ6N53", "TimeCreated": "2024-05-15 13:20:25.180817+00:00", "RecordID": "907", "Level": "4", "UserID": "S-1-5-21-963789628-1060504924-4285088085-1001", "EventData.Session": "1"}
{"EventID": "1", "Channel": "Microsoft-Windows-User Profile Service/Operational", "Provider_Name": "Microsoft-Windows-User Profiles Service", "Computer": "DESKTOP-OFJ6N53", "TimeCreated": "2024-05-15 13:47:31.617905+00:00", "RecordID": "908", "Level": "4", "UserID": "S-1-5-21-963789628-1060504924-4285088085-1001", "EventData.Session": "2"}
{"EventID": "5", "Channel": "Microsoft-Windows-User Profile Service/Operational", "Provider_Name": "Microsoft-Windows-User Profiles Service", "Computer": "DESKTOP-OFJ6N53", "TimeCreated": "2024-05-15 13:47:31.874908+00:00", "RecordID": "909", "Level": "4", "UserID": "S-1-5-18", "EventData.File": "C:\\Users\\sk.batsiev\\ntuser.dat", "EventData.Key": "S-1-5-21-963789628-1060504924-4285088085-1001"}
{"EventID": "5", "Channel": "Microsoft-Windows-User Profile Service/Operational", "Provider_Name": "Microsoft-Windows-User Profiles Service", "Computer": "DESKTOP-OFJ6N53", "TimeCreated": "2024-05-15 13:47:31.974123+00:00", "RecordID": "910", "Level": "4", "UserID": "S-1-5-18", "EventData.File": "C:\\Users\\sk.batsiev\\AppData\\Local\\Microsoft\\Windows\\\\UsrClass.dat", "EventData.Key": "S-1-5-21-963789628-1060504924-4285088085-1001_Classes"}
{"EventID": "67", "Channel": "Microsoft-Windows-User Profile Service/Operational", "Provider_Name": "Microsoft-Windows-User Profiles Service", "Computer": "DESKTOP-OFJ6N53", "TimeCreated": "2024-05-15 13:47:31.976791+00:00", "RecordID": "911", "Level": "4", "UserID": "S-1-5-18", "EventData.LogonType": "Regular", "EventData.LocalPath": "C:\\Users\\sk.batsiev", "EventData.ProfileType": "Regular"}
{"EventID": "2", "Channel": "Microsoft-Windows-User Profile Service/Operational", "Provider_Name": "Microsoft-Windows-User Profiles Service", "Computer": "DESKTOP-OFJ6N53", "TimeCreated": "2024-05-15 13:47:32.236212+00:00", "RecordID": "912", "Level": "4", "UserID": "S-1-5-21-963789628-1060504924-4285088085-1001", "EventData.Session": "2"}
{"EventID": "3", "Channel": "Microsoft-Windows-User Profile Service/Operational", "Provider_Name": "Microsoft-Windows-User Profiles Service", "Computer": "DESKTOP-OFJ6N53", "TimeCreated": "2024-05-31 10:39:37.384684+00:00", "RecordID": "913", "Level": "4", "UserID": "S-1-5-21-963789628-1060504924-4285088085-1001", "EventData.Session": "2"}
{"EventID": "4", "Channel": "Microsoft-Windows-User Profile Service/Operational", "Provider_Name": "Microsoft-Windows-User Profiles Service", "Computer": "DESKTOP-OFJ6N53", "TimeCreated": "2024-05-31 10:39:37.980124+00:00", "RecordID": "914", "Level": "4", "UserID": "S-1-5-21-963789628-1060504924-4285088085-1001", "EventData.Session": "2"}
{"EventID": "1", "Channel": "Microsoft-Windows-User Profile Service/Operational", "Provider_Name": "Microsoft-Windows-User Profiles Service", "Computer": "DESKTOP-OFJ6N53", "TimeCreated": "2024-05-31 10:49:58.674646+00:00", "RecordID": "915", "Level": "4", "UserID": "S-1-5-21-963789628-1060504924-4285088085-1001", "EventData.Session": "2"}
{"EventID": "5", "Channel": "Microsoft-Windows-User Profile Service/Operational", "Provider_Name": "Microsoft-Windows-User Profiles Service", "Computer": "DESKTOP-OFJ6N53", "TimeCreated": "2024-05-31 10:49:58.734991+00:00", "RecordID": "916", "Level": "4", "UserID": "S-1-5-18", "EventData.File": "C:\\Users\\sk.batsiev\\ntuser.dat", "EventData.Key": "S-1-5-21-963789628-1060504924-4285088085-1001"}
{"EventID": "5", "Channel": "Microsoft-Windows-User Profile Service/Operational", "Provider_Name": "Microsoft-Windows-User Profiles Service", "Computer": "DESKTOP-OFJ6N53", "TimeCreated": "2024-05-31 10:49:58.838505+00:00", "RecordID": "917", "Level": "4", "UserID": "S-1-5-18", "EventData.File": "C:\\Users\\sk.batsiev\\AppData\\Local\\Microsoft\\Windows\\\\UsrClass.dat", "EventData.Key": "S-1-5-21-963789628-1060504924-4285088085-1001_Classes"}
{"EventID": "67", "Channel": "Microsoft-Windows-User Profile Service/Operational", "Provider_Name": "Microsoft-Windows-User Profiles Service", "Computer": "DESKTOP-OFJ6N53", "TimeCreated": "2024-05-31 10:49:58.841452+00:00", "RecordID": "918", "Level": "4", "UserID": "S-1-5-18", "EventData.LogonType": "Regular", "EventData.LocalPath": "C:\\Users\\sk.batsiev", "EventData.ProfileType": "Regular"}
{"EventID": "2", "Channel": "Microsoft-Windows-User Profile Service/Operational", "Provider_Name": "Microsoft-Windows-User Profiles Service", "Computer": "DESKTOP-OFJ6N53", "TimeCreated": "2024-05-31 10:49:59.454905+00:00", "RecordID": "919", "Level": "4", "UserID": "S-1-5-21-963789628-1060504924-4285088085-1001", "EventData.Session": "2"}
{"EventID": "3", "Channel": "Microsoft-Windows-User Profile Service/Operational", "Provider_Name": "Microsoft-Windows-User Profiles Service", "Computer": "DESKTOP-OFJ6N53", "TimeCreated": "2024-06-06 12:15:46.988869+00:00", "RecordID": "920", "Level": "4", "UserID": "S-1-5-21-963789628-1060504924-4285088085-1001", "EventData.Session": "2"}
{"EventID": "4", "Channel": "Microsoft-Windows-User Profile Service/Operational", "Provider_Name": "Microsoft-Windows-User Profiles Service", "Computer": "DESKTOP-OFJ6N53", "TimeCreated": "2024-06-06 12:15:47.423634+00:00", "RecordID": "921", "Level": "4", "UserID": "S-1-5-21-963789628-1060504924-4285088085-1001", "EventData.Session": "2"}
{"EventID": "1", "Channel": "Microsoft-Windows-User Profile Service/Operational", "Provider_Name": "Microsoft-Windows-User Profiles Service", "Computer": "DESKTOP-OFJ6N53", "TimeCreated": "2024-06-06 12:19:07.789461+00:00", "RecordID": "922", "Level": "4", "UserID": "S-1-5-21-963789628-1060504924-4285088085-1001", "EventData.Session": "2"}
{"EventID": "5", "Channel": "Microsoft-Windows-User Profile Service/Operational", "Provider_Name": "Microsoft-Windows-User Profiles Service", "Computer": "DESKTOP-OFJ6N53", "TimeCreated": "2024-06-06 12:19:07.917572+00:00", "RecordID": "923", "Level": "4", "UserID": "S-1-5-18", "EventData.File": "C:\\Users\\sk.batsiev\\ntuser.dat", "EventData.Key": "S-1-5-21-963789628-1060504924-4285088085-1001"}
{"EventID": "5", "Channel": "Microsoft-Windows-User Profile Service/Operational", "Provider_Name": "Microsoft-Windows-User Profiles Service", "Computer": "DESKTOP-OFJ6N53", "TimeCreated": "2024-06-06 12:19:08.088064+00:00", "RecordID": "924", "Level": "4", "UserID": "S-1-5-18", "EventData.File": "C:\\Users\\sk.batsiev\\AppData\\Local\\Microsoft\\Windows\\\\UsrClass.dat", "EventData.Key": "S-1-5-21-963789628-1060504924-4285088085-1001_Classes"}
{"EventID": "67", "Channel": "Microsoft-Windows-User Profile Service/Operational", "Provider_Name": "Microsoft-Windows-User Profiles Service", "Computer": "DESKTOP-OFJ6N53", "TimeCreated": "2024-06-06 12:19:08.090000+00:00", "RecordID": "925", "Level": "4", "UserID": "S-1-5-18", "EventData.LogonType": "Regular", "EventData.LocalPath": "C:\\Users\\sk.batsiev", "EventData.ProfileType": "Regular"}
{"EventID": "2", "Channel": "Microsoft-Windows-User Profile Service/Operational", "Provider_Name": "Microsoft-Windows-User Profiles Service", "Computer": "DESKTOP-OFJ6N53", "TimeCreated": "2024-06-06 12:19:08.795561+00:00", "RecordID": "926", "Level": "4", "UserID": "S-1-5-21-963789628-1060504924-4285088085-1001", "EventData.Session": "2"}
{"EventID": "3", "Channel": "Microsoft-Windows-User Profile Service/Operational", "Provider_Name": "Microsoft-Windows-User Profiles Service", "Computer": "DESKTOP-OFJ6N53", "TimeCreated": "2024-06-11 17:55:06.743006+00:00", "RecordID": "927", "Level": "4", "UserID": "S-1-5-21-963789628-1060504924-4285088085-1001", "EventData.Session": "2"}
{"EventID": "4", "Channel": "Microsoft-Windows-User Profile Service/Operational", "Provider_Name": "Microsoft-Windows-User Profiles Service", "Computer": "DESKTOP-OFJ6N53", "TimeCreated": "2024-06-11 17:55:07.017269+00:00", "RecordID": "928", "Level": "4", "UserID": "S-1-5-21-963789628-1060504924-4285088085-1001", "EventData.Session": "2"}
{"EventID": "1", "Channel": "Microsoft-Windows-User Profile Service/Operational", "Provider_Name": "Microsoft-Windows-User Profiles Service", "Computer": "DESKTOP-OFJ6N53", "TimeCreated": "2024-06-13 10:02:52.156944+00:00", "RecordID": "929", "Level": "4", "UserID": "S-1-5-21-963789628-1060504924-4285088085-1001", "EventData.Session": "2"}
{"EventID": "5", "Channel": "Microsoft-Windows-User Profile Service/Operational", "Provider_Name": "Microsoft-Windows-User Profiles Service", "Computer": "DESKTOP-OFJ6N53", "TimeCreated": "2024-06-13 10:02:52.189508+00:00", "RecordID": "930", "Level": "4", "UserID": "S-1-5-18", "EventData.File": "C:\\Users\\sk.batsiev\\ntuser.dat", "EventData.Key": "S-1-5-21-963789628-1060504924-4285088085-1001"}
{"EventID": "5", "Channel": "Microsoft-Windows-User Profile Service/Operational", "Provider_Name": "Microsoft-Windows-User Profiles Service", "Computer": "DESKTOP-OFJ6N53", "TimeCreated": "2024-06-13 10:02:52.503845+00:00", "RecordID": "931", "Level": "4", "UserID": "S-1-5-18", "EventData.File": "C:\\Users\\sk.batsiev\\AppData\\Local\\Microsoft\\Windows\\\\UsrClass.dat", "EventData.Key": "S-1-5-21-963789628-1060504924-4285088085-1001_Classes"}
{"EventID": "67", "Channel": "Microsoft-Windows-User Profile Service/Operational", "Provider_Name": "Microsoft-Windows-User Profiles Service", "Computer": "DESKTOP-OFJ6N53", "TimeCreated": "2024-06-13 10:02:52.506697+00:00", "RecordID": "932", "Level": "4", "UserID": "S-1-5-18", "EventData.LogonType": "Regular", "EventData.LocalPath": "C:\\Users\\sk.batsiev", "EventData.ProfileType": "Regular"}
{"EventID": "2", "Channel": "Microsoft-Windows-User Profile Service/Operational", "Provider_Name": "Microsoft-Windows-User Profiles Service", "Computer": "DESKTOP-OFJ6N53", "TimeCreated": "2024-06-13 10:02:52.908895+00:00", "RecordID": "933", "Level": "4", "UserID": "S-1-5-21-963789628-1060504924-4285088085-1001", "EventData.Session": "2"}
{"EventID": "3", "Channel": "Microsoft-Windows-User Profile Service/Operational", "Provider_Name": "Microsoft-Windows-User Profiles Service", "Computer": "DESKTOP-OFJ6N53", "TimeCreated": "2024-06-13 10:18:12.003473+00:00", "RecordID": "934", "Level": "4", "UserID": "S-1-5-21-963789628-1060504924-4285088085-1001", "EventData.Session": "2"}
{"EventID": "4", "Channel": "Microsoft-Windows-User Profile Service/Operational", "Provider_Name": "Microsoft-Windows-User Profiles Service", "Computer": "DESKTOP-OFJ6N53", "TimeCreated": "2024-06-13 10:18:12.314548+00:00", "RecordID": "935", "Level": "4", "UserID": "S-1-5-21-963789628-1060504924-4285088085-1001", "EventData.Session": "2"}
{"EventID": "1", "Channel": "Microsoft-Windows-User Profile Service/Operational", "Provider_Name": "Microsoft-Windows-User Profiles Service", "Computer": "DESKTOP-OFJ6N53", "TimeCreated": "2024-06-13 10:21:32.124407+00:00", "RecordID": "936", "Level": "4", "UserID": "S-1-5-21-963789628-1060504924-4285088085-1001", "EventData.Session": "2"}
{"EventID": "5", "Channel": "Microsoft-Windows-User Profile Service/Operational", "Provider_Name": "Microsoft-Windows-User Profiles Service", "Computer": "DESKTOP-OFJ6N53", "TimeCreated": "2024-06-13 10:21:32.235062+00:00", "RecordID": "937", "Level": "4", "UserID": "S-1-5-18", "EventData.File": "C:\\Users\\sk.batsiev\\ntuser.dat", "EventData.Key": "S-1-5-21-963789628-1060504924-4285088085-1001"}
