{"EventID": "7028", "Channel": "Microsoft-Windows-AppXDeploymentServer/Operational", "Provider_Name": "Microsoft-Windows-AppXDeployment-Server", "Computer": "DESKTOP-OFJ6N53", "TimeCreated": "2025-07-29 20:39:18.569641+00:00", "RecordID": "114907", "Level": "3", "UserID": "S-1-5-18", "EventData.PackageMoniker": "Microsoft.DesktopAppInstaller_1.25.340.0_neutral_split.scale-100_8wekyb3d8bbwe"}
{"EventID": "5507", "Channel": "Microsoft-Windows-AppXDeploymentServer/Operational", "Provider_Name": "Microsoft-Windows-AppXDeployment-Server", "Computer": "DESKTOP-OFJ6N53", "TimeCreated": "2025-07-29 20:39:18.704893+00:00", "RecordID": "114908", "Level": "5", "UserID": "S-1-5-21-963789628-1060504924-4285088085-1001", "EventData.PackageName": "Microsoft.DesktopAppInstaller_1.26.430.0_x64__8wekyb3d8bbwe", "EventData.FilePath": "S-1-5-21-963789628-1060504924-4285088085-1001-MergedResources-38.pri", "EventData.Message": "Current user-specific merged PRI file ignored"}
{"EventID": "5507", "Channel": "Microsoft-Windows-AppXDeploymentServer/Operational", "Provider_Name": "Microsoft-Windows-AppXDeployment-Server", "Computer": "DESKTOP-OFJ6N53", "TimeCreated": "2025-07-29 20:39:18.705088+00:00", "RecordID": "114909", "Level": "5", "UserID": "S-1-5-21-963789628-1060504924-4285088085-1001", "EventData.PackageName": "Microsoft.DesktopAppInstaller_1.26.430.0_x64__8wekyb3d8bbwe", "EventData.FilePath": "resources.a9028bf6.pri", "EventData.Message": "Current shared merged PRI file ignored"}
{"EventID": "5507", "Channel": "Microsoft-Windows-AppXDeploymentServer/Operational", "Provider_Name": "Microsoft-Windows-AppXDeployment-Server", "Computer": "DESKTOP-OFJ6N53", "TimeCreated": "2025-07-29 20:39:18.705240+00:00", "RecordID": "114910", "Level": "5", "UserID": "S-1-5-21-963789628-1060504924-4285088085-1001", "EventData.PackageName": "Microsoft.DesktopAppInstaller_1.26.430.0_x64__8wekyb3d8bbwe", "EventData.FilePath": "S-1-5-21-963789628-1060504924-4285088085-1001-MergedResources-38.pri", "EventData.Message": "Current user-specific merged PRI file ignored"}
{"EventID": "5507", "Channel": "Microsoft-Windows-AppXDeploymentServer/Operational", "Provider_Name": "Microsoft-Windows-AppXDeployment-Server", "Computer": "DESKTOP-OFJ6N53", "TimeCreated": "2025-07-29 20:39:18.705318+00:00", "RecordID": "114911", "Level": "5", "UserID": "S-1-5-21-963789628-1060504924-4285088085-1001", "EventData.PackageName": "Microsoft.DesktopAppInstaller_1.26.430.0_x64__8wekyb3d8bbwe", "EventData.FilePath": "resources.a9028bf6.pri", "EventData.Message": "Current shared merged PRI file ignored"}
{"EventID": "821", "Channel": "Microsoft-Windows-AppXDeploymentServer/Operational", "Provider_Name": "Microsoft-Windows-AppXDeployment-Server", "Computer": "DESKTOP-OFJ6N53", "TimeCreated": "2025-07-29 20:39:18.747236+00:00", "RecordID": "114912", "Level": "5", "UserID": "S-1-5-18", "EventData.UserSid": "S-1-5-18", "EventData.MainPackageFullName": "Microsoft.DesktopAppInstaller_2025.717.1857.0_neutral_~_8wekyb3d8bbwe", "EventData.ErrorCode": "0x00000000"}
{"EventID": "822", "Channel": "Microsoft-Windows-AppXDeploymentServer/Operational", "Provider_Name": "Microsoft-Windows-AppXDeployment-Server", "Computer": "DESKTOP-OFJ6N53", "TimeCreated": "2025-07-29 20:39:18.750044+00:00", "RecordID": "114913", "Level": "5", "UserID": "S-1-5-18", "EventData.Error": "0x00000000", "EventData.PackageMoniker": "Microsoft.DesktopAppInstaller_2025.717.1857.0_neutral_~_8wekyb3d8bbwe"}
{"EventID": "821", "Channel": "Microsoft-Windows-AppXDeploymentServer/Operational", "Provider_Name": "Microsoft-Windows-AppXDeployment-Server", "Computer": "DESKTOP-OFJ6N53", "TimeCreated": "2025-07-29 20:39:18.751976+00:00", "RecordID": "114914", "Level": "5", "UserID": "S-1-5-18", "EventData.UserSid": "S-1-5-21-963789628-1060504924-4285088085-1001", "EventData.MainPackageFullName": "Microsoft.DesktopAppInstaller_2025.717.1857.0_neutral_~_8wekyb3d8bbwe", "EventData.ErrorCode": "0x00000000"}
{"EventID": "822", "Channel": "Microsoft-Windows-AppXDeploymentServer/Operational", "Provider_Name": "Microsoft-Windows-AppXDeployment-Server", "Computer": "DESKTOP-OFJ6N53", "TimeCreated": "2025-07-29 20:39:18.754784+00:00", "RecordID": "114915", "Level": "5", "UserID": "S-1-5-18", "EventData.Error": "0x00000000", "EventData.PackageMoniker": "Microsoft.DesktopAppInstaller_2025.717.1857.0_neutral_~_8wekyb3d8bbwe"}
{"EventID": "813", "Channel": "Microsoft-Windows-AppXDeploymentServer/Operational", "Provider_Name": "Microsoft-Windows-AppXDeployment-Server", "Computer": "DESKTOP-OFJ6N53", "TimeCreated": "2025-07-29 20:39:18.754827+00:00", "RecordID": "114916", "Level": "5", "UserID": "S-1-5-18", "EventData.PackageMoniker": "Microsoft.DesktopAppInstaller_2025.717.1857.0_neutral_~_8wekyb3d8bbwe"}
{"EventID": "8761", "Channel": "Microsoft-Windows-AppXDeploymentServer/Operational", "Provider_Name": "Microsoft-Windows-AppXDeployment-Server", "Computer": "DESKTOP-OFJ6N53", "TimeCreated": "2025-07-29 20:39:18.778660+00:00", "RecordID": "114917", "Level": "2", "UserID": "S-1-5-18", "EventData.ErrorCode": "0x8007010b"}
{"EventID": "8761", "Channel": "Microsoft-Windows-AppXDeploymentServer/Operational", "Provider_Name": "Microsoft-Windows-AppXDeployment-Server", "Computer": "DESKTOP-OFJ6N53", "TimeCreated": "2025-07-29 20:39:18.780210+00:00", "RecordID": "114918", "Level": "2", "UserID": "S-1-5-18", "EventData.ErrorCode": "0x8007010b"}
{"EventID": "8761", "Channel": "Microsoft-Windows-AppXDeploymentServer/Operational", "Provider_Name": "Microsoft-Windows-AppXDeployment-Server", "Computer": "DESKTOP-OFJ6N53", "TimeCreated": "2025-07-29 20:39:18.781849+00:00", "RecordID": "114919", "Level": "2", "UserID": "S-1-5-18", "EventData.ErrorCode": "0x8007010b"}
{"EventID": "8761", "Channel": "Microsoft-Windows-AppXDeploymentServer/Operational", "Provider_Name": "Microsoft-Windows-AppXDeployment-Server", "Computer": "DESKTOP-OFJ6N53", "TimeCreated": "2025-07-29 20:39:18.783323+00:00", "RecordID": "114920", "Level": "2", "UserID": "S-1-5-18", "EventData.ErrorCode": "0x8007010b"}
{"EventID": "8761", "Channel": "Microsoft-Windows-AppXDeploymentServer/Operational", "Provider_Name": "Microsoft-Windows-AppXDeployment-Server", "Computer": "DESKTOP-OFJ6N53", "TimeCreated": "2025-07-29 20:39:18.833799+00:00", "RecordID": "114921", "Level": "2", "UserID": "S-1-5-18", "EventData.ErrorCode": "0x8007010b"}
{"EventID": "8761", "Channel": "Microsoft-Windows-AppXDeploymentServer/Operational", "Provider_Name": "Microsoft-Windows-AppXDeployment-Server", "Computer": "DESKTOP-OFJ6N53", "TimeCreated": "2025-07-29 20:39:18.835989+00:00", "RecordID": "114922", "Level": "2", "UserID": "S-1-5-18", "EventData.ErrorCode": "0x8007010b"}
{"EventID": "8761", "Channel": "Microsoft-Windows-AppXDeploymentServer/Operational", "Provider_Name": "Microsoft-Windows-AppXDeployment-Server", "Computer": "DESKTOP-OFJ6N53", "TimeCreated": "2025-07-29 20:39:18.837864+00:00", "RecordID": "114923", "Level": "2", "UserID": "S-1-5-18", "EventData.ErrorCode": "0x8007010b"}
{"EventID": "8761", "Channel": "Microsoft-Windows-AppXDeploymentServer/Operational", "Provider_Name": "Microsoft-Windows-AppXDeployment-Server", "Computer": "DESKTOP-OFJ6N53", "TimeCreated": "2025-07-29 20:39:18.839495+00:00", "RecordID": "114924", "Level": "2", "UserID": "S-1-5-18", "EventData.ErrorCode": "0x8007010b"}
{"EventID": "8761", "Channel": "Microsoft-Windows-AppXDeploymentServer/Operational", "Provider_Name": "Microsoft-Windows-AppXDeployment-Server", "Computer": "DESKTOP-OFJ6N53", "TimeCreated": "2025-07-29 20:39:18.859072+00:00", "RecordID": "114925", "Level": "2", "UserID": "S-1-5-18", "EventData.ErrorCode": "0x8007010b"}
{"EventID": "8761", "Channel": "Microsoft-Windows-AppXDeploymentServer/Operational", "Provider_Name": "Microsoft-Windows-AppXDeployment-Server", "Computer": "DESKTOP-OFJ6N53", "TimeCreated": "2025-07-29 20:39:18.860992+00:00", "RecordID": "114926", "Level": "2", "UserID": "S-1-5-18", "EventData.ErrorCode": "0x8007010b"}
{"EventID": "8761", "Channel": "Microsoft-Windows-AppXDeploymentServer/Operational", "Provider_Name": "Microsoft-Windows-AppXDeployment-Server", "Computer": "DESKTOP-OFJ6N53", "TimeCreated": "2025-07-29 20:39:18.862808+00:00", "RecordID": "114927", "Level": "2", "UserID": "S-1-5-18", "EventData.ErrorCode": "0x8007010b"}
{"EventID": "8761", "Channel": "Microsoft-Windows-AppXDeploymentServer/Operational", "Provider_Name": "Microsoft-Windows-AppXDeployment-Server", "Computer": "DESKTOP-OFJ6N53", "TimeCreated": "2025-07-29 20:39:18.874859+00:00", "RecordID": "114928", "Level": "2", "UserID": "S-1-5-18", "EventData.ErrorCode": "0x8007010b"}
{"EventID": "8761", "Channel": "Microsoft-Windows-AppXDeploymentServer/Operational", "Provider_Name": "Microsoft-Windows-AppXDeployment-Server", "Computer": "DESKTOP-OFJ6N53", "TimeCreated": "2025-07-29 20:39:18.885155+00:00", "RecordID": "114929", "Level": "2", "UserID": "S-1-5-18", "EventData.ErrorCode": "0x8007010b"}
{"EventID": "8761", "Channel": "Microsoft-Windows-AppXDeploymentServer/Operational", "Provider_Name": "Microsoft-Windows-AppXDeployment-Server", "Computer": "DESKTOP-OFJ6N53", "TimeCreated": "2025-07-29 20:39:18.886814+00:00", "RecordID": "114930", "Level": "2", "UserID": "S-1-5-18", "EventData.ErrorCode": "0x8007010b"}
{"EventID": "8761", "Channel": "Microsoft-Windows-AppXDeploymentServer/Operational", "Provider_Name": "Microsoft-Windows-AppXDeployment-Server", "Computer": "DESKTOP-OFJ6N53", "TimeCreated": "2025-07-29 20:39:18.888510+00:00", "RecordID": "114931", "Level": "2", "UserID": "S-1-5-18", "EventData.ErrorCode": "0x8007010b"}
{"EventID": "8761", "Channel": "Microsoft-Windows-AppXDeploymentServer/Operational", "Provider_Name": "Microsoft-Windows-AppXDeployment-Server", "Computer": "DESKTOP-OFJ6N53", "TimeCreated": "2025-07-29 20:39:18.890026+00:00", "RecordID": "114932", "Level": "2", "UserID": "S-1-5-18", "EventData.ErrorCode": "0x8007010b"}
{"EventID": "8761", "Channel": "Microsoft-Windows-AppXDeploymentServer/Operational", "Provider_Name": "Microsoft-Windows-AppXDeployment-Server", "Computer": "DESKTOP-OFJ6N53", "TimeCreated": "2025-07-29 20:39:18.900639+00:00", "RecordID": "114933", "Level": "2", "UserID": "S-1-5-18", "EventData.ErrorCode": "0x8007010b"}
{"EventID": "8761", "Channel": "Microsoft-Windows-AppXDeploymentServer/Operational", "Provider_Name": "Microsoft-Windows-AppXDeployment-Server", "Computer": "DESKTOP-OFJ6N53", "TimeCreated": "2025-07-29 20:39:18.902439+00:00", "RecordID": "114934", "Level": "2", "UserID": "S-1-5-18", "EventData.ErrorCode": "0x8007010b"}
{"EventID": "8761", "Channel": "Microsoft-Windows-AppXDeploymentServer/Operational", "Provider_Name": "Microsoft-Windows-AppXDeployment-Server", "Computer": "DESKTOP-OFJ6N53", "TimeCreated": "2025-07-29 20:39:18.904474+00:00", "RecordID": "114935", "Level": "2", "UserID": "S-1-5-18", "EventData.ErrorCode": "0x8007010b"}
{"EventID": "8761", "Channel": "Microsoft-Windows-AppXDeploymentServer/Operational", "Provider_Name": "Microsoft-Windows-AppXDeployment-Server", "Computer": "DESKTOP-OFJ6N53", "TimeCreated": "2025-07-29 20:39:18.906668+00:00", "RecordID": "114936", "Level": "2", "UserID": "S-1-5-18", "EventData.ErrorCode": "0x8007010b"}
{"EventID": "10001", "Channel": "Microsoft-Windows-AppXDeploymentServer/Operational", "Provider_Name": "Microsoft-Windows-AppXDeployment-Server", "Computer": "DESKTOP-OFJ6N53", "TimeCreated": "2025-07-29 20:39:20.029907+00:00", "RecordID": "114937", "Level": "5", "UserID": "S-1-5-18", "EventData.PackageFullName": "Microsoft.DesktopAppInstaller_1.26.400.0_x64__8wekyb3d8bbwe", "EventData.ErrorCode": "0x80070490"}
{"EventID": "10001", "Channel": "Microsoft-Windows-AppXDeploymentServer/Operational", "Provider_Name": "Microsoft-Windows-AppXDeployment-Server", "Computer": "DESKTOP-OFJ6N53", "TimeCreated": "2025-07-29 20:39:20.030127+00:00", "RecordID": "114938", "Level": "5", "UserID": "S-1-5-18", "EventData.PackageFullName": "Microsoft.DesktopAppInstaller_1.26.430.0_x64__8wekyb3d8bbwe", "EventData.ErrorCode": "0x00000000"}
{"EventID": "10001", "Channel": "Microsoft-Windows-AppXDeploymentServer/Operational", "Provider_Name": "Microsoft-Windows-AppXDeployment-Server", "Computer": "DESKTOP-OFJ6N53", "TimeCreated": "2025-07-29 20:39:20.030521+00:00", "RecordID": "114939", "Level": "5", "UserID": "S-1-5-18", "EventData.PackageFullName": "Microsoft.DesktopAppInstaller_1.26.430.0_x64__8wekyb3d8bbwe", "EventData.ErrorCode": "0x00000000"}
{"EventID": "10001", "Channel": "Microsoft-Windows-AppXDeploymentServer/Operational", "Provider_Name": "Microsoft-Windows-AppXDeployment-Server", "Computer": "DESKTOP-OFJ6N53", "TimeCreated": "2025-07-29 20:39:20.030670+00:00", "RecordID": "114940", "Level": "5", "UserID": "S-1-5-18", "EventData.PackageFullName": "Microsoft.DesktopAppInstaller_2025.717.1857.0_neutral_~_8wekyb3d8bbwe", "EventData.ErrorCode": "0x00000000"}
{"EventID": "10001", "Channel": "Microsoft-Windows-AppXDeploymentServer/Operational", "Provider_Name": "Microsoft-Windows-AppXDeployment-Server", "Computer": "DESKTOP-OFJ6N53", "TimeCreated": "2025-07-29 20:39:20.030783+00:00", "RecordID": "114941", "Level": "5", "UserID": "S-1-5-18", "EventData.PackageFullName": "Microsoft.DesktopAppInstaller_2025.717.1857.0_neutral_~_8wekyb3d8bbwe", "EventData.ErrorCode": "0x00000000"}
{"EventID": "10001", "Channel": "Microsoft-Windows-AppXDeploymentServer/Operational", "Provider_Name": "Microsoft-Windows-AppXDeployment-Server", "Computer": "DESKTOP-OFJ6N53", "TimeCreated": "2025-07-29 20:39:20.030861+00:00", "RecordID": "114942", "Level": "5", "UserID": "S-1-5-18", "EventData.PackageFullName": "Microsoft.DesktopAppInstaller_1.26.430.0_x64__8wekyb3d8bbwe", "EventData.ErrorCode": "0x00000000"}
{"EventID": "10001", "Channel": "Microsoft-Windows-AppXDeploymentServer/Operational", "Provider_Name": "Microsoft-Windows-AppXDeployment-Server", "Computer": "DESKTOP-OFJ6N53", "TimeCreated": "2025-07-29 20:39:20.030943+00:00", "RecordID": "114943", "Level": "5", "UserID": "S-1-5-18", "EventData.PackageFullName": "Microsoft.DesktopAppInstaller_1.26.430.0_x64__8wekyb3d8bbwe", "EventData.ErrorCode": "0x00000000"}
{"EventID": "10001", "Channel": "Microsoft-Windows-AppXDeploymentServer/Operational", "Provider_Name": "Microsoft-Windows-AppXDeployment-Server", "Computer": "DESKTOP-OFJ6N53", "TimeCreated": "2025-07-29 20:39:20.031015+00:00", "RecordID": "114944", "Level": "5", "UserID": "S-1-5-18", "EventData.PackageFullName": "Microsoft.DesktopAppInstaller_1.26.430.0_neutral_split.language-ru_8wekyb3d8bbwe", "EventData.ErrorCode": "0x00000000"}
{"EventID": "10001", "Channel": "Microsoft-Windows-AppXDeploymentServer/Operational", "Provider_Name": "Microsoft-Windows-AppXDeployment-Server", "Computer": "DESKTOP-OFJ6N53", "TimeCreated": "2025-07-29 20:39:20.031084+00:00", "RecordID": "114945", "Level": "5", "UserID": "S-1-5-18", "EventData.PackageFullName": "Microsoft.DesktopAppInstaller_1.26.430.0_neutral_split.language-ru_8wekyb3d8bbwe", "EventData.ErrorCode": "0x00000000"}
{"EventID": "10001", "Channel": "Microsoft-Windows-AppXDeploymentServer/Operational", "Provider_Name": "Microsoft-Windows-AppXDeployment-Server", "Computer": "DESKTOP-OFJ6N53", "TimeCreated": "2025-07-29 20:39:20.031158+00:00", "RecordID": "114946", "Level": "5", "UserID": "S-1-5-18", "EventData.PackageFullName": "Microsoft.DesktopAppInstaller_1.26.430.0_neutral_split.scale-125_8wekyb3d8bbwe", "EventData.ErrorCode": "0x00000000"}
{"EventID": "10001", "Channel": "Microsoft-Windows-AppXDeploymentServer/Operational", "Provider_Name": "Microsoft-Windows-AppXDeployment-Server", "Computer": "DESKTOP-OFJ6N53", "TimeCreated": "2025-07-29 20:39:20.031221+00:00", "RecordID": "114947", "Level": "5", "UserID": "S-1-5-18", "EventData.PackageFullName": "Microsoft.DesktopAppInstaller_1.26.430.0_neutral_split.scale-125_8wekyb3d8bbwe", "EventData.ErrorCode": "0x00000000"}
{"EventID": "10001", "Channel": "Microsoft-Windows-AppXDeploymentServer/Operational", "Provider_Name": "Microsoft-Windows-AppXDeployment-Server", "Computer": "DESKTOP-OFJ6N53", "TimeCreated": "2025-07-29 20:39:20.031282+00:00", "RecordID": "114948", "Level": "5", "UserID": "S-1-5-18", "EventData.PackageFullName": "Microsoft.DesktopAppInstaller_1.26.430.0_neutral_split.scale-100_8wekyb3d8bbwe", "EventData.ErrorCode": "0x00000000"}
{"EventID": "10001", "Channel": "Microsoft-Windows-AppXDeploymentServer/Operational", "Provider_Name": "Microsoft-Windows-AppXDeployment-Server", "Computer": "DESKTOP-OFJ6N53", "TimeCreated": "2025-07-29 20:39:20.031349+00:00", "RecordID": "114949", "Level": "5", "UserID": "S-1-5-18", "EventData.PackageFullName": "Microsoft.DesktopAppInstaller_1.26.430.0_neutral_split.scale-100_8wekyb3d8bbwe", "EventData.ErrorCode": "0x00000000"}
{"EventID": "400", "Channel": "Microsoft-Windows-AppXDeploymentServer/Operational", "Provider_Name": "Microsoft-Windows-AppXDeployment-Server", "Computer": "DESKTOP-OFJ6N53", "TimeCreated": "2025-07-29 20:39:20.062685+00:00", "RecordID": "114950", "Level": "4", "UserID": "S-1-5-21-963789628-1060504924-4285088085-1001", "EventData.DeploymentOperation": "6", "EventData.PackageFullName": "Microsoft.DesktopAppInstaller_2025.717.1857.0_neutral_~_8wekyb3d8bbwe", "EventData.Path": "(AppxBundleManifest.xml)", "EventData.MountPoint": "C:", "EventData.TargetPlatform": "0x00000000", "EventData.SystemVolume": "True", "EventData.StorageId": "\\\\?\\Volume{c33a8663-71a2-4031-8cec-c21914fe12ad}", "EventData.IsCentennial": "False", "EventData.PackageType": "0x00000008", "EventData.IsPackageEncrypted": "False", "EventData.DeploymentOptions": "0x0004000004044800", "EventData.IsStreamingPackage": "False", "EventData.IsInRelatedSet": "False", "EventData.IsPackageUsingBDC": "False", "EventData.MainPackageFamilyName": "NULL", "EventData.CallingProcess": "svchost.exe,wuauserv", "EventData.IsOptional": "False", "EventData.PackageFlags": "0x00000400", "EventData.PackageFlags2": "0x00000800", "EventData.HasWin32alacarte": "False", "EventData.HasFullTrust": "False", "EventData.ExternalLocation": null, "EventData.PackageSourceUri": "x-windowsupdate://05C4B27B-6E00-4A05-9B94-15C77E54E690/F855810C-9F77-45FF-A0F5-CD0FEAA945C6/508bfda4dcfb262c40e6f5d8e8811b3f47ee98a2"}
{"EventID": "478", "Channel": "Microsoft-Windows-AppXDeploymentServer/Operational", "Provider_Name": "Microsoft-Windows-AppXDeployment-Server", "Computer": "DESKTOP-OFJ6N53", "TimeCreated": "2025-07-29 20:39:20.062777+00:00", "RecordID": "114951", "Level": "5", "UserID": "S-1-5-21-963789628-1060504924-4285088085-1001", "EventData.DeploymentOperation": "6", "EventData.PackageFullName": "Microsoft.DesktopAppInstaller_1.26.430.0_x64__8wekyb3d8bbwe", "EventData.Path": "(AppxBundleManifest.xml)", "EventData.MountPoint": "C:", "EventData.TargetPlatform": "0x00000000", "EventData.SystemVolume": "True", "EventData.StorageId": "\\\\?\\Volume{c33a8663-71a2-4031-8cec-c21914fe12ad}", "EventData.IsCentennial": "True", "EventData.PackageType": "0x00000001", "EventData.IsPackageEncrypted": "False", "EventData.DeploymentOptions": "0x0004000004044800", "EventData.IsStreamingPackage": "False", "EventData.IsInRelatedSet": "False", "EventData.IsPackageUsingBDC": "False", "EventData.MainPackageFamilyName": "NULL", "EventData.CallingProcess": "svchost.exe,wuauserv", "EventData.IsOptional": "False", "EventData.PackageFlags": "0x0080c04c", "EventData.PackageFlags2": "0x00000800", "EventData.HasWin32alacarte": "False", "EventData.HasFullTrust": "True", "EventData.ExternalLocation": null, "EventData.PackageSourceUri": "x-windowsupdate://05C4B27B-6E00-4A05-9B94-15C77E54E690/F855810C-9F77-45FF-A0F5-CD0FEAA945C6/508bfda4dcfb262c40e6f5d8e8811b3f47ee98a2"}
{"EventID": "472", "Channel": "Microsoft-Windows-AppXDeploymentServer/Operational", "Provider_Name": "Microsoft-Windows-AppXDeployment-Server", "Computer": "DESKTOP-OFJ6N53", "TimeCreated": "2025-07-29 20:39:20.077087+00:00", "RecordID": "114952", "Level": "5", "UserID": "S-1-5-18", "EventData.SourceFolderPath": "\\\\?\\C:\\Program Files\\WindowsApps\\Microsoft.DesktopAppInstaller_2025.617.2222.0_neutral_~_8wekyb3d8bbwe", "EventData.DestinationFolderPath": "\\\\?\\C:\\Program Files\\WindowsApps\\Deleted\\Microsoft.DesktopAppInstaller_2025.617.2222.0_neutral_~_8wekyb3d8bbwe9ce7863c-83c2-4f38-b6ef-d986483f5d62", "EventData.ErrorCode": "0x00000000"}
{"EventID": "472", "Channel": "Microsoft-Windows-AppXDeploymentServer/Operational", "Provider_Name": "Microsoft-Windows-AppXDeployment-Server", "Computer": "DESKTOP-OFJ6N53", "TimeCreated": "2025-07-29 20:39:20.082445+00:00", "RecordID": "114953", "Level": "5", "UserID": "S-1-5-18", "EventData.SourceFolderPath": "\\\\?\\C:\\Program Files\\WindowsApps\\Microsoft.DesktopAppInstaller_1.26.400.0_x64__8wekyb3d8bbwe", "EventData.DestinationFolderPath": "\\\\?\\C:\\Program Files\\WindowsApps\\Deleted\\Microsoft.DesktopAppInstaller_1.26.400.0_x64__8wekyb3d8bbwe6d905791-596e-45f4-a1cf-5d7443f12e91", "EventData.ErrorCode": "0x00000000"}
{"EventID": "472", "Channel": "Microsoft-Windows-AppXDeploymentServer/Operational", "Provider_Name": "Microsoft-Windows-AppXDeployment-Server", "Computer": "DESKTOP-OFJ6N53", "TimeCreated": "2025-07-29 20:39:20.090893+00:00", "RecordID": "114954", "Level": "5", "UserID": "S-1-5-18", "EventData.SourceFolderPath": "\\\\?\\C:\\Program Files\\WindowsApps\\Microsoft.DesktopAppInstaller_1.26.400.0_neutral_split.language-ru_8wekyb3d8bbwe", "EventData.DestinationFolderPath": "\\\\?\\C:\\Program Files\\WindowsApps\\Deleted\\Microsoft.DesktopAppInstaller_1.26.400.0_neutral_split.language-ru_8wekyb3d8bbwe58a80e92-4767-48e6-82da-c01bdbd1b25f", "EventData.ErrorCode": "0x00000000"}
{"EventID": "472", "Channel": "Microsoft-Windows-AppXDeploymentServer/Operational", "Provider_Name": "Microsoft-Windows-AppXDeployment-Server", "Computer": "DESKTOP-OFJ6N53", "TimeCreated": "2025-07-29 20:39:20.093992+00:00", "RecordID": "114955", "Level": "5", "UserID": "S-1-5-18", "EventData.SourceFolderPath": "\\\\?\\C:\\Program Files\\WindowsApps\\Microsoft.DesktopAppInstaller_1.26.400.0_neutral_split.scale-125_8wekyb3d8bbwe", "EventData.DestinationFolderPath": "\\\\?\\C:\\Program Files\\WindowsApps\\Deleted\\Microsoft.DesktopAppInstaller_1.26.400.0_neutral_split.scale-125_8wekyb3d8bbwe49b41764-e8d4-4566-bffa-f2fd7cdb0382", "EventData.ErrorCode": "0x00000000"}
{"EventID": "472", "Channel": "Microsoft-Windows-AppXDeploymentServer/Operational", "Provider_Name": "Microsoft-Windows-AppXDeployment-Server", "Computer": "DESKTOP-OFJ6N53", "TimeCreated": "2025-07-29 20:39:20.096823+00:00", "RecordID": "114956", "Level": "5", "UserID": "S-1-5-18", "EventData.SourceFolderPath": "\\\\?\\C:\\Program Files\\WindowsApps\\Microsoft.DesktopAppInstaller_1.26.400.0_neutral_split.scale-100_8wekyb3d8bbwe", "EventData.DestinationFolderPath": "\\\\?\\C:\\Program Files\\WindowsApps\\Deleted\\Microsoft.DesktopAppInstaller_1.26.400.0_neutral_split.scale-100_8wekyb3d8bbwe928efe80-075b-4678-a4c5-dfefc81da8ed", "EventData.ErrorCode": "0x00000000"}
{"EventID": "649", "Channel": "Microsoft-Windows-AppXDeploymentServer/Operational", "Provider_Name": "Microsoft-Windows-AppXDeployment-Server", "Computer": "DESKTOP-OFJ6N53", "TimeCreated": "2025-07-29 20:39:20.107248+00:00", "RecordID": "114957", "Level": "4", "UserID": "S-1-5-21-963789628-1060504924-4285088085-1001", "EventData.DeploymentOperation": "6", "EventData.PackageFullName": "Microsoft.DesktopAppInstaller_2025.717.1857.0_neutral_~_8wekyb3d8bbwe", "EventData.Summary": "PostDeploymentOperationCheck cost: 0 ms"}
{"EventID": "613", "Channel": "Microsoft-Windows-AppXDeploymentServer/Operational", "Provider_Name": "Microsoft-Windows-AppXDeployment-Server", "Computer": "DESKTOP-OFJ6N53", "TimeCreated": "2025-07-29 20:39:20.162447+00:00", "RecordID": "114958", "Level": "4", "UserID": "S-1-5-21-963789628-1060504924-4285088085-1001", "EventData.DeploymentOperation": "6", "EventData.PackageFullName": "Microsoft.DesktopAppInstaller_2025.717.1857.0_neutral_~_8wekyb3d8bbwe", "EventData.Summary": "Overall time: 2562 ms\nEnqueue cost: 15 ms\nDequeue delay: 0 ms\nBundle processing cost: 32 ms\nIndexing cost: 62 ms\nResolve dependency cost: 47 ms\nGap: 16 ms\nCheck approval cost: 15 ms\nEvaluation cost: 0 ms\nHardlinking evaluation cost: 0 ms\nStage required cost: 16 ms\nFlushing and closing files cost: 0 ms\nMachine register cost: 0 ms\nStage user data cost: 0 ms\nGap: 47 ms\nRegistration cost: 890 ms\nGap: 750 ms\nRepository commit transaction cost: 547 ms\nGap: 63 ms\nData flush cost: 15 ms\nPost DeStage repository commit transaction cost: 0 ms\nRemaining cost: 47 ms"}
{"EventID": "471", "Channel": "Microsoft-Windows-AppXDeploymentServer/Operational", "Provider_Name": "Microsoft-Windows-AppXDeployment-Server", "Computer": "DESKTOP-OFJ6N53", "TimeCreated": "2025-07-29 20:39:20.725965+00:00", "RecordID": "114959", "Level": "4", "UserID": "S-1-5-18", "EventData.FilePath": "\\\\?\\C:\\Program Files\\WindowsApps\\Deleted\\Microsoft.WindowsStore_22506.1401.7.0_x64__8wekyb3d8bbweff6b4126-d317-4017-bb03-2a6479237c68\\clrcompression.dll", "EventData.ErrorCode": "0x00000005"}
{"EventID": "471", "Channel": "Microsoft-Windows-AppXDeploymentServer/Operational", "Provider_Name": "Microsoft-Windows-AppXDeployment-Server", "Computer": "DESKTOP-OFJ6N53", "TimeCreated": "2025-07-29 20:39:20.726168+00:00", "RecordID": "114960", "Level": "4", "UserID": "S-1-5-18", "EventData.FilePath": "\\\\?\\C:\\Program Files\\WindowsApps\\Deleted\\Microsoft.WindowsStore_22506.1401.7.0_x64__8wekyb3d8bbweff6b4126-d317-4017-bb03-2a6479237c68\\e_sqlite3.dll", "EventData.ErrorCode": "0x00000005"}
{"EventID": "471", "Channel": "Microsoft-Windows-AppXDeploymentServer/Operational", "Provider_Name": "Microsoft-Windows-AppXDeployment-Server", "Computer": "DESKTOP-OFJ6N53", "TimeCreated": "2025-07-29 20:39:20.726370+00:00", "RecordID": "114961", "Level": "4", "UserID": "S-1-5-18", "EventData.FilePath": "\\\\?\\C:\\Program Files\\WindowsApps\\Deleted\\Microsoft.WindowsStore_22506.1401.7.0_x64__8wekyb3d8bbweff6b4126-d317-4017-bb03-2a6479237c68\\Microsoft.Graphics.Canvas.dll", "EventData.ErrorCode": "0x00000005"}
{"EventID": "493", "Channel": "Microsoft-Windows-AppXDeploymentServer/Operational", "Provider_Name": "Microsoft-Windows-AppXDeployment-Server", "Computer": "DESKTOP-OFJ6N53", "TimeCreated": "2025-07-29 20:39:20.726759+00:00", "RecordID": "114962", "Level": "3", "UserID": "S-1-5-18", "EventData.FilePath": "\\\\?\\C:\\Program Files\\WindowsApps\\Deleted", "EventData.ErrorCount": "1"}
{"EventID": "818", "Channel": "Microsoft-Windows-AppXDeploymentServer/Operational", "Provider_Name": "Microsoft-Windows-AppXDeployment-Server", "Computer": "DESKTOP-OFJ6N53", "TimeCreated": "2025-07-29 21:51:00.106382+00:00", "RecordID": "114963", "Level": "5", "UserID": "S-1-5-21-963789628-1060504924-4285088085-1001", "EventData.UserSid": "S-1-5-21-963789628-1060504924-4285088085-1001"}
{"EventID": "819", "Channel": "Microsoft-Windows-AppXDeploymentServer/Operational", "Provider_Name": "Microsoft-Windows-AppXDeployment-Server", "Computer": "DESKTOP-OFJ6N53", "TimeCreated": "2025-07-29 21:51:00.119812+00:00", "RecordID": "114964", "Level": "5", "UserID": "S-1-5-21-963789628-1060504924-4285088085-1001", "EventData.InstallPackageList": "Microsoft.Edge.GameAssist_1.0.3423.0_x64__8wekyb3d8bbwe Microsoft.MicrosoftEdge.Stable_138.0.3351.109_neutral__8wekyb3d8bbwe", "EventData.EndOfLifePackageList": "NULL"}
{"EventID": "818", "Channel": "Microsoft-Windows-AppXDeploymentServer/Operational", "Provider_Name": "Microsoft-Windows-AppXDeployment-Server", "Computer": "DESKTOP-OFJ6N53", "TimeCreated": "2025-07-30 21:51:01.955729+00:00", "RecordID": "114965", "Level": "5", "UserID": "S-1-5-21-963789628-1060504924-4285088085-1001", "EventData.UserSid": "S-1-5-21-963789628-1060504924-4285088085-1001"}
{"EventID": "819", "Channel": "Microsoft-Windows-AppXDeploymentServer/Operational", "Provider_Name": "Microsoft-Windows-AppXDeployment-Server", "Computer": "DESKTOP-OFJ6N53", "TimeCreated": "2025-07-30 21:51:01.963522+00:00", "RecordID": "114966", "Level": "5", "UserID": "S-1-5-21-963789628-1060504924-4285088085-1001", "EventData.InstallPackageList": "Microsoft.Edge.GameAssist_1.0.3423.0_x64__8wekyb3d8bbwe Microsoft.MicrosoftEdge.Stable_138.0.3351.109_neutral__8wekyb3d8bbwe", "EventData.EndOfLifePackageList": "NULL"}
{"EventID": "603", "Channel": "Microsoft-Windows-AppXDeploymentServer/Operational", "Provider_Name": "Microsoft-Windows-AppXDeployment-Server", "Computer": "DESKTOP-OFJ6N53", "TimeCreated": "2025-07-30 23:36:58.861250+00:00", "RecordID": "114967", "Level": "4", "UserID": "S-1-5-18", "EventData.DeploymentOperation": "5", "EventData.Path": "Microsoft.MicrosoftOfficeHub_19.2507.56041.0_neutral_~_8wekyb3d8bbwe", "EventData.Flags": "0", "EventData.FlagsHigh": "0", "EventData.CallingProcess": "svchost.exe,wuauserv", "EventData.ExternalLocation": null}
{"EventID": "10002", "Channel": "Microsoft-Windows-AppXDeploymentServer/Operational", "Provider_Name": "Microsoft-Windows-AppXDeployment-Server", "Computer": "DESKTOP-OFJ6N53", "TimeCreated": "2025-07-30 23:36:58.876715+00:00", "RecordID": "114968", "Level": "5", "UserID": "S-1-5-18", "EventData.DeploymentOperation": "2", "EventData.MainPackageMoniker": "Microsoft.MicrosoftOfficeHub_19.2507.56041.0_neutral_~_8wekyb3d8bbwe", "EventData.ResiliencyFilePath": "C:\\ProgramData\\Microsoft\\Windows\\AppRepository\\0dae54b3-c459-452a-8ce3-5ec6100e00ba_S-1-5-18_1.rslc"}
{"EventID": "607", "Channel": "Microsoft-Windows-AppXDeploymentServer/Operational", "Provider_Name": "Microsoft-Windows-AppXDeployment-Server", "Computer": "DESKTOP-OFJ6N53", "TimeCreated": "2025-07-30 23:36:58.879230+00:00", "RecordID": "114969", "Level": "4", "UserID": "S-1-5-18", "EventData.DeploymentOperation": "2", "EventData.PackageFullName": "Microsoft.MicrosoftOfficeHub_19.2507.56041.0_neutral_~_8wekyb3d8bbwe", "EventData.UserSid": "S-1-5-18", "EventData.CallingProcess": "svchost.exe,wuauserv"}
{"EventID": "627", "Channel": "Microsoft-Windows-AppXDeploymentServer/Operational", "Provider_Name": "Microsoft-Windows-AppXDeployment-Server", "Computer": "DESKTOP-OFJ6N53", "TimeCreated": "2025-07-30 23:36:58.884430+00:00", "RecordID": "114970", "Level": "5", "UserID": "S-1-5-18", "EventData.PackageMoniker": "Microsoft.MicrosoftOfficeHub_19.2507.56041.0_neutral_~_8wekyb3d8bbwe"}
{"EventID": "400", "Channel": "Microsoft-Windows-AppXDeploymentServer/Operational", "Provider_Name": "Microsoft-Windows-AppXDeployment-Server", "Computer": "DESKTOP-OFJ6N53", "TimeCreated": "2025-07-30 23:36:59.771008+00:00", "RecordID": "114971", "Level": "4", "UserID": "S-1-5-18", "EventData.DeploymentOperation": "5", "EventData.PackageFullName": "Microsoft.MicrosoftOfficeHub_19.2507.56041.0_neutral_~_8wekyb3d8bbwe", "EventData.Path": null, "EventData.MountPoint": "C:", "EventData.TargetPlatform": "0x00000001", "EventData.SystemVolume": "True", "EventData.StorageId": "\\\\?\\Volume{c33a8663-71a2-4031-8cec-c21914fe12ad}", "EventData.IsCentennial": "False", "EventData.PackageType": "0x00000000", "EventData.IsPackageEncrypted": "False", "EventData.DeploymentOptions": "0x0000000000000000", "EventData.IsStreamingPackage": "False", "EventData.IsInRelatedSet": "False", "EventData.IsPackageUsingBDC": "False", "EventData.MainPackageFamilyName": "NULL", "EventData.CallingProcess": "svchost.exe,wuauserv", "EventData.IsOptional": "False", "EventData.PackageFlags": "0x00000000", "EventData.PackageFlags2": "0x00000000", "EventData.HasWin32alacarte": "False", "EventData.HasFullTrust": "False", "EventData.ExternalLocation": null, "EventData.PackageSourceUri": null}
{"EventID": "649", "Channel": "Microsoft-Windows-AppXDeploymentServer/Operational", "Provider_Name": "Microsoft-Windows-AppXDeployment-Server", "Computer": "DESKTOP-OFJ6N53", "TimeCreated": "2025-07-30 23:36:59.771362+00:00", "RecordID": "114972", "Level": "4", "UserID": "S-1-5-18", "EventData.DeploymentOperation": "2", "EventData.PackageFullName": "Microsoft.MicrosoftOfficeHub_19.2507.56041.0_neutral_~_8wekyb3d8bbwe", "EventData.Summary": "PostDeploymentOperationCheck cost: 0 ms"}
{"EventID": "603", "Channel": "Microsoft-Windows-AppXDeploymentServer/Operational", "Provider_Name": "Microsoft-Windows-AppXDeployment-Server", "Computer": "DESKTOP-OFJ6N53", "TimeCreated": "2025-07-30 23:37:14.730762+00:00", "RecordID": "114973", "Level": "4", "UserID": "S-1-5-18", "EventData.DeploymentOperation": "4", "EventData.Path": "94cdafecbbf65bc088341ad46916eca485c9f985", "EventData.Flags": "67108880", "EventData.FlagsHigh": "128", "EventData.CallingProcess": "svchost.exe,wuauserv", "EventData.ExternalLocation": null}
{"EventID": "10002", "Channel": "Microsoft-Windows-AppXDeploymentServer/Operational", "Provider_Name": "Microsoft-Windows-AppXDeployment-Server", "Computer": "DESKTOP-OFJ6N53", "TimeCreated": "2025-07-30 23:37:15.794569+00:00", "RecordID": "114974", "Level": "5", "UserID": "S-1-5-18", "EventData.DeploymentOperation": "4", "EventData.MainPackageMoniker": "Microsoft.MicrosoftOfficeHub_2025.727.1811.0_neutral_~_8wekyb3d8bbwe", "EventData.ResiliencyFilePath": "C:\\ProgramData\\Microsoft\\Windows\\AppRepository\\0dae54b3-c459-452a-8ce3-5ec6100e00ba_S-1-5-18_2.rslc"}
{"EventID": "607", "Channel": "Microsoft-Windows-AppXDeploymentServer/Operational", "Provider_Name": "Microsoft-Windows-AppXDeployment-Server", "Computer": "DESKTOP-OFJ6N53", "TimeCreated": "2025-07-30 23:37:15.795404+00:00", "RecordID": "114975", "Level": "4", "UserID": "S-1-5-18", "EventData.DeploymentOperation": "4", "EventData.PackageFullName": "Microsoft.MicrosoftOfficeHub_2025.727.1811.0_neutral_~_8wekyb3d8bbwe", "EventData.UserSid": "S-1-5-18", "EventData.CallingProcess": "svchost.exe,wuauserv"}
{"EventID": "614", "Channel": "Microsoft-Windows-AppXDeploymentServer/Operational", "Provider_Name": "Microsoft-Windows-AppXDeployment-Server", "Computer": "DESKTOP-OFJ6N53", "TimeCreated": "2025-07-30 23:37:15.806425+00:00", "RecordID": "114976", "Level": "5", "UserID": "S-1-5-18", "EventData.PathOne": "x-windowsupdate://5FE0EF94-F6AF-4D14-B1D1-C1B6EA407777/EAAC6C6B-10A4-4659-815B-44F151ECA61A/94cdafecbbf65bc088341ad46916eca485c9f985", "EventData.PathTwo": "\"OfficeApp_19.2507.57011.0_x64.msix\": Microsoft.MicrosoftOfficeHub_19.2507.57011.0_x64__8wekyb3d8bbwe \"OfficeApp_19.2507.57011.0_ARM64.msix\": Microsoft.MicrosoftOfficeHub_19.2507.57011.0_arm64__8wekyb3d8bbwe \"OfficeApp_19.2507.57011.0_language-af.msix\": Microsoft.MicrosoftOfficeHub_19.2507.57011.0_neutral_split.language-af_8wekyb3d8bbwe \"OfficeApp_19.2507.57011.0_language-am.msix\": Microsoft.MicrosoftOfficeHub_19.2507.57011.0_neutral_split.language-am_8wekyb3d8bbwe \"OfficeApp_19.2507.57011.0_language-ar.msix\": Microsoft.MicrosoftOfficeHub_19.2507.57011.0_neutral_split.language-ar_8wekyb3d8bbwe \"OfficeApp_19.2507.57011.0_language-as.msix\": Microsoft.MicrosoftOfficeHub_19.2507.57011.0_neutral_split.language-as_8wekyb3d8bbwe \"OfficeApp_19.2507.57011.0_language-az-latn.msix\": Microsoft.MicrosoftOfficeHub_19.2507.57011.0_neutral_split.language-az-latn_8wekyb3d8bbwe \"OfficeApp_19.2507.57011.0_language-bg.msix\": Microsoft.MicrosoftOfficeHub_19.2507.57011.0_neutral_split.language-bg_8wekyb3d8bbwe \"OfficeApp_19.2507.57011.0_language-bn.msix\": Microsoft.MicrosoftOfficeHub_19.2507.57011.0_neutral_split.language-bn_8wekyb3d8bbwe \"OfficeApp_19.2507.57011.0_language-bs.msix\": Microsoft.MicrosoftOfficeHub_19.2507.57011.0_neutral_split.language-bs_8wekyb3d8bbwe \"OfficeApp_19.2507.57011.0_language-ca.msix\": Microsoft.MicrosoftOfficeHub_19.2507.57011.0_neutral_split.language-ca_8wekyb3d8bbwe \"OfficeApp_19.2507.57011.0_language-cs.msix\": Microsoft.MicrosoftOfficeHub_19.2507.57011.0_neutral_split.language-cs_8wekyb3d8bbwe \"OfficeApp_19.2507.57011.0_language-cy.msix\": Microsoft.MicrosoftOfficeHub_19.2507.57011.0_neutral_split.language-cy_8wekyb3d8bbwe \"OfficeApp_19.2507.57011.0_language-da.msix\": Microsoft.MicrosoftOfficeHub_19.2507.57011.0_neutral_split.language-da_8wekyb3d8bbwe \"OfficeApp_19.2507.57011.0_language-de.msix\": Microsoft.MicrosoftOfficeHub_19.2507.57011.0_neutral_split.language-de_8wekyb3d8bbwe \"OfficeApp_19.2507.57011.0_language-el.msix\": Microsoft.MicrosoftOfficeHub_19.2507.57011.0_neutral_split.language-el_8wekyb3d8bbwe \"OfficeApp_19.2507.57011.0_language-es.msix\": Microsoft.MicrosoftOfficeHub_19.2507.57011.0_neutral_split.language-es_8wekyb3d8bbwe \"OfficeApp_19.2507.57011.0_language-et.msix\": Microsoft.MicrosoftOfficeHub_19.2507.57011.0_neutral_split.language-et_8wekyb3d8bbwe \"OfficeApp_19.2507.57011.0_language-eu.msix\": Microsoft.MicrosoftOfficeHub_19.2507.57011.0_neutral_split.language-eu_8wekyb3d8bbwe \"OfficeApp_19.2507.57011.0_language-fa.msix\": Microsoft.MicrosoftOfficeHub_19.2507.57011.0_neutral_split.language-fa_8wekyb3d8bbwe \"OfficeApp_19.2507.57011.0_language-fi.msix\": Microsoft.MicrosoftOfficeHub_19.2507.57011.0_neutral_split.language-fi_8wekyb3d8bbwe \"OfficeApp_19.2507.57011.0_language-fil-latn.msix\": Microsoft.MicrosoftOfficeHub_19.2507.57011.0_neutral_split.language-fil-latn_8wekyb3d8bbwe \"OfficeApp_19.2507.57011.0_language-fr.msix\": Microsoft.MicrosoftOfficeHub_19.2507.57011.0_neutral_split.language-fr_8wekyb3d8bbwe \"OfficeApp_19.2507.57011.0_language-ga.msix\": Microsoft.MicrosoftOfficeHub_19.2507.57011.0_neutral_split.language-ga_8wekyb3d8bbwe \"OfficeApp_19.2507.57011.0_language-gd-latn.msix\": Microsoft.MicrosoftOfficeHub_19.2507.57011.0_neutral_split.language-gd-latn_8wekyb3d8bbwe \"OfficeApp_19.2507.57011.0_language-gl.msix\": Microsoft.MicrosoftOfficeHub_19.2507.57011.0_neutral_split.language-gl_8wekyb3d8bbwe \"OfficeApp_19.2507.57011.0_language-gu.msix\": Microsoft.MicrosoftOfficeHub_19.2507.57011.0_neutral_split.language-gu_8wekyb3d8bbwe \"OfficeApp_19.2507.57011.0_language-he.msix\": Microsoft.MicrosoftOfficeHub_19.2507.57011.0_neutral_split.language-he_8wekyb3d8bbwe \"OfficeApp_19.2507.57011.0_language-hi.msix\": Microsoft.MicrosoftOfficeHub_19.2507.57011.0_neutral_split.language-hi_8wekyb3d8bbwe \"OfficeApp_19.2507.57011.0_language-hr.msix\": Microsoft.MicrosoftOfficeHub_19.2507.57011.0_neutral_split.language-hr_8wekyb3d8bbwe \"OfficeApp_19.2507.57011.0_language-hu.msix\": Microsoft.MicrosoftOfficeHub_19.2507.57011.0_neutral_split.language-hu_8wekyb3d8bbwe \"OfficeApp_19.2507.57011.0_language-id.msix\": Microsoft.MicrosoftOfficeHub_19.2507.57011.0_neutral_split.language-id_8wekyb3d8bbwe \"OfficeApp_19.2507.57011.0_language-is.msix\": Microsoft.MicrosoftOfficeHub_19.2507.57011.0_neutral_split.language-is_8wekyb3d8bbwe \"OfficeApp_19.2507.57011.0_language-it.msix\": Microsoft.MicrosoftOfficeHub_19.2507.57011.0_neutral_split.language-it_8wekyb3d8bbwe \"OfficeApp_19.2507.57011.0_language-ja.msix\": Microsoft.MicrosoftOfficeHub_19.2507.57011.0_neutral_split.language-ja_8wekyb3d8bbwe \"OfficeApp_19.2507.57011.0_language-ka.msix\": Microsoft.MicrosoftOfficeHub_19.2507.57011.0_neutral_split.language-ka_8wekyb3d8bbwe \"OfficeApp_19.2507.57011.0_language-kk.msix\": Microsoft.MicrosoftOfficeHub_19.2507.57011.0_neutral_split.language-kk_8wekyb3d8bbwe \"OfficeApp_19.2507.57011.0_language-km.msix\": Microsoft.MicrosoftOfficeHub_19.2507.57011.0_neutral_split.language-km_8wekyb3d8bbwe \"OfficeApp_19.2507.57011.0_language-kn.msix\": Microsoft.MicrosoftOfficeHub_19.2507.57011.0_neutral_split.language-kn_8wekyb3d8bbwe \"OfficeApp_19.2507.57011.0_language-ko.msix\": Microsoft.MicrosoftOfficeHub_19.2507.57011.0_neutral_split.language-ko_8wekyb3d8bbwe \"OfficeApp_19.2507.57011.0_language-kok.msix\": Microsoft.MicrosoftOfficeHub_19.2507.57011.0_neutral_split.language-kok_8wekyb3d8bbwe \"OfficeApp_19.2507.57011.0_language-lb.msix\": Microsoft.MicrosoftOfficeHub_19.2507.57011.0_neutral_split.language-lb_8wekyb3d8bbwe \"OfficeApp_19.2507.57011.0_language-lo.msix\": Microsoft.MicrosoftOfficeHub_19.2507.57011.0_neutral_split.language-lo_8wekyb3d8bbwe \"OfficeApp_19.2507.57011.0_language-lt.msix\": Microsoft.MicrosoftOfficeHub_19.2507.57011.0_neutral_split.language-lt_8wekyb3d8bbwe \"OfficeApp_19.2507.57011.0_language-lv.msix\": Microsoft.MicrosoftOfficeHub_19.2507.57011.0_neutral_split.language-lv_8wekyb3d8bbwe \"OfficeApp_19.2507.57011.0_language-mi-latn.msix\": Microsoft.MicrosoftOfficeHub_19.2507.57011.0_neutral_split.language-mi-latn_8wekyb3d8bbwe \"OfficeApp_19.2507.57011.0_language-mk.msix\": Microsoft.MicrosoftOfficeHub_19.2507.57011.0_neutral_split.language-mk_8wekyb3d8bbwe \"OfficeApp_19.2507.57011.0_language-ml.msix\": Microsoft.MicrosoftOfficeHub_19.2507.57011.0_neutral_split.language-ml_8wekyb3d8bbwe \"OfficeApp_19.2507.57011.0_language-mr.msix\": Microsoft.MicrosoftOfficeHub_19.2507.57011.0_neutral_split.language-mr_8wekyb3d8bbwe \"OfficeApp_19.2507.57011.0_language-ms.msix\": Microsoft.MicrosoftOfficeHub_19.2507.57011.0_neutral_split.language-ms_8wekyb3d8bbwe \"OfficeApp_19.2507.57011.0_language-mt.msix\": Microsoft.MicrosoftOfficeHub_19.2507.57011.0_neutral_split.language-mt_8wekyb3d8bbwe \"OfficeApp_19.2507.57011.0_language-nb.msix\": Microsoft.MicrosoftOfficeHub_19.2507.57011.0_neutral_split.language-nb_8wekyb3d8bbwe \"OfficeApp_19.2507.57011.0_language-ne.msix\": Microsoft.MicrosoftOfficeHub_19.2507.57011.0_neutral_split.language-ne_8wekyb3d8bbwe \"OfficeApp_19.2507.57011.0_language-nl.msix\": Microsoft.MicrosoftOfficeHub_19.2507.57011.0_neutral_split.language-nl_8wekyb3d8bbwe \"OfficeApp_19.2507.57011.0_language-nn.msix\": Microsoft.MicrosoftOfficeHub_19.2507.57011.0_neutral_split.language-nn_8wekyb3d8bbwe \"OfficeApp_19.2507.57011.0_language-or.msix\": Microsoft.MicrosoftOfficeHub_19.2507.57011.0_neutral_split.language-or_8wekyb3d8bbwe \"OfficeApp_19.2507.57011.0_language-pa.msix\": Microsoft.MicrosoftOfficeHub_19.2507.57011.0_neutral_split.language-pa_8wekyb3d8bbwe \"OfficeApp_19.2507.57011.0_language-pl.msix\": Microsoft.MicrosoftOfficeHub_19.2507.57011.0_neutral_split.language-pl_8wekyb3d8bbwe \"OfficeApp_19.2507.57011.0_language-pt.msix\": Microsoft.MicrosoftOfficeHub_19.2507.57011.0_neutral_split.language-pt_8wekyb3d8bbwe \"OfficeApp_19.2507.57011.0_language-quz-latn.msix\": Microsoft.MicrosoftOfficeHub_19.2507.57011.0_neutral_split.language-quz-latn_8wekyb3d8bbwe \"OfficeApp_19.2507.57011.0_language-ro.msix\": Microsoft.MicrosoftOfficeHub_19.2507.57011.0_neutral_split.language-ro_8wekyb3d8bbwe \"OfficeApp_19.2507.57011.0_language-ru.msix\": Microsoft.MicrosoftOfficeHub_19.2507.57011.0_neutral_split.language-ru_8wekyb3d8bbwe \"OfficeApp_19.2507.57011.0_language-sk.msix\": Microsoft.MicrosoftOfficeHub_19.2507.57011.0_neutral_split.language-sk_8wekyb3d8bbwe \"OfficeApp_19.2507.57011.0_language-sl.msix\": Microsoft.MicrosoftOfficeHub_19.2507.57011.0_neutral_split.language-sl_8wekyb3d8bbwe \"OfficeApp_19.2507.57011.0_language-sq.msix\": Microsoft.MicrosoftOfficeHub_19.2507.57011.0_neutral_split.language-sq_8wekyb3d8bbwe \"OfficeApp_19.2507.57011.0_language-sr-cyrl.msix\": Microsoft.MicrosoftOfficeHub_19.2507.57011.0_neutral_split.language-sr-cyrl_8wekyb3d8bbwe \"OfficeApp_19.2507.57011.0_language-sr-latn.msix\": Microsoft.MicrosoftOfficeHub_19.2507.57011.0_neutral_split.language-sr-latn_8wekyb3d8bbwe \"OfficeApp_19.2507.57011.0_language-sv.msix\": Microsoft.MicrosoftOfficeHub_19.2507.57011.0_neutral_split.language-sv_8wekyb3d8bbwe \"OfficeApp_19.2507.57011.0_language-ta.msix\": Microsoft.MicrosoftOfficeHub_19.2507.57011.0_neutral_split.language-ta_8wekyb3d8bbwe \"OfficeApp_19.2507.57011.0_language-te.msix\": Microsoft.MicrosoftOfficeHub_19.2507.57011.0_neutral_split.language-te_8wekyb3d8bbwe \"OfficeApp_19.2507.57011.0_language-th.msix\": Microsoft.MicrosoftOfficeHub_19.2507.57011.0_neutral_split.language-th_8wekyb3d8bbwe \"OfficeApp_19.2507.57011.0_language-tr.msix\": Microsoft.MicrosoftOfficeHub_19.2507.57011.0_neutral_split.language-tr_8wekyb3d8bbwe \"OfficeApp_19.2507.57011.0_language-tt-cyrl.msix\": Microsoft.MicrosoftOfficeHub_19.2507.57011.0_neutral_split.language-tt-cyrl_8wekyb3d8bbwe \"OfficeApp_19.2507.57011.0_language-ug-arab.msix\": Microsoft.MicrosoftOfficeHub_19.2507.57011.0_neutral_split.language-ug-arab_8wekyb3d8bbwe \"OfficeApp_19.2507.57011.0_language-uk.msix\": Microsoft.MicrosoftOfficeHub_19.2507.57011.0_neutral_split.language-uk_8wekyb3d8bbwe \"OfficeApp_19.2507.57011.0_language-ur.msix\": Microsoft.MicrosoftOfficeHub_19.2507.57011.0_neutral_split.language-ur_8wekyb3d8bbwe \"OfficeApp_19.2507.57011.0_language-vi.msix\": Microsoft.MicrosoftOfficeHub_19.2507.57011.0_neutral_split.language-vi_8wekyb3d8bbwe \"OfficeApp_19.2507.57011.0_language-zh-hans.msix\": Microsoft.MicrosoftOfficeHub_19.2507.57011.0_neutral_split.language-zh-hans_8wekyb3d8bbwe \"OfficeApp_19.2507.57011.0_language-zh-hant.msix\": Microsoft.MicrosoftOfficeHub_19.2507.57011.0_neutral_split.language-zh-hant_8wekyb3d8bbwe \"OfficeApp_19.2507.57011.0_scale-100.msix\": Microsoft.MicrosoftOfficeHub_19.2507.57011.0_neutral_split.scale-100_8wekyb3d8bbwe \"OfficeApp_19.2507.57011.0_scale-125.msix\": Microsoft.MicrosoftOfficeHub_19.2507.57011.0_neutral_split.scale-125_8wekyb3d8bbwe \"OfficeApp_19.2507.57011.0_scale-140.msix\": Microsoft.MicrosoftOfficeHub_19.2507.57011.0_neutral_split.scale-140_8wekyb3d8bbwe \"OfficeApp_19.2507.57011.0_scale-150.msix\": Microsoft.MicrosoftOfficeHub_19.2507.57011.0_neutral_split.scale-150_8wekyb3d8bbwe \"OfficeApp_19.2507.57011.0_scale-180.msix\": Microsoft.MicrosoftOfficeHub_19.2507.57011.0_neutral_split.scale-180_8wekyb3d8bbwe \"OfficeApp_19.2507.57011.0_scale-300.msix\": Microsoft.MicrosoftOfficeHub_19.2507.57011.0_neutral_split.scale-300_8wekyb3d8bbwe \"OfficeApp_19.2507.57011.0_scale-400.msix\": Microsoft.MicrosoftOfficeHub_19.2507.57011.0_neutral_split.scale-400_8wekyb3d8bbwe"}
{"EventID": "854", "Channel": "Microsoft-Windows-AppXDeploymentServer/Operational", "Provider_Name": "Microsoft-Windows-AppXDeployment-Server", "Computer": "DESKTOP-OFJ6N53", "TimeCreated": "2025-07-30 23:37:17.377029+00:00", "RecordID": "114977", "Level": "4", "UserID": "S-1-5-18", "EventData.Path": "x-windowsupdate://5FE0EF94-F6AF-4D14-B1D1-C1B6EA407777/EAAC6C6B-10A4-4659-815B-44F151ECA61A/94cdafecbbf65bc088341ad46916eca485c9f985 x-windowsupdate://5FE0EF94-F6AF-4D14-B1D1-C1B6EA407777/EAAC6C6B-10A4-4659-815B-44F151ECA61A/94cdafecbbf65bc088341ad46916eca485c9f985\\OfficeApp_19.2507.57011.0_x64.msix x-windowsupdate://5FE0EF94-F6AF-4D14-B1D1-C1B6EA407777/EAAC6C6B-10A4-4659-815B-44F151ECA61A/94cdafecbbf65bc088341ad46916eca485c9f985\\OfficeApp_19.2507.57011.0_language-ru.msix x-windowsupdate://5FE0EF94-F6AF-4D14-B1D1-C1B6EA407777/EAAC6C6B-10A4-4659-815B-44F151ECA61A/94cdafecbbf65bc088341ad46916eca485c9f985\\OfficeApp_19.2507.57011.0_scale-100.msix x-windowsupdate://5FE0EF94-F6AF-4D14-B1D1-C1B6EA407777/EAAC6C6B-10A4-4659-815B-44F151ECA61A/94cdafecbbf65bc088341ad46916eca485c9f985\\OfficeApp_19.2507.57011.0_scale-125.msix"}
{"EventID": "1230", "Channel": "Microsoft-Windows-AppXDeploymentServer/Operational", "Provider_Name": "Microsoft-Windows-AppXDeployment-Server", "Computer": "DESKTOP-OFJ6N53", "TimeCreated": "2025-07-30 23:37:19.652596+00:00", "RecordID": "114978", "Level": "3", "UserID": "S-1-5-18", "EventData.Path": "\\Program Files\\WindowsApps\\MicrosoftWindows.CrossDevice_1.25032.52.0_x64__cw5n1h2txyewy\\Microsoft.DiaSymReader.Native.amd64.dll;\\Program Files\\WindowsApps\\MicrosoftWindows.CrossDevice_1.25032.52.0_x64__cw5n1h2txyewy\\msquic.dll;"}
{"EventID": "400", "Channel": "Microsoft-Windows-AppXDeploymentServer/Operational", "Provider_Name": "Microsoft-Windows-AppXDeployment-Server", "Computer": "DESKTOP-OFJ6N53", "TimeCreated": "2025-07-30 23:37:26.311026+00:00", "RecordID": "114979", "Level": "4", "UserID": "S-1-5-18", "EventData.DeploymentOperation": "4", "EventData.PackageFullName": "Microsoft.MicrosoftOfficeHub_2025.727.1811.0_neutral_~_8wekyb3d8bbwe", "EventData.Path": "(94cdafecbbf65bc088341ad46916eca485c9f985)", "EventData.MountPoint": "C:", "EventData.TargetPlatform": "0x00000003", "EventData.SystemVolume": "True", "EventData.StorageId": "\\\\?\\Volume{c33a8663-71a2-4031-8cec-c21914fe12ad}", "EventData.IsCentennial": "False", "EventData.PackageType": "0x00000008", "EventData.IsPackageEncrypted": "False", "EventData.DeploymentOptions": "0x0040008004000010", "EventData.IsStreamingPackage": "False", "EventData.IsInRelatedSet": "False", "EventData.IsPackageUsingBDC": "False", "EventData.MainPackageFamilyName": "NULL", "EventData.CallingProcess": "svchost.exe,wuauserv", "EventData.IsOptional": "False", "EventData.PackageFlags": "0x00000000", "EventData.PackageFlags2": "0x00000800", "EventData.HasWin32alacarte": "False", "EventData.HasFullTrust": "False", "EventData.ExternalLocation": null, "EventData.PackageSourceUri": "x-windowsupdate://5FE0EF94-F6AF-4D14-B1D1-C1B6EA407777/EAAC6C6B-10A4-4659-815B-44F151ECA61A/94cdafecbbf65bc088341ad46916eca485c9f985"}
