{"EventID": "1225", "Channel": "Microsoft-Windows-PushNotification-Platform/Operational", "Provider_Name": "Microsoft-Windows-PushNotifications-Platform", "Computer": "DESKTOP-OFJ6N53", "TimeCreated": "2025-08-26 05:59:27.595673+00:00", "RecordID": "3704970", "Level": "5", "UserID": "S-1-5-18", "EventData.Verb": "PNG", "EventData.TrID": "247", "EventData.Namespace": "CON", "EventData.CorrelationVector": "nn/6rhUrhUSKOnqY.247.0", "EventData.Bytes": "127", "EventData.Payload": "TVMtQ1Y6IG5uLzZyaFVyaFVTS09ucVkuMjQ3LjANCg0KPHBpbmctcmVzcG9uc2U+PHdhaXQ+NTA8L3dhaXQ+PGNvbm5lY3Rpb24tc3RhdHVzPkNvbm5lY3RlZDwvY29ubmVjdGlvbi1zdGF0dXM+PC9waW5nLXJlc3BvbnNlPg==", "EventData.ConnectionType": "1"}
{"EventID": "1268", "Channel": "Microsoft-Windows-PushNotification-Platform/Operational", "Provider_Name": "Microsoft-Windows-PushNotifications-Platform", "Computer": "DESKTOP-OFJ6N53", "TimeCreated": "2025-08-26 05:59:27.595675+00:00", "RecordID": "3704971", "Level": "5", "UserID": "S-1-5-18", "EventData.Verb": "PNG", "EventData.TrID": "247", "EventData.Namespace": "CON", "EventData.CorrelationVector": "nn/6rhUrhUSKOnqY.247.0", "EventData.Bytes": "127", "EventData.Payload": "UE5HIDI0NyBDT04AMTI3DQpNUy1DVjogbm4vNnJoVXJoVVNLT25xWS4yNDcuMA0KDQo8cGluZy1yZXNwb25zZT48d2FpdD41MDwvd2FpdD48Y29ubmVjdGlvbi1zdGF0dXM+Q29ubmVjdGVkPC9jb25uZWN0aW9uLXN0YXR1cw==", "EventData.ConnectionType": "1"}
{"EventID": "1223", "Channel": "Microsoft-Windows-PushNotification-Platform/Operational", "Provider_Name": "Microsoft-Windows-PushNotifications-Platform", "Computer": "DESKTOP-OFJ6N53", "TimeCreated": "2025-08-26 06:00:27.553949+00:00", "RecordID": "3704972", "Level": "5", "UserID": "S-1-5-18", "EventData.Verb": "PNG", "EventData.TrID": "248", "EventData.Namespace": "CON", "EventData.CorrelationVector": "nn/6rhUrhUSKOnqY.248", "EventData.Bytes": "29", "EventData.Payload": "Q29udGV4dDogMmM0YTc5ZWNkYTgzMjMyNA0KDQo=", "EventData.ConnectionType": "1"}
{"EventID": "1267", "Channel": "Microsoft-Windows-PushNotification-Platform/Operational", "Provider_Name": "Microsoft-Windows-PushNotifications-Platform", "Computer": "DESKTOP-OFJ6N53", "TimeCreated": "2025-08-26 06:00:27.553953+00:00", "RecordID": "3704973", "Level": "5", "UserID": "S-1-5-18", "EventData.Verb": "PNG", "EventData.TrID": "248", "EventData.Namespace": "CON", "EventData.CorrelationVector": "nn/6rhUrhUSKOnqY.248", "EventData.Bytes": "74", "EventData.Payload": "UE5HIDI0OCBDT04gNTgNCk1TLUNWOiBubi82cmhVcmhVU0tPbnFZLjI0OA0KQ29udGV4dDogMmM0YTc5ZWNkYTgzMjMyNA0KDQo=", "EventData.ConnectionType": "1"}
{"EventID": "1225", "Channel": "Microsoft-Windows-PushNotification-Platform/Operational", "Provider_Name": "Microsoft-Windows-PushNotifications-Platform", "Computer": "DESKTOP-OFJ6N53", "TimeCreated": "2025-08-26 06:00:27.600876+00:00", "RecordID": "3704974", "Level": "5", "UserID": "S-1-5-18", "EventData.Verb": "PNG", "EventData.TrID": "248", "EventData.Namespace": "CON", "EventData.CorrelationVector": "nn/6rhUrhUSKOnqY.248.0", "EventData.Bytes": "127", "EventData.Payload": "TVMtQ1Y6IG5uLzZyaFVyaFVTS09ucVkuMjQ4LjANCg0KPHBpbmctcmVzcG9uc2U+PHdhaXQ+NDg8L3dhaXQ+PGNvbm5lY3Rpb24tc3RhdHVzPkNvbm5lY3RlZDwvY29ubmVjdGlvbi1zdGF0dXM+PC9waW5nLXJlc3BvbnNlPg==", "EventData.ConnectionType": "1"}
{"EventID": "1268", "Channel": "Microsoft-Windows-PushNotification-Platform/Operational", "Provider_Name": "Microsoft-Windows-PushNotifications-Platform", "Computer": "DESKTOP-OFJ6N53", "TimeCreated": "2025-08-26 06:00:27.600878+00:00", "RecordID": "3704975", "Level": "5", "UserID": "S-1-5-18", "EventData.Verb": "PNG", "EventData.TrID": "248", "EventData.Namespace": "CON", "EventData.CorrelationVector": "nn/6rhUrhUSKOnqY.248.0", "EventData.Bytes": "127", "EventData.Payload": "UE5HIDI0OCBDT04AMTI3DQpNUy1DVjogbm4vNnJoVXJoVVNLT25xWS4yNDguMA0KDQo8cGluZy1yZXNwb25zZT48d2FpdD40ODwvd2FpdD48Y29ubmVjdGlvbi1zdGF0dXM+Q29ubmVjdGVkPC9jb25uZWN0aW9uLXN0YXR1cw==", "EventData.ConnectionType": "1"}
{"EventID": "1223", "Channel": "Microsoft-Windows-PushNotification-Platform/Operational", "Provider_Name": "Microsoft-Windows-PushNotifications-Platform", "Computer": "DESKTOP-OFJ6N53", "TimeCreated": "2025-08-26 06:01:27.558128+00:00", "RecordID": "3704976", "Level": "5", "UserID": "S-1-5-18", "EventData.Verb": "PNG", "EventData.TrID": "249", "EventData.Namespace": "CON", "EventData.CorrelationVector": "nn/6rhUrhUSKOnqY.249", "EventData.Bytes": "29", "EventData.Payload": "Q29udGV4dDogODc4YjQ4MTZmYTkzNGQxYQ0KDQo=", "EventData.ConnectionType": "1"}
{"EventID": "1267", "Channel": "Microsoft-Windows-PushNotification-Platform/Operational", "Provider_Name": "Microsoft-Windows-PushNotifications-Platform", "Computer": "DESKTOP-OFJ6N53", "TimeCreated": "2025-08-26 06:01:27.558132+00:00", "RecordID": "3704977", "Level": "5", "UserID": "S-1-5-18", "EventData.Verb": "PNG", "EventData.TrID": "249", "EventData.Namespace": "CON", "EventData.CorrelationVector": "nn/6rhUrhUSKOnqY.249", "EventData.Bytes": "74", "EventData.Payload": "UE5HIDI0OSBDT04gNTgNCk1TLUNWOiBubi82cmhVcmhVU0tPbnFZLjI0OQ0KQ29udGV4dDogODc4YjQ4MTZmYTkzNGQxYQ0KDQo=", "EventData.ConnectionType": "1"}
{"EventID": "1225", "Channel": "Microsoft-Windows-PushNotification-Platform/Operational", "Provider_Name": "Microsoft-Windows-PushNotifications-Platform", "Computer": "DESKTOP-OFJ6N53", "TimeCreated": "2025-08-26 06:01:27.605074+00:00", "RecordID": "3704978", "Level": "5", "UserID": "S-1-5-18", "EventData.Verb": "PNG", "EventData.TrID": "249", "EventData.Namespace": "CON", "EventData.CorrelationVector": "nn/6rhUrhUSKOnqY.249.0", "EventData.Bytes": "127", "EventData.Payload": "TVMtQ1Y6IG5uLzZyaFVyaFVTS09ucVkuMjQ5LjANCg0KPHBpbmctcmVzcG9uc2U+PHdhaXQ+NDk8L3dhaXQ+PGNvbm5lY3Rpb24tc3RhdHVzPkNvbm5lY3RlZDwvY29ubmVjdGlvbi1zdGF0dXM+PC9waW5nLXJlc3BvbnNlPg==", "EventData.ConnectionType": "1"}
{"EventID": "1268", "Channel": "Microsoft-Windows-PushNotification-Platform/Operational", "Provider_Name": "Microsoft-Windows-PushNotifications-Platform", "Computer": "DESKTOP-OFJ6N53", "TimeCreated": "2025-08-26 06:01:27.605076+00:00", "RecordID": "3704979", "Level": "5", "UserID": "S-1-5-18", "EventData.Verb": "PNG", "EventData.TrID": "249", "EventData.Namespace": "CON", "EventData.CorrelationVector": "nn/6rhUrhUSKOnqY.249.0", "EventData.Bytes": "127", "EventData.Payload": "UE5HIDI0OSBDT04AMTI3DQpNUy1DVjogbm4vNnJoVXJoVVNLT25xWS4yNDkuMA0KDQo8cGluZy1yZXNwb25zZT48d2FpdD40OTwvd2FpdD48Y29ubmVjdGlvbi1zdGF0dXM+Q29ubmVjdGVkPC9jb25uZWN0aW9uLXN0YXR1cw==", "EventData.ConnectionType": "1"}
{"EventID": "1223", "Channel": "Microsoft-Windows-PushNotification-Platform/Operational", "Provider_Name": "Microsoft-Windows-PushNotifications-Platform", "Computer": "DESKTOP-OFJ6N53", "TimeCreated": "2025-08-26 06:02:27.639233+00:00", "RecordID": "3704980", "Level": "5", "UserID": "S-1-5-18", "EventData.Verb": "PNG", "EventData.TrID": "250", "EventData.Namespace": "CON", "EventData.CorrelationVector": "nn/6rhUrhUSKOnqY.250", "EventData.Bytes": "29", "EventData.Payload": "Q29udGV4dDogZTFhZGFlNmZjYzg3OGM0MA0KDQo=", "EventData.ConnectionType": "1"}
{"EventID": "1267", "Channel": "Microsoft-Windows-PushNotification-Platform/Operational", "Provider_Name": "Microsoft-Windows-PushNotifications-Platform", "Computer": "DESKTOP-OFJ6N53", "TimeCreated": "2025-08-26 06:02:27.639235+00:00", "RecordID": "3704981", "Level": "5", "UserID": "S-1-5-18", "EventData.Verb": "PNG", "EventData.TrID": "250", "EventData.Namespace": "CON", "EventData.CorrelationVector": "nn/6rhUrhUSKOnqY.250", "EventData.Bytes": "74", "EventData.Payload": "UE5HIDI1MCBDT04gNTgNCk1TLUNWOiBubi82cmhVcmhVU0tPbnFZLjI1MA0KQ29udGV4dDogZTFhZGFlNmZjYzg3OGM0MA0KDQo=", "EventData.ConnectionType": "1"}
{"EventID": "1225", "Channel": "Microsoft-Windows-PushNotification-Platform/Operational", "Provider_Name": "Microsoft-Windows-PushNotifications-Platform", "Computer": "DESKTOP-OFJ6N53", "TimeCreated": "2025-08-26 06:02:27.736319+00:00", "RecordID": "3704982", "Level": "5", "UserID": "S-1-5-18", "EventData.Verb": "PNG", "EventData.TrID": "250", "EventData.Namespace": "CON", "EventData.CorrelationVector": "nn/6rhUrhUSKOnqY.250.0", "EventData.Bytes": "127", "EventData.Payload": "TVMtQ1Y6IG5uLzZyaFVyaFVTS09ucVkuMjUwLjANCg0KPHBpbmctcmVzcG9uc2U+PHdhaXQ+NDc8L3dhaXQ+PGNvbm5lY3Rpb24tc3RhdHVzPkNvbm5lY3RlZDwvY29ubmVjdGlvbi1zdGF0dXM+PC9waW5nLXJlc3BvbnNlPg==", "EventData.ConnectionType": "1"}
{"EventID": "1268", "Channel": "Microsoft-Windows-PushNotification-Platform/Operational", "Provider_Name": "Microsoft-Windows-PushNotifications-Platform", "Computer": "DESKTOP-OFJ6N53", "TimeCreated": "2025-08-26 06:02:27.736322+00:00", "RecordID": "3704983", "Level": "5", "UserID": "S-1-5-18", "EventData.Verb": "PNG", "EventData.TrID": "250", "EventData.Namespace": "CON", "EventData.CorrelationVector": "nn/6rhUrhUSKOnqY.250.0", "EventData.Bytes": "127", "EventData.Payload": "UE5HIDI1MCBDT04AMTI3DQpNUy1DVjogbm4vNnJoVXJoVVNLT25xWS4yNTAuMA0KDQo8cGluZy1yZXNwb25zZT48d2FpdD40Nzwvd2FpdD48Y29ubmVjdGlvbi1zdGF0dXM+Q29ubmVjdGVkPC9jb25uZWN0aW9uLXN0YXR1cw==", "EventData.ConnectionType": "1"}
{"EventID": "1223", "Channel": "Microsoft-Windows-PushNotification-Platform/Operational", "Provider_Name": "Microsoft-Windows-PushNotifications-Platform", "Computer": "DESKTOP-OFJ6N53", "TimeCreated": "2025-08-26 06:03:27.649014+00:00", "RecordID": "3704984", "Level": "5", "UserID": "S-1-5-18", "EventData.Verb": "PNG", "EventData.TrID": "251", "EventData.Namespace": "CON", "EventData.CorrelationVector": "nn/6rhUrhUSKOnqY.251", "EventData.Bytes": "29", "EventData.Payload": "Q29udGV4dDogMzBhMGZhMzAxZDQ4YTA2Mg0KDQo=", "EventData.ConnectionType": "1"}
{"EventID": "1267", "Channel": "Microsoft-Windows-PushNotification-Platform/Operational", "Provider_Name": "Microsoft-Windows-PushNotifications-Platform", "Computer": "DESKTOP-OFJ6N53", "TimeCreated": "2025-08-26 06:03:27.649014+00:00", "RecordID": "3704985", "Level": "5", "UserID": "S-1-5-18", "EventData.Verb": "PNG", "EventData.TrID": "251", "EventData.Namespace": "CON", "EventData.CorrelationVector": "nn/6rhUrhUSKOnqY.251", "EventData.Bytes": "74", "EventData.Payload": "UE5HIDI1MSBDT04gNTgNCk1TLUNWOiBubi82cmhVcmhVU0tPbnFZLjI1MQ0KQ29udGV4dDogMzBhMGZhMzAxZDQ4YTA2Mg0KDQo=", "EventData.ConnectionType": "1"}
{"EventID": "1225", "Channel": "Microsoft-Windows-PushNotification-Platform/Operational", "Provider_Name": "Microsoft-Windows-PushNotifications-Platform", "Computer": "DESKTOP-OFJ6N53", "TimeCreated": "2025-08-26 06:03:27.734152+00:00", "RecordID": "3704986", "Level": "5", "UserID": "S-1-5-18", "EventData.Verb": "PNG", "EventData.TrID": "251", "EventData.Namespace": "CON", "EventData.CorrelationVector": "nn/6rhUrhUSKOnqY.251.0", "EventData.Bytes": "127", "EventData.Payload": "TVMtQ1Y6IG5uLzZyaFVyaFVTS09ucVkuMjUxLjANCg0KPHBpbmctcmVzcG9uc2U+PHdhaXQ+NTE8L3dhaXQ+PGNvbm5lY3Rpb24tc3RhdHVzPkNvbm5lY3RlZDwvY29ubmVjdGlvbi1zdGF0dXM+PC9waW5nLXJlc3BvbnNlPg==", "EventData.ConnectionType": "1"}
{"EventID": "1268", "Channel": "Microsoft-Windows-PushNotification-Platform/Operational", "Provider_Name": "Microsoft-Windows-PushNotifications-Platform", "Computer": "DESKTOP-OFJ6N53", "TimeCreated": "2025-08-26 06:03:27.734154+00:00", "RecordID": "3704987", "Level": "5", "UserID": "S-1-5-18", "EventData.Verb": "PNG", "EventData.TrID": "251", "EventData.Namespace": "CON", "EventData.CorrelationVector": "nn/6rhUrhUSKOnqY.251.0", "EventData.Bytes": "127", "EventData.Payload": "UE5HIDI1MSBDT04AMTI3DQpNUy1DVjogbm4vNnJoVXJoVVNLT25xWS4yNTEuMA0KDQo8cGluZy1yZXNwb25zZT48d2FpdD41MTwvd2FpdD48Y29ubmVjdGlvbi1zdGF0dXM+Q29ubmVjdGVkPC9jb25uZWN0aW9uLXN0YXR1cw==", "EventData.ConnectionType": "1"}
{"EventID": "1223", "Channel": "Microsoft-Windows-PushNotification-Platform/Operational", "Provider_Name": "Microsoft-Windows-PushNotifications-Platform", "Computer": "DESKTOP-OFJ6N53", "TimeCreated": "2025-08-26 06:04:27.656487+00:00", "RecordID": "3704988", "Level": "5", "UserID": "S-1-5-18", "EventData.Verb": "PNG", "EventData.TrID": "252", "EventData.Namespace": "CON", "EventData.CorrelationVector": "nn/6rhUrhUSKOnqY.252", "EventData.Bytes": "29", "EventData.Payload": "Q29udGV4dDogZDIzZjk2YjEyNWZmMGMwYg0KDQo=", "EventData.ConnectionType": "1"}
{"EventID": "1267", "Channel": "Microsoft-Windows-PushNotification-Platform/Operational", "Provider_Name": "Microsoft-Windows-PushNotifications-Platform", "Computer": "DESKTOP-OFJ6N53", "TimeCreated": "2025-08-26 06:04:27.656488+00:00", "RecordID": "3704989", "Level": "5", "UserID": "S-1-5-18", "EventData.Verb": "PNG", "EventData.TrID": "252", "EventData.Namespace": "CON", "EventData.CorrelationVector": "nn/6rhUrhUSKOnqY.252", "EventData.Bytes": "74", "EventData.Payload": "UE5HIDI1MiBDT04gNTgNCk1TLUNWOiBubi82cmhVcmhVU0tPbnFZLjI1Mg0KQ29udGV4dDogZDIzZjk2YjEyNWZmMGMwYg0KDQo=", "EventData.ConnectionType": "1"}
{"EventID": "1225", "Channel": "Microsoft-Windows-PushNotification-Platform/Operational", "Provider_Name": "Microsoft-Windows-PushNotifications-Platform", "Computer": "DESKTOP-OFJ6N53", "TimeCreated": "2025-08-26 06:04:27.703506+00:00", "RecordID": "3704990", "Level": "5", "UserID": "S-1-5-18", "EventData.Verb": "PNG", "EventData.TrID": "252", "EventData.Namespace": "CON", "EventData.CorrelationVector": "nn/6rhUrhUSKOnqY.252.0", "EventData.Bytes": "127", "EventData.Payload": "TVMtQ1Y6IG5uLzZyaFVyaFVTS09ucVkuMjUyLjANCg0KPHBpbmctcmVzcG9uc2U+PHdhaXQ+NDY8L3dhaXQ+PGNvbm5lY3Rpb24tc3RhdHVzPkNvbm5lY3RlZDwvY29ubmVjdGlvbi1zdGF0dXM+PC9waW5nLXJlc3BvbnNlPg==", "EventData.ConnectionType": "1"}
{"EventID": "1268", "Channel": "Microsoft-Windows-PushNotification-Platform/Operational", "Provider_Name": "Microsoft-Windows-PushNotifications-Platform", "Computer": "DESKTOP-OFJ6N53", "TimeCreated": "2025-08-26 06:04:27.703508+00:00", "RecordID": "3704991", "Level": "5", "UserID": "S-1-5-18", "EventData.Verb": "PNG", "EventData.TrID": "252", "EventData.Namespace": "CON", "EventData.CorrelationVector": "nn/6rhUrhUSKOnqY.252.0", "EventData.Bytes": "127", "EventData.Payload": "UE5HIDI1MiBDT04AMTI3DQpNUy1DVjogbm4vNnJoVXJoVVNLT25xWS4yNTIuMA0KDQo8cGluZy1yZXNwb25zZT48d2FpdD40Njwvd2FpdD48Y29ubmVjdGlvbi1zdGF0dXM+Q29ubmVjdGVkPC9jb25uZWN0aW9uLXN0YXR1cw==", "EventData.ConnectionType": "1"}
{"EventID": "1223", "Channel": "Microsoft-Windows-PushNotification-Platform/Operational", "Provider_Name": "Microsoft-Windows-PushNotifications-Platform", "Computer": "DESKTOP-OFJ6N53", "TimeCreated": "2025-08-26 06:05:27.661020+00:00", "RecordID": "3704992", "Level": "5", "UserID": "S-1-5-18", "EventData.Verb": "PNG", "EventData.TrID": "253", "EventData.Namespace": "CON", "EventData.CorrelationVector": "nn/6rhUrhUSKOnqY.253", "EventData.Bytes": "29", "EventData.Payload": "Q29udGV4dDogYmM5YTQ3NDE0MTIxMjdkNA0KDQo=", "EventData.ConnectionType": "1"}
{"EventID": "1267", "Channel": "Microsoft-Windows-PushNotification-Platform/Operational", "Provider_Name": "Microsoft-Windows-PushNotifications-Platform", "Computer": "DESKTOP-OFJ6N53", "TimeCreated": "2025-08-26 06:05:27.661022+00:00", "RecordID": "3704993", "Level": "5", "UserID": "S-1-5-18", "EventData.Verb": "PNG", "EventData.TrID": "253", "EventData.Namespace": "CON", "EventData.CorrelationVector": "nn/6rhUrhUSKOnqY.253", "EventData.Bytes": "74", "EventData.Payload": "UE5HIDI1MyBDT04gNTgNCk1TLUNWOiBubi82cmhVcmhVU0tPbnFZLjI1Mw0KQ29udGV4dDogYmM5YTQ3NDE0MTIxMjdkNA0KDQo=", "EventData.ConnectionType": "1"}
{"EventID": "1225", "Channel": "Microsoft-Windows-PushNotification-Platform/Operational", "Provider_Name": "Microsoft-Windows-PushNotifications-Platform", "Computer": "DESKTOP-OFJ6N53", "TimeCreated": "2025-08-26 06:05:27.709831+00:00", "RecordID": "3704994", "Level": "5", "UserID": "S-1-5-18", "EventData.Verb": "PNG", "EventData.TrID": "253", "EventData.Namespace": "CON", "EventData.CorrelationVector": "nn/6rhUrhUSKOnqY.253.0", "EventData.Bytes": "127", "EventData.Payload": "TVMtQ1Y6IG5uLzZyaFVyaFVTS09ucVkuMjUzLjANCg0KPHBpbmctcmVzcG9uc2U+PHdhaXQ+NDc8L3dhaXQ+PGNvbm5lY3Rpb24tc3RhdHVzPkNvbm5lY3RlZDwvY29ubmVjdGlvbi1zdGF0dXM+PC9waW5nLXJlc3BvbnNlPg==", "EventData.ConnectionType": "1"}
{"EventID": "1268", "Channel": "Microsoft-Windows-PushNotification-Platform/Operational", "Provider_Name": "Microsoft-Windows-PushNotifications-Platform", "Computer": "DESKTOP-OFJ6N53", "TimeCreated": "2025-08-26 06:05:27.709833+00:00", "RecordID": "3704995", "Level": "5", "UserID": "S-1-5-18", "EventData.Verb": "PNG", "EventData.TrID": "253", "EventData.Namespace": "CON", "EventData.CorrelationVector": "nn/6rhUrhUSKOnqY.253.0", "EventData.Bytes": "127", "EventData.Payload": "UE5HIDI1MyBDT04AMTI3DQpNUy1DVjogbm4vNnJoVXJoVVNLT25xWS4yNTMuMA0KDQo8cGluZy1yZXNwb25zZT48d2FpdD40Nzwvd2FpdD48Y29ubmVjdGlvbi1zdGF0dXM+Q29ubmVjdGVkPC9jb25uZWN0aW9uLXN0YXR1cw==", "EventData.ConnectionType": "1"}
{"EventID": "1223", "Channel": "Microsoft-Windows-PushNotification-Platform/Operational", "Provider_Name": "Microsoft-Windows-PushNotifications-Platform", "Computer": "DESKTOP-OFJ6N53", "TimeCreated": "2025-08-26 06:06:27.670399+00:00", "RecordID": "3704996", "Level": "5", "UserID": "S-1-5-18", "EventData.Verb": "PNG", "EventData.TrID": "254", "EventData.Namespace": "CON", "EventData.CorrelationVector": "nn/6rhUrhUSKOnqY.254", "EventData.Bytes": "29", "EventData.Payload": "Q29udGV4dDogMjZkOTZmODM0NzhiY2I3Ng0KDQo=", "EventData.ConnectionType": "1"}
{"EventID": "1267", "Channel": "Microsoft-Windows-PushNotification-Platform/Operational", "Provider_Name": "Microsoft-Windows-PushNotifications-Platform", "Computer": "DESKTOP-OFJ6N53", "TimeCreated": "2025-08-26 06:06:27.670399+00:00", "RecordID": "3704997", "Level": "5", "UserID": "S-1-5-18", "EventData.Verb": "PNG", "EventData.TrID": "254", "EventData.Namespace": "CON", "EventData.CorrelationVector": "nn/6rhUrhUSKOnqY.254", "EventData.Bytes": "74", "EventData.Payload": "UE5HIDI1NCBDT04gNTgNCk1TLUNWOiBubi82cmhVcmhVU0tPbnFZLjI1NA0KQ29udGV4dDogMjZkOTZmODM0NzhiY2I3Ng0KDQo=", "EventData.ConnectionType": "1"}
{"EventID": "1225", "Channel": "Microsoft-Windows-PushNotification-Platform/Operational", "Provider_Name": "Microsoft-Windows-PushNotifications-Platform", "Computer": "DESKTOP-OFJ6N53", "TimeCreated": "2025-08-26 06:06:27.771528+00:00", "RecordID": "3704998", "Level": "5", "UserID": "S-1-5-18", "EventData.Verb": "PNG", "EventData.TrID": "254", "EventData.Namespace": "CON", "EventData.CorrelationVector": "nn/6rhUrhUSKOnqY.254.0", "EventData.Bytes": "127", "EventData.Payload": "TVMtQ1Y6IG5uLzZyaFVyaFVTS09ucVkuMjU0LjANCg0KPHBpbmctcmVzcG9uc2U+PHdhaXQ+NDI8L3dhaXQ+PGNvbm5lY3Rpb24tc3RhdHVzPkNvbm5lY3RlZDwvY29ubmVjdGlvbi1zdGF0dXM+PC9waW5nLXJlc3BvbnNlPg==", "EventData.ConnectionType": "1"}
{"EventID": "1268", "Channel": "Microsoft-Windows-PushNotification-Platform/Operational", "Provider_Name": "Microsoft-Windows-PushNotifications-Platform", "Computer": "DESKTOP-OFJ6N53", "TimeCreated": "2025-08-26 06:06:27.771528+00:00", "RecordID": "3704999", "Level": "5", "UserID": "S-1-5-18", "EventData.Verb": "PNG", "EventData.TrID": "254", "EventData.Namespace": "CON", "EventData.CorrelationVector": "nn/6rhUrhUSKOnqY.254.0", "EventData.Bytes": "127", "EventData.Payload": "UE5HIDI1NCBDT04AMTI3DQpNUy1DVjogbm4vNnJoVXJoVVNLT25xWS4yNTQuMA0KDQo8cGluZy1yZXNwb25zZT48d2FpdD40Mjwvd2FpdD48Y29ubmVjdGlvbi1zdGF0dXM+Q29ubmVjdGVkPC9jb25uZWN0aW9uLXN0YXR1cw==", "EventData.ConnectionType": "1"}
{"EventID": "1223", "Channel": "Microsoft-Windows-PushNotification-Platform/Operational", "Provider_Name": "Microsoft-Windows-PushNotifications-Platform", "Computer": "DESKTOP-OFJ6N53", "TimeCreated": "2025-08-26 06:07:27.681982+00:00", "RecordID": "3705000", "Level": "5", "UserID": "S-1-5-18", "EventData.Verb": "PNG", "EventData.TrID": "255", "EventData.Namespace": "CON", "EventData.CorrelationVector": "nn/6rhUrhUSKOnqY.255", "EventData.Bytes": "28", "EventData.Payload": "Q29udGV4dDogMmQ1MzllMmRlZDBkYjVlDQoNCg==", "EventData.ConnectionType": "1"}
{"EventID": "1267", "Channel": "Microsoft-Windows-PushNotification-Platform/Operational", "Provider_Name": "Microsoft-Windows-PushNotifications-Platform", "Computer": "DESKTOP-OFJ6N53", "TimeCreated": "2025-08-26 06:07:27.681984+00:00", "RecordID": "3705001", "Level": "5", "UserID": "S-1-5-18", "EventData.Verb": "PNG", "EventData.TrID": "255", "EventData.Namespace": "CON", "EventData.CorrelationVector": "nn/6rhUrhUSKOnqY.255", "EventData.Bytes": "73", "EventData.Payload": "UE5HIDI1NSBDT04gNTcNCk1TLUNWOiBubi82cmhVcmhVU0tPbnFZLjI1NQ0KQ29udGV4dDogMmQ1MzllMmRlZDBkYjVlDQoNCg==", "EventData.ConnectionType": "1"}
{"EventID": "1225", "Channel": "Microsoft-Windows-PushNotification-Platform/Operational", "Provider_Name": "Microsoft-Windows-PushNotifications-Platform", "Computer": "DESKTOP-OFJ6N53", "TimeCreated": "2025-08-26 06:07:27.728861+00:00", "RecordID": "3705002", "Level": "5", "UserID": "S-1-5-18", "EventData.Verb": "PNG", "EventData.TrID": "255", "EventData.Namespace": "CON", "EventData.CorrelationVector": "nn/6rhUrhUSKOnqY.255.0", "EventData.Bytes": "127", "EventData.Payload": "TVMtQ1Y6IG5uLzZyaFVyaFVTS09ucVkuMjU1LjANCg0KPHBpbmctcmVzcG9uc2U+PHdhaXQ+NDI8L3dhaXQ+PGNvbm5lY3Rpb24tc3RhdHVzPkNvbm5lY3RlZDwvY29ubmVjdGlvbi1zdGF0dXM+PC9waW5nLXJlc3BvbnNlPg==", "EventData.ConnectionType": "1"}
{"EventID": "1268", "Channel": "Microsoft-Windows-PushNotification-Platform/Operational", "Provider_Name": "Microsoft-Windows-PushNotifications-Platform", "Computer": "DESKTOP-OFJ6N53", "TimeCreated": "2025-08-26 06:07:27.728863+00:00", "RecordID": "3705003", "Level": "5", "UserID": "S-1-5-18", "EventData.Verb": "PNG", "EventData.TrID": "255", "EventData.Namespace": "CON", "EventData.CorrelationVector": "nn/6rhUrhUSKOnqY.255.0", "EventData.Bytes": "127", "EventData.Payload": "UE5HIDI1NSBDT04AMTI3DQpNUy1DVjogbm4vNnJoVXJoVVNLT25xWS4yNTUuMA0KDQo8cGluZy1yZXNwb25zZT48d2FpdD40Mjwvd2FpdD48Y29ubmVjdGlvbi1zdGF0dXM+Q29ubmVjdGVkPC9jb25uZWN0aW9uLXN0YXR1cw==", "EventData.ConnectionType": "1"}
{"EventID": "1223", "Channel": "Microsoft-Windows-PushNotification-Platform/Operational", "Provider_Name": "Microsoft-Windows-PushNotifications-Platform", "Computer": "DESKTOP-OFJ6N53", "TimeCreated": "2025-08-26 06:08:27.688162+00:00", "RecordID": "3705004", "Level": "5", "UserID": "S-1-5-18", "EventData.Verb": "PNG", "EventData.TrID": "256", "EventData.Namespace": "CON", "EventData.CorrelationVector": "nn/6rhUrhUSKOnqY.256", "EventData.Bytes": "29", "EventData.Payload": "Q29udGV4dDogMTMzZTM5MDMzMGJkODY1MA0KDQo=", "EventData.ConnectionType": "1"}
{"EventID": "1267", "Channel": "Microsoft-Windows-PushNotification-Platform/Operational", "Provider_Name": "Microsoft-Windows-PushNotifications-Platform", "Computer": "DESKTOP-OFJ6N53", "TimeCreated": "2025-08-26 06:08:27.688166+00:00", "RecordID": "3705005", "Level": "5", "UserID": "S-1-5-18", "EventData.Verb": "PNG", "EventData.TrID": "256", "EventData.Namespace": "CON", "EventData.CorrelationVector": "nn/6rhUrhUSKOnqY.256", "EventData.Bytes": "74", "EventData.Payload": "UE5HIDI1NiBDT04gNTgNCk1TLUNWOiBubi82cmhVcmhVU0tPbnFZLjI1Ng0KQ29udGV4dDogMTMzZTM5MDMzMGJkODY1MA0KDQo=", "EventData.ConnectionType": "1"}
{"EventID": "1225", "Channel": "Microsoft-Windows-PushNotification-Platform/Operational", "Provider_Name": "Microsoft-Windows-PushNotifications-Platform", "Computer": "DESKTOP-OFJ6N53", "TimeCreated": "2025-08-26 06:08:27.735355+00:00", "RecordID": "3705006", "Level": "5", "UserID": "S-1-5-18", "EventData.Verb": "PNG", "EventData.TrID": "256", "EventData.Namespace": "CON", "EventData.CorrelationVector": "nn/6rhUrhUSKOnqY.256.0", "EventData.Bytes": "127", "EventData.Payload": "TVMtQ1Y6IG5uLzZyaFVyaFVTS09ucVkuMjU2LjANCg0KPHBpbmctcmVzcG9uc2U+PHdhaXQ+NDU8L3dhaXQ+PGNvbm5lY3Rpb24tc3RhdHVzPkNvbm5lY3RlZDwvY29ubmVjdGlvbi1zdGF0dXM+PC9waW5nLXJlc3BvbnNlPg==", "EventData.ConnectionType": "1"}
{"EventID": "1268", "Channel": "Microsoft-Windows-PushNotification-Platform/Operational", "Provider_Name": "Microsoft-Windows-PushNotifications-Platform", "Computer": "DESKTOP-OFJ6N53", "TimeCreated": "2025-08-26 06:08:27.735357+00:00", "RecordID": "3705007", "Level": "5", "UserID": "S-1-5-18", "EventData.Verb": "PNG", "EventData.TrID": "256", "EventData.Namespace": "CON", "EventData.CorrelationVector": "nn/6rhUrhUSKOnqY.256.0", "EventData.Bytes": "127", "EventData.Payload": "UE5HIDI1NiBDT04AMTI3DQpNUy1DVjogbm4vNnJoVXJoVVNLT25xWS4yNTYuMA0KDQo8cGluZy1yZXNwb25zZT48d2FpdD40NTwvd2FpdD48Y29ubmVjdGlvbi1zdGF0dXM+Q29ubmVjdGVkPC9jb25uZWN0aW9uLXN0YXR1cw==", "EventData.ConnectionType": "1"}
{"EventID": "1223", "Channel": "Microsoft-Windows-PushNotification-Platform/Operational", "Provider_Name": "Microsoft-Windows-PushNotifications-Platform", "Computer": "DESKTOP-OFJ6N53", "TimeCreated": "2025-08-26 06:09:27.856670+00:00", "RecordID": "3705008", "Level": "5", "UserID": "S-1-5-18", "EventData.Verb": "PNG", "EventData.TrID": "257", "EventData.Namespace": "CON", "EventData.CorrelationVector": "nn/6rhUrhUSKOnqY.257", "EventData.Bytes": "29", "EventData.Payload": "Q29udGV4dDogMWVmOTFlMWQxZGJkMzVkNw0KDQo=", "EventData.ConnectionType": "1"}
{"EventID": "1267", "Channel": "Microsoft-Windows-PushNotification-Platform/Operational", "Provider_Name": "Microsoft-Windows-PushNotifications-Platform", "Computer": "DESKTOP-OFJ6N53", "TimeCreated": "2025-08-26 06:09:27.856672+00:00", "RecordID": "3705009", "Level": "5", "UserID": "S-1-5-18", "EventData.Verb": "PNG", "EventData.TrID": "257", "EventData.Namespace": "CON", "EventData.CorrelationVector": "nn/6rhUrhUSKOnqY.257", "EventData.Bytes": "74", "EventData.Payload": "UE5HIDI1NyBDT04gNTgNCk1TLUNWOiBubi82cmhVcmhVU0tPbnFZLjI1Nw0KQ29udGV4dDogMWVmOTFlMWQxZGJkMzVkNw0KDQo=", "EventData.ConnectionType": "1"}
{"EventID": "1225", "Channel": "Microsoft-Windows-PushNotification-Platform/Operational", "Provider_Name": "Microsoft-Windows-PushNotifications-Platform", "Computer": "DESKTOP-OFJ6N53", "TimeCreated": "2025-08-26 06:09:27.903687+00:00", "RecordID": "3705010", "Level": "5", "UserID": "S-1-5-18", "EventData.Verb": "PNG", "EventData.TrID": "257", "EventData.Namespace": "CON", "EventData.CorrelationVector": "nn/6rhUrhUSKOnqY.257.0", "EventData.Bytes": "127", "EventData.Payload": "TVMtQ1Y6IG5uLzZyaFVyaFVTS09ucVkuMjU3LjANCg0KPHBpbmctcmVzcG9uc2U+PHdhaXQ+NDc8L3dhaXQ+PGNvbm5lY3Rpb24tc3RhdHVzPkNvbm5lY3RlZDwvY29ubmVjdGlvbi1zdGF0dXM+PC9waW5nLXJlc3BvbnNlPg==", "EventData.ConnectionType": "1"}
{"EventID": "1268", "Channel": "Microsoft-Windows-PushNotification-Platform/Operational", "Provider_Name": "Microsoft-Windows-PushNotifications-Platform", "Computer": "DESKTOP-OFJ6N53", "TimeCreated": "2025-08-26 06:09:27.903690+00:00", "RecordID": "3705011", "Level": "5", "UserID": "S-1-5-18", "EventData.Verb": "PNG", "EventData.TrID": "257", "EventData.Namespace": "CON", "EventData.CorrelationVector": "nn/6rhUrhUSKOnqY.257.0", "EventData.Bytes": "127", "EventData.Payload": "UE5HIDI1NyBDT04AMTI3DQpNUy1DVjogbm4vNnJoVXJoVVNLT25xWS4yNTcuMA0KDQo8cGluZy1yZXNwb25zZT48d2FpdD40Nzwvd2FpdD48Y29ubmVjdGlvbi1zdGF0dXM+Q29ubmVjdGVkPC9jb25uZWN0aW9uLXN0YXR1cw==", "EventData.ConnectionType": "1"}
{"EventID": "1223", "Channel": "Microsoft-Windows-PushNotification-Platform/Operational", "Provider_Name": "Microsoft-Windows-PushNotifications-Platform", "Computer": "DESKTOP-OFJ6N53", "TimeCreated": "2025-08-26 06:10:27.859428+00:00", "RecordID": "3705012", "Level": "5", "UserID": "S-1-5-18", "EventData.Verb": "PNG", "EventData.TrID": "258", "EventData.Namespace": "CON", "EventData.CorrelationVector": "nn/6rhUrhUSKOnqY.258", "EventData.Bytes": "29", "EventData.Payload": "Q29udGV4dDogMTM4YWYyNmViMDlkZWVlMA0KDQo=", "EventData.ConnectionType": "1"}
{"EventID": "1267", "Channel": "Microsoft-Windows-PushNotification-Platform/Operational", "Provider_Name": "Microsoft-Windows-PushNotifications-Platform", "Computer": "DESKTOP-OFJ6N53", "TimeCreated": "2025-08-26 06:10:27.859428+00:00", "RecordID": "3705013", "Level": "5", "UserID": "S-1-5-18", "EventData.Verb": "PNG", "EventData.TrID": "258", "EventData.Namespace": "CON", "EventData.CorrelationVector": "nn/6rhUrhUSKOnqY.258", "EventData.Bytes": "74", "EventData.Payload": "UE5HIDI1OCBDT04gNTgNCk1TLUNWOiBubi82cmhVcmhVU0tPbnFZLjI1OA0KQ29udGV4dDogMTM4YWYyNmViMDlkZWVlMA0KDQo=", "EventData.ConnectionType": "1"}
{"EventID": "1225", "Channel": "Microsoft-Windows-PushNotification-Platform/Operational", "Provider_Name": "Microsoft-Windows-PushNotifications-Platform", "Computer": "DESKTOP-OFJ6N53", "TimeCreated": "2025-08-26 06:10:27.909227+00:00", "RecordID": "3705014", "Level": "5", "UserID": "S-1-5-18", "EventData.Verb": "PNG", "EventData.TrID": "258", "EventData.Namespace": "CON", "EventData.CorrelationVector": "nn/6rhUrhUSKOnqY.258.0", "EventData.Bytes": "127", "EventData.Payload": "TVMtQ1Y6IG5uLzZyaFVyaFVTS09ucVkuMjU4LjANCg0KPHBpbmctcmVzcG9uc2U+PHdhaXQ+NDQ8L3dhaXQ+PGNvbm5lY3Rpb24tc3RhdHVzPkNvbm5lY3RlZDwvY29ubmVjdGlvbi1zdGF0dXM+PC9waW5nLXJlc3BvbnNlPg==", "EventData.ConnectionType": "1"}
{"EventID": "1268", "Channel": "Microsoft-Windows-PushNotification-Platform/Operational", "Provider_Name": "Microsoft-Windows-PushNotifications-Platform", "Computer": "DESKTOP-OFJ6N53", "TimeCreated": "2025-08-26 06:10:27.909229+00:00", "RecordID": "3705015", "Level": "5", "UserID": "S-1-5-18", "EventData.Verb": "PNG", "EventData.TrID": "258", "EventData.Namespace": "CON", "EventData.CorrelationVector": "nn/6rhUrhUSKOnqY.258.0", "EventData.Bytes": "127", "EventData.Payload": "UE5HIDI1OCBDT04AMTI3DQpNUy1DVjogbm4vNnJoVXJoVVNLT25xWS4yNTguMA0KDQo8cGluZy1yZXNwb25zZT48d2FpdD40NDwvd2FpdD48Y29ubmVjdGlvbi1zdGF0dXM+Q29ubmVjdGVkPC9jb25uZWN0aW9uLXN0YXR1cw==", "EventData.ConnectionType": "1"}
{"EventID": "1223", "Channel": "Microsoft-Windows-PushNotification-Platform/Operational", "Provider_Name": "Microsoft-Windows-PushNotifications-Platform", "Computer": "DESKTOP-OFJ6N53", "TimeCreated": "2025-08-26 06:11:27.904522+00:00", "RecordID": "3705016", "Level": "5", "UserID": "S-1-5-18", "EventData.Verb": "PNG", "EventData.TrID": "259", "EventData.Namespace": "CON", "EventData.CorrelationVector": "nn/6rhUrhUSKOnqY.259", "EventData.Bytes": "27", "EventData.Payload": "Q29udGV4dDogYzU5YzRkNjMyOTk4OGQNCg0K", "EventData.ConnectionType": "1"}
{"EventID": "1267", "Channel": "Microsoft-Windows-PushNotification-Platform/Operational", "Provider_Name": "Microsoft-Windows-PushNotifications-Platform", "Computer": "DESKTOP-OFJ6N53", "TimeCreated": "2025-08-26 06:11:27.904524+00:00", "RecordID": "3705017", "Level": "5", "UserID": "S-1-5-18", "EventData.Verb": "PNG", "EventData.TrID": "259", "EventData.Namespace": "CON", "EventData.CorrelationVector": "nn/6rhUrhUSKOnqY.259", "EventData.Bytes": "72", "EventData.Payload": "UE5HIDI1OSBDT04gNTYNCk1TLUNWOiBubi82cmhVcmhVU0tPbnFZLjI1OQ0KQ29udGV4dDogYzU5YzRkNjMyOTk4OGQNCg0K", "EventData.ConnectionType": "1"}
{"EventID": "1225", "Channel": "Microsoft-Windows-PushNotification-Platform/Operational", "Provider_Name": "Microsoft-Windows-PushNotifications-Platform", "Computer": "DESKTOP-OFJ6N53", "TimeCreated": "2025-08-26 06:11:27.951899+00:00", "RecordID": "3705018", "Level": "5", "UserID": "S-1-5-18", "EventData.Verb": "PNG", "EventData.TrID": "259", "EventData.Namespace": "CON", "EventData.CorrelationVector": "nn/6rhUrhUSKOnqY.259.0", "EventData.Bytes": "127", "EventData.Payload": "TVMtQ1Y6IG5uLzZyaFVyaFVTS09ucVkuMjU5LjANCg0KPHBpbmctcmVzcG9uc2U+PHdhaXQ+NDQ8L3dhaXQ+PGNvbm5lY3Rpb24tc3RhdHVzPkNvbm5lY3RlZDwvY29ubmVjdGlvbi1zdGF0dXM+PC9waW5nLXJlc3BvbnNlPg==", "EventData.ConnectionType": "1"}
{"EventID": "1268", "Channel": "Microsoft-Windows-PushNotification-Platform/Operational", "Provider_Name": "Microsoft-Windows-PushNotifications-Platform", "Computer": "DESKTOP-OFJ6N53", "TimeCreated": "2025-08-26 06:11:27.951900+00:00", "RecordID": "3705019", "Level": "5", "UserID": "S-1-5-18", "EventData.Verb": "PNG", "EventData.TrID": "259", "EventData.Namespace": "CON", "EventData.CorrelationVector": "nn/6rhUrhUSKOnqY.259.0", "EventData.Bytes": "127", "EventData.Payload": "UE5HIDI1OSBDT04AMTI3DQpNUy1DVjogbm4vNnJoVXJoVVNLT25xWS4yNTkuMA0KDQo8cGluZy1yZXNwb25zZT48d2FpdD40NDwvd2FpdD48Y29ubmVjdGlvbi1zdGF0dXM+Q29ubmVjdGVkPC9jb25uZWN0aW9uLXN0YXR1cw==", "EventData.ConnectionType": "1"}
{"EventID": "1223", "Channel": "Microsoft-Windows-PushNotification-Platform/Operational", "Provider_Name": "Microsoft-Windows-PushNotifications-Platform", "Computer": "DESKTOP-OFJ6N53", "TimeCreated": "2025-08-26 06:12:27.913214+00:00", "RecordID": "3705020", "Level": "5", "UserID": "S-1-5-18", "EventData.Verb": "PNG", "EventData.TrID": "260", "EventData.Namespace": "CON", "EventData.CorrelationVector": "nn/6rhUrhUSKOnqY.260", "EventData.Bytes": "29", "EventData.Payload": "Q29udGV4dDogMTQ2MTAzYzAxMTBiMDYyZQ0KDQo=", "EventData.ConnectionType": "1"}
{"EventID": "1267", "Channel": "Microsoft-Windows-PushNotification-Platform/Operational", "Provider_Name": "Microsoft-Windows-PushNotifications-Platform", "Computer": "DESKTOP-OFJ6N53", "TimeCreated": "2025-08-26 06:12:27.913216+00:00", "RecordID": "3705021", "Level": "5", "UserID": "S-1-5-18", "EventData.Verb": "PNG", "EventData.TrID": "260", "EventData.Namespace": "CON", "EventData.CorrelationVector": "nn/6rhUrhUSKOnqY.260", "EventData.Bytes": "74", "EventData.Payload": "UE5HIDI2MCBDT04gNTgNCk1TLUNWOiBubi82cmhVcmhVU0tPbnFZLjI2MA0KQ29udGV4dDogMTQ2MTAzYzAxMTBiMDYyZQ0KDQo=", "EventData.ConnectionType": "1"}
{"EventID": "1225", "Channel": "Microsoft-Windows-PushNotification-Platform/Operational", "Provider_Name": "Microsoft-Windows-PushNotifications-Platform", "Computer": "DESKTOP-OFJ6N53", "TimeCreated": "2025-08-26 06:12:27.960197+00:00", "RecordID": "3705022", "Level": "5", "UserID": "S-1-5-18", "EventData.Verb": "PNG", "EventData.TrID": "260", "EventData.Namespace": "CON", "EventData.CorrelationVector": "nn/6rhUrhUSKOnqY.260.0", "EventData.Bytes": "127", "EventData.Payload": "TVMtQ1Y6IG5uLzZyaFVyaFVTS09ucVkuMjYwLjANCg0KPHBpbmctcmVzcG9uc2U+PHdhaXQ+NDU8L3dhaXQ+PGNvbm5lY3Rpb24tc3RhdHVzPkNvbm5lY3RlZDwvY29ubmVjdGlvbi1zdGF0dXM+PC9waW5nLXJlc3BvbnNlPg==", "EventData.ConnectionType": "1"}
{"EventID": "1268", "Channel": "Microsoft-Windows-PushNotification-Platform/Operational", "Provider_Name": "Microsoft-Windows-PushNotifications-Platform", "Computer": "DESKTOP-OFJ6N53", "TimeCreated": "2025-08-26 06:12:27.960199+00:00", "RecordID": "3705023", "Level": "5", "UserID": "S-1-5-18", "EventData.Verb": "PNG", "EventData.TrID": "260", "EventData.Namespace": "CON", "EventData.CorrelationVector": "nn/6rhUrhUSKOnqY.260.0", "EventData.Bytes": "127", "EventData.Payload": "UE5HIDI2MCBDT04AMTI3DQpNUy1DVjogbm4vNnJoVXJoVVNLT25xWS4yNjAuMA0KDQo8cGluZy1yZXNwb25zZT48d2FpdD40NTwvd2FpdD48Y29ubmVjdGlvbi1zdGF0dXM+Q29ubmVjdGVkPC9jb25uZWN0aW9uLXN0YXR1cw==", "EventData.ConnectionType": "1"}
{"EventID": "1223", "Channel": "Microsoft-Windows-PushNotification-Platform/Operational", "Provider_Name": "Microsoft-Windows-PushNotifications-Platform", "Computer": "DESKTOP-OFJ6N53", "TimeCreated": "2025-08-26 06:13:27.927597+00:00", "RecordID": "3705024", "Level": "5", "UserID": "S-1-5-18", "EventData.Verb": "PNG", "EventData.TrID": "261", "EventData.Namespace": "CON", "EventData.CorrelationVector": "nn/6rhUrhUSKOnqY.261", "EventData.Bytes": "29", "EventData.Payload": "Q29udGV4dDogZmYxZTFmMjM4NzIzNjIyOA0KDQo=", "EventData.ConnectionType": "1"}
{"EventID": "1267", "Channel": "Microsoft-Windows-PushNotification-Platform/Operational", "Provider_Name": "Microsoft-Windows-PushNotifications-Platform", "Computer": "DESKTOP-OFJ6N53", "TimeCreated": "2025-08-26 06:13:27.927597+00:00", "RecordID": "3705025", "Level": "5", "UserID": "S-1-5-18", "EventData.Verb": "PNG", "EventData.TrID": "261", "EventData.Namespace": "CON", "EventData.CorrelationVector": "nn/6rhUrhUSKOnqY.261", "EventData.Bytes": "74", "EventData.Payload": "UE5HIDI2MSBDT04gNTgNCk1TLUNWOiBubi82cmhVcmhVU0tPbnFZLjI2MQ0KQ29udGV4dDogZmYxZTFmMjM4NzIzNjIyOA0KDQo=", "EventData.ConnectionType": "1"}
{"EventID": "1225", "Channel": "Microsoft-Windows-PushNotification-Platform/Operational", "Provider_Name": "Microsoft-Windows-PushNotifications-Platform", "Computer": "DESKTOP-OFJ6N53", "TimeCreated": "2025-08-26 06:13:27.974791+00:00", "RecordID": "3705026", "Level": "5", "UserID": "S-1-5-18", "EventData.Verb": "PNG", "EventData.TrID": "261", "EventData.Namespace": "CON", "EventData.CorrelationVector": "nn/6rhUrhUSKOnqY.261.0", "EventData.Bytes": "127", "EventData.Payload": "TVMtQ1Y6IG5uLzZyaFVyaFVTS09ucVkuMjYxLjANCg0KPHBpbmctcmVzcG9uc2U+PHdhaXQ+NDI8L3dhaXQ+PGNvbm5lY3Rpb24tc3RhdHVzPkNvbm5lY3RlZDwvY29ubmVjdGlvbi1zdGF0dXM+PC9waW5nLXJlc3BvbnNlPg==", "EventData.ConnectionType": "1"}
{"EventID": "1268", "Channel": "Microsoft-Windows-PushNotification-Platform/Operational", "Provider_Name": "Microsoft-Windows-PushNotifications-Platform", "Computer": "DESKTOP-OFJ6N53", "TimeCreated": "2025-08-26 06:13:27.974792+00:00", "RecordID": "3705027", "Level": "5", "UserID": "S-1-5-18", "EventData.Verb": "PNG", "EventData.TrID": "261", "EventData.Namespace": "CON", "EventData.CorrelationVector": "nn/6rhUrhUSKOnqY.261.0", "EventData.Bytes": "127", "EventData.Payload": "UE5HIDI2MSBDT04AMTI3DQpNUy1DVjogbm4vNnJoVXJoVVNLT25xWS4yNjEuMA0KDQo8cGluZy1yZXNwb25zZT48d2FpdD40Mjwvd2FpdD48Y29ubmVjdGlvbi1zdGF0dXM+Q29ubmVjdGVkPC9jb25uZWN0aW9uLXN0YXR1cw==", "EventData.ConnectionType": "1"}
{"EventID": "1223", "Channel": "Microsoft-Windows-PushNotification-Platform/Operational", "Provider_Name": "Microsoft-Windows-PushNotifications-Platform", "Computer": "DESKTOP-OFJ6N53", "TimeCreated": "2025-08-26 06:14:27.932913+00:00", "RecordID": "3705028", "Level": "5", "UserID": "S-1-5-18", "EventData.Verb": "PNG", "EventData.TrID": "262", "EventData.Namespace": "CON", "EventData.CorrelationVector": "nn/6rhUrhUSKOnqY.262", "EventData.Bytes": "28", "EventData.Payload": "Q29udGV4dDogYjJkZjZhNmRmYmQyZGE5DQoNCg==", "EventData.ConnectionType": "1"}
{"EventID": "1267", "Channel": "Microsoft-Windows-PushNotification-Platform/Operational", "Provider_Name": "Microsoft-Windows-PushNotifications-Platform", "Computer": "DESKTOP-OFJ6N53", "TimeCreated": "2025-08-26 06:14:27.932913+00:00", "RecordID": "3705029", "Level": "5", "UserID": "S-1-5-18", "EventData.Verb": "PNG", "EventData.TrID": "262", "EventData.Namespace": "CON", "EventData.CorrelationVector": "nn/6rhUrhUSKOnqY.262", "EventData.Bytes": "73", "EventData.Payload": "UE5HIDI2MiBDT04gNTcNCk1TLUNWOiBubi82cmhVcmhVU0tPbnFZLjI2Mg0KQ29udGV4dDogYjJkZjZhNmRmYmQyZGE5DQoNCg==", "EventData.ConnectionType": "1"}
{"EventID": "1225", "Channel": "Microsoft-Windows-PushNotification-Platform/Operational", "Provider_Name": "Microsoft-Windows-PushNotifications-Platform", "Computer": "DESKTOP-OFJ6N53", "TimeCreated": "2025-08-26 06:14:27.979893+00:00", "RecordID": "3705030", "Level": "5", "UserID": "S-1-5-18", "EventData.Verb": "PNG", "EventData.TrID": "262", "EventData.Namespace": "CON", "EventData.CorrelationVector": "nn/6rhUrhUSKOnqY.262.0", "EventData.Bytes": "127", "EventData.Payload": "TVMtQ1Y6IG5uLzZyaFVyaFVTS09ucVkuMjYyLjANCg0KPHBpbmctcmVzcG9uc2U+PHdhaXQ+NDM8L3dhaXQ+PGNvbm5lY3Rpb24tc3RhdHVzPkNvbm5lY3RlZDwvY29ubmVjdGlvbi1zdGF0dXM+PC9waW5nLXJlc3BvbnNlPg==", "EventData.ConnectionType": "1"}
{"EventID": "1268", "Channel": "Microsoft-Windows-PushNotification-Platform/Operational", "Provider_Name": "Microsoft-Windows-PushNotifications-Platform", "Computer": "DESKTOP-OFJ6N53", "TimeCreated": "2025-08-26 06:14:27.979895+00:00", "RecordID": "3705031", "Level": "5", "UserID": "S-1-5-18", "EventData.Verb": "PNG", "EventData.TrID": "262", "EventData.Namespace": "CON", "EventData.CorrelationVector": "nn/6rhUrhUSKOnqY.262.0", "EventData.Bytes": "127", "EventData.Payload": "UE5HIDI2MiBDT04AMTI3DQpNUy1DVjogbm4vNnJoVXJoVVNLT25xWS4yNjIuMA0KDQo8cGluZy1yZXNwb25zZT48d2FpdD40Mzwvd2FpdD48Y29ubmVjdGlvbi1zdGF0dXM+Q29ubmVjdGVkPC9jb25uZWN0aW9uLXN0YXR1cw==", "EventData.ConnectionType": "1"}
{"EventID": "1223", "Channel": "Microsoft-Windows-PushNotification-Platform/Operational", "Provider_Name": "Microsoft-Windows-PushNotifications-Platform", "Computer": "DESKTOP-OFJ6N53", "TimeCreated": "2025-08-26 06:15:27.934130+00:00", "RecordID": "3705032", "Level": "5", "UserID": "S-1-5-18", "EventData.Verb": "PNG", "EventData.TrID": "263", "EventData.Namespace": "CON", "EventData.CorrelationVector": "nn/6rhUrhUSKOnqY.263", "EventData.Bytes": "28", "EventData.Payload": "Q29udGV4dDogNGFlM2I1NWQwOTg3OTUzDQoNCg==", "EventData.ConnectionType": "1"}
{"EventID": "1267", "Channel": "Microsoft-Windows-PushNotification-Platform/Operational", "Provider_Name": "Microsoft-Windows-PushNotifications-Platform", "Computer": "DESKTOP-OFJ6N53", "TimeCreated": "2025-08-26 06:15:27.934132+00:00", "RecordID": "3705033", "Level": "5", "UserID": "S-1-5-18", "EventData.Verb": "PNG", "EventData.TrID": "263", "EventData.Namespace": "CON", "EventData.CorrelationVector": "nn/6rhUrhUSKOnqY.263", "EventData.Bytes": "73", "EventData.Payload": "UE5HIDI2MyBDT04gNTcNCk1TLUNWOiBubi82cmhVcmhVU0tPbnFZLjI2Mw0KQ29udGV4dDogNGFlM2I1NWQwOTg3OTUzDQoNCg==", "EventData.ConnectionType": "1"}
{"EventID": "1225", "Channel": "Microsoft-Windows-PushNotification-Platform/Operational", "Provider_Name": "Microsoft-Windows-PushNotifications-Platform", "Computer": "DESKTOP-OFJ6N53", "TimeCreated": "2025-08-26 06:15:27.981096+00:00", "RecordID": "3705034", "Level": "5", "UserID": "S-1-5-18", "EventData.Verb": "PNG", "EventData.TrID": "263", "EventData.Namespace": "CON", "EventData.CorrelationVector": "nn/6rhUrhUSKOnqY.263.0", "EventData.Bytes": "127", "EventData.Payload": "TVMtQ1Y6IG5uLzZyaFVyaFVTS09ucVkuMjYzLjANCg0KPHBpbmctcmVzcG9uc2U+PHdhaXQ+NDU8L3dhaXQ+PGNvbm5lY3Rpb24tc3RhdHVzPkNvbm5lY3RlZDwvY29ubmVjdGlvbi1zdGF0dXM+PC9waW5nLXJlc3BvbnNlPg==", "EventData.ConnectionType": "1"}
{"EventID": "1268", "Channel": "Microsoft-Windows-PushNotification-Platform/Operational", "Provider_Name": "Microsoft-Windows-PushNotifications-Platform", "Computer": "DESKTOP-OFJ6N53", "TimeCreated": "2025-08-26 06:15:27.981096+00:00", "RecordID": "3705035", "Level": "5", "UserID": "S-1-5-18", "EventData.Verb": "PNG", "EventData.TrID": "263", "EventData.Namespace": "CON", "EventData.CorrelationVector": "nn/6rhUrhUSKOnqY.263.0", "EventData.Bytes": "127", "EventData.Payload": "UE5HIDI2MyBDT04AMTI3DQpNUy1DVjogbm4vNnJoVXJoVVNLT25xWS4yNjMuMA0KDQo8cGluZy1yZXNwb25zZT48d2FpdD40NTwvd2FpdD48Y29ubmVjdGlvbi1zdGF0dXM+Q29ubmVjdGVkPC9jb25uZWN0aW9uLXN0YXR1cw==", "EventData.ConnectionType": "1"}
{"EventID": "1223", "Channel": "Microsoft-Windows-PushNotification-Platform/Operational", "Provider_Name": "Microsoft-Windows-PushNotifications-Platform", "Computer": "DESKTOP-OFJ6N53", "TimeCreated": "2025-08-26 06:16:27.966669+00:00", "RecordID": "3705036", "Level": "5", "UserID": "S-1-5-18", "EventData.Verb": "PNG", "EventData.TrID": "264", "EventData.Namespace": "CON", "EventData.CorrelationVector": "nn/6rhUrhUSKOnqY.264", "EventData.Bytes": "29", "EventData.Payload": "Q29udGV4dDogYjIyYzc1OWVhNmNlMjU1YQ0KDQo=", "EventData.ConnectionType": "1"}
{"EventID": "1267", "Channel": "Microsoft-Windows-PushNotification-Platform/Operational", "Provider_Name": "Microsoft-Windows-PushNotifications-Platform", "Computer": "DESKTOP-OFJ6N53", "TimeCreated": "2025-08-26 06:16:27.966669+00:00", "RecordID": "3705037", "Level": "5", "UserID": "S-1-5-18", "EventData.Verb": "PNG", "EventData.TrID": "264", "EventData.Namespace": "CON", "EventData.CorrelationVector": "nn/6rhUrhUSKOnqY.264", "EventData.Bytes": "74", "EventData.Payload": "UE5HIDI2NCBDT04gNTgNCk1TLUNWOiBubi82cmhVcmhVU0tPbnFZLjI2NA0KQ29udGV4dDogYjIyYzc1OWVhNmNlMjU1YQ0KDQo=", "EventData.ConnectionType": "1"}
{"EventID": "1225", "Channel": "Microsoft-Windows-PushNotification-Platform/Operational", "Provider_Name": "Microsoft-Windows-PushNotifications-Platform", "Computer": "DESKTOP-OFJ6N53", "TimeCreated": "2025-08-26 06:16:28.013821+00:00", "RecordID": "3705038", "Level": "5", "UserID": "S-1-5-18", "EventData.Verb": "PNG", "EventData.TrID": "264", "EventData.Namespace": "CON", "EventData.CorrelationVector": "nn/6rhUrhUSKOnqY.264.0", "EventData.Bytes": "127", "EventData.Payload": "TVMtQ1Y6IG5uLzZyaFVyaFVTS09ucVkuMjY0LjANCg0KPHBpbmctcmVzcG9uc2U+PHdhaXQ+NDY8L3dhaXQ+PGNvbm5lY3Rpb24tc3RhdHVzPkNvbm5lY3RlZDwvY29ubmVjdGlvbi1zdGF0dXM+PC9waW5nLXJlc3BvbnNlPg==", "EventData.ConnectionType": "1"}
{"EventID": "1268", "Channel": "Microsoft-Windows-PushNotification-Platform/Operational", "Provider_Name": "Microsoft-Windows-PushNotifications-Platform", "Computer": "DESKTOP-OFJ6N53", "TimeCreated": "2025-08-26 06:16:28.013823+00:00", "RecordID": "3705039", "Level": "5", "UserID": "S-1-5-18", "EventData.Verb": "PNG", "EventData.TrID": "264", "EventData.Namespace": "CON", "EventData.CorrelationVector": "nn/6rhUrhUSKOnqY.264.0", "EventData.Bytes": "127", "EventData.Payload": "UE5HIDI2NCBDT04AMTI3DQpNUy1DVjogbm4vNnJoVXJoVVNLT25xWS4yNjQuMA0KDQo8cGluZy1yZXNwb25zZT48d2FpdD40Njwvd2FpdD48Y29ubmVjdGlvbi1zdGF0dXM+Q29ubmVjdGVkPC9jb25uZWN0aW9uLXN0YXR1cw==", "EventData.ConnectionType": "1"}
{"EventID": "1223", "Channel": "Microsoft-Windows-PushNotification-Platform/Operational", "Provider_Name": "Microsoft-Windows-PushNotifications-Platform", "Computer": "DESKTOP-OFJ6N53", "TimeCreated": "2025-08-26 06:17:28.056330+00:00", "RecordID": "3705040", "Level": "5", "UserID": "S-1-5-18", "EventData.Verb": "PNG", "EventData.TrID": "265", "EventData.Namespace": "CON", "EventData.CorrelationVector": "nn/6rhUrhUSKOnqY.265", "EventData.Bytes": "29", "EventData.Payload": "Q29udGV4dDogNDFiNzUzYjdhNjM4YjAwOQ0KDQo=", "EventData.ConnectionType": "1"}
{"EventID": "1267", "Channel": "Microsoft-Windows-PushNotification-Platform/Operational", "Provider_Name": "Microsoft-Windows-PushNotifications-Platform", "Computer": "DESKTOP-OFJ6N53", "TimeCreated": "2025-08-26 06:17:28.056334+00:00", "RecordID": "3705041", "Level": "5", "UserID": "S-1-5-18", "EventData.Verb": "PNG", "EventData.TrID": "265", "EventData.Namespace": "CON", "EventData.CorrelationVector": "nn/6rhUrhUSKOnqY.265", "EventData.Bytes": "74", "EventData.Payload": "UE5HIDI2NSBDT04gNTgNCk1TLUNWOiBubi82cmhVcmhVU0tPbnFZLjI2NQ0KQ29udGV4dDogNDFiNzUzYjdhNjM4YjAwOQ0KDQo=", "EventData.ConnectionType": "1"}
{"EventID": "1225", "Channel": "Microsoft-Windows-PushNotification-Platform/Operational", "Provider_Name": "Microsoft-Windows-PushNotifications-Platform", "Computer": "DESKTOP-OFJ6N53", "TimeCreated": "2025-08-26 06:17:28.107714+00:00", "RecordID": "3705042", "Level": "5", "UserID": "S-1-5-18", "EventData.Verb": "PNG", "EventData.TrID": "265", "EventData.Namespace": "CON", "EventData.CorrelationVector": "nn/6rhUrhUSKOnqY.265.0", "EventData.Bytes": "127", "EventData.Payload": "TVMtQ1Y6IG5uLzZyaFVyaFVTS09ucVkuMjY1LjANCg0KPHBpbmctcmVzcG9uc2U+PHdhaXQ+NDA8L3dhaXQ+PGNvbm5lY3Rpb24tc3RhdHVzPkNvbm5lY3RlZDwvY29ubmVjdGlvbi1zdGF0dXM+PC9waW5nLXJlc3BvbnNlPg==", "EventData.ConnectionType": "1"}
{"EventID": "1268", "Channel": "Microsoft-Windows-PushNotification-Platform/Operational", "Provider_Name": "Microsoft-Windows-PushNotifications-Platform", "Computer": "DESKTOP-OFJ6N53", "TimeCreated": "2025-08-26 06:17:28.107714+00:00", "RecordID": "3705043", "Level": "5", "UserID": "S-1-5-18", "EventData.Verb": "PNG", "EventData.TrID": "265", "EventData.Namespace": "CON", "EventData.CorrelationVector": "nn/6rhUrhUSKOnqY.265.0", "EventData.Bytes": "127", "EventData.Payload": "UE5HIDI2NSBDT04AMTI3DQpNUy1DVjogbm4vNnJoVXJoVVNLT25xWS4yNjUuMA0KDQo8cGluZy1yZXNwb25zZT48d2FpdD40MDwvd2FpdD48Y29ubmVjdGlvbi1zdGF0dXM+Q29ubmVjdGVkPC9jb25uZWN0aW9uLXN0YXR1cw==", "EventData.ConnectionType": "1"}
{"EventID": "1223", "Channel": "Microsoft-Windows-PushNotification-Platform/Operational", "Provider_Name": "Microsoft-Windows-PushNotifications-Platform", "Computer": "DESKTOP-OFJ6N53", "TimeCreated": "2025-08-26 06:18:28.098658+00:00", "RecordID": "3705044", "Level": "5", "UserID": "S-1-5-18", "EventData.Verb": "PNG", "EventData.TrID": "266", "EventData.Namespace": "CON", "EventData.CorrelationVector": "nn/6rhUrhUSKOnqY.266", "EventData.Bytes": "29", "EventData.Payload": "Q29udGV4dDogYzBjNTM2NTdiNGJlNWU1Yg0KDQo=", "EventData.ConnectionType": "1"}
{"EventID": "1267", "Channel": "Microsoft-Windows-PushNotification-Platform/Operational", "Provider_Name": "Microsoft-Windows-PushNotifications-Platform", "Computer": "DESKTOP-OFJ6N53", "TimeCreated": "2025-08-26 06:18:28.098660+00:00", "RecordID": "3705045", "Level": "5", "UserID": "S-1-5-18", "EventData.Verb": "PNG", "EventData.TrID": "266", "EventData.Namespace": "CON", "EventData.CorrelationVector": "nn/6rhUrhUSKOnqY.266", "EventData.Bytes": "74", "EventData.Payload": "UE5HIDI2NiBDT04gNTgNCk1TLUNWOiBubi82cmhVcmhVU0tPbnFZLjI2Ng0KQ29udGV4dDogYzBjNTM2NTdiNGJlNWU1Yg0KDQo=", "EventData.ConnectionType": "1"}
{"EventID": "1225", "Channel": "Microsoft-Windows-PushNotification-Platform/Operational", "Provider_Name": "Microsoft-Windows-PushNotifications-Platform", "Computer": "DESKTOP-OFJ6N53", "TimeCreated": "2025-08-26 06:18:28.146154+00:00", "RecordID": "3705046", "Level": "5", "UserID": "S-1-5-18", "EventData.Verb": "PNG", "EventData.TrID": "266", "EventData.Namespace": "CON", "EventData.CorrelationVector": "nn/6rhUrhUSKOnqY.266.0", "EventData.Bytes": "127", "EventData.Payload": "TVMtQ1Y6IG5uLzZyaFVyaFVTS09ucVkuMjY2LjANCg0KPHBpbmctcmVzcG9uc2U+PHdhaXQ+NDg8L3dhaXQ+PGNvbm5lY3Rpb24tc3RhdHVzPkNvbm5lY3RlZDwvY29ubmVjdGlvbi1zdGF0dXM+PC9waW5nLXJlc3BvbnNlPg==", "EventData.ConnectionType": "1"}
{"EventID": "1268", "Channel": "Microsoft-Windows-PushNotification-Platform/Operational", "Provider_Name": "Microsoft-Windows-PushNotifications-Platform", "Computer": "DESKTOP-OFJ6N53", "TimeCreated": "2025-08-26 06:18:28.146156+00:00", "RecordID": "3705047", "Level": "5", "UserID": "S-1-5-18", "EventData.Verb": "PNG", "EventData.TrID": "266", "EventData.Namespace": "CON", "EventData.CorrelationVector": "nn/6rhUrhUSKOnqY.266.0", "EventData.Bytes": "127", "EventData.Payload": "UE5HIDI2NiBDT04AMTI3DQpNUy1DVjogbm4vNnJoVXJoVVNLT25xWS4yNjYuMA0KDQo8cGluZy1yZXNwb25zZT48d2FpdD40ODwvd2FpdD48Y29ubmVjdGlvbi1zdGF0dXM+Q29ubmVjdGVkPC9jb25uZWN0aW9uLXN0YXR1cw==", "EventData.ConnectionType": "1"}
