{"EventID": "129", "Channel": "Microsoft-Windows-RemoteDesktopServices-RdpCoreTS/Operational", "Provider_Name": "Microsoft-Windows-RemoteDesktopServices-RdpCoreTS", "Computer": "DESKTOP-OFJ6N53", "TimeCreated": "2025-08-23 20:33:22.029165+00:00", "RecordID": "182000", "Level": "4", "UserID": "S-1-5-20", "EventData.TransportProtocolName": "TCP", "EventData.Port": "3389"}
{"EventID": "129", "Channel": "Microsoft-Windows-RemoteDesktopServices-RdpCoreTS/Operational", "Provider_Name": "Microsoft-Windows-RemoteDesktopServices-RdpCoreTS", "Computer": "DESKTOP-OFJ6N53", "TimeCreated": "2025-08-23 20:33:22.029240+00:00", "RecordID": "182001", "Level": "4", "UserID": "S-1-5-20", "EventData.TransportProtocolName": "TCP", "EventData.Port": "3389"}
{"EventID": "129", "Channel": "Microsoft-Windows-RemoteDesktopServices-RdpCoreTS/Operational", "Provider_Name": "Microsoft-Windows-RemoteDesktopServices-RdpCoreTS", "Computer": "DESKTOP-OFJ6N53", "TimeCreated": "2025-08-23 20:33:22.039900+00:00", "RecordID": "182002", "Level": "4", "UserID": "S-1-5-20", "EventData.TransportProtocolName": "UDP", "EventData.Port": "3389"}
{"EventID": "129", "Channel": "Microsoft-Windows-RemoteDesktopServices-RdpCoreTS/Operational", "Provider_Name": "Microsoft-Windows-RemoteDesktopServices-RdpCoreTS", "Computer": "DESKTOP-OFJ6N53", "TimeCreated": "2025-08-23 20:33:22.040024+00:00", "RecordID": "182003", "Level": "4", "UserID": "S-1-5-20", "EventData.TransportProtocolName": "UDP", "EventData.Port": "3389"}
{"EventID": "131", "Channel": "Microsoft-Windows-RemoteDesktopServices-RdpCoreTS/Operational", "Provider_Name": "Microsoft-Windows-RemoteDesktopServices-RdpCoreTS", "Computer": "DESKTOP-OFJ6N53", "TimeCreated": "2025-08-23 20:33:25.837976+00:00", "RecordID": "182004", "Level": "4", "UserID": "S-1-5-20", "EventData.ConnType": "TCP", "EventData.ClientIP": "10.31.228.152:55509"}
{"EventID": "65", "Channel": "Microsoft-Windows-RemoteDesktopServices-RdpCoreTS/Operational", "Provider_Name": "Microsoft-Windows-RemoteDesktopServices-RdpCoreTS", "Computer": "DESKTOP-OFJ6N53", "TimeCreated": "2025-08-23 20:33:25.859184+00:00", "RecordID": "182005", "Level": "4", "UserID": "S-1-5-20", "EventData.ConnectionName": "RDP-Tcp#0"}
{"EventID": "72", "Channel": "Microsoft-Windows-RemoteDesktopServices-RdpCoreTS/Operational", "Provider_Name": "Microsoft-Windows-RemoteDesktopServices-RdpCoreTS", "Computer": "DESKTOP-OFJ6N53", "TimeCreated": "2025-08-23 20:33:25.863676+00:00", "RecordID": "182006", "Level": "4", "UserID": "S-1-5-20", "EventData.MethodName": "PrepareForAccept"}
{"EventID": "72", "Channel": "Microsoft-Windows-RemoteDesktopServices-RdpCoreTS/Operational", "Provider_Name": "Microsoft-Windows-RemoteDesktopServices-RdpCoreTS", "Computer": "DESKTOP-OFJ6N53", "TimeCreated": "2025-08-23 20:33:25.864481+00:00", "RecordID": "182007", "Level": "4", "UserID": "S-1-5-20", "EventData.MethodName": "SendPolicyData"}
{"EventID": "141", "Channel": "Microsoft-Windows-RemoteDesktopServices-RdpCoreTS/Operational", "Provider_Name": "Microsoft-Windows-RemoteDesktopServices-RdpCoreTS", "Computer": "DESKTOP-OFJ6N53", "TimeCreated": "2025-08-23 20:33:25.886471+00:00", "RecordID": "182008", "Level": "4", "UserID": "S-1-5-20", "EventData.InstanceID": "0"}
{"EventID": "101", "Channel": "Microsoft-Windows-RemoteDesktopServices-RdpCoreTS/Operational", "Provider_Name": "Microsoft-Windows-RemoteDesktopServices-RdpCoreTS", "Computer": "DESKTOP-OFJ6N53", "TimeCreated": "2025-08-23 20:33:29.082617+00:00", "RecordID": "182009", "Level": "3", "UserID": "S-1-5-20", "EventData.ReasonString": "Reason Code: 2(Server Configuration)."}
{"EventID": "132", "Channel": "Microsoft-Windows-RemoteDesktopServices-RdpCoreTS/Operational", "Provider_Name": "Microsoft-Windows-RemoteDesktopServices-RdpCoreTS", "Computer": "DESKTOP-OFJ6N53", "TimeCreated": "2025-08-23 20:33:29.082701+00:00", "RecordID": "182010", "Level": "4", "UserID": "S-1-5-20", "EventData.ChannelName": "rdplic", "EventData.TunnelID": "0"}
{"EventID": "132", "Channel": "Microsoft-Windows-RemoteDesktopServices-RdpCoreTS/Operational", "Provider_Name": "Microsoft-Windows-RemoteDesktopServices-RdpCoreTS", "Computer": "DESKTOP-OFJ6N53", "TimeCreated": "2025-08-23 20:33:29.083071+00:00", "RecordID": "182011", "Level": "4", "UserID": "S-1-5-20", "EventData.ChannelName": "rdpcmd", "EventData.TunnelID": "0"}
{"EventID": "72", "Channel": "Microsoft-Windows-RemoteDesktopServices-RdpCoreTS/Operational", "Provider_Name": "Microsoft-Windows-RemoteDesktopServices-RdpCoreTS", "Computer": "DESKTOP-OFJ6N53", "TimeCreated": "2025-08-23 20:33:29.084469+00:00", "RecordID": "182012", "Level": "4", "UserID": "S-1-5-20", "EventData.MethodName": "OnStartLicensing"}
{"EventID": "72", "Channel": "Microsoft-Windows-RemoteDesktopServices-RdpCoreTS/Operational", "Provider_Name": "Microsoft-Windows-RemoteDesktopServices-RdpCoreTS", "Computer": "DESKTOP-OFJ6N53", "TimeCreated": "2025-08-23 20:33:29.084490+00:00", "RecordID": "182013", "Level": "4", "UserID": "S-1-5-20", "EventData.MethodName": "AcceptConnection"}
{"EventID": "104", "Channel": "Microsoft-Windows-RemoteDesktopServices-RdpCoreTS/Operational", "Provider_Name": "Microsoft-Windows-RemoteDesktopServices-RdpCoreTS", "Computer": "DESKTOP-OFJ6N53", "TimeCreated": "2025-08-23 20:33:29.084568+00:00", "RecordID": "182014", "Level": "4", "UserID": "S-1-5-20", "EventData.TimezoneBiasHour": "[3]"}
{"EventID": "71", "Channel": "Microsoft-Windows-RemoteDesktopServices-RdpCoreTS/Operational", "Provider_Name": "Microsoft-Windows-RemoteDesktopServices-RdpCoreTS", "Computer": "DESKTOP-OFJ6N53", "TimeCreated": "2025-08-23 20:33:29.084570+00:00", "RecordID": "182015", "Level": "4", "UserID": "S-1-5-20", "EventData.ConnectionName": "RDP-Tcp#0", "EventData.DisplayDriverName": "RDPUDD"}
{"EventID": "227", "Channel": "Microsoft-Windows-RemoteDesktopServices-RdpCoreTS/Operational", "Provider_Name": "Microsoft-Windows-RemoteDesktopServices-RdpCoreTS", "Computer": "DESKTOP-OFJ6N53", "TimeCreated": "2025-08-23 20:33:29.084633+00:00", "RecordID": "182016", "Level": "2", "UserID": "S-1-5-20", "EventData.Name": "CUMRDPConnection", "EventData.Value": "2147500033", "EventData.CustomLevel": "'Failed GetConnectionProperty' in CUMRDPConnection::QueryProperty at 3347 err=[0x80004001]"}
{"EventID": "72", "Channel": "Microsoft-Windows-RemoteDesktopServices-RdpCoreTS/Operational", "Provider_Name": "Microsoft-Windows-RemoteDesktopServices-RdpCoreTS", "Computer": "DESKTOP-OFJ6N53", "TimeCreated": "2025-08-23 20:33:29.084639+00:00", "RecordID": "182017", "Level": "4", "UserID": "S-1-5-20", "EventData.MethodName": "GetSecurityFilterCreds"}
{"EventID": "72", "Channel": "Microsoft-Windows-RemoteDesktopServices-RdpCoreTS/Operational", "Provider_Name": "Microsoft-Windows-RemoteDesktopServices-RdpCoreTS", "Computer": "DESKTOP-OFJ6N53", "TimeCreated": "2025-08-23 20:33:29.086628+00:00", "RecordID": "182018", "Level": "4", "UserID": "S-1-5-20", "EventData.MethodName": "SendClientLicense"}
{"EventID": "72", "Channel": "Microsoft-Windows-RemoteDesktopServices-RdpCoreTS/Operational", "Provider_Name": "Microsoft-Windows-RemoteDesktopServices-RdpCoreTS", "Computer": "DESKTOP-OFJ6N53", "TimeCreated": "2025-08-23 20:33:29.086641+00:00", "RecordID": "182019", "Level": "4", "UserID": "S-1-5-20", "EventData.MethodName": "ProtocolComplete"}
{"EventID": "98", "Channel": "Microsoft-Windows-RemoteDesktopServices-RdpCoreTS/Operational", "Provider_Name": "Microsoft-Windows-RemoteDesktopServices-RdpCoreTS", "Computer": "DESKTOP-OFJ6N53", "TimeCreated": "2025-08-23 20:33:29.086767+00:00", "RecordID": "182020", "Level": "4", "UserID": "S-1-5-20"}
{"EventID": "100", "Channel": "Microsoft-Windows-RemoteDesktopServices-RdpCoreTS/Operational", "Provider_Name": "Microsoft-Windows-RemoteDesktopServices-RdpCoreTS", "Computer": "DESKTOP-OFJ6N53", "TimeCreated": "2025-08-23 20:33:29.086769+00:00", "RecordID": "182021", "Level": "4", "UserID": "S-1-5-20"}
{"EventID": "135", "Channel": "Microsoft-Windows-RemoteDesktopServices-RdpCoreTS/Operational", "Provider_Name": "Microsoft-Windows-RemoteDesktopServices-RdpCoreTS", "Computer": "DESKTOP-OFJ6N53", "TimeCreated": "2025-08-23 20:33:29.087879+00:00", "RecordID": "182022", "Level": "4", "UserID": "S-1-5-20", "EventData.TunnelID": "1", "EventData.TransportType": "TCP: Reason Code: 1 (No Client UDP Support)"}
{"EventID": "135", "Channel": "Microsoft-Windows-RemoteDesktopServices-RdpCoreTS/Operational", "Provider_Name": "Microsoft-Windows-RemoteDesktopServices-RdpCoreTS", "Computer": "DESKTOP-OFJ6N53", "TimeCreated": "2025-08-23 20:33:29.087883+00:00", "RecordID": "182023", "Level": "4", "UserID": "S-1-5-20", "EventData.TunnelID": "3", "EventData.TransportType": "TCP: Reason Code: 2 (Forced by Server Configuration)"}
{"EventID": "72", "Channel": "Microsoft-Windows-RemoteDesktopServices-RdpCoreTS/Operational", "Provider_Name": "Microsoft-Windows-RemoteDesktopServices-RdpCoreTS", "Computer": "DESKTOP-OFJ6N53", "TimeCreated": "2025-08-23 20:33:29.088318+00:00", "RecordID": "182024", "Level": "4", "UserID": "S-1-5-20", "EventData.MethodName": "AuthenticateClientToSession"}
{"EventID": "72", "Channel": "Microsoft-Windows-RemoteDesktopServices-RdpCoreTS/Operational", "Provider_Name": "Microsoft-Windows-RemoteDesktopServices-RdpCoreTS", "Computer": "DESKTOP-OFJ6N53", "TimeCreated": "2025-08-23 20:33:29.095375+00:00", "RecordID": "182025", "Level": "4", "UserID": "S-1-5-20", "EventData.MethodName": "PreCreate"}
{"EventID": "66", "Channel": "Microsoft-Windows-RemoteDesktopServices-RdpCoreTS/Operational", "Provider_Name": "Microsoft-Windows-RemoteDesktopServices-RdpCoreTS", "Computer": "DESKTOP-OFJ6N53", "TimeCreated": "2025-08-23 20:33:29.416395+00:00", "RecordID": "182026", "Level": "4", "UserID": "S-1-5-20", "EventData.ConnectionName": "RDP-Tcp#0", "EventData.SessionID": "2"}
{"EventID": "33", "Channel": "Microsoft-Windows-RemoteDesktopServices-RdpCoreTS/Operational", "Provider_Name": "Microsoft-Windows-RemoteDesktopServices-RdpCoreTS", "Computer": "DESKTOP-OFJ6N53", "TimeCreated": "2025-08-23 20:33:29.956507+00:00", "RecordID": "182027", "Level": "4", "UserID": "S-1-5-20"}
{"EventID": "132", "Channel": "Microsoft-Windows-RemoteDesktopServices-RdpCoreTS/Operational", "Provider_Name": "Microsoft-Windows-RemoteDesktopServices-RdpCoreTS", "Computer": "DESKTOP-OFJ6N53", "TimeCreated": "2025-08-23 20:33:29.956551+00:00", "RecordID": "182028", "Level": "4", "UserID": "S-1-5-20", "EventData.ChannelName": "rdpgrfx", "EventData.TunnelID": "0"}
{"EventID": "132", "Channel": "Microsoft-Windows-RemoteDesktopServices-RdpCoreTS/Operational", "Provider_Name": "Microsoft-Windows-RemoteDesktopServices-RdpCoreTS", "Computer": "DESKTOP-OFJ6N53", "TimeCreated": "2025-08-23 20:33:30.113955+00:00", "RecordID": "182029", "Level": "4", "UserID": "S-1-5-20", "EventData.ChannelName": "rdpinpt", "EventData.TunnelID": "0"}
{"EventID": "169", "Channel": "Microsoft-Windows-RemoteDesktopServices-RdpCoreTS/Operational", "Provider_Name": "Microsoft-Windows-RemoteDesktopServices-RdpCoreTS", "Computer": "DESKTOP-OFJ6N53", "TimeCreated": "2025-08-23 20:33:30.114273+00:00", "RecordID": "182030", "Level": "4", "UserID": "S-1-5-20", "EventData.MajorType": "6", "EventData.MinorType": "0", "EventData.ServerName": "DESKTOP-OFJ6N53"}
{"EventID": "72", "Channel": "Microsoft-Windows-RemoteDesktopServices-RdpCoreTS/Operational", "Provider_Name": "Microsoft-Windows-RemoteDesktopServices-RdpCoreTS", "Computer": "DESKTOP-OFJ6N53", "TimeCreated": "2025-08-23 20:33:30.114296+00:00", "RecordID": "182031", "Level": "4", "UserID": "S-1-5-20", "EventData.MethodName": "OnConnected"}
{"EventID": "72", "Channel": "Microsoft-Windows-RemoteDesktopServices-RdpCoreTS/Operational", "Provider_Name": "Microsoft-Windows-RemoteDesktopServices-RdpCoreTS", "Computer": "DESKTOP-OFJ6N53", "TimeCreated": "2025-08-23 20:33:30.114298+00:00", "RecordID": "182032", "Level": "4", "UserID": "S-1-5-20", "EventData.MethodName": "OnReady"}
{"EventID": "132", "Channel": "Microsoft-Windows-RemoteDesktopServices-RdpCoreTS/Operational", "Provider_Name": "Microsoft-Windows-RemoteDesktopServices-RdpCoreTS", "Computer": "DESKTOP-OFJ6N53", "TimeCreated": "2025-08-23 20:33:30.154116+00:00", "RecordID": "182033", "Level": "4", "UserID": "S-1-5-20", "EventData.ChannelName": "Microsoft::Windows::RDS::Telemetry", "EventData.TunnelID": "0"}
{"EventID": "132", "Channel": "Microsoft-Windows-RemoteDesktopServices-RdpCoreTS/Operational", "Provider_Name": "Microsoft-Windows-RemoteDesktopServices-RdpCoreTS", "Computer": "DESKTOP-OFJ6N53", "TimeCreated": "2025-08-23 20:33:30.155428+00:00", "RecordID": "182034", "Level": "4", "UserID": "S-1-5-20", "EventData.ChannelName": "Microsoft::Windows::RDS::Graphics", "EventData.TunnelID": "0"}
{"EventID": "162", "Channel": "Microsoft-Windows-RemoteDesktopServices-RdpCoreTS/Operational", "Provider_Name": "Microsoft-Windows-RemoteDesktopServices-RdpCoreTS", "Computer": "DESKTOP-OFJ6N53", "TimeCreated": "2025-08-23 20:33:30.159744+00:00", "RecordID": "182035", "Level": "4", "UserID": "S-1-5-20", "EventData.Version": "0x000a0400", "EventData.ClientMode": "2", "EventData.AvcEnabled": "1", "EventData.ProfileIdNum": "2", "EventData.ServerName": "DESKTOP-OFJ6N53"}
{"EventID": "72", "Channel": "Microsoft-Windows-RemoteDesktopServices-RdpCoreTS/Operational", "Provider_Name": "Microsoft-Windows-RemoteDesktopServices-RdpCoreTS", "Computer": "DESKTOP-OFJ6N53", "TimeCreated": "2025-08-23 20:33:30.186872+00:00", "RecordID": "182036", "Level": "4", "UserID": "S-1-5-20", "EventData.MethodName": "ConnectNotify(SessionId=2)"}
{"EventID": "148", "Channel": "Microsoft-Windows-RemoteDesktopServices-RdpCoreTS/Operational", "Provider_Name": "Microsoft-Windows-RemoteDesktopServices-RdpCoreTS", "Computer": "DESKTOP-OFJ6N53", "TimeCreated": "2025-08-23 20:33:30.328510+00:00", "RecordID": "182037", "Level": "4", "UserID": "S-1-5-20", "EventData.ChannelName": "Microsoft::Windows::RDS::Video::Control::v08.01", "EventData.TunnelID": "0"}
{"EventID": "148", "Channel": "Microsoft-Windows-RemoteDesktopServices-RdpCoreTS/Operational", "Provider_Name": "Microsoft-Windows-RemoteDesktopServices-RdpCoreTS", "Computer": "DESKTOP-OFJ6N53", "TimeCreated": "2025-08-23 20:33:30.328547+00:00", "RecordID": "182038", "Level": "4", "UserID": "S-1-5-20", "EventData.ChannelName": "Microsoft::Windows::RDS::Video::Data::v08.01", "EventData.TunnelID": "0"}
{"EventID": "148", "Channel": "Microsoft-Windows-RemoteDesktopServices-RdpCoreTS/Operational", "Provider_Name": "Microsoft-Windows-RemoteDesktopServices-RdpCoreTS", "Computer": "DESKTOP-OFJ6N53", "TimeCreated": "2025-08-23 20:33:30.373154+00:00", "RecordID": "182039", "Level": "4", "UserID": "S-1-5-20", "EventData.ChannelName": "Microsoft::Windows::RDS::Geometry::v08.01", "EventData.TunnelID": "0"}
{"EventID": "227", "Channel": "Microsoft-Windows-RemoteDesktopServices-RdpCoreTS/Operational", "Provider_Name": "Microsoft-Windows-RemoteDesktopServices-RdpCoreTS", "Computer": "DESKTOP-OFJ6N53", "TimeCreated": "2025-08-23 20:33:32.912239+00:00", "RecordID": "182040", "Level": "2", "UserID": "S-1-5-20", "EventData.Name": "CUMRDPConnection", "EventData.Value": "2147500033", "EventData.CustomLevel": "'Failed GetConnectionProperty' in CUMRDPConnection::QueryProperty at 3347 err=[0x80004001]"}
{"EventID": "227", "Channel": "Microsoft-Windows-RemoteDesktopServices-RdpCoreTS/Operational", "Provider_Name": "Microsoft-Windows-RemoteDesktopServices-RdpCoreTS", "Computer": "DESKTOP-OFJ6N53", "TimeCreated": "2025-08-23 20:33:35.838081+00:00", "RecordID": "182041", "Level": "2", "UserID": "S-1-5-20", "EventData.Name": "CUMRDPConnection", "EventData.Value": "2147500033", "EventData.CustomLevel": "'Connection doesn't support logon error redirector' in CUMRDPConnection::GetLogonErrorRedirector at 4660 err=[0x80004001]"}
{"EventID": "168", "Channel": "Microsoft-Windows-RemoteDesktopServices-RdpCoreTS/Operational", "Provider_Name": "Microsoft-Windows-RemoteDesktopServices-RdpCoreTS", "Computer": "DESKTOP-OFJ6N53", "TimeCreated": "2025-08-23 20:33:36.153311+00:00", "RecordID": "182042", "Level": "4", "UserID": "S-1-5-20", "EventData.MonitorNum": "0", "EventData.MonitorWidth": "1710", "EventData.MonitorHeight": "1068", "EventData.MonitorX": "0", "EventData.MonitorY": "0", "EventData.ServerName": "DESKTOP-OFJ6N53"}
{"EventID": "132", "Channel": "Microsoft-Windows-RemoteDesktopServices-RdpCoreTS/Operational", "Provider_Name": "Microsoft-Windows-RemoteDesktopServices-RdpCoreTS", "Computer": "DESKTOP-OFJ6N53", "TimeCreated": "2025-08-23 20:33:38.699032+00:00", "RecordID": "182043", "Level": "4", "UserID": "S-1-5-20", "EventData.ChannelName": "rdpdr", "EventData.TunnelID": "0"}
{"EventID": "132", "Channel": "Microsoft-Windows-RemoteDesktopServices-RdpCoreTS/Operational", "Provider_Name": "Microsoft-Windows-RemoteDesktopServices-RdpCoreTS", "Computer": "DESKTOP-OFJ6N53", "TimeCreated": "2025-08-23 20:33:39.200533+00:00", "RecordID": "182044", "Level": "4", "UserID": "S-1-5-20", "EventData.ChannelName": "AUDIO_PLAYBACK_DVC", "EventData.TunnelID": "0"}
{"EventID": "148", "Channel": "Microsoft-Windows-RemoteDesktopServices-RdpCoreTS/Operational", "Provider_Name": "Microsoft-Windows-RemoteDesktopServices-RdpCoreTS", "Computer": "DESKTOP-OFJ6N53", "TimeCreated": "2025-08-23 20:33:39.200602+00:00", "RecordID": "182045", "Level": "4", "UserID": "S-1-5-20", "EventData.ChannelName": "AUDIO_PLAYBACK_DVC", "EventData.TunnelID": "0"}
{"EventID": "227", "Channel": "Microsoft-Windows-RemoteDesktopServices-RdpCoreTS/Operational", "Provider_Name": "Microsoft-Windows-RemoteDesktopServices-RdpCoreTS", "Computer": "DESKTOP-OFJ6N53", "TimeCreated": "2025-08-23 20:33:39.200785+00:00", "RecordID": "182046", "Level": "2", "UserID": "S-1-5-20", "EventData.Name": "CUMRDPConnection", "EventData.Value": "3489660929", "EventData.CustomLevel": "'Failed CreateVirtualChannel call on this Connections Stack' in CUMRDPConnection::CreateVirtualChannel at 2961 err=[0xd0000001]"}
{"EventID": "148", "Channel": "Microsoft-Windows-RemoteDesktopServices-RdpCoreTS/Operational", "Provider_Name": "Microsoft-Windows-RemoteDesktopServices-RdpCoreTS", "Computer": "DESKTOP-OFJ6N53", "TimeCreated": "2025-08-23 20:33:39.976931+00:00", "RecordID": "182047", "Level": "4", "UserID": "S-1-5-20", "EventData.ChannelName": "AUDIO_PLAYBACK_DVC", "EventData.TunnelID": "0"}
{"EventID": "227", "Channel": "Microsoft-Windows-RemoteDesktopServices-RdpCoreTS/Operational", "Provider_Name": "Microsoft-Windows-RemoteDesktopServices-RdpCoreTS", "Computer": "DESKTOP-OFJ6N53", "TimeCreated": "2025-08-23 20:33:39.976938+00:00", "RecordID": "182048", "Level": "2", "UserID": "S-1-5-20", "EventData.Name": "CUMRDPConnection", "EventData.Value": "3489660929", "EventData.CustomLevel": "'Failed CreateVirtualChannel call on this Connections Stack' in CUMRDPConnection::CreateVirtualChannel at 2961 err=[0xd0000001]"}
{"EventID": "132", "Channel": "Microsoft-Windows-RemoteDesktopServices-RdpCoreTS/Operational", "Provider_Name": "Microsoft-Windows-RemoteDesktopServices-RdpCoreTS", "Computer": "DESKTOP-OFJ6N53", "TimeCreated": "2025-08-23 20:33:39.976955+00:00", "RecordID": "182049", "Level": "4", "UserID": "S-1-5-20", "EventData.ChannelName": "AUDIO_PLAYBACK_DVC", "EventData.TunnelID": "0"}
{"EventID": "132", "Channel": "Microsoft-Windows-RemoteDesktopServices-RdpCoreTS/Operational", "Provider_Name": "Microsoft-Windows-RemoteDesktopServices-RdpCoreTS", "Computer": "DESKTOP-OFJ6N53", "TimeCreated": "2025-08-23 20:33:39.981777+00:00", "RecordID": "182050", "Level": "4", "UserID": "S-1-5-20", "EventData.ChannelName": "rdpsnd", "EventData.TunnelID": "0"}
{"EventID": "132", "Channel": "Microsoft-Windows-RemoteDesktopServices-RdpCoreTS/Operational", "Provider_Name": "Microsoft-Windows-RemoteDesktopServices-RdpCoreTS", "Computer": "DESKTOP-OFJ6N53", "TimeCreated": "2025-08-23 20:33:41.430153+00:00", "RecordID": "182051", "Level": "4", "UserID": "S-1-5-20", "EventData.ChannelName": "RDCamera_Device_Enumerator", "EventData.TunnelID": "0"}
{"EventID": "148", "Channel": "Microsoft-Windows-RemoteDesktopServices-RdpCoreTS/Operational", "Provider_Name": "Microsoft-Windows-RemoteDesktopServices-RdpCoreTS", "Computer": "DESKTOP-OFJ6N53", "TimeCreated": "2025-08-23 20:33:41.430189+00:00", "RecordID": "182052", "Level": "4", "UserID": "S-1-5-20", "EventData.ChannelName": "RDCamera_Device_Enumerator", "EventData.TunnelID": "0"}
{"EventID": "227", "Channel": "Microsoft-Windows-RemoteDesktopServices-RdpCoreTS/Operational", "Provider_Name": "Microsoft-Windows-RemoteDesktopServices-RdpCoreTS", "Computer": "DESKTOP-OFJ6N53", "TimeCreated": "2025-08-23 20:33:41.430397+00:00", "RecordID": "182053", "Level": "2", "UserID": "S-1-5-20", "EventData.Name": "CUMRDPConnection", "EventData.Value": "3489660929", "EventData.CustomLevel": "'Failed CreateVirtualChannel call on this Connections Stack' in CUMRDPConnection::CreateVirtualChannel at 2961 err=[0xd0000001]"}
{"EventID": "228", "Channel": "Microsoft-Windows-RemoteDesktopServices-RdpCoreTS/Operational", "Provider_Name": "Microsoft-Windows-RemoteDesktopServices-RdpCoreTS", "Computer": "DESKTOP-OFJ6N53", "TimeCreated": "2025-08-23 20:33:56.597218+00:00", "RecordID": "182054", "Level": "3", "UserID": "S-1-5-20", "EventData.ComponentName": "CUMRDPConnection", "EventData.Message": "Disconnect trace:'calling spGfxPlugin->PreDisconnect()' in CUMRDPConnection::PreDisconnect at 5076 err=[0x0]", "EventData.ErrorCode": "0"}
{"EventID": "72", "Channel": "Microsoft-Windows-RemoteDesktopServices-RdpCoreTS/Operational", "Provider_Name": "Microsoft-Windows-RemoteDesktopServices-RdpCoreTS", "Computer": "DESKTOP-OFJ6N53", "TimeCreated": "2025-08-23 20:33:56.597219+00:00", "RecordID": "182055", "Level": "4", "UserID": "S-1-5-20", "EventData.MethodName": "PreDisconnect(0)"}
{"EventID": "72", "Channel": "Microsoft-Windows-RemoteDesktopServices-RdpCoreTS/Operational", "Provider_Name": "Microsoft-Windows-RemoteDesktopServices-RdpCoreTS", "Computer": "DESKTOP-OFJ6N53", "TimeCreated": "2025-08-23 20:33:56.597227+00:00", "RecordID": "182056", "Level": "4", "UserID": "S-1-5-20", "EventData.MethodName": "SetErrorInfo(0x0)"}
{"EventID": "72", "Channel": "Microsoft-Windows-RemoteDesktopServices-RdpCoreTS/Operational", "Provider_Name": "Microsoft-Windows-RemoteDesktopServices-RdpCoreTS", "Computer": "DESKTOP-OFJ6N53", "TimeCreated": "2025-08-23 20:33:56.733599+00:00", "RecordID": "182057", "Level": "4", "UserID": "S-1-5-20", "EventData.MethodName": "DisconnectNotify"}
{"EventID": "72", "Channel": "Microsoft-Windows-RemoteDesktopServices-RdpCoreTS/Operational", "Provider_Name": "Microsoft-Windows-RemoteDesktopServices-RdpCoreTS", "Computer": "DESKTOP-OFJ6N53", "TimeCreated": "2025-08-23 20:33:56.733601+00:00", "RecordID": "182058", "Level": "4", "UserID": "S-1-5-20", "EventData.MethodName": "GetServerAutoReconnectInfo"}
{"EventID": "148", "Channel": "Microsoft-Windows-RemoteDesktopServices-RdpCoreTS/Operational", "Provider_Name": "Microsoft-Windows-RemoteDesktopServices-RdpCoreTS", "Computer": "DESKTOP-OFJ6N53", "TimeCreated": "2025-08-23 20:33:57.724016+00:00", "RecordID": "182059", "Level": "4", "UserID": "S-1-5-20", "EventData.ChannelName": "rdpdr", "EventData.TunnelID": "0"}
{"EventID": "148", "Channel": "Microsoft-Windows-RemoteDesktopServices-RdpCoreTS/Operational", "Provider_Name": "Microsoft-Windows-RemoteDesktopServices-RdpCoreTS", "Computer": "DESKTOP-OFJ6N53", "TimeCreated": "2025-08-23 20:33:57.764332+00:00", "RecordID": "182060", "Level": "4", "UserID": "S-1-5-20", "EventData.ChannelName": "rdpsnd", "EventData.TunnelID": "0"}
{"EventID": "66", "Channel": "Microsoft-Windows-RemoteDesktopServices-RdpCoreTS/Operational", "Provider_Name": "Microsoft-Windows-RemoteDesktopServices-RdpCoreTS", "Computer": "DESKTOP-OFJ6N53", "TimeCreated": "2025-08-23 20:34:00.879347+00:00", "RecordID": "182061", "Level": "4", "UserID": "S-1-5-20", "EventData.ConnectionName": "RDP-Tcp#0", "EventData.SessionID": "1"}
{"EventID": "72", "Channel": "Microsoft-Windows-RemoteDesktopServices-RdpCoreTS/Operational", "Provider_Name": "Microsoft-Windows-RemoteDesktopServices-RdpCoreTS", "Computer": "DESKTOP-OFJ6N53", "TimeCreated": "2025-08-23 20:34:01.153555+00:00", "RecordID": "182062", "Level": "4", "UserID": "S-1-5-20", "EventData.MethodName": "ConnectNotify(SessionId=1)"}
{"EventID": "132", "Channel": "Microsoft-Windows-RemoteDesktopServices-RdpCoreTS/Operational", "Provider_Name": "Microsoft-Windows-RemoteDesktopServices-RdpCoreTS", "Computer": "DESKTOP-OFJ6N53", "TimeCreated": "2025-08-23 20:34:02.712105+00:00", "RecordID": "182063", "Level": "4", "UserID": "S-1-5-20", "EventData.ChannelName": "rdpdr", "EventData.TunnelID": "0"}
{"EventID": "132", "Channel": "Microsoft-Windows-RemoteDesktopServices-RdpCoreTS/Operational", "Provider_Name": "Microsoft-Windows-RemoteDesktopServices-RdpCoreTS", "Computer": "DESKTOP-OFJ6N53", "TimeCreated": "2025-08-23 20:34:02.988726+00:00", "RecordID": "182064", "Level": "4", "UserID": "S-1-5-20", "EventData.ChannelName": "Microsoft::Windows::RDS::Geometry::v08.01", "EventData.TunnelID": "0"}
{"EventID": "148", "Channel": "Microsoft-Windows-RemoteDesktopServices-RdpCoreTS/Operational", "Provider_Name": "Microsoft-Windows-RemoteDesktopServices-RdpCoreTS", "Computer": "DESKTOP-OFJ6N53", "TimeCreated": "2025-08-23 20:34:03.284407+00:00", "RecordID": "182065", "Level": "4", "UserID": "S-1-5-20", "EventData.ChannelName": "AUDIO_PLAYBACK_DVC", "EventData.TunnelID": "0"}
{"EventID": "132", "Channel": "Microsoft-Windows-RemoteDesktopServices-RdpCoreTS/Operational", "Provider_Name": "Microsoft-Windows-RemoteDesktopServices-RdpCoreTS", "Computer": "DESKTOP-OFJ6N53", "TimeCreated": "2025-08-23 20:34:03.284426+00:00", "RecordID": "182066", "Level": "4", "UserID": "S-1-5-20", "EventData.ChannelName": "AUDIO_PLAYBACK_DVC", "EventData.TunnelID": "0"}
{"EventID": "227", "Channel": "Microsoft-Windows-RemoteDesktopServices-RdpCoreTS/Operational", "Provider_Name": "Microsoft-Windows-RemoteDesktopServices-RdpCoreTS", "Computer": "DESKTOP-OFJ6N53", "TimeCreated": "2025-08-23 20:34:03.284618+00:00", "RecordID": "182067", "Level": "2", "UserID": "S-1-5-20", "EventData.Name": "CUMRDPConnection", "EventData.Value": "3489660929", "EventData.CustomLevel": "'Failed CreateVirtualChannel call on this Connections Stack' in CUMRDPConnection::CreateVirtualChannel at 2961 err=[0xd0000001]"}
{"EventID": "132", "Channel": "Microsoft-Windows-RemoteDesktopServices-RdpCoreTS/Operational", "Provider_Name": "Microsoft-Windows-RemoteDesktopServices-RdpCoreTS", "Computer": "DESKTOP-OFJ6N53", "TimeCreated": "2025-08-23 20:34:03.330715+00:00", "RecordID": "182068", "Level": "4", "UserID": "S-1-5-20", "EventData.ChannelName": "AUDIO_PLAYBACK_DVC", "EventData.TunnelID": "0"}
{"EventID": "148", "Channel": "Microsoft-Windows-RemoteDesktopServices-RdpCoreTS/Operational", "Provider_Name": "Microsoft-Windows-RemoteDesktopServices-RdpCoreTS", "Computer": "DESKTOP-OFJ6N53", "TimeCreated": "2025-08-23 20:34:03.330780+00:00", "RecordID": "182069", "Level": "4", "UserID": "S-1-5-20", "EventData.ChannelName": "AUDIO_PLAYBACK_DVC", "EventData.TunnelID": "0"}
{"EventID": "227", "Channel": "Microsoft-Windows-RemoteDesktopServices-RdpCoreTS/Operational", "Provider_Name": "Microsoft-Windows-RemoteDesktopServices-RdpCoreTS", "Computer": "DESKTOP-OFJ6N53", "TimeCreated": "2025-08-23 20:34:03.330980+00:00", "RecordID": "182070", "Level": "2", "UserID": "S-1-5-20", "EventData.Name": "CUMRDPConnection", "EventData.Value": "3489660929", "EventData.CustomLevel": "'Failed CreateVirtualChannel call on this Connections Stack' in CUMRDPConnection::CreateVirtualChannel at 2961 err=[0xd0000001]"}
{"EventID": "132", "Channel": "Microsoft-Windows-RemoteDesktopServices-RdpCoreTS/Operational", "Provider_Name": "Microsoft-Windows-RemoteDesktopServices-RdpCoreTS", "Computer": "DESKTOP-OFJ6N53", "TimeCreated": "2025-08-23 20:34:03.940655+00:00", "RecordID": "182071", "Level": "4", "UserID": "S-1-5-20", "EventData.ChannelName": "rdpsnd", "EventData.TunnelID": "0"}
{"EventID": "132", "Channel": "Microsoft-Windows-RemoteDesktopServices-RdpCoreTS/Operational", "Provider_Name": "Microsoft-Windows-RemoteDesktopServices-RdpCoreTS", "Computer": "DESKTOP-OFJ6N53", "TimeCreated": "2025-08-23 20:34:04.383867+00:00", "RecordID": "182072", "Level": "4", "UserID": "S-1-5-20", "EventData.ChannelName": "Microsoft::Windows::RDS::Input", "EventData.TunnelID": "0"}
{"EventID": "148", "Channel": "Microsoft-Windows-RemoteDesktopServices-RdpCoreTS/Operational", "Provider_Name": "Microsoft-Windows-RemoteDesktopServices-RdpCoreTS", "Computer": "DESKTOP-OFJ6N53", "TimeCreated": "2025-08-23 20:34:04.383877+00:00", "RecordID": "182073", "Level": "4", "UserID": "S-1-5-20", "EventData.ChannelName": "Microsoft::Windows::RDS::Input", "EventData.TunnelID": "0"}
{"EventID": "227", "Channel": "Microsoft-Windows-RemoteDesktopServices-RdpCoreTS/Operational", "Provider_Name": "Microsoft-Windows-RemoteDesktopServices-RdpCoreTS", "Computer": "DESKTOP-OFJ6N53", "TimeCreated": "2025-08-23 20:34:04.384132+00:00", "RecordID": "182074", "Level": "2", "UserID": "S-1-5-20", "EventData.Name": "CUMRDPConnection", "EventData.Value": "3489660929", "EventData.CustomLevel": "'Failed CreateVirtualChannel call on this Connections Stack' in CUMRDPConnection::CreateVirtualChannel at 2961 err=[0xd0000001]"}
{"EventID": "132", "Channel": "Microsoft-Windows-RemoteDesktopServices-RdpCoreTS/Operational", "Provider_Name": "Microsoft-Windows-RemoteDesktopServices-RdpCoreTS", "Computer": "DESKTOP-OFJ6N53", "TimeCreated": "2025-08-23 20:34:04.589670+00:00", "RecordID": "182075", "Level": "4", "UserID": "S-1-5-20", "EventData.ChannelName": "Microsoft::Windows::RDS::DisplayControl", "EventData.TunnelID": "0"}
{"EventID": "72", "Channel": "Microsoft-Windows-RemoteDesktopServices-RdpCoreTS/Operational", "Provider_Name": "Microsoft-Windows-RemoteDesktopServices-RdpCoreTS", "Computer": "DESKTOP-OFJ6N53", "TimeCreated": "2025-08-23 20:34:04.622688+00:00", "RecordID": "182076", "Level": "4", "UserID": "S-1-5-20", "EventData.MethodName": "LogonNotify(SessionId=1)"}
{"EventID": "132", "Channel": "Microsoft-Windows-RemoteDesktopServices-RdpCoreTS/Operational", "Provider_Name": "Microsoft-Windows-RemoteDesktopServices-RdpCoreTS", "Computer": "DESKTOP-OFJ6N53", "TimeCreated": "2025-08-23 20:34:04.967323+00:00", "RecordID": "182077", "Level": "4", "UserID": "S-1-5-20", "EventData.ChannelName": "Microsoft::Windows::RDS::Geometry::v08.01", "EventData.TunnelID": "0"}
{"EventID": "132", "Channel": "Microsoft-Windows-RemoteDesktopServices-RdpCoreTS/Operational", "Provider_Name": "Microsoft-Windows-RemoteDesktopServices-RdpCoreTS", "Computer": "DESKTOP-OFJ6N53", "TimeCreated": "2025-08-23 20:34:05.259529+00:00", "RecordID": "182078", "Level": "4", "UserID": "S-1-5-20", "EventData.ChannelName": "cliprdr", "EventData.TunnelID": "0"}
{"EventID": "148", "Channel": "Microsoft-Windows-RemoteDesktopServices-RdpCoreTS/Operational", "Provider_Name": "Microsoft-Windows-RemoteDesktopServices-RdpCoreTS", "Computer": "DESKTOP-OFJ6N53", "TimeCreated": "2025-08-23 20:34:05.589308+00:00", "RecordID": "182079", "Level": "4", "UserID": "S-1-5-20", "EventData.ChannelName": "Microsoft::Windows::RDS::Geometry::v08.01", "EventData.TunnelID": "0"}
{"EventID": "168", "Channel": "Microsoft-Windows-RemoteDesktopServices-RdpCoreTS/Operational", "Provider_Name": "Microsoft-Windows-RemoteDesktopServices-RdpCoreTS", "Computer": "DESKTOP-OFJ6N53", "TimeCreated": "2025-08-23 20:34:05.774467+00:00", "RecordID": "182080", "Level": "4", "UserID": "S-1-5-20", "EventData.MonitorNum": "0", "EventData.MonitorWidth": "1710", "EventData.MonitorHeight": "1068", "EventData.MonitorX": "0", "EventData.MonitorY": "0", "EventData.ServerName": "DESKTOP-OFJ6N53"}
{"EventID": "132", "Channel": "Microsoft-Windows-RemoteDesktopServices-RdpCoreTS/Operational", "Provider_Name": "Microsoft-Windows-RemoteDesktopServices-RdpCoreTS", "Computer": "DESKTOP-OFJ6N53", "TimeCreated": "2025-08-23 20:34:06.020432+00:00", "RecordID": "182081", "Level": "4", "UserID": "S-1-5-20", "EventData.ChannelName": "Microsoft::Windows::RDS::Geometry::v08.01", "EventData.TunnelID": "0"}
{"EventID": "148", "Channel": "Microsoft-Windows-RemoteDesktopServices-RdpCoreTS/Operational", "Provider_Name": "Microsoft-Windows-RemoteDesktopServices-RdpCoreTS", "Computer": "DESKTOP-OFJ6N53", "TimeCreated": "2025-08-23 20:34:06.069216+00:00", "RecordID": "182082", "Level": "4", "UserID": "S-1-5-20", "EventData.ChannelName": "Microsoft::Windows::RDS::Geometry::v08.01", "EventData.TunnelID": "0"}
{"EventID": "132", "Channel": "Microsoft-Windows-RemoteDesktopServices-RdpCoreTS/Operational", "Provider_Name": "Microsoft-Windows-RemoteDesktopServices-RdpCoreTS", "Computer": "DESKTOP-OFJ6N53", "TimeCreated": "2025-08-23 20:34:07.718794+00:00", "RecordID": "182083", "Level": "4", "UserID": "S-1-5-20", "EventData.ChannelName": "RDCamera_Device_Enumerator", "EventData.TunnelID": "0"}
{"EventID": "227", "Channel": "Microsoft-Windows-RemoteDesktopServices-RdpCoreTS/Operational", "Provider_Name": "Microsoft-Windows-RemoteDesktopServices-RdpCoreTS", "Computer": "DESKTOP-OFJ6N53", "TimeCreated": "2025-08-23 20:34:07.719124+00:00", "RecordID": "182084", "Level": "2", "UserID": "S-1-5-20", "EventData.Name": "CUMRDPConnection", "EventData.Value": "3489660929", "EventData.CustomLevel": "'Failed CreateVirtualChannel call on this Connections Stack' in CUMRDPConnection::CreateVirtualChannel at 2961 err=[0xd0000001]"}
{"EventID": "148", "Channel": "Microsoft-Windows-RemoteDesktopServices-RdpCoreTS/Operational", "Provider_Name": "Microsoft-Windows-RemoteDesktopServices-RdpCoreTS", "Computer": "DESKTOP-OFJ6N53", "TimeCreated": "2025-08-23 20:34:07.719349+00:00", "RecordID": "182085", "Level": "4", "UserID": "S-1-5-20", "EventData.ChannelName": "RDCamera_Device_Enumerator", "EventData.TunnelID": "0"}
{"EventID": "166", "Channel": "Microsoft-Windows-RemoteDesktopServices-RdpCoreTS/Operational", "Provider_Name": "Microsoft-Windows-RemoteDesktopServices-RdpCoreTS", "Computer": "DESKTOP-OFJ6N53", "TimeCreated": "2025-08-23 20:34:47.361330+00:00", "RecordID": "182086", "Level": "4", "UserID": "S-1-5-20", "EventData.ServerName": "DESKTOP-OFJ6N53"}
{"EventID": "107", "Channel": "Microsoft-Windows-RemoteDesktopServices-RdpCoreTS/Operational", "Provider_Name": "Microsoft-Windows-RemoteDesktopServices-RdpCoreTS", "Computer": "DESKTOP-OFJ6N53", "TimeCreated": "2025-08-23 21:05:05.352411+00:00", "RecordID": "182087", "Level": "4", "UserID": "S-1-5-20"}
{"EventID": "226", "Channel": "Microsoft-Windows-RemoteDesktopServices-RdpCoreTS/Operational", "Provider_Name": "Microsoft-Windows-RemoteDesktopServices-RdpCoreTS", "Computer": "DESKTOP-OFJ6N53", "TimeCreated": "2025-08-23 21:05:05.352869+00:00", "RecordID": "182088", "Level": "3", "UserID": "S-1-5-20", "EventData.StateTransition": "RDP_SEC", "EventData.PreviousState": "0", "EventData.PreviousStateName": "FStatePassthrough", "EventData.NewState": "9", "EventData.NewStateName": "FStateError", "EventData.Event": "16", "EventData.EventName": "FEventCheckAndCompleteReadsFailed", "EventData.ErrorCode": "0x8007139f"}
{"EventID": "72", "Channel": "Microsoft-Windows-RemoteDesktopServices-RdpCoreTS/Operational", "Provider_Name": "Microsoft-Windows-RemoteDesktopServices-RdpCoreTS", "Computer": "DESKTOP-OFJ6N53", "TimeCreated": "2025-08-23 21:05:05.547749+00:00", "RecordID": "182089", "Level": "4", "UserID": "S-1-5-20", "EventData.MethodName": "OnDisconnected"}
{"EventID": "102", "Channel": "Microsoft-Windows-RemoteDesktopServices-RdpCoreTS/Operational", "Provider_Name": "Microsoft-Windows-RemoteDesktopServices-RdpCoreTS", "Computer": "DESKTOP-OFJ6N53", "TimeCreated": "2025-08-23 21:05:05.548283+00:00", "RecordID": "182090", "Level": "4", "UserID": "S-1-5-20"}
{"EventID": "145", "Channel": "Microsoft-Windows-RemoteDesktopServices-RdpCoreTS/Operational", "Provider_Name": "Microsoft-Windows-RemoteDesktopServices-RdpCoreTS", "Computer": "DESKTOP-OFJ6N53", "TimeCreated": "2025-08-23 21:05:05.548300+00:00", "RecordID": "182091", "Level": "4", "UserID": "S-1-5-20", "EventData.IdleSeconds": "785", "EventData.IdleSeconds1": "0", "EventData.IdleSeconds2": "0"}
{"EventID": "148", "Channel": "Microsoft-Windows-RemoteDesktopServices-RdpCoreTS/Operational", "Provider_Name": "Microsoft-Windows-RemoteDesktopServices-RdpCoreTS", "Computer": "DESKTOP-OFJ6N53", "TimeCreated": "2025-08-23 21:05:05.548307+00:00", "RecordID": "182092", "Level": "4", "UserID": "S-1-5-20", "EventData.ChannelName": "rdpinpt", "EventData.TunnelID": "0"}
{"EventID": "148", "Channel": "Microsoft-Windows-RemoteDesktopServices-RdpCoreTS/Operational", "Provider_Name": "Microsoft-Windows-RemoteDesktopServices-RdpCoreTS", "Computer": "DESKTOP-OFJ6N53", "TimeCreated": "2025-08-23 21:05:05.548313+00:00", "RecordID": "182093", "Level": "4", "UserID": "S-1-5-20", "EventData.ChannelName": "rdpcmd", "EventData.TunnelID": "0"}
{"EventID": "148", "Channel": "Microsoft-Windows-RemoteDesktopServices-RdpCoreTS/Operational", "Provider_Name": "Microsoft-Windows-RemoteDesktopServices-RdpCoreTS", "Computer": "DESKTOP-OFJ6N53", "TimeCreated": "2025-08-23 21:05:05.548317+00:00", "RecordID": "182094", "Level": "4", "UserID": "S-1-5-20", "EventData.ChannelName": "rdplic", "EventData.TunnelID": "0"}
{"EventID": "148", "Channel": "Microsoft-Windows-RemoteDesktopServices-RdpCoreTS/Operational", "Provider_Name": "Microsoft-Windows-RemoteDesktopServices-RdpCoreTS", "Computer": "DESKTOP-OFJ6N53", "TimeCreated": "2025-08-23 21:05:05.548317+00:00", "RecordID": "182095", "Level": "4", "UserID": "S-1-5-20", "EventData.ChannelName": "Microsoft::Windows::RDS::Telemetry", "EventData.TunnelID": "0"}
{"EventID": "148", "Channel": "Microsoft-Windows-RemoteDesktopServices-RdpCoreTS/Operational", "Provider_Name": "Microsoft-Windows-RemoteDesktopServices-RdpCoreTS", "Computer": "DESKTOP-OFJ6N53", "TimeCreated": "2025-08-23 21:05:05.548334+00:00", "RecordID": "182096", "Level": "4", "UserID": "S-1-5-20", "EventData.ChannelName": "rdpgrfx", "EventData.TunnelID": "0"}
{"EventID": "148", "Channel": "Microsoft-Windows-RemoteDesktopServices-RdpCoreTS/Operational", "Provider_Name": "Microsoft-Windows-RemoteDesktopServices-RdpCoreTS", "Computer": "DESKTOP-OFJ6N53", "TimeCreated": "2025-08-23 21:05:05.548336+00:00", "RecordID": "182097", "Level": "4", "UserID": "S-1-5-20", "EventData.ChannelName": "railenc", "EventData.TunnelID": "0"}
{"EventID": "148", "Channel": "Microsoft-Windows-RemoteDesktopServices-RdpCoreTS/Operational", "Provider_Name": "Microsoft-Windows-RemoteDesktopServices-RdpCoreTS", "Computer": "DESKTOP-OFJ6N53", "TimeCreated": "2025-08-23 21:05:05.548361+00:00", "RecordID": "182098", "Level": "4", "UserID": "S-1-5-20", "EventData.ChannelName": "Microsoft::Windows::RDS::Frame_Buffer::Control::v08.01", "EventData.TunnelID": "0"}
{"EventID": "148", "Channel": "Microsoft-Windows-RemoteDesktopServices-RdpCoreTS/Operational", "Provider_Name": "Microsoft-Windows-RemoteDesktopServices-RdpCoreTS", "Computer": "DESKTOP-OFJ6N53", "TimeCreated": "2025-08-23 21:05:05.548370+00:00", "RecordID": "182099", "Level": "4", "UserID": "S-1-5-20", "EventData.ChannelName": "Microsoft::Windows::RDS::Graphics", "EventData.TunnelID": "0"}
{"EventID": "148", "Channel": "Microsoft-Windows-RemoteDesktopServices-RdpCoreTS/Operational", "Provider_Name": "Microsoft-Windows-RemoteDesktopServices-RdpCoreTS", "Computer": "DESKTOP-OFJ6N53", "TimeCreated": "2025-08-23 21:05:05.548372+00:00", "RecordID": "182100", "Level": "4", "UserID": "S-1-5-20", "EventData.ChannelName": "ECHO", "EventData.TunnelID": "0"}
{"EventID": "148", "Channel": "Microsoft-Windows-RemoteDesktopServices-RdpCoreTS/Operational", "Provider_Name": "Microsoft-Windows-RemoteDesktopServices-RdpCoreTS", "Computer": "DESKTOP-OFJ6N53", "TimeCreated": "2025-08-23 21:05:05.548805+00:00", "RecordID": "182101", "Level": "4", "UserID": "S-1-5-20", "EventData.ChannelName": "Microsoft::Windows::RDS::Geometry::v08.01", "EventData.TunnelID": "0"}
{"EventID": "148", "Channel": "Microsoft-Windows-RemoteDesktopServices-RdpCoreTS/Operational", "Provider_Name": "Microsoft-Windows-RemoteDesktopServices-RdpCoreTS", "Computer": "DESKTOP-OFJ6N53", "TimeCreated": "2025-08-23 21:05:05.549185+00:00", "RecordID": "182102", "Level": "4", "UserID": "S-1-5-20", "EventData.ChannelName": "Microsoft::Windows::RDS::DisplayControl", "EventData.TunnelID": "0"}
{"EventID": "148", "Channel": "Microsoft-Windows-RemoteDesktopServices-RdpCoreTS/Operational", "Provider_Name": "Microsoft-Windows-RemoteDesktopServices-RdpCoreTS", "Computer": "DESKTOP-OFJ6N53", "TimeCreated": "2025-08-23 21:05:05.549635+00:00", "RecordID": "182103", "Level": "4", "UserID": "S-1-5-20", "EventData.ChannelName": "rdpdr", "EventData.TunnelID": "0"}
{"EventID": "148", "Channel": "Microsoft-Windows-RemoteDesktopServices-RdpCoreTS/Operational", "Provider_Name": "Microsoft-Windows-RemoteDesktopServices-RdpCoreTS", "Computer": "DESKTOP-OFJ6N53", "TimeCreated": "2025-08-23 21:05:05.549990+00:00", "RecordID": "182104", "Level": "4", "UserID": "S-1-5-20", "EventData.ChannelName": "rdpsnd", "EventData.TunnelID": "0"}
{"EventID": "148", "Channel": "Microsoft-Windows-RemoteDesktopServices-RdpCoreTS/Operational", "Provider_Name": "Microsoft-Windows-RemoteDesktopServices-RdpCoreTS", "Computer": "DESKTOP-OFJ6N53", "TimeCreated": "2025-08-23 21:05:05.550426+00:00", "RecordID": "182105", "Level": "4", "UserID": "S-1-5-20", "EventData.ChannelName": "cliprdr", "EventData.TunnelID": "0"}
{"EventID": "228", "Channel": "Microsoft-Windows-RemoteDesktopServices-RdpCoreTS/Operational", "Provider_Name": "Microsoft-Windows-RemoteDesktopServices-RdpCoreTS", "Computer": "DESKTOP-OFJ6N53", "TimeCreated": "2025-08-23 21:05:05.550737+00:00", "RecordID": "182106", "Level": "3", "UserID": "S-1-5-20", "EventData.ComponentName": "CUMRDPConnection", "EventData.Message": "Disconnect trace:'calling spGfxPlugin->PreDisconnect()' in CUMRDPConnection::PreDisconnect at 5076 err=[0x0]", "EventData.ErrorCode": "0"}
{"EventID": "72", "Channel": "Microsoft-Windows-RemoteDesktopServices-RdpCoreTS/Operational", "Provider_Name": "Microsoft-Windows-RemoteDesktopServices-RdpCoreTS", "Computer": "DESKTOP-OFJ6N53", "TimeCreated": "2025-08-23 21:05:05.550739+00:00", "RecordID": "182107", "Level": "4", "UserID": "S-1-5-20", "EventData.MethodName": "PreDisconnect(0)"}
{"EventID": "72", "Channel": "Microsoft-Windows-RemoteDesktopServices-RdpCoreTS/Operational", "Provider_Name": "Microsoft-Windows-RemoteDesktopServices-RdpCoreTS", "Computer": "DESKTOP-OFJ6N53", "TimeCreated": "2025-08-23 21:05:05.550749+00:00", "RecordID": "182108", "Level": "4", "UserID": "S-1-5-20", "EventData.MethodName": "SetErrorInfo(0x0)"}
{"EventID": "72", "Channel": "Microsoft-Windows-RemoteDesktopServices-RdpCoreTS/Operational", "Provider_Name": "Microsoft-Windows-RemoteDesktopServices-RdpCoreTS", "Computer": "DESKTOP-OFJ6N53", "TimeCreated": "2025-08-23 21:05:05.813639+00:00", "RecordID": "182109", "Level": "4", "UserID": "S-1-5-20", "EventData.MethodName": "DisconnectNotify"}
{"EventID": "72", "Channel": "Microsoft-Windows-RemoteDesktopServices-RdpCoreTS/Operational", "Provider_Name": "Microsoft-Windows-RemoteDesktopServices-RdpCoreTS", "Computer": "DESKTOP-OFJ6N53", "TimeCreated": "2025-08-23 21:05:05.813643+00:00", "RecordID": "182110", "Level": "4", "UserID": "S-1-5-20", "EventData.MethodName": "GetServerAutoReconnectInfo"}
{"EventID": "72", "Channel": "Microsoft-Windows-RemoteDesktopServices-RdpCoreTS/Operational", "Provider_Name": "Microsoft-Windows-RemoteDesktopServices-RdpCoreTS", "Computer": "DESKTOP-OFJ6N53", "TimeCreated": "2025-08-23 21:05:05.814098+00:00", "RecordID": "182111", "Level": "4", "UserID": "S-1-5-20", "EventData.MethodName": "GetServerAutoReconnectInfo"}
{"EventID": "103", "Channel": "Microsoft-Windows-RemoteDesktopServices-RdpCoreTS/Operational", "Provider_Name": "Microsoft-Windows-RemoteDesktopServices-RdpCoreTS", "Computer": "DESKTOP-OFJ6N53", "TimeCreated": "2025-08-23 21:05:05.814104+00:00", "RecordID": "182112", "Level": "4", "UserID": "S-1-5-20", "EventData.ReasonCode": "13"}
{"EventID": "131", "Channel": "Microsoft-Windows-RemoteDesktopServices-RdpCoreTS/Operational", "Provider_Name": "Microsoft-Windows-RemoteDesktopServices-RdpCoreTS", "Computer": "DESKTOP-OFJ6N53", "TimeCreated": "2025-08-25 07:51:03.987871+00:00", "RecordID": "182113", "Level": "4", "UserID": "S-1-5-20", "EventData.ConnType": "TCP", "EventData.ClientIP": "10.31.228.152:52755"}
{"EventID": "65", "Channel": "Microsoft-Windows-RemoteDesktopServices-RdpCoreTS/Operational", "Provider_Name": "Microsoft-Windows-RemoteDesktopServices-RdpCoreTS", "Computer": "DESKTOP-OFJ6N53", "TimeCreated": "2025-08-25 07:51:03.990900+00:00", "RecordID": "182114", "Level": "4", "UserID": "S-1-5-20", "EventData.ConnectionName": "RDP-Tcp#1"}
{"EventID": "72", "Channel": "Microsoft-Windows-RemoteDesktopServices-RdpCoreTS/Operational", "Provider_Name": "Microsoft-Windows-RemoteDesktopServices-RdpCoreTS", "Computer": "DESKTOP-OFJ6N53", "TimeCreated": "2025-08-25 07:51:03.992971+00:00", "RecordID": "182115", "Level": "4", "UserID": "S-1-5-20", "EventData.MethodName": "PrepareForAccept"}
{"EventID": "72", "Channel": "Microsoft-Windows-RemoteDesktopServices-RdpCoreTS/Operational", "Provider_Name": "Microsoft-Windows-RemoteDesktopServices-RdpCoreTS", "Computer": "DESKTOP-OFJ6N53", "TimeCreated": "2025-08-25 07:51:03.992989+00:00", "RecordID": "182116", "Level": "4", "UserID": "S-1-5-20", "EventData.MethodName": "SendPolicyData"}
{"EventID": "141", "Channel": "Microsoft-Windows-RemoteDesktopServices-RdpCoreTS/Operational", "Provider_Name": "Microsoft-Windows-RemoteDesktopServices-RdpCoreTS", "Computer": "DESKTOP-OFJ6N53", "TimeCreated": "2025-08-25 07:51:03.994017+00:00", "RecordID": "182117", "Level": "4", "UserID": "S-1-5-20", "EventData.InstanceID": "1"}
{"EventID": "101", "Channel": "Microsoft-Windows-RemoteDesktopServices-RdpCoreTS/Operational", "Provider_Name": "Microsoft-Windows-RemoteDesktopServices-RdpCoreTS", "Computer": "DESKTOP-OFJ6N53", "TimeCreated": "2025-08-25 07:51:06.411720+00:00", "RecordID": "182118", "Level": "3", "UserID": "S-1-5-20", "EventData.ReasonString": "Reason Code: 2(Server Configuration)."}
{"EventID": "132", "Channel": "Microsoft-Windows-RemoteDesktopServices-RdpCoreTS/Operational", "Provider_Name": "Microsoft-Windows-RemoteDesktopServices-RdpCoreTS", "Computer": "DESKTOP-OFJ6N53", "TimeCreated": "2025-08-25 07:51:06.411730+00:00", "RecordID": "182119", "Level": "4", "UserID": "S-1-5-20", "EventData.ChannelName": "rdplic", "EventData.TunnelID": "0"}
{"EventID": "132", "Channel": "Microsoft-Windows-RemoteDesktopServices-RdpCoreTS/Operational", "Provider_Name": "Microsoft-Windows-RemoteDesktopServices-RdpCoreTS", "Computer": "DESKTOP-OFJ6N53", "TimeCreated": "2025-08-25 07:51:06.411734+00:00", "RecordID": "182120", "Level": "4", "UserID": "S-1-5-20", "EventData.ChannelName": "rdpcmd", "EventData.TunnelID": "0"}
{"EventID": "72", "Channel": "Microsoft-Windows-RemoteDesktopServices-RdpCoreTS/Operational", "Provider_Name": "Microsoft-Windows-RemoteDesktopServices-RdpCoreTS", "Computer": "DESKTOP-OFJ6N53", "TimeCreated": "2025-08-25 07:51:06.411743+00:00", "RecordID": "182121", "Level": "4", "UserID": "S-1-5-20", "EventData.MethodName": "OnStartLicensing"}
{"EventID": "72", "Channel": "Microsoft-Windows-RemoteDesktopServices-RdpCoreTS/Operational", "Provider_Name": "Microsoft-Windows-RemoteDesktopServices-RdpCoreTS", "Computer": "DESKTOP-OFJ6N53", "TimeCreated": "2025-08-25 07:51:06.411938+00:00", "RecordID": "182122", "Level": "4", "UserID": "S-1-5-20", "EventData.MethodName": "AcceptConnection"}
{"EventID": "104", "Channel": "Microsoft-Windows-RemoteDesktopServices-RdpCoreTS/Operational", "Provider_Name": "Microsoft-Windows-RemoteDesktopServices-RdpCoreTS", "Computer": "DESKTOP-OFJ6N53", "TimeCreated": "2025-08-25 07:51:06.412046+00:00", "RecordID": "182123", "Level": "4", "UserID": "S-1-5-20", "EventData.TimezoneBiasHour": "[3]"}
{"EventID": "71", "Channel": "Microsoft-Windows-RemoteDesktopServices-RdpCoreTS/Operational", "Provider_Name": "Microsoft-Windows-RemoteDesktopServices-RdpCoreTS", "Computer": "DESKTOP-OFJ6N53", "TimeCreated": "2025-08-25 07:51:06.412048+00:00", "RecordID": "182124", "Level": "4", "UserID": "S-1-5-20", "EventData.ConnectionName": "RDP-Tcp#1", "EventData.DisplayDriverName": "RDPUDD"}
{"EventID": "227", "Channel": "Microsoft-Windows-RemoteDesktopServices-RdpCoreTS/Operational", "Provider_Name": "Microsoft-Windows-RemoteDesktopServices-RdpCoreTS", "Computer": "DESKTOP-OFJ6N53", "TimeCreated": "2025-08-25 07:51:06.412086+00:00", "RecordID": "182125", "Level": "2", "UserID": "S-1-5-20", "EventData.Name": "CUMRDPConnection", "EventData.Value": "2147500033", "EventData.CustomLevel": "'Failed GetConnectionProperty' in CUMRDPConnection::QueryProperty at 3347 err=[0x80004001]"}
{"EventID": "72", "Channel": "Microsoft-Windows-RemoteDesktopServices-RdpCoreTS/Operational", "Provider_Name": "Microsoft-Windows-RemoteDesktopServices-RdpCoreTS", "Computer": "DESKTOP-OFJ6N53", "TimeCreated": "2025-08-25 07:51:06.412088+00:00", "RecordID": "182126", "Level": "4", "UserID": "S-1-5-20", "EventData.MethodName": "GetSecurityFilterCreds"}
{"EventID": "72", "Channel": "Microsoft-Windows-RemoteDesktopServices-RdpCoreTS/Operational", "Provider_Name": "Microsoft-Windows-RemoteDesktopServices-RdpCoreTS", "Computer": "DESKTOP-OFJ6N53", "TimeCreated": "2025-08-25 07:51:06.413160+00:00", "RecordID": "182127", "Level": "4", "UserID": "S-1-5-20", "EventData.MethodName": "SendClientLicense"}
{"EventID": "72", "Channel": "Microsoft-Windows-RemoteDesktopServices-RdpCoreTS/Operational", "Provider_Name": "Microsoft-Windows-RemoteDesktopServices-RdpCoreTS", "Computer": "DESKTOP-OFJ6N53", "TimeCreated": "2025-08-25 07:51:06.413172+00:00", "RecordID": "182128", "Level": "4", "UserID": "S-1-5-20", "EventData.MethodName": "ProtocolComplete"}
