{"EventID": "1402", "Channel": "Microsoft-Windows-ShellCommon-StartLayoutPopulation/Operational", "Provider_Name": "Microsoft-Windows-ShellCommon-StartLayoutPopulation", "Computer": "DESKTOP-OFJ6N53", "TimeCreated": "2023-01-25 08:57:55.408943+00:00", "RecordID": "667", "Level": "4", "UserID": "S-1-5-21-963789628-1060504924-4285088085-1001"}
{"EventID": "1403", "Channel": "Microsoft-Windows-ShellCommon-StartLayoutPopulation/Operational", "Provider_Name": "Microsoft-Windows-ShellCommon-StartLayoutPopulation", "Computer": "DESKTOP-OFJ6N53", "TimeCreated": "2023-01-25 08:57:55.770256+00:00", "RecordID": "668", "Level": "4", "UserID": "S-1-5-21-963789628-1060504924-4285088085-1001"}
{"EventID": "1402", "Channel": "Microsoft-Windows-ShellCommon-StartLayoutPopulation/Operational", "Provider_Name": "Microsoft-Windows-ShellCommon-StartLayoutPopulation", "Computer": "DESKTOP-OFJ6N53", "TimeCreated": "2023-01-25 08:58:04.437437+00:00", "RecordID": "669", "Level": "4", "UserID": "S-1-5-21-963789628-1060504924-4285088085-1001"}
{"EventID": "1403", "Channel": "Microsoft-Windows-ShellCommon-StartLayoutPopulation/Operational", "Provider_Name": "Microsoft-Windows-ShellCommon-StartLayoutPopulation", "Computer": "DESKTOP-OFJ6N53", "TimeCreated": "2023-01-25 08:58:04.458792+00:00", "RecordID": "670", "Level": "4", "UserID": "S-1-5-21-963789628-1060504924-4285088085-1001"}
{"EventID": "1402", "Channel": "Microsoft-Windows-ShellCommon-StartLayoutPopulation/Operational", "Provider_Name": "Microsoft-Windows-ShellCommon-StartLayoutPopulation", "Computer": "DESKTOP-OFJ6N53", "TimeCreated": "2023-01-28 09:56:05.542501+00:00", "RecordID": "671", "Level": "4", "UserID": "S-1-5-21-963789628-1060504924-4285088085-1001"}
{"EventID": "1403", "Channel": "Microsoft-Windows-ShellCommon-StartLayoutPopulation/Operational", "Provider_Name": "Microsoft-Windows-ShellCommon-StartLayoutPopulation", "Computer": "DESKTOP-OFJ6N53", "TimeCreated": "2023-01-28 09:56:05.590309+00:00", "RecordID": "672", "Level": "4", "UserID": "S-1-5-21-963789628-1060504924-4285088085-1001"}
{"EventID": "1402", "Channel": "Microsoft-Windows-ShellCommon-StartLayoutPopulation/Operational", "Provider_Name": "Microsoft-Windows-ShellCommon-StartLayoutPopulation", "Computer": "DESKTOP-OFJ6N53", "TimeCreated": "2023-01-28 09:56:16.628393+00:00", "RecordID": "673", "Level": "4", "UserID": "S-1-5-21-963789628-1060504924-4285088085-1001"}
{"EventID": "1403", "Channel": "Microsoft-Windows-ShellCommon-StartLayoutPopulation/Operational", "Provider_Name": "Microsoft-Windows-ShellCommon-StartLayoutPopulation", "Computer": "DESKTOP-OFJ6N53", "TimeCreated": "2023-01-28 09:56:16.933342+00:00", "RecordID": "674", "Level": "4", "UserID": "S-1-5-21-963789628-1060504924-4285088085-1001"}
{"EventID": "1402", "Channel": "Microsoft-Windows-ShellCommon-StartLayoutPopulation/Operational", "Provider_Name": "Microsoft-Windows-ShellCommon-StartLayoutPopulation", "Computer": "DESKTOP-OFJ6N53", "TimeCreated": "2023-01-28 09:58:47.031158+00:00", "RecordID": "675", "Level": "4", "UserID": "S-1-5-21-963789628-1060504924-4285088085-1001"}
{"EventID": "1403", "Channel": "Microsoft-Windows-ShellCommon-StartLayoutPopulation/Operational", "Provider_Name": "Microsoft-Windows-ShellCommon-StartLayoutPopulation", "Computer": "DESKTOP-OFJ6N53", "TimeCreated": "2023-01-28 09:58:47.092031+00:00", "RecordID": "676", "Level": "4", "UserID": "S-1-5-21-963789628-1060504924-4285088085-1001"}
{"EventID": "1402", "Channel": "Microsoft-Windows-ShellCommon-StartLayoutPopulation/Operational", "Provider_Name": "Microsoft-Windows-ShellCommon-StartLayoutPopulation", "Computer": "DESKTOP-OFJ6N53", "TimeCreated": "2023-01-30 08:07:17.544922+00:00", "RecordID": "677", "Level": "4", "UserID": "S-1-5-21-963789628-1060504924-4285088085-1001"}
{"EventID": "1403", "Channel": "Microsoft-Windows-ShellCommon-StartLayoutPopulation/Operational", "Provider_Name": "Microsoft-Windows-ShellCommon-StartLayoutPopulation", "Computer": "DESKTOP-OFJ6N53", "TimeCreated": "2023-01-30 08:07:17.576368+00:00", "RecordID": "678", "Level": "4", "UserID": "S-1-5-21-963789628-1060504924-4285088085-1001"}
{"EventID": "1402", "Channel": "Microsoft-Windows-ShellCommon-StartLayoutPopulation/Operational", "Provider_Name": "Microsoft-Windows-ShellCommon-StartLayoutPopulation", "Computer": "DESKTOP-OFJ6N53", "TimeCreated": "2023-01-30 08:07:27.120262+00:00", "RecordID": "679", "Level": "4", "UserID": "S-1-5-21-963789628-1060504924-4285088085-1001"}
{"EventID": "1403", "Channel": "Microsoft-Windows-ShellCommon-StartLayoutPopulation/Operational", "Provider_Name": "Microsoft-Windows-ShellCommon-StartLayoutPopulation", "Computer": "DESKTOP-OFJ6N53", "TimeCreated": "2023-01-30 08:07:27.138428+00:00", "RecordID": "680", "Level": "4", "UserID": "S-1-5-21-963789628-1060504924-4285088085-1001"}
{"EventID": "1402", "Channel": "Microsoft-Windows-ShellCommon-StartLayoutPopulation/Operational", "Provider_Name": "Microsoft-Windows-ShellCommon-StartLayoutPopulation", "Computer": "DESKTOP-OFJ6N53", "TimeCreated": "2023-02-03 08:07:21.522482+00:00", "RecordID": "681", "Level": "4", "UserID": "S-1-5-21-963789628-1060504924-4285088085-1001"}
{"EventID": "1403", "Channel": "Microsoft-Windows-ShellCommon-StartLayoutPopulation/Operational", "Provider_Name": "Microsoft-Windows-ShellCommon-StartLayoutPopulation", "Computer": "DESKTOP-OFJ6N53", "TimeCreated": "2023-02-03 08:07:21.559633+00:00", "RecordID": "682", "Level": "4", "UserID": "S-1-5-21-963789628-1060504924-4285088085-1001"}
{"EventID": "1402", "Channel": "Microsoft-Windows-ShellCommon-StartLayoutPopulation/Operational", "Provider_Name": "Microsoft-Windows-ShellCommon-StartLayoutPopulation", "Computer": "DESKTOP-OFJ6N53", "TimeCreated": "2023-02-05 11:11:07.124125+00:00", "RecordID": "683", "Level": "4", "UserID": "S-1-5-21-963789628-1060504924-4285088085-1001"}
{"EventID": "1403", "Channel": "Microsoft-Windows-ShellCommon-StartLayoutPopulation/Operational", "Provider_Name": "Microsoft-Windows-ShellCommon-StartLayoutPopulation", "Computer": "DESKTOP-OFJ6N53", "TimeCreated": "2023-02-05 11:11:07.178900+00:00", "RecordID": "684", "Level": "4", "UserID": "S-1-5-21-963789628-1060504924-4285088085-1001"}
{"EventID": "1402", "Channel": "Microsoft-Windows-ShellCommon-StartLayoutPopulation/Operational", "Provider_Name": "Microsoft-Windows-ShellCommon-StartLayoutPopulation", "Computer": "DESKTOP-OFJ6N53", "TimeCreated": "2023-02-09 10:53:22.874699+00:00", "RecordID": "685", "Level": "4", "UserID": "S-1-5-21-963789628-1060504924-4285088085-1001"}
{"EventID": "1403", "Channel": "Microsoft-Windows-ShellCommon-StartLayoutPopulation/Operational", "Provider_Name": "Microsoft-Windows-ShellCommon-StartLayoutPopulation", "Computer": "DESKTOP-OFJ6N53", "TimeCreated": "2023-02-09 10:53:22.918734+00:00", "RecordID": "686", "Level": "4", "UserID": "S-1-5-21-963789628-1060504924-4285088085-1001"}
{"EventID": "1402", "Channel": "Microsoft-Windows-ShellCommon-StartLayoutPopulation/Operational", "Provider_Name": "Microsoft-Windows-ShellCommon-StartLayoutPopulation", "Computer": "DESKTOP-OFJ6N53", "TimeCreated": "2023-02-09 10:53:25.514547+00:00", "RecordID": "687", "Level": "4", "UserID": "S-1-5-21-963789628-1060504924-4285088085-1001"}
{"EventID": "1403", "Channel": "Microsoft-Windows-ShellCommon-StartLayoutPopulation/Operational", "Provider_Name": "Microsoft-Windows-ShellCommon-StartLayoutPopulation", "Computer": "DESKTOP-OFJ6N53", "TimeCreated": "2023-02-09 10:53:25.543036+00:00", "RecordID": "688", "Level": "4", "UserID": "S-1-5-21-963789628-1060504924-4285088085-1001"}
{"EventID": "1402", "Channel": "Microsoft-Windows-ShellCommon-StartLayoutPopulation/Operational", "Provider_Name": "Microsoft-Windows-ShellCommon-StartLayoutPopulation", "Computer": "DESKTOP-OFJ6N53", "TimeCreated": "2023-02-14 14:08:45.758410+00:00", "RecordID": "689", "Level": "4", "UserID": "S-1-5-21-963789628-1060504924-4285088085-1001"}
{"EventID": "1403", "Channel": "Microsoft-Windows-ShellCommon-StartLayoutPopulation/Operational", "Provider_Name": "Microsoft-Windows-ShellCommon-StartLayoutPopulation", "Computer": "DESKTOP-OFJ6N53", "TimeCreated": "2023-02-14 14:08:46.343370+00:00", "RecordID": "690", "Level": "4", "UserID": "S-1-5-21-963789628-1060504924-4285088085-1001"}
{"EventID": "1402", "Channel": "Microsoft-Windows-ShellCommon-StartLayoutPopulation/Operational", "Provider_Name": "Microsoft-Windows-ShellCommon-StartLayoutPopulation", "Computer": "DESKTOP-OFJ6N53", "TimeCreated": "2023-02-14 14:08:53.492115+00:00", "RecordID": "691", "Level": "4", "UserID": "S-1-5-21-963789628-1060504924-4285088085-1001"}
{"EventID": "1403", "Channel": "Microsoft-Windows-ShellCommon-StartLayoutPopulation/Operational", "Provider_Name": "Microsoft-Windows-ShellCommon-StartLayoutPopulation", "Computer": "DESKTOP-OFJ6N53", "TimeCreated": "2023-02-14 14:08:53.517553+00:00", "RecordID": "692", "Level": "4", "UserID": "S-1-5-21-963789628-1060504924-4285088085-1001"}
{"EventID": "1402", "Channel": "Microsoft-Windows-ShellCommon-StartLayoutPopulation/Operational", "Provider_Name": "Microsoft-Windows-ShellCommon-StartLayoutPopulation", "Computer": "DESKTOP-OFJ6N53", "TimeCreated": "2023-02-15 12:52:45.682228+00:00", "RecordID": "693", "Level": "4", "UserID": "S-1-5-21-963789628-1060504924-4285088085-1001"}
{"EventID": "1403", "Channel": "Microsoft-Windows-ShellCommon-StartLayoutPopulation/Operational", "Provider_Name": "Microsoft-Windows-ShellCommon-StartLayoutPopulation", "Computer": "DESKTOP-OFJ6N53", "TimeCreated": "2023-02-15 12:52:46.083834+00:00", "RecordID": "694", "Level": "4", "UserID": "S-1-5-21-963789628-1060504924-4285088085-1001"}
{"EventID": "1402", "Channel": "Microsoft-Windows-ShellCommon-StartLayoutPopulation/Operational", "Provider_Name": "Microsoft-Windows-ShellCommon-StartLayoutPopulation", "Computer": "DESKTOP-OFJ6N53", "TimeCreated": "2023-02-15 12:52:51.201923+00:00", "RecordID": "695", "Level": "4", "UserID": "S-1-5-21-963789628-1060504924-4285088085-1001"}
{"EventID": "1403", "Channel": "Microsoft-Windows-ShellCommon-StartLayoutPopulation/Operational", "Provider_Name": "Microsoft-Windows-ShellCommon-StartLayoutPopulation", "Computer": "DESKTOP-OFJ6N53", "TimeCreated": "2023-02-15 12:52:51.587118+00:00", "RecordID": "696", "Level": "4", "UserID": "S-1-5-21-963789628-1060504924-4285088085-1001"}
{"EventID": "1402", "Channel": "Microsoft-Windows-ShellCommon-StartLayoutPopulation/Operational", "Provider_Name": "Microsoft-Windows-ShellCommon-StartLayoutPopulation", "Computer": "DESKTOP-OFJ6N53", "TimeCreated": "2023-02-27 12:54:12.604460+00:00", "RecordID": "697", "Level": "4", "UserID": "S-1-5-21-963789628-1060504924-4285088085-1001"}
{"EventID": "1403", "Channel": "Microsoft-Windows-ShellCommon-StartLayoutPopulation/Operational", "Provider_Name": "Microsoft-Windows-ShellCommon-StartLayoutPopulation", "Computer": "DESKTOP-OFJ6N53", "TimeCreated": "2023-02-27 12:54:12.644690+00:00", "RecordID": "698", "Level": "4", "UserID": "S-1-5-21-963789628-1060504924-4285088085-1001"}
{"EventID": "1402", "Channel": "Microsoft-Windows-ShellCommon-StartLayoutPopulation/Operational", "Provider_Name": "Microsoft-Windows-ShellCommon-StartLayoutPopulation", "Computer": "DESKTOP-OFJ6N53", "TimeCreated": "2023-02-27 12:54:26.678381+00:00", "RecordID": "699", "Level": "4", "UserID": "S-1-5-21-963789628-1060504924-4285088085-1001"}
{"EventID": "1403", "Channel": "Microsoft-Windows-ShellCommon-StartLayoutPopulation/Operational", "Provider_Name": "Microsoft-Windows-ShellCommon-StartLayoutPopulation", "Computer": "DESKTOP-OFJ6N53", "TimeCreated": "2023-02-27 12:54:26.767654+00:00", "RecordID": "700", "Level": "4", "UserID": "S-1-5-21-963789628-1060504924-4285088085-1001"}
{"EventID": "1402", "Channel": "Microsoft-Windows-ShellCommon-StartLayoutPopulation/Operational", "Provider_Name": "Microsoft-Windows-ShellCommon-StartLayoutPopulation", "Computer": "DESKTOP-OFJ6N53", "TimeCreated": "2023-02-27 12:54:51.355053+00:00", "RecordID": "701", "Level": "4", "UserID": "S-1-5-21-963789628-1060504924-4285088085-1001"}
{"EventID": "1403", "Channel": "Microsoft-Windows-ShellCommon-StartLayoutPopulation/Operational", "Provider_Name": "Microsoft-Windows-ShellCommon-StartLayoutPopulation", "Computer": "DESKTOP-OFJ6N53", "TimeCreated": "2023-02-27 12:54:52.243433+00:00", "RecordID": "702", "Level": "4", "UserID": "S-1-5-21-963789628-1060504924-4285088085-1001"}
{"EventID": "1402", "Channel": "Microsoft-Windows-ShellCommon-StartLayoutPopulation/Operational", "Provider_Name": "Microsoft-Windows-ShellCommon-StartLayoutPopulation", "Computer": "DESKTOP-OFJ6N53", "TimeCreated": "2023-02-27 19:07:14.020132+00:00", "RecordID": "703", "Level": "4", "UserID": "S-1-5-21-963789628-1060504924-4285088085-1001"}
{"EventID": "1403", "Channel": "Microsoft-Windows-ShellCommon-StartLayoutPopulation/Operational", "Provider_Name": "Microsoft-Windows-ShellCommon-StartLayoutPopulation", "Computer": "DESKTOP-OFJ6N53", "TimeCreated": "2023-02-27 19:07:14.069378+00:00", "RecordID": "704", "Level": "4", "UserID": "S-1-5-21-963789628-1060504924-4285088085-1001"}
{"EventID": "1402", "Channel": "Microsoft-Windows-ShellCommon-StartLayoutPopulation/Operational", "Provider_Name": "Microsoft-Windows-ShellCommon-StartLayoutPopulation", "Computer": "DESKTOP-OFJ6N53", "TimeCreated": "2023-02-27 19:07:23.368515+00:00", "RecordID": "705", "Level": "4", "UserID": "S-1-5-21-963789628-1060504924-4285088085-1001"}
{"EventID": "1403", "Channel": "Microsoft-Windows-ShellCommon-StartLayoutPopulation/Operational", "Provider_Name": "Microsoft-Windows-ShellCommon-StartLayoutPopulation", "Computer": "DESKTOP-OFJ6N53", "TimeCreated": "2023-02-27 19:07:23.387453+00:00", "RecordID": "706", "Level": "4", "UserID": "S-1-5-21-963789628-1060504924-4285088085-1001"}
{"EventID": "2152", "Channel": "Microsoft-Windows-ShellCommon-StartLayoutPopulation/Operational", "Provider_Name": "Microsoft-Windows-ShellCommon-StartLayoutPopulation", "Computer": "DESKTOP-OFJ6N53", "TimeCreated": "2023-02-27 19:14:45.409433+00:00", "RecordID": "707", "Level": "4", "UserID": "S-1-5-21-963789628-1060504924-4285088085-1001", "EventData.packageFamilyName": "TheDebianProject.DebianGNULinux_76v4gfsz19hv4", "EventData.InstallState": "0"}
{"EventID": "2151", "Channel": "Microsoft-Windows-ShellCommon-StartLayoutPopulation/Operational", "Provider_Name": "Microsoft-Windows-ShellCommon-StartLayoutPopulation", "Computer": "DESKTOP-OFJ6N53", "TimeCreated": "2023-02-27 19:14:45.653162+00:00", "RecordID": "708", "Level": "4", "UserID": "S-1-5-21-963789628-1060504924-4285088085-1001", "EventData.value": "C:\\Users\\sk.batsiev\\AppData\\Local\\PlaceholderTileLogoFolder\\9MSVKQC78PK6\\150X150.png"}
{"EventID": "2151", "Channel": "Microsoft-Windows-ShellCommon-StartLayoutPopulation/Operational", "Provider_Name": "Microsoft-Windows-ShellCommon-StartLayoutPopulation", "Computer": "DESKTOP-OFJ6N53", "TimeCreated": "2023-02-27 19:14:45.707306+00:00", "RecordID": "709", "Level": "4", "UserID": "S-1-5-21-963789628-1060504924-4285088085-1001", "EventData.value": "C:\\Users\\sk.batsiev\\AppData\\Local\\PlaceholderTileLogoFolder\\9MSVKQC78PK6\\300X300.png"}
{"EventID": "2151", "Channel": "Microsoft-Windows-ShellCommon-StartLayoutPopulation/Operational", "Provider_Name": "Microsoft-Windows-ShellCommon-StartLayoutPopulation", "Computer": "DESKTOP-OFJ6N53", "TimeCreated": "2023-02-27 19:14:45.765892+00:00", "RecordID": "710", "Level": "4", "UserID": "S-1-5-21-963789628-1060504924-4285088085-1001", "EventData.value": "C:\\Users\\sk.batsiev\\AppData\\Local\\PlaceholderTileLogoFolder\\9MSVKQC78PK6\\044X044.png"}
{"EventID": "2151", "Channel": "Microsoft-Windows-ShellCommon-StartLayoutPopulation/Operational", "Provider_Name": "Microsoft-Windows-ShellCommon-StartLayoutPopulation", "Computer": "DESKTOP-OFJ6N53", "TimeCreated": "2023-02-27 19:14:45.821093+00:00", "RecordID": "711", "Level": "4", "UserID": "S-1-5-21-963789628-1060504924-4285088085-1001", "EventData.value": "C:\\Users\\sk.batsiev\\AppData\\Local\\PlaceholderTileLogoFolder\\9MSVKQC78PK6\\071X071.png"}
{"EventID": "2151", "Channel": "Microsoft-Windows-ShellCommon-StartLayoutPopulation/Operational", "Provider_Name": "Microsoft-Windows-ShellCommon-StartLayoutPopulation", "Computer": "DESKTOP-OFJ6N53", "TimeCreated": "2023-02-27 19:14:45.879959+00:00", "RecordID": "712", "Level": "4", "UserID": "S-1-5-21-963789628-1060504924-4285088085-1001", "EventData.value": "C:\\Users\\sk.batsiev\\AppData\\Local\\PlaceholderTileLogoFolder\\9MSVKQC78PK6\\310X150.png"}
{"EventID": "2152", "Channel": "Microsoft-Windows-ShellCommon-StartLayoutPopulation/Operational", "Provider_Name": "Microsoft-Windows-ShellCommon-StartLayoutPopulation", "Computer": "DESKTOP-OFJ6N53", "TimeCreated": "2023-02-27 19:14:45.909294+00:00", "RecordID": "713", "Level": "4", "UserID": "S-1-5-21-963789628-1060504924-4285088085-1001", "EventData.packageFamilyName": "TheDebianProject.DebianGNULinux_76v4gfsz19hv4", "EventData.InstallState": "0"}
{"EventID": "2153", "Channel": "Microsoft-Windows-ShellCommon-StartLayoutPopulation/Operational", "Provider_Name": "Microsoft-Windows-ShellCommon-StartLayoutPopulation", "Computer": "DESKTOP-OFJ6N53", "TimeCreated": "2023-02-27 19:15:04.686047+00:00", "RecordID": "714", "Level": "4", "UserID": "S-1-5-21-963789628-1060504924-4285088085-1001", "EventData.packageFamilyName": "TheDebianProject.DebianGNULinux_76v4gfsz19hv4", "EventData.InstallState": "4"}
{"EventID": "1402", "Channel": "Microsoft-Windows-ShellCommon-StartLayoutPopulation/Operational", "Provider_Name": "Microsoft-Windows-ShellCommon-StartLayoutPopulation", "Computer": "DESKTOP-OFJ6N53", "TimeCreated": "2023-03-06 09:09:15.023600+00:00", "RecordID": "715", "Level": "4", "UserID": "S-1-5-21-963789628-1060504924-4285088085-1001"}
{"EventID": "1403", "Channel": "Microsoft-Windows-ShellCommon-StartLayoutPopulation/Operational", "Provider_Name": "Microsoft-Windows-ShellCommon-StartLayoutPopulation", "Computer": "DESKTOP-OFJ6N53", "TimeCreated": "2023-03-06 09:09:15.192747+00:00", "RecordID": "716", "Level": "4", "UserID": "S-1-5-21-963789628-1060504924-4285088085-1001"}
{"EventID": "1402", "Channel": "Microsoft-Windows-ShellCommon-StartLayoutPopulation/Operational", "Provider_Name": "Microsoft-Windows-ShellCommon-StartLayoutPopulation", "Computer": "DESKTOP-OFJ6N53", "TimeCreated": "2023-03-06 09:09:17.376734+00:00", "RecordID": "717", "Level": "4", "UserID": "S-1-5-21-963789628-1060504924-4285088085-1001"}
{"EventID": "1403", "Channel": "Microsoft-Windows-ShellCommon-StartLayoutPopulation/Operational", "Provider_Name": "Microsoft-Windows-ShellCommon-StartLayoutPopulation", "Computer": "DESKTOP-OFJ6N53", "TimeCreated": "2023-03-06 09:09:17.435968+00:00", "RecordID": "718", "Level": "4", "UserID": "S-1-5-21-963789628-1060504924-4285088085-1001"}
{"EventID": "1402", "Channel": "Microsoft-Windows-ShellCommon-StartLayoutPopulation/Operational", "Provider_Name": "Microsoft-Windows-ShellCommon-StartLayoutPopulation", "Computer": "DESKTOP-OFJ6N53", "TimeCreated": "2023-03-10 12:21:13.361179+00:00", "RecordID": "719", "Level": "4", "UserID": "S-1-5-21-963789628-1060504924-4285088085-1001"}
{"EventID": "1403", "Channel": "Microsoft-Windows-ShellCommon-StartLayoutPopulation/Operational", "Provider_Name": "Microsoft-Windows-ShellCommon-StartLayoutPopulation", "Computer": "DESKTOP-OFJ6N53", "TimeCreated": "2023-03-10 12:21:13.516653+00:00", "RecordID": "720", "Level": "4", "UserID": "S-1-5-21-963789628-1060504924-4285088085-1001"}
{"EventID": "1402", "Channel": "Microsoft-Windows-ShellCommon-StartLayoutPopulation/Operational", "Provider_Name": "Microsoft-Windows-ShellCommon-StartLayoutPopulation", "Computer": "DESKTOP-OFJ6N53", "TimeCreated": "2023-03-10 12:21:17.051838+00:00", "RecordID": "721", "Level": "4", "UserID": "S-1-5-21-963789628-1060504924-4285088085-1001"}
{"EventID": "1403", "Channel": "Microsoft-Windows-ShellCommon-StartLayoutPopulation/Operational", "Provider_Name": "Microsoft-Windows-ShellCommon-StartLayoutPopulation", "Computer": "DESKTOP-OFJ6N53", "TimeCreated": "2023-03-10 12:21:17.240770+00:00", "RecordID": "722", "Level": "4", "UserID": "S-1-5-21-963789628-1060504924-4285088085-1001"}
{"EventID": "1402", "Channel": "Microsoft-Windows-ShellCommon-StartLayoutPopulation/Operational", "Provider_Name": "Microsoft-Windows-ShellCommon-StartLayoutPopulation", "Computer": "DESKTOP-OFJ6N53", "TimeCreated": "2023-03-13 11:27:54.985584+00:00", "RecordID": "723", "Level": "4", "UserID": "S-1-5-21-963789628-1060504924-4285088085-1001"}
{"EventID": "1403", "Channel": "Microsoft-Windows-ShellCommon-StartLayoutPopulation/Operational", "Provider_Name": "Microsoft-Windows-ShellCommon-StartLayoutPopulation", "Computer": "DESKTOP-OFJ6N53", "TimeCreated": "2023-03-13 11:27:55.388922+00:00", "RecordID": "724", "Level": "4", "UserID": "S-1-5-21-963789628-1060504924-4285088085-1001"}
{"EventID": "1402", "Channel": "Microsoft-Windows-ShellCommon-StartLayoutPopulation/Operational", "Provider_Name": "Microsoft-Windows-ShellCommon-StartLayoutPopulation", "Computer": "DESKTOP-OFJ6N53", "TimeCreated": "2023-03-13 11:34:18.885798+00:00", "RecordID": "725", "Level": "4", "UserID": "S-1-5-21-963789628-1060504924-4285088085-1001"}
{"EventID": "1403", "Channel": "Microsoft-Windows-ShellCommon-StartLayoutPopulation/Operational", "Provider_Name": "Microsoft-Windows-ShellCommon-StartLayoutPopulation", "Computer": "DESKTOP-OFJ6N53", "TimeCreated": "2023-03-13 11:34:18.927927+00:00", "RecordID": "726", "Level": "4", "UserID": "S-1-5-21-963789628-1060504924-4285088085-1001"}
{"EventID": "1402", "Channel": "Microsoft-Windows-ShellCommon-StartLayoutPopulation/Operational", "Provider_Name": "Microsoft-Windows-ShellCommon-StartLayoutPopulation", "Computer": "DESKTOP-OFJ6N53", "TimeCreated": "2023-03-15 10:27:24.920841+00:00", "RecordID": "727", "Level": "4", "UserID": "S-1-5-21-963789628-1060504924-4285088085-1001"}
{"EventID": "1403", "Channel": "Microsoft-Windows-ShellCommon-StartLayoutPopulation/Operational", "Provider_Name": "Microsoft-Windows-ShellCommon-StartLayoutPopulation", "Computer": "DESKTOP-OFJ6N53", "TimeCreated": "2023-03-15 10:27:25.139530+00:00", "RecordID": "728", "Level": "4", "UserID": "S-1-5-21-963789628-1060504924-4285088085-1001"}
{"EventID": "1402", "Channel": "Microsoft-Windows-ShellCommon-StartLayoutPopulation/Operational", "Provider_Name": "Microsoft-Windows-ShellCommon-StartLayoutPopulation", "Computer": "DESKTOP-OFJ6N53", "TimeCreated": "2023-03-16 15:01:32.053503+00:00", "RecordID": "729", "Level": "4", "UserID": "S-1-5-21-963789628-1060504924-4285088085-1001"}
{"EventID": "1403", "Channel": "Microsoft-Windows-ShellCommon-StartLayoutPopulation/Operational", "Provider_Name": "Microsoft-Windows-ShellCommon-StartLayoutPopulation", "Computer": "DESKTOP-OFJ6N53", "TimeCreated": "2023-03-16 15:01:32.122053+00:00", "RecordID": "730", "Level": "4", "UserID": "S-1-5-21-963789628-1060504924-4285088085-1001"}
{"EventID": "1402", "Channel": "Microsoft-Windows-ShellCommon-StartLayoutPopulation/Operational", "Provider_Name": "Microsoft-Windows-ShellCommon-StartLayoutPopulation", "Computer": "DESKTOP-OFJ6N53", "TimeCreated": "2023-03-16 15:01:56.067713+00:00", "RecordID": "731", "Level": "4", "UserID": "S-1-5-21-963789628-1060504924-4285088085-1001"}
{"EventID": "1403", "Channel": "Microsoft-Windows-ShellCommon-StartLayoutPopulation/Operational", "Provider_Name": "Microsoft-Windows-ShellCommon-StartLayoutPopulation", "Computer": "DESKTOP-OFJ6N53", "TimeCreated": "2023-03-16 15:01:56.411327+00:00", "RecordID": "732", "Level": "4", "UserID": "S-1-5-21-963789628-1060504924-4285088085-1001"}
{"EventID": "1402", "Channel": "Microsoft-Windows-ShellCommon-StartLayoutPopulation/Operational", "Provider_Name": "Microsoft-Windows-ShellCommon-StartLayoutPopulation", "Computer": "DESKTOP-OFJ6N53", "TimeCreated": "2023-03-16 15:06:19.684540+00:00", "RecordID": "733", "Level": "4", "UserID": "S-1-5-21-963789628-1060504924-4285088085-1001"}
{"EventID": "1403", "Channel": "Microsoft-Windows-ShellCommon-StartLayoutPopulation/Operational", "Provider_Name": "Microsoft-Windows-ShellCommon-StartLayoutPopulation", "Computer": "DESKTOP-OFJ6N53", "TimeCreated": "2023-03-16 15:06:21.572525+00:00", "RecordID": "734", "Level": "4", "UserID": "S-1-5-21-963789628-1060504924-4285088085-1001"}
{"EventID": "1402", "Channel": "Microsoft-Windows-ShellCommon-StartLayoutPopulation/Operational", "Provider_Name": "Microsoft-Windows-ShellCommon-StartLayoutPopulation", "Computer": "DESKTOP-OFJ6N53", "TimeCreated": "2023-03-17 13:54:25.601421+00:00", "RecordID": "735", "Level": "4", "UserID": "S-1-5-21-963789628-1060504924-4285088085-1001"}
{"EventID": "1403", "Channel": "Microsoft-Windows-ShellCommon-StartLayoutPopulation/Operational", "Provider_Name": "Microsoft-Windows-ShellCommon-StartLayoutPopulation", "Computer": "DESKTOP-OFJ6N53", "TimeCreated": "2023-03-17 13:54:25.631275+00:00", "RecordID": "736", "Level": "4", "UserID": "S-1-5-21-963789628-1060504924-4285088085-1001"}
{"EventID": "1402", "Channel": "Microsoft-Windows-ShellCommon-StartLayoutPopulation/Operational", "Provider_Name": "Microsoft-Windows-ShellCommon-StartLayoutPopulation", "Computer": "DESKTOP-OFJ6N53", "TimeCreated": "2023-03-19 01:11:30.181990+00:00", "RecordID": "737", "Level": "4", "UserID": "S-1-5-21-963789628-1060504924-4285088085-1001"}
{"EventID": "1403", "Channel": "Microsoft-Windows-ShellCommon-StartLayoutPopulation/Operational", "Provider_Name": "Microsoft-Windows-ShellCommon-StartLayoutPopulation", "Computer": "DESKTOP-OFJ6N53", "TimeCreated": "2023-03-19 01:11:30.312365+00:00", "RecordID": "738", "Level": "4", "UserID": "S-1-5-21-963789628-1060504924-4285088085-1001"}
{"EventID": "1402", "Channel": "Microsoft-Windows-ShellCommon-StartLayoutPopulation/Operational", "Provider_Name": "Microsoft-Windows-ShellCommon-StartLayoutPopulation", "Computer": "DESKTOP-OFJ6N53", "TimeCreated": "2023-03-19 01:11:35.046947+00:00", "RecordID": "739", "Level": "4", "UserID": "S-1-5-21-963789628-1060504924-4285088085-1001"}
{"EventID": "1403", "Channel": "Microsoft-Windows-ShellCommon-StartLayoutPopulation/Operational", "Provider_Name": "Microsoft-Windows-ShellCommon-StartLayoutPopulation", "Computer": "DESKTOP-OFJ6N53", "TimeCreated": "2023-03-19 01:11:35.132587+00:00", "RecordID": "740", "Level": "4", "UserID": "S-1-5-21-963789628-1060504924-4285088085-1001"}
{"EventID": "1402", "Channel": "Microsoft-Windows-ShellCommon-StartLayoutPopulation/Operational", "Provider_Name": "Microsoft-Windows-ShellCommon-StartLayoutPopulation", "Computer": "DESKTOP-OFJ6N53", "TimeCreated": "2023-03-19 01:12:32.143900+00:00", "RecordID": "741", "Level": "4", "UserID": "S-1-5-21-963789628-1060504924-4285088085-1001"}
{"EventID": "1403", "Channel": "Microsoft-Windows-ShellCommon-StartLayoutPopulation/Operational", "Provider_Name": "Microsoft-Windows-ShellCommon-StartLayoutPopulation", "Computer": "DESKTOP-OFJ6N53", "TimeCreated": "2023-03-19 01:12:32.442997+00:00", "RecordID": "742", "Level": "4", "UserID": "S-1-5-21-963789628-1060504924-4285088085-1001"}
{"EventID": "1402", "Channel": "Microsoft-Windows-ShellCommon-StartLayoutPopulation/Operational", "Provider_Name": "Microsoft-Windows-ShellCommon-StartLayoutPopulation", "Computer": "DESKTOP-OFJ6N53", "TimeCreated": "2023-03-20 08:34:56.592447+00:00", "RecordID": "743", "Level": "4", "UserID": "S-1-5-21-963789628-1060504924-4285088085-1001"}
{"EventID": "1403", "Channel": "Microsoft-Windows-ShellCommon-StartLayoutPopulation/Operational", "Provider_Name": "Microsoft-Windows-ShellCommon-StartLayoutPopulation", "Computer": "DESKTOP-OFJ6N53", "TimeCreated": "2023-03-20 08:34:57.347296+00:00", "RecordID": "744", "Level": "4", "UserID": "S-1-5-21-963789628-1060504924-4285088085-1001"}
{"EventID": "1402", "Channel": "Microsoft-Windows-ShellCommon-StartLayoutPopulation/Operational", "Provider_Name": "Microsoft-Windows-ShellCommon-StartLayoutPopulation", "Computer": "DESKTOP-OFJ6N53", "TimeCreated": "2023-03-20 08:35:25.383909+00:00", "RecordID": "745", "Level": "4", "UserID": "S-1-5-21-963789628-1060504924-4285088085-1001"}
{"EventID": "1403", "Channel": "Microsoft-Windows-ShellCommon-StartLayoutPopulation/Operational", "Provider_Name": "Microsoft-Windows-ShellCommon-StartLayoutPopulation", "Computer": "DESKTOP-OFJ6N53", "TimeCreated": "2023-03-20 08:35:25.476223+00:00", "RecordID": "746", "Level": "4", "UserID": "S-1-5-21-963789628-1060504924-4285088085-1001"}
{"EventID": "1402", "Channel": "Microsoft-Windows-ShellCommon-StartLayoutPopulation/Operational", "Provider_Name": "Microsoft-Windows-ShellCommon-StartLayoutPopulation", "Computer": "DESKTOP-OFJ6N53", "TimeCreated": "2023-03-20 08:39:06.860312+00:00", "RecordID": "747", "Level": "4", "UserID": "S-1-5-21-963789628-1060504924-4285088085-1001"}
{"EventID": "1403", "Channel": "Microsoft-Windows-ShellCommon-StartLayoutPopulation/Operational", "Provider_Name": "Microsoft-Windows-ShellCommon-StartLayoutPopulation", "Computer": "DESKTOP-OFJ6N53", "TimeCreated": "2023-03-20 08:39:07.826405+00:00", "RecordID": "748", "Level": "4", "UserID": "S-1-5-21-963789628-1060504924-4285088085-1001"}
{"EventID": "1402", "Channel": "Microsoft-Windows-ShellCommon-StartLayoutPopulation/Operational", "Provider_Name": "Microsoft-Windows-ShellCommon-StartLayoutPopulation", "Computer": "DESKTOP-OFJ6N53", "TimeCreated": "2023-03-23 02:13:10.711578+00:00", "RecordID": "749", "Level": "4", "UserID": "S-1-5-21-963789628-1060504924-4285088085-1001"}
{"EventID": "1403", "Channel": "Microsoft-Windows-ShellCommon-StartLayoutPopulation/Operational", "Provider_Name": "Microsoft-Windows-ShellCommon-StartLayoutPopulation", "Computer": "DESKTOP-OFJ6N53", "TimeCreated": "2023-03-23 02:13:10.747599+00:00", "RecordID": "750", "Level": "4", "UserID": "S-1-5-21-963789628-1060504924-4285088085-1001"}
{"EventID": "1402", "Channel": "Microsoft-Windows-ShellCommon-StartLayoutPopulation/Operational", "Provider_Name": "Microsoft-Windows-ShellCommon-StartLayoutPopulation", "Computer": "DESKTOP-OFJ6N53", "TimeCreated": "2023-03-23 10:12:26.308805+00:00", "RecordID": "751", "Level": "4", "UserID": "S-1-5-21-963789628-1060504924-4285088085-1001"}
{"EventID": "1403", "Channel": "Microsoft-Windows-ShellCommon-StartLayoutPopulation/Operational", "Provider_Name": "Microsoft-Windows-ShellCommon-StartLayoutPopulation", "Computer": "DESKTOP-OFJ6N53", "TimeCreated": "2023-03-23 10:12:26.360876+00:00", "RecordID": "752", "Level": "4", "UserID": "S-1-5-21-963789628-1060504924-4285088085-1001"}
{"EventID": "1402", "Channel": "Microsoft-Windows-ShellCommon-StartLayoutPopulation/Operational", "Provider_Name": "Microsoft-Windows-ShellCommon-StartLayoutPopulation", "Computer": "DESKTOP-OFJ6N53", "TimeCreated": "2023-03-23 10:12:35.486029+00:00", "RecordID": "753", "Level": "4", "UserID": "S-1-5-21-963789628-1060504924-4285088085-1001"}
{"EventID": "1403", "Channel": "Microsoft-Windows-ShellCommon-StartLayoutPopulation/Operational", "Provider_Name": "Microsoft-Windows-ShellCommon-StartLayoutPopulation", "Computer": "DESKTOP-OFJ6N53", "TimeCreated": "2023-03-23 10:12:35.509407+00:00", "RecordID": "754", "Level": "4", "UserID": "S-1-5-21-963789628-1060504924-4285088085-1001"}
{"EventID": "1402", "Channel": "Microsoft-Windows-ShellCommon-StartLayoutPopulation/Operational", "Provider_Name": "Microsoft-Windows-ShellCommon-StartLayoutPopulation", "Computer": "DESKTOP-OFJ6N53", "TimeCreated": "2023-03-23 10:13:37.459091+00:00", "RecordID": "755", "Level": "4", "UserID": "S-1-5-21-963789628-1060504924-4285088085-1001"}
{"EventID": "1403", "Channel": "Microsoft-Windows-ShellCommon-StartLayoutPopulation/Operational", "Provider_Name": "Microsoft-Windows-ShellCommon-StartLayoutPopulation", "Computer": "DESKTOP-OFJ6N53", "TimeCreated": "2023-03-23 10:13:38.079458+00:00", "RecordID": "756", "Level": "4", "UserID": "S-1-5-21-963789628-1060504924-4285088085-1001"}
{"EventID": "1402", "Channel": "Microsoft-Windows-ShellCommon-StartLayoutPopulation/Operational", "Provider_Name": "Microsoft-Windows-ShellCommon-StartLayoutPopulation", "Computer": "DESKTOP-OFJ6N53", "TimeCreated": "2023-03-23 11:16:13.228781+00:00", "RecordID": "757", "Level": "4", "UserID": "S-1-5-21-963789628-1060504924-4285088085-1001"}
{"EventID": "1403", "Channel": "Microsoft-Windows-ShellCommon-StartLayoutPopulation/Operational", "Provider_Name": "Microsoft-Windows-ShellCommon-StartLayoutPopulation", "Computer": "DESKTOP-OFJ6N53", "TimeCreated": "2023-03-23 11:16:15.277431+00:00", "RecordID": "758", "Level": "4", "UserID": "S-1-5-21-963789628-1060504924-4285088085-1001"}
{"EventID": "1402", "Channel": "Microsoft-Windows-ShellCommon-StartLayoutPopulation/Operational", "Provider_Name": "Microsoft-Windows-ShellCommon-StartLayoutPopulation", "Computer": "DESKTOP-OFJ6N53", "TimeCreated": "2023-03-28 07:51:15.096987+00:00", "RecordID": "759", "Level": "4", "UserID": "S-1-5-21-963789628-1060504924-4285088085-1001"}
{"EventID": "1403", "Channel": "Microsoft-Windows-ShellCommon-StartLayoutPopulation/Operational", "Provider_Name": "Microsoft-Windows-ShellCommon-StartLayoutPopulation", "Computer": "DESKTOP-OFJ6N53", "TimeCreated": "2023-03-28 07:51:15.537083+00:00", "RecordID": "760", "Level": "4", "UserID": "S-1-5-21-963789628-1060504924-4285088085-1001"}
{"EventID": "1402", "Channel": "Microsoft-Windows-ShellCommon-StartLayoutPopulation/Operational", "Provider_Name": "Microsoft-Windows-ShellCommon-StartLayoutPopulation", "Computer": "DESKTOP-OFJ6N53", "TimeCreated": "2023-03-29 11:28:46.385321+00:00", "RecordID": "761", "Level": "4", "UserID": "S-1-5-21-963789628-1060504924-4285088085-1001"}
{"EventID": "1403", "Channel": "Microsoft-Windows-ShellCommon-StartLayoutPopulation/Operational", "Provider_Name": "Microsoft-Windows-ShellCommon-StartLayoutPopulation", "Computer": "DESKTOP-OFJ6N53", "TimeCreated": "2023-03-29 11:28:46.644781+00:00", "RecordID": "762", "Level": "4", "UserID": "S-1-5-21-963789628-1060504924-4285088085-1001"}
{"EventID": "1402", "Channel": "Microsoft-Windows-ShellCommon-StartLayoutPopulation/Operational", "Provider_Name": "Microsoft-Windows-ShellCommon-StartLayoutPopulation", "Computer": "DESKTOP-OFJ6N53", "TimeCreated": "2023-03-29 11:29:11.361734+00:00", "RecordID": "763", "Level": "4", "UserID": "S-1-5-21-963789628-1060504924-4285088085-1001"}
{"EventID": "1403", "Channel": "Microsoft-Windows-ShellCommon-StartLayoutPopulation/Operational", "Provider_Name": "Microsoft-Windows-ShellCommon-StartLayoutPopulation", "Computer": "DESKTOP-OFJ6N53", "TimeCreated": "2023-03-29 11:29:11.390886+00:00", "RecordID": "764", "Level": "4", "UserID": "S-1-5-21-963789628-1060504924-4285088085-1001"}
{"EventID": "1402", "Channel": "Microsoft-Windows-ShellCommon-StartLayoutPopulation/Operational", "Provider_Name": "Microsoft-Windows-ShellCommon-StartLayoutPopulation", "Computer": "DESKTOP-OFJ6N53", "TimeCreated": "2023-03-29 13:33:01.447382+00:00", "RecordID": "765", "Level": "4", "UserID": "S-1-5-21-963789628-1060504924-4285088085-1001"}
{"EventID": "1403", "Channel": "Microsoft-Windows-ShellCommon-StartLayoutPopulation/Operational", "Provider_Name": "Microsoft-Windows-ShellCommon-StartLayoutPopulation", "Computer": "DESKTOP-OFJ6N53", "TimeCreated": "2023-03-29 13:33:01.476292+00:00", "RecordID": "766", "Level": "4", "UserID": "S-1-5-21-963789628-1060504924-4285088085-1001"}
{"EventID": "1402", "Channel": "Microsoft-Windows-ShellCommon-StartLayoutPopulation/Operational", "Provider_Name": "Microsoft-Windows-ShellCommon-StartLayoutPopulation", "Computer": "DESKTOP-OFJ6N53", "TimeCreated": "2023-03-30 10:51:58.229963+00:00", "RecordID": "767", "Level": "4", "UserID": "S-1-5-21-963789628-1060504924-4285088085-1001"}
{"EventID": "1403", "Channel": "Microsoft-Windows-ShellCommon-StartLayoutPopulation/Operational", "Provider_Name": "Microsoft-Windows-ShellCommon-StartLayoutPopulation", "Computer": "DESKTOP-OFJ6N53", "TimeCreated": "2023-03-30 10:51:58.281878+00:00", "RecordID": "768", "Level": "4", "UserID": "S-1-5-21-963789628-1060504924-4285088085-1001"}
{"EventID": "1402", "Channel": "Microsoft-Windows-ShellCommon-StartLayoutPopulation/Operational", "Provider_Name": "Microsoft-Windows-ShellCommon-StartLayoutPopulation", "Computer": "DESKTOP-OFJ6N53", "TimeCreated": "2023-04-01 14:34:25.991920+00:00", "RecordID": "769", "Level": "4", "UserID": "S-1-5-21-963789628-1060504924-4285088085-1001"}
{"EventID": "1403", "Channel": "Microsoft-Windows-ShellCommon-StartLayoutPopulation/Operational", "Provider_Name": "Microsoft-Windows-ShellCommon-StartLayoutPopulation", "Computer": "DESKTOP-OFJ6N53", "TimeCreated": "2023-04-01 14:34:26.025654+00:00", "RecordID": "770", "Level": "4", "UserID": "S-1-5-21-963789628-1060504924-4285088085-1001"}
{"EventID": "1402", "Channel": "Microsoft-Windows-ShellCommon-StartLayoutPopulation/Operational", "Provider_Name": "Microsoft-Windows-ShellCommon-StartLayoutPopulation", "Computer": "DESKTOP-OFJ6N53", "TimeCreated": "2023-04-03 06:36:12.512589+00:00", "RecordID": "771", "Level": "4", "UserID": "S-1-5-21-963789628-1060504924-4285088085-1001"}
{"EventID": "1403", "Channel": "Microsoft-Windows-ShellCommon-StartLayoutPopulation/Operational", "Provider_Name": "Microsoft-Windows-ShellCommon-StartLayoutPopulation", "Computer": "DESKTOP-OFJ6N53", "TimeCreated": "2023-04-03 06:36:12.660803+00:00", "RecordID": "772", "Level": "4", "UserID": "S-1-5-21-963789628-1060504924-4285088085-1001"}
{"EventID": "1402", "Channel": "Microsoft-Windows-ShellCommon-StartLayoutPopulation/Operational", "Provider_Name": "Microsoft-Windows-ShellCommon-StartLayoutPopulation", "Computer": "DESKTOP-OFJ6N53", "TimeCreated": "2023-04-03 13:40:25.160381+00:00", "RecordID": "773", "Level": "4", "UserID": "S-1-5-21-963789628-1060504924-4285088085-1001"}
{"EventID": "1403", "Channel": "Microsoft-Windows-ShellCommon-StartLayoutPopulation/Operational", "Provider_Name": "Microsoft-Windows-ShellCommon-StartLayoutPopulation", "Computer": "DESKTOP-OFJ6N53", "TimeCreated": "2023-04-03 13:40:25.205875+00:00", "RecordID": "774", "Level": "4", "UserID": "S-1-5-21-963789628-1060504924-4285088085-1001"}
{"EventID": "1402", "Channel": "Microsoft-Windows-ShellCommon-StartLayoutPopulation/Operational", "Provider_Name": "Microsoft-Windows-ShellCommon-StartLayoutPopulation", "Computer": "DESKTOP-OFJ6N53", "TimeCreated": "2023-04-03 13:40:47.212025+00:00", "RecordID": "775", "Level": "4", "UserID": "S-1-5-21-963789628-1060504924-4285088085-1001"}
{"EventID": "1403", "Channel": "Microsoft-Windows-ShellCommon-StartLayoutPopulation/Operational", "Provider_Name": "Microsoft-Windows-ShellCommon-StartLayoutPopulation", "Computer": "DESKTOP-OFJ6N53", "TimeCreated": "2023-04-03 13:40:48.402441+00:00", "RecordID": "776", "Level": "4", "UserID": "S-1-5-21-963789628-1060504924-4285088085-1001"}
{"EventID": "1402", "Channel": "Microsoft-Windows-ShellCommon-StartLayoutPopulation/Operational", "Provider_Name": "Microsoft-Windows-ShellCommon-StartLayoutPopulation", "Computer": "DESKTOP-OFJ6N53", "TimeCreated": "2023-04-03 13:44:20.315609+00:00", "RecordID": "777", "Level": "4", "UserID": "S-1-5-21-963789628-1060504924-4285088085-1001"}
{"EventID": "1403", "Channel": "Microsoft-Windows-ShellCommon-StartLayoutPopulation/Operational", "Provider_Name": "Microsoft-Windows-ShellCommon-StartLayoutPopulation", "Computer": "DESKTOP-OFJ6N53", "TimeCreated": "2023-04-03 13:44:20.486300+00:00", "RecordID": "778", "Level": "4", "UserID": "S-1-5-21-963789628-1060504924-4285088085-1001"}
{"EventID": "1402", "Channel": "Microsoft-Windows-ShellCommon-StartLayoutPopulation/Operational", "Provider_Name": "Microsoft-Windows-ShellCommon-StartLayoutPopulation", "Computer": "DESKTOP-OFJ6N53", "TimeCreated": "2023-04-03 15:16:54.394075+00:00", "RecordID": "779", "Level": "4", "UserID": "S-1-5-21-963789628-1060504924-4285088085-1001"}
{"EventID": "1403", "Channel": "Microsoft-Windows-ShellCommon-StartLayoutPopulation/Operational", "Provider_Name": "Microsoft-Windows-ShellCommon-StartLayoutPopulation", "Computer": "DESKTOP-OFJ6N53", "TimeCreated": "2023-04-03 15:16:54.717649+00:00", "RecordID": "780", "Level": "4", "UserID": "S-1-5-21-963789628-1060504924-4285088085-1001"}
{"EventID": "1402", "Channel": "Microsoft-Windows-ShellCommon-StartLayoutPopulation/Operational", "Provider_Name": "Microsoft-Windows-ShellCommon-StartLayoutPopulation", "Computer": "DESKTOP-OFJ6N53", "TimeCreated": "2023-04-03 15:17:15.730959+00:00", "RecordID": "781", "Level": "4", "UserID": "S-1-5-21-963789628-1060504924-4285088085-1001"}
{"EventID": "1403", "Channel": "Microsoft-Windows-ShellCommon-StartLayoutPopulation/Operational", "Provider_Name": "Microsoft-Windows-ShellCommon-StartLayoutPopulation", "Computer": "DESKTOP-OFJ6N53", "TimeCreated": "2023-04-03 15:17:16.281839+00:00", "RecordID": "782", "Level": "4", "UserID": "S-1-5-21-963789628-1060504924-4285088085-1001"}
{"EventID": "1402", "Channel": "Microsoft-Windows-ShellCommon-StartLayoutPopulation/Operational", "Provider_Name": "Microsoft-Windows-ShellCommon-StartLayoutPopulation", "Computer": "DESKTOP-OFJ6N53", "TimeCreated": "2023-04-04 06:33:25.903141+00:00", "RecordID": "783", "Level": "4", "UserID": "S-1-5-21-963789628-1060504924-4285088085-1001"}
{"EventID": "1403", "Channel": "Microsoft-Windows-ShellCommon-StartLayoutPopulation/Operational", "Provider_Name": "Microsoft-Windows-ShellCommon-StartLayoutPopulation", "Computer": "DESKTOP-OFJ6N53", "TimeCreated": "2023-04-04 06:33:25.985693+00:00", "RecordID": "784", "Level": "4", "UserID": "S-1-5-21-963789628-1060504924-4285088085-1001"}
{"EventID": "1402", "Channel": "Microsoft-Windows-ShellCommon-StartLayoutPopulation/Operational", "Provider_Name": "Microsoft-Windows-ShellCommon-StartLayoutPopulation", "Computer": "DESKTOP-OFJ6N53", "TimeCreated": "2023-04-04 06:33:59.433243+00:00", "RecordID": "785", "Level": "4", "UserID": "S-1-5-21-963789628-1060504924-4285088085-1001"}
{"EventID": "1403", "Channel": "Microsoft-Windows-ShellCommon-StartLayoutPopulation/Operational", "Provider_Name": "Microsoft-Windows-ShellCommon-StartLayoutPopulation", "Computer": "DESKTOP-OFJ6N53", "TimeCreated": "2023-04-04 06:34:00.365303+00:00", "RecordID": "786", "Level": "4", "UserID": "S-1-5-21-963789628-1060504924-4285088085-1001"}
{"EventID": "1402", "Channel": "Microsoft-Windows-ShellCommon-StartLayoutPopulation/Operational", "Provider_Name": "Microsoft-Windows-ShellCommon-StartLayoutPopulation", "Computer": "DESKTOP-OFJ6N53", "TimeCreated": "2023-04-04 06:54:05.225306+00:00", "RecordID": "787", "Level": "4", "UserID": "S-1-5-21-963789628-1060504924-4285088085-1001"}
{"EventID": "1403", "Channel": "Microsoft-Windows-ShellCommon-StartLayoutPopulation/Operational", "Provider_Name": "Microsoft-Windows-ShellCommon-StartLayoutPopulation", "Computer": "DESKTOP-OFJ6N53", "TimeCreated": "2023-04-04 06:54:05.267035+00:00", "RecordID": "788", "Level": "4", "UserID": "S-1-5-21-963789628-1060504924-4285088085-1001"}
{"EventID": "1402", "Channel": "Microsoft-Windows-ShellCommon-StartLayoutPopulation/Operational", "Provider_Name": "Microsoft-Windows-ShellCommon-StartLayoutPopulation", "Computer": "DESKTOP-OFJ6N53", "TimeCreated": "2023-04-04 09:30:33.768421+00:00", "RecordID": "789", "Level": "4", "UserID": "S-1-5-21-963789628-1060504924-4285088085-1001"}
{"EventID": "1403", "Channel": "Microsoft-Windows-ShellCommon-StartLayoutPopulation/Operational", "Provider_Name": "Microsoft-Windows-ShellCommon-StartLayoutPopulation", "Computer": "DESKTOP-OFJ6N53", "TimeCreated": "2023-04-04 09:30:34.213272+00:00", "RecordID": "790", "Level": "4", "UserID": "S-1-5-21-963789628-1060504924-4285088085-1001"}
{"EventID": "1402", "Channel": "Microsoft-Windows-ShellCommon-StartLayoutPopulation/Operational", "Provider_Name": "Microsoft-Windows-ShellCommon-StartLayoutPopulation", "Computer": "DESKTOP-OFJ6N53", "TimeCreated": "2023-04-05 07:29:46.806496+00:00", "RecordID": "791", "Level": "4", "UserID": "S-1-5-21-963789628-1060504924-4285088085-1001"}
{"EventID": "1403", "Channel": "Microsoft-Windows-ShellCommon-StartLayoutPopulation/Operational", "Provider_Name": "Microsoft-Windows-ShellCommon-StartLayoutPopulation", "Computer": "DESKTOP-OFJ6N53", "TimeCreated": "2023-04-05 07:29:47.018167+00:00", "RecordID": "792", "Level": "4", "UserID": "S-1-5-21-963789628-1060504924-4285088085-1001"}
{"EventID": "1402", "Channel": "Microsoft-Windows-ShellCommon-StartLayoutPopulation/Operational", "Provider_Name": "Microsoft-Windows-ShellCommon-StartLayoutPopulation", "Computer": "DESKTOP-OFJ6N53", "TimeCreated": "2023-04-05 07:29:59.142956+00:00", "RecordID": "793", "Level": "4", "UserID": "S-1-5-21-963789628-1060504924-4285088085-1001"}
{"EventID": "1403", "Channel": "Microsoft-Windows-ShellCommon-StartLayoutPopulation/Operational", "Provider_Name": "Microsoft-Windows-ShellCommon-StartLayoutPopulation", "Computer": "DESKTOP-OFJ6N53", "TimeCreated": "2023-04-05 07:29:59.185272+00:00", "RecordID": "794", "Level": "4", "UserID": "S-1-5-21-963789628-1060504924-4285088085-1001"}
{"EventID": "1402", "Channel": "Microsoft-Windows-ShellCommon-StartLayoutPopulation/Operational", "Provider_Name": "Microsoft-Windows-ShellCommon-StartLayoutPopulation", "Computer": "DESKTOP-OFJ6N53", "TimeCreated": "2023-04-05 07:34:35.279367+00:00", "RecordID": "795", "Level": "4", "UserID": "S-1-5-21-963789628-1060504924-4285088085-1001"}
{"EventID": "1403", "Channel": "Microsoft-Windows-ShellCommon-StartLayoutPopulation/Operational", "Provider_Name": "Microsoft-Windows-ShellCommon-StartLayoutPopulation", "Computer": "DESKTOP-OFJ6N53", "TimeCreated": "2023-04-05 07:34:35.334541+00:00", "RecordID": "796", "Level": "4", "UserID": "S-1-5-21-963789628-1060504924-4285088085-1001"}
{"EventID": "1402", "Channel": "Microsoft-Windows-ShellCommon-StartLayoutPopulation/Operational", "Provider_Name": "Microsoft-Windows-ShellCommon-StartLayoutPopulation", "Computer": "DESKTOP-OFJ6N53", "TimeCreated": "2023-04-05 12:09:46.739534+00:00", "RecordID": "797", "Level": "4", "UserID": "S-1-5-21-963789628-1060504924-4285088085-1001"}
{"EventID": "1403", "Channel": "Microsoft-Windows-ShellCommon-StartLayoutPopulation/Operational", "Provider_Name": "Microsoft-Windows-ShellCommon-StartLayoutPopulation", "Computer": "DESKTOP-OFJ6N53", "TimeCreated": "2023-04-05 12:09:46.971514+00:00", "RecordID": "798", "Level": "4", "UserID": "S-1-5-21-963789628-1060504924-4285088085-1001"}
{"EventID": "1402", "Channel": "Microsoft-Windows-ShellCommon-StartLayoutPopulation/Operational", "Provider_Name": "Microsoft-Windows-ShellCommon-StartLayoutPopulation", "Computer": "DESKTOP-OFJ6N53", "TimeCreated": "2023-04-05 15:21:23.228495+00:00", "RecordID": "799", "Level": "4", "UserID": "S-1-5-21-963789628-1060504924-4285088085-1001"}
{"EventID": "1403", "Channel": "Microsoft-Windows-ShellCommon-StartLayoutPopulation/Operational", "Provider_Name": "Microsoft-Windows-ShellCommon-StartLayoutPopulation", "Computer": "DESKTOP-OFJ6N53", "TimeCreated": "2023-04-05 15:21:23.260401+00:00", "RecordID": "800", "Level": "4", "UserID": "S-1-5-21-963789628-1060504924-4285088085-1001"}
{"EventID": "1402", "Channel": "Microsoft-Windows-ShellCommon-StartLayoutPopulation/Operational", "Provider_Name": "Microsoft-Windows-ShellCommon-StartLayoutPopulation", "Computer": "DESKTOP-OFJ6N53", "TimeCreated": "2023-04-05 15:22:06.714561+00:00", "RecordID": "801", "Level": "4", "UserID": "S-1-5-21-963789628-1060504924-4285088085-1001"}
{"EventID": "1403", "Channel": "Microsoft-Windows-ShellCommon-StartLayoutPopulation/Operational", "Provider_Name": "Microsoft-Windows-ShellCommon-StartLayoutPopulation", "Computer": "DESKTOP-OFJ6N53", "TimeCreated": "2023-04-05 15:22:07.139305+00:00", "RecordID": "802", "Level": "4", "UserID": "S-1-5-21-963789628-1060504924-4285088085-1001"}
{"EventID": "1402", "Channel": "Microsoft-Windows-ShellCommon-StartLayoutPopulation/Operational", "Provider_Name": "Microsoft-Windows-ShellCommon-StartLayoutPopulation", "Computer": "DESKTOP-OFJ6N53", "TimeCreated": "2023-04-05 15:25:57.251192+00:00", "RecordID": "803", "Level": "4", "UserID": "S-1-5-21-963789628-1060504924-4285088085-1001"}
{"EventID": "1403", "Channel": "Microsoft-Windows-ShellCommon-StartLayoutPopulation/Operational", "Provider_Name": "Microsoft-Windows-ShellCommon-StartLayoutPopulation", "Computer": "DESKTOP-OFJ6N53", "TimeCreated": "2023-04-05 15:25:57.357210+00:00", "RecordID": "804", "Level": "4", "UserID": "S-1-5-21-963789628-1060504924-4285088085-1001"}
{"EventID": "1402", "Channel": "Microsoft-Windows-ShellCommon-StartLayoutPopulation/Operational", "Provider_Name": "Microsoft-Windows-ShellCommon-StartLayoutPopulation", "Computer": "DESKTOP-OFJ6N53", "TimeCreated": "2023-04-09 08:43:02.116455+00:00", "RecordID": "805", "Level": "4", "UserID": "S-1-5-21-963789628-1060504924-4285088085-1001"}
{"EventID": "1403", "Channel": "Microsoft-Windows-ShellCommon-StartLayoutPopulation/Operational", "Provider_Name": "Microsoft-Windows-ShellCommon-StartLayoutPopulation", "Computer": "DESKTOP-OFJ6N53", "TimeCreated": "2023-04-09 08:43:02.200359+00:00", "RecordID": "806", "Level": "4", "UserID": "S-1-5-21-963789628-1060504924-4285088085-1001"}
{"EventID": "1402", "Channel": "Microsoft-Windows-ShellCommon-StartLayoutPopulation/Operational", "Provider_Name": "Microsoft-Windows-ShellCommon-StartLayoutPopulation", "Computer": "DESKTOP-OFJ6N53", "TimeCreated": "2023-04-10 11:28:59.469311+00:00", "RecordID": "807", "Level": "4", "UserID": "S-1-5-21-963789628-1060504924-4285088085-1001"}
{"EventID": "1403", "Channel": "Microsoft-Windows-ShellCommon-StartLayoutPopulation/Operational", "Provider_Name": "Microsoft-Windows-ShellCommon-StartLayoutPopulation", "Computer": "DESKTOP-OFJ6N53", "TimeCreated": "2023-04-10 11:28:59.517387+00:00", "RecordID": "808", "Level": "4", "UserID": "S-1-5-21-963789628-1060504924-4285088085-1001"}
