{"EventID": "2000", "Channel": "Microsoft-Windows-WebAuthN/Operational", "Provider_Name": "Microsoft-Windows-WebAuthN", "Computer": "WIN-E725EAE32MJ", "TimeCreated": "2022-02-24 08:24:35.188969+00:00", "RecordID": "1", "Level": "16", "UserID": "S-1-5-20"}
{"EventID": "2001", "Channel": "Microsoft-Windows-WebAuthN/Operational", "Provider_Name": "Microsoft-Windows-WebAuthN", "Computer": "DESKTOP-OFJ6N53", "TimeCreated": "2022-02-24 08:26:46.585995+00:00", "RecordID": "2", "Level": "16", "UserID": "S-1-5-20"}
{"EventID": "2000", "Channel": "Microsoft-Windows-WebAuthN/Operational", "Provider_Name": "Microsoft-Windows-WebAuthN", "Computer": "DESKTOP-OFJ6N53", "TimeCreated": "2022-02-24 08:27:16.460567+00:00", "RecordID": "3", "Level": "16", "UserID": "S-1-5-20"}
{"EventID": "2001", "Channel": "Microsoft-Windows-WebAuthN/Operational", "Provider_Name": "Microsoft-Windows-WebAuthN", "Computer": "DESKTOP-OFJ6N53", "TimeCreated": "2022-02-24 12:37:37.561365+00:00", "RecordID": "4", "Level": "16", "UserID": "S-1-5-20"}
{"EventID": "2000", "Channel": "Microsoft-Windows-WebAuthN/Operational", "Provider_Name": "Microsoft-Windows-WebAuthN", "Computer": "DESKTOP-OFJ6N53", "TimeCreated": "2022-02-24 12:38:13.872711+00:00", "RecordID": "5", "Level": "16", "UserID": "S-1-5-20"}
{"EventID": "2001", "Channel": "Microsoft-Windows-WebAuthN/Operational", "Provider_Name": "Microsoft-Windows-WebAuthN", "Computer": "DESKTOP-OFJ6N53", "TimeCreated": "2022-02-24 12:51:38.848610+00:00", "RecordID": "6", "Level": "16", "UserID": "S-1-5-20"}
{"EventID": "2000", "Channel": "Microsoft-Windows-WebAuthN/Operational", "Provider_Name": "Microsoft-Windows-WebAuthN", "Computer": "DESKTOP-OFJ6N53", "TimeCreated": "2022-02-24 12:52:11.111301+00:00", "RecordID": "7", "Level": "16", "UserID": "S-1-5-20"}
{"EventID": "2001", "Channel": "Microsoft-Windows-WebAuthN/Operational", "Provider_Name": "Microsoft-Windows-WebAuthN", "Computer": "DESKTOP-OFJ6N53", "TimeCreated": "2022-02-24 21:39:13.811939+00:00", "RecordID": "8", "Level": "16", "UserID": "S-1-5-20"}
{"EventID": "2000", "Channel": "Microsoft-Windows-WebAuthN/Operational", "Provider_Name": "Microsoft-Windows-WebAuthN", "Computer": "DESKTOP-OFJ6N53", "TimeCreated": "2022-02-24 21:41:38.800508+00:00", "RecordID": "9", "Level": "16", "UserID": "S-1-5-20"}
{"EventID": "2001", "Channel": "Microsoft-Windows-WebAuthN/Operational", "Provider_Name": "Microsoft-Windows-WebAuthN", "Computer": "DESKTOP-OFJ6N53", "TimeCreated": "2022-03-03 17:17:59.070833+00:00", "RecordID": "10", "Level": "16", "UserID": "S-1-5-20"}
{"EventID": "2000", "Channel": "Microsoft-Windows-WebAuthN/Operational", "Provider_Name": "Microsoft-Windows-WebAuthN", "Computer": "DESKTOP-OFJ6N53", "TimeCreated": "2022-03-03 17:18:31.006004+00:00", "RecordID": "11", "Level": "16", "UserID": "S-1-5-20"}
{"EventID": "2001", "Channel": "Microsoft-Windows-WebAuthN/Operational", "Provider_Name": "Microsoft-Windows-WebAuthN", "Computer": "DESKTOP-OFJ6N53", "TimeCreated": "2022-03-09 07:31:20.589243+00:00", "RecordID": "12", "Level": "16", "UserID": "S-1-5-20"}
{"EventID": "2000", "Channel": "Microsoft-Windows-WebAuthN/Operational", "Provider_Name": "Microsoft-Windows-WebAuthN", "Computer": "DESKTOP-OFJ6N53", "TimeCreated": "2022-03-09 07:31:47.475540+00:00", "RecordID": "13", "Level": "16", "UserID": "S-1-5-20"}
{"EventID": "2001", "Channel": "Microsoft-Windows-WebAuthN/Operational", "Provider_Name": "Microsoft-Windows-WebAuthN", "Computer": "DESKTOP-OFJ6N53", "TimeCreated": "2022-03-09 10:16:18.400471+00:00", "RecordID": "14", "Level": "16", "UserID": "S-1-5-20"}
{"EventID": "2000", "Channel": "Microsoft-Windows-WebAuthN/Operational", "Provider_Name": "Microsoft-Windows-WebAuthN", "Computer": "DESKTOP-OFJ6N53", "TimeCreated": "2022-03-09 10:16:45.449560+00:00", "RecordID": "15", "Level": "16", "UserID": "S-1-5-20"}
{"EventID": "2001", "Channel": "Microsoft-Windows-WebAuthN/Operational", "Provider_Name": "Microsoft-Windows-WebAuthN", "Computer": "DESKTOP-OFJ6N53", "TimeCreated": "2022-03-09 11:07:22.845530+00:00", "RecordID": "16", "Level": "16", "UserID": "S-1-5-20"}
{"EventID": "2000", "Channel": "Microsoft-Windows-WebAuthN/Operational", "Provider_Name": "Microsoft-Windows-WebAuthN", "Computer": "DESKTOP-OFJ6N53", "TimeCreated": "2022-03-09 11:07:52.484560+00:00", "RecordID": "17", "Level": "16", "UserID": "S-1-5-20"}
{"EventID": "2001", "Channel": "Microsoft-Windows-WebAuthN/Operational", "Provider_Name": "Microsoft-Windows-WebAuthN", "Computer": "DESKTOP-OFJ6N53", "TimeCreated": "2022-03-10 14:19:47.907579+00:00", "RecordID": "18", "Level": "16", "UserID": "S-1-5-20"}
{"EventID": "2000", "Channel": "Microsoft-Windows-WebAuthN/Operational", "Provider_Name": "Microsoft-Windows-WebAuthN", "Computer": "DESKTOP-OFJ6N53", "TimeCreated": "2022-03-10 14:20:17.479286+00:00", "RecordID": "19", "Level": "16", "UserID": "S-1-5-20"}
{"EventID": "2001", "Channel": "Microsoft-Windows-WebAuthN/Operational", "Provider_Name": "Microsoft-Windows-WebAuthN", "Computer": "DESKTOP-OFJ6N53", "TimeCreated": "2022-03-10 16:24:47.667189+00:00", "RecordID": "20", "Level": "16", "UserID": "S-1-5-20"}
{"EventID": "2000", "Channel": "Microsoft-Windows-WebAuthN/Operational", "Provider_Name": "Microsoft-Windows-WebAuthN", "Computer": "DESKTOP-OFJ6N53", "TimeCreated": "2022-03-10 16:25:12.706139+00:00", "RecordID": "21", "Level": "16", "UserID": "S-1-5-20"}
{"EventID": "2001", "Channel": "Microsoft-Windows-WebAuthN/Operational", "Provider_Name": "Microsoft-Windows-WebAuthN", "Computer": "DESKTOP-OFJ6N53", "TimeCreated": "2022-03-15 16:44:03.199871+00:00", "RecordID": "22", "Level": "16", "UserID": "S-1-5-20"}
{"EventID": "2000", "Channel": "Microsoft-Windows-WebAuthN/Operational", "Provider_Name": "Microsoft-Windows-WebAuthN", "Computer": "DESKTOP-OFJ6N53", "TimeCreated": "2022-03-15 16:44:55.978176+00:00", "RecordID": "23", "Level": "16", "UserID": "S-1-5-20"}
{"EventID": "2001", "Channel": "Microsoft-Windows-WebAuthN/Operational", "Provider_Name": "Microsoft-Windows-WebAuthN", "Computer": "DESKTOP-OFJ6N53", "TimeCreated": "2022-04-13 14:33:56.337498+00:00", "RecordID": "24", "Level": "16", "UserID": "S-1-5-20"}
{"EventID": "2000", "Channel": "Microsoft-Windows-WebAuthN/Operational", "Provider_Name": "Microsoft-Windows-WebAuthN", "Computer": "DESKTOP-OFJ6N53", "TimeCreated": "2022-04-13 14:34:28.566660+00:00", "RecordID": "25", "Level": "16", "UserID": "S-1-5-20"}
{"EventID": "2001", "Channel": "Microsoft-Windows-WebAuthN/Operational", "Provider_Name": "Microsoft-Windows-WebAuthN", "Computer": "DESKTOP-OFJ6N53", "TimeCreated": "2022-04-28 21:42:22.577650+00:00", "RecordID": "26", "Level": "16", "UserID": "S-1-5-20"}
{"EventID": "2000", "Channel": "Microsoft-Windows-WebAuthN/Operational", "Provider_Name": "Microsoft-Windows-WebAuthN", "Computer": "DESKTOP-OFJ6N53", "TimeCreated": "2022-04-28 21:43:03.062723+00:00", "RecordID": "27", "Level": "16", "UserID": "S-1-5-20"}
{"EventID": "2000", "Channel": "Microsoft-Windows-WebAuthN/Operational", "Provider_Name": "Microsoft-Windows-WebAuthN", "Computer": "DESKTOP-OFJ6N53", "TimeCreated": "2022-05-05 10:00:56.400553+00:00", "RecordID": "28", "Level": "16", "UserID": "S-1-5-20"}
{"EventID": "2001", "Channel": "Microsoft-Windows-WebAuthN/Operational", "Provider_Name": "Microsoft-Windows-WebAuthN", "Computer": "DESKTOP-OFJ6N53", "TimeCreated": "2022-05-10 23:32:31.628536+00:00", "RecordID": "29", "Level": "16", "UserID": "S-1-5-20"}
{"EventID": "2000", "Channel": "Microsoft-Windows-WebAuthN/Operational", "Provider_Name": "Microsoft-Windows-WebAuthN", "Computer": "DESKTOP-OFJ6N53", "TimeCreated": "2022-05-10 23:33:07.150242+00:00", "RecordID": "30", "Level": "16", "UserID": "S-1-5-20"}
{"EventID": "2000", "Channel": "Microsoft-Windows-WebAuthN/Operational", "Provider_Name": "Microsoft-Windows-WebAuthN", "Computer": "DESKTOP-OFJ6N53", "TimeCreated": "2022-06-06 07:34:19.786497+00:00", "RecordID": "31", "Level": "16", "UserID": "S-1-5-20"}
{"EventID": "2000", "Channel": "Microsoft-Windows-WebAuthN/Operational", "Provider_Name": "Microsoft-Windows-WebAuthN", "Computer": "DESKTOP-OFJ6N53", "TimeCreated": "2022-06-06 07:37:20.809263+00:00", "RecordID": "32", "Level": "16", "UserID": "S-1-5-20"}
{"EventID": "2001", "Channel": "Microsoft-Windows-WebAuthN/Operational", "Provider_Name": "Microsoft-Windows-WebAuthN", "Computer": "DESKTOP-OFJ6N53", "TimeCreated": "2022-06-14 18:01:02.614363+00:00", "RecordID": "33", "Level": "16", "UserID": "S-1-5-20"}
{"EventID": "2000", "Channel": "Microsoft-Windows-WebAuthN/Operational", "Provider_Name": "Microsoft-Windows-WebAuthN", "Computer": "DESKTOP-OFJ6N53", "TimeCreated": "2022-06-14 18:01:36.727827+00:00", "RecordID": "34", "Level": "16", "UserID": "S-1-5-20"}
{"EventID": "2001", "Channel": "Microsoft-Windows-WebAuthN/Operational", "Provider_Name": "Microsoft-Windows-WebAuthN", "Computer": "DESKTOP-OFJ6N53", "TimeCreated": "2022-07-13 14:41:51.545582+00:00", "RecordID": "35", "Level": "16", "UserID": "S-1-5-20"}
{"EventID": "2000", "Channel": "Microsoft-Windows-WebAuthN/Operational", "Provider_Name": "Microsoft-Windows-WebAuthN", "Computer": "DESKTOP-OFJ6N53", "TimeCreated": "2022-07-13 14:42:26.968128+00:00", "RecordID": "36", "Level": "16", "UserID": "S-1-5-20"}
{"EventID": "2001", "Channel": "Microsoft-Windows-WebAuthN/Operational", "Provider_Name": "Microsoft-Windows-WebAuthN", "Computer": "DESKTOP-OFJ6N53", "TimeCreated": "2022-08-04 17:03:48.413019+00:00", "RecordID": "37", "Level": "16", "UserID": "S-1-5-20"}
{"EventID": "2000", "Channel": "Microsoft-Windows-WebAuthN/Operational", "Provider_Name": "Microsoft-Windows-WebAuthN", "Computer": "DESKTOP-OFJ6N53", "TimeCreated": "2022-08-04 17:04:45.322964+00:00", "RecordID": "38", "Level": "16", "UserID": "S-1-5-20"}
{"EventID": "2001", "Channel": "Microsoft-Windows-WebAuthN/Operational", "Provider_Name": "Microsoft-Windows-WebAuthN", "Computer": "DESKTOP-OFJ6N53", "TimeCreated": "2022-08-09 19:08:12.441458+00:00", "RecordID": "39", "Level": "16", "UserID": "S-1-5-20"}
{"EventID": "2000", "Channel": "Microsoft-Windows-WebAuthN/Operational", "Provider_Name": "Microsoft-Windows-WebAuthN", "Computer": "DESKTOP-OFJ6N53", "TimeCreated": "2022-08-09 19:08:42.422369+00:00", "RecordID": "40", "Level": "16", "UserID": "S-1-5-20"}
{"EventID": "2001", "Channel": "Microsoft-Windows-WebAuthN/Operational", "Provider_Name": "Microsoft-Windows-WebAuthN", "Computer": "DESKTOP-OFJ6N53", "TimeCreated": "2022-09-06 09:00:20.134647+00:00", "RecordID": "41", "Level": "16", "UserID": "S-1-5-20"}
{"EventID": "2000", "Channel": "Microsoft-Windows-WebAuthN/Operational", "Provider_Name": "Microsoft-Windows-WebAuthN", "Computer": "DESKTOP-OFJ6N53", "TimeCreated": "2022-09-06 09:01:48.686119+00:00", "RecordID": "42", "Level": "16", "UserID": "S-1-5-20"}
{"EventID": "2001", "Channel": "Microsoft-Windows-WebAuthN/Operational", "Provider_Name": "Microsoft-Windows-WebAuthN", "Computer": "DESKTOP-OFJ6N53", "TimeCreated": "2022-09-06 13:00:00.366505+00:00", "RecordID": "43", "Level": "16", "UserID": "S-1-5-20"}
{"EventID": "2000", "Channel": "Microsoft-Windows-WebAuthN/Operational", "Provider_Name": "Microsoft-Windows-WebAuthN", "Computer": "DESKTOP-OFJ6N53", "TimeCreated": "2022-09-06 13:01:45.955687+00:00", "RecordID": "44", "Level": "16", "UserID": "S-1-5-20"}
{"EventID": "2001", "Channel": "Microsoft-Windows-WebAuthN/Operational", "Provider_Name": "Microsoft-Windows-WebAuthN", "Computer": "DESKTOP-OFJ6N53", "TimeCreated": "2022-09-13 14:04:14.715841+00:00", "RecordID": "45", "Level": "16", "UserID": "S-1-5-20"}
{"EventID": "2000", "Channel": "Microsoft-Windows-WebAuthN/Operational", "Provider_Name": "Microsoft-Windows-WebAuthN", "Computer": "DESKTOP-OFJ6N53", "TimeCreated": "2022-09-13 14:05:41.423864+00:00", "RecordID": "46", "Level": "16", "UserID": "S-1-5-20"}
{"EventID": "2001", "Channel": "Microsoft-Windows-WebAuthN/Operational", "Provider_Name": "Microsoft-Windows-WebAuthN", "Computer": "DESKTOP-OFJ6N53", "TimeCreated": "2022-09-14 17:16:32.293968+00:00", "RecordID": "47", "Level": "16", "UserID": "S-1-5-20"}
{"EventID": "2000", "Channel": "Microsoft-Windows-WebAuthN/Operational", "Provider_Name": "Microsoft-Windows-WebAuthN", "Computer": "DESKTOP-OFJ6N53", "TimeCreated": "2022-09-14 17:17:26.619724+00:00", "RecordID": "48", "Level": "16", "UserID": "S-1-5-20"}
{"EventID": "2001", "Channel": "Microsoft-Windows-WebAuthN/Operational", "Provider_Name": "Microsoft-Windows-WebAuthN", "Computer": "DESKTOP-OFJ6N53", "TimeCreated": "2022-09-22 12:39:47.675692+00:00", "RecordID": "49", "Level": "16", "UserID": "S-1-5-20"}
{"EventID": "2000", "Channel": "Microsoft-Windows-WebAuthN/Operational", "Provider_Name": "Microsoft-Windows-WebAuthN", "Computer": "DESKTOP-OFJ6N53", "TimeCreated": "2022-09-22 12:40:32.340864+00:00", "RecordID": "50", "Level": "16", "UserID": "S-1-5-20"}
{"EventID": "2001", "Channel": "Microsoft-Windows-WebAuthN/Operational", "Provider_Name": "Microsoft-Windows-WebAuthN", "Computer": "DESKTOP-OFJ6N53", "TimeCreated": "2022-09-29 11:31:47.080276+00:00", "RecordID": "51", "Level": "16", "UserID": "S-1-5-20"}
{"EventID": "2000", "Channel": "Microsoft-Windows-WebAuthN/Operational", "Provider_Name": "Microsoft-Windows-WebAuthN", "Computer": "DESKTOP-OFJ6N53", "TimeCreated": "2022-09-29 11:32:47.366798+00:00", "RecordID": "52", "Level": "16", "UserID": "S-1-5-20"}
{"EventID": "2001", "Channel": "Microsoft-Windows-WebAuthN/Operational", "Provider_Name": "Microsoft-Windows-WebAuthN", "Computer": "DESKTOP-OFJ6N53", "TimeCreated": "2022-10-04 08:34:03.111408+00:00", "RecordID": "53", "Level": "16", "UserID": "S-1-5-20"}
{"EventID": "2000", "Channel": "Microsoft-Windows-WebAuthN/Operational", "Provider_Name": "Microsoft-Windows-WebAuthN", "Computer": "DESKTOP-OFJ6N53", "TimeCreated": "2022-10-04 08:34:54.713146+00:00", "RecordID": "54", "Level": "16", "UserID": "S-1-5-20"}
{"EventID": "2001", "Channel": "Microsoft-Windows-WebAuthN/Operational", "Provider_Name": "Microsoft-Windows-WebAuthN", "Computer": "DESKTOP-OFJ6N53", "TimeCreated": "2022-10-05 14:36:13.809355+00:00", "RecordID": "55", "Level": "16", "UserID": "S-1-5-20"}
{"EventID": "2000", "Channel": "Microsoft-Windows-WebAuthN/Operational", "Provider_Name": "Microsoft-Windows-WebAuthN", "Computer": "DESKTOP-OFJ6N53", "TimeCreated": "2022-10-05 14:37:06.264048+00:00", "RecordID": "56", "Level": "16", "UserID": "S-1-5-20"}
{"EventID": "2001", "Channel": "Microsoft-Windows-WebAuthN/Operational", "Provider_Name": "Microsoft-Windows-WebAuthN", "Computer": "DESKTOP-OFJ6N53", "TimeCreated": "2022-10-06 08:20:06.251173+00:00", "RecordID": "57", "Level": "16", "UserID": "S-1-5-20"}
{"EventID": "2000", "Channel": "Microsoft-Windows-WebAuthN/Operational", "Provider_Name": "Microsoft-Windows-WebAuthN", "Computer": "DESKTOP-OFJ6N53", "TimeCreated": "2022-10-06 08:21:03.853903+00:00", "RecordID": "58", "Level": "16", "UserID": "S-1-5-20"}
{"EventID": "2001", "Channel": "Microsoft-Windows-WebAuthN/Operational", "Provider_Name": "Microsoft-Windows-WebAuthN", "Computer": "DESKTOP-OFJ6N53", "TimeCreated": "2022-10-06 09:15:35.033930+00:00", "RecordID": "59", "Level": "16", "UserID": "S-1-5-20"}
{"EventID": "2000", "Channel": "Microsoft-Windows-WebAuthN/Operational", "Provider_Name": "Microsoft-Windows-WebAuthN", "Computer": "DESKTOP-OFJ6N53", "TimeCreated": "2022-10-06 09:16:02.652407+00:00", "RecordID": "60", "Level": "16", "UserID": "S-1-5-20"}
{"EventID": "2001", "Channel": "Microsoft-Windows-WebAuthN/Operational", "Provider_Name": "Microsoft-Windows-WebAuthN", "Computer": "DESKTOP-OFJ6N53", "TimeCreated": "2022-10-11 22:42:30.087837+00:00", "RecordID": "61", "Level": "16", "UserID": "S-1-5-20"}
{"EventID": "2000", "Channel": "Microsoft-Windows-WebAuthN/Operational", "Provider_Name": "Microsoft-Windows-WebAuthN", "Computer": "DESKTOP-OFJ6N53", "TimeCreated": "2022-10-11 22:43:08.554235+00:00", "RecordID": "62", "Level": "16", "UserID": "S-1-5-20"}
{"EventID": "2001", "Channel": "Microsoft-Windows-WebAuthN/Operational", "Provider_Name": "Microsoft-Windows-WebAuthN", "Computer": "DESKTOP-OFJ6N53", "TimeCreated": "2022-10-17 12:08:35.459110+00:00", "RecordID": "63", "Level": "16", "UserID": "S-1-5-20"}
{"EventID": "2000", "Channel": "Microsoft-Windows-WebAuthN/Operational", "Provider_Name": "Microsoft-Windows-WebAuthN", "Computer": "DESKTOP-OFJ6N53", "TimeCreated": "2022-10-17 12:09:27.629152+00:00", "RecordID": "64", "Level": "16", "UserID": "S-1-5-20"}
{"EventID": "2001", "Channel": "Microsoft-Windows-WebAuthN/Operational", "Provider_Name": "Microsoft-Windows-WebAuthN", "Computer": "DESKTOP-OFJ6N53", "TimeCreated": "2022-10-19 13:47:02.172272+00:00", "RecordID": "65", "Level": "16", "UserID": "S-1-5-20"}
{"EventID": "2000", "Channel": "Microsoft-Windows-WebAuthN/Operational", "Provider_Name": "Microsoft-Windows-WebAuthN", "Computer": "DESKTOP-OFJ6N53", "TimeCreated": "2022-10-19 13:48:08.440382+00:00", "RecordID": "66", "Level": "16", "UserID": "S-1-5-20"}
{"EventID": "2001", "Channel": "Microsoft-Windows-WebAuthN/Operational", "Provider_Name": "Microsoft-Windows-WebAuthN", "Computer": "DESKTOP-OFJ6N53", "TimeCreated": "2022-10-27 11:46:56.776791+00:00", "RecordID": "67", "Level": "16", "UserID": "S-1-5-20"}
{"EventID": "2000", "Channel": "Microsoft-Windows-WebAuthN/Operational", "Provider_Name": "Microsoft-Windows-WebAuthN", "Computer": "DESKTOP-OFJ6N53", "TimeCreated": "2022-10-27 11:48:26.914387+00:00", "RecordID": "68", "Level": "16", "UserID": "S-1-5-20"}
{"EventID": "2001", "Channel": "Microsoft-Windows-WebAuthN/Operational", "Provider_Name": "Microsoft-Windows-WebAuthN", "Computer": "DESKTOP-OFJ6N53", "TimeCreated": "2022-11-09 14:40:17.899996+00:00", "RecordID": "69", "Level": "16", "UserID": "S-1-5-20"}
{"EventID": "2000", "Channel": "Microsoft-Windows-WebAuthN/Operational", "Provider_Name": "Microsoft-Windows-WebAuthN", "Computer": "DESKTOP-OFJ6N53", "TimeCreated": "2022-11-09 14:41:45.878052+00:00", "RecordID": "70", "Level": "16", "UserID": "S-1-5-20"}
{"EventID": "2001", "Channel": "Microsoft-Windows-WebAuthN/Operational", "Provider_Name": "Microsoft-Windows-WebAuthN", "Computer": "DESKTOP-OFJ6N53", "TimeCreated": "2022-11-10 09:27:52.188095+00:00", "RecordID": "71", "Level": "16", "UserID": "S-1-5-20"}
{"EventID": "2000", "Channel": "Microsoft-Windows-WebAuthN/Operational", "Provider_Name": "Microsoft-Windows-WebAuthN", "Computer": "DESKTOP-OFJ6N53", "TimeCreated": "2022-11-10 09:28:34.889036+00:00", "RecordID": "72", "Level": "16", "UserID": "S-1-5-20"}
{"EventID": "2000", "Channel": "Microsoft-Windows-WebAuthN/Operational", "Provider_Name": "Microsoft-Windows-WebAuthN", "Computer": "DESKTOP-OFJ6N53", "TimeCreated": "2022-11-17 17:39:34.440014+00:00", "RecordID": "73", "Level": "16", "UserID": "S-1-5-20"}
{"EventID": "2001", "Channel": "Microsoft-Windows-WebAuthN/Operational", "Provider_Name": "Microsoft-Windows-WebAuthN", "Computer": "DESKTOP-OFJ6N53", "TimeCreated": "2022-11-18 00:55:41.783375+00:00", "RecordID": "74", "Level": "16", "UserID": "S-1-5-20"}
{"EventID": "2000", "Channel": "Microsoft-Windows-WebAuthN/Operational", "Provider_Name": "Microsoft-Windows-WebAuthN", "Computer": "DESKTOP-OFJ6N53", "TimeCreated": "2022-11-18 00:57:21.989340+00:00", "RecordID": "75", "Level": "16", "UserID": "S-1-5-20"}
{"EventID": "2000", "Channel": "Microsoft-Windows-WebAuthN/Operational", "Provider_Name": "Microsoft-Windows-WebAuthN", "Computer": "DESKTOP-OFJ6N53", "TimeCreated": "2022-11-19 20:56:31.269836+00:00", "RecordID": "76", "Level": "16", "UserID": "S-1-5-20"}
{"EventID": "2001", "Channel": "Microsoft-Windows-WebAuthN/Operational", "Provider_Name": "Microsoft-Windows-WebAuthN", "Computer": "DESKTOP-OFJ6N53", "TimeCreated": "2022-11-21 07:55:33.441027+00:00", "RecordID": "77", "Level": "16", "UserID": "S-1-5-20"}
{"EventID": "2000", "Channel": "Microsoft-Windows-WebAuthN/Operational", "Provider_Name": "Microsoft-Windows-WebAuthN", "Computer": "DESKTOP-OFJ6N53", "TimeCreated": "2022-11-21 07:56:27.970068+00:00", "RecordID": "78", "Level": "16", "UserID": "S-1-5-20"}
{"EventID": "2001", "Channel": "Microsoft-Windows-WebAuthN/Operational", "Provider_Name": "Microsoft-Windows-WebAuthN", "Computer": "DESKTOP-OFJ6N53", "TimeCreated": "2022-11-22 07:18:54.452890+00:00", "RecordID": "79", "Level": "16", "UserID": "S-1-5-20"}
{"EventID": "2000", "Channel": "Microsoft-Windows-WebAuthN/Operational", "Provider_Name": "Microsoft-Windows-WebAuthN", "Computer": "DESKTOP-OFJ6N53", "TimeCreated": "2022-11-22 07:19:54.009380+00:00", "RecordID": "80", "Level": "16", "UserID": "S-1-5-20"}
{"EventID": "2001", "Channel": "Microsoft-Windows-WebAuthN/Operational", "Provider_Name": "Microsoft-Windows-WebAuthN", "Computer": "DESKTOP-OFJ6N53", "TimeCreated": "2022-11-22 11:55:52.932360+00:00", "RecordID": "81", "Level": "16", "UserID": "S-1-5-20"}
{"EventID": "2000", "Channel": "Microsoft-Windows-WebAuthN/Operational", "Provider_Name": "Microsoft-Windows-WebAuthN", "Computer": "DESKTOP-OFJ6N53", "TimeCreated": "2022-11-22 11:57:11.813848+00:00", "RecordID": "82", "Level": "16", "UserID": "S-1-5-20"}
{"EventID": "2001", "Channel": "Microsoft-Windows-WebAuthN/Operational", "Provider_Name": "Microsoft-Windows-WebAuthN", "Computer": "DESKTOP-OFJ6N53", "TimeCreated": "2022-11-24 10:51:27.893208+00:00", "RecordID": "83", "Level": "16", "UserID": "S-1-5-20"}
{"EventID": "2000", "Channel": "Microsoft-Windows-WebAuthN/Operational", "Provider_Name": "Microsoft-Windows-WebAuthN", "Computer": "DESKTOP-OFJ6N53", "TimeCreated": "2022-11-24 10:52:07.750919+00:00", "RecordID": "84", "Level": "16", "UserID": "S-1-5-20"}
{"EventID": "2001", "Channel": "Microsoft-Windows-WebAuthN/Operational", "Provider_Name": "Microsoft-Windows-WebAuthN", "Computer": "DESKTOP-OFJ6N53", "TimeCreated": "2022-11-28 11:04:17.726597+00:00", "RecordID": "85", "Level": "16", "UserID": "S-1-5-20"}
{"EventID": "2000", "Channel": "Microsoft-Windows-WebAuthN/Operational", "Provider_Name": "Microsoft-Windows-WebAuthN", "Computer": "DESKTOP-OFJ6N53", "TimeCreated": "2022-11-28 11:07:05.362997+00:00", "RecordID": "86", "Level": "16", "UserID": "S-1-5-20"}
{"EventID": "2001", "Channel": "Microsoft-Windows-WebAuthN/Operational", "Provider_Name": "Microsoft-Windows-WebAuthN", "Computer": "DESKTOP-OFJ6N53", "TimeCreated": "2022-11-30 10:04:08.401354+00:00", "RecordID": "87", "Level": "16", "UserID": "S-1-5-20"}
{"EventID": "2000", "Channel": "Microsoft-Windows-WebAuthN/Operational", "Provider_Name": "Microsoft-Windows-WebAuthN", "Computer": "DESKTOP-OFJ6N53", "TimeCreated": "2022-11-30 10:05:55.331718+00:00", "RecordID": "88", "Level": "16", "UserID": "S-1-5-20"}
{"EventID": "2001", "Channel": "Microsoft-Windows-WebAuthN/Operational", "Provider_Name": "Microsoft-Windows-WebAuthN", "Computer": "DESKTOP-OFJ6N53", "TimeCreated": "2022-12-06 11:55:50.501804+00:00", "RecordID": "89", "Level": "16", "UserID": "S-1-5-20"}
{"EventID": "2000", "Channel": "Microsoft-Windows-WebAuthN/Operational", "Provider_Name": "Microsoft-Windows-WebAuthN", "Computer": "DESKTOP-OFJ6N53", "TimeCreated": "2022-12-06 11:57:17.713974+00:00", "RecordID": "90", "Level": "16", "UserID": "S-1-5-20"}
{"EventID": "2001", "Channel": "Microsoft-Windows-WebAuthN/Operational", "Provider_Name": "Microsoft-Windows-WebAuthN", "Computer": "DESKTOP-OFJ6N53", "TimeCreated": "2022-12-09 11:51:03.098110+00:00", "RecordID": "91", "Level": "16", "UserID": "S-1-5-20"}
{"EventID": "2000", "Channel": "Microsoft-Windows-WebAuthN/Operational", "Provider_Name": "Microsoft-Windows-WebAuthN", "Computer": "DESKTOP-OFJ6N53", "TimeCreated": "2022-12-09 11:51:52.560341+00:00", "RecordID": "92", "Level": "16", "UserID": "S-1-5-20"}
{"EventID": "2001", "Channel": "Microsoft-Windows-WebAuthN/Operational", "Provider_Name": "Microsoft-Windows-WebAuthN", "Computer": "DESKTOP-OFJ6N53", "TimeCreated": "2022-12-12 15:19:15.961798+00:00", "RecordID": "93", "Level": "16", "UserID": "S-1-5-20"}
{"EventID": "2000", "Channel": "Microsoft-Windows-WebAuthN/Operational", "Provider_Name": "Microsoft-Windows-WebAuthN", "Computer": "DESKTOP-OFJ6N53", "TimeCreated": "2022-12-12 15:20:41.946800+00:00", "RecordID": "94", "Level": "16", "UserID": "S-1-5-20"}
{"EventID": "2001", "Channel": "Microsoft-Windows-WebAuthN/Operational", "Provider_Name": "Microsoft-Windows-WebAuthN", "Computer": "DESKTOP-OFJ6N53", "TimeCreated": "2022-12-14 12:45:49.188877+00:00", "RecordID": "95", "Level": "16", "UserID": "S-1-5-20"}
{"EventID": "2000", "Channel": "Microsoft-Windows-WebAuthN/Operational", "Provider_Name": "Microsoft-Windows-WebAuthN", "Computer": "DESKTOP-OFJ6N53", "TimeCreated": "2022-12-14 12:46:39.669012+00:00", "RecordID": "96", "Level": "16", "UserID": "S-1-5-20"}
{"EventID": "2001", "Channel": "Microsoft-Windows-WebAuthN/Operational", "Provider_Name": "Microsoft-Windows-WebAuthN", "Computer": "DESKTOP-OFJ6N53", "TimeCreated": "2022-12-15 08:28:13.385923+00:00", "RecordID": "97", "Level": "16", "UserID": "S-1-5-20"}
{"EventID": "2000", "Channel": "Microsoft-Windows-WebAuthN/Operational", "Provider_Name": "Microsoft-Windows-WebAuthN", "Computer": "DESKTOP-OFJ6N53", "TimeCreated": "2022-12-15 08:28:56.821098+00:00", "RecordID": "98", "Level": "16", "UserID": "S-1-5-20"}
{"EventID": "2001", "Channel": "Microsoft-Windows-WebAuthN/Operational", "Provider_Name": "Microsoft-Windows-WebAuthN", "Computer": "DESKTOP-OFJ6N53", "TimeCreated": "2022-12-21 09:54:23.156031+00:00", "RecordID": "99", "Level": "16", "UserID": "S-1-5-20"}
{"EventID": "2000", "Channel": "Microsoft-Windows-WebAuthN/Operational", "Provider_Name": "Microsoft-Windows-WebAuthN", "Computer": "DESKTOP-OFJ6N53", "TimeCreated": "2022-12-21 09:55:24.350266+00:00", "RecordID": "100", "Level": "16", "UserID": "S-1-5-20"}
{"EventID": "2001", "Channel": "Microsoft-Windows-WebAuthN/Operational", "Provider_Name": "Microsoft-Windows-WebAuthN", "Computer": "DESKTOP-OFJ6N53", "TimeCreated": "2022-12-27 09:33:48.283724+00:00", "RecordID": "101", "Level": "16", "UserID": "S-1-5-20"}
{"EventID": "2000", "Channel": "Microsoft-Windows-WebAuthN/Operational", "Provider_Name": "Microsoft-Windows-WebAuthN", "Computer": "DESKTOP-OFJ6N53", "TimeCreated": "2022-12-27 09:34:45.791620+00:00", "RecordID": "102", "Level": "16", "UserID": "S-1-5-20"}
{"EventID": "2001", "Channel": "Microsoft-Windows-WebAuthN/Operational", "Provider_Name": "Microsoft-Windows-WebAuthN", "Computer": "DESKTOP-OFJ6N53", "TimeCreated": "2022-12-29 12:40:45.586624+00:00", "RecordID": "103", "Level": "16", "UserID": "S-1-5-20"}
{"EventID": "2000", "Channel": "Microsoft-Windows-WebAuthN/Operational", "Provider_Name": "Microsoft-Windows-WebAuthN", "Computer": "DESKTOP-OFJ6N53", "TimeCreated": "2022-12-29 12:41:41.433847+00:00", "RecordID": "104", "Level": "16", "UserID": "S-1-5-20"}
{"EventID": "2001", "Channel": "Microsoft-Windows-WebAuthN/Operational", "Provider_Name": "Microsoft-Windows-WebAuthN", "Computer": "DESKTOP-OFJ6N53", "TimeCreated": "2023-01-10 07:48:35.613260+00:00", "RecordID": "105", "Level": "16", "UserID": "S-1-5-20"}
{"EventID": "2000", "Channel": "Microsoft-Windows-WebAuthN/Operational", "Provider_Name": "Microsoft-Windows-WebAuthN", "Computer": "DESKTOP-OFJ6N53", "TimeCreated": "2023-01-10 07:49:24.592470+00:00", "RecordID": "106", "Level": "16", "UserID": "S-1-5-20"}
{"EventID": "2001", "Channel": "Microsoft-Windows-WebAuthN/Operational", "Provider_Name": "Microsoft-Windows-WebAuthN", "Computer": "DESKTOP-OFJ6N53", "TimeCreated": "2023-01-11 14:44:42.765594+00:00", "RecordID": "107", "Level": "16", "UserID": "S-1-5-20"}
{"EventID": "2000", "Channel": "Microsoft-Windows-WebAuthN/Operational", "Provider_Name": "Microsoft-Windows-WebAuthN", "Computer": "DESKTOP-OFJ6N53", "TimeCreated": "2023-01-11 14:45:52.197767+00:00", "RecordID": "108", "Level": "16", "UserID": "S-1-5-20"}
{"EventID": "2001", "Channel": "Microsoft-Windows-WebAuthN/Operational", "Provider_Name": "Microsoft-Windows-WebAuthN", "Computer": "DESKTOP-OFJ6N53", "TimeCreated": "2023-01-13 13:31:03.179930+00:00", "RecordID": "109", "Level": "16", "UserID": "S-1-5-20"}
{"EventID": "2000", "Channel": "Microsoft-Windows-WebAuthN/Operational", "Provider_Name": "Microsoft-Windows-WebAuthN", "Computer": "DESKTOP-OFJ6N53", "TimeCreated": "2023-01-13 13:31:34.544882+00:00", "RecordID": "110", "Level": "16", "UserID": "S-1-5-20"}
{"EventID": "2001", "Channel": "Microsoft-Windows-WebAuthN/Operational", "Provider_Name": "Microsoft-Windows-WebAuthN", "Computer": "DESKTOP-OFJ6N53", "TimeCreated": "2023-01-16 08:13:23.272470+00:00", "RecordID": "111", "Level": "16", "UserID": "S-1-5-20"}
{"EventID": "2000", "Channel": "Microsoft-Windows-WebAuthN/Operational", "Provider_Name": "Microsoft-Windows-WebAuthN", "Computer": "DESKTOP-OFJ6N53", "TimeCreated": "2023-01-16 08:14:33.028095+00:00", "RecordID": "112", "Level": "16", "UserID": "S-1-5-20"}
{"EventID": "2001", "Channel": "Microsoft-Windows-WebAuthN/Operational", "Provider_Name": "Microsoft-Windows-WebAuthN", "Computer": "DESKTOP-OFJ6N53", "TimeCreated": "2023-01-17 12:29:11.004015+00:00", "RecordID": "113", "Level": "16", "UserID": "S-1-5-20"}
{"EventID": "2000", "Channel": "Microsoft-Windows-WebAuthN/Operational", "Provider_Name": "Microsoft-Windows-WebAuthN", "Computer": "DESKTOP-OFJ6N53", "TimeCreated": "2023-01-17 12:30:26.041065+00:00", "RecordID": "114", "Level": "16", "UserID": "S-1-5-20"}
{"EventID": "2001", "Channel": "Microsoft-Windows-WebAuthN/Operational", "Provider_Name": "Microsoft-Windows-WebAuthN", "Computer": "DESKTOP-OFJ6N53", "TimeCreated": "2023-01-19 07:58:56.201067+00:00", "RecordID": "115", "Level": "16", "UserID": "S-1-5-20"}
{"EventID": "2000", "Channel": "Microsoft-Windows-WebAuthN/Operational", "Provider_Name": "Microsoft-Windows-WebAuthN", "Computer": "DESKTOP-OFJ6N53", "TimeCreated": "2023-01-19 08:00:17.293360+00:00", "RecordID": "116", "Level": "16", "UserID": "S-1-5-20"}
{"EventID": "2001", "Channel": "Microsoft-Windows-WebAuthN/Operational", "Provider_Name": "Microsoft-Windows-WebAuthN", "Computer": "DESKTOP-OFJ6N53", "TimeCreated": "2023-01-19 11:54:28.488596+00:00", "RecordID": "117", "Level": "16", "UserID": "S-1-5-20"}
{"EventID": "2000", "Channel": "Microsoft-Windows-WebAuthN/Operational", "Provider_Name": "Microsoft-Windows-WebAuthN", "Computer": "DESKTOP-OFJ6N53", "TimeCreated": "2023-01-19 11:55:03.869072+00:00", "RecordID": "118", "Level": "16", "UserID": "S-1-5-20"}
{"EventID": "2001", "Channel": "Microsoft-Windows-WebAuthN/Operational", "Provider_Name": "Microsoft-Windows-WebAuthN", "Computer": "DESKTOP-OFJ6N53", "TimeCreated": "2023-01-20 14:30:19.537367+00:00", "RecordID": "119", "Level": "16", "UserID": "S-1-5-20"}
{"EventID": "2000", "Channel": "Microsoft-Windows-WebAuthN/Operational", "Provider_Name": "Microsoft-Windows-WebAuthN", "Computer": "DESKTOP-OFJ6N53", "TimeCreated": "2023-01-20 14:31:04.519573+00:00", "RecordID": "120", "Level": "16", "UserID": "S-1-5-20"}
{"EventID": "2001", "Channel": "Microsoft-Windows-WebAuthN/Operational", "Provider_Name": "Microsoft-Windows-WebAuthN", "Computer": "DESKTOP-OFJ6N53", "TimeCreated": "2023-01-23 10:18:21.148960+00:00", "RecordID": "121", "Level": "16", "UserID": "S-1-5-20"}
{"EventID": "2000", "Channel": "Microsoft-Windows-WebAuthN/Operational", "Provider_Name": "Microsoft-Windows-WebAuthN", "Computer": "DESKTOP-OFJ6N53", "TimeCreated": "2023-01-23 10:19:28.552647+00:00", "RecordID": "122", "Level": "16", "UserID": "S-1-5-20"}
{"EventID": "2001", "Channel": "Microsoft-Windows-WebAuthN/Operational", "Provider_Name": "Microsoft-Windows-WebAuthN", "Computer": "DESKTOP-OFJ6N53", "TimeCreated": "2023-01-23 12:40:11.036505+00:00", "RecordID": "123", "Level": "16", "UserID": "S-1-5-20"}
{"EventID": "2000", "Channel": "Microsoft-Windows-WebAuthN/Operational", "Provider_Name": "Microsoft-Windows-WebAuthN", "Computer": "DESKTOP-OFJ6N53", "TimeCreated": "2023-01-23 12:41:08.540245+00:00", "RecordID": "124", "Level": "16", "UserID": "S-1-5-20"}
{"EventID": "2001", "Channel": "Microsoft-Windows-WebAuthN/Operational", "Provider_Name": "Microsoft-Windows-WebAuthN", "Computer": "DESKTOP-OFJ6N53", "TimeCreated": "2023-01-25 08:55:39.574718+00:00", "RecordID": "125", "Level": "16", "UserID": "S-1-5-20"}
{"EventID": "2000", "Channel": "Microsoft-Windows-WebAuthN/Operational", "Provider_Name": "Microsoft-Windows-WebAuthN", "Computer": "DESKTOP-OFJ6N53", "TimeCreated": "2023-01-25 08:57:16.867567+00:00", "RecordID": "126", "Level": "16", "UserID": "S-1-5-20"}
{"EventID": "2001", "Channel": "Microsoft-Windows-WebAuthN/Operational", "Provider_Name": "Microsoft-Windows-WebAuthN", "Computer": "DESKTOP-OFJ6N53", "TimeCreated": "2023-01-27 15:03:19.198832+00:00", "RecordID": "127", "Level": "16", "UserID": "S-1-5-20"}
{"EventID": "2000", "Channel": "Microsoft-Windows-WebAuthN/Operational", "Provider_Name": "Microsoft-Windows-WebAuthN", "Computer": "DESKTOP-OFJ6N53", "TimeCreated": "2023-01-27 15:04:07.744577+00:00", "RecordID": "128", "Level": "16", "UserID": "S-1-5-20"}
{"EventID": "2001", "Channel": "Microsoft-Windows-WebAuthN/Operational", "Provider_Name": "Microsoft-Windows-WebAuthN", "Computer": "DESKTOP-OFJ6N53", "TimeCreated": "2023-01-30 08:01:22.004604+00:00", "RecordID": "129", "Level": "16", "UserID": "S-1-5-20"}
{"EventID": "2000", "Channel": "Microsoft-Windows-WebAuthN/Operational", "Provider_Name": "Microsoft-Windows-WebAuthN", "Computer": "DESKTOP-OFJ6N53", "TimeCreated": "2023-01-30 08:03:05.140493+00:00", "RecordID": "130", "Level": "16", "UserID": "S-1-5-20"}
{"EventID": "2001", "Channel": "Microsoft-Windows-WebAuthN/Operational", "Provider_Name": "Microsoft-Windows-WebAuthN", "Computer": "DESKTOP-OFJ6N53", "TimeCreated": "2023-02-09 10:48:44.789749+00:00", "RecordID": "131", "Level": "16", "UserID": "S-1-5-20"}
{"EventID": "2000", "Channel": "Microsoft-Windows-WebAuthN/Operational", "Provider_Name": "Microsoft-Windows-WebAuthN", "Computer": "DESKTOP-OFJ6N53", "TimeCreated": "2023-02-09 10:50:16.186232+00:00", "RecordID": "132", "Level": "16", "UserID": "S-1-5-20"}
{"EventID": "2001", "Channel": "Microsoft-Windows-WebAuthN/Operational", "Provider_Name": "Microsoft-Windows-WebAuthN", "Computer": "DESKTOP-OFJ6N53", "TimeCreated": "2023-02-14 14:06:33.126789+00:00", "RecordID": "133", "Level": "16", "UserID": "S-1-5-20"}
{"EventID": "2000", "Channel": "Microsoft-Windows-WebAuthN/Operational", "Provider_Name": "Microsoft-Windows-WebAuthN", "Computer": "DESKTOP-OFJ6N53", "TimeCreated": "2023-02-14 14:08:01.021448+00:00", "RecordID": "134", "Level": "16", "UserID": "S-1-5-20"}
{"EventID": "2001", "Channel": "Microsoft-Windows-WebAuthN/Operational", "Provider_Name": "Microsoft-Windows-WebAuthN", "Computer": "DESKTOP-OFJ6N53", "TimeCreated": "2023-02-15 12:28:33.663254+00:00", "RecordID": "135", "Level": "16", "UserID": "S-1-5-20"}
{"EventID": "2000", "Channel": "Microsoft-Windows-WebAuthN/Operational", "Provider_Name": "Microsoft-Windows-WebAuthN", "Computer": "DESKTOP-OFJ6N53", "TimeCreated": "2023-02-15 12:31:01.945896+00:00", "RecordID": "136", "Level": "16", "UserID": "S-1-5-20"}
{"EventID": "2001", "Channel": "Microsoft-Windows-WebAuthN/Operational", "Provider_Name": "Microsoft-Windows-WebAuthN", "Computer": "DESKTOP-OFJ6N53", "TimeCreated": "2023-02-15 19:09:10.009117+00:00", "RecordID": "137", "Level": "16", "UserID": "S-1-5-20"}
{"EventID": "2000", "Channel": "Microsoft-Windows-WebAuthN/Operational", "Provider_Name": "Microsoft-Windows-WebAuthN", "Computer": "DESKTOP-OFJ6N53", "TimeCreated": "2023-02-15 19:10:05.390024+00:00", "RecordID": "138", "Level": "16", "UserID": "S-1-5-20"}
{"EventID": "2001", "Channel": "Microsoft-Windows-WebAuthN/Operational", "Provider_Name": "Microsoft-Windows-WebAuthN", "Computer": "DESKTOP-OFJ6N53", "TimeCreated": "2023-02-16 01:23:25.732990+00:00", "RecordID": "139", "Level": "16", "UserID": "S-1-5-20"}
{"EventID": "2000", "Channel": "Microsoft-Windows-WebAuthN/Operational", "Provider_Name": "Microsoft-Windows-WebAuthN", "Computer": "DESKTOP-OFJ6N53", "TimeCreated": "2023-02-16 01:24:32.024429+00:00", "RecordID": "140", "Level": "16", "UserID": "S-1-5-20"}
{"EventID": "2001", "Channel": "Microsoft-Windows-WebAuthN/Operational", "Provider_Name": "Microsoft-Windows-WebAuthN", "Computer": "DESKTOP-OFJ6N53", "TimeCreated": "2023-02-27 19:05:47.697113+00:00", "RecordID": "141", "Level": "16", "UserID": "S-1-5-20"}
{"EventID": "2000", "Channel": "Microsoft-Windows-WebAuthN/Operational", "Provider_Name": "Microsoft-Windows-WebAuthN", "Computer": "DESKTOP-OFJ6N53", "TimeCreated": "2023-02-27 19:06:36.576864+00:00", "RecordID": "142", "Level": "16", "UserID": "S-1-5-20"}
{"EventID": "2001", "Channel": "Microsoft-Windows-WebAuthN/Operational", "Provider_Name": "Microsoft-Windows-WebAuthN", "Computer": "DESKTOP-OFJ6N53", "TimeCreated": "2023-03-06 08:58:18.004927+00:00", "RecordID": "143", "Level": "16", "UserID": "S-1-5-20"}
{"EventID": "2000", "Channel": "Microsoft-Windows-WebAuthN/Operational", "Provider_Name": "Microsoft-Windows-WebAuthN", "Computer": "DESKTOP-OFJ6N53", "TimeCreated": "2023-03-06 08:59:47.993561+00:00", "RecordID": "144", "Level": "16", "UserID": "S-1-5-20"}
{"EventID": "2001", "Channel": "Microsoft-Windows-WebAuthN/Operational", "Provider_Name": "Microsoft-Windows-WebAuthN", "Computer": "DESKTOP-OFJ6N53", "TimeCreated": "2023-03-10 12:02:03.758343+00:00", "RecordID": "145", "Level": "16", "UserID": "S-1-5-20"}
{"EventID": "2000", "Channel": "Microsoft-Windows-WebAuthN/Operational", "Provider_Name": "Microsoft-Windows-WebAuthN", "Computer": "DESKTOP-OFJ6N53", "TimeCreated": "2023-03-10 12:03:47.890703+00:00", "RecordID": "146", "Level": "16", "UserID": "S-1-5-20"}
{"EventID": "2000", "Channel": "Microsoft-Windows-WebAuthN/Operational", "Provider_Name": "Microsoft-Windows-WebAuthN", "Computer": "DESKTOP-OFJ6N53", "TimeCreated": "2023-03-13 11:09:11.129137+00:00", "RecordID": "147", "Level": "16", "UserID": "S-1-5-20"}
{"EventID": "2001", "Channel": "Microsoft-Windows-WebAuthN/Operational", "Provider_Name": "Microsoft-Windows-WebAuthN", "Computer": "DESKTOP-OFJ6N53", "TimeCreated": "2023-03-15 22:01:14.824551+00:00", "RecordID": "148", "Level": "16", "UserID": "S-1-5-20"}
{"EventID": "2000", "Channel": "Microsoft-Windows-WebAuthN/Operational", "Provider_Name": "Microsoft-Windows-WebAuthN", "Computer": "DESKTOP-OFJ6N53", "TimeCreated": "2023-03-15 22:03:51.747616+00:00", "RecordID": "149", "Level": "16", "UserID": "S-1-5-20"}
{"EventID": "2001", "Channel": "Microsoft-Windows-WebAuthN/Operational", "Provider_Name": "Microsoft-Windows-WebAuthN", "Computer": "DESKTOP-OFJ6N53", "TimeCreated": "2023-03-19 01:05:23.720369+00:00", "RecordID": "150", "Level": "16", "UserID": "S-1-5-20"}
{"EventID": "2000", "Channel": "Microsoft-Windows-WebAuthN/Operational", "Provider_Name": "Microsoft-Windows-WebAuthN", "Computer": "DESKTOP-OFJ6N53", "TimeCreated": "2023-03-19 01:07:43.550426+00:00", "RecordID": "151", "Level": "16", "UserID": "S-1-5-20"}
{"EventID": "2001", "Channel": "Microsoft-Windows-WebAuthN/Operational", "Provider_Name": "Microsoft-Windows-WebAuthN", "Computer": "DESKTOP-OFJ6N53", "TimeCreated": "2023-03-20 08:27:06.251102+00:00", "RecordID": "152", "Level": "16", "UserID": "S-1-5-20"}
{"EventID": "2000", "Channel": "Microsoft-Windows-WebAuthN/Operational", "Provider_Name": "Microsoft-Windows-WebAuthN", "Computer": "DESKTOP-OFJ6N53", "TimeCreated": "2023-03-20 08:31:14.485094+00:00", "RecordID": "153", "Level": "16", "UserID": "S-1-5-20"}
{"EventID": "2000", "Channel": "Microsoft-Windows-WebAuthN/Operational", "Provider_Name": "Microsoft-Windows-WebAuthN", "Computer": "DESKTOP-OFJ6N53", "TimeCreated": "2023-03-23 10:01:24.903120+00:00", "RecordID": "154", "Level": "16", "UserID": "S-1-5-20"}
{"EventID": "2001", "Channel": "Microsoft-Windows-WebAuthN/Operational", "Provider_Name": "Microsoft-Windows-WebAuthN", "Computer": "DESKTOP-OFJ6N53", "TimeCreated": "2023-03-29 11:05:29.131706+00:00", "RecordID": "155", "Level": "16", "UserID": "S-1-5-20"}
{"EventID": "2000", "Channel": "Microsoft-Windows-WebAuthN/Operational", "Provider_Name": "Microsoft-Windows-WebAuthN", "Computer": "DESKTOP-OFJ6N53", "TimeCreated": "2023-03-29 11:08:39.617298+00:00", "RecordID": "156", "Level": "16", "UserID": "S-1-5-20"}
{"EventID": "2001", "Channel": "Microsoft-Windows-WebAuthN/Operational", "Provider_Name": "Microsoft-Windows-WebAuthN", "Computer": "DESKTOP-OFJ6N53", "TimeCreated": "2023-04-03 12:03:56.829967+00:00", "RecordID": "157", "Level": "16", "UserID": "S-1-5-20"}
{"EventID": "2000", "Channel": "Microsoft-Windows-WebAuthN/Operational", "Provider_Name": "Microsoft-Windows-WebAuthN", "Computer": "DESKTOP-OFJ6N53", "TimeCreated": "2023-04-03 12:07:06.610598+00:00", "RecordID": "158", "Level": "16", "UserID": "S-1-5-20"}
{"EventID": "2001", "Channel": "Microsoft-Windows-WebAuthN/Operational", "Provider_Name": "Microsoft-Windows-WebAuthN", "Computer": "DESKTOP-OFJ6N53", "TimeCreated": "2023-04-03 14:19:41.522327+00:00", "RecordID": "159", "Level": "16", "UserID": "S-1-5-20"}
{"EventID": "2000", "Channel": "Microsoft-Windows-WebAuthN/Operational", "Provider_Name": "Microsoft-Windows-WebAuthN", "Computer": "DESKTOP-OFJ6N53", "TimeCreated": "2023-04-03 14:21:18.565903+00:00", "RecordID": "160", "Level": "16", "UserID": "S-1-5-20"}
{"EventID": "2000", "Channel": "Microsoft-Windows-WebAuthN/Operational", "Provider_Name": "Microsoft-Windows-WebAuthN", "Computer": "DESKTOP-OFJ6N53", "TimeCreated": "2023-04-04 06:31:21.475367+00:00", "RecordID": "161", "Level": "16", "UserID": "S-1-5-20"}
{"EventID": "2001", "Channel": "Microsoft-Windows-WebAuthN/Operational", "Provider_Name": "Microsoft-Windows-WebAuthN", "Computer": "DESKTOP-OFJ6N53", "TimeCreated": "2023-04-05 07:26:32.160583+00:00", "RecordID": "162", "Level": "16", "UserID": "S-1-5-20"}
{"EventID": "2000", "Channel": "Microsoft-Windows-WebAuthN/Operational", "Provider_Name": "Microsoft-Windows-WebAuthN", "Computer": "DESKTOP-OFJ6N53", "TimeCreated": "2023-04-05 07:28:32.820349+00:00", "RecordID": "163", "Level": "16", "UserID": "S-1-5-20"}
{"EventID": "2001", "Channel": "Microsoft-Windows-WebAuthN/Operational", "Provider_Name": "Microsoft-Windows-WebAuthN", "Computer": "DESKTOP-OFJ6N53", "TimeCreated": "2023-04-05 15:15:35.965698+00:00", "RecordID": "164", "Level": "16", "UserID": "S-1-5-20"}
{"EventID": "2000", "Channel": "Microsoft-Windows-WebAuthN/Operational", "Provider_Name": "Microsoft-Windows-WebAuthN", "Computer": "DESKTOP-OFJ6N53", "TimeCreated": "2023-04-05 15:18:37.783804+00:00", "RecordID": "165", "Level": "16", "UserID": "S-1-5-20"}
{"EventID": "2001", "Channel": "Microsoft-Windows-WebAuthN/Operational", "Provider_Name": "Microsoft-Windows-WebAuthN", "Computer": "DESKTOP-OFJ6N53", "TimeCreated": "2023-04-11 19:38:34.765522+00:00", "RecordID": "166", "Level": "16", "UserID": "S-1-5-20"}
{"EventID": "2000", "Channel": "Microsoft-Windows-WebAuthN/Operational", "Provider_Name": "Microsoft-Windows-WebAuthN", "Computer": "DESKTOP-OFJ6N53", "TimeCreated": "2023-04-11 19:41:48.207258+00:00", "RecordID": "167", "Level": "16", "UserID": "S-1-5-20"}
{"EventID": "2001", "Channel": "Microsoft-Windows-WebAuthN/Operational", "Provider_Name": "Microsoft-Windows-WebAuthN", "Computer": "DESKTOP-OFJ6N53", "TimeCreated": "2023-04-12 17:25:58.514795+00:00", "RecordID": "168", "Level": "16", "UserID": "S-1-5-20"}
{"EventID": "2000", "Channel": "Microsoft-Windows-WebAuthN/Operational", "Provider_Name": "Microsoft-Windows-WebAuthN", "Computer": "DESKTOP-OFJ6N53", "TimeCreated": "2023-04-12 17:27:35.027872+00:00", "RecordID": "169", "Level": "16", "UserID": "S-1-5-20"}
{"EventID": "2001", "Channel": "Microsoft-Windows-WebAuthN/Operational", "Provider_Name": "Microsoft-Windows-WebAuthN", "Computer": "DESKTOP-OFJ6N53", "TimeCreated": "2023-04-22 12:23:36.717772+00:00", "RecordID": "170", "Level": "16", "UserID": "S-1-5-20"}
{"EventID": "2000", "Channel": "Microsoft-Windows-WebAuthN/Operational", "Provider_Name": "Microsoft-Windows-WebAuthN", "Computer": "DESKTOP-OFJ6N53", "TimeCreated": "2023-04-22 12:24:28.951973+00:00", "RecordID": "171", "Level": "16", "UserID": "S-1-5-20"}
{"EventID": "2000", "Channel": "Microsoft-Windows-WebAuthN/Operational", "Provider_Name": "Microsoft-Windows-WebAuthN", "Computer": "DESKTOP-OFJ6N53", "TimeCreated": "2023-04-26 10:05:11.050383+00:00", "RecordID": "172", "Level": "16", "UserID": "S-1-5-20"}
{"EventID": "2001", "Channel": "Microsoft-Windows-WebAuthN/Operational", "Provider_Name": "Microsoft-Windows-WebAuthN", "Computer": "DESKTOP-OFJ6N53", "TimeCreated": "2023-05-02 20:27:03.738091+00:00", "RecordID": "173", "Level": "16", "UserID": "S-1-5-20"}
{"EventID": "2000", "Channel": "Microsoft-Windows-WebAuthN/Operational", "Provider_Name": "Microsoft-Windows-WebAuthN", "Computer": "DESKTOP-OFJ6N53", "TimeCreated": "2023-05-02 20:28:06.069435+00:00", "RecordID": "174", "Level": "16", "UserID": "S-1-5-20"}
{"EventID": "2001", "Channel": "Microsoft-Windows-WebAuthN/Operational", "Provider_Name": "Microsoft-Windows-WebAuthN", "Computer": "DESKTOP-OFJ6N53", "TimeCreated": "2023-05-03 08:14:52.064890+00:00", "RecordID": "175", "Level": "16", "UserID": "S-1-5-20"}
{"EventID": "2000", "Channel": "Microsoft-Windows-WebAuthN/Operational", "Provider_Name": "Microsoft-Windows-WebAuthN", "Computer": "DESKTOP-OFJ6N53", "TimeCreated": "2023-05-03 08:16:44.484261+00:00", "RecordID": "176", "Level": "16", "UserID": "S-1-5-20"}
{"EventID": "2001", "Channel": "Microsoft-Windows-WebAuthN/Operational", "Provider_Name": "Microsoft-Windows-WebAuthN", "Computer": "DESKTOP-OFJ6N53", "TimeCreated": "2023-05-10 00:45:14.413307+00:00", "RecordID": "177", "Level": "16", "UserID": "S-1-5-20"}
{"EventID": "2000", "Channel": "Microsoft-Windows-WebAuthN/Operational", "Provider_Name": "Microsoft-Windows-WebAuthN", "Computer": "DESKTOP-OFJ6N53", "TimeCreated": "2023-05-10 00:45:59.802492+00:00", "RecordID": "178", "Level": "16", "UserID": "S-1-5-20"}
{"EventID": "2001", "Channel": "Microsoft-Windows-WebAuthN/Operational", "Provider_Name": "Microsoft-Windows-WebAuthN", "Computer": "DESKTOP-OFJ6N53", "TimeCreated": "2023-05-15 12:19:13.085810+00:00", "RecordID": "179", "Level": "16", "UserID": "S-1-5-20"}
{"EventID": "2000", "Channel": "Microsoft-Windows-WebAuthN/Operational", "Provider_Name": "Microsoft-Windows-WebAuthN", "Computer": "DESKTOP-OFJ6N53", "TimeCreated": "2023-05-15 12:19:46.543062+00:00", "RecordID": "180", "Level": "16", "UserID": "S-1-5-20"}
{"EventID": "2000", "Channel": "Microsoft-Windows-WebAuthN/Operational", "Provider_Name": "Microsoft-Windows-WebAuthN", "Computer": "DESKTOP-OFJ6N53", "TimeCreated": "2023-05-16 14:55:29.548510+00:00", "RecordID": "181", "Level": "16", "UserID": "S-1-5-20"}
{"EventID": "2001", "Channel": "Microsoft-Windows-WebAuthN/Operational", "Provider_Name": "Microsoft-Windows-WebAuthN", "Computer": "DESKTOP-OFJ6N53", "TimeCreated": "2023-06-09 08:38:51.652872+00:00", "RecordID": "182", "Level": "16", "UserID": "S-1-5-20"}
{"EventID": "2000", "Channel": "Microsoft-Windows-WebAuthN/Operational", "Provider_Name": "Microsoft-Windows-WebAuthN", "Computer": "DESKTOP-OFJ6N53", "TimeCreated": "2023-06-09 08:40:18.810291+00:00", "RecordID": "183", "Level": "16", "UserID": "S-1-5-20"}
{"EventID": "2001", "Channel": "Microsoft-Windows-WebAuthN/Operational", "Provider_Name": "Microsoft-Windows-WebAuthN", "Computer": "DESKTOP-OFJ6N53", "TimeCreated": "2023-06-11 20:59:30.771973+00:00", "RecordID": "184", "Level": "16", "UserID": "S-1-5-20"}
{"EventID": "2000", "Channel": "Microsoft-Windows-WebAuthN/Operational", "Provider_Name": "Microsoft-Windows-WebAuthN", "Computer": "DESKTOP-OFJ6N53", "TimeCreated": "2023-06-11 21:00:58.410398+00:00", "RecordID": "185", "Level": "16", "UserID": "S-1-5-20"}
{"EventID": "2001", "Channel": "Microsoft-Windows-WebAuthN/Operational", "Provider_Name": "Microsoft-Windows-WebAuthN", "Computer": "DESKTOP-OFJ6N53", "TimeCreated": "2023-06-13 19:23:52.504108+00:00", "RecordID": "186", "Level": "16", "UserID": "S-1-5-20"}
{"EventID": "2000", "Channel": "Microsoft-Windows-WebAuthN/Operational", "Provider_Name": "Microsoft-Windows-WebAuthN", "Computer": "DESKTOP-OFJ6N53", "TimeCreated": "2023-06-13 19:25:02.593531+00:00", "RecordID": "187", "Level": "16", "UserID": "S-1-5-20"}
{"EventID": "1050", "Channel": "Microsoft-Windows-WebAuthN/Operational", "Provider_Name": "Microsoft-Windows-WebAuthN", "Computer": "DESKTOP-OFJ6N53", "TimeCreated": "2023-06-14 13:33:17.883526+00:00", "RecordID": "188", "Level": "4", "UserID": "S-1-5-21-963789628-1060504924-4285088085-1001", "EventData.TransactionId": "{38cf8d08-83d8-4f17-b7ce-544e56140676}", "EventData.RemoteRpcRequestLength": "57", "EventData.RemoteRpcRequest": "pGdjb21tYW5kBmVmbGFncwBndGltZW91dABtdHJhbnNhY3Rpb25JZFAAAAAAAAAAAAAAAAAAAAAA"}
{"EventID": "1052", "Channel": "Microsoft-Windows-WebAuthN/Operational", "Provider_Name": "Microsoft-Windows-WebAuthN", "Computer": "DESKTOP-OFJ6N53", "TimeCreated": "2023-06-14 13:33:17.895224+00:00", "RecordID": "189", "Level": "4", "UserID": "S-1-5-21-963789628-1060504924-4285088085-1001", "EventData.TransactionId": "{38cf8d08-83d8-4f17-b7ce-544e56140676}", "EventData.Error": "0x00000000", "EventData.HResult": "0", "EventData.RemoteRpcResponseLength": "4", "EventData.RemoteRpcResponse": "AQAAAA=="}
{"EventID": "1070", "Channel": "Microsoft-Windows-WebAuthN/Operational", "Provider_Name": "Microsoft-Windows-WebAuthN", "Computer": "DESKTOP-OFJ6N53", "TimeCreated": "2023-06-14 13:33:17.895256+00:00", "RecordID": "190", "Level": "4", "UserID": "S-1-5-21-963789628-1060504924-4285088085-1001", "EventData.value": "True", "EventData.Error": "0x00000000", "EventData.HResult": "0"}
