{"EventID": "3", "Channel": "Microsoft-Windows-Diagnosis-Scheduled/Operational", "Provider_Name": "Microsoft-Windows-Diagnosis-Scheduled", "Computer": "DESKTOP-OFJ6N53", "TimeCreated": "2023-04-16 09:27:28.955509+00:00", "RecordID": "422", "Level": "4", "UserID": "S-1-5-21-963789628-1060504924-4285088085-1001"}
{"EventID": "2", "Channel": "Microsoft-Windows-Diagnosis-Scheduled/Operational", "Provider_Name": "Microsoft-Windows-Diagnosis-Scheduled", "Computer": "DESKTOP-OFJ6N53", "TimeCreated": "2023-04-23 10:24:28.573950+00:00", "RecordID": "423", "Level": "4", "UserID": "S-1-5-21-963789628-1060504924-4285088085-1001"}
{"EventID": "5", "Channel": "Microsoft-Windows-Diagnosis-Scheduled/Operational", "Provider_Name": "Microsoft-Windows-Diagnosis-Scheduled", "Computer": "DESKTOP-OFJ6N53", "TimeCreated": "2023-04-23 10:24:28.574320+00:00", "RecordID": "424", "Level": "4", "UserID": "S-1-5-21-963789628-1060504924-4285088085-1001", "EventData.PackagePath": "C:\\Windows\\diagnostics\\scheduled\\Maintenance"}
{"EventID": "6", "Channel": "Microsoft-Windows-Diagnosis-Scheduled/Operational", "Provider_Name": "Microsoft-Windows-Diagnosis-Scheduled", "Computer": "DESKTOP-OFJ6N53", "TimeCreated": "2023-04-23 10:24:28.764355+00:00", "RecordID": "425", "Level": "4", "UserID": "S-1-5-21-963789628-1060504924-4285088085-1001", "EventData.PackageID": "MaintenanceDiagnostic"}
{"EventID": "7", "Channel": "Microsoft-Windows-Diagnosis-Scheduled/Operational", "Provider_Name": "Microsoft-Windows-Diagnosis-Scheduled", "Computer": "DESKTOP-OFJ6N53", "TimeCreated": "2023-04-23 10:24:28.764359+00:00", "RecordID": "426", "Level": "4", "UserID": "S-1-5-21-963789628-1060504924-4285088085-1001", "EventData.PackageID": "MaintenanceDiagnostic"}
{"EventID": "8", "Channel": "Microsoft-Windows-Diagnosis-Scheduled/Operational", "Provider_Name": "Microsoft-Windows-Diagnosis-Scheduled", "Computer": "DESKTOP-OFJ6N53", "TimeCreated": "2023-04-23 10:24:30.520666+00:00", "RecordID": "427", "Level": "4", "UserID": "S-1-5-21-963789628-1060504924-4285088085-1001", "EventData.PackageID": "MaintenanceDiagnostic", "EventData.RootCauseCount": "2"}
{"EventID": "100", "Channel": "Microsoft-Windows-Diagnosis-Scheduled/Operational", "Provider_Name": "Microsoft-Windows-Diagnosis-Scheduled", "Computer": "DESKTOP-OFJ6N53", "TimeCreated": "2023-04-23 10:24:30.520672+00:00", "RecordID": "428", "Level": "1", "UserID": "S-1-5-21-963789628-1060504924-4285088085-1001", "EventData.hc_stateid": "0"}
{"EventID": "3", "Channel": "Microsoft-Windows-Diagnosis-Scheduled/Operational", "Provider_Name": "Microsoft-Windows-Diagnosis-Scheduled", "Computer": "DESKTOP-OFJ6N53", "TimeCreated": "2023-04-23 10:24:30.525049+00:00", "RecordID": "429", "Level": "4", "UserID": "S-1-5-21-963789628-1060504924-4285088085-1001"}
{"EventID": "2", "Channel": "Microsoft-Windows-Diagnosis-Scheduled/Operational", "Provider_Name": "Microsoft-Windows-Diagnosis-Scheduled", "Computer": "DESKTOP-OFJ6N53", "TimeCreated": "2023-04-30 10:05:21.434353+00:00", "RecordID": "430", "Level": "4", "UserID": "S-1-5-21-963789628-1060504924-4285088085-1001"}
{"EventID": "5", "Channel": "Microsoft-Windows-Diagnosis-Scheduled/Operational", "Provider_Name": "Microsoft-Windows-Diagnosis-Scheduled", "Computer": "DESKTOP-OFJ6N53", "TimeCreated": "2023-04-30 10:05:21.540443+00:00", "RecordID": "431", "Level": "4", "UserID": "S-1-5-21-963789628-1060504924-4285088085-1001", "EventData.PackagePath": "C:\\Windows\\diagnostics\\scheduled\\Maintenance"}
{"EventID": "6", "Channel": "Microsoft-Windows-Diagnosis-Scheduled/Operational", "Provider_Name": "Microsoft-Windows-Diagnosis-Scheduled", "Computer": "DESKTOP-OFJ6N53", "TimeCreated": "2023-04-30 10:05:22.372862+00:00", "RecordID": "432", "Level": "4", "UserID": "S-1-5-21-963789628-1060504924-4285088085-1001", "EventData.PackageID": "MaintenanceDiagnostic"}
{"EventID": "7", "Channel": "Microsoft-Windows-Diagnosis-Scheduled/Operational", "Provider_Name": "Microsoft-Windows-Diagnosis-Scheduled", "Computer": "DESKTOP-OFJ6N53", "TimeCreated": "2023-04-30 10:05:22.372866+00:00", "RecordID": "433", "Level": "4", "UserID": "S-1-5-21-963789628-1060504924-4285088085-1001", "EventData.PackageID": "MaintenanceDiagnostic"}
{"EventID": "8", "Channel": "Microsoft-Windows-Diagnosis-Scheduled/Operational", "Provider_Name": "Microsoft-Windows-Diagnosis-Scheduled", "Computer": "DESKTOP-OFJ6N53", "TimeCreated": "2023-04-30 10:05:33.601366+00:00", "RecordID": "434", "Level": "4", "UserID": "S-1-5-21-963789628-1060504924-4285088085-1001", "EventData.PackageID": "MaintenanceDiagnostic", "EventData.RootCauseCount": "2"}
{"EventID": "100", "Channel": "Microsoft-Windows-Diagnosis-Scheduled/Operational", "Provider_Name": "Microsoft-Windows-Diagnosis-Scheduled", "Computer": "DESKTOP-OFJ6N53", "TimeCreated": "2023-04-30 10:05:33.601372+00:00", "RecordID": "435", "Level": "1", "UserID": "S-1-5-21-963789628-1060504924-4285088085-1001", "EventData.hc_stateid": "0"}
{"EventID": "3", "Channel": "Microsoft-Windows-Diagnosis-Scheduled/Operational", "Provider_Name": "Microsoft-Windows-Diagnosis-Scheduled", "Computer": "DESKTOP-OFJ6N53", "TimeCreated": "2023-04-30 10:05:33.605934+00:00", "RecordID": "436", "Level": "4", "UserID": "S-1-5-21-963789628-1060504924-4285088085-1001"}
{"EventID": "2", "Channel": "Microsoft-Windows-Diagnosis-Scheduled/Operational", "Provider_Name": "Microsoft-Windows-Diagnosis-Scheduled", "Computer": "DESKTOP-OFJ6N53", "TimeCreated": "2023-05-07 10:17:00.570740+00:00", "RecordID": "437", "Level": "4", "UserID": "S-1-5-21-963789628-1060504924-4285088085-1001"}
{"EventID": "5", "Channel": "Microsoft-Windows-Diagnosis-Scheduled/Operational", "Provider_Name": "Microsoft-Windows-Diagnosis-Scheduled", "Computer": "DESKTOP-OFJ6N53", "TimeCreated": "2023-05-07 10:17:00.572962+00:00", "RecordID": "438", "Level": "4", "UserID": "S-1-5-21-963789628-1060504924-4285088085-1001", "EventData.PackagePath": "C:\\Windows\\diagnostics\\scheduled\\Maintenance"}
{"EventID": "6", "Channel": "Microsoft-Windows-Diagnosis-Scheduled/Operational", "Provider_Name": "Microsoft-Windows-Diagnosis-Scheduled", "Computer": "DESKTOP-OFJ6N53", "TimeCreated": "2023-05-07 10:17:01.031124+00:00", "RecordID": "439", "Level": "4", "UserID": "S-1-5-21-963789628-1060504924-4285088085-1001", "EventData.PackageID": "MaintenanceDiagnostic"}
{"EventID": "7", "Channel": "Microsoft-Windows-Diagnosis-Scheduled/Operational", "Provider_Name": "Microsoft-Windows-Diagnosis-Scheduled", "Computer": "DESKTOP-OFJ6N53", "TimeCreated": "2023-05-07 10:17:01.031128+00:00", "RecordID": "440", "Level": "4", "UserID": "S-1-5-21-963789628-1060504924-4285088085-1001", "EventData.PackageID": "MaintenanceDiagnostic"}
{"EventID": "8", "Channel": "Microsoft-Windows-Diagnosis-Scheduled/Operational", "Provider_Name": "Microsoft-Windows-Diagnosis-Scheduled", "Computer": "DESKTOP-OFJ6N53", "TimeCreated": "2023-05-07 10:17:05.435566+00:00", "RecordID": "441", "Level": "4", "UserID": "S-1-5-21-963789628-1060504924-4285088085-1001", "EventData.PackageID": "MaintenanceDiagnostic", "EventData.RootCauseCount": "2"}
{"EventID": "100", "Channel": "Microsoft-Windows-Diagnosis-Scheduled/Operational", "Provider_Name": "Microsoft-Windows-Diagnosis-Scheduled", "Computer": "DESKTOP-OFJ6N53", "TimeCreated": "2023-05-07 10:17:05.435572+00:00", "RecordID": "442", "Level": "1", "UserID": "S-1-5-21-963789628-1060504924-4285088085-1001", "EventData.hc_stateid": "0"}
{"EventID": "3", "Channel": "Microsoft-Windows-Diagnosis-Scheduled/Operational", "Provider_Name": "Microsoft-Windows-Diagnosis-Scheduled", "Computer": "DESKTOP-OFJ6N53", "TimeCreated": "2023-05-07 10:17:05.439663+00:00", "RecordID": "443", "Level": "4", "UserID": "S-1-5-21-963789628-1060504924-4285088085-1001"}
{"EventID": "2", "Channel": "Microsoft-Windows-Diagnosis-Scheduled/Operational", "Provider_Name": "Microsoft-Windows-Diagnosis-Scheduled", "Computer": "DESKTOP-OFJ6N53", "TimeCreated": "2023-05-14 08:46:10.255472+00:00", "RecordID": "444", "Level": "4", "UserID": "S-1-5-21-963789628-1060504924-4285088085-1001"}
{"EventID": "5", "Channel": "Microsoft-Windows-Diagnosis-Scheduled/Operational", "Provider_Name": "Microsoft-Windows-Diagnosis-Scheduled", "Computer": "DESKTOP-OFJ6N53", "TimeCreated": "2023-05-14 08:46:10.255836+00:00", "RecordID": "445", "Level": "4", "UserID": "S-1-5-21-963789628-1060504924-4285088085-1001", "EventData.PackagePath": "C:\\Windows\\diagnostics\\scheduled\\Maintenance"}
{"EventID": "6", "Channel": "Microsoft-Windows-Diagnosis-Scheduled/Operational", "Provider_Name": "Microsoft-Windows-Diagnosis-Scheduled", "Computer": "DESKTOP-OFJ6N53", "TimeCreated": "2023-05-14 08:46:10.441772+00:00", "RecordID": "446", "Level": "4", "UserID": "S-1-5-21-963789628-1060504924-4285088085-1001", "EventData.PackageID": "MaintenanceDiagnostic"}
{"EventID": "7", "Channel": "Microsoft-Windows-Diagnosis-Scheduled/Operational", "Provider_Name": "Microsoft-Windows-Diagnosis-Scheduled", "Computer": "DESKTOP-OFJ6N53", "TimeCreated": "2023-05-14 08:46:10.441774+00:00", "RecordID": "447", "Level": "4", "UserID": "S-1-5-21-963789628-1060504924-4285088085-1001", "EventData.PackageID": "MaintenanceDiagnostic"}
{"EventID": "8", "Channel": "Microsoft-Windows-Diagnosis-Scheduled/Operational", "Provider_Name": "Microsoft-Windows-Diagnosis-Scheduled", "Computer": "DESKTOP-OFJ6N53", "TimeCreated": "2023-05-14 08:46:12.282303+00:00", "RecordID": "448", "Level": "4", "UserID": "S-1-5-21-963789628-1060504924-4285088085-1001", "EventData.PackageID": "MaintenanceDiagnostic", "EventData.RootCauseCount": "2"}
{"EventID": "100", "Channel": "Microsoft-Windows-Diagnosis-Scheduled/Operational", "Provider_Name": "Microsoft-Windows-Diagnosis-Scheduled", "Computer": "DESKTOP-OFJ6N53", "TimeCreated": "2023-05-14 08:46:12.282309+00:00", "RecordID": "449", "Level": "1", "UserID": "S-1-5-21-963789628-1060504924-4285088085-1001", "EventData.hc_stateid": "0"}
{"EventID": "3", "Channel": "Microsoft-Windows-Diagnosis-Scheduled/Operational", "Provider_Name": "Microsoft-Windows-Diagnosis-Scheduled", "Computer": "DESKTOP-OFJ6N53", "TimeCreated": "2023-05-14 08:46:12.287060+00:00", "RecordID": "450", "Level": "4", "UserID": "S-1-5-21-963789628-1060504924-4285088085-1001"}
{"EventID": "2", "Channel": "Microsoft-Windows-Diagnosis-Scheduled/Operational", "Provider_Name": "Microsoft-Windows-Diagnosis-Scheduled", "Computer": "DESKTOP-OFJ6N53", "TimeCreated": "2023-05-21 08:55:36.413675+00:00", "RecordID": "451", "Level": "4", "UserID": "S-1-5-21-963789628-1060504924-4285088085-1001"}
{"EventID": "5", "Channel": "Microsoft-Windows-Diagnosis-Scheduled/Operational", "Provider_Name": "Microsoft-Windows-Diagnosis-Scheduled", "Computer": "DESKTOP-OFJ6N53", "TimeCreated": "2023-05-21 08:55:36.417028+00:00", "RecordID": "452", "Level": "4", "UserID": "S-1-5-21-963789628-1060504924-4285088085-1001", "EventData.PackagePath": "C:\\Windows\\diagnostics\\scheduled\\Maintenance"}
{"EventID": "6", "Channel": "Microsoft-Windows-Diagnosis-Scheduled/Operational", "Provider_Name": "Microsoft-Windows-Diagnosis-Scheduled", "Computer": "DESKTOP-OFJ6N53", "TimeCreated": "2023-05-21 08:55:36.629309+00:00", "RecordID": "453", "Level": "4", "UserID": "S-1-5-21-963789628-1060504924-4285088085-1001", "EventData.PackageID": "MaintenanceDiagnostic"}
{"EventID": "7", "Channel": "Microsoft-Windows-Diagnosis-Scheduled/Operational", "Provider_Name": "Microsoft-Windows-Diagnosis-Scheduled", "Computer": "DESKTOP-OFJ6N53", "TimeCreated": "2023-05-21 08:55:36.629311+00:00", "RecordID": "454", "Level": "4", "UserID": "S-1-5-21-963789628-1060504924-4285088085-1001", "EventData.PackageID": "MaintenanceDiagnostic"}
{"EventID": "8", "Channel": "Microsoft-Windows-Diagnosis-Scheduled/Operational", "Provider_Name": "Microsoft-Windows-Diagnosis-Scheduled", "Computer": "DESKTOP-OFJ6N53", "TimeCreated": "2023-05-21 08:55:38.189056+00:00", "RecordID": "455", "Level": "4", "UserID": "S-1-5-21-963789628-1060504924-4285088085-1001", "EventData.PackageID": "MaintenanceDiagnostic", "EventData.RootCauseCount": "2"}
{"EventID": "100", "Channel": "Microsoft-Windows-Diagnosis-Scheduled/Operational", "Provider_Name": "Microsoft-Windows-Diagnosis-Scheduled", "Computer": "DESKTOP-OFJ6N53", "TimeCreated": "2023-05-21 08:55:38.189064+00:00", "RecordID": "456", "Level": "1", "UserID": "S-1-5-21-963789628-1060504924-4285088085-1001", "EventData.hc_stateid": "0"}
{"EventID": "3", "Channel": "Microsoft-Windows-Diagnosis-Scheduled/Operational", "Provider_Name": "Microsoft-Windows-Diagnosis-Scheduled", "Computer": "DESKTOP-OFJ6N53", "TimeCreated": "2023-05-21 08:55:38.192820+00:00", "RecordID": "457", "Level": "4", "UserID": "S-1-5-21-963789628-1060504924-4285088085-1001"}
{"EventID": "2", "Channel": "Microsoft-Windows-Diagnosis-Scheduled/Operational", "Provider_Name": "Microsoft-Windows-Diagnosis-Scheduled", "Computer": "DESKTOP-OFJ6N53", "TimeCreated": "2023-05-28 08:55:36.062300+00:00", "RecordID": "458", "Level": "4", "UserID": "S-1-5-21-963789628-1060504924-4285088085-1001"}
{"EventID": "5", "Channel": "Microsoft-Windows-Diagnosis-Scheduled/Operational", "Provider_Name": "Microsoft-Windows-Diagnosis-Scheduled", "Computer": "DESKTOP-OFJ6N53", "TimeCreated": "2023-05-28 08:55:36.063425+00:00", "RecordID": "459", "Level": "4", "UserID": "S-1-5-21-963789628-1060504924-4285088085-1001", "EventData.PackagePath": "C:\\Windows\\diagnostics\\scheduled\\Maintenance"}
{"EventID": "6", "Channel": "Microsoft-Windows-Diagnosis-Scheduled/Operational", "Provider_Name": "Microsoft-Windows-Diagnosis-Scheduled", "Computer": "DESKTOP-OFJ6N53", "TimeCreated": "2023-05-28 08:55:36.628054+00:00", "RecordID": "460", "Level": "4", "UserID": "S-1-5-21-963789628-1060504924-4285088085-1001", "EventData.PackageID": "MaintenanceDiagnostic"}
{"EventID": "7", "Channel": "Microsoft-Windows-Diagnosis-Scheduled/Operational", "Provider_Name": "Microsoft-Windows-Diagnosis-Scheduled", "Computer": "DESKTOP-OFJ6N53", "TimeCreated": "2023-05-28 08:55:36.628057+00:00", "RecordID": "461", "Level": "4", "UserID": "S-1-5-21-963789628-1060504924-4285088085-1001", "EventData.PackageID": "MaintenanceDiagnostic"}
{"EventID": "8", "Channel": "Microsoft-Windows-Diagnosis-Scheduled/Operational", "Provider_Name": "Microsoft-Windows-Diagnosis-Scheduled", "Computer": "DESKTOP-OFJ6N53", "TimeCreated": "2023-05-28 08:55:40.587908+00:00", "RecordID": "462", "Level": "4", "UserID": "S-1-5-21-963789628-1060504924-4285088085-1001", "EventData.PackageID": "MaintenanceDiagnostic", "EventData.RootCauseCount": "2"}
{"EventID": "100", "Channel": "Microsoft-Windows-Diagnosis-Scheduled/Operational", "Provider_Name": "Microsoft-Windows-Diagnosis-Scheduled", "Computer": "DESKTOP-OFJ6N53", "TimeCreated": "2023-05-28 08:55:40.587914+00:00", "RecordID": "463", "Level": "1", "UserID": "S-1-5-21-963789628-1060504924-4285088085-1001", "EventData.hc_stateid": "0"}
{"EventID": "3", "Channel": "Microsoft-Windows-Diagnosis-Scheduled/Operational", "Provider_Name": "Microsoft-Windows-Diagnosis-Scheduled", "Computer": "DESKTOP-OFJ6N53", "TimeCreated": "2023-05-28 08:55:40.591858+00:00", "RecordID": "464", "Level": "4", "UserID": "S-1-5-21-963789628-1060504924-4285088085-1001"}
{"EventID": "2", "Channel": "Microsoft-Windows-Diagnosis-Scheduled/Operational", "Provider_Name": "Microsoft-Windows-Diagnosis-Scheduled", "Computer": "DESKTOP-OFJ6N53", "TimeCreated": "2023-06-04 08:55:38.278709+00:00", "RecordID": "465", "Level": "4", "UserID": "S-1-5-21-963789628-1060504924-4285088085-1001"}
{"EventID": "5", "Channel": "Microsoft-Windows-Diagnosis-Scheduled/Operational", "Provider_Name": "Microsoft-Windows-Diagnosis-Scheduled", "Computer": "DESKTOP-OFJ6N53", "TimeCreated": "2023-06-04 08:55:38.285753+00:00", "RecordID": "466", "Level": "4", "UserID": "S-1-5-21-963789628-1060504924-4285088085-1001", "EventData.PackagePath": "C:\\Windows\\diagnostics\\scheduled\\Maintenance"}
{"EventID": "6", "Channel": "Microsoft-Windows-Diagnosis-Scheduled/Operational", "Provider_Name": "Microsoft-Windows-Diagnosis-Scheduled", "Computer": "DESKTOP-OFJ6N53", "TimeCreated": "2023-06-04 08:55:38.999466+00:00", "RecordID": "467", "Level": "4", "UserID": "S-1-5-21-963789628-1060504924-4285088085-1001", "EventData.PackageID": "MaintenanceDiagnostic"}
{"EventID": "7", "Channel": "Microsoft-Windows-Diagnosis-Scheduled/Operational", "Provider_Name": "Microsoft-Windows-Diagnosis-Scheduled", "Computer": "DESKTOP-OFJ6N53", "TimeCreated": "2023-06-04 08:55:38.999470+00:00", "RecordID": "468", "Level": "4", "UserID": "S-1-5-21-963789628-1060504924-4285088085-1001", "EventData.PackageID": "MaintenanceDiagnostic"}
{"EventID": "8", "Channel": "Microsoft-Windows-Diagnosis-Scheduled/Operational", "Provider_Name": "Microsoft-Windows-Diagnosis-Scheduled", "Computer": "DESKTOP-OFJ6N53", "TimeCreated": "2023-06-04 08:55:47.608866+00:00", "RecordID": "469", "Level": "4", "UserID": "S-1-5-21-963789628-1060504924-4285088085-1001", "EventData.PackageID": "MaintenanceDiagnostic", "EventData.RootCauseCount": "2"}
{"EventID": "100", "Channel": "Microsoft-Windows-Diagnosis-Scheduled/Operational", "Provider_Name": "Microsoft-Windows-Diagnosis-Scheduled", "Computer": "DESKTOP-OFJ6N53", "TimeCreated": "2023-06-04 08:55:47.608873+00:00", "RecordID": "470", "Level": "1", "UserID": "S-1-5-21-963789628-1060504924-4285088085-1001", "EventData.hc_stateid": "0"}
{"EventID": "3", "Channel": "Microsoft-Windows-Diagnosis-Scheduled/Operational", "Provider_Name": "Microsoft-Windows-Diagnosis-Scheduled", "Computer": "DESKTOP-OFJ6N53", "TimeCreated": "2023-06-04 08:55:47.630241+00:00", "RecordID": "471", "Level": "4", "UserID": "S-1-5-21-963789628-1060504924-4285088085-1001"}
{"EventID": "2", "Channel": "Microsoft-Windows-Diagnosis-Scheduled/Operational", "Provider_Name": "Microsoft-Windows-Diagnosis-Scheduled", "Computer": "DESKTOP-OFJ6N53", "TimeCreated": "2023-06-11 08:40:23.453848+00:00", "RecordID": "472", "Level": "4", "UserID": "S-1-5-21-963789628-1060504924-4285088085-1001"}
{"EventID": "5", "Channel": "Microsoft-Windows-Diagnosis-Scheduled/Operational", "Provider_Name": "Microsoft-Windows-Diagnosis-Scheduled", "Computer": "DESKTOP-OFJ6N53", "TimeCreated": "2023-06-11 08:40:23.457157+00:00", "RecordID": "473", "Level": "4", "UserID": "S-1-5-21-963789628-1060504924-4285088085-1001", "EventData.PackagePath": "C:\\Windows\\diagnostics\\scheduled\\Maintenance"}
{"EventID": "6", "Channel": "Microsoft-Windows-Diagnosis-Scheduled/Operational", "Provider_Name": "Microsoft-Windows-Diagnosis-Scheduled", "Computer": "DESKTOP-OFJ6N53", "TimeCreated": "2023-06-11 08:40:24.462072+00:00", "RecordID": "474", "Level": "4", "UserID": "S-1-5-21-963789628-1060504924-4285088085-1001", "EventData.PackageID": "MaintenanceDiagnostic"}
{"EventID": "7", "Channel": "Microsoft-Windows-Diagnosis-Scheduled/Operational", "Provider_Name": "Microsoft-Windows-Diagnosis-Scheduled", "Computer": "DESKTOP-OFJ6N53", "TimeCreated": "2023-06-11 08:40:24.462076+00:00", "RecordID": "475", "Level": "4", "UserID": "S-1-5-21-963789628-1060504924-4285088085-1001", "EventData.PackageID": "MaintenanceDiagnostic"}
{"EventID": "8", "Channel": "Microsoft-Windows-Diagnosis-Scheduled/Operational", "Provider_Name": "Microsoft-Windows-Diagnosis-Scheduled", "Computer": "DESKTOP-OFJ6N53", "TimeCreated": "2023-06-11 08:40:47.766953+00:00", "RecordID": "476", "Level": "4", "UserID": "S-1-5-21-963789628-1060504924-4285088085-1001", "EventData.PackageID": "MaintenanceDiagnostic", "EventData.RootCauseCount": "2"}
{"EventID": "100", "Channel": "Microsoft-Windows-Diagnosis-Scheduled/Operational", "Provider_Name": "Microsoft-Windows-Diagnosis-Scheduled", "Computer": "DESKTOP-OFJ6N53", "TimeCreated": "2023-06-11 08:40:47.766960+00:00", "RecordID": "477", "Level": "1", "UserID": "S-1-5-21-963789628-1060504924-4285088085-1001", "EventData.hc_stateid": "0"}
{"EventID": "3", "Channel": "Microsoft-Windows-Diagnosis-Scheduled/Operational", "Provider_Name": "Microsoft-Windows-Diagnosis-Scheduled", "Computer": "DESKTOP-OFJ6N53", "TimeCreated": "2023-06-11 08:40:47.773516+00:00", "RecordID": "478", "Level": "4", "UserID": "S-1-5-21-963789628-1060504924-4285088085-1001"}
{"EventID": "2", "Channel": "Microsoft-Windows-Diagnosis-Scheduled/Operational", "Provider_Name": "Microsoft-Windows-Diagnosis-Scheduled", "Computer": "DESKTOP-OFJ6N53", "TimeCreated": "2023-06-18 09:24:59.882515+00:00", "RecordID": "479", "Level": "4", "UserID": "S-1-5-21-963789628-1060504924-4285088085-1001"}
{"EventID": "5", "Channel": "Microsoft-Windows-Diagnosis-Scheduled/Operational", "Provider_Name": "Microsoft-Windows-Diagnosis-Scheduled", "Computer": "DESKTOP-OFJ6N53", "TimeCreated": "2023-06-18 09:24:59.885540+00:00", "RecordID": "480", "Level": "4", "UserID": "S-1-5-21-963789628-1060504924-4285088085-1001", "EventData.PackagePath": "C:\\Windows\\diagnostics\\scheduled\\Maintenance"}
{"EventID": "6", "Channel": "Microsoft-Windows-Diagnosis-Scheduled/Operational", "Provider_Name": "Microsoft-Windows-Diagnosis-Scheduled", "Computer": "DESKTOP-OFJ6N53", "TimeCreated": "2023-06-18 09:25:01.036673+00:00", "RecordID": "481", "Level": "4", "UserID": "S-1-5-21-963789628-1060504924-4285088085-1001", "EventData.PackageID": "MaintenanceDiagnostic"}
{"EventID": "7", "Channel": "Microsoft-Windows-Diagnosis-Scheduled/Operational", "Provider_Name": "Microsoft-Windows-Diagnosis-Scheduled", "Computer": "DESKTOP-OFJ6N53", "TimeCreated": "2023-06-18 09:25:01.039267+00:00", "RecordID": "482", "Level": "4", "UserID": "S-1-5-21-963789628-1060504924-4285088085-1001", "EventData.PackageID": "MaintenanceDiagnostic"}
{"EventID": "8", "Channel": "Microsoft-Windows-Diagnosis-Scheduled/Operational", "Provider_Name": "Microsoft-Windows-Diagnosis-Scheduled", "Computer": "DESKTOP-OFJ6N53", "TimeCreated": "2023-06-18 09:25:13.310278+00:00", "RecordID": "483", "Level": "4", "UserID": "S-1-5-21-963789628-1060504924-4285088085-1001", "EventData.PackageID": "MaintenanceDiagnostic", "EventData.RootCauseCount": "2"}
{"EventID": "100", "Channel": "Microsoft-Windows-Diagnosis-Scheduled/Operational", "Provider_Name": "Microsoft-Windows-Diagnosis-Scheduled", "Computer": "DESKTOP-OFJ6N53", "TimeCreated": "2023-06-18 09:25:13.310282+00:00", "RecordID": "484", "Level": "1", "UserID": "S-1-5-21-963789628-1060504924-4285088085-1001", "EventData.hc_stateid": "0"}
{"EventID": "3", "Channel": "Microsoft-Windows-Diagnosis-Scheduled/Operational", "Provider_Name": "Microsoft-Windows-Diagnosis-Scheduled", "Computer": "DESKTOP-OFJ6N53", "TimeCreated": "2023-06-18 09:25:13.315048+00:00", "RecordID": "485", "Level": "4", "UserID": "S-1-5-21-963789628-1060504924-4285088085-1001"}
{"EventID": "2", "Channel": "Microsoft-Windows-Diagnosis-Scheduled/Operational", "Provider_Name": "Microsoft-Windows-Diagnosis-Scheduled", "Computer": "DESKTOP-OFJ6N53", "TimeCreated": "2023-06-25 09:24:54.574556+00:00", "RecordID": "486", "Level": "4", "UserID": "S-1-5-21-963789628-1060504924-4285088085-1001"}
{"EventID": "5", "Channel": "Microsoft-Windows-Diagnosis-Scheduled/Operational", "Provider_Name": "Microsoft-Windows-Diagnosis-Scheduled", "Computer": "DESKTOP-OFJ6N53", "TimeCreated": "2023-06-25 09:24:54.579306+00:00", "RecordID": "487", "Level": "4", "UserID": "S-1-5-21-963789628-1060504924-4285088085-1001", "EventData.PackagePath": "C:\\Windows\\diagnostics\\scheduled\\Maintenance"}
{"EventID": "6", "Channel": "Microsoft-Windows-Diagnosis-Scheduled/Operational", "Provider_Name": "Microsoft-Windows-Diagnosis-Scheduled", "Computer": "DESKTOP-OFJ6N53", "TimeCreated": "2023-06-25 09:24:55.819160+00:00", "RecordID": "488", "Level": "4", "UserID": "S-1-5-21-963789628-1060504924-4285088085-1001", "EventData.PackageID": "MaintenanceDiagnostic"}
{"EventID": "7", "Channel": "Microsoft-Windows-Diagnosis-Scheduled/Operational", "Provider_Name": "Microsoft-Windows-Diagnosis-Scheduled", "Computer": "DESKTOP-OFJ6N53", "TimeCreated": "2023-06-25 09:24:55.819166+00:00", "RecordID": "489", "Level": "4", "UserID": "S-1-5-21-963789628-1060504924-4285088085-1001", "EventData.PackageID": "MaintenanceDiagnostic"}
{"EventID": "8", "Channel": "Microsoft-Windows-Diagnosis-Scheduled/Operational", "Provider_Name": "Microsoft-Windows-Diagnosis-Scheduled", "Computer": "DESKTOP-OFJ6N53", "TimeCreated": "2023-06-25 09:25:11.372211+00:00", "RecordID": "490", "Level": "4", "UserID": "S-1-5-21-963789628-1060504924-4285088085-1001", "EventData.PackageID": "MaintenanceDiagnostic", "EventData.RootCauseCount": "2"}
{"EventID": "100", "Channel": "Microsoft-Windows-Diagnosis-Scheduled/Operational", "Provider_Name": "Microsoft-Windows-Diagnosis-Scheduled", "Computer": "DESKTOP-OFJ6N53", "TimeCreated": "2023-06-25 09:25:11.372215+00:00", "RecordID": "491", "Level": "1", "UserID": "S-1-5-21-963789628-1060504924-4285088085-1001", "EventData.hc_stateid": "0"}
{"EventID": "3", "Channel": "Microsoft-Windows-Diagnosis-Scheduled/Operational", "Provider_Name": "Microsoft-Windows-Diagnosis-Scheduled", "Computer": "DESKTOP-OFJ6N53", "TimeCreated": "2023-06-25 09:25:11.377907+00:00", "RecordID": "492", "Level": "4", "UserID": "S-1-5-21-963789628-1060504924-4285088085-1001"}
{"EventID": "2", "Channel": "Microsoft-Windows-Diagnosis-Scheduled/Operational", "Provider_Name": "Microsoft-Windows-Diagnosis-Scheduled", "Computer": "DESKTOP-OFJ6N53", "TimeCreated": "2023-07-02 09:48:00.565634+00:00", "RecordID": "493", "Level": "4", "UserID": "S-1-5-21-963789628-1060504924-4285088085-1001"}
{"EventID": "5", "Channel": "Microsoft-Windows-Diagnosis-Scheduled/Operational", "Provider_Name": "Microsoft-Windows-Diagnosis-Scheduled", "Computer": "DESKTOP-OFJ6N53", "TimeCreated": "2023-07-02 09:48:00.588989+00:00", "RecordID": "494", "Level": "4", "UserID": "S-1-5-21-963789628-1060504924-4285088085-1001", "EventData.PackagePath": "C:\\Windows\\diagnostics\\scheduled\\Maintenance"}
{"EventID": "6", "Channel": "Microsoft-Windows-Diagnosis-Scheduled/Operational", "Provider_Name": "Microsoft-Windows-Diagnosis-Scheduled", "Computer": "DESKTOP-OFJ6N53", "TimeCreated": "2023-07-02 09:48:01.605871+00:00", "RecordID": "495", "Level": "4", "UserID": "S-1-5-21-963789628-1060504924-4285088085-1001", "EventData.PackageID": "MaintenanceDiagnostic"}
{"EventID": "7", "Channel": "Microsoft-Windows-Diagnosis-Scheduled/Operational", "Provider_Name": "Microsoft-Windows-Diagnosis-Scheduled", "Computer": "DESKTOP-OFJ6N53", "TimeCreated": "2023-07-02 09:48:01.605875+00:00", "RecordID": "496", "Level": "4", "UserID": "S-1-5-21-963789628-1060504924-4285088085-1001", "EventData.PackageID": "MaintenanceDiagnostic"}
{"EventID": "8", "Channel": "Microsoft-Windows-Diagnosis-Scheduled/Operational", "Provider_Name": "Microsoft-Windows-Diagnosis-Scheduled", "Computer": "DESKTOP-OFJ6N53", "TimeCreated": "2023-07-02 09:48:14.085512+00:00", "RecordID": "497", "Level": "4", "UserID": "S-1-5-21-963789628-1060504924-4285088085-1001", "EventData.PackageID": "MaintenanceDiagnostic", "EventData.RootCauseCount": "2"}
{"EventID": "100", "Channel": "Microsoft-Windows-Diagnosis-Scheduled/Operational", "Provider_Name": "Microsoft-Windows-Diagnosis-Scheduled", "Computer": "DESKTOP-OFJ6N53", "TimeCreated": "2023-07-02 09:48:14.085518+00:00", "RecordID": "498", "Level": "1", "UserID": "S-1-5-21-963789628-1060504924-4285088085-1001", "EventData.hc_stateid": "0"}
{"EventID": "3", "Channel": "Microsoft-Windows-Diagnosis-Scheduled/Operational", "Provider_Name": "Microsoft-Windows-Diagnosis-Scheduled", "Computer": "DESKTOP-OFJ6N53", "TimeCreated": "2023-07-02 09:48:14.092741+00:00", "RecordID": "499", "Level": "4", "UserID": "S-1-5-21-963789628-1060504924-4285088085-1001"}
{"EventID": "2", "Channel": "Microsoft-Windows-Diagnosis-Scheduled/Operational", "Provider_Name": "Microsoft-Windows-Diagnosis-Scheduled", "Computer": "DESKTOP-OFJ6N53", "TimeCreated": "2023-07-09 08:44:57.326506+00:00", "RecordID": "500", "Level": "4", "UserID": "S-1-5-21-963789628-1060504924-4285088085-1001"}
{"EventID": "5", "Channel": "Microsoft-Windows-Diagnosis-Scheduled/Operational", "Provider_Name": "Microsoft-Windows-Diagnosis-Scheduled", "Computer": "DESKTOP-OFJ6N53", "TimeCreated": "2023-07-09 08:44:57.332699+00:00", "RecordID": "501", "Level": "4", "UserID": "S-1-5-21-963789628-1060504924-4285088085-1001", "EventData.PackagePath": "C:\\Windows\\diagnostics\\scheduled\\Maintenance"}
{"EventID": "6", "Channel": "Microsoft-Windows-Diagnosis-Scheduled/Operational", "Provider_Name": "Microsoft-Windows-Diagnosis-Scheduled", "Computer": "DESKTOP-OFJ6N53", "TimeCreated": "2023-07-09 08:44:58.433491+00:00", "RecordID": "502", "Level": "4", "UserID": "S-1-5-21-963789628-1060504924-4285088085-1001", "EventData.PackageID": "MaintenanceDiagnostic"}
{"EventID": "7", "Channel": "Microsoft-Windows-Diagnosis-Scheduled/Operational", "Provider_Name": "Microsoft-Windows-Diagnosis-Scheduled", "Computer": "DESKTOP-OFJ6N53", "TimeCreated": "2023-07-09 08:44:58.433493+00:00", "RecordID": "503", "Level": "4", "UserID": "S-1-5-21-963789628-1060504924-4285088085-1001", "EventData.PackageID": "MaintenanceDiagnostic"}
{"EventID": "8", "Channel": "Microsoft-Windows-Diagnosis-Scheduled/Operational", "Provider_Name": "Microsoft-Windows-Diagnosis-Scheduled", "Computer": "DESKTOP-OFJ6N53", "TimeCreated": "2023-07-09 08:45:11.662804+00:00", "RecordID": "504", "Level": "4", "UserID": "S-1-5-21-963789628-1060504924-4285088085-1001", "EventData.PackageID": "MaintenanceDiagnostic", "EventData.RootCauseCount": "2"}
{"EventID": "100", "Channel": "Microsoft-Windows-Diagnosis-Scheduled/Operational", "Provider_Name": "Microsoft-Windows-Diagnosis-Scheduled", "Computer": "DESKTOP-OFJ6N53", "TimeCreated": "2023-07-09 08:45:11.662809+00:00", "RecordID": "505", "Level": "1", "UserID": "S-1-5-21-963789628-1060504924-4285088085-1001", "EventData.hc_stateid": "0"}
{"EventID": "3", "Channel": "Microsoft-Windows-Diagnosis-Scheduled/Operational", "Provider_Name": "Microsoft-Windows-Diagnosis-Scheduled", "Computer": "DESKTOP-OFJ6N53", "TimeCreated": "2023-07-09 08:45:11.667408+00:00", "RecordID": "506", "Level": "4", "UserID": "S-1-5-21-963789628-1060504924-4285088085-1001"}
{"EventID": "2", "Channel": "Microsoft-Windows-Diagnosis-Scheduled/Operational", "Provider_Name": "Microsoft-Windows-Diagnosis-Scheduled", "Computer": "DESKTOP-OFJ6N53", "TimeCreated": "2023-07-16 08:40:58.331154+00:00", "RecordID": "507", "Level": "4", "UserID": "S-1-5-21-963789628-1060504924-4285088085-1001"}
{"EventID": "5", "Channel": "Microsoft-Windows-Diagnosis-Scheduled/Operational", "Provider_Name": "Microsoft-Windows-Diagnosis-Scheduled", "Computer": "DESKTOP-OFJ6N53", "TimeCreated": "2023-07-16 08:40:58.332888+00:00", "RecordID": "508", "Level": "4", "UserID": "S-1-5-21-963789628-1060504924-4285088085-1001", "EventData.PackagePath": "C:\\Windows\\diagnostics\\scheduled\\Maintenance"}
{"EventID": "6", "Channel": "Microsoft-Windows-Diagnosis-Scheduled/Operational", "Provider_Name": "Microsoft-Windows-Diagnosis-Scheduled", "Computer": "DESKTOP-OFJ6N53", "TimeCreated": "2023-07-16 08:40:58.698832+00:00", "RecordID": "509", "Level": "4", "UserID": "S-1-5-21-963789628-1060504924-4285088085-1001", "EventData.PackageID": "MaintenanceDiagnostic"}
{"EventID": "7", "Channel": "Microsoft-Windows-Diagnosis-Scheduled/Operational", "Provider_Name": "Microsoft-Windows-Diagnosis-Scheduled", "Computer": "DESKTOP-OFJ6N53", "TimeCreated": "2023-07-16 08:40:58.698835+00:00", "RecordID": "510", "Level": "4", "UserID": "S-1-5-21-963789628-1060504924-4285088085-1001", "EventData.PackageID": "MaintenanceDiagnostic"}
{"EventID": "8", "Channel": "Microsoft-Windows-Diagnosis-Scheduled/Operational", "Provider_Name": "Microsoft-Windows-Diagnosis-Scheduled", "Computer": "DESKTOP-OFJ6N53", "TimeCreated": "2023-07-16 08:41:02.803480+00:00", "RecordID": "511", "Level": "4", "UserID": "S-1-5-21-963789628-1060504924-4285088085-1001", "EventData.PackageID": "MaintenanceDiagnostic", "EventData.RootCauseCount": "2"}
{"EventID": "100", "Channel": "Microsoft-Windows-Diagnosis-Scheduled/Operational", "Provider_Name": "Microsoft-Windows-Diagnosis-Scheduled", "Computer": "DESKTOP-OFJ6N53", "TimeCreated": "2023-07-16 08:41:02.803486+00:00", "RecordID": "512", "Level": "1", "UserID": "S-1-5-21-963789628-1060504924-4285088085-1001", "EventData.hc_stateid": "0"}
{"EventID": "3", "Channel": "Microsoft-Windows-Diagnosis-Scheduled/Operational", "Provider_Name": "Microsoft-Windows-Diagnosis-Scheduled", "Computer": "DESKTOP-OFJ6N53", "TimeCreated": "2023-07-16 08:41:02.808958+00:00", "RecordID": "513", "Level": "4", "UserID": "S-1-5-21-963789628-1060504924-4285088085-1001"}
{"EventID": "2", "Channel": "Microsoft-Windows-Diagnosis-Scheduled/Operational", "Provider_Name": "Microsoft-Windows-Diagnosis-Scheduled", "Computer": "DESKTOP-OFJ6N53", "TimeCreated": "2023-07-23 08:52:55.953568+00:00", "RecordID": "514", "Level": "4", "UserID": "S-1-5-21-963789628-1060504924-4285088085-1001"}
{"EventID": "5", "Channel": "Microsoft-Windows-Diagnosis-Scheduled/Operational", "Provider_Name": "Microsoft-Windows-Diagnosis-Scheduled", "Computer": "DESKTOP-OFJ6N53", "TimeCreated": "2023-07-23 08:52:55.959309+00:00", "RecordID": "515", "Level": "4", "UserID": "S-1-5-21-963789628-1060504924-4285088085-1001", "EventData.PackagePath": "C:\\Windows\\diagnostics\\scheduled\\Maintenance"}
{"EventID": "6", "Channel": "Microsoft-Windows-Diagnosis-Scheduled/Operational", "Provider_Name": "Microsoft-Windows-Diagnosis-Scheduled", "Computer": "DESKTOP-OFJ6N53", "TimeCreated": "2023-07-23 08:52:56.297503+00:00", "RecordID": "516", "Level": "4", "UserID": "S-1-5-21-963789628-1060504924-4285088085-1001", "EventData.PackageID": "MaintenanceDiagnostic"}
{"EventID": "7", "Channel": "Microsoft-Windows-Diagnosis-Scheduled/Operational", "Provider_Name": "Microsoft-Windows-Diagnosis-Scheduled", "Computer": "DESKTOP-OFJ6N53", "TimeCreated": "2023-07-23 08:52:56.297506+00:00", "RecordID": "517", "Level": "4", "UserID": "S-1-5-21-963789628-1060504924-4285088085-1001", "EventData.PackageID": "MaintenanceDiagnostic"}
{"EventID": "8", "Channel": "Microsoft-Windows-Diagnosis-Scheduled/Operational", "Provider_Name": "Microsoft-Windows-Diagnosis-Scheduled", "Computer": "DESKTOP-OFJ6N53", "TimeCreated": "2023-07-23 08:53:00.407341+00:00", "RecordID": "518", "Level": "4", "UserID": "S-1-5-21-963789628-1060504924-4285088085-1001", "EventData.PackageID": "MaintenanceDiagnostic", "EventData.RootCauseCount": "2"}
{"EventID": "100", "Channel": "Microsoft-Windows-Diagnosis-Scheduled/Operational", "Provider_Name": "Microsoft-Windows-Diagnosis-Scheduled", "Computer": "DESKTOP-OFJ6N53", "TimeCreated": "2023-07-23 08:53:00.407345+00:00", "RecordID": "519", "Level": "1", "UserID": "S-1-5-21-963789628-1060504924-4285088085-1001", "EventData.hc_stateid": "0"}
{"EventID": "3", "Channel": "Microsoft-Windows-Diagnosis-Scheduled/Operational", "Provider_Name": "Microsoft-Windows-Diagnosis-Scheduled", "Computer": "DESKTOP-OFJ6N53", "TimeCreated": "2023-07-23 08:53:00.411457+00:00", "RecordID": "520", "Level": "4", "UserID": "S-1-5-21-963789628-1060504924-4285088085-1001"}
{"EventID": "2", "Channel": "Microsoft-Windows-Diagnosis-Scheduled/Operational", "Provider_Name": "Microsoft-Windows-Diagnosis-Scheduled", "Computer": "DESKTOP-OFJ6N53", "TimeCreated": "2023-07-30 10:05:20.091263+00:00", "RecordID": "521", "Level": "4", "UserID": "S-1-5-21-963789628-1060504924-4285088085-1001"}
{"EventID": "5", "Channel": "Microsoft-Windows-Diagnosis-Scheduled/Operational", "Provider_Name": "Microsoft-Windows-Diagnosis-Scheduled", "Computer": "DESKTOP-OFJ6N53", "TimeCreated": "2023-07-30 10:05:20.101046+00:00", "RecordID": "522", "Level": "4", "UserID": "S-1-5-21-963789628-1060504924-4285088085-1001", "EventData.PackagePath": "C:\\Windows\\diagnostics\\scheduled\\Maintenance"}
{"EventID": "6", "Channel": "Microsoft-Windows-Diagnosis-Scheduled/Operational", "Provider_Name": "Microsoft-Windows-Diagnosis-Scheduled", "Computer": "DESKTOP-OFJ6N53", "TimeCreated": "2023-07-30 10:05:20.390844+00:00", "RecordID": "523", "Level": "4", "UserID": "S-1-5-21-963789628-1060504924-4285088085-1001", "EventData.PackageID": "MaintenanceDiagnostic"}
{"EventID": "7", "Channel": "Microsoft-Windows-Diagnosis-Scheduled/Operational", "Provider_Name": "Microsoft-Windows-Diagnosis-Scheduled", "Computer": "DESKTOP-OFJ6N53", "TimeCreated": "2023-07-30 10:05:20.390848+00:00", "RecordID": "524", "Level": "4", "UserID": "S-1-5-21-963789628-1060504924-4285088085-1001", "EventData.PackageID": "MaintenanceDiagnostic"}
{"EventID": "8", "Channel": "Microsoft-Windows-Diagnosis-Scheduled/Operational", "Provider_Name": "Microsoft-Windows-Diagnosis-Scheduled", "Computer": "DESKTOP-OFJ6N53", "TimeCreated": "2023-07-30 10:05:23.027725+00:00", "RecordID": "525", "Level": "4", "UserID": "S-1-5-21-963789628-1060504924-4285088085-1001", "EventData.PackageID": "MaintenanceDiagnostic", "EventData.RootCauseCount": "2"}
{"EventID": "100", "Channel": "Microsoft-Windows-Diagnosis-Scheduled/Operational", "Provider_Name": "Microsoft-Windows-Diagnosis-Scheduled", "Computer": "DESKTOP-OFJ6N53", "TimeCreated": "2023-07-30 10:05:23.027731+00:00", "RecordID": "526", "Level": "1", "UserID": "S-1-5-21-963789628-1060504924-4285088085-1001", "EventData.hc_stateid": "0"}
{"EventID": "3", "Channel": "Microsoft-Windows-Diagnosis-Scheduled/Operational", "Provider_Name": "Microsoft-Windows-Diagnosis-Scheduled", "Computer": "DESKTOP-OFJ6N53", "TimeCreated": "2023-07-30 10:05:23.032227+00:00", "RecordID": "527", "Level": "4", "UserID": "S-1-5-21-963789628-1060504924-4285088085-1001"}
{"EventID": "2", "Channel": "Microsoft-Windows-Diagnosis-Scheduled/Operational", "Provider_Name": "Microsoft-Windows-Diagnosis-Scheduled", "Computer": "DESKTOP-OFJ6N53", "TimeCreated": "2023-08-06 10:03:20.392357+00:00", "RecordID": "528", "Level": "4", "UserID": "S-1-5-21-963789628-1060504924-4285088085-1001"}
{"EventID": "5", "Channel": "Microsoft-Windows-Diagnosis-Scheduled/Operational", "Provider_Name": "Microsoft-Windows-Diagnosis-Scheduled", "Computer": "DESKTOP-OFJ6N53", "TimeCreated": "2023-08-06 10:03:20.393885+00:00", "RecordID": "529", "Level": "4", "UserID": "S-1-5-21-963789628-1060504924-4285088085-1001", "EventData.PackagePath": "C:\\Windows\\diagnostics\\scheduled\\Maintenance"}
{"EventID": "6", "Channel": "Microsoft-Windows-Diagnosis-Scheduled/Operational", "Provider_Name": "Microsoft-Windows-Diagnosis-Scheduled", "Computer": "DESKTOP-OFJ6N53", "TimeCreated": "2023-08-06 10:03:20.729723+00:00", "RecordID": "530", "Level": "4", "UserID": "S-1-5-21-963789628-1060504924-4285088085-1001", "EventData.PackageID": "MaintenanceDiagnostic"}
{"EventID": "7", "Channel": "Microsoft-Windows-Diagnosis-Scheduled/Operational", "Provider_Name": "Microsoft-Windows-Diagnosis-Scheduled", "Computer": "DESKTOP-OFJ6N53", "TimeCreated": "2023-08-06 10:03:20.729725+00:00", "RecordID": "531", "Level": "4", "UserID": "S-1-5-21-963789628-1060504924-4285088085-1001", "EventData.PackageID": "MaintenanceDiagnostic"}
{"EventID": "8", "Channel": "Microsoft-Windows-Diagnosis-Scheduled/Operational", "Provider_Name": "Microsoft-Windows-Diagnosis-Scheduled", "Computer": "DESKTOP-OFJ6N53", "TimeCreated": "2023-08-06 10:03:24.359917+00:00", "RecordID": "532", "Level": "4", "UserID": "S-1-5-21-963789628-1060504924-4285088085-1001", "EventData.PackageID": "MaintenanceDiagnostic", "EventData.RootCauseCount": "2"}
{"EventID": "100", "Channel": "Microsoft-Windows-Diagnosis-Scheduled/Operational", "Provider_Name": "Microsoft-Windows-Diagnosis-Scheduled", "Computer": "DESKTOP-OFJ6N53", "TimeCreated": "2023-08-06 10:03:24.359921+00:00", "RecordID": "533", "Level": "1", "UserID": "S-1-5-21-963789628-1060504924-4285088085-1001", "EventData.hc_stateid": "0"}
{"EventID": "3", "Channel": "Microsoft-Windows-Diagnosis-Scheduled/Operational", "Provider_Name": "Microsoft-Windows-Diagnosis-Scheduled", "Computer": "DESKTOP-OFJ6N53", "TimeCreated": "2023-08-06 10:03:24.364910+00:00", "RecordID": "534", "Level": "4", "UserID": "S-1-5-21-963789628-1060504924-4285088085-1001"}
{"EventID": "2", "Channel": "Microsoft-Windows-Diagnosis-Scheduled/Operational", "Provider_Name": "Microsoft-Windows-Diagnosis-Scheduled", "Computer": "DESKTOP-OFJ6N53", "TimeCreated": "2023-08-13 09:39:13.123373+00:00", "RecordID": "535", "Level": "4", "UserID": "S-1-5-21-963789628-1060504924-4285088085-1001"}
{"EventID": "5", "Channel": "Microsoft-Windows-Diagnosis-Scheduled/Operational", "Provider_Name": "Microsoft-Windows-Diagnosis-Scheduled", "Computer": "DESKTOP-OFJ6N53", "TimeCreated": "2023-08-13 09:39:13.125895+00:00", "RecordID": "536", "Level": "4", "UserID": "S-1-5-21-963789628-1060504924-4285088085-1001", "EventData.PackagePath": "C:\\Windows\\diagnostics\\scheduled\\Maintenance"}
{"EventID": "6", "Channel": "Microsoft-Windows-Diagnosis-Scheduled/Operational", "Provider_Name": "Microsoft-Windows-Diagnosis-Scheduled", "Computer": "DESKTOP-OFJ6N53", "TimeCreated": "2023-08-13 09:39:13.434576+00:00", "RecordID": "537", "Level": "4", "UserID": "S-1-5-21-963789628-1060504924-4285088085-1001", "EventData.PackageID": "MaintenanceDiagnostic"}
{"EventID": "7", "Channel": "Microsoft-Windows-Diagnosis-Scheduled/Operational", "Provider_Name": "Microsoft-Windows-Diagnosis-Scheduled", "Computer": "DESKTOP-OFJ6N53", "TimeCreated": "2023-08-13 09:39:13.434578+00:00", "RecordID": "538", "Level": "4", "UserID": "S-1-5-21-963789628-1060504924-4285088085-1001", "EventData.PackageID": "MaintenanceDiagnostic"}
{"EventID": "8", "Channel": "Microsoft-Windows-Diagnosis-Scheduled/Operational", "Provider_Name": "Microsoft-Windows-Diagnosis-Scheduled", "Computer": "DESKTOP-OFJ6N53", "TimeCreated": "2023-08-13 09:39:16.771452+00:00", "RecordID": "539", "Level": "4", "UserID": "S-1-5-21-963789628-1060504924-4285088085-1001", "EventData.PackageID": "MaintenanceDiagnostic", "EventData.RootCauseCount": "2"}
{"EventID": "100", "Channel": "Microsoft-Windows-Diagnosis-Scheduled/Operational", "Provider_Name": "Microsoft-Windows-Diagnosis-Scheduled", "Computer": "DESKTOP-OFJ6N53", "TimeCreated": "2023-08-13 09:39:16.771458+00:00", "RecordID": "540", "Level": "1", "UserID": "S-1-5-21-963789628-1060504924-4285088085-1001", "EventData.hc_stateid": "0"}
{"EventID": "3", "Channel": "Microsoft-Windows-Diagnosis-Scheduled/Operational", "Provider_Name": "Microsoft-Windows-Diagnosis-Scheduled", "Computer": "DESKTOP-OFJ6N53", "TimeCreated": "2023-08-13 09:39:16.775734+00:00", "RecordID": "541", "Level": "4", "UserID": "S-1-5-21-963789628-1060504924-4285088085-1001"}
{"EventID": "2", "Channel": "Microsoft-Windows-Diagnosis-Scheduled/Operational", "Provider_Name": "Microsoft-Windows-Diagnosis-Scheduled", "Computer": "DESKTOP-OFJ6N53", "TimeCreated": "2023-08-20 10:00:27.901472+00:00", "RecordID": "542", "Level": "4", "UserID": "S-1-5-21-963789628-1060504924-4285088085-1001"}
{"EventID": "5", "Channel": "Microsoft-Windows-Diagnosis-Scheduled/Operational", "Provider_Name": "Microsoft-Windows-Diagnosis-Scheduled", "Computer": "DESKTOP-OFJ6N53", "TimeCreated": "2023-08-20 10:00:27.903698+00:00", "RecordID": "543", "Level": "4", "UserID": "S-1-5-21-963789628-1060504924-4285088085-1001", "EventData.PackagePath": "C:\\Windows\\diagnostics\\scheduled\\Maintenance"}
{"EventID": "6", "Channel": "Microsoft-Windows-Diagnosis-Scheduled/Operational", "Provider_Name": "Microsoft-Windows-Diagnosis-Scheduled", "Computer": "DESKTOP-OFJ6N53", "TimeCreated": "2023-08-20 10:00:28.210314+00:00", "RecordID": "544", "Level": "4", "UserID": "S-1-5-21-963789628-1060504924-4285088085-1001", "EventData.PackageID": "MaintenanceDiagnostic"}
{"EventID": "7", "Channel": "Microsoft-Windows-Diagnosis-Scheduled/Operational", "Provider_Name": "Microsoft-Windows-Diagnosis-Scheduled", "Computer": "DESKTOP-OFJ6N53", "TimeCreated": "2023-08-20 10:00:28.210316+00:00", "RecordID": "545", "Level": "4", "UserID": "S-1-5-21-963789628-1060504924-4285088085-1001", "EventData.PackageID": "MaintenanceDiagnostic"}
{"EventID": "8", "Channel": "Microsoft-Windows-Diagnosis-Scheduled/Operational", "Provider_Name": "Microsoft-Windows-Diagnosis-Scheduled", "Computer": "DESKTOP-OFJ6N53", "TimeCreated": "2023-08-20 10:00:32.921478+00:00", "RecordID": "546", "Level": "4", "UserID": "S-1-5-21-963789628-1060504924-4285088085-1001", "EventData.PackageID": "MaintenanceDiagnostic", "EventData.RootCauseCount": "2"}
{"EventID": "100", "Channel": "Microsoft-Windows-Diagnosis-Scheduled/Operational", "Provider_Name": "Microsoft-Windows-Diagnosis-Scheduled", "Computer": "DESKTOP-OFJ6N53", "TimeCreated": "2023-08-20 10:00:32.921480+00:00", "RecordID": "547", "Level": "1", "UserID": "S-1-5-21-963789628-1060504924-4285088085-1001", "EventData.hc_stateid": "0"}
{"EventID": "3", "Channel": "Microsoft-Windows-Diagnosis-Scheduled/Operational", "Provider_Name": "Microsoft-Windows-Diagnosis-Scheduled", "Computer": "DESKTOP-OFJ6N53", "TimeCreated": "2023-08-20 10:00:32.928265+00:00", "RecordID": "548", "Level": "4", "UserID": "S-1-5-21-963789628-1060504924-4285088085-1001"}
{"EventID": "2", "Channel": "Microsoft-Windows-Diagnosis-Scheduled/Operational", "Provider_Name": "Microsoft-Windows-Diagnosis-Scheduled", "Computer": "DESKTOP-OFJ6N53", "TimeCreated": "2023-08-27 10:00:28.169903+00:00", "RecordID": "549", "Level": "4", "UserID": "S-1-5-21-963789628-1060504924-4285088085-1001"}
{"EventID": "5", "Channel": "Microsoft-Windows-Diagnosis-Scheduled/Operational", "Provider_Name": "Microsoft-Windows-Diagnosis-Scheduled", "Computer": "DESKTOP-OFJ6N53", "TimeCreated": "2023-08-27 10:00:28.171152+00:00", "RecordID": "550", "Level": "4", "UserID": "S-1-5-21-963789628-1060504924-4285088085-1001", "EventData.PackagePath": "C:\\Windows\\diagnostics\\scheduled\\Maintenance"}
{"EventID": "6", "Channel": "Microsoft-Windows-Diagnosis-Scheduled/Operational", "Provider_Name": "Microsoft-Windows-Diagnosis-Scheduled", "Computer": "DESKTOP-OFJ6N53", "TimeCreated": "2023-08-27 10:00:28.525047+00:00", "RecordID": "551", "Level": "4", "UserID": "S-1-5-21-963789628-1060504924-4285088085-1001", "EventData.PackageID": "MaintenanceDiagnostic"}
{"EventID": "7", "Channel": "Microsoft-Windows-Diagnosis-Scheduled/Operational", "Provider_Name": "Microsoft-Windows-Diagnosis-Scheduled", "Computer": "DESKTOP-OFJ6N53", "TimeCreated": "2023-08-27 10:00:28.525049+00:00", "RecordID": "552", "Level": "4", "UserID": "S-1-5-21-963789628-1060504924-4285088085-1001", "EventData.PackageID": "MaintenanceDiagnostic"}
{"EventID": "8", "Channel": "Microsoft-Windows-Diagnosis-Scheduled/Operational", "Provider_Name": "Microsoft-Windows-Diagnosis-Scheduled", "Computer": "DESKTOP-OFJ6N53", "TimeCreated": "2023-08-27 10:00:33.539579+00:00", "RecordID": "553", "Level": "4", "UserID": "S-1-5-21-963789628-1060504924-4285088085-1001", "EventData.PackageID": "MaintenanceDiagnostic", "EventData.RootCauseCount": "2"}
{"EventID": "100", "Channel": "Microsoft-Windows-Diagnosis-Scheduled/Operational", "Provider_Name": "Microsoft-Windows-Diagnosis-Scheduled", "Computer": "DESKTOP-OFJ6N53", "TimeCreated": "2023-08-27 10:00:33.539583+00:00", "RecordID": "554", "Level": "1", "UserID": "S-1-5-21-963789628-1060504924-4285088085-1001", "EventData.hc_stateid": "0"}
{"EventID": "3", "Channel": "Microsoft-Windows-Diagnosis-Scheduled/Operational", "Provider_Name": "Microsoft-Windows-Diagnosis-Scheduled", "Computer": "DESKTOP-OFJ6N53", "TimeCreated": "2023-08-27 10:00:33.544340+00:00", "RecordID": "555", "Level": "4", "UserID": "S-1-5-21-963789628-1060504924-4285088085-1001"}
{"EventID": "2", "Channel": "Microsoft-Windows-Diagnosis-Scheduled/Operational", "Provider_Name": "Microsoft-Windows-Diagnosis-Scheduled", "Computer": "DESKTOP-OFJ6N53", "TimeCreated": "2023-09-03 08:45:21.979010+00:00", "RecordID": "556", "Level": "4", "UserID": "S-1-5-21-963789628-1060504924-4285088085-1001"}
{"EventID": "5", "Channel": "Microsoft-Windows-Diagnosis-Scheduled/Operational", "Provider_Name": "Microsoft-Windows-Diagnosis-Scheduled", "Computer": "DESKTOP-OFJ6N53", "TimeCreated": "2023-09-03 08:45:21.980278+00:00", "RecordID": "557", "Level": "4", "UserID": "S-1-5-21-963789628-1060504924-4285088085-1001", "EventData.PackagePath": "C:\\Windows\\diagnostics\\scheduled\\Maintenance"}
{"EventID": "6", "Channel": "Microsoft-Windows-Diagnosis-Scheduled/Operational", "Provider_Name": "Microsoft-Windows-Diagnosis-Scheduled", "Computer": "DESKTOP-OFJ6N53", "TimeCreated": "2023-09-03 08:45:22.307928+00:00", "RecordID": "558", "Level": "4", "UserID": "S-1-5-21-963789628-1060504924-4285088085-1001", "EventData.PackageID": "MaintenanceDiagnostic"}
{"EventID": "7", "Channel": "Microsoft-Windows-Diagnosis-Scheduled/Operational", "Provider_Name": "Microsoft-Windows-Diagnosis-Scheduled", "Computer": "DESKTOP-OFJ6N53", "TimeCreated": "2023-09-03 08:45:22.307928+00:00", "RecordID": "559", "Level": "4", "UserID": "S-1-5-21-963789628-1060504924-4285088085-1001", "EventData.PackageID": "MaintenanceDiagnostic"}
{"EventID": "8", "Channel": "Microsoft-Windows-Diagnosis-Scheduled/Operational", "Provider_Name": "Microsoft-Windows-Diagnosis-Scheduled", "Computer": "DESKTOP-OFJ6N53", "TimeCreated": "2023-09-03 08:45:27.299095+00:00", "RecordID": "560", "Level": "4", "UserID": "S-1-5-21-963789628-1060504924-4285088085-1001", "EventData.PackageID": "MaintenanceDiagnostic", "EventData.RootCauseCount": "2"}
{"EventID": "100", "Channel": "Microsoft-Windows-Diagnosis-Scheduled/Operational", "Provider_Name": "Microsoft-Windows-Diagnosis-Scheduled", "Computer": "DESKTOP-OFJ6N53", "TimeCreated": "2023-09-03 08:45:27.299099+00:00", "RecordID": "561", "Level": "1", "UserID": "S-1-5-21-963789628-1060504924-4285088085-1001", "EventData.hc_stateid": "0"}
{"EventID": "3", "Channel": "Microsoft-Windows-Diagnosis-Scheduled/Operational", "Provider_Name": "Microsoft-Windows-Diagnosis-Scheduled", "Computer": "DESKTOP-OFJ6N53", "TimeCreated": "2023-09-03 08:45:27.303957+00:00", "RecordID": "562", "Level": "4", "UserID": "S-1-5-21-963789628-1060504924-4285088085-1001"}
