{"EventID": "614", "Channel": "Microsoft-Windows-AppXDeploymentServer/Operational", "Provider_Name": "Microsoft-Windows-AppXDeployment-Server", "Computer": "DESKTOP-OFJ6N53", "TimeCreated": "2025-07-23 08:40:47.964064+00:00", "RecordID": "114029", "Level": "5", "UserID": "S-1-5-18", "EventData.PathOne": "x-windowsupdate://0A38224A-E67A-4F10-A0C8-675D591EFF72/B99AEF9A-1685-4798-B4B1-3D94EE6D7184/807bef4fcf7c3ceb8491252037c897b637e6ba3b", "EventData.PathTwo": "\"AppxMetadata\\Stub\\YourPhoneStub.Package_0.25061.45.0_ARM64.msix\": Microsoft.YourPhone_0.25061.45.0_arm64__8wekyb3d8bbwe \"AppxMetadata\\Stub\\YourPhoneStub.Package_0.25061.45.0_language-af.msix\": Microsoft.YourPhone_0.25061.45.0_neutral_split.language-af_8wekyb3d8bbwe \"AppxMetadata\\Stub\\YourPhoneStub.Package_0.25061.45.0_language-am.msix\": Microsoft.YourPhone_0.25061.45.0_neutral_split.language-am_8wekyb3d8bbwe \"AppxMetadata\\Stub\\YourPhoneStub.Package_0.25061.45.0_language-ar.msix\": Microsoft.YourPhone_0.25061.45.0_neutral_split.language-ar_8wekyb3d8bbwe \"AppxMetadata\\Stub\\YourPhoneStub.Package_0.25061.45.0_language-as.msix\": Microsoft.YourPhone_0.25061.45.0_neutral_split.language-as_8wekyb3d8bbwe \"AppxMetadata\\Stub\\YourPhoneStub.Package_0.25061.45.0_language-az-latn.msix\": Microsoft.YourPhone_0.25061.45.0_neutral_split.language-az-latn_8wekyb3d8bbwe \"AppxMetadata\\Stub\\YourPhoneStub.Package_0.25061.45.0_language-be.msix\": Microsoft.YourPhone_0.25061.45.0_neutral_split.language-be_8wekyb3d8bbwe \"AppxMetadata\\Stub\\YourPhoneStub.Package_0.25061.45.0_language-bg.msix\": Microsoft.YourPhone_0.25061.45.0_neutral_split.language-bg_8wekyb3d8bbwe \"AppxMetadata\\Stub\\YourPhoneStub.Package_0.25061.45.0_language-bn.msix\": Microsoft.YourPhone_0.25061.45.0_neutral_split.language-bn_8wekyb3d8bbwe \"AppxMetadata\\Stub\\YourPhoneStub.Package_0.25061.45.0_language-bs.msix\": Microsoft.YourPhone_0.25061.45.0_neutral_split.language-bs_8wekyb3d8bbwe \"AppxMetadata\\Stub\\YourPhoneStub.Package_0.25061.45.0_language-ca.msix\": Microsoft.YourPhone_0.25061.45.0_neutral_split.language-ca_8wekyb3d8bbwe \"AppxMetadata\\Stub\\YourPhoneStub.Package_0.25061.45.0_language-cs.msix\": Microsoft.YourPhone_0.25061.45.0_neutral_split.language-cs_8wekyb3d8bbwe \"AppxMetadata\\Stub\\YourPhoneStub.Package_0.25061.45.0_language-cy.msix\": Microsoft.YourPhone_0.25061.45.0_neutral_split.language-cy_8wekyb3d8bbwe \"AppxMetadata\\Stub\\YourPhoneStub.Package_0.25061.45.0_language-da.msix\": Microsoft.YourPhone_0.25061.45.0_neutral_split.language-da_8wekyb3d8bbwe \"AppxMetadata\\Stub\\YourPhoneStub.Package_0.25061.45.0_language-de.msix\": Microsoft.YourPhone_0.25061.45.0_neutral_split.language-de_8wekyb3d8bbwe \"AppxMetadata\\Stub\\YourPhoneStub.Package_0.25061.45.0_language-el.msix\": Microsoft.YourPhone_0.25061.45.0_neutral_split.language-el_8wekyb3d8bbwe \"AppxMetadata\\Stub\\YourPhoneStub.Package_0.25061.45.0_language-es.msix\": Microsoft.YourPhone_0.25061.45.0_neutral_split.language-es_8wekyb3d8bbwe \"AppxMetadata\\Stub\\YourPhoneStub.Package_0.25061.45.0_language-et.msix\": Microsoft.YourPhone_0.25061.45.0_neutral_split.language-et_8wekyb3d8bbwe \"AppxMetadata\\Stub\\YourPhoneStub.Package_0.25061.45.0_language-eu.msix\": Microsoft.YourPhone_0.25061.45.0_neutral_split.language-eu_8wekyb3d8bbwe \"AppxMetadata\\Stub\\YourPhoneStub.Package_0.25061.45.0_language-fa.msix\": Microsoft.YourPhone_0.25061.45.0_neutral_split.language-fa_8wekyb3d8bbwe \"AppxMetadata\\Stub\\YourPhoneStub.Package_0.25061.45.0_language-fi.msix\": Microsoft.YourPhone_0.25061.45.0_neutral_split.language-fi_8wekyb3d8bbwe \"AppxMetadata\\Stub\\YourPhoneStub.Package_0.25061.45.0_language-fil-latn.msix\": Microsoft.YourPhone_0.25061.45.0_neutral_split.language-fil-latn_8wekyb3d8bbwe \"AppxMetadata\\Stub\\YourPhoneStub.Package_0.25061.45.0_language-fr.msix\": Microsoft.YourPhone_0.25061.45.0_neutral_split.language-fr_8wekyb3d8bbwe \"AppxMetadata\\Stub\\YourPhoneStub.Package_0.25061.45.0_language-ga.msix\": Microsoft.YourPhone_0.25061.45.0_neutral_split.language-ga_8wekyb3d8bbwe \"AppxMetadata\\Stub\\YourPhoneStub.Package_0.25061.45.0_language-gd-latn.msix\": Microsoft.YourPhone_0.25061.45.0_neutral_split.language-gd-latn_8wekyb3d8bbwe \"AppxMetadata\\Stub\\YourPhoneStub.Package_0.25061.45.0_language-gl.msix\": Microsoft.YourPhone_0.25061.45.0_neutral_split.language-gl_8wekyb3d8bbwe \"AppxMetadata\\Stub\\YourPhoneStub.Package_0.25061.45.0_language-gu.msix\": Microsoft.YourPhone_0.25061.45.0_neutral_split.language-gu_8wekyb3d8bbwe \"AppxMetadata\\Stub\\YourPhoneStub.Package_0.25061.45.0_language-he.msix\": Microsoft.YourPhone_0.25061.45.0_neutral_split.language-he_8wekyb3d8bbwe \"AppxMetadata\\Stub\\YourPhoneStub.Package_0.25061.45.0_language-hi.msix\": Microsoft.YourPhone_0.25061.45.0_neutral_split.language-hi_8wekyb3d8bbwe \"AppxMetadata\\Stub\\YourPhoneStub.Package_0.25061.45.0_language-hr.msix\": Microsoft.YourPhone_0.25061.45.0_neutral_split.language-hr_8wekyb3d8bbwe \"AppxMetadata\\Stub\\YourPhoneStub.Package_0.25061.45.0_language-hu.msix\": Microsoft.YourPhone_0.25061.45.0_neutral_split.language-hu_8wekyb3d8bbwe \"AppxMetadata\\Stub\\YourPhoneStub.Package_0.25061.45.0_language-hy.msix\": Microsoft.YourPhone_0.25061.45.0_neutral_split.language-hy_8wekyb3d8bbwe \"AppxMetadata\\Stub\\YourPhoneStub.Package_0.25061.45.0_language-id.msix\": Microsoft.YourPhone_0.25061.45.0_neutral_split.language-id_8wekyb3d8bbwe \"AppxMetadata\\Stub\\YourPhoneStub.Package_0.25061.45.0_language-is.msix\": Microsoft.YourPhone_0.25061.45.0_neutral_split.language-is_8wekyb3d8bbwe \"AppxMetadata\\Stub\\YourPhoneStub.Package_0.25061.45.0_language-it.msix\": Microsoft.YourPhone_0.25061.45.0_neutral_split.language-it_8wekyb3d8bbwe \"AppxMetadata\\Stub\\YourPhoneStub.Package_0.25061.45.0_language-ja.msix\": Microsoft.YourPhone_0.25061.45.0_neutral_split.language-ja_8wekyb3d8bbwe \"AppxMetadata\\Stub\\YourPhoneStub.Package_0.25061.45.0_language-ka.msix\": Microsoft.YourPhone_0.25061.45.0_neutral_split.language-ka_8wekyb3d8bbwe \"AppxMetadata\\Stub\\YourPhoneStub.Package_0.25061.45.0_language-kk.msix\": Microsoft.YourPhone_0.25061.45.0_neutral_split.language-kk_8wekyb3d8bbwe \"AppxMetadata\\Stub\\YourPhoneStub.Package_0.25061.45.0_language-km.msix\": Microsoft.YourPhone_0.25061.45.0_neutral_split.language-km_8wekyb3d8bbwe \"AppxMetadata\\Stub\\YourPhoneStub.Package_0.25061.45.0_language-kn.msix\": Microsoft.YourPhone_0.25061.45.0_neutral_split.language-kn_8wekyb3d8bbwe \"AppxMetadata\\Stub\\YourPhoneStub.Package_0.25061.45.0_language-ko.msix\": Microsoft.YourPhone_0.25061.45.0_neutral_split.language-ko_8wekyb3d8bbwe \"AppxMetadata\\Stub\\YourPhoneStub.Package_0.25061.45.0_language-kok.msix\": Microsoft.YourPhone_0.25061.45.0_neutral_split.language-kok_8wekyb3d8bbwe \"AppxMetadata\\Stub\\YourPhoneStub.Package_0.25061.45.0_language-lb.msix\": Microsoft.YourPhone_0.25061.45.0_neutral_split.language-lb_8wekyb3d8bbwe \"AppxMetadata\\Stub\\YourPhoneStub.Package_0.25061.45.0_language-lo.msix\": Microsoft.YourPhone_0.25061.45.0_neutral_split.language-lo_8wekyb3d8bbwe \"AppxMetadata\\Stub\\YourPhoneStub.Package_0.25061.45.0_language-lt.msix\": Microsoft.YourPhone_0.25061.45.0_neutral_split.language-lt_8wekyb3d8bbwe \"AppxMetadata\\Stub\\YourPhoneStub.Package_0.25061.45.0_language-lv.msix\": Microsoft.YourPhone_0.25061.45.0_neutral_split.language-lv_8wekyb3d8bbwe \"AppxMetadata\\Stub\\YourPhoneStub.Package_0.25061.45.0_language-mi-latn.msix\": Microsoft.YourPhone_0.25061.45.0_neutral_split.language-mi-latn_8wekyb3d8bbwe \"AppxMetadata\\Stub\\YourPhoneStub.Package_0.25061.45.0_language-mk.msix\": Microsoft.YourPhone_0.25061.45.0_neutral_split.language-mk_8wekyb3d8bbwe \"AppxMetadata\\Stub\\YourPhoneStub.Package_0.25061.45.0_language-ml.msix\": Microsoft.YourPhone_0.25061.45.0_neutral_split.language-ml_8wekyb3d8bbwe \"AppxMetadata\\Stub\\YourPhoneStub.Package_0.25061.45.0_language-mr.msix\": Microsoft.YourPhone_0.25061.45.0_neutral_split.language-mr_8wekyb3d8bbwe \"AppxMetadata\\Stub\\YourPhoneStub.Package_0.25061.45.0_language-ms.msix\": Microsoft.YourPhone_0.25061.45.0_neutral_split.language-ms_8wekyb3d8bbwe \"AppxMetadata\\Stub\\YourPhoneStub.Package_0.25061.45.0_language-mt.msix\": Microsoft.YourPhone_0.25061.45.0_neutral_split.language-mt_8wekyb3d8bbwe \"AppxMetadata\\Stub\\YourPhoneStub.Package_0.25061.45.0_language-nb.msix\": Microsoft.YourPhone_0.25061.45.0_neutral_split.language-nb_8wekyb3d8bbwe \"AppxMetadata\\Stub\\YourPhoneStub.Package_0.25061.45.0_language-ne.msix\": Microsoft.YourPhone_0.25061.45.0_neutral_split.language-ne_8wekyb3d8bbwe \"AppxMetadata\\Stub\\YourPhoneStub.Package_0.25061.45.0_language-nl.msix\": Microsoft.YourPhone_0.25061.45.0_neutral_split.language-nl_8wekyb3d8bbwe \"AppxMetadata\\Stub\\YourPhoneStub.Package_0.25061.45.0_language-nn.msix\": Microsoft.YourPhone_0.25061.45.0_neutral_split.language-nn_8wekyb3d8bbwe \"AppxMetadata\\Stub\\YourPhoneStub.Package_0.25061.45.0_language-or.msix\": Microsoft.YourPhone_0.25061.45.0_neutral_split.language-or_8wekyb3d8bbwe \"AppxMetadata\\Stub\\YourPhoneStub.Package_0.25061.45.0_language-pa.msix\": Microsoft.YourPhone_0.25061.45.0_neutral_split.language-pa_8wekyb3d8bbwe \"AppxMetadata\\Stub\\YourPhoneStub.Package_0.25061.45.0_language-pl.msix\": Microsoft.YourPhone_0.25061.45.0_neutral_split.language-pl_8wekyb3d8bbwe \"AppxMetadata\\Stub\\YourPhoneStub.Package_0.25061.45.0_language-pt.msix\": Microsoft.YourPhone_0.25061.45.0_neutral_split.language-pt_8wekyb3d8bbwe \"AppxMetadata\\Stub\\YourPhoneStub.Package_0.25061.45.0_language-qps-ploc.msix\": Microsoft.YourPhone_0.25061.45.0_neutral_split.language-qps-ploc_8wekyb3d8bbwe \"AppxMetadata\\Stub\\YourPhoneStub.Package_0.25061.45.0_language-qps-ploca.msix\": Microsoft.YourPhone_0.25061.45.0_neutral_split.language-qps-ploca_8wekyb3d8bbwe \"AppxMetadata\\Stub\\YourPhoneStub.Package_0.25061.45.0_language-qps-plocm.msix\": Microsoft.YourPhone_0.25061.45.0_neutral_split.language-qps-plocm_8wekyb3d8bbwe \"AppxMetadata\\Stub\\YourPhoneStub.Package_0.25061.45.0_language-quz-latn.msix\": Microsoft.YourPhone_0.25061.45.0_neutral_split.language-quz-latn_8wekyb3d8bbwe \"AppxMetadata\\Stub\\YourPhoneStub.Package_0.25061.45.0_language-ro.msix\": Microsoft.YourPhone_0.25061.45.0_neutral_split.language-ro_8wekyb3d8bbwe \"AppxMetadata\\Stub\\YourPhoneStub.Package_0.25061.45.0_language-ru.msix\": Microsoft.YourPhone_0.25061.45.0_neutral_split.language-ru_8wekyb3d8bbwe \"AppxMetadata\\Stub\\YourPhoneStub.Package_0.25061.45.0_language-sk.msix\": Microsoft.YourPhone_0.25061.45.0_neutral_split.language-sk_8wekyb3d8bbwe \"AppxMetadata\\Stub\\YourPhoneStub.Package_0.25061.45.0_language-sl.msix\": Microsoft.YourPhone_0.25061.45.0_neutral_split.language-sl_8wekyb3d8bbwe \"AppxMetadata\\Stub\\YourPhoneStub.Package_0.25061.45.0_language-sq.msix\": Microsoft.YourPhone_0.25061.45.0_neutral_split.language-sq_8wekyb3d8bbwe \"AppxMetadata\\Stub\\YourPhoneStub.Package_0.25061.45.0_language-sr-cyrl.msix\": Microsoft.YourPhone_0.25061.45.0_neutral_split.language-sr-cyrl_8wekyb3d8bbwe \"AppxMetadata\\Stub\\YourPhoneStub.Package_0.25061.45.0_language-sr-latn.msix\": Microsoft.YourPhone_0.25061.45.0_neutral_split.language-sr-latn_8wekyb3d8bbwe \"AppxMetadata\\Stub\\YourPhoneStub.Package_0.25061.45.0_language-sv.msix\": Microsoft.YourPhone_0.25061.45.0_neutral_split.language-sv_8wekyb3d8bbwe \"AppxMetadata\\Stub\\YourPhoneStub.Package_0.25061.45.0_language-ta.msix\": Microsoft.YourPhone_0.25061.45.0_neutral_split.language-ta_8wekyb3d8bbwe \"AppxMetadata\\Stub\\YourPhoneStub.Package_0.25061.45.0_language-te.msix\": Microsoft.YourPhone_0.25061.45.0_neutral_split.language-te_8wekyb3d8bbwe \"AppxMetadata\\Stub\\YourPhoneStub.Package_0.25061.45.0_language-th.msix\": Microsoft.YourPhone_0.25061.45.0_neutral_split.language-th_8wekyb3d8bbwe \"AppxMetadata\\Stub\\YourPhoneStub.Package_0.25061.45.0_language-tr.msix\": Microsoft.YourPhone_0.25061.45.0_neutral_split.language-tr_8wekyb3d8bbwe \"AppxMetadata\\Stub\\YourPhoneStub.Package_0.25061.45.0_language-tt-cyrl.msix\": Microsoft.YourPhone_0.25061.45.0_neutral_split.language-tt-cyrl_8wekyb3d8bbwe \"AppxMetadata\\Stub\\YourPhoneStub.Package_0.25061.45.0_language-ug-arab.msix\": Microsoft.YourPhone_0.25061.45.0_neutral_split.language-ug-arab_8wekyb3d8bbwe \"AppxMetadata\\Stub\\YourPhoneStub.Package_0.25061.45.0_language-uk.msix\": Microsoft.YourPhone_0.25061.45.0_neutral_split.language-uk_8wekyb3d8bbwe \"AppxMetadata\\Stub\\YourPhoneStub.Package_0.25061.45.0_language-ur.msix\": Microsoft.YourPhone_0.25061.45.0_neutral_split.language-ur_8wekyb3d8bbwe \"AppxMetadata\\Stub\\YourPhoneStub.Package_0.25061.45.0_language-uz-latn.msix\": Microsoft.YourPhone_0.25061.45.0_neutral_split.language-uz-latn_8wekyb3d8bbwe \"AppxMetadata\\Stub\\YourPhoneStub.Package_0.25061.45.0_language-vi.msix\": Microsoft.YourPhone_0.25061.45.0_neutral_split.language-vi_8wekyb3d8bbwe \"AppxMetadata\\Stub\\YourPhoneStub.Package_0.25061.45.0_language-zh-hans.msix\": Microsoft.YourPhone_0.25061.45.0_neutral_split.language-zh-hans_8wekyb3d8bbwe \"AppxMetadata\\Stub\\YourPhoneStub.Package_0.25061.45.0_language-zh-hant.msix\": Microsoft.YourPhone_0.25061.45.0_neutral_split.language-zh-hant_8wekyb3d8bbwe \"AppxMetadata\\Stub\\YourPhoneStub.Package_0.25061.45.0_scale-100.msix\": Microsoft.YourPhone_0.25061.45.0_neutral_split.scale-100_8wekyb3d8bbwe \"AppxMetadata\\Stub\\YourPhoneStub.Package_0.25061.45.0_scale-125.msix\": Microsoft.YourPhone_0.25061.45.0_neutral_split.scale-125_8wekyb3d8bbwe \"AppxMetadata\\Stub\\YourPhoneStub.Package_0.25061.45.0_scale-150.msix\": Microsoft.YourPhone_0.25061.45.0_neutral_split.scale-150_8wekyb3d8bbwe \"AppxMetadata\\Stub\\YourPhoneStub.Package_0.25061.45.0_scale-400.msix\": Microsoft.YourPhone_0.25061.45.0_neutral_split.scale-400_8wekyb3d8bbwe \"AppxMetadata\\Stub\\YourPhoneStub.Package_0.25061.45.0_x64.msix\": Microsoft.YourPhone_0.25061.45.0_x64__8wekyb3d8bbwe \"AppxMetadata\\Stub\\YourPhoneStub.Package_0.25061.45.0_x86.msix\": Microsoft.YourPhone_0.25061.45.0_x86__8wekyb3d8bbwe \"YourPhone.Package_1.25061.45.0_arm64.msix\": Microsoft.YourPhone_1.25061.45.0_arm64__8wekyb3d8bbwe \"YourPhone.Package_1.25061.45.0_x64.msix\": Microsoft.YourPhone_1.25061.45.0_x64__8wekyb3d8bbwe \"YourPhone.Package_1.25061.45.0_x86.msix\": Microsoft.YourPhone_1.25061.45.0_x86__8wekyb3d8bbwe \"YourPhone.Package_1.25061.45.0_scale-125.msix\": Microsoft.YourPhone_1.25061.45.0_neutral_split.scale-125_8wekyb3d8bbwe \"YourPhone.Package_1.25061.45.0_language-bs.msix\": Microsoft.YourPhone_1.25061.45.0_neutral_split.language-bs_8wekyb3d8bbwe \"YourPhone.Package_1.25061.45.0_language-ru.msix\": Microsoft.YourPhone_1.25061.45.0_neutral_split.language-ru_8wekyb3d8bbwe \"YourPhone.Package_1.25061.45.0_language-uz-latn.msix\": Microsoft.YourPhone_1.25061.45.0_neutral_split.language-uz-latn_8wekyb3d8bbwe \"YourPhone.Package_1.25061.45.0_language-be.msix\": Microsoft.YourPhone_1.25061.45.0_neutral_split.language-be_8wekyb3d8bbwe \"YourPhone.Package_1.25061.45.0_language-hr.msix\": Microsoft.YourPhone_1.25061.45.0_neutral_split.language-hr_8wekyb3d8bbwe \"YourPhone.Package_1.25061.45.0_language-fil-latn.msix\": Microsoft.YourPhone_1.25061.45.0_neutral_split.language-fil-latn_8wekyb3d8bbwe \"YourPhone.Package_1.25061.45.0_language-mi-latn.msix\": Microsoft.YourPhone_1.25061.45.0_neutral_split.language-mi-latn_8wekyb3d8bbwe \"YourPhone.Package_1.25061.45.0_language-as.msix\": Microsoft.YourPhone_1.25061.45.0_neutral_split.language-as_8wekyb3d8bbwe \"YourPhone.Package_1.25061.45.0_language-sq.msix\": Microsoft.YourPhone_1.25061.45.0_neutral_split.language-sq_8wekyb3d8bbwe \"YourPhone.Package_1.25061.45.0_language-lb.msix\": Microsoft.YourPhone_1.25061.45.0_neutral_split.language-lb_8wekyb3d8bbwe \"YourPhone.Package_1.25061.45.0_language-he.msix\": Microsoft.YourPhone_1.25061.45.0_neutral_split.language-he_8wekyb3d8bbwe \"YourPhone.Package_1.25061.45.0_language-sl.msix\": Microsoft.YourPhone_1.25061.45.0_neutral_split.language-sl_8wekyb3d8bbwe \"YourPhone.Package_1.25061.45.0_language-am.msix\": Microsoft.YourPhone_1.25061.45.0_neutral_split.language-am_8wekyb3d8bbwe \"YourPhone.Package_1.25061.45.0_language-uk.msix\": Microsoft.YourPhone_1.25061.45.0_neutral_split.language-uk_8wekyb3d8bbwe \"YourPhone.Package_1.25061.45.0_language-et.msix\": Microsoft.YourPhone_1.25061.45.0_neutral_split.language-et_8wekyb3d8bbwe \"YourPhone.Package_1.25061.45.0_language-el.msix\": Microsoft.YourPhone_1.25061.45.0_neutral_split.language-el_8wekyb3d8bbwe \"YourPhone.Package_1.25061.45.0_language-sv.msix\": Microsoft.YourPhone_1.25061.45.0_neutral_split.language-sv_8wekyb3d8bbwe \"YourPhone.Package_1.25061.45.0_language-da.msix\": Microsoft.YourPhone_1.25061.45.0_neutral_split.language-da_8wekyb3d8bbwe \"YourPhone.Package_1.25061.45.0_language-bg.msix\": Microsoft.YourPhone_1.25061.45.0_neutral_split.language-bg_8wekyb3d8bbwe \"YourPhone.Package_1.25061.45.0_language-lv.msix\": Microsoft.YourPhone_1.25061.45.0_neutral_split.language-lv_8wekyb3d8bbwe \"YourPhone.Package_1.25061.45.0_language-lo.msix\": Microsoft.YourPhone_1.25061.45.0_neutral_split.language-lo_8wekyb3d8bbwe \"YourPhone.Package_1.25061.45.0_language-fa.msix\": Microsoft.YourPhone_1.25061.45.0_neutral_split.language-fa_8wekyb3d8bbwe \"YourPhone.Package_1.25061.45.0_language-tt-cyrl.msix\": Microsoft.YourPhone_1.25061.45.0_neutral_split.language-tt-cyrl_8wekyb3d8bbwe \"YourPhone.Package_1.25061.45.0_language-pa.msix\": Microsoft.YourPhone_1.25061.45.0_neutral_split.language-pa_8wekyb3d8bbwe \"YourPhone.Package_1.25061.45.0_language-zh-hant.msix\": Microsoft.YourPhone_1.25061.45.0_neutral_split.language-zh-hant_8wekyb3d8bbwe \"YourPhone.Package_1.25061.45.0_language-tr.msix\": Microsoft.YourPhone_1.25061.45.0_neutral_split.language-tr_8wekyb3d8bbwe \"YourPhone.Package_1.25061.45.0_language-eu.msix\": Microsoft.YourPhone_1.25061.45.0_neutral_split.language-eu_8wekyb3d8bbwe \"YourPhone.Package_1.25061.45.0_language-qps-plocm.msix\": Microsoft.YourPhone_1.25061.45.0_neutral_split.language-qps-plocm_8wekyb3d8bbwe \"YourPhone.Package_1.25061.45.0_language-ml.msix\": Microsoft.YourPhone_1.25061.45.0_neutral_split.language-ml_8wekyb3d8bbwe \"YourPhone.Package_1.25061.45.0_language-gl.msix\": Microsoft.YourPhone_1.25061.45.0_neutral_split.language-gl_8wekyb3d8bbwe \"YourPhone.Package_1.25061.45.0_language-is.msix\": Microsoft.YourPhone_1.25061.45.0_neutral_split.language-is_8wekyb3d8bbwe \"YourPhone.Package_1.25061.45.0_language-ug-arab.msix\": Microsoft.YourPhone_1.25061.45.0_neutral_split.language-ug-arab_8wekyb3d8bbwe \"YourPhone.Package_1.25061.45.0_language-or.msix\": Microsoft.YourPhone_1.25061.45.0_neutral_split.language-or_8wekyb3d8bbwe \"YourPhone.Package_1.25061.45.0_language-nb.msix\": Microsoft.YourPhone_1.25061.45.0_neutral_split.language-nb_8wekyb3d8bbwe \"YourPhone.Package_1.25061.45.0_language-kn.msix\": Microsoft.YourPhone_1.25061.45.0_neutral_split.language-kn_8wekyb3d8bbwe \"YourPhone.Package_1.25061.45.0_scale-100.msix\": Microsoft.YourPhone_1.25061.45.0_neutral_split.scale-100_8wekyb3d8bbwe \"YourPhone.Package_1.25061.45.0_language-ur.msix\": Microsoft.YourPhone_1.25061.45.0_neutral_split.language-ur_8wekyb3d8bbwe \"YourPhone.Package_1.25061.45.0_language-mr.msix\": Microsoft.YourPhone_1.25061.45.0_neutral_split.language-mr_8wekyb3d8bbwe \"YourPhone.Package_1.25061.45.0_language-mt.msix\": Microsoft.YourPhone_1.25061.45.0_neutral_split.language-mt_8wekyb3d8bbwe \"YourPhone.Package_1.25061.45.0_language-az-latn.msix\": Microsoft.YourPhone_1.25061.45.0_neutral_split.language-az-latn_8wekyb3d8bbwe \"YourPhone.Package_1.25061.45.0_language-ms.msix\": Microsoft.YourPhone_1.25061.45.0_neutral_split.language-ms_8wekyb3d8bbwe \"YourPhone.Package_1.25061.45.0_language-ne.msix\": Microsoft.YourPhone_1.25061.45.0_neutral_split.language-ne_8wekyb3d8bbwe \"YourPhone.Package_1.25061.45.0_language-quz-latn.msix\": Microsoft.YourPhone_1.25061.45.0_neutral_split.language-quz-latn_8wekyb3d8bbwe \"YourPhone.Package_1.25061.45.0_language-qps-ploc.msix\": Microsoft.YourPhone_1.25061.45.0_neutral_split.language-qps-ploc_8wekyb3d8bbwe \"YourPhone.Package_1.25061.45.0_language-zh-hans.msix\": Microsoft.YourPhone_1.25061.45.0_neutral_split.language-zh-hans_8wekyb3d8bbwe \"YourPhone.Package_1.25061.45.0_language-ga.msix\": Microsoft.YourPhone_1.25061.45.0_neutral_split.language-ga_8wekyb3d8bbwe \"YourPhone.Package_1.25061.45.0_language-ja.msix\": Microsoft.YourPhone_1.25061.45.0_neutral_split.language-ja_8wekyb3d8bbwe \"YourPhone.Package_1.25061.45.0_language-nn.msix\": Microsoft.YourPhone_1.25061.45.0_neutral_split.language-nn_8wekyb3d8bbwe \"YourPhone.Package_1.25061.45.0_language-fr.msix\": Microsoft.YourPhone_1.25061.45.0_neutral_split.language-fr_8wekyb3d8bbwe \"YourPhone.Package_1.25061.45.0_language-vi.msix\": Microsoft.YourPhone_1.25061.45.0_neutral_split.language-vi_8wekyb3d8bbwe \"YourPhone.Package_1.25061.45.0_language-bn.msix\": Microsoft.YourPhone_1.25061.45.0_neutral_split.language-bn_8wekyb3d8bbwe \"YourPhone.Package_1.25061.45.0_language-te.msix\": Microsoft.YourPhone_1.25061.45.0_neutral_split.language-te_8wekyb3d8bbwe \"YourPhone.Package_1.25061.45.0_language-es.msix\": Microsoft.YourPhone_1.25061.45.0_neutral_split.language-es_8wekyb3d8bbwe \"YourPhone.Package_1.25061.45.0_language-ko.msix\": Microsoft.YourPhone_1.25061.45.0_neutral_split.language-ko_8wekyb3d8bbwe \"YourPhone.Package_1.25061.45.0_language-lt.msix\": Microsoft.YourPhone_1.25061.45.0_neutral_split.language-lt_8wekyb3d8bbwe \"YourPhone.Package_1.25061.45.0_language-kok.msix\": Microsoft.YourPhone_1.25061.45.0_neutral_split.language-kok_8wekyb3d8bbwe \"YourPhone.Package_1.25061.45.0_language-ka.msix\": Microsoft.YourPhone_1.25061.45.0_neutral_split.language-ka_8wekyb3d8bbwe \"YourPhone.Package_1.25061.45.0_language-hy.msix\": Microsoft.YourPhone_1.25061.45.0_neutral_split.language-hy_8wekyb3d8bbwe \"YourPhone.Package_1.25061.45.0_scale-150.msix\": Microsoft.YourPhone_1.25061.45.0_neutral_split.scale-150_8wekyb3d8bbwe \"YourPhone.Package_1.25061.45.0_language-pt.msix\": Microsoft.YourPhone_1.25061.45.0_neutral_split.language-pt_8wekyb3d8bbwe \"YourPhone.Package_1.25061.45.0_language-de.msix\": Microsoft.YourPhone_1.25061.45.0_neutral_split.language-de_8wekyb3d8bbwe \"YourPhone.Package_1.25061.45.0_language-ro.msix\": Microsoft.YourPhone_1.25061.45.0_neutral_split.language-ro_8wekyb3d8bbwe \"YourPhone.Package_1.25061.45.0_language-qps-ploca.msix\": Microsoft.YourPhone_1.25061.45.0_neutral_split.language-qps-ploca_8wekyb3d8bbwe \"YourPhone.Package_1.25061.45.0_language-hi.msix\": Microsoft.YourPhone_1.25061.45.0_neutral_split.language-hi_8wekyb3d8bbwe \"YourPhone.Package_1.25061.45.0_language-cy.msix\": Microsoft.YourPhone_1.25061.45.0_neutral_split.language-cy_8wekyb3d8bbwe \"YourPhone.Package_1.25061.45.0_language-gd-latn.msix\": Microsoft.YourPhone_1.25061.45.0_neutral_split.language-gd-latn_8wekyb3d8bbwe \"YourPhone.Package_1.25061.45.0_language-pl.msix\": Microsoft.YourPhone_1.25061.45.0_neutral_split.language-pl_8wekyb3d8bbwe \"YourPhone.Package_1.25061.45.0_language-sr-cyrl.msix\": Microsoft.YourPhone_1.25061.45.0_neutral_split.language-sr-cyrl_8wekyb3d8bbwe \"YourPhone.Package_1.25061.45.0_language-ar.msix\": Microsoft.YourPhone_1.25061.45.0_neutral_split.language-ar_8wekyb3d8bbwe \"YourPhone.Package_1.25061.45.0_language-af.msix\": Microsoft.YourPhone_1.25061.45.0_neutral_split.language-af_8wekyb3d8bbwe \"YourPhone.Package_1.25061.45.0_language-ca.msix\": Microsoft.YourPhone_1.25061.45.0_neutral_split.language-ca_8wekyb3d8bbwe \"YourPhone.Package_1.25061.45.0_language-sr-latn.msix\": Microsoft.YourPhone_1.25061.45.0_neutral_split.language-sr-latn_8wekyb3d8bbwe \"YourPhone.Package_1.25061.45.0_language-fi.msix\": Microsoft.YourPhone_1.25061.45.0_neutral_split.language-fi_8wekyb3d8bbwe \"YourPhone.Package_1.25061.45.0_language-ta.msix\": Microsoft.YourPhone_1.25061.45.0_neutral_split.language-ta_8wekyb3d8bbwe \"YourPhone.Package_1.25061.45.0_language-kk.msix\": Microsoft.YourPhone_1.25061.45.0_neutral_split.language-kk_8wekyb3d8bbwe \"YourPhone.Package_1.25061.45.0_scale-400.msix\": Microsoft.YourPhone_1.25061.45.0_neutral_split.scale-400_8wekyb3d8bbwe \"YourPhone.Package_1.25061.45.0_language-th.msix\": Microsoft.YourPhone_1.25061.45.0_neutral_split.language-th_8wekyb3d8bbwe \"YourPhone.Package_1.25061.45.0_language-nl.msix\": Microsoft.YourPhone_1.25061.45.0_neutral_split.language-nl_8wekyb3d8bbwe \"YourPhone.Package_1.25061.45.0_language-mk.msix\": Microsoft.YourPhone_1.25061.45.0_neutral_split.language-mk_8wekyb3d8bbwe \"YourPhone.Package_1.25061.45.0_language-it.msix\": Microsoft.YourPhone_1.25061.45.0_neutral_split.language-it_8wekyb3d8bbwe \"YourPhone.Package_1.25061.45.0_language-gu.msix\": Microsoft.YourPhone_1.25061.45.0_neutral_split.language-gu_8wekyb3d8bbwe \"YourPhone.Package_1.25061.45.0_language-cs.msix\": Microsoft.YourPhone_1.25061.45.0_neutral_split.language-cs_8wekyb3d8bbwe \"YourPhone.Package_1.25061.45.0_language-hu.msix\": Microsoft.YourPhone_1.25061.45.0_neutral_split.language-hu_8wekyb3d8bbwe \"YourPhone.Package_1.25061.45.0_language-sk.msix\": Microsoft.YourPhone_1.25061.45.0_neutral_split.language-sk_8wekyb3d8bbwe \"YourPhone.Package_1.25061.45.0_language-id.msix\": Microsoft.YourPhone_1.25061.45.0_neutral_split.language-id_8wekyb3d8bbwe \"YourPhone.Package_1.25061.45.0_language-km.msix\": Microsoft.YourPhone_1.25061.45.0_neutral_split.language-km_8wekyb3d8bbwe"}
{"EventID": "854", "Channel": "Microsoft-Windows-AppXDeploymentServer/Operational", "Provider_Name": "Microsoft-Windows-AppXDeployment-Server", "Computer": "DESKTOP-OFJ6N53", "TimeCreated": "2025-07-23 08:40:52.163136+00:00", "RecordID": "114030", "Level": "4", "UserID": "S-1-5-18", "EventData.Path": "x-windowsupdate://FD6175A3-E34F-4BB1-BFC1-31367AAC6BD3/9607E6E2-46A5-4A17-AFCA-908FFC36D70B/9c2a1361a919e0758dd080e3044e11318eb9e984 x-windowsupdate://FD6175A3-E34F-4BB1-BFC1-31367AAC6BD3/9607E6E2-46A5-4A17-AFCA-908FFC36D70B/9c2a1361a919e0758dd080e3044e11318eb9e984\\GameBar_7.325.7090.0_x64.appx x-windowsupdate://FD6175A3-E34F-4BB1-BFC1-31367AAC6BD3/9607E6E2-46A5-4A17-AFCA-908FFC36D70B/9c2a1361a919e0758dd080e3044e11318eb9e984\\GameBar_7.325.7090.0_scale-100.appx x-windowsupdate://FD6175A3-E34F-4BB1-BFC1-31367AAC6BD3/9607E6E2-46A5-4A17-AFCA-908FFC36D70B/9c2a1361a919e0758dd080e3044e11318eb9e984\\GameBar_7.325.7090.0_language-ru.appx x-windowsupdate://FD6175A3-E34F-4BB1-BFC1-31367AAC6BD3/9607E6E2-46A5-4A17-AFCA-908FFC36D70B/9c2a1361a919e0758dd080e3044e11318eb9e984\\GameBar_7.325.7090.0_scale-125.appx"}
{"EventID": "854", "Channel": "Microsoft-Windows-AppXDeploymentServer/Operational", "Provider_Name": "Microsoft-Windows-AppXDeployment-Server", "Computer": "DESKTOP-OFJ6N53", "TimeCreated": "2025-07-23 08:40:55.558027+00:00", "RecordID": "114031", "Level": "4", "UserID": "S-1-5-18", "EventData.Path": "x-windowsupdate://0A38224A-E67A-4F10-A0C8-675D591EFF72/B99AEF9A-1685-4798-B4B1-3D94EE6D7184/807bef4fcf7c3ceb8491252037c897b637e6ba3b x-windowsupdate://0A38224A-E67A-4F10-A0C8-675D591EFF72/B99AEF9A-1685-4798-B4B1-3D94EE6D7184/807bef4fcf7c3ceb8491252037c897b637e6ba3b\\YourPhone.Package_1.25061.45.0_x64.msix x-windowsupdate://0A38224A-E67A-4F10-A0C8-675D591EFF72/B99AEF9A-1685-4798-B4B1-3D94EE6D7184/807bef4fcf7c3ceb8491252037c897b637e6ba3b\\YourPhone.Package_1.25061.45.0_language-ru.msix x-windowsupdate://0A38224A-E67A-4F10-A0C8-675D591EFF72/B99AEF9A-1685-4798-B4B1-3D94EE6D7184/807bef4fcf7c3ceb8491252037c897b637e6ba3b\\YourPhone.Package_1.25061.45.0_scale-100.msix x-windowsupdate://0A38224A-E67A-4F10-A0C8-675D591EFF72/B99AEF9A-1685-4798-B4B1-3D94EE6D7184/807bef4fcf7c3ceb8491252037c897b637e6ba3b\\YourPhone.Package_1.25061.45.0_scale-125.msix"}
{"EventID": "8761", "Channel": "Microsoft-Windows-AppXDeploymentServer/Operational", "Provider_Name": "Microsoft-Windows-AppXDeployment-Server", "Computer": "DESKTOP-OFJ6N53", "TimeCreated": "2025-07-23 08:41:02.664049+00:00", "RecordID": "114032", "Level": "2", "UserID": "S-1-5-18", "EventData.ErrorCode": "0x8007010b"}
{"EventID": "400", "Channel": "Microsoft-Windows-AppXDeploymentServer/Operational", "Provider_Name": "Microsoft-Windows-AppXDeployment-Server", "Computer": "DESKTOP-OFJ6N53", "TimeCreated": "2025-07-23 08:41:03.608570+00:00", "RecordID": "114033", "Level": "4", "UserID": "S-1-5-18", "EventData.DeploymentOperation": "4", "EventData.PackageFullName": "Microsoft.XboxGamingOverlay_7.325.7090.0_neutral_~_8wekyb3d8bbwe", "EventData.Path": "(9c2a1361a919e0758dd080e3044e11318eb9e984)", "EventData.MountPoint": "C:", "EventData.TargetPlatform": "0x00000000", "EventData.SystemVolume": "True", "EventData.StorageId": "\\\\?\\Volume{c33a8663-71a2-4031-8cec-c21914fe12ad}", "EventData.IsCentennial": "False", "EventData.PackageType": "0x00000008", "EventData.IsPackageEncrypted": "False", "EventData.DeploymentOptions": "0x0040008004000010", "EventData.IsStreamingPackage": "False", "EventData.IsInRelatedSet": "False", "EventData.IsPackageUsingBDC": "False", "EventData.MainPackageFamilyName": "NULL", "EventData.CallingProcess": "svchost.exe,wuauserv", "EventData.IsOptional": "False", "EventData.PackageFlags": "0x00000000", "EventData.PackageFlags2": "0x00000800", "EventData.HasWin32alacarte": "False", "EventData.HasFullTrust": "False", "EventData.ExternalLocation": null, "EventData.PackageSourceUri": "x-windowsupdate://FD6175A3-E34F-4BB1-BFC1-31367AAC6BD3/9607E6E2-46A5-4A17-AFCA-908FFC36D70B/9c2a1361a919e0758dd080e3044e11318eb9e984"}
{"EventID": "478", "Channel": "Microsoft-Windows-AppXDeploymentServer/Operational", "Provider_Name": "Microsoft-Windows-AppXDeployment-Server", "Computer": "DESKTOP-OFJ6N53", "TimeCreated": "2025-07-23 08:41:03.608740+00:00", "RecordID": "114034", "Level": "5", "UserID": "S-1-5-18", "EventData.DeploymentOperation": "4", "EventData.PackageFullName": "Microsoft.XboxGamingOverlay_7.325.7090.0_x64__8wekyb3d8bbwe", "EventData.Path": "(9c2a1361a919e0758dd080e3044e11318eb9e984)", "EventData.MountPoint": "C:", "EventData.TargetPlatform": "0x00000000", "EventData.SystemVolume": "True", "EventData.StorageId": "\\\\?\\Volume{c33a8663-71a2-4031-8cec-c21914fe12ad}", "EventData.IsCentennial": "True", "EventData.PackageType": "0x00000001", "EventData.IsPackageEncrypted": "False", "EventData.DeploymentOptions": "0x0040008004000010", "EventData.IsStreamingPackage": "False", "EventData.IsInRelatedSet": "False", "EventData.IsPackageUsingBDC": "False", "EventData.MainPackageFamilyName": "NULL", "EventData.CallingProcess": "svchost.exe,wuauserv", "EventData.IsOptional": "False", "EventData.PackageFlags": "0x0080804c", "EventData.PackageFlags2": "0x00000800", "EventData.HasWin32alacarte": "False", "EventData.HasFullTrust": "True", "EventData.ExternalLocation": null, "EventData.PackageSourceUri": "x-windowsupdate://FD6175A3-E34F-4BB1-BFC1-31367AAC6BD3/9607E6E2-46A5-4A17-AFCA-908FFC36D70B/9c2a1361a919e0758dd080e3044e11318eb9e984"}
{"EventID": "649", "Channel": "Microsoft-Windows-AppXDeploymentServer/Operational", "Provider_Name": "Microsoft-Windows-AppXDeployment-Server", "Computer": "DESKTOP-OFJ6N53", "TimeCreated": "2025-07-23 08:41:03.627802+00:00", "RecordID": "114035", "Level": "4", "UserID": "S-1-5-18", "EventData.DeploymentOperation": "4", "EventData.PackageFullName": "Microsoft.XboxGamingOverlay_7.325.7090.0_neutral_~_8wekyb3d8bbwe", "EventData.Summary": "PostDeploymentOperationCheck cost: 0 ms"}
{"EventID": "613", "Channel": "Microsoft-Windows-AppXDeploymentServer/Operational", "Provider_Name": "Microsoft-Windows-AppXDeployment-Server", "Computer": "DESKTOP-OFJ6N53", "TimeCreated": "2025-07-23 08:41:03.774778+00:00", "RecordID": "114036", "Level": "4", "UserID": "S-1-5-18", "EventData.DeploymentOperation": "4", "EventData.PackageFullName": "Microsoft.XboxGamingOverlay_7.325.7090.0_neutral_~_8wekyb3d8bbwe", "EventData.Summary": "Overall time: 17250 ms\nEnqueue cost: 1266 ms\nDequeue delay: 0 ms\nBundle processing cost: 4375 ms\nIndexing cost: 515 ms\nResolve dependency cost: 0 ms\nGap: 63 ms\nCheck approval cost: 15 ms\nEvaluation cost: 4313 ms\nHardlinking evaluation cost: 328 ms\nStage required cost: 5219 ms\nFlushing and closing files cost: 47 ms\nGap: 31 ms\nMachine register cost: 516 ms\nStage user data cost: 15 ms\nRegistration cost: 0 ms\nGap: 16 ms\nRepository commit transaction cost: 719 ms\nGap: 46 ms\nData flush cost: 0 ms\nPost DeStage repository commit transaction cost: 0 ms\nRemaining cost: 141 ms"}
{"EventID": "603", "Channel": "Microsoft-Windows-AppXDeploymentServer/Operational", "Provider_Name": "Microsoft-Windows-AppXDeployment-Server", "Computer": "DESKTOP-OFJ6N53", "TimeCreated": "2025-07-23 08:41:06.720419+00:00", "RecordID": "114037", "Level": "4", "UserID": "S-1-5-21-963789628-1060504924-4285088085-1001", "EventData.DeploymentOperation": "20", "EventData.Path": "Microsoft.XboxGamingOverlay_8wekyb3d8bbwe", "EventData.Flags": "67127296", "EventData.FlagsHigh": "262144", "EventData.CallingProcess": "svchost.exe,wuauserv", "EventData.ExternalLocation": null}
{"EventID": "10002", "Channel": "Microsoft-Windows-AppXDeploymentServer/Operational", "Provider_Name": "Microsoft-Windows-AppXDeployment-Server", "Computer": "DESKTOP-OFJ6N53", "TimeCreated": "2025-07-23 08:41:06.804802+00:00", "RecordID": "114038", "Level": "5", "UserID": "S-1-5-18", "EventData.DeploymentOperation": "6", "EventData.MainPackageMoniker": "Microsoft.XboxGamingOverlay_7.325.7090.0_neutral_~_8wekyb3d8bbwe", "EventData.ResiliencyFilePath": "C:\\ProgramData\\Microsoft\\Windows\\AppRepository\\d133bcfb-0b2f-4dcd-8b2a-9606f4c3629b_S-1-5-21-963789628-1060504924-4285088085-1001_5.rslc"}
{"EventID": "607", "Channel": "Microsoft-Windows-AppXDeploymentServer/Operational", "Provider_Name": "Microsoft-Windows-AppXDeployment-Server", "Computer": "DESKTOP-OFJ6N53", "TimeCreated": "2025-07-23 08:41:06.805853+00:00", "RecordID": "114039", "Level": "4", "UserID": "S-1-5-21-963789628-1060504924-4285088085-1001", "EventData.DeploymentOperation": "6", "EventData.PackageFullName": "Microsoft.XboxGamingOverlay_7.325.7090.0_neutral_~_8wekyb3d8bbwe", "EventData.UserSid": "S-1-5-21-963789628-1060504924-4285088085-1001", "EventData.CallingProcess": "svchost.exe,wuauserv"}
{"EventID": "614", "Channel": "Microsoft-Windows-AppXDeploymentServer/Operational", "Provider_Name": "Microsoft-Windows-AppXDeployment-Server", "Computer": "DESKTOP-OFJ6N53", "TimeCreated": "2025-07-23 08:41:06.837883+00:00", "RecordID": "114040", "Level": "5", "UserID": "S-1-5-21-963789628-1060504924-4285088085-1001", "EventData.PathOne": "C:\\Program Files\\WindowsApps\\Microsoft.XboxGamingOverlay_7.325.7090.0_neutral_~_8wekyb3d8bbwe\\AppxMetadata\\AppxBundleManifest.xml", "EventData.PathTwo": "\"GameBar_7.325.7090.0_ARM64.appx\": Microsoft.XboxGamingOverlay_7.325.7090.0_arm64__8wekyb3d8bbwe \"GameBar_7.325.7090.0_x64.appx\": Microsoft.XboxGamingOverlay_7.325.7090.0_x64__8wekyb3d8bbwe \"GameBar_7.325.7090.0_Win32.appx\": Microsoft.XboxGamingOverlay_7.325.7090.0_x86__8wekyb3d8bbwe \"GameBar_7.325.7090.0_language-lo.appx\": Microsoft.XboxGamingOverlay_7.325.7090.0_neutral_split.language-lo_8wekyb3d8bbwe \"GameBar_7.325.7090.0_language-af.appx\": Microsoft.XboxGamingOverlay_7.325.7090.0_neutral_split.language-af_8wekyb3d8bbwe \"GameBar_7.325.7090.0_language-am.appx\": Microsoft.XboxGamingOverlay_7.325.7090.0_neutral_split.language-am_8wekyb3d8bbwe \"GameBar_7.325.7090.0_language-ar.appx\": Microsoft.XboxGamingOverlay_7.325.7090.0_neutral_split.language-ar_8wekyb3d8bbwe \"GameBar_7.325.7090.0_scale-125.appx\": Microsoft.XboxGamingOverlay_7.325.7090.0_neutral_split.scale-125_8wekyb3d8bbwe \"GameBar_7.325.7090.0_language-bg.appx\": Microsoft.XboxGamingOverlay_7.325.7090.0_neutral_split.language-bg_8wekyb3d8bbwe \"GameBar_7.325.7090.0_language-pt.appx\": Microsoft.XboxGamingOverlay_7.325.7090.0_neutral_split.language-pt_8wekyb3d8bbwe \"GameBar_7.325.7090.0_scale-100.appx\": Microsoft.XboxGamingOverlay_7.325.7090.0_neutral_split.scale-100_8wekyb3d8bbwe \"GameBar_7.325.7090.0_language-ru.appx\": Microsoft.XboxGamingOverlay_7.325.7090.0_neutral_split.language-ru_8wekyb3d8bbwe \"GameBar_7.325.7090.0_language-sq.appx\": Microsoft.XboxGamingOverlay_7.325.7090.0_neutral_split.language-sq_8wekyb3d8bbwe \"GameBar_7.325.7090.0_language-el.appx\": Microsoft.XboxGamingOverlay_7.325.7090.0_neutral_split.language-el_8wekyb3d8bbwe \"GameBar_7.325.7090.0_language-zh-hant.appx\": Microsoft.XboxGamingOverlay_7.325.7090.0_neutral_split.language-zh-hant_8wekyb3d8bbwe \"GameBar_7.325.7090.0_language-et.appx\": Microsoft.XboxGamingOverlay_7.325.7090.0_neutral_split.language-et_8wekyb3d8bbwe \"GameBar_7.325.7090.0_language-zh-hans.appx\": Microsoft.XboxGamingOverlay_7.325.7090.0_neutral_split.language-zh-hans_8wekyb3d8bbwe \"GameBar_7.325.7090.0_language-vi.appx\": Microsoft.XboxGamingOverlay_7.325.7090.0_neutral_split.language-vi_8wekyb3d8bbwe \"GameBar_7.325.7090.0_language-fi.appx\": Microsoft.XboxGamingOverlay_7.325.7090.0_neutral_split.language-fi_8wekyb3d8bbwe \"GameBar_7.325.7090.0_language-ta.appx\": Microsoft.XboxGamingOverlay_7.325.7090.0_neutral_split.language-ta_8wekyb3d8bbwe \"GameBar_7.325.7090.0_language-mk.appx\": Microsoft.XboxGamingOverlay_7.325.7090.0_neutral_split.language-mk_8wekyb3d8bbwe \"GameBar_7.325.7090.0_language-gl.appx\": Microsoft.XboxGamingOverlay_7.325.7090.0_neutral_split.language-gl_8wekyb3d8bbwe \"GameBar_7.325.7090.0_language-te.appx\": Microsoft.XboxGamingOverlay_7.325.7090.0_neutral_split.language-te_8wekyb3d8bbwe \"GameBar_7.325.7090.0_language-tr.appx\": Microsoft.XboxGamingOverlay_7.325.7090.0_neutral_split.language-tr_8wekyb3d8bbwe \"GameBar_7.325.7090.0_language-sr-latn.appx\": Microsoft.XboxGamingOverlay_7.325.7090.0_neutral_split.language-sr-latn_8wekyb3d8bbwe \"GameBar_7.325.7090.0_language-hu.appx\": Microsoft.XboxGamingOverlay_7.325.7090.0_neutral_split.language-hu_8wekyb3d8bbwe \"GameBar_7.325.7090.0_language-id.appx\": Microsoft.XboxGamingOverlay_7.325.7090.0_neutral_split.language-id_8wekyb3d8bbwe \"GameBar_7.325.7090.0_language-de.appx\": Microsoft.XboxGamingOverlay_7.325.7090.0_neutral_split.language-de_8wekyb3d8bbwe \"GameBar_7.325.7090.0_language-it.appx\": Microsoft.XboxGamingOverlay_7.325.7090.0_neutral_split.language-it_8wekyb3d8bbwe \"GameBar_7.325.7090.0_language-sl.appx\": Microsoft.XboxGamingOverlay_7.325.7090.0_neutral_split.language-sl_8wekyb3d8bbwe \"GameBar_7.325.7090.0_language-da.appx\": Microsoft.XboxGamingOverlay_7.325.7090.0_neutral_split.language-da_8wekyb3d8bbwe \"GameBar_7.325.7090.0_language-km.appx\": Microsoft.XboxGamingOverlay_7.325.7090.0_neutral_split.language-km_8wekyb3d8bbwe \"GameBar_7.325.7090.0_language-kn.appx\": Microsoft.XboxGamingOverlay_7.325.7090.0_neutral_split.language-kn_8wekyb3d8bbwe \"GameBar_7.325.7090.0_language-ko.appx\": Microsoft.XboxGamingOverlay_7.325.7090.0_neutral_split.language-ko_8wekyb3d8bbwe \"GameBar_7.325.7090.0_language-ro.appx\": Microsoft.XboxGamingOverlay_7.325.7090.0_neutral_split.language-ro_8wekyb3d8bbwe \"GameBar_7.325.7090.0_language-lt.appx\": Microsoft.XboxGamingOverlay_7.325.7090.0_neutral_split.language-lt_8wekyb3d8bbwe \"GameBar_7.325.7090.0_language-ca.appx\": Microsoft.XboxGamingOverlay_7.325.7090.0_neutral_split.language-ca_8wekyb3d8bbwe \"GameBar_7.325.7090.0_language-fr.appx\": Microsoft.XboxGamingOverlay_7.325.7090.0_neutral_split.language-fr_8wekyb3d8bbwe \"GameBar_7.325.7090.0_language-ml.appx\": Microsoft.XboxGamingOverlay_7.325.7090.0_neutral_split.language-ml_8wekyb3d8bbwe \"GameBar_7.325.7090.0_language-ms.appx\": Microsoft.XboxGamingOverlay_7.325.7090.0_neutral_split.language-ms_8wekyb3d8bbwe \"GameBar_7.325.7090.0_language-nb.appx\": Microsoft.XboxGamingOverlay_7.325.7090.0_neutral_split.language-nb_8wekyb3d8bbwe \"GameBar_7.325.7090.0_language-pl.appx\": Microsoft.XboxGamingOverlay_7.325.7090.0_neutral_split.language-pl_8wekyb3d8bbwe \"GameBar_7.325.7090.0_language-he.appx\": Microsoft.XboxGamingOverlay_7.325.7090.0_neutral_split.language-he_8wekyb3d8bbwe \"GameBar_7.325.7090.0_language-lv.appx\": Microsoft.XboxGamingOverlay_7.325.7090.0_neutral_split.language-lv_8wekyb3d8bbwe \"GameBar_7.325.7090.0_language-fa.appx\": Microsoft.XboxGamingOverlay_7.325.7090.0_neutral_split.language-fa_8wekyb3d8bbwe \"GameBar_7.325.7090.0_language-kk.appx\": Microsoft.XboxGamingOverlay_7.325.7090.0_neutral_split.language-kk_8wekyb3d8bbwe \"GameBar_7.325.7090.0_language-sk.appx\": Microsoft.XboxGamingOverlay_7.325.7090.0_neutral_split.language-sk_8wekyb3d8bbwe \"GameBar_7.325.7090.0_language-ja.appx\": Microsoft.XboxGamingOverlay_7.325.7090.0_neutral_split.language-ja_8wekyb3d8bbwe \"GameBar_7.325.7090.0_language-fil-latn.appx\": Microsoft.XboxGamingOverlay_7.325.7090.0_neutral_split.language-fil-latn_8wekyb3d8bbwe \"GameBar_7.325.7090.0_language-th.appx\": Microsoft.XboxGamingOverlay_7.325.7090.0_neutral_split.language-th_8wekyb3d8bbwe \"GameBar_7.325.7090.0_language-cs.appx\": Microsoft.XboxGamingOverlay_7.325.7090.0_neutral_split.language-cs_8wekyb3d8bbwe \"GameBar_7.325.7090.0_language-es.appx\": Microsoft.XboxGamingOverlay_7.325.7090.0_neutral_split.language-es_8wekyb3d8bbwe \"GameBar_7.325.7090.0_language-hr.appx\": Microsoft.XboxGamingOverlay_7.325.7090.0_neutral_split.language-hr_8wekyb3d8bbwe \"GameBar_7.325.7090.0_language-is.appx\": Microsoft.XboxGamingOverlay_7.325.7090.0_neutral_split.language-is_8wekyb3d8bbwe \"GameBar_7.325.7090.0_language-uk.appx\": Microsoft.XboxGamingOverlay_7.325.7090.0_neutral_split.language-uk_8wekyb3d8bbwe \"GameBar_7.325.7090.0_language-az-latn.appx\": Microsoft.XboxGamingOverlay_7.325.7090.0_neutral_split.language-az-latn_8wekyb3d8bbwe \"GameBar_7.325.7090.0_language-eu.appx\": Microsoft.XboxGamingOverlay_7.325.7090.0_neutral_split.language-eu_8wekyb3d8bbwe \"GameBar_7.325.7090.0_language-nl.appx\": Microsoft.XboxGamingOverlay_7.325.7090.0_neutral_split.language-nl_8wekyb3d8bbwe \"GameBar_7.325.7090.0_language-hi.appx\": Microsoft.XboxGamingOverlay_7.325.7090.0_neutral_split.language-hi_8wekyb3d8bbwe \"GameBar_7.325.7090.0_language-sv.appx\": Microsoft.XboxGamingOverlay_7.325.7090.0_neutral_split.language-sv_8wekyb3d8bbwe \"GameBar_7.325.7090.0_scale-150.appx\": Microsoft.XboxGamingOverlay_7.325.7090.0_neutral_split.scale-150_8wekyb3d8bbwe \"GameBar_7.325.7090.0_scale-400.appx\": Microsoft.XboxGamingOverlay_7.325.7090.0_neutral_split.scale-400_8wekyb3d8bbwe"}
{"EventID": "854", "Channel": "Microsoft-Windows-AppXDeploymentServer/Operational", "Provider_Name": "Microsoft-Windows-AppXDeployment-Server", "Computer": "DESKTOP-OFJ6N53", "TimeCreated": "2025-07-23 08:41:06.846046+00:00", "RecordID": "114041", "Level": "4", "UserID": "S-1-5-21-963789628-1060504924-4285088085-1001", "EventData.Path": "C:\\Program Files\\WindowsApps\\Microsoft.XboxGamingOverlay_7.325.7090.0_neutral_~_8wekyb3d8bbwe\\AppxMetadata\\AppxBundleManifest.xml C:\\Program Files\\WindowsApps\\Microsoft.XboxGamingOverlay_7.325.7090.0_x64__8wekyb3d8bbwe\\AppxManifest.xml C:\\Program Files\\WindowsApps\\Microsoft.XboxGamingOverlay_7.325.7090.0_neutral_split.scale-100_8wekyb3d8bbwe\\AppxManifest.xml C:\\Program Files\\WindowsApps\\Microsoft.XboxGamingOverlay_7.325.7090.0_neutral_split.scale-125_8wekyb3d8bbwe\\AppxManifest.xml C:\\Program Files\\WindowsApps\\Microsoft.XboxGamingOverlay_7.325.7090.0_neutral_split.language-ru_8wekyb3d8bbwe\\AppxManifest.xml"}
{"EventID": "855", "Channel": "Microsoft-Windows-AppXDeploymentServer/Operational", "Provider_Name": "Microsoft-Windows-AppXDeployment-Server", "Computer": "DESKTOP-OFJ6N53", "TimeCreated": "2025-07-23 08:41:07.222975+00:00", "RecordID": "114042", "Level": "4", "UserID": "S-1-5-21-963789628-1060504924-4285088085-1001", "EventData.PackageMoniker": "updateList: Microsoft.XboxGamingOverlay_7.325.5191.0_neutral_~_8wekyb3d8bbwe is updating to Microsoft.XboxGamingOverlay_7.325.7090.0_neutral_~_8wekyb3d8bbwe Microsoft.XboxGamingOverlay_7.325.5191.0_x64__8wekyb3d8bbwe is updating to Microsoft.XboxGamingOverlay_7.325.7090.0_x64__8wekyb3d8bbwe Microsoft.XboxGamingOverlay_7.325.5191.0_neutral_split.scale-100_8wekyb3d8bbwe is updating to Microsoft.XboxGamingOverlay_7.325.7090.0_neutral_split.scale-100_8wekyb3d8bbwe Microsoft.XboxGamingOverlay_7.325.5191.0_neutral_split.scale-125_8wekyb3d8bbwe is updating to Microsoft.XboxGamingOverlay_7.325.7090.0_neutral_split.scale-125_8wekyb3d8bbwe Microsoft.XboxGamingOverlay_7.325.5191.0_neutral_split.language-ru_8wekyb3d8bbwe is updating to Microsoft.XboxGamingOverlay_7.325.7090.0_neutral_split.language-ru_8wekyb3d8bbwe"}
{"EventID": "9645", "Channel": "Microsoft-Windows-AppXDeploymentServer/Operational", "Provider_Name": "Microsoft-Windows-AppXDeployment-Server", "Computer": "DESKTOP-OFJ6N53", "TimeCreated": "2025-07-23 08:41:07.503351+00:00", "RecordID": "114043", "Level": "5", "UserID": "S-1-5-21-963789628-1060504924-4285088085-1001", "EventData.ErrorCode": "0x00000000", "EventData.String": "Microsoft.XboxGamingOverlay_7.325.5191.0_x64__8wekyb3d8bbwe"}
{"EventID": "10000", "Channel": "Microsoft-Windows-AppXDeploymentServer/Operational", "Provider_Name": "Microsoft-Windows-AppXDeployment-Server", "Computer": "DESKTOP-OFJ6N53", "TimeCreated": "2025-07-23 08:41:07.504528+00:00", "RecordID": "114044", "Level": "5", "UserID": "S-1-5-18", "EventData.PackageFullName": "Microsoft.XboxGamingOverlay_7.325.5191.0_x64__8wekyb3d8bbwe", "EventData.ErrorCode": "0x00000000"}
{"EventID": "10000", "Channel": "Microsoft-Windows-AppXDeploymentServer/Operational", "Provider_Name": "Microsoft-Windows-AppXDeployment-Server", "Computer": "DESKTOP-OFJ6N53", "TimeCreated": "2025-07-23 08:41:07.504816+00:00", "RecordID": "114045", "Level": "5", "UserID": "S-1-5-18", "EventData.PackageFullName": "Microsoft.XboxGamingOverlay_7.325.7090.0_x64__8wekyb3d8bbwe", "EventData.ErrorCode": "0x00000000"}
{"EventID": "9645", "Channel": "Microsoft-Windows-AppXDeploymentServer/Operational", "Provider_Name": "Microsoft-Windows-AppXDeployment-Server", "Computer": "DESKTOP-OFJ6N53", "TimeCreated": "2025-07-23 08:41:07.525766+00:00", "RecordID": "114046", "Level": "5", "UserID": "S-1-5-21-963789628-1060504924-4285088085-1001", "EventData.ErrorCode": "0x00000000", "EventData.String": "Microsoft.XboxGamingOverlay_7.325.5191.0_x64__8wekyb3d8bbwe"}
{"EventID": "5506", "Channel": "Microsoft-Windows-AppXDeploymentServer/Operational", "Provider_Name": "Microsoft-Windows-AppXDeployment-Server", "Computer": "DESKTOP-OFJ6N53", "TimeCreated": "2025-07-23 08:41:07.923536+00:00", "RecordID": "114047", "Level": "5", "UserID": "S-1-5-18", "EventData.PackageName": "Microsoft.XboxGamingOverlay_7.325.7090.0_x64__8wekyb3d8bbwe", "EventData.FilePath": "C:\\Program Files\\WindowsApps\\Microsoft.XboxGamingOverlay_7.325.7090.0_x64__8wekyb3d8bbwe\\microsoft.system.package.metadata\\resources.61cb0061.pri", "EventData.Message": "Created shared merged PRI file"}
{"EventID": "5505", "Channel": "Microsoft-Windows-AppXDeploymentServer/Operational", "Provider_Name": "Microsoft-Windows-AppXDeployment-Server", "Computer": "DESKTOP-OFJ6N53", "TimeCreated": "2025-07-23 08:41:07.924822+00:00", "RecordID": "114048", "Level": "5", "UserID": "S-1-5-18", "EventData.PackageName": "Microsoft.XboxGamingOverlay_7.325.7090.0_x64__8wekyb3d8bbwe", "EventData.FilePath": "C:\\Program Files\\WindowsApps\\Microsoft.XboxGamingOverlay_7.325.7090.0_x64__8wekyb3d8bbwe\\microsoft.system.package.metadata\\S-1-5-21-963789628-1060504924-4285088085-1001-MergedResources-32.pri", "EventData.Message": "Linked user-specific merged PRI file"}
{"EventID": "8100", "Channel": "Microsoft-Windows-AppXDeploymentServer/Operational", "Provider_Name": "Microsoft-Windows-AppXDeployment-Server", "Computer": "DESKTOP-OFJ6N53", "TimeCreated": "2025-07-23 08:41:08.093285+00:00", "RecordID": "114049", "Level": "5", "UserID": "S-1-5-18", "EventData.PackageFullName": "Microsoft.XboxGamingOverlay_7.325.7090.0_x64__8wekyb3d8bbwe", "EventData.Flags": "0x00000009"}
{"EventID": "8106", "Channel": "Microsoft-Windows-AppXDeploymentServer/Operational", "Provider_Name": "Microsoft-Windows-AppXDeployment-Server", "Computer": "DESKTOP-OFJ6N53", "TimeCreated": "2025-07-23 08:41:08.096554+00:00", "RecordID": "114050", "Level": "5", "UserID": "S-1-5-18", "EventData.PackageFullName": "Microsoft.XboxGamingOverlay_7.325.7090.0_x64__8wekyb3d8bbwe", "EventData.Flags": "0x00000009"}
{"EventID": "8101", "Channel": "Microsoft-Windows-AppXDeploymentServer/Operational", "Provider_Name": "Microsoft-Windows-AppXDeployment-Server", "Computer": "DESKTOP-OFJ6N53", "TimeCreated": "2025-07-23 08:41:08.096565+00:00", "RecordID": "114051", "Level": "5", "UserID": "S-1-5-18", "EventData.PackageFullName": "Microsoft.XboxGamingOverlay_7.325.7090.0_x64__8wekyb3d8bbwe", "EventData.Flags": "0x00000009"}
{"EventID": "8100", "Channel": "Microsoft-Windows-AppXDeploymentServer/Operational", "Provider_Name": "Microsoft-Windows-AppXDeployment-Server", "Computer": "DESKTOP-OFJ6N53", "TimeCreated": "2025-07-23 08:41:08.096569+00:00", "RecordID": "114052", "Level": "5", "UserID": "S-1-5-18", "EventData.PackageFullName": "Microsoft.XboxGamingOverlay_7.325.7090.0_neutral_split.scale-100_8wekyb3d8bbwe", "EventData.Flags": "0x00000009"}
{"EventID": "8106", "Channel": "Microsoft-Windows-AppXDeploymentServer/Operational", "Provider_Name": "Microsoft-Windows-AppXDeployment-Server", "Computer": "DESKTOP-OFJ6N53", "TimeCreated": "2025-07-23 08:41:08.098364+00:00", "RecordID": "114053", "Level": "5", "UserID": "S-1-5-18", "EventData.PackageFullName": "Microsoft.XboxGamingOverlay_7.325.7090.0_neutral_split.scale-100_8wekyb3d8bbwe", "EventData.Flags": "0x00000009"}
{"EventID": "8101", "Channel": "Microsoft-Windows-AppXDeploymentServer/Operational", "Provider_Name": "Microsoft-Windows-AppXDeployment-Server", "Computer": "DESKTOP-OFJ6N53", "TimeCreated": "2025-07-23 08:41:08.098373+00:00", "RecordID": "114054", "Level": "5", "UserID": "S-1-5-18", "EventData.PackageFullName": "Microsoft.XboxGamingOverlay_7.325.7090.0_neutral_split.scale-100_8wekyb3d8bbwe", "EventData.Flags": "0x00000009"}
