{"EventID": "5", "Channel": "Microsoft-Windows-User Profile Service/Operational", "Provider_Name": "Microsoft-Windows-User Profiles Service", "Computer": "DESKTOP-OFJ6N53", "TimeCreated": "2024-06-13 10:21:32.293301+00:00", "RecordID": "938", "Level": "4", "UserID": "S-1-5-18", "EventData.File": "C:\\Users\\sk.batsiev\\AppData\\Local\\Microsoft\\Windows\\\\UsrClass.dat", "EventData.Key": "S-1-5-21-963789628-1060504924-4285088085-1001_Classes"}
{"EventID": "67", "Channel": "Microsoft-Windows-User Profile Service/Operational", "Provider_Name": "Microsoft-Windows-User Profiles Service", "Computer": "DESKTOP-OFJ6N53", "TimeCreated": "2024-06-13 10:21:32.295324+00:00", "RecordID": "939", "Level": "4", "UserID": "S-1-5-18", "EventData.LogonType": "Regular", "EventData.LocalPath": "C:\\Users\\sk.batsiev", "EventData.ProfileType": "Regular"}
{"EventID": "2", "Channel": "Microsoft-Windows-User Profile Service/Operational", "Provider_Name": "Microsoft-Windows-User Profiles Service", "Computer": "DESKTOP-OFJ6N53", "TimeCreated": "2024-06-13 10:21:32.973749+00:00", "RecordID": "940", "Level": "4", "UserID": "S-1-5-21-963789628-1060504924-4285088085-1001", "EventData.Session": "2"}
{"EventID": "3", "Channel": "Microsoft-Windows-User Profile Service/Operational", "Provider_Name": "Microsoft-Windows-User Profiles Service", "Computer": "DESKTOP-OFJ6N53", "TimeCreated": "2024-07-03 13:20:32.691532+00:00", "RecordID": "941", "Level": "4", "UserID": "S-1-5-21-963789628-1060504924-4285088085-1001", "EventData.Session": "2"}
{"EventID": "4", "Channel": "Microsoft-Windows-User Profile Service/Operational", "Provider_Name": "Microsoft-Windows-User Profiles Service", "Computer": "DESKTOP-OFJ6N53", "TimeCreated": "2024-07-03 13:20:33.912563+00:00", "RecordID": "942", "Level": "4", "UserID": "S-1-5-21-963789628-1060504924-4285088085-1001", "EventData.Session": "2"}
{"EventID": "1", "Channel": "Microsoft-Windows-User Profile Service/Operational", "Provider_Name": "Microsoft-Windows-User Profiles Service", "Computer": "DESKTOP-OFJ6N53", "TimeCreated": "2024-07-04 10:12:43.520098+00:00", "RecordID": "943", "Level": "4", "UserID": "S-1-5-21-963789628-1060504924-4285088085-1001", "EventData.Session": "2"}
{"EventID": "5", "Channel": "Microsoft-Windows-User Profile Service/Operational", "Provider_Name": "Microsoft-Windows-User Profiles Service", "Computer": "DESKTOP-OFJ6N53", "TimeCreated": "2024-07-04 10:12:43.638195+00:00", "RecordID": "944", "Level": "4", "UserID": "S-1-5-18", "EventData.File": "C:\\Users\\sk.batsiev\\ntuser.dat", "EventData.Key": "S-1-5-21-963789628-1060504924-4285088085-1001"}
{"EventID": "5", "Channel": "Microsoft-Windows-User Profile Service/Operational", "Provider_Name": "Microsoft-Windows-User Profiles Service", "Computer": "DESKTOP-OFJ6N53", "TimeCreated": "2024-07-04 10:12:43.715504+00:00", "RecordID": "945", "Level": "4", "UserID": "S-1-5-18", "EventData.File": "C:\\Users\\sk.batsiev\\AppData\\Local\\Microsoft\\Windows\\\\UsrClass.dat", "EventData.Key": "S-1-5-21-963789628-1060504924-4285088085-1001_Classes"}
{"EventID": "67", "Channel": "Microsoft-Windows-User Profile Service/Operational", "Provider_Name": "Microsoft-Windows-User Profiles Service", "Computer": "DESKTOP-OFJ6N53", "TimeCreated": "2024-07-04 10:12:43.717442+00:00", "RecordID": "946", "Level": "4", "UserID": "S-1-5-18", "EventData.LogonType": "Regular", "EventData.LocalPath": "C:\\Users\\sk.batsiev", "EventData.ProfileType": "Regular"}
{"EventID": "2", "Channel": "Microsoft-Windows-User Profile Service/Operational", "Provider_Name": "Microsoft-Windows-User Profiles Service", "Computer": "DESKTOP-OFJ6N53", "TimeCreated": "2024-07-04 10:12:44.520298+00:00", "RecordID": "947", "Level": "4", "UserID": "S-1-5-21-963789628-1060504924-4285088085-1001", "EventData.Session": "2"}
{"EventID": "3", "Channel": "Microsoft-Windows-User Profile Service/Operational", "Provider_Name": "Microsoft-Windows-User Profiles Service", "Computer": "DESKTOP-OFJ6N53", "TimeCreated": "2024-07-10 14:31:08.220411+00:00", "RecordID": "948", "Level": "4", "UserID": "S-1-5-21-963789628-1060504924-4285088085-1001", "EventData.Session": "2"}
{"EventID": "4", "Channel": "Microsoft-Windows-User Profile Service/Operational", "Provider_Name": "Microsoft-Windows-User Profiles Service", "Computer": "DESKTOP-OFJ6N53", "TimeCreated": "2024-07-10 14:31:08.565823+00:00", "RecordID": "949", "Level": "4", "UserID": "S-1-5-21-963789628-1060504924-4285088085-1001", "EventData.Session": "2"}
{"EventID": "1", "Channel": "Microsoft-Windows-User Profile Service/Operational", "Provider_Name": "Microsoft-Windows-User Profiles Service", "Computer": "DESKTOP-OFJ6N53", "TimeCreated": "2024-07-11 10:32:09.319172+00:00", "RecordID": "950", "Level": "4", "UserID": "S-1-5-21-963789628-1060504924-4285088085-1001", "EventData.Session": "2"}
{"EventID": "5", "Channel": "Microsoft-Windows-User Profile Service/Operational", "Provider_Name": "Microsoft-Windows-User Profiles Service", "Computer": "DESKTOP-OFJ6N53", "TimeCreated": "2024-07-11 10:32:09.349066+00:00", "RecordID": "951", "Level": "4", "UserID": "S-1-5-18", "EventData.File": "C:\\Users\\sk.batsiev\\ntuser.dat", "EventData.Key": "S-1-5-21-963789628-1060504924-4285088085-1001"}
{"EventID": "5", "Channel": "Microsoft-Windows-User Profile Service/Operational", "Provider_Name": "Microsoft-Windows-User Profiles Service", "Computer": "DESKTOP-OFJ6N53", "TimeCreated": "2024-07-11 10:32:09.790285+00:00", "RecordID": "952", "Level": "4", "UserID": "S-1-5-18", "EventData.File": "C:\\Users\\sk.batsiev\\AppData\\Local\\Microsoft\\Windows\\\\UsrClass.dat", "EventData.Key": "S-1-5-21-963789628-1060504924-4285088085-1001_Classes"}
{"EventID": "67", "Channel": "Microsoft-Windows-User Profile Service/Operational", "Provider_Name": "Microsoft-Windows-User Profiles Service", "Computer": "DESKTOP-OFJ6N53", "TimeCreated": "2024-07-11 10:32:09.792154+00:00", "RecordID": "953", "Level": "4", "UserID": "S-1-5-18", "EventData.LogonType": "Regular", "EventData.LocalPath": "C:\\Users\\sk.batsiev", "EventData.ProfileType": "Regular"}
{"EventID": "2", "Channel": "Microsoft-Windows-User Profile Service/Operational", "Provider_Name": "Microsoft-Windows-User Profiles Service", "Computer": "DESKTOP-OFJ6N53", "TimeCreated": "2024-07-11 10:32:10.042089+00:00", "RecordID": "954", "Level": "4", "UserID": "S-1-5-21-963789628-1060504924-4285088085-1001", "EventData.Session": "2"}
{"EventID": "3", "Channel": "Microsoft-Windows-User Profile Service/Operational", "Provider_Name": "Microsoft-Windows-User Profiles Service", "Computer": "DESKTOP-OFJ6N53", "TimeCreated": "2024-07-22 07:26:00.792261+00:00", "RecordID": "955", "Level": "4", "UserID": "S-1-5-21-963789628-1060504924-4285088085-1001", "EventData.Session": "2"}
{"EventID": "4", "Channel": "Microsoft-Windows-User Profile Service/Operational", "Provider_Name": "Microsoft-Windows-User Profiles Service", "Computer": "DESKTOP-OFJ6N53", "TimeCreated": "2024-07-22 07:26:00.882288+00:00", "RecordID": "956", "Level": "4", "UserID": "S-1-5-21-963789628-1060504924-4285088085-1001", "EventData.Session": "2"}
{"EventID": "1", "Channel": "Microsoft-Windows-User Profile Service/Operational", "Provider_Name": "Microsoft-Windows-User Profiles Service", "Computer": "DESKTOP-OFJ6N53", "TimeCreated": "2024-07-22 07:27:23.114525+00:00", "RecordID": "957", "Level": "4", "UserID": "S-1-5-21-963789628-1060504924-4285088085-1001", "EventData.Session": "2"}
{"EventID": "5", "Channel": "Microsoft-Windows-User Profile Service/Operational", "Provider_Name": "Microsoft-Windows-User Profiles Service", "Computer": "DESKTOP-OFJ6N53", "TimeCreated": "2024-07-22 07:27:23.160486+00:00", "RecordID": "958", "Level": "4", "UserID": "S-1-5-18", "EventData.File": "C:\\Users\\sk.batsiev\\ntuser.dat", "EventData.Key": "S-1-5-21-963789628-1060504924-4285088085-1001"}
{"EventID": "5", "Channel": "Microsoft-Windows-User Profile Service/Operational", "Provider_Name": "Microsoft-Windows-User Profiles Service", "Computer": "DESKTOP-OFJ6N53", "TimeCreated": "2024-07-22 07:27:23.232388+00:00", "RecordID": "959", "Level": "4", "UserID": "S-1-5-18", "EventData.File": "C:\\Users\\sk.batsiev\\AppData\\Local\\Microsoft\\Windows\\\\UsrClass.dat", "EventData.Key": "S-1-5-21-963789628-1060504924-4285088085-1001_Classes"}
{"EventID": "67", "Channel": "Microsoft-Windows-User Profile Service/Operational", "Provider_Name": "Microsoft-Windows-User Profiles Service", "Computer": "DESKTOP-OFJ6N53", "TimeCreated": "2024-07-22 07:27:23.234455+00:00", "RecordID": "960", "Level": "4", "UserID": "S-1-5-18", "EventData.LogonType": "Regular", "EventData.LocalPath": "C:\\Users\\sk.batsiev", "EventData.ProfileType": "Regular"}
{"EventID": "2", "Channel": "Microsoft-Windows-User Profile Service/Operational", "Provider_Name": "Microsoft-Windows-User Profiles Service", "Computer": "DESKTOP-OFJ6N53", "TimeCreated": "2024-07-22 07:27:23.717751+00:00", "RecordID": "961", "Level": "4", "UserID": "S-1-5-21-963789628-1060504924-4285088085-1001", "EventData.Session": "2"}
{"EventID": "3", "Channel": "Microsoft-Windows-User Profile Service/Operational", "Provider_Name": "Microsoft-Windows-User Profiles Service", "Computer": "DESKTOP-OFJ6N53", "TimeCreated": "2024-08-14 00:08:09.064287+00:00", "RecordID": "962", "Level": "4", "UserID": "S-1-5-21-963789628-1060504924-4285088085-1001", "EventData.Session": "2"}
{"EventID": "4", "Channel": "Microsoft-Windows-User Profile Service/Operational", "Provider_Name": "Microsoft-Windows-User Profiles Service", "Computer": "DESKTOP-OFJ6N53", "TimeCreated": "2024-08-14 00:08:09.319626+00:00", "RecordID": "963", "Level": "4", "UserID": "S-1-5-21-963789628-1060504924-4285088085-1001", "EventData.Session": "2"}
{"EventID": "1", "Channel": "Microsoft-Windows-User Profile Service/Operational", "Provider_Name": "Microsoft-Windows-User Profiles Service", "Computer": "DESKTOP-OFJ6N53", "TimeCreated": "2024-08-28 09:28:21.801306+00:00", "RecordID": "964", "Level": "4", "UserID": "S-1-5-21-963789628-1060504924-4285088085-1001", "EventData.Session": "1"}
{"EventID": "5", "Channel": "Microsoft-Windows-User Profile Service/Operational", "Provider_Name": "Microsoft-Windows-User Profiles Service", "Computer": "DESKTOP-OFJ6N53", "TimeCreated": "2024-08-28 09:28:21.829494+00:00", "RecordID": "965", "Level": "4", "UserID": "S-1-5-18", "EventData.File": "C:\\Users\\sk.batsiev\\ntuser.dat", "EventData.Key": "S-1-5-21-963789628-1060504924-4285088085-1001"}
{"EventID": "5", "Channel": "Microsoft-Windows-User Profile Service/Operational", "Provider_Name": "Microsoft-Windows-User Profiles Service", "Computer": "DESKTOP-OFJ6N53", "TimeCreated": "2024-08-28 09:28:22.258219+00:00", "RecordID": "966", "Level": "4", "UserID": "S-1-5-18", "EventData.File": "C:\\Users\\sk.batsiev\\AppData\\Local\\Microsoft\\Windows\\\\UsrClass.dat", "EventData.Key": "S-1-5-21-963789628-1060504924-4285088085-1001_Classes"}
{"EventID": "67", "Channel": "Microsoft-Windows-User Profile Service/Operational", "Provider_Name": "Microsoft-Windows-User Profiles Service", "Computer": "DESKTOP-OFJ6N53", "TimeCreated": "2024-08-28 09:28:22.260159+00:00", "RecordID": "967", "Level": "4", "UserID": "S-1-5-18", "EventData.LogonType": "Regular", "EventData.LocalPath": "C:\\Users\\sk.batsiev", "EventData.ProfileType": "Regular"}
{"EventID": "2", "Channel": "Microsoft-Windows-User Profile Service/Operational", "Provider_Name": "Microsoft-Windows-User Profiles Service", "Computer": "DESKTOP-OFJ6N53", "TimeCreated": "2024-08-28 09:28:22.998243+00:00", "RecordID": "968", "Level": "4", "UserID": "S-1-5-21-963789628-1060504924-4285088085-1001", "EventData.Session": "1"}
{"EventID": "3", "Channel": "Microsoft-Windows-User Profile Service/Operational", "Provider_Name": "Microsoft-Windows-User Profiles Service", "Computer": "DESKTOP-OFJ6N53", "TimeCreated": "2024-09-06 13:39:46.570610+00:00", "RecordID": "969", "Level": "4", "UserID": "S-1-5-21-963789628-1060504924-4285088085-1001", "EventData.Session": "1"}
{"EventID": "4", "Channel": "Microsoft-Windows-User Profile Service/Operational", "Provider_Name": "Microsoft-Windows-User Profiles Service", "Computer": "DESKTOP-OFJ6N53", "TimeCreated": "2024-09-06 13:39:46.659496+00:00", "RecordID": "970", "Level": "4", "UserID": "S-1-5-21-963789628-1060504924-4285088085-1001", "EventData.Session": "1"}
{"EventID": "1", "Channel": "Microsoft-Windows-User Profile Service/Operational", "Provider_Name": "Microsoft-Windows-User Profiles Service", "Computer": "DESKTOP-OFJ6N53", "TimeCreated": "2024-09-06 13:40:15.706232+00:00", "RecordID": "971", "Level": "4", "UserID": "S-1-5-21-963789628-1060504924-4285088085-1001", "EventData.Session": "1"}
{"EventID": "5", "Channel": "Microsoft-Windows-User Profile Service/Operational", "Provider_Name": "Microsoft-Windows-User Profiles Service", "Computer": "DESKTOP-OFJ6N53", "TimeCreated": "2024-09-06 13:40:15.766323+00:00", "RecordID": "972", "Level": "4", "UserID": "S-1-5-18", "EventData.File": "C:\\Users\\sk.batsiev\\ntuser.dat", "EventData.Key": "S-1-5-21-963789628-1060504924-4285088085-1001"}
{"EventID": "5", "Channel": "Microsoft-Windows-User Profile Service/Operational", "Provider_Name": "Microsoft-Windows-User Profiles Service", "Computer": "DESKTOP-OFJ6N53", "TimeCreated": "2024-09-06 13:40:15.850573+00:00", "RecordID": "973", "Level": "4", "UserID": "S-1-5-18", "EventData.File": "C:\\Users\\sk.batsiev\\AppData\\Local\\Microsoft\\Windows\\\\UsrClass.dat", "EventData.Key": "S-1-5-21-963789628-1060504924-4285088085-1001_Classes"}
{"EventID": "67", "Channel": "Microsoft-Windows-User Profile Service/Operational", "Provider_Name": "Microsoft-Windows-User Profiles Service", "Computer": "DESKTOP-OFJ6N53", "TimeCreated": "2024-09-06 13:40:15.852968+00:00", "RecordID": "974", "Level": "4", "UserID": "S-1-5-18", "EventData.LogonType": "Regular", "EventData.LocalPath": "C:\\Users\\sk.batsiev", "EventData.ProfileType": "Regular"}
{"EventID": "2", "Channel": "Microsoft-Windows-User Profile Service/Operational", "Provider_Name": "Microsoft-Windows-User Profiles Service", "Computer": "DESKTOP-OFJ6N53", "TimeCreated": "2024-09-06 13:40:16.564392+00:00", "RecordID": "975", "Level": "4", "UserID": "S-1-5-21-963789628-1060504924-4285088085-1001", "EventData.Session": "1"}
{"EventID": "3", "Channel": "Microsoft-Windows-User Profile Service/Operational", "Provider_Name": "Microsoft-Windows-User Profiles Service", "Computer": "DESKTOP-OFJ6N53", "TimeCreated": "2024-09-11 14:49:04.329782+00:00", "RecordID": "976", "Level": "4", "UserID": "S-1-5-21-963789628-1060504924-4285088085-1001", "EventData.Session": "1"}
{"EventID": "4", "Channel": "Microsoft-Windows-User Profile Service/Operational", "Provider_Name": "Microsoft-Windows-User Profiles Service", "Computer": "DESKTOP-OFJ6N53", "TimeCreated": "2024-09-11 14:49:04.466312+00:00", "RecordID": "977", "Level": "4", "UserID": "S-1-5-21-963789628-1060504924-4285088085-1001", "EventData.Session": "1"}
{"EventID": "1", "Channel": "Microsoft-Windows-User Profile Service/Operational", "Provider_Name": "Microsoft-Windows-User Profiles Service", "Computer": "DESKTOP-OFJ6N53", "TimeCreated": "2024-09-11 14:51:58.258110+00:00", "RecordID": "978", "Level": "4", "UserID": "S-1-5-21-963789628-1060504924-4285088085-1001", "EventData.Session": "1"}
{"EventID": "5", "Channel": "Microsoft-Windows-User Profile Service/Operational", "Provider_Name": "Microsoft-Windows-User Profiles Service", "Computer": "DESKTOP-OFJ6N53", "TimeCreated": "2024-09-11 14:51:58.299932+00:00", "RecordID": "979", "Level": "4", "UserID": "S-1-5-18", "EventData.File": "C:\\Users\\sk.batsiev\\ntuser.dat", "EventData.Key": "S-1-5-21-963789628-1060504924-4285088085-1001"}
{"EventID": "5", "Channel": "Microsoft-Windows-User Profile Service/Operational", "Provider_Name": "Microsoft-Windows-User Profiles Service", "Computer": "DESKTOP-OFJ6N53", "TimeCreated": "2024-09-11 14:51:58.358898+00:00", "RecordID": "980", "Level": "4", "UserID": "S-1-5-18", "EventData.File": "C:\\Users\\sk.batsiev\\AppData\\Local\\Microsoft\\Windows\\\\UsrClass.dat", "EventData.Key": "S-1-5-21-963789628-1060504924-4285088085-1001_Classes"}
{"EventID": "67", "Channel": "Microsoft-Windows-User Profile Service/Operational", "Provider_Name": "Microsoft-Windows-User Profiles Service", "Computer": "DESKTOP-OFJ6N53", "TimeCreated": "2024-09-11 14:51:58.361012+00:00", "RecordID": "981", "Level": "4", "UserID": "S-1-5-18", "EventData.LogonType": "Regular", "EventData.LocalPath": "C:\\Users\\sk.batsiev", "EventData.ProfileType": "Regular"}
{"EventID": "2", "Channel": "Microsoft-Windows-User Profile Service/Operational", "Provider_Name": "Microsoft-Windows-User Profiles Service", "Computer": "DESKTOP-OFJ6N53", "TimeCreated": "2024-09-11 14:51:58.609390+00:00", "RecordID": "982", "Level": "4", "UserID": "S-1-5-21-963789628-1060504924-4285088085-1001", "EventData.Session": "1"}
{"EventID": "3", "Channel": "Microsoft-Windows-User Profile Service/Operational", "Provider_Name": "Microsoft-Windows-User Profiles Service", "Computer": "DESKTOP-OFJ6N53", "TimeCreated": "2024-09-19 17:24:53.513384+00:00", "RecordID": "983", "Level": "4", "UserID": "S-1-5-21-963789628-1060504924-4285088085-1001", "EventData.Session": "1"}
{"EventID": "4", "Channel": "Microsoft-Windows-User Profile Service/Operational", "Provider_Name": "Microsoft-Windows-User Profiles Service", "Computer": "DESKTOP-OFJ6N53", "TimeCreated": "2024-09-19 17:24:53.601664+00:00", "RecordID": "984", "Level": "4", "UserID": "S-1-5-21-963789628-1060504924-4285088085-1001", "EventData.Session": "1"}
{"EventID": "1", "Channel": "Microsoft-Windows-User Profile Service/Operational", "Provider_Name": "Microsoft-Windows-User Profiles Service", "Computer": "DESKTOP-OFJ6N53", "TimeCreated": "2024-09-19 17:25:27.405344+00:00", "RecordID": "985", "Level": "4", "UserID": "S-1-5-21-963789628-1060504924-4285088085-1001", "EventData.Session": "1"}
{"EventID": "5", "Channel": "Microsoft-Windows-User Profile Service/Operational", "Provider_Name": "Microsoft-Windows-User Profiles Service", "Computer": "DESKTOP-OFJ6N53", "TimeCreated": "2024-09-19 17:25:27.459515+00:00", "RecordID": "986", "Level": "4", "UserID": "S-1-5-18", "EventData.File": "C:\\Users\\sk.batsiev\\ntuser.dat", "EventData.Key": "S-1-5-21-963789628-1060504924-4285088085-1001"}
{"EventID": "5", "Channel": "Microsoft-Windows-User Profile Service/Operational", "Provider_Name": "Microsoft-Windows-User Profiles Service", "Computer": "DESKTOP-OFJ6N53", "TimeCreated": "2024-09-19 17:25:27.654997+00:00", "RecordID": "987", "Level": "4", "UserID": "S-1-5-18", "EventData.File": "C:\\Users\\sk.batsiev\\AppData\\Local\\Microsoft\\Windows\\\\UsrClass.dat", "EventData.Key": "S-1-5-21-963789628-1060504924-4285088085-1001_Classes"}
{"EventID": "67", "Channel": "Microsoft-Windows-User Profile Service/Operational", "Provider_Name": "Microsoft-Windows-User Profiles Service", "Computer": "DESKTOP-OFJ6N53", "TimeCreated": "2024-09-19 17:25:27.657181+00:00", "RecordID": "988", "Level": "4", "UserID": "S-1-5-18", "EventData.LogonType": "Regular", "EventData.LocalPath": "C:\\Users\\sk.batsiev", "EventData.ProfileType": "Regular"}
{"EventID": "2", "Channel": "Microsoft-Windows-User Profile Service/Operational", "Provider_Name": "Microsoft-Windows-User Profiles Service", "Computer": "DESKTOP-OFJ6N53", "TimeCreated": "2024-09-19 17:25:28.430199+00:00", "RecordID": "989", "Level": "4", "UserID": "S-1-5-21-963789628-1060504924-4285088085-1001", "EventData.Session": "1"}
{"EventID": "3", "Channel": "Microsoft-Windows-User Profile Service/Operational", "Provider_Name": "Microsoft-Windows-User Profiles Service", "Computer": "DESKTOP-OFJ6N53", "TimeCreated": "2024-09-24 10:57:06.882292+00:00", "RecordID": "990", "Level": "4", "UserID": "S-1-5-21-963789628-1060504924-4285088085-1001", "EventData.Session": "1"}
{"EventID": "4", "Channel": "Microsoft-Windows-User Profile Service/Operational", "Provider_Name": "Microsoft-Windows-User Profiles Service", "Computer": "DESKTOP-OFJ6N53", "TimeCreated": "2024-09-24 10:57:06.970915+00:00", "RecordID": "991", "Level": "4", "UserID": "S-1-5-21-963789628-1060504924-4285088085-1001", "EventData.Session": "1"}
{"EventID": "1", "Channel": "Microsoft-Windows-User Profile Service/Operational", "Provider_Name": "Microsoft-Windows-User Profiles Service", "Computer": "DESKTOP-OFJ6N53", "TimeCreated": "2024-09-24 10:57:33.235163+00:00", "RecordID": "992", "Level": "4", "UserID": "S-1-5-21-963789628-1060504924-4285088085-1001", "EventData.Session": "1"}
{"EventID": "5", "Channel": "Microsoft-Windows-User Profile Service/Operational", "Provider_Name": "Microsoft-Windows-User Profiles Service", "Computer": "DESKTOP-OFJ6N53", "TimeCreated": "2024-09-24 10:57:33.281176+00:00", "RecordID": "993", "Level": "4", "UserID": "S-1-5-18", "EventData.File": "C:\\Users\\sk.batsiev\\ntuser.dat", "EventData.Key": "S-1-5-21-963789628-1060504924-4285088085-1001"}
{"EventID": "5", "Channel": "Microsoft-Windows-User Profile Service/Operational", "Provider_Name": "Microsoft-Windows-User Profiles Service", "Computer": "DESKTOP-OFJ6N53", "TimeCreated": "2024-09-24 10:57:33.339602+00:00", "RecordID": "994", "Level": "4", "UserID": "S-1-5-18", "EventData.File": "C:\\Users\\sk.batsiev\\AppData\\Local\\Microsoft\\Windows\\\\UsrClass.dat", "EventData.Key": "S-1-5-21-963789628-1060504924-4285088085-1001_Classes"}
{"EventID": "67", "Channel": "Microsoft-Windows-User Profile Service/Operational", "Provider_Name": "Microsoft-Windows-User Profiles Service", "Computer": "DESKTOP-OFJ6N53", "TimeCreated": "2024-09-24 10:57:33.341394+00:00", "RecordID": "995", "Level": "4", "UserID": "S-1-5-18", "EventData.LogonType": "Regular", "EventData.LocalPath": "C:\\Users\\sk.batsiev", "EventData.ProfileType": "Regular"}
{"EventID": "2", "Channel": "Microsoft-Windows-User Profile Service/Operational", "Provider_Name": "Microsoft-Windows-User Profiles Service", "Computer": "DESKTOP-OFJ6N53", "TimeCreated": "2024-09-24 10:57:34.082407+00:00", "RecordID": "996", "Level": "4", "UserID": "S-1-5-21-963789628-1060504924-4285088085-1001", "EventData.Session": "1"}
{"EventID": "3", "Channel": "Microsoft-Windows-User Profile Service/Operational", "Provider_Name": "Microsoft-Windows-User Profiles Service", "Computer": "DESKTOP-OFJ6N53", "TimeCreated": "2024-09-25 13:38:30.743614+00:00", "RecordID": "997", "Level": "4", "UserID": "S-1-5-21-963789628-1060504924-4285088085-1001", "EventData.Session": "1"}
{"EventID": "4", "Channel": "Microsoft-Windows-User Profile Service/Operational", "Provider_Name": "Microsoft-Windows-User Profiles Service", "Computer": "DESKTOP-OFJ6N53", "TimeCreated": "2024-09-25 13:38:30.827238+00:00", "RecordID": "998", "Level": "4", "UserID": "S-1-5-21-963789628-1060504924-4285088085-1001", "EventData.Session": "1"}
{"EventID": "1", "Channel": "Microsoft-Windows-User Profile Service/Operational", "Provider_Name": "Microsoft-Windows-User Profiles Service", "Computer": "DESKTOP-OFJ6N53", "TimeCreated": "2024-09-25 13:38:58.590866+00:00", "RecordID": "999", "Level": "4", "UserID": "S-1-5-21-963789628-1060504924-4285088085-1001", "EventData.Session": "1"}
{"EventID": "5", "Channel": "Microsoft-Windows-User Profile Service/Operational", "Provider_Name": "Microsoft-Windows-User Profiles Service", "Computer": "DESKTOP-OFJ6N53", "TimeCreated": "2024-09-25 13:38:58.636072+00:00", "RecordID": "1000", "Level": "4", "UserID": "S-1-5-18", "EventData.File": "C:\\Users\\sk.batsiev\\ntuser.dat", "EventData.Key": "S-1-5-21-963789628-1060504924-4285088085-1001"}
{"EventID": "5", "Channel": "Microsoft-Windows-User Profile Service/Operational", "Provider_Name": "Microsoft-Windows-User Profiles Service", "Computer": "DESKTOP-OFJ6N53", "TimeCreated": "2024-09-25 13:38:58.691633+00:00", "RecordID": "1001", "Level": "4", "UserID": "S-1-5-18", "EventData.File": "C:\\Users\\sk.batsiev\\AppData\\Local\\Microsoft\\Windows\\\\UsrClass.dat", "EventData.Key": "S-1-5-21-963789628-1060504924-4285088085-1001_Classes"}
{"EventID": "67", "Channel": "Microsoft-Windows-User Profile Service/Operational", "Provider_Name": "Microsoft-Windows-User Profiles Service", "Computer": "DESKTOP-OFJ6N53", "TimeCreated": "2024-09-25 13:38:58.693745+00:00", "RecordID": "1002", "Level": "4", "UserID": "S-1-5-18", "EventData.LogonType": "Regular", "EventData.LocalPath": "C:\\Users\\sk.batsiev", "EventData.ProfileType": "Regular"}
{"EventID": "2", "Channel": "Microsoft-Windows-User Profile Service/Operational", "Provider_Name": "Microsoft-Windows-User Profiles Service", "Computer": "DESKTOP-OFJ6N53", "TimeCreated": "2024-09-25 13:38:59.373348+00:00", "RecordID": "1003", "Level": "4", "UserID": "S-1-5-21-963789628-1060504924-4285088085-1001", "EventData.Session": "1"}
{"EventID": "3", "Channel": "Microsoft-Windows-User Profile Service/Operational", "Provider_Name": "Microsoft-Windows-User Profiles Service", "Computer": "DESKTOP-OFJ6N53", "TimeCreated": "2024-09-28 12:28:40.274622+00:00", "RecordID": "1004", "Level": "4", "UserID": "S-1-5-21-963789628-1060504924-4285088085-1001", "EventData.Session": "1"}
{"EventID": "4", "Channel": "Microsoft-Windows-User Profile Service/Operational", "Provider_Name": "Microsoft-Windows-User Profiles Service", "Computer": "DESKTOP-OFJ6N53", "TimeCreated": "2024-09-28 12:28:40.334612+00:00", "RecordID": "1005", "Level": "4", "UserID": "S-1-5-21-963789628-1060504924-4285088085-1001", "EventData.Session": "1"}
{"EventID": "1", "Channel": "Microsoft-Windows-User Profile Service/Operational", "Provider_Name": "Microsoft-Windows-User Profiles Service", "Computer": "DESKTOP-OFJ6N53", "TimeCreated": "2024-09-28 12:29:08.498152+00:00", "RecordID": "1006", "Level": "4", "UserID": "S-1-5-21-963789628-1060504924-4285088085-1001", "EventData.Session": "1"}
{"EventID": "5", "Channel": "Microsoft-Windows-User Profile Service/Operational", "Provider_Name": "Microsoft-Windows-User Profiles Service", "Computer": "DESKTOP-OFJ6N53", "TimeCreated": "2024-09-28 12:29:08.544765+00:00", "RecordID": "1007", "Level": "4", "UserID": "S-1-5-18", "EventData.File": "C:\\Users\\sk.batsiev\\ntuser.dat", "EventData.Key": "S-1-5-21-963789628-1060504924-4285088085-1001"}
{"EventID": "5", "Channel": "Microsoft-Windows-User Profile Service/Operational", "Provider_Name": "Microsoft-Windows-User Profiles Service", "Computer": "DESKTOP-OFJ6N53", "TimeCreated": "2024-09-28 12:29:08.618793+00:00", "RecordID": "1008", "Level": "4", "UserID": "S-1-5-18", "EventData.File": "C:\\Users\\sk.batsiev\\AppData\\Local\\Microsoft\\Windows\\\\UsrClass.dat", "EventData.Key": "S-1-5-21-963789628-1060504924-4285088085-1001_Classes"}
{"EventID": "67", "Channel": "Microsoft-Windows-User Profile Service/Operational", "Provider_Name": "Microsoft-Windows-User Profiles Service", "Computer": "DESKTOP-OFJ6N53", "TimeCreated": "2024-09-28 12:29:08.621403+00:00", "RecordID": "1009", "Level": "4", "UserID": "S-1-5-18", "EventData.LogonType": "Regular", "EventData.LocalPath": "C:\\Users\\sk.batsiev", "EventData.ProfileType": "Regular"}
{"EventID": "2", "Channel": "Microsoft-Windows-User Profile Service/Operational", "Provider_Name": "Microsoft-Windows-User Profiles Service", "Computer": "DESKTOP-OFJ6N53", "TimeCreated": "2024-09-28 12:29:09.266842+00:00", "RecordID": "1010", "Level": "4", "UserID": "S-1-5-21-963789628-1060504924-4285088085-1001", "EventData.Session": "1"}
{"EventID": "1", "Channel": "Microsoft-Windows-User Profile Service/Operational", "Provider_Name": "Microsoft-Windows-User Profiles Service", "Computer": "DESKTOP-OFJ6N53", "TimeCreated": "2024-10-04 11:18:34.192154+00:00", "RecordID": "1011", "Level": "4", "UserID": "S-1-5-21-963789628-1060504924-4285088085-1001", "EventData.Session": "2"}
{"EventID": "5", "Channel": "Microsoft-Windows-User Profile Service/Operational", "Provider_Name": "Microsoft-Windows-User Profiles Service", "Computer": "DESKTOP-OFJ6N53", "TimeCreated": "2024-10-04 11:18:34.267899+00:00", "RecordID": "1012", "Level": "4", "UserID": "S-1-5-18", "EventData.File": "C:\\Users\\sk.batsiev\\ntuser.dat", "EventData.Key": "S-1-5-21-963789628-1060504924-4285088085-1001"}
{"EventID": "5", "Channel": "Microsoft-Windows-User Profile Service/Operational", "Provider_Name": "Microsoft-Windows-User Profiles Service", "Computer": "DESKTOP-OFJ6N53", "TimeCreated": "2024-10-04 11:18:34.353050+00:00", "RecordID": "1013", "Level": "4", "UserID": "S-1-5-18", "EventData.File": "C:\\Users\\sk.batsiev\\AppData\\Local\\Microsoft\\Windows\\\\UsrClass.dat", "EventData.Key": "S-1-5-21-963789628-1060504924-4285088085-1001_Classes"}
{"EventID": "67", "Channel": "Microsoft-Windows-User Profile Service/Operational", "Provider_Name": "Microsoft-Windows-User Profiles Service", "Computer": "DESKTOP-OFJ6N53", "TimeCreated": "2024-10-04 11:18:34.355242+00:00", "RecordID": "1014", "Level": "4", "UserID": "S-1-5-18", "EventData.LogonType": "Regular", "EventData.LocalPath": "C:\\Users\\sk.batsiev", "EventData.ProfileType": "Regular"}
{"EventID": "2", "Channel": "Microsoft-Windows-User Profile Service/Operational", "Provider_Name": "Microsoft-Windows-User Profiles Service", "Computer": "DESKTOP-OFJ6N53", "TimeCreated": "2024-10-04 11:18:34.831186+00:00", "RecordID": "1015", "Level": "4", "UserID": "S-1-5-21-963789628-1060504924-4285088085-1001", "EventData.Session": "2"}
{"EventID": "3", "Channel": "Microsoft-Windows-User Profile Service/Operational", "Provider_Name": "Microsoft-Windows-User Profiles Service", "Computer": "DESKTOP-OFJ6N53", "TimeCreated": "2024-10-04 22:02:25.961535+00:00", "RecordID": "1016", "Level": "4", "UserID": "S-1-5-21-963789628-1060504924-4285088085-1001", "EventData.Session": "2"}
{"EventID": "4", "Channel": "Microsoft-Windows-User Profile Service/Operational", "Provider_Name": "Microsoft-Windows-User Profiles Service", "Computer": "DESKTOP-OFJ6N53", "TimeCreated": "2024-10-04 22:02:26.073071+00:00", "RecordID": "1017", "Level": "4", "UserID": "S-1-5-21-963789628-1060504924-4285088085-1001", "EventData.Session": "2"}
{"EventID": "1", "Channel": "Microsoft-Windows-User Profile Service/Operational", "Provider_Name": "Microsoft-Windows-User Profiles Service", "Computer": "DESKTOP-OFJ6N53", "TimeCreated": "2024-10-04 22:03:40.628012+00:00", "RecordID": "1018", "Level": "4", "UserID": "S-1-5-21-963789628-1060504924-4285088085-1001", "EventData.Session": "2"}
{"EventID": "5", "Channel": "Microsoft-Windows-User Profile Service/Operational", "Provider_Name": "Microsoft-Windows-User Profiles Service", "Computer": "DESKTOP-OFJ6N53", "TimeCreated": "2024-10-04 22:03:40.682581+00:00", "RecordID": "1019", "Level": "4", "UserID": "S-1-5-18", "EventData.File": "C:\\Users\\sk.batsiev\\ntuser.dat", "EventData.Key": "S-1-5-21-963789628-1060504924-4285088085-1001"}
{"EventID": "5", "Channel": "Microsoft-Windows-User Profile Service/Operational", "Provider_Name": "Microsoft-Windows-User Profiles Service", "Computer": "DESKTOP-OFJ6N53", "TimeCreated": "2024-10-04 22:03:40.739738+00:00", "RecordID": "1020", "Level": "4", "UserID": "S-1-5-18", "EventData.File": "C:\\Users\\sk.batsiev\\AppData\\Local\\Microsoft\\Windows\\\\UsrClass.dat", "EventData.Key": "S-1-5-21-963789628-1060504924-4285088085-1001_Classes"}
{"EventID": "67", "Channel": "Microsoft-Windows-User Profile Service/Operational", "Provider_Name": "Microsoft-Windows-User Profiles Service", "Computer": "DESKTOP-OFJ6N53", "TimeCreated": "2024-10-04 22:03:40.741640+00:00", "RecordID": "1021", "Level": "4", "UserID": "S-1-5-18", "EventData.LogonType": "Regular", "EventData.LocalPath": "C:\\Users\\sk.batsiev", "EventData.ProfileType": "Regular"}
{"EventID": "2", "Channel": "Microsoft-Windows-User Profile Service/Operational", "Provider_Name": "Microsoft-Windows-User Profiles Service", "Computer": "DESKTOP-OFJ6N53", "TimeCreated": "2024-10-04 22:03:41.289076+00:00", "RecordID": "1022", "Level": "4", "UserID": "S-1-5-21-963789628-1060504924-4285088085-1001", "EventData.Session": "2"}
{"EventID": "3", "Channel": "Microsoft-Windows-User Profile Service/Operational", "Provider_Name": "Microsoft-Windows-User Profiles Service", "Computer": "DESKTOP-OFJ6N53", "TimeCreated": "2024-10-08 20:24:04.583693+00:00", "RecordID": "1023", "Level": "4", "UserID": "S-1-5-21-963789628-1060504924-4285088085-1001", "EventData.Session": "2"}
{"EventID": "4", "Channel": "Microsoft-Windows-User Profile Service/Operational", "Provider_Name": "Microsoft-Windows-User Profiles Service", "Computer": "DESKTOP-OFJ6N53", "TimeCreated": "2024-10-08 20:24:04.689049+00:00", "RecordID": "1024", "Level": "4", "UserID": "S-1-5-21-963789628-1060504924-4285088085-1001", "EventData.Session": "2"}
{"EventID": "1", "Channel": "Microsoft-Windows-User Profile Service/Operational", "Provider_Name": "Microsoft-Windows-User Profiles Service", "Computer": "DESKTOP-OFJ6N53", "TimeCreated": "2024-10-16 22:41:57.530310+00:00", "RecordID": "1025", "Level": "4", "UserID": "S-1-5-21-963789628-1060504924-4285088085-1001", "EventData.Session": "2"}
{"EventID": "5", "Channel": "Microsoft-Windows-User Profile Service/Operational", "Provider_Name": "Microsoft-Windows-User Profiles Service", "Computer": "DESKTOP-OFJ6N53", "TimeCreated": "2024-10-16 22:41:57.568871+00:00", "RecordID": "1026", "Level": "4", "UserID": "S-1-5-18", "EventData.File": "C:\\Users\\sk.batsiev\\ntuser.dat", "EventData.Key": "S-1-5-21-963789628-1060504924-4285088085-1001"}
{"EventID": "5", "Channel": "Microsoft-Windows-User Profile Service/Operational", "Provider_Name": "Microsoft-Windows-User Profiles Service", "Computer": "DESKTOP-OFJ6N53", "TimeCreated": "2024-10-16 22:41:57.757057+00:00", "RecordID": "1027", "Level": "4", "UserID": "S-1-5-18", "EventData.File": "C:\\Users\\sk.batsiev\\AppData\\Local\\Microsoft\\Windows\\\\UsrClass.dat", "EventData.Key": "S-1-5-21-963789628-1060504924-4285088085-1001_Classes"}
{"EventID": "67", "Channel": "Microsoft-Windows-User Profile Service/Operational", "Provider_Name": "Microsoft-Windows-User Profiles Service", "Computer": "DESKTOP-OFJ6N53", "TimeCreated": "2024-10-16 22:41:57.758936+00:00", "RecordID": "1028", "Level": "4", "UserID": "S-1-5-18", "EventData.LogonType": "Regular", "EventData.LocalPath": "C:\\Users\\sk.batsiev", "EventData.ProfileType": "Regular"}
{"EventID": "2", "Channel": "Microsoft-Windows-User Profile Service/Operational", "Provider_Name": "Microsoft-Windows-User Profiles Service", "Computer": "DESKTOP-OFJ6N53", "TimeCreated": "2024-10-16 22:41:58.177111+00:00", "RecordID": "1029", "Level": "4", "UserID": "S-1-5-21-963789628-1060504924-4285088085-1001", "EventData.Session": "2"}
{"EventID": "3", "Channel": "Microsoft-Windows-User Profile Service/Operational", "Provider_Name": "Microsoft-Windows-User Profiles Service", "Computer": "DESKTOP-OFJ6N53", "TimeCreated": "2024-11-13 14:43:06.813423+00:00", "RecordID": "1030", "Level": "4", "UserID": "S-1-5-21-963789628-1060504924-4285088085-1001", "EventData.Session": "2"}
{"EventID": "4", "Channel": "Microsoft-Windows-User Profile Service/Operational", "Provider_Name": "Microsoft-Windows-User Profiles Service", "Computer": "DESKTOP-OFJ6N53", "TimeCreated": "2024-11-13 14:43:07.566763+00:00", "RecordID": "1031", "Level": "4", "UserID": "S-1-5-21-963789628-1060504924-4285088085-1001", "EventData.Session": "2"}
{"EventID": "1", "Channel": "Microsoft-Windows-User Profile Service/Operational", "Provider_Name": "Microsoft-Windows-User Profiles Service", "Computer": "DESKTOP-OFJ6N53", "TimeCreated": "2024-11-18 12:12:22.488165+00:00", "RecordID": "1032", "Level": "4", "UserID": "S-1-5-21-963789628-1060504924-4285088085-1001", "EventData.Session": "1"}
{"EventID": "5", "Channel": "Microsoft-Windows-User Profile Service/Operational", "Provider_Name": "Microsoft-Windows-User Profiles Service", "Computer": "DESKTOP-OFJ6N53", "TimeCreated": "2024-11-18 12:12:22.521542+00:00", "RecordID": "1033", "Level": "4", "UserID": "S-1-5-18", "EventData.File": "C:\\Users\\sk.batsiev\\ntuser.dat", "EventData.Key": "S-1-5-21-963789628-1060504924-4285088085-1001"}
{"EventID": "5", "Channel": "Microsoft-Windows-User Profile Service/Operational", "Provider_Name": "Microsoft-Windows-User Profiles Service", "Computer": "DESKTOP-OFJ6N53", "TimeCreated": "2024-11-18 12:12:22.573257+00:00", "RecordID": "1034", "Level": "4", "UserID": "S-1-5-18", "EventData.File": "C:\\Users\\sk.batsiev\\AppData\\Local\\Microsoft\\Windows\\\\UsrClass.dat", "EventData.Key": "S-1-5-21-963789628-1060504924-4285088085-1001_Classes"}
{"EventID": "67", "Channel": "Microsoft-Windows-User Profile Service/Operational", "Provider_Name": "Microsoft-Windows-User Profiles Service", "Computer": "DESKTOP-OFJ6N53", "TimeCreated": "2024-11-18 12:12:22.575871+00:00", "RecordID": "1035", "Level": "4", "UserID": "S-1-5-18", "EventData.LogonType": "Regular", "EventData.LocalPath": "C:\\Users\\sk.batsiev", "EventData.ProfileType": "Regular"}
{"EventID": "2", "Channel": "Microsoft-Windows-User Profile Service/Operational", "Provider_Name": "Microsoft-Windows-User Profiles Service", "Computer": "DESKTOP-OFJ6N53", "TimeCreated": "2024-11-18 12:12:23.337481+00:00", "RecordID": "1036", "Level": "4", "UserID": "S-1-5-21-963789628-1060504924-4285088085-1001", "EventData.Session": "1"}
{"EventID": "3", "Channel": "Microsoft-Windows-User Profile Service/Operational", "Provider_Name": "Microsoft-Windows-User Profiles Service", "Computer": "DESKTOP-OFJ6N53", "TimeCreated": "2024-12-03 10:23:27.371977+00:00", "RecordID": "1037", "Level": "4", "UserID": "S-1-5-21-963789628-1060504924-4285088085-1001", "EventData.Session": "1"}
{"EventID": "4", "Channel": "Microsoft-Windows-User Profile Service/Operational", "Provider_Name": "Microsoft-Windows-User Profiles Service", "Computer": "DESKTOP-OFJ6N53", "TimeCreated": "2024-12-03 10:23:27.566967+00:00", "RecordID": "1038", "Level": "4", "UserID": "S-1-5-21-963789628-1060504924-4285088085-1001", "EventData.Session": "1"}
{"EventID": "1", "Channel": "Microsoft-Windows-User Profile Service/Operational", "Provider_Name": "Microsoft-Windows-User Profiles Service", "Computer": "DESKTOP-OFJ6N53", "TimeCreated": "2024-12-03 10:23:59.247093+00:00", "RecordID": "1039", "Level": "4", "UserID": "S-1-5-21-963789628-1060504924-4285088085-1001", "EventData.Session": "1"}
{"EventID": "5", "Channel": "Microsoft-Windows-User Profile Service/Operational", "Provider_Name": "Microsoft-Windows-User Profiles Service", "Computer": "DESKTOP-OFJ6N53", "TimeCreated": "2024-12-03 10:23:59.325403+00:00", "RecordID": "1040", "Level": "4", "UserID": "S-1-5-18", "EventData.File": "C:\\Users\\sk.batsiev\\ntuser.dat", "EventData.Key": "S-1-5-21-963789628-1060504924-4285088085-1001"}
{"EventID": "5", "Channel": "Microsoft-Windows-User Profile Service/Operational", "Provider_Name": "Microsoft-Windows-User Profiles Service", "Computer": "DESKTOP-OFJ6N53", "TimeCreated": "2024-12-03 10:23:59.537460+00:00", "RecordID": "1041", "Level": "4", "UserID": "S-1-5-18", "EventData.File": "C:\\Users\\sk.batsiev\\AppData\\Local\\Microsoft\\Windows\\\\UsrClass.dat", "EventData.Key": "S-1-5-21-963789628-1060504924-4285088085-1001_Classes"}
{"EventID": "67", "Channel": "Microsoft-Windows-User Profile Service/Operational", "Provider_Name": "Microsoft-Windows-User Profiles Service", "Computer": "DESKTOP-OFJ6N53", "TimeCreated": "2024-12-03 10:23:59.539249+00:00", "RecordID": "1042", "Level": "4", "UserID": "S-1-5-18", "EventData.LogonType": "Regular", "EventData.LocalPath": "C:\\Users\\sk.batsiev", "EventData.ProfileType": "Regular"}
{"EventID": "2", "Channel": "Microsoft-Windows-User Profile Service/Operational", "Provider_Name": "Microsoft-Windows-User Profiles Service", "Computer": "DESKTOP-OFJ6N53", "TimeCreated": "2024-12-03 10:24:00.622070+00:00", "RecordID": "1043", "Level": "4", "UserID": "S-1-5-21-963789628-1060504924-4285088085-1001", "EventData.Session": "1"}
{"EventID": "3", "Channel": "Microsoft-Windows-User Profile Service/Operational", "Provider_Name": "Microsoft-Windows-User Profiles Service", "Computer": "DESKTOP-OFJ6N53", "TimeCreated": "2024-12-08 16:51:53.942905+00:00", "RecordID": "1044", "Level": "4", "UserID": "S-1-5-21-963789628-1060504924-4285088085-1001", "EventData.Session": "1"}
{"EventID": "4", "Channel": "Microsoft-Windows-User Profile Service/Operational", "Provider_Name": "Microsoft-Windows-User Profiles Service", "Computer": "DESKTOP-OFJ6N53", "TimeCreated": "2024-12-08 16:51:54.007454+00:00", "RecordID": "1045", "Level": "4", "UserID": "S-1-5-21-963789628-1060504924-4285088085-1001", "EventData.Session": "1"}
{"EventID": "1", "Channel": "Microsoft-Windows-User Profile Service/Operational", "Provider_Name": "Microsoft-Windows-User Profiles Service", "Computer": "DESKTOP-OFJ6N53", "TimeCreated": "2024-12-08 16:52:22.895809+00:00", "RecordID": "1046", "Level": "4", "UserID": "S-1-5-21-963789628-1060504924-4285088085-1001", "EventData.Session": "1"}
{"EventID": "5", "Channel": "Microsoft-Windows-User Profile Service/Operational", "Provider_Name": "Microsoft-Windows-User Profiles Service", "Computer": "DESKTOP-OFJ6N53", "TimeCreated": "2024-12-08 16:52:22.948425+00:00", "RecordID": "1047", "Level": "4", "UserID": "S-1-5-18", "EventData.File": "C:\\Users\\sk.batsiev\\ntuser.dat", "EventData.Key": "S-1-5-21-963789628-1060504924-4285088085-1001"}
{"EventID": "5", "Channel": "Microsoft-Windows-User Profile Service/Operational", "Provider_Name": "Microsoft-Windows-User Profiles Service", "Computer": "DESKTOP-OFJ6N53", "TimeCreated": "2024-12-08 16:52:23.001978+00:00", "RecordID": "1048", "Level": "4", "UserID": "S-1-5-18", "EventData.File": "C:\\Users\\sk.batsiev\\AppData\\Local\\Microsoft\\Windows\\\\UsrClass.dat", "EventData.Key": "S-1-5-21-963789628-1060504924-4285088085-1001_Classes"}
{"EventID": "67", "Channel": "Microsoft-Windows-User Profile Service/Operational", "Provider_Name": "Microsoft-Windows-User Profiles Service", "Computer": "DESKTOP-OFJ6N53", "TimeCreated": "2024-12-08 16:52:23.004004+00:00", "RecordID": "1049", "Level": "4", "UserID": "S-1-5-18", "EventData.LogonType": "Regular", "EventData.LocalPath": "C:\\Users\\sk.batsiev", "EventData.ProfileType": "Regular"}
{"EventID": "2", "Channel": "Microsoft-Windows-User Profile Service/Operational", "Provider_Name": "Microsoft-Windows-User Profiles Service", "Computer": "DESKTOP-OFJ6N53", "TimeCreated": "2024-12-08 16:52:23.973869+00:00", "RecordID": "1050", "Level": "4", "UserID": "S-1-5-21-963789628-1060504924-4285088085-1001", "EventData.Session": "1"}
{"EventID": "3", "Channel": "Microsoft-Windows-User Profile Service/Operational", "Provider_Name": "Microsoft-Windows-User Profiles Service", "Computer": "DESKTOP-OFJ6N53", "TimeCreated": "2024-12-11 15:05:04.308472+00:00", "RecordID": "1051", "Level": "4", "UserID": "S-1-5-21-963789628-1060504924-4285088085-1001", "EventData.Session": "1"}
{"EventID": "4", "Channel": "Microsoft-Windows-User Profile Service/Operational", "Provider_Name": "Microsoft-Windows-User Profiles Service", "Computer": "DESKTOP-OFJ6N53", "TimeCreated": "2024-12-11 15:05:04.451513+00:00", "RecordID": "1052", "Level": "4", "UserID": "S-1-5-21-963789628-1060504924-4285088085-1001", "EventData.Session": "1"}
{"EventID": "1", "Channel": "Microsoft-Windows-User Profile Service/Operational", "Provider_Name": "Microsoft-Windows-User Profiles Service", "Computer": "DESKTOP-OFJ6N53", "TimeCreated": "2024-12-11 15:07:05.973202+00:00", "RecordID": "1053", "Level": "4", "UserID": "S-1-5-21-963789628-1060504924-4285088085-1001", "EventData.Session": "1"}
{"EventID": "5", "Channel": "Microsoft-Windows-User Profile Service/Operational", "Provider_Name": "Microsoft-Windows-User Profiles Service", "Computer": "DESKTOP-OFJ6N53", "TimeCreated": "2024-12-11 15:07:06.024162+00:00", "RecordID": "1054", "Level": "4", "UserID": "S-1-5-18", "EventData.File": "C:\\Users\\sk.batsiev\\ntuser.dat", "EventData.Key": "S-1-5-21-963789628-1060504924-4285088085-1001"}
{"EventID": "5", "Channel": "Microsoft-Windows-User Profile Service/Operational", "Provider_Name": "Microsoft-Windows-User Profiles Service", "Computer": "DESKTOP-OFJ6N53", "TimeCreated": "2024-12-11 15:07:06.096972+00:00", "RecordID": "1055", "Level": "4", "UserID": "S-1-5-18", "EventData.File": "C:\\Users\\sk.batsiev\\AppData\\Local\\Microsoft\\Windows\\\\UsrClass.dat", "EventData.Key": "S-1-5-21-963789628-1060504924-4285088085-1001_Classes"}
{"EventID": "67", "Channel": "Microsoft-Windows-User Profile Service/Operational", "Provider_Name": "Microsoft-Windows-User Profiles Service", "Computer": "DESKTOP-OFJ6N53", "TimeCreated": "2024-12-11 15:07:06.099174+00:00", "RecordID": "1056", "Level": "4", "UserID": "S-1-5-18", "EventData.LogonType": "Regular", "EventData.LocalPath": "C:\\Users\\sk.batsiev", "EventData.ProfileType": "Regular"}
{"EventID": "2", "Channel": "Microsoft-Windows-User Profile Service/Operational", "Provider_Name": "Microsoft-Windows-User Profiles Service", "Computer": "DESKTOP-OFJ6N53", "TimeCreated": "2024-12-11 15:07:06.535292+00:00", "RecordID": "1057", "Level": "4", "UserID": "S-1-5-21-963789628-1060504924-4285088085-1001", "EventData.Session": "1"}
{"EventID": "3", "Channel": "Microsoft-Windows-User Profile Service/Operational", "Provider_Name": "Microsoft-Windows-User Profiles Service", "Computer": "DESKTOP-OFJ6N53", "TimeCreated": "2024-12-23 14:09:24.118813+00:00", "RecordID": "1058", "Level": "4", "UserID": "S-1-5-21-963789628-1060504924-4285088085-1001", "EventData.Session": "1"}
{"EventID": "4", "Channel": "Microsoft-Windows-User Profile Service/Operational", "Provider_Name": "Microsoft-Windows-User Profiles Service", "Computer": "DESKTOP-OFJ6N53", "TimeCreated": "2024-12-23 14:09:24.201385+00:00", "RecordID": "1059", "Level": "4", "UserID": "S-1-5-21-963789628-1060504924-4285088085-1001", "EventData.Session": "1"}
{"EventID": "1", "Channel": "Microsoft-Windows-User Profile Service/Operational", "Provider_Name": "Microsoft-Windows-User Profiles Service", "Computer": "DESKTOP-OFJ6N53", "TimeCreated": "2024-12-23 14:10:03.029692+00:00", "RecordID": "1060", "Level": "4", "UserID": "S-1-5-21-963789628-1060504924-4285088085-1001", "EventData.Session": "1"}
{"EventID": "5", "Channel": "Microsoft-Windows-User Profile Service/Operational", "Provider_Name": "Microsoft-Windows-User Profiles Service", "Computer": "DESKTOP-OFJ6N53", "TimeCreated": "2024-12-23 14:10:03.103626+00:00", "RecordID": "1061", "Level": "4", "UserID": "S-1-5-18", "EventData.File": "C:\\Users\\sk.batsiev\\ntuser.dat", "EventData.Key": "S-1-5-21-963789628-1060504924-4285088085-1001"}
{"EventID": "5", "Channel": "Microsoft-Windows-User Profile Service/Operational", "Provider_Name": "Microsoft-Windows-User Profiles Service", "Computer": "DESKTOP-OFJ6N53", "TimeCreated": "2024-12-23 14:10:03.319109+00:00", "RecordID": "1062", "Level": "4", "UserID": "S-1-5-18", "EventData.File": "C:\\Users\\sk.batsiev\\AppData\\Local\\Microsoft\\Windows\\\\UsrClass.dat", "EventData.Key": "S-1-5-21-963789628-1060504924-4285088085-1001_Classes"}
{"EventID": "67", "Channel": "Microsoft-Windows-User Profile Service/Operational", "Provider_Name": "Microsoft-Windows-User Profiles Service", "Computer": "DESKTOP-OFJ6N53", "TimeCreated": "2024-12-23 14:10:03.321144+00:00", "RecordID": "1063", "Level": "4", "UserID": "S-1-5-18", "EventData.LogonType": "Regular", "EventData.LocalPath": "C:\\Users\\sk.batsiev", "EventData.ProfileType": "Regular"}
{"EventID": "2", "Channel": "Microsoft-Windows-User Profile Service/Operational", "Provider_Name": "Microsoft-Windows-User Profiles Service", "Computer": "DESKTOP-OFJ6N53", "TimeCreated": "2024-12-23 14:10:05.498108+00:00", "RecordID": "1064", "Level": "4", "UserID": "S-1-5-21-963789628-1060504924-4285088085-1001", "EventData.Session": "1"}
{"EventID": "3", "Channel": "Microsoft-Windows-User Profile Service/Operational", "Provider_Name": "Microsoft-Windows-User Profiles Service", "Computer": "DESKTOP-OFJ6N53", "TimeCreated": "2025-01-09 14:54:47.847843+00:00", "RecordID": "1065", "Level": "4", "UserID": "S-1-5-21-963789628-1060504924-4285088085-1001", "EventData.Session": "1"}
{"EventID": "4", "Channel": "Microsoft-Windows-User Profile Service/Operational", "Provider_Name": "Microsoft-Windows-User Profiles Service", "Computer": "DESKTOP-OFJ6N53", "TimeCreated": "2025-01-09 14:54:47.945749+00:00", "RecordID": "1066", "Level": "4", "UserID": "S-1-5-21-963789628-1060504924-4285088085-1001", "EventData.Session": "1"}
{"EventID": "1", "Channel": "Microsoft-Windows-User Profile Service/Operational", "Provider_Name": "Microsoft-Windows-User Profiles Service", "Computer": "DESKTOP-OFJ6N53", "TimeCreated": "2025-01-09 14:55:18.774090+00:00", "RecordID": "1067", "Level": "4", "UserID": "S-1-5-21-963789628-1060504924-4285088085-1001", "EventData.Session": "1"}
{"EventID": "5", "Channel": "Microsoft-Windows-User Profile Service/Operational", "Provider_Name": "Microsoft-Windows-User Profiles Service", "Computer": "DESKTOP-OFJ6N53", "TimeCreated": "2025-01-09 14:55:18.824038+00:00", "RecordID": "1068", "Level": "4", "UserID": "S-1-5-18", "EventData.File": "C:\\Users\\sk.batsiev\\ntuser.dat", "EventData.Key": "S-1-5-21-963789628-1060504924-4285088085-1001"}
{"EventID": "5", "Channel": "Microsoft-Windows-User Profile Service/Operational", "Provider_Name": "Microsoft-Windows-User Profiles Service", "Computer": "DESKTOP-OFJ6N53", "TimeCreated": "2025-01-09 14:55:18.910051+00:00", "RecordID": "1069", "Level": "4", "UserID": "S-1-5-18", "EventData.File": "C:\\Users\\sk.batsiev\\AppData\\Local\\Microsoft\\Windows\\\\UsrClass.dat", "EventData.Key": "S-1-5-21-963789628-1060504924-4285088085-1001_Classes"}
{"EventID": "67", "Channel": "Microsoft-Windows-User Profile Service/Operational", "Provider_Name": "Microsoft-Windows-User Profiles Service", "Computer": "DESKTOP-OFJ6N53", "TimeCreated": "2025-01-09 14:55:18.911917+00:00", "RecordID": "1070", "Level": "4", "UserID": "S-1-5-18", "EventData.LogonType": "Regular", "EventData.LocalPath": "C:\\Users\\sk.batsiev", "EventData.ProfileType": "Regular"}
