{"EventID": "1225", "Channel": "Microsoft-Windows-PushNotification-Platform/Operational", "Provider_Name": "Microsoft-Windows-PushNotifications-Platform", "Computer": "DESKTOP-OFJ6N53", "TimeCreated": "2025-08-26 07:15:29.208300+00:00", "RecordID": "3705285", "Level": "5", "UserID": "S-1-5-18", "EventData.Verb": "PNG", "EventData.TrID": "324", "EventData.Namespace": "CON", "EventData.CorrelationVector": "nn/6rhUrhUSKOnqY.324.0", "EventData.Bytes": "127", "EventData.Payload": "TVMtQ1Y6IG5uLzZyaFVyaFVTS09ucVkuMzI0LjANCg0KPHBpbmctcmVzcG9uc2U+PHdhaXQ+NTA8L3dhaXQ+PGNvbm5lY3Rpb24tc3RhdHVzPkNvbm5lY3RlZDwvY29ubmVjdGlvbi1zdGF0dXM+PC9waW5nLXJlc3BvbnNlPg==", "EventData.ConnectionType": "1"}
{"EventID": "1268", "Channel": "Microsoft-Windows-PushNotification-Platform/Operational", "Provider_Name": "Microsoft-Windows-PushNotifications-Platform", "Computer": "DESKTOP-OFJ6N53", "TimeCreated": "2025-08-26 07:15:29.208302+00:00", "RecordID": "3705286", "Level": "5", "UserID": "S-1-5-18", "EventData.Verb": "PNG", "EventData.TrID": "324", "EventData.Namespace": "CON", "EventData.CorrelationVector": "nn/6rhUrhUSKOnqY.324.0", "EventData.Bytes": "127", "EventData.Payload": "UE5HIDMyNCBDT04AMTI3DQpNUy1DVjogbm4vNnJoVXJoVVNLT25xWS4zMjQuMA0KDQo8cGluZy1yZXNwb25zZT48d2FpdD41MDwvd2FpdD48Y29ubmVjdGlvbi1zdGF0dXM+Q29ubmVjdGVkPC9jb25uZWN0aW9uLXN0YXR1cw==", "EventData.ConnectionType": "1"}
{"EventID": "42", "Channel": "Microsoft-Windows-PushNotification-Platform/Operational", "Provider_Name": "Microsoft-Windows-PushNotifications-Platform", "Computer": "DESKTOP-OFJ6N53", "TimeCreated": "2025-08-26 07:15:38.302134+00:00", "RecordID": "3705287", "Level": "4", "UserID": "S-1-5-21-963789628-1060504924-4285088085-1001", "EventData.GroupPolicyValue": "True", "EventData.MDMPolicyValue": "True"}
{"EventID": "37", "Channel": "Microsoft-Windows-PushNotification-Platform/Operational", "Provider_Name": "Microsoft-Windows-PushNotifications-Platform", "Computer": "DESKTOP-OFJ6N53", "TimeCreated": "2025-08-26 07:15:38.302378+00:00", "RecordID": "3705288", "Level": "4", "UserID": "S-1-5-21-963789628-1060504924-4285088085-1001", "EventData.ChannelsExist": "True"}
{"EventID": "1022", "Channel": "Microsoft-Windows-PushNotification-Platform/Operational", "Provider_Name": "Microsoft-Windows-PushNotifications-Platform", "Computer": "DESKTOP-OFJ6N53", "TimeCreated": "2025-08-26 07:15:38.780107+00:00", "RecordID": "3705289", "Level": "4", "UserID": "S-1-5-21-963789628-1060504924-4285088085-1001"}
{"EventID": "1261", "Channel": "Microsoft-Windows-PushNotification-Platform/Operational", "Provider_Name": "Microsoft-Windows-PushNotifications-Platform", "Computer": "DESKTOP-OFJ6N53", "TimeCreated": "2025-08-26 07:15:39.633772+00:00", "RecordID": "3705290", "Level": "4", "UserID": "S-1-5-18", "EventData.DeviceId": "0018000B432B2E76", "EventData.UserId": "17056889", "EventData.UserType": "2"}
{"EventID": "1223", "Channel": "Microsoft-Windows-PushNotification-Platform/Operational", "Provider_Name": "Microsoft-Windows-PushNotifications-Platform", "Computer": "DESKTOP-OFJ6N53", "TimeCreated": "2025-08-26 07:15:39.634315+00:00", "RecordID": "3705291", "Level": "5", "UserID": "S-1-5-18", "EventData.Verb": "BND", "EventData.TrID": "325", "EventData.Namespace": "CON\\WNS 1044479", "EventData.CorrelationVector": "nn/6rhUrhUSKOnqY.325", "EventData.Bytes": "170", "EventData.Payload": "Q29udGV4dDogMmJmZGM2ZWRiODYwNGM0Ng0KDQo8d25zPjx2ZXI+MTwvdmVyPjxjbGllbnQ+PG5hbWU+V1BOPC9uYW1lPjx2ZXI+MS4wPC92ZXI+PC9jbGllbnQ+PG9wdGlvbnM+PHB3cm1vZGUgbW9kZT0iMCI+PC9wd3Jtb2RlPjwvb3B0aW9ucz48bGFzdE1zZ0lkPjA8L2xhc3RNc2dJZD48L3ducz4=", "EventData.ConnectionType": "1"}
{"EventID": "1267", "Channel": "Microsoft-Windows-PushNotification-Platform/Operational", "Provider_Name": "Microsoft-Windows-PushNotifications-Platform", "Computer": "DESKTOP-OFJ6N53", "TimeCreated": "2025-08-26 07:15:39.634315+00:00", "RecordID": "3705292", "Level": "5", "UserID": "S-1-5-18", "EventData.Verb": "BND", "EventData.TrID": "325", "EventData.Namespace": "CON\\WNS 1044479", "EventData.CorrelationVector": "nn/6rhUrhUSKOnqY.325", "EventData.Bytes": "228", "EventData.Payload": "Qk5EIDMyNSBDT05cV05TIDEwNDQ0NzkgMTk5DQpNUy1DVjogbm4vNnJoVXJoVVNLT25xWS4zMjUNCkNvbnRleHQ6IDJiZmRjNmVkYjg2MDRjNDYNCg0KPHducz48dmVyPjE8L3Zlcj48Y2xpZW50PjxuYW1lPldQTjwvbmFtZT48dmVyPjEuMDwvdmVyPjwvY2xpZW50PjxvcHRpb25zPjxwd3Jtb2RlIG1vZGU9IjAiPjwvcHdybW9kZT48L29wdGlvbnM+PGxhc3RNc2dJZD4wPC9sYXN0TXNnSWQ+PC93bnM+", "EventData.ConnectionType": "1"}
{"EventID": "1225", "Channel": "Microsoft-Windows-PushNotification-Platform/Operational", "Provider_Name": "Microsoft-Windows-PushNotifications-Platform", "Computer": "DESKTOP-OFJ6N53", "TimeCreated": "2025-08-26 07:15:39.808310+00:00", "RecordID": "3705293", "Level": "5", "UserID": "S-1-5-18", "EventData.Verb": "BND", "EventData.TrID": "325", "EventData.Namespace": "CON", "EventData.CorrelationVector": "nn/6rhUrhUSKOnqY.325.0", "EventData.Bytes": "136", "EventData.Payload": "Q29udGV4dDogMmJmZGM2ZWRiODYwNGM0Ng0KTVMtQ1Y6IG5uLzZyaFVyaFVTS09ucVkuMzI1LjANCg0KPHducy1yZXNwb25zZT48dmVyPjE8L3Zlcj48bm9uY2U+MTA1NzAzNzk2MjY5NjY1NjcxNTQ8L25vbmNlPjwvd25zLXJlc3BvbnNlPg==", "EventData.ConnectionType": "1"}
{"EventID": "1268", "Channel": "Microsoft-Windows-PushNotification-Platform/Operational", "Provider_Name": "Microsoft-Windows-PushNotifications-Platform", "Computer": "DESKTOP-OFJ6N53", "TimeCreated": "2025-08-26 07:15:39.808311+00:00", "RecordID": "3705294", "Level": "5", "UserID": "S-1-5-18", "EventData.Verb": "BND", "EventData.TrID": "325", "EventData.Namespace": "CON", "EventData.CorrelationVector": "nn/6rhUrhUSKOnqY.325.0", "EventData.Bytes": "136", "EventData.Payload": "Qk5EIDMyNSBDT04AMTM2DQpDb250ZXh0OiAyYmZkYzZlZGI4NjA0YzQ2DQpNUy1DVjogbm4vNnJoVXJoVVNLT25xWS4zMjUuMA0KDQo8d25zLXJlc3BvbnNlPjx2ZXI+MTwvdmVyPjxub25jZT4xMDU3MDM3OTYyNjk2NjU2NzE1NDwvbm9uYw==", "EventData.ConnectionType": "1"}
{"EventID": "1264", "Channel": "Microsoft-Windows-PushNotification-Platform/Operational", "Provider_Name": "Microsoft-Windows-PushNotifications-Platform", "Computer": "DESKTOP-OFJ6N53", "TimeCreated": "2025-08-26 07:15:39.811996+00:00", "RecordID": "3705295", "Level": "4", "UserID": "S-1-5-18", "EventData.DeviceId": "0018000B432B2E76", "EventData.UserId": "17056889", "EventData.Error": "0"}
{"EventID": "1005", "Channel": "Microsoft-Windows-PushNotification-Platform/Operational", "Provider_Name": "Microsoft-Windows-PushNotifications-Platform", "Computer": "DESKTOP-OFJ6N53", "TimeCreated": "2025-08-26 07:15:40.222656+00:00", "RecordID": "3705296", "Level": "4", "UserID": "S-1-5-21-963789628-1060504924-4285088085-1001", "EventData.Status": "4"}
{"EventID": "1223", "Channel": "Microsoft-Windows-PushNotification-Platform/Operational", "Provider_Name": "Microsoft-Windows-PushNotifications-Platform", "Computer": "DESKTOP-OFJ6N53", "TimeCreated": "2025-08-26 07:16:29.074097+00:00", "RecordID": "3705297", "Level": "5", "UserID": "S-1-5-18", "EventData.Verb": "PNG", "EventData.TrID": "326", "EventData.Namespace": "CON", "EventData.CorrelationVector": "nn/6rhUrhUSKOnqY.326", "EventData.Bytes": "29", "EventData.Payload": "Q29udGV4dDogY2NkNmVhZGUyZmVmNTdhNw0KDQo=", "EventData.ConnectionType": "1"}
{"EventID": "1267", "Channel": "Microsoft-Windows-PushNotification-Platform/Operational", "Provider_Name": "Microsoft-Windows-PushNotifications-Platform", "Computer": "DESKTOP-OFJ6N53", "TimeCreated": "2025-08-26 07:16:29.074099+00:00", "RecordID": "3705298", "Level": "5", "UserID": "S-1-5-18", "EventData.Verb": "PNG", "EventData.TrID": "326", "EventData.Namespace": "CON", "EventData.CorrelationVector": "nn/6rhUrhUSKOnqY.326", "EventData.Bytes": "74", "EventData.Payload": "UE5HIDMyNiBDT04gNTgNCk1TLUNWOiBubi82cmhVcmhVU0tPbnFZLjMyNg0KQ29udGV4dDogY2NkNmVhZGUyZmVmNTdhNw0KDQo=", "EventData.ConnectionType": "1"}
{"EventID": "1225", "Channel": "Microsoft-Windows-PushNotification-Platform/Operational", "Provider_Name": "Microsoft-Windows-PushNotifications-Platform", "Computer": "DESKTOP-OFJ6N53", "TimeCreated": "2025-08-26 07:16:29.256268+00:00", "RecordID": "3705299", "Level": "5", "UserID": "S-1-5-18", "EventData.Verb": "PNG", "EventData.TrID": "326", "EventData.Namespace": "CON", "EventData.CorrelationVector": "nn/6rhUrhUSKOnqY.326.0", "EventData.Bytes": "127", "EventData.Payload": "TVMtQ1Y6IG5uLzZyaFVyaFVTS09ucVkuMzI2LjANCg0KPHBpbmctcmVzcG9uc2U+PHdhaXQ+NDY8L3dhaXQ+PGNvbm5lY3Rpb24tc3RhdHVzPkNvbm5lY3RlZDwvY29ubmVjdGlvbi1zdGF0dXM+PC9waW5nLXJlc3BvbnNlPg==", "EventData.ConnectionType": "1"}
{"EventID": "1268", "Channel": "Microsoft-Windows-PushNotification-Platform/Operational", "Provider_Name": "Microsoft-Windows-PushNotifications-Platform", "Computer": "DESKTOP-OFJ6N53", "TimeCreated": "2025-08-26 07:16:29.256269+00:00", "RecordID": "3705300", "Level": "5", "UserID": "S-1-5-18", "EventData.Verb": "PNG", "EventData.TrID": "326", "EventData.Namespace": "CON", "EventData.CorrelationVector": "nn/6rhUrhUSKOnqY.326.0", "EventData.Bytes": "127", "EventData.Payload": "UE5HIDMyNiBDT04AMTI3DQpNUy1DVjogbm4vNnJoVXJoVVNLT25xWS4zMjYuMA0KDQo8cGluZy1yZXNwb25zZT48d2FpdD40Njwvd2FpdD48Y29ubmVjdGlvbi1zdGF0dXM+Q29ubmVjdGVkPC9jb25uZWN0aW9uLXN0YXR1cw==", "EventData.ConnectionType": "1"}
{"EventID": "1223", "Channel": "Microsoft-Windows-PushNotification-Platform/Operational", "Provider_Name": "Microsoft-Windows-PushNotifications-Platform", "Computer": "DESKTOP-OFJ6N53", "TimeCreated": "2025-08-26 07:17:29.085449+00:00", "RecordID": "3705301", "Level": "5", "UserID": "S-1-5-18", "EventData.Verb": "PNG", "EventData.TrID": "327", "EventData.Namespace": "CON", "EventData.CorrelationVector": "nn/6rhUrhUSKOnqY.327", "EventData.Bytes": "29", "EventData.Payload": "Q29udGV4dDogNjQzYTUyMTgyYTQzOGYxZQ0KDQo=", "EventData.ConnectionType": "1"}
{"EventID": "1267", "Channel": "Microsoft-Windows-PushNotification-Platform/Operational", "Provider_Name": "Microsoft-Windows-PushNotifications-Platform", "Computer": "DESKTOP-OFJ6N53", "TimeCreated": "2025-08-26 07:17:29.085453+00:00", "RecordID": "3705302", "Level": "5", "UserID": "S-1-5-18", "EventData.Verb": "PNG", "EventData.TrID": "327", "EventData.Namespace": "CON", "EventData.CorrelationVector": "nn/6rhUrhUSKOnqY.327", "EventData.Bytes": "74", "EventData.Payload": "UE5HIDMyNyBDT04gNTgNCk1TLUNWOiBubi82cmhVcmhVU0tPbnFZLjMyNw0KQ29udGV4dDogNjQzYTUyMTgyYTQzOGYxZQ0KDQo=", "EventData.ConnectionType": "1"}
{"EventID": "1225", "Channel": "Microsoft-Windows-PushNotification-Platform/Operational", "Provider_Name": "Microsoft-Windows-PushNotifications-Platform", "Computer": "DESKTOP-OFJ6N53", "TimeCreated": "2025-08-26 07:17:29.248362+00:00", "RecordID": "3705303", "Level": "5", "UserID": "S-1-5-18", "EventData.Verb": "PNG", "EventData.TrID": "327", "EventData.Namespace": "CON", "EventData.CorrelationVector": "nn/6rhUrhUSKOnqY.327.0", "EventData.Bytes": "127", "EventData.Payload": "TVMtQ1Y6IG5uLzZyaFVyaFVTS09ucVkuMzI3LjANCg0KPHBpbmctcmVzcG9uc2U+PHdhaXQ+NDI8L3dhaXQ+PGNvbm5lY3Rpb24tc3RhdHVzPkNvbm5lY3RlZDwvY29ubmVjdGlvbi1zdGF0dXM+PC9waW5nLXJlc3BvbnNlPg==", "EventData.ConnectionType": "1"}
{"EventID": "1268", "Channel": "Microsoft-Windows-PushNotification-Platform/Operational", "Provider_Name": "Microsoft-Windows-PushNotifications-Platform", "Computer": "DESKTOP-OFJ6N53", "TimeCreated": "2025-08-26 07:17:29.248363+00:00", "RecordID": "3705304", "Level": "5", "UserID": "S-1-5-18", "EventData.Verb": "PNG", "EventData.TrID": "327", "EventData.Namespace": "CON", "EventData.CorrelationVector": "nn/6rhUrhUSKOnqY.327.0", "EventData.Bytes": "127", "EventData.Payload": "UE5HIDMyNyBDT04AMTI3DQpNUy1DVjogbm4vNnJoVXJoVVNLT25xWS4zMjcuMA0KDQo8cGluZy1yZXNwb25zZT48d2FpdD40Mjwvd2FpdD48Y29ubmVjdGlvbi1zdGF0dXM+Q29ubmVjdGVkPC9jb25uZWN0aW9uLXN0YXR1cw==", "EventData.ConnectionType": "1"}
{"EventID": "1223", "Channel": "Microsoft-Windows-PushNotification-Platform/Operational", "Provider_Name": "Microsoft-Windows-PushNotifications-Platform", "Computer": "DESKTOP-OFJ6N53", "TimeCreated": "2025-08-26 07:18:28.148569+00:00", "RecordID": "3705305", "Level": "5", "UserID": "S-1-5-18", "EventData.Verb": "PNG", "EventData.TrID": "328", "EventData.Namespace": "CON", "EventData.CorrelationVector": "nn/6rhUrhUSKOnqY.328", "EventData.Bytes": "29", "EventData.Payload": "Q29udGV4dDogMWM2YTViN2Q0ZTMwMDdkYg0KDQo=", "EventData.ConnectionType": "1"}
{"EventID": "1267", "Channel": "Microsoft-Windows-PushNotification-Platform/Operational", "Provider_Name": "Microsoft-Windows-PushNotifications-Platform", "Computer": "DESKTOP-OFJ6N53", "TimeCreated": "2025-08-26 07:18:28.148571+00:00", "RecordID": "3705306", "Level": "5", "UserID": "S-1-5-18", "EventData.Verb": "PNG", "EventData.TrID": "328", "EventData.Namespace": "CON", "EventData.CorrelationVector": "nn/6rhUrhUSKOnqY.328", "EventData.Bytes": "74", "EventData.Payload": "UE5HIDMyOCBDT04gNTgNCk1TLUNWOiBubi82cmhVcmhVU0tPbnFZLjMyOA0KQ29udGV4dDogMWM2YTViN2Q0ZTMwMDdkYg0KDQo=", "EventData.ConnectionType": "1"}
{"EventID": "1225", "Channel": "Microsoft-Windows-PushNotification-Platform/Operational", "Provider_Name": "Microsoft-Windows-PushNotifications-Platform", "Computer": "DESKTOP-OFJ6N53", "TimeCreated": "2025-08-26 07:18:28.195414+00:00", "RecordID": "3705307", "Level": "5", "UserID": "S-1-5-18", "EventData.Verb": "PNG", "EventData.TrID": "328", "EventData.Namespace": "CON", "EventData.CorrelationVector": "nn/6rhUrhUSKOnqY.328.0", "EventData.Bytes": "127", "EventData.Payload": "TVMtQ1Y6IG5uLzZyaFVyaFVTS09ucVkuMzI4LjANCg0KPHBpbmctcmVzcG9uc2U+PHdhaXQ+NDc8L3dhaXQ+PGNvbm5lY3Rpb24tc3RhdHVzPkNvbm5lY3RlZDwvY29ubmVjdGlvbi1zdGF0dXM+PC9waW5nLXJlc3BvbnNlPg==", "EventData.ConnectionType": "1"}
{"EventID": "1268", "Channel": "Microsoft-Windows-PushNotification-Platform/Operational", "Provider_Name": "Microsoft-Windows-PushNotifications-Platform", "Computer": "DESKTOP-OFJ6N53", "TimeCreated": "2025-08-26 07:18:28.195414+00:00", "RecordID": "3705308", "Level": "5", "UserID": "S-1-5-18", "EventData.Verb": "PNG", "EventData.TrID": "328", "EventData.Namespace": "CON", "EventData.CorrelationVector": "nn/6rhUrhUSKOnqY.328.0", "EventData.Bytes": "127", "EventData.Payload": "UE5HIDMyOCBDT04AMTI3DQpNUy1DVjogbm4vNnJoVXJoVVNLT25xWS4zMjguMA0KDQo8cGluZy1yZXNwb25zZT48d2FpdD40Nzwvd2FpdD48Y29ubmVjdGlvbi1zdGF0dXM+Q29ubmVjdGVkPC9jb25uZWN0aW9uLXN0YXR1cw==", "EventData.ConnectionType": "1"}
{"EventID": "1223", "Channel": "Microsoft-Windows-PushNotification-Platform/Operational", "Provider_Name": "Microsoft-Windows-PushNotifications-Platform", "Computer": "DESKTOP-OFJ6N53", "TimeCreated": "2025-08-26 07:19:28.147804+00:00", "RecordID": "3705309", "Level": "5", "UserID": "S-1-5-18", "EventData.Verb": "PNG", "EventData.TrID": "329", "EventData.Namespace": "CON", "EventData.CorrelationVector": "nn/6rhUrhUSKOnqY.329", "EventData.Bytes": "29", "EventData.Payload": "Q29udGV4dDogNGMyZmFjODExNjlhYzhlOQ0KDQo=", "EventData.ConnectionType": "1"}
{"EventID": "1267", "Channel": "Microsoft-Windows-PushNotification-Platform/Operational", "Provider_Name": "Microsoft-Windows-PushNotifications-Platform", "Computer": "DESKTOP-OFJ6N53", "TimeCreated": "2025-08-26 07:19:28.147806+00:00", "RecordID": "3705310", "Level": "5", "UserID": "S-1-5-18", "EventData.Verb": "PNG", "EventData.TrID": "329", "EventData.Namespace": "CON", "EventData.CorrelationVector": "nn/6rhUrhUSKOnqY.329", "EventData.Bytes": "74", "EventData.Payload": "UE5HIDMyOSBDT04gNTgNCk1TLUNWOiBubi82cmhVcmhVU0tPbnFZLjMyOQ0KQ29udGV4dDogNGMyZmFjODExNjlhYzhlOQ0KDQo=", "EventData.ConnectionType": "1"}
{"EventID": "1225", "Channel": "Microsoft-Windows-PushNotification-Platform/Operational", "Provider_Name": "Microsoft-Windows-PushNotifications-Platform", "Computer": "DESKTOP-OFJ6N53", "TimeCreated": "2025-08-26 07:19:28.194706+00:00", "RecordID": "3705311", "Level": "5", "UserID": "S-1-5-18", "EventData.Verb": "PNG", "EventData.TrID": "329", "EventData.Namespace": "CON", "EventData.CorrelationVector": "nn/6rhUrhUSKOnqY.329.0", "EventData.Bytes": "127", "EventData.Payload": "TVMtQ1Y6IG5uLzZyaFVyaFVTS09ucVkuMzI5LjANCg0KPHBpbmctcmVzcG9uc2U+PHdhaXQ+NDM8L3dhaXQ+PGNvbm5lY3Rpb24tc3RhdHVzPkNvbm5lY3RlZDwvY29ubmVjdGlvbi1zdGF0dXM+PC9waW5nLXJlc3BvbnNlPg==", "EventData.ConnectionType": "1"}
{"EventID": "1268", "Channel": "Microsoft-Windows-PushNotification-Platform/Operational", "Provider_Name": "Microsoft-Windows-PushNotifications-Platform", "Computer": "DESKTOP-OFJ6N53", "TimeCreated": "2025-08-26 07:19:28.194708+00:00", "RecordID": "3705312", "Level": "5", "UserID": "S-1-5-18", "EventData.Verb": "PNG", "EventData.TrID": "329", "EventData.Namespace": "CON", "EventData.CorrelationVector": "nn/6rhUrhUSKOnqY.329.0", "EventData.Bytes": "127", "EventData.Payload": "UE5HIDMyOSBDT04AMTI3DQpNUy1DVjogbm4vNnJoVXJoVVNLT25xWS4zMjkuMA0KDQo8cGluZy1yZXNwb25zZT48d2FpdD40Mzwvd2FpdD48Y29ubmVjdGlvbi1zdGF0dXM+Q29ubmVjdGVkPC9jb25uZWN0aW9uLXN0YXR1cw==", "EventData.ConnectionType": "1"}
{"EventID": "1223", "Channel": "Microsoft-Windows-PushNotification-Platform/Operational", "Provider_Name": "Microsoft-Windows-PushNotifications-Platform", "Computer": "DESKTOP-OFJ6N53", "TimeCreated": "2025-08-26 07:20:28.183155+00:00", "RecordID": "3705313", "Level": "5", "UserID": "S-1-5-18", "EventData.Verb": "PNG", "EventData.TrID": "330", "EventData.Namespace": "CON", "EventData.CorrelationVector": "nn/6rhUrhUSKOnqY.330", "EventData.Bytes": "29", "EventData.Payload": "Q29udGV4dDogNjE0OGRkMjA4OWE3OWI5Yw0KDQo=", "EventData.ConnectionType": "1"}
{"EventID": "1267", "Channel": "Microsoft-Windows-PushNotification-Platform/Operational", "Provider_Name": "Microsoft-Windows-PushNotifications-Platform", "Computer": "DESKTOP-OFJ6N53", "TimeCreated": "2025-08-26 07:20:28.183157+00:00", "RecordID": "3705314", "Level": "5", "UserID": "S-1-5-18", "EventData.Verb": "PNG", "EventData.TrID": "330", "EventData.Namespace": "CON", "EventData.CorrelationVector": "nn/6rhUrhUSKOnqY.330", "EventData.Bytes": "74", "EventData.Payload": "UE5HIDMzMCBDT04gNTgNCk1TLUNWOiBubi82cmhVcmhVU0tPbnFZLjMzMA0KQ29udGV4dDogNjE0OGRkMjA4OWE3OWI5Yw0KDQo=", "EventData.ConnectionType": "1"}
{"EventID": "1225", "Channel": "Microsoft-Windows-PushNotification-Platform/Operational", "Provider_Name": "Microsoft-Windows-PushNotifications-Platform", "Computer": "DESKTOP-OFJ6N53", "TimeCreated": "2025-08-26 07:20:28.317894+00:00", "RecordID": "3705315", "Level": "5", "UserID": "S-1-5-18", "EventData.Verb": "PNG", "EventData.TrID": "330", "EventData.Namespace": "CON", "EventData.CorrelationVector": "nn/6rhUrhUSKOnqY.330.0", "EventData.Bytes": "127", "EventData.Payload": "TVMtQ1Y6IG5uLzZyaFVyaFVTS09ucVkuMzMwLjANCg0KPHBpbmctcmVzcG9uc2U+PHdhaXQ+NDc8L3dhaXQ+PGNvbm5lY3Rpb24tc3RhdHVzPkNvbm5lY3RlZDwvY29ubmVjdGlvbi1zdGF0dXM+PC9waW5nLXJlc3BvbnNlPg==", "EventData.ConnectionType": "1"}
{"EventID": "1268", "Channel": "Microsoft-Windows-PushNotification-Platform/Operational", "Provider_Name": "Microsoft-Windows-PushNotifications-Platform", "Computer": "DESKTOP-OFJ6N53", "TimeCreated": "2025-08-26 07:20:28.317896+00:00", "RecordID": "3705316", "Level": "5", "UserID": "S-1-5-18", "EventData.Verb": "PNG", "EventData.TrID": "330", "EventData.Namespace": "CON", "EventData.CorrelationVector": "nn/6rhUrhUSKOnqY.330.0", "EventData.Bytes": "127", "EventData.Payload": "UE5HIDMzMCBDT04AMTI3DQpNUy1DVjogbm4vNnJoVXJoVVNLT25xWS4zMzAuMA0KDQo8cGluZy1yZXNwb25zZT48d2FpdD40Nzwvd2FpdD48Y29ubmVjdGlvbi1zdGF0dXM+Q29ubmVjdGVkPC9jb25uZWN0aW9uLXN0YXR1cw==", "EventData.ConnectionType": "1"}
{"EventID": "1223", "Channel": "Microsoft-Windows-PushNotification-Platform/Operational", "Provider_Name": "Microsoft-Windows-PushNotifications-Platform", "Computer": "DESKTOP-OFJ6N53", "TimeCreated": "2025-08-26 07:21:28.240810+00:00", "RecordID": "3705317", "Level": "5", "UserID": "S-1-5-18", "EventData.Verb": "PNG", "EventData.TrID": "331", "EventData.Namespace": "CON", "EventData.CorrelationVector": "nn/6rhUrhUSKOnqY.331", "EventData.Bytes": "29", "EventData.Payload": "Q29udGV4dDogZGQ1ZjE1MGMyZmI3YjU2ZA0KDQo=", "EventData.ConnectionType": "1"}
{"EventID": "1267", "Channel": "Microsoft-Windows-PushNotification-Platform/Operational", "Provider_Name": "Microsoft-Windows-PushNotifications-Platform", "Computer": "DESKTOP-OFJ6N53", "TimeCreated": "2025-08-26 07:21:28.240812+00:00", "RecordID": "3705318", "Level": "5", "UserID": "S-1-5-18", "EventData.Verb": "PNG", "EventData.TrID": "331", "EventData.Namespace": "CON", "EventData.CorrelationVector": "nn/6rhUrhUSKOnqY.331", "EventData.Bytes": "74", "EventData.Payload": "UE5HIDMzMSBDT04gNTgNCk1TLUNWOiBubi82cmhVcmhVU0tPbnFZLjMzMQ0KQ29udGV4dDogZGQ1ZjE1MGMyZmI3YjU2ZA0KDQo=", "EventData.ConnectionType": "1"}
{"EventID": "1225", "Channel": "Microsoft-Windows-PushNotification-Platform/Operational", "Provider_Name": "Microsoft-Windows-PushNotifications-Platform", "Computer": "DESKTOP-OFJ6N53", "TimeCreated": "2025-08-26 07:21:28.288834+00:00", "RecordID": "3705319", "Level": "5", "UserID": "S-1-5-18", "EventData.Verb": "PNG", "EventData.TrID": "331", "EventData.Namespace": "CON", "EventData.CorrelationVector": "nn/6rhUrhUSKOnqY.331.0", "EventData.Bytes": "127", "EventData.Payload": "TVMtQ1Y6IG5uLzZyaFVyaFVTS09ucVkuMzMxLjANCg0KPHBpbmctcmVzcG9uc2U+PHdhaXQ+NDE8L3dhaXQ+PGNvbm5lY3Rpb24tc3RhdHVzPkNvbm5lY3RlZDwvY29ubmVjdGlvbi1zdGF0dXM+PC9waW5nLXJlc3BvbnNlPg==", "EventData.ConnectionType": "1"}
{"EventID": "1268", "Channel": "Microsoft-Windows-PushNotification-Platform/Operational", "Provider_Name": "Microsoft-Windows-PushNotifications-Platform", "Computer": "DESKTOP-OFJ6N53", "TimeCreated": "2025-08-26 07:21:28.288836+00:00", "RecordID": "3705320", "Level": "5", "UserID": "S-1-5-18", "EventData.Verb": "PNG", "EventData.TrID": "331", "EventData.Namespace": "CON", "EventData.CorrelationVector": "nn/6rhUrhUSKOnqY.331.0", "EventData.Bytes": "127", "EventData.Payload": "UE5HIDMzMSBDT04AMTI3DQpNUy1DVjogbm4vNnJoVXJoVVNLT25xWS4zMzEuMA0KDQo8cGluZy1yZXNwb25zZT48d2FpdD40MTwvd2FpdD48Y29ubmVjdGlvbi1zdGF0dXM+Q29ubmVjdGVkPC9jb25uZWN0aW9uLXN0YXR1cw==", "EventData.ConnectionType": "1"}
{"EventID": "1223", "Channel": "Microsoft-Windows-PushNotification-Platform/Operational", "Provider_Name": "Microsoft-Windows-PushNotifications-Platform", "Computer": "DESKTOP-OFJ6N53", "TimeCreated": "2025-08-26 07:22:28.275488+00:00", "RecordID": "3705321", "Level": "5", "UserID": "S-1-5-18", "EventData.Verb": "PNG", "EventData.TrID": "332", "EventData.Namespace": "CON", "EventData.CorrelationVector": "nn/6rhUrhUSKOnqY.332", "EventData.Bytes": "29", "EventData.Payload": "Q29udGV4dDogYzE3OTk2YTExMTU1ZjBlMg0KDQo=", "EventData.ConnectionType": "1"}
{"EventID": "1267", "Channel": "Microsoft-Windows-PushNotification-Platform/Operational", "Provider_Name": "Microsoft-Windows-PushNotifications-Platform", "Computer": "DESKTOP-OFJ6N53", "TimeCreated": "2025-08-26 07:22:28.275490+00:00", "RecordID": "3705322", "Level": "5", "UserID": "S-1-5-18", "EventData.Verb": "PNG", "EventData.TrID": "332", "EventData.Namespace": "CON", "EventData.CorrelationVector": "nn/6rhUrhUSKOnqY.332", "EventData.Bytes": "74", "EventData.Payload": "UE5HIDMzMiBDT04gNTgNCk1TLUNWOiBubi82cmhVcmhVU0tPbnFZLjMzMg0KQ29udGV4dDogYzE3OTk2YTExMTU1ZjBlMg0KDQo=", "EventData.ConnectionType": "1"}
{"EventID": "1225", "Channel": "Microsoft-Windows-PushNotification-Platform/Operational", "Provider_Name": "Microsoft-Windows-PushNotifications-Platform", "Computer": "DESKTOP-OFJ6N53", "TimeCreated": "2025-08-26 07:22:28.326447+00:00", "RecordID": "3705323", "Level": "5", "UserID": "S-1-5-18", "EventData.Verb": "PNG", "EventData.TrID": "332", "EventData.Namespace": "CON", "EventData.CorrelationVector": "nn/6rhUrhUSKOnqY.332.0", "EventData.Bytes": "127", "EventData.Payload": "TVMtQ1Y6IG5uLzZyaFVyaFVTS09ucVkuMzMyLjANCg0KPHBpbmctcmVzcG9uc2U+PHdhaXQ+NDE8L3dhaXQ+PGNvbm5lY3Rpb24tc3RhdHVzPkNvbm5lY3RlZDwvY29ubmVjdGlvbi1zdGF0dXM+PC9waW5nLXJlc3BvbnNlPg==", "EventData.ConnectionType": "1"}
{"EventID": "1268", "Channel": "Microsoft-Windows-PushNotification-Platform/Operational", "Provider_Name": "Microsoft-Windows-PushNotifications-Platform", "Computer": "DESKTOP-OFJ6N53", "TimeCreated": "2025-08-26 07:22:28.326447+00:00", "RecordID": "3705324", "Level": "5", "UserID": "S-1-5-18", "EventData.Verb": "PNG", "EventData.TrID": "332", "EventData.Namespace": "CON", "EventData.CorrelationVector": "nn/6rhUrhUSKOnqY.332.0", "EventData.Bytes": "127", "EventData.Payload": "UE5HIDMzMiBDT04AMTI3DQpNUy1DVjogbm4vNnJoVXJoVVNLT25xWS4zMzIuMA0KDQo8cGluZy1yZXNwb25zZT48d2FpdD40MTwvd2FpdD48Y29ubmVjdGlvbi1zdGF0dXM+Q29ubmVjdGVkPC9jb25uZWN0aW9uLXN0YXR1cw==", "EventData.ConnectionType": "1"}
{"EventID": "1223", "Channel": "Microsoft-Windows-PushNotification-Platform/Operational", "Provider_Name": "Microsoft-Windows-PushNotifications-Platform", "Computer": "DESKTOP-OFJ6N53", "TimeCreated": "2025-08-26 07:23:28.288044+00:00", "RecordID": "3705325", "Level": "5", "UserID": "S-1-5-18", "EventData.Verb": "PNG", "EventData.TrID": "333", "EventData.Namespace": "CON", "EventData.CorrelationVector": "nn/6rhUrhUSKOnqY.333", "EventData.Bytes": "29", "EventData.Payload": "Q29udGV4dDogMzBkNmFjZWE5NzYyNGE1NA0KDQo=", "EventData.ConnectionType": "1"}
{"EventID": "1267", "Channel": "Microsoft-Windows-PushNotification-Platform/Operational", "Provider_Name": "Microsoft-Windows-PushNotifications-Platform", "Computer": "DESKTOP-OFJ6N53", "TimeCreated": "2025-08-26 07:23:28.288046+00:00", "RecordID": "3705326", "Level": "5", "UserID": "S-1-5-18", "EventData.Verb": "PNG", "EventData.TrID": "333", "EventData.Namespace": "CON", "EventData.CorrelationVector": "nn/6rhUrhUSKOnqY.333", "EventData.Bytes": "74", "EventData.Payload": "UE5HIDMzMyBDT04gNTgNCk1TLUNWOiBubi82cmhVcmhVU0tPbnFZLjMzMw0KQ29udGV4dDogMzBkNmFjZWE5NzYyNGE1NA0KDQo=", "EventData.ConnectionType": "1"}
{"EventID": "1225", "Channel": "Microsoft-Windows-PushNotification-Platform/Operational", "Provider_Name": "Microsoft-Windows-PushNotifications-Platform", "Computer": "DESKTOP-OFJ6N53", "TimeCreated": "2025-08-26 07:23:28.335337+00:00", "RecordID": "3705327", "Level": "5", "UserID": "S-1-5-18", "EventData.Verb": "PNG", "EventData.TrID": "333", "EventData.Namespace": "CON", "EventData.CorrelationVector": "nn/6rhUrhUSKOnqY.333.0", "EventData.Bytes": "127", "EventData.Payload": "TVMtQ1Y6IG5uLzZyaFVyaFVTS09ucVkuMzMzLjANCg0KPHBpbmctcmVzcG9uc2U+PHdhaXQ+NDk8L3dhaXQ+PGNvbm5lY3Rpb24tc3RhdHVzPkNvbm5lY3RlZDwvY29ubmVjdGlvbi1zdGF0dXM+PC9waW5nLXJlc3BvbnNlPg==", "EventData.ConnectionType": "1"}
{"EventID": "1268", "Channel": "Microsoft-Windows-PushNotification-Platform/Operational", "Provider_Name": "Microsoft-Windows-PushNotifications-Platform", "Computer": "DESKTOP-OFJ6N53", "TimeCreated": "2025-08-26 07:23:28.335337+00:00", "RecordID": "3705328", "Level": "5", "UserID": "S-1-5-18", "EventData.Verb": "PNG", "EventData.TrID": "333", "EventData.Namespace": "CON", "EventData.CorrelationVector": "nn/6rhUrhUSKOnqY.333.0", "EventData.Bytes": "127", "EventData.Payload": "UE5HIDMzMyBDT04AMTI3DQpNUy1DVjogbm4vNnJoVXJoVVNLT25xWS4zMzMuMA0KDQo8cGluZy1yZXNwb25zZT48d2FpdD40OTwvd2FpdD48Y29ubmVjdGlvbi1zdGF0dXM+Q29ubmVjdGVkPC9jb25uZWN0aW9uLXN0YXR1cw==", "EventData.ConnectionType": "1"}
{"EventID": "1223", "Channel": "Microsoft-Windows-PushNotification-Platform/Operational", "Provider_Name": "Microsoft-Windows-PushNotifications-Platform", "Computer": "DESKTOP-OFJ6N53", "TimeCreated": "2025-08-26 07:24:28.299936+00:00", "RecordID": "3705329", "Level": "5", "UserID": "S-1-5-18", "EventData.Verb": "PNG", "EventData.TrID": "334", "EventData.Namespace": "CON", "EventData.CorrelationVector": "nn/6rhUrhUSKOnqY.334", "EventData.Bytes": "29", "EventData.Payload": "Q29udGV4dDogNjBhMmVkNTc1YTA3MTc3Mg0KDQo=", "EventData.ConnectionType": "1"}
{"EventID": "1267", "Channel": "Microsoft-Windows-PushNotification-Platform/Operational", "Provider_Name": "Microsoft-Windows-PushNotifications-Platform", "Computer": "DESKTOP-OFJ6N53", "TimeCreated": "2025-08-26 07:24:28.299938+00:00", "RecordID": "3705330", "Level": "5", "UserID": "S-1-5-18", "EventData.Verb": "PNG", "EventData.TrID": "334", "EventData.Namespace": "CON", "EventData.CorrelationVector": "nn/6rhUrhUSKOnqY.334", "EventData.Bytes": "74", "EventData.Payload": "UE5HIDMzNCBDT04gNTgNCk1TLUNWOiBubi82cmhVcmhVU0tPbnFZLjMzNA0KQ29udGV4dDogNjBhMmVkNTc1YTA3MTc3Mg0KDQo=", "EventData.ConnectionType": "1"}
{"EventID": "1225", "Channel": "Microsoft-Windows-PushNotification-Platform/Operational", "Provider_Name": "Microsoft-Windows-PushNotifications-Platform", "Computer": "DESKTOP-OFJ6N53", "TimeCreated": "2025-08-26 07:24:28.347105+00:00", "RecordID": "3705331", "Level": "5", "UserID": "S-1-5-18", "EventData.Verb": "PNG", "EventData.TrID": "334", "EventData.Namespace": "CON", "EventData.CorrelationVector": "nn/6rhUrhUSKOnqY.334.0", "EventData.Bytes": "127", "EventData.Payload": "TVMtQ1Y6IG5uLzZyaFVyaFVTS09ucVkuMzM0LjANCg0KPHBpbmctcmVzcG9uc2U+PHdhaXQ+NDI8L3dhaXQ+PGNvbm5lY3Rpb24tc3RhdHVzPkNvbm5lY3RlZDwvY29ubmVjdGlvbi1zdGF0dXM+PC9waW5nLXJlc3BvbnNlPg==", "EventData.ConnectionType": "1"}
{"EventID": "1268", "Channel": "Microsoft-Windows-PushNotification-Platform/Operational", "Provider_Name": "Microsoft-Windows-PushNotifications-Platform", "Computer": "DESKTOP-OFJ6N53", "TimeCreated": "2025-08-26 07:24:28.347107+00:00", "RecordID": "3705332", "Level": "5", "UserID": "S-1-5-18", "EventData.Verb": "PNG", "EventData.TrID": "334", "EventData.Namespace": "CON", "EventData.CorrelationVector": "nn/6rhUrhUSKOnqY.334.0", "EventData.Bytes": "127", "EventData.Payload": "UE5HIDMzNCBDT04AMTI3DQpNUy1DVjogbm4vNnJoVXJoVVNLT25xWS4zMzQuMA0KDQo8cGluZy1yZXNwb25zZT48d2FpdD40Mjwvd2FpdD48Y29ubmVjdGlvbi1zdGF0dXM+Q29ubmVjdGVkPC9jb25uZWN0aW9uLXN0YXR1cw==", "EventData.ConnectionType": "1"}
{"EventID": "1223", "Channel": "Microsoft-Windows-PushNotification-Platform/Operational", "Provider_Name": "Microsoft-Windows-PushNotifications-Platform", "Computer": "DESKTOP-OFJ6N53", "TimeCreated": "2025-08-26 07:25:28.385536+00:00", "RecordID": "3705333", "Level": "5", "UserID": "S-1-5-18", "EventData.Verb": "PNG", "EventData.TrID": "335", "EventData.Namespace": "CON", "EventData.CorrelationVector": "nn/6rhUrhUSKOnqY.335", "EventData.Bytes": "29", "EventData.Payload": "Q29udGV4dDogYzdkMzgxNjUzOTE3MWQwMg0KDQo=", "EventData.ConnectionType": "1"}
{"EventID": "1267", "Channel": "Microsoft-Windows-PushNotification-Platform/Operational", "Provider_Name": "Microsoft-Windows-PushNotifications-Platform", "Computer": "DESKTOP-OFJ6N53", "TimeCreated": "2025-08-26 07:25:28.385536+00:00", "RecordID": "3705334", "Level": "5", "UserID": "S-1-5-18", "EventData.Verb": "PNG", "EventData.TrID": "335", "EventData.Namespace": "CON", "EventData.CorrelationVector": "nn/6rhUrhUSKOnqY.335", "EventData.Bytes": "74", "EventData.Payload": "UE5HIDMzNSBDT04gNTgNCk1TLUNWOiBubi82cmhVcmhVU0tPbnFZLjMzNQ0KQ29udGV4dDogYzdkMzgxNjUzOTE3MWQwMg0KDQo=", "EventData.ConnectionType": "1"}
{"EventID": "1225", "Channel": "Microsoft-Windows-PushNotification-Platform/Operational", "Provider_Name": "Microsoft-Windows-PushNotifications-Platform", "Computer": "DESKTOP-OFJ6N53", "TimeCreated": "2025-08-26 07:25:28.432425+00:00", "RecordID": "3705335", "Level": "5", "UserID": "S-1-5-18", "EventData.Verb": "PNG", "EventData.TrID": "335", "EventData.Namespace": "CON", "EventData.CorrelationVector": "nn/6rhUrhUSKOnqY.335.0", "EventData.Bytes": "127", "EventData.Payload": "TVMtQ1Y6IG5uLzZyaFVyaFVTS09ucVkuMzM1LjANCg0KPHBpbmctcmVzcG9uc2U+PHdhaXQ+NDg8L3dhaXQ+PGNvbm5lY3Rpb24tc3RhdHVzPkNvbm5lY3RlZDwvY29ubmVjdGlvbi1zdGF0dXM+PC9waW5nLXJlc3BvbnNlPg==", "EventData.ConnectionType": "1"}
{"EventID": "1268", "Channel": "Microsoft-Windows-PushNotification-Platform/Operational", "Provider_Name": "Microsoft-Windows-PushNotifications-Platform", "Computer": "DESKTOP-OFJ6N53", "TimeCreated": "2025-08-26 07:25:28.432426+00:00", "RecordID": "3705336", "Level": "5", "UserID": "S-1-5-18", "EventData.Verb": "PNG", "EventData.TrID": "335", "EventData.Namespace": "CON", "EventData.CorrelationVector": "nn/6rhUrhUSKOnqY.335.0", "EventData.Bytes": "127", "EventData.Payload": "UE5HIDMzNSBDT04AMTI3DQpNUy1DVjogbm4vNnJoVXJoVVNLT25xWS4zMzUuMA0KDQo8cGluZy1yZXNwb25zZT48d2FpdD40ODwvd2FpdD48Y29ubmVjdGlvbi1zdGF0dXM+Q29ubmVjdGVkPC9jb25uZWN0aW9uLXN0YXR1cw==", "EventData.ConnectionType": "1"}
{"EventID": "1223", "Channel": "Microsoft-Windows-PushNotification-Platform/Operational", "Provider_Name": "Microsoft-Windows-PushNotifications-Platform", "Computer": "DESKTOP-OFJ6N53", "TimeCreated": "2025-08-26 07:26:26.898342+00:00", "RecordID": "3705337", "Level": "5", "UserID": "S-1-5-18", "EventData.Verb": "PNG", "EventData.TrID": "336", "EventData.Namespace": "CON", "EventData.CorrelationVector": "nn/6rhUrhUSKOnqY.336", "EventData.Bytes": "29", "EventData.Payload": "Q29udGV4dDogYTJjZTQyNzQwY2JkMmRkYg0KDQo=", "EventData.ConnectionType": "1"}
{"EventID": "1267", "Channel": "Microsoft-Windows-PushNotification-Platform/Operational", "Provider_Name": "Microsoft-Windows-PushNotifications-Platform", "Computer": "DESKTOP-OFJ6N53", "TimeCreated": "2025-08-26 07:26:26.898344+00:00", "RecordID": "3705338", "Level": "5", "UserID": "S-1-5-18", "EventData.Verb": "PNG", "EventData.TrID": "336", "EventData.Namespace": "CON", "EventData.CorrelationVector": "nn/6rhUrhUSKOnqY.336", "EventData.Bytes": "74", "EventData.Payload": "UE5HIDMzNiBDT04gNTgNCk1TLUNWOiBubi82cmhVcmhVU0tPbnFZLjMzNg0KQ29udGV4dDogYTJjZTQyNzQwY2JkMmRkYg0KDQo=", "EventData.ConnectionType": "1"}
{"EventID": "1225", "Channel": "Microsoft-Windows-PushNotification-Platform/Operational", "Provider_Name": "Microsoft-Windows-PushNotifications-Platform", "Computer": "DESKTOP-OFJ6N53", "TimeCreated": "2025-08-26 07:26:26.945097+00:00", "RecordID": "3705339", "Level": "5", "UserID": "S-1-5-18", "EventData.Verb": "PNG", "EventData.TrID": "336", "EventData.Namespace": "CON", "EventData.CorrelationVector": "nn/6rhUrhUSKOnqY.336.0", "EventData.Bytes": "127", "EventData.Payload": "TVMtQ1Y6IG5uLzZyaFVyaFVTS09ucVkuMzM2LjANCg0KPHBpbmctcmVzcG9uc2U+PHdhaXQ+NDU8L3dhaXQ+PGNvbm5lY3Rpb24tc3RhdHVzPkNvbm5lY3RlZDwvY29ubmVjdGlvbi1zdGF0dXM+PC9waW5nLXJlc3BvbnNlPg==", "EventData.ConnectionType": "1"}
{"EventID": "1268", "Channel": "Microsoft-Windows-PushNotification-Platform/Operational", "Provider_Name": "Microsoft-Windows-PushNotifications-Platform", "Computer": "DESKTOP-OFJ6N53", "TimeCreated": "2025-08-26 07:26:26.945097+00:00", "RecordID": "3705340", "Level": "5", "UserID": "S-1-5-18", "EventData.Verb": "PNG", "EventData.TrID": "336", "EventData.Namespace": "CON", "EventData.CorrelationVector": "nn/6rhUrhUSKOnqY.336.0", "EventData.Bytes": "127", "EventData.Payload": "UE5HIDMzNiBDT04AMTI3DQpNUy1DVjogbm4vNnJoVXJoVVNLT25xWS4zMzYuMA0KDQo8cGluZy1yZXNwb25zZT48d2FpdD40NTwvd2FpdD48Y29ubmVjdGlvbi1zdGF0dXM+Q29ubmVjdGVkPC9jb25uZWN0aW9uLXN0YXR1cw==", "EventData.ConnectionType": "1"}
{"EventID": "1223", "Channel": "Microsoft-Windows-PushNotification-Platform/Operational", "Provider_Name": "Microsoft-Windows-PushNotifications-Platform", "Computer": "DESKTOP-OFJ6N53", "TimeCreated": "2025-08-26 07:27:27.050974+00:00", "RecordID": "3705341", "Level": "5", "UserID": "S-1-5-18", "EventData.Verb": "PNG", "EventData.TrID": "337", "EventData.Namespace": "CON", "EventData.CorrelationVector": "nn/6rhUrhUSKOnqY.337", "EventData.Bytes": "29", "EventData.Payload": "Q29udGV4dDogNTdjMmJmNmZkMjVlYWIwMg0KDQo=", "EventData.ConnectionType": "1"}
{"EventID": "1267", "Channel": "Microsoft-Windows-PushNotification-Platform/Operational", "Provider_Name": "Microsoft-Windows-PushNotifications-Platform", "Computer": "DESKTOP-OFJ6N53", "TimeCreated": "2025-08-26 07:27:27.050976+00:00", "RecordID": "3705342", "Level": "5", "UserID": "S-1-5-18", "EventData.Verb": "PNG", "EventData.TrID": "337", "EventData.Namespace": "CON", "EventData.CorrelationVector": "nn/6rhUrhUSKOnqY.337", "EventData.Bytes": "74", "EventData.Payload": "UE5HIDMzNyBDT04gNTgNCk1TLUNWOiBubi82cmhVcmhVU0tPbnFZLjMzNw0KQ29udGV4dDogNTdjMmJmNmZkMjVlYWIwMg0KDQo=", "EventData.ConnectionType": "1"}
{"EventID": "1225", "Channel": "Microsoft-Windows-PushNotification-Platform/Operational", "Provider_Name": "Microsoft-Windows-PushNotifications-Platform", "Computer": "DESKTOP-OFJ6N53", "TimeCreated": "2025-08-26 07:27:27.158419+00:00", "RecordID": "3705343", "Level": "5", "UserID": "S-1-5-18", "EventData.Verb": "PNG", "EventData.TrID": "337", "EventData.Namespace": "CON", "EventData.CorrelationVector": "nn/6rhUrhUSKOnqY.337.0", "EventData.Bytes": "127", "EventData.Payload": "TVMtQ1Y6IG5uLzZyaFVyaFVTS09ucVkuMzM3LjANCg0KPHBpbmctcmVzcG9uc2U+PHdhaXQ+NTA8L3dhaXQ+PGNvbm5lY3Rpb24tc3RhdHVzPkNvbm5lY3RlZDwvY29ubmVjdGlvbi1zdGF0dXM+PC9waW5nLXJlc3BvbnNlPg==", "EventData.ConnectionType": "1"}
{"EventID": "1268", "Channel": "Microsoft-Windows-PushNotification-Platform/Operational", "Provider_Name": "Microsoft-Windows-PushNotifications-Platform", "Computer": "DESKTOP-OFJ6N53", "TimeCreated": "2025-08-26 07:27:27.158421+00:00", "RecordID": "3705344", "Level": "5", "UserID": "S-1-5-18", "EventData.Verb": "PNG", "EventData.TrID": "337", "EventData.Namespace": "CON", "EventData.CorrelationVector": "nn/6rhUrhUSKOnqY.337.0", "EventData.Bytes": "127", "EventData.Payload": "UE5HIDMzNyBDT04AMTI3DQpNUy1DVjogbm4vNnJoVXJoVVNLT25xWS4zMzcuMA0KDQo8cGluZy1yZXNwb25zZT48d2FpdD41MDwvd2FpdD48Y29ubmVjdGlvbi1zdGF0dXM+Q29ubmVjdGVkPC9jb25uZWN0aW9uLXN0YXR1cw==", "EventData.ConnectionType": "1"}
{"EventID": "1223", "Channel": "Microsoft-Windows-PushNotification-Platform/Operational", "Provider_Name": "Microsoft-Windows-PushNotifications-Platform", "Computer": "DESKTOP-OFJ6N53", "TimeCreated": "2025-08-26 07:28:27.223185+00:00", "RecordID": "3705345", "Level": "5", "UserID": "S-1-5-18", "EventData.Verb": "PNG", "EventData.TrID": "338", "EventData.Namespace": "CON", "EventData.CorrelationVector": "nn/6rhUrhUSKOnqY.338", "EventData.Bytes": "29", "EventData.Payload": "Q29udGV4dDogYTQ1OTJhYWIyNzI1ZGZkOQ0KDQo=", "EventData.ConnectionType": "1"}
{"EventID": "1267", "Channel": "Microsoft-Windows-PushNotification-Platform/Operational", "Provider_Name": "Microsoft-Windows-PushNotifications-Platform", "Computer": "DESKTOP-OFJ6N53", "TimeCreated": "2025-08-26 07:28:27.223186+00:00", "RecordID": "3705346", "Level": "5", "UserID": "S-1-5-18", "EventData.Verb": "PNG", "EventData.TrID": "338", "EventData.Namespace": "CON", "EventData.CorrelationVector": "nn/6rhUrhUSKOnqY.338", "EventData.Bytes": "74", "EventData.Payload": "UE5HIDMzOCBDT04gNTgNCk1TLUNWOiBubi82cmhVcmhVU0tPbnFZLjMzOA0KQ29udGV4dDogYTQ1OTJhYWIyNzI1ZGZkOQ0KDQo=", "EventData.ConnectionType": "1"}
{"EventID": "1225", "Channel": "Microsoft-Windows-PushNotification-Platform/Operational", "Provider_Name": "Microsoft-Windows-PushNotifications-Platform", "Computer": "DESKTOP-OFJ6N53", "TimeCreated": "2025-08-26 07:28:27.410570+00:00", "RecordID": "3705347", "Level": "5", "UserID": "S-1-5-18", "EventData.Verb": "PNG", "EventData.TrID": "338", "EventData.Namespace": "CON", "EventData.CorrelationVector": "nn/6rhUrhUSKOnqY.338.0", "EventData.Bytes": "127", "EventData.Payload": "TVMtQ1Y6IG5uLzZyaFVyaFVTS09ucVkuMzM4LjANCg0KPHBpbmctcmVzcG9uc2U+PHdhaXQ+NDI8L3dhaXQ+PGNvbm5lY3Rpb24tc3RhdHVzPkNvbm5lY3RlZDwvY29ubmVjdGlvbi1zdGF0dXM+PC9waW5nLXJlc3BvbnNlPg==", "EventData.ConnectionType": "1"}
{"EventID": "1268", "Channel": "Microsoft-Windows-PushNotification-Platform/Operational", "Provider_Name": "Microsoft-Windows-PushNotifications-Platform", "Computer": "DESKTOP-OFJ6N53", "TimeCreated": "2025-08-26 07:28:27.410574+00:00", "RecordID": "3705348", "Level": "5", "UserID": "S-1-5-18", "EventData.Verb": "PNG", "EventData.TrID": "338", "EventData.Namespace": "CON", "EventData.CorrelationVector": "nn/6rhUrhUSKOnqY.338.0", "EventData.Bytes": "127", "EventData.Payload": "UE5HIDMzOCBDT04AMTI3DQpNUy1DVjogbm4vNnJoVXJoVVNLT25xWS4zMzguMA0KDQo8cGluZy1yZXNwb25zZT48d2FpdD40Mjwvd2FpdD48Y29ubmVjdGlvbi1zdGF0dXM+Q29ubmVjdGVkPC9jb25uZWN0aW9uLXN0YXR1cw==", "EventData.ConnectionType": "1"}
{"EventID": "1223", "Channel": "Microsoft-Windows-PushNotification-Platform/Operational", "Provider_Name": "Microsoft-Windows-PushNotifications-Platform", "Computer": "DESKTOP-OFJ6N53", "TimeCreated": "2025-08-26 07:29:27.255939+00:00", "RecordID": "3705349", "Level": "5", "UserID": "S-1-5-18", "EventData.Verb": "PNG", "EventData.TrID": "339", "EventData.Namespace": "CON", "EventData.CorrelationVector": "nn/6rhUrhUSKOnqY.339", "EventData.Bytes": "29", "EventData.Payload": "Q29udGV4dDogM2VhZWQ2NmVhZDg4ZjQzZQ0KDQo=", "EventData.ConnectionType": "1"}
{"EventID": "1267", "Channel": "Microsoft-Windows-PushNotification-Platform/Operational", "Provider_Name": "Microsoft-Windows-PushNotifications-Platform", "Computer": "DESKTOP-OFJ6N53", "TimeCreated": "2025-08-26 07:29:27.255939+00:00", "RecordID": "3705350", "Level": "5", "UserID": "S-1-5-18", "EventData.Verb": "PNG", "EventData.TrID": "339", "EventData.Namespace": "CON", "EventData.CorrelationVector": "nn/6rhUrhUSKOnqY.339", "EventData.Bytes": "74", "EventData.Payload": "UE5HIDMzOSBDT04gNTgNCk1TLUNWOiBubi82cmhVcmhVU0tPbnFZLjMzOQ0KQ29udGV4dDogM2VhZWQ2NmVhZDg4ZjQzZQ0KDQo=", "EventData.ConnectionType": "1"}
{"EventID": "1225", "Channel": "Microsoft-Windows-PushNotification-Platform/Operational", "Provider_Name": "Microsoft-Windows-PushNotifications-Platform", "Computer": "DESKTOP-OFJ6N53", "TimeCreated": "2025-08-26 07:29:27.303087+00:00", "RecordID": "3705351", "Level": "5", "UserID": "S-1-5-18", "EventData.Verb": "PNG", "EventData.TrID": "339", "EventData.Namespace": "CON", "EventData.CorrelationVector": "nn/6rhUrhUSKOnqY.339.0", "EventData.Bytes": "127", "EventData.Payload": "TVMtQ1Y6IG5uLzZyaFVyaFVTS09ucVkuMzM5LjANCg0KPHBpbmctcmVzcG9uc2U+PHdhaXQ+NDM8L3dhaXQ+PGNvbm5lY3Rpb24tc3RhdHVzPkNvbm5lY3RlZDwvY29ubmVjdGlvbi1zdGF0dXM+PC9waW5nLXJlc3BvbnNlPg==", "EventData.ConnectionType": "1"}
{"EventID": "1268", "Channel": "Microsoft-Windows-PushNotification-Platform/Operational", "Provider_Name": "Microsoft-Windows-PushNotifications-Platform", "Computer": "DESKTOP-OFJ6N53", "TimeCreated": "2025-08-26 07:29:27.303089+00:00", "RecordID": "3705352", "Level": "5", "UserID": "S-1-5-18", "EventData.Verb": "PNG", "EventData.TrID": "339", "EventData.Namespace": "CON", "EventData.CorrelationVector": "nn/6rhUrhUSKOnqY.339.0", "EventData.Bytes": "127", "EventData.Payload": "UE5HIDMzOSBDT04AMTI3DQpNUy1DVjogbm4vNnJoVXJoVVNLT25xWS4zMzkuMA0KDQo8cGluZy1yZXNwb25zZT48d2FpdD40Mzwvd2FpdD48Y29ubmVjdGlvbi1zdGF0dXM+Q29ubmVjdGVkPC9jb25uZWN0aW9uLXN0YXR1cw==", "EventData.ConnectionType": "1"}
{"EventID": "1223", "Channel": "Microsoft-Windows-PushNotification-Platform/Operational", "Provider_Name": "Microsoft-Windows-PushNotifications-Platform", "Computer": "DESKTOP-OFJ6N53", "TimeCreated": "2025-08-26 07:30:27.267494+00:00", "RecordID": "3705353", "Level": "5", "UserID": "S-1-5-18", "EventData.Verb": "PNG", "EventData.TrID": "340", "EventData.Namespace": "CON", "EventData.CorrelationVector": "nn/6rhUrhUSKOnqY.340", "EventData.Bytes": "29", "EventData.Payload": "Q29udGV4dDogNjRiNGNkMDljZWU0ZmEzMg0KDQo=", "EventData.ConnectionType": "1"}
{"EventID": "1267", "Channel": "Microsoft-Windows-PushNotification-Platform/Operational", "Provider_Name": "Microsoft-Windows-PushNotifications-Platform", "Computer": "DESKTOP-OFJ6N53", "TimeCreated": "2025-08-26 07:30:27.267496+00:00", "RecordID": "3705354", "Level": "5", "UserID": "S-1-5-18", "EventData.Verb": "PNG", "EventData.TrID": "340", "EventData.Namespace": "CON", "EventData.CorrelationVector": "nn/6rhUrhUSKOnqY.340", "EventData.Bytes": "74", "EventData.Payload": "UE5HIDM0MCBDT04gNTgNCk1TLUNWOiBubi82cmhVcmhVU0tPbnFZLjM0MA0KQ29udGV4dDogNjRiNGNkMDljZWU0ZmEzMg0KDQo=", "EventData.ConnectionType": "1"}
{"EventID": "1225", "Channel": "Microsoft-Windows-PushNotification-Platform/Operational", "Provider_Name": "Microsoft-Windows-PushNotifications-Platform", "Computer": "DESKTOP-OFJ6N53", "TimeCreated": "2025-08-26 07:30:27.314960+00:00", "RecordID": "3705355", "Level": "5", "UserID": "S-1-5-18", "EventData.Verb": "PNG", "EventData.TrID": "340", "EventData.Namespace": "CON", "EventData.CorrelationVector": "nn/6rhUrhUSKOnqY.340.0", "EventData.Bytes": "127", "EventData.Payload": "TVMtQ1Y6IG5uLzZyaFVyaFVTS09ucVkuMzQwLjANCg0KPHBpbmctcmVzcG9uc2U+PHdhaXQ+NTA8L3dhaXQ+PGNvbm5lY3Rpb24tc3RhdHVzPkNvbm5lY3RlZDwvY29ubmVjdGlvbi1zdGF0dXM+PC9waW5nLXJlc3BvbnNlPg==", "EventData.ConnectionType": "1"}
{"EventID": "1268", "Channel": "Microsoft-Windows-PushNotification-Platform/Operational", "Provider_Name": "Microsoft-Windows-PushNotifications-Platform", "Computer": "DESKTOP-OFJ6N53", "TimeCreated": "2025-08-26 07:30:27.314962+00:00", "RecordID": "3705356", "Level": "5", "UserID": "S-1-5-18", "EventData.Verb": "PNG", "EventData.TrID": "340", "EventData.Namespace": "CON", "EventData.CorrelationVector": "nn/6rhUrhUSKOnqY.340.0", "EventData.Bytes": "127", "EventData.Payload": "UE5HIDM0MCBDT04AMTI3DQpNUy1DVjogbm4vNnJoVXJoVVNLT25xWS4zNDAuMA0KDQo8cGluZy1yZXNwb25zZT48d2FpdD41MDwvd2FpdD48Y29ubmVjdGlvbi1zdGF0dXM+Q29ubmVjdGVkPC9jb25uZWN0aW9uLXN0YXR1cw==", "EventData.ConnectionType": "1"}
{"EventID": "1223", "Channel": "Microsoft-Windows-PushNotification-Platform/Operational", "Provider_Name": "Microsoft-Windows-PushNotifications-Platform", "Computer": "DESKTOP-OFJ6N53", "TimeCreated": "2025-08-26 07:31:27.273558+00:00", "RecordID": "3705357", "Level": "5", "UserID": "S-1-5-18", "EventData.Verb": "PNG", "EventData.TrID": "341", "EventData.Namespace": "CON", "EventData.CorrelationVector": "nn/6rhUrhUSKOnqY.341", "EventData.Bytes": "29", "EventData.Payload": "Q29udGV4dDogYmM0MGQyZTI2ZjJmMTczMg0KDQo=", "EventData.ConnectionType": "1"}
{"EventID": "1267", "Channel": "Microsoft-Windows-PushNotification-Platform/Operational", "Provider_Name": "Microsoft-Windows-PushNotifications-Platform", "Computer": "DESKTOP-OFJ6N53", "TimeCreated": "2025-08-26 07:31:27.273560+00:00", "RecordID": "3705358", "Level": "5", "UserID": "S-1-5-18", "EventData.Verb": "PNG", "EventData.TrID": "341", "EventData.Namespace": "CON", "EventData.CorrelationVector": "nn/6rhUrhUSKOnqY.341", "EventData.Bytes": "74", "EventData.Payload": "UE5HIDM0MSBDT04gNTgNCk1TLUNWOiBubi82cmhVcmhVU0tPbnFZLjM0MQ0KQ29udGV4dDogYmM0MGQyZTI2ZjJmMTczMg0KDQo=", "EventData.ConnectionType": "1"}
{"EventID": "1225", "Channel": "Microsoft-Windows-PushNotification-Platform/Operational", "Provider_Name": "Microsoft-Windows-PushNotifications-Platform", "Computer": "DESKTOP-OFJ6N53", "TimeCreated": "2025-08-26 07:31:27.325672+00:00", "RecordID": "3705359", "Level": "5", "UserID": "S-1-5-18", "EventData.Verb": "PNG", "EventData.TrID": "341", "EventData.Namespace": "CON", "EventData.CorrelationVector": "nn/6rhUrhUSKOnqY.341.0", "EventData.Bytes": "127", "EventData.Payload": "TVMtQ1Y6IG5uLzZyaFVyaFVTS09ucVkuMzQxLjANCg0KPHBpbmctcmVzcG9uc2U+PHdhaXQ+NDc8L3dhaXQ+PGNvbm5lY3Rpb24tc3RhdHVzPkNvbm5lY3RlZDwvY29ubmVjdGlvbi1zdGF0dXM+PC9waW5nLXJlc3BvbnNlPg==", "EventData.ConnectionType": "1"}
{"EventID": "1268", "Channel": "Microsoft-Windows-PushNotification-Platform/Operational", "Provider_Name": "Microsoft-Windows-PushNotifications-Platform", "Computer": "DESKTOP-OFJ6N53", "TimeCreated": "2025-08-26 07:31:27.325674+00:00", "RecordID": "3705360", "Level": "5", "UserID": "S-1-5-18", "EventData.Verb": "PNG", "EventData.TrID": "341", "EventData.Namespace": "CON", "EventData.CorrelationVector": "nn/6rhUrhUSKOnqY.341.0", "EventData.Bytes": "127", "EventData.Payload": "UE5HIDM0MSBDT04AMTI3DQpNUy1DVjogbm4vNnJoVXJoVVNLT25xWS4zNDEuMA0KDQo8cGluZy1yZXNwb25zZT48d2FpdD40Nzwvd2FpdD48Y29ubmVjdGlvbi1zdGF0dXM+Q29ubmVjdGVkPC9jb25uZWN0aW9uLXN0YXR1cw==", "EventData.ConnectionType": "1"}
{"EventID": "1223", "Channel": "Microsoft-Windows-PushNotification-Platform/Operational", "Provider_Name": "Microsoft-Windows-PushNotifications-Platform", "Computer": "DESKTOP-OFJ6N53", "TimeCreated": "2025-08-26 07:32:27.278875+00:00", "RecordID": "3705361", "Level": "5", "UserID": "S-1-5-18", "EventData.Verb": "PNG", "EventData.TrID": "342", "EventData.Namespace": "CON", "EventData.CorrelationVector": "nn/6rhUrhUSKOnqY.342", "EventData.Bytes": "29", "EventData.Payload": "Q29udGV4dDogMzBjZmQ1N2Y0ZGEyM2I2OQ0KDQo=", "EventData.ConnectionType": "1"}
{"EventID": "1267", "Channel": "Microsoft-Windows-PushNotification-Platform/Operational", "Provider_Name": "Microsoft-Windows-PushNotifications-Platform", "Computer": "DESKTOP-OFJ6N53", "TimeCreated": "2025-08-26 07:32:27.278875+00:00", "RecordID": "3705362", "Level": "5", "UserID": "S-1-5-18", "EventData.Verb": "PNG", "EventData.TrID": "342", "EventData.Namespace": "CON", "EventData.CorrelationVector": "nn/6rhUrhUSKOnqY.342", "EventData.Bytes": "74", "EventData.Payload": "UE5HIDM0MiBDT04gNTgNCk1TLUNWOiBubi82cmhVcmhVU0tPbnFZLjM0Mg0KQ29udGV4dDogMzBjZmQ1N2Y0ZGEyM2I2OQ0KDQo=", "EventData.ConnectionType": "1"}
{"EventID": "1225", "Channel": "Microsoft-Windows-PushNotification-Platform/Operational", "Provider_Name": "Microsoft-Windows-PushNotifications-Platform", "Computer": "DESKTOP-OFJ6N53", "TimeCreated": "2025-08-26 07:32:27.326281+00:00", "RecordID": "3705363", "Level": "5", "UserID": "S-1-5-18", "EventData.Verb": "PNG", "EventData.TrID": "342", "EventData.Namespace": "CON", "EventData.CorrelationVector": "nn/6rhUrhUSKOnqY.342.0", "EventData.Bytes": "127", "EventData.Payload": "TVMtQ1Y6IG5uLzZyaFVyaFVTS09ucVkuMzQyLjANCg0KPHBpbmctcmVzcG9uc2U+PHdhaXQ+NDM8L3dhaXQ+PGNvbm5lY3Rpb24tc3RhdHVzPkNvbm5lY3RlZDwvY29ubmVjdGlvbi1zdGF0dXM+PC9waW5nLXJlc3BvbnNlPg==", "EventData.ConnectionType": "1"}
{"EventID": "1268", "Channel": "Microsoft-Windows-PushNotification-Platform/Operational", "Provider_Name": "Microsoft-Windows-PushNotifications-Platform", "Computer": "DESKTOP-OFJ6N53", "TimeCreated": "2025-08-26 07:32:27.326283+00:00", "RecordID": "3705364", "Level": "5", "UserID": "S-1-5-18", "EventData.Verb": "PNG", "EventData.TrID": "342", "EventData.Namespace": "CON", "EventData.CorrelationVector": "nn/6rhUrhUSKOnqY.342.0", "EventData.Bytes": "127", "EventData.Payload": "UE5HIDM0MiBDT04AMTI3DQpNUy1DVjogbm4vNnJoVXJoVVNLT25xWS4zNDIuMA0KDQo8cGluZy1yZXNwb25zZT48d2FpdD40Mzwvd2FpdD48Y29ubmVjdGlvbi1zdGF0dXM+Q29ubmVjdGVkPC9jb25uZWN0aW9uLXN0YXR1cw==", "EventData.ConnectionType": "1"}
