{"EventID": "505", "Channel": "Microsoft-Windows-Application-Experience/Program-Telemetry", "Provider_Name": "Microsoft-Windows-Application-Experience", "Computer": "DESKTOP-OFJ6N53", "TimeCreated": "2025-08-12 11:57:25.936880+00:00", "RecordID": "17127", "Level": "4", "UserID": "S-1-5-21-963789628-1060504924-4285088085-1001"}
{"EventID": "505", "Channel": "Microsoft-Windows-Application-Experience/Program-Telemetry", "Provider_Name": "Microsoft-Windows-Application-Experience", "Computer": "DESKTOP-OFJ6N53", "TimeCreated": "2025-08-12 12:17:48.317898+00:00", "RecordID": "17128", "Level": "4", "UserID": "S-1-5-18"}
{"EventID": "505", "Channel": "Microsoft-Windows-Application-Experience/Program-Telemetry", "Provider_Name": "Microsoft-Windows-Application-Experience", "Computer": "DESKTOP-OFJ6N53", "TimeCreated": "2025-08-12 12:19:35.669289+00:00", "RecordID": "17129", "Level": "4", "UserID": "S-1-5-21-963789628-1060504924-4285088085-1001"}
{"EventID": "505", "Channel": "Microsoft-Windows-Application-Experience/Program-Telemetry", "Provider_Name": "Microsoft-Windows-Application-Experience", "Computer": "DESKTOP-OFJ6N53", "TimeCreated": "2025-08-12 12:19:40.239927+00:00", "RecordID": "17130", "Level": "4", "UserID": "S-1-5-21-963789628-1060504924-4285088085-1001"}
{"EventID": "505", "Channel": "Microsoft-Windows-Application-Experience/Program-Telemetry", "Provider_Name": "Microsoft-Windows-Application-Experience", "Computer": "DESKTOP-OFJ6N53", "TimeCreated": "2025-08-12 12:21:55.986958+00:00", "RecordID": "17131", "Level": "4", "UserID": "S-1-5-21-963789628-1060504924-4285088085-1001"}
{"EventID": "505", "Channel": "Microsoft-Windows-Application-Experience/Program-Telemetry", "Provider_Name": "Microsoft-Windows-Application-Experience", "Computer": "DESKTOP-OFJ6N53", "TimeCreated": "2025-08-12 12:22:51.951199+00:00", "RecordID": "17132", "Level": "4", "UserID": "S-1-5-21-963789628-1060504924-4285088085-1001"}
{"EventID": "505", "Channel": "Microsoft-Windows-Application-Experience/Program-Telemetry", "Provider_Name": "Microsoft-Windows-Application-Experience", "Computer": "DESKTOP-OFJ6N53", "TimeCreated": "2025-08-12 13:28:06.917429+00:00", "RecordID": "17133", "Level": "4", "UserID": "S-1-5-21-963789628-1060504924-4285088085-1001"}
{"EventID": "505", "Channel": "Microsoft-Windows-Application-Experience/Program-Telemetry", "Provider_Name": "Microsoft-Windows-Application-Experience", "Computer": "DESKTOP-OFJ6N53", "TimeCreated": "2025-08-12 14:03:22.553539+00:00", "RecordID": "17134", "Level": "4", "UserID": "S-1-5-21-963789628-1060504924-4285088085-1001"}
{"EventID": "500", "Channel": "Microsoft-Windows-Application-Experience/Program-Telemetry", "Provider_Name": "Microsoft-Windows-Application-Experience", "Computer": "DESKTOP-OFJ6N53", "TimeCreated": "2025-08-12 14:07:02.794004+00:00", "RecordID": "17135", "Level": "4", "UserID": "S-1-5-21-963789628-1060504924-4285088085-1001"}
{"EventID": "500", "Channel": "Microsoft-Windows-Application-Experience/Program-Telemetry", "Provider_Name": "Microsoft-Windows-Application-Experience", "Computer": "DESKTOP-OFJ6N53", "TimeCreated": "2025-08-12 14:07:03.090492+00:00", "RecordID": "17136", "Level": "4", "UserID": "S-1-5-21-963789628-1060504924-4285088085-1001"}
{"EventID": "500", "Channel": "Microsoft-Windows-Application-Experience/Program-Telemetry", "Provider_Name": "Microsoft-Windows-Application-Experience", "Computer": "DESKTOP-OFJ6N53", "TimeCreated": "2025-08-12 14:07:03.827612+00:00", "RecordID": "17137", "Level": "4", "UserID": "S-1-5-21-963789628-1060504924-4285088085-1001"}
{"EventID": "500", "Channel": "Microsoft-Windows-Application-Experience/Program-Telemetry", "Provider_Name": "Microsoft-Windows-Application-Experience", "Computer": "DESKTOP-OFJ6N53", "TimeCreated": "2025-08-12 14:07:03.850893+00:00", "RecordID": "17138", "Level": "4", "UserID": "S-1-5-21-963789628-1060504924-4285088085-1001"}
{"EventID": "500", "Channel": "Microsoft-Windows-Application-Experience/Program-Telemetry", "Provider_Name": "Microsoft-Windows-Application-Experience", "Computer": "DESKTOP-OFJ6N53", "TimeCreated": "2025-08-12 14:07:09.224499+00:00", "RecordID": "17139", "Level": "4", "UserID": "S-1-5-21-963789628-1060504924-4285088085-1001"}
{"EventID": "500", "Channel": "Microsoft-Windows-Application-Experience/Program-Telemetry", "Provider_Name": "Microsoft-Windows-Application-Experience", "Computer": "DESKTOP-OFJ6N53", "TimeCreated": "2025-08-12 14:07:33.865665+00:00", "RecordID": "17140", "Level": "4", "UserID": "S-1-5-21-963789628-1060504924-4285088085-1001"}
{"EventID": "500", "Channel": "Microsoft-Windows-Application-Experience/Program-Telemetry", "Provider_Name": "Microsoft-Windows-Application-Experience", "Computer": "DESKTOP-OFJ6N53", "TimeCreated": "2025-08-12 14:07:33.866009+00:00", "RecordID": "17141", "Level": "4", "UserID": "S-1-5-21-963789628-1060504924-4285088085-1001"}
{"EventID": "500", "Channel": "Microsoft-Windows-Application-Experience/Program-Telemetry", "Provider_Name": "Microsoft-Windows-Application-Experience", "Computer": "DESKTOP-OFJ6N53", "TimeCreated": "2025-08-12 14:07:33.875355+00:00", "RecordID": "17142", "Level": "4", "UserID": "S-1-5-21-963789628-1060504924-4285088085-1001"}
{"EventID": "500", "Channel": "Microsoft-Windows-Application-Experience/Program-Telemetry", "Provider_Name": "Microsoft-Windows-Application-Experience", "Computer": "DESKTOP-OFJ6N53", "TimeCreated": "2025-08-12 14:09:03.869692+00:00", "RecordID": "17143", "Level": "4", "UserID": "S-1-5-21-963789628-1060504924-4285088085-1001"}
{"EventID": "500", "Channel": "Microsoft-Windows-Application-Experience/Program-Telemetry", "Provider_Name": "Microsoft-Windows-Application-Experience", "Computer": "DESKTOP-OFJ6N53", "TimeCreated": "2025-08-12 14:10:04.000229+00:00", "RecordID": "17144", "Level": "4", "UserID": "S-1-5-21-963789628-1060504924-4285088085-1001"}
{"EventID": "505", "Channel": "Microsoft-Windows-Application-Experience/Program-Telemetry", "Provider_Name": "Microsoft-Windows-Application-Experience", "Computer": "DESKTOP-OFJ6N53", "TimeCreated": "2025-08-12 14:20:12.387531+00:00", "RecordID": "17145", "Level": "4", "UserID": "S-1-5-21-963789628-1060504924-4285088085-1001"}
{"EventID": "505", "Channel": "Microsoft-Windows-Application-Experience/Program-Telemetry", "Provider_Name": "Microsoft-Windows-Application-Experience", "Computer": "DESKTOP-OFJ6N53", "TimeCreated": "2025-08-12 14:20:12.617947+00:00", "RecordID": "17146", "Level": "4", "UserID": "S-1-5-21-963789628-1060504924-4285088085-1001"}
{"EventID": "505", "Channel": "Microsoft-Windows-Application-Experience/Program-Telemetry", "Provider_Name": "Microsoft-Windows-Application-Experience", "Computer": "DESKTOP-OFJ6N53", "TimeCreated": "2025-08-12 14:20:51.256845+00:00", "RecordID": "17147", "Level": "4", "UserID": "S-1-5-21-963789628-1060504924-4285088085-1001"}
{"EventID": "505", "Channel": "Microsoft-Windows-Application-Experience/Program-Telemetry", "Provider_Name": "Microsoft-Windows-Application-Experience", "Computer": "DESKTOP-OFJ6N53", "TimeCreated": "2025-08-12 14:31:39.767216+00:00", "RecordID": "17148", "Level": "4", "UserID": "S-1-5-21-963789628-1060504924-4285088085-1001"}
{"EventID": "505", "Channel": "Microsoft-Windows-Application-Experience/Program-Telemetry", "Provider_Name": "Microsoft-Windows-Application-Experience", "Computer": "DESKTOP-OFJ6N53", "TimeCreated": "2025-08-12 14:31:39.833305+00:00", "RecordID": "17149", "Level": "4", "UserID": "S-1-5-21-963789628-1060504924-4285088085-1001"}
{"EventID": "505", "Channel": "Microsoft-Windows-Application-Experience/Program-Telemetry", "Provider_Name": "Microsoft-Windows-Application-Experience", "Computer": "DESKTOP-OFJ6N53", "TimeCreated": "2025-08-12 14:31:40.503325+00:00", "RecordID": "17150", "Level": "4", "UserID": "S-1-5-21-963789628-1060504924-4285088085-1001"}
{"EventID": "505", "Channel": "Microsoft-Windows-Application-Experience/Program-Telemetry", "Provider_Name": "Microsoft-Windows-Application-Experience", "Computer": "DESKTOP-OFJ6N53", "TimeCreated": "2025-08-12 14:31:40.509268+00:00", "RecordID": "17151", "Level": "4", "UserID": "S-1-5-21-963789628-1060504924-4285088085-1001"}
{"EventID": "505", "Channel": "Microsoft-Windows-Application-Experience/Program-Telemetry", "Provider_Name": "Microsoft-Windows-Application-Experience", "Computer": "DESKTOP-OFJ6N53", "TimeCreated": "2025-08-12 14:31:44.793825+00:00", "RecordID": "17152", "Level": "4", "UserID": "S-1-5-21-963789628-1060504924-4285088085-1001"}
{"EventID": "505", "Channel": "Microsoft-Windows-Application-Experience/Program-Telemetry", "Provider_Name": "Microsoft-Windows-Application-Experience", "Computer": "DESKTOP-OFJ6N53", "TimeCreated": "2025-08-12 14:32:10.512300+00:00", "RecordID": "17153", "Level": "4", "UserID": "S-1-5-21-963789628-1060504924-4285088085-1001"}
{"EventID": "505", "Channel": "Microsoft-Windows-Application-Experience/Program-Telemetry", "Provider_Name": "Microsoft-Windows-Application-Experience", "Computer": "DESKTOP-OFJ6N53", "TimeCreated": "2025-08-12 14:32:10.520773+00:00", "RecordID": "17154", "Level": "4", "UserID": "S-1-5-21-963789628-1060504924-4285088085-1001"}
{"EventID": "505", "Channel": "Microsoft-Windows-Application-Experience/Program-Telemetry", "Provider_Name": "Microsoft-Windows-Application-Experience", "Computer": "DESKTOP-OFJ6N53", "TimeCreated": "2025-08-12 14:32:10.531607+00:00", "RecordID": "17155", "Level": "4", "UserID": "S-1-5-21-963789628-1060504924-4285088085-1001"}
{"EventID": "505", "Channel": "Microsoft-Windows-Application-Experience/Program-Telemetry", "Provider_Name": "Microsoft-Windows-Application-Experience", "Computer": "DESKTOP-OFJ6N53", "TimeCreated": "2025-08-12 14:50:44.900414+00:00", "RecordID": "17156", "Level": "4", "UserID": "S-1-5-21-963789628-1060504924-4285088085-1001"}
{"EventID": "505", "Channel": "Microsoft-Windows-Application-Experience/Program-Telemetry", "Provider_Name": "Microsoft-Windows-Application-Experience", "Computer": "DESKTOP-OFJ6N53", "TimeCreated": "2025-08-12 14:50:44.973660+00:00", "RecordID": "17157", "Level": "4", "UserID": "S-1-5-21-963789628-1060504924-4285088085-1001"}
{"EventID": "505", "Channel": "Microsoft-Windows-Application-Experience/Program-Telemetry", "Provider_Name": "Microsoft-Windows-Application-Experience", "Computer": "DESKTOP-OFJ6N53", "TimeCreated": "2025-08-12 14:50:45.232271+00:00", "RecordID": "17158", "Level": "4", "UserID": "S-1-5-21-963789628-1060504924-4285088085-1001"}
{"EventID": "505", "Channel": "Microsoft-Windows-Application-Experience/Program-Telemetry", "Provider_Name": "Microsoft-Windows-Application-Experience", "Computer": "DESKTOP-OFJ6N53", "TimeCreated": "2025-08-12 14:50:45.234581+00:00", "RecordID": "17159", "Level": "4", "UserID": "S-1-5-21-963789628-1060504924-4285088085-1001"}
{"EventID": "505", "Channel": "Microsoft-Windows-Application-Experience/Program-Telemetry", "Provider_Name": "Microsoft-Windows-Application-Experience", "Computer": "DESKTOP-OFJ6N53", "TimeCreated": "2025-08-12 14:50:48.525988+00:00", "RecordID": "17160", "Level": "4", "UserID": "S-1-5-21-963789628-1060504924-4285088085-1001"}
{"EventID": "505", "Channel": "Microsoft-Windows-Application-Experience/Program-Telemetry", "Provider_Name": "Microsoft-Windows-Application-Experience", "Computer": "DESKTOP-OFJ6N53", "TimeCreated": "2025-08-12 14:51:15.229071+00:00", "RecordID": "17161", "Level": "4", "UserID": "S-1-5-21-963789628-1060504924-4285088085-1001"}
{"EventID": "505", "Channel": "Microsoft-Windows-Application-Experience/Program-Telemetry", "Provider_Name": "Microsoft-Windows-Application-Experience", "Computer": "DESKTOP-OFJ6N53", "TimeCreated": "2025-08-12 14:51:15.235722+00:00", "RecordID": "17162", "Level": "4", "UserID": "S-1-5-21-963789628-1060504924-4285088085-1001"}
{"EventID": "505", "Channel": "Microsoft-Windows-Application-Experience/Program-Telemetry", "Provider_Name": "Microsoft-Windows-Application-Experience", "Computer": "DESKTOP-OFJ6N53", "TimeCreated": "2025-08-12 14:51:15.240673+00:00", "RecordID": "17163", "Level": "4", "UserID": "S-1-5-21-963789628-1060504924-4285088085-1001"}
{"EventID": "505", "Channel": "Microsoft-Windows-Application-Experience/Program-Telemetry", "Provider_Name": "Microsoft-Windows-Application-Experience", "Computer": "DESKTOP-OFJ6N53", "TimeCreated": "2025-08-12 14:52:45.229292+00:00", "RecordID": "17164", "Level": "4", "UserID": "S-1-5-21-963789628-1060504924-4285088085-1001"}
{"EventID": "505", "Channel": "Microsoft-Windows-Application-Experience/Program-Telemetry", "Provider_Name": "Microsoft-Windows-Application-Experience", "Computer": "DESKTOP-OFJ6N53", "TimeCreated": "2025-08-12 17:02:36.902706+00:00", "RecordID": "17165", "Level": "4", "UserID": "S-1-5-21-963789628-1060504924-4285088085-1001"}
{"EventID": "505", "Channel": "Microsoft-Windows-Application-Experience/Program-Telemetry", "Provider_Name": "Microsoft-Windows-Application-Experience", "Computer": "DESKTOP-OFJ6N53", "TimeCreated": "2025-08-13 05:02:37.724281+00:00", "RecordID": "17166", "Level": "4", "UserID": "S-1-5-21-963789628-1060504924-4285088085-1001"}
{"EventID": "505", "Channel": "Microsoft-Windows-Application-Experience/Program-Telemetry", "Provider_Name": "Microsoft-Windows-Application-Experience", "Computer": "DESKTOP-OFJ6N53", "TimeCreated": "2025-08-13 05:02:39.165030+00:00", "RecordID": "17167", "Level": "4", "UserID": "S-1-5-21-963789628-1060504924-4285088085-1001"}
{"EventID": "505", "Channel": "Microsoft-Windows-Application-Experience/Program-Telemetry", "Provider_Name": "Microsoft-Windows-Application-Experience", "Computer": "DESKTOP-OFJ6N53", "TimeCreated": "2025-08-13 09:21:45.152403+00:00", "RecordID": "17168", "Level": "4", "UserID": "S-1-5-21-963789628-1060504924-4285088085-1001"}
{"EventID": "505", "Channel": "Microsoft-Windows-Application-Experience/Program-Telemetry", "Provider_Name": "Microsoft-Windows-Application-Experience", "Computer": "DESKTOP-OFJ6N53", "TimeCreated": "2025-08-13 09:21:45.913773+00:00", "RecordID": "17169", "Level": "4", "UserID": "S-1-5-21-963789628-1060504924-4285088085-1001"}
{"EventID": "505", "Channel": "Microsoft-Windows-Application-Experience/Program-Telemetry", "Provider_Name": "Microsoft-Windows-Application-Experience", "Computer": "DESKTOP-OFJ6N53", "TimeCreated": "2025-08-13 09:35:35.039921+00:00", "RecordID": "17170", "Level": "4", "UserID": "S-1-5-21-963789628-1060504924-4285088085-1001"}
{"EventID": "505", "Channel": "Microsoft-Windows-Application-Experience/Program-Telemetry", "Provider_Name": "Microsoft-Windows-Application-Experience", "Computer": "DESKTOP-OFJ6N53", "TimeCreated": "2025-08-13 09:35:54.424013+00:00", "RecordID": "17171", "Level": "4", "UserID": "S-1-5-21-963789628-1060504924-4285088085-1001"}
{"EventID": "505", "Channel": "Microsoft-Windows-Application-Experience/Program-Telemetry", "Provider_Name": "Microsoft-Windows-Application-Experience", "Computer": "DESKTOP-OFJ6N53", "TimeCreated": "2025-08-13 09:36:33.652861+00:00", "RecordID": "17172", "Level": "4", "UserID": "S-1-5-21-963789628-1060504924-4285088085-1001"}
{"EventID": "505", "Channel": "Microsoft-Windows-Application-Experience/Program-Telemetry", "Provider_Name": "Microsoft-Windows-Application-Experience", "Computer": "DESKTOP-OFJ6N53", "TimeCreated": "2025-08-13 09:36:58.548960+00:00", "RecordID": "17173", "Level": "4", "UserID": "S-1-5-21-963789628-1060504924-4285088085-1001"}
{"EventID": "505", "Channel": "Microsoft-Windows-Application-Experience/Program-Telemetry", "Provider_Name": "Microsoft-Windows-Application-Experience", "Computer": "DESKTOP-OFJ6N53", "TimeCreated": "2025-08-13 09:37:16.290571+00:00", "RecordID": "17174", "Level": "4", "UserID": "S-1-5-21-963789628-1060504924-4285088085-1001"}
{"EventID": "505", "Channel": "Microsoft-Windows-Application-Experience/Program-Telemetry", "Provider_Name": "Microsoft-Windows-Application-Experience", "Computer": "DESKTOP-OFJ6N53", "TimeCreated": "2025-08-13 11:17:14.432076+00:00", "RecordID": "17175", "Level": "4", "UserID": "S-1-5-21-963789628-1060504924-4285088085-1001"}
{"EventID": "505", "Channel": "Microsoft-Windows-Application-Experience/Program-Telemetry", "Provider_Name": "Microsoft-Windows-Application-Experience", "Computer": "DESKTOP-OFJ6N53", "TimeCreated": "2025-08-13 11:17:14.832985+00:00", "RecordID": "17176", "Level": "4", "UserID": "S-1-5-21-963789628-1060504924-4285088085-1001"}
{"EventID": "505", "Channel": "Microsoft-Windows-Application-Experience/Program-Telemetry", "Provider_Name": "Microsoft-Windows-Application-Experience", "Computer": "DESKTOP-OFJ6N53", "TimeCreated": "2025-08-13 11:51:01.179182+00:00", "RecordID": "17177", "Level": "4", "UserID": "S-1-5-21-963789628-1060504924-4285088085-1001"}
{"EventID": "505", "Channel": "Microsoft-Windows-Application-Experience/Program-Telemetry", "Provider_Name": "Microsoft-Windows-Application-Experience", "Computer": "DESKTOP-OFJ6N53", "TimeCreated": "2025-08-13 11:51:01.434156+00:00", "RecordID": "17178", "Level": "4", "UserID": "S-1-5-21-963789628-1060504924-4285088085-1001"}
{"EventID": "505", "Channel": "Microsoft-Windows-Application-Experience/Program-Telemetry", "Provider_Name": "Microsoft-Windows-Application-Experience", "Computer": "DESKTOP-OFJ6N53", "TimeCreated": "2025-08-13 11:51:02.190472+00:00", "RecordID": "17179", "Level": "4", "UserID": "S-1-5-21-963789628-1060504924-4285088085-1001"}
{"EventID": "505", "Channel": "Microsoft-Windows-Application-Experience/Program-Telemetry", "Provider_Name": "Microsoft-Windows-Application-Experience", "Computer": "DESKTOP-OFJ6N53", "TimeCreated": "2025-08-13 11:51:02.317198+00:00", "RecordID": "17180", "Level": "4", "UserID": "S-1-5-21-963789628-1060504924-4285088085-1001"}
{"EventID": "505", "Channel": "Microsoft-Windows-Application-Experience/Program-Telemetry", "Provider_Name": "Microsoft-Windows-Application-Experience", "Computer": "DESKTOP-OFJ6N53", "TimeCreated": "2025-08-13 11:51:08.093039+00:00", "RecordID": "17181", "Level": "4", "UserID": "S-1-5-21-963789628-1060504924-4285088085-1001"}
{"EventID": "505", "Channel": "Microsoft-Windows-Application-Experience/Program-Telemetry", "Provider_Name": "Microsoft-Windows-Application-Experience", "Computer": "DESKTOP-OFJ6N53", "TimeCreated": "2025-08-13 11:51:32.215672+00:00", "RecordID": "17182", "Level": "4", "UserID": "S-1-5-21-963789628-1060504924-4285088085-1001"}
{"EventID": "505", "Channel": "Microsoft-Windows-Application-Experience/Program-Telemetry", "Provider_Name": "Microsoft-Windows-Application-Experience", "Computer": "DESKTOP-OFJ6N53", "TimeCreated": "2025-08-13 11:51:32.222162+00:00", "RecordID": "17183", "Level": "4", "UserID": "S-1-5-21-963789628-1060504924-4285088085-1001"}
{"EventID": "505", "Channel": "Microsoft-Windows-Application-Experience/Program-Telemetry", "Provider_Name": "Microsoft-Windows-Application-Experience", "Computer": "DESKTOP-OFJ6N53", "TimeCreated": "2025-08-13 11:51:32.223200+00:00", "RecordID": "17184", "Level": "4", "UserID": "S-1-5-21-963789628-1060504924-4285088085-1001"}
{"EventID": "505", "Channel": "Microsoft-Windows-Application-Experience/Program-Telemetry", "Provider_Name": "Microsoft-Windows-Application-Experience", "Computer": "DESKTOP-OFJ6N53", "TimeCreated": "2025-08-13 11:53:02.246782+00:00", "RecordID": "17185", "Level": "4", "UserID": "S-1-5-21-963789628-1060504924-4285088085-1001"}
{"EventID": "505", "Channel": "Microsoft-Windows-Application-Experience/Program-Telemetry", "Provider_Name": "Microsoft-Windows-Application-Experience", "Computer": "DESKTOP-OFJ6N53", "TimeCreated": "2025-08-13 12:09:29.372065+00:00", "RecordID": "17186", "Level": "4", "UserID": "S-1-5-21-963789628-1060504924-4285088085-1001"}
{"EventID": "505", "Channel": "Microsoft-Windows-Application-Experience/Program-Telemetry", "Provider_Name": "Microsoft-Windows-Application-Experience", "Computer": "DESKTOP-OFJ6N53", "TimeCreated": "2025-08-13 12:09:29.440781+00:00", "RecordID": "17187", "Level": "4", "UserID": "S-1-5-21-963789628-1060504924-4285088085-1001"}
{"EventID": "505", "Channel": "Microsoft-Windows-Application-Experience/Program-Telemetry", "Provider_Name": "Microsoft-Windows-Application-Experience", "Computer": "DESKTOP-OFJ6N53", "TimeCreated": "2025-08-13 12:09:29.660669+00:00", "RecordID": "17188", "Level": "4", "UserID": "S-1-5-21-963789628-1060504924-4285088085-1001"}
{"EventID": "505", "Channel": "Microsoft-Windows-Application-Experience/Program-Telemetry", "Provider_Name": "Microsoft-Windows-Application-Experience", "Computer": "DESKTOP-OFJ6N53", "TimeCreated": "2025-08-13 12:09:29.785748+00:00", "RecordID": "17189", "Level": "4", "UserID": "S-1-5-21-963789628-1060504924-4285088085-1001"}
{"EventID": "505", "Channel": "Microsoft-Windows-Application-Experience/Program-Telemetry", "Provider_Name": "Microsoft-Windows-Application-Experience", "Computer": "DESKTOP-OFJ6N53", "TimeCreated": "2025-08-13 12:09:32.999495+00:00", "RecordID": "17190", "Level": "4", "UserID": "S-1-5-21-963789628-1060504924-4285088085-1001"}
{"EventID": "505", "Channel": "Microsoft-Windows-Application-Experience/Program-Telemetry", "Provider_Name": "Microsoft-Windows-Application-Experience", "Computer": "DESKTOP-OFJ6N53", "TimeCreated": "2025-08-13 13:13:09.850706+00:00", "RecordID": "17191", "Level": "4", "UserID": "S-1-5-21-963789628-1060504924-4285088085-1001"}
{"EventID": "505", "Channel": "Microsoft-Windows-Application-Experience/Program-Telemetry", "Provider_Name": "Microsoft-Windows-Application-Experience", "Computer": "DESKTOP-OFJ6N53", "TimeCreated": "2025-08-13 14:26:05.110802+00:00", "RecordID": "17192", "Level": "4", "UserID": "S-1-5-21-963789628-1060504924-4285088085-1001"}
{"EventID": "505", "Channel": "Microsoft-Windows-Application-Experience/Program-Telemetry", "Provider_Name": "Microsoft-Windows-Application-Experience", "Computer": "DESKTOP-OFJ6N53", "TimeCreated": "2025-08-13 14:26:05.720613+00:00", "RecordID": "17193", "Level": "4", "UserID": "S-1-5-21-963789628-1060504924-4285088085-1001"}
{"EventID": "505", "Channel": "Microsoft-Windows-Application-Experience/Program-Telemetry", "Provider_Name": "Microsoft-Windows-Application-Experience", "Computer": "DESKTOP-OFJ6N53", "TimeCreated": "2025-08-13 14:26:07.276405+00:00", "RecordID": "17194", "Level": "4", "UserID": "S-1-5-21-963789628-1060504924-4285088085-1001"}
{"EventID": "505", "Channel": "Microsoft-Windows-Application-Experience/Program-Telemetry", "Provider_Name": "Microsoft-Windows-Application-Experience", "Computer": "DESKTOP-OFJ6N53", "TimeCreated": "2025-08-13 14:26:07.634325+00:00", "RecordID": "17195", "Level": "4", "UserID": "S-1-5-21-963789628-1060504924-4285088085-1001"}
{"EventID": "505", "Channel": "Microsoft-Windows-Application-Experience/Program-Telemetry", "Provider_Name": "Microsoft-Windows-Application-Experience", "Computer": "DESKTOP-OFJ6N53", "TimeCreated": "2025-08-13 14:26:17.369995+00:00", "RecordID": "17196", "Level": "4", "UserID": "S-1-5-21-963789628-1060504924-4285088085-1001"}
{"EventID": "505", "Channel": "Microsoft-Windows-Application-Experience/Program-Telemetry", "Provider_Name": "Microsoft-Windows-Application-Experience", "Computer": "DESKTOP-OFJ6N53", "TimeCreated": "2025-08-13 14:40:25.116526+00:00", "RecordID": "17197", "Level": "4", "UserID": "S-1-5-18"}
{"EventID": "505", "Channel": "Microsoft-Windows-Application-Experience/Program-Telemetry", "Provider_Name": "Microsoft-Windows-Application-Experience", "Computer": "DESKTOP-OFJ6N53", "TimeCreated": "2025-08-13 14:43:58.177807+00:00", "RecordID": "17198", "Level": "4", "UserID": "S-1-5-21-963789628-1060504924-4285088085-1001"}
{"EventID": "505", "Channel": "Microsoft-Windows-Application-Experience/Program-Telemetry", "Provider_Name": "Microsoft-Windows-Application-Experience", "Computer": "DESKTOP-OFJ6N53", "TimeCreated": "2025-08-13 14:43:58.218538+00:00", "RecordID": "17199", "Level": "4", "UserID": "S-1-5-21-963789628-1060504924-4285088085-1001"}
{"EventID": "505", "Channel": "Microsoft-Windows-Application-Experience/Program-Telemetry", "Provider_Name": "Microsoft-Windows-Application-Experience", "Computer": "DESKTOP-OFJ6N53", "TimeCreated": "2025-08-13 14:45:14.059031+00:00", "RecordID": "17200", "Level": "4", "UserID": "S-1-5-21-963789628-1060504924-4285088085-1001"}
{"EventID": "505", "Channel": "Microsoft-Windows-Application-Experience/Program-Telemetry", "Provider_Name": "Microsoft-Windows-Application-Experience", "Computer": "DESKTOP-OFJ6N53", "TimeCreated": "2025-08-13 14:46:26.720280+00:00", "RecordID": "17201", "Level": "4", "UserID": "S-1-5-21-963789628-1060504924-4285088085-1001"}
{"EventID": "505", "Channel": "Microsoft-Windows-Application-Experience/Program-Telemetry", "Provider_Name": "Microsoft-Windows-Application-Experience", "Computer": "DESKTOP-OFJ6N53", "TimeCreated": "2025-08-13 15:30:27.038254+00:00", "RecordID": "17202", "Level": "4", "UserID": "S-1-5-21-963789628-1060504924-4285088085-1001"}
{"EventID": "505", "Channel": "Microsoft-Windows-Application-Experience/Program-Telemetry", "Provider_Name": "Microsoft-Windows-Application-Experience", "Computer": "DESKTOP-OFJ6N53", "TimeCreated": "2025-08-13 16:01:47.157017+00:00", "RecordID": "17203", "Level": "4", "UserID": "S-1-5-21-963789628-1060504924-4285088085-1001"}
{"EventID": "505", "Channel": "Microsoft-Windows-Application-Experience/Program-Telemetry", "Provider_Name": "Microsoft-Windows-Application-Experience", "Computer": "DESKTOP-OFJ6N53", "TimeCreated": "2025-08-13 17:02:06.571373+00:00", "RecordID": "17204", "Level": "4", "UserID": "S-1-5-21-963789628-1060504924-4285088085-1001"}
{"EventID": "505", "Channel": "Microsoft-Windows-Application-Experience/Program-Telemetry", "Provider_Name": "Microsoft-Windows-Application-Experience", "Computer": "DESKTOP-OFJ6N53", "TimeCreated": "2025-08-13 17:21:45.687248+00:00", "RecordID": "17205", "Level": "4", "UserID": "S-1-5-21-963789628-1060504924-4285088085-1001"}
{"EventID": "505", "Channel": "Microsoft-Windows-Application-Experience/Program-Telemetry", "Provider_Name": "Microsoft-Windows-Application-Experience", "Computer": "DESKTOP-OFJ6N53", "TimeCreated": "2025-08-13 20:59:18.494980+00:00", "RecordID": "17206", "Level": "4", "UserID": "S-1-5-21-963789628-1060504924-4285088085-1001"}
{"EventID": "505", "Channel": "Microsoft-Windows-Application-Experience/Program-Telemetry", "Provider_Name": "Microsoft-Windows-Application-Experience", "Computer": "DESKTOP-OFJ6N53", "TimeCreated": "2025-08-13 20:59:18.646656+00:00", "RecordID": "17207", "Level": "4", "UserID": "S-1-5-21-963789628-1060504924-4285088085-1001"}
{"EventID": "505", "Channel": "Microsoft-Windows-Application-Experience/Program-Telemetry", "Provider_Name": "Microsoft-Windows-Application-Experience", "Computer": "DESKTOP-OFJ6N53", "TimeCreated": "2025-08-13 20:59:19.058710+00:00", "RecordID": "17208", "Level": "4", "UserID": "S-1-5-21-963789628-1060504924-4285088085-1001"}
{"EventID": "505", "Channel": "Microsoft-Windows-Application-Experience/Program-Telemetry", "Provider_Name": "Microsoft-Windows-Application-Experience", "Computer": "DESKTOP-OFJ6N53", "TimeCreated": "2025-08-13 20:59:19.194487+00:00", "RecordID": "17209", "Level": "4", "UserID": "S-1-5-21-963789628-1060504924-4285088085-1001"}
{"EventID": "505", "Channel": "Microsoft-Windows-Application-Experience/Program-Telemetry", "Provider_Name": "Microsoft-Windows-Application-Experience", "Computer": "DESKTOP-OFJ6N53", "TimeCreated": "2025-08-13 20:59:24.211395+00:00", "RecordID": "17210", "Level": "4", "UserID": "S-1-5-21-963789628-1060504924-4285088085-1001"}
{"EventID": "505", "Channel": "Microsoft-Windows-Application-Experience/Program-Telemetry", "Provider_Name": "Microsoft-Windows-Application-Experience", "Computer": "DESKTOP-OFJ6N53", "TimeCreated": "2025-08-13 21:56:05.847034+00:00", "RecordID": "17211", "Level": "4", "UserID": "S-1-5-21-963789628-1060504924-4285088085-1001"}
{"EventID": "505", "Channel": "Microsoft-Windows-Application-Experience/Program-Telemetry", "Provider_Name": "Microsoft-Windows-Application-Experience", "Computer": "DESKTOP-OFJ6N53", "TimeCreated": "2025-08-13 21:56:05.912331+00:00", "RecordID": "17212", "Level": "4", "UserID": "S-1-5-21-963789628-1060504924-4285088085-1001"}
{"EventID": "505", "Channel": "Microsoft-Windows-Application-Experience/Program-Telemetry", "Provider_Name": "Microsoft-Windows-Application-Experience", "Computer": "DESKTOP-OFJ6N53", "TimeCreated": "2025-08-13 21:56:06.153900+00:00", "RecordID": "17213", "Level": "4", "UserID": "S-1-5-21-963789628-1060504924-4285088085-1001"}
{"EventID": "505", "Channel": "Microsoft-Windows-Application-Experience/Program-Telemetry", "Provider_Name": "Microsoft-Windows-Application-Experience", "Computer": "DESKTOP-OFJ6N53", "TimeCreated": "2025-08-13 21:56:06.314093+00:00", "RecordID": "17214", "Level": "4", "UserID": "S-1-5-21-963789628-1060504924-4285088085-1001"}
{"EventID": "505", "Channel": "Microsoft-Windows-Application-Experience/Program-Telemetry", "Provider_Name": "Microsoft-Windows-Application-Experience", "Computer": "DESKTOP-OFJ6N53", "TimeCreated": "2025-08-13 21:56:10.405443+00:00", "RecordID": "17215", "Level": "4", "UserID": "S-1-5-21-963789628-1060504924-4285088085-1001"}
{"EventID": "505", "Channel": "Microsoft-Windows-Application-Experience/Program-Telemetry", "Provider_Name": "Microsoft-Windows-Application-Experience", "Computer": "DESKTOP-OFJ6N53", "TimeCreated": "2025-08-13 22:08:32.564724+00:00", "RecordID": "17216", "Level": "4", "UserID": "S-1-5-21-963789628-1060504924-4285088085-1001"}
{"EventID": "505", "Channel": "Microsoft-Windows-Application-Experience/Program-Telemetry", "Provider_Name": "Microsoft-Windows-Application-Experience", "Computer": "DESKTOP-OFJ6N53", "TimeCreated": "2025-08-13 23:39:27.398388+00:00", "RecordID": "17217", "Level": "4", "UserID": "S-1-5-21-963789628-1060504924-4285088085-1001"}
{"EventID": "505", "Channel": "Microsoft-Windows-Application-Experience/Program-Telemetry", "Provider_Name": "Microsoft-Windows-Application-Experience", "Computer": "DESKTOP-OFJ6N53", "TimeCreated": "2025-08-13 23:39:27.681383+00:00", "RecordID": "17218", "Level": "4", "UserID": "S-1-5-21-963789628-1060504924-4285088085-1001"}
{"EventID": "505", "Channel": "Microsoft-Windows-Application-Experience/Program-Telemetry", "Provider_Name": "Microsoft-Windows-Application-Experience", "Computer": "DESKTOP-OFJ6N53", "TimeCreated": "2025-08-13 23:39:28.699039+00:00", "RecordID": "17219", "Level": "4", "UserID": "S-1-5-21-963789628-1060504924-4285088085-1001"}
{"EventID": "505", "Channel": "Microsoft-Windows-Application-Experience/Program-Telemetry", "Provider_Name": "Microsoft-Windows-Application-Experience", "Computer": "DESKTOP-OFJ6N53", "TimeCreated": "2025-08-13 23:39:29.084757+00:00", "RecordID": "17220", "Level": "4", "UserID": "S-1-5-21-963789628-1060504924-4285088085-1001"}
{"EventID": "505", "Channel": "Microsoft-Windows-Application-Experience/Program-Telemetry", "Provider_Name": "Microsoft-Windows-Application-Experience", "Computer": "DESKTOP-OFJ6N53", "TimeCreated": "2025-08-13 23:39:34.911903+00:00", "RecordID": "17221", "Level": "4", "UserID": "S-1-5-21-963789628-1060504924-4285088085-1001"}
{"EventID": "505", "Channel": "Microsoft-Windows-Application-Experience/Program-Telemetry", "Provider_Name": "Microsoft-Windows-Application-Experience", "Computer": "DESKTOP-OFJ6N53", "TimeCreated": "2025-08-13 23:39:58.789173+00:00", "RecordID": "17222", "Level": "4", "UserID": "S-1-5-21-963789628-1060504924-4285088085-1001"}
{"EventID": "505", "Channel": "Microsoft-Windows-Application-Experience/Program-Telemetry", "Provider_Name": "Microsoft-Windows-Application-Experience", "Computer": "DESKTOP-OFJ6N53", "TimeCreated": "2025-08-13 23:39:58.797905+00:00", "RecordID": "17223", "Level": "4", "UserID": "S-1-5-21-963789628-1060504924-4285088085-1001"}
{"EventID": "505", "Channel": "Microsoft-Windows-Application-Experience/Program-Telemetry", "Provider_Name": "Microsoft-Windows-Application-Experience", "Computer": "DESKTOP-OFJ6N53", "TimeCreated": "2025-08-13 23:39:58.798628+00:00", "RecordID": "17224", "Level": "4", "UserID": "S-1-5-21-963789628-1060504924-4285088085-1001"}
{"EventID": "505", "Channel": "Microsoft-Windows-Application-Experience/Program-Telemetry", "Provider_Name": "Microsoft-Windows-Application-Experience", "Computer": "DESKTOP-OFJ6N53", "TimeCreated": "2025-08-13 23:41:28.733822+00:00", "RecordID": "17225", "Level": "4", "UserID": "S-1-5-21-963789628-1060504924-4285088085-1001"}
{"EventID": "505", "Channel": "Microsoft-Windows-Application-Experience/Program-Telemetry", "Provider_Name": "Microsoft-Windows-Application-Experience", "Computer": "DESKTOP-OFJ6N53", "TimeCreated": "2025-08-14 05:02:42.967319+00:00", "RecordID": "17226", "Level": "4", "UserID": "S-1-5-21-963789628-1060504924-4285088085-1001"}
{"EventID": "505", "Channel": "Microsoft-Windows-Application-Experience/Program-Telemetry", "Provider_Name": "Microsoft-Windows-Application-Experience", "Computer": "DESKTOP-OFJ6N53", "TimeCreated": "2025-08-14 05:02:45.981598+00:00", "RecordID": "17227", "Level": "4", "UserID": "S-1-5-21-963789628-1060504924-4285088085-1001"}
{"EventID": "505", "Channel": "Microsoft-Windows-Application-Experience/Program-Telemetry", "Provider_Name": "Microsoft-Windows-Application-Experience", "Computer": "DESKTOP-OFJ6N53", "TimeCreated": "2025-08-14 08:38:57.928967+00:00", "RecordID": "17228", "Level": "4", "UserID": "S-1-5-21-963789628-1060504924-4285088085-1001"}
{"EventID": "505", "Channel": "Microsoft-Windows-Application-Experience/Program-Telemetry", "Provider_Name": "Microsoft-Windows-Application-Experience", "Computer": "DESKTOP-OFJ6N53", "TimeCreated": "2025-08-14 09:40:00.733046+00:00", "RecordID": "17229", "Level": "4", "UserID": "S-1-5-21-963789628-1060504924-4285088085-1001"}
{"EventID": "505", "Channel": "Microsoft-Windows-Application-Experience/Program-Telemetry", "Provider_Name": "Microsoft-Windows-Application-Experience", "Computer": "DESKTOP-OFJ6N53", "TimeCreated": "2025-08-14 09:40:01.152407+00:00", "RecordID": "17230", "Level": "4", "UserID": "S-1-5-21-963789628-1060504924-4285088085-1001"}
{"EventID": "505", "Channel": "Microsoft-Windows-Application-Experience/Program-Telemetry", "Provider_Name": "Microsoft-Windows-Application-Experience", "Computer": "DESKTOP-OFJ6N53", "TimeCreated": "2025-08-14 09:40:02.158003+00:00", "RecordID": "17231", "Level": "4", "UserID": "S-1-5-21-963789628-1060504924-4285088085-1001"}
{"EventID": "505", "Channel": "Microsoft-Windows-Application-Experience/Program-Telemetry", "Provider_Name": "Microsoft-Windows-Application-Experience", "Computer": "DESKTOP-OFJ6N53", "TimeCreated": "2025-08-14 09:40:02.246332+00:00", "RecordID": "17232", "Level": "4", "UserID": "S-1-5-21-963789628-1060504924-4285088085-1001"}
{"EventID": "505", "Channel": "Microsoft-Windows-Application-Experience/Program-Telemetry", "Provider_Name": "Microsoft-Windows-Application-Experience", "Computer": "DESKTOP-OFJ6N53", "TimeCreated": "2025-08-14 09:40:19.390415+00:00", "RecordID": "17233", "Level": "4", "UserID": "S-1-5-21-963789628-1060504924-4285088085-1001"}
{"EventID": "505", "Channel": "Microsoft-Windows-Application-Experience/Program-Telemetry", "Provider_Name": "Microsoft-Windows-Application-Experience", "Computer": "DESKTOP-OFJ6N53", "TimeCreated": "2025-08-14 09:40:19.654560+00:00", "RecordID": "17234", "Level": "4", "UserID": "S-1-5-21-963789628-1060504924-4285088085-1001"}
{"EventID": "505", "Channel": "Microsoft-Windows-Application-Experience/Program-Telemetry", "Provider_Name": "Microsoft-Windows-Application-Experience", "Computer": "DESKTOP-OFJ6N53", "TimeCreated": "2025-08-14 09:40:20.436491+00:00", "RecordID": "17235", "Level": "4", "UserID": "S-1-5-21-963789628-1060504924-4285088085-1001"}
{"EventID": "505", "Channel": "Microsoft-Windows-Application-Experience/Program-Telemetry", "Provider_Name": "Microsoft-Windows-Application-Experience", "Computer": "DESKTOP-OFJ6N53", "TimeCreated": "2025-08-14 09:40:20.521538+00:00", "RecordID": "17236", "Level": "4", "UserID": "S-1-5-21-963789628-1060504924-4285088085-1001"}
{"EventID": "505", "Channel": "Microsoft-Windows-Application-Experience/Program-Telemetry", "Provider_Name": "Microsoft-Windows-Application-Experience", "Computer": "DESKTOP-OFJ6N53", "TimeCreated": "2025-08-14 09:40:27.467840+00:00", "RecordID": "17237", "Level": "4", "UserID": "S-1-5-21-963789628-1060504924-4285088085-1001"}
{"EventID": "505", "Channel": "Microsoft-Windows-Application-Experience/Program-Telemetry", "Provider_Name": "Microsoft-Windows-Application-Experience", "Computer": "DESKTOP-OFJ6N53", "TimeCreated": "2025-08-14 09:40:50.530346+00:00", "RecordID": "17238", "Level": "4", "UserID": "S-1-5-21-963789628-1060504924-4285088085-1001"}
{"EventID": "505", "Channel": "Microsoft-Windows-Application-Experience/Program-Telemetry", "Provider_Name": "Microsoft-Windows-Application-Experience", "Computer": "DESKTOP-OFJ6N53", "TimeCreated": "2025-08-14 09:40:50.533535+00:00", "RecordID": "17239", "Level": "4", "UserID": "S-1-5-21-963789628-1060504924-4285088085-1001"}
{"EventID": "505", "Channel": "Microsoft-Windows-Application-Experience/Program-Telemetry", "Provider_Name": "Microsoft-Windows-Application-Experience", "Computer": "DESKTOP-OFJ6N53", "TimeCreated": "2025-08-14 09:40:50.544865+00:00", "RecordID": "17240", "Level": "4", "UserID": "S-1-5-21-963789628-1060504924-4285088085-1001"}
{"EventID": "505", "Channel": "Microsoft-Windows-Application-Experience/Program-Telemetry", "Provider_Name": "Microsoft-Windows-Application-Experience", "Computer": "DESKTOP-OFJ6N53", "TimeCreated": "2025-08-14 09:42:20.573860+00:00", "RecordID": "17241", "Level": "4", "UserID": "S-1-5-21-963789628-1060504924-4285088085-1001"}
{"EventID": "505", "Channel": "Microsoft-Windows-Application-Experience/Program-Telemetry", "Provider_Name": "Microsoft-Windows-Application-Experience", "Computer": "DESKTOP-OFJ6N53", "TimeCreated": "2025-08-14 14:39:05.511032+00:00", "RecordID": "17242", "Level": "4", "UserID": "S-1-5-21-963789628-1060504924-4285088085-1001"}
{"EventID": "505", "Channel": "Microsoft-Windows-Application-Experience/Program-Telemetry", "Provider_Name": "Microsoft-Windows-Application-Experience", "Computer": "DESKTOP-OFJ6N53", "TimeCreated": "2025-08-14 14:39:08.312330+00:00", "RecordID": "17243", "Level": "4", "UserID": "S-1-5-21-963789628-1060504924-4285088085-1001"}
{"EventID": "505", "Channel": "Microsoft-Windows-Application-Experience/Program-Telemetry", "Provider_Name": "Microsoft-Windows-Application-Experience", "Computer": "DESKTOP-OFJ6N53", "TimeCreated": "2025-08-14 17:02:56.618780+00:00", "RecordID": "17244", "Level": "4", "UserID": "S-1-5-21-963789628-1060504924-4285088085-1001"}
{"EventID": "505", "Channel": "Microsoft-Windows-Application-Experience/Program-Telemetry", "Provider_Name": "Microsoft-Windows-Application-Experience", "Computer": "DESKTOP-OFJ6N53", "TimeCreated": "2025-08-15 05:02:00.761005+00:00", "RecordID": "17245", "Level": "4", "UserID": "S-1-5-21-963789628-1060504924-4285088085-1001"}
{"EventID": "505", "Channel": "Microsoft-Windows-Application-Experience/Program-Telemetry", "Provider_Name": "Microsoft-Windows-Application-Experience", "Computer": "DESKTOP-OFJ6N53", "TimeCreated": "2025-08-15 05:02:01.455513+00:00", "RecordID": "17246", "Level": "4", "UserID": "S-1-5-21-963789628-1060504924-4285088085-1001"}
{"EventID": "505", "Channel": "Microsoft-Windows-Application-Experience/Program-Telemetry", "Provider_Name": "Microsoft-Windows-Application-Experience", "Computer": "DESKTOP-OFJ6N53", "TimeCreated": "2025-08-15 07:28:10.616199+00:00", "RecordID": "17247", "Level": "4", "UserID": "S-1-5-21-963789628-1060504924-4285088085-1001"}
{"EventID": "505", "Channel": "Microsoft-Windows-Application-Experience/Program-Telemetry", "Provider_Name": "Microsoft-Windows-Application-Experience", "Computer": "DESKTOP-OFJ6N53", "TimeCreated": "2025-08-15 07:28:17.758505+00:00", "RecordID": "17248", "Level": "4", "UserID": "S-1-5-21-963789628-1060504924-4285088085-1001"}
{"EventID": "505", "Channel": "Microsoft-Windows-Application-Experience/Program-Telemetry", "Provider_Name": "Microsoft-Windows-Application-Experience", "Computer": "DESKTOP-OFJ6N53", "TimeCreated": "2025-08-15 07:28:17.841921+00:00", "RecordID": "17249", "Level": "4", "UserID": "S-1-5-21-963789628-1060504924-4285088085-1001"}
{"EventID": "505", "Channel": "Microsoft-Windows-Application-Experience/Program-Telemetry", "Provider_Name": "Microsoft-Windows-Application-Experience", "Computer": "DESKTOP-OFJ6N53", "TimeCreated": "2025-08-15 08:50:16.777559+00:00", "RecordID": "17250", "Level": "4", "UserID": "S-1-5-21-963789628-1060504924-4285088085-1001"}
{"EventID": "505", "Channel": "Microsoft-Windows-Application-Experience/Program-Telemetry", "Provider_Name": "Microsoft-Windows-Application-Experience", "Computer": "DESKTOP-OFJ6N53", "TimeCreated": "2025-08-15 08:50:16.934319+00:00", "RecordID": "17251", "Level": "4", "UserID": "S-1-5-21-963789628-1060504924-4285088085-1001"}
{"EventID": "505", "Channel": "Microsoft-Windows-Application-Experience/Program-Telemetry", "Provider_Name": "Microsoft-Windows-Application-Experience", "Computer": "DESKTOP-OFJ6N53", "TimeCreated": "2025-08-15 09:31:07.927523+00:00", "RecordID": "17252", "Level": "4", "UserID": "S-1-5-21-963789628-1060504924-4285088085-1001"}
{"EventID": "505", "Channel": "Microsoft-Windows-Application-Experience/Program-Telemetry", "Provider_Name": "Microsoft-Windows-Application-Experience", "Computer": "DESKTOP-OFJ6N53", "TimeCreated": "2025-08-15 09:31:08.377451+00:00", "RecordID": "17253", "Level": "4", "UserID": "S-1-5-21-963789628-1060504924-4285088085-1001"}
{"EventID": "505", "Channel": "Microsoft-Windows-Application-Experience/Program-Telemetry", "Provider_Name": "Microsoft-Windows-Application-Experience", "Computer": "DESKTOP-OFJ6N53", "TimeCreated": "2025-08-15 09:31:54.165731+00:00", "RecordID": "17254", "Level": "4", "UserID": "S-1-5-21-963789628-1060504924-4285088085-1001"}
{"EventID": "505", "Channel": "Microsoft-Windows-Application-Experience/Program-Telemetry", "Provider_Name": "Microsoft-Windows-Application-Experience", "Computer": "DESKTOP-OFJ6N53", "TimeCreated": "2025-08-15 09:31:54.652122+00:00", "RecordID": "17255", "Level": "4", "UserID": "S-1-5-21-963789628-1060504924-4285088085-1001"}
{"EventID": "505", "Channel": "Microsoft-Windows-Application-Experience/Program-Telemetry", "Provider_Name": "Microsoft-Windows-Application-Experience", "Computer": "DESKTOP-OFJ6N53", "TimeCreated": "2025-08-15 09:31:55.628456+00:00", "RecordID": "17256", "Level": "4", "UserID": "S-1-5-21-963789628-1060504924-4285088085-1001"}
{"EventID": "505", "Channel": "Microsoft-Windows-Application-Experience/Program-Telemetry", "Provider_Name": "Microsoft-Windows-Application-Experience", "Computer": "DESKTOP-OFJ6N53", "TimeCreated": "2025-08-15 09:31:55.965258+00:00", "RecordID": "17257", "Level": "4", "UserID": "S-1-5-21-963789628-1060504924-4285088085-1001"}
{"EventID": "505", "Channel": "Microsoft-Windows-Application-Experience/Program-Telemetry", "Provider_Name": "Microsoft-Windows-Application-Experience", "Computer": "DESKTOP-OFJ6N53", "TimeCreated": "2025-08-15 09:32:09.760900+00:00", "RecordID": "17258", "Level": "4", "UserID": "S-1-5-21-963789628-1060504924-4285088085-1001"}
{"EventID": "505", "Channel": "Microsoft-Windows-Application-Experience/Program-Telemetry", "Provider_Name": "Microsoft-Windows-Application-Experience", "Computer": "DESKTOP-OFJ6N53", "TimeCreated": "2025-08-15 09:32:25.796993+00:00", "RecordID": "17259", "Level": "4", "UserID": "S-1-5-21-963789628-1060504924-4285088085-1001"}
{"EventID": "505", "Channel": "Microsoft-Windows-Application-Experience/Program-Telemetry", "Provider_Name": "Microsoft-Windows-Application-Experience", "Computer": "DESKTOP-OFJ6N53", "TimeCreated": "2025-08-15 09:32:25.837681+00:00", "RecordID": "17260", "Level": "4", "UserID": "S-1-5-21-963789628-1060504924-4285088085-1001"}
{"EventID": "505", "Channel": "Microsoft-Windows-Application-Experience/Program-Telemetry", "Provider_Name": "Microsoft-Windows-Application-Experience", "Computer": "DESKTOP-OFJ6N53", "TimeCreated": "2025-08-15 09:32:26.164946+00:00", "RecordID": "17261", "Level": "4", "UserID": "S-1-5-21-963789628-1060504924-4285088085-1001"}
{"EventID": "505", "Channel": "Microsoft-Windows-Application-Experience/Program-Telemetry", "Provider_Name": "Microsoft-Windows-Application-Experience", "Computer": "DESKTOP-OFJ6N53", "TimeCreated": "2025-08-15 09:33:55.763716+00:00", "RecordID": "17262", "Level": "4", "UserID": "S-1-5-21-963789628-1060504924-4285088085-1001"}
{"EventID": "505", "Channel": "Microsoft-Windows-Application-Experience/Program-Telemetry", "Provider_Name": "Microsoft-Windows-Application-Experience", "Computer": "DESKTOP-OFJ6N53", "TimeCreated": "2025-08-15 13:35:56.863453+00:00", "RecordID": "17263", "Level": "4", "UserID": "S-1-5-21-963789628-1060504924-4285088085-1001"}
{"EventID": "505", "Channel": "Microsoft-Windows-Application-Experience/Program-Telemetry", "Provider_Name": "Microsoft-Windows-Application-Experience", "Computer": "DESKTOP-OFJ6N53", "TimeCreated": "2025-08-15 13:35:56.973827+00:00", "RecordID": "17264", "Level": "4", "UserID": "S-1-5-21-963789628-1060504924-4285088085-1001"}
{"EventID": "505", "Channel": "Microsoft-Windows-Application-Experience/Program-Telemetry", "Provider_Name": "Microsoft-Windows-Application-Experience", "Computer": "DESKTOP-OFJ6N53", "TimeCreated": "2025-08-15 13:41:53.548109+00:00", "RecordID": "17265", "Level": "4", "UserID": "S-1-5-21-963789628-1060504924-4285088085-1001"}
{"EventID": "505", "Channel": "Microsoft-Windows-Application-Experience/Program-Telemetry", "Provider_Name": "Microsoft-Windows-Application-Experience", "Computer": "DESKTOP-OFJ6N53", "TimeCreated": "2025-08-15 13:41:53.614563+00:00", "RecordID": "17266", "Level": "4", "UserID": "S-1-5-21-963789628-1060504924-4285088085-1001"}
{"EventID": "505", "Channel": "Microsoft-Windows-Application-Experience/Program-Telemetry", "Provider_Name": "Microsoft-Windows-Application-Experience", "Computer": "DESKTOP-OFJ6N53", "TimeCreated": "2025-08-15 13:41:53.993111+00:00", "RecordID": "17267", "Level": "4", "UserID": "S-1-5-21-963789628-1060504924-4285088085-1001"}
{"EventID": "505", "Channel": "Microsoft-Windows-Application-Experience/Program-Telemetry", "Provider_Name": "Microsoft-Windows-Application-Experience", "Computer": "DESKTOP-OFJ6N53", "TimeCreated": "2025-08-15 13:41:54.040358+00:00", "RecordID": "17268", "Level": "4", "UserID": "S-1-5-21-963789628-1060504924-4285088085-1001"}
{"EventID": "505", "Channel": "Microsoft-Windows-Application-Experience/Program-Telemetry", "Provider_Name": "Microsoft-Windows-Application-Experience", "Computer": "DESKTOP-OFJ6N53", "TimeCreated": "2025-08-15 13:41:57.726627+00:00", "RecordID": "17269", "Level": "4", "UserID": "S-1-5-21-963789628-1060504924-4285088085-1001"}
{"EventID": "505", "Channel": "Microsoft-Windows-Application-Experience/Program-Telemetry", "Provider_Name": "Microsoft-Windows-Application-Experience", "Computer": "DESKTOP-OFJ6N53", "TimeCreated": "2025-08-15 13:42:24.030569+00:00", "RecordID": "17270", "Level": "4", "UserID": "S-1-5-21-963789628-1060504924-4285088085-1001"}
{"EventID": "505", "Channel": "Microsoft-Windows-Application-Experience/Program-Telemetry", "Provider_Name": "Microsoft-Windows-Application-Experience", "Computer": "DESKTOP-OFJ6N53", "TimeCreated": "2025-08-15 13:42:24.036709+00:00", "RecordID": "17271", "Level": "4", "UserID": "S-1-5-21-963789628-1060504924-4285088085-1001"}
{"EventID": "505", "Channel": "Microsoft-Windows-Application-Experience/Program-Telemetry", "Provider_Name": "Microsoft-Windows-Application-Experience", "Computer": "DESKTOP-OFJ6N53", "TimeCreated": "2025-08-15 13:42:24.044039+00:00", "RecordID": "17272", "Level": "4", "UserID": "S-1-5-21-963789628-1060504924-4285088085-1001"}
{"EventID": "505", "Channel": "Microsoft-Windows-Application-Experience/Program-Telemetry", "Provider_Name": "Microsoft-Windows-Application-Experience", "Computer": "DESKTOP-OFJ6N53", "TimeCreated": "2025-08-15 13:43:54.030142+00:00", "RecordID": "17273", "Level": "4", "UserID": "S-1-5-21-963789628-1060504924-4285088085-1001"}
{"EventID": "505", "Channel": "Microsoft-Windows-Application-Experience/Program-Telemetry", "Provider_Name": "Microsoft-Windows-Application-Experience", "Computer": "DESKTOP-OFJ6N53", "TimeCreated": "2025-08-15 15:01:56.009359+00:00", "RecordID": "17274", "Level": "4", "UserID": "S-1-5-21-963789628-1060504924-4285088085-1001"}
{"EventID": "505", "Channel": "Microsoft-Windows-Application-Experience/Program-Telemetry", "Provider_Name": "Microsoft-Windows-Application-Experience", "Computer": "DESKTOP-OFJ6N53", "TimeCreated": "2025-08-15 15:01:56.120588+00:00", "RecordID": "17275", "Level": "4", "UserID": "S-1-5-21-963789628-1060504924-4285088085-1001"}
{"EventID": "505", "Channel": "Microsoft-Windows-Application-Experience/Program-Telemetry", "Provider_Name": "Microsoft-Windows-Application-Experience", "Computer": "DESKTOP-OFJ6N53", "TimeCreated": "2025-08-15 17:02:35.829004+00:00", "RecordID": "17276", "Level": "4", "UserID": "S-1-5-21-963789628-1060504924-4285088085-1001"}
{"EventID": "505", "Channel": "Microsoft-Windows-Application-Experience/Program-Telemetry", "Provider_Name": "Microsoft-Windows-Application-Experience", "Computer": "DESKTOP-OFJ6N53", "TimeCreated": "2025-08-15 17:02:37.568226+00:00", "RecordID": "17277", "Level": "4", "UserID": "S-1-5-21-963789628-1060504924-4285088085-1001"}
{"EventID": "505", "Channel": "Microsoft-Windows-Application-Experience/Program-Telemetry", "Provider_Name": "Microsoft-Windows-Application-Experience", "Computer": "DESKTOP-OFJ6N53", "TimeCreated": "2025-08-16 05:02:27.816751+00:00", "RecordID": "17278", "Level": "4", "UserID": "S-1-5-21-963789628-1060504924-4285088085-1001"}
