{"EventID": "800", "Channel": "Microsoft-Windows-TaskScheduler/Maintenance", "Provider_Name": "Microsoft-Windows-TaskScheduler", "Computer": "DESKTOP-OFJ6N53", "TimeCreated": "2025-07-29 14:38:01.560232+00:00", "RecordID": "13657", "Level": "4", "UserID": "S-1-5-18", "EventData.hc_stateid": "1", "EventData.LastRunDateTime": "‎29.‎07.‎2025 17:38"}
{"EventID": "800", "Channel": "Microsoft-Windows-TaskScheduler/Maintenance", "Provider_Name": "Microsoft-Windows-TaskScheduler", "Computer": "DESKTOP-OFJ6N53", "TimeCreated": "2025-07-29 14:52:40.649635+00:00", "RecordID": "13658", "Level": "4", "UserID": "S-1-5-18", "EventData.hc_stateid": "3", "EventData.LastRunDateTime": "‎29.‎07.‎2025 17:52"}
{"EventID": "800", "Channel": "Microsoft-Windows-TaskScheduler/Maintenance", "Provider_Name": "Microsoft-Windows-TaskScheduler", "Computer": "DESKTOP-OFJ6N53", "TimeCreated": "2025-07-29 14:52:40.753553+00:00", "RecordID": "13659", "Level": "4", "UserID": "S-1-5-18", "EventData.hc_stateid": "1", "EventData.LastRunDateTime": "‎29.‎07.‎2025 17:52"}
{"EventID": "800", "Channel": "Microsoft-Windows-TaskScheduler/Maintenance", "Provider_Name": "Microsoft-Windows-TaskScheduler", "Computer": "DESKTOP-OFJ6N53", "TimeCreated": "2025-07-29 15:29:56.358871+00:00", "RecordID": "13660", "Level": "4", "UserID": "S-1-5-18", "EventData.hc_stateid": "3", "EventData.LastRunDateTime": "‎29.‎07.‎2025 18:29"}
{"EventID": "800", "Channel": "Microsoft-Windows-TaskScheduler/Maintenance", "Provider_Name": "Microsoft-Windows-TaskScheduler", "Computer": "DESKTOP-OFJ6N53", "TimeCreated": "2025-07-29 15:29:56.504967+00:00", "RecordID": "13661", "Level": "4", "UserID": "S-1-5-18", "EventData.hc_stateid": "1", "EventData.LastRunDateTime": "‎29.‎07.‎2025 18:29"}
{"EventID": "800", "Channel": "Microsoft-Windows-TaskScheduler/Maintenance", "Provider_Name": "Microsoft-Windows-TaskScheduler", "Computer": "DESKTOP-OFJ6N53", "TimeCreated": "2025-07-29 17:29:56.408968+00:00", "RecordID": "13662", "Level": "4", "UserID": "S-1-5-18", "EventData.hc_stateid": "3", "EventData.LastRunDateTime": "‎29.‎07.‎2025 20:29"}
{"EventID": "800", "Channel": "Microsoft-Windows-TaskScheduler/Maintenance", "Provider_Name": "Microsoft-Windows-TaskScheduler", "Computer": "DESKTOP-OFJ6N53", "TimeCreated": "2025-07-29 17:31:56.560507+00:00", "RecordID": "13663", "Level": "4", "UserID": "S-1-5-18", "EventData.hc_stateid": "1", "EventData.LastRunDateTime": "‎29.‎07.‎2025 20:31"}
{"EventID": "800", "Channel": "Microsoft-Windows-TaskScheduler/Maintenance", "Provider_Name": "Microsoft-Windows-TaskScheduler", "Computer": "DESKTOP-OFJ6N53", "TimeCreated": "2025-07-30 09:29:56.971010+00:00", "RecordID": "13664", "Level": "4", "UserID": "S-1-5-18", "EventData.hc_stateid": "3", "EventData.LastRunDateTime": "‎30.‎07.‎2025 12:29"}
{"EventID": "800", "Channel": "Microsoft-Windows-TaskScheduler/Maintenance", "Provider_Name": "Microsoft-Windows-TaskScheduler", "Computer": "DESKTOP-OFJ6N53", "TimeCreated": "2025-07-30 09:30:45.318113+00:00", "RecordID": "13665", "Level": "4", "UserID": "S-1-5-18", "EventData.hc_stateid": "1", "EventData.LastRunDateTime": "‎30.‎07.‎2025 12:30"}
{"EventID": "800", "Channel": "Microsoft-Windows-TaskScheduler/Maintenance", "Provider_Name": "Microsoft-Windows-TaskScheduler", "Computer": "DESKTOP-OFJ6N53", "TimeCreated": "2025-07-30 09:30:46.339464+00:00", "RecordID": "13666", "Level": "4", "UserID": "S-1-5-18", "EventData.hc_stateid": "3", "EventData.LastRunDateTime": "‎30.‎07.‎2025 12:30"}
{"EventID": "800", "Channel": "Microsoft-Windows-TaskScheduler/Maintenance", "Provider_Name": "Microsoft-Windows-TaskScheduler", "Computer": "DESKTOP-OFJ6N53", "TimeCreated": "2025-07-30 09:31:51.278273+00:00", "RecordID": "13667", "Level": "4", "UserID": "S-1-5-18", "EventData.hc_stateid": "1", "EventData.LastRunDateTime": "‎30.‎07.‎2025 12:31"}
{"EventID": "800", "Channel": "Microsoft-Windows-TaskScheduler/Maintenance", "Provider_Name": "Microsoft-Windows-TaskScheduler", "Computer": "DESKTOP-OFJ6N53", "TimeCreated": "2025-07-30 15:29:58.614721+00:00", "RecordID": "13668", "Level": "4", "UserID": "S-1-5-18", "EventData.hc_stateid": "3", "EventData.LastRunDateTime": "‎30.‎07.‎2025 18:29"}
{"EventID": "800", "Channel": "Microsoft-Windows-TaskScheduler/Maintenance", "Provider_Name": "Microsoft-Windows-TaskScheduler", "Computer": "DESKTOP-OFJ6N53", "TimeCreated": "2025-07-30 15:29:58.804596+00:00", "RecordID": "13669", "Level": "4", "UserID": "S-1-5-18", "EventData.hc_stateid": "1", "EventData.LastRunDateTime": "‎30.‎07.‎2025 18:29"}
{"EventID": "800", "Channel": "Microsoft-Windows-TaskScheduler/Maintenance", "Provider_Name": "Microsoft-Windows-TaskScheduler", "Computer": "DESKTOP-OFJ6N53", "TimeCreated": "2025-07-30 17:29:58.671362+00:00", "RecordID": "13670", "Level": "4", "UserID": "S-1-5-18", "EventData.hc_stateid": "3", "EventData.LastRunDateTime": "‎30.‎07.‎2025 20:29"}
{"EventID": "800", "Channel": "Microsoft-Windows-TaskScheduler/Maintenance", "Provider_Name": "Microsoft-Windows-TaskScheduler", "Computer": "DESKTOP-OFJ6N53", "TimeCreated": "2025-07-30 17:31:58.823027+00:00", "RecordID": "13671", "Level": "4", "UserID": "S-1-5-18", "EventData.hc_stateid": "1", "EventData.LastRunDateTime": "‎30.‎07.‎2025 20:31"}
{"EventID": "800", "Channel": "Microsoft-Windows-TaskScheduler/Maintenance", "Provider_Name": "Microsoft-Windows-TaskScheduler", "Computer": "DESKTOP-OFJ6N53", "TimeCreated": "2025-07-31 08:24:10.657867+00:00", "RecordID": "13672", "Level": "4", "UserID": "S-1-5-18", "EventData.hc_stateid": "3", "EventData.LastRunDateTime": "‎31.‎07.‎2025 11:24"}
{"EventID": "800", "Channel": "Microsoft-Windows-TaskScheduler/Maintenance", "Provider_Name": "Microsoft-Windows-TaskScheduler", "Computer": "DESKTOP-OFJ6N53", "TimeCreated": "2025-07-31 08:24:10.934294+00:00", "RecordID": "13673", "Level": "4", "UserID": "S-1-5-18", "EventData.hc_stateid": "1", "EventData.LastRunDateTime": "‎31.‎07.‎2025 11:24"}
{"EventID": "800", "Channel": "Microsoft-Windows-TaskScheduler/Maintenance", "Provider_Name": "Microsoft-Windows-TaskScheduler", "Computer": "DESKTOP-OFJ6N53", "TimeCreated": "2025-07-31 08:54:11.135530+00:00", "RecordID": "13674", "Level": "4", "UserID": "S-1-5-18", "EventData.hc_stateid": "3", "EventData.LastRunDateTime": "‎31.‎07.‎2025 11:54"}
{"EventID": "800", "Channel": "Microsoft-Windows-TaskScheduler/Maintenance", "Provider_Name": "Microsoft-Windows-TaskScheduler", "Computer": "DESKTOP-OFJ6N53", "TimeCreated": "2025-07-31 08:54:11.161798+00:00", "RecordID": "13675", "Level": "4", "UserID": "S-1-5-18", "EventData.hc_stateid": "1", "EventData.LastRunDateTime": "‎31.‎07.‎2025 11:54"}
{"EventID": "800", "Channel": "Microsoft-Windows-TaskScheduler/Maintenance", "Provider_Name": "Microsoft-Windows-TaskScheduler", "Computer": "DESKTOP-OFJ6N53", "TimeCreated": "2025-07-31 09:04:31.337999+00:00", "RecordID": "13676", "Level": "4", "UserID": "S-1-5-18", "EventData.hc_stateid": "3", "EventData.LastRunDateTime": "‎31.‎07.‎2025 12:04"}
{"EventID": "800", "Channel": "Microsoft-Windows-TaskScheduler/Maintenance", "Provider_Name": "Microsoft-Windows-TaskScheduler", "Computer": "DESKTOP-OFJ6N53", "TimeCreated": "2025-07-31 09:05:22.987888+00:00", "RecordID": "13677", "Level": "4", "UserID": "S-1-5-18", "EventData.hc_stateid": "1", "EventData.LastRunDateTime": "‎31.‎07.‎2025 12:05"}
{"EventID": "800", "Channel": "Microsoft-Windows-TaskScheduler/Maintenance", "Provider_Name": "Microsoft-Windows-TaskScheduler", "Computer": "DESKTOP-OFJ6N53", "TimeCreated": "2025-07-31 09:05:24.011353+00:00", "RecordID": "13678", "Level": "4", "UserID": "S-1-5-18", "EventData.hc_stateid": "3", "EventData.LastRunDateTime": "‎31.‎07.‎2025 12:05"}
{"EventID": "800", "Channel": "Microsoft-Windows-TaskScheduler/Maintenance", "Provider_Name": "Microsoft-Windows-TaskScheduler", "Computer": "DESKTOP-OFJ6N53", "TimeCreated": "2025-07-31 09:06:28.530016+00:00", "RecordID": "13679", "Level": "4", "UserID": "S-1-5-18", "EventData.hc_stateid": "1", "EventData.LastRunDateTime": "‎31.‎07.‎2025 12:06"}
{"EventID": "800", "Channel": "Microsoft-Windows-TaskScheduler/Maintenance", "Provider_Name": "Microsoft-Windows-TaskScheduler", "Computer": "DESKTOP-OFJ6N53", "TimeCreated": "2025-07-31 16:03:34.361597+00:00", "RecordID": "13680", "Level": "4", "UserID": "S-1-5-18", "EventData.hc_stateid": "3", "EventData.LastRunDateTime": "‎31.‎07.‎2025 19:03"}
{"EventID": "800", "Channel": "Microsoft-Windows-TaskScheduler/Maintenance", "Provider_Name": "Microsoft-Windows-TaskScheduler", "Computer": "DESKTOP-OFJ6N53", "TimeCreated": "2025-07-31 16:07:05.928703+00:00", "RecordID": "13681", "Level": "4", "UserID": "S-1-5-18", "EventData.hc_stateid": "1", "EventData.LastRunDateTime": "‎31.‎07.‎2025 19:07"}
{"EventID": "800", "Channel": "Microsoft-Windows-TaskScheduler/Maintenance", "Provider_Name": "Microsoft-Windows-TaskScheduler", "Computer": "DESKTOP-OFJ6N53", "TimeCreated": "2025-07-31 18:03:34.457504+00:00", "RecordID": "13682", "Level": "4", "UserID": "S-1-5-18", "EventData.hc_stateid": "3", "EventData.LastRunDateTime": "‎31.‎07.‎2025 21:03"}
{"EventID": "800", "Channel": "Microsoft-Windows-TaskScheduler/Maintenance", "Provider_Name": "Microsoft-Windows-TaskScheduler", "Computer": "DESKTOP-OFJ6N53", "TimeCreated": "2025-07-31 18:03:34.480885+00:00", "RecordID": "13683", "Level": "4", "UserID": "S-1-5-18", "EventData.hc_stateid": "1", "EventData.LastRunDateTime": "‎31.‎07.‎2025 21:03"}
{"EventID": "800", "Channel": "Microsoft-Windows-TaskScheduler/Maintenance", "Provider_Name": "Microsoft-Windows-TaskScheduler", "Computer": "DESKTOP-OFJ6N53", "TimeCreated": "2025-08-01 08:44:51.028978+00:00", "RecordID": "13684", "Level": "4", "UserID": "S-1-5-18", "EventData.hc_stateid": "3", "EventData.LastRunDateTime": "‎01.‎08.‎2025 11:44"}
{"EventID": "800", "Channel": "Microsoft-Windows-TaskScheduler/Maintenance", "Provider_Name": "Microsoft-Windows-TaskScheduler", "Computer": "DESKTOP-OFJ6N53", "TimeCreated": "2025-08-01 08:45:13.261097+00:00", "RecordID": "13685", "Level": "4", "UserID": "S-1-5-18", "EventData.hc_stateid": "1", "EventData.LastRunDateTime": "‎01.‎08.‎2025 11:45"}
{"EventID": "800", "Channel": "Microsoft-Windows-TaskScheduler/Maintenance", "Provider_Name": "Microsoft-Windows-TaskScheduler", "Computer": "DESKTOP-OFJ6N53", "TimeCreated": "2025-08-01 08:45:14.467241+00:00", "RecordID": "13686", "Level": "4", "UserID": "S-1-5-18", "EventData.hc_stateid": "3", "EventData.LastRunDateTime": "‎01.‎08.‎2025 11:45"}
{"EventID": "800", "Channel": "Microsoft-Windows-TaskScheduler/Maintenance", "Provider_Name": "Microsoft-Windows-TaskScheduler", "Computer": "DESKTOP-OFJ6N53", "TimeCreated": "2025-08-01 08:45:14.856903+00:00", "RecordID": "13687", "Level": "4", "UserID": "S-1-5-18", "EventData.hc_stateid": "1", "EventData.LastRunDateTime": "‎01.‎08.‎2025 11:45"}
{"EventID": "800", "Channel": "Microsoft-Windows-TaskScheduler/Maintenance", "Provider_Name": "Microsoft-Windows-TaskScheduler", "Computer": "DESKTOP-OFJ6N53", "TimeCreated": "2025-08-01 08:45:15.871258+00:00", "RecordID": "13688", "Level": "4", "UserID": "S-1-5-18", "EventData.hc_stateid": "3", "EventData.LastRunDateTime": "‎01.‎08.‎2025 11:45"}
{"EventID": "800", "Channel": "Microsoft-Windows-TaskScheduler/Maintenance", "Provider_Name": "Microsoft-Windows-TaskScheduler", "Computer": "DESKTOP-OFJ6N53", "TimeCreated": "2025-08-01 08:46:20.768648+00:00", "RecordID": "13689", "Level": "4", "UserID": "S-1-5-18", "EventData.hc_stateid": "1", "EventData.LastRunDateTime": "‎01.‎08.‎2025 11:46"}
{"EventID": "800", "Channel": "Microsoft-Windows-TaskScheduler/Maintenance", "Provider_Name": "Microsoft-Windows-TaskScheduler", "Computer": "DESKTOP-OFJ6N53", "TimeCreated": "2025-08-01 14:03:36.450848+00:00", "RecordID": "13690", "Level": "4", "UserID": "S-1-5-18", "EventData.hc_stateid": "3", "EventData.LastRunDateTime": "‎01.‎08.‎2025 17:03"}
{"EventID": "800", "Channel": "Microsoft-Windows-TaskScheduler/Maintenance", "Provider_Name": "Microsoft-Windows-TaskScheduler", "Computer": "DESKTOP-OFJ6N53", "TimeCreated": "2025-08-01 14:03:37.194639+00:00", "RecordID": "13691", "Level": "4", "UserID": "S-1-5-18", "EventData.hc_stateid": "1", "EventData.LastRunDateTime": "‎01.‎08.‎2025 17:03"}
{"EventID": "800", "Channel": "Microsoft-Windows-TaskScheduler/Maintenance", "Provider_Name": "Microsoft-Windows-TaskScheduler", "Computer": "DESKTOP-OFJ6N53", "TimeCreated": "2025-08-01 16:03:36.538149+00:00", "RecordID": "13692", "Level": "4", "UserID": "S-1-5-18", "EventData.hc_stateid": "3", "EventData.LastRunDateTime": "‎01.‎08.‎2025 19:03"}
{"EventID": "800", "Channel": "Microsoft-Windows-TaskScheduler/Maintenance", "Provider_Name": "Microsoft-Windows-TaskScheduler", "Computer": "DESKTOP-OFJ6N53", "TimeCreated": "2025-08-01 16:05:36.724361+00:00", "RecordID": "13693", "Level": "4", "UserID": "S-1-5-18", "EventData.hc_stateid": "1", "EventData.LastRunDateTime": "‎01.‎08.‎2025 19:05"}
{"EventID": "800", "Channel": "Microsoft-Windows-TaskScheduler/Maintenance", "Provider_Name": "Microsoft-Windows-TaskScheduler", "Computer": "DESKTOP-OFJ6N53", "TimeCreated": "2025-08-01 18:03:36.647177+00:00", "RecordID": "13694", "Level": "4", "UserID": "S-1-5-18", "EventData.hc_stateid": "3", "EventData.LastRunDateTime": "‎01.‎08.‎2025 21:03"}
{"EventID": "800", "Channel": "Microsoft-Windows-TaskScheduler/Maintenance", "Provider_Name": "Microsoft-Windows-TaskScheduler", "Computer": "DESKTOP-OFJ6N53", "TimeCreated": "2025-08-01 18:03:36.675528+00:00", "RecordID": "13695", "Level": "4", "UserID": "S-1-5-18", "EventData.hc_stateid": "1", "EventData.LastRunDateTime": "‎01.‎08.‎2025 21:03"}
{"EventID": "800", "Channel": "Microsoft-Windows-TaskScheduler/Maintenance", "Provider_Name": "Microsoft-Windows-TaskScheduler", "Computer": "DESKTOP-OFJ6N53", "TimeCreated": "2025-08-02 10:03:36.517895+00:00", "RecordID": "13696", "Level": "4", "UserID": "S-1-5-18", "EventData.hc_stateid": "3", "EventData.LastRunDateTime": "‎02.‎08.‎2025 13:03"}
{"EventID": "800", "Channel": "Microsoft-Windows-TaskScheduler/Maintenance", "Provider_Name": "Microsoft-Windows-TaskScheduler", "Computer": "DESKTOP-OFJ6N53", "TimeCreated": "2025-08-02 10:03:59.640776+00:00", "RecordID": "13697", "Level": "4", "UserID": "S-1-5-18", "EventData.hc_stateid": "1", "EventData.LastRunDateTime": "‎02.‎08.‎2025 13:03"}
{"EventID": "800", "Channel": "Microsoft-Windows-TaskScheduler/Maintenance", "Provider_Name": "Microsoft-Windows-TaskScheduler", "Computer": "DESKTOP-OFJ6N53", "TimeCreated": "2025-08-02 10:04:00.661156+00:00", "RecordID": "13698", "Level": "4", "UserID": "S-1-5-18", "EventData.hc_stateid": "3", "EventData.LastRunDateTime": "‎02.‎08.‎2025 13:04"}
{"EventID": "800", "Channel": "Microsoft-Windows-TaskScheduler/Maintenance", "Provider_Name": "Microsoft-Windows-TaskScheduler", "Computer": "DESKTOP-OFJ6N53", "TimeCreated": "2025-08-02 10:05:05.546202+00:00", "RecordID": "13699", "Level": "4", "UserID": "S-1-5-18", "EventData.hc_stateid": "1", "EventData.LastRunDateTime": "‎02.‎08.‎2025 13:05"}
{"EventID": "800", "Channel": "Microsoft-Windows-TaskScheduler/Maintenance", "Provider_Name": "Microsoft-Windows-TaskScheduler", "Computer": "DESKTOP-OFJ6N53", "TimeCreated": "2025-08-02 16:03:38.960562+00:00", "RecordID": "13700", "Level": "4", "UserID": "S-1-5-18", "EventData.hc_stateid": "3", "EventData.LastRunDateTime": "‎02.‎08.‎2025 19:03"}
{"EventID": "800", "Channel": "Microsoft-Windows-TaskScheduler/Maintenance", "Provider_Name": "Microsoft-Windows-TaskScheduler", "Computer": "DESKTOP-OFJ6N53", "TimeCreated": "2025-08-02 16:05:39.145157+00:00", "RecordID": "13701", "Level": "4", "UserID": "S-1-5-18", "EventData.hc_stateid": "1", "EventData.LastRunDateTime": "‎02.‎08.‎2025 19:05"}
{"EventID": "800", "Channel": "Microsoft-Windows-TaskScheduler/Maintenance", "Provider_Name": "Microsoft-Windows-TaskScheduler", "Computer": "DESKTOP-OFJ6N53", "TimeCreated": "2025-08-02 18:03:39.038921+00:00", "RecordID": "13702", "Level": "4", "UserID": "S-1-5-18", "EventData.hc_stateid": "3", "EventData.LastRunDateTime": "‎02.‎08.‎2025 21:03"}
{"EventID": "800", "Channel": "Microsoft-Windows-TaskScheduler/Maintenance", "Provider_Name": "Microsoft-Windows-TaskScheduler", "Computer": "DESKTOP-OFJ6N53", "TimeCreated": "2025-08-02 18:03:39.097395+00:00", "RecordID": "13703", "Level": "4", "UserID": "S-1-5-18", "EventData.hc_stateid": "1", "EventData.LastRunDateTime": "‎02.‎08.‎2025 21:03"}
{"EventID": "800", "Channel": "Microsoft-Windows-TaskScheduler/Maintenance", "Provider_Name": "Microsoft-Windows-TaskScheduler", "Computer": "DESKTOP-OFJ6N53", "TimeCreated": "2025-08-03 10:03:39.418432+00:00", "RecordID": "13704", "Level": "4", "UserID": "S-1-5-18", "EventData.hc_stateid": "3", "EventData.LastRunDateTime": "‎03.‎08.‎2025 13:03"}
{"EventID": "800", "Channel": "Microsoft-Windows-TaskScheduler/Maintenance", "Provider_Name": "Microsoft-Windows-TaskScheduler", "Computer": "DESKTOP-OFJ6N53", "TimeCreated": "2025-08-03 10:04:05.261808+00:00", "RecordID": "13705", "Level": "4", "UserID": "S-1-5-18", "EventData.hc_stateid": "1", "EventData.LastRunDateTime": "‎03.‎08.‎2025 13:04"}
{"EventID": "800", "Channel": "Microsoft-Windows-TaskScheduler/Maintenance", "Provider_Name": "Microsoft-Windows-TaskScheduler", "Computer": "DESKTOP-OFJ6N53", "TimeCreated": "2025-08-03 10:04:06.273752+00:00", "RecordID": "13706", "Level": "4", "UserID": "S-1-5-18", "EventData.hc_stateid": "3", "EventData.LastRunDateTime": "‎03.‎08.‎2025 13:04"}
{"EventID": "800", "Channel": "Microsoft-Windows-TaskScheduler/Maintenance", "Provider_Name": "Microsoft-Windows-TaskScheduler", "Computer": "DESKTOP-OFJ6N53", "TimeCreated": "2025-08-03 10:04:06.627892+00:00", "RecordID": "13707", "Level": "4", "UserID": "S-1-5-18", "EventData.hc_stateid": "1", "EventData.LastRunDateTime": "‎03.‎08.‎2025 13:04"}
{"EventID": "800", "Channel": "Microsoft-Windows-TaskScheduler/Maintenance", "Provider_Name": "Microsoft-Windows-TaskScheduler", "Computer": "DESKTOP-OFJ6N53", "TimeCreated": "2025-08-03 10:04:07.649660+00:00", "RecordID": "13708", "Level": "4", "UserID": "S-1-5-18", "EventData.hc_stateid": "3", "EventData.LastRunDateTime": "‎03.‎08.‎2025 13:04"}
{"EventID": "800", "Channel": "Microsoft-Windows-TaskScheduler/Maintenance", "Provider_Name": "Microsoft-Windows-TaskScheduler", "Computer": "DESKTOP-OFJ6N53", "TimeCreated": "2025-08-03 10:04:07.707018+00:00", "RecordID": "13709", "Level": "4", "UserID": "S-1-5-18", "EventData.hc_stateid": "1", "EventData.LastRunDateTime": "‎03.‎08.‎2025 13:04"}
{"EventID": "800", "Channel": "Microsoft-Windows-TaskScheduler/Maintenance", "Provider_Name": "Microsoft-Windows-TaskScheduler", "Computer": "DESKTOP-OFJ6N53", "TimeCreated": "2025-08-03 10:04:08.726788+00:00", "RecordID": "13710", "Level": "4", "UserID": "S-1-5-18", "EventData.hc_stateid": "3", "EventData.LastRunDateTime": "‎03.‎08.‎2025 13:04"}
{"EventID": "800", "Channel": "Microsoft-Windows-TaskScheduler/Maintenance", "Provider_Name": "Microsoft-Windows-TaskScheduler", "Computer": "DESKTOP-OFJ6N53", "TimeCreated": "2025-08-03 10:05:13.746380+00:00", "RecordID": "13711", "Level": "4", "UserID": "S-1-5-18", "EventData.hc_stateid": "1", "EventData.LastRunDateTime": "‎03.‎08.‎2025 13:05"}
{"EventID": "800", "Channel": "Microsoft-Windows-TaskScheduler/Maintenance", "Provider_Name": "Microsoft-Windows-TaskScheduler", "Computer": "DESKTOP-OFJ6N53", "TimeCreated": "2025-08-03 16:03:40.899689+00:00", "RecordID": "13712", "Level": "4", "UserID": "S-1-5-18", "EventData.hc_stateid": "3", "EventData.LastRunDateTime": "‎03.‎08.‎2025 19:03"}
{"EventID": "800", "Channel": "Microsoft-Windows-TaskScheduler/Maintenance", "Provider_Name": "Microsoft-Windows-TaskScheduler", "Computer": "DESKTOP-OFJ6N53", "TimeCreated": "2025-08-03 16:05:41.096245+00:00", "RecordID": "13713", "Level": "4", "UserID": "S-1-5-18", "EventData.hc_stateid": "1", "EventData.LastRunDateTime": "‎03.‎08.‎2025 19:05"}
{"EventID": "800", "Channel": "Microsoft-Windows-TaskScheduler/Maintenance", "Provider_Name": "Microsoft-Windows-TaskScheduler", "Computer": "DESKTOP-OFJ6N53", "TimeCreated": "2025-08-03 18:03:40.944269+00:00", "RecordID": "13714", "Level": "4", "UserID": "S-1-5-18", "EventData.hc_stateid": "3", "EventData.LastRunDateTime": "‎03.‎08.‎2025 21:03"}
{"EventID": "800", "Channel": "Microsoft-Windows-TaskScheduler/Maintenance", "Provider_Name": "Microsoft-Windows-TaskScheduler", "Computer": "DESKTOP-OFJ6N53", "TimeCreated": "2025-08-03 18:03:40.973694+00:00", "RecordID": "13715", "Level": "4", "UserID": "S-1-5-18", "EventData.hc_stateid": "1", "EventData.LastRunDateTime": "‎03.‎08.‎2025 21:03"}
{"EventID": "800", "Channel": "Microsoft-Windows-TaskScheduler/Maintenance", "Provider_Name": "Microsoft-Windows-TaskScheduler", "Computer": "DESKTOP-OFJ6N53", "TimeCreated": "2025-08-04 10:03:41.260654+00:00", "RecordID": "13716", "Level": "4", "UserID": "S-1-5-18", "EventData.hc_stateid": "3", "EventData.LastRunDateTime": "‎04.‎08.‎2025 13:03"}
{"EventID": "800", "Channel": "Microsoft-Windows-TaskScheduler/Maintenance", "Provider_Name": "Microsoft-Windows-TaskScheduler", "Computer": "DESKTOP-OFJ6N53", "TimeCreated": "2025-08-04 10:04:33.174145+00:00", "RecordID": "13717", "Level": "4", "UserID": "S-1-5-18", "EventData.hc_stateid": "1", "EventData.LastRunDateTime": "‎04.‎08.‎2025 13:04"}
{"EventID": "800", "Channel": "Microsoft-Windows-TaskScheduler/Maintenance", "Provider_Name": "Microsoft-Windows-TaskScheduler", "Computer": "DESKTOP-OFJ6N53", "TimeCreated": "2025-08-04 10:04:34.191467+00:00", "RecordID": "13718", "Level": "4", "UserID": "S-1-5-18", "EventData.hc_stateid": "3", "EventData.LastRunDateTime": "‎04.‎08.‎2025 13:04"}
{"EventID": "800", "Channel": "Microsoft-Windows-TaskScheduler/Maintenance", "Provider_Name": "Microsoft-Windows-TaskScheduler", "Computer": "DESKTOP-OFJ6N53", "TimeCreated": "2025-08-04 10:04:34.598886+00:00", "RecordID": "13719", "Level": "4", "UserID": "S-1-5-18", "EventData.hc_stateid": "1", "EventData.LastRunDateTime": "‎04.‎08.‎2025 13:04"}
{"EventID": "800", "Channel": "Microsoft-Windows-TaskScheduler/Maintenance", "Provider_Name": "Microsoft-Windows-TaskScheduler", "Computer": "DESKTOP-OFJ6N53", "TimeCreated": "2025-08-04 10:04:35.622252+00:00", "RecordID": "13720", "Level": "4", "UserID": "S-1-5-18", "EventData.hc_stateid": "3", "EventData.LastRunDateTime": "‎04.‎08.‎2025 13:04"}
{"EventID": "800", "Channel": "Microsoft-Windows-TaskScheduler/Maintenance", "Provider_Name": "Microsoft-Windows-TaskScheduler", "Computer": "DESKTOP-OFJ6N53", "TimeCreated": "2025-08-04 10:05:41.130188+00:00", "RecordID": "13721", "Level": "4", "UserID": "S-1-5-18", "EventData.hc_stateid": "1", "EventData.LastRunDateTime": "‎04.‎08.‎2025 13:05"}
{"EventID": "800", "Channel": "Microsoft-Windows-TaskScheduler/Maintenance", "Provider_Name": "Microsoft-Windows-TaskScheduler", "Computer": "DESKTOP-OFJ6N53", "TimeCreated": "2025-08-04 15:04:53.635012+00:00", "RecordID": "13722", "Level": "4", "UserID": "S-1-5-18", "EventData.hc_stateid": "3", "EventData.LastRunDateTime": "‎04.‎08.‎2025 18:04"}
{"EventID": "800", "Channel": "Microsoft-Windows-TaskScheduler/Maintenance", "Provider_Name": "Microsoft-Windows-TaskScheduler", "Computer": "DESKTOP-OFJ6N53", "TimeCreated": "2025-08-04 15:04:53.729527+00:00", "RecordID": "13723", "Level": "4", "UserID": "S-1-5-18", "EventData.hc_stateid": "1", "EventData.LastRunDateTime": "‎04.‎08.‎2025 18:04"}
{"EventID": "800", "Channel": "Microsoft-Windows-TaskScheduler/Maintenance", "Provider_Name": "Microsoft-Windows-TaskScheduler", "Computer": "DESKTOP-OFJ6N53", "TimeCreated": "2025-08-04 16:03:42.844309+00:00", "RecordID": "13724", "Level": "4", "UserID": "S-1-5-18", "EventData.hc_stateid": "3", "EventData.LastRunDateTime": "‎04.‎08.‎2025 19:03"}
{"EventID": "800", "Channel": "Microsoft-Windows-TaskScheduler/Maintenance", "Provider_Name": "Microsoft-Windows-TaskScheduler", "Computer": "DESKTOP-OFJ6N53", "TimeCreated": "2025-08-04 16:10:43.073215+00:00", "RecordID": "13725", "Level": "4", "UserID": "S-1-5-18", "EventData.hc_stateid": "1", "EventData.LastRunDateTime": "‎04.‎08.‎2025 19:10"}
{"EventID": "800", "Channel": "Microsoft-Windows-TaskScheduler/Maintenance", "Provider_Name": "Microsoft-Windows-TaskScheduler", "Computer": "DESKTOP-OFJ6N53", "TimeCreated": "2025-08-04 18:03:42.905386+00:00", "RecordID": "13726", "Level": "4", "UserID": "S-1-5-18", "EventData.hc_stateid": "3", "EventData.LastRunDateTime": "‎04.‎08.‎2025 21:03"}
{"EventID": "800", "Channel": "Microsoft-Windows-TaskScheduler/Maintenance", "Provider_Name": "Microsoft-Windows-TaskScheduler", "Computer": "DESKTOP-OFJ6N53", "TimeCreated": "2025-08-04 18:03:42.932711+00:00", "RecordID": "13727", "Level": "4", "UserID": "S-1-5-18", "EventData.hc_stateid": "1", "EventData.LastRunDateTime": "‎04.‎08.‎2025 21:03"}
{"EventID": "800", "Channel": "Microsoft-Windows-TaskScheduler/Maintenance", "Provider_Name": "Microsoft-Windows-TaskScheduler", "Computer": "DESKTOP-OFJ6N53", "TimeCreated": "2025-08-05 08:45:07.301912+00:00", "RecordID": "13728", "Level": "4", "UserID": "S-1-5-18", "EventData.hc_stateid": "3", "EventData.LastRunDateTime": "‎05.‎08.‎2025 11:45"}
{"EventID": "800", "Channel": "Microsoft-Windows-TaskScheduler/Maintenance", "Provider_Name": "Microsoft-Windows-TaskScheduler", "Computer": "DESKTOP-OFJ6N53", "TimeCreated": "2025-08-05 08:45:26.248741+00:00", "RecordID": "13729", "Level": "4", "UserID": "S-1-5-18", "EventData.hc_stateid": "1", "EventData.LastRunDateTime": "‎05.‎08.‎2025 11:45"}
{"EventID": "800", "Channel": "Microsoft-Windows-TaskScheduler/Maintenance", "Provider_Name": "Microsoft-Windows-TaskScheduler", "Computer": "DESKTOP-OFJ6N53", "TimeCreated": "2025-08-05 08:45:27.257448+00:00", "RecordID": "13730", "Level": "4", "UserID": "S-1-5-18", "EventData.hc_stateid": "3", "EventData.LastRunDateTime": "‎05.‎08.‎2025 11:45"}
{"EventID": "800", "Channel": "Microsoft-Windows-TaskScheduler/Maintenance", "Provider_Name": "Microsoft-Windows-TaskScheduler", "Computer": "DESKTOP-OFJ6N53", "TimeCreated": "2025-08-05 08:46:32.995901+00:00", "RecordID": "13731", "Level": "4", "UserID": "S-1-5-18", "EventData.hc_stateid": "1", "EventData.LastRunDateTime": "‎05.‎08.‎2025 11:46"}
{"EventID": "800", "Channel": "Microsoft-Windows-TaskScheduler/Maintenance", "Provider_Name": "Microsoft-Windows-TaskScheduler", "Computer": "DESKTOP-OFJ6N53", "TimeCreated": "2025-08-05 15:24:26.899376+00:00", "RecordID": "13732", "Level": "4", "UserID": "S-1-5-18", "EventData.hc_stateid": "3", "EventData.LastRunDateTime": "‎05.‎08.‎2025 18:24"}
{"EventID": "800", "Channel": "Microsoft-Windows-TaskScheduler/Maintenance", "Provider_Name": "Microsoft-Windows-TaskScheduler", "Computer": "DESKTOP-OFJ6N53", "TimeCreated": "2025-08-05 15:24:26.999531+00:00", "RecordID": "13733", "Level": "4", "UserID": "S-1-5-18", "EventData.hc_stateid": "1", "EventData.LastRunDateTime": "‎05.‎08.‎2025 18:24"}
{"EventID": "800", "Channel": "Microsoft-Windows-TaskScheduler/Maintenance", "Provider_Name": "Microsoft-Windows-TaskScheduler", "Computer": "DESKTOP-OFJ6N53", "TimeCreated": "2025-08-05 15:31:06.045517+00:00", "RecordID": "13734", "Level": "4", "UserID": "S-1-5-18", "EventData.hc_stateid": "3", "EventData.LastRunDateTime": "‎05.‎08.‎2025 18:31"}
{"EventID": "800", "Channel": "Microsoft-Windows-TaskScheduler/Maintenance", "Provider_Name": "Microsoft-Windows-TaskScheduler", "Computer": "DESKTOP-OFJ6N53", "TimeCreated": "2025-08-05 15:31:06.328430+00:00", "RecordID": "13735", "Level": "4", "UserID": "S-1-5-18", "EventData.hc_stateid": "1", "EventData.LastRunDateTime": "‎05.‎08.‎2025 18:31"}
{"EventID": "800", "Channel": "Microsoft-Windows-TaskScheduler/Maintenance", "Provider_Name": "Microsoft-Windows-TaskScheduler", "Computer": "DESKTOP-OFJ6N53", "TimeCreated": "2025-08-05 16:03:45.135427+00:00", "RecordID": "13736", "Level": "4", "UserID": "S-1-5-18", "EventData.hc_stateid": "3", "EventData.LastRunDateTime": "‎05.‎08.‎2025 19:03"}
{"EventID": "800", "Channel": "Microsoft-Windows-TaskScheduler/Maintenance", "Provider_Name": "Microsoft-Windows-TaskScheduler", "Computer": "DESKTOP-OFJ6N53", "TimeCreated": "2025-08-05 16:04:46.349977+00:00", "RecordID": "13737", "Level": "4", "UserID": "S-1-5-18", "EventData.hc_stateid": "1", "EventData.LastRunDateTime": "‎05.‎08.‎2025 19:04"}
{"EventID": "800", "Channel": "Microsoft-Windows-TaskScheduler/Maintenance", "Provider_Name": "Microsoft-Windows-TaskScheduler", "Computer": "DESKTOP-OFJ6N53", "TimeCreated": "2025-08-05 18:03:45.181820+00:00", "RecordID": "13738", "Level": "4", "UserID": "S-1-5-18", "EventData.hc_stateid": "3", "EventData.LastRunDateTime": "‎05.‎08.‎2025 21:03"}
{"EventID": "800", "Channel": "Microsoft-Windows-TaskScheduler/Maintenance", "Provider_Name": "Microsoft-Windows-TaskScheduler", "Computer": "DESKTOP-OFJ6N53", "TimeCreated": "2025-08-05 18:03:45.629305+00:00", "RecordID": "13739", "Level": "4", "UserID": "S-1-5-18", "EventData.hc_stateid": "1", "EventData.LastRunDateTime": "‎05.‎08.‎2025 21:03"}
{"EventID": "800", "Channel": "Microsoft-Windows-TaskScheduler/Maintenance", "Provider_Name": "Microsoft-Windows-TaskScheduler", "Computer": "DESKTOP-OFJ6N53", "TimeCreated": "2025-08-06 10:03:45.809240+00:00", "RecordID": "13740", "Level": "4", "UserID": "S-1-5-18", "EventData.hc_stateid": "3", "EventData.LastRunDateTime": "‎06.‎08.‎2025 13:03"}
{"EventID": "800", "Channel": "Microsoft-Windows-TaskScheduler/Maintenance", "Provider_Name": "Microsoft-Windows-TaskScheduler", "Computer": "DESKTOP-OFJ6N53", "TimeCreated": "2025-08-06 10:05:09.872293+00:00", "RecordID": "13741", "Level": "4", "UserID": "S-1-5-18", "EventData.hc_stateid": "1", "EventData.LastRunDateTime": "‎06.‎08.‎2025 13:05"}
{"EventID": "800", "Channel": "Microsoft-Windows-TaskScheduler/Maintenance", "Provider_Name": "Microsoft-Windows-TaskScheduler", "Computer": "DESKTOP-OFJ6N53", "TimeCreated": "2025-08-06 10:05:10.891603+00:00", "RecordID": "13742", "Level": "4", "UserID": "S-1-5-18", "EventData.hc_stateid": "3", "EventData.LastRunDateTime": "‎06.‎08.‎2025 13:05"}
{"EventID": "800", "Channel": "Microsoft-Windows-TaskScheduler/Maintenance", "Provider_Name": "Microsoft-Windows-TaskScheduler", "Computer": "DESKTOP-OFJ6N53", "TimeCreated": "2025-08-06 10:06:17.043928+00:00", "RecordID": "13743", "Level": "4", "UserID": "S-1-5-18", "EventData.hc_stateid": "1", "EventData.LastRunDateTime": "‎06.‎08.‎2025 13:06"}
{"EventID": "800", "Channel": "Microsoft-Windows-TaskScheduler/Maintenance", "Provider_Name": "Microsoft-Windows-TaskScheduler", "Computer": "DESKTOP-OFJ6N53", "TimeCreated": "2025-08-06 16:03:45.350626+00:00", "RecordID": "13744", "Level": "4", "UserID": "S-1-5-18", "EventData.hc_stateid": "3", "EventData.LastRunDateTime": "‎06.‎08.‎2025 19:03"}
{"EventID": "800", "Channel": "Microsoft-Windows-TaskScheduler/Maintenance", "Provider_Name": "Microsoft-Windows-TaskScheduler", "Computer": "DESKTOP-OFJ6N53", "TimeCreated": "2025-08-06 16:05:45.630959+00:00", "RecordID": "13745", "Level": "4", "UserID": "S-1-5-18", "EventData.hc_stateid": "1", "EventData.LastRunDateTime": "‎06.‎08.‎2025 19:05"}
{"EventID": "800", "Channel": "Microsoft-Windows-TaskScheduler/Maintenance", "Provider_Name": "Microsoft-Windows-TaskScheduler", "Computer": "DESKTOP-OFJ6N53", "TimeCreated": "2025-08-06 18:03:47.367004+00:00", "RecordID": "13746", "Level": "4", "UserID": "S-1-5-18", "EventData.hc_stateid": "3", "EventData.LastRunDateTime": "‎06.‎08.‎2025 21:03"}
{"EventID": "800", "Channel": "Microsoft-Windows-TaskScheduler/Maintenance", "Provider_Name": "Microsoft-Windows-TaskScheduler", "Computer": "DESKTOP-OFJ6N53", "TimeCreated": "2025-08-06 18:03:47.394016+00:00", "RecordID": "13747", "Level": "4", "UserID": "S-1-5-18", "EventData.hc_stateid": "1", "EventData.LastRunDateTime": "‎06.‎08.‎2025 21:03"}
{"EventID": "800", "Channel": "Microsoft-Windows-TaskScheduler/Maintenance", "Provider_Name": "Microsoft-Windows-TaskScheduler", "Computer": "DESKTOP-OFJ6N53", "TimeCreated": "2025-08-07 08:25:06.260378+00:00", "RecordID": "13748", "Level": "4", "UserID": "S-1-5-18", "EventData.hc_stateid": "3", "EventData.LastRunDateTime": "‎07.‎08.‎2025 11:25"}
{"EventID": "800", "Channel": "Microsoft-Windows-TaskScheduler/Maintenance", "Provider_Name": "Microsoft-Windows-TaskScheduler", "Computer": "DESKTOP-OFJ6N53", "TimeCreated": "2025-08-07 08:28:38.453520+00:00", "RecordID": "13749", "Level": "4", "UserID": "S-1-5-18", "EventData.hc_stateid": "1", "EventData.LastRunDateTime": "‎07.‎08.‎2025 11:28"}
{"EventID": "800", "Channel": "Microsoft-Windows-TaskScheduler/Maintenance", "Provider_Name": "Microsoft-Windows-TaskScheduler", "Computer": "DESKTOP-OFJ6N53", "TimeCreated": "2025-08-07 10:03:47.951077+00:00", "RecordID": "13750", "Level": "4", "UserID": "S-1-5-18", "EventData.hc_stateid": "3", "EventData.LastRunDateTime": "‎07.‎08.‎2025 13:03"}
{"EventID": "800", "Channel": "Microsoft-Windows-TaskScheduler/Maintenance", "Provider_Name": "Microsoft-Windows-TaskScheduler", "Computer": "DESKTOP-OFJ6N53", "TimeCreated": "2025-08-07 10:03:53.138659+00:00", "RecordID": "13751", "Level": "4", "UserID": "S-1-5-18", "EventData.hc_stateid": "1", "EventData.LastRunDateTime": "‎07.‎08.‎2025 13:03"}
{"EventID": "800", "Channel": "Microsoft-Windows-TaskScheduler/Maintenance", "Provider_Name": "Microsoft-Windows-TaskScheduler", "Computer": "DESKTOP-OFJ6N53", "TimeCreated": "2025-08-07 10:03:59.277605+00:00", "RecordID": "13752", "Level": "4", "UserID": "S-1-5-18", "EventData.hc_stateid": "3", "EventData.LastRunDateTime": "‎07.‎08.‎2025 13:03"}
{"EventID": "800", "Channel": "Microsoft-Windows-TaskScheduler/Maintenance", "Provider_Name": "Microsoft-Windows-TaskScheduler", "Computer": "DESKTOP-OFJ6N53", "TimeCreated": "2025-08-07 10:04:33.309696+00:00", "RecordID": "13753", "Level": "4", "UserID": "S-1-5-18", "EventData.hc_stateid": "1", "EventData.LastRunDateTime": "‎07.‎08.‎2025 13:04"}
{"EventID": "800", "Channel": "Microsoft-Windows-TaskScheduler/Maintenance", "Provider_Name": "Microsoft-Windows-TaskScheduler", "Computer": "DESKTOP-OFJ6N53", "TimeCreated": "2025-08-07 10:04:34.333582+00:00", "RecordID": "13754", "Level": "4", "UserID": "S-1-5-18", "EventData.hc_stateid": "3", "EventData.LastRunDateTime": "‎07.‎08.‎2025 13:04"}
{"EventID": "800", "Channel": "Microsoft-Windows-TaskScheduler/Maintenance", "Provider_Name": "Microsoft-Windows-TaskScheduler", "Computer": "DESKTOP-OFJ6N53", "TimeCreated": "2025-08-07 10:04:34.874552+00:00", "RecordID": "13755", "Level": "4", "UserID": "S-1-5-18", "EventData.hc_stateid": "1", "EventData.LastRunDateTime": "‎07.‎08.‎2025 13:04"}
{"EventID": "800", "Channel": "Microsoft-Windows-TaskScheduler/Maintenance", "Provider_Name": "Microsoft-Windows-TaskScheduler", "Computer": "DESKTOP-OFJ6N53", "TimeCreated": "2025-08-07 10:04:35.890451+00:00", "RecordID": "13756", "Level": "4", "UserID": "S-1-5-18", "EventData.hc_stateid": "3", "EventData.LastRunDateTime": "‎07.‎08.‎2025 13:04"}
{"EventID": "800", "Channel": "Microsoft-Windows-TaskScheduler/Maintenance", "Provider_Name": "Microsoft-Windows-TaskScheduler", "Computer": "DESKTOP-OFJ6N53", "TimeCreated": "2025-08-07 10:05:41.968431+00:00", "RecordID": "13757", "Level": "4", "UserID": "S-1-5-18", "EventData.hc_stateid": "1", "EventData.LastRunDateTime": "‎07.‎08.‎2025 13:05"}
{"EventID": "800", "Channel": "Microsoft-Windows-TaskScheduler/Maintenance", "Provider_Name": "Microsoft-Windows-TaskScheduler", "Computer": "DESKTOP-OFJ6N53", "TimeCreated": "2025-08-07 10:05:42.984808+00:00", "RecordID": "13758", "Level": "4", "UserID": "S-1-5-18", "EventData.hc_stateid": "3", "EventData.LastRunDateTime": "‎07.‎08.‎2025 13:05"}
{"EventID": "800", "Channel": "Microsoft-Windows-TaskScheduler/Maintenance", "Provider_Name": "Microsoft-Windows-TaskScheduler", "Computer": "DESKTOP-OFJ6N53", "TimeCreated": "2025-08-07 10:05:43.752304+00:00", "RecordID": "13759", "Level": "4", "UserID": "S-1-5-18", "EventData.hc_stateid": "1", "EventData.LastRunDateTime": "‎07.‎08.‎2025 13:05"}
{"EventID": "800", "Channel": "Microsoft-Windows-TaskScheduler/Maintenance", "Provider_Name": "Microsoft-Windows-TaskScheduler", "Computer": "DESKTOP-OFJ6N53", "TimeCreated": "2025-08-07 16:03:45.977848+00:00", "RecordID": "13760", "Level": "4", "UserID": "S-1-5-18", "EventData.hc_stateid": "3", "EventData.LastRunDateTime": "‎07.‎08.‎2025 19:03"}
{"EventID": "800", "Channel": "Microsoft-Windows-TaskScheduler/Maintenance", "Provider_Name": "Microsoft-Windows-TaskScheduler", "Computer": "DESKTOP-OFJ6N53", "TimeCreated": "2025-08-07 16:03:46.179087+00:00", "RecordID": "13761", "Level": "4", "UserID": "S-1-5-18", "EventData.hc_stateid": "1", "EventData.LastRunDateTime": "‎07.‎08.‎2025 19:03"}
{"EventID": "800", "Channel": "Microsoft-Windows-TaskScheduler/Maintenance", "Provider_Name": "Microsoft-Windows-TaskScheduler", "Computer": "DESKTOP-OFJ6N53", "TimeCreated": "2025-08-07 18:03:49.270491+00:00", "RecordID": "13762", "Level": "4", "UserID": "S-1-5-18", "EventData.hc_stateid": "3", "EventData.LastRunDateTime": "‎07.‎08.‎2025 21:03"}
{"EventID": "800", "Channel": "Microsoft-Windows-TaskScheduler/Maintenance", "Provider_Name": "Microsoft-Windows-TaskScheduler", "Computer": "DESKTOP-OFJ6N53", "TimeCreated": "2025-08-07 18:03:49.300707+00:00", "RecordID": "13763", "Level": "4", "UserID": "S-1-5-18", "EventData.hc_stateid": "1", "EventData.LastRunDateTime": "‎07.‎08.‎2025 21:03"}
{"EventID": "800", "Channel": "Microsoft-Windows-TaskScheduler/Maintenance", "Provider_Name": "Microsoft-Windows-TaskScheduler", "Computer": "DESKTOP-OFJ6N53", "TimeCreated": "2025-08-08 08:49:04.619490+00:00", "RecordID": "13764", "Level": "4", "UserID": "S-1-5-18", "EventData.hc_stateid": "3", "EventData.LastRunDateTime": "‎08.‎08.‎2025 11:49"}
{"EventID": "800", "Channel": "Microsoft-Windows-TaskScheduler/Maintenance", "Provider_Name": "Microsoft-Windows-TaskScheduler", "Computer": "DESKTOP-OFJ6N53", "TimeCreated": "2025-08-08 08:56:07.812342+00:00", "RecordID": "13765", "Level": "4", "UserID": "S-1-5-18", "EventData.hc_stateid": "1", "EventData.LastRunDateTime": "‎08.‎08.‎2025 11:56"}
{"EventID": "800", "Channel": "Microsoft-Windows-TaskScheduler/Maintenance", "Provider_Name": "Microsoft-Windows-TaskScheduler", "Computer": "DESKTOP-OFJ6N53", "TimeCreated": "2025-08-08 08:56:08.889362+00:00", "RecordID": "13766", "Level": "4", "UserID": "S-1-5-18", "EventData.hc_stateid": "3", "EventData.LastRunDateTime": "‎08.‎08.‎2025 11:56"}
{"EventID": "800", "Channel": "Microsoft-Windows-TaskScheduler/Maintenance", "Provider_Name": "Microsoft-Windows-TaskScheduler", "Computer": "DESKTOP-OFJ6N53", "TimeCreated": "2025-08-08 08:57:32.332006+00:00", "RecordID": "13767", "Level": "4", "UserID": "S-1-5-18", "EventData.hc_stateid": "1", "EventData.LastRunDateTime": "‎08.‎08.‎2025 11:57"}
{"EventID": "800", "Channel": "Microsoft-Windows-TaskScheduler/Maintenance", "Provider_Name": "Microsoft-Windows-TaskScheduler", "Computer": "DESKTOP-OFJ6N53", "TimeCreated": "2025-08-08 13:10:38.537813+00:00", "RecordID": "13768", "Level": "4", "UserID": "S-1-5-18", "EventData.hc_stateid": "3", "EventData.LastRunDateTime": "‎08.‎08.‎2025 16:10"}
{"EventID": "800", "Channel": "Microsoft-Windows-TaskScheduler/Maintenance", "Provider_Name": "Microsoft-Windows-TaskScheduler", "Computer": "DESKTOP-OFJ6N53", "TimeCreated": "2025-08-08 13:10:42.208902+00:00", "RecordID": "13769", "Level": "4", "UserID": "S-1-5-18", "EventData.hc_stateid": "1", "EventData.LastRunDateTime": "‎08.‎08.‎2025 16:10"}
{"EventID": "800", "Channel": "Microsoft-Windows-TaskScheduler/Maintenance", "Provider_Name": "Microsoft-Windows-TaskScheduler", "Computer": "DESKTOP-OFJ6N53", "TimeCreated": "2025-08-08 16:03:45.654413+00:00", "RecordID": "13770", "Level": "4", "UserID": "S-1-5-18", "EventData.hc_stateid": "3", "EventData.LastRunDateTime": "‎08.‎08.‎2025 19:03"}
{"EventID": "800", "Channel": "Microsoft-Windows-TaskScheduler/Maintenance", "Provider_Name": "Microsoft-Windows-TaskScheduler", "Computer": "DESKTOP-OFJ6N53", "TimeCreated": "2025-08-08 16:03:46.691666+00:00", "RecordID": "13771", "Level": "4", "UserID": "S-1-5-18", "EventData.hc_stateid": "1", "EventData.LastRunDateTime": "‎08.‎08.‎2025 19:03"}
{"EventID": "800", "Channel": "Microsoft-Windows-TaskScheduler/Maintenance", "Provider_Name": "Microsoft-Windows-TaskScheduler", "Computer": "DESKTOP-OFJ6N53", "TimeCreated": "2025-08-08 18:03:54.863987+00:00", "RecordID": "13772", "Level": "4", "UserID": "S-1-5-18", "EventData.hc_stateid": "3", "EventData.LastRunDateTime": "‎08.‎08.‎2025 21:03"}
{"EventID": "800", "Channel": "Microsoft-Windows-TaskScheduler/Maintenance", "Provider_Name": "Microsoft-Windows-TaskScheduler", "Computer": "DESKTOP-OFJ6N53", "TimeCreated": "2025-08-08 18:03:54.993574+00:00", "RecordID": "13773", "Level": "4", "UserID": "S-1-5-18", "EventData.hc_stateid": "1", "EventData.LastRunDateTime": "‎08.‎08.‎2025 21:03"}
{"EventID": "800", "Channel": "Microsoft-Windows-TaskScheduler/Maintenance", "Provider_Name": "Microsoft-Windows-TaskScheduler", "Computer": "DESKTOP-OFJ6N53", "TimeCreated": "2025-08-09 10:03:55.178921+00:00", "RecordID": "13774", "Level": "4", "UserID": "S-1-5-18", "EventData.hc_stateid": "3", "EventData.LastRunDateTime": "‎09.‎08.‎2025 13:03"}
{"EventID": "800", "Channel": "Microsoft-Windows-TaskScheduler/Maintenance", "Provider_Name": "Microsoft-Windows-TaskScheduler", "Computer": "DESKTOP-OFJ6N53", "TimeCreated": "2025-08-09 10:07:58.758930+00:00", "RecordID": "13775", "Level": "4", "UserID": "S-1-5-18", "EventData.hc_stateid": "1", "EventData.LastRunDateTime": "‎09.‎08.‎2025 13:07"}
{"EventID": "800", "Channel": "Microsoft-Windows-TaskScheduler/Maintenance", "Provider_Name": "Microsoft-Windows-TaskScheduler", "Computer": "DESKTOP-OFJ6N53", "TimeCreated": "2025-08-09 10:07:59.782549+00:00", "RecordID": "13776", "Level": "4", "UserID": "S-1-5-18", "EventData.hc_stateid": "3", "EventData.LastRunDateTime": "‎09.‎08.‎2025 13:07"}
{"EventID": "800", "Channel": "Microsoft-Windows-TaskScheduler/Maintenance", "Provider_Name": "Microsoft-Windows-TaskScheduler", "Computer": "DESKTOP-OFJ6N53", "TimeCreated": "2025-08-09 10:09:10.327856+00:00", "RecordID": "13777", "Level": "4", "UserID": "S-1-5-18", "EventData.hc_stateid": "1", "EventData.LastRunDateTime": "‎09.‎08.‎2025 13:09"}
{"EventID": "800", "Channel": "Microsoft-Windows-TaskScheduler/Maintenance", "Provider_Name": "Microsoft-Windows-TaskScheduler", "Computer": "DESKTOP-OFJ6N53", "TimeCreated": "2025-08-09 16:03:45.463619+00:00", "RecordID": "13778", "Level": "4", "UserID": "S-1-5-18", "EventData.hc_stateid": "3", "EventData.LastRunDateTime": "‎09.‎08.‎2025 19:03"}
{"EventID": "800", "Channel": "Microsoft-Windows-TaskScheduler/Maintenance", "Provider_Name": "Microsoft-Windows-TaskScheduler", "Computer": "DESKTOP-OFJ6N53", "TimeCreated": "2025-08-09 16:03:46.474516+00:00", "RecordID": "13779", "Level": "4", "UserID": "S-1-5-18", "EventData.hc_stateid": "1", "EventData.LastRunDateTime": "‎09.‎08.‎2025 19:03"}
{"EventID": "800", "Channel": "Microsoft-Windows-TaskScheduler/Maintenance", "Provider_Name": "Microsoft-Windows-TaskScheduler", "Computer": "DESKTOP-OFJ6N53", "TimeCreated": "2025-08-09 18:03:58.223852+00:00", "RecordID": "13780", "Level": "4", "UserID": "S-1-5-18", "EventData.hc_stateid": "3", "EventData.LastRunDateTime": "‎09.‎08.‎2025 21:03"}
{"EventID": "800", "Channel": "Microsoft-Windows-TaskScheduler/Maintenance", "Provider_Name": "Microsoft-Windows-TaskScheduler", "Computer": "DESKTOP-OFJ6N53", "TimeCreated": "2025-08-09 18:03:58.255016+00:00", "RecordID": "13781", "Level": "4", "UserID": "S-1-5-18", "EventData.hc_stateid": "1", "EventData.LastRunDateTime": "‎09.‎08.‎2025 21:03"}
{"EventID": "800", "Channel": "Microsoft-Windows-TaskScheduler/Maintenance", "Provider_Name": "Microsoft-Windows-TaskScheduler", "Computer": "DESKTOP-OFJ6N53", "TimeCreated": "2025-08-10 10:03:59.221418+00:00", "RecordID": "13782", "Level": "4", "UserID": "S-1-5-18", "EventData.hc_stateid": "3", "EventData.LastRunDateTime": "‎10.‎08.‎2025 13:03"}
{"EventID": "800", "Channel": "Microsoft-Windows-TaskScheduler/Maintenance", "Provider_Name": "Microsoft-Windows-TaskScheduler", "Computer": "DESKTOP-OFJ6N53", "TimeCreated": "2025-08-10 10:09:03.659376+00:00", "RecordID": "13783", "Level": "4", "UserID": "S-1-5-18", "EventData.hc_stateid": "1", "EventData.LastRunDateTime": "‎10.‎08.‎2025 13:09"}
{"EventID": "800", "Channel": "Microsoft-Windows-TaskScheduler/Maintenance", "Provider_Name": "Microsoft-Windows-TaskScheduler", "Computer": "DESKTOP-OFJ6N53", "TimeCreated": "2025-08-10 10:09:04.675131+00:00", "RecordID": "13784", "Level": "4", "UserID": "S-1-5-18", "EventData.hc_stateid": "3", "EventData.LastRunDateTime": "‎10.‎08.‎2025 13:09"}
{"EventID": "800", "Channel": "Microsoft-Windows-TaskScheduler/Maintenance", "Provider_Name": "Microsoft-Windows-TaskScheduler", "Computer": "DESKTOP-OFJ6N53", "TimeCreated": "2025-08-10 10:09:05.330267+00:00", "RecordID": "13785", "Level": "4", "UserID": "S-1-5-18", "EventData.hc_stateid": "1", "EventData.LastRunDateTime": "‎10.‎08.‎2025 13:09"}
{"EventID": "800", "Channel": "Microsoft-Windows-TaskScheduler/Maintenance", "Provider_Name": "Microsoft-Windows-TaskScheduler", "Computer": "DESKTOP-OFJ6N53", "TimeCreated": "2025-08-10 10:09:06.346300+00:00", "RecordID": "13786", "Level": "4", "UserID": "S-1-5-18", "EventData.hc_stateid": "3", "EventData.LastRunDateTime": "‎10.‎08.‎2025 13:09"}
{"EventID": "800", "Channel": "Microsoft-Windows-TaskScheduler/Maintenance", "Provider_Name": "Microsoft-Windows-TaskScheduler", "Computer": "DESKTOP-OFJ6N53", "TimeCreated": "2025-08-10 10:09:06.768837+00:00", "RecordID": "13787", "Level": "4", "UserID": "S-1-5-18", "EventData.hc_stateid": "1", "EventData.LastRunDateTime": "‎10.‎08.‎2025 13:09"}
{"EventID": "800", "Channel": "Microsoft-Windows-TaskScheduler/Maintenance", "Provider_Name": "Microsoft-Windows-TaskScheduler", "Computer": "DESKTOP-OFJ6N53", "TimeCreated": "2025-08-10 10:09:07.779594+00:00", "RecordID": "13788", "Level": "4", "UserID": "S-1-5-18", "EventData.hc_stateid": "3", "EventData.LastRunDateTime": "‎10.‎08.‎2025 13:09"}
{"EventID": "800", "Channel": "Microsoft-Windows-TaskScheduler/Maintenance", "Provider_Name": "Microsoft-Windows-TaskScheduler", "Computer": "DESKTOP-OFJ6N53", "TimeCreated": "2025-08-10 10:09:07.844032+00:00", "RecordID": "13789", "Level": "4", "UserID": "S-1-5-18", "EventData.hc_stateid": "1", "EventData.LastRunDateTime": "‎10.‎08.‎2025 13:09"}
{"EventID": "800", "Channel": "Microsoft-Windows-TaskScheduler/Maintenance", "Provider_Name": "Microsoft-Windows-TaskScheduler", "Computer": "DESKTOP-OFJ6N53", "TimeCreated": "2025-08-10 10:09:08.857927+00:00", "RecordID": "13790", "Level": "4", "UserID": "S-1-5-18", "EventData.hc_stateid": "3", "EventData.LastRunDateTime": "‎10.‎08.‎2025 13:09"}
{"EventID": "800", "Channel": "Microsoft-Windows-TaskScheduler/Maintenance", "Provider_Name": "Microsoft-Windows-TaskScheduler", "Computer": "DESKTOP-OFJ6N53", "TimeCreated": "2025-08-10 10:10:22.952936+00:00", "RecordID": "13791", "Level": "4", "UserID": "S-1-5-18", "EventData.hc_stateid": "1", "EventData.LastRunDateTime": "‎10.‎08.‎2025 13:10"}
{"EventID": "800", "Channel": "Microsoft-Windows-TaskScheduler/Maintenance", "Provider_Name": "Microsoft-Windows-TaskScheduler", "Computer": "DESKTOP-OFJ6N53", "TimeCreated": "2025-08-10 16:03:45.499350+00:00", "RecordID": "13792", "Level": "4", "UserID": "S-1-5-18", "EventData.hc_stateid": "3", "EventData.LastRunDateTime": "‎10.‎08.‎2025 19:03"}
{"EventID": "800", "Channel": "Microsoft-Windows-TaskScheduler/Maintenance", "Provider_Name": "Microsoft-Windows-TaskScheduler", "Computer": "DESKTOP-OFJ6N53", "TimeCreated": "2025-08-10 16:03:46.987881+00:00", "RecordID": "13793", "Level": "4", "UserID": "S-1-5-18", "EventData.hc_stateid": "1", "EventData.LastRunDateTime": "‎10.‎08.‎2025 19:03"}
{"EventID": "800", "Channel": "Microsoft-Windows-TaskScheduler/Maintenance", "Provider_Name": "Microsoft-Windows-TaskScheduler", "Computer": "DESKTOP-OFJ6N53", "TimeCreated": "2025-08-10 18:04:01.385719+00:00", "RecordID": "13794", "Level": "4", "UserID": "S-1-5-18", "EventData.hc_stateid": "3", "EventData.LastRunDateTime": "‎10.‎08.‎2025 21:04"}
{"EventID": "800", "Channel": "Microsoft-Windows-TaskScheduler/Maintenance", "Provider_Name": "Microsoft-Windows-TaskScheduler", "Computer": "DESKTOP-OFJ6N53", "TimeCreated": "2025-08-10 18:04:01.497540+00:00", "RecordID": "13795", "Level": "4", "UserID": "S-1-5-18", "EventData.hc_stateid": "1", "EventData.LastRunDateTime": "‎10.‎08.‎2025 21:04"}
{"EventID": "800", "Channel": "Microsoft-Windows-TaskScheduler/Maintenance", "Provider_Name": "Microsoft-Windows-TaskScheduler", "Computer": "DESKTOP-OFJ6N53", "TimeCreated": "2025-08-11 10:04:02.580341+00:00", "RecordID": "13796", "Level": "4", "UserID": "S-1-5-18", "EventData.hc_stateid": "3", "EventData.LastRunDateTime": "‎11.‎08.‎2025 13:04"}
{"EventID": "800", "Channel": "Microsoft-Windows-TaskScheduler/Maintenance", "Provider_Name": "Microsoft-Windows-TaskScheduler", "Computer": "DESKTOP-OFJ6N53", "TimeCreated": "2025-08-11 10:09:05.025408+00:00", "RecordID": "13797", "Level": "4", "UserID": "S-1-5-18", "EventData.hc_stateid": "1", "EventData.LastRunDateTime": "‎11.‎08.‎2025 13:09"}
{"EventID": "800", "Channel": "Microsoft-Windows-TaskScheduler/Maintenance", "Provider_Name": "Microsoft-Windows-TaskScheduler", "Computer": "DESKTOP-OFJ6N53", "TimeCreated": "2025-08-11 10:09:06.046328+00:00", "RecordID": "13798", "Level": "4", "UserID": "S-1-5-18", "EventData.hc_stateid": "3", "EventData.LastRunDateTime": "‎11.‎08.‎2025 13:09"}
{"EventID": "800", "Channel": "Microsoft-Windows-TaskScheduler/Maintenance", "Provider_Name": "Microsoft-Windows-TaskScheduler", "Computer": "DESKTOP-OFJ6N53", "TimeCreated": "2025-08-11 10:10:17.426579+00:00", "RecordID": "13799", "Level": "4", "UserID": "S-1-5-18", "EventData.hc_stateid": "1", "EventData.LastRunDateTime": "‎11.‎08.‎2025 13:10"}
