{"EventID": "325", "Channel": "Microsoft-Windows-AppXDeployment/Operational", "Provider_Name": "Microsoft-Windows-AppXDeployment", "Computer": "DESKTOP-OFJ6N53", "TimeCreated": "2025-08-24 04:35:15.602900+00:00", "RecordID": "651781", "Level": "4", "UserID": "S-1-5-18", "EventData.PackageFamilyName": "Microsoft.AAD.BrokerPlugin_cw5n1h2txyewy"}
{"EventID": "325", "Channel": "Microsoft-Windows-AppXDeployment/Operational", "Provider_Name": "Microsoft-Windows-AppXDeployment", "Computer": "DESKTOP-OFJ6N53", "TimeCreated": "2025-08-24 04:35:15.770275+00:00", "RecordID": "651782", "Level": "4", "UserID": "S-1-5-18", "EventData.PackageFamilyName": "Microsoft.AAD.BrokerPlugin_cw5n1h2txyewy"}
{"EventID": "325", "Channel": "Microsoft-Windows-AppXDeployment/Operational", "Provider_Name": "Microsoft-Windows-AppXDeployment", "Computer": "DESKTOP-OFJ6N53", "TimeCreated": "2025-08-24 04:35:15.784925+00:00", "RecordID": "651783", "Level": "4", "UserID": "S-1-5-18", "EventData.PackageFamilyName": "Microsoft.AAD.BrokerPlugin_cw5n1h2txyewy"}
{"EventID": "325", "Channel": "Microsoft-Windows-AppXDeployment/Operational", "Provider_Name": "Microsoft-Windows-AppXDeployment", "Computer": "DESKTOP-OFJ6N53", "TimeCreated": "2025-08-24 04:57:20.706816+00:00", "RecordID": "651784", "Level": "4", "UserID": "S-1-5-18", "EventData.PackageFamilyName": "MicrosoftWindows.Client.CBS_cw5n1h2txyewy"}
{"EventID": "325", "Channel": "Microsoft-Windows-AppXDeployment/Operational", "Provider_Name": "Microsoft-Windows-AppXDeployment", "Computer": "DESKTOP-OFJ6N53", "TimeCreated": "2025-08-24 04:57:20.719986+00:00", "RecordID": "651785", "Level": "4", "UserID": "S-1-5-18", "EventData.PackageFamilyName": "MicrosoftWindows.Client.CBS_cw5n1h2txyewy"}
{"EventID": "325", "Channel": "Microsoft-Windows-AppXDeployment/Operational", "Provider_Name": "Microsoft-Windows-AppXDeployment", "Computer": "DESKTOP-OFJ6N53", "TimeCreated": "2025-08-24 04:57:21.491852+00:00", "RecordID": "651786", "Level": "4", "UserID": "S-1-5-18", "EventData.PackageFamilyName": "MicrosoftWindows.Client.CBS_cw5n1h2txyewy"}
{"EventID": "325", "Channel": "Microsoft-Windows-AppXDeployment/Operational", "Provider_Name": "Microsoft-Windows-AppXDeployment", "Computer": "DESKTOP-OFJ6N53", "TimeCreated": "2025-08-24 04:57:21.653469+00:00", "RecordID": "651787", "Level": "4", "UserID": "S-1-5-18", "EventData.PackageFamilyName": "MicrosoftWindows.Client.CBS_cw5n1h2txyewy"}
{"EventID": "325", "Channel": "Microsoft-Windows-AppXDeployment/Operational", "Provider_Name": "Microsoft-Windows-AppXDeployment", "Computer": "DESKTOP-OFJ6N53", "TimeCreated": "2025-08-24 05:02:20.915052+00:00", "RecordID": "651788", "Level": "4", "UserID": "S-1-5-18", "EventData.PackageFamilyName": "Microsoft.YourPhone_8wekyb3d8bbwe"}
{"EventID": "325", "Channel": "Microsoft-Windows-AppXDeployment/Operational", "Provider_Name": "Microsoft-Windows-AppXDeployment", "Computer": "DESKTOP-OFJ6N53", "TimeCreated": "2025-08-24 05:02:20.933933+00:00", "RecordID": "651789", "Level": "4", "UserID": "S-1-5-18", "EventData.PackageFamilyName": "Microsoft.YourPhone_8wekyb3d8bbwe"}
{"EventID": "325", "Channel": "Microsoft-Windows-AppXDeployment/Operational", "Provider_Name": "Microsoft-Windows-AppXDeployment", "Computer": "DESKTOP-OFJ6N53", "TimeCreated": "2025-08-24 05:02:25.615242+00:00", "RecordID": "651790", "Level": "4", "UserID": "S-1-5-18", "EventData.PackageFamilyName": "Microsoft.YourPhone_8wekyb3d8bbwe"}
{"EventID": "325", "Channel": "Microsoft-Windows-AppXDeployment/Operational", "Provider_Name": "Microsoft-Windows-AppXDeployment", "Computer": "DESKTOP-OFJ6N53", "TimeCreated": "2025-08-24 05:35:15.451464+00:00", "RecordID": "651791", "Level": "4", "UserID": "S-1-5-18", "EventData.PackageFamilyName": "Microsoft.AAD.BrokerPlugin_cw5n1h2txyewy"}
{"EventID": "325", "Channel": "Microsoft-Windows-AppXDeployment/Operational", "Provider_Name": "Microsoft-Windows-AppXDeployment", "Computer": "DESKTOP-OFJ6N53", "TimeCreated": "2025-08-24 05:35:15.481834+00:00", "RecordID": "651792", "Level": "4", "UserID": "S-1-5-18", "EventData.PackageFamilyName": "Microsoft.AAD.BrokerPlugin_cw5n1h2txyewy"}
{"EventID": "325", "Channel": "Microsoft-Windows-AppXDeployment/Operational", "Provider_Name": "Microsoft-Windows-AppXDeployment", "Computer": "DESKTOP-OFJ6N53", "TimeCreated": "2025-08-24 05:35:15.636251+00:00", "RecordID": "651793", "Level": "4", "UserID": "S-1-5-18", "EventData.PackageFamilyName": "Microsoft.AAD.BrokerPlugin_cw5n1h2txyewy"}
{"EventID": "325", "Channel": "Microsoft-Windows-AppXDeployment/Operational", "Provider_Name": "Microsoft-Windows-AppXDeployment", "Computer": "DESKTOP-OFJ6N53", "TimeCreated": "2025-08-24 05:41:20.681593+00:00", "RecordID": "651794", "Level": "4", "UserID": "S-1-5-18", "EventData.PackageFamilyName": "Microsoft.Windows.Search_cw5n1h2txyewy"}
{"EventID": "325", "Channel": "Microsoft-Windows-AppXDeployment/Operational", "Provider_Name": "Microsoft-Windows-AppXDeployment", "Computer": "DESKTOP-OFJ6N53", "TimeCreated": "2025-08-24 05:41:20.695030+00:00", "RecordID": "651795", "Level": "4", "UserID": "S-1-5-18", "EventData.PackageFamilyName": "MicrosoftWindows.Client.CBS_cw5n1h2txyewy"}
{"EventID": "325", "Channel": "Microsoft-Windows-AppXDeployment/Operational", "Provider_Name": "Microsoft-Windows-AppXDeployment", "Computer": "DESKTOP-OFJ6N53", "TimeCreated": "2025-08-24 05:41:20.705866+00:00", "RecordID": "651796", "Level": "4", "UserID": "S-1-5-18", "EventData.PackageFamilyName": "Microsoft.Windows.Search_cw5n1h2txyewy"}
{"EventID": "325", "Channel": "Microsoft-Windows-AppXDeployment/Operational", "Provider_Name": "Microsoft-Windows-AppXDeployment", "Computer": "DESKTOP-OFJ6N53", "TimeCreated": "2025-08-24 05:41:20.715086+00:00", "RecordID": "651797", "Level": "4", "UserID": "S-1-5-18", "EventData.PackageFamilyName": "MicrosoftWindows.Client.CBS_cw5n1h2txyewy"}
{"EventID": "325", "Channel": "Microsoft-Windows-AppXDeployment/Operational", "Provider_Name": "Microsoft-Windows-AppXDeployment", "Computer": "DESKTOP-OFJ6N53", "TimeCreated": "2025-08-24 05:41:21.479815+00:00", "RecordID": "651798", "Level": "4", "UserID": "S-1-5-18", "EventData.PackageFamilyName": "MicrosoftWindows.Client.CBS_cw5n1h2txyewy"}
{"EventID": "325", "Channel": "Microsoft-Windows-AppXDeployment/Operational", "Provider_Name": "Microsoft-Windows-AppXDeployment", "Computer": "DESKTOP-OFJ6N53", "TimeCreated": "2025-08-24 05:41:21.971632+00:00", "RecordID": "651799", "Level": "4", "UserID": "S-1-5-18", "EventData.PackageFamilyName": "MicrosoftWindows.Client.CBS_cw5n1h2txyewy"}
{"EventID": "325", "Channel": "Microsoft-Windows-AppXDeployment/Operational", "Provider_Name": "Microsoft-Windows-AppXDeployment", "Computer": "DESKTOP-OFJ6N53", "TimeCreated": "2025-08-24 05:41:22.036747+00:00", "RecordID": "651800", "Level": "4", "UserID": "S-1-5-18", "EventData.PackageFamilyName": "MicrosoftWindows.Client.CBS_cw5n1h2txyewy"}
{"EventID": "325", "Channel": "Microsoft-Windows-AppXDeployment/Operational", "Provider_Name": "Microsoft-Windows-AppXDeployment", "Computer": "DESKTOP-OFJ6N53", "TimeCreated": "2025-08-24 06:35:15.328800+00:00", "RecordID": "651801", "Level": "4", "UserID": "S-1-5-18", "EventData.PackageFamilyName": "Microsoft.AAD.BrokerPlugin_cw5n1h2txyewy"}
{"EventID": "325", "Channel": "Microsoft-Windows-AppXDeployment/Operational", "Provider_Name": "Microsoft-Windows-AppXDeployment", "Computer": "DESKTOP-OFJ6N53", "TimeCreated": "2025-08-24 06:35:15.629311+00:00", "RecordID": "651802", "Level": "4", "UserID": "S-1-5-18", "EventData.PackageFamilyName": "Microsoft.AAD.BrokerPlugin_cw5n1h2txyewy"}
{"EventID": "325", "Channel": "Microsoft-Windows-AppXDeployment/Operational", "Provider_Name": "Microsoft-Windows-AppXDeployment", "Computer": "DESKTOP-OFJ6N53", "TimeCreated": "2025-08-24 06:35:15.640896+00:00", "RecordID": "651803", "Level": "4", "UserID": "S-1-5-18", "EventData.PackageFamilyName": "Microsoft.AAD.BrokerPlugin_cw5n1h2txyewy"}
{"EventID": "325", "Channel": "Microsoft-Windows-AppXDeployment/Operational", "Provider_Name": "Microsoft-Windows-AppXDeployment", "Computer": "DESKTOP-OFJ6N53", "TimeCreated": "2025-08-24 06:41:20.674479+00:00", "RecordID": "651804", "Level": "4", "UserID": "S-1-5-18", "EventData.PackageFamilyName": "Microsoft.Windows.Search_cw5n1h2txyewy"}
{"EventID": "325", "Channel": "Microsoft-Windows-AppXDeployment/Operational", "Provider_Name": "Microsoft-Windows-AppXDeployment", "Computer": "DESKTOP-OFJ6N53", "TimeCreated": "2025-08-24 06:41:20.699581+00:00", "RecordID": "651805", "Level": "4", "UserID": "S-1-5-18", "EventData.PackageFamilyName": "Microsoft.Windows.Search_cw5n1h2txyewy"}
{"EventID": "325", "Channel": "Microsoft-Windows-AppXDeployment/Operational", "Provider_Name": "Microsoft-Windows-AppXDeployment", "Computer": "DESKTOP-OFJ6N53", "TimeCreated": "2025-08-24 06:41:20.734661+00:00", "RecordID": "651806", "Level": "4", "UserID": "S-1-5-18", "EventData.PackageFamilyName": "Microsoft.Windows.Search_cw5n1h2txyewy"}
{"EventID": "325", "Channel": "Microsoft-Windows-AppXDeployment/Operational", "Provider_Name": "Microsoft-Windows-AppXDeployment", "Computer": "DESKTOP-OFJ6N53", "TimeCreated": "2025-08-24 06:49:46.189701+00:00", "RecordID": "651807", "Level": "4", "UserID": "S-1-5-18", "EventData.PackageFamilyName": "Microsoft.AAD.BrokerPlugin_cw5n1h2txyewy"}
{"EventID": "325", "Channel": "Microsoft-Windows-AppXDeployment/Operational", "Provider_Name": "Microsoft-Windows-AppXDeployment", "Computer": "DESKTOP-OFJ6N53", "TimeCreated": "2025-08-24 06:49:46.217535+00:00", "RecordID": "651808", "Level": "4", "UserID": "S-1-5-18", "EventData.PackageFamilyName": "Microsoft.AAD.BrokerPlugin_cw5n1h2txyewy"}
{"EventID": "325", "Channel": "Microsoft-Windows-AppXDeployment/Operational", "Provider_Name": "Microsoft-Windows-AppXDeployment", "Computer": "DESKTOP-OFJ6N53", "TimeCreated": "2025-08-24 06:49:46.228155+00:00", "RecordID": "651809", "Level": "4", "UserID": "S-1-5-18", "EventData.PackageFamilyName": "Microsoft.AAD.BrokerPlugin_cw5n1h2txyewy"}
{"EventID": "325", "Channel": "Microsoft-Windows-AppXDeployment/Operational", "Provider_Name": "Microsoft-Windows-AppXDeployment", "Computer": "DESKTOP-OFJ6N53", "TimeCreated": "2025-08-24 07:35:15.331560+00:00", "RecordID": "651810", "Level": "4", "UserID": "S-1-5-18", "EventData.PackageFamilyName": "Microsoft.AAD.BrokerPlugin_cw5n1h2txyewy"}
{"EventID": "325", "Channel": "Microsoft-Windows-AppXDeployment/Operational", "Provider_Name": "Microsoft-Windows-AppXDeployment", "Computer": "DESKTOP-OFJ6N53", "TimeCreated": "2025-08-24 07:35:15.362541+00:00", "RecordID": "651811", "Level": "4", "UserID": "S-1-5-18", "EventData.PackageFamilyName": "Microsoft.AAD.BrokerPlugin_cw5n1h2txyewy"}
{"EventID": "325", "Channel": "Microsoft-Windows-AppXDeployment/Operational", "Provider_Name": "Microsoft-Windows-AppXDeployment", "Computer": "DESKTOP-OFJ6N53", "TimeCreated": "2025-08-24 07:35:15.373644+00:00", "RecordID": "651812", "Level": "4", "UserID": "S-1-5-18", "EventData.PackageFamilyName": "Microsoft.AAD.BrokerPlugin_cw5n1h2txyewy"}
{"EventID": "325", "Channel": "Microsoft-Windows-AppXDeployment/Operational", "Provider_Name": "Microsoft-Windows-AppXDeployment", "Computer": "DESKTOP-OFJ6N53", "TimeCreated": "2025-08-24 07:54:48.679209+00:00", "RecordID": "651813", "Level": "4", "UserID": "S-1-5-18", "EventData.PackageFamilyName": "Microsoft.AAD.BrokerPlugin_cw5n1h2txyewy"}
{"EventID": "325", "Channel": "Microsoft-Windows-AppXDeployment/Operational", "Provider_Name": "Microsoft-Windows-AppXDeployment", "Computer": "DESKTOP-OFJ6N53", "TimeCreated": "2025-08-24 07:54:48.810192+00:00", "RecordID": "651814", "Level": "4", "UserID": "S-1-5-18", "EventData.PackageFamilyName": "Microsoft.AAD.BrokerPlugin_cw5n1h2txyewy"}
{"EventID": "325", "Channel": "Microsoft-Windows-AppXDeployment/Operational", "Provider_Name": "Microsoft-Windows-AppXDeployment", "Computer": "DESKTOP-OFJ6N53", "TimeCreated": "2025-08-24 07:54:48.912498+00:00", "RecordID": "651815", "Level": "4", "UserID": "S-1-5-18", "EventData.PackageFamilyName": "Microsoft.AAD.BrokerPlugin_cw5n1h2txyewy"}
{"EventID": "325", "Channel": "Microsoft-Windows-AppXDeployment/Operational", "Provider_Name": "Microsoft-Windows-AppXDeployment", "Computer": "DESKTOP-OFJ6N53", "TimeCreated": "2025-08-24 08:05:20.646660+00:00", "RecordID": "651816", "Level": "4", "UserID": "S-1-5-18", "EventData.PackageFamilyName": "Microsoft.Windows.ContentDeliveryManager_cw5n1h2txyewy"}
{"EventID": "325", "Channel": "Microsoft-Windows-AppXDeployment/Operational", "Provider_Name": "Microsoft-Windows-AppXDeployment", "Computer": "DESKTOP-OFJ6N53", "TimeCreated": "2025-08-24 08:05:20.657324+00:00", "RecordID": "651817", "Level": "4", "UserID": "S-1-5-18", "EventData.PackageFamilyName": "Microsoft.Windows.ContentDeliveryManager_cw5n1h2txyewy"}
{"EventID": "325", "Channel": "Microsoft-Windows-AppXDeployment/Operational", "Provider_Name": "Microsoft-Windows-AppXDeployment", "Computer": "DESKTOP-OFJ6N53", "TimeCreated": "2025-08-24 08:05:21.002457+00:00", "RecordID": "651818", "Level": "4", "UserID": "S-1-5-18", "EventData.PackageFamilyName": "Microsoft.Windows.ContentDeliveryManager_cw5n1h2txyewy"}
{"EventID": "325", "Channel": "Microsoft-Windows-AppXDeployment/Operational", "Provider_Name": "Microsoft-Windows-AppXDeployment", "Computer": "DESKTOP-OFJ6N53", "TimeCreated": "2025-08-24 08:05:21.177967+00:00", "RecordID": "651819", "Level": "4", "UserID": "S-1-5-18", "EventData.PackageFamilyName": "Microsoft.Windows.ContentDeliveryManager_cw5n1h2txyewy"}
{"EventID": "325", "Channel": "Microsoft-Windows-AppXDeployment/Operational", "Provider_Name": "Microsoft-Windows-AppXDeployment", "Computer": "DESKTOP-OFJ6N53", "TimeCreated": "2025-08-24 08:05:53.387659+00:00", "RecordID": "651820", "Level": "4", "UserID": "S-1-5-18", "EventData.PackageFamilyName": "Microsoft.Windows.ContentDeliveryManager_cw5n1h2txyewy"}
{"EventID": "325", "Channel": "Microsoft-Windows-AppXDeployment/Operational", "Provider_Name": "Microsoft-Windows-AppXDeployment", "Computer": "DESKTOP-OFJ6N53", "TimeCreated": "2025-08-24 08:05:53.400099+00:00", "RecordID": "651821", "Level": "4", "UserID": "S-1-5-18", "EventData.PackageFamilyName": "Microsoft.Windows.ContentDeliveryManager_cw5n1h2txyewy"}
{"EventID": "325", "Channel": "Microsoft-Windows-AppXDeployment/Operational", "Provider_Name": "Microsoft-Windows-AppXDeployment", "Computer": "DESKTOP-OFJ6N53", "TimeCreated": "2025-08-24 08:05:53.705397+00:00", "RecordID": "651822", "Level": "4", "UserID": "S-1-5-18", "EventData.PackageFamilyName": "Microsoft.Windows.ContentDeliveryManager_cw5n1h2txyewy"}
{"EventID": "325", "Channel": "Microsoft-Windows-AppXDeployment/Operational", "Provider_Name": "Microsoft-Windows-AppXDeployment", "Computer": "DESKTOP-OFJ6N53", "TimeCreated": "2025-08-24 08:05:53.823059+00:00", "RecordID": "651823", "Level": "4", "UserID": "S-1-5-18", "EventData.PackageFamilyName": "Microsoft.AAD.BrokerPlugin_cw5n1h2txyewy"}
{"EventID": "325", "Channel": "Microsoft-Windows-AppXDeployment/Operational", "Provider_Name": "Microsoft-Windows-AppXDeployment", "Computer": "DESKTOP-OFJ6N53", "TimeCreated": "2025-08-24 08:05:53.837875+00:00", "RecordID": "651824", "Level": "4", "UserID": "S-1-5-18", "EventData.PackageFamilyName": "Microsoft.AAD.BrokerPlugin_cw5n1h2txyewy"}
{"EventID": "325", "Channel": "Microsoft-Windows-AppXDeployment/Operational", "Provider_Name": "Microsoft-Windows-AppXDeployment", "Computer": "DESKTOP-OFJ6N53", "TimeCreated": "2025-08-24 08:05:53.848131+00:00", "RecordID": "651825", "Level": "4", "UserID": "S-1-5-18", "EventData.PackageFamilyName": "Microsoft.AAD.BrokerPlugin_cw5n1h2txyewy"}
{"EventID": "325", "Channel": "Microsoft-Windows-AppXDeployment/Operational", "Provider_Name": "Microsoft-Windows-AppXDeployment", "Computer": "DESKTOP-OFJ6N53", "TimeCreated": "2025-08-24 08:05:57.333755+00:00", "RecordID": "651826", "Level": "4", "UserID": "S-1-5-18", "EventData.PackageFamilyName": "Microsoft.Windows.ContentDeliveryManager_cw5n1h2txyewy"}
{"EventID": "325", "Channel": "Microsoft-Windows-AppXDeployment/Operational", "Provider_Name": "Microsoft-Windows-AppXDeployment", "Computer": "DESKTOP-OFJ6N53", "TimeCreated": "2025-08-24 08:05:57.385193+00:00", "RecordID": "651827", "Level": "4", "UserID": "S-1-5-18", "EventData.PackageFamilyName": "Microsoft.Windows.ContentDeliveryManager_cw5n1h2txyewy"}
{"EventID": "325", "Channel": "Microsoft-Windows-AppXDeployment/Operational", "Provider_Name": "Microsoft-Windows-AppXDeployment", "Computer": "DESKTOP-OFJ6N53", "TimeCreated": "2025-08-24 08:05:57.433495+00:00", "RecordID": "651828", "Level": "4", "UserID": "S-1-5-18", "EventData.PackageFamilyName": "Microsoft.Windows.ContentDeliveryManager_cw5n1h2txyewy"}
{"EventID": "325", "Channel": "Microsoft-Windows-AppXDeployment/Operational", "Provider_Name": "Microsoft-Windows-AppXDeployment", "Computer": "DESKTOP-OFJ6N53", "TimeCreated": "2025-08-24 08:05:57.482586+00:00", "RecordID": "651829", "Level": "4", "UserID": "S-1-5-18", "EventData.PackageFamilyName": "Microsoft.Windows.ContentDeliveryManager_cw5n1h2txyewy"}
{"EventID": "325", "Channel": "Microsoft-Windows-AppXDeployment/Operational", "Provider_Name": "Microsoft-Windows-AppXDeployment", "Computer": "DESKTOP-OFJ6N53", "TimeCreated": "2025-08-24 08:06:20.656000+00:00", "RecordID": "651830", "Level": "4", "UserID": "S-1-5-18", "EventData.PackageFamilyName": "Microsoft.Windows.ContentDeliveryManager_cw5n1h2txyewy"}
{"EventID": "325", "Channel": "Microsoft-Windows-AppXDeployment/Operational", "Provider_Name": "Microsoft-Windows-AppXDeployment", "Computer": "DESKTOP-OFJ6N53", "TimeCreated": "2025-08-24 08:06:20.668083+00:00", "RecordID": "651831", "Level": "4", "UserID": "S-1-5-18", "EventData.PackageFamilyName": "Microsoft.Windows.ContentDeliveryManager_cw5n1h2txyewy"}
{"EventID": "325", "Channel": "Microsoft-Windows-AppXDeployment/Operational", "Provider_Name": "Microsoft-Windows-AppXDeployment", "Computer": "DESKTOP-OFJ6N53", "TimeCreated": "2025-08-24 08:06:20.840391+00:00", "RecordID": "651832", "Level": "4", "UserID": "S-1-5-18", "EventData.PackageFamilyName": "Microsoft.Windows.ContentDeliveryManager_cw5n1h2txyewy"}
{"EventID": "325", "Channel": "Microsoft-Windows-AppXDeployment/Operational", "Provider_Name": "Microsoft-Windows-AppXDeployment", "Computer": "DESKTOP-OFJ6N53", "TimeCreated": "2025-08-24 08:15:33.505472+00:00", "RecordID": "651833", "Level": "4", "UserID": "S-1-5-18", "EventData.PackageFamilyName": "Microsoft.AAD.BrokerPlugin_cw5n1h2txyewy"}
{"EventID": "325", "Channel": "Microsoft-Windows-AppXDeployment/Operational", "Provider_Name": "Microsoft-Windows-AppXDeployment", "Computer": "DESKTOP-OFJ6N53", "TimeCreated": "2025-08-24 08:15:33.663132+00:00", "RecordID": "651834", "Level": "4", "UserID": "S-1-5-18", "EventData.PackageFamilyName": "Microsoft.AAD.BrokerPlugin_cw5n1h2txyewy"}
{"EventID": "325", "Channel": "Microsoft-Windows-AppXDeployment/Operational", "Provider_Name": "Microsoft-Windows-AppXDeployment", "Computer": "DESKTOP-OFJ6N53", "TimeCreated": "2025-08-24 08:15:33.675564+00:00", "RecordID": "651835", "Level": "4", "UserID": "S-1-5-18", "EventData.PackageFamilyName": "Microsoft.AAD.BrokerPlugin_cw5n1h2txyewy"}
{"EventID": "325", "Channel": "Microsoft-Windows-AppXDeployment/Operational", "Provider_Name": "Microsoft-Windows-AppXDeployment", "Computer": "DESKTOP-OFJ6N53", "TimeCreated": "2025-08-24 08:24:20.854586+00:00", "RecordID": "651836", "Level": "4", "UserID": "S-1-5-18", "EventData.PackageFamilyName": "Microsoft.WindowsStore_8wekyb3d8bbwe"}
{"EventID": "325", "Channel": "Microsoft-Windows-AppXDeployment/Operational", "Provider_Name": "Microsoft-Windows-AppXDeployment", "Computer": "DESKTOP-OFJ6N53", "TimeCreated": "2025-08-24 08:24:20.871124+00:00", "RecordID": "651837", "Level": "4", "UserID": "S-1-5-18", "EventData.PackageFamilyName": "Microsoft.WindowsStore_8wekyb3d8bbwe"}
{"EventID": "325", "Channel": "Microsoft-Windows-AppXDeployment/Operational", "Provider_Name": "Microsoft-Windows-AppXDeployment", "Computer": "DESKTOP-OFJ6N53", "TimeCreated": "2025-08-24 08:35:17.190006+00:00", "RecordID": "651838", "Level": "4", "UserID": "S-1-5-18", "EventData.PackageFamilyName": "Microsoft.AAD.BrokerPlugin_cw5n1h2txyewy"}
{"EventID": "325", "Channel": "Microsoft-Windows-AppXDeployment/Operational", "Provider_Name": "Microsoft-Windows-AppXDeployment", "Computer": "DESKTOP-OFJ6N53", "TimeCreated": "2025-08-24 08:35:17.217646+00:00", "RecordID": "651839", "Level": "4", "UserID": "S-1-5-18", "EventData.PackageFamilyName": "Microsoft.AAD.BrokerPlugin_cw5n1h2txyewy"}
{"EventID": "325", "Channel": "Microsoft-Windows-AppXDeployment/Operational", "Provider_Name": "Microsoft-Windows-AppXDeployment", "Computer": "DESKTOP-OFJ6N53", "TimeCreated": "2025-08-24 08:35:17.228394+00:00", "RecordID": "651840", "Level": "4", "UserID": "S-1-5-18", "EventData.PackageFamilyName": "Microsoft.AAD.BrokerPlugin_cw5n1h2txyewy"}
{"EventID": "325", "Channel": "Microsoft-Windows-AppXDeployment/Operational", "Provider_Name": "Microsoft-Windows-AppXDeployment", "Computer": "DESKTOP-OFJ6N53", "TimeCreated": "2025-08-24 08:41:21.098122+00:00", "RecordID": "651841", "Level": "4", "UserID": "S-1-5-18", "EventData.PackageFamilyName": "Microsoft.Windows.Search_cw5n1h2txyewy"}
{"EventID": "325", "Channel": "Microsoft-Windows-AppXDeployment/Operational", "Provider_Name": "Microsoft-Windows-AppXDeployment", "Computer": "DESKTOP-OFJ6N53", "TimeCreated": "2025-08-24 08:41:21.108431+00:00", "RecordID": "651842", "Level": "4", "UserID": "S-1-5-18", "EventData.PackageFamilyName": "Microsoft.Windows.Search_cw5n1h2txyewy"}
{"EventID": "325", "Channel": "Microsoft-Windows-AppXDeployment/Operational", "Provider_Name": "Microsoft-Windows-AppXDeployment", "Computer": "DESKTOP-OFJ6N53", "TimeCreated": "2025-08-24 08:54:21.198767+00:00", "RecordID": "651843", "Level": "4", "UserID": "S-1-5-18", "EventData.PackageFamilyName": "Microsoft.Windows.ContentDeliveryManager_cw5n1h2txyewy"}
{"EventID": "325", "Channel": "Microsoft-Windows-AppXDeployment/Operational", "Provider_Name": "Microsoft-Windows-AppXDeployment", "Computer": "DESKTOP-OFJ6N53", "TimeCreated": "2025-08-24 08:54:21.210831+00:00", "RecordID": "651844", "Level": "4", "UserID": "S-1-5-18", "EventData.PackageFamilyName": "Microsoft.Windows.ContentDeliveryManager_cw5n1h2txyewy"}
{"EventID": "325", "Channel": "Microsoft-Windows-AppXDeployment/Operational", "Provider_Name": "Microsoft-Windows-AppXDeployment", "Computer": "DESKTOP-OFJ6N53", "TimeCreated": "2025-08-24 08:54:21.543434+00:00", "RecordID": "651845", "Level": "4", "UserID": "S-1-5-18", "EventData.PackageFamilyName": "Microsoft.Windows.ContentDeliveryManager_cw5n1h2txyewy"}
{"EventID": "325", "Channel": "Microsoft-Windows-AppXDeployment/Operational", "Provider_Name": "Microsoft-Windows-AppXDeployment", "Computer": "DESKTOP-OFJ6N53", "TimeCreated": "2025-08-24 08:54:22.244120+00:00", "RecordID": "651846", "Level": "4", "UserID": "S-1-5-18", "EventData.PackageFamilyName": "Microsoft.AAD.BrokerPlugin_cw5n1h2txyewy"}
{"EventID": "325", "Channel": "Microsoft-Windows-AppXDeployment/Operational", "Provider_Name": "Microsoft-Windows-AppXDeployment", "Computer": "DESKTOP-OFJ6N53", "TimeCreated": "2025-08-24 08:54:22.264606+00:00", "RecordID": "651847", "Level": "4", "UserID": "S-1-5-18", "EventData.PackageFamilyName": "Microsoft.AAD.BrokerPlugin_cw5n1h2txyewy"}
{"EventID": "325", "Channel": "Microsoft-Windows-AppXDeployment/Operational", "Provider_Name": "Microsoft-Windows-AppXDeployment", "Computer": "DESKTOP-OFJ6N53", "TimeCreated": "2025-08-24 08:54:22.275774+00:00", "RecordID": "651848", "Level": "4", "UserID": "S-1-5-18", "EventData.PackageFamilyName": "Microsoft.AAD.BrokerPlugin_cw5n1h2txyewy"}
{"EventID": "325", "Channel": "Microsoft-Windows-AppXDeployment/Operational", "Provider_Name": "Microsoft-Windows-AppXDeployment", "Computer": "DESKTOP-OFJ6N53", "TimeCreated": "2025-08-24 08:54:24.522228+00:00", "RecordID": "651849", "Level": "4", "UserID": "S-1-5-18", "EventData.PackageFamilyName": "Microsoft.Windows.ContentDeliveryManager_cw5n1h2txyewy"}
{"EventID": "325", "Channel": "Microsoft-Windows-AppXDeployment/Operational", "Provider_Name": "Microsoft-Windows-AppXDeployment", "Computer": "DESKTOP-OFJ6N53", "TimeCreated": "2025-08-24 08:54:24.576605+00:00", "RecordID": "651850", "Level": "4", "UserID": "S-1-5-18", "EventData.PackageFamilyName": "Microsoft.Windows.ContentDeliveryManager_cw5n1h2txyewy"}
{"EventID": "325", "Channel": "Microsoft-Windows-AppXDeployment/Operational", "Provider_Name": "Microsoft-Windows-AppXDeployment", "Computer": "DESKTOP-OFJ6N53", "TimeCreated": "2025-08-24 08:54:24.636417+00:00", "RecordID": "651851", "Level": "4", "UserID": "S-1-5-18", "EventData.PackageFamilyName": "Microsoft.Windows.ContentDeliveryManager_cw5n1h2txyewy"}
{"EventID": "325", "Channel": "Microsoft-Windows-AppXDeployment/Operational", "Provider_Name": "Microsoft-Windows-AppXDeployment", "Computer": "DESKTOP-OFJ6N53", "TimeCreated": "2025-08-24 08:54:24.698027+00:00", "RecordID": "651852", "Level": "4", "UserID": "S-1-5-18", "EventData.PackageFamilyName": "Microsoft.Windows.ContentDeliveryManager_cw5n1h2txyewy"}
{"EventID": "325", "Channel": "Microsoft-Windows-AppXDeployment/Operational", "Provider_Name": "Microsoft-Windows-AppXDeployment", "Computer": "DESKTOP-OFJ6N53", "TimeCreated": "2025-08-24 08:54:24.744795+00:00", "RecordID": "651853", "Level": "4", "UserID": "S-1-5-18", "EventData.PackageFamilyName": "Microsoft.Windows.ContentDeliveryManager_cw5n1h2txyewy"}
{"EventID": "325", "Channel": "Microsoft-Windows-AppXDeployment/Operational", "Provider_Name": "Microsoft-Windows-AppXDeployment", "Computer": "DESKTOP-OFJ6N53", "TimeCreated": "2025-08-24 08:54:24.810598+00:00", "RecordID": "651854", "Level": "4", "UserID": "S-1-5-18", "EventData.PackageFamilyName": "Microsoft.Windows.ContentDeliveryManager_cw5n1h2txyewy"}
{"EventID": "325", "Channel": "Microsoft-Windows-AppXDeployment/Operational", "Provider_Name": "Microsoft-Windows-AppXDeployment", "Computer": "DESKTOP-OFJ6N53", "TimeCreated": "2025-08-24 08:54:24.861887+00:00", "RecordID": "651855", "Level": "4", "UserID": "S-1-5-18", "EventData.PackageFamilyName": "Microsoft.Windows.ContentDeliveryManager_cw5n1h2txyewy"}
{"EventID": "325", "Channel": "Microsoft-Windows-AppXDeployment/Operational", "Provider_Name": "Microsoft-Windows-AppXDeployment", "Computer": "DESKTOP-OFJ6N53", "TimeCreated": "2025-08-24 08:54:24.919336+00:00", "RecordID": "651856", "Level": "4", "UserID": "S-1-5-18", "EventData.PackageFamilyName": "Microsoft.Windows.ContentDeliveryManager_cw5n1h2txyewy"}
{"EventID": "325", "Channel": "Microsoft-Windows-AppXDeployment/Operational", "Provider_Name": "Microsoft-Windows-AppXDeployment", "Computer": "DESKTOP-OFJ6N53", "TimeCreated": "2025-08-24 08:54:24.987650+00:00", "RecordID": "651857", "Level": "4", "UserID": "S-1-5-18", "EventData.PackageFamilyName": "Microsoft.Windows.ContentDeliveryManager_cw5n1h2txyewy"}
{"EventID": "325", "Channel": "Microsoft-Windows-AppXDeployment/Operational", "Provider_Name": "Microsoft-Windows-AppXDeployment", "Computer": "DESKTOP-OFJ6N53", "TimeCreated": "2025-08-24 08:54:25.061954+00:00", "RecordID": "651858", "Level": "4", "UserID": "S-1-5-18", "EventData.PackageFamilyName": "Microsoft.Windows.ContentDeliveryManager_cw5n1h2txyewy"}
{"EventID": "325", "Channel": "Microsoft-Windows-AppXDeployment/Operational", "Provider_Name": "Microsoft-Windows-AppXDeployment", "Computer": "DESKTOP-OFJ6N53", "TimeCreated": "2025-08-24 08:54:25.121546+00:00", "RecordID": "651859", "Level": "4", "UserID": "S-1-5-18", "EventData.PackageFamilyName": "Microsoft.Windows.ContentDeliveryManager_cw5n1h2txyewy"}
{"EventID": "325", "Channel": "Microsoft-Windows-AppXDeployment/Operational", "Provider_Name": "Microsoft-Windows-AppXDeployment", "Computer": "DESKTOP-OFJ6N53", "TimeCreated": "2025-08-24 08:54:25.206326+00:00", "RecordID": "651860", "Level": "4", "UserID": "S-1-5-18", "EventData.PackageFamilyName": "Microsoft.Windows.ContentDeliveryManager_cw5n1h2txyewy"}
{"EventID": "325", "Channel": "Microsoft-Windows-AppXDeployment/Operational", "Provider_Name": "Microsoft-Windows-AppXDeployment", "Computer": "DESKTOP-OFJ6N53", "TimeCreated": "2025-08-24 08:54:26.402147+00:00", "RecordID": "651861", "Level": "4", "UserID": "S-1-5-18", "EventData.PackageFamilyName": "Microsoft.Windows.ContentDeliveryManager_cw5n1h2txyewy"}
{"EventID": "325", "Channel": "Microsoft-Windows-AppXDeployment/Operational", "Provider_Name": "Microsoft-Windows-AppXDeployment", "Computer": "DESKTOP-OFJ6N53", "TimeCreated": "2025-08-24 08:54:26.464077+00:00", "RecordID": "651862", "Level": "4", "UserID": "S-1-5-18", "EventData.PackageFamilyName": "Microsoft.Windows.ContentDeliveryManager_cw5n1h2txyewy"}
{"EventID": "325", "Channel": "Microsoft-Windows-AppXDeployment/Operational", "Provider_Name": "Microsoft-Windows-AppXDeployment", "Computer": "DESKTOP-OFJ6N53", "TimeCreated": "2025-08-24 08:54:26.527479+00:00", "RecordID": "651863", "Level": "4", "UserID": "S-1-5-18", "EventData.PackageFamilyName": "Microsoft.Windows.ContentDeliveryManager_cw5n1h2txyewy"}
{"EventID": "325", "Channel": "Microsoft-Windows-AppXDeployment/Operational", "Provider_Name": "Microsoft-Windows-AppXDeployment", "Computer": "DESKTOP-OFJ6N53", "TimeCreated": "2025-08-24 08:54:26.590298+00:00", "RecordID": "651864", "Level": "4", "UserID": "S-1-5-18", "EventData.PackageFamilyName": "Microsoft.Windows.ContentDeliveryManager_cw5n1h2txyewy"}
{"EventID": "325", "Channel": "Microsoft-Windows-AppXDeployment/Operational", "Provider_Name": "Microsoft-Windows-AppXDeployment", "Computer": "DESKTOP-OFJ6N53", "TimeCreated": "2025-08-24 08:54:26.659761+00:00", "RecordID": "651865", "Level": "4", "UserID": "S-1-5-18", "EventData.PackageFamilyName": "Microsoft.Windows.ContentDeliveryManager_cw5n1h2txyewy"}
{"EventID": "325", "Channel": "Microsoft-Windows-AppXDeployment/Operational", "Provider_Name": "Microsoft-Windows-AppXDeployment", "Computer": "DESKTOP-OFJ6N53", "TimeCreated": "2025-08-24 08:54:26.777300+00:00", "RecordID": "651866", "Level": "4", "UserID": "S-1-5-18", "EventData.PackageFamilyName": "Microsoft.Windows.ContentDeliveryManager_cw5n1h2txyewy"}
{"EventID": "325", "Channel": "Microsoft-Windows-AppXDeployment/Operational", "Provider_Name": "Microsoft-Windows-AppXDeployment", "Computer": "DESKTOP-OFJ6N53", "TimeCreated": "2025-08-24 08:54:26.845568+00:00", "RecordID": "651867", "Level": "4", "UserID": "S-1-5-18", "EventData.PackageFamilyName": "Microsoft.Windows.ContentDeliveryManager_cw5n1h2txyewy"}
{"EventID": "325", "Channel": "Microsoft-Windows-AppXDeployment/Operational", "Provider_Name": "Microsoft-Windows-AppXDeployment", "Computer": "DESKTOP-OFJ6N53", "TimeCreated": "2025-08-24 08:54:26.922020+00:00", "RecordID": "651868", "Level": "4", "UserID": "S-1-5-18", "EventData.PackageFamilyName": "Microsoft.Windows.ContentDeliveryManager_cw5n1h2txyewy"}
{"EventID": "325", "Channel": "Microsoft-Windows-AppXDeployment/Operational", "Provider_Name": "Microsoft-Windows-AppXDeployment", "Computer": "DESKTOP-OFJ6N53", "TimeCreated": "2025-08-24 08:54:27.006165+00:00", "RecordID": "651869", "Level": "4", "UserID": "S-1-5-18", "EventData.PackageFamilyName": "Microsoft.Windows.ContentDeliveryManager_cw5n1h2txyewy"}
{"EventID": "325", "Channel": "Microsoft-Windows-AppXDeployment/Operational", "Provider_Name": "Microsoft-Windows-AppXDeployment", "Computer": "DESKTOP-OFJ6N53", "TimeCreated": "2025-08-24 08:54:27.070740+00:00", "RecordID": "651870", "Level": "4", "UserID": "S-1-5-18", "EventData.PackageFamilyName": "Microsoft.Windows.ContentDeliveryManager_cw5n1h2txyewy"}
{"EventID": "325", "Channel": "Microsoft-Windows-AppXDeployment/Operational", "Provider_Name": "Microsoft-Windows-AppXDeployment", "Computer": "DESKTOP-OFJ6N53", "TimeCreated": "2025-08-24 08:54:27.142094+00:00", "RecordID": "651871", "Level": "4", "UserID": "S-1-5-18", "EventData.PackageFamilyName": "Microsoft.Windows.ContentDeliveryManager_cw5n1h2txyewy"}
{"EventID": "325", "Channel": "Microsoft-Windows-AppXDeployment/Operational", "Provider_Name": "Microsoft-Windows-AppXDeployment", "Computer": "DESKTOP-OFJ6N53", "TimeCreated": "2025-08-24 08:54:27.214321+00:00", "RecordID": "651872", "Level": "4", "UserID": "S-1-5-18", "EventData.PackageFamilyName": "Microsoft.Windows.ContentDeliveryManager_cw5n1h2txyewy"}
{"EventID": "325", "Channel": "Microsoft-Windows-AppXDeployment/Operational", "Provider_Name": "Microsoft-Windows-AppXDeployment", "Computer": "DESKTOP-OFJ6N53", "TimeCreated": "2025-08-24 08:54:27.283783+00:00", "RecordID": "651873", "Level": "4", "UserID": "S-1-5-18", "EventData.PackageFamilyName": "Microsoft.Windows.ContentDeliveryManager_cw5n1h2txyewy"}
{"EventID": "325", "Channel": "Microsoft-Windows-AppXDeployment/Operational", "Provider_Name": "Microsoft-Windows-AppXDeployment", "Computer": "DESKTOP-OFJ6N53", "TimeCreated": "2025-08-24 08:54:28.057840+00:00", "RecordID": "651874", "Level": "4", "UserID": "S-1-5-18", "EventData.PackageFamilyName": "Microsoft.Windows.ContentDeliveryManager_cw5n1h2txyewy"}
{"EventID": "325", "Channel": "Microsoft-Windows-AppXDeployment/Operational", "Provider_Name": "Microsoft-Windows-AppXDeployment", "Computer": "DESKTOP-OFJ6N53", "TimeCreated": "2025-08-24 09:00:21.259007+00:00", "RecordID": "651875", "Level": "4", "UserID": "S-1-5-18", "EventData.PackageFamilyName": "Microsoft.Windows.ContentDeliveryManager_cw5n1h2txyewy"}
{"EventID": "325", "Channel": "Microsoft-Windows-AppXDeployment/Operational", "Provider_Name": "Microsoft-Windows-AppXDeployment", "Computer": "DESKTOP-OFJ6N53", "TimeCreated": "2025-08-24 09:00:21.270237+00:00", "RecordID": "651876", "Level": "4", "UserID": "S-1-5-18", "EventData.PackageFamilyName": "Microsoft.Windows.ContentDeliveryManager_cw5n1h2txyewy"}
{"EventID": "325", "Channel": "Microsoft-Windows-AppXDeployment/Operational", "Provider_Name": "Microsoft-Windows-AppXDeployment", "Computer": "DESKTOP-OFJ6N53", "TimeCreated": "2025-08-24 09:00:21.443542+00:00", "RecordID": "651877", "Level": "4", "UserID": "S-1-5-18", "EventData.PackageFamilyName": "Microsoft.Windows.ContentDeliveryManager_cw5n1h2txyewy"}
{"EventID": "325", "Channel": "Microsoft-Windows-AppXDeployment/Operational", "Provider_Name": "Microsoft-Windows-AppXDeployment", "Computer": "DESKTOP-OFJ6N53", "TimeCreated": "2025-08-24 09:00:21.502359+00:00", "RecordID": "651878", "Level": "4", "UserID": "S-1-5-18", "EventData.PackageFamilyName": "Microsoft.AAD.BrokerPlugin_cw5n1h2txyewy"}
{"EventID": "325", "Channel": "Microsoft-Windows-AppXDeployment/Operational", "Provider_Name": "Microsoft-Windows-AppXDeployment", "Computer": "DESKTOP-OFJ6N53", "TimeCreated": "2025-08-24 09:00:21.524431+00:00", "RecordID": "651879", "Level": "4", "UserID": "S-1-5-18", "EventData.PackageFamilyName": "Microsoft.AAD.BrokerPlugin_cw5n1h2txyewy"}
{"EventID": "325", "Channel": "Microsoft-Windows-AppXDeployment/Operational", "Provider_Name": "Microsoft-Windows-AppXDeployment", "Computer": "DESKTOP-OFJ6N53", "TimeCreated": "2025-08-24 09:00:21.534143+00:00", "RecordID": "651880", "Level": "4", "UserID": "S-1-5-18", "EventData.PackageFamilyName": "Microsoft.AAD.BrokerPlugin_cw5n1h2txyewy"}
{"EventID": "325", "Channel": "Microsoft-Windows-AppXDeployment/Operational", "Provider_Name": "Microsoft-Windows-AppXDeployment", "Computer": "DESKTOP-OFJ6N53", "TimeCreated": "2025-08-24 10:05:22.196602+00:00", "RecordID": "651881", "Level": "4", "UserID": "S-1-5-18", "EventData.PackageFamilyName": "Microsoft.Windows.ContentDeliveryManager_cw5n1h2txyewy"}
{"EventID": "325", "Channel": "Microsoft-Windows-AppXDeployment/Operational", "Provider_Name": "Microsoft-Windows-AppXDeployment", "Computer": "DESKTOP-OFJ6N53", "TimeCreated": "2025-08-24 10:05:22.206947+00:00", "RecordID": "651882", "Level": "4", "UserID": "S-1-5-18", "EventData.PackageFamilyName": "Microsoft.Windows.ContentDeliveryManager_cw5n1h2txyewy"}
{"EventID": "325", "Channel": "Microsoft-Windows-AppXDeployment/Operational", "Provider_Name": "Microsoft-Windows-AppXDeployment", "Computer": "DESKTOP-OFJ6N53", "TimeCreated": "2025-08-24 10:05:22.366812+00:00", "RecordID": "651883", "Level": "4", "UserID": "S-1-5-18", "EventData.PackageFamilyName": "Microsoft.Windows.ContentDeliveryManager_cw5n1h2txyewy"}
{"EventID": "325", "Channel": "Microsoft-Windows-AppXDeployment/Operational", "Provider_Name": "Microsoft-Windows-AppXDeployment", "Computer": "DESKTOP-OFJ6N53", "TimeCreated": "2025-08-24 10:05:22.428631+00:00", "RecordID": "651884", "Level": "4", "UserID": "S-1-5-18", "EventData.PackageFamilyName": "Microsoft.AAD.BrokerPlugin_cw5n1h2txyewy"}
{"EventID": "325", "Channel": "Microsoft-Windows-AppXDeployment/Operational", "Provider_Name": "Microsoft-Windows-AppXDeployment", "Computer": "DESKTOP-OFJ6N53", "TimeCreated": "2025-08-24 10:05:22.451548+00:00", "RecordID": "651885", "Level": "4", "UserID": "S-1-5-18", "EventData.PackageFamilyName": "Microsoft.AAD.BrokerPlugin_cw5n1h2txyewy"}
{"EventID": "325", "Channel": "Microsoft-Windows-AppXDeployment/Operational", "Provider_Name": "Microsoft-Windows-AppXDeployment", "Computer": "DESKTOP-OFJ6N53", "TimeCreated": "2025-08-24 10:05:22.461460+00:00", "RecordID": "651886", "Level": "4", "UserID": "S-1-5-18", "EventData.PackageFamilyName": "Microsoft.AAD.BrokerPlugin_cw5n1h2txyewy"}
{"EventID": "325", "Channel": "Microsoft-Windows-AppXDeployment/Operational", "Provider_Name": "Microsoft-Windows-AppXDeployment", "Computer": "DESKTOP-OFJ6N53", "TimeCreated": "2025-08-24 10:05:24.822184+00:00", "RecordID": "651887", "Level": "4", "UserID": "S-1-5-18", "EventData.PackageFamilyName": "Microsoft.Windows.ContentDeliveryManager_cw5n1h2txyewy"}
{"EventID": "325", "Channel": "Microsoft-Windows-AppXDeployment/Operational", "Provider_Name": "Microsoft-Windows-AppXDeployment", "Computer": "DESKTOP-OFJ6N53", "TimeCreated": "2025-08-24 10:05:24.866693+00:00", "RecordID": "651888", "Level": "4", "UserID": "S-1-5-18", "EventData.PackageFamilyName": "Microsoft.Windows.ContentDeliveryManager_cw5n1h2txyewy"}
{"EventID": "325", "Channel": "Microsoft-Windows-AppXDeployment/Operational", "Provider_Name": "Microsoft-Windows-AppXDeployment", "Computer": "DESKTOP-OFJ6N53", "TimeCreated": "2025-08-24 10:05:24.972038+00:00", "RecordID": "651889", "Level": "4", "UserID": "S-1-5-18", "EventData.PackageFamilyName": "Microsoft.Windows.ContentDeliveryManager_cw5n1h2txyewy"}
{"EventID": "325", "Channel": "Microsoft-Windows-AppXDeployment/Operational", "Provider_Name": "Microsoft-Windows-AppXDeployment", "Computer": "DESKTOP-OFJ6N53", "TimeCreated": "2025-08-24 10:10:22.318771+00:00", "RecordID": "651890", "Level": "4", "UserID": "S-1-5-18", "EventData.PackageFamilyName": "Microsoft.Windows.ContentDeliveryManager_cw5n1h2txyewy"}
{"EventID": "325", "Channel": "Microsoft-Windows-AppXDeployment/Operational", "Provider_Name": "Microsoft-Windows-AppXDeployment", "Computer": "DESKTOP-OFJ6N53", "TimeCreated": "2025-08-24 10:10:22.328760+00:00", "RecordID": "651891", "Level": "4", "UserID": "S-1-5-18", "EventData.PackageFamilyName": "Microsoft.Windows.ContentDeliveryManager_cw5n1h2txyewy"}
{"EventID": "325", "Channel": "Microsoft-Windows-AppXDeployment/Operational", "Provider_Name": "Microsoft-Windows-AppXDeployment", "Computer": "DESKTOP-OFJ6N53", "TimeCreated": "2025-08-24 10:10:22.818943+00:00", "RecordID": "651892", "Level": "4", "UserID": "S-1-5-18", "EventData.PackageFamilyName": "Microsoft.Windows.ContentDeliveryManager_cw5n1h2txyewy"}
{"EventID": "325", "Channel": "Microsoft-Windows-AppXDeployment/Operational", "Provider_Name": "Microsoft-Windows-AppXDeployment", "Computer": "DESKTOP-OFJ6N53", "TimeCreated": "2025-08-24 10:10:23.047224+00:00", "RecordID": "651893", "Level": "4", "UserID": "S-1-5-18", "EventData.PackageFamilyName": "Microsoft.Windows.ContentDeliveryManager_cw5n1h2txyewy"}
{"EventID": "325", "Channel": "Microsoft-Windows-AppXDeployment/Operational", "Provider_Name": "Microsoft-Windows-AppXDeployment", "Computer": "DESKTOP-OFJ6N53", "TimeCreated": "2025-08-24 10:10:29.545856+00:00", "RecordID": "651894", "Level": "4", "UserID": "S-1-5-18", "EventData.PackageFamilyName": "Microsoft.Windows.ContentDeliveryManager_cw5n1h2txyewy"}
{"EventID": "325", "Channel": "Microsoft-Windows-AppXDeployment/Operational", "Provider_Name": "Microsoft-Windows-AppXDeployment", "Computer": "DESKTOP-OFJ6N53", "TimeCreated": "2025-08-24 10:10:29.558237+00:00", "RecordID": "651895", "Level": "4", "UserID": "S-1-5-18", "EventData.PackageFamilyName": "Microsoft.Windows.ContentDeliveryManager_cw5n1h2txyewy"}
{"EventID": "325", "Channel": "Microsoft-Windows-AppXDeployment/Operational", "Provider_Name": "Microsoft-Windows-AppXDeployment", "Computer": "DESKTOP-OFJ6N53", "TimeCreated": "2025-08-24 10:10:30.228806+00:00", "RecordID": "651896", "Level": "4", "UserID": "S-1-5-18", "EventData.PackageFamilyName": "Microsoft.Windows.ContentDeliveryManager_cw5n1h2txyewy"}
{"EventID": "325", "Channel": "Microsoft-Windows-AppXDeployment/Operational", "Provider_Name": "Microsoft-Windows-AppXDeployment", "Computer": "DESKTOP-OFJ6N53", "TimeCreated": "2025-08-24 10:10:30.425404+00:00", "RecordID": "651897", "Level": "4", "UserID": "S-1-5-18", "EventData.PackageFamilyName": "Microsoft.Windows.ContentDeliveryManager_cw5n1h2txyewy"}
{"EventID": "325", "Channel": "Microsoft-Windows-AppXDeployment/Operational", "Provider_Name": "Microsoft-Windows-AppXDeployment", "Computer": "DESKTOP-OFJ6N53", "TimeCreated": "2025-08-24 10:11:05.453518+00:00", "RecordID": "651898", "Level": "4", "UserID": "S-1-5-18", "EventData.PackageFamilyName": "Microsoft.Windows.ContentDeliveryManager_cw5n1h2txyewy"}
{"EventID": "325", "Channel": "Microsoft-Windows-AppXDeployment/Operational", "Provider_Name": "Microsoft-Windows-AppXDeployment", "Computer": "DESKTOP-OFJ6N53", "TimeCreated": "2025-08-24 10:11:05.465536+00:00", "RecordID": "651899", "Level": "4", "UserID": "S-1-5-18", "EventData.PackageFamilyName": "Microsoft.Windows.ContentDeliveryManager_cw5n1h2txyewy"}
{"EventID": "325", "Channel": "Microsoft-Windows-AppXDeployment/Operational", "Provider_Name": "Microsoft-Windows-AppXDeployment", "Computer": "DESKTOP-OFJ6N53", "TimeCreated": "2025-08-24 10:11:05.628357+00:00", "RecordID": "651900", "Level": "4", "UserID": "S-1-5-18", "EventData.PackageFamilyName": "Microsoft.Windows.ContentDeliveryManager_cw5n1h2txyewy"}
{"EventID": "325", "Channel": "Microsoft-Windows-AppXDeployment/Operational", "Provider_Name": "Microsoft-Windows-AppXDeployment", "Computer": "DESKTOP-OFJ6N53", "TimeCreated": "2025-08-24 10:11:05.704264+00:00", "RecordID": "651901", "Level": "4", "UserID": "S-1-5-18", "EventData.PackageFamilyName": "Microsoft.AAD.BrokerPlugin_cw5n1h2txyewy"}
{"EventID": "325", "Channel": "Microsoft-Windows-AppXDeployment/Operational", "Provider_Name": "Microsoft-Windows-AppXDeployment", "Computer": "DESKTOP-OFJ6N53", "TimeCreated": "2025-08-24 10:11:05.729631+00:00", "RecordID": "651902", "Level": "4", "UserID": "S-1-5-18", "EventData.PackageFamilyName": "Microsoft.AAD.BrokerPlugin_cw5n1h2txyewy"}
{"EventID": "325", "Channel": "Microsoft-Windows-AppXDeployment/Operational", "Provider_Name": "Microsoft-Windows-AppXDeployment", "Computer": "DESKTOP-OFJ6N53", "TimeCreated": "2025-08-24 10:11:05.738930+00:00", "RecordID": "651903", "Level": "4", "UserID": "S-1-5-18", "EventData.PackageFamilyName": "Microsoft.AAD.BrokerPlugin_cw5n1h2txyewy"}
{"EventID": "325", "Channel": "Microsoft-Windows-AppXDeployment/Operational", "Provider_Name": "Microsoft-Windows-AppXDeployment", "Computer": "DESKTOP-OFJ6N53", "TimeCreated": "2025-08-24 10:11:09.023689+00:00", "RecordID": "651904", "Level": "4", "UserID": "S-1-5-18", "EventData.PackageFamilyName": "Microsoft.Windows.ContentDeliveryManager_cw5n1h2txyewy"}
{"EventID": "325", "Channel": "Microsoft-Windows-AppXDeployment/Operational", "Provider_Name": "Microsoft-Windows-AppXDeployment", "Computer": "DESKTOP-OFJ6N53", "TimeCreated": "2025-08-24 10:11:09.024155+00:00", "RecordID": "651905", "Level": "4", "UserID": "S-1-5-18", "EventData.PackageFamilyName": "Microsoft.Windows.ContentDeliveryManager_cw5n1h2txyewy"}
{"EventID": "325", "Channel": "Microsoft-Windows-AppXDeployment/Operational", "Provider_Name": "Microsoft-Windows-AppXDeployment", "Computer": "DESKTOP-OFJ6N53", "TimeCreated": "2025-08-24 10:11:09.074057+00:00", "RecordID": "651906", "Level": "4", "UserID": "S-1-5-18", "EventData.PackageFamilyName": "Microsoft.Windows.ContentDeliveryManager_cw5n1h2txyewy"}
{"EventID": "325", "Channel": "Microsoft-Windows-AppXDeployment/Operational", "Provider_Name": "Microsoft-Windows-AppXDeployment", "Computer": "DESKTOP-OFJ6N53", "TimeCreated": "2025-08-24 10:11:09.128437+00:00", "RecordID": "651907", "Level": "4", "UserID": "S-1-5-18", "EventData.PackageFamilyName": "Microsoft.Windows.ContentDeliveryManager_cw5n1h2txyewy"}
{"EventID": "325", "Channel": "Microsoft-Windows-AppXDeployment/Operational", "Provider_Name": "Microsoft-Windows-AppXDeployment", "Computer": "DESKTOP-OFJ6N53", "TimeCreated": "2025-08-24 10:11:09.128948+00:00", "RecordID": "651908", "Level": "4", "UserID": "S-1-5-18", "EventData.PackageFamilyName": "Microsoft.Windows.ContentDeliveryManager_cw5n1h2txyewy"}
{"EventID": "325", "Channel": "Microsoft-Windows-AppXDeployment/Operational", "Provider_Name": "Microsoft-Windows-AppXDeployment", "Computer": "DESKTOP-OFJ6N53", "TimeCreated": "2025-08-24 10:11:09.187208+00:00", "RecordID": "651909", "Level": "4", "UserID": "S-1-5-18", "EventData.PackageFamilyName": "Microsoft.Windows.ContentDeliveryManager_cw5n1h2txyewy"}
{"EventID": "325", "Channel": "Microsoft-Windows-AppXDeployment/Operational", "Provider_Name": "Microsoft-Windows-AppXDeployment", "Computer": "DESKTOP-OFJ6N53", "TimeCreated": "2025-08-24 10:11:09.248600+00:00", "RecordID": "651910", "Level": "4", "UserID": "S-1-5-18", "EventData.PackageFamilyName": "Microsoft.Windows.ContentDeliveryManager_cw5n1h2txyewy"}
{"EventID": "325", "Channel": "Microsoft-Windows-AppXDeployment/Operational", "Provider_Name": "Microsoft-Windows-AppXDeployment", "Computer": "DESKTOP-OFJ6N53", "TimeCreated": "2025-08-24 10:11:22.330057+00:00", "RecordID": "651911", "Level": "4", "UserID": "S-1-5-18", "EventData.PackageFamilyName": "Microsoft.Windows.ContentDeliveryManager_cw5n1h2txyewy"}
{"EventID": "325", "Channel": "Microsoft-Windows-AppXDeployment/Operational", "Provider_Name": "Microsoft-Windows-AppXDeployment", "Computer": "DESKTOP-OFJ6N53", "TimeCreated": "2025-08-24 10:11:22.340298+00:00", "RecordID": "651912", "Level": "4", "UserID": "S-1-5-18", "EventData.PackageFamilyName": "Microsoft.Windows.ContentDeliveryManager_cw5n1h2txyewy"}
{"EventID": "325", "Channel": "Microsoft-Windows-AppXDeployment/Operational", "Provider_Name": "Microsoft-Windows-AppXDeployment", "Computer": "DESKTOP-OFJ6N53", "TimeCreated": "2025-08-24 10:11:22.506287+00:00", "RecordID": "651913", "Level": "4", "UserID": "S-1-5-18", "EventData.PackageFamilyName": "Microsoft.Windows.ContentDeliveryManager_cw5n1h2txyewy"}
{"EventID": "325", "Channel": "Microsoft-Windows-AppXDeployment/Operational", "Provider_Name": "Microsoft-Windows-AppXDeployment", "Computer": "DESKTOP-OFJ6N53", "TimeCreated": "2025-08-24 10:12:22.333862+00:00", "RecordID": "651914", "Level": "4", "UserID": "S-1-5-18", "EventData.PackageFamilyName": "Microsoft.Windows.ContentDeliveryManager_cw5n1h2txyewy"}
{"EventID": "325", "Channel": "Microsoft-Windows-AppXDeployment/Operational", "Provider_Name": "Microsoft-Windows-AppXDeployment", "Computer": "DESKTOP-OFJ6N53", "TimeCreated": "2025-08-24 10:12:22.345249+00:00", "RecordID": "651915", "Level": "4", "UserID": "S-1-5-18", "EventData.PackageFamilyName": "Microsoft.Windows.ContentDeliveryManager_cw5n1h2txyewy"}
{"EventID": "325", "Channel": "Microsoft-Windows-AppXDeployment/Operational", "Provider_Name": "Microsoft-Windows-AppXDeployment", "Computer": "DESKTOP-OFJ6N53", "TimeCreated": "2025-08-24 10:12:22.354506+00:00", "RecordID": "651916", "Level": "4", "UserID": "S-1-5-18", "EventData.PackageFamilyName": "Microsoft.Windows.ContentDeliveryManager_cw5n1h2txyewy"}
{"EventID": "325", "Channel": "Microsoft-Windows-AppXDeployment/Operational", "Provider_Name": "Microsoft-Windows-AppXDeployment", "Computer": "DESKTOP-OFJ6N53", "TimeCreated": "2025-08-24 10:12:22.363787+00:00", "RecordID": "651917", "Level": "4", "UserID": "S-1-5-18", "EventData.PackageFamilyName": "Microsoft.Windows.ContentDeliveryManager_cw5n1h2txyewy"}
{"EventID": "325", "Channel": "Microsoft-Windows-AppXDeployment/Operational", "Provider_Name": "Microsoft-Windows-AppXDeployment", "Computer": "DESKTOP-OFJ6N53", "TimeCreated": "2025-08-24 10:12:22.604210+00:00", "RecordID": "651918", "Level": "4", "UserID": "S-1-5-18", "EventData.PackageFamilyName": "Microsoft.Windows.ContentDeliveryManager_cw5n1h2txyewy"}
{"EventID": "325", "Channel": "Microsoft-Windows-AppXDeployment/Operational", "Provider_Name": "Microsoft-Windows-AppXDeployment", "Computer": "DESKTOP-OFJ6N53", "TimeCreated": "2025-08-24 10:12:22.648851+00:00", "RecordID": "651919", "Level": "4", "UserID": "S-1-5-18", "EventData.PackageFamilyName": "Microsoft.Windows.ContentDeliveryManager_cw5n1h2txyewy"}
{"EventID": "325", "Channel": "Microsoft-Windows-AppXDeployment/Operational", "Provider_Name": "Microsoft-Windows-AppXDeployment", "Computer": "DESKTOP-OFJ6N53", "TimeCreated": "2025-08-24 10:12:25.181023+00:00", "RecordID": "651920", "Level": "4", "UserID": "S-1-5-18", "EventData.PackageFamilyName": "Microsoft.Windows.ContentDeliveryManager_cw5n1h2txyewy"}
{"EventID": "325", "Channel": "Microsoft-Windows-AppXDeployment/Operational", "Provider_Name": "Microsoft-Windows-AppXDeployment", "Computer": "DESKTOP-OFJ6N53", "TimeCreated": "2025-08-24 10:12:25.223227+00:00", "RecordID": "651921", "Level": "4", "UserID": "S-1-5-18", "EventData.PackageFamilyName": "Microsoft.Windows.ContentDeliveryManager_cw5n1h2txyewy"}
