{"EventID": "101", "Channel": "Microsoft-Windows-SmartCard-DeviceEnum/Operational", "Provider_Name": "Microsoft-Windows-SmartCard-DeviceEnum", "Computer": "DESKTOP-OFJ6N53", "TimeCreated": "2025-03-25 12:04:05.716549+00:00", "RecordID": "6546", "Level": "4", "UserID": "S-1-5-18", "EventData.InstancePath": "SWD\\ScDeviceEnum\\1_AKS_VR_0", "EventData.SessionId": "1"}
{"EventID": "101", "Channel": "Microsoft-Windows-SmartCard-DeviceEnum/Operational", "Provider_Name": "Microsoft-Windows-SmartCard-DeviceEnum", "Computer": "DESKTOP-OFJ6N53", "TimeCreated": "2025-03-25 12:04:06.332039+00:00", "RecordID": "6547", "Level": "4", "UserID": "S-1-5-18", "EventData.InstancePath": "SWD\\ScDeviceEnum\\1_AKS_ifdh_1", "EventData.SessionId": "1"}
{"EventID": "101", "Channel": "Microsoft-Windows-SmartCard-DeviceEnum/Operational", "Provider_Name": "Microsoft-Windows-SmartCard-DeviceEnum", "Computer": "DESKTOP-OFJ6N53", "TimeCreated": "2025-03-25 12:04:06.456879+00:00", "RecordID": "6548", "Level": "4", "UserID": "S-1-5-18", "EventData.InstancePath": "SWD\\ScDeviceEnum\\1_AKS_ifdh_0", "EventData.SessionId": "1"}
{"EventID": "102", "Channel": "Microsoft-Windows-SmartCard-DeviceEnum/Operational", "Provider_Name": "Microsoft-Windows-SmartCard-DeviceEnum", "Computer": "DESKTOP-OFJ6N53", "TimeCreated": "2025-03-25 18:12:00.734404+00:00", "RecordID": "6549", "Level": "4", "UserID": "S-1-5-18", "EventData.InstancePath": "SWD\\ScDeviceEnum\\1_Windows_Hello_for_Business_1", "EventData.SessionId": "1"}
{"EventID": "102", "Channel": "Microsoft-Windows-SmartCard-DeviceEnum/Operational", "Provider_Name": "Microsoft-Windows-SmartCard-DeviceEnum", "Computer": "DESKTOP-OFJ6N53", "TimeCreated": "2025-03-25 18:12:00.827499+00:00", "RecordID": "6550", "Level": "4", "UserID": "S-1-5-18", "EventData.InstancePath": "SWD\\ScDeviceEnum\\1_AKS_VR_0", "EventData.SessionId": "1"}
{"EventID": "102", "Channel": "Microsoft-Windows-SmartCard-DeviceEnum/Operational", "Provider_Name": "Microsoft-Windows-SmartCard-DeviceEnum", "Computer": "DESKTOP-OFJ6N53", "TimeCreated": "2025-03-25 18:12:00.982924+00:00", "RecordID": "6551", "Level": "4", "UserID": "S-1-5-18", "EventData.InstancePath": "SWD\\ScDeviceEnum\\1_AKS_ifdh_1", "EventData.SessionId": "1"}
{"EventID": "102", "Channel": "Microsoft-Windows-SmartCard-DeviceEnum/Operational", "Provider_Name": "Microsoft-Windows-SmartCard-DeviceEnum", "Computer": "DESKTOP-OFJ6N53", "TimeCreated": "2025-03-25 18:12:01.049147+00:00", "RecordID": "6552", "Level": "4", "UserID": "S-1-5-18", "EventData.InstancePath": "SWD\\ScDeviceEnum\\1_AKS_ifdh_0", "EventData.SessionId": "1"}
{"EventID": "104", "Channel": "Microsoft-Windows-SmartCard-DeviceEnum/Operational", "Provider_Name": "Microsoft-Windows-SmartCard-DeviceEnum", "Computer": "DESKTOP-OFJ6N53", "TimeCreated": "2025-03-25 18:13:01.051630+00:00", "RecordID": "6553", "Level": "4", "UserID": "S-1-5-18"}
{"EventID": "101", "Channel": "Microsoft-Windows-SmartCard-DeviceEnum/Operational", "Provider_Name": "Microsoft-Windows-SmartCard-DeviceEnum", "Computer": "DESKTOP-OFJ6N53", "TimeCreated": "2025-03-25 22:30:48.945660+00:00", "RecordID": "6554", "Level": "4", "UserID": "S-1-5-18", "EventData.InstancePath": "SWD\\ScDeviceEnumBus\\1", "EventData.SessionId": "0"}
{"EventID": "101", "Channel": "Microsoft-Windows-SmartCard-DeviceEnum/Operational", "Provider_Name": "Microsoft-Windows-SmartCard-DeviceEnum", "Computer": "DESKTOP-OFJ6N53", "TimeCreated": "2025-03-25 22:30:48.945677+00:00", "RecordID": "6555", "Level": "4", "UserID": "S-1-5-18", "EventData.InstancePath": "SWD\\ScDeviceEnumBus\\0", "EventData.SessionId": "0"}
{"EventID": "103", "Channel": "Microsoft-Windows-SmartCard-DeviceEnum/Operational", "Provider_Name": "Microsoft-Windows-SmartCard-DeviceEnum", "Computer": "DESKTOP-OFJ6N53", "TimeCreated": "2025-03-25 22:30:49.065693+00:00", "RecordID": "6556", "Level": "4", "UserID": "S-1-5-18"}
{"EventID": "101", "Channel": "Microsoft-Windows-SmartCard-DeviceEnum/Operational", "Provider_Name": "Microsoft-Windows-SmartCard-DeviceEnum", "Computer": "DESKTOP-OFJ6N53", "TimeCreated": "2025-03-25 22:30:49.631516+00:00", "RecordID": "6557", "Level": "4", "UserID": "S-1-5-18", "EventData.InstancePath": "SWD\\ScDeviceEnum\\1_Windows_Hello_for_Business_1", "EventData.SessionId": "1"}
{"EventID": "101", "Channel": "Microsoft-Windows-SmartCard-DeviceEnum/Operational", "Provider_Name": "Microsoft-Windows-SmartCard-DeviceEnum", "Computer": "DESKTOP-OFJ6N53", "TimeCreated": "2025-03-25 22:30:49.730688+00:00", "RecordID": "6558", "Level": "4", "UserID": "S-1-5-18", "EventData.InstancePath": "SWD\\ScDeviceEnum\\1_AKS_VR_0", "EventData.SessionId": "1"}
{"EventID": "101", "Channel": "Microsoft-Windows-SmartCard-DeviceEnum/Operational", "Provider_Name": "Microsoft-Windows-SmartCard-DeviceEnum", "Computer": "DESKTOP-OFJ6N53", "TimeCreated": "2025-03-25 22:30:49.796265+00:00", "RecordID": "6559", "Level": "4", "UserID": "S-1-5-18", "EventData.InstancePath": "SWD\\ScDeviceEnum\\1_AKS_ifdh_1", "EventData.SessionId": "1"}
{"EventID": "101", "Channel": "Microsoft-Windows-SmartCard-DeviceEnum/Operational", "Provider_Name": "Microsoft-Windows-SmartCard-DeviceEnum", "Computer": "DESKTOP-OFJ6N53", "TimeCreated": "2025-03-25 22:30:50.005989+00:00", "RecordID": "6560", "Level": "4", "UserID": "S-1-5-18", "EventData.InstancePath": "SWD\\ScDeviceEnum\\1_AKS_ifdh_0", "EventData.SessionId": "1"}
{"EventID": "102", "Channel": "Microsoft-Windows-SmartCard-DeviceEnum/Operational", "Provider_Name": "Microsoft-Windows-SmartCard-DeviceEnum", "Computer": "DESKTOP-OFJ6N53", "TimeCreated": "2025-03-26 00:57:23.914410+00:00", "RecordID": "6561", "Level": "4", "UserID": "S-1-5-18", "EventData.InstancePath": "SWD\\ScDeviceEnum\\1_Windows_Hello_for_Business_1", "EventData.SessionId": "1"}
{"EventID": "102", "Channel": "Microsoft-Windows-SmartCard-DeviceEnum/Operational", "Provider_Name": "Microsoft-Windows-SmartCard-DeviceEnum", "Computer": "DESKTOP-OFJ6N53", "TimeCreated": "2025-03-26 00:57:24.051481+00:00", "RecordID": "6562", "Level": "4", "UserID": "S-1-5-18", "EventData.InstancePath": "SWD\\ScDeviceEnum\\1_AKS_VR_0", "EventData.SessionId": "1"}
{"EventID": "102", "Channel": "Microsoft-Windows-SmartCard-DeviceEnum/Operational", "Provider_Name": "Microsoft-Windows-SmartCard-DeviceEnum", "Computer": "DESKTOP-OFJ6N53", "TimeCreated": "2025-03-26 00:57:24.164776+00:00", "RecordID": "6563", "Level": "4", "UserID": "S-1-5-18", "EventData.InstancePath": "SWD\\ScDeviceEnum\\1_AKS_ifdh_1", "EventData.SessionId": "1"}
{"EventID": "102", "Channel": "Microsoft-Windows-SmartCard-DeviceEnum/Operational", "Provider_Name": "Microsoft-Windows-SmartCard-DeviceEnum", "Computer": "DESKTOP-OFJ6N53", "TimeCreated": "2025-03-26 00:57:24.275860+00:00", "RecordID": "6564", "Level": "4", "UserID": "S-1-5-18", "EventData.InstancePath": "SWD\\ScDeviceEnum\\1_AKS_ifdh_0", "EventData.SessionId": "1"}
{"EventID": "104", "Channel": "Microsoft-Windows-SmartCard-DeviceEnum/Operational", "Provider_Name": "Microsoft-Windows-SmartCard-DeviceEnum", "Computer": "DESKTOP-OFJ6N53", "TimeCreated": "2025-03-26 00:58:24.283689+00:00", "RecordID": "6565", "Level": "4", "UserID": "S-1-5-18"}
{"EventID": "101", "Channel": "Microsoft-Windows-SmartCard-DeviceEnum/Operational", "Provider_Name": "Microsoft-Windows-SmartCard-DeviceEnum", "Computer": "DESKTOP-OFJ6N53", "TimeCreated": "2025-03-26 09:04:28.582811+00:00", "RecordID": "6566", "Level": "4", "UserID": "S-1-5-18", "EventData.InstancePath": "SWD\\ScDeviceEnumBus\\1", "EventData.SessionId": "0"}
{"EventID": "101", "Channel": "Microsoft-Windows-SmartCard-DeviceEnum/Operational", "Provider_Name": "Microsoft-Windows-SmartCard-DeviceEnum", "Computer": "DESKTOP-OFJ6N53", "TimeCreated": "2025-03-26 09:04:28.582830+00:00", "RecordID": "6567", "Level": "4", "UserID": "S-1-5-18", "EventData.InstancePath": "SWD\\ScDeviceEnumBus\\0", "EventData.SessionId": "0"}
{"EventID": "103", "Channel": "Microsoft-Windows-SmartCard-DeviceEnum/Operational", "Provider_Name": "Microsoft-Windows-SmartCard-DeviceEnum", "Computer": "DESKTOP-OFJ6N53", "TimeCreated": "2025-03-26 09:04:28.663212+00:00", "RecordID": "6568", "Level": "4", "UserID": "S-1-5-18"}
{"EventID": "101", "Channel": "Microsoft-Windows-SmartCard-DeviceEnum/Operational", "Provider_Name": "Microsoft-Windows-SmartCard-DeviceEnum", "Computer": "DESKTOP-OFJ6N53", "TimeCreated": "2025-03-26 09:04:29.277529+00:00", "RecordID": "6569", "Level": "4", "UserID": "S-1-5-18", "EventData.InstancePath": "SWD\\ScDeviceEnum\\1_Windows_Hello_for_Business_1", "EventData.SessionId": "1"}
{"EventID": "101", "Channel": "Microsoft-Windows-SmartCard-DeviceEnum/Operational", "Provider_Name": "Microsoft-Windows-SmartCard-DeviceEnum", "Computer": "DESKTOP-OFJ6N53", "TimeCreated": "2025-03-26 09:04:29.390368+00:00", "RecordID": "6570", "Level": "4", "UserID": "S-1-5-18", "EventData.InstancePath": "SWD\\ScDeviceEnum\\1_AKS_VR_0", "EventData.SessionId": "1"}
{"EventID": "101", "Channel": "Microsoft-Windows-SmartCard-DeviceEnum/Operational", "Provider_Name": "Microsoft-Windows-SmartCard-DeviceEnum", "Computer": "DESKTOP-OFJ6N53", "TimeCreated": "2025-03-26 09:04:29.525972+00:00", "RecordID": "6571", "Level": "4", "UserID": "S-1-5-18", "EventData.InstancePath": "SWD\\ScDeviceEnum\\1_AKS_ifdh_1", "EventData.SessionId": "1"}
{"EventID": "101", "Channel": "Microsoft-Windows-SmartCard-DeviceEnum/Operational", "Provider_Name": "Microsoft-Windows-SmartCard-DeviceEnum", "Computer": "DESKTOP-OFJ6N53", "TimeCreated": "2025-03-26 09:04:30.002245+00:00", "RecordID": "6572", "Level": "4", "UserID": "S-1-5-18", "EventData.InstancePath": "SWD\\ScDeviceEnum\\1_AKS_ifdh_0", "EventData.SessionId": "1"}
{"EventID": "102", "Channel": "Microsoft-Windows-SmartCard-DeviceEnum/Operational", "Provider_Name": "Microsoft-Windows-SmartCard-DeviceEnum", "Computer": "DESKTOP-OFJ6N53", "TimeCreated": "2025-03-27 04:48:09.124603+00:00", "RecordID": "6573", "Level": "4", "UserID": "S-1-5-18", "EventData.InstancePath": "SWD\\ScDeviceEnum\\1_Windows_Hello_for_Business_1", "EventData.SessionId": "1"}
{"EventID": "102", "Channel": "Microsoft-Windows-SmartCard-DeviceEnum/Operational", "Provider_Name": "Microsoft-Windows-SmartCard-DeviceEnum", "Computer": "DESKTOP-OFJ6N53", "TimeCreated": "2025-03-27 04:48:09.180527+00:00", "RecordID": "6574", "Level": "4", "UserID": "S-1-5-18", "EventData.InstancePath": "SWD\\ScDeviceEnum\\1_AKS_VR_0", "EventData.SessionId": "1"}
{"EventID": "102", "Channel": "Microsoft-Windows-SmartCard-DeviceEnum/Operational", "Provider_Name": "Microsoft-Windows-SmartCard-DeviceEnum", "Computer": "DESKTOP-OFJ6N53", "TimeCreated": "2025-03-27 04:48:09.313019+00:00", "RecordID": "6575", "Level": "4", "UserID": "S-1-5-18", "EventData.InstancePath": "SWD\\ScDeviceEnum\\1_AKS_ifdh_1", "EventData.SessionId": "1"}
{"EventID": "102", "Channel": "Microsoft-Windows-SmartCard-DeviceEnum/Operational", "Provider_Name": "Microsoft-Windows-SmartCard-DeviceEnum", "Computer": "DESKTOP-OFJ6N53", "TimeCreated": "2025-03-27 04:48:09.370266+00:00", "RecordID": "6576", "Level": "4", "UserID": "S-1-5-18", "EventData.InstancePath": "SWD\\ScDeviceEnum\\1_AKS_ifdh_0", "EventData.SessionId": "1"}
{"EventID": "104", "Channel": "Microsoft-Windows-SmartCard-DeviceEnum/Operational", "Provider_Name": "Microsoft-Windows-SmartCard-DeviceEnum", "Computer": "DESKTOP-OFJ6N53", "TimeCreated": "2025-03-27 04:49:09.360987+00:00", "RecordID": "6577", "Level": "4", "UserID": "S-1-5-18"}
{"EventID": "101", "Channel": "Microsoft-Windows-SmartCard-DeviceEnum/Operational", "Provider_Name": "Microsoft-Windows-SmartCard-DeviceEnum", "Computer": "DESKTOP-OFJ6N53", "TimeCreated": "2025-03-27 15:32:38.959747+00:00", "RecordID": "6578", "Level": "4", "UserID": "S-1-5-18", "EventData.InstancePath": "SWD\\ScDeviceEnumBus\\1", "EventData.SessionId": "0"}
{"EventID": "101", "Channel": "Microsoft-Windows-SmartCard-DeviceEnum/Operational", "Provider_Name": "Microsoft-Windows-SmartCard-DeviceEnum", "Computer": "DESKTOP-OFJ6N53", "TimeCreated": "2025-03-27 15:32:38.959791+00:00", "RecordID": "6579", "Level": "4", "UserID": "S-1-5-18", "EventData.InstancePath": "SWD\\ScDeviceEnumBus\\0", "EventData.SessionId": "0"}
{"EventID": "103", "Channel": "Microsoft-Windows-SmartCard-DeviceEnum/Operational", "Provider_Name": "Microsoft-Windows-SmartCard-DeviceEnum", "Computer": "DESKTOP-OFJ6N53", "TimeCreated": "2025-03-27 15:32:39.136070+00:00", "RecordID": "6580", "Level": "4", "UserID": "S-1-5-18"}
{"EventID": "101", "Channel": "Microsoft-Windows-SmartCard-DeviceEnum/Operational", "Provider_Name": "Microsoft-Windows-SmartCard-DeviceEnum", "Computer": "DESKTOP-OFJ6N53", "TimeCreated": "2025-03-27 15:32:39.763838+00:00", "RecordID": "6581", "Level": "4", "UserID": "S-1-5-18", "EventData.InstancePath": "SWD\\ScDeviceEnum\\1_Windows_Hello_for_Business_1", "EventData.SessionId": "1"}
{"EventID": "101", "Channel": "Microsoft-Windows-SmartCard-DeviceEnum/Operational", "Provider_Name": "Microsoft-Windows-SmartCard-DeviceEnum", "Computer": "DESKTOP-OFJ6N53", "TimeCreated": "2025-03-27 15:32:40.199238+00:00", "RecordID": "6582", "Level": "4", "UserID": "S-1-5-18", "EventData.InstancePath": "SWD\\ScDeviceEnum\\1_AKS_VR_0", "EventData.SessionId": "1"}
{"EventID": "101", "Channel": "Microsoft-Windows-SmartCard-DeviceEnum/Operational", "Provider_Name": "Microsoft-Windows-SmartCard-DeviceEnum", "Computer": "DESKTOP-OFJ6N53", "TimeCreated": "2025-03-27 15:32:40.531273+00:00", "RecordID": "6583", "Level": "4", "UserID": "S-1-5-18", "EventData.InstancePath": "SWD\\ScDeviceEnum\\1_AKS_ifdh_1", "EventData.SessionId": "1"}
{"EventID": "101", "Channel": "Microsoft-Windows-SmartCard-DeviceEnum/Operational", "Provider_Name": "Microsoft-Windows-SmartCard-DeviceEnum", "Computer": "DESKTOP-OFJ6N53", "TimeCreated": "2025-03-27 15:32:41.375761+00:00", "RecordID": "6584", "Level": "4", "UserID": "S-1-5-18", "EventData.InstancePath": "SWD\\ScDeviceEnum\\1_AKS_ifdh_0", "EventData.SessionId": "1"}
{"EventID": "102", "Channel": "Microsoft-Windows-SmartCard-DeviceEnum/Operational", "Provider_Name": "Microsoft-Windows-SmartCard-DeviceEnum", "Computer": "DESKTOP-OFJ6N53", "TimeCreated": "2025-03-27 15:33:23.134766+00:00", "RecordID": "6585", "Level": "4", "UserID": "S-1-5-18", "EventData.InstancePath": "SWD\\ScDeviceEnum\\1_Windows_Hello_for_Business_1", "EventData.SessionId": "1"}
{"EventID": "102", "Channel": "Microsoft-Windows-SmartCard-DeviceEnum/Operational", "Provider_Name": "Microsoft-Windows-SmartCard-DeviceEnum", "Computer": "DESKTOP-OFJ6N53", "TimeCreated": "2025-03-27 15:33:23.173559+00:00", "RecordID": "6586", "Level": "4", "UserID": "S-1-5-18", "EventData.InstancePath": "SWD\\ScDeviceEnum\\1_AKS_VR_0", "EventData.SessionId": "1"}
{"EventID": "102", "Channel": "Microsoft-Windows-SmartCard-DeviceEnum/Operational", "Provider_Name": "Microsoft-Windows-SmartCard-DeviceEnum", "Computer": "DESKTOP-OFJ6N53", "TimeCreated": "2025-03-27 15:33:23.214914+00:00", "RecordID": "6587", "Level": "4", "UserID": "S-1-5-18", "EventData.InstancePath": "SWD\\ScDeviceEnum\\1_AKS_ifdh_1", "EventData.SessionId": "1"}
{"EventID": "102", "Channel": "Microsoft-Windows-SmartCard-DeviceEnum/Operational", "Provider_Name": "Microsoft-Windows-SmartCard-DeviceEnum", "Computer": "DESKTOP-OFJ6N53", "TimeCreated": "2025-03-27 15:33:23.308861+00:00", "RecordID": "6588", "Level": "4", "UserID": "S-1-5-18", "EventData.InstancePath": "SWD\\ScDeviceEnum\\1_AKS_ifdh_0", "EventData.SessionId": "1"}
{"EventID": "104", "Channel": "Microsoft-Windows-SmartCard-DeviceEnum/Operational", "Provider_Name": "Microsoft-Windows-SmartCard-DeviceEnum", "Computer": "DESKTOP-OFJ6N53", "TimeCreated": "2025-03-27 15:34:23.491062+00:00", "RecordID": "6589", "Level": "4", "UserID": "S-1-5-18"}
{"EventID": "101", "Channel": "Microsoft-Windows-SmartCard-DeviceEnum/Operational", "Provider_Name": "Microsoft-Windows-SmartCard-DeviceEnum", "Computer": "DESKTOP-OFJ6N53", "TimeCreated": "2025-03-27 15:35:00.263514+00:00", "RecordID": "6590", "Level": "4", "UserID": "S-1-5-18", "EventData.InstancePath": "SWD\\ScDeviceEnumBus\\1", "EventData.SessionId": "0"}
{"EventID": "101", "Channel": "Microsoft-Windows-SmartCard-DeviceEnum/Operational", "Provider_Name": "Microsoft-Windows-SmartCard-DeviceEnum", "Computer": "DESKTOP-OFJ6N53", "TimeCreated": "2025-03-27 15:35:00.263544+00:00", "RecordID": "6591", "Level": "4", "UserID": "S-1-5-18", "EventData.InstancePath": "SWD\\ScDeviceEnumBus\\0", "EventData.SessionId": "0"}
{"EventID": "103", "Channel": "Microsoft-Windows-SmartCard-DeviceEnum/Operational", "Provider_Name": "Microsoft-Windows-SmartCard-DeviceEnum", "Computer": "DESKTOP-OFJ6N53", "TimeCreated": "2025-03-27 15:35:00.864927+00:00", "RecordID": "6592", "Level": "4", "UserID": "S-1-5-18"}
{"EventID": "101", "Channel": "Microsoft-Windows-SmartCard-DeviceEnum/Operational", "Provider_Name": "Microsoft-Windows-SmartCard-DeviceEnum", "Computer": "DESKTOP-OFJ6N53", "TimeCreated": "2025-03-27 15:35:02.224691+00:00", "RecordID": "6593", "Level": "4", "UserID": "S-1-5-18", "EventData.InstancePath": "SWD\\ScDeviceEnum\\1_Windows_Hello_for_Business_1", "EventData.SessionId": "1"}
{"EventID": "101", "Channel": "Microsoft-Windows-SmartCard-DeviceEnum/Operational", "Provider_Name": "Microsoft-Windows-SmartCard-DeviceEnum", "Computer": "DESKTOP-OFJ6N53", "TimeCreated": "2025-03-27 15:35:02.278479+00:00", "RecordID": "6594", "Level": "4", "UserID": "S-1-5-18", "EventData.InstancePath": "SWD\\ScDeviceEnum\\1_AKS_VR_0", "EventData.SessionId": "1"}
{"EventID": "101", "Channel": "Microsoft-Windows-SmartCard-DeviceEnum/Operational", "Provider_Name": "Microsoft-Windows-SmartCard-DeviceEnum", "Computer": "DESKTOP-OFJ6N53", "TimeCreated": "2025-03-27 15:35:02.585575+00:00", "RecordID": "6595", "Level": "4", "UserID": "S-1-5-18", "EventData.InstancePath": "SWD\\ScDeviceEnum\\1_AKS_ifdh_1", "EventData.SessionId": "1"}
{"EventID": "101", "Channel": "Microsoft-Windows-SmartCard-DeviceEnum/Operational", "Provider_Name": "Microsoft-Windows-SmartCard-DeviceEnum", "Computer": "DESKTOP-OFJ6N53", "TimeCreated": "2025-03-27 15:35:02.784046+00:00", "RecordID": "6596", "Level": "4", "UserID": "S-1-5-18", "EventData.InstancePath": "SWD\\ScDeviceEnum\\1_AKS_ifdh_0", "EventData.SessionId": "1"}
{"EventID": "102", "Channel": "Microsoft-Windows-SmartCard-DeviceEnum/Operational", "Provider_Name": "Microsoft-Windows-SmartCard-DeviceEnum", "Computer": "DESKTOP-OFJ6N53", "TimeCreated": "2025-03-27 21:25:38.604250+00:00", "RecordID": "6597", "Level": "4", "UserID": "S-1-5-18", "EventData.InstancePath": "SWD\\ScDeviceEnum\\1_Windows_Hello_for_Business_1", "EventData.SessionId": "1"}
{"EventID": "102", "Channel": "Microsoft-Windows-SmartCard-DeviceEnum/Operational", "Provider_Name": "Microsoft-Windows-SmartCard-DeviceEnum", "Computer": "DESKTOP-OFJ6N53", "TimeCreated": "2025-03-27 21:25:38.674175+00:00", "RecordID": "6598", "Level": "4", "UserID": "S-1-5-18", "EventData.InstancePath": "SWD\\ScDeviceEnum\\1_AKS_VR_0", "EventData.SessionId": "1"}
{"EventID": "102", "Channel": "Microsoft-Windows-SmartCard-DeviceEnum/Operational", "Provider_Name": "Microsoft-Windows-SmartCard-DeviceEnum", "Computer": "DESKTOP-OFJ6N53", "TimeCreated": "2025-03-27 21:25:38.837460+00:00", "RecordID": "6599", "Level": "4", "UserID": "S-1-5-18", "EventData.InstancePath": "SWD\\ScDeviceEnum\\1_AKS_ifdh_1", "EventData.SessionId": "1"}
{"EventID": "102", "Channel": "Microsoft-Windows-SmartCard-DeviceEnum/Operational", "Provider_Name": "Microsoft-Windows-SmartCard-DeviceEnum", "Computer": "DESKTOP-OFJ6N53", "TimeCreated": "2025-03-27 21:25:38.913063+00:00", "RecordID": "6600", "Level": "4", "UserID": "S-1-5-18", "EventData.InstancePath": "SWD\\ScDeviceEnum\\1_AKS_ifdh_0", "EventData.SessionId": "1"}
{"EventID": "104", "Channel": "Microsoft-Windows-SmartCard-DeviceEnum/Operational", "Provider_Name": "Microsoft-Windows-SmartCard-DeviceEnum", "Computer": "DESKTOP-OFJ6N53", "TimeCreated": "2025-03-27 21:26:39.025297+00:00", "RecordID": "6601", "Level": "4", "UserID": "S-1-5-18"}
{"EventID": "101", "Channel": "Microsoft-Windows-SmartCard-DeviceEnum/Operational", "Provider_Name": "Microsoft-Windows-SmartCard-DeviceEnum", "Computer": "DESKTOP-OFJ6N53", "TimeCreated": "2025-03-28 09:08:05.505335+00:00", "RecordID": "6602", "Level": "4", "UserID": "S-1-5-18", "EventData.InstancePath": "SWD\\ScDeviceEnumBus\\1", "EventData.SessionId": "0"}
{"EventID": "101", "Channel": "Microsoft-Windows-SmartCard-DeviceEnum/Operational", "Provider_Name": "Microsoft-Windows-SmartCard-DeviceEnum", "Computer": "DESKTOP-OFJ6N53", "TimeCreated": "2025-03-28 09:08:05.505350+00:00", "RecordID": "6603", "Level": "4", "UserID": "S-1-5-18", "EventData.InstancePath": "SWD\\ScDeviceEnumBus\\0", "EventData.SessionId": "0"}
{"EventID": "103", "Channel": "Microsoft-Windows-SmartCard-DeviceEnum/Operational", "Provider_Name": "Microsoft-Windows-SmartCard-DeviceEnum", "Computer": "DESKTOP-OFJ6N53", "TimeCreated": "2025-03-28 09:08:05.592175+00:00", "RecordID": "6604", "Level": "4", "UserID": "S-1-5-18"}
{"EventID": "101", "Channel": "Microsoft-Windows-SmartCard-DeviceEnum/Operational", "Provider_Name": "Microsoft-Windows-SmartCard-DeviceEnum", "Computer": "DESKTOP-OFJ6N53", "TimeCreated": "2025-03-28 09:08:06.154747+00:00", "RecordID": "6605", "Level": "4", "UserID": "S-1-5-18", "EventData.InstancePath": "SWD\\ScDeviceEnum\\1_Windows_Hello_for_Business_1", "EventData.SessionId": "1"}
{"EventID": "101", "Channel": "Microsoft-Windows-SmartCard-DeviceEnum/Operational", "Provider_Name": "Microsoft-Windows-SmartCard-DeviceEnum", "Computer": "DESKTOP-OFJ6N53", "TimeCreated": "2025-03-28 09:08:06.412956+00:00", "RecordID": "6606", "Level": "4", "UserID": "S-1-5-18", "EventData.InstancePath": "SWD\\ScDeviceEnum\\1_AKS_VR_0", "EventData.SessionId": "1"}
{"EventID": "101", "Channel": "Microsoft-Windows-SmartCard-DeviceEnum/Operational", "Provider_Name": "Microsoft-Windows-SmartCard-DeviceEnum", "Computer": "DESKTOP-OFJ6N53", "TimeCreated": "2025-03-28 09:08:06.719965+00:00", "RecordID": "6607", "Level": "4", "UserID": "S-1-5-18", "EventData.InstancePath": "SWD\\ScDeviceEnum\\1_AKS_ifdh_1", "EventData.SessionId": "1"}
{"EventID": "101", "Channel": "Microsoft-Windows-SmartCard-DeviceEnum/Operational", "Provider_Name": "Microsoft-Windows-SmartCard-DeviceEnum", "Computer": "DESKTOP-OFJ6N53", "TimeCreated": "2025-03-28 09:08:06.794027+00:00", "RecordID": "6608", "Level": "4", "UserID": "S-1-5-18", "EventData.InstancePath": "SWD\\ScDeviceEnum\\1_AKS_ifdh_0", "EventData.SessionId": "1"}
{"EventID": "102", "Channel": "Microsoft-Windows-SmartCard-DeviceEnum/Operational", "Provider_Name": "Microsoft-Windows-SmartCard-DeviceEnum", "Computer": "DESKTOP-OFJ6N53", "TimeCreated": "2025-03-28 16:44:26.217073+00:00", "RecordID": "6609", "Level": "4", "UserID": "S-1-5-18", "EventData.InstancePath": "SWD\\ScDeviceEnum\\1_Windows_Hello_for_Business_1", "EventData.SessionId": "1"}
{"EventID": "102", "Channel": "Microsoft-Windows-SmartCard-DeviceEnum/Operational", "Provider_Name": "Microsoft-Windows-SmartCard-DeviceEnum", "Computer": "DESKTOP-OFJ6N53", "TimeCreated": "2025-03-28 16:44:26.484459+00:00", "RecordID": "6610", "Level": "4", "UserID": "S-1-5-18", "EventData.InstancePath": "SWD\\ScDeviceEnum\\1_AKS_VR_0", "EventData.SessionId": "1"}
{"EventID": "102", "Channel": "Microsoft-Windows-SmartCard-DeviceEnum/Operational", "Provider_Name": "Microsoft-Windows-SmartCard-DeviceEnum", "Computer": "DESKTOP-OFJ6N53", "TimeCreated": "2025-03-28 16:44:26.592014+00:00", "RecordID": "6611", "Level": "4", "UserID": "S-1-5-18", "EventData.InstancePath": "SWD\\ScDeviceEnum\\1_AKS_ifdh_1", "EventData.SessionId": "1"}
{"EventID": "102", "Channel": "Microsoft-Windows-SmartCard-DeviceEnum/Operational", "Provider_Name": "Microsoft-Windows-SmartCard-DeviceEnum", "Computer": "DESKTOP-OFJ6N53", "TimeCreated": "2025-03-28 16:44:26.753979+00:00", "RecordID": "6612", "Level": "4", "UserID": "S-1-5-18", "EventData.InstancePath": "SWD\\ScDeviceEnum\\1_AKS_ifdh_0", "EventData.SessionId": "1"}
{"EventID": "104", "Channel": "Microsoft-Windows-SmartCard-DeviceEnum/Operational", "Provider_Name": "Microsoft-Windows-SmartCard-DeviceEnum", "Computer": "DESKTOP-OFJ6N53", "TimeCreated": "2025-03-28 16:45:26.768644+00:00", "RecordID": "6613", "Level": "4", "UserID": "S-1-5-18"}
{"EventID": "101", "Channel": "Microsoft-Windows-SmartCard-DeviceEnum/Operational", "Provider_Name": "Microsoft-Windows-SmartCard-DeviceEnum", "Computer": "DESKTOP-OFJ6N53", "TimeCreated": "2025-03-30 07:17:16.510590+00:00", "RecordID": "6614", "Level": "4", "UserID": "S-1-5-18", "EventData.InstancePath": "SWD\\ScDeviceEnumBus\\1", "EventData.SessionId": "0"}
{"EventID": "101", "Channel": "Microsoft-Windows-SmartCard-DeviceEnum/Operational", "Provider_Name": "Microsoft-Windows-SmartCard-DeviceEnum", "Computer": "DESKTOP-OFJ6N53", "TimeCreated": "2025-03-30 07:17:16.510605+00:00", "RecordID": "6615", "Level": "4", "UserID": "S-1-5-18", "EventData.InstancePath": "SWD\\ScDeviceEnumBus\\0", "EventData.SessionId": "0"}
{"EventID": "103", "Channel": "Microsoft-Windows-SmartCard-DeviceEnum/Operational", "Provider_Name": "Microsoft-Windows-SmartCard-DeviceEnum", "Computer": "DESKTOP-OFJ6N53", "TimeCreated": "2025-03-30 07:17:16.983082+00:00", "RecordID": "6616", "Level": "4", "UserID": "S-1-5-18"}
{"EventID": "101", "Channel": "Microsoft-Windows-SmartCard-DeviceEnum/Operational", "Provider_Name": "Microsoft-Windows-SmartCard-DeviceEnum", "Computer": "DESKTOP-OFJ6N53", "TimeCreated": "2025-03-30 07:17:18.301004+00:00", "RecordID": "6617", "Level": "4", "UserID": "S-1-5-18", "EventData.InstancePath": "SWD\\ScDeviceEnum\\1_Windows_Hello_for_Business_1", "EventData.SessionId": "1"}
{"EventID": "101", "Channel": "Microsoft-Windows-SmartCard-DeviceEnum/Operational", "Provider_Name": "Microsoft-Windows-SmartCard-DeviceEnum", "Computer": "DESKTOP-OFJ6N53", "TimeCreated": "2025-03-30 07:17:19.788399+00:00", "RecordID": "6618", "Level": "4", "UserID": "S-1-5-18", "EventData.InstancePath": "SWD\\ScDeviceEnum\\1_AKS_VR_0", "EventData.SessionId": "1"}
{"EventID": "101", "Channel": "Microsoft-Windows-SmartCard-DeviceEnum/Operational", "Provider_Name": "Microsoft-Windows-SmartCard-DeviceEnum", "Computer": "DESKTOP-OFJ6N53", "TimeCreated": "2025-03-30 07:17:20.367132+00:00", "RecordID": "6619", "Level": "4", "UserID": "S-1-5-18", "EventData.InstancePath": "SWD\\ScDeviceEnum\\1_AKS_ifdh_1", "EventData.SessionId": "1"}
{"EventID": "101", "Channel": "Microsoft-Windows-SmartCard-DeviceEnum/Operational", "Provider_Name": "Microsoft-Windows-SmartCard-DeviceEnum", "Computer": "DESKTOP-OFJ6N53", "TimeCreated": "2025-03-30 07:17:20.796906+00:00", "RecordID": "6620", "Level": "4", "UserID": "S-1-5-18", "EventData.InstancePath": "SWD\\ScDeviceEnum\\1_AKS_ifdh_0", "EventData.SessionId": "1"}
{"EventID": "102", "Channel": "Microsoft-Windows-SmartCard-DeviceEnum/Operational", "Provider_Name": "Microsoft-Windows-SmartCard-DeviceEnum", "Computer": "DESKTOP-OFJ6N53", "TimeCreated": "2025-03-30 09:45:53.317125+00:00", "RecordID": "6621", "Level": "4", "UserID": "S-1-5-18", "EventData.InstancePath": "SWD\\ScDeviceEnum\\1_Windows_Hello_for_Business_1", "EventData.SessionId": "1"}
{"EventID": "102", "Channel": "Microsoft-Windows-SmartCard-DeviceEnum/Operational", "Provider_Name": "Microsoft-Windows-SmartCard-DeviceEnum", "Computer": "DESKTOP-OFJ6N53", "TimeCreated": "2025-03-30 09:45:53.416584+00:00", "RecordID": "6622", "Level": "4", "UserID": "S-1-5-18", "EventData.InstancePath": "SWD\\ScDeviceEnum\\1_AKS_VR_0", "EventData.SessionId": "1"}
{"EventID": "102", "Channel": "Microsoft-Windows-SmartCard-DeviceEnum/Operational", "Provider_Name": "Microsoft-Windows-SmartCard-DeviceEnum", "Computer": "DESKTOP-OFJ6N53", "TimeCreated": "2025-03-30 09:45:53.547115+00:00", "RecordID": "6623", "Level": "4", "UserID": "S-1-5-18", "EventData.InstancePath": "SWD\\ScDeviceEnum\\1_AKS_ifdh_1", "EventData.SessionId": "1"}
{"EventID": "102", "Channel": "Microsoft-Windows-SmartCard-DeviceEnum/Operational", "Provider_Name": "Microsoft-Windows-SmartCard-DeviceEnum", "Computer": "DESKTOP-OFJ6N53", "TimeCreated": "2025-03-30 09:45:53.687632+00:00", "RecordID": "6624", "Level": "4", "UserID": "S-1-5-18", "EventData.InstancePath": "SWD\\ScDeviceEnum\\1_AKS_ifdh_0", "EventData.SessionId": "1"}
{"EventID": "101", "Channel": "Microsoft-Windows-SmartCard-DeviceEnum/Operational", "Provider_Name": "Microsoft-Windows-SmartCard-DeviceEnum", "Computer": "DESKTOP-OFJ6N53", "TimeCreated": "2025-03-30 09:46:00.303514+00:00", "RecordID": "6625", "Level": "4", "UserID": "S-1-5-18", "EventData.InstancePath": "SWD\\ScDeviceEnum\\1_Windows_Hello_for_Business_1", "EventData.SessionId": "1"}
{"EventID": "101", "Channel": "Microsoft-Windows-SmartCard-DeviceEnum/Operational", "Provider_Name": "Microsoft-Windows-SmartCard-DeviceEnum", "Computer": "DESKTOP-OFJ6N53", "TimeCreated": "2025-03-30 09:46:00.668362+00:00", "RecordID": "6626", "Level": "4", "UserID": "S-1-5-18", "EventData.InstancePath": "SWD\\ScDeviceEnum\\1_AKS_VR_0", "EventData.SessionId": "1"}
{"EventID": "101", "Channel": "Microsoft-Windows-SmartCard-DeviceEnum/Operational", "Provider_Name": "Microsoft-Windows-SmartCard-DeviceEnum", "Computer": "DESKTOP-OFJ6N53", "TimeCreated": "2025-03-30 09:46:00.884148+00:00", "RecordID": "6627", "Level": "4", "UserID": "S-1-5-18", "EventData.InstancePath": "SWD\\ScDeviceEnum\\1_AKS_ifdh_1", "EventData.SessionId": "1"}
{"EventID": "101", "Channel": "Microsoft-Windows-SmartCard-DeviceEnum/Operational", "Provider_Name": "Microsoft-Windows-SmartCard-DeviceEnum", "Computer": "DESKTOP-OFJ6N53", "TimeCreated": "2025-03-30 09:46:00.984838+00:00", "RecordID": "6628", "Level": "4", "UserID": "S-1-5-18", "EventData.InstancePath": "SWD\\ScDeviceEnum\\1_AKS_ifdh_0", "EventData.SessionId": "1"}
{"EventID": "102", "Channel": "Microsoft-Windows-SmartCard-DeviceEnum/Operational", "Provider_Name": "Microsoft-Windows-SmartCard-DeviceEnum", "Computer": "DESKTOP-OFJ6N53", "TimeCreated": "2025-03-30 10:03:55.035082+00:00", "RecordID": "6629", "Level": "4", "UserID": "S-1-5-18", "EventData.InstancePath": "SWD\\ScDeviceEnum\\1_Windows_Hello_for_Business_1", "EventData.SessionId": "1"}
{"EventID": "102", "Channel": "Microsoft-Windows-SmartCard-DeviceEnum/Operational", "Provider_Name": "Microsoft-Windows-SmartCard-DeviceEnum", "Computer": "DESKTOP-OFJ6N53", "TimeCreated": "2025-03-30 10:03:55.069498+00:00", "RecordID": "6630", "Level": "4", "UserID": "S-1-5-18", "EventData.InstancePath": "SWD\\ScDeviceEnum\\1_AKS_VR_0", "EventData.SessionId": "1"}
{"EventID": "102", "Channel": "Microsoft-Windows-SmartCard-DeviceEnum/Operational", "Provider_Name": "Microsoft-Windows-SmartCard-DeviceEnum", "Computer": "DESKTOP-OFJ6N53", "TimeCreated": "2025-03-30 10:03:55.103594+00:00", "RecordID": "6631", "Level": "4", "UserID": "S-1-5-18", "EventData.InstancePath": "SWD\\ScDeviceEnum\\1_AKS_ifdh_1", "EventData.SessionId": "1"}
{"EventID": "102", "Channel": "Microsoft-Windows-SmartCard-DeviceEnum/Operational", "Provider_Name": "Microsoft-Windows-SmartCard-DeviceEnum", "Computer": "DESKTOP-OFJ6N53", "TimeCreated": "2025-03-30 10:03:55.135004+00:00", "RecordID": "6632", "Level": "4", "UserID": "S-1-5-18", "EventData.InstancePath": "SWD\\ScDeviceEnum\\1_AKS_ifdh_0", "EventData.SessionId": "1"}
{"EventID": "104", "Channel": "Microsoft-Windows-SmartCard-DeviceEnum/Operational", "Provider_Name": "Microsoft-Windows-SmartCard-DeviceEnum", "Computer": "DESKTOP-OFJ6N53", "TimeCreated": "2025-03-30 10:04:55.318310+00:00", "RecordID": "6633", "Level": "4", "UserID": "S-1-5-18"}
{"EventID": "101", "Channel": "Microsoft-Windows-SmartCard-DeviceEnum/Operational", "Provider_Name": "Microsoft-Windows-SmartCard-DeviceEnum", "Computer": "DESKTOP-OFJ6N53", "TimeCreated": "2025-03-30 10:07:30.913588+00:00", "RecordID": "6634", "Level": "4", "UserID": "S-1-5-18", "EventData.InstancePath": "SWD\\ScDeviceEnumBus\\1", "EventData.SessionId": "0"}
{"EventID": "101", "Channel": "Microsoft-Windows-SmartCard-DeviceEnum/Operational", "Provider_Name": "Microsoft-Windows-SmartCard-DeviceEnum", "Computer": "DESKTOP-OFJ6N53", "TimeCreated": "2025-03-30 10:07:30.913605+00:00", "RecordID": "6635", "Level": "4", "UserID": "S-1-5-18", "EventData.InstancePath": "SWD\\ScDeviceEnumBus\\0", "EventData.SessionId": "0"}
{"EventID": "103", "Channel": "Microsoft-Windows-SmartCard-DeviceEnum/Operational", "Provider_Name": "Microsoft-Windows-SmartCard-DeviceEnum", "Computer": "DESKTOP-OFJ6N53", "TimeCreated": "2025-03-30 10:07:30.952154+00:00", "RecordID": "6636", "Level": "4", "UserID": "S-1-5-18"}
{"EventID": "101", "Channel": "Microsoft-Windows-SmartCard-DeviceEnum/Operational", "Provider_Name": "Microsoft-Windows-SmartCard-DeviceEnum", "Computer": "DESKTOP-OFJ6N53", "TimeCreated": "2025-03-30 10:07:32.459297+00:00", "RecordID": "6637", "Level": "4", "UserID": "S-1-5-18", "EventData.InstancePath": "SWD\\ScDeviceEnum\\1_Windows_Hello_for_Business_1", "EventData.SessionId": "1"}
{"EventID": "101", "Channel": "Microsoft-Windows-SmartCard-DeviceEnum/Operational", "Provider_Name": "Microsoft-Windows-SmartCard-DeviceEnum", "Computer": "DESKTOP-OFJ6N53", "TimeCreated": "2025-03-30 10:07:32.815166+00:00", "RecordID": "6638", "Level": "4", "UserID": "S-1-5-18", "EventData.InstancePath": "SWD\\ScDeviceEnum\\1_AKS_VR_0", "EventData.SessionId": "1"}
{"EventID": "101", "Channel": "Microsoft-Windows-SmartCard-DeviceEnum/Operational", "Provider_Name": "Microsoft-Windows-SmartCard-DeviceEnum", "Computer": "DESKTOP-OFJ6N53", "TimeCreated": "2025-03-30 10:07:33.467007+00:00", "RecordID": "6639", "Level": "4", "UserID": "S-1-5-18", "EventData.InstancePath": "SWD\\ScDeviceEnum\\1_AKS_ifdh_1", "EventData.SessionId": "1"}
{"EventID": "101", "Channel": "Microsoft-Windows-SmartCard-DeviceEnum/Operational", "Provider_Name": "Microsoft-Windows-SmartCard-DeviceEnum", "Computer": "DESKTOP-OFJ6N53", "TimeCreated": "2025-03-30 10:07:33.948936+00:00", "RecordID": "6640", "Level": "4", "UserID": "S-1-5-18", "EventData.InstancePath": "SWD\\ScDeviceEnum\\1_AKS_ifdh_0", "EventData.SessionId": "1"}
{"EventID": "102", "Channel": "Microsoft-Windows-SmartCard-DeviceEnum/Operational", "Provider_Name": "Microsoft-Windows-SmartCard-DeviceEnum", "Computer": "DESKTOP-OFJ6N53", "TimeCreated": "2025-03-30 10:08:22.297859+00:00", "RecordID": "6641", "Level": "4", "UserID": "S-1-5-18", "EventData.InstancePath": "SWD\\ScDeviceEnum\\1_Windows_Hello_for_Business_1", "EventData.SessionId": "1"}
{"EventID": "102", "Channel": "Microsoft-Windows-SmartCard-DeviceEnum/Operational", "Provider_Name": "Microsoft-Windows-SmartCard-DeviceEnum", "Computer": "DESKTOP-OFJ6N53", "TimeCreated": "2025-03-30 10:08:22.333220+00:00", "RecordID": "6642", "Level": "4", "UserID": "S-1-5-18", "EventData.InstancePath": "SWD\\ScDeviceEnum\\1_AKS_VR_0", "EventData.SessionId": "1"}
{"EventID": "102", "Channel": "Microsoft-Windows-SmartCard-DeviceEnum/Operational", "Provider_Name": "Microsoft-Windows-SmartCard-DeviceEnum", "Computer": "DESKTOP-OFJ6N53", "TimeCreated": "2025-03-30 10:08:22.366430+00:00", "RecordID": "6643", "Level": "4", "UserID": "S-1-5-18", "EventData.InstancePath": "SWD\\ScDeviceEnum\\1_AKS_ifdh_1", "EventData.SessionId": "1"}
{"EventID": "102", "Channel": "Microsoft-Windows-SmartCard-DeviceEnum/Operational", "Provider_Name": "Microsoft-Windows-SmartCard-DeviceEnum", "Computer": "DESKTOP-OFJ6N53", "TimeCreated": "2025-03-30 10:08:22.400078+00:00", "RecordID": "6644", "Level": "4", "UserID": "S-1-5-18", "EventData.InstancePath": "SWD\\ScDeviceEnum\\1_AKS_ifdh_0", "EventData.SessionId": "1"}
{"EventID": "104", "Channel": "Microsoft-Windows-SmartCard-DeviceEnum/Operational", "Provider_Name": "Microsoft-Windows-SmartCard-DeviceEnum", "Computer": "DESKTOP-OFJ6N53", "TimeCreated": "2025-03-30 10:09:22.554264+00:00", "RecordID": "6645", "Level": "4", "UserID": "S-1-5-18"}
{"EventID": "101", "Channel": "Microsoft-Windows-SmartCard-DeviceEnum/Operational", "Provider_Name": "Microsoft-Windows-SmartCard-DeviceEnum", "Computer": "DESKTOP-OFJ6N53", "TimeCreated": "2025-03-30 10:34:47.540220+00:00", "RecordID": "6646", "Level": "4", "UserID": "S-1-5-18", "EventData.InstancePath": "SWD\\ScDeviceEnumBus\\1", "EventData.SessionId": "0"}
{"EventID": "101", "Channel": "Microsoft-Windows-SmartCard-DeviceEnum/Operational", "Provider_Name": "Microsoft-Windows-SmartCard-DeviceEnum", "Computer": "DESKTOP-OFJ6N53", "TimeCreated": "2025-03-30 10:34:47.540236+00:00", "RecordID": "6647", "Level": "4", "UserID": "S-1-5-18", "EventData.InstancePath": "SWD\\ScDeviceEnumBus\\0", "EventData.SessionId": "0"}
{"EventID": "103", "Channel": "Microsoft-Windows-SmartCard-DeviceEnum/Operational", "Provider_Name": "Microsoft-Windows-SmartCard-DeviceEnum", "Computer": "DESKTOP-OFJ6N53", "TimeCreated": "2025-03-30 10:34:47.589247+00:00", "RecordID": "6648", "Level": "4", "UserID": "S-1-5-18"}
{"EventID": "101", "Channel": "Microsoft-Windows-SmartCard-DeviceEnum/Operational", "Provider_Name": "Microsoft-Windows-SmartCard-DeviceEnum", "Computer": "DESKTOP-OFJ6N53", "TimeCreated": "2025-03-30 10:34:48.977581+00:00", "RecordID": "6649", "Level": "4", "UserID": "S-1-5-18", "EventData.InstancePath": "SWD\\ScDeviceEnum\\1_Windows_Hello_for_Business_1", "EventData.SessionId": "1"}
{"EventID": "101", "Channel": "Microsoft-Windows-SmartCard-DeviceEnum/Operational", "Provider_Name": "Microsoft-Windows-SmartCard-DeviceEnum", "Computer": "DESKTOP-OFJ6N53", "TimeCreated": "2025-03-30 10:34:49.473654+00:00", "RecordID": "6650", "Level": "4", "UserID": "S-1-5-18", "EventData.InstancePath": "SWD\\ScDeviceEnum\\1_AKS_VR_0", "EventData.SessionId": "1"}
{"EventID": "101", "Channel": "Microsoft-Windows-SmartCard-DeviceEnum/Operational", "Provider_Name": "Microsoft-Windows-SmartCard-DeviceEnum", "Computer": "DESKTOP-OFJ6N53", "TimeCreated": "2025-03-30 10:34:49.784061+00:00", "RecordID": "6651", "Level": "4", "UserID": "S-1-5-18", "EventData.InstancePath": "SWD\\ScDeviceEnum\\1_AKS_ifdh_1", "EventData.SessionId": "1"}
{"EventID": "101", "Channel": "Microsoft-Windows-SmartCard-DeviceEnum/Operational", "Provider_Name": "Microsoft-Windows-SmartCard-DeviceEnum", "Computer": "DESKTOP-OFJ6N53", "TimeCreated": "2025-03-30 10:34:49.868780+00:00", "RecordID": "6652", "Level": "4", "UserID": "S-1-5-18", "EventData.InstancePath": "SWD\\ScDeviceEnum\\1_AKS_ifdh_0", "EventData.SessionId": "1"}
{"EventID": "102", "Channel": "Microsoft-Windows-SmartCard-DeviceEnum/Operational", "Provider_Name": "Microsoft-Windows-SmartCard-DeviceEnum", "Computer": "DESKTOP-OFJ6N53", "TimeCreated": "2025-03-30 11:18:51.583473+00:00", "RecordID": "6653", "Level": "4", "UserID": "S-1-5-18", "EventData.InstancePath": "SWD\\ScDeviceEnum\\1_Windows_Hello_for_Business_1", "EventData.SessionId": "1"}
{"EventID": "102", "Channel": "Microsoft-Windows-SmartCard-DeviceEnum/Operational", "Provider_Name": "Microsoft-Windows-SmartCard-DeviceEnum", "Computer": "DESKTOP-OFJ6N53", "TimeCreated": "2025-03-30 11:18:51.615486+00:00", "RecordID": "6654", "Level": "4", "UserID": "S-1-5-18", "EventData.InstancePath": "SWD\\ScDeviceEnum\\1_AKS_VR_0", "EventData.SessionId": "1"}
{"EventID": "102", "Channel": "Microsoft-Windows-SmartCard-DeviceEnum/Operational", "Provider_Name": "Microsoft-Windows-SmartCard-DeviceEnum", "Computer": "DESKTOP-OFJ6N53", "TimeCreated": "2025-03-30 11:18:51.648527+00:00", "RecordID": "6655", "Level": "4", "UserID": "S-1-5-18", "EventData.InstancePath": "SWD\\ScDeviceEnum\\1_AKS_ifdh_1", "EventData.SessionId": "1"}
{"EventID": "102", "Channel": "Microsoft-Windows-SmartCard-DeviceEnum/Operational", "Provider_Name": "Microsoft-Windows-SmartCard-DeviceEnum", "Computer": "DESKTOP-OFJ6N53", "TimeCreated": "2025-03-30 11:18:51.686859+00:00", "RecordID": "6656", "Level": "4", "UserID": "S-1-5-18", "EventData.InstancePath": "SWD\\ScDeviceEnum\\1_AKS_ifdh_0", "EventData.SessionId": "1"}
{"EventID": "101", "Channel": "Microsoft-Windows-SmartCard-DeviceEnum/Operational", "Provider_Name": "Microsoft-Windows-SmartCard-DeviceEnum", "Computer": "DESKTOP-OFJ6N53", "TimeCreated": "2025-03-30 11:19:32.100496+00:00", "RecordID": "6657", "Level": "4", "UserID": "S-1-5-18", "EventData.InstancePath": "SWD\\ScDeviceEnum\\1_Windows_Hello_for_Business_1", "EventData.SessionId": "1"}
{"EventID": "101", "Channel": "Microsoft-Windows-SmartCard-DeviceEnum/Operational", "Provider_Name": "Microsoft-Windows-SmartCard-DeviceEnum", "Computer": "DESKTOP-OFJ6N53", "TimeCreated": "2025-03-30 11:19:32.166264+00:00", "RecordID": "6658", "Level": "4", "UserID": "S-1-5-18", "EventData.InstancePath": "SWD\\ScDeviceEnum\\1_AKS_VR_0", "EventData.SessionId": "1"}
{"EventID": "101", "Channel": "Microsoft-Windows-SmartCard-DeviceEnum/Operational", "Provider_Name": "Microsoft-Windows-SmartCard-DeviceEnum", "Computer": "DESKTOP-OFJ6N53", "TimeCreated": "2025-03-30 11:19:32.331282+00:00", "RecordID": "6659", "Level": "4", "UserID": "S-1-5-18", "EventData.InstancePath": "SWD\\ScDeviceEnum\\1_AKS_ifdh_1", "EventData.SessionId": "1"}
{"EventID": "101", "Channel": "Microsoft-Windows-SmartCard-DeviceEnum/Operational", "Provider_Name": "Microsoft-Windows-SmartCard-DeviceEnum", "Computer": "DESKTOP-OFJ6N53", "TimeCreated": "2025-03-30 11:19:32.438858+00:00", "RecordID": "6660", "Level": "4", "UserID": "S-1-5-18", "EventData.InstancePath": "SWD\\ScDeviceEnum\\1_AKS_ifdh_0", "EventData.SessionId": "1"}
{"EventID": "102", "Channel": "Microsoft-Windows-SmartCard-DeviceEnum/Operational", "Provider_Name": "Microsoft-Windows-SmartCard-DeviceEnum", "Computer": "DESKTOP-OFJ6N53", "TimeCreated": "2025-03-30 11:34:54.520302+00:00", "RecordID": "6661", "Level": "4", "UserID": "S-1-5-18", "EventData.InstancePath": "SWD\\ScDeviceEnum\\1_Windows_Hello_for_Business_1", "EventData.SessionId": "1"}
{"EventID": "102", "Channel": "Microsoft-Windows-SmartCard-DeviceEnum/Operational", "Provider_Name": "Microsoft-Windows-SmartCard-DeviceEnum", "Computer": "DESKTOP-OFJ6N53", "TimeCreated": "2025-03-30 11:34:54.553520+00:00", "RecordID": "6662", "Level": "4", "UserID": "S-1-5-18", "EventData.InstancePath": "SWD\\ScDeviceEnum\\1_AKS_VR_0", "EventData.SessionId": "1"}
{"EventID": "102", "Channel": "Microsoft-Windows-SmartCard-DeviceEnum/Operational", "Provider_Name": "Microsoft-Windows-SmartCard-DeviceEnum", "Computer": "DESKTOP-OFJ6N53", "TimeCreated": "2025-03-30 11:34:54.585251+00:00", "RecordID": "6663", "Level": "4", "UserID": "S-1-5-18", "EventData.InstancePath": "SWD\\ScDeviceEnum\\1_AKS_ifdh_1", "EventData.SessionId": "1"}
{"EventID": "102", "Channel": "Microsoft-Windows-SmartCard-DeviceEnum/Operational", "Provider_Name": "Microsoft-Windows-SmartCard-DeviceEnum", "Computer": "DESKTOP-OFJ6N53", "TimeCreated": "2025-03-30 11:34:54.625866+00:00", "RecordID": "6664", "Level": "4", "UserID": "S-1-5-18", "EventData.InstancePath": "SWD\\ScDeviceEnum\\1_AKS_ifdh_0", "EventData.SessionId": "1"}
{"EventID": "101", "Channel": "Microsoft-Windows-SmartCard-DeviceEnum/Operational", "Provider_Name": "Microsoft-Windows-SmartCard-DeviceEnum", "Computer": "DESKTOP-OFJ6N53", "TimeCreated": "2025-03-30 11:36:31.663324+00:00", "RecordID": "6665", "Level": "4", "UserID": "S-1-5-18", "EventData.InstancePath": "SWD\\ScDeviceEnum\\1_Windows_Hello_for_Business_1", "EventData.SessionId": "1"}
{"EventID": "101", "Channel": "Microsoft-Windows-SmartCard-DeviceEnum/Operational", "Provider_Name": "Microsoft-Windows-SmartCard-DeviceEnum", "Computer": "DESKTOP-OFJ6N53", "TimeCreated": "2025-03-30 11:36:31.721325+00:00", "RecordID": "6666", "Level": "4", "UserID": "S-1-5-18", "EventData.InstancePath": "SWD\\ScDeviceEnum\\1_AKS_VR_0", "EventData.SessionId": "1"}
{"EventID": "101", "Channel": "Microsoft-Windows-SmartCard-DeviceEnum/Operational", "Provider_Name": "Microsoft-Windows-SmartCard-DeviceEnum", "Computer": "DESKTOP-OFJ6N53", "TimeCreated": "2025-03-30 11:36:31.788607+00:00", "RecordID": "6667", "Level": "4", "UserID": "S-1-5-18", "EventData.InstancePath": "SWD\\ScDeviceEnum\\1_AKS_ifdh_1", "EventData.SessionId": "1"}
{"EventID": "101", "Channel": "Microsoft-Windows-SmartCard-DeviceEnum/Operational", "Provider_Name": "Microsoft-Windows-SmartCard-DeviceEnum", "Computer": "DESKTOP-OFJ6N53", "TimeCreated": "2025-03-30 11:36:31.999874+00:00", "RecordID": "6668", "Level": "4", "UserID": "S-1-5-18", "EventData.InstancePath": "SWD\\ScDeviceEnum\\1_AKS_ifdh_0", "EventData.SessionId": "1"}
{"EventID": "101", "Channel": "Microsoft-Windows-SmartCard-DeviceEnum/Operational", "Provider_Name": "Microsoft-Windows-SmartCard-DeviceEnum", "Computer": "DESKTOP-OFJ6N53", "TimeCreated": "2025-03-30 13:00:45.036224+00:00", "RecordID": "6669", "Level": "4", "UserID": "S-1-5-18", "EventData.InstancePath": "SWD\\ScDeviceEnum\\1_Windows_Hello_for_Business_1", "EventData.SessionId": "1"}
{"EventID": "102", "Channel": "Microsoft-Windows-SmartCard-DeviceEnum/Operational", "Provider_Name": "Microsoft-Windows-SmartCard-DeviceEnum", "Computer": "DESKTOP-OFJ6N53", "TimeCreated": "2025-03-30 13:00:45.573885+00:00", "RecordID": "6670", "Level": "4", "UserID": "S-1-5-18", "EventData.InstancePath": "SWD\\ScDeviceEnum\\1_Windows_Hello_for_Business_1", "EventData.SessionId": "1"}
{"EventID": "101", "Channel": "Microsoft-Windows-SmartCard-DeviceEnum/Operational", "Provider_Name": "Microsoft-Windows-SmartCard-DeviceEnum", "Computer": "DESKTOP-OFJ6N53", "TimeCreated": "2025-03-30 13:00:45.574335+00:00", "RecordID": "6671", "Level": "4", "UserID": "S-1-5-18", "EventData.InstancePath": "SWD\\ScDeviceEnum\\1_AKS_VR_0", "EventData.SessionId": "1"}
{"EventID": "102", "Channel": "Microsoft-Windows-SmartCard-DeviceEnum/Operational", "Provider_Name": "Microsoft-Windows-SmartCard-DeviceEnum", "Computer": "DESKTOP-OFJ6N53", "TimeCreated": "2025-03-30 13:00:45.920061+00:00", "RecordID": "6672", "Level": "4", "UserID": "S-1-5-18", "EventData.InstancePath": "SWD\\ScDeviceEnum\\1_AKS_VR_0", "EventData.SessionId": "1"}
{"EventID": "101", "Channel": "Microsoft-Windows-SmartCard-DeviceEnum/Operational", "Provider_Name": "Microsoft-Windows-SmartCard-DeviceEnum", "Computer": "DESKTOP-OFJ6N53", "TimeCreated": "2025-03-30 13:00:45.947121+00:00", "RecordID": "6673", "Level": "4", "UserID": "S-1-5-18", "EventData.InstancePath": "SWD\\ScDeviceEnum\\1_AKS_ifdh_1", "EventData.SessionId": "1"}
{"EventID": "102", "Channel": "Microsoft-Windows-SmartCard-DeviceEnum/Operational", "Provider_Name": "Microsoft-Windows-SmartCard-DeviceEnum", "Computer": "DESKTOP-OFJ6N53", "TimeCreated": "2025-03-30 13:00:46.450815+00:00", "RecordID": "6674", "Level": "4", "UserID": "S-1-5-18", "EventData.InstancePath": "SWD\\ScDeviceEnum\\1_AKS_ifdh_1", "EventData.SessionId": "1"}
{"EventID": "101", "Channel": "Microsoft-Windows-SmartCard-DeviceEnum/Operational", "Provider_Name": "Microsoft-Windows-SmartCard-DeviceEnum", "Computer": "DESKTOP-OFJ6N53", "TimeCreated": "2025-03-30 13:00:46.502050+00:00", "RecordID": "6675", "Level": "4", "UserID": "S-1-5-18", "EventData.InstancePath": "SWD\\ScDeviceEnum\\1_AKS_ifdh_0", "EventData.SessionId": "1"}
{"EventID": "102", "Channel": "Microsoft-Windows-SmartCard-DeviceEnum/Operational", "Provider_Name": "Microsoft-Windows-SmartCard-DeviceEnum", "Computer": "DESKTOP-OFJ6N53", "TimeCreated": "2025-03-30 13:00:46.744911+00:00", "RecordID": "6676", "Level": "4", "UserID": "S-1-5-18", "EventData.InstancePath": "SWD\\ScDeviceEnum\\1_AKS_ifdh_0", "EventData.SessionId": "1"}
{"EventID": "101", "Channel": "Microsoft-Windows-SmartCard-DeviceEnum/Operational", "Provider_Name": "Microsoft-Windows-SmartCard-DeviceEnum", "Computer": "DESKTOP-OFJ6N53", "TimeCreated": "2025-03-30 13:00:47.929314+00:00", "RecordID": "6677", "Level": "4", "UserID": "S-1-5-18", "EventData.InstancePath": "SWD\\ScDeviceEnum\\1_Windows_Hello_for_Business_1", "EventData.SessionId": "1"}
{"EventID": "101", "Channel": "Microsoft-Windows-SmartCard-DeviceEnum/Operational", "Provider_Name": "Microsoft-Windows-SmartCard-DeviceEnum", "Computer": "DESKTOP-OFJ6N53", "TimeCreated": "2025-03-30 13:00:48.366014+00:00", "RecordID": "6678", "Level": "4", "UserID": "S-1-5-18", "EventData.InstancePath": "SWD\\ScDeviceEnum\\1_AKS_VR_0", "EventData.SessionId": "1"}
{"EventID": "101", "Channel": "Microsoft-Windows-SmartCard-DeviceEnum/Operational", "Provider_Name": "Microsoft-Windows-SmartCard-DeviceEnum", "Computer": "DESKTOP-OFJ6N53", "TimeCreated": "2025-03-30 13:00:48.499405+00:00", "RecordID": "6679", "Level": "4", "UserID": "S-1-5-18", "EventData.InstancePath": "SWD\\ScDeviceEnum\\1_AKS_ifdh_1", "EventData.SessionId": "1"}
{"EventID": "101", "Channel": "Microsoft-Windows-SmartCard-DeviceEnum/Operational", "Provider_Name": "Microsoft-Windows-SmartCard-DeviceEnum", "Computer": "DESKTOP-OFJ6N53", "TimeCreated": "2025-03-30 13:00:48.612398+00:00", "RecordID": "6680", "Level": "4", "UserID": "S-1-5-18", "EventData.InstancePath": "SWD\\ScDeviceEnum\\1_AKS_ifdh_0", "EventData.SessionId": "1"}
{"EventID": "102", "Channel": "Microsoft-Windows-SmartCard-DeviceEnum/Operational", "Provider_Name": "Microsoft-Windows-SmartCard-DeviceEnum", "Computer": "DESKTOP-OFJ6N53", "TimeCreated": "2025-03-31 08:59:42.531549+00:00", "RecordID": "6681", "Level": "4", "UserID": "S-1-5-18", "EventData.InstancePath": "SWD\\ScDeviceEnum\\1_Windows_Hello_for_Business_1", "EventData.SessionId": "1"}
{"EventID": "102", "Channel": "Microsoft-Windows-SmartCard-DeviceEnum/Operational", "Provider_Name": "Microsoft-Windows-SmartCard-DeviceEnum", "Computer": "DESKTOP-OFJ6N53", "TimeCreated": "2025-03-31 08:59:42.564478+00:00", "RecordID": "6682", "Level": "4", "UserID": "S-1-5-18", "EventData.InstancePath": "SWD\\ScDeviceEnum\\1_AKS_VR_0", "EventData.SessionId": "1"}
{"EventID": "102", "Channel": "Microsoft-Windows-SmartCard-DeviceEnum/Operational", "Provider_Name": "Microsoft-Windows-SmartCard-DeviceEnum", "Computer": "DESKTOP-OFJ6N53", "TimeCreated": "2025-03-31 08:59:42.597071+00:00", "RecordID": "6683", "Level": "4", "UserID": "S-1-5-18", "EventData.InstancePath": "SWD\\ScDeviceEnum\\1_AKS_ifdh_1", "EventData.SessionId": "1"}
