{"EventID": "112", "Channel": "Microsoft-Windows-DeviceSetupManager/Admin", "Provider_Name": "Microsoft-Windows-DeviceSetupManager", "Computer": "DESKTOP-OFJ6N53", "TimeCreated": "2025-08-13 15:42:44.675892+00:00", "RecordID": "57290", "Level": "4", "UserID": "S-1-5-18", "EventData.Prop_DeviceName": "Fax ( 1)", "EventData.Prop_ContainerId": "{c2afb711-e01d-b859-69ee-8dfdb945ebf1}", "EventData.Prop_TaskCount": "4", "EventData.Prop_PropertyCount": "34", "EventData.Prop_WorkTime_MilliSeconds": "31"}
{"EventID": "112", "Channel": "Microsoft-Windows-DeviceSetupManager/Admin", "Provider_Name": "Microsoft-Windows-DeviceSetupManager", "Computer": "DESKTOP-OFJ6N53", "TimeCreated": "2025-08-13 15:42:47.455418+00:00", "RecordID": "57291", "Level": "4", "UserID": "S-1-5-18", "EventData.Prop_DeviceName": "lp-drp-sc ( 1)", "EventData.Prop_ContainerId": "{c8ba3767-041c-707a-48e3-b5e7fcfd8653}", "EventData.Prop_TaskCount": "4", "EventData.Prop_PropertyCount": "34", "EventData.Prop_WorkTime_MilliSeconds": "31"}
{"EventID": "112", "Channel": "Microsoft-Windows-DeviceSetupManager/Admin", "Provider_Name": "Microsoft-Windows-DeviceSetupManager", "Computer": "DESKTOP-OFJ6N53", "TimeCreated": "2025-08-13 15:42:49.726961+00:00", "RecordID": "57292", "Level": "4", "UserID": "S-1-5-18", "EventData.Prop_DeviceName": "HP Color LaserJet Pro M479 PCL 6 (V3) ( 1)", "EventData.Prop_ContainerId": "{9fdb06ae-3c11-c5c2-6f79-b527957711b5}", "EventData.Prop_TaskCount": "4", "EventData.Prop_PropertyCount": "34", "EventData.Prop_WorkTime_MilliSeconds": "46"}
{"EventID": "101", "Channel": "Microsoft-Windows-DeviceSetupManager/Admin", "Provider_Name": "Microsoft-Windows-DeviceSetupManager", "Computer": "DESKTOP-OFJ6N53", "TimeCreated": "2025-08-13 15:43:34.736498+00:00", "RecordID": "57293", "Level": "4", "UserID": "S-1-5-18", "EventData.Prop_UpTime_Seconds": "68", "EventData.Prop_WorkTime_MilliSeconds": "4001"}
{"EventID": "100", "Channel": "Microsoft-Windows-DeviceSetupManager/Admin", "Provider_Name": "Microsoft-Windows-DeviceSetupManager", "Computer": "DESKTOP-OFJ6N53", "TimeCreated": "2025-08-14 08:38:49.996870+00:00", "RecordID": "57294", "Level": "4", "UserID": "S-1-5-18", "EventData.Prop_CoreServiceMode": "0", "EventData.Prop_Event_Window_Seconds": "60915"}
{"EventID": "112", "Channel": "Microsoft-Windows-DeviceSetupManager/Admin", "Provider_Name": "Microsoft-Windows-DeviceSetupManager", "Computer": "DESKTOP-OFJ6N53", "TimeCreated": "2025-08-14 08:38:52.449205+00:00", "RecordID": "57295", "Level": "4", "UserID": "S-1-5-18", "EventData.Prop_DeviceName": "Generic Non-PnP Monitor", "EventData.Prop_ContainerId": "{832541ad-8238-4ab0-956c-ebce30e0fbfd}", "EventData.Prop_TaskCount": "4", "EventData.Prop_PropertyCount": "42", "EventData.Prop_WorkTime_MilliSeconds": "1125"}
{"EventID": "112", "Channel": "Microsoft-Windows-DeviceSetupManager/Admin", "Provider_Name": "Microsoft-Windows-DeviceSetupManager", "Computer": "DESKTOP-OFJ6N53", "TimeCreated": "2025-08-14 08:38:56.643929+00:00", "RecordID": "57296", "Level": "4", "UserID": "S-1-5-18", "EventData.Prop_DeviceName": "DESKTOP-OFJ6N53", "EventData.Prop_ContainerId": "{00000000-0000-0000-ffff-ffffffffffff}", "EventData.Prop_TaskCount": "4", "EventData.Prop_PropertyCount": "40", "EventData.Prop_WorkTime_MilliSeconds": "6406"}
{"EventID": "101", "Channel": "Microsoft-Windows-DeviceSetupManager/Admin", "Provider_Name": "Microsoft-Windows-DeviceSetupManager", "Computer": "DESKTOP-OFJ6N53", "TimeCreated": "2025-08-14 08:39:41.677927+00:00", "RecordID": "57297", "Level": "4", "UserID": "S-1-5-18", "EventData.Prop_UpTime_Seconds": "51", "EventData.Prop_WorkTime_MilliSeconds": "6625"}
{"EventID": "100", "Channel": "Microsoft-Windows-DeviceSetupManager/Admin", "Provider_Name": "Microsoft-Windows-DeviceSetupManager", "Computer": "DESKTOP-OFJ6N53", "TimeCreated": "2025-08-14 10:21:52.886547+00:00", "RecordID": "57298", "Level": "4", "UserID": "S-1-5-18", "EventData.Prop_CoreServiceMode": "0", "EventData.Prop_Event_Window_Seconds": "6131"}
{"EventID": "112", "Channel": "Microsoft-Windows-DeviceSetupManager/Admin", "Provider_Name": "Microsoft-Windows-DeviceSetupManager", "Computer": "DESKTOP-OFJ6N53", "TimeCreated": "2025-08-14 10:21:53.551016+00:00", "RecordID": "57299", "Level": "4", "UserID": "S-1-5-18", "EventData.Prop_DeviceName": "Generic Non-PnP Monitor", "EventData.Prop_ContainerId": "{d99b3305-dc12-4235-81b8-ce8ea5830492}", "EventData.Prop_TaskCount": "4", "EventData.Prop_PropertyCount": "42", "EventData.Prop_WorkTime_MilliSeconds": "564"}
{"EventID": "112", "Channel": "Microsoft-Windows-DeviceSetupManager/Admin", "Provider_Name": "Microsoft-Windows-DeviceSetupManager", "Computer": "DESKTOP-OFJ6N53", "TimeCreated": "2025-08-14 10:21:56.493744+00:00", "RecordID": "57300", "Level": "4", "UserID": "S-1-5-18", "EventData.Prop_DeviceName": "DESKTOP-OFJ6N53", "EventData.Prop_ContainerId": "{00000000-0000-0000-ffff-ffffffffffff}", "EventData.Prop_TaskCount": "4", "EventData.Prop_PropertyCount": "40", "EventData.Prop_WorkTime_MilliSeconds": "3517"}
{"EventID": "101", "Channel": "Microsoft-Windows-DeviceSetupManager/Admin", "Provider_Name": "Microsoft-Windows-DeviceSetupManager", "Computer": "DESKTOP-OFJ6N53", "TimeCreated": "2025-08-14 10:22:41.494324+00:00", "RecordID": "57301", "Level": "4", "UserID": "S-1-5-18", "EventData.Prop_UpTime_Seconds": "48", "EventData.Prop_WorkTime_MilliSeconds": "3517"}
{"EventID": "100", "Channel": "Microsoft-Windows-DeviceSetupManager/Admin", "Provider_Name": "Microsoft-Windows-DeviceSetupManager", "Computer": "DESKTOP-OFJ6N53", "TimeCreated": "2025-08-14 10:23:37.778048+00:00", "RecordID": "57302", "Level": "4", "UserID": "S-1-5-18", "EventData.Prop_CoreServiceMode": "0", "EventData.Prop_Event_Window_Seconds": "56"}
{"EventID": "112", "Channel": "Microsoft-Windows-DeviceSetupManager/Admin", "Provider_Name": "Microsoft-Windows-DeviceSetupManager", "Computer": "DESKTOP-OFJ6N53", "TimeCreated": "2025-08-14 10:23:39.509094+00:00", "RecordID": "57303", "Level": "4", "UserID": "S-1-5-18", "EventData.Prop_DeviceName": "Generic Non-PnP Monitor", "EventData.Prop_ContainerId": "{e4103f72-4a88-40e4-991f-25d876dd9733}", "EventData.Prop_TaskCount": "4", "EventData.Prop_PropertyCount": "42", "EventData.Prop_WorkTime_MilliSeconds": "802"}
{"EventID": "112", "Channel": "Microsoft-Windows-DeviceSetupManager/Admin", "Provider_Name": "Microsoft-Windows-DeviceSetupManager", "Computer": "DESKTOP-OFJ6N53", "TimeCreated": "2025-08-14 10:23:41.489449+00:00", "RecordID": "57304", "Level": "4", "UserID": "S-1-5-18", "EventData.Prop_DeviceName": "DESKTOP-OFJ6N53", "EventData.Prop_ContainerId": "{00000000-0000-0000-ffff-ffffffffffff}", "EventData.Prop_TaskCount": "10", "EventData.Prop_PropertyCount": "40", "EventData.Prop_WorkTime_MilliSeconds": "3213"}
{"EventID": "112", "Channel": "Microsoft-Windows-DeviceSetupManager/Admin", "Provider_Name": "Microsoft-Windows-DeviceSetupManager", "Computer": "DESKTOP-OFJ6N53", "TimeCreated": "2025-08-14 10:23:42.561790+00:00", "RecordID": "57305", "Level": "4", "UserID": "S-1-5-18", "EventData.Prop_DeviceName": "HP Color LaserJet Pro M479 PCL 6 (V3) ( 1)", "EventData.Prop_ContainerId": "{9fdb06ae-3c11-c5c2-6f79-b527957711b5}", "EventData.Prop_TaskCount": "4", "EventData.Prop_PropertyCount": "34", "EventData.Prop_WorkTime_MilliSeconds": "125"}
{"EventID": "112", "Channel": "Microsoft-Windows-DeviceSetupManager/Admin", "Provider_Name": "Microsoft-Windows-DeviceSetupManager", "Computer": "DESKTOP-OFJ6N53", "TimeCreated": "2025-08-14 10:23:45.578793+00:00", "RecordID": "57306", "Level": "4", "UserID": "S-1-5-18", "EventData.Prop_DeviceName": "OneNote for Windows 10 ( 1)", "EventData.Prop_ContainerId": "{ecc1e499-5efd-039d-5887-23c2bd87e9a7}", "EventData.Prop_TaskCount": "4", "EventData.Prop_PropertyCount": "34", "EventData.Prop_WorkTime_MilliSeconds": "109"}
{"EventID": "112", "Channel": "Microsoft-Windows-DeviceSetupManager/Admin", "Provider_Name": "Microsoft-Windows-DeviceSetupManager", "Computer": "DESKTOP-OFJ6N53", "TimeCreated": "2025-08-14 10:23:47.819080+00:00", "RecordID": "57307", "Level": "4", "UserID": "S-1-5-18", "EventData.Prop_DeviceName": "OneNote (Desktop) ( 1)", "EventData.Prop_ContainerId": "{f12ed10b-de75-2c0c-5fa7-c264a3b6cb55}", "EventData.Prop_TaskCount": "4", "EventData.Prop_PropertyCount": "34", "EventData.Prop_WorkTime_MilliSeconds": "140"}
{"EventID": "112", "Channel": "Microsoft-Windows-DeviceSetupManager/Admin", "Provider_Name": "Microsoft-Windows-DeviceSetupManager", "Computer": "DESKTOP-OFJ6N53", "TimeCreated": "2025-08-14 10:23:49.756634+00:00", "RecordID": "57308", "Level": "4", "UserID": "S-1-5-18", "EventData.Prop_DeviceName": "PrintXpert Virtual Printer ( 1)", "EventData.Prop_ContainerId": "{c641391b-f276-0e02-33ff-f4a08f4af52e}", "EventData.Prop_TaskCount": "4", "EventData.Prop_PropertyCount": "34", "EventData.Prop_WorkTime_MilliSeconds": "140"}
{"EventID": "112", "Channel": "Microsoft-Windows-DeviceSetupManager/Admin", "Provider_Name": "Microsoft-Windows-DeviceSetupManager", "Computer": "DESKTOP-OFJ6N53", "TimeCreated": "2025-08-14 10:23:51.746031+00:00", "RecordID": "57309", "Level": "4", "UserID": "S-1-5-18", "EventData.Prop_DeviceName": "VersaLink C8000 ( 1)", "EventData.Prop_ContainerId": "{82cdf178-f779-8038-0f43-fd11768b89e3}", "EventData.Prop_TaskCount": "4", "EventData.Prop_PropertyCount": "34", "EventData.Prop_WorkTime_MilliSeconds": "134"}
{"EventID": "112", "Channel": "Microsoft-Windows-DeviceSetupManager/Admin", "Provider_Name": "Microsoft-Windows-DeviceSetupManager", "Computer": "DESKTOP-OFJ6N53", "TimeCreated": "2025-08-14 10:23:53.885664+00:00", "RecordID": "57310", "Level": "4", "UserID": "S-1-5-18", "EventData.Prop_DeviceName": "VersaLink C8000 ( 1)", "EventData.Prop_ContainerId": "{7efcbe4e-a3a2-0c99-ec8f-27d6801a396f}", "EventData.Prop_TaskCount": "4", "EventData.Prop_PropertyCount": "42", "EventData.Prop_WorkTime_MilliSeconds": "124"}
{"EventID": "112", "Channel": "Microsoft-Windows-DeviceSetupManager/Admin", "Provider_Name": "Microsoft-Windows-DeviceSetupManager", "Computer": "DESKTOP-OFJ6N53", "TimeCreated": "2025-08-14 10:23:54.992952+00:00", "RecordID": "57311", "Level": "4", "UserID": "S-1-5-18", "EventData.Prop_DeviceName": "Fax ( 1)", "EventData.Prop_ContainerId": "{c2afb711-e01d-b859-69ee-8dfdb945ebf1}", "EventData.Prop_TaskCount": "4", "EventData.Prop_PropertyCount": "34", "EventData.Prop_WorkTime_MilliSeconds": "210"}
{"EventID": "112", "Channel": "Microsoft-Windows-DeviceSetupManager/Admin", "Provider_Name": "Microsoft-Windows-DeviceSetupManager", "Computer": "DESKTOP-OFJ6N53", "TimeCreated": "2025-08-14 10:23:58.369349+00:00", "RecordID": "57312", "Level": "4", "UserID": "S-1-5-18", "EventData.Prop_DeviceName": "HP Color LaserJet Pro M479 PCL 6 (V3) ( 1)", "EventData.Prop_ContainerId": "{54f0286c-ea13-0b79-04ac-ed9e98fb1596}", "EventData.Prop_TaskCount": "4", "EventData.Prop_PropertyCount": "34", "EventData.Prop_WorkTime_MilliSeconds": "269"}
{"EventID": "112", "Channel": "Microsoft-Windows-DeviceSetupManager/Admin", "Provider_Name": "Microsoft-Windows-DeviceSetupManager", "Computer": "DESKTOP-OFJ6N53", "TimeCreated": "2025-08-14 10:24:01.507614+00:00", "RecordID": "57313", "Level": "4", "UserID": "S-1-5-18", "EventData.Prop_DeviceName": "lp-drp-sc ( 1)", "EventData.Prop_ContainerId": "{c8ba3767-041c-707a-48e3-b5e7fcfd8653}", "EventData.Prop_TaskCount": "4", "EventData.Prop_PropertyCount": "34", "EventData.Prop_WorkTime_MilliSeconds": "296"}
{"EventID": "112", "Channel": "Microsoft-Windows-DeviceSetupManager/Admin", "Provider_Name": "Microsoft-Windows-DeviceSetupManager", "Computer": "DESKTOP-OFJ6N53", "TimeCreated": "2025-08-14 10:24:03.594467+00:00", "RecordID": "57314", "Level": "4", "UserID": "S-1-5-18", "EventData.Prop_DeviceName": "VersaLink C8000 ( 1)", "EventData.Prop_ContainerId": "{9255c28b-421b-fd2a-4ca7-d7bac659c1bd}", "EventData.Prop_TaskCount": "4", "EventData.Prop_PropertyCount": "34", "EventData.Prop_WorkTime_MilliSeconds": "196"}
{"EventID": "101", "Channel": "Microsoft-Windows-DeviceSetupManager/Admin", "Provider_Name": "Microsoft-Windows-DeviceSetupManager", "Computer": "DESKTOP-OFJ6N53", "TimeCreated": "2025-08-14 10:24:48.588200+00:00", "RecordID": "57315", "Level": "4", "UserID": "S-1-5-18", "EventData.Prop_UpTime_Seconds": "70", "EventData.Prop_WorkTime_MilliSeconds": "5556"}
{"EventID": "100", "Channel": "Microsoft-Windows-DeviceSetupManager/Admin", "Provider_Name": "Microsoft-Windows-DeviceSetupManager", "Computer": "DESKTOP-OFJ6N53", "TimeCreated": "2025-08-14 12:30:18.379519+00:00", "RecordID": "57316", "Level": "4", "UserID": "S-1-5-18", "EventData.Prop_CoreServiceMode": "0", "EventData.Prop_Event_Window_Seconds": "7529"}
{"EventID": "112", "Channel": "Microsoft-Windows-DeviceSetupManager/Admin", "Provider_Name": "Microsoft-Windows-DeviceSetupManager", "Computer": "DESKTOP-OFJ6N53", "TimeCreated": "2025-08-14 12:30:23.103359+00:00", "RecordID": "57317", "Level": "4", "UserID": "S-1-5-18", "EventData.Prop_DeviceName": "Generic Non-PnP Monitor", "EventData.Prop_ContainerId": "{c8e1ade4-a979-4549-9569-0c88a5df22e3}", "EventData.Prop_TaskCount": "4", "EventData.Prop_PropertyCount": "42", "EventData.Prop_WorkTime_MilliSeconds": "2881"}
{"EventID": "112", "Channel": "Microsoft-Windows-DeviceSetupManager/Admin", "Provider_Name": "Microsoft-Windows-DeviceSetupManager", "Computer": "DESKTOP-OFJ6N53", "TimeCreated": "2025-08-14 12:30:28.686420+00:00", "RecordID": "57318", "Level": "4", "UserID": "S-1-5-18", "EventData.Prop_DeviceName": "DESKTOP-OFJ6N53", "EventData.Prop_ContainerId": "{00000000-0000-0000-ffff-ffffffffffff}", "EventData.Prop_TaskCount": "4", "EventData.Prop_PropertyCount": "40", "EventData.Prop_WorkTime_MilliSeconds": "9809"}
{"EventID": "101", "Channel": "Microsoft-Windows-DeviceSetupManager/Admin", "Provider_Name": "Microsoft-Windows-DeviceSetupManager", "Computer": "DESKTOP-OFJ6N53", "TimeCreated": "2025-08-14 12:31:13.733416+00:00", "RecordID": "57319", "Level": "4", "UserID": "S-1-5-18", "EventData.Prop_UpTime_Seconds": "55", "EventData.Prop_WorkTime_MilliSeconds": "10093"}
{"EventID": "100", "Channel": "Microsoft-Windows-DeviceSetupManager/Admin", "Provider_Name": "Microsoft-Windows-DeviceSetupManager", "Computer": "DESKTOP-OFJ6N53", "TimeCreated": "2025-08-14 13:44:07.347174+00:00", "RecordID": "57320", "Level": "4", "UserID": "S-1-5-18", "EventData.Prop_CoreServiceMode": "0", "EventData.Prop_Event_Window_Seconds": "4373"}
{"EventID": "112", "Channel": "Microsoft-Windows-DeviceSetupManager/Admin", "Provider_Name": "Microsoft-Windows-DeviceSetupManager", "Computer": "DESKTOP-OFJ6N53", "TimeCreated": "2025-08-14 13:44:08.819244+00:00", "RecordID": "57321", "Level": "4", "UserID": "S-1-5-18", "EventData.Prop_DeviceName": "Generic Non-PnP Monitor", "EventData.Prop_ContainerId": "{1c6b97df-1b4c-4a25-b077-a981ca34a77b}", "EventData.Prop_TaskCount": "4", "EventData.Prop_PropertyCount": "42", "EventData.Prop_WorkTime_MilliSeconds": "1059"}
{"EventID": "112", "Channel": "Microsoft-Windows-DeviceSetupManager/Admin", "Provider_Name": "Microsoft-Windows-DeviceSetupManager", "Computer": "DESKTOP-OFJ6N53", "TimeCreated": "2025-08-14 13:44:10.011848+00:00", "RecordID": "57322", "Level": "4", "UserID": "S-1-5-18", "EventData.Prop_DeviceName": "DESKTOP-OFJ6N53", "EventData.Prop_ContainerId": "{00000000-0000-0000-ffff-ffffffffffff}", "EventData.Prop_TaskCount": "4", "EventData.Prop_PropertyCount": "40", "EventData.Prop_WorkTime_MilliSeconds": "2404"}
{"EventID": "101", "Channel": "Microsoft-Windows-DeviceSetupManager/Admin", "Provider_Name": "Microsoft-Windows-DeviceSetupManager", "Computer": "DESKTOP-OFJ6N53", "TimeCreated": "2025-08-14 13:44:55.010033+00:00", "RecordID": "57323", "Level": "4", "UserID": "S-1-5-18", "EventData.Prop_UpTime_Seconds": "47", "EventData.Prop_WorkTime_MilliSeconds": "2435"}
{"EventID": "100", "Channel": "Microsoft-Windows-DeviceSetupManager/Admin", "Provider_Name": "Microsoft-Windows-DeviceSetupManager", "Computer": "DESKTOP-OFJ6N53", "TimeCreated": "2025-08-15 07:28:07.657120+00:00", "RecordID": "57324", "Level": "4", "UserID": "S-1-5-18", "EventData.Prop_CoreServiceMode": "0", "EventData.Prop_Event_Window_Seconds": "63792"}
{"EventID": "112", "Channel": "Microsoft-Windows-DeviceSetupManager/Admin", "Provider_Name": "Microsoft-Windows-DeviceSetupManager", "Computer": "DESKTOP-OFJ6N53", "TimeCreated": "2025-08-15 07:28:08.467583+00:00", "RecordID": "57325", "Level": "4", "UserID": "S-1-5-18", "EventData.Prop_DeviceName": "Generic Non-PnP Monitor", "EventData.Prop_ContainerId": "{46465409-98ad-44ff-bc67-7efbe870ecd7}", "EventData.Prop_TaskCount": "4", "EventData.Prop_PropertyCount": "42", "EventData.Prop_WorkTime_MilliSeconds": "443"}
{"EventID": "112", "Channel": "Microsoft-Windows-DeviceSetupManager/Admin", "Provider_Name": "Microsoft-Windows-DeviceSetupManager", "Computer": "DESKTOP-OFJ6N53", "TimeCreated": "2025-08-15 07:28:10.186787+00:00", "RecordID": "57326", "Level": "4", "UserID": "S-1-5-18", "EventData.Prop_DeviceName": "DESKTOP-OFJ6N53", "EventData.Prop_ContainerId": "{00000000-0000-0000-ffff-ffffffffffff}", "EventData.Prop_TaskCount": "4", "EventData.Prop_PropertyCount": "40", "EventData.Prop_WorkTime_MilliSeconds": "2427"}
{"EventID": "101", "Channel": "Microsoft-Windows-DeviceSetupManager/Admin", "Provider_Name": "Microsoft-Windows-DeviceSetupManager", "Computer": "DESKTOP-OFJ6N53", "TimeCreated": "2025-08-15 07:28:55.182203+00:00", "RecordID": "57327", "Level": "4", "UserID": "S-1-5-18", "EventData.Prop_UpTime_Seconds": "47", "EventData.Prop_WorkTime_MilliSeconds": "2489"}
{"EventID": "100", "Channel": "Microsoft-Windows-DeviceSetupManager/Admin", "Provider_Name": "Microsoft-Windows-DeviceSetupManager", "Computer": "DESKTOP-OFJ6N53", "TimeCreated": "2025-08-15 09:29:23.084795+00:00", "RecordID": "57328", "Level": "4", "UserID": "S-1-5-18", "EventData.Prop_CoreServiceMode": "0", "EventData.Prop_Event_Window_Seconds": "7227"}
{"EventID": "112", "Channel": "Microsoft-Windows-DeviceSetupManager/Admin", "Provider_Name": "Microsoft-Windows-DeviceSetupManager", "Computer": "DESKTOP-OFJ6N53", "TimeCreated": "2025-08-15 09:29:23.402744+00:00", "RecordID": "57329", "Level": "4", "UserID": "S-1-5-18", "EventData.Prop_DeviceName": "Generic Non-PnP Monitor", "EventData.Prop_ContainerId": "{7f7bdbfb-3550-4842-94ee-350aad492902}", "EventData.Prop_TaskCount": "4", "EventData.Prop_PropertyCount": "42", "EventData.Prop_WorkTime_MilliSeconds": "62"}
{"EventID": "112", "Channel": "Microsoft-Windows-DeviceSetupManager/Admin", "Provider_Name": "Microsoft-Windows-DeviceSetupManager", "Computer": "DESKTOP-OFJ6N53", "TimeCreated": "2025-08-15 09:29:24.027283+00:00", "RecordID": "57330", "Level": "4", "UserID": "S-1-5-18", "EventData.Prop_DeviceName": "DESKTOP-OFJ6N53", "EventData.Prop_ContainerId": "{00000000-0000-0000-ffff-ffffffffffff}", "EventData.Prop_TaskCount": "4", "EventData.Prop_PropertyCount": "40", "EventData.Prop_WorkTime_MilliSeconds": "910"}
{"EventID": "101", "Channel": "Microsoft-Windows-DeviceSetupManager/Admin", "Provider_Name": "Microsoft-Windows-DeviceSetupManager", "Computer": "DESKTOP-OFJ6N53", "TimeCreated": "2025-08-15 09:30:09.036823+00:00", "RecordID": "57331", "Level": "4", "UserID": "S-1-5-18", "EventData.Prop_UpTime_Seconds": "45", "EventData.Prop_WorkTime_MilliSeconds": "926"}
{"EventID": "100", "Channel": "Microsoft-Windows-DeviceSetupManager/Admin", "Provider_Name": "Microsoft-Windows-DeviceSetupManager", "Computer": "DESKTOP-OFJ6N53", "TimeCreated": "2025-08-15 09:33:02.870651+00:00", "RecordID": "57332", "Level": "4", "UserID": "S-1-5-18", "EventData.Prop_CoreServiceMode": "0", "EventData.Prop_Event_Window_Seconds": "173"}
{"EventID": "112", "Channel": "Microsoft-Windows-DeviceSetupManager/Admin", "Provider_Name": "Microsoft-Windows-DeviceSetupManager", "Computer": "DESKTOP-OFJ6N53", "TimeCreated": "2025-08-15 09:33:06.577002+00:00", "RecordID": "57333", "Level": "4", "UserID": "S-1-5-18", "EventData.Prop_DeviceName": "Generic Non-PnP Monitor", "EventData.Prop_ContainerId": "{df580041-622f-47a8-a71f-d4c32ae8ca51}", "EventData.Prop_TaskCount": "4", "EventData.Prop_PropertyCount": "42", "EventData.Prop_WorkTime_MilliSeconds": "1452"}
{"EventID": "112", "Channel": "Microsoft-Windows-DeviceSetupManager/Admin", "Provider_Name": "Microsoft-Windows-DeviceSetupManager", "Computer": "DESKTOP-OFJ6N53", "TimeCreated": "2025-08-15 09:33:15.777393+00:00", "RecordID": "57334", "Level": "4", "UserID": "S-1-5-18", "EventData.Prop_DeviceName": "DESKTOP-OFJ6N53", "EventData.Prop_ContainerId": "{00000000-0000-0000-ffff-ffffffffffff}", "EventData.Prop_TaskCount": "4", "EventData.Prop_PropertyCount": "40", "EventData.Prop_WorkTime_MilliSeconds": "12532"}
{"EventID": "101", "Channel": "Microsoft-Windows-DeviceSetupManager/Admin", "Provider_Name": "Microsoft-Windows-DeviceSetupManager", "Computer": "DESKTOP-OFJ6N53", "TimeCreated": "2025-08-15 09:34:00.771845+00:00", "RecordID": "57335", "Level": "4", "UserID": "S-1-5-18", "EventData.Prop_UpTime_Seconds": "57", "EventData.Prop_WorkTime_MilliSeconds": "12906"}
{"EventID": "100", "Channel": "Microsoft-Windows-DeviceSetupManager/Admin", "Provider_Name": "Microsoft-Windows-DeviceSetupManager", "Computer": "DESKTOP-OFJ6N53", "TimeCreated": "2025-08-15 13:05:35.896059+00:00", "RecordID": "57336", "Level": "4", "UserID": "S-1-5-18", "EventData.Prop_CoreServiceMode": "0", "EventData.Prop_Event_Window_Seconds": "12695"}
{"EventID": "112", "Channel": "Microsoft-Windows-DeviceSetupManager/Admin", "Provider_Name": "Microsoft-Windows-DeviceSetupManager", "Computer": "DESKTOP-OFJ6N53", "TimeCreated": "2025-08-15 13:05:36.219410+00:00", "RecordID": "57337", "Level": "4", "UserID": "S-1-5-18", "EventData.Prop_DeviceName": "Generic Non-PnP Monitor", "EventData.Prop_ContainerId": "{3bd31acd-1b7e-4ac8-967c-0bec08e4acd4}", "EventData.Prop_TaskCount": "4", "EventData.Prop_PropertyCount": "42", "EventData.Prop_WorkTime_MilliSeconds": "85"}
{"EventID": "112", "Channel": "Microsoft-Windows-DeviceSetupManager/Admin", "Provider_Name": "Microsoft-Windows-DeviceSetupManager", "Computer": "DESKTOP-OFJ6N53", "TimeCreated": "2025-08-15 13:05:36.930216+00:00", "RecordID": "57338", "Level": "4", "UserID": "S-1-5-18", "EventData.Prop_DeviceName": "DESKTOP-OFJ6N53", "EventData.Prop_ContainerId": "{00000000-0000-0000-ffff-ffffffffffff}", "EventData.Prop_TaskCount": "4", "EventData.Prop_PropertyCount": "40", "EventData.Prop_WorkTime_MilliSeconds": "996"}
{"EventID": "101", "Channel": "Microsoft-Windows-DeviceSetupManager/Admin", "Provider_Name": "Microsoft-Windows-DeviceSetupManager", "Computer": "DESKTOP-OFJ6N53", "TimeCreated": "2025-08-15 13:06:21.943336+00:00", "RecordID": "57339", "Level": "4", "UserID": "S-1-5-18", "EventData.Prop_UpTime_Seconds": "46", "EventData.Prop_WorkTime_MilliSeconds": "1020"}
{"EventID": "100", "Channel": "Microsoft-Windows-DeviceSetupManager/Admin", "Provider_Name": "Microsoft-Windows-DeviceSetupManager", "Computer": "DESKTOP-OFJ6N53", "TimeCreated": "2025-08-16 07:01:28.075979+00:00", "RecordID": "57340", "Level": "4", "UserID": "S-1-5-18", "EventData.Prop_CoreServiceMode": "0", "EventData.Prop_Event_Window_Seconds": "64506"}
{"EventID": "112", "Channel": "Microsoft-Windows-DeviceSetupManager/Admin", "Provider_Name": "Microsoft-Windows-DeviceSetupManager", "Computer": "DESKTOP-OFJ6N53", "TimeCreated": "2025-08-16 07:01:30.071745+00:00", "RecordID": "57341", "Level": "4", "UserID": "S-1-5-18", "EventData.Prop_DeviceName": "Generic Non-PnP Monitor", "EventData.Prop_ContainerId": "{3ede25f7-8c40-486a-8cb1-d61bd7bcadda}", "EventData.Prop_TaskCount": "4", "EventData.Prop_PropertyCount": "42", "EventData.Prop_WorkTime_MilliSeconds": "1186"}
{"EventID": "112", "Channel": "Microsoft-Windows-DeviceSetupManager/Admin", "Provider_Name": "Microsoft-Windows-DeviceSetupManager", "Computer": "DESKTOP-OFJ6N53", "TimeCreated": "2025-08-16 07:01:33.581945+00:00", "RecordID": "57342", "Level": "4", "UserID": "S-1-5-18", "EventData.Prop_DeviceName": "DESKTOP-OFJ6N53", "EventData.Prop_ContainerId": "{00000000-0000-0000-ffff-ffffffffffff}", "EventData.Prop_TaskCount": "4", "EventData.Prop_PropertyCount": "40", "EventData.Prop_WorkTime_MilliSeconds": "5280"}
{"EventID": "101", "Channel": "Microsoft-Windows-DeviceSetupManager/Admin", "Provider_Name": "Microsoft-Windows-DeviceSetupManager", "Computer": "DESKTOP-OFJ6N53", "TimeCreated": "2025-08-16 07:02:18.568567+00:00", "RecordID": "57343", "Level": "4", "UserID": "S-1-5-18", "EventData.Prop_UpTime_Seconds": "50", "EventData.Prop_WorkTime_MilliSeconds": "5327"}
{"EventID": "100", "Channel": "Microsoft-Windows-DeviceSetupManager/Admin", "Provider_Name": "Microsoft-Windows-DeviceSetupManager", "Computer": "DESKTOP-OFJ6N53", "TimeCreated": "2025-08-18 07:20:08.898848+00:00", "RecordID": "57344", "Level": "4", "UserID": "S-1-5-18", "EventData.Prop_CoreServiceMode": "0", "EventData.Prop_Event_Window_Seconds": "173870"}
{"EventID": "112", "Channel": "Microsoft-Windows-DeviceSetupManager/Admin", "Provider_Name": "Microsoft-Windows-DeviceSetupManager", "Computer": "DESKTOP-OFJ6N53", "TimeCreated": "2025-08-18 07:20:10.019899+00:00", "RecordID": "57345", "Level": "4", "UserID": "S-1-5-18", "EventData.Prop_DeviceName": "Generic Non-PnP Monitor", "EventData.Prop_ContainerId": "{24acc3c7-31cf-4ca4-8086-98a8f5282bd4}", "EventData.Prop_TaskCount": "4", "EventData.Prop_PropertyCount": "42", "EventData.Prop_WorkTime_MilliSeconds": "793"}
{"EventID": "112", "Channel": "Microsoft-Windows-DeviceSetupManager/Admin", "Provider_Name": "Microsoft-Windows-DeviceSetupManager", "Computer": "DESKTOP-OFJ6N53", "TimeCreated": "2025-08-18 07:20:14.149130+00:00", "RecordID": "57346", "Level": "4", "UserID": "S-1-5-18", "EventData.Prop_DeviceName": "DESKTOP-OFJ6N53", "EventData.Prop_ContainerId": "{00000000-0000-0000-ffff-ffffffffffff}", "EventData.Prop_TaskCount": "4", "EventData.Prop_PropertyCount": "40", "EventData.Prop_WorkTime_MilliSeconds": "4976"}
{"EventID": "101", "Channel": "Microsoft-Windows-DeviceSetupManager/Admin", "Provider_Name": "Microsoft-Windows-DeviceSetupManager", "Computer": "DESKTOP-OFJ6N53", "TimeCreated": "2025-08-18 07:20:59.146711+00:00", "RecordID": "57347", "Level": "4", "UserID": "S-1-5-18", "EventData.Prop_UpTime_Seconds": "50", "EventData.Prop_WorkTime_MilliSeconds": "5012"}
{"EventID": "100", "Channel": "Microsoft-Windows-DeviceSetupManager/Admin", "Provider_Name": "Microsoft-Windows-DeviceSetupManager", "Computer": "DESKTOP-OFJ6N53", "TimeCreated": "2025-08-18 08:58:17.000647+00:00", "RecordID": "57348", "Level": "4", "UserID": "S-1-5-18", "EventData.Prop_CoreServiceMode": "0", "EventData.Prop_Event_Window_Seconds": "5837"}
{"EventID": "112", "Channel": "Microsoft-Windows-DeviceSetupManager/Admin", "Provider_Name": "Microsoft-Windows-DeviceSetupManager", "Computer": "DESKTOP-OFJ6N53", "TimeCreated": "2025-08-18 08:58:17.385155+00:00", "RecordID": "57349", "Level": "4", "UserID": "S-1-5-18", "EventData.Prop_DeviceName": "Microsoft Remote Display Adapter", "EventData.Prop_ContainerId": "{416aced6-c18f-11ed-a704-005056b2ba71}", "EventData.Prop_TaskCount": "1", "EventData.Prop_PropertyCount": "34", "EventData.Prop_WorkTime_MilliSeconds": "62"}
{"EventID": "112", "Channel": "Microsoft-Windows-DeviceSetupManager/Admin", "Provider_Name": "Microsoft-Windows-DeviceSetupManager", "Computer": "DESKTOP-OFJ6N53", "TimeCreated": "2025-08-18 08:58:17.394260+00:00", "RecordID": "57350", "Level": "4", "UserID": "S-1-5-18", "EventData.Prop_DeviceName": "WorkCentre 6515 ( 1)", "EventData.Prop_ContainerId": "{2d6e5614-e9f3-ebaa-2422-9384a6c97483}", "EventData.Prop_TaskCount": "1", "EventData.Prop_PropertyCount": "34", "EventData.Prop_WorkTime_MilliSeconds": "62"}
{"EventID": "112", "Channel": "Microsoft-Windows-DeviceSetupManager/Admin", "Provider_Name": "Microsoft-Windows-DeviceSetupManager", "Computer": "DESKTOP-OFJ6N53", "TimeCreated": "2025-08-18 08:58:17.397173+00:00", "RecordID": "57351", "Level": "4", "UserID": "S-1-5-18", "EventData.Prop_DeviceName": "OneNote for Windows 10 ( 1)", "EventData.Prop_ContainerId": "{c641391b-f276-0e02-33ff-f4a08f4af52e}", "EventData.Prop_TaskCount": "1", "EventData.Prop_PropertyCount": "34", "EventData.Prop_WorkTime_MilliSeconds": "62"}
{"EventID": "112", "Channel": "Microsoft-Windows-DeviceSetupManager/Admin", "Provider_Name": "Microsoft-Windows-DeviceSetupManager", "Computer": "DESKTOP-OFJ6N53", "TimeCreated": "2025-08-18 08:58:17.399687+00:00", "RecordID": "57352", "Level": "4", "UserID": "S-1-5-18", "EventData.Prop_DeviceName": "Generic Non-PnP Monitor", "EventData.Prop_ContainerId": "{24acc3c7-31cf-4ca4-8086-98a8f5282bd4}", "EventData.Prop_TaskCount": "1", "EventData.Prop_PropertyCount": "34", "EventData.Prop_WorkTime_MilliSeconds": "78"}
{"EventID": "112", "Channel": "Microsoft-Windows-DeviceSetupManager/Admin", "Provider_Name": "Microsoft-Windows-DeviceSetupManager", "Computer": "DESKTOP-OFJ6N53", "TimeCreated": "2025-08-18 08:58:17.444233+00:00", "RecordID": "57353", "Level": "4", "UserID": "S-1-5-18", "EventData.Prop_DeviceName": "Microsoft Remote Display Adapter", "EventData.Prop_ContainerId": "{ca5fc42d-bb36-11ec-a6c4-005056b2ba71}", "EventData.Prop_TaskCount": "1", "EventData.Prop_PropertyCount": "34", "EventData.Prop_WorkTime_MilliSeconds": "31"}
{"EventID": "112", "Channel": "Microsoft-Windows-DeviceSetupManager/Admin", "Provider_Name": "Microsoft-Windows-DeviceSetupManager", "Computer": "DESKTOP-OFJ6N53", "TimeCreated": "2025-08-18 08:58:17.448347+00:00", "RecordID": "57354", "Level": "4", "UserID": "S-1-5-18", "EventData.Prop_DeviceName": "VersaLink C8000 ( 1)", "EventData.Prop_ContainerId": "{9255c28b-421b-fd2a-4ca7-d7bac659c1bd}", "EventData.Prop_TaskCount": "1", "EventData.Prop_PropertyCount": "34", "EventData.Prop_WorkTime_MilliSeconds": "46"}
{"EventID": "112", "Channel": "Microsoft-Windows-DeviceSetupManager/Admin", "Provider_Name": "Microsoft-Windows-DeviceSetupManager", "Computer": "DESKTOP-OFJ6N53", "TimeCreated": "2025-08-18 08:58:17.560656+00:00", "RecordID": "57355", "Level": "4", "UserID": "S-1-5-18", "EventData.Prop_DeviceName": "Generic Non-PnP Monitor", "EventData.Prop_ContainerId": "{a06927dd-461e-49bc-b198-77d610162466}", "EventData.Prop_TaskCount": "1", "EventData.Prop_PropertyCount": "34", "EventData.Prop_WorkTime_MilliSeconds": "109"}
{"EventID": "112", "Channel": "Microsoft-Windows-DeviceSetupManager/Admin", "Provider_Name": "Microsoft-Windows-DeviceSetupManager", "Computer": "DESKTOP-OFJ6N53", "TimeCreated": "2025-08-18 08:58:17.585089+00:00", "RecordID": "57356", "Level": "4", "UserID": "S-1-5-18", "EventData.Prop_DeviceName": "Intel(R) 82574L Gigabit Network Connection", "EventData.Prop_ContainerId": "{2572a948-954b-11ec-a6b8-806e6f6e6963}", "EventData.Prop_TaskCount": "1", "EventData.Prop_PropertyCount": "34", "EventData.Prop_WorkTime_MilliSeconds": "187"}
{"EventID": "112", "Channel": "Microsoft-Windows-DeviceSetupManager/Admin", "Provider_Name": "Microsoft-Windows-DeviceSetupManager", "Computer": "DESKTOP-OFJ6N53", "TimeCreated": "2025-08-18 08:58:17.587494+00:00", "RecordID": "57357", "Level": "4", "UserID": "S-1-5-18", "EventData.Prop_DeviceName": "Fax", "EventData.Prop_ContainerId": "{ca0e9e80-3e97-fcac-730a-8cb080fa2581}", "EventData.Prop_TaskCount": "1", "EventData.Prop_PropertyCount": "34", "EventData.Prop_WorkTime_MilliSeconds": "140"}
{"EventID": "112", "Channel": "Microsoft-Windows-DeviceSetupManager/Admin", "Provider_Name": "Microsoft-Windows-DeviceSetupManager", "Computer": "DESKTOP-OFJ6N53", "TimeCreated": "2025-08-18 08:58:17.590055+00:00", "RecordID": "57358", "Level": "4", "UserID": "S-1-5-18", "EventData.Prop_DeviceName": "Citrix Indirect Display Adapter", "EventData.Prop_ContainerId": "{b01cb9b2-9e9c-11ec-a6bd-00059a3c7a00}", "EventData.Prop_TaskCount": "1", "EventData.Prop_PropertyCount": "34", "EventData.Prop_WorkTime_MilliSeconds": "187"}
{"EventID": "112", "Channel": "Microsoft-Windows-DeviceSetupManager/Admin", "Provider_Name": "Microsoft-Windows-DeviceSetupManager", "Computer": "DESKTOP-OFJ6N53", "TimeCreated": "2025-08-18 08:58:17.593658+00:00", "RecordID": "57359", "Level": "4", "UserID": "S-1-5-18", "EventData.Prop_DeviceName": "HP Color LaserJet Pro M479 PCL 6 (V3) ( 1)", "EventData.Prop_ContainerId": "{54f0286c-ea13-0b79-04ac-ed9e98fb1596}", "EventData.Prop_TaskCount": "1", "EventData.Prop_PropertyCount": "34", "EventData.Prop_WorkTime_MilliSeconds": "31"}
{"EventID": "112", "Channel": "Microsoft-Windows-DeviceSetupManager/Admin", "Provider_Name": "Microsoft-Windows-DeviceSetupManager", "Computer": "DESKTOP-OFJ6N53", "TimeCreated": "2025-08-18 08:58:17.700216+00:00", "RecordID": "57360", "Level": "4", "UserID": "S-1-5-18", "EventData.Prop_DeviceName": "Generic Non-PnP Monitor", "EventData.Prop_ContainerId": "{9927591f-974f-49f8-8946-03aff26d2e36}", "EventData.Prop_TaskCount": "1", "EventData.Prop_PropertyCount": "34", "EventData.Prop_WorkTime_MilliSeconds": "109"}
{"EventID": "112", "Channel": "Microsoft-Windows-DeviceSetupManager/Admin", "Provider_Name": "Microsoft-Windows-DeviceSetupManager", "Computer": "DESKTOP-OFJ6N53", "TimeCreated": "2025-08-18 08:58:17.704954+00:00", "RecordID": "57361", "Level": "4", "UserID": "S-1-5-18", "EventData.Prop_DeviceName": "Generic Non-PnP Monitor", "EventData.Prop_ContainerId": "{a4fcf609-dace-4283-9e62-1d87d537b871}", "EventData.Prop_TaskCount": "1", "EventData.Prop_PropertyCount": "34", "EventData.Prop_WorkTime_MilliSeconds": "109"}
{"EventID": "112", "Channel": "Microsoft-Windows-DeviceSetupManager/Admin", "Provider_Name": "Microsoft-Windows-DeviceSetupManager", "Computer": "DESKTOP-OFJ6N53", "TimeCreated": "2025-08-18 08:58:17.707689+00:00", "RecordID": "57362", "Level": "4", "UserID": "S-1-5-18", "EventData.Prop_DeviceName": "Microsoft XPS Document Writer", "EventData.Prop_ContainerId": "{0a568158-2954-f19c-89f3-03acaee1f85e}", "EventData.Prop_TaskCount": "1", "EventData.Prop_PropertyCount": "34", "EventData.Prop_WorkTime_MilliSeconds": "109"}
{"EventID": "112", "Channel": "Microsoft-Windows-DeviceSetupManager/Admin", "Provider_Name": "Microsoft-Windows-DeviceSetupManager", "Computer": "DESKTOP-OFJ6N53", "TimeCreated": "2025-08-18 08:58:17.743471+00:00", "RecordID": "57363", "Level": "4", "UserID": "S-1-5-18", "EventData.Prop_DeviceName": "VMware Virtual USB Hub", "EventData.Prop_ContainerId": "{eb3e824a-9b15-11ec-a6bd-00059a3c7a00}", "EventData.Prop_TaskCount": "1", "EventData.Prop_PropertyCount": "34", "EventData.Prop_WorkTime_MilliSeconds": "46"}
{"EventID": "112", "Channel": "Microsoft-Windows-DeviceSetupManager/Admin", "Provider_Name": "Microsoft-Windows-DeviceSetupManager", "Computer": "DESKTOP-OFJ6N53", "TimeCreated": "2025-08-18 08:58:17.747519+00:00", "RecordID": "57364", "Level": "4", "UserID": "S-1-5-18", "EventData.Prop_DeviceName": "Fax ( 1)", "EventData.Prop_ContainerId": "{c2afb711-e01d-b859-69ee-8dfdb945ebf1}", "EventData.Prop_TaskCount": "1", "EventData.Prop_PropertyCount": "34", "EventData.Prop_WorkTime_MilliSeconds": "46"}
{"EventID": "112", "Channel": "Microsoft-Windows-DeviceSetupManager/Admin", "Provider_Name": "Microsoft-Windows-DeviceSetupManager", "Computer": "DESKTOP-OFJ6N53", "TimeCreated": "2025-08-18 08:58:17.752008+00:00", "RecordID": "57365", "Level": "4", "UserID": "S-1-5-18", "EventData.Prop_DeviceName": "VMware Virtual USB Mouse", "EventData.Prop_ContainerId": "{2572a968-954b-11ec-a6b8-806e6f6e6963}", "EventData.Prop_TaskCount": "1", "EventData.Prop_PropertyCount": "34", "EventData.Prop_WorkTime_MilliSeconds": "156"}
{"EventID": "112", "Channel": "Microsoft-Windows-DeviceSetupManager/Admin", "Provider_Name": "Microsoft-Windows-DeviceSetupManager", "Computer": "DESKTOP-OFJ6N53", "TimeCreated": "2025-08-18 08:58:17.786320+00:00", "RecordID": "57366", "Level": "4", "UserID": "S-1-5-18", "EventData.Prop_DeviceName": "Microsoft Remote Display Adapter", "EventData.Prop_ContainerId": "{2bd7b41b-a47f-11ec-a6c3-005056b2ba71}", "EventData.Prop_TaskCount": "1", "EventData.Prop_PropertyCount": "34", "EventData.Prop_WorkTime_MilliSeconds": "31"}
{"EventID": "112", "Channel": "Microsoft-Windows-DeviceSetupManager/Admin", "Provider_Name": "Microsoft-Windows-DeviceSetupManager", "Computer": "DESKTOP-OFJ6N53", "TimeCreated": "2025-08-18 08:58:17.802046+00:00", "RecordID": "57367", "Level": "4", "UserID": "S-1-5-18", "EventData.Prop_DeviceName": "  OneNote 16 ( 1)", "EventData.Prop_ContainerId": "{f12ed10b-de75-2c0c-5fa7-c264a3b6cb55}", "EventData.Prop_TaskCount": "1", "EventData.Prop_PropertyCount": "34", "EventData.Prop_WorkTime_MilliSeconds": "46"}
{"EventID": "112", "Channel": "Microsoft-Windows-DeviceSetupManager/Admin", "Provider_Name": "Microsoft-Windows-DeviceSetupManager", "Computer": "DESKTOP-OFJ6N53", "TimeCreated": "2025-08-18 08:58:17.804602+00:00", "RecordID": "57368", "Level": "4", "UserID": "S-1-5-18", "EventData.Prop_DeviceName": "HP Color LaserJet Pro M479 PCL 6 (V3) ( 1)", "EventData.Prop_ContainerId": "{9fdb06ae-3c11-c5c2-6f79-b527957711b5}", "EventData.Prop_TaskCount": "1", "EventData.Prop_PropertyCount": "34", "EventData.Prop_WorkTime_MilliSeconds": "46"}
{"EventID": "112", "Channel": "Microsoft-Windows-DeviceSetupManager/Admin", "Provider_Name": "Microsoft-Windows-DeviceSetupManager", "Computer": "DESKTOP-OFJ6N53", "TimeCreated": "2025-08-18 08:58:17.809250+00:00", "RecordID": "57369", "Level": "4", "UserID": "S-1-5-18", "EventData.Prop_DeviceName": "VMware Virtual disk SCSI Disk Device", "EventData.Prop_ContainerId": "{2572a954-954b-11ec-a6b8-806e6f6e6963}", "EventData.Prop_TaskCount": "1", "EventData.Prop_PropertyCount": "34", "EventData.Prop_WorkTime_MilliSeconds": "109"}
{"EventID": "112", "Channel": "Microsoft-Windows-DeviceSetupManager/Admin", "Provider_Name": "Microsoft-Windows-DeviceSetupManager", "Computer": "DESKTOP-OFJ6N53", "TimeCreated": "2025-08-18 08:58:17.814621+00:00", "RecordID": "57370", "Level": "4", "UserID": "S-1-5-18", "EventData.Prop_DeviceName": "Microsoft Print to PDF ( 1)", "EventData.Prop_ContainerId": "{c8ba3767-041c-707a-48e3-b5e7fcfd8653}", "EventData.Prop_TaskCount": "1", "EventData.Prop_PropertyCount": "34", "EventData.Prop_WorkTime_MilliSeconds": "31"}
{"EventID": "112", "Channel": "Microsoft-Windows-DeviceSetupManager/Admin", "Provider_Name": "Microsoft-Windows-DeviceSetupManager", "Computer": "DESKTOP-OFJ6N53", "TimeCreated": "2025-08-18 08:58:17.850267+00:00", "RecordID": "57371", "Level": "4", "UserID": "S-1-5-18", "EventData.Prop_DeviceName": "VMware Virtual USB Hub", "EventData.Prop_ContainerId": "{eb3e8249-9b15-11ec-a6bd-00059a3c7a00}", "EventData.Prop_TaskCount": "1", "EventData.Prop_PropertyCount": "34", "EventData.Prop_WorkTime_MilliSeconds": "31"}
{"EventID": "112", "Channel": "Microsoft-Windows-DeviceSetupManager/Admin", "Provider_Name": "Microsoft-Windows-DeviceSetupManager", "Computer": "DESKTOP-OFJ6N53", "TimeCreated": "2025-08-18 08:58:17.853384+00:00", "RecordID": "57372", "Level": "4", "UserID": "S-1-5-18", "EventData.Prop_DeviceName": "VersaLink C8000 ( 1)", "EventData.Prop_ContainerId": "{82cdf178-f779-8038-0f43-fd11768b89e3}", "EventData.Prop_TaskCount": "1", "EventData.Prop_PropertyCount": "34", "EventData.Prop_WorkTime_MilliSeconds": "46"}
{"EventID": "112", "Channel": "Microsoft-Windows-DeviceSetupManager/Admin", "Provider_Name": "Microsoft-Windows-DeviceSetupManager", "Computer": "DESKTOP-OFJ6N53", "TimeCreated": "2025-08-18 08:58:17.855412+00:00", "RecordID": "57373", "Level": "4", "UserID": "S-1-5-18", "EventData.Prop_DeviceName": "USB Root Hub (USB 3.0)", "EventData.Prop_ContainerId": "{2572a949-954b-11ec-a6b8-806e6f6e6963}", "EventData.Prop_TaskCount": "1", "EventData.Prop_PropertyCount": "34", "EventData.Prop_WorkTime_MilliSeconds": "46"}
{"EventID": "112", "Channel": "Microsoft-Windows-DeviceSetupManager/Admin", "Provider_Name": "Microsoft-Windows-DeviceSetupManager", "Computer": "DESKTOP-OFJ6N53", "TimeCreated": "2025-08-18 08:58:17.857698+00:00", "RecordID": "57374", "Level": "4", "UserID": "S-1-5-18", "EventData.Prop_DeviceName": "Generic Non-PnP Monitor", "EventData.Prop_ContainerId": "{298580e3-e0e9-5b21-9699-52225753ef2e}", "EventData.Prop_TaskCount": "1", "EventData.Prop_PropertyCount": "34", "EventData.Prop_WorkTime_MilliSeconds": "46"}
{"EventID": "112", "Channel": "Microsoft-Windows-DeviceSetupManager/Admin", "Provider_Name": "Microsoft-Windows-DeviceSetupManager", "Computer": "DESKTOP-OFJ6N53", "TimeCreated": "2025-08-18 08:58:17.898064+00:00", "RecordID": "57375", "Level": "4", "UserID": "S-1-5-18", "EventData.Prop_DeviceName": "Microsoft Remote Display Adapter", "EventData.Prop_ContainerId": "{4df4d30c-95ba-11ec-a6bc-00059a3c7a00}", "EventData.Prop_TaskCount": "1", "EventData.Prop_PropertyCount": "34", "EventData.Prop_WorkTime_MilliSeconds": "31"}
{"EventID": "112", "Channel": "Microsoft-Windows-DeviceSetupManager/Admin", "Provider_Name": "Microsoft-Windows-DeviceSetupManager", "Computer": "DESKTOP-OFJ6N53", "TimeCreated": "2025-08-18 08:58:17.899876+00:00", "RecordID": "57376", "Level": "4", "UserID": "S-1-5-18", "EventData.Prop_DeviceName": "SAS Controller", "EventData.Prop_ContainerId": "{2572a947-954b-11ec-a6b8-806e6f6e6963}", "EventData.Prop_TaskCount": "1", "EventData.Prop_PropertyCount": "34", "EventData.Prop_WorkTime_MilliSeconds": "46"}
{"EventID": "112", "Channel": "Microsoft-Windows-DeviceSetupManager/Admin", "Provider_Name": "Microsoft-Windows-DeviceSetupManager", "Computer": "DESKTOP-OFJ6N53", "TimeCreated": "2025-08-18 08:58:17.902325+00:00", "RecordID": "57377", "Level": "4", "UserID": "S-1-5-18", "EventData.Prop_DeviceName": "OneNote for Windows 10 ( 1)", "EventData.Prop_ContainerId": "{ecc1e499-5efd-039d-5887-23c2bd87e9a7}", "EventData.Prop_TaskCount": "1", "EventData.Prop_PropertyCount": "34", "EventData.Prop_WorkTime_MilliSeconds": "46"}
{"EventID": "112", "Channel": "Microsoft-Windows-DeviceSetupManager/Admin", "Provider_Name": "Microsoft-Windows-DeviceSetupManager", "Computer": "DESKTOP-OFJ6N53", "TimeCreated": "2025-08-18 08:58:17.904362+00:00", "RecordID": "57378", "Level": "4", "UserID": "S-1-5-18", "EventData.Prop_DeviceName": "OneNote for Windows 10", "EventData.Prop_ContainerId": "{638a814a-9ab2-8042-7ec4-097e2614e753}", "EventData.Prop_TaskCount": "1", "EventData.Prop_PropertyCount": "34", "EventData.Prop_WorkTime_MilliSeconds": "46"}
{"EventID": "112", "Channel": "Microsoft-Windows-DeviceSetupManager/Admin", "Provider_Name": "Microsoft-Windows-DeviceSetupManager", "Computer": "DESKTOP-OFJ6N53", "TimeCreated": "2025-08-18 08:58:17.926247+00:00", "RecordID": "57379", "Level": "4", "UserID": "S-1-5-18", "EventData.Prop_DeviceName": "  OneNote 16 ( 1)", "EventData.Prop_ContainerId": "{0ea7a9c2-bd5b-fe07-6cb9-6c68a22d0237}", "EventData.Prop_TaskCount": "1", "EventData.Prop_PropertyCount": "34", "EventData.Prop_WorkTime_MilliSeconds": "15"}
{"EventID": "112", "Channel": "Microsoft-Windows-DeviceSetupManager/Admin", "Provider_Name": "Microsoft-Windows-DeviceSetupManager", "Computer": "DESKTOP-OFJ6N53", "TimeCreated": "2025-08-18 08:58:17.953947+00:00", "RecordID": "57380", "Level": "4", "UserID": "S-1-5-18", "EventData.Prop_DeviceName": "Microsoft Print to PDF", "EventData.Prop_ContainerId": "{d397268a-724c-b4ef-d641-c9234ba2948b}", "EventData.Prop_TaskCount": "1", "EventData.Prop_PropertyCount": "34", "EventData.Prop_WorkTime_MilliSeconds": "46"}
