{"EventID": "400", "Channel": "Microsoft-Windows-AppXDeploymentServer/Operational", "Provider_Name": "Microsoft-Windows-AppXDeployment-Server", "Computer": "DESKTOP-OFJ6N53", "TimeCreated": "2025-07-21 18:28:18.551968+00:00", "RecordID": "113969", "Level": "4", "UserID": "S-1-5-18", "EventData.DeploymentOperation": "4", "EventData.PackageFullName": "Microsoft.Windows.Photos_2025.11070.8001.0_neutral_~_8wekyb3d8bbwe", "EventData.Path": "(50704104df998eed3339b8013b9e0ce5939e6f3b)", "EventData.MountPoint": "C:", "EventData.TargetPlatform": "0x00000003", "EventData.SystemVolume": "True", "EventData.StorageId": "\\\\?\\Volume{c33a8663-71a2-4031-8cec-c21914fe12ad}", "EventData.IsCentennial": "False", "EventData.PackageType": "0x00000008", "EventData.IsPackageEncrypted": "False", "EventData.DeploymentOptions": "0x0040008004000010", "EventData.IsStreamingPackage": "False", "EventData.IsInRelatedSet": "False", "EventData.IsPackageUsingBDC": "False", "EventData.MainPackageFamilyName": "NULL", "EventData.CallingProcess": "svchost.exe,wuauserv", "EventData.IsOptional": "False", "EventData.PackageFlags": "0x00000000", "EventData.PackageFlags2": "0x00000800", "EventData.HasWin32alacarte": "False", "EventData.HasFullTrust": "False", "EventData.ExternalLocation": null, "EventData.PackageSourceUri": "x-windowsupdate://FA8D917E-1F1E-4865-AFBD-2648A70662FE/454A759B-FF5B-4A79-80D3-1CF15EBA0908/50704104df998eed3339b8013b9e0ce5939e6f3b"}
{"EventID": "478", "Channel": "Microsoft-Windows-AppXDeploymentServer/Operational", "Provider_Name": "Microsoft-Windows-AppXDeployment-Server", "Computer": "DESKTOP-OFJ6N53", "TimeCreated": "2025-07-21 18:28:18.552082+00:00", "RecordID": "113970", "Level": "5", "UserID": "S-1-5-18", "EventData.DeploymentOperation": "4", "EventData.PackageFullName": "Microsoft.Windows.Photos_2025.11070.8001.0_x64__8wekyb3d8bbwe", "EventData.Path": "(50704104df998eed3339b8013b9e0ce5939e6f3b)", "EventData.MountPoint": "C:", "EventData.TargetPlatform": "0x00000003", "EventData.SystemVolume": "True", "EventData.StorageId": "\\\\?\\Volume{c33a8663-71a2-4031-8cec-c21914fe12ad}", "EventData.IsCentennial": "True", "EventData.PackageType": "0x00000001", "EventData.IsPackageEncrypted": "False", "EventData.DeploymentOptions": "0x0040008004000010", "EventData.IsStreamingPackage": "False", "EventData.IsInRelatedSet": "False", "EventData.IsPackageUsingBDC": "False", "EventData.MainPackageFamilyName": "NULL", "EventData.CallingProcess": "svchost.exe,wuauserv", "EventData.IsOptional": "False", "EventData.PackageFlags": "0x0080004c", "EventData.PackageFlags2": "0x00000800", "EventData.HasWin32alacarte": "False", "EventData.HasFullTrust": "True", "EventData.ExternalLocation": null, "EventData.PackageSourceUri": "x-windowsupdate://FA8D917E-1F1E-4865-AFBD-2648A70662FE/454A759B-FF5B-4A79-80D3-1CF15EBA0908/50704104df998eed3339b8013b9e0ce5939e6f3b"}
{"EventID": "649", "Channel": "Microsoft-Windows-AppXDeploymentServer/Operational", "Provider_Name": "Microsoft-Windows-AppXDeployment-Server", "Computer": "DESKTOP-OFJ6N53", "TimeCreated": "2025-07-21 18:28:18.577351+00:00", "RecordID": "113971", "Level": "4", "UserID": "S-1-5-18", "EventData.DeploymentOperation": "4", "EventData.PackageFullName": "Microsoft.Windows.Photos_2025.11070.8001.0_neutral_~_8wekyb3d8bbwe", "EventData.Summary": "PostDeploymentOperationCheck cost: 0 ms"}
{"EventID": "613", "Channel": "Microsoft-Windows-AppXDeploymentServer/Operational", "Provider_Name": "Microsoft-Windows-AppXDeployment-Server", "Computer": "DESKTOP-OFJ6N53", "TimeCreated": "2025-07-21 18:28:18.602503+00:00", "RecordID": "113972", "Level": "4", "UserID": "S-1-5-18", "EventData.DeploymentOperation": "4", "EventData.PackageFullName": "Microsoft.Windows.Photos_2025.11070.8001.0_neutral_~_8wekyb3d8bbwe", "EventData.Summary": "Overall time: 34390 ms\nEnqueue cost: 1734 ms\nDequeue delay: 0 ms\nGap: 16 ms\nBundle processing cost: 1031 ms\nGap: 16 ms\nIndexing cost: 2078 ms\nResolve dependency cost: 0 ms\nGap: 15 ms\nCheck approval cost: 16 ms\nEvaluation cost: 2781 ms\nHardlinking evaluation cost: 265 ms\nStage required cost: 23610 ms\nFlushing and closing files cost: 125 ms\nGap: 218 ms\nMachine register cost: 391 ms\nStage user data cost: 0 ms\nRegistration cost: 0 ms\nGap: 16 ms\nRepository commit transaction cost: 2406 ms\nGap: 31 ms\nData flush cost: 0 ms\nPost DeStage repository commit transaction cost: 0 ms\nRemaining cost: 31 ms"}
{"EventID": "603", "Channel": "Microsoft-Windows-AppXDeploymentServer/Operational", "Provider_Name": "Microsoft-Windows-AppXDeployment-Server", "Computer": "DESKTOP-OFJ6N53", "TimeCreated": "2025-07-21 18:28:22.937923+00:00", "RecordID": "113973", "Level": "4", "UserID": "S-1-5-21-963789628-1060504924-4285088085-1001", "EventData.DeploymentOperation": "20", "EventData.Path": "Microsoft.Windows.Photos_8wekyb3d8bbwe", "EventData.Flags": "67127296", "EventData.FlagsHigh": "262144", "EventData.CallingProcess": "svchost.exe,wuauserv", "EventData.ExternalLocation": null}
{"EventID": "10002", "Channel": "Microsoft-Windows-AppXDeploymentServer/Operational", "Provider_Name": "Microsoft-Windows-AppXDeployment-Server", "Computer": "DESKTOP-OFJ6N53", "TimeCreated": "2025-07-21 18:28:22.959013+00:00", "RecordID": "113974", "Level": "5", "UserID": "S-1-5-18", "EventData.DeploymentOperation": "6", "EventData.MainPackageMoniker": "Microsoft.Windows.Photos_2025.11070.8001.0_neutral_~_8wekyb3d8bbwe", "EventData.ResiliencyFilePath": "C:\\ProgramData\\Microsoft\\Windows\\AppRepository\\53d2cf1b-cc39-4526-a0d8-46d3249df10d_S-1-5-21-963789628-1060504924-4285088085-1001_2.rslc"}
{"EventID": "607", "Channel": "Microsoft-Windows-AppXDeploymentServer/Operational", "Provider_Name": "Microsoft-Windows-AppXDeployment-Server", "Computer": "DESKTOP-OFJ6N53", "TimeCreated": "2025-07-21 18:28:22.959759+00:00", "RecordID": "113975", "Level": "4", "UserID": "S-1-5-21-963789628-1060504924-4285088085-1001", "EventData.DeploymentOperation": "6", "EventData.PackageFullName": "Microsoft.Windows.Photos_2025.11070.8001.0_neutral_~_8wekyb3d8bbwe", "EventData.UserSid": "S-1-5-21-963789628-1060504924-4285088085-1001", "EventData.CallingProcess": "svchost.exe,wuauserv"}
{"EventID": "614", "Channel": "Microsoft-Windows-AppXDeploymentServer/Operational", "Provider_Name": "Microsoft-Windows-AppXDeployment-Server", "Computer": "DESKTOP-OFJ6N53", "TimeCreated": "2025-07-21 18:28:22.961975+00:00", "RecordID": "113976", "Level": "5", "UserID": "S-1-5-21-963789628-1060504924-4285088085-1001", "EventData.PathOne": "C:\\Program Files\\WindowsApps\\Microsoft.Windows.Photos_2025.11070.8001.0_neutral_~_8wekyb3d8bbwe\\AppxMetadata\\AppxBundleManifest.xml", "EventData.PathTwo": "\"Photos.App_2025.11070.8001.0_x64.msix\": Microsoft.Windows.Photos_2025.11070.8001.0_x64__8wekyb3d8bbwe \"Photos.App_2025.11070.8001.0_arm64.msix\": Microsoft.Windows.Photos_2025.11070.8001.0_arm64__8wekyb3d8bbwe"}
{"EventID": "854", "Channel": "Microsoft-Windows-AppXDeploymentServer/Operational", "Provider_Name": "Microsoft-Windows-AppXDeployment-Server", "Computer": "DESKTOP-OFJ6N53", "TimeCreated": "2025-07-21 18:28:22.965328+00:00", "RecordID": "113977", "Level": "4", "UserID": "S-1-5-21-963789628-1060504924-4285088085-1001", "EventData.Path": "C:\\Program Files\\WindowsApps\\Microsoft.Windows.Photos_2025.11070.8001.0_neutral_~_8wekyb3d8bbwe\\AppxMetadata\\AppxBundleManifest.xml C:\\Program Files\\WindowsApps\\Microsoft.Windows.Photos_2025.11070.8001.0_x64__8wekyb3d8bbwe\\AppxManifest.xml"}
{"EventID": "855", "Channel": "Microsoft-Windows-AppXDeploymentServer/Operational", "Provider_Name": "Microsoft-Windows-AppXDeployment-Server", "Computer": "DESKTOP-OFJ6N53", "TimeCreated": "2025-07-21 18:28:23.044590+00:00", "RecordID": "113978", "Level": "4", "UserID": "S-1-5-21-963789628-1060504924-4285088085-1001", "EventData.PackageMoniker": "updateList: Microsoft.Windows.Photos_2025.11040.23001.0_neutral_~_8wekyb3d8bbwe is updating to Microsoft.Windows.Photos_2025.11070.8001.0_neutral_~_8wekyb3d8bbwe Microsoft.Windows.Photos_2025.11040.23001.0_x64__8wekyb3d8bbwe is updating to Microsoft.Windows.Photos_2025.11070.8001.0_x64__8wekyb3d8bbwe"}
{"EventID": "9645", "Channel": "Microsoft-Windows-AppXDeploymentServer/Operational", "Provider_Name": "Microsoft-Windows-AppXDeployment-Server", "Computer": "DESKTOP-OFJ6N53", "TimeCreated": "2025-07-21 18:28:23.095320+00:00", "RecordID": "113979", "Level": "5", "UserID": "S-1-5-21-963789628-1060504924-4285088085-1001", "EventData.ErrorCode": "0x00000000", "EventData.String": "Microsoft.Windows.Photos_2025.11040.23001.0_x64__8wekyb3d8bbwe"}
{"EventID": "10000", "Channel": "Microsoft-Windows-AppXDeploymentServer/Operational", "Provider_Name": "Microsoft-Windows-AppXDeployment-Server", "Computer": "DESKTOP-OFJ6N53", "TimeCreated": "2025-07-21 18:28:23.096601+00:00", "RecordID": "113980", "Level": "5", "UserID": "S-1-5-18", "EventData.PackageFullName": "Microsoft.Windows.Photos_2025.11040.23001.0_x64__8wekyb3d8bbwe", "EventData.ErrorCode": "0x00000000"}
{"EventID": "10000", "Channel": "Microsoft-Windows-AppXDeploymentServer/Operational", "Provider_Name": "Microsoft-Windows-AppXDeployment-Server", "Computer": "DESKTOP-OFJ6N53", "TimeCreated": "2025-07-21 18:28:23.096861+00:00", "RecordID": "113981", "Level": "5", "UserID": "S-1-5-18", "EventData.PackageFullName": "Microsoft.Windows.Photos_2025.11070.8001.0_x64__8wekyb3d8bbwe", "EventData.ErrorCode": "0x00000000"}
{"EventID": "9645", "Channel": "Microsoft-Windows-AppXDeploymentServer/Operational", "Provider_Name": "Microsoft-Windows-AppXDeployment-Server", "Computer": "DESKTOP-OFJ6N53", "TimeCreated": "2025-07-21 18:28:23.117807+00:00", "RecordID": "113982", "Level": "5", "UserID": "S-1-5-21-963789628-1060504924-4285088085-1001", "EventData.ErrorCode": "0x00000000", "EventData.String": "Microsoft.Windows.Photos_2025.11040.23001.0_x64__8wekyb3d8bbwe"}
{"EventID": "8100", "Channel": "Microsoft-Windows-AppXDeploymentServer/Operational", "Provider_Name": "Microsoft-Windows-AppXDeployment-Server", "Computer": "DESKTOP-OFJ6N53", "TimeCreated": "2025-07-21 18:28:23.419395+00:00", "RecordID": "113983", "Level": "5", "UserID": "S-1-5-18", "EventData.PackageFullName": "Microsoft.Windows.Photos_2025.11070.8001.0_x64__8wekyb3d8bbwe", "EventData.Flags": "0x00000009"}
{"EventID": "8106", "Channel": "Microsoft-Windows-AppXDeploymentServer/Operational", "Provider_Name": "Microsoft-Windows-AppXDeployment-Server", "Computer": "DESKTOP-OFJ6N53", "TimeCreated": "2025-07-21 18:28:23.438646+00:00", "RecordID": "113984", "Level": "5", "UserID": "S-1-5-18", "EventData.PackageFullName": "Microsoft.Windows.Photos_2025.11070.8001.0_x64__8wekyb3d8bbwe", "EventData.Flags": "0x00000009"}
{"EventID": "8101", "Channel": "Microsoft-Windows-AppXDeploymentServer/Operational", "Provider_Name": "Microsoft-Windows-AppXDeployment-Server", "Computer": "DESKTOP-OFJ6N53", "TimeCreated": "2025-07-21 18:28:23.438662+00:00", "RecordID": "113985", "Level": "5", "UserID": "S-1-5-18", "EventData.PackageFullName": "Microsoft.Windows.Photos_2025.11070.8001.0_x64__8wekyb3d8bbwe", "EventData.Flags": "0x00000009"}
{"EventID": "5507", "Channel": "Microsoft-Windows-AppXDeploymentServer/Operational", "Provider_Name": "Microsoft-Windows-AppXDeployment-Server", "Computer": "DESKTOP-OFJ6N53", "TimeCreated": "2025-07-21 18:28:23.649059+00:00", "RecordID": "113986", "Level": "5", "UserID": "S-1-5-21-963789628-1060504924-4285088085-1001", "EventData.PackageName": "Microsoft.Windows.Photos_2025.11070.8001.0_x64__8wekyb3d8bbwe", "EventData.FilePath": "C:\\Program Files\\WindowsApps\\Microsoft.Windows.Photos_2025.11070.8001.0_x64__8wekyb3d8bbwe\\microsoft.system.package.metadata\\S-1-5-21-963789628-1060504924-4285088085-1001-MergedResources-*.pri", "EventData.Message": "No user-specific merged files found"}
{"EventID": "5507", "Channel": "Microsoft-Windows-AppXDeploymentServer/Operational", "Provider_Name": "Microsoft-Windows-AppXDeployment-Server", "Computer": "DESKTOP-OFJ6N53", "TimeCreated": "2025-07-21 18:28:23.649202+00:00", "RecordID": "113987", "Level": "5", "UserID": "S-1-5-21-963789628-1060504924-4285088085-1001", "EventData.PackageName": "Microsoft.Windows.Photos_2025.11070.8001.0_x64__8wekyb3d8bbwe", "EventData.FilePath": "C:\\Program Files\\WindowsApps\\Microsoft.Windows.Photos_2025.11070.8001.0_x64__8wekyb3d8bbwe\\microsoft.system.package.metadata\\Resources.????????.pri", "EventData.Message": "No shared merged files found"}
{"EventID": "5507", "Channel": "Microsoft-Windows-AppXDeploymentServer/Operational", "Provider_Name": "Microsoft-Windows-AppXDeployment-Server", "Computer": "DESKTOP-OFJ6N53", "TimeCreated": "2025-07-21 18:28:23.649307+00:00", "RecordID": "113988", "Level": "5", "UserID": "S-1-5-21-963789628-1060504924-4285088085-1001", "EventData.PackageName": "Microsoft.Windows.Photos_2025.11070.8001.0_x64__8wekyb3d8bbwe", "EventData.FilePath": "C:\\Program Files\\WindowsApps\\Microsoft.Windows.Photos_2025.11070.8001.0_x64__8wekyb3d8bbwe\\microsoft.system.package.metadata\\S-1-5-21-963789628-1060504924-4285088085-1001-MergedResources-*.pri", "EventData.Message": "No user-specific merged files found"}
{"EventID": "5507", "Channel": "Microsoft-Windows-AppXDeploymentServer/Operational", "Provider_Name": "Microsoft-Windows-AppXDeployment-Server", "Computer": "DESKTOP-OFJ6N53", "TimeCreated": "2025-07-21 18:28:23.649382+00:00", "RecordID": "113989", "Level": "5", "UserID": "S-1-5-21-963789628-1060504924-4285088085-1001", "EventData.PackageName": "Microsoft.Windows.Photos_2025.11070.8001.0_x64__8wekyb3d8bbwe", "EventData.FilePath": "C:\\Program Files\\WindowsApps\\Microsoft.Windows.Photos_2025.11070.8001.0_x64__8wekyb3d8bbwe\\microsoft.system.package.metadata\\Resources.????????.pri", "EventData.Message": "No shared merged files found"}
{"EventID": "821", "Channel": "Microsoft-Windows-AppXDeploymentServer/Operational", "Provider_Name": "Microsoft-Windows-AppXDeployment-Server", "Computer": "DESKTOP-OFJ6N53", "TimeCreated": "2025-07-21 18:28:23.680435+00:00", "RecordID": "113990", "Level": "5", "UserID": "S-1-5-18", "EventData.UserSid": "S-1-5-18", "EventData.MainPackageFullName": "Microsoft.Windows.Photos_2025.11070.8001.0_neutral_~_8wekyb3d8bbwe", "EventData.ErrorCode": "0x00000000"}
{"EventID": "822", "Channel": "Microsoft-Windows-AppXDeploymentServer/Operational", "Provider_Name": "Microsoft-Windows-AppXDeployment-Server", "Computer": "DESKTOP-OFJ6N53", "TimeCreated": "2025-07-21 18:28:23.684975+00:00", "RecordID": "113991", "Level": "5", "UserID": "S-1-5-18", "EventData.Error": "0x00000000", "EventData.PackageMoniker": "Microsoft.Windows.Photos_2025.11070.8001.0_neutral_~_8wekyb3d8bbwe"}
{"EventID": "821", "Channel": "Microsoft-Windows-AppXDeploymentServer/Operational", "Provider_Name": "Microsoft-Windows-AppXDeployment-Server", "Computer": "DESKTOP-OFJ6N53", "TimeCreated": "2025-07-21 18:28:23.686543+00:00", "RecordID": "113992", "Level": "5", "UserID": "S-1-5-18", "EventData.UserSid": "S-1-5-21-963789628-1060504924-4285088085-1001", "EventData.MainPackageFullName": "Microsoft.Windows.Photos_2025.11070.8001.0_neutral_~_8wekyb3d8bbwe", "EventData.ErrorCode": "0x00000000"}
{"EventID": "822", "Channel": "Microsoft-Windows-AppXDeploymentServer/Operational", "Provider_Name": "Microsoft-Windows-AppXDeployment-Server", "Computer": "DESKTOP-OFJ6N53", "TimeCreated": "2025-07-21 18:28:23.690754+00:00", "RecordID": "113993", "Level": "5", "UserID": "S-1-5-18", "EventData.Error": "0x00000000", "EventData.PackageMoniker": "Microsoft.Windows.Photos_2025.11070.8001.0_neutral_~_8wekyb3d8bbwe"}
{"EventID": "813", "Channel": "Microsoft-Windows-AppXDeploymentServer/Operational", "Provider_Name": "Microsoft-Windows-AppXDeployment-Server", "Computer": "DESKTOP-OFJ6N53", "TimeCreated": "2025-07-21 18:28:23.690798+00:00", "RecordID": "113994", "Level": "5", "UserID": "S-1-5-18", "EventData.PackageMoniker": "Microsoft.Windows.Photos_2025.11070.8001.0_neutral_~_8wekyb3d8bbwe"}
{"EventID": "10001", "Channel": "Microsoft-Windows-AppXDeploymentServer/Operational", "Provider_Name": "Microsoft-Windows-AppXDeployment-Server", "Computer": "DESKTOP-OFJ6N53", "TimeCreated": "2025-07-21 18:28:25.904202+00:00", "RecordID": "113995", "Level": "5", "UserID": "S-1-5-18", "EventData.PackageFullName": "Microsoft.Windows.Photos_2025.11040.23001.0_x64__8wekyb3d8bbwe", "EventData.ErrorCode": "0x80070490"}
{"EventID": "10001", "Channel": "Microsoft-Windows-AppXDeploymentServer/Operational", "Provider_Name": "Microsoft-Windows-AppXDeployment-Server", "Computer": "DESKTOP-OFJ6N53", "TimeCreated": "2025-07-21 18:28:25.904348+00:00", "RecordID": "113996", "Level": "5", "UserID": "S-1-5-18", "EventData.PackageFullName": "Microsoft.Windows.Photos_2025.11070.8001.0_x64__8wekyb3d8bbwe", "EventData.ErrorCode": "0x00000000"}
{"EventID": "10001", "Channel": "Microsoft-Windows-AppXDeploymentServer/Operational", "Provider_Name": "Microsoft-Windows-AppXDeployment-Server", "Computer": "DESKTOP-OFJ6N53", "TimeCreated": "2025-07-21 18:28:25.904671+00:00", "RecordID": "113997", "Level": "5", "UserID": "S-1-5-18", "EventData.PackageFullName": "Microsoft.Windows.Photos_2025.11070.8001.0_x64__8wekyb3d8bbwe", "EventData.ErrorCode": "0x00000000"}
{"EventID": "10001", "Channel": "Microsoft-Windows-AppXDeploymentServer/Operational", "Provider_Name": "Microsoft-Windows-AppXDeployment-Server", "Computer": "DESKTOP-OFJ6N53", "TimeCreated": "2025-07-21 18:28:25.904795+00:00", "RecordID": "113998", "Level": "5", "UserID": "S-1-5-18", "EventData.PackageFullName": "Microsoft.Windows.Photos_2025.11070.8001.0_neutral_~_8wekyb3d8bbwe", "EventData.ErrorCode": "0x00000000"}
{"EventID": "10001", "Channel": "Microsoft-Windows-AppXDeploymentServer/Operational", "Provider_Name": "Microsoft-Windows-AppXDeployment-Server", "Computer": "DESKTOP-OFJ6N53", "TimeCreated": "2025-07-21 18:28:25.904875+00:00", "RecordID": "113999", "Level": "5", "UserID": "S-1-5-18", "EventData.PackageFullName": "Microsoft.Windows.Photos_2025.11070.8001.0_neutral_~_8wekyb3d8bbwe", "EventData.ErrorCode": "0x00000000"}
{"EventID": "10001", "Channel": "Microsoft-Windows-AppXDeploymentServer/Operational", "Provider_Name": "Microsoft-Windows-AppXDeployment-Server", "Computer": "DESKTOP-OFJ6N53", "TimeCreated": "2025-07-21 18:28:25.904942+00:00", "RecordID": "114000", "Level": "5", "UserID": "S-1-5-18", "EventData.PackageFullName": "Microsoft.Windows.Photos_2025.11070.8001.0_x64__8wekyb3d8bbwe", "EventData.ErrorCode": "0x00000000"}
{"EventID": "10001", "Channel": "Microsoft-Windows-AppXDeploymentServer/Operational", "Provider_Name": "Microsoft-Windows-AppXDeployment-Server", "Computer": "DESKTOP-OFJ6N53", "TimeCreated": "2025-07-21 18:28:25.905029+00:00", "RecordID": "114001", "Level": "5", "UserID": "S-1-5-18", "EventData.PackageFullName": "Microsoft.Windows.Photos_2025.11070.8001.0_x64__8wekyb3d8bbwe", "EventData.ErrorCode": "0x00000000"}
{"EventID": "400", "Channel": "Microsoft-Windows-AppXDeploymentServer/Operational", "Provider_Name": "Microsoft-Windows-AppXDeployment-Server", "Computer": "DESKTOP-OFJ6N53", "TimeCreated": "2025-07-21 18:28:25.949848+00:00", "RecordID": "114002", "Level": "4", "UserID": "S-1-5-21-963789628-1060504924-4285088085-1001", "EventData.DeploymentOperation": "6", "EventData.PackageFullName": "Microsoft.Windows.Photos_2025.11070.8001.0_neutral_~_8wekyb3d8bbwe", "EventData.Path": "(AppxBundleManifest.xml)", "EventData.MountPoint": "C:", "EventData.TargetPlatform": "0x00000003", "EventData.SystemVolume": "True", "EventData.StorageId": "\\\\?\\Volume{c33a8663-71a2-4031-8cec-c21914fe12ad}", "EventData.IsCentennial": "False", "EventData.PackageType": "0x00000008", "EventData.IsPackageEncrypted": "False", "EventData.DeploymentOptions": "0x0004000004044800", "EventData.IsStreamingPackage": "False", "EventData.IsInRelatedSet": "False", "EventData.IsPackageUsingBDC": "False", "EventData.MainPackageFamilyName": "NULL", "EventData.CallingProcess": "svchost.exe,wuauserv", "EventData.IsOptional": "False", "EventData.PackageFlags": "0x00000400", "EventData.PackageFlags2": "0x00000800", "EventData.HasWin32alacarte": "False", "EventData.HasFullTrust": "False", "EventData.ExternalLocation": null, "EventData.PackageSourceUri": "x-windowsupdate://FA8D917E-1F1E-4865-AFBD-2648A70662FE/454A759B-FF5B-4A79-80D3-1CF15EBA0908/50704104df998eed3339b8013b9e0ce5939e6f3b"}
{"EventID": "478", "Channel": "Microsoft-Windows-AppXDeploymentServer/Operational", "Provider_Name": "Microsoft-Windows-AppXDeployment-Server", "Computer": "DESKTOP-OFJ6N53", "TimeCreated": "2025-07-21 18:28:25.949951+00:00", "RecordID": "114003", "Level": "5", "UserID": "S-1-5-21-963789628-1060504924-4285088085-1001", "EventData.DeploymentOperation": "6", "EventData.PackageFullName": "Microsoft.Windows.Photos_2025.11070.8001.0_x64__8wekyb3d8bbwe", "EventData.Path": "(AppxBundleManifest.xml)", "EventData.MountPoint": "C:", "EventData.TargetPlatform": "0x00000003", "EventData.SystemVolume": "True", "EventData.StorageId": "\\\\?\\Volume{c33a8663-71a2-4031-8cec-c21914fe12ad}", "EventData.IsCentennial": "True", "EventData.PackageType": "0x00000001", "EventData.IsPackageEncrypted": "False", "EventData.DeploymentOptions": "0x0004000004044800", "EventData.IsStreamingPackage": "False", "EventData.IsInRelatedSet": "False", "EventData.IsPackageUsingBDC": "False", "EventData.MainPackageFamilyName": "NULL", "EventData.CallingProcess": "svchost.exe,wuauserv", "EventData.IsOptional": "False", "EventData.PackageFlags": "0x0080004c", "EventData.PackageFlags2": "0x00000800", "EventData.HasWin32alacarte": "False", "EventData.HasFullTrust": "True", "EventData.ExternalLocation": null, "EventData.PackageSourceUri": "x-windowsupdate://FA8D917E-1F1E-4865-AFBD-2648A70662FE/454A759B-FF5B-4A79-80D3-1CF15EBA0908/50704104df998eed3339b8013b9e0ce5939e6f3b"}
{"EventID": "472", "Channel": "Microsoft-Windows-AppXDeploymentServer/Operational", "Provider_Name": "Microsoft-Windows-AppXDeployment-Server", "Computer": "DESKTOP-OFJ6N53", "TimeCreated": "2025-07-21 18:28:25.960091+00:00", "RecordID": "114004", "Level": "5", "UserID": "S-1-5-18", "EventData.SourceFolderPath": "\\\\?\\C:\\Program Files\\WindowsApps\\Microsoft.Windows.Photos_2025.11040.23001.0_neutral_~_8wekyb3d8bbwe", "EventData.DestinationFolderPath": "\\\\?\\C:\\Program Files\\WindowsApps\\Deleted\\Microsoft.Windows.Photos_2025.11040.23001.0_neutral_~_8wekyb3d8bbwed814802e-89b1-453d-b468-1373982e57a7", "EventData.ErrorCode": "0x00000000"}
{"EventID": "472", "Channel": "Microsoft-Windows-AppXDeploymentServer/Operational", "Provider_Name": "Microsoft-Windows-AppXDeployment-Server", "Computer": "DESKTOP-OFJ6N53", "TimeCreated": "2025-07-21 18:28:25.976887+00:00", "RecordID": "114005", "Level": "5", "UserID": "S-1-5-18", "EventData.SourceFolderPath": "\\\\?\\C:\\Program Files\\WindowsApps\\Microsoft.Windows.Photos_2025.11040.23001.0_x64__8wekyb3d8bbwe", "EventData.DestinationFolderPath": "\\\\?\\C:\\Program Files\\WindowsApps\\Deleted\\Microsoft.Windows.Photos_2025.11040.23001.0_x64__8wekyb3d8bbweab94768c-6c91-4665-b854-f19a5d933a13", "EventData.ErrorCode": "0x00000000"}
{"EventID": "649", "Channel": "Microsoft-Windows-AppXDeploymentServer/Operational", "Provider_Name": "Microsoft-Windows-AppXDeployment-Server", "Computer": "DESKTOP-OFJ6N53", "TimeCreated": "2025-07-21 18:28:26.023970+00:00", "RecordID": "114006", "Level": "4", "UserID": "S-1-5-21-963789628-1060504924-4285088085-1001", "EventData.DeploymentOperation": "6", "EventData.PackageFullName": "Microsoft.Windows.Photos_2025.11070.8001.0_neutral_~_8wekyb3d8bbwe", "EventData.Summary": "PostDeploymentOperationCheck cost: 0 ms"}
{"EventID": "613", "Channel": "Microsoft-Windows-AppXDeploymentServer/Operational", "Provider_Name": "Microsoft-Windows-AppXDeployment-Server", "Computer": "DESKTOP-OFJ6N53", "TimeCreated": "2025-07-21 18:28:26.045816+00:00", "RecordID": "114007", "Level": "4", "UserID": "S-1-5-21-963789628-1060504924-4285088085-1001", "EventData.DeploymentOperation": "6", "EventData.PackageFullName": "Microsoft.Windows.Photos_2025.11070.8001.0_neutral_~_8wekyb3d8bbwe", "EventData.Summary": "Overall time: 3094 ms\nEnqueue cost: 16 ms\nDequeue delay: 0 ms\nBundle processing cost: 0 ms\nIndexing cost: 31 ms\nResolve dependency cost: 47 ms\nGap: 16 ms\nCheck approval cost: 0 ms\nEvaluation cost: 15 ms\nHardlinking evaluation cost: 0 ms\nStage required cost: 0 ms\nFlushing and closing files cost: 0 ms\nMachine register cost: 0 ms\nStage user data cost: 0 ms\nGap: 47 ms\nRegistration cost: 547 ms\nGap: 1781 ms\nRepository commit transaction cost: 453 ms\nGap: 94 ms\nData flush cost: 31 ms\nPost DeStage repository commit transaction cost: 0 ms\nRemaining cost: 16 ms"}
{"EventID": "818", "Channel": "Microsoft-Windows-AppXDeploymentServer/Operational", "Provider_Name": "Microsoft-Windows-AppXDeployment-Server", "Computer": "DESKTOP-OFJ6N53", "TimeCreated": "2025-07-22 10:12:39.923153+00:00", "RecordID": "114008", "Level": "5", "UserID": "S-1-5-21-963789628-1060504924-4285088085-1001", "EventData.UserSid": "S-1-5-21-963789628-1060504924-4285088085-1001"}
{"EventID": "819", "Channel": "Microsoft-Windows-AppXDeploymentServer/Operational", "Provider_Name": "Microsoft-Windows-AppXDeployment-Server", "Computer": "DESKTOP-OFJ6N53", "TimeCreated": "2025-07-22 10:12:39.927832+00:00", "RecordID": "114009", "Level": "5", "UserID": "S-1-5-21-963789628-1060504924-4285088085-1001", "EventData.InstallPackageList": "NULL", "EventData.EndOfLifePackageList": "Microsoft.Edge.GameAssist_1.0.3423.0_x64__8wekyb3d8bbwe"}
{"EventID": "603", "Channel": "Microsoft-Windows-AppXDeploymentServer/Operational", "Provider_Name": "Microsoft-Windows-AppXDeployment-Server", "Computer": "DESKTOP-OFJ6N53", "TimeCreated": "2025-07-23 08:40:41.428963+00:00", "RecordID": "114010", "Level": "4", "UserID": "S-1-5-18", "EventData.DeploymentOperation": "5", "EventData.Path": "Microsoft.YourPhone_1.25061.44.0_neutral_~_8wekyb3d8bbwe", "EventData.Flags": "0", "EventData.FlagsHigh": "0", "EventData.CallingProcess": "svchost.exe,wuauserv", "EventData.ExternalLocation": null}
{"EventID": "10002", "Channel": "Microsoft-Windows-AppXDeploymentServer/Operational", "Provider_Name": "Microsoft-Windows-AppXDeployment-Server", "Computer": "DESKTOP-OFJ6N53", "TimeCreated": "2025-07-23 08:40:41.444334+00:00", "RecordID": "114011", "Level": "5", "UserID": "S-1-5-18", "EventData.DeploymentOperation": "2", "EventData.MainPackageMoniker": "Microsoft.YourPhone_1.25061.44.0_neutral_~_8wekyb3d8bbwe", "EventData.ResiliencyFilePath": "C:\\ProgramData\\Microsoft\\Windows\\AppRepository\\d133bcfb-0b2f-4dcd-8b2a-9606f4c3629b_S-1-5-18_1.rslc"}
{"EventID": "607", "Channel": "Microsoft-Windows-AppXDeploymentServer/Operational", "Provider_Name": "Microsoft-Windows-AppXDeployment-Server", "Computer": "DESKTOP-OFJ6N53", "TimeCreated": "2025-07-23 08:40:41.447504+00:00", "RecordID": "114012", "Level": "4", "UserID": "S-1-5-18", "EventData.DeploymentOperation": "2", "EventData.PackageFullName": "Microsoft.YourPhone_1.25061.44.0_neutral_~_8wekyb3d8bbwe", "EventData.UserSid": "S-1-5-18", "EventData.CallingProcess": "svchost.exe,wuauserv"}
{"EventID": "627", "Channel": "Microsoft-Windows-AppXDeploymentServer/Operational", "Provider_Name": "Microsoft-Windows-AppXDeployment-Server", "Computer": "DESKTOP-OFJ6N53", "TimeCreated": "2025-07-23 08:40:41.464243+00:00", "RecordID": "114013", "Level": "5", "UserID": "S-1-5-18", "EventData.PackageMoniker": "Microsoft.YourPhone_1.25061.44.0_neutral_~_8wekyb3d8bbwe"}
{"EventID": "603", "Channel": "Microsoft-Windows-AppXDeploymentServer/Operational", "Provider_Name": "Microsoft-Windows-AppXDeployment-Server", "Computer": "DESKTOP-OFJ6N53", "TimeCreated": "2025-07-23 08:40:41.496553+00:00", "RecordID": "114014", "Level": "4", "UserID": "S-1-5-18", "EventData.DeploymentOperation": "5", "EventData.Path": "Microsoft.WindowsStore_22506.1401.7.0_neutral_~_8wekyb3d8bbwe", "EventData.Flags": "0", "EventData.FlagsHigh": "0", "EventData.CallingProcess": "svchost.exe,wuauserv", "EventData.ExternalLocation": null}
{"EventID": "10002", "Channel": "Microsoft-Windows-AppXDeploymentServer/Operational", "Provider_Name": "Microsoft-Windows-AppXDeployment-Server", "Computer": "DESKTOP-OFJ6N53", "TimeCreated": "2025-07-23 08:40:41.530825+00:00", "RecordID": "114015", "Level": "5", "UserID": "S-1-5-18", "EventData.DeploymentOperation": "2", "EventData.MainPackageMoniker": "Microsoft.WindowsStore_22506.1401.7.0_neutral_~_8wekyb3d8bbwe", "EventData.ResiliencyFilePath": "C:\\ProgramData\\Microsoft\\Windows\\AppRepository\\d133bcfb-0b2f-4dcd-8b2a-9606f4c3629b_S-1-5-18_2.rslc"}
{"EventID": "400", "Channel": "Microsoft-Windows-AppXDeploymentServer/Operational", "Provider_Name": "Microsoft-Windows-AppXDeployment-Server", "Computer": "DESKTOP-OFJ6N53", "TimeCreated": "2025-07-23 08:40:41.602436+00:00", "RecordID": "114016", "Level": "4", "UserID": "S-1-5-18", "EventData.DeploymentOperation": "5", "EventData.PackageFullName": "Microsoft.YourPhone_1.25061.44.0_neutral_~_8wekyb3d8bbwe", "EventData.Path": null, "EventData.MountPoint": "C:", "EventData.TargetPlatform": "0x00000001", "EventData.SystemVolume": "True", "EventData.StorageId": "\\\\?\\Volume{c33a8663-71a2-4031-8cec-c21914fe12ad}", "EventData.IsCentennial": "False", "EventData.PackageType": "0x00000000", "EventData.IsPackageEncrypted": "False", "EventData.DeploymentOptions": "0x0000000000000000", "EventData.IsStreamingPackage": "False", "EventData.IsInRelatedSet": "False", "EventData.IsPackageUsingBDC": "False", "EventData.MainPackageFamilyName": "NULL", "EventData.CallingProcess": "svchost.exe,wuauserv", "EventData.IsOptional": "False", "EventData.PackageFlags": "0x00000000", "EventData.PackageFlags2": "0x00000000", "EventData.HasWin32alacarte": "False", "EventData.HasFullTrust": "False", "EventData.ExternalLocation": null, "EventData.PackageSourceUri": null}
{"EventID": "649", "Channel": "Microsoft-Windows-AppXDeploymentServer/Operational", "Provider_Name": "Microsoft-Windows-AppXDeployment-Server", "Computer": "DESKTOP-OFJ6N53", "TimeCreated": "2025-07-23 08:40:41.605375+00:00", "RecordID": "114017", "Level": "4", "UserID": "S-1-5-18", "EventData.DeploymentOperation": "2", "EventData.PackageFullName": "Microsoft.YourPhone_1.25061.44.0_neutral_~_8wekyb3d8bbwe", "EventData.Summary": "PostDeploymentOperationCheck cost: 0 ms"}
{"EventID": "607", "Channel": "Microsoft-Windows-AppXDeploymentServer/Operational", "Provider_Name": "Microsoft-Windows-AppXDeployment-Server", "Computer": "DESKTOP-OFJ6N53", "TimeCreated": "2025-07-23 08:40:41.607916+00:00", "RecordID": "114018", "Level": "4", "UserID": "S-1-5-18", "EventData.DeploymentOperation": "2", "EventData.PackageFullName": "Microsoft.WindowsStore_22506.1401.7.0_neutral_~_8wekyb3d8bbwe", "EventData.UserSid": "S-1-5-18", "EventData.CallingProcess": "svchost.exe,wuauserv"}
{"EventID": "627", "Channel": "Microsoft-Windows-AppXDeploymentServer/Operational", "Provider_Name": "Microsoft-Windows-AppXDeployment-Server", "Computer": "DESKTOP-OFJ6N53", "TimeCreated": "2025-07-23 08:40:41.609720+00:00", "RecordID": "114019", "Level": "5", "UserID": "S-1-5-18", "EventData.PackageMoniker": "Microsoft.WindowsStore_22506.1401.7.0_neutral_~_8wekyb3d8bbwe"}
{"EventID": "400", "Channel": "Microsoft-Windows-AppXDeploymentServer/Operational", "Provider_Name": "Microsoft-Windows-AppXDeployment-Server", "Computer": "DESKTOP-OFJ6N53", "TimeCreated": "2025-07-23 08:40:41.808067+00:00", "RecordID": "114020", "Level": "4", "UserID": "S-1-5-18", "EventData.DeploymentOperation": "5", "EventData.PackageFullName": "Microsoft.WindowsStore_22506.1401.7.0_neutral_~_8wekyb3d8bbwe", "EventData.Path": null, "EventData.MountPoint": "C:", "EventData.TargetPlatform": "0x00000001", "EventData.SystemVolume": "True", "EventData.StorageId": "\\\\?\\Volume{c33a8663-71a2-4031-8cec-c21914fe12ad}", "EventData.IsCentennial": "False", "EventData.PackageType": "0x00000000", "EventData.IsPackageEncrypted": "False", "EventData.DeploymentOptions": "0x0000000000000000", "EventData.IsStreamingPackage": "False", "EventData.IsInRelatedSet": "False", "EventData.IsPackageUsingBDC": "False", "EventData.MainPackageFamilyName": "NULL", "EventData.CallingProcess": "svchost.exe,wuauserv", "EventData.IsOptional": "False", "EventData.PackageFlags": "0x00000000", "EventData.PackageFlags2": "0x00000000", "EventData.HasWin32alacarte": "False", "EventData.HasFullTrust": "False", "EventData.ExternalLocation": null, "EventData.PackageSourceUri": null}
{"EventID": "649", "Channel": "Microsoft-Windows-AppXDeploymentServer/Operational", "Provider_Name": "Microsoft-Windows-AppXDeployment-Server", "Computer": "DESKTOP-OFJ6N53", "TimeCreated": "2025-07-23 08:40:41.808346+00:00", "RecordID": "114021", "Level": "4", "UserID": "S-1-5-18", "EventData.DeploymentOperation": "2", "EventData.PackageFullName": "Microsoft.WindowsStore_22506.1401.7.0_neutral_~_8wekyb3d8bbwe", "EventData.Summary": "PostDeploymentOperationCheck cost: 0 ms"}
{"EventID": "603", "Channel": "Microsoft-Windows-AppXDeploymentServer/Operational", "Provider_Name": "Microsoft-Windows-AppXDeployment-Server", "Computer": "DESKTOP-OFJ6N53", "TimeCreated": "2025-07-23 08:40:46.404188+00:00", "RecordID": "114022", "Level": "4", "UserID": "S-1-5-18", "EventData.DeploymentOperation": "4", "EventData.Path": "807bef4fcf7c3ceb8491252037c897b637e6ba3b", "EventData.Flags": "67108880", "EventData.FlagsHigh": "128", "EventData.CallingProcess": "svchost.exe,wuauserv", "EventData.ExternalLocation": null}
{"EventID": "603", "Channel": "Microsoft-Windows-AppXDeploymentServer/Operational", "Provider_Name": "Microsoft-Windows-AppXDeployment-Server", "Computer": "DESKTOP-OFJ6N53", "TimeCreated": "2025-07-23 08:40:46.514427+00:00", "RecordID": "114023", "Level": "4", "UserID": "S-1-5-18", "EventData.DeploymentOperation": "4", "EventData.Path": "9c2a1361a919e0758dd080e3044e11318eb9e984", "EventData.Flags": "67108880", "EventData.FlagsHigh": "128", "EventData.CallingProcess": "svchost.exe,wuauserv", "EventData.ExternalLocation": null}
{"EventID": "10002", "Channel": "Microsoft-Windows-AppXDeploymentServer/Operational", "Provider_Name": "Microsoft-Windows-AppXDeployment-Server", "Computer": "DESKTOP-OFJ6N53", "TimeCreated": "2025-07-23 08:40:47.786909+00:00", "RecordID": "114024", "Level": "5", "UserID": "S-1-5-18", "EventData.DeploymentOperation": "4", "EventData.MainPackageMoniker": "Microsoft.XboxGamingOverlay_7.325.7090.0_neutral_~_8wekyb3d8bbwe", "EventData.ResiliencyFilePath": "C:\\ProgramData\\Microsoft\\Windows\\AppRepository\\d133bcfb-0b2f-4dcd-8b2a-9606f4c3629b_S-1-5-18_3.rslc"}
{"EventID": "607", "Channel": "Microsoft-Windows-AppXDeploymentServer/Operational", "Provider_Name": "Microsoft-Windows-AppXDeployment-Server", "Computer": "DESKTOP-OFJ6N53", "TimeCreated": "2025-07-23 08:40:47.787937+00:00", "RecordID": "114025", "Level": "4", "UserID": "S-1-5-18", "EventData.DeploymentOperation": "4", "EventData.PackageFullName": "Microsoft.XboxGamingOverlay_7.325.7090.0_neutral_~_8wekyb3d8bbwe", "EventData.UserSid": "S-1-5-18", "EventData.CallingProcess": "svchost.exe,wuauserv"}
{"EventID": "614", "Channel": "Microsoft-Windows-AppXDeploymentServer/Operational", "Provider_Name": "Microsoft-Windows-AppXDeployment-Server", "Computer": "DESKTOP-OFJ6N53", "TimeCreated": "2025-07-23 08:40:47.799568+00:00", "RecordID": "114026", "Level": "5", "UserID": "S-1-5-18", "EventData.PathOne": "x-windowsupdate://FD6175A3-E34F-4BB1-BFC1-31367AAC6BD3/9607E6E2-46A5-4A17-AFCA-908FFC36D70B/9c2a1361a919e0758dd080e3044e11318eb9e984", "EventData.PathTwo": "\"GameBar_7.325.7090.0_ARM64.appx\": Microsoft.XboxGamingOverlay_7.325.7090.0_arm64__8wekyb3d8bbwe \"GameBar_7.325.7090.0_x64.appx\": Microsoft.XboxGamingOverlay_7.325.7090.0_x64__8wekyb3d8bbwe \"GameBar_7.325.7090.0_Win32.appx\": Microsoft.XboxGamingOverlay_7.325.7090.0_x86__8wekyb3d8bbwe \"GameBar_7.325.7090.0_language-lo.appx\": Microsoft.XboxGamingOverlay_7.325.7090.0_neutral_split.language-lo_8wekyb3d8bbwe \"GameBar_7.325.7090.0_language-af.appx\": Microsoft.XboxGamingOverlay_7.325.7090.0_neutral_split.language-af_8wekyb3d8bbwe \"GameBar_7.325.7090.0_language-am.appx\": Microsoft.XboxGamingOverlay_7.325.7090.0_neutral_split.language-am_8wekyb3d8bbwe \"GameBar_7.325.7090.0_language-ar.appx\": Microsoft.XboxGamingOverlay_7.325.7090.0_neutral_split.language-ar_8wekyb3d8bbwe \"GameBar_7.325.7090.0_scale-125.appx\": Microsoft.XboxGamingOverlay_7.325.7090.0_neutral_split.scale-125_8wekyb3d8bbwe \"GameBar_7.325.7090.0_language-bg.appx\": Microsoft.XboxGamingOverlay_7.325.7090.0_neutral_split.language-bg_8wekyb3d8bbwe \"GameBar_7.325.7090.0_language-pt.appx\": Microsoft.XboxGamingOverlay_7.325.7090.0_neutral_split.language-pt_8wekyb3d8bbwe \"GameBar_7.325.7090.0_scale-100.appx\": Microsoft.XboxGamingOverlay_7.325.7090.0_neutral_split.scale-100_8wekyb3d8bbwe \"GameBar_7.325.7090.0_language-ru.appx\": Microsoft.XboxGamingOverlay_7.325.7090.0_neutral_split.language-ru_8wekyb3d8bbwe \"GameBar_7.325.7090.0_language-sq.appx\": Microsoft.XboxGamingOverlay_7.325.7090.0_neutral_split.language-sq_8wekyb3d8bbwe \"GameBar_7.325.7090.0_language-el.appx\": Microsoft.XboxGamingOverlay_7.325.7090.0_neutral_split.language-el_8wekyb3d8bbwe \"GameBar_7.325.7090.0_language-zh-hant.appx\": Microsoft.XboxGamingOverlay_7.325.7090.0_neutral_split.language-zh-hant_8wekyb3d8bbwe \"GameBar_7.325.7090.0_language-et.appx\": Microsoft.XboxGamingOverlay_7.325.7090.0_neutral_split.language-et_8wekyb3d8bbwe \"GameBar_7.325.7090.0_language-zh-hans.appx\": Microsoft.XboxGamingOverlay_7.325.7090.0_neutral_split.language-zh-hans_8wekyb3d8bbwe \"GameBar_7.325.7090.0_language-vi.appx\": Microsoft.XboxGamingOverlay_7.325.7090.0_neutral_split.language-vi_8wekyb3d8bbwe \"GameBar_7.325.7090.0_language-fi.appx\": Microsoft.XboxGamingOverlay_7.325.7090.0_neutral_split.language-fi_8wekyb3d8bbwe \"GameBar_7.325.7090.0_language-ta.appx\": Microsoft.XboxGamingOverlay_7.325.7090.0_neutral_split.language-ta_8wekyb3d8bbwe \"GameBar_7.325.7090.0_language-mk.appx\": Microsoft.XboxGamingOverlay_7.325.7090.0_neutral_split.language-mk_8wekyb3d8bbwe \"GameBar_7.325.7090.0_language-gl.appx\": Microsoft.XboxGamingOverlay_7.325.7090.0_neutral_split.language-gl_8wekyb3d8bbwe \"GameBar_7.325.7090.0_language-te.appx\": Microsoft.XboxGamingOverlay_7.325.7090.0_neutral_split.language-te_8wekyb3d8bbwe \"GameBar_7.325.7090.0_language-tr.appx\": Microsoft.XboxGamingOverlay_7.325.7090.0_neutral_split.language-tr_8wekyb3d8bbwe \"GameBar_7.325.7090.0_language-sr-latn.appx\": Microsoft.XboxGamingOverlay_7.325.7090.0_neutral_split.language-sr-latn_8wekyb3d8bbwe \"GameBar_7.325.7090.0_language-hu.appx\": Microsoft.XboxGamingOverlay_7.325.7090.0_neutral_split.language-hu_8wekyb3d8bbwe \"GameBar_7.325.7090.0_language-id.appx\": Microsoft.XboxGamingOverlay_7.325.7090.0_neutral_split.language-id_8wekyb3d8bbwe \"GameBar_7.325.7090.0_language-de.appx\": Microsoft.XboxGamingOverlay_7.325.7090.0_neutral_split.language-de_8wekyb3d8bbwe \"GameBar_7.325.7090.0_language-it.appx\": Microsoft.XboxGamingOverlay_7.325.7090.0_neutral_split.language-it_8wekyb3d8bbwe \"GameBar_7.325.7090.0_language-sl.appx\": Microsoft.XboxGamingOverlay_7.325.7090.0_neutral_split.language-sl_8wekyb3d8bbwe \"GameBar_7.325.7090.0_language-da.appx\": Microsoft.XboxGamingOverlay_7.325.7090.0_neutral_split.language-da_8wekyb3d8bbwe \"GameBar_7.325.7090.0_language-km.appx\": Microsoft.XboxGamingOverlay_7.325.7090.0_neutral_split.language-km_8wekyb3d8bbwe \"GameBar_7.325.7090.0_language-kn.appx\": Microsoft.XboxGamingOverlay_7.325.7090.0_neutral_split.language-kn_8wekyb3d8bbwe \"GameBar_7.325.7090.0_language-ko.appx\": Microsoft.XboxGamingOverlay_7.325.7090.0_neutral_split.language-ko_8wekyb3d8bbwe \"GameBar_7.325.7090.0_language-ro.appx\": Microsoft.XboxGamingOverlay_7.325.7090.0_neutral_split.language-ro_8wekyb3d8bbwe \"GameBar_7.325.7090.0_language-lt.appx\": Microsoft.XboxGamingOverlay_7.325.7090.0_neutral_split.language-lt_8wekyb3d8bbwe \"GameBar_7.325.7090.0_language-ca.appx\": Microsoft.XboxGamingOverlay_7.325.7090.0_neutral_split.language-ca_8wekyb3d8bbwe \"GameBar_7.325.7090.0_language-fr.appx\": Microsoft.XboxGamingOverlay_7.325.7090.0_neutral_split.language-fr_8wekyb3d8bbwe \"GameBar_7.325.7090.0_language-ml.appx\": Microsoft.XboxGamingOverlay_7.325.7090.0_neutral_split.language-ml_8wekyb3d8bbwe \"GameBar_7.325.7090.0_language-ms.appx\": Microsoft.XboxGamingOverlay_7.325.7090.0_neutral_split.language-ms_8wekyb3d8bbwe \"GameBar_7.325.7090.0_language-nb.appx\": Microsoft.XboxGamingOverlay_7.325.7090.0_neutral_split.language-nb_8wekyb3d8bbwe \"GameBar_7.325.7090.0_language-pl.appx\": Microsoft.XboxGamingOverlay_7.325.7090.0_neutral_split.language-pl_8wekyb3d8bbwe \"GameBar_7.325.7090.0_language-he.appx\": Microsoft.XboxGamingOverlay_7.325.7090.0_neutral_split.language-he_8wekyb3d8bbwe \"GameBar_7.325.7090.0_language-lv.appx\": Microsoft.XboxGamingOverlay_7.325.7090.0_neutral_split.language-lv_8wekyb3d8bbwe \"GameBar_7.325.7090.0_language-fa.appx\": Microsoft.XboxGamingOverlay_7.325.7090.0_neutral_split.language-fa_8wekyb3d8bbwe \"GameBar_7.325.7090.0_language-kk.appx\": Microsoft.XboxGamingOverlay_7.325.7090.0_neutral_split.language-kk_8wekyb3d8bbwe \"GameBar_7.325.7090.0_language-sk.appx\": Microsoft.XboxGamingOverlay_7.325.7090.0_neutral_split.language-sk_8wekyb3d8bbwe \"GameBar_7.325.7090.0_language-ja.appx\": Microsoft.XboxGamingOverlay_7.325.7090.0_neutral_split.language-ja_8wekyb3d8bbwe \"GameBar_7.325.7090.0_language-fil-latn.appx\": Microsoft.XboxGamingOverlay_7.325.7090.0_neutral_split.language-fil-latn_8wekyb3d8bbwe \"GameBar_7.325.7090.0_language-th.appx\": Microsoft.XboxGamingOverlay_7.325.7090.0_neutral_split.language-th_8wekyb3d8bbwe \"GameBar_7.325.7090.0_language-cs.appx\": Microsoft.XboxGamingOverlay_7.325.7090.0_neutral_split.language-cs_8wekyb3d8bbwe \"GameBar_7.325.7090.0_language-es.appx\": Microsoft.XboxGamingOverlay_7.325.7090.0_neutral_split.language-es_8wekyb3d8bbwe \"GameBar_7.325.7090.0_language-hr.appx\": Microsoft.XboxGamingOverlay_7.325.7090.0_neutral_split.language-hr_8wekyb3d8bbwe \"GameBar_7.325.7090.0_language-is.appx\": Microsoft.XboxGamingOverlay_7.325.7090.0_neutral_split.language-is_8wekyb3d8bbwe \"GameBar_7.325.7090.0_language-uk.appx\": Microsoft.XboxGamingOverlay_7.325.7090.0_neutral_split.language-uk_8wekyb3d8bbwe \"GameBar_7.325.7090.0_language-az-latn.appx\": Microsoft.XboxGamingOverlay_7.325.7090.0_neutral_split.language-az-latn_8wekyb3d8bbwe \"GameBar_7.325.7090.0_language-eu.appx\": Microsoft.XboxGamingOverlay_7.325.7090.0_neutral_split.language-eu_8wekyb3d8bbwe \"GameBar_7.325.7090.0_language-nl.appx\": Microsoft.XboxGamingOverlay_7.325.7090.0_neutral_split.language-nl_8wekyb3d8bbwe \"GameBar_7.325.7090.0_language-hi.appx\": Microsoft.XboxGamingOverlay_7.325.7090.0_neutral_split.language-hi_8wekyb3d8bbwe \"GameBar_7.325.7090.0_language-sv.appx\": Microsoft.XboxGamingOverlay_7.325.7090.0_neutral_split.language-sv_8wekyb3d8bbwe \"GameBar_7.325.7090.0_scale-150.appx\": Microsoft.XboxGamingOverlay_7.325.7090.0_neutral_split.scale-150_8wekyb3d8bbwe \"GameBar_7.325.7090.0_scale-400.appx\": Microsoft.XboxGamingOverlay_7.325.7090.0_neutral_split.scale-400_8wekyb3d8bbwe"}
{"EventID": "10002", "Channel": "Microsoft-Windows-AppXDeploymentServer/Operational", "Provider_Name": "Microsoft-Windows-AppXDeployment-Server", "Computer": "DESKTOP-OFJ6N53", "TimeCreated": "2025-07-23 08:40:47.948498+00:00", "RecordID": "114027", "Level": "5", "UserID": "S-1-5-18", "EventData.DeploymentOperation": "4", "EventData.MainPackageMoniker": "Microsoft.YourPhone_1.25061.45.0_neutral_~_8wekyb3d8bbwe", "EventData.ResiliencyFilePath": "C:\\ProgramData\\Microsoft\\Windows\\AppRepository\\d133bcfb-0b2f-4dcd-8b2a-9606f4c3629b_S-1-5-18_4.rslc"}
{"EventID": "607", "Channel": "Microsoft-Windows-AppXDeploymentServer/Operational", "Provider_Name": "Microsoft-Windows-AppXDeployment-Server", "Computer": "DESKTOP-OFJ6N53", "TimeCreated": "2025-07-23 08:40:47.949034+00:00", "RecordID": "114028", "Level": "4", "UserID": "S-1-5-18", "EventData.DeploymentOperation": "4", "EventData.PackageFullName": "Microsoft.YourPhone_1.25061.45.0_neutral_~_8wekyb3d8bbwe", "EventData.UserSid": "S-1-5-18", "EventData.CallingProcess": "svchost.exe,wuauserv"}
