{"EventID": "1006", "Channel": "Microsoft-Windows-Partition/Diagnostic", "Provider_Name": "Microsoft-Windows-Partition", "Computer": "DESKTOP-OFJ6N53", "TimeCreated": "2023-07-31 13:01:27.578222+00:00", "RecordID": "109", "Level": "4", "UserID": "S-1-5-18", "EventData.DiskNumber": "0", "EventData.Flags": "538976528", "EventData.Characteristics": "262400", "EventData.IsSystemCritical": "True", "EventData.PagingCount": "0", "EventData.HibernationCount": "0", "EventData.DumpCount": "0", "EventData.BytesPerSector": "512", "EventData.Capacity": "96636764160", "EventData.BusType": "10", "EventData.Manufacturer": "VMware", "EventData.Model": "Virtual disk", "EventData.Revision": "2.0", "EventData.SerialNumber": "NULL", "EventData.Location": "PCI Slot 160 : Bus 3 : Device 0 : Function 0 : Adapter 0 : Port 0 : Target 0 : LUN 0", "EventData.ParentId": "PCI\\VEN_1000&DEV_0054&SUBSYS_197615AD&REV_01\\4&2509f6e&0&00A8", "EventData.Socket": "-1", "EventData.Slot": "160", "EventData.Bus": "3", "EventData.Device": "0", "EventData.Function": "0", "EventData.Adapter": "0", "EventData.Port": "0", "EventData.Target": "0", "EventData.Lun": "0", "EventData.IoctlSupport": "59879", "EventData.IdFlags": "2", "EventData.DiskId": "{59ed5ecf-2fa2-11ee-a722-806e6f6e6963}", "EventData.AdapterId": "{2572a953-954b-11ec-a6b8-806e6f6e6963}", "EventData.RegistryId": "{2572a961-954b-11ec-a6b8-806e6f6e6963}", "EventData.PoolId": "{00000000-0000-0000-0000-000000000000}", "EventData.FirmwareSupportsUpgrade": "True", "EventData.FirmwareSlotCount": "1", "EventData.StorageIdCount": "0", "EventData.StorageIdCodeSet": "0", "EventData.StorageIdType": "0", "EventData.StorageIdAssociation": "0", "EventData.StorageIdBytes": "0", "EventData.StorageId": null, "EventData.WriteCacheType": "0", "EventData.WriteCacheEnabled": "0", "EventData.WriteCacheChangeable": "0", "EventData.WriteThroughSupported": "0", "EventData.FlushCacheSupported": "False", "EventData.IsPowerProtected": "False", "EventData.NVCacheEnabled": "False", "EventData.BytesPerLogicalSector": "512", "EventData.BytesPerPhysicalSector": "512", "EventData.BytesOffsetForSectorAlignment": "0", "EventData.IncursSeekPenalty": "False", "EventData.IsTrimSupported": "False", "EventData.IsThinProvisioned": "False", "EventData.OptimalUnmapGranularity": "0", "EventData.UnmapAlignment": "0", "EventData.NumberOfLogicalCopies": "0", "EventData.NumberOfPhysicalCopies": "0", "EventData.FaultTolerance": "0", "EventData.NumberOfColumns": "0", "EventData.InterleaveBytes": "0", "EventData.HybridSupported": "False", "EventData.HybridCacheBytes": "0", "EventData.AdapterMaximumTransferBytes": "16777215", "EventData.AdapterMaximumTransferPages": "257", "EventData.AdapterAlignmentMask": "0", "EventData.AdapterSerialNumber": "NULL", "EventData.PortDriver": "1", "EventData.UserRemovalPolicy": "False", "EventData.PartitionStyle": "1", "EventData.PartitionCount": "4", "EventData.PartitionTableBytes": "624", "EventData.PartitionTable": "AQAAAAQAAAD4OlK1ULGKT4RoGH7auIX0AEQAAAAAAAAAev9/FgAAAIAAAAAAAAAAAQAAAAAAAAAAABAAAAAAAAAAQAYAAAAAAQAAAAAAAAAocyrBH/jSEbpLAKDJPsk7Ft7tjFc2cUiMh/1rxmz2kwAAAAAAAACARQBGAEkAIABzAHkAcwB0AGUAbQAgAHAAYQByAHQAaQB0AGkAbwBuAAAAAAAAAAAAAAAAAAAAAAAAAAAAAAAAAAAAAAAAAAAAAQAAAAAAAAAAAFAGAAAAAAAAAAEAAAAAAgAAAAAAAAAW48njXAu4TYF9+S3wAhWubxyUU+4aUkGSxur5kk16EAAAAAAAAACATQBpAGMAcgBvAHMAbwBmAHQAIAByAGUAcwBlAHIAdgBlAGQAIABwAGEAcgB0AGkAdABpAG8AbgAAAAAAAAAAAAAAAAAAAAAAAQAAAAAAAAAAAFAHAAAAAADiC1gWAAAAAwAAAAAAAACioNDr5bkzRIfAaLa3JpnHY4Y6w6JxMUCM7MIZFP4SrQAAAAAAAAAAQgBhAHMAaQBjACAAZABhAHQAYQAgAHAAYQByAHQAaQB0AGkAbwBuAAAAAAAAAAAAAAAAAAAAAAAAAAAAAAAAAAAAAAAAAAAAAQAAAAAAAAAAAGBfFgAAAAAAgCAAAAAABAAAAAAAAACku5Te0QZATaFqv9UBedasLLUb3g5OYUObu7rx0+QMAQEAAAAAAACAAAAAAAAAAAAAAAAAAAAAAAAAAAAAAAAAAAAAAAAAAAAAAAAAAAAAAAAAAAAAAAAAAAAAAAAAAAAAAAAAAAAAAAAAAAAAAAAA", "EventData.MbrBytes": "0", "EventData.Mbr": null, "EventData.Vbr0Bytes": "0", "EventData.Vbr0": null, "EventData.Vbr1Bytes": "0", "EventData.Vbr1": null, "EventData.Vbr2Bytes": "0", "EventData.Vbr2": null, "EventData.Vbr3Size": "0", "EventData.Vbr3": null}
{"EventID": "1006", "Channel": "Microsoft-Windows-Partition/Diagnostic", "Provider_Name": "Microsoft-Windows-Partition", "Computer": "DESKTOP-OFJ6N53", "TimeCreated": "2023-08-02 10:03:06.528162+00:00", "RecordID": "110", "Level": "4", "UserID": "S-1-5-18", "EventData.DiskNumber": "0", "EventData.Flags": "538976528", "EventData.Characteristics": "262400", "EventData.IsSystemCritical": "True", "EventData.PagingCount": "0", "EventData.HibernationCount": "0", "EventData.DumpCount": "0", "EventData.BytesPerSector": "512", "EventData.Capacity": "96636764160", "EventData.BusType": "10", "EventData.Manufacturer": "VMware", "EventData.Model": "Virtual disk", "EventData.Revision": "2.0", "EventData.SerialNumber": "NULL", "EventData.Location": "PCI Slot 160 : Bus 3 : Device 0 : Function 0 : Adapter 0 : Port 0 : Target 0 : LUN 0", "EventData.ParentId": "PCI\\VEN_1000&DEV_0054&SUBSYS_197615AD&REV_01\\4&2509f6e&0&00A8", "EventData.Socket": "-1", "EventData.Slot": "160", "EventData.Bus": "3", "EventData.Device": "0", "EventData.Function": "0", "EventData.Adapter": "0", "EventData.Port": "0", "EventData.Target": "0", "EventData.Lun": "0", "EventData.IoctlSupport": "59879", "EventData.IdFlags": "2", "EventData.DiskId": "{c475da4f-311b-11ee-a723-806e6f6e6963}", "EventData.AdapterId": "{2572a953-954b-11ec-a6b8-806e6f6e6963}", "EventData.RegistryId": "{2572a961-954b-11ec-a6b8-806e6f6e6963}", "EventData.PoolId": "{00000000-0000-0000-0000-000000000000}", "EventData.FirmwareSupportsUpgrade": "True", "EventData.FirmwareSlotCount": "1", "EventData.StorageIdCount": "0", "EventData.StorageIdCodeSet": "0", "EventData.StorageIdType": "0", "EventData.StorageIdAssociation": "0", "EventData.StorageIdBytes": "0", "EventData.StorageId": null, "EventData.WriteCacheType": "0", "EventData.WriteCacheEnabled": "0", "EventData.WriteCacheChangeable": "0", "EventData.WriteThroughSupported": "0", "EventData.FlushCacheSupported": "False", "EventData.IsPowerProtected": "False", "EventData.NVCacheEnabled": "False", "EventData.BytesPerLogicalSector": "512", "EventData.BytesPerPhysicalSector": "512", "EventData.BytesOffsetForSectorAlignment": "0", "EventData.IncursSeekPenalty": "False", "EventData.IsTrimSupported": "False", "EventData.IsThinProvisioned": "False", "EventData.OptimalUnmapGranularity": "0", "EventData.UnmapAlignment": "0", "EventData.NumberOfLogicalCopies": "0", "EventData.NumberOfPhysicalCopies": "0", "EventData.FaultTolerance": "0", "EventData.NumberOfColumns": "0", "EventData.InterleaveBytes": "0", "EventData.HybridSupported": "False", "EventData.HybridCacheBytes": "0", "EventData.AdapterMaximumTransferBytes": "16777215", "EventData.AdapterMaximumTransferPages": "257", "EventData.AdapterAlignmentMask": "0", "EventData.AdapterSerialNumber": "NULL", "EventData.PortDriver": "1", "EventData.UserRemovalPolicy": "False", "EventData.PartitionStyle": "1", "EventData.PartitionCount": "4", "EventData.PartitionTableBytes": "624", "EventData.PartitionTable": "AQAAAAQAAAD4OlK1ULGKT4RoGH7auIX0AEQAAAAAAAAAev9/FgAAAIAAAAAAAAAAAQAAAAAAAAAAABAAAAAAAAAAQAYAAAAAAQAAAAAAAAAocyrBH/jSEbpLAKDJPsk7Ft7tjFc2cUiMh/1rxmz2kwAAAAAAAACARQBGAEkAIABzAHkAcwB0AGUAbQAgAHAAYQByAHQAaQB0AGkAbwBuAAAAAAAAAAAAAAAAAAAAAAAAAAAAAAAAAAAAAAAAAAAAAQAAAAAAAAAAAFAGAAAAAAAAAAEAAAAAAgAAAAAAAAAW48njXAu4TYF9+S3wAhWubxyUU+4aUkGSxur5kk16EAAAAAAAAACATQBpAGMAcgBvAHMAbwBmAHQAIAByAGUAcwBlAHIAdgBlAGQAIABwAGEAcgB0AGkAdABpAG8AbgAAAAAAAAAAAAAAAAAAAAAAAQAAAAAAAAAAAFAHAAAAAADiC1gWAAAAAwAAAAAAAACioNDr5bkzRIfAaLa3JpnHY4Y6w6JxMUCM7MIZFP4SrQAAAAAAAAAAQgBhAHMAaQBjACAAZABhAHQAYQAgAHAAYQByAHQAaQB0AGkAbwBuAAAAAAAAAAAAAAAAAAAAAAAAAAAAAAAAAAAAAAAAAAAAAQAAAAAAAAAAAGBfFgAAAAAAgCAAAAAABAAAAAAAAACku5Te0QZATaFqv9UBedasLLUb3g5OYUObu7rx0+QMAQEAAAAAAACAAAAAAAAAAAAAAAAAAAAAAAAAAAAAAAAAAAAAAAAAAAAAAAAAAAAAAAAAAAAAAAAAAAAAAAAAAAAAAAAAAAAAAAAAAAAAAAAA", "EventData.MbrBytes": "0", "EventData.Mbr": null, "EventData.Vbr0Bytes": "0", "EventData.Vbr0": null, "EventData.Vbr1Bytes": "0", "EventData.Vbr1": null, "EventData.Vbr2Bytes": "0", "EventData.Vbr2": null, "EventData.Vbr3Size": "0", "EventData.Vbr3": null}
{"EventID": "1006", "Channel": "Microsoft-Windows-Partition/Diagnostic", "Provider_Name": "Microsoft-Windows-Partition", "Computer": "DESKTOP-OFJ6N53", "TimeCreated": "2023-08-10 07:38:57.900661+00:00", "RecordID": "111", "Level": "4", "UserID": "S-1-5-18", "EventData.DiskNumber": "0", "EventData.Flags": "538976528", "EventData.Characteristics": "262400", "EventData.IsSystemCritical": "True", "EventData.PagingCount": "0", "EventData.HibernationCount": "0", "EventData.DumpCount": "0", "EventData.BytesPerSector": "512", "EventData.Capacity": "96636764160", "EventData.BusType": "10", "EventData.Manufacturer": "VMware", "EventData.Model": "Virtual disk", "EventData.Revision": "2.0", "EventData.SerialNumber": "NULL", "EventData.Location": "PCI Slot 160 : Bus 3 : Device 0 : Function 0 : Adapter 0 : Port 0 : Target 0 : LUN 0", "EventData.ParentId": "PCI\\VEN_1000&DEV_0054&SUBSYS_197615AD&REV_01\\4&2509f6e&0&00A8", "EventData.Socket": "-1", "EventData.Slot": "160", "EventData.Bus": "3", "EventData.Device": "0", "EventData.Function": "0", "EventData.Adapter": "0", "EventData.Port": "0", "EventData.Target": "0", "EventData.Lun": "0", "EventData.IoctlSupport": "59879", "EventData.IdFlags": "2", "EventData.DiskId": "{f48f2fcf-3750-11ee-a724-806e6f6e6963}", "EventData.AdapterId": "{2572a953-954b-11ec-a6b8-806e6f6e6963}", "EventData.RegistryId": "{2572a961-954b-11ec-a6b8-806e6f6e6963}", "EventData.PoolId": "{00000000-0000-0000-0000-000000000000}", "EventData.FirmwareSupportsUpgrade": "True", "EventData.FirmwareSlotCount": "1", "EventData.StorageIdCount": "0", "EventData.StorageIdCodeSet": "0", "EventData.StorageIdType": "0", "EventData.StorageIdAssociation": "0", "EventData.StorageIdBytes": "0", "EventData.StorageId": null, "EventData.WriteCacheType": "0", "EventData.WriteCacheEnabled": "0", "EventData.WriteCacheChangeable": "0", "EventData.WriteThroughSupported": "0", "EventData.FlushCacheSupported": "False", "EventData.IsPowerProtected": "False", "EventData.NVCacheEnabled": "False", "EventData.BytesPerLogicalSector": "512", "EventData.BytesPerPhysicalSector": "512", "EventData.BytesOffsetForSectorAlignment": "0", "EventData.IncursSeekPenalty": "False", "EventData.IsTrimSupported": "False", "EventData.IsThinProvisioned": "False", "EventData.OptimalUnmapGranularity": "0", "EventData.UnmapAlignment": "0", "EventData.NumberOfLogicalCopies": "0", "EventData.NumberOfPhysicalCopies": "0", "EventData.FaultTolerance": "0", "EventData.NumberOfColumns": "0", "EventData.InterleaveBytes": "0", "EventData.HybridSupported": "False", "EventData.HybridCacheBytes": "0", "EventData.AdapterMaximumTransferBytes": "16777215", "EventData.AdapterMaximumTransferPages": "257", "EventData.AdapterAlignmentMask": "0", "EventData.AdapterSerialNumber": "NULL", "EventData.PortDriver": "1", "EventData.UserRemovalPolicy": "False", "EventData.PartitionStyle": "1", "EventData.PartitionCount": "4", "EventData.PartitionTableBytes": "624", "EventData.PartitionTable": "AQAAAAQAAAD4OlK1ULGKT4RoGH7auIX0AEQAAAAAAAAAev9/FgAAAIAAAAAAAAAAAQAAAAAAAAAAABAAAAAAAAAAQAYAAAAAAQAAAAAAAAAocyrBH/jSEbpLAKDJPsk7Ft7tjFc2cUiMh/1rxmz2kwAAAAAAAACARQBGAEkAIABzAHkAcwB0AGUAbQAgAHAAYQByAHQAaQB0AGkAbwBuAAAAAAAAAAAAAAAAAAAAAAAAAAAAAAAAAAAAAAAAAAAAAQAAAAAAAAAAAFAGAAAAAAAAAAEAAAAAAgAAAAAAAAAW48njXAu4TYF9+S3wAhWubxyUU+4aUkGSxur5kk16EAAAAAAAAACATQBpAGMAcgBvAHMAbwBmAHQAIAByAGUAcwBlAHIAdgBlAGQAIABwAGEAcgB0AGkAdABpAG8AbgAAAAAAAAAAAAAAAAAAAAAAAQAAAAAAAAAAAFAHAAAAAADiC1gWAAAAAwAAAAAAAACioNDr5bkzRIfAaLa3JpnHY4Y6w6JxMUCM7MIZFP4SrQAAAAAAAAAAQgBhAHMAaQBjACAAZABhAHQAYQAgAHAAYQByAHQAaQB0AGkAbwBuAAAAAAAAAAAAAAAAAAAAAAAAAAAAAAAAAAAAAAAAAAAAAQAAAAAAAAAAAGBfFgAAAAAAgCAAAAAABAAAAAAAAACku5Te0QZATaFqv9UBedasLLUb3g5OYUObu7rx0+QMAQEAAAAAAACAAAAAAAAAAAAAAAAAAAAAAAAAAAAAAAAAAAAAAAAAAAAAAAAAAAAAAAAAAAAAAAAAAAAAAAAAAAAAAAAAAAAAAAAAAAAAAAAA", "EventData.MbrBytes": "0", "EventData.Mbr": null, "EventData.Vbr0Bytes": "0", "EventData.Vbr0": null, "EventData.Vbr1Bytes": "0", "EventData.Vbr1": null, "EventData.Vbr2Bytes": "0", "EventData.Vbr2": null, "EventData.Vbr3Size": "0", "EventData.Vbr3": null}
{"EventID": "1006", "Channel": "Microsoft-Windows-Partition/Diagnostic", "Provider_Name": "Microsoft-Windows-Partition", "Computer": "DESKTOP-OFJ6N53", "TimeCreated": "2023-08-16 10:00:08.750307+00:00", "RecordID": "112", "Level": "4", "UserID": "S-1-5-18", "EventData.DiskNumber": "0", "EventData.Flags": "538976528", "EventData.Characteristics": "262400", "EventData.IsSystemCritical": "True", "EventData.PagingCount": "0", "EventData.HibernationCount": "0", "EventData.DumpCount": "0", "EventData.BytesPerSector": "512", "EventData.Capacity": "96636764160", "EventData.BusType": "10", "EventData.Manufacturer": "VMware", "EventData.Model": "Virtual disk", "EventData.Revision": "2.0", "EventData.SerialNumber": "NULL", "EventData.Location": "PCI Slot 160 : Bus 3 : Device 0 : Function 0 : Adapter 0 : Port 0 : Target 0 : LUN 0", "EventData.ParentId": "PCI\\VEN_1000&DEV_0054&SUBSYS_197615AD&REV_01\\4&2509f6e&0&00A8", "EventData.Socket": "-1", "EventData.Slot": "160", "EventData.Bus": "3", "EventData.Device": "0", "EventData.Function": "0", "EventData.Adapter": "0", "EventData.Port": "0", "EventData.Target": "0", "EventData.Lun": "0", "EventData.IoctlSupport": "59879", "EventData.IdFlags": "2", "EventData.DiskId": "{ac25b54f-3c1b-11ee-a725-806e6f6e6963}", "EventData.AdapterId": "{2572a953-954b-11ec-a6b8-806e6f6e6963}", "EventData.RegistryId": "{2572a961-954b-11ec-a6b8-806e6f6e6963}", "EventData.PoolId": "{00000000-0000-0000-0000-000000000000}", "EventData.FirmwareSupportsUpgrade": "True", "EventData.FirmwareSlotCount": "1", "EventData.StorageIdCount": "0", "EventData.StorageIdCodeSet": "0", "EventData.StorageIdType": "0", "EventData.StorageIdAssociation": "0", "EventData.StorageIdBytes": "0", "EventData.StorageId": null, "EventData.WriteCacheType": "0", "EventData.WriteCacheEnabled": "0", "EventData.WriteCacheChangeable": "0", "EventData.WriteThroughSupported": "0", "EventData.FlushCacheSupported": "False", "EventData.IsPowerProtected": "False", "EventData.NVCacheEnabled": "False", "EventData.BytesPerLogicalSector": "512", "EventData.BytesPerPhysicalSector": "512", "EventData.BytesOffsetForSectorAlignment": "0", "EventData.IncursSeekPenalty": "False", "EventData.IsTrimSupported": "False", "EventData.IsThinProvisioned": "False", "EventData.OptimalUnmapGranularity": "0", "EventData.UnmapAlignment": "0", "EventData.NumberOfLogicalCopies": "0", "EventData.NumberOfPhysicalCopies": "0", "EventData.FaultTolerance": "0", "EventData.NumberOfColumns": "0", "EventData.InterleaveBytes": "0", "EventData.HybridSupported": "False", "EventData.HybridCacheBytes": "0", "EventData.AdapterMaximumTransferBytes": "16777215", "EventData.AdapterMaximumTransferPages": "257", "EventData.AdapterAlignmentMask": "0", "EventData.AdapterSerialNumber": "NULL", "EventData.PortDriver": "1", "EventData.UserRemovalPolicy": "False", "EventData.PartitionStyle": "1", "EventData.PartitionCount": "4", "EventData.PartitionTableBytes": "624", "EventData.PartitionTable": "AQAAAAQAAAD4OlK1ULGKT4RoGH7auIX0AEQAAAAAAAAAev9/FgAAAIAAAAAAAAAAAQAAAAAAAAAAABAAAAAAAAAAQAYAAAAAAQAAAAAAAAAocyrBH/jSEbpLAKDJPsk7Ft7tjFc2cUiMh/1rxmz2kwAAAAAAAACARQBGAEkAIABzAHkAcwB0AGUAbQAgAHAAYQByAHQAaQB0AGkAbwBuAAAAAAAAAAAAAAAAAAAAAAAAAAAAAAAAAAAAAAAAAAAAAQAAAAAAAAAAAFAGAAAAAAAAAAEAAAAAAgAAAAAAAAAW48njXAu4TYF9+S3wAhWubxyUU+4aUkGSxur5kk16EAAAAAAAAACATQBpAGMAcgBvAHMAbwBmAHQAIAByAGUAcwBlAHIAdgBlAGQAIABwAGEAcgB0AGkAdABpAG8AbgAAAAAAAAAAAAAAAAAAAAAAAQAAAAAAAAAAAFAHAAAAAADiC1gWAAAAAwAAAAAAAACioNDr5bkzRIfAaLa3JpnHY4Y6w6JxMUCM7MIZFP4SrQAAAAAAAAAAQgBhAHMAaQBjACAAZABhAHQAYQAgAHAAYQByAHQAaQB0AGkAbwBuAAAAAAAAAAAAAAAAAAAAAAAAAAAAAAAAAAAAAAAAAAAAAQAAAAAAAAAAAGBfFgAAAAAAgCAAAAAABAAAAAAAAACku5Te0QZATaFqv9UBedasLLUb3g5OYUObu7rx0+QMAQEAAAAAAACAAAAAAAAAAAAAAAAAAAAAAAAAAAAAAAAAAAAAAAAAAAAAAAAAAAAAAAAAAAAAAAAAAAAAAAAAAAAAAAAAAAAAAAAAAAAAAAAA", "EventData.MbrBytes": "0", "EventData.Mbr": null, "EventData.Vbr0Bytes": "0", "EventData.Vbr0": null, "EventData.Vbr1Bytes": "0", "EventData.Vbr1": null, "EventData.Vbr2Bytes": "0", "EventData.Vbr2": null, "EventData.Vbr3Size": "0", "EventData.Vbr3": null}
{"EventID": "1006", "Channel": "Microsoft-Windows-Partition/Diagnostic", "Provider_Name": "Microsoft-Windows-Partition", "Computer": "DESKTOP-OFJ6N53", "TimeCreated": "2023-08-29 22:45:04.853968+00:00", "RecordID": "113", "Level": "4", "UserID": "S-1-5-18", "EventData.DiskNumber": "0", "EventData.Flags": "538976528", "EventData.Characteristics": "262400", "EventData.IsSystemCritical": "True", "EventData.PagingCount": "0", "EventData.HibernationCount": "0", "EventData.DumpCount": "0", "EventData.BytesPerSector": "512", "EventData.Capacity": "96636764160", "EventData.BusType": "10", "EventData.Manufacturer": "VMware", "EventData.Model": "Virtual disk", "EventData.Revision": "2.0", "EventData.SerialNumber": "NULL", "EventData.Location": "PCI Slot 160 : Bus 3 : Device 0 : Function 0 : Adapter 0 : Port 0 : Target 0 : LUN 0", "EventData.ParentId": "PCI\\VEN_1000&DEV_0054&SUBSYS_197615AD&REV_01\\4&2509f6e&0&00A8", "EventData.Socket": "-1", "EventData.Slot": "160", "EventData.Bus": "3", "EventData.Device": "0", "EventData.Function": "0", "EventData.Adapter": "0", "EventData.Port": "0", "EventData.Target": "0", "EventData.Lun": "0", "EventData.IoctlSupport": "59879", "EventData.IdFlags": "2", "EventData.DiskId": "{afaaf44a-46bd-11ee-a726-806e6f6e6963}", "EventData.AdapterId": "{2572a953-954b-11ec-a6b8-806e6f6e6963}", "EventData.RegistryId": "{2572a961-954b-11ec-a6b8-806e6f6e6963}", "EventData.PoolId": "{00000000-0000-0000-0000-000000000000}", "EventData.FirmwareSupportsUpgrade": "True", "EventData.FirmwareSlotCount": "1", "EventData.StorageIdCount": "0", "EventData.StorageIdCodeSet": "0", "EventData.StorageIdType": "0", "EventData.StorageIdAssociation": "0", "EventData.StorageIdBytes": "0", "EventData.StorageId": null, "EventData.WriteCacheType": "0", "EventData.WriteCacheEnabled": "0", "EventData.WriteCacheChangeable": "0", "EventData.WriteThroughSupported": "0", "EventData.FlushCacheSupported": "False", "EventData.IsPowerProtected": "False", "EventData.NVCacheEnabled": "False", "EventData.BytesPerLogicalSector": "512", "EventData.BytesPerPhysicalSector": "512", "EventData.BytesOffsetForSectorAlignment": "0", "EventData.IncursSeekPenalty": "False", "EventData.IsTrimSupported": "False", "EventData.IsThinProvisioned": "False", "EventData.OptimalUnmapGranularity": "0", "EventData.UnmapAlignment": "0", "EventData.NumberOfLogicalCopies": "0", "EventData.NumberOfPhysicalCopies": "0", "EventData.FaultTolerance": "0", "EventData.NumberOfColumns": "0", "EventData.InterleaveBytes": "0", "EventData.HybridSupported": "False", "EventData.HybridCacheBytes": "0", "EventData.AdapterMaximumTransferBytes": "16777215", "EventData.AdapterMaximumTransferPages": "257", "EventData.AdapterAlignmentMask": "0", "EventData.AdapterSerialNumber": "NULL", "EventData.PortDriver": "1", "EventData.UserRemovalPolicy": "False", "EventData.PartitionStyle": "1", "EventData.PartitionCount": "4", "EventData.PartitionTableBytes": "624", "EventData.PartitionTable": "AQAAAAQAAAD4OlK1ULGKT4RoGH7auIX0AEQAAAAAAAAAev9/FgAAAIAAAAAAAAAAAQAAAAAAAAAAABAAAAAAAAAAQAYAAAAAAQAAAAAAAAAocyrBH/jSEbpLAKDJPsk7Ft7tjFc2cUiMh/1rxmz2kwAAAAAAAACARQBGAEkAIABzAHkAcwB0AGUAbQAgAHAAYQByAHQAaQB0AGkAbwBuAAAAAAAAAAAAAAAAAAAAAAAAAAAAAAAAAAAAAAAAAAAAAQAAAAAAAAAAAFAGAAAAAAAAAAEAAAAAAgAAAAAAAAAW48njXAu4TYF9+S3wAhWubxyUU+4aUkGSxur5kk16EAAAAAAAAACATQBpAGMAcgBvAHMAbwBmAHQAIAByAGUAcwBlAHIAdgBlAGQAIABwAGEAcgB0AGkAdABpAG8AbgAAAAAAAAAAAAAAAAAAAAAAAQAAAAAAAAAAAFAHAAAAAADiC1gWAAAAAwAAAAAAAACioNDr5bkzRIfAaLa3JpnHY4Y6w6JxMUCM7MIZFP4SrQAAAAAAAAAAQgBhAHMAaQBjACAAZABhAHQAYQAgAHAAYQByAHQAaQB0AGkAbwBuAAAAAAAAAAAAAAAAAAAAAAAAAAAAAAAAAAAAAAAAAAAAAQAAAAAAAAAAAGBfFgAAAAAAgCAAAAAABAAAAAAAAACku5Te0QZATaFqv9UBedasLLUb3g5OYUObu7rx0+QMAQEAAAAAAACAAAAAAAAAAAAAAAAAAAAAAAAAAAAAAAAAAAAAAAAAAAAAAAAAAAAAAAAAAAAAAAAAAAAAAAAAAAAAAAAAAAAAAAAAAAAAAAAA", "EventData.MbrBytes": "0", "EventData.Mbr": null, "EventData.Vbr0Bytes": "0", "EventData.Vbr0": null, "EventData.Vbr1Bytes": "0", "EventData.Vbr1": null, "EventData.Vbr2Bytes": "0", "EventData.Vbr2": null, "EventData.Vbr3Size": "0", "EventData.Vbr3": null}
{"EventID": "1006", "Channel": "Microsoft-Windows-Partition/Diagnostic", "Provider_Name": "Microsoft-Windows-Partition", "Computer": "DESKTOP-OFJ6N53", "TimeCreated": "2023-09-04 14:36:53.495104+00:00", "RecordID": "114", "Level": "4", "UserID": "S-1-5-18", "EventData.DiskNumber": "0", "EventData.Flags": "538976528", "EventData.Characteristics": "262400", "EventData.IsSystemCritical": "True", "EventData.PagingCount": "0", "EventData.HibernationCount": "0", "EventData.DumpCount": "0", "EventData.BytesPerSector": "512", "EventData.Capacity": "96636764160", "EventData.BusType": "10", "EventData.Manufacturer": "VMware", "EventData.Model": "Virtual disk", "EventData.Revision": "2.0", "EventData.SerialNumber": "NULL", "EventData.Location": "PCI Slot 160 : Bus 3 : Device 0 : Function 0 : Adapter 0 : Port 0 : Target 0 : LUN 0", "EventData.ParentId": "PCI\\VEN_1000&DEV_0054&SUBSYS_197615AD&REV_01\\4&2509f6e&0&00A8", "EventData.Socket": "-1", "EventData.Slot": "160", "EventData.Bus": "3", "EventData.Device": "0", "EventData.Function": "0", "EventData.Adapter": "0", "EventData.Port": "0", "EventData.Target": "0", "EventData.Lun": "0", "EventData.IoctlSupport": "59879", "EventData.IdFlags": "2", "EventData.DiskId": "{7b58e1cf-4b30-11ee-a727-806e6f6e6963}", "EventData.AdapterId": "{2572a953-954b-11ec-a6b8-806e6f6e6963}", "EventData.RegistryId": "{2572a961-954b-11ec-a6b8-806e6f6e6963}", "EventData.PoolId": "{00000000-0000-0000-0000-000000000000}", "EventData.FirmwareSupportsUpgrade": "True", "EventData.FirmwareSlotCount": "1", "EventData.StorageIdCount": "0", "EventData.StorageIdCodeSet": "0", "EventData.StorageIdType": "0", "EventData.StorageIdAssociation": "0", "EventData.StorageIdBytes": "0", "EventData.StorageId": null, "EventData.WriteCacheType": "0", "EventData.WriteCacheEnabled": "0", "EventData.WriteCacheChangeable": "0", "EventData.WriteThroughSupported": "0", "EventData.FlushCacheSupported": "False", "EventData.IsPowerProtected": "False", "EventData.NVCacheEnabled": "False", "EventData.BytesPerLogicalSector": "512", "EventData.BytesPerPhysicalSector": "512", "EventData.BytesOffsetForSectorAlignment": "0", "EventData.IncursSeekPenalty": "False", "EventData.IsTrimSupported": "False", "EventData.IsThinProvisioned": "False", "EventData.OptimalUnmapGranularity": "0", "EventData.UnmapAlignment": "0", "EventData.NumberOfLogicalCopies": "0", "EventData.NumberOfPhysicalCopies": "0", "EventData.FaultTolerance": "0", "EventData.NumberOfColumns": "0", "EventData.InterleaveBytes": "0", "EventData.HybridSupported": "False", "EventData.HybridCacheBytes": "0", "EventData.AdapterMaximumTransferBytes": "16777215", "EventData.AdapterMaximumTransferPages": "257", "EventData.AdapterAlignmentMask": "0", "EventData.AdapterSerialNumber": "NULL", "EventData.PortDriver": "1", "EventData.UserRemovalPolicy": "False", "EventData.PartitionStyle": "1", "EventData.PartitionCount": "4", "EventData.PartitionTableBytes": "624", "EventData.PartitionTable": "AQAAAAQAAAD4OlK1ULGKT4RoGH7auIX0AEQAAAAAAAAAev9/FgAAAIAAAAAAAAAAAQAAAAAAAAAAABAAAAAAAAAAQAYAAAAAAQAAAAAAAAAocyrBH/jSEbpLAKDJPsk7Ft7tjFc2cUiMh/1rxmz2kwAAAAAAAACARQBGAEkAIABzAHkAcwB0AGUAbQAgAHAAYQByAHQAaQB0AGkAbwBuAAAAAAAAAAAAAAAAAAAAAAAAAAAAAAAAAAAAAAAAAAAAAQAAAAAAAAAAAFAGAAAAAAAAAAEAAAAAAgAAAAAAAAAW48njXAu4TYF9+S3wAhWubxyUU+4aUkGSxur5kk16EAAAAAAAAACATQBpAGMAcgBvAHMAbwBmAHQAIAByAGUAcwBlAHIAdgBlAGQAIABwAGEAcgB0AGkAdABpAG8AbgAAAAAAAAAAAAAAAAAAAAAAAQAAAAAAAAAAAFAHAAAAAADiC1gWAAAAAwAAAAAAAACioNDr5bkzRIfAaLa3JpnHY4Y6w6JxMUCM7MIZFP4SrQAAAAAAAAAAQgBhAHMAaQBjACAAZABhAHQAYQAgAHAAYQByAHQAaQB0AGkAbwBuAAAAAAAAAAAAAAAAAAAAAAAAAAAAAAAAAAAAAAAAAAAAAQAAAAAAAAAAAGBfFgAAAAAAgCAAAAAABAAAAAAAAACku5Te0QZATaFqv9UBedasLLUb3g5OYUObu7rx0+QMAQEAAAAAAACAAAAAAAAAAAAAAAAAAAAAAAAAAAAAAAAAAAAAAAAAAAAAAAAAAAAAAAAAAAAAAAAAAAAAAAAAAAAAAAAAAAAAAAAAAAAAAAAA", "EventData.MbrBytes": "0", "EventData.Mbr": null, "EventData.Vbr0Bytes": "0", "EventData.Vbr0": null, "EventData.Vbr1Bytes": "0", "EventData.Vbr1": null, "EventData.Vbr2Bytes": "0", "EventData.Vbr2": null, "EventData.Vbr3Size": "0", "EventData.Vbr3": null}
{"EventID": "1006", "Channel": "Microsoft-Windows-Partition/Diagnostic", "Provider_Name": "Microsoft-Windows-Partition", "Computer": "DESKTOP-OFJ6N53", "TimeCreated": "2023-09-13 14:36:27.825539+00:00", "RecordID": "115", "Level": "4", "UserID": "S-1-5-18", "EventData.DiskNumber": "0", "EventData.Flags": "538976528", "EventData.Characteristics": "262400", "EventData.IsSystemCritical": "True", "EventData.PagingCount": "0", "EventData.HibernationCount": "0", "EventData.DumpCount": "0", "EventData.BytesPerSector": "512", "EventData.Capacity": "96636764160", "EventData.BusType": "10", "EventData.Manufacturer": "VMware", "EventData.Model": "Virtual disk", "EventData.Revision": "2.0", "EventData.SerialNumber": "NULL", "EventData.Location": "PCI Slot 160 : Bus 3 : Device 0 : Function 0 : Adapter 0 : Port 0 : Target 0 : LUN 0", "EventData.ParentId": "PCI\\VEN_1000&DEV_0054&SUBSYS_197615AD&REV_01\\4&2509f6e&0&00A8", "EventData.Socket": "-1", "EventData.Slot": "160", "EventData.Bus": "3", "EventData.Device": "0", "EventData.Function": "0", "EventData.Adapter": "0", "EventData.Port": "0", "EventData.Target": "0", "EventData.Lun": "0", "EventData.IoctlSupport": "59879", "EventData.IdFlags": "2", "EventData.DiskId": "{e99158d1-5242-11ee-a728-806e6f6e6963}", "EventData.AdapterId": "{2572a953-954b-11ec-a6b8-806e6f6e6963}", "EventData.RegistryId": "{2572a961-954b-11ec-a6b8-806e6f6e6963}", "EventData.PoolId": "{00000000-0000-0000-0000-000000000000}", "EventData.FirmwareSupportsUpgrade": "True", "EventData.FirmwareSlotCount": "1", "EventData.StorageIdCount": "0", "EventData.StorageIdCodeSet": "0", "EventData.StorageIdType": "0", "EventData.StorageIdAssociation": "0", "EventData.StorageIdBytes": "0", "EventData.StorageId": null, "EventData.WriteCacheType": "0", "EventData.WriteCacheEnabled": "0", "EventData.WriteCacheChangeable": "0", "EventData.WriteThroughSupported": "0", "EventData.FlushCacheSupported": "False", "EventData.IsPowerProtected": "False", "EventData.NVCacheEnabled": "False", "EventData.BytesPerLogicalSector": "512", "EventData.BytesPerPhysicalSector": "512", "EventData.BytesOffsetForSectorAlignment": "0", "EventData.IncursSeekPenalty": "False", "EventData.IsTrimSupported": "False", "EventData.IsThinProvisioned": "False", "EventData.OptimalUnmapGranularity": "0", "EventData.UnmapAlignment": "0", "EventData.NumberOfLogicalCopies": "0", "EventData.NumberOfPhysicalCopies": "0", "EventData.FaultTolerance": "0", "EventData.NumberOfColumns": "0", "EventData.InterleaveBytes": "0", "EventData.HybridSupported": "False", "EventData.HybridCacheBytes": "0", "EventData.AdapterMaximumTransferBytes": "16777215", "EventData.AdapterMaximumTransferPages": "257", "EventData.AdapterAlignmentMask": "0", "EventData.AdapterSerialNumber": "NULL", "EventData.PortDriver": "1", "EventData.UserRemovalPolicy": "False", "EventData.PartitionStyle": "1", "EventData.PartitionCount": "4", "EventData.PartitionTableBytes": "624", "EventData.PartitionTable": "AQAAAAQAAAD4OlK1ULGKT4RoGH7auIX0AEQAAAAAAAAAev9/FgAAAIAAAAAAAAAAAQAAAAAAAAAAABAAAAAAAAAAQAYAAAAAAQAAAAAAAAAocyrBH/jSEbpLAKDJPsk7Ft7tjFc2cUiMh/1rxmz2kwAAAAAAAACARQBGAEkAIABzAHkAcwB0AGUAbQAgAHAAYQByAHQAaQB0AGkAbwBuAAAAAAAAAAAAAAAAAAAAAAAAAAAAAAAAAAAAAAAAAAAAAQAAAAAAAAAAAFAGAAAAAAAAAAEAAAAAAgAAAAAAAAAW48njXAu4TYF9+S3wAhWubxyUU+4aUkGSxur5kk16EAAAAAAAAACATQBpAGMAcgBvAHMAbwBmAHQAIAByAGUAcwBlAHIAdgBlAGQAIABwAGEAcgB0AGkAdABpAG8AbgAAAAAAAAAAAAAAAAAAAAAAAQAAAAAAAAAAAFAHAAAAAADiC1gWAAAAAwAAAAAAAACioNDr5bkzRIfAaLa3JpnHY4Y6w6JxMUCM7MIZFP4SrQAAAAAAAAAAQgBhAHMAaQBjACAAZABhAHQAYQAgAHAAYQByAHQAaQB0AGkAbwBuAAAAAAAAAAAAAAAAAAAAAAAAAAAAAAAAAAAAAAAAAAAAAQAAAAAAAAAAAGBfFgAAAAAAgCAAAAAABAAAAAAAAACku5Te0QZATaFqv9UBedasLLUb3g5OYUObu7rx0+QMAQEAAAAAAACAAAAAAAAAAAAAAAAAAAAAAAAAAAAAAAAAAAAAAAAAAAAAAAAAAAAAAAAAAAAAAAAAAAAAAAAAAAAAAAAAAAAAAAAAAAAAAAAA", "EventData.MbrBytes": "0", "EventData.Mbr": null, "EventData.Vbr0Bytes": "0", "EventData.Vbr0": null, "EventData.Vbr1Bytes": "0", "EventData.Vbr1": null, "EventData.Vbr2Bytes": "0", "EventData.Vbr2": null, "EventData.Vbr3Size": "0", "EventData.Vbr3": null}
{"EventID": "1006", "Channel": "Microsoft-Windows-Partition/Diagnostic", "Provider_Name": "Microsoft-Windows-Partition", "Computer": "DESKTOP-OFJ6N53", "TimeCreated": "2023-09-29 16:10:32.792128+00:00", "RecordID": "116", "Level": "4", "UserID": "S-1-5-18", "EventData.DiskNumber": "0", "EventData.Flags": "538976528", "EventData.Characteristics": "262400", "EventData.IsSystemCritical": "True", "EventData.PagingCount": "0", "EventData.HibernationCount": "0", "EventData.DumpCount": "0", "EventData.BytesPerSector": "512", "EventData.Capacity": "96636764160", "EventData.BusType": "10", "EventData.Manufacturer": "VMware", "EventData.Model": "Virtual disk", "EventData.Revision": "2.0", "EventData.SerialNumber": "NULL", "EventData.Location": "PCI Slot 160 : Bus 3 : Device 0 : Function 0 : Adapter 0 : Port 0 : Target 0 : LUN 0", "EventData.ParentId": "PCI\\VEN_1000&DEV_0054&SUBSYS_197615AD&REV_01\\4&2509f6e&0&00A8", "EventData.Socket": "-1", "EventData.Slot": "160", "EventData.Bus": "3", "EventData.Device": "0", "EventData.Function": "0", "EventData.Adapter": "0", "EventData.Port": "0", "EventData.Target": "0", "EventData.Lun": "0", "EventData.IoctlSupport": "59879", "EventData.IdFlags": "2", "EventData.DiskId": "{b4dbfd4f-5ee2-11ee-a729-806e6f6e6963}", "EventData.AdapterId": "{2572a953-954b-11ec-a6b8-806e6f6e6963}", "EventData.RegistryId": "{2572a961-954b-11ec-a6b8-806e6f6e6963}", "EventData.PoolId": "{00000000-0000-0000-0000-000000000000}", "EventData.FirmwareSupportsUpgrade": "True", "EventData.FirmwareSlotCount": "1", "EventData.StorageIdCount": "0", "EventData.StorageIdCodeSet": "0", "EventData.StorageIdType": "0", "EventData.StorageIdAssociation": "0", "EventData.StorageIdBytes": "0", "EventData.StorageId": null, "EventData.WriteCacheType": "0", "EventData.WriteCacheEnabled": "0", "EventData.WriteCacheChangeable": "0", "EventData.WriteThroughSupported": "0", "EventData.FlushCacheSupported": "False", "EventData.IsPowerProtected": "False", "EventData.NVCacheEnabled": "False", "EventData.BytesPerLogicalSector": "512", "EventData.BytesPerPhysicalSector": "512", "EventData.BytesOffsetForSectorAlignment": "0", "EventData.IncursSeekPenalty": "False", "EventData.IsTrimSupported": "False", "EventData.IsThinProvisioned": "False", "EventData.OptimalUnmapGranularity": "0", "EventData.UnmapAlignment": "0", "EventData.NumberOfLogicalCopies": "0", "EventData.NumberOfPhysicalCopies": "0", "EventData.FaultTolerance": "0", "EventData.NumberOfColumns": "0", "EventData.InterleaveBytes": "0", "EventData.HybridSupported": "False", "EventData.HybridCacheBytes": "0", "EventData.AdapterMaximumTransferBytes": "16777215", "EventData.AdapterMaximumTransferPages": "257", "EventData.AdapterAlignmentMask": "0", "EventData.AdapterSerialNumber": "NULL", "EventData.PortDriver": "1", "EventData.UserRemovalPolicy": "False", "EventData.PartitionStyle": "1", "EventData.PartitionCount": "4", "EventData.PartitionTableBytes": "624", "EventData.PartitionTable": "AQAAAAQAAAD4OlK1ULGKT4RoGH7auIX0AEQAAAAAAAAAev9/FgAAAIAAAAAAAAAAAQAAAAAAAAAAABAAAAAAAAAAQAYAAAAAAQAAAAAAAAAocyrBH/jSEbpLAKDJPsk7Ft7tjFc2cUiMh/1rxmz2kwAAAAAAAACARQBGAEkAIABzAHkAcwB0AGUAbQAgAHAAYQByAHQAaQB0AGkAbwBuAAAAAAAAAAAAAAAAAAAAAAAAAAAAAAAAAAAAAAAAAAAAAQAAAAAAAAAAAFAGAAAAAAAAAAEAAAAAAgAAAAAAAAAW48njXAu4TYF9+S3wAhWubxyUU+4aUkGSxur5kk16EAAAAAAAAACATQBpAGMAcgBvAHMAbwBmAHQAIAByAGUAcwBlAHIAdgBlAGQAIABwAGEAcgB0AGkAdABpAG8AbgAAAAAAAAAAAAAAAAAAAAAAAQAAAAAAAAAAAFAHAAAAAADiC1gWAAAAAwAAAAAAAACioNDr5bkzRIfAaLa3JpnHY4Y6w6JxMUCM7MIZFP4SrQAAAAAAAAAAQgBhAHMAaQBjACAAZABhAHQAYQAgAHAAYQByAHQAaQB0AGkAbwBuAAAAAAAAAAAAAAAAAAAAAAAAAAAAAAAAAAAAAAAAAAAAAQAAAAAAAAAAAGBfFgAAAAAAgCAAAAAABAAAAAAAAACku5Te0QZATaFqv9UBedasLLUb3g5OYUObu7rx0+QMAQEAAAAAAACAAAAAAAAAAAAAAAAAAAAAAAAAAAAAAAAAAAAAAAAAAAAAAAAAAAAAAAAAAAAAAAAAAAAAAAAAAAAAAAAAAAAAAAAAAAAAAAAA", "EventData.MbrBytes": "0", "EventData.Mbr": null, "EventData.Vbr0Bytes": "0", "EventData.Vbr0": null, "EventData.Vbr1Bytes": "0", "EventData.Vbr1": null, "EventData.Vbr2Bytes": "0", "EventData.Vbr2": null, "EventData.Vbr3Size": "0", "EventData.Vbr3": null}
{"EventID": "1006", "Channel": "Microsoft-Windows-Partition/Diagnostic", "Provider_Name": "Microsoft-Windows-Partition", "Computer": "DESKTOP-OFJ6N53", "TimeCreated": "2023-10-12 16:55:20.780422+00:00", "RecordID": "117", "Level": "4", "UserID": "S-1-5-18", "EventData.DiskNumber": "0", "EventData.Flags": "538976528", "EventData.Characteristics": "262400", "EventData.IsSystemCritical": "True", "EventData.PagingCount": "0", "EventData.HibernationCount": "0", "EventData.DumpCount": "0", "EventData.BytesPerSector": "512", "EventData.Capacity": "96636764160", "EventData.BusType": "10", "EventData.Manufacturer": "VMware", "EventData.Model": "Virtual disk", "EventData.Revision": "2.0", "EventData.SerialNumber": "NULL", "EventData.Location": "PCI Slot 160 : Bus 3 : Device 0 : Function 0 : Adapter 0 : Port 0 : Target 0 : LUN 0", "EventData.ParentId": "PCI\\VEN_1000&DEV_0054&SUBSYS_197615AD&REV_01\\4&2509f6e&0&00A8", "EventData.Socket": "-1", "EventData.Slot": "160", "EventData.Bus": "3", "EventData.Device": "0", "EventData.Function": "0", "EventData.Adapter": "0", "EventData.Port": "0", "EventData.Target": "0", "EventData.Lun": "0", "EventData.IoctlSupport": "59879", "EventData.IdFlags": "2", "EventData.DiskId": "{1e66fd52-6920-11ee-a72a-806e6f6e6963}", "EventData.AdapterId": "{2572a953-954b-11ec-a6b8-806e6f6e6963}", "EventData.RegistryId": "{2572a961-954b-11ec-a6b8-806e6f6e6963}", "EventData.PoolId": "{00000000-0000-0000-0000-000000000000}", "EventData.FirmwareSupportsUpgrade": "True", "EventData.FirmwareSlotCount": "1", "EventData.StorageIdCount": "0", "EventData.StorageIdCodeSet": "0", "EventData.StorageIdType": "0", "EventData.StorageIdAssociation": "0", "EventData.StorageIdBytes": "0", "EventData.StorageId": null, "EventData.WriteCacheType": "0", "EventData.WriteCacheEnabled": "0", "EventData.WriteCacheChangeable": "0", "EventData.WriteThroughSupported": "0", "EventData.FlushCacheSupported": "False", "EventData.IsPowerProtected": "False", "EventData.NVCacheEnabled": "False", "EventData.BytesPerLogicalSector": "512", "EventData.BytesPerPhysicalSector": "512", "EventData.BytesOffsetForSectorAlignment": "0", "EventData.IncursSeekPenalty": "False", "EventData.IsTrimSupported": "False", "EventData.IsThinProvisioned": "False", "EventData.OptimalUnmapGranularity": "0", "EventData.UnmapAlignment": "0", "EventData.NumberOfLogicalCopies": "0", "EventData.NumberOfPhysicalCopies": "0", "EventData.FaultTolerance": "0", "EventData.NumberOfColumns": "0", "EventData.InterleaveBytes": "0", "EventData.HybridSupported": "False", "EventData.HybridCacheBytes": "0", "EventData.AdapterMaximumTransferBytes": "16777215", "EventData.AdapterMaximumTransferPages": "257", "EventData.AdapterAlignmentMask": "0", "EventData.AdapterSerialNumber": "NULL", "EventData.PortDriver": "1", "EventData.UserRemovalPolicy": "False", "EventData.PartitionStyle": "1", "EventData.PartitionCount": "4", "EventData.PartitionTableBytes": "624", "EventData.PartitionTable": "AQAAAAQAAAD4OlK1ULGKT4RoGH7auIX0AEQAAAAAAAAAev9/FgAAAIAAAAAAAAAAAQAAAAAAAAAAABAAAAAAAAAAQAYAAAAAAQAAAAAAAAAocyrBH/jSEbpLAKDJPsk7Ft7tjFc2cUiMh/1rxmz2kwAAAAAAAACARQBGAEkAIABzAHkAcwB0AGUAbQAgAHAAYQByAHQAaQB0AGkAbwBuAAAAAAAAAAAAAAAAAAAAAAAAAAAAAAAAAAAAAAAAAAAAAQAAAAAAAAAAAFAGAAAAAAAAAAEAAAAAAgAAAAAAAAAW48njXAu4TYF9+S3wAhWubxyUU+4aUkGSxur5kk16EAAAAAAAAACATQBpAGMAcgBvAHMAbwBmAHQAIAByAGUAcwBlAHIAdgBlAGQAIABwAGEAcgB0AGkAdABpAG8AbgAAAAAAAAAAAAAAAAAAAAAAAQAAAAAAAAAAAFAHAAAAAADiC1gWAAAAAwAAAAAAAACioNDr5bkzRIfAaLa3JpnHY4Y6w6JxMUCM7MIZFP4SrQAAAAAAAAAAQgBhAHMAaQBjACAAZABhAHQAYQAgAHAAYQByAHQAaQB0AGkAbwBuAAAAAAAAAAAAAAAAAAAAAAAAAAAAAAAAAAAAAAAAAAAAAQAAAAAAAAAAAGBfFgAAAAAAgCAAAAAABAAAAAAAAACku5Te0QZATaFqv9UBedasLLUb3g5OYUObu7rx0+QMAQEAAAAAAACAAAAAAAAAAAAAAAAAAAAAAAAAAAAAAAAAAAAAAAAAAAAAAAAAAAAAAAAAAAAAAAAAAAAAAAAAAAAAAAAAAAAAAAAAAAAAAAAA", "EventData.MbrBytes": "0", "EventData.Mbr": null, "EventData.Vbr0Bytes": "0", "EventData.Vbr0": null, "EventData.Vbr1Bytes": "0", "EventData.Vbr1": null, "EventData.Vbr2Bytes": "0", "EventData.Vbr2": null, "EventData.Vbr3Size": "0", "EventData.Vbr3": null}
{"EventID": "1006", "Channel": "Microsoft-Windows-Partition/Diagnostic", "Provider_Name": "Microsoft-Windows-Partition", "Computer": "DESKTOP-OFJ6N53", "TimeCreated": "2023-10-27 14:40:31.715921+00:00", "RecordID": "118", "Level": "4", "UserID": "S-1-5-18", "EventData.DiskNumber": "0", "EventData.Flags": "538976528", "EventData.Characteristics": "262400", "EventData.IsSystemCritical": "True", "EventData.PagingCount": "0", "EventData.HibernationCount": "0", "EventData.DumpCount": "0", "EventData.BytesPerSector": "512", "EventData.Capacity": "96636764160", "EventData.BusType": "10", "EventData.Manufacturer": "VMware", "EventData.Model": "Virtual disk", "EventData.Revision": "2.0", "EventData.SerialNumber": "NULL", "EventData.Location": "PCI Slot 160 : Bus 3 : Device 0 : Function 0 : Adapter 0 : Port 0 : Target 0 : LUN 0", "EventData.ParentId": "PCI\\VEN_1000&DEV_0054&SUBSYS_197615AD&REV_01\\4&2509f6e&0&00A8", "EventData.Socket": "-1", "EventData.Slot": "160", "EventData.Bus": "3", "EventData.Device": "0", "EventData.Function": "0", "EventData.Adapter": "0", "EventData.Port": "0", "EventData.Target": "0", "EventData.Lun": "0", "EventData.IoctlSupport": "59879", "EventData.IdFlags": "2", "EventData.DiskId": "{c52dcacf-74d6-11ee-a72b-806e6f6e6963}", "EventData.AdapterId": "{2572a953-954b-11ec-a6b8-806e6f6e6963}", "EventData.RegistryId": "{2572a961-954b-11ec-a6b8-806e6f6e6963}", "EventData.PoolId": "{00000000-0000-0000-0000-000000000000}", "EventData.FirmwareSupportsUpgrade": "True", "EventData.FirmwareSlotCount": "1", "EventData.StorageIdCount": "0", "EventData.StorageIdCodeSet": "0", "EventData.StorageIdType": "0", "EventData.StorageIdAssociation": "0", "EventData.StorageIdBytes": "0", "EventData.StorageId": null, "EventData.WriteCacheType": "0", "EventData.WriteCacheEnabled": "0", "EventData.WriteCacheChangeable": "0", "EventData.WriteThroughSupported": "0", "EventData.FlushCacheSupported": "False", "EventData.IsPowerProtected": "False", "EventData.NVCacheEnabled": "False", "EventData.BytesPerLogicalSector": "512", "EventData.BytesPerPhysicalSector": "512", "EventData.BytesOffsetForSectorAlignment": "0", "EventData.IncursSeekPenalty": "False", "EventData.IsTrimSupported": "False", "EventData.IsThinProvisioned": "False", "EventData.OptimalUnmapGranularity": "0", "EventData.UnmapAlignment": "0", "EventData.NumberOfLogicalCopies": "0", "EventData.NumberOfPhysicalCopies": "0", "EventData.FaultTolerance": "0", "EventData.NumberOfColumns": "0", "EventData.InterleaveBytes": "0", "EventData.HybridSupported": "False", "EventData.HybridCacheBytes": "0", "EventData.AdapterMaximumTransferBytes": "16777215", "EventData.AdapterMaximumTransferPages": "257", "EventData.AdapterAlignmentMask": "0", "EventData.AdapterSerialNumber": "NULL", "EventData.PortDriver": "1", "EventData.UserRemovalPolicy": "False", "EventData.PartitionStyle": "1", "EventData.PartitionCount": "4", "EventData.PartitionTableBytes": "624", "EventData.PartitionTable": "AQAAAAQAAAD4OlK1ULGKT4RoGH7auIX0AEQAAAAAAAAAev9/FgAAAIAAAAAAAAAAAQAAAAAAAAAAABAAAAAAAAAAQAYAAAAAAQAAAAAAAAAocyrBH/jSEbpLAKDJPsk7Ft7tjFc2cUiMh/1rxmz2kwAAAAAAAACARQBGAEkAIABzAHkAcwB0AGUAbQAgAHAAYQByAHQAaQB0AGkAbwBuAAAAAAAAAAAAAAAAAAAAAAAAAAAAAAAAAAAAAAAAAAAAAQAAAAAAAAAAAFAGAAAAAAAAAAEAAAAAAgAAAAAAAAAW48njXAu4TYF9+S3wAhWubxyUU+4aUkGSxur5kk16EAAAAAAAAACATQBpAGMAcgBvAHMAbwBmAHQAIAByAGUAcwBlAHIAdgBlAGQAIABwAGEAcgB0AGkAdABpAG8AbgAAAAAAAAAAAAAAAAAAAAAAAQAAAAAAAAAAAFAHAAAAAADiC1gWAAAAAwAAAAAAAACioNDr5bkzRIfAaLa3JpnHY4Y6w6JxMUCM7MIZFP4SrQAAAAAAAAAAQgBhAHMAaQBjACAAZABhAHQAYQAgAHAAYQByAHQAaQB0AGkAbwBuAAAAAAAAAAAAAAAAAAAAAAAAAAAAAAAAAAAAAAAAAAAAAQAAAAAAAAAAAGBfFgAAAAAAgCAAAAAABAAAAAAAAACku5Te0QZATaFqv9UBedasLLUb3g5OYUObu7rx0+QMAQEAAAAAAACAAAAAAAAAAAAAAAAAAAAAAAAAAAAAAAAAAAAAAAAAAAAAAAAAAAAAAAAAAAAAAAAAAAAAAAAAAAAAAAAAAAAAAAAAAAAAAAAA", "EventData.MbrBytes": "0", "EventData.Mbr": null, "EventData.Vbr0Bytes": "0", "EventData.Vbr0": null, "EventData.Vbr1Bytes": "0", "EventData.Vbr1": null, "EventData.Vbr2Bytes": "0", "EventData.Vbr2": null, "EventData.Vbr3Size": "0", "EventData.Vbr3": null}
{"EventID": "1006", "Channel": "Microsoft-Windows-Partition/Diagnostic", "Provider_Name": "Microsoft-Windows-Partition", "Computer": "DESKTOP-OFJ6N53", "TimeCreated": "2023-11-20 15:05:26.812077+00:00", "RecordID": "119", "Level": "4", "UserID": "S-1-5-18", "EventData.DiskNumber": "0", "EventData.Flags": "538976528", "EventData.Characteristics": "262400", "EventData.IsSystemCritical": "True", "EventData.PagingCount": "0", "EventData.HibernationCount": "0", "EventData.DumpCount": "0", "EventData.BytesPerSector": "512", "EventData.Capacity": "96636764160", "EventData.BusType": "10", "EventData.Manufacturer": "VMware", "EventData.Model": "Virtual disk", "EventData.Revision": "2.0", "EventData.SerialNumber": "NULL", "EventData.Location": "PCI Slot 160 : Bus 3 : Device 0 : Function 0 : Adapter 0 : Port 0 : Target 0 : LUN 0", "EventData.ParentId": "PCI\\VEN_1000&DEV_0054&SUBSYS_197615AD&REV_01\\4&2509f6e&0&00A8", "EventData.Socket": "-1", "EventData.Slot": "160", "EventData.Bus": "3", "EventData.Device": "0", "EventData.Function": "0", "EventData.Adapter": "0", "EventData.Port": "0", "EventData.Target": "0", "EventData.Lun": "0", "EventData.IoctlSupport": "59879", "EventData.IdFlags": "2", "EventData.DiskId": "{3a2eb052-87b6-11ee-a72c-806e6f6e6963}", "EventData.AdapterId": "{2572a953-954b-11ec-a6b8-806e6f6e6963}", "EventData.RegistryId": "{2572a961-954b-11ec-a6b8-806e6f6e6963}", "EventData.PoolId": "{00000000-0000-0000-0000-000000000000}", "EventData.FirmwareSupportsUpgrade": "True", "EventData.FirmwareSlotCount": "1", "EventData.StorageIdCount": "0", "EventData.StorageIdCodeSet": "0", "EventData.StorageIdType": "0", "EventData.StorageIdAssociation": "0", "EventData.StorageIdBytes": "0", "EventData.StorageId": null, "EventData.WriteCacheType": "0", "EventData.WriteCacheEnabled": "0", "EventData.WriteCacheChangeable": "0", "EventData.WriteThroughSupported": "0", "EventData.FlushCacheSupported": "False", "EventData.IsPowerProtected": "False", "EventData.NVCacheEnabled": "False", "EventData.BytesPerLogicalSector": "512", "EventData.BytesPerPhysicalSector": "512", "EventData.BytesOffsetForSectorAlignment": "0", "EventData.IncursSeekPenalty": "False", "EventData.IsTrimSupported": "False", "EventData.IsThinProvisioned": "False", "EventData.OptimalUnmapGranularity": "0", "EventData.UnmapAlignment": "0", "EventData.NumberOfLogicalCopies": "0", "EventData.NumberOfPhysicalCopies": "0", "EventData.FaultTolerance": "0", "EventData.NumberOfColumns": "0", "EventData.InterleaveBytes": "0", "EventData.HybridSupported": "False", "EventData.HybridCacheBytes": "0", "EventData.AdapterMaximumTransferBytes": "16777215", "EventData.AdapterMaximumTransferPages": "257", "EventData.AdapterAlignmentMask": "0", "EventData.AdapterSerialNumber": "NULL", "EventData.PortDriver": "1", "EventData.UserRemovalPolicy": "False", "EventData.PartitionStyle": "1", "EventData.PartitionCount": "4", "EventData.PartitionTableBytes": "624", "EventData.PartitionTable": "AQAAAAQAAAD4OlK1ULGKT4RoGH7auIX0AEQAAAAAAAAAev9/FgAAAIAAAAAAAAAAAQAAAAAAAAAAABAAAAAAAAAAQAYAAAAAAQAAAAAAAAAocyrBH/jSEbpLAKDJPsk7Ft7tjFc2cUiMh/1rxmz2kwAAAAAAAACARQBGAEkAIABzAHkAcwB0AGUAbQAgAHAAYQByAHQAaQB0AGkAbwBuAAAAAAAAAAAAAAAAAAAAAAAAAAAAAAAAAAAAAAAAAAAAAQAAAAAAAAAAAFAGAAAAAAAAAAEAAAAAAgAAAAAAAAAW48njXAu4TYF9+S3wAhWubxyUU+4aUkGSxur5kk16EAAAAAAAAACATQBpAGMAcgBvAHMAbwBmAHQAIAByAGUAcwBlAHIAdgBlAGQAIABwAGEAcgB0AGkAdABpAG8AbgAAAAAAAAAAAAAAAAAAAAAAAQAAAAAAAAAAAFAHAAAAAADiC1gWAAAAAwAAAAAAAACioNDr5bkzRIfAaLa3JpnHY4Y6w6JxMUCM7MIZFP4SrQAAAAAAAAAAQgBhAHMAaQBjACAAZABhAHQAYQAgAHAAYQByAHQAaQB0AGkAbwBuAAAAAAAAAAAAAAAAAAAAAAAAAAAAAAAAAAAAAAAAAAAAAQAAAAAAAAAAAGBfFgAAAAAAgCAAAAAABAAAAAAAAACku5Te0QZATaFqv9UBedasLLUb3g5OYUObu7rx0+QMAQEAAAAAAACAAAAAAAAAAAAAAAAAAAAAAAAAAAAAAAAAAAAAAAAAAAAAAAAAAAAAAAAAAAAAAAAAAAAAAAAAAAAAAAAAAAAAAAAAAAAAAAAA", "EventData.MbrBytes": "0", "EventData.Mbr": null, "EventData.Vbr0Bytes": "0", "EventData.Vbr0": null, "EventData.Vbr1Bytes": "0", "EventData.Vbr1": null, "EventData.Vbr2Bytes": "0", "EventData.Vbr2": null, "EventData.Vbr3Size": "0", "EventData.Vbr3": null}
{"EventID": "1006", "Channel": "Microsoft-Windows-Partition/Diagnostic", "Provider_Name": "Microsoft-Windows-Partition", "Computer": "DESKTOP-OFJ6N53", "TimeCreated": "2023-12-12 07:25:13.824682+00:00", "RecordID": "120", "Level": "4", "UserID": "S-1-5-18", "EventData.DiskNumber": "0", "EventData.Flags": "538976528", "EventData.Characteristics": "262400", "EventData.IsSystemCritical": "True", "EventData.PagingCount": "0", "EventData.HibernationCount": "0", "EventData.DumpCount": "0", "EventData.BytesPerSector": "512", "EventData.Capacity": "96636764160", "EventData.BusType": "10", "EventData.Manufacturer": "VMware", "EventData.Model": "Virtual disk", "EventData.Revision": "2.0", "EventData.SerialNumber": "NULL", "EventData.Location": "PCI Slot 160 : Bus 3 : Device 0 : Function 0 : Adapter 0 : Port 0 : Target 0 : LUN 0", "EventData.ParentId": "PCI\\VEN_1000&DEV_0054&SUBSYS_197615AD&REV_01\\4&2509f6e&0&00A8", "EventData.Socket": "-1", "EventData.Slot": "160", "EventData.Bus": "3", "EventData.Device": "0", "EventData.Function": "0", "EventData.Adapter": "0", "EventData.Port": "0", "EventData.Target": "0", "EventData.Lun": "0", "EventData.IoctlSupport": "59879", "EventData.IdFlags": "2", "EventData.DiskId": "{94a3c3cf-98bf-11ee-a72d-806e6f6e6963}", "EventData.AdapterId": "{2572a953-954b-11ec-a6b8-806e6f6e6963}", "EventData.RegistryId": "{2572a961-954b-11ec-a6b8-806e6f6e6963}", "EventData.PoolId": "{00000000-0000-0000-0000-000000000000}", "EventData.FirmwareSupportsUpgrade": "True", "EventData.FirmwareSlotCount": "1", "EventData.StorageIdCount": "0", "EventData.StorageIdCodeSet": "0", "EventData.StorageIdType": "0", "EventData.StorageIdAssociation": "0", "EventData.StorageIdBytes": "0", "EventData.StorageId": null, "EventData.WriteCacheType": "0", "EventData.WriteCacheEnabled": "0", "EventData.WriteCacheChangeable": "0", "EventData.WriteThroughSupported": "0", "EventData.FlushCacheSupported": "False", "EventData.IsPowerProtected": "False", "EventData.NVCacheEnabled": "False", "EventData.BytesPerLogicalSector": "512", "EventData.BytesPerPhysicalSector": "512", "EventData.BytesOffsetForSectorAlignment": "0", "EventData.IncursSeekPenalty": "False", "EventData.IsTrimSupported": "False", "EventData.IsThinProvisioned": "False", "EventData.OptimalUnmapGranularity": "0", "EventData.UnmapAlignment": "0", "EventData.NumberOfLogicalCopies": "0", "EventData.NumberOfPhysicalCopies": "0", "EventData.FaultTolerance": "0", "EventData.NumberOfColumns": "0", "EventData.InterleaveBytes": "0", "EventData.HybridSupported": "False", "EventData.HybridCacheBytes": "0", "EventData.AdapterMaximumTransferBytes": "16777215", "EventData.AdapterMaximumTransferPages": "257", "EventData.AdapterAlignmentMask": "0", "EventData.AdapterSerialNumber": "NULL", "EventData.PortDriver": "1", "EventData.UserRemovalPolicy": "False", "EventData.PartitionStyle": "1", "EventData.PartitionCount": "4", "EventData.PartitionTableBytes": "624", "EventData.PartitionTable": "AQAAAAQAAAD4OlK1ULGKT4RoGH7auIX0AEQAAAAAAAAAev9/FgAAAIAAAAAAAAAAAQAAAAAAAAAAABAAAAAAAAAAQAYAAAAAAQAAAAAAAAAocyrBH/jSEbpLAKDJPsk7Ft7tjFc2cUiMh/1rxmz2kwAAAAAAAACARQBGAEkAIABzAHkAcwB0AGUAbQAgAHAAYQByAHQAaQB0AGkAbwBuAAAAAAAAAAAAAAAAAAAAAAAAAAAAAAAAAAAAAAAAAAAAAQAAAAAAAAAAAFAGAAAAAAAAAAEAAAAAAgAAAAAAAAAW48njXAu4TYF9+S3wAhWubxyUU+4aUkGSxur5kk16EAAAAAAAAACATQBpAGMAcgBvAHMAbwBmAHQAIAByAGUAcwBlAHIAdgBlAGQAIABwAGEAcgB0AGkAdABpAG8AbgAAAAAAAAAAAAAAAAAAAAAAAQAAAAAAAAAAAFAHAAAAAADiC1gWAAAAAwAAAAAAAACioNDr5bkzRIfAaLa3JpnHY4Y6w6JxMUCM7MIZFP4SrQAAAAAAAAAAQgBhAHMAaQBjACAAZABhAHQAYQAgAHAAYQByAHQAaQB0AGkAbwBuAAAAAAAAAAAAAAAAAAAAAAAAAAAAAAAAAAAAAAAAAAAAAQAAAAAAAAAAAGBfFgAAAAAAgCAAAAAABAAAAAAAAACku5Te0QZATaFqv9UBedasLLUb3g5OYUObu7rx0+QMAQEAAAAAAACAAAAAAAAAAAAAAAAAAAAAAAAAAAAAAAAAAAAAAAAAAAAAAAAAAAAAAAAAAAAAAAAAAAAAAAAAAAAAAAAAAAAAAAAAAAAAAAAA", "EventData.MbrBytes": "0", "EventData.Mbr": null, "EventData.Vbr0Bytes": "0", "EventData.Vbr0": null, "EventData.Vbr1Bytes": "0", "EventData.Vbr1": null, "EventData.Vbr2Bytes": "0", "EventData.Vbr2": null, "EventData.Vbr3Size": "0", "EventData.Vbr3": null}
