{"EventID": "0", "Channel": "Microsoft-Windows-Hyper-V-VmSwitch-Operational", "Provider_Name": "Microsoft-Windows-Hyper-V-VmSwitch", "Computer": "DESKTOP-OFJ6N53", "TimeCreated": "2025-03-25 12:17:29.104183+00:00", "RecordID": "4500", "Level": "5", "UserID": "S-1-5-18", "EventData.ioctlCode": "0x00000d15", "EventData.delta (100 ns)": "40", "EventData.ntStatus": "0"}
{"EventID": "0", "Channel": "Microsoft-Windows-Hyper-V-VmSwitch-Operational", "Provider_Name": "Microsoft-Windows-Hyper-V-VmSwitch", "Computer": "DESKTOP-OFJ6N53", "TimeCreated": "2025-04-01 16:03:31.347090+00:00", "RecordID": "4501", "Level": "4", "UserID": "S-1-5-18", "EventData.State": "Started Loading", "EventData.Function": "DriverEntry"}
{"EventID": "0", "Channel": "Microsoft-Windows-Hyper-V-VmSwitch-Operational", "Provider_Name": "Microsoft-Windows-Hyper-V-VmSwitch", "Computer": "DESKTOP-OFJ6N53", "TimeCreated": "2025-04-01 16:03:31.348068+00:00", "RecordID": "4502", "Level": "4", "UserID": "S-1-5-18", "EventData.netPnpEvent": "NetEventBindsComplete", "EventData.nicName_Length": "0", "EventData.nicName": null, "EventData.nicFriendlyName_Length": "0", "EventData.nicFriendlyName": null, "EventData.switchName_Length": "0", "EventData.switchName": null, "EventData.switchFriendlyName_Length": "0", "EventData.switchFriendlyName": null}
{"EventID": "0", "Channel": "Microsoft-Windows-Hyper-V-VmSwitch-Operational", "Provider_Name": "Microsoft-Windows-Hyper-V-VmSwitch", "Computer": "DESKTOP-OFJ6N53", "TimeCreated": "2025-04-01 16:03:31.348072+00:00", "RecordID": "4503", "Level": "4", "UserID": "S-1-5-18", "EventData.netPnpEvent": "NetEventBindsComplete", "EventData.nicName_Length": "0", "EventData.nicName": null, "EventData.nicFriendlyName_Length": "0", "EventData.nicFriendlyName": null, "EventData.switchName_Length": "0", "EventData.switchName": null, "EventData.switchFriendlyName_Length": "0", "EventData.switchFriendlyName": null, "EventData.delta (100 ns)": "54", "EventData.Status": "0"}
{"EventID": "0", "Channel": "Microsoft-Windows-Hyper-V-VmSwitch-Operational", "Provider_Name": "Microsoft-Windows-Hyper-V-VmSwitch", "Computer": "DESKTOP-OFJ6N53", "TimeCreated": "2025-04-01 16:03:31.348568+00:00", "RecordID": "4504", "Level": "4", "UserID": "S-1-5-18", "EventData.State": "Installed and Started.", "EventData.Function": "DriverEntry", "EventData.delta (100 ns)": "20171", "EventData.Status": "0"}
{"EventID": "0", "Channel": "Microsoft-Windows-Hyper-V-VmSwitch-Operational", "Provider_Name": "Microsoft-Windows-Hyper-V-VmSwitch", "Computer": "DESKTOP-OFJ6N53", "TimeCreated": "2025-04-01 16:03:31.348726+00:00", "RecordID": "4505", "Level": "4", "UserID": "S-1-5-18", "EventData.netPnpEvent": "NetEventBindsComplete", "EventData.switchName_Length": "0", "EventData.switchName": null, "EventData.switchFriendlyName_Length": "0", "EventData.switchFriendlyName": null}
{"EventID": "0", "Channel": "Microsoft-Windows-Hyper-V-VmSwitch-Operational", "Provider_Name": "Microsoft-Windows-Hyper-V-VmSwitch", "Computer": "DESKTOP-OFJ6N53", "TimeCreated": "2025-04-01 16:03:31.348728+00:00", "RecordID": "4506", "Level": "4", "UserID": "S-1-5-18", "EventData.netPnpEvent": "NetEventBindsComplete", "EventData.switchName_Length": "0", "EventData.switchName": null, "EventData.switchFriendlyName_Length": "0", "EventData.switchFriendlyName": null, "EventData.delta (100 ns)": "50", "EventData.Status": "0"}
{"EventID": "0", "Channel": "Microsoft-Windows-Hyper-V-VmSwitch-Operational", "Provider_Name": "Microsoft-Windows-Hyper-V-VmSwitch", "Computer": "DESKTOP-OFJ6N53", "TimeCreated": "2025-04-01 16:03:31.807295+00:00", "RecordID": "4507", "Level": "5", "UserID": "S-1-5-18", "EventData.ioctlCode": "0x0000081f"}
{"EventID": "0", "Channel": "Microsoft-Windows-Hyper-V-VmSwitch-Operational", "Provider_Name": "Microsoft-Windows-Hyper-V-VmSwitch", "Computer": "DESKTOP-OFJ6N53", "TimeCreated": "2025-04-01 16:03:31.807302+00:00", "RecordID": "4508", "Level": "5", "UserID": "S-1-5-18", "EventData.ioctlCode": "0x0000081f", "EventData.delta (100 ns)": "95", "EventData.ntStatus": "0"}
{"EventID": "0", "Channel": "Microsoft-Windows-Hyper-V-VmSwitch-Operational", "Provider_Name": "Microsoft-Windows-Hyper-V-VmSwitch", "Computer": "DESKTOP-OFJ6N53", "TimeCreated": "2025-04-01 16:03:31.891172+00:00", "RecordID": "4509", "Level": "5", "UserID": "S-1-5-18", "EventData.ioctlCode": "0x0000081f"}
{"EventID": "0", "Channel": "Microsoft-Windows-Hyper-V-VmSwitch-Operational", "Provider_Name": "Microsoft-Windows-Hyper-V-VmSwitch", "Computer": "DESKTOP-OFJ6N53", "TimeCreated": "2025-04-01 16:03:31.891180+00:00", "RecordID": "4510", "Level": "5", "UserID": "S-1-5-18", "EventData.ioctlCode": "0x0000081f", "EventData.delta (100 ns)": "87", "EventData.ntStatus": "0"}
{"EventID": "0", "Channel": "Microsoft-Windows-Hyper-V-VmSwitch-Operational", "Provider_Name": "Microsoft-Windows-Hyper-V-VmSwitch", "Computer": "DESKTOP-OFJ6N53", "TimeCreated": "2025-04-01 16:03:31.891233+00:00", "RecordID": "4511", "Level": "5", "UserID": "S-1-5-18", "EventData.ioctlCode": "0x00000d35"}
{"EventID": "0", "Channel": "Microsoft-Windows-Hyper-V-VmSwitch-Operational", "Provider_Name": "Microsoft-Windows-Hyper-V-VmSwitch", "Computer": "DESKTOP-OFJ6N53", "TimeCreated": "2025-04-01 16:03:31.891237+00:00", "RecordID": "4512", "Level": "5", "UserID": "S-1-5-18", "EventData.ioctlCode": "0x00000d35", "EventData.delta (100 ns)": "50", "EventData.ntStatus": "2147483653"}
{"EventID": "0", "Channel": "Microsoft-Windows-Hyper-V-VmSwitch-Operational", "Provider_Name": "Microsoft-Windows-Hyper-V-VmSwitch", "Computer": "DESKTOP-OFJ6N53", "TimeCreated": "2025-04-01 16:03:31.891241+00:00", "RecordID": "4513", "Level": "5", "UserID": "S-1-5-18", "EventData.ioctlCode": "0x00000d35"}
{"EventID": "0", "Channel": "Microsoft-Windows-Hyper-V-VmSwitch-Operational", "Provider_Name": "Microsoft-Windows-Hyper-V-VmSwitch", "Computer": "DESKTOP-OFJ6N53", "TimeCreated": "2025-04-01 16:03:31.891245+00:00", "RecordID": "4514", "Level": "5", "UserID": "S-1-5-18", "EventData.ioctlCode": "0x00000d35", "EventData.delta (100 ns)": "35", "EventData.ntStatus": "0"}
{"EventID": "0", "Channel": "Microsoft-Windows-Hyper-V-VmSwitch-Operational", "Provider_Name": "Microsoft-Windows-Hyper-V-VmSwitch", "Computer": "DESKTOP-OFJ6N53", "TimeCreated": "2025-04-01 16:03:31.891632+00:00", "RecordID": "4515", "Level": "5", "UserID": "S-1-5-18", "EventData.ioctlCode": "0x0000081f"}
{"EventID": "0", "Channel": "Microsoft-Windows-Hyper-V-VmSwitch-Operational", "Provider_Name": "Microsoft-Windows-Hyper-V-VmSwitch", "Computer": "DESKTOP-OFJ6N53", "TimeCreated": "2025-04-01 16:03:31.891638+00:00", "RecordID": "4516", "Level": "5", "UserID": "S-1-5-18", "EventData.ioctlCode": "0x0000081f", "EventData.delta (100 ns)": "63", "EventData.ntStatus": "0"}
{"EventID": "0", "Channel": "Microsoft-Windows-Hyper-V-VmSwitch-Operational", "Provider_Name": "Microsoft-Windows-Hyper-V-VmSwitch", "Computer": "DESKTOP-OFJ6N53", "TimeCreated": "2025-04-01 16:03:31.891762+00:00", "RecordID": "4517", "Level": "5", "UserID": "S-1-5-18", "EventData.ioctlCode": "0x00000d15"}
{"EventID": "0", "Channel": "Microsoft-Windows-Hyper-V-VmSwitch-Operational", "Provider_Name": "Microsoft-Windows-Hyper-V-VmSwitch", "Computer": "DESKTOP-OFJ6N53", "TimeCreated": "2025-04-01 16:03:31.891766+00:00", "RecordID": "4518", "Level": "5", "UserID": "S-1-5-18", "EventData.ioctlCode": "0x00000d15", "EventData.delta (100 ns)": "46", "EventData.ntStatus": "2147483653"}
{"EventID": "0", "Channel": "Microsoft-Windows-Hyper-V-VmSwitch-Operational", "Provider_Name": "Microsoft-Windows-Hyper-V-VmSwitch", "Computer": "DESKTOP-OFJ6N53", "TimeCreated": "2025-04-01 16:03:31.891769+00:00", "RecordID": "4519", "Level": "5", "UserID": "S-1-5-18", "EventData.ioctlCode": "0x00000d15"}
{"EventID": "0", "Channel": "Microsoft-Windows-Hyper-V-VmSwitch-Operational", "Provider_Name": "Microsoft-Windows-Hyper-V-VmSwitch", "Computer": "DESKTOP-OFJ6N53", "TimeCreated": "2025-04-01 16:03:31.891771+00:00", "RecordID": "4520", "Level": "5", "UserID": "S-1-5-18", "EventData.ioctlCode": "0x00000d15", "EventData.delta (100 ns)": "27", "EventData.ntStatus": "0"}
{"EventID": "0", "Channel": "Microsoft-Windows-Hyper-V-VmSwitch-Operational", "Provider_Name": "Microsoft-Windows-Hyper-V-VmSwitch", "Computer": "DESKTOP-OFJ6N53", "TimeCreated": "2025-04-01 16:03:31.985348+00:00", "RecordID": "4521", "Level": "5", "UserID": "S-1-5-18", "EventData.ioctlCode": "0x0000081f"}
{"EventID": "0", "Channel": "Microsoft-Windows-Hyper-V-VmSwitch-Operational", "Provider_Name": "Microsoft-Windows-Hyper-V-VmSwitch", "Computer": "DESKTOP-OFJ6N53", "TimeCreated": "2025-04-01 16:03:31.985355+00:00", "RecordID": "4522", "Level": "5", "UserID": "S-1-5-18", "EventData.ioctlCode": "0x0000081f", "EventData.delta (100 ns)": "92", "EventData.ntStatus": "0"}
{"EventID": "0", "Channel": "Microsoft-Windows-Hyper-V-VmSwitch-Operational", "Provider_Name": "Microsoft-Windows-Hyper-V-VmSwitch", "Computer": "DESKTOP-OFJ6N53", "TimeCreated": "2025-04-01 16:03:33.020517+00:00", "RecordID": "4523", "Level": "5", "UserID": "S-1-5-18", "EventData.ioctlCode": "0x0000081f"}
{"EventID": "0", "Channel": "Microsoft-Windows-Hyper-V-VmSwitch-Operational", "Provider_Name": "Microsoft-Windows-Hyper-V-VmSwitch", "Computer": "DESKTOP-OFJ6N53", "TimeCreated": "2025-04-01 16:03:33.020527+00:00", "RecordID": "4524", "Level": "5", "UserID": "S-1-5-18", "EventData.ioctlCode": "0x0000081f", "EventData.delta (100 ns)": "116", "EventData.ntStatus": "0"}
{"EventID": "0", "Channel": "Microsoft-Windows-Hyper-V-VmSwitch-Operational", "Provider_Name": "Microsoft-Windows-Hyper-V-VmSwitch", "Computer": "DESKTOP-OFJ6N53", "TimeCreated": "2025-04-01 16:03:33.021547+00:00", "RecordID": "4525", "Level": "5", "UserID": "S-1-5-18", "EventData.ioctlCode": "0x00000d12"}
{"EventID": "0", "Channel": "Microsoft-Windows-Hyper-V-VmSwitch-Operational", "Provider_Name": "Microsoft-Windows-Hyper-V-VmSwitch", "Computer": "DESKTOP-OFJ6N53", "TimeCreated": "2025-04-01 16:03:33.021557+00:00", "RecordID": "4526", "Level": "5", "UserID": "S-1-5-18", "EventData.ioctlCode": "0x00000d12", "EventData.delta (100 ns)": "110", "EventData.ntStatus": "2147483653"}
{"EventID": "0", "Channel": "Microsoft-Windows-Hyper-V-VmSwitch-Operational", "Provider_Name": "Microsoft-Windows-Hyper-V-VmSwitch", "Computer": "DESKTOP-OFJ6N53", "TimeCreated": "2025-04-01 16:03:33.021568+00:00", "RecordID": "4527", "Level": "5", "UserID": "S-1-5-18", "EventData.ioctlCode": "0x00000d12"}
{"EventID": "0", "Channel": "Microsoft-Windows-Hyper-V-VmSwitch-Operational", "Provider_Name": "Microsoft-Windows-Hyper-V-VmSwitch", "Computer": "DESKTOP-OFJ6N53", "TimeCreated": "2025-04-01 16:03:33.021603+00:00", "RecordID": "4528", "Level": "5", "UserID": "S-1-5-18", "EventData.ioctlCode": "0x00000d12", "EventData.delta (100 ns)": "345", "EventData.ntStatus": "3221225524"}
{"EventID": "0", "Channel": "Microsoft-Windows-Hyper-V-VmSwitch-Operational", "Provider_Name": "Microsoft-Windows-Hyper-V-VmSwitch", "Computer": "DESKTOP-OFJ6N53", "TimeCreated": "2025-04-01 16:03:33.028984+00:00", "RecordID": "4529", "Level": "5", "UserID": "S-1-5-18", "EventData.ioctlCode": "0x0000081f"}
{"EventID": "0", "Channel": "Microsoft-Windows-Hyper-V-VmSwitch-Operational", "Provider_Name": "Microsoft-Windows-Hyper-V-VmSwitch", "Computer": "DESKTOP-OFJ6N53", "TimeCreated": "2025-04-01 16:03:33.028992+00:00", "RecordID": "4530", "Level": "5", "UserID": "S-1-5-18", "EventData.ioctlCode": "0x0000081f", "EventData.delta (100 ns)": "66", "EventData.ntStatus": "0"}
{"EventID": "0", "Channel": "Microsoft-Windows-Hyper-V-VmSwitch-Operational", "Provider_Name": "Microsoft-Windows-Hyper-V-VmSwitch", "Computer": "DESKTOP-OFJ6N53", "TimeCreated": "2025-04-01 16:03:33.029198+00:00", "RecordID": "4531", "Level": "5", "UserID": "S-1-5-18", "EventData.ioctlCode": "0x0000081f"}
{"EventID": "0", "Channel": "Microsoft-Windows-Hyper-V-VmSwitch-Operational", "Provider_Name": "Microsoft-Windows-Hyper-V-VmSwitch", "Computer": "DESKTOP-OFJ6N53", "TimeCreated": "2025-04-01 16:03:33.029203+00:00", "RecordID": "4532", "Level": "5", "UserID": "S-1-5-18", "EventData.ioctlCode": "0x0000081f", "EventData.delta (100 ns)": "64", "EventData.ntStatus": "0"}
{"EventID": "0", "Channel": "Microsoft-Windows-Hyper-V-VmSwitch-Operational", "Provider_Name": "Microsoft-Windows-Hyper-V-VmSwitch", "Computer": "DESKTOP-OFJ6N53", "TimeCreated": "2025-04-01 16:03:33.029240+00:00", "RecordID": "4533", "Level": "5", "UserID": "S-1-5-18", "EventData.ioctlCode": "0x00000d35"}
{"EventID": "0", "Channel": "Microsoft-Windows-Hyper-V-VmSwitch-Operational", "Provider_Name": "Microsoft-Windows-Hyper-V-VmSwitch", "Computer": "DESKTOP-OFJ6N53", "TimeCreated": "2025-04-01 16:03:33.029242+00:00", "RecordID": "4534", "Level": "5", "UserID": "S-1-5-18", "EventData.ioctlCode": "0x00000d35", "EventData.delta (100 ns)": "31", "EventData.ntStatus": "2147483653"}
{"EventID": "0", "Channel": "Microsoft-Windows-Hyper-V-VmSwitch-Operational", "Provider_Name": "Microsoft-Windows-Hyper-V-VmSwitch", "Computer": "DESKTOP-OFJ6N53", "TimeCreated": "2025-04-01 16:03:33.029243+00:00", "RecordID": "4535", "Level": "5", "UserID": "S-1-5-18", "EventData.ioctlCode": "0x00000d35"}
{"EventID": "0", "Channel": "Microsoft-Windows-Hyper-V-VmSwitch-Operational", "Provider_Name": "Microsoft-Windows-Hyper-V-VmSwitch", "Computer": "DESKTOP-OFJ6N53", "TimeCreated": "2025-04-01 16:03:33.029247+00:00", "RecordID": "4536", "Level": "5", "UserID": "S-1-5-18", "EventData.ioctlCode": "0x00000d35", "EventData.delta (100 ns)": "31", "EventData.ntStatus": "0"}
{"EventID": "0", "Channel": "Microsoft-Windows-Hyper-V-VmSwitch-Operational", "Provider_Name": "Microsoft-Windows-Hyper-V-VmSwitch", "Computer": "DESKTOP-OFJ6N53", "TimeCreated": "2025-04-01 16:03:33.146799+00:00", "RecordID": "4537", "Level": "5", "UserID": "S-1-5-18", "EventData.ioctlCode": "0x0000081f"}
{"EventID": "0", "Channel": "Microsoft-Windows-Hyper-V-VmSwitch-Operational", "Provider_Name": "Microsoft-Windows-Hyper-V-VmSwitch", "Computer": "DESKTOP-OFJ6N53", "TimeCreated": "2025-04-01 16:03:33.146807+00:00", "RecordID": "4538", "Level": "5", "UserID": "S-1-5-18", "EventData.ioctlCode": "0x0000081f", "EventData.delta (100 ns)": "101", "EventData.ntStatus": "0"}
{"EventID": "0", "Channel": "Microsoft-Windows-Hyper-V-VmSwitch-Operational", "Provider_Name": "Microsoft-Windows-Hyper-V-VmSwitch", "Computer": "DESKTOP-OFJ6N53", "TimeCreated": "2025-04-01 16:03:34.150057+00:00", "RecordID": "4539", "Level": "5", "UserID": "S-1-5-18", "EventData.ioctlCode": "0x0000081f"}
{"EventID": "0", "Channel": "Microsoft-Windows-Hyper-V-VmSwitch-Operational", "Provider_Name": "Microsoft-Windows-Hyper-V-VmSwitch", "Computer": "DESKTOP-OFJ6N53", "TimeCreated": "2025-04-01 16:03:34.150066+00:00", "RecordID": "4540", "Level": "5", "UserID": "S-1-5-18", "EventData.ioctlCode": "0x0000081f", "EventData.delta (100 ns)": "231", "EventData.ntStatus": "0"}
{"EventID": "0", "Channel": "Microsoft-Windows-Hyper-V-VmSwitch-Operational", "Provider_Name": "Microsoft-Windows-Hyper-V-VmSwitch", "Computer": "DESKTOP-OFJ6N53", "TimeCreated": "2025-04-01 16:03:34.150137+00:00", "RecordID": "4541", "Level": "5", "UserID": "S-1-5-18", "EventData.ioctlCode": "0x00000d35"}
{"EventID": "0", "Channel": "Microsoft-Windows-Hyper-V-VmSwitch-Operational", "Provider_Name": "Microsoft-Windows-Hyper-V-VmSwitch", "Computer": "DESKTOP-OFJ6N53", "TimeCreated": "2025-04-01 16:03:34.150143+00:00", "RecordID": "4542", "Level": "5", "UserID": "S-1-5-18", "EventData.ioctlCode": "0x00000d35", "EventData.delta (100 ns)": "51", "EventData.ntStatus": "2147483653"}
{"EventID": "0", "Channel": "Microsoft-Windows-Hyper-V-VmSwitch-Operational", "Provider_Name": "Microsoft-Windows-Hyper-V-VmSwitch", "Computer": "DESKTOP-OFJ6N53", "TimeCreated": "2025-04-01 16:03:34.150146+00:00", "RecordID": "4543", "Level": "5", "UserID": "S-1-5-18", "EventData.ioctlCode": "0x00000d35"}
{"EventID": "0", "Channel": "Microsoft-Windows-Hyper-V-VmSwitch-Operational", "Provider_Name": "Microsoft-Windows-Hyper-V-VmSwitch", "Computer": "DESKTOP-OFJ6N53", "TimeCreated": "2025-04-01 16:03:34.150150+00:00", "RecordID": "4544", "Level": "5", "UserID": "S-1-5-18", "EventData.ioctlCode": "0x00000d35", "EventData.delta (100 ns)": "37", "EventData.ntStatus": "0"}
{"EventID": "0", "Channel": "Microsoft-Windows-Hyper-V-VmSwitch-Operational", "Provider_Name": "Microsoft-Windows-Hyper-V-VmSwitch", "Computer": "DESKTOP-OFJ6N53", "TimeCreated": "2025-04-01 16:03:34.349188+00:00", "RecordID": "4545", "Level": "5", "UserID": "S-1-5-18", "EventData.ioctlCode": "0x0000081f"}
{"EventID": "0", "Channel": "Microsoft-Windows-Hyper-V-VmSwitch-Operational", "Provider_Name": "Microsoft-Windows-Hyper-V-VmSwitch", "Computer": "DESKTOP-OFJ6N53", "TimeCreated": "2025-04-01 16:03:34.349197+00:00", "RecordID": "4546", "Level": "5", "UserID": "S-1-5-18", "EventData.ioctlCode": "0x0000081f", "EventData.delta (100 ns)": "127", "EventData.ntStatus": "0"}
{"EventID": "0", "Channel": "Microsoft-Windows-Hyper-V-VmSwitch-Operational", "Provider_Name": "Microsoft-Windows-Hyper-V-VmSwitch", "Computer": "DESKTOP-OFJ6N53", "TimeCreated": "2025-04-01 16:03:34.725412+00:00", "RecordID": "4547", "Level": "5", "UserID": "S-1-5-18", "EventData.ioctlCode": "0x0000081f"}
{"EventID": "0", "Channel": "Microsoft-Windows-Hyper-V-VmSwitch-Operational", "Provider_Name": "Microsoft-Windows-Hyper-V-VmSwitch", "Computer": "DESKTOP-OFJ6N53", "TimeCreated": "2025-04-01 16:03:34.725422+00:00", "RecordID": "4548", "Level": "5", "UserID": "S-1-5-18", "EventData.ioctlCode": "0x0000081f", "EventData.delta (100 ns)": "111", "EventData.ntStatus": "0"}
{"EventID": "0", "Channel": "Microsoft-Windows-Hyper-V-VmSwitch-Operational", "Provider_Name": "Microsoft-Windows-Hyper-V-VmSwitch", "Computer": "DESKTOP-OFJ6N53", "TimeCreated": "2025-04-01 16:03:34.725464+00:00", "RecordID": "4549", "Level": "5", "UserID": "S-1-5-18", "EventData.ioctlCode": "0x00000d15"}
{"EventID": "0", "Channel": "Microsoft-Windows-Hyper-V-VmSwitch-Operational", "Provider_Name": "Microsoft-Windows-Hyper-V-VmSwitch", "Computer": "DESKTOP-OFJ6N53", "TimeCreated": "2025-04-01 16:03:34.725466+00:00", "RecordID": "4550", "Level": "5", "UserID": "S-1-5-18", "EventData.ioctlCode": "0x00000d15", "EventData.delta (100 ns)": "33", "EventData.ntStatus": "2147483653"}
{"EventID": "0", "Channel": "Microsoft-Windows-Hyper-V-VmSwitch-Operational", "Provider_Name": "Microsoft-Windows-Hyper-V-VmSwitch", "Computer": "DESKTOP-OFJ6N53", "TimeCreated": "2025-04-01 16:03:34.725470+00:00", "RecordID": "4551", "Level": "5", "UserID": "S-1-5-18", "EventData.ioctlCode": "0x00000d15"}
{"EventID": "0", "Channel": "Microsoft-Windows-Hyper-V-VmSwitch-Operational", "Provider_Name": "Microsoft-Windows-Hyper-V-VmSwitch", "Computer": "DESKTOP-OFJ6N53", "TimeCreated": "2025-04-01 16:03:34.725473+00:00", "RecordID": "4552", "Level": "5", "UserID": "S-1-5-18", "EventData.ioctlCode": "0x00000d15", "EventData.delta (100 ns)": "29", "EventData.ntStatus": "0"}
{"EventID": "0", "Channel": "Microsoft-Windows-Hyper-V-VmSwitch-Operational", "Provider_Name": "Microsoft-Windows-Hyper-V-VmSwitch", "Computer": "DESKTOP-OFJ6N53", "TimeCreated": "2025-04-02 09:18:21.842049+00:00", "RecordID": "4553", "Level": "4", "UserID": "S-1-5-18", "EventData.State": "Started Loading", "EventData.Function": "DriverEntry"}
{"EventID": "0", "Channel": "Microsoft-Windows-Hyper-V-VmSwitch-Operational", "Provider_Name": "Microsoft-Windows-Hyper-V-VmSwitch", "Computer": "DESKTOP-OFJ6N53", "TimeCreated": "2025-04-02 09:18:21.843428+00:00", "RecordID": "4554", "Level": "4", "UserID": "S-1-5-18", "EventData.State": "Installed and Started.", "EventData.Function": "DriverEntry", "EventData.delta (100 ns)": "18963", "EventData.Status": "0"}
{"EventID": "0", "Channel": "Microsoft-Windows-Hyper-V-VmSwitch-Operational", "Provider_Name": "Microsoft-Windows-Hyper-V-VmSwitch", "Computer": "DESKTOP-OFJ6N53", "TimeCreated": "2025-04-02 09:18:21.844059+00:00", "RecordID": "4555", "Level": "4", "UserID": "S-1-5-18", "EventData.netPnpEvent": "NetEventBindsComplete", "EventData.nicName_Length": "0", "EventData.nicName": null, "EventData.nicFriendlyName_Length": "0", "EventData.nicFriendlyName": null, "EventData.switchName_Length": "0", "EventData.switchName": null, "EventData.switchFriendlyName_Length": "0", "EventData.switchFriendlyName": null}
{"EventID": "0", "Channel": "Microsoft-Windows-Hyper-V-VmSwitch-Operational", "Provider_Name": "Microsoft-Windows-Hyper-V-VmSwitch", "Computer": "DESKTOP-OFJ6N53", "TimeCreated": "2025-04-02 09:18:21.844061+00:00", "RecordID": "4556", "Level": "4", "UserID": "S-1-5-18", "EventData.netPnpEvent": "NetEventBindsComplete", "EventData.nicName_Length": "0", "EventData.nicName": null, "EventData.nicFriendlyName_Length": "0", "EventData.nicFriendlyName": null, "EventData.switchName_Length": "0", "EventData.switchName": null, "EventData.switchFriendlyName_Length": "0", "EventData.switchFriendlyName": null, "EventData.delta (100 ns)": "39", "EventData.Status": "0"}
{"EventID": "0", "Channel": "Microsoft-Windows-Hyper-V-VmSwitch-Operational", "Provider_Name": "Microsoft-Windows-Hyper-V-VmSwitch", "Computer": "DESKTOP-OFJ6N53", "TimeCreated": "2025-04-02 09:18:21.844469+00:00", "RecordID": "4557", "Level": "4", "UserID": "S-1-5-18", "EventData.netPnpEvent": "NetEventBindsComplete", "EventData.switchName_Length": "0", "EventData.switchName": null, "EventData.switchFriendlyName_Length": "0", "EventData.switchFriendlyName": null}
{"EventID": "0", "Channel": "Microsoft-Windows-Hyper-V-VmSwitch-Operational", "Provider_Name": "Microsoft-Windows-Hyper-V-VmSwitch", "Computer": "DESKTOP-OFJ6N53", "TimeCreated": "2025-04-02 09:18:21.844473+00:00", "RecordID": "4558", "Level": "4", "UserID": "S-1-5-18", "EventData.netPnpEvent": "NetEventBindsComplete", "EventData.switchName_Length": "0", "EventData.switchName": null, "EventData.switchFriendlyName_Length": "0", "EventData.switchFriendlyName": null, "EventData.delta (100 ns)": "46", "EventData.Status": "0"}
{"EventID": "0", "Channel": "Microsoft-Windows-Hyper-V-VmSwitch-Operational", "Provider_Name": "Microsoft-Windows-Hyper-V-VmSwitch", "Computer": "DESKTOP-OFJ6N53", "TimeCreated": "2025-04-02 09:18:22.178558+00:00", "RecordID": "4559", "Level": "5", "UserID": "S-1-5-18", "EventData.ioctlCode": "0x0000081f"}
{"EventID": "0", "Channel": "Microsoft-Windows-Hyper-V-VmSwitch-Operational", "Provider_Name": "Microsoft-Windows-Hyper-V-VmSwitch", "Computer": "DESKTOP-OFJ6N53", "TimeCreated": "2025-04-02 09:18:22.178566+00:00", "RecordID": "4560", "Level": "5", "UserID": "S-1-5-18", "EventData.ioctlCode": "0x0000081f", "EventData.delta (100 ns)": "87", "EventData.ntStatus": "0"}
{"EventID": "0", "Channel": "Microsoft-Windows-Hyper-V-VmSwitch-Operational", "Provider_Name": "Microsoft-Windows-Hyper-V-VmSwitch", "Computer": "DESKTOP-OFJ6N53", "TimeCreated": "2025-04-02 09:18:22.443106+00:00", "RecordID": "4561", "Level": "5", "UserID": "S-1-5-18", "EventData.ioctlCode": "0x0000081f"}
{"EventID": "0", "Channel": "Microsoft-Windows-Hyper-V-VmSwitch-Operational", "Provider_Name": "Microsoft-Windows-Hyper-V-VmSwitch", "Computer": "DESKTOP-OFJ6N53", "TimeCreated": "2025-04-02 09:18:22.443115+00:00", "RecordID": "4562", "Level": "5", "UserID": "S-1-5-18", "EventData.ioctlCode": "0x0000081f", "EventData.delta (100 ns)": "104", "EventData.ntStatus": "0"}
{"EventID": "0", "Channel": "Microsoft-Windows-Hyper-V-VmSwitch-Operational", "Provider_Name": "Microsoft-Windows-Hyper-V-VmSwitch", "Computer": "DESKTOP-OFJ6N53", "TimeCreated": "2025-04-02 09:18:22.443163+00:00", "RecordID": "4563", "Level": "5", "UserID": "S-1-5-18", "EventData.ioctlCode": "0x00000d35"}
{"EventID": "0", "Channel": "Microsoft-Windows-Hyper-V-VmSwitch-Operational", "Provider_Name": "Microsoft-Windows-Hyper-V-VmSwitch", "Computer": "DESKTOP-OFJ6N53", "TimeCreated": "2025-04-02 09:18:22.443167+00:00", "RecordID": "4564", "Level": "5", "UserID": "S-1-5-18", "EventData.ioctlCode": "0x00000d35", "EventData.delta (100 ns)": "36", "EventData.ntStatus": "2147483653"}
{"EventID": "0", "Channel": "Microsoft-Windows-Hyper-V-VmSwitch-Operational", "Provider_Name": "Microsoft-Windows-Hyper-V-VmSwitch", "Computer": "DESKTOP-OFJ6N53", "TimeCreated": "2025-04-02 09:18:22.443169+00:00", "RecordID": "4565", "Level": "5", "UserID": "S-1-5-18", "EventData.ioctlCode": "0x00000d35"}
{"EventID": "0", "Channel": "Microsoft-Windows-Hyper-V-VmSwitch-Operational", "Provider_Name": "Microsoft-Windows-Hyper-V-VmSwitch", "Computer": "DESKTOP-OFJ6N53", "TimeCreated": "2025-04-02 09:18:22.443172+00:00", "RecordID": "4566", "Level": "5", "UserID": "S-1-5-18", "EventData.ioctlCode": "0x00000d35", "EventData.delta (100 ns)": "31", "EventData.ntStatus": "0"}
{"EventID": "0", "Channel": "Microsoft-Windows-Hyper-V-VmSwitch-Operational", "Provider_Name": "Microsoft-Windows-Hyper-V-VmSwitch", "Computer": "DESKTOP-OFJ6N53", "TimeCreated": "2025-04-02 09:18:22.443510+00:00", "RecordID": "4567", "Level": "5", "UserID": "S-1-5-18", "EventData.ioctlCode": "0x0000081f"}
{"EventID": "0", "Channel": "Microsoft-Windows-Hyper-V-VmSwitch-Operational", "Provider_Name": "Microsoft-Windows-Hyper-V-VmSwitch", "Computer": "DESKTOP-OFJ6N53", "TimeCreated": "2025-04-02 09:18:22.443514+00:00", "RecordID": "4568", "Level": "5", "UserID": "S-1-5-18", "EventData.ioctlCode": "0x0000081f", "EventData.delta (100 ns)": "64", "EventData.ntStatus": "0"}
{"EventID": "0", "Channel": "Microsoft-Windows-Hyper-V-VmSwitch-Operational", "Provider_Name": "Microsoft-Windows-Hyper-V-VmSwitch", "Computer": "DESKTOP-OFJ6N53", "TimeCreated": "2025-04-02 09:18:22.443563+00:00", "RecordID": "4569", "Level": "5", "UserID": "S-1-5-18", "EventData.ioctlCode": "0x00000d15"}
{"EventID": "0", "Channel": "Microsoft-Windows-Hyper-V-VmSwitch-Operational", "Provider_Name": "Microsoft-Windows-Hyper-V-VmSwitch", "Computer": "DESKTOP-OFJ6N53", "TimeCreated": "2025-04-02 09:18:22.443565+00:00", "RecordID": "4570", "Level": "5", "UserID": "S-1-5-18", "EventData.ioctlCode": "0x00000d15", "EventData.delta (100 ns)": "36", "EventData.ntStatus": "2147483653"}
{"EventID": "0", "Channel": "Microsoft-Windows-Hyper-V-VmSwitch-Operational", "Provider_Name": "Microsoft-Windows-Hyper-V-VmSwitch", "Computer": "DESKTOP-OFJ6N53", "TimeCreated": "2025-04-02 09:18:22.443569+00:00", "RecordID": "4571", "Level": "5", "UserID": "S-1-5-18", "EventData.ioctlCode": "0x00000d15"}
{"EventID": "0", "Channel": "Microsoft-Windows-Hyper-V-VmSwitch-Operational", "Provider_Name": "Microsoft-Windows-Hyper-V-VmSwitch", "Computer": "DESKTOP-OFJ6N53", "TimeCreated": "2025-04-02 09:18:22.443573+00:00", "RecordID": "4572", "Level": "5", "UserID": "S-1-5-18", "EventData.ioctlCode": "0x00000d15", "EventData.delta (100 ns)": "36", "EventData.ntStatus": "0"}
{"EventID": "0", "Channel": "Microsoft-Windows-Hyper-V-VmSwitch-Operational", "Provider_Name": "Microsoft-Windows-Hyper-V-VmSwitch", "Computer": "DESKTOP-OFJ6N53", "TimeCreated": "2025-04-02 09:18:22.545034+00:00", "RecordID": "4573", "Level": "5", "UserID": "S-1-5-18", "EventData.ioctlCode": "0x0000081f"}
{"EventID": "0", "Channel": "Microsoft-Windows-Hyper-V-VmSwitch-Operational", "Provider_Name": "Microsoft-Windows-Hyper-V-VmSwitch", "Computer": "DESKTOP-OFJ6N53", "TimeCreated": "2025-04-02 09:18:22.545040+00:00", "RecordID": "4574", "Level": "5", "UserID": "S-1-5-18", "EventData.ioctlCode": "0x0000081f", "EventData.delta (100 ns)": "85", "EventData.ntStatus": "0"}
{"EventID": "0", "Channel": "Microsoft-Windows-Hyper-V-VmSwitch-Operational", "Provider_Name": "Microsoft-Windows-Hyper-V-VmSwitch", "Computer": "DESKTOP-OFJ6N53", "TimeCreated": "2025-04-02 09:18:23.493593+00:00", "RecordID": "4575", "Level": "5", "UserID": "S-1-5-18", "EventData.ioctlCode": "0x0000081f"}
{"EventID": "0", "Channel": "Microsoft-Windows-Hyper-V-VmSwitch-Operational", "Provider_Name": "Microsoft-Windows-Hyper-V-VmSwitch", "Computer": "DESKTOP-OFJ6N53", "TimeCreated": "2025-04-02 09:18:23.493599+00:00", "RecordID": "4576", "Level": "5", "UserID": "S-1-5-18", "EventData.ioctlCode": "0x0000081f", "EventData.delta (100 ns)": "83", "EventData.ntStatus": "0"}
{"EventID": "0", "Channel": "Microsoft-Windows-Hyper-V-VmSwitch-Operational", "Provider_Name": "Microsoft-Windows-Hyper-V-VmSwitch", "Computer": "DESKTOP-OFJ6N53", "TimeCreated": "2025-04-02 09:18:23.496502+00:00", "RecordID": "4577", "Level": "5", "UserID": "S-1-5-18", "EventData.ioctlCode": "0x00000d12"}
{"EventID": "0", "Channel": "Microsoft-Windows-Hyper-V-VmSwitch-Operational", "Provider_Name": "Microsoft-Windows-Hyper-V-VmSwitch", "Computer": "DESKTOP-OFJ6N53", "TimeCreated": "2025-04-02 09:18:23.496515+00:00", "RecordID": "4578", "Level": "5", "UserID": "S-1-5-18", "EventData.ioctlCode": "0x00000d12", "EventData.delta (100 ns)": "142", "EventData.ntStatus": "2147483653"}
{"EventID": "0", "Channel": "Microsoft-Windows-Hyper-V-VmSwitch-Operational", "Provider_Name": "Microsoft-Windows-Hyper-V-VmSwitch", "Computer": "DESKTOP-OFJ6N53", "TimeCreated": "2025-04-02 09:18:23.496527+00:00", "RecordID": "4579", "Level": "5", "UserID": "S-1-5-18", "EventData.ioctlCode": "0x00000d12"}
{"EventID": "0", "Channel": "Microsoft-Windows-Hyper-V-VmSwitch-Operational", "Provider_Name": "Microsoft-Windows-Hyper-V-VmSwitch", "Computer": "DESKTOP-OFJ6N53", "TimeCreated": "2025-04-02 09:18:23.496559+00:00", "RecordID": "4580", "Level": "5", "UserID": "S-1-5-18", "EventData.ioctlCode": "0x00000d12", "EventData.delta (100 ns)": "314", "EventData.ntStatus": "3221225524"}
{"EventID": "0", "Channel": "Microsoft-Windows-Hyper-V-VmSwitch-Operational", "Provider_Name": "Microsoft-Windows-Hyper-V-VmSwitch", "Computer": "DESKTOP-OFJ6N53", "TimeCreated": "2025-04-02 09:18:23.507753+00:00", "RecordID": "4581", "Level": "5", "UserID": "S-1-5-18", "EventData.ioctlCode": "0x0000081f"}
{"EventID": "0", "Channel": "Microsoft-Windows-Hyper-V-VmSwitch-Operational", "Provider_Name": "Microsoft-Windows-Hyper-V-VmSwitch", "Computer": "DESKTOP-OFJ6N53", "TimeCreated": "2025-04-02 09:18:23.507759+00:00", "RecordID": "4582", "Level": "5", "UserID": "S-1-5-18", "EventData.ioctlCode": "0x0000081f", "EventData.delta (100 ns)": "78", "EventData.ntStatus": "0"}
{"EventID": "0", "Channel": "Microsoft-Windows-Hyper-V-VmSwitch-Operational", "Provider_Name": "Microsoft-Windows-Hyper-V-VmSwitch", "Computer": "DESKTOP-OFJ6N53", "TimeCreated": "2025-04-02 09:18:23.507881+00:00", "RecordID": "4583", "Level": "5", "UserID": "S-1-5-18", "EventData.ioctlCode": "0x0000081f"}
{"EventID": "0", "Channel": "Microsoft-Windows-Hyper-V-VmSwitch-Operational", "Provider_Name": "Microsoft-Windows-Hyper-V-VmSwitch", "Computer": "DESKTOP-OFJ6N53", "TimeCreated": "2025-04-02 09:18:23.507885+00:00", "RecordID": "4584", "Level": "5", "UserID": "S-1-5-18", "EventData.ioctlCode": "0x0000081f", "EventData.delta (100 ns)": "31", "EventData.ntStatus": "0"}
{"EventID": "0", "Channel": "Microsoft-Windows-Hyper-V-VmSwitch-Operational", "Provider_Name": "Microsoft-Windows-Hyper-V-VmSwitch", "Computer": "DESKTOP-OFJ6N53", "TimeCreated": "2025-04-02 09:18:23.507908+00:00", "RecordID": "4585", "Level": "5", "UserID": "S-1-5-18", "EventData.ioctlCode": "0x00000d35"}
{"EventID": "0", "Channel": "Microsoft-Windows-Hyper-V-VmSwitch-Operational", "Provider_Name": "Microsoft-Windows-Hyper-V-VmSwitch", "Computer": "DESKTOP-OFJ6N53", "TimeCreated": "2025-04-02 09:18:23.507912+00:00", "RecordID": "4586", "Level": "5", "UserID": "S-1-5-18", "EventData.ioctlCode": "0x00000d35", "EventData.delta (100 ns)": "26", "EventData.ntStatus": "2147483653"}
{"EventID": "0", "Channel": "Microsoft-Windows-Hyper-V-VmSwitch-Operational", "Provider_Name": "Microsoft-Windows-Hyper-V-VmSwitch", "Computer": "DESKTOP-OFJ6N53", "TimeCreated": "2025-04-02 09:18:23.507914+00:00", "RecordID": "4587", "Level": "5", "UserID": "S-1-5-18", "EventData.ioctlCode": "0x00000d35"}
{"EventID": "0", "Channel": "Microsoft-Windows-Hyper-V-VmSwitch-Operational", "Provider_Name": "Microsoft-Windows-Hyper-V-VmSwitch", "Computer": "DESKTOP-OFJ6N53", "TimeCreated": "2025-04-02 09:18:23.507915+00:00", "RecordID": "4588", "Level": "5", "UserID": "S-1-5-18", "EventData.ioctlCode": "0x00000d35", "EventData.delta (100 ns)": "26", "EventData.ntStatus": "0"}
{"EventID": "0", "Channel": "Microsoft-Windows-Hyper-V-VmSwitch-Operational", "Provider_Name": "Microsoft-Windows-Hyper-V-VmSwitch", "Computer": "DESKTOP-OFJ6N53", "TimeCreated": "2025-04-02 09:18:23.655434+00:00", "RecordID": "4589", "Level": "5", "UserID": "S-1-5-18", "EventData.ioctlCode": "0x0000081f"}
{"EventID": "0", "Channel": "Microsoft-Windows-Hyper-V-VmSwitch-Operational", "Provider_Name": "Microsoft-Windows-Hyper-V-VmSwitch", "Computer": "DESKTOP-OFJ6N53", "TimeCreated": "2025-04-02 09:18:23.655439+00:00", "RecordID": "4590", "Level": "5", "UserID": "S-1-5-18", "EventData.ioctlCode": "0x0000081f", "EventData.delta (100 ns)": "92", "EventData.ntStatus": "0"}
{"EventID": "0", "Channel": "Microsoft-Windows-Hyper-V-VmSwitch-Operational", "Provider_Name": "Microsoft-Windows-Hyper-V-VmSwitch", "Computer": "DESKTOP-OFJ6N53", "TimeCreated": "2025-04-02 09:18:24.789465+00:00", "RecordID": "4591", "Level": "5", "UserID": "S-1-5-18", "EventData.ioctlCode": "0x0000081f"}
{"EventID": "0", "Channel": "Microsoft-Windows-Hyper-V-VmSwitch-Operational", "Provider_Name": "Microsoft-Windows-Hyper-V-VmSwitch", "Computer": "DESKTOP-OFJ6N53", "TimeCreated": "2025-04-02 09:18:24.789474+00:00", "RecordID": "4592", "Level": "5", "UserID": "S-1-5-18", "EventData.ioctlCode": "0x0000081f", "EventData.delta (100 ns)": "113", "EventData.ntStatus": "0"}
{"EventID": "0", "Channel": "Microsoft-Windows-Hyper-V-VmSwitch-Operational", "Provider_Name": "Microsoft-Windows-Hyper-V-VmSwitch", "Computer": "DESKTOP-OFJ6N53", "TimeCreated": "2025-04-02 09:18:24.789515+00:00", "RecordID": "4593", "Level": "5", "UserID": "S-1-5-18", "EventData.ioctlCode": "0x00000d35"}
{"EventID": "0", "Channel": "Microsoft-Windows-Hyper-V-VmSwitch-Operational", "Provider_Name": "Microsoft-Windows-Hyper-V-VmSwitch", "Computer": "DESKTOP-OFJ6N53", "TimeCreated": "2025-04-02 09:18:24.789516+00:00", "RecordID": "4594", "Level": "5", "UserID": "S-1-5-18", "EventData.ioctlCode": "0x00000d35", "EventData.delta (100 ns)": "30", "EventData.ntStatus": "2147483653"}
{"EventID": "0", "Channel": "Microsoft-Windows-Hyper-V-VmSwitch-Operational", "Provider_Name": "Microsoft-Windows-Hyper-V-VmSwitch", "Computer": "DESKTOP-OFJ6N53", "TimeCreated": "2025-04-02 09:18:24.789520+00:00", "RecordID": "4595", "Level": "5", "UserID": "S-1-5-18", "EventData.ioctlCode": "0x00000d35"}
{"EventID": "0", "Channel": "Microsoft-Windows-Hyper-V-VmSwitch-Operational", "Provider_Name": "Microsoft-Windows-Hyper-V-VmSwitch", "Computer": "DESKTOP-OFJ6N53", "TimeCreated": "2025-04-02 09:18:24.789522+00:00", "RecordID": "4596", "Level": "5", "UserID": "S-1-5-18", "EventData.ioctlCode": "0x00000d35", "EventData.delta (100 ns)": "28", "EventData.ntStatus": "0"}
{"EventID": "0", "Channel": "Microsoft-Windows-Hyper-V-VmSwitch-Operational", "Provider_Name": "Microsoft-Windows-Hyper-V-VmSwitch", "Computer": "DESKTOP-OFJ6N53", "TimeCreated": "2025-04-02 09:18:24.857187+00:00", "RecordID": "4597", "Level": "5", "UserID": "S-1-5-18", "EventData.ioctlCode": "0x0000081f"}
{"EventID": "0", "Channel": "Microsoft-Windows-Hyper-V-VmSwitch-Operational", "Provider_Name": "Microsoft-Windows-Hyper-V-VmSwitch", "Computer": "DESKTOP-OFJ6N53", "TimeCreated": "2025-04-02 09:18:24.857187+00:00", "RecordID": "4598", "Level": "5", "UserID": "S-1-5-18", "EventData.ioctlCode": "0x0000081f", "EventData.delta (100 ns)": "0", "EventData.ntStatus": "0"}
{"EventID": "0", "Channel": "Microsoft-Windows-Hyper-V-VmSwitch-Operational", "Provider_Name": "Microsoft-Windows-Hyper-V-VmSwitch", "Computer": "DESKTOP-OFJ6N53", "TimeCreated": "2025-04-02 09:18:25.418840+00:00", "RecordID": "4599", "Level": "5", "UserID": "S-1-5-18", "EventData.ioctlCode": "0x0000081f"}
{"EventID": "0", "Channel": "Microsoft-Windows-Hyper-V-VmSwitch-Operational", "Provider_Name": "Microsoft-Windows-Hyper-V-VmSwitch", "Computer": "DESKTOP-OFJ6N53", "TimeCreated": "2025-04-02 09:18:25.418848+00:00", "RecordID": "4600", "Level": "5", "UserID": "S-1-5-18", "EventData.ioctlCode": "0x0000081f", "EventData.delta (100 ns)": "76", "EventData.ntStatus": "0"}
{"EventID": "0", "Channel": "Microsoft-Windows-Hyper-V-VmSwitch-Operational", "Provider_Name": "Microsoft-Windows-Hyper-V-VmSwitch", "Computer": "DESKTOP-OFJ6N53", "TimeCreated": "2025-04-02 09:18:25.418886+00:00", "RecordID": "4601", "Level": "5", "UserID": "S-1-5-18", "EventData.ioctlCode": "0x00000d15"}
{"EventID": "0", "Channel": "Microsoft-Windows-Hyper-V-VmSwitch-Operational", "Provider_Name": "Microsoft-Windows-Hyper-V-VmSwitch", "Computer": "DESKTOP-OFJ6N53", "TimeCreated": "2025-04-02 09:18:25.418888+00:00", "RecordID": "4602", "Level": "5", "UserID": "S-1-5-18", "EventData.ioctlCode": "0x00000d15", "EventData.delta (100 ns)": "32", "EventData.ntStatus": "2147483653"}
{"EventID": "0", "Channel": "Microsoft-Windows-Hyper-V-VmSwitch-Operational", "Provider_Name": "Microsoft-Windows-Hyper-V-VmSwitch", "Computer": "DESKTOP-OFJ6N53", "TimeCreated": "2025-04-02 09:18:25.418892+00:00", "RecordID": "4603", "Level": "5", "UserID": "S-1-5-18", "EventData.ioctlCode": "0x00000d15"}
{"EventID": "0", "Channel": "Microsoft-Windows-Hyper-V-VmSwitch-Operational", "Provider_Name": "Microsoft-Windows-Hyper-V-VmSwitch", "Computer": "DESKTOP-OFJ6N53", "TimeCreated": "2025-04-02 09:18:25.418896+00:00", "RecordID": "4604", "Level": "5", "UserID": "S-1-5-18", "EventData.ioctlCode": "0x00000d15", "EventData.delta (100 ns)": "24", "EventData.ntStatus": "0"}
{"EventID": "0", "Channel": "Microsoft-Windows-Hyper-V-VmSwitch-Operational", "Provider_Name": "Microsoft-Windows-Hyper-V-VmSwitch", "Computer": "DESKTOP-OFJ6N53", "TimeCreated": "2025-04-02 09:31:33.338551+00:00", "RecordID": "4605", "Level": "4", "UserID": "S-1-5-18", "EventData.State": "Started Loading", "EventData.Function": "DriverEntry"}
{"EventID": "0", "Channel": "Microsoft-Windows-Hyper-V-VmSwitch-Operational", "Provider_Name": "Microsoft-Windows-Hyper-V-VmSwitch", "Computer": "DESKTOP-OFJ6N53", "TimeCreated": "2025-04-02 09:31:33.340082+00:00", "RecordID": "4606", "Level": "4", "UserID": "S-1-5-18", "EventData.State": "Installed and Started.", "EventData.Function": "DriverEntry", "EventData.delta (100 ns)": "20801", "EventData.Status": "0"}
{"EventID": "0", "Channel": "Microsoft-Windows-Hyper-V-VmSwitch-Operational", "Provider_Name": "Microsoft-Windows-Hyper-V-VmSwitch", "Computer": "DESKTOP-OFJ6N53", "TimeCreated": "2025-04-02 09:31:33.340849+00:00", "RecordID": "4607", "Level": "4", "UserID": "S-1-5-18", "EventData.netPnpEvent": "NetEventBindsComplete", "EventData.nicName_Length": "0", "EventData.nicName": null, "EventData.nicFriendlyName_Length": "0", "EventData.nicFriendlyName": null, "EventData.switchName_Length": "0", "EventData.switchName": null, "EventData.switchFriendlyName_Length": "0", "EventData.switchFriendlyName": null}
{"EventID": "0", "Channel": "Microsoft-Windows-Hyper-V-VmSwitch-Operational", "Provider_Name": "Microsoft-Windows-Hyper-V-VmSwitch", "Computer": "DESKTOP-OFJ6N53", "TimeCreated": "2025-04-02 09:31:33.340853+00:00", "RecordID": "4608", "Level": "4", "UserID": "S-1-5-18", "EventData.netPnpEvent": "NetEventBindsComplete", "EventData.nicName_Length": "0", "EventData.nicName": null, "EventData.nicFriendlyName_Length": "0", "EventData.nicFriendlyName": null, "EventData.switchName_Length": "0", "EventData.switchName": null, "EventData.switchFriendlyName_Length": "0", "EventData.switchFriendlyName": null, "EventData.delta (100 ns)": "41", "EventData.Status": "0"}
{"EventID": "0", "Channel": "Microsoft-Windows-Hyper-V-VmSwitch-Operational", "Provider_Name": "Microsoft-Windows-Hyper-V-VmSwitch", "Computer": "DESKTOP-OFJ6N53", "TimeCreated": "2025-04-02 09:31:33.340864+00:00", "RecordID": "4609", "Level": "4", "UserID": "S-1-5-18", "EventData.netPnpEvent": "NetEventBindsComplete", "EventData.switchName_Length": "0", "EventData.switchName": null, "EventData.switchFriendlyName_Length": "0", "EventData.switchFriendlyName": null}
{"EventID": "0", "Channel": "Microsoft-Windows-Hyper-V-VmSwitch-Operational", "Provider_Name": "Microsoft-Windows-Hyper-V-VmSwitch", "Computer": "DESKTOP-OFJ6N53", "TimeCreated": "2025-04-02 09:31:33.340864+00:00", "RecordID": "4610", "Level": "4", "UserID": "S-1-5-18", "EventData.netPnpEvent": "NetEventBindsComplete", "EventData.switchName_Length": "0", "EventData.switchName": null, "EventData.switchFriendlyName_Length": "0", "EventData.switchFriendlyName": null, "EventData.delta (100 ns)": "26", "EventData.Status": "0"}
{"EventID": "0", "Channel": "Microsoft-Windows-Hyper-V-VmSwitch-Operational", "Provider_Name": "Microsoft-Windows-Hyper-V-VmSwitch", "Computer": "DESKTOP-OFJ6N53", "TimeCreated": "2025-04-02 09:31:33.703354+00:00", "RecordID": "4611", "Level": "5", "UserID": "S-1-5-18", "EventData.ioctlCode": "0x0000081f"}
{"EventID": "0", "Channel": "Microsoft-Windows-Hyper-V-VmSwitch-Operational", "Provider_Name": "Microsoft-Windows-Hyper-V-VmSwitch", "Computer": "DESKTOP-OFJ6N53", "TimeCreated": "2025-04-02 09:31:33.703362+00:00", "RecordID": "4612", "Level": "5", "UserID": "S-1-5-18", "EventData.ioctlCode": "0x0000081f", "EventData.delta (100 ns)": "99", "EventData.ntStatus": "0"}
{"EventID": "0", "Channel": "Microsoft-Windows-Hyper-V-VmSwitch-Operational", "Provider_Name": "Microsoft-Windows-Hyper-V-VmSwitch", "Computer": "DESKTOP-OFJ6N53", "TimeCreated": "2025-04-02 09:31:33.775057+00:00", "RecordID": "4613", "Level": "5", "UserID": "S-1-5-18", "EventData.ioctlCode": "0x0000081f"}
{"EventID": "0", "Channel": "Microsoft-Windows-Hyper-V-VmSwitch-Operational", "Provider_Name": "Microsoft-Windows-Hyper-V-VmSwitch", "Computer": "DESKTOP-OFJ6N53", "TimeCreated": "2025-04-02 09:31:33.775064+00:00", "RecordID": "4614", "Level": "5", "UserID": "S-1-5-18", "EventData.ioctlCode": "0x0000081f", "EventData.delta (100 ns)": "97", "EventData.ntStatus": "0"}
{"EventID": "0", "Channel": "Microsoft-Windows-Hyper-V-VmSwitch-Operational", "Provider_Name": "Microsoft-Windows-Hyper-V-VmSwitch", "Computer": "DESKTOP-OFJ6N53", "TimeCreated": "2025-04-02 09:31:33.775112+00:00", "RecordID": "4615", "Level": "5", "UserID": "S-1-5-18", "EventData.ioctlCode": "0x00000d35"}
{"EventID": "0", "Channel": "Microsoft-Windows-Hyper-V-VmSwitch-Operational", "Provider_Name": "Microsoft-Windows-Hyper-V-VmSwitch", "Computer": "DESKTOP-OFJ6N53", "TimeCreated": "2025-04-02 09:31:33.775116+00:00", "RecordID": "4616", "Level": "5", "UserID": "S-1-5-18", "EventData.ioctlCode": "0x00000d35", "EventData.delta (100 ns)": "39", "EventData.ntStatus": "2147483653"}
{"EventID": "0", "Channel": "Microsoft-Windows-Hyper-V-VmSwitch-Operational", "Provider_Name": "Microsoft-Windows-Hyper-V-VmSwitch", "Computer": "DESKTOP-OFJ6N53", "TimeCreated": "2025-04-02 09:31:33.775120+00:00", "RecordID": "4617", "Level": "5", "UserID": "S-1-5-18", "EventData.ioctlCode": "0x00000d35"}
{"EventID": "0", "Channel": "Microsoft-Windows-Hyper-V-VmSwitch-Operational", "Provider_Name": "Microsoft-Windows-Hyper-V-VmSwitch", "Computer": "DESKTOP-OFJ6N53", "TimeCreated": "2025-04-02 09:31:33.775122+00:00", "RecordID": "4618", "Level": "5", "UserID": "S-1-5-18", "EventData.ioctlCode": "0x00000d35", "EventData.delta (100 ns)": "32", "EventData.ntStatus": "0"}
{"EventID": "0", "Channel": "Microsoft-Windows-Hyper-V-VmSwitch-Operational", "Provider_Name": "Microsoft-Windows-Hyper-V-VmSwitch", "Computer": "DESKTOP-OFJ6N53", "TimeCreated": "2025-04-02 09:31:33.775480+00:00", "RecordID": "4619", "Level": "5", "UserID": "S-1-5-18", "EventData.ioctlCode": "0x0000081f"}
{"EventID": "0", "Channel": "Microsoft-Windows-Hyper-V-VmSwitch-Operational", "Provider_Name": "Microsoft-Windows-Hyper-V-VmSwitch", "Computer": "DESKTOP-OFJ6N53", "TimeCreated": "2025-04-02 09:31:33.775484+00:00", "RecordID": "4620", "Level": "5", "UserID": "S-1-5-18", "EventData.ioctlCode": "0x0000081f", "EventData.delta (100 ns)": "66", "EventData.ntStatus": "0"}
{"EventID": "0", "Channel": "Microsoft-Windows-Hyper-V-VmSwitch-Operational", "Provider_Name": "Microsoft-Windows-Hyper-V-VmSwitch", "Computer": "DESKTOP-OFJ6N53", "TimeCreated": "2025-04-02 09:31:33.775530+00:00", "RecordID": "4621", "Level": "5", "UserID": "S-1-5-18", "EventData.ioctlCode": "0x00000d15"}
{"EventID": "0", "Channel": "Microsoft-Windows-Hyper-V-VmSwitch-Operational", "Provider_Name": "Microsoft-Windows-Hyper-V-VmSwitch", "Computer": "DESKTOP-OFJ6N53", "TimeCreated": "2025-04-02 09:31:33.775532+00:00", "RecordID": "4622", "Level": "5", "UserID": "S-1-5-18", "EventData.ioctlCode": "0x00000d15", "EventData.delta (100 ns)": "35", "EventData.ntStatus": "2147483653"}
{"EventID": "0", "Channel": "Microsoft-Windows-Hyper-V-VmSwitch-Operational", "Provider_Name": "Microsoft-Windows-Hyper-V-VmSwitch", "Computer": "DESKTOP-OFJ6N53", "TimeCreated": "2025-04-02 09:31:33.775536+00:00", "RecordID": "4623", "Level": "5", "UserID": "S-1-5-18", "EventData.ioctlCode": "0x00000d15"}
{"EventID": "0", "Channel": "Microsoft-Windows-Hyper-V-VmSwitch-Operational", "Provider_Name": "Microsoft-Windows-Hyper-V-VmSwitch", "Computer": "DESKTOP-OFJ6N53", "TimeCreated": "2025-04-02 09:31:33.775539+00:00", "RecordID": "4624", "Level": "5", "UserID": "S-1-5-18", "EventData.ioctlCode": "0x00000d15", "EventData.delta (100 ns)": "32", "EventData.ntStatus": "0"}
{"EventID": "0", "Channel": "Microsoft-Windows-Hyper-V-VmSwitch-Operational", "Provider_Name": "Microsoft-Windows-Hyper-V-VmSwitch", "Computer": "DESKTOP-OFJ6N53", "TimeCreated": "2025-04-02 09:31:33.831305+00:00", "RecordID": "4625", "Level": "5", "UserID": "S-1-5-18", "EventData.ioctlCode": "0x0000081f"}
{"EventID": "0", "Channel": "Microsoft-Windows-Hyper-V-VmSwitch-Operational", "Provider_Name": "Microsoft-Windows-Hyper-V-VmSwitch", "Computer": "DESKTOP-OFJ6N53", "TimeCreated": "2025-04-02 09:31:33.831312+00:00", "RecordID": "4626", "Level": "5", "UserID": "S-1-5-18", "EventData.ioctlCode": "0x0000081f", "EventData.delta (100 ns)": "80", "EventData.ntStatus": "0"}
{"EventID": "0", "Channel": "Microsoft-Windows-Hyper-V-VmSwitch-Operational", "Provider_Name": "Microsoft-Windows-Hyper-V-VmSwitch", "Computer": "DESKTOP-OFJ6N53", "TimeCreated": "2025-04-02 09:31:34.387362+00:00", "RecordID": "4627", "Level": "5", "UserID": "S-1-5-18", "EventData.ioctlCode": "0x0000081f"}
{"EventID": "0", "Channel": "Microsoft-Windows-Hyper-V-VmSwitch-Operational", "Provider_Name": "Microsoft-Windows-Hyper-V-VmSwitch", "Computer": "DESKTOP-OFJ6N53", "TimeCreated": "2025-04-02 09:31:34.387367+00:00", "RecordID": "4628", "Level": "5", "UserID": "S-1-5-18", "EventData.ioctlCode": "0x0000081f", "EventData.delta (100 ns)": "86", "EventData.ntStatus": "0"}
{"EventID": "0", "Channel": "Microsoft-Windows-Hyper-V-VmSwitch-Operational", "Provider_Name": "Microsoft-Windows-Hyper-V-VmSwitch", "Computer": "DESKTOP-OFJ6N53", "TimeCreated": "2025-04-02 09:31:34.388140+00:00", "RecordID": "4629", "Level": "5", "UserID": "S-1-5-18", "EventData.ioctlCode": "0x00000d12"}
{"EventID": "0", "Channel": "Microsoft-Windows-Hyper-V-VmSwitch-Operational", "Provider_Name": "Microsoft-Windows-Hyper-V-VmSwitch", "Computer": "DESKTOP-OFJ6N53", "TimeCreated": "2025-04-02 09:31:34.388149+00:00", "RecordID": "4630", "Level": "5", "UserID": "S-1-5-18", "EventData.ioctlCode": "0x00000d12", "EventData.delta (100 ns)": "115", "EventData.ntStatus": "2147483653"}
{"EventID": "0", "Channel": "Microsoft-Windows-Hyper-V-VmSwitch-Operational", "Provider_Name": "Microsoft-Windows-Hyper-V-VmSwitch", "Computer": "DESKTOP-OFJ6N53", "TimeCreated": "2025-04-02 09:31:34.388166+00:00", "RecordID": "4631", "Level": "5", "UserID": "S-1-5-18", "EventData.ioctlCode": "0x00000d12"}
{"EventID": "0", "Channel": "Microsoft-Windows-Hyper-V-VmSwitch-Operational", "Provider_Name": "Microsoft-Windows-Hyper-V-VmSwitch", "Computer": "DESKTOP-OFJ6N53", "TimeCreated": "2025-04-02 09:31:34.388195+00:00", "RecordID": "4632", "Level": "5", "UserID": "S-1-5-18", "EventData.ioctlCode": "0x00000d12", "EventData.delta (100 ns)": "292", "EventData.ntStatus": "3221225524"}
{"EventID": "0", "Channel": "Microsoft-Windows-Hyper-V-VmSwitch-Operational", "Provider_Name": "Microsoft-Windows-Hyper-V-VmSwitch", "Computer": "DESKTOP-OFJ6N53", "TimeCreated": "2025-04-02 09:31:34.404509+00:00", "RecordID": "4633", "Level": "5", "UserID": "S-1-5-18", "EventData.ioctlCode": "0x0000081f"}
{"EventID": "0", "Channel": "Microsoft-Windows-Hyper-V-VmSwitch-Operational", "Provider_Name": "Microsoft-Windows-Hyper-V-VmSwitch", "Computer": "DESKTOP-OFJ6N53", "TimeCreated": "2025-04-02 09:31:34.404514+00:00", "RecordID": "4634", "Level": "5", "UserID": "S-1-5-18", "EventData.ioctlCode": "0x0000081f", "EventData.delta (100 ns)": "68", "EventData.ntStatus": "0"}
{"EventID": "0", "Channel": "Microsoft-Windows-Hyper-V-VmSwitch-Operational", "Provider_Name": "Microsoft-Windows-Hyper-V-VmSwitch", "Computer": "DESKTOP-OFJ6N53", "TimeCreated": "2025-04-02 09:31:34.404713+00:00", "RecordID": "4635", "Level": "5", "UserID": "S-1-5-18", "EventData.ioctlCode": "0x0000081f"}
{"EventID": "0", "Channel": "Microsoft-Windows-Hyper-V-VmSwitch-Operational", "Provider_Name": "Microsoft-Windows-Hyper-V-VmSwitch", "Computer": "DESKTOP-OFJ6N53", "TimeCreated": "2025-04-02 09:31:34.404730+00:00", "RecordID": "4636", "Level": "5", "UserID": "S-1-5-18", "EventData.ioctlCode": "0x0000081f", "EventData.delta (100 ns)": "183", "EventData.ntStatus": "0"}
{"EventID": "0", "Channel": "Microsoft-Windows-Hyper-V-VmSwitch-Operational", "Provider_Name": "Microsoft-Windows-Hyper-V-VmSwitch", "Computer": "DESKTOP-OFJ6N53", "TimeCreated": "2025-04-02 09:31:34.404758+00:00", "RecordID": "4637", "Level": "5", "UserID": "S-1-5-18", "EventData.ioctlCode": "0x00000d35"}
