{"EventID": "62443", "Channel": "Microsoft-Windows-Shell-Core/AppDefaults", "Provider_Name": "Microsoft-Windows-Shell-Core", "Computer": "DESKTOP-OFJ6N53", "TimeCreated": "2025-07-07 13:18:05.317654+00:00", "RecordID": "2262", "Level": "4", "UserID": "S-1-5-21-963789628-1060504924-4285088085-1001", "EventData.Info": "SetDefault: Association=.gz, ProgId=Applications\\7zFM.exe"}
{"EventID": "62443", "Channel": "Microsoft-Windows-Shell-Core/AppDefaults", "Provider_Name": "Microsoft-Windows-Shell-Core", "Computer": "DESKTOP-OFJ6N53", "TimeCreated": "2025-07-07 13:18:05.319338+00:00", "RecordID": "2263", "Level": "4", "UserID": "S-1-5-21-963789628-1060504924-4285088085-1001", "EventData.Info": "SetDefault-Info: Association=.gz, ProgId=Applications\\7zFM.exe, U=S-1-5-21-963789628-1060504924-4285088085-1001, T=2025:07:01:07:13:18, H=CrbE5DneWYg="}
{"EventID": "62443", "Channel": "Microsoft-Windows-Shell-Core/AppDefaults", "Provider_Name": "Microsoft-Windows-Shell-Core", "Computer": "DESKTOP-OFJ6N53", "TimeCreated": "2025-07-07 13:27:02.711395+00:00", "RecordID": "2264", "Level": "4", "UserID": "S-1-5-21-963789628-1060504924-4285088085-1001", "EventData.Info": "Querying default browser info"}
{"EventID": "62443", "Channel": "Microsoft-Windows-Shell-Core/AppDefaults", "Provider_Name": "Microsoft-Windows-Shell-Core", "Computer": "DESKTOP-OFJ6N53", "TimeCreated": "2025-07-14 09:52:15.079187+00:00", "RecordID": "2265", "Level": "4", "UserID": "S-1-5-21-963789628-1060504924-4285088085-1001", "EventData.Info": "File Association hash version is still the same"}
{"EventID": "62443", "Channel": "Microsoft-Windows-Shell-Core/AppDefaults", "Provider_Name": "Microsoft-Windows-Shell-Core", "Computer": "DESKTOP-OFJ6N53", "TimeCreated": "2025-07-14 09:52:15.081512+00:00", "RecordID": "2266", "Level": "4", "UserID": "S-1-5-21-963789628-1060504924-4285088085-1001", "EventData.Info": "AppDefaults-Logon-UserProfileLoaded"}
{"EventID": "62443", "Channel": "Microsoft-Windows-Shell-Core/AppDefaults", "Provider_Name": "Microsoft-Windows-Shell-Core", "Computer": "DESKTOP-OFJ6N53", "TimeCreated": "2025-07-14 09:52:46.951612+00:00", "RecordID": "2267", "Level": "4", "UserID": "S-1-5-21-963789628-1060504924-4285088085-1001", "EventData.Info": "Querying default browser info"}
{"EventID": "62443", "Channel": "Microsoft-Windows-Shell-Core/AppDefaults", "Provider_Name": "Microsoft-Windows-Shell-Core", "Computer": "DESKTOP-OFJ6N53", "TimeCreated": "2025-07-14 09:53:39.836330+00:00", "RecordID": "2268", "Level": "4", "UserID": "S-1-5-21-963789628-1060504924-4285088085-1001", "EventData.Info": "Querying default browser info"}
{"EventID": "62443", "Channel": "Microsoft-Windows-Shell-Core/AppDefaults", "Provider_Name": "Microsoft-Windows-Shell-Core", "Computer": "DESKTOP-OFJ6N53", "TimeCreated": "2025-07-14 10:07:14.654551+00:00", "RecordID": "2269", "Level": "4", "UserID": "S-1-5-21-963789628-1060504924-4285088085-1001", "EventData.Info": "Querying default browser info"}
{"EventID": "62440", "Channel": "Microsoft-Windows-Shell-Core/AppDefaults", "Provider_Name": "Microsoft-Windows-Shell-Core", "Computer": "DESKTOP-OFJ6N53", "TimeCreated": "2025-07-14 19:39:42.930058+00:00", "RecordID": "2270", "Level": "4", "UserID": "S-1-5-18", "EventData.ExtOrUriScheme": ".json", "EventData.ProgId": "Applications\\notepad++.exe"}
{"EventID": "62443", "Channel": "Microsoft-Windows-Shell-Core/AppDefaults", "Provider_Name": "Microsoft-Windows-Shell-Core", "Computer": "DESKTOP-OFJ6N53", "TimeCreated": "2025-07-14 19:39:42.930079+00:00", "RecordID": "2271", "Level": "4", "UserID": "S-1-5-18", "EventData.Info": "QueryDefault-Mismatch: Association=.json, ProgId=Applications\\notepad++.exe, S=S-1-5-18, T:2023:06:04:29:13:01, RH=soLOKttHIMs=, CH=PJihzcegvF8="}
{"EventID": "62440", "Channel": "Microsoft-Windows-Shell-Core/AppDefaults", "Provider_Name": "Microsoft-Windows-Shell-Core", "Computer": "DESKTOP-OFJ6N53", "TimeCreated": "2025-07-14 19:39:42.931578+00:00", "RecordID": "2272", "Level": "4", "UserID": "S-1-5-18", "EventData.ExtOrUriScheme": ".json", "EventData.ProgId": "Applications\\notepad++.exe"}
{"EventID": "62443", "Channel": "Microsoft-Windows-Shell-Core/AppDefaults", "Provider_Name": "Microsoft-Windows-Shell-Core", "Computer": "DESKTOP-OFJ6N53", "TimeCreated": "2025-07-14 19:39:42.931587+00:00", "RecordID": "2273", "Level": "4", "UserID": "S-1-5-18", "EventData.Info": "QueryDefault-Mismatch: Association=.json, ProgId=Applications\\notepad++.exe, S=S-1-5-18, T:2023:06:04:29:13:01, RH=soLOKttHIMs=, CH=PJihzcegvF8="}
{"EventID": "62440", "Channel": "Microsoft-Windows-Shell-Core/AppDefaults", "Provider_Name": "Microsoft-Windows-Shell-Core", "Computer": "DESKTOP-OFJ6N53", "TimeCreated": "2025-07-14 19:39:42.933922+00:00", "RecordID": "2274", "Level": "4", "UserID": "S-1-5-18", "EventData.ExtOrUriScheme": ".json", "EventData.ProgId": "Applications\\notepad++.exe"}
{"EventID": "62443", "Channel": "Microsoft-Windows-Shell-Core/AppDefaults", "Provider_Name": "Microsoft-Windows-Shell-Core", "Computer": "DESKTOP-OFJ6N53", "TimeCreated": "2025-07-14 19:39:42.933931+00:00", "RecordID": "2275", "Level": "4", "UserID": "S-1-5-18", "EventData.Info": "QueryDefault-Mismatch: Association=.json, ProgId=Applications\\notepad++.exe, S=S-1-5-18, T:2023:06:04:29:13:01, RH=soLOKttHIMs=, CH=PJihzcegvF8="}
{"EventID": "62440", "Channel": "Microsoft-Windows-Shell-Core/AppDefaults", "Provider_Name": "Microsoft-Windows-Shell-Core", "Computer": "DESKTOP-OFJ6N53", "TimeCreated": "2025-07-14 19:39:42.938633+00:00", "RecordID": "2276", "Level": "4", "UserID": "S-1-5-18", "EventData.ExtOrUriScheme": ".json", "EventData.ProgId": "Applications\\notepad++.exe"}
{"EventID": "62443", "Channel": "Microsoft-Windows-Shell-Core/AppDefaults", "Provider_Name": "Microsoft-Windows-Shell-Core", "Computer": "DESKTOP-OFJ6N53", "TimeCreated": "2025-07-14 19:39:42.938643+00:00", "RecordID": "2277", "Level": "4", "UserID": "S-1-5-18", "EventData.Info": "QueryDefault-Mismatch: Association=.json, ProgId=Applications\\notepad++.exe, S=S-1-5-18, T:2023:06:04:29:13:01, RH=soLOKttHIMs=, CH=PJihzcegvF8="}
{"EventID": "62440", "Channel": "Microsoft-Windows-Shell-Core/AppDefaults", "Provider_Name": "Microsoft-Windows-Shell-Core", "Computer": "DESKTOP-OFJ6N53", "TimeCreated": "2025-07-14 19:39:42.939232+00:00", "RecordID": "2278", "Level": "4", "UserID": "S-1-5-18", "EventData.ExtOrUriScheme": ".json", "EventData.ProgId": "Applications\\notepad++.exe"}
{"EventID": "62443", "Channel": "Microsoft-Windows-Shell-Core/AppDefaults", "Provider_Name": "Microsoft-Windows-Shell-Core", "Computer": "DESKTOP-OFJ6N53", "TimeCreated": "2025-07-14 19:39:42.939238+00:00", "RecordID": "2279", "Level": "4", "UserID": "S-1-5-18", "EventData.Info": "QueryDefault-Mismatch: Association=.json, ProgId=Applications\\notepad++.exe, S=S-1-5-18, T:2023:06:04:29:13:01, RH=soLOKttHIMs=, CH=PJihzcegvF8="}
{"EventID": "62440", "Channel": "Microsoft-Windows-Shell-Core/AppDefaults", "Provider_Name": "Microsoft-Windows-Shell-Core", "Computer": "DESKTOP-OFJ6N53", "TimeCreated": "2025-07-14 19:39:42.952539+00:00", "RecordID": "2280", "Level": "4", "UserID": "S-1-5-18", "EventData.ExtOrUriScheme": ".json", "EventData.ProgId": "Applications\\notepad++.exe"}
{"EventID": "62443", "Channel": "Microsoft-Windows-Shell-Core/AppDefaults", "Provider_Name": "Microsoft-Windows-Shell-Core", "Computer": "DESKTOP-OFJ6N53", "TimeCreated": "2025-07-14 19:39:42.952555+00:00", "RecordID": "2281", "Level": "4", "UserID": "S-1-5-18", "EventData.Info": "QueryDefault-Mismatch: Association=.json, ProgId=Applications\\notepad++.exe, S=S-1-5-18, T:2023:06:04:29:13:01, RH=soLOKttHIMs=, CH=PJihzcegvF8="}
{"EventID": "62440", "Channel": "Microsoft-Windows-Shell-Core/AppDefaults", "Provider_Name": "Microsoft-Windows-Shell-Core", "Computer": "DESKTOP-OFJ6N53", "TimeCreated": "2025-07-14 19:39:42.953369+00:00", "RecordID": "2282", "Level": "4", "UserID": "S-1-5-18", "EventData.ExtOrUriScheme": ".json", "EventData.ProgId": "Applications\\notepad++.exe"}
{"EventID": "62443", "Channel": "Microsoft-Windows-Shell-Core/AppDefaults", "Provider_Name": "Microsoft-Windows-Shell-Core", "Computer": "DESKTOP-OFJ6N53", "TimeCreated": "2025-07-14 19:39:42.953381+00:00", "RecordID": "2283", "Level": "4", "UserID": "S-1-5-18", "EventData.Info": "QueryDefault-Mismatch: Association=.json, ProgId=Applications\\notepad++.exe, S=S-1-5-18, T:2023:06:04:29:13:01, RH=soLOKttHIMs=, CH=PJihzcegvF8="}
{"EventID": "62440", "Channel": "Microsoft-Windows-Shell-Core/AppDefaults", "Provider_Name": "Microsoft-Windows-Shell-Core", "Computer": "DESKTOP-OFJ6N53", "TimeCreated": "2025-07-14 19:39:42.958910+00:00", "RecordID": "2284", "Level": "4", "UserID": "S-1-5-18", "EventData.ExtOrUriScheme": ".json", "EventData.ProgId": "Applications\\notepad++.exe"}
{"EventID": "62443", "Channel": "Microsoft-Windows-Shell-Core/AppDefaults", "Provider_Name": "Microsoft-Windows-Shell-Core", "Computer": "DESKTOP-OFJ6N53", "TimeCreated": "2025-07-14 19:39:42.958920+00:00", "RecordID": "2285", "Level": "4", "UserID": "S-1-5-18", "EventData.Info": "QueryDefault-Mismatch: Association=.json, ProgId=Applications\\notepad++.exe, S=S-1-5-18, T:2023:06:04:29:13:01, RH=soLOKttHIMs=, CH=PJihzcegvF8="}
{"EventID": "62440", "Channel": "Microsoft-Windows-Shell-Core/AppDefaults", "Provider_Name": "Microsoft-Windows-Shell-Core", "Computer": "DESKTOP-OFJ6N53", "TimeCreated": "2025-07-14 19:39:42.959549+00:00", "RecordID": "2286", "Level": "4", "UserID": "S-1-5-18", "EventData.ExtOrUriScheme": ".json", "EventData.ProgId": "Applications\\notepad++.exe"}
{"EventID": "62443", "Channel": "Microsoft-Windows-Shell-Core/AppDefaults", "Provider_Name": "Microsoft-Windows-Shell-Core", "Computer": "DESKTOP-OFJ6N53", "TimeCreated": "2025-07-14 19:39:42.959558+00:00", "RecordID": "2287", "Level": "4", "UserID": "S-1-5-18", "EventData.Info": "QueryDefault-Mismatch: Association=.json, ProgId=Applications\\notepad++.exe, S=S-1-5-18, T:2023:06:04:29:13:01, RH=soLOKttHIMs=, CH=PJihzcegvF8="}
{"EventID": "62440", "Channel": "Microsoft-Windows-Shell-Core/AppDefaults", "Provider_Name": "Microsoft-Windows-Shell-Core", "Computer": "DESKTOP-OFJ6N53", "TimeCreated": "2025-07-15 09:56:54.742336+00:00", "RecordID": "2288", "Level": "4", "UserID": "S-1-5-18", "EventData.ExtOrUriScheme": ".json", "EventData.ProgId": "Applications\\notepad++.exe"}
{"EventID": "62443", "Channel": "Microsoft-Windows-Shell-Core/AppDefaults", "Provider_Name": "Microsoft-Windows-Shell-Core", "Computer": "DESKTOP-OFJ6N53", "TimeCreated": "2025-07-15 09:56:54.742365+00:00", "RecordID": "2289", "Level": "4", "UserID": "S-1-5-18", "EventData.Info": "QueryDefault-Mismatch: Association=.json, ProgId=Applications\\notepad++.exe, S=S-1-5-18, T:2023:06:04:29:13:01, RH=soLOKttHIMs=, CH=PJihzcegvF8="}
{"EventID": "62440", "Channel": "Microsoft-Windows-Shell-Core/AppDefaults", "Provider_Name": "Microsoft-Windows-Shell-Core", "Computer": "DESKTOP-OFJ6N53", "TimeCreated": "2025-07-15 09:56:54.743231+00:00", "RecordID": "2290", "Level": "4", "UserID": "S-1-5-18", "EventData.ExtOrUriScheme": ".json", "EventData.ProgId": "Applications\\notepad++.exe"}
{"EventID": "62443", "Channel": "Microsoft-Windows-Shell-Core/AppDefaults", "Provider_Name": "Microsoft-Windows-Shell-Core", "Computer": "DESKTOP-OFJ6N53", "TimeCreated": "2025-07-15 09:56:54.743238+00:00", "RecordID": "2291", "Level": "4", "UserID": "S-1-5-18", "EventData.Info": "QueryDefault-Mismatch: Association=.json, ProgId=Applications\\notepad++.exe, S=S-1-5-18, T:2023:06:04:29:13:01, RH=soLOKttHIMs=, CH=PJihzcegvF8="}
{"EventID": "62440", "Channel": "Microsoft-Windows-Shell-Core/AppDefaults", "Provider_Name": "Microsoft-Windows-Shell-Core", "Computer": "DESKTOP-OFJ6N53", "TimeCreated": "2025-07-15 09:56:54.745607+00:00", "RecordID": "2292", "Level": "4", "UserID": "S-1-5-18", "EventData.ExtOrUriScheme": ".json", "EventData.ProgId": "Applications\\notepad++.exe"}
{"EventID": "62443", "Channel": "Microsoft-Windows-Shell-Core/AppDefaults", "Provider_Name": "Microsoft-Windows-Shell-Core", "Computer": "DESKTOP-OFJ6N53", "TimeCreated": "2025-07-15 09:56:54.745619+00:00", "RecordID": "2293", "Level": "4", "UserID": "S-1-5-18", "EventData.Info": "QueryDefault-Mismatch: Association=.json, ProgId=Applications\\notepad++.exe, S=S-1-5-18, T:2023:06:04:29:13:01, RH=soLOKttHIMs=, CH=PJihzcegvF8="}
{"EventID": "62440", "Channel": "Microsoft-Windows-Shell-Core/AppDefaults", "Provider_Name": "Microsoft-Windows-Shell-Core", "Computer": "DESKTOP-OFJ6N53", "TimeCreated": "2025-07-15 09:56:54.750875+00:00", "RecordID": "2294", "Level": "4", "UserID": "S-1-5-18", "EventData.ExtOrUriScheme": ".json", "EventData.ProgId": "Applications\\notepad++.exe"}
{"EventID": "62443", "Channel": "Microsoft-Windows-Shell-Core/AppDefaults", "Provider_Name": "Microsoft-Windows-Shell-Core", "Computer": "DESKTOP-OFJ6N53", "TimeCreated": "2025-07-15 09:56:54.750887+00:00", "RecordID": "2295", "Level": "4", "UserID": "S-1-5-18", "EventData.Info": "QueryDefault-Mismatch: Association=.json, ProgId=Applications\\notepad++.exe, S=S-1-5-18, T:2023:06:04:29:13:01, RH=soLOKttHIMs=, CH=PJihzcegvF8="}
{"EventID": "62440", "Channel": "Microsoft-Windows-Shell-Core/AppDefaults", "Provider_Name": "Microsoft-Windows-Shell-Core", "Computer": "DESKTOP-OFJ6N53", "TimeCreated": "2025-07-15 09:56:54.751738+00:00", "RecordID": "2296", "Level": "4", "UserID": "S-1-5-18", "EventData.ExtOrUriScheme": ".json", "EventData.ProgId": "Applications\\notepad++.exe"}
{"EventID": "62443", "Channel": "Microsoft-Windows-Shell-Core/AppDefaults", "Provider_Name": "Microsoft-Windows-Shell-Core", "Computer": "DESKTOP-OFJ6N53", "TimeCreated": "2025-07-15 09:56:54.751749+00:00", "RecordID": "2297", "Level": "4", "UserID": "S-1-5-18", "EventData.Info": "QueryDefault-Mismatch: Association=.json, ProgId=Applications\\notepad++.exe, S=S-1-5-18, T:2023:06:04:29:13:01, RH=soLOKttHIMs=, CH=PJihzcegvF8="}
{"EventID": "62440", "Channel": "Microsoft-Windows-Shell-Core/AppDefaults", "Provider_Name": "Microsoft-Windows-Shell-Core", "Computer": "DESKTOP-OFJ6N53", "TimeCreated": "2025-07-15 09:56:54.763439+00:00", "RecordID": "2298", "Level": "4", "UserID": "S-1-5-18", "EventData.ExtOrUriScheme": ".json", "EventData.ProgId": "Applications\\notepad++.exe"}
{"EventID": "62443", "Channel": "Microsoft-Windows-Shell-Core/AppDefaults", "Provider_Name": "Microsoft-Windows-Shell-Core", "Computer": "DESKTOP-OFJ6N53", "TimeCreated": "2025-07-15 09:56:54.763449+00:00", "RecordID": "2299", "Level": "4", "UserID": "S-1-5-18", "EventData.Info": "QueryDefault-Mismatch: Association=.json, ProgId=Applications\\notepad++.exe, S=S-1-5-18, T:2023:06:04:29:13:01, RH=soLOKttHIMs=, CH=PJihzcegvF8="}
{"EventID": "62440", "Channel": "Microsoft-Windows-Shell-Core/AppDefaults", "Provider_Name": "Microsoft-Windows-Shell-Core", "Computer": "DESKTOP-OFJ6N53", "TimeCreated": "2025-07-15 09:56:54.764009+00:00", "RecordID": "2300", "Level": "4", "UserID": "S-1-5-18", "EventData.ExtOrUriScheme": ".json", "EventData.ProgId": "Applications\\notepad++.exe"}
{"EventID": "62443", "Channel": "Microsoft-Windows-Shell-Core/AppDefaults", "Provider_Name": "Microsoft-Windows-Shell-Core", "Computer": "DESKTOP-OFJ6N53", "TimeCreated": "2025-07-15 09:56:54.764017+00:00", "RecordID": "2301", "Level": "4", "UserID": "S-1-5-18", "EventData.Info": "QueryDefault-Mismatch: Association=.json, ProgId=Applications\\notepad++.exe, S=S-1-5-18, T:2023:06:04:29:13:01, RH=soLOKttHIMs=, CH=PJihzcegvF8="}
{"EventID": "62440", "Channel": "Microsoft-Windows-Shell-Core/AppDefaults", "Provider_Name": "Microsoft-Windows-Shell-Core", "Computer": "DESKTOP-OFJ6N53", "TimeCreated": "2025-07-15 09:56:54.771120+00:00", "RecordID": "2302", "Level": "4", "UserID": "S-1-5-18", "EventData.ExtOrUriScheme": ".json", "EventData.ProgId": "Applications\\notepad++.exe"}
{"EventID": "62443", "Channel": "Microsoft-Windows-Shell-Core/AppDefaults", "Provider_Name": "Microsoft-Windows-Shell-Core", "Computer": "DESKTOP-OFJ6N53", "TimeCreated": "2025-07-15 09:56:54.771132+00:00", "RecordID": "2303", "Level": "4", "UserID": "S-1-5-18", "EventData.Info": "QueryDefault-Mismatch: Association=.json, ProgId=Applications\\notepad++.exe, S=S-1-5-18, T:2023:06:04:29:13:01, RH=soLOKttHIMs=, CH=PJihzcegvF8="}
{"EventID": "62440", "Channel": "Microsoft-Windows-Shell-Core/AppDefaults", "Provider_Name": "Microsoft-Windows-Shell-Core", "Computer": "DESKTOP-OFJ6N53", "TimeCreated": "2025-07-15 09:56:54.772362+00:00", "RecordID": "2304", "Level": "4", "UserID": "S-1-5-18", "EventData.ExtOrUriScheme": ".json", "EventData.ProgId": "Applications\\notepad++.exe"}
{"EventID": "62443", "Channel": "Microsoft-Windows-Shell-Core/AppDefaults", "Provider_Name": "Microsoft-Windows-Shell-Core", "Computer": "DESKTOP-OFJ6N53", "TimeCreated": "2025-07-15 09:56:54.772371+00:00", "RecordID": "2305", "Level": "4", "UserID": "S-1-5-18", "EventData.Info": "QueryDefault-Mismatch: Association=.json, ProgId=Applications\\notepad++.exe, S=S-1-5-18, T:2023:06:04:29:13:01, RH=soLOKttHIMs=, CH=PJihzcegvF8="}
{"EventID": "62440", "Channel": "Microsoft-Windows-Shell-Core/AppDefaults", "Provider_Name": "Microsoft-Windows-Shell-Core", "Computer": "DESKTOP-OFJ6N53", "TimeCreated": "2025-07-16 02:01:20.756264+00:00", "RecordID": "2306", "Level": "4", "UserID": "S-1-5-18", "EventData.ExtOrUriScheme": ".json", "EventData.ProgId": "Applications\\notepad++.exe"}
{"EventID": "62443", "Channel": "Microsoft-Windows-Shell-Core/AppDefaults", "Provider_Name": "Microsoft-Windows-Shell-Core", "Computer": "DESKTOP-OFJ6N53", "TimeCreated": "2025-07-16 02:01:20.756294+00:00", "RecordID": "2307", "Level": "4", "UserID": "S-1-5-18", "EventData.Info": "QueryDefault-Mismatch: Association=.json, ProgId=Applications\\notepad++.exe, S=S-1-5-18, T:2023:06:04:29:13:01, RH=soLOKttHIMs=, CH=PJihzcegvF8="}
{"EventID": "62440", "Channel": "Microsoft-Windows-Shell-Core/AppDefaults", "Provider_Name": "Microsoft-Windows-Shell-Core", "Computer": "DESKTOP-OFJ6N53", "TimeCreated": "2025-07-16 02:01:20.758478+00:00", "RecordID": "2308", "Level": "4", "UserID": "S-1-5-18", "EventData.ExtOrUriScheme": ".json", "EventData.ProgId": "Applications\\notepad++.exe"}
{"EventID": "62443", "Channel": "Microsoft-Windows-Shell-Core/AppDefaults", "Provider_Name": "Microsoft-Windows-Shell-Core", "Computer": "DESKTOP-OFJ6N53", "TimeCreated": "2025-07-16 02:01:20.758488+00:00", "RecordID": "2309", "Level": "4", "UserID": "S-1-5-18", "EventData.Info": "QueryDefault-Mismatch: Association=.json, ProgId=Applications\\notepad++.exe, S=S-1-5-18, T:2023:06:04:29:13:01, RH=soLOKttHIMs=, CH=PJihzcegvF8="}
{"EventID": "62440", "Channel": "Microsoft-Windows-Shell-Core/AppDefaults", "Provider_Name": "Microsoft-Windows-Shell-Core", "Computer": "DESKTOP-OFJ6N53", "TimeCreated": "2025-07-16 02:01:20.760942+00:00", "RecordID": "2310", "Level": "4", "UserID": "S-1-5-18", "EventData.ExtOrUriScheme": ".json", "EventData.ProgId": "Applications\\notepad++.exe"}
{"EventID": "62443", "Channel": "Microsoft-Windows-Shell-Core/AppDefaults", "Provider_Name": "Microsoft-Windows-Shell-Core", "Computer": "DESKTOP-OFJ6N53", "TimeCreated": "2025-07-16 02:01:20.760954+00:00", "RecordID": "2311", "Level": "4", "UserID": "S-1-5-18", "EventData.Info": "QueryDefault-Mismatch: Association=.json, ProgId=Applications\\notepad++.exe, S=S-1-5-18, T:2023:06:04:29:13:01, RH=soLOKttHIMs=, CH=PJihzcegvF8="}
{"EventID": "62440", "Channel": "Microsoft-Windows-Shell-Core/AppDefaults", "Provider_Name": "Microsoft-Windows-Shell-Core", "Computer": "DESKTOP-OFJ6N53", "TimeCreated": "2025-07-16 02:01:20.765556+00:00", "RecordID": "2312", "Level": "4", "UserID": "S-1-5-18", "EventData.ExtOrUriScheme": ".json", "EventData.ProgId": "Applications\\notepad++.exe"}
{"EventID": "62443", "Channel": "Microsoft-Windows-Shell-Core/AppDefaults", "Provider_Name": "Microsoft-Windows-Shell-Core", "Computer": "DESKTOP-OFJ6N53", "TimeCreated": "2025-07-16 02:01:20.765566+00:00", "RecordID": "2313", "Level": "4", "UserID": "S-1-5-18", "EventData.Info": "QueryDefault-Mismatch: Association=.json, ProgId=Applications\\notepad++.exe, S=S-1-5-18, T:2023:06:04:29:13:01, RH=soLOKttHIMs=, CH=PJihzcegvF8="}
{"EventID": "62440", "Channel": "Microsoft-Windows-Shell-Core/AppDefaults", "Provider_Name": "Microsoft-Windows-Shell-Core", "Computer": "DESKTOP-OFJ6N53", "TimeCreated": "2025-07-16 02:01:20.766142+00:00", "RecordID": "2314", "Level": "4", "UserID": "S-1-5-18", "EventData.ExtOrUriScheme": ".json", "EventData.ProgId": "Applications\\notepad++.exe"}
{"EventID": "62443", "Channel": "Microsoft-Windows-Shell-Core/AppDefaults", "Provider_Name": "Microsoft-Windows-Shell-Core", "Computer": "DESKTOP-OFJ6N53", "TimeCreated": "2025-07-16 02:01:20.766150+00:00", "RecordID": "2315", "Level": "4", "UserID": "S-1-5-18", "EventData.Info": "QueryDefault-Mismatch: Association=.json, ProgId=Applications\\notepad++.exe, S=S-1-5-18, T:2023:06:04:29:13:01, RH=soLOKttHIMs=, CH=PJihzcegvF8="}
{"EventID": "62440", "Channel": "Microsoft-Windows-Shell-Core/AppDefaults", "Provider_Name": "Microsoft-Windows-Shell-Core", "Computer": "DESKTOP-OFJ6N53", "TimeCreated": "2025-07-16 02:01:20.775280+00:00", "RecordID": "2316", "Level": "4", "UserID": "S-1-5-18", "EventData.ExtOrUriScheme": ".json", "EventData.ProgId": "Applications\\notepad++.exe"}
{"EventID": "62443", "Channel": "Microsoft-Windows-Shell-Core/AppDefaults", "Provider_Name": "Microsoft-Windows-Shell-Core", "Computer": "DESKTOP-OFJ6N53", "TimeCreated": "2025-07-16 02:01:20.775290+00:00", "RecordID": "2317", "Level": "4", "UserID": "S-1-5-18", "EventData.Info": "QueryDefault-Mismatch: Association=.json, ProgId=Applications\\notepad++.exe, S=S-1-5-18, T:2023:06:04:29:13:01, RH=soLOKttHIMs=, CH=PJihzcegvF8="}
{"EventID": "62440", "Channel": "Microsoft-Windows-Shell-Core/AppDefaults", "Provider_Name": "Microsoft-Windows-Shell-Core", "Computer": "DESKTOP-OFJ6N53", "TimeCreated": "2025-07-16 02:01:20.775827+00:00", "RecordID": "2318", "Level": "4", "UserID": "S-1-5-18", "EventData.ExtOrUriScheme": ".json", "EventData.ProgId": "Applications\\notepad++.exe"}
{"EventID": "62443", "Channel": "Microsoft-Windows-Shell-Core/AppDefaults", "Provider_Name": "Microsoft-Windows-Shell-Core", "Computer": "DESKTOP-OFJ6N53", "TimeCreated": "2025-07-16 02:01:20.775835+00:00", "RecordID": "2319", "Level": "4", "UserID": "S-1-5-18", "EventData.Info": "QueryDefault-Mismatch: Association=.json, ProgId=Applications\\notepad++.exe, S=S-1-5-18, T:2023:06:04:29:13:01, RH=soLOKttHIMs=, CH=PJihzcegvF8="}
{"EventID": "62440", "Channel": "Microsoft-Windows-Shell-Core/AppDefaults", "Provider_Name": "Microsoft-Windows-Shell-Core", "Computer": "DESKTOP-OFJ6N53", "TimeCreated": "2025-07-16 02:01:20.781315+00:00", "RecordID": "2320", "Level": "4", "UserID": "S-1-5-18", "EventData.ExtOrUriScheme": ".json", "EventData.ProgId": "Applications\\notepad++.exe"}
{"EventID": "62443", "Channel": "Microsoft-Windows-Shell-Core/AppDefaults", "Provider_Name": "Microsoft-Windows-Shell-Core", "Computer": "DESKTOP-OFJ6N53", "TimeCreated": "2025-07-16 02:01:20.781324+00:00", "RecordID": "2321", "Level": "4", "UserID": "S-1-5-18", "EventData.Info": "QueryDefault-Mismatch: Association=.json, ProgId=Applications\\notepad++.exe, S=S-1-5-18, T:2023:06:04:29:13:01, RH=soLOKttHIMs=, CH=PJihzcegvF8="}
{"EventID": "62440", "Channel": "Microsoft-Windows-Shell-Core/AppDefaults", "Provider_Name": "Microsoft-Windows-Shell-Core", "Computer": "DESKTOP-OFJ6N53", "TimeCreated": "2025-07-16 02:01:20.781935+00:00", "RecordID": "2322", "Level": "4", "UserID": "S-1-5-18", "EventData.ExtOrUriScheme": ".json", "EventData.ProgId": "Applications\\notepad++.exe"}
{"EventID": "62443", "Channel": "Microsoft-Windows-Shell-Core/AppDefaults", "Provider_Name": "Microsoft-Windows-Shell-Core", "Computer": "DESKTOP-OFJ6N53", "TimeCreated": "2025-07-16 02:01:20.781944+00:00", "RecordID": "2323", "Level": "4", "UserID": "S-1-5-18", "EventData.Info": "QueryDefault-Mismatch: Association=.json, ProgId=Applications\\notepad++.exe, S=S-1-5-18, T:2023:06:04:29:13:01, RH=soLOKttHIMs=, CH=PJihzcegvF8="}
{"EventID": "62440", "Channel": "Microsoft-Windows-Shell-Core/AppDefaults", "Provider_Name": "Microsoft-Windows-Shell-Core", "Computer": "DESKTOP-OFJ6N53", "TimeCreated": "2025-07-17 01:39:25.146181+00:00", "RecordID": "2324", "Level": "4", "UserID": "S-1-5-18", "EventData.ExtOrUriScheme": ".json", "EventData.ProgId": "Applications\\notepad++.exe"}
{"EventID": "62443", "Channel": "Microsoft-Windows-Shell-Core/AppDefaults", "Provider_Name": "Microsoft-Windows-Shell-Core", "Computer": "DESKTOP-OFJ6N53", "TimeCreated": "2025-07-17 01:39:25.146219+00:00", "RecordID": "2325", "Level": "4", "UserID": "S-1-5-18", "EventData.Info": "QueryDefault-Mismatch: Association=.json, ProgId=Applications\\notepad++.exe, S=S-1-5-18, T:2023:06:04:29:13:01, RH=soLOKttHIMs=, CH=PJihzcegvF8="}
{"EventID": "62440", "Channel": "Microsoft-Windows-Shell-Core/AppDefaults", "Provider_Name": "Microsoft-Windows-Shell-Core", "Computer": "DESKTOP-OFJ6N53", "TimeCreated": "2025-07-17 01:39:25.147083+00:00", "RecordID": "2326", "Level": "4", "UserID": "S-1-5-18", "EventData.ExtOrUriScheme": ".json", "EventData.ProgId": "Applications\\notepad++.exe"}
{"EventID": "62443", "Channel": "Microsoft-Windows-Shell-Core/AppDefaults", "Provider_Name": "Microsoft-Windows-Shell-Core", "Computer": "DESKTOP-OFJ6N53", "TimeCreated": "2025-07-17 01:39:25.147095+00:00", "RecordID": "2327", "Level": "4", "UserID": "S-1-5-18", "EventData.Info": "QueryDefault-Mismatch: Association=.json, ProgId=Applications\\notepad++.exe, S=S-1-5-18, T:2023:06:04:29:13:01, RH=soLOKttHIMs=, CH=PJihzcegvF8="}
{"EventID": "62440", "Channel": "Microsoft-Windows-Shell-Core/AppDefaults", "Provider_Name": "Microsoft-Windows-Shell-Core", "Computer": "DESKTOP-OFJ6N53", "TimeCreated": "2025-07-17 01:39:25.149698+00:00", "RecordID": "2328", "Level": "4", "UserID": "S-1-5-18", "EventData.ExtOrUriScheme": ".json", "EventData.ProgId": "Applications\\notepad++.exe"}
{"EventID": "62443", "Channel": "Microsoft-Windows-Shell-Core/AppDefaults", "Provider_Name": "Microsoft-Windows-Shell-Core", "Computer": "DESKTOP-OFJ6N53", "TimeCreated": "2025-07-17 01:39:25.149708+00:00", "RecordID": "2329", "Level": "4", "UserID": "S-1-5-18", "EventData.Info": "QueryDefault-Mismatch: Association=.json, ProgId=Applications\\notepad++.exe, S=S-1-5-18, T:2023:06:04:29:13:01, RH=soLOKttHIMs=, CH=PJihzcegvF8="}
{"EventID": "62440", "Channel": "Microsoft-Windows-Shell-Core/AppDefaults", "Provider_Name": "Microsoft-Windows-Shell-Core", "Computer": "DESKTOP-OFJ6N53", "TimeCreated": "2025-07-17 01:39:25.155075+00:00", "RecordID": "2330", "Level": "4", "UserID": "S-1-5-18", "EventData.ExtOrUriScheme": ".json", "EventData.ProgId": "Applications\\notepad++.exe"}
{"EventID": "62443", "Channel": "Microsoft-Windows-Shell-Core/AppDefaults", "Provider_Name": "Microsoft-Windows-Shell-Core", "Computer": "DESKTOP-OFJ6N53", "TimeCreated": "2025-07-17 01:39:25.155087+00:00", "RecordID": "2331", "Level": "4", "UserID": "S-1-5-18", "EventData.Info": "QueryDefault-Mismatch: Association=.json, ProgId=Applications\\notepad++.exe, S=S-1-5-18, T:2023:06:04:29:13:01, RH=soLOKttHIMs=, CH=PJihzcegvF8="}
{"EventID": "62440", "Channel": "Microsoft-Windows-Shell-Core/AppDefaults", "Provider_Name": "Microsoft-Windows-Shell-Core", "Computer": "DESKTOP-OFJ6N53", "TimeCreated": "2025-07-17 01:39:25.155840+00:00", "RecordID": "2332", "Level": "4", "UserID": "S-1-5-18", "EventData.ExtOrUriScheme": ".json", "EventData.ProgId": "Applications\\notepad++.exe"}
{"EventID": "62443", "Channel": "Microsoft-Windows-Shell-Core/AppDefaults", "Provider_Name": "Microsoft-Windows-Shell-Core", "Computer": "DESKTOP-OFJ6N53", "TimeCreated": "2025-07-17 01:39:25.155848+00:00", "RecordID": "2333", "Level": "4", "UserID": "S-1-5-18", "EventData.Info": "QueryDefault-Mismatch: Association=.json, ProgId=Applications\\notepad++.exe, S=S-1-5-18, T:2023:06:04:29:13:01, RH=soLOKttHIMs=, CH=PJihzcegvF8="}
{"EventID": "62440", "Channel": "Microsoft-Windows-Shell-Core/AppDefaults", "Provider_Name": "Microsoft-Windows-Shell-Core", "Computer": "DESKTOP-OFJ6N53", "TimeCreated": "2025-07-17 01:39:25.309410+00:00", "RecordID": "2334", "Level": "4", "UserID": "S-1-5-18", "EventData.ExtOrUriScheme": ".json", "EventData.ProgId": "Applications\\notepad++.exe"}
{"EventID": "62443", "Channel": "Microsoft-Windows-Shell-Core/AppDefaults", "Provider_Name": "Microsoft-Windows-Shell-Core", "Computer": "DESKTOP-OFJ6N53", "TimeCreated": "2025-07-17 01:39:25.309422+00:00", "RecordID": "2335", "Level": "4", "UserID": "S-1-5-18", "EventData.Info": "QueryDefault-Mismatch: Association=.json, ProgId=Applications\\notepad++.exe, S=S-1-5-18, T:2023:06:04:29:13:01, RH=soLOKttHIMs=, CH=PJihzcegvF8="}
{"EventID": "62440", "Channel": "Microsoft-Windows-Shell-Core/AppDefaults", "Provider_Name": "Microsoft-Windows-Shell-Core", "Computer": "DESKTOP-OFJ6N53", "TimeCreated": "2025-07-17 01:39:25.310034+00:00", "RecordID": "2336", "Level": "4", "UserID": "S-1-5-18", "EventData.ExtOrUriScheme": ".json", "EventData.ProgId": "Applications\\notepad++.exe"}
{"EventID": "62443", "Channel": "Microsoft-Windows-Shell-Core/AppDefaults", "Provider_Name": "Microsoft-Windows-Shell-Core", "Computer": "DESKTOP-OFJ6N53", "TimeCreated": "2025-07-17 01:39:25.310045+00:00", "RecordID": "2337", "Level": "4", "UserID": "S-1-5-18", "EventData.Info": "QueryDefault-Mismatch: Association=.json, ProgId=Applications\\notepad++.exe, S=S-1-5-18, T:2023:06:04:29:13:01, RH=soLOKttHIMs=, CH=PJihzcegvF8="}
{"EventID": "62440", "Channel": "Microsoft-Windows-Shell-Core/AppDefaults", "Provider_Name": "Microsoft-Windows-Shell-Core", "Computer": "DESKTOP-OFJ6N53", "TimeCreated": "2025-07-17 01:39:25.316408+00:00", "RecordID": "2338", "Level": "4", "UserID": "S-1-5-18", "EventData.ExtOrUriScheme": ".json", "EventData.ProgId": "Applications\\notepad++.exe"}
{"EventID": "62443", "Channel": "Microsoft-Windows-Shell-Core/AppDefaults", "Provider_Name": "Microsoft-Windows-Shell-Core", "Computer": "DESKTOP-OFJ6N53", "TimeCreated": "2025-07-17 01:39:25.316420+00:00", "RecordID": "2339", "Level": "4", "UserID": "S-1-5-18", "EventData.Info": "QueryDefault-Mismatch: Association=.json, ProgId=Applications\\notepad++.exe, S=S-1-5-18, T:2023:06:04:29:13:01, RH=soLOKttHIMs=, CH=PJihzcegvF8="}
{"EventID": "62440", "Channel": "Microsoft-Windows-Shell-Core/AppDefaults", "Provider_Name": "Microsoft-Windows-Shell-Core", "Computer": "DESKTOP-OFJ6N53", "TimeCreated": "2025-07-17 01:39:25.317329+00:00", "RecordID": "2340", "Level": "4", "UserID": "S-1-5-18", "EventData.ExtOrUriScheme": ".json", "EventData.ProgId": "Applications\\notepad++.exe"}
{"EventID": "62443", "Channel": "Microsoft-Windows-Shell-Core/AppDefaults", "Provider_Name": "Microsoft-Windows-Shell-Core", "Computer": "DESKTOP-OFJ6N53", "TimeCreated": "2025-07-17 01:39:25.317341+00:00", "RecordID": "2341", "Level": "4", "UserID": "S-1-5-18", "EventData.Info": "QueryDefault-Mismatch: Association=.json, ProgId=Applications\\notepad++.exe, S=S-1-5-18, T:2023:06:04:29:13:01, RH=soLOKttHIMs=, CH=PJihzcegvF8="}
{"EventID": "62440", "Channel": "Microsoft-Windows-Shell-Core/AppDefaults", "Provider_Name": "Microsoft-Windows-Shell-Core", "Computer": "DESKTOP-OFJ6N53", "TimeCreated": "2025-07-17 14:39:48.145517+00:00", "RecordID": "2342", "Level": "4", "UserID": "S-1-5-18", "EventData.ExtOrUriScheme": ".json", "EventData.ProgId": "Applications\\notepad++.exe"}
{"EventID": "62443", "Channel": "Microsoft-Windows-Shell-Core/AppDefaults", "Provider_Name": "Microsoft-Windows-Shell-Core", "Computer": "DESKTOP-OFJ6N53", "TimeCreated": "2025-07-17 14:39:48.145535+00:00", "RecordID": "2343", "Level": "4", "UserID": "S-1-5-18", "EventData.Info": "QueryDefault-Mismatch: Association=.json, ProgId=Applications\\notepad++.exe, S=S-1-5-18, T:2023:06:04:29:13:01, RH=soLOKttHIMs=, CH=PJihzcegvF8="}
{"EventID": "62440", "Channel": "Microsoft-Windows-Shell-Core/AppDefaults", "Provider_Name": "Microsoft-Windows-Shell-Core", "Computer": "DESKTOP-OFJ6N53", "TimeCreated": "2025-07-17 14:39:48.146532+00:00", "RecordID": "2344", "Level": "4", "UserID": "S-1-5-18", "EventData.ExtOrUriScheme": ".json", "EventData.ProgId": "Applications\\notepad++.exe"}
{"EventID": "62443", "Channel": "Microsoft-Windows-Shell-Core/AppDefaults", "Provider_Name": "Microsoft-Windows-Shell-Core", "Computer": "DESKTOP-OFJ6N53", "TimeCreated": "2025-07-17 14:39:48.146542+00:00", "RecordID": "2345", "Level": "4", "UserID": "S-1-5-18", "EventData.Info": "QueryDefault-Mismatch: Association=.json, ProgId=Applications\\notepad++.exe, S=S-1-5-18, T:2023:06:04:29:13:01, RH=soLOKttHIMs=, CH=PJihzcegvF8="}
{"EventID": "62440", "Channel": "Microsoft-Windows-Shell-Core/AppDefaults", "Provider_Name": "Microsoft-Windows-Shell-Core", "Computer": "DESKTOP-OFJ6N53", "TimeCreated": "2025-07-17 14:39:48.149555+00:00", "RecordID": "2346", "Level": "4", "UserID": "S-1-5-18", "EventData.ExtOrUriScheme": ".json", "EventData.ProgId": "Applications\\notepad++.exe"}
{"EventID": "62443", "Channel": "Microsoft-Windows-Shell-Core/AppDefaults", "Provider_Name": "Microsoft-Windows-Shell-Core", "Computer": "DESKTOP-OFJ6N53", "TimeCreated": "2025-07-17 14:39:48.149565+00:00", "RecordID": "2347", "Level": "4", "UserID": "S-1-5-18", "EventData.Info": "QueryDefault-Mismatch: Association=.json, ProgId=Applications\\notepad++.exe, S=S-1-5-18, T:2023:06:04:29:13:01, RH=soLOKttHIMs=, CH=PJihzcegvF8="}
{"EventID": "62440", "Channel": "Microsoft-Windows-Shell-Core/AppDefaults", "Provider_Name": "Microsoft-Windows-Shell-Core", "Computer": "DESKTOP-OFJ6N53", "TimeCreated": "2025-07-17 14:39:48.268984+00:00", "RecordID": "2348", "Level": "4", "UserID": "S-1-5-18", "EventData.ExtOrUriScheme": ".json", "EventData.ProgId": "Applications\\notepad++.exe"}
{"EventID": "62443", "Channel": "Microsoft-Windows-Shell-Core/AppDefaults", "Provider_Name": "Microsoft-Windows-Shell-Core", "Computer": "DESKTOP-OFJ6N53", "TimeCreated": "2025-07-17 14:39:48.268993+00:00", "RecordID": "2349", "Level": "4", "UserID": "S-1-5-18", "EventData.Info": "QueryDefault-Mismatch: Association=.json, ProgId=Applications\\notepad++.exe, S=S-1-5-18, T:2023:06:04:29:13:01, RH=soLOKttHIMs=, CH=PJihzcegvF8="}
{"EventID": "62440", "Channel": "Microsoft-Windows-Shell-Core/AppDefaults", "Provider_Name": "Microsoft-Windows-Shell-Core", "Computer": "DESKTOP-OFJ6N53", "TimeCreated": "2025-07-17 14:39:48.269712+00:00", "RecordID": "2350", "Level": "4", "UserID": "S-1-5-18", "EventData.ExtOrUriScheme": ".json", "EventData.ProgId": "Applications\\notepad++.exe"}
{"EventID": "62443", "Channel": "Microsoft-Windows-Shell-Core/AppDefaults", "Provider_Name": "Microsoft-Windows-Shell-Core", "Computer": "DESKTOP-OFJ6N53", "TimeCreated": "2025-07-17 14:39:48.269722+00:00", "RecordID": "2351", "Level": "4", "UserID": "S-1-5-18", "EventData.Info": "QueryDefault-Mismatch: Association=.json, ProgId=Applications\\notepad++.exe, S=S-1-5-18, T:2023:06:04:29:13:01, RH=soLOKttHIMs=, CH=PJihzcegvF8="}
{"EventID": "62440", "Channel": "Microsoft-Windows-Shell-Core/AppDefaults", "Provider_Name": "Microsoft-Windows-Shell-Core", "Computer": "DESKTOP-OFJ6N53", "TimeCreated": "2025-07-17 14:39:48.381355+00:00", "RecordID": "2352", "Level": "4", "UserID": "S-1-5-18", "EventData.ExtOrUriScheme": ".json", "EventData.ProgId": "Applications\\notepad++.exe"}
{"EventID": "62443", "Channel": "Microsoft-Windows-Shell-Core/AppDefaults", "Provider_Name": "Microsoft-Windows-Shell-Core", "Computer": "DESKTOP-OFJ6N53", "TimeCreated": "2025-07-17 14:39:48.381371+00:00", "RecordID": "2353", "Level": "4", "UserID": "S-1-5-18", "EventData.Info": "QueryDefault-Mismatch: Association=.json, ProgId=Applications\\notepad++.exe, S=S-1-5-18, T:2023:06:04:29:13:01, RH=soLOKttHIMs=, CH=PJihzcegvF8="}
{"EventID": "62440", "Channel": "Microsoft-Windows-Shell-Core/AppDefaults", "Provider_Name": "Microsoft-Windows-Shell-Core", "Computer": "DESKTOP-OFJ6N53", "TimeCreated": "2025-07-17 14:39:48.382475+00:00", "RecordID": "2354", "Level": "4", "UserID": "S-1-5-18", "EventData.ExtOrUriScheme": ".json", "EventData.ProgId": "Applications\\notepad++.exe"}
{"EventID": "62443", "Channel": "Microsoft-Windows-Shell-Core/AppDefaults", "Provider_Name": "Microsoft-Windows-Shell-Core", "Computer": "DESKTOP-OFJ6N53", "TimeCreated": "2025-07-17 14:39:48.382486+00:00", "RecordID": "2355", "Level": "4", "UserID": "S-1-5-18", "EventData.Info": "QueryDefault-Mismatch: Association=.json, ProgId=Applications\\notepad++.exe, S=S-1-5-18, T:2023:06:04:29:13:01, RH=soLOKttHIMs=, CH=PJihzcegvF8="}
{"EventID": "62440", "Channel": "Microsoft-Windows-Shell-Core/AppDefaults", "Provider_Name": "Microsoft-Windows-Shell-Core", "Computer": "DESKTOP-OFJ6N53", "TimeCreated": "2025-07-17 14:39:48.389538+00:00", "RecordID": "2356", "Level": "4", "UserID": "S-1-5-18", "EventData.ExtOrUriScheme": ".json", "EventData.ProgId": "Applications\\notepad++.exe"}
{"EventID": "62443", "Channel": "Microsoft-Windows-Shell-Core/AppDefaults", "Provider_Name": "Microsoft-Windows-Shell-Core", "Computer": "DESKTOP-OFJ6N53", "TimeCreated": "2025-07-17 14:39:48.389547+00:00", "RecordID": "2357", "Level": "4", "UserID": "S-1-5-18", "EventData.Info": "QueryDefault-Mismatch: Association=.json, ProgId=Applications\\notepad++.exe, S=S-1-5-18, T:2023:06:04:29:13:01, RH=soLOKttHIMs=, CH=PJihzcegvF8="}
{"EventID": "62440", "Channel": "Microsoft-Windows-Shell-Core/AppDefaults", "Provider_Name": "Microsoft-Windows-Shell-Core", "Computer": "DESKTOP-OFJ6N53", "TimeCreated": "2025-07-17 14:39:48.390547+00:00", "RecordID": "2358", "Level": "4", "UserID": "S-1-5-18", "EventData.ExtOrUriScheme": ".json", "EventData.ProgId": "Applications\\notepad++.exe"}
{"EventID": "62443", "Channel": "Microsoft-Windows-Shell-Core/AppDefaults", "Provider_Name": "Microsoft-Windows-Shell-Core", "Computer": "DESKTOP-OFJ6N53", "TimeCreated": "2025-07-17 14:39:48.390554+00:00", "RecordID": "2359", "Level": "4", "UserID": "S-1-5-18", "EventData.Info": "QueryDefault-Mismatch: Association=.json, ProgId=Applications\\notepad++.exe, S=S-1-5-18, T:2023:06:04:29:13:01, RH=soLOKttHIMs=, CH=PJihzcegvF8="}
{"EventID": "62440", "Channel": "Microsoft-Windows-Shell-Core/AppDefaults", "Provider_Name": "Microsoft-Windows-Shell-Core", "Computer": "DESKTOP-OFJ6N53", "TimeCreated": "2025-07-18 06:59:45.844349+00:00", "RecordID": "2360", "Level": "4", "UserID": "S-1-5-18", "EventData.ExtOrUriScheme": ".json", "EventData.ProgId": "Applications\\notepad++.exe"}
{"EventID": "62443", "Channel": "Microsoft-Windows-Shell-Core/AppDefaults", "Provider_Name": "Microsoft-Windows-Shell-Core", "Computer": "DESKTOP-OFJ6N53", "TimeCreated": "2025-07-18 06:59:45.844379+00:00", "RecordID": "2361", "Level": "4", "UserID": "S-1-5-18", "EventData.Info": "QueryDefault-Mismatch: Association=.json, ProgId=Applications\\notepad++.exe, S=S-1-5-18, T:2023:06:04:29:13:01, RH=soLOKttHIMs=, CH=PJihzcegvF8="}
{"EventID": "62440", "Channel": "Microsoft-Windows-Shell-Core/AppDefaults", "Provider_Name": "Microsoft-Windows-Shell-Core", "Computer": "DESKTOP-OFJ6N53", "TimeCreated": "2025-07-18 06:59:45.845144+00:00", "RecordID": "2362", "Level": "4", "UserID": "S-1-5-18", "EventData.ExtOrUriScheme": ".json", "EventData.ProgId": "Applications\\notepad++.exe"}
{"EventID": "62443", "Channel": "Microsoft-Windows-Shell-Core/AppDefaults", "Provider_Name": "Microsoft-Windows-Shell-Core", "Computer": "DESKTOP-OFJ6N53", "TimeCreated": "2025-07-18 06:59:45.845154+00:00", "RecordID": "2363", "Level": "4", "UserID": "S-1-5-18", "EventData.Info": "QueryDefault-Mismatch: Association=.json, ProgId=Applications\\notepad++.exe, S=S-1-5-18, T:2023:06:04:29:13:01, RH=soLOKttHIMs=, CH=PJihzcegvF8="}
{"EventID": "62440", "Channel": "Microsoft-Windows-Shell-Core/AppDefaults", "Provider_Name": "Microsoft-Windows-Shell-Core", "Computer": "DESKTOP-OFJ6N53", "TimeCreated": "2025-07-18 06:59:45.847368+00:00", "RecordID": "2364", "Level": "4", "UserID": "S-1-5-18", "EventData.ExtOrUriScheme": ".json", "EventData.ProgId": "Applications\\notepad++.exe"}
{"EventID": "62443", "Channel": "Microsoft-Windows-Shell-Core/AppDefaults", "Provider_Name": "Microsoft-Windows-Shell-Core", "Computer": "DESKTOP-OFJ6N53", "TimeCreated": "2025-07-18 06:59:45.847376+00:00", "RecordID": "2365", "Level": "4", "UserID": "S-1-5-18", "EventData.Info": "QueryDefault-Mismatch: Association=.json, ProgId=Applications\\notepad++.exe, S=S-1-5-18, T:2023:06:04:29:13:01, RH=soLOKttHIMs=, CH=PJihzcegvF8="}
{"EventID": "62440", "Channel": "Microsoft-Windows-Shell-Core/AppDefaults", "Provider_Name": "Microsoft-Windows-Shell-Core", "Computer": "DESKTOP-OFJ6N53", "TimeCreated": "2025-07-18 06:59:45.851820+00:00", "RecordID": "2366", "Level": "4", "UserID": "S-1-5-18", "EventData.ExtOrUriScheme": ".json", "EventData.ProgId": "Applications\\notepad++.exe"}
{"EventID": "62443", "Channel": "Microsoft-Windows-Shell-Core/AppDefaults", "Provider_Name": "Microsoft-Windows-Shell-Core", "Computer": "DESKTOP-OFJ6N53", "TimeCreated": "2025-07-18 06:59:45.851828+00:00", "RecordID": "2367", "Level": "4", "UserID": "S-1-5-18", "EventData.Info": "QueryDefault-Mismatch: Association=.json, ProgId=Applications\\notepad++.exe, S=S-1-5-18, T:2023:06:04:29:13:01, RH=soLOKttHIMs=, CH=PJihzcegvF8="}
{"EventID": "62440", "Channel": "Microsoft-Windows-Shell-Core/AppDefaults", "Provider_Name": "Microsoft-Windows-Shell-Core", "Computer": "DESKTOP-OFJ6N53", "TimeCreated": "2025-07-18 06:59:45.852407+00:00", "RecordID": "2368", "Level": "4", "UserID": "S-1-5-18", "EventData.ExtOrUriScheme": ".json", "EventData.ProgId": "Applications\\notepad++.exe"}
{"EventID": "62443", "Channel": "Microsoft-Windows-Shell-Core/AppDefaults", "Provider_Name": "Microsoft-Windows-Shell-Core", "Computer": "DESKTOP-OFJ6N53", "TimeCreated": "2025-07-18 06:59:45.852415+00:00", "RecordID": "2369", "Level": "4", "UserID": "S-1-5-18", "EventData.Info": "QueryDefault-Mismatch: Association=.json, ProgId=Applications\\notepad++.exe, S=S-1-5-18, T:2023:06:04:29:13:01, RH=soLOKttHIMs=, CH=PJihzcegvF8="}
{"EventID": "62440", "Channel": "Microsoft-Windows-Shell-Core/AppDefaults", "Provider_Name": "Microsoft-Windows-Shell-Core", "Computer": "DESKTOP-OFJ6N53", "TimeCreated": "2025-07-18 06:59:45.863441+00:00", "RecordID": "2370", "Level": "4", "UserID": "S-1-5-18", "EventData.ExtOrUriScheme": ".json", "EventData.ProgId": "Applications\\notepad++.exe"}
{"EventID": "62443", "Channel": "Microsoft-Windows-Shell-Core/AppDefaults", "Provider_Name": "Microsoft-Windows-Shell-Core", "Computer": "DESKTOP-OFJ6N53", "TimeCreated": "2025-07-18 06:59:45.863449+00:00", "RecordID": "2371", "Level": "4", "UserID": "S-1-5-18", "EventData.Info": "QueryDefault-Mismatch: Association=.json, ProgId=Applications\\notepad++.exe, S=S-1-5-18, T:2023:06:04:29:13:01, RH=soLOKttHIMs=, CH=PJihzcegvF8="}
{"EventID": "62440", "Channel": "Microsoft-Windows-Shell-Core/AppDefaults", "Provider_Name": "Microsoft-Windows-Shell-Core", "Computer": "DESKTOP-OFJ6N53", "TimeCreated": "2025-07-18 06:59:45.864019+00:00", "RecordID": "2372", "Level": "4", "UserID": "S-1-5-18", "EventData.ExtOrUriScheme": ".json", "EventData.ProgId": "Applications\\notepad++.exe"}
{"EventID": "62443", "Channel": "Microsoft-Windows-Shell-Core/AppDefaults", "Provider_Name": "Microsoft-Windows-Shell-Core", "Computer": "DESKTOP-OFJ6N53", "TimeCreated": "2025-07-18 06:59:45.864025+00:00", "RecordID": "2373", "Level": "4", "UserID": "S-1-5-18", "EventData.Info": "QueryDefault-Mismatch: Association=.json, ProgId=Applications\\notepad++.exe, S=S-1-5-18, T:2023:06:04:29:13:01, RH=soLOKttHIMs=, CH=PJihzcegvF8="}
{"EventID": "62440", "Channel": "Microsoft-Windows-Shell-Core/AppDefaults", "Provider_Name": "Microsoft-Windows-Shell-Core", "Computer": "DESKTOP-OFJ6N53", "TimeCreated": "2025-07-18 06:59:45.869377+00:00", "RecordID": "2374", "Level": "4", "UserID": "S-1-5-18", "EventData.ExtOrUriScheme": ".json", "EventData.ProgId": "Applications\\notepad++.exe"}
{"EventID": "62443", "Channel": "Microsoft-Windows-Shell-Core/AppDefaults", "Provider_Name": "Microsoft-Windows-Shell-Core", "Computer": "DESKTOP-OFJ6N53", "TimeCreated": "2025-07-18 06:59:45.869387+00:00", "RecordID": "2375", "Level": "4", "UserID": "S-1-5-18", "EventData.Info": "QueryDefault-Mismatch: Association=.json, ProgId=Applications\\notepad++.exe, S=S-1-5-18, T:2023:06:04:29:13:01, RH=soLOKttHIMs=, CH=PJihzcegvF8="}
{"EventID": "62440", "Channel": "Microsoft-Windows-Shell-Core/AppDefaults", "Provider_Name": "Microsoft-Windows-Shell-Core", "Computer": "DESKTOP-OFJ6N53", "TimeCreated": "2025-07-18 06:59:45.870031+00:00", "RecordID": "2376", "Level": "4", "UserID": "S-1-5-18", "EventData.ExtOrUriScheme": ".json", "EventData.ProgId": "Applications\\notepad++.exe"}
{"EventID": "62443", "Channel": "Microsoft-Windows-Shell-Core/AppDefaults", "Provider_Name": "Microsoft-Windows-Shell-Core", "Computer": "DESKTOP-OFJ6N53", "TimeCreated": "2025-07-18 06:59:45.870039+00:00", "RecordID": "2377", "Level": "4", "UserID": "S-1-5-18", "EventData.Info": "QueryDefault-Mismatch: Association=.json, ProgId=Applications\\notepad++.exe, S=S-1-5-18, T:2023:06:04:29:13:01, RH=soLOKttHIMs=, CH=PJihzcegvF8="}
{"EventID": "62440", "Channel": "Microsoft-Windows-Shell-Core/AppDefaults", "Provider_Name": "Microsoft-Windows-Shell-Core", "Computer": "DESKTOP-OFJ6N53", "TimeCreated": "2025-07-19 09:18:33.177368+00:00", "RecordID": "2378", "Level": "4", "UserID": "S-1-5-18", "EventData.ExtOrUriScheme": ".json", "EventData.ProgId": "Applications\\notepad++.exe"}
{"EventID": "62443", "Channel": "Microsoft-Windows-Shell-Core/AppDefaults", "Provider_Name": "Microsoft-Windows-Shell-Core", "Computer": "DESKTOP-OFJ6N53", "TimeCreated": "2025-07-19 09:18:33.177402+00:00", "RecordID": "2379", "Level": "4", "UserID": "S-1-5-18", "EventData.Info": "QueryDefault-Mismatch: Association=.json, ProgId=Applications\\notepad++.exe, S=S-1-5-18, T:2023:06:04:29:13:01, RH=soLOKttHIMs=, CH=PJihzcegvF8="}
{"EventID": "62440", "Channel": "Microsoft-Windows-Shell-Core/AppDefaults", "Provider_Name": "Microsoft-Windows-Shell-Core", "Computer": "DESKTOP-OFJ6N53", "TimeCreated": "2025-07-19 09:18:33.178427+00:00", "RecordID": "2380", "Level": "4", "UserID": "S-1-5-18", "EventData.ExtOrUriScheme": ".json", "EventData.ProgId": "Applications\\notepad++.exe"}
{"EventID": "62443", "Channel": "Microsoft-Windows-Shell-Core/AppDefaults", "Provider_Name": "Microsoft-Windows-Shell-Core", "Computer": "DESKTOP-OFJ6N53", "TimeCreated": "2025-07-19 09:18:33.178434+00:00", "RecordID": "2381", "Level": "4", "UserID": "S-1-5-18", "EventData.Info": "QueryDefault-Mismatch: Association=.json, ProgId=Applications\\notepad++.exe, S=S-1-5-18, T:2023:06:04:29:13:01, RH=soLOKttHIMs=, CH=PJihzcegvF8="}
{"EventID": "62440", "Channel": "Microsoft-Windows-Shell-Core/AppDefaults", "Provider_Name": "Microsoft-Windows-Shell-Core", "Computer": "DESKTOP-OFJ6N53", "TimeCreated": "2025-07-19 09:18:33.181358+00:00", "RecordID": "2382", "Level": "4", "UserID": "S-1-5-18", "EventData.ExtOrUriScheme": ".json", "EventData.ProgId": "Applications\\notepad++.exe"}
{"EventID": "62443", "Channel": "Microsoft-Windows-Shell-Core/AppDefaults", "Provider_Name": "Microsoft-Windows-Shell-Core", "Computer": "DESKTOP-OFJ6N53", "TimeCreated": "2025-07-19 09:18:33.181368+00:00", "RecordID": "2383", "Level": "4", "UserID": "S-1-5-18", "EventData.Info": "QueryDefault-Mismatch: Association=.json, ProgId=Applications\\notepad++.exe, S=S-1-5-18, T:2023:06:04:29:13:01, RH=soLOKttHIMs=, CH=PJihzcegvF8="}
{"EventID": "62440", "Channel": "Microsoft-Windows-Shell-Core/AppDefaults", "Provider_Name": "Microsoft-Windows-Shell-Core", "Computer": "DESKTOP-OFJ6N53", "TimeCreated": "2025-07-19 09:18:33.186790+00:00", "RecordID": "2384", "Level": "4", "UserID": "S-1-5-18", "EventData.ExtOrUriScheme": ".json", "EventData.ProgId": "Applications\\notepad++.exe"}
{"EventID": "62443", "Channel": "Microsoft-Windows-Shell-Core/AppDefaults", "Provider_Name": "Microsoft-Windows-Shell-Core", "Computer": "DESKTOP-OFJ6N53", "TimeCreated": "2025-07-19 09:18:33.186798+00:00", "RecordID": "2385", "Level": "4", "UserID": "S-1-5-18", "EventData.Info": "QueryDefault-Mismatch: Association=.json, ProgId=Applications\\notepad++.exe, S=S-1-5-18, T:2023:06:04:29:13:01, RH=soLOKttHIMs=, CH=PJihzcegvF8="}
{"EventID": "62440", "Channel": "Microsoft-Windows-Shell-Core/AppDefaults", "Provider_Name": "Microsoft-Windows-Shell-Core", "Computer": "DESKTOP-OFJ6N53", "TimeCreated": "2025-07-19 09:18:33.187395+00:00", "RecordID": "2386", "Level": "4", "UserID": "S-1-5-18", "EventData.ExtOrUriScheme": ".json", "EventData.ProgId": "Applications\\notepad++.exe"}
{"EventID": "62443", "Channel": "Microsoft-Windows-Shell-Core/AppDefaults", "Provider_Name": "Microsoft-Windows-Shell-Core", "Computer": "DESKTOP-OFJ6N53", "TimeCreated": "2025-07-19 09:18:33.187401+00:00", "RecordID": "2387", "Level": "4", "UserID": "S-1-5-18", "EventData.Info": "QueryDefault-Mismatch: Association=.json, ProgId=Applications\\notepad++.exe, S=S-1-5-18, T:2023:06:04:29:13:01, RH=soLOKttHIMs=, CH=PJihzcegvF8="}
{"EventID": "62440", "Channel": "Microsoft-Windows-Shell-Core/AppDefaults", "Provider_Name": "Microsoft-Windows-Shell-Core", "Computer": "DESKTOP-OFJ6N53", "TimeCreated": "2025-07-19 09:18:33.198746+00:00", "RecordID": "2388", "Level": "4", "UserID": "S-1-5-18", "EventData.ExtOrUriScheme": ".json", "EventData.ProgId": "Applications\\notepad++.exe"}
{"EventID": "62443", "Channel": "Microsoft-Windows-Shell-Core/AppDefaults", "Provider_Name": "Microsoft-Windows-Shell-Core", "Computer": "DESKTOP-OFJ6N53", "TimeCreated": "2025-07-19 09:18:33.198755+00:00", "RecordID": "2389", "Level": "4", "UserID": "S-1-5-18", "EventData.Info": "QueryDefault-Mismatch: Association=.json, ProgId=Applications\\notepad++.exe, S=S-1-5-18, T:2023:06:04:29:13:01, RH=soLOKttHIMs=, CH=PJihzcegvF8="}
