{"EventID": "235", "Channel": "Microsoft-Windows-Kernel-Boot/Operational", "Provider_Name": "Microsoft-Windows-Kernel-Boot", "Computer": "WIN-E725EAE32MJ", "TimeCreated": "2022-02-24 08:24:12.556223+00:00", "RecordID": "1", "Level": "2", "UserID": "S-1-5-18", "EventData.StatusCode": "3221225474", "EventData.Position": "1"}
{"EventID": "208", "Channel": "Microsoft-Windows-Kernel-Boot/Operational", "Provider_Name": "Microsoft-Windows-Kernel-Boot", "Computer": "WIN-E725EAE32MJ", "TimeCreated": "2022-02-24 08:24:12.556223+00:00", "RecordID": "2", "Level": "2", "UserID": "S-1-5-18", "EventData.InitState": "1", "EventData.StatusCode": "3221225473", "EventData.FailureAddress": "10675295", "EventData.ReferenceAddress": "11989792", "EventData.ReasonCode": "1"}
{"EventID": "235", "Channel": "Microsoft-Windows-Kernel-Boot/Operational", "Provider_Name": "Microsoft-Windows-Kernel-Boot", "Computer": "WIN-E725EAE32MJ", "TimeCreated": "2022-02-24 08:24:12.556351+00:00", "RecordID": "3", "Level": "2", "UserID": "S-1-5-18", "EventData.StatusCode": "3221225474", "EventData.Position": "1"}
{"EventID": "208", "Channel": "Microsoft-Windows-Kernel-Boot/Operational", "Provider_Name": "Microsoft-Windows-Kernel-Boot", "Computer": "WIN-E725EAE32MJ", "TimeCreated": "2022-02-24 08:24:12.556351+00:00", "RecordID": "4", "Level": "2", "UserID": "S-1-5-18", "EventData.InitState": "1", "EventData.StatusCode": "3221225473", "EventData.FailureAddress": "268909510", "EventData.ReferenceAddress": "270123616", "EventData.ReasonCode": "1"}
{"EventID": "235", "Channel": "Microsoft-Windows-Kernel-Boot/Operational", "Provider_Name": "Microsoft-Windows-Kernel-Boot", "Computer": "DESKTOP-OFJ6N53", "TimeCreated": "2022-02-24 08:26:59.672712+00:00", "RecordID": "5", "Level": "2", "UserID": "S-1-5-18", "EventData.StatusCode": "3221225474", "EventData.Position": "1"}
{"EventID": "208", "Channel": "Microsoft-Windows-Kernel-Boot/Operational", "Provider_Name": "Microsoft-Windows-Kernel-Boot", "Computer": "DESKTOP-OFJ6N53", "TimeCreated": "2022-02-24 08:26:59.672712+00:00", "RecordID": "6", "Level": "2", "UserID": "S-1-5-18", "EventData.InitState": "1", "EventData.StatusCode": "3221225473", "EventData.FailureAddress": "10679391", "EventData.ReferenceAddress": "11993888", "EventData.ReasonCode": "1"}
{"EventID": "235", "Channel": "Microsoft-Windows-Kernel-Boot/Operational", "Provider_Name": "Microsoft-Windows-Kernel-Boot", "Computer": "DESKTOP-OFJ6N53", "TimeCreated": "2022-02-24 08:26:59.672836+00:00", "RecordID": "7", "Level": "2", "UserID": "S-1-5-18", "EventData.StatusCode": "3221225474", "EventData.Position": "1"}
{"EventID": "208", "Channel": "Microsoft-Windows-Kernel-Boot/Operational", "Provider_Name": "Microsoft-Windows-Kernel-Boot", "Computer": "DESKTOP-OFJ6N53", "TimeCreated": "2022-02-24 08:26:59.672836+00:00", "RecordID": "8", "Level": "2", "UserID": "S-1-5-18", "EventData.InitState": "1", "EventData.StatusCode": "3221225473", "EventData.FailureAddress": "268909510", "EventData.ReferenceAddress": "270123616", "EventData.ReasonCode": "1"}
{"EventID": "235", "Channel": "Microsoft-Windows-Kernel-Boot/Operational", "Provider_Name": "Microsoft-Windows-Kernel-Boot", "Computer": "DESKTOP-OFJ6N53", "TimeCreated": "2022-02-24 12:37:56.697540+00:00", "RecordID": "9", "Level": "2", "UserID": "S-1-5-18", "EventData.StatusCode": "3221225474", "EventData.Position": "1"}
{"EventID": "208", "Channel": "Microsoft-Windows-Kernel-Boot/Operational", "Provider_Name": "Microsoft-Windows-Kernel-Boot", "Computer": "DESKTOP-OFJ6N53", "TimeCreated": "2022-02-24 12:37:56.697540+00:00", "RecordID": "10", "Level": "2", "UserID": "S-1-5-18", "EventData.InitState": "1", "EventData.StatusCode": "3221225473", "EventData.FailureAddress": "10679391", "EventData.ReferenceAddress": "11993888", "EventData.ReasonCode": "1"}
{"EventID": "235", "Channel": "Microsoft-Windows-Kernel-Boot/Operational", "Provider_Name": "Microsoft-Windows-Kernel-Boot", "Computer": "DESKTOP-OFJ6N53", "TimeCreated": "2022-02-24 12:37:56.697676+00:00", "RecordID": "11", "Level": "2", "UserID": "S-1-5-18", "EventData.StatusCode": "3221225474", "EventData.Position": "1"}
{"EventID": "208", "Channel": "Microsoft-Windows-Kernel-Boot/Operational", "Provider_Name": "Microsoft-Windows-Kernel-Boot", "Computer": "DESKTOP-OFJ6N53", "TimeCreated": "2022-02-24 12:37:56.697676+00:00", "RecordID": "12", "Level": "2", "UserID": "S-1-5-18", "EventData.InitState": "1", "EventData.StatusCode": "3221225473", "EventData.FailureAddress": "268909510", "EventData.ReferenceAddress": "270123616", "EventData.ReasonCode": "1"}
{"EventID": "235", "Channel": "Microsoft-Windows-Kernel-Boot/Operational", "Provider_Name": "Microsoft-Windows-Kernel-Boot", "Computer": "DESKTOP-OFJ6N53", "TimeCreated": "2022-02-24 12:51:55.680441+00:00", "RecordID": "13", "Level": "2", "UserID": "S-1-5-18", "EventData.StatusCode": "3221225474", "EventData.Position": "1"}
{"EventID": "208", "Channel": "Microsoft-Windows-Kernel-Boot/Operational", "Provider_Name": "Microsoft-Windows-Kernel-Boot", "Computer": "DESKTOP-OFJ6N53", "TimeCreated": "2022-02-24 12:51:55.680441+00:00", "RecordID": "14", "Level": "2", "UserID": "S-1-5-18", "EventData.InitState": "1", "EventData.StatusCode": "3221225473", "EventData.FailureAddress": "10679391", "EventData.ReferenceAddress": "11993888", "EventData.ReasonCode": "1"}
{"EventID": "235", "Channel": "Microsoft-Windows-Kernel-Boot/Operational", "Provider_Name": "Microsoft-Windows-Kernel-Boot", "Computer": "DESKTOP-OFJ6N53", "TimeCreated": "2022-02-24 12:51:55.680574+00:00", "RecordID": "15", "Level": "2", "UserID": "S-1-5-18", "EventData.StatusCode": "3221225474", "EventData.Position": "1"}
{"EventID": "208", "Channel": "Microsoft-Windows-Kernel-Boot/Operational", "Provider_Name": "Microsoft-Windows-Kernel-Boot", "Computer": "DESKTOP-OFJ6N53", "TimeCreated": "2022-02-24 12:51:55.680574+00:00", "RecordID": "16", "Level": "2", "UserID": "S-1-5-18", "EventData.InitState": "1", "EventData.StatusCode": "3221225473", "EventData.FailureAddress": "268909510", "EventData.ReferenceAddress": "270123616", "EventData.ReasonCode": "1"}
{"EventID": "235", "Channel": "Microsoft-Windows-Kernel-Boot/Operational", "Provider_Name": "Microsoft-Windows-Kernel-Boot", "Computer": "DESKTOP-OFJ6N53", "TimeCreated": "2022-02-24 21:39:55.242210+00:00", "RecordID": "17", "Level": "2", "UserID": "S-1-5-18", "EventData.StatusCode": "3221225474", "EventData.Position": "1"}
{"EventID": "208", "Channel": "Microsoft-Windows-Kernel-Boot/Operational", "Provider_Name": "Microsoft-Windows-Kernel-Boot", "Computer": "DESKTOP-OFJ6N53", "TimeCreated": "2022-02-24 21:39:55.242212+00:00", "RecordID": "18", "Level": "2", "UserID": "S-1-5-18", "EventData.InitState": "1", "EventData.StatusCode": "3221225473", "EventData.FailureAddress": "10679535", "EventData.ReferenceAddress": "11998016", "EventData.ReasonCode": "1"}
{"EventID": "235", "Channel": "Microsoft-Windows-Kernel-Boot/Operational", "Provider_Name": "Microsoft-Windows-Kernel-Boot", "Computer": "DESKTOP-OFJ6N53", "TimeCreated": "2022-02-24 21:39:55.242336+00:00", "RecordID": "19", "Level": "2", "UserID": "S-1-5-18", "EventData.StatusCode": "3221225474", "EventData.Position": "1"}
{"EventID": "208", "Channel": "Microsoft-Windows-Kernel-Boot/Operational", "Provider_Name": "Microsoft-Windows-Kernel-Boot", "Computer": "DESKTOP-OFJ6N53", "TimeCreated": "2022-02-24 21:39:55.242336+00:00", "RecordID": "20", "Level": "2", "UserID": "S-1-5-18", "EventData.InitState": "1", "EventData.StatusCode": "3221225473", "EventData.FailureAddress": "268909510", "EventData.ReferenceAddress": "270123616", "EventData.ReasonCode": "1"}
{"EventID": "235", "Channel": "Microsoft-Windows-Kernel-Boot/Operational", "Provider_Name": "Microsoft-Windows-Kernel-Boot", "Computer": "DESKTOP-OFJ6N53", "TimeCreated": "2022-03-03 17:18:19.055645+00:00", "RecordID": "21", "Level": "2", "UserID": "S-1-5-18", "EventData.StatusCode": "3221225474", "EventData.Position": "1"}
{"EventID": "208", "Channel": "Microsoft-Windows-Kernel-Boot/Operational", "Provider_Name": "Microsoft-Windows-Kernel-Boot", "Computer": "DESKTOP-OFJ6N53", "TimeCreated": "2022-03-03 17:18:19.055645+00:00", "RecordID": "22", "Level": "2", "UserID": "S-1-5-18", "EventData.InitState": "1", "EventData.StatusCode": "3221225473", "EventData.FailureAddress": "10155247", "EventData.ReferenceAddress": "11473728", "EventData.ReasonCode": "1"}
{"EventID": "235", "Channel": "Microsoft-Windows-Kernel-Boot/Operational", "Provider_Name": "Microsoft-Windows-Kernel-Boot", "Computer": "DESKTOP-OFJ6N53", "TimeCreated": "2022-03-03 17:18:19.055775+00:00", "RecordID": "23", "Level": "2", "UserID": "S-1-5-18", "EventData.StatusCode": "3221225474", "EventData.Position": "1"}
{"EventID": "208", "Channel": "Microsoft-Windows-Kernel-Boot/Operational", "Provider_Name": "Microsoft-Windows-Kernel-Boot", "Computer": "DESKTOP-OFJ6N53", "TimeCreated": "2022-03-03 17:18:19.055777+00:00", "RecordID": "24", "Level": "2", "UserID": "S-1-5-18", "EventData.InitState": "1", "EventData.StatusCode": "3221225473", "EventData.FailureAddress": "268909810", "EventData.ReferenceAddress": "270123616", "EventData.ReasonCode": "1"}
{"EventID": "235", "Channel": "Microsoft-Windows-Kernel-Boot/Operational", "Provider_Name": "Microsoft-Windows-Kernel-Boot", "Computer": "DESKTOP-OFJ6N53", "TimeCreated": "2022-03-09 07:31:34.686440+00:00", "RecordID": "25", "Level": "2", "UserID": "S-1-5-18", "EventData.StatusCode": "3221225474", "EventData.Position": "1"}
{"EventID": "208", "Channel": "Microsoft-Windows-Kernel-Boot/Operational", "Provider_Name": "Microsoft-Windows-Kernel-Boot", "Computer": "DESKTOP-OFJ6N53", "TimeCreated": "2022-03-09 07:31:34.686440+00:00", "RecordID": "26", "Level": "2", "UserID": "S-1-5-18", "EventData.InitState": "1", "EventData.StatusCode": "3221225473", "EventData.FailureAddress": "10155247", "EventData.ReferenceAddress": "11473728", "EventData.ReasonCode": "1"}
{"EventID": "235", "Channel": "Microsoft-Windows-Kernel-Boot/Operational", "Provider_Name": "Microsoft-Windows-Kernel-Boot", "Computer": "DESKTOP-OFJ6N53", "TimeCreated": "2022-03-09 07:31:34.686563+00:00", "RecordID": "27", "Level": "2", "UserID": "S-1-5-18", "EventData.StatusCode": "3221225474", "EventData.Position": "1"}
{"EventID": "208", "Channel": "Microsoft-Windows-Kernel-Boot/Operational", "Provider_Name": "Microsoft-Windows-Kernel-Boot", "Computer": "DESKTOP-OFJ6N53", "TimeCreated": "2022-03-09 07:31:34.686565+00:00", "RecordID": "28", "Level": "2", "UserID": "S-1-5-18", "EventData.InitState": "1", "EventData.StatusCode": "3221225473", "EventData.FailureAddress": "268909810", "EventData.ReferenceAddress": "270123616", "EventData.ReasonCode": "1"}
{"EventID": "235", "Channel": "Microsoft-Windows-Kernel-Boot/Operational", "Provider_Name": "Microsoft-Windows-Kernel-Boot", "Computer": "DESKTOP-OFJ6N53", "TimeCreated": "2022-03-09 10:16:33.706230+00:00", "RecordID": "29", "Level": "2", "UserID": "S-1-5-18", "EventData.StatusCode": "3221225474", "EventData.Position": "1"}
{"EventID": "208", "Channel": "Microsoft-Windows-Kernel-Boot/Operational", "Provider_Name": "Microsoft-Windows-Kernel-Boot", "Computer": "DESKTOP-OFJ6N53", "TimeCreated": "2022-03-09 10:16:33.706232+00:00", "RecordID": "30", "Level": "2", "UserID": "S-1-5-18", "EventData.InitState": "1", "EventData.StatusCode": "3221225473", "EventData.FailureAddress": "10155247", "EventData.ReferenceAddress": "11473728", "EventData.ReasonCode": "1"}
{"EventID": "235", "Channel": "Microsoft-Windows-Kernel-Boot/Operational", "Provider_Name": "Microsoft-Windows-Kernel-Boot", "Computer": "DESKTOP-OFJ6N53", "TimeCreated": "2022-03-09 10:16:33.706364+00:00", "RecordID": "31", "Level": "2", "UserID": "S-1-5-18", "EventData.StatusCode": "3221225474", "EventData.Position": "1"}
{"EventID": "208", "Channel": "Microsoft-Windows-Kernel-Boot/Operational", "Provider_Name": "Microsoft-Windows-Kernel-Boot", "Computer": "DESKTOP-OFJ6N53", "TimeCreated": "2022-03-09 10:16:33.706364+00:00", "RecordID": "32", "Level": "2", "UserID": "S-1-5-18", "EventData.InitState": "1", "EventData.StatusCode": "3221225473", "EventData.FailureAddress": "268909810", "EventData.ReferenceAddress": "270123616", "EventData.ReasonCode": "1"}
{"EventID": "235", "Channel": "Microsoft-Windows-Kernel-Boot/Operational", "Provider_Name": "Microsoft-Windows-Kernel-Boot", "Computer": "DESKTOP-OFJ6N53", "TimeCreated": "2022-03-09 11:07:39.683317+00:00", "RecordID": "33", "Level": "2", "UserID": "S-1-5-18", "EventData.StatusCode": "3221225474", "EventData.Position": "1"}
{"EventID": "208", "Channel": "Microsoft-Windows-Kernel-Boot/Operational", "Provider_Name": "Microsoft-Windows-Kernel-Boot", "Computer": "DESKTOP-OFJ6N53", "TimeCreated": "2022-03-09 11:07:39.683319+00:00", "RecordID": "34", "Level": "2", "UserID": "S-1-5-18", "EventData.InitState": "1", "EventData.StatusCode": "3221225473", "EventData.FailureAddress": "10155247", "EventData.ReferenceAddress": "11473728", "EventData.ReasonCode": "1"}
{"EventID": "235", "Channel": "Microsoft-Windows-Kernel-Boot/Operational", "Provider_Name": "Microsoft-Windows-Kernel-Boot", "Computer": "DESKTOP-OFJ6N53", "TimeCreated": "2022-03-09 11:07:39.683447+00:00", "RecordID": "35", "Level": "2", "UserID": "S-1-5-18", "EventData.StatusCode": "3221225474", "EventData.Position": "1"}
{"EventID": "208", "Channel": "Microsoft-Windows-Kernel-Boot/Operational", "Provider_Name": "Microsoft-Windows-Kernel-Boot", "Computer": "DESKTOP-OFJ6N53", "TimeCreated": "2022-03-09 11:07:39.683449+00:00", "RecordID": "36", "Level": "2", "UserID": "S-1-5-18", "EventData.InitState": "1", "EventData.StatusCode": "3221225473", "EventData.FailureAddress": "268909810", "EventData.ReferenceAddress": "270123616", "EventData.ReasonCode": "1"}
{"EventID": "235", "Channel": "Microsoft-Windows-Kernel-Boot/Operational", "Provider_Name": "Microsoft-Windows-Kernel-Boot", "Computer": "DESKTOP-OFJ6N53", "TimeCreated": "2022-03-10 14:20:04.709576+00:00", "RecordID": "37", "Level": "2", "UserID": "S-1-5-18", "EventData.StatusCode": "3221225474", "EventData.Position": "1"}
{"EventID": "208", "Channel": "Microsoft-Windows-Kernel-Boot/Operational", "Provider_Name": "Microsoft-Windows-Kernel-Boot", "Computer": "DESKTOP-OFJ6N53", "TimeCreated": "2022-03-10 14:20:04.709578+00:00", "RecordID": "38", "Level": "2", "UserID": "S-1-5-18", "EventData.InitState": "1", "EventData.StatusCode": "3221225473", "EventData.FailureAddress": "10155247", "EventData.ReferenceAddress": "11473728", "EventData.ReasonCode": "1"}
{"EventID": "235", "Channel": "Microsoft-Windows-Kernel-Boot/Operational", "Provider_Name": "Microsoft-Windows-Kernel-Boot", "Computer": "DESKTOP-OFJ6N53", "TimeCreated": "2022-03-10 14:20:04.709702+00:00", "RecordID": "39", "Level": "2", "UserID": "S-1-5-18", "EventData.StatusCode": "3221225474", "EventData.Position": "1"}
{"EventID": "208", "Channel": "Microsoft-Windows-Kernel-Boot/Operational", "Provider_Name": "Microsoft-Windows-Kernel-Boot", "Computer": "DESKTOP-OFJ6N53", "TimeCreated": "2022-03-10 14:20:04.709703+00:00", "RecordID": "40", "Level": "2", "UserID": "S-1-5-18", "EventData.InitState": "1", "EventData.StatusCode": "3221225473", "EventData.FailureAddress": "268909810", "EventData.ReferenceAddress": "270123616", "EventData.ReasonCode": "1"}
{"EventID": "235", "Channel": "Microsoft-Windows-Kernel-Boot/Operational", "Provider_Name": "Microsoft-Windows-Kernel-Boot", "Computer": "DESKTOP-OFJ6N53", "TimeCreated": "2022-03-10 16:25:01.690096+00:00", "RecordID": "41", "Level": "2", "UserID": "S-1-5-18", "EventData.StatusCode": "3221225474", "EventData.Position": "1"}
{"EventID": "208", "Channel": "Microsoft-Windows-Kernel-Boot/Operational", "Provider_Name": "Microsoft-Windows-Kernel-Boot", "Computer": "DESKTOP-OFJ6N53", "TimeCreated": "2022-03-10 16:25:01.690096+00:00", "RecordID": "42", "Level": "2", "UserID": "S-1-5-18", "EventData.InitState": "1", "EventData.StatusCode": "3221225473", "EventData.FailureAddress": "10159611", "EventData.ReferenceAddress": "11477792", "EventData.ReasonCode": "1"}
{"EventID": "235", "Channel": "Microsoft-Windows-Kernel-Boot/Operational", "Provider_Name": "Microsoft-Windows-Kernel-Boot", "Computer": "DESKTOP-OFJ6N53", "TimeCreated": "2022-03-10 16:25:01.690226+00:00", "RecordID": "43", "Level": "2", "UserID": "S-1-5-18", "EventData.StatusCode": "3221225474", "EventData.Position": "1"}
{"EventID": "208", "Channel": "Microsoft-Windows-Kernel-Boot/Operational", "Provider_Name": "Microsoft-Windows-Kernel-Boot", "Computer": "DESKTOP-OFJ6N53", "TimeCreated": "2022-03-10 16:25:01.690226+00:00", "RecordID": "44", "Level": "2", "UserID": "S-1-5-18", "EventData.InitState": "1", "EventData.StatusCode": "3221225473", "EventData.FailureAddress": "268909810", "EventData.ReferenceAddress": "270123616", "EventData.ReasonCode": "1"}
{"EventID": "235", "Channel": "Microsoft-Windows-Kernel-Boot/Operational", "Provider_Name": "Microsoft-Windows-Kernel-Boot", "Computer": "DESKTOP-OFJ6N53", "TimeCreated": "2022-03-15 16:44:25.286406+00:00", "RecordID": "45", "Level": "2", "UserID": "S-1-5-18", "EventData.StatusCode": "3221225474", "EventData.Position": "1"}
{"EventID": "208", "Channel": "Microsoft-Windows-Kernel-Boot/Operational", "Provider_Name": "Microsoft-Windows-Kernel-Boot", "Computer": "DESKTOP-OFJ6N53", "TimeCreated": "2022-03-15 16:44:25.286407+00:00", "RecordID": "46", "Level": "2", "UserID": "S-1-5-18", "EventData.InitState": "1", "EventData.StatusCode": "3221225473", "EventData.FailureAddress": "10159611", "EventData.ReferenceAddress": "11477792", "EventData.ReasonCode": "1"}
{"EventID": "235", "Channel": "Microsoft-Windows-Kernel-Boot/Operational", "Provider_Name": "Microsoft-Windows-Kernel-Boot", "Computer": "DESKTOP-OFJ6N53", "TimeCreated": "2022-03-15 16:44:25.286539+00:00", "RecordID": "47", "Level": "2", "UserID": "S-1-5-18", "EventData.StatusCode": "3221225474", "EventData.Position": "1"}
{"EventID": "208", "Channel": "Microsoft-Windows-Kernel-Boot/Operational", "Provider_Name": "Microsoft-Windows-Kernel-Boot", "Computer": "DESKTOP-OFJ6N53", "TimeCreated": "2022-03-15 16:44:25.286539+00:00", "RecordID": "48", "Level": "2", "UserID": "S-1-5-18", "EventData.InitState": "1", "EventData.StatusCode": "3221225473", "EventData.FailureAddress": "268909854", "EventData.ReferenceAddress": "270123648", "EventData.ReasonCode": "1"}
{"EventID": "235", "Channel": "Microsoft-Windows-Kernel-Boot/Operational", "Provider_Name": "Microsoft-Windows-Kernel-Boot", "Computer": "DESKTOP-OFJ6N53", "TimeCreated": "2022-04-13 14:34:14.944193+00:00", "RecordID": "49", "Level": "2", "UserID": "S-1-5-18", "EventData.StatusCode": "3221225474", "EventData.Position": "1"}
{"EventID": "208", "Channel": "Microsoft-Windows-Kernel-Boot/Operational", "Provider_Name": "Microsoft-Windows-Kernel-Boot", "Computer": "DESKTOP-OFJ6N53", "TimeCreated": "2022-04-13 14:34:14.944193+00:00", "RecordID": "50", "Level": "2", "UserID": "S-1-5-18", "EventData.InitState": "1", "EventData.StatusCode": "3221225473", "EventData.FailureAddress": "10159763", "EventData.ReferenceAddress": "11477760", "EventData.ReasonCode": "1"}
{"EventID": "235", "Channel": "Microsoft-Windows-Kernel-Boot/Operational", "Provider_Name": "Microsoft-Windows-Kernel-Boot", "Computer": "DESKTOP-OFJ6N53", "TimeCreated": "2022-04-13 14:34:14.944193+00:00", "RecordID": "51", "Level": "2", "UserID": "S-1-5-18", "EventData.StatusCode": "3221225474", "EventData.Position": "1"}
{"EventID": "208", "Channel": "Microsoft-Windows-Kernel-Boot/Operational", "Provider_Name": "Microsoft-Windows-Kernel-Boot", "Computer": "DESKTOP-OFJ6N53", "TimeCreated": "2022-04-13 14:34:14.944193+00:00", "RecordID": "52", "Level": "2", "UserID": "S-1-5-18", "EventData.InitState": "1", "EventData.StatusCode": "3221225473", "EventData.FailureAddress": "268909854", "EventData.ReferenceAddress": "270123648", "EventData.ReasonCode": "1"}
{"EventID": "235", "Channel": "Microsoft-Windows-Kernel-Boot/Operational", "Provider_Name": "Microsoft-Windows-Kernel-Boot", "Computer": "DESKTOP-OFJ6N53", "TimeCreated": "2022-04-28 21:42:45.291145+00:00", "RecordID": "53", "Level": "2", "UserID": "S-1-5-18", "EventData.StatusCode": "3221225474", "EventData.Position": "1"}
{"EventID": "208", "Channel": "Microsoft-Windows-Kernel-Boot/Operational", "Provider_Name": "Microsoft-Windows-Kernel-Boot", "Computer": "DESKTOP-OFJ6N53", "TimeCreated": "2022-04-28 21:42:45.291145+00:00", "RecordID": "54", "Level": "2", "UserID": "S-1-5-18", "EventData.InitState": "1", "EventData.StatusCode": "3221225473", "EventData.FailureAddress": "10167955", "EventData.ReferenceAddress": "11485952", "EventData.ReasonCode": "1"}
{"EventID": "235", "Channel": "Microsoft-Windows-Kernel-Boot/Operational", "Provider_Name": "Microsoft-Windows-Kernel-Boot", "Computer": "DESKTOP-OFJ6N53", "TimeCreated": "2022-04-28 21:42:45.291281+00:00", "RecordID": "55", "Level": "2", "UserID": "S-1-5-18", "EventData.StatusCode": "3221225474", "EventData.Position": "1"}
{"EventID": "208", "Channel": "Microsoft-Windows-Kernel-Boot/Operational", "Provider_Name": "Microsoft-Windows-Kernel-Boot", "Computer": "DESKTOP-OFJ6N53", "TimeCreated": "2022-04-28 21:42:45.291281+00:00", "RecordID": "56", "Level": "2", "UserID": "S-1-5-18", "EventData.InitState": "1", "EventData.StatusCode": "3221225473", "EventData.FailureAddress": "268909854", "EventData.ReferenceAddress": "270123648", "EventData.ReasonCode": "1"}
{"EventID": "235", "Channel": "Microsoft-Windows-Kernel-Boot/Operational", "Provider_Name": "Microsoft-Windows-Kernel-Boot", "Computer": "DESKTOP-OFJ6N53", "TimeCreated": "2022-05-05 09:59:09.992714+00:00", "RecordID": "57", "Level": "2", "UserID": "S-1-5-18", "EventData.StatusCode": "3221225474", "EventData.Position": "1"}
{"EventID": "208", "Channel": "Microsoft-Windows-Kernel-Boot/Operational", "Provider_Name": "Microsoft-Windows-Kernel-Boot", "Computer": "DESKTOP-OFJ6N53", "TimeCreated": "2022-05-05 09:59:09.992714+00:00", "RecordID": "58", "Level": "2", "UserID": "S-1-5-18", "EventData.InitState": "1", "EventData.StatusCode": "3221225473", "EventData.FailureAddress": "10167955", "EventData.ReferenceAddress": "11485952", "EventData.ReasonCode": "1"}
{"EventID": "235", "Channel": "Microsoft-Windows-Kernel-Boot/Operational", "Provider_Name": "Microsoft-Windows-Kernel-Boot", "Computer": "DESKTOP-OFJ6N53", "TimeCreated": "2022-05-05 09:59:09.992929+00:00", "RecordID": "59", "Level": "2", "UserID": "S-1-5-18", "EventData.StatusCode": "3221225474", "EventData.Position": "1"}
{"EventID": "208", "Channel": "Microsoft-Windows-Kernel-Boot/Operational", "Provider_Name": "Microsoft-Windows-Kernel-Boot", "Computer": "DESKTOP-OFJ6N53", "TimeCreated": "2022-05-05 09:59:09.992929+00:00", "RecordID": "60", "Level": "2", "UserID": "S-1-5-18", "EventData.InitState": "1", "EventData.StatusCode": "3221225473", "EventData.FailureAddress": "268909854", "EventData.ReferenceAddress": "270123648", "EventData.ReasonCode": "1"}
{"EventID": "235", "Channel": "Microsoft-Windows-Kernel-Boot/Operational", "Provider_Name": "Microsoft-Windows-Kernel-Boot", "Computer": "DESKTOP-OFJ6N53", "TimeCreated": "2022-05-10 23:32:51.727783+00:00", "RecordID": "61", "Level": "2", "UserID": "S-1-5-18", "EventData.StatusCode": "3221225474", "EventData.Position": "1"}
{"EventID": "208", "Channel": "Microsoft-Windows-Kernel-Boot/Operational", "Provider_Name": "Microsoft-Windows-Kernel-Boot", "Computer": "DESKTOP-OFJ6N53", "TimeCreated": "2022-05-10 23:32:51.727783+00:00", "RecordID": "62", "Level": "2", "UserID": "S-1-5-18", "EventData.InitState": "1", "EventData.StatusCode": "3221225473", "EventData.FailureAddress": "10173283", "EventData.ReferenceAddress": "11490112", "EventData.ReasonCode": "1"}
{"EventID": "235", "Channel": "Microsoft-Windows-Kernel-Boot/Operational", "Provider_Name": "Microsoft-Windows-Kernel-Boot", "Computer": "DESKTOP-OFJ6N53", "TimeCreated": "2022-05-10 23:32:51.727926+00:00", "RecordID": "63", "Level": "2", "UserID": "S-1-5-18", "EventData.StatusCode": "3221225474", "EventData.Position": "1"}
{"EventID": "208", "Channel": "Microsoft-Windows-Kernel-Boot/Operational", "Provider_Name": "Microsoft-Windows-Kernel-Boot", "Computer": "DESKTOP-OFJ6N53", "TimeCreated": "2022-05-10 23:32:51.727926+00:00", "RecordID": "64", "Level": "2", "UserID": "S-1-5-18", "EventData.InitState": "1", "EventData.StatusCode": "3221225473", "EventData.FailureAddress": "268909854", "EventData.ReferenceAddress": "270123648", "EventData.ReasonCode": "1"}
{"EventID": "235", "Channel": "Microsoft-Windows-Kernel-Boot/Operational", "Provider_Name": "Microsoft-Windows-Kernel-Boot", "Computer": "DESKTOP-OFJ6N53", "TimeCreated": "2022-06-06 07:33:45.485054+00:00", "RecordID": "65", "Level": "2", "UserID": "S-1-5-18", "EventData.StatusCode": "3221225474", "EventData.Position": "1"}
{"EventID": "208", "Channel": "Microsoft-Windows-Kernel-Boot/Operational", "Provider_Name": "Microsoft-Windows-Kernel-Boot", "Computer": "DESKTOP-OFJ6N53", "TimeCreated": "2022-06-06 07:33:45.485056+00:00", "RecordID": "66", "Level": "2", "UserID": "S-1-5-18", "EventData.InitState": "1", "EventData.StatusCode": "3221225473", "EventData.FailureAddress": "10173283", "EventData.ReferenceAddress": "11490112", "EventData.ReasonCode": "1"}
{"EventID": "235", "Channel": "Microsoft-Windows-Kernel-Boot/Operational", "Provider_Name": "Microsoft-Windows-Kernel-Boot", "Computer": "DESKTOP-OFJ6N53", "TimeCreated": "2022-06-06 07:33:45.485270+00:00", "RecordID": "67", "Level": "2", "UserID": "S-1-5-18", "EventData.StatusCode": "3221225474", "EventData.Position": "1"}
{"EventID": "208", "Channel": "Microsoft-Windows-Kernel-Boot/Operational", "Provider_Name": "Microsoft-Windows-Kernel-Boot", "Computer": "DESKTOP-OFJ6N53", "TimeCreated": "2022-06-06 07:33:45.485270+00:00", "RecordID": "68", "Level": "2", "UserID": "S-1-5-18", "EventData.InitState": "1", "EventData.StatusCode": "3221225473", "EventData.FailureAddress": "268910622", "EventData.ReferenceAddress": "270123680", "EventData.ReasonCode": "1"}
{"EventID": "235", "Channel": "Microsoft-Windows-Kernel-Boot/Operational", "Provider_Name": "Microsoft-Windows-Kernel-Boot", "Computer": "DESKTOP-OFJ6N53", "TimeCreated": "2022-06-06 07:37:08.756554+00:00", "RecordID": "69", "Level": "2", "UserID": "S-1-5-18", "EventData.StatusCode": "3221225474", "EventData.Position": "1"}
{"EventID": "208", "Channel": "Microsoft-Windows-Kernel-Boot/Operational", "Provider_Name": "Microsoft-Windows-Kernel-Boot", "Computer": "DESKTOP-OFJ6N53", "TimeCreated": "2022-06-06 07:37:08.756554+00:00", "RecordID": "70", "Level": "2", "UserID": "S-1-5-18", "EventData.InitState": "1", "EventData.StatusCode": "3221225473", "EventData.FailureAddress": "10173283", "EventData.ReferenceAddress": "11490112", "EventData.ReasonCode": "1"}
{"EventID": "235", "Channel": "Microsoft-Windows-Kernel-Boot/Operational", "Provider_Name": "Microsoft-Windows-Kernel-Boot", "Computer": "DESKTOP-OFJ6N53", "TimeCreated": "2022-06-06 07:37:08.756704+00:00", "RecordID": "71", "Level": "2", "UserID": "S-1-5-18", "EventData.StatusCode": "3221225474", "EventData.Position": "1"}
{"EventID": "208", "Channel": "Microsoft-Windows-Kernel-Boot/Operational", "Provider_Name": "Microsoft-Windows-Kernel-Boot", "Computer": "DESKTOP-OFJ6N53", "TimeCreated": "2022-06-06 07:37:08.756704+00:00", "RecordID": "72", "Level": "2", "UserID": "S-1-5-18", "EventData.InitState": "1", "EventData.StatusCode": "3221225473", "EventData.FailureAddress": "268910622", "EventData.ReferenceAddress": "270123680", "EventData.ReasonCode": "1"}
{"EventID": "235", "Channel": "Microsoft-Windows-Kernel-Boot/Operational", "Provider_Name": "Microsoft-Windows-Kernel-Boot", "Computer": "DESKTOP-OFJ6N53", "TimeCreated": "2022-06-14 18:01:19.631460+00:00", "RecordID": "73", "Level": "2", "UserID": "S-1-5-18", "EventData.StatusCode": "3221225474", "EventData.Position": "1"}
{"EventID": "208", "Channel": "Microsoft-Windows-Kernel-Boot/Operational", "Provider_Name": "Microsoft-Windows-Kernel-Boot", "Computer": "DESKTOP-OFJ6N53", "TimeCreated": "2022-06-14 18:01:19.631460+00:00", "RecordID": "74", "Level": "2", "UserID": "S-1-5-18", "EventData.InitState": "1", "EventData.StatusCode": "3221225473", "EventData.FailureAddress": "10173283", "EventData.ReferenceAddress": "11490112", "EventData.ReasonCode": "1"}
{"EventID": "235", "Channel": "Microsoft-Windows-Kernel-Boot/Operational", "Provider_Name": "Microsoft-Windows-Kernel-Boot", "Computer": "DESKTOP-OFJ6N53", "TimeCreated": "2022-06-14 18:01:19.631594+00:00", "RecordID": "75", "Level": "2", "UserID": "S-1-5-18", "EventData.StatusCode": "3221225474", "EventData.Position": "1"}
{"EventID": "208", "Channel": "Microsoft-Windows-Kernel-Boot/Operational", "Provider_Name": "Microsoft-Windows-Kernel-Boot", "Computer": "DESKTOP-OFJ6N53", "TimeCreated": "2022-06-14 18:01:19.631594+00:00", "RecordID": "76", "Level": "2", "UserID": "S-1-5-18", "EventData.InitState": "1", "EventData.StatusCode": "3221225473", "EventData.FailureAddress": "268910622", "EventData.ReferenceAddress": "270123680", "EventData.ReasonCode": "1"}
{"EventID": "235", "Channel": "Microsoft-Windows-Kernel-Boot/Operational", "Provider_Name": "Microsoft-Windows-Kernel-Boot", "Computer": "DESKTOP-OFJ6N53", "TimeCreated": "2022-07-13 14:42:12.851986+00:00", "RecordID": "77", "Level": "2", "UserID": "S-1-5-18", "EventData.StatusCode": "3221225474", "EventData.Position": "1"}
{"EventID": "208", "Channel": "Microsoft-Windows-Kernel-Boot/Operational", "Provider_Name": "Microsoft-Windows-Kernel-Boot", "Computer": "DESKTOP-OFJ6N53", "TimeCreated": "2022-07-13 14:42:12.851986+00:00", "RecordID": "78", "Level": "2", "UserID": "S-1-5-18", "EventData.InitState": "1", "EventData.StatusCode": "3221225473", "EventData.FailureAddress": "10173343", "EventData.ReferenceAddress": "11490176", "EventData.ReasonCode": "1"}
{"EventID": "235", "Channel": "Microsoft-Windows-Kernel-Boot/Operational", "Provider_Name": "Microsoft-Windows-Kernel-Boot", "Computer": "DESKTOP-OFJ6N53", "TimeCreated": "2022-07-13 14:42:12.852133+00:00", "RecordID": "79", "Level": "2", "UserID": "S-1-5-18", "EventData.StatusCode": "3221225474", "EventData.Position": "1"}
{"EventID": "208", "Channel": "Microsoft-Windows-Kernel-Boot/Operational", "Provider_Name": "Microsoft-Windows-Kernel-Boot", "Computer": "DESKTOP-OFJ6N53", "TimeCreated": "2022-07-13 14:42:12.852135+00:00", "RecordID": "80", "Level": "2", "UserID": "S-1-5-18", "EventData.InitState": "1", "EventData.StatusCode": "3221225473", "EventData.FailureAddress": "268910622", "EventData.ReferenceAddress": "270123680", "EventData.ReasonCode": "1"}
{"EventID": "235", "Channel": "Microsoft-Windows-Kernel-Boot/Operational", "Provider_Name": "Microsoft-Windows-Kernel-Boot", "Computer": "DESKTOP-OFJ6N53", "TimeCreated": "2022-08-04 17:04:16.202753+00:00", "RecordID": "81", "Level": "2", "UserID": "S-1-5-18", "EventData.StatusCode": "3221225474", "EventData.Position": "1"}
{"EventID": "208", "Channel": "Microsoft-Windows-Kernel-Boot/Operational", "Provider_Name": "Microsoft-Windows-Kernel-Boot", "Computer": "DESKTOP-OFJ6N53", "TimeCreated": "2022-08-04 17:04:16.202755+00:00", "RecordID": "82", "Level": "2", "UserID": "S-1-5-18", "EventData.InitState": "1", "EventData.StatusCode": "3221225473", "EventData.FailureAddress": "10173343", "EventData.ReferenceAddress": "11490176", "EventData.ReasonCode": "1"}
{"EventID": "235", "Channel": "Microsoft-Windows-Kernel-Boot/Operational", "Provider_Name": "Microsoft-Windows-Kernel-Boot", "Computer": "DESKTOP-OFJ6N53", "TimeCreated": "2022-08-04 17:04:16.202898+00:00", "RecordID": "83", "Level": "2", "UserID": "S-1-5-18", "EventData.StatusCode": "3221225474", "EventData.Position": "1"}
{"EventID": "208", "Channel": "Microsoft-Windows-Kernel-Boot/Operational", "Provider_Name": "Microsoft-Windows-Kernel-Boot", "Computer": "DESKTOP-OFJ6N53", "TimeCreated": "2022-08-04 17:04:16.202898+00:00", "RecordID": "84", "Level": "2", "UserID": "S-1-5-18", "EventData.InitState": "1", "EventData.StatusCode": "3221225473", "EventData.FailureAddress": "268910642", "EventData.ReferenceAddress": "270123776", "EventData.ReasonCode": "1"}
{"EventID": "235", "Channel": "Microsoft-Windows-Kernel-Boot/Operational", "Provider_Name": "Microsoft-Windows-Kernel-Boot", "Computer": "DESKTOP-OFJ6N53", "TimeCreated": "2022-08-09 19:08:31.479465+00:00", "RecordID": "85", "Level": "2", "UserID": "S-1-5-18", "EventData.StatusCode": "3221225474", "EventData.Position": "1"}
{"EventID": "208", "Channel": "Microsoft-Windows-Kernel-Boot/Operational", "Provider_Name": "Microsoft-Windows-Kernel-Boot", "Computer": "DESKTOP-OFJ6N53", "TimeCreated": "2022-08-09 19:08:31.479465+00:00", "RecordID": "86", "Level": "2", "UserID": "S-1-5-18", "EventData.InitState": "1", "EventData.StatusCode": "3221225473", "EventData.FailureAddress": "10173343", "EventData.ReferenceAddress": "11490176", "EventData.ReasonCode": "1"}
{"EventID": "235", "Channel": "Microsoft-Windows-Kernel-Boot/Operational", "Provider_Name": "Microsoft-Windows-Kernel-Boot", "Computer": "DESKTOP-OFJ6N53", "TimeCreated": "2022-08-09 19:08:31.479603+00:00", "RecordID": "87", "Level": "2", "UserID": "S-1-5-18", "EventData.StatusCode": "3221225474", "EventData.Position": "1"}
{"EventID": "208", "Channel": "Microsoft-Windows-Kernel-Boot/Operational", "Provider_Name": "Microsoft-Windows-Kernel-Boot", "Computer": "DESKTOP-OFJ6N53", "TimeCreated": "2022-08-09 19:08:31.479603+00:00", "RecordID": "88", "Level": "2", "UserID": "S-1-5-18", "EventData.InitState": "1", "EventData.StatusCode": "3221225473", "EventData.FailureAddress": "268910642", "EventData.ReferenceAddress": "270123776", "EventData.ReasonCode": "1"}
{"EventID": "235", "Channel": "Microsoft-Windows-Kernel-Boot/Operational", "Provider_Name": "Microsoft-Windows-Kernel-Boot", "Computer": "DESKTOP-OFJ6N53", "TimeCreated": "2022-09-06 09:01:32.965734+00:00", "RecordID": "89", "Level": "2", "UserID": "S-1-5-18", "EventData.StatusCode": "3221225474", "EventData.Position": "1"}
{"EventID": "208", "Channel": "Microsoft-Windows-Kernel-Boot/Operational", "Provider_Name": "Microsoft-Windows-Kernel-Boot", "Computer": "DESKTOP-OFJ6N53", "TimeCreated": "2022-09-06 09:01:32.965736+00:00", "RecordID": "90", "Level": "2", "UserID": "S-1-5-18", "EventData.InitState": "1", "EventData.StatusCode": "3221225473", "EventData.FailureAddress": "10173343", "EventData.ReferenceAddress": "11490176", "EventData.ReasonCode": "1"}
{"EventID": "235", "Channel": "Microsoft-Windows-Kernel-Boot/Operational", "Provider_Name": "Microsoft-Windows-Kernel-Boot", "Computer": "DESKTOP-OFJ6N53", "TimeCreated": "2022-09-06 09:01:32.965870+00:00", "RecordID": "91", "Level": "2", "UserID": "S-1-5-18", "EventData.StatusCode": "3221225474", "EventData.Position": "1"}
{"EventID": "208", "Channel": "Microsoft-Windows-Kernel-Boot/Operational", "Provider_Name": "Microsoft-Windows-Kernel-Boot", "Computer": "DESKTOP-OFJ6N53", "TimeCreated": "2022-09-06 09:01:32.965870+00:00", "RecordID": "92", "Level": "2", "UserID": "S-1-5-18", "EventData.InitState": "1", "EventData.StatusCode": "3221225473", "EventData.FailureAddress": "268910642", "EventData.ReferenceAddress": "270123776", "EventData.ReasonCode": "1"}
{"EventID": "235", "Channel": "Microsoft-Windows-Kernel-Boot/Operational", "Provider_Name": "Microsoft-Windows-Kernel-Boot", "Computer": "DESKTOP-OFJ6N53", "TimeCreated": "2022-09-06 13:00:56.390879+00:00", "RecordID": "93", "Level": "2", "UserID": "S-1-5-18", "EventData.StatusCode": "3221225474", "EventData.Position": "1"}
{"EventID": "208", "Channel": "Microsoft-Windows-Kernel-Boot/Operational", "Provider_Name": "Microsoft-Windows-Kernel-Boot", "Computer": "DESKTOP-OFJ6N53", "TimeCreated": "2022-09-06 13:00:56.390881+00:00", "RecordID": "94", "Level": "2", "UserID": "S-1-5-18", "EventData.InitState": "1", "EventData.StatusCode": "3221225473", "EventData.FailureAddress": "10173343", "EventData.ReferenceAddress": "11490176", "EventData.ReasonCode": "1"}
{"EventID": "235", "Channel": "Microsoft-Windows-Kernel-Boot/Operational", "Provider_Name": "Microsoft-Windows-Kernel-Boot", "Computer": "DESKTOP-OFJ6N53", "TimeCreated": "2022-09-06 13:00:56.391035+00:00", "RecordID": "95", "Level": "2", "UserID": "S-1-5-18", "EventData.StatusCode": "3221225474", "EventData.Position": "1"}
{"EventID": "208", "Channel": "Microsoft-Windows-Kernel-Boot/Operational", "Provider_Name": "Microsoft-Windows-Kernel-Boot", "Computer": "DESKTOP-OFJ6N53", "TimeCreated": "2022-09-06 13:00:56.391037+00:00", "RecordID": "96", "Level": "2", "UserID": "S-1-5-18", "EventData.InitState": "1", "EventData.StatusCode": "3221225473", "EventData.FailureAddress": "268910642", "EventData.ReferenceAddress": "270123776", "EventData.ReasonCode": "1"}
{"EventID": "235", "Channel": "Microsoft-Windows-Kernel-Boot/Operational", "Provider_Name": "Microsoft-Windows-Kernel-Boot", "Computer": "DESKTOP-OFJ6N53", "TimeCreated": "2022-09-13 14:05:21.007303+00:00", "RecordID": "97", "Level": "2", "UserID": "S-1-5-18", "EventData.StatusCode": "3221225474", "EventData.Position": "1"}
{"EventID": "208", "Channel": "Microsoft-Windows-Kernel-Boot/Operational", "Provider_Name": "Microsoft-Windows-Kernel-Boot", "Computer": "DESKTOP-OFJ6N53", "TimeCreated": "2022-09-13 14:05:21.007305+00:00", "RecordID": "98", "Level": "2", "UserID": "S-1-5-18", "EventData.InitState": "1", "EventData.StatusCode": "3221225473", "EventData.FailureAddress": "10173343", "EventData.ReferenceAddress": "11490176", "EventData.ReasonCode": "1"}
{"EventID": "235", "Channel": "Microsoft-Windows-Kernel-Boot/Operational", "Provider_Name": "Microsoft-Windows-Kernel-Boot", "Computer": "DESKTOP-OFJ6N53", "TimeCreated": "2022-09-13 14:05:21.007458+00:00", "RecordID": "99", "Level": "2", "UserID": "S-1-5-18", "EventData.StatusCode": "3221225474", "EventData.Position": "1"}
{"EventID": "208", "Channel": "Microsoft-Windows-Kernel-Boot/Operational", "Provider_Name": "Microsoft-Windows-Kernel-Boot", "Computer": "DESKTOP-OFJ6N53", "TimeCreated": "2022-09-13 14:05:21.007458+00:00", "RecordID": "100", "Level": "2", "UserID": "S-1-5-18", "EventData.InitState": "1", "EventData.StatusCode": "3221225473", "EventData.FailureAddress": "268910642", "EventData.ReferenceAddress": "270123776", "EventData.ReasonCode": "1"}
{"EventID": "235", "Channel": "Microsoft-Windows-Kernel-Boot/Operational", "Provider_Name": "Microsoft-Windows-Kernel-Boot", "Computer": "DESKTOP-OFJ6N53", "TimeCreated": "2022-09-14 17:16:58.026539+00:00", "RecordID": "101", "Level": "2", "UserID": "S-1-5-18", "EventData.StatusCode": "3221225474", "EventData.Position": "1"}
{"EventID": "208", "Channel": "Microsoft-Windows-Kernel-Boot/Operational", "Provider_Name": "Microsoft-Windows-Kernel-Boot", "Computer": "DESKTOP-OFJ6N53", "TimeCreated": "2022-09-14 17:16:58.026541+00:00", "RecordID": "102", "Level": "2", "UserID": "S-1-5-18", "EventData.InitState": "1", "EventData.StatusCode": "3221225473", "EventData.FailureAddress": "10173343", "EventData.ReferenceAddress": "11490208", "EventData.ReasonCode": "1"}
{"EventID": "235", "Channel": "Microsoft-Windows-Kernel-Boot/Operational", "Provider_Name": "Microsoft-Windows-Kernel-Boot", "Computer": "DESKTOP-OFJ6N53", "TimeCreated": "2022-09-14 17:16:58.026674+00:00", "RecordID": "103", "Level": "2", "UserID": "S-1-5-18", "EventData.StatusCode": "3221225474", "EventData.Position": "1"}
{"EventID": "208", "Channel": "Microsoft-Windows-Kernel-Boot/Operational", "Provider_Name": "Microsoft-Windows-Kernel-Boot", "Computer": "DESKTOP-OFJ6N53", "TimeCreated": "2022-09-14 17:16:58.026674+00:00", "RecordID": "104", "Level": "2", "UserID": "S-1-5-18", "EventData.InitState": "1", "EventData.StatusCode": "3221225473", "EventData.FailureAddress": "268910642", "EventData.ReferenceAddress": "270123776", "EventData.ReasonCode": "1"}
{"EventID": "235", "Channel": "Microsoft-Windows-Kernel-Boot/Operational", "Provider_Name": "Microsoft-Windows-Kernel-Boot", "Computer": "DESKTOP-OFJ6N53", "TimeCreated": "2022-09-22 12:40:16.048950+00:00", "RecordID": "105", "Level": "2", "UserID": "S-1-5-18", "EventData.StatusCode": "3221225474", "EventData.Position": "1"}
{"EventID": "208", "Channel": "Microsoft-Windows-Kernel-Boot/Operational", "Provider_Name": "Microsoft-Windows-Kernel-Boot", "Computer": "DESKTOP-OFJ6N53", "TimeCreated": "2022-09-22 12:40:16.048952+00:00", "RecordID": "106", "Level": "2", "UserID": "S-1-5-18", "EventData.InitState": "1", "EventData.StatusCode": "3221225473", "EventData.FailureAddress": "10173343", "EventData.ReferenceAddress": "11490208", "EventData.ReasonCode": "1"}
{"EventID": "235", "Channel": "Microsoft-Windows-Kernel-Boot/Operational", "Provider_Name": "Microsoft-Windows-Kernel-Boot", "Computer": "DESKTOP-OFJ6N53", "TimeCreated": "2022-09-22 12:40:16.049118+00:00", "RecordID": "107", "Level": "2", "UserID": "S-1-5-18", "EventData.StatusCode": "3221225474", "EventData.Position": "1"}
{"EventID": "208", "Channel": "Microsoft-Windows-Kernel-Boot/Operational", "Provider_Name": "Microsoft-Windows-Kernel-Boot", "Computer": "DESKTOP-OFJ6N53", "TimeCreated": "2022-09-22 12:40:16.049120+00:00", "RecordID": "108", "Level": "2", "UserID": "S-1-5-18", "EventData.InitState": "1", "EventData.StatusCode": "3221225473", "EventData.FailureAddress": "268910674", "EventData.ReferenceAddress": "270123712", "EventData.ReasonCode": "1"}
{"EventID": "235", "Channel": "Microsoft-Windows-Kernel-Boot/Operational", "Provider_Name": "Microsoft-Windows-Kernel-Boot", "Computer": "DESKTOP-OFJ6N53", "TimeCreated": "2022-09-29 11:32:16.403547+00:00", "RecordID": "109", "Level": "2", "UserID": "S-1-5-18", "EventData.StatusCode": "3221225474", "EventData.Position": "1"}
{"EventID": "208", "Channel": "Microsoft-Windows-Kernel-Boot/Operational", "Provider_Name": "Microsoft-Windows-Kernel-Boot", "Computer": "DESKTOP-OFJ6N53", "TimeCreated": "2022-09-29 11:32:16.403549+00:00", "RecordID": "110", "Level": "2", "UserID": "S-1-5-18", "EventData.InitState": "1", "EventData.StatusCode": "3221225473", "EventData.FailureAddress": "10173343", "EventData.ReferenceAddress": "11490208", "EventData.ReasonCode": "1"}
{"EventID": "235", "Channel": "Microsoft-Windows-Kernel-Boot/Operational", "Provider_Name": "Microsoft-Windows-Kernel-Boot", "Computer": "DESKTOP-OFJ6N53", "TimeCreated": "2022-09-29 11:32:16.403702+00:00", "RecordID": "111", "Level": "2", "UserID": "S-1-5-18", "EventData.StatusCode": "3221225474", "EventData.Position": "1"}
{"EventID": "208", "Channel": "Microsoft-Windows-Kernel-Boot/Operational", "Provider_Name": "Microsoft-Windows-Kernel-Boot", "Computer": "DESKTOP-OFJ6N53", "TimeCreated": "2022-09-29 11:32:16.403702+00:00", "RecordID": "112", "Level": "2", "UserID": "S-1-5-18", "EventData.InitState": "1", "EventData.StatusCode": "3221225473", "EventData.FailureAddress": "268910674", "EventData.ReferenceAddress": "270123712", "EventData.ReasonCode": "1"}
{"EventID": "235", "Channel": "Microsoft-Windows-Kernel-Boot/Operational", "Provider_Name": "Microsoft-Windows-Kernel-Boot", "Computer": "DESKTOP-OFJ6N53", "TimeCreated": "2022-10-04 08:34:38.016863+00:00", "RecordID": "113", "Level": "2", "UserID": "S-1-5-18", "EventData.StatusCode": "3221225474", "EventData.Position": "1"}
{"EventID": "208", "Channel": "Microsoft-Windows-Kernel-Boot/Operational", "Provider_Name": "Microsoft-Windows-Kernel-Boot", "Computer": "DESKTOP-OFJ6N53", "TimeCreated": "2022-10-04 08:34:38.016865+00:00", "RecordID": "114", "Level": "2", "UserID": "S-1-5-18", "EventData.InitState": "1", "EventData.StatusCode": "3221225473", "EventData.FailureAddress": "10173343", "EventData.ReferenceAddress": "11490208", "EventData.ReasonCode": "1"}
{"EventID": "235", "Channel": "Microsoft-Windows-Kernel-Boot/Operational", "Provider_Name": "Microsoft-Windows-Kernel-Boot", "Computer": "DESKTOP-OFJ6N53", "TimeCreated": "2022-10-04 08:34:38.017010+00:00", "RecordID": "115", "Level": "2", "UserID": "S-1-5-18", "EventData.StatusCode": "3221225474", "EventData.Position": "1"}
{"EventID": "208", "Channel": "Microsoft-Windows-Kernel-Boot/Operational", "Provider_Name": "Microsoft-Windows-Kernel-Boot", "Computer": "DESKTOP-OFJ6N53", "TimeCreated": "2022-10-04 08:34:38.017010+00:00", "RecordID": "116", "Level": "2", "UserID": "S-1-5-18", "EventData.InitState": "1", "EventData.StatusCode": "3221225473", "EventData.FailureAddress": "268910674", "EventData.ReferenceAddress": "270123712", "EventData.ReasonCode": "1"}
{"EventID": "235", "Channel": "Microsoft-Windows-Kernel-Boot/Operational", "Provider_Name": "Microsoft-Windows-Kernel-Boot", "Computer": "DESKTOP-OFJ6N53", "TimeCreated": "2022-10-05 14:36:53.448446+00:00", "RecordID": "117", "Level": "2", "UserID": "S-1-5-18", "EventData.StatusCode": "3221225474", "EventData.Position": "1"}
{"EventID": "208", "Channel": "Microsoft-Windows-Kernel-Boot/Operational", "Provider_Name": "Microsoft-Windows-Kernel-Boot", "Computer": "DESKTOP-OFJ6N53", "TimeCreated": "2022-10-05 14:36:53.448446+00:00", "RecordID": "118", "Level": "2", "UserID": "S-1-5-18", "EventData.InitState": "1", "EventData.StatusCode": "3221225473", "EventData.FailureAddress": "10173343", "EventData.ReferenceAddress": "11490208", "EventData.ReasonCode": "1"}
{"EventID": "235", "Channel": "Microsoft-Windows-Kernel-Boot/Operational", "Provider_Name": "Microsoft-Windows-Kernel-Boot", "Computer": "DESKTOP-OFJ6N53", "TimeCreated": "2022-10-05 14:36:53.448599+00:00", "RecordID": "119", "Level": "2", "UserID": "S-1-5-18", "EventData.StatusCode": "3221225474", "EventData.Position": "1"}
{"EventID": "208", "Channel": "Microsoft-Windows-Kernel-Boot/Operational", "Provider_Name": "Microsoft-Windows-Kernel-Boot", "Computer": "DESKTOP-OFJ6N53", "TimeCreated": "2022-10-05 14:36:53.448601+00:00", "RecordID": "120", "Level": "2", "UserID": "S-1-5-18", "EventData.InitState": "1", "EventData.StatusCode": "3221225473", "EventData.FailureAddress": "268910674", "EventData.ReferenceAddress": "270123712", "EventData.ReasonCode": "1"}
{"EventID": "235", "Channel": "Microsoft-Windows-Kernel-Boot/Operational", "Provider_Name": "Microsoft-Windows-Kernel-Boot", "Computer": "DESKTOP-OFJ6N53", "TimeCreated": "2022-10-06 08:20:46.930038+00:00", "RecordID": "121", "Level": "2", "UserID": "S-1-5-18", "EventData.StatusCode": "3221225474", "EventData.Position": "1"}
{"EventID": "208", "Channel": "Microsoft-Windows-Kernel-Boot/Operational", "Provider_Name": "Microsoft-Windows-Kernel-Boot", "Computer": "DESKTOP-OFJ6N53", "TimeCreated": "2022-10-06 08:20:46.930038+00:00", "RecordID": "122", "Level": "2", "UserID": "S-1-5-18", "EventData.InitState": "1", "EventData.StatusCode": "3221225473", "EventData.FailureAddress": "10173343", "EventData.ReferenceAddress": "11490208", "EventData.ReasonCode": "1"}
{"EventID": "235", "Channel": "Microsoft-Windows-Kernel-Boot/Operational", "Provider_Name": "Microsoft-Windows-Kernel-Boot", "Computer": "DESKTOP-OFJ6N53", "TimeCreated": "2022-10-06 08:20:46.930170+00:00", "RecordID": "123", "Level": "2", "UserID": "S-1-5-18", "EventData.StatusCode": "3221225474", "EventData.Position": "1"}
{"EventID": "208", "Channel": "Microsoft-Windows-Kernel-Boot/Operational", "Provider_Name": "Microsoft-Windows-Kernel-Boot", "Computer": "DESKTOP-OFJ6N53", "TimeCreated": "2022-10-06 08:20:46.930170+00:00", "RecordID": "124", "Level": "2", "UserID": "S-1-5-18", "EventData.InitState": "1", "EventData.StatusCode": "3221225473", "EventData.FailureAddress": "268910674", "EventData.ReferenceAddress": "270123712", "EventData.ReasonCode": "1"}
{"EventID": "235", "Channel": "Microsoft-Windows-Kernel-Boot/Operational", "Provider_Name": "Microsoft-Windows-Kernel-Boot", "Computer": "DESKTOP-OFJ6N53", "TimeCreated": "2022-10-06 09:15:51.771505+00:00", "RecordID": "125", "Level": "2", "UserID": "S-1-5-18", "EventData.StatusCode": "3221225474", "EventData.Position": "1"}
{"EventID": "208", "Channel": "Microsoft-Windows-Kernel-Boot/Operational", "Provider_Name": "Microsoft-Windows-Kernel-Boot", "Computer": "DESKTOP-OFJ6N53", "TimeCreated": "2022-10-06 09:15:51.771505+00:00", "RecordID": "126", "Level": "2", "UserID": "S-1-5-18", "EventData.InitState": "1", "EventData.StatusCode": "3221225473", "EventData.FailureAddress": "10173343", "EventData.ReferenceAddress": "11490208", "EventData.ReasonCode": "1"}
{"EventID": "235", "Channel": "Microsoft-Windows-Kernel-Boot/Operational", "Provider_Name": "Microsoft-Windows-Kernel-Boot", "Computer": "DESKTOP-OFJ6N53", "TimeCreated": "2022-10-06 09:15:51.771646+00:00", "RecordID": "127", "Level": "2", "UserID": "S-1-5-18", "EventData.StatusCode": "3221225474", "EventData.Position": "1"}
{"EventID": "208", "Channel": "Microsoft-Windows-Kernel-Boot/Operational", "Provider_Name": "Microsoft-Windows-Kernel-Boot", "Computer": "DESKTOP-OFJ6N53", "TimeCreated": "2022-10-06 09:15:51.771646+00:00", "RecordID": "128", "Level": "2", "UserID": "S-1-5-18", "EventData.InitState": "1", "EventData.StatusCode": "3221225473", "EventData.FailureAddress": "268910674", "EventData.ReferenceAddress": "270123712", "EventData.ReasonCode": "1"}
{"EventID": "235", "Channel": "Microsoft-Windows-Kernel-Boot/Operational", "Provider_Name": "Microsoft-Windows-Kernel-Boot", "Computer": "DESKTOP-OFJ6N53", "TimeCreated": "2022-10-11 22:42:51.179567+00:00", "RecordID": "129", "Level": "2", "UserID": "S-1-5-18", "EventData.StatusCode": "3221225474", "EventData.Position": "1"}
{"EventID": "208", "Channel": "Microsoft-Windows-Kernel-Boot/Operational", "Provider_Name": "Microsoft-Windows-Kernel-Boot", "Computer": "DESKTOP-OFJ6N53", "TimeCreated": "2022-10-11 22:42:51.179567+00:00", "RecordID": "130", "Level": "2", "UserID": "S-1-5-18", "EventData.InitState": "1", "EventData.StatusCode": "3221225473", "EventData.FailureAddress": "10173491", "EventData.ReferenceAddress": "11490176", "EventData.ReasonCode": "1"}
