{"EventID": "800", "Channel": "Microsoft-Windows-TaskScheduler/Maintenance", "Provider_Name": "Microsoft-Windows-TaskScheduler", "Computer": "DESKTOP-OFJ6N53", "TimeCreated": "2025-06-10 16:44:42.240232+00:00", "RecordID": "13085", "Level": "4", "UserID": "S-1-5-18", "EventData.hc_stateid": "1", "EventData.LastRunDateTime": "‎10.‎06.‎2025 19:44"}
{"EventID": "800", "Channel": "Microsoft-Windows-TaskScheduler/Maintenance", "Provider_Name": "Microsoft-Windows-TaskScheduler", "Computer": "DESKTOP-OFJ6N53", "TimeCreated": "2025-06-10 18:42:42.116056+00:00", "RecordID": "13086", "Level": "4", "UserID": "S-1-5-18", "EventData.hc_stateid": "3", "EventData.LastRunDateTime": "‎10.‎06.‎2025 21:42"}
{"EventID": "800", "Channel": "Microsoft-Windows-TaskScheduler/Maintenance", "Provider_Name": "Microsoft-Windows-TaskScheduler", "Computer": "DESKTOP-OFJ6N53", "TimeCreated": "2025-06-10 18:42:42.140810+00:00", "RecordID": "13087", "Level": "4", "UserID": "S-1-5-18", "EventData.hc_stateid": "1", "EventData.LastRunDateTime": "‎10.‎06.‎2025 21:42"}
{"EventID": "800", "Channel": "Microsoft-Windows-TaskScheduler/Maintenance", "Provider_Name": "Microsoft-Windows-TaskScheduler", "Computer": "DESKTOP-OFJ6N53", "TimeCreated": "2025-06-11 08:42:42.099632+00:00", "RecordID": "13088", "Level": "4", "UserID": "S-1-5-18", "EventData.hc_stateid": "3", "EventData.LastRunDateTime": "‎11.‎06.‎2025 11:42"}
{"EventID": "800", "Channel": "Microsoft-Windows-TaskScheduler/Maintenance", "Provider_Name": "Microsoft-Windows-TaskScheduler", "Computer": "DESKTOP-OFJ6N53", "TimeCreated": "2025-06-11 08:43:00.389647+00:00", "RecordID": "13089", "Level": "4", "UserID": "S-1-5-18", "EventData.hc_stateid": "1", "EventData.LastRunDateTime": "‎11.‎06.‎2025 11:43"}
{"EventID": "800", "Channel": "Microsoft-Windows-TaskScheduler/Maintenance", "Provider_Name": "Microsoft-Windows-TaskScheduler", "Computer": "DESKTOP-OFJ6N53", "TimeCreated": "2025-06-11 08:43:01.417969+00:00", "RecordID": "13090", "Level": "4", "UserID": "S-1-5-18", "EventData.hc_stateid": "3", "EventData.LastRunDateTime": "‎11.‎06.‎2025 11:43"}
{"EventID": "800", "Channel": "Microsoft-Windows-TaskScheduler/Maintenance", "Provider_Name": "Microsoft-Windows-TaskScheduler", "Computer": "DESKTOP-OFJ6N53", "TimeCreated": "2025-06-11 08:43:01.803301+00:00", "RecordID": "13091", "Level": "4", "UserID": "S-1-5-18", "EventData.hc_stateid": "1", "EventData.LastRunDateTime": "‎11.‎06.‎2025 11:43"}
{"EventID": "800", "Channel": "Microsoft-Windows-TaskScheduler/Maintenance", "Provider_Name": "Microsoft-Windows-TaskScheduler", "Computer": "DESKTOP-OFJ6N53", "TimeCreated": "2025-06-11 08:43:02.820320+00:00", "RecordID": "13092", "Level": "4", "UserID": "S-1-5-18", "EventData.hc_stateid": "3", "EventData.LastRunDateTime": "‎11.‎06.‎2025 11:43"}
{"EventID": "800", "Channel": "Microsoft-Windows-TaskScheduler/Maintenance", "Provider_Name": "Microsoft-Windows-TaskScheduler", "Computer": "DESKTOP-OFJ6N53", "TimeCreated": "2025-06-11 08:44:06.498402+00:00", "RecordID": "13093", "Level": "4", "UserID": "S-1-5-18", "EventData.hc_stateid": "1", "EventData.LastRunDateTime": "‎11.‎06.‎2025 11:44"}
{"EventID": "800", "Channel": "Microsoft-Windows-TaskScheduler/Maintenance", "Provider_Name": "Microsoft-Windows-TaskScheduler", "Computer": "DESKTOP-OFJ6N53", "TimeCreated": "2025-06-11 14:42:19.373436+00:00", "RecordID": "13094", "Level": "4", "UserID": "S-1-5-18", "EventData.hc_stateid": "3", "EventData.LastRunDateTime": "‎11.‎06.‎2025 17:42"}
{"EventID": "800", "Channel": "Microsoft-Windows-TaskScheduler/Maintenance", "Provider_Name": "Microsoft-Windows-TaskScheduler", "Computer": "DESKTOP-OFJ6N53", "TimeCreated": "2025-06-11 14:42:19.434973+00:00", "RecordID": "13095", "Level": "4", "UserID": "S-1-5-18", "EventData.hc_stateid": "1", "EventData.LastRunDateTime": "‎11.‎06.‎2025 17:42"}
{"EventID": "808", "Channel": "Microsoft-Windows-TaskScheduler/Maintenance", "Provider_Name": "Microsoft-Windows-TaskScheduler", "Computer": "DESKTOP-OFJ6N53", "TimeCreated": "2025-06-11 14:46:43.891378+00:00", "RecordID": "13096", "Level": "3", "UserID": "S-1-5-18", "EventData.Task": "NT TASK\\Microsoft\\Windows\\.NET Framework\\.NET Framework NGEN v4.0.30319 Critical"}
{"EventID": "808", "Channel": "Microsoft-Windows-TaskScheduler/Maintenance", "Provider_Name": "Microsoft-Windows-TaskScheduler", "Computer": "DESKTOP-OFJ6N53", "TimeCreated": "2025-06-11 14:46:44.064791+00:00", "RecordID": "13097", "Level": "3", "UserID": "S-1-5-18", "EventData.Task": "NT TASK\\Microsoft\\Windows\\.NET Framework\\.NET Framework NGEN v4.0.30319 64 Critical"}
{"EventID": "800", "Channel": "Microsoft-Windows-TaskScheduler/Maintenance", "Provider_Name": "Microsoft-Windows-TaskScheduler", "Computer": "DESKTOP-OFJ6N53", "TimeCreated": "2025-06-11 14:46:44.912086+00:00", "RecordID": "13098", "Level": "4", "UserID": "S-1-5-18", "EventData.hc_stateid": "3", "EventData.LastRunDateTime": "‎11.‎06.‎2025 17:46"}
{"EventID": "808", "Channel": "Microsoft-Windows-TaskScheduler/Maintenance", "Provider_Name": "Microsoft-Windows-TaskScheduler", "Computer": "DESKTOP-OFJ6N53", "TimeCreated": "2025-06-11 14:46:52.007452+00:00", "RecordID": "13099", "Level": "3", "UserID": "S-1-5-18", "EventData.Task": "NT TASK\\Microsoft\\Windows\\.NET Framework\\.NET Framework NGEN v4.0.30319 64 Critical"}
{"EventID": "800", "Channel": "Microsoft-Windows-TaskScheduler/Maintenance", "Provider_Name": "Microsoft-Windows-TaskScheduler", "Computer": "DESKTOP-OFJ6N53", "TimeCreated": "2025-06-11 14:46:55.509310+00:00", "RecordID": "13100", "Level": "4", "UserID": "S-1-5-18", "EventData.hc_stateid": "1", "EventData.LastRunDateTime": "‎11.‎06.‎2025 17:46"}
{"EventID": "800", "Channel": "Microsoft-Windows-TaskScheduler/Maintenance", "Provider_Name": "Microsoft-Windows-TaskScheduler", "Computer": "DESKTOP-OFJ6N53", "TimeCreated": "2025-06-11 16:46:17.226902+00:00", "RecordID": "13101", "Level": "4", "UserID": "S-1-5-18", "EventData.hc_stateid": "3", "EventData.LastRunDateTime": "‎11.‎06.‎2025 19:46"}
{"EventID": "800", "Channel": "Microsoft-Windows-TaskScheduler/Maintenance", "Provider_Name": "Microsoft-Windows-TaskScheduler", "Computer": "DESKTOP-OFJ6N53", "TimeCreated": "2025-06-11 16:49:51.506248+00:00", "RecordID": "13102", "Level": "4", "UserID": "S-1-5-18", "EventData.hc_stateid": "1", "EventData.LastRunDateTime": "‎11.‎06.‎2025 19:49"}
{"EventID": "800", "Channel": "Microsoft-Windows-TaskScheduler/Maintenance", "Provider_Name": "Microsoft-Windows-TaskScheduler", "Computer": "DESKTOP-OFJ6N53", "TimeCreated": "2025-06-12 08:45:41.928795+00:00", "RecordID": "13103", "Level": "4", "UserID": "S-1-5-18", "EventData.hc_stateid": "3", "EventData.LastRunDateTime": "‎12.‎06.‎2025 11:45"}
{"EventID": "800", "Channel": "Microsoft-Windows-TaskScheduler/Maintenance", "Provider_Name": "Microsoft-Windows-TaskScheduler", "Computer": "DESKTOP-OFJ6N53", "TimeCreated": "2025-06-12 08:46:46.709476+00:00", "RecordID": "13104", "Level": "4", "UserID": "S-1-5-18", "EventData.hc_stateid": "1", "EventData.LastRunDateTime": "‎12.‎06.‎2025 11:46"}
{"EventID": "800", "Channel": "Microsoft-Windows-TaskScheduler/Maintenance", "Provider_Name": "Microsoft-Windows-TaskScheduler", "Computer": "DESKTOP-OFJ6N53", "TimeCreated": "2025-06-12 08:46:47.724051+00:00", "RecordID": "13105", "Level": "4", "UserID": "S-1-5-18", "EventData.hc_stateid": "3", "EventData.LastRunDateTime": "‎12.‎06.‎2025 11:46"}
{"EventID": "800", "Channel": "Microsoft-Windows-TaskScheduler/Maintenance", "Provider_Name": "Microsoft-Windows-TaskScheduler", "Computer": "DESKTOP-OFJ6N53", "TimeCreated": "2025-06-12 08:47:50.542549+00:00", "RecordID": "13106", "Level": "4", "UserID": "S-1-5-18", "EventData.hc_stateid": "1", "EventData.LastRunDateTime": "‎12.‎06.‎2025 11:47"}
{"EventID": "800", "Channel": "Microsoft-Windows-TaskScheduler/Maintenance", "Provider_Name": "Microsoft-Windows-TaskScheduler", "Computer": "DESKTOP-OFJ6N53", "TimeCreated": "2025-06-12 14:45:42.170027+00:00", "RecordID": "13107", "Level": "4", "UserID": "S-1-5-18", "EventData.hc_stateid": "3", "EventData.LastRunDateTime": "‎12.‎06.‎2025 17:45"}
{"EventID": "800", "Channel": "Microsoft-Windows-TaskScheduler/Maintenance", "Provider_Name": "Microsoft-Windows-TaskScheduler", "Computer": "DESKTOP-OFJ6N53", "TimeCreated": "2025-06-12 14:45:42.239067+00:00", "RecordID": "13108", "Level": "4", "UserID": "S-1-5-18", "EventData.hc_stateid": "1", "EventData.LastRunDateTime": "‎12.‎06.‎2025 17:45"}
{"EventID": "800", "Channel": "Microsoft-Windows-TaskScheduler/Maintenance", "Provider_Name": "Microsoft-Windows-TaskScheduler", "Computer": "DESKTOP-OFJ6N53", "TimeCreated": "2025-06-12 16:45:42.259535+00:00", "RecordID": "13109", "Level": "4", "UserID": "S-1-5-18", "EventData.hc_stateid": "3", "EventData.LastRunDateTime": "‎12.‎06.‎2025 19:45"}
{"EventID": "800", "Channel": "Microsoft-Windows-TaskScheduler/Maintenance", "Provider_Name": "Microsoft-Windows-TaskScheduler", "Computer": "DESKTOP-OFJ6N53", "TimeCreated": "2025-06-12 16:46:42.393559+00:00", "RecordID": "13110", "Level": "4", "UserID": "S-1-5-18", "EventData.hc_stateid": "1", "EventData.LastRunDateTime": "‎12.‎06.‎2025 19:46"}
{"EventID": "800", "Channel": "Microsoft-Windows-TaskScheduler/Maintenance", "Provider_Name": "Microsoft-Windows-TaskScheduler", "Computer": "DESKTOP-OFJ6N53", "TimeCreated": "2025-06-13 08:45:42.771519+00:00", "RecordID": "13111", "Level": "4", "UserID": "S-1-5-18", "EventData.hc_stateid": "3", "EventData.LastRunDateTime": "‎13.‎06.‎2025 11:45"}
{"EventID": "800", "Channel": "Microsoft-Windows-TaskScheduler/Maintenance", "Provider_Name": "Microsoft-Windows-TaskScheduler", "Computer": "DESKTOP-OFJ6N53", "TimeCreated": "2025-06-13 08:45:52.147480+00:00", "RecordID": "13112", "Level": "4", "UserID": "S-1-5-18", "EventData.hc_stateid": "1", "EventData.LastRunDateTime": "‎13.‎06.‎2025 11:45"}
{"EventID": "800", "Channel": "Microsoft-Windows-TaskScheduler/Maintenance", "Provider_Name": "Microsoft-Windows-TaskScheduler", "Computer": "DESKTOP-OFJ6N53", "TimeCreated": "2025-06-13 08:45:53.160603+00:00", "RecordID": "13113", "Level": "4", "UserID": "S-1-5-18", "EventData.hc_stateid": "3", "EventData.LastRunDateTime": "‎13.‎06.‎2025 11:45"}
{"EventID": "800", "Channel": "Microsoft-Windows-TaskScheduler/Maintenance", "Provider_Name": "Microsoft-Windows-TaskScheduler", "Computer": "DESKTOP-OFJ6N53", "TimeCreated": "2025-06-13 08:46:55.592430+00:00", "RecordID": "13114", "Level": "4", "UserID": "S-1-5-18", "EventData.hc_stateid": "1", "EventData.LastRunDateTime": "‎13.‎06.‎2025 11:46"}
{"EventID": "800", "Channel": "Microsoft-Windows-TaskScheduler/Maintenance", "Provider_Name": "Microsoft-Windows-TaskScheduler", "Computer": "DESKTOP-OFJ6N53", "TimeCreated": "2025-06-13 14:45:43.069817+00:00", "RecordID": "13115", "Level": "4", "UserID": "S-1-5-18", "EventData.hc_stateid": "3", "EventData.LastRunDateTime": "‎13.‎06.‎2025 17:45"}
{"EventID": "800", "Channel": "Microsoft-Windows-TaskScheduler/Maintenance", "Provider_Name": "Microsoft-Windows-TaskScheduler", "Computer": "DESKTOP-OFJ6N53", "TimeCreated": "2025-06-13 14:45:43.769180+00:00", "RecordID": "13116", "Level": "4", "UserID": "S-1-5-18", "EventData.hc_stateid": "1", "EventData.LastRunDateTime": "‎13.‎06.‎2025 17:45"}
{"EventID": "800", "Channel": "Microsoft-Windows-TaskScheduler/Maintenance", "Provider_Name": "Microsoft-Windows-TaskScheduler", "Computer": "DESKTOP-OFJ6N53", "TimeCreated": "2025-06-13 15:07:11.522568+00:00", "RecordID": "13117", "Level": "4", "UserID": "S-1-5-18", "EventData.hc_stateid": "3", "EventData.LastRunDateTime": "‎13.‎06.‎2025 18:07"}
{"EventID": "800", "Channel": "Microsoft-Windows-TaskScheduler/Maintenance", "Provider_Name": "Microsoft-Windows-TaskScheduler", "Computer": "DESKTOP-OFJ6N53", "TimeCreated": "2025-06-13 15:10:02.321842+00:00", "RecordID": "13118", "Level": "4", "UserID": "S-1-5-18", "EventData.hc_stateid": "1", "EventData.LastRunDateTime": "‎13.‎06.‎2025 18:10"}
{"EventID": "800", "Channel": "Microsoft-Windows-TaskScheduler/Maintenance", "Provider_Name": "Microsoft-Windows-TaskScheduler", "Computer": "DESKTOP-OFJ6N53", "TimeCreated": "2025-06-13 16:45:43.146278+00:00", "RecordID": "13119", "Level": "4", "UserID": "S-1-5-18", "EventData.hc_stateid": "3", "EventData.LastRunDateTime": "‎13.‎06.‎2025 19:45"}
{"EventID": "800", "Channel": "Microsoft-Windows-TaskScheduler/Maintenance", "Provider_Name": "Microsoft-Windows-TaskScheduler", "Computer": "DESKTOP-OFJ6N53", "TimeCreated": "2025-06-13 16:45:43.252419+00:00", "RecordID": "13120", "Level": "4", "UserID": "S-1-5-18", "EventData.hc_stateid": "1", "EventData.LastRunDateTime": "‎13.‎06.‎2025 19:45"}
{"EventID": "800", "Channel": "Microsoft-Windows-TaskScheduler/Maintenance", "Provider_Name": "Microsoft-Windows-TaskScheduler", "Computer": "DESKTOP-OFJ6N53", "TimeCreated": "2025-06-14 08:45:43.801981+00:00", "RecordID": "13121", "Level": "4", "UserID": "S-1-5-18", "EventData.hc_stateid": "3", "EventData.LastRunDateTime": "‎14.‎06.‎2025 11:45"}
{"EventID": "800", "Channel": "Microsoft-Windows-TaskScheduler/Maintenance", "Provider_Name": "Microsoft-Windows-TaskScheduler", "Computer": "DESKTOP-OFJ6N53", "TimeCreated": "2025-06-14 08:45:50.947500+00:00", "RecordID": "13122", "Level": "4", "UserID": "S-1-5-18", "EventData.hc_stateid": "1", "EventData.LastRunDateTime": "‎14.‎06.‎2025 11:45"}
{"EventID": "800", "Channel": "Microsoft-Windows-TaskScheduler/Maintenance", "Provider_Name": "Microsoft-Windows-TaskScheduler", "Computer": "DESKTOP-OFJ6N53", "TimeCreated": "2025-06-14 08:45:51.961208+00:00", "RecordID": "13123", "Level": "4", "UserID": "S-1-5-18", "EventData.hc_stateid": "3", "EventData.LastRunDateTime": "‎14.‎06.‎2025 11:45"}
{"EventID": "800", "Channel": "Microsoft-Windows-TaskScheduler/Maintenance", "Provider_Name": "Microsoft-Windows-TaskScheduler", "Computer": "DESKTOP-OFJ6N53", "TimeCreated": "2025-06-14 08:45:52.297850+00:00", "RecordID": "13124", "Level": "4", "UserID": "S-1-5-18", "EventData.hc_stateid": "1", "EventData.LastRunDateTime": "‎14.‎06.‎2025 11:45"}
{"EventID": "800", "Channel": "Microsoft-Windows-TaskScheduler/Maintenance", "Provider_Name": "Microsoft-Windows-TaskScheduler", "Computer": "DESKTOP-OFJ6N53", "TimeCreated": "2025-06-14 08:45:53.316196+00:00", "RecordID": "13125", "Level": "4", "UserID": "S-1-5-18", "EventData.hc_stateid": "3", "EventData.LastRunDateTime": "‎14.‎06.‎2025 11:45"}
{"EventID": "800", "Channel": "Microsoft-Windows-TaskScheduler/Maintenance", "Provider_Name": "Microsoft-Windows-TaskScheduler", "Computer": "DESKTOP-OFJ6N53", "TimeCreated": "2025-06-14 08:46:56.351923+00:00", "RecordID": "13126", "Level": "4", "UserID": "S-1-5-18", "EventData.hc_stateid": "1", "EventData.LastRunDateTime": "‎14.‎06.‎2025 11:46"}
{"EventID": "800", "Channel": "Microsoft-Windows-TaskScheduler/Maintenance", "Provider_Name": "Microsoft-Windows-TaskScheduler", "Computer": "DESKTOP-OFJ6N53", "TimeCreated": "2025-06-14 14:45:44.013552+00:00", "RecordID": "13127", "Level": "4", "UserID": "S-1-5-18", "EventData.hc_stateid": "3", "EventData.LastRunDateTime": "‎14.‎06.‎2025 17:45"}
{"EventID": "800", "Channel": "Microsoft-Windows-TaskScheduler/Maintenance", "Provider_Name": "Microsoft-Windows-TaskScheduler", "Computer": "DESKTOP-OFJ6N53", "TimeCreated": "2025-06-14 14:45:44.077780+00:00", "RecordID": "13128", "Level": "4", "UserID": "S-1-5-18", "EventData.hc_stateid": "1", "EventData.LastRunDateTime": "‎14.‎06.‎2025 17:45"}
{"EventID": "800", "Channel": "Microsoft-Windows-TaskScheduler/Maintenance", "Provider_Name": "Microsoft-Windows-TaskScheduler", "Computer": "DESKTOP-OFJ6N53", "TimeCreated": "2025-06-14 16:45:44.223513+00:00", "RecordID": "13129", "Level": "4", "UserID": "S-1-5-18", "EventData.hc_stateid": "3", "EventData.LastRunDateTime": "‎14.‎06.‎2025 19:45"}
{"EventID": "800", "Channel": "Microsoft-Windows-TaskScheduler/Maintenance", "Provider_Name": "Microsoft-Windows-TaskScheduler", "Computer": "DESKTOP-OFJ6N53", "TimeCreated": "2025-06-14 16:47:44.582146+00:00", "RecordID": "13130", "Level": "4", "UserID": "S-1-5-18", "EventData.hc_stateid": "1", "EventData.LastRunDateTime": "‎14.‎06.‎2025 19:47"}
{"EventID": "800", "Channel": "Microsoft-Windows-TaskScheduler/Maintenance", "Provider_Name": "Microsoft-Windows-TaskScheduler", "Computer": "DESKTOP-OFJ6N53", "TimeCreated": "2025-06-15 08:45:45.041204+00:00", "RecordID": "13131", "Level": "4", "UserID": "S-1-5-18", "EventData.hc_stateid": "3", "EventData.LastRunDateTime": "‎15.‎06.‎2025 11:45"}
{"EventID": "800", "Channel": "Microsoft-Windows-TaskScheduler/Maintenance", "Provider_Name": "Microsoft-Windows-TaskScheduler", "Computer": "DESKTOP-OFJ6N53", "TimeCreated": "2025-06-15 08:45:45.756733+00:00", "RecordID": "13132", "Level": "4", "UserID": "S-1-5-18", "EventData.hc_stateid": "1", "EventData.LastRunDateTime": "‎15.‎06.‎2025 11:45"}
{"EventID": "800", "Channel": "Microsoft-Windows-TaskScheduler/Maintenance", "Provider_Name": "Microsoft-Windows-TaskScheduler", "Computer": "DESKTOP-OFJ6N53", "TimeCreated": "2025-06-15 08:45:46.774120+00:00", "RecordID": "13133", "Level": "4", "UserID": "S-1-5-18", "EventData.hc_stateid": "3", "EventData.LastRunDateTime": "‎15.‎06.‎2025 11:45"}
{"EventID": "800", "Channel": "Microsoft-Windows-TaskScheduler/Maintenance", "Provider_Name": "Microsoft-Windows-TaskScheduler", "Computer": "DESKTOP-OFJ6N53", "TimeCreated": "2025-06-15 08:45:55.273155+00:00", "RecordID": "13134", "Level": "4", "UserID": "S-1-5-18", "EventData.hc_stateid": "1", "EventData.LastRunDateTime": "‎15.‎06.‎2025 11:45"}
{"EventID": "800", "Channel": "Microsoft-Windows-TaskScheduler/Maintenance", "Provider_Name": "Microsoft-Windows-TaskScheduler", "Computer": "DESKTOP-OFJ6N53", "TimeCreated": "2025-06-15 08:45:56.286644+00:00", "RecordID": "13135", "Level": "4", "UserID": "S-1-5-18", "EventData.hc_stateid": "3", "EventData.LastRunDateTime": "‎15.‎06.‎2025 11:45"}
{"EventID": "800", "Channel": "Microsoft-Windows-TaskScheduler/Maintenance", "Provider_Name": "Microsoft-Windows-TaskScheduler", "Computer": "DESKTOP-OFJ6N53", "TimeCreated": "2025-06-15 08:47:03.144636+00:00", "RecordID": "13136", "Level": "4", "UserID": "S-1-5-18", "EventData.hc_stateid": "1", "EventData.LastRunDateTime": "‎15.‎06.‎2025 11:47"}
{"EventID": "800", "Channel": "Microsoft-Windows-TaskScheduler/Maintenance", "Provider_Name": "Microsoft-Windows-TaskScheduler", "Computer": "DESKTOP-OFJ6N53", "TimeCreated": "2025-06-15 14:45:47.571657+00:00", "RecordID": "13137", "Level": "4", "UserID": "S-1-5-18", "EventData.hc_stateid": "3", "EventData.LastRunDateTime": "‎15.‎06.‎2025 17:45"}
{"EventID": "800", "Channel": "Microsoft-Windows-TaskScheduler/Maintenance", "Provider_Name": "Microsoft-Windows-TaskScheduler", "Computer": "DESKTOP-OFJ6N53", "TimeCreated": "2025-06-15 14:45:47.649050+00:00", "RecordID": "13138", "Level": "4", "UserID": "S-1-5-18", "EventData.hc_stateid": "1", "EventData.LastRunDateTime": "‎15.‎06.‎2025 17:45"}
{"EventID": "800", "Channel": "Microsoft-Windows-TaskScheduler/Maintenance", "Provider_Name": "Microsoft-Windows-TaskScheduler", "Computer": "DESKTOP-OFJ6N53", "TimeCreated": "2025-06-15 16:45:47.649717+00:00", "RecordID": "13139", "Level": "4", "UserID": "S-1-5-18", "EventData.hc_stateid": "3", "EventData.LastRunDateTime": "‎15.‎06.‎2025 19:45"}
{"EventID": "800", "Channel": "Microsoft-Windows-TaskScheduler/Maintenance", "Provider_Name": "Microsoft-Windows-TaskScheduler", "Computer": "DESKTOP-OFJ6N53", "TimeCreated": "2025-06-15 16:47:47.877745+00:00", "RecordID": "13140", "Level": "4", "UserID": "S-1-5-18", "EventData.hc_stateid": "1", "EventData.LastRunDateTime": "‎15.‎06.‎2025 19:47"}
{"EventID": "800", "Channel": "Microsoft-Windows-TaskScheduler/Maintenance", "Provider_Name": "Microsoft-Windows-TaskScheduler", "Computer": "DESKTOP-OFJ6N53", "TimeCreated": "2025-06-16 08:45:48.521891+00:00", "RecordID": "13141", "Level": "4", "UserID": "S-1-5-18", "EventData.hc_stateid": "3", "EventData.LastRunDateTime": "‎16.‎06.‎2025 11:45"}
{"EventID": "800", "Channel": "Microsoft-Windows-TaskScheduler/Maintenance", "Provider_Name": "Microsoft-Windows-TaskScheduler", "Computer": "DESKTOP-OFJ6N53", "TimeCreated": "2025-06-16 08:46:53.321405+00:00", "RecordID": "13142", "Level": "4", "UserID": "S-1-5-18", "EventData.hc_stateid": "1", "EventData.LastRunDateTime": "‎16.‎06.‎2025 11:46"}
{"EventID": "800", "Channel": "Microsoft-Windows-TaskScheduler/Maintenance", "Provider_Name": "Microsoft-Windows-TaskScheduler", "Computer": "DESKTOP-OFJ6N53", "TimeCreated": "2025-06-16 08:46:54.344707+00:00", "RecordID": "13143", "Level": "4", "UserID": "S-1-5-18", "EventData.hc_stateid": "3", "EventData.LastRunDateTime": "‎16.‎06.‎2025 11:46"}
{"EventID": "800", "Channel": "Microsoft-Windows-TaskScheduler/Maintenance", "Provider_Name": "Microsoft-Windows-TaskScheduler", "Computer": "DESKTOP-OFJ6N53", "TimeCreated": "2025-06-16 08:47:58.081213+00:00", "RecordID": "13144", "Level": "4", "UserID": "S-1-5-18", "EventData.hc_stateid": "1", "EventData.LastRunDateTime": "‎16.‎06.‎2025 11:47"}
{"EventID": "800", "Channel": "Microsoft-Windows-TaskScheduler/Maintenance", "Provider_Name": "Microsoft-Windows-TaskScheduler", "Computer": "DESKTOP-OFJ6N53", "TimeCreated": "2025-06-16 14:45:50.365276+00:00", "RecordID": "13145", "Level": "4", "UserID": "S-1-5-18", "EventData.hc_stateid": "3", "EventData.LastRunDateTime": "‎16.‎06.‎2025 17:45"}
{"EventID": "800", "Channel": "Microsoft-Windows-TaskScheduler/Maintenance", "Provider_Name": "Microsoft-Windows-TaskScheduler", "Computer": "DESKTOP-OFJ6N53", "TimeCreated": "2025-06-16 14:45:50.445189+00:00", "RecordID": "13146", "Level": "4", "UserID": "S-1-5-18", "EventData.hc_stateid": "1", "EventData.LastRunDateTime": "‎16.‎06.‎2025 17:45"}
{"EventID": "800", "Channel": "Microsoft-Windows-TaskScheduler/Maintenance", "Provider_Name": "Microsoft-Windows-TaskScheduler", "Computer": "DESKTOP-OFJ6N53", "TimeCreated": "2025-06-16 16:45:50.626413+00:00", "RecordID": "13147", "Level": "4", "UserID": "S-1-5-18", "EventData.hc_stateid": "3", "EventData.LastRunDateTime": "‎16.‎06.‎2025 19:45"}
{"EventID": "800", "Channel": "Microsoft-Windows-TaskScheduler/Maintenance", "Provider_Name": "Microsoft-Windows-TaskScheduler", "Computer": "DESKTOP-OFJ6N53", "TimeCreated": "2025-06-16 16:47:50.999897+00:00", "RecordID": "13148", "Level": "4", "UserID": "S-1-5-18", "EventData.hc_stateid": "1", "EventData.LastRunDateTime": "‎16.‎06.‎2025 19:47"}
{"EventID": "800", "Channel": "Microsoft-Windows-TaskScheduler/Maintenance", "Provider_Name": "Microsoft-Windows-TaskScheduler", "Computer": "DESKTOP-OFJ6N53", "TimeCreated": "2025-06-17 08:45:51.272106+00:00", "RecordID": "13149", "Level": "4", "UserID": "S-1-5-18", "EventData.hc_stateid": "3", "EventData.LastRunDateTime": "‎17.‎06.‎2025 11:45"}
{"EventID": "800", "Channel": "Microsoft-Windows-TaskScheduler/Maintenance", "Provider_Name": "Microsoft-Windows-TaskScheduler", "Computer": "DESKTOP-OFJ6N53", "TimeCreated": "2025-06-17 08:45:59.801561+00:00", "RecordID": "13150", "Level": "4", "UserID": "S-1-5-18", "EventData.hc_stateid": "1", "EventData.LastRunDateTime": "‎17.‎06.‎2025 11:45"}
{"EventID": "800", "Channel": "Microsoft-Windows-TaskScheduler/Maintenance", "Provider_Name": "Microsoft-Windows-TaskScheduler", "Computer": "DESKTOP-OFJ6N53", "TimeCreated": "2025-06-17 08:46:00.822399+00:00", "RecordID": "13151", "Level": "4", "UserID": "S-1-5-18", "EventData.hc_stateid": "3", "EventData.LastRunDateTime": "‎17.‎06.‎2025 11:46"}
{"EventID": "800", "Channel": "Microsoft-Windows-TaskScheduler/Maintenance", "Provider_Name": "Microsoft-Windows-TaskScheduler", "Computer": "DESKTOP-OFJ6N53", "TimeCreated": "2025-06-17 08:46:01.319159+00:00", "RecordID": "13152", "Level": "4", "UserID": "S-1-5-18", "EventData.hc_stateid": "1", "EventData.LastRunDateTime": "‎17.‎06.‎2025 11:46"}
{"EventID": "800", "Channel": "Microsoft-Windows-TaskScheduler/Maintenance", "Provider_Name": "Microsoft-Windows-TaskScheduler", "Computer": "DESKTOP-OFJ6N53", "TimeCreated": "2025-06-17 08:46:02.330339+00:00", "RecordID": "13153", "Level": "4", "UserID": "S-1-5-18", "EventData.hc_stateid": "3", "EventData.LastRunDateTime": "‎17.‎06.‎2025 11:46"}
{"EventID": "800", "Channel": "Microsoft-Windows-TaskScheduler/Maintenance", "Provider_Name": "Microsoft-Windows-TaskScheduler", "Computer": "DESKTOP-OFJ6N53", "TimeCreated": "2025-06-17 08:47:07.671164+00:00", "RecordID": "13154", "Level": "4", "UserID": "S-1-5-18", "EventData.hc_stateid": "1", "EventData.LastRunDateTime": "‎17.‎06.‎2025 11:47"}
{"EventID": "800", "Channel": "Microsoft-Windows-TaskScheduler/Maintenance", "Provider_Name": "Microsoft-Windows-TaskScheduler", "Computer": "DESKTOP-OFJ6N53", "TimeCreated": "2025-06-17 14:45:52.703285+00:00", "RecordID": "13155", "Level": "4", "UserID": "S-1-5-18", "EventData.hc_stateid": "3", "EventData.LastRunDateTime": "‎17.‎06.‎2025 17:45"}
{"EventID": "800", "Channel": "Microsoft-Windows-TaskScheduler/Maintenance", "Provider_Name": "Microsoft-Windows-TaskScheduler", "Computer": "DESKTOP-OFJ6N53", "TimeCreated": "2025-06-17 14:45:52.776402+00:00", "RecordID": "13156", "Level": "4", "UserID": "S-1-5-18", "EventData.hc_stateid": "1", "EventData.LastRunDateTime": "‎17.‎06.‎2025 17:45"}
{"EventID": "800", "Channel": "Microsoft-Windows-TaskScheduler/Maintenance", "Provider_Name": "Microsoft-Windows-TaskScheduler", "Computer": "DESKTOP-OFJ6N53", "TimeCreated": "2025-06-17 16:45:42.021694+00:00", "RecordID": "13157", "Level": "4", "UserID": "S-1-5-18", "EventData.hc_stateid": "3", "EventData.LastRunDateTime": "‎17.‎06.‎2025 19:45"}
{"EventID": "800", "Channel": "Microsoft-Windows-TaskScheduler/Maintenance", "Provider_Name": "Microsoft-Windows-TaskScheduler", "Computer": "DESKTOP-OFJ6N53", "TimeCreated": "2025-06-17 16:46:42.198643+00:00", "RecordID": "13158", "Level": "4", "UserID": "S-1-5-18", "EventData.hc_stateid": "1", "EventData.LastRunDateTime": "‎17.‎06.‎2025 19:46"}
{"EventID": "800", "Channel": "Microsoft-Windows-TaskScheduler/Maintenance", "Provider_Name": "Microsoft-Windows-TaskScheduler", "Computer": "DESKTOP-OFJ6N53", "TimeCreated": "2025-06-18 08:45:42.016325+00:00", "RecordID": "13159", "Level": "4", "UserID": "S-1-5-18", "EventData.hc_stateid": "3", "EventData.LastRunDateTime": "‎18.‎06.‎2025 11:45"}
{"EventID": "800", "Channel": "Microsoft-Windows-TaskScheduler/Maintenance", "Provider_Name": "Microsoft-Windows-TaskScheduler", "Computer": "DESKTOP-OFJ6N53", "TimeCreated": "2025-06-18 08:54:04.421949+00:00", "RecordID": "13160", "Level": "4", "UserID": "S-1-5-18", "EventData.hc_stateid": "1", "EventData.LastRunDateTime": "‎18.‎06.‎2025 11:54"}
{"EventID": "800", "Channel": "Microsoft-Windows-TaskScheduler/Maintenance", "Provider_Name": "Microsoft-Windows-TaskScheduler", "Computer": "DESKTOP-OFJ6N53", "TimeCreated": "2025-06-18 08:54:05.445797+00:00", "RecordID": "13161", "Level": "4", "UserID": "S-1-5-18", "EventData.hc_stateid": "3", "EventData.LastRunDateTime": "‎18.‎06.‎2025 11:54"}
{"EventID": "800", "Channel": "Microsoft-Windows-TaskScheduler/Maintenance", "Provider_Name": "Microsoft-Windows-TaskScheduler", "Computer": "DESKTOP-OFJ6N53", "TimeCreated": "2025-06-18 08:55:08.691761+00:00", "RecordID": "13162", "Level": "4", "UserID": "S-1-5-18", "EventData.hc_stateid": "1", "EventData.LastRunDateTime": "‎18.‎06.‎2025 11:55"}
{"EventID": "800", "Channel": "Microsoft-Windows-TaskScheduler/Maintenance", "Provider_Name": "Microsoft-Windows-TaskScheduler", "Computer": "DESKTOP-OFJ6N53", "TimeCreated": "2025-06-18 13:28:44.652725+00:00", "RecordID": "13163", "Level": "4", "UserID": "S-1-5-18", "EventData.hc_stateid": "3", "EventData.LastRunDateTime": "‎18.‎06.‎2025 16:28"}
{"EventID": "800", "Channel": "Microsoft-Windows-TaskScheduler/Maintenance", "Provider_Name": "Microsoft-Windows-TaskScheduler", "Computer": "DESKTOP-OFJ6N53", "TimeCreated": "2025-06-18 13:28:44.812117+00:00", "RecordID": "13164", "Level": "4", "UserID": "S-1-5-18", "EventData.hc_stateid": "1", "EventData.LastRunDateTime": "‎18.‎06.‎2025 16:28"}
{"EventID": "800", "Channel": "Microsoft-Windows-TaskScheduler/Maintenance", "Provider_Name": "Microsoft-Windows-TaskScheduler", "Computer": "DESKTOP-OFJ6N53", "TimeCreated": "2025-06-18 13:28:45.650089+00:00", "RecordID": "13165", "Level": "4", "UserID": "S-1-5-18", "EventData.hc_stateid": "3", "EventData.LastRunDateTime": "‎18.‎06.‎2025 16:28"}
{"EventID": "800", "Channel": "Microsoft-Windows-TaskScheduler/Maintenance", "Provider_Name": "Microsoft-Windows-TaskScheduler", "Computer": "DESKTOP-OFJ6N53", "TimeCreated": "2025-06-18 13:29:05.652559+00:00", "RecordID": "13166", "Level": "4", "UserID": "S-1-5-18", "EventData.hc_stateid": "1", "EventData.LastRunDateTime": "‎18.‎06.‎2025 16:29"}
{"EventID": "800", "Channel": "Microsoft-Windows-TaskScheduler/Maintenance", "Provider_Name": "Microsoft-Windows-TaskScheduler", "Computer": "DESKTOP-OFJ6N53", "TimeCreated": "2025-06-18 13:29:06.672543+00:00", "RecordID": "13167", "Level": "4", "UserID": "S-1-5-18", "EventData.hc_stateid": "3", "EventData.LastRunDateTime": "‎18.‎06.‎2025 16:29"}
{"EventID": "800", "Channel": "Microsoft-Windows-TaskScheduler/Maintenance", "Provider_Name": "Microsoft-Windows-TaskScheduler", "Computer": "DESKTOP-OFJ6N53", "TimeCreated": "2025-06-18 13:29:06.730980+00:00", "RecordID": "13168", "Level": "4", "UserID": "S-1-5-18", "EventData.hc_stateid": "1", "EventData.LastRunDateTime": "‎18.‎06.‎2025 16:29"}
{"EventID": "800", "Channel": "Microsoft-Windows-TaskScheduler/Maintenance", "Provider_Name": "Microsoft-Windows-TaskScheduler", "Computer": "DESKTOP-OFJ6N53", "TimeCreated": "2025-06-18 14:45:52.789112+00:00", "RecordID": "13169", "Level": "4", "UserID": "S-1-5-18", "EventData.hc_stateid": "3", "EventData.LastRunDateTime": "‎18.‎06.‎2025 17:45"}
{"EventID": "800", "Channel": "Microsoft-Windows-TaskScheduler/Maintenance", "Provider_Name": "Microsoft-Windows-TaskScheduler", "Computer": "DESKTOP-OFJ6N53", "TimeCreated": "2025-06-18 14:45:52.858812+00:00", "RecordID": "13170", "Level": "4", "UserID": "S-1-5-18", "EventData.hc_stateid": "1", "EventData.LastRunDateTime": "‎18.‎06.‎2025 17:45"}
{"EventID": "800", "Channel": "Microsoft-Windows-TaskScheduler/Maintenance", "Provider_Name": "Microsoft-Windows-TaskScheduler", "Computer": "DESKTOP-OFJ6N53", "TimeCreated": "2025-06-18 14:59:39.651661+00:00", "RecordID": "13171", "Level": "4", "UserID": "S-1-5-18", "EventData.hc_stateid": "3", "EventData.LastRunDateTime": "‎18.‎06.‎2025 17:59"}
{"EventID": "800", "Channel": "Microsoft-Windows-TaskScheduler/Maintenance", "Provider_Name": "Microsoft-Windows-TaskScheduler", "Computer": "DESKTOP-OFJ6N53", "TimeCreated": "2025-06-18 14:59:39.734241+00:00", "RecordID": "13172", "Level": "4", "UserID": "S-1-5-18", "EventData.hc_stateid": "1", "EventData.LastRunDateTime": "‎18.‎06.‎2025 17:59"}
{"EventID": "800", "Channel": "Microsoft-Windows-TaskScheduler/Maintenance", "Provider_Name": "Microsoft-Windows-TaskScheduler", "Computer": "DESKTOP-OFJ6N53", "TimeCreated": "2025-06-18 15:07:26.514784+00:00", "RecordID": "13173", "Level": "4", "UserID": "S-1-5-18", "EventData.hc_stateid": "3", "EventData.LastRunDateTime": "‎18.‎06.‎2025 18:07"}
{"EventID": "800", "Channel": "Microsoft-Windows-TaskScheduler/Maintenance", "Provider_Name": "Microsoft-Windows-TaskScheduler", "Computer": "DESKTOP-OFJ6N53", "TimeCreated": "2025-06-18 15:09:26.824017+00:00", "RecordID": "13174", "Level": "4", "UserID": "S-1-5-18", "EventData.hc_stateid": "1", "EventData.LastRunDateTime": "‎18.‎06.‎2025 18:09"}
{"EventID": "800", "Channel": "Microsoft-Windows-TaskScheduler/Maintenance", "Provider_Name": "Microsoft-Windows-TaskScheduler", "Computer": "DESKTOP-OFJ6N53", "TimeCreated": "2025-06-18 16:45:56.558729+00:00", "RecordID": "13175", "Level": "4", "UserID": "S-1-5-18", "EventData.hc_stateid": "3", "EventData.LastRunDateTime": "‎18.‎06.‎2025 19:45"}
{"EventID": "800", "Channel": "Microsoft-Windows-TaskScheduler/Maintenance", "Provider_Name": "Microsoft-Windows-TaskScheduler", "Computer": "DESKTOP-OFJ6N53", "TimeCreated": "2025-06-18 16:45:56.706429+00:00", "RecordID": "13176", "Level": "4", "UserID": "S-1-5-18", "EventData.hc_stateid": "1", "EventData.LastRunDateTime": "‎18.‎06.‎2025 19:45"}
{"EventID": "800", "Channel": "Microsoft-Windows-TaskScheduler/Maintenance", "Provider_Name": "Microsoft-Windows-TaskScheduler", "Computer": "DESKTOP-OFJ6N53", "TimeCreated": "2025-06-18 18:45:56.623363+00:00", "RecordID": "13177", "Level": "4", "UserID": "S-1-5-18", "EventData.hc_stateid": "3", "EventData.LastRunDateTime": "‎18.‎06.‎2025 21:45"}
{"EventID": "800", "Channel": "Microsoft-Windows-TaskScheduler/Maintenance", "Provider_Name": "Microsoft-Windows-TaskScheduler", "Computer": "DESKTOP-OFJ6N53", "TimeCreated": "2025-06-18 18:45:56.650898+00:00", "RecordID": "13178", "Level": "4", "UserID": "S-1-5-18", "EventData.hc_stateid": "1", "EventData.LastRunDateTime": "‎18.‎06.‎2025 21:45"}
{"EventID": "800", "Channel": "Microsoft-Windows-TaskScheduler/Maintenance", "Provider_Name": "Microsoft-Windows-TaskScheduler", "Computer": "DESKTOP-OFJ6N53", "TimeCreated": "2025-06-19 08:45:57.058743+00:00", "RecordID": "13179", "Level": "4", "UserID": "S-1-5-18", "EventData.hc_stateid": "3", "EventData.LastRunDateTime": "‎19.‎06.‎2025 11:45"}
{"EventID": "800", "Channel": "Microsoft-Windows-TaskScheduler/Maintenance", "Provider_Name": "Microsoft-Windows-TaskScheduler", "Computer": "DESKTOP-OFJ6N53", "TimeCreated": "2025-06-19 08:46:11.487228+00:00", "RecordID": "13180", "Level": "4", "UserID": "S-1-5-18", "EventData.hc_stateid": "1", "EventData.LastRunDateTime": "‎19.‎06.‎2025 11:46"}
{"EventID": "800", "Channel": "Microsoft-Windows-TaskScheduler/Maintenance", "Provider_Name": "Microsoft-Windows-TaskScheduler", "Computer": "DESKTOP-OFJ6N53", "TimeCreated": "2025-06-19 08:46:12.512054+00:00", "RecordID": "13181", "Level": "4", "UserID": "S-1-5-18", "EventData.hc_stateid": "3", "EventData.LastRunDateTime": "‎19.‎06.‎2025 11:46"}
{"EventID": "800", "Channel": "Microsoft-Windows-TaskScheduler/Maintenance", "Provider_Name": "Microsoft-Windows-TaskScheduler", "Computer": "DESKTOP-OFJ6N53", "TimeCreated": "2025-06-19 08:47:19.333349+00:00", "RecordID": "13182", "Level": "4", "UserID": "S-1-5-18", "EventData.hc_stateid": "1", "EventData.LastRunDateTime": "‎19.‎06.‎2025 11:47"}
{"EventID": "800", "Channel": "Microsoft-Windows-TaskScheduler/Maintenance", "Provider_Name": "Microsoft-Windows-TaskScheduler", "Computer": "DESKTOP-OFJ6N53", "TimeCreated": "2025-06-19 14:45:42.031067+00:00", "RecordID": "13183", "Level": "4", "UserID": "S-1-5-18", "EventData.hc_stateid": "3", "EventData.LastRunDateTime": "‎19.‎06.‎2025 17:45"}
{"EventID": "800", "Channel": "Microsoft-Windows-TaskScheduler/Maintenance", "Provider_Name": "Microsoft-Windows-TaskScheduler", "Computer": "DESKTOP-OFJ6N53", "TimeCreated": "2025-06-19 14:45:42.129091+00:00", "RecordID": "13184", "Level": "4", "UserID": "S-1-5-18", "EventData.hc_stateid": "1", "EventData.LastRunDateTime": "‎19.‎06.‎2025 17:45"}
{"EventID": "800", "Channel": "Microsoft-Windows-TaskScheduler/Maintenance", "Provider_Name": "Microsoft-Windows-TaskScheduler", "Computer": "DESKTOP-OFJ6N53", "TimeCreated": "2025-06-19 16:45:59.458595+00:00", "RecordID": "13185", "Level": "4", "UserID": "S-1-5-18", "EventData.hc_stateid": "3", "EventData.LastRunDateTime": "‎19.‎06.‎2025 19:45"}
{"EventID": "800", "Channel": "Microsoft-Windows-TaskScheduler/Maintenance", "Provider_Name": "Microsoft-Windows-TaskScheduler", "Computer": "DESKTOP-OFJ6N53", "TimeCreated": "2025-06-19 16:47:59.704954+00:00", "RecordID": "13186", "Level": "4", "UserID": "S-1-5-18", "EventData.hc_stateid": "1", "EventData.LastRunDateTime": "‎19.‎06.‎2025 19:47"}
{"EventID": "800", "Channel": "Microsoft-Windows-TaskScheduler/Maintenance", "Provider_Name": "Microsoft-Windows-TaskScheduler", "Computer": "DESKTOP-OFJ6N53", "TimeCreated": "2025-06-19 18:45:59.518282+00:00", "RecordID": "13187", "Level": "4", "UserID": "S-1-5-18", "EventData.hc_stateid": "3", "EventData.LastRunDateTime": "‎19.‎06.‎2025 21:45"}
{"EventID": "800", "Channel": "Microsoft-Windows-TaskScheduler/Maintenance", "Provider_Name": "Microsoft-Windows-TaskScheduler", "Computer": "DESKTOP-OFJ6N53", "TimeCreated": "2025-06-19 18:45:59.552233+00:00", "RecordID": "13188", "Level": "4", "UserID": "S-1-5-18", "EventData.hc_stateid": "1", "EventData.LastRunDateTime": "‎19.‎06.‎2025 21:45"}
{"EventID": "800", "Channel": "Microsoft-Windows-TaskScheduler/Maintenance", "Provider_Name": "Microsoft-Windows-TaskScheduler", "Computer": "DESKTOP-OFJ6N53", "TimeCreated": "2025-06-20 08:45:42.270123+00:00", "RecordID": "13189", "Level": "4", "UserID": "S-1-5-18", "EventData.hc_stateid": "3", "EventData.LastRunDateTime": "‎20.‎06.‎2025 11:45"}
{"EventID": "800", "Channel": "Microsoft-Windows-TaskScheduler/Maintenance", "Provider_Name": "Microsoft-Windows-TaskScheduler", "Computer": "DESKTOP-OFJ6N53", "TimeCreated": "2025-06-20 08:46:43.303715+00:00", "RecordID": "13190", "Level": "4", "UserID": "S-1-5-18", "EventData.hc_stateid": "1", "EventData.LastRunDateTime": "‎20.‎06.‎2025 11:46"}
{"EventID": "800", "Channel": "Microsoft-Windows-TaskScheduler/Maintenance", "Provider_Name": "Microsoft-Windows-TaskScheduler", "Computer": "DESKTOP-OFJ6N53", "TimeCreated": "2025-06-20 08:46:44.325127+00:00", "RecordID": "13191", "Level": "4", "UserID": "S-1-5-18", "EventData.hc_stateid": "3", "EventData.LastRunDateTime": "‎20.‎06.‎2025 11:46"}
{"EventID": "800", "Channel": "Microsoft-Windows-TaskScheduler/Maintenance", "Provider_Name": "Microsoft-Windows-TaskScheduler", "Computer": "DESKTOP-OFJ6N53", "TimeCreated": "2025-06-20 08:46:44.757418+00:00", "RecordID": "13192", "Level": "4", "UserID": "S-1-5-18", "EventData.hc_stateid": "1", "EventData.LastRunDateTime": "‎20.‎06.‎2025 11:46"}
{"EventID": "800", "Channel": "Microsoft-Windows-TaskScheduler/Maintenance", "Provider_Name": "Microsoft-Windows-TaskScheduler", "Computer": "DESKTOP-OFJ6N53", "TimeCreated": "2025-06-20 08:46:45.769518+00:00", "RecordID": "13193", "Level": "4", "UserID": "S-1-5-18", "EventData.hc_stateid": "3", "EventData.LastRunDateTime": "‎20.‎06.‎2025 11:46"}
{"EventID": "800", "Channel": "Microsoft-Windows-TaskScheduler/Maintenance", "Provider_Name": "Microsoft-Windows-TaskScheduler", "Computer": "DESKTOP-OFJ6N53", "TimeCreated": "2025-06-20 08:47:50.477768+00:00", "RecordID": "13194", "Level": "4", "UserID": "S-1-5-18", "EventData.hc_stateid": "1", "EventData.LastRunDateTime": "‎20.‎06.‎2025 11:47"}
{"EventID": "800", "Channel": "Microsoft-Windows-TaskScheduler/Maintenance", "Provider_Name": "Microsoft-Windows-TaskScheduler", "Computer": "DESKTOP-OFJ6N53", "TimeCreated": "2025-06-20 14:45:52.721245+00:00", "RecordID": "13195", "Level": "4", "UserID": "S-1-5-18", "EventData.hc_stateid": "3", "EventData.LastRunDateTime": "‎20.‎06.‎2025 17:45"}
{"EventID": "800", "Channel": "Microsoft-Windows-TaskScheduler/Maintenance", "Provider_Name": "Microsoft-Windows-TaskScheduler", "Computer": "DESKTOP-OFJ6N53", "TimeCreated": "2025-06-20 14:54:25.703451+00:00", "RecordID": "13196", "Level": "4", "UserID": "S-1-5-18", "EventData.hc_stateid": "1", "EventData.LastRunDateTime": "‎20.‎06.‎2025 17:54"}
{"EventID": "800", "Channel": "Microsoft-Windows-TaskScheduler/Maintenance", "Provider_Name": "Microsoft-Windows-TaskScheduler", "Computer": "DESKTOP-OFJ6N53", "TimeCreated": "2025-06-20 16:45:47.116619+00:00", "RecordID": "13197", "Level": "4", "UserID": "S-1-5-18", "EventData.hc_stateid": "3", "EventData.LastRunDateTime": "‎20.‎06.‎2025 19:45"}
{"EventID": "800", "Channel": "Microsoft-Windows-TaskScheduler/Maintenance", "Provider_Name": "Microsoft-Windows-TaskScheduler", "Computer": "DESKTOP-OFJ6N53", "TimeCreated": "2025-06-20 16:48:52.434772+00:00", "RecordID": "13198", "Level": "4", "UserID": "S-1-5-18", "EventData.hc_stateid": "1", "EventData.LastRunDateTime": "‎20.‎06.‎2025 19:48"}
{"EventID": "800", "Channel": "Microsoft-Windows-TaskScheduler/Maintenance", "Provider_Name": "Microsoft-Windows-TaskScheduler", "Computer": "DESKTOP-OFJ6N53", "TimeCreated": "2025-06-20 18:45:48.724340+00:00", "RecordID": "13199", "Level": "4", "UserID": "S-1-5-18", "EventData.hc_stateid": "3", "EventData.LastRunDateTime": "‎20.‎06.‎2025 21:45"}
{"EventID": "800", "Channel": "Microsoft-Windows-TaskScheduler/Maintenance", "Provider_Name": "Microsoft-Windows-TaskScheduler", "Computer": "DESKTOP-OFJ6N53", "TimeCreated": "2025-06-20 18:45:48.749296+00:00", "RecordID": "13200", "Level": "4", "UserID": "S-1-5-18", "EventData.hc_stateid": "1", "EventData.LastRunDateTime": "‎20.‎06.‎2025 21:45"}
{"EventID": "800", "Channel": "Microsoft-Windows-TaskScheduler/Maintenance", "Provider_Name": "Microsoft-Windows-TaskScheduler", "Computer": "DESKTOP-OFJ6N53", "TimeCreated": "2025-06-21 08:45:49.365789+00:00", "RecordID": "13201", "Level": "4", "UserID": "S-1-5-18", "EventData.hc_stateid": "3", "EventData.LastRunDateTime": "‎21.‎06.‎2025 11:45"}
{"EventID": "800", "Channel": "Microsoft-Windows-TaskScheduler/Maintenance", "Provider_Name": "Microsoft-Windows-TaskScheduler", "Computer": "DESKTOP-OFJ6N53", "TimeCreated": "2025-06-21 08:46:02.287407+00:00", "RecordID": "13202", "Level": "4", "UserID": "S-1-5-18", "EventData.hc_stateid": "1", "EventData.LastRunDateTime": "‎21.‎06.‎2025 11:46"}
{"EventID": "800", "Channel": "Microsoft-Windows-TaskScheduler/Maintenance", "Provider_Name": "Microsoft-Windows-TaskScheduler", "Computer": "DESKTOP-OFJ6N53", "TimeCreated": "2025-06-21 08:46:03.303192+00:00", "RecordID": "13203", "Level": "4", "UserID": "S-1-5-18", "EventData.hc_stateid": "3", "EventData.LastRunDateTime": "‎21.‎06.‎2025 11:46"}
{"EventID": "800", "Channel": "Microsoft-Windows-TaskScheduler/Maintenance", "Provider_Name": "Microsoft-Windows-TaskScheduler", "Computer": "DESKTOP-OFJ6N53", "TimeCreated": "2025-06-21 08:47:12.017498+00:00", "RecordID": "13204", "Level": "4", "UserID": "S-1-5-18", "EventData.hc_stateid": "1", "EventData.LastRunDateTime": "‎21.‎06.‎2025 11:47"}
{"EventID": "800", "Channel": "Microsoft-Windows-TaskScheduler/Maintenance", "Provider_Name": "Microsoft-Windows-TaskScheduler", "Computer": "DESKTOP-OFJ6N53", "TimeCreated": "2025-06-21 14:45:52.710175+00:00", "RecordID": "13205", "Level": "4", "UserID": "S-1-5-18", "EventData.hc_stateid": "3", "EventData.LastRunDateTime": "‎21.‎06.‎2025 17:45"}
{"EventID": "800", "Channel": "Microsoft-Windows-TaskScheduler/Maintenance", "Provider_Name": "Microsoft-Windows-TaskScheduler", "Computer": "DESKTOP-OFJ6N53", "TimeCreated": "2025-06-21 14:45:52.784819+00:00", "RecordID": "13206", "Level": "4", "UserID": "S-1-5-18", "EventData.hc_stateid": "1", "EventData.LastRunDateTime": "‎21.‎06.‎2025 17:45"}
{"EventID": "800", "Channel": "Microsoft-Windows-TaskScheduler/Maintenance", "Provider_Name": "Microsoft-Windows-TaskScheduler", "Computer": "DESKTOP-OFJ6N53", "TimeCreated": "2025-06-21 16:46:06.400738+00:00", "RecordID": "13207", "Level": "4", "UserID": "S-1-5-18", "EventData.hc_stateid": "3", "EventData.LastRunDateTime": "‎21.‎06.‎2025 19:46"}
{"EventID": "800", "Channel": "Microsoft-Windows-TaskScheduler/Maintenance", "Provider_Name": "Microsoft-Windows-TaskScheduler", "Computer": "DESKTOP-OFJ6N53", "TimeCreated": "2025-06-21 16:53:06.661354+00:00", "RecordID": "13208", "Level": "4", "UserID": "S-1-5-18", "EventData.hc_stateid": "1", "EventData.LastRunDateTime": "‎21.‎06.‎2025 19:53"}
{"EventID": "800", "Channel": "Microsoft-Windows-TaskScheduler/Maintenance", "Provider_Name": "Microsoft-Windows-TaskScheduler", "Computer": "DESKTOP-OFJ6N53", "TimeCreated": "2025-06-21 18:46:06.493145+00:00", "RecordID": "13209", "Level": "4", "UserID": "S-1-5-18", "EventData.hc_stateid": "3", "EventData.LastRunDateTime": "‎21.‎06.‎2025 21:46"}
{"EventID": "800", "Channel": "Microsoft-Windows-TaskScheduler/Maintenance", "Provider_Name": "Microsoft-Windows-TaskScheduler", "Computer": "DESKTOP-OFJ6N53", "TimeCreated": "2025-06-21 18:46:06.516739+00:00", "RecordID": "13210", "Level": "4", "UserID": "S-1-5-18", "EventData.hc_stateid": "1", "EventData.LastRunDateTime": "‎21.‎06.‎2025 21:46"}
{"EventID": "800", "Channel": "Microsoft-Windows-TaskScheduler/Maintenance", "Provider_Name": "Microsoft-Windows-TaskScheduler", "Computer": "DESKTOP-OFJ6N53", "TimeCreated": "2025-06-22 08:46:07.069122+00:00", "RecordID": "13211", "Level": "4", "UserID": "S-1-5-18", "EventData.hc_stateid": "3", "EventData.LastRunDateTime": "‎22.‎06.‎2025 11:46"}
{"EventID": "800", "Channel": "Microsoft-Windows-TaskScheduler/Maintenance", "Provider_Name": "Microsoft-Windows-TaskScheduler", "Computer": "DESKTOP-OFJ6N53", "TimeCreated": "2025-06-22 08:46:07.558493+00:00", "RecordID": "13212", "Level": "4", "UserID": "S-1-5-18", "EventData.hc_stateid": "1", "EventData.LastRunDateTime": "‎22.‎06.‎2025 11:46"}
{"EventID": "800", "Channel": "Microsoft-Windows-TaskScheduler/Maintenance", "Provider_Name": "Microsoft-Windows-TaskScheduler", "Computer": "DESKTOP-OFJ6N53", "TimeCreated": "2025-06-22 08:46:08.569029+00:00", "RecordID": "13213", "Level": "4", "UserID": "S-1-5-18", "EventData.hc_stateid": "3", "EventData.LastRunDateTime": "‎22.‎06.‎2025 11:46"}
{"EventID": "800", "Channel": "Microsoft-Windows-TaskScheduler/Maintenance", "Provider_Name": "Microsoft-Windows-TaskScheduler", "Computer": "DESKTOP-OFJ6N53", "TimeCreated": "2025-06-22 08:46:38.992086+00:00", "RecordID": "13214", "Level": "4", "UserID": "S-1-5-18", "EventData.hc_stateid": "1", "EventData.LastRunDateTime": "‎22.‎06.‎2025 11:46"}
{"EventID": "800", "Channel": "Microsoft-Windows-TaskScheduler/Maintenance", "Provider_Name": "Microsoft-Windows-TaskScheduler", "Computer": "DESKTOP-OFJ6N53", "TimeCreated": "2025-06-22 08:46:40.001499+00:00", "RecordID": "13215", "Level": "4", "UserID": "S-1-5-18", "EventData.hc_stateid": "3", "EventData.LastRunDateTime": "‎22.‎06.‎2025 11:46"}
{"EventID": "800", "Channel": "Microsoft-Windows-TaskScheduler/Maintenance", "Provider_Name": "Microsoft-Windows-TaskScheduler", "Computer": "DESKTOP-OFJ6N53", "TimeCreated": "2025-06-22 08:46:40.063679+00:00", "RecordID": "13216", "Level": "4", "UserID": "S-1-5-18", "EventData.hc_stateid": "1", "EventData.LastRunDateTime": "‎22.‎06.‎2025 11:46"}
{"EventID": "800", "Channel": "Microsoft-Windows-TaskScheduler/Maintenance", "Provider_Name": "Microsoft-Windows-TaskScheduler", "Computer": "DESKTOP-OFJ6N53", "TimeCreated": "2025-06-22 08:46:41.078449+00:00", "RecordID": "13217", "Level": "4", "UserID": "S-1-5-18", "EventData.hc_stateid": "3", "EventData.LastRunDateTime": "‎22.‎06.‎2025 11:46"}
{"EventID": "800", "Channel": "Microsoft-Windows-TaskScheduler/Maintenance", "Provider_Name": "Microsoft-Windows-TaskScheduler", "Computer": "DESKTOP-OFJ6N53", "TimeCreated": "2025-06-22 08:47:45.221788+00:00", "RecordID": "13218", "Level": "4", "UserID": "S-1-5-18", "EventData.hc_stateid": "1", "EventData.LastRunDateTime": "‎22.‎06.‎2025 11:47"}
{"EventID": "800", "Channel": "Microsoft-Windows-TaskScheduler/Maintenance", "Provider_Name": "Microsoft-Windows-TaskScheduler", "Computer": "DESKTOP-OFJ6N53", "TimeCreated": "2025-06-22 14:45:52.709162+00:00", "RecordID": "13219", "Level": "4", "UserID": "S-1-5-18", "EventData.hc_stateid": "3", "EventData.LastRunDateTime": "‎22.‎06.‎2025 17:45"}
{"EventID": "800", "Channel": "Microsoft-Windows-TaskScheduler/Maintenance", "Provider_Name": "Microsoft-Windows-TaskScheduler", "Computer": "DESKTOP-OFJ6N53", "TimeCreated": "2025-06-22 14:45:52.829630+00:00", "RecordID": "13220", "Level": "4", "UserID": "S-1-5-18", "EventData.hc_stateid": "1", "EventData.LastRunDateTime": "‎22.‎06.‎2025 17:45"}
{"EventID": "800", "Channel": "Microsoft-Windows-TaskScheduler/Maintenance", "Provider_Name": "Microsoft-Windows-TaskScheduler", "Computer": "DESKTOP-OFJ6N53", "TimeCreated": "2025-06-22 16:46:08.722467+00:00", "RecordID": "13221", "Level": "4", "UserID": "S-1-5-18", "EventData.hc_stateid": "3", "EventData.LastRunDateTime": "‎22.‎06.‎2025 19:46"}
{"EventID": "800", "Channel": "Microsoft-Windows-TaskScheduler/Maintenance", "Provider_Name": "Microsoft-Windows-TaskScheduler", "Computer": "DESKTOP-OFJ6N53", "TimeCreated": "2025-06-22 16:47:09.481741+00:00", "RecordID": "13222", "Level": "4", "UserID": "S-1-5-18", "EventData.hc_stateid": "1", "EventData.LastRunDateTime": "‎22.‎06.‎2025 19:47"}
{"EventID": "800", "Channel": "Microsoft-Windows-TaskScheduler/Maintenance", "Provider_Name": "Microsoft-Windows-TaskScheduler", "Computer": "DESKTOP-OFJ6N53", "TimeCreated": "2025-06-22 18:46:08.877722+00:00", "RecordID": "13223", "Level": "4", "UserID": "S-1-5-18", "EventData.hc_stateid": "3", "EventData.LastRunDateTime": "‎22.‎06.‎2025 21:46"}
{"EventID": "800", "Channel": "Microsoft-Windows-TaskScheduler/Maintenance", "Provider_Name": "Microsoft-Windows-TaskScheduler", "Computer": "DESKTOP-OFJ6N53", "TimeCreated": "2025-06-22 18:46:08.898476+00:00", "RecordID": "13224", "Level": "4", "UserID": "S-1-5-18", "EventData.hc_stateid": "1", "EventData.LastRunDateTime": "‎22.‎06.‎2025 21:46"}
{"EventID": "800", "Channel": "Microsoft-Windows-TaskScheduler/Maintenance", "Provider_Name": "Microsoft-Windows-TaskScheduler", "Computer": "DESKTOP-OFJ6N53", "TimeCreated": "2025-06-23 08:45:42.119408+00:00", "RecordID": "13225", "Level": "4", "UserID": "S-1-5-18", "EventData.hc_stateid": "3", "EventData.LastRunDateTime": "‎23.‎06.‎2025 11:45"}
{"EventID": "800", "Channel": "Microsoft-Windows-TaskScheduler/Maintenance", "Provider_Name": "Microsoft-Windows-TaskScheduler", "Computer": "DESKTOP-OFJ6N53", "TimeCreated": "2025-06-23 08:45:54.720034+00:00", "RecordID": "13226", "Level": "4", "UserID": "S-1-5-18", "EventData.hc_stateid": "1", "EventData.LastRunDateTime": "‎23.‎06.‎2025 11:45"}
{"EventID": "800", "Channel": "Microsoft-Windows-TaskScheduler/Maintenance", "Provider_Name": "Microsoft-Windows-TaskScheduler", "Computer": "DESKTOP-OFJ6N53", "TimeCreated": "2025-06-23 08:45:55.746784+00:00", "RecordID": "13227", "Level": "4", "UserID": "S-1-5-18", "EventData.hc_stateid": "3", "EventData.LastRunDateTime": "‎23.‎06.‎2025 11:45"}
