{"EventID": "1002", "Channel": "Microsoft-Windows-Storsvc/Diagnostic", "Provider_Name": "Microsoft-Windows-Storsvc", "Computer": "DESKTOP-OFJ6N53", "TimeCreated": "2024-02-16 15:29:11.825106+00:00", "RecordID": "793", "Level": "4", "UserID": "S-1-5-18", "EventData.Version": "2", "EventData.Epoch": "1", "EventData.DiskIndex": "0", "EventData.TotalDisks": "1", "EventData.DiskNumber": "0", "EventData.VendorId": "VMware", "EventData.ProductId": "Virtual disk", "EventData.ProductRevision": "2.0", "EventData.SerialNumber": null, "EventData.ParentId": "PCI\\VEN_1000&DEV_0054&SUBSYS_197615AD&REV_01\\4&2509F6E&0&00A8", "EventData.FileSystem": "NTFS", "EventData.BusType": "10", "EventData.PartitionStyle": "1", "EventData.VolumeCount": "3", "EventData.ContainsRawVolumes": "False", "EventData.Size": "96636764160"}
{"EventID": "1002", "Channel": "Microsoft-Windows-Storsvc/Diagnostic", "Provider_Name": "Microsoft-Windows-Storsvc", "Computer": "DESKTOP-OFJ6N53", "TimeCreated": "2024-02-17 15:29:14.165258+00:00", "RecordID": "794", "Level": "4", "UserID": "S-1-5-18", "EventData.Version": "2", "EventData.Epoch": "2", "EventData.DiskIndex": "0", "EventData.TotalDisks": "1", "EventData.DiskNumber": "0", "EventData.VendorId": "VMware", "EventData.ProductId": "Virtual disk", "EventData.ProductRevision": "2.0", "EventData.SerialNumber": null, "EventData.ParentId": "PCI\\VEN_1000&DEV_0054&SUBSYS_197615AD&REV_01\\4&2509F6E&0&00A8", "EventData.FileSystem": "NTFS", "EventData.BusType": "10", "EventData.PartitionStyle": "1", "EventData.VolumeCount": "3", "EventData.ContainsRawVolumes": "False", "EventData.Size": "96636764160"}
{"EventID": "1002", "Channel": "Microsoft-Windows-Storsvc/Diagnostic", "Provider_Name": "Microsoft-Windows-Storsvc", "Computer": "DESKTOP-OFJ6N53", "TimeCreated": "2024-02-18 15:29:15.764738+00:00", "RecordID": "795", "Level": "4", "UserID": "S-1-5-18", "EventData.Version": "2", "EventData.Epoch": "3", "EventData.DiskIndex": "0", "EventData.TotalDisks": "1", "EventData.DiskNumber": "0", "EventData.VendorId": "VMware", "EventData.ProductId": "Virtual disk", "EventData.ProductRevision": "2.0", "EventData.SerialNumber": null, "EventData.ParentId": "PCI\\VEN_1000&DEV_0054&SUBSYS_197615AD&REV_01\\4&2509F6E&0&00A8", "EventData.FileSystem": "NTFS", "EventData.BusType": "10", "EventData.PartitionStyle": "1", "EventData.VolumeCount": "3", "EventData.ContainsRawVolumes": "False", "EventData.Size": "96636764160"}
{"EventID": "1002", "Channel": "Microsoft-Windows-Storsvc/Diagnostic", "Provider_Name": "Microsoft-Windows-Storsvc", "Computer": "DESKTOP-OFJ6N53", "TimeCreated": "2024-02-19 15:29:17.333246+00:00", "RecordID": "796", "Level": "4", "UserID": "S-1-5-18", "EventData.Version": "2", "EventData.Epoch": "4", "EventData.DiskIndex": "0", "EventData.TotalDisks": "1", "EventData.DiskNumber": "0", "EventData.VendorId": "VMware", "EventData.ProductId": "Virtual disk", "EventData.ProductRevision": "2.0", "EventData.SerialNumber": null, "EventData.ParentId": "PCI\\VEN_1000&DEV_0054&SUBSYS_197615AD&REV_01\\4&2509F6E&0&00A8", "EventData.FileSystem": "NTFS", "EventData.BusType": "10", "EventData.PartitionStyle": "1", "EventData.VolumeCount": "3", "EventData.ContainsRawVolumes": "False", "EventData.Size": "96636764160"}
{"EventID": "1002", "Channel": "Microsoft-Windows-Storsvc/Diagnostic", "Provider_Name": "Microsoft-Windows-Storsvc", "Computer": "DESKTOP-OFJ6N53", "TimeCreated": "2024-02-20 15:29:18.930473+00:00", "RecordID": "797", "Level": "4", "UserID": "S-1-5-18", "EventData.Version": "2", "EventData.Epoch": "5", "EventData.DiskIndex": "0", "EventData.TotalDisks": "1", "EventData.DiskNumber": "0", "EventData.VendorId": "VMware", "EventData.ProductId": "Virtual disk", "EventData.ProductRevision": "2.0", "EventData.SerialNumber": null, "EventData.ParentId": "PCI\\VEN_1000&DEV_0054&SUBSYS_197615AD&REV_01\\4&2509F6E&0&00A8", "EventData.FileSystem": "NTFS", "EventData.BusType": "10", "EventData.PartitionStyle": "1", "EventData.VolumeCount": "3", "EventData.ContainsRawVolumes": "False", "EventData.Size": "96636764160"}
{"EventID": "1002", "Channel": "Microsoft-Windows-Storsvc/Diagnostic", "Provider_Name": "Microsoft-Windows-Storsvc", "Computer": "DESKTOP-OFJ6N53", "TimeCreated": "2024-02-21 15:29:20.512627+00:00", "RecordID": "798", "Level": "4", "UserID": "S-1-5-18", "EventData.Version": "2", "EventData.Epoch": "6", "EventData.DiskIndex": "0", "EventData.TotalDisks": "1", "EventData.DiskNumber": "0", "EventData.VendorId": "VMware", "EventData.ProductId": "Virtual disk", "EventData.ProductRevision": "2.0", "EventData.SerialNumber": null, "EventData.ParentId": "PCI\\VEN_1000&DEV_0054&SUBSYS_197615AD&REV_01\\4&2509F6E&0&00A8", "EventData.FileSystem": "NTFS", "EventData.BusType": "10", "EventData.PartitionStyle": "1", "EventData.VolumeCount": "3", "EventData.ContainsRawVolumes": "False", "EventData.Size": "96636764160"}
{"EventID": "1002", "Channel": "Microsoft-Windows-Storsvc/Diagnostic", "Provider_Name": "Microsoft-Windows-Storsvc", "Computer": "DESKTOP-OFJ6N53", "TimeCreated": "2024-02-22 15:29:20.504967+00:00", "RecordID": "799", "Level": "4", "UserID": "S-1-5-18", "EventData.Version": "2", "EventData.Epoch": "7", "EventData.DiskIndex": "0", "EventData.TotalDisks": "1", "EventData.DiskNumber": "0", "EventData.VendorId": "VMware", "EventData.ProductId": "Virtual disk", "EventData.ProductRevision": "2.0", "EventData.SerialNumber": null, "EventData.ParentId": "PCI\\VEN_1000&DEV_0054&SUBSYS_197615AD&REV_01\\4&2509F6E&0&00A8", "EventData.FileSystem": "NTFS", "EventData.BusType": "10", "EventData.PartitionStyle": "1", "EventData.VolumeCount": "3", "EventData.ContainsRawVolumes": "False", "EventData.Size": "96636764160"}
{"EventID": "1002", "Channel": "Microsoft-Windows-Storsvc/Diagnostic", "Provider_Name": "Microsoft-Windows-Storsvc", "Computer": "DESKTOP-OFJ6N53", "TimeCreated": "2024-02-23 15:29:20.498692+00:00", "RecordID": "800", "Level": "4", "UserID": "S-1-5-18", "EventData.Version": "2", "EventData.Epoch": "8", "EventData.DiskIndex": "0", "EventData.TotalDisks": "1", "EventData.DiskNumber": "0", "EventData.VendorId": "VMware", "EventData.ProductId": "Virtual disk", "EventData.ProductRevision": "2.0", "EventData.SerialNumber": null, "EventData.ParentId": "PCI\\VEN_1000&DEV_0054&SUBSYS_197615AD&REV_01\\4&2509F6E&0&00A8", "EventData.FileSystem": "NTFS", "EventData.BusType": "10", "EventData.PartitionStyle": "1", "EventData.VolumeCount": "3", "EventData.ContainsRawVolumes": "False", "EventData.Size": "96636764160"}
{"EventID": "1002", "Channel": "Microsoft-Windows-Storsvc/Diagnostic", "Provider_Name": "Microsoft-Windows-Storsvc", "Computer": "DESKTOP-OFJ6N53", "TimeCreated": "2024-02-24 15:29:24.805519+00:00", "RecordID": "801", "Level": "4", "UserID": "S-1-5-18", "EventData.Version": "2", "EventData.Epoch": "9", "EventData.DiskIndex": "0", "EventData.TotalDisks": "1", "EventData.DiskNumber": "0", "EventData.VendorId": "VMware", "EventData.ProductId": "Virtual disk", "EventData.ProductRevision": "2.0", "EventData.SerialNumber": null, "EventData.ParentId": "PCI\\VEN_1000&DEV_0054&SUBSYS_197615AD&REV_01\\4&2509F6E&0&00A8", "EventData.FileSystem": "NTFS", "EventData.BusType": "10", "EventData.PartitionStyle": "1", "EventData.VolumeCount": "3", "EventData.ContainsRawVolumes": "False", "EventData.Size": "96636764160"}
{"EventID": "1002", "Channel": "Microsoft-Windows-Storsvc/Diagnostic", "Provider_Name": "Microsoft-Windows-Storsvc", "Computer": "DESKTOP-OFJ6N53", "TimeCreated": "2024-02-25 15:29:26.877922+00:00", "RecordID": "802", "Level": "4", "UserID": "S-1-5-18", "EventData.Version": "2", "EventData.Epoch": "10", "EventData.DiskIndex": "0", "EventData.TotalDisks": "1", "EventData.DiskNumber": "0", "EventData.VendorId": "VMware", "EventData.ProductId": "Virtual disk", "EventData.ProductRevision": "2.0", "EventData.SerialNumber": null, "EventData.ParentId": "PCI\\VEN_1000&DEV_0054&SUBSYS_197615AD&REV_01\\4&2509F6E&0&00A8", "EventData.FileSystem": "NTFS", "EventData.BusType": "10", "EventData.PartitionStyle": "1", "EventData.VolumeCount": "3", "EventData.ContainsRawVolumes": "False", "EventData.Size": "96636764160"}
{"EventID": "1002", "Channel": "Microsoft-Windows-Storsvc/Diagnostic", "Provider_Name": "Microsoft-Windows-Storsvc", "Computer": "DESKTOP-OFJ6N53", "TimeCreated": "2024-02-26 15:29:28.469538+00:00", "RecordID": "803", "Level": "4", "UserID": "S-1-5-18", "EventData.Version": "2", "EventData.Epoch": "11", "EventData.DiskIndex": "0", "EventData.TotalDisks": "1", "EventData.DiskNumber": "0", "EventData.VendorId": "VMware", "EventData.ProductId": "Virtual disk", "EventData.ProductRevision": "2.0", "EventData.SerialNumber": null, "EventData.ParentId": "PCI\\VEN_1000&DEV_0054&SUBSYS_197615AD&REV_01\\4&2509F6E&0&00A8", "EventData.FileSystem": "NTFS", "EventData.BusType": "10", "EventData.PartitionStyle": "1", "EventData.VolumeCount": "3", "EventData.ContainsRawVolumes": "False", "EventData.Size": "96636764160"}
{"EventID": "1002", "Channel": "Microsoft-Windows-Storsvc/Diagnostic", "Provider_Name": "Microsoft-Windows-Storsvc", "Computer": "DESKTOP-OFJ6N53", "TimeCreated": "2024-02-27 15:29:29.999565+00:00", "RecordID": "804", "Level": "4", "UserID": "S-1-5-18", "EventData.Version": "2", "EventData.Epoch": "12", "EventData.DiskIndex": "0", "EventData.TotalDisks": "1", "EventData.DiskNumber": "0", "EventData.VendorId": "VMware", "EventData.ProductId": "Virtual disk", "EventData.ProductRevision": "2.0", "EventData.SerialNumber": null, "EventData.ParentId": "PCI\\VEN_1000&DEV_0054&SUBSYS_197615AD&REV_01\\4&2509F6E&0&00A8", "EventData.FileSystem": "NTFS", "EventData.BusType": "10", "EventData.PartitionStyle": "1", "EventData.VolumeCount": "3", "EventData.ContainsRawVolumes": "False", "EventData.Size": "96636764160"}
{"EventID": "1003", "Channel": "Microsoft-Windows-Storsvc/Diagnostic", "Provider_Name": "Microsoft-Windows-Storsvc", "Computer": "DESKTOP-OFJ6N53", "TimeCreated": "2024-02-27 23:42:14.701782+00:00", "RecordID": "805", "Level": "4", "UserID": "S-1-5-18", "EventData.Version": "2", "EventData.PoliciesEnabled": "1,1,1,1,0,0,0,0,30,0,1,0", "EventData.StorageType": "0", "EventData.DeviceIndex": "0", "EventData.Flags": "8", "EventData.VolumeStatus": "0", "EventData.TargetSizeMB": "779", "EventData.CleanedBytes": "4082769920,0,4082769920,0,0,0,0,0,0,0,0,0", "EventData.CleanupSucceeded": "0,0,1,0,0,0,0,0,0,0,0,0", "EventData.CleanupFailed": "0,0,0,0,0,0,0,0,0,0,0,0", "EventData.TotalBytes": "95966453760", "EventData.FreeBytesBefore": "6046027776", "EventData.FreeBytesAfter": "10127749120", "EventData.StorageReserveBefore": "-1,-1,-1,1,3288498176,143360,160,1610612736,5686104064,1,0,0", "EventData.StorageReserveAfter": "-1,-1,-1,1,3288498176,143360,160,1610612736,1133117440,1,0,0", "EventData.HR": "0", "EventData.HrReserveInit": "0", "EventData.IsLowStorage": "True"}
{"EventID": "1002", "Channel": "Microsoft-Windows-Storsvc/Diagnostic", "Provider_Name": "Microsoft-Windows-Storsvc", "Computer": "DESKTOP-OFJ6N53", "TimeCreated": "2024-02-28 15:29:31.597733+00:00", "RecordID": "806", "Level": "4", "UserID": "S-1-5-18", "EventData.Version": "2", "EventData.Epoch": "13", "EventData.DiskIndex": "0", "EventData.TotalDisks": "1", "EventData.DiskNumber": "0", "EventData.VendorId": "VMware", "EventData.ProductId": "Virtual disk", "EventData.ProductRevision": "2.0", "EventData.SerialNumber": null, "EventData.ParentId": "PCI\\VEN_1000&DEV_0054&SUBSYS_197615AD&REV_01\\4&2509F6E&0&00A8", "EventData.FileSystem": "NTFS", "EventData.BusType": "10", "EventData.PartitionStyle": "1", "EventData.VolumeCount": "3", "EventData.ContainsRawVolumes": "False", "EventData.Size": "96636764160"}
{"EventID": "1002", "Channel": "Microsoft-Windows-Storsvc/Diagnostic", "Provider_Name": "Microsoft-Windows-Storsvc", "Computer": "DESKTOP-OFJ6N53", "TimeCreated": "2024-02-29 15:29:33.216145+00:00", "RecordID": "807", "Level": "4", "UserID": "S-1-5-18", "EventData.Version": "2", "EventData.Epoch": "14", "EventData.DiskIndex": "0", "EventData.TotalDisks": "1", "EventData.DiskNumber": "0", "EventData.VendorId": "VMware", "EventData.ProductId": "Virtual disk", "EventData.ProductRevision": "2.0", "EventData.SerialNumber": null, "EventData.ParentId": "PCI\\VEN_1000&DEV_0054&SUBSYS_197615AD&REV_01\\4&2509F6E&0&00A8", "EventData.FileSystem": "NTFS", "EventData.BusType": "10", "EventData.PartitionStyle": "1", "EventData.VolumeCount": "3", "EventData.ContainsRawVolumes": "False", "EventData.Size": "96636764160"}
{"EventID": "1002", "Channel": "Microsoft-Windows-Storsvc/Diagnostic", "Provider_Name": "Microsoft-Windows-Storsvc", "Computer": "DESKTOP-OFJ6N53", "TimeCreated": "2024-03-01 15:29:34.832581+00:00", "RecordID": "808", "Level": "4", "UserID": "S-1-5-18", "EventData.Version": "2", "EventData.Epoch": "15", "EventData.DiskIndex": "0", "EventData.TotalDisks": "1", "EventData.DiskNumber": "0", "EventData.VendorId": "VMware", "EventData.ProductId": "Virtual disk", "EventData.ProductRevision": "2.0", "EventData.SerialNumber": null, "EventData.ParentId": "PCI\\VEN_1000&DEV_0054&SUBSYS_197615AD&REV_01\\4&2509F6E&0&00A8", "EventData.FileSystem": "NTFS", "EventData.BusType": "10", "EventData.PartitionStyle": "1", "EventData.VolumeCount": "3", "EventData.ContainsRawVolumes": "False", "EventData.Size": "96636764160"}
{"EventID": "1002", "Channel": "Microsoft-Windows-Storsvc/Diagnostic", "Provider_Name": "Microsoft-Windows-Storsvc", "Computer": "DESKTOP-OFJ6N53", "TimeCreated": "2024-03-02 15:29:36.369551+00:00", "RecordID": "809", "Level": "4", "UserID": "S-1-5-18", "EventData.Version": "2", "EventData.Epoch": "16", "EventData.DiskIndex": "0", "EventData.TotalDisks": "1", "EventData.DiskNumber": "0", "EventData.VendorId": "VMware", "EventData.ProductId": "Virtual disk", "EventData.ProductRevision": "2.0", "EventData.SerialNumber": null, "EventData.ParentId": "PCI\\VEN_1000&DEV_0054&SUBSYS_197615AD&REV_01\\4&2509F6E&0&00A8", "EventData.FileSystem": "NTFS", "EventData.BusType": "10", "EventData.PartitionStyle": "1", "EventData.VolumeCount": "3", "EventData.ContainsRawVolumes": "False", "EventData.Size": "96636764160"}
{"EventID": "1002", "Channel": "Microsoft-Windows-Storsvc/Diagnostic", "Provider_Name": "Microsoft-Windows-Storsvc", "Computer": "DESKTOP-OFJ6N53", "TimeCreated": "2024-03-03 15:29:38.020576+00:00", "RecordID": "810", "Level": "4", "UserID": "S-1-5-18", "EventData.Version": "2", "EventData.Epoch": "17", "EventData.DiskIndex": "0", "EventData.TotalDisks": "1", "EventData.DiskNumber": "0", "EventData.VendorId": "VMware", "EventData.ProductId": "Virtual disk", "EventData.ProductRevision": "2.0", "EventData.SerialNumber": null, "EventData.ParentId": "PCI\\VEN_1000&DEV_0054&SUBSYS_197615AD&REV_01\\4&2509F6E&0&00A8", "EventData.FileSystem": "NTFS", "EventData.BusType": "10", "EventData.PartitionStyle": "1", "EventData.VolumeCount": "3", "EventData.ContainsRawVolumes": "False", "EventData.Size": "96636764160"}
{"EventID": "1002", "Channel": "Microsoft-Windows-Storsvc/Diagnostic", "Provider_Name": "Microsoft-Windows-Storsvc", "Computer": "DESKTOP-OFJ6N53", "TimeCreated": "2024-03-04 15:29:39.610384+00:00", "RecordID": "811", "Level": "4", "UserID": "S-1-5-18", "EventData.Version": "2", "EventData.Epoch": "18", "EventData.DiskIndex": "0", "EventData.TotalDisks": "1", "EventData.DiskNumber": "0", "EventData.VendorId": "VMware", "EventData.ProductId": "Virtual disk", "EventData.ProductRevision": "2.0", "EventData.SerialNumber": null, "EventData.ParentId": "PCI\\VEN_1000&DEV_0054&SUBSYS_197615AD&REV_01\\4&2509F6E&0&00A8", "EventData.FileSystem": "NTFS", "EventData.BusType": "10", "EventData.PartitionStyle": "1", "EventData.VolumeCount": "3", "EventData.ContainsRawVolumes": "False", "EventData.Size": "96636764160"}
{"EventID": "1002", "Channel": "Microsoft-Windows-Storsvc/Diagnostic", "Provider_Name": "Microsoft-Windows-Storsvc", "Computer": "DESKTOP-OFJ6N53", "TimeCreated": "2024-03-05 15:29:41.211355+00:00", "RecordID": "812", "Level": "4", "UserID": "S-1-5-18", "EventData.Version": "2", "EventData.Epoch": "19", "EventData.DiskIndex": "0", "EventData.TotalDisks": "1", "EventData.DiskNumber": "0", "EventData.VendorId": "VMware", "EventData.ProductId": "Virtual disk", "EventData.ProductRevision": "2.0", "EventData.SerialNumber": null, "EventData.ParentId": "PCI\\VEN_1000&DEV_0054&SUBSYS_197615AD&REV_01\\4&2509F6E&0&00A8", "EventData.FileSystem": "NTFS", "EventData.BusType": "10", "EventData.PartitionStyle": "1", "EventData.VolumeCount": "3", "EventData.ContainsRawVolumes": "False", "EventData.Size": "96636764160"}
{"EventID": "1002", "Channel": "Microsoft-Windows-Storsvc/Diagnostic", "Provider_Name": "Microsoft-Windows-Storsvc", "Computer": "DESKTOP-OFJ6N53", "TimeCreated": "2024-03-06 15:29:42.739769+00:00", "RecordID": "813", "Level": "4", "UserID": "S-1-5-18", "EventData.Version": "2", "EventData.Epoch": "20", "EventData.DiskIndex": "0", "EventData.TotalDisks": "1", "EventData.DiskNumber": "0", "EventData.VendorId": "VMware", "EventData.ProductId": "Virtual disk", "EventData.ProductRevision": "2.0", "EventData.SerialNumber": null, "EventData.ParentId": "PCI\\VEN_1000&DEV_0054&SUBSYS_197615AD&REV_01\\4&2509F6E&0&00A8", "EventData.FileSystem": "NTFS", "EventData.BusType": "10", "EventData.PartitionStyle": "1", "EventData.VolumeCount": "3", "EventData.ContainsRawVolumes": "False", "EventData.Size": "96636764160"}
{"EventID": "1002", "Channel": "Microsoft-Windows-Storsvc/Diagnostic", "Provider_Name": "Microsoft-Windows-Storsvc", "Computer": "DESKTOP-OFJ6N53", "TimeCreated": "2024-03-07 15:29:43.964182+00:00", "RecordID": "814", "Level": "4", "UserID": "S-1-5-18", "EventData.Version": "2", "EventData.Epoch": "21", "EventData.DiskIndex": "0", "EventData.TotalDisks": "1", "EventData.DiskNumber": "0", "EventData.VendorId": "VMware", "EventData.ProductId": "Virtual disk", "EventData.ProductRevision": "2.0", "EventData.SerialNumber": null, "EventData.ParentId": "PCI\\VEN_1000&DEV_0054&SUBSYS_197615AD&REV_01\\4&2509F6E&0&00A8", "EventData.FileSystem": "NTFS", "EventData.BusType": "10", "EventData.PartitionStyle": "1", "EventData.VolumeCount": "3", "EventData.ContainsRawVolumes": "False", "EventData.Size": "96636764160"}
{"EventID": "1002", "Channel": "Microsoft-Windows-Storsvc/Diagnostic", "Provider_Name": "Microsoft-Windows-Storsvc", "Computer": "DESKTOP-OFJ6N53", "TimeCreated": "2024-03-08 15:29:45.693689+00:00", "RecordID": "815", "Level": "4", "UserID": "S-1-5-18", "EventData.Version": "2", "EventData.Epoch": "22", "EventData.DiskIndex": "0", "EventData.TotalDisks": "1", "EventData.DiskNumber": "0", "EventData.VendorId": "VMware", "EventData.ProductId": "Virtual disk", "EventData.ProductRevision": "2.0", "EventData.SerialNumber": null, "EventData.ParentId": "PCI\\VEN_1000&DEV_0054&SUBSYS_197615AD&REV_01\\4&2509F6E&0&00A8", "EventData.FileSystem": "NTFS", "EventData.BusType": "10", "EventData.PartitionStyle": "1", "EventData.VolumeCount": "3", "EventData.ContainsRawVolumes": "False", "EventData.Size": "96636764160"}
{"EventID": "1002", "Channel": "Microsoft-Windows-Storsvc/Diagnostic", "Provider_Name": "Microsoft-Windows-Storsvc", "Computer": "DESKTOP-OFJ6N53", "TimeCreated": "2024-03-09 15:29:47.576637+00:00", "RecordID": "816", "Level": "4", "UserID": "S-1-5-18", "EventData.Version": "2", "EventData.Epoch": "23", "EventData.DiskIndex": "0", "EventData.TotalDisks": "1", "EventData.DiskNumber": "0", "EventData.VendorId": "VMware", "EventData.ProductId": "Virtual disk", "EventData.ProductRevision": "2.0", "EventData.SerialNumber": null, "EventData.ParentId": "PCI\\VEN_1000&DEV_0054&SUBSYS_197615AD&REV_01\\4&2509F6E&0&00A8", "EventData.FileSystem": "NTFS", "EventData.BusType": "10", "EventData.PartitionStyle": "1", "EventData.VolumeCount": "3", "EventData.ContainsRawVolumes": "False", "EventData.Size": "96636764160"}
{"EventID": "1002", "Channel": "Microsoft-Windows-Storsvc/Diagnostic", "Provider_Name": "Microsoft-Windows-Storsvc", "Computer": "DESKTOP-OFJ6N53", "TimeCreated": "2024-03-10 15:29:49.169464+00:00", "RecordID": "817", "Level": "4", "UserID": "S-1-5-18", "EventData.Version": "2", "EventData.Epoch": "24", "EventData.DiskIndex": "0", "EventData.TotalDisks": "1", "EventData.DiskNumber": "0", "EventData.VendorId": "VMware", "EventData.ProductId": "Virtual disk", "EventData.ProductRevision": "2.0", "EventData.SerialNumber": null, "EventData.ParentId": "PCI\\VEN_1000&DEV_0054&SUBSYS_197615AD&REV_01\\4&2509F6E&0&00A8", "EventData.FileSystem": "NTFS", "EventData.BusType": "10", "EventData.PartitionStyle": "1", "EventData.VolumeCount": "3", "EventData.ContainsRawVolumes": "False", "EventData.Size": "96636764160"}
{"EventID": "1002", "Channel": "Microsoft-Windows-Storsvc/Diagnostic", "Provider_Name": "Microsoft-Windows-Storsvc", "Computer": "DESKTOP-OFJ6N53", "TimeCreated": "2024-03-11 15:29:50.335537+00:00", "RecordID": "818", "Level": "4", "UserID": "S-1-5-18", "EventData.Version": "2", "EventData.Epoch": "25", "EventData.DiskIndex": "0", "EventData.TotalDisks": "1", "EventData.DiskNumber": "0", "EventData.VendorId": "VMware", "EventData.ProductId": "Virtual disk", "EventData.ProductRevision": "2.0", "EventData.SerialNumber": null, "EventData.ParentId": "PCI\\VEN_1000&DEV_0054&SUBSYS_197615AD&REV_01\\4&2509F6E&0&00A8", "EventData.FileSystem": "NTFS", "EventData.BusType": "10", "EventData.PartitionStyle": "1", "EventData.VolumeCount": "3", "EventData.ContainsRawVolumes": "False", "EventData.Size": "96636764160"}
{"EventID": "1002", "Channel": "Microsoft-Windows-Storsvc/Diagnostic", "Provider_Name": "Microsoft-Windows-Storsvc", "Computer": "DESKTOP-OFJ6N53", "TimeCreated": "2024-03-12 11:04:51.441965+00:00", "RecordID": "819", "Level": "4", "UserID": "S-1-5-18", "EventData.Version": "2", "EventData.Epoch": "0", "EventData.DiskIndex": "0", "EventData.TotalDisks": "1", "EventData.DiskNumber": "0", "EventData.VendorId": "VMware", "EventData.ProductId": "Virtual disk", "EventData.ProductRevision": "2.0", "EventData.SerialNumber": null, "EventData.ParentId": "PCI\\VEN_1000&DEV_0054&SUBSYS_197615AD&REV_01\\4&2509F6E&0&00A8", "EventData.FileSystem": "NTFS", "EventData.BusType": "10", "EventData.PartitionStyle": "1", "EventData.VolumeCount": "3", "EventData.ContainsRawVolumes": "False", "EventData.Size": "96636764160"}
{"EventID": "1002", "Channel": "Microsoft-Windows-Storsvc/Diagnostic", "Provider_Name": "Microsoft-Windows-Storsvc", "Computer": "DESKTOP-OFJ6N53", "TimeCreated": "2024-03-13 11:04:51.457281+00:00", "RecordID": "820", "Level": "4", "UserID": "S-1-5-18", "EventData.Version": "2", "EventData.Epoch": "1", "EventData.DiskIndex": "0", "EventData.TotalDisks": "1", "EventData.DiskNumber": "0", "EventData.VendorId": "VMware", "EventData.ProductId": "Virtual disk", "EventData.ProductRevision": "2.0", "EventData.SerialNumber": null, "EventData.ParentId": "PCI\\VEN_1000&DEV_0054&SUBSYS_197615AD&REV_01\\4&2509F6E&0&00A8", "EventData.FileSystem": "NTFS", "EventData.BusType": "10", "EventData.PartitionStyle": "1", "EventData.VolumeCount": "3", "EventData.ContainsRawVolumes": "False", "EventData.Size": "96636764160"}
{"EventID": "1002", "Channel": "Microsoft-Windows-Storsvc/Diagnostic", "Provider_Name": "Microsoft-Windows-Storsvc", "Computer": "DESKTOP-OFJ6N53", "TimeCreated": "2024-03-14 11:04:53.421551+00:00", "RecordID": "821", "Level": "4", "UserID": "S-1-5-18", "EventData.Version": "2", "EventData.Epoch": "2", "EventData.DiskIndex": "0", "EventData.TotalDisks": "1", "EventData.DiskNumber": "0", "EventData.VendorId": "VMware", "EventData.ProductId": "Virtual disk", "EventData.ProductRevision": "2.0", "EventData.SerialNumber": null, "EventData.ParentId": "PCI\\VEN_1000&DEV_0054&SUBSYS_197615AD&REV_01\\4&2509F6E&0&00A8", "EventData.FileSystem": "NTFS", "EventData.BusType": "10", "EventData.PartitionStyle": "1", "EventData.VolumeCount": "3", "EventData.ContainsRawVolumes": "False", "EventData.Size": "96636764160"}
{"EventID": "1002", "Channel": "Microsoft-Windows-Storsvc/Diagnostic", "Provider_Name": "Microsoft-Windows-Storsvc", "Computer": "DESKTOP-OFJ6N53", "TimeCreated": "2024-03-15 11:04:57.378597+00:00", "RecordID": "822", "Level": "4", "UserID": "S-1-5-18", "EventData.Version": "2", "EventData.Epoch": "3", "EventData.DiskIndex": "0", "EventData.TotalDisks": "1", "EventData.DiskNumber": "0", "EventData.VendorId": "VMware", "EventData.ProductId": "Virtual disk", "EventData.ProductRevision": "2.0", "EventData.SerialNumber": null, "EventData.ParentId": "PCI\\VEN_1000&DEV_0054&SUBSYS_197615AD&REV_01\\4&2509F6E&0&00A8", "EventData.FileSystem": "NTFS", "EventData.BusType": "10", "EventData.PartitionStyle": "1", "EventData.VolumeCount": "3", "EventData.ContainsRawVolumes": "False", "EventData.Size": "96636764160"}
{"EventID": "1002", "Channel": "Microsoft-Windows-Storsvc/Diagnostic", "Provider_Name": "Microsoft-Windows-Storsvc", "Computer": "DESKTOP-OFJ6N53", "TimeCreated": "2024-03-16 11:04:54.564711+00:00", "RecordID": "823", "Level": "4", "UserID": "S-1-5-18", "EventData.Version": "2", "EventData.Epoch": "4", "EventData.DiskIndex": "0", "EventData.TotalDisks": "1", "EventData.DiskNumber": "0", "EventData.VendorId": "VMware", "EventData.ProductId": "Virtual disk", "EventData.ProductRevision": "2.0", "EventData.SerialNumber": null, "EventData.ParentId": "PCI\\VEN_1000&DEV_0054&SUBSYS_197615AD&REV_01\\4&2509F6E&0&00A8", "EventData.FileSystem": "NTFS", "EventData.BusType": "10", "EventData.PartitionStyle": "1", "EventData.VolumeCount": "3", "EventData.ContainsRawVolumes": "False", "EventData.Size": "96636764160"}
{"EventID": "1002", "Channel": "Microsoft-Windows-Storsvc/Diagnostic", "Provider_Name": "Microsoft-Windows-Storsvc", "Computer": "DESKTOP-OFJ6N53", "TimeCreated": "2024-03-17 11:04:56.601374+00:00", "RecordID": "824", "Level": "4", "UserID": "S-1-5-18", "EventData.Version": "2", "EventData.Epoch": "5", "EventData.DiskIndex": "0", "EventData.TotalDisks": "1", "EventData.DiskNumber": "0", "EventData.VendorId": "VMware", "EventData.ProductId": "Virtual disk", "EventData.ProductRevision": "2.0", "EventData.SerialNumber": null, "EventData.ParentId": "PCI\\VEN_1000&DEV_0054&SUBSYS_197615AD&REV_01\\4&2509F6E&0&00A8", "EventData.FileSystem": "NTFS", "EventData.BusType": "10", "EventData.PartitionStyle": "1", "EventData.VolumeCount": "3", "EventData.ContainsRawVolumes": "False", "EventData.Size": "96636764160"}
{"EventID": "1002", "Channel": "Microsoft-Windows-Storsvc/Diagnostic", "Provider_Name": "Microsoft-Windows-Storsvc", "Computer": "DESKTOP-OFJ6N53", "TimeCreated": "2024-03-18 11:04:57.639668+00:00", "RecordID": "825", "Level": "4", "UserID": "S-1-5-18", "EventData.Version": "2", "EventData.Epoch": "6", "EventData.DiskIndex": "0", "EventData.TotalDisks": "1", "EventData.DiskNumber": "0", "EventData.VendorId": "VMware", "EventData.ProductId": "Virtual disk", "EventData.ProductRevision": "2.0", "EventData.SerialNumber": null, "EventData.ParentId": "PCI\\VEN_1000&DEV_0054&SUBSYS_197615AD&REV_01\\4&2509F6E&0&00A8", "EventData.FileSystem": "NTFS", "EventData.BusType": "10", "EventData.PartitionStyle": "1", "EventData.VolumeCount": "3", "EventData.ContainsRawVolumes": "False", "EventData.Size": "96636764160"}
{"EventID": "1002", "Channel": "Microsoft-Windows-Storsvc/Diagnostic", "Provider_Name": "Microsoft-Windows-Storsvc", "Computer": "DESKTOP-OFJ6N53", "TimeCreated": "2024-03-19 11:04:59.179489+00:00", "RecordID": "826", "Level": "4", "UserID": "S-1-5-18", "EventData.Version": "2", "EventData.Epoch": "7", "EventData.DiskIndex": "0", "EventData.TotalDisks": "1", "EventData.DiskNumber": "0", "EventData.VendorId": "VMware", "EventData.ProductId": "Virtual disk", "EventData.ProductRevision": "2.0", "EventData.SerialNumber": null, "EventData.ParentId": "PCI\\VEN_1000&DEV_0054&SUBSYS_197615AD&REV_01\\4&2509F6E&0&00A8", "EventData.FileSystem": "NTFS", "EventData.BusType": "10", "EventData.PartitionStyle": "1", "EventData.VolumeCount": "3", "EventData.ContainsRawVolumes": "False", "EventData.Size": "96636764160"}
{"EventID": "1002", "Channel": "Microsoft-Windows-Storsvc/Diagnostic", "Provider_Name": "Microsoft-Windows-Storsvc", "Computer": "DESKTOP-OFJ6N53", "TimeCreated": "2024-03-20 11:05:01.249332+00:00", "RecordID": "827", "Level": "4", "UserID": "S-1-5-18", "EventData.Version": "2", "EventData.Epoch": "8", "EventData.DiskIndex": "0", "EventData.TotalDisks": "1", "EventData.DiskNumber": "0", "EventData.VendorId": "VMware", "EventData.ProductId": "Virtual disk", "EventData.ProductRevision": "2.0", "EventData.SerialNumber": null, "EventData.ParentId": "PCI\\VEN_1000&DEV_0054&SUBSYS_197615AD&REV_01\\4&2509F6E&0&00A8", "EventData.FileSystem": "NTFS", "EventData.BusType": "10", "EventData.PartitionStyle": "1", "EventData.VolumeCount": "3", "EventData.ContainsRawVolumes": "False", "EventData.Size": "96636764160"}
{"EventID": "1002", "Channel": "Microsoft-Windows-Storsvc/Diagnostic", "Provider_Name": "Microsoft-Windows-Storsvc", "Computer": "DESKTOP-OFJ6N53", "TimeCreated": "2024-03-21 11:05:03.310850+00:00", "RecordID": "828", "Level": "4", "UserID": "S-1-5-18", "EventData.Version": "2", "EventData.Epoch": "9", "EventData.DiskIndex": "0", "EventData.TotalDisks": "1", "EventData.DiskNumber": "0", "EventData.VendorId": "VMware", "EventData.ProductId": "Virtual disk", "EventData.ProductRevision": "2.0", "EventData.SerialNumber": null, "EventData.ParentId": "PCI\\VEN_1000&DEV_0054&SUBSYS_197615AD&REV_01\\4&2509F6E&0&00A8", "EventData.FileSystem": "NTFS", "EventData.BusType": "10", "EventData.PartitionStyle": "1", "EventData.VolumeCount": "3", "EventData.ContainsRawVolumes": "False", "EventData.Size": "96636764160"}
{"EventID": "1002", "Channel": "Microsoft-Windows-Storsvc/Diagnostic", "Provider_Name": "Microsoft-Windows-Storsvc", "Computer": "DESKTOP-OFJ6N53", "TimeCreated": "2024-03-22 11:05:05.383364+00:00", "RecordID": "829", "Level": "4", "UserID": "S-1-5-18", "EventData.Version": "2", "EventData.Epoch": "10", "EventData.DiskIndex": "0", "EventData.TotalDisks": "1", "EventData.DiskNumber": "0", "EventData.VendorId": "VMware", "EventData.ProductId": "Virtual disk", "EventData.ProductRevision": "2.0", "EventData.SerialNumber": null, "EventData.ParentId": "PCI\\VEN_1000&DEV_0054&SUBSYS_197615AD&REV_01\\4&2509F6E&0&00A8", "EventData.FileSystem": "NTFS", "EventData.BusType": "10", "EventData.PartitionStyle": "1", "EventData.VolumeCount": "3", "EventData.ContainsRawVolumes": "False", "EventData.Size": "96636764160"}
{"EventID": "1002", "Channel": "Microsoft-Windows-Storsvc/Diagnostic", "Provider_Name": "Microsoft-Windows-Storsvc", "Computer": "DESKTOP-OFJ6N53", "TimeCreated": "2024-03-23 11:05:07.225069+00:00", "RecordID": "830", "Level": "4", "UserID": "S-1-5-18", "EventData.Version": "2", "EventData.Epoch": "11", "EventData.DiskIndex": "0", "EventData.TotalDisks": "1", "EventData.DiskNumber": "0", "EventData.VendorId": "VMware", "EventData.ProductId": "Virtual disk", "EventData.ProductRevision": "2.0", "EventData.SerialNumber": null, "EventData.ParentId": "PCI\\VEN_1000&DEV_0054&SUBSYS_197615AD&REV_01\\4&2509F6E&0&00A8", "EventData.FileSystem": "NTFS", "EventData.BusType": "10", "EventData.PartitionStyle": "1", "EventData.VolumeCount": "3", "EventData.ContainsRawVolumes": "False", "EventData.Size": "96636764160"}
{"EventID": "1002", "Channel": "Microsoft-Windows-Storsvc/Diagnostic", "Provider_Name": "Microsoft-Windows-Storsvc", "Computer": "DESKTOP-OFJ6N53", "TimeCreated": "2024-03-24 11:05:09.567013+00:00", "RecordID": "831", "Level": "4", "UserID": "S-1-5-18", "EventData.Version": "2", "EventData.Epoch": "12", "EventData.DiskIndex": "0", "EventData.TotalDisks": "1", "EventData.DiskNumber": "0", "EventData.VendorId": "VMware", "EventData.ProductId": "Virtual disk", "EventData.ProductRevision": "2.0", "EventData.SerialNumber": null, "EventData.ParentId": "PCI\\VEN_1000&DEV_0054&SUBSYS_197615AD&REV_01\\4&2509F6E&0&00A8", "EventData.FileSystem": "NTFS", "EventData.BusType": "10", "EventData.PartitionStyle": "1", "EventData.VolumeCount": "3", "EventData.ContainsRawVolumes": "False", "EventData.Size": "96636764160"}
{"EventID": "1002", "Channel": "Microsoft-Windows-Storsvc/Diagnostic", "Provider_Name": "Microsoft-Windows-Storsvc", "Computer": "DESKTOP-OFJ6N53", "TimeCreated": "2024-03-25 11:05:11.375805+00:00", "RecordID": "832", "Level": "4", "UserID": "S-1-5-18", "EventData.Version": "2", "EventData.Epoch": "13", "EventData.DiskIndex": "0", "EventData.TotalDisks": "1", "EventData.DiskNumber": "0", "EventData.VendorId": "VMware", "EventData.ProductId": "Virtual disk", "EventData.ProductRevision": "2.0", "EventData.SerialNumber": null, "EventData.ParentId": "PCI\\VEN_1000&DEV_0054&SUBSYS_197615AD&REV_01\\4&2509F6E&0&00A8", "EventData.FileSystem": "NTFS", "EventData.BusType": "10", "EventData.PartitionStyle": "1", "EventData.VolumeCount": "3", "EventData.ContainsRawVolumes": "False", "EventData.Size": "96636764160"}
{"EventID": "1002", "Channel": "Microsoft-Windows-Storsvc/Diagnostic", "Provider_Name": "Microsoft-Windows-Storsvc", "Computer": "DESKTOP-OFJ6N53", "TimeCreated": "2024-03-26 11:05:11.383728+00:00", "RecordID": "833", "Level": "4", "UserID": "S-1-5-18", "EventData.Version": "2", "EventData.Epoch": "14", "EventData.DiskIndex": "0", "EventData.TotalDisks": "1", "EventData.DiskNumber": "0", "EventData.VendorId": "VMware", "EventData.ProductId": "Virtual disk", "EventData.ProductRevision": "2.0", "EventData.SerialNumber": null, "EventData.ParentId": "PCI\\VEN_1000&DEV_0054&SUBSYS_197615AD&REV_01\\4&2509F6E&0&00A8", "EventData.FileSystem": "NTFS", "EventData.BusType": "10", "EventData.PartitionStyle": "1", "EventData.VolumeCount": "3", "EventData.ContainsRawVolumes": "False", "EventData.Size": "96636764160"}
{"EventID": "1002", "Channel": "Microsoft-Windows-Storsvc/Diagnostic", "Provider_Name": "Microsoft-Windows-Storsvc", "Computer": "DESKTOP-OFJ6N53", "TimeCreated": "2024-03-27 11:05:15.076584+00:00", "RecordID": "834", "Level": "4", "UserID": "S-1-5-18", "EventData.Version": "2", "EventData.Epoch": "15", "EventData.DiskIndex": "0", "EventData.TotalDisks": "1", "EventData.DiskNumber": "0", "EventData.VendorId": "VMware", "EventData.ProductId": "Virtual disk", "EventData.ProductRevision": "2.0", "EventData.SerialNumber": null, "EventData.ParentId": "PCI\\VEN_1000&DEV_0054&SUBSYS_197615AD&REV_01\\4&2509F6E&0&00A8", "EventData.FileSystem": "NTFS", "EventData.BusType": "10", "EventData.PartitionStyle": "1", "EventData.VolumeCount": "3", "EventData.ContainsRawVolumes": "False", "EventData.Size": "96636764160"}
{"EventID": "1002", "Channel": "Microsoft-Windows-Storsvc/Diagnostic", "Provider_Name": "Microsoft-Windows-Storsvc", "Computer": "DESKTOP-OFJ6N53", "TimeCreated": "2024-03-28 11:05:16.859154+00:00", "RecordID": "835", "Level": "4", "UserID": "S-1-5-18", "EventData.Version": "2", "EventData.Epoch": "16", "EventData.DiskIndex": "0", "EventData.TotalDisks": "1", "EventData.DiskNumber": "0", "EventData.VendorId": "VMware", "EventData.ProductId": "Virtual disk", "EventData.ProductRevision": "2.0", "EventData.SerialNumber": null, "EventData.ParentId": "PCI\\VEN_1000&DEV_0054&SUBSYS_197615AD&REV_01\\4&2509F6E&0&00A8", "EventData.FileSystem": "NTFS", "EventData.BusType": "10", "EventData.PartitionStyle": "1", "EventData.VolumeCount": "3", "EventData.ContainsRawVolumes": "False", "EventData.Size": "96636764160"}
{"EventID": "1002", "Channel": "Microsoft-Windows-Storsvc/Diagnostic", "Provider_Name": "Microsoft-Windows-Storsvc", "Computer": "DESKTOP-OFJ6N53", "TimeCreated": "2024-03-29 11:05:18.752178+00:00", "RecordID": "836", "Level": "4", "UserID": "S-1-5-18", "EventData.Version": "2", "EventData.Epoch": "17", "EventData.DiskIndex": "0", "EventData.TotalDisks": "1", "EventData.DiskNumber": "0", "EventData.VendorId": "VMware", "EventData.ProductId": "Virtual disk", "EventData.ProductRevision": "2.0", "EventData.SerialNumber": null, "EventData.ParentId": "PCI\\VEN_1000&DEV_0054&SUBSYS_197615AD&REV_01\\4&2509F6E&0&00A8", "EventData.FileSystem": "NTFS", "EventData.BusType": "10", "EventData.PartitionStyle": "1", "EventData.VolumeCount": "3", "EventData.ContainsRawVolumes": "False", "EventData.Size": "96636764160"}
{"EventID": "1002", "Channel": "Microsoft-Windows-Storsvc/Diagnostic", "Provider_Name": "Microsoft-Windows-Storsvc", "Computer": "DESKTOP-OFJ6N53", "TimeCreated": "2024-03-30 11:05:21.611565+00:00", "RecordID": "837", "Level": "4", "UserID": "S-1-5-18", "EventData.Version": "2", "EventData.Epoch": "18", "EventData.DiskIndex": "0", "EventData.TotalDisks": "1", "EventData.DiskNumber": "0", "EventData.VendorId": "VMware", "EventData.ProductId": "Virtual disk", "EventData.ProductRevision": "2.0", "EventData.SerialNumber": null, "EventData.ParentId": "PCI\\VEN_1000&DEV_0054&SUBSYS_197615AD&REV_01\\4&2509F6E&0&00A8", "EventData.FileSystem": "NTFS", "EventData.BusType": "10", "EventData.PartitionStyle": "1", "EventData.VolumeCount": "3", "EventData.ContainsRawVolumes": "False", "EventData.Size": "96636764160"}
{"EventID": "1002", "Channel": "Microsoft-Windows-Storsvc/Diagnostic", "Provider_Name": "Microsoft-Windows-Storsvc", "Computer": "DESKTOP-OFJ6N53", "TimeCreated": "2024-03-31 11:05:22.433128+00:00", "RecordID": "838", "Level": "4", "UserID": "S-1-5-18", "EventData.Version": "2", "EventData.Epoch": "19", "EventData.DiskIndex": "0", "EventData.TotalDisks": "1", "EventData.DiskNumber": "0", "EventData.VendorId": "VMware", "EventData.ProductId": "Virtual disk", "EventData.ProductRevision": "2.0", "EventData.SerialNumber": null, "EventData.ParentId": "PCI\\VEN_1000&DEV_0054&SUBSYS_197615AD&REV_01\\4&2509F6E&0&00A8", "EventData.FileSystem": "NTFS", "EventData.BusType": "10", "EventData.PartitionStyle": "1", "EventData.VolumeCount": "3", "EventData.ContainsRawVolumes": "False", "EventData.Size": "96636764160"}
{"EventID": "1002", "Channel": "Microsoft-Windows-Storsvc/Diagnostic", "Provider_Name": "Microsoft-Windows-Storsvc", "Computer": "DESKTOP-OFJ6N53", "TimeCreated": "2024-04-01 11:05:24.272459+00:00", "RecordID": "839", "Level": "4", "UserID": "S-1-5-18", "EventData.Version": "2", "EventData.Epoch": "20", "EventData.DiskIndex": "0", "EventData.TotalDisks": "1", "EventData.DiskNumber": "0", "EventData.VendorId": "VMware", "EventData.ProductId": "Virtual disk", "EventData.ProductRevision": "2.0", "EventData.SerialNumber": null, "EventData.ParentId": "PCI\\VEN_1000&DEV_0054&SUBSYS_197615AD&REV_01\\4&2509F6E&0&00A8", "EventData.FileSystem": "NTFS", "EventData.BusType": "10", "EventData.PartitionStyle": "1", "EventData.VolumeCount": "3", "EventData.ContainsRawVolumes": "False", "EventData.Size": "96636764160"}
{"EventID": "1002", "Channel": "Microsoft-Windows-Storsvc/Diagnostic", "Provider_Name": "Microsoft-Windows-Storsvc", "Computer": "DESKTOP-OFJ6N53", "TimeCreated": "2024-04-02 11:05:26.822098+00:00", "RecordID": "840", "Level": "4", "UserID": "S-1-5-18", "EventData.Version": "2", "EventData.Epoch": "21", "EventData.DiskIndex": "0", "EventData.TotalDisks": "1", "EventData.DiskNumber": "0", "EventData.VendorId": "VMware", "EventData.ProductId": "Virtual disk", "EventData.ProductRevision": "2.0", "EventData.SerialNumber": null, "EventData.ParentId": "PCI\\VEN_1000&DEV_0054&SUBSYS_197615AD&REV_01\\4&2509F6E&0&00A8", "EventData.FileSystem": "NTFS", "EventData.BusType": "10", "EventData.PartitionStyle": "1", "EventData.VolumeCount": "3", "EventData.ContainsRawVolumes": "False", "EventData.Size": "96636764160"}
{"EventID": "1002", "Channel": "Microsoft-Windows-Storsvc/Diagnostic", "Provider_Name": "Microsoft-Windows-Storsvc", "Computer": "DESKTOP-OFJ6N53", "TimeCreated": "2024-04-03 11:05:28.543514+00:00", "RecordID": "841", "Level": "4", "UserID": "S-1-5-18", "EventData.Version": "2", "EventData.Epoch": "22", "EventData.DiskIndex": "0", "EventData.TotalDisks": "1", "EventData.DiskNumber": "0", "EventData.VendorId": "VMware", "EventData.ProductId": "Virtual disk", "EventData.ProductRevision": "2.0", "EventData.SerialNumber": null, "EventData.ParentId": "PCI\\VEN_1000&DEV_0054&SUBSYS_197615AD&REV_01\\4&2509F6E&0&00A8", "EventData.FileSystem": "NTFS", "EventData.BusType": "10", "EventData.PartitionStyle": "1", "EventData.VolumeCount": "3", "EventData.ContainsRawVolumes": "False", "EventData.Size": "96636764160"}
{"EventID": "1002", "Channel": "Microsoft-Windows-Storsvc/Diagnostic", "Provider_Name": "Microsoft-Windows-Storsvc", "Computer": "DESKTOP-OFJ6N53", "TimeCreated": "2024-04-04 11:05:30.241459+00:00", "RecordID": "842", "Level": "4", "UserID": "S-1-5-18", "EventData.Version": "2", "EventData.Epoch": "23", "EventData.DiskIndex": "0", "EventData.TotalDisks": "1", "EventData.DiskNumber": "0", "EventData.VendorId": "VMware", "EventData.ProductId": "Virtual disk", "EventData.ProductRevision": "2.0", "EventData.SerialNumber": null, "EventData.ParentId": "PCI\\VEN_1000&DEV_0054&SUBSYS_197615AD&REV_01\\4&2509F6E&0&00A8", "EventData.FileSystem": "NTFS", "EventData.BusType": "10", "EventData.PartitionStyle": "1", "EventData.VolumeCount": "3", "EventData.ContainsRawVolumes": "False", "EventData.Size": "96636764160"}
{"EventID": "1002", "Channel": "Microsoft-Windows-Storsvc/Diagnostic", "Provider_Name": "Microsoft-Windows-Storsvc", "Computer": "DESKTOP-OFJ6N53", "TimeCreated": "2024-04-05 11:05:31.904421+00:00", "RecordID": "843", "Level": "4", "UserID": "S-1-5-18", "EventData.Version": "2", "EventData.Epoch": "24", "EventData.DiskIndex": "0", "EventData.TotalDisks": "1", "EventData.DiskNumber": "0", "EventData.VendorId": "VMware", "EventData.ProductId": "Virtual disk", "EventData.ProductRevision": "2.0", "EventData.SerialNumber": null, "EventData.ParentId": "PCI\\VEN_1000&DEV_0054&SUBSYS_197615AD&REV_01\\4&2509F6E&0&00A8", "EventData.FileSystem": "NTFS", "EventData.BusType": "10", "EventData.PartitionStyle": "1", "EventData.VolumeCount": "3", "EventData.ContainsRawVolumes": "False", "EventData.Size": "96636764160"}
{"EventID": "1002", "Channel": "Microsoft-Windows-Storsvc/Diagnostic", "Provider_Name": "Microsoft-Windows-Storsvc", "Computer": "DESKTOP-OFJ6N53", "TimeCreated": "2024-04-06 11:05:33.666302+00:00", "RecordID": "844", "Level": "4", "UserID": "S-1-5-18", "EventData.Version": "2", "EventData.Epoch": "25", "EventData.DiskIndex": "0", "EventData.TotalDisks": "1", "EventData.DiskNumber": "0", "EventData.VendorId": "VMware", "EventData.ProductId": "Virtual disk", "EventData.ProductRevision": "2.0", "EventData.SerialNumber": null, "EventData.ParentId": "PCI\\VEN_1000&DEV_0054&SUBSYS_197615AD&REV_01\\4&2509F6E&0&00A8", "EventData.FileSystem": "NTFS", "EventData.BusType": "10", "EventData.PartitionStyle": "1", "EventData.VolumeCount": "3", "EventData.ContainsRawVolumes": "False", "EventData.Size": "96636764160"}
{"EventID": "1002", "Channel": "Microsoft-Windows-Storsvc/Diagnostic", "Provider_Name": "Microsoft-Windows-Storsvc", "Computer": "DESKTOP-OFJ6N53", "TimeCreated": "2024-04-07 11:05:35.376156+00:00", "RecordID": "845", "Level": "4", "UserID": "S-1-5-18", "EventData.Version": "2", "EventData.Epoch": "26", "EventData.DiskIndex": "0", "EventData.TotalDisks": "1", "EventData.DiskNumber": "0", "EventData.VendorId": "VMware", "EventData.ProductId": "Virtual disk", "EventData.ProductRevision": "2.0", "EventData.SerialNumber": null, "EventData.ParentId": "PCI\\VEN_1000&DEV_0054&SUBSYS_197615AD&REV_01\\4&2509F6E&0&00A8", "EventData.FileSystem": "NTFS", "EventData.BusType": "10", "EventData.PartitionStyle": "1", "EventData.VolumeCount": "3", "EventData.ContainsRawVolumes": "False", "EventData.Size": "96636764160"}
{"EventID": "1002", "Channel": "Microsoft-Windows-Storsvc/Diagnostic", "Provider_Name": "Microsoft-Windows-Storsvc", "Computer": "DESKTOP-OFJ6N53", "TimeCreated": "2024-04-08 11:05:37.082155+00:00", "RecordID": "846", "Level": "4", "UserID": "S-1-5-18", "EventData.Version": "2", "EventData.Epoch": "27", "EventData.DiskIndex": "0", "EventData.TotalDisks": "1", "EventData.DiskNumber": "0", "EventData.VendorId": "VMware", "EventData.ProductId": "Virtual disk", "EventData.ProductRevision": "2.0", "EventData.SerialNumber": null, "EventData.ParentId": "PCI\\VEN_1000&DEV_0054&SUBSYS_197615AD&REV_01\\4&2509F6E&0&00A8", "EventData.FileSystem": "NTFS", "EventData.BusType": "10", "EventData.PartitionStyle": "1", "EventData.VolumeCount": "3", "EventData.ContainsRawVolumes": "False", "EventData.Size": "96636764160"}
{"EventID": "1002", "Channel": "Microsoft-Windows-Storsvc/Diagnostic", "Provider_Name": "Microsoft-Windows-Storsvc", "Computer": "DESKTOP-OFJ6N53", "TimeCreated": "2024-04-09 11:05:38.776617+00:00", "RecordID": "847", "Level": "4", "UserID": "S-1-5-18", "EventData.Version": "2", "EventData.Epoch": "28", "EventData.DiskIndex": "0", "EventData.TotalDisks": "1", "EventData.DiskNumber": "0", "EventData.VendorId": "VMware", "EventData.ProductId": "Virtual disk", "EventData.ProductRevision": "2.0", "EventData.SerialNumber": null, "EventData.ParentId": "PCI\\VEN_1000&DEV_0054&SUBSYS_197615AD&REV_01\\4&2509F6E&0&00A8", "EventData.FileSystem": "NTFS", "EventData.BusType": "10", "EventData.PartitionStyle": "1", "EventData.VolumeCount": "3", "EventData.ContainsRawVolumes": "False", "EventData.Size": "96636764160"}
{"EventID": "1002", "Channel": "Microsoft-Windows-Storsvc/Diagnostic", "Provider_Name": "Microsoft-Windows-Storsvc", "Computer": "DESKTOP-OFJ6N53", "TimeCreated": "2024-04-10 11:05:40.415609+00:00", "RecordID": "848", "Level": "4", "UserID": "S-1-5-18", "EventData.Version": "2", "EventData.Epoch": "29", "EventData.DiskIndex": "0", "EventData.TotalDisks": "1", "EventData.DiskNumber": "0", "EventData.VendorId": "VMware", "EventData.ProductId": "Virtual disk", "EventData.ProductRevision": "2.0", "EventData.SerialNumber": null, "EventData.ParentId": "PCI\\VEN_1000&DEV_0054&SUBSYS_197615AD&REV_01\\4&2509F6E&0&00A8", "EventData.FileSystem": "NTFS", "EventData.BusType": "10", "EventData.PartitionStyle": "1", "EventData.VolumeCount": "3", "EventData.ContainsRawVolumes": "False", "EventData.Size": "96636764160"}
{"EventID": "1002", "Channel": "Microsoft-Windows-Storsvc/Diagnostic", "Provider_Name": "Microsoft-Windows-Storsvc", "Computer": "DESKTOP-OFJ6N53", "TimeCreated": "2024-04-11 11:05:42.141960+00:00", "RecordID": "849", "Level": "4", "UserID": "S-1-5-18", "EventData.Version": "2", "EventData.Epoch": "30", "EventData.DiskIndex": "0", "EventData.TotalDisks": "1", "EventData.DiskNumber": "0", "EventData.VendorId": "VMware", "EventData.ProductId": "Virtual disk", "EventData.ProductRevision": "2.0", "EventData.SerialNumber": null, "EventData.ParentId": "PCI\\VEN_1000&DEV_0054&SUBSYS_197615AD&REV_01\\4&2509F6E&0&00A8", "EventData.FileSystem": "NTFS", "EventData.BusType": "10", "EventData.PartitionStyle": "1", "EventData.VolumeCount": "3", "EventData.ContainsRawVolumes": "False", "EventData.Size": "96636764160"}
{"EventID": "1002", "Channel": "Microsoft-Windows-Storsvc/Diagnostic", "Provider_Name": "Microsoft-Windows-Storsvc", "Computer": "DESKTOP-OFJ6N53", "TimeCreated": "2024-04-12 02:55:10.341244+00:00", "RecordID": "850", "Level": "4", "UserID": "S-1-5-18", "EventData.Version": "2", "EventData.Epoch": "0", "EventData.DiskIndex": "0", "EventData.TotalDisks": "1", "EventData.DiskNumber": "0", "EventData.VendorId": "VMware", "EventData.ProductId": "Virtual disk", "EventData.ProductRevision": "2.0", "EventData.SerialNumber": null, "EventData.ParentId": "PCI\\VEN_1000&DEV_0054&SUBSYS_197615AD&REV_01\\4&2509F6E&0&00A8", "EventData.FileSystem": "NTFS", "EventData.BusType": "10", "EventData.PartitionStyle": "1", "EventData.VolumeCount": "3", "EventData.ContainsRawVolumes": "False", "EventData.Size": "96636764160"}
{"EventID": "1002", "Channel": "Microsoft-Windows-Storsvc/Diagnostic", "Provider_Name": "Microsoft-Windows-Storsvc", "Computer": "DESKTOP-OFJ6N53", "TimeCreated": "2024-04-13 02:55:10.359463+00:00", "RecordID": "851", "Level": "4", "UserID": "S-1-5-18", "EventData.Version": "2", "EventData.Epoch": "1", "EventData.DiskIndex": "0", "EventData.TotalDisks": "1", "EventData.DiskNumber": "0", "EventData.VendorId": "VMware", "EventData.ProductId": "Virtual disk", "EventData.ProductRevision": "2.0", "EventData.SerialNumber": null, "EventData.ParentId": "PCI\\VEN_1000&DEV_0054&SUBSYS_197615AD&REV_01\\4&2509F6E&0&00A8", "EventData.FileSystem": "NTFS", "EventData.BusType": "10", "EventData.PartitionStyle": "1", "EventData.VolumeCount": "3", "EventData.ContainsRawVolumes": "False", "EventData.Size": "96636764160"}
{"EventID": "1002", "Channel": "Microsoft-Windows-Storsvc/Diagnostic", "Provider_Name": "Microsoft-Windows-Storsvc", "Computer": "DESKTOP-OFJ6N53", "TimeCreated": "2024-04-14 02:55:12.976952+00:00", "RecordID": "852", "Level": "4", "UserID": "S-1-5-18", "EventData.Version": "2", "EventData.Epoch": "2", "EventData.DiskIndex": "0", "EventData.TotalDisks": "1", "EventData.DiskNumber": "0", "EventData.VendorId": "VMware", "EventData.ProductId": "Virtual disk", "EventData.ProductRevision": "2.0", "EventData.SerialNumber": null, "EventData.ParentId": "PCI\\VEN_1000&DEV_0054&SUBSYS_197615AD&REV_01\\4&2509F6E&0&00A8", "EventData.FileSystem": "NTFS", "EventData.BusType": "10", "EventData.PartitionStyle": "1", "EventData.VolumeCount": "3", "EventData.ContainsRawVolumes": "False", "EventData.Size": "96636764160"}
{"EventID": "1002", "Channel": "Microsoft-Windows-Storsvc/Diagnostic", "Provider_Name": "Microsoft-Windows-Storsvc", "Computer": "DESKTOP-OFJ6N53", "TimeCreated": "2024-04-15 02:55:14.670607+00:00", "RecordID": "853", "Level": "4", "UserID": "S-1-5-18", "EventData.Version": "2", "EventData.Epoch": "3", "EventData.DiskIndex": "0", "EventData.TotalDisks": "1", "EventData.DiskNumber": "0", "EventData.VendorId": "VMware", "EventData.ProductId": "Virtual disk", "EventData.ProductRevision": "2.0", "EventData.SerialNumber": null, "EventData.ParentId": "PCI\\VEN_1000&DEV_0054&SUBSYS_197615AD&REV_01\\4&2509F6E&0&00A8", "EventData.FileSystem": "NTFS", "EventData.BusType": "10", "EventData.PartitionStyle": "1", "EventData.VolumeCount": "3", "EventData.ContainsRawVolumes": "False", "EventData.Size": "96636764160"}
