{"EventID": "100", "Channel": "Microsoft-Windows-Security-SPP-UX-Notifications/ActionCenter", "Provider_Name": "Microsoft-Windows-Security-SPP-UX-Notifications", "Computer": "DESKTOP-OFJ6N53", "TimeCreated": "2022-05-06 17:40:38.064325+00:00", "RecordID": "153", "Level": "3", "UserID": "S-1-5-20", "EventData.hc_stateid": "2"}
{"EventID": "100", "Channel": "Microsoft-Windows-Security-SPP-UX-Notifications/ActionCenter", "Provider_Name": "Microsoft-Windows-Security-SPP-UX-Notifications", "Computer": "DESKTOP-OFJ6N53", "TimeCreated": "2022-05-10 23:34:41.870224+00:00", "RecordID": "154", "Level": "3", "UserID": "S-1-5-20", "EventData.hc_stateid": "2"}
{"EventID": "100", "Channel": "Microsoft-Windows-Security-SPP-UX-Notifications/ActionCenter", "Provider_Name": "Microsoft-Windows-Security-SPP-UX-Notifications", "Computer": "DESKTOP-OFJ6N53", "TimeCreated": "2022-05-11 12:37:13.193228+00:00", "RecordID": "155", "Level": "3", "UserID": "S-1-5-20", "EventData.hc_stateid": "2"}
{"EventID": "100", "Channel": "Microsoft-Windows-Security-SPP-UX-Notifications/ActionCenter", "Provider_Name": "Microsoft-Windows-Security-SPP-UX-Notifications", "Computer": "DESKTOP-OFJ6N53", "TimeCreated": "2022-05-11 15:04:46.544708+00:00", "RecordID": "156", "Level": "3", "UserID": "S-1-5-20", "EventData.hc_stateid": "2"}
{"EventID": "100", "Channel": "Microsoft-Windows-Security-SPP-UX-Notifications/ActionCenter", "Provider_Name": "Microsoft-Windows-Security-SPP-UX-Notifications", "Computer": "DESKTOP-OFJ6N53", "TimeCreated": "2022-05-11 15:05:56.851171+00:00", "RecordID": "157", "Level": "3", "UserID": "S-1-5-20", "EventData.hc_stateid": "2"}
{"EventID": "100", "Channel": "Microsoft-Windows-Security-SPP-UX-Notifications/ActionCenter", "Provider_Name": "Microsoft-Windows-Security-SPP-UX-Notifications", "Computer": "DESKTOP-OFJ6N53", "TimeCreated": "2022-05-11 15:05:57.439125+00:00", "RecordID": "158", "Level": "3", "UserID": "S-1-5-20", "EventData.hc_stateid": "2"}
{"EventID": "100", "Channel": "Microsoft-Windows-Security-SPP-UX-Notifications/ActionCenter", "Provider_Name": "Microsoft-Windows-Security-SPP-UX-Notifications", "Computer": "DESKTOP-OFJ6N53", "TimeCreated": "2022-05-12 13:57:50.719561+00:00", "RecordID": "159", "Level": "3", "UserID": "S-1-5-20", "EventData.hc_stateid": "2"}
{"EventID": "100", "Channel": "Microsoft-Windows-Security-SPP-UX-Notifications/ActionCenter", "Provider_Name": "Microsoft-Windows-Security-SPP-UX-Notifications", "Computer": "DESKTOP-OFJ6N53", "TimeCreated": "2022-05-16 14:00:18.450096+00:00", "RecordID": "160", "Level": "3", "UserID": "S-1-5-20", "EventData.hc_stateid": "2"}
{"EventID": "100", "Channel": "Microsoft-Windows-Security-SPP-UX-Notifications/ActionCenter", "Provider_Name": "Microsoft-Windows-Security-SPP-UX-Notifications", "Computer": "DESKTOP-OFJ6N53", "TimeCreated": "2022-05-16 14:00:46.660477+00:00", "RecordID": "161", "Level": "3", "UserID": "S-1-5-20", "EventData.hc_stateid": "2"}
{"EventID": "100", "Channel": "Microsoft-Windows-Security-SPP-UX-Notifications/ActionCenter", "Provider_Name": "Microsoft-Windows-Security-SPP-UX-Notifications", "Computer": "DESKTOP-OFJ6N53", "TimeCreated": "2022-05-16 14:01:47.768856+00:00", "RecordID": "162", "Level": "3", "UserID": "S-1-5-20", "EventData.hc_stateid": "2"}
{"EventID": "100", "Channel": "Microsoft-Windows-Security-SPP-UX-Notifications/ActionCenter", "Provider_Name": "Microsoft-Windows-Security-SPP-UX-Notifications", "Computer": "DESKTOP-OFJ6N53", "TimeCreated": "2022-05-16 14:04:51.636435+00:00", "RecordID": "163", "Level": "3", "UserID": "S-1-5-20", "EventData.hc_stateid": "2"}
{"EventID": "100", "Channel": "Microsoft-Windows-Security-SPP-UX-Notifications/ActionCenter", "Provider_Name": "Microsoft-Windows-Security-SPP-UX-Notifications", "Computer": "DESKTOP-OFJ6N53", "TimeCreated": "2022-05-16 14:04:52.548330+00:00", "RecordID": "164", "Level": "3", "UserID": "S-1-5-20", "EventData.hc_stateid": "2"}
{"EventID": "100", "Channel": "Microsoft-Windows-Security-SPP-UX-Notifications/ActionCenter", "Provider_Name": "Microsoft-Windows-Security-SPP-UX-Notifications", "Computer": "DESKTOP-OFJ6N53", "TimeCreated": "2022-05-16 14:06:47.380812+00:00", "RecordID": "165", "Level": "3", "UserID": "S-1-5-20", "EventData.hc_stateid": "2"}
{"EventID": "100", "Channel": "Microsoft-Windows-Security-SPP-UX-Notifications/ActionCenter", "Provider_Name": "Microsoft-Windows-Security-SPP-UX-Notifications", "Computer": "DESKTOP-OFJ6N53", "TimeCreated": "2022-05-16 14:23:46.286810+00:00", "RecordID": "166", "Level": "3", "UserID": "S-1-5-20", "EventData.hc_stateid": "2"}
{"EventID": "100", "Channel": "Microsoft-Windows-Security-SPP-UX-Notifications/ActionCenter", "Provider_Name": "Microsoft-Windows-Security-SPP-UX-Notifications", "Computer": "DESKTOP-OFJ6N53", "TimeCreated": "2022-05-16 14:24:39.405447+00:00", "RecordID": "167", "Level": "3", "UserID": "S-1-5-20", "EventData.hc_stateid": "2"}
{"EventID": "100", "Channel": "Microsoft-Windows-Security-SPP-UX-Notifications/ActionCenter", "Provider_Name": "Microsoft-Windows-Security-SPP-UX-Notifications", "Computer": "DESKTOP-OFJ6N53", "TimeCreated": "2022-05-16 14:25:51.783903+00:00", "RecordID": "168", "Level": "3", "UserID": "S-1-5-20", "EventData.hc_stateid": "2"}
{"EventID": "100", "Channel": "Microsoft-Windows-Security-SPP-UX-Notifications/ActionCenter", "Provider_Name": "Microsoft-Windows-Security-SPP-UX-Notifications", "Computer": "DESKTOP-OFJ6N53", "TimeCreated": "2022-05-16 15:44:55.776466+00:00", "RecordID": "169", "Level": "3", "UserID": "S-1-5-20", "EventData.hc_stateid": "2"}
{"EventID": "100", "Channel": "Microsoft-Windows-Security-SPP-UX-Notifications/ActionCenter", "Provider_Name": "Microsoft-Windows-Security-SPP-UX-Notifications", "Computer": "DESKTOP-OFJ6N53", "TimeCreated": "2022-05-16 15:45:26.782713+00:00", "RecordID": "170", "Level": "3", "UserID": "S-1-5-20", "EventData.hc_stateid": "2"}
{"EventID": "100", "Channel": "Microsoft-Windows-Security-SPP-UX-Notifications/ActionCenter", "Provider_Name": "Microsoft-Windows-Security-SPP-UX-Notifications", "Computer": "DESKTOP-OFJ6N53", "TimeCreated": "2022-05-17 12:28:58.360474+00:00", "RecordID": "171", "Level": "3", "UserID": "S-1-5-20", "EventData.hc_stateid": "2"}
{"EventID": "100", "Channel": "Microsoft-Windows-Security-SPP-UX-Notifications/ActionCenter", "Provider_Name": "Microsoft-Windows-Security-SPP-UX-Notifications", "Computer": "DESKTOP-OFJ6N53", "TimeCreated": "2022-05-17 12:29:26.419403+00:00", "RecordID": "172", "Level": "3", "UserID": "S-1-5-20", "EventData.hc_stateid": "2"}
{"EventID": "100", "Channel": "Microsoft-Windows-Security-SPP-UX-Notifications/ActionCenter", "Provider_Name": "Microsoft-Windows-Security-SPP-UX-Notifications", "Computer": "DESKTOP-OFJ6N53", "TimeCreated": "2022-05-17 15:18:08.711111+00:00", "RecordID": "173", "Level": "3", "UserID": "S-1-5-20", "EventData.hc_stateid": "2"}
{"EventID": "100", "Channel": "Microsoft-Windows-Security-SPP-UX-Notifications/ActionCenter", "Provider_Name": "Microsoft-Windows-Security-SPP-UX-Notifications", "Computer": "DESKTOP-OFJ6N53", "TimeCreated": "2022-05-17 15:18:08.823290+00:00", "RecordID": "174", "Level": "3", "UserID": "S-1-5-20", "EventData.hc_stateid": "2"}
{"EventID": "100", "Channel": "Microsoft-Windows-Security-SPP-UX-Notifications/ActionCenter", "Provider_Name": "Microsoft-Windows-Security-SPP-UX-Notifications", "Computer": "DESKTOP-OFJ6N53", "TimeCreated": "2022-05-19 08:53:43.447268+00:00", "RecordID": "175", "Level": "3", "UserID": "S-1-5-20", "EventData.hc_stateid": "2"}
{"EventID": "100", "Channel": "Microsoft-Windows-Security-SPP-UX-Notifications/ActionCenter", "Provider_Name": "Microsoft-Windows-Security-SPP-UX-Notifications", "Computer": "DESKTOP-OFJ6N53", "TimeCreated": "2022-05-19 11:09:58.006399+00:00", "RecordID": "176", "Level": "3", "UserID": "S-1-5-20", "EventData.hc_stateid": "2"}
{"EventID": "100", "Channel": "Microsoft-Windows-Security-SPP-UX-Notifications/ActionCenter", "Provider_Name": "Microsoft-Windows-Security-SPP-UX-Notifications", "Computer": "DESKTOP-OFJ6N53", "TimeCreated": "2022-05-19 11:13:19.142567+00:00", "RecordID": "177", "Level": "3", "UserID": "S-1-5-20", "EventData.hc_stateid": "2"}
{"EventID": "100", "Channel": "Microsoft-Windows-Security-SPP-UX-Notifications/ActionCenter", "Provider_Name": "Microsoft-Windows-Security-SPP-UX-Notifications", "Computer": "DESKTOP-OFJ6N53", "TimeCreated": "2022-05-19 11:16:10.293787+00:00", "RecordID": "178", "Level": "3", "UserID": "S-1-5-20", "EventData.hc_stateid": "2"}
{"EventID": "100", "Channel": "Microsoft-Windows-Security-SPP-UX-Notifications/ActionCenter", "Provider_Name": "Microsoft-Windows-Security-SPP-UX-Notifications", "Computer": "DESKTOP-OFJ6N53", "TimeCreated": "2022-05-19 11:19:06.001047+00:00", "RecordID": "179", "Level": "3", "UserID": "S-1-5-20", "EventData.hc_stateid": "2"}
{"EventID": "100", "Channel": "Microsoft-Windows-Security-SPP-UX-Notifications/ActionCenter", "Provider_Name": "Microsoft-Windows-Security-SPP-UX-Notifications", "Computer": "DESKTOP-OFJ6N53", "TimeCreated": "2022-05-19 11:22:07.974613+00:00", "RecordID": "180", "Level": "3", "UserID": "S-1-5-20", "EventData.hc_stateid": "2"}
{"EventID": "100", "Channel": "Microsoft-Windows-Security-SPP-UX-Notifications/ActionCenter", "Provider_Name": "Microsoft-Windows-Security-SPP-UX-Notifications", "Computer": "DESKTOP-OFJ6N53", "TimeCreated": "2022-05-19 11:28:38.227970+00:00", "RecordID": "181", "Level": "3", "UserID": "S-1-5-20", "EventData.hc_stateid": "2"}
{"EventID": "100", "Channel": "Microsoft-Windows-Security-SPP-UX-Notifications/ActionCenter", "Provider_Name": "Microsoft-Windows-Security-SPP-UX-Notifications", "Computer": "DESKTOP-OFJ6N53", "TimeCreated": "2022-05-19 11:49:07.636030+00:00", "RecordID": "182", "Level": "3", "UserID": "S-1-5-20", "EventData.hc_stateid": "2"}
{"EventID": "100", "Channel": "Microsoft-Windows-Security-SPP-UX-Notifications/ActionCenter", "Provider_Name": "Microsoft-Windows-Security-SPP-UX-Notifications", "Computer": "DESKTOP-OFJ6N53", "TimeCreated": "2022-05-19 12:27:45.324760+00:00", "RecordID": "183", "Level": "3", "UserID": "S-1-5-20", "EventData.hc_stateid": "2"}
{"EventID": "100", "Channel": "Microsoft-Windows-Security-SPP-UX-Notifications/ActionCenter", "Provider_Name": "Microsoft-Windows-Security-SPP-UX-Notifications", "Computer": "DESKTOP-OFJ6N53", "TimeCreated": "2022-05-19 12:58:43.301809+00:00", "RecordID": "184", "Level": "3", "UserID": "S-1-5-20", "EventData.hc_stateid": "2"}
{"EventID": "100", "Channel": "Microsoft-Windows-Security-SPP-UX-Notifications/ActionCenter", "Provider_Name": "Microsoft-Windows-Security-SPP-UX-Notifications", "Computer": "DESKTOP-OFJ6N53", "TimeCreated": "2022-05-19 13:38:36.020336+00:00", "RecordID": "185", "Level": "3", "UserID": "S-1-5-20", "EventData.hc_stateid": "2"}
{"EventID": "100", "Channel": "Microsoft-Windows-Security-SPP-UX-Notifications/ActionCenter", "Provider_Name": "Microsoft-Windows-Security-SPP-UX-Notifications", "Computer": "DESKTOP-OFJ6N53", "TimeCreated": "2022-05-20 10:19:01.418962+00:00", "RecordID": "186", "Level": "3", "UserID": "S-1-5-20", "EventData.hc_stateid": "2"}
{"EventID": "100", "Channel": "Microsoft-Windows-Security-SPP-UX-Notifications/ActionCenter", "Provider_Name": "Microsoft-Windows-Security-SPP-UX-Notifications", "Computer": "DESKTOP-OFJ6N53", "TimeCreated": "2022-05-20 10:24:06.236258+00:00", "RecordID": "187", "Level": "3", "UserID": "S-1-5-20", "EventData.hc_stateid": "2"}
{"EventID": "100", "Channel": "Microsoft-Windows-Security-SPP-UX-Notifications/ActionCenter", "Provider_Name": "Microsoft-Windows-Security-SPP-UX-Notifications", "Computer": "DESKTOP-OFJ6N53", "TimeCreated": "2022-05-20 10:28:50.462654+00:00", "RecordID": "188", "Level": "3", "UserID": "S-1-5-20", "EventData.hc_stateid": "2"}
{"EventID": "100", "Channel": "Microsoft-Windows-Security-SPP-UX-Notifications/ActionCenter", "Provider_Name": "Microsoft-Windows-Security-SPP-UX-Notifications", "Computer": "DESKTOP-OFJ6N53", "TimeCreated": "2022-05-20 10:39:15.156239+00:00", "RecordID": "189", "Level": "3", "UserID": "S-1-5-20", "EventData.hc_stateid": "2"}
{"EventID": "100", "Channel": "Microsoft-Windows-Security-SPP-UX-Notifications/ActionCenter", "Provider_Name": "Microsoft-Windows-Security-SPP-UX-Notifications", "Computer": "DESKTOP-OFJ6N53", "TimeCreated": "2022-05-20 11:38:39.055746+00:00", "RecordID": "190", "Level": "3", "UserID": "S-1-5-20", "EventData.hc_stateid": "2"}
{"EventID": "100", "Channel": "Microsoft-Windows-Security-SPP-UX-Notifications/ActionCenter", "Provider_Name": "Microsoft-Windows-Security-SPP-UX-Notifications", "Computer": "DESKTOP-OFJ6N53", "TimeCreated": "2022-05-20 12:05:42.428766+00:00", "RecordID": "191", "Level": "3", "UserID": "S-1-5-20", "EventData.hc_stateid": "2"}
{"EventID": "100", "Channel": "Microsoft-Windows-Security-SPP-UX-Notifications/ActionCenter", "Provider_Name": "Microsoft-Windows-Security-SPP-UX-Notifications", "Computer": "DESKTOP-OFJ6N53", "TimeCreated": "2022-05-20 12:07:48.125784+00:00", "RecordID": "192", "Level": "3", "UserID": "S-1-5-20", "EventData.hc_stateid": "2"}
{"EventID": "100", "Channel": "Microsoft-Windows-Security-SPP-UX-Notifications/ActionCenter", "Provider_Name": "Microsoft-Windows-Security-SPP-UX-Notifications", "Computer": "DESKTOP-OFJ6N53", "TimeCreated": "2022-05-20 12:10:17.306152+00:00", "RecordID": "193", "Level": "3", "UserID": "S-1-5-20", "EventData.hc_stateid": "2"}
{"EventID": "100", "Channel": "Microsoft-Windows-Security-SPP-UX-Notifications/ActionCenter", "Provider_Name": "Microsoft-Windows-Security-SPP-UX-Notifications", "Computer": "DESKTOP-OFJ6N53", "TimeCreated": "2022-05-20 12:13:38.545475+00:00", "RecordID": "194", "Level": "3", "UserID": "S-1-5-20", "EventData.hc_stateid": "2"}
{"EventID": "100", "Channel": "Microsoft-Windows-Security-SPP-UX-Notifications/ActionCenter", "Provider_Name": "Microsoft-Windows-Security-SPP-UX-Notifications", "Computer": "DESKTOP-OFJ6N53", "TimeCreated": "2022-05-20 12:17:18.362268+00:00", "RecordID": "195", "Level": "3", "UserID": "S-1-5-20", "EventData.hc_stateid": "2"}
{"EventID": "100", "Channel": "Microsoft-Windows-Security-SPP-UX-Notifications/ActionCenter", "Provider_Name": "Microsoft-Windows-Security-SPP-UX-Notifications", "Computer": "DESKTOP-OFJ6N53", "TimeCreated": "2022-05-20 12:27:07.830317+00:00", "RecordID": "196", "Level": "3", "UserID": "S-1-5-20", "EventData.hc_stateid": "2"}
{"EventID": "100", "Channel": "Microsoft-Windows-Security-SPP-UX-Notifications/ActionCenter", "Provider_Name": "Microsoft-Windows-Security-SPP-UX-Notifications", "Computer": "DESKTOP-OFJ6N53", "TimeCreated": "2022-05-20 12:30:56.908739+00:00", "RecordID": "197", "Level": "3", "UserID": "S-1-5-20", "EventData.hc_stateid": "2"}
{"EventID": "100", "Channel": "Microsoft-Windows-Security-SPP-UX-Notifications/ActionCenter", "Provider_Name": "Microsoft-Windows-Security-SPP-UX-Notifications", "Computer": "DESKTOP-OFJ6N53", "TimeCreated": "2022-05-20 12:36:26.554188+00:00", "RecordID": "198", "Level": "3", "UserID": "S-1-5-20", "EventData.hc_stateid": "2"}
{"EventID": "100", "Channel": "Microsoft-Windows-Security-SPP-UX-Notifications/ActionCenter", "Provider_Name": "Microsoft-Windows-Security-SPP-UX-Notifications", "Computer": "DESKTOP-OFJ6N53", "TimeCreated": "2022-05-20 12:38:39.992907+00:00", "RecordID": "199", "Level": "3", "UserID": "S-1-5-20", "EventData.hc_stateid": "2"}
{"EventID": "100", "Channel": "Microsoft-Windows-Security-SPP-UX-Notifications/ActionCenter", "Provider_Name": "Microsoft-Windows-Security-SPP-UX-Notifications", "Computer": "DESKTOP-OFJ6N53", "TimeCreated": "2022-05-20 12:38:52.509186+00:00", "RecordID": "200", "Level": "3", "UserID": "S-1-5-20", "EventData.hc_stateid": "2"}
{"EventID": "100", "Channel": "Microsoft-Windows-Security-SPP-UX-Notifications/ActionCenter", "Provider_Name": "Microsoft-Windows-Security-SPP-UX-Notifications", "Computer": "DESKTOP-OFJ6N53", "TimeCreated": "2022-05-20 12:44:58.150120+00:00", "RecordID": "201", "Level": "3", "UserID": "S-1-5-20", "EventData.hc_stateid": "2"}
{"EventID": "100", "Channel": "Microsoft-Windows-Security-SPP-UX-Notifications/ActionCenter", "Provider_Name": "Microsoft-Windows-Security-SPP-UX-Notifications", "Computer": "DESKTOP-OFJ6N53", "TimeCreated": "2022-05-20 12:47:22.767153+00:00", "RecordID": "202", "Level": "3", "UserID": "S-1-5-20", "EventData.hc_stateid": "2"}
{"EventID": "100", "Channel": "Microsoft-Windows-Security-SPP-UX-Notifications/ActionCenter", "Provider_Name": "Microsoft-Windows-Security-SPP-UX-Notifications", "Computer": "DESKTOP-OFJ6N53", "TimeCreated": "2022-05-20 12:50:30.745424+00:00", "RecordID": "203", "Level": "3", "UserID": "S-1-5-20", "EventData.hc_stateid": "2"}
{"EventID": "100", "Channel": "Microsoft-Windows-Security-SPP-UX-Notifications/ActionCenter", "Provider_Name": "Microsoft-Windows-Security-SPP-UX-Notifications", "Computer": "DESKTOP-OFJ6N53", "TimeCreated": "2022-05-20 12:53:27.146425+00:00", "RecordID": "204", "Level": "3", "UserID": "S-1-5-20", "EventData.hc_stateid": "2"}
{"EventID": "100", "Channel": "Microsoft-Windows-Security-SPP-UX-Notifications/ActionCenter", "Provider_Name": "Microsoft-Windows-Security-SPP-UX-Notifications", "Computer": "DESKTOP-OFJ6N53", "TimeCreated": "2022-05-20 13:16:33.328423+00:00", "RecordID": "205", "Level": "3", "UserID": "S-1-5-20", "EventData.hc_stateid": "2"}
{"EventID": "100", "Channel": "Microsoft-Windows-Security-SPP-UX-Notifications/ActionCenter", "Provider_Name": "Microsoft-Windows-Security-SPP-UX-Notifications", "Computer": "DESKTOP-OFJ6N53", "TimeCreated": "2022-05-20 13:19:41.930799+00:00", "RecordID": "206", "Level": "3", "UserID": "S-1-5-20", "EventData.hc_stateid": "2"}
{"EventID": "100", "Channel": "Microsoft-Windows-Security-SPP-UX-Notifications/ActionCenter", "Provider_Name": "Microsoft-Windows-Security-SPP-UX-Notifications", "Computer": "DESKTOP-OFJ6N53", "TimeCreated": "2022-05-20 13:36:46.010681+00:00", "RecordID": "207", "Level": "3", "UserID": "S-1-5-20", "EventData.hc_stateid": "2"}
{"EventID": "100", "Channel": "Microsoft-Windows-Security-SPP-UX-Notifications/ActionCenter", "Provider_Name": "Microsoft-Windows-Security-SPP-UX-Notifications", "Computer": "DESKTOP-OFJ6N53", "TimeCreated": "2022-05-20 13:48:13.245312+00:00", "RecordID": "208", "Level": "3", "UserID": "S-1-5-20", "EventData.hc_stateid": "2"}
{"EventID": "100", "Channel": "Microsoft-Windows-Security-SPP-UX-Notifications/ActionCenter", "Provider_Name": "Microsoft-Windows-Security-SPP-UX-Notifications", "Computer": "DESKTOP-OFJ6N53", "TimeCreated": "2022-05-20 13:55:16.418224+00:00", "RecordID": "209", "Level": "3", "UserID": "S-1-5-20", "EventData.hc_stateid": "2"}
{"EventID": "100", "Channel": "Microsoft-Windows-Security-SPP-UX-Notifications/ActionCenter", "Provider_Name": "Microsoft-Windows-Security-SPP-UX-Notifications", "Computer": "DESKTOP-OFJ6N53", "TimeCreated": "2022-05-20 13:58:42.941023+00:00", "RecordID": "210", "Level": "3", "UserID": "S-1-5-20", "EventData.hc_stateid": "2"}
{"EventID": "100", "Channel": "Microsoft-Windows-Security-SPP-UX-Notifications/ActionCenter", "Provider_Name": "Microsoft-Windows-Security-SPP-UX-Notifications", "Computer": "DESKTOP-OFJ6N53", "TimeCreated": "2022-05-20 14:09:59.697153+00:00", "RecordID": "211", "Level": "3", "UserID": "S-1-5-20", "EventData.hc_stateid": "2"}
{"EventID": "100", "Channel": "Microsoft-Windows-Security-SPP-UX-Notifications/ActionCenter", "Provider_Name": "Microsoft-Windows-Security-SPP-UX-Notifications", "Computer": "DESKTOP-OFJ6N53", "TimeCreated": "2022-05-20 14:30:06.375145+00:00", "RecordID": "212", "Level": "3", "UserID": "S-1-5-20", "EventData.hc_stateid": "2"}
{"EventID": "100", "Channel": "Microsoft-Windows-Security-SPP-UX-Notifications/ActionCenter", "Provider_Name": "Microsoft-Windows-Security-SPP-UX-Notifications", "Computer": "DESKTOP-OFJ6N53", "TimeCreated": "2022-05-20 15:12:31.788588+00:00", "RecordID": "213", "Level": "3", "UserID": "S-1-5-20", "EventData.hc_stateid": "2"}
{"EventID": "100", "Channel": "Microsoft-Windows-Security-SPP-UX-Notifications/ActionCenter", "Provider_Name": "Microsoft-Windows-Security-SPP-UX-Notifications", "Computer": "DESKTOP-OFJ6N53", "TimeCreated": "2022-05-20 15:15:12.378073+00:00", "RecordID": "214", "Level": "3", "UserID": "S-1-5-20", "EventData.hc_stateid": "2"}
{"EventID": "100", "Channel": "Microsoft-Windows-Security-SPP-UX-Notifications/ActionCenter", "Provider_Name": "Microsoft-Windows-Security-SPP-UX-Notifications", "Computer": "DESKTOP-OFJ6N53", "TimeCreated": "2022-05-20 15:17:03.643154+00:00", "RecordID": "215", "Level": "3", "UserID": "S-1-5-20", "EventData.hc_stateid": "2"}
{"EventID": "100", "Channel": "Microsoft-Windows-Security-SPP-UX-Notifications/ActionCenter", "Provider_Name": "Microsoft-Windows-Security-SPP-UX-Notifications", "Computer": "DESKTOP-OFJ6N53", "TimeCreated": "2022-05-23 07:36:58.301229+00:00", "RecordID": "216", "Level": "3", "UserID": "S-1-5-20", "EventData.hc_stateid": "2"}
{"EventID": "100", "Channel": "Microsoft-Windows-Security-SPP-UX-Notifications/ActionCenter", "Provider_Name": "Microsoft-Windows-Security-SPP-UX-Notifications", "Computer": "DESKTOP-OFJ6N53", "TimeCreated": "2022-05-26 09:21:42.837627+00:00", "RecordID": "217", "Level": "3", "UserID": "S-1-5-20", "EventData.hc_stateid": "2"}
{"EventID": "100", "Channel": "Microsoft-Windows-Security-SPP-UX-Notifications/ActionCenter", "Provider_Name": "Microsoft-Windows-Security-SPP-UX-Notifications", "Computer": "DESKTOP-OFJ6N53", "TimeCreated": "2022-05-26 09:25:49.304176+00:00", "RecordID": "218", "Level": "3", "UserID": "S-1-5-20", "EventData.hc_stateid": "2"}
{"EventID": "100", "Channel": "Microsoft-Windows-Security-SPP-UX-Notifications/ActionCenter", "Provider_Name": "Microsoft-Windows-Security-SPP-UX-Notifications", "Computer": "DESKTOP-OFJ6N53", "TimeCreated": "2022-05-26 09:26:49.148167+00:00", "RecordID": "219", "Level": "3", "UserID": "S-1-5-20", "EventData.hc_stateid": "2"}
{"EventID": "100", "Channel": "Microsoft-Windows-Security-SPP-UX-Notifications/ActionCenter", "Provider_Name": "Microsoft-Windows-Security-SPP-UX-Notifications", "Computer": "DESKTOP-OFJ6N53", "TimeCreated": "2022-05-26 09:32:19.364466+00:00", "RecordID": "220", "Level": "3", "UserID": "S-1-5-20", "EventData.hc_stateid": "2"}
{"EventID": "100", "Channel": "Microsoft-Windows-Security-SPP-UX-Notifications/ActionCenter", "Provider_Name": "Microsoft-Windows-Security-SPP-UX-Notifications", "Computer": "DESKTOP-OFJ6N53", "TimeCreated": "2022-05-26 10:59:15.119045+00:00", "RecordID": "221", "Level": "3", "UserID": "S-1-5-20", "EventData.hc_stateid": "2"}
{"EventID": "100", "Channel": "Microsoft-Windows-Security-SPP-UX-Notifications/ActionCenter", "Provider_Name": "Microsoft-Windows-Security-SPP-UX-Notifications", "Computer": "DESKTOP-OFJ6N53", "TimeCreated": "2022-05-26 11:16:19.810368+00:00", "RecordID": "222", "Level": "3", "UserID": "S-1-5-20", "EventData.hc_stateid": "2"}
{"EventID": "100", "Channel": "Microsoft-Windows-Security-SPP-UX-Notifications/ActionCenter", "Provider_Name": "Microsoft-Windows-Security-SPP-UX-Notifications", "Computer": "DESKTOP-OFJ6N53", "TimeCreated": "2022-05-26 11:16:19.941250+00:00", "RecordID": "223", "Level": "3", "UserID": "S-1-5-20", "EventData.hc_stateid": "2"}
{"EventID": "100", "Channel": "Microsoft-Windows-Security-SPP-UX-Notifications/ActionCenter", "Provider_Name": "Microsoft-Windows-Security-SPP-UX-Notifications", "Computer": "DESKTOP-OFJ6N53", "TimeCreated": "2022-05-26 12:00:52.227922+00:00", "RecordID": "224", "Level": "3", "UserID": "S-1-5-20", "EventData.hc_stateid": "2"}
{"EventID": "100", "Channel": "Microsoft-Windows-Security-SPP-UX-Notifications/ActionCenter", "Provider_Name": "Microsoft-Windows-Security-SPP-UX-Notifications", "Computer": "DESKTOP-OFJ6N53", "TimeCreated": "2022-05-30 10:53:36.271181+00:00", "RecordID": "225", "Level": "3", "UserID": "S-1-5-20", "EventData.hc_stateid": "2"}
{"EventID": "100", "Channel": "Microsoft-Windows-Security-SPP-UX-Notifications/ActionCenter", "Provider_Name": "Microsoft-Windows-Security-SPP-UX-Notifications", "Computer": "DESKTOP-OFJ6N53", "TimeCreated": "2022-05-30 10:53:53.330778+00:00", "RecordID": "226", "Level": "3", "UserID": "S-1-5-20", "EventData.hc_stateid": "2"}
{"EventID": "100", "Channel": "Microsoft-Windows-Security-SPP-UX-Notifications/ActionCenter", "Provider_Name": "Microsoft-Windows-Security-SPP-UX-Notifications", "Computer": "DESKTOP-OFJ6N53", "TimeCreated": "2022-05-30 13:13:27.443140+00:00", "RecordID": "227", "Level": "3", "UserID": "S-1-5-20", "EventData.hc_stateid": "2"}
{"EventID": "100", "Channel": "Microsoft-Windows-Security-SPP-UX-Notifications/ActionCenter", "Provider_Name": "Microsoft-Windows-Security-SPP-UX-Notifications", "Computer": "DESKTOP-OFJ6N53", "TimeCreated": "2022-05-30 13:25:28.385735+00:00", "RecordID": "228", "Level": "3", "UserID": "S-1-5-20", "EventData.hc_stateid": "2"}
{"EventID": "100", "Channel": "Microsoft-Windows-Security-SPP-UX-Notifications/ActionCenter", "Provider_Name": "Microsoft-Windows-Security-SPP-UX-Notifications", "Computer": "DESKTOP-OFJ6N53", "TimeCreated": "2022-05-30 13:58:58.854374+00:00", "RecordID": "229", "Level": "3", "UserID": "S-1-5-20", "EventData.hc_stateid": "2"}
{"EventID": "100", "Channel": "Microsoft-Windows-Security-SPP-UX-Notifications/ActionCenter", "Provider_Name": "Microsoft-Windows-Security-SPP-UX-Notifications", "Computer": "DESKTOP-OFJ6N53", "TimeCreated": "2022-05-30 14:04:06.355148+00:00", "RecordID": "230", "Level": "3", "UserID": "S-1-5-20", "EventData.hc_stateid": "2"}
{"EventID": "100", "Channel": "Microsoft-Windows-Security-SPP-UX-Notifications/ActionCenter", "Provider_Name": "Microsoft-Windows-Security-SPP-UX-Notifications", "Computer": "DESKTOP-OFJ6N53", "TimeCreated": "2022-05-30 14:10:07.948502+00:00", "RecordID": "231", "Level": "3", "UserID": "S-1-5-20", "EventData.hc_stateid": "2"}
{"EventID": "100", "Channel": "Microsoft-Windows-Security-SPP-UX-Notifications/ActionCenter", "Provider_Name": "Microsoft-Windows-Security-SPP-UX-Notifications", "Computer": "DESKTOP-OFJ6N53", "TimeCreated": "2022-05-30 14:22:51.177084+00:00", "RecordID": "232", "Level": "3", "UserID": "S-1-5-20", "EventData.hc_stateid": "2"}
{"EventID": "100", "Channel": "Microsoft-Windows-Security-SPP-UX-Notifications/ActionCenter", "Provider_Name": "Microsoft-Windows-Security-SPP-UX-Notifications", "Computer": "DESKTOP-OFJ6N53", "TimeCreated": "2022-05-30 14:34:58.471582+00:00", "RecordID": "233", "Level": "3", "UserID": "S-1-5-20", "EventData.hc_stateid": "2"}
{"EventID": "100", "Channel": "Microsoft-Windows-Security-SPP-UX-Notifications/ActionCenter", "Provider_Name": "Microsoft-Windows-Security-SPP-UX-Notifications", "Computer": "DESKTOP-OFJ6N53", "TimeCreated": "2022-05-30 14:40:50.495581+00:00", "RecordID": "234", "Level": "3", "UserID": "S-1-5-20", "EventData.hc_stateid": "2"}
{"EventID": "100", "Channel": "Microsoft-Windows-Security-SPP-UX-Notifications/ActionCenter", "Provider_Name": "Microsoft-Windows-Security-SPP-UX-Notifications", "Computer": "DESKTOP-OFJ6N53", "TimeCreated": "2022-05-30 15:09:36.352758+00:00", "RecordID": "235", "Level": "3", "UserID": "S-1-5-20", "EventData.hc_stateid": "2"}
{"EventID": "100", "Channel": "Microsoft-Windows-Security-SPP-UX-Notifications/ActionCenter", "Provider_Name": "Microsoft-Windows-Security-SPP-UX-Notifications", "Computer": "DESKTOP-OFJ6N53", "TimeCreated": "2022-05-30 15:45:14.356728+00:00", "RecordID": "236", "Level": "3", "UserID": "S-1-5-20", "EventData.hc_stateid": "2"}
{"EventID": "100", "Channel": "Microsoft-Windows-Security-SPP-UX-Notifications/ActionCenter", "Provider_Name": "Microsoft-Windows-Security-SPP-UX-Notifications", "Computer": "DESKTOP-OFJ6N53", "TimeCreated": "2022-05-30 16:21:54.883263+00:00", "RecordID": "237", "Level": "3", "UserID": "S-1-5-20", "EventData.hc_stateid": "2"}
{"EventID": "100", "Channel": "Microsoft-Windows-Security-SPP-UX-Notifications/ActionCenter", "Provider_Name": "Microsoft-Windows-Security-SPP-UX-Notifications", "Computer": "DESKTOP-OFJ6N53", "TimeCreated": "2022-05-30 16:59:32.285042+00:00", "RecordID": "238", "Level": "3", "UserID": "S-1-5-20", "EventData.hc_stateid": "2"}
{"EventID": "100", "Channel": "Microsoft-Windows-Security-SPP-UX-Notifications/ActionCenter", "Provider_Name": "Microsoft-Windows-Security-SPP-UX-Notifications", "Computer": "DESKTOP-OFJ6N53", "TimeCreated": "2022-05-30 17:44:48.104427+00:00", "RecordID": "239", "Level": "3", "UserID": "S-1-5-20", "EventData.hc_stateid": "2"}
{"EventID": "100", "Channel": "Microsoft-Windows-Security-SPP-UX-Notifications/ActionCenter", "Provider_Name": "Microsoft-Windows-Security-SPP-UX-Notifications", "Computer": "DESKTOP-OFJ6N53", "TimeCreated": "2022-05-30 18:36:54.683695+00:00", "RecordID": "240", "Level": "3", "UserID": "S-1-5-20", "EventData.hc_stateid": "2"}
{"EventID": "100", "Channel": "Microsoft-Windows-Security-SPP-UX-Notifications/ActionCenter", "Provider_Name": "Microsoft-Windows-Security-SPP-UX-Notifications", "Computer": "DESKTOP-OFJ6N53", "TimeCreated": "2022-05-31 08:27:33.797930+00:00", "RecordID": "241", "Level": "3", "UserID": "S-1-5-20", "EventData.hc_stateid": "2"}
{"EventID": "100", "Channel": "Microsoft-Windows-Security-SPP-UX-Notifications/ActionCenter", "Provider_Name": "Microsoft-Windows-Security-SPP-UX-Notifications", "Computer": "DESKTOP-OFJ6N53", "TimeCreated": "2022-05-31 11:42:20.865479+00:00", "RecordID": "242", "Level": "3", "UserID": "S-1-5-20", "EventData.hc_stateid": "2"}
{"EventID": "100", "Channel": "Microsoft-Windows-Security-SPP-UX-Notifications/ActionCenter", "Provider_Name": "Microsoft-Windows-Security-SPP-UX-Notifications", "Computer": "DESKTOP-OFJ6N53", "TimeCreated": "2022-05-31 11:47:28.456192+00:00", "RecordID": "243", "Level": "3", "UserID": "S-1-5-20", "EventData.hc_stateid": "2"}
{"EventID": "100", "Channel": "Microsoft-Windows-Security-SPP-UX-Notifications/ActionCenter", "Provider_Name": "Microsoft-Windows-Security-SPP-UX-Notifications", "Computer": "DESKTOP-OFJ6N53", "TimeCreated": "2022-05-31 12:33:56.823805+00:00", "RecordID": "244", "Level": "3", "UserID": "S-1-5-20", "EventData.hc_stateid": "2"}
{"EventID": "100", "Channel": "Microsoft-Windows-Security-SPP-UX-Notifications/ActionCenter", "Provider_Name": "Microsoft-Windows-Security-SPP-UX-Notifications", "Computer": "DESKTOP-OFJ6N53", "TimeCreated": "2022-05-31 12:34:14.177666+00:00", "RecordID": "245", "Level": "3", "UserID": "S-1-5-20", "EventData.hc_stateid": "2"}
{"EventID": "100", "Channel": "Microsoft-Windows-Security-SPP-UX-Notifications/ActionCenter", "Provider_Name": "Microsoft-Windows-Security-SPP-UX-Notifications", "Computer": "DESKTOP-OFJ6N53", "TimeCreated": "2022-05-31 12:34:24.028320+00:00", "RecordID": "246", "Level": "3", "UserID": "S-1-5-20", "EventData.hc_stateid": "2"}
{"EventID": "100", "Channel": "Microsoft-Windows-Security-SPP-UX-Notifications/ActionCenter", "Provider_Name": "Microsoft-Windows-Security-SPP-UX-Notifications", "Computer": "DESKTOP-OFJ6N53", "TimeCreated": "2022-05-31 13:49:08.444105+00:00", "RecordID": "247", "Level": "3", "UserID": "S-1-5-20", "EventData.hc_stateid": "2"}
{"EventID": "100", "Channel": "Microsoft-Windows-Security-SPP-UX-Notifications/ActionCenter", "Provider_Name": "Microsoft-Windows-Security-SPP-UX-Notifications", "Computer": "DESKTOP-OFJ6N53", "TimeCreated": "2022-05-31 13:49:27.385529+00:00", "RecordID": "248", "Level": "3", "UserID": "S-1-5-20", "EventData.hc_stateid": "2"}
{"EventID": "100", "Channel": "Microsoft-Windows-Security-SPP-UX-Notifications/ActionCenter", "Provider_Name": "Microsoft-Windows-Security-SPP-UX-Notifications", "Computer": "DESKTOP-OFJ6N53", "TimeCreated": "2022-05-31 14:21:27.635693+00:00", "RecordID": "249", "Level": "3", "UserID": "S-1-5-20", "EventData.hc_stateid": "2"}
{"EventID": "100", "Channel": "Microsoft-Windows-Security-SPP-UX-Notifications/ActionCenter", "Provider_Name": "Microsoft-Windows-Security-SPP-UX-Notifications", "Computer": "DESKTOP-OFJ6N53", "TimeCreated": "2022-05-31 14:50:18.437689+00:00", "RecordID": "250", "Level": "3", "UserID": "S-1-5-20", "EventData.hc_stateid": "2"}
{"EventID": "100", "Channel": "Microsoft-Windows-Security-SPP-UX-Notifications/ActionCenter", "Provider_Name": "Microsoft-Windows-Security-SPP-UX-Notifications", "Computer": "DESKTOP-OFJ6N53", "TimeCreated": "2022-05-31 15:00:08.011787+00:00", "RecordID": "251", "Level": "3", "UserID": "S-1-5-20", "EventData.hc_stateid": "2"}
{"EventID": "100", "Channel": "Microsoft-Windows-Security-SPP-UX-Notifications/ActionCenter", "Provider_Name": "Microsoft-Windows-Security-SPP-UX-Notifications", "Computer": "DESKTOP-OFJ6N53", "TimeCreated": "2022-05-31 15:13:46.560194+00:00", "RecordID": "252", "Level": "3", "UserID": "S-1-5-20", "EventData.hc_stateid": "2"}
{"EventID": "100", "Channel": "Microsoft-Windows-Security-SPP-UX-Notifications/ActionCenter", "Provider_Name": "Microsoft-Windows-Security-SPP-UX-Notifications", "Computer": "DESKTOP-OFJ6N53", "TimeCreated": "2022-05-31 15:20:13.866175+00:00", "RecordID": "253", "Level": "3", "UserID": "S-1-5-20", "EventData.hc_stateid": "2"}
{"EventID": "100", "Channel": "Microsoft-Windows-Security-SPP-UX-Notifications/ActionCenter", "Provider_Name": "Microsoft-Windows-Security-SPP-UX-Notifications", "Computer": "DESKTOP-OFJ6N53", "TimeCreated": "2022-06-01 08:21:44.062246+00:00", "RecordID": "254", "Level": "3", "UserID": "S-1-5-20", "EventData.hc_stateid": "2"}
{"EventID": "100", "Channel": "Microsoft-Windows-Security-SPP-UX-Notifications/ActionCenter", "Provider_Name": "Microsoft-Windows-Security-SPP-UX-Notifications", "Computer": "DESKTOP-OFJ6N53", "TimeCreated": "2022-06-02 08:12:26.415539+00:00", "RecordID": "255", "Level": "3", "UserID": "S-1-5-20", "EventData.hc_stateid": "2"}
{"EventID": "100", "Channel": "Microsoft-Windows-Security-SPP-UX-Notifications/ActionCenter", "Provider_Name": "Microsoft-Windows-Security-SPP-UX-Notifications", "Computer": "DESKTOP-OFJ6N53", "TimeCreated": "2022-06-02 08:12:26.556503+00:00", "RecordID": "256", "Level": "3", "UserID": "S-1-5-20", "EventData.hc_stateid": "2"}
{"EventID": "100", "Channel": "Microsoft-Windows-Security-SPP-UX-Notifications/ActionCenter", "Provider_Name": "Microsoft-Windows-Security-SPP-UX-Notifications", "Computer": "DESKTOP-OFJ6N53", "TimeCreated": "2022-06-02 11:29:21.881819+00:00", "RecordID": "257", "Level": "3", "UserID": "S-1-5-20", "EventData.hc_stateid": "2"}
{"EventID": "100", "Channel": "Microsoft-Windows-Security-SPP-UX-Notifications/ActionCenter", "Provider_Name": "Microsoft-Windows-Security-SPP-UX-Notifications", "Computer": "DESKTOP-OFJ6N53", "TimeCreated": "2022-06-02 14:54:56.050537+00:00", "RecordID": "258", "Level": "3", "UserID": "S-1-5-20", "EventData.hc_stateid": "2"}
{"EventID": "100", "Channel": "Microsoft-Windows-Security-SPP-UX-Notifications/ActionCenter", "Provider_Name": "Microsoft-Windows-Security-SPP-UX-Notifications", "Computer": "DESKTOP-OFJ6N53", "TimeCreated": "2022-06-02 15:49:35.706263+00:00", "RecordID": "259", "Level": "3", "UserID": "S-1-5-20", "EventData.hc_stateid": "2"}
{"EventID": "100", "Channel": "Microsoft-Windows-Security-SPP-UX-Notifications/ActionCenter", "Provider_Name": "Microsoft-Windows-Security-SPP-UX-Notifications", "Computer": "DESKTOP-OFJ6N53", "TimeCreated": "2022-06-03 07:12:50.136948+00:00", "RecordID": "260", "Level": "3", "UserID": "S-1-5-20", "EventData.hc_stateid": "2"}
{"EventID": "100", "Channel": "Microsoft-Windows-Security-SPP-UX-Notifications/ActionCenter", "Provider_Name": "Microsoft-Windows-Security-SPP-UX-Notifications", "Computer": "DESKTOP-OFJ6N53", "TimeCreated": "2022-06-03 10:24:01.248230+00:00", "RecordID": "261", "Level": "3", "UserID": "S-1-5-20", "EventData.hc_stateid": "2"}
{"EventID": "100", "Channel": "Microsoft-Windows-Security-SPP-UX-Notifications/ActionCenter", "Provider_Name": "Microsoft-Windows-Security-SPP-UX-Notifications", "Computer": "DESKTOP-OFJ6N53", "TimeCreated": "2022-06-03 11:00:25.736273+00:00", "RecordID": "262", "Level": "3", "UserID": "S-1-5-20", "EventData.hc_stateid": "2"}
{"EventID": "100", "Channel": "Microsoft-Windows-Security-SPP-UX-Notifications/ActionCenter", "Provider_Name": "Microsoft-Windows-Security-SPP-UX-Notifications", "Computer": "DESKTOP-OFJ6N53", "TimeCreated": "2022-06-03 13:18:41.084204+00:00", "RecordID": "263", "Level": "3", "UserID": "S-1-5-20", "EventData.hc_stateid": "2"}
{"EventID": "100", "Channel": "Microsoft-Windows-Security-SPP-UX-Notifications/ActionCenter", "Provider_Name": "Microsoft-Windows-Security-SPP-UX-Notifications", "Computer": "DESKTOP-OFJ6N53", "TimeCreated": "2022-06-03 14:14:40.427820+00:00", "RecordID": "264", "Level": "3", "UserID": "S-1-5-20", "EventData.hc_stateid": "2"}
{"EventID": "100", "Channel": "Microsoft-Windows-Security-SPP-UX-Notifications/ActionCenter", "Provider_Name": "Microsoft-Windows-Security-SPP-UX-Notifications", "Computer": "DESKTOP-OFJ6N53", "TimeCreated": "2022-06-03 15:09:48.142374+00:00", "RecordID": "265", "Level": "3", "UserID": "S-1-5-20", "EventData.hc_stateid": "2"}
{"EventID": "100", "Channel": "Microsoft-Windows-Security-SPP-UX-Notifications/ActionCenter", "Provider_Name": "Microsoft-Windows-Security-SPP-UX-Notifications", "Computer": "DESKTOP-OFJ6N53", "TimeCreated": "2022-06-04 15:09:39.456602+00:00", "RecordID": "266", "Level": "3", "UserID": "S-1-5-20", "EventData.hc_stateid": "2"}
{"EventID": "100", "Channel": "Microsoft-Windows-Security-SPP-UX-Notifications/ActionCenter", "Provider_Name": "Microsoft-Windows-Security-SPP-UX-Notifications", "Computer": "DESKTOP-OFJ6N53", "TimeCreated": "2022-06-05 15:09:39.624516+00:00", "RecordID": "267", "Level": "3", "UserID": "S-1-5-20", "EventData.hc_stateid": "2"}
{"EventID": "100", "Channel": "Microsoft-Windows-Security-SPP-UX-Notifications/ActionCenter", "Provider_Name": "Microsoft-Windows-Security-SPP-UX-Notifications", "Computer": "DESKTOP-OFJ6N53", "TimeCreated": "2022-06-06 07:37:34.038364+00:00", "RecordID": "268", "Level": "3", "UserID": "S-1-5-20", "EventData.hc_stateid": "2"}
{"EventID": "100", "Channel": "Microsoft-Windows-Security-SPP-UX-Notifications/ActionCenter", "Provider_Name": "Microsoft-Windows-Security-SPP-UX-Notifications", "Computer": "DESKTOP-OFJ6N53", "TimeCreated": "2022-06-06 07:37:35.041662+00:00", "RecordID": "269", "Level": "3", "UserID": "S-1-5-20", "EventData.hc_stateid": "2"}
{"EventID": "100", "Channel": "Microsoft-Windows-Security-SPP-UX-Notifications/ActionCenter", "Provider_Name": "Microsoft-Windows-Security-SPP-UX-Notifications", "Computer": "DESKTOP-OFJ6N53", "TimeCreated": "2022-06-06 07:59:14.099096+00:00", "RecordID": "270", "Level": "3", "UserID": "S-1-5-20", "EventData.hc_stateid": "2"}
{"EventID": "100", "Channel": "Microsoft-Windows-Security-SPP-UX-Notifications/ActionCenter", "Provider_Name": "Microsoft-Windows-Security-SPP-UX-Notifications", "Computer": "DESKTOP-OFJ6N53", "TimeCreated": "2022-06-06 07:59:14.208738+00:00", "RecordID": "271", "Level": "3", "UserID": "S-1-5-20", "EventData.hc_stateid": "2"}
{"EventID": "100", "Channel": "Microsoft-Windows-Security-SPP-UX-Notifications/ActionCenter", "Provider_Name": "Microsoft-Windows-Security-SPP-UX-Notifications", "Computer": "DESKTOP-OFJ6N53", "TimeCreated": "2022-06-06 09:32:01.452240+00:00", "RecordID": "272", "Level": "3", "UserID": "S-1-5-20", "EventData.hc_stateid": "2"}
{"EventID": "100", "Channel": "Microsoft-Windows-Security-SPP-UX-Notifications/ActionCenter", "Provider_Name": "Microsoft-Windows-Security-SPP-UX-Notifications", "Computer": "DESKTOP-OFJ6N53", "TimeCreated": "2022-06-06 10:58:00.302816+00:00", "RecordID": "273", "Level": "3", "UserID": "S-1-5-20", "EventData.hc_stateid": "2"}
{"EventID": "100", "Channel": "Microsoft-Windows-Security-SPP-UX-Notifications/ActionCenter", "Provider_Name": "Microsoft-Windows-Security-SPP-UX-Notifications", "Computer": "DESKTOP-OFJ6N53", "TimeCreated": "2022-06-06 10:58:00.417316+00:00", "RecordID": "274", "Level": "3", "UserID": "S-1-5-20", "EventData.hc_stateid": "2"}
{"EventID": "100", "Channel": "Microsoft-Windows-Security-SPP-UX-Notifications/ActionCenter", "Provider_Name": "Microsoft-Windows-Security-SPP-UX-Notifications", "Computer": "DESKTOP-OFJ6N53", "TimeCreated": "2022-06-06 14:14:22.193497+00:00", "RecordID": "275", "Level": "3", "UserID": "S-1-5-20", "EventData.hc_stateid": "2"}
{"EventID": "100", "Channel": "Microsoft-Windows-Security-SPP-UX-Notifications/ActionCenter", "Provider_Name": "Microsoft-Windows-Security-SPP-UX-Notifications", "Computer": "DESKTOP-OFJ6N53", "TimeCreated": "2022-06-07 08:14:11.313875+00:00", "RecordID": "276", "Level": "3", "UserID": "S-1-5-20", "EventData.hc_stateid": "2"}
{"EventID": "100", "Channel": "Microsoft-Windows-Security-SPP-UX-Notifications/ActionCenter", "Provider_Name": "Microsoft-Windows-Security-SPP-UX-Notifications", "Computer": "DESKTOP-OFJ6N53", "TimeCreated": "2022-06-07 10:03:16.883007+00:00", "RecordID": "277", "Level": "3", "UserID": "S-1-5-20", "EventData.hc_stateid": "2"}
{"EventID": "100", "Channel": "Microsoft-Windows-Security-SPP-UX-Notifications/ActionCenter", "Provider_Name": "Microsoft-Windows-Security-SPP-UX-Notifications", "Computer": "DESKTOP-OFJ6N53", "TimeCreated": "2022-06-07 11:07:12.496416+00:00", "RecordID": "278", "Level": "3", "UserID": "S-1-5-20", "EventData.hc_stateid": "2"}
{"EventID": "100", "Channel": "Microsoft-Windows-Security-SPP-UX-Notifications/ActionCenter", "Provider_Name": "Microsoft-Windows-Security-SPP-UX-Notifications", "Computer": "DESKTOP-OFJ6N53", "TimeCreated": "2022-06-07 11:21:12.652046+00:00", "RecordID": "279", "Level": "3", "UserID": "S-1-5-20", "EventData.hc_stateid": "2"}
{"EventID": "100", "Channel": "Microsoft-Windows-Security-SPP-UX-Notifications/ActionCenter", "Provider_Name": "Microsoft-Windows-Security-SPP-UX-Notifications", "Computer": "DESKTOP-OFJ6N53", "TimeCreated": "2022-06-07 12:05:53.877369+00:00", "RecordID": "280", "Level": "3", "UserID": "S-1-5-20", "EventData.hc_stateid": "2"}
{"EventID": "100", "Channel": "Microsoft-Windows-Security-SPP-UX-Notifications/ActionCenter", "Provider_Name": "Microsoft-Windows-Security-SPP-UX-Notifications", "Computer": "DESKTOP-OFJ6N53", "TimeCreated": "2022-06-07 12:51:59.114218+00:00", "RecordID": "281", "Level": "3", "UserID": "S-1-5-20", "EventData.hc_stateid": "2"}
{"EventID": "100", "Channel": "Microsoft-Windows-Security-SPP-UX-Notifications/ActionCenter", "Provider_Name": "Microsoft-Windows-Security-SPP-UX-Notifications", "Computer": "DESKTOP-OFJ6N53", "TimeCreated": "2022-06-11 10:50:31.169975+00:00", "RecordID": "282", "Level": "3", "UserID": "S-1-5-20", "EventData.hc_stateid": "2"}
{"EventID": "100", "Channel": "Microsoft-Windows-Security-SPP-UX-Notifications/ActionCenter", "Provider_Name": "Microsoft-Windows-Security-SPP-UX-Notifications", "Computer": "DESKTOP-OFJ6N53", "TimeCreated": "2022-06-14 08:04:59.615042+00:00", "RecordID": "283", "Level": "3", "UserID": "S-1-5-20", "EventData.hc_stateid": "2"}
{"EventID": "100", "Channel": "Microsoft-Windows-Security-SPP-UX-Notifications/ActionCenter", "Provider_Name": "Microsoft-Windows-Security-SPP-UX-Notifications", "Computer": "DESKTOP-OFJ6N53", "TimeCreated": "2022-06-14 13:24:37.524908+00:00", "RecordID": "284", "Level": "3", "UserID": "S-1-5-20", "EventData.hc_stateid": "2"}
{"EventID": "100", "Channel": "Microsoft-Windows-Security-SPP-UX-Notifications/ActionCenter", "Provider_Name": "Microsoft-Windows-Security-SPP-UX-Notifications", "Computer": "DESKTOP-OFJ6N53", "TimeCreated": "2022-06-14 13:35:09.599596+00:00", "RecordID": "285", "Level": "3", "UserID": "S-1-5-20", "EventData.hc_stateid": "2"}
{"EventID": "100", "Channel": "Microsoft-Windows-Security-SPP-UX-Notifications/ActionCenter", "Provider_Name": "Microsoft-Windows-Security-SPP-UX-Notifications", "Computer": "DESKTOP-OFJ6N53", "TimeCreated": "2022-06-14 18:02:46.014112+00:00", "RecordID": "286", "Level": "3", "UserID": "S-1-5-20", "EventData.hc_stateid": "2"}
{"EventID": "100", "Channel": "Microsoft-Windows-Security-SPP-UX-Notifications/ActionCenter", "Provider_Name": "Microsoft-Windows-Security-SPP-UX-Notifications", "Computer": "DESKTOP-OFJ6N53", "TimeCreated": "2022-06-14 18:02:46.088020+00:00", "RecordID": "287", "Level": "3", "UserID": "S-1-5-20", "EventData.hc_stateid": "2"}
{"EventID": "100", "Channel": "Microsoft-Windows-Security-SPP-UX-Notifications/ActionCenter", "Provider_Name": "Microsoft-Windows-Security-SPP-UX-Notifications", "Computer": "DESKTOP-OFJ6N53", "TimeCreated": "2022-06-15 12:41:30.832985+00:00", "RecordID": "288", "Level": "3", "UserID": "S-1-5-20", "EventData.hc_stateid": "2"}
{"EventID": "100", "Channel": "Microsoft-Windows-Security-SPP-UX-Notifications/ActionCenter", "Provider_Name": "Microsoft-Windows-Security-SPP-UX-Notifications", "Computer": "DESKTOP-OFJ6N53", "TimeCreated": "2022-06-15 14:59:57.749411+00:00", "RecordID": "289", "Level": "3", "UserID": "S-1-5-20", "EventData.hc_stateid": "2"}
{"EventID": "100", "Channel": "Microsoft-Windows-Security-SPP-UX-Notifications/ActionCenter", "Provider_Name": "Microsoft-Windows-Security-SPP-UX-Notifications", "Computer": "DESKTOP-OFJ6N53", "TimeCreated": "2022-06-15 15:04:38.277136+00:00", "RecordID": "290", "Level": "3", "UserID": "S-1-5-20", "EventData.hc_stateid": "2"}
{"EventID": "100", "Channel": "Microsoft-Windows-Security-SPP-UX-Notifications/ActionCenter", "Provider_Name": "Microsoft-Windows-Security-SPP-UX-Notifications", "Computer": "DESKTOP-OFJ6N53", "TimeCreated": "2022-06-15 15:04:51.873499+00:00", "RecordID": "291", "Level": "3", "UserID": "S-1-5-20", "EventData.hc_stateid": "2"}
{"EventID": "100", "Channel": "Microsoft-Windows-Security-SPP-UX-Notifications/ActionCenter", "Provider_Name": "Microsoft-Windows-Security-SPP-UX-Notifications", "Computer": "DESKTOP-OFJ6N53", "TimeCreated": "2022-06-15 15:16:15.534119+00:00", "RecordID": "292", "Level": "3", "UserID": "S-1-5-20", "EventData.hc_stateid": "2"}
{"EventID": "100", "Channel": "Microsoft-Windows-Security-SPP-UX-Notifications/ActionCenter", "Provider_Name": "Microsoft-Windows-Security-SPP-UX-Notifications", "Computer": "DESKTOP-OFJ6N53", "TimeCreated": "2022-06-15 15:16:28.437859+00:00", "RecordID": "293", "Level": "3", "UserID": "S-1-5-20", "EventData.hc_stateid": "2"}
{"EventID": "100", "Channel": "Microsoft-Windows-Security-SPP-UX-Notifications/ActionCenter", "Provider_Name": "Microsoft-Windows-Security-SPP-UX-Notifications", "Computer": "DESKTOP-OFJ6N53", "TimeCreated": "2022-06-16 07:58:39.089544+00:00", "RecordID": "294", "Level": "3", "UserID": "S-1-5-20", "EventData.hc_stateid": "2"}
{"EventID": "100", "Channel": "Microsoft-Windows-Security-SPP-UX-Notifications/ActionCenter", "Provider_Name": "Microsoft-Windows-Security-SPP-UX-Notifications", "Computer": "DESKTOP-OFJ6N53", "TimeCreated": "2022-06-16 07:58:45.657745+00:00", "RecordID": "295", "Level": "3", "UserID": "S-1-5-20", "EventData.hc_stateid": "2"}
{"EventID": "100", "Channel": "Microsoft-Windows-Security-SPP-UX-Notifications/ActionCenter", "Provider_Name": "Microsoft-Windows-Security-SPP-UX-Notifications", "Computer": "DESKTOP-OFJ6N53", "TimeCreated": "2022-07-01 12:33:00.533375+00:00", "RecordID": "296", "Level": "3", "UserID": "S-1-5-20", "EventData.hc_stateid": "2"}
{"EventID": "100", "Channel": "Microsoft-Windows-Security-SPP-UX-Notifications/ActionCenter", "Provider_Name": "Microsoft-Windows-Security-SPP-UX-Notifications", "Computer": "DESKTOP-OFJ6N53", "TimeCreated": "2022-07-01 15:09:22.157324+00:00", "RecordID": "297", "Level": "3", "UserID": "S-1-5-20", "EventData.hc_stateid": "2"}
{"EventID": "100", "Channel": "Microsoft-Windows-Security-SPP-UX-Notifications/ActionCenter", "Provider_Name": "Microsoft-Windows-Security-SPP-UX-Notifications", "Computer": "DESKTOP-OFJ6N53", "TimeCreated": "2022-07-02 15:09:26.153149+00:00", "RecordID": "298", "Level": "3", "UserID": "S-1-5-20", "EventData.hc_stateid": "2"}
{"EventID": "100", "Channel": "Microsoft-Windows-Security-SPP-UX-Notifications/ActionCenter", "Provider_Name": "Microsoft-Windows-Security-SPP-UX-Notifications", "Computer": "DESKTOP-OFJ6N53", "TimeCreated": "2022-07-03 15:09:23.481245+00:00", "RecordID": "299", "Level": "3", "UserID": "S-1-5-20", "EventData.hc_stateid": "2"}
{"EventID": "100", "Channel": "Microsoft-Windows-Security-SPP-UX-Notifications/ActionCenter", "Provider_Name": "Microsoft-Windows-Security-SPP-UX-Notifications", "Computer": "DESKTOP-OFJ6N53", "TimeCreated": "2022-07-04 07:50:36.201429+00:00", "RecordID": "300", "Level": "3", "UserID": "S-1-5-20", "EventData.hc_stateid": "2"}
{"EventID": "100", "Channel": "Microsoft-Windows-Security-SPP-UX-Notifications/ActionCenter", "Provider_Name": "Microsoft-Windows-Security-SPP-UX-Notifications", "Computer": "DESKTOP-OFJ6N53", "TimeCreated": "2022-07-04 15:47:20.930536+00:00", "RecordID": "301", "Level": "3", "UserID": "S-1-5-20", "EventData.hc_stateid": "2"}
{"EventID": "100", "Channel": "Microsoft-Windows-Security-SPP-UX-Notifications/ActionCenter", "Provider_Name": "Microsoft-Windows-Security-SPP-UX-Notifications", "Computer": "DESKTOP-OFJ6N53", "TimeCreated": "2022-07-04 15:47:21.145477+00:00", "RecordID": "302", "Level": "3", "UserID": "S-1-5-20", "EventData.hc_stateid": "2"}
{"EventID": "100", "Channel": "Microsoft-Windows-Security-SPP-UX-Notifications/ActionCenter", "Provider_Name": "Microsoft-Windows-Security-SPP-UX-Notifications", "Computer": "DESKTOP-OFJ6N53", "TimeCreated": "2022-07-05 15:47:15.651852+00:00", "RecordID": "303", "Level": "3", "UserID": "S-1-5-20", "EventData.hc_stateid": "2"}
{"EventID": "100", "Channel": "Microsoft-Windows-Security-SPP-UX-Notifications/ActionCenter", "Provider_Name": "Microsoft-Windows-Security-SPP-UX-Notifications", "Computer": "DESKTOP-OFJ6N53", "TimeCreated": "2022-07-06 15:47:18.010527+00:00", "RecordID": "304", "Level": "3", "UserID": "S-1-5-20", "EventData.hc_stateid": "2"}
