{"EventID": "5857", "Channel": "Microsoft-Windows-WMI-Activity/Operational", "Provider_Name": "Microsoft-Windows-WMI-Activity", "Computer": "DESKTOP-OFJ6N53", "TimeCreated": "2025-08-13 00:59:24.559496+00:00", "RecordID": "159665", "Level": "0", "UserID": "S-1-5-20"}
{"EventID": "5857", "Channel": "Microsoft-Windows-WMI-Activity/Operational", "Provider_Name": "Microsoft-Windows-WMI-Activity", "Computer": "DESKTOP-OFJ6N53", "TimeCreated": "2025-08-13 00:59:27.486122+00:00", "RecordID": "159666", "Level": "0", "UserID": "S-1-5-20"}
{"EventID": "5858", "Channel": "Microsoft-Windows-WMI-Activity/Operational", "Provider_Name": "Microsoft-Windows-WMI-Activity", "Computer": "DESKTOP-OFJ6N53", "TimeCreated": "2025-08-13 00:59:27.508013+00:00", "RecordID": "159667", "Level": "2", "UserID": "S-1-5-18"}
{"EventID": "5857", "Channel": "Microsoft-Windows-WMI-Activity/Operational", "Provider_Name": "Microsoft-Windows-WMI-Activity", "Computer": "DESKTOP-OFJ6N53", "TimeCreated": "2025-08-13 01:57:52.892262+00:00", "RecordID": "159668", "Level": "0", "UserID": "S-1-5-20"}
{"EventID": "5857", "Channel": "Microsoft-Windows-WMI-Activity/Operational", "Provider_Name": "Microsoft-Windows-WMI-Activity", "Computer": "DESKTOP-OFJ6N53", "TimeCreated": "2025-08-13 01:57:53.072674+00:00", "RecordID": "159669", "Level": "0", "UserID": "S-1-5-20"}
{"EventID": "5857", "Channel": "Microsoft-Windows-WMI-Activity/Operational", "Provider_Name": "Microsoft-Windows-WMI-Activity", "Computer": "DESKTOP-OFJ6N53", "TimeCreated": "2025-08-13 02:58:44.833570+00:00", "RecordID": "159670", "Level": "0", "UserID": "S-1-5-20"}
{"EventID": "5857", "Channel": "Microsoft-Windows-WMI-Activity/Operational", "Provider_Name": "Microsoft-Windows-WMI-Activity", "Computer": "DESKTOP-OFJ6N53", "TimeCreated": "2025-08-13 02:58:44.976320+00:00", "RecordID": "159671", "Level": "0", "UserID": "S-1-5-20"}
{"EventID": "5857", "Channel": "Microsoft-Windows-WMI-Activity/Operational", "Provider_Name": "Microsoft-Windows-WMI-Activity", "Computer": "DESKTOP-OFJ6N53", "TimeCreated": "2025-08-13 03:58:44.614185+00:00", "RecordID": "159672", "Level": "0", "UserID": "S-1-5-20"}
{"EventID": "5857", "Channel": "Microsoft-Windows-WMI-Activity/Operational", "Provider_Name": "Microsoft-Windows-WMI-Activity", "Computer": "DESKTOP-OFJ6N53", "TimeCreated": "2025-08-13 03:58:44.680283+00:00", "RecordID": "159673", "Level": "0", "UserID": "S-1-5-20"}
{"EventID": "5857", "Channel": "Microsoft-Windows-WMI-Activity/Operational", "Provider_Name": "Microsoft-Windows-WMI-Activity", "Computer": "DESKTOP-OFJ6N53", "TimeCreated": "2025-08-13 04:58:44.620152+00:00", "RecordID": "159674", "Level": "0", "UserID": "S-1-5-20"}
{"EventID": "5857", "Channel": "Microsoft-Windows-WMI-Activity/Operational", "Provider_Name": "Microsoft-Windows-WMI-Activity", "Computer": "DESKTOP-OFJ6N53", "TimeCreated": "2025-08-13 04:58:44.688293+00:00", "RecordID": "159675", "Level": "0", "UserID": "S-1-5-20"}
{"EventID": "5857", "Channel": "Microsoft-Windows-WMI-Activity/Operational", "Provider_Name": "Microsoft-Windows-WMI-Activity", "Computer": "DESKTOP-OFJ6N53", "TimeCreated": "2025-08-13 05:24:13.693907+00:00", "RecordID": "159676", "Level": "0", "UserID": "S-1-5-20"}
{"EventID": "5857", "Channel": "Microsoft-Windows-WMI-Activity/Operational", "Provider_Name": "Microsoft-Windows-WMI-Activity", "Computer": "DESKTOP-OFJ6N53", "TimeCreated": "2025-08-13 05:24:13.863762+00:00", "RecordID": "159677", "Level": "0", "UserID": "S-1-5-20"}
{"EventID": "5857", "Channel": "Microsoft-Windows-WMI-Activity/Operational", "Provider_Name": "Microsoft-Windows-WMI-Activity", "Computer": "DESKTOP-OFJ6N53", "TimeCreated": "2025-08-13 05:41:59.168619+00:00", "RecordID": "159678", "Level": "0", "UserID": "S-1-5-20"}
{"EventID": "5857", "Channel": "Microsoft-Windows-WMI-Activity/Operational", "Provider_Name": "Microsoft-Windows-WMI-Activity", "Computer": "DESKTOP-OFJ6N53", "TimeCreated": "2025-08-13 05:58:44.631029+00:00", "RecordID": "159679", "Level": "0", "UserID": "S-1-5-20"}
{"EventID": "5857", "Channel": "Microsoft-Windows-WMI-Activity/Operational", "Provider_Name": "Microsoft-Windows-WMI-Activity", "Computer": "DESKTOP-OFJ6N53", "TimeCreated": "2025-08-13 05:58:44.698895+00:00", "RecordID": "159680", "Level": "0", "UserID": "S-1-5-20"}
{"EventID": "5857", "Channel": "Microsoft-Windows-WMI-Activity/Operational", "Provider_Name": "Microsoft-Windows-WMI-Activity", "Computer": "DESKTOP-OFJ6N53", "TimeCreated": "2025-08-13 06:18:07.454304+00:00", "RecordID": "159681", "Level": "0", "UserID": "S-1-5-20"}
{"EventID": "5857", "Channel": "Microsoft-Windows-WMI-Activity/Operational", "Provider_Name": "Microsoft-Windows-WMI-Activity", "Computer": "DESKTOP-OFJ6N53", "TimeCreated": "2025-08-13 06:19:44.735914+00:00", "RecordID": "159682", "Level": "0", "UserID": "S-1-5-20"}
{"EventID": "5857", "Channel": "Microsoft-Windows-WMI-Activity/Operational", "Provider_Name": "Microsoft-Windows-WMI-Activity", "Computer": "DESKTOP-OFJ6N53", "TimeCreated": "2025-08-13 06:19:44.806425+00:00", "RecordID": "159683", "Level": "0", "UserID": "S-1-5-20"}
{"EventID": "5857", "Channel": "Microsoft-Windows-WMI-Activity/Operational", "Provider_Name": "Microsoft-Windows-WMI-Activity", "Computer": "DESKTOP-OFJ6N53", "TimeCreated": "2025-08-13 06:58:45.017447+00:00", "RecordID": "159684", "Level": "0", "UserID": "S-1-5-20"}
{"EventID": "5857", "Channel": "Microsoft-Windows-WMI-Activity/Operational", "Provider_Name": "Microsoft-Windows-WMI-Activity", "Computer": "DESKTOP-OFJ6N53", "TimeCreated": "2025-08-13 06:58:45.159357+00:00", "RecordID": "159685", "Level": "0", "UserID": "S-1-5-20"}
{"EventID": "5857", "Channel": "Microsoft-Windows-WMI-Activity/Operational", "Provider_Name": "Microsoft-Windows-WMI-Activity", "Computer": "DESKTOP-OFJ6N53", "TimeCreated": "2025-08-13 07:57:53.138847+00:00", "RecordID": "159686", "Level": "0", "UserID": "S-1-5-20"}
{"EventID": "5857", "Channel": "Microsoft-Windows-WMI-Activity/Operational", "Provider_Name": "Microsoft-Windows-WMI-Activity", "Computer": "DESKTOP-OFJ6N53", "TimeCreated": "2025-08-13 07:57:53.202450+00:00", "RecordID": "159687", "Level": "0", "UserID": "S-1-5-20"}
{"EventID": "5857", "Channel": "Microsoft-Windows-WMI-Activity/Operational", "Provider_Name": "Microsoft-Windows-WMI-Activity", "Computer": "DESKTOP-OFJ6N53", "TimeCreated": "2025-08-13 08:38:11.245281+00:00", "RecordID": "159688", "Level": "0", "UserID": "S-1-5-20"}
{"EventID": "5857", "Channel": "Microsoft-Windows-WMI-Activity/Operational", "Provider_Name": "Microsoft-Windows-WMI-Activity", "Computer": "DESKTOP-OFJ6N53", "TimeCreated": "2025-08-13 08:38:11.314381+00:00", "RecordID": "159689", "Level": "0", "UserID": "S-1-5-20"}
{"EventID": "5857", "Channel": "Microsoft-Windows-WMI-Activity/Operational", "Provider_Name": "Microsoft-Windows-WMI-Activity", "Computer": "DESKTOP-OFJ6N53", "TimeCreated": "2025-08-13 08:58:44.684610+00:00", "RecordID": "159690", "Level": "0", "UserID": "S-1-5-20"}
{"EventID": "5857", "Channel": "Microsoft-Windows-WMI-Activity/Operational", "Provider_Name": "Microsoft-Windows-WMI-Activity", "Computer": "DESKTOP-OFJ6N53", "TimeCreated": "2025-08-13 08:58:44.755074+00:00", "RecordID": "159691", "Level": "0", "UserID": "S-1-5-20"}
{"EventID": "5857", "Channel": "Microsoft-Windows-WMI-Activity/Operational", "Provider_Name": "Microsoft-Windows-WMI-Activity", "Computer": "DESKTOP-OFJ6N53", "TimeCreated": "2025-08-13 09:29:48.200306+00:00", "RecordID": "159692", "Level": "0", "UserID": "S-1-5-20"}
{"EventID": "5857", "Channel": "Microsoft-Windows-WMI-Activity/Operational", "Provider_Name": "Microsoft-Windows-WMI-Activity", "Computer": "DESKTOP-OFJ6N53", "TimeCreated": "2025-08-13 09:32:50.680592+00:00", "RecordID": "159693", "Level": "0", "UserID": "S-1-5-20"}
{"EventID": "5857", "Channel": "Microsoft-Windows-WMI-Activity/Operational", "Provider_Name": "Microsoft-Windows-WMI-Activity", "Computer": "DESKTOP-OFJ6N53", "TimeCreated": "2025-08-13 09:43:16.862566+00:00", "RecordID": "159694", "Level": "0", "UserID": "S-1-5-20"}
{"EventID": "5857", "Channel": "Microsoft-Windows-WMI-Activity/Operational", "Provider_Name": "Microsoft-Windows-WMI-Activity", "Computer": "DESKTOP-OFJ6N53", "TimeCreated": "2025-08-13 09:43:17.150955+00:00", "RecordID": "159695", "Level": "0", "UserID": "S-1-5-20"}
{"EventID": "5857", "Channel": "Microsoft-Windows-WMI-Activity/Operational", "Provider_Name": "Microsoft-Windows-WMI-Activity", "Computer": "DESKTOP-OFJ6N53", "TimeCreated": "2025-08-13 09:43:33.230778+00:00", "RecordID": "159696", "Level": "0", "UserID": "S-1-5-20"}
{"EventID": "5857", "Channel": "Microsoft-Windows-WMI-Activity/Operational", "Provider_Name": "Microsoft-Windows-WMI-Activity", "Computer": "DESKTOP-OFJ6N53", "TimeCreated": "2025-08-13 09:53:07.196955+00:00", "RecordID": "159697", "Level": "0", "UserID": "S-1-5-18"}
{"EventID": "5857", "Channel": "Microsoft-Windows-WMI-Activity/Operational", "Provider_Name": "Microsoft-Windows-WMI-Activity", "Computer": "DESKTOP-OFJ6N53", "TimeCreated": "2025-08-13 10:01:26.886349+00:00", "RecordID": "159698", "Level": "0", "UserID": "S-1-5-20"}
{"EventID": "5857", "Channel": "Microsoft-Windows-WMI-Activity/Operational", "Provider_Name": "Microsoft-Windows-WMI-Activity", "Computer": "DESKTOP-OFJ6N53", "TimeCreated": "2025-08-13 10:06:32.741919+00:00", "RecordID": "159699", "Level": "0", "UserID": "S-1-5-20"}
{"EventID": "5857", "Channel": "Microsoft-Windows-WMI-Activity/Operational", "Provider_Name": "Microsoft-Windows-WMI-Activity", "Computer": "DESKTOP-OFJ6N53", "TimeCreated": "2025-08-13 10:06:33.065086+00:00", "RecordID": "159700", "Level": "0", "UserID": "S-1-5-20"}
{"EventID": "5857", "Channel": "Microsoft-Windows-WMI-Activity/Operational", "Provider_Name": "Microsoft-Windows-WMI-Activity", "Computer": "DESKTOP-OFJ6N53", "TimeCreated": "2025-08-13 11:08:56.101425+00:00", "RecordID": "159701", "Level": "0", "UserID": "S-1-5-20"}
{"EventID": "5857", "Channel": "Microsoft-Windows-WMI-Activity/Operational", "Provider_Name": "Microsoft-Windows-WMI-Activity", "Computer": "DESKTOP-OFJ6N53", "TimeCreated": "2025-08-13 11:08:56.170296+00:00", "RecordID": "159702", "Level": "0", "UserID": "S-1-5-20"}
{"EventID": "5857", "Channel": "Microsoft-Windows-WMI-Activity/Operational", "Provider_Name": "Microsoft-Windows-WMI-Activity", "Computer": "DESKTOP-OFJ6N53", "TimeCreated": "2025-08-13 11:17:05.311716+00:00", "RecordID": "159703", "Level": "0", "UserID": "S-1-5-20"}
{"EventID": "5857", "Channel": "Microsoft-Windows-WMI-Activity/Operational", "Provider_Name": "Microsoft-Windows-WMI-Activity", "Computer": "DESKTOP-OFJ6N53", "TimeCreated": "2025-08-13 11:26:51.766914+00:00", "RecordID": "159704", "Level": "0", "UserID": "S-1-5-20"}
{"EventID": "5857", "Channel": "Microsoft-Windows-WMI-Activity/Operational", "Provider_Name": "Microsoft-Windows-WMI-Activity", "Computer": "DESKTOP-OFJ6N53", "TimeCreated": "2025-08-13 11:32:01.563820+00:00", "RecordID": "159705", "Level": "0", "UserID": "S-1-5-20"}
{"EventID": "5857", "Channel": "Microsoft-Windows-WMI-Activity/Operational", "Provider_Name": "Microsoft-Windows-WMI-Activity", "Computer": "DESKTOP-OFJ6N53", "TimeCreated": "2025-08-13 11:32:01.627056+00:00", "RecordID": "159706", "Level": "0", "UserID": "S-1-5-20"}
{"EventID": "5857", "Channel": "Microsoft-Windows-WMI-Activity/Operational", "Provider_Name": "Microsoft-Windows-WMI-Activity", "Computer": "DESKTOP-OFJ6N53", "TimeCreated": "2025-08-13 11:46:09.791454+00:00", "RecordID": "159707", "Level": "0", "UserID": "S-1-5-20"}
{"EventID": "5857", "Channel": "Microsoft-Windows-WMI-Activity/Operational", "Provider_Name": "Microsoft-Windows-WMI-Activity", "Computer": "DESKTOP-OFJ6N53", "TimeCreated": "2025-08-13 11:48:18.582642+00:00", "RecordID": "159708", "Level": "0", "UserID": "S-1-5-20"}
{"EventID": "5857", "Channel": "Microsoft-Windows-WMI-Activity/Operational", "Provider_Name": "Microsoft-Windows-WMI-Activity", "Computer": "DESKTOP-OFJ6N53", "TimeCreated": "2025-08-13 11:51:08.547449+00:00", "RecordID": "159709", "Level": "0", "UserID": "S-1-5-20"}
{"EventID": "5858", "Channel": "Microsoft-Windows-WMI-Activity/Operational", "Provider_Name": "Microsoft-Windows-WMI-Activity", "Computer": "DESKTOP-OFJ6N53", "TimeCreated": "2025-08-13 11:51:08.836920+00:00", "RecordID": "159710", "Level": "2", "UserID": "S-1-5-18"}
{"EventID": "5858", "Channel": "Microsoft-Windows-WMI-Activity/Operational", "Provider_Name": "Microsoft-Windows-WMI-Activity", "Computer": "DESKTOP-OFJ6N53", "TimeCreated": "2025-08-13 11:51:32.283550+00:00", "RecordID": "159711", "Level": "2", "UserID": "S-1-5-18"}
{"EventID": "5857", "Channel": "Microsoft-Windows-WMI-Activity/Operational", "Provider_Name": "Microsoft-Windows-WMI-Activity", "Computer": "DESKTOP-OFJ6N53", "TimeCreated": "2025-08-13 12:03:15.032650+00:00", "RecordID": "159712", "Level": "0", "UserID": "S-1-5-20"}
{"EventID": "5857", "Channel": "Microsoft-Windows-WMI-Activity/Operational", "Provider_Name": "Microsoft-Windows-WMI-Activity", "Computer": "DESKTOP-OFJ6N53", "TimeCreated": "2025-08-13 12:05:40.033581+00:00", "RecordID": "159713", "Level": "0", "UserID": "S-1-5-20"}
{"EventID": "5857", "Channel": "Microsoft-Windows-WMI-Activity/Operational", "Provider_Name": "Microsoft-Windows-WMI-Activity", "Computer": "DESKTOP-OFJ6N53", "TimeCreated": "2025-08-13 12:09:07.811165+00:00", "RecordID": "159714", "Level": "0", "UserID": "S-1-5-20"}
{"EventID": "5858", "Channel": "Microsoft-Windows-WMI-Activity/Operational", "Provider_Name": "Microsoft-Windows-WMI-Activity", "Computer": "DESKTOP-OFJ6N53", "TimeCreated": "2025-08-13 12:09:33.063475+00:00", "RecordID": "159715", "Level": "2", "UserID": "S-1-5-18"}
{"EventID": "5857", "Channel": "Microsoft-Windows-WMI-Activity/Operational", "Provider_Name": "Microsoft-Windows-WMI-Activity", "Computer": "DESKTOP-OFJ6N53", "TimeCreated": "2025-08-13 12:14:50.083138+00:00", "RecordID": "159716", "Level": "0", "UserID": "S-1-5-20"}
{"EventID": "5857", "Channel": "Microsoft-Windows-WMI-Activity/Operational", "Provider_Name": "Microsoft-Windows-WMI-Activity", "Computer": "DESKTOP-OFJ6N53", "TimeCreated": "2025-08-13 12:14:50.143969+00:00", "RecordID": "159717", "Level": "0", "UserID": "S-1-5-20"}
{"EventID": "5857", "Channel": "Microsoft-Windows-WMI-Activity/Operational", "Provider_Name": "Microsoft-Windows-WMI-Activity", "Computer": "DESKTOP-OFJ6N53", "TimeCreated": "2025-08-13 12:19:10.651060+00:00", "RecordID": "159718", "Level": "0", "UserID": "S-1-5-20"}
{"EventID": "5857", "Channel": "Microsoft-Windows-WMI-Activity/Operational", "Provider_Name": "Microsoft-Windows-WMI-Activity", "Computer": "DESKTOP-OFJ6N53", "TimeCreated": "2025-08-13 12:21:19.369478+00:00", "RecordID": "159719", "Level": "0", "UserID": "S-1-5-20"}
{"EventID": "5857", "Channel": "Microsoft-Windows-WMI-Activity/Operational", "Provider_Name": "Microsoft-Windows-WMI-Activity", "Computer": "DESKTOP-OFJ6N53", "TimeCreated": "2025-08-13 12:21:21.064226+00:00", "RecordID": "159720", "Level": "0", "UserID": "S-1-5-20"}
{"EventID": "5857", "Channel": "Microsoft-Windows-WMI-Activity/Operational", "Provider_Name": "Microsoft-Windows-WMI-Activity", "Computer": "DESKTOP-OFJ6N53", "TimeCreated": "2025-08-13 12:29:18.485310+00:00", "RecordID": "159721", "Level": "0", "UserID": "S-1-5-20"}
{"EventID": "5858", "Channel": "Microsoft-Windows-WMI-Activity/Operational", "Provider_Name": "Microsoft-Windows-WMI-Activity", "Computer": "DESKTOP-OFJ6N53", "TimeCreated": "2025-08-13 12:30:27.996168+00:00", "RecordID": "159722", "Level": "2", "UserID": "S-1-5-18"}
{"EventID": "5858", "Channel": "Microsoft-Windows-WMI-Activity/Operational", "Provider_Name": "Microsoft-Windows-WMI-Activity", "Computer": "DESKTOP-OFJ6N53", "TimeCreated": "2025-08-13 12:42:08.199526+00:00", "RecordID": "159723", "Level": "2", "UserID": "S-1-5-18"}
{"EventID": "5858", "Channel": "Microsoft-Windows-WMI-Activity/Operational", "Provider_Name": "Microsoft-Windows-WMI-Activity", "Computer": "DESKTOP-OFJ6N53", "TimeCreated": "2025-08-13 12:42:08.199568+00:00", "RecordID": "159724", "Level": "2", "UserID": "S-1-5-18"}
{"EventID": "5858", "Channel": "Microsoft-Windows-WMI-Activity/Operational", "Provider_Name": "Microsoft-Windows-WMI-Activity", "Computer": "DESKTOP-OFJ6N53", "TimeCreated": "2025-08-13 12:42:08.199593+00:00", "RecordID": "159725", "Level": "2", "UserID": "S-1-5-18"}
{"EventID": "5858", "Channel": "Microsoft-Windows-WMI-Activity/Operational", "Provider_Name": "Microsoft-Windows-WMI-Activity", "Computer": "DESKTOP-OFJ6N53", "TimeCreated": "2025-08-13 12:42:08.199617+00:00", "RecordID": "159726", "Level": "2", "UserID": "S-1-5-18"}
{"EventID": "5858", "Channel": "Microsoft-Windows-WMI-Activity/Operational", "Provider_Name": "Microsoft-Windows-WMI-Activity", "Computer": "DESKTOP-OFJ6N53", "TimeCreated": "2025-08-13 12:42:08.199682+00:00", "RecordID": "159727", "Level": "2", "UserID": "S-1-5-18"}
{"EventID": "5857", "Channel": "Microsoft-Windows-WMI-Activity/Operational", "Provider_Name": "Microsoft-Windows-WMI-Activity", "Computer": "DESKTOP-OFJ6N53", "TimeCreated": "2025-08-13 12:42:08.386868+00:00", "RecordID": "159728", "Level": "0", "UserID": "S-1-5-20"}
{"EventID": "5857", "Channel": "Microsoft-Windows-WMI-Activity/Operational", "Provider_Name": "Microsoft-Windows-WMI-Activity", "Computer": "DESKTOP-OFJ6N53", "TimeCreated": "2025-08-13 12:42:27.396383+00:00", "RecordID": "159729", "Level": "0", "UserID": "S-1-5-20"}
{"EventID": "5857", "Channel": "Microsoft-Windows-WMI-Activity/Operational", "Provider_Name": "Microsoft-Windows-WMI-Activity", "Computer": "DESKTOP-OFJ6N53", "TimeCreated": "2025-08-13 12:48:02.256098+00:00", "RecordID": "159730", "Level": "0", "UserID": "S-1-5-20"}
{"EventID": "5857", "Channel": "Microsoft-Windows-WMI-Activity/Operational", "Provider_Name": "Microsoft-Windows-WMI-Activity", "Computer": "DESKTOP-OFJ6N53", "TimeCreated": "2025-08-13 12:50:53.465408+00:00", "RecordID": "159731", "Level": "0", "UserID": "S-1-5-18"}
{"EventID": "5857", "Channel": "Microsoft-Windows-WMI-Activity/Operational", "Provider_Name": "Microsoft-Windows-WMI-Activity", "Computer": "DESKTOP-OFJ6N53", "TimeCreated": "2025-08-13 12:51:07.540812+00:00", "RecordID": "159732", "Level": "0", "UserID": "S-1-5-18"}
{"EventID": "5857", "Channel": "Microsoft-Windows-WMI-Activity/Operational", "Provider_Name": "Microsoft-Windows-WMI-Activity", "Computer": "DESKTOP-OFJ6N53", "TimeCreated": "2025-08-13 12:51:09.702660+00:00", "RecordID": "159733", "Level": "0", "UserID": "S-1-5-19"}
{"EventID": "5858", "Channel": "Microsoft-Windows-WMI-Activity/Operational", "Provider_Name": "Microsoft-Windows-WMI-Activity", "Computer": "DESKTOP-OFJ6N53", "TimeCreated": "2025-08-13 13:10:30.393148+00:00", "RecordID": "159734", "Level": "2", "UserID": "S-1-5-18"}
{"EventID": "5858", "Channel": "Microsoft-Windows-WMI-Activity/Operational", "Provider_Name": "Microsoft-Windows-WMI-Activity", "Computer": "DESKTOP-OFJ6N53", "TimeCreated": "2025-08-13 13:10:30.393188+00:00", "RecordID": "159735", "Level": "2", "UserID": "S-1-5-18"}
{"EventID": "5858", "Channel": "Microsoft-Windows-WMI-Activity/Operational", "Provider_Name": "Microsoft-Windows-WMI-Activity", "Computer": "DESKTOP-OFJ6N53", "TimeCreated": "2025-08-13 13:10:30.393219+00:00", "RecordID": "159736", "Level": "2", "UserID": "S-1-5-18"}
{"EventID": "5858", "Channel": "Microsoft-Windows-WMI-Activity/Operational", "Provider_Name": "Microsoft-Windows-WMI-Activity", "Computer": "DESKTOP-OFJ6N53", "TimeCreated": "2025-08-13 13:10:30.393251+00:00", "RecordID": "159737", "Level": "2", "UserID": "S-1-5-18"}
{"EventID": "5858", "Channel": "Microsoft-Windows-WMI-Activity/Operational", "Provider_Name": "Microsoft-Windows-WMI-Activity", "Computer": "DESKTOP-OFJ6N53", "TimeCreated": "2025-08-13 13:10:30.393280+00:00", "RecordID": "159738", "Level": "2", "UserID": "S-1-5-18"}
{"EventID": "5857", "Channel": "Microsoft-Windows-WMI-Activity/Operational", "Provider_Name": "Microsoft-Windows-WMI-Activity", "Computer": "DESKTOP-OFJ6N53", "TimeCreated": "2025-08-13 14:06:53.297981+00:00", "RecordID": "159739", "Level": "0", "UserID": "S-1-5-20"}
{"EventID": "5857", "Channel": "Microsoft-Windows-WMI-Activity/Operational", "Provider_Name": "Microsoft-Windows-WMI-Activity", "Computer": "DESKTOP-OFJ6N53", "TimeCreated": "2025-08-13 14:12:21.872923+00:00", "RecordID": "159740", "Level": "0", "UserID": "S-1-5-20"}
{"EventID": "5857", "Channel": "Microsoft-Windows-WMI-Activity/Operational", "Provider_Name": "Microsoft-Windows-WMI-Activity", "Computer": "DESKTOP-OFJ6N53", "TimeCreated": "2025-08-13 14:12:22.425520+00:00", "RecordID": "159741", "Level": "0", "UserID": "S-1-5-20"}
{"EventID": "5857", "Channel": "Microsoft-Windows-WMI-Activity/Operational", "Provider_Name": "Microsoft-Windows-WMI-Activity", "Computer": "DESKTOP-OFJ6N53", "TimeCreated": "2025-08-13 14:23:00.556211+00:00", "RecordID": "159742", "Level": "0", "UserID": "S-1-5-20"}
{"EventID": "5858", "Channel": "Microsoft-Windows-WMI-Activity/Operational", "Provider_Name": "Microsoft-Windows-WMI-Activity", "Computer": "DESKTOP-OFJ6N53", "TimeCreated": "2025-08-13 14:23:00.707275+00:00", "RecordID": "159743", "Level": "2", "UserID": "S-1-5-18"}
{"EventID": "5857", "Channel": "Microsoft-Windows-WMI-Activity/Operational", "Provider_Name": "Microsoft-Windows-WMI-Activity", "Computer": "DESKTOP-OFJ6N53", "TimeCreated": "2025-08-13 14:26:17.907978+00:00", "RecordID": "159744", "Level": "0", "UserID": "S-1-5-20"}
{"EventID": "5858", "Channel": "Microsoft-Windows-WMI-Activity/Operational", "Provider_Name": "Microsoft-Windows-WMI-Activity", "Computer": "DESKTOP-OFJ6N53", "TimeCreated": "2025-08-13 14:39:23.828432+00:00", "RecordID": "159745", "Level": "2", "UserID": "S-1-5-18"}
{"EventID": "5857", "Channel": "Microsoft-Windows-WMI-Activity/Operational", "Provider_Name": "Microsoft-Windows-WMI-Activity", "Computer": "DESKTOP-OFJ6N53", "TimeCreated": "2025-08-13 14:40:18.227495+00:00", "RecordID": "159746", "Level": "0", "UserID": "S-1-5-20"}
{"EventID": "5857", "Channel": "Microsoft-Windows-WMI-Activity/Operational", "Provider_Name": "Microsoft-Windows-WMI-Activity", "Computer": "DESKTOP-OFJ6N53", "TimeCreated": "2025-08-13 14:40:24.333075+00:00", "RecordID": "159747", "Level": "0", "UserID": "S-1-5-18"}
{"EventID": "5858", "Channel": "Microsoft-Windows-WMI-Activity/Operational", "Provider_Name": "Microsoft-Windows-WMI-Activity", "Computer": "DESKTOP-OFJ6N53", "TimeCreated": "2025-08-13 14:40:24.347036+00:00", "RecordID": "159748", "Level": "2", "UserID": "S-1-5-18"}
{"EventID": "5858", "Channel": "Microsoft-Windows-WMI-Activity/Operational", "Provider_Name": "Microsoft-Windows-WMI-Activity", "Computer": "DESKTOP-OFJ6N53", "TimeCreated": "2025-08-13 14:40:59.273392+00:00", "RecordID": "159749", "Level": "2", "UserID": "S-1-5-18"}
{"EventID": "5858", "Channel": "Microsoft-Windows-WMI-Activity/Operational", "Provider_Name": "Microsoft-Windows-WMI-Activity", "Computer": "DESKTOP-OFJ6N53", "TimeCreated": "2025-08-13 14:41:00.734280+00:00", "RecordID": "159750", "Level": "2", "UserID": "S-1-5-18"}
{"EventID": "5861", "Channel": "Microsoft-Windows-WMI-Activity/Operational", "Provider_Name": "Microsoft-Windows-WMI-Activity", "Computer": "DESKTOP-OFJ6N53", "TimeCreated": "2025-08-13 14:41:06.913723+00:00", "RecordID": "159751", "Level": "0", "UserID": "S-1-5-18"}
{"EventID": "5859", "Channel": "Microsoft-Windows-WMI-Activity/Operational", "Provider_Name": "Microsoft-Windows-WMI-Activity", "Computer": "DESKTOP-OFJ6N53", "TimeCreated": "2025-08-13 14:41:07.514446+00:00", "RecordID": "159752", "Level": "0", "UserID": "S-1-5-18"}
{"EventID": "5857", "Channel": "Microsoft-Windows-WMI-Activity/Operational", "Provider_Name": "Microsoft-Windows-WMI-Activity", "Computer": "DESKTOP-OFJ6N53", "TimeCreated": "2025-08-13 14:41:07.729160+00:00", "RecordID": "159753", "Level": "0", "UserID": "S-1-5-18"}
{"EventID": "5860", "Channel": "Microsoft-Windows-WMI-Activity/Operational", "Provider_Name": "Microsoft-Windows-WMI-Activity", "Computer": "DESKTOP-OFJ6N53", "TimeCreated": "2025-08-13 14:41:07.775444+00:00", "RecordID": "159754", "Level": "0", "UserID": "S-1-5-18"}
{"EventID": "5857", "Channel": "Microsoft-Windows-WMI-Activity/Operational", "Provider_Name": "Microsoft-Windows-WMI-Activity", "Computer": "DESKTOP-OFJ6N53", "TimeCreated": "2025-08-13 14:41:18.040489+00:00", "RecordID": "159755", "Level": "0", "UserID": "S-1-5-18"}
{"EventID": "5857", "Channel": "Microsoft-Windows-WMI-Activity/Operational", "Provider_Name": "Microsoft-Windows-WMI-Activity", "Computer": "DESKTOP-OFJ6N53", "TimeCreated": "2025-08-13 14:42:06.234676+00:00", "RecordID": "159756", "Level": "0", "UserID": "S-1-5-20"}
{"EventID": "5857", "Channel": "Microsoft-Windows-WMI-Activity/Operational", "Provider_Name": "Microsoft-Windows-WMI-Activity", "Computer": "DESKTOP-OFJ6N53", "TimeCreated": "2025-08-13 14:42:09.976837+00:00", "RecordID": "159757", "Level": "0", "UserID": "S-1-5-20"}
{"EventID": "5860", "Channel": "Microsoft-Windows-WMI-Activity/Operational", "Provider_Name": "Microsoft-Windows-WMI-Activity", "Computer": "DESKTOP-OFJ6N53", "TimeCreated": "2025-08-13 14:42:55.180159+00:00", "RecordID": "159758", "Level": "0", "UserID": "S-1-5-18"}
{"EventID": "5857", "Channel": "Microsoft-Windows-WMI-Activity/Operational", "Provider_Name": "Microsoft-Windows-WMI-Activity", "Computer": "DESKTOP-OFJ6N53", "TimeCreated": "2025-08-13 14:43:33.401646+00:00", "RecordID": "159759", "Level": "0", "UserID": "S-1-5-20"}
{"EventID": "5858", "Channel": "Microsoft-Windows-WMI-Activity/Operational", "Provider_Name": "Microsoft-Windows-WMI-Activity", "Computer": "DESKTOP-OFJ6N53", "TimeCreated": "2025-08-13 15:10:40.135523+00:00", "RecordID": "159760", "Level": "2", "UserID": "S-1-5-18"}
{"EventID": "5858", "Channel": "Microsoft-Windows-WMI-Activity/Operational", "Provider_Name": "Microsoft-Windows-WMI-Activity", "Computer": "DESKTOP-OFJ6N53", "TimeCreated": "2025-08-13 15:10:40.135698+00:00", "RecordID": "159761", "Level": "2", "UserID": "S-1-5-18"}
{"EventID": "5858", "Channel": "Microsoft-Windows-WMI-Activity/Operational", "Provider_Name": "Microsoft-Windows-WMI-Activity", "Computer": "DESKTOP-OFJ6N53", "TimeCreated": "2025-08-13 15:10:40.135756+00:00", "RecordID": "159762", "Level": "2", "UserID": "S-1-5-18"}
{"EventID": "5858", "Channel": "Microsoft-Windows-WMI-Activity/Operational", "Provider_Name": "Microsoft-Windows-WMI-Activity", "Computer": "DESKTOP-OFJ6N53", "TimeCreated": "2025-08-13 15:10:40.135820+00:00", "RecordID": "159763", "Level": "2", "UserID": "S-1-5-18"}
{"EventID": "5858", "Channel": "Microsoft-Windows-WMI-Activity/Operational", "Provider_Name": "Microsoft-Windows-WMI-Activity", "Computer": "DESKTOP-OFJ6N53", "TimeCreated": "2025-08-13 15:10:40.135864+00:00", "RecordID": "159764", "Level": "2", "UserID": "S-1-5-18"}
{"EventID": "5858", "Channel": "Microsoft-Windows-WMI-Activity/Operational", "Provider_Name": "Microsoft-Windows-WMI-Activity", "Computer": "DESKTOP-OFJ6N53", "TimeCreated": "2025-08-13 15:10:40.135933+00:00", "RecordID": "159765", "Level": "2", "UserID": "S-1-5-18"}
{"EventID": "5858", "Channel": "Microsoft-Windows-WMI-Activity/Operational", "Provider_Name": "Microsoft-Windows-WMI-Activity", "Computer": "DESKTOP-OFJ6N53", "TimeCreated": "2025-08-13 15:10:40.135988+00:00", "RecordID": "159766", "Level": "2", "UserID": "S-1-5-18"}
{"EventID": "5858", "Channel": "Microsoft-Windows-WMI-Activity/Operational", "Provider_Name": "Microsoft-Windows-WMI-Activity", "Computer": "DESKTOP-OFJ6N53", "TimeCreated": "2025-08-13 15:10:59.472792+00:00", "RecordID": "159767", "Level": "2", "UserID": "S-1-5-18"}
{"EventID": "5857", "Channel": "Microsoft-Windows-WMI-Activity/Operational", "Provider_Name": "Microsoft-Windows-WMI-Activity", "Computer": "DESKTOP-OFJ6N53", "TimeCreated": "2025-08-13 15:10:59.615761+00:00", "RecordID": "159768", "Level": "0", "UserID": "S-1-5-20"}
{"EventID": "5857", "Channel": "Microsoft-Windows-WMI-Activity/Operational", "Provider_Name": "Microsoft-Windows-WMI-Activity", "Computer": "DESKTOP-OFJ6N53", "TimeCreated": "2025-08-13 15:30:19.512383+00:00", "RecordID": "159769", "Level": "0", "UserID": "S-1-5-20"}
{"EventID": "5858", "Channel": "Microsoft-Windows-WMI-Activity/Operational", "Provider_Name": "Microsoft-Windows-WMI-Activity", "Computer": "DESKTOP-OFJ6N53", "TimeCreated": "2025-08-13 15:45:20.065298+00:00", "RecordID": "159770", "Level": "2", "UserID": "S-1-5-18"}
{"EventID": "5858", "Channel": "Microsoft-Windows-WMI-Activity/Operational", "Provider_Name": "Microsoft-Windows-WMI-Activity", "Computer": "DESKTOP-OFJ6N53", "TimeCreated": "2025-08-13 15:45:20.065489+00:00", "RecordID": "159771", "Level": "2", "UserID": "S-1-5-18"}
{"EventID": "5858", "Channel": "Microsoft-Windows-WMI-Activity/Operational", "Provider_Name": "Microsoft-Windows-WMI-Activity", "Computer": "DESKTOP-OFJ6N53", "TimeCreated": "2025-08-13 15:45:20.065853+00:00", "RecordID": "159772", "Level": "2", "UserID": "S-1-5-18"}
{"EventID": "5858", "Channel": "Microsoft-Windows-WMI-Activity/Operational", "Provider_Name": "Microsoft-Windows-WMI-Activity", "Computer": "DESKTOP-OFJ6N53", "TimeCreated": "2025-08-13 15:45:20.067850+00:00", "RecordID": "159773", "Level": "2", "UserID": "S-1-5-18"}
{"EventID": "5858", "Channel": "Microsoft-Windows-WMI-Activity/Operational", "Provider_Name": "Microsoft-Windows-WMI-Activity", "Computer": "DESKTOP-OFJ6N53", "TimeCreated": "2025-08-13 15:45:20.068052+00:00", "RecordID": "159774", "Level": "2", "UserID": "S-1-5-18"}
{"EventID": "5858", "Channel": "Microsoft-Windows-WMI-Activity/Operational", "Provider_Name": "Microsoft-Windows-WMI-Activity", "Computer": "DESKTOP-OFJ6N53", "TimeCreated": "2025-08-13 15:45:20.068224+00:00", "RecordID": "159775", "Level": "2", "UserID": "S-1-5-18"}
{"EventID": "5858", "Channel": "Microsoft-Windows-WMI-Activity/Operational", "Provider_Name": "Microsoft-Windows-WMI-Activity", "Computer": "DESKTOP-OFJ6N53", "TimeCreated": "2025-08-13 15:45:20.068455+00:00", "RecordID": "159776", "Level": "2", "UserID": "S-1-5-18"}
{"EventID": "5858", "Channel": "Microsoft-Windows-WMI-Activity/Operational", "Provider_Name": "Microsoft-Windows-WMI-Activity", "Computer": "DESKTOP-OFJ6N53", "TimeCreated": "2025-08-13 15:45:20.068859+00:00", "RecordID": "159777", "Level": "2", "UserID": "S-1-5-18"}
{"EventID": "5857", "Channel": "Microsoft-Windows-WMI-Activity/Operational", "Provider_Name": "Microsoft-Windows-WMI-Activity", "Computer": "DESKTOP-OFJ6N53", "TimeCreated": "2025-08-13 15:54:10.215038+00:00", "RecordID": "159778", "Level": "0", "UserID": "S-1-5-20"}
{"EventID": "5857", "Channel": "Microsoft-Windows-WMI-Activity/Operational", "Provider_Name": "Microsoft-Windows-WMI-Activity", "Computer": "DESKTOP-OFJ6N53", "TimeCreated": "2025-08-13 15:54:11.865482+00:00", "RecordID": "159779", "Level": "0", "UserID": "S-1-5-20"}
{"EventID": "5857", "Channel": "Microsoft-Windows-WMI-Activity/Operational", "Provider_Name": "Microsoft-Windows-WMI-Activity", "Computer": "DESKTOP-OFJ6N53", "TimeCreated": "2025-08-13 16:08:02.761717+00:00", "RecordID": "159780", "Level": "0", "UserID": "S-1-5-20"}
{"EventID": "5857", "Channel": "Microsoft-Windows-WMI-Activity/Operational", "Provider_Name": "Microsoft-Windows-WMI-Activity", "Computer": "DESKTOP-OFJ6N53", "TimeCreated": "2025-08-13 16:13:37.659117+00:00", "RecordID": "159781", "Level": "0", "UserID": "S-1-5-20"}
{"EventID": "5857", "Channel": "Microsoft-Windows-WMI-Activity/Operational", "Provider_Name": "Microsoft-Windows-WMI-Activity", "Computer": "DESKTOP-OFJ6N53", "TimeCreated": "2025-08-13 16:13:37.916681+00:00", "RecordID": "159782", "Level": "0", "UserID": "S-1-5-20"}
{"EventID": "5857", "Channel": "Microsoft-Windows-WMI-Activity/Operational", "Provider_Name": "Microsoft-Windows-WMI-Activity", "Computer": "DESKTOP-OFJ6N53", "TimeCreated": "2025-08-13 16:32:55.562929+00:00", "RecordID": "159783", "Level": "0", "UserID": "S-1-5-20"}
{"EventID": "5857", "Channel": "Microsoft-Windows-WMI-Activity/Operational", "Provider_Name": "Microsoft-Windows-WMI-Activity", "Computer": "DESKTOP-OFJ6N53", "TimeCreated": "2025-08-13 16:32:55.625572+00:00", "RecordID": "159784", "Level": "0", "UserID": "S-1-5-20"}
{"EventID": "5857", "Channel": "Microsoft-Windows-WMI-Activity/Operational", "Provider_Name": "Microsoft-Windows-WMI-Activity", "Computer": "DESKTOP-OFJ6N53", "TimeCreated": "2025-08-13 16:45:04.289381+00:00", "RecordID": "159785", "Level": "0", "UserID": "S-1-5-20"}
{"EventID": "5857", "Channel": "Microsoft-Windows-WMI-Activity/Operational", "Provider_Name": "Microsoft-Windows-WMI-Activity", "Computer": "DESKTOP-OFJ6N53", "TimeCreated": "2025-08-13 16:45:04.596745+00:00", "RecordID": "159786", "Level": "0", "UserID": "S-1-5-20"}
{"EventID": "5857", "Channel": "Microsoft-Windows-WMI-Activity/Operational", "Provider_Name": "Microsoft-Windows-WMI-Activity", "Computer": "DESKTOP-OFJ6N53", "TimeCreated": "2025-08-13 17:01:27.975903+00:00", "RecordID": "159787", "Level": "0", "UserID": "S-1-5-20"}
{"EventID": "5857", "Channel": "Microsoft-Windows-WMI-Activity/Operational", "Provider_Name": "Microsoft-Windows-WMI-Activity", "Computer": "DESKTOP-OFJ6N53", "TimeCreated": "2025-08-13 17:01:28.040611+00:00", "RecordID": "159788", "Level": "0", "UserID": "S-1-5-20"}
{"EventID": "5857", "Channel": "Microsoft-Windows-WMI-Activity/Operational", "Provider_Name": "Microsoft-Windows-WMI-Activity", "Computer": "DESKTOP-OFJ6N53", "TimeCreated": "2025-08-13 17:42:54.555182+00:00", "RecordID": "159789", "Level": "0", "UserID": "S-1-5-20"}
{"EventID": "5857", "Channel": "Microsoft-Windows-WMI-Activity/Operational", "Provider_Name": "Microsoft-Windows-WMI-Activity", "Computer": "DESKTOP-OFJ6N53", "TimeCreated": "2025-08-13 17:42:55.099621+00:00", "RecordID": "159790", "Level": "0", "UserID": "S-1-5-20"}
{"EventID": "5857", "Channel": "Microsoft-Windows-WMI-Activity/Operational", "Provider_Name": "Microsoft-Windows-WMI-Activity", "Computer": "DESKTOP-OFJ6N53", "TimeCreated": "2025-08-13 18:10:01.042164+00:00", "RecordID": "159791", "Level": "0", "UserID": "S-1-5-20"}
{"EventID": "5857", "Channel": "Microsoft-Windows-WMI-Activity/Operational", "Provider_Name": "Microsoft-Windows-WMI-Activity", "Computer": "DESKTOP-OFJ6N53", "TimeCreated": "2025-08-13 18:20:03.401018+00:00", "RecordID": "159792", "Level": "0", "UserID": "S-1-5-20"}
{"EventID": "5857", "Channel": "Microsoft-Windows-WMI-Activity/Operational", "Provider_Name": "Microsoft-Windows-WMI-Activity", "Computer": "DESKTOP-OFJ6N53", "TimeCreated": "2025-08-13 18:20:03.732979+00:00", "RecordID": "159793", "Level": "0", "UserID": "S-1-5-20"}
{"EventID": "5857", "Channel": "Microsoft-Windows-WMI-Activity/Operational", "Provider_Name": "Microsoft-Windows-WMI-Activity", "Computer": "DESKTOP-OFJ6N53", "TimeCreated": "2025-08-13 18:38:38.862434+00:00", "RecordID": "159794", "Level": "0", "UserID": "S-1-5-20"}
{"EventID": "5857", "Channel": "Microsoft-Windows-WMI-Activity/Operational", "Provider_Name": "Microsoft-Windows-WMI-Activity", "Computer": "DESKTOP-OFJ6N53", "TimeCreated": "2025-08-13 18:38:39.090933+00:00", "RecordID": "159795", "Level": "0", "UserID": "S-1-5-20"}
{"EventID": "5857", "Channel": "Microsoft-Windows-WMI-Activity/Operational", "Provider_Name": "Microsoft-Windows-WMI-Activity", "Computer": "DESKTOP-OFJ6N53", "TimeCreated": "2025-08-13 18:53:29.093126+00:00", "RecordID": "159796", "Level": "0", "UserID": "S-1-5-20"}
{"EventID": "5857", "Channel": "Microsoft-Windows-WMI-Activity/Operational", "Provider_Name": "Microsoft-Windows-WMI-Activity", "Computer": "DESKTOP-OFJ6N53", "TimeCreated": "2025-08-13 18:53:29.420309+00:00", "RecordID": "159797", "Level": "0", "UserID": "S-1-5-20"}
{"EventID": "5857", "Channel": "Microsoft-Windows-WMI-Activity/Operational", "Provider_Name": "Microsoft-Windows-WMI-Activity", "Computer": "DESKTOP-OFJ6N53", "TimeCreated": "2025-08-13 18:55:33.653526+00:00", "RecordID": "159798", "Level": "0", "UserID": "S-1-5-20"}
{"EventID": "5857", "Channel": "Microsoft-Windows-WMI-Activity/Operational", "Provider_Name": "Microsoft-Windows-WMI-Activity", "Computer": "DESKTOP-OFJ6N53", "TimeCreated": "2025-08-13 19:12:29.529896+00:00", "RecordID": "159799", "Level": "0", "UserID": "S-1-5-20"}
{"EventID": "5857", "Channel": "Microsoft-Windows-WMI-Activity/Operational", "Provider_Name": "Microsoft-Windows-WMI-Activity", "Computer": "DESKTOP-OFJ6N53", "TimeCreated": "2025-08-13 19:12:29.763203+00:00", "RecordID": "159800", "Level": "0", "UserID": "S-1-5-20"}
{"EventID": "5857", "Channel": "Microsoft-Windows-WMI-Activity/Operational", "Provider_Name": "Microsoft-Windows-WMI-Activity", "Computer": "DESKTOP-OFJ6N53", "TimeCreated": "2025-08-13 19:20:38.077242+00:00", "RecordID": "159801", "Level": "0", "UserID": "S-1-5-20"}
{"EventID": "5857", "Channel": "Microsoft-Windows-WMI-Activity/Operational", "Provider_Name": "Microsoft-Windows-WMI-Activity", "Computer": "DESKTOP-OFJ6N53", "TimeCreated": "2025-08-13 19:32:28.700491+00:00", "RecordID": "159802", "Level": "0", "UserID": "S-1-5-20"}
{"EventID": "5857", "Channel": "Microsoft-Windows-WMI-Activity/Operational", "Provider_Name": "Microsoft-Windows-WMI-Activity", "Computer": "DESKTOP-OFJ6N53", "TimeCreated": "2025-08-13 19:32:29.119307+00:00", "RecordID": "159803", "Level": "0", "UserID": "S-1-5-20"}
{"EventID": "5857", "Channel": "Microsoft-Windows-WMI-Activity/Operational", "Provider_Name": "Microsoft-Windows-WMI-Activity", "Computer": "DESKTOP-OFJ6N53", "TimeCreated": "2025-08-13 19:55:11.267214+00:00", "RecordID": "159804", "Level": "0", "UserID": "S-1-5-20"}
{"EventID": "5857", "Channel": "Microsoft-Windows-WMI-Activity/Operational", "Provider_Name": "Microsoft-Windows-WMI-Activity", "Computer": "DESKTOP-OFJ6N53", "TimeCreated": "2025-08-13 20:01:26.466881+00:00", "RecordID": "159805", "Level": "0", "UserID": "S-1-5-20"}
{"EventID": "5857", "Channel": "Microsoft-Windows-WMI-Activity/Operational", "Provider_Name": "Microsoft-Windows-WMI-Activity", "Computer": "DESKTOP-OFJ6N53", "TimeCreated": "2025-08-13 20:01:26.615957+00:00", "RecordID": "159806", "Level": "0", "UserID": "S-1-5-20"}
{"EventID": "5857", "Channel": "Microsoft-Windows-WMI-Activity/Operational", "Provider_Name": "Microsoft-Windows-WMI-Activity", "Computer": "DESKTOP-OFJ6N53", "TimeCreated": "2025-08-13 20:21:47.072584+00:00", "RecordID": "159807", "Level": "0", "UserID": "S-1-5-20"}
{"EventID": "5857", "Channel": "Microsoft-Windows-WMI-Activity/Operational", "Provider_Name": "Microsoft-Windows-WMI-Activity", "Computer": "DESKTOP-OFJ6N53", "TimeCreated": "2025-08-13 20:21:47.728920+00:00", "RecordID": "159808", "Level": "0", "UserID": "S-1-5-20"}
{"EventID": "5857", "Channel": "Microsoft-Windows-WMI-Activity/Operational", "Provider_Name": "Microsoft-Windows-WMI-Activity", "Computer": "DESKTOP-OFJ6N53", "TimeCreated": "2025-08-13 20:38:19.948019+00:00", "RecordID": "159809", "Level": "0", "UserID": "S-1-5-20"}
{"EventID": "5857", "Channel": "Microsoft-Windows-WMI-Activity/Operational", "Provider_Name": "Microsoft-Windows-WMI-Activity", "Computer": "DESKTOP-OFJ6N53", "TimeCreated": "2025-08-13 20:38:20.354994+00:00", "RecordID": "159810", "Level": "0", "UserID": "S-1-5-20"}
{"EventID": "5857", "Channel": "Microsoft-Windows-WMI-Activity/Operational", "Provider_Name": "Microsoft-Windows-WMI-Activity", "Computer": "DESKTOP-OFJ6N53", "TimeCreated": "2025-08-13 20:48:38.401270+00:00", "RecordID": "159811", "Level": "0", "UserID": "S-1-5-20"}
{"EventID": "5857", "Channel": "Microsoft-Windows-WMI-Activity/Operational", "Provider_Name": "Microsoft-Windows-WMI-Activity", "Computer": "DESKTOP-OFJ6N53", "TimeCreated": "2025-08-13 20:48:38.713148+00:00", "RecordID": "159812", "Level": "0", "UserID": "S-1-5-20"}
{"EventID": "5857", "Channel": "Microsoft-Windows-WMI-Activity/Operational", "Provider_Name": "Microsoft-Windows-WMI-Activity", "Computer": "DESKTOP-OFJ6N53", "TimeCreated": "2025-08-13 20:59:24.633598+00:00", "RecordID": "159813", "Level": "0", "UserID": "S-1-5-20"}
{"EventID": "5858", "Channel": "Microsoft-Windows-WMI-Activity/Operational", "Provider_Name": "Microsoft-Windows-WMI-Activity", "Computer": "DESKTOP-OFJ6N53", "TimeCreated": "2025-08-13 20:59:24.654505+00:00", "RecordID": "159814", "Level": "2", "UserID": "S-1-5-18"}
{"EventID": "5857", "Channel": "Microsoft-Windows-WMI-Activity/Operational", "Provider_Name": "Microsoft-Windows-WMI-Activity", "Computer": "DESKTOP-OFJ6N53", "TimeCreated": "2025-08-13 21:09:17.141073+00:00", "RecordID": "159815", "Level": "0", "UserID": "S-1-5-20"}
{"EventID": "5857", "Channel": "Microsoft-Windows-WMI-Activity/Operational", "Provider_Name": "Microsoft-Windows-WMI-Activity", "Computer": "DESKTOP-OFJ6N53", "TimeCreated": "2025-08-13 21:09:17.372757+00:00", "RecordID": "159816", "Level": "0", "UserID": "S-1-5-20"}
{"EventID": "5857", "Channel": "Microsoft-Windows-WMI-Activity/Operational", "Provider_Name": "Microsoft-Windows-WMI-Activity", "Computer": "DESKTOP-OFJ6N53", "TimeCreated": "2025-08-13 21:26:10.286560+00:00", "RecordID": "159817", "Level": "0", "UserID": "S-1-5-20"}
{"EventID": "5857", "Channel": "Microsoft-Windows-WMI-Activity/Operational", "Provider_Name": "Microsoft-Windows-WMI-Activity", "Computer": "DESKTOP-OFJ6N53", "TimeCreated": "2025-08-13 21:26:10.706427+00:00", "RecordID": "159818", "Level": "0", "UserID": "S-1-5-20"}
{"EventID": "5857", "Channel": "Microsoft-Windows-WMI-Activity/Operational", "Provider_Name": "Microsoft-Windows-WMI-Activity", "Computer": "DESKTOP-OFJ6N53", "TimeCreated": "2025-08-13 21:56:10.531927+00:00", "RecordID": "159819", "Level": "0", "UserID": "S-1-5-20"}
{"EventID": "5858", "Channel": "Microsoft-Windows-WMI-Activity/Operational", "Provider_Name": "Microsoft-Windows-WMI-Activity", "Computer": "DESKTOP-OFJ6N53", "TimeCreated": "2025-08-13 21:56:10.541708+00:00", "RecordID": "159820", "Level": "2", "UserID": "S-1-5-18"}
{"EventID": "5858", "Channel": "Microsoft-Windows-WMI-Activity/Operational", "Provider_Name": "Microsoft-Windows-WMI-Activity", "Computer": "DESKTOP-OFJ6N53", "TimeCreated": "2025-08-13 21:56:10.560369+00:00", "RecordID": "159821", "Level": "2", "UserID": "S-1-5-18"}
{"EventID": "5857", "Channel": "Microsoft-Windows-WMI-Activity/Operational", "Provider_Name": "Microsoft-Windows-WMI-Activity", "Computer": "DESKTOP-OFJ6N53", "TimeCreated": "2025-08-13 22:00:18.735994+00:00", "RecordID": "159822", "Level": "0", "UserID": "S-1-5-20"}
{"EventID": "5857", "Channel": "Microsoft-Windows-WMI-Activity/Operational", "Provider_Name": "Microsoft-Windows-WMI-Activity", "Computer": "DESKTOP-OFJ6N53", "TimeCreated": "2025-08-13 22:00:18.996990+00:00", "RecordID": "159823", "Level": "0", "UserID": "S-1-5-20"}
{"EventID": "5857", "Channel": "Microsoft-Windows-WMI-Activity/Operational", "Provider_Name": "Microsoft-Windows-WMI-Activity", "Computer": "DESKTOP-OFJ6N53", "TimeCreated": "2025-08-13 22:13:20.492760+00:00", "RecordID": "159824", "Level": "0", "UserID": "S-1-5-20"}
{"EventID": "5857", "Channel": "Microsoft-Windows-WMI-Activity/Operational", "Provider_Name": "Microsoft-Windows-WMI-Activity", "Computer": "DESKTOP-OFJ6N53", "TimeCreated": "2025-08-13 22:13:20.557341+00:00", "RecordID": "159825", "Level": "0", "UserID": "S-1-5-20"}
{"EventID": "5857", "Channel": "Microsoft-Windows-WMI-Activity/Operational", "Provider_Name": "Microsoft-Windows-WMI-Activity", "Computer": "DESKTOP-OFJ6N53", "TimeCreated": "2025-08-13 22:30:07.552498+00:00", "RecordID": "159826", "Level": "0", "UserID": "S-1-5-20"}
{"EventID": "5857", "Channel": "Microsoft-Windows-WMI-Activity/Operational", "Provider_Name": "Microsoft-Windows-WMI-Activity", "Computer": "DESKTOP-OFJ6N53", "TimeCreated": "2025-08-13 22:30:07.780104+00:00", "RecordID": "159827", "Level": "0", "UserID": "S-1-5-20"}
{"EventID": "5857", "Channel": "Microsoft-Windows-WMI-Activity/Operational", "Provider_Name": "Microsoft-Windows-WMI-Activity", "Computer": "DESKTOP-OFJ6N53", "TimeCreated": "2025-08-13 22:47:59.434883+00:00", "RecordID": "159828", "Level": "0", "UserID": "S-1-5-20"}
{"EventID": "5857", "Channel": "Microsoft-Windows-WMI-Activity/Operational", "Provider_Name": "Microsoft-Windows-WMI-Activity", "Computer": "DESKTOP-OFJ6N53", "TimeCreated": "2025-08-13 22:57:21.136105+00:00", "RecordID": "159829", "Level": "0", "UserID": "S-1-5-20"}
{"EventID": "5857", "Channel": "Microsoft-Windows-WMI-Activity/Operational", "Provider_Name": "Microsoft-Windows-WMI-Activity", "Computer": "DESKTOP-OFJ6N53", "TimeCreated": "2025-08-13 22:57:21.294643+00:00", "RecordID": "159830", "Level": "0", "UserID": "S-1-5-20"}
{"EventID": "5857", "Channel": "Microsoft-Windows-WMI-Activity/Operational", "Provider_Name": "Microsoft-Windows-WMI-Activity", "Computer": "DESKTOP-OFJ6N53", "TimeCreated": "2025-08-13 23:12:28.050570+00:00", "RecordID": "159831", "Level": "0", "UserID": "S-1-5-20"}
{"EventID": "5857", "Channel": "Microsoft-Windows-WMI-Activity/Operational", "Provider_Name": "Microsoft-Windows-WMI-Activity", "Computer": "DESKTOP-OFJ6N53", "TimeCreated": "2025-08-13 23:12:28.287285+00:00", "RecordID": "159832", "Level": "0", "UserID": "S-1-5-20"}
{"EventID": "5857", "Channel": "Microsoft-Windows-WMI-Activity/Operational", "Provider_Name": "Microsoft-Windows-WMI-Activity", "Computer": "DESKTOP-OFJ6N53", "TimeCreated": "2025-08-13 23:39:35.283993+00:00", "RecordID": "159833", "Level": "0", "UserID": "S-1-5-20"}
{"EventID": "5858", "Channel": "Microsoft-Windows-WMI-Activity/Operational", "Provider_Name": "Microsoft-Windows-WMI-Activity", "Computer": "DESKTOP-OFJ6N53", "TimeCreated": "2025-08-13 23:39:35.415995+00:00", "RecordID": "159834", "Level": "2", "UserID": "S-1-5-18"}
{"EventID": "5858", "Channel": "Microsoft-Windows-WMI-Activity/Operational", "Provider_Name": "Microsoft-Windows-WMI-Activity", "Computer": "DESKTOP-OFJ6N53", "TimeCreated": "2025-08-13 23:39:59.182194+00:00", "RecordID": "159835", "Level": "2", "UserID": "S-1-5-18"}
{"EventID": "5857", "Channel": "Microsoft-Windows-WMI-Activity/Operational", "Provider_Name": "Microsoft-Windows-WMI-Activity", "Computer": "DESKTOP-OFJ6N53", "TimeCreated": "2025-08-13 23:48:11.793539+00:00", "RecordID": "159836", "Level": "0", "UserID": "S-1-5-20"}
{"EventID": "5857", "Channel": "Microsoft-Windows-WMI-Activity/Operational", "Provider_Name": "Microsoft-Windows-WMI-Activity", "Computer": "DESKTOP-OFJ6N53", "TimeCreated": "2025-08-13 23:48:12.038073+00:00", "RecordID": "159837", "Level": "0", "UserID": "S-1-5-20"}
{"EventID": "5857", "Channel": "Microsoft-Windows-WMI-Activity/Operational", "Provider_Name": "Microsoft-Windows-WMI-Activity", "Computer": "DESKTOP-OFJ6N53", "TimeCreated": "2025-08-14 00:16:54.664951+00:00", "RecordID": "159838", "Level": "0", "UserID": "S-1-5-20"}
{"EventID": "5858", "Channel": "Microsoft-Windows-WMI-Activity/Operational", "Provider_Name": "Microsoft-Windows-WMI-Activity", "Computer": "DESKTOP-OFJ6N53", "TimeCreated": "2025-08-14 00:16:56.374584+00:00", "RecordID": "159839", "Level": "2", "UserID": "S-1-5-18"}
{"EventID": "5858", "Channel": "Microsoft-Windows-WMI-Activity/Operational", "Provider_Name": "Microsoft-Windows-WMI-Activity", "Computer": "DESKTOP-OFJ6N53", "TimeCreated": "2025-08-14 00:16:57.679314+00:00", "RecordID": "159840", "Level": "2", "UserID": "S-1-5-18"}
{"EventID": "5858", "Channel": "Microsoft-Windows-WMI-Activity/Operational", "Provider_Name": "Microsoft-Windows-WMI-Activity", "Computer": "DESKTOP-OFJ6N53", "TimeCreated": "2025-08-14 00:16:59.377298+00:00", "RecordID": "159841", "Level": "2", "UserID": "S-1-5-18"}
{"EventID": "5858", "Channel": "Microsoft-Windows-WMI-Activity/Operational", "Provider_Name": "Microsoft-Windows-WMI-Activity", "Computer": "DESKTOP-OFJ6N53", "TimeCreated": "2025-08-14 00:17:00.975878+00:00", "RecordID": "159842", "Level": "2", "UserID": "S-1-5-18"}
{"EventID": "5858", "Channel": "Microsoft-Windows-WMI-Activity/Operational", "Provider_Name": "Microsoft-Windows-WMI-Activity", "Computer": "DESKTOP-OFJ6N53", "TimeCreated": "2025-08-14 00:17:02.621317+00:00", "RecordID": "159843", "Level": "2", "UserID": "S-1-5-18"}
{"EventID": "5857", "Channel": "Microsoft-Windows-WMI-Activity/Operational", "Provider_Name": "Microsoft-Windows-WMI-Activity", "Computer": "DESKTOP-OFJ6N53", "TimeCreated": "2025-08-14 00:17:04.751572+00:00", "RecordID": "159844", "Level": "0", "UserID": "S-1-5-20"}
{"EventID": "5858", "Channel": "Microsoft-Windows-WMI-Activity/Operational", "Provider_Name": "Microsoft-Windows-WMI-Activity", "Computer": "DESKTOP-OFJ6N53", "TimeCreated": "2025-08-14 00:17:06.223600+00:00", "RecordID": "159845", "Level": "2", "UserID": "S-1-5-18"}
{"EventID": "5857", "Channel": "Microsoft-Windows-WMI-Activity/Operational", "Provider_Name": "Microsoft-Windows-WMI-Activity", "Computer": "DESKTOP-OFJ6N53", "TimeCreated": "2025-08-14 00:17:06.335627+00:00", "RecordID": "159846", "Level": "0", "UserID": "S-1-5-18"}
{"EventID": "5857", "Channel": "Microsoft-Windows-WMI-Activity/Operational", "Provider_Name": "Microsoft-Windows-WMI-Activity", "Computer": "DESKTOP-OFJ6N53", "TimeCreated": "2025-08-14 00:19:05.993580+00:00", "RecordID": "159847", "Level": "0", "UserID": "S-1-5-20"}
{"EventID": "5857", "Channel": "Microsoft-Windows-WMI-Activity/Operational", "Provider_Name": "Microsoft-Windows-WMI-Activity", "Computer": "DESKTOP-OFJ6N53", "TimeCreated": "2025-08-14 00:19:06.245279+00:00", "RecordID": "159848", "Level": "0", "UserID": "S-1-5-20"}
{"EventID": "5857", "Channel": "Microsoft-Windows-WMI-Activity/Operational", "Provider_Name": "Microsoft-Windows-WMI-Activity", "Computer": "DESKTOP-OFJ6N53", "TimeCreated": "2025-08-14 00:19:17.027346+00:00", "RecordID": "159849", "Level": "0", "UserID": "S-1-5-20"}
{"EventID": "5857", "Channel": "Microsoft-Windows-WMI-Activity/Operational", "Provider_Name": "Microsoft-Windows-WMI-Activity", "Computer": "DESKTOP-OFJ6N53", "TimeCreated": "2025-08-14 00:20:46.700069+00:00", "RecordID": "159850", "Level": "0", "UserID": "S-1-5-20"}
