{"EventID": "41", "Channel": "Microsoft-Windows-WindowsUpdateClient/Operational", "Provider_Name": "Microsoft-Windows-WindowsUpdateClient", "Computer": "DESKTOP-OFJ6N53", "TimeCreated": "2025-06-09 15:05:33.129089+00:00", "RecordID": "9138", "Level": "4", "UserID": "S-1-5-18", "EventData.updateTitle": "Обновление механизма обнаружения угроз для Microsoft Defender Antivirus — KB2267602 (версия 1.429.432.0) — Актуальный канал (широкий выпуск)", "EventData.updateGuid": "{177dfb4b-30f0-4908-9d4c-d1f654b0dbb1}", "EventData.updateRevisionNumber": "200"}
{"EventID": "26", "Channel": "Microsoft-Windows-WindowsUpdateClient/Operational", "Provider_Name": "Microsoft-Windows-WindowsUpdateClient", "Computer": "DESKTOP-OFJ6N53", "TimeCreated": "2025-06-09 23:30:59.074352+00:00", "RecordID": "9139", "Level": "4", "UserID": "S-1-5-18", "EventData.updateCount": "1", "EventData.serviceGuid": "{855e8a7c-ecb4-4ca3-b045-1dfa50104289}"}
{"EventID": "26", "Channel": "Microsoft-Windows-WindowsUpdateClient/Operational", "Provider_Name": "Microsoft-Windows-WindowsUpdateClient", "Computer": "DESKTOP-OFJ6N53", "TimeCreated": "2025-06-09 23:31:05.398729+00:00", "RecordID": "9140", "Level": "4", "UserID": "S-1-5-18", "EventData.updateCount": "1", "EventData.serviceGuid": "{855e8a7c-ecb4-4ca3-b045-1dfa50104289}"}
{"EventID": "41", "Channel": "Microsoft-Windows-WindowsUpdateClient/Operational", "Provider_Name": "Microsoft-Windows-WindowsUpdateClient", "Computer": "DESKTOP-OFJ6N53", "TimeCreated": "2025-06-09 23:31:16.245785+00:00", "RecordID": "9141", "Level": "4", "UserID": "S-1-5-18", "EventData.updateTitle": "9WZDNCRD29V9-MICROSOFT.MICROSOFTOFFICEHUB", "EventData.updateGuid": "{a39835e0-b7ec-4dca-8cc9-efe7855e921a}", "EventData.updateRevisionNumber": "1"}
{"EventID": "26", "Channel": "Microsoft-Windows-WindowsUpdateClient/Operational", "Provider_Name": "Microsoft-Windows-WindowsUpdateClient", "Computer": "DESKTOP-OFJ6N53", "TimeCreated": "2025-06-10 11:04:26.624969+00:00", "RecordID": "9142", "Level": "4", "UserID": "S-1-5-18", "EventData.updateCount": "1", "EventData.serviceGuid": "{9482f4b4-e343-43b6-b170-9a65bc822c77}"}
{"EventID": "26", "Channel": "Microsoft-Windows-WindowsUpdateClient/Operational", "Provider_Name": "Microsoft-Windows-WindowsUpdateClient", "Computer": "DESKTOP-OFJ6N53", "TimeCreated": "2025-06-10 11:04:26.624973+00:00", "RecordID": "9143", "Level": "4", "UserID": "S-1-5-18", "EventData.updateCount": "2", "EventData.serviceGuid": "{8b24b027-1dee-babb-9a95-3517dfb9c552}"}
{"EventID": "41", "Channel": "Microsoft-Windows-WindowsUpdateClient/Operational", "Provider_Name": "Microsoft-Windows-WindowsUpdateClient", "Computer": "DESKTOP-OFJ6N53", "TimeCreated": "2025-06-10 11:04:30.862408+00:00", "RecordID": "9144", "Level": "4", "UserID": "S-1-5-18", "EventData.updateTitle": "Обновление механизма обнаружения угроз для Microsoft Defender Antivirus — KB2267602 (версия 1.429.453.0) — Актуальный канал (широкий выпуск)", "EventData.updateGuid": "{feac95e3-00ea-48d2-bc48-5c773da66a6e}", "EventData.updateRevisionNumber": "200"}
{"EventID": "26", "Channel": "Microsoft-Windows-WindowsUpdateClient/Operational", "Provider_Name": "Microsoft-Windows-WindowsUpdateClient", "Computer": "DESKTOP-OFJ6N53", "TimeCreated": "2025-06-10 15:05:45.997080+00:00", "RecordID": "9145", "Level": "4", "UserID": "S-1-5-18", "EventData.updateCount": "1", "EventData.serviceGuid": "{9482f4b4-e343-43b6-b170-9a65bc822c77}"}
{"EventID": "26", "Channel": "Microsoft-Windows-WindowsUpdateClient/Operational", "Provider_Name": "Microsoft-Windows-WindowsUpdateClient", "Computer": "DESKTOP-OFJ6N53", "TimeCreated": "2025-06-10 15:05:45.997086+00:00", "RecordID": "9146", "Level": "4", "UserID": "S-1-5-18", "EventData.updateCount": "0", "EventData.serviceGuid": "{8b24b027-1dee-babb-9a95-3517dfb9c552}"}
{"EventID": "41", "Channel": "Microsoft-Windows-WindowsUpdateClient/Operational", "Provider_Name": "Microsoft-Windows-WindowsUpdateClient", "Computer": "DESKTOP-OFJ6N53", "TimeCreated": "2025-06-10 15:05:45.997089+00:00", "RecordID": "9147", "Level": "4", "UserID": "S-1-5-18", "EventData.updateTitle": "Обновление механизма обнаружения угроз для Microsoft Defender Antivirus — KB2267602 (версия 1.429.461.0) — Актуальный канал (широкий выпуск)", "EventData.updateGuid": "{deb37e26-a783-48de-82f0-16517d92b716}", "EventData.updateRevisionNumber": "200"}
{"EventID": "26", "Channel": "Microsoft-Windows-WindowsUpdateClient/Operational", "Provider_Name": "Microsoft-Windows-WindowsUpdateClient", "Computer": "DESKTOP-OFJ6N53", "TimeCreated": "2025-06-11 07:34:11.519423+00:00", "RecordID": "9148", "Level": "4", "UserID": "S-1-5-18", "EventData.updateCount": "4", "EventData.serviceGuid": "{855e8a7c-ecb4-4ca3-b045-1dfa50104289}"}
{"EventID": "26", "Channel": "Microsoft-Windows-WindowsUpdateClient/Operational", "Provider_Name": "Microsoft-Windows-WindowsUpdateClient", "Computer": "DESKTOP-OFJ6N53", "TimeCreated": "2025-06-11 07:34:19.540920+00:00", "RecordID": "9149", "Level": "4", "UserID": "S-1-5-18", "EventData.updateCount": "4", "EventData.serviceGuid": "{855e8a7c-ecb4-4ca3-b045-1dfa50104289}"}
{"EventID": "41", "Channel": "Microsoft-Windows-WindowsUpdateClient/Operational", "Provider_Name": "Microsoft-Windows-WindowsUpdateClient", "Computer": "DESKTOP-OFJ6N53", "TimeCreated": "2025-06-11 07:34:59.361767+00:00", "RecordID": "9150", "Level": "4", "UserID": "S-1-5-18", "EventData.updateTitle": "9P2VP41KK7LF-Microsoft.WindowsAppRuntime.1.6", "EventData.updateGuid": "{ad8b81e0-a360-4504-85c1-51615bc3c4f0}", "EventData.updateRevisionNumber": "1"}
{"EventID": "41", "Channel": "Microsoft-Windows-WindowsUpdateClient/Operational", "Provider_Name": "Microsoft-Windows-WindowsUpdateClient", "Computer": "DESKTOP-OFJ6N53", "TimeCreated": "2025-06-11 07:35:12.443052+00:00", "RecordID": "9151", "Level": "4", "UserID": "S-1-5-18", "EventData.updateTitle": "9N7V66BG7XT8-Microsoft.WindowsAppRuntime.1.7", "EventData.updateGuid": "{1afe073e-c948-48b0-b087-1706ff97627c}", "EventData.updateRevisionNumber": "1"}
{"EventID": "26", "Channel": "Microsoft-Windows-WindowsUpdateClient/Operational", "Provider_Name": "Microsoft-Windows-WindowsUpdateClient", "Computer": "DESKTOP-OFJ6N53", "TimeCreated": "2025-06-11 10:04:27.469734+00:00", "RecordID": "9152", "Level": "4", "UserID": "S-1-5-18", "EventData.updateCount": "2", "EventData.serviceGuid": "{9482f4b4-e343-43b6-b170-9a65bc822c77}"}
{"EventID": "26", "Channel": "Microsoft-Windows-WindowsUpdateClient/Operational", "Provider_Name": "Microsoft-Windows-WindowsUpdateClient", "Computer": "DESKTOP-OFJ6N53", "TimeCreated": "2025-06-11 10:04:43.614435+00:00", "RecordID": "9153", "Level": "4", "UserID": "S-1-5-18", "EventData.updateCount": "2", "EventData.serviceGuid": "{8b24b027-1dee-babb-9a95-3517dfb9c552}"}
{"EventID": "41", "Channel": "Microsoft-Windows-WindowsUpdateClient/Operational", "Provider_Name": "Microsoft-Windows-WindowsUpdateClient", "Computer": "DESKTOP-OFJ6N53", "TimeCreated": "2025-06-11 10:04:45.779766+00:00", "RecordID": "9154", "Level": "4", "UserID": "S-1-5-18", "EventData.updateTitle": "Обновление механизма обнаружения угроз для Microsoft Defender Antivirus — KB2267602 (версия 1.429.483.0) — Актуальный канал (широкий выпуск)", "EventData.updateGuid": "{aec91473-97eb-4493-aefc-cdacb4023240}", "EventData.updateRevisionNumber": "200"}
{"EventID": "41", "Channel": "Microsoft-Windows-WindowsUpdateClient/Operational", "Provider_Name": "Microsoft-Windows-WindowsUpdateClient", "Computer": "DESKTOP-OFJ6N53", "TimeCreated": "2025-06-11 10:04:57.986559+00:00", "RecordID": "9155", "Level": "4", "UserID": "S-1-5-18", "EventData.updateTitle": "Средство удаления вредоносных программ для платформы x64: v5.134 (KB890830)", "EventData.updateGuid": "{9024c69d-4de8-4233-86c2-9ee24bc67ec4}", "EventData.updateRevisionNumber": "200"}
{"EventID": "41", "Channel": "Microsoft-Windows-WindowsUpdateClient/Operational", "Provider_Name": "Microsoft-Windows-WindowsUpdateClient", "Computer": "DESKTOP-OFJ6N53", "TimeCreated": "2025-06-11 10:09:32.502031+00:00", "RecordID": "9156", "Level": "4", "UserID": "S-1-5-18", "EventData.updateTitle": "Накопительное обновление для Windows 10 Version 22H2 для систем на базе процессоров x64, 2025 06 (KB5060533)", "EventData.updateGuid": "{eb56e4cc-f4b7-46fe-9ed3-3a8a5dd830b8}", "EventData.updateRevisionNumber": "1"}
{"EventID": "26", "Channel": "Microsoft-Windows-WindowsUpdateClient/Operational", "Provider_Name": "Microsoft-Windows-WindowsUpdateClient", "Computer": "DESKTOP-OFJ6N53", "TimeCreated": "2025-06-11 14:56:41.561161+00:00", "RecordID": "9157", "Level": "4", "UserID": "S-1-5-18", "EventData.updateCount": "1", "EventData.serviceGuid": "{9482f4b4-e343-43b6-b170-9a65bc822c77}"}
{"EventID": "26", "Channel": "Microsoft-Windows-WindowsUpdateClient/Operational", "Provider_Name": "Microsoft-Windows-WindowsUpdateClient", "Computer": "DESKTOP-OFJ6N53", "TimeCreated": "2025-06-11 14:56:41.561165+00:00", "RecordID": "9158", "Level": "4", "UserID": "S-1-5-18", "EventData.updateCount": "0", "EventData.serviceGuid": "{8b24b027-1dee-babb-9a95-3517dfb9c552}"}
{"EventID": "41", "Channel": "Microsoft-Windows-WindowsUpdateClient/Operational", "Provider_Name": "Microsoft-Windows-WindowsUpdateClient", "Computer": "DESKTOP-OFJ6N53", "TimeCreated": "2025-06-11 14:56:41.561165+00:00", "RecordID": "9159", "Level": "4", "UserID": "S-1-5-18", "EventData.updateTitle": "Обновление механизма обнаружения угроз для Microsoft Defender Antivirus — KB2267602 (версия 1.429.489.0) — Актуальный канал (широкий выпуск)", "EventData.updateGuid": "{fc13094a-2640-4be9-8297-c4936ff098b4}", "EventData.updateRevisionNumber": "200"}
{"EventID": "26", "Channel": "Microsoft-Windows-WindowsUpdateClient/Operational", "Provider_Name": "Microsoft-Windows-WindowsUpdateClient", "Computer": "DESKTOP-OFJ6N53", "TimeCreated": "2025-06-12 08:40:38.076544+00:00", "RecordID": "9160", "Level": "4", "UserID": "S-1-5-18", "EventData.updateCount": "1", "EventData.serviceGuid": "{9482f4b4-e343-43b6-b170-9a65bc822c77}"}
{"EventID": "25", "Channel": "Microsoft-Windows-WindowsUpdateClient/Operational", "Provider_Name": "Microsoft-Windows-WindowsUpdateClient", "Computer": "DESKTOP-OFJ6N53", "TimeCreated": "2025-06-12 08:40:38.076546+00:00", "RecordID": "9161", "Level": "2", "UserID": "S-1-5-18", "EventData.errorCode": "0x8024402d", "EventData.serviceGuid": "{8b24b027-1dee-babb-9a95-3517dfb9c552}"}
{"EventID": "41", "Channel": "Microsoft-Windows-WindowsUpdateClient/Operational", "Provider_Name": "Microsoft-Windows-WindowsUpdateClient", "Computer": "DESKTOP-OFJ6N53", "TimeCreated": "2025-06-12 08:40:38.814024+00:00", "RecordID": "9162", "Level": "4", "UserID": "S-1-5-18", "EventData.updateTitle": "Обновление механизма обнаружения угроз для Microsoft Defender Antivirus — KB2267602 (версия 1.429.494.0) — Актуальный канал (широкий выпуск)", "EventData.updateGuid": "{55895fd2-776d-43d3-b9e4-6a8f264876ea}", "EventData.updateRevisionNumber": "200"}
{"EventID": "26", "Channel": "Microsoft-Windows-WindowsUpdateClient/Operational", "Provider_Name": "Microsoft-Windows-WindowsUpdateClient", "Computer": "DESKTOP-OFJ6N53", "TimeCreated": "2025-06-12 14:56:46.196287+00:00", "RecordID": "9163", "Level": "4", "UserID": "S-1-5-18", "EventData.updateCount": "1", "EventData.serviceGuid": "{9482f4b4-e343-43b6-b170-9a65bc822c77}"}
{"EventID": "26", "Channel": "Microsoft-Windows-WindowsUpdateClient/Operational", "Provider_Name": "Microsoft-Windows-WindowsUpdateClient", "Computer": "DESKTOP-OFJ6N53", "TimeCreated": "2025-06-12 14:56:46.196291+00:00", "RecordID": "9164", "Level": "4", "UserID": "S-1-5-18", "EventData.updateCount": "0", "EventData.serviceGuid": "{8b24b027-1dee-babb-9a95-3517dfb9c552}"}
{"EventID": "41", "Channel": "Microsoft-Windows-WindowsUpdateClient/Operational", "Provider_Name": "Microsoft-Windows-WindowsUpdateClient", "Computer": "DESKTOP-OFJ6N53", "TimeCreated": "2025-06-12 14:56:46.196293+00:00", "RecordID": "9165", "Level": "4", "UserID": "S-1-5-18", "EventData.updateTitle": "Обновление механизма обнаружения угроз для Microsoft Defender Antivirus — KB2267602 (версия 1.429.513.0) — Актуальный канал (широкий выпуск)", "EventData.updateGuid": "{daa8aa4e-1f9e-4585-9aa5-8ce216093c2d}", "EventData.updateRevisionNumber": "200"}
{"EventID": "26", "Channel": "Microsoft-Windows-WindowsUpdateClient/Operational", "Provider_Name": "Microsoft-Windows-WindowsUpdateClient", "Computer": "DESKTOP-OFJ6N53", "TimeCreated": "2025-06-13 02:01:38.469419+00:00", "RecordID": "9166", "Level": "4", "UserID": "S-1-5-18", "EventData.updateCount": "1", "EventData.serviceGuid": "{855e8a7c-ecb4-4ca3-b045-1dfa50104289}"}
{"EventID": "26", "Channel": "Microsoft-Windows-WindowsUpdateClient/Operational", "Provider_Name": "Microsoft-Windows-WindowsUpdateClient", "Computer": "DESKTOP-OFJ6N53", "TimeCreated": "2025-06-13 02:01:44.405766+00:00", "RecordID": "9167", "Level": "4", "UserID": "S-1-5-18", "EventData.updateCount": "1", "EventData.serviceGuid": "{855e8a7c-ecb4-4ca3-b045-1dfa50104289}"}
{"EventID": "41", "Channel": "Microsoft-Windows-WindowsUpdateClient/Operational", "Provider_Name": "Microsoft-Windows-WindowsUpdateClient", "Computer": "DESKTOP-OFJ6N53", "TimeCreated": "2025-06-13 02:01:56.561396+00:00", "RecordID": "9168", "Level": "4", "UserID": "S-1-5-18", "EventData.updateTitle": "9NRX63209R7B-Microsoft.OutlookforWindows", "EventData.updateGuid": "{75b97d4d-4415-4ad0-8ed4-fe609bd7e490}", "EventData.updateRevisionNumber": "1"}
{"EventID": "26", "Channel": "Microsoft-Windows-WindowsUpdateClient/Operational", "Provider_Name": "Microsoft-Windows-WindowsUpdateClient", "Computer": "DESKTOP-OFJ6N53", "TimeCreated": "2025-06-13 06:46:16.576170+00:00", "RecordID": "9169", "Level": "4", "UserID": "S-1-5-18", "EventData.updateCount": "1", "EventData.serviceGuid": "{9482f4b4-e343-43b6-b170-9a65bc822c77}"}
{"EventID": "26", "Channel": "Microsoft-Windows-WindowsUpdateClient/Operational", "Provider_Name": "Microsoft-Windows-WindowsUpdateClient", "Computer": "DESKTOP-OFJ6N53", "TimeCreated": "2025-06-13 06:46:24.603901+00:00", "RecordID": "9170", "Level": "4", "UserID": "S-1-5-18", "EventData.updateCount": "1", "EventData.serviceGuid": "{8b24b027-1dee-babb-9a95-3517dfb9c552}"}
{"EventID": "41", "Channel": "Microsoft-Windows-WindowsUpdateClient/Operational", "Provider_Name": "Microsoft-Windows-WindowsUpdateClient", "Computer": "DESKTOP-OFJ6N53", "TimeCreated": "2025-06-13 06:46:24.603907+00:00", "RecordID": "9171", "Level": "4", "UserID": "S-1-5-18", "EventData.updateTitle": "Обновление механизма обнаружения угроз для Microsoft Defender Antivirus — KB2267602 (версия 1.431.4.0) — Актуальный канал (широкий выпуск)", "EventData.updateGuid": "{613124ef-3037-40ab-93aa-aae8c1c01a06}", "EventData.updateRevisionNumber": "200"}
{"EventID": "26", "Channel": "Microsoft-Windows-WindowsUpdateClient/Operational", "Provider_Name": "Microsoft-Windows-WindowsUpdateClient", "Computer": "DESKTOP-OFJ6N53", "TimeCreated": "2025-06-13 14:56:40.627642+00:00", "RecordID": "9172", "Level": "4", "UserID": "S-1-5-18", "EventData.updateCount": "1", "EventData.serviceGuid": "{9482f4b4-e343-43b6-b170-9a65bc822c77}"}
{"EventID": "26", "Channel": "Microsoft-Windows-WindowsUpdateClient/Operational", "Provider_Name": "Microsoft-Windows-WindowsUpdateClient", "Computer": "DESKTOP-OFJ6N53", "TimeCreated": "2025-06-13 14:56:40.627644+00:00", "RecordID": "9173", "Level": "4", "UserID": "S-1-5-18", "EventData.updateCount": "0", "EventData.serviceGuid": "{8b24b027-1dee-babb-9a95-3517dfb9c552}"}
{"EventID": "41", "Channel": "Microsoft-Windows-WindowsUpdateClient/Operational", "Provider_Name": "Microsoft-Windows-WindowsUpdateClient", "Computer": "DESKTOP-OFJ6N53", "TimeCreated": "2025-06-13 14:56:40.627647+00:00", "RecordID": "9174", "Level": "4", "UserID": "S-1-5-18", "EventData.updateTitle": "Обновление для антивредоносной платформы Microsoft Defender Antivirus — KB4052623 (версия 4.18.25050.5) — Актуальный канал (широкий выпуск)", "EventData.updateGuid": "{c1cc3603-c530-4bbd-a74b-d6406f4b09e0}", "EventData.updateRevisionNumber": "200"}
{"EventID": "26", "Channel": "Microsoft-Windows-WindowsUpdateClient/Operational", "Provider_Name": "Microsoft-Windows-WindowsUpdateClient", "Computer": "DESKTOP-OFJ6N53", "TimeCreated": "2025-06-13 15:07:20.014250+00:00", "RecordID": "9175", "Level": "4", "UserID": "S-1-5-18", "EventData.updateCount": "0", "EventData.serviceGuid": "{9482f4b4-e343-43b6-b170-9a65bc822c77}"}
{"EventID": "26", "Channel": "Microsoft-Windows-WindowsUpdateClient/Operational", "Provider_Name": "Microsoft-Windows-WindowsUpdateClient", "Computer": "DESKTOP-OFJ6N53", "TimeCreated": "2025-06-13 15:07:20.014252+00:00", "RecordID": "9176", "Level": "4", "UserID": "S-1-5-18", "EventData.updateCount": "0", "EventData.serviceGuid": "{8b24b027-1dee-babb-9a95-3517dfb9c552}"}
{"EventID": "26", "Channel": "Microsoft-Windows-WindowsUpdateClient/Operational", "Provider_Name": "Microsoft-Windows-WindowsUpdateClient", "Computer": "DESKTOP-OFJ6N53", "TimeCreated": "2025-06-14 05:04:24.406149+00:00", "RecordID": "9177", "Level": "4", "UserID": "S-1-5-18", "EventData.updateCount": "1", "EventData.serviceGuid": "{9482f4b4-e343-43b6-b170-9a65bc822c77}"}
{"EventID": "26", "Channel": "Microsoft-Windows-WindowsUpdateClient/Operational", "Provider_Name": "Microsoft-Windows-WindowsUpdateClient", "Computer": "DESKTOP-OFJ6N53", "TimeCreated": "2025-06-14 05:04:27.590048+00:00", "RecordID": "9178", "Level": "4", "UserID": "S-1-5-18", "EventData.updateCount": "1", "EventData.serviceGuid": "{8b24b027-1dee-babb-9a95-3517dfb9c552}"}
{"EventID": "41", "Channel": "Microsoft-Windows-WindowsUpdateClient/Operational", "Provider_Name": "Microsoft-Windows-WindowsUpdateClient", "Computer": "DESKTOP-OFJ6N53", "TimeCreated": "2025-06-14 05:04:27.590052+00:00", "RecordID": "9179", "Level": "4", "UserID": "S-1-5-18", "EventData.updateTitle": "Обновление механизма обнаружения угроз для Microsoft Defender Antivirus — KB2267602 (версия 1.431.20.0) — Актуальный канал (широкий выпуск)", "EventData.updateGuid": "{443f7a83-f51b-41e8-8567-9ff7b063f096}", "EventData.updateRevisionNumber": "200"}
{"EventID": "26", "Channel": "Microsoft-Windows-WindowsUpdateClient/Operational", "Provider_Name": "Microsoft-Windows-WindowsUpdateClient", "Computer": "DESKTOP-OFJ6N53", "TimeCreated": "2025-06-14 15:07:24.842203+00:00", "RecordID": "9180", "Level": "4", "UserID": "S-1-5-18", "EventData.updateCount": "1", "EventData.serviceGuid": "{9482f4b4-e343-43b6-b170-9a65bc822c77}"}
{"EventID": "26", "Channel": "Microsoft-Windows-WindowsUpdateClient/Operational", "Provider_Name": "Microsoft-Windows-WindowsUpdateClient", "Computer": "DESKTOP-OFJ6N53", "TimeCreated": "2025-06-14 15:07:24.842209+00:00", "RecordID": "9181", "Level": "4", "UserID": "S-1-5-18", "EventData.updateCount": "0", "EventData.serviceGuid": "{8b24b027-1dee-babb-9a95-3517dfb9c552}"}
{"EventID": "41", "Channel": "Microsoft-Windows-WindowsUpdateClient/Operational", "Provider_Name": "Microsoft-Windows-WindowsUpdateClient", "Computer": "DESKTOP-OFJ6N53", "TimeCreated": "2025-06-14 15:07:24.842215+00:00", "RecordID": "9182", "Level": "4", "UserID": "S-1-5-18", "EventData.updateTitle": "Обновление механизма обнаружения угроз для Microsoft Defender Antivirus — KB2267602 (версия 1.431.31.0) — Актуальный канал (широкий выпуск)", "EventData.updateGuid": "{ac567ea4-fa33-4707-84a7-e0393778d372}", "EventData.updateRevisionNumber": "200"}
{"EventID": "26", "Channel": "Microsoft-Windows-WindowsUpdateClient/Operational", "Provider_Name": "Microsoft-Windows-WindowsUpdateClient", "Computer": "DESKTOP-OFJ6N53", "TimeCreated": "2025-06-14 18:06:25.016047+00:00", "RecordID": "9183", "Level": "4", "UserID": "S-1-5-18", "EventData.updateCount": "2", "EventData.serviceGuid": "{855e8a7c-ecb4-4ca3-b045-1dfa50104289}"}
{"EventID": "26", "Channel": "Microsoft-Windows-WindowsUpdateClient/Operational", "Provider_Name": "Microsoft-Windows-WindowsUpdateClient", "Computer": "DESKTOP-OFJ6N53", "TimeCreated": "2025-06-14 18:06:34.826982+00:00", "RecordID": "9184", "Level": "4", "UserID": "S-1-5-18", "EventData.updateCount": "2", "EventData.serviceGuid": "{855e8a7c-ecb4-4ca3-b045-1dfa50104289}"}
{"EventID": "41", "Channel": "Microsoft-Windows-WindowsUpdateClient/Operational", "Provider_Name": "Microsoft-Windows-WindowsUpdateClient", "Computer": "DESKTOP-OFJ6N53", "TimeCreated": "2025-06-14 18:06:46.878317+00:00", "RecordID": "9185", "Level": "4", "UserID": "S-1-5-18", "EventData.updateTitle": "9NRX63209R7B-Microsoft.OutlookforWindows", "EventData.updateGuid": "{75b97d4d-4415-4ad0-8ed4-fe609bd7e490}", "EventData.updateRevisionNumber": "1"}
{"EventID": "41", "Channel": "Microsoft-Windows-WindowsUpdateClient/Operational", "Provider_Name": "Microsoft-Windows-WindowsUpdateClient", "Computer": "DESKTOP-OFJ6N53", "TimeCreated": "2025-06-14 18:06:54.857878+00:00", "RecordID": "9186", "Level": "4", "UserID": "S-1-5-18", "EventData.updateTitle": "9WZDNCRD29V9-MICROSOFT.MICROSOFTOFFICEHUB", "EventData.updateGuid": "{ce3bca4d-b4d8-4cbd-a78c-486501b96ec1}", "EventData.updateRevisionNumber": "1"}
{"EventID": "26", "Channel": "Microsoft-Windows-WindowsUpdateClient/Operational", "Provider_Name": "Microsoft-Windows-WindowsUpdateClient", "Computer": "DESKTOP-OFJ6N53", "TimeCreated": "2025-06-15 03:44:34.894085+00:00", "RecordID": "9187", "Level": "4", "UserID": "S-1-5-18", "EventData.updateCount": "1", "EventData.serviceGuid": "{9482f4b4-e343-43b6-b170-9a65bc822c77}"}
{"EventID": "26", "Channel": "Microsoft-Windows-WindowsUpdateClient/Operational", "Provider_Name": "Microsoft-Windows-WindowsUpdateClient", "Computer": "DESKTOP-OFJ6N53", "TimeCreated": "2025-06-15 03:44:34.894089+00:00", "RecordID": "9188", "Level": "4", "UserID": "S-1-5-18", "EventData.updateCount": "1", "EventData.serviceGuid": "{8b24b027-1dee-babb-9a95-3517dfb9c552}"}
{"EventID": "41", "Channel": "Microsoft-Windows-WindowsUpdateClient/Operational", "Provider_Name": "Microsoft-Windows-WindowsUpdateClient", "Computer": "DESKTOP-OFJ6N53", "TimeCreated": "2025-06-15 03:44:39.291304+00:00", "RecordID": "9189", "Level": "4", "UserID": "S-1-5-18", "EventData.updateTitle": "Обновление механизма обнаружения угроз для Microsoft Defender Antivirus — KB2267602 (версия 1.431.37.0) — Актуальный канал (широкий выпуск)", "EventData.updateGuid": "{5da5a0c5-8c13-4ed6-a813-f3fb7a4db93c}", "EventData.updateRevisionNumber": "200"}
{"EventID": "26", "Channel": "Microsoft-Windows-WindowsUpdateClient/Operational", "Provider_Name": "Microsoft-Windows-WindowsUpdateClient", "Computer": "DESKTOP-OFJ6N53", "TimeCreated": "2025-06-15 15:07:47.463217+00:00", "RecordID": "9190", "Level": "4", "UserID": "S-1-5-18", "EventData.updateCount": "1", "EventData.serviceGuid": "{9482f4b4-e343-43b6-b170-9a65bc822c77}"}
{"EventID": "26", "Channel": "Microsoft-Windows-WindowsUpdateClient/Operational", "Provider_Name": "Microsoft-Windows-WindowsUpdateClient", "Computer": "DESKTOP-OFJ6N53", "TimeCreated": "2025-06-15 15:07:47.463223+00:00", "RecordID": "9191", "Level": "4", "UserID": "S-1-5-18", "EventData.updateCount": "0", "EventData.serviceGuid": "{8b24b027-1dee-babb-9a95-3517dfb9c552}"}
{"EventID": "41", "Channel": "Microsoft-Windows-WindowsUpdateClient/Operational", "Provider_Name": "Microsoft-Windows-WindowsUpdateClient", "Computer": "DESKTOP-OFJ6N53", "TimeCreated": "2025-06-15 15:07:47.463226+00:00", "RecordID": "9192", "Level": "4", "UserID": "S-1-5-18", "EventData.updateTitle": "Обновление механизма обнаружения угроз для Microsoft Defender Antivirus — KB2267602 (версия 1.431.42.0) — Актуальный канал (широкий выпуск)", "EventData.updateGuid": "{74829718-d369-4eb9-9ab6-7b0af7ba431b}", "EventData.updateRevisionNumber": "200"}
{"EventID": "26", "Channel": "Microsoft-Windows-WindowsUpdateClient/Operational", "Provider_Name": "Microsoft-Windows-WindowsUpdateClient", "Computer": "DESKTOP-OFJ6N53", "TimeCreated": "2025-06-16 02:04:34.841568+00:00", "RecordID": "9193", "Level": "4", "UserID": "S-1-5-18", "EventData.updateCount": "1", "EventData.serviceGuid": "{9482f4b4-e343-43b6-b170-9a65bc822c77}"}
{"EventID": "26", "Channel": "Microsoft-Windows-WindowsUpdateClient/Operational", "Provider_Name": "Microsoft-Windows-WindowsUpdateClient", "Computer": "DESKTOP-OFJ6N53", "TimeCreated": "2025-06-16 02:04:39.701231+00:00", "RecordID": "9194", "Level": "4", "UserID": "S-1-5-18", "EventData.updateCount": "1", "EventData.serviceGuid": "{8b24b027-1dee-babb-9a95-3517dfb9c552}"}
{"EventID": "41", "Channel": "Microsoft-Windows-WindowsUpdateClient/Operational", "Provider_Name": "Microsoft-Windows-WindowsUpdateClient", "Computer": "DESKTOP-OFJ6N53", "TimeCreated": "2025-06-16 02:04:39.701237+00:00", "RecordID": "9195", "Level": "4", "UserID": "S-1-5-18", "EventData.updateTitle": "Обновление механизма обнаружения угроз для Microsoft Defender Antivirus — KB2267602 (версия 1.431.49.0) — Актуальный канал (широкий выпуск)", "EventData.updateGuid": "{32dcff5f-1951-4ddc-8a26-9ba8c0e13f4e}", "EventData.updateRevisionNumber": "200"}
{"EventID": "26", "Channel": "Microsoft-Windows-WindowsUpdateClient/Operational", "Provider_Name": "Microsoft-Windows-WindowsUpdateClient", "Computer": "DESKTOP-OFJ6N53", "TimeCreated": "2025-06-16 10:26:39.753462+00:00", "RecordID": "9196", "Level": "4", "UserID": "S-1-5-18", "EventData.updateCount": "2", "EventData.serviceGuid": "{855e8a7c-ecb4-4ca3-b045-1dfa50104289}"}
{"EventID": "26", "Channel": "Microsoft-Windows-WindowsUpdateClient/Operational", "Provider_Name": "Microsoft-Windows-WindowsUpdateClient", "Computer": "DESKTOP-OFJ6N53", "TimeCreated": "2025-06-16 10:26:50.040323+00:00", "RecordID": "9197", "Level": "4", "UserID": "S-1-5-18", "EventData.updateCount": "2", "EventData.serviceGuid": "{855e8a7c-ecb4-4ca3-b045-1dfa50104289}"}
{"EventID": "41", "Channel": "Microsoft-Windows-WindowsUpdateClient/Operational", "Provider_Name": "Microsoft-Windows-WindowsUpdateClient", "Computer": "DESKTOP-OFJ6N53", "TimeCreated": "2025-06-16 10:27:02.713556+00:00", "RecordID": "9198", "Level": "4", "UserID": "S-1-5-18", "EventData.updateTitle": "9NRX63209R7B-Microsoft.OutlookforWindows", "EventData.updateGuid": "{75b97d4d-4415-4ad0-8ed4-fe609bd7e490}", "EventData.updateRevisionNumber": "1"}
{"EventID": "41", "Channel": "Microsoft-Windows-WindowsUpdateClient/Operational", "Provider_Name": "Microsoft-Windows-WindowsUpdateClient", "Computer": "DESKTOP-OFJ6N53", "TimeCreated": "2025-06-16 10:27:02.713560+00:00", "RecordID": "9199", "Level": "4", "UserID": "S-1-5-18", "EventData.updateTitle": "9WZDNCRD29V9-MICROSOFT.MICROSOFTOFFICEHUB", "EventData.updateGuid": "{ce3bca4d-b4d8-4cbd-a78c-486501b96ec1}", "EventData.updateRevisionNumber": "1"}
{"EventID": "26", "Channel": "Microsoft-Windows-WindowsUpdateClient/Operational", "Provider_Name": "Microsoft-Windows-WindowsUpdateClient", "Computer": "DESKTOP-OFJ6N53", "TimeCreated": "2025-06-16 15:07:36.317541+00:00", "RecordID": "9200", "Level": "4", "UserID": "S-1-5-18", "EventData.updateCount": "1", "EventData.serviceGuid": "{9482f4b4-e343-43b6-b170-9a65bc822c77}"}
{"EventID": "26", "Channel": "Microsoft-Windows-WindowsUpdateClient/Operational", "Provider_Name": "Microsoft-Windows-WindowsUpdateClient", "Computer": "DESKTOP-OFJ6N53", "TimeCreated": "2025-06-16 15:07:36.317549+00:00", "RecordID": "9201", "Level": "4", "UserID": "S-1-5-18", "EventData.updateCount": "0", "EventData.serviceGuid": "{8b24b027-1dee-babb-9a95-3517dfb9c552}"}
{"EventID": "41", "Channel": "Microsoft-Windows-WindowsUpdateClient/Operational", "Provider_Name": "Microsoft-Windows-WindowsUpdateClient", "Computer": "DESKTOP-OFJ6N53", "TimeCreated": "2025-06-16 15:07:36.317553+00:00", "RecordID": "9202", "Level": "4", "UserID": "S-1-5-18", "EventData.updateTitle": "Обновление механизма обнаружения угроз для Microsoft Defender Antivirus — KB2267602 (версия 1.431.54.0) — Актуальный канал (широкий выпуск)", "EventData.updateGuid": "{942386b0-e9aa-496b-93c8-3ced415c0e8c}", "EventData.updateRevisionNumber": "200"}
{"EventID": "26", "Channel": "Microsoft-Windows-WindowsUpdateClient/Operational", "Provider_Name": "Microsoft-Windows-WindowsUpdateClient", "Computer": "DESKTOP-OFJ6N53", "TimeCreated": "2025-06-17 01:04:34.681246+00:00", "RecordID": "9203", "Level": "4", "UserID": "S-1-5-18", "EventData.updateCount": "1", "EventData.serviceGuid": "{9482f4b4-e343-43b6-b170-9a65bc822c77}"}
{"EventID": "26", "Channel": "Microsoft-Windows-WindowsUpdateClient/Operational", "Provider_Name": "Microsoft-Windows-WindowsUpdateClient", "Computer": "DESKTOP-OFJ6N53", "TimeCreated": "2025-06-17 01:04:40.162186+00:00", "RecordID": "9204", "Level": "4", "UserID": "S-1-5-18", "EventData.updateCount": "1", "EventData.serviceGuid": "{8b24b027-1dee-babb-9a95-3517dfb9c552}"}
{"EventID": "41", "Channel": "Microsoft-Windows-WindowsUpdateClient/Operational", "Provider_Name": "Microsoft-Windows-WindowsUpdateClient", "Computer": "DESKTOP-OFJ6N53", "TimeCreated": "2025-06-17 01:04:40.162193+00:00", "RecordID": "9205", "Level": "4", "UserID": "S-1-5-18", "EventData.updateTitle": "Обновление механизма обнаружения угроз для Microsoft Defender Antivirus — KB2267602 (версия 1.431.65.0) — Актуальный канал (широкий выпуск)", "EventData.updateGuid": "{b711f876-46b4-4daf-985e-b4af134fb6e4}", "EventData.updateRevisionNumber": "200"}
{"EventID": "26", "Channel": "Microsoft-Windows-WindowsUpdateClient/Operational", "Provider_Name": "Microsoft-Windows-WindowsUpdateClient", "Computer": "DESKTOP-OFJ6N53", "TimeCreated": "2025-06-17 15:07:35.011417+00:00", "RecordID": "9206", "Level": "4", "UserID": "S-1-5-18", "EventData.updateCount": "1", "EventData.serviceGuid": "{9482f4b4-e343-43b6-b170-9a65bc822c77}"}
{"EventID": "26", "Channel": "Microsoft-Windows-WindowsUpdateClient/Operational", "Provider_Name": "Microsoft-Windows-WindowsUpdateClient", "Computer": "DESKTOP-OFJ6N53", "TimeCreated": "2025-06-17 15:07:35.011423+00:00", "RecordID": "9207", "Level": "4", "UserID": "S-1-5-18", "EventData.updateCount": "0", "EventData.serviceGuid": "{8b24b027-1dee-babb-9a95-3517dfb9c552}"}
{"EventID": "41", "Channel": "Microsoft-Windows-WindowsUpdateClient/Operational", "Provider_Name": "Microsoft-Windows-WindowsUpdateClient", "Computer": "DESKTOP-OFJ6N53", "TimeCreated": "2025-06-17 15:07:35.011429+00:00", "RecordID": "9208", "Level": "4", "UserID": "S-1-5-18", "EventData.updateTitle": "Обновление механизма обнаружения угроз для Microsoft Defender Antivirus — KB2267602 (версия 1.431.76.0) — Актуальный канал (широкий выпуск)", "EventData.updateGuid": "{122ea0e3-12ed-4f12-8677-d97a38229d4e}", "EventData.updateRevisionNumber": "200"}
{"EventID": "26", "Channel": "Microsoft-Windows-WindowsUpdateClient/Operational", "Provider_Name": "Microsoft-Windows-WindowsUpdateClient", "Computer": "DESKTOP-OFJ6N53", "TimeCreated": "2025-06-18 00:04:30.974375+00:00", "RecordID": "9209", "Level": "4", "UserID": "S-1-5-18", "EventData.updateCount": "0", "EventData.serviceGuid": "{9482f4b4-e343-43b6-b170-9a65bc822c77}"}
{"EventID": "26", "Channel": "Microsoft-Windows-WindowsUpdateClient/Operational", "Provider_Name": "Microsoft-Windows-WindowsUpdateClient", "Computer": "DESKTOP-OFJ6N53", "TimeCreated": "2025-06-18 00:04:36.957399+00:00", "RecordID": "9210", "Level": "4", "UserID": "S-1-5-18", "EventData.updateCount": "1", "EventData.serviceGuid": "{8b24b027-1dee-babb-9a95-3517dfb9c552}"}
{"EventID": "26", "Channel": "Microsoft-Windows-WindowsUpdateClient/Operational", "Provider_Name": "Microsoft-Windows-WindowsUpdateClient", "Computer": "DESKTOP-OFJ6N53", "TimeCreated": "2025-06-18 01:08:52.445219+00:00", "RecordID": "9211", "Level": "4", "UserID": "S-1-5-18", "EventData.updateCount": "0", "EventData.serviceGuid": "{9482f4b4-e343-43b6-b170-9a65bc822c77}"}
{"EventID": "26", "Channel": "Microsoft-Windows-WindowsUpdateClient/Operational", "Provider_Name": "Microsoft-Windows-WindowsUpdateClient", "Computer": "DESKTOP-OFJ6N53", "TimeCreated": "2025-06-18 01:09:12.319416+00:00", "RecordID": "9212", "Level": "4", "UserID": "S-1-5-18", "EventData.updateCount": "2", "EventData.serviceGuid": "{8b24b027-1dee-babb-9a95-3517dfb9c552}"}
{"EventID": "26", "Channel": "Microsoft-Windows-WindowsUpdateClient/Operational", "Provider_Name": "Microsoft-Windows-WindowsUpdateClient", "Computer": "DESKTOP-OFJ6N53", "TimeCreated": "2025-06-18 13:29:07.927923+00:00", "RecordID": "9213", "Level": "4", "UserID": "S-1-5-18", "EventData.updateCount": "0", "EventData.serviceGuid": "{855e8a7c-ecb4-4ca3-b045-1dfa50104289}"}
{"EventID": "26", "Channel": "Microsoft-Windows-WindowsUpdateClient/Operational", "Provider_Name": "Microsoft-Windows-WindowsUpdateClient", "Computer": "DESKTOP-OFJ6N53", "TimeCreated": "2025-06-18 15:10:12.505703+00:00", "RecordID": "9214", "Level": "4", "UserID": "S-1-5-18", "EventData.updateCount": "1", "EventData.serviceGuid": "{9482f4b4-e343-43b6-b170-9a65bc822c77}"}
{"EventID": "26", "Channel": "Microsoft-Windows-WindowsUpdateClient/Operational", "Provider_Name": "Microsoft-Windows-WindowsUpdateClient", "Computer": "DESKTOP-OFJ6N53", "TimeCreated": "2025-06-18 15:10:12.505709+00:00", "RecordID": "9215", "Level": "4", "UserID": "S-1-5-18", "EventData.updateCount": "0", "EventData.serviceGuid": "{8b24b027-1dee-babb-9a95-3517dfb9c552}"}
{"EventID": "41", "Channel": "Microsoft-Windows-WindowsUpdateClient/Operational", "Provider_Name": "Microsoft-Windows-WindowsUpdateClient", "Computer": "DESKTOP-OFJ6N53", "TimeCreated": "2025-06-18 15:10:12.505711+00:00", "RecordID": "9216", "Level": "4", "UserID": "S-1-5-18", "EventData.updateTitle": "Обновление механизма обнаружения угроз для Microsoft Defender Antivirus — KB2267602 (версия 1.431.94.0) — Актуальный канал (широкий выпуск)", "EventData.updateGuid": "{0fe75437-953d-4062-b1eb-ca344d58f827}", "EventData.updateRevisionNumber": "200"}
{"EventID": "26", "Channel": "Microsoft-Windows-WindowsUpdateClient/Operational", "Provider_Name": "Microsoft-Windows-WindowsUpdateClient", "Computer": "DESKTOP-OFJ6N53", "TimeCreated": "2025-06-18 18:31:36.411322+00:00", "RecordID": "9217", "Level": "4", "UserID": "S-1-5-18", "EventData.updateCount": "1", "EventData.serviceGuid": "{855e8a7c-ecb4-4ca3-b045-1dfa50104289}"}
{"EventID": "26", "Channel": "Microsoft-Windows-WindowsUpdateClient/Operational", "Provider_Name": "Microsoft-Windows-WindowsUpdateClient", "Computer": "DESKTOP-OFJ6N53", "TimeCreated": "2025-06-18 18:31:49.560720+00:00", "RecordID": "9218", "Level": "4", "UserID": "S-1-5-18", "EventData.updateCount": "1", "EventData.serviceGuid": "{855e8a7c-ecb4-4ca3-b045-1dfa50104289}"}
{"EventID": "41", "Channel": "Microsoft-Windows-WindowsUpdateClient/Operational", "Provider_Name": "Microsoft-Windows-WindowsUpdateClient", "Computer": "DESKTOP-OFJ6N53", "TimeCreated": "2025-06-18 18:31:59.768730+00:00", "RecordID": "9219", "Level": "4", "UserID": "S-1-5-18", "EventData.updateTitle": "9WZDNCRD29V9-MICROSOFT.MICROSOFTOFFICEHUB", "EventData.updateGuid": "{ab0878f4-be5c-4468-8228-c2c3ca2c6b45}", "EventData.updateRevisionNumber": "1"}
{"EventID": "26", "Channel": "Microsoft-Windows-WindowsUpdateClient/Operational", "Provider_Name": "Microsoft-Windows-WindowsUpdateClient", "Computer": "DESKTOP-OFJ6N53", "TimeCreated": "2025-06-18 22:07:41.878054+00:00", "RecordID": "9220", "Level": "4", "UserID": "S-1-5-18", "EventData.updateCount": "1", "EventData.serviceGuid": "{9482f4b4-e343-43b6-b170-9a65bc822c77}"}
{"EventID": "26", "Channel": "Microsoft-Windows-WindowsUpdateClient/Operational", "Provider_Name": "Microsoft-Windows-WindowsUpdateClient", "Computer": "DESKTOP-OFJ6N53", "TimeCreated": "2025-06-18 22:07:41.878059+00:00", "RecordID": "9221", "Level": "4", "UserID": "S-1-5-18", "EventData.updateCount": "1", "EventData.serviceGuid": "{8b24b027-1dee-babb-9a95-3517dfb9c552}"}
{"EventID": "41", "Channel": "Microsoft-Windows-WindowsUpdateClient/Operational", "Provider_Name": "Microsoft-Windows-WindowsUpdateClient", "Computer": "DESKTOP-OFJ6N53", "TimeCreated": "2025-06-18 22:07:46.058228+00:00", "RecordID": "9222", "Level": "4", "UserID": "S-1-5-18", "EventData.updateTitle": "Обновление механизма обнаружения угроз для Microsoft Defender Antivirus — KB2267602 (версия 1.431.97.0) — Актуальный канал (широкий выпуск)", "EventData.updateGuid": "{951c0945-d022-4f1f-a5b4-ca2b768a1b6b}", "EventData.updateRevisionNumber": "200"}
{"EventID": "26", "Channel": "Microsoft-Windows-WindowsUpdateClient/Operational", "Provider_Name": "Microsoft-Windows-WindowsUpdateClient", "Computer": "DESKTOP-OFJ6N53", "TimeCreated": "2025-06-19 15:07:36.976913+00:00", "RecordID": "9223", "Level": "4", "UserID": "S-1-5-18", "EventData.updateCount": "1", "EventData.serviceGuid": "{9482f4b4-e343-43b6-b170-9a65bc822c77}"}
{"EventID": "26", "Channel": "Microsoft-Windows-WindowsUpdateClient/Operational", "Provider_Name": "Microsoft-Windows-WindowsUpdateClient", "Computer": "DESKTOP-OFJ6N53", "TimeCreated": "2025-06-19 15:07:36.976919+00:00", "RecordID": "9224", "Level": "4", "UserID": "S-1-5-18", "EventData.updateCount": "0", "EventData.serviceGuid": "{8b24b027-1dee-babb-9a95-3517dfb9c552}"}
{"EventID": "41", "Channel": "Microsoft-Windows-WindowsUpdateClient/Operational", "Provider_Name": "Microsoft-Windows-WindowsUpdateClient", "Computer": "DESKTOP-OFJ6N53", "TimeCreated": "2025-06-19 15:07:36.976925+00:00", "RecordID": "9225", "Level": "4", "UserID": "S-1-5-18", "EventData.updateTitle": "Обновление механизма обнаружения угроз для Microsoft Defender Antivirus — KB2267602 (версия 1.431.116.0) — Актуальный канал (широкий выпуск)", "EventData.updateGuid": "{104db084-86f2-4afe-8b5a-10cf035f7f03}", "EventData.updateRevisionNumber": "200"}
{"EventID": "26", "Channel": "Microsoft-Windows-WindowsUpdateClient/Operational", "Provider_Name": "Microsoft-Windows-WindowsUpdateClient", "Computer": "DESKTOP-OFJ6N53", "TimeCreated": "2025-06-19 20:08:40.791994+00:00", "RecordID": "9226", "Level": "4", "UserID": "S-1-5-18", "EventData.updateCount": "1", "EventData.serviceGuid": "{9482f4b4-e343-43b6-b170-9a65bc822c77}"}
{"EventID": "26", "Channel": "Microsoft-Windows-WindowsUpdateClient/Operational", "Provider_Name": "Microsoft-Windows-WindowsUpdateClient", "Computer": "DESKTOP-OFJ6N53", "TimeCreated": "2025-06-19 20:08:46.870449+00:00", "RecordID": "9227", "Level": "4", "UserID": "S-1-5-18", "EventData.updateCount": "1", "EventData.serviceGuid": "{8b24b027-1dee-babb-9a95-3517dfb9c552}"}
{"EventID": "41", "Channel": "Microsoft-Windows-WindowsUpdateClient/Operational", "Provider_Name": "Microsoft-Windows-WindowsUpdateClient", "Computer": "DESKTOP-OFJ6N53", "TimeCreated": "2025-06-19 20:08:46.870457+00:00", "RecordID": "9228", "Level": "4", "UserID": "S-1-5-18", "EventData.updateTitle": "Обновление механизма обнаружения угроз для Microsoft Defender Antivirus — KB2267602 (версия 1.431.119.0) — Актуальный канал (широкий выпуск)", "EventData.updateGuid": "{a6e9a762-5f01-4d5c-a7fa-736e3ce6d7f9}", "EventData.updateRevisionNumber": "200"}
{"EventID": "26", "Channel": "Microsoft-Windows-WindowsUpdateClient/Operational", "Provider_Name": "Microsoft-Windows-WindowsUpdateClient", "Computer": "DESKTOP-OFJ6N53", "TimeCreated": "2025-06-20 08:46:13.952023+00:00", "RecordID": "9229", "Level": "4", "UserID": "S-1-5-18", "EventData.updateCount": "0", "EventData.serviceGuid": "{855e8a7c-ecb4-4ca3-b045-1dfa50104289}"}
{"EventID": "26", "Channel": "Microsoft-Windows-WindowsUpdateClient/Operational", "Provider_Name": "Microsoft-Windows-WindowsUpdateClient", "Computer": "DESKTOP-OFJ6N53", "TimeCreated": "2025-06-20 15:07:40.887840+00:00", "RecordID": "9230", "Level": "4", "UserID": "S-1-5-18", "EventData.updateCount": "1", "EventData.serviceGuid": "{9482f4b4-e343-43b6-b170-9a65bc822c77}"}
{"EventID": "26", "Channel": "Microsoft-Windows-WindowsUpdateClient/Operational", "Provider_Name": "Microsoft-Windows-WindowsUpdateClient", "Computer": "DESKTOP-OFJ6N53", "TimeCreated": "2025-06-20 15:07:40.887844+00:00", "RecordID": "9231", "Level": "4", "UserID": "S-1-5-18", "EventData.updateCount": "0", "EventData.serviceGuid": "{8b24b027-1dee-babb-9a95-3517dfb9c552}"}
{"EventID": "41", "Channel": "Microsoft-Windows-WindowsUpdateClient/Operational", "Provider_Name": "Microsoft-Windows-WindowsUpdateClient", "Computer": "DESKTOP-OFJ6N53", "TimeCreated": "2025-06-20 15:07:40.887848+00:00", "RecordID": "9232", "Level": "4", "UserID": "S-1-5-18", "EventData.updateTitle": "Обновление механизма обнаружения угроз для Microsoft Defender Antivirus — KB2267602 (версия 1.431.135.0) — Актуальный канал (широкий выпуск)", "EventData.updateGuid": "{ca93862b-1000-4ac3-98c6-2e7c8cc20f06}", "EventData.updateRevisionNumber": "200"}
{"EventID": "26", "Channel": "Microsoft-Windows-WindowsUpdateClient/Operational", "Provider_Name": "Microsoft-Windows-WindowsUpdateClient", "Computer": "DESKTOP-OFJ6N53", "TimeCreated": "2025-06-20 19:07:57.591623+00:00", "RecordID": "9233", "Level": "4", "UserID": "S-1-5-18", "EventData.updateCount": "1", "EventData.serviceGuid": "{9482f4b4-e343-43b6-b170-9a65bc822c77}"}
{"EventID": "26", "Channel": "Microsoft-Windows-WindowsUpdateClient/Operational", "Provider_Name": "Microsoft-Windows-WindowsUpdateClient", "Computer": "DESKTOP-OFJ6N53", "TimeCreated": "2025-06-20 19:08:05.564260+00:00", "RecordID": "9234", "Level": "4", "UserID": "S-1-5-18", "EventData.updateCount": "1", "EventData.serviceGuid": "{8b24b027-1dee-babb-9a95-3517dfb9c552}"}
{"EventID": "41", "Channel": "Microsoft-Windows-WindowsUpdateClient/Operational", "Provider_Name": "Microsoft-Windows-WindowsUpdateClient", "Computer": "DESKTOP-OFJ6N53", "TimeCreated": "2025-06-20 19:08:05.564266+00:00", "RecordID": "9235", "Level": "4", "UserID": "S-1-5-18", "EventData.updateTitle": "Обновление механизма обнаружения угроз для Microsoft Defender Antivirus — KB2267602 (версия 1.431.136.0) — Актуальный канал (широкий выпуск)", "EventData.updateGuid": "{05ddc14f-768f-4cba-8c0d-2453a9a0f760}", "EventData.updateRevisionNumber": "200"}
{"EventID": "26", "Channel": "Microsoft-Windows-WindowsUpdateClient/Operational", "Provider_Name": "Microsoft-Windows-WindowsUpdateClient", "Computer": "DESKTOP-OFJ6N53", "TimeCreated": "2025-06-20 22:02:40.228420+00:00", "RecordID": "9236", "Level": "4", "UserID": "S-1-5-18", "EventData.updateCount": "1", "EventData.serviceGuid": "{855e8a7c-ecb4-4ca3-b045-1dfa50104289}"}
{"EventID": "26", "Channel": "Microsoft-Windows-WindowsUpdateClient/Operational", "Provider_Name": "Microsoft-Windows-WindowsUpdateClient", "Computer": "DESKTOP-OFJ6N53", "TimeCreated": "2025-06-20 22:02:50.952831+00:00", "RecordID": "9237", "Level": "4", "UserID": "S-1-5-18", "EventData.updateCount": "1", "EventData.serviceGuid": "{855e8a7c-ecb4-4ca3-b045-1dfa50104289}"}
{"EventID": "41", "Channel": "Microsoft-Windows-WindowsUpdateClient/Operational", "Provider_Name": "Microsoft-Windows-WindowsUpdateClient", "Computer": "DESKTOP-OFJ6N53", "TimeCreated": "2025-06-20 22:03:09.832191+00:00", "RecordID": "9238", "Level": "4", "UserID": "S-1-5-18", "EventData.updateTitle": "9WZDNCRD29V9-MICROSOFT.MICROSOFTOFFICEHUB", "EventData.updateGuid": "{62c8709c-8666-4cb6-b034-2682722d6548}", "EventData.updateRevisionNumber": "1"}
{"EventID": "26", "Channel": "Microsoft-Windows-WindowsUpdateClient/Operational", "Provider_Name": "Microsoft-Windows-WindowsUpdateClient", "Computer": "DESKTOP-OFJ6N53", "TimeCreated": "2025-06-21 15:07:42.166010+00:00", "RecordID": "9239", "Level": "4", "UserID": "S-1-5-18", "EventData.updateCount": "1", "EventData.serviceGuid": "{9482f4b4-e343-43b6-b170-9a65bc822c77}"}
{"EventID": "26", "Channel": "Microsoft-Windows-WindowsUpdateClient/Operational", "Provider_Name": "Microsoft-Windows-WindowsUpdateClient", "Computer": "DESKTOP-OFJ6N53", "TimeCreated": "2025-06-21 15:07:42.166016+00:00", "RecordID": "9240", "Level": "4", "UserID": "S-1-5-18", "EventData.updateCount": "0", "EventData.serviceGuid": "{8b24b027-1dee-babb-9a95-3517dfb9c552}"}
{"EventID": "41", "Channel": "Microsoft-Windows-WindowsUpdateClient/Operational", "Provider_Name": "Microsoft-Windows-WindowsUpdateClient", "Computer": "DESKTOP-OFJ6N53", "TimeCreated": "2025-06-21 15:07:42.166019+00:00", "RecordID": "9241", "Level": "4", "UserID": "S-1-5-18", "EventData.updateTitle": "Обновление механизма обнаружения угроз для Microsoft Defender Antivirus — KB2267602 (версия 1.431.151.0) — Актуальный канал (широкий выпуск)", "EventData.updateGuid": "{85633dae-3e25-4c67-b33b-3142e193790a}", "EventData.updateRevisionNumber": "200"}
{"EventID": "26", "Channel": "Microsoft-Windows-WindowsUpdateClient/Operational", "Provider_Name": "Microsoft-Windows-WindowsUpdateClient", "Computer": "DESKTOP-OFJ6N53", "TimeCreated": "2025-06-21 17:27:09.718750+00:00", "RecordID": "9242", "Level": "4", "UserID": "S-1-5-18", "EventData.updateCount": "1", "EventData.serviceGuid": "{9482f4b4-e343-43b6-b170-9a65bc822c77}"}
{"EventID": "26", "Channel": "Microsoft-Windows-WindowsUpdateClient/Operational", "Provider_Name": "Microsoft-Windows-WindowsUpdateClient", "Computer": "DESKTOP-OFJ6N53", "TimeCreated": "2025-06-21 17:27:16.844280+00:00", "RecordID": "9243", "Level": "4", "UserID": "S-1-5-18", "EventData.updateCount": "1", "EventData.serviceGuid": "{8b24b027-1dee-babb-9a95-3517dfb9c552}"}
{"EventID": "41", "Channel": "Microsoft-Windows-WindowsUpdateClient/Operational", "Provider_Name": "Microsoft-Windows-WindowsUpdateClient", "Computer": "DESKTOP-OFJ6N53", "TimeCreated": "2025-06-21 17:27:16.844286+00:00", "RecordID": "9244", "Level": "4", "UserID": "S-1-5-18", "EventData.updateTitle": "Обновление механизма обнаружения угроз для Microsoft Defender Antivirus — KB2267602 (версия 1.431.153.0) — Актуальный канал (широкий выпуск)", "EventData.updateGuid": "{96d3df84-8ff1-4249-8975-5bed16f60293}", "EventData.updateRevisionNumber": "200"}
{"EventID": "26", "Channel": "Microsoft-Windows-WindowsUpdateClient/Operational", "Provider_Name": "Microsoft-Windows-WindowsUpdateClient", "Computer": "DESKTOP-OFJ6N53", "TimeCreated": "2025-06-22 08:46:43.012341+00:00", "RecordID": "9245", "Level": "4", "UserID": "S-1-5-18", "EventData.updateCount": "0", "EventData.serviceGuid": "{855e8a7c-ecb4-4ca3-b045-1dfa50104289}"}
{"EventID": "26", "Channel": "Microsoft-Windows-WindowsUpdateClient/Operational", "Provider_Name": "Microsoft-Windows-WindowsUpdateClient", "Computer": "DESKTOP-OFJ6N53", "TimeCreated": "2025-06-22 12:15:04.715359+00:00", "RecordID": "9246", "Level": "4", "UserID": "S-1-5-18", "EventData.updateCount": "0", "EventData.serviceGuid": "{855e8a7c-ecb4-4ca3-b045-1dfa50104289}"}
{"EventID": "26", "Channel": "Microsoft-Windows-WindowsUpdateClient/Operational", "Provider_Name": "Microsoft-Windows-WindowsUpdateClient", "Computer": "DESKTOP-OFJ6N53", "TimeCreated": "2025-06-22 12:46:37.105158+00:00", "RecordID": "9247", "Level": "4", "UserID": "S-1-5-18", "EventData.updateCount": "1", "EventData.serviceGuid": "{9482f4b4-e343-43b6-b170-9a65bc822c77}"}
{"EventID": "26", "Channel": "Microsoft-Windows-WindowsUpdateClient/Operational", "Provider_Name": "Microsoft-Windows-WindowsUpdateClient", "Computer": "DESKTOP-OFJ6N53", "TimeCreated": "2025-06-22 12:46:41.799423+00:00", "RecordID": "9248", "Level": "4", "UserID": "S-1-5-18", "EventData.updateCount": "1", "EventData.serviceGuid": "{8b24b027-1dee-babb-9a95-3517dfb9c552}"}
{"EventID": "41", "Channel": "Microsoft-Windows-WindowsUpdateClient/Operational", "Provider_Name": "Microsoft-Windows-WindowsUpdateClient", "Computer": "DESKTOP-OFJ6N53", "TimeCreated": "2025-06-22 12:46:41.799429+00:00", "RecordID": "9249", "Level": "4", "UserID": "S-1-5-18", "EventData.updateTitle": "Обновление механизма обнаружения угроз для Microsoft Defender Antivirus — KB2267602 (версия 1.431.158.0) — Актуальный канал (широкий выпуск)", "EventData.updateGuid": "{090e51c9-34fd-498f-80c0-21c1b303097d}", "EventData.updateRevisionNumber": "200"}
{"EventID": "26", "Channel": "Microsoft-Windows-WindowsUpdateClient/Operational", "Provider_Name": "Microsoft-Windows-WindowsUpdateClient", "Computer": "DESKTOP-OFJ6N53", "TimeCreated": "2025-06-22 15:07:37.156298+00:00", "RecordID": "9250", "Level": "4", "UserID": "S-1-5-18", "EventData.updateCount": "0", "EventData.serviceGuid": "{9482f4b4-e343-43b6-b170-9a65bc822c77}"}
{"EventID": "26", "Channel": "Microsoft-Windows-WindowsUpdateClient/Operational", "Provider_Name": "Microsoft-Windows-WindowsUpdateClient", "Computer": "DESKTOP-OFJ6N53", "TimeCreated": "2025-06-22 15:07:37.156301+00:00", "RecordID": "9251", "Level": "4", "UserID": "S-1-5-18", "EventData.updateCount": "0", "EventData.serviceGuid": "{8b24b027-1dee-babb-9a95-3517dfb9c552}"}
{"EventID": "26", "Channel": "Microsoft-Windows-WindowsUpdateClient/Operational", "Provider_Name": "Microsoft-Windows-WindowsUpdateClient", "Computer": "DESKTOP-OFJ6N53", "TimeCreated": "2025-06-23 09:43:02.003576+00:00", "RecordID": "9252", "Level": "4", "UserID": "S-1-5-18", "EventData.updateCount": "1", "EventData.serviceGuid": "{9482f4b4-e343-43b6-b170-9a65bc822c77}"}
{"EventID": "26", "Channel": "Microsoft-Windows-WindowsUpdateClient/Operational", "Provider_Name": "Microsoft-Windows-WindowsUpdateClient", "Computer": "DESKTOP-OFJ6N53", "TimeCreated": "2025-06-23 09:43:09.140985+00:00", "RecordID": "9253", "Level": "4", "UserID": "S-1-5-18", "EventData.updateCount": "1", "EventData.serviceGuid": "{8b24b027-1dee-babb-9a95-3517dfb9c552}"}
{"EventID": "41", "Channel": "Microsoft-Windows-WindowsUpdateClient/Operational", "Provider_Name": "Microsoft-Windows-WindowsUpdateClient", "Computer": "DESKTOP-OFJ6N53", "TimeCreated": "2025-06-23 09:43:09.140989+00:00", "RecordID": "9254", "Level": "4", "UserID": "S-1-5-18", "EventData.updateTitle": "Обновление механизма обнаружения угроз для Microsoft Defender Antivirus — KB2267602 (версия 1.431.165.0) — Актуальный канал (широкий выпуск)", "EventData.updateGuid": "{669ead46-b394-49e1-b2b6-13eaaee56d0a}", "EventData.updateRevisionNumber": "200"}
