{"EventID": "1403", "Channel": "Microsoft-Windows-ShellCommon-StartLayoutPopulation/Operational", "Provider_Name": "Microsoft-Windows-ShellCommon-StartLayoutPopulation", "Computer": "DESKTOP-OFJ6N53", "TimeCreated": "2022-11-10 09:29:32.925623+00:00", "RecordID": "522", "Level": "4", "UserID": "S-1-5-21-963789628-1060504924-4285088085-1001"}
{"EventID": "1402", "Channel": "Microsoft-Windows-ShellCommon-StartLayoutPopulation/Operational", "Provider_Name": "Microsoft-Windows-ShellCommon-StartLayoutPopulation", "Computer": "DESKTOP-OFJ6N53", "TimeCreated": "2022-11-13 15:47:18.037851+00:00", "RecordID": "523", "Level": "4", "UserID": "S-1-5-21-963789628-1060504924-4285088085-1001"}
{"EventID": "1403", "Channel": "Microsoft-Windows-ShellCommon-StartLayoutPopulation/Operational", "Provider_Name": "Microsoft-Windows-ShellCommon-StartLayoutPopulation", "Computer": "DESKTOP-OFJ6N53", "TimeCreated": "2022-11-13 15:47:18.065947+00:00", "RecordID": "524", "Level": "4", "UserID": "S-1-5-21-963789628-1060504924-4285088085-1001"}
{"EventID": "1402", "Channel": "Microsoft-Windows-ShellCommon-StartLayoutPopulation/Operational", "Provider_Name": "Microsoft-Windows-ShellCommon-StartLayoutPopulation", "Computer": "DESKTOP-OFJ6N53", "TimeCreated": "2022-11-17 17:36:52.111801+00:00", "RecordID": "525", "Level": "4", "UserID": "S-1-5-21-963789628-1060504924-4285088085-1001"}
{"EventID": "1403", "Channel": "Microsoft-Windows-ShellCommon-StartLayoutPopulation/Operational", "Provider_Name": "Microsoft-Windows-ShellCommon-StartLayoutPopulation", "Computer": "DESKTOP-OFJ6N53", "TimeCreated": "2022-11-17 17:36:52.429081+00:00", "RecordID": "526", "Level": "4", "UserID": "S-1-5-21-963789628-1060504924-4285088085-1001"}
{"EventID": "1402", "Channel": "Microsoft-Windows-ShellCommon-StartLayoutPopulation/Operational", "Provider_Name": "Microsoft-Windows-ShellCommon-StartLayoutPopulation", "Computer": "DESKTOP-OFJ6N53", "TimeCreated": "2022-11-17 17:36:54.194551+00:00", "RecordID": "527", "Level": "4", "UserID": "S-1-5-21-963789628-1060504924-4285088085-1001"}
{"EventID": "1403", "Channel": "Microsoft-Windows-ShellCommon-StartLayoutPopulation/Operational", "Provider_Name": "Microsoft-Windows-ShellCommon-StartLayoutPopulation", "Computer": "DESKTOP-OFJ6N53", "TimeCreated": "2022-11-17 17:36:54.270704+00:00", "RecordID": "528", "Level": "4", "UserID": "S-1-5-21-963789628-1060504924-4285088085-1001"}
{"EventID": "1402", "Channel": "Microsoft-Windows-ShellCommon-StartLayoutPopulation/Operational", "Provider_Name": "Microsoft-Windows-ShellCommon-StartLayoutPopulation", "Computer": "DESKTOP-OFJ6N53", "TimeCreated": "2022-11-17 17:39:59.126989+00:00", "RecordID": "529", "Level": "4", "UserID": "S-1-5-21-963789628-1060504924-4285088085-1001"}
{"EventID": "1403", "Channel": "Microsoft-Windows-ShellCommon-StartLayoutPopulation/Operational", "Provider_Name": "Microsoft-Windows-ShellCommon-StartLayoutPopulation", "Computer": "DESKTOP-OFJ6N53", "TimeCreated": "2022-11-17 17:39:59.157267+00:00", "RecordID": "530", "Level": "4", "UserID": "S-1-5-21-963789628-1060504924-4285088085-1001"}
{"EventID": "1402", "Channel": "Microsoft-Windows-ShellCommon-StartLayoutPopulation/Operational", "Provider_Name": "Microsoft-Windows-ShellCommon-StartLayoutPopulation", "Computer": "DESKTOP-OFJ6N53", "TimeCreated": "2022-11-17 18:09:55.065132+00:00", "RecordID": "531", "Level": "4", "UserID": "S-1-5-21-963789628-1060504924-4285088085-1001"}
{"EventID": "1403", "Channel": "Microsoft-Windows-ShellCommon-StartLayoutPopulation/Operational", "Provider_Name": "Microsoft-Windows-ShellCommon-StartLayoutPopulation", "Computer": "DESKTOP-OFJ6N53", "TimeCreated": "2022-11-17 18:09:55.104095+00:00", "RecordID": "532", "Level": "4", "UserID": "S-1-5-21-963789628-1060504924-4285088085-1001"}
{"EventID": "1402", "Channel": "Microsoft-Windows-ShellCommon-StartLayoutPopulation/Operational", "Provider_Name": "Microsoft-Windows-ShellCommon-StartLayoutPopulation", "Computer": "DESKTOP-OFJ6N53", "TimeCreated": "2022-11-18 08:31:42.099527+00:00", "RecordID": "533", "Level": "4", "UserID": "S-1-5-21-963789628-1060504924-4285088085-1001"}
{"EventID": "1403", "Channel": "Microsoft-Windows-ShellCommon-StartLayoutPopulation/Operational", "Provider_Name": "Microsoft-Windows-ShellCommon-StartLayoutPopulation", "Computer": "DESKTOP-OFJ6N53", "TimeCreated": "2022-11-18 08:31:42.144547+00:00", "RecordID": "534", "Level": "4", "UserID": "S-1-5-21-963789628-1060504924-4285088085-1001"}
{"EventID": "1402", "Channel": "Microsoft-Windows-ShellCommon-StartLayoutPopulation/Operational", "Provider_Name": "Microsoft-Windows-ShellCommon-StartLayoutPopulation", "Computer": "DESKTOP-OFJ6N53", "TimeCreated": "2022-11-18 08:31:56.758192+00:00", "RecordID": "535", "Level": "4", "UserID": "S-1-5-21-963789628-1060504924-4285088085-1001"}
{"EventID": "1403", "Channel": "Microsoft-Windows-ShellCommon-StartLayoutPopulation/Operational", "Provider_Name": "Microsoft-Windows-ShellCommon-StartLayoutPopulation", "Computer": "DESKTOP-OFJ6N53", "TimeCreated": "2022-11-18 08:31:56.787426+00:00", "RecordID": "536", "Level": "4", "UserID": "S-1-5-21-963789628-1060504924-4285088085-1001"}
{"EventID": "1402", "Channel": "Microsoft-Windows-ShellCommon-StartLayoutPopulation/Operational", "Provider_Name": "Microsoft-Windows-ShellCommon-StartLayoutPopulation", "Computer": "DESKTOP-OFJ6N53", "TimeCreated": "2022-11-18 08:34:55.511221+00:00", "RecordID": "537", "Level": "4", "UserID": "S-1-5-21-963789628-1060504924-4285088085-1001"}
{"EventID": "1403", "Channel": "Microsoft-Windows-ShellCommon-StartLayoutPopulation/Operational", "Provider_Name": "Microsoft-Windows-ShellCommon-StartLayoutPopulation", "Computer": "DESKTOP-OFJ6N53", "TimeCreated": "2022-11-18 08:34:55.595451+00:00", "RecordID": "538", "Level": "4", "UserID": "S-1-5-21-963789628-1060504924-4285088085-1001"}
{"EventID": "1402", "Channel": "Microsoft-Windows-ShellCommon-StartLayoutPopulation/Operational", "Provider_Name": "Microsoft-Windows-ShellCommon-StartLayoutPopulation", "Computer": "DESKTOP-OFJ6N53", "TimeCreated": "2022-11-19 20:58:02.564762+00:00", "RecordID": "539", "Level": "4", "UserID": "S-1-5-21-963789628-1060504924-4285088085-1001"}
{"EventID": "1403", "Channel": "Microsoft-Windows-ShellCommon-StartLayoutPopulation/Operational", "Provider_Name": "Microsoft-Windows-ShellCommon-StartLayoutPopulation", "Computer": "DESKTOP-OFJ6N53", "TimeCreated": "2022-11-19 20:58:02.646225+00:00", "RecordID": "540", "Level": "4", "UserID": "S-1-5-21-963789628-1060504924-4285088085-1001"}
{"EventID": "1402", "Channel": "Microsoft-Windows-ShellCommon-StartLayoutPopulation/Operational", "Provider_Name": "Microsoft-Windows-ShellCommon-StartLayoutPopulation", "Computer": "DESKTOP-OFJ6N53", "TimeCreated": "2022-11-19 20:58:30.918074+00:00", "RecordID": "541", "Level": "4", "UserID": "S-1-5-21-963789628-1060504924-4285088085-1001"}
{"EventID": "1403", "Channel": "Microsoft-Windows-ShellCommon-StartLayoutPopulation/Operational", "Provider_Name": "Microsoft-Windows-ShellCommon-StartLayoutPopulation", "Computer": "DESKTOP-OFJ6N53", "TimeCreated": "2022-11-19 20:58:31.450069+00:00", "RecordID": "542", "Level": "4", "UserID": "S-1-5-21-963789628-1060504924-4285088085-1001"}
{"EventID": "1402", "Channel": "Microsoft-Windows-ShellCommon-StartLayoutPopulation/Operational", "Provider_Name": "Microsoft-Windows-ShellCommon-StartLayoutPopulation", "Computer": "DESKTOP-OFJ6N53", "TimeCreated": "2022-11-19 21:29:42.721889+00:00", "RecordID": "543", "Level": "4", "UserID": "S-1-5-21-963789628-1060504924-4285088085-1001"}
{"EventID": "1403", "Channel": "Microsoft-Windows-ShellCommon-StartLayoutPopulation/Operational", "Provider_Name": "Microsoft-Windows-ShellCommon-StartLayoutPopulation", "Computer": "DESKTOP-OFJ6N53", "TimeCreated": "2022-11-19 21:29:42.820082+00:00", "RecordID": "544", "Level": "4", "UserID": "S-1-5-21-963789628-1060504924-4285088085-1001"}
{"EventID": "1402", "Channel": "Microsoft-Windows-ShellCommon-StartLayoutPopulation/Operational", "Provider_Name": "Microsoft-Windows-ShellCommon-StartLayoutPopulation", "Computer": "DESKTOP-OFJ6N53", "TimeCreated": "2022-11-21 07:56:52.632042+00:00", "RecordID": "545", "Level": "4", "UserID": "S-1-5-21-963789628-1060504924-4285088085-1001"}
{"EventID": "1403", "Channel": "Microsoft-Windows-ShellCommon-StartLayoutPopulation/Operational", "Provider_Name": "Microsoft-Windows-ShellCommon-StartLayoutPopulation", "Computer": "DESKTOP-OFJ6N53", "TimeCreated": "2022-11-21 07:56:52.678246+00:00", "RecordID": "546", "Level": "4", "UserID": "S-1-5-21-963789628-1060504924-4285088085-1001"}
{"EventID": "1402", "Channel": "Microsoft-Windows-ShellCommon-StartLayoutPopulation/Operational", "Provider_Name": "Microsoft-Windows-ShellCommon-StartLayoutPopulation", "Computer": "DESKTOP-OFJ6N53", "TimeCreated": "2022-11-21 07:57:02.155329+00:00", "RecordID": "547", "Level": "4", "UserID": "S-1-5-21-963789628-1060504924-4285088085-1001"}
{"EventID": "1403", "Channel": "Microsoft-Windows-ShellCommon-StartLayoutPopulation/Operational", "Provider_Name": "Microsoft-Windows-ShellCommon-StartLayoutPopulation", "Computer": "DESKTOP-OFJ6N53", "TimeCreated": "2022-11-21 07:57:02.173435+00:00", "RecordID": "548", "Level": "4", "UserID": "S-1-5-21-963789628-1060504924-4285088085-1001"}
{"EventID": "1402", "Channel": "Microsoft-Windows-ShellCommon-StartLayoutPopulation/Operational", "Provider_Name": "Microsoft-Windows-ShellCommon-StartLayoutPopulation", "Computer": "DESKTOP-OFJ6N53", "TimeCreated": "2022-11-22 07:20:16.623837+00:00", "RecordID": "549", "Level": "4", "UserID": "S-1-5-21-963789628-1060504924-4285088085-1001"}
{"EventID": "1403", "Channel": "Microsoft-Windows-ShellCommon-StartLayoutPopulation/Operational", "Provider_Name": "Microsoft-Windows-ShellCommon-StartLayoutPopulation", "Computer": "DESKTOP-OFJ6N53", "TimeCreated": "2022-11-22 07:20:16.654816+00:00", "RecordID": "550", "Level": "4", "UserID": "S-1-5-21-963789628-1060504924-4285088085-1001"}
{"EventID": "1402", "Channel": "Microsoft-Windows-ShellCommon-StartLayoutPopulation/Operational", "Provider_Name": "Microsoft-Windows-ShellCommon-StartLayoutPopulation", "Computer": "DESKTOP-OFJ6N53", "TimeCreated": "2022-11-22 07:20:25.845499+00:00", "RecordID": "551", "Level": "4", "UserID": "S-1-5-21-963789628-1060504924-4285088085-1001"}
{"EventID": "1403", "Channel": "Microsoft-Windows-ShellCommon-StartLayoutPopulation/Operational", "Provider_Name": "Microsoft-Windows-ShellCommon-StartLayoutPopulation", "Computer": "DESKTOP-OFJ6N53", "TimeCreated": "2022-11-22 07:20:25.889040+00:00", "RecordID": "552", "Level": "4", "UserID": "S-1-5-21-963789628-1060504924-4285088085-1001"}
{"EventID": "1402", "Channel": "Microsoft-Windows-ShellCommon-StartLayoutPopulation/Operational", "Provider_Name": "Microsoft-Windows-ShellCommon-StartLayoutPopulation", "Computer": "DESKTOP-OFJ6N53", "TimeCreated": "2022-11-22 11:58:34.346100+00:00", "RecordID": "553", "Level": "4", "UserID": "S-1-5-21-963789628-1060504924-4285088085-1001"}
{"EventID": "1403", "Channel": "Microsoft-Windows-ShellCommon-StartLayoutPopulation/Operational", "Provider_Name": "Microsoft-Windows-ShellCommon-StartLayoutPopulation", "Computer": "DESKTOP-OFJ6N53", "TimeCreated": "2022-11-22 11:58:34.375713+00:00", "RecordID": "554", "Level": "4", "UserID": "S-1-5-21-963789628-1060504924-4285088085-1001"}
{"EventID": "1402", "Channel": "Microsoft-Windows-ShellCommon-StartLayoutPopulation/Operational", "Provider_Name": "Microsoft-Windows-ShellCommon-StartLayoutPopulation", "Computer": "DESKTOP-OFJ6N53", "TimeCreated": "2022-11-22 11:58:44.981607+00:00", "RecordID": "555", "Level": "4", "UserID": "S-1-5-21-963789628-1060504924-4285088085-1001"}
{"EventID": "1403", "Channel": "Microsoft-Windows-ShellCommon-StartLayoutPopulation/Operational", "Provider_Name": "Microsoft-Windows-ShellCommon-StartLayoutPopulation", "Computer": "DESKTOP-OFJ6N53", "TimeCreated": "2022-11-22 11:58:45.010748+00:00", "RecordID": "556", "Level": "4", "UserID": "S-1-5-21-963789628-1060504924-4285088085-1001"}
{"EventID": "1402", "Channel": "Microsoft-Windows-ShellCommon-StartLayoutPopulation/Operational", "Provider_Name": "Microsoft-Windows-ShellCommon-StartLayoutPopulation", "Computer": "DESKTOP-OFJ6N53", "TimeCreated": "2022-11-24 10:54:17.252493+00:00", "RecordID": "557", "Level": "4", "UserID": "S-1-5-21-963789628-1060504924-4285088085-1001"}
{"EventID": "1403", "Channel": "Microsoft-Windows-ShellCommon-StartLayoutPopulation/Operational", "Provider_Name": "Microsoft-Windows-ShellCommon-StartLayoutPopulation", "Computer": "DESKTOP-OFJ6N53", "TimeCreated": "2022-11-24 10:54:17.293283+00:00", "RecordID": "558", "Level": "4", "UserID": "S-1-5-21-963789628-1060504924-4285088085-1001"}
{"EventID": "1402", "Channel": "Microsoft-Windows-ShellCommon-StartLayoutPopulation/Operational", "Provider_Name": "Microsoft-Windows-ShellCommon-StartLayoutPopulation", "Computer": "DESKTOP-OFJ6N53", "TimeCreated": "2022-11-24 10:54:24.545698+00:00", "RecordID": "559", "Level": "4", "UserID": "S-1-5-21-963789628-1060504924-4285088085-1001"}
{"EventID": "1403", "Channel": "Microsoft-Windows-ShellCommon-StartLayoutPopulation/Operational", "Provider_Name": "Microsoft-Windows-ShellCommon-StartLayoutPopulation", "Computer": "DESKTOP-OFJ6N53", "TimeCreated": "2022-11-24 10:54:24.613094+00:00", "RecordID": "560", "Level": "4", "UserID": "S-1-5-21-963789628-1060504924-4285088085-1001"}
{"EventID": "1402", "Channel": "Microsoft-Windows-ShellCommon-StartLayoutPopulation/Operational", "Provider_Name": "Microsoft-Windows-ShellCommon-StartLayoutPopulation", "Computer": "DESKTOP-OFJ6N53", "TimeCreated": "2022-11-28 11:26:29.240665+00:00", "RecordID": "561", "Level": "4", "UserID": "S-1-5-21-963789628-1060504924-4285088085-1001"}
{"EventID": "1403", "Channel": "Microsoft-Windows-ShellCommon-StartLayoutPopulation/Operational", "Provider_Name": "Microsoft-Windows-ShellCommon-StartLayoutPopulation", "Computer": "DESKTOP-OFJ6N53", "TimeCreated": "2022-11-28 11:26:29.310095+00:00", "RecordID": "562", "Level": "4", "UserID": "S-1-5-21-963789628-1060504924-4285088085-1001"}
{"EventID": "1402", "Channel": "Microsoft-Windows-ShellCommon-StartLayoutPopulation/Operational", "Provider_Name": "Microsoft-Windows-ShellCommon-StartLayoutPopulation", "Computer": "DESKTOP-OFJ6N53", "TimeCreated": "2022-11-28 11:26:38.136829+00:00", "RecordID": "563", "Level": "4", "UserID": "S-1-5-21-963789628-1060504924-4285088085-1001"}
{"EventID": "1403", "Channel": "Microsoft-Windows-ShellCommon-StartLayoutPopulation/Operational", "Provider_Name": "Microsoft-Windows-ShellCommon-StartLayoutPopulation", "Computer": "DESKTOP-OFJ6N53", "TimeCreated": "2022-11-28 11:26:38.193846+00:00", "RecordID": "564", "Level": "4", "UserID": "S-1-5-21-963789628-1060504924-4285088085-1001"}
{"EventID": "1402", "Channel": "Microsoft-Windows-ShellCommon-StartLayoutPopulation/Operational", "Provider_Name": "Microsoft-Windows-ShellCommon-StartLayoutPopulation", "Computer": "DESKTOP-OFJ6N53", "TimeCreated": "2022-11-30 10:10:31.746387+00:00", "RecordID": "565", "Level": "4", "UserID": "S-1-5-21-963789628-1060504924-4285088085-1001"}
{"EventID": "1403", "Channel": "Microsoft-Windows-ShellCommon-StartLayoutPopulation/Operational", "Provider_Name": "Microsoft-Windows-ShellCommon-StartLayoutPopulation", "Computer": "DESKTOP-OFJ6N53", "TimeCreated": "2022-11-30 10:10:31.787151+00:00", "RecordID": "566", "Level": "4", "UserID": "S-1-5-21-963789628-1060504924-4285088085-1001"}
{"EventID": "1402", "Channel": "Microsoft-Windows-ShellCommon-StartLayoutPopulation/Operational", "Provider_Name": "Microsoft-Windows-ShellCommon-StartLayoutPopulation", "Computer": "DESKTOP-OFJ6N53", "TimeCreated": "2022-11-30 10:10:41.433352+00:00", "RecordID": "567", "Level": "4", "UserID": "S-1-5-21-963789628-1060504924-4285088085-1001"}
{"EventID": "1403", "Channel": "Microsoft-Windows-ShellCommon-StartLayoutPopulation/Operational", "Provider_Name": "Microsoft-Windows-ShellCommon-StartLayoutPopulation", "Computer": "DESKTOP-OFJ6N53", "TimeCreated": "2022-11-30 10:10:41.453266+00:00", "RecordID": "568", "Level": "4", "UserID": "S-1-5-21-963789628-1060504924-4285088085-1001"}
{"EventID": "1402", "Channel": "Microsoft-Windows-ShellCommon-StartLayoutPopulation/Operational", "Provider_Name": "Microsoft-Windows-ShellCommon-StartLayoutPopulation", "Computer": "DESKTOP-OFJ6N53", "TimeCreated": "2022-12-06 11:57:36.864153+00:00", "RecordID": "569", "Level": "4", "UserID": "S-1-5-21-963789628-1060504924-4285088085-1001"}
{"EventID": "1403", "Channel": "Microsoft-Windows-ShellCommon-StartLayoutPopulation/Operational", "Provider_Name": "Microsoft-Windows-ShellCommon-StartLayoutPopulation", "Computer": "DESKTOP-OFJ6N53", "TimeCreated": "2022-12-06 11:57:36.909555+00:00", "RecordID": "570", "Level": "4", "UserID": "S-1-5-21-963789628-1060504924-4285088085-1001"}
{"EventID": "1402", "Channel": "Microsoft-Windows-ShellCommon-StartLayoutPopulation/Operational", "Provider_Name": "Microsoft-Windows-ShellCommon-StartLayoutPopulation", "Computer": "DESKTOP-OFJ6N53", "TimeCreated": "2022-12-06 11:57:46.230797+00:00", "RecordID": "571", "Level": "4", "UserID": "S-1-5-21-963789628-1060504924-4285088085-1001"}
{"EventID": "1403", "Channel": "Microsoft-Windows-ShellCommon-StartLayoutPopulation/Operational", "Provider_Name": "Microsoft-Windows-ShellCommon-StartLayoutPopulation", "Computer": "DESKTOP-OFJ6N53", "TimeCreated": "2022-12-06 11:57:46.247709+00:00", "RecordID": "572", "Level": "4", "UserID": "S-1-5-21-963789628-1060504924-4285088085-1001"}
{"EventID": "1402", "Channel": "Microsoft-Windows-ShellCommon-StartLayoutPopulation/Operational", "Provider_Name": "Microsoft-Windows-ShellCommon-StartLayoutPopulation", "Computer": "DESKTOP-OFJ6N53", "TimeCreated": "2022-12-09 11:52:18.897371+00:00", "RecordID": "573", "Level": "4", "UserID": "S-1-5-21-963789628-1060504924-4285088085-1001"}
{"EventID": "1403", "Channel": "Microsoft-Windows-ShellCommon-StartLayoutPopulation/Operational", "Provider_Name": "Microsoft-Windows-ShellCommon-StartLayoutPopulation", "Computer": "DESKTOP-OFJ6N53", "TimeCreated": "2022-12-09 11:52:18.939785+00:00", "RecordID": "574", "Level": "4", "UserID": "S-1-5-21-963789628-1060504924-4285088085-1001"}
{"EventID": "1402", "Channel": "Microsoft-Windows-ShellCommon-StartLayoutPopulation/Operational", "Provider_Name": "Microsoft-Windows-ShellCommon-StartLayoutPopulation", "Computer": "DESKTOP-OFJ6N53", "TimeCreated": "2022-12-09 11:52:28.227085+00:00", "RecordID": "575", "Level": "4", "UserID": "S-1-5-21-963789628-1060504924-4285088085-1001"}
{"EventID": "1403", "Channel": "Microsoft-Windows-ShellCommon-StartLayoutPopulation/Operational", "Provider_Name": "Microsoft-Windows-ShellCommon-StartLayoutPopulation", "Computer": "DESKTOP-OFJ6N53", "TimeCreated": "2022-12-09 11:52:28.250113+00:00", "RecordID": "576", "Level": "4", "UserID": "S-1-5-21-963789628-1060504924-4285088085-1001"}
{"EventID": "1402", "Channel": "Microsoft-Windows-ShellCommon-StartLayoutPopulation/Operational", "Provider_Name": "Microsoft-Windows-ShellCommon-StartLayoutPopulation", "Computer": "DESKTOP-OFJ6N53", "TimeCreated": "2022-12-12 15:21:56.863159+00:00", "RecordID": "577", "Level": "4", "UserID": "S-1-5-21-963789628-1060504924-4285088085-1001"}
{"EventID": "1403", "Channel": "Microsoft-Windows-ShellCommon-StartLayoutPopulation/Operational", "Provider_Name": "Microsoft-Windows-ShellCommon-StartLayoutPopulation", "Computer": "DESKTOP-OFJ6N53", "TimeCreated": "2022-12-12 15:21:56.921034+00:00", "RecordID": "578", "Level": "4", "UserID": "S-1-5-21-963789628-1060504924-4285088085-1001"}
{"EventID": "1402", "Channel": "Microsoft-Windows-ShellCommon-StartLayoutPopulation/Operational", "Provider_Name": "Microsoft-Windows-ShellCommon-StartLayoutPopulation", "Computer": "DESKTOP-OFJ6N53", "TimeCreated": "2022-12-12 15:22:06.447075+00:00", "RecordID": "579", "Level": "4", "UserID": "S-1-5-21-963789628-1060504924-4285088085-1001"}
{"EventID": "1403", "Channel": "Microsoft-Windows-ShellCommon-StartLayoutPopulation/Operational", "Provider_Name": "Microsoft-Windows-ShellCommon-StartLayoutPopulation", "Computer": "DESKTOP-OFJ6N53", "TimeCreated": "2022-12-12 15:22:06.467398+00:00", "RecordID": "580", "Level": "4", "UserID": "S-1-5-21-963789628-1060504924-4285088085-1001"}
{"EventID": "1402", "Channel": "Microsoft-Windows-ShellCommon-StartLayoutPopulation/Operational", "Provider_Name": "Microsoft-Windows-ShellCommon-StartLayoutPopulation", "Computer": "DESKTOP-OFJ6N53", "TimeCreated": "2022-12-14 12:51:22.741360+00:00", "RecordID": "581", "Level": "4", "UserID": "S-1-5-21-963789628-1060504924-4285088085-1001"}
{"EventID": "1403", "Channel": "Microsoft-Windows-ShellCommon-StartLayoutPopulation/Operational", "Provider_Name": "Microsoft-Windows-ShellCommon-StartLayoutPopulation", "Computer": "DESKTOP-OFJ6N53", "TimeCreated": "2022-12-14 12:51:22.764647+00:00", "RecordID": "582", "Level": "4", "UserID": "S-1-5-21-963789628-1060504924-4285088085-1001"}
{"EventID": "1402", "Channel": "Microsoft-Windows-ShellCommon-StartLayoutPopulation/Operational", "Provider_Name": "Microsoft-Windows-ShellCommon-StartLayoutPopulation", "Computer": "DESKTOP-OFJ6N53", "TimeCreated": "2022-12-14 12:51:32.295610+00:00", "RecordID": "583", "Level": "4", "UserID": "S-1-5-21-963789628-1060504924-4285088085-1001"}
{"EventID": "1403", "Channel": "Microsoft-Windows-ShellCommon-StartLayoutPopulation/Operational", "Provider_Name": "Microsoft-Windows-ShellCommon-StartLayoutPopulation", "Computer": "DESKTOP-OFJ6N53", "TimeCreated": "2022-12-14 12:51:32.315485+00:00", "RecordID": "584", "Level": "4", "UserID": "S-1-5-21-963789628-1060504924-4285088085-1001"}
{"EventID": "1402", "Channel": "Microsoft-Windows-ShellCommon-StartLayoutPopulation/Operational", "Provider_Name": "Microsoft-Windows-ShellCommon-StartLayoutPopulation", "Computer": "DESKTOP-OFJ6N53", "TimeCreated": "2022-12-15 08:37:20.807663+00:00", "RecordID": "585", "Level": "4", "UserID": "S-1-5-21-963789628-1060504924-4285088085-1001"}
{"EventID": "1403", "Channel": "Microsoft-Windows-ShellCommon-StartLayoutPopulation/Operational", "Provider_Name": "Microsoft-Windows-ShellCommon-StartLayoutPopulation", "Computer": "DESKTOP-OFJ6N53", "TimeCreated": "2022-12-15 08:37:20.832771+00:00", "RecordID": "586", "Level": "4", "UserID": "S-1-5-21-963789628-1060504924-4285088085-1001"}
{"EventID": "1402", "Channel": "Microsoft-Windows-ShellCommon-StartLayoutPopulation/Operational", "Provider_Name": "Microsoft-Windows-ShellCommon-StartLayoutPopulation", "Computer": "DESKTOP-OFJ6N53", "TimeCreated": "2022-12-15 08:37:30.137268+00:00", "RecordID": "587", "Level": "4", "UserID": "S-1-5-21-963789628-1060504924-4285088085-1001"}
{"EventID": "1403", "Channel": "Microsoft-Windows-ShellCommon-StartLayoutPopulation/Operational", "Provider_Name": "Microsoft-Windows-ShellCommon-StartLayoutPopulation", "Computer": "DESKTOP-OFJ6N53", "TimeCreated": "2022-12-15 08:37:30.158203+00:00", "RecordID": "588", "Level": "4", "UserID": "S-1-5-21-963789628-1060504924-4285088085-1001"}
{"EventID": "1402", "Channel": "Microsoft-Windows-ShellCommon-StartLayoutPopulation/Operational", "Provider_Name": "Microsoft-Windows-ShellCommon-StartLayoutPopulation", "Computer": "DESKTOP-OFJ6N53", "TimeCreated": "2022-12-17 23:14:06.513296+00:00", "RecordID": "589", "Level": "4", "UserID": "S-1-5-21-963789628-1060504924-4285088085-1001"}
{"EventID": "1403", "Channel": "Microsoft-Windows-ShellCommon-StartLayoutPopulation/Operational", "Provider_Name": "Microsoft-Windows-ShellCommon-StartLayoutPopulation", "Computer": "DESKTOP-OFJ6N53", "TimeCreated": "2022-12-17 23:14:06.540274+00:00", "RecordID": "590", "Level": "4", "UserID": "S-1-5-21-963789628-1060504924-4285088085-1001"}
{"EventID": "1402", "Channel": "Microsoft-Windows-ShellCommon-StartLayoutPopulation/Operational", "Provider_Name": "Microsoft-Windows-ShellCommon-StartLayoutPopulation", "Computer": "DESKTOP-OFJ6N53", "TimeCreated": "2022-12-19 15:14:15.633322+00:00", "RecordID": "591", "Level": "4", "UserID": "S-1-5-21-963789628-1060504924-4285088085-1001"}
{"EventID": "1403", "Channel": "Microsoft-Windows-ShellCommon-StartLayoutPopulation/Operational", "Provider_Name": "Microsoft-Windows-ShellCommon-StartLayoutPopulation", "Computer": "DESKTOP-OFJ6N53", "TimeCreated": "2022-12-19 15:14:15.663254+00:00", "RecordID": "592", "Level": "4", "UserID": "S-1-5-21-963789628-1060504924-4285088085-1001"}
{"EventID": "1402", "Channel": "Microsoft-Windows-ShellCommon-StartLayoutPopulation/Operational", "Provider_Name": "Microsoft-Windows-ShellCommon-StartLayoutPopulation", "Computer": "DESKTOP-OFJ6N53", "TimeCreated": "2022-12-21 10:00:35.496889+00:00", "RecordID": "593", "Level": "4", "UserID": "S-1-5-21-963789628-1060504924-4285088085-1001"}
{"EventID": "1403", "Channel": "Microsoft-Windows-ShellCommon-StartLayoutPopulation/Operational", "Provider_Name": "Microsoft-Windows-ShellCommon-StartLayoutPopulation", "Computer": "DESKTOP-OFJ6N53", "TimeCreated": "2022-12-21 10:00:35.531954+00:00", "RecordID": "594", "Level": "4", "UserID": "S-1-5-21-963789628-1060504924-4285088085-1001"}
{"EventID": "1402", "Channel": "Microsoft-Windows-ShellCommon-StartLayoutPopulation/Operational", "Provider_Name": "Microsoft-Windows-ShellCommon-StartLayoutPopulation", "Computer": "DESKTOP-OFJ6N53", "TimeCreated": "2022-12-21 10:00:45.210405+00:00", "RecordID": "595", "Level": "4", "UserID": "S-1-5-21-963789628-1060504924-4285088085-1001"}
{"EventID": "1403", "Channel": "Microsoft-Windows-ShellCommon-StartLayoutPopulation/Operational", "Provider_Name": "Microsoft-Windows-ShellCommon-StartLayoutPopulation", "Computer": "DESKTOP-OFJ6N53", "TimeCreated": "2022-12-21 10:00:45.226595+00:00", "RecordID": "596", "Level": "4", "UserID": "S-1-5-21-963789628-1060504924-4285088085-1001"}
{"EventID": "1402", "Channel": "Microsoft-Windows-ShellCommon-StartLayoutPopulation/Operational", "Provider_Name": "Microsoft-Windows-ShellCommon-StartLayoutPopulation", "Computer": "DESKTOP-OFJ6N53", "TimeCreated": "2022-12-27 11:08:41.693428+00:00", "RecordID": "597", "Level": "4", "UserID": "S-1-5-21-963789628-1060504924-4285088085-1001"}
{"EventID": "1403", "Channel": "Microsoft-Windows-ShellCommon-StartLayoutPopulation/Operational", "Provider_Name": "Microsoft-Windows-ShellCommon-StartLayoutPopulation", "Computer": "DESKTOP-OFJ6N53", "TimeCreated": "2022-12-27 11:08:41.816832+00:00", "RecordID": "598", "Level": "4", "UserID": "S-1-5-21-963789628-1060504924-4285088085-1001"}
{"EventID": "1402", "Channel": "Microsoft-Windows-ShellCommon-StartLayoutPopulation/Operational", "Provider_Name": "Microsoft-Windows-ShellCommon-StartLayoutPopulation", "Computer": "DESKTOP-OFJ6N53", "TimeCreated": "2022-12-27 11:08:49.868553+00:00", "RecordID": "599", "Level": "4", "UserID": "S-1-5-21-963789628-1060504924-4285088085-1001"}
{"EventID": "1403", "Channel": "Microsoft-Windows-ShellCommon-StartLayoutPopulation/Operational", "Provider_Name": "Microsoft-Windows-ShellCommon-StartLayoutPopulation", "Computer": "DESKTOP-OFJ6N53", "TimeCreated": "2022-12-27 11:08:49.882191+00:00", "RecordID": "600", "Level": "4", "UserID": "S-1-5-21-963789628-1060504924-4285088085-1001"}
{"EventID": "1402", "Channel": "Microsoft-Windows-ShellCommon-StartLayoutPopulation/Operational", "Provider_Name": "Microsoft-Windows-ShellCommon-StartLayoutPopulation", "Computer": "DESKTOP-OFJ6N53", "TimeCreated": "2022-12-30 09:21:51.011757+00:00", "RecordID": "601", "Level": "4", "UserID": "S-1-5-21-963789628-1060504924-4285088085-1001"}
{"EventID": "1403", "Channel": "Microsoft-Windows-ShellCommon-StartLayoutPopulation/Operational", "Provider_Name": "Microsoft-Windows-ShellCommon-StartLayoutPopulation", "Computer": "DESKTOP-OFJ6N53", "TimeCreated": "2022-12-30 09:21:51.054777+00:00", "RecordID": "602", "Level": "4", "UserID": "S-1-5-21-963789628-1060504924-4285088085-1001"}
{"EventID": "1402", "Channel": "Microsoft-Windows-ShellCommon-StartLayoutPopulation/Operational", "Provider_Name": "Microsoft-Windows-ShellCommon-StartLayoutPopulation", "Computer": "DESKTOP-OFJ6N53", "TimeCreated": "2022-12-30 09:21:56.452562+00:00", "RecordID": "603", "Level": "4", "UserID": "S-1-5-21-963789628-1060504924-4285088085-1001"}
{"EventID": "1403", "Channel": "Microsoft-Windows-ShellCommon-StartLayoutPopulation/Operational", "Provider_Name": "Microsoft-Windows-ShellCommon-StartLayoutPopulation", "Computer": "DESKTOP-OFJ6N53", "TimeCreated": "2022-12-30 09:21:56.491491+00:00", "RecordID": "604", "Level": "4", "UserID": "S-1-5-21-963789628-1060504924-4285088085-1001"}
{"EventID": "1402", "Channel": "Microsoft-Windows-ShellCommon-StartLayoutPopulation/Operational", "Provider_Name": "Microsoft-Windows-ShellCommon-StartLayoutPopulation", "Computer": "DESKTOP-OFJ6N53", "TimeCreated": "2023-01-01 04:26:18.788578+00:00", "RecordID": "605", "Level": "4", "UserID": "S-1-5-21-963789628-1060504924-4285088085-1001"}
{"EventID": "1403", "Channel": "Microsoft-Windows-ShellCommon-StartLayoutPopulation/Operational", "Provider_Name": "Microsoft-Windows-ShellCommon-StartLayoutPopulation", "Computer": "DESKTOP-OFJ6N53", "TimeCreated": "2023-01-01 04:26:18.832216+00:00", "RecordID": "606", "Level": "4", "UserID": "S-1-5-21-963789628-1060504924-4285088085-1001"}
{"EventID": "1402", "Channel": "Microsoft-Windows-ShellCommon-StartLayoutPopulation/Operational", "Provider_Name": "Microsoft-Windows-ShellCommon-StartLayoutPopulation", "Computer": "DESKTOP-OFJ6N53", "TimeCreated": "2023-01-02 22:22:55.007385+00:00", "RecordID": "607", "Level": "4", "UserID": "S-1-5-21-963789628-1060504924-4285088085-1001"}
{"EventID": "1403", "Channel": "Microsoft-Windows-ShellCommon-StartLayoutPopulation/Operational", "Provider_Name": "Microsoft-Windows-ShellCommon-StartLayoutPopulation", "Computer": "DESKTOP-OFJ6N53", "TimeCreated": "2023-01-02 22:22:55.042067+00:00", "RecordID": "608", "Level": "4", "UserID": "S-1-5-21-963789628-1060504924-4285088085-1001"}
{"EventID": "1402", "Channel": "Microsoft-Windows-ShellCommon-StartLayoutPopulation/Operational", "Provider_Name": "Microsoft-Windows-ShellCommon-StartLayoutPopulation", "Computer": "DESKTOP-OFJ6N53", "TimeCreated": "2023-01-04 13:21:56.301310+00:00", "RecordID": "609", "Level": "4", "UserID": "S-1-5-21-963789628-1060504924-4285088085-1001"}
{"EventID": "1403", "Channel": "Microsoft-Windows-ShellCommon-StartLayoutPopulation/Operational", "Provider_Name": "Microsoft-Windows-ShellCommon-StartLayoutPopulation", "Computer": "DESKTOP-OFJ6N53", "TimeCreated": "2023-01-04 13:21:56.329897+00:00", "RecordID": "610", "Level": "4", "UserID": "S-1-5-21-963789628-1060504924-4285088085-1001"}
{"EventID": "1402", "Channel": "Microsoft-Windows-ShellCommon-StartLayoutPopulation/Operational", "Provider_Name": "Microsoft-Windows-ShellCommon-StartLayoutPopulation", "Computer": "DESKTOP-OFJ6N53", "TimeCreated": "2023-01-06 06:22:54.036104+00:00", "RecordID": "611", "Level": "4", "UserID": "S-1-5-21-963789628-1060504924-4285088085-1001"}
{"EventID": "1403", "Channel": "Microsoft-Windows-ShellCommon-StartLayoutPopulation/Operational", "Provider_Name": "Microsoft-Windows-ShellCommon-StartLayoutPopulation", "Computer": "DESKTOP-OFJ6N53", "TimeCreated": "2023-01-06 06:22:54.082846+00:00", "RecordID": "612", "Level": "4", "UserID": "S-1-5-21-963789628-1060504924-4285088085-1001"}
{"EventID": "1402", "Channel": "Microsoft-Windows-ShellCommon-StartLayoutPopulation/Operational", "Provider_Name": "Microsoft-Windows-ShellCommon-StartLayoutPopulation", "Computer": "DESKTOP-OFJ6N53", "TimeCreated": "2023-01-08 00:26:25.738113+00:00", "RecordID": "613", "Level": "4", "UserID": "S-1-5-21-963789628-1060504924-4285088085-1001"}
{"EventID": "1403", "Channel": "Microsoft-Windows-ShellCommon-StartLayoutPopulation/Operational", "Provider_Name": "Microsoft-Windows-ShellCommon-StartLayoutPopulation", "Computer": "DESKTOP-OFJ6N53", "TimeCreated": "2023-01-08 00:26:25.769011+00:00", "RecordID": "614", "Level": "4", "UserID": "S-1-5-21-963789628-1060504924-4285088085-1001"}
{"EventID": "1402", "Channel": "Microsoft-Windows-ShellCommon-StartLayoutPopulation/Operational", "Provider_Name": "Microsoft-Windows-ShellCommon-StartLayoutPopulation", "Computer": "DESKTOP-OFJ6N53", "TimeCreated": "2023-01-10 07:48:20.961565+00:00", "RecordID": "615", "Level": "4", "UserID": "S-1-5-21-963789628-1060504924-4285088085-1001"}
{"EventID": "1403", "Channel": "Microsoft-Windows-ShellCommon-StartLayoutPopulation/Operational", "Provider_Name": "Microsoft-Windows-ShellCommon-StartLayoutPopulation", "Computer": "DESKTOP-OFJ6N53", "TimeCreated": "2023-01-10 07:48:21.001190+00:00", "RecordID": "616", "Level": "4", "UserID": "S-1-5-21-963789628-1060504924-4285088085-1001"}
{"EventID": "1402", "Channel": "Microsoft-Windows-ShellCommon-StartLayoutPopulation/Operational", "Provider_Name": "Microsoft-Windows-ShellCommon-StartLayoutPopulation", "Computer": "DESKTOP-OFJ6N53", "TimeCreated": "2023-01-10 07:59:33.476126+00:00", "RecordID": "617", "Level": "4", "UserID": "S-1-5-21-963789628-1060504924-4285088085-1001"}
{"EventID": "1403", "Channel": "Microsoft-Windows-ShellCommon-StartLayoutPopulation/Operational", "Provider_Name": "Microsoft-Windows-ShellCommon-StartLayoutPopulation", "Computer": "DESKTOP-OFJ6N53", "TimeCreated": "2023-01-10 07:59:33.503889+00:00", "RecordID": "618", "Level": "4", "UserID": "S-1-5-21-963789628-1060504924-4285088085-1001"}
{"EventID": "1402", "Channel": "Microsoft-Windows-ShellCommon-StartLayoutPopulation/Operational", "Provider_Name": "Microsoft-Windows-ShellCommon-StartLayoutPopulation", "Computer": "DESKTOP-OFJ6N53", "TimeCreated": "2023-01-10 07:59:43.181278+00:00", "RecordID": "619", "Level": "4", "UserID": "S-1-5-21-963789628-1060504924-4285088085-1001"}
{"EventID": "1403", "Channel": "Microsoft-Windows-ShellCommon-StartLayoutPopulation/Operational", "Provider_Name": "Microsoft-Windows-ShellCommon-StartLayoutPopulation", "Computer": "DESKTOP-OFJ6N53", "TimeCreated": "2023-01-10 07:59:43.199287+00:00", "RecordID": "620", "Level": "4", "UserID": "S-1-5-21-963789628-1060504924-4285088085-1001"}
{"EventID": "1402", "Channel": "Microsoft-Windows-ShellCommon-StartLayoutPopulation/Operational", "Provider_Name": "Microsoft-Windows-ShellCommon-StartLayoutPopulation", "Computer": "DESKTOP-OFJ6N53", "TimeCreated": "2023-01-11 11:22:23.822783+00:00", "RecordID": "621", "Level": "4", "UserID": "S-1-5-21-963789628-1060504924-4285088085-1001"}
{"EventID": "1403", "Channel": "Microsoft-Windows-ShellCommon-StartLayoutPopulation/Operational", "Provider_Name": "Microsoft-Windows-ShellCommon-StartLayoutPopulation", "Computer": "DESKTOP-OFJ6N53", "TimeCreated": "2023-01-11 11:22:24.256437+00:00", "RecordID": "622", "Level": "4", "UserID": "S-1-5-21-963789628-1060504924-4285088085-1001"}
{"EventID": "1402", "Channel": "Microsoft-Windows-ShellCommon-StartLayoutPopulation/Operational", "Provider_Name": "Microsoft-Windows-ShellCommon-StartLayoutPopulation", "Computer": "DESKTOP-OFJ6N53", "TimeCreated": "2023-01-11 11:25:04.790203+00:00", "RecordID": "623", "Level": "4", "UserID": "S-1-5-21-963789628-1060504924-4285088085-1001"}
{"EventID": "1403", "Channel": "Microsoft-Windows-ShellCommon-StartLayoutPopulation/Operational", "Provider_Name": "Microsoft-Windows-ShellCommon-StartLayoutPopulation", "Computer": "DESKTOP-OFJ6N53", "TimeCreated": "2023-01-11 11:25:04.843071+00:00", "RecordID": "624", "Level": "4", "UserID": "S-1-5-21-963789628-1060504924-4285088085-1001"}
{"EventID": "1402", "Channel": "Microsoft-Windows-ShellCommon-StartLayoutPopulation/Operational", "Provider_Name": "Microsoft-Windows-ShellCommon-StartLayoutPopulation", "Computer": "DESKTOP-OFJ6N53", "TimeCreated": "2023-01-13 13:24:25.041475+00:00", "RecordID": "625", "Level": "4", "UserID": "S-1-5-21-963789628-1060504924-4285088085-1001"}
{"EventID": "1403", "Channel": "Microsoft-Windows-ShellCommon-StartLayoutPopulation/Operational", "Provider_Name": "Microsoft-Windows-ShellCommon-StartLayoutPopulation", "Computer": "DESKTOP-OFJ6N53", "TimeCreated": "2023-01-13 13:24:25.500732+00:00", "RecordID": "626", "Level": "4", "UserID": "S-1-5-21-963789628-1060504924-4285088085-1001"}
{"EventID": "1402", "Channel": "Microsoft-Windows-ShellCommon-StartLayoutPopulation/Operational", "Provider_Name": "Microsoft-Windows-ShellCommon-StartLayoutPopulation", "Computer": "DESKTOP-OFJ6N53", "TimeCreated": "2023-01-13 13:24:43.486086+00:00", "RecordID": "627", "Level": "4", "UserID": "S-1-5-21-963789628-1060504924-4285088085-1001"}
{"EventID": "1403", "Channel": "Microsoft-Windows-ShellCommon-StartLayoutPopulation/Operational", "Provider_Name": "Microsoft-Windows-ShellCommon-StartLayoutPopulation", "Computer": "DESKTOP-OFJ6N53", "TimeCreated": "2023-01-13 13:24:43.812223+00:00", "RecordID": "628", "Level": "4", "UserID": "S-1-5-21-963789628-1060504924-4285088085-1001"}
{"EventID": "1402", "Channel": "Microsoft-Windows-ShellCommon-StartLayoutPopulation/Operational", "Provider_Name": "Microsoft-Windows-ShellCommon-StartLayoutPopulation", "Computer": "DESKTOP-OFJ6N53", "TimeCreated": "2023-01-13 13:27:19.632677+00:00", "RecordID": "629", "Level": "4", "UserID": "S-1-5-21-963789628-1060504924-4285088085-1001"}
{"EventID": "1403", "Channel": "Microsoft-Windows-ShellCommon-StartLayoutPopulation/Operational", "Provider_Name": "Microsoft-Windows-ShellCommon-StartLayoutPopulation", "Computer": "DESKTOP-OFJ6N53", "TimeCreated": "2023-01-13 13:27:19.656231+00:00", "RecordID": "630", "Level": "4", "UserID": "S-1-5-21-963789628-1060504924-4285088085-1001"}
{"EventID": "1402", "Channel": "Microsoft-Windows-ShellCommon-StartLayoutPopulation/Operational", "Provider_Name": "Microsoft-Windows-ShellCommon-StartLayoutPopulation", "Computer": "DESKTOP-OFJ6N53", "TimeCreated": "2023-01-13 13:32:10.844578+00:00", "RecordID": "631", "Level": "4", "UserID": "S-1-5-21-963789628-1060504924-4285088085-1001"}
{"EventID": "1403", "Channel": "Microsoft-Windows-ShellCommon-StartLayoutPopulation/Operational", "Provider_Name": "Microsoft-Windows-ShellCommon-StartLayoutPopulation", "Computer": "DESKTOP-OFJ6N53", "TimeCreated": "2023-01-13 13:32:10.874937+00:00", "RecordID": "632", "Level": "4", "UserID": "S-1-5-21-963789628-1060504924-4285088085-1001"}
{"EventID": "1402", "Channel": "Microsoft-Windows-ShellCommon-StartLayoutPopulation/Operational", "Provider_Name": "Microsoft-Windows-ShellCommon-StartLayoutPopulation", "Computer": "DESKTOP-OFJ6N53", "TimeCreated": "2023-01-13 13:33:23.343952+00:00", "RecordID": "633", "Level": "4", "UserID": "S-1-5-21-963789628-1060504924-4285088085-1001"}
{"EventID": "1403", "Channel": "Microsoft-Windows-ShellCommon-StartLayoutPopulation/Operational", "Provider_Name": "Microsoft-Windows-ShellCommon-StartLayoutPopulation", "Computer": "DESKTOP-OFJ6N53", "TimeCreated": "2023-01-13 13:33:23.364399+00:00", "RecordID": "634", "Level": "4", "UserID": "S-1-5-21-963789628-1060504924-4285088085-1001"}
{"EventID": "1402", "Channel": "Microsoft-Windows-ShellCommon-StartLayoutPopulation/Operational", "Provider_Name": "Microsoft-Windows-ShellCommon-StartLayoutPopulation", "Computer": "DESKTOP-OFJ6N53", "TimeCreated": "2023-01-15 03:30:49.748226+00:00", "RecordID": "635", "Level": "4", "UserID": "S-1-5-21-963789628-1060504924-4285088085-1001"}
{"EventID": "1403", "Channel": "Microsoft-Windows-ShellCommon-StartLayoutPopulation/Operational", "Provider_Name": "Microsoft-Windows-ShellCommon-StartLayoutPopulation", "Computer": "DESKTOP-OFJ6N53", "TimeCreated": "2023-01-15 03:30:49.778318+00:00", "RecordID": "636", "Level": "4", "UserID": "S-1-5-21-963789628-1060504924-4285088085-1001"}
{"EventID": "1402", "Channel": "Microsoft-Windows-ShellCommon-StartLayoutPopulation/Operational", "Provider_Name": "Microsoft-Windows-ShellCommon-StartLayoutPopulation", "Computer": "DESKTOP-OFJ6N53", "TimeCreated": "2023-01-16 08:15:02.363710+00:00", "RecordID": "637", "Level": "4", "UserID": "S-1-5-21-963789628-1060504924-4285088085-1001"}
{"EventID": "1403", "Channel": "Microsoft-Windows-ShellCommon-StartLayoutPopulation/Operational", "Provider_Name": "Microsoft-Windows-ShellCommon-StartLayoutPopulation", "Computer": "DESKTOP-OFJ6N53", "TimeCreated": "2023-01-16 08:15:02.401964+00:00", "RecordID": "638", "Level": "4", "UserID": "S-1-5-21-963789628-1060504924-4285088085-1001"}
{"EventID": "1402", "Channel": "Microsoft-Windows-ShellCommon-StartLayoutPopulation/Operational", "Provider_Name": "Microsoft-Windows-ShellCommon-StartLayoutPopulation", "Computer": "DESKTOP-OFJ6N53", "TimeCreated": "2023-01-16 08:15:11.382416+00:00", "RecordID": "639", "Level": "4", "UserID": "S-1-5-21-963789628-1060504924-4285088085-1001"}
{"EventID": "1403", "Channel": "Microsoft-Windows-ShellCommon-StartLayoutPopulation/Operational", "Provider_Name": "Microsoft-Windows-ShellCommon-StartLayoutPopulation", "Computer": "DESKTOP-OFJ6N53", "TimeCreated": "2023-01-16 08:15:11.411724+00:00", "RecordID": "640", "Level": "4", "UserID": "S-1-5-21-963789628-1060504924-4285088085-1001"}
{"EventID": "1402", "Channel": "Microsoft-Windows-ShellCommon-StartLayoutPopulation/Operational", "Provider_Name": "Microsoft-Windows-ShellCommon-StartLayoutPopulation", "Computer": "DESKTOP-OFJ6N53", "TimeCreated": "2023-01-17 12:30:58.514811+00:00", "RecordID": "641", "Level": "4", "UserID": "S-1-5-21-963789628-1060504924-4285088085-1001"}
{"EventID": "1403", "Channel": "Microsoft-Windows-ShellCommon-StartLayoutPopulation/Operational", "Provider_Name": "Microsoft-Windows-ShellCommon-StartLayoutPopulation", "Computer": "DESKTOP-OFJ6N53", "TimeCreated": "2023-01-17 12:30:58.841555+00:00", "RecordID": "642", "Level": "4", "UserID": "S-1-5-21-963789628-1060504924-4285088085-1001"}
{"EventID": "1402", "Channel": "Microsoft-Windows-ShellCommon-StartLayoutPopulation/Operational", "Provider_Name": "Microsoft-Windows-ShellCommon-StartLayoutPopulation", "Computer": "DESKTOP-OFJ6N53", "TimeCreated": "2023-01-17 12:31:08.389347+00:00", "RecordID": "643", "Level": "4", "UserID": "S-1-5-21-963789628-1060504924-4285088085-1001"}
{"EventID": "1403", "Channel": "Microsoft-Windows-ShellCommon-StartLayoutPopulation/Operational", "Provider_Name": "Microsoft-Windows-ShellCommon-StartLayoutPopulation", "Computer": "DESKTOP-OFJ6N53", "TimeCreated": "2023-01-17 12:31:08.408731+00:00", "RecordID": "644", "Level": "4", "UserID": "S-1-5-21-963789628-1060504924-4285088085-1001"}
{"EventID": "1402", "Channel": "Microsoft-Windows-ShellCommon-StartLayoutPopulation/Operational", "Provider_Name": "Microsoft-Windows-ShellCommon-StartLayoutPopulation", "Computer": "DESKTOP-OFJ6N53", "TimeCreated": "2023-01-19 08:45:50.130810+00:00", "RecordID": "645", "Level": "4", "UserID": "S-1-5-21-963789628-1060504924-4285088085-1001"}
{"EventID": "1403", "Channel": "Microsoft-Windows-ShellCommon-StartLayoutPopulation/Operational", "Provider_Name": "Microsoft-Windows-ShellCommon-StartLayoutPopulation", "Computer": "DESKTOP-OFJ6N53", "TimeCreated": "2023-01-19 08:45:50.181688+00:00", "RecordID": "646", "Level": "4", "UserID": "S-1-5-21-963789628-1060504924-4285088085-1001"}
{"EventID": "1402", "Channel": "Microsoft-Windows-ShellCommon-StartLayoutPopulation/Operational", "Provider_Name": "Microsoft-Windows-ShellCommon-StartLayoutPopulation", "Computer": "DESKTOP-OFJ6N53", "TimeCreated": "2023-01-19 08:45:59.466444+00:00", "RecordID": "647", "Level": "4", "UserID": "S-1-5-21-963789628-1060504924-4285088085-1001"}
{"EventID": "1403", "Channel": "Microsoft-Windows-ShellCommon-StartLayoutPopulation/Operational", "Provider_Name": "Microsoft-Windows-ShellCommon-StartLayoutPopulation", "Computer": "DESKTOP-OFJ6N53", "TimeCreated": "2023-01-19 08:45:59.481575+00:00", "RecordID": "648", "Level": "4", "UserID": "S-1-5-21-963789628-1060504924-4285088085-1001"}
{"EventID": "1402", "Channel": "Microsoft-Windows-ShellCommon-StartLayoutPopulation/Operational", "Provider_Name": "Microsoft-Windows-ShellCommon-StartLayoutPopulation", "Computer": "DESKTOP-OFJ6N53", "TimeCreated": "2023-01-19 11:55:27.184118+00:00", "RecordID": "649", "Level": "4", "UserID": "S-1-5-21-963789628-1060504924-4285088085-1001"}
{"EventID": "1403", "Channel": "Microsoft-Windows-ShellCommon-StartLayoutPopulation/Operational", "Provider_Name": "Microsoft-Windows-ShellCommon-StartLayoutPopulation", "Computer": "DESKTOP-OFJ6N53", "TimeCreated": "2023-01-19 11:55:27.225988+00:00", "RecordID": "650", "Level": "4", "UserID": "S-1-5-21-963789628-1060504924-4285088085-1001"}
{"EventID": "1402", "Channel": "Microsoft-Windows-ShellCommon-StartLayoutPopulation/Operational", "Provider_Name": "Microsoft-Windows-ShellCommon-StartLayoutPopulation", "Computer": "DESKTOP-OFJ6N53", "TimeCreated": "2023-01-19 11:55:36.132406+00:00", "RecordID": "651", "Level": "4", "UserID": "S-1-5-21-963789628-1060504924-4285088085-1001"}
{"EventID": "1403", "Channel": "Microsoft-Windows-ShellCommon-StartLayoutPopulation/Operational", "Provider_Name": "Microsoft-Windows-ShellCommon-StartLayoutPopulation", "Computer": "DESKTOP-OFJ6N53", "TimeCreated": "2023-01-19 11:55:36.163967+00:00", "RecordID": "652", "Level": "4", "UserID": "S-1-5-21-963789628-1060504924-4285088085-1001"}
{"EventID": "1402", "Channel": "Microsoft-Windows-ShellCommon-StartLayoutPopulation/Operational", "Provider_Name": "Microsoft-Windows-ShellCommon-StartLayoutPopulation", "Computer": "DESKTOP-OFJ6N53", "TimeCreated": "2023-01-23 10:03:52.930567+00:00", "RecordID": "653", "Level": "4", "UserID": "S-1-5-21-963789628-1060504924-4285088085-1001"}
{"EventID": "1403", "Channel": "Microsoft-Windows-ShellCommon-StartLayoutPopulation/Operational", "Provider_Name": "Microsoft-Windows-ShellCommon-StartLayoutPopulation", "Computer": "DESKTOP-OFJ6N53", "TimeCreated": "2023-01-23 10:03:52.974409+00:00", "RecordID": "654", "Level": "4", "UserID": "S-1-5-21-963789628-1060504924-4285088085-1001"}
{"EventID": "1402", "Channel": "Microsoft-Windows-ShellCommon-StartLayoutPopulation/Operational", "Provider_Name": "Microsoft-Windows-ShellCommon-StartLayoutPopulation", "Computer": "DESKTOP-OFJ6N53", "TimeCreated": "2023-01-23 10:04:21.289885+00:00", "RecordID": "655", "Level": "4", "UserID": "S-1-5-21-963789628-1060504924-4285088085-1001"}
{"EventID": "1403", "Channel": "Microsoft-Windows-ShellCommon-StartLayoutPopulation/Operational", "Provider_Name": "Microsoft-Windows-ShellCommon-StartLayoutPopulation", "Computer": "DESKTOP-OFJ6N53", "TimeCreated": "2023-01-23 10:04:21.459122+00:00", "RecordID": "656", "Level": "4", "UserID": "S-1-5-21-963789628-1060504924-4285088085-1001"}
{"EventID": "1402", "Channel": "Microsoft-Windows-ShellCommon-StartLayoutPopulation/Operational", "Provider_Name": "Microsoft-Windows-ShellCommon-StartLayoutPopulation", "Computer": "DESKTOP-OFJ6N53", "TimeCreated": "2023-01-23 10:05:01.868252+00:00", "RecordID": "657", "Level": "4", "UserID": "S-1-5-21-963789628-1060504924-4285088085-1001"}
{"EventID": "1403", "Channel": "Microsoft-Windows-ShellCommon-StartLayoutPopulation/Operational", "Provider_Name": "Microsoft-Windows-ShellCommon-StartLayoutPopulation", "Computer": "DESKTOP-OFJ6N53", "TimeCreated": "2023-01-23 10:05:02.298639+00:00", "RecordID": "658", "Level": "4", "UserID": "S-1-5-21-963789628-1060504924-4285088085-1001"}
{"EventID": "1402", "Channel": "Microsoft-Windows-ShellCommon-StartLayoutPopulation/Operational", "Provider_Name": "Microsoft-Windows-ShellCommon-StartLayoutPopulation", "Computer": "DESKTOP-OFJ6N53", "TimeCreated": "2023-01-23 12:35:30.413584+00:00", "RecordID": "659", "Level": "4", "UserID": "S-1-5-21-963789628-1060504924-4285088085-1001"}
{"EventID": "1403", "Channel": "Microsoft-Windows-ShellCommon-StartLayoutPopulation/Operational", "Provider_Name": "Microsoft-Windows-ShellCommon-StartLayoutPopulation", "Computer": "DESKTOP-OFJ6N53", "TimeCreated": "2023-01-23 12:35:30.683615+00:00", "RecordID": "660", "Level": "4", "UserID": "S-1-5-21-963789628-1060504924-4285088085-1001"}
{"EventID": "1402", "Channel": "Microsoft-Windows-ShellCommon-StartLayoutPopulation/Operational", "Provider_Name": "Microsoft-Windows-ShellCommon-StartLayoutPopulation", "Computer": "DESKTOP-OFJ6N53", "TimeCreated": "2023-01-23 12:35:50.648893+00:00", "RecordID": "661", "Level": "4", "UserID": "S-1-5-21-963789628-1060504924-4285088085-1001"}
{"EventID": "1403", "Channel": "Microsoft-Windows-ShellCommon-StartLayoutPopulation/Operational", "Provider_Name": "Microsoft-Windows-ShellCommon-StartLayoutPopulation", "Computer": "DESKTOP-OFJ6N53", "TimeCreated": "2023-01-23 12:35:50.792410+00:00", "RecordID": "662", "Level": "4", "UserID": "S-1-5-21-963789628-1060504924-4285088085-1001"}
{"EventID": "1402", "Channel": "Microsoft-Windows-ShellCommon-StartLayoutPopulation/Operational", "Provider_Name": "Microsoft-Windows-ShellCommon-StartLayoutPopulation", "Computer": "DESKTOP-OFJ6N53", "TimeCreated": "2023-01-23 13:02:47.938093+00:00", "RecordID": "663", "Level": "4", "UserID": "S-1-5-21-963789628-1060504924-4285088085-1001"}
{"EventID": "1403", "Channel": "Microsoft-Windows-ShellCommon-StartLayoutPopulation/Operational", "Provider_Name": "Microsoft-Windows-ShellCommon-StartLayoutPopulation", "Computer": "DESKTOP-OFJ6N53", "TimeCreated": "2023-01-23 13:02:47.966743+00:00", "RecordID": "664", "Level": "4", "UserID": "S-1-5-21-963789628-1060504924-4285088085-1001"}
{"EventID": "1402", "Channel": "Microsoft-Windows-ShellCommon-StartLayoutPopulation/Operational", "Provider_Name": "Microsoft-Windows-ShellCommon-StartLayoutPopulation", "Computer": "DESKTOP-OFJ6N53", "TimeCreated": "2023-01-23 13:32:41.935543+00:00", "RecordID": "665", "Level": "4", "UserID": "S-1-5-21-963789628-1060504924-4285088085-1001"}
{"EventID": "1403", "Channel": "Microsoft-Windows-ShellCommon-StartLayoutPopulation/Operational", "Provider_Name": "Microsoft-Windows-ShellCommon-StartLayoutPopulation", "Computer": "DESKTOP-OFJ6N53", "TimeCreated": "2023-01-23 13:32:42.016863+00:00", "RecordID": "666", "Level": "4", "UserID": "S-1-5-21-963789628-1060504924-4285088085-1001"}
