{"EventID": "0", "Channel": "Microsoft-Windows-Hyper-V-VmSwitch-Operational", "Provider_Name": "Microsoft-Windows-Hyper-V-VmSwitch", "Computer": "DESKTOP-OFJ6N53", "TimeCreated": "2025-04-02 09:31:34.404768+00:00", "RecordID": "4638", "Level": "5", "UserID": "S-1-5-18", "EventData.ioctlCode": "0x00000d35", "EventData.delta (100 ns)": "83", "EventData.ntStatus": "2147483653"}
{"EventID": "0", "Channel": "Microsoft-Windows-Hyper-V-VmSwitch-Operational", "Provider_Name": "Microsoft-Windows-Hyper-V-VmSwitch", "Computer": "DESKTOP-OFJ6N53", "TimeCreated": "2025-04-02 09:31:34.404772+00:00", "RecordID": "4639", "Level": "5", "UserID": "S-1-5-18", "EventData.ioctlCode": "0x00000d35"}
{"EventID": "0", "Channel": "Microsoft-Windows-Hyper-V-VmSwitch-Operational", "Provider_Name": "Microsoft-Windows-Hyper-V-VmSwitch", "Computer": "DESKTOP-OFJ6N53", "TimeCreated": "2025-04-02 09:31:34.404778+00:00", "RecordID": "4640", "Level": "5", "UserID": "S-1-5-18", "EventData.ioctlCode": "0x00000d35", "EventData.delta (100 ns)": "46", "EventData.ntStatus": "0"}
{"EventID": "0", "Channel": "Microsoft-Windows-Hyper-V-VmSwitch-Operational", "Provider_Name": "Microsoft-Windows-Hyper-V-VmSwitch", "Computer": "DESKTOP-OFJ6N53", "TimeCreated": "2025-04-02 09:31:34.681244+00:00", "RecordID": "4641", "Level": "5", "UserID": "S-1-5-18", "EventData.ioctlCode": "0x0000081f"}
{"EventID": "0", "Channel": "Microsoft-Windows-Hyper-V-VmSwitch-Operational", "Provider_Name": "Microsoft-Windows-Hyper-V-VmSwitch", "Computer": "DESKTOP-OFJ6N53", "TimeCreated": "2025-04-02 09:31:34.681252+00:00", "RecordID": "4642", "Level": "5", "UserID": "S-1-5-18", "EventData.ioctlCode": "0x0000081f", "EventData.delta (100 ns)": "95", "EventData.ntStatus": "0"}
{"EventID": "0", "Channel": "Microsoft-Windows-Hyper-V-VmSwitch-Operational", "Provider_Name": "Microsoft-Windows-Hyper-V-VmSwitch", "Computer": "DESKTOP-OFJ6N53", "TimeCreated": "2025-04-02 09:31:35.975851+00:00", "RecordID": "4643", "Level": "5", "UserID": "S-1-5-18", "EventData.ioctlCode": "0x0000081f"}
{"EventID": "0", "Channel": "Microsoft-Windows-Hyper-V-VmSwitch-Operational", "Provider_Name": "Microsoft-Windows-Hyper-V-VmSwitch", "Computer": "DESKTOP-OFJ6N53", "TimeCreated": "2025-04-02 09:31:35.975857+00:00", "RecordID": "4644", "Level": "5", "UserID": "S-1-5-18", "EventData.ioctlCode": "0x0000081f", "EventData.delta (100 ns)": "102", "EventData.ntStatus": "0"}
{"EventID": "0", "Channel": "Microsoft-Windows-Hyper-V-VmSwitch-Operational", "Provider_Name": "Microsoft-Windows-Hyper-V-VmSwitch", "Computer": "DESKTOP-OFJ6N53", "TimeCreated": "2025-04-02 09:31:35.975897+00:00", "RecordID": "4645", "Level": "5", "UserID": "S-1-5-18", "EventData.ioctlCode": "0x00000d35"}
{"EventID": "0", "Channel": "Microsoft-Windows-Hyper-V-VmSwitch-Operational", "Provider_Name": "Microsoft-Windows-Hyper-V-VmSwitch", "Computer": "DESKTOP-OFJ6N53", "TimeCreated": "2025-04-02 09:31:35.975901+00:00", "RecordID": "4646", "Level": "5", "UserID": "S-1-5-18", "EventData.ioctlCode": "0x00000d35", "EventData.delta (100 ns)": "26", "EventData.ntStatus": "2147483653"}
{"EventID": "0", "Channel": "Microsoft-Windows-Hyper-V-VmSwitch-Operational", "Provider_Name": "Microsoft-Windows-Hyper-V-VmSwitch", "Computer": "DESKTOP-OFJ6N53", "TimeCreated": "2025-04-02 09:31:35.975903+00:00", "RecordID": "4647", "Level": "5", "UserID": "S-1-5-18", "EventData.ioctlCode": "0x00000d35"}
{"EventID": "0", "Channel": "Microsoft-Windows-Hyper-V-VmSwitch-Operational", "Provider_Name": "Microsoft-Windows-Hyper-V-VmSwitch", "Computer": "DESKTOP-OFJ6N53", "TimeCreated": "2025-04-02 09:31:35.975904+00:00", "RecordID": "4648", "Level": "5", "UserID": "S-1-5-18", "EventData.ioctlCode": "0x00000d35", "EventData.delta (100 ns)": "30", "EventData.ntStatus": "0"}
{"EventID": "0", "Channel": "Microsoft-Windows-Hyper-V-VmSwitch-Operational", "Provider_Name": "Microsoft-Windows-Hyper-V-VmSwitch", "Computer": "DESKTOP-OFJ6N53", "TimeCreated": "2025-04-02 09:31:36.100992+00:00", "RecordID": "4649", "Level": "5", "UserID": "S-1-5-18", "EventData.ioctlCode": "0x0000081f"}
{"EventID": "0", "Channel": "Microsoft-Windows-Hyper-V-VmSwitch-Operational", "Provider_Name": "Microsoft-Windows-Hyper-V-VmSwitch", "Computer": "DESKTOP-OFJ6N53", "TimeCreated": "2025-04-02 09:31:36.101000+00:00", "RecordID": "4650", "Level": "5", "UserID": "S-1-5-18", "EventData.ioctlCode": "0x0000081f", "EventData.delta (100 ns)": "105", "EventData.ntStatus": "0"}
{"EventID": "0", "Channel": "Microsoft-Windows-Hyper-V-VmSwitch-Operational", "Provider_Name": "Microsoft-Windows-Hyper-V-VmSwitch", "Computer": "DESKTOP-OFJ6N53", "TimeCreated": "2025-04-02 09:31:36.426058+00:00", "RecordID": "4651", "Level": "5", "UserID": "S-1-5-18", "EventData.ioctlCode": "0x0000081f"}
{"EventID": "0", "Channel": "Microsoft-Windows-Hyper-V-VmSwitch-Operational", "Provider_Name": "Microsoft-Windows-Hyper-V-VmSwitch", "Computer": "DESKTOP-OFJ6N53", "TimeCreated": "2025-04-02 09:31:36.426065+00:00", "RecordID": "4652", "Level": "5", "UserID": "S-1-5-18", "EventData.ioctlCode": "0x0000081f", "EventData.delta (100 ns)": "77", "EventData.ntStatus": "0"}
{"EventID": "0", "Channel": "Microsoft-Windows-Hyper-V-VmSwitch-Operational", "Provider_Name": "Microsoft-Windows-Hyper-V-VmSwitch", "Computer": "DESKTOP-OFJ6N53", "TimeCreated": "2025-04-02 09:31:36.426105+00:00", "RecordID": "4653", "Level": "5", "UserID": "S-1-5-18", "EventData.ioctlCode": "0x00000d15"}
{"EventID": "0", "Channel": "Microsoft-Windows-Hyper-V-VmSwitch-Operational", "Provider_Name": "Microsoft-Windows-Hyper-V-VmSwitch", "Computer": "DESKTOP-OFJ6N53", "TimeCreated": "2025-04-02 09:31:36.426107+00:00", "RecordID": "4654", "Level": "5", "UserID": "S-1-5-18", "EventData.ioctlCode": "0x00000d15", "EventData.delta (100 ns)": "29", "EventData.ntStatus": "2147483653"}
{"EventID": "0", "Channel": "Microsoft-Windows-Hyper-V-VmSwitch-Operational", "Provider_Name": "Microsoft-Windows-Hyper-V-VmSwitch", "Computer": "DESKTOP-OFJ6N53", "TimeCreated": "2025-04-02 09:31:36.426111+00:00", "RecordID": "4655", "Level": "5", "UserID": "S-1-5-18", "EventData.ioctlCode": "0x00000d15"}
{"EventID": "0", "Channel": "Microsoft-Windows-Hyper-V-VmSwitch-Operational", "Provider_Name": "Microsoft-Windows-Hyper-V-VmSwitch", "Computer": "DESKTOP-OFJ6N53", "TimeCreated": "2025-04-02 09:31:36.426113+00:00", "RecordID": "4656", "Level": "5", "UserID": "S-1-5-18", "EventData.ioctlCode": "0x00000d15", "EventData.delta (100 ns)": "28", "EventData.ntStatus": "0"}
{"EventID": "0", "Channel": "Microsoft-Windows-Hyper-V-VmSwitch-Operational", "Provider_Name": "Microsoft-Windows-Hyper-V-VmSwitch", "Computer": "DESKTOP-OFJ6N53", "TimeCreated": "2025-04-02 09:57:41.396936+00:00", "RecordID": "4657", "Level": "4", "UserID": "S-1-5-18", "EventData.State": "Started Loading", "EventData.Function": "DriverEntry"}
{"EventID": "0", "Channel": "Microsoft-Windows-Hyper-V-VmSwitch-Operational", "Provider_Name": "Microsoft-Windows-Hyper-V-VmSwitch", "Computer": "DESKTOP-OFJ6N53", "TimeCreated": "2025-04-02 09:57:41.398119+00:00", "RecordID": "4658", "Level": "4", "UserID": "S-1-5-18", "EventData.netPnpEvent": "NetEventBindsComplete", "EventData.nicName_Length": "0", "EventData.nicName": null, "EventData.nicFriendlyName_Length": "0", "EventData.nicFriendlyName": null, "EventData.switchName_Length": "0", "EventData.switchName": null, "EventData.switchFriendlyName_Length": "0", "EventData.switchFriendlyName": null}
{"EventID": "0", "Channel": "Microsoft-Windows-Hyper-V-VmSwitch-Operational", "Provider_Name": "Microsoft-Windows-Hyper-V-VmSwitch", "Computer": "DESKTOP-OFJ6N53", "TimeCreated": "2025-04-02 09:57:41.398123+00:00", "RecordID": "4659", "Level": "4", "UserID": "S-1-5-18", "EventData.netPnpEvent": "NetEventBindsComplete", "EventData.nicName_Length": "0", "EventData.nicName": null, "EventData.nicFriendlyName_Length": "0", "EventData.nicFriendlyName": null, "EventData.switchName_Length": "0", "EventData.switchName": null, "EventData.switchFriendlyName_Length": "0", "EventData.switchFriendlyName": null, "EventData.delta (100 ns)": "47", "EventData.Status": "0"}
{"EventID": "0", "Channel": "Microsoft-Windows-Hyper-V-VmSwitch-Operational", "Provider_Name": "Microsoft-Windows-Hyper-V-VmSwitch", "Computer": "DESKTOP-OFJ6N53", "TimeCreated": "2025-04-02 09:57:41.398430+00:00", "RecordID": "4660", "Level": "4", "UserID": "S-1-5-18", "EventData.State": "Installed and Started.", "EventData.Function": "DriverEntry", "EventData.delta (100 ns)": "20954", "EventData.Status": "0"}
{"EventID": "0", "Channel": "Microsoft-Windows-Hyper-V-VmSwitch-Operational", "Provider_Name": "Microsoft-Windows-Hyper-V-VmSwitch", "Computer": "DESKTOP-OFJ6N53", "TimeCreated": "2025-04-02 09:57:41.398491+00:00", "RecordID": "4661", "Level": "4", "UserID": "S-1-5-18", "EventData.netPnpEvent": "NetEventBindsComplete", "EventData.switchName_Length": "0", "EventData.switchName": null, "EventData.switchFriendlyName_Length": "0", "EventData.switchFriendlyName": null}
{"EventID": "0", "Channel": "Microsoft-Windows-Hyper-V-VmSwitch-Operational", "Provider_Name": "Microsoft-Windows-Hyper-V-VmSwitch", "Computer": "DESKTOP-OFJ6N53", "TimeCreated": "2025-04-02 09:57:41.398495+00:00", "RecordID": "4662", "Level": "4", "UserID": "S-1-5-18", "EventData.netPnpEvent": "NetEventBindsComplete", "EventData.switchName_Length": "0", "EventData.switchName": null, "EventData.switchFriendlyName_Length": "0", "EventData.switchFriendlyName": null, "EventData.delta (100 ns)": "55", "EventData.Status": "0"}
{"EventID": "0", "Channel": "Microsoft-Windows-Hyper-V-VmSwitch-Operational", "Provider_Name": "Microsoft-Windows-Hyper-V-VmSwitch", "Computer": "DESKTOP-OFJ6N53", "TimeCreated": "2025-04-02 09:57:41.712349+00:00", "RecordID": "4663", "Level": "5", "UserID": "S-1-5-18", "EventData.ioctlCode": "0x0000081f"}
{"EventID": "0", "Channel": "Microsoft-Windows-Hyper-V-VmSwitch-Operational", "Provider_Name": "Microsoft-Windows-Hyper-V-VmSwitch", "Computer": "DESKTOP-OFJ6N53", "TimeCreated": "2025-04-02 09:57:41.712355+00:00", "RecordID": "4664", "Level": "5", "UserID": "S-1-5-18", "EventData.ioctlCode": "0x0000081f", "EventData.delta (100 ns)": "83", "EventData.ntStatus": "0"}
{"EventID": "0", "Channel": "Microsoft-Windows-Hyper-V-VmSwitch-Operational", "Provider_Name": "Microsoft-Windows-Hyper-V-VmSwitch", "Computer": "DESKTOP-OFJ6N53", "TimeCreated": "2025-04-02 09:57:41.820744+00:00", "RecordID": "4665", "Level": "5", "UserID": "S-1-5-18", "EventData.ioctlCode": "0x0000081f"}
{"EventID": "0", "Channel": "Microsoft-Windows-Hyper-V-VmSwitch-Operational", "Provider_Name": "Microsoft-Windows-Hyper-V-VmSwitch", "Computer": "DESKTOP-OFJ6N53", "TimeCreated": "2025-04-02 09:57:41.820753+00:00", "RecordID": "4666", "Level": "5", "UserID": "S-1-5-18", "EventData.ioctlCode": "0x0000081f", "EventData.delta (100 ns)": "283", "EventData.ntStatus": "0"}
{"EventID": "0", "Channel": "Microsoft-Windows-Hyper-V-VmSwitch-Operational", "Provider_Name": "Microsoft-Windows-Hyper-V-VmSwitch", "Computer": "DESKTOP-OFJ6N53", "TimeCreated": "2025-04-02 09:57:41.820820+00:00", "RecordID": "4667", "Level": "5", "UserID": "S-1-5-18", "EventData.ioctlCode": "0x00000d35"}
{"EventID": "0", "Channel": "Microsoft-Windows-Hyper-V-VmSwitch-Operational", "Provider_Name": "Microsoft-Windows-Hyper-V-VmSwitch", "Computer": "DESKTOP-OFJ6N53", "TimeCreated": "2025-04-02 09:57:41.820827+00:00", "RecordID": "4668", "Level": "5", "UserID": "S-1-5-18", "EventData.ioctlCode": "0x00000d35", "EventData.delta (100 ns)": "58", "EventData.ntStatus": "2147483653"}
{"EventID": "0", "Channel": "Microsoft-Windows-Hyper-V-VmSwitch-Operational", "Provider_Name": "Microsoft-Windows-Hyper-V-VmSwitch", "Computer": "DESKTOP-OFJ6N53", "TimeCreated": "2025-04-02 09:57:41.820829+00:00", "RecordID": "4669", "Level": "5", "UserID": "S-1-5-18", "EventData.ioctlCode": "0x00000d35"}
{"EventID": "0", "Channel": "Microsoft-Windows-Hyper-V-VmSwitch-Operational", "Provider_Name": "Microsoft-Windows-Hyper-V-VmSwitch", "Computer": "DESKTOP-OFJ6N53", "TimeCreated": "2025-04-02 09:57:41.820835+00:00", "RecordID": "4670", "Level": "5", "UserID": "S-1-5-18", "EventData.ioctlCode": "0x00000d35", "EventData.delta (100 ns)": "39", "EventData.ntStatus": "0"}
{"EventID": "0", "Channel": "Microsoft-Windows-Hyper-V-VmSwitch-Operational", "Provider_Name": "Microsoft-Windows-Hyper-V-VmSwitch", "Computer": "DESKTOP-OFJ6N53", "TimeCreated": "2025-04-02 09:57:41.828249+00:00", "RecordID": "4671", "Level": "5", "UserID": "S-1-5-18", "EventData.ioctlCode": "0x0000081f"}
{"EventID": "0", "Channel": "Microsoft-Windows-Hyper-V-VmSwitch-Operational", "Provider_Name": "Microsoft-Windows-Hyper-V-VmSwitch", "Computer": "DESKTOP-OFJ6N53", "TimeCreated": "2025-04-02 09:57:41.828255+00:00", "RecordID": "4672", "Level": "5", "UserID": "S-1-5-18", "EventData.ioctlCode": "0x0000081f", "EventData.delta (100 ns)": "73", "EventData.ntStatus": "0"}
{"EventID": "0", "Channel": "Microsoft-Windows-Hyper-V-VmSwitch-Operational", "Provider_Name": "Microsoft-Windows-Hyper-V-VmSwitch", "Computer": "DESKTOP-OFJ6N53", "TimeCreated": "2025-04-02 09:57:41.828302+00:00", "RecordID": "4673", "Level": "5", "UserID": "S-1-5-18", "EventData.ioctlCode": "0x00000d15"}
{"EventID": "0", "Channel": "Microsoft-Windows-Hyper-V-VmSwitch-Operational", "Provider_Name": "Microsoft-Windows-Hyper-V-VmSwitch", "Computer": "DESKTOP-OFJ6N53", "TimeCreated": "2025-04-02 09:57:41.828304+00:00", "RecordID": "4674", "Level": "5", "UserID": "S-1-5-18", "EventData.ioctlCode": "0x00000d15", "EventData.delta (100 ns)": "30", "EventData.ntStatus": "2147483653"}
{"EventID": "0", "Channel": "Microsoft-Windows-Hyper-V-VmSwitch-Operational", "Provider_Name": "Microsoft-Windows-Hyper-V-VmSwitch", "Computer": "DESKTOP-OFJ6N53", "TimeCreated": "2025-04-02 09:57:41.828308+00:00", "RecordID": "4675", "Level": "5", "UserID": "S-1-5-18", "EventData.ioctlCode": "0x00000d15"}
{"EventID": "0", "Channel": "Microsoft-Windows-Hyper-V-VmSwitch-Operational", "Provider_Name": "Microsoft-Windows-Hyper-V-VmSwitch", "Computer": "DESKTOP-OFJ6N53", "TimeCreated": "2025-04-02 09:57:41.828312+00:00", "RecordID": "4676", "Level": "5", "UserID": "S-1-5-18", "EventData.ioctlCode": "0x00000d15", "EventData.delta (100 ns)": "35", "EventData.ntStatus": "0"}
{"EventID": "0", "Channel": "Microsoft-Windows-Hyper-V-VmSwitch-Operational", "Provider_Name": "Microsoft-Windows-Hyper-V-VmSwitch", "Computer": "DESKTOP-OFJ6N53", "TimeCreated": "2025-04-02 09:57:41.865622+00:00", "RecordID": "4677", "Level": "5", "UserID": "S-1-5-18", "EventData.ioctlCode": "0x0000081f"}
{"EventID": "0", "Channel": "Microsoft-Windows-Hyper-V-VmSwitch-Operational", "Provider_Name": "Microsoft-Windows-Hyper-V-VmSwitch", "Computer": "DESKTOP-OFJ6N53", "TimeCreated": "2025-04-02 09:57:41.865627+00:00", "RecordID": "4678", "Level": "5", "UserID": "S-1-5-18", "EventData.ioctlCode": "0x0000081f", "EventData.delta (100 ns)": "82", "EventData.ntStatus": "0"}
{"EventID": "0", "Channel": "Microsoft-Windows-Hyper-V-VmSwitch-Operational", "Provider_Name": "Microsoft-Windows-Hyper-V-VmSwitch", "Computer": "DESKTOP-OFJ6N53", "TimeCreated": "2025-04-02 09:57:42.308559+00:00", "RecordID": "4679", "Level": "5", "UserID": "S-1-5-18", "EventData.ioctlCode": "0x0000081f"}
{"EventID": "0", "Channel": "Microsoft-Windows-Hyper-V-VmSwitch-Operational", "Provider_Name": "Microsoft-Windows-Hyper-V-VmSwitch", "Computer": "DESKTOP-OFJ6N53", "TimeCreated": "2025-04-02 09:57:42.308565+00:00", "RecordID": "4680", "Level": "5", "UserID": "S-1-5-18", "EventData.ioctlCode": "0x0000081f", "EventData.delta (100 ns)": "78", "EventData.ntStatus": "0"}
{"EventID": "0", "Channel": "Microsoft-Windows-Hyper-V-VmSwitch-Operational", "Provider_Name": "Microsoft-Windows-Hyper-V-VmSwitch", "Computer": "DESKTOP-OFJ6N53", "TimeCreated": "2025-04-02 09:57:42.309965+00:00", "RecordID": "4681", "Level": "5", "UserID": "S-1-5-18", "EventData.ioctlCode": "0x00000d12"}
{"EventID": "0", "Channel": "Microsoft-Windows-Hyper-V-VmSwitch-Operational", "Provider_Name": "Microsoft-Windows-Hyper-V-VmSwitch", "Computer": "DESKTOP-OFJ6N53", "TimeCreated": "2025-04-02 09:57:42.309973+00:00", "RecordID": "4682", "Level": "5", "UserID": "S-1-5-18", "EventData.ioctlCode": "0x00000d12", "EventData.delta (100 ns)": "104", "EventData.ntStatus": "2147483653"}
{"EventID": "0", "Channel": "Microsoft-Windows-Hyper-V-VmSwitch-Operational", "Provider_Name": "Microsoft-Windows-Hyper-V-VmSwitch", "Computer": "DESKTOP-OFJ6N53", "TimeCreated": "2025-04-02 09:57:42.309984+00:00", "RecordID": "4683", "Level": "5", "UserID": "S-1-5-18", "EventData.ioctlCode": "0x00000d12"}
{"EventID": "0", "Channel": "Microsoft-Windows-Hyper-V-VmSwitch-Operational", "Provider_Name": "Microsoft-Windows-Hyper-V-VmSwitch", "Computer": "DESKTOP-OFJ6N53", "TimeCreated": "2025-04-02 09:57:42.310015+00:00", "RecordID": "4684", "Level": "5", "UserID": "S-1-5-18", "EventData.ioctlCode": "0x00000d12", "EventData.delta (100 ns)": "294", "EventData.ntStatus": "3221225524"}
{"EventID": "0", "Channel": "Microsoft-Windows-Hyper-V-VmSwitch-Operational", "Provider_Name": "Microsoft-Windows-Hyper-V-VmSwitch", "Computer": "DESKTOP-OFJ6N53", "TimeCreated": "2025-04-02 09:57:42.321604+00:00", "RecordID": "4685", "Level": "5", "UserID": "S-1-5-18", "EventData.ioctlCode": "0x0000081f"}
{"EventID": "0", "Channel": "Microsoft-Windows-Hyper-V-VmSwitch-Operational", "Provider_Name": "Microsoft-Windows-Hyper-V-VmSwitch", "Computer": "DESKTOP-OFJ6N53", "TimeCreated": "2025-04-02 09:57:42.321611+00:00", "RecordID": "4686", "Level": "5", "UserID": "S-1-5-18", "EventData.ioctlCode": "0x0000081f", "EventData.delta (100 ns)": "79", "EventData.ntStatus": "0"}
{"EventID": "0", "Channel": "Microsoft-Windows-Hyper-V-VmSwitch-Operational", "Provider_Name": "Microsoft-Windows-Hyper-V-VmSwitch", "Computer": "DESKTOP-OFJ6N53", "TimeCreated": "2025-04-02 09:57:42.321955+00:00", "RecordID": "4687", "Level": "5", "UserID": "S-1-5-18", "EventData.ioctlCode": "0x0000081f"}
{"EventID": "0", "Channel": "Microsoft-Windows-Hyper-V-VmSwitch-Operational", "Provider_Name": "Microsoft-Windows-Hyper-V-VmSwitch", "Computer": "DESKTOP-OFJ6N53", "TimeCreated": "2025-04-02 09:57:42.321959+00:00", "RecordID": "4688", "Level": "5", "UserID": "S-1-5-18", "EventData.ioctlCode": "0x0000081f", "EventData.delta (100 ns)": "65", "EventData.ntStatus": "0"}
{"EventID": "0", "Channel": "Microsoft-Windows-Hyper-V-VmSwitch-Operational", "Provider_Name": "Microsoft-Windows-Hyper-V-VmSwitch", "Computer": "DESKTOP-OFJ6N53", "TimeCreated": "2025-04-02 09:57:42.321997+00:00", "RecordID": "4689", "Level": "5", "UserID": "S-1-5-18", "EventData.ioctlCode": "0x00000d35"}
{"EventID": "0", "Channel": "Microsoft-Windows-Hyper-V-VmSwitch-Operational", "Provider_Name": "Microsoft-Windows-Hyper-V-VmSwitch", "Computer": "DESKTOP-OFJ6N53", "TimeCreated": "2025-04-02 09:57:42.321999+00:00", "RecordID": "4690", "Level": "5", "UserID": "S-1-5-18", "EventData.ioctlCode": "0x00000d35", "EventData.delta (100 ns)": "29", "EventData.ntStatus": "2147483653"}
{"EventID": "0", "Channel": "Microsoft-Windows-Hyper-V-VmSwitch-Operational", "Provider_Name": "Microsoft-Windows-Hyper-V-VmSwitch", "Computer": "DESKTOP-OFJ6N53", "TimeCreated": "2025-04-02 09:57:42.322001+00:00", "RecordID": "4691", "Level": "5", "UserID": "S-1-5-18", "EventData.ioctlCode": "0x00000d35"}
{"EventID": "0", "Channel": "Microsoft-Windows-Hyper-V-VmSwitch-Operational", "Provider_Name": "Microsoft-Windows-Hyper-V-VmSwitch", "Computer": "DESKTOP-OFJ6N53", "TimeCreated": "2025-04-02 09:57:42.322004+00:00", "RecordID": "4692", "Level": "5", "UserID": "S-1-5-18", "EventData.ioctlCode": "0x00000d35", "EventData.delta (100 ns)": "26", "EventData.ntStatus": "0"}
{"EventID": "0", "Channel": "Microsoft-Windows-Hyper-V-VmSwitch-Operational", "Provider_Name": "Microsoft-Windows-Hyper-V-VmSwitch", "Computer": "DESKTOP-OFJ6N53", "TimeCreated": "2025-04-02 09:57:42.469633+00:00", "RecordID": "4693", "Level": "5", "UserID": "S-1-5-18", "EventData.ioctlCode": "0x0000081f"}
{"EventID": "0", "Channel": "Microsoft-Windows-Hyper-V-VmSwitch-Operational", "Provider_Name": "Microsoft-Windows-Hyper-V-VmSwitch", "Computer": "DESKTOP-OFJ6N53", "TimeCreated": "2025-04-02 09:57:42.469639+00:00", "RecordID": "4694", "Level": "5", "UserID": "S-1-5-18", "EventData.ioctlCode": "0x0000081f", "EventData.delta (100 ns)": "84", "EventData.ntStatus": "0"}
{"EventID": "0", "Channel": "Microsoft-Windows-Hyper-V-VmSwitch-Operational", "Provider_Name": "Microsoft-Windows-Hyper-V-VmSwitch", "Computer": "DESKTOP-OFJ6N53", "TimeCreated": "2025-04-02 09:57:43.599525+00:00", "RecordID": "4695", "Level": "5", "UserID": "S-1-5-18", "EventData.ioctlCode": "0x0000081f"}
{"EventID": "0", "Channel": "Microsoft-Windows-Hyper-V-VmSwitch-Operational", "Provider_Name": "Microsoft-Windows-Hyper-V-VmSwitch", "Computer": "DESKTOP-OFJ6N53", "TimeCreated": "2025-04-02 09:57:43.599533+00:00", "RecordID": "4696", "Level": "5", "UserID": "S-1-5-18", "EventData.ioctlCode": "0x0000081f", "EventData.delta (100 ns)": "83", "EventData.ntStatus": "0"}
{"EventID": "0", "Channel": "Microsoft-Windows-Hyper-V-VmSwitch-Operational", "Provider_Name": "Microsoft-Windows-Hyper-V-VmSwitch", "Computer": "DESKTOP-OFJ6N53", "TimeCreated": "2025-04-02 09:57:43.599575+00:00", "RecordID": "4697", "Level": "5", "UserID": "S-1-5-18", "EventData.ioctlCode": "0x00000d35"}
{"EventID": "0", "Channel": "Microsoft-Windows-Hyper-V-VmSwitch-Operational", "Provider_Name": "Microsoft-Windows-Hyper-V-VmSwitch", "Computer": "DESKTOP-OFJ6N53", "TimeCreated": "2025-04-02 09:57:43.599579+00:00", "RecordID": "4698", "Level": "5", "UserID": "S-1-5-18", "EventData.ioctlCode": "0x00000d35", "EventData.delta (100 ns)": "38", "EventData.ntStatus": "2147483653"}
{"EventID": "0", "Channel": "Microsoft-Windows-Hyper-V-VmSwitch-Operational", "Provider_Name": "Microsoft-Windows-Hyper-V-VmSwitch", "Computer": "DESKTOP-OFJ6N53", "TimeCreated": "2025-04-02 09:57:43.599583+00:00", "RecordID": "4699", "Level": "5", "UserID": "S-1-5-18", "EventData.ioctlCode": "0x00000d35"}
{"EventID": "0", "Channel": "Microsoft-Windows-Hyper-V-VmSwitch-Operational", "Provider_Name": "Microsoft-Windows-Hyper-V-VmSwitch", "Computer": "DESKTOP-OFJ6N53", "TimeCreated": "2025-04-02 09:57:43.599583+00:00", "RecordID": "4700", "Level": "5", "UserID": "S-1-5-18", "EventData.ioctlCode": "0x00000d35", "EventData.delta (100 ns)": "27", "EventData.ntStatus": "0"}
{"EventID": "0", "Channel": "Microsoft-Windows-Hyper-V-VmSwitch-Operational", "Provider_Name": "Microsoft-Windows-Hyper-V-VmSwitch", "Computer": "DESKTOP-OFJ6N53", "TimeCreated": "2025-04-02 09:57:43.712362+00:00", "RecordID": "4701", "Level": "5", "UserID": "S-1-5-18", "EventData.ioctlCode": "0x0000081f"}
{"EventID": "0", "Channel": "Microsoft-Windows-Hyper-V-VmSwitch-Operational", "Provider_Name": "Microsoft-Windows-Hyper-V-VmSwitch", "Computer": "DESKTOP-OFJ6N53", "TimeCreated": "2025-04-02 09:57:43.712370+00:00", "RecordID": "4702", "Level": "5", "UserID": "S-1-5-18", "EventData.ioctlCode": "0x0000081f", "EventData.delta (100 ns)": "91", "EventData.ntStatus": "0"}
{"EventID": "0", "Channel": "Microsoft-Windows-Hyper-V-VmSwitch-Operational", "Provider_Name": "Microsoft-Windows-Hyper-V-VmSwitch", "Computer": "DESKTOP-OFJ6N53", "TimeCreated": "2025-04-02 09:57:44.099356+00:00", "RecordID": "4703", "Level": "5", "UserID": "S-1-5-18", "EventData.ioctlCode": "0x0000081f"}
{"EventID": "0", "Channel": "Microsoft-Windows-Hyper-V-VmSwitch-Operational", "Provider_Name": "Microsoft-Windows-Hyper-V-VmSwitch", "Computer": "DESKTOP-OFJ6N53", "TimeCreated": "2025-04-02 09:57:44.099363+00:00", "RecordID": "4704", "Level": "5", "UserID": "S-1-5-18", "EventData.ioctlCode": "0x0000081f", "EventData.delta (100 ns)": "80", "EventData.ntStatus": "0"}
{"EventID": "0", "Channel": "Microsoft-Windows-Hyper-V-VmSwitch-Operational", "Provider_Name": "Microsoft-Windows-Hyper-V-VmSwitch", "Computer": "DESKTOP-OFJ6N53", "TimeCreated": "2025-04-02 09:57:44.099403+00:00", "RecordID": "4705", "Level": "5", "UserID": "S-1-5-18", "EventData.ioctlCode": "0x00000d15"}
{"EventID": "0", "Channel": "Microsoft-Windows-Hyper-V-VmSwitch-Operational", "Provider_Name": "Microsoft-Windows-Hyper-V-VmSwitch", "Computer": "DESKTOP-OFJ6N53", "TimeCreated": "2025-04-02 09:57:44.099407+00:00", "RecordID": "4706", "Level": "5", "UserID": "S-1-5-18", "EventData.ioctlCode": "0x00000d15", "EventData.delta (100 ns)": "29", "EventData.ntStatus": "2147483653"}
{"EventID": "0", "Channel": "Microsoft-Windows-Hyper-V-VmSwitch-Operational", "Provider_Name": "Microsoft-Windows-Hyper-V-VmSwitch", "Computer": "DESKTOP-OFJ6N53", "TimeCreated": "2025-04-02 09:57:44.099409+00:00", "RecordID": "4707", "Level": "5", "UserID": "S-1-5-18", "EventData.ioctlCode": "0x00000d15"}
{"EventID": "0", "Channel": "Microsoft-Windows-Hyper-V-VmSwitch-Operational", "Provider_Name": "Microsoft-Windows-Hyper-V-VmSwitch", "Computer": "DESKTOP-OFJ6N53", "TimeCreated": "2025-04-02 09:57:44.099413+00:00", "RecordID": "4708", "Level": "5", "UserID": "S-1-5-18", "EventData.ioctlCode": "0x00000d15", "EventData.delta (100 ns)": "25", "EventData.ntStatus": "0"}
{"EventID": "0", "Channel": "Microsoft-Windows-Hyper-V-VmSwitch-Operational", "Provider_Name": "Microsoft-Windows-Hyper-V-VmSwitch", "Computer": "DESKTOP-OFJ6N53", "TimeCreated": "2025-04-02 10:08:25.937252+00:00", "RecordID": "4709", "Level": "4", "UserID": "S-1-5-18", "EventData.State": "Started Loading", "EventData.Function": "DriverEntry"}
{"EventID": "0", "Channel": "Microsoft-Windows-Hyper-V-VmSwitch-Operational", "Provider_Name": "Microsoft-Windows-Hyper-V-VmSwitch", "Computer": "DESKTOP-OFJ6N53", "TimeCreated": "2025-04-02 10:08:25.938437+00:00", "RecordID": "4710", "Level": "4", "UserID": "S-1-5-18", "EventData.netPnpEvent": "NetEventBindsComplete", "EventData.nicName_Length": "0", "EventData.nicName": null, "EventData.nicFriendlyName_Length": "0", "EventData.nicFriendlyName": null, "EventData.switchName_Length": "0", "EventData.switchName": null, "EventData.switchFriendlyName_Length": "0", "EventData.switchFriendlyName": null}
{"EventID": "0", "Channel": "Microsoft-Windows-Hyper-V-VmSwitch-Operational", "Provider_Name": "Microsoft-Windows-Hyper-V-VmSwitch", "Computer": "DESKTOP-OFJ6N53", "TimeCreated": "2025-04-02 10:08:25.938440+00:00", "RecordID": "4711", "Level": "4", "UserID": "S-1-5-18", "EventData.netPnpEvent": "NetEventBindsComplete", "EventData.nicName_Length": "0", "EventData.nicName": null, "EventData.nicFriendlyName_Length": "0", "EventData.nicFriendlyName": null, "EventData.switchName_Length": "0", "EventData.switchName": null, "EventData.switchFriendlyName_Length": "0", "EventData.switchFriendlyName": null, "EventData.delta (100 ns)": "44", "EventData.Status": "0"}
{"EventID": "0", "Channel": "Microsoft-Windows-Hyper-V-VmSwitch-Operational", "Provider_Name": "Microsoft-Windows-Hyper-V-VmSwitch", "Computer": "DESKTOP-OFJ6N53", "TimeCreated": "2025-04-02 10:08:25.939016+00:00", "RecordID": "4712", "Level": "4", "UserID": "S-1-5-18", "EventData.State": "Installed and Started.", "EventData.Function": "DriverEntry", "EventData.delta (100 ns)": "23355", "EventData.Status": "0"}
{"EventID": "0", "Channel": "Microsoft-Windows-Hyper-V-VmSwitch-Operational", "Provider_Name": "Microsoft-Windows-Hyper-V-VmSwitch", "Computer": "DESKTOP-OFJ6N53", "TimeCreated": "2025-04-02 10:08:25.939083+00:00", "RecordID": "4713", "Level": "4", "UserID": "S-1-5-18", "EventData.netPnpEvent": "NetEventBindsComplete", "EventData.switchName_Length": "0", "EventData.switchName": null, "EventData.switchFriendlyName_Length": "0", "EventData.switchFriendlyName": null}
{"EventID": "0", "Channel": "Microsoft-Windows-Hyper-V-VmSwitch-Operational", "Provider_Name": "Microsoft-Windows-Hyper-V-VmSwitch", "Computer": "DESKTOP-OFJ6N53", "TimeCreated": "2025-04-02 10:08:25.939087+00:00", "RecordID": "4714", "Level": "4", "UserID": "S-1-5-18", "EventData.netPnpEvent": "NetEventBindsComplete", "EventData.switchName_Length": "0", "EventData.switchName": null, "EventData.switchFriendlyName_Length": "0", "EventData.switchFriendlyName": null, "EventData.delta (100 ns)": "50", "EventData.Status": "0"}
{"EventID": "0", "Channel": "Microsoft-Windows-Hyper-V-VmSwitch-Operational", "Provider_Name": "Microsoft-Windows-Hyper-V-VmSwitch", "Computer": "DESKTOP-OFJ6N53", "TimeCreated": "2025-04-02 10:08:26.188946+00:00", "RecordID": "4715", "Level": "5", "UserID": "S-1-5-18", "EventData.ioctlCode": "0x0000081f"}
{"EventID": "0", "Channel": "Microsoft-Windows-Hyper-V-VmSwitch-Operational", "Provider_Name": "Microsoft-Windows-Hyper-V-VmSwitch", "Computer": "DESKTOP-OFJ6N53", "TimeCreated": "2025-04-02 10:08:26.188955+00:00", "RecordID": "4716", "Level": "5", "UserID": "S-1-5-18", "EventData.ioctlCode": "0x0000081f", "EventData.delta (100 ns)": "96", "EventData.ntStatus": "0"}
{"EventID": "0", "Channel": "Microsoft-Windows-Hyper-V-VmSwitch-Operational", "Provider_Name": "Microsoft-Windows-Hyper-V-VmSwitch", "Computer": "DESKTOP-OFJ6N53", "TimeCreated": "2025-04-02 10:08:26.263783+00:00", "RecordID": "4717", "Level": "5", "UserID": "S-1-5-18", "EventData.ioctlCode": "0x0000081f"}
{"EventID": "0", "Channel": "Microsoft-Windows-Hyper-V-VmSwitch-Operational", "Provider_Name": "Microsoft-Windows-Hyper-V-VmSwitch", "Computer": "DESKTOP-OFJ6N53", "TimeCreated": "2025-04-02 10:08:26.263790+00:00", "RecordID": "4718", "Level": "5", "UserID": "S-1-5-18", "EventData.ioctlCode": "0x0000081f", "EventData.delta (100 ns)": "92", "EventData.ntStatus": "0"}
{"EventID": "0", "Channel": "Microsoft-Windows-Hyper-V-VmSwitch-Operational", "Provider_Name": "Microsoft-Windows-Hyper-V-VmSwitch", "Computer": "DESKTOP-OFJ6N53", "TimeCreated": "2025-04-02 10:08:26.263836+00:00", "RecordID": "4719", "Level": "5", "UserID": "S-1-5-18", "EventData.ioctlCode": "0x00000d35"}
{"EventID": "0", "Channel": "Microsoft-Windows-Hyper-V-VmSwitch-Operational", "Provider_Name": "Microsoft-Windows-Hyper-V-VmSwitch", "Computer": "DESKTOP-OFJ6N53", "TimeCreated": "2025-04-02 10:08:26.263840+00:00", "RecordID": "4720", "Level": "5", "UserID": "S-1-5-18", "EventData.ioctlCode": "0x00000d35", "EventData.delta (100 ns)": "32", "EventData.ntStatus": "2147483653"}
{"EventID": "0", "Channel": "Microsoft-Windows-Hyper-V-VmSwitch-Operational", "Provider_Name": "Microsoft-Windows-Hyper-V-VmSwitch", "Computer": "DESKTOP-OFJ6N53", "TimeCreated": "2025-04-02 10:08:26.263844+00:00", "RecordID": "4721", "Level": "5", "UserID": "S-1-5-18", "EventData.ioctlCode": "0x00000d35"}
{"EventID": "0", "Channel": "Microsoft-Windows-Hyper-V-VmSwitch-Operational", "Provider_Name": "Microsoft-Windows-Hyper-V-VmSwitch", "Computer": "DESKTOP-OFJ6N53", "TimeCreated": "2025-04-02 10:08:26.263845+00:00", "RecordID": "4722", "Level": "5", "UserID": "S-1-5-18", "EventData.ioctlCode": "0x00000d35", "EventData.delta (100 ns)": "27", "EventData.ntStatus": "0"}
{"EventID": "0", "Channel": "Microsoft-Windows-Hyper-V-VmSwitch-Operational", "Provider_Name": "Microsoft-Windows-Hyper-V-VmSwitch", "Computer": "DESKTOP-OFJ6N53", "TimeCreated": "2025-04-02 10:08:26.264015+00:00", "RecordID": "4723", "Level": "5", "UserID": "S-1-5-18", "EventData.ioctlCode": "0x0000081f"}
{"EventID": "0", "Channel": "Microsoft-Windows-Hyper-V-VmSwitch-Operational", "Provider_Name": "Microsoft-Windows-Hyper-V-VmSwitch", "Computer": "DESKTOP-OFJ6N53", "TimeCreated": "2025-04-02 10:08:26.264019+00:00", "RecordID": "4724", "Level": "5", "UserID": "S-1-5-18", "EventData.ioctlCode": "0x0000081f", "EventData.delta (100 ns)": "37", "EventData.ntStatus": "0"}
{"EventID": "0", "Channel": "Microsoft-Windows-Hyper-V-VmSwitch-Operational", "Provider_Name": "Microsoft-Windows-Hyper-V-VmSwitch", "Computer": "DESKTOP-OFJ6N53", "TimeCreated": "2025-04-02 10:08:26.264051+00:00", "RecordID": "4725", "Level": "5", "UserID": "S-1-5-18", "EventData.ioctlCode": "0x00000d15"}
{"EventID": "0", "Channel": "Microsoft-Windows-Hyper-V-VmSwitch-Operational", "Provider_Name": "Microsoft-Windows-Hyper-V-VmSwitch", "Computer": "DESKTOP-OFJ6N53", "TimeCreated": "2025-04-02 10:08:26.264053+00:00", "RecordID": "4726", "Level": "5", "UserID": "S-1-5-18", "EventData.ioctlCode": "0x00000d15", "EventData.delta (100 ns)": "30", "EventData.ntStatus": "2147483653"}
{"EventID": "0", "Channel": "Microsoft-Windows-Hyper-V-VmSwitch-Operational", "Provider_Name": "Microsoft-Windows-Hyper-V-VmSwitch", "Computer": "DESKTOP-OFJ6N53", "TimeCreated": "2025-04-02 10:08:26.264057+00:00", "RecordID": "4727", "Level": "5", "UserID": "S-1-5-18", "EventData.ioctlCode": "0x00000d15"}
{"EventID": "0", "Channel": "Microsoft-Windows-Hyper-V-VmSwitch-Operational", "Provider_Name": "Microsoft-Windows-Hyper-V-VmSwitch", "Computer": "DESKTOP-OFJ6N53", "TimeCreated": "2025-04-02 10:08:26.264061+00:00", "RecordID": "4728", "Level": "5", "UserID": "S-1-5-18", "EventData.ioctlCode": "0x00000d15", "EventData.delta (100 ns)": "29", "EventData.ntStatus": "0"}
{"EventID": "0", "Channel": "Microsoft-Windows-Hyper-V-VmSwitch-Operational", "Provider_Name": "Microsoft-Windows-Hyper-V-VmSwitch", "Computer": "DESKTOP-OFJ6N53", "TimeCreated": "2025-04-02 10:08:26.516869+00:00", "RecordID": "4729", "Level": "5", "UserID": "S-1-5-18", "EventData.ioctlCode": "0x0000081f"}
{"EventID": "0", "Channel": "Microsoft-Windows-Hyper-V-VmSwitch-Operational", "Provider_Name": "Microsoft-Windows-Hyper-V-VmSwitch", "Computer": "DESKTOP-OFJ6N53", "TimeCreated": "2025-04-02 10:08:26.516874+00:00", "RecordID": "4730", "Level": "5", "UserID": "S-1-5-18", "EventData.ioctlCode": "0x0000081f", "EventData.delta (100 ns)": "94", "EventData.ntStatus": "0"}
{"EventID": "0", "Channel": "Microsoft-Windows-Hyper-V-VmSwitch-Operational", "Provider_Name": "Microsoft-Windows-Hyper-V-VmSwitch", "Computer": "DESKTOP-OFJ6N53", "TimeCreated": "2025-04-02 10:08:27.401081+00:00", "RecordID": "4731", "Level": "5", "UserID": "S-1-5-18", "EventData.ioctlCode": "0x0000081f"}
{"EventID": "0", "Channel": "Microsoft-Windows-Hyper-V-VmSwitch-Operational", "Provider_Name": "Microsoft-Windows-Hyper-V-VmSwitch", "Computer": "DESKTOP-OFJ6N53", "TimeCreated": "2025-04-02 10:08:27.401087+00:00", "RecordID": "4732", "Level": "5", "UserID": "S-1-5-18", "EventData.ioctlCode": "0x0000081f", "EventData.delta (100 ns)": "88", "EventData.ntStatus": "0"}
{"EventID": "0", "Channel": "Microsoft-Windows-Hyper-V-VmSwitch-Operational", "Provider_Name": "Microsoft-Windows-Hyper-V-VmSwitch", "Computer": "DESKTOP-OFJ6N53", "TimeCreated": "2025-04-02 10:08:27.402208+00:00", "RecordID": "4733", "Level": "5", "UserID": "S-1-5-18", "EventData.ioctlCode": "0x00000d12"}
{"EventID": "0", "Channel": "Microsoft-Windows-Hyper-V-VmSwitch-Operational", "Provider_Name": "Microsoft-Windows-Hyper-V-VmSwitch", "Computer": "DESKTOP-OFJ6N53", "TimeCreated": "2025-04-02 10:08:27.402216+00:00", "RecordID": "4734", "Level": "5", "UserID": "S-1-5-18", "EventData.ioctlCode": "0x00000d12", "EventData.delta (100 ns)": "100", "EventData.ntStatus": "2147483653"}
{"EventID": "0", "Channel": "Microsoft-Windows-Hyper-V-VmSwitch-Operational", "Provider_Name": "Microsoft-Windows-Hyper-V-VmSwitch", "Computer": "DESKTOP-OFJ6N53", "TimeCreated": "2025-04-02 10:08:27.402237+00:00", "RecordID": "4735", "Level": "5", "UserID": "S-1-5-18", "EventData.ioctlCode": "0x00000d12"}
{"EventID": "0", "Channel": "Microsoft-Windows-Hyper-V-VmSwitch-Operational", "Provider_Name": "Microsoft-Windows-Hyper-V-VmSwitch", "Computer": "DESKTOP-OFJ6N53", "TimeCreated": "2025-04-02 10:08:27.402266+00:00", "RecordID": "4736", "Level": "5", "UserID": "S-1-5-18", "EventData.ioctlCode": "0x00000d12", "EventData.delta (100 ns)": "269", "EventData.ntStatus": "3221225524"}
{"EventID": "0", "Channel": "Microsoft-Windows-Hyper-V-VmSwitch-Operational", "Provider_Name": "Microsoft-Windows-Hyper-V-VmSwitch", "Computer": "DESKTOP-OFJ6N53", "TimeCreated": "2025-04-02 10:08:27.409428+00:00", "RecordID": "4737", "Level": "5", "UserID": "S-1-5-18", "EventData.ioctlCode": "0x0000081f"}
{"EventID": "0", "Channel": "Microsoft-Windows-Hyper-V-VmSwitch-Operational", "Provider_Name": "Microsoft-Windows-Hyper-V-VmSwitch", "Computer": "DESKTOP-OFJ6N53", "TimeCreated": "2025-04-02 10:08:27.409435+00:00", "RecordID": "4738", "Level": "5", "UserID": "S-1-5-18", "EventData.ioctlCode": "0x0000081f", "EventData.delta (100 ns)": "75", "EventData.ntStatus": "0"}
{"EventID": "0", "Channel": "Microsoft-Windows-Hyper-V-VmSwitch-Operational", "Provider_Name": "Microsoft-Windows-Hyper-V-VmSwitch", "Computer": "DESKTOP-OFJ6N53", "TimeCreated": "2025-04-02 10:08:27.409588+00:00", "RecordID": "4739", "Level": "5", "UserID": "S-1-5-18", "EventData.ioctlCode": "0x0000081f"}
{"EventID": "0", "Channel": "Microsoft-Windows-Hyper-V-VmSwitch-Operational", "Provider_Name": "Microsoft-Windows-Hyper-V-VmSwitch", "Computer": "DESKTOP-OFJ6N53", "TimeCreated": "2025-04-02 10:08:27.409592+00:00", "RecordID": "4740", "Level": "5", "UserID": "S-1-5-18", "EventData.ioctlCode": "0x0000081f", "EventData.delta (100 ns)": "29", "EventData.ntStatus": "0"}
{"EventID": "0", "Channel": "Microsoft-Windows-Hyper-V-VmSwitch-Operational", "Provider_Name": "Microsoft-Windows-Hyper-V-VmSwitch", "Computer": "DESKTOP-OFJ6N53", "TimeCreated": "2025-04-02 10:08:27.409616+00:00", "RecordID": "4741", "Level": "5", "UserID": "S-1-5-18", "EventData.ioctlCode": "0x00000d35"}
{"EventID": "0", "Channel": "Microsoft-Windows-Hyper-V-VmSwitch-Operational", "Provider_Name": "Microsoft-Windows-Hyper-V-VmSwitch", "Computer": "DESKTOP-OFJ6N53", "TimeCreated": "2025-04-02 10:08:27.409620+00:00", "RecordID": "4742", "Level": "5", "UserID": "S-1-5-18", "EventData.ioctlCode": "0x00000d35", "EventData.delta (100 ns)": "33", "EventData.ntStatus": "2147483653"}
{"EventID": "0", "Channel": "Microsoft-Windows-Hyper-V-VmSwitch-Operational", "Provider_Name": "Microsoft-Windows-Hyper-V-VmSwitch", "Computer": "DESKTOP-OFJ6N53", "TimeCreated": "2025-04-02 10:08:27.409622+00:00", "RecordID": "4743", "Level": "5", "UserID": "S-1-5-18", "EventData.ioctlCode": "0x00000d35"}
{"EventID": "0", "Channel": "Microsoft-Windows-Hyper-V-VmSwitch-Operational", "Provider_Name": "Microsoft-Windows-Hyper-V-VmSwitch", "Computer": "DESKTOP-OFJ6N53", "TimeCreated": "2025-04-02 10:08:27.409624+00:00", "RecordID": "4744", "Level": "5", "UserID": "S-1-5-18", "EventData.ioctlCode": "0x00000d35", "EventData.delta (100 ns)": "27", "EventData.ntStatus": "0"}
{"EventID": "0", "Channel": "Microsoft-Windows-Hyper-V-VmSwitch-Operational", "Provider_Name": "Microsoft-Windows-Hyper-V-VmSwitch", "Computer": "DESKTOP-OFJ6N53", "TimeCreated": "2025-04-02 10:08:27.532629+00:00", "RecordID": "4745", "Level": "5", "UserID": "S-1-5-18", "EventData.ioctlCode": "0x0000081f"}
{"EventID": "0", "Channel": "Microsoft-Windows-Hyper-V-VmSwitch-Operational", "Provider_Name": "Microsoft-Windows-Hyper-V-VmSwitch", "Computer": "DESKTOP-OFJ6N53", "TimeCreated": "2025-04-02 10:08:27.532656+00:00", "RecordID": "4746", "Level": "5", "UserID": "S-1-5-18", "EventData.ioctlCode": "0x0000081f", "EventData.delta (100 ns)": "281", "EventData.ntStatus": "0"}
{"EventID": "0", "Channel": "Microsoft-Windows-Hyper-V-VmSwitch-Operational", "Provider_Name": "Microsoft-Windows-Hyper-V-VmSwitch", "Computer": "DESKTOP-OFJ6N53", "TimeCreated": "2025-04-02 10:08:28.709593+00:00", "RecordID": "4747", "Level": "5", "UserID": "S-1-5-18", "EventData.ioctlCode": "0x0000081f"}
{"EventID": "0", "Channel": "Microsoft-Windows-Hyper-V-VmSwitch-Operational", "Provider_Name": "Microsoft-Windows-Hyper-V-VmSwitch", "Computer": "DESKTOP-OFJ6N53", "TimeCreated": "2025-04-02 10:08:28.709600+00:00", "RecordID": "4748", "Level": "5", "UserID": "S-1-5-18", "EventData.ioctlCode": "0x0000081f", "EventData.delta (100 ns)": "94", "EventData.ntStatus": "0"}
{"EventID": "0", "Channel": "Microsoft-Windows-Hyper-V-VmSwitch-Operational", "Provider_Name": "Microsoft-Windows-Hyper-V-VmSwitch", "Computer": "DESKTOP-OFJ6N53", "TimeCreated": "2025-04-02 10:08:28.709646+00:00", "RecordID": "4749", "Level": "5", "UserID": "S-1-5-18", "EventData.ioctlCode": "0x00000d35"}
{"EventID": "0", "Channel": "Microsoft-Windows-Hyper-V-VmSwitch-Operational", "Provider_Name": "Microsoft-Windows-Hyper-V-VmSwitch", "Computer": "DESKTOP-OFJ6N53", "TimeCreated": "2025-04-02 10:08:28.709648+00:00", "RecordID": "4750", "Level": "5", "UserID": "S-1-5-18", "EventData.ioctlCode": "0x00000d35", "EventData.delta (100 ns)": "37", "EventData.ntStatus": "2147483653"}
{"EventID": "0", "Channel": "Microsoft-Windows-Hyper-V-VmSwitch-Operational", "Provider_Name": "Microsoft-Windows-Hyper-V-VmSwitch", "Computer": "DESKTOP-OFJ6N53", "TimeCreated": "2025-04-02 10:08:28.709652+00:00", "RecordID": "4751", "Level": "5", "UserID": "S-1-5-18", "EventData.ioctlCode": "0x00000d35"}
{"EventID": "0", "Channel": "Microsoft-Windows-Hyper-V-VmSwitch-Operational", "Provider_Name": "Microsoft-Windows-Hyper-V-VmSwitch", "Computer": "DESKTOP-OFJ6N53", "TimeCreated": "2025-04-02 10:08:28.709658+00:00", "RecordID": "4752", "Level": "5", "UserID": "S-1-5-18", "EventData.ioctlCode": "0x00000d35", "EventData.delta (100 ns)": "41", "EventData.ntStatus": "0"}
{"EventID": "0", "Channel": "Microsoft-Windows-Hyper-V-VmSwitch-Operational", "Provider_Name": "Microsoft-Windows-Hyper-V-VmSwitch", "Computer": "DESKTOP-OFJ6N53", "TimeCreated": "2025-04-02 10:08:28.833731+00:00", "RecordID": "4753", "Level": "5", "UserID": "S-1-5-18", "EventData.ioctlCode": "0x0000081f"}
{"EventID": "0", "Channel": "Microsoft-Windows-Hyper-V-VmSwitch-Operational", "Provider_Name": "Microsoft-Windows-Hyper-V-VmSwitch", "Computer": "DESKTOP-OFJ6N53", "TimeCreated": "2025-04-02 10:08:28.833738+00:00", "RecordID": "4754", "Level": "5", "UserID": "S-1-5-18", "EventData.ioctlCode": "0x0000081f", "EventData.delta (100 ns)": "98", "EventData.ntStatus": "0"}
{"EventID": "0", "Channel": "Microsoft-Windows-Hyper-V-VmSwitch-Operational", "Provider_Name": "Microsoft-Windows-Hyper-V-VmSwitch", "Computer": "DESKTOP-OFJ6N53", "TimeCreated": "2025-04-02 10:08:29.111387+00:00", "RecordID": "4755", "Level": "5", "UserID": "S-1-5-18", "EventData.ioctlCode": "0x0000081f"}
{"EventID": "0", "Channel": "Microsoft-Windows-Hyper-V-VmSwitch-Operational", "Provider_Name": "Microsoft-Windows-Hyper-V-VmSwitch", "Computer": "DESKTOP-OFJ6N53", "TimeCreated": "2025-04-02 10:08:29.111395+00:00", "RecordID": "4756", "Level": "5", "UserID": "S-1-5-18", "EventData.ioctlCode": "0x0000081f", "EventData.delta (100 ns)": "82", "EventData.ntStatus": "0"}
{"EventID": "0", "Channel": "Microsoft-Windows-Hyper-V-VmSwitch-Operational", "Provider_Name": "Microsoft-Windows-Hyper-V-VmSwitch", "Computer": "DESKTOP-OFJ6N53", "TimeCreated": "2025-04-02 10:08:29.111435+00:00", "RecordID": "4757", "Level": "5", "UserID": "S-1-5-18", "EventData.ioctlCode": "0x00000d15"}
{"EventID": "0", "Channel": "Microsoft-Windows-Hyper-V-VmSwitch-Operational", "Provider_Name": "Microsoft-Windows-Hyper-V-VmSwitch", "Computer": "DESKTOP-OFJ6N53", "TimeCreated": "2025-04-02 10:08:29.111437+00:00", "RecordID": "4758", "Level": "5", "UserID": "S-1-5-18", "EventData.ioctlCode": "0x00000d15", "EventData.delta (100 ns)": "31", "EventData.ntStatus": "2147483653"}
{"EventID": "0", "Channel": "Microsoft-Windows-Hyper-V-VmSwitch-Operational", "Provider_Name": "Microsoft-Windows-Hyper-V-VmSwitch", "Computer": "DESKTOP-OFJ6N53", "TimeCreated": "2025-04-02 10:08:29.111441+00:00", "RecordID": "4759", "Level": "5", "UserID": "S-1-5-18", "EventData.ioctlCode": "0x00000d15"}
{"EventID": "0", "Channel": "Microsoft-Windows-Hyper-V-VmSwitch-Operational", "Provider_Name": "Microsoft-Windows-Hyper-V-VmSwitch", "Computer": "DESKTOP-OFJ6N53", "TimeCreated": "2025-04-02 10:08:29.111444+00:00", "RecordID": "4760", "Level": "5", "UserID": "S-1-5-18", "EventData.ioctlCode": "0x00000d15", "EventData.delta (100 ns)": "25", "EventData.ntStatus": "0"}
{"EventID": "0", "Channel": "Microsoft-Windows-Hyper-V-VmSwitch-Operational", "Provider_Name": "Microsoft-Windows-Hyper-V-VmSwitch", "Computer": "DESKTOP-OFJ6N53", "TimeCreated": "2025-04-02 10:11:53.435535+00:00", "RecordID": "4761", "Level": "4", "UserID": "S-1-5-18", "EventData.State": "Started Loading", "EventData.Function": "DriverEntry"}
{"EventID": "0", "Channel": "Microsoft-Windows-Hyper-V-VmSwitch-Operational", "Provider_Name": "Microsoft-Windows-Hyper-V-VmSwitch", "Computer": "DESKTOP-OFJ6N53", "TimeCreated": "2025-04-02 10:11:53.436453+00:00", "RecordID": "4762", "Level": "4", "UserID": "S-1-5-18", "EventData.netPnpEvent": "NetEventBindsComplete", "EventData.nicName_Length": "0", "EventData.nicName": null, "EventData.nicFriendlyName_Length": "0", "EventData.nicFriendlyName": null, "EventData.switchName_Length": "0", "EventData.switchName": null, "EventData.switchFriendlyName_Length": "0", "EventData.switchFriendlyName": null}
{"EventID": "0", "Channel": "Microsoft-Windows-Hyper-V-VmSwitch-Operational", "Provider_Name": "Microsoft-Windows-Hyper-V-VmSwitch", "Computer": "DESKTOP-OFJ6N53", "TimeCreated": "2025-04-02 10:11:53.436457+00:00", "RecordID": "4763", "Level": "4", "UserID": "S-1-5-18", "EventData.netPnpEvent": "NetEventBindsComplete", "EventData.nicName_Length": "0", "EventData.nicName": null, "EventData.nicFriendlyName_Length": "0", "EventData.nicFriendlyName": null, "EventData.switchName_Length": "0", "EventData.switchName": null, "EventData.switchFriendlyName_Length": "0", "EventData.switchFriendlyName": null, "EventData.delta (100 ns)": "47", "EventData.Status": "0"}
{"EventID": "0", "Channel": "Microsoft-Windows-Hyper-V-VmSwitch-Operational", "Provider_Name": "Microsoft-Windows-Hyper-V-VmSwitch", "Computer": "DESKTOP-OFJ6N53", "TimeCreated": "2025-04-02 10:11:53.436930+00:00", "RecordID": "4764", "Level": "4", "UserID": "S-1-5-18", "EventData.State": "Installed and Started.", "EventData.Function": "DriverEntry", "EventData.delta (100 ns)": "19178", "EventData.Status": "0"}
{"EventID": "0", "Channel": "Microsoft-Windows-Hyper-V-VmSwitch-Operational", "Provider_Name": "Microsoft-Windows-Hyper-V-VmSwitch", "Computer": "DESKTOP-OFJ6N53", "TimeCreated": "2025-04-02 10:11:53.437660+00:00", "RecordID": "4765", "Level": "4", "UserID": "S-1-5-18", "EventData.netPnpEvent": "NetEventBindsComplete", "EventData.switchName_Length": "0", "EventData.switchName": null, "EventData.switchFriendlyName_Length": "0", "EventData.switchFriendlyName": null}
{"EventID": "0", "Channel": "Microsoft-Windows-Hyper-V-VmSwitch-Operational", "Provider_Name": "Microsoft-Windows-Hyper-V-VmSwitch", "Computer": "DESKTOP-OFJ6N53", "TimeCreated": "2025-04-02 10:11:53.437664+00:00", "RecordID": "4766", "Level": "4", "UserID": "S-1-5-18", "EventData.netPnpEvent": "NetEventBindsComplete", "EventData.switchName_Length": "0", "EventData.switchName": null, "EventData.switchFriendlyName_Length": "0", "EventData.switchFriendlyName": null, "EventData.delta (100 ns)": "52", "EventData.Status": "0"}
{"EventID": "0", "Channel": "Microsoft-Windows-Hyper-V-VmSwitch-Operational", "Provider_Name": "Microsoft-Windows-Hyper-V-VmSwitch", "Computer": "DESKTOP-OFJ6N53", "TimeCreated": "2025-04-02 10:11:53.653275+00:00", "RecordID": "4767", "Level": "5", "UserID": "S-1-5-18", "EventData.ioctlCode": "0x0000081f"}
{"EventID": "0", "Channel": "Microsoft-Windows-Hyper-V-VmSwitch-Operational", "Provider_Name": "Microsoft-Windows-Hyper-V-VmSwitch", "Computer": "DESKTOP-OFJ6N53", "TimeCreated": "2025-04-02 10:11:53.653282+00:00", "RecordID": "4768", "Level": "5", "UserID": "S-1-5-18", "EventData.ioctlCode": "0x0000081f", "EventData.delta (100 ns)": "87", "EventData.ntStatus": "0"}
{"EventID": "0", "Channel": "Microsoft-Windows-Hyper-V-VmSwitch-Operational", "Provider_Name": "Microsoft-Windows-Hyper-V-VmSwitch", "Computer": "DESKTOP-OFJ6N53", "TimeCreated": "2025-04-02 10:11:53.732750+00:00", "RecordID": "4769", "Level": "5", "UserID": "S-1-5-18", "EventData.ioctlCode": "0x0000081f"}
{"EventID": "0", "Channel": "Microsoft-Windows-Hyper-V-VmSwitch-Operational", "Provider_Name": "Microsoft-Windows-Hyper-V-VmSwitch", "Computer": "DESKTOP-OFJ6N53", "TimeCreated": "2025-04-02 10:11:53.732756+00:00", "RecordID": "4770", "Level": "5", "UserID": "S-1-5-18", "EventData.ioctlCode": "0x0000081f", "EventData.delta (100 ns)": "81", "EventData.ntStatus": "0"}
{"EventID": "0", "Channel": "Microsoft-Windows-Hyper-V-VmSwitch-Operational", "Provider_Name": "Microsoft-Windows-Hyper-V-VmSwitch", "Computer": "DESKTOP-OFJ6N53", "TimeCreated": "2025-04-02 10:11:53.732830+00:00", "RecordID": "4771", "Level": "5", "UserID": "S-1-5-18", "EventData.ioctlCode": "0x00000d35"}
{"EventID": "0", "Channel": "Microsoft-Windows-Hyper-V-VmSwitch-Operational", "Provider_Name": "Microsoft-Windows-Hyper-V-VmSwitch", "Computer": "DESKTOP-OFJ6N53", "TimeCreated": "2025-04-02 10:11:53.732834+00:00", "RecordID": "4772", "Level": "5", "UserID": "S-1-5-18", "EventData.ioctlCode": "0x00000d35", "EventData.delta (100 ns)": "32", "EventData.ntStatus": "2147483653"}
{"EventID": "0", "Channel": "Microsoft-Windows-Hyper-V-VmSwitch-Operational", "Provider_Name": "Microsoft-Windows-Hyper-V-VmSwitch", "Computer": "DESKTOP-OFJ6N53", "TimeCreated": "2025-04-02 10:11:53.732836+00:00", "RecordID": "4773", "Level": "5", "UserID": "S-1-5-18", "EventData.ioctlCode": "0x00000d35"}
{"EventID": "0", "Channel": "Microsoft-Windows-Hyper-V-VmSwitch-Operational", "Provider_Name": "Microsoft-Windows-Hyper-V-VmSwitch", "Computer": "DESKTOP-OFJ6N53", "TimeCreated": "2025-04-02 10:11:53.732840+00:00", "RecordID": "4774", "Level": "5", "UserID": "S-1-5-18", "EventData.ioctlCode": "0x00000d35", "EventData.delta (100 ns)": "31", "EventData.ntStatus": "0"}
{"EventID": "0", "Channel": "Microsoft-Windows-Hyper-V-VmSwitch-Operational", "Provider_Name": "Microsoft-Windows-Hyper-V-VmSwitch", "Computer": "DESKTOP-OFJ6N53", "TimeCreated": "2025-04-02 10:11:53.734755+00:00", "RecordID": "4775", "Level": "5", "UserID": "S-1-5-18", "EventData.ioctlCode": "0x0000081f"}
