{"EventID": "6117", "Channel": "Microsoft-Windows-LiveId/Operational", "Provider_Name": "Microsoft-Windows-LiveId", "Computer": "DESKTOP-OFJ6N53", "TimeCreated": "2025-08-23 08:58:37.081795+00:00", "RecordID": "88088", "Level": "4", "UserID": "S-1-5-20", "EventData.ResourceURI": "474a-87ad-2f9a87615fa3-dc1-tip.cloudapp.net", "EventData.Created": "2025-08-23 11:58:37", "EventData.Expires": "2025-08-24 11:58:37", "EventData.TokenType": "urn:passport:compact", "EventData.AuthRequired": "0", "EventData.RequestStatus": "0", "EventData.HasFlowUrl": "False", "EventData.HasAuthUrl": "False", "EventData.HasEndAuthUrl": "False"}
{"EventID": "2024", "Channel": "Microsoft-Windows-LiveId/Operational", "Provider_Name": "Microsoft-Windows-LiveId", "Computer": "DESKTOP-OFJ6N53", "TimeCreated": "2025-08-23 09:01:37.084299+00:00", "RecordID": "88089", "Level": "4", "UserID": "S-1-5-18", "EventData.Operation": "Service stopped", "EventData.Details": "The service has stopped.", "EventData.Status": "0x00000000"}
{"EventID": "2024", "Channel": "Microsoft-Windows-LiveId/Operational", "Provider_Name": "Microsoft-Windows-LiveId", "Computer": "DESKTOP-OFJ6N53", "TimeCreated": "2025-08-23 10:10:34.356663+00:00", "RecordID": "88090", "Level": "4", "UserID": "S-1-5-18", "EventData.Operation": "Service started", "EventData.Details": "The service will auto stop if no requests received for some period of time.", "EventData.Status": "0x00000000"}
{"EventID": "6115", "Channel": "Microsoft-Windows-LiveId/Operational", "Provider_Name": "Microsoft-Windows-LiveId", "Computer": "DESKTOP-OFJ6N53", "TimeCreated": "2025-08-23 10:10:34.434715+00:00", "RecordID": "88091", "Level": "4", "UserID": "S-1-5-21-963789628-1060504924-4285088085-1001", "EventData.Value": "<s:Envelope><s:Header><wsa:Action s:mustUnderstand=\"1\">*</wsa:Action><wsa:To s:mustUnderstand=\"1\">*</wsa:To><wsa:MessageID>*</wsa:MessageID><ps:AuthInfo Id=\"PPAuthInfo\"><ps:HostingApp>{fc177c6f-a3d6-4bb0-b1fa-23d0cd9b005d}</ps:HostingApp><ps:BinaryVersion>24</ps:BinaryVersion><ps:UIVersion>1</ps:UIVersion><ps:InlineUX>TokenBroker</ps:InlineUX><ps:IsAdmin>1</ps:IsAdmin><ps:PackageSID>S-1-15-2-350187224-1905355452-1037786396-3028148496-2624191407-3283318427-1255436723</ps:PackageSID><ps:Cookies></ps:Cookies><ps:RequestParams>AQAAAAIAAABsYwQAAAAxMDQ5</ps:RequestParams><ps:WindowsClientString>gkfodOJuvaWN7Khxeg1vNcHQNQrBSfkjx+90ZU2g55E=</ps:WindowsClientString><ps:LicenseSignatureKeyVersion>*</ps:LicenseSignatureKeyVersion><ps:ClientCapabilities>1</ps:ClientCapabilities></ps:AuthInfo><wsse:Security><EncryptedData xmlns=\"http://www.w3.org/2001/04/xmlenc#\" Id=\"devicesoftware\" Type=\"http://www.w3.org/2001/04/xmlenc#Element\"><EncryptionMethod Algorithm=\"http://www.w3.org/2001/04/xmlenc#tripledes-cbc\"></EncryptionMethod><ds:KeyInfo><ds:KeyName>http://Passport.NET/STS</ds:KeyName></ds:KeyInfo><CipherData><CipherValue>*</CipherValue></CipherData></EncryptedData><wssc:DerivedKeyToken wsu:Id=\"SignKey\" Algorithm=\"urn:liveid:SP800108_CTR_HMAC_SHA256_DOUBLEDERIVED\"><wsse:RequestedTokenReference><wsse:KeyIdentifier ValueType=\"http://docs.oasis-open.org/wss/2004/XX/oasis-2004XX-wss-saml-token-profile-1.0#SAMLAssertionID\"/><wsse:Reference URI=\"\"/></wsse:RequestedTokenReference><wssc:Nonce>*</wssc:Nonce></wssc:DerivedKeyToken><wsu:Timestamp wsu:Id=\"Timestamp\"><wsu:Created>2025-08-23T10:10:33Z</wsu:Created><wsu:Expires>2025-08-23T10:15:33Z</wsu:Expires></wsu:Timestamp><Signature xmlns=\"http://www.w3.org/2000/09/xmldsig#\"><SignedInfo><CanonicalizationMethod Algorithm=\"http://www.w3.org/2001/10/xml-exc-c14n#\"></CanonicalizationMethod><SignatureMethod Algorithm=\"http://www.w3.org/2001/04/xmldsig-more#hmac-sha256\"></SignatureMethod><Reference URI=\"#RST0\"><Transforms><Transform Algorithm=\"http://www.w3.org/2001/10/xml-exc-c14n#\"></Transform></Transforms><DigestMethod Algorithm=\"http://www.w3.org/2001/04/xmlenc#sha256\"></DigestMethod><DigestValue>*</DigestValue></Reference><Reference URI=\"#Timestamp\"><Transforms><Transform Algorithm=\"http://www.w3.org/2001/10/xml-exc-c14n#\"></Transform></Transforms><DigestMethod Algorithm=\"http://www.w3.org/2001/04/xmlenc#sha256\"></DigestMethod><DigestValue>*</DigestValue></Reference><Reference URI=\"#PPAuthInfo\"><Transforms><Transform Algorithm=\"http://www.w3.org/2001/10/xml-exc-c14n#\"></Transform></Transforms><DigestMethod Algorithm=\"http://www.w3.org/2001/04/xmlenc#sha256\"></DigestMethod><DigestValue>*</DigestValue></Reference></SignedInfo><SignatureValue>*</SignatureValue><KeyInfo><wsse:SecurityTokenReference><wsse:Reference URI=\"#SignKey\"/></wsse:SecurityTokenReference></KeyInfo></Signature></wsse:Security></s:Header><s:Body><wst:RequestSecurityToken Id=\"RST0\"><wst:RequestType>http://schemas.xmlsoap.org/ws/2005/02/trust/Issue</wst:RequestType><wsp:AppliesTo><wsa:EndpointReference><wsa:Address>ads.arcct.msn.com</wsa:Address></wsa:EndpointReference></wsp:AppliesTo><wsp:PolicyReference URI=\"MBI_SSL\"></wsp:PolicyReference></wst:RequestSecurityToken></s:Body></s:Envelope>"}
{"EventID": "6115", "Channel": "Microsoft-Windows-LiveId/Operational", "Provider_Name": "Microsoft-Windows-LiveId", "Computer": "DESKTOP-OFJ6N53", "TimeCreated": "2025-08-23 10:10:34.434780+00:00", "RecordID": "88092", "Level": "4", "UserID": "S-1-5-21-963789628-1060504924-4285088085-1001", "EventData.Value": "<s:Envelope><s:Header><wsa:Action s:mustUnderstand=\"1\">*</wsa:Action><wsa:To s:mustUnderstand=\"1\">*</wsa:To><wsa:MessageID>*</wsa:MessageID><ps:AuthInfo Id=\"PPAuthInfo\"><ps:HostingApp>{fc177c6f-a3d6-4bb0-b1fa-23d0cd9b005d}</ps:HostingApp><ps:BinaryVersion>24</ps:BinaryVersion><ps:UIVersion>1</ps:UIVersion><ps:InlineUX>TokenBroker</ps:InlineUX><ps:IsAdmin>1</ps:IsAdmin><ps:PackageSID>S-1-15-2-350187224-1905355452-1037786396-3028148496-2624191407-3283318427-1255436723</ps:PackageSID><ps:Cookies></ps:Cookies><ps:RequestParams>AQAAAAIAAABsYwQAAAAxMDQ5</ps:RequestParams><ps:WindowsClientString>gkfodOJuvaWN7Khxeg1vNcHQNQrBSfkjx+90ZU2g55E=</ps:WindowsClientString><ps:LicenseSignatureKeyVersion>*</ps:LicenseSignatureKeyVersion><ps:ClientCapabilities>1</ps:ClientCapabilities></ps:AuthInfo><wsse:Security><EncryptedData xmlns=\"http://www.w3.org/2001/04/xmlenc#\" Id=\"devicesoftware\" Type=\"http://www.w3.org/2001/04/xmlenc#Element\"><EncryptionMethod Algorithm=\"http://www.w3.org/2001/04/xmlenc#tripledes-cbc\"></EncryptionMethod><ds:KeyInfo><ds:KeyName>http://Passport.NET/STS</ds:KeyName></ds:KeyInfo><CipherData><CipherValue>*</CipherValue></CipherData></EncryptedData><wssc:DerivedKeyToken wsu:Id=\"SignKey\" Algorithm=\"urn:liveid:SP800108_CTR_HMAC_SHA256_DOUBLEDERIVED\"><wsse:RequestedTokenReference><wsse:KeyIdentifier ValueType=\"http://docs.oasis-open.org/wss/2004/XX/oasis-2004XX-wss-saml-token-profile-1.0#SAMLAssertionID\"/><wsse:Reference URI=\"\"/></wsse:RequestedTokenReference><wssc:Nonce>*</wssc:Nonce></wssc:DerivedKeyToken><wsu:Timestamp wsu:Id=\"Timestamp\"><wsu:Created>2025-08-23T10:10:33Z</wsu:Created><wsu:Expires>2025-08-23T10:15:33Z</wsu:Expires></wsu:Timestamp><Signature xmlns=\"http://www.w3.org/2000/09/xmldsig#\"><SignedInfo><CanonicalizationMethod Algorithm=\"http://www.w3.org/2001/10/xml-exc-c14n#\"></CanonicalizationMethod><SignatureMethod Algorithm=\"http://www.w3.org/2001/04/xmldsig-more#hmac-sha256\"></SignatureMethod><Reference URI=\"#RST0\"><Transforms><Transform Algorithm=\"http://www.w3.org/2001/10/xml-exc-c14n#\"></Transform></Transforms><DigestMethod Algorithm=\"http://www.w3.org/2001/04/xmlenc#sha256\"></DigestMethod><DigestValue>*</DigestValue></Reference><Reference URI=\"#Timestamp\"><Transforms><Transform Algorithm=\"http://www.w3.org/2001/10/xml-exc-c14n#\"></Transform></Transforms><DigestMethod Algorithm=\"http://www.w3.org/2001/04/xmlenc#sha256\"></DigestMethod><DigestValue>*</DigestValue></Reference><Reference URI=\"#PPAuthInfo\"><Transforms><Transform Algorithm=\"http://www.w3.org/2001/10/xml-exc-c14n#\"></Transform></Transforms><DigestMethod Algorithm=\"http://www.w3.org/2001/04/xmlenc#sha256\"></DigestMethod><DigestValue>*</DigestValue></Reference></SignedInfo><SignatureValue>*</SignatureValue><KeyInfo><wsse:SecurityTokenReference><wsse:Reference URI=\"#SignKey\"/></wsse:SecurityTokenReference></KeyInfo></Signature></wsse:Security></s:Header><s:Body><wst:RequestSecurityToken Id=\"RST0\"><wst:RequestType>http://schemas.xmlsoap.org/ws/2005/02/trust/Issue</wst:RequestType><wsp:AppliesTo><wsa:EndpointReference><wsa:Address>ads.arcct.msn.com</wsa:Address></wsa:EndpointReference></wsp:AppliesTo><wsp:PolicyReference URI=\"MBI_SSL\"></wsp:PolicyReference></wst:RequestSecurityToken></s:Body></s:Envelope>"}
{"EventID": "6116", "Channel": "Microsoft-Windows-LiveId/Operational", "Provider_Name": "Microsoft-Windows-LiveId", "Computer": "DESKTOP-OFJ6N53", "TimeCreated": "2025-08-23 10:10:34.904795+00:00", "RecordID": "88093", "Level": "4", "UserID": "S-1-5-21-963789628-1060504924-4285088085-1001", "EventData.Value": "<S:Envelope><S:Header><wsa:Action wsu:Id=\"Action\" S:mustUnderstand=\"1\">*</wsa:Action><wsa:To wsu:Id=\"To\" S:mustUnderstand=\"1\">*</wsa:To><wsse:Security><wsu:Timestamp wsu:Id=\"TS\"><wsu:Created>2025-08-23T10:10:35Z</wsu:Created><wsu:Expires>2025-08-23T10:15:35Z</wsu:Expires></wsu:Timestamp><wssc:DerivedKeyToken wsu:Id=\"SignKey\" Algorithm=\"urn:liveid:SP800108_CTR_HMAC_SHA256_DOUBLEDERIVED\"><wsse:SecurityTokenReference><wsse:Reference URI=\"xRAq7C5pkGfoT2sFTVoUN5em8CE=\"></wsse:Reference></wsse:SecurityTokenReference><wssc:Nonce>*</wssc:Nonce></wssc:DerivedKeyToken><wssc:DerivedKeyToken wsu:Id=\"EncKey\" Algorithm=\"urn:liveid:SP800108_CTR_HMAC_SHA256_DOUBLEDERIVED\"><wsse:SecurityTokenReference><wsse:Reference URI=\"xRAq7C5pkGfoT2sFTVoUN5em8CE=\"></wsse:Reference></wsse:SecurityTokenReference><wssc:Nonce>*</wssc:Nonce></wssc:DerivedKeyToken><Signature xmlns=\"http://www.w3.org/2000/09/xmldsig#\"><SignedInfo><CanonicalizationMethod Algorithm=\"http://www.w3.org/2001/10/xml-exc-c14n#\"></CanonicalizationMethod><SignatureMethod Algorithm=\"http://www.w3.org/2001/04/xmldsig-more#hmac-sha256\"></SignatureMethod><Reference URI=\"#EncPsf\"><Transforms><Transform Algorithm=\"http://www.w3.org/2001/10/xml-exc-c14n#\"></Transform></Transforms><DigestMethod Algorithm=\"http://www.w3.org/2001/04/xmlenc#sha256\"></DigestMethod><DigestValue>*</DigestValue></Reference><Reference URI=\"#Body\"><Transforms><Transform Algorithm=\"http://www.w3.org/2001/10/xml-exc-c14n#\"></Transform></Transforms><DigestMethod Algorithm=\"http://www.w3.org/2001/04/xmlenc#sha256\"></DigestMethod><DigestValue>*</DigestValue></Reference><Reference URI=\"#To\"><Transforms><Transform Algorithm=\"http://www.w3.org/2001/10/xml-exc-c14n#\"></Transform></Transforms><DigestMethod Algorithm=\"http://www.w3.org/2001/04/xmlenc#sha256\"></DigestMethod><DigestValue>*</DigestValue></Reference><Reference URI=\"#Action\"><Transforms><Transform Algorithm=\"http://www.w3.org/2001/10/xml-exc-c14n#\"></Transform></Transforms><DigestMethod Algorithm=\"http://www.w3.org/2001/04/xmlenc#sha256\"></DigestMethod><DigestValue>*</DigestValue></Reference><Reference URI=\"#TS\"><Transforms><Transform Algorithm=\"http://www.w3.org/2001/10/xml-exc-c14n#\"></Transform></Transforms><DigestMethod Algorithm=\"http://www.w3.org/2001/04/xmlenc#sha256\"></DigestMethod><DigestValue>*</DigestValue></Reference></SignedInfo><SignatureValue>*</SignatureValue><KeyInfo><wsse:SecurityTokenReference><wsse:Reference URI=\"#SignKey\"></wsse:Reference></wsse:SecurityTokenReference></KeyInfo></Signature><e:ReferenceList xmlns:e=\"http://www.w3.org/2001/04/xmlenc#\"><e:DataReference URI=\"#RSTR\"/><e:DataReference URI=\"#EncPsf\"/></e:ReferenceList></wsse:Security><psf:EncryptedPP><EncryptedData xmlns=\"http://www.w3.org/2001/04/xmlenc#\" Id=\"EncPsf\" Type=\"http://www.w3.org/2001/04/xmlenc#Element\"><EncryptionMethod Algorithm=\"http://www.w3.org/2001/04/xmlenc#aes256-cbc\"></EncryptionMethod><KeyInfo xmlns=\"http://www.w3.org/2000/09/xmldsig#\"><wsse:SecurityTokenReference><wsse:Reference URI=\"#EncKey\"></wsse:Reference></wsse:SecurityTokenReference></KeyInfo><CipherData><CipherValue>*</CipherValue></CipherData></EncryptedData></psf:EncryptedPP></S:Header><S:Body wsu:Id=\"Body\"><EncryptedData xmlns=\"http://www.w3.org/2001/04/xmlenc#\" Id=\"RSTR\" Type=\"http://www.w3.org/2001/04/xmlenc#Element\"><EncryptionMethod Algorithm=\"http://www.w3.org/2001/04/xmlenc#aes256-cbc\"></EncryptionMethod><KeyInfo xmlns=\"http://www.w3.org/2000/09/xmldsig#\"><wsse:SecurityTokenReference><wsse:Reference URI=\"#EncKey\"></wsse:Reference></wsse:SecurityTokenReference></KeyInfo><CipherData><CipherValue>*</CipherValue></CipherData></EncryptedData></S:Body></S:Envelope>"}
{"EventID": "6117", "Channel": "Microsoft-Windows-LiveId/Operational", "Provider_Name": "Microsoft-Windows-LiveId", "Computer": "DESKTOP-OFJ6N53", "TimeCreated": "2025-08-23 10:10:34.914246+00:00", "RecordID": "88094", "Level": "4", "UserID": "S-1-5-21-963789628-1060504924-4285088085-1001", "EventData.ResourceURI": "ads.arcct.msn.com", "EventData.Created": "2025-08-23 13:10:35", "EventData.Expires": "2025-08-24 13:10:35", "EventData.TokenType": "urn:passport:compact", "EventData.AuthRequired": "0", "EventData.RequestStatus": "0", "EventData.HasFlowUrl": "False", "EventData.HasAuthUrl": "False", "EventData.HasEndAuthUrl": "False"}
{"EventID": "6116", "Channel": "Microsoft-Windows-LiveId/Operational", "Provider_Name": "Microsoft-Windows-LiveId", "Computer": "DESKTOP-OFJ6N53", "TimeCreated": "2025-08-23 10:10:34.928602+00:00", "RecordID": "88095", "Level": "4", "UserID": "S-1-5-21-963789628-1060504924-4285088085-1001", "EventData.Value": "<S:Envelope><S:Header><wsa:Action wsu:Id=\"Action\" S:mustUnderstand=\"1\">*</wsa:Action><wsa:To wsu:Id=\"To\" S:mustUnderstand=\"1\">*</wsa:To><wsse:Security><wsu:Timestamp wsu:Id=\"TS\"><wsu:Created>2025-08-23T10:10:35Z</wsu:Created><wsu:Expires>2025-08-23T10:15:35Z</wsu:Expires></wsu:Timestamp><wssc:DerivedKeyToken wsu:Id=\"SignKey\" Algorithm=\"urn:liveid:SP800108_CTR_HMAC_SHA256_DOUBLEDERIVED\"><wsse:SecurityTokenReference><wsse:Reference URI=\"xRAq7C5pkGfoT2sFTVoUN5em8CE=\"></wsse:Reference></wsse:SecurityTokenReference><wssc:Nonce>*</wssc:Nonce></wssc:DerivedKeyToken><wssc:DerivedKeyToken wsu:Id=\"EncKey\" Algorithm=\"urn:liveid:SP800108_CTR_HMAC_SHA256_DOUBLEDERIVED\"><wsse:SecurityTokenReference><wsse:Reference URI=\"xRAq7C5pkGfoT2sFTVoUN5em8CE=\"></wsse:Reference></wsse:SecurityTokenReference><wssc:Nonce>*</wssc:Nonce></wssc:DerivedKeyToken><Signature xmlns=\"http://www.w3.org/2000/09/xmldsig#\"><SignedInfo><CanonicalizationMethod Algorithm=\"http://www.w3.org/2001/10/xml-exc-c14n#\"></CanonicalizationMethod><SignatureMethod Algorithm=\"http://www.w3.org/2001/04/xmldsig-more#hmac-sha256\"></SignatureMethod><Reference URI=\"#EncPsf\"><Transforms><Transform Algorithm=\"http://www.w3.org/2001/10/xml-exc-c14n#\"></Transform></Transforms><DigestMethod Algorithm=\"http://www.w3.org/2001/04/xmlenc#sha256\"></DigestMethod><DigestValue>*</DigestValue></Reference><Reference URI=\"#Body\"><Transforms><Transform Algorithm=\"http://www.w3.org/2001/10/xml-exc-c14n#\"></Transform></Transforms><DigestMethod Algorithm=\"http://www.w3.org/2001/04/xmlenc#sha256\"></DigestMethod><DigestValue>*</DigestValue></Reference><Reference URI=\"#To\"><Transforms><Transform Algorithm=\"http://www.w3.org/2001/10/xml-exc-c14n#\"></Transform></Transforms><DigestMethod Algorithm=\"http://www.w3.org/2001/04/xmlenc#sha256\"></DigestMethod><DigestValue>*</DigestValue></Reference><Reference URI=\"#Action\"><Transforms><Transform Algorithm=\"http://www.w3.org/2001/10/xml-exc-c14n#\"></Transform></Transforms><DigestMethod Algorithm=\"http://www.w3.org/2001/04/xmlenc#sha256\"></DigestMethod><DigestValue>*</DigestValue></Reference><Reference URI=\"#TS\"><Transforms><Transform Algorithm=\"http://www.w3.org/2001/10/xml-exc-c14n#\"></Transform></Transforms><DigestMethod Algorithm=\"http://www.w3.org/2001/04/xmlenc#sha256\"></DigestMethod><DigestValue>*</DigestValue></Reference></SignedInfo><SignatureValue>*</SignatureValue><KeyInfo><wsse:SecurityTokenReference><wsse:Reference URI=\"#SignKey\"></wsse:Reference></wsse:SecurityTokenReference></KeyInfo></Signature><e:ReferenceList xmlns:e=\"http://www.w3.org/2001/04/xmlenc#\"><e:DataReference URI=\"#RSTR\"/><e:DataReference URI=\"#EncPsf\"/></e:ReferenceList></wsse:Security><psf:EncryptedPP><EncryptedData xmlns=\"http://www.w3.org/2001/04/xmlenc#\" Id=\"EncPsf\" Type=\"http://www.w3.org/2001/04/xmlenc#Element\"><EncryptionMethod Algorithm=\"http://www.w3.org/2001/04/xmlenc#aes256-cbc\"></EncryptionMethod><KeyInfo xmlns=\"http://www.w3.org/2000/09/xmldsig#\"><wsse:SecurityTokenReference><wsse:Reference URI=\"#EncKey\"></wsse:Reference></wsse:SecurityTokenReference></KeyInfo><CipherData><CipherValue>*</CipherValue></CipherData></EncryptedData></psf:EncryptedPP></S:Header><S:Body wsu:Id=\"Body\"><EncryptedData xmlns=\"http://www.w3.org/2001/04/xmlenc#\" Id=\"RSTR\" Type=\"http://www.w3.org/2001/04/xmlenc#Element\"><EncryptionMethod Algorithm=\"http://www.w3.org/2001/04/xmlenc#aes256-cbc\"></EncryptionMethod><KeyInfo xmlns=\"http://www.w3.org/2000/09/xmldsig#\"><wsse:SecurityTokenReference><wsse:Reference URI=\"#EncKey\"></wsse:Reference></wsse:SecurityTokenReference></KeyInfo><CipherData><CipherValue>*</CipherValue></CipherData></EncryptedData></S:Body></S:Envelope>"}
{"EventID": "6117", "Channel": "Microsoft-Windows-LiveId/Operational", "Provider_Name": "Microsoft-Windows-LiveId", "Computer": "DESKTOP-OFJ6N53", "TimeCreated": "2025-08-23 10:10:34.929649+00:00", "RecordID": "88096", "Level": "4", "UserID": "S-1-5-21-963789628-1060504924-4285088085-1001", "EventData.ResourceURI": "ads.arcct.msn.com", "EventData.Created": "2025-08-23 13:10:35", "EventData.Expires": "2025-08-24 13:10:35", "EventData.TokenType": "urn:passport:compact", "EventData.AuthRequired": "0", "EventData.RequestStatus": "0", "EventData.HasFlowUrl": "False", "EventData.HasAuthUrl": "False", "EventData.HasEndAuthUrl": "False"}
{"EventID": "2024", "Channel": "Microsoft-Windows-LiveId/Operational", "Provider_Name": "Microsoft-Windows-LiveId", "Computer": "DESKTOP-OFJ6N53", "TimeCreated": "2025-08-23 10:14:30.865538+00:00", "RecordID": "88097", "Level": "4", "UserID": "S-1-5-18", "EventData.Operation": "Service stopped", "EventData.Details": "The service has stopped.", "EventData.Status": "0x00000000"}
{"EventID": "2024", "Channel": "Microsoft-Windows-LiveId/Operational", "Provider_Name": "Microsoft-Windows-LiveId", "Computer": "DESKTOP-OFJ6N53", "TimeCreated": "2025-08-23 11:30:07.606922+00:00", "RecordID": "88098", "Level": "4", "UserID": "S-1-5-18", "EventData.Operation": "Service started", "EventData.Details": "The service will auto stop if no requests received for some period of time.", "EventData.Status": "0x00000000"}
{"EventID": "6115", "Channel": "Microsoft-Windows-LiveId/Operational", "Provider_Name": "Microsoft-Windows-LiveId", "Computer": "DESKTOP-OFJ6N53", "TimeCreated": "2025-08-23 11:30:07.674036+00:00", "RecordID": "88099", "Level": "4", "UserID": "S-1-5-21-963789628-1060504924-4285088085-1001", "EventData.Value": "<s:Envelope><s:Header><wsa:Action s:mustUnderstand=\"1\">*</wsa:Action><wsa:To s:mustUnderstand=\"1\">*</wsa:To><wsa:MessageID>*</wsa:MessageID><ps:AuthInfo Id=\"PPAuthInfo\"><ps:HostingApp>{28520974-CE92-4F36-A219-3F255AF7E61E}</ps:HostingApp><ps:BinaryVersion>24</ps:BinaryVersion><ps:UIVersion>1</ps:UIVersion><ps:InlineUX>TokenBroker</ps:InlineUX><ps:IsAdmin>1</ps:IsAdmin><ps:Cookies></ps:Cookies><ps:RequestParams>AQAAAAIAAABsYwQAAAAxMDQ5</ps:RequestParams><ps:WindowsClientString>gkfodOJuvaWN7Khxeg1vNcHQNQrBSfkjx+90ZU2g55E=</ps:WindowsClientString><ps:LicenseSignatureKeyVersion>*</ps:LicenseSignatureKeyVersion><ps:ClientCapabilities>1</ps:ClientCapabilities></ps:AuthInfo><wsse:Security><EncryptedData xmlns=\"http://www.w3.org/2001/04/xmlenc#\" Id=\"devicesoftware\" Type=\"http://www.w3.org/2001/04/xmlenc#Element\"><EncryptionMethod Algorithm=\"http://www.w3.org/2001/04/xmlenc#tripledes-cbc\"></EncryptionMethod><ds:KeyInfo><ds:KeyName>http://Passport.NET/STS</ds:KeyName></ds:KeyInfo><CipherData><CipherValue>*</CipherValue></CipherData></EncryptedData><wssc:DerivedKeyToken wsu:Id=\"SignKey\" Algorithm=\"urn:liveid:SP800108_CTR_HMAC_SHA256_DOUBLEDERIVED\"><wsse:RequestedTokenReference><wsse:KeyIdentifier ValueType=\"http://docs.oasis-open.org/wss/2004/XX/oasis-2004XX-wss-saml-token-profile-1.0#SAMLAssertionID\"/><wsse:Reference URI=\"\"/></wsse:RequestedTokenReference><wssc:Nonce>*</wssc:Nonce></wssc:DerivedKeyToken><wsu:Timestamp wsu:Id=\"Timestamp\"><wsu:Created>2025-08-23T11:30:06Z</wsu:Created><wsu:Expires>2025-08-23T11:35:06Z</wsu:Expires></wsu:Timestamp><Signature xmlns=\"http://www.w3.org/2000/09/xmldsig#\"><SignedInfo><CanonicalizationMethod Algorithm=\"http://www.w3.org/2001/10/xml-exc-c14n#\"></CanonicalizationMethod><SignatureMethod Algorithm=\"http://www.w3.org/2001/04/xmldsig-more#hmac-sha256\"></SignatureMethod><Reference URI=\"#RST0\"><Transforms><Transform Algorithm=\"http://www.w3.org/2001/10/xml-exc-c14n#\"></Transform></Transforms><DigestMethod Algorithm=\"http://www.w3.org/2001/04/xmlenc#sha256\"></DigestMethod><DigestValue>*</DigestValue></Reference><Reference URI=\"#Timestamp\"><Transforms><Transform Algorithm=\"http://www.w3.org/2001/10/xml-exc-c14n#\"></Transform></Transforms><DigestMethod Algorithm=\"http://www.w3.org/2001/04/xmlenc#sha256\"></DigestMethod><DigestValue>*</DigestValue></Reference><Reference URI=\"#PPAuthInfo\"><Transforms><Transform Algorithm=\"http://www.w3.org/2001/10/xml-exc-c14n#\"></Transform></Transforms><DigestMethod Algorithm=\"http://www.w3.org/2001/04/xmlenc#sha256\"></DigestMethod><DigestValue>*</DigestValue></Reference></SignedInfo><SignatureValue>*</SignatureValue><KeyInfo><wsse:SecurityTokenReference><wsse:Reference URI=\"#SignKey\"/></wsse:SecurityTokenReference></KeyInfo></Signature></wsse:Security></s:Header><s:Body><wst:RequestSecurityToken Id=\"RST0\"><wst:RequestType>http://schemas.xmlsoap.org/ws/2005/02/trust/Issue</wst:RequestType><wsp:AppliesTo><wsa:EndpointReference><wsa:Address>dcat.update.microsoft.com</wsa:Address></wsa:EndpointReference></wsp:AppliesTo><wsp:PolicyReference URI=\"MBI_SSL\"></wsp:PolicyReference></wst:RequestSecurityToken></s:Body></s:Envelope>"}
{"EventID": "6116", "Channel": "Microsoft-Windows-LiveId/Operational", "Provider_Name": "Microsoft-Windows-LiveId", "Computer": "DESKTOP-OFJ6N53", "TimeCreated": "2025-08-23 11:30:08.506784+00:00", "RecordID": "88100", "Level": "4", "UserID": "S-1-5-21-963789628-1060504924-4285088085-1001", "EventData.Value": "<S:Envelope><S:Header><wsa:Action wsu:Id=\"Action\" S:mustUnderstand=\"1\">*</wsa:Action><wsa:To wsu:Id=\"To\" S:mustUnderstand=\"1\">*</wsa:To><wsse:Security><wsu:Timestamp wsu:Id=\"TS\"><wsu:Created>2025-08-23T11:30:09Z</wsu:Created><wsu:Expires>2025-08-23T11:35:09Z</wsu:Expires></wsu:Timestamp><wssc:DerivedKeyToken wsu:Id=\"SignKey\" Algorithm=\"urn:liveid:SP800108_CTR_HMAC_SHA256_DOUBLEDERIVED\"><wsse:SecurityTokenReference><wsse:Reference URI=\"xRAq7C5pkGfoT2sFTVoUN5em8CE=\"></wsse:Reference></wsse:SecurityTokenReference><wssc:Nonce>*</wssc:Nonce></wssc:DerivedKeyToken><wssc:DerivedKeyToken wsu:Id=\"EncKey\" Algorithm=\"urn:liveid:SP800108_CTR_HMAC_SHA256_DOUBLEDERIVED\"><wsse:SecurityTokenReference><wsse:Reference URI=\"xRAq7C5pkGfoT2sFTVoUN5em8CE=\"></wsse:Reference></wsse:SecurityTokenReference><wssc:Nonce>*</wssc:Nonce></wssc:DerivedKeyToken><Signature xmlns=\"http://www.w3.org/2000/09/xmldsig#\"><SignedInfo><CanonicalizationMethod Algorithm=\"http://www.w3.org/2001/10/xml-exc-c14n#\"></CanonicalizationMethod><SignatureMethod Algorithm=\"http://www.w3.org/2001/04/xmldsig-more#hmac-sha256\"></SignatureMethod><Reference URI=\"#EncPsf\"><Transforms><Transform Algorithm=\"http://www.w3.org/2001/10/xml-exc-c14n#\"></Transform></Transforms><DigestMethod Algorithm=\"http://www.w3.org/2001/04/xmlenc#sha256\"></DigestMethod><DigestValue>*</DigestValue></Reference><Reference URI=\"#Body\"><Transforms><Transform Algorithm=\"http://www.w3.org/2001/10/xml-exc-c14n#\"></Transform></Transforms><DigestMethod Algorithm=\"http://www.w3.org/2001/04/xmlenc#sha256\"></DigestMethod><DigestValue>*</DigestValue></Reference><Reference URI=\"#To\"><Transforms><Transform Algorithm=\"http://www.w3.org/2001/10/xml-exc-c14n#\"></Transform></Transforms><DigestMethod Algorithm=\"http://www.w3.org/2001/04/xmlenc#sha256\"></DigestMethod><DigestValue>*</DigestValue></Reference><Reference URI=\"#Action\"><Transforms><Transform Algorithm=\"http://www.w3.org/2001/10/xml-exc-c14n#\"></Transform></Transforms><DigestMethod Algorithm=\"http://www.w3.org/2001/04/xmlenc#sha256\"></DigestMethod><DigestValue>*</DigestValue></Reference><Reference URI=\"#TS\"><Transforms><Transform Algorithm=\"http://www.w3.org/2001/10/xml-exc-c14n#\"></Transform></Transforms><DigestMethod Algorithm=\"http://www.w3.org/2001/04/xmlenc#sha256\"></DigestMethod><DigestValue>*</DigestValue></Reference></SignedInfo><SignatureValue>*</SignatureValue><KeyInfo><wsse:SecurityTokenReference><wsse:Reference URI=\"#SignKey\"></wsse:Reference></wsse:SecurityTokenReference></KeyInfo></Signature><e:ReferenceList xmlns:e=\"http://www.w3.org/2001/04/xmlenc#\"><e:DataReference URI=\"#RSTR\"/><e:DataReference URI=\"#EncPsf\"/></e:ReferenceList></wsse:Security><psf:EncryptedPP><EncryptedData xmlns=\"http://www.w3.org/2001/04/xmlenc#\" Id=\"EncPsf\" Type=\"http://www.w3.org/2001/04/xmlenc#Element\"><EncryptionMethod Algorithm=\"http://www.w3.org/2001/04/xmlenc#aes256-cbc\"></EncryptionMethod><KeyInfo xmlns=\"http://www.w3.org/2000/09/xmldsig#\"><wsse:SecurityTokenReference><wsse:Reference URI=\"#EncKey\"></wsse:Reference></wsse:SecurityTokenReference></KeyInfo><CipherData><CipherValue>*</CipherValue></CipherData></EncryptedData></psf:EncryptedPP></S:Header><S:Body wsu:Id=\"Body\"><EncryptedData xmlns=\"http://www.w3.org/2001/04/xmlenc#\" Id=\"RSTR\" Type=\"http://www.w3.org/2001/04/xmlenc#Element\"><EncryptionMethod Algorithm=\"http://www.w3.org/2001/04/xmlenc#aes256-cbc\"></EncryptionMethod><KeyInfo xmlns=\"http://www.w3.org/2000/09/xmldsig#\"><wsse:SecurityTokenReference><wsse:Reference URI=\"#EncKey\"></wsse:Reference></wsse:SecurityTokenReference></KeyInfo><CipherData><CipherValue>*</CipherValue></CipherData></EncryptedData></S:Body></S:Envelope>"}
{"EventID": "6117", "Channel": "Microsoft-Windows-LiveId/Operational", "Provider_Name": "Microsoft-Windows-LiveId", "Computer": "DESKTOP-OFJ6N53", "TimeCreated": "2025-08-23 11:30:08.515539+00:00", "RecordID": "88101", "Level": "4", "UserID": "S-1-5-21-963789628-1060504924-4285088085-1001", "EventData.ResourceURI": "dcat.update.microsoft.com", "EventData.Created": "2025-08-23 14:30:09", "EventData.Expires": "2025-08-24 14:30:09", "EventData.TokenType": "urn:passport:delegationcompact", "EventData.AuthRequired": "0", "EventData.RequestStatus": "0", "EventData.HasFlowUrl": "False", "EventData.HasAuthUrl": "False", "EventData.HasEndAuthUrl": "False"}
{"EventID": "2024", "Channel": "Microsoft-Windows-LiveId/Operational", "Provider_Name": "Microsoft-Windows-LiveId", "Computer": "DESKTOP-OFJ6N53", "TimeCreated": "2025-08-23 11:33:08.575603+00:00", "RecordID": "88102", "Level": "4", "UserID": "S-1-5-18", "EventData.Operation": "Service stopped", "EventData.Details": "The service has stopped.", "EventData.Status": "0x00000000"}
{"EventID": "2024", "Channel": "Microsoft-Windows-LiveId/Operational", "Provider_Name": "Microsoft-Windows-LiveId", "Computer": "DESKTOP-OFJ6N53", "TimeCreated": "2025-08-23 11:41:08.918224+00:00", "RecordID": "88103", "Level": "4", "UserID": "S-1-5-18", "EventData.Operation": "Service started", "EventData.Details": "The service will auto stop if no requests received for some period of time.", "EventData.Status": "0x00000000"}
{"EventID": "6115", "Channel": "Microsoft-Windows-LiveId/Operational", "Provider_Name": "Microsoft-Windows-LiveId", "Computer": "DESKTOP-OFJ6N53", "TimeCreated": "2025-08-23 11:41:08.995766+00:00", "RecordID": "88104", "Level": "4", "UserID": "S-1-5-21-963789628-1060504924-4285088085-1001", "EventData.Value": "<s:Envelope><s:Header><wsa:Action s:mustUnderstand=\"1\">*</wsa:Action><wsa:To s:mustUnderstand=\"1\">*</wsa:To><wsa:MessageID>*</wsa:MessageID><ps:AuthInfo Id=\"PPAuthInfo\"><ps:HostingApp>{fc177c6f-a3d6-4bb0-b1fa-23d0cd9b005d}</ps:HostingApp><ps:BinaryVersion>24</ps:BinaryVersion><ps:UIVersion>1</ps:UIVersion><ps:InlineUX>TokenBroker</ps:InlineUX><ps:IsAdmin>1</ps:IsAdmin><ps:PackageSID>S-1-15-2-536077884-713174666-1066051701-3219990555-339840825-1966734348-1611281757</ps:PackageSID><ps:Cookies></ps:Cookies><ps:RequestParams>AQAAAAIAAABsYwQAAAAxMDQ5</ps:RequestParams><ps:WindowsClientString>gkfodOJuvaWN7Khxeg1vNcHQNQrBSfkjx+90ZU2g55E=</ps:WindowsClientString><ps:LicenseSignatureKeyVersion>*</ps:LicenseSignatureKeyVersion><ps:ClientCapabilities>1</ps:ClientCapabilities></ps:AuthInfo><wsse:Security><EncryptedData xmlns=\"http://www.w3.org/2001/04/xmlenc#\" Id=\"devicesoftware\" Type=\"http://www.w3.org/2001/04/xmlenc#Element\"><EncryptionMethod Algorithm=\"http://www.w3.org/2001/04/xmlenc#tripledes-cbc\"></EncryptionMethod><ds:KeyInfo><ds:KeyName>http://Passport.NET/STS</ds:KeyName></ds:KeyInfo><CipherData><CipherValue>*</CipherValue></CipherData></EncryptedData><wssc:DerivedKeyToken wsu:Id=\"SignKey\" Algorithm=\"urn:liveid:SP800108_CTR_HMAC_SHA256_DOUBLEDERIVED\"><wsse:RequestedTokenReference><wsse:KeyIdentifier ValueType=\"http://docs.oasis-open.org/wss/2004/XX/oasis-2004XX-wss-saml-token-profile-1.0#SAMLAssertionID\"/><wsse:Reference URI=\"\"/></wsse:RequestedTokenReference><wssc:Nonce>*</wssc:Nonce></wssc:DerivedKeyToken><wsu:Timestamp wsu:Id=\"Timestamp\"><wsu:Created>2025-08-23T11:41:07Z</wsu:Created><wsu:Expires>2025-08-23T11:46:07Z</wsu:Expires></wsu:Timestamp><Signature xmlns=\"http://www.w3.org/2000/09/xmldsig#\"><SignedInfo><CanonicalizationMethod Algorithm=\"http://www.w3.org/2001/10/xml-exc-c14n#\"></CanonicalizationMethod><SignatureMethod Algorithm=\"http://www.w3.org/2001/04/xmldsig-more#hmac-sha256\"></SignatureMethod><Reference URI=\"#RST0\"><Transforms><Transform Algorithm=\"http://www.w3.org/2001/10/xml-exc-c14n#\"></Transform></Transforms><DigestMethod Algorithm=\"http://www.w3.org/2001/04/xmlenc#sha256\"></DigestMethod><DigestValue>*</DigestValue></Reference><Reference URI=\"#Timestamp\"><Transforms><Transform Algorithm=\"http://www.w3.org/2001/10/xml-exc-c14n#\"></Transform></Transforms><DigestMethod Algorithm=\"http://www.w3.org/2001/04/xmlenc#sha256\"></DigestMethod><DigestValue>*</DigestValue></Reference><Reference URI=\"#PPAuthInfo\"><Transforms><Transform Algorithm=\"http://www.w3.org/2001/10/xml-exc-c14n#\"></Transform></Transforms><DigestMethod Algorithm=\"http://www.w3.org/2001/04/xmlenc#sha256\"></DigestMethod><DigestValue>*</DigestValue></Reference></SignedInfo><SignatureValue>*</SignatureValue><KeyInfo><wsse:SecurityTokenReference><wsse:Reference URI=\"#SignKey\"/></wsse:SecurityTokenReference></KeyInfo></Signature></wsse:Security></s:Header><s:Body><wst:RequestSecurityToken Id=\"RST0\"><wst:RequestType>http://schemas.xmlsoap.org/ws/2005/02/trust/Issue</wst:RequestType><wsp:AppliesTo><wsa:EndpointReference><wsa:Address>cortana.bing.com</wsa:Address></wsa:EndpointReference></wsp:AppliesTo><wsp:PolicyReference URI=\"MBI_SSL\"></wsp:PolicyReference></wst:RequestSecurityToken></s:Body></s:Envelope>"}
{"EventID": "6116", "Channel": "Microsoft-Windows-LiveId/Operational", "Provider_Name": "Microsoft-Windows-LiveId", "Computer": "DESKTOP-OFJ6N53", "TimeCreated": "2025-08-23 11:41:09.395071+00:00", "RecordID": "88105", "Level": "4", "UserID": "S-1-5-21-963789628-1060504924-4285088085-1001", "EventData.Value": "<S:Envelope><S:Header><wsa:Action wsu:Id=\"Action\" S:mustUnderstand=\"1\">*</wsa:Action><wsa:To wsu:Id=\"To\" S:mustUnderstand=\"1\">*</wsa:To><wsse:Security><wsu:Timestamp wsu:Id=\"TS\"><wsu:Created>2025-08-23T11:41:10Z</wsu:Created><wsu:Expires>2025-08-23T11:46:10Z</wsu:Expires></wsu:Timestamp><wssc:DerivedKeyToken wsu:Id=\"SignKey\" Algorithm=\"urn:liveid:SP800108_CTR_HMAC_SHA256_DOUBLEDERIVED\"><wsse:SecurityTokenReference><wsse:Reference URI=\"xRAq7C5pkGfoT2sFTVoUN5em8CE=\"></wsse:Reference></wsse:SecurityTokenReference><wssc:Nonce>*</wssc:Nonce></wssc:DerivedKeyToken><wssc:DerivedKeyToken wsu:Id=\"EncKey\" Algorithm=\"urn:liveid:SP800108_CTR_HMAC_SHA256_DOUBLEDERIVED\"><wsse:SecurityTokenReference><wsse:Reference URI=\"xRAq7C5pkGfoT2sFTVoUN5em8CE=\"></wsse:Reference></wsse:SecurityTokenReference><wssc:Nonce>*</wssc:Nonce></wssc:DerivedKeyToken><Signature xmlns=\"http://www.w3.org/2000/09/xmldsig#\"><SignedInfo><CanonicalizationMethod Algorithm=\"http://www.w3.org/2001/10/xml-exc-c14n#\"></CanonicalizationMethod><SignatureMethod Algorithm=\"http://www.w3.org/2001/04/xmldsig-more#hmac-sha256\"></SignatureMethod><Reference URI=\"#EncPsf\"><Transforms><Transform Algorithm=\"http://www.w3.org/2001/10/xml-exc-c14n#\"></Transform></Transforms><DigestMethod Algorithm=\"http://www.w3.org/2001/04/xmlenc#sha256\"></DigestMethod><DigestValue>*</DigestValue></Reference><Reference URI=\"#Body\"><Transforms><Transform Algorithm=\"http://www.w3.org/2001/10/xml-exc-c14n#\"></Transform></Transforms><DigestMethod Algorithm=\"http://www.w3.org/2001/04/xmlenc#sha256\"></DigestMethod><DigestValue>*</DigestValue></Reference><Reference URI=\"#To\"><Transforms><Transform Algorithm=\"http://www.w3.org/2001/10/xml-exc-c14n#\"></Transform></Transforms><DigestMethod Algorithm=\"http://www.w3.org/2001/04/xmlenc#sha256\"></DigestMethod><DigestValue>*</DigestValue></Reference><Reference URI=\"#Action\"><Transforms><Transform Algorithm=\"http://www.w3.org/2001/10/xml-exc-c14n#\"></Transform></Transforms><DigestMethod Algorithm=\"http://www.w3.org/2001/04/xmlenc#sha256\"></DigestMethod><DigestValue>*</DigestValue></Reference><Reference URI=\"#TS\"><Transforms><Transform Algorithm=\"http://www.w3.org/2001/10/xml-exc-c14n#\"></Transform></Transforms><DigestMethod Algorithm=\"http://www.w3.org/2001/04/xmlenc#sha256\"></DigestMethod><DigestValue>*</DigestValue></Reference></SignedInfo><SignatureValue>*</SignatureValue><KeyInfo><wsse:SecurityTokenReference><wsse:Reference URI=\"#SignKey\"></wsse:Reference></wsse:SecurityTokenReference></KeyInfo></Signature><e:ReferenceList xmlns:e=\"http://www.w3.org/2001/04/xmlenc#\"><e:DataReference URI=\"#RSTR\"/><e:DataReference URI=\"#EncPsf\"/></e:ReferenceList></wsse:Security><psf:EncryptedPP><EncryptedData xmlns=\"http://www.w3.org/2001/04/xmlenc#\" Id=\"EncPsf\" Type=\"http://www.w3.org/2001/04/xmlenc#Element\"><EncryptionMethod Algorithm=\"http://www.w3.org/2001/04/xmlenc#aes256-cbc\"></EncryptionMethod><KeyInfo xmlns=\"http://www.w3.org/2000/09/xmldsig#\"><wsse:SecurityTokenReference><wsse:Reference URI=\"#EncKey\"></wsse:Reference></wsse:SecurityTokenReference></KeyInfo><CipherData><CipherValue>*</CipherValue></CipherData></EncryptedData></psf:EncryptedPP></S:Header><S:Body wsu:Id=\"Body\"><EncryptedData xmlns=\"http://www.w3.org/2001/04/xmlenc#\" Id=\"RSTR\" Type=\"http://www.w3.org/2001/04/xmlenc#Element\"><EncryptionMethod Algorithm=\"http://www.w3.org/2001/04/xmlenc#aes256-cbc\"></EncryptionMethod><KeyInfo xmlns=\"http://www.w3.org/2000/09/xmldsig#\"><wsse:SecurityTokenReference><wsse:Reference URI=\"#EncKey\"></wsse:Reference></wsse:SecurityTokenReference></KeyInfo><CipherData><CipherValue>*</CipherValue></CipherData></EncryptedData></S:Body></S:Envelope>"}
{"EventID": "6117", "Channel": "Microsoft-Windows-LiveId/Operational", "Provider_Name": "Microsoft-Windows-LiveId", "Computer": "DESKTOP-OFJ6N53", "TimeCreated": "2025-08-23 11:41:09.403214+00:00", "RecordID": "88106", "Level": "4", "UserID": "S-1-5-21-963789628-1060504924-4285088085-1001", "EventData.ResourceURI": "cortana.bing.com", "EventData.Created": "2025-08-23 14:41:10", "EventData.Expires": "2025-08-24 14:41:10", "EventData.TokenType": "urn:passport:compact", "EventData.AuthRequired": "0", "EventData.RequestStatus": "0", "EventData.HasFlowUrl": "False", "EventData.HasAuthUrl": "False", "EventData.HasEndAuthUrl": "False"}
{"EventID": "2024", "Channel": "Microsoft-Windows-LiveId/Operational", "Provider_Name": "Microsoft-Windows-LiveId", "Computer": "DESKTOP-OFJ6N53", "TimeCreated": "2025-08-23 11:45:08.933186+00:00", "RecordID": "88107", "Level": "4", "UserID": "S-1-5-18", "EventData.Operation": "Service stopped", "EventData.Details": "The service has stopped.", "EventData.Status": "0x00000000"}
{"EventID": "2024", "Channel": "Microsoft-Windows-LiveId/Operational", "Provider_Name": "Microsoft-Windows-LiveId", "Computer": "DESKTOP-OFJ6N53", "TimeCreated": "2025-08-23 13:02:44.308186+00:00", "RecordID": "88108", "Level": "4", "UserID": "S-1-5-18", "EventData.Operation": "Service started", "EventData.Details": "The service will auto stop if no requests received for some period of time.", "EventData.Status": "0x00000000"}
{"EventID": "6115", "Channel": "Microsoft-Windows-LiveId/Operational", "Provider_Name": "Microsoft-Windows-LiveId", "Computer": "DESKTOP-OFJ6N53", "TimeCreated": "2025-08-23 13:02:44.365498+00:00", "RecordID": "88109", "Level": "4", "UserID": "S-1-5-18", "EventData.Value": "<s:Envelope><s:Header><wsa:Action s:mustUnderstand=\"1\">*</wsa:Action><wsa:To s:mustUnderstand=\"1\">*</wsa:To><wsa:MessageID>*</wsa:MessageID><ps:AuthInfo Id=\"PPAuthInfo\"><ps:HostingApp>{D80D1001-5B38-49E9-9D34-EC9B84779189}</ps:HostingApp><ps:BinaryVersion>24</ps:BinaryVersion><ps:UIVersion>1</ps:UIVersion><ps:InlineUX>TokenBroker</ps:InlineUX><ps:IsAdmin>1</ps:IsAdmin><ps:Cookies></ps:Cookies><ps:RequestParams>AQAAAAIAAABsYwQAAAAxMDQ5</ps:RequestParams><ps:WindowsClientString>gkfodOJuvaWN7Khxeg1vNcHQNQrBSfkjx+90ZU2g55E=</ps:WindowsClientString><ps:LicenseSignatureKeyVersion>*</ps:LicenseSignatureKeyVersion><ps:ClientCapabilities>1</ps:ClientCapabilities></ps:AuthInfo><wsse:Security><EncryptedData xmlns=\"http://www.w3.org/2001/04/xmlenc#\" Id=\"devicesoftware\" Type=\"http://www.w3.org/2001/04/xmlenc#Element\"><EncryptionMethod Algorithm=\"http://www.w3.org/2001/04/xmlenc#tripledes-cbc\"></EncryptionMethod><ds:KeyInfo><ds:KeyName>http://Passport.NET/STS</ds:KeyName></ds:KeyInfo><CipherData><CipherValue>*</CipherValue></CipherData></EncryptedData><wssc:DerivedKeyToken wsu:Id=\"SignKey\" Algorithm=\"urn:liveid:SP800108_CTR_HMAC_SHA256_DOUBLEDERIVED\"><wsse:RequestedTokenReference><wsse:KeyIdentifier ValueType=\"http://docs.oasis-open.org/wss/2004/XX/oasis-2004XX-wss-saml-token-profile-1.0#SAMLAssertionID\"/><wsse:Reference URI=\"\"/></wsse:RequestedTokenReference><wssc:Nonce>*</wssc:Nonce></wssc:DerivedKeyToken><wsu:Timestamp wsu:Id=\"Timestamp\"><wsu:Created>2025-08-23T13:02:43Z</wsu:Created><wsu:Expires>2025-08-23T13:07:43Z</wsu:Expires></wsu:Timestamp><Signature xmlns=\"http://www.w3.org/2000/09/xmldsig#\"><SignedInfo><CanonicalizationMethod Algorithm=\"http://www.w3.org/2001/10/xml-exc-c14n#\"></CanonicalizationMethod><SignatureMethod Algorithm=\"http://www.w3.org/2001/04/xmldsig-more#hmac-sha256\"></SignatureMethod><Reference URI=\"#RST0\"><Transforms><Transform Algorithm=\"http://www.w3.org/2001/10/xml-exc-c14n#\"></Transform></Transforms><DigestMethod Algorithm=\"http://www.w3.org/2001/04/xmlenc#sha256\"></DigestMethod><DigestValue>*</DigestValue></Reference><Reference URI=\"#Timestamp\"><Transforms><Transform Algorithm=\"http://www.w3.org/2001/10/xml-exc-c14n#\"></Transform></Transforms><DigestMethod Algorithm=\"http://www.w3.org/2001/04/xmlenc#sha256\"></DigestMethod><DigestValue>*</DigestValue></Reference><Reference URI=\"#PPAuthInfo\"><Transforms><Transform Algorithm=\"http://www.w3.org/2001/10/xml-exc-c14n#\"></Transform></Transforms><DigestMethod Algorithm=\"http://www.w3.org/2001/04/xmlenc#sha256\"></DigestMethod><DigestValue>*</DigestValue></Reference></SignedInfo><SignatureValue>*</SignatureValue><KeyInfo><wsse:SecurityTokenReference><wsse:Reference URI=\"#SignKey\"/></wsse:SecurityTokenReference></KeyInfo></Signature></wsse:Security></s:Header><s:Body><wst:RequestSecurityToken Id=\"RST0\"><wst:RequestType>http://schemas.xmlsoap.org/ws/2005/02/trust/Issue</wst:RequestType><wsp:AppliesTo><wsa:EndpointReference><wsa:Address>wns.windows.com</wsa:Address></wsa:EndpointReference></wsp:AppliesTo><wsp:PolicyReference URI=\"MBI_SSL\"></wsp:PolicyReference></wst:RequestSecurityToken></s:Body></s:Envelope>"}
{"EventID": "6116", "Channel": "Microsoft-Windows-LiveId/Operational", "Provider_Name": "Microsoft-Windows-LiveId", "Computer": "DESKTOP-OFJ6N53", "TimeCreated": "2025-08-23 13:02:44.900009+00:00", "RecordID": "88110", "Level": "4", "UserID": "S-1-5-18", "EventData.Value": "<S:Envelope><S:Header><wsa:Action wsu:Id=\"Action\" S:mustUnderstand=\"1\">*</wsa:Action><wsa:To wsu:Id=\"To\" S:mustUnderstand=\"1\">*</wsa:To><wsse:Security><wsu:Timestamp wsu:Id=\"TS\"><wsu:Created>2025-08-23T13:02:46Z</wsu:Created><wsu:Expires>2025-08-23T13:07:46Z</wsu:Expires></wsu:Timestamp><wssc:DerivedKeyToken wsu:Id=\"SignKey\" Algorithm=\"urn:liveid:SP800108_CTR_HMAC_SHA256_DOUBLEDERIVED\"><wsse:SecurityTokenReference><wsse:Reference URI=\"BjqSnjIiAfqUtYMNT4mVXNvnf+Y=\"></wsse:Reference></wsse:SecurityTokenReference><wssc:Nonce>*</wssc:Nonce></wssc:DerivedKeyToken><wssc:DerivedKeyToken wsu:Id=\"EncKey\" Algorithm=\"urn:liveid:SP800108_CTR_HMAC_SHA256_DOUBLEDERIVED\"><wsse:SecurityTokenReference><wsse:Reference URI=\"BjqSnjIiAfqUtYMNT4mVXNvnf+Y=\"></wsse:Reference></wsse:SecurityTokenReference><wssc:Nonce>*</wssc:Nonce></wssc:DerivedKeyToken><Signature xmlns=\"http://www.w3.org/2000/09/xmldsig#\"><SignedInfo><CanonicalizationMethod Algorithm=\"http://www.w3.org/2001/10/xml-exc-c14n#\"></CanonicalizationMethod><SignatureMethod Algorithm=\"http://www.w3.org/2001/04/xmldsig-more#hmac-sha256\"></SignatureMethod><Reference URI=\"#EncPsf\"><Transforms><Transform Algorithm=\"http://www.w3.org/2001/10/xml-exc-c14n#\"></Transform></Transforms><DigestMethod Algorithm=\"http://www.w3.org/2001/04/xmlenc#sha256\"></DigestMethod><DigestValue>*</DigestValue></Reference><Reference URI=\"#Body\"><Transforms><Transform Algorithm=\"http://www.w3.org/2001/10/xml-exc-c14n#\"></Transform></Transforms><DigestMethod Algorithm=\"http://www.w3.org/2001/04/xmlenc#sha256\"></DigestMethod><DigestValue>*</DigestValue></Reference><Reference URI=\"#To\"><Transforms><Transform Algorithm=\"http://www.w3.org/2001/10/xml-exc-c14n#\"></Transform></Transforms><DigestMethod Algorithm=\"http://www.w3.org/2001/04/xmlenc#sha256\"></DigestMethod><DigestValue>*</DigestValue></Reference><Reference URI=\"#Action\"><Transforms><Transform Algorithm=\"http://www.w3.org/2001/10/xml-exc-c14n#\"></Transform></Transforms><DigestMethod Algorithm=\"http://www.w3.org/2001/04/xmlenc#sha256\"></DigestMethod><DigestValue>*</DigestValue></Reference><Reference URI=\"#TS\"><Transforms><Transform Algorithm=\"http://www.w3.org/2001/10/xml-exc-c14n#\"></Transform></Transforms><DigestMethod Algorithm=\"http://www.w3.org/2001/04/xmlenc#sha256\"></DigestMethod><DigestValue>*</DigestValue></Reference></SignedInfo><SignatureValue>*</SignatureValue><KeyInfo><wsse:SecurityTokenReference><wsse:Reference URI=\"#SignKey\"></wsse:Reference></wsse:SecurityTokenReference></KeyInfo></Signature><e:ReferenceList xmlns:e=\"http://www.w3.org/2001/04/xmlenc#\"><e:DataReference URI=\"#RSTR\"/><e:DataReference URI=\"#EncPsf\"/></e:ReferenceList></wsse:Security><psf:EncryptedPP><EncryptedData xmlns=\"http://www.w3.org/2001/04/xmlenc#\" Id=\"EncPsf\" Type=\"http://www.w3.org/2001/04/xmlenc#Element\"><EncryptionMethod Algorithm=\"http://www.w3.org/2001/04/xmlenc#aes256-cbc\"></EncryptionMethod><KeyInfo xmlns=\"http://www.w3.org/2000/09/xmldsig#\"><wsse:SecurityTokenReference><wsse:Reference URI=\"#EncKey\"></wsse:Reference></wsse:SecurityTokenReference></KeyInfo><CipherData><CipherValue>*</CipherValue></CipherData></EncryptedData></psf:EncryptedPP></S:Header><S:Body wsu:Id=\"Body\"><EncryptedData xmlns=\"http://www.w3.org/2001/04/xmlenc#\" Id=\"RSTR\" Type=\"http://www.w3.org/2001/04/xmlenc#Element\"><EncryptionMethod Algorithm=\"http://www.w3.org/2001/04/xmlenc#aes256-cbc\"></EncryptionMethod><KeyInfo xmlns=\"http://www.w3.org/2000/09/xmldsig#\"><wsse:SecurityTokenReference><wsse:Reference URI=\"#EncKey\"></wsse:Reference></wsse:SecurityTokenReference></KeyInfo><CipherData><CipherValue>*</CipherValue></CipherData></EncryptedData></S:Body></S:Envelope>"}
{"EventID": "6117", "Channel": "Microsoft-Windows-LiveId/Operational", "Provider_Name": "Microsoft-Windows-LiveId", "Computer": "DESKTOP-OFJ6N53", "TimeCreated": "2025-08-23 13:02:44.907406+00:00", "RecordID": "88111", "Level": "4", "UserID": "S-1-5-18", "EventData.ResourceURI": "wns.windows.com", "EventData.Created": "2025-08-23 16:02:46", "EventData.Expires": "2025-08-24 16:02:45", "EventData.TokenType": "urn:passport:compact", "EventData.AuthRequired": "0", "EventData.RequestStatus": "0", "EventData.HasFlowUrl": "False", "EventData.HasAuthUrl": "False", "EventData.HasEndAuthUrl": "False"}
{"EventID": "2024", "Channel": "Microsoft-Windows-LiveId/Operational", "Provider_Name": "Microsoft-Windows-LiveId", "Computer": "DESKTOP-OFJ6N53", "TimeCreated": "2025-08-23 13:05:45.193316+00:00", "RecordID": "88112", "Level": "4", "UserID": "S-1-5-18", "EventData.Operation": "Service stopped", "EventData.Details": "The service has stopped.", "EventData.Status": "0x00000000"}
{"EventID": "2024", "Channel": "Microsoft-Windows-LiveId/Operational", "Provider_Name": "Microsoft-Windows-LiveId", "Computer": "DESKTOP-OFJ6N53", "TimeCreated": "2025-08-23 13:10:19.673983+00:00", "RecordID": "88113", "Level": "4", "UserID": "S-1-5-18", "EventData.Operation": "Service started", "EventData.Details": "The service will auto stop if no requests received for some period of time.", "EventData.Status": "0x00000000"}
{"EventID": "6115", "Channel": "Microsoft-Windows-LiveId/Operational", "Provider_Name": "Microsoft-Windows-LiveId", "Computer": "DESKTOP-OFJ6N53", "TimeCreated": "2025-08-23 13:10:19.796387+00:00", "RecordID": "88114", "Level": "4", "UserID": "S-1-5-18", "EventData.Value": "<s:Envelope><s:Header><wsa:Action s:mustUnderstand=\"1\">*</wsa:Action><wsa:To s:mustUnderstand=\"1\">*</wsa:To><wsa:MessageID>*</wsa:MessageID><ps:AuthInfo Id=\"PPAuthInfo\"><ps:HostingApp>{67082621-8D18-4333-9C64-10DE93676363}</ps:HostingApp><ps:BinaryVersion>24</ps:BinaryVersion><ps:UIVersion>1</ps:UIVersion><ps:InlineUX>TokenBroker</ps:InlineUX><ps:IsAdmin>1</ps:IsAdmin><ps:Cookies></ps:Cookies><ps:RequestParams>AQAAAAIAAABsYwQAAAAxMDQ5</ps:RequestParams><ps:WindowsClientString>gkfodOJuvaWN7Khxeg1vNcHQNQrBSfkjx+90ZU2g55E=</ps:WindowsClientString><ps:LicenseSignatureKeyVersion>*</ps:LicenseSignatureKeyVersion><ps:ClientCapabilities>1</ps:ClientCapabilities></ps:AuthInfo><wsse:Security><EncryptedData xmlns=\"http://www.w3.org/2001/04/xmlenc#\" Id=\"devicesoftware\" Type=\"http://www.w3.org/2001/04/xmlenc#Element\"><EncryptionMethod Algorithm=\"http://www.w3.org/2001/04/xmlenc#tripledes-cbc\"></EncryptionMethod><ds:KeyInfo><ds:KeyName>http://Passport.NET/STS</ds:KeyName></ds:KeyInfo><CipherData><CipherValue>*</CipherValue></CipherData></EncryptedData><wssc:DerivedKeyToken wsu:Id=\"SignKey\" Algorithm=\"urn:liveid:SP800108_CTR_HMAC_SHA256_DOUBLEDERIVED\"><wsse:RequestedTokenReference><wsse:KeyIdentifier ValueType=\"http://docs.oasis-open.org/wss/2004/XX/oasis-2004XX-wss-saml-token-profile-1.0#SAMLAssertionID\"/><wsse:Reference URI=\"\"/></wsse:RequestedTokenReference><wssc:Nonce>*</wssc:Nonce></wssc:DerivedKeyToken><wsu:Timestamp wsu:Id=\"Timestamp\"><wsu:Created>2025-08-23T13:10:18Z</wsu:Created><wsu:Expires>2025-08-23T13:15:18Z</wsu:Expires></wsu:Timestamp><Signature xmlns=\"http://www.w3.org/2000/09/xmldsig#\"><SignedInfo><CanonicalizationMethod Algorithm=\"http://www.w3.org/2001/10/xml-exc-c14n#\"></CanonicalizationMethod><SignatureMethod Algorithm=\"http://www.w3.org/2001/04/xmldsig-more#hmac-sha256\"></SignatureMethod><Reference URI=\"#RST0\"><Transforms><Transform Algorithm=\"http://www.w3.org/2001/10/xml-exc-c14n#\"></Transform></Transforms><DigestMethod Algorithm=\"http://www.w3.org/2001/04/xmlenc#sha256\"></DigestMethod><DigestValue>*</DigestValue></Reference><Reference URI=\"#Timestamp\"><Transforms><Transform Algorithm=\"http://www.w3.org/2001/10/xml-exc-c14n#\"></Transform></Transforms><DigestMethod Algorithm=\"http://www.w3.org/2001/04/xmlenc#sha256\"></DigestMethod><DigestValue>*</DigestValue></Reference><Reference URI=\"#PPAuthInfo\"><Transforms><Transform Algorithm=\"http://www.w3.org/2001/10/xml-exc-c14n#\"></Transform></Transforms><DigestMethod Algorithm=\"http://www.w3.org/2001/04/xmlenc#sha256\"></DigestMethod><DigestValue>*</DigestValue></Reference></SignedInfo><SignatureValue>*</SignatureValue><KeyInfo><wsse:SecurityTokenReference><wsse:Reference URI=\"#SignKey\"/></wsse:SecurityTokenReference></KeyInfo></Signature></wsse:Security></s:Header><s:Body><wst:RequestSecurityToken Id=\"RST0\"><wst:RequestType>http://schemas.xmlsoap.org/ws/2005/02/trust/Issue</wst:RequestType><wsp:AppliesTo><wsa:EndpointReference><wsa:Address>https://watson.telemetry.microsoft.com</wsa:Address></wsa:EndpointReference></wsp:AppliesTo><wsp:PolicyReference URI=\"MBI_SSL\"></wsp:PolicyReference></wst:RequestSecurityToken></s:Body></s:Envelope>"}
