{"EventID": "115", "Channel": "Microsoft-Windows-Diagnosis-DPS/Operational", "Provider_Name": "Microsoft-Windows-Diagnosis-DPS", "Computer": "DESKTOP-OFJ6N53", "TimeCreated": "2025-04-07 05:41:19.749479+00:00", "RecordID": "3785", "Level": "4", "UserID": "S-1-5-19", "EventData.ScenarioId": "{180b3a99-8c39-4f12-b631-2031998efe45}", "EventData.InstanceId": "{2c6b08aa-8a88-4036-a8d9-891c6d7873da}", "EventData.OriginalActivityId": "{00000000-0000-0000-0000-000000000000}", "EventData.DiagnosticModuleImageName": "%windir%\\system32\\radardt.dll", "EventData.ResolutionId": "{5ee64afb-398d-4edb-af71-3b830219abf7}", "EventData.ResolutionSID": "S-1-5-21-963789628-1060504924-4285088085-1001", "EventData.ResolutionSessionId": "2", "EventData.ResolutionExpirationDate": "0001-01-01 00:00:00", "EventData.DiagnosticModuleId": "{45de1ea9-10bc-4f96-9b21-4b6b83dbf476}"}
{"EventID": "125", "Channel": "Microsoft-Windows-Diagnosis-DPS/Operational", "Provider_Name": "Microsoft-Windows-Diagnosis-DPS", "Computer": "DESKTOP-OFJ6N53", "TimeCreated": "2025-04-07 05:41:19.911533+00:00", "RecordID": "3786", "Level": "4", "UserID": "S-1-5-19", "EventData.ScenarioId": "{180b3a99-8c39-4f12-b631-2031998efe45}", "EventData.InstanceId": "{2c6b08aa-8a88-4036-a8d9-891c6d7873da}", "EventData.OriginalActivityId": "{00000000-0000-0000-0000-000000000000}", "EventData.DiagnosticModuleImageName": "%windir%\\system32\\radarrs.dll", "EventData.DiagnosticModuleId": "{5ee64afb-398d-4edb-af71-3b830219abf7}"}
{"EventID": "130", "Channel": "Microsoft-Windows-Diagnosis-DPS/Operational", "Provider_Name": "Microsoft-Windows-Diagnosis-DPS", "Computer": "DESKTOP-OFJ6N53", "TimeCreated": "2025-04-07 05:41:22.449968+00:00", "RecordID": "3787", "Level": "4", "UserID": "S-1-5-19", "EventData.ScenarioId": "{180b3a99-8c39-4f12-b631-2031998efe45}", "EventData.InstanceId": "{2c6b08aa-8a88-4036-a8d9-891c6d7873da}", "EventData.OriginalActivityId": "{00000000-0000-0000-0000-000000000000}", "EventData.DiagnosticModuleImageName": "%windir%\\system32\\radarrs.dll", "EventData.DiagnosticModuleId": "{5ee64afb-398d-4edb-af71-3b830219abf7}"}
{"EventID": "100", "Channel": "Microsoft-Windows-Diagnosis-DPS/Operational", "Provider_Name": "Microsoft-Windows-Diagnosis-DPS", "Computer": "DESKTOP-OFJ6N53", "TimeCreated": "2025-04-09 14:35:48.097477+00:00", "RecordID": "3788", "Level": "4", "UserID": "S-1-5-19", "EventData.ScenarioId": "{2698178d-fdad-40ae-9d3c-1371703adc5b}", "EventData.InstanceId": "{d4592c1b-c80a-4cac-bdce-7be95d344dfa}", "EventData.OriginalActivityId": "{2698178d-fdad-40ae-9d3c-1371703adc5b}", "EventData.DiagnosticModuleImageName": "%SystemRoot%\\system32\\diagperf.dll", "EventData.DiagnosticModuleId": "{15fba3b8-a37a-4f91-bdba-fbb98fe804bf}"}
{"EventID": "105", "Channel": "Microsoft-Windows-Diagnosis-DPS/Operational", "Provider_Name": "Microsoft-Windows-Diagnosis-DPS", "Computer": "DESKTOP-OFJ6N53", "TimeCreated": "2025-04-09 14:35:48.097481+00:00", "RecordID": "3789", "Level": "4", "UserID": "S-1-5-19", "EventData.ScenarioId": "{2698178d-fdad-40ae-9d3c-1371703adc5b}", "EventData.InstanceId": "{d4592c1b-c80a-4cac-bdce-7be95d344dfa}", "EventData.OriginalActivityId": "{2698178d-fdad-40ae-9d3c-1371703adc5b}", "EventData.DiagnosticModuleImageName": "%SystemRoot%\\system32\\diagperf.dll", "EventData.DiagnosticModuleId": "{15fba3b8-a37a-4f91-bdba-fbb98fe804bf}"}
{"EventID": "100", "Channel": "Microsoft-Windows-Diagnosis-DPS/Operational", "Provider_Name": "Microsoft-Windows-Diagnosis-DPS", "Computer": "DESKTOP-OFJ6N53", "TimeCreated": "2025-04-10 05:53:05.879244+00:00", "RecordID": "3790", "Level": "4", "UserID": "S-1-5-19", "EventData.ScenarioId": "{3af8b24a-c441-4fa4-8c5c-bed591bfa867}", "EventData.InstanceId": "{7a3070ed-f059-4306-ad21-7bdb9da3444f}", "EventData.OriginalActivityId": "{9f41811a-0429-42aa-81b7-cfd4d968411f}", "EventData.DiagnosticModuleImageName": "%windir%\\system32\\radardt.dll", "EventData.DiagnosticModuleId": "{e4cd2e3e-3852-4952-b76b-23bb8e35d344}"}
{"EventID": "105", "Channel": "Microsoft-Windows-Diagnosis-DPS/Operational", "Provider_Name": "Microsoft-Windows-Diagnosis-DPS", "Computer": "DESKTOP-OFJ6N53", "TimeCreated": "2025-04-10 05:53:05.879248+00:00", "RecordID": "3791", "Level": "4", "UserID": "S-1-5-19", "EventData.ScenarioId": "{3af8b24a-c441-4fa4-8c5c-bed591bfa867}", "EventData.InstanceId": "{7a3070ed-f059-4306-ad21-7bdb9da3444f}", "EventData.OriginalActivityId": "{9f41811a-0429-42aa-81b7-cfd4d968411f}", "EventData.DiagnosticModuleImageName": "%windir%\\system32\\radardt.dll", "EventData.DiagnosticModuleId": "{e4cd2e3e-3852-4952-b76b-23bb8e35d344}"}
{"EventID": "100", "Channel": "Microsoft-Windows-Diagnosis-DPS/Operational", "Provider_Name": "Microsoft-Windows-Diagnosis-DPS", "Computer": "DESKTOP-OFJ6N53", "TimeCreated": "2025-04-23 00:40:30.315432+00:00", "RecordID": "3792", "Level": "4", "UserID": "S-1-5-19", "EventData.ScenarioId": "{2698178d-fdad-40ae-9d3c-1371703adc5b}", "EventData.InstanceId": "{cf5530a0-f4fa-44e6-a895-43f8c81b6591}", "EventData.OriginalActivityId": "{2698178d-fdad-40ae-9d3c-1371703adc5b}", "EventData.DiagnosticModuleImageName": "%SystemRoot%\\system32\\diagperf.dll", "EventData.DiagnosticModuleId": "{15fba3b8-a37a-4f91-bdba-fbb98fe804bf}"}
{"EventID": "105", "Channel": "Microsoft-Windows-Diagnosis-DPS/Operational", "Provider_Name": "Microsoft-Windows-Diagnosis-DPS", "Computer": "DESKTOP-OFJ6N53", "TimeCreated": "2025-04-23 00:40:30.315434+00:00", "RecordID": "3793", "Level": "4", "UserID": "S-1-5-19", "EventData.ScenarioId": "{2698178d-fdad-40ae-9d3c-1371703adc5b}", "EventData.InstanceId": "{cf5530a0-f4fa-44e6-a895-43f8c81b6591}", "EventData.OriginalActivityId": "{2698178d-fdad-40ae-9d3c-1371703adc5b}", "EventData.DiagnosticModuleImageName": "%SystemRoot%\\system32\\diagperf.dll", "EventData.DiagnosticModuleId": "{15fba3b8-a37a-4f91-bdba-fbb98fe804bf}"}
{"EventID": "100", "Channel": "Microsoft-Windows-Diagnosis-DPS/Operational", "Provider_Name": "Microsoft-Windows-Diagnosis-DPS", "Computer": "DESKTOP-OFJ6N53", "TimeCreated": "2025-04-24 11:02:03.583414+00:00", "RecordID": "3794", "Level": "4", "UserID": "S-1-5-19", "EventData.ScenarioId": "{3af8b24a-c441-4fa4-8c5c-bed591bfa867}", "EventData.InstanceId": "{443c301c-d6a3-412a-9eeb-ea552b6f7989}", "EventData.OriginalActivityId": "{9f41811a-0429-42aa-81b7-cfd4d968411f}", "EventData.DiagnosticModuleImageName": "%windir%\\system32\\radardt.dll", "EventData.DiagnosticModuleId": "{e4cd2e3e-3852-4952-b76b-23bb8e35d344}"}
{"EventID": "105", "Channel": "Microsoft-Windows-Diagnosis-DPS/Operational", "Provider_Name": "Microsoft-Windows-Diagnosis-DPS", "Computer": "DESKTOP-OFJ6N53", "TimeCreated": "2025-04-24 11:02:03.583441+00:00", "RecordID": "3795", "Level": "4", "UserID": "S-1-5-19", "EventData.ScenarioId": "{3af8b24a-c441-4fa4-8c5c-bed591bfa867}", "EventData.InstanceId": "{443c301c-d6a3-412a-9eeb-ea552b6f7989}", "EventData.OriginalActivityId": "{9f41811a-0429-42aa-81b7-cfd4d968411f}", "EventData.DiagnosticModuleImageName": "%windir%\\system32\\radardt.dll", "EventData.DiagnosticModuleId": "{e4cd2e3e-3852-4952-b76b-23bb8e35d344}"}
{"EventID": "100", "Channel": "Microsoft-Windows-Diagnosis-DPS/Operational", "Provider_Name": "Microsoft-Windows-Diagnosis-DPS", "Computer": "DESKTOP-OFJ6N53", "TimeCreated": "2025-05-14 09:37:45.769955+00:00", "RecordID": "3796", "Level": "4", "UserID": "S-1-5-19", "EventData.ScenarioId": "{180b3a99-8c39-4f12-b631-2031998efe45}", "EventData.InstanceId": "{fbc854be-46c4-4688-84ec-ff28749f0218}", "EventData.OriginalActivityId": "{00000000-0000-0000-0000-000000000000}", "EventData.DiagnosticModuleImageName": "%windir%\\system32\\radardt.dll", "EventData.DiagnosticModuleId": "{45de1ea9-10bc-4f96-9b21-4b6b83dbf476}"}
{"EventID": "105", "Channel": "Microsoft-Windows-Diagnosis-DPS/Operational", "Provider_Name": "Microsoft-Windows-Diagnosis-DPS", "Computer": "DESKTOP-OFJ6N53", "TimeCreated": "2025-05-14 09:37:45.769958+00:00", "RecordID": "3797", "Level": "4", "UserID": "S-1-5-19", "EventData.ScenarioId": "{180b3a99-8c39-4f12-b631-2031998efe45}", "EventData.InstanceId": "{fbc854be-46c4-4688-84ec-ff28749f0218}", "EventData.OriginalActivityId": "{00000000-0000-0000-0000-000000000000}", "EventData.DiagnosticModuleImageName": "%windir%\\system32\\radardt.dll", "EventData.DiagnosticModuleId": "{45de1ea9-10bc-4f96-9b21-4b6b83dbf476}"}
{"EventID": "115", "Channel": "Microsoft-Windows-Diagnosis-DPS/Operational", "Provider_Name": "Microsoft-Windows-Diagnosis-DPS", "Computer": "DESKTOP-OFJ6N53", "TimeCreated": "2025-05-14 09:37:45.772911+00:00", "RecordID": "3798", "Level": "4", "UserID": "S-1-5-19", "EventData.ScenarioId": "{180b3a99-8c39-4f12-b631-2031998efe45}", "EventData.InstanceId": "{fbc854be-46c4-4688-84ec-ff28749f0218}", "EventData.OriginalActivityId": "{00000000-0000-0000-0000-000000000000}", "EventData.DiagnosticModuleImageName": "%windir%\\system32\\radardt.dll", "EventData.ResolutionId": "{5ee64afb-398d-4edb-af71-3b830219abf7}", "EventData.ResolutionSID": "S-1-5-21-963789628-1060504924-4285088085-1001", "EventData.ResolutionSessionId": "2", "EventData.ResolutionExpirationDate": "0001-01-01 00:00:00", "EventData.DiagnosticModuleId": "{45de1ea9-10bc-4f96-9b21-4b6b83dbf476}"}
{"EventID": "125", "Channel": "Microsoft-Windows-Diagnosis-DPS/Operational", "Provider_Name": "Microsoft-Windows-Diagnosis-DPS", "Computer": "DESKTOP-OFJ6N53", "TimeCreated": "2025-05-14 09:37:45.867130+00:00", "RecordID": "3799", "Level": "4", "UserID": "S-1-5-19", "EventData.ScenarioId": "{180b3a99-8c39-4f12-b631-2031998efe45}", "EventData.InstanceId": "{fbc854be-46c4-4688-84ec-ff28749f0218}", "EventData.OriginalActivityId": "{00000000-0000-0000-0000-000000000000}", "EventData.DiagnosticModuleImageName": "%windir%\\system32\\radarrs.dll", "EventData.DiagnosticModuleId": "{5ee64afb-398d-4edb-af71-3b830219abf7}"}
{"EventID": "130", "Channel": "Microsoft-Windows-Diagnosis-DPS/Operational", "Provider_Name": "Microsoft-Windows-Diagnosis-DPS", "Computer": "DESKTOP-OFJ6N53", "TimeCreated": "2025-05-14 09:37:48.467373+00:00", "RecordID": "3800", "Level": "4", "UserID": "S-1-5-19", "EventData.ScenarioId": "{180b3a99-8c39-4f12-b631-2031998efe45}", "EventData.InstanceId": "{fbc854be-46c4-4688-84ec-ff28749f0218}", "EventData.OriginalActivityId": "{00000000-0000-0000-0000-000000000000}", "EventData.DiagnosticModuleImageName": "%windir%\\system32\\radarrs.dll", "EventData.DiagnosticModuleId": "{5ee64afb-398d-4edb-af71-3b830219abf7}"}
{"EventID": "100", "Channel": "Microsoft-Windows-Diagnosis-DPS/Operational", "Provider_Name": "Microsoft-Windows-Diagnosis-DPS", "Computer": "DESKTOP-OFJ6N53", "TimeCreated": "2025-05-14 09:42:45.848005+00:00", "RecordID": "3801", "Level": "4", "UserID": "S-1-5-19", "EventData.ScenarioId": "{180b3a99-8c39-4f12-b631-2031998efe45}", "EventData.InstanceId": "{c999d3cd-7a60-4bf6-87ad-62d780109280}", "EventData.OriginalActivityId": "{00000000-0000-0000-0000-000000000000}", "EventData.DiagnosticModuleImageName": "%windir%\\system32\\radardt.dll", "EventData.DiagnosticModuleId": "{45de1ea9-10bc-4f96-9b21-4b6b83dbf476}"}
{"EventID": "105", "Channel": "Microsoft-Windows-Diagnosis-DPS/Operational", "Provider_Name": "Microsoft-Windows-Diagnosis-DPS", "Computer": "DESKTOP-OFJ6N53", "TimeCreated": "2025-05-14 09:42:45.848009+00:00", "RecordID": "3802", "Level": "4", "UserID": "S-1-5-19", "EventData.ScenarioId": "{180b3a99-8c39-4f12-b631-2031998efe45}", "EventData.InstanceId": "{c999d3cd-7a60-4bf6-87ad-62d780109280}", "EventData.OriginalActivityId": "{00000000-0000-0000-0000-000000000000}", "EventData.DiagnosticModuleImageName": "%windir%\\system32\\radardt.dll", "EventData.DiagnosticModuleId": "{45de1ea9-10bc-4f96-9b21-4b6b83dbf476}"}
{"EventID": "115", "Channel": "Microsoft-Windows-Diagnosis-DPS/Operational", "Provider_Name": "Microsoft-Windows-Diagnosis-DPS", "Computer": "DESKTOP-OFJ6N53", "TimeCreated": "2025-05-14 09:42:45.850740+00:00", "RecordID": "3803", "Level": "4", "UserID": "S-1-5-19", "EventData.ScenarioId": "{180b3a99-8c39-4f12-b631-2031998efe45}", "EventData.InstanceId": "{c999d3cd-7a60-4bf6-87ad-62d780109280}", "EventData.OriginalActivityId": "{00000000-0000-0000-0000-000000000000}", "EventData.DiagnosticModuleImageName": "%windir%\\system32\\radardt.dll", "EventData.ResolutionId": "{5ee64afb-398d-4edb-af71-3b830219abf7}", "EventData.ResolutionSID": "S-1-5-21-963789628-1060504924-4285088085-1001", "EventData.ResolutionSessionId": "2", "EventData.ResolutionExpirationDate": "0001-01-01 00:00:00", "EventData.DiagnosticModuleId": "{45de1ea9-10bc-4f96-9b21-4b6b83dbf476}"}
{"EventID": "125", "Channel": "Microsoft-Windows-Diagnosis-DPS/Operational", "Provider_Name": "Microsoft-Windows-Diagnosis-DPS", "Computer": "DESKTOP-OFJ6N53", "TimeCreated": "2025-05-14 09:42:45.850754+00:00", "RecordID": "3804", "Level": "4", "UserID": "S-1-5-19", "EventData.ScenarioId": "{180b3a99-8c39-4f12-b631-2031998efe45}", "EventData.InstanceId": "{c999d3cd-7a60-4bf6-87ad-62d780109280}", "EventData.OriginalActivityId": "{00000000-0000-0000-0000-000000000000}", "EventData.DiagnosticModuleImageName": "%windir%\\system32\\radarrs.dll", "EventData.DiagnosticModuleId": "{5ee64afb-398d-4edb-af71-3b830219abf7}"}
{"EventID": "130", "Channel": "Microsoft-Windows-Diagnosis-DPS/Operational", "Provider_Name": "Microsoft-Windows-Diagnosis-DPS", "Computer": "DESKTOP-OFJ6N53", "TimeCreated": "2025-05-14 09:42:48.189138+00:00", "RecordID": "3805", "Level": "4", "UserID": "S-1-5-19", "EventData.ScenarioId": "{180b3a99-8c39-4f12-b631-2031998efe45}", "EventData.InstanceId": "{c999d3cd-7a60-4bf6-87ad-62d780109280}", "EventData.OriginalActivityId": "{00000000-0000-0000-0000-000000000000}", "EventData.DiagnosticModuleImageName": "%windir%\\system32\\radarrs.dll", "EventData.DiagnosticModuleId": "{5ee64afb-398d-4edb-af71-3b830219abf7}"}
{"EventID": "100", "Channel": "Microsoft-Windows-Diagnosis-DPS/Operational", "Provider_Name": "Microsoft-Windows-Diagnosis-DPS", "Computer": "DESKTOP-OFJ6N53", "TimeCreated": "2025-05-14 14:42:20.178102+00:00", "RecordID": "3806", "Level": "4", "UserID": "S-1-5-19", "EventData.ScenarioId": "{2698178d-fdad-40ae-9d3c-1371703adc5b}", "EventData.InstanceId": "{ab47d6a6-8d3d-4170-bd59-aa2a4235e1a6}", "EventData.OriginalActivityId": "{2698178d-fdad-40ae-9d3c-1371703adc5b}", "EventData.DiagnosticModuleImageName": "%SystemRoot%\\system32\\diagperf.dll", "EventData.DiagnosticModuleId": "{15fba3b8-a37a-4f91-bdba-fbb98fe804bf}"}
{"EventID": "105", "Channel": "Microsoft-Windows-Diagnosis-DPS/Operational", "Provider_Name": "Microsoft-Windows-Diagnosis-DPS", "Computer": "DESKTOP-OFJ6N53", "TimeCreated": "2025-05-14 14:42:20.178102+00:00", "RecordID": "3807", "Level": "4", "UserID": "S-1-5-19", "EventData.ScenarioId": "{2698178d-fdad-40ae-9d3c-1371703adc5b}", "EventData.InstanceId": "{ab47d6a6-8d3d-4170-bd59-aa2a4235e1a6}", "EventData.OriginalActivityId": "{2698178d-fdad-40ae-9d3c-1371703adc5b}", "EventData.DiagnosticModuleImageName": "%SystemRoot%\\system32\\diagperf.dll", "EventData.DiagnosticModuleId": "{15fba3b8-a37a-4f91-bdba-fbb98fe804bf}"}
{"EventID": "100", "Channel": "Microsoft-Windows-Diagnosis-DPS/Operational", "Provider_Name": "Microsoft-Windows-Diagnosis-DPS", "Computer": "DESKTOP-OFJ6N53", "TimeCreated": "2025-05-21 14:11:26.404531+00:00", "RecordID": "3808", "Level": "4", "UserID": "S-1-5-19", "EventData.ScenarioId": "{3af8b24a-c441-4fa4-8c5c-bed591bfa867}", "EventData.InstanceId": "{c22beef6-ec14-464c-acfd-9de1d3b95182}", "EventData.OriginalActivityId": "{9f41811a-0429-42aa-81b7-cfd4d968411f}", "EventData.DiagnosticModuleImageName": "%windir%\\system32\\radardt.dll", "EventData.DiagnosticModuleId": "{e4cd2e3e-3852-4952-b76b-23bb8e35d344}"}
{"EventID": "105", "Channel": "Microsoft-Windows-Diagnosis-DPS/Operational", "Provider_Name": "Microsoft-Windows-Diagnosis-DPS", "Computer": "DESKTOP-OFJ6N53", "TimeCreated": "2025-05-21 14:11:26.404539+00:00", "RecordID": "3809", "Level": "4", "UserID": "S-1-5-19", "EventData.ScenarioId": "{3af8b24a-c441-4fa4-8c5c-bed591bfa867}", "EventData.InstanceId": "{c22beef6-ec14-464c-acfd-9de1d3b95182}", "EventData.OriginalActivityId": "{9f41811a-0429-42aa-81b7-cfd4d968411f}", "EventData.DiagnosticModuleImageName": "%windir%\\system32\\radardt.dll", "EventData.DiagnosticModuleId": "{e4cd2e3e-3852-4952-b76b-23bb8e35d344}"}
{"EventID": "135", "Channel": "Microsoft-Windows-Diagnosis-DPS/Operational", "Provider_Name": "Microsoft-Windows-Diagnosis-DPS", "Computer": "DESKTOP-OFJ6N53", "TimeCreated": "2025-06-11 14:45:11.463356+00:00", "RecordID": "3810", "Level": "2", "UserID": "S-1-5-19", "EventData.ScenarioId": "{fd5aa730-b53f-4b39-84e5-cb4303621d74}", "EventData.InstanceId": "{cdbcd2f9-22fc-462b-a48c-f462cb9ec7e0}", "EventData.OriginalActivityId": "{00000000-0000-0000-0000-000000000000}", "EventData.StatusCode": "2147943515", "EventData.DiagnosticModuleImageName": "%SystemRoot%\\system32\\perftrack.dll", "EventData.DiagnosticModuleId": "{9c5a40da-b965-4fc3-8781-88dd50a6299d}"}
{"EventID": "100", "Channel": "Microsoft-Windows-Diagnosis-DPS/Operational", "Provider_Name": "Microsoft-Windows-Diagnosis-DPS", "Computer": "DESKTOP-OFJ6N53", "TimeCreated": "2025-06-11 14:45:51.531906+00:00", "RecordID": "3811", "Level": "4", "UserID": "S-1-5-19", "EventData.ScenarioId": "{2698178d-fdad-40ae-9d3c-1371703adc5b}", "EventData.InstanceId": "{f981e0cc-2809-49f2-920d-9be1e88a39e0}", "EventData.OriginalActivityId": "{2698178d-fdad-40ae-9d3c-1371703adc5b}", "EventData.DiagnosticModuleImageName": "%SystemRoot%\\system32\\diagperf.dll", "EventData.DiagnosticModuleId": "{15fba3b8-a37a-4f91-bdba-fbb98fe804bf}"}
{"EventID": "105", "Channel": "Microsoft-Windows-Diagnosis-DPS/Operational", "Provider_Name": "Microsoft-Windows-Diagnosis-DPS", "Computer": "DESKTOP-OFJ6N53", "TimeCreated": "2025-06-11 14:45:51.531908+00:00", "RecordID": "3812", "Level": "4", "UserID": "S-1-5-19", "EventData.ScenarioId": "{2698178d-fdad-40ae-9d3c-1371703adc5b}", "EventData.InstanceId": "{f981e0cc-2809-49f2-920d-9be1e88a39e0}", "EventData.OriginalActivityId": "{2698178d-fdad-40ae-9d3c-1371703adc5b}", "EventData.DiagnosticModuleImageName": "%SystemRoot%\\system32\\diagperf.dll", "EventData.DiagnosticModuleId": "{15fba3b8-a37a-4f91-bdba-fbb98fe804bf}"}
{"EventID": "100", "Channel": "Microsoft-Windows-Diagnosis-DPS/Operational", "Provider_Name": "Microsoft-Windows-Diagnosis-DPS", "Computer": "DESKTOP-OFJ6N53", "TimeCreated": "2025-06-18 13:21:35.908266+00:00", "RecordID": "3813", "Level": "4", "UserID": "S-1-5-19", "EventData.ScenarioId": "{3af8b24a-c441-4fa4-8c5c-bed591bfa867}", "EventData.InstanceId": "{203465f4-3695-47bb-a7a3-2a14a2d89769}", "EventData.OriginalActivityId": "{9f41811a-0429-42aa-81b7-cfd4d968411f}", "EventData.DiagnosticModuleImageName": "%windir%\\system32\\radardt.dll", "EventData.DiagnosticModuleId": "{e4cd2e3e-3852-4952-b76b-23bb8e35d344}"}
{"EventID": "105", "Channel": "Microsoft-Windows-Diagnosis-DPS/Operational", "Provider_Name": "Microsoft-Windows-Diagnosis-DPS", "Computer": "DESKTOP-OFJ6N53", "TimeCreated": "2025-06-18 13:21:35.908274+00:00", "RecordID": "3814", "Level": "4", "UserID": "S-1-5-19", "EventData.ScenarioId": "{3af8b24a-c441-4fa4-8c5c-bed591bfa867}", "EventData.InstanceId": "{203465f4-3695-47bb-a7a3-2a14a2d89769}", "EventData.OriginalActivityId": "{9f41811a-0429-42aa-81b7-cfd4d968411f}", "EventData.DiagnosticModuleImageName": "%windir%\\system32\\radardt.dll", "EventData.DiagnosticModuleId": "{e4cd2e3e-3852-4952-b76b-23bb8e35d344}"}
{"EventID": "100", "Channel": "Microsoft-Windows-Diagnosis-DPS/Operational", "Provider_Name": "Microsoft-Windows-Diagnosis-DPS", "Computer": "DESKTOP-OFJ6N53", "TimeCreated": "2025-07-07 12:37:41.818890+00:00", "RecordID": "3815", "Level": "4", "UserID": "S-1-5-19", "EventData.ScenarioId": "{180b3a99-8c39-4f12-b631-2031998efe45}", "EventData.InstanceId": "{a2c00d6c-b6a7-4fcc-ad62-ac1ba2ee874b}", "EventData.OriginalActivityId": "{00000000-0000-0000-0000-000000000000}", "EventData.DiagnosticModuleImageName": "%windir%\\system32\\radardt.dll", "EventData.DiagnosticModuleId": "{45de1ea9-10bc-4f96-9b21-4b6b83dbf476}"}
{"EventID": "105", "Channel": "Microsoft-Windows-Diagnosis-DPS/Operational", "Provider_Name": "Microsoft-Windows-Diagnosis-DPS", "Computer": "DESKTOP-OFJ6N53", "TimeCreated": "2025-07-07 12:37:41.818892+00:00", "RecordID": "3816", "Level": "4", "UserID": "S-1-5-19", "EventData.ScenarioId": "{180b3a99-8c39-4f12-b631-2031998efe45}", "EventData.InstanceId": "{a2c00d6c-b6a7-4fcc-ad62-ac1ba2ee874b}", "EventData.OriginalActivityId": "{00000000-0000-0000-0000-000000000000}", "EventData.DiagnosticModuleImageName": "%windir%\\system32\\radardt.dll", "EventData.DiagnosticModuleId": "{45de1ea9-10bc-4f96-9b21-4b6b83dbf476}"}
{"EventID": "115", "Channel": "Microsoft-Windows-Diagnosis-DPS/Operational", "Provider_Name": "Microsoft-Windows-Diagnosis-DPS", "Computer": "DESKTOP-OFJ6N53", "TimeCreated": "2025-07-07 12:37:41.828659+00:00", "RecordID": "3817", "Level": "4", "UserID": "S-1-5-19", "EventData.ScenarioId": "{180b3a99-8c39-4f12-b631-2031998efe45}", "EventData.InstanceId": "{a2c00d6c-b6a7-4fcc-ad62-ac1ba2ee874b}", "EventData.OriginalActivityId": "{00000000-0000-0000-0000-000000000000}", "EventData.DiagnosticModuleImageName": "%windir%\\system32\\radardt.dll", "EventData.ResolutionId": "{5ee64afb-398d-4edb-af71-3b830219abf7}", "EventData.ResolutionSID": "S-1-5-21-963789628-1060504924-4285088085-1001", "EventData.ResolutionSessionId": "2", "EventData.ResolutionExpirationDate": "0001-01-01 00:00:00", "EventData.DiagnosticModuleId": "{45de1ea9-10bc-4f96-9b21-4b6b83dbf476}"}
{"EventID": "125", "Channel": "Microsoft-Windows-Diagnosis-DPS/Operational", "Provider_Name": "Microsoft-Windows-Diagnosis-DPS", "Computer": "DESKTOP-OFJ6N53", "TimeCreated": "2025-07-07 12:37:41.970608+00:00", "RecordID": "3818", "Level": "4", "UserID": "S-1-5-19", "EventData.ScenarioId": "{180b3a99-8c39-4f12-b631-2031998efe45}", "EventData.InstanceId": "{a2c00d6c-b6a7-4fcc-ad62-ac1ba2ee874b}", "EventData.OriginalActivityId": "{00000000-0000-0000-0000-000000000000}", "EventData.DiagnosticModuleImageName": "%windir%\\system32\\radarrs.dll", "EventData.DiagnosticModuleId": "{5ee64afb-398d-4edb-af71-3b830219abf7}"}
{"EventID": "130", "Channel": "Microsoft-Windows-Diagnosis-DPS/Operational", "Provider_Name": "Microsoft-Windows-Diagnosis-DPS", "Computer": "DESKTOP-OFJ6N53", "TimeCreated": "2025-07-07 12:37:44.895655+00:00", "RecordID": "3819", "Level": "4", "UserID": "S-1-5-19", "EventData.ScenarioId": "{180b3a99-8c39-4f12-b631-2031998efe45}", "EventData.InstanceId": "{a2c00d6c-b6a7-4fcc-ad62-ac1ba2ee874b}", "EventData.OriginalActivityId": "{00000000-0000-0000-0000-000000000000}", "EventData.DiagnosticModuleImageName": "%windir%\\system32\\radarrs.dll", "EventData.DiagnosticModuleId": "{5ee64afb-398d-4edb-af71-3b830219abf7}"}
{"EventID": "100", "Channel": "Microsoft-Windows-Diagnosis-DPS/Operational", "Provider_Name": "Microsoft-Windows-Diagnosis-DPS", "Computer": "DESKTOP-OFJ6N53", "TimeCreated": "2025-07-07 12:42:41.711414+00:00", "RecordID": "3820", "Level": "4", "UserID": "S-1-5-19", "EventData.ScenarioId": "{180b3a99-8c39-4f12-b631-2031998efe45}", "EventData.InstanceId": "{cb83d245-6cee-47ef-bdb7-1db51e962ffb}", "EventData.OriginalActivityId": "{00000000-0000-0000-0000-000000000000}", "EventData.DiagnosticModuleImageName": "%windir%\\system32\\radardt.dll", "EventData.DiagnosticModuleId": "{45de1ea9-10bc-4f96-9b21-4b6b83dbf476}"}
{"EventID": "105", "Channel": "Microsoft-Windows-Diagnosis-DPS/Operational", "Provider_Name": "Microsoft-Windows-Diagnosis-DPS", "Computer": "DESKTOP-OFJ6N53", "TimeCreated": "2025-07-07 12:42:41.711416+00:00", "RecordID": "3821", "Level": "4", "UserID": "S-1-5-19", "EventData.ScenarioId": "{180b3a99-8c39-4f12-b631-2031998efe45}", "EventData.InstanceId": "{cb83d245-6cee-47ef-bdb7-1db51e962ffb}", "EventData.OriginalActivityId": "{00000000-0000-0000-0000-000000000000}", "EventData.DiagnosticModuleImageName": "%windir%\\system32\\radardt.dll", "EventData.DiagnosticModuleId": "{45de1ea9-10bc-4f96-9b21-4b6b83dbf476}"}
{"EventID": "115", "Channel": "Microsoft-Windows-Diagnosis-DPS/Operational", "Provider_Name": "Microsoft-Windows-Diagnosis-DPS", "Computer": "DESKTOP-OFJ6N53", "TimeCreated": "2025-07-07 12:42:41.713064+00:00", "RecordID": "3822", "Level": "4", "UserID": "S-1-5-19", "EventData.ScenarioId": "{180b3a99-8c39-4f12-b631-2031998efe45}", "EventData.InstanceId": "{cb83d245-6cee-47ef-bdb7-1db51e962ffb}", "EventData.OriginalActivityId": "{00000000-0000-0000-0000-000000000000}", "EventData.DiagnosticModuleImageName": "%windir%\\system32\\radardt.dll", "EventData.ResolutionId": "{5ee64afb-398d-4edb-af71-3b830219abf7}", "EventData.ResolutionSID": "S-1-5-21-963789628-1060504924-4285088085-1001", "EventData.ResolutionSessionId": "2", "EventData.ResolutionExpirationDate": "0001-01-01 00:00:00", "EventData.DiagnosticModuleId": "{45de1ea9-10bc-4f96-9b21-4b6b83dbf476}"}
{"EventID": "125", "Channel": "Microsoft-Windows-Diagnosis-DPS/Operational", "Provider_Name": "Microsoft-Windows-Diagnosis-DPS", "Computer": "DESKTOP-OFJ6N53", "TimeCreated": "2025-07-07 12:42:41.713072+00:00", "RecordID": "3823", "Level": "4", "UserID": "S-1-5-19", "EventData.ScenarioId": "{180b3a99-8c39-4f12-b631-2031998efe45}", "EventData.InstanceId": "{cb83d245-6cee-47ef-bdb7-1db51e962ffb}", "EventData.OriginalActivityId": "{00000000-0000-0000-0000-000000000000}", "EventData.DiagnosticModuleImageName": "%windir%\\system32\\radarrs.dll", "EventData.DiagnosticModuleId": "{5ee64afb-398d-4edb-af71-3b830219abf7}"}
{"EventID": "130", "Channel": "Microsoft-Windows-Diagnosis-DPS/Operational", "Provider_Name": "Microsoft-Windows-Diagnosis-DPS", "Computer": "DESKTOP-OFJ6N53", "TimeCreated": "2025-07-07 12:42:43.934313+00:00", "RecordID": "3824", "Level": "4", "UserID": "S-1-5-19", "EventData.ScenarioId": "{180b3a99-8c39-4f12-b631-2031998efe45}", "EventData.InstanceId": "{cb83d245-6cee-47ef-bdb7-1db51e962ffb}", "EventData.OriginalActivityId": "{00000000-0000-0000-0000-000000000000}", "EventData.DiagnosticModuleImageName": "%windir%\\system32\\radarrs.dll", "EventData.DiagnosticModuleId": "{5ee64afb-398d-4edb-af71-3b830219abf7}"}
{"EventID": "100", "Channel": "Microsoft-Windows-Diagnosis-DPS/Operational", "Provider_Name": "Microsoft-Windows-Diagnosis-DPS", "Computer": "DESKTOP-OFJ6N53", "TimeCreated": "2025-07-07 12:49:42.094221+00:00", "RecordID": "3825", "Level": "4", "UserID": "S-1-5-19", "EventData.ScenarioId": "{2698178d-fdad-40ae-9d3c-1371703adc5b}", "EventData.InstanceId": "{98f37217-b453-4830-8bef-b66fcac2e35b}", "EventData.OriginalActivityId": "{2698178d-fdad-40ae-9d3c-1371703adc5b}", "EventData.DiagnosticModuleImageName": "%SystemRoot%\\system32\\diagperf.dll", "EventData.DiagnosticModuleId": "{15fba3b8-a37a-4f91-bdba-fbb98fe804bf}"}
{"EventID": "105", "Channel": "Microsoft-Windows-Diagnosis-DPS/Operational", "Provider_Name": "Microsoft-Windows-Diagnosis-DPS", "Computer": "DESKTOP-OFJ6N53", "TimeCreated": "2025-07-07 12:49:42.094225+00:00", "RecordID": "3826", "Level": "4", "UserID": "S-1-5-19", "EventData.ScenarioId": "{2698178d-fdad-40ae-9d3c-1371703adc5b}", "EventData.InstanceId": "{98f37217-b453-4830-8bef-b66fcac2e35b}", "EventData.OriginalActivityId": "{2698178d-fdad-40ae-9d3c-1371703adc5b}", "EventData.DiagnosticModuleImageName": "%SystemRoot%\\system32\\diagperf.dll", "EventData.DiagnosticModuleId": "{15fba3b8-a37a-4f91-bdba-fbb98fe804bf}"}
{"EventID": "100", "Channel": "Microsoft-Windows-Diagnosis-DPS/Operational", "Provider_Name": "Microsoft-Windows-Diagnosis-DPS", "Computer": "DESKTOP-OFJ6N53", "TimeCreated": "2025-07-07 13:11:59.967510+00:00", "RecordID": "3827", "Level": "4", "UserID": "S-1-5-19", "EventData.ScenarioId": "{3af8b24a-c441-4fa4-8c5c-bed591bfa867}", "EventData.InstanceId": "{9a14db3b-41b3-4d21-b6b4-f5125cf308b5}", "EventData.OriginalActivityId": "{9f41811a-0429-42aa-81b7-cfd4d968411f}", "EventData.DiagnosticModuleImageName": "%windir%\\system32\\radardt.dll", "EventData.DiagnosticModuleId": "{e4cd2e3e-3852-4952-b76b-23bb8e35d344}"}
{"EventID": "105", "Channel": "Microsoft-Windows-Diagnosis-DPS/Operational", "Provider_Name": "Microsoft-Windows-Diagnosis-DPS", "Computer": "DESKTOP-OFJ6N53", "TimeCreated": "2025-07-07 13:11:59.967514+00:00", "RecordID": "3828", "Level": "4", "UserID": "S-1-5-19", "EventData.ScenarioId": "{3af8b24a-c441-4fa4-8c5c-bed591bfa867}", "EventData.InstanceId": "{9a14db3b-41b3-4d21-b6b4-f5125cf308b5}", "EventData.OriginalActivityId": "{9f41811a-0429-42aa-81b7-cfd4d968411f}", "EventData.DiagnosticModuleImageName": "%windir%\\system32\\radardt.dll", "EventData.DiagnosticModuleId": "{e4cd2e3e-3852-4952-b76b-23bb8e35d344}"}
{"EventID": "110", "Channel": "Microsoft-Windows-Diagnosis-DPS/Operational", "Provider_Name": "Microsoft-Windows-Diagnosis-DPS", "Computer": "DESKTOP-OFJ6N53", "TimeCreated": "2025-07-07 13:12:24.157675+00:00", "RecordID": "3829", "Level": "4", "UserID": "S-1-5-19", "EventData.ScenarioId": "{2698178d-fdad-40ae-9d3c-1371703adc5b}", "EventData.InstanceId": "{98f37217-b453-4830-8bef-b66fcac2e35b}", "EventData.OriginalActivityId": "{2698178d-fdad-40ae-9d3c-1371703adc5b}", "EventData.DiagnosticModuleImageName": "%SystemRoot%\\system32\\diagperf.dll", "EventData.DiagnosticModuleId": "{15fba3b8-a37a-4f91-bdba-fbb98fe804bf}"}
{"EventID": "135", "Channel": "Microsoft-Windows-Diagnosis-DPS/Operational", "Provider_Name": "Microsoft-Windows-Diagnosis-DPS", "Computer": "DESKTOP-OFJ6N53", "TimeCreated": "2025-07-09 14:39:26.562952+00:00", "RecordID": "3830", "Level": "2", "UserID": "S-1-5-19", "EventData.ScenarioId": "{fd5aa730-b53f-4b39-84e5-cb4303621d74}", "EventData.InstanceId": "{355a2ea6-aab7-43d6-904b-c1b3dbb712f0}", "EventData.OriginalActivityId": "{00000000-0000-0000-0000-000000000000}", "EventData.StatusCode": "2147943515", "EventData.DiagnosticModuleImageName": "%SystemRoot%\\system32\\perftrack.dll", "EventData.DiagnosticModuleId": "{9c5a40da-b965-4fc3-8781-88dd50a6299d}"}
{"EventID": "100", "Channel": "Microsoft-Windows-Diagnosis-DPS/Operational", "Provider_Name": "Microsoft-Windows-Diagnosis-DPS", "Computer": "DESKTOP-OFJ6N53", "TimeCreated": "2025-07-09 14:40:02.610682+00:00", "RecordID": "3831", "Level": "4", "UserID": "S-1-5-19", "EventData.ScenarioId": "{2698178d-fdad-40ae-9d3c-1371703adc5b}", "EventData.InstanceId": "{182e0cd4-cd3b-4ae2-ad70-b85cbd0940d2}", "EventData.OriginalActivityId": "{2698178d-fdad-40ae-9d3c-1371703adc5b}", "EventData.DiagnosticModuleImageName": "%SystemRoot%\\system32\\diagperf.dll", "EventData.DiagnosticModuleId": "{15fba3b8-a37a-4f91-bdba-fbb98fe804bf}"}
{"EventID": "105", "Channel": "Microsoft-Windows-Diagnosis-DPS/Operational", "Provider_Name": "Microsoft-Windows-Diagnosis-DPS", "Computer": "DESKTOP-OFJ6N53", "TimeCreated": "2025-07-09 14:40:02.610687+00:00", "RecordID": "3832", "Level": "4", "UserID": "S-1-5-19", "EventData.ScenarioId": "{2698178d-fdad-40ae-9d3c-1371703adc5b}", "EventData.InstanceId": "{182e0cd4-cd3b-4ae2-ad70-b85cbd0940d2}", "EventData.OriginalActivityId": "{2698178d-fdad-40ae-9d3c-1371703adc5b}", "EventData.DiagnosticModuleImageName": "%SystemRoot%\\system32\\diagperf.dll", "EventData.DiagnosticModuleId": "{15fba3b8-a37a-4f91-bdba-fbb98fe804bf}"}
{"EventID": "100", "Channel": "Microsoft-Windows-Diagnosis-DPS/Operational", "Provider_Name": "Microsoft-Windows-Diagnosis-DPS", "Computer": "DESKTOP-OFJ6N53", "TimeCreated": "2025-07-14 09:52:11.972649+00:00", "RecordID": "3833", "Level": "4", "UserID": "S-1-5-19", "EventData.ScenarioId": "{3af8b24a-c441-4fa4-8c5c-bed591bfa867}", "EventData.InstanceId": "{ae9218fc-5b2e-4f03-84f2-5eaf69007f81}", "EventData.OriginalActivityId": "{9f41811a-0429-42aa-81b7-cfd4d968411f}", "EventData.DiagnosticModuleImageName": "%windir%\\system32\\radardt.dll", "EventData.DiagnosticModuleId": "{e4cd2e3e-3852-4952-b76b-23bb8e35d344}"}
{"EventID": "105", "Channel": "Microsoft-Windows-Diagnosis-DPS/Operational", "Provider_Name": "Microsoft-Windows-Diagnosis-DPS", "Computer": "DESKTOP-OFJ6N53", "TimeCreated": "2025-07-14 09:52:11.972654+00:00", "RecordID": "3834", "Level": "4", "UserID": "S-1-5-19", "EventData.ScenarioId": "{3af8b24a-c441-4fa4-8c5c-bed591bfa867}", "EventData.InstanceId": "{ae9218fc-5b2e-4f03-84f2-5eaf69007f81}", "EventData.OriginalActivityId": "{9f41811a-0429-42aa-81b7-cfd4d968411f}", "EventData.DiagnosticModuleImageName": "%windir%\\system32\\radardt.dll", "EventData.DiagnosticModuleId": "{e4cd2e3e-3852-4952-b76b-23bb8e35d344}"}
{"EventID": "100", "Channel": "Microsoft-Windows-Diagnosis-DPS/Operational", "Provider_Name": "Microsoft-Windows-Diagnosis-DPS", "Computer": "DESKTOP-OFJ6N53", "TimeCreated": "2025-07-24 21:29:53.298754+00:00", "RecordID": "3835", "Level": "4", "UserID": "S-1-5-19", "EventData.ScenarioId": "{2698178d-fdad-40ae-9d3c-1371703adc5b}", "EventData.InstanceId": "{7ed3317a-7c7c-4f6f-a344-53deafe570a8}", "EventData.OriginalActivityId": "{2698178d-fdad-40ae-9d3c-1371703adc5b}", "EventData.DiagnosticModuleImageName": "%SystemRoot%\\system32\\diagperf.dll", "EventData.DiagnosticModuleId": "{15fba3b8-a37a-4f91-bdba-fbb98fe804bf}"}
{"EventID": "105", "Channel": "Microsoft-Windows-Diagnosis-DPS/Operational", "Provider_Name": "Microsoft-Windows-Diagnosis-DPS", "Computer": "DESKTOP-OFJ6N53", "TimeCreated": "2025-07-24 21:29:53.298756+00:00", "RecordID": "3836", "Level": "4", "UserID": "S-1-5-19", "EventData.ScenarioId": "{2698178d-fdad-40ae-9d3c-1371703adc5b}", "EventData.InstanceId": "{7ed3317a-7c7c-4f6f-a344-53deafe570a8}", "EventData.OriginalActivityId": "{2698178d-fdad-40ae-9d3c-1371703adc5b}", "EventData.DiagnosticModuleImageName": "%SystemRoot%\\system32\\diagperf.dll", "EventData.DiagnosticModuleId": "{15fba3b8-a37a-4f91-bdba-fbb98fe804bf}"}
{"EventID": "100", "Channel": "Microsoft-Windows-Diagnosis-DPS/Operational", "Provider_Name": "Microsoft-Windows-Diagnosis-DPS", "Computer": "DESKTOP-OFJ6N53", "TimeCreated": "2025-07-24 21:30:34.774603+00:00", "RecordID": "3837", "Level": "4", "UserID": "S-1-5-19", "EventData.ScenarioId": "{3af8b24a-c441-4fa4-8c5c-bed591bfa867}", "EventData.InstanceId": "{3ac08f89-84c0-4002-98fd-4f39b9d72e81}", "EventData.OriginalActivityId": "{9f41811a-0429-42aa-81b7-cfd4d968411f}", "EventData.DiagnosticModuleImageName": "%windir%\\system32\\radardt.dll", "EventData.DiagnosticModuleId": "{e4cd2e3e-3852-4952-b76b-23bb8e35d344}"}
{"EventID": "105", "Channel": "Microsoft-Windows-Diagnosis-DPS/Operational", "Provider_Name": "Microsoft-Windows-Diagnosis-DPS", "Computer": "DESKTOP-OFJ6N53", "TimeCreated": "2025-07-24 21:30:34.774607+00:00", "RecordID": "3838", "Level": "4", "UserID": "S-1-5-19", "EventData.ScenarioId": "{3af8b24a-c441-4fa4-8c5c-bed591bfa867}", "EventData.InstanceId": "{3ac08f89-84c0-4002-98fd-4f39b9d72e81}", "EventData.OriginalActivityId": "{9f41811a-0429-42aa-81b7-cfd4d968411f}", "EventData.DiagnosticModuleImageName": "%windir%\\system32\\radardt.dll", "EventData.DiagnosticModuleId": "{e4cd2e3e-3852-4952-b76b-23bb8e35d344}"}
{"EventID": "110", "Channel": "Microsoft-Windows-Diagnosis-DPS/Operational", "Provider_Name": "Microsoft-Windows-Diagnosis-DPS", "Computer": "DESKTOP-OFJ6N53", "TimeCreated": "2025-07-24 21:30:43.405272+00:00", "RecordID": "3839", "Level": "4", "UserID": "S-1-5-19", "EventData.ScenarioId": "{2698178d-fdad-40ae-9d3c-1371703adc5b}", "EventData.InstanceId": "{7ed3317a-7c7c-4f6f-a344-53deafe570a8}", "EventData.OriginalActivityId": "{2698178d-fdad-40ae-9d3c-1371703adc5b}", "EventData.DiagnosticModuleImageName": "%SystemRoot%\\system32\\diagperf.dll", "EventData.DiagnosticModuleId": "{15fba3b8-a37a-4f91-bdba-fbb98fe804bf}"}
{"EventID": "100", "Channel": "Microsoft-Windows-Diagnosis-DPS/Operational", "Provider_Name": "Microsoft-Windows-Diagnosis-DPS", "Computer": "DESKTOP-OFJ6N53", "TimeCreated": "2025-07-31 08:15:35.324780+00:00", "RecordID": "3840", "Level": "4", "UserID": "S-1-5-19", "EventData.ScenarioId": "{86432a0b-3c7d-4ddf-a89c-172faa90485d}", "EventData.InstanceId": "{9af44e25-f457-4dfe-be24-c11a5edb82fa}", "EventData.OriginalActivityId": "{86432a0b-3c7d-4ddf-a89c-172faa90485d}", "EventData.DiagnosticModuleImageName": "%SystemRoot%\\system32\\diagperf.dll", "EventData.DiagnosticModuleId": "{c8544339-5be9-4f25-862e-485f1b1a6935}"}
{"EventID": "105", "Channel": "Microsoft-Windows-Diagnosis-DPS/Operational", "Provider_Name": "Microsoft-Windows-Diagnosis-DPS", "Computer": "DESKTOP-OFJ6N53", "TimeCreated": "2025-07-31 08:15:35.324795+00:00", "RecordID": "3841", "Level": "4", "UserID": "S-1-5-19", "EventData.ScenarioId": "{86432a0b-3c7d-4ddf-a89c-172faa90485d}", "EventData.InstanceId": "{9af44e25-f457-4dfe-be24-c11a5edb82fa}", "EventData.OriginalActivityId": "{86432a0b-3c7d-4ddf-a89c-172faa90485d}", "EventData.DiagnosticModuleImageName": "%SystemRoot%\\system32\\diagperf.dll", "EventData.DiagnosticModuleId": "{c8544339-5be9-4f25-862e-485f1b1a6935}"}
{"EventID": "110", "Channel": "Microsoft-Windows-Diagnosis-DPS/Operational", "Provider_Name": "Microsoft-Windows-Diagnosis-DPS", "Computer": "DESKTOP-OFJ6N53", "TimeCreated": "2025-07-31 08:15:40.253119+00:00", "RecordID": "3842", "Level": "4", "UserID": "S-1-5-19", "EventData.ScenarioId": "{86432a0b-3c7d-4ddf-a89c-172faa90485d}", "EventData.InstanceId": "{9af44e25-f457-4dfe-be24-c11a5edb82fa}", "EventData.OriginalActivityId": "{86432a0b-3c7d-4ddf-a89c-172faa90485d}", "EventData.DiagnosticModuleImageName": "%SystemRoot%\\system32\\diagperf.dll", "EventData.DiagnosticModuleId": "{c8544339-5be9-4f25-862e-485f1b1a6935}"}
{"EventID": "100", "Channel": "Microsoft-Windows-Diagnosis-DPS/Operational", "Provider_Name": "Microsoft-Windows-Diagnosis-DPS", "Computer": "DESKTOP-OFJ6N53", "TimeCreated": "2025-07-31 08:15:41.094545+00:00", "RecordID": "3843", "Level": "4", "UserID": "S-1-5-19", "EventData.ScenarioId": "{3a5d4378-9d2f-4393-b1e5-34f5fa9a1140}", "EventData.InstanceId": "{157c45bb-ee32-49c2-9278-99a3b6f620a4}", "EventData.OriginalActivityId": "{9af44e25-f457-4dfe-be24-c11a5edb82fa}", "EventData.DiagnosticModuleImageName": "%SystemRoot%\\system32\\diagperf.dll", "EventData.DiagnosticModuleId": "{b171ab1c-60e9-4301-a338-beab1c70b3e9}"}
{"EventID": "105", "Channel": "Microsoft-Windows-Diagnosis-DPS/Operational", "Provider_Name": "Microsoft-Windows-Diagnosis-DPS", "Computer": "DESKTOP-OFJ6N53", "TimeCreated": "2025-07-31 08:15:41.094547+00:00", "RecordID": "3844", "Level": "4", "UserID": "S-1-5-19", "EventData.ScenarioId": "{3a5d4378-9d2f-4393-b1e5-34f5fa9a1140}", "EventData.InstanceId": "{157c45bb-ee32-49c2-9278-99a3b6f620a4}", "EventData.OriginalActivityId": "{9af44e25-f457-4dfe-be24-c11a5edb82fa}", "EventData.DiagnosticModuleImageName": "%SystemRoot%\\system32\\diagperf.dll", "EventData.DiagnosticModuleId": "{b171ab1c-60e9-4301-a338-beab1c70b3e9}"}
{"EventID": "120", "Channel": "Microsoft-Windows-Diagnosis-DPS/Operational", "Provider_Name": "Microsoft-Windows-Diagnosis-DPS", "Computer": "DESKTOP-OFJ6N53", "TimeCreated": "2025-07-31 08:15:41.104864+00:00", "RecordID": "3845", "Level": "4", "UserID": "S-1-5-19", "EventData.ScenarioId": "{3a5d4378-9d2f-4393-b1e5-34f5fa9a1140}", "EventData.InstanceId": "{157c45bb-ee32-49c2-9278-99a3b6f620a4}", "EventData.OriginalActivityId": "{9af44e25-f457-4dfe-be24-c11a5edb82fa}", "EventData.DiagnosticModuleImageName": "%SystemRoot%\\system32\\diagperf.dll", "EventData.ResolutionId": "{b171ab1c-60e9-4301-a338-beab1c70b3e9}", "EventData.ResolutionSID": "S-1-1-0", "EventData.ResolutionSessionId": "0", "EventData.ResolutionExpirationDate": "2025-10-29 08:15:41.095697+00:00", "EventData.DiagnosticModuleId": "{b171ab1c-60e9-4301-a338-beab1c70b3e9}"}
{"EventID": "100", "Channel": "Microsoft-Windows-Diagnosis-DPS/Operational", "Provider_Name": "Microsoft-Windows-Diagnosis-DPS", "Computer": "DESKTOP-OFJ6N53", "TimeCreated": "2025-08-12 12:17:51.838720+00:00", "RecordID": "3846", "Level": "4", "UserID": "S-1-5-19", "EventData.ScenarioId": "{2698178d-fdad-40ae-9d3c-1371703adc5b}", "EventData.InstanceId": "{de349487-9016-4cc0-a24d-fda8a2030fac}", "EventData.OriginalActivityId": "{2698178d-fdad-40ae-9d3c-1371703adc5b}", "EventData.DiagnosticModuleImageName": "%SystemRoot%\\system32\\diagperf.dll", "EventData.DiagnosticModuleId": "{15fba3b8-a37a-4f91-bdba-fbb98fe804bf}"}
{"EventID": "105", "Channel": "Microsoft-Windows-Diagnosis-DPS/Operational", "Provider_Name": "Microsoft-Windows-Diagnosis-DPS", "Computer": "DESKTOP-OFJ6N53", "TimeCreated": "2025-08-12 12:17:51.838722+00:00", "RecordID": "3847", "Level": "4", "UserID": "S-1-5-19", "EventData.ScenarioId": "{2698178d-fdad-40ae-9d3c-1371703adc5b}", "EventData.InstanceId": "{de349487-9016-4cc0-a24d-fda8a2030fac}", "EventData.OriginalActivityId": "{2698178d-fdad-40ae-9d3c-1371703adc5b}", "EventData.DiagnosticModuleImageName": "%SystemRoot%\\system32\\diagperf.dll", "EventData.DiagnosticModuleId": "{15fba3b8-a37a-4f91-bdba-fbb98fe804bf}"}
{"EventID": "100", "Channel": "Microsoft-Windows-Diagnosis-DPS/Operational", "Provider_Name": "Microsoft-Windows-Diagnosis-DPS", "Computer": "DESKTOP-OFJ6N53", "TimeCreated": "2025-08-12 12:19:50.910929+00:00", "RecordID": "3848", "Level": "4", "UserID": "S-1-5-19", "EventData.ScenarioId": "{86432a0b-3c7d-4ddf-a89c-172faa90485d}", "EventData.InstanceId": "{751ac139-230a-4dd9-a761-0aa42c1e2feb}", "EventData.OriginalActivityId": "{86432a0b-3c7d-4ddf-a89c-172faa90485d}", "EventData.DiagnosticModuleImageName": "%SystemRoot%\\system32\\diagperf.dll", "EventData.DiagnosticModuleId": "{c8544339-5be9-4f25-862e-485f1b1a6935}"}
{"EventID": "105", "Channel": "Microsoft-Windows-Diagnosis-DPS/Operational", "Provider_Name": "Microsoft-Windows-Diagnosis-DPS", "Computer": "DESKTOP-OFJ6N53", "TimeCreated": "2025-08-12 12:19:50.910933+00:00", "RecordID": "3849", "Level": "4", "UserID": "S-1-5-19", "EventData.ScenarioId": "{86432a0b-3c7d-4ddf-a89c-172faa90485d}", "EventData.InstanceId": "{751ac139-230a-4dd9-a761-0aa42c1e2feb}", "EventData.OriginalActivityId": "{86432a0b-3c7d-4ddf-a89c-172faa90485d}", "EventData.DiagnosticModuleImageName": "%SystemRoot%\\system32\\diagperf.dll", "EventData.DiagnosticModuleId": "{c8544339-5be9-4f25-862e-485f1b1a6935}"}
{"EventID": "110", "Channel": "Microsoft-Windows-Diagnosis-DPS/Operational", "Provider_Name": "Microsoft-Windows-Diagnosis-DPS", "Computer": "DESKTOP-OFJ6N53", "TimeCreated": "2025-08-12 12:21:31.543648+00:00", "RecordID": "3850", "Level": "4", "UserID": "S-1-5-19", "EventData.ScenarioId": "{2698178d-fdad-40ae-9d3c-1371703adc5b}", "EventData.InstanceId": "{de349487-9016-4cc0-a24d-fda8a2030fac}", "EventData.OriginalActivityId": "{2698178d-fdad-40ae-9d3c-1371703adc5b}", "EventData.DiagnosticModuleImageName": "%SystemRoot%\\system32\\diagperf.dll", "EventData.DiagnosticModuleId": "{15fba3b8-a37a-4f91-bdba-fbb98fe804bf}"}
{"EventID": "110", "Channel": "Microsoft-Windows-Diagnosis-DPS/Operational", "Provider_Name": "Microsoft-Windows-Diagnosis-DPS", "Computer": "DESKTOP-OFJ6N53", "TimeCreated": "2025-08-12 12:21:34.229559+00:00", "RecordID": "3851", "Level": "4", "UserID": "S-1-5-19", "EventData.ScenarioId": "{86432a0b-3c7d-4ddf-a89c-172faa90485d}", "EventData.InstanceId": "{751ac139-230a-4dd9-a761-0aa42c1e2feb}", "EventData.OriginalActivityId": "{86432a0b-3c7d-4ddf-a89c-172faa90485d}", "EventData.DiagnosticModuleImageName": "%SystemRoot%\\system32\\diagperf.dll", "EventData.DiagnosticModuleId": "{c8544339-5be9-4f25-862e-485f1b1a6935}"}
{"EventID": "100", "Channel": "Microsoft-Windows-Diagnosis-DPS/Operational", "Provider_Name": "Microsoft-Windows-Diagnosis-DPS", "Computer": "DESKTOP-OFJ6N53", "TimeCreated": "2025-08-13 13:28:11.908285+00:00", "RecordID": "3852", "Level": "4", "UserID": "S-1-5-19", "EventData.ScenarioId": "{180b3a99-8c39-4f12-b631-2031998efe45}", "EventData.InstanceId": "{2f5aa63e-257f-45b2-bc2f-f534715eb3ba}", "EventData.OriginalActivityId": "{00000000-0000-0000-0000-000000000000}", "EventData.DiagnosticModuleImageName": "%windir%\\system32\\radardt.dll", "EventData.DiagnosticModuleId": "{45de1ea9-10bc-4f96-9b21-4b6b83dbf476}"}
{"EventID": "105", "Channel": "Microsoft-Windows-Diagnosis-DPS/Operational", "Provider_Name": "Microsoft-Windows-Diagnosis-DPS", "Computer": "DESKTOP-OFJ6N53", "TimeCreated": "2025-08-13 13:28:11.908302+00:00", "RecordID": "3853", "Level": "4", "UserID": "S-1-5-19", "EventData.ScenarioId": "{180b3a99-8c39-4f12-b631-2031998efe45}", "EventData.InstanceId": "{2f5aa63e-257f-45b2-bc2f-f534715eb3ba}", "EventData.OriginalActivityId": "{00000000-0000-0000-0000-000000000000}", "EventData.DiagnosticModuleImageName": "%windir%\\system32\\radardt.dll", "EventData.DiagnosticModuleId": "{45de1ea9-10bc-4f96-9b21-4b6b83dbf476}"}
{"EventID": "115", "Channel": "Microsoft-Windows-Diagnosis-DPS/Operational", "Provider_Name": "Microsoft-Windows-Diagnosis-DPS", "Computer": "DESKTOP-OFJ6N53", "TimeCreated": "2025-08-13 13:28:11.911312+00:00", "RecordID": "3854", "Level": "4", "UserID": "S-1-5-19", "EventData.ScenarioId": "{180b3a99-8c39-4f12-b631-2031998efe45}", "EventData.InstanceId": "{2f5aa63e-257f-45b2-bc2f-f534715eb3ba}", "EventData.OriginalActivityId": "{00000000-0000-0000-0000-000000000000}", "EventData.DiagnosticModuleImageName": "%windir%\\system32\\radardt.dll", "EventData.ResolutionId": "{5ee64afb-398d-4edb-af71-3b830219abf7}", "EventData.ResolutionSID": "S-1-5-21-963789628-1060504924-4285088085-1001", "EventData.ResolutionSessionId": "1", "EventData.ResolutionExpirationDate": "0001-01-01 00:00:00", "EventData.DiagnosticModuleId": "{45de1ea9-10bc-4f96-9b21-4b6b83dbf476}"}
{"EventID": "125", "Channel": "Microsoft-Windows-Diagnosis-DPS/Operational", "Provider_Name": "Microsoft-Windows-Diagnosis-DPS", "Computer": "DESKTOP-OFJ6N53", "TimeCreated": "2025-08-13 13:28:12.125916+00:00", "RecordID": "3855", "Level": "4", "UserID": "S-1-5-19", "EventData.ScenarioId": "{180b3a99-8c39-4f12-b631-2031998efe45}", "EventData.InstanceId": "{2f5aa63e-257f-45b2-bc2f-f534715eb3ba}", "EventData.OriginalActivityId": "{00000000-0000-0000-0000-000000000000}", "EventData.DiagnosticModuleImageName": "%windir%\\system32\\radarrs.dll", "EventData.DiagnosticModuleId": "{5ee64afb-398d-4edb-af71-3b830219abf7}"}
{"EventID": "130", "Channel": "Microsoft-Windows-Diagnosis-DPS/Operational", "Provider_Name": "Microsoft-Windows-Diagnosis-DPS", "Computer": "DESKTOP-OFJ6N53", "TimeCreated": "2025-08-13 13:28:15.932430+00:00", "RecordID": "3856", "Level": "4", "UserID": "S-1-5-19", "EventData.ScenarioId": "{180b3a99-8c39-4f12-b631-2031998efe45}", "EventData.InstanceId": "{2f5aa63e-257f-45b2-bc2f-f534715eb3ba}", "EventData.OriginalActivityId": "{00000000-0000-0000-0000-000000000000}", "EventData.DiagnosticModuleImageName": "%windir%\\system32\\radarrs.dll", "EventData.DiagnosticModuleId": "{5ee64afb-398d-4edb-af71-3b830219abf7}"}
{"EventID": "135", "Channel": "Microsoft-Windows-Diagnosis-DPS/Operational", "Provider_Name": "Microsoft-Windows-Diagnosis-DPS", "Computer": "DESKTOP-OFJ6N53", "TimeCreated": "2025-08-13 14:39:23.833452+00:00", "RecordID": "3857", "Level": "2", "UserID": "S-1-5-19", "EventData.ScenarioId": "{fd5aa730-b53f-4b39-84e5-cb4303621d74}", "EventData.InstanceId": "{7b1f2b58-9b45-4e76-b4f4-c77294a799a1}", "EventData.OriginalActivityId": "{00000000-0000-0000-0000-000000000000}", "EventData.StatusCode": "2147943515", "EventData.DiagnosticModuleImageName": "%SystemRoot%\\system32\\perftrack.dll", "EventData.DiagnosticModuleId": "{9c5a40da-b965-4fc3-8781-88dd50a6299d}"}
{"EventID": "100", "Channel": "Microsoft-Windows-Diagnosis-DPS/Operational", "Provider_Name": "Microsoft-Windows-Diagnosis-DPS", "Computer": "DESKTOP-OFJ6N53", "TimeCreated": "2025-08-13 14:40:26.657103+00:00", "RecordID": "3858", "Level": "4", "UserID": "S-1-5-19", "EventData.ScenarioId": "{2698178d-fdad-40ae-9d3c-1371703adc5b}", "EventData.InstanceId": "{36fd6d21-25c0-47c6-b2ba-4215a1522f9a}", "EventData.OriginalActivityId": "{2698178d-fdad-40ae-9d3c-1371703adc5b}", "EventData.DiagnosticModuleImageName": "%SystemRoot%\\system32\\diagperf.dll", "EventData.DiagnosticModuleId": "{15fba3b8-a37a-4f91-bdba-fbb98fe804bf}"}
{"EventID": "105", "Channel": "Microsoft-Windows-Diagnosis-DPS/Operational", "Provider_Name": "Microsoft-Windows-Diagnosis-DPS", "Computer": "DESKTOP-OFJ6N53", "TimeCreated": "2025-08-13 14:40:26.657106+00:00", "RecordID": "3859", "Level": "4", "UserID": "S-1-5-19", "EventData.ScenarioId": "{2698178d-fdad-40ae-9d3c-1371703adc5b}", "EventData.InstanceId": "{36fd6d21-25c0-47c6-b2ba-4215a1522f9a}", "EventData.OriginalActivityId": "{2698178d-fdad-40ae-9d3c-1371703adc5b}", "EventData.DiagnosticModuleImageName": "%SystemRoot%\\system32\\diagperf.dll", "EventData.DiagnosticModuleId": "{15fba3b8-a37a-4f91-bdba-fbb98fe804bf}"}
{"EventID": "100", "Channel": "Microsoft-Windows-Diagnosis-DPS/Operational", "Provider_Name": "Microsoft-Windows-Diagnosis-DPS", "Computer": "DESKTOP-OFJ6N53", "TimeCreated": "2025-08-13 14:44:39.716450+00:00", "RecordID": "3860", "Level": "4", "UserID": "S-1-5-19", "EventData.ScenarioId": "{86432a0b-3c7d-4ddf-a89c-172faa90485d}", "EventData.InstanceId": "{ae49eb86-bd61-49fa-9a9c-18e649894138}", "EventData.OriginalActivityId": "{86432a0b-3c7d-4ddf-a89c-172faa90485d}", "EventData.DiagnosticModuleImageName": "%SystemRoot%\\system32\\diagperf.dll", "EventData.DiagnosticModuleId": "{c8544339-5be9-4f25-862e-485f1b1a6935}"}
{"EventID": "105", "Channel": "Microsoft-Windows-Diagnosis-DPS/Operational", "Provider_Name": "Microsoft-Windows-Diagnosis-DPS", "Computer": "DESKTOP-OFJ6N53", "TimeCreated": "2025-08-13 14:44:39.716455+00:00", "RecordID": "3861", "Level": "4", "UserID": "S-1-5-19", "EventData.ScenarioId": "{86432a0b-3c7d-4ddf-a89c-172faa90485d}", "EventData.InstanceId": "{ae49eb86-bd61-49fa-9a9c-18e649894138}", "EventData.OriginalActivityId": "{86432a0b-3c7d-4ddf-a89c-172faa90485d}", "EventData.DiagnosticModuleImageName": "%SystemRoot%\\system32\\diagperf.dll", "EventData.DiagnosticModuleId": "{c8544339-5be9-4f25-862e-485f1b1a6935}"}
