{"EventID": "500", "Channel": "Microsoft-Windows-Application-Experience/Program-Telemetry", "Provider_Name": "Microsoft-Windows-Application-Experience", "Computer": "DESKTOP-OFJ6N53", "TimeCreated": "2025-07-16 09:52:35.694025+00:00", "RecordID": "16670", "Level": "4", "UserID": "S-1-5-21-963789628-1060504924-4285088085-1001"}
{"EventID": "500", "Channel": "Microsoft-Windows-Application-Experience/Program-Telemetry", "Provider_Name": "Microsoft-Windows-Application-Experience", "Computer": "DESKTOP-OFJ6N53", "TimeCreated": "2025-07-16 09:52:35.705072+00:00", "RecordID": "16671", "Level": "4", "UserID": "S-1-5-21-963789628-1060504924-4285088085-1001"}
{"EventID": "500", "Channel": "Microsoft-Windows-Application-Experience/Program-Telemetry", "Provider_Name": "Microsoft-Windows-Application-Experience", "Computer": "DESKTOP-OFJ6N53", "TimeCreated": "2025-07-16 09:54:05.708397+00:00", "RecordID": "16672", "Level": "4", "UserID": "S-1-5-21-963789628-1060504924-4285088085-1001"}
{"EventID": "500", "Channel": "Microsoft-Windows-Application-Experience/Program-Telemetry", "Provider_Name": "Microsoft-Windows-Application-Experience", "Computer": "DESKTOP-OFJ6N53", "TimeCreated": "2025-07-16 09:55:05.766768+00:00", "RecordID": "16673", "Level": "4", "UserID": "S-1-5-21-963789628-1060504924-4285088085-1001"}
{"EventID": "505", "Channel": "Microsoft-Windows-Application-Experience/Program-Telemetry", "Provider_Name": "Microsoft-Windows-Application-Experience", "Computer": "DESKTOP-OFJ6N53", "TimeCreated": "2025-07-16 10:38:24.465015+00:00", "RecordID": "16674", "Level": "4", "UserID": "S-1-5-21-963789628-1060504924-4285088085-1001"}
{"EventID": "505", "Channel": "Microsoft-Windows-Application-Experience/Program-Telemetry", "Provider_Name": "Microsoft-Windows-Application-Experience", "Computer": "DESKTOP-OFJ6N53", "TimeCreated": "2025-07-16 10:38:31.604675+00:00", "RecordID": "16675", "Level": "4", "UserID": "S-1-5-21-963789628-1060504924-4285088085-1001"}
{"EventID": "505", "Channel": "Microsoft-Windows-Application-Experience/Program-Telemetry", "Provider_Name": "Microsoft-Windows-Application-Experience", "Computer": "DESKTOP-OFJ6N53", "TimeCreated": "2025-07-16 10:47:14.980778+00:00", "RecordID": "16676", "Level": "4", "UserID": "S-1-5-21-963789628-1060504924-4285088085-1001"}
{"EventID": "505", "Channel": "Microsoft-Windows-Application-Experience/Program-Telemetry", "Provider_Name": "Microsoft-Windows-Application-Experience", "Computer": "DESKTOP-OFJ6N53", "TimeCreated": "2025-07-16 10:47:15.087851+00:00", "RecordID": "16677", "Level": "4", "UserID": "S-1-5-21-963789628-1060504924-4285088085-1001"}
{"EventID": "505", "Channel": "Microsoft-Windows-Application-Experience/Program-Telemetry", "Provider_Name": "Microsoft-Windows-Application-Experience", "Computer": "DESKTOP-OFJ6N53", "TimeCreated": "2025-07-16 12:56:37.329958+00:00", "RecordID": "16678", "Level": "4", "UserID": "S-1-5-21-963789628-1060504924-4285088085-1001"}
{"EventID": "505", "Channel": "Microsoft-Windows-Application-Experience/Program-Telemetry", "Provider_Name": "Microsoft-Windows-Application-Experience", "Computer": "DESKTOP-OFJ6N53", "TimeCreated": "2025-07-16 13:12:37.384434+00:00", "RecordID": "16679", "Level": "4", "UserID": "S-1-5-21-963789628-1060504924-4285088085-1001"}
{"EventID": "505", "Channel": "Microsoft-Windows-Application-Experience/Program-Telemetry", "Provider_Name": "Microsoft-Windows-Application-Experience", "Computer": "DESKTOP-OFJ6N53", "TimeCreated": "2025-07-16 13:21:29.624332+00:00", "RecordID": "16680", "Level": "4", "UserID": "S-1-5-21-963789628-1060504924-4285088085-1001"}
{"EventID": "505", "Channel": "Microsoft-Windows-Application-Experience/Program-Telemetry", "Provider_Name": "Microsoft-Windows-Application-Experience", "Computer": "DESKTOP-OFJ6N53", "TimeCreated": "2025-07-16 13:21:29.740122+00:00", "RecordID": "16681", "Level": "4", "UserID": "S-1-5-21-963789628-1060504924-4285088085-1001"}
{"EventID": "505", "Channel": "Microsoft-Windows-Application-Experience/Program-Telemetry", "Provider_Name": "Microsoft-Windows-Application-Experience", "Computer": "DESKTOP-OFJ6N53", "TimeCreated": "2025-07-16 13:21:30.369358+00:00", "RecordID": "16682", "Level": "4", "UserID": "S-1-5-21-963789628-1060504924-4285088085-1001"}
{"EventID": "505", "Channel": "Microsoft-Windows-Application-Experience/Program-Telemetry", "Provider_Name": "Microsoft-Windows-Application-Experience", "Computer": "DESKTOP-OFJ6N53", "TimeCreated": "2025-07-16 13:21:30.392813+00:00", "RecordID": "16683", "Level": "4", "UserID": "S-1-5-21-963789628-1060504924-4285088085-1001"}
{"EventID": "505", "Channel": "Microsoft-Windows-Application-Experience/Program-Telemetry", "Provider_Name": "Microsoft-Windows-Application-Experience", "Computer": "DESKTOP-OFJ6N53", "TimeCreated": "2025-07-16 13:21:36.346169+00:00", "RecordID": "16684", "Level": "4", "UserID": "S-1-5-21-963789628-1060504924-4285088085-1001"}
{"EventID": "505", "Channel": "Microsoft-Windows-Application-Experience/Program-Telemetry", "Provider_Name": "Microsoft-Windows-Application-Experience", "Computer": "DESKTOP-OFJ6N53", "TimeCreated": "2025-07-16 13:22:00.420938+00:00", "RecordID": "16685", "Level": "4", "UserID": "S-1-5-21-963789628-1060504924-4285088085-1001"}
{"EventID": "505", "Channel": "Microsoft-Windows-Application-Experience/Program-Telemetry", "Provider_Name": "Microsoft-Windows-Application-Experience", "Computer": "DESKTOP-OFJ6N53", "TimeCreated": "2025-07-16 13:22:00.425776+00:00", "RecordID": "16686", "Level": "4", "UserID": "S-1-5-21-963789628-1060504924-4285088085-1001"}
{"EventID": "505", "Channel": "Microsoft-Windows-Application-Experience/Program-Telemetry", "Provider_Name": "Microsoft-Windows-Application-Experience", "Computer": "DESKTOP-OFJ6N53", "TimeCreated": "2025-07-16 13:22:00.428265+00:00", "RecordID": "16687", "Level": "4", "UserID": "S-1-5-21-963789628-1060504924-4285088085-1001"}
{"EventID": "505", "Channel": "Microsoft-Windows-Application-Experience/Program-Telemetry", "Provider_Name": "Microsoft-Windows-Application-Experience", "Computer": "DESKTOP-OFJ6N53", "TimeCreated": "2025-07-16 13:32:24.568703+00:00", "RecordID": "16688", "Level": "4", "UserID": "S-1-5-21-963789628-1060504924-4285088085-1001"}
{"EventID": "505", "Channel": "Microsoft-Windows-Application-Experience/Program-Telemetry", "Provider_Name": "Microsoft-Windows-Application-Experience", "Computer": "DESKTOP-OFJ6N53", "TimeCreated": "2025-07-16 13:32:24.640978+00:00", "RecordID": "16689", "Level": "4", "UserID": "S-1-5-21-963789628-1060504924-4285088085-1001"}
{"EventID": "505", "Channel": "Microsoft-Windows-Application-Experience/Program-Telemetry", "Provider_Name": "Microsoft-Windows-Application-Experience", "Computer": "DESKTOP-OFJ6N53", "TimeCreated": "2025-07-16 13:32:24.946152+00:00", "RecordID": "16690", "Level": "4", "UserID": "S-1-5-21-963789628-1060504924-4285088085-1001"}
{"EventID": "505", "Channel": "Microsoft-Windows-Application-Experience/Program-Telemetry", "Provider_Name": "Microsoft-Windows-Application-Experience", "Computer": "DESKTOP-OFJ6N53", "TimeCreated": "2025-07-16 13:32:25.086842+00:00", "RecordID": "16691", "Level": "4", "UserID": "S-1-5-21-963789628-1060504924-4285088085-1001"}
{"EventID": "505", "Channel": "Microsoft-Windows-Application-Experience/Program-Telemetry", "Provider_Name": "Microsoft-Windows-Application-Experience", "Computer": "DESKTOP-OFJ6N53", "TimeCreated": "2025-07-16 13:32:28.501350+00:00", "RecordID": "16692", "Level": "4", "UserID": "S-1-5-21-963789628-1060504924-4285088085-1001"}
{"EventID": "505", "Channel": "Microsoft-Windows-Application-Experience/Program-Telemetry", "Provider_Name": "Microsoft-Windows-Application-Experience", "Computer": "DESKTOP-OFJ6N53", "TimeCreated": "2025-07-16 13:38:35.847973+00:00", "RecordID": "16693", "Level": "4", "UserID": "S-1-5-21-963789628-1060504924-4285088085-1001"}
{"EventID": "505", "Channel": "Microsoft-Windows-Application-Experience/Program-Telemetry", "Provider_Name": "Microsoft-Windows-Application-Experience", "Computer": "DESKTOP-OFJ6N53", "TimeCreated": "2025-07-16 13:38:35.927311+00:00", "RecordID": "16694", "Level": "4", "UserID": "S-1-5-21-963789628-1060504924-4285088085-1001"}
{"EventID": "505", "Channel": "Microsoft-Windows-Application-Experience/Program-Telemetry", "Provider_Name": "Microsoft-Windows-Application-Experience", "Computer": "DESKTOP-OFJ6N53", "TimeCreated": "2025-07-16 13:38:36.180964+00:00", "RecordID": "16695", "Level": "4", "UserID": "S-1-5-21-963789628-1060504924-4285088085-1001"}
{"EventID": "505", "Channel": "Microsoft-Windows-Application-Experience/Program-Telemetry", "Provider_Name": "Microsoft-Windows-Application-Experience", "Computer": "DESKTOP-OFJ6N53", "TimeCreated": "2025-07-16 13:38:36.294724+00:00", "RecordID": "16696", "Level": "4", "UserID": "S-1-5-21-963789628-1060504924-4285088085-1001"}
{"EventID": "505", "Channel": "Microsoft-Windows-Application-Experience/Program-Telemetry", "Provider_Name": "Microsoft-Windows-Application-Experience", "Computer": "DESKTOP-OFJ6N53", "TimeCreated": "2025-07-16 13:38:39.712021+00:00", "RecordID": "16697", "Level": "4", "UserID": "S-1-5-21-963789628-1060504924-4285088085-1001"}
{"EventID": "505", "Channel": "Microsoft-Windows-Application-Experience/Program-Telemetry", "Provider_Name": "Microsoft-Windows-Application-Experience", "Computer": "DESKTOP-OFJ6N53", "TimeCreated": "2025-07-16 14:18:31.279781+00:00", "RecordID": "16698", "Level": "4", "UserID": "S-1-5-21-963789628-1060504924-4285088085-1001"}
{"EventID": "505", "Channel": "Microsoft-Windows-Application-Experience/Program-Telemetry", "Provider_Name": "Microsoft-Windows-Application-Experience", "Computer": "DESKTOP-OFJ6N53", "TimeCreated": "2025-07-16 14:18:31.349960+00:00", "RecordID": "16699", "Level": "4", "UserID": "S-1-5-21-963789628-1060504924-4285088085-1001"}
{"EventID": "505", "Channel": "Microsoft-Windows-Application-Experience/Program-Telemetry", "Provider_Name": "Microsoft-Windows-Application-Experience", "Computer": "DESKTOP-OFJ6N53", "TimeCreated": "2025-07-16 14:18:31.660290+00:00", "RecordID": "16700", "Level": "4", "UserID": "S-1-5-21-963789628-1060504924-4285088085-1001"}
{"EventID": "505", "Channel": "Microsoft-Windows-Application-Experience/Program-Telemetry", "Provider_Name": "Microsoft-Windows-Application-Experience", "Computer": "DESKTOP-OFJ6N53", "TimeCreated": "2025-07-16 14:18:31.738354+00:00", "RecordID": "16701", "Level": "4", "UserID": "S-1-5-21-963789628-1060504924-4285088085-1001"}
{"EventID": "505", "Channel": "Microsoft-Windows-Application-Experience/Program-Telemetry", "Provider_Name": "Microsoft-Windows-Application-Experience", "Computer": "DESKTOP-OFJ6N53", "TimeCreated": "2025-07-16 14:18:35.192226+00:00", "RecordID": "16702", "Level": "4", "UserID": "S-1-5-21-963789628-1060504924-4285088085-1001"}
{"EventID": "505", "Channel": "Microsoft-Windows-Application-Experience/Program-Telemetry", "Provider_Name": "Microsoft-Windows-Application-Experience", "Computer": "DESKTOP-OFJ6N53", "TimeCreated": "2025-07-17 00:56:47.402149+00:00", "RecordID": "16703", "Level": "4", "UserID": "S-1-5-21-963789628-1060504924-4285088085-1001"}
{"EventID": "505", "Channel": "Microsoft-Windows-Application-Experience/Program-Telemetry", "Provider_Name": "Microsoft-Windows-Application-Experience", "Computer": "DESKTOP-OFJ6N53", "TimeCreated": "2025-07-17 00:56:49.617844+00:00", "RecordID": "16704", "Level": "4", "UserID": "S-1-5-21-963789628-1060504924-4285088085-1001"}
{"EventID": "505", "Channel": "Microsoft-Windows-Application-Experience/Program-Telemetry", "Provider_Name": "Microsoft-Windows-Application-Experience", "Computer": "DESKTOP-OFJ6N53", "TimeCreated": "2025-07-17 12:56:49.362104+00:00", "RecordID": "16705", "Level": "4", "UserID": "S-1-5-21-963789628-1060504924-4285088085-1001"}
{"EventID": "505", "Channel": "Microsoft-Windows-Application-Experience/Program-Telemetry", "Provider_Name": "Microsoft-Windows-Application-Experience", "Computer": "DESKTOP-OFJ6N53", "TimeCreated": "2025-07-17 12:56:50.341785+00:00", "RecordID": "16706", "Level": "4", "UserID": "S-1-5-21-963789628-1060504924-4285088085-1001"}
{"EventID": "500", "Channel": "Microsoft-Windows-Application-Experience/Program-Telemetry", "Provider_Name": "Microsoft-Windows-Application-Experience", "Computer": "DESKTOP-OFJ6N53", "TimeCreated": "2025-07-18 00:11:34.447248+00:00", "RecordID": "16707", "Level": "4", "UserID": "S-1-5-18"}
{"EventID": "505", "Channel": "Microsoft-Windows-Application-Experience/Program-Telemetry", "Provider_Name": "Microsoft-Windows-Application-Experience", "Computer": "DESKTOP-OFJ6N53", "TimeCreated": "2025-07-18 00:11:36.230495+00:00", "RecordID": "16708", "Level": "4", "UserID": "S-1-5-18"}
{"EventID": "505", "Channel": "Microsoft-Windows-Application-Experience/Program-Telemetry", "Provider_Name": "Microsoft-Windows-Application-Experience", "Computer": "DESKTOP-OFJ6N53", "TimeCreated": "2025-07-18 00:12:42.105005+00:00", "RecordID": "16709", "Level": "4", "UserID": "S-1-5-18"}
{"EventID": "505", "Channel": "Microsoft-Windows-Application-Experience/Program-Telemetry", "Provider_Name": "Microsoft-Windows-Application-Experience", "Computer": "DESKTOP-OFJ6N53", "TimeCreated": "2025-07-18 00:12:42.474987+00:00", "RecordID": "16710", "Level": "4", "UserID": "S-1-5-18"}
{"EventID": "505", "Channel": "Microsoft-Windows-Application-Experience/Program-Telemetry", "Provider_Name": "Microsoft-Windows-Application-Experience", "Computer": "DESKTOP-OFJ6N53", "TimeCreated": "2025-07-18 00:56:50.527973+00:00", "RecordID": "16711", "Level": "4", "UserID": "S-1-5-21-963789628-1060504924-4285088085-1001"}
{"EventID": "505", "Channel": "Microsoft-Windows-Application-Experience/Program-Telemetry", "Provider_Name": "Microsoft-Windows-Application-Experience", "Computer": "DESKTOP-OFJ6N53", "TimeCreated": "2025-07-18 00:56:51.415558+00:00", "RecordID": "16712", "Level": "4", "UserID": "S-1-5-21-963789628-1060504924-4285088085-1001"}
{"EventID": "505", "Channel": "Microsoft-Windows-Application-Experience/Program-Telemetry", "Provider_Name": "Microsoft-Windows-Application-Experience", "Computer": "DESKTOP-OFJ6N53", "TimeCreated": "2025-07-18 12:56:48.601439+00:00", "RecordID": "16713", "Level": "4", "UserID": "S-1-5-21-963789628-1060504924-4285088085-1001"}
{"EventID": "505", "Channel": "Microsoft-Windows-Application-Experience/Program-Telemetry", "Provider_Name": "Microsoft-Windows-Application-Experience", "Computer": "DESKTOP-OFJ6N53", "TimeCreated": "2025-07-18 12:56:49.142748+00:00", "RecordID": "16714", "Level": "4", "UserID": "S-1-5-21-963789628-1060504924-4285088085-1001"}
{"EventID": "505", "Channel": "Microsoft-Windows-Application-Experience/Program-Telemetry", "Provider_Name": "Microsoft-Windows-Application-Experience", "Computer": "DESKTOP-OFJ6N53", "TimeCreated": "2025-07-19 00:56:50.464838+00:00", "RecordID": "16715", "Level": "4", "UserID": "S-1-5-21-963789628-1060504924-4285088085-1001"}
{"EventID": "505", "Channel": "Microsoft-Windows-Application-Experience/Program-Telemetry", "Provider_Name": "Microsoft-Windows-Application-Experience", "Computer": "DESKTOP-OFJ6N53", "TimeCreated": "2025-07-19 00:56:51.125893+00:00", "RecordID": "16716", "Level": "4", "UserID": "S-1-5-21-963789628-1060504924-4285088085-1001"}
{"EventID": "505", "Channel": "Microsoft-Windows-Application-Experience/Program-Telemetry", "Provider_Name": "Microsoft-Windows-Application-Experience", "Computer": "DESKTOP-OFJ6N53", "TimeCreated": "2025-07-19 12:56:48.587965+00:00", "RecordID": "16717", "Level": "4", "UserID": "S-1-5-21-963789628-1060504924-4285088085-1001"}
{"EventID": "505", "Channel": "Microsoft-Windows-Application-Experience/Program-Telemetry", "Provider_Name": "Microsoft-Windows-Application-Experience", "Computer": "DESKTOP-OFJ6N53", "TimeCreated": "2025-07-19 12:56:49.191294+00:00", "RecordID": "16718", "Level": "4", "UserID": "S-1-5-21-963789628-1060504924-4285088085-1001"}
{"EventID": "505", "Channel": "Microsoft-Windows-Application-Experience/Program-Telemetry", "Provider_Name": "Microsoft-Windows-Application-Experience", "Computer": "DESKTOP-OFJ6N53", "TimeCreated": "2025-07-20 00:56:50.425451+00:00", "RecordID": "16719", "Level": "4", "UserID": "S-1-5-21-963789628-1060504924-4285088085-1001"}
{"EventID": "505", "Channel": "Microsoft-Windows-Application-Experience/Program-Telemetry", "Provider_Name": "Microsoft-Windows-Application-Experience", "Computer": "DESKTOP-OFJ6N53", "TimeCreated": "2025-07-20 00:56:51.132975+00:00", "RecordID": "16720", "Level": "4", "UserID": "S-1-5-21-963789628-1060504924-4285088085-1001"}
{"EventID": "505", "Channel": "Microsoft-Windows-Application-Experience/Program-Telemetry", "Provider_Name": "Microsoft-Windows-Application-Experience", "Computer": "DESKTOP-OFJ6N53", "TimeCreated": "2025-07-20 12:56:53.814899+00:00", "RecordID": "16721", "Level": "4", "UserID": "S-1-5-21-963789628-1060504924-4285088085-1001"}
{"EventID": "505", "Channel": "Microsoft-Windows-Application-Experience/Program-Telemetry", "Provider_Name": "Microsoft-Windows-Application-Experience", "Computer": "DESKTOP-OFJ6N53", "TimeCreated": "2025-07-20 12:56:54.272736+00:00", "RecordID": "16722", "Level": "4", "UserID": "S-1-5-21-963789628-1060504924-4285088085-1001"}
{"EventID": "505", "Channel": "Microsoft-Windows-Application-Experience/Program-Telemetry", "Provider_Name": "Microsoft-Windows-Application-Experience", "Computer": "DESKTOP-OFJ6N53", "TimeCreated": "2025-07-21 00:56:58.987732+00:00", "RecordID": "16723", "Level": "4", "UserID": "S-1-5-21-963789628-1060504924-4285088085-1001"}
{"EventID": "505", "Channel": "Microsoft-Windows-Application-Experience/Program-Telemetry", "Provider_Name": "Microsoft-Windows-Application-Experience", "Computer": "DESKTOP-OFJ6N53", "TimeCreated": "2025-07-21 00:56:59.684320+00:00", "RecordID": "16724", "Level": "4", "UserID": "S-1-5-21-963789628-1060504924-4285088085-1001"}
{"EventID": "505", "Channel": "Microsoft-Windows-Application-Experience/Program-Telemetry", "Provider_Name": "Microsoft-Windows-Application-Experience", "Computer": "DESKTOP-OFJ6N53", "TimeCreated": "2025-07-21 12:57:03.964750+00:00", "RecordID": "16725", "Level": "4", "UserID": "S-1-5-21-963789628-1060504924-4285088085-1001"}
{"EventID": "505", "Channel": "Microsoft-Windows-Application-Experience/Program-Telemetry", "Provider_Name": "Microsoft-Windows-Application-Experience", "Computer": "DESKTOP-OFJ6N53", "TimeCreated": "2025-07-21 12:57:04.556032+00:00", "RecordID": "16726", "Level": "4", "UserID": "S-1-5-21-963789628-1060504924-4285088085-1001"}
{"EventID": "505", "Channel": "Microsoft-Windows-Application-Experience/Program-Telemetry", "Provider_Name": "Microsoft-Windows-Application-Experience", "Computer": "DESKTOP-OFJ6N53", "TimeCreated": "2025-07-22 00:56:50.213037+00:00", "RecordID": "16727", "Level": "4", "UserID": "S-1-5-21-963789628-1060504924-4285088085-1001"}
{"EventID": "505", "Channel": "Microsoft-Windows-Application-Experience/Program-Telemetry", "Provider_Name": "Microsoft-Windows-Application-Experience", "Computer": "DESKTOP-OFJ6N53", "TimeCreated": "2025-07-22 00:56:50.791079+00:00", "RecordID": "16728", "Level": "4", "UserID": "S-1-5-21-963789628-1060504924-4285088085-1001"}
{"EventID": "505", "Channel": "Microsoft-Windows-Application-Experience/Program-Telemetry", "Provider_Name": "Microsoft-Windows-Application-Experience", "Computer": "DESKTOP-OFJ6N53", "TimeCreated": "2025-07-22 12:56:55.349115+00:00", "RecordID": "16729", "Level": "4", "UserID": "S-1-5-21-963789628-1060504924-4285088085-1001"}
{"EventID": "505", "Channel": "Microsoft-Windows-Application-Experience/Program-Telemetry", "Provider_Name": "Microsoft-Windows-Application-Experience", "Computer": "DESKTOP-OFJ6N53", "TimeCreated": "2025-07-22 12:56:56.028913+00:00", "RecordID": "16730", "Level": "4", "UserID": "S-1-5-21-963789628-1060504924-4285088085-1001"}
{"EventID": "505", "Channel": "Microsoft-Windows-Application-Experience/Program-Telemetry", "Provider_Name": "Microsoft-Windows-Application-Experience", "Computer": "DESKTOP-OFJ6N53", "TimeCreated": "2025-07-23 00:57:19.888870+00:00", "RecordID": "16731", "Level": "4", "UserID": "S-1-5-21-963789628-1060504924-4285088085-1001"}
{"EventID": "505", "Channel": "Microsoft-Windows-Application-Experience/Program-Telemetry", "Provider_Name": "Microsoft-Windows-Application-Experience", "Computer": "DESKTOP-OFJ6N53", "TimeCreated": "2025-07-23 00:57:20.690386+00:00", "RecordID": "16732", "Level": "4", "UserID": "S-1-5-21-963789628-1060504924-4285088085-1001"}
{"EventID": "500", "Channel": "Microsoft-Windows-Application-Experience/Program-Telemetry", "Provider_Name": "Microsoft-Windows-Application-Experience", "Computer": "DESKTOP-OFJ6N53", "TimeCreated": "2025-07-23 08:41:22.369091+00:00", "RecordID": "16733", "Level": "4", "UserID": "S-1-5-21-963789628-1060504924-4285088085-1001"}
{"EventID": "505", "Channel": "Microsoft-Windows-Application-Experience/Program-Telemetry", "Provider_Name": "Microsoft-Windows-Application-Experience", "Computer": "DESKTOP-OFJ6N53", "TimeCreated": "2025-07-23 20:27:13.654095+00:00", "RecordID": "16734", "Level": "4", "UserID": "S-1-5-21-963789628-1060504924-4285088085-1001"}
{"EventID": "505", "Channel": "Microsoft-Windows-Application-Experience/Program-Telemetry", "Provider_Name": "Microsoft-Windows-Application-Experience", "Computer": "DESKTOP-OFJ6N53", "TimeCreated": "2025-07-23 20:27:14.417131+00:00", "RecordID": "16735", "Level": "4", "UserID": "S-1-5-21-963789628-1060504924-4285088085-1001"}
{"EventID": "505", "Channel": "Microsoft-Windows-Application-Experience/Program-Telemetry", "Provider_Name": "Microsoft-Windows-Application-Experience", "Computer": "DESKTOP-OFJ6N53", "TimeCreated": "2025-07-24 08:26:43.849333+00:00", "RecordID": "16736", "Level": "4", "UserID": "S-1-5-21-963789628-1060504924-4285088085-1001"}
{"EventID": "505", "Channel": "Microsoft-Windows-Application-Experience/Program-Telemetry", "Provider_Name": "Microsoft-Windows-Application-Experience", "Computer": "DESKTOP-OFJ6N53", "TimeCreated": "2025-07-24 08:26:44.309170+00:00", "RecordID": "16737", "Level": "4", "UserID": "S-1-5-21-963789628-1060504924-4285088085-1001"}
{"EventID": "500", "Channel": "Microsoft-Windows-Application-Experience/Program-Telemetry", "Provider_Name": "Microsoft-Windows-Application-Experience", "Computer": "DESKTOP-OFJ6N53", "TimeCreated": "2025-07-24 20:23:04.595375+00:00", "RecordID": "16738", "Level": "4", "UserID": "S-1-5-18"}
{"EventID": "505", "Channel": "Microsoft-Windows-Application-Experience/Program-Telemetry", "Provider_Name": "Microsoft-Windows-Application-Experience", "Computer": "DESKTOP-OFJ6N53", "TimeCreated": "2025-07-24 20:23:04.896320+00:00", "RecordID": "16739", "Level": "4", "UserID": "S-1-5-18"}
{"EventID": "505", "Channel": "Microsoft-Windows-Application-Experience/Program-Telemetry", "Provider_Name": "Microsoft-Windows-Application-Experience", "Computer": "DESKTOP-OFJ6N53", "TimeCreated": "2025-07-24 20:23:09.524170+00:00", "RecordID": "16740", "Level": "4", "UserID": "S-1-5-18"}
{"EventID": "505", "Channel": "Microsoft-Windows-Application-Experience/Program-Telemetry", "Provider_Name": "Microsoft-Windows-Application-Experience", "Computer": "DESKTOP-OFJ6N53", "TimeCreated": "2025-07-24 20:23:09.669792+00:00", "RecordID": "16741", "Level": "4", "UserID": "S-1-5-18"}
{"EventID": "505", "Channel": "Microsoft-Windows-Application-Experience/Program-Telemetry", "Provider_Name": "Microsoft-Windows-Application-Experience", "Computer": "DESKTOP-OFJ6N53", "TimeCreated": "2025-07-24 20:27:13.694853+00:00", "RecordID": "16742", "Level": "4", "UserID": "S-1-5-21-963789628-1060504924-4285088085-1001"}
{"EventID": "505", "Channel": "Microsoft-Windows-Application-Experience/Program-Telemetry", "Provider_Name": "Microsoft-Windows-Application-Experience", "Computer": "DESKTOP-OFJ6N53", "TimeCreated": "2025-07-24 20:27:15.429327+00:00", "RecordID": "16743", "Level": "4", "UserID": "S-1-5-21-963789628-1060504924-4285088085-1001"}
{"EventID": "505", "Channel": "Microsoft-Windows-Application-Experience/Program-Telemetry", "Provider_Name": "Microsoft-Windows-Application-Experience", "Computer": "DESKTOP-OFJ6N53", "TimeCreated": "2025-07-24 21:04:47.332109+00:00", "RecordID": "16744", "Level": "4", "UserID": "S-1-5-21-963789628-1060504924-4285088085-1001"}
{"EventID": "505", "Channel": "Microsoft-Windows-Application-Experience/Program-Telemetry", "Provider_Name": "Microsoft-Windows-Application-Experience", "Computer": "DESKTOP-OFJ6N53", "TimeCreated": "2025-07-24 21:04:48.266539+00:00", "RecordID": "16745", "Level": "4", "UserID": "S-1-5-21-963789628-1060504924-4285088085-1001"}
{"EventID": "505", "Channel": "Microsoft-Windows-Application-Experience/Program-Telemetry", "Provider_Name": "Microsoft-Windows-Application-Experience", "Computer": "DESKTOP-OFJ6N53", "TimeCreated": "2025-07-24 21:04:52.407240+00:00", "RecordID": "16746", "Level": "4", "UserID": "S-1-5-21-963789628-1060504924-4285088085-1001"}
{"EventID": "500", "Channel": "Microsoft-Windows-Application-Experience/Program-Telemetry", "Provider_Name": "Microsoft-Windows-Application-Experience", "Computer": "DESKTOP-OFJ6N53", "TimeCreated": "2025-07-24 21:23:00.865351+00:00", "RecordID": "16747", "Level": "4", "UserID": "S-1-5-21-963789628-1060504924-4285088085-1001"}
{"EventID": "500", "Channel": "Microsoft-Windows-Application-Experience/Program-Telemetry", "Provider_Name": "Microsoft-Windows-Application-Experience", "Computer": "DESKTOP-OFJ6N53", "TimeCreated": "2025-07-24 21:23:01.085934+00:00", "RecordID": "16748", "Level": "4", "UserID": "S-1-5-21-963789628-1060504924-4285088085-1001"}
{"EventID": "500", "Channel": "Microsoft-Windows-Application-Experience/Program-Telemetry", "Provider_Name": "Microsoft-Windows-Application-Experience", "Computer": "DESKTOP-OFJ6N53", "TimeCreated": "2025-07-24 21:23:01.683903+00:00", "RecordID": "16749", "Level": "4", "UserID": "S-1-5-21-963789628-1060504924-4285088085-1001"}
{"EventID": "500", "Channel": "Microsoft-Windows-Application-Experience/Program-Telemetry", "Provider_Name": "Microsoft-Windows-Application-Experience", "Computer": "DESKTOP-OFJ6N53", "TimeCreated": "2025-07-24 21:23:01.725805+00:00", "RecordID": "16750", "Level": "4", "UserID": "S-1-5-21-963789628-1060504924-4285088085-1001"}
{"EventID": "500", "Channel": "Microsoft-Windows-Application-Experience/Program-Telemetry", "Provider_Name": "Microsoft-Windows-Application-Experience", "Computer": "DESKTOP-OFJ6N53", "TimeCreated": "2025-07-24 21:23:05.723351+00:00", "RecordID": "16751", "Level": "4", "UserID": "S-1-5-21-963789628-1060504924-4285088085-1001"}
{"EventID": "500", "Channel": "Microsoft-Windows-Application-Experience/Program-Telemetry", "Provider_Name": "Microsoft-Windows-Application-Experience", "Computer": "DESKTOP-OFJ6N53", "TimeCreated": "2025-07-24 21:23:12.083275+00:00", "RecordID": "16752", "Level": "4", "UserID": "S-1-5-21-963789628-1060504924-4285088085-1001"}
{"EventID": "505", "Channel": "Microsoft-Windows-Application-Experience/Program-Telemetry", "Provider_Name": "Microsoft-Windows-Application-Experience", "Computer": "DESKTOP-OFJ6N53", "TimeCreated": "2025-07-24 21:29:50.219498+00:00", "RecordID": "16753", "Level": "4", "UserID": "S-1-5-18"}
{"EventID": "500", "Channel": "Microsoft-Windows-Application-Experience/Program-Telemetry", "Provider_Name": "Microsoft-Windows-Application-Experience", "Computer": "DESKTOP-OFJ6N53", "TimeCreated": "2025-07-24 21:30:53.938818+00:00", "RecordID": "16754", "Level": "4", "UserID": "S-1-5-21-963789628-1060504924-4285088085-1001"}
{"EventID": "505", "Channel": "Microsoft-Windows-Application-Experience/Program-Telemetry", "Provider_Name": "Microsoft-Windows-Application-Experience", "Computer": "DESKTOP-OFJ6N53", "TimeCreated": "2025-07-24 21:31:29.768944+00:00", "RecordID": "16755", "Level": "4", "UserID": "S-1-5-21-963789628-1060504924-4285088085-1001"}
{"EventID": "505", "Channel": "Microsoft-Windows-Application-Experience/Program-Telemetry", "Provider_Name": "Microsoft-Windows-Application-Experience", "Computer": "DESKTOP-OFJ6N53", "TimeCreated": "2025-07-24 21:31:30.493536+00:00", "RecordID": "16756", "Level": "4", "UserID": "S-1-5-21-963789628-1060504924-4285088085-1001"}
{"EventID": "505", "Channel": "Microsoft-Windows-Application-Experience/Program-Telemetry", "Provider_Name": "Microsoft-Windows-Application-Experience", "Computer": "DESKTOP-OFJ6N53", "TimeCreated": "2025-07-24 21:33:03.996979+00:00", "RecordID": "16757", "Level": "4", "UserID": "S-1-5-21-963789628-1060504924-4285088085-1001"}
{"EventID": "505", "Channel": "Microsoft-Windows-Application-Experience/Program-Telemetry", "Provider_Name": "Microsoft-Windows-Application-Experience", "Computer": "DESKTOP-OFJ6N53", "TimeCreated": "2025-07-24 21:35:37.549913+00:00", "RecordID": "16758", "Level": "4", "UserID": "S-1-5-21-963789628-1060504924-4285088085-1001"}
{"EventID": "505", "Channel": "Microsoft-Windows-Application-Experience/Program-Telemetry", "Provider_Name": "Microsoft-Windows-Application-Experience", "Computer": "DESKTOP-OFJ6N53", "TimeCreated": "2025-07-24 21:51:53.290257+00:00", "RecordID": "16759", "Level": "4", "UserID": "S-1-5-21-963789628-1060504924-4285088085-1001"}
{"EventID": "505", "Channel": "Microsoft-Windows-Application-Experience/Program-Telemetry", "Provider_Name": "Microsoft-Windows-Application-Experience", "Computer": "DESKTOP-OFJ6N53", "TimeCreated": "2025-07-24 21:58:29.303337+00:00", "RecordID": "16760", "Level": "4", "UserID": "S-1-5-21-963789628-1060504924-4285088085-1001"}
{"EventID": "505", "Channel": "Microsoft-Windows-Application-Experience/Program-Telemetry", "Provider_Name": "Microsoft-Windows-Application-Experience", "Computer": "DESKTOP-OFJ6N53", "TimeCreated": "2025-07-24 21:58:29.512365+00:00", "RecordID": "16761", "Level": "4", "UserID": "S-1-5-21-963789628-1060504924-4285088085-1001"}
{"EventID": "505", "Channel": "Microsoft-Windows-Application-Experience/Program-Telemetry", "Provider_Name": "Microsoft-Windows-Application-Experience", "Computer": "DESKTOP-OFJ6N53", "TimeCreated": "2025-07-24 21:58:29.959562+00:00", "RecordID": "16762", "Level": "4", "UserID": "S-1-5-21-963789628-1060504924-4285088085-1001"}
{"EventID": "505", "Channel": "Microsoft-Windows-Application-Experience/Program-Telemetry", "Provider_Name": "Microsoft-Windows-Application-Experience", "Computer": "DESKTOP-OFJ6N53", "TimeCreated": "2025-07-24 21:58:29.972458+00:00", "RecordID": "16763", "Level": "4", "UserID": "S-1-5-21-963789628-1060504924-4285088085-1001"}
{"EventID": "505", "Channel": "Microsoft-Windows-Application-Experience/Program-Telemetry", "Provider_Name": "Microsoft-Windows-Application-Experience", "Computer": "DESKTOP-OFJ6N53", "TimeCreated": "2025-07-24 21:58:33.499922+00:00", "RecordID": "16764", "Level": "4", "UserID": "S-1-5-21-963789628-1060504924-4285088085-1001"}
{"EventID": "505", "Channel": "Microsoft-Windows-Application-Experience/Program-Telemetry", "Provider_Name": "Microsoft-Windows-Application-Experience", "Computer": "DESKTOP-OFJ6N53", "TimeCreated": "2025-07-24 22:30:51.370987+00:00", "RecordID": "16765", "Level": "4", "UserID": "S-1-5-21-963789628-1060504924-4285088085-1001"}
{"EventID": "505", "Channel": "Microsoft-Windows-Application-Experience/Program-Telemetry", "Provider_Name": "Microsoft-Windows-Application-Experience", "Computer": "DESKTOP-OFJ6N53", "TimeCreated": "2025-07-24 22:30:51.439064+00:00", "RecordID": "16766", "Level": "4", "UserID": "S-1-5-21-963789628-1060504924-4285088085-1001"}
{"EventID": "505", "Channel": "Microsoft-Windows-Application-Experience/Program-Telemetry", "Provider_Name": "Microsoft-Windows-Application-Experience", "Computer": "DESKTOP-OFJ6N53", "TimeCreated": "2025-07-24 22:30:51.695240+00:00", "RecordID": "16767", "Level": "4", "UserID": "S-1-5-21-963789628-1060504924-4285088085-1001"}
{"EventID": "505", "Channel": "Microsoft-Windows-Application-Experience/Program-Telemetry", "Provider_Name": "Microsoft-Windows-Application-Experience", "Computer": "DESKTOP-OFJ6N53", "TimeCreated": "2025-07-24 22:30:51.695309+00:00", "RecordID": "16768", "Level": "4", "UserID": "S-1-5-21-963789628-1060504924-4285088085-1001"}
{"EventID": "505", "Channel": "Microsoft-Windows-Application-Experience/Program-Telemetry", "Provider_Name": "Microsoft-Windows-Application-Experience", "Computer": "DESKTOP-OFJ6N53", "TimeCreated": "2025-07-24 22:30:54.974012+00:00", "RecordID": "16769", "Level": "4", "UserID": "S-1-5-21-963789628-1060504924-4285088085-1001"}
{"EventID": "505", "Channel": "Microsoft-Windows-Application-Experience/Program-Telemetry", "Provider_Name": "Microsoft-Windows-Application-Experience", "Computer": "DESKTOP-OFJ6N53", "TimeCreated": "2025-07-24 22:53:04.262510+00:00", "RecordID": "16770", "Level": "4", "UserID": "S-1-5-21-963789628-1060504924-4285088085-1001"}
{"EventID": "505", "Channel": "Microsoft-Windows-Application-Experience/Program-Telemetry", "Provider_Name": "Microsoft-Windows-Application-Experience", "Computer": "DESKTOP-OFJ6N53", "TimeCreated": "2025-07-24 22:53:04.335045+00:00", "RecordID": "16771", "Level": "4", "UserID": "S-1-5-21-963789628-1060504924-4285088085-1001"}
{"EventID": "505", "Channel": "Microsoft-Windows-Application-Experience/Program-Telemetry", "Provider_Name": "Microsoft-Windows-Application-Experience", "Computer": "DESKTOP-OFJ6N53", "TimeCreated": "2025-07-24 22:53:04.659489+00:00", "RecordID": "16772", "Level": "4", "UserID": "S-1-5-21-963789628-1060504924-4285088085-1001"}
{"EventID": "505", "Channel": "Microsoft-Windows-Application-Experience/Program-Telemetry", "Provider_Name": "Microsoft-Windows-Application-Experience", "Computer": "DESKTOP-OFJ6N53", "TimeCreated": "2025-07-24 22:53:04.692699+00:00", "RecordID": "16773", "Level": "4", "UserID": "S-1-5-21-963789628-1060504924-4285088085-1001"}
{"EventID": "505", "Channel": "Microsoft-Windows-Application-Experience/Program-Telemetry", "Provider_Name": "Microsoft-Windows-Application-Experience", "Computer": "DESKTOP-OFJ6N53", "TimeCreated": "2025-07-24 22:53:07.997898+00:00", "RecordID": "16774", "Level": "4", "UserID": "S-1-5-21-963789628-1060504924-4285088085-1001"}
{"EventID": "505", "Channel": "Microsoft-Windows-Application-Experience/Program-Telemetry", "Provider_Name": "Microsoft-Windows-Application-Experience", "Computer": "DESKTOP-OFJ6N53", "TimeCreated": "2025-07-25 08:26:40.971554+00:00", "RecordID": "16775", "Level": "4", "UserID": "S-1-5-21-963789628-1060504924-4285088085-1001"}
{"EventID": "505", "Channel": "Microsoft-Windows-Application-Experience/Program-Telemetry", "Provider_Name": "Microsoft-Windows-Application-Experience", "Computer": "DESKTOP-OFJ6N53", "TimeCreated": "2025-07-25 08:26:41.620926+00:00", "RecordID": "16776", "Level": "4", "UserID": "S-1-5-21-963789628-1060504924-4285088085-1001"}
{"EventID": "505", "Channel": "Microsoft-Windows-Application-Experience/Program-Telemetry", "Provider_Name": "Microsoft-Windows-Application-Experience", "Computer": "DESKTOP-OFJ6N53", "TimeCreated": "2025-07-25 20:27:09.796679+00:00", "RecordID": "16777", "Level": "4", "UserID": "S-1-5-21-963789628-1060504924-4285088085-1001"}
{"EventID": "505", "Channel": "Microsoft-Windows-Application-Experience/Program-Telemetry", "Provider_Name": "Microsoft-Windows-Application-Experience", "Computer": "DESKTOP-OFJ6N53", "TimeCreated": "2025-07-25 20:27:11.751377+00:00", "RecordID": "16778", "Level": "4", "UserID": "S-1-5-21-963789628-1060504924-4285088085-1001"}
{"EventID": "505", "Channel": "Microsoft-Windows-Application-Experience/Program-Telemetry", "Provider_Name": "Microsoft-Windows-Application-Experience", "Computer": "DESKTOP-OFJ6N53", "TimeCreated": "2025-07-26 08:26:40.068583+00:00", "RecordID": "16779", "Level": "4", "UserID": "S-1-5-21-963789628-1060504924-4285088085-1001"}
{"EventID": "505", "Channel": "Microsoft-Windows-Application-Experience/Program-Telemetry", "Provider_Name": "Microsoft-Windows-Application-Experience", "Computer": "DESKTOP-OFJ6N53", "TimeCreated": "2025-07-26 08:26:40.827707+00:00", "RecordID": "16780", "Level": "4", "UserID": "S-1-5-21-963789628-1060504924-4285088085-1001"}
{"EventID": "505", "Channel": "Microsoft-Windows-Application-Experience/Program-Telemetry", "Provider_Name": "Microsoft-Windows-Application-Experience", "Computer": "DESKTOP-OFJ6N53", "TimeCreated": "2025-07-26 20:26:41.648388+00:00", "RecordID": "16781", "Level": "4", "UserID": "S-1-5-21-963789628-1060504924-4285088085-1001"}
{"EventID": "505", "Channel": "Microsoft-Windows-Application-Experience/Program-Telemetry", "Provider_Name": "Microsoft-Windows-Application-Experience", "Computer": "DESKTOP-OFJ6N53", "TimeCreated": "2025-07-26 20:26:43.883087+00:00", "RecordID": "16782", "Level": "4", "UserID": "S-1-5-21-963789628-1060504924-4285088085-1001"}
{"EventID": "505", "Channel": "Microsoft-Windows-Application-Experience/Program-Telemetry", "Provider_Name": "Microsoft-Windows-Application-Experience", "Computer": "DESKTOP-OFJ6N53", "TimeCreated": "2025-07-27 08:26:41.740511+00:00", "RecordID": "16783", "Level": "4", "UserID": "S-1-5-21-963789628-1060504924-4285088085-1001"}
{"EventID": "505", "Channel": "Microsoft-Windows-Application-Experience/Program-Telemetry", "Provider_Name": "Microsoft-Windows-Application-Experience", "Computer": "DESKTOP-OFJ6N53", "TimeCreated": "2025-07-27 08:26:42.421165+00:00", "RecordID": "16784", "Level": "4", "UserID": "S-1-5-21-963789628-1060504924-4285088085-1001"}
{"EventID": "500", "Channel": "Microsoft-Windows-Application-Experience/Program-Telemetry", "Provider_Name": "Microsoft-Windows-Application-Experience", "Computer": "DESKTOP-OFJ6N53", "TimeCreated": "2025-07-27 20:26:44.218088+00:00", "RecordID": "16785", "Level": "4", "UserID": "S-1-5-21-963789628-1060504924-4285088085-1001"}
{"EventID": "505", "Channel": "Microsoft-Windows-Application-Experience/Program-Telemetry", "Provider_Name": "Microsoft-Windows-Application-Experience", "Computer": "DESKTOP-OFJ6N53", "TimeCreated": "2025-07-27 20:26:44.281548+00:00", "RecordID": "16786", "Level": "4", "UserID": "S-1-5-21-963789628-1060504924-4285088085-1001"}
{"EventID": "505", "Channel": "Microsoft-Windows-Application-Experience/Program-Telemetry", "Provider_Name": "Microsoft-Windows-Application-Experience", "Computer": "DESKTOP-OFJ6N53", "TimeCreated": "2025-07-27 20:26:46.455259+00:00", "RecordID": "16787", "Level": "4", "UserID": "S-1-5-21-963789628-1060504924-4285088085-1001"}
{"EventID": "505", "Channel": "Microsoft-Windows-Application-Experience/Program-Telemetry", "Provider_Name": "Microsoft-Windows-Application-Experience", "Computer": "DESKTOP-OFJ6N53", "TimeCreated": "2025-07-28 08:12:41.527431+00:00", "RecordID": "16788", "Level": "4", "UserID": "S-1-5-21-963789628-1060504924-4285088085-1001"}
{"EventID": "505", "Channel": "Microsoft-Windows-Application-Experience/Program-Telemetry", "Provider_Name": "Microsoft-Windows-Application-Experience", "Computer": "DESKTOP-OFJ6N53", "TimeCreated": "2025-07-28 08:12:42.030464+00:00", "RecordID": "16789", "Level": "4", "UserID": "S-1-5-21-963789628-1060504924-4285088085-1001"}
{"EventID": "505", "Channel": "Microsoft-Windows-Application-Experience/Program-Telemetry", "Provider_Name": "Microsoft-Windows-Application-Experience", "Computer": "DESKTOP-OFJ6N53", "TimeCreated": "2025-07-28 20:12:41.495300+00:00", "RecordID": "16790", "Level": "4", "UserID": "S-1-5-21-963789628-1060504924-4285088085-1001"}
{"EventID": "505", "Channel": "Microsoft-Windows-Application-Experience/Program-Telemetry", "Provider_Name": "Microsoft-Windows-Application-Experience", "Computer": "DESKTOP-OFJ6N53", "TimeCreated": "2025-07-28 20:12:42.103378+00:00", "RecordID": "16791", "Level": "4", "UserID": "S-1-5-21-963789628-1060504924-4285088085-1001"}
{"EventID": "505", "Channel": "Microsoft-Windows-Application-Experience/Program-Telemetry", "Provider_Name": "Microsoft-Windows-Application-Experience", "Computer": "DESKTOP-OFJ6N53", "TimeCreated": "2025-07-29 08:12:41.502907+00:00", "RecordID": "16792", "Level": "4", "UserID": "S-1-5-21-963789628-1060504924-4285088085-1001"}
{"EventID": "505", "Channel": "Microsoft-Windows-Application-Experience/Program-Telemetry", "Provider_Name": "Microsoft-Windows-Application-Experience", "Computer": "DESKTOP-OFJ6N53", "TimeCreated": "2025-07-29 08:12:42.080729+00:00", "RecordID": "16793", "Level": "4", "UserID": "S-1-5-21-963789628-1060504924-4285088085-1001"}
{"EventID": "505", "Channel": "Microsoft-Windows-Application-Experience/Program-Telemetry", "Provider_Name": "Microsoft-Windows-Application-Experience", "Computer": "DESKTOP-OFJ6N53", "TimeCreated": "2025-07-29 11:34:02.026731+00:00", "RecordID": "16794", "Level": "4", "UserID": "S-1-5-21-963789628-1060504924-4285088085-1001"}
{"EventID": "505", "Channel": "Microsoft-Windows-Application-Experience/Program-Telemetry", "Provider_Name": "Microsoft-Windows-Application-Experience", "Computer": "DESKTOP-OFJ6N53", "TimeCreated": "2025-07-29 11:34:02.502439+00:00", "RecordID": "16795", "Level": "4", "UserID": "S-1-5-21-963789628-1060504924-4285088085-1001"}
{"EventID": "505", "Channel": "Microsoft-Windows-Application-Experience/Program-Telemetry", "Provider_Name": "Microsoft-Windows-Application-Experience", "Computer": "DESKTOP-OFJ6N53", "TimeCreated": "2025-07-29 11:34:05.444923+00:00", "RecordID": "16796", "Level": "4", "UserID": "S-1-5-21-963789628-1060504924-4285088085-1001"}
{"EventID": "505", "Channel": "Microsoft-Windows-Application-Experience/Program-Telemetry", "Provider_Name": "Microsoft-Windows-Application-Experience", "Computer": "DESKTOP-OFJ6N53", "TimeCreated": "2025-07-29 20:12:41.442938+00:00", "RecordID": "16797", "Level": "4", "UserID": "S-1-5-21-963789628-1060504924-4285088085-1001"}
{"EventID": "505", "Channel": "Microsoft-Windows-Application-Experience/Program-Telemetry", "Provider_Name": "Microsoft-Windows-Application-Experience", "Computer": "DESKTOP-OFJ6N53", "TimeCreated": "2025-07-29 20:12:41.884554+00:00", "RecordID": "16798", "Level": "4", "UserID": "S-1-5-21-963789628-1060504924-4285088085-1001"}
{"EventID": "500", "Channel": "Microsoft-Windows-Application-Experience/Program-Telemetry", "Provider_Name": "Microsoft-Windows-Application-Experience", "Computer": "DESKTOP-OFJ6N53", "TimeCreated": "2025-07-29 23:23:00.358282+00:00", "RecordID": "16799", "Level": "4", "UserID": "S-1-5-18"}
{"EventID": "505", "Channel": "Microsoft-Windows-Application-Experience/Program-Telemetry", "Provider_Name": "Microsoft-Windows-Application-Experience", "Computer": "DESKTOP-OFJ6N53", "TimeCreated": "2025-07-29 23:23:00.650478+00:00", "RecordID": "16800", "Level": "4", "UserID": "S-1-5-18"}
{"EventID": "505", "Channel": "Microsoft-Windows-Application-Experience/Program-Telemetry", "Provider_Name": "Microsoft-Windows-Application-Experience", "Computer": "DESKTOP-OFJ6N53", "TimeCreated": "2025-07-29 23:23:05.008421+00:00", "RecordID": "16801", "Level": "4", "UserID": "S-1-5-18"}
{"EventID": "505", "Channel": "Microsoft-Windows-Application-Experience/Program-Telemetry", "Provider_Name": "Microsoft-Windows-Application-Experience", "Computer": "DESKTOP-OFJ6N53", "TimeCreated": "2025-07-29 23:23:05.143097+00:00", "RecordID": "16802", "Level": "4", "UserID": "S-1-5-18"}
{"EventID": "505", "Channel": "Microsoft-Windows-Application-Experience/Program-Telemetry", "Provider_Name": "Microsoft-Windows-Application-Experience", "Computer": "DESKTOP-OFJ6N53", "TimeCreated": "2025-07-30 08:12:41.519890+00:00", "RecordID": "16803", "Level": "4", "UserID": "S-1-5-21-963789628-1060504924-4285088085-1001"}
{"EventID": "505", "Channel": "Microsoft-Windows-Application-Experience/Program-Telemetry", "Provider_Name": "Microsoft-Windows-Application-Experience", "Computer": "DESKTOP-OFJ6N53", "TimeCreated": "2025-07-30 08:12:41.990923+00:00", "RecordID": "16804", "Level": "4", "UserID": "S-1-5-21-963789628-1060504924-4285088085-1001"}
{"EventID": "505", "Channel": "Microsoft-Windows-Application-Experience/Program-Telemetry", "Provider_Name": "Microsoft-Windows-Application-Experience", "Computer": "DESKTOP-OFJ6N53", "TimeCreated": "2025-07-30 20:12:08.498474+00:00", "RecordID": "16805", "Level": "4", "UserID": "S-1-5-21-963789628-1060504924-4285088085-1001"}
{"EventID": "505", "Channel": "Microsoft-Windows-Application-Experience/Program-Telemetry", "Provider_Name": "Microsoft-Windows-Application-Experience", "Computer": "DESKTOP-OFJ6N53", "TimeCreated": "2025-07-30 20:12:08.928965+00:00", "RecordID": "16806", "Level": "4", "UserID": "S-1-5-21-963789628-1060504924-4285088085-1001"}
{"EventID": "505", "Channel": "Microsoft-Windows-Application-Experience/Program-Telemetry", "Provider_Name": "Microsoft-Windows-Application-Experience", "Computer": "DESKTOP-OFJ6N53", "TimeCreated": "2025-07-31 08:03:42.559746+00:00", "RecordID": "16807", "Level": "4", "UserID": "S-1-5-18"}
{"EventID": "500", "Channel": "Microsoft-Windows-Application-Experience/Program-Telemetry", "Provider_Name": "Microsoft-Windows-Application-Experience", "Computer": "DESKTOP-OFJ6N53", "TimeCreated": "2025-07-31 08:14:28.660923+00:00", "RecordID": "16808", "Level": "4", "UserID": "S-1-5-21-963789628-1060504924-4285088085-1001"}
{"EventID": "505", "Channel": "Microsoft-Windows-Application-Experience/Program-Telemetry", "Provider_Name": "Microsoft-Windows-Application-Experience", "Computer": "DESKTOP-OFJ6N53", "TimeCreated": "2025-07-31 08:14:28.903475+00:00", "RecordID": "16809", "Level": "4", "UserID": "S-1-5-21-963789628-1060504924-4285088085-1001"}
{"EventID": "505", "Channel": "Microsoft-Windows-Application-Experience/Program-Telemetry", "Provider_Name": "Microsoft-Windows-Application-Experience", "Computer": "DESKTOP-OFJ6N53", "TimeCreated": "2025-07-31 08:15:26.313416+00:00", "RecordID": "16810", "Level": "4", "UserID": "S-1-5-21-963789628-1060504924-4285088085-1001"}
{"EventID": "500", "Channel": "Microsoft-Windows-Application-Experience/Program-Telemetry", "Provider_Name": "Microsoft-Windows-Application-Experience", "Computer": "DESKTOP-OFJ6N53", "TimeCreated": "2025-07-31 08:16:43.468258+00:00", "RecordID": "16811", "Level": "4", "UserID": "S-1-5-21-963789628-1060504924-4285088085-1001"}
{"EventID": "500", "Channel": "Microsoft-Windows-Application-Experience/Program-Telemetry", "Provider_Name": "Microsoft-Windows-Application-Experience", "Computer": "DESKTOP-OFJ6N53", "TimeCreated": "2025-07-31 08:16:43.724272+00:00", "RecordID": "16812", "Level": "4", "UserID": "S-1-5-21-963789628-1060504924-4285088085-1001"}
{"EventID": "500", "Channel": "Microsoft-Windows-Application-Experience/Program-Telemetry", "Provider_Name": "Microsoft-Windows-Application-Experience", "Computer": "DESKTOP-OFJ6N53", "TimeCreated": "2025-07-31 08:16:44.312426+00:00", "RecordID": "16813", "Level": "4", "UserID": "S-1-5-21-963789628-1060504924-4285088085-1001"}
{"EventID": "500", "Channel": "Microsoft-Windows-Application-Experience/Program-Telemetry", "Provider_Name": "Microsoft-Windows-Application-Experience", "Computer": "DESKTOP-OFJ6N53", "TimeCreated": "2025-07-31 08:16:44.332722+00:00", "RecordID": "16814", "Level": "4", "UserID": "S-1-5-21-963789628-1060504924-4285088085-1001"}
{"EventID": "500", "Channel": "Microsoft-Windows-Application-Experience/Program-Telemetry", "Provider_Name": "Microsoft-Windows-Application-Experience", "Computer": "DESKTOP-OFJ6N53", "TimeCreated": "2025-07-31 08:16:48.515066+00:00", "RecordID": "16815", "Level": "4", "UserID": "S-1-5-21-963789628-1060504924-4285088085-1001"}
{"EventID": "500", "Channel": "Microsoft-Windows-Application-Experience/Program-Telemetry", "Provider_Name": "Microsoft-Windows-Application-Experience", "Computer": "DESKTOP-OFJ6N53", "TimeCreated": "2025-07-31 08:17:13.120590+00:00", "RecordID": "16816", "Level": "4", "UserID": "S-1-5-21-963789628-1060504924-4285088085-1001"}
{"EventID": "500", "Channel": "Microsoft-Windows-Application-Experience/Program-Telemetry", "Provider_Name": "Microsoft-Windows-Application-Experience", "Computer": "DESKTOP-OFJ6N53", "TimeCreated": "2025-07-31 08:17:14.301447+00:00", "RecordID": "16817", "Level": "4", "UserID": "S-1-5-21-963789628-1060504924-4285088085-1001"}
{"EventID": "500", "Channel": "Microsoft-Windows-Application-Experience/Program-Telemetry", "Provider_Name": "Microsoft-Windows-Application-Experience", "Computer": "DESKTOP-OFJ6N53", "TimeCreated": "2025-07-31 08:17:14.304523+00:00", "RecordID": "16818", "Level": "4", "UserID": "S-1-5-21-963789628-1060504924-4285088085-1001"}
{"EventID": "500", "Channel": "Microsoft-Windows-Application-Experience/Program-Telemetry", "Provider_Name": "Microsoft-Windows-Application-Experience", "Computer": "DESKTOP-OFJ6N53", "TimeCreated": "2025-07-31 08:17:14.332270+00:00", "RecordID": "16819", "Level": "4", "UserID": "S-1-5-21-963789628-1060504924-4285088085-1001"}
{"EventID": "500", "Channel": "Microsoft-Windows-Application-Experience/Program-Telemetry", "Provider_Name": "Microsoft-Windows-Application-Experience", "Computer": "DESKTOP-OFJ6N53", "TimeCreated": "2025-07-31 08:17:14.354080+00:00", "RecordID": "16820", "Level": "4", "UserID": "S-1-5-21-963789628-1060504924-4285088085-1001"}
{"EventID": "500", "Channel": "Microsoft-Windows-Application-Experience/Program-Telemetry", "Provider_Name": "Microsoft-Windows-Application-Experience", "Computer": "DESKTOP-OFJ6N53", "TimeCreated": "2025-07-31 08:17:14.365389+00:00", "RecordID": "16821", "Level": "4", "UserID": "S-1-5-21-963789628-1060504924-4285088085-1001"}
{"EventID": "505", "Channel": "Microsoft-Windows-Application-Experience/Program-Telemetry", "Provider_Name": "Microsoft-Windows-Application-Experience", "Computer": "DESKTOP-OFJ6N53", "TimeCreated": "2025-07-31 08:17:33.750744+00:00", "RecordID": "16822", "Level": "4", "UserID": "S-1-5-21-963789628-1060504924-4285088085-1001"}
