{"EventID": "1107", "Channel": "Microsoft-Windows-TerminalServices-RDPClient/Operational", "Provider_Name": "Microsoft-Windows-TerminalServices-ClientActiveXCore", "Computer": "DESKTOP-OFJ6N53", "TimeCreated": "2024-09-25 14:39:16.570997+00:00", "RecordID": "23378", "Level": "4", "UserID": "S-1-5-21-963789628-1060504924-4285088085-1001", "EventData.ComponentName": "CAATunnel", "EventData.Message": "Disconnect trace:'ProcessDisconnection().' in CAATunnel::ProcessDisconnection at 539 err=[0x0]", "EventData.ErrorCode": "0"}
{"EventID": "1107", "Channel": "Microsoft-Windows-TerminalServices-RDPClient/Operational", "Provider_Name": "Microsoft-Windows-TerminalServices-ClientActiveXCore", "Computer": "DESKTOP-OFJ6N53", "TimeCreated": "2024-09-25 14:39:16.571003+00:00", "RecordID": "23379", "Level": "4", "UserID": "S-1-5-21-963789628-1060504924-4285088085-1001", "EventData.ComponentName": "CProxyRawTrans", "EventData.Message": "Disconnect trace:'OnTunnelDisconnected' in CProxyRawTrans::OnTunnelDisconnected at 739 err=[0x0]", "EventData.ErrorCode": "0"}
{"EventID": "1107", "Channel": "Microsoft-Windows-TerminalServices-RDPClient/Operational", "Provider_Name": "Microsoft-Windows-TerminalServices-ClientActiveXCore", "Computer": "DESKTOP-OFJ6N53", "TimeCreated": "2024-09-25 14:39:16.571005+00:00", "RecordID": "23380", "Level": "4", "UserID": "S-1-5-21-963789628-1060504924-4285088085-1001", "EventData.ComponentName": "CProxyRawTrans", "EventData.Message": "Disconnect trace:'Disconnect Transport' in CProxyRawTrans::OnCloseConnection at 1946 err=[0x1e]", "EventData.ErrorCode": "30"}
{"EventID": "1107", "Channel": "Microsoft-Windows-TerminalServices-RDPClient/Operational", "Provider_Name": "Microsoft-Windows-TerminalServices-ClientActiveXCore", "Computer": "DESKTOP-OFJ6N53", "TimeCreated": "2024-09-25 14:39:16.571011+00:00", "RecordID": "23381", "Level": "4", "UserID": "S-1-5-21-963789628-1060504924-4285088085-1001", "EventData.ComponentName": "CClientProxyTransport", "EventData.Message": "Disconnect trace:'Gateway connection disconnected.' in CClientProxyTransport::OnDisconnected at 1811 err=[0x1e]", "EventData.ErrorCode": "30"}
{"EventID": "1034", "Channel": "Microsoft-Windows-TerminalServices-RDPClient/Operational", "Provider_Name": "Microsoft-Windows-TerminalServices-ClientActiveXCore", "Computer": "DESKTOP-OFJ6N53", "TimeCreated": "2024-09-25 14:39:16.571016+00:00", "RecordID": "23382", "Level": "4", "UserID": "S-1-5-21-963789628-1060504924-4285088085-1001", "EventData.ErrorCode": "CClientProxyTransport", "EventData.ErrorDescription": "'Terminating Gateway's channel. CurrentState=5' in CProxyRawTrans::Terminate at 1761 err=[0x0]"}
{"EventID": "1033", "Channel": "Microsoft-Windows-TerminalServices-RDPClient/Operational", "Provider_Name": "Microsoft-Windows-TerminalServices-ClientActiveXCore", "Computer": "DESKTOP-OFJ6N53", "TimeCreated": "2024-09-25 14:39:16.571022+00:00", "RecordID": "23383", "Level": "2", "UserID": "S-1-5-21-963789628-1060504924-4285088085-1001", "EventData.Name": "CAATunnel", "EventData.CustomLevel": "'Cleaning up CAATunnel' in CAATunnel::~CAATunnel at 121 err=[0x80004005]", "EventData.Value": "0x80004005"}
{"EventID": "1034", "Channel": "Microsoft-Windows-TerminalServices-RDPClient/Operational", "Provider_Name": "Microsoft-Windows-TerminalServices-ClientActiveXCore", "Computer": "DESKTOP-OFJ6N53", "TimeCreated": "2024-09-25 14:39:16.572485+00:00", "RecordID": "23384", "Level": "4", "UserID": "S-1-5-21-963789628-1060504924-4285088085-1001", "EventData.ErrorCode": "CClientProxyTransport", "EventData.ErrorDescription": "'Gateway servers list - Server(172.31.129.66) is 1 of 1 ' in CProxyRawTrans::SetPortAndTs at 2255 err=[0x0]"}
{"EventID": "1034", "Channel": "Microsoft-Windows-TerminalServices-RDPClient/Operational", "Provider_Name": "Microsoft-Windows-TerminalServices-ClientActiveXCore", "Computer": "DESKTOP-OFJ6N53", "TimeCreated": "2024-09-25 14:39:16.572489+00:00", "RecordID": "23385", "Level": "4", "UserID": "S-1-5-21-963789628-1060504924-4285088085-1001", "EventData.ErrorCode": "CClientProxyTransport", "EventData.ErrorDescription": "'Alternate resources names list - Resource(rha-rd-sh01.hq.baltlng.ru) is 1 of 2 ' in CProxyRawTrans::SetPortAndTs at 2283 err=[0x0]"}
{"EventID": "1034", "Channel": "Microsoft-Windows-TerminalServices-RDPClient/Operational", "Provider_Name": "Microsoft-Windows-TerminalServices-ClientActiveXCore", "Computer": "DESKTOP-OFJ6N53", "TimeCreated": "2024-09-25 14:39:16.572495+00:00", "RecordID": "23386", "Level": "4", "UserID": "S-1-5-21-963789628-1060504924-4285088085-1001", "EventData.ErrorCode": "CClientProxyTransport", "EventData.ErrorDescription": "'Alternate resources names list - Resource(RHA-RD-SH01) is 2 of 2 ' in CProxyRawTrans::SetPortAndTs at 2283 err=[0x0]"}
{"EventID": "1034", "Channel": "Microsoft-Windows-TerminalServices-RDPClient/Operational", "Provider_Name": "Microsoft-Windows-TerminalServices-ClientActiveXCore", "Computer": "DESKTOP-OFJ6N53", "TimeCreated": "2024-09-25 14:39:16.572611+00:00", "RecordID": "23387", "Level": "4", "UserID": "S-1-5-21-963789628-1060504924-4285088085-1001", "EventData.ErrorCode": "CClientProxyTransport", "EventData.ErrorDescription": "'Gateway connection time out is 90' in CClientHTTPProxyTransport::Connect at 1098 err=[0x0]"}
{"EventID": "1034", "Channel": "Microsoft-Windows-TerminalServices-RDPClient/Operational", "Provider_Name": "Microsoft-Windows-TerminalServices-ClientActiveXCore", "Computer": "DESKTOP-OFJ6N53", "TimeCreated": "2024-09-25 14:39:16.606220+00:00", "RecordID": "23388", "Level": "4", "UserID": "S-1-5-21-963789628-1060504924-4285088085-1001", "EventData.ErrorCode": "CClientProxyTransport", "EventData.ErrorDescription": "'Connected to TS server successfully' in CClientProxyTransport::OnConnected at 1619 err=[0x0]"}
{"EventID": "1028", "Channel": "Microsoft-Windows-TerminalServices-RDPClient/Operational", "Provider_Name": "Microsoft-Windows-TerminalServices-ClientActiveXCore", "Computer": "DESKTOP-OFJ6N53", "TimeCreated": "2024-09-25 14:39:16.654278+00:00", "RecordID": "23389", "Level": "4", "UserID": "S-1-5-21-963789628-1060504924-4285088085-1001", "EventData.TraceMessage": "supported"}
{"EventID": "1029", "Channel": "Microsoft-Windows-TerminalServices-RDPClient/Operational", "Provider_Name": "Microsoft-Windows-TerminalServices-ClientActiveXCore", "Computer": "DESKTOP-OFJ6N53", "TimeCreated": "2024-09-25 14:39:16.654579+00:00", "RecordID": "23390", "Level": "4", "UserID": "S-1-5-21-963789628-1060504924-4285088085-1001", "EventData.TraceMessage": "Fz7BA1Oa3o5XkKYnbl1rGtQkybqBn9+Dx4lOWjoOijY=-"}
{"EventID": "1102", "Channel": "Microsoft-Windows-TerminalServices-RDPClient/Operational", "Provider_Name": "Microsoft-Windows-TerminalServices-ClientActiveXCore", "Computer": "DESKTOP-OFJ6N53", "TimeCreated": "2024-09-25 14:39:17.187914+00:00", "RecordID": "23391", "Level": "4", "UserID": "S-1-5-21-963789628-1060504924-4285088085-1001", "EventData.Name": "ServerAddress", "EventData.Value": null, "EventData.CustomLevel": "Info"}
{"EventID": "1034", "Channel": "Microsoft-Windows-TerminalServices-RDPClient/Operational", "Provider_Name": "Microsoft-Windows-TerminalServices-ClientActiveXCore", "Computer": "DESKTOP-OFJ6N53", "TimeCreated": "2024-09-25 14:39:17.188238+00:00", "RecordID": "23392", "Level": "4", "UserID": "S-1-5-21-963789628-1060504924-4285088085-1001", "EventData.ErrorCode": "CClientProxyTransport", "EventData.ErrorDescription": "'Gateway servers list - Server(172.31.129.66) is 1 of 1 ' in CProxyRawTrans::SetPortAndTs at 2255 err=[0x0]"}
{"EventID": "1034", "Channel": "Microsoft-Windows-TerminalServices-RDPClient/Operational", "Provider_Name": "Microsoft-Windows-TerminalServices-ClientActiveXCore", "Computer": "DESKTOP-OFJ6N53", "TimeCreated": "2024-09-25 14:39:17.188242+00:00", "RecordID": "23393", "Level": "4", "UserID": "S-1-5-21-963789628-1060504924-4285088085-1001", "EventData.ErrorCode": "CClientProxyTransport", "EventData.ErrorDescription": "'Alternate resources names list - Resource(rha-rd-sh01.hq.baltlng.ru) is 1 of 2 ' in CProxyRawTrans::SetPortAndTs at 2283 err=[0x0]"}
{"EventID": "1034", "Channel": "Microsoft-Windows-TerminalServices-RDPClient/Operational", "Provider_Name": "Microsoft-Windows-TerminalServices-ClientActiveXCore", "Computer": "DESKTOP-OFJ6N53", "TimeCreated": "2024-09-25 14:39:17.188248+00:00", "RecordID": "23394", "Level": "4", "UserID": "S-1-5-21-963789628-1060504924-4285088085-1001", "EventData.ErrorCode": "CClientProxyTransport", "EventData.ErrorDescription": "'Alternate resources names list - Resource(RHA-RD-SH01) is 2 of 2 ' in CProxyRawTrans::SetPortAndTs at 2283 err=[0x0]"}
{"EventID": "1033", "Channel": "Microsoft-Windows-TerminalServices-RDPClient/Operational", "Provider_Name": "Microsoft-Windows-TerminalServices-ClientActiveXCore", "Computer": "DESKTOP-OFJ6N53", "TimeCreated": "2024-09-25 14:39:17.188654+00:00", "RecordID": "23395", "Level": "2", "UserID": "S-1-5-21-963789628-1060504924-4285088085-1001", "EventData.Name": "CAAClientAdapter", "EventData.CustomLevel": "'m_spHelper->ReadCreds failed' in CAAClientAdapter::CreateTunnel at 380 err=[0xffffffff]", "EventData.Value": "0xffffffff"}
{"EventID": "1033", "Channel": "Microsoft-Windows-TerminalServices-RDPClient/Operational", "Provider_Name": "Microsoft-Windows-TerminalServices-ClientActiveXCore", "Computer": "DESKTOP-OFJ6N53", "TimeCreated": "2024-09-25 14:39:17.269030+00:00", "RecordID": "23396", "Level": "2", "UserID": "S-1-5-21-963789628-1060504924-4285088085-1001", "EventData.Name": "CAAUDPClientChannel", "EventData.CustomLevel": "'Received connect response with MTU - U[1132], D[1232]' in CAAUDPClientChannel::InternalConnect at 1543 err=[0x0]", "EventData.Value": "0x00000000"}
{"EventID": "1034", "Channel": "Microsoft-Windows-TerminalServices-RDPClient/Operational", "Provider_Name": "Microsoft-Windows-TerminalServices-ClientActiveXCore", "Computer": "DESKTOP-OFJ6N53", "TimeCreated": "2024-09-25 14:39:17.272095+00:00", "RecordID": "23397", "Level": "4", "UserID": "S-1-5-21-963789628-1060504924-4285088085-1001", "EventData.ErrorCode": "CClientProxyTransport", "EventData.ErrorDescription": "'Connected to TS server successfully' in CClientProxyTransport::OnConnected at 1619 err=[0x0]"}
{"EventID": "1103", "Channel": "Microsoft-Windows-TerminalServices-RDPClient/Operational", "Provider_Name": "Microsoft-Windows-TerminalServices-ClientActiveXCore", "Computer": "DESKTOP-OFJ6N53", "TimeCreated": "2024-09-25 14:39:17.330425+00:00", "RecordID": "23398", "Level": "4", "UserID": "S-1-5-21-963789628-1060504924-4285088085-1001"}
{"EventID": "1025", "Channel": "Microsoft-Windows-TerminalServices-RDPClient/Operational", "Provider_Name": "Microsoft-Windows-TerminalServices-ClientActiveXCore", "Computer": "DESKTOP-OFJ6N53", "TimeCreated": "2024-09-25 14:39:17.443293+00:00", "RecordID": "23399", "Level": "4", "UserID": "S-1-5-21-963789628-1060504924-4285088085-1001"}
{"EventID": "1402", "Channel": "Microsoft-Windows-TerminalServices-RDPClient/Operational", "Provider_Name": "Microsoft-Windows-TerminalServices-ClientActiveXCore", "Computer": "DESKTOP-OFJ6N53", "TimeCreated": "2024-09-25 14:39:17.529325+00:00", "RecordID": "23400", "Level": "4", "UserID": "S-1-5-21-963789628-1060504924-4285088085-1001"}
{"EventID": "1401", "Channel": "Microsoft-Windows-TerminalServices-RDPClient/Operational", "Provider_Name": "Microsoft-Windows-TerminalServices-ClientActiveXCore", "Computer": "DESKTOP-OFJ6N53", "TimeCreated": "2024-09-25 14:39:17.549971+00:00", "RecordID": "23401", "Level": "4", "UserID": "S-1-5-21-963789628-1060504924-4285088085-1001", "EventData.Version": "0x000a0600", "EventData.ClientMode": "0", "EventData.AvcEnabled": "1"}
{"EventID": "1107", "Channel": "Microsoft-Windows-TerminalServices-RDPClient/Operational", "Provider_Name": "Microsoft-Windows-TerminalServices-ClientActiveXCore", "Computer": "DESKTOP-OFJ6N53", "TimeCreated": "2024-09-25 15:00:50.469297+00:00", "RecordID": "23402", "Level": "4", "UserID": "S-1-5-21-963789628-1060504924-4285088085-1001", "EventData.ComponentName": "CAAHttpClientChannel", "EventData.Message": "Disconnect trace:'Calling pTunnel->DisconnectChannel().' in CAAHttpClientChannel::Shutdown at 298 err=[0x800704d4]", "EventData.ErrorCode": "2147943636"}
{"EventID": "1107", "Channel": "Microsoft-Windows-TerminalServices-RDPClient/Operational", "Provider_Name": "Microsoft-Windows-TerminalServices-ClientActiveXCore", "Computer": "DESKTOP-OFJ6N53", "TimeCreated": "2024-09-25 15:00:50.469303+00:00", "RecordID": "23403", "Level": "4", "UserID": "S-1-5-21-963789628-1060504924-4285088085-1001", "EventData.ComponentName": "CAAHttpClientTunnel", "EventData.Message": "Disconnect trace:'DisconnectChannel' in CAAHttpClientTunnel::DisconnectChannel at 1676 err=[0x0]", "EventData.ErrorCode": "0"}
{"EventID": "1034", "Channel": "Microsoft-Windows-TerminalServices-RDPClient/Operational", "Provider_Name": "Microsoft-Windows-TerminalServices-ClientActiveXCore", "Computer": "DESKTOP-OFJ6N53", "TimeCreated": "2024-09-25 15:00:50.469309+00:00", "RecordID": "23404", "Level": "4", "UserID": "S-1-5-21-963789628-1060504924-4285088085-1001", "EventData.ErrorCode": "CClientProxyTransport", "EventData.ErrorDescription": "'Gateway channel disconnected. Result = 30' in CProxyRawTrans::DisconnectChannel at 1629 err=[0x0]"}
{"EventID": "1107", "Channel": "Microsoft-Windows-TerminalServices-RDPClient/Operational", "Provider_Name": "Microsoft-Windows-TerminalServices-ClientActiveXCore", "Computer": "DESKTOP-OFJ6N53", "TimeCreated": "2024-09-25 15:00:50.503706+00:00", "RecordID": "23405", "Level": "4", "UserID": "S-1-5-21-963789628-1060504924-4285088085-1001", "EventData.ComponentName": "CProxyRawTrans", "EventData.Message": "Disconnect trace:'OnChannelDisconnected' in CProxyRawTrans::OnChannelDisconnected at 1110 err=[0x0]", "EventData.ErrorCode": "0"}
{"EventID": "1107", "Channel": "Microsoft-Windows-TerminalServices-RDPClient/Operational", "Provider_Name": "Microsoft-Windows-TerminalServices-ClientActiveXCore", "Computer": "DESKTOP-OFJ6N53", "TimeCreated": "2024-09-25 15:00:50.503710+00:00", "RecordID": "23406", "Level": "4", "UserID": "S-1-5-21-963789628-1060504924-4285088085-1001", "EventData.ComponentName": "CProxyRawTrans", "EventData.Message": "Disconnect trace:'Disconnect Transport' in CProxyRawTrans::OnCloseConnection at 1946 err=[0x1e]", "EventData.ErrorCode": "30"}
{"EventID": "1107", "Channel": "Microsoft-Windows-TerminalServices-RDPClient/Operational", "Provider_Name": "Microsoft-Windows-TerminalServices-ClientActiveXCore", "Computer": "DESKTOP-OFJ6N53", "TimeCreated": "2024-09-25 15:00:50.503716+00:00", "RecordID": "23407", "Level": "4", "UserID": "S-1-5-21-963789628-1060504924-4285088085-1001", "EventData.ComponentName": "CClientProxyTransport", "EventData.Message": "Disconnect trace:'Gateway connection disconnected.' in CClientHTTPProxyTransport::OnDisconnected at 687 err=[0x1e]", "EventData.ErrorCode": "30"}
{"EventID": "1034", "Channel": "Microsoft-Windows-TerminalServices-RDPClient/Operational", "Provider_Name": "Microsoft-Windows-TerminalServices-ClientActiveXCore", "Computer": "DESKTOP-OFJ6N53", "TimeCreated": "2024-09-25 15:00:50.513811+00:00", "RecordID": "23408", "Level": "4", "UserID": "S-1-5-21-963789628-1060504924-4285088085-1001", "EventData.ErrorCode": "CClientProxyTransport", "EventData.ErrorDescription": "'Gateway channel disconnected. Result = 30' in CProxyRawTrans::DisconnectChannel at 1629 err=[0x0]"}
{"EventID": "1107", "Channel": "Microsoft-Windows-TerminalServices-RDPClient/Operational", "Provider_Name": "Microsoft-Windows-TerminalServices-ClientActiveXCore", "Computer": "DESKTOP-OFJ6N53", "TimeCreated": "2024-09-25 15:00:50.513960+00:00", "RecordID": "23409", "Level": "4", "UserID": "S-1-5-21-963789628-1060504924-4285088085-1001", "EventData.ComponentName": "CProxyRawTrans", "EventData.Message": "Disconnect trace:'OnChannelDisconnected' in CProxyRawTrans::OnChannelDisconnected at 1110 err=[0x0]", "EventData.ErrorCode": "0"}
{"EventID": "1107", "Channel": "Microsoft-Windows-TerminalServices-RDPClient/Operational", "Provider_Name": "Microsoft-Windows-TerminalServices-ClientActiveXCore", "Computer": "DESKTOP-OFJ6N53", "TimeCreated": "2024-09-25 15:00:50.513964+00:00", "RecordID": "23410", "Level": "4", "UserID": "S-1-5-21-963789628-1060504924-4285088085-1001", "EventData.ComponentName": "CProxyRawTrans", "EventData.Message": "Disconnect trace:'Disconnect Transport' in CProxyRawTrans::OnCloseConnection at 1946 err=[0x1e]", "EventData.ErrorCode": "30"}
{"EventID": "1107", "Channel": "Microsoft-Windows-TerminalServices-RDPClient/Operational", "Provider_Name": "Microsoft-Windows-TerminalServices-ClientActiveXCore", "Computer": "DESKTOP-OFJ6N53", "TimeCreated": "2024-09-25 15:00:50.513966+00:00", "RecordID": "23411", "Level": "4", "UserID": "S-1-5-21-963789628-1060504924-4285088085-1001", "EventData.ComponentName": "CAAUDPClientChannel", "EventData.Message": "Disconnect trace:'HandleTransportDisconnect() - disconnecting underlying raw transport object.' in CAAUDPClientChannel::HandleTransportDisconnect at 2333 err=[0x0]", "EventData.ErrorCode": "0"}
{"EventID": "1107", "Channel": "Microsoft-Windows-TerminalServices-RDPClient/Operational", "Provider_Name": "Microsoft-Windows-TerminalServices-ClientActiveXCore", "Computer": "DESKTOP-OFJ6N53", "TimeCreated": "2024-09-25 15:00:50.513971+00:00", "RecordID": "23412", "Level": "4", "UserID": "S-1-5-21-963789628-1060504924-4285088085-1001", "EventData.ComponentName": "CClientProxyTransport", "EventData.Message": "Disconnect trace:'Gateway connection disconnected.' in CClientProxyTransport::OnDisconnected at 1811 err=[0x1e]", "EventData.ErrorCode": "30"}
{"EventID": "1105", "Channel": "Microsoft-Windows-TerminalServices-RDPClient/Operational", "Provider_Name": "Microsoft-Windows-TerminalServices-ClientActiveXCore", "Computer": "DESKTOP-OFJ6N53", "TimeCreated": "2024-09-25 15:00:50.514029+00:00", "RecordID": "23413", "Level": "4", "UserID": "S-1-5-21-963789628-1060504924-4285088085-1001"}
{"EventID": "1026", "Channel": "Microsoft-Windows-TerminalServices-RDPClient/Operational", "Provider_Name": "Microsoft-Windows-TerminalServices-ClientActiveXCore", "Computer": "DESKTOP-OFJ6N53", "TimeCreated": "2024-09-25 15:00:50.514204+00:00", "RecordID": "23414", "Level": "4", "UserID": "S-1-5-21-963789628-1060504924-4285088085-1001", "EventData.Name": "Disconnect Reason", "EventData.Value": "1", "EventData.CustomLevel": "Info"}
{"EventID": "1107", "Channel": "Microsoft-Windows-TerminalServices-RDPClient/Operational", "Provider_Name": "Microsoft-Windows-TerminalServices-ClientActiveXCore", "Computer": "DESKTOP-OFJ6N53", "TimeCreated": "2024-09-25 15:00:50.537241+00:00", "RecordID": "23415", "Level": "4", "UserID": "S-1-5-21-963789628-1060504924-4285088085-1001", "EventData.ComponentName": "CAATunnel", "EventData.Message": "Disconnect trace:'Disconnecting tunnel.' in CAATunnel::Disconnect at 417 err=[0x0]", "EventData.ErrorCode": "0"}
{"EventID": "1107", "Channel": "Microsoft-Windows-TerminalServices-RDPClient/Operational", "Provider_Name": "Microsoft-Windows-TerminalServices-ClientActiveXCore", "Computer": "DESKTOP-OFJ6N53", "TimeCreated": "2024-09-25 15:00:50.537249+00:00", "RecordID": "23416", "Level": "4", "UserID": "S-1-5-21-963789628-1060504924-4285088085-1001", "EventData.ComponentName": "CAATunnel", "EventData.Message": "Disconnect trace:'Disconnecting channels.' in CAATunnel::DisconnectInternal at 469 err=[0x0]", "EventData.ErrorCode": "0"}
{"EventID": "1107", "Channel": "Microsoft-Windows-TerminalServices-RDPClient/Operational", "Provider_Name": "Microsoft-Windows-TerminalServices-ClientActiveXCore", "Computer": "DESKTOP-OFJ6N53", "TimeCreated": "2024-09-25 15:00:50.537252+00:00", "RecordID": "23417", "Level": "4", "UserID": "S-1-5-21-963789628-1060504924-4285088085-1001", "EventData.ComponentName": "CAATunnel", "EventData.Message": "Disconnect trace:'Invoking new CAAAsyncDisconnectTunnel object.' in CAATunnel::DisconnectInternal at 503 err=[0x0]", "EventData.ErrorCode": "0"}
{"EventID": "1107", "Channel": "Microsoft-Windows-TerminalServices-RDPClient/Operational", "Provider_Name": "Microsoft-Windows-TerminalServices-ClientActiveXCore", "Computer": "DESKTOP-OFJ6N53", "TimeCreated": "2024-09-25 15:00:50.537256+00:00", "RecordID": "23418", "Level": "4", "UserID": "S-1-5-21-963789628-1060504924-4285088085-1001", "EventData.ComponentName": "CAAHttpClientTunnel", "EventData.Message": "Disconnect trace:'disconnecting raw transport object' in CAAHttpClientTunnel::Shutdown at 934 err=[0x0]", "EventData.ErrorCode": "0"}
{"EventID": "1107", "Channel": "Microsoft-Windows-TerminalServices-RDPClient/Operational", "Provider_Name": "Microsoft-Windows-TerminalServices-ClientActiveXCore", "Computer": "DESKTOP-OFJ6N53", "TimeCreated": "2024-09-25 15:00:50.537262+00:00", "RecordID": "23419", "Level": "4", "UserID": "S-1-5-21-963789628-1060504924-4285088085-1001", "EventData.ComponentName": "CAAHttpClientRawTransport", "EventData.Message": "Disconnect trace:'Disconnecting Graceful=0 fAlreadyClosed=0' in CAAHttpClientRawTransport::Disconnect at 1277 err=[0x0]", "EventData.ErrorCode": "0"}
{"EventID": "1033", "Channel": "Microsoft-Windows-TerminalServices-RDPClient/Operational", "Provider_Name": "Microsoft-Windows-TerminalServices-ClientActiveXCore", "Computer": "DESKTOP-OFJ6N53", "TimeCreated": "2024-09-25 15:00:50.537277+00:00", "RecordID": "23420", "Level": "2", "UserID": "S-1-5-21-963789628-1060504924-4285088085-1001", "EventData.Name": "CAAHttpClientRawTransport", "EventData.CustomLevel": "'Graceful=0' in CAAHttpClientRawTransport::Cleanup at 335 err=[0x0]", "EventData.Value": "0x00000000"}
{"EventID": "1107", "Channel": "Microsoft-Windows-TerminalServices-RDPClient/Operational", "Provider_Name": "Microsoft-Windows-TerminalServices-ClientActiveXCore", "Computer": "DESKTOP-OFJ6N53", "TimeCreated": "2024-09-25 15:00:50.537531+00:00", "RecordID": "23421", "Level": "4", "UserID": "S-1-5-21-963789628-1060504924-4285088085-1001", "EventData.ComponentName": "CAAHttpClientTunnel", "EventData.Message": "Disconnect trace:'OnDisconnected' in CAAHttpClientTunnel::OnDisconnected at 1206 err=[0x0]", "EventData.ErrorCode": "0"}
{"EventID": "1107", "Channel": "Microsoft-Windows-TerminalServices-RDPClient/Operational", "Provider_Name": "Microsoft-Windows-TerminalServices-ClientActiveXCore", "Computer": "DESKTOP-OFJ6N53", "TimeCreated": "2024-09-25 15:00:50.537537+00:00", "RecordID": "23422", "Level": "4", "UserID": "S-1-5-21-963789628-1060504924-4285088085-1001", "EventData.ComponentName": "CAATunnel", "EventData.Message": "Disconnect trace:'ProcessDisconnection().' in CAATunnel::ProcessDisconnection at 539 err=[0x0]", "EventData.ErrorCode": "0"}
{"EventID": "1107", "Channel": "Microsoft-Windows-TerminalServices-RDPClient/Operational", "Provider_Name": "Microsoft-Windows-TerminalServices-ClientActiveXCore", "Computer": "DESKTOP-OFJ6N53", "TimeCreated": "2024-09-25 15:00:50.537542+00:00", "RecordID": "23423", "Level": "4", "UserID": "S-1-5-21-963789628-1060504924-4285088085-1001", "EventData.ComponentName": "CProxyRawTrans", "EventData.Message": "Disconnect trace:'OnTunnelDisconnected' in CProxyRawTrans::OnTunnelDisconnected at 739 err=[0x0]", "EventData.ErrorCode": "0"}
{"EventID": "1107", "Channel": "Microsoft-Windows-TerminalServices-RDPClient/Operational", "Provider_Name": "Microsoft-Windows-TerminalServices-ClientActiveXCore", "Computer": "DESKTOP-OFJ6N53", "TimeCreated": "2024-09-25 15:00:50.537544+00:00", "RecordID": "23424", "Level": "4", "UserID": "S-1-5-21-963789628-1060504924-4285088085-1001", "EventData.ComponentName": "CProxyRawTrans", "EventData.Message": "Disconnect trace:'Disconnect Transport' in CProxyRawTrans::OnCloseConnection at 1946 err=[0x1e]", "EventData.ErrorCode": "30"}
{"EventID": "1107", "Channel": "Microsoft-Windows-TerminalServices-RDPClient/Operational", "Provider_Name": "Microsoft-Windows-TerminalServices-ClientActiveXCore", "Computer": "DESKTOP-OFJ6N53", "TimeCreated": "2024-09-25 15:00:50.537550+00:00", "RecordID": "23425", "Level": "4", "UserID": "S-1-5-21-963789628-1060504924-4285088085-1001", "EventData.ComponentName": "CClientProxyTransport", "EventData.Message": "Disconnect trace:'Gateway connection disconnected.' in CClientHTTPProxyTransport::OnDisconnected at 687 err=[0x1e]", "EventData.ErrorCode": "30"}
{"EventID": "1034", "Channel": "Microsoft-Windows-TerminalServices-RDPClient/Operational", "Provider_Name": "Microsoft-Windows-TerminalServices-ClientActiveXCore", "Computer": "DESKTOP-OFJ6N53", "TimeCreated": "2024-09-25 15:00:50.537573+00:00", "RecordID": "23426", "Level": "4", "UserID": "S-1-5-21-963789628-1060504924-4285088085-1001", "EventData.ErrorCode": "CClientProxyTransport", "EventData.ErrorDescription": "'Terminating Gateway's channel. CurrentState=5' in CProxyRawTrans::Terminate at 1761 err=[0x0]"}
{"EventID": "1033", "Channel": "Microsoft-Windows-TerminalServices-RDPClient/Operational", "Provider_Name": "Microsoft-Windows-TerminalServices-ClientActiveXCore", "Computer": "DESKTOP-OFJ6N53", "TimeCreated": "2024-09-25 15:00:50.753010+00:00", "RecordID": "23427", "Level": "2", "UserID": "S-1-5-21-963789628-1060504924-4285088085-1001", "EventData.Name": "CClientProxyTransport", "EventData.CustomLevel": "'Gateway Error' in CClientProxyTransport::SetErrorStatus at 2853 err=[0x80004004]", "EventData.Value": "0x80004004"}
{"EventID": "1107", "Channel": "Microsoft-Windows-TerminalServices-RDPClient/Operational", "Provider_Name": "Microsoft-Windows-TerminalServices-ClientActiveXCore", "Computer": "DESKTOP-OFJ6N53", "TimeCreated": "2024-09-25 15:00:50.753023+00:00", "RecordID": "23428", "Level": "4", "UserID": "S-1-5-21-963789628-1060504924-4285088085-1001", "EventData.ComponentName": "CAATunnel", "EventData.Message": "Disconnect trace:'Disconnecting tunnel.' in CAATunnel::Disconnect at 417 err=[0x0]", "EventData.ErrorCode": "0"}
{"EventID": "1107", "Channel": "Microsoft-Windows-TerminalServices-RDPClient/Operational", "Provider_Name": "Microsoft-Windows-TerminalServices-ClientActiveXCore", "Computer": "DESKTOP-OFJ6N53", "TimeCreated": "2024-09-25 15:00:50.753029+00:00", "RecordID": "23429", "Level": "4", "UserID": "S-1-5-21-963789628-1060504924-4285088085-1001", "EventData.ComponentName": "CAATunnel", "EventData.Message": "Disconnect trace:'Disconnecting channels.' in CAATunnel::DisconnectInternal at 469 err=[0x0]", "EventData.ErrorCode": "0"}
{"EventID": "1107", "Channel": "Microsoft-Windows-TerminalServices-RDPClient/Operational", "Provider_Name": "Microsoft-Windows-TerminalServices-ClientActiveXCore", "Computer": "DESKTOP-OFJ6N53", "TimeCreated": "2024-09-25 15:00:50.753031+00:00", "RecordID": "23430", "Level": "4", "UserID": "S-1-5-21-963789628-1060504924-4285088085-1001", "EventData.ComponentName": "CAATunnel", "EventData.Message": "Disconnect trace:'Invoking new CAAAsyncDisconnectTunnel object.' in CAATunnel::DisconnectInternal at 503 err=[0x0]", "EventData.ErrorCode": "0"}
{"EventID": "1107", "Channel": "Microsoft-Windows-TerminalServices-RDPClient/Operational", "Provider_Name": "Microsoft-Windows-TerminalServices-ClientActiveXCore", "Computer": "DESKTOP-OFJ6N53", "TimeCreated": "2024-09-25 15:00:50.753036+00:00", "RecordID": "23431", "Level": "4", "UserID": "S-1-5-21-963789628-1060504924-4285088085-1001", "EventData.ComponentName": "CAATunnel", "EventData.Message": "Disconnect trace:'ProcessDisconnection().' in CAATunnel::ProcessDisconnection at 539 err=[0x0]", "EventData.ErrorCode": "0"}
{"EventID": "1107", "Channel": "Microsoft-Windows-TerminalServices-RDPClient/Operational", "Provider_Name": "Microsoft-Windows-TerminalServices-ClientActiveXCore", "Computer": "DESKTOP-OFJ6N53", "TimeCreated": "2024-09-25 15:00:50.753040+00:00", "RecordID": "23432", "Level": "4", "UserID": "S-1-5-21-963789628-1060504924-4285088085-1001", "EventData.ComponentName": "CProxyRawTrans", "EventData.Message": "Disconnect trace:'OnTunnelDisconnected' in CProxyRawTrans::OnTunnelDisconnected at 739 err=[0x0]", "EventData.ErrorCode": "0"}
{"EventID": "1107", "Channel": "Microsoft-Windows-TerminalServices-RDPClient/Operational", "Provider_Name": "Microsoft-Windows-TerminalServices-ClientActiveXCore", "Computer": "DESKTOP-OFJ6N53", "TimeCreated": "2024-09-25 15:00:50.753042+00:00", "RecordID": "23433", "Level": "4", "UserID": "S-1-5-21-963789628-1060504924-4285088085-1001", "EventData.ComponentName": "CProxyRawTrans", "EventData.Message": "Disconnect trace:'Disconnect Transport' in CProxyRawTrans::OnCloseConnection at 1946 err=[0x1e]", "EventData.ErrorCode": "30"}
{"EventID": "1107", "Channel": "Microsoft-Windows-TerminalServices-RDPClient/Operational", "Provider_Name": "Microsoft-Windows-TerminalServices-ClientActiveXCore", "Computer": "DESKTOP-OFJ6N53", "TimeCreated": "2024-09-25 15:00:50.753048+00:00", "RecordID": "23434", "Level": "4", "UserID": "S-1-5-21-963789628-1060504924-4285088085-1001", "EventData.ComponentName": "CClientProxyTransport", "EventData.Message": "Disconnect trace:'Gateway connection disconnected.' in CClientProxyTransport::OnDisconnected at 1811 err=[0x1e]", "EventData.ErrorCode": "30"}
{"EventID": "1034", "Channel": "Microsoft-Windows-TerminalServices-RDPClient/Operational", "Provider_Name": "Microsoft-Windows-TerminalServices-ClientActiveXCore", "Computer": "DESKTOP-OFJ6N53", "TimeCreated": "2024-09-25 15:00:50.753052+00:00", "RecordID": "23435", "Level": "4", "UserID": "S-1-5-21-963789628-1060504924-4285088085-1001", "EventData.ErrorCode": "CClientProxyTransport", "EventData.ErrorDescription": "'Terminating Gateway's channel. CurrentState=5' in CProxyRawTrans::Terminate at 1761 err=[0x0]"}
{"EventID": "1033", "Channel": "Microsoft-Windows-TerminalServices-RDPClient/Operational", "Provider_Name": "Microsoft-Windows-TerminalServices-ClientActiveXCore", "Computer": "DESKTOP-OFJ6N53", "TimeCreated": "2024-09-25 15:00:50.753059+00:00", "RecordID": "23436", "Level": "2", "UserID": "S-1-5-21-963789628-1060504924-4285088085-1001", "EventData.Name": "CAATunnel", "EventData.CustomLevel": "'Cleaning up CAATunnel' in CAATunnel::~CAATunnel at 121 err=[0x80004005]", "EventData.Value": "0x80004005"}
{"EventID": "1024", "Channel": "Microsoft-Windows-TerminalServices-RDPClient/Operational", "Provider_Name": "Microsoft-Windows-TerminalServices-ClientActiveXCore", "Computer": "DESKTOP-OFJ6N53", "TimeCreated": "2024-09-28 12:35:04.161444+00:00", "RecordID": "23437", "Level": "4", "UserID": "S-1-5-21-963789628-1060504924-4285088085-1001", "EventData.Name": "Server Name", "EventData.Value": "10.40.128.112", "EventData.CustomLevel": "Info"}
{"EventID": "1028", "Channel": "Microsoft-Windows-TerminalServices-RDPClient/Operational", "Provider_Name": "Microsoft-Windows-TerminalServices-ClientActiveXCore", "Computer": "DESKTOP-OFJ6N53", "TimeCreated": "2024-09-28 12:35:04.213060+00:00", "RecordID": "23438", "Level": "4", "UserID": "S-1-5-21-963789628-1060504924-4285088085-1001", "EventData.TraceMessage": "supported"}
{"EventID": "1029", "Channel": "Microsoft-Windows-TerminalServices-RDPClient/Operational", "Provider_Name": "Microsoft-Windows-TerminalServices-ClientActiveXCore", "Computer": "DESKTOP-OFJ6N53", "TimeCreated": "2024-09-28 12:35:10.417307+00:00", "RecordID": "23439", "Level": "4", "UserID": "S-1-5-21-963789628-1060504924-4285088085-1001", "EventData.TraceMessage": "mio2HiFPNmdDuS4TykGgs3jzoqx391621T0L75qE1t0=-"}
{"EventID": "226", "Channel": "Microsoft-Windows-TerminalServices-RDPClient/Operational", "Provider_Name": "Microsoft-Windows-TerminalServices-ClientActiveXCore", "Computer": "DESKTOP-OFJ6N53", "TimeCreated": "2024-09-28 12:35:10.576872+00:00", "RecordID": "23440", "Level": "3", "UserID": "S-1-5-21-963789628-1060504924-4285088085-1001", "EventData.StateTransitionName": "RDPClient_SSL", "EventData.PreviousState": "3", "EventData.PreviousStateName": "TsSslStateHandshakeInProgress", "EventData.NewState": "10", "EventData.NewStateName": "TsSslStateDisconnecting", "EventData.Event": "8", "EventData.EventName": "TsSslEventHandshakeContinueFailed", "EventData.Error Code": "2147500037"}
{"EventID": "1105", "Channel": "Microsoft-Windows-TerminalServices-RDPClient/Operational", "Provider_Name": "Microsoft-Windows-TerminalServices-ClientActiveXCore", "Computer": "DESKTOP-OFJ6N53", "TimeCreated": "2024-09-28 12:35:10.577198+00:00", "RecordID": "23441", "Level": "4", "UserID": "S-1-5-21-963789628-1060504924-4285088085-1001"}
{"EventID": "1026", "Channel": "Microsoft-Windows-TerminalServices-RDPClient/Operational", "Provider_Name": "Microsoft-Windows-TerminalServices-ClientActiveXCore", "Computer": "DESKTOP-OFJ6N53", "TimeCreated": "2024-09-28 12:35:11.823814+00:00", "RecordID": "23442", "Level": "4", "UserID": "S-1-5-21-963789628-1060504924-4285088085-1001", "EventData.Name": "Disconnect Reason", "EventData.Value": "263", "EventData.CustomLevel": "Info"}
{"EventID": "1028", "Channel": "Microsoft-Windows-TerminalServices-RDPClient/Operational", "Provider_Name": "Microsoft-Windows-TerminalServices-ClientActiveXCore", "Computer": "DESKTOP-OFJ6N53", "TimeCreated": "2024-09-28 12:35:11.843996+00:00", "RecordID": "23443", "Level": "4", "UserID": "S-1-5-21-963789628-1060504924-4285088085-1001", "EventData.TraceMessage": "supported"}
{"EventID": "1029", "Channel": "Microsoft-Windows-TerminalServices-RDPClient/Operational", "Provider_Name": "Microsoft-Windows-TerminalServices-ClientActiveXCore", "Computer": "DESKTOP-OFJ6N53", "TimeCreated": "2024-09-28 12:35:11.844299+00:00", "RecordID": "23444", "Level": "4", "UserID": "S-1-5-21-963789628-1060504924-4285088085-1001", "EventData.TraceMessage": "mio2HiFPNmdDuS4TykGgs3jzoqx391621T0L75qE1t0=-"}
{"EventID": "1102", "Channel": "Microsoft-Windows-TerminalServices-RDPClient/Operational", "Provider_Name": "Microsoft-Windows-TerminalServices-ClientActiveXCore", "Computer": "DESKTOP-OFJ6N53", "TimeCreated": "2024-09-28 12:35:11.938244+00:00", "RecordID": "23445", "Level": "4", "UserID": "S-1-5-21-963789628-1060504924-4285088085-1001", "EventData.Name": "ServerAddress", "EventData.Value": "10.40.128.112", "EventData.CustomLevel": "Info"}
{"EventID": "1102", "Channel": "Microsoft-Windows-TerminalServices-RDPClient/Operational", "Provider_Name": "Microsoft-Windows-TerminalServices-ClientActiveXCore", "Computer": "DESKTOP-OFJ6N53", "TimeCreated": "2024-09-28 12:35:11.941965+00:00", "RecordID": "23446", "Level": "4", "UserID": "S-1-5-21-963789628-1060504924-4285088085-1001", "EventData.Name": "ServerAddress", "EventData.Value": "10.40.128.112", "EventData.CustomLevel": "Info"}
{"EventID": "1103", "Channel": "Microsoft-Windows-TerminalServices-RDPClient/Operational", "Provider_Name": "Microsoft-Windows-TerminalServices-ClientActiveXCore", "Computer": "DESKTOP-OFJ6N53", "TimeCreated": "2024-09-28 12:35:12.027138+00:00", "RecordID": "23447", "Level": "4", "UserID": "S-1-5-21-963789628-1060504924-4285088085-1001"}
{"EventID": "1103", "Channel": "Microsoft-Windows-TerminalServices-RDPClient/Operational", "Provider_Name": "Microsoft-Windows-TerminalServices-ClientActiveXCore", "Computer": "DESKTOP-OFJ6N53", "TimeCreated": "2024-09-28 12:35:12.038134+00:00", "RecordID": "23448", "Level": "4", "UserID": "S-1-5-21-963789628-1060504924-4285088085-1001"}
{"EventID": "1025", "Channel": "Microsoft-Windows-TerminalServices-RDPClient/Operational", "Provider_Name": "Microsoft-Windows-TerminalServices-ClientActiveXCore", "Computer": "DESKTOP-OFJ6N53", "TimeCreated": "2024-09-28 12:35:18.072544+00:00", "RecordID": "23449", "Level": "4", "UserID": "S-1-5-21-963789628-1060504924-4285088085-1001"}
{"EventID": "1402", "Channel": "Microsoft-Windows-TerminalServices-RDPClient/Operational", "Provider_Name": "Microsoft-Windows-TerminalServices-ClientActiveXCore", "Computer": "DESKTOP-OFJ6N53", "TimeCreated": "2024-09-28 12:35:18.130079+00:00", "RecordID": "23450", "Level": "4", "UserID": "S-1-5-21-963789628-1060504924-4285088085-1001"}
{"EventID": "1401", "Channel": "Microsoft-Windows-TerminalServices-RDPClient/Operational", "Provider_Name": "Microsoft-Windows-TerminalServices-ClientActiveXCore", "Computer": "DESKTOP-OFJ6N53", "TimeCreated": "2024-09-28 12:35:18.152735+00:00", "RecordID": "23451", "Level": "4", "UserID": "S-1-5-21-963789628-1060504924-4285088085-1001", "EventData.Version": "0x00080105", "EventData.ClientMode": "0", "EventData.AvcEnabled": "0"}
{"EventID": "1027", "Channel": "Microsoft-Windows-TerminalServices-RDPClient/Operational", "Provider_Name": "Microsoft-Windows-TerminalServices-ClientActiveXCore", "Computer": "DESKTOP-OFJ6N53", "TimeCreated": "2024-09-28 12:35:21.499187+00:00", "RecordID": "23452", "Level": "4", "UserID": "S-1-5-21-963789628-1060504924-4285088085-1001", "EventData.DomainName": "MPSIEMCORE", "EventData.SessionId": "5"}
{"EventID": "1105", "Channel": "Microsoft-Windows-TerminalServices-RDPClient/Operational", "Provider_Name": "Microsoft-Windows-TerminalServices-ClientActiveXCore", "Computer": "DESKTOP-OFJ6N53", "TimeCreated": "2024-09-28 12:45:55.963541+00:00", "RecordID": "23453", "Level": "4", "UserID": "S-1-5-21-963789628-1060504924-4285088085-1001"}
{"EventID": "1026", "Channel": "Microsoft-Windows-TerminalServices-RDPClient/Operational", "Provider_Name": "Microsoft-Windows-TerminalServices-ClientActiveXCore", "Computer": "DESKTOP-OFJ6N53", "TimeCreated": "2024-09-28 12:45:55.963596+00:00", "RecordID": "23454", "Level": "4", "UserID": "S-1-5-21-963789628-1060504924-4285088085-1001", "EventData.Name": "Disconnect Reason", "EventData.Value": "1", "EventData.CustomLevel": "Info"}
{"EventID": "1024", "Channel": "Microsoft-Windows-TerminalServices-RDPClient/Operational", "Provider_Name": "Microsoft-Windows-TerminalServices-ClientActiveXCore", "Computer": "DESKTOP-OFJ6N53", "TimeCreated": "2024-10-03 16:33:21.436438+00:00", "RecordID": "23455", "Level": "4", "UserID": "S-1-5-21-963789628-1060504924-4285088085-1001", "EventData.Name": "Server Name", "EventData.Value": "192.168.52.12", "EventData.CustomLevel": "Info"}
{"EventID": "1028", "Channel": "Microsoft-Windows-TerminalServices-RDPClient/Operational", "Provider_Name": "Microsoft-Windows-TerminalServices-ClientActiveXCore", "Computer": "DESKTOP-OFJ6N53", "TimeCreated": "2024-10-03 16:33:21.477377+00:00", "RecordID": "23456", "Level": "4", "UserID": "S-1-5-21-963789628-1060504924-4285088085-1001", "EventData.TraceMessage": "supported"}
{"EventID": "1029", "Channel": "Microsoft-Windows-TerminalServices-RDPClient/Operational", "Provider_Name": "Microsoft-Windows-TerminalServices-ClientActiveXCore", "Computer": "DESKTOP-OFJ6N53", "TimeCreated": "2024-10-03 16:33:26.743717+00:00", "RecordID": "23457", "Level": "4", "UserID": "S-1-5-21-963789628-1060504924-4285088085-1001", "EventData.TraceMessage": "1mSMIKgfMkNWQQKduFtpkhTDs6dmNHhOV+la2IeE6aE=-"}
{"EventID": "226", "Channel": "Microsoft-Windows-TerminalServices-RDPClient/Operational", "Provider_Name": "Microsoft-Windows-TerminalServices-ClientActiveXCore", "Computer": "DESKTOP-OFJ6N53", "TimeCreated": "2024-10-03 16:33:26.864714+00:00", "RecordID": "23458", "Level": "3", "UserID": "S-1-5-21-963789628-1060504924-4285088085-1001", "EventData.StateTransitionName": "RDPClient_SSL", "EventData.PreviousState": "3", "EventData.PreviousStateName": "TsSslStateHandshakeInProgress", "EventData.NewState": "10", "EventData.NewStateName": "TsSslStateDisconnecting", "EventData.Event": "8", "EventData.EventName": "TsSslEventHandshakeContinueFailed", "EventData.Error Code": "2147500037"}
{"EventID": "1105", "Channel": "Microsoft-Windows-TerminalServices-RDPClient/Operational", "Provider_Name": "Microsoft-Windows-TerminalServices-ClientActiveXCore", "Computer": "DESKTOP-OFJ6N53", "TimeCreated": "2024-10-03 16:33:26.865009+00:00", "RecordID": "23459", "Level": "4", "UserID": "S-1-5-21-963789628-1060504924-4285088085-1001"}
{"EventID": "1026", "Channel": "Microsoft-Windows-TerminalServices-RDPClient/Operational", "Provider_Name": "Microsoft-Windows-TerminalServices-ClientActiveXCore", "Computer": "DESKTOP-OFJ6N53", "TimeCreated": "2024-10-03 16:33:26.865191+00:00", "RecordID": "23460", "Level": "4", "UserID": "S-1-5-21-963789628-1060504924-4285088085-1001", "EventData.Name": "Disconnect Reason", "EventData.Value": "519", "EventData.CustomLevel": "Info"}
{"EventID": "1028", "Channel": "Microsoft-Windows-TerminalServices-RDPClient/Operational", "Provider_Name": "Microsoft-Windows-TerminalServices-ClientActiveXCore", "Computer": "DESKTOP-OFJ6N53", "TimeCreated": "2024-10-03 16:33:26.875681+00:00", "RecordID": "23461", "Level": "4", "UserID": "S-1-5-21-963789628-1060504924-4285088085-1001", "EventData.TraceMessage": "supported"}
{"EventID": "1029", "Channel": "Microsoft-Windows-TerminalServices-RDPClient/Operational", "Provider_Name": "Microsoft-Windows-TerminalServices-ClientActiveXCore", "Computer": "DESKTOP-OFJ6N53", "TimeCreated": "2024-10-03 16:33:26.876181+00:00", "RecordID": "23462", "Level": "4", "UserID": "S-1-5-21-963789628-1060504924-4285088085-1001", "EventData.TraceMessage": "1mSMIKgfMkNWQQKduFtpkhTDs6dmNHhOV+la2IeE6aE=-"}
{"EventID": "226", "Channel": "Microsoft-Windows-TerminalServices-RDPClient/Operational", "Provider_Name": "Microsoft-Windows-TerminalServices-ClientActiveXCore", "Computer": "DESKTOP-OFJ6N53", "TimeCreated": "2024-10-03 16:33:26.893013+00:00", "RecordID": "23463", "Level": "3", "UserID": "S-1-5-21-963789628-1060504924-4285088085-1001", "EventData.StateTransitionName": "RDPClient_SSL", "EventData.PreviousState": "3", "EventData.PreviousStateName": "TsSslStateHandshakeInProgress", "EventData.NewState": "10", "EventData.NewStateName": "TsSslStateDisconnecting", "EventData.Event": "9", "EventData.EventName": "TsSslEventHandshakeInProgressFailed", "EventData.Error Code": "2147500037"}
{"EventID": "1105", "Channel": "Microsoft-Windows-TerminalServices-RDPClient/Operational", "Provider_Name": "Microsoft-Windows-TerminalServices-ClientActiveXCore", "Computer": "DESKTOP-OFJ6N53", "TimeCreated": "2024-10-03 16:33:26.893284+00:00", "RecordID": "23464", "Level": "4", "UserID": "S-1-5-21-963789628-1060504924-4285088085-1001"}
{"EventID": "1026", "Channel": "Microsoft-Windows-TerminalServices-RDPClient/Operational", "Provider_Name": "Microsoft-Windows-TerminalServices-ClientActiveXCore", "Computer": "DESKTOP-OFJ6N53", "TimeCreated": "2024-10-03 16:33:27.881178+00:00", "RecordID": "23465", "Level": "4", "UserID": "S-1-5-21-963789628-1060504924-4285088085-1001", "EventData.Name": "Disconnect Reason", "EventData.Value": "263", "EventData.CustomLevel": "Info"}
{"EventID": "1028", "Channel": "Microsoft-Windows-TerminalServices-RDPClient/Operational", "Provider_Name": "Microsoft-Windows-TerminalServices-ClientActiveXCore", "Computer": "DESKTOP-OFJ6N53", "TimeCreated": "2024-10-03 16:33:27.894560+00:00", "RecordID": "23466", "Level": "4", "UserID": "S-1-5-21-963789628-1060504924-4285088085-1001", "EventData.TraceMessage": "supported"}
{"EventID": "1029", "Channel": "Microsoft-Windows-TerminalServices-RDPClient/Operational", "Provider_Name": "Microsoft-Windows-TerminalServices-ClientActiveXCore", "Computer": "DESKTOP-OFJ6N53", "TimeCreated": "2024-10-03 16:33:27.895020+00:00", "RecordID": "23467", "Level": "4", "UserID": "S-1-5-21-963789628-1060504924-4285088085-1001", "EventData.TraceMessage": "1mSMIKgfMkNWQQKduFtpkhTDs6dmNHhOV+la2IeE6aE=-"}
{"EventID": "1025", "Channel": "Microsoft-Windows-TerminalServices-RDPClient/Operational", "Provider_Name": "Microsoft-Windows-TerminalServices-ClientActiveXCore", "Computer": "DESKTOP-OFJ6N53", "TimeCreated": "2024-10-03 16:33:28.523256+00:00", "RecordID": "23468", "Level": "4", "UserID": "S-1-5-21-963789628-1060504924-4285088085-1001"}
{"EventID": "1105", "Channel": "Microsoft-Windows-TerminalServices-RDPClient/Operational", "Provider_Name": "Microsoft-Windows-TerminalServices-ClientActiveXCore", "Computer": "DESKTOP-OFJ6N53", "TimeCreated": "2024-10-04 00:12:07.217997+00:00", "RecordID": "23469", "Level": "4", "UserID": "S-1-5-21-963789628-1060504924-4285088085-1001"}
{"EventID": "1026", "Channel": "Microsoft-Windows-TerminalServices-RDPClient/Operational", "Provider_Name": "Microsoft-Windows-TerminalServices-ClientActiveXCore", "Computer": "DESKTOP-OFJ6N53", "TimeCreated": "2024-10-04 00:12:07.218090+00:00", "RecordID": "23470", "Level": "4", "UserID": "S-1-5-21-963789628-1060504924-4285088085-1001", "EventData.Name": "Disconnect Reason", "EventData.Value": "2308", "EventData.CustomLevel": "Info"}
{"EventID": "1105", "Channel": "Microsoft-Windows-TerminalServices-RDPClient/Operational", "Provider_Name": "Microsoft-Windows-TerminalServices-ClientActiveXCore", "Computer": "DESKTOP-OFJ6N53", "TimeCreated": "2024-10-04 00:12:33.291277+00:00", "RecordID": "23471", "Level": "4", "UserID": "S-1-5-21-963789628-1060504924-4285088085-1001"}
{"EventID": "226", "Channel": "Microsoft-Windows-TerminalServices-RDPClient/Operational", "Provider_Name": "Microsoft-Windows-TerminalServices-ClientActiveXCore", "Computer": "DESKTOP-OFJ6N53", "TimeCreated": "2024-10-04 00:12:33.291279+00:00", "RecordID": "23472", "Level": "3", "UserID": "S-1-5-21-963789628-1060504924-4285088085-1001", "EventData.StateTransitionName": "RDPClient_TCP", "EventData.PreviousState": "1", "EventData.PreviousStateName": "TcpStateConnectingTransport", "EventData.NewState": "12", "EventData.NewStateName": "TcpStateDisconnected", "EventData.Event": "2", "EventData.EventName": "TcpEventConnectionTimeout", "EventData.Error Code": "2147500036"}
{"EventID": "1026", "Channel": "Microsoft-Windows-TerminalServices-RDPClient/Operational", "Provider_Name": "Microsoft-Windows-TerminalServices-ClientActiveXCore", "Computer": "DESKTOP-OFJ6N53", "TimeCreated": "2024-10-04 00:12:33.291368+00:00", "RecordID": "23473", "Level": "4", "UserID": "S-1-5-21-963789628-1060504924-4285088085-1001", "EventData.Name": "Disconnect Reason", "EventData.Value": "516", "EventData.CustomLevel": "Info"}
{"EventID": "1105", "Channel": "Microsoft-Windows-TerminalServices-RDPClient/Operational", "Provider_Name": "Microsoft-Windows-TerminalServices-ClientActiveXCore", "Computer": "DESKTOP-OFJ6N53", "TimeCreated": "2024-10-04 00:12:53.744148+00:00", "RecordID": "23474", "Level": "4", "UserID": "S-1-5-21-963789628-1060504924-4285088085-1001"}
{"EventID": "226", "Channel": "Microsoft-Windows-TerminalServices-RDPClient/Operational", "Provider_Name": "Microsoft-Windows-TerminalServices-ClientActiveXCore", "Computer": "DESKTOP-OFJ6N53", "TimeCreated": "2024-10-04 00:12:53.744152+00:00", "RecordID": "23475", "Level": "3", "UserID": "S-1-5-21-963789628-1060504924-4285088085-1001", "EventData.StateTransitionName": "RDPClient_TCP", "EventData.PreviousState": "1", "EventData.PreviousStateName": "TcpStateConnectingTransport", "EventData.NewState": "12", "EventData.NewStateName": "TcpStateDisconnected", "EventData.Event": "2", "EventData.EventName": "TcpEventConnectionTimeout", "EventData.Error Code": "2147500036"}
{"EventID": "1026", "Channel": "Microsoft-Windows-TerminalServices-RDPClient/Operational", "Provider_Name": "Microsoft-Windows-TerminalServices-ClientActiveXCore", "Computer": "DESKTOP-OFJ6N53", "TimeCreated": "2024-10-04 00:12:53.744234+00:00", "RecordID": "23476", "Level": "4", "UserID": "S-1-5-21-963789628-1060504924-4285088085-1001", "EventData.Name": "Disconnect Reason", "EventData.Value": "516", "EventData.CustomLevel": "Info"}
{"EventID": "1105", "Channel": "Microsoft-Windows-TerminalServices-RDPClient/Operational", "Provider_Name": "Microsoft-Windows-TerminalServices-ClientActiveXCore", "Computer": "DESKTOP-OFJ6N53", "TimeCreated": "2024-10-04 00:13:18.275322+00:00", "RecordID": "23477", "Level": "4", "UserID": "S-1-5-21-963789628-1060504924-4285088085-1001"}
{"EventID": "226", "Channel": "Microsoft-Windows-TerminalServices-RDPClient/Operational", "Provider_Name": "Microsoft-Windows-TerminalServices-ClientActiveXCore", "Computer": "DESKTOP-OFJ6N53", "TimeCreated": "2024-10-04 00:13:18.275326+00:00", "RecordID": "23478", "Level": "3", "UserID": "S-1-5-21-963789628-1060504924-4285088085-1001", "EventData.StateTransitionName": "RDPClient_TCP", "EventData.PreviousState": "1", "EventData.PreviousStateName": "TcpStateConnectingTransport", "EventData.NewState": "12", "EventData.NewStateName": "TcpStateDisconnected", "EventData.Event": "2", "EventData.EventName": "TcpEventConnectionTimeout", "EventData.Error Code": "2147500036"}
{"EventID": "1026", "Channel": "Microsoft-Windows-TerminalServices-RDPClient/Operational", "Provider_Name": "Microsoft-Windows-TerminalServices-ClientActiveXCore", "Computer": "DESKTOP-OFJ6N53", "TimeCreated": "2024-10-04 00:13:18.275410+00:00", "RecordID": "23479", "Level": "4", "UserID": "S-1-5-21-963789628-1060504924-4285088085-1001", "EventData.Name": "Disconnect Reason", "EventData.Value": "516", "EventData.CustomLevel": "Info"}
{"EventID": "1105", "Channel": "Microsoft-Windows-TerminalServices-RDPClient/Operational", "Provider_Name": "Microsoft-Windows-TerminalServices-ClientActiveXCore", "Computer": "DESKTOP-OFJ6N53", "TimeCreated": "2024-10-04 00:13:52.478796+00:00", "RecordID": "23480", "Level": "4", "UserID": "S-1-5-21-963789628-1060504924-4285088085-1001"}
{"EventID": "226", "Channel": "Microsoft-Windows-TerminalServices-RDPClient/Operational", "Provider_Name": "Microsoft-Windows-TerminalServices-ClientActiveXCore", "Computer": "DESKTOP-OFJ6N53", "TimeCreated": "2024-10-04 00:13:52.478800+00:00", "RecordID": "23481", "Level": "3", "UserID": "S-1-5-21-963789628-1060504924-4285088085-1001", "EventData.StateTransitionName": "RDPClient_TCP", "EventData.PreviousState": "1", "EventData.PreviousStateName": "TcpStateConnectingTransport", "EventData.NewState": "12", "EventData.NewStateName": "TcpStateDisconnected", "EventData.Event": "2", "EventData.EventName": "TcpEventConnectionTimeout", "EventData.Error Code": "2147500036"}
