{"EventID": "226", "Channel": "Microsoft-Windows-TerminalServices-RDPClient/Operational", "Provider_Name": "Microsoft-Windows-TerminalServices-ClientActiveXCore", "Computer": "DESKTOP-OFJ6N53", "TimeCreated": "2025-04-02 14:58:52.463125+00:00", "RecordID": "24743", "Level": "3", "UserID": "S-1-5-21-963789628-1060504924-4285088085-1001", "EventData.StateTransitionName": "RDPClient_SSL", "EventData.PreviousState": "3", "EventData.PreviousStateName": "TsSslStateHandshakeInProgress", "EventData.NewState": "10", "EventData.NewStateName": "TsSslStateDisconnecting", "EventData.Event": "8", "EventData.EventName": "TsSslEventHandshakeContinueFailed", "EventData.Error Code": "2147500037"}
{"EventID": "1105", "Channel": "Microsoft-Windows-TerminalServices-RDPClient/Operational", "Provider_Name": "Microsoft-Windows-TerminalServices-ClientActiveXCore", "Computer": "DESKTOP-OFJ6N53", "TimeCreated": "2025-04-02 14:58:52.463551+00:00", "RecordID": "24744", "Level": "4", "UserID": "S-1-5-21-963789628-1060504924-4285088085-1001"}
{"EventID": "1026", "Channel": "Microsoft-Windows-TerminalServices-RDPClient/Operational", "Provider_Name": "Microsoft-Windows-TerminalServices-ClientActiveXCore", "Computer": "DESKTOP-OFJ6N53", "TimeCreated": "2025-04-02 14:58:52.463736+00:00", "RecordID": "24745", "Level": "4", "UserID": "S-1-5-21-963789628-1060504924-4285088085-1001", "EventData.Name": "Disconnect Reason", "EventData.Value": "519", "EventData.CustomLevel": "Info"}
{"EventID": "1028", "Channel": "Microsoft-Windows-TerminalServices-RDPClient/Operational", "Provider_Name": "Microsoft-Windows-TerminalServices-ClientActiveXCore", "Computer": "DESKTOP-OFJ6N53", "TimeCreated": "2025-04-02 14:58:52.583986+00:00", "RecordID": "24746", "Level": "4", "UserID": "S-1-5-21-963789628-1060504924-4285088085-1001", "EventData.TraceMessage": "supported"}
{"EventID": "1029", "Channel": "Microsoft-Windows-TerminalServices-RDPClient/Operational", "Provider_Name": "Microsoft-Windows-TerminalServices-ClientActiveXCore", "Computer": "DESKTOP-OFJ6N53", "TimeCreated": "2025-04-02 14:58:52.584990+00:00", "RecordID": "24747", "Level": "4", "UserID": "S-1-5-21-963789628-1060504924-4285088085-1001", "EventData.TraceMessage": "YCLhOd8GzqL7p78X+6AXrUUvCJ0eUPDXPGVk4rlFFiU=-ND+Fsx5czjIs/pxqOOU5vxgyf5YeeuD0S58C0olDUrE="}
{"EventID": "226", "Channel": "Microsoft-Windows-TerminalServices-RDPClient/Operational", "Provider_Name": "Microsoft-Windows-TerminalServices-ClientActiveXCore", "Computer": "DESKTOP-OFJ6N53", "TimeCreated": "2025-04-02 14:58:52.611330+00:00", "RecordID": "24748", "Level": "3", "UserID": "S-1-5-21-963789628-1060504924-4285088085-1001", "EventData.StateTransitionName": "RDPClient_SSL", "EventData.PreviousState": "3", "EventData.PreviousStateName": "TsSslStateHandshakeInProgress", "EventData.NewState": "10", "EventData.NewStateName": "TsSslStateDisconnecting", "EventData.Event": "9", "EventData.EventName": "TsSslEventHandshakeInProgressFailed", "EventData.Error Code": "2147500037"}
{"EventID": "1105", "Channel": "Microsoft-Windows-TerminalServices-RDPClient/Operational", "Provider_Name": "Microsoft-Windows-TerminalServices-ClientActiveXCore", "Computer": "DESKTOP-OFJ6N53", "TimeCreated": "2025-04-02 14:58:52.611567+00:00", "RecordID": "24749", "Level": "4", "UserID": "S-1-5-21-963789628-1060504924-4285088085-1001"}
{"EventID": "1026", "Channel": "Microsoft-Windows-TerminalServices-RDPClient/Operational", "Provider_Name": "Microsoft-Windows-TerminalServices-ClientActiveXCore", "Computer": "DESKTOP-OFJ6N53", "TimeCreated": "2025-04-02 14:58:53.824015+00:00", "RecordID": "24750", "Level": "4", "UserID": "S-1-5-21-963789628-1060504924-4285088085-1001", "EventData.Name": "Disconnect Reason", "EventData.Value": "263", "EventData.CustomLevel": "Info"}
{"EventID": "1028", "Channel": "Microsoft-Windows-TerminalServices-RDPClient/Operational", "Provider_Name": "Microsoft-Windows-TerminalServices-ClientActiveXCore", "Computer": "DESKTOP-OFJ6N53", "TimeCreated": "2025-04-02 14:58:53.899158+00:00", "RecordID": "24751", "Level": "4", "UserID": "S-1-5-21-963789628-1060504924-4285088085-1001", "EventData.TraceMessage": "supported"}
{"EventID": "1029", "Channel": "Microsoft-Windows-TerminalServices-RDPClient/Operational", "Provider_Name": "Microsoft-Windows-TerminalServices-ClientActiveXCore", "Computer": "DESKTOP-OFJ6N53", "TimeCreated": "2025-04-02 14:58:53.900068+00:00", "RecordID": "24752", "Level": "4", "UserID": "S-1-5-21-963789628-1060504924-4285088085-1001", "EventData.TraceMessage": "YCLhOd8GzqL7p78X+6AXrUUvCJ0eUPDXPGVk4rlFFiU=-ND+Fsx5czjIs/pxqOOU5vxgyf5YeeuD0S58C0olDUrE="}
{"EventID": "1102", "Channel": "Microsoft-Windows-TerminalServices-RDPClient/Operational", "Provider_Name": "Microsoft-Windows-TerminalServices-ClientActiveXCore", "Computer": "DESKTOP-OFJ6N53", "TimeCreated": "2025-04-02 14:58:54.780891+00:00", "RecordID": "24753", "Level": "4", "UserID": "S-1-5-21-963789628-1060504924-4285088085-1001", "EventData.Name": "ServerAddress", "EventData.Value": "10.40.128.51", "EventData.CustomLevel": "Info"}
{"EventID": "1025", "Channel": "Microsoft-Windows-TerminalServices-RDPClient/Operational", "Provider_Name": "Microsoft-Windows-TerminalServices-ClientActiveXCore", "Computer": "DESKTOP-OFJ6N53", "TimeCreated": "2025-04-02 14:58:54.801315+00:00", "RecordID": "24754", "Level": "4", "UserID": "S-1-5-21-963789628-1060504924-4285088085-1001"}
{"EventID": "1402", "Channel": "Microsoft-Windows-TerminalServices-RDPClient/Operational", "Provider_Name": "Microsoft-Windows-TerminalServices-ClientActiveXCore", "Computer": "DESKTOP-OFJ6N53", "TimeCreated": "2025-04-02 14:58:54.857986+00:00", "RecordID": "24755", "Level": "4", "UserID": "S-1-5-21-963789628-1060504924-4285088085-1001"}
{"EventID": "1401", "Channel": "Microsoft-Windows-TerminalServices-RDPClient/Operational", "Provider_Name": "Microsoft-Windows-TerminalServices-ClientActiveXCore", "Computer": "DESKTOP-OFJ6N53", "TimeCreated": "2025-04-02 14:58:54.884050+00:00", "RecordID": "24756", "Level": "4", "UserID": "S-1-5-21-963789628-1060504924-4285088085-1001", "EventData.Version": "0x000a0200", "EventData.ClientMode": "0", "EventData.AvcEnabled": "1"}
{"EventID": "1103", "Channel": "Microsoft-Windows-TerminalServices-RDPClient/Operational", "Provider_Name": "Microsoft-Windows-TerminalServices-ClientActiveXCore", "Computer": "DESKTOP-OFJ6N53", "TimeCreated": "2025-04-02 14:58:54.890972+00:00", "RecordID": "24757", "Level": "4", "UserID": "S-1-5-21-963789628-1060504924-4285088085-1001"}
{"EventID": "1027", "Channel": "Microsoft-Windows-TerminalServices-RDPClient/Operational", "Provider_Name": "Microsoft-Windows-TerminalServices-ClientActiveXCore", "Computer": "DESKTOP-OFJ6N53", "TimeCreated": "2025-04-02 14:58:59.986170+00:00", "RecordID": "24758", "Level": "4", "UserID": "S-1-5-21-963789628-1060504924-4285088085-1001", "EventData.DomainName": "HSC-COPTER", "EventData.SessionId": "10"}
{"EventID": "1105", "Channel": "Microsoft-Windows-TerminalServices-RDPClient/Operational", "Provider_Name": "Microsoft-Windows-TerminalServices-ClientActiveXCore", "Computer": "DESKTOP-OFJ6N53", "TimeCreated": "2025-04-02 17:15:34.068106+00:00", "RecordID": "24759", "Level": "4", "UserID": "S-1-5-21-963789628-1060504924-4285088085-1001"}
{"EventID": "1026", "Channel": "Microsoft-Windows-TerminalServices-RDPClient/Operational", "Provider_Name": "Microsoft-Windows-TerminalServices-ClientActiveXCore", "Computer": "DESKTOP-OFJ6N53", "TimeCreated": "2025-04-02 17:15:34.072206+00:00", "RecordID": "24760", "Level": "4", "UserID": "S-1-5-21-963789628-1060504924-4285088085-1001", "EventData.Name": "Disconnect Reason", "EventData.Value": "1", "EventData.CustomLevel": "Info"}
{"EventID": "1024", "Channel": "Microsoft-Windows-TerminalServices-RDPClient/Operational", "Provider_Name": "Microsoft-Windows-TerminalServices-ClientActiveXCore", "Computer": "DESKTOP-OFJ6N53", "TimeCreated": "2025-04-03 13:09:22.216732+00:00", "RecordID": "24761", "Level": "4", "UserID": "S-1-5-21-963789628-1060504924-4285088085-1001", "EventData.Name": "Server Name", "EventData.Value": "10.28.158.178", "EventData.CustomLevel": "Info"}
{"EventID": "1028", "Channel": "Microsoft-Windows-TerminalServices-RDPClient/Operational", "Provider_Name": "Microsoft-Windows-TerminalServices-ClientActiveXCore", "Computer": "DESKTOP-OFJ6N53", "TimeCreated": "2025-04-03 13:09:22.275497+00:00", "RecordID": "24762", "Level": "4", "UserID": "S-1-5-21-963789628-1060504924-4285088085-1001", "EventData.TraceMessage": "supported"}
{"EventID": "1029", "Channel": "Microsoft-Windows-TerminalServices-RDPClient/Operational", "Provider_Name": "Microsoft-Windows-TerminalServices-ClientActiveXCore", "Computer": "DESKTOP-OFJ6N53", "TimeCreated": "2025-04-03 13:10:50.474396+00:00", "RecordID": "24763", "Level": "4", "UserID": "S-1-5-21-963789628-1060504924-4285088085-1001", "EventData.TraceMessage": "0MQZc25baJ+z/ggjQZvOoR/PAzCIuF6iTUksM5IOL9M=-"}
{"EventID": "226", "Channel": "Microsoft-Windows-TerminalServices-RDPClient/Operational", "Provider_Name": "Microsoft-Windows-TerminalServices-ClientActiveXCore", "Computer": "DESKTOP-OFJ6N53", "TimeCreated": "2025-04-03 13:10:50.605186+00:00", "RecordID": "24764", "Level": "3", "UserID": "S-1-5-21-963789628-1060504924-4285088085-1001", "EventData.StateTransitionName": "RDPClient_SSL", "EventData.PreviousState": "3", "EventData.PreviousStateName": "TsSslStateHandshakeInProgress", "EventData.NewState": "10", "EventData.NewStateName": "TsSslStateDisconnecting", "EventData.Event": "8", "EventData.EventName": "TsSslEventHandshakeContinueFailed", "EventData.Error Code": "2147500037"}
{"EventID": "1105", "Channel": "Microsoft-Windows-TerminalServices-RDPClient/Operational", "Provider_Name": "Microsoft-Windows-TerminalServices-ClientActiveXCore", "Computer": "DESKTOP-OFJ6N53", "TimeCreated": "2025-04-03 13:10:50.605444+00:00", "RecordID": "24765", "Level": "4", "UserID": "S-1-5-21-963789628-1060504924-4285088085-1001"}
{"EventID": "1026", "Channel": "Microsoft-Windows-TerminalServices-RDPClient/Operational", "Provider_Name": "Microsoft-Windows-TerminalServices-ClientActiveXCore", "Computer": "DESKTOP-OFJ6N53", "TimeCreated": "2025-04-03 13:11:31.084917+00:00", "RecordID": "24766", "Level": "4", "UserID": "S-1-5-21-963789628-1060504924-4285088085-1001", "EventData.Name": "Disconnect Reason", "EventData.Value": "2055", "EventData.CustomLevel": "Info"}
{"EventID": "1028", "Channel": "Microsoft-Windows-TerminalServices-RDPClient/Operational", "Provider_Name": "Microsoft-Windows-TerminalServices-ClientActiveXCore", "Computer": "DESKTOP-OFJ6N53", "TimeCreated": "2025-04-03 13:11:31.109385+00:00", "RecordID": "24767", "Level": "4", "UserID": "S-1-5-21-963789628-1060504924-4285088085-1001", "EventData.TraceMessage": "supported"}
{"EventID": "1029", "Channel": "Microsoft-Windows-TerminalServices-RDPClient/Operational", "Provider_Name": "Microsoft-Windows-TerminalServices-ClientActiveXCore", "Computer": "DESKTOP-OFJ6N53", "TimeCreated": "2025-04-03 13:11:31.109804+00:00", "RecordID": "24768", "Level": "4", "UserID": "S-1-5-21-963789628-1060504924-4285088085-1001", "EventData.TraceMessage": "0MQZc25baJ+z/ggjQZvOoR/PAzCIuF6iTUksM5IOL9M=-"}
{"EventID": "226", "Channel": "Microsoft-Windows-TerminalServices-RDPClient/Operational", "Provider_Name": "Microsoft-Windows-TerminalServices-ClientActiveXCore", "Computer": "DESKTOP-OFJ6N53", "TimeCreated": "2025-04-03 13:11:31.144938+00:00", "RecordID": "24769", "Level": "3", "UserID": "S-1-5-21-963789628-1060504924-4285088085-1001", "EventData.StateTransitionName": "RDPClient_SSL", "EventData.PreviousState": "3", "EventData.PreviousStateName": "TsSslStateHandshakeInProgress", "EventData.NewState": "10", "EventData.NewStateName": "TsSslStateDisconnecting", "EventData.Event": "8", "EventData.EventName": "TsSslEventHandshakeContinueFailed", "EventData.Error Code": "2147500037"}
{"EventID": "1105", "Channel": "Microsoft-Windows-TerminalServices-RDPClient/Operational", "Provider_Name": "Microsoft-Windows-TerminalServices-ClientActiveXCore", "Computer": "DESKTOP-OFJ6N53", "TimeCreated": "2025-04-03 13:11:31.145306+00:00", "RecordID": "24770", "Level": "4", "UserID": "S-1-5-21-963789628-1060504924-4285088085-1001"}
{"EventID": "1026", "Channel": "Microsoft-Windows-TerminalServices-RDPClient/Operational", "Provider_Name": "Microsoft-Windows-TerminalServices-ClientActiveXCore", "Computer": "DESKTOP-OFJ6N53", "TimeCreated": "2025-04-03 13:13:07.787825+00:00", "RecordID": "24771", "Level": "4", "UserID": "S-1-5-21-963789628-1060504924-4285088085-1001", "EventData.Name": "Disconnect Reason", "EventData.Value": "2055", "EventData.CustomLevel": "Info"}
{"EventID": "1028", "Channel": "Microsoft-Windows-TerminalServices-RDPClient/Operational", "Provider_Name": "Microsoft-Windows-TerminalServices-ClientActiveXCore", "Computer": "DESKTOP-OFJ6N53", "TimeCreated": "2025-04-03 13:13:07.818857+00:00", "RecordID": "24772", "Level": "4", "UserID": "S-1-5-21-963789628-1060504924-4285088085-1001", "EventData.TraceMessage": "supported"}
{"EventID": "1029", "Channel": "Microsoft-Windows-TerminalServices-RDPClient/Operational", "Provider_Name": "Microsoft-Windows-TerminalServices-ClientActiveXCore", "Computer": "DESKTOP-OFJ6N53", "TimeCreated": "2025-04-03 13:13:07.819241+00:00", "RecordID": "24773", "Level": "4", "UserID": "S-1-5-21-963789628-1060504924-4285088085-1001", "EventData.TraceMessage": "0MQZc25baJ+z/ggjQZvOoR/PAzCIuF6iTUksM5IOL9M=-"}
{"EventID": "226", "Channel": "Microsoft-Windows-TerminalServices-RDPClient/Operational", "Provider_Name": "Microsoft-Windows-TerminalServices-ClientActiveXCore", "Computer": "DESKTOP-OFJ6N53", "TimeCreated": "2025-04-03 13:13:07.851042+00:00", "RecordID": "24774", "Level": "3", "UserID": "S-1-5-21-963789628-1060504924-4285088085-1001", "EventData.StateTransitionName": "RDPClient_SSL", "EventData.PreviousState": "3", "EventData.PreviousStateName": "TsSslStateHandshakeInProgress", "EventData.NewState": "10", "EventData.NewStateName": "TsSslStateDisconnecting", "EventData.Event": "8", "EventData.EventName": "TsSslEventHandshakeContinueFailed", "EventData.Error Code": "2147500037"}
{"EventID": "1105", "Channel": "Microsoft-Windows-TerminalServices-RDPClient/Operational", "Provider_Name": "Microsoft-Windows-TerminalServices-ClientActiveXCore", "Computer": "DESKTOP-OFJ6N53", "TimeCreated": "2025-04-03 13:13:07.851343+00:00", "RecordID": "24775", "Level": "4", "UserID": "S-1-5-21-963789628-1060504924-4285088085-1001"}
{"EventID": "1026", "Channel": "Microsoft-Windows-TerminalServices-RDPClient/Operational", "Provider_Name": "Microsoft-Windows-TerminalServices-ClientActiveXCore", "Computer": "DESKTOP-OFJ6N53", "TimeCreated": "2025-04-03 13:13:09.221411+00:00", "RecordID": "24776", "Level": "4", "UserID": "S-1-5-21-963789628-1060504924-4285088085-1001", "EventData.Name": "Disconnect Reason", "EventData.Value": "263", "EventData.CustomLevel": "Info"}
{"EventID": "1028", "Channel": "Microsoft-Windows-TerminalServices-RDPClient/Operational", "Provider_Name": "Microsoft-Windows-TerminalServices-ClientActiveXCore", "Computer": "DESKTOP-OFJ6N53", "TimeCreated": "2025-04-03 13:13:09.246365+00:00", "RecordID": "24777", "Level": "4", "UserID": "S-1-5-21-963789628-1060504924-4285088085-1001", "EventData.TraceMessage": "supported"}
{"EventID": "1029", "Channel": "Microsoft-Windows-TerminalServices-RDPClient/Operational", "Provider_Name": "Microsoft-Windows-TerminalServices-ClientActiveXCore", "Computer": "DESKTOP-OFJ6N53", "TimeCreated": "2025-04-03 13:13:09.246790+00:00", "RecordID": "24778", "Level": "4", "UserID": "S-1-5-21-963789628-1060504924-4285088085-1001", "EventData.TraceMessage": "0MQZc25baJ+z/ggjQZvOoR/PAzCIuF6iTUksM5IOL9M=-"}
{"EventID": "1102", "Channel": "Microsoft-Windows-TerminalServices-RDPClient/Operational", "Provider_Name": "Microsoft-Windows-TerminalServices-ClientActiveXCore", "Computer": "DESKTOP-OFJ6N53", "TimeCreated": "2025-04-03 13:13:09.359360+00:00", "RecordID": "24779", "Level": "4", "UserID": "S-1-5-21-963789628-1060504924-4285088085-1001", "EventData.Name": "ServerAddress", "EventData.Value": "10.28.158.178", "EventData.CustomLevel": "Info"}
{"EventID": "1025", "Channel": "Microsoft-Windows-TerminalServices-RDPClient/Operational", "Provider_Name": "Microsoft-Windows-TerminalServices-ClientActiveXCore", "Computer": "DESKTOP-OFJ6N53", "TimeCreated": "2025-04-03 13:13:09.411360+00:00", "RecordID": "24780", "Level": "4", "UserID": "S-1-5-21-963789628-1060504924-4285088085-1001"}
{"EventID": "1402", "Channel": "Microsoft-Windows-TerminalServices-RDPClient/Operational", "Provider_Name": "Microsoft-Windows-TerminalServices-ClientActiveXCore", "Computer": "DESKTOP-OFJ6N53", "TimeCreated": "2025-04-03 13:13:09.595789+00:00", "RecordID": "24781", "Level": "4", "UserID": "S-1-5-21-963789628-1060504924-4285088085-1001"}
{"EventID": "1401", "Channel": "Microsoft-Windows-TerminalServices-RDPClient/Operational", "Provider_Name": "Microsoft-Windows-TerminalServices-ClientActiveXCore", "Computer": "DESKTOP-OFJ6N53", "TimeCreated": "2025-04-03 13:13:09.618166+00:00", "RecordID": "24782", "Level": "4", "UserID": "S-1-5-21-963789628-1060504924-4285088085-1001", "EventData.Version": "0x000a0600", "EventData.ClientMode": "0", "EventData.AvcEnabled": "1"}
{"EventID": "1104", "Channel": "Microsoft-Windows-TerminalServices-RDPClient/Operational", "Provider_Name": "Microsoft-Windows-TerminalServices-ClientActiveXCore", "Computer": "DESKTOP-OFJ6N53", "TimeCreated": "2025-04-03 13:13:17.228752+00:00", "RecordID": "24783", "Level": "4", "UserID": "S-1-5-21-963789628-1060504924-4285088085-1001", "EventData.Name": "RequestID", "EventData.Value": "3", "EventData.CustomLevel": "Error"}
{"EventID": "1105", "Channel": "Microsoft-Windows-TerminalServices-RDPClient/Operational", "Provider_Name": "Microsoft-Windows-TerminalServices-ClientActiveXCore", "Computer": "DESKTOP-OFJ6N53", "TimeCreated": "2025-04-03 13:42:43.828314+00:00", "RecordID": "24784", "Level": "4", "UserID": "S-1-5-21-963789628-1060504924-4285088085-1001"}
{"EventID": "1026", "Channel": "Microsoft-Windows-TerminalServices-RDPClient/Operational", "Provider_Name": "Microsoft-Windows-TerminalServices-ClientActiveXCore", "Computer": "DESKTOP-OFJ6N53", "TimeCreated": "2025-04-03 13:42:43.828423+00:00", "RecordID": "24785", "Level": "4", "UserID": "S-1-5-21-963789628-1060504924-4285088085-1001", "EventData.Name": "Disconnect Reason", "EventData.Value": "1", "EventData.CustomLevel": "Info"}
{"EventID": "1024", "Channel": "Microsoft-Windows-TerminalServices-RDPClient/Operational", "Provider_Name": "Microsoft-Windows-TerminalServices-ClientActiveXCore", "Computer": "DESKTOP-OFJ6N53", "TimeCreated": "2025-04-03 13:42:52.389063+00:00", "RecordID": "24786", "Level": "4", "UserID": "S-1-5-21-963789628-1060504924-4285088085-1001", "EventData.Name": "Server Name", "EventData.Value": "10.28.158.178", "EventData.CustomLevel": "Info"}
{"EventID": "1028", "Channel": "Microsoft-Windows-TerminalServices-RDPClient/Operational", "Provider_Name": "Microsoft-Windows-TerminalServices-ClientActiveXCore", "Computer": "DESKTOP-OFJ6N53", "TimeCreated": "2025-04-03 13:42:52.457613+00:00", "RecordID": "24787", "Level": "4", "UserID": "S-1-5-21-963789628-1060504924-4285088085-1001", "EventData.TraceMessage": "supported"}
{"EventID": "1029", "Channel": "Microsoft-Windows-TerminalServices-RDPClient/Operational", "Provider_Name": "Microsoft-Windows-TerminalServices-ClientActiveXCore", "Computer": "DESKTOP-OFJ6N53", "TimeCreated": "2025-04-03 13:42:54.418463+00:00", "RecordID": "24788", "Level": "4", "UserID": "S-1-5-21-963789628-1060504924-4285088085-1001", "EventData.TraceMessage": "0MQZc25baJ+z/ggjQZvOoR/PAzCIuF6iTUksM5IOL9M=-"}
{"EventID": "226", "Channel": "Microsoft-Windows-TerminalServices-RDPClient/Operational", "Provider_Name": "Microsoft-Windows-TerminalServices-ClientActiveXCore", "Computer": "DESKTOP-OFJ6N53", "TimeCreated": "2025-04-03 13:42:54.511044+00:00", "RecordID": "24789", "Level": "3", "UserID": "S-1-5-21-963789628-1060504924-4285088085-1001", "EventData.StateTransitionName": "RDPClient_SSL", "EventData.PreviousState": "3", "EventData.PreviousStateName": "TsSslStateHandshakeInProgress", "EventData.NewState": "10", "EventData.NewStateName": "TsSslStateDisconnecting", "EventData.Event": "8", "EventData.EventName": "TsSslEventHandshakeContinueFailed", "EventData.Error Code": "2147500037"}
{"EventID": "1105", "Channel": "Microsoft-Windows-TerminalServices-RDPClient/Operational", "Provider_Name": "Microsoft-Windows-TerminalServices-ClientActiveXCore", "Computer": "DESKTOP-OFJ6N53", "TimeCreated": "2025-04-03 13:42:54.511345+00:00", "RecordID": "24790", "Level": "4", "UserID": "S-1-5-21-963789628-1060504924-4285088085-1001"}
{"EventID": "1026", "Channel": "Microsoft-Windows-TerminalServices-RDPClient/Operational", "Provider_Name": "Microsoft-Windows-TerminalServices-ClientActiveXCore", "Computer": "DESKTOP-OFJ6N53", "TimeCreated": "2025-04-03 13:42:55.875969+00:00", "RecordID": "24791", "Level": "4", "UserID": "S-1-5-21-963789628-1060504924-4285088085-1001", "EventData.Name": "Disconnect Reason", "EventData.Value": "263", "EventData.CustomLevel": "Info"}
{"EventID": "1028", "Channel": "Microsoft-Windows-TerminalServices-RDPClient/Operational", "Provider_Name": "Microsoft-Windows-TerminalServices-ClientActiveXCore", "Computer": "DESKTOP-OFJ6N53", "TimeCreated": "2025-04-03 13:42:55.899818+00:00", "RecordID": "24792", "Level": "4", "UserID": "S-1-5-21-963789628-1060504924-4285088085-1001", "EventData.TraceMessage": "supported"}
{"EventID": "1029", "Channel": "Microsoft-Windows-TerminalServices-RDPClient/Operational", "Provider_Name": "Microsoft-Windows-TerminalServices-ClientActiveXCore", "Computer": "DESKTOP-OFJ6N53", "TimeCreated": "2025-04-03 13:42:55.900192+00:00", "RecordID": "24793", "Level": "4", "UserID": "S-1-5-21-963789628-1060504924-4285088085-1001", "EventData.TraceMessage": "0MQZc25baJ+z/ggjQZvOoR/PAzCIuF6iTUksM5IOL9M=-"}
{"EventID": "1102", "Channel": "Microsoft-Windows-TerminalServices-RDPClient/Operational", "Provider_Name": "Microsoft-Windows-TerminalServices-ClientActiveXCore", "Computer": "DESKTOP-OFJ6N53", "TimeCreated": "2025-04-03 13:42:56.002892+00:00", "RecordID": "24794", "Level": "4", "UserID": "S-1-5-21-963789628-1060504924-4285088085-1001", "EventData.Name": "ServerAddress", "EventData.Value": "10.28.158.178", "EventData.CustomLevel": "Info"}
{"EventID": "1025", "Channel": "Microsoft-Windows-TerminalServices-RDPClient/Operational", "Provider_Name": "Microsoft-Windows-TerminalServices-ClientActiveXCore", "Computer": "DESKTOP-OFJ6N53", "TimeCreated": "2025-04-03 13:42:56.048319+00:00", "RecordID": "24795", "Level": "4", "UserID": "S-1-5-21-963789628-1060504924-4285088085-1001"}
{"EventID": "1402", "Channel": "Microsoft-Windows-TerminalServices-RDPClient/Operational", "Provider_Name": "Microsoft-Windows-TerminalServices-ClientActiveXCore", "Computer": "DESKTOP-OFJ6N53", "TimeCreated": "2025-04-03 13:42:56.284353+00:00", "RecordID": "24796", "Level": "4", "UserID": "S-1-5-21-963789628-1060504924-4285088085-1001"}
{"EventID": "1401", "Channel": "Microsoft-Windows-TerminalServices-RDPClient/Operational", "Provider_Name": "Microsoft-Windows-TerminalServices-ClientActiveXCore", "Computer": "DESKTOP-OFJ6N53", "TimeCreated": "2025-04-03 13:42:56.306982+00:00", "RecordID": "24797", "Level": "4", "UserID": "S-1-5-21-963789628-1060504924-4285088085-1001", "EventData.Version": "0x000a0600", "EventData.ClientMode": "0", "EventData.AvcEnabled": "1"}
{"EventID": "1104", "Channel": "Microsoft-Windows-TerminalServices-RDPClient/Operational", "Provider_Name": "Microsoft-Windows-TerminalServices-ClientActiveXCore", "Computer": "DESKTOP-OFJ6N53", "TimeCreated": "2025-04-03 13:43:03.976856+00:00", "RecordID": "24798", "Level": "4", "UserID": "S-1-5-21-963789628-1060504924-4285088085-1001", "EventData.Name": "RequestID", "EventData.Value": "4", "EventData.CustomLevel": "Error"}
{"EventID": "1105", "Channel": "Microsoft-Windows-TerminalServices-RDPClient/Operational", "Provider_Name": "Microsoft-Windows-TerminalServices-ClientActiveXCore", "Computer": "DESKTOP-OFJ6N53", "TimeCreated": "2025-04-03 23:05:38.457949+00:00", "RecordID": "24799", "Level": "4", "UserID": "S-1-5-21-963789628-1060504924-4285088085-1001"}
{"EventID": "1026", "Channel": "Microsoft-Windows-TerminalServices-RDPClient/Operational", "Provider_Name": "Microsoft-Windows-TerminalServices-ClientActiveXCore", "Computer": "DESKTOP-OFJ6N53", "TimeCreated": "2025-04-03 23:05:38.458054+00:00", "RecordID": "24800", "Level": "4", "UserID": "S-1-5-21-963789628-1060504924-4285088085-1001", "EventData.Name": "Disconnect Reason", "EventData.Value": "2308", "EventData.CustomLevel": "Info"}
{"EventID": "1028", "Channel": "Microsoft-Windows-TerminalServices-RDPClient/Operational", "Provider_Name": "Microsoft-Windows-TerminalServices-ClientActiveXCore", "Computer": "DESKTOP-OFJ6N53", "TimeCreated": "2025-04-03 23:05:48.557192+00:00", "RecordID": "24801", "Level": "4", "UserID": "S-1-5-21-963789628-1060504924-4285088085-1001", "EventData.TraceMessage": "supported"}
{"EventID": "1029", "Channel": "Microsoft-Windows-TerminalServices-RDPClient/Operational", "Provider_Name": "Microsoft-Windows-TerminalServices-ClientActiveXCore", "Computer": "DESKTOP-OFJ6N53", "TimeCreated": "2025-04-03 23:05:48.557610+00:00", "RecordID": "24802", "Level": "4", "UserID": "S-1-5-21-963789628-1060504924-4285088085-1001", "EventData.TraceMessage": "0MQZc25baJ+z/ggjQZvOoR/PAzCIuF6iTUksM5IOL9M=-"}
{"EventID": "1102", "Channel": "Microsoft-Windows-TerminalServices-RDPClient/Operational", "Provider_Name": "Microsoft-Windows-TerminalServices-ClientActiveXCore", "Computer": "DESKTOP-OFJ6N53", "TimeCreated": "2025-04-03 23:05:48.786448+00:00", "RecordID": "24803", "Level": "4", "UserID": "S-1-5-21-963789628-1060504924-4285088085-1001", "EventData.Name": "ServerAddress", "EventData.Value": "10.28.158.178", "EventData.CustomLevel": "Info"}
{"EventID": "1025", "Channel": "Microsoft-Windows-TerminalServices-RDPClient/Operational", "Provider_Name": "Microsoft-Windows-TerminalServices-ClientActiveXCore", "Computer": "DESKTOP-OFJ6N53", "TimeCreated": "2025-04-03 23:05:48.829208+00:00", "RecordID": "24804", "Level": "4", "UserID": "S-1-5-21-963789628-1060504924-4285088085-1001"}
{"EventID": "1402", "Channel": "Microsoft-Windows-TerminalServices-RDPClient/Operational", "Provider_Name": "Microsoft-Windows-TerminalServices-ClientActiveXCore", "Computer": "DESKTOP-OFJ6N53", "TimeCreated": "2025-04-03 23:05:48.840528+00:00", "RecordID": "24805", "Level": "4", "UserID": "S-1-5-21-963789628-1060504924-4285088085-1001"}
{"EventID": "1401", "Channel": "Microsoft-Windows-TerminalServices-RDPClient/Operational", "Provider_Name": "Microsoft-Windows-TerminalServices-ClientActiveXCore", "Computer": "DESKTOP-OFJ6N53", "TimeCreated": "2025-04-03 23:05:48.844082+00:00", "RecordID": "24806", "Level": "4", "UserID": "S-1-5-21-963789628-1060504924-4285088085-1001", "EventData.Version": "0x000a0600", "EventData.ClientMode": "0", "EventData.AvcEnabled": "1"}
{"EventID": "1104", "Channel": "Microsoft-Windows-TerminalServices-RDPClient/Operational", "Provider_Name": "Microsoft-Windows-TerminalServices-ClientActiveXCore", "Computer": "DESKTOP-OFJ6N53", "TimeCreated": "2025-04-03 23:05:56.654253+00:00", "RecordID": "24807", "Level": "4", "UserID": "S-1-5-21-963789628-1060504924-4285088085-1001", "EventData.Name": "RequestID", "EventData.Value": "5", "EventData.CustomLevel": "Error"}
{"EventID": "1105", "Channel": "Microsoft-Windows-TerminalServices-RDPClient/Operational", "Provider_Name": "Microsoft-Windows-TerminalServices-ClientActiveXCore", "Computer": "DESKTOP-OFJ6N53", "TimeCreated": "2025-04-04 01:51:49.471148+00:00", "RecordID": "24808", "Level": "4", "UserID": "S-1-5-21-963789628-1060504924-4285088085-1001"}
{"EventID": "1026", "Channel": "Microsoft-Windows-TerminalServices-RDPClient/Operational", "Provider_Name": "Microsoft-Windows-TerminalServices-ClientActiveXCore", "Computer": "DESKTOP-OFJ6N53", "TimeCreated": "2025-04-04 01:51:49.471239+00:00", "RecordID": "24809", "Level": "4", "UserID": "S-1-5-21-963789628-1060504924-4285088085-1001", "EventData.Name": "Disconnect Reason", "EventData.Value": "2308", "EventData.CustomLevel": "Info"}
{"EventID": "1028", "Channel": "Microsoft-Windows-TerminalServices-RDPClient/Operational", "Provider_Name": "Microsoft-Windows-TerminalServices-ClientActiveXCore", "Computer": "DESKTOP-OFJ6N53", "TimeCreated": "2025-04-04 01:51:59.512859+00:00", "RecordID": "24810", "Level": "4", "UserID": "S-1-5-21-963789628-1060504924-4285088085-1001", "EventData.TraceMessage": "supported"}
{"EventID": "1029", "Channel": "Microsoft-Windows-TerminalServices-RDPClient/Operational", "Provider_Name": "Microsoft-Windows-TerminalServices-ClientActiveXCore", "Computer": "DESKTOP-OFJ6N53", "TimeCreated": "2025-04-04 01:51:59.513206+00:00", "RecordID": "24811", "Level": "4", "UserID": "S-1-5-21-963789628-1060504924-4285088085-1001", "EventData.TraceMessage": "0MQZc25baJ+z/ggjQZvOoR/PAzCIuF6iTUksM5IOL9M=-"}
{"EventID": "1102", "Channel": "Microsoft-Windows-TerminalServices-RDPClient/Operational", "Provider_Name": "Microsoft-Windows-TerminalServices-ClientActiveXCore", "Computer": "DESKTOP-OFJ6N53", "TimeCreated": "2025-04-04 01:51:59.797710+00:00", "RecordID": "24812", "Level": "4", "UserID": "S-1-5-21-963789628-1060504924-4285088085-1001", "EventData.Name": "ServerAddress", "EventData.Value": "10.28.158.178", "EventData.CustomLevel": "Info"}
{"EventID": "1025", "Channel": "Microsoft-Windows-TerminalServices-RDPClient/Operational", "Provider_Name": "Microsoft-Windows-TerminalServices-ClientActiveXCore", "Computer": "DESKTOP-OFJ6N53", "TimeCreated": "2025-04-04 01:51:59.841663+00:00", "RecordID": "24813", "Level": "4", "UserID": "S-1-5-21-963789628-1060504924-4285088085-1001"}
{"EventID": "1402", "Channel": "Microsoft-Windows-TerminalServices-RDPClient/Operational", "Provider_Name": "Microsoft-Windows-TerminalServices-ClientActiveXCore", "Computer": "DESKTOP-OFJ6N53", "TimeCreated": "2025-04-04 01:51:59.857088+00:00", "RecordID": "24814", "Level": "4", "UserID": "S-1-5-21-963789628-1060504924-4285088085-1001"}
{"EventID": "1401", "Channel": "Microsoft-Windows-TerminalServices-RDPClient/Operational", "Provider_Name": "Microsoft-Windows-TerminalServices-ClientActiveXCore", "Computer": "DESKTOP-OFJ6N53", "TimeCreated": "2025-04-04 01:51:59.864058+00:00", "RecordID": "24815", "Level": "4", "UserID": "S-1-5-21-963789628-1060504924-4285088085-1001", "EventData.Version": "0x000a0600", "EventData.ClientMode": "0", "EventData.AvcEnabled": "1"}
{"EventID": "1104", "Channel": "Microsoft-Windows-TerminalServices-RDPClient/Operational", "Provider_Name": "Microsoft-Windows-TerminalServices-ClientActiveXCore", "Computer": "DESKTOP-OFJ6N53", "TimeCreated": "2025-04-04 01:52:07.511267+00:00", "RecordID": "24816", "Level": "4", "UserID": "S-1-5-21-963789628-1060504924-4285088085-1001", "EventData.Name": "RequestID", "EventData.Value": "6", "EventData.CustomLevel": "Error"}
{"EventID": "1105", "Channel": "Microsoft-Windows-TerminalServices-RDPClient/Operational", "Provider_Name": "Microsoft-Windows-TerminalServices-ClientActiveXCore", "Computer": "DESKTOP-OFJ6N53", "TimeCreated": "2025-04-04 03:05:34.520489+00:00", "RecordID": "24817", "Level": "4", "UserID": "S-1-5-21-963789628-1060504924-4285088085-1001"}
{"EventID": "1026", "Channel": "Microsoft-Windows-TerminalServices-RDPClient/Operational", "Provider_Name": "Microsoft-Windows-TerminalServices-ClientActiveXCore", "Computer": "DESKTOP-OFJ6N53", "TimeCreated": "2025-04-04 03:05:34.520592+00:00", "RecordID": "24818", "Level": "4", "UserID": "S-1-5-21-963789628-1060504924-4285088085-1001", "EventData.Name": "Disconnect Reason", "EventData.Value": "2308", "EventData.CustomLevel": "Info"}
{"EventID": "1028", "Channel": "Microsoft-Windows-TerminalServices-RDPClient/Operational", "Provider_Name": "Microsoft-Windows-TerminalServices-ClientActiveXCore", "Computer": "DESKTOP-OFJ6N53", "TimeCreated": "2025-04-04 03:05:59.589897+00:00", "RecordID": "24819", "Level": "4", "UserID": "S-1-5-21-963789628-1060504924-4285088085-1001", "EventData.TraceMessage": "supported"}
{"EventID": "1029", "Channel": "Microsoft-Windows-TerminalServices-RDPClient/Operational", "Provider_Name": "Microsoft-Windows-TerminalServices-ClientActiveXCore", "Computer": "DESKTOP-OFJ6N53", "TimeCreated": "2025-04-04 03:05:59.590345+00:00", "RecordID": "24820", "Level": "4", "UserID": "S-1-5-21-963789628-1060504924-4285088085-1001", "EventData.TraceMessage": "0MQZc25baJ+z/ggjQZvOoR/PAzCIuF6iTUksM5IOL9M=-"}
{"EventID": "1102", "Channel": "Microsoft-Windows-TerminalServices-RDPClient/Operational", "Provider_Name": "Microsoft-Windows-TerminalServices-ClientActiveXCore", "Computer": "DESKTOP-OFJ6N53", "TimeCreated": "2025-04-04 03:05:59.857878+00:00", "RecordID": "24821", "Level": "4", "UserID": "S-1-5-21-963789628-1060504924-4285088085-1001", "EventData.Name": "ServerAddress", "EventData.Value": "10.28.158.178", "EventData.CustomLevel": "Info"}
{"EventID": "1025", "Channel": "Microsoft-Windows-TerminalServices-RDPClient/Operational", "Provider_Name": "Microsoft-Windows-TerminalServices-ClientActiveXCore", "Computer": "DESKTOP-OFJ6N53", "TimeCreated": "2025-04-04 03:05:59.934752+00:00", "RecordID": "24822", "Level": "4", "UserID": "S-1-5-21-963789628-1060504924-4285088085-1001"}
{"EventID": "1402", "Channel": "Microsoft-Windows-TerminalServices-RDPClient/Operational", "Provider_Name": "Microsoft-Windows-TerminalServices-ClientActiveXCore", "Computer": "DESKTOP-OFJ6N53", "TimeCreated": "2025-04-04 03:05:59.949162+00:00", "RecordID": "24823", "Level": "4", "UserID": "S-1-5-21-963789628-1060504924-4285088085-1001"}
{"EventID": "1401", "Channel": "Microsoft-Windows-TerminalServices-RDPClient/Operational", "Provider_Name": "Microsoft-Windows-TerminalServices-ClientActiveXCore", "Computer": "DESKTOP-OFJ6N53", "TimeCreated": "2025-04-04 03:05:59.953257+00:00", "RecordID": "24824", "Level": "4", "UserID": "S-1-5-21-963789628-1060504924-4285088085-1001", "EventData.Version": "0x000a0600", "EventData.ClientMode": "0", "EventData.AvcEnabled": "1"}
{"EventID": "1104", "Channel": "Microsoft-Windows-TerminalServices-RDPClient/Operational", "Provider_Name": "Microsoft-Windows-TerminalServices-ClientActiveXCore", "Computer": "DESKTOP-OFJ6N53", "TimeCreated": "2025-04-04 03:06:07.495234+00:00", "RecordID": "24825", "Level": "4", "UserID": "S-1-5-21-963789628-1060504924-4285088085-1001", "EventData.Name": "RequestID", "EventData.Value": "7", "EventData.CustomLevel": "Error"}
{"EventID": "1105", "Channel": "Microsoft-Windows-TerminalServices-RDPClient/Operational", "Provider_Name": "Microsoft-Windows-TerminalServices-ClientActiveXCore", "Computer": "DESKTOP-OFJ6N53", "TimeCreated": "2025-04-04 05:50:50.096041+00:00", "RecordID": "24826", "Level": "4", "UserID": "S-1-5-21-963789628-1060504924-4285088085-1001"}
{"EventID": "1026", "Channel": "Microsoft-Windows-TerminalServices-RDPClient/Operational", "Provider_Name": "Microsoft-Windows-TerminalServices-ClientActiveXCore", "Computer": "DESKTOP-OFJ6N53", "TimeCreated": "2025-04-04 05:50:50.096127+00:00", "RecordID": "24827", "Level": "4", "UserID": "S-1-5-21-963789628-1060504924-4285088085-1001", "EventData.Name": "Disconnect Reason", "EventData.Value": "2308", "EventData.CustomLevel": "Info"}
{"EventID": "1028", "Channel": "Microsoft-Windows-TerminalServices-RDPClient/Operational", "Provider_Name": "Microsoft-Windows-TerminalServices-ClientActiveXCore", "Computer": "DESKTOP-OFJ6N53", "TimeCreated": "2025-04-04 05:51:03.163895+00:00", "RecordID": "24828", "Level": "4", "UserID": "S-1-5-21-963789628-1060504924-4285088085-1001", "EventData.TraceMessage": "supported"}
{"EventID": "1029", "Channel": "Microsoft-Windows-TerminalServices-RDPClient/Operational", "Provider_Name": "Microsoft-Windows-TerminalServices-ClientActiveXCore", "Computer": "DESKTOP-OFJ6N53", "TimeCreated": "2025-04-04 05:51:03.164286+00:00", "RecordID": "24829", "Level": "4", "UserID": "S-1-5-21-963789628-1060504924-4285088085-1001", "EventData.TraceMessage": "0MQZc25baJ+z/ggjQZvOoR/PAzCIuF6iTUksM5IOL9M=-"}
{"EventID": "1102", "Channel": "Microsoft-Windows-TerminalServices-RDPClient/Operational", "Provider_Name": "Microsoft-Windows-TerminalServices-ClientActiveXCore", "Computer": "DESKTOP-OFJ6N53", "TimeCreated": "2025-04-04 05:51:03.459852+00:00", "RecordID": "24830", "Level": "4", "UserID": "S-1-5-21-963789628-1060504924-4285088085-1001", "EventData.Name": "ServerAddress", "EventData.Value": "10.28.158.178", "EventData.CustomLevel": "Info"}
{"EventID": "1025", "Channel": "Microsoft-Windows-TerminalServices-RDPClient/Operational", "Provider_Name": "Microsoft-Windows-TerminalServices-ClientActiveXCore", "Computer": "DESKTOP-OFJ6N53", "TimeCreated": "2025-04-04 05:51:03.507145+00:00", "RecordID": "24831", "Level": "4", "UserID": "S-1-5-21-963789628-1060504924-4285088085-1001"}
{"EventID": "1402", "Channel": "Microsoft-Windows-TerminalServices-RDPClient/Operational", "Provider_Name": "Microsoft-Windows-TerminalServices-ClientActiveXCore", "Computer": "DESKTOP-OFJ6N53", "TimeCreated": "2025-04-04 05:51:03.521553+00:00", "RecordID": "24832", "Level": "4", "UserID": "S-1-5-21-963789628-1060504924-4285088085-1001"}
{"EventID": "1401", "Channel": "Microsoft-Windows-TerminalServices-RDPClient/Operational", "Provider_Name": "Microsoft-Windows-TerminalServices-ClientActiveXCore", "Computer": "DESKTOP-OFJ6N53", "TimeCreated": "2025-04-04 05:51:03.524866+00:00", "RecordID": "24833", "Level": "4", "UserID": "S-1-5-21-963789628-1060504924-4285088085-1001", "EventData.Version": "0x000a0600", "EventData.ClientMode": "0", "EventData.AvcEnabled": "1"}
{"EventID": "1104", "Channel": "Microsoft-Windows-TerminalServices-RDPClient/Operational", "Provider_Name": "Microsoft-Windows-TerminalServices-ClientActiveXCore", "Computer": "DESKTOP-OFJ6N53", "TimeCreated": "2025-04-04 05:51:11.199299+00:00", "RecordID": "24834", "Level": "4", "UserID": "S-1-5-21-963789628-1060504924-4285088085-1001", "EventData.Name": "RequestID", "EventData.Value": "9", "EventData.CustomLevel": "Error"}
{"EventID": "1105", "Channel": "Microsoft-Windows-TerminalServices-RDPClient/Operational", "Provider_Name": "Microsoft-Windows-TerminalServices-ClientActiveXCore", "Computer": "DESKTOP-OFJ6N53", "TimeCreated": "2025-04-04 07:05:34.105110+00:00", "RecordID": "24835", "Level": "4", "UserID": "S-1-5-21-963789628-1060504924-4285088085-1001"}
{"EventID": "1026", "Channel": "Microsoft-Windows-TerminalServices-RDPClient/Operational", "Provider_Name": "Microsoft-Windows-TerminalServices-ClientActiveXCore", "Computer": "DESKTOP-OFJ6N53", "TimeCreated": "2025-04-04 07:05:34.105200+00:00", "RecordID": "24836", "Level": "4", "UserID": "S-1-5-21-963789628-1060504924-4285088085-1001", "EventData.Name": "Disconnect Reason", "EventData.Value": "2308", "EventData.CustomLevel": "Info"}
{"EventID": "1028", "Channel": "Microsoft-Windows-TerminalServices-RDPClient/Operational", "Provider_Name": "Microsoft-Windows-TerminalServices-ClientActiveXCore", "Computer": "DESKTOP-OFJ6N53", "TimeCreated": "2025-04-04 07:05:51.173624+00:00", "RecordID": "24837", "Level": "4", "UserID": "S-1-5-21-963789628-1060504924-4285088085-1001", "EventData.TraceMessage": "supported"}
{"EventID": "1029", "Channel": "Microsoft-Windows-TerminalServices-RDPClient/Operational", "Provider_Name": "Microsoft-Windows-TerminalServices-ClientActiveXCore", "Computer": "DESKTOP-OFJ6N53", "TimeCreated": "2025-04-04 07:05:51.173986+00:00", "RecordID": "24838", "Level": "4", "UserID": "S-1-5-21-963789628-1060504924-4285088085-1001", "EventData.TraceMessage": "0MQZc25baJ+z/ggjQZvOoR/PAzCIuF6iTUksM5IOL9M=-"}
{"EventID": "1102", "Channel": "Microsoft-Windows-TerminalServices-RDPClient/Operational", "Provider_Name": "Microsoft-Windows-TerminalServices-ClientActiveXCore", "Computer": "DESKTOP-OFJ6N53", "TimeCreated": "2025-04-04 07:05:51.366243+00:00", "RecordID": "24839", "Level": "4", "UserID": "S-1-5-21-963789628-1060504924-4285088085-1001", "EventData.Name": "ServerAddress", "EventData.Value": "10.28.158.178", "EventData.CustomLevel": "Info"}
{"EventID": "1025", "Channel": "Microsoft-Windows-TerminalServices-RDPClient/Operational", "Provider_Name": "Microsoft-Windows-TerminalServices-ClientActiveXCore", "Computer": "DESKTOP-OFJ6N53", "TimeCreated": "2025-04-04 07:05:51.409870+00:00", "RecordID": "24840", "Level": "4", "UserID": "S-1-5-21-963789628-1060504924-4285088085-1001"}
{"EventID": "1402", "Channel": "Microsoft-Windows-TerminalServices-RDPClient/Operational", "Provider_Name": "Microsoft-Windows-TerminalServices-ClientActiveXCore", "Computer": "DESKTOP-OFJ6N53", "TimeCreated": "2025-04-04 07:05:51.430819+00:00", "RecordID": "24841", "Level": "4", "UserID": "S-1-5-21-963789628-1060504924-4285088085-1001"}
{"EventID": "1401", "Channel": "Microsoft-Windows-TerminalServices-RDPClient/Operational", "Provider_Name": "Microsoft-Windows-TerminalServices-ClientActiveXCore", "Computer": "DESKTOP-OFJ6N53", "TimeCreated": "2025-04-04 07:05:51.434290+00:00", "RecordID": "24842", "Level": "4", "UserID": "S-1-5-21-963789628-1060504924-4285088085-1001", "EventData.Version": "0x000a0600", "EventData.ClientMode": "0", "EventData.AvcEnabled": "1"}
{"EventID": "1104", "Channel": "Microsoft-Windows-TerminalServices-RDPClient/Operational", "Provider_Name": "Microsoft-Windows-TerminalServices-ClientActiveXCore", "Computer": "DESKTOP-OFJ6N53", "TimeCreated": "2025-04-04 07:05:59.693871+00:00", "RecordID": "24843", "Level": "4", "UserID": "S-1-5-21-963789628-1060504924-4285088085-1001", "EventData.Name": "RequestID", "EventData.Value": "11", "EventData.CustomLevel": "Error"}
{"EventID": "1105", "Channel": "Microsoft-Windows-TerminalServices-RDPClient/Operational", "Provider_Name": "Microsoft-Windows-TerminalServices-ClientActiveXCore", "Computer": "DESKTOP-OFJ6N53", "TimeCreated": "2025-04-04 08:38:05.285570+00:00", "RecordID": "24844", "Level": "4", "UserID": "S-1-5-21-963789628-1060504924-4285088085-1001"}
{"EventID": "226", "Channel": "Microsoft-Windows-TerminalServices-RDPClient/Operational", "Provider_Name": "Microsoft-Windows-TerminalServices-ClientActiveXCore", "Computer": "DESKTOP-OFJ6N53", "TimeCreated": "2025-04-04 08:38:05.285582+00:00", "RecordID": "24845", "Level": "3", "UserID": "S-1-5-21-963789628-1060504924-4285088085-1001", "EventData.StateTransitionName": "RDPClient_SSL", "EventData.PreviousState": "0", "EventData.PreviousStateName": "TsSslStateDisconnected", "EventData.NewState": "0", "EventData.NewStateName": "TsSslStateDisconnected", "EventData.Event": "25", "EventData.EventName": "TsSslEventInvalidState", "EventData.Error Code": "2147549183"}
{"EventID": "1026", "Channel": "Microsoft-Windows-TerminalServices-RDPClient/Operational", "Provider_Name": "Microsoft-Windows-TerminalServices-ClientActiveXCore", "Computer": "DESKTOP-OFJ6N53", "TimeCreated": "2025-04-04 08:38:05.285664+00:00", "RecordID": "24846", "Level": "4", "UserID": "S-1-5-21-963789628-1060504924-4285088085-1001", "EventData.Name": "Disconnect Reason", "EventData.Value": "3", "EventData.CustomLevel": "Info"}
{"EventID": "1024", "Channel": "Microsoft-Windows-TerminalServices-RDPClient/Operational", "Provider_Name": "Microsoft-Windows-TerminalServices-ClientActiveXCore", "Computer": "DESKTOP-OFJ6N53", "TimeCreated": "2025-04-06 12:21:45.715733+00:00", "RecordID": "24847", "Level": "4", "UserID": "S-1-5-21-963789628-1060504924-4285088085-1001", "EventData.Name": "Server Name", "EventData.Value": "pam.ru.auchan.com", "EventData.CustomLevel": "Info"}
{"EventID": "1028", "Channel": "Microsoft-Windows-TerminalServices-RDPClient/Operational", "Provider_Name": "Microsoft-Windows-TerminalServices-ClientActiveXCore", "Computer": "DESKTOP-OFJ6N53", "TimeCreated": "2025-04-06 12:21:45.788853+00:00", "RecordID": "24848", "Level": "4", "UserID": "S-1-5-21-963789628-1060504924-4285088085-1001", "EventData.TraceMessage": "supported"}
{"EventID": "1029", "Channel": "Microsoft-Windows-TerminalServices-RDPClient/Operational", "Provider_Name": "Microsoft-Windows-TerminalServices-ClientActiveXCore", "Computer": "DESKTOP-OFJ6N53", "TimeCreated": "2025-04-06 12:21:52.706120+00:00", "RecordID": "24849", "Level": "4", "UserID": "S-1-5-21-963789628-1060504924-4285088085-1001", "EventData.TraceMessage": "mxLS9nyDx+jVSx7LlSm+UXy9aPAX5CuFEq7anVzQ0m0=-IqtVE/Yi3hVRLCcF2phQIBvi1cFaXR4ztm1B0s8kW8M="}
{"EventID": "226", "Channel": "Microsoft-Windows-TerminalServices-RDPClient/Operational", "Provider_Name": "Microsoft-Windows-TerminalServices-ClientActiveXCore", "Computer": "DESKTOP-OFJ6N53", "TimeCreated": "2025-04-06 12:22:08.037292+00:00", "RecordID": "24850", "Level": "3", "UserID": "S-1-5-21-963789628-1060504924-4285088085-1001", "EventData.StateTransitionName": "RDPClient_SSL", "EventData.PreviousState": "3", "EventData.PreviousStateName": "TsSslStateHandshakeInProgress", "EventData.NewState": "10", "EventData.NewStateName": "TsSslStateDisconnecting", "EventData.Event": "8", "EventData.EventName": "TsSslEventHandshakeContinueFailed", "EventData.Error Code": "2147500037"}
{"EventID": "1105", "Channel": "Microsoft-Windows-TerminalServices-RDPClient/Operational", "Provider_Name": "Microsoft-Windows-TerminalServices-ClientActiveXCore", "Computer": "DESKTOP-OFJ6N53", "TimeCreated": "2025-04-06 12:22:08.037683+00:00", "RecordID": "24851", "Level": "4", "UserID": "S-1-5-21-963789628-1060504924-4285088085-1001"}
{"EventID": "1024", "Channel": "Microsoft-Windows-TerminalServices-RDPClient/Operational", "Provider_Name": "Microsoft-Windows-TerminalServices-ClientActiveXCore", "Computer": "DESKTOP-OFJ6N53", "TimeCreated": "2025-04-06 12:23:27.033308+00:00", "RecordID": "24852", "Level": "4", "UserID": "S-1-5-21-963789628-1060504924-4285088085-1001", "EventData.Name": "Server Name", "EventData.Value": "pam.ru.auchan.com", "EventData.CustomLevel": "Info"}
{"EventID": "1028", "Channel": "Microsoft-Windows-TerminalServices-RDPClient/Operational", "Provider_Name": "Microsoft-Windows-TerminalServices-ClientActiveXCore", "Computer": "DESKTOP-OFJ6N53", "TimeCreated": "2025-04-06 12:23:27.086426+00:00", "RecordID": "24853", "Level": "4", "UserID": "S-1-5-21-963789628-1060504924-4285088085-1001", "EventData.TraceMessage": "supported"}
{"EventID": "1026", "Channel": "Microsoft-Windows-TerminalServices-RDPClient/Operational", "Provider_Name": "Microsoft-Windows-TerminalServices-ClientActiveXCore", "Computer": "DESKTOP-OFJ6N53", "TimeCreated": "2025-04-06 12:23:34.040056+00:00", "RecordID": "24854", "Level": "4", "UserID": "S-1-5-21-963789628-1060504924-4285088085-1001", "EventData.Name": "Disconnect Reason", "EventData.Value": "263", "EventData.CustomLevel": "Info"}
{"EventID": "1028", "Channel": "Microsoft-Windows-TerminalServices-RDPClient/Operational", "Provider_Name": "Microsoft-Windows-TerminalServices-ClientActiveXCore", "Computer": "DESKTOP-OFJ6N53", "TimeCreated": "2025-04-06 12:23:34.090532+00:00", "RecordID": "24855", "Level": "4", "UserID": "S-1-5-21-963789628-1060504924-4285088085-1001", "EventData.TraceMessage": "supported"}
{"EventID": "1029", "Channel": "Microsoft-Windows-TerminalServices-RDPClient/Operational", "Provider_Name": "Microsoft-Windows-TerminalServices-ClientActiveXCore", "Computer": "DESKTOP-OFJ6N53", "TimeCreated": "2025-04-06 12:23:34.091047+00:00", "RecordID": "24856", "Level": "4", "UserID": "S-1-5-21-963789628-1060504924-4285088085-1001", "EventData.TraceMessage": "mxLS9nyDx+jVSx7LlSm+UXy9aPAX5CuFEq7anVzQ0m0=-IqtVE/Yi3hVRLCcF2phQIBvi1cFaXR4ztm1B0s8kW8M="}
{"EventID": "1029", "Channel": "Microsoft-Windows-TerminalServices-RDPClient/Operational", "Provider_Name": "Microsoft-Windows-TerminalServices-ClientActiveXCore", "Computer": "DESKTOP-OFJ6N53", "TimeCreated": "2025-04-06 12:23:40.329535+00:00", "RecordID": "24857", "Level": "4", "UserID": "S-1-5-21-963789628-1060504924-4285088085-1001", "EventData.TraceMessage": "mxLS9nyDx+jVSx7LlSm+UXy9aPAX5CuFEq7anVzQ0m0=-IqtVE/Yi3hVRLCcF2phQIBvi1cFaXR4ztm1B0s8kW8M="}
{"EventID": "1105", "Channel": "Microsoft-Windows-TerminalServices-RDPClient/Operational", "Provider_Name": "Microsoft-Windows-TerminalServices-ClientActiveXCore", "Computer": "DESKTOP-OFJ6N53", "TimeCreated": "2025-04-06 12:23:40.330004+00:00", "RecordID": "24858", "Level": "4", "UserID": "S-1-5-21-963789628-1060504924-4285088085-1001"}
{"EventID": "226", "Channel": "Microsoft-Windows-TerminalServices-RDPClient/Operational", "Provider_Name": "Microsoft-Windows-TerminalServices-ClientActiveXCore", "Computer": "DESKTOP-OFJ6N53", "TimeCreated": "2025-04-06 12:23:40.330030+00:00", "RecordID": "24859", "Level": "3", "UserID": "S-1-5-21-963789628-1060504924-4285088085-1001", "EventData.StateTransitionName": "RDPClient_TCP", "EventData.PreviousState": "2", "EventData.PreviousStateName": "TcpStateFrontAuth", "EventData.NewState": "13", "EventData.NewStateName": "TcpStateFailure", "EventData.Event": "7", "EventData.EventName": "TcpEventFrontAuthFailed", "EventData.Error Code": "0"}
{"EventID": "1026", "Channel": "Microsoft-Windows-TerminalServices-RDPClient/Operational", "Provider_Name": "Microsoft-Windows-TerminalServices-ClientActiveXCore", "Computer": "DESKTOP-OFJ6N53", "TimeCreated": "2025-04-06 12:23:40.330494+00:00", "RecordID": "24860", "Level": "4", "UserID": "S-1-5-21-963789628-1060504924-4285088085-1001", "EventData.Name": "Disconnect Reason", "EventData.Value": "7943", "EventData.CustomLevel": "Info"}
{"EventID": "1102", "Channel": "Microsoft-Windows-TerminalServices-RDPClient/Operational", "Provider_Name": "Microsoft-Windows-TerminalServices-ClientActiveXCore", "Computer": "DESKTOP-OFJ6N53", "TimeCreated": "2025-04-06 12:24:04.859146+00:00", "RecordID": "24861", "Level": "4", "UserID": "S-1-5-21-963789628-1060504924-4285088085-1001", "EventData.Name": "ServerAddress", "EventData.Value": "10.46.54.40", "EventData.CustomLevel": "Info"}
