{"EventID": "9002", "Channel": "Microsoft-Windows-AppXDeployment-Server/Operational", "Provider_Name": "Microsoft-Windows-AppXDeployment-Server-UndockedDeh", "Computer": "DESKTOP-OFJ6N53", "TimeCreated": "2024-10-09 13:43:12.081442+00:00", "RecordID": "1", "Level": "4", "UserID": "S-1-5-18", "EventData.PackageFullName": "Microsoft.WindowsAppRuntime.1.5_5001.275.500.0_x64__8wekyb3d8bbwe", "EventData.UndockedDehDllParent": "WindowsAppSdk.AppxDeploymentExtensions.Desktop.dll"}
{"EventID": "10007", "Channel": "Microsoft-Windows-AppXDeployment-Server/Operational", "Provider_Name": "Microsoft-Windows-AppXDeployment-Server-UndockedDeh", "Computer": "DESKTOP-OFJ6N53", "TimeCreated": "2024-10-09 13:43:15.468765+00:00", "RecordID": "2", "Level": "5", "UserID": "S-1-5-18", "EventData.Direction": "Incoming", "EventData.DehName": "WindowsAppSdk.UndockedDeh.InstallMyself.InstallMyselfDeh", "EventData.PackageFullName": "Microsoft.WindowsAppRuntime.1.5_5001.275.500.0_x86__8wekyb3d8bbwe", "EventData.PostOsUpgrade": "False", "EventData.DehPhase": "0x00000001", "EventData.DehState": "2"}
{"EventID": "10002", "Channel": "Microsoft-Windows-AppXDeployment-Server/Operational", "Provider_Name": "Microsoft-Windows-AppXDeployment-Server-UndockedDeh", "Computer": "DESKTOP-OFJ6N53", "TimeCreated": "2024-10-09 13:43:15.468937+00:00", "RecordID": "3", "Level": "5", "UserID": "S-1-5-18", "EventData.DehName": "WindowsAppSdk.UndockedDeh.InstallMyself.InstallMyselfDeh", "EventData.DehPhase": "0x00000001"}
{"EventID": "9000", "Channel": "Microsoft-Windows-AppXDeployment-Server/Operational", "Provider_Name": "Microsoft-Windows-AppXDeployment-Server-UndockedDeh", "Computer": "DESKTOP-OFJ6N53", "TimeCreated": "2024-10-09 13:43:15.471684+00:00", "RecordID": "4", "Level": "4", "UserID": "S-1-5-18", "EventData.PackageFullName": "Microsoft.WindowsAppRuntime.1.5_5001.275.500.0_x86__8wekyb3d8bbwe", "EventData.UndockedDehDllParent": "WindowsAppSdk.AppxDeploymentExtensions.Desktop.dll"}
{"EventID": "9005", "Channel": "Microsoft-Windows-AppXDeployment-Server/Operational", "Provider_Name": "Microsoft-Windows-AppXDeployment-Server-UndockedDeh", "Computer": "DESKTOP-OFJ6N53", "TimeCreated": "2024-10-09 13:43:15.472109+00:00", "RecordID": "5", "Level": "4", "UserID": "S-1-5-18", "EventData.PackageFullName": "Microsoft.WindowsAppRuntime.1.5_5001.275.500.0_x64__8wekyb3d8bbwe", "EventData.UndockedDehDllParent": "WindowsAppSdk.AppxDeploymentExtensions.Desktop.dll"}
{"EventID": "9002", "Channel": "Microsoft-Windows-AppXDeployment-Server/Operational", "Provider_Name": "Microsoft-Windows-AppXDeployment-Server-UndockedDeh", "Computer": "DESKTOP-OFJ6N53", "TimeCreated": "2024-10-09 13:43:15.798874+00:00", "RecordID": "6", "Level": "4", "UserID": "S-1-5-18", "EventData.PackageFullName": "Microsoft.WindowsAppRuntime.1.5_5001.275.500.0_x86__8wekyb3d8bbwe", "EventData.UndockedDehDllParent": "WindowsAppSdk.AppxDeploymentExtensions.Desktop.dll"}
{"EventID": "10007", "Channel": "Microsoft-Windows-AppXDeployment-Server/Operational", "Provider_Name": "Microsoft-Windows-AppXDeployment-Server-UndockedDeh", "Computer": "DESKTOP-OFJ6N53", "TimeCreated": "2024-10-16 22:42:19.343060+00:00", "RecordID": "7", "Level": "5", "UserID": "S-1-5-18", "EventData.Direction": "Outgoing", "EventData.DehName": "WindowsAppSdk.UndockedDeh.InstallMyself.InstallMyselfDeh", "EventData.PackageFullName": "Microsoft.WindowsAppRuntime.1.5_5001.178.1908.0_x64__8wekyb3d8bbwe", "EventData.PostOsUpgrade": "False", "EventData.DehPhase": "0x00000001", "EventData.DehState": "4"}
{"EventID": "10002", "Channel": "Microsoft-Windows-AppXDeployment-Server/Operational", "Provider_Name": "Microsoft-Windows-AppXDeployment-Server-UndockedDeh", "Computer": "DESKTOP-OFJ6N53", "TimeCreated": "2024-10-16 22:42:19.352242+00:00", "RecordID": "8", "Level": "5", "UserID": "S-1-5-18", "EventData.DehName": "WindowsAppSdk.UndockedDeh.InstallMyself.InstallMyselfDeh", "EventData.DehPhase": "0x00000001"}
{"EventID": "9001", "Channel": "Microsoft-Windows-AppXDeployment-Server/Operational", "Provider_Name": "Microsoft-Windows-AppXDeployment-Server-UndockedDeh", "Computer": "DESKTOP-OFJ6N53", "TimeCreated": "2024-10-16 22:42:19.353327+00:00", "RecordID": "9", "Level": "4", "UserID": "S-1-5-18", "EventData.PackageFullName": "Microsoft.WindowsAppRuntime.1.5_5001.178.1908.0_x64__8wekyb3d8bbwe", "EventData.UndockedDehDllParent": "WindowsAppSdk.AppxDeploymentExtensions.Desktop.dll"}
{"EventID": "9003", "Channel": "Microsoft-Windows-AppXDeployment-Server/Operational", "Provider_Name": "Microsoft-Windows-AppXDeployment-Server-UndockedDeh", "Computer": "DESKTOP-OFJ6N53", "TimeCreated": "2024-10-16 22:42:19.353439+00:00", "RecordID": "10", "Level": "4", "UserID": "S-1-5-18", "EventData.PackageFullName": "Microsoft.WindowsAppRuntime.1.5_5001.178.1908.0_x64__8wekyb3d8bbwe", "EventData.UndockedDehDllParent": "WindowsAppSdk.AppxDeploymentExtensions.Desktop.dll"}
{"EventID": "10007", "Channel": "Microsoft-Windows-AppXDeployment-Server/Operational", "Provider_Name": "Microsoft-Windows-AppXDeployment-Server-UndockedDeh", "Computer": "DESKTOP-OFJ6N53", "TimeCreated": "2024-10-16 22:58:03.288345+00:00", "RecordID": "11", "Level": "5", "UserID": "S-1-5-18", "EventData.Direction": "Outgoing", "EventData.DehName": "WindowsAppSdk.UndockedDeh.InstallMyself.InstallMyselfDeh", "EventData.PackageFullName": "Microsoft.WindowsAppRuntime.1.5_5001.214.1843.0_x86__8wekyb3d8bbwe", "EventData.PostOsUpgrade": "False", "EventData.DehPhase": "0x00000001", "EventData.DehState": "4"}
{"EventID": "10002", "Channel": "Microsoft-Windows-AppXDeployment-Server/Operational", "Provider_Name": "Microsoft-Windows-AppXDeployment-Server-UndockedDeh", "Computer": "DESKTOP-OFJ6N53", "TimeCreated": "2024-10-16 22:58:03.289804+00:00", "RecordID": "12", "Level": "5", "UserID": "S-1-5-18", "EventData.DehName": "WindowsAppSdk.UndockedDeh.InstallMyself.InstallMyselfDeh", "EventData.DehPhase": "0x00000001"}
{"EventID": "9001", "Channel": "Microsoft-Windows-AppXDeployment-Server/Operational", "Provider_Name": "Microsoft-Windows-AppXDeployment-Server-UndockedDeh", "Computer": "DESKTOP-OFJ6N53", "TimeCreated": "2024-10-16 22:58:03.290106+00:00", "RecordID": "13", "Level": "4", "UserID": "S-1-5-18", "EventData.PackageFullName": "Microsoft.WindowsAppRuntime.1.5_5001.214.1843.0_x86__8wekyb3d8bbwe", "EventData.UndockedDehDllParent": "WindowsAppSdk.AppxDeploymentExtensions.Desktop.dll"}
{"EventID": "9003", "Channel": "Microsoft-Windows-AppXDeployment-Server/Operational", "Provider_Name": "Microsoft-Windows-AppXDeployment-Server-UndockedDeh", "Computer": "DESKTOP-OFJ6N53", "TimeCreated": "2024-10-16 22:58:03.290205+00:00", "RecordID": "14", "Level": "4", "UserID": "S-1-5-18", "EventData.PackageFullName": "Microsoft.WindowsAppRuntime.1.5_5001.214.1843.0_x86__8wekyb3d8bbwe", "EventData.UndockedDehDllParent": "WindowsAppSdk.AppxDeploymentExtensions.Desktop.dll"}
{"EventID": "10007", "Channel": "Microsoft-Windows-AppXDeployment-Server/Operational", "Provider_Name": "Microsoft-Windows-AppXDeployment-Server-UndockedDeh", "Computer": "DESKTOP-OFJ6N53", "TimeCreated": "2024-11-20 20:28:57.491076+00:00", "RecordID": "15", "Level": "5", "UserID": "S-1-5-18", "EventData.Direction": "Incoming", "EventData.DehName": "WindowsAppSdk.UndockedDeh.InstallMyself.InstallMyselfDeh", "EventData.PackageFullName": "Microsoft.WindowsAppRuntime.1.5_5001.311.2039.0_x86__8wekyb3d8bbwe", "EventData.PostOsUpgrade": "False", "EventData.DehPhase": "0x00000001", "EventData.DehState": "2"}
{"EventID": "10002", "Channel": "Microsoft-Windows-AppXDeployment-Server/Operational", "Provider_Name": "Microsoft-Windows-AppXDeployment-Server-UndockedDeh", "Computer": "DESKTOP-OFJ6N53", "TimeCreated": "2024-11-20 20:28:57.495661+00:00", "RecordID": "16", "Level": "5", "UserID": "S-1-5-18", "EventData.DehName": "WindowsAppSdk.UndockedDeh.InstallMyself.InstallMyselfDeh", "EventData.DehPhase": "0x00000001"}
{"EventID": "9000", "Channel": "Microsoft-Windows-AppXDeployment-Server/Operational", "Provider_Name": "Microsoft-Windows-AppXDeployment-Server-UndockedDeh", "Computer": "DESKTOP-OFJ6N53", "TimeCreated": "2024-11-20 20:28:57.499489+00:00", "RecordID": "17", "Level": "4", "UserID": "S-1-5-18", "EventData.PackageFullName": "Microsoft.WindowsAppRuntime.1.5_5001.311.2039.0_x86__8wekyb3d8bbwe", "EventData.UndockedDehDllParent": "WindowsAppSdk.AppxDeploymentExtensions.Desktop.dll"}
{"EventID": "9005", "Channel": "Microsoft-Windows-AppXDeployment-Server/Operational", "Provider_Name": "Microsoft-Windows-AppXDeployment-Server-UndockedDeh", "Computer": "DESKTOP-OFJ6N53", "TimeCreated": "2024-11-20 20:28:57.500027+00:00", "RecordID": "18", "Level": "4", "UserID": "S-1-5-18", "EventData.PackageFullName": "Microsoft.WindowsAppRuntime.1.5_5001.275.500.0_x86__8wekyb3d8bbwe", "EventData.UndockedDehDllParent": "WindowsAppSdk.AppxDeploymentExtensions.Desktop.dll"}
{"EventID": "9002", "Channel": "Microsoft-Windows-AppXDeployment-Server/Operational", "Provider_Name": "Microsoft-Windows-AppXDeployment-Server-UndockedDeh", "Computer": "DESKTOP-OFJ6N53", "TimeCreated": "2024-11-20 20:28:57.913021+00:00", "RecordID": "19", "Level": "4", "UserID": "S-1-5-18", "EventData.PackageFullName": "Microsoft.WindowsAppRuntime.1.5_5001.311.2039.0_x86__8wekyb3d8bbwe", "EventData.UndockedDehDllParent": "WindowsAppSdk.AppxDeploymentExtensions.Desktop.dll"}
{"EventID": "9002", "Channel": "Microsoft-Windows-AppXDeployment-Server/Operational", "Provider_Name": "Microsoft-Windows-AppXDeployment-Server-UndockedDeh", "Computer": "DESKTOP-OFJ6N53", "TimeCreated": "2024-11-20 20:29:04.843147+00:00", "RecordID": "20", "Level": "4", "UserID": "S-1-5-18", "EventData.PackageFullName": "Microsoft.WindowsAppRuntime.1.5_5001.311.2039.0_x64__8wekyb3d8bbwe", "EventData.UndockedDehDllParent": "WindowsAppSdk.AppxDeploymentExtensions.Desktop.dll"}
{"EventID": "10007", "Channel": "Microsoft-Windows-AppXDeployment-Server/Operational", "Provider_Name": "Microsoft-Windows-AppXDeployment-Server-UndockedDeh", "Computer": "DESKTOP-OFJ6N53", "TimeCreated": "2024-11-20 20:29:31.447317+00:00", "RecordID": "21", "Level": "5", "UserID": "S-1-5-18", "EventData.Direction": "Outgoing", "EventData.DehName": "WindowsAppSdk.UndockedDeh.InstallMyself.InstallMyselfDeh", "EventData.PackageFullName": "Microsoft.WindowsAppRuntime.1.5_5001.275.500.0_x86__8wekyb3d8bbwe", "EventData.PostOsUpgrade": "False", "EventData.DehPhase": "0x00000001", "EventData.DehState": "4"}
{"EventID": "10002", "Channel": "Microsoft-Windows-AppXDeployment-Server/Operational", "Provider_Name": "Microsoft-Windows-AppXDeployment-Server-UndockedDeh", "Computer": "DESKTOP-OFJ6N53", "TimeCreated": "2024-11-20 20:29:31.447659+00:00", "RecordID": "22", "Level": "5", "UserID": "S-1-5-18", "EventData.DehName": "WindowsAppSdk.UndockedDeh.InstallMyself.InstallMyselfDeh", "EventData.DehPhase": "0x00000001"}
{"EventID": "9001", "Channel": "Microsoft-Windows-AppXDeployment-Server/Operational", "Provider_Name": "Microsoft-Windows-AppXDeployment-Server-UndockedDeh", "Computer": "DESKTOP-OFJ6N53", "TimeCreated": "2024-11-20 20:29:31.448032+00:00", "RecordID": "23", "Level": "4", "UserID": "S-1-5-18", "EventData.PackageFullName": "Microsoft.WindowsAppRuntime.1.5_5001.275.500.0_x86__8wekyb3d8bbwe", "EventData.UndockedDehDllParent": "WindowsAppSdk.AppxDeploymentExtensions.Desktop.dll"}
{"EventID": "9003", "Channel": "Microsoft-Windows-AppXDeployment-Server/Operational", "Provider_Name": "Microsoft-Windows-AppXDeployment-Server-UndockedDeh", "Computer": "DESKTOP-OFJ6N53", "TimeCreated": "2024-11-20 20:29:31.448341+00:00", "RecordID": "24", "Level": "4", "UserID": "S-1-5-18", "EventData.PackageFullName": "Microsoft.WindowsAppRuntime.1.5_5001.275.500.0_x86__8wekyb3d8bbwe", "EventData.UndockedDehDllParent": "WindowsAppSdk.AppxDeploymentExtensions.Desktop.dll"}
{"EventID": "10007", "Channel": "Microsoft-Windows-AppXDeployment-Server/Operational", "Provider_Name": "Microsoft-Windows-AppXDeployment-Server-UndockedDeh", "Computer": "DESKTOP-OFJ6N53", "TimeCreated": "2024-12-17 09:07:06.387844+00:00", "RecordID": "25", "Level": "5", "UserID": "S-1-5-18", "EventData.Direction": "Incoming", "EventData.DehName": "WindowsAppSdk.UndockedDeh.InstallMyself.InstallMyselfDeh", "EventData.PackageFullName": "Microsoft.WindowsAppRuntime.1.6_6000.318.2304.0_x86__8wekyb3d8bbwe", "EventData.PostOsUpgrade": "False", "EventData.DehPhase": "0x00000001", "EventData.DehState": "2"}
{"EventID": "10002", "Channel": "Microsoft-Windows-AppXDeployment-Server/Operational", "Provider_Name": "Microsoft-Windows-AppXDeployment-Server-UndockedDeh", "Computer": "DESKTOP-OFJ6N53", "TimeCreated": "2024-12-17 09:07:06.388699+00:00", "RecordID": "26", "Level": "5", "UserID": "S-1-5-18", "EventData.DehName": "WindowsAppSdk.UndockedDeh.InstallMyself.InstallMyselfDeh", "EventData.DehPhase": "0x00000001"}
{"EventID": "9000", "Channel": "Microsoft-Windows-AppXDeployment-Server/Operational", "Provider_Name": "Microsoft-Windows-AppXDeployment-Server-UndockedDeh", "Computer": "DESKTOP-OFJ6N53", "TimeCreated": "2024-12-17 09:07:06.392298+00:00", "RecordID": "27", "Level": "4", "UserID": "S-1-5-18", "EventData.PackageFullName": "Microsoft.WindowsAppRuntime.1.6_6000.318.2304.0_x86__8wekyb3d8bbwe", "EventData.UndockedDehDllParent": "WindowsAppSdk.AppxDeploymentExtensions.Desktop.dll"}
{"EventID": "9005", "Channel": "Microsoft-Windows-AppXDeployment-Server/Operational", "Provider_Name": "Microsoft-Windows-AppXDeployment-Server-UndockedDeh", "Computer": "DESKTOP-OFJ6N53", "TimeCreated": "2024-12-17 09:07:06.393612+00:00", "RecordID": "28", "Level": "4", "UserID": "S-1-5-18", "EventData.PackageFullName": "Microsoft.WindowsAppRuntime.1.5_5001.311.2039.0_x64__8wekyb3d8bbwe", "EventData.UndockedDehDllParent": "WindowsAppSdk.AppxDeploymentExtensions.Desktop.dll"}
{"EventID": "9002", "Channel": "Microsoft-Windows-AppXDeployment-Server/Operational", "Provider_Name": "Microsoft-Windows-AppXDeployment-Server-UndockedDeh", "Computer": "DESKTOP-OFJ6N53", "TimeCreated": "2024-12-17 09:07:06.797651+00:00", "RecordID": "29", "Level": "4", "UserID": "S-1-5-18", "EventData.PackageFullName": "Microsoft.WindowsAppRuntime.1.6_6000.318.2304.0_x86__8wekyb3d8bbwe", "EventData.UndockedDehDllParent": "WindowsAppSdk.AppxDeploymentExtensions.Desktop.dll"}
{"EventID": "10007", "Channel": "Microsoft-Windows-AppXDeployment-Server/Operational", "Provider_Name": "Microsoft-Windows-AppXDeployment-Server-UndockedDeh", "Computer": "DESKTOP-OFJ6N53", "TimeCreated": "2024-12-17 09:07:51.759415+00:00", "RecordID": "30", "Level": "5", "UserID": "S-1-5-18", "EventData.Direction": "Incoming", "EventData.DehName": "WindowsAppSdk.UndockedDeh.InstallMyself.InstallMyselfDeh", "EventData.PackageFullName": "Microsoft.WindowsAppRuntime.1.6_6000.318.2304.0_x64__8wekyb3d8bbwe", "EventData.PostOsUpgrade": "False", "EventData.DehPhase": "0x00000001", "EventData.DehState": "2"}
{"EventID": "10002", "Channel": "Microsoft-Windows-AppXDeployment-Server/Operational", "Provider_Name": "Microsoft-Windows-AppXDeployment-Server-UndockedDeh", "Computer": "DESKTOP-OFJ6N53", "TimeCreated": "2024-12-17 09:07:51.759602+00:00", "RecordID": "31", "Level": "5", "UserID": "S-1-5-18", "EventData.DehName": "WindowsAppSdk.UndockedDeh.InstallMyself.InstallMyselfDeh", "EventData.DehPhase": "0x00000001"}
{"EventID": "9000", "Channel": "Microsoft-Windows-AppXDeployment-Server/Operational", "Provider_Name": "Microsoft-Windows-AppXDeployment-Server-UndockedDeh", "Computer": "DESKTOP-OFJ6N53", "TimeCreated": "2024-12-17 09:07:51.762075+00:00", "RecordID": "32", "Level": "4", "UserID": "S-1-5-18", "EventData.PackageFullName": "Microsoft.WindowsAppRuntime.1.6_6000.318.2304.0_x64__8wekyb3d8bbwe", "EventData.UndockedDehDllParent": "WindowsAppSdk.AppxDeploymentExtensions.Desktop.dll"}
{"EventID": "9005", "Channel": "Microsoft-Windows-AppXDeployment-Server/Operational", "Provider_Name": "Microsoft-Windows-AppXDeployment-Server-UndockedDeh", "Computer": "DESKTOP-OFJ6N53", "TimeCreated": "2024-12-17 09:07:51.765779+00:00", "RecordID": "33", "Level": "4", "UserID": "S-1-5-18", "EventData.PackageFullName": "Microsoft.WindowsAppRuntime.1.6_6000.318.2304.0_x86__8wekyb3d8bbwe", "EventData.UndockedDehDllParent": "WindowsAppSdk.AppxDeploymentExtensions.Desktop.dll"}
{"EventID": "9002", "Channel": "Microsoft-Windows-AppXDeployment-Server/Operational", "Provider_Name": "Microsoft-Windows-AppXDeployment-Server-UndockedDeh", "Computer": "DESKTOP-OFJ6N53", "TimeCreated": "2024-12-17 09:07:52.127268+00:00", "RecordID": "34", "Level": "4", "UserID": "S-1-5-18", "EventData.PackageFullName": "Microsoft.WindowsAppRuntime.1.6_6000.318.2304.0_x64__8wekyb3d8bbwe", "EventData.UndockedDehDllParent": "WindowsAppSdk.AppxDeploymentExtensions.Desktop.dll"}
{"EventID": "9002", "Channel": "Microsoft-Windows-AppXDeployment-Server/Operational", "Provider_Name": "Microsoft-Windows-AppXDeployment-Server-UndockedDeh", "Computer": "DESKTOP-OFJ6N53", "TimeCreated": "2025-01-15 09:25:05.650587+00:00", "RecordID": "35", "Level": "4", "UserID": "S-1-5-18", "EventData.PackageFullName": "Microsoft.WindowsAppRuntime.1.6_6000.373.1641.0_x64__8wekyb3d8bbwe", "EventData.UndockedDehDllParent": "WindowsAppSdk.AppxDeploymentExtensions.Desktop.dll"}
{"EventID": "10007", "Channel": "Microsoft-Windows-AppXDeployment-Server/Operational", "Provider_Name": "Microsoft-Windows-AppXDeployment-Server-UndockedDeh", "Computer": "DESKTOP-OFJ6N53", "TimeCreated": "2025-01-15 09:25:25.357809+00:00", "RecordID": "36", "Level": "5", "UserID": "S-1-5-18", "EventData.Direction": "Incoming", "EventData.DehName": "WindowsAppSdk.UndockedDeh.InstallMyself.InstallMyselfDeh", "EventData.PackageFullName": "Microsoft.WindowsAppRuntime.1.6_6000.373.1641.0_x86__8wekyb3d8bbwe", "EventData.PostOsUpgrade": "False", "EventData.DehPhase": "0x00000001", "EventData.DehState": "2"}
{"EventID": "10002", "Channel": "Microsoft-Windows-AppXDeployment-Server/Operational", "Provider_Name": "Microsoft-Windows-AppXDeployment-Server-UndockedDeh", "Computer": "DESKTOP-OFJ6N53", "TimeCreated": "2025-01-15 09:25:25.357983+00:00", "RecordID": "37", "Level": "5", "UserID": "S-1-5-18", "EventData.DehName": "WindowsAppSdk.UndockedDeh.InstallMyself.InstallMyselfDeh", "EventData.DehPhase": "0x00000001"}
{"EventID": "9000", "Channel": "Microsoft-Windows-AppXDeployment-Server/Operational", "Provider_Name": "Microsoft-Windows-AppXDeployment-Server-UndockedDeh", "Computer": "DESKTOP-OFJ6N53", "TimeCreated": "2025-01-15 09:25:25.473776+00:00", "RecordID": "38", "Level": "4", "UserID": "S-1-5-18", "EventData.PackageFullName": "Microsoft.WindowsAppRuntime.1.6_6000.373.1641.0_x86__8wekyb3d8bbwe", "EventData.UndockedDehDllParent": "WindowsAppSdk.AppxDeploymentExtensions.Desktop.dll"}
{"EventID": "9005", "Channel": "Microsoft-Windows-AppXDeployment-Server/Operational", "Provider_Name": "Microsoft-Windows-AppXDeployment-Server-UndockedDeh", "Computer": "DESKTOP-OFJ6N53", "TimeCreated": "2025-01-15 09:25:25.474154+00:00", "RecordID": "39", "Level": "4", "UserID": "S-1-5-18", "EventData.PackageFullName": "Microsoft.WindowsAppRuntime.1.6_6000.373.1641.0_x64__8wekyb3d8bbwe", "EventData.UndockedDehDllParent": "WindowsAppSdk.AppxDeploymentExtensions.Desktop.dll"}
{"EventID": "9002", "Channel": "Microsoft-Windows-AppXDeployment-Server/Operational", "Provider_Name": "Microsoft-Windows-AppXDeployment-Server-UndockedDeh", "Computer": "DESKTOP-OFJ6N53", "TimeCreated": "2025-01-15 09:25:26.301186+00:00", "RecordID": "40", "Level": "4", "UserID": "S-1-5-18", "EventData.PackageFullName": "Microsoft.WindowsAppRuntime.1.6_6000.373.1641.0_x86__8wekyb3d8bbwe", "EventData.UndockedDehDllParent": "WindowsAppSdk.AppxDeploymentExtensions.Desktop.dll"}
{"EventID": "10007", "Channel": "Microsoft-Windows-AppXDeployment-Server/Operational", "Provider_Name": "Microsoft-Windows-AppXDeployment-Server-UndockedDeh", "Computer": "DESKTOP-OFJ6N53", "TimeCreated": "2025-01-15 09:26:17.453800+00:00", "RecordID": "41", "Level": "5", "UserID": "S-1-5-18", "EventData.Direction": "Incoming", "EventData.DehName": "WindowsAppSdk.UndockedDeh.InstallMyself.InstallMyselfDeh", "EventData.PackageFullName": "Microsoft.WindowsAppRuntime.1.5_5001.373.1736.0_x86__8wekyb3d8bbwe", "EventData.PostOsUpgrade": "False", "EventData.DehPhase": "0x00000001", "EventData.DehState": "2"}
{"EventID": "10002", "Channel": "Microsoft-Windows-AppXDeployment-Server/Operational", "Provider_Name": "Microsoft-Windows-AppXDeployment-Server-UndockedDeh", "Computer": "DESKTOP-OFJ6N53", "TimeCreated": "2025-01-15 09:26:17.454048+00:00", "RecordID": "42", "Level": "5", "UserID": "S-1-5-18", "EventData.DehName": "WindowsAppSdk.UndockedDeh.InstallMyself.InstallMyselfDeh", "EventData.DehPhase": "0x00000001"}
{"EventID": "9000", "Channel": "Microsoft-Windows-AppXDeployment-Server/Operational", "Provider_Name": "Microsoft-Windows-AppXDeployment-Server-UndockedDeh", "Computer": "DESKTOP-OFJ6N53", "TimeCreated": "2025-01-15 09:26:17.456821+00:00", "RecordID": "43", "Level": "4", "UserID": "S-1-5-18", "EventData.PackageFullName": "Microsoft.WindowsAppRuntime.1.5_5001.373.1736.0_x86__8wekyb3d8bbwe", "EventData.UndockedDehDllParent": "WindowsAppSdk.AppxDeploymentExtensions.Desktop.dll"}
{"EventID": "9005", "Channel": "Microsoft-Windows-AppXDeployment-Server/Operational", "Provider_Name": "Microsoft-Windows-AppXDeployment-Server-UndockedDeh", "Computer": "DESKTOP-OFJ6N53", "TimeCreated": "2025-01-15 09:26:17.457315+00:00", "RecordID": "44", "Level": "4", "UserID": "S-1-5-18", "EventData.PackageFullName": "Microsoft.WindowsAppRuntime.1.6_6000.373.1641.0_x86__8wekyb3d8bbwe", "EventData.UndockedDehDllParent": "WindowsAppSdk.AppxDeploymentExtensions.Desktop.dll"}
{"EventID": "9002", "Channel": "Microsoft-Windows-AppXDeployment-Server/Operational", "Provider_Name": "Microsoft-Windows-AppXDeployment-Server-UndockedDeh", "Computer": "DESKTOP-OFJ6N53", "TimeCreated": "2025-01-15 09:26:18.363007+00:00", "RecordID": "45", "Level": "4", "UserID": "S-1-5-18", "EventData.PackageFullName": "Microsoft.WindowsAppRuntime.1.5_5001.373.1736.0_x86__8wekyb3d8bbwe", "EventData.UndockedDehDllParent": "WindowsAppSdk.AppxDeploymentExtensions.Desktop.dll"}
{"EventID": "10007", "Channel": "Microsoft-Windows-AppXDeployment-Server/Operational", "Provider_Name": "Microsoft-Windows-AppXDeployment-Server-UndockedDeh", "Computer": "DESKTOP-OFJ6N53", "TimeCreated": "2025-01-15 09:26:43.282032+00:00", "RecordID": "46", "Level": "5", "UserID": "S-1-5-18", "EventData.Direction": "Incoming", "EventData.DehName": "WindowsAppSdk.UndockedDeh.InstallMyself.InstallMyselfDeh", "EventData.PackageFullName": "Microsoft.WindowsAppRuntime.1.5_5001.373.1736.0_x64__8wekyb3d8bbwe", "EventData.PostOsUpgrade": "False", "EventData.DehPhase": "0x00000001", "EventData.DehState": "2"}
{"EventID": "10002", "Channel": "Microsoft-Windows-AppXDeployment-Server/Operational", "Provider_Name": "Microsoft-Windows-AppXDeployment-Server-UndockedDeh", "Computer": "DESKTOP-OFJ6N53", "TimeCreated": "2025-01-15 09:26:43.282259+00:00", "RecordID": "47", "Level": "5", "UserID": "S-1-5-18", "EventData.DehName": "WindowsAppSdk.UndockedDeh.InstallMyself.InstallMyselfDeh", "EventData.DehPhase": "0x00000001"}
{"EventID": "9000", "Channel": "Microsoft-Windows-AppXDeployment-Server/Operational", "Provider_Name": "Microsoft-Windows-AppXDeployment-Server-UndockedDeh", "Computer": "DESKTOP-OFJ6N53", "TimeCreated": "2025-01-15 09:26:43.284796+00:00", "RecordID": "48", "Level": "4", "UserID": "S-1-5-18", "EventData.PackageFullName": "Microsoft.WindowsAppRuntime.1.5_5001.373.1736.0_x64__8wekyb3d8bbwe", "EventData.UndockedDehDllParent": "WindowsAppSdk.AppxDeploymentExtensions.Desktop.dll"}
{"EventID": "9005", "Channel": "Microsoft-Windows-AppXDeployment-Server/Operational", "Provider_Name": "Microsoft-Windows-AppXDeployment-Server-UndockedDeh", "Computer": "DESKTOP-OFJ6N53", "TimeCreated": "2025-01-15 09:26:43.285368+00:00", "RecordID": "49", "Level": "4", "UserID": "S-1-5-18", "EventData.PackageFullName": "Microsoft.WindowsAppRuntime.1.5_5001.373.1736.0_x86__8wekyb3d8bbwe", "EventData.UndockedDehDllParent": "WindowsAppSdk.AppxDeploymentExtensions.Desktop.dll"}
{"EventID": "9002", "Channel": "Microsoft-Windows-AppXDeployment-Server/Operational", "Provider_Name": "Microsoft-Windows-AppXDeployment-Server-UndockedDeh", "Computer": "DESKTOP-OFJ6N53", "TimeCreated": "2025-01-15 09:26:44.317997+00:00", "RecordID": "50", "Level": "4", "UserID": "S-1-5-18", "EventData.PackageFullName": "Microsoft.WindowsAppRuntime.1.5_5001.373.1736.0_x64__8wekyb3d8bbwe", "EventData.UndockedDehDllParent": "WindowsAppSdk.AppxDeploymentExtensions.Desktop.dll"}
{"EventID": "10007", "Channel": "Microsoft-Windows-AppXDeployment-Server/Operational", "Provider_Name": "Microsoft-Windows-AppXDeployment-Server-UndockedDeh", "Computer": "DESKTOP-OFJ6N53", "TimeCreated": "2025-01-15 23:37:08.397076+00:00", "RecordID": "51", "Level": "5", "UserID": "S-1-5-18", "EventData.Direction": "Outgoing", "EventData.DehName": "WindowsAppSdk.UndockedDeh.InstallMyself.InstallMyselfDeh", "EventData.PackageFullName": "Microsoft.WindowsAppRuntime.1.6_6000.318.2304.0_x86__8wekyb3d8bbwe", "EventData.PostOsUpgrade": "False", "EventData.DehPhase": "0x00000001", "EventData.DehState": "4"}
{"EventID": "10002", "Channel": "Microsoft-Windows-AppXDeployment-Server/Operational", "Provider_Name": "Microsoft-Windows-AppXDeployment-Server-UndockedDeh", "Computer": "DESKTOP-OFJ6N53", "TimeCreated": "2025-01-15 23:37:08.477566+00:00", "RecordID": "52", "Level": "5", "UserID": "S-1-5-18", "EventData.DehName": "WindowsAppSdk.UndockedDeh.InstallMyself.InstallMyselfDeh", "EventData.DehPhase": "0x00000001"}
{"EventID": "9001", "Channel": "Microsoft-Windows-AppXDeployment-Server/Operational", "Provider_Name": "Microsoft-Windows-AppXDeployment-Server-UndockedDeh", "Computer": "DESKTOP-OFJ6N53", "TimeCreated": "2025-01-15 23:37:08.477955+00:00", "RecordID": "53", "Level": "4", "UserID": "S-1-5-18", "EventData.PackageFullName": "Microsoft.WindowsAppRuntime.1.6_6000.318.2304.0_x86__8wekyb3d8bbwe", "EventData.UndockedDehDllParent": "WindowsAppSdk.AppxDeploymentExtensions.Desktop.dll"}
{"EventID": "9003", "Channel": "Microsoft-Windows-AppXDeployment-Server/Operational", "Provider_Name": "Microsoft-Windows-AppXDeployment-Server-UndockedDeh", "Computer": "DESKTOP-OFJ6N53", "TimeCreated": "2025-01-15 23:37:08.481577+00:00", "RecordID": "54", "Level": "4", "UserID": "S-1-5-18", "EventData.PackageFullName": "Microsoft.WindowsAppRuntime.1.6_6000.318.2304.0_x86__8wekyb3d8bbwe", "EventData.UndockedDehDllParent": "WindowsAppSdk.AppxDeploymentExtensions.Desktop.dll"}
{"EventID": "10007", "Channel": "Microsoft-Windows-AppXDeployment-Server/Operational", "Provider_Name": "Microsoft-Windows-AppXDeployment-Server-UndockedDeh", "Computer": "DESKTOP-OFJ6N53", "TimeCreated": "2025-01-29 10:04:46.619120+00:00", "RecordID": "55", "Level": "5", "UserID": "S-1-5-18", "EventData.Direction": "Outgoing", "EventData.DehName": "WindowsAppSdk.UndockedDeh.InstallMyself.InstallMyselfDeh", "EventData.PackageFullName": "Microsoft.WindowsAppRuntime.1.5_5001.214.1843.0_x64__8wekyb3d8bbwe", "EventData.PostOsUpgrade": "False", "EventData.DehPhase": "0x00000001", "EventData.DehState": "4"}
{"EventID": "10002", "Channel": "Microsoft-Windows-AppXDeployment-Server/Operational", "Provider_Name": "Microsoft-Windows-AppXDeployment-Server-UndockedDeh", "Computer": "DESKTOP-OFJ6N53", "TimeCreated": "2025-01-29 10:04:46.621864+00:00", "RecordID": "56", "Level": "5", "UserID": "S-1-5-18", "EventData.DehName": "WindowsAppSdk.UndockedDeh.InstallMyself.InstallMyselfDeh", "EventData.DehPhase": "0x00000001"}
{"EventID": "9001", "Channel": "Microsoft-Windows-AppXDeployment-Server/Operational", "Provider_Name": "Microsoft-Windows-AppXDeployment-Server-UndockedDeh", "Computer": "DESKTOP-OFJ6N53", "TimeCreated": "2025-01-29 10:04:46.622311+00:00", "RecordID": "57", "Level": "4", "UserID": "S-1-5-18", "EventData.PackageFullName": "Microsoft.WindowsAppRuntime.1.5_5001.214.1843.0_x64__8wekyb3d8bbwe", "EventData.UndockedDehDllParent": "WindowsAppSdk.AppxDeploymentExtensions.Desktop.dll"}
{"EventID": "9003", "Channel": "Microsoft-Windows-AppXDeployment-Server/Operational", "Provider_Name": "Microsoft-Windows-AppXDeployment-Server-UndockedDeh", "Computer": "DESKTOP-OFJ6N53", "TimeCreated": "2025-01-29 10:04:46.622459+00:00", "RecordID": "58", "Level": "4", "UserID": "S-1-5-18", "EventData.PackageFullName": "Microsoft.WindowsAppRuntime.1.5_5001.214.1843.0_x64__8wekyb3d8bbwe", "EventData.UndockedDehDllParent": "WindowsAppSdk.AppxDeploymentExtensions.Desktop.dll"}
{"EventID": "10007", "Channel": "Microsoft-Windows-AppXDeployment-Server/Operational", "Provider_Name": "Microsoft-Windows-AppXDeployment-Server-UndockedDeh", "Computer": "DESKTOP-OFJ6N53", "TimeCreated": "2025-01-29 10:04:47.547611+00:00", "RecordID": "59", "Level": "5", "UserID": "S-1-5-18", "EventData.Direction": "Outgoing", "EventData.DehName": "WindowsAppSdk.UndockedDeh.InstallMyself.InstallMyselfDeh", "EventData.PackageFullName": "Microsoft.WindowsAppRuntime.1.5_5001.311.2039.0_x86__8wekyb3d8bbwe", "EventData.PostOsUpgrade": "False", "EventData.DehPhase": "0x00000001", "EventData.DehState": "4"}
{"EventID": "10002", "Channel": "Microsoft-Windows-AppXDeployment-Server/Operational", "Provider_Name": "Microsoft-Windows-AppXDeployment-Server-UndockedDeh", "Computer": "DESKTOP-OFJ6N53", "TimeCreated": "2025-01-29 10:04:47.548031+00:00", "RecordID": "60", "Level": "5", "UserID": "S-1-5-18", "EventData.DehName": "WindowsAppSdk.UndockedDeh.InstallMyself.InstallMyselfDeh", "EventData.DehPhase": "0x00000001"}
{"EventID": "9001", "Channel": "Microsoft-Windows-AppXDeployment-Server/Operational", "Provider_Name": "Microsoft-Windows-AppXDeployment-Server-UndockedDeh", "Computer": "DESKTOP-OFJ6N53", "TimeCreated": "2025-01-29 10:04:47.548409+00:00", "RecordID": "61", "Level": "4", "UserID": "S-1-5-18", "EventData.PackageFullName": "Microsoft.WindowsAppRuntime.1.5_5001.311.2039.0_x86__8wekyb3d8bbwe", "EventData.UndockedDehDllParent": "WindowsAppSdk.AppxDeploymentExtensions.Desktop.dll"}
{"EventID": "9003", "Channel": "Microsoft-Windows-AppXDeployment-Server/Operational", "Provider_Name": "Microsoft-Windows-AppXDeployment-Server-UndockedDeh", "Computer": "DESKTOP-OFJ6N53", "TimeCreated": "2025-01-29 10:04:47.549768+00:00", "RecordID": "62", "Level": "4", "UserID": "S-1-5-18", "EventData.PackageFullName": "Microsoft.WindowsAppRuntime.1.5_5001.311.2039.0_x86__8wekyb3d8bbwe", "EventData.UndockedDehDllParent": "WindowsAppSdk.AppxDeploymentExtensions.Desktop.dll"}
{"EventID": "10007", "Channel": "Microsoft-Windows-AppXDeployment-Server/Operational", "Provider_Name": "Microsoft-Windows-AppXDeployment-Server-UndockedDeh", "Computer": "DESKTOP-OFJ6N53", "TimeCreated": "2025-02-13 08:28:36.782265+00:00", "RecordID": "63", "Level": "5", "UserID": "S-1-5-18", "EventData.Direction": "Incoming", "EventData.DehName": "WindowsAppSdk.UndockedDeh.InstallMyself.InstallMyselfDeh", "EventData.PackageFullName": "Microsoft.WindowsAppRuntime.1.6_6000.401.2352.0_x64__8wekyb3d8bbwe", "EventData.PostOsUpgrade": "False", "EventData.DehPhase": "0x00000001", "EventData.DehState": "2"}
{"EventID": "10002", "Channel": "Microsoft-Windows-AppXDeployment-Server/Operational", "Provider_Name": "Microsoft-Windows-AppXDeployment-Server-UndockedDeh", "Computer": "DESKTOP-OFJ6N53", "TimeCreated": "2025-02-13 08:28:36.783060+00:00", "RecordID": "64", "Level": "5", "UserID": "S-1-5-18", "EventData.DehName": "WindowsAppSdk.UndockedDeh.InstallMyself.InstallMyselfDeh", "EventData.DehPhase": "0x00000001"}
{"EventID": "9000", "Channel": "Microsoft-Windows-AppXDeployment-Server/Operational", "Provider_Name": "Microsoft-Windows-AppXDeployment-Server-UndockedDeh", "Computer": "DESKTOP-OFJ6N53", "TimeCreated": "2025-02-13 08:28:36.787472+00:00", "RecordID": "65", "Level": "4", "UserID": "S-1-5-18", "EventData.PackageFullName": "Microsoft.WindowsAppRuntime.1.6_6000.401.2352.0_x64__8wekyb3d8bbwe", "EventData.UndockedDehDllParent": "WindowsAppSdk.AppxDeploymentExtensions.Desktop.dll"}
{"EventID": "9005", "Channel": "Microsoft-Windows-AppXDeployment-Server/Operational", "Provider_Name": "Microsoft-Windows-AppXDeployment-Server-UndockedDeh", "Computer": "DESKTOP-OFJ6N53", "TimeCreated": "2025-02-13 08:28:36.788855+00:00", "RecordID": "66", "Level": "4", "UserID": "S-1-5-18", "EventData.PackageFullName": "Microsoft.WindowsAppRuntime.1.5_5001.373.1736.0_x64__8wekyb3d8bbwe", "EventData.UndockedDehDllParent": "WindowsAppSdk.AppxDeploymentExtensions.Desktop.dll"}
{"EventID": "9002", "Channel": "Microsoft-Windows-AppXDeployment-Server/Operational", "Provider_Name": "Microsoft-Windows-AppXDeployment-Server-UndockedDeh", "Computer": "DESKTOP-OFJ6N53", "TimeCreated": "2025-02-13 08:28:37.253529+00:00", "RecordID": "67", "Level": "4", "UserID": "S-1-5-18", "EventData.PackageFullName": "Microsoft.WindowsAppRuntime.1.6_6000.401.2352.0_x64__8wekyb3d8bbwe", "EventData.UndockedDehDllParent": "WindowsAppSdk.AppxDeploymentExtensions.Desktop.dll"}
{"EventID": "10007", "Channel": "Microsoft-Windows-AppXDeployment-Server/Operational", "Provider_Name": "Microsoft-Windows-AppXDeployment-Server-UndockedDeh", "Computer": "DESKTOP-OFJ6N53", "TimeCreated": "2025-02-13 08:28:39.363541+00:00", "RecordID": "68", "Level": "5", "UserID": "S-1-5-18", "EventData.Direction": "Incoming", "EventData.DehName": "WindowsAppSdk.UndockedDeh.InstallMyself.InstallMyselfDeh", "EventData.PackageFullName": "Microsoft.WindowsAppRuntime.1.6_6000.401.2352.0_x86__8wekyb3d8bbwe", "EventData.PostOsUpgrade": "False", "EventData.DehPhase": "0x00000001", "EventData.DehState": "2"}
{"EventID": "10002", "Channel": "Microsoft-Windows-AppXDeployment-Server/Operational", "Provider_Name": "Microsoft-Windows-AppXDeployment-Server-UndockedDeh", "Computer": "DESKTOP-OFJ6N53", "TimeCreated": "2025-02-13 08:28:39.363787+00:00", "RecordID": "69", "Level": "5", "UserID": "S-1-5-18", "EventData.DehName": "WindowsAppSdk.UndockedDeh.InstallMyself.InstallMyselfDeh", "EventData.DehPhase": "0x00000001"}
{"EventID": "9000", "Channel": "Microsoft-Windows-AppXDeployment-Server/Operational", "Provider_Name": "Microsoft-Windows-AppXDeployment-Server-UndockedDeh", "Computer": "DESKTOP-OFJ6N53", "TimeCreated": "2025-02-13 08:28:39.366863+00:00", "RecordID": "70", "Level": "4", "UserID": "S-1-5-18", "EventData.PackageFullName": "Microsoft.WindowsAppRuntime.1.6_6000.401.2352.0_x86__8wekyb3d8bbwe", "EventData.UndockedDehDllParent": "WindowsAppSdk.AppxDeploymentExtensions.Desktop.dll"}
{"EventID": "9005", "Channel": "Microsoft-Windows-AppXDeployment-Server/Operational", "Provider_Name": "Microsoft-Windows-AppXDeployment-Server-UndockedDeh", "Computer": "DESKTOP-OFJ6N53", "TimeCreated": "2025-02-13 08:28:39.367365+00:00", "RecordID": "71", "Level": "4", "UserID": "S-1-5-18", "EventData.PackageFullName": "Microsoft.WindowsAppRuntime.1.6_6000.401.2352.0_x64__8wekyb3d8bbwe", "EventData.UndockedDehDllParent": "WindowsAppSdk.AppxDeploymentExtensions.Desktop.dll"}
{"EventID": "9002", "Channel": "Microsoft-Windows-AppXDeployment-Server/Operational", "Provider_Name": "Microsoft-Windows-AppXDeployment-Server-UndockedDeh", "Computer": "DESKTOP-OFJ6N53", "TimeCreated": "2025-02-13 08:28:39.721182+00:00", "RecordID": "72", "Level": "4", "UserID": "S-1-5-18", "EventData.PackageFullName": "Microsoft.WindowsAppRuntime.1.6_6000.401.2352.0_x86__8wekyb3d8bbwe", "EventData.UndockedDehDllParent": "WindowsAppSdk.AppxDeploymentExtensions.Desktop.dll"}
{"EventID": "10007", "Channel": "Microsoft-Windows-AppXDeployment-Server/Operational", "Provider_Name": "Microsoft-Windows-AppXDeployment-Server-UndockedDeh", "Computer": "DESKTOP-OFJ6N53", "TimeCreated": "2025-02-13 18:23:44.670900+00:00", "RecordID": "73", "Level": "5", "UserID": "S-1-5-18", "EventData.Direction": "Outgoing", "EventData.DehName": "WindowsAppSdk.UndockedDeh.InstallMyself.InstallMyselfDeh", "EventData.PackageFullName": "Microsoft.WindowsAppRuntime.1.6_6000.373.1641.0_x86__8wekyb3d8bbwe", "EventData.PostOsUpgrade": "False", "EventData.DehPhase": "0x00000001", "EventData.DehState": "4"}
{"EventID": "10002", "Channel": "Microsoft-Windows-AppXDeployment-Server/Operational", "Provider_Name": "Microsoft-Windows-AppXDeployment-Server-UndockedDeh", "Computer": "DESKTOP-OFJ6N53", "TimeCreated": "2025-02-13 18:23:44.671362+00:00", "RecordID": "74", "Level": "5", "UserID": "S-1-5-18", "EventData.DehName": "WindowsAppSdk.UndockedDeh.InstallMyself.InstallMyselfDeh", "EventData.DehPhase": "0x00000001"}
{"EventID": "9001", "Channel": "Microsoft-Windows-AppXDeployment-Server/Operational", "Provider_Name": "Microsoft-Windows-AppXDeployment-Server-UndockedDeh", "Computer": "DESKTOP-OFJ6N53", "TimeCreated": "2025-02-13 18:23:44.671743+00:00", "RecordID": "75", "Level": "4", "UserID": "S-1-5-18", "EventData.PackageFullName": "Microsoft.WindowsAppRuntime.1.6_6000.373.1641.0_x86__8wekyb3d8bbwe", "EventData.UndockedDehDllParent": "WindowsAppSdk.AppxDeploymentExtensions.Desktop.dll"}
{"EventID": "9003", "Channel": "Microsoft-Windows-AppXDeployment-Server/Operational", "Provider_Name": "Microsoft-Windows-AppXDeployment-Server-UndockedDeh", "Computer": "DESKTOP-OFJ6N53", "TimeCreated": "2025-02-13 18:23:44.672438+00:00", "RecordID": "76", "Level": "4", "UserID": "S-1-5-18", "EventData.PackageFullName": "Microsoft.WindowsAppRuntime.1.6_6000.373.1641.0_x86__8wekyb3d8bbwe", "EventData.UndockedDehDllParent": "WindowsAppSdk.AppxDeploymentExtensions.Desktop.dll"}
{"EventID": "10007", "Channel": "Microsoft-Windows-AppXDeployment-Server/Operational", "Provider_Name": "Microsoft-Windows-AppXDeployment-Server-UndockedDeh", "Computer": "DESKTOP-OFJ6N53", "TimeCreated": "2025-03-11 20:28:03.545538+00:00", "RecordID": "77", "Level": "5", "UserID": "S-1-5-18", "EventData.Direction": "Incoming", "EventData.DehName": "WindowsAppSdk.UndockedDeh.InstallMyself.InstallMyselfDeh", "EventData.PackageFullName": "Microsoft.WindowsAppRuntime.1.6_6000.424.1611.0_x86__8wekyb3d8bbwe", "EventData.PostOsUpgrade": "False", "EventData.DehPhase": "0x00000001", "EventData.DehState": "2"}
{"EventID": "10002", "Channel": "Microsoft-Windows-AppXDeployment-Server/Operational", "Provider_Name": "Microsoft-Windows-AppXDeployment-Server-UndockedDeh", "Computer": "DESKTOP-OFJ6N53", "TimeCreated": "2025-03-11 20:28:03.658043+00:00", "RecordID": "78", "Level": "5", "UserID": "S-1-5-18", "EventData.DehName": "WindowsAppSdk.UndockedDeh.InstallMyself.InstallMyselfDeh", "EventData.DehPhase": "0x00000001"}
{"EventID": "9000", "Channel": "Microsoft-Windows-AppXDeployment-Server/Operational", "Provider_Name": "Microsoft-Windows-AppXDeployment-Server-UndockedDeh", "Computer": "DESKTOP-OFJ6N53", "TimeCreated": "2025-03-11 20:28:03.661041+00:00", "RecordID": "79", "Level": "4", "UserID": "S-1-5-18", "EventData.PackageFullName": "Microsoft.WindowsAppRuntime.1.6_6000.424.1611.0_x86__8wekyb3d8bbwe", "EventData.UndockedDehDllParent": "WindowsAppSdk.AppxDeploymentExtensions.Desktop.dll"}
{"EventID": "9005", "Channel": "Microsoft-Windows-AppXDeployment-Server/Operational", "Provider_Name": "Microsoft-Windows-AppXDeployment-Server-UndockedDeh", "Computer": "DESKTOP-OFJ6N53", "TimeCreated": "2025-03-11 20:28:03.662077+00:00", "RecordID": "80", "Level": "4", "UserID": "S-1-5-18", "EventData.PackageFullName": "Microsoft.WindowsAppRuntime.1.6_6000.401.2352.0_x86__8wekyb3d8bbwe", "EventData.UndockedDehDllParent": "WindowsAppSdk.AppxDeploymentExtensions.Desktop.dll"}
{"EventID": "9002", "Channel": "Microsoft-Windows-AppXDeployment-Server/Operational", "Provider_Name": "Microsoft-Windows-AppXDeployment-Server-UndockedDeh", "Computer": "DESKTOP-OFJ6N53", "TimeCreated": "2025-03-11 20:28:06.702116+00:00", "RecordID": "81", "Level": "4", "UserID": "S-1-5-18", "EventData.PackageFullName": "Microsoft.WindowsAppRuntime.1.6_6000.424.1611.0_x86__8wekyb3d8bbwe", "EventData.UndockedDehDllParent": "WindowsAppSdk.AppxDeploymentExtensions.Desktop.dll"}
{"EventID": "9002", "Channel": "Microsoft-Windows-AppXDeployment-Server/Operational", "Provider_Name": "Microsoft-Windows-AppXDeployment-Server-UndockedDeh", "Computer": "DESKTOP-OFJ6N53", "TimeCreated": "2025-03-11 20:28:39.274006+00:00", "RecordID": "82", "Level": "4", "UserID": "S-1-5-18", "EventData.PackageFullName": "Microsoft.WindowsAppRuntime.1.6_6000.424.1611.0_x64__8wekyb3d8bbwe", "EventData.UndockedDehDllParent": "WindowsAppSdk.AppxDeploymentExtensions.Desktop.dll"}
{"EventID": "10007", "Channel": "Microsoft-Windows-AppXDeployment-Server/Operational", "Provider_Name": "Microsoft-Windows-AppXDeployment-Server-UndockedDeh", "Computer": "DESKTOP-OFJ6N53", "TimeCreated": "2025-03-11 20:28:53.130768+00:00", "RecordID": "83", "Level": "5", "UserID": "S-1-5-18", "EventData.Direction": "Outgoing", "EventData.DehName": "WindowsAppSdk.UndockedDeh.InstallMyself.InstallMyselfDeh", "EventData.PackageFullName": "Microsoft.WindowsAppRuntime.1.6_6000.401.2352.0_x86__8wekyb3d8bbwe", "EventData.PostOsUpgrade": "False", "EventData.DehPhase": "0x00000001", "EventData.DehState": "4"}
{"EventID": "10002", "Channel": "Microsoft-Windows-AppXDeployment-Server/Operational", "Provider_Name": "Microsoft-Windows-AppXDeployment-Server-UndockedDeh", "Computer": "DESKTOP-OFJ6N53", "TimeCreated": "2025-03-11 20:28:53.131197+00:00", "RecordID": "84", "Level": "5", "UserID": "S-1-5-18", "EventData.DehName": "WindowsAppSdk.UndockedDeh.InstallMyself.InstallMyselfDeh", "EventData.DehPhase": "0x00000001"}
{"EventID": "9001", "Channel": "Microsoft-Windows-AppXDeployment-Server/Operational", "Provider_Name": "Microsoft-Windows-AppXDeployment-Server-UndockedDeh", "Computer": "DESKTOP-OFJ6N53", "TimeCreated": "2025-03-11 20:28:53.131603+00:00", "RecordID": "85", "Level": "4", "UserID": "S-1-5-18", "EventData.PackageFullName": "Microsoft.WindowsAppRuntime.1.6_6000.401.2352.0_x86__8wekyb3d8bbwe", "EventData.UndockedDehDllParent": "WindowsAppSdk.AppxDeploymentExtensions.Desktop.dll"}
{"EventID": "9003", "Channel": "Microsoft-Windows-AppXDeployment-Server/Operational", "Provider_Name": "Microsoft-Windows-AppXDeployment-Server-UndockedDeh", "Computer": "DESKTOP-OFJ6N53", "TimeCreated": "2025-03-11 20:28:53.132151+00:00", "RecordID": "86", "Level": "4", "UserID": "S-1-5-18", "EventData.PackageFullName": "Microsoft.WindowsAppRuntime.1.6_6000.401.2352.0_x86__8wekyb3d8bbwe", "EventData.UndockedDehDllParent": "WindowsAppSdk.AppxDeploymentExtensions.Desktop.dll"}
{"EventID": "10007", "Channel": "Microsoft-Windows-AppXDeployment-Server/Operational", "Provider_Name": "Microsoft-Windows-AppXDeployment-Server-UndockedDeh", "Computer": "DESKTOP-OFJ6N53", "TimeCreated": "2025-04-10 08:38:28.920485+00:00", "RecordID": "87", "Level": "5", "UserID": "S-1-5-18", "EventData.Direction": "Incoming", "EventData.DehName": "WindowsAppSdk.UndockedDeh.InstallMyself.InstallMyselfDeh", "EventData.PackageFullName": "Microsoft.WindowsAppRuntime.1.6_6000.457.2140.0_x64__8wekyb3d8bbwe", "EventData.PostOsUpgrade": "False", "EventData.DehPhase": "0x00000001", "EventData.DehState": "2"}
{"EventID": "10002", "Channel": "Microsoft-Windows-AppXDeployment-Server/Operational", "Provider_Name": "Microsoft-Windows-AppXDeployment-Server-UndockedDeh", "Computer": "DESKTOP-OFJ6N53", "TimeCreated": "2025-04-10 08:38:28.923038+00:00", "RecordID": "88", "Level": "5", "UserID": "S-1-5-18", "EventData.DehName": "WindowsAppSdk.UndockedDeh.InstallMyself.InstallMyselfDeh", "EventData.DehPhase": "0x00000001"}
{"EventID": "9000", "Channel": "Microsoft-Windows-AppXDeployment-Server/Operational", "Provider_Name": "Microsoft-Windows-AppXDeployment-Server-UndockedDeh", "Computer": "DESKTOP-OFJ6N53", "TimeCreated": "2025-04-10 08:38:28.925938+00:00", "RecordID": "89", "Level": "4", "UserID": "S-1-5-18", "EventData.PackageFullName": "Microsoft.WindowsAppRuntime.1.6_6000.457.2140.0_x64__8wekyb3d8bbwe", "EventData.UndockedDehDllParent": "WindowsAppSdk.AppxDeploymentExtensions.Desktop.dll"}
{"EventID": "9005", "Channel": "Microsoft-Windows-AppXDeployment-Server/Operational", "Provider_Name": "Microsoft-Windows-AppXDeployment-Server-UndockedDeh", "Computer": "DESKTOP-OFJ6N53", "TimeCreated": "2025-04-10 08:38:28.928679+00:00", "RecordID": "90", "Level": "4", "UserID": "S-1-5-18", "EventData.PackageFullName": "Microsoft.WindowsAppRuntime.1.6_6000.424.1611.0_x64__8wekyb3d8bbwe", "EventData.UndockedDehDllParent": "WindowsAppSdk.AppxDeploymentExtensions.Desktop.dll"}
{"EventID": "9002", "Channel": "Microsoft-Windows-AppXDeployment-Server/Operational", "Provider_Name": "Microsoft-Windows-AppXDeployment-Server-UndockedDeh", "Computer": "DESKTOP-OFJ6N53", "TimeCreated": "2025-04-10 08:38:30.109564+00:00", "RecordID": "91", "Level": "4", "UserID": "S-1-5-18", "EventData.PackageFullName": "Microsoft.WindowsAppRuntime.1.6_6000.457.2140.0_x64__8wekyb3d8bbwe", "EventData.UndockedDehDllParent": "WindowsAppSdk.AppxDeploymentExtensions.Desktop.dll"}
{"EventID": "10007", "Channel": "Microsoft-Windows-AppXDeployment-Server/Operational", "Provider_Name": "Microsoft-Windows-AppXDeployment-Server-UndockedDeh", "Computer": "DESKTOP-OFJ6N53", "TimeCreated": "2025-04-10 08:38:46.362400+00:00", "RecordID": "92", "Level": "5", "UserID": "S-1-5-18", "EventData.Direction": "Incoming", "EventData.DehName": "WindowsAppSdk.UndockedDeh.InstallMyself.InstallMyselfDeh", "EventData.PackageFullName": "Microsoft.WindowsAppRuntime.1.6_6000.457.2140.0_x86__8wekyb3d8bbwe", "EventData.PostOsUpgrade": "False", "EventData.DehPhase": "0x00000001", "EventData.DehState": "2"}
{"EventID": "10002", "Channel": "Microsoft-Windows-AppXDeployment-Server/Operational", "Provider_Name": "Microsoft-Windows-AppXDeployment-Server-UndockedDeh", "Computer": "DESKTOP-OFJ6N53", "TimeCreated": "2025-04-10 08:38:46.362684+00:00", "RecordID": "93", "Level": "5", "UserID": "S-1-5-18", "EventData.DehName": "WindowsAppSdk.UndockedDeh.InstallMyself.InstallMyselfDeh", "EventData.DehPhase": "0x00000001"}
{"EventID": "9000", "Channel": "Microsoft-Windows-AppXDeployment-Server/Operational", "Provider_Name": "Microsoft-Windows-AppXDeployment-Server-UndockedDeh", "Computer": "DESKTOP-OFJ6N53", "TimeCreated": "2025-04-10 08:38:46.365337+00:00", "RecordID": "94", "Level": "4", "UserID": "S-1-5-18", "EventData.PackageFullName": "Microsoft.WindowsAppRuntime.1.6_6000.457.2140.0_x86__8wekyb3d8bbwe", "EventData.UndockedDehDllParent": "WindowsAppSdk.AppxDeploymentExtensions.Desktop.dll"}
{"EventID": "9005", "Channel": "Microsoft-Windows-AppXDeployment-Server/Operational", "Provider_Name": "Microsoft-Windows-AppXDeployment-Server-UndockedDeh", "Computer": "DESKTOP-OFJ6N53", "TimeCreated": "2025-04-10 08:38:46.366312+00:00", "RecordID": "95", "Level": "4", "UserID": "S-1-5-18", "EventData.PackageFullName": "Microsoft.WindowsAppRuntime.1.6_6000.457.2140.0_x64__8wekyb3d8bbwe", "EventData.UndockedDehDllParent": "WindowsAppSdk.AppxDeploymentExtensions.Desktop.dll"}
{"EventID": "9002", "Channel": "Microsoft-Windows-AppXDeployment-Server/Operational", "Provider_Name": "Microsoft-Windows-AppXDeployment-Server-UndockedDeh", "Computer": "DESKTOP-OFJ6N53", "TimeCreated": "2025-04-10 08:38:47.251261+00:00", "RecordID": "96", "Level": "4", "UserID": "S-1-5-18", "EventData.PackageFullName": "Microsoft.WindowsAppRuntime.1.6_6000.457.2140.0_x86__8wekyb3d8bbwe", "EventData.UndockedDehDllParent": "WindowsAppSdk.AppxDeploymentExtensions.Desktop.dll"}
{"EventID": "10007", "Channel": "Microsoft-Windows-AppXDeployment-Server/Operational", "Provider_Name": "Microsoft-Windows-AppXDeployment-Server-UndockedDeh", "Computer": "DESKTOP-OFJ6N53", "TimeCreated": "2025-04-11 13:54:17.648172+00:00", "RecordID": "97", "Level": "5", "UserID": "S-1-5-18", "EventData.Direction": "Outgoing", "EventData.DehName": "WindowsAppSdk.UndockedDeh.InstallMyself.InstallMyselfDeh", "EventData.PackageFullName": "Microsoft.WindowsAppRuntime.1.6_6000.424.1611.0_x86__8wekyb3d8bbwe", "EventData.PostOsUpgrade": "False", "EventData.DehPhase": "0x00000001", "EventData.DehState": "4"}
{"EventID": "10002", "Channel": "Microsoft-Windows-AppXDeployment-Server/Operational", "Provider_Name": "Microsoft-Windows-AppXDeployment-Server-UndockedDeh", "Computer": "DESKTOP-OFJ6N53", "TimeCreated": "2025-04-11 13:54:17.648680+00:00", "RecordID": "98", "Level": "5", "UserID": "S-1-5-18", "EventData.DehName": "WindowsAppSdk.UndockedDeh.InstallMyself.InstallMyselfDeh", "EventData.DehPhase": "0x00000001"}
{"EventID": "9001", "Channel": "Microsoft-Windows-AppXDeployment-Server/Operational", "Provider_Name": "Microsoft-Windows-AppXDeployment-Server-UndockedDeh", "Computer": "DESKTOP-OFJ6N53", "TimeCreated": "2025-04-11 13:54:17.648941+00:00", "RecordID": "99", "Level": "4", "UserID": "S-1-5-18", "EventData.PackageFullName": "Microsoft.WindowsAppRuntime.1.6_6000.424.1611.0_x86__8wekyb3d8bbwe", "EventData.UndockedDehDllParent": "WindowsAppSdk.AppxDeploymentExtensions.Desktop.dll"}
{"EventID": "9003", "Channel": "Microsoft-Windows-AppXDeployment-Server/Operational", "Provider_Name": "Microsoft-Windows-AppXDeployment-Server-UndockedDeh", "Computer": "DESKTOP-OFJ6N53", "TimeCreated": "2025-04-11 13:54:17.650450+00:00", "RecordID": "100", "Level": "4", "UserID": "S-1-5-18", "EventData.PackageFullName": "Microsoft.WindowsAppRuntime.1.6_6000.424.1611.0_x86__8wekyb3d8bbwe", "EventData.UndockedDehDllParent": "WindowsAppSdk.AppxDeploymentExtensions.Desktop.dll"}
{"EventID": "10007", "Channel": "Microsoft-Windows-AppXDeployment-Server/Operational", "Provider_Name": "Microsoft-Windows-AppXDeployment-Server-UndockedDeh", "Computer": "DESKTOP-OFJ6N53", "TimeCreated": "2025-05-14 08:40:58.725073+00:00", "RecordID": "101", "Level": "5", "UserID": "S-1-5-18", "EventData.Direction": "Incoming", "EventData.DehName": "WindowsAppSdk.UndockedDeh.InstallMyself.InstallMyselfDeh", "EventData.PackageFullName": "Microsoft.WindowsAppRuntime.1.6_6000.486.517.0_x64__8wekyb3d8bbwe", "EventData.PostOsUpgrade": "False", "EventData.DehPhase": "0x00000001", "EventData.DehState": "2"}
