{"EventID": "1097", "Channel": "Microsoft-Windows-AAD/Operational", "Provider_Name": "Microsoft-Windows-AAD", "Computer": "DESKTOP-OFJ6N53", "TimeCreated": "2022-02-24 09:09:09.703411+00:00", "RecordID": "1", "Level": "3", "UserID": "S-1-5-21-963789628-1060504924-4285088085-1001", "EventData.Error": "2326069467", "EventData.ErrorMessage": "The cache has been partitioned successfully.", "EventData.AdditionalInformation": "Logged at CachePartitioning.cpp, line: 35, method: CachePartitioning::Apply."}
{"EventID": "1097", "Channel": "Microsoft-Windows-AAD/Operational", "Provider_Name": "Microsoft-Windows-AAD", "Computer": "DESKTOP-OFJ6N53", "TimeCreated": "2022-02-24 09:09:09.792995+00:00", "RecordID": "2", "Level": "3", "UserID": "S-1-5-21-963789628-1060504924-4285088085-1001", "EventData.Error": "2326069478", "EventData.ErrorMessage": "Enumeration status set for existing webaccounts successfully.", "EventData.AdditionalInformation": "Logged at AccountEnumerationStateMigration.cpp, line: 50, method: AccountEnumerationStateMigration::Apply."}
{"EventID": "1097", "Channel": "Microsoft-Windows-AAD/Operational", "Provider_Name": "Microsoft-Windows-AAD", "Computer": "DESKTOP-OFJ6N53", "TimeCreated": "2022-02-24 09:09:09.944099+00:00", "RecordID": "3", "Level": "3", "UserID": "S-1-5-21-963789628-1060504924-4285088085-1001", "EventData.Error": "1252327664", "EventData.ErrorMessage": "Browser SSO data format successfully updated.", "EventData.AdditionalInformation": "Nonce: no; Authority: n/a; Cookies: 0\nLogged at CookieStoreFormatV2.cpp, line: 72, method: CookieStoreFormatV2::Apply."}
{"EventID": "1097", "Channel": "Microsoft-Windows-AAD/Operational", "Provider_Name": "Microsoft-Windows-AAD", "Computer": "DESKTOP-OFJ6N53", "TimeCreated": "2022-02-24 09:09:10.004038+00:00", "RecordID": "4", "Level": "3", "UserID": "S-1-5-21-963789628-1060504924-4285088085-1001", "EventData.Error": "2325807322", "EventData.ErrorMessage": "Upgrade default pawn task complete.", "EventData.AdditionalInformation": "Logged at UpdateDefaultPawn.cpp, line: 43, method: UpdateDefaultPawn::Apply."}
{"EventID": "1097", "Channel": "Microsoft-Windows-AAD/Operational", "Provider_Name": "Microsoft-Windows-AAD", "Computer": "DESKTOP-OFJ6N53", "TimeCreated": "2022-02-24 21:44:39.507795+00:00", "RecordID": "5", "Level": "3", "UserID": "S-1-5-21-963789628-1060504924-4285088085-1001", "EventData.Error": "2326069478", "EventData.ErrorMessage": "Enumeration status set for existing webaccounts successfully.", "EventData.AdditionalInformation": "Logged at AccountEnumerationStateMigration.cpp, line: 70, method: AccountEnumerationStateMigration::Apply."}
{"EventID": "1098", "Channel": "Microsoft-Windows-AAD/Operational", "Provider_Name": "Microsoft-Windows-AAD", "Computer": "DESKTOP-OFJ6N53", "TimeCreated": "2024-06-06 12:15:45.448269+00:00", "RecordID": "6", "Level": "2", "UserID": "S-1-5-21-963789628-1060504924-4285088085-1001", "EventData.Error": "3399811100", "EventData.ErrorMessage": "Token broker operation failed.", "EventData.AdditionalInformation": "Operation name: GetTokenSilently, Error: -2146959355 (0x80080005), Description: Ошибка при выполнении приложения-сервера\nLogged at WebAccountProcessor.cpp, line: 671, method: AAD::Core::WebAccountProcessor::ReportOperationError."}
