{"EventID": "6065", "Channel": "Microsoft-Windows-SettingSync/Debug", "Provider_Name": "Microsoft-Windows-SettingSync", "Computer": "DESKTOP-OFJ6N53", "TimeCreated": "2025-03-31 08:59:43.945122+00:00", "RecordID": "5348", "Level": "2", "UserID": "S-1-5-21-963789628-1060504924-4285088085-1001", "EventData.Message": "onecoreuap\\shell\\roaming\\settingsynccore\\settingsyncreporting\\settingsyncreporting.cpp(146)\\SettingSyncCore.dll!00007FF83B8B6484: (caller: 00007FF83B8B6046) ReturnHr(4) tid(7cc) 800708CA Сетевое подключение не существует."}
{"EventID": "6065", "Channel": "Microsoft-Windows-SettingSync/Debug", "Provider_Name": "Microsoft-Windows-SettingSync", "Computer": "DESKTOP-OFJ6N53", "TimeCreated": "2025-03-31 08:59:43.945131+00:00", "RecordID": "5349", "Level": "2", "UserID": "S-1-5-21-963789628-1060504924-4285088085-1001", "EventData.Message": "onecoreuap\\shell\\roaming\\settingsynccore\\settingsyncreporting\\settingsyncreporting.cpp(55)\\SettingSyncCore.dll!00007FF83B8B6063: (caller: 00007FF83B8B6536) ReturnHr(5) tid(7cc) 800708CA Сетевое подключение не существует."}
{"EventID": "6065", "Channel": "Microsoft-Windows-SettingSync/Debug", "Provider_Name": "Microsoft-Windows-SettingSync", "Computer": "DESKTOP-OFJ6N53", "TimeCreated": "2025-03-31 08:59:43.945141+00:00", "RecordID": "5350", "Level": "2", "UserID": "S-1-5-21-963789628-1060504924-4285088085-1001", "EventData.Message": "onecoreuap\\shell\\roaming\\settingsynccore\\settingsyncreporting\\settingsyncreporting.cpp(29)\\SettingSyncCore.dll!00007FF83B8B65B7: (caller: 00007FF84EA18902) ReturnHr(6) tid(7cc) 800708CA Сетевое подключение не существует."}
{"EventID": "6524", "Channel": "Microsoft-Windows-SettingSync/Debug", "Provider_Name": "Microsoft-Windows-SettingSync", "Computer": "DESKTOP-OFJ6N53", "TimeCreated": "2025-03-31 08:59:44.103142+00:00", "RecordID": "5351", "Level": "4", "UserID": "S-1-5-21-963789628-1060504924-4285088085-1001"}
{"EventID": "6065", "Channel": "Microsoft-Windows-SettingSync/Debug", "Provider_Name": "Microsoft-Windows-SettingSync", "Computer": "DESKTOP-OFJ6N53", "TimeCreated": "2025-04-01 10:18:02.684357+00:00", "RecordID": "5352", "Level": "2", "UserID": "S-1-5-21-963789628-1060504924-4285088085-1001", "EventData.Message": "onecoreuap\\shell\\roaming\\settingsynccore\\settingsyncreporting\\settingsyncreporting.cpp(146)\\SettingSyncCore.dll!00007FF83B8B6484: (caller: 00007FF83B8B6046) ReturnHr(7) tid(d2c) 800708CA Сетевое подключение не существует."}
{"EventID": "6065", "Channel": "Microsoft-Windows-SettingSync/Debug", "Provider_Name": "Microsoft-Windows-SettingSync", "Computer": "DESKTOP-OFJ6N53", "TimeCreated": "2025-04-01 10:18:02.684368+00:00", "RecordID": "5353", "Level": "2", "UserID": "S-1-5-21-963789628-1060504924-4285088085-1001", "EventData.Message": "onecoreuap\\shell\\roaming\\settingsynccore\\settingsyncreporting\\settingsyncreporting.cpp(55)\\SettingSyncCore.dll!00007FF83B8B6063: (caller: 00007FF83B8B6536) ReturnHr(8) tid(d2c) 800708CA Сетевое подключение не существует."}
{"EventID": "6065", "Channel": "Microsoft-Windows-SettingSync/Debug", "Provider_Name": "Microsoft-Windows-SettingSync", "Computer": "DESKTOP-OFJ6N53", "TimeCreated": "2025-04-01 10:18:02.684376+00:00", "RecordID": "5354", "Level": "2", "UserID": "S-1-5-21-963789628-1060504924-4285088085-1001", "EventData.Message": "onecoreuap\\shell\\roaming\\settingsynccore\\settingsyncreporting\\settingsyncreporting.cpp(29)\\SettingSyncCore.dll!00007FF83B8B65B7: (caller: 00007FF84EA18902) ReturnHr(9) tid(d2c) 800708CA Сетевое подключение не существует."}
{"EventID": "6524", "Channel": "Microsoft-Windows-SettingSync/Debug", "Provider_Name": "Microsoft-Windows-SettingSync", "Computer": "DESKTOP-OFJ6N53", "TimeCreated": "2025-04-01 10:18:02.750475+00:00", "RecordID": "5355", "Level": "4", "UserID": "S-1-5-21-963789628-1060504924-4285088085-1001"}
{"EventID": "6509", "Channel": "Microsoft-Windows-SettingSync/Debug", "Provider_Name": "Microsoft-Windows-SettingSync-Desktop", "Computer": "DESKTOP-OFJ6N53", "TimeCreated": "2025-04-01 16:03:35.138391+00:00", "RecordID": "5356", "Level": "2", "UserID": "S-1-5-21-963789628-1060504924-4285088085-1001", "EventData.Message": "shell\\roaming\\settingsync\\settingprofilehandler.cpp(89)\\SettingSync.dll!00007FFD3783AF9E: (caller: 00007FFD37829CD5) LogHr(1) tid(700) 80070002 Не удается найти указанный файл."}
{"EventID": "6509", "Channel": "Microsoft-Windows-SettingSync/Debug", "Provider_Name": "Microsoft-Windows-SettingSync-Desktop", "Computer": "DESKTOP-OFJ6N53", "TimeCreated": "2025-04-01 16:03:35.138409+00:00", "RecordID": "5357", "Level": "2", "UserID": "S-1-5-21-963789628-1060504924-4285088085-1001", "EventData.Message": "shell\\roaming\\settingsync\\settingprofilehandler.cpp(24)\\SettingSync.dll!00007FFD37829CF1: (caller: 00007FFD40BFB46A) LogHr(2) tid(700) 800704EC Эта программа заблокирована групповой политикой. За дополнительными сведениями обращайтесь к системному администратору."}
{"EventID": "6509", "Channel": "Microsoft-Windows-SettingSync/Debug", "Provider_Name": "Microsoft-Windows-SettingSync-Desktop", "Computer": "DESKTOP-OFJ6N53", "TimeCreated": "2025-04-01 16:04:41.984690+00:00", "RecordID": "5358", "Level": "2", "UserID": "S-1-5-21-963789628-1060504924-4285088085-1001", "EventData.Message": "shell\\roaming\\settingsync\\explorersettinghandler.cpp(270)\\SettingSync.dll!00007FFD37829BC9: (caller: 00007FFD378298AC) ReturnHr(1) tid(27c8) 80070002 Не удается найти указанный файл."}
{"EventID": "6509", "Channel": "Microsoft-Windows-SettingSync/Debug", "Provider_Name": "Microsoft-Windows-SettingSync-Desktop", "Computer": "DESKTOP-OFJ6N53", "TimeCreated": "2025-04-01 16:04:41.984699+00:00", "RecordID": "5359", "Level": "2", "UserID": "S-1-5-21-963789628-1060504924-4285088085-1001", "EventData.Message": "shell\\roaming\\settingsync\\explorersettinghandler.cpp(198)\\SettingSync.dll!00007FFD378298C5: (caller: 00007FF7485D1A79) ReturnHr(2) tid(27c8) 80070002 Не удается найти указанный файл."}
{"EventID": "6509", "Channel": "Microsoft-Windows-SettingSync/Debug", "Provider_Name": "Microsoft-Windows-SettingSync-Desktop", "Computer": "DESKTOP-OFJ6N53", "TimeCreated": "2025-04-01 16:04:41.984707+00:00", "RecordID": "5360", "Level": "2", "UserID": "S-1-5-21-963789628-1060504924-4285088085-1001", "EventData.Message": "shell\\roaming\\settingsync\\explorersettinghandler.cpp(315)\\SettingSync.dll!00007FFD378298DF: (caller: 00007FF7485D1A79) ReturnHr(3) tid(27c8) 80070002 Не удается найти указанный файл."}
{"EventID": "6509", "Channel": "Microsoft-Windows-SettingSync/Debug", "Provider_Name": "Microsoft-Windows-SettingSync-Desktop", "Computer": "DESKTOP-OFJ6N53", "TimeCreated": "2025-04-01 16:04:41.984722+00:00", "RecordID": "5361", "Level": "2", "UserID": "S-1-5-21-963789628-1060504924-4285088085-1001", "EventData.Message": "shell\\roaming\\settingsync\\explorersettinghandler.cpp(315)\\SettingSync.dll!00007FFD37829920: (caller: 00007FF7485D1A79) ReturnHr(4) tid(27c8) 80070002 Не удается найти указанный файл."}
{"EventID": "6509", "Channel": "Microsoft-Windows-SettingSync/Debug", "Provider_Name": "Microsoft-Windows-SettingSync-Desktop", "Computer": "DESKTOP-OFJ6N53", "TimeCreated": "2025-04-02 09:18:25.407314+00:00", "RecordID": "5362", "Level": "2", "UserID": "S-1-5-21-963789628-1060504924-4285088085-1001", "EventData.Message": "shell\\roaming\\settingsync\\settingprofilehandler.cpp(89)\\SettingSync.dll!00007FFAE3FEAF9E: (caller: 00007FFAE3FD9CD5) LogHr(1) tid(b9c) 80070002 Не удается найти указанный файл."}
{"EventID": "6509", "Channel": "Microsoft-Windows-SettingSync/Debug", "Provider_Name": "Microsoft-Windows-SettingSync-Desktop", "Computer": "DESKTOP-OFJ6N53", "TimeCreated": "2025-04-02 09:18:25.407331+00:00", "RecordID": "5363", "Level": "2", "UserID": "S-1-5-21-963789628-1060504924-4285088085-1001", "EventData.Message": "shell\\roaming\\settingsync\\settingprofilehandler.cpp(24)\\SettingSync.dll!00007FFAE3FD9CF1: (caller: 00007FFAE9A0B46A) LogHr(2) tid(b9c) 800704EC Эта программа заблокирована групповой политикой. За дополнительными сведениями обращайтесь к системному администратору."}
{"EventID": "6509", "Channel": "Microsoft-Windows-SettingSync/Debug", "Provider_Name": "Microsoft-Windows-SettingSync-Desktop", "Computer": "DESKTOP-OFJ6N53", "TimeCreated": "2025-04-02 09:19:23.472832+00:00", "RecordID": "5364", "Level": "2", "UserID": "S-1-5-21-963789628-1060504924-4285088085-1001", "EventData.Message": "shell\\roaming\\settingsync\\explorersettinghandler.cpp(270)\\SettingSync.dll!00007FFAE3FD9BC9: (caller: 00007FFAE3FD98AC) ReturnHr(1) tid(f94) 80070002 Не удается найти указанный файл."}
{"EventID": "6509", "Channel": "Microsoft-Windows-SettingSync/Debug", "Provider_Name": "Microsoft-Windows-SettingSync-Desktop", "Computer": "DESKTOP-OFJ6N53", "TimeCreated": "2025-04-02 09:19:23.472841+00:00", "RecordID": "5365", "Level": "2", "UserID": "S-1-5-21-963789628-1060504924-4285088085-1001", "EventData.Message": "shell\\roaming\\settingsync\\explorersettinghandler.cpp(198)\\SettingSync.dll!00007FFAE3FD98C5: (caller: 00007FF7E5C31A79) ReturnHr(2) tid(f94) 80070002 Не удается найти указанный файл."}
{"EventID": "6509", "Channel": "Microsoft-Windows-SettingSync/Debug", "Provider_Name": "Microsoft-Windows-SettingSync-Desktop", "Computer": "DESKTOP-OFJ6N53", "TimeCreated": "2025-04-02 09:19:23.472847+00:00", "RecordID": "5366", "Level": "2", "UserID": "S-1-5-21-963789628-1060504924-4285088085-1001", "EventData.Message": "shell\\roaming\\settingsync\\explorersettinghandler.cpp(315)\\SettingSync.dll!00007FFAE3FD98DF: (caller: 00007FF7E5C31A79) ReturnHr(3) tid(f94) 80070002 Не удается найти указанный файл."}
{"EventID": "6509", "Channel": "Microsoft-Windows-SettingSync/Debug", "Provider_Name": "Microsoft-Windows-SettingSync-Desktop", "Computer": "DESKTOP-OFJ6N53", "TimeCreated": "2025-04-02 09:19:23.472866+00:00", "RecordID": "5367", "Level": "2", "UserID": "S-1-5-21-963789628-1060504924-4285088085-1001", "EventData.Message": "shell\\roaming\\settingsync\\explorersettinghandler.cpp(315)\\SettingSync.dll!00007FFAE3FD9920: (caller: 00007FF7E5C31A79) ReturnHr(4) tid(f94) 80070002 Не удается найти указанный файл."}
{"EventID": "6509", "Channel": "Microsoft-Windows-SettingSync/Debug", "Provider_Name": "Microsoft-Windows-SettingSync-Desktop", "Computer": "DESKTOP-OFJ6N53", "TimeCreated": "2025-04-02 09:53:54.968197+00:00", "RecordID": "5368", "Level": "2", "UserID": "S-1-5-21-963789628-1060504924-4285088085-1001", "EventData.Message": "shell\\roaming\\settingsync\\settingprofilehandler.cpp(89)\\SettingSync.dll!00007FFB2AF7AF9E: (caller: 00007FFB2AF69CD5) LogHr(1) tid(c70) 80070002 Не удается найти указанный файл."}
{"EventID": "6509", "Channel": "Microsoft-Windows-SettingSync/Debug", "Provider_Name": "Microsoft-Windows-SettingSync-Desktop", "Computer": "DESKTOP-OFJ6N53", "TimeCreated": "2025-04-02 09:53:54.968218+00:00", "RecordID": "5369", "Level": "2", "UserID": "S-1-5-21-963789628-1060504924-4285088085-1001", "EventData.Message": "shell\\roaming\\settingsync\\settingprofilehandler.cpp(24)\\SettingSync.dll!00007FFB2AF69CF1: (caller: 00007FFB3A6CB46A) LogHr(2) tid(c70) 800704EC Эта программа заблокирована групповой политикой. За дополнительными сведениями обращайтесь к системному администратору."}
{"EventID": "6509", "Channel": "Microsoft-Windows-SettingSync/Debug", "Provider_Name": "Microsoft-Windows-SettingSync-Desktop", "Computer": "DESKTOP-OFJ6N53", "TimeCreated": "2025-04-02 09:54:30.224951+00:00", "RecordID": "5370", "Level": "2", "UserID": "S-1-5-21-963789628-1060504924-4285088085-1001", "EventData.Message": "shell\\roaming\\settingsync\\explorersettinghandler.cpp(270)\\SettingSync.dll!00007FFB2AF69BC9: (caller: 00007FFB2AF698AC) ReturnHr(1) tid(20cc) 80070002 Не удается найти указанный файл."}
{"EventID": "6509", "Channel": "Microsoft-Windows-SettingSync/Debug", "Provider_Name": "Microsoft-Windows-SettingSync-Desktop", "Computer": "DESKTOP-OFJ6N53", "TimeCreated": "2025-04-02 09:54:30.224960+00:00", "RecordID": "5371", "Level": "2", "UserID": "S-1-5-21-963789628-1060504924-4285088085-1001", "EventData.Message": "shell\\roaming\\settingsync\\explorersettinghandler.cpp(198)\\SettingSync.dll!00007FFB2AF698C5: (caller: 00007FF612421A79) ReturnHr(2) tid(20cc) 80070002 Не удается найти указанный файл."}
{"EventID": "6509", "Channel": "Microsoft-Windows-SettingSync/Debug", "Provider_Name": "Microsoft-Windows-SettingSync-Desktop", "Computer": "DESKTOP-OFJ6N53", "TimeCreated": "2025-04-02 09:54:30.224970+00:00", "RecordID": "5372", "Level": "2", "UserID": "S-1-5-21-963789628-1060504924-4285088085-1001", "EventData.Message": "shell\\roaming\\settingsync\\explorersettinghandler.cpp(315)\\SettingSync.dll!00007FFB2AF698DF: (caller: 00007FF612421A79) ReturnHr(3) tid(20cc) 80070002 Не удается найти указанный файл."}
{"EventID": "6509", "Channel": "Microsoft-Windows-SettingSync/Debug", "Provider_Name": "Microsoft-Windows-SettingSync-Desktop", "Computer": "DESKTOP-OFJ6N53", "TimeCreated": "2025-04-02 09:54:30.224985+00:00", "RecordID": "5373", "Level": "2", "UserID": "S-1-5-21-963789628-1060504924-4285088085-1001", "EventData.Message": "shell\\roaming\\settingsync\\explorersettinghandler.cpp(315)\\SettingSync.dll!00007FFB2AF69920: (caller: 00007FF612421A79) ReturnHr(4) tid(20cc) 80070002 Не удается найти указанный файл."}
{"EventID": "6509", "Channel": "Microsoft-Windows-SettingSync/Debug", "Provider_Name": "Microsoft-Windows-SettingSync-Desktop", "Computer": "DESKTOP-OFJ6N53", "TimeCreated": "2025-04-02 10:02:31.359056+00:00", "RecordID": "5374", "Level": "2", "UserID": "S-1-5-21-963789628-1060504924-4285088085-1001", "EventData.Message": "shell\\roaming\\settingsync\\settingprofilehandler.cpp(89)\\SettingSync.dll!00007FFC6CBBAF9E: (caller: 00007FFC6CBA9CD5) LogHr(1) tid(1630) 80070002 Не удается найти указанный файл."}
{"EventID": "6509", "Channel": "Microsoft-Windows-SettingSync/Debug", "Provider_Name": "Microsoft-Windows-SettingSync-Desktop", "Computer": "DESKTOP-OFJ6N53", "TimeCreated": "2025-04-02 10:02:31.359076+00:00", "RecordID": "5375", "Level": "2", "UserID": "S-1-5-21-963789628-1060504924-4285088085-1001", "EventData.Message": "shell\\roaming\\settingsync\\settingprofilehandler.cpp(24)\\SettingSync.dll!00007FFC6CBA9CF1: (caller: 00007FFC7DBAB46A) LogHr(2) tid(1630) 800704EC Эта программа заблокирована групповой политикой. За дополнительными сведениями обращайтесь к системному администратору."}
{"EventID": "6509", "Channel": "Microsoft-Windows-SettingSync/Debug", "Provider_Name": "Microsoft-Windows-SettingSync-Desktop", "Computer": "DESKTOP-OFJ6N53", "TimeCreated": "2025-04-02 10:03:01.069614+00:00", "RecordID": "5376", "Level": "2", "UserID": "S-1-5-21-963789628-1060504924-4285088085-1001", "EventData.Message": "shell\\roaming\\settingsync\\explorersettinghandler.cpp(270)\\SettingSync.dll!00007FFC6CBA9BC9: (caller: 00007FFC6CBA98AC) ReturnHr(1) tid(1370) 80070002 Не удается найти указанный файл."}
{"EventID": "6509", "Channel": "Microsoft-Windows-SettingSync/Debug", "Provider_Name": "Microsoft-Windows-SettingSync-Desktop", "Computer": "DESKTOP-OFJ6N53", "TimeCreated": "2025-04-02 10:03:01.069624+00:00", "RecordID": "5377", "Level": "2", "UserID": "S-1-5-21-963789628-1060504924-4285088085-1001", "EventData.Message": "shell\\roaming\\settingsync\\explorersettinghandler.cpp(198)\\SettingSync.dll!00007FFC6CBA98C5: (caller: 00007FF7D6BD1A79) ReturnHr(2) tid(1370) 80070002 Не удается найти указанный файл."}
{"EventID": "6509", "Channel": "Microsoft-Windows-SettingSync/Debug", "Provider_Name": "Microsoft-Windows-SettingSync-Desktop", "Computer": "DESKTOP-OFJ6N53", "TimeCreated": "2025-04-02 10:03:01.069632+00:00", "RecordID": "5378", "Level": "2", "UserID": "S-1-5-21-963789628-1060504924-4285088085-1001", "EventData.Message": "shell\\roaming\\settingsync\\explorersettinghandler.cpp(315)\\SettingSync.dll!00007FFC6CBA98DF: (caller: 00007FF7D6BD1A79) ReturnHr(3) tid(1370) 80070002 Не удается найти указанный файл."}
{"EventID": "6509", "Channel": "Microsoft-Windows-SettingSync/Debug", "Provider_Name": "Microsoft-Windows-SettingSync-Desktop", "Computer": "DESKTOP-OFJ6N53", "TimeCreated": "2025-04-02 10:03:01.069649+00:00", "RecordID": "5379", "Level": "2", "UserID": "S-1-5-21-963789628-1060504924-4285088085-1001", "EventData.Message": "shell\\roaming\\settingsync\\explorersettinghandler.cpp(315)\\SettingSync.dll!00007FFC6CBA9920: (caller: 00007FF7D6BD1A79) ReturnHr(4) tid(1370) 80070002 Не удается найти указанный файл."}
{"EventID": "6509", "Channel": "Microsoft-Windows-SettingSync/Debug", "Provider_Name": "Microsoft-Windows-SettingSync-Desktop", "Computer": "DESKTOP-OFJ6N53", "TimeCreated": "2025-04-02 10:08:46.534449+00:00", "RecordID": "5380", "Level": "2", "UserID": "S-1-5-21-963789628-1060504924-4285088085-1001", "EventData.Message": "shell\\roaming\\settingsync\\settingprofilehandler.cpp(89)\\SettingSync.dll!00007FFE1742AF9E: (caller: 00007FFE17419CD5) LogHr(1) tid(760) 80070002 Не удается найти указанный файл."}
{"EventID": "6509", "Channel": "Microsoft-Windows-SettingSync/Debug", "Provider_Name": "Microsoft-Windows-SettingSync-Desktop", "Computer": "DESKTOP-OFJ6N53", "TimeCreated": "2025-04-02 10:08:46.534466+00:00", "RecordID": "5381", "Level": "2", "UserID": "S-1-5-21-963789628-1060504924-4285088085-1001", "EventData.Message": "shell\\roaming\\settingsync\\settingprofilehandler.cpp(24)\\SettingSync.dll!00007FFE17419CF1: (caller: 00007FFE2861B46A) LogHr(2) tid(760) 800704EC Эта программа заблокирована групповой политикой. За дополнительными сведениями обращайтесь к системному администратору."}
{"EventID": "6509", "Channel": "Microsoft-Windows-SettingSync/Debug", "Provider_Name": "Microsoft-Windows-SettingSync-Desktop", "Computer": "DESKTOP-OFJ6N53", "TimeCreated": "2025-04-02 10:09:27.703026+00:00", "RecordID": "5382", "Level": "2", "UserID": "S-1-5-21-963789628-1060504924-4285088085-1001", "EventData.Message": "shell\\roaming\\settingsync\\explorersettinghandler.cpp(270)\\SettingSync.dll!00007FFE17419BC9: (caller: 00007FFE174198AC) ReturnHr(1) tid(2710) 80070002 Не удается найти указанный файл."}
{"EventID": "6509", "Channel": "Microsoft-Windows-SettingSync/Debug", "Provider_Name": "Microsoft-Windows-SettingSync-Desktop", "Computer": "DESKTOP-OFJ6N53", "TimeCreated": "2025-04-02 10:09:27.703035+00:00", "RecordID": "5383", "Level": "2", "UserID": "S-1-5-21-963789628-1060504924-4285088085-1001", "EventData.Message": "shell\\roaming\\settingsync\\explorersettinghandler.cpp(198)\\SettingSync.dll!00007FFE174198C5: (caller: 00007FF742601A79) ReturnHr(2) tid(2710) 80070002 Не удается найти указанный файл."}
{"EventID": "6509", "Channel": "Microsoft-Windows-SettingSync/Debug", "Provider_Name": "Microsoft-Windows-SettingSync-Desktop", "Computer": "DESKTOP-OFJ6N53", "TimeCreated": "2025-04-02 10:09:27.703043+00:00", "RecordID": "5384", "Level": "2", "UserID": "S-1-5-21-963789628-1060504924-4285088085-1001", "EventData.Message": "shell\\roaming\\settingsync\\explorersettinghandler.cpp(315)\\SettingSync.dll!00007FFE174198DF: (caller: 00007FF742601A79) ReturnHr(3) tid(2710) 80070002 Не удается найти указанный файл."}
{"EventID": "6509", "Channel": "Microsoft-Windows-SettingSync/Debug", "Provider_Name": "Microsoft-Windows-SettingSync-Desktop", "Computer": "DESKTOP-OFJ6N53", "TimeCreated": "2025-04-02 10:09:27.703058+00:00", "RecordID": "5385", "Level": "2", "UserID": "S-1-5-21-963789628-1060504924-4285088085-1001", "EventData.Message": "shell\\roaming\\settingsync\\explorersettinghandler.cpp(315)\\SettingSync.dll!00007FFE17419920: (caller: 00007FF742601A79) ReturnHr(4) tid(2710) 80070002 Не удается найти указанный файл."}
{"EventID": "6509", "Channel": "Microsoft-Windows-SettingSync/Debug", "Provider_Name": "Microsoft-Windows-SettingSync-Desktop", "Computer": "DESKTOP-OFJ6N53", "TimeCreated": "2025-04-02 10:12:47.981314+00:00", "RecordID": "5386", "Level": "2", "UserID": "S-1-5-21-963789628-1060504924-4285088085-1001", "EventData.Message": "shell\\roaming\\settingsync\\settingprofilehandler.cpp(89)\\SettingSync.dll!00007FF87444AF9E: (caller: 00007FF874439CD5) LogHr(1) tid(788) 80070002 Не удается найти указанный файл."}
{"EventID": "6509", "Channel": "Microsoft-Windows-SettingSync/Debug", "Provider_Name": "Microsoft-Windows-SettingSync-Desktop", "Computer": "DESKTOP-OFJ6N53", "TimeCreated": "2025-04-02 10:12:47.981331+00:00", "RecordID": "5387", "Level": "2", "UserID": "S-1-5-21-963789628-1060504924-4285088085-1001", "EventData.Message": "shell\\roaming\\settingsync\\settingprofilehandler.cpp(24)\\SettingSync.dll!00007FF874439CF1: (caller: 00007FF880C9B46A) LogHr(2) tid(788) 800704EC Эта программа заблокирована групповой политикой. За дополнительными сведениями обращайтесь к системному администратору."}
{"EventID": "6509", "Channel": "Microsoft-Windows-SettingSync/Debug", "Provider_Name": "Microsoft-Windows-SettingSync-Desktop", "Computer": "DESKTOP-OFJ6N53", "TimeCreated": "2025-04-02 10:13:22.883501+00:00", "RecordID": "5388", "Level": "2", "UserID": "S-1-5-21-963789628-1060504924-4285088085-1001", "EventData.Message": "shell\\roaming\\settingsync\\explorersettinghandler.cpp(270)\\SettingSync.dll!00007FF874439BC9: (caller: 00007FF8744398AC) ReturnHr(1) tid(27f4) 80070002 Не удается найти указанный файл."}
{"EventID": "6509", "Channel": "Microsoft-Windows-SettingSync/Debug", "Provider_Name": "Microsoft-Windows-SettingSync-Desktop", "Computer": "DESKTOP-OFJ6N53", "TimeCreated": "2025-04-02 10:13:22.883512+00:00", "RecordID": "5389", "Level": "2", "UserID": "S-1-5-21-963789628-1060504924-4285088085-1001", "EventData.Message": "shell\\roaming\\settingsync\\explorersettinghandler.cpp(198)\\SettingSync.dll!00007FF8744398C5: (caller: 00007FF6B6181A79) ReturnHr(2) tid(27f4) 80070002 Не удается найти указанный файл."}
{"EventID": "6509", "Channel": "Microsoft-Windows-SettingSync/Debug", "Provider_Name": "Microsoft-Windows-SettingSync-Desktop", "Computer": "DESKTOP-OFJ6N53", "TimeCreated": "2025-04-02 10:13:22.883520+00:00", "RecordID": "5390", "Level": "2", "UserID": "S-1-5-21-963789628-1060504924-4285088085-1001", "EventData.Message": "shell\\roaming\\settingsync\\explorersettinghandler.cpp(315)\\SettingSync.dll!00007FF8744398DF: (caller: 00007FF6B6181A79) ReturnHr(3) tid(27f4) 80070002 Не удается найти указанный файл."}
{"EventID": "6509", "Channel": "Microsoft-Windows-SettingSync/Debug", "Provider_Name": "Microsoft-Windows-SettingSync-Desktop", "Computer": "DESKTOP-OFJ6N53", "TimeCreated": "2025-04-02 10:13:22.883537+00:00", "RecordID": "5391", "Level": "2", "UserID": "S-1-5-21-963789628-1060504924-4285088085-1001", "EventData.Message": "shell\\roaming\\settingsync\\explorersettinghandler.cpp(315)\\SettingSync.dll!00007FF874439920: (caller: 00007FF6B6181A79) ReturnHr(4) tid(27f4) 80070002 Не удается найти указанный файл."}
{"EventID": "6509", "Channel": "Microsoft-Windows-SettingSync/Debug", "Provider_Name": "Microsoft-Windows-SettingSync-Desktop", "Computer": "DESKTOP-OFJ6N53", "TimeCreated": "2025-04-02 10:30:58.053431+00:00", "RecordID": "5392", "Level": "2", "UserID": "S-1-5-21-963789628-1060504924-4285088085-1001", "EventData.Message": "shell\\roaming\\settingsync\\settingprofilehandler.cpp(89)\\SettingSync.dll!00007FFEF265AF9E: (caller: 00007FFEF2649CD5) LogHr(1) tid(c18) 80070002 Не удается найти указанный файл."}
{"EventID": "6509", "Channel": "Microsoft-Windows-SettingSync/Debug", "Provider_Name": "Microsoft-Windows-SettingSync-Desktop", "Computer": "DESKTOP-OFJ6N53", "TimeCreated": "2025-04-02 10:30:58.053450+00:00", "RecordID": "5393", "Level": "2", "UserID": "S-1-5-21-963789628-1060504924-4285088085-1001", "EventData.Message": "shell\\roaming\\settingsync\\settingprofilehandler.cpp(24)\\SettingSync.dll!00007FFEF2649CF1: (caller: 00007FFF01A6B46A) LogHr(2) tid(c18) 800704EC Эта программа заблокирована групповой политикой. За дополнительными сведениями обращайтесь к системному администратору."}
{"EventID": "6509", "Channel": "Microsoft-Windows-SettingSync/Debug", "Provider_Name": "Microsoft-Windows-SettingSync-Desktop", "Computer": "DESKTOP-OFJ6N53", "TimeCreated": "2025-04-02 10:31:29.888601+00:00", "RecordID": "5394", "Level": "2", "UserID": "S-1-5-21-963789628-1060504924-4285088085-1001", "EventData.Message": "shell\\roaming\\settingsync\\explorersettinghandler.cpp(270)\\SettingSync.dll!00007FFEF2649BC9: (caller: 00007FFEF26498AC) ReturnHr(1) tid(fb8) 80070002 Не удается найти указанный файл."}
{"EventID": "6509", "Channel": "Microsoft-Windows-SettingSync/Debug", "Provider_Name": "Microsoft-Windows-SettingSync-Desktop", "Computer": "DESKTOP-OFJ6N53", "TimeCreated": "2025-04-02 10:31:29.888615+00:00", "RecordID": "5395", "Level": "2", "UserID": "S-1-5-21-963789628-1060504924-4285088085-1001", "EventData.Message": "shell\\roaming\\settingsync\\explorersettinghandler.cpp(198)\\SettingSync.dll!00007FFEF26498C5: (caller: 00007FF7BA241A79) ReturnHr(2) tid(fb8) 80070002 Не удается найти указанный файл."}
{"EventID": "6509", "Channel": "Microsoft-Windows-SettingSync/Debug", "Provider_Name": "Microsoft-Windows-SettingSync-Desktop", "Computer": "DESKTOP-OFJ6N53", "TimeCreated": "2025-04-02 10:31:29.888624+00:00", "RecordID": "5396", "Level": "2", "UserID": "S-1-5-21-963789628-1060504924-4285088085-1001", "EventData.Message": "shell\\roaming\\settingsync\\explorersettinghandler.cpp(315)\\SettingSync.dll!00007FFEF26498DF: (caller: 00007FF7BA241A79) ReturnHr(3) tid(fb8) 80070002 Не удается найти указанный файл."}
{"EventID": "6509", "Channel": "Microsoft-Windows-SettingSync/Debug", "Provider_Name": "Microsoft-Windows-SettingSync-Desktop", "Computer": "DESKTOP-OFJ6N53", "TimeCreated": "2025-04-02 10:31:29.888643+00:00", "RecordID": "5397", "Level": "2", "UserID": "S-1-5-21-963789628-1060504924-4285088085-1001", "EventData.Message": "shell\\roaming\\settingsync\\explorersettinghandler.cpp(315)\\SettingSync.dll!00007FFEF2649920: (caller: 00007FF7BA241A79) ReturnHr(4) tid(fb8) 80070002 Не удается найти указанный файл."}
{"EventID": "6509", "Channel": "Microsoft-Windows-SettingSync/Debug", "Provider_Name": "Microsoft-Windows-SettingSync-Desktop", "Computer": "DESKTOP-OFJ6N53", "TimeCreated": "2025-04-02 10:37:53.309704+00:00", "RecordID": "5398", "Level": "2", "UserID": "S-1-5-21-963789628-1060504924-4285088085-1001", "EventData.Message": "shell\\roaming\\settingsync\\settingprofilehandler.cpp(89)\\SettingSync.dll!00007FFD3B74AF9E: (caller: 00007FFD3B739CD5) LogHr(1) tid(1c54) 80070002 Не удается найти указанный файл."}
{"EventID": "6509", "Channel": "Microsoft-Windows-SettingSync/Debug", "Provider_Name": "Microsoft-Windows-SettingSync-Desktop", "Computer": "DESKTOP-OFJ6N53", "TimeCreated": "2025-04-02 10:37:53.309727+00:00", "RecordID": "5399", "Level": "2", "UserID": "S-1-5-21-963789628-1060504924-4285088085-1001", "EventData.Message": "shell\\roaming\\settingsync\\settingprofilehandler.cpp(24)\\SettingSync.dll!00007FFD3B739CF1: (caller: 00007FFD5124B46A) LogHr(2) tid(1c54) 800704EC Эта программа заблокирована групповой политикой. За дополнительными сведениями обращайтесь к системному администратору."}
{"EventID": "6509", "Channel": "Microsoft-Windows-SettingSync/Debug", "Provider_Name": "Microsoft-Windows-SettingSync-Desktop", "Computer": "DESKTOP-OFJ6N53", "TimeCreated": "2025-04-02 10:38:24.189531+00:00", "RecordID": "5400", "Level": "2", "UserID": "S-1-5-21-963789628-1060504924-4285088085-1001", "EventData.Message": "shell\\roaming\\settingsync\\explorersettinghandler.cpp(270)\\SettingSync.dll!00007FFD3B739BC9: (caller: 00007FFD3B7398AC) ReturnHr(1) tid(e88) 80070002 Не удается найти указанный файл."}
{"EventID": "6509", "Channel": "Microsoft-Windows-SettingSync/Debug", "Provider_Name": "Microsoft-Windows-SettingSync-Desktop", "Computer": "DESKTOP-OFJ6N53", "TimeCreated": "2025-04-02 10:38:24.189541+00:00", "RecordID": "5401", "Level": "2", "UserID": "S-1-5-21-963789628-1060504924-4285088085-1001", "EventData.Message": "shell\\roaming\\settingsync\\explorersettinghandler.cpp(198)\\SettingSync.dll!00007FFD3B7398C5: (caller: 00007FF6970F1A79) ReturnHr(2) tid(e88) 80070002 Не удается найти указанный файл."}
{"EventID": "6509", "Channel": "Microsoft-Windows-SettingSync/Debug", "Provider_Name": "Microsoft-Windows-SettingSync-Desktop", "Computer": "DESKTOP-OFJ6N53", "TimeCreated": "2025-04-02 10:38:24.189548+00:00", "RecordID": "5402", "Level": "2", "UserID": "S-1-5-21-963789628-1060504924-4285088085-1001", "EventData.Message": "shell\\roaming\\settingsync\\explorersettinghandler.cpp(315)\\SettingSync.dll!00007FFD3B7398DF: (caller: 00007FF6970F1A79) ReturnHr(3) tid(e88) 80070002 Не удается найти указанный файл."}
{"EventID": "6509", "Channel": "Microsoft-Windows-SettingSync/Debug", "Provider_Name": "Microsoft-Windows-SettingSync-Desktop", "Computer": "DESKTOP-OFJ6N53", "TimeCreated": "2025-04-02 10:38:24.189566+00:00", "RecordID": "5403", "Level": "2", "UserID": "S-1-5-21-963789628-1060504924-4285088085-1001", "EventData.Message": "shell\\roaming\\settingsync\\explorersettinghandler.cpp(315)\\SettingSync.dll!00007FFD3B739920: (caller: 00007FF6970F1A79) ReturnHr(4) tid(e88) 80070002 Не удается найти указанный файл."}
{"EventID": "6524", "Channel": "Microsoft-Windows-SettingSync/Debug", "Provider_Name": "Microsoft-Windows-SettingSync", "Computer": "DESKTOP-OFJ6N53", "TimeCreated": "2025-04-02 11:28:41.394779+00:00", "RecordID": "5404", "Level": "4", "UserID": "S-1-5-21-963789628-1060504924-4285088085-1001"}
{"EventID": "6065", "Channel": "Microsoft-Windows-SettingSync/Debug", "Provider_Name": "Microsoft-Windows-SettingSync", "Computer": "DESKTOP-OFJ6N53", "TimeCreated": "2025-04-02 11:28:41.492039+00:00", "RecordID": "5405", "Level": "2", "UserID": "S-1-5-21-963789628-1060504924-4285088085-1001", "EventData.Message": "onecoreuap\\shell\\roaming\\settingsynccore\\settingsyncreporting\\settingsyncreporting.cpp(146)\\SettingSyncCore.dll!00007FFD3D6F6484: (caller: 00007FFD3D6F6046) ReturnHr(1) tid(2a98) 800708CA Сетевое подключение не существует."}
{"EventID": "6065", "Channel": "Microsoft-Windows-SettingSync/Debug", "Provider_Name": "Microsoft-Windows-SettingSync", "Computer": "DESKTOP-OFJ6N53", "TimeCreated": "2025-04-02 11:28:41.492064+00:00", "RecordID": "5406", "Level": "2", "UserID": "S-1-5-21-963789628-1060504924-4285088085-1001", "EventData.Message": "onecoreuap\\shell\\roaming\\settingsynccore\\settingsyncreporting\\settingsyncreporting.cpp(55)\\SettingSyncCore.dll!00007FFD3D6F6063: (caller: 00007FFD3D6F6536) ReturnHr(2) tid(2a98) 800708CA Сетевое подключение не существует."}
{"EventID": "6065", "Channel": "Microsoft-Windows-SettingSync/Debug", "Provider_Name": "Microsoft-Windows-SettingSync", "Computer": "DESKTOP-OFJ6N53", "TimeCreated": "2025-04-02 11:28:41.492077+00:00", "RecordID": "5407", "Level": "2", "UserID": "S-1-5-21-963789628-1060504924-4285088085-1001", "EventData.Message": "onecoreuap\\shell\\roaming\\settingsynccore\\settingsyncreporting\\settingsyncreporting.cpp(29)\\SettingSyncCore.dll!00007FFD3D6F65B7: (caller: 00007FFD467C8902) ReturnHr(3) tid(2a98) 800708CA Сетевое подключение не существует."}
{"EventID": "6524", "Channel": "Microsoft-Windows-SettingSync/Debug", "Provider_Name": "Microsoft-Windows-SettingSync", "Computer": "DESKTOP-OFJ6N53", "TimeCreated": "2025-04-03 08:34:07.391521+00:00", "RecordID": "5408", "Level": "4", "UserID": "S-1-5-21-963789628-1060504924-4285088085-1001"}
{"EventID": "6065", "Channel": "Microsoft-Windows-SettingSync/Debug", "Provider_Name": "Microsoft-Windows-SettingSync", "Computer": "DESKTOP-OFJ6N53", "TimeCreated": "2025-04-03 08:34:07.421778+00:00", "RecordID": "5409", "Level": "2", "UserID": "S-1-5-21-963789628-1060504924-4285088085-1001", "EventData.Message": "onecoreuap\\shell\\roaming\\settingsynccore\\settingsyncreporting\\settingsyncreporting.cpp(146)\\SettingSyncCore.dll!00007FFD3D6F6484: (caller: 00007FFD3D6F6046) ReturnHr(1) tid(1804) 800708CA Сетевое подключение не существует."}
{"EventID": "6065", "Channel": "Microsoft-Windows-SettingSync/Debug", "Provider_Name": "Microsoft-Windows-SettingSync", "Computer": "DESKTOP-OFJ6N53", "TimeCreated": "2025-04-03 08:34:07.421791+00:00", "RecordID": "5410", "Level": "2", "UserID": "S-1-5-21-963789628-1060504924-4285088085-1001", "EventData.Message": "onecoreuap\\shell\\roaming\\settingsynccore\\settingsyncreporting\\settingsyncreporting.cpp(55)\\SettingSyncCore.dll!00007FFD3D6F6063: (caller: 00007FFD3D6F6536) ReturnHr(2) tid(1804) 800708CA Сетевое подключение не существует."}
{"EventID": "6065", "Channel": "Microsoft-Windows-SettingSync/Debug", "Provider_Name": "Microsoft-Windows-SettingSync", "Computer": "DESKTOP-OFJ6N53", "TimeCreated": "2025-04-03 08:34:07.421801+00:00", "RecordID": "5411", "Level": "2", "UserID": "S-1-5-21-963789628-1060504924-4285088085-1001", "EventData.Message": "onecoreuap\\shell\\roaming\\settingsynccore\\settingsyncreporting\\settingsyncreporting.cpp(29)\\SettingSyncCore.dll!00007FFD3D6F65B7: (caller: 00007FFD467C8902) ReturnHr(3) tid(1804) 800708CA Сетевое подключение не существует."}
{"EventID": "6524", "Channel": "Microsoft-Windows-SettingSync/Debug", "Provider_Name": "Microsoft-Windows-SettingSync", "Computer": "DESKTOP-OFJ6N53", "TimeCreated": "2025-04-04 08:34:10.917673+00:00", "RecordID": "5412", "Level": "4", "UserID": "S-1-5-21-963789628-1060504924-4285088085-1001"}
{"EventID": "6065", "Channel": "Microsoft-Windows-SettingSync/Debug", "Provider_Name": "Microsoft-Windows-SettingSync", "Computer": "DESKTOP-OFJ6N53", "TimeCreated": "2025-04-04 08:34:10.981361+00:00", "RecordID": "5413", "Level": "2", "UserID": "S-1-5-21-963789628-1060504924-4285088085-1001", "EventData.Message": "onecoreuap\\shell\\roaming\\settingsynccore\\settingsyncreporting\\settingsyncreporting.cpp(146)\\SettingSyncCore.dll!00007FFD3D6F6484: (caller: 00007FFD3D6F6046) ReturnHr(1) tid(1668) 800708CA Сетевое подключение не существует."}
{"EventID": "6065", "Channel": "Microsoft-Windows-SettingSync/Debug", "Provider_Name": "Microsoft-Windows-SettingSync", "Computer": "DESKTOP-OFJ6N53", "TimeCreated": "2025-04-04 08:34:10.981375+00:00", "RecordID": "5414", "Level": "2", "UserID": "S-1-5-21-963789628-1060504924-4285088085-1001", "EventData.Message": "onecoreuap\\shell\\roaming\\settingsynccore\\settingsyncreporting\\settingsyncreporting.cpp(55)\\SettingSyncCore.dll!00007FFD3D6F6063: (caller: 00007FFD3D6F6536) ReturnHr(2) tid(1668) 800708CA Сетевое подключение не существует."}
{"EventID": "6065", "Channel": "Microsoft-Windows-SettingSync/Debug", "Provider_Name": "Microsoft-Windows-SettingSync", "Computer": "DESKTOP-OFJ6N53", "TimeCreated": "2025-04-04 08:34:10.981384+00:00", "RecordID": "5415", "Level": "2", "UserID": "S-1-5-21-963789628-1060504924-4285088085-1001", "EventData.Message": "onecoreuap\\shell\\roaming\\settingsynccore\\settingsyncreporting\\settingsyncreporting.cpp(29)\\SettingSyncCore.dll!00007FFD3D6F65B7: (caller: 00007FFD467C8902) ReturnHr(3) tid(1668) 800708CA Сетевое подключение не существует."}
{"EventID": "6524", "Channel": "Microsoft-Windows-SettingSync/Debug", "Provider_Name": "Microsoft-Windows-SettingSync", "Computer": "DESKTOP-OFJ6N53", "TimeCreated": "2025-04-05 08:34:13.421434+00:00", "RecordID": "5416", "Level": "4", "UserID": "S-1-5-21-963789628-1060504924-4285088085-1001"}
{"EventID": "6065", "Channel": "Microsoft-Windows-SettingSync/Debug", "Provider_Name": "Microsoft-Windows-SettingSync", "Computer": "DESKTOP-OFJ6N53", "TimeCreated": "2025-04-05 08:34:13.457064+00:00", "RecordID": "5417", "Level": "2", "UserID": "S-1-5-21-963789628-1060504924-4285088085-1001", "EventData.Message": "onecoreuap\\shell\\roaming\\settingsynccore\\settingsyncreporting\\settingsyncreporting.cpp(146)\\SettingSyncCore.dll!00007FFD3D6F6484: (caller: 00007FFD3D6F6046) ReturnHr(1) tid(2bc0) 800708CA Сетевое подключение не существует."}
{"EventID": "6065", "Channel": "Microsoft-Windows-SettingSync/Debug", "Provider_Name": "Microsoft-Windows-SettingSync", "Computer": "DESKTOP-OFJ6N53", "TimeCreated": "2025-04-05 08:34:13.457077+00:00", "RecordID": "5418", "Level": "2", "UserID": "S-1-5-21-963789628-1060504924-4285088085-1001", "EventData.Message": "onecoreuap\\shell\\roaming\\settingsynccore\\settingsyncreporting\\settingsyncreporting.cpp(55)\\SettingSyncCore.dll!00007FFD3D6F6063: (caller: 00007FFD3D6F6536) ReturnHr(2) tid(2bc0) 800708CA Сетевое подключение не существует."}
{"EventID": "6065", "Channel": "Microsoft-Windows-SettingSync/Debug", "Provider_Name": "Microsoft-Windows-SettingSync", "Computer": "DESKTOP-OFJ6N53", "TimeCreated": "2025-04-05 08:34:13.457087+00:00", "RecordID": "5419", "Level": "2", "UserID": "S-1-5-21-963789628-1060504924-4285088085-1001", "EventData.Message": "onecoreuap\\shell\\roaming\\settingsynccore\\settingsyncreporting\\settingsyncreporting.cpp(29)\\SettingSyncCore.dll!00007FFD3D6F65B7: (caller: 00007FFD467C8902) ReturnHr(3) tid(2bc0) 800708CA Сетевое подключение не существует."}
{"EventID": "6524", "Channel": "Microsoft-Windows-SettingSync/Debug", "Provider_Name": "Microsoft-Windows-SettingSync", "Computer": "DESKTOP-OFJ6N53", "TimeCreated": "2025-04-06 08:34:15.725834+00:00", "RecordID": "5420", "Level": "4", "UserID": "S-1-5-21-963789628-1060504924-4285088085-1001"}
{"EventID": "6065", "Channel": "Microsoft-Windows-SettingSync/Debug", "Provider_Name": "Microsoft-Windows-SettingSync", "Computer": "DESKTOP-OFJ6N53", "TimeCreated": "2025-04-06 08:34:15.786213+00:00", "RecordID": "5421", "Level": "2", "UserID": "S-1-5-21-963789628-1060504924-4285088085-1001", "EventData.Message": "onecoreuap\\shell\\roaming\\settingsynccore\\settingsyncreporting\\settingsyncreporting.cpp(146)\\SettingSyncCore.dll!00007FFD3D6F6484: (caller: 00007FFD3D6F6046) ReturnHr(1) tid(3030) 800708CA Сетевое подключение не существует."}
{"EventID": "6065", "Channel": "Microsoft-Windows-SettingSync/Debug", "Provider_Name": "Microsoft-Windows-SettingSync", "Computer": "DESKTOP-OFJ6N53", "TimeCreated": "2025-04-06 08:34:15.786236+00:00", "RecordID": "5422", "Level": "2", "UserID": "S-1-5-21-963789628-1060504924-4285088085-1001", "EventData.Message": "onecoreuap\\shell\\roaming\\settingsynccore\\settingsyncreporting\\settingsyncreporting.cpp(55)\\SettingSyncCore.dll!00007FFD3D6F6063: (caller: 00007FFD3D6F6536) ReturnHr(2) tid(3030) 800708CA Сетевое подключение не существует."}
{"EventID": "6065", "Channel": "Microsoft-Windows-SettingSync/Debug", "Provider_Name": "Microsoft-Windows-SettingSync", "Computer": "DESKTOP-OFJ6N53", "TimeCreated": "2025-04-06 08:34:15.786261+00:00", "RecordID": "5423", "Level": "2", "UserID": "S-1-5-21-963789628-1060504924-4285088085-1001", "EventData.Message": "onecoreuap\\shell\\roaming\\settingsynccore\\settingsyncreporting\\settingsyncreporting.cpp(29)\\SettingSyncCore.dll!00007FFD3D6F65B7: (caller: 00007FFD467C8902) ReturnHr(3) tid(3030) 800708CA Сетевое подключение не существует."}
{"EventID": "6524", "Channel": "Microsoft-Windows-SettingSync/Debug", "Provider_Name": "Microsoft-Windows-SettingSync", "Computer": "DESKTOP-OFJ6N53", "TimeCreated": "2025-04-07 08:34:18.706093+00:00", "RecordID": "5424", "Level": "4", "UserID": "S-1-5-21-963789628-1060504924-4285088085-1001"}
{"EventID": "6065", "Channel": "Microsoft-Windows-SettingSync/Debug", "Provider_Name": "Microsoft-Windows-SettingSync", "Computer": "DESKTOP-OFJ6N53", "TimeCreated": "2025-04-07 08:34:18.708599+00:00", "RecordID": "5425", "Level": "2", "UserID": "S-1-5-21-963789628-1060504924-4285088085-1001", "EventData.Message": "onecoreuap\\shell\\roaming\\settingsynccore\\settingsyncreporting\\settingsyncreporting.cpp(146)\\SettingSyncCore.dll!00007FFD3D6F6484: (caller: 00007FFD3D6F6046) ReturnHr(1) tid(2aa8) 800708CA Сетевое подключение не существует."}
{"EventID": "6065", "Channel": "Microsoft-Windows-SettingSync/Debug", "Provider_Name": "Microsoft-Windows-SettingSync", "Computer": "DESKTOP-OFJ6N53", "TimeCreated": "2025-04-07 08:34:18.708614+00:00", "RecordID": "5426", "Level": "2", "UserID": "S-1-5-21-963789628-1060504924-4285088085-1001", "EventData.Message": "onecoreuap\\shell\\roaming\\settingsynccore\\settingsyncreporting\\settingsyncreporting.cpp(55)\\SettingSyncCore.dll!00007FFD3D6F6063: (caller: 00007FFD3D6F6536) ReturnHr(2) tid(2aa8) 800708CA Сетевое подключение не существует."}
{"EventID": "6065", "Channel": "Microsoft-Windows-SettingSync/Debug", "Provider_Name": "Microsoft-Windows-SettingSync", "Computer": "DESKTOP-OFJ6N53", "TimeCreated": "2025-04-07 08:34:18.708977+00:00", "RecordID": "5427", "Level": "2", "UserID": "S-1-5-21-963789628-1060504924-4285088085-1001", "EventData.Message": "onecoreuap\\shell\\roaming\\settingsynccore\\settingsyncreporting\\settingsyncreporting.cpp(29)\\SettingSyncCore.dll!00007FFD3D6F65B7: (caller: 00007FFD467C8902) ReturnHr(3) tid(2aa8) 800708CA Сетевое подключение не существует."}
{"EventID": "6065", "Channel": "Microsoft-Windows-SettingSync/Debug", "Provider_Name": "Microsoft-Windows-SettingSync", "Computer": "DESKTOP-OFJ6N53", "TimeCreated": "2025-04-08 08:34:21.259180+00:00", "RecordID": "5428", "Level": "2", "UserID": "S-1-5-21-963789628-1060504924-4285088085-1001", "EventData.Message": "onecoreuap\\shell\\roaming\\settingsynccore\\settingsyncreporting\\settingsyncreporting.cpp(146)\\SettingSyncCore.dll!00007FFD3D6F6484: (caller: 00007FFD3D6F6046) ReturnHr(4) tid(2c40) 800708CA Сетевое подключение не существует."}
{"EventID": "6065", "Channel": "Microsoft-Windows-SettingSync/Debug", "Provider_Name": "Microsoft-Windows-SettingSync", "Computer": "DESKTOP-OFJ6N53", "TimeCreated": "2025-04-08 08:34:21.259195+00:00", "RecordID": "5429", "Level": "2", "UserID": "S-1-5-21-963789628-1060504924-4285088085-1001", "EventData.Message": "onecoreuap\\shell\\roaming\\settingsynccore\\settingsyncreporting\\settingsyncreporting.cpp(55)\\SettingSyncCore.dll!00007FFD3D6F6063: (caller: 00007FFD3D6F6536) ReturnHr(5) tid(2c40) 800708CA Сетевое подключение не существует."}
{"EventID": "6065", "Channel": "Microsoft-Windows-SettingSync/Debug", "Provider_Name": "Microsoft-Windows-SettingSync", "Computer": "DESKTOP-OFJ6N53", "TimeCreated": "2025-04-08 08:34:21.259205+00:00", "RecordID": "5430", "Level": "2", "UserID": "S-1-5-21-963789628-1060504924-4285088085-1001", "EventData.Message": "onecoreuap\\shell\\roaming\\settingsynccore\\settingsyncreporting\\settingsyncreporting.cpp(29)\\SettingSyncCore.dll!00007FFD3D6F65B7: (caller: 00007FFD467C8902) ReturnHr(6) tid(2c40) 800708CA Сетевое подключение не существует."}
{"EventID": "6524", "Channel": "Microsoft-Windows-SettingSync/Debug", "Provider_Name": "Microsoft-Windows-SettingSync", "Computer": "DESKTOP-OFJ6N53", "TimeCreated": "2025-04-08 08:34:21.283125+00:00", "RecordID": "5431", "Level": "4", "UserID": "S-1-5-21-963789628-1060504924-4285088085-1001"}
{"EventID": "6524", "Channel": "Microsoft-Windows-SettingSync/Debug", "Provider_Name": "Microsoft-Windows-SettingSync", "Computer": "DESKTOP-OFJ6N53", "TimeCreated": "2025-04-09 08:34:27.644621+00:00", "RecordID": "5432", "Level": "4", "UserID": "S-1-5-21-963789628-1060504924-4285088085-1001"}
{"EventID": "6065", "Channel": "Microsoft-Windows-SettingSync/Debug", "Provider_Name": "Microsoft-Windows-SettingSync", "Computer": "DESKTOP-OFJ6N53", "TimeCreated": "2025-04-09 08:34:27.903276+00:00", "RecordID": "5433", "Level": "2", "UserID": "S-1-5-21-963789628-1060504924-4285088085-1001", "EventData.Message": "onecoreuap\\shell\\roaming\\settingsynccore\\settingsyncreporting\\settingsyncreporting.cpp(146)\\SettingSyncCore.dll!00007FFD3D6F6484: (caller: 00007FFD3D6F6046) ReturnHr(7) tid(3ef8) 800708CA Сетевое подключение не существует."}
{"EventID": "6065", "Channel": "Microsoft-Windows-SettingSync/Debug", "Provider_Name": "Microsoft-Windows-SettingSync", "Computer": "DESKTOP-OFJ6N53", "TimeCreated": "2025-04-09 08:34:27.903290+00:00", "RecordID": "5434", "Level": "2", "UserID": "S-1-5-21-963789628-1060504924-4285088085-1001", "EventData.Message": "onecoreuap\\shell\\roaming\\settingsynccore\\settingsyncreporting\\settingsyncreporting.cpp(55)\\SettingSyncCore.dll!00007FFD3D6F6063: (caller: 00007FFD3D6F6536) ReturnHr(8) tid(3ef8) 800708CA Сетевое подключение не существует."}
{"EventID": "6065", "Channel": "Microsoft-Windows-SettingSync/Debug", "Provider_Name": "Microsoft-Windows-SettingSync", "Computer": "DESKTOP-OFJ6N53", "TimeCreated": "2025-04-09 08:34:27.903297+00:00", "RecordID": "5435", "Level": "2", "UserID": "S-1-5-21-963789628-1060504924-4285088085-1001", "EventData.Message": "onecoreuap\\shell\\roaming\\settingsynccore\\settingsyncreporting\\settingsyncreporting.cpp(29)\\SettingSyncCore.dll!00007FFD3D6F65B7: (caller: 00007FFD467C8902) ReturnHr(9) tid(3ef8) 800708CA Сетевое подключение не существует."}
{"EventID": "6509", "Channel": "Microsoft-Windows-SettingSync/Debug", "Provider_Name": "Microsoft-Windows-SettingSync-Desktop", "Computer": "DESKTOP-OFJ6N53", "TimeCreated": "2025-04-10 05:53:06.890663+00:00", "RecordID": "5436", "Level": "2", "UserID": "S-1-5-21-963789628-1060504924-4285088085-1001", "EventData.Message": "shell\\roaming\\settingsync\\settingprofilehandler.cpp(89)\\SettingSync.dll!00007FFD691AAF9E: (caller: 00007FFD69199CD5) LogHr(1) tid(afc) 80070002 Не удается найти указанный файл."}
{"EventID": "6509", "Channel": "Microsoft-Windows-SettingSync/Debug", "Provider_Name": "Microsoft-Windows-SettingSync-Desktop", "Computer": "DESKTOP-OFJ6N53", "TimeCreated": "2025-04-10 05:53:06.891949+00:00", "RecordID": "5437", "Level": "2", "UserID": "S-1-5-21-963789628-1060504924-4285088085-1001", "EventData.Message": "shell\\roaming\\settingsync\\settingprofilehandler.cpp(24)\\SettingSync.dll!00007FFD69199CF1: (caller: 00007FFD7720C05A) LogHr(2) tid(afc) 800704EC Эта программа заблокирована групповой политикой. За дополнительными сведениями обращайтесь к системному администратору."}
{"EventID": "6509", "Channel": "Microsoft-Windows-SettingSync/Debug", "Provider_Name": "Microsoft-Windows-SettingSync-Desktop", "Computer": "DESKTOP-OFJ6N53", "TimeCreated": "2025-04-10 05:54:15.444502+00:00", "RecordID": "5438", "Level": "2", "UserID": "S-1-5-21-963789628-1060504924-4285088085-1001", "EventData.Message": "shell\\roaming\\settingsync\\explorersettinghandler.cpp(270)\\SettingSync.dll!00007FFD69199BC9: (caller: 00007FFD691998AC) ReturnHr(1) tid(25f0) 80070002 Не удается найти указанный файл."}
{"EventID": "6509", "Channel": "Microsoft-Windows-SettingSync/Debug", "Provider_Name": "Microsoft-Windows-SettingSync-Desktop", "Computer": "DESKTOP-OFJ6N53", "TimeCreated": "2025-04-10 05:54:15.444511+00:00", "RecordID": "5439", "Level": "2", "UserID": "S-1-5-21-963789628-1060504924-4285088085-1001", "EventData.Message": "shell\\roaming\\settingsync\\explorersettinghandler.cpp(198)\\SettingSync.dll!00007FFD691998C5: (caller: 00007FF62B3C1A69) ReturnHr(2) tid(25f0) 80070002 Не удается найти указанный файл."}
{"EventID": "6509", "Channel": "Microsoft-Windows-SettingSync/Debug", "Provider_Name": "Microsoft-Windows-SettingSync-Desktop", "Computer": "DESKTOP-OFJ6N53", "TimeCreated": "2025-04-10 05:54:15.444519+00:00", "RecordID": "5440", "Level": "2", "UserID": "S-1-5-21-963789628-1060504924-4285088085-1001", "EventData.Message": "shell\\roaming\\settingsync\\explorersettinghandler.cpp(315)\\SettingSync.dll!00007FFD691998DF: (caller: 00007FF62B3C1A69) ReturnHr(3) tid(25f0) 80070002 Не удается найти указанный файл."}
{"EventID": "6509", "Channel": "Microsoft-Windows-SettingSync/Debug", "Provider_Name": "Microsoft-Windows-SettingSync-Desktop", "Computer": "DESKTOP-OFJ6N53", "TimeCreated": "2025-04-10 05:54:15.444538+00:00", "RecordID": "5441", "Level": "2", "UserID": "S-1-5-21-963789628-1060504924-4285088085-1001", "EventData.Message": "shell\\roaming\\settingsync\\explorersettinghandler.cpp(315)\\SettingSync.dll!00007FFD69199920: (caller: 00007FF62B3C1A69) ReturnHr(4) tid(25f0) 80070002 Не удается найти указанный файл."}
{"EventID": "6524", "Channel": "Microsoft-Windows-SettingSync/Debug", "Provider_Name": "Microsoft-Windows-SettingSync", "Computer": "DESKTOP-OFJ6N53", "TimeCreated": "2025-04-10 08:37:40.658186+00:00", "RecordID": "5442", "Level": "4", "UserID": "S-1-5-21-963789628-1060504924-4285088085-1001"}
{"EventID": "6065", "Channel": "Microsoft-Windows-SettingSync/Debug", "Provider_Name": "Microsoft-Windows-SettingSync", "Computer": "DESKTOP-OFJ6N53", "TimeCreated": "2025-04-10 08:37:40.674469+00:00", "RecordID": "5443", "Level": "2", "UserID": "S-1-5-21-963789628-1060504924-4285088085-1001", "EventData.Message": "onecoreuap\\shell\\roaming\\settingsynccore\\settingsyncreporting\\settingsyncreporting.cpp(146)\\SettingSyncCore.dll!00007FFD1A046484: (caller: 00007FFD1A046046) ReturnHr(1) tid(2254) 800708CA Сетевое подключение не существует."}
{"EventID": "6065", "Channel": "Microsoft-Windows-SettingSync/Debug", "Provider_Name": "Microsoft-Windows-SettingSync", "Computer": "DESKTOP-OFJ6N53", "TimeCreated": "2025-04-10 08:37:40.674484+00:00", "RecordID": "5444", "Level": "2", "UserID": "S-1-5-21-963789628-1060504924-4285088085-1001", "EventData.Message": "onecoreuap\\shell\\roaming\\settingsynccore\\settingsyncreporting\\settingsyncreporting.cpp(55)\\SettingSyncCore.dll!00007FFD1A046063: (caller: 00007FFD1A046536) ReturnHr(2) tid(2254) 800708CA Сетевое подключение не существует."}
{"EventID": "6065", "Channel": "Microsoft-Windows-SettingSync/Debug", "Provider_Name": "Microsoft-Windows-SettingSync", "Computer": "DESKTOP-OFJ6N53", "TimeCreated": "2025-04-10 08:37:40.674492+00:00", "RecordID": "5445", "Level": "2", "UserID": "S-1-5-21-963789628-1060504924-4285088085-1001", "EventData.Message": "onecoreuap\\shell\\roaming\\settingsynccore\\settingsyncreporting\\settingsyncreporting.cpp(29)\\SettingSyncCore.dll!00007FFD1A0465B7: (caller: 00007FFD766B8902) ReturnHr(3) tid(2254) 800708CA Сетевое подключение не существует."}
