{"EventID": "62443", "Channel": "Microsoft-Windows-Shell-Core/AppDefaults", "Provider_Name": "Microsoft-Windows-Shell-Core", "Computer": "DESKTOP-OFJ6N53", "TimeCreated": "2025-08-22 15:17:06.087629+00:00", "RecordID": "3031", "Level": "4", "UserID": "S-1-5-18", "EventData.Info": "QueryDefault-Mismatch: Association=.json, ProgId=Applications\\notepad++.exe, S=S-1-5-18, T:2023:06:04:29:13:01, RH=soLOKttHIMs=, CH=PJihzcegvF8="}
{"EventID": "62440", "Channel": "Microsoft-Windows-Shell-Core/AppDefaults", "Provider_Name": "Microsoft-Windows-Shell-Core", "Computer": "DESKTOP-OFJ6N53", "TimeCreated": "2025-08-22 15:17:06.088411+00:00", "RecordID": "3032", "Level": "4", "UserID": "S-1-5-18", "EventData.ExtOrUriScheme": ".json", "EventData.ProgId": "Applications\\notepad++.exe"}
{"EventID": "62443", "Channel": "Microsoft-Windows-Shell-Core/AppDefaults", "Provider_Name": "Microsoft-Windows-Shell-Core", "Computer": "DESKTOP-OFJ6N53", "TimeCreated": "2025-08-22 15:17:06.088415+00:00", "RecordID": "3033", "Level": "4", "UserID": "S-1-5-18", "EventData.Info": "QueryDefault-Mismatch: Association=.json, ProgId=Applications\\notepad++.exe, S=S-1-5-18, T:2023:06:04:29:13:01, RH=soLOKttHIMs=, CH=PJihzcegvF8="}
{"EventID": "62440", "Channel": "Microsoft-Windows-Shell-Core/AppDefaults", "Provider_Name": "Microsoft-Windows-Shell-Core", "Computer": "DESKTOP-OFJ6N53", "TimeCreated": "2025-08-22 15:17:06.093845+00:00", "RecordID": "3034", "Level": "4", "UserID": "S-1-5-18", "EventData.ExtOrUriScheme": ".json", "EventData.ProgId": "Applications\\notepad++.exe"}
{"EventID": "62443", "Channel": "Microsoft-Windows-Shell-Core/AppDefaults", "Provider_Name": "Microsoft-Windows-Shell-Core", "Computer": "DESKTOP-OFJ6N53", "TimeCreated": "2025-08-22 15:17:06.093857+00:00", "RecordID": "3035", "Level": "4", "UserID": "S-1-5-18", "EventData.Info": "QueryDefault-Mismatch: Association=.json, ProgId=Applications\\notepad++.exe, S=S-1-5-18, T:2023:06:04:29:13:01, RH=soLOKttHIMs=, CH=PJihzcegvF8="}
{"EventID": "62440", "Channel": "Microsoft-Windows-Shell-Core/AppDefaults", "Provider_Name": "Microsoft-Windows-Shell-Core", "Computer": "DESKTOP-OFJ6N53", "TimeCreated": "2025-08-22 15:17:06.094650+00:00", "RecordID": "3036", "Level": "4", "UserID": "S-1-5-18", "EventData.ExtOrUriScheme": ".json", "EventData.ProgId": "Applications\\notepad++.exe"}
{"EventID": "62443", "Channel": "Microsoft-Windows-Shell-Core/AppDefaults", "Provider_Name": "Microsoft-Windows-Shell-Core", "Computer": "DESKTOP-OFJ6N53", "TimeCreated": "2025-08-22 15:17:06.094658+00:00", "RecordID": "3037", "Level": "4", "UserID": "S-1-5-18", "EventData.Info": "QueryDefault-Mismatch: Association=.json, ProgId=Applications\\notepad++.exe, S=S-1-5-18, T:2023:06:04:29:13:01, RH=soLOKttHIMs=, CH=PJihzcegvF8="}
{"EventID": "62443", "Channel": "Microsoft-Windows-Shell-Core/AppDefaults", "Provider_Name": "Microsoft-Windows-Shell-Core", "Computer": "DESKTOP-OFJ6N53", "TimeCreated": "2025-08-23 20:34:02.108437+00:00", "RecordID": "3038", "Level": "4", "UserID": "S-1-5-21-963789628-1060504924-4285088085-1001", "EventData.Info": "File Association hash version is still the same"}
{"EventID": "62443", "Channel": "Microsoft-Windows-Shell-Core/AppDefaults", "Provider_Name": "Microsoft-Windows-Shell-Core", "Computer": "DESKTOP-OFJ6N53", "TimeCreated": "2025-08-23 20:34:02.109686+00:00", "RecordID": "3039", "Level": "4", "UserID": "S-1-5-21-963789628-1060504924-4285088085-1001", "EventData.Info": "AppDefaults-Logon-UserProfileLoaded"}
{"EventID": "62443", "Channel": "Microsoft-Windows-Shell-Core/AppDefaults", "Provider_Name": "Microsoft-Windows-Shell-Core", "Computer": "DESKTOP-OFJ6N53", "TimeCreated": "2025-08-23 20:35:38.136623+00:00", "RecordID": "3040", "Level": "4", "UserID": "S-1-5-21-963789628-1060504924-4285088085-1001", "EventData.Info": "Querying default browser info"}
{"EventID": "62443", "Channel": "Microsoft-Windows-Shell-Core/AppDefaults", "Provider_Name": "Microsoft-Windows-Shell-Core", "Computer": "DESKTOP-OFJ6N53", "TimeCreated": "2025-08-23 20:48:48.702251+00:00", "RecordID": "3041", "Level": "4", "UserID": "S-1-5-21-963789628-1060504924-4285088085-1001", "EventData.Info": "Querying default browser info"}
{"EventID": "62440", "Channel": "Microsoft-Windows-Shell-Core/AppDefaults", "Provider_Name": "Microsoft-Windows-Shell-Core", "Computer": "DESKTOP-OFJ6N53", "TimeCreated": "2025-08-24 01:52:07.632923+00:00", "RecordID": "3042", "Level": "4", "UserID": "S-1-5-18", "EventData.ExtOrUriScheme": ".json", "EventData.ProgId": "Applications\\notepad++.exe"}
{"EventID": "62443", "Channel": "Microsoft-Windows-Shell-Core/AppDefaults", "Provider_Name": "Microsoft-Windows-Shell-Core", "Computer": "DESKTOP-OFJ6N53", "TimeCreated": "2025-08-24 01:52:07.632952+00:00", "RecordID": "3043", "Level": "4", "UserID": "S-1-5-18", "EventData.Info": "QueryDefault-Mismatch: Association=.json, ProgId=Applications\\notepad++.exe, S=S-1-5-18, T:2023:06:04:29:13:01, RH=soLOKttHIMs=, CH=PJihzcegvF8="}
{"EventID": "62440", "Channel": "Microsoft-Windows-Shell-Core/AppDefaults", "Provider_Name": "Microsoft-Windows-Shell-Core", "Computer": "DESKTOP-OFJ6N53", "TimeCreated": "2025-08-24 01:52:07.633947+00:00", "RecordID": "3044", "Level": "4", "UserID": "S-1-5-18", "EventData.ExtOrUriScheme": ".json", "EventData.ProgId": "Applications\\notepad++.exe"}
{"EventID": "62443", "Channel": "Microsoft-Windows-Shell-Core/AppDefaults", "Provider_Name": "Microsoft-Windows-Shell-Core", "Computer": "DESKTOP-OFJ6N53", "TimeCreated": "2025-08-24 01:52:07.633955+00:00", "RecordID": "3045", "Level": "4", "UserID": "S-1-5-18", "EventData.Info": "QueryDefault-Mismatch: Association=.json, ProgId=Applications\\notepad++.exe, S=S-1-5-18, T:2023:06:04:29:13:01, RH=soLOKttHIMs=, CH=PJihzcegvF8="}
{"EventID": "62440", "Channel": "Microsoft-Windows-Shell-Core/AppDefaults", "Provider_Name": "Microsoft-Windows-Shell-Core", "Computer": "DESKTOP-OFJ6N53", "TimeCreated": "2025-08-24 01:52:07.636286+00:00", "RecordID": "3046", "Level": "4", "UserID": "S-1-5-18", "EventData.ExtOrUriScheme": ".json", "EventData.ProgId": "Applications\\notepad++.exe"}
{"EventID": "62443", "Channel": "Microsoft-Windows-Shell-Core/AppDefaults", "Provider_Name": "Microsoft-Windows-Shell-Core", "Computer": "DESKTOP-OFJ6N53", "TimeCreated": "2025-08-24 01:52:07.636292+00:00", "RecordID": "3047", "Level": "4", "UserID": "S-1-5-18", "EventData.Info": "QueryDefault-Mismatch: Association=.json, ProgId=Applications\\notepad++.exe, S=S-1-5-18, T:2023:06:04:29:13:01, RH=soLOKttHIMs=, CH=PJihzcegvF8="}
{"EventID": "62440", "Channel": "Microsoft-Windows-Shell-Core/AppDefaults", "Provider_Name": "Microsoft-Windows-Shell-Core", "Computer": "DESKTOP-OFJ6N53", "TimeCreated": "2025-08-24 01:52:07.641335+00:00", "RecordID": "3048", "Level": "4", "UserID": "S-1-5-18", "EventData.ExtOrUriScheme": ".json", "EventData.ProgId": "Applications\\notepad++.exe"}
{"EventID": "62443", "Channel": "Microsoft-Windows-Shell-Core/AppDefaults", "Provider_Name": "Microsoft-Windows-Shell-Core", "Computer": "DESKTOP-OFJ6N53", "TimeCreated": "2025-08-24 01:52:07.641342+00:00", "RecordID": "3049", "Level": "4", "UserID": "S-1-5-18", "EventData.Info": "QueryDefault-Mismatch: Association=.json, ProgId=Applications\\notepad++.exe, S=S-1-5-18, T:2023:06:04:29:13:01, RH=soLOKttHIMs=, CH=PJihzcegvF8="}
{"EventID": "62440", "Channel": "Microsoft-Windows-Shell-Core/AppDefaults", "Provider_Name": "Microsoft-Windows-Shell-Core", "Computer": "DESKTOP-OFJ6N53", "TimeCreated": "2025-08-24 01:52:07.642027+00:00", "RecordID": "3050", "Level": "4", "UserID": "S-1-5-18", "EventData.ExtOrUriScheme": ".json", "EventData.ProgId": "Applications\\notepad++.exe"}
{"EventID": "62443", "Channel": "Microsoft-Windows-Shell-Core/AppDefaults", "Provider_Name": "Microsoft-Windows-Shell-Core", "Computer": "DESKTOP-OFJ6N53", "TimeCreated": "2025-08-24 01:52:07.642033+00:00", "RecordID": "3051", "Level": "4", "UserID": "S-1-5-18", "EventData.Info": "QueryDefault-Mismatch: Association=.json, ProgId=Applications\\notepad++.exe, S=S-1-5-18, T:2023:06:04:29:13:01, RH=soLOKttHIMs=, CH=PJihzcegvF8="}
{"EventID": "62440", "Channel": "Microsoft-Windows-Shell-Core/AppDefaults", "Provider_Name": "Microsoft-Windows-Shell-Core", "Computer": "DESKTOP-OFJ6N53", "TimeCreated": "2025-08-24 01:52:07.654816+00:00", "RecordID": "3052", "Level": "4", "UserID": "S-1-5-18", "EventData.ExtOrUriScheme": ".json", "EventData.ProgId": "Applications\\notepad++.exe"}
{"EventID": "62443", "Channel": "Microsoft-Windows-Shell-Core/AppDefaults", "Provider_Name": "Microsoft-Windows-Shell-Core", "Computer": "DESKTOP-OFJ6N53", "TimeCreated": "2025-08-24 01:52:07.654827+00:00", "RecordID": "3053", "Level": "4", "UserID": "S-1-5-18", "EventData.Info": "QueryDefault-Mismatch: Association=.json, ProgId=Applications\\notepad++.exe, S=S-1-5-18, T:2023:06:04:29:13:01, RH=soLOKttHIMs=, CH=PJihzcegvF8="}
{"EventID": "62440", "Channel": "Microsoft-Windows-Shell-Core/AppDefaults", "Provider_Name": "Microsoft-Windows-Shell-Core", "Computer": "DESKTOP-OFJ6N53", "TimeCreated": "2025-08-24 01:52:07.655657+00:00", "RecordID": "3054", "Level": "4", "UserID": "S-1-5-18", "EventData.ExtOrUriScheme": ".json", "EventData.ProgId": "Applications\\notepad++.exe"}
{"EventID": "62443", "Channel": "Microsoft-Windows-Shell-Core/AppDefaults", "Provider_Name": "Microsoft-Windows-Shell-Core", "Computer": "DESKTOP-OFJ6N53", "TimeCreated": "2025-08-24 01:52:07.655664+00:00", "RecordID": "3055", "Level": "4", "UserID": "S-1-5-18", "EventData.Info": "QueryDefault-Mismatch: Association=.json, ProgId=Applications\\notepad++.exe, S=S-1-5-18, T:2023:06:04:29:13:01, RH=soLOKttHIMs=, CH=PJihzcegvF8="}
{"EventID": "62440", "Channel": "Microsoft-Windows-Shell-Core/AppDefaults", "Provider_Name": "Microsoft-Windows-Shell-Core", "Computer": "DESKTOP-OFJ6N53", "TimeCreated": "2025-08-24 01:52:07.660280+00:00", "RecordID": "3056", "Level": "4", "UserID": "S-1-5-18", "EventData.ExtOrUriScheme": ".json", "EventData.ProgId": "Applications\\notepad++.exe"}
{"EventID": "62443", "Channel": "Microsoft-Windows-Shell-Core/AppDefaults", "Provider_Name": "Microsoft-Windows-Shell-Core", "Computer": "DESKTOP-OFJ6N53", "TimeCreated": "2025-08-24 01:52:07.660288+00:00", "RecordID": "3057", "Level": "4", "UserID": "S-1-5-18", "EventData.Info": "QueryDefault-Mismatch: Association=.json, ProgId=Applications\\notepad++.exe, S=S-1-5-18, T:2023:06:04:29:13:01, RH=soLOKttHIMs=, CH=PJihzcegvF8="}
{"EventID": "62440", "Channel": "Microsoft-Windows-Shell-Core/AppDefaults", "Provider_Name": "Microsoft-Windows-Shell-Core", "Computer": "DESKTOP-OFJ6N53", "TimeCreated": "2025-08-24 01:52:07.660847+00:00", "RecordID": "3058", "Level": "4", "UserID": "S-1-5-18", "EventData.ExtOrUriScheme": ".json", "EventData.ProgId": "Applications\\notepad++.exe"}
{"EventID": "62443", "Channel": "Microsoft-Windows-Shell-Core/AppDefaults", "Provider_Name": "Microsoft-Windows-Shell-Core", "Computer": "DESKTOP-OFJ6N53", "TimeCreated": "2025-08-24 01:52:07.660854+00:00", "RecordID": "3059", "Level": "4", "UserID": "S-1-5-18", "EventData.Info": "QueryDefault-Mismatch: Association=.json, ProgId=Applications\\notepad++.exe, S=S-1-5-18, T:2023:06:04:29:13:01, RH=soLOKttHIMs=, CH=PJihzcegvF8="}
{"EventID": "62440", "Channel": "Microsoft-Windows-Shell-Core/AppDefaults", "Provider_Name": "Microsoft-Windows-Shell-Core", "Computer": "DESKTOP-OFJ6N53", "TimeCreated": "2025-08-24 20:53:48.183130+00:00", "RecordID": "3060", "Level": "4", "UserID": "S-1-5-18", "EventData.ExtOrUriScheme": ".json", "EventData.ProgId": "Applications\\notepad++.exe"}
{"EventID": "62443", "Channel": "Microsoft-Windows-Shell-Core/AppDefaults", "Provider_Name": "Microsoft-Windows-Shell-Core", "Computer": "DESKTOP-OFJ6N53", "TimeCreated": "2025-08-24 20:53:48.183174+00:00", "RecordID": "3061", "Level": "4", "UserID": "S-1-5-18", "EventData.Info": "QueryDefault-Mismatch: Association=.json, ProgId=Applications\\notepad++.exe, S=S-1-5-18, T:2023:06:04:29:13:01, RH=soLOKttHIMs=, CH=PJihzcegvF8="}
{"EventID": "62440", "Channel": "Microsoft-Windows-Shell-Core/AppDefaults", "Provider_Name": "Microsoft-Windows-Shell-Core", "Computer": "DESKTOP-OFJ6N53", "TimeCreated": "2025-08-24 20:53:48.183989+00:00", "RecordID": "3062", "Level": "4", "UserID": "S-1-5-18", "EventData.ExtOrUriScheme": ".json", "EventData.ProgId": "Applications\\notepad++.exe"}
{"EventID": "62443", "Channel": "Microsoft-Windows-Shell-Core/AppDefaults", "Provider_Name": "Microsoft-Windows-Shell-Core", "Computer": "DESKTOP-OFJ6N53", "TimeCreated": "2025-08-24 20:53:48.183998+00:00", "RecordID": "3063", "Level": "4", "UserID": "S-1-5-18", "EventData.Info": "QueryDefault-Mismatch: Association=.json, ProgId=Applications\\notepad++.exe, S=S-1-5-18, T:2023:06:04:29:13:01, RH=soLOKttHIMs=, CH=PJihzcegvF8="}
{"EventID": "62440", "Channel": "Microsoft-Windows-Shell-Core/AppDefaults", "Provider_Name": "Microsoft-Windows-Shell-Core", "Computer": "DESKTOP-OFJ6N53", "TimeCreated": "2025-08-24 20:53:48.186354+00:00", "RecordID": "3064", "Level": "4", "UserID": "S-1-5-18", "EventData.ExtOrUriScheme": ".json", "EventData.ProgId": "Applications\\notepad++.exe"}
{"EventID": "62443", "Channel": "Microsoft-Windows-Shell-Core/AppDefaults", "Provider_Name": "Microsoft-Windows-Shell-Core", "Computer": "DESKTOP-OFJ6N53", "TimeCreated": "2025-08-24 20:53:48.186363+00:00", "RecordID": "3065", "Level": "4", "UserID": "S-1-5-18", "EventData.Info": "QueryDefault-Mismatch: Association=.json, ProgId=Applications\\notepad++.exe, S=S-1-5-18, T:2023:06:04:29:13:01, RH=soLOKttHIMs=, CH=PJihzcegvF8="}
{"EventID": "62440", "Channel": "Microsoft-Windows-Shell-Core/AppDefaults", "Provider_Name": "Microsoft-Windows-Shell-Core", "Computer": "DESKTOP-OFJ6N53", "TimeCreated": "2025-08-24 20:53:48.191078+00:00", "RecordID": "3066", "Level": "4", "UserID": "S-1-5-18", "EventData.ExtOrUriScheme": ".json", "EventData.ProgId": "Applications\\notepad++.exe"}
{"EventID": "62443", "Channel": "Microsoft-Windows-Shell-Core/AppDefaults", "Provider_Name": "Microsoft-Windows-Shell-Core", "Computer": "DESKTOP-OFJ6N53", "TimeCreated": "2025-08-24 20:53:48.191084+00:00", "RecordID": "3067", "Level": "4", "UserID": "S-1-5-18", "EventData.Info": "QueryDefault-Mismatch: Association=.json, ProgId=Applications\\notepad++.exe, S=S-1-5-18, T:2023:06:04:29:13:01, RH=soLOKttHIMs=, CH=PJihzcegvF8="}
{"EventID": "62440", "Channel": "Microsoft-Windows-Shell-Core/AppDefaults", "Provider_Name": "Microsoft-Windows-Shell-Core", "Computer": "DESKTOP-OFJ6N53", "TimeCreated": "2025-08-24 20:53:48.191669+00:00", "RecordID": "3068", "Level": "4", "UserID": "S-1-5-18", "EventData.ExtOrUriScheme": ".json", "EventData.ProgId": "Applications\\notepad++.exe"}
{"EventID": "62443", "Channel": "Microsoft-Windows-Shell-Core/AppDefaults", "Provider_Name": "Microsoft-Windows-Shell-Core", "Computer": "DESKTOP-OFJ6N53", "TimeCreated": "2025-08-24 20:53:48.191677+00:00", "RecordID": "3069", "Level": "4", "UserID": "S-1-5-18", "EventData.Info": "QueryDefault-Mismatch: Association=.json, ProgId=Applications\\notepad++.exe, S=S-1-5-18, T:2023:06:04:29:13:01, RH=soLOKttHIMs=, CH=PJihzcegvF8="}
{"EventID": "62440", "Channel": "Microsoft-Windows-Shell-Core/AppDefaults", "Provider_Name": "Microsoft-Windows-Shell-Core", "Computer": "DESKTOP-OFJ6N53", "TimeCreated": "2025-08-24 20:53:48.205042+00:00", "RecordID": "3070", "Level": "4", "UserID": "S-1-5-18", "EventData.ExtOrUriScheme": ".json", "EventData.ProgId": "Applications\\notepad++.exe"}
{"EventID": "62443", "Channel": "Microsoft-Windows-Shell-Core/AppDefaults", "Provider_Name": "Microsoft-Windows-Shell-Core", "Computer": "DESKTOP-OFJ6N53", "TimeCreated": "2025-08-24 20:53:48.205051+00:00", "RecordID": "3071", "Level": "4", "UserID": "S-1-5-18", "EventData.Info": "QueryDefault-Mismatch: Association=.json, ProgId=Applications\\notepad++.exe, S=S-1-5-18, T:2023:06:04:29:13:01, RH=soLOKttHIMs=, CH=PJihzcegvF8="}
{"EventID": "62440", "Channel": "Microsoft-Windows-Shell-Core/AppDefaults", "Provider_Name": "Microsoft-Windows-Shell-Core", "Computer": "DESKTOP-OFJ6N53", "TimeCreated": "2025-08-24 20:53:48.205557+00:00", "RecordID": "3072", "Level": "4", "UserID": "S-1-5-18", "EventData.ExtOrUriScheme": ".json", "EventData.ProgId": "Applications\\notepad++.exe"}
{"EventID": "62443", "Channel": "Microsoft-Windows-Shell-Core/AppDefaults", "Provider_Name": "Microsoft-Windows-Shell-Core", "Computer": "DESKTOP-OFJ6N53", "TimeCreated": "2025-08-24 20:53:48.205563+00:00", "RecordID": "3073", "Level": "4", "UserID": "S-1-5-18", "EventData.Info": "QueryDefault-Mismatch: Association=.json, ProgId=Applications\\notepad++.exe, S=S-1-5-18, T:2023:06:04:29:13:01, RH=soLOKttHIMs=, CH=PJihzcegvF8="}
{"EventID": "62440", "Channel": "Microsoft-Windows-Shell-Core/AppDefaults", "Provider_Name": "Microsoft-Windows-Shell-Core", "Computer": "DESKTOP-OFJ6N53", "TimeCreated": "2025-08-24 20:53:48.210135+00:00", "RecordID": "3074", "Level": "4", "UserID": "S-1-5-18", "EventData.ExtOrUriScheme": ".json", "EventData.ProgId": "Applications\\notepad++.exe"}
{"EventID": "62443", "Channel": "Microsoft-Windows-Shell-Core/AppDefaults", "Provider_Name": "Microsoft-Windows-Shell-Core", "Computer": "DESKTOP-OFJ6N53", "TimeCreated": "2025-08-24 20:53:48.210142+00:00", "RecordID": "3075", "Level": "4", "UserID": "S-1-5-18", "EventData.Info": "QueryDefault-Mismatch: Association=.json, ProgId=Applications\\notepad++.exe, S=S-1-5-18, T:2023:06:04:29:13:01, RH=soLOKttHIMs=, CH=PJihzcegvF8="}
{"EventID": "62440", "Channel": "Microsoft-Windows-Shell-Core/AppDefaults", "Provider_Name": "Microsoft-Windows-Shell-Core", "Computer": "DESKTOP-OFJ6N53", "TimeCreated": "2025-08-24 20:53:48.210819+00:00", "RecordID": "3076", "Level": "4", "UserID": "S-1-5-18", "EventData.ExtOrUriScheme": ".json", "EventData.ProgId": "Applications\\notepad++.exe"}
{"EventID": "62443", "Channel": "Microsoft-Windows-Shell-Core/AppDefaults", "Provider_Name": "Microsoft-Windows-Shell-Core", "Computer": "DESKTOP-OFJ6N53", "TimeCreated": "2025-08-24 20:53:48.210829+00:00", "RecordID": "3077", "Level": "4", "UserID": "S-1-5-18", "EventData.Info": "QueryDefault-Mismatch: Association=.json, ProgId=Applications\\notepad++.exe, S=S-1-5-18, T:2023:06:04:29:13:01, RH=soLOKttHIMs=, CH=PJihzcegvF8="}
{"EventID": "62443", "Channel": "Microsoft-Windows-Shell-Core/AppDefaults", "Provider_Name": "Microsoft-Windows-Shell-Core", "Computer": "DESKTOP-OFJ6N53", "TimeCreated": "2025-08-25 17:34:35.375015+00:00", "RecordID": "3078", "Level": "4", "UserID": "S-1-5-21-963789628-1060504924-4285088085-1001", "EventData.Info": "SetDefault: Association=.ndjson, ProgId=Applications\\notepad++.exe"}
{"EventID": "62443", "Channel": "Microsoft-Windows-Shell-Core/AppDefaults", "Provider_Name": "Microsoft-Windows-Shell-Core", "Computer": "DESKTOP-OFJ6N53", "TimeCreated": "2025-08-25 17:34:35.377314+00:00", "RecordID": "3079", "Level": "4", "UserID": "S-1-5-21-963789628-1060504924-4285088085-1001", "EventData.Info": "SetDefault-Info: Association=.ndjson, ProgId=Applications\\notepad++.exe, U=S-1-5-21-963789628-1060504924-4285088085-1001, T=2025:08:01:25:17:34, H=rQvRDUArz5A="}
{"EventID": "62440", "Channel": "Microsoft-Windows-Shell-Core/AppDefaults", "Provider_Name": "Microsoft-Windows-Shell-Core", "Computer": "DESKTOP-OFJ6N53", "TimeCreated": "2025-08-26 00:38:28.840405+00:00", "RecordID": "3080", "Level": "4", "UserID": "S-1-5-18", "EventData.ExtOrUriScheme": ".json", "EventData.ProgId": "Applications\\notepad++.exe"}
{"EventID": "62443", "Channel": "Microsoft-Windows-Shell-Core/AppDefaults", "Provider_Name": "Microsoft-Windows-Shell-Core", "Computer": "DESKTOP-OFJ6N53", "TimeCreated": "2025-08-26 00:38:28.840431+00:00", "RecordID": "3081", "Level": "4", "UserID": "S-1-5-18", "EventData.Info": "QueryDefault-Mismatch: Association=.json, ProgId=Applications\\notepad++.exe, S=S-1-5-18, T:2023:06:04:29:13:01, RH=soLOKttHIMs=, CH=PJihzcegvF8="}
{"EventID": "62440", "Channel": "Microsoft-Windows-Shell-Core/AppDefaults", "Provider_Name": "Microsoft-Windows-Shell-Core", "Computer": "DESKTOP-OFJ6N53", "TimeCreated": "2025-08-26 00:38:28.841248+00:00", "RecordID": "3082", "Level": "4", "UserID": "S-1-5-18", "EventData.ExtOrUriScheme": ".json", "EventData.ProgId": "Applications\\notepad++.exe"}
{"EventID": "62443", "Channel": "Microsoft-Windows-Shell-Core/AppDefaults", "Provider_Name": "Microsoft-Windows-Shell-Core", "Computer": "DESKTOP-OFJ6N53", "TimeCreated": "2025-08-26 00:38:28.841255+00:00", "RecordID": "3083", "Level": "4", "UserID": "S-1-5-18", "EventData.Info": "QueryDefault-Mismatch: Association=.json, ProgId=Applications\\notepad++.exe, S=S-1-5-18, T:2023:06:04:29:13:01, RH=soLOKttHIMs=, CH=PJihzcegvF8="}
{"EventID": "62440", "Channel": "Microsoft-Windows-Shell-Core/AppDefaults", "Provider_Name": "Microsoft-Windows-Shell-Core", "Computer": "DESKTOP-OFJ6N53", "TimeCreated": "2025-08-26 00:38:28.843813+00:00", "RecordID": "3084", "Level": "4", "UserID": "S-1-5-18", "EventData.ExtOrUriScheme": ".json", "EventData.ProgId": "Applications\\notepad++.exe"}
{"EventID": "62443", "Channel": "Microsoft-Windows-Shell-Core/AppDefaults", "Provider_Name": "Microsoft-Windows-Shell-Core", "Computer": "DESKTOP-OFJ6N53", "TimeCreated": "2025-08-26 00:38:28.843822+00:00", "RecordID": "3085", "Level": "4", "UserID": "S-1-5-18", "EventData.Info": "QueryDefault-Mismatch: Association=.json, ProgId=Applications\\notepad++.exe, S=S-1-5-18, T:2023:06:04:29:13:01, RH=soLOKttHIMs=, CH=PJihzcegvF8="}
{"EventID": "62440", "Channel": "Microsoft-Windows-Shell-Core/AppDefaults", "Provider_Name": "Microsoft-Windows-Shell-Core", "Computer": "DESKTOP-OFJ6N53", "TimeCreated": "2025-08-26 00:38:28.849239+00:00", "RecordID": "3086", "Level": "4", "UserID": "S-1-5-18", "EventData.ExtOrUriScheme": ".json", "EventData.ProgId": "Applications\\notepad++.exe"}
{"EventID": "62443", "Channel": "Microsoft-Windows-Shell-Core/AppDefaults", "Provider_Name": "Microsoft-Windows-Shell-Core", "Computer": "DESKTOP-OFJ6N53", "TimeCreated": "2025-08-26 00:38:28.849251+00:00", "RecordID": "3087", "Level": "4", "UserID": "S-1-5-18", "EventData.Info": "QueryDefault-Mismatch: Association=.json, ProgId=Applications\\notepad++.exe, S=S-1-5-18, T:2023:06:04:29:13:01, RH=soLOKttHIMs=, CH=PJihzcegvF8="}
{"EventID": "62440", "Channel": "Microsoft-Windows-Shell-Core/AppDefaults", "Provider_Name": "Microsoft-Windows-Shell-Core", "Computer": "DESKTOP-OFJ6N53", "TimeCreated": "2025-08-26 00:38:28.850119+00:00", "RecordID": "3088", "Level": "4", "UserID": "S-1-5-18", "EventData.ExtOrUriScheme": ".json", "EventData.ProgId": "Applications\\notepad++.exe"}
{"EventID": "62443", "Channel": "Microsoft-Windows-Shell-Core/AppDefaults", "Provider_Name": "Microsoft-Windows-Shell-Core", "Computer": "DESKTOP-OFJ6N53", "TimeCreated": "2025-08-26 00:38:28.850128+00:00", "RecordID": "3089", "Level": "4", "UserID": "S-1-5-18", "EventData.Info": "QueryDefault-Mismatch: Association=.json, ProgId=Applications\\notepad++.exe, S=S-1-5-18, T:2023:06:04:29:13:01, RH=soLOKttHIMs=, CH=PJihzcegvF8="}
{"EventID": "62440", "Channel": "Microsoft-Windows-Shell-Core/AppDefaults", "Provider_Name": "Microsoft-Windows-Shell-Core", "Computer": "DESKTOP-OFJ6N53", "TimeCreated": "2025-08-26 00:38:28.862471+00:00", "RecordID": "3090", "Level": "4", "UserID": "S-1-5-18", "EventData.ExtOrUriScheme": ".json", "EventData.ProgId": "Applications\\notepad++.exe"}
{"EventID": "62443", "Channel": "Microsoft-Windows-Shell-Core/AppDefaults", "Provider_Name": "Microsoft-Windows-Shell-Core", "Computer": "DESKTOP-OFJ6N53", "TimeCreated": "2025-08-26 00:38:28.862476+00:00", "RecordID": "3091", "Level": "4", "UserID": "S-1-5-18", "EventData.Info": "QueryDefault-Mismatch: Association=.json, ProgId=Applications\\notepad++.exe, S=S-1-5-18, T:2023:06:04:29:13:01, RH=soLOKttHIMs=, CH=PJihzcegvF8="}
{"EventID": "62440", "Channel": "Microsoft-Windows-Shell-Core/AppDefaults", "Provider_Name": "Microsoft-Windows-Shell-Core", "Computer": "DESKTOP-OFJ6N53", "TimeCreated": "2025-08-26 00:38:28.863205+00:00", "RecordID": "3092", "Level": "4", "UserID": "S-1-5-18", "EventData.ExtOrUriScheme": ".json", "EventData.ProgId": "Applications\\notepad++.exe"}
{"EventID": "62443", "Channel": "Microsoft-Windows-Shell-Core/AppDefaults", "Provider_Name": "Microsoft-Windows-Shell-Core", "Computer": "DESKTOP-OFJ6N53", "TimeCreated": "2025-08-26 00:38:28.863209+00:00", "RecordID": "3093", "Level": "4", "UserID": "S-1-5-18", "EventData.Info": "QueryDefault-Mismatch: Association=.json, ProgId=Applications\\notepad++.exe, S=S-1-5-18, T:2023:06:04:29:13:01, RH=soLOKttHIMs=, CH=PJihzcegvF8="}
{"EventID": "62440", "Channel": "Microsoft-Windows-Shell-Core/AppDefaults", "Provider_Name": "Microsoft-Windows-Shell-Core", "Computer": "DESKTOP-OFJ6N53", "TimeCreated": "2025-08-26 00:38:28.869144+00:00", "RecordID": "3094", "Level": "4", "UserID": "S-1-5-18", "EventData.ExtOrUriScheme": ".json", "EventData.ProgId": "Applications\\notepad++.exe"}
{"EventID": "62443", "Channel": "Microsoft-Windows-Shell-Core/AppDefaults", "Provider_Name": "Microsoft-Windows-Shell-Core", "Computer": "DESKTOP-OFJ6N53", "TimeCreated": "2025-08-26 00:38:28.869154+00:00", "RecordID": "3095", "Level": "4", "UserID": "S-1-5-18", "EventData.Info": "QueryDefault-Mismatch: Association=.json, ProgId=Applications\\notepad++.exe, S=S-1-5-18, T:2023:06:04:29:13:01, RH=soLOKttHIMs=, CH=PJihzcegvF8="}
{"EventID": "62440", "Channel": "Microsoft-Windows-Shell-Core/AppDefaults", "Provider_Name": "Microsoft-Windows-Shell-Core", "Computer": "DESKTOP-OFJ6N53", "TimeCreated": "2025-08-26 00:38:28.869740+00:00", "RecordID": "3096", "Level": "4", "UserID": "S-1-5-18", "EventData.ExtOrUriScheme": ".json", "EventData.ProgId": "Applications\\notepad++.exe"}
{"EventID": "62443", "Channel": "Microsoft-Windows-Shell-Core/AppDefaults", "Provider_Name": "Microsoft-Windows-Shell-Core", "Computer": "DESKTOP-OFJ6N53", "TimeCreated": "2025-08-26 00:38:28.869747+00:00", "RecordID": "3097", "Level": "4", "UserID": "S-1-5-18", "EventData.Info": "QueryDefault-Mismatch: Association=.json, ProgId=Applications\\notepad++.exe, S=S-1-5-18, T:2023:06:04:29:13:01, RH=soLOKttHIMs=, CH=PJihzcegvF8="}
{"EventID": "62440", "Channel": "Microsoft-Windows-Shell-Core/AppDefaults", "Provider_Name": "Microsoft-Windows-Shell-Core", "Computer": "DESKTOP-OFJ6N53", "TimeCreated": "2024-02-11 00:28:21.427605+00:00", "RecordID": "1239", "Level": "4", "UserID": "S-1-5-18", "EventData.ExtOrUriScheme": ".html", "EventData.ProgId": "MSEdgeHTM"}
{"EventID": "62443", "Channel": "Microsoft-Windows-Shell-Core/AppDefaults", "Provider_Name": "Microsoft-Windows-Shell-Core", "Computer": "DESKTOP-OFJ6N53", "TimeCreated": "2024-02-11 00:28:21.427618+00:00", "RecordID": "1240", "Level": "4", "UserID": "S-1-5-18", "EventData.Info": "QueryDefault-Mismatch: Association=.html, ProgId=MSEdgeHTM, S=S-1-5-18, T:2022:02:04:24:09:08, RH=9HsWGZun8VE=, CH=GUg/ybGw00o="}
{"EventID": "62440", "Channel": "Microsoft-Windows-Shell-Core/AppDefaults", "Provider_Name": "Microsoft-Windows-Shell-Core", "Computer": "DESKTOP-OFJ6N53", "TimeCreated": "2024-02-12 01:42:53.474857+00:00", "RecordID": "1241", "Level": "4", "UserID": "S-1-5-18", "EventData.ExtOrUriScheme": ".url", "EventData.ProgId": "IE.AssocFile.URL"}
{"EventID": "62443", "Channel": "Microsoft-Windows-Shell-Core/AppDefaults", "Provider_Name": "Microsoft-Windows-Shell-Core", "Computer": "DESKTOP-OFJ6N53", "TimeCreated": "2024-02-12 01:42:53.475571+00:00", "RecordID": "1242", "Level": "4", "UserID": "S-1-5-18", "EventData.Info": "QueryDefault-Mismatch: Association=.url, ProgId=IE.AssocFile.URL, S=S-1-5-18, T:2022:02:04:24:09:08, RH=3gz22dmDZ9k=, CH=IjkkKOTxZ78="}
{"EventID": "62440", "Channel": "Microsoft-Windows-Shell-Core/AppDefaults", "Provider_Name": "Microsoft-Windows-Shell-Core", "Computer": "DESKTOP-OFJ6N53", "TimeCreated": "2024-02-12 01:42:53.751606+00:00", "RecordID": "1243", "Level": "4", "UserID": "S-1-5-18", "EventData.ExtOrUriScheme": ".html", "EventData.ProgId": "MSEdgeHTM"}
{"EventID": "62443", "Channel": "Microsoft-Windows-Shell-Core/AppDefaults", "Provider_Name": "Microsoft-Windows-Shell-Core", "Computer": "DESKTOP-OFJ6N53", "TimeCreated": "2024-02-12 01:42:53.751617+00:00", "RecordID": "1244", "Level": "4", "UserID": "S-1-5-18", "EventData.Info": "QueryDefault-Mismatch: Association=.html, ProgId=MSEdgeHTM, S=S-1-5-18, T:2022:02:04:24:09:08, RH=9HsWGZun8VE=, CH=GUg/ybGw00o="}
{"EventID": "62440", "Channel": "Microsoft-Windows-Shell-Core/AppDefaults", "Provider_Name": "Microsoft-Windows-Shell-Core", "Computer": "DESKTOP-OFJ6N53", "TimeCreated": "2024-02-14 00:18:15.226957+00:00", "RecordID": "1245", "Level": "4", "UserID": "S-1-5-18", "EventData.ExtOrUriScheme": ".url", "EventData.ProgId": "IE.AssocFile.URL"}
{"EventID": "62443", "Channel": "Microsoft-Windows-Shell-Core/AppDefaults", "Provider_Name": "Microsoft-Windows-Shell-Core", "Computer": "DESKTOP-OFJ6N53", "TimeCreated": "2024-02-14 00:18:15.226980+00:00", "RecordID": "1246", "Level": "4", "UserID": "S-1-5-18", "EventData.Info": "QueryDefault-Mismatch: Association=.url, ProgId=IE.AssocFile.URL, S=S-1-5-18, T:2022:02:04:24:09:08, RH=3gz22dmDZ9k=, CH=IjkkKOTxZ78="}
{"EventID": "62440", "Channel": "Microsoft-Windows-Shell-Core/AppDefaults", "Provider_Name": "Microsoft-Windows-Shell-Core", "Computer": "DESKTOP-OFJ6N53", "TimeCreated": "2024-02-14 00:18:15.509375+00:00", "RecordID": "1247", "Level": "4", "UserID": "S-1-5-18", "EventData.ExtOrUriScheme": ".html", "EventData.ProgId": "MSEdgeHTM"}
{"EventID": "62443", "Channel": "Microsoft-Windows-Shell-Core/AppDefaults", "Provider_Name": "Microsoft-Windows-Shell-Core", "Computer": "DESKTOP-OFJ6N53", "TimeCreated": "2024-02-14 00:18:15.509388+00:00", "RecordID": "1248", "Level": "4", "UserID": "S-1-5-18", "EventData.Info": "QueryDefault-Mismatch: Association=.html, ProgId=MSEdgeHTM, S=S-1-5-18, T:2022:02:04:24:09:08, RH=9HsWGZun8VE=, CH=GUg/ybGw00o="}
{"EventID": "62440", "Channel": "Microsoft-Windows-Shell-Core/AppDefaults", "Provider_Name": "Microsoft-Windows-Shell-Core", "Computer": "DESKTOP-OFJ6N53", "TimeCreated": "2024-02-15 00:37:12.473896+00:00", "RecordID": "1249", "Level": "4", "UserID": "S-1-5-18", "EventData.ExtOrUriScheme": ".url", "EventData.ProgId": "IE.AssocFile.URL"}
{"EventID": "62443", "Channel": "Microsoft-Windows-Shell-Core/AppDefaults", "Provider_Name": "Microsoft-Windows-Shell-Core", "Computer": "DESKTOP-OFJ6N53", "TimeCreated": "2024-02-15 00:37:12.474400+00:00", "RecordID": "1250", "Level": "4", "UserID": "S-1-5-18", "EventData.Info": "QueryDefault-Mismatch: Association=.url, ProgId=IE.AssocFile.URL, S=S-1-5-18, T:2022:02:04:24:09:08, RH=3gz22dmDZ9k=, CH=IjkkKOTxZ78="}
{"EventID": "62440", "Channel": "Microsoft-Windows-Shell-Core/AppDefaults", "Provider_Name": "Microsoft-Windows-Shell-Core", "Computer": "DESKTOP-OFJ6N53", "TimeCreated": "2024-02-15 00:37:12.621126+00:00", "RecordID": "1251", "Level": "4", "UserID": "S-1-5-18", "EventData.ExtOrUriScheme": ".html", "EventData.ProgId": "MSEdgeHTM"}
{"EventID": "62443", "Channel": "Microsoft-Windows-Shell-Core/AppDefaults", "Provider_Name": "Microsoft-Windows-Shell-Core", "Computer": "DESKTOP-OFJ6N53", "TimeCreated": "2024-02-15 00:37:12.621149+00:00", "RecordID": "1252", "Level": "4", "UserID": "S-1-5-18", "EventData.Info": "QueryDefault-Mismatch: Association=.html, ProgId=MSEdgeHTM, S=S-1-5-18, T:2022:02:04:24:09:08, RH=9HsWGZun8VE=, CH=GUg/ybGw00o="}
{"EventID": "62443", "Channel": "Microsoft-Windows-Shell-Core/AppDefaults", "Provider_Name": "Microsoft-Windows-Shell-Core", "Computer": "DESKTOP-OFJ6N53", "TimeCreated": "2024-02-15 15:30:09.912510+00:00", "RecordID": "1253", "Level": "4", "UserID": "S-1-5-21-963789628-1060504924-4285088085-1001", "EventData.Info": "File Association hash version is still the same"}
{"EventID": "62443", "Channel": "Microsoft-Windows-Shell-Core/AppDefaults", "Provider_Name": "Microsoft-Windows-Shell-Core", "Computer": "DESKTOP-OFJ6N53", "TimeCreated": "2024-02-15 15:30:09.913548+00:00", "RecordID": "1254", "Level": "4", "UserID": "S-1-5-21-963789628-1060504924-4285088085-1001", "EventData.Info": "AppDefaults-Logon-UserProfileLoaded"}
{"EventID": "62443", "Channel": "Microsoft-Windows-Shell-Core/AppDefaults", "Provider_Name": "Microsoft-Windows-Shell-Core", "Computer": "DESKTOP-OFJ6N53", "TimeCreated": "2024-02-15 15:33:37.369349+00:00", "RecordID": "1255", "Level": "4", "UserID": "S-1-5-21-963789628-1060504924-4285088085-1001", "EventData.Info": "Querying default browser info"}
{"EventID": "62443", "Channel": "Microsoft-Windows-Shell-Core/AppDefaults", "Provider_Name": "Microsoft-Windows-Shell-Core", "Computer": "DESKTOP-OFJ6N53", "TimeCreated": "2024-02-15 15:45:07.372250+00:00", "RecordID": "1256", "Level": "4", "UserID": "S-1-5-21-963789628-1060504924-4285088085-1001", "EventData.Info": "Querying default browser info"}
{"EventID": "62440", "Channel": "Microsoft-Windows-Shell-Core/AppDefaults", "Provider_Name": "Microsoft-Windows-Shell-Core", "Computer": "DESKTOP-OFJ6N53", "TimeCreated": "2024-02-17 00:13:04.137785+00:00", "RecordID": "1257", "Level": "4", "UserID": "S-1-5-18", "EventData.ExtOrUriScheme": ".url", "EventData.ProgId": "IE.AssocFile.URL"}
{"EventID": "62443", "Channel": "Microsoft-Windows-Shell-Core/AppDefaults", "Provider_Name": "Microsoft-Windows-Shell-Core", "Computer": "DESKTOP-OFJ6N53", "TimeCreated": "2024-02-17 00:13:04.138275+00:00", "RecordID": "1258", "Level": "4", "UserID": "S-1-5-18", "EventData.Info": "QueryDefault-Mismatch: Association=.url, ProgId=IE.AssocFile.URL, S=S-1-5-18, T:2022:02:04:24:09:08, RH=3gz22dmDZ9k=, CH=IjkkKOTxZ78="}
{"EventID": "62440", "Channel": "Microsoft-Windows-Shell-Core/AppDefaults", "Provider_Name": "Microsoft-Windows-Shell-Core", "Computer": "DESKTOP-OFJ6N53", "TimeCreated": "2024-02-17 00:13:04.410927+00:00", "RecordID": "1259", "Level": "4", "UserID": "S-1-5-18", "EventData.ExtOrUriScheme": ".html", "EventData.ProgId": "MSEdgeHTM"}
{"EventID": "62443", "Channel": "Microsoft-Windows-Shell-Core/AppDefaults", "Provider_Name": "Microsoft-Windows-Shell-Core", "Computer": "DESKTOP-OFJ6N53", "TimeCreated": "2024-02-17 00:13:04.410955+00:00", "RecordID": "1260", "Level": "4", "UserID": "S-1-5-18", "EventData.Info": "QueryDefault-Mismatch: Association=.html, ProgId=MSEdgeHTM, S=S-1-5-18, T:2022:02:04:24:09:08, RH=9HsWGZun8VE=, CH=GUg/ybGw00o="}
{"EventID": "62440", "Channel": "Microsoft-Windows-Shell-Core/AppDefaults", "Provider_Name": "Microsoft-Windows-Shell-Core", "Computer": "DESKTOP-OFJ6N53", "TimeCreated": "2024-02-18 00:42:22.866278+00:00", "RecordID": "1261", "Level": "4", "UserID": "S-1-5-18", "EventData.ExtOrUriScheme": ".url", "EventData.ProgId": "IE.AssocFile.URL"}
{"EventID": "62443", "Channel": "Microsoft-Windows-Shell-Core/AppDefaults", "Provider_Name": "Microsoft-Windows-Shell-Core", "Computer": "DESKTOP-OFJ6N53", "TimeCreated": "2024-02-18 00:42:22.866301+00:00", "RecordID": "1262", "Level": "4", "UserID": "S-1-5-18", "EventData.Info": "QueryDefault-Mismatch: Association=.url, ProgId=IE.AssocFile.URL, S=S-1-5-18, T:2022:02:04:24:09:08, RH=3gz22dmDZ9k=, CH=IjkkKOTxZ78="}
{"EventID": "62440", "Channel": "Microsoft-Windows-Shell-Core/AppDefaults", "Provider_Name": "Microsoft-Windows-Shell-Core", "Computer": "DESKTOP-OFJ6N53", "TimeCreated": "2024-02-18 00:42:23.071024+00:00", "RecordID": "1263", "Level": "4", "UserID": "S-1-5-18", "EventData.ExtOrUriScheme": ".html", "EventData.ProgId": "MSEdgeHTM"}
{"EventID": "62443", "Channel": "Microsoft-Windows-Shell-Core/AppDefaults", "Provider_Name": "Microsoft-Windows-Shell-Core", "Computer": "DESKTOP-OFJ6N53", "TimeCreated": "2024-02-18 00:42:23.071035+00:00", "RecordID": "1264", "Level": "4", "UserID": "S-1-5-18", "EventData.Info": "QueryDefault-Mismatch: Association=.html, ProgId=MSEdgeHTM, S=S-1-5-18, T:2022:02:04:24:09:08, RH=9HsWGZun8VE=, CH=GUg/ybGw00o="}
{"EventID": "62440", "Channel": "Microsoft-Windows-Shell-Core/AppDefaults", "Provider_Name": "Microsoft-Windows-Shell-Core", "Computer": "DESKTOP-OFJ6N53", "TimeCreated": "2024-02-20 01:32:08.765514+00:00", "RecordID": "1265", "Level": "4", "UserID": "S-1-5-18", "EventData.ExtOrUriScheme": ".url", "EventData.ProgId": "IE.AssocFile.URL"}
{"EventID": "62443", "Channel": "Microsoft-Windows-Shell-Core/AppDefaults", "Provider_Name": "Microsoft-Windows-Shell-Core", "Computer": "DESKTOP-OFJ6N53", "TimeCreated": "2024-02-20 01:32:08.767378+00:00", "RecordID": "1266", "Level": "4", "UserID": "S-1-5-18", "EventData.Info": "QueryDefault-Mismatch: Association=.url, ProgId=IE.AssocFile.URL, S=S-1-5-18, T:2022:02:04:24:09:08, RH=3gz22dmDZ9k=, CH=IjkkKOTxZ78="}
{"EventID": "62440", "Channel": "Microsoft-Windows-Shell-Core/AppDefaults", "Provider_Name": "Microsoft-Windows-Shell-Core", "Computer": "DESKTOP-OFJ6N53", "TimeCreated": "2024-02-20 01:32:08.975874+00:00", "RecordID": "1267", "Level": "4", "UserID": "S-1-5-18", "EventData.ExtOrUriScheme": ".html", "EventData.ProgId": "MSEdgeHTM"}
{"EventID": "62443", "Channel": "Microsoft-Windows-Shell-Core/AppDefaults", "Provider_Name": "Microsoft-Windows-Shell-Core", "Computer": "DESKTOP-OFJ6N53", "TimeCreated": "2024-02-20 01:32:08.975885+00:00", "RecordID": "1268", "Level": "4", "UserID": "S-1-5-18", "EventData.Info": "QueryDefault-Mismatch: Association=.html, ProgId=MSEdgeHTM, S=S-1-5-18, T:2022:02:04:24:09:08, RH=9HsWGZun8VE=, CH=GUg/ybGw00o="}
{"EventID": "62440", "Channel": "Microsoft-Windows-Shell-Core/AppDefaults", "Provider_Name": "Microsoft-Windows-Shell-Core", "Computer": "DESKTOP-OFJ6N53", "TimeCreated": "2024-02-22 01:58:55.164631+00:00", "RecordID": "1269", "Level": "4", "UserID": "S-1-5-18", "EventData.ExtOrUriScheme": ".url", "EventData.ProgId": "IE.AssocFile.URL"}
{"EventID": "62443", "Channel": "Microsoft-Windows-Shell-Core/AppDefaults", "Provider_Name": "Microsoft-Windows-Shell-Core", "Computer": "DESKTOP-OFJ6N53", "TimeCreated": "2024-02-22 01:58:55.164648+00:00", "RecordID": "1270", "Level": "4", "UserID": "S-1-5-18", "EventData.Info": "QueryDefault-Mismatch: Association=.url, ProgId=IE.AssocFile.URL, S=S-1-5-18, T:2022:02:04:24:09:08, RH=3gz22dmDZ9k=, CH=IjkkKOTxZ78="}
{"EventID": "62440", "Channel": "Microsoft-Windows-Shell-Core/AppDefaults", "Provider_Name": "Microsoft-Windows-Shell-Core", "Computer": "DESKTOP-OFJ6N53", "TimeCreated": "2024-02-22 01:58:55.425779+00:00", "RecordID": "1271", "Level": "4", "UserID": "S-1-5-18", "EventData.ExtOrUriScheme": ".html", "EventData.ProgId": "MSEdgeHTM"}
{"EventID": "62443", "Channel": "Microsoft-Windows-Shell-Core/AppDefaults", "Provider_Name": "Microsoft-Windows-Shell-Core", "Computer": "DESKTOP-OFJ6N53", "TimeCreated": "2024-02-22 01:58:55.425789+00:00", "RecordID": "1272", "Level": "4", "UserID": "S-1-5-18", "EventData.Info": "QueryDefault-Mismatch: Association=.html, ProgId=MSEdgeHTM, S=S-1-5-18, T:2022:02:04:24:09:08, RH=9HsWGZun8VE=, CH=GUg/ybGw00o="}
{"EventID": "62440", "Channel": "Microsoft-Windows-Shell-Core/AppDefaults", "Provider_Name": "Microsoft-Windows-Shell-Core", "Computer": "DESKTOP-OFJ6N53", "TimeCreated": "2024-02-24 00:29:19.724447+00:00", "RecordID": "1273", "Level": "4", "UserID": "S-1-5-18", "EventData.ExtOrUriScheme": ".url", "EventData.ProgId": "IE.AssocFile.URL"}
{"EventID": "62443", "Channel": "Microsoft-Windows-Shell-Core/AppDefaults", "Provider_Name": "Microsoft-Windows-Shell-Core", "Computer": "DESKTOP-OFJ6N53", "TimeCreated": "2024-02-24 00:29:19.724476+00:00", "RecordID": "1274", "Level": "4", "UserID": "S-1-5-18", "EventData.Info": "QueryDefault-Mismatch: Association=.url, ProgId=IE.AssocFile.URL, S=S-1-5-18, T:2022:02:04:24:09:08, RH=3gz22dmDZ9k=, CH=IjkkKOTxZ78="}
{"EventID": "62440", "Channel": "Microsoft-Windows-Shell-Core/AppDefaults", "Provider_Name": "Microsoft-Windows-Shell-Core", "Computer": "DESKTOP-OFJ6N53", "TimeCreated": "2024-02-24 00:29:19.864923+00:00", "RecordID": "1275", "Level": "4", "UserID": "S-1-5-18", "EventData.ExtOrUriScheme": ".html", "EventData.ProgId": "MSEdgeHTM"}
{"EventID": "62443", "Channel": "Microsoft-Windows-Shell-Core/AppDefaults", "Provider_Name": "Microsoft-Windows-Shell-Core", "Computer": "DESKTOP-OFJ6N53", "TimeCreated": "2024-02-24 00:29:19.864933+00:00", "RecordID": "1276", "Level": "4", "UserID": "S-1-5-18", "EventData.Info": "QueryDefault-Mismatch: Association=.html, ProgId=MSEdgeHTM, S=S-1-5-18, T:2022:02:04:24:09:08, RH=9HsWGZun8VE=, CH=GUg/ybGw00o="}
{"EventID": "62440", "Channel": "Microsoft-Windows-Shell-Core/AppDefaults", "Provider_Name": "Microsoft-Windows-Shell-Core", "Computer": "DESKTOP-OFJ6N53", "TimeCreated": "2024-02-26 01:07:03.130781+00:00", "RecordID": "1277", "Level": "4", "UserID": "S-1-5-18", "EventData.ExtOrUriScheme": ".url", "EventData.ProgId": "IE.AssocFile.URL"}
{"EventID": "62443", "Channel": "Microsoft-Windows-Shell-Core/AppDefaults", "Provider_Name": "Microsoft-Windows-Shell-Core", "Computer": "DESKTOP-OFJ6N53", "TimeCreated": "2024-02-26 01:07:03.130804+00:00", "RecordID": "1278", "Level": "4", "UserID": "S-1-5-18", "EventData.Info": "QueryDefault-Mismatch: Association=.url, ProgId=IE.AssocFile.URL, S=S-1-5-18, T:2022:02:04:24:09:08, RH=3gz22dmDZ9k=, CH=IjkkKOTxZ78="}
{"EventID": "62440", "Channel": "Microsoft-Windows-Shell-Core/AppDefaults", "Provider_Name": "Microsoft-Windows-Shell-Core", "Computer": "DESKTOP-OFJ6N53", "TimeCreated": "2024-02-26 01:07:03.288424+00:00", "RecordID": "1279", "Level": "4", "UserID": "S-1-5-18", "EventData.ExtOrUriScheme": ".html", "EventData.ProgId": "MSEdgeHTM"}
{"EventID": "62443", "Channel": "Microsoft-Windows-Shell-Core/AppDefaults", "Provider_Name": "Microsoft-Windows-Shell-Core", "Computer": "DESKTOP-OFJ6N53", "TimeCreated": "2024-02-26 01:07:03.288435+00:00", "RecordID": "1280", "Level": "4", "UserID": "S-1-5-18", "EventData.Info": "QueryDefault-Mismatch: Association=.html, ProgId=MSEdgeHTM, S=S-1-5-18, T:2022:02:04:24:09:08, RH=9HsWGZun8VE=, CH=GUg/ybGw00o="}
{"EventID": "62440", "Channel": "Microsoft-Windows-Shell-Core/AppDefaults", "Provider_Name": "Microsoft-Windows-Shell-Core", "Computer": "DESKTOP-OFJ6N53", "TimeCreated": "2024-02-27 01:40:19.025017+00:00", "RecordID": "1281", "Level": "4", "UserID": "S-1-5-18", "EventData.ExtOrUriScheme": ".url", "EventData.ProgId": "IE.AssocFile.URL"}
{"EventID": "62443", "Channel": "Microsoft-Windows-Shell-Core/AppDefaults", "Provider_Name": "Microsoft-Windows-Shell-Core", "Computer": "DESKTOP-OFJ6N53", "TimeCreated": "2024-02-27 01:40:19.025450+00:00", "RecordID": "1282", "Level": "4", "UserID": "S-1-5-18", "EventData.Info": "QueryDefault-Mismatch: Association=.url, ProgId=IE.AssocFile.URL, S=S-1-5-18, T:2022:02:04:24:09:08, RH=3gz22dmDZ9k=, CH=IjkkKOTxZ78="}
{"EventID": "62440", "Channel": "Microsoft-Windows-Shell-Core/AppDefaults", "Provider_Name": "Microsoft-Windows-Shell-Core", "Computer": "DESKTOP-OFJ6N53", "TimeCreated": "2024-02-27 01:40:19.179028+00:00", "RecordID": "1283", "Level": "4", "UserID": "S-1-5-18", "EventData.ExtOrUriScheme": ".html", "EventData.ProgId": "MSEdgeHTM"}
{"EventID": "62443", "Channel": "Microsoft-Windows-Shell-Core/AppDefaults", "Provider_Name": "Microsoft-Windows-Shell-Core", "Computer": "DESKTOP-OFJ6N53", "TimeCreated": "2024-02-27 01:40:19.179039+00:00", "RecordID": "1284", "Level": "4", "UserID": "S-1-5-18", "EventData.Info": "QueryDefault-Mismatch: Association=.html, ProgId=MSEdgeHTM, S=S-1-5-18, T:2022:02:04:24:09:08, RH=9HsWGZun8VE=, CH=GUg/ybGw00o="}
{"EventID": "62440", "Channel": "Microsoft-Windows-Shell-Core/AppDefaults", "Provider_Name": "Microsoft-Windows-Shell-Core", "Computer": "DESKTOP-OFJ6N53", "TimeCreated": "2024-02-29 01:37:22.440750+00:00", "RecordID": "1285", "Level": "4", "UserID": "S-1-5-18", "EventData.ExtOrUriScheme": ".url", "EventData.ProgId": "IE.AssocFile.URL"}
{"EventID": "62443", "Channel": "Microsoft-Windows-Shell-Core/AppDefaults", "Provider_Name": "Microsoft-Windows-Shell-Core", "Computer": "DESKTOP-OFJ6N53", "TimeCreated": "2024-02-29 01:37:22.441240+00:00", "RecordID": "1286", "Level": "4", "UserID": "S-1-5-18", "EventData.Info": "QueryDefault-Mismatch: Association=.url, ProgId=IE.AssocFile.URL, S=S-1-5-18, T:2022:02:04:24:09:08, RH=3gz22dmDZ9k=, CH=IjkkKOTxZ78="}
{"EventID": "62440", "Channel": "Microsoft-Windows-Shell-Core/AppDefaults", "Provider_Name": "Microsoft-Windows-Shell-Core", "Computer": "DESKTOP-OFJ6N53", "TimeCreated": "2024-02-29 01:37:22.618868+00:00", "RecordID": "1287", "Level": "4", "UserID": "S-1-5-18", "EventData.ExtOrUriScheme": ".html", "EventData.ProgId": "MSEdgeHTM"}
{"EventID": "62443", "Channel": "Microsoft-Windows-Shell-Core/AppDefaults", "Provider_Name": "Microsoft-Windows-Shell-Core", "Computer": "DESKTOP-OFJ6N53", "TimeCreated": "2024-02-29 01:37:22.618881+00:00", "RecordID": "1288", "Level": "4", "UserID": "S-1-5-18", "EventData.Info": "QueryDefault-Mismatch: Association=.html, ProgId=MSEdgeHTM, S=S-1-5-18, T:2022:02:04:24:09:08, RH=9HsWGZun8VE=, CH=GUg/ybGw00o="}
{"EventID": "62440", "Channel": "Microsoft-Windows-Shell-Core/AppDefaults", "Provider_Name": "Microsoft-Windows-Shell-Core", "Computer": "DESKTOP-OFJ6N53", "TimeCreated": "2024-03-02 01:31:30.299450+00:00", "RecordID": "1289", "Level": "4", "UserID": "S-1-5-18", "EventData.ExtOrUriScheme": ".url", "EventData.ProgId": "IE.AssocFile.URL"}
{"EventID": "62443", "Channel": "Microsoft-Windows-Shell-Core/AppDefaults", "Provider_Name": "Microsoft-Windows-Shell-Core", "Computer": "DESKTOP-OFJ6N53", "TimeCreated": "2024-03-02 01:31:30.299469+00:00", "RecordID": "1290", "Level": "4", "UserID": "S-1-5-18", "EventData.Info": "QueryDefault-Mismatch: Association=.url, ProgId=IE.AssocFile.URL, S=S-1-5-18, T:2022:02:04:24:09:08, RH=3gz22dmDZ9k=, CH=IjkkKOTxZ78="}
{"EventID": "62440", "Channel": "Microsoft-Windows-Shell-Core/AppDefaults", "Provider_Name": "Microsoft-Windows-Shell-Core", "Computer": "DESKTOP-OFJ6N53", "TimeCreated": "2024-03-02 01:31:30.450191+00:00", "RecordID": "1291", "Level": "4", "UserID": "S-1-5-18", "EventData.ExtOrUriScheme": ".html", "EventData.ProgId": "MSEdgeHTM"}
{"EventID": "62443", "Channel": "Microsoft-Windows-Shell-Core/AppDefaults", "Provider_Name": "Microsoft-Windows-Shell-Core", "Computer": "DESKTOP-OFJ6N53", "TimeCreated": "2024-03-02 01:31:30.450201+00:00", "RecordID": "1292", "Level": "4", "UserID": "S-1-5-18", "EventData.Info": "QueryDefault-Mismatch: Association=.html, ProgId=MSEdgeHTM, S=S-1-5-18, T:2022:02:04:24:09:08, RH=9HsWGZun8VE=, CH=GUg/ybGw00o="}
{"EventID": "62440", "Channel": "Microsoft-Windows-Shell-Core/AppDefaults", "Provider_Name": "Microsoft-Windows-Shell-Core", "Computer": "DESKTOP-OFJ6N53", "TimeCreated": "2024-03-04 00:22:49.959639+00:00", "RecordID": "1293", "Level": "4", "UserID": "S-1-5-18", "EventData.ExtOrUriScheme": ".url", "EventData.ProgId": "IE.AssocFile.URL"}
{"EventID": "62443", "Channel": "Microsoft-Windows-Shell-Core/AppDefaults", "Provider_Name": "Microsoft-Windows-Shell-Core", "Computer": "DESKTOP-OFJ6N53", "TimeCreated": "2024-03-04 00:22:49.959658+00:00", "RecordID": "1294", "Level": "4", "UserID": "S-1-5-18", "EventData.Info": "QueryDefault-Mismatch: Association=.url, ProgId=IE.AssocFile.URL, S=S-1-5-18, T:2022:02:04:24:09:08, RH=3gz22dmDZ9k=, CH=IjkkKOTxZ78="}
{"EventID": "62440", "Channel": "Microsoft-Windows-Shell-Core/AppDefaults", "Provider_Name": "Microsoft-Windows-Shell-Core", "Computer": "DESKTOP-OFJ6N53", "TimeCreated": "2024-03-04 00:22:50.192228+00:00", "RecordID": "1295", "Level": "4", "UserID": "S-1-5-18", "EventData.ExtOrUriScheme": ".html", "EventData.ProgId": "MSEdgeHTM"}
{"EventID": "62443", "Channel": "Microsoft-Windows-Shell-Core/AppDefaults", "Provider_Name": "Microsoft-Windows-Shell-Core", "Computer": "DESKTOP-OFJ6N53", "TimeCreated": "2024-03-04 00:22:50.192238+00:00", "RecordID": "1296", "Level": "4", "UserID": "S-1-5-18", "EventData.Info": "QueryDefault-Mismatch: Association=.html, ProgId=MSEdgeHTM, S=S-1-5-18, T:2022:02:04:24:09:08, RH=9HsWGZun8VE=, CH=GUg/ybGw00o="}
{"EventID": "62440", "Channel": "Microsoft-Windows-Shell-Core/AppDefaults", "Provider_Name": "Microsoft-Windows-Shell-Core", "Computer": "DESKTOP-OFJ6N53", "TimeCreated": "2024-03-05 00:46:14.335135+00:00", "RecordID": "1297", "Level": "4", "UserID": "S-1-5-18", "EventData.ExtOrUriScheme": ".url", "EventData.ProgId": "IE.AssocFile.URL"}
{"EventID": "62443", "Channel": "Microsoft-Windows-Shell-Core/AppDefaults", "Provider_Name": "Microsoft-Windows-Shell-Core", "Computer": "DESKTOP-OFJ6N53", "TimeCreated": "2024-03-05 00:46:14.335161+00:00", "RecordID": "1298", "Level": "4", "UserID": "S-1-5-18", "EventData.Info": "QueryDefault-Mismatch: Association=.url, ProgId=IE.AssocFile.URL, S=S-1-5-18, T:2022:02:04:24:09:08, RH=3gz22dmDZ9k=, CH=IjkkKOTxZ78="}
{"EventID": "62440", "Channel": "Microsoft-Windows-Shell-Core/AppDefaults", "Provider_Name": "Microsoft-Windows-Shell-Core", "Computer": "DESKTOP-OFJ6N53", "TimeCreated": "2024-03-05 00:46:14.511595+00:00", "RecordID": "1299", "Level": "4", "UserID": "S-1-5-18", "EventData.ExtOrUriScheme": ".html", "EventData.ProgId": "MSEdgeHTM"}
{"EventID": "62443", "Channel": "Microsoft-Windows-Shell-Core/AppDefaults", "Provider_Name": "Microsoft-Windows-Shell-Core", "Computer": "DESKTOP-OFJ6N53", "TimeCreated": "2024-03-05 00:46:14.511604+00:00", "RecordID": "1300", "Level": "4", "UserID": "S-1-5-18", "EventData.Info": "QueryDefault-Mismatch: Association=.html, ProgId=MSEdgeHTM, S=S-1-5-18, T:2022:02:04:24:09:08, RH=9HsWGZun8VE=, CH=GUg/ybGw00o="}
{"EventID": "62440", "Channel": "Microsoft-Windows-Shell-Core/AppDefaults", "Provider_Name": "Microsoft-Windows-Shell-Core", "Computer": "DESKTOP-OFJ6N53", "TimeCreated": "2024-03-06 01:01:47.279396+00:00", "RecordID": "1301", "Level": "4", "UserID": "S-1-5-18", "EventData.ExtOrUriScheme": ".url", "EventData.ProgId": "IE.AssocFile.URL"}
