{"EventID": "257", "Channel": "Microsoft-Windows-Time-Service/Operational", "Provider_Name": "Microsoft-Windows-Time-Service", "Computer": "DESKTOP-OFJ6N53", "TimeCreated": "2025-08-04 10:03:41.651695+00:00", "RecordID": "12729", "Level": "4", "UserID": "S-1-5-19", "EventData.CurrentTime(UTC)": "2025-08-04T10:03:41.651Z", "EventData.TickCount": "352815171", "EventData.Configuration": "EventLogFlags: 2 (Локальный)\nAnnounceFlags: 10 (Локальный)\nTimeJumpAuditOffset: 28800 (Локальный)\nMinPollInterval: 10 (Локальный)\nMaxPollInterval: 15 (Локальный)\nMaxNegPhaseCorrection: 54000 (Локальный)\nMaxPosPhaseCorrection: 54000 (Локальный)\nMaxAllowedPhaseOffset: 1 (Локальный)\n\nFrequencyCorrectRate: 4 (Локальный)\nPollAdjustFactor: 5 (Локальный)\nLargePhaseOffset: 50000000 (Локальный)\nSpikeWatchPeriod: 900 (Локальный)\nLocalClockDispersion: 10 (Локальный)\nHoldPeriod: 5 (Локальный)\nPhaseCorrectRate: 1 (Локальный)\nUpdateInterval: 360000 (Локальный)\n\nFileLogName:  (Не определен или не используется)\nFileLogEntries:  (Не определен или не используется)\nFileLogSize: 0 (Не определен или не используется)\nFileLogFlags: 0 (Не определен или не используется)\n\nUtilizeSslTimeData: 1 (Локальный)\n\n[Leap Seconds]\nEnabled: 1 (Local)\nTotal Leap Seconds (after June 2018): 0 (Local)\nCurrent UTC offset: 0 (Local)", "EventData.TimeProviders": "NtpClient (Локальный)\nDllName: C:\\Windows\\system32\\w32time.dll (Локальный)\nEnabled: 1 (Локальный)\nInputProvider: 1 (Локальный)\nCrossSiteSyncFlags: 0 (Не определен или не используется)\nAllowNonstandardModeCombinations: 1 (Локальный)\nResolvePeerBackoffMinutes: 15 (Локальный)\nResolvePeerBackoffMaxTimes: 7 (Локальный)\nCompatibilityFlags: 2147483648 (Локальный)\nEventLogFlags: 1 (Локальный)\nLargeSampleSkew: 3 (Локальный)\nSpecialPollInterval: 32768 (Локальный)\nType: NTP (Локальный)\nNtpServer: time.windows.com,0x9 (Локальный)\n\nVMICTimeProvider (Локальный)\nDllName: C:\\Windows\\System32\\vmictimeprovider.dll (Локальный)\nEnabled: 1 (Локальный)\nInputProvider: 1 (Локальный)\n\nNtpServer (Локальный)\nDllName: C:\\Windows\\system32\\w32time.dll (Локальный)\nEnabled: 0 (Локальный)\nInputProvider: 0 (Локальный)", "EventData.ClockRate": "156250"}
{"EventID": "266", "Channel": "Microsoft-Windows-Time-Service/Operational", "Provider_Name": "Microsoft-Windows-Time-Service", "Computer": "DESKTOP-OFJ6N53", "TimeCreated": "2025-08-04 10:03:41.653271+00:00", "RecordID": "12730", "Level": "4", "UserID": "S-1-5-19", "EventData.ReasonCode": "2", "EventData.TickCount": "352815203"}
{"EventID": "264", "Channel": "Microsoft-Windows-Time-Service/Operational", "Provider_Name": "Microsoft-Windows-Time-Service", "Computer": "DESKTOP-OFJ6N53", "TimeCreated": "2025-08-04 10:03:43.315588+00:00", "RecordID": "12731", "Level": "4", "UserID": "S-1-5-19", "EventData.AllNtpServers": "time.windows.com,0x9 (ntp.m|0x9|0.0.0.0:123->20.101.57.9:123);", "EventData.TickCount": "352816859"}
{"EventID": "261", "Channel": "Microsoft-Windows-Time-Service/Operational", "Provider_Name": "Microsoft-Windows-Time-Service", "Computer": "DESKTOP-OFJ6N53", "TimeCreated": "2025-08-04 10:03:59.084133+00:00", "RecordID": "12732", "Level": "4", "UserID": "S-1-5-19", "EventData.NewTime": "2025-08-04T10:03:59.83Z", "EventData.OldTime": "2025-08-04T10:03:57.665Z", "EventData.TickCount": "352831218"}
{"EventID": "266", "Channel": "Microsoft-Windows-Time-Service/Operational", "Provider_Name": "Microsoft-Windows-Time-Service", "Computer": "DESKTOP-OFJ6N53", "TimeCreated": "2025-08-04 10:03:59.086885+00:00", "RecordID": "12733", "Level": "4", "UserID": "S-1-5-19", "EventData.ReasonCode": "3", "EventData.TickCount": "352831218"}
{"EventID": "265", "Channel": "Microsoft-Windows-Time-Service/Operational", "Provider_Name": "Microsoft-Windows-Time-Service", "Computer": "DESKTOP-OFJ6N53", "TimeCreated": "2025-08-04 10:03:59.087008+00:00", "RecordID": "12734", "Level": "4", "UserID": "S-1-5-19", "EventData.TimeSource": "time.windows.com,0x9 (ntp.m|0x9|0.0.0.0:123->20.101.57.9:123)", "EventData.TimeSourceRefId": "0x14653909", "EventData.LocalStratumNumber": "4", "EventData.TickCount": "352831218"}
{"EventID": "261", "Channel": "Microsoft-Windows-Time-Service/Operational", "Provider_Name": "Microsoft-Windows-Time-Service", "Computer": "DESKTOP-OFJ6N53", "TimeCreated": "2025-08-04 10:03:59.087610+00:00", "RecordID": "12735", "Level": "4", "UserID": "S-1-5-19", "EventData.NewTime": "2025-08-04T10:03:59.87Z", "EventData.OldTime": "2025-08-04T10:03:59.83Z", "EventData.TickCount": "352831218"}
{"EventID": "261", "Channel": "Microsoft-Windows-Time-Service/Operational", "Provider_Name": "Microsoft-Windows-Time-Service", "Computer": "DESKTOP-OFJ6N53", "TimeCreated": "2025-08-04 10:03:59.089373+00:00", "RecordID": "12736", "Level": "4", "UserID": "S-1-5-19", "EventData.NewTime": "2025-08-04T10:03:59.88Z", "EventData.OldTime": "2025-08-04T10:03:59.87Z", "EventData.TickCount": "352831218"}
{"EventID": "258", "Channel": "Microsoft-Windows-Time-Service/Operational", "Provider_Name": "Microsoft-Windows-Time-Service", "Computer": "DESKTOP-OFJ6N53", "TimeCreated": "2025-08-04 10:03:59.094421+00:00", "RecordID": "12737", "Level": "4", "UserID": "S-1-5-19", "EventData.CurrentTime(UTC)": "2025-08-04T10:03:59.94Z", "EventData.TickCount": "352831218", "EventData.ErrorMessage": "0x00000000: Успешно."}
{"EventID": "272", "Channel": "Microsoft-Windows-Time-Service/Operational", "Provider_Name": "Microsoft-Windows-Time-Service", "Computer": "DESKTOP-OFJ6N53", "TimeCreated": "2025-08-05 08:45:08.257195+00:00", "RecordID": "12738", "Level": "4", "UserID": "S-1-5-19", "EventData.Enabled": "1", "EventData.LeapSecondCount": "0", "EventData.CurrentUtcOffset": "0", "EventData.RuntimeStateAndSettingsConsistent": "1", "EventData.NewestLeapSecondsList": null, "EventData.TickCount": "434500375"}
{"EventID": "257", "Channel": "Microsoft-Windows-Time-Service/Operational", "Provider_Name": "Microsoft-Windows-Time-Service", "Computer": "DESKTOP-OFJ6N53", "TimeCreated": "2025-08-05 08:45:08.285336+00:00", "RecordID": "12739", "Level": "4", "UserID": "S-1-5-19", "EventData.CurrentTime(UTC)": "2025-08-05T08:45:08.285Z", "EventData.TickCount": "434500375", "EventData.Configuration": "EventLogFlags: 2 (Локальный)\nAnnounceFlags: 10 (Локальный)\nTimeJumpAuditOffset: 28800 (Локальный)\nMinPollInterval: 10 (Локальный)\nMaxPollInterval: 15 (Локальный)\nMaxNegPhaseCorrection: 54000 (Локальный)\nMaxPosPhaseCorrection: 54000 (Локальный)\nMaxAllowedPhaseOffset: 1 (Локальный)\n\nFrequencyCorrectRate: 4 (Локальный)\nPollAdjustFactor: 5 (Локальный)\nLargePhaseOffset: 50000000 (Локальный)\nSpikeWatchPeriod: 900 (Локальный)\nLocalClockDispersion: 10 (Локальный)\nHoldPeriod: 5 (Локальный)\nPhaseCorrectRate: 1 (Локальный)\nUpdateInterval: 360000 (Локальный)\n\nFileLogName:  (Не определен или не используется)\nFileLogEntries:  (Не определен или не используется)\nFileLogSize: 0 (Не определен или не используется)\nFileLogFlags: 0 (Не определен или не используется)\n\nUtilizeSslTimeData: 1 (Локальный)\n\n[Leap Seconds]\nEnabled: 1 (Local)\nTotal Leap Seconds (after June 2018): 0 (Local)\nCurrent UTC offset: 0 (Local)", "EventData.TimeProviders": "NtpClient (Локальный)\nDllName: C:\\Windows\\system32\\w32time.dll (Локальный)\nEnabled: 1 (Локальный)\nInputProvider: 1 (Локальный)\nCrossSiteSyncFlags: 0 (Не определен или не используется)\nAllowNonstandardModeCombinations: 1 (Локальный)\nResolvePeerBackoffMinutes: 15 (Локальный)\nResolvePeerBackoffMaxTimes: 7 (Локальный)\nCompatibilityFlags: 2147483648 (Локальный)\nEventLogFlags: 1 (Локальный)\nLargeSampleSkew: 3 (Локальный)\nSpecialPollInterval: 32768 (Локальный)\nType: NTP (Локальный)\nNtpServer: time.windows.com,0x9 (Локальный)\n\nVMICTimeProvider (Локальный)\nDllName: C:\\Windows\\System32\\vmictimeprovider.dll (Локальный)\nEnabled: 1 (Локальный)\nInputProvider: 1 (Локальный)\n\nNtpServer (Локальный)\nDllName: C:\\Windows\\system32\\w32time.dll (Локальный)\nEnabled: 0 (Локальный)\nInputProvider: 0 (Локальный)", "EventData.ClockRate": "156250"}
{"EventID": "266", "Channel": "Microsoft-Windows-Time-Service/Operational", "Provider_Name": "Microsoft-Windows-Time-Service", "Computer": "DESKTOP-OFJ6N53", "TimeCreated": "2025-08-05 08:45:08.293222+00:00", "RecordID": "12740", "Level": "4", "UserID": "S-1-5-19", "EventData.ReasonCode": "2", "EventData.TickCount": "434500406"}
{"EventID": "264", "Channel": "Microsoft-Windows-Time-Service/Operational", "Provider_Name": "Microsoft-Windows-Time-Service", "Computer": "DESKTOP-OFJ6N53", "TimeCreated": "2025-08-05 08:45:09.891821+00:00", "RecordID": "12741", "Level": "4", "UserID": "S-1-5-19", "EventData.AllNtpServers": "time.windows.com,0x9 (ntp.m|0x9|0.0.0.0:123->104.40.149.189:123);", "EventData.TickCount": "434502015"}
{"EventID": "261", "Channel": "Microsoft-Windows-Time-Service/Operational", "Provider_Name": "Microsoft-Windows-Time-Service", "Computer": "DESKTOP-OFJ6N53", "TimeCreated": "2025-08-05 08:45:25.690987+00:00", "RecordID": "12742", "Level": "4", "UserID": "S-1-5-19", "EventData.NewTime": "2025-08-05T08:45:25.689Z", "EventData.OldTime": "2025-08-05T08:45:24.327Z", "EventData.TickCount": "434516453"}
{"EventID": "266", "Channel": "Microsoft-Windows-Time-Service/Operational", "Provider_Name": "Microsoft-Windows-Time-Service", "Computer": "DESKTOP-OFJ6N53", "TimeCreated": "2025-08-05 08:45:25.693684+00:00", "RecordID": "12743", "Level": "4", "UserID": "S-1-5-19", "EventData.ReasonCode": "3", "EventData.TickCount": "434516453"}
{"EventID": "265", "Channel": "Microsoft-Windows-Time-Service/Operational", "Provider_Name": "Microsoft-Windows-Time-Service", "Computer": "DESKTOP-OFJ6N53", "TimeCreated": "2025-08-05 08:45:25.693771+00:00", "RecordID": "12744", "Level": "4", "UserID": "S-1-5-19", "EventData.TimeSource": "time.windows.com,0x9 (ntp.m|0x9|0.0.0.0:123->104.40.149.189:123)", "EventData.TimeSourceRefId": "0x682895BD", "EventData.LocalStratumNumber": "4", "EventData.TickCount": "434516453"}
{"EventID": "261", "Channel": "Microsoft-Windows-Time-Service/Operational", "Provider_Name": "Microsoft-Windows-Time-Service", "Computer": "DESKTOP-OFJ6N53", "TimeCreated": "2025-08-05 08:45:25.694269+00:00", "RecordID": "12745", "Level": "4", "UserID": "S-1-5-19", "EventData.NewTime": "2025-08-05T08:45:25.693Z", "EventData.OldTime": "2025-08-05T08:45:25.689Z", "EventData.TickCount": "434516453"}
{"EventID": "261", "Channel": "Microsoft-Windows-Time-Service/Operational", "Provider_Name": "Microsoft-Windows-Time-Service", "Computer": "DESKTOP-OFJ6N53", "TimeCreated": "2025-08-05 08:45:25.695778+00:00", "RecordID": "12746", "Level": "4", "UserID": "S-1-5-19", "EventData.NewTime": "2025-08-05T08:45:25.695Z", "EventData.OldTime": "2025-08-05T08:45:25.693Z", "EventData.TickCount": "434516453"}
{"EventID": "258", "Channel": "Microsoft-Windows-Time-Service/Operational", "Provider_Name": "Microsoft-Windows-Time-Service", "Computer": "DESKTOP-OFJ6N53", "TimeCreated": "2025-08-05 08:45:25.702152+00:00", "RecordID": "12747", "Level": "4", "UserID": "S-1-5-19", "EventData.CurrentTime(UTC)": "2025-08-05T08:45:25.702Z", "EventData.TickCount": "434516453", "EventData.ErrorMessage": "0x00000000: Успешно."}
{"EventID": "272", "Channel": "Microsoft-Windows-Time-Service/Operational", "Provider_Name": "Microsoft-Windows-Time-Service", "Computer": "DESKTOP-OFJ6N53", "TimeCreated": "2025-08-06 10:03:46.276131+00:00", "RecordID": "12748", "Level": "4", "UserID": "S-1-5-19", "EventData.Enabled": "1", "EventData.LeapSecondCount": "0", "EventData.CurrentUtcOffset": "0", "EventData.RuntimeStateAndSettingsConsistent": "1", "EventData.NewestLeapSecondsList": null, "EventData.TickCount": "525617031"}
{"EventID": "257", "Channel": "Microsoft-Windows-Time-Service/Operational", "Provider_Name": "Microsoft-Windows-Time-Service", "Computer": "DESKTOP-OFJ6N53", "TimeCreated": "2025-08-06 10:03:46.293203+00:00", "RecordID": "12749", "Level": "4", "UserID": "S-1-5-19", "EventData.CurrentTime(UTC)": "2025-08-06T10:03:46.293Z", "EventData.TickCount": "525617031", "EventData.Configuration": "EventLogFlags: 2 (Локальный)\nAnnounceFlags: 10 (Локальный)\nTimeJumpAuditOffset: 28800 (Локальный)\nMinPollInterval: 10 (Локальный)\nMaxPollInterval: 15 (Локальный)\nMaxNegPhaseCorrection: 54000 (Локальный)\nMaxPosPhaseCorrection: 54000 (Локальный)\nMaxAllowedPhaseOffset: 1 (Локальный)\n\nFrequencyCorrectRate: 4 (Локальный)\nPollAdjustFactor: 5 (Локальный)\nLargePhaseOffset: 50000000 (Локальный)\nSpikeWatchPeriod: 900 (Локальный)\nLocalClockDispersion: 10 (Локальный)\nHoldPeriod: 5 (Локальный)\nPhaseCorrectRate: 1 (Локальный)\nUpdateInterval: 360000 (Локальный)\n\nFileLogName:  (Не определен или не используется)\nFileLogEntries:  (Не определен или не используется)\nFileLogSize: 0 (Не определен или не используется)\nFileLogFlags: 0 (Не определен или не используется)\n\nUtilizeSslTimeData: 1 (Локальный)\n\n[Leap Seconds]\nEnabled: 1 (Local)\nTotal Leap Seconds (after June 2018): 0 (Local)\nCurrent UTC offset: 0 (Local)", "EventData.TimeProviders": "NtpClient (Локальный)\nDllName: C:\\Windows\\system32\\w32time.dll (Локальный)\nEnabled: 1 (Локальный)\nInputProvider: 1 (Локальный)\nCrossSiteSyncFlags: 0 (Не определен или не используется)\nAllowNonstandardModeCombinations: 1 (Локальный)\nResolvePeerBackoffMinutes: 15 (Локальный)\nResolvePeerBackoffMaxTimes: 7 (Локальный)\nCompatibilityFlags: 2147483648 (Локальный)\nEventLogFlags: 1 (Локальный)\nLargeSampleSkew: 3 (Локальный)\nSpecialPollInterval: 32768 (Локальный)\nType: NTP (Локальный)\nNtpServer: time.windows.com,0x9 (Локальный)\n\nVMICTimeProvider (Локальный)\nDllName: C:\\Windows\\System32\\vmictimeprovider.dll (Локальный)\nEnabled: 1 (Локальный)\nInputProvider: 1 (Локальный)\n\nNtpServer (Локальный)\nDllName: C:\\Windows\\system32\\w32time.dll (Локальный)\nEnabled: 0 (Локальный)\nInputProvider: 0 (Локальный)", "EventData.ClockRate": "156250"}
{"EventID": "266", "Channel": "Microsoft-Windows-Time-Service/Operational", "Provider_Name": "Microsoft-Windows-Time-Service", "Computer": "DESKTOP-OFJ6N53", "TimeCreated": "2025-08-06 10:03:46.294413+00:00", "RecordID": "12750", "Level": "4", "UserID": "S-1-5-19", "EventData.ReasonCode": "2", "EventData.TickCount": "525617046"}
{"EventID": "264", "Channel": "Microsoft-Windows-Time-Service/Operational", "Provider_Name": "Microsoft-Windows-Time-Service", "Computer": "DESKTOP-OFJ6N53", "TimeCreated": "2025-08-06 10:03:48.199169+00:00", "RecordID": "12751", "Level": "4", "UserID": "S-1-5-19", "EventData.AllNtpServers": "time.windows.com,0x9 (ntp.m|0x9|0.0.0.0:123->20.101.57.9:123);", "EventData.TickCount": "525618968"}
{"EventID": "261", "Channel": "Microsoft-Windows-Time-Service/Operational", "Provider_Name": "Microsoft-Windows-Time-Service", "Computer": "DESKTOP-OFJ6N53", "TimeCreated": "2025-08-06 10:04:03.605242+00:00", "RecordID": "12752", "Level": "4", "UserID": "S-1-5-19", "EventData.NewTime": "2025-08-06T10:04:03.604Z", "EventData.OldTime": "2025-08-06T10:04:02.314Z", "EventData.TickCount": "525633078"}
{"EventID": "266", "Channel": "Microsoft-Windows-Time-Service/Operational", "Provider_Name": "Microsoft-Windows-Time-Service", "Computer": "DESKTOP-OFJ6N53", "TimeCreated": "2025-08-06 10:04:03.607777+00:00", "RecordID": "12753", "Level": "4", "UserID": "S-1-5-19", "EventData.ReasonCode": "3", "EventData.TickCount": "525633078"}
{"EventID": "265", "Channel": "Microsoft-Windows-Time-Service/Operational", "Provider_Name": "Microsoft-Windows-Time-Service", "Computer": "DESKTOP-OFJ6N53", "TimeCreated": "2025-08-06 10:04:03.607796+00:00", "RecordID": "12754", "Level": "4", "UserID": "S-1-5-19", "EventData.TimeSource": "time.windows.com,0x9 (ntp.m|0x9|0.0.0.0:123->20.101.57.9:123)", "EventData.TimeSourceRefId": "0x14653909", "EventData.LocalStratumNumber": "4", "EventData.TickCount": "525633078"}
{"EventID": "261", "Channel": "Microsoft-Windows-Time-Service/Operational", "Provider_Name": "Microsoft-Windows-Time-Service", "Computer": "DESKTOP-OFJ6N53", "TimeCreated": "2025-08-06 10:04:03.608238+00:00", "RecordID": "12755", "Level": "4", "UserID": "S-1-5-19", "EventData.NewTime": "2025-08-06T10:04:03.607Z", "EventData.OldTime": "2025-08-06T10:04:03.604Z", "EventData.TickCount": "525633078"}
{"EventID": "261", "Channel": "Microsoft-Windows-Time-Service/Operational", "Provider_Name": "Microsoft-Windows-Time-Service", "Computer": "DESKTOP-OFJ6N53", "TimeCreated": "2025-08-06 10:04:03.609640+00:00", "RecordID": "12756", "Level": "4", "UserID": "S-1-5-19", "EventData.NewTime": "2025-08-06T10:04:03.609Z", "EventData.OldTime": "2025-08-06T10:04:03.607Z", "EventData.TickCount": "525633078"}
{"EventID": "258", "Channel": "Microsoft-Windows-Time-Service/Operational", "Provider_Name": "Microsoft-Windows-Time-Service", "Computer": "DESKTOP-OFJ6N53", "TimeCreated": "2025-08-06 10:04:03.622549+00:00", "RecordID": "12757", "Level": "4", "UserID": "S-1-5-19", "EventData.CurrentTime(UTC)": "2025-08-06T10:04:03.622Z", "EventData.TickCount": "525633093", "EventData.ErrorMessage": "0x00000000: Успешно."}
{"EventID": "272", "Channel": "Microsoft-Windows-Time-Service/Operational", "Provider_Name": "Microsoft-Windows-Time-Service", "Computer": "DESKTOP-OFJ6N53", "TimeCreated": "2025-08-07 10:03:59.528326+00:00", "RecordID": "12758", "Level": "4", "UserID": "S-1-5-19", "EventData.Enabled": "1", "EventData.LeapSecondCount": "0", "EventData.CurrentUtcOffset": "0", "EventData.RuntimeStateAndSettingsConsistent": "1", "EventData.NewestLeapSecondsList": null, "EventData.TickCount": "612029000"}
{"EventID": "257", "Channel": "Microsoft-Windows-Time-Service/Operational", "Provider_Name": "Microsoft-Windows-Time-Service", "Computer": "DESKTOP-OFJ6N53", "TimeCreated": "2025-08-07 10:03:59.556707+00:00", "RecordID": "12759", "Level": "4", "UserID": "S-1-5-19", "EventData.CurrentTime(UTC)": "2025-08-07T10:03:59.556Z", "EventData.TickCount": "612029015", "EventData.Configuration": "EventLogFlags: 2 (Локальный)\nAnnounceFlags: 10 (Локальный)\nTimeJumpAuditOffset: 28800 (Локальный)\nMinPollInterval: 10 (Локальный)\nMaxPollInterval: 15 (Локальный)\nMaxNegPhaseCorrection: 54000 (Локальный)\nMaxPosPhaseCorrection: 54000 (Локальный)\nMaxAllowedPhaseOffset: 1 (Локальный)\n\nFrequencyCorrectRate: 4 (Локальный)\nPollAdjustFactor: 5 (Локальный)\nLargePhaseOffset: 50000000 (Локальный)\nSpikeWatchPeriod: 900 (Локальный)\nLocalClockDispersion: 10 (Локальный)\nHoldPeriod: 5 (Локальный)\nPhaseCorrectRate: 1 (Локальный)\nUpdateInterval: 360000 (Локальный)\n\nFileLogName:  (Не определен или не используется)\nFileLogEntries:  (Не определен или не используется)\nFileLogSize: 0 (Не определен или не используется)\nFileLogFlags: 0 (Не определен или не используется)\n\nUtilizeSslTimeData: 1 (Локальный)\n\n[Leap Seconds]\nEnabled: 1 (Local)\nTotal Leap Seconds (after June 2018): 0 (Local)\nCurrent UTC offset: 0 (Local)", "EventData.TimeProviders": "NtpClient (Локальный)\nDllName: C:\\Windows\\system32\\w32time.dll (Локальный)\nEnabled: 1 (Локальный)\nInputProvider: 1 (Локальный)\nCrossSiteSyncFlags: 0 (Не определен или не используется)\nAllowNonstandardModeCombinations: 1 (Локальный)\nResolvePeerBackoffMinutes: 15 (Локальный)\nResolvePeerBackoffMaxTimes: 7 (Локальный)\nCompatibilityFlags: 2147483648 (Локальный)\nEventLogFlags: 1 (Локальный)\nLargeSampleSkew: 3 (Локальный)\nSpecialPollInterval: 32768 (Локальный)\nType: NTP (Локальный)\nNtpServer: time.windows.com,0x9 (Локальный)\n\nVMICTimeProvider (Локальный)\nDllName: C:\\Windows\\System32\\vmictimeprovider.dll (Локальный)\nEnabled: 1 (Локальный)\nInputProvider: 1 (Локальный)\n\nNtpServer (Локальный)\nDllName: C:\\Windows\\system32\\w32time.dll (Локальный)\nEnabled: 0 (Локальный)\nInputProvider: 0 (Локальный)", "EventData.ClockRate": "156250"}
{"EventID": "266", "Channel": "Microsoft-Windows-Time-Service/Operational", "Provider_Name": "Microsoft-Windows-Time-Service", "Computer": "DESKTOP-OFJ6N53", "TimeCreated": "2025-08-07 10:03:59.557240+00:00", "RecordID": "12760", "Level": "4", "UserID": "S-1-5-19", "EventData.ReasonCode": "2", "EventData.TickCount": "612029031"}
{"EventID": "264", "Channel": "Microsoft-Windows-Time-Service/Operational", "Provider_Name": "Microsoft-Windows-Time-Service", "Computer": "DESKTOP-OFJ6N53", "TimeCreated": "2025-08-07 10:04:01.124176+00:00", "RecordID": "12761", "Level": "4", "UserID": "S-1-5-19", "EventData.AllNtpServers": "time.windows.com,0x9 (ntp.m|0x9|0.0.0.0:123->104.40.149.189:123);", "EventData.TickCount": "612030609"}
{"EventID": "261", "Channel": "Microsoft-Windows-Time-Service/Operational", "Provider_Name": "Microsoft-Windows-Time-Service", "Computer": "DESKTOP-OFJ6N53", "TimeCreated": "2025-08-07 10:04:17.164997+00:00", "RecordID": "12762", "Level": "4", "UserID": "S-1-5-19", "EventData.NewTime": "2025-08-07T10:04:17.164Z", "EventData.OldTime": "2025-08-07T10:04:15.590Z", "EventData.TickCount": "612045078"}
{"EventID": "266", "Channel": "Microsoft-Windows-Time-Service/Operational", "Provider_Name": "Microsoft-Windows-Time-Service", "Computer": "DESKTOP-OFJ6N53", "TimeCreated": "2025-08-07 10:04:17.167793+00:00", "RecordID": "12763", "Level": "4", "UserID": "S-1-5-19", "EventData.ReasonCode": "3", "EventData.TickCount": "612045078"}
{"EventID": "265", "Channel": "Microsoft-Windows-Time-Service/Operational", "Provider_Name": "Microsoft-Windows-Time-Service", "Computer": "DESKTOP-OFJ6N53", "TimeCreated": "2025-08-07 10:04:17.167843+00:00", "RecordID": "12764", "Level": "4", "UserID": "S-1-5-19", "EventData.TimeSource": "time.windows.com,0x9 (ntp.m|0x9|0.0.0.0:123->104.40.149.189:123)", "EventData.TimeSourceRefId": "0x682895BD", "EventData.LocalStratumNumber": "4", "EventData.TickCount": "612045078"}
{"EventID": "261", "Channel": "Microsoft-Windows-Time-Service/Operational", "Provider_Name": "Microsoft-Windows-Time-Service", "Computer": "DESKTOP-OFJ6N53", "TimeCreated": "2025-08-07 10:04:17.168472+00:00", "RecordID": "12765", "Level": "4", "UserID": "S-1-5-19", "EventData.NewTime": "2025-08-07T10:04:17.167Z", "EventData.OldTime": "2025-08-07T10:04:17.164Z", "EventData.TickCount": "612045078"}
{"EventID": "261", "Channel": "Microsoft-Windows-Time-Service/Operational", "Provider_Name": "Microsoft-Windows-Time-Service", "Computer": "DESKTOP-OFJ6N53", "TimeCreated": "2025-08-07 10:04:17.170418+00:00", "RecordID": "12766", "Level": "4", "UserID": "S-1-5-19", "EventData.NewTime": "2025-08-07T10:04:17.169Z", "EventData.OldTime": "2025-08-07T10:04:17.167Z", "EventData.TickCount": "612045078"}
{"EventID": "258", "Channel": "Microsoft-Windows-Time-Service/Operational", "Provider_Name": "Microsoft-Windows-Time-Service", "Computer": "DESKTOP-OFJ6N53", "TimeCreated": "2025-08-07 10:04:17.178816+00:00", "RecordID": "12767", "Level": "4", "UserID": "S-1-5-19", "EventData.CurrentTime(UTC)": "2025-08-07T10:04:17.178Z", "EventData.TickCount": "612045078", "EventData.ErrorMessage": "0x00000000: Успешно."}
{"EventID": "272", "Channel": "Microsoft-Windows-Time-Service/Operational", "Provider_Name": "Microsoft-Windows-Time-Service", "Computer": "DESKTOP-OFJ6N53", "TimeCreated": "2025-08-08 08:49:10.077482+00:00", "RecordID": "12768", "Level": "4", "UserID": "S-1-5-19", "EventData.Enabled": "1", "EventData.LeapSecondCount": "0", "EventData.CurrentUtcOffset": "0", "EventData.RuntimeStateAndSettingsConsistent": "1", "EventData.NewestLeapSecondsList": null, "EventData.TickCount": "693937968"}
{"EventID": "257", "Channel": "Microsoft-Windows-Time-Service/Operational", "Provider_Name": "Microsoft-Windows-Time-Service", "Computer": "DESKTOP-OFJ6N53", "TimeCreated": "2025-08-08 08:49:10.258675+00:00", "RecordID": "12769", "Level": "4", "UserID": "S-1-5-19", "EventData.CurrentTime(UTC)": "2025-08-08T08:49:10.258Z", "EventData.TickCount": "693937968", "EventData.Configuration": "EventLogFlags: 2 (Локальный)\nAnnounceFlags: 10 (Локальный)\nTimeJumpAuditOffset: 28800 (Локальный)\nMinPollInterval: 10 (Локальный)\nMaxPollInterval: 15 (Локальный)\nMaxNegPhaseCorrection: 54000 (Локальный)\nMaxPosPhaseCorrection: 54000 (Локальный)\nMaxAllowedPhaseOffset: 1 (Локальный)\n\nFrequencyCorrectRate: 4 (Локальный)\nPollAdjustFactor: 5 (Локальный)\nLargePhaseOffset: 50000000 (Локальный)\nSpikeWatchPeriod: 900 (Локальный)\nLocalClockDispersion: 10 (Локальный)\nHoldPeriod: 5 (Локальный)\nPhaseCorrectRate: 1 (Локальный)\nUpdateInterval: 360000 (Локальный)\n\nFileLogName:  (Не определен или не используется)\nFileLogEntries:  (Не определен или не используется)\nFileLogSize: 0 (Не определен или не используется)\nFileLogFlags: 0 (Не определен или не используется)\n\nUtilizeSslTimeData: 1 (Локальный)\n\n[Leap Seconds]\nEnabled: 1 (Local)\nTotal Leap Seconds (after June 2018): 0 (Local)\nCurrent UTC offset: 0 (Local)", "EventData.TimeProviders": "NtpClient (Локальный)\nDllName: C:\\Windows\\system32\\w32time.dll (Локальный)\nEnabled: 1 (Локальный)\nInputProvider: 1 (Локальный)\nCrossSiteSyncFlags: 0 (Не определен или не используется)\nAllowNonstandardModeCombinations: 1 (Локальный)\nResolvePeerBackoffMinutes: 15 (Локальный)\nResolvePeerBackoffMaxTimes: 7 (Локальный)\nCompatibilityFlags: 2147483648 (Локальный)\nEventLogFlags: 1 (Локальный)\nLargeSampleSkew: 3 (Локальный)\nSpecialPollInterval: 32768 (Локальный)\nType: NTP (Локальный)\nNtpServer: time.windows.com,0x9 (Локальный)\n\nVMICTimeProvider (Локальный)\nDllName: C:\\Windows\\System32\\vmictimeprovider.dll (Локальный)\nEnabled: 1 (Локальный)\nInputProvider: 1 (Локальный)\n\nNtpServer (Локальный)\nDllName: C:\\Windows\\system32\\w32time.dll (Локальный)\nEnabled: 0 (Локальный)\nInputProvider: 0 (Локальный)", "EventData.ClockRate": "156250"}
{"EventID": "266", "Channel": "Microsoft-Windows-Time-Service/Operational", "Provider_Name": "Microsoft-Windows-Time-Service", "Computer": "DESKTOP-OFJ6N53", "TimeCreated": "2025-08-08 08:49:10.261177+00:00", "RecordID": "12770", "Level": "4", "UserID": "S-1-5-19", "EventData.ReasonCode": "2", "EventData.TickCount": "693938156"}
{"EventID": "264", "Channel": "Microsoft-Windows-Time-Service/Operational", "Provider_Name": "Microsoft-Windows-Time-Service", "Computer": "DESKTOP-OFJ6N53", "TimeCreated": "2025-08-08 08:49:11.964771+00:00", "RecordID": "12771", "Level": "4", "UserID": "S-1-5-19", "EventData.AllNtpServers": "time.windows.com,0x9 (ntp.m|0x9|0.0.0.0:123->104.40.149.189:123);", "EventData.TickCount": "693939875"}
{"EventID": "261", "Channel": "Microsoft-Windows-Time-Service/Operational", "Provider_Name": "Microsoft-Windows-Time-Service", "Computer": "DESKTOP-OFJ6N53", "TimeCreated": "2025-08-08 08:49:27.835016+00:00", "RecordID": "12772", "Level": "4", "UserID": "S-1-5-19", "EventData.NewTime": "2025-08-08T08:49:27.833Z", "EventData.OldTime": "2025-08-08T08:49:26.490Z", "EventData.TickCount": "693954406"}
{"EventID": "266", "Channel": "Microsoft-Windows-Time-Service/Operational", "Provider_Name": "Microsoft-Windows-Time-Service", "Computer": "DESKTOP-OFJ6N53", "TimeCreated": "2025-08-08 08:49:27.835573+00:00", "RecordID": "12773", "Level": "4", "UserID": "S-1-5-19", "EventData.ReasonCode": "3", "EventData.TickCount": "693954406"}
{"EventID": "265", "Channel": "Microsoft-Windows-Time-Service/Operational", "Provider_Name": "Microsoft-Windows-Time-Service", "Computer": "DESKTOP-OFJ6N53", "TimeCreated": "2025-08-08 08:49:27.835602+00:00", "RecordID": "12774", "Level": "4", "UserID": "S-1-5-19", "EventData.TimeSource": "time.windows.com,0x9 (ntp.m|0x9|0.0.0.0:123->104.40.149.189:123)", "EventData.TimeSourceRefId": "0x682895BD", "EventData.LocalStratumNumber": "4", "EventData.TickCount": "693954406"}
{"EventID": "261", "Channel": "Microsoft-Windows-Time-Service/Operational", "Provider_Name": "Microsoft-Windows-Time-Service", "Computer": "DESKTOP-OFJ6N53", "TimeCreated": "2025-08-08 08:49:27.836098+00:00", "RecordID": "12775", "Level": "4", "UserID": "S-1-5-19", "EventData.NewTime": "2025-08-08T08:49:27.835Z", "EventData.OldTime": "2025-08-08T08:49:27.833Z", "EventData.TickCount": "693954406"}
{"EventID": "261", "Channel": "Microsoft-Windows-Time-Service/Operational", "Provider_Name": "Microsoft-Windows-Time-Service", "Computer": "DESKTOP-OFJ6N53", "TimeCreated": "2025-08-08 08:49:27.837269+00:00", "RecordID": "12776", "Level": "4", "UserID": "S-1-5-19", "EventData.NewTime": "2025-08-08T08:49:27.836Z", "EventData.OldTime": "2025-08-08T08:49:27.835Z", "EventData.TickCount": "693954406"}
{"EventID": "258", "Channel": "Microsoft-Windows-Time-Service/Operational", "Provider_Name": "Microsoft-Windows-Time-Service", "Computer": "DESKTOP-OFJ6N53", "TimeCreated": "2025-08-08 08:49:27.850880+00:00", "RecordID": "12777", "Level": "4", "UserID": "S-1-5-19", "EventData.CurrentTime(UTC)": "2025-08-08T08:49:27.850Z", "EventData.TickCount": "693954406", "EventData.ErrorMessage": "0x00000000: Успешно."}
{"EventID": "272", "Channel": "Microsoft-Windows-Time-Service/Operational", "Provider_Name": "Microsoft-Windows-Time-Service", "Computer": "DESKTOP-OFJ6N53", "TimeCreated": "2025-08-09 10:03:57.362976+00:00", "RecordID": "12778", "Level": "4", "UserID": "S-1-5-19", "EventData.Enabled": "1", "EventData.LeapSecondCount": "0", "EventData.CurrentUtcOffset": "0", "EventData.RuntimeStateAndSettingsConsistent": "1", "EventData.NewestLeapSecondsList": null, "EventData.TickCount": "784823937"}
{"EventID": "257", "Channel": "Microsoft-Windows-Time-Service/Operational", "Provider_Name": "Microsoft-Windows-Time-Service", "Computer": "DESKTOP-OFJ6N53", "TimeCreated": "2025-08-09 10:03:57.380625+00:00", "RecordID": "12779", "Level": "4", "UserID": "S-1-5-19", "EventData.CurrentTime(UTC)": "2025-08-09T10:03:57.380Z", "EventData.TickCount": "784823937", "EventData.Configuration": "EventLogFlags: 2 (Локальный)\nAnnounceFlags: 10 (Локальный)\nTimeJumpAuditOffset: 28800 (Локальный)\nMinPollInterval: 10 (Локальный)\nMaxPollInterval: 15 (Локальный)\nMaxNegPhaseCorrection: 54000 (Локальный)\nMaxPosPhaseCorrection: 54000 (Локальный)\nMaxAllowedPhaseOffset: 1 (Локальный)\n\nFrequencyCorrectRate: 4 (Локальный)\nPollAdjustFactor: 5 (Локальный)\nLargePhaseOffset: 50000000 (Локальный)\nSpikeWatchPeriod: 900 (Локальный)\nLocalClockDispersion: 10 (Локальный)\nHoldPeriod: 5 (Локальный)\nPhaseCorrectRate: 1 (Локальный)\nUpdateInterval: 360000 (Локальный)\n\nFileLogName:  (Не определен или не используется)\nFileLogEntries:  (Не определен или не используется)\nFileLogSize: 0 (Не определен или не используется)\nFileLogFlags: 0 (Не определен или не используется)\n\nUtilizeSslTimeData: 1 (Локальный)\n\n[Leap Seconds]\nEnabled: 1 (Local)\nTotal Leap Seconds (after June 2018): 0 (Local)\nCurrent UTC offset: 0 (Local)", "EventData.TimeProviders": "NtpClient (Локальный)\nDllName: C:\\Windows\\system32\\w32time.dll (Локальный)\nEnabled: 1 (Локальный)\nInputProvider: 1 (Локальный)\nCrossSiteSyncFlags: 0 (Не определен или не используется)\nAllowNonstandardModeCombinations: 1 (Локальный)\nResolvePeerBackoffMinutes: 15 (Локальный)\nResolvePeerBackoffMaxTimes: 7 (Локальный)\nCompatibilityFlags: 2147483648 (Локальный)\nEventLogFlags: 1 (Локальный)\nLargeSampleSkew: 3 (Локальный)\nSpecialPollInterval: 32768 (Локальный)\nType: NTP (Локальный)\nNtpServer: time.windows.com,0x9 (Локальный)\n\nVMICTimeProvider (Локальный)\nDllName: C:\\Windows\\System32\\vmictimeprovider.dll (Локальный)\nEnabled: 1 (Локальный)\nInputProvider: 1 (Локальный)\n\nNtpServer (Локальный)\nDllName: C:\\Windows\\system32\\w32time.dll (Локальный)\nEnabled: 0 (Локальный)\nInputProvider: 0 (Локальный)", "EventData.ClockRate": "156250"}
{"EventID": "266", "Channel": "Microsoft-Windows-Time-Service/Operational", "Provider_Name": "Microsoft-Windows-Time-Service", "Computer": "DESKTOP-OFJ6N53", "TimeCreated": "2025-08-09 10:03:57.386463+00:00", "RecordID": "12780", "Level": "4", "UserID": "S-1-5-19", "EventData.ReasonCode": "2", "EventData.TickCount": "784823953"}
{"EventID": "264", "Channel": "Microsoft-Windows-Time-Service/Operational", "Provider_Name": "Microsoft-Windows-Time-Service", "Computer": "DESKTOP-OFJ6N53", "TimeCreated": "2025-08-09 10:03:59.296263+00:00", "RecordID": "12781", "Level": "4", "UserID": "S-1-5-19", "EventData.AllNtpServers": "time.windows.com,0x9 (ntp.m|0x9|0.0.0.0:123->51.145.123.29:123);", "EventData.TickCount": "784825859"}
{"EventID": "261", "Channel": "Microsoft-Windows-Time-Service/Operational", "Provider_Name": "Microsoft-Windows-Time-Service", "Computer": "DESKTOP-OFJ6N53", "TimeCreated": "2025-08-09 10:04:15.223335+00:00", "RecordID": "12782", "Level": "4", "UserID": "S-1-5-19", "EventData.NewTime": "2025-08-09T10:04:15.221Z", "EventData.OldTime": "2025-08-09T10:04:13.752Z", "EventData.TickCount": "784840328"}
{"EventID": "265", "Channel": "Microsoft-Windows-Time-Service/Operational", "Provider_Name": "Microsoft-Windows-Time-Service", "Computer": "DESKTOP-OFJ6N53", "TimeCreated": "2025-08-09 10:04:15.223656+00:00", "RecordID": "12783", "Level": "4", "UserID": "S-1-5-19", "EventData.TimeSource": "time.windows.com,0x9 (ntp.m|0x9|0.0.0.0:123->51.145.123.29:123)", "EventData.TimeSourceRefId": "0x33917B1D", "EventData.LocalStratumNumber": "4", "EventData.TickCount": "784840328"}
{"EventID": "266", "Channel": "Microsoft-Windows-Time-Service/Operational", "Provider_Name": "Microsoft-Windows-Time-Service", "Computer": "DESKTOP-OFJ6N53", "TimeCreated": "2025-08-09 10:04:15.223663+00:00", "RecordID": "12784", "Level": "4", "UserID": "S-1-5-19", "EventData.ReasonCode": "3", "EventData.TickCount": "784840328"}
{"EventID": "261", "Channel": "Microsoft-Windows-Time-Service/Operational", "Provider_Name": "Microsoft-Windows-Time-Service", "Computer": "DESKTOP-OFJ6N53", "TimeCreated": "2025-08-09 10:04:15.224100+00:00", "RecordID": "12785", "Level": "4", "UserID": "S-1-5-19", "EventData.NewTime": "2025-08-09T10:04:15.223Z", "EventData.OldTime": "2025-08-09T10:04:15.221Z", "EventData.TickCount": "784840328"}
{"EventID": "261", "Channel": "Microsoft-Windows-Time-Service/Operational", "Provider_Name": "Microsoft-Windows-Time-Service", "Computer": "DESKTOP-OFJ6N53", "TimeCreated": "2025-08-09 10:04:15.224751+00:00", "RecordID": "12786", "Level": "4", "UserID": "S-1-5-19", "EventData.NewTime": "2025-08-09T10:04:15.224Z", "EventData.OldTime": "2025-08-09T10:04:15.223Z", "EventData.TickCount": "784840328"}
{"EventID": "258", "Channel": "Microsoft-Windows-Time-Service/Operational", "Provider_Name": "Microsoft-Windows-Time-Service", "Computer": "DESKTOP-OFJ6N53", "TimeCreated": "2025-08-09 10:04:15.239386+00:00", "RecordID": "12787", "Level": "4", "UserID": "S-1-5-19", "EventData.CurrentTime(UTC)": "2025-08-09T10:04:15.239Z", "EventData.TickCount": "784840343", "EventData.ErrorMessage": "0x00000000: Успешно."}
{"EventID": "272", "Channel": "Microsoft-Windows-Time-Service/Operational", "Provider_Name": "Microsoft-Windows-Time-Service", "Computer": "DESKTOP-OFJ6N53", "TimeCreated": "2025-08-10 10:04:01.303192+00:00", "RecordID": "12788", "Level": "4", "UserID": "S-1-5-19", "EventData.Enabled": "1", "EventData.LeapSecondCount": "0", "EventData.CurrentUtcOffset": "0", "EventData.RuntimeStateAndSettingsConsistent": "1", "EventData.NewestLeapSecondsList": null, "EventData.TickCount": "871226390"}
{"EventID": "257", "Channel": "Microsoft-Windows-Time-Service/Operational", "Provider_Name": "Microsoft-Windows-Time-Service", "Computer": "DESKTOP-OFJ6N53", "TimeCreated": "2025-08-10 10:04:01.331957+00:00", "RecordID": "12789", "Level": "4", "UserID": "S-1-5-19", "EventData.CurrentTime(UTC)": "2025-08-10T10:04:01.331Z", "EventData.TickCount": "871226390", "EventData.Configuration": "EventLogFlags: 2 (Локальный)\nAnnounceFlags: 10 (Локальный)\nTimeJumpAuditOffset: 28800 (Локальный)\nMinPollInterval: 10 (Локальный)\nMaxPollInterval: 15 (Локальный)\nMaxNegPhaseCorrection: 54000 (Локальный)\nMaxPosPhaseCorrection: 54000 (Локальный)\nMaxAllowedPhaseOffset: 1 (Локальный)\n\nFrequencyCorrectRate: 4 (Локальный)\nPollAdjustFactor: 5 (Локальный)\nLargePhaseOffset: 50000000 (Локальный)\nSpikeWatchPeriod: 900 (Локальный)\nLocalClockDispersion: 10 (Локальный)\nHoldPeriod: 5 (Локальный)\nPhaseCorrectRate: 1 (Локальный)\nUpdateInterval: 360000 (Локальный)\n\nFileLogName:  (Не определен или не используется)\nFileLogEntries:  (Не определен или не используется)\nFileLogSize: 0 (Не определен или не используется)\nFileLogFlags: 0 (Не определен или не используется)\n\nUtilizeSslTimeData: 1 (Локальный)\n\n[Leap Seconds]\nEnabled: 1 (Local)\nTotal Leap Seconds (after June 2018): 0 (Local)\nCurrent UTC offset: 0 (Local)", "EventData.TimeProviders": "NtpClient (Локальный)\nDllName: C:\\Windows\\system32\\w32time.dll (Локальный)\nEnabled: 1 (Локальный)\nInputProvider: 1 (Локальный)\nCrossSiteSyncFlags: 0 (Не определен или не используется)\nAllowNonstandardModeCombinations: 1 (Локальный)\nResolvePeerBackoffMinutes: 15 (Локальный)\nResolvePeerBackoffMaxTimes: 7 (Локальный)\nCompatibilityFlags: 2147483648 (Локальный)\nEventLogFlags: 1 (Локальный)\nLargeSampleSkew: 3 (Локальный)\nSpecialPollInterval: 32768 (Локальный)\nType: NTP (Локальный)\nNtpServer: time.windows.com,0x9 (Локальный)\n\nVMICTimeProvider (Локальный)\nDllName: C:\\Windows\\System32\\vmictimeprovider.dll (Локальный)\nEnabled: 1 (Локальный)\nInputProvider: 1 (Локальный)\n\nNtpServer (Локальный)\nDllName: C:\\Windows\\system32\\w32time.dll (Локальный)\nEnabled: 0 (Локальный)\nInputProvider: 0 (Локальный)", "EventData.ClockRate": "156250"}
{"EventID": "266", "Channel": "Microsoft-Windows-Time-Service/Operational", "Provider_Name": "Microsoft-Windows-Time-Service", "Computer": "DESKTOP-OFJ6N53", "TimeCreated": "2025-08-10 10:04:01.333668+00:00", "RecordID": "12790", "Level": "4", "UserID": "S-1-5-19", "EventData.ReasonCode": "2", "EventData.TickCount": "871226421"}
{"EventID": "264", "Channel": "Microsoft-Windows-Time-Service/Operational", "Provider_Name": "Microsoft-Windows-Time-Service", "Computer": "DESKTOP-OFJ6N53", "TimeCreated": "2025-08-10 10:04:03.301653+00:00", "RecordID": "12791", "Level": "4", "UserID": "S-1-5-19", "EventData.AllNtpServers": "time.windows.com,0x9 (ntp.m|0x9|0.0.0.0:123->20.101.57.9:123);", "EventData.TickCount": "871228406"}
{"EventID": "261", "Channel": "Microsoft-Windows-Time-Service/Operational", "Provider_Name": "Microsoft-Windows-Time-Service", "Computer": "DESKTOP-OFJ6N53", "TimeCreated": "2025-08-10 10:04:18.962645+00:00", "RecordID": "12792", "Level": "4", "UserID": "S-1-5-19", "EventData.NewTime": "2025-08-10T10:04:18.959Z", "EventData.OldTime": "2025-08-10T10:04:17.418Z", "EventData.TickCount": "871242515"}
{"EventID": "266", "Channel": "Microsoft-Windows-Time-Service/Operational", "Provider_Name": "Microsoft-Windows-Time-Service", "Computer": "DESKTOP-OFJ6N53", "TimeCreated": "2025-08-10 10:04:18.962950+00:00", "RecordID": "12793", "Level": "4", "UserID": "S-1-5-19", "EventData.ReasonCode": "3", "EventData.TickCount": "871242515"}
{"EventID": "265", "Channel": "Microsoft-Windows-Time-Service/Operational", "Provider_Name": "Microsoft-Windows-Time-Service", "Computer": "DESKTOP-OFJ6N53", "TimeCreated": "2025-08-10 10:04:18.962996+00:00", "RecordID": "12794", "Level": "4", "UserID": "S-1-5-19", "EventData.TimeSource": "time.windows.com,0x9 (ntp.m|0x9|0.0.0.0:123->20.101.57.9:123)", "EventData.TimeSourceRefId": "0x14653909", "EventData.LocalStratumNumber": "4", "EventData.TickCount": "871242515"}
{"EventID": "261", "Channel": "Microsoft-Windows-Time-Service/Operational", "Provider_Name": "Microsoft-Windows-Time-Service", "Computer": "DESKTOP-OFJ6N53", "TimeCreated": "2025-08-10 10:04:18.963556+00:00", "RecordID": "12795", "Level": "4", "UserID": "S-1-5-19", "EventData.NewTime": "2025-08-10T10:04:18.963Z", "EventData.OldTime": "2025-08-10T10:04:18.959Z", "EventData.TickCount": "871242515"}
{"EventID": "261", "Channel": "Microsoft-Windows-Time-Service/Operational", "Provider_Name": "Microsoft-Windows-Time-Service", "Computer": "DESKTOP-OFJ6N53", "TimeCreated": "2025-08-10 10:04:18.965158+00:00", "RecordID": "12796", "Level": "4", "UserID": "S-1-5-19", "EventData.NewTime": "2025-08-10T10:04:18.964Z", "EventData.OldTime": "2025-08-10T10:04:18.963Z", "EventData.TickCount": "871242515"}
{"EventID": "258", "Channel": "Microsoft-Windows-Time-Service/Operational", "Provider_Name": "Microsoft-Windows-Time-Service", "Computer": "DESKTOP-OFJ6N53", "TimeCreated": "2025-08-10 10:04:18.972231+00:00", "RecordID": "12797", "Level": "4", "UserID": "S-1-5-19", "EventData.CurrentTime(UTC)": "2025-08-10T10:04:18.972Z", "EventData.TickCount": "871242515", "EventData.ErrorMessage": "0x00000000: Успешно."}
{"EventID": "272", "Channel": "Microsoft-Windows-Time-Service/Operational", "Provider_Name": "Microsoft-Windows-Time-Service", "Computer": "DESKTOP-OFJ6N53", "TimeCreated": "2025-08-11 10:04:03.760643+00:00", "RecordID": "12798", "Level": "4", "UserID": "S-1-5-19", "EventData.Enabled": "1", "EventData.LeapSecondCount": "0", "EventData.CurrentUtcOffset": "0", "EventData.RuntimeStateAndSettingsConsistent": "1", "EventData.NewestLeapSecondsList": null, "EventData.TickCount": "957627312"}
{"EventID": "257", "Channel": "Microsoft-Windows-Time-Service/Operational", "Provider_Name": "Microsoft-Windows-Time-Service", "Computer": "DESKTOP-OFJ6N53", "TimeCreated": "2025-08-11 10:04:03.787405+00:00", "RecordID": "12799", "Level": "4", "UserID": "S-1-5-19", "EventData.CurrentTime(UTC)": "2025-08-11T10:04:03.787Z", "EventData.TickCount": "957627312", "EventData.Configuration": "EventLogFlags: 2 (Локальный)\nAnnounceFlags: 10 (Локальный)\nTimeJumpAuditOffset: 28800 (Локальный)\nMinPollInterval: 10 (Локальный)\nMaxPollInterval: 15 (Локальный)\nMaxNegPhaseCorrection: 54000 (Локальный)\nMaxPosPhaseCorrection: 54000 (Локальный)\nMaxAllowedPhaseOffset: 1 (Локальный)\n\nFrequencyCorrectRate: 4 (Локальный)\nPollAdjustFactor: 5 (Локальный)\nLargePhaseOffset: 50000000 (Локальный)\nSpikeWatchPeriod: 900 (Локальный)\nLocalClockDispersion: 10 (Локальный)\nHoldPeriod: 5 (Локальный)\nPhaseCorrectRate: 1 (Локальный)\nUpdateInterval: 360000 (Локальный)\n\nFileLogName:  (Не определен или не используется)\nFileLogEntries:  (Не определен или не используется)\nFileLogSize: 0 (Не определен или не используется)\nFileLogFlags: 0 (Не определен или не используется)\n\nUtilizeSslTimeData: 1 (Локальный)\n\n[Leap Seconds]\nEnabled: 1 (Local)\nTotal Leap Seconds (after June 2018): 0 (Local)\nCurrent UTC offset: 0 (Local)", "EventData.TimeProviders": "NtpClient (Локальный)\nDllName: C:\\Windows\\system32\\w32time.dll (Локальный)\nEnabled: 1 (Локальный)\nInputProvider: 1 (Локальный)\nCrossSiteSyncFlags: 0 (Не определен или не используется)\nAllowNonstandardModeCombinations: 1 (Локальный)\nResolvePeerBackoffMinutes: 15 (Локальный)\nResolvePeerBackoffMaxTimes: 7 (Локальный)\nCompatibilityFlags: 2147483648 (Локальный)\nEventLogFlags: 1 (Локальный)\nLargeSampleSkew: 3 (Локальный)\nSpecialPollInterval: 32768 (Локальный)\nType: NTP (Локальный)\nNtpServer: time.windows.com,0x9 (Локальный)\n\nVMICTimeProvider (Локальный)\nDllName: C:\\Windows\\System32\\vmictimeprovider.dll (Локальный)\nEnabled: 1 (Локальный)\nInputProvider: 1 (Локальный)\n\nNtpServer (Локальный)\nDllName: C:\\Windows\\system32\\w32time.dll (Локальный)\nEnabled: 0 (Локальный)\nInputProvider: 0 (Локальный)", "EventData.ClockRate": "156250"}
{"EventID": "266", "Channel": "Microsoft-Windows-Time-Service/Operational", "Provider_Name": "Microsoft-Windows-Time-Service", "Computer": "DESKTOP-OFJ6N53", "TimeCreated": "2025-08-11 10:04:03.787868+00:00", "RecordID": "12800", "Level": "4", "UserID": "S-1-5-19", "EventData.ReasonCode": "2", "EventData.TickCount": "957627343"}
{"EventID": "264", "Channel": "Microsoft-Windows-Time-Service/Operational", "Provider_Name": "Microsoft-Windows-Time-Service", "Computer": "DESKTOP-OFJ6N53", "TimeCreated": "2025-08-11 10:04:05.448614+00:00", "RecordID": "12801", "Level": "4", "UserID": "S-1-5-19", "EventData.AllNtpServers": "time.windows.com,0x9 (ntp.m|0x9|0.0.0.0:123->104.40.149.189:123);", "EventData.TickCount": "957629015"}
{"EventID": "261", "Channel": "Microsoft-Windows-Time-Service/Operational", "Provider_Name": "Microsoft-Windows-Time-Service", "Computer": "DESKTOP-OFJ6N53", "TimeCreated": "2025-08-11 10:04:21.111197+00:00", "RecordID": "12802", "Level": "4", "UserID": "S-1-5-19", "EventData.NewTime": "2025-08-11T10:04:21.110Z", "EventData.OldTime": "2025-08-11T10:04:19.838Z", "EventData.TickCount": "957643406"}
{"EventID": "266", "Channel": "Microsoft-Windows-Time-Service/Operational", "Provider_Name": "Microsoft-Windows-Time-Service", "Computer": "DESKTOP-OFJ6N53", "TimeCreated": "2025-08-11 10:04:21.114790+00:00", "RecordID": "12803", "Level": "4", "UserID": "S-1-5-19", "EventData.ReasonCode": "3", "EventData.TickCount": "957643406"}
{"EventID": "265", "Channel": "Microsoft-Windows-Time-Service/Operational", "Provider_Name": "Microsoft-Windows-Time-Service", "Computer": "DESKTOP-OFJ6N53", "TimeCreated": "2025-08-11 10:04:21.114817+00:00", "RecordID": "12804", "Level": "4", "UserID": "S-1-5-19", "EventData.TimeSource": "time.windows.com,0x9 (ntp.m|0x9|0.0.0.0:123->104.40.149.189:123)", "EventData.TimeSourceRefId": "0x682895BD", "EventData.LocalStratumNumber": "4", "EventData.TickCount": "957643406"}
{"EventID": "261", "Channel": "Microsoft-Windows-Time-Service/Operational", "Provider_Name": "Microsoft-Windows-Time-Service", "Computer": "DESKTOP-OFJ6N53", "TimeCreated": "2025-08-11 10:04:21.115398+00:00", "RecordID": "12805", "Level": "4", "UserID": "S-1-5-19", "EventData.NewTime": "2025-08-11T10:04:21.114Z", "EventData.OldTime": "2025-08-11T10:04:21.110Z", "EventData.TickCount": "957643406"}
{"EventID": "261", "Channel": "Microsoft-Windows-Time-Service/Operational", "Provider_Name": "Microsoft-Windows-Time-Service", "Computer": "DESKTOP-OFJ6N53", "TimeCreated": "2025-08-11 10:04:21.120884+00:00", "RecordID": "12806", "Level": "4", "UserID": "S-1-5-19", "EventData.NewTime": "2025-08-11T10:04:21.120Z", "EventData.OldTime": "2025-08-11T10:04:21.115Z", "EventData.TickCount": "957643406"}
{"EventID": "258", "Channel": "Microsoft-Windows-Time-Service/Operational", "Provider_Name": "Microsoft-Windows-Time-Service", "Computer": "DESKTOP-OFJ6N53", "TimeCreated": "2025-08-11 10:04:21.134033+00:00", "RecordID": "12807", "Level": "4", "UserID": "S-1-5-19", "EventData.CurrentTime(UTC)": "2025-08-11T10:04:21.134Z", "EventData.TickCount": "957643421", "EventData.ErrorMessage": "0x00000000: Успешно."}
{"EventID": "272", "Channel": "Microsoft-Windows-Time-Service/Operational", "Provider_Name": "Microsoft-Windows-Time-Service", "Computer": "DESKTOP-OFJ6N53", "TimeCreated": "2025-08-12 10:03:37.536545+00:00", "RecordID": "12808", "Level": "4", "UserID": "S-1-5-19", "EventData.Enabled": "1", "EventData.LeapSecondCount": "0", "EventData.CurrentUtcOffset": "0", "EventData.RuntimeStateAndSettingsConsistent": "1", "EventData.NewestLeapSecondsList": null, "EventData.TickCount": "1043999812"}
{"EventID": "257", "Channel": "Microsoft-Windows-Time-Service/Operational", "Provider_Name": "Microsoft-Windows-Time-Service", "Computer": "DESKTOP-OFJ6N53", "TimeCreated": "2025-08-12 10:03:37.552267+00:00", "RecordID": "12809", "Level": "4", "UserID": "S-1-5-19", "EventData.CurrentTime(UTC)": "2025-08-12T10:03:37.552Z", "EventData.TickCount": "1043999812", "EventData.Configuration": "EventLogFlags: 2 (Локальный)\nAnnounceFlags: 10 (Локальный)\nTimeJumpAuditOffset: 28800 (Локальный)\nMinPollInterval: 10 (Локальный)\nMaxPollInterval: 15 (Локальный)\nMaxNegPhaseCorrection: 54000 (Локальный)\nMaxPosPhaseCorrection: 54000 (Локальный)\nMaxAllowedPhaseOffset: 1 (Локальный)\n\nFrequencyCorrectRate: 4 (Локальный)\nPollAdjustFactor: 5 (Локальный)\nLargePhaseOffset: 50000000 (Локальный)\nSpikeWatchPeriod: 900 (Локальный)\nLocalClockDispersion: 10 (Локальный)\nHoldPeriod: 5 (Локальный)\nPhaseCorrectRate: 1 (Локальный)\nUpdateInterval: 360000 (Локальный)\n\nFileLogName:  (Не определен или не используется)\nFileLogEntries:  (Не определен или не используется)\nFileLogSize: 0 (Не определен или не используется)\nFileLogFlags: 0 (Не определен или не используется)\n\nUtilizeSslTimeData: 1 (Локальный)\n\n[Leap Seconds]\nEnabled: 1 (Local)\nTotal Leap Seconds (after June 2018): 0 (Local)\nCurrent UTC offset: 0 (Local)", "EventData.TimeProviders": "NtpClient (Локальный)\nDllName: C:\\Windows\\system32\\w32time.dll (Локальный)\nEnabled: 1 (Локальный)\nInputProvider: 1 (Локальный)\nCrossSiteSyncFlags: 0 (Не определен или не используется)\nAllowNonstandardModeCombinations: 1 (Локальный)\nResolvePeerBackoffMinutes: 15 (Локальный)\nResolvePeerBackoffMaxTimes: 7 (Локальный)\nCompatibilityFlags: 2147483648 (Локальный)\nEventLogFlags: 1 (Локальный)\nLargeSampleSkew: 3 (Локальный)\nSpecialPollInterval: 32768 (Локальный)\nType: NTP (Локальный)\nNtpServer: time.windows.com,0x9 (Локальный)\n\nVMICTimeProvider (Локальный)\nDllName: C:\\Windows\\System32\\vmictimeprovider.dll (Локальный)\nEnabled: 1 (Локальный)\nInputProvider: 1 (Локальный)\n\nNtpServer (Локальный)\nDllName: C:\\Windows\\system32\\w32time.dll (Локальный)\nEnabled: 0 (Локальный)\nInputProvider: 0 (Локальный)", "EventData.ClockRate": "156250"}
{"EventID": "266", "Channel": "Microsoft-Windows-Time-Service/Operational", "Provider_Name": "Microsoft-Windows-Time-Service", "Computer": "DESKTOP-OFJ6N53", "TimeCreated": "2025-08-12 10:03:37.555300+00:00", "RecordID": "12810", "Level": "4", "UserID": "S-1-5-19", "EventData.ReasonCode": "2", "EventData.TickCount": "1043999843"}
{"EventID": "264", "Channel": "Microsoft-Windows-Time-Service/Operational", "Provider_Name": "Microsoft-Windows-Time-Service", "Computer": "DESKTOP-OFJ6N53", "TimeCreated": "2025-08-12 10:03:39.166470+00:00", "RecordID": "12811", "Level": "4", "UserID": "S-1-5-19", "EventData.AllNtpServers": "time.windows.com,0x9 (ntp.m|0x9|0.0.0.0:123->20.101.57.9:123);", "EventData.TickCount": "1044001453"}
