{"EventID": "811", "Channel": "Microsoft-Windows-Winlogon/Operational", "Provider_Name": "Microsoft-Windows-Winlogon", "Computer": "DESKTOP-OFJ6N53", "TimeCreated": "2025-08-12 14:58:42.077597+00:00", "RecordID": "34413", "Level": "4", "UserID": "S-1-5-21-963789628-1060504924-4285088085-1001", "EventData.Event": "4", "EventData.SubscriberName": "Sens"}
{"EventID": "812", "Channel": "Microsoft-Windows-Winlogon/Operational", "Provider_Name": "Microsoft-Windows-Winlogon", "Computer": "DESKTOP-OFJ6N53", "TimeCreated": "2025-08-12 14:58:42.101801+00:00", "RecordID": "34414", "Level": "4", "UserID": "S-1-5-21-963789628-1060504924-4285088085-1001", "EventData.Event": "4", "EventData.SubscriberName": "Sens"}
{"EventID": "811", "Channel": "Microsoft-Windows-Winlogon/Operational", "Provider_Name": "Microsoft-Windows-Winlogon", "Computer": "DESKTOP-OFJ6N53", "TimeCreated": "2025-08-12 14:58:42.101912+00:00", "RecordID": "34415", "Level": "4", "UserID": "S-1-5-21-963789628-1060504924-4285088085-1001", "EventData.Event": "4", "EventData.SubscriberName": "TermSrv"}
{"EventID": "812", "Channel": "Microsoft-Windows-Winlogon/Operational", "Provider_Name": "Microsoft-Windows-Winlogon", "Computer": "DESKTOP-OFJ6N53", "TimeCreated": "2025-08-12 14:58:42.117109+00:00", "RecordID": "34416", "Level": "4", "UserID": "S-1-5-21-963789628-1060504924-4285088085-1001", "EventData.Event": "4", "EventData.SubscriberName": "TermSrv"}
{"EventID": "811", "Channel": "Microsoft-Windows-Winlogon/Operational", "Provider_Name": "Microsoft-Windows-Winlogon", "Computer": "DESKTOP-OFJ6N53", "TimeCreated": "2025-08-12 14:58:42.117735+00:00", "RecordID": "34417", "Level": "4", "UserID": "S-1-5-21-963789628-1060504924-4285088085-1001", "EventData.Event": "8", "EventData.SubscriberName": "Sens"}
{"EventID": "812", "Channel": "Microsoft-Windows-Winlogon/Operational", "Provider_Name": "Microsoft-Windows-Winlogon", "Computer": "DESKTOP-OFJ6N53", "TimeCreated": "2025-08-12 14:58:42.118399+00:00", "RecordID": "34418", "Level": "4", "UserID": "S-1-5-21-963789628-1060504924-4285088085-1001", "EventData.Event": "8", "EventData.SubscriberName": "Sens"}
{"EventID": "811", "Channel": "Microsoft-Windows-Winlogon/Operational", "Provider_Name": "Microsoft-Windows-Winlogon", "Computer": "DESKTOP-OFJ6N53", "TimeCreated": "2025-08-12 14:58:42.119619+00:00", "RecordID": "34419", "Level": "4", "UserID": "S-1-5-21-963789628-1060504924-4285088085-1001", "EventData.Event": "8", "EventData.SubscriberName": "SessionEnv"}
{"EventID": "812", "Channel": "Microsoft-Windows-Winlogon/Operational", "Provider_Name": "Microsoft-Windows-Winlogon", "Computer": "DESKTOP-OFJ6N53", "TimeCreated": "2025-08-12 14:58:42.119884+00:00", "RecordID": "34420", "Level": "4", "UserID": "S-1-5-21-963789628-1060504924-4285088085-1001", "EventData.Event": "8", "EventData.SubscriberName": "SessionEnv"}
{"EventID": "811", "Channel": "Microsoft-Windows-Winlogon/Operational", "Provider_Name": "Microsoft-Windows-Winlogon", "Computer": "DESKTOP-OFJ6N53", "TimeCreated": "2025-08-13 09:21:36.710300+00:00", "RecordID": "34421", "Level": "4", "UserID": "S-1-5-21-963789628-1060504924-4285088085-1001", "EventData.Event": "9", "EventData.SubscriberName": "Sens"}
{"EventID": "812", "Channel": "Microsoft-Windows-Winlogon/Operational", "Provider_Name": "Microsoft-Windows-Winlogon", "Computer": "DESKTOP-OFJ6N53", "TimeCreated": "2025-08-13 09:21:36.795059+00:00", "RecordID": "34422", "Level": "4", "UserID": "S-1-5-21-963789628-1060504924-4285088085-1001", "EventData.Event": "9", "EventData.SubscriberName": "Sens"}
{"EventID": "811", "Channel": "Microsoft-Windows-Winlogon/Operational", "Provider_Name": "Microsoft-Windows-Winlogon", "Computer": "DESKTOP-OFJ6N53", "TimeCreated": "2025-08-13 09:21:36.795616+00:00", "RecordID": "34423", "Level": "4", "UserID": "S-1-5-21-963789628-1060504924-4285088085-1001", "EventData.Event": "9", "EventData.SubscriberName": "SessionEnv"}
{"EventID": "812", "Channel": "Microsoft-Windows-Winlogon/Operational", "Provider_Name": "Microsoft-Windows-Winlogon", "Computer": "DESKTOP-OFJ6N53", "TimeCreated": "2025-08-13 09:21:36.821390+00:00", "RecordID": "34424", "Level": "4", "UserID": "S-1-5-21-963789628-1060504924-4285088085-1001", "EventData.Event": "9", "EventData.SubscriberName": "SessionEnv"}
{"EventID": "811", "Channel": "Microsoft-Windows-Winlogon/Operational", "Provider_Name": "Microsoft-Windows-Winlogon", "Computer": "DESKTOP-OFJ6N53", "TimeCreated": "2025-08-13 09:21:39.485374+00:00", "RecordID": "34425", "Level": "4", "UserID": "S-1-5-21-963789628-1060504924-4285088085-1001", "EventData.Event": "5", "EventData.SubscriberName": "Sens"}
{"EventID": "812", "Channel": "Microsoft-Windows-Winlogon/Operational", "Provider_Name": "Microsoft-Windows-Winlogon", "Computer": "DESKTOP-OFJ6N53", "TimeCreated": "2025-08-13 09:21:39.645855+00:00", "RecordID": "34426", "Level": "4", "UserID": "S-1-5-21-963789628-1060504924-4285088085-1001", "EventData.Event": "5", "EventData.SubscriberName": "Sens"}
{"EventID": "811", "Channel": "Microsoft-Windows-Winlogon/Operational", "Provider_Name": "Microsoft-Windows-Winlogon", "Computer": "DESKTOP-OFJ6N53", "TimeCreated": "2025-08-13 09:21:39.645952+00:00", "RecordID": "34427", "Level": "4", "UserID": "S-1-5-21-963789628-1060504924-4285088085-1001", "EventData.Event": "5", "EventData.SubscriberName": "TermSrv"}
{"EventID": "812", "Channel": "Microsoft-Windows-Winlogon/Operational", "Provider_Name": "Microsoft-Windows-Winlogon", "Computer": "DESKTOP-OFJ6N53", "TimeCreated": "2025-08-13 09:21:39.730782+00:00", "RecordID": "34428", "Level": "4", "UserID": "S-1-5-21-963789628-1060504924-4285088085-1001", "EventData.Event": "5", "EventData.SubscriberName": "TermSrv"}
{"EventID": "811", "Channel": "Microsoft-Windows-Winlogon/Operational", "Provider_Name": "Microsoft-Windows-Winlogon", "Computer": "DESKTOP-OFJ6N53", "TimeCreated": "2025-08-13 14:36:07.622072+00:00", "RecordID": "34429", "Level": "4", "UserID": "S-1-5-18", "EventData.Event": "1", "EventData.SubscriberName": "TermSrv"}
{"EventID": "812", "Channel": "Microsoft-Windows-Winlogon/Operational", "Provider_Name": "Microsoft-Windows-Winlogon", "Computer": "DESKTOP-OFJ6N53", "TimeCreated": "2025-08-13 14:36:07.628822+00:00", "RecordID": "34430", "Level": "4", "UserID": "S-1-5-18", "EventData.Event": "1", "EventData.SubscriberName": "TermSrv"}
{"EventID": "811", "Channel": "Microsoft-Windows-Winlogon/Operational", "Provider_Name": "Microsoft-Windows-Winlogon", "Computer": "DESKTOP-OFJ6N53", "TimeCreated": "2025-08-13 14:36:13.511574+00:00", "RecordID": "34431", "Level": "4", "UserID": "S-1-5-21-963789628-1060504924-4285088085-1001", "EventData.Event": "13", "EventData.SubscriberName": "GPClient"}
{"EventID": "812", "Channel": "Microsoft-Windows-Winlogon/Operational", "Provider_Name": "Microsoft-Windows-Winlogon", "Computer": "DESKTOP-OFJ6N53", "TimeCreated": "2025-08-13 14:36:13.511623+00:00", "RecordID": "34432", "Level": "4", "UserID": "S-1-5-21-963789628-1060504924-4285088085-1001", "EventData.Event": "13", "EventData.SubscriberName": "GPClient"}
{"EventID": "811", "Channel": "Microsoft-Windows-Winlogon/Operational", "Provider_Name": "Microsoft-Windows-Winlogon", "Computer": "DESKTOP-OFJ6N53", "TimeCreated": "2025-08-13 14:36:13.512217+00:00", "RecordID": "34433", "Level": "4", "UserID": "S-1-5-21-963789628-1060504924-4285088085-1001", "EventData.Event": "13", "EventData.SubscriberName": "GPClient"}
{"EventID": "812", "Channel": "Microsoft-Windows-Winlogon/Operational", "Provider_Name": "Microsoft-Windows-Winlogon", "Computer": "DESKTOP-OFJ6N53", "TimeCreated": "2025-08-13 14:36:13.515869+00:00", "RecordID": "34434", "Level": "4", "UserID": "S-1-5-21-963789628-1060504924-4285088085-1001", "EventData.Event": "13", "EventData.SubscriberName": "GPClient"}
{"EventID": "811", "Channel": "Microsoft-Windows-Winlogon/Operational", "Provider_Name": "Microsoft-Windows-Winlogon", "Computer": "DESKTOP-OFJ6N53", "TimeCreated": "2025-08-13 14:36:13.515944+00:00", "RecordID": "34435", "Level": "4", "UserID": "S-1-5-21-963789628-1060504924-4285088085-1001", "EventData.Event": "13", "EventData.SubscriberName": "TermSrv"}
{"EventID": "812", "Channel": "Microsoft-Windows-Winlogon/Operational", "Provider_Name": "Microsoft-Windows-Winlogon", "Computer": "DESKTOP-OFJ6N53", "TimeCreated": "2025-08-13 14:36:13.516193+00:00", "RecordID": "34436", "Level": "4", "UserID": "S-1-5-21-963789628-1060504924-4285088085-1001", "EventData.Event": "13", "EventData.SubscriberName": "TermSrv"}
{"EventID": "811", "Channel": "Microsoft-Windows-Winlogon/Operational", "Provider_Name": "Microsoft-Windows-Winlogon", "Computer": "DESKTOP-OFJ6N53", "TimeCreated": "2025-08-13 14:36:13.702171+00:00", "RecordID": "34437", "Level": "4", "UserID": "S-1-5-21-963789628-1060504924-4285088085-1001", "EventData.Event": "3", "EventData.SubscriberName": "Sens"}
{"EventID": "812", "Channel": "Microsoft-Windows-Winlogon/Operational", "Provider_Name": "Microsoft-Windows-Winlogon", "Computer": "DESKTOP-OFJ6N53", "TimeCreated": "2025-08-13 14:36:13.866455+00:00", "RecordID": "34438", "Level": "4", "UserID": "S-1-5-21-963789628-1060504924-4285088085-1001", "EventData.Event": "3", "EventData.SubscriberName": "Sens"}
{"EventID": "811", "Channel": "Microsoft-Windows-Winlogon/Operational", "Provider_Name": "Microsoft-Windows-Winlogon", "Computer": "DESKTOP-OFJ6N53", "TimeCreated": "2025-08-13 14:36:13.868345+00:00", "RecordID": "34439", "Level": "4", "UserID": "S-1-5-21-963789628-1060504924-4285088085-1001", "EventData.Event": "3", "EventData.SubscriberName": "TermSrv"}
{"EventID": "812", "Channel": "Microsoft-Windows-Winlogon/Operational", "Provider_Name": "Microsoft-Windows-Winlogon", "Computer": "DESKTOP-OFJ6N53", "TimeCreated": "2025-08-13 14:36:13.871588+00:00", "RecordID": "34440", "Level": "4", "UserID": "S-1-5-21-963789628-1060504924-4285088085-1001", "EventData.Event": "3", "EventData.SubscriberName": "TermSrv"}
{"EventID": "811", "Channel": "Microsoft-Windows-Winlogon/Operational", "Provider_Name": "Microsoft-Windows-Winlogon", "Computer": "DESKTOP-OFJ6N53", "TimeCreated": "2025-08-13 14:36:13.871857+00:00", "RecordID": "34441", "Level": "4", "UserID": "S-1-5-21-963789628-1060504924-4285088085-1001", "EventData.Event": "3", "EventData.SubscriberName": "GPClient"}
{"EventID": "812", "Channel": "Microsoft-Windows-Winlogon/Operational", "Provider_Name": "Microsoft-Windows-Winlogon", "Computer": "DESKTOP-OFJ6N53", "TimeCreated": "2025-08-13 14:36:13.872103+00:00", "RecordID": "34442", "Level": "4", "UserID": "S-1-5-21-963789628-1060504924-4285088085-1001", "EventData.Event": "3", "EventData.SubscriberName": "GPClient"}
{"EventID": "811", "Channel": "Microsoft-Windows-Winlogon/Operational", "Provider_Name": "Microsoft-Windows-Winlogon", "Computer": "DESKTOP-OFJ6N53", "TimeCreated": "2025-08-13 14:36:13.872293+00:00", "RecordID": "34443", "Level": "4", "UserID": "S-1-5-21-963789628-1060504924-4285088085-1001", "EventData.Event": "3", "EventData.SubscriberName": "Profiles"}
{"EventID": "812", "Channel": "Microsoft-Windows-Winlogon/Operational", "Provider_Name": "Microsoft-Windows-Winlogon", "Computer": "DESKTOP-OFJ6N53", "TimeCreated": "2025-08-13 14:36:14.291824+00:00", "RecordID": "34444", "Level": "4", "UserID": "S-1-5-21-963789628-1060504924-4285088085-1001", "EventData.Event": "3", "EventData.SubscriberName": "Profiles"}
{"EventID": "811", "Channel": "Microsoft-Windows-Winlogon/Operational", "Provider_Name": "Microsoft-Windows-Winlogon", "Computer": "DESKTOP-OFJ6N53", "TimeCreated": "2025-08-13 14:36:14.291939+00:00", "RecordID": "34445", "Level": "4", "UserID": "S-1-5-21-963789628-1060504924-4285088085-1001", "EventData.Event": "3", "EventData.SubscriberName": "SessionEnv"}
{"EventID": "812", "Channel": "Microsoft-Windows-Winlogon/Operational", "Provider_Name": "Microsoft-Windows-Winlogon", "Computer": "DESKTOP-OFJ6N53", "TimeCreated": "2025-08-13 14:36:14.296322+00:00", "RecordID": "34446", "Level": "4", "UserID": "S-1-5-21-963789628-1060504924-4285088085-1001", "EventData.Event": "3", "EventData.SubscriberName": "SessionEnv"}
{"EventID": "811", "Channel": "Microsoft-Windows-Winlogon/Operational", "Provider_Name": "Microsoft-Windows-Winlogon", "Computer": "DESKTOP-OFJ6N53", "TimeCreated": "2025-08-13 14:36:15.496576+00:00", "RecordID": "34447", "Level": "4", "UserID": "S-1-5-18", "EventData.Event": "1", "EventData.SubscriberName": "TermSrv"}
{"EventID": "812", "Channel": "Microsoft-Windows-Winlogon/Operational", "Provider_Name": "Microsoft-Windows-Winlogon", "Computer": "DESKTOP-OFJ6N53", "TimeCreated": "2025-08-13 14:36:15.497416+00:00", "RecordID": "34448", "Level": "4", "UserID": "S-1-5-18", "EventData.Event": "1", "EventData.SubscriberName": "TermSrv"}
{"EventID": "811", "Channel": "Microsoft-Windows-Winlogon/Operational", "Provider_Name": "Microsoft-Windows-Winlogon", "Computer": "DESKTOP-OFJ6N53", "TimeCreated": "2025-08-13 14:39:58.992975+00:00", "RecordID": "34449", "Level": "4", "UserID": "S-1-5-18", "EventData.Event": "0", "EventData.SubscriberName": "TrustedInstaller"}
{"EventID": "812", "Channel": "Microsoft-Windows-Winlogon/Operational", "Provider_Name": "Microsoft-Windows-Winlogon", "Computer": "DESKTOP-OFJ6N53", "TimeCreated": "2025-08-13 14:40:01.017822+00:00", "RecordID": "34450", "Level": "4", "UserID": "S-1-5-18", "EventData.Event": "0", "EventData.SubscriberName": "TrustedInstaller"}
{"EventID": "811", "Channel": "Microsoft-Windows-Winlogon/Operational", "Provider_Name": "Microsoft-Windows-Winlogon", "Computer": "DESKTOP-OFJ6N53", "TimeCreated": "2025-08-13 14:40:19.766335+00:00", "RecordID": "34451", "Level": "4", "UserID": "S-1-5-18", "EventData.Event": "0", "EventData.SubscriberName": "TrustedInstaller"}
{"EventID": "812", "Channel": "Microsoft-Windows-Winlogon/Operational", "Provider_Name": "Microsoft-Windows-Winlogon", "Computer": "DESKTOP-OFJ6N53", "TimeCreated": "2025-08-13 14:40:20.765471+00:00", "RecordID": "34452", "Level": "4", "UserID": "S-1-5-18", "EventData.Event": "0", "EventData.SubscriberName": "TrustedInstaller"}
{"EventID": "811", "Channel": "Microsoft-Windows-Winlogon/Operational", "Provider_Name": "Microsoft-Windows-Winlogon", "Computer": "DESKTOP-OFJ6N53", "TimeCreated": "2025-08-13 14:40:20.880411+00:00", "RecordID": "34453", "Level": "4", "UserID": "S-1-5-18", "EventData.Event": "0", "EventData.SubscriberName": "TrustedInstaller"}
{"EventID": "812", "Channel": "Microsoft-Windows-Winlogon/Operational", "Provider_Name": "Microsoft-Windows-Winlogon", "Computer": "DESKTOP-OFJ6N53", "TimeCreated": "2025-08-13 14:40:33.930874+00:00", "RecordID": "34454", "Level": "4", "UserID": "S-1-5-18", "EventData.Event": "0", "EventData.SubscriberName": "TrustedInstaller"}
{"EventID": "811", "Channel": "Microsoft-Windows-Winlogon/Operational", "Provider_Name": "Microsoft-Windows-Winlogon", "Computer": "DESKTOP-OFJ6N53", "TimeCreated": "2025-08-13 14:40:33.932074+00:00", "RecordID": "34455", "Level": "4", "UserID": "S-1-5-18", "EventData.Event": "0", "EventData.SubscriberName": "TrustedInstaller"}
{"EventID": "812", "Channel": "Microsoft-Windows-Winlogon/Operational", "Provider_Name": "Microsoft-Windows-Winlogon", "Computer": "DESKTOP-OFJ6N53", "TimeCreated": "2025-08-13 14:40:48.886137+00:00", "RecordID": "34456", "Level": "4", "UserID": "S-1-5-18", "EventData.Event": "0", "EventData.SubscriberName": "TrustedInstaller"}
{"EventID": "811", "Channel": "Microsoft-Windows-Winlogon/Operational", "Provider_Name": "Microsoft-Windows-Winlogon", "Computer": "DESKTOP-OFJ6N53", "TimeCreated": "2025-08-13 14:40:48.887062+00:00", "RecordID": "34457", "Level": "4", "UserID": "S-1-5-18", "EventData.Event": "0", "EventData.SubscriberName": "TrustedInstaller"}
{"EventID": "812", "Channel": "Microsoft-Windows-Winlogon/Operational", "Provider_Name": "Microsoft-Windows-Winlogon", "Computer": "DESKTOP-OFJ6N53", "TimeCreated": "2025-08-13 14:40:49.913408+00:00", "RecordID": "34458", "Level": "4", "UserID": "S-1-5-18", "EventData.Event": "0", "EventData.SubscriberName": "TrustedInstaller"}
{"EventID": "811", "Channel": "Microsoft-Windows-Winlogon/Operational", "Provider_Name": "Microsoft-Windows-Winlogon", "Computer": "DESKTOP-OFJ6N53", "TimeCreated": "2025-08-13 14:40:49.913895+00:00", "RecordID": "34459", "Level": "4", "UserID": "S-1-5-18", "EventData.Event": "0", "EventData.SubscriberName": "TrustedInstaller"}
{"EventID": "812", "Channel": "Microsoft-Windows-Winlogon/Operational", "Provider_Name": "Microsoft-Windows-Winlogon", "Computer": "DESKTOP-OFJ6N53", "TimeCreated": "2025-08-13 14:40:53.194355+00:00", "RecordID": "34460", "Level": "4", "UserID": "S-1-5-18", "EventData.Event": "0", "EventData.SubscriberName": "TrustedInstaller"}
{"EventID": "811", "Channel": "Microsoft-Windows-Winlogon/Operational", "Provider_Name": "Microsoft-Windows-Winlogon", "Computer": "DESKTOP-OFJ6N53", "TimeCreated": "2025-08-13 14:40:53.194990+00:00", "RecordID": "34461", "Level": "4", "UserID": "S-1-5-18", "EventData.Event": "0", "EventData.SubscriberName": "TrustedInstaller"}
{"EventID": "812", "Channel": "Microsoft-Windows-Winlogon/Operational", "Provider_Name": "Microsoft-Windows-Winlogon", "Computer": "DESKTOP-OFJ6N53", "TimeCreated": "2025-08-13 14:40:54.378893+00:00", "RecordID": "34462", "Level": "4", "UserID": "S-1-5-18", "EventData.Event": "0", "EventData.SubscriberName": "TrustedInstaller"}
{"EventID": "811", "Channel": "Microsoft-Windows-Winlogon/Operational", "Provider_Name": "Microsoft-Windows-Winlogon", "Computer": "DESKTOP-OFJ6N53", "TimeCreated": "2025-08-13 14:40:54.379459+00:00", "RecordID": "34463", "Level": "4", "UserID": "S-1-5-18", "EventData.Event": "0", "EventData.SubscriberName": "TrustedInstaller"}
{"EventID": "812", "Channel": "Microsoft-Windows-Winlogon/Operational", "Provider_Name": "Microsoft-Windows-Winlogon", "Computer": "DESKTOP-OFJ6N53", "TimeCreated": "2025-08-13 14:40:55.494093+00:00", "RecordID": "34464", "Level": "4", "UserID": "S-1-5-18", "EventData.Event": "0", "EventData.SubscriberName": "TrustedInstaller"}
{"EventID": "811", "Channel": "Microsoft-Windows-Winlogon/Operational", "Provider_Name": "Microsoft-Windows-Winlogon", "Computer": "DESKTOP-OFJ6N53", "TimeCreated": "2025-08-13 14:40:55.494690+00:00", "RecordID": "34465", "Level": "4", "UserID": "S-1-5-18", "EventData.Event": "0", "EventData.SubscriberName": "TrustedInstaller"}
{"EventID": "812", "Channel": "Microsoft-Windows-Winlogon/Operational", "Provider_Name": "Microsoft-Windows-Winlogon", "Computer": "DESKTOP-OFJ6N53", "TimeCreated": "2025-08-13 14:40:56.543221+00:00", "RecordID": "34466", "Level": "4", "UserID": "S-1-5-18", "EventData.Event": "0", "EventData.SubscriberName": "TrustedInstaller"}
{"EventID": "811", "Channel": "Microsoft-Windows-Winlogon/Operational", "Provider_Name": "Microsoft-Windows-Winlogon", "Computer": "DESKTOP-OFJ6N53", "TimeCreated": "2025-08-13 14:40:56.543833+00:00", "RecordID": "34467", "Level": "4", "UserID": "S-1-5-18", "EventData.Event": "0", "EventData.SubscriberName": "TrustedInstaller"}
{"EventID": "812", "Channel": "Microsoft-Windows-Winlogon/Operational", "Provider_Name": "Microsoft-Windows-Winlogon", "Computer": "DESKTOP-OFJ6N53", "TimeCreated": "2025-08-13 14:40:57.578627+00:00", "RecordID": "34468", "Level": "4", "UserID": "S-1-5-18", "EventData.Event": "0", "EventData.SubscriberName": "TrustedInstaller"}
{"EventID": "811", "Channel": "Microsoft-Windows-Winlogon/Operational", "Provider_Name": "Microsoft-Windows-Winlogon", "Computer": "DESKTOP-OFJ6N53", "TimeCreated": "2025-08-13 14:40:57.579206+00:00", "RecordID": "34469", "Level": "4", "UserID": "S-1-5-18", "EventData.Event": "0", "EventData.SubscriberName": "TrustedInstaller"}
{"EventID": "812", "Channel": "Microsoft-Windows-Winlogon/Operational", "Provider_Name": "Microsoft-Windows-Winlogon", "Computer": "DESKTOP-OFJ6N53", "TimeCreated": "2025-08-13 14:40:58.667042+00:00", "RecordID": "34470", "Level": "4", "UserID": "S-1-5-18", "EventData.Event": "0", "EventData.SubscriberName": "TrustedInstaller"}
{"EventID": "811", "Channel": "Microsoft-Windows-Winlogon/Operational", "Provider_Name": "Microsoft-Windows-Winlogon", "Computer": "DESKTOP-OFJ6N53", "TimeCreated": "2025-08-13 14:40:58.667604+00:00", "RecordID": "34471", "Level": "4", "UserID": "S-1-5-18", "EventData.Event": "0", "EventData.SubscriberName": "TrustedInstaller"}
{"EventID": "812", "Channel": "Microsoft-Windows-Winlogon/Operational", "Provider_Name": "Microsoft-Windows-Winlogon", "Computer": "DESKTOP-OFJ6N53", "TimeCreated": "2025-08-13 14:40:59.671442+00:00", "RecordID": "34472", "Level": "4", "UserID": "S-1-5-18", "EventData.Event": "0", "EventData.SubscriberName": "TrustedInstaller"}
{"EventID": "811", "Channel": "Microsoft-Windows-Winlogon/Operational", "Provider_Name": "Microsoft-Windows-Winlogon", "Computer": "DESKTOP-OFJ6N53", "TimeCreated": "2025-08-13 14:40:59.671953+00:00", "RecordID": "34473", "Level": "4", "UserID": "S-1-5-18", "EventData.Event": "0", "EventData.SubscriberName": "TrustedInstaller"}
{"EventID": "812", "Channel": "Microsoft-Windows-Winlogon/Operational", "Provider_Name": "Microsoft-Windows-Winlogon", "Computer": "DESKTOP-OFJ6N53", "TimeCreated": "2025-08-13 14:41:01.787052+00:00", "RecordID": "34474", "Level": "4", "UserID": "S-1-5-18", "EventData.Event": "0", "EventData.SubscriberName": "TrustedInstaller"}
{"EventID": "811", "Channel": "Microsoft-Windows-Winlogon/Operational", "Provider_Name": "Microsoft-Windows-Winlogon", "Computer": "DESKTOP-OFJ6N53", "TimeCreated": "2025-08-13 14:41:01.787670+00:00", "RecordID": "34475", "Level": "4", "UserID": "S-1-5-18", "EventData.Event": "0", "EventData.SubscriberName": "TrustedInstaller"}
{"EventID": "812", "Channel": "Microsoft-Windows-Winlogon/Operational", "Provider_Name": "Microsoft-Windows-Winlogon", "Computer": "DESKTOP-OFJ6N53", "TimeCreated": "2025-08-13 14:41:02.873430+00:00", "RecordID": "34476", "Level": "4", "UserID": "S-1-5-18", "EventData.Event": "0", "EventData.SubscriberName": "TrustedInstaller"}
{"EventID": "811", "Channel": "Microsoft-Windows-Winlogon/Operational", "Provider_Name": "Microsoft-Windows-Winlogon", "Computer": "DESKTOP-OFJ6N53", "TimeCreated": "2025-08-13 14:41:02.873941+00:00", "RecordID": "34477", "Level": "4", "UserID": "S-1-5-18", "EventData.Event": "0", "EventData.SubscriberName": "TrustedInstaller"}
{"EventID": "812", "Channel": "Microsoft-Windows-Winlogon/Operational", "Provider_Name": "Microsoft-Windows-Winlogon", "Computer": "DESKTOP-OFJ6N53", "TimeCreated": "2025-08-13 14:41:03.895792+00:00", "RecordID": "34478", "Level": "4", "UserID": "S-1-5-18", "EventData.Event": "0", "EventData.SubscriberName": "TrustedInstaller"}
{"EventID": "811", "Channel": "Microsoft-Windows-Winlogon/Operational", "Provider_Name": "Microsoft-Windows-Winlogon", "Computer": "DESKTOP-OFJ6N53", "TimeCreated": "2025-08-13 14:41:03.896528+00:00", "RecordID": "34479", "Level": "4", "UserID": "S-1-5-18", "EventData.Event": "0", "EventData.SubscriberName": "TrustedInstaller"}
{"EventID": "812", "Channel": "Microsoft-Windows-Winlogon/Operational", "Provider_Name": "Microsoft-Windows-Winlogon", "Computer": "DESKTOP-OFJ6N53", "TimeCreated": "2025-08-13 14:41:04.905731+00:00", "RecordID": "34480", "Level": "4", "UserID": "S-1-5-18", "EventData.Event": "0", "EventData.SubscriberName": "TrustedInstaller"}
{"EventID": "811", "Channel": "Microsoft-Windows-Winlogon/Operational", "Provider_Name": "Microsoft-Windows-Winlogon", "Computer": "DESKTOP-OFJ6N53", "TimeCreated": "2025-08-13 14:41:04.906275+00:00", "RecordID": "34481", "Level": "4", "UserID": "S-1-5-18", "EventData.Event": "0", "EventData.SubscriberName": "TrustedInstaller"}
{"EventID": "812", "Channel": "Microsoft-Windows-Winlogon/Operational", "Provider_Name": "Microsoft-Windows-Winlogon", "Computer": "DESKTOP-OFJ6N53", "TimeCreated": "2025-08-13 14:41:06.084066+00:00", "RecordID": "34482", "Level": "4", "UserID": "S-1-5-18", "EventData.Event": "0", "EventData.SubscriberName": "TrustedInstaller"}
{"EventID": "811", "Channel": "Microsoft-Windows-Winlogon/Operational", "Provider_Name": "Microsoft-Windows-Winlogon", "Computer": "DESKTOP-OFJ6N53", "TimeCreated": "2025-08-13 14:41:06.084766+00:00", "RecordID": "34483", "Level": "4", "UserID": "S-1-5-18", "EventData.Event": "0", "EventData.SubscriberName": "TrustedInstaller"}
{"EventID": "812", "Channel": "Microsoft-Windows-Winlogon/Operational", "Provider_Name": "Microsoft-Windows-Winlogon", "Computer": "DESKTOP-OFJ6N53", "TimeCreated": "2025-08-13 14:41:07.077707+00:00", "RecordID": "34484", "Level": "4", "UserID": "S-1-5-18", "EventData.Event": "0", "EventData.SubscriberName": "TrustedInstaller"}
{"EventID": "811", "Channel": "Microsoft-Windows-Winlogon/Operational", "Provider_Name": "Microsoft-Windows-Winlogon", "Computer": "DESKTOP-OFJ6N53", "TimeCreated": "2025-08-13 14:41:07.078228+00:00", "RecordID": "34485", "Level": "4", "UserID": "S-1-5-18", "EventData.Event": "0", "EventData.SubscriberName": "TrustedInstaller"}
{"EventID": "812", "Channel": "Microsoft-Windows-Winlogon/Operational", "Provider_Name": "Microsoft-Windows-Winlogon", "Computer": "DESKTOP-OFJ6N53", "TimeCreated": "2025-08-13 14:41:08.093189+00:00", "RecordID": "34486", "Level": "4", "UserID": "S-1-5-18", "EventData.Event": "0", "EventData.SubscriberName": "TrustedInstaller"}
{"EventID": "811", "Channel": "Microsoft-Windows-Winlogon/Operational", "Provider_Name": "Microsoft-Windows-Winlogon", "Computer": "DESKTOP-OFJ6N53", "TimeCreated": "2025-08-13 14:41:08.093670+00:00", "RecordID": "34487", "Level": "4", "UserID": "S-1-5-18", "EventData.Event": "0", "EventData.SubscriberName": "TrustedInstaller"}
{"EventID": "812", "Channel": "Microsoft-Windows-Winlogon/Operational", "Provider_Name": "Microsoft-Windows-Winlogon", "Computer": "DESKTOP-OFJ6N53", "TimeCreated": "2025-08-13 14:41:17.401711+00:00", "RecordID": "34488", "Level": "4", "UserID": "S-1-5-18", "EventData.Event": "0", "EventData.SubscriberName": "TrustedInstaller"}
{"EventID": "811", "Channel": "Microsoft-Windows-Winlogon/Operational", "Provider_Name": "Microsoft-Windows-Winlogon", "Computer": "DESKTOP-OFJ6N53", "TimeCreated": "2025-08-13 14:41:17.402439+00:00", "RecordID": "34489", "Level": "4", "UserID": "S-1-5-18", "EventData.Event": "0", "EventData.SubscriberName": "TrustedInstaller"}
{"EventID": "812", "Channel": "Microsoft-Windows-Winlogon/Operational", "Provider_Name": "Microsoft-Windows-Winlogon", "Computer": "DESKTOP-OFJ6N53", "TimeCreated": "2025-08-13 14:41:44.190308+00:00", "RecordID": "34490", "Level": "4", "UserID": "S-1-5-18", "EventData.Event": "0", "EventData.SubscriberName": "TrustedInstaller"}
{"EventID": "811", "Channel": "Microsoft-Windows-Winlogon/Operational", "Provider_Name": "Microsoft-Windows-Winlogon", "Computer": "DESKTOP-OFJ6N53", "TimeCreated": "2025-08-13 14:41:44.191071+00:00", "RecordID": "34491", "Level": "4", "UserID": "S-1-5-18", "EventData.Event": "0", "EventData.SubscriberName": "TrustedInstaller"}
{"EventID": "812", "Channel": "Microsoft-Windows-Winlogon/Operational", "Provider_Name": "Microsoft-Windows-Winlogon", "Computer": "DESKTOP-OFJ6N53", "TimeCreated": "2025-08-13 14:41:47.238424+00:00", "RecordID": "34492", "Level": "4", "UserID": "S-1-5-18", "EventData.Event": "0", "EventData.SubscriberName": "TrustedInstaller"}
{"EventID": "811", "Channel": "Microsoft-Windows-Winlogon/Operational", "Provider_Name": "Microsoft-Windows-Winlogon", "Computer": "DESKTOP-OFJ6N53", "TimeCreated": "2025-08-13 14:41:47.238989+00:00", "RecordID": "34493", "Level": "4", "UserID": "S-1-5-18", "EventData.Event": "0", "EventData.SubscriberName": "TrustedInstaller"}
{"EventID": "812", "Channel": "Microsoft-Windows-Winlogon/Operational", "Provider_Name": "Microsoft-Windows-Winlogon", "Computer": "DESKTOP-OFJ6N53", "TimeCreated": "2025-08-13 14:41:48.249365+00:00", "RecordID": "34494", "Level": "4", "UserID": "S-1-5-18", "EventData.Event": "0", "EventData.SubscriberName": "TrustedInstaller"}
{"EventID": "811", "Channel": "Microsoft-Windows-Winlogon/Operational", "Provider_Name": "Microsoft-Windows-Winlogon", "Computer": "DESKTOP-OFJ6N53", "TimeCreated": "2025-08-13 14:41:48.250082+00:00", "RecordID": "34495", "Level": "4", "UserID": "S-1-5-18", "EventData.Event": "0", "EventData.SubscriberName": "TrustedInstaller"}
{"EventID": "812", "Channel": "Microsoft-Windows-Winlogon/Operational", "Provider_Name": "Microsoft-Windows-Winlogon", "Computer": "DESKTOP-OFJ6N53", "TimeCreated": "2025-08-13 14:42:56.370098+00:00", "RecordID": "34496", "Level": "4", "UserID": "S-1-5-18", "EventData.Event": "0", "EventData.SubscriberName": "TrustedInstaller"}
{"EventID": "811", "Channel": "Microsoft-Windows-Winlogon/Operational", "Provider_Name": "Microsoft-Windows-Winlogon", "Computer": "DESKTOP-OFJ6N53", "TimeCreated": "2025-08-13 14:42:56.371786+00:00", "RecordID": "34497", "Level": "4", "UserID": "S-1-5-18", "EventData.Event": "0", "EventData.SubscriberName": "GPClient"}
{"EventID": "812", "Channel": "Microsoft-Windows-Winlogon/Operational", "Provider_Name": "Microsoft-Windows-Winlogon", "Computer": "DESKTOP-OFJ6N53", "TimeCreated": "2025-08-13 14:42:56.371893+00:00", "RecordID": "34498", "Level": "4", "UserID": "S-1-5-18", "EventData.Event": "0", "EventData.SubscriberName": "GPClient"}
{"EventID": "811", "Channel": "Microsoft-Windows-Winlogon/Operational", "Provider_Name": "Microsoft-Windows-Winlogon", "Computer": "DESKTOP-OFJ6N53", "TimeCreated": "2025-08-13 14:42:56.372608+00:00", "RecordID": "34499", "Level": "4", "UserID": "S-1-5-18", "EventData.Event": "0", "EventData.SubscriberName": "TermSrv"}
{"EventID": "812", "Channel": "Microsoft-Windows-Winlogon/Operational", "Provider_Name": "Microsoft-Windows-Winlogon", "Computer": "DESKTOP-OFJ6N53", "TimeCreated": "2025-08-13 14:42:56.517139+00:00", "RecordID": "34500", "Level": "4", "UserID": "S-1-5-18", "EventData.Event": "0", "EventData.SubscriberName": "TermSrv"}
{"EventID": "1", "Channel": "Microsoft-Windows-Winlogon/Operational", "Provider_Name": "Microsoft-Windows-Winlogon", "Computer": "DESKTOP-OFJ6N53", "TimeCreated": "2025-08-13 14:42:56.545212+00:00", "RecordID": "34501", "Level": "4", "UserID": "S-1-5-18"}
{"EventID": "2", "Channel": "Microsoft-Windows-Winlogon/Operational", "Provider_Name": "Microsoft-Windows-Winlogon", "Computer": "DESKTOP-OFJ6N53", "TimeCreated": "2025-08-13 14:42:56.768068+00:00", "RecordID": "34502", "Level": "4", "UserID": "S-1-5-18", "EventData.Win32Status": "0"}
{"EventID": "811", "Channel": "Microsoft-Windows-Winlogon/Operational", "Provider_Name": "Microsoft-Windows-Winlogon", "Computer": "DESKTOP-OFJ6N53", "TimeCreated": "2025-08-13 14:42:57.118286+00:00", "RecordID": "34503", "Level": "4", "UserID": "S-1-5-21-963789628-1060504924-4285088085-1001", "EventData.Event": "2", "EventData.SubscriberName": "SessionEnv"}
{"EventID": "812", "Channel": "Microsoft-Windows-Winlogon/Operational", "Provider_Name": "Microsoft-Windows-Winlogon", "Computer": "DESKTOP-OFJ6N53", "TimeCreated": "2025-08-13 14:42:57.118557+00:00", "RecordID": "34504", "Level": "4", "UserID": "S-1-5-21-963789628-1060504924-4285088085-1001", "EventData.Event": "2", "EventData.SubscriberName": "SessionEnv"}
{"EventID": "811", "Channel": "Microsoft-Windows-Winlogon/Operational", "Provider_Name": "Microsoft-Windows-Winlogon", "Computer": "DESKTOP-OFJ6N53", "TimeCreated": "2025-08-13 14:42:57.327656+00:00", "RecordID": "34505", "Level": "4", "UserID": "S-1-5-21-963789628-1060504924-4285088085-1001", "EventData.Event": "2", "EventData.SubscriberName": "Profiles"}
{"EventID": "812", "Channel": "Microsoft-Windows-Winlogon/Operational", "Provider_Name": "Microsoft-Windows-Winlogon", "Computer": "DESKTOP-OFJ6N53", "TimeCreated": "2025-08-13 14:43:02.416500+00:00", "RecordID": "34506", "Level": "4", "UserID": "S-1-5-21-963789628-1060504924-4285088085-1001", "EventData.Event": "2", "EventData.SubscriberName": "Profiles"}
{"EventID": "811", "Channel": "Microsoft-Windows-Winlogon/Operational", "Provider_Name": "Microsoft-Windows-Winlogon", "Computer": "DESKTOP-OFJ6N53", "TimeCreated": "2025-08-13 14:43:02.416901+00:00", "RecordID": "34507", "Level": "4", "UserID": "S-1-5-21-963789628-1060504924-4285088085-1001", "EventData.Event": "2", "EventData.SubscriberName": "GPClient"}
{"EventID": "812", "Channel": "Microsoft-Windows-Winlogon/Operational", "Provider_Name": "Microsoft-Windows-Winlogon", "Computer": "DESKTOP-OFJ6N53", "TimeCreated": "2025-08-13 14:43:02.418692+00:00", "RecordID": "34508", "Level": "4", "UserID": "S-1-5-21-963789628-1060504924-4285088085-1001", "EventData.Event": "2", "EventData.SubscriberName": "GPClient"}
{"EventID": "811", "Channel": "Microsoft-Windows-Winlogon/Operational", "Provider_Name": "Microsoft-Windows-Winlogon", "Computer": "DESKTOP-OFJ6N53", "TimeCreated": "2025-08-13 14:43:02.418821+00:00", "RecordID": "34509", "Level": "4", "UserID": "S-1-5-21-963789628-1060504924-4285088085-1001", "EventData.Event": "2", "EventData.SubscriberName": "TermSrv"}
{"EventID": "812", "Channel": "Microsoft-Windows-Winlogon/Operational", "Provider_Name": "Microsoft-Windows-Winlogon", "Computer": "DESKTOP-OFJ6N53", "TimeCreated": "2025-08-13 14:43:02.486311+00:00", "RecordID": "34510", "Level": "4", "UserID": "S-1-5-21-963789628-1060504924-4285088085-1001", "EventData.Event": "2", "EventData.SubscriberName": "TermSrv"}
{"EventID": "811", "Channel": "Microsoft-Windows-Winlogon/Operational", "Provider_Name": "Microsoft-Windows-Winlogon", "Computer": "DESKTOP-OFJ6N53", "TimeCreated": "2025-08-13 14:43:02.636787+00:00", "RecordID": "34511", "Level": "4", "UserID": "S-1-5-21-963789628-1060504924-4285088085-1001", "EventData.Event": "2", "EventData.SubscriberName": "Sens"}
{"EventID": "812", "Channel": "Microsoft-Windows-Winlogon/Operational", "Provider_Name": "Microsoft-Windows-Winlogon", "Computer": "DESKTOP-OFJ6N53", "TimeCreated": "2025-08-13 14:43:02.672028+00:00", "RecordID": "34512", "Level": "4", "UserID": "S-1-5-21-963789628-1060504924-4285088085-1001", "EventData.Event": "2", "EventData.SubscriberName": "Sens"}
{"EventID": "811", "Channel": "Microsoft-Windows-Winlogon/Operational", "Provider_Name": "Microsoft-Windows-Winlogon", "Computer": "DESKTOP-OFJ6N53", "TimeCreated": "2025-08-13 14:43:03.060074+00:00", "RecordID": "34513", "Level": "4", "UserID": "S-1-5-21-963789628-1060504924-4285088085-1001", "EventData.Event": "12", "EventData.SubscriberName": "SessionEnv"}
{"EventID": "812", "Channel": "Microsoft-Windows-Winlogon/Operational", "Provider_Name": "Microsoft-Windows-Winlogon", "Computer": "DESKTOP-OFJ6N53", "TimeCreated": "2025-08-13 14:43:03.060284+00:00", "RecordID": "34514", "Level": "4", "UserID": "S-1-5-21-963789628-1060504924-4285088085-1001", "EventData.Event": "12", "EventData.SubscriberName": "SessionEnv"}
{"EventID": "811", "Channel": "Microsoft-Windows-Winlogon/Operational", "Provider_Name": "Microsoft-Windows-Winlogon", "Computer": "DESKTOP-OFJ6N53", "TimeCreated": "2025-08-13 14:43:03.060543+00:00", "RecordID": "34515", "Level": "4", "UserID": "S-1-5-21-963789628-1060504924-4285088085-1001", "EventData.Event": "12", "EventData.SubscriberName": "GPClient"}
{"EventID": "812", "Channel": "Microsoft-Windows-Winlogon/Operational", "Provider_Name": "Microsoft-Windows-Winlogon", "Computer": "DESKTOP-OFJ6N53", "TimeCreated": "2025-08-13 14:43:03.070496+00:00", "RecordID": "34516", "Level": "4", "UserID": "S-1-5-21-963789628-1060504924-4285088085-1001", "EventData.Event": "12", "EventData.SubscriberName": "GPClient"}
{"EventID": "811", "Channel": "Microsoft-Windows-Winlogon/Operational", "Provider_Name": "Microsoft-Windows-Winlogon", "Computer": "DESKTOP-OFJ6N53", "TimeCreated": "2025-08-13 14:43:03.070581+00:00", "RecordID": "34517", "Level": "4", "UserID": "S-1-5-21-963789628-1060504924-4285088085-1001", "EventData.Event": "12", "EventData.SubscriberName": "Sens"}
{"EventID": "812", "Channel": "Microsoft-Windows-Winlogon/Operational", "Provider_Name": "Microsoft-Windows-Winlogon", "Computer": "DESKTOP-OFJ6N53", "TimeCreated": "2025-08-13 14:43:03.368483+00:00", "RecordID": "34518", "Level": "4", "UserID": "S-1-5-21-963789628-1060504924-4285088085-1001", "EventData.Event": "12", "EventData.SubscriberName": "Sens"}
{"EventID": "811", "Channel": "Microsoft-Windows-Winlogon/Operational", "Provider_Name": "Microsoft-Windows-Winlogon", "Computer": "DESKTOP-OFJ6N53", "TimeCreated": "2025-08-13 14:43:03.368561+00:00", "RecordID": "34519", "Level": "4", "UserID": "S-1-5-21-963789628-1060504924-4285088085-1001", "EventData.Event": "12", "EventData.SubscriberName": "TermSrv"}
{"EventID": "812", "Channel": "Microsoft-Windows-Winlogon/Operational", "Provider_Name": "Microsoft-Windows-Winlogon", "Computer": "DESKTOP-OFJ6N53", "TimeCreated": "2025-08-13 14:43:03.377542+00:00", "RecordID": "34520", "Level": "4", "UserID": "S-1-5-21-963789628-1060504924-4285088085-1001", "EventData.Event": "12", "EventData.SubscriberName": "TermSrv"}
{"EventID": "811", "Channel": "Microsoft-Windows-Winlogon/Operational", "Provider_Name": "Microsoft-Windows-Winlogon", "Computer": "DESKTOP-OFJ6N53", "TimeCreated": "2025-08-13 14:43:08.261772+00:00", "RecordID": "34521", "Level": "4", "UserID": "S-1-5-21-963789628-1060504924-4285088085-1001", "EventData.Event": "4", "EventData.SubscriberName": "Sens"}
{"EventID": "812", "Channel": "Microsoft-Windows-Winlogon/Operational", "Provider_Name": "Microsoft-Windows-Winlogon", "Computer": "DESKTOP-OFJ6N53", "TimeCreated": "2025-08-13 14:43:08.313154+00:00", "RecordID": "34522", "Level": "4", "UserID": "S-1-5-21-963789628-1060504924-4285088085-1001", "EventData.Event": "4", "EventData.SubscriberName": "Sens"}
{"EventID": "811", "Channel": "Microsoft-Windows-Winlogon/Operational", "Provider_Name": "Microsoft-Windows-Winlogon", "Computer": "DESKTOP-OFJ6N53", "TimeCreated": "2025-08-13 14:43:08.313250+00:00", "RecordID": "34523", "Level": "4", "UserID": "S-1-5-21-963789628-1060504924-4285088085-1001", "EventData.Event": "4", "EventData.SubscriberName": "TermSrv"}
{"EventID": "812", "Channel": "Microsoft-Windows-Winlogon/Operational", "Provider_Name": "Microsoft-Windows-Winlogon", "Computer": "DESKTOP-OFJ6N53", "TimeCreated": "2025-08-13 14:43:08.314247+00:00", "RecordID": "34524", "Level": "4", "UserID": "S-1-5-21-963789628-1060504924-4285088085-1001", "EventData.Event": "4", "EventData.SubscriberName": "TermSrv"}
{"EventID": "811", "Channel": "Microsoft-Windows-Winlogon/Operational", "Provider_Name": "Microsoft-Windows-Winlogon", "Computer": "DESKTOP-OFJ6N53", "TimeCreated": "2025-08-13 15:30:16.238441+00:00", "RecordID": "34525", "Level": "4", "UserID": "S-1-5-21-963789628-1060504924-4285088085-1001", "EventData.Event": "8", "EventData.SubscriberName": "Sens"}
{"EventID": "812", "Channel": "Microsoft-Windows-Winlogon/Operational", "Provider_Name": "Microsoft-Windows-Winlogon", "Computer": "DESKTOP-OFJ6N53", "TimeCreated": "2025-08-13 15:30:16.264408+00:00", "RecordID": "34526", "Level": "4", "UserID": "S-1-5-21-963789628-1060504924-4285088085-1001", "EventData.Event": "8", "EventData.SubscriberName": "Sens"}
{"EventID": "811", "Channel": "Microsoft-Windows-Winlogon/Operational", "Provider_Name": "Microsoft-Windows-Winlogon", "Computer": "DESKTOP-OFJ6N53", "TimeCreated": "2025-08-13 15:30:16.264496+00:00", "RecordID": "34527", "Level": "4", "UserID": "S-1-5-21-963789628-1060504924-4285088085-1001", "EventData.Event": "8", "EventData.SubscriberName": "SessionEnv"}
{"EventID": "812", "Channel": "Microsoft-Windows-Winlogon/Operational", "Provider_Name": "Microsoft-Windows-Winlogon", "Computer": "DESKTOP-OFJ6N53", "TimeCreated": "2025-08-13 15:30:16.265497+00:00", "RecordID": "34528", "Level": "4", "UserID": "S-1-5-21-963789628-1060504924-4285088085-1001", "EventData.Event": "8", "EventData.SubscriberName": "SessionEnv"}
{"EventID": "811", "Channel": "Microsoft-Windows-Winlogon/Operational", "Provider_Name": "Microsoft-Windows-Winlogon", "Computer": "DESKTOP-OFJ6N53", "TimeCreated": "2025-08-13 15:30:16.629486+00:00", "RecordID": "34529", "Level": "4", "UserID": "S-1-5-18", "EventData.Event": "0", "EventData.SubscriberName": "GPClient"}
{"EventID": "812", "Channel": "Microsoft-Windows-Winlogon/Operational", "Provider_Name": "Microsoft-Windows-Winlogon", "Computer": "DESKTOP-OFJ6N53", "TimeCreated": "2025-08-13 15:30:16.629549+00:00", "RecordID": "34530", "Level": "4", "UserID": "S-1-5-18", "EventData.Event": "0", "EventData.SubscriberName": "GPClient"}
{"EventID": "811", "Channel": "Microsoft-Windows-Winlogon/Operational", "Provider_Name": "Microsoft-Windows-Winlogon", "Computer": "DESKTOP-OFJ6N53", "TimeCreated": "2025-08-13 15:30:16.630045+00:00", "RecordID": "34531", "Level": "4", "UserID": "S-1-5-18", "EventData.Event": "0", "EventData.SubscriberName": "TermSrv"}
{"EventID": "812", "Channel": "Microsoft-Windows-Winlogon/Operational", "Provider_Name": "Microsoft-Windows-Winlogon", "Computer": "DESKTOP-OFJ6N53", "TimeCreated": "2025-08-13 15:30:16.631454+00:00", "RecordID": "34532", "Level": "4", "UserID": "S-1-5-18", "EventData.Event": "0", "EventData.SubscriberName": "TermSrv"}
{"EventID": "811", "Channel": "Microsoft-Windows-Winlogon/Operational", "Provider_Name": "Microsoft-Windows-Winlogon", "Computer": "DESKTOP-OFJ6N53", "TimeCreated": "2025-08-13 15:30:18.591192+00:00", "RecordID": "34533", "Level": "4", "UserID": "S-1-5-21-963789628-1060504924-4285088085-1001", "EventData.Event": "9", "EventData.SubscriberName": "Sens"}
{"EventID": "812", "Channel": "Microsoft-Windows-Winlogon/Operational", "Provider_Name": "Microsoft-Windows-Winlogon", "Computer": "DESKTOP-OFJ6N53", "TimeCreated": "2025-08-13 15:30:19.041361+00:00", "RecordID": "34534", "Level": "4", "UserID": "S-1-5-21-963789628-1060504924-4285088085-1001", "EventData.Event": "9", "EventData.SubscriberName": "Sens"}
{"EventID": "811", "Channel": "Microsoft-Windows-Winlogon/Operational", "Provider_Name": "Microsoft-Windows-Winlogon", "Computer": "DESKTOP-OFJ6N53", "TimeCreated": "2025-08-13 15:30:19.054405+00:00", "RecordID": "34535", "Level": "4", "UserID": "S-1-5-21-963789628-1060504924-4285088085-1001", "EventData.Event": "9", "EventData.SubscriberName": "SessionEnv"}
{"EventID": "812", "Channel": "Microsoft-Windows-Winlogon/Operational", "Provider_Name": "Microsoft-Windows-Winlogon", "Computer": "DESKTOP-OFJ6N53", "TimeCreated": "2025-08-13 15:30:19.054554+00:00", "RecordID": "34536", "Level": "4", "UserID": "S-1-5-21-963789628-1060504924-4285088085-1001", "EventData.Event": "9", "EventData.SubscriberName": "SessionEnv"}
{"EventID": "811", "Channel": "Microsoft-Windows-Winlogon/Operational", "Provider_Name": "Microsoft-Windows-Winlogon", "Computer": "DESKTOP-OFJ6N53", "TimeCreated": "2025-08-13 15:30:22.598501+00:00", "RecordID": "34537", "Level": "4", "UserID": "S-1-5-21-963789628-1060504924-4285088085-1001", "EventData.Event": "5", "EventData.SubscriberName": "Sens"}
{"EventID": "812", "Channel": "Microsoft-Windows-Winlogon/Operational", "Provider_Name": "Microsoft-Windows-Winlogon", "Computer": "DESKTOP-OFJ6N53", "TimeCreated": "2025-08-13 15:30:22.871979+00:00", "RecordID": "34538", "Level": "4", "UserID": "S-1-5-21-963789628-1060504924-4285088085-1001", "EventData.Event": "5", "EventData.SubscriberName": "Sens"}
{"EventID": "811", "Channel": "Microsoft-Windows-Winlogon/Operational", "Provider_Name": "Microsoft-Windows-Winlogon", "Computer": "DESKTOP-OFJ6N53", "TimeCreated": "2025-08-13 15:30:22.872066+00:00", "RecordID": "34539", "Level": "4", "UserID": "S-1-5-21-963789628-1060504924-4285088085-1001", "EventData.Event": "5", "EventData.SubscriberName": "TermSrv"}
{"EventID": "812", "Channel": "Microsoft-Windows-Winlogon/Operational", "Provider_Name": "Microsoft-Windows-Winlogon", "Computer": "DESKTOP-OFJ6N53", "TimeCreated": "2025-08-13 15:30:23.518621+00:00", "RecordID": "34540", "Level": "4", "UserID": "S-1-5-21-963789628-1060504924-4285088085-1001", "EventData.Event": "5", "EventData.SubscriberName": "TermSrv"}
{"EventID": "811", "Channel": "Microsoft-Windows-Winlogon/Operational", "Provider_Name": "Microsoft-Windows-Winlogon", "Computer": "DESKTOP-OFJ6N53", "TimeCreated": "2025-08-13 15:40:13.497540+00:00", "RecordID": "34541", "Level": "4", "UserID": "S-1-5-21-963789628-1060504924-4285088085-1001", "EventData.Event": "4", "EventData.SubscriberName": "Sens"}
{"EventID": "812", "Channel": "Microsoft-Windows-Winlogon/Operational", "Provider_Name": "Microsoft-Windows-Winlogon", "Computer": "DESKTOP-OFJ6N53", "TimeCreated": "2025-08-13 15:40:13.506666+00:00", "RecordID": "34542", "Level": "4", "UserID": "S-1-5-21-963789628-1060504924-4285088085-1001", "EventData.Event": "4", "EventData.SubscriberName": "Sens"}
{"EventID": "811", "Channel": "Microsoft-Windows-Winlogon/Operational", "Provider_Name": "Microsoft-Windows-Winlogon", "Computer": "DESKTOP-OFJ6N53", "TimeCreated": "2025-08-13 15:40:13.506756+00:00", "RecordID": "34543", "Level": "4", "UserID": "S-1-5-21-963789628-1060504924-4285088085-1001", "EventData.Event": "4", "EventData.SubscriberName": "TermSrv"}
{"EventID": "812", "Channel": "Microsoft-Windows-Winlogon/Operational", "Provider_Name": "Microsoft-Windows-Winlogon", "Computer": "DESKTOP-OFJ6N53", "TimeCreated": "2025-08-13 15:40:13.507133+00:00", "RecordID": "34544", "Level": "4", "UserID": "S-1-5-21-963789628-1060504924-4285088085-1001", "EventData.Event": "4", "EventData.SubscriberName": "TermSrv"}
{"EventID": "811", "Channel": "Microsoft-Windows-Winlogon/Operational", "Provider_Name": "Microsoft-Windows-Winlogon", "Computer": "DESKTOP-OFJ6N53", "TimeCreated": "2025-08-13 15:40:13.516029+00:00", "RecordID": "34545", "Level": "4", "UserID": "S-1-5-21-963789628-1060504924-4285088085-1001", "EventData.Event": "8", "EventData.SubscriberName": "Sens"}
{"EventID": "812", "Channel": "Microsoft-Windows-Winlogon/Operational", "Provider_Name": "Microsoft-Windows-Winlogon", "Computer": "DESKTOP-OFJ6N53", "TimeCreated": "2025-08-13 15:40:13.569267+00:00", "RecordID": "34546", "Level": "4", "UserID": "S-1-5-21-963789628-1060504924-4285088085-1001", "EventData.Event": "8", "EventData.SubscriberName": "Sens"}
{"EventID": "811", "Channel": "Microsoft-Windows-Winlogon/Operational", "Provider_Name": "Microsoft-Windows-Winlogon", "Computer": "DESKTOP-OFJ6N53", "TimeCreated": "2025-08-13 15:40:13.587618+00:00", "RecordID": "34547", "Level": "4", "UserID": "S-1-5-21-963789628-1060504924-4285088085-1001", "EventData.Event": "8", "EventData.SubscriberName": "SessionEnv"}
{"EventID": "812", "Channel": "Microsoft-Windows-Winlogon/Operational", "Provider_Name": "Microsoft-Windows-Winlogon", "Computer": "DESKTOP-OFJ6N53", "TimeCreated": "2025-08-13 15:40:13.587915+00:00", "RecordID": "34548", "Level": "4", "UserID": "S-1-5-21-963789628-1060504924-4285088085-1001", "EventData.Event": "8", "EventData.SubscriberName": "SessionEnv"}
{"EventID": "811", "Channel": "Microsoft-Windows-Winlogon/Operational", "Provider_Name": "Microsoft-Windows-Winlogon", "Computer": "DESKTOP-OFJ6N53", "TimeCreated": "2025-08-13 15:42:25.298697+00:00", "RecordID": "34549", "Level": "4", "UserID": "S-1-5-21-963789628-1060504924-4285088085-1001", "EventData.Event": "9", "EventData.SubscriberName": "Sens"}
{"EventID": "812", "Channel": "Microsoft-Windows-Winlogon/Operational", "Provider_Name": "Microsoft-Windows-Winlogon", "Computer": "DESKTOP-OFJ6N53", "TimeCreated": "2025-08-13 15:42:25.595802+00:00", "RecordID": "34550", "Level": "4", "UserID": "S-1-5-21-963789628-1060504924-4285088085-1001", "EventData.Event": "9", "EventData.SubscriberName": "Sens"}
{"EventID": "811", "Channel": "Microsoft-Windows-Winlogon/Operational", "Provider_Name": "Microsoft-Windows-Winlogon", "Computer": "DESKTOP-OFJ6N53", "TimeCreated": "2025-08-13 15:42:25.599045+00:00", "RecordID": "34551", "Level": "4", "UserID": "S-1-5-21-963789628-1060504924-4285088085-1001", "EventData.Event": "9", "EventData.SubscriberName": "SessionEnv"}
{"EventID": "812", "Channel": "Microsoft-Windows-Winlogon/Operational", "Provider_Name": "Microsoft-Windows-Winlogon", "Computer": "DESKTOP-OFJ6N53", "TimeCreated": "2025-08-13 15:42:25.602968+00:00", "RecordID": "34552", "Level": "4", "UserID": "S-1-5-21-963789628-1060504924-4285088085-1001", "EventData.Event": "9", "EventData.SubscriberName": "SessionEnv"}
{"EventID": "811", "Channel": "Microsoft-Windows-Winlogon/Operational", "Provider_Name": "Microsoft-Windows-Winlogon", "Computer": "DESKTOP-OFJ6N53", "TimeCreated": "2025-08-13 15:42:25.604567+00:00", "RecordID": "34553", "Level": "4", "UserID": "S-1-5-21-963789628-1060504924-4285088085-1001", "EventData.Event": "5", "EventData.SubscriberName": "Sens"}
{"EventID": "812", "Channel": "Microsoft-Windows-Winlogon/Operational", "Provider_Name": "Microsoft-Windows-Winlogon", "Computer": "DESKTOP-OFJ6N53", "TimeCreated": "2025-08-13 15:42:25.631765+00:00", "RecordID": "34554", "Level": "4", "UserID": "S-1-5-21-963789628-1060504924-4285088085-1001", "EventData.Event": "5", "EventData.SubscriberName": "Sens"}
{"EventID": "811", "Channel": "Microsoft-Windows-Winlogon/Operational", "Provider_Name": "Microsoft-Windows-Winlogon", "Computer": "DESKTOP-OFJ6N53", "TimeCreated": "2025-08-13 15:42:25.631847+00:00", "RecordID": "34555", "Level": "4", "UserID": "S-1-5-21-963789628-1060504924-4285088085-1001", "EventData.Event": "5", "EventData.SubscriberName": "TermSrv"}
{"EventID": "812", "Channel": "Microsoft-Windows-Winlogon/Operational", "Provider_Name": "Microsoft-Windows-Winlogon", "Computer": "DESKTOP-OFJ6N53", "TimeCreated": "2025-08-13 15:42:25.673576+00:00", "RecordID": "34556", "Level": "4", "UserID": "S-1-5-21-963789628-1060504924-4285088085-1001", "EventData.Event": "5", "EventData.SubscriberName": "TermSrv"}
{"EventID": "811", "Channel": "Microsoft-Windows-Winlogon/Operational", "Provider_Name": "Microsoft-Windows-Winlogon", "Computer": "DESKTOP-OFJ6N53", "TimeCreated": "2025-08-14 02:45:11.082613+00:00", "RecordID": "34557", "Level": "4", "UserID": "S-1-5-21-963789628-1060504924-4285088085-1001", "EventData.Event": "4", "EventData.SubscriberName": "Sens"}
