{"EventID": "42", "Channel": "Microsoft-Windows-Kernel-WHEA/Operational", "Provider_Name": "Microsoft-Windows-Kernel-WHEA", "Computer": "DESKTOP-OFJ6N53", "TimeCreated": "2022-06-06 07:33:46.145226+00:00", "RecordID": "65", "Level": "4", "UserID": "S-1-5-18", "EventData.Type": "0", "EventData.Owner": "1280201291", "EventData.Id": "2147483660", "EventData.Flags": "2", "EventData.Length": "1009", "EventData.RawData": "V2hMZwEAAADxAwAAAAAAAEtSTkwMAACAAgAAANEDAADMAwAACwAAABAAAAABAAAALA0AAAEAAAADAAAAAAAAAAAAAAAAAAAAAAAAADxgwYNSFadIh9EU2UZ9d2VQUwAA2A4AAAEAAAAQAF1LhYT//1AbAkUE+P//cBsCRQT4///APHY/BPj//418IVdmXvtEgDObdMrO31sAAAAAAAAAAAAAAAAAAAAAZAQAAAEAAACQ/y9LhYT//wAAAAAAAAAAAAAAAAAAAAAAAAAAAAAAAAAAAAAAAAAAAAAAAAAAAAAAAAAAAAAAAAAAAAAAAAAAAAAAAAAAAAAAAAAAAAAAAAAAAAAAAAAAAAAAAAAAAAAAAAAAAAAAAAAAAAAAAAAAAAAAAAAAAAAAAAAAAAAAAAAAAAAAAAAAAAAAAAAAAAAAAAAAAAAAAAAAAAAAAAAAAAAAAAAAAAAAAAAAAAAAAAAAAAAAAAAAAAAAAAAAAAAAAAAAAAAAAAAAAAAAAAAAAAAAAAAAAAAAAAAAAAAAAAAAAAAAAAAAAAAAAAAAAAAAAAAAAAAAAAAAAAAAAAAAAAAAAAAAAAAAAAAAAAAAAAAAAAAAAAAAAAAAAAAAAAAAAAAAAAAAAAAAAAAAAAAAAAAAAAAAAAAAAAAAAAAAAAAAAAAAAAAAAAAAAAAAAAAAAAAAAAAAAAAAAAAAAAAAAAAAAAAAAAAAAAAAAAAAAAAAAAAAAAAAAAAAAAAAAAAAAAAAAAAAAAAAAAAAAAAAAAAAAAAAAAAAAAAAAAAAAAAAAAAAAAAAAAAAAAAAAAAAAAAAAAAAAAAAAAAAAAAAAAAAAAAAAAAAAAAAAAAAAAAAAAAAAAAAAAAAAAAAAAAAAAAAAAAAAAAAAAAAAAAAAAAAAAAAAAAAAAAAAAAAAAAAAAAAAAAAAAAAAAAAAAAAAAAAAAAAAAAAAAAAAAAAAAAAAAAAAAAAAAAAAAAAAAAAAAAAAAAAAAAAAAAAAAAAAAAAAAAAAAAAAAAAAAAAAAAAAAAAAAAAAAAAAAAAAAAAAAAAAAAAAAAAAAAAAAAAAAAAAAAAAAAAAAAAAAAAAAAAAAAAAAAAAAAAAAAAAAAAAAAAAAAAAAAAAAAAAAAAAAAAAAAAAAAAAAAAAAAAAAAAAAAAAAAAAAAAAAAAAAAAAAAAAAAAAAAAAAAAAAAAAAAAAAAAAAAAAAAAAAAAAAAAAAAAAAAAAAAAAAAAAAAAAAAAAAAAAAAAAAAAAAAAAAAAAAAAAAAAAAAAAAAAAAAAAAAAAAAAAAAAAAAAAAAAAAAAAAAAAAAAAAAAAAAAAAAAAAAAAAAAAAAAAAAAAA=="}
{"EventID": "42", "Channel": "Microsoft-Windows-Kernel-WHEA/Operational", "Provider_Name": "Microsoft-Windows-Kernel-WHEA", "Computer": "DESKTOP-OFJ6N53", "TimeCreated": "2022-06-06 07:33:58.319382+00:00", "RecordID": "66", "Level": "4", "UserID": "S-1-5-18", "EventData.Type": "0", "EventData.Owner": "1145590608", "EventData.Id": "2147483658", "EventData.Flags": "2", "EventData.Length": "34", "EventData.RawData": "V2hMZwEAAAAiAAAAAAAAAFBTSEQKAACAAgAAAAIAAAAAAQ=="}
{"EventID": "5", "Channel": "Microsoft-Windows-Kernel-WHEA/Operational", "Provider_Name": "Microsoft-Windows-Kernel-WHEA", "Computer": "DESKTOP-OFJ6N53", "TimeCreated": "2022-06-06 07:33:58.319666+00:00", "RecordID": "67", "Level": "4", "UserID": "S-1-5-18", "EventData.ErrorSourceCount": "5", "EventData.ErrorRecordFormat": "10", "EventData.ErrorSourceTableLength": "5360", "EventData.ErrorSourceTable": "YNSaS4WE//9orw1ABPj//wAAAAAAAAAAAAAAAAEAAAD4KQAAV2hlYRAAAAAAAAAAADBrS4WE//8AAAAAAAAAAAMAAAB8DQAAAAAAAAAAAAAAAAAAAAAAAAAAAAAAAAAAzAMAAAsAAAAQAAAAAgAAACwNAAABAAAAAwAAAAAAAAAAAAAAAAAAAAAAAAA8YMGDUhWnSIfRFNlGfXdlUFMAANgOAAABAAAAEABdS4WE//9QGwJFBPj//3AbAkUE+P//wDx2PwT4//+NfCFXZl77RIAzm3TKzt9bAAAAAAAAAAAAAAAAAAAAAGQEAAABAAAAkP8vS4WE//8AAAAAAAAAAAAAAAAAAAAAAAAAAAAAAAAAAAAAAAAAAAAAAAAAAAAAAAAAAAAAAAAAAAAAAAAAAAAAAAAAAAAAAAAAAAAAAAAAAAAAAAAAAAAAAAAAAAAAAAAAAAAAAAAAAAAAAAAAAAAAAAAAAAAAAAAAAAAAAAAAAAAAAAAAAAAAAAAAAAAAAAAAAAAAAAAAAAAAAAAAAAAAAAAAAAAAAAAAAAAAAAAAAAAAAAAAAAAAAAAAAAAAAAAAAAAAAAAAAAAAAAAAAAAAAAAAAAAAAAAAAAAAAAAAAAAAAAAAAAAAAAAAAAAAAAAAAAAAAAAAAAAAAAAAAAAAAAAAAAAAAAAAAAAAAAAAAAAAAAAAAAAAAAAAAAAAAAAAAAAAAAAAAAAAAAAAAAAAAAAAAAAAAAAAAAAAAAAAAAAAAAAAAAAAAAAAAAAAAAAAAAAAAAAAAAAAAAAAAAAAAAAAAAAAAAAAAAAAAAAAAAAAAAAAAAAAAAAAAAAAAAAAAAAAAAAAAAAAAAAAAAAAAAAAAAAAAAAAAAAAAAAAAAAAAAAAAAAAAAAAAAAAAAAAAAAAAAAAAAAAAAAAAAAAAAAAAAAAAAAAAAAAAAAAAAAAAAAAAAAAAAAAAAAAAAAAAAAAAAAAAAAAAAAAAAAAAAAAAAAAAAAAAAAAAAAAAAAAAAAAAAAAAAAAAAAAAAAAAAAAAAAAAAAAAAAAAAAAAAAAAAAAAAAAAAAAAAAAAAAAAAAAAAAAAAAAAAAAAAAAAAAAAAAAAAAAAAAAAAAAAAAAAAAAAAAAAAAAAAAAAAAAAAAAAAAAAAAAAAAAAAAAAAAAAAAAAAAAAAAAAAAAAAAAAAAAAAAAAAAAAAAAAAAAAAAAAAAAAAAAAAAAAAAAAAAAAAAAAAAAAAAAAAAAAAAAAAAAAAAAAAAAAAAAAAAAAAAAAAAAAAAAAAAAAAAAAAAAAAAAAAAAAAAAAAAAAAAAAAAAAAAAAAAAAAAAAAAAAAAAAAAAAAAAAAAAAAAAAAAAAAAAAAAAAAAAAAAAAAAAAAAAAAAAAAAAAAAAAAAAAAAAAAAAAAAAAAAAAAAAAAAAAAAAAAAAAAAAABDQmkuFhP//IMhcS4WE//8AAAAAAAAAAAAAAAACAAAA6A0AAFdoZWEAAAAAAAAAAAAgk0uFhP//AAAAAAAAAAAIAAAAYAEAAAAAAAAAAAAAAAAAAAAAAAAAAAAAAAAAAMwDAAAKAAAAAAAAAAIAAABBAQAAAgAAAAgAAAABAAAAAAAAAAAAAIAAAAEGAAAAAAAAAAAAAAAA//////////8AAQAAAAQAAAEEAAACBAAAAwQAAP//////////AQEAAAQEAAAFBAAABgQAAAcEAAD//////////wIBAAAIBAAACQQAAAoEAAALBAAA//////////8DAQAADAQAAA0EAAAOBAAADwQAAP//////////BAEAABAEAAARBAAAEgQAABMEAAD//////////wUBAAAUBAAAFQQAABYEAAAXBAAA//////////8GAQAAGAQAABkEAAAaBAAAGwQAAP//////////BwEAABwEAAAdBAAAHgQAAB8EAAD//////////wgBAAAgBAAAIQQAACIEAAAjBAAA//////////8JAQAAJAQAACUEAAAmBAAAJwQAAP//////////CgEAACgEAAApBAAAKgQAACsEAAD//////////wsBAAAsBAAALQQAAC4EAAAvBAAA//////////8MAQAAMAQAADEEAAAyBAAAMwQAAP//////////DQEAADQEAAA1BAAANgQAADcEAAD//////////w4BAAA4BAAAOQQAADoEAAA7BAAA//////////8PAQAAPAQAAD0EAAA+BAAAPwQAAP//////////AAAAAAAAAAAAAAAAAAAAAAAAAAAAAAAAAAAAAAAAAAAAAAAAAAAAAAAAAAAAAAAAAAAAAAAAAAAAAAAAAAAAAAAAAAAAAAAAAAAAAAAAAAAAAAAAAAAAAAAAAAAAAAAAAAAAAAAAAAAAAAAAAAAAAAAAAAAAAAAAAAAAAAAAAAAAAAAAAAAAAAAAAAAAAAAAAAAAAAAAAAAAAAAAAAAAAAAAAAAAAAAAAAAAAAAAAAAAAAAAAAAAAAAAAAAAAAAAAAAAAAAAAAAAAAAAAAAAAAAAAAAAAAAAAAAAAAAAAAAAAAAAAAAAAAAAAAAAAAAAAAAAAAAAAAAAAAAAAAAAAAAAAAAAAAAAAAAAAAAAAAAAAAAAAAAAAAAAAAAAAAAAAAAAAAAAAAAAAAAAAAAAAAAAAAAAAAAAAAAAAAAAAAAAAAAAAAAAAAAAAAAAAAAAAAAAAAAAAAAAAAAAAAAAAAAAAAAAAAAAAAAAAAAAAAAAAAAAAAAAAAAAAAAAAAAAAAAAAAAAAAAAAAAAAAAAAAAAAAAAAAAAAAAAAAAAAAAAAAAAAAAAAAAAAAAAAAAAAAAAAAAAAAAAAAAAAAAAAAAAAAAAAAAAAAAAAAAAAACwyJpLhYT//2DUmkuFhP//AAAAAAAAAAAAAAAAAwAAAOgNAABXaGVhAQAAAAAAAAAAQJNLhYT//wAAAAAAAAAACAAAAGABAAAAAAAAAAAAAAAAAAAAAAAAAAAAAAAAAADMAwAACgAAAAEAAAACAAAAQQEAAAMAAAAIAAAAAgAAAAAAAAAAAACAAQABBgAAAAAFHAAAYOoAAAAAAAAAAAAAAAAAAAAAAAAAAAAAAAEAAAAEAAABBAAAAgQAAAMEAAD//////////wEBAAAEBAAABQQAAAYEAAAHBAAA//////////8CAQAACAQAAAkEAAAKBAAACwQAAP//////////AwEAAAwEAAANBAAADgQAAA8EAAD//////////wQBAAAQBAAAEQQAABIEAAATBAAA//////////8FAQAAFAQAABUEAAAWBAAAFwQAAP//////////BgEAABgEAAAZBAAAGgQAABsEAAD//////////wcBAAAcBAAAHQQAAB4EAAAfBAAA//////////8IAQAAIAQAACEEAAAiBAAAIwQAAP//////////CQEAACQEAAAlBAAAJgQAACcEAAD//////////woBAAAoBAAAKQQAACoEAAArBAAA//////////8LAQAALAQAAC0EAAAuBAAALwQAAP//////////DAEAADAEAAAxBAAAMgQAADMEAAD//////////w0BAAA0BAAANQQAADYEAAA3BAAA//////////8OAQAAOAQAADkEAAA6BAAAOwQAAP//////////DwEAADwEAAA9BAAAPgQAAD8EAAD//////////wAAAAAAAAAAAAAAAAAAAAAAAAAAAAAAAAAAAAAAAAAAAAAAAAAAAAAAAAAAAAAAAAAAAAAAAAAAAAAAAAAAAAAAAAAAAAAAAAAAAAAAAAAAAAAAAAAAAAAAAAAAAAAAAAAAAAAAAAAAAAAAAAAAAAAAAAAAAAAAAAAAAAAAAAAAAAAAAAAAAAAAAAAAAAAAAAAAAAAAAAAAAAAAAAAAAAAAAAAAAAAAAAAAAAAAAAAAAAAAAAAAAAAAAAAAAAAAAAAAAAAAAAAAAAAAAAAAAAAAAAAAAAAAAAAAAAAAAAAAAAAAAAAAAAAAAAAAAAAAAAAAAAAAAAAAAAAAAAAAAAAAAAAAAAAAAAAAAAAAAAAAAAAAAAAAAAAAAAAAAAAAAAAAAAAAAAAAAAAAAAAAAAAAAAAAAAAAAAAAAAAAAAAAAAAAAAAAAAAAAAAAAAAAAAAAAAAAAAAAAAAAAAAAAAAAAAAAAAAAAAAAAAAAAAAAAAAAAAAAAAAAAAAAAAAAAAAAAAAAAAAAAAAAAAAAAAAAAAAAAAAAAAAAAAAAAAAAAAAAAAAAAAAAAAAAAAAAAAAAAAAAAAAAAAAAAAAAAAAAAAAAYMSaS4WE//8Q0JpLhYT//wAAAAAAAAAAAAAAAAEAAADABgAAV2hlYQMAAAAAAAAA4BhvS4WE//8AAAAAAAAAAAEAAADAAQAAAAAAAAAAAAAAAAAAAAAAAAAAAAAAAAAAzAMAAAoAAAADAAAAAgAAAAABAAABAAAAAwAAAAMAAAAAAAAAAAAAgAIAAQAAAAAAAAAAAAAAAAAAAAAAAAAAAAAAAAAAAAAAAAAAAAAAAAAAAAAAAAAAAAAAAAAAAAAAAAAAAAAAAAAAAAAAAAAAAAAAAAAAAAAAAAAAAAAAAAAAAAAAAAAAAAAAAAAAAAAAAAAAAAAAAAAAAAAAAAAAAAAAAAAAAAAAAAAAAAAAAAAAAAAAAAAAAAAAAAAAAAAAAAAAAAAAAAAAAAAAAAAAAAAAAAAAAAAAAAAAAAAAAAAAAAAAAAAAAAAAAAAAAAAAAAAAAAAAAAAAAAAAAAAAAAAAAAAAAAAAAAAAAAAAAAAAAAAAAAAAAAAAAAAAAAAAAAAAAAAAAAAAAAAAAAAAAAAAAAAAAAAAAAAAAAAAAAAAAAAAAAAAAAAAAAAAAAAAAAAAAAAAAAAAAAAAAAAAAAAAAAAAAAAAAAAAAAAAAAAAAAAAAAAAAAAAAAAAAAAAAAAAAAAAAAAAAAAAAAAAAAAAAAAAAAAAAAAAAAAAAAAAAAAAAAAAAAAAAAAAAAAAAAAAAAAAAAAAAAAAAAAAAAAAAAAAAAAAAAAAAAAAAAAAAAAAAAAAAAAAAAAAAAAAAAAAAAAAAAAAAAAAAAAAAAAAAAAAAAAAAAAAAAAAAAAAAAAAAAAAAAAAAAAAAAAAAAAAAAAAAAAAAAAAAAAAAAAAAAAAAAAAAAAAAAAAAAAAAAAAAAAAAAAAAAAAAAAAAAAAAAAAAAAAAAAAAAAAAAAAAAAAAAAAAAAAAAAAAAAAAAAAAAAAAAAAAAAAAAAAAAAAAAAAAAAAAAAAAAAAAAAAAAAAAAAAAAAAAAAAAAAAAAAAAAAAAAAAAAAAAAAAAAAAAAAAAAAAAAAAAAAAAAAAAAAAAAAAAAAAAAAAAAAAAAAAAAAAAAAAAAAAAAAAAAAAAAAAAAAAAAAAAAAAAAAAAAAAAAAAAAAAAAAAAAAAAAAAAAAAAAAAAAAAAAAAAAAAAAAAAAAAAAAAAAAAAAAAAAAAAAAAAAAAAAAAAAAAAAAAAAAAAAAAAAAAAAAAAAAAAAAAAAAAAAAAAAAAAAAAAAAAAAAAAAAAAAAAAAAAAAAAAAAAAAAAAAAAAAAAAAAAAAAAAAAAAAAAAAAAAAAAAAAAAAAAAAAAAAAAAAAAAAAAAAAAAAAAAAAAAAAAAAAAAAAAAAAAAAAAAAAAAAAAAAAAAAAAAAAAAAAAAAAAAAAAAAAAAAAAAAAAAAAAAAAAAAAAAAAAAAAAAAAAAGivDUAE+P//sMiaS4WE//8AAAAAAAAAAAAAAAAAAAAAAAAAAAAAAAAHAAAAAAAAAAAAAAAAAAAAAAAAAAAAAAAAAAAAAAAAAAAAAAAAAAAAAAAAAAAAAAABAAAAAAAAAMwDAAAKAAAABwAAAAIAAAAAEAAAAQAAAAgAAAAEAAAAAAAAAAAAAIAAAAAAAAAAAAAAAAAAAAAAAAAAAAAAAAAAAAAAAAAAAAAAAAAAAAAAAAAAAAAAAAAAAAAAAAAAAAAAAAAAAAAAAAAAAAAAAAAAAAAAAAAAAAAAAAAAAAAAAAAAAAAAAAAAAAAAAAAAAAAAAAAAAAAAAAAAAAAAAAAAAAAAAAAAAAAAAAAAAAAAAAAAAAAAAAAAAAAAAAAAAAAAAAAAAAAAAAAAAAAAAAAAAAAAAAAAAAAAAAAAAAAAAAAAAAAAAAAAAAAAAAAAAAAAAAAAAAAAAAAAAAAAAAAAAAAAAAAAAAAAAAAAAAAAAAAAAAAAAAAAAAAAAAAAAAAAAAAAAAAAAAAAAAAAAAAAAAAAAAAAAAAAAAAAAAAAAAAAAAAAAAAAAAAAAAAAAAAAAAAAAAAAAAAAAAAAAAAAAAAAAAAAAAAAAAAAAAAAAAAAAAAAAAAAAAAAAAAAAAAAAAAAAAAAAAAAAAAAAAAAAAAAAAAAAAAAAAAAAAAAAAAAAAAAAAAAAAAAAAAAAAAAAAAAAAAAAAAAAAAAAAAAAAAAAAAAAAAAAAAAAAAAAAAAAAAAAAAAAAAAAAAAAAAAAAAAAAAAAAAAAAAAAAAAAAAAAAAAAAAAAAAAAAAAAAAAAAAAAAAAAAAAAAAAAAAAAAAAAAAAAAAAAAAAAAAAAAAAAAAAAAAAAAAAAAAAAAAAAAAAAAAAAAAAAAAAAAAAAAAAAAAAAAAAAAAAAAAAAAAAAAAAAAAAAAAAAAAAAAAAAAAAAAAAAAAAAAAAAAAAAAAAAAAAAAAAAAAAAAAAAAAAAAAAAAAAAAAAAAAAAAAAAAAAAAAAAAAAAAAAAAAAAAAAAAAAAAAAAAAAAAAAAAAAAAAAAAAAAAAAAAAAAAAAAAAAAAAAAAAAAAAAAAAAAAAAAAAAAAAAAAAAAAAAAAAAAAAAAAAAAAAAAAAAAAAAAAAAAAAAAAAAAAAAAAAAAAAAAAAAAAAAAAAAAAAAAAAAAAAAAAAAAAAAAAAAAAAAAAAAAAAAAAAAAAAAAAAAAAAAAAAAAAAAAAAAAAAAAAAAAAAAAAAAAAAAAAAAAAAAAAAAAAAAAAAAAAAAAAAAAAAAAAAAAAAAAAAAAAAAAAAAAAAAAAAAAAAAAAAAAAAAAAAAAAAAAAAAAAAAAAAAAAAAAAAAAAAAAAAAAAAAAAAAAAAAAAAAAAAAAAAAAAAAAAAAAAAAAAAAAAAAAAAAAAAAAAAAAAAAAAAAAAA="}
{"EventID": "42", "Channel": "Microsoft-Windows-Kernel-WHEA/Operational", "Provider_Name": "Microsoft-Windows-Kernel-WHEA", "Computer": "DESKTOP-OFJ6N53", "TimeCreated": "2022-06-06 07:33:58.319672+00:00", "RecordID": "68", "Level": "4", "UserID": "S-1-5-18", "EventData.Type": "0", "EventData.Owner": "1280201291", "EventData.Id": "2147483650", "EventData.Flags": "2", "EventData.Length": "5392", "EventData.RawData": "V2hMZwEAAAAQFQAAAAAAAEtSTkwCAACAAgAAAPAUAABg1JpLhYT//2ivDUAE+P//AAAAAAAAAAAAAAAAAQAAAPgpAABXaGVhEAAAAAAAAAAAMGtLhYT//wAAAAAAAAAAAwAAAHwNAAAAAAAAAAAAAAAAAAAAAAAAAAAAAAAAAADMAwAACwAAABAAAAACAAAALA0AAAEAAAADAAAAAAAAAAAAAAAAAAAAAAAAADxgwYNSFadIh9EU2UZ9d2VQUwAA2A4AAAEAAAAQAF1LhYT//1AbAkUE+P//cBsCRQT4///APHY/BPj//418IVdmXvtEgDObdMrO31sAAAAAAAAAAAAAAAAAAAAAZAQAAAEAAACQ/y9LhYT//wAAAAAAAAAAAAAAAAAAAAAAAAAAAAAAAAAAAAAAAAAAAAAAAAAAAAAAAAAAAAAAAAAAAAAAAAAAAAAAAAAAAAAAAAAAAAAAAAAAAAAAAAAAAAAAAAAAAAAAAAAAAAAAAAAAAAAAAAAAAAAAAAAAAAAAAAAAAAAAAAAAAAAAAAAAAAAAAAAAAAAAAAAAAAAAAAAAAAAAAAAAAAAAAAAAAAAAAAAAAAAAAAAAAAAAAAAAAAAAAAAAAAAAAAAAAAAAAAAAAAAAAAAAAAAAAAAAAAAAAAAAAAAAAAAAAAAAAAAAAAAAAAAAAAAAAAAAAAAAAAAAAAAAAAAAAAAAAAAAAAAAAAAAAAAAAAAAAAAAAAAAAAAAAAAAAAAAAAAAAAAAAAAAAAAAAAAAAAAAAAAAAAAAAAAAAAAAAAAAAAAAAAAAAAAAAAAAAAAAAAAAAAAAAAAAAAAAAAAAAAAAAAAAAAAAAAAAAAAAAAAAAAAAAAAAAAAAAAAAAAAAAAAAAAAAAAAAAAAAAAAAAAAAAAAAAAAAAAAAAAAAAAAAAAAAAAAAAAAAAAAAAAAAAAAAAAAAAAAAAAAAAAAAAAAAAAAAAAAAAAAAAAAAAAAAAAAAAAAAAAAAAAAAAAAAAAAAAAAAAAAAAAAAAAAAAAAAAAAAAAAAAAAAAAAAAAAAAAAAAAAAAAAAAAAAAAAAAAAAAAAAAAAAAAAAAAAAAAAAAAAAAAAAAAAAAAAAAAAAAAAAAAAAAAAAAAAAAAAAAAAAAAAAAAAAAAAAAAAAAAAAAAAAAAAAAAAAAAAAAAAAAAAAAAAAAAAAAAAAAAAAAAAAAAAAAAAAAAAAAAAAAAAAAAAAAAAAAAAAAAAAAAAAAAAAAAAAAAAAAAAAAAAAAAAAAAAAAAAAAAAAAAAAAAAAAAAAAAAAAAAAAAAAAAAAAAAAAAAAAAAAAAAAAAAAAAAAAAAAAAAAAAAAAAAAAAAAAAAAAAAAAAAAAAAAAAAAAAAAAAAAAAAAAAAAAAAAAAAAAAAAAAAAAAAAAAAAAAAAAAAAAAAAAAAAAAAAAAAAAAAAAAAAAAAAAAAAAAAAAAAAAAAAAAAAAAAAAAAAENCaS4WE//8gyFxLhYT//wAAAAAAAAAAAAAAAAIAAADoDQAAV2hlYQAAAAAAAAAAACCTS4WE//8AAAAAAAAAAAgAAABgAQAAAAAAAAAAAAAAAAAAAAAAAAAAAAAAAAAAzAMAAAoAAAAAAAAAAgAAAEEBAAACAAAACAAAAAEAAAAAAAAAAAAAgAAAAQYAAAAAAAAAAAAAAAD//////////wABAAAABAAAAQQAAAIEAAADBAAA//////////8BAQAABAQAAAUEAAAGBAAABwQAAP//////////AgEAAAgEAAAJBAAACgQAAAsEAAD//////////wMBAAAMBAAADQQAAA4EAAAPBAAA//////////8EAQAAEAQAABEEAAASBAAAEwQAAP//////////BQEAABQEAAAVBAAAFgQAABcEAAD//////////wYBAAAYBAAAGQQAABoEAAAbBAAA//////////8HAQAAHAQAAB0EAAAeBAAAHwQAAP//////////CAEAACAEAAAhBAAAIgQAACMEAAD//////////wkBAAAkBAAAJQQAACYEAAAnBAAA//////////8KAQAAKAQAACkEAAAqBAAAKwQAAP//////////CwEAACwEAAAtBAAALgQAAC8EAAD//////////wwBAAAwBAAAMQQAADIEAAAzBAAA//////////8NAQAANAQAADUEAAA2BAAANwQAAP//////////DgEAADgEAAA5BAAAOgQAADsEAAD//////////w8BAAA8BAAAPQQAAD4EAAA/BAAA//////////8AAAAAAAAAAAAAAAAAAAAAAAAAAAAAAAAAAAAAAAAAAAAAAAAAAAAAAAAAAAAAAAAAAAAAAAAAAAAAAAAAAAAAAAAAAAAAAAAAAAAAAAAAAAAAAAAAAAAAAAAAAAAAAAAAAAAAAAAAAAAAAAAAAAAAAAAAAAAAAAAAAAAAAAAAAAAAAAAAAAAAAAAAAAAAAAAAAAAAAAAAAAAAAAAAAAAAAAAAAAAAAAAAAAAAAAAAAAAAAAAAAAAAAAAAAAAAAAAAAAAAAAAAAAAAAAAAAAAAAAAAAAAAAAAAAAAAAAAAAAAAAAAAAAAAAAAAAAAAAAAAAAAAAAAAAAAAAAAAAAAAAAAAAAAAAAAAAAAAAAAAAAAAAAAAAAAAAAAAAAAAAAAAAAAAAAAAAAAAAAAAAAAAAAAAAAAAAAAAAAAAAAAAAAAAAAAAAAAAAAAAAAAAAAAAAAAAAAAAAAAAAAAAAAAAAAAAAAAAAAAAAAAAAAAAAAAAAAAAAAAAAAAAAAAAAAAAAAAAAAAAAAAAAAAAAAAAAAAAAAAAAAAAAAAAAAAAAAAAAAAAAAAAAAAAAAAAAAAAAAAAAAAAAAAAAAAAAAAAAAAAAAAAAAAAAAAAAAAAALDImkuFhP//YNSaS4WE//8AAAAAAAAAAAAAAAADAAAA6A0AAFdoZWEBAAAAAAAAAABAk0uFhP//AAAAAAAAAAAIAAAAYAEAAAAAAAAAAAAAAAAAAAAAAAAAAAAAAAAAAMwDAAAKAAAAAQAAAAIAAABBAQAAAwAAAAgAAAACAAAAAAAAAAAAAIABAAEGAAAAAAUcAABg6gAAAAAAAAAAAAAAAAAAAAAAAAAAAAAAAQAAAAQAAAEEAAACBAAAAwQAAP//////////AQEAAAQEAAAFBAAABgQAAAcEAAD//////////wIBAAAIBAAACQQAAAoEAAALBAAA//////////8DAQAADAQAAA0EAAAOBAAADwQAAP//////////BAEAABAEAAARBAAAEgQAABMEAAD//////////wUBAAAUBAAAFQQAABYEAAAXBAAA//////////8GAQAAGAQAABkEAAAaBAAAGwQAAP//////////BwEAABwEAAAdBAAAHgQAAB8EAAD//////////wgBAAAgBAAAIQQAACIEAAAjBAAA//////////8JAQAAJAQAACUEAAAmBAAAJwQAAP//////////CgEAACgEAAApBAAAKgQAACsEAAD//////////wsBAAAsBAAALQQAAC4EAAAvBAAA//////////8MAQAAMAQAADEEAAAyBAAAMwQAAP//////////DQEAADQEAAA1BAAANgQAADcEAAD//////////w4BAAA4BAAAOQQAADoEAAA7BAAA//////////8PAQAAPAQAAD0EAAA+BAAAPwQAAP//////////AAAAAAAAAAAAAAAAAAAAAAAAAAAAAAAAAAAAAAAAAAAAAAAAAAAAAAAAAAAAAAAAAAAAAAAAAAAAAAAAAAAAAAAAAAAAAAAAAAAAAAAAAAAAAAAAAAAAAAAAAAAAAAAAAAAAAAAAAAAAAAAAAAAAAAAAAAAAAAAAAAAAAAAAAAAAAAAAAAAAAAAAAAAAAAAAAAAAAAAAAAAAAAAAAAAAAAAAAAAAAAAAAAAAAAAAAAAAAAAAAAAAAAAAAAAAAAAAAAAAAAAAAAAAAAAAAAAAAAAAAAAAAAAAAAAAAAAAAAAAAAAAAAAAAAAAAAAAAAAAAAAAAAAAAAAAAAAAAAAAAAAAAAAAAAAAAAAAAAAAAAAAAAAAAAAAAAAAAAAAAAAAAAAAAAAAAAAAAAAAAAAAAAAAAAAAAAAAAAAAAAAAAAAAAAAAAAAAAAAAAAAAAAAAAAAAAAAAAAAAAAAAAAAAAAAAAAAAAAAAAAAAAAAAAAAAAAAAAAAAAAAAAAAAAAAAAAAAAAAAAAAAAAAAAAAAAAAAAAAAAAAAAAAAAAAAAAAAAAAAAAAAAAAAAAAAAAAAAAAAAAAAAAAAAAAAAAAAAAAAAABgxJpLhYT//xDQmkuFhP//AAAAAAAAAAAAAAAAAQAAAMAGAABXaGVhAwAAAAAAAADgGG9LhYT//wAAAAAAAAAAAQAAAMABAAAAAAAAAAAAAAAAAAAAAAAAAAAAAAAAAADMAwAACgAAAAMAAAACAAAAAAEAAAEAAAADAAAAAwAAAAAAAAAAAACAAgABAAAAAAAAAAAAAAAAAAAAAAAAAAAAAAAAAAAAAAAAAAAAAAAAAAAAAAAAAAAAAAAAAAAAAAAAAAAAAAAAAAAAAAAAAAAAAAAAAAAAAAAAAAAAAAAAAAAAAAAAAAAAAAAAAAAAAAAAAAAAAAAAAAAAAAAAAAAAAAAAAAAAAAAAAAAAAAAAAAAAAAAAAAAAAAAAAAAAAAAAAAAAAAAAAAAAAAAAAAAAAAAAAAAAAAAAAAAAAAAAAAAAAAAAAAAAAAAAAAAAAAAAAAAAAAAAAAAAAAAAAAAAAAAAAAAAAAAAAAAAAAAAAAAAAAAAAAAAAAAAAAAAAAAAAAAAAAAAAAAAAAAAAAAAAAAAAAAAAAAAAAAAAAAAAAAAAAAAAAAAAAAAAAAAAAAAAAAAAAAAAAAAAAAAAAAAAAAAAAAAAAAAAAAAAAAAAAAAAAAAAAAAAAAAAAAAAAAAAAAAAAAAAAAAAAAAAAAAAAAAAAAAAAAAAAAAAAAAAAAAAAAAAAAAAAAAAAAAAAAAAAAAAAAAAAAAAAAAAAAAAAAAAAAAAAAAAAAAAAAAAAAAAAAAAAAAAAAAAAAAAAAAAAAAAAAAAAAAAAAAAAAAAAAAAAAAAAAAAAAAAAAAAAAAAAAAAAAAAAAAAAAAAAAAAAAAAAAAAAAAAAAAAAAAAAAAAAAAAAAAAAAAAAAAAAAAAAAAAAAAAAAAAAAAAAAAAAAAAAAAAAAAAAAAAAAAAAAAAAAAAAAAAAAAAAAAAAAAAAAAAAAAAAAAAAAAAAAAAAAAAAAAAAAAAAAAAAAAAAAAAAAAAAAAAAAAAAAAAAAAAAAAAAAAAAAAAAAAAAAAAAAAAAAAAAAAAAAAAAAAAAAAAAAAAAAAAAAAAAAAAAAAAAAAAAAAAAAAAAAAAAAAAAAAAAAAAAAAAAAAAAAAAAAAAAAAAAAAAAAAAAAAAAAAAAAAAAAAAAAAAAAAAAAAAAAAAAAAAAAAAAAAAAAAAAAAAAAAAAAAAAAAAAAAAAAAAAAAAAAAAAAAAAAAAAAAAAAAAAAAAAAAAAAAAAAAAAAAAAAAAAAAAAAAAAAAAAAAAAAAAAAAAAAAAAAAAAAAAAAAAAAAAAAAAAAAAAAAAAAAAAAAAAAAAAAAAAAAAAAAAAAAAAAAAAAAAAAAAAAAAAAAAAAAAAAAAAAAAAAAAAAAAAAAAAAAAAAAAAAAAAAAAAAAAAAAAAAAAAAAAAAAAAAAAAAAAAAAAAAAAAAAaK8NQAT4//+wyJpLhYT//wAAAAAAAAAAAAAAAAAAAAAAAAAAAAAAAAcAAAAAAAAAAAAAAAAAAAAAAAAAAAAAAAAAAAAAAAAAAAAAAAAAAAAAAAAAAAAAAAEAAAAAAAAAzAMAAAoAAAAHAAAAAgAAAAAQAAABAAAACAAAAAQAAAAAAAAAAAAAgAAAAAAAAAAAAAAAAAAAAAAAAAAAAAAAAAAAAAAAAAAAAAAAAAAAAAAAAAAAAAAAAAAAAAAAAAAAAAAAAAAAAAAAAAAAAAAAAAAAAAAAAAAAAAAAAAAAAAAAAAAAAAAAAAAAAAAAAAAAAAAAAAAAAAAAAAAAAAAAAAAAAAAAAAAAAAAAAAAAAAAAAAAAAAAAAAAAAAAAAAAAAAAAAAAAAAAAAAAAAAAAAAAAAAAAAAAAAAAAAAAAAAAAAAAAAAAAAAAAAAAAAAAAAAAAAAAAAAAAAAAAAAAAAAAAAAAAAAAAAAAAAAAAAAAAAAAAAAAAAAAAAAAAAAAAAAAAAAAAAAAAAAAAAAAAAAAAAAAAAAAAAAAAAAAAAAAAAAAAAAAAAAAAAAAAAAAAAAAAAAAAAAAAAAAAAAAAAAAAAAAAAAAAAAAAAAAAAAAAAAAAAAAAAAAAAAAAAAAAAAAAAAAAAAAAAAAAAAAAAAAAAAAAAAAAAAAAAAAAAAAAAAAAAAAAAAAAAAAAAAAAAAAAAAAAAAAAAAAAAAAAAAAAAAAAAAAAAAAAAAAAAAAAAAAAAAAAAAAAAAAAAAAAAAAAAAAAAAAAAAAAAAAAAAAAAAAAAAAAAAAAAAAAAAAAAAAAAAAAAAAAAAAAAAAAAAAAAAAAAAAAAAAAAAAAAAAAAAAAAAAAAAAAAAAAAAAAAAAAAAAAAAAAAAAAAAAAAAAAAAAAAAAAAAAAAAAAAAAAAAAAAAAAAAAAAAAAAAAAAAAAAAAAAAAAAAAAAAAAAAAAAAAAAAAAAAAAAAAAAAAAAAAAAAAAAAAAAAAAAAAAAAAAAAAAAAAAAAAAAAAAAAAAAAAAAAAAAAAAAAAAAAAAAAAAAAAAAAAAAAAAAAAAAAAAAAAAAAAAAAAAAAAAAAAAAAAAAAAAAAAAAAAAAAAAAAAAAAAAAAAAAAAAAAAAAAAAAAAAAAAAAAAAAAAAAAAAAAAAAAAAAAAAAAAAAAAAAAAAAAAAAAAAAAAAAAAAAAAAAAAAAAAAAAAAAAAAAAAAAAAAAAAAAAAAAAAAAAAAAAAAAAAAAAAAAAAAAAAAAAAAAAAAAAAAAAAAAAAAAAAAAAAAAAAAAAAAAAAAAAAAAAAAAAAAAAAAAAAAAAAAAAAAAAAAAAAAAAAAAAAAAAAAAAAAAAAAAAAAAAAAAAAAAAAAAAAAAAAAAAAAAAAAAAAAAAAAAAAAAAAAAAAAAAAAAAAAAAAAAAAAAAAAAA=="}
{"EventID": "42", "Channel": "Microsoft-Windows-Kernel-WHEA/Operational", "Provider_Name": "Microsoft-Windows-Kernel-WHEA", "Computer": "DESKTOP-OFJ6N53", "TimeCreated": "2022-06-06 07:37:08.901621+00:00", "RecordID": "69", "Level": "4", "UserID": "S-1-5-18", "EventData.Type": "0", "EventData.Owner": "1280201291", "EventData.Id": "2147483660", "EventData.Flags": "2", "EventData.Length": "1009", "EventData.RawData": "V2hMZwEAAADxAwAAAAAAAEtSTkwMAACAAgAAANEDAADMAwAACwAAABAAAAABAAAALA0AAAEAAAADAAAAAAAAAAAAAAAAAAAAAAAAADxgwYNSFadIh9EU2UZ9d2VQUwAA2A4AAAEAAAAQcC53heT//1Ab4k8B+P//cBviTwH4///APPZMAfj//418IVdmXvtEgDObdMrO31sAAAAAAAAAAAAAAAAAAAAAZAQAAAEAAAAQsw93heT//wAAAAAAAAAAAAAAAAAAAAAAAAAAAAAAAAAAAAAAAAAAAAAAAAAAAAAAAAAAAAAAAAAAAAAAAAAAAAAAAAAAAAAAAAAAAAAAAAAAAAAAAAAAAAAAAAAAAAAAAAAAAAAAAAAAAAAAAAAAAAAAAAAAAAAAAAAAAAAAAAAAAAAAAAAAAAAAAAAAAAAAAAAAAAAAAAAAAAAAAAAAAAAAAAAAAAAAAAAAAAAAAAAAAAAAAAAAAAAAAAAAAAAAAAAAAAAAAAAAAAAAAAAAAAAAAAAAAAAAAAAAAAAAAAAAAAAAAAAAAAAAAAAAAAAAAAAAAAAAAAAAAAAAAAAAAAAAAAAAAAAAAAAAAAAAAAAAAAAAAAAAAAAAAAAAAAAAAAAAAAAAAAAAAAAAAAAAAAAAAAAAAAAAAAAAAAAAAAAAAAAAAAAAAAAAAAAAAAAAAAAAAAAAAAAAAAAAAAAAAAAAAAAAAAAAAAAAAAAAAAAAAAAAAAAAAAAAAAAAAAAAAAAAAAAAAAAAAAAAAAAAAAAAAAAAAAAAAAAAAAAAAAAAAAAAAAAAAAAAAAAAAAAAAAAAAAAAAAAAAAAAAAAAAAAAAAAAAAAAAAAAAAAAAAAAAAAAAAAAAAAAAAAAAAAAAAAAAAAAAAAAAAAAAAAAAAAAAAAAAAAAAAAAAAAAAAAAAAAAAAAAAAAAAAAAAAAAAAAAAAAAAAAAAAAAAAAAAAAAAAAAAAAAAAAAAAAAAAAAAAAAAAAAAAAAAAAAAAAAAAAAAAAAAAAAAAAAAAAAAAAAAAAAAAAAAAAAAAAAAAAAAAAAAAAAAAAAAAAAAAAAAAAAAAAAAAAAAAAAAAAAAAAAAAAAAAAAAAAAAAAAAAAAAAAAAAAAAAAAAAAAAAAAAAAAAAAAAAAAAAAAAAAAAAAAAAAAAAAAAAAAAAAAAAAAAAAAAAAAAAAAAAAAAAAAAAAAAAAAAAAAAAAAAAAAAAAAAAAAAAAAAAAAAAAAAAAAAAAAAAAAAAAAAAAAAAAAAAAAAAAAAAAAAAAAAAAAAAAAAAAAAAAAAAAAAAAAAAAAAAAAAAAAAAAAAAAAAAAAAAAAAAAAAAAAAAAAAAAAAA=="}
{"EventID": "42", "Channel": "Microsoft-Windows-Kernel-WHEA/Operational", "Provider_Name": "Microsoft-Windows-Kernel-WHEA", "Computer": "DESKTOP-OFJ6N53", "TimeCreated": "2022-06-06 07:37:13.771534+00:00", "RecordID": "70", "Level": "4", "UserID": "S-1-5-18", "EventData.Type": "0", "EventData.Owner": "1145590608", "EventData.Id": "2147483658", "EventData.Flags": "2", "EventData.Length": "34", "EventData.RawData": "V2hMZwEAAAAiAAAAAAAAAFBTSEQKAACAAgAAAAIAAAAAAQ=="}
{"EventID": "5", "Channel": "Microsoft-Windows-Kernel-WHEA/Operational", "Provider_Name": "Microsoft-Windows-Kernel-WHEA", "Computer": "DESKTOP-OFJ6N53", "TimeCreated": "2022-06-06 07:37:13.771925+00:00", "RecordID": "71", "Level": "4", "UserID": "S-1-5-18", "EventData.ErrorSourceCount": "5", "EventData.ErrorRecordFormat": "10", "EventData.ErrorSourceTableLength": "5360", "EventData.ErrorSourceTable": "sIh+d4Xk//9or41NAfj//wAAAAAAAAAAAAAAAAEAAAD4KQAAV2hlYRAAAAAAAAAAABAud4Xk//8AAAAAAAAAAAMAAAB8DQAAAAAAAAAAAAAAAAAAAAAAAAAAAAAAAAAAzAMAAAsAAAAQAAAAAgAAACwNAAABAAAAAwAAAAAAAAAAAAAAAAAAAAAAAAA8YMGDUhWnSIfRFNlGfXdlUFMAANgOAAABAAAAEHAud4Xk//9QG+JPAfj//3Ab4k8B+P//wDz2TAH4//+NfCFXZl77RIAzm3TKzt9bAAAAAAAAAAAAAAAAAAAAAGQEAAABAAAAELMPd4Xk//8AAAAAAAAAAAAAAAAAAAAAAAAAAAAAAAAAAAAAAAAAAAAAAAAAAAAAAAAAAAAAAAAAAAAAAAAAAAAAAAAAAAAAAAAAAAAAAAAAAAAAAAAAAAAAAAAAAAAAAAAAAAAAAAAAAAAAAAAAAAAAAAAAAAAAAAAAAAAAAAAAAAAAAAAAAAAAAAAAAAAAAAAAAAAAAAAAAAAAAAAAAAAAAAAAAAAAAAAAAAAAAAAAAAAAAAAAAAAAAAAAAAAAAAAAAAAAAAAAAAAAAAAAAAAAAAAAAAAAAAAAAAAAAAAAAAAAAAAAAAAAAAAAAAAAAAAAAAAAAAAAAAAAAAAAAAAAAAAAAAAAAAAAAAAAAAAAAAAAAAAAAAAAAAAAAAAAAAAAAAAAAAAAAAAAAAAAAAAAAAAAAAAAAAAAAAAAAAAAAAAAAAAAAAAAAAAAAAAAAAAAAAAAAAAAAAAAAAAAAAAAAAAAAAAAAAAAAAAAAAAAAAAAAAAAAAAAAAAAAAAAAAAAAAAAAAAAAAAAAAAAAAAAAAAAAAAAAAAAAAAAAAAAAAAAAAAAAAAAAAAAAAAAAAAAAAAAAAAAAAAAAAAAAAAAAAAAAAAAAAAAAAAAAAAAAAAAAAAAAAAAAAAAAAAAAAAAAAAAAAAAAAAAAAAAAAAAAAAAAAAAAAAAAAAAAAAAAAAAAAAAAAAAAAAAAAAAAAAAAAAAAAAAAAAAAAAAAAAAAAAAAAAAAAAAAAAAAAAAAAAAAAAAAAAAAAAAAAAAAAAAAAAAAAAAAAAAAAAAAAAAAAAAAAAAAAAAAAAAAAAAAAAAAAAAAAAAAAAAAAAAAAAAAAAAAAAAAAAAAAAAAAAAAAAAAAAAAAAAAAAAAAAAAAAAAAAAAAAAAAAAAAAAAAAAAAAAAAAAAAAAAAAAAAAAAAAAAAAAAAAAAAAAAAAAAAAAAAAAAAAAAAAAAAAAAAAAAAAAAAAAAAAAAAAAAAAAAAAAAAAAAAAAAAAAAAAAAAAAAAAAAAAAAAAAAAAAAAAAAAAAAAAAAAAAAAAAAAAAAAAAAAAAAAAAAAAAAAAAAAAAAAAAAAAAAAAAAAAAAAAAAAAAAAAAAAAAAAAAAGCEfneF5P//sMSrdoXk//8AAAAAAAAAAAAAAAAEAAAA6A0AAFdoZWEAAAAAAAAAAABgc3eF5P//AAAAAAAAAAAIAAAAYAEAAAAAAAAAAAAAAAAAAAAAAAAAAAAAAAAAAMwDAAAKAAAAAAAAAAIAAABBAQAABAAAAAgAAAABAAAAAAAAAAAAAIAAAAEGAAAAAAAAAAAAAAAA//////////8AAQAAAAQAAAEEAAACBAAAAwQAAP//////////AQEAAAQEAAAFBAAABgQAAAcEAAD//////////wIBAAAIBAAACQQAAAoEAAALBAAA//////////8DAQAADAQAAA0EAAAOBAAADwQAAP//////////BAEAABAEAAARBAAAEgQAABMEAAD//////////wUBAAAUBAAAFQQAABYEAAAXBAAA//////////8GAQAAGAQAABkEAAAaBAAAGwQAAP//////////BwEAABwEAAAdBAAAHgQAAB8EAAD//////////wgBAAAgBAAAIQQAACIEAAAjBAAA//////////8JAQAAJAQAACUEAAAmBAAAJwQAAP//////////CgEAACgEAAApBAAAKgQAACsEAAD//////////wsBAAAsBAAALQQAAC4EAAAvBAAA//////////8MAQAAMAQAADEEAAAyBAAAMwQAAP//////////DQEAADQEAAA1BAAANgQAADcEAAD//////////w4BAAA4BAAAOQQAADoEAAA7BAAA//////////8PAQAAPAQAAD0EAAA+BAAAPwQAAP//////////AAAAAAAAAAAAAAAAAAAAAAAAAAAAAAAAAAAAAAAAAAAAAAAAAAAAAAAAAAAAAAAAAAAAAAAAAAAAAAAAAAAAAAAAAAAAAAAAAAAAAAAAAAAAAAAAAAAAAAAAAAAAAAAAAAAAAAAAAAAAAAAAAAAAAAAAAAAAAAAAAAAAAAAAAAAAAAAAAAAAAAAAAAAAAAAAAAAAAAAAAAAAAAAAAAAAAAAAAAAAAAAAAAAAAAAAAAAAAAAAAAAAAAAAAAAAAAAAAAAAAAAAAAAAAAAAAAAAAAAAAAAAAAAAAAAAAAAAAAAAAAAAAAAAAAAAAAAAAAAAAAAAAAAAAAAAAAAAAAAAAAAAAAAAAAAAAAAAAAAAAAAAAAAAAAAAAAAAAAAAAAAAAAAAAAAAAAAAAAAAAAAAAAAAAAAAAAAAAAAAAAAAAAAAAAAAAAAAAAAAAAAAAAAAAAAAAAAAAAAAAAAAAAAAAAAAAAAAAAAAAAAAAAAAAAAAAAAAAAAAAAAAAAAAAAAAAAAAAAAAAAAAAAAAAAAAAAAAAAAAAAAAAAAAAAAAAAAAAAAAAAAAAAAAAAAAAAAAAAAAAAAAAAAAAAAAAAAAAAAAAAAAAAAAAAAAAAAAAAAQgH53heT//7CIfneF5P//AAAAAAAAAAAAAAAABAAAAOgNAABXaGVhAQAAAAAAAAAAoHN3heT//wAAAAAAAAAACAAAAGABAAAAAAAAAAAAAAAAAAAAAAAAAAAAAAAAAADMAwAACgAAAAEAAAACAAAAQQEAAAQAAAAIAAAAAgAAAAAAAAAAAACAAQABBgAAAAAFHAAAYOoAAAAAAAAAAAAAAAAAAAAAAAAAAAAAAAEAAAAEAAABBAAAAgQAAAMEAAD//////////wEBAAAEBAAABQQAAAYEAAAHBAAA//////////8CAQAACAQAAAkEAAAKBAAACwQAAP//////////AwEAAAwEAAANBAAADgQAAA8EAAD//////////wQBAAAQBAAAEQQAABIEAAATBAAA//////////8FAQAAFAQAABUEAAAWBAAAFwQAAP//////////BgEAABgEAAAZBAAAGgQAABsEAAD//////////wcBAAAcBAAAHQQAAB4EAAAfBAAA//////////8IAQAAIAQAACEEAAAiBAAAIwQAAP//////////CQEAACQEAAAlBAAAJgQAACcEAAD//////////woBAAAoBAAAKQQAACoEAAArBAAA//////////8LAQAALAQAAC0EAAAuBAAALwQAAP//////////DAEAADAEAAAxBAAAMgQAADMEAAD//////////w0BAAA0BAAANQQAADYEAAA3BAAA//////////8OAQAAOAQAADkEAAA6BAAAOwQAAP//////////DwEAADwEAAA9BAAAPgQAAD8EAAD//////////wAAAAAAAAAAAAAAAAAAAAAAAAAAAAAAAAAAAAAAAAAAAAAAAAAAAAAAAAAAAAAAAAAAAAAAAAAAAAAAAAAAAAAAAAAAAAAAAAAAAAAAAAAAAAAAAAAAAAAAAAAAAAAAAAAAAAAAAAAAAAAAAAAAAAAAAAAAAAAAAAAAAAAAAAAAAAAAAAAAAAAAAAAAAAAAAAAAAAAAAAAAAAAAAAAAAAAAAAAAAAAAAAAAAAAAAAAAAAAAAAAAAAAAAAAAAAAAAAAAAAAAAAAAAAAAAAAAAAAAAAAAAAAAAAAAAAAAAAAAAAAAAAAAAAAAAAAAAAAAAAAAAAAAAAAAAAAAAAAAAAAAAAAAAAAAAAAAAAAAAAAAAAAAAAAAAAAAAAAAAAAAAAAAAAAAAAAAAAAAAAAAAAAAAAAAAAAAAAAAAAAAAAAAAAAAAAAAAAAAAAAAAAAAAAAAAAAAAAAAAAAAAAAAAAAAAAAAAAAAAAAAAAAAAAAAAAAAAAAAAAAAAAAAAAAAAAAAAAAAAAAAAAAAAAAAAAAAAAAAAAAAAAAAAAAAAAAAAAAAAAAAAAAAAAAAAAAAAAAAAAAAAAAAAAAAAAAAAAAAAAAAsHh+d4Xk//9ghH53heT//wAAAAAAAAAAAAAAAAEAAADABgAAV2hlYQMAAAAAAAAAoHhdd4Xk//8AAAAAAAAAAAEAAADAAQAAAAAAAAAAAAAAAAAAAAAAAAAAAAAAAAAAzAMAAAoAAAADAAAAAgAAAAABAAABAAAAAwAAAAMAAAAAAAAAAAAAgAIAAQAAAAAAAAAAAAAAAAAAAAAAAAAAAAAAAAAAAAAAAAAAAAAAAAAAAAAAAAAAAAAAAAAAAAAAAAAAAAAAAAAAAAAAAAAAAAAAAAAAAAAAAAAAAAAAAAAAAAAAAAAAAAAAAAAAAAAAAAAAAAAAAAAAAAAAAAAAAAAAAAAAAAAAAAAAAAAAAAAAAAAAAAAAAAAAAAAAAAAAAAAAAAAAAAAAAAAAAAAAAAAAAAAAAAAAAAAAAAAAAAAAAAAAAAAAAAAAAAAAAAAAAAAAAAAAAAAAAAAAAAAAAAAAAAAAAAAAAAAAAAAAAAAAAAAAAAAAAAAAAAAAAAAAAAAAAAAAAAAAAAAAAAAAAAAAAAAAAAAAAAAAAAAAAAAAAAAAAAAAAAAAAAAAAAAAAAAAAAAAAAAAAAAAAAAAAAAAAAAAAAAAAAAAAAAAAAAAAAAAAAAAAAAAAAAAAAAAAAAAAAAAAAAAAAAAAAAAAAAAAAAAAAAAAAAAAAAAAAAAAAAAAAAAAAAAAAAAAAAAAAAAAAAAAAAAAAAAAAAAAAAAAAAAAAAAAAAAAAAAAAAAAAAAAAAAAAAAAAAAAAAAAAAAAAAAAAAAAAAAAAAAAAAAAAAAAAAAAAAAAAAAAAAAAAAAAAAAAAAAAAAAAAAAAAAAAAAAAAAAAAAAAAAAAAAAAAAAAAAAAAAAAAAAAAAAAAAAAAAAAAAAAAAAAAAAAAAAAAAAAAAAAAAAAAAAAAAAAAAAAAAAAAAAAAAAAAAAAAAAAAAAAAAAAAAAAAAAAAAAAAAAAAAAAAAAAAAAAAAAAAAAAAAAAAAAAAAAAAAAAAAAAAAAAAAAAAAAAAAAAAAAAAAAAAAAAAAAAAAAAAAAAAAAAAAAAAAAAAAAAAAAAAAAAAAAAAAAAAAAAAAAAAAAAAAAAAAAAAAAAAAAAAAAAAAAAAAAAAAAAAAAAAAAAAAAAAAAAAAAAAAAAAAAAAAAAAAAAAAAAAAAAAAAAAAAAAAAAAAAAAAAAAAAAAAAAAAAAAAAAAAAAAAAAAAAAAAAAAAAAAAAAAAAAAAAAAAAAAAAAAAAAAAAAAAAAAAAAAAAAAAAAAAAAAAAAAAAAAAAAAAAAAAAAAAAAAAAAAAAAAAAAAAAAAAAAAAAAAAAAAAAAAAAAAAAAAAAAAAAAAAAAAAAAAAAAAAAAAAAAAAAAAAAAAAAAAAAAAAAAAAAAAAAAAAAAAAAAAAAAAAAAAAAAAAAAAAAAAAAAAAAAGivjU0B+P//EIB+d4Xk//8AAAAAAAAAAAAAAAAAAAAAAAAAAAAAAAAHAAAAAAAAAAAAAAAAAAAAAAAAAAAAAAAAAAAAAAAAAAAAAAAAAAAAAAAAAAAAAAABAAAAAAAAAMwDAAAKAAAABwAAAAIAAAAAEAAAAQAAAAgAAAAEAAAAAAAAAAAAAIAAAAAAAAAAAAAAAAAAAAAAAAAAAAAAAAAAAAAAAAAAAAAAAAAAAAAAAAAAAAAAAAAAAAAAAAAAAAAAAAAAAAAAAAAAAAAAAAAAAAAAAAAAAAAAAAAAAAAAAAAAAAAAAAAAAAAAAAAAAAAAAAAAAAAAAAAAAAAAAAAAAAAAAAAAAAAAAAAAAAAAAAAAAAAAAAAAAAAAAAAAAAAAAAAAAAAAAAAAAAAAAAAAAAAAAAAAAAAAAAAAAAAAAAAAAAAAAAAAAAAAAAAAAAAAAAAAAAAAAAAAAAAAAAAAAAAAAAAAAAAAAAAAAAAAAAAAAAAAAAAAAAAAAAAAAAAAAAAAAAAAAAAAAAAAAAAAAAAAAAAAAAAAAAAAAAAAAAAAAAAAAAAAAAAAAAAAAAAAAAAAAAAAAAAAAAAAAAAAAAAAAAAAAAAAAAAAAAAAAAAAAAAAAAAAAAAAAAAAAAAAAAAAAAAAAAAAAAAAAAAAAAAAAAAAAAAAAAAAAAAAAAAAAAAAAAAAAAAAAAAAAAAAAAAAAAAAAAAAAAAAAAAAAAAAAAAAAAAAAAAAAAAAAAAAAAAAAAAAAAAAAAAAAAAAAAAAAAAAAAAAAAAAAAAAAAAAAAAAAAAAAAAAAAAAAAAAAAAAAAAAAAAAAAAAAAAAAAAAAAAAAAAAAAAAAAAAAAAAAAAAAAAAAAAAAAAAAAAAAAAAAAAAAAAAAAAAAAAAAAAAAAAAAAAAAAAAAAAAAAAAAAAAAAAAAAAAAAAAAAAAAAAAAAAAAAAAAAAAAAAAAAAAAAAAAAAAAAAAAAAAAAAAAAAAAAAAAAAAAAAAAAAAAAAAAAAAAAAAAAAAAAAAAAAAAAAAAAAAAAAAAAAAAAAAAAAAAAAAAAAAAAAAAAAAAAAAAAAAAAAAAAAAAAAAAAAAAAAAAAAAAAAAAAAAAAAAAAAAAAAAAAAAAAAAAAAAAAAAAAAAAAAAAAAAAAAAAAAAAAAAAAAAAAAAAAAAAAAAAAAAAAAAAAAAAAAAAAAAAAAAAAAAAAAAAAAAAAAAAAAAAAAAAAAAAAAAAAAAAAAAAAAAAAAAAAAAAAAAAAAAAAAAAAAAAAAAAAAAAAAAAAAAAAAAAAAAAAAAAAAAAAAAAAAAAAAAAAAAAAAAAAAAAAAAAAAAAAAAAAAAAAAAAAAAAAAAAAAAAAAAAAAAAAAAAAAAAAAAAAAAAAAAAAAAAAAAAAAAAAAAAAAAAAAAAAAAAAAAAAAAAAAAAAA="}
{"EventID": "42", "Channel": "Microsoft-Windows-Kernel-WHEA/Operational", "Provider_Name": "Microsoft-Windows-Kernel-WHEA", "Computer": "DESKTOP-OFJ6N53", "TimeCreated": "2022-06-06 07:37:13.771929+00:00", "RecordID": "72", "Level": "4", "UserID": "S-1-5-18", "EventData.Type": "0", "EventData.Owner": "1280201291", "EventData.Id": "2147483650", "EventData.Flags": "2", "EventData.Length": "5392", "EventData.RawData": "V2hMZwEAAAAQFQAAAAAAAEtSTkwCAACAAgAAAPAUAACwiH53heT//2ivjU0B+P//AAAAAAAAAAAAAAAAAQAAAPgpAABXaGVhEAAAAAAAAAAAEC53heT//wAAAAAAAAAAAwAAAHwNAAAAAAAAAAAAAAAAAAAAAAAAAAAAAAAAAADMAwAACwAAABAAAAACAAAALA0AAAEAAAADAAAAAAAAAAAAAAAAAAAAAAAAADxgwYNSFadIh9EU2UZ9d2VQUwAA2A4AAAEAAAAQcC53heT//1Ab4k8B+P//cBviTwH4///APPZMAfj//418IVdmXvtEgDObdMrO31sAAAAAAAAAAAAAAAAAAAAAZAQAAAEAAAAQsw93heT//wAAAAAAAAAAAAAAAAAAAAAAAAAAAAAAAAAAAAAAAAAAAAAAAAAAAAAAAAAAAAAAAAAAAAAAAAAAAAAAAAAAAAAAAAAAAAAAAAAAAAAAAAAAAAAAAAAAAAAAAAAAAAAAAAAAAAAAAAAAAAAAAAAAAAAAAAAAAAAAAAAAAAAAAAAAAAAAAAAAAAAAAAAAAAAAAAAAAAAAAAAAAAAAAAAAAAAAAAAAAAAAAAAAAAAAAAAAAAAAAAAAAAAAAAAAAAAAAAAAAAAAAAAAAAAAAAAAAAAAAAAAAAAAAAAAAAAAAAAAAAAAAAAAAAAAAAAAAAAAAAAAAAAAAAAAAAAAAAAAAAAAAAAAAAAAAAAAAAAAAAAAAAAAAAAAAAAAAAAAAAAAAAAAAAAAAAAAAAAAAAAAAAAAAAAAAAAAAAAAAAAAAAAAAAAAAAAAAAAAAAAAAAAAAAAAAAAAAAAAAAAAAAAAAAAAAAAAAAAAAAAAAAAAAAAAAAAAAAAAAAAAAAAAAAAAAAAAAAAAAAAAAAAAAAAAAAAAAAAAAAAAAAAAAAAAAAAAAAAAAAAAAAAAAAAAAAAAAAAAAAAAAAAAAAAAAAAAAAAAAAAAAAAAAAAAAAAAAAAAAAAAAAAAAAAAAAAAAAAAAAAAAAAAAAAAAAAAAAAAAAAAAAAAAAAAAAAAAAAAAAAAAAAAAAAAAAAAAAAAAAAAAAAAAAAAAAAAAAAAAAAAAAAAAAAAAAAAAAAAAAAAAAAAAAAAAAAAAAAAAAAAAAAAAAAAAAAAAAAAAAAAAAAAAAAAAAAAAAAAAAAAAAAAAAAAAAAAAAAAAAAAAAAAAAAAAAAAAAAAAAAAAAAAAAAAAAAAAAAAAAAAAAAAAAAAAAAAAAAAAAAAAAAAAAAAAAAAAAAAAAAAAAAAAAAAAAAAAAAAAAAAAAAAAAAAAAAAAAAAAAAAAAAAAAAAAAAAAAAAAAAAAAAAAAAAAAAAAAAAAAAAAAAAAAAAAAAAAAAAAAAAAAAAAAAAAAAAAAAAAAAAAAAAAAAAAAAAAAAAAAAAAAAAAAAAAAAAAAAAAAAAAAAAAAAAAAAAAAAAAAAAAAAAAAAAAAAAAAAAYIR+d4Xk//+wxKt2heT//wAAAAAAAAAAAAAAAAQAAADoDQAAV2hlYQAAAAAAAAAAAGBzd4Xk//8AAAAAAAAAAAgAAABgAQAAAAAAAAAAAAAAAAAAAAAAAAAAAAAAAAAAzAMAAAoAAAAAAAAAAgAAAEEBAAAEAAAACAAAAAEAAAAAAAAAAAAAgAAAAQYAAAAAAAAAAAAAAAD//////////wABAAAABAAAAQQAAAIEAAADBAAA//////////8BAQAABAQAAAUEAAAGBAAABwQAAP//////////AgEAAAgEAAAJBAAACgQAAAsEAAD//////////wMBAAAMBAAADQQAAA4EAAAPBAAA//////////8EAQAAEAQAABEEAAASBAAAEwQAAP//////////BQEAABQEAAAVBAAAFgQAABcEAAD//////////wYBAAAYBAAAGQQAABoEAAAbBAAA//////////8HAQAAHAQAAB0EAAAeBAAAHwQAAP//////////CAEAACAEAAAhBAAAIgQAACMEAAD//////////wkBAAAkBAAAJQQAACYEAAAnBAAA//////////8KAQAAKAQAACkEAAAqBAAAKwQAAP//////////CwEAACwEAAAtBAAALgQAAC8EAAD//////////wwBAAAwBAAAMQQAADIEAAAzBAAA//////////8NAQAANAQAADUEAAA2BAAANwQAAP//////////DgEAADgEAAA5BAAAOgQAADsEAAD//////////w8BAAA8BAAAPQQAAD4EAAA/BAAA//////////8AAAAAAAAAAAAAAAAAAAAAAAAAAAAAAAAAAAAAAAAAAAAAAAAAAAAAAAAAAAAAAAAAAAAAAAAAAAAAAAAAAAAAAAAAAAAAAAAAAAAAAAAAAAAAAAAAAAAAAAAAAAAAAAAAAAAAAAAAAAAAAAAAAAAAAAAAAAAAAAAAAAAAAAAAAAAAAAAAAAAAAAAAAAAAAAAAAAAAAAAAAAAAAAAAAAAAAAAAAAAAAAAAAAAAAAAAAAAAAAAAAAAAAAAAAAAAAAAAAAAAAAAAAAAAAAAAAAAAAAAAAAAAAAAAAAAAAAAAAAAAAAAAAAAAAAAAAAAAAAAAAAAAAAAAAAAAAAAAAAAAAAAAAAAAAAAAAAAAAAAAAAAAAAAAAAAAAAAAAAAAAAAAAAAAAAAAAAAAAAAAAAAAAAAAAAAAAAAAAAAAAAAAAAAAAAAAAAAAAAAAAAAAAAAAAAAAAAAAAAAAAAAAAAAAAAAAAAAAAAAAAAAAAAAAAAAAAAAAAAAAAAAAAAAAAAAAAAAAAAAAAAAAAAAAAAAAAAAAAAAAAAAAAAAAAAAAAAAAAAAAAAAAAAAAAAAAAAAAAAAAAAAAAAAAAAAAAAAAAAAAAAAAAAAAAAAAAAAAABCAfneF5P//sIh+d4Xk//8AAAAAAAAAAAAAAAAEAAAA6A0AAFdoZWEBAAAAAAAAAACgc3eF5P//AAAAAAAAAAAIAAAAYAEAAAAAAAAAAAAAAAAAAAAAAAAAAAAAAAAAAMwDAAAKAAAAAQAAAAIAAABBAQAABAAAAAgAAAACAAAAAAAAAAAAAIABAAEGAAAAAAUcAABg6gAAAAAAAAAAAAAAAAAAAAAAAAAAAAAAAQAAAAQAAAEEAAACBAAAAwQAAP//////////AQEAAAQEAAAFBAAABgQAAAcEAAD//////////wIBAAAIBAAACQQAAAoEAAALBAAA//////////8DAQAADAQAAA0EAAAOBAAADwQAAP//////////BAEAABAEAAARBAAAEgQAABMEAAD//////////wUBAAAUBAAAFQQAABYEAAAXBAAA//////////8GAQAAGAQAABkEAAAaBAAAGwQAAP//////////BwEAABwEAAAdBAAAHgQAAB8EAAD//////////wgBAAAgBAAAIQQAACIEAAAjBAAA//////////8JAQAAJAQAACUEAAAmBAAAJwQAAP//////////CgEAACgEAAApBAAAKgQAACsEAAD//////////wsBAAAsBAAALQQAAC4EAAAvBAAA//////////8MAQAAMAQAADEEAAAyBAAAMwQAAP//////////DQEAADQEAAA1BAAANgQAADcEAAD//////////w4BAAA4BAAAOQQAADoEAAA7BAAA//////////8PAQAAPAQAAD0EAAA+BAAAPwQAAP//////////AAAAAAAAAAAAAAAAAAAAAAAAAAAAAAAAAAAAAAAAAAAAAAAAAAAAAAAAAAAAAAAAAAAAAAAAAAAAAAAAAAAAAAAAAAAAAAAAAAAAAAAAAAAAAAAAAAAAAAAAAAAAAAAAAAAAAAAAAAAAAAAAAAAAAAAAAAAAAAAAAAAAAAAAAAAAAAAAAAAAAAAAAAAAAAAAAAAAAAAAAAAAAAAAAAAAAAAAAAAAAAAAAAAAAAAAAAAAAAAAAAAAAAAAAAAAAAAAAAAAAAAAAAAAAAAAAAAAAAAAAAAAAAAAAAAAAAAAAAAAAAAAAAAAAAAAAAAAAAAAAAAAAAAAAAAAAAAAAAAAAAAAAAAAAAAAAAAAAAAAAAAAAAAAAAAAAAAAAAAAAAAAAAAAAAAAAAAAAAAAAAAAAAAAAAAAAAAAAAAAAAAAAAAAAAAAAAAAAAAAAAAAAAAAAAAAAAAAAAAAAAAAAAAAAAAAAAAAAAAAAAAAAAAAAAAAAAAAAAAAAAAAAAAAAAAAAAAAAAAAAAAAAAAAAAAAAAAAAAAAAAAAAAAAAAAAAAAAAAAAAAAAAAAAAAAAAAAAAAAAAAAAAAAAAAAAAAAAAAAAAACweH53heT//2CEfneF5P//AAAAAAAAAAAAAAAAAQAAAMAGAABXaGVhAwAAAAAAAACgeF13heT//wAAAAAAAAAAAQAAAMABAAAAAAAAAAAAAAAAAAAAAAAAAAAAAAAAAADMAwAACgAAAAMAAAACAAAAAAEAAAEAAAADAAAAAwAAAAAAAAAAAACAAgABAAAAAAAAAAAAAAAAAAAAAAAAAAAAAAAAAAAAAAAAAAAAAAAAAAAAAAAAAAAAAAAAAAAAAAAAAAAAAAAAAAAAAAAAAAAAAAAAAAAAAAAAAAAAAAAAAAAAAAAAAAAAAAAAAAAAAAAAAAAAAAAAAAAAAAAAAAAAAAAAAAAAAAAAAAAAAAAAAAAAAAAAAAAAAAAAAAAAAAAAAAAAAAAAAAAAAAAAAAAAAAAAAAAAAAAAAAAAAAAAAAAAAAAAAAAAAAAAAAAAAAAAAAAAAAAAAAAAAAAAAAAAAAAAAAAAAAAAAAAAAAAAAAAAAAAAAAAAAAAAAAAAAAAAAAAAAAAAAAAAAAAAAAAAAAAAAAAAAAAAAAAAAAAAAAAAAAAAAAAAAAAAAAAAAAAAAAAAAAAAAAAAAAAAAAAAAAAAAAAAAAAAAAAAAAAAAAAAAAAAAAAAAAAAAAAAAAAAAAAAAAAAAAAAAAAAAAAAAAAAAAAAAAAAAAAAAAAAAAAAAAAAAAAAAAAAAAAAAAAAAAAAAAAAAAAAAAAAAAAAAAAAAAAAAAAAAAAAAAAAAAAAAAAAAAAAAAAAAAAAAAAAAAAAAAAAAAAAAAAAAAAAAAAAAAAAAAAAAAAAAAAAAAAAAAAAAAAAAAAAAAAAAAAAAAAAAAAAAAAAAAAAAAAAAAAAAAAAAAAAAAAAAAAAAAAAAAAAAAAAAAAAAAAAAAAAAAAAAAAAAAAAAAAAAAAAAAAAAAAAAAAAAAAAAAAAAAAAAAAAAAAAAAAAAAAAAAAAAAAAAAAAAAAAAAAAAAAAAAAAAAAAAAAAAAAAAAAAAAAAAAAAAAAAAAAAAAAAAAAAAAAAAAAAAAAAAAAAAAAAAAAAAAAAAAAAAAAAAAAAAAAAAAAAAAAAAAAAAAAAAAAAAAAAAAAAAAAAAAAAAAAAAAAAAAAAAAAAAAAAAAAAAAAAAAAAAAAAAAAAAAAAAAAAAAAAAAAAAAAAAAAAAAAAAAAAAAAAAAAAAAAAAAAAAAAAAAAAAAAAAAAAAAAAAAAAAAAAAAAAAAAAAAAAAAAAAAAAAAAAAAAAAAAAAAAAAAAAAAAAAAAAAAAAAAAAAAAAAAAAAAAAAAAAAAAAAAAAAAAAAAAAAAAAAAAAAAAAAAAAAAAAAAAAAAAAAAAAAAAAAAAAAAAAAAAAAAAAAAAAAAAAAAAAAAAAAAAAAAAAAAAAAAAAAAAAAAAAAAAAAAAAAAAAAAAAAAAAAAAAAAAAaK+NTQH4//8QgH53heT//wAAAAAAAAAAAAAAAAAAAAAAAAAAAAAAAAcAAAAAAAAAAAAAAAAAAAAAAAAAAAAAAAAAAAAAAAAAAAAAAAAAAAAAAAAAAAAAAAEAAAAAAAAAzAMAAAoAAAAHAAAAAgAAAAAQAAABAAAACAAAAAQAAAAAAAAAAAAAgAAAAAAAAAAAAAAAAAAAAAAAAAAAAAAAAAAAAAAAAAAAAAAAAAAAAAAAAAAAAAAAAAAAAAAAAAAAAAAAAAAAAAAAAAAAAAAAAAAAAAAAAAAAAAAAAAAAAAAAAAAAAAAAAAAAAAAAAAAAAAAAAAAAAAAAAAAAAAAAAAAAAAAAAAAAAAAAAAAAAAAAAAAAAAAAAAAAAAAAAAAAAAAAAAAAAAAAAAAAAAAAAAAAAAAAAAAAAAAAAAAAAAAAAAAAAAAAAAAAAAAAAAAAAAAAAAAAAAAAAAAAAAAAAAAAAAAAAAAAAAAAAAAAAAAAAAAAAAAAAAAAAAAAAAAAAAAAAAAAAAAAAAAAAAAAAAAAAAAAAAAAAAAAAAAAAAAAAAAAAAAAAAAAAAAAAAAAAAAAAAAAAAAAAAAAAAAAAAAAAAAAAAAAAAAAAAAAAAAAAAAAAAAAAAAAAAAAAAAAAAAAAAAAAAAAAAAAAAAAAAAAAAAAAAAAAAAAAAAAAAAAAAAAAAAAAAAAAAAAAAAAAAAAAAAAAAAAAAAAAAAAAAAAAAAAAAAAAAAAAAAAAAAAAAAAAAAAAAAAAAAAAAAAAAAAAAAAAAAAAAAAAAAAAAAAAAAAAAAAAAAAAAAAAAAAAAAAAAAAAAAAAAAAAAAAAAAAAAAAAAAAAAAAAAAAAAAAAAAAAAAAAAAAAAAAAAAAAAAAAAAAAAAAAAAAAAAAAAAAAAAAAAAAAAAAAAAAAAAAAAAAAAAAAAAAAAAAAAAAAAAAAAAAAAAAAAAAAAAAAAAAAAAAAAAAAAAAAAAAAAAAAAAAAAAAAAAAAAAAAAAAAAAAAAAAAAAAAAAAAAAAAAAAAAAAAAAAAAAAAAAAAAAAAAAAAAAAAAAAAAAAAAAAAAAAAAAAAAAAAAAAAAAAAAAAAAAAAAAAAAAAAAAAAAAAAAAAAAAAAAAAAAAAAAAAAAAAAAAAAAAAAAAAAAAAAAAAAAAAAAAAAAAAAAAAAAAAAAAAAAAAAAAAAAAAAAAAAAAAAAAAAAAAAAAAAAAAAAAAAAAAAAAAAAAAAAAAAAAAAAAAAAAAAAAAAAAAAAAAAAAAAAAAAAAAAAAAAAAAAAAAAAAAAAAAAAAAAAAAAAAAAAAAAAAAAAAAAAAAAAAAAAAAAAAAAAAAAAAAAAAAAAAAAAAAAAAAAAAAAAAAAAAAAAAAAAAAAAAAAAAAAAAAAAAAAAAAAAAAAAAAAAAAAAAAAAAAAAAAAAAAAAAAAA=="}
{"EventID": "42", "Channel": "Microsoft-Windows-Kernel-WHEA/Operational", "Provider_Name": "Microsoft-Windows-Kernel-WHEA", "Computer": "DESKTOP-OFJ6N53", "TimeCreated": "2022-06-14 18:01:19.867710+00:00", "RecordID": "73", "Level": "4", "UserID": "S-1-5-18", "EventData.Type": "0", "EventData.Owner": "1280201291", "EventData.Id": "2147483660", "EventData.Flags": "2", "EventData.Length": "1009", "EventData.RawData": "V2hMZwEAAADxAwAAAAAAAEtSTkwMAACAAgAAANEDAADMAwAACwAAABAAAAABAAAALA0AAAEAAAADAAAAAAAAAAAAAAAAAAAAAAAAADxgwYNSFadIh9EU2UZ9d2VQUwAA2A4AAAEAAAAQsD3UiYH//9As4mIF+P//8CziYgX4///APNZgBfj//418IVdmXvtEgDObdMrO31sAAAAAAAAAAAAAAAAAAAAAZAQAAAEAAAAQEx/UiYH//wAAAAAAAAAAAAAAAAAAAAAAAAAAAAAAAAAAAAAAAAAAAAAAAAAAAAAAAAAAAAAAAAAAAAAAAAAAAAAAAAAAAAAAAAAAAAAAAAAAAAAAAAAAAAAAAAAAAAAAAAAAAAAAAAAAAAAAAAAAAAAAAAAAAAAAAAAAAAAAAAAAAAAAAAAAAAAAAAAAAAAAAAAAAAAAAAAAAAAAAAAAAAAAAAAAAAAAAAAAAAAAAAAAAAAAAAAAAAAAAAAAAAAAAAAAAAAAAAAAAAAAAAAAAAAAAAAAAAAAAAAAAAAAAAAAAAAAAAAAAAAAAAAAAAAAAAAAAAAAAAAAAAAAAAAAAAAAAAAAAAAAAAAAAAAAAAAAAAAAAAAAAAAAAAAAAAAAAAAAAAAAAAAAAAAAAAAAAAAAAAAAAAAAAAAAAAAAAAAAAAAAAAAAAAAAAAAAAAAAAAAAAAAAAAAAAAAAAAAAAAAAAAAAAAAAAAAAAAAAAAAAAAAAAAAAAAAAAAAAAAAAAAAAAAAAAAAAAAAAAAAAAAAAAAAAAAAAAAAAAAAAAAAAAAAAAAAAAAAAAAAAAAAAAAAAAAAAAAAAAAAAAAAAAAAAAAAAAAAAAAAAAAAAAAAAAAAAAAAAAAAAAAAAAAAAAAAAAAAAAAAAAAAAAAAAAAAAAAAAAAAAAAAAAAAAAAAAAAAAAAAAAAAAAAAAAAAAAAAAAAAAAAAAAAAAAAAAAAAAAAAAAAAAAAAAAAAAAAAAAAAAAAAAAAAAAAAAAAAAAAAAAAAAAAAAAAAAAAAAAAAAAAAAAAAAAAAAAAAAAAAAAAAAAAAAAAAAAAAAAAAAAAAAAAAAAAAAAAAAAAAAAAAAAAAAAAAAAAAAAAAAAAAAAAAAAAAAAAAAAAAAAAAAAAAAAAAAAAAAAAAAAAAAAAAAAAAAAAAAAAAAAAAAAAAAAAAAAAAAAAAAAAAAAAAAAAAAAAAAAAAAAAAAAAAAAAAAAAAAAAAAAAAAAAAAAAAAAAAAAAAAAAAAAAAAAAAAAAAAAAAAAAAAAAAAAAAAAAAAAAAAAAAAAAAAAAAAAAAAAAAAAAAAAAAAAAAAAAAAAAAAAAAAAAAAAAAAAAAAAA=="}
{"EventID": "42", "Channel": "Microsoft-Windows-Kernel-WHEA/Operational", "Provider_Name": "Microsoft-Windows-Kernel-WHEA", "Computer": "DESKTOP-OFJ6N53", "TimeCreated": "2022-06-14 18:01:24.684128+00:00", "RecordID": "74", "Level": "4", "UserID": "S-1-5-18", "EventData.Type": "0", "EventData.Owner": "1145590608", "EventData.Id": "2147483658", "EventData.Flags": "2", "EventData.Length": "34", "EventData.RawData": "V2hMZwEAAAAiAAAAAAAAAFBTSEQKAACAAgAAAAIAAAAAAQ=="}
{"EventID": "5", "Channel": "Microsoft-Windows-Kernel-WHEA/Operational", "Provider_Name": "Microsoft-Windows-Kernel-WHEA", "Computer": "DESKTOP-OFJ6N53", "TimeCreated": "2022-06-14 18:01:24.685984+00:00", "RecordID": "75", "Level": "4", "UserID": "S-1-5-18", "EventData.ErrorSourceCount": "5", "EventData.ErrorRecordFormat": "10", "EventData.ErrorSourceTableLength": "5360", "EventData.ErrorSourceTable": "oLgV0omB//+or21hBfj//wAAAAAAAAAAAAAAAAEAAAD4KQAAV2hlYRAAAAAAAAAAADA91ImB//8AAAAAAAAAAAMAAAB8DQAAAAAAAAAAAAAAAAAAAAAAAAAAAAAAAAAAzAMAAAsAAAAQAAAAAgAAACwNAAABAAAAAwAAAAAAAAAAAAAAAAAAAAAAAAA8YMGDUhWnSIfRFNlGfXdlUFMAANgOAAABAAAAELA91ImB///QLOJiBfj///As4mIF+P//wDzWYAX4//+NfCFXZl77RIAzm3TKzt9bAAAAAAAAAAAAAAAAAAAAAGQEAAABAAAAEBMf1ImB//8AAAAAAAAAAAAAAAAAAAAAAAAAAAAAAAAAAAAAAAAAAAAAAAAAAAAAAAAAAAAAAAAAAAAAAAAAAAAAAAAAAAAAAAAAAAAAAAAAAAAAAAAAAAAAAAAAAAAAAAAAAAAAAAAAAAAAAAAAAAAAAAAAAAAAAAAAAAAAAAAAAAAAAAAAAAAAAAAAAAAAAAAAAAAAAAAAAAAAAAAAAAAAAAAAAAAAAAAAAAAAAAAAAAAAAAAAAAAAAAAAAAAAAAAAAAAAAAAAAAAAAAAAAAAAAAAAAAAAAAAAAAAAAAAAAAAAAAAAAAAAAAAAAAAAAAAAAAAAAAAAAAAAAAAAAAAAAAAAAAAAAAAAAAAAAAAAAAAAAAAAAAAAAAAAAAAAAAAAAAAAAAAAAAAAAAAAAAAAAAAAAAAAAAAAAAAAAAAAAAAAAAAAAAAAAAAAAAAAAAAAAAAAAAAAAAAAAAAAAAAAAAAAAAAAAAAAAAAAAAAAAAAAAAAAAAAAAAAAAAAAAAAAAAAAAAAAAAAAAAAAAAAAAAAAAAAAAAAAAAAAAAAAAAAAAAAAAAAAAAAAAAAAAAAAAAAAAAAAAAAAAAAAAAAAAAAAAAAAAAAAAAAAAAAAAAAAAAAAAAAAAAAAAAAAAAAAAAAAAAAAAAAAAAAAAAAAAAAAAAAAAAAAAAAAAAAAAAAAAAAAAAAAAAAAAAAAAAAAAAAAAAAAAAAAAAAAAAAAAAAAAAAAAAAAAAAAAAAAAAAAAAAAAAAAAAAAAAAAAAAAAAAAAAAAAAAAAAAAAAAAAAAAAAAAAAAAAAAAAAAAAAAAAAAAAAAAAAAAAAAAAAAAAAAAAAAAAAAAAAAAAAAAAAAAAAAAAAAAAAAAAAAAAAAAAAAAAAAAAAAAAAAAAAAAAAAAAAAAAAAAAAAAAAAAAAAAAAAAAAAAAAAAAAAAAAAAAAAAAAAAAAAAAAAAAAAAAAAAAAAAAAAAAAAAAAAAAAAAAAAAAAAAAAAAAAAAAAAAAAAAAAAAAAAAAAAAAAAAAAAAAAAAAAAAAAAAAAAAAAAAAAAAAAAAAAAAAAAAAAAAAAAAAAAAAAAAAAAAAAAAAAAAAAAAAAAAAAAAAKCoFdKJgf//UHA11ImB//8AAAAAAAAAAAAAAAAEAAAA6A0AAFdoZWEAAAAAAAAAAABgINSJgf//AAAAAAAAAAAIAAAAYAEAAAAAAAAAAAAAAAAAAAAAAAAAAAAAAAAAAMwDAAAKAAAAAAAAAAIAAABBAQAABAAAAAgAAAABAAAAAAAAAAAAAIAAAAEGAAAAAAAAAAAAAAAA//////////8AAQAAAAQAAAEEAAACBAAAAwQAAP//////////AQEAAAQEAAAFBAAABgQAAAcEAAD//////////wIBAAAIBAAACQQAAAoEAAALBAAA//////////8DAQAADAQAAA0EAAAOBAAADwQAAP//////////BAEAABAEAAARBAAAEgQAABMEAAD//////////wUBAAAUBAAAFQQAABYEAAAXBAAA//////////8GAQAAGAQAABkEAAAaBAAAGwQAAP//////////BwEAABwEAAAdBAAAHgQAAB8EAAD//////////wgBAAAgBAAAIQQAACIEAAAjBAAA//////////8JAQAAJAQAACUEAAAmBAAAJwQAAP//////////CgEAACgEAAApBAAAKgQAACsEAAD//////////wsBAAAsBAAALQQAAC4EAAAvBAAA//////////8MAQAAMAQAADEEAAAyBAAAMwQAAP//////////DQEAADQEAAA1BAAANgQAADcEAAD//////////w4BAAA4BAAAOQQAADoEAAA7BAAA//////////8PAQAAPAQAAD0EAAA+BAAAPwQAAP//////////AAAAAAAAAAAAAAAAAAAAAAAAAAAAAAAAAAAAAAAAAAAAAAAAAAAAAAAAAAAAAAAAAAAAAAAAAAAAAAAAAAAAAAAAAAAAAAAAAAAAAAAAAAAAAAAAAAAAAAAAAAAAAAAAAAAAAAAAAAAAAAAAAAAAAAAAAAAAAAAAAAAAAAAAAAAAAAAAAAAAAAAAAAAAAAAAAAAAAAAAAAAAAAAAAAAAAAAAAAAAAAAAAAAAAAAAAAAAAAAAAAAAAAAAAAAAAAAAAAAAAAAAAAAAAAAAAAAAAAAAAAAAAAAAAAAAAAAAAAAAAAAAAAAAAAAAAAAAAAAAAAAAAAAAAAAAAAAAAAAAAAAAAAAAAAAAAAAAAAAAAAAAAAAAAAAAAAAAAAAAAAAAAAAAAAAAAAAAAAAAAAAAAAAAAAAAAAAAAAAAAAAAAAAAAAAAAAAAAAAAAAAAAAAAAAAAAAAAAAAAAAAAAAAAAAAAAAAAAAAAAAAAAAAAAAAAAAAAAAAAAAAAAAAAAAAAAAAAAAAAAAAAAAAAAAAAAAAAAAAAAAAAAAAAAAAAAAAAAAAAAAAAAAAAAAAAAAAAAAAAAAAAAAAAAAAAAAAAAAAAAAAAAAAAAAAAAAAAAACgmBXSiYH//6C4FdKJgf//AAAAAAAAAAAAAAAABAAAAOgNAABXaGVhAQAAAAAAAAAAoCDUiYH//wAAAAAAAAAACAAAAGABAAAAAAAAAAAAAAAAAAAAAAAAAAAAAAAAAADMAwAACgAAAAEAAAACAAAAQQEAAAQAAAAIAAAAAgAAAAAAAAAAAACAAQABBgAAAAAFHAAAYOoAAAAAAAAAAAAAAAAAAAAAAAAAAAAAAAEAAAAEAAABBAAAAgQAAAMEAAD//////////wEBAAAEBAAABQQAAAYEAAAHBAAA//////////8CAQAACAQAAAkEAAAKBAAACwQAAP//////////AwEAAAwEAAANBAAADgQAAA8EAAD//////////wQBAAAQBAAAEQQAABIEAAATBAAA//////////8FAQAAFAQAABUEAAAWBAAAFwQAAP//////////BgEAABgEAAAZBAAAGgQAABsEAAD//////////wcBAAAcBAAAHQQAAB4EAAAfBAAA//////////8IAQAAIAQAACEEAAAiBAAAIwQAAP//////////CQEAACQEAAAlBAAAJgQAACcEAAD//////////woBAAAoBAAAKQQAACoEAAArBAAA//////////8LAQAALAQAAC0EAAAuBAAALwQAAP//////////DAEAADAEAAAxBAAAMgQAADMEAAD//////////w0BAAA0BAAANQQAADYEAAA3BAAA//////////8OAQAAOAQAADkEAAA6BAAAOwQAAP//////////DwEAADwEAAA9BAAAPgQAAD8EAAD//////////wAAAAAAAAAAAAAAAAAAAAAAAAAAAAAAAAAAAAAAAAAAAAAAAAAAAAAAAAAAAAAAAAAAAAAAAAAAAAAAAAAAAAAAAAAAAAAAAAAAAAAAAAAAAAAAAAAAAAAAAAAAAAAAAAAAAAAAAAAAAAAAAAAAAAAAAAAAAAAAAAAAAAAAAAAAAAAAAAAAAAAAAAAAAAAAAAAAAAAAAAAAAAAAAAAAAAAAAAAAAAAAAAAAAAAAAAAAAAAAAAAAAAAAAAAAAAAAAAAAAAAAAAAAAAAAAAAAAAAAAAAAAAAAAAAAAAAAAAAAAAAAAAAAAAAAAAAAAAAAAAAAAAAAAAAAAAAAAAAAAAAAAAAAAAAAAAAAAAAAAAAAAAAAAAAAAAAAAAAAAAAAAAAAAAAAAAAAAAAAAAAAAAAAAAAAAAAAAAAAAAAAAAAAAAAAAAAAAAAAAAAAAAAAAAAAAAAAAAAAAAAAAAAAAAAAAAAAAAAAAAAAAAAAAAAAAAAAAAAAAAAAAAAAAAAAAAAAAAAAAAAAAAAAAAAAAAAAAAAAAAAAAAAAAAAAAAAAAAAAAAAAAAAAAAAAAAAAAAAAAAAAAAAAAAAAAAAAAAAAAAAAoIgV0omB//+gqBXSiYH//wAAAAAAAAAAAAAAAAEAAADABgAAV2hlYQMAAAAAAAAAoCj90YmB//8AAAAAAAAAAAEAAADAAQAAAAAAAAAAAAAAAAAAAAAAAAAAAAAAAAAAzAMAAAoAAAADAAAAAgAAAAABAAABAAAAAwAAAAMAAAAAAAAAAAAAgAIAAQAAAAAAAAAAAAAAAAAAAAAAAAAAAAAAAAAAAAAAAAAAAAAAAAAAAAAAAAAAAAAAAAAAAAAAAAAAAAAAAAAAAAAAAAAAAAAAAAAAAAAAAAAAAAAAAAAAAAAAAAAAAAAAAAAAAAAAAAAAAAAAAAAAAAAAAAAAAAAAAAAAAAAAAAAAAAAAAAAAAAAAAAAAAAAAAAAAAAAAAAAAAAAAAAAAAAAAAAAAAAAAAAAAAAAAAAAAAAAAAAAAAAAAAAAAAAAAAAAAAAAAAAAAAAAAAAAAAAAAAAAAAAAAAAAAAAAAAAAAAAAAAAAAAAAAAAAAAAAAAAAAAAAAAAAAAAAAAAAAAAAAAAAAAAAAAAAAAAAAAAAAAAAAAAAAAAAAAAAAAAAAAAAAAAAAAAAAAAAAAAAAAAAAAAAAAAAAAAAAAAAAAAAAAAAAAAAAAAAAAAAAAAAAAAAAAAAAAAAAAAAAAAAAAAAAAAAAAAAAAAAAAAAAAAAAAAAAAAAAAAAAAAAAAAAAAAAAAAAAAAAAAAAAAAAAAAAAAAAAAAAAAAAAAAAAAAAAAAAAAAAAAAAAAAAAAAAAAAAAAAAAAAAAAAAAAAAAAAAAAAAAAAAAAAAAAAAAAAAAAAAAAAAAAAAAAAAAAAAAAAAAAAAAAAAAAAAAAAAAAAAAAAAAAAAAAAAAAAAAAAAAAAAAAAAAAAAAAAAAAAAAAAAAAAAAAAAAAAAAAAAAAAAAAAAAAAAAAAAAAAAAAAAAAAAAAAAAAAAAAAAAAAAAAAAAAAAAAAAAAAAAAAAAAAAAAAAAAAAAAAAAAAAAAAAAAAAAAAAAAAAAAAAAAAAAAAAAAAAAAAAAAAAAAAAAAAAAAAAAAAAAAAAAAAAAAAAAAAAAAAAAAAAAAAAAAAAAAAAAAAAAAAAAAAAAAAAAAAAAAAAAAAAAAAAAAAAAAAAAAAAAAAAAAAAAAAAAAAAAAAAAAAAAAAAAAAAAAAAAAAAAAAAAAAAAAAAAAAAAAAAAAAAAAAAAAAAAAAAAAAAAAAAAAAAAAAAAAAAAAAAAAAAAAAAAAAAAAAAAAAAAAAAAAAAAAAAAAAAAAAAAAAAAAAAAAAAAAAAAAAAAAAAAAAAAAAAAAAAAAAAAAAAAAAAAAAAAAAAAAAAAAAAAAAAAAAAAAAAAAAAAAAAAAAAAAAAAAAAAAAAAAAAAAAAAAAAAAAAAAAAAAAAAAAAAAAAAAAAAAAAAAAAAAAAAAAAAAAAAAAAAAKivbWEF+P//oJgV0omB//8AAAAAAAAAAAAAAAAAAAAAAAAAAAAAAAAHAAAAAAAAAAAAAAAAAAAAAAAAAAAAAAAAAAAAAAAAAAAAAAAAAAAAAAAAAAAAAAABAAAAAAAAAMwDAAAKAAAABwAAAAIAAAAAEAAAAQAAAAgAAAAEAAAAAAAAAAAAAIAAAAAAAAAAAAAAAAAAAAAAAAAAAAAAAAAAAAAAAAAAAAAAAAAAAAAAAAAAAAAAAAAAAAAAAAAAAAAAAAAAAAAAAAAAAAAAAAAAAAAAAAAAAAAAAAAAAAAAAAAAAAAAAAAAAAAAAAAAAAAAAAAAAAAAAAAAAAAAAAAAAAAAAAAAAAAAAAAAAAAAAAAAAAAAAAAAAAAAAAAAAAAAAAAAAAAAAAAAAAAAAAAAAAAAAAAAAAAAAAAAAAAAAAAAAAAAAAAAAAAAAAAAAAAAAAAAAAAAAAAAAAAAAAAAAAAAAAAAAAAAAAAAAAAAAAAAAAAAAAAAAAAAAAAAAAAAAAAAAAAAAAAAAAAAAAAAAAAAAAAAAAAAAAAAAAAAAAAAAAAAAAAAAAAAAAAAAAAAAAAAAAAAAAAAAAAAAAAAAAAAAAAAAAAAAAAAAAAAAAAAAAAAAAAAAAAAAAAAAAAAAAAAAAAAAAAAAAAAAAAAAAAAAAAAAAAAAAAAAAAAAAAAAAAAAAAAAAAAAAAAAAAAAAAAAAAAAAAAAAAAAAAAAAAAAAAAAAAAAAAAAAAAAAAAAAAAAAAAAAAAAAAAAAAAAAAAAAAAAAAAAAAAAAAAAAAAAAAAAAAAAAAAAAAAAAAAAAAAAAAAAAAAAAAAAAAAAAAAAAAAAAAAAAAAAAAAAAAAAAAAAAAAAAAAAAAAAAAAAAAAAAAAAAAAAAAAAAAAAAAAAAAAAAAAAAAAAAAAAAAAAAAAAAAAAAAAAAAAAAAAAAAAAAAAAAAAAAAAAAAAAAAAAAAAAAAAAAAAAAAAAAAAAAAAAAAAAAAAAAAAAAAAAAAAAAAAAAAAAAAAAAAAAAAAAAAAAAAAAAAAAAAAAAAAAAAAAAAAAAAAAAAAAAAAAAAAAAAAAAAAAAAAAAAAAAAAAAAAAAAAAAAAAAAAAAAAAAAAAAAAAAAAAAAAAAAAAAAAAAAAAAAAAAAAAAAAAAAAAAAAAAAAAAAAAAAAAAAAAAAAAAAAAAAAAAAAAAAAAAAAAAAAAAAAAAAAAAAAAAAAAAAAAAAAAAAAAAAAAAAAAAAAAAAAAAAAAAAAAAAAAAAAAAAAAAAAAAAAAAAAAAAAAAAAAAAAAAAAAAAAAAAAAAAAAAAAAAAAAAAAAAAAAAAAAAAAAAAAAAAAAAAAAAAAAAAAAAAAAAAAAAAAAAAAAAAAAAAAAAAAAAAAAAAAAAAAAAAAAAAAAAAAAAAAAAAAAAAAAAAAAAAAAAA="}
