{"EventID": "108", "Channel": "Microsoft-Windows-AppReadiness/Operational", "Provider_Name": "Microsoft-Windows-AppReadiness", "Computer": "DESKTOP-OFJ6N53", "TimeCreated": "2023-01-27 15:16:32.776234+00:00", "RecordID": "329", "Level": "4", "UserID": "S-1-5-18", "EventData.Source": "2"}
{"EventID": "105", "Channel": "Microsoft-Windows-AppReadiness/Operational", "Provider_Name": "Microsoft-Windows-AppReadiness", "Computer": "DESKTOP-OFJ6N53", "TimeCreated": "2023-01-27 15:19:02.766911+00:00", "RecordID": "330", "Level": "4", "UserID": "S-1-5-18", "EventData.IsIdle": "True", "EventData.Reason": "None"}
{"EventID": "103", "Channel": "Microsoft-Windows-AppReadiness/Operational", "Provider_Name": "Microsoft-Windows-AppReadiness", "Computer": "DESKTOP-OFJ6N53", "TimeCreated": "2023-01-27 15:19:02.783020+00:00", "RecordID": "331", "Level": "4", "UserID": "S-1-5-18"}
{"EventID": "217", "Channel": "Microsoft-Windows-AppReadiness/Operational", "Provider_Name": "Microsoft-Windows-AppReadiness", "Computer": "DESKTOP-OFJ6N53", "TimeCreated": "2023-01-28 09:56:12.121565+00:00", "RecordID": "332", "Level": "4", "UserID": "S-1-5-18", "EventData.User": "S-1-5-21-963789628-1060504924-4285088085-1001"}
{"EventID": "105", "Channel": "Microsoft-Windows-AppReadiness/Operational", "Provider_Name": "Microsoft-Windows-AppReadiness", "Computer": "DESKTOP-OFJ6N53", "TimeCreated": "2023-01-28 09:58:07.414753+00:00", "RecordID": "333", "Level": "4", "UserID": "S-1-5-18", "EventData.IsIdle": "True", "EventData.Reason": "None"}
{"EventID": "103", "Channel": "Microsoft-Windows-AppReadiness/Operational", "Provider_Name": "Microsoft-Windows-AppReadiness", "Computer": "DESKTOP-OFJ6N53", "TimeCreated": "2023-01-28 09:58:07.430660+00:00", "RecordID": "334", "Level": "4", "UserID": "S-1-5-18"}
{"EventID": "217", "Channel": "Microsoft-Windows-AppReadiness/Operational", "Provider_Name": "Microsoft-Windows-AppReadiness", "Computer": "DESKTOP-OFJ6N53", "TimeCreated": "2023-01-30 08:07:43.595387+00:00", "RecordID": "335", "Level": "4", "UserID": "S-1-5-18", "EventData.User": "S-1-5-21-963789628-1060504924-4285088085-1001"}
{"EventID": "105", "Channel": "Microsoft-Windows-AppReadiness/Operational", "Provider_Name": "Microsoft-Windows-AppReadiness", "Computer": "DESKTOP-OFJ6N53", "TimeCreated": "2023-01-30 08:09:42.829544+00:00", "RecordID": "336", "Level": "4", "UserID": "S-1-5-18", "EventData.IsIdle": "True", "EventData.Reason": "None"}
{"EventID": "103", "Channel": "Microsoft-Windows-AppReadiness/Operational", "Provider_Name": "Microsoft-Windows-AppReadiness", "Computer": "DESKTOP-OFJ6N53", "TimeCreated": "2023-01-30 08:09:42.845861+00:00", "RecordID": "337", "Level": "4", "UserID": "S-1-5-18"}
{"EventID": "108", "Channel": "Microsoft-Windows-AppReadiness/Operational", "Provider_Name": "Microsoft-Windows-AppReadiness", "Computer": "DESKTOP-OFJ6N53", "TimeCreated": "2023-02-04 13:18:29.028631+00:00", "RecordID": "338", "Level": "4", "UserID": "S-1-5-18", "EventData.Source": "2"}
{"EventID": "105", "Channel": "Microsoft-Windows-AppReadiness/Operational", "Provider_Name": "Microsoft-Windows-AppReadiness", "Computer": "DESKTOP-OFJ6N53", "TimeCreated": "2023-02-04 13:20:58.984749+00:00", "RecordID": "339", "Level": "4", "UserID": "S-1-5-18", "EventData.IsIdle": "True", "EventData.Reason": "None"}
{"EventID": "103", "Channel": "Microsoft-Windows-AppReadiness/Operational", "Provider_Name": "Microsoft-Windows-AppReadiness", "Computer": "DESKTOP-OFJ6N53", "TimeCreated": "2023-02-04 13:20:59.001162+00:00", "RecordID": "340", "Level": "4", "UserID": "S-1-5-18"}
{"EventID": "217", "Channel": "Microsoft-Windows-AppReadiness/Operational", "Provider_Name": "Microsoft-Windows-AppReadiness", "Computer": "DESKTOP-OFJ6N53", "TimeCreated": "2023-02-09 10:53:43.738739+00:00", "RecordID": "341", "Level": "4", "UserID": "S-1-5-18", "EventData.User": "S-1-5-21-963789628-1060504924-4285088085-1001"}
{"EventID": "105", "Channel": "Microsoft-Windows-AppReadiness/Operational", "Provider_Name": "Microsoft-Windows-AppReadiness", "Computer": "DESKTOP-OFJ6N53", "TimeCreated": "2023-02-09 10:55:41.268282+00:00", "RecordID": "342", "Level": "4", "UserID": "S-1-5-18", "EventData.IsIdle": "True", "EventData.Reason": "None"}
{"EventID": "103", "Channel": "Microsoft-Windows-AppReadiness/Operational", "Provider_Name": "Microsoft-Windows-AppReadiness", "Computer": "DESKTOP-OFJ6N53", "TimeCreated": "2023-02-09 10:55:41.284460+00:00", "RecordID": "343", "Level": "4", "UserID": "S-1-5-18"}
{"EventID": "217", "Channel": "Microsoft-Windows-AppReadiness/Operational", "Provider_Name": "Microsoft-Windows-AppReadiness", "Computer": "DESKTOP-OFJ6N53", "TimeCreated": "2023-02-14 14:09:09.145739+00:00", "RecordID": "344", "Level": "4", "UserID": "S-1-5-18", "EventData.User": "S-1-5-21-963789628-1060504924-4285088085-1001"}
{"EventID": "105", "Channel": "Microsoft-Windows-AppReadiness/Operational", "Provider_Name": "Microsoft-Windows-AppReadiness", "Computer": "DESKTOP-OFJ6N53", "TimeCreated": "2023-02-14 14:11:07.399296+00:00", "RecordID": "345", "Level": "4", "UserID": "S-1-5-18", "EventData.IsIdle": "True", "EventData.Reason": "None"}
{"EventID": "103", "Channel": "Microsoft-Windows-AppReadiness/Operational", "Provider_Name": "Microsoft-Windows-AppReadiness", "Computer": "DESKTOP-OFJ6N53", "TimeCreated": "2023-02-14 14:11:07.415087+00:00", "RecordID": "346", "Level": "4", "UserID": "S-1-5-18"}
{"EventID": "108", "Channel": "Microsoft-Windows-AppReadiness/Operational", "Provider_Name": "Microsoft-Windows-AppReadiness", "Computer": "DESKTOP-OFJ6N53", "TimeCreated": "2023-02-16 01:25:20.778141+00:00", "RecordID": "347", "Level": "4", "UserID": "S-1-5-18", "EventData.Source": "1"}
{"EventID": "105", "Channel": "Microsoft-Windows-AppReadiness/Operational", "Provider_Name": "Microsoft-Windows-AppReadiness", "Computer": "DESKTOP-OFJ6N53", "TimeCreated": "2023-02-16 01:27:50.673227+00:00", "RecordID": "348", "Level": "4", "UserID": "S-1-5-18", "EventData.IsIdle": "True", "EventData.Reason": "None"}
{"EventID": "103", "Channel": "Microsoft-Windows-AppReadiness/Operational", "Provider_Name": "Microsoft-Windows-AppReadiness", "Computer": "DESKTOP-OFJ6N53", "TimeCreated": "2023-02-16 01:27:50.689486+00:00", "RecordID": "349", "Level": "4", "UserID": "S-1-5-18"}
{"EventID": "108", "Channel": "Microsoft-Windows-AppReadiness/Operational", "Provider_Name": "Microsoft-Windows-AppReadiness", "Computer": "DESKTOP-OFJ6N53", "TimeCreated": "2023-02-16 19:25:41.136929+00:00", "RecordID": "350", "Level": "4", "UserID": "S-1-5-18", "EventData.Source": "2"}
{"EventID": "105", "Channel": "Microsoft-Windows-AppReadiness/Operational", "Provider_Name": "Microsoft-Windows-AppReadiness", "Computer": "DESKTOP-OFJ6N53", "TimeCreated": "2023-02-16 19:28:10.309271+00:00", "RecordID": "351", "Level": "4", "UserID": "S-1-5-18", "EventData.IsIdle": "True", "EventData.Reason": "None"}
{"EventID": "103", "Channel": "Microsoft-Windows-AppReadiness/Operational", "Provider_Name": "Microsoft-Windows-AppReadiness", "Computer": "DESKTOP-OFJ6N53", "TimeCreated": "2023-02-16 19:28:10.325256+00:00", "RecordID": "352", "Level": "4", "UserID": "S-1-5-18"}
{"EventID": "108", "Channel": "Microsoft-Windows-AppReadiness/Operational", "Provider_Name": "Microsoft-Windows-AppReadiness", "Computer": "DESKTOP-OFJ6N53", "TimeCreated": "2023-02-18 12:32:21.710951+00:00", "RecordID": "353", "Level": "4", "UserID": "S-1-5-18", "EventData.Source": "2"}
{"EventID": "105", "Channel": "Microsoft-Windows-AppReadiness/Operational", "Provider_Name": "Microsoft-Windows-AppReadiness", "Computer": "DESKTOP-OFJ6N53", "TimeCreated": "2023-02-18 12:34:50.536293+00:00", "RecordID": "354", "Level": "4", "UserID": "S-1-5-18", "EventData.IsIdle": "True", "EventData.Reason": "None"}
{"EventID": "103", "Channel": "Microsoft-Windows-AppReadiness/Operational", "Provider_Name": "Microsoft-Windows-AppReadiness", "Computer": "DESKTOP-OFJ6N53", "TimeCreated": "2023-02-18 12:34:50.552258+00:00", "RecordID": "355", "Level": "4", "UserID": "S-1-5-18"}
{"EventID": "108", "Channel": "Microsoft-Windows-AppReadiness/Operational", "Provider_Name": "Microsoft-Windows-AppReadiness", "Computer": "DESKTOP-OFJ6N53", "TimeCreated": "2023-02-19 18:29:00.217428+00:00", "RecordID": "356", "Level": "4", "UserID": "S-1-5-18", "EventData.Source": "2"}
{"EventID": "105", "Channel": "Microsoft-Windows-AppReadiness/Operational", "Provider_Name": "Microsoft-Windows-AppReadiness", "Computer": "DESKTOP-OFJ6N53", "TimeCreated": "2023-02-19 18:31:29.754042+00:00", "RecordID": "357", "Level": "4", "UserID": "S-1-5-18", "EventData.IsIdle": "True", "EventData.Reason": "None"}
{"EventID": "103", "Channel": "Microsoft-Windows-AppReadiness/Operational", "Provider_Name": "Microsoft-Windows-AppReadiness", "Computer": "DESKTOP-OFJ6N53", "TimeCreated": "2023-02-19 18:31:29.770084+00:00", "RecordID": "358", "Level": "4", "UserID": "S-1-5-18"}
{"EventID": "108", "Channel": "Microsoft-Windows-AppReadiness/Operational", "Provider_Name": "Microsoft-Windows-AppReadiness", "Computer": "DESKTOP-OFJ6N53", "TimeCreated": "2023-02-25 16:24:11.522034+00:00", "RecordID": "359", "Level": "4", "UserID": "S-1-5-18", "EventData.Source": "2"}
{"EventID": "105", "Channel": "Microsoft-Windows-AppReadiness/Operational", "Provider_Name": "Microsoft-Windows-AppReadiness", "Computer": "DESKTOP-OFJ6N53", "TimeCreated": "2023-02-25 16:26:41.272684+00:00", "RecordID": "360", "Level": "4", "UserID": "S-1-5-18", "EventData.IsIdle": "True", "EventData.Reason": "None"}
{"EventID": "103", "Channel": "Microsoft-Windows-AppReadiness/Operational", "Provider_Name": "Microsoft-Windows-AppReadiness", "Computer": "DESKTOP-OFJ6N53", "TimeCreated": "2023-02-25 16:26:41.288876+00:00", "RecordID": "361", "Level": "4", "UserID": "S-1-5-18"}
{"EventID": "217", "Channel": "Microsoft-Windows-AppReadiness/Operational", "Provider_Name": "Microsoft-Windows-AppReadiness", "Computer": "DESKTOP-OFJ6N53", "TimeCreated": "2023-02-27 12:54:21.969830+00:00", "RecordID": "362", "Level": "4", "UserID": "S-1-5-18", "EventData.User": "S-1-5-21-963789628-1060504924-4285088085-1001"}
{"EventID": "105", "Channel": "Microsoft-Windows-AppReadiness/Operational", "Provider_Name": "Microsoft-Windows-AppReadiness", "Computer": "DESKTOP-OFJ6N53", "TimeCreated": "2023-02-27 12:56:04.934692+00:00", "RecordID": "363", "Level": "4", "UserID": "S-1-5-18", "EventData.IsIdle": "False", "EventData.Reason": "ExternalObjects"}
{"EventID": "11", "Channel": "Microsoft-Windows-AppReadiness/Operational", "Provider_Name": "Microsoft-Windows-AppReadiness", "Computer": "DESKTOP-OFJ6N53", "TimeCreated": "2023-02-27 12:56:51.685163+00:00", "RecordID": "364", "Level": "3", "UserID": "S-1-5-21-963789628-1060504924-4285088085-1001", "EventData.Error": "-2147024809", "EventData.Expression": "ResultFromWin32FromStatus(BiPtAssociateApplicationExtensionClass(&guid, &acid, &eventId, nullptr, 0, 0, nullptr))", "EventData.Function": "AppReadiness::Tasks::ActivateApps::OnExecute::<lambda_77ffb5b4c88d980e092855dcb2471f73>::operator ()", "EventData.File": "onecoreuap\\shell\\appreadiness\\src\\tasks\\activateapps.cpp", "EventData.Line": "107"}
{"EventID": "105", "Channel": "Microsoft-Windows-AppReadiness/Operational", "Provider_Name": "Microsoft-Windows-AppReadiness", "Computer": "DESKTOP-OFJ6N53", "TimeCreated": "2023-02-27 12:58:34.949623+00:00", "RecordID": "365", "Level": "4", "UserID": "S-1-5-18", "EventData.IsIdle": "True", "EventData.Reason": "None"}
{"EventID": "103", "Channel": "Microsoft-Windows-AppReadiness/Operational", "Provider_Name": "Microsoft-Windows-AppReadiness", "Computer": "DESKTOP-OFJ6N53", "TimeCreated": "2023-02-27 12:58:34.994984+00:00", "RecordID": "366", "Level": "4", "UserID": "S-1-5-18"}
{"EventID": "108", "Channel": "Microsoft-Windows-AppReadiness/Operational", "Provider_Name": "Microsoft-Windows-AppReadiness", "Computer": "DESKTOP-OFJ6N53", "TimeCreated": "2023-03-06 09:09:43.052624+00:00", "RecordID": "367", "Level": "4", "UserID": "S-1-5-18", "EventData.Source": "2"}
{"EventID": "105", "Channel": "Microsoft-Windows-AppReadiness/Operational", "Provider_Name": "Microsoft-Windows-AppReadiness", "Computer": "DESKTOP-OFJ6N53", "TimeCreated": "2023-03-06 09:12:12.787537+00:00", "RecordID": "368", "Level": "4", "UserID": "S-1-5-18", "EventData.IsIdle": "True", "EventData.Reason": "None"}
{"EventID": "103", "Channel": "Microsoft-Windows-AppReadiness/Operational", "Provider_Name": "Microsoft-Windows-AppReadiness", "Computer": "DESKTOP-OFJ6N53", "TimeCreated": "2023-03-06 09:12:12.803619+00:00", "RecordID": "369", "Level": "4", "UserID": "S-1-5-18"}
{"EventID": "217", "Channel": "Microsoft-Windows-AppReadiness/Operational", "Provider_Name": "Microsoft-Windows-AppReadiness", "Computer": "DESKTOP-OFJ6N53", "TimeCreated": "2023-03-13 11:28:17.832529+00:00", "RecordID": "370", "Level": "4", "UserID": "S-1-5-18", "EventData.User": "S-1-5-21-963789628-1060504924-4285088085-1001"}
{"EventID": "105", "Channel": "Microsoft-Windows-AppReadiness/Operational", "Provider_Name": "Microsoft-Windows-AppReadiness", "Computer": "DESKTOP-OFJ6N53", "TimeCreated": "2023-03-13 11:30:15.973133+00:00", "RecordID": "371", "Level": "4", "UserID": "S-1-5-18", "EventData.IsIdle": "False", "EventData.Reason": "S-1-5-21-963789628-1060504924-4285088085-1001"}
{"EventID": "105", "Channel": "Microsoft-Windows-AppReadiness/Operational", "Provider_Name": "Microsoft-Windows-AppReadiness", "Computer": "DESKTOP-OFJ6N53", "TimeCreated": "2023-03-13 11:32:45.973230+00:00", "RecordID": "372", "Level": "4", "UserID": "S-1-5-18", "EventData.IsIdle": "False", "EventData.Reason": "S-1-5-21-963789628-1060504924-4285088085-1001"}
{"EventID": "105", "Channel": "Microsoft-Windows-AppReadiness/Operational", "Provider_Name": "Microsoft-Windows-AppReadiness", "Computer": "DESKTOP-OFJ6N53", "TimeCreated": "2023-03-13 11:35:15.979382+00:00", "RecordID": "373", "Level": "4", "UserID": "S-1-5-18", "EventData.IsIdle": "True", "EventData.Reason": "None"}
{"EventID": "103", "Channel": "Microsoft-Windows-AppReadiness/Operational", "Provider_Name": "Microsoft-Windows-AppReadiness", "Computer": "DESKTOP-OFJ6N53", "TimeCreated": "2023-03-13 11:35:15.995373+00:00", "RecordID": "374", "Level": "4", "UserID": "S-1-5-18"}
{"EventID": "108", "Channel": "Microsoft-Windows-AppReadiness/Operational", "Provider_Name": "Microsoft-Windows-AppReadiness", "Computer": "DESKTOP-OFJ6N53", "TimeCreated": "2023-03-15 10:34:50.618210+00:00", "RecordID": "375", "Level": "4", "UserID": "S-1-5-18", "EventData.Source": "2"}
{"EventID": "105", "Channel": "Microsoft-Windows-AppReadiness/Operational", "Provider_Name": "Microsoft-Windows-AppReadiness", "Computer": "DESKTOP-OFJ6N53", "TimeCreated": "2023-03-15 10:37:20.416842+00:00", "RecordID": "376", "Level": "4", "UserID": "S-1-5-18", "EventData.IsIdle": "True", "EventData.Reason": "None"}
{"EventID": "103", "Channel": "Microsoft-Windows-AppReadiness/Operational", "Provider_Name": "Microsoft-Windows-AppReadiness", "Computer": "DESKTOP-OFJ6N53", "TimeCreated": "2023-03-15 10:37:20.439880+00:00", "RecordID": "377", "Level": "4", "UserID": "S-1-5-18"}
{"EventID": "108", "Channel": "Microsoft-Windows-AppReadiness/Operational", "Provider_Name": "Microsoft-Windows-AppReadiness", "Computer": "DESKTOP-OFJ6N53", "TimeCreated": "2023-03-15 22:04:40.493078+00:00", "RecordID": "378", "Level": "4", "UserID": "S-1-5-18", "EventData.Source": "1"}
{"EventID": "105", "Channel": "Microsoft-Windows-AppReadiness/Operational", "Provider_Name": "Microsoft-Windows-AppReadiness", "Computer": "DESKTOP-OFJ6N53", "TimeCreated": "2023-03-15 22:07:10.513689+00:00", "RecordID": "379", "Level": "4", "UserID": "S-1-5-18", "EventData.IsIdle": "True", "EventData.Reason": "None"}
{"EventID": "103", "Channel": "Microsoft-Windows-AppReadiness/Operational", "Provider_Name": "Microsoft-Windows-AppReadiness", "Computer": "DESKTOP-OFJ6N53", "TimeCreated": "2023-03-15 22:07:10.537882+00:00", "RecordID": "380", "Level": "4", "UserID": "S-1-5-18"}
{"EventID": "217", "Channel": "Microsoft-Windows-AppReadiness/Operational", "Provider_Name": "Microsoft-Windows-AppReadiness", "Computer": "DESKTOP-OFJ6N53", "TimeCreated": "2023-03-16 15:01:29.934870+00:00", "RecordID": "381", "Level": "4", "UserID": "S-1-5-18", "EventData.User": "S-1-5-21-963789628-1060504924-4285088085-1001"}
{"EventID": "105", "Channel": "Microsoft-Windows-AppReadiness/Operational", "Provider_Name": "Microsoft-Windows-AppReadiness", "Computer": "DESKTOP-OFJ6N53", "TimeCreated": "2023-03-16 15:03:02.991026+00:00", "RecordID": "382", "Level": "4", "UserID": "S-1-5-18", "EventData.IsIdle": "False", "EventData.Reason": "ExternalObjects"}
{"EventID": "105", "Channel": "Microsoft-Windows-AppReadiness/Operational", "Provider_Name": "Microsoft-Windows-AppReadiness", "Computer": "DESKTOP-OFJ6N53", "TimeCreated": "2023-03-16 15:05:32.999084+00:00", "RecordID": "383", "Level": "4", "UserID": "S-1-5-18", "EventData.IsIdle": "True", "EventData.Reason": "None"}
{"EventID": "103", "Channel": "Microsoft-Windows-AppReadiness/Operational", "Provider_Name": "Microsoft-Windows-AppReadiness", "Computer": "DESKTOP-OFJ6N53", "TimeCreated": "2023-03-16 15:05:33.013870+00:00", "RecordID": "384", "Level": "4", "UserID": "S-1-5-18"}
{"EventID": "217", "Channel": "Microsoft-Windows-AppReadiness/Operational", "Provider_Name": "Microsoft-Windows-AppReadiness", "Computer": "DESKTOP-OFJ6N53", "TimeCreated": "2023-03-20 08:34:57.335423+00:00", "RecordID": "385", "Level": "4", "UserID": "S-1-5-18", "EventData.User": "S-1-5-21-963789628-1060504924-4285088085-1001"}
{"EventID": "105", "Channel": "Microsoft-Windows-AppReadiness/Operational", "Provider_Name": "Microsoft-Windows-AppReadiness", "Computer": "DESKTOP-OFJ6N53", "TimeCreated": "2023-03-20 08:36:46.982327+00:00", "RecordID": "386", "Level": "4", "UserID": "S-1-5-18", "EventData.IsIdle": "True", "EventData.Reason": "None"}
{"EventID": "103", "Channel": "Microsoft-Windows-AppReadiness/Operational", "Provider_Name": "Microsoft-Windows-AppReadiness", "Computer": "DESKTOP-OFJ6N53", "TimeCreated": "2023-03-20 08:36:48.317049+00:00", "RecordID": "387", "Level": "4", "UserID": "S-1-5-18"}
{"EventID": "108", "Channel": "Microsoft-Windows-AppReadiness/Operational", "Provider_Name": "Microsoft-Windows-AppReadiness", "Computer": "DESKTOP-OFJ6N53", "TimeCreated": "2023-03-23 21:17:08.627012+00:00", "RecordID": "388", "Level": "4", "UserID": "S-1-5-18", "EventData.Source": "2"}
{"EventID": "105", "Channel": "Microsoft-Windows-AppReadiness/Operational", "Provider_Name": "Microsoft-Windows-AppReadiness", "Computer": "DESKTOP-OFJ6N53", "TimeCreated": "2023-03-23 21:19:37.876892+00:00", "RecordID": "389", "Level": "4", "UserID": "S-1-5-18", "EventData.IsIdle": "True", "EventData.Reason": "None"}
{"EventID": "103", "Channel": "Microsoft-Windows-AppReadiness/Operational", "Provider_Name": "Microsoft-Windows-AppReadiness", "Computer": "DESKTOP-OFJ6N53", "TimeCreated": "2023-03-23 21:19:37.893076+00:00", "RecordID": "390", "Level": "4", "UserID": "S-1-5-18"}
{"EventID": "108", "Channel": "Microsoft-Windows-AppReadiness/Operational", "Provider_Name": "Microsoft-Windows-AppReadiness", "Computer": "DESKTOP-OFJ6N53", "TimeCreated": "2023-03-26 20:19:05.109129+00:00", "RecordID": "391", "Level": "4", "UserID": "S-1-5-18", "EventData.Source": "2"}
{"EventID": "105", "Channel": "Microsoft-Windows-AppReadiness/Operational", "Provider_Name": "Microsoft-Windows-AppReadiness", "Computer": "DESKTOP-OFJ6N53", "TimeCreated": "2023-03-26 20:21:34.601721+00:00", "RecordID": "392", "Level": "4", "UserID": "S-1-5-18", "EventData.IsIdle": "True", "EventData.Reason": "None"}
{"EventID": "103", "Channel": "Microsoft-Windows-AppReadiness/Operational", "Provider_Name": "Microsoft-Windows-AppReadiness", "Computer": "DESKTOP-OFJ6N53", "TimeCreated": "2023-03-26 20:21:34.617765+00:00", "RecordID": "393", "Level": "4", "UserID": "S-1-5-18"}
{"EventID": "217", "Channel": "Microsoft-Windows-AppReadiness/Operational", "Provider_Name": "Microsoft-Windows-AppReadiness", "Computer": "DESKTOP-OFJ6N53", "TimeCreated": "2023-03-29 11:29:04.301018+00:00", "RecordID": "394", "Level": "4", "UserID": "S-1-5-18", "EventData.User": "S-1-5-21-963789628-1060504924-4285088085-1001"}
{"EventID": "105", "Channel": "Microsoft-Windows-AppReadiness/Operational", "Provider_Name": "Microsoft-Windows-AppReadiness", "Computer": "DESKTOP-OFJ6N53", "TimeCreated": "2023-03-29 11:30:59.108025+00:00", "RecordID": "395", "Level": "4", "UserID": "S-1-5-18", "EventData.IsIdle": "False", "EventData.Reason": "ExternalObjects"}
{"EventID": "105", "Channel": "Microsoft-Windows-AppReadiness/Operational", "Provider_Name": "Microsoft-Windows-AppReadiness", "Computer": "DESKTOP-OFJ6N53", "TimeCreated": "2023-03-29 11:33:29.107201+00:00", "RecordID": "396", "Level": "4", "UserID": "S-1-5-18", "EventData.IsIdle": "True", "EventData.Reason": "None"}
{"EventID": "217", "Channel": "Microsoft-Windows-AppReadiness/Operational", "Provider_Name": "Microsoft-Windows-AppReadiness", "Computer": "DESKTOP-OFJ6N53", "TimeCreated": "2023-04-03 13:40:21.500776+00:00", "RecordID": "397", "Level": "4", "UserID": "S-1-5-18", "EventData.User": "S-1-5-21-963789628-1060504924-4285088085-1001"}
{"EventID": "105", "Channel": "Microsoft-Windows-AppReadiness/Operational", "Provider_Name": "Microsoft-Windows-AppReadiness", "Computer": "DESKTOP-OFJ6N53", "TimeCreated": "2023-04-03 13:42:08.433517+00:00", "RecordID": "398", "Level": "4", "UserID": "S-1-5-18", "EventData.IsIdle": "True", "EventData.Reason": "None"}
{"EventID": "103", "Channel": "Microsoft-Windows-AppReadiness/Operational", "Provider_Name": "Microsoft-Windows-AppReadiness", "Computer": "DESKTOP-OFJ6N53", "TimeCreated": "2023-04-03 13:42:08.502064+00:00", "RecordID": "399", "Level": "4", "UserID": "S-1-5-18"}
{"EventID": "108", "Channel": "Microsoft-Windows-AppReadiness/Operational", "Provider_Name": "Microsoft-Windows-AppReadiness", "Computer": "DESKTOP-OFJ6N53", "TimeCreated": "2023-04-08 19:43:47.445440+00:00", "RecordID": "400", "Level": "4", "UserID": "S-1-5-18", "EventData.Source": "2"}
{"EventID": "105", "Channel": "Microsoft-Windows-AppReadiness/Operational", "Provider_Name": "Microsoft-Windows-AppReadiness", "Computer": "DESKTOP-OFJ6N53", "TimeCreated": "2023-04-08 19:46:17.425646+00:00", "RecordID": "401", "Level": "4", "UserID": "S-1-5-18", "EventData.IsIdle": "True", "EventData.Reason": "None"}
{"EventID": "103", "Channel": "Microsoft-Windows-AppReadiness/Operational", "Provider_Name": "Microsoft-Windows-AppReadiness", "Computer": "DESKTOP-OFJ6N53", "TimeCreated": "2023-04-08 19:46:17.442684+00:00", "RecordID": "402", "Level": "4", "UserID": "S-1-5-18"}
{"EventID": "217", "Channel": "Microsoft-Windows-AppReadiness/Operational", "Provider_Name": "Microsoft-Windows-AppReadiness", "Computer": "DESKTOP-OFJ6N53", "TimeCreated": "2023-04-11 20:01:21.898384+00:00", "RecordID": "403", "Level": "4", "UserID": "S-1-5-18", "EventData.User": "S-1-5-21-963789628-1060504924-4285088085-1001"}
{"EventID": "105", "Channel": "Microsoft-Windows-AppReadiness/Operational", "Provider_Name": "Microsoft-Windows-AppReadiness", "Computer": "DESKTOP-OFJ6N53", "TimeCreated": "2023-04-11 20:03:11.126959+00:00", "RecordID": "404", "Level": "4", "UserID": "S-1-5-18", "EventData.IsIdle": "True", "EventData.Reason": "None"}
{"EventID": "103", "Channel": "Microsoft-Windows-AppReadiness/Operational", "Provider_Name": "Microsoft-Windows-AppReadiness", "Computer": "DESKTOP-OFJ6N53", "TimeCreated": "2023-04-11 20:03:11.140320+00:00", "RecordID": "405", "Level": "4", "UserID": "S-1-5-18"}
{"EventID": "108", "Channel": "Microsoft-Windows-AppReadiness/Operational", "Provider_Name": "Microsoft-Windows-AppReadiness", "Computer": "DESKTOP-OFJ6N53", "TimeCreated": "2023-04-12 17:28:59.553600+00:00", "RecordID": "406", "Level": "4", "UserID": "S-1-5-18", "EventData.Source": "1"}
{"EventID": "108", "Channel": "Microsoft-Windows-AppReadiness/Operational", "Provider_Name": "Microsoft-Windows-AppReadiness", "Computer": "DESKTOP-OFJ6N53", "TimeCreated": "2023-04-12 17:29:02.250113+00:00", "RecordID": "407", "Level": "4", "UserID": "S-1-5-18", "EventData.Source": "1"}
{"EventID": "105", "Channel": "Microsoft-Windows-AppReadiness/Operational", "Provider_Name": "Microsoft-Windows-AppReadiness", "Computer": "DESKTOP-OFJ6N53", "TimeCreated": "2023-04-12 17:31:29.524630+00:00", "RecordID": "408", "Level": "4", "UserID": "S-1-5-18", "EventData.IsIdle": "True", "EventData.Reason": "None"}
{"EventID": "103", "Channel": "Microsoft-Windows-AppReadiness/Operational", "Provider_Name": "Microsoft-Windows-AppReadiness", "Computer": "DESKTOP-OFJ6N53", "TimeCreated": "2023-04-12 17:31:29.557081+00:00", "RecordID": "409", "Level": "4", "UserID": "S-1-5-18"}
{"EventID": "217", "Channel": "Microsoft-Windows-AppReadiness/Operational", "Provider_Name": "Microsoft-Windows-AppReadiness", "Computer": "DESKTOP-OFJ6N53", "TimeCreated": "2023-04-13 10:52:24.018400+00:00", "RecordID": "410", "Level": "4", "UserID": "S-1-5-18", "EventData.User": "S-1-5-21-963789628-1060504924-4285088085-1001"}
{"EventID": "105", "Channel": "Microsoft-Windows-AppReadiness/Operational", "Provider_Name": "Microsoft-Windows-AppReadiness", "Computer": "DESKTOP-OFJ6N53", "TimeCreated": "2023-04-13 10:54:12.496859+00:00", "RecordID": "411", "Level": "4", "UserID": "S-1-5-18", "EventData.IsIdle": "True", "EventData.Reason": "None"}
{"EventID": "103", "Channel": "Microsoft-Windows-AppReadiness/Operational", "Provider_Name": "Microsoft-Windows-AppReadiness", "Computer": "DESKTOP-OFJ6N53", "TimeCreated": "2023-04-13 10:54:12.526505+00:00", "RecordID": "412", "Level": "4", "UserID": "S-1-5-18"}
{"EventID": "108", "Channel": "Microsoft-Windows-AppReadiness/Operational", "Provider_Name": "Microsoft-Windows-AppReadiness", "Computer": "DESKTOP-OFJ6N53", "TimeCreated": "2023-04-17 03:41:02.870462+00:00", "RecordID": "413", "Level": "4", "UserID": "S-1-5-18", "EventData.Source": "2"}
{"EventID": "105", "Channel": "Microsoft-Windows-AppReadiness/Operational", "Provider_Name": "Microsoft-Windows-AppReadiness", "Computer": "DESKTOP-OFJ6N53", "TimeCreated": "2023-04-17 03:43:32.826031+00:00", "RecordID": "414", "Level": "4", "UserID": "S-1-5-18", "EventData.IsIdle": "True", "EventData.Reason": "None"}
{"EventID": "103", "Channel": "Microsoft-Windows-AppReadiness/Operational", "Provider_Name": "Microsoft-Windows-AppReadiness", "Computer": "DESKTOP-OFJ6N53", "TimeCreated": "2023-04-17 03:43:32.842211+00:00", "RecordID": "415", "Level": "4", "UserID": "S-1-5-18"}
{"EventID": "217", "Channel": "Microsoft-Windows-AppReadiness/Operational", "Provider_Name": "Microsoft-Windows-AppReadiness", "Computer": "DESKTOP-OFJ6N53", "TimeCreated": "2023-04-22 12:26:02.083536+00:00", "RecordID": "416", "Level": "4", "UserID": "S-1-5-18", "EventData.User": "S-1-5-21-963789628-1060504924-4285088085-1001"}
{"EventID": "105", "Channel": "Microsoft-Windows-AppReadiness/Operational", "Provider_Name": "Microsoft-Windows-AppReadiness", "Computer": "DESKTOP-OFJ6N53", "TimeCreated": "2023-04-22 12:28:00.310814+00:00", "RecordID": "417", "Level": "4", "UserID": "S-1-5-18", "EventData.IsIdle": "True", "EventData.Reason": "None"}
{"EventID": "103", "Channel": "Microsoft-Windows-AppReadiness/Operational", "Provider_Name": "Microsoft-Windows-AppReadiness", "Computer": "DESKTOP-OFJ6N53", "TimeCreated": "2023-04-22 12:28:00.326574+00:00", "RecordID": "418", "Level": "4", "UserID": "S-1-5-18"}
{"EventID": "217", "Channel": "Microsoft-Windows-AppReadiness/Operational", "Provider_Name": "Microsoft-Windows-AppReadiness", "Computer": "DESKTOP-OFJ6N53", "TimeCreated": "2023-04-26 10:05:59.383020+00:00", "RecordID": "419", "Level": "4", "UserID": "S-1-5-18", "EventData.User": "S-1-5-21-963789628-1060504924-4285088085-1001"}
{"EventID": "105", "Channel": "Microsoft-Windows-AppReadiness/Operational", "Provider_Name": "Microsoft-Windows-AppReadiness", "Computer": "DESKTOP-OFJ6N53", "TimeCreated": "2023-04-26 10:07:58.943459+00:00", "RecordID": "420", "Level": "4", "UserID": "S-1-5-18", "EventData.IsIdle": "True", "EventData.Reason": "None"}
{"EventID": "103", "Channel": "Microsoft-Windows-AppReadiness/Operational", "Provider_Name": "Microsoft-Windows-AppReadiness", "Computer": "DESKTOP-OFJ6N53", "TimeCreated": "2023-04-26 10:07:58.959053+00:00", "RecordID": "421", "Level": "4", "UserID": "S-1-5-18"}
{"EventID": "108", "Channel": "Microsoft-Windows-AppReadiness/Operational", "Provider_Name": "Microsoft-Windows-AppReadiness", "Computer": "DESKTOP-OFJ6N53", "TimeCreated": "2023-04-29 09:41:46.493738+00:00", "RecordID": "422", "Level": "4", "UserID": "S-1-5-18", "EventData.Source": "2"}
{"EventID": "105", "Channel": "Microsoft-Windows-AppReadiness/Operational", "Provider_Name": "Microsoft-Windows-AppReadiness", "Computer": "DESKTOP-OFJ6N53", "TimeCreated": "2023-04-29 09:44:16.473665+00:00", "RecordID": "423", "Level": "4", "UserID": "S-1-5-18", "EventData.IsIdle": "True", "EventData.Reason": "None"}
{"EventID": "103", "Channel": "Microsoft-Windows-AppReadiness/Operational", "Provider_Name": "Microsoft-Windows-AppReadiness", "Computer": "DESKTOP-OFJ6N53", "TimeCreated": "2023-04-29 09:44:16.489695+00:00", "RecordID": "424", "Level": "4", "UserID": "S-1-5-18"}
{"EventID": "217", "Channel": "Microsoft-Windows-AppReadiness/Operational", "Provider_Name": "Microsoft-Windows-AppReadiness", "Computer": "DESKTOP-OFJ6N53", "TimeCreated": "2023-05-02 20:29:03.212406+00:00", "RecordID": "425", "Level": "4", "UserID": "S-1-5-18", "EventData.User": "S-1-5-21-963789628-1060504924-4285088085-1001"}
{"EventID": "105", "Channel": "Microsoft-Windows-AppReadiness/Operational", "Provider_Name": "Microsoft-Windows-AppReadiness", "Computer": "DESKTOP-OFJ6N53", "TimeCreated": "2023-05-02 20:30:59.505453+00:00", "RecordID": "426", "Level": "4", "UserID": "S-1-5-18", "EventData.IsIdle": "True", "EventData.Reason": "None"}
{"EventID": "103", "Channel": "Microsoft-Windows-AppReadiness/Operational", "Provider_Name": "Microsoft-Windows-AppReadiness", "Computer": "DESKTOP-OFJ6N53", "TimeCreated": "2023-05-02 20:30:59.520720+00:00", "RecordID": "427", "Level": "4", "UserID": "S-1-5-18"}
{"EventID": "108", "Channel": "Microsoft-Windows-AppReadiness/Operational", "Provider_Name": "Microsoft-Windows-AppReadiness", "Computer": "DESKTOP-OFJ6N53", "TimeCreated": "2023-05-10 00:46:26.839859+00:00", "RecordID": "428", "Level": "4", "UserID": "S-1-5-18", "EventData.Source": "1"}
{"EventID": "106", "Channel": "Microsoft-Windows-AppReadiness/Operational", "Provider_Name": "Microsoft-Windows-AppReadiness", "Computer": "DESKTOP-OFJ6N53", "TimeCreated": "2023-05-10 00:46:37.941315+00:00", "RecordID": "429", "Level": "4", "UserID": "S-1-5-18", "EventData.User": "S-1-5-21-963789628-1060504924-4285088085-1001"}
{"EventID": "217", "Channel": "Microsoft-Windows-AppReadiness/Operational", "Provider_Name": "Microsoft-Windows-AppReadiness", "Computer": "DESKTOP-OFJ6N53", "TimeCreated": "2023-05-10 00:47:16.194510+00:00", "RecordID": "430", "Level": "4", "UserID": "S-1-5-18", "EventData.User": "S-1-5-21-963789628-1060504924-4285088085-1001"}
{"EventID": "105", "Channel": "Microsoft-Windows-AppReadiness/Operational", "Provider_Name": "Microsoft-Windows-AppReadiness", "Computer": "DESKTOP-OFJ6N53", "TimeCreated": "2023-05-10 00:48:56.824942+00:00", "RecordID": "431", "Level": "4", "UserID": "S-1-5-18", "EventData.IsIdle": "True", "EventData.Reason": "None"}
{"EventID": "103", "Channel": "Microsoft-Windows-AppReadiness/Operational", "Provider_Name": "Microsoft-Windows-AppReadiness", "Computer": "DESKTOP-OFJ6N53", "TimeCreated": "2023-05-10 00:48:56.841202+00:00", "RecordID": "432", "Level": "4", "UserID": "S-1-5-18"}
{"EventID": "108", "Channel": "Microsoft-Windows-AppReadiness/Operational", "Provider_Name": "Microsoft-Windows-AppReadiness", "Computer": "DESKTOP-OFJ6N53", "TimeCreated": "2023-05-13 18:45:06.601776+00:00", "RecordID": "433", "Level": "4", "UserID": "S-1-5-18", "EventData.Source": "2"}
{"EventID": "105", "Channel": "Microsoft-Windows-AppReadiness/Operational", "Provider_Name": "Microsoft-Windows-AppReadiness", "Computer": "DESKTOP-OFJ6N53", "TimeCreated": "2023-05-13 18:47:36.577484+00:00", "RecordID": "434", "Level": "4", "UserID": "S-1-5-18", "EventData.IsIdle": "True", "EventData.Reason": "None"}
{"EventID": "103", "Channel": "Microsoft-Windows-AppReadiness/Operational", "Provider_Name": "Microsoft-Windows-AppReadiness", "Computer": "DESKTOP-OFJ6N53", "TimeCreated": "2023-05-13 18:47:36.593666+00:00", "RecordID": "435", "Level": "4", "UserID": "S-1-5-18"}
{"EventID": "217", "Channel": "Microsoft-Windows-AppReadiness/Operational", "Provider_Name": "Microsoft-Windows-AppReadiness", "Computer": "DESKTOP-OFJ6N53", "TimeCreated": "2023-05-15 12:20:21.725721+00:00", "RecordID": "436", "Level": "4", "UserID": "S-1-5-18", "EventData.User": "S-1-5-21-963789628-1060504924-4285088085-1001"}
{"EventID": "105", "Channel": "Microsoft-Windows-AppReadiness/Operational", "Provider_Name": "Microsoft-Windows-AppReadiness", "Computer": "DESKTOP-OFJ6N53", "TimeCreated": "2023-05-15 12:22:20.231812+00:00", "RecordID": "437", "Level": "4", "UserID": "S-1-5-18", "EventData.IsIdle": "False", "EventData.Reason": "S-1-5-21-963789628-1060504924-4285088085-1001"}
{"EventID": "105", "Channel": "Microsoft-Windows-AppReadiness/Operational", "Provider_Name": "Microsoft-Windows-AppReadiness", "Computer": "DESKTOP-OFJ6N53", "TimeCreated": "2023-05-15 12:24:50.240015+00:00", "RecordID": "438", "Level": "4", "UserID": "S-1-5-18", "EventData.IsIdle": "True", "EventData.Reason": "None"}
{"EventID": "103", "Channel": "Microsoft-Windows-AppReadiness/Operational", "Provider_Name": "Microsoft-Windows-AppReadiness", "Computer": "DESKTOP-OFJ6N53", "TimeCreated": "2023-05-15 12:24:50.255135+00:00", "RecordID": "439", "Level": "4", "UserID": "S-1-5-18"}
{"EventID": "108", "Channel": "Microsoft-Windows-AppReadiness/Operational", "Provider_Name": "Microsoft-Windows-AppReadiness", "Computer": "DESKTOP-OFJ6N53", "TimeCreated": "2023-06-08 17:46:20.864973+00:00", "RecordID": "440", "Level": "4", "UserID": "S-1-5-18", "EventData.Source": "2"}
{"EventID": "11", "Channel": "Microsoft-Windows-AppReadiness/Operational", "Provider_Name": "Microsoft-Windows-AppReadiness", "Computer": "DESKTOP-OFJ6N53", "TimeCreated": "2023-06-08 17:46:22.044693+00:00", "RecordID": "441", "Level": "3", "UserID": "S-1-5-18", "EventData.Error": "-2147009278", "EventData.Expression": "operationResult", "EventData.Function": "AppReadiness::Tasks::RegisterPackage::Invoke::<lambda_c58198a407082b68fcb0d6b834f1e3f6>::operator ()", "EventData.File": "onecoreuap\\shell\\appreadiness\\src\\tasks\\registerpackage.cpp", "EventData.Line": "132"}
{"EventID": "105", "Channel": "Microsoft-Windows-AppReadiness/Operational", "Provider_Name": "Microsoft-Windows-AppReadiness", "Computer": "DESKTOP-OFJ6N53", "TimeCreated": "2023-06-08 17:48:50.820480+00:00", "RecordID": "442", "Level": "4", "UserID": "S-1-5-18", "EventData.IsIdle": "True", "EventData.Reason": "None"}
{"EventID": "103", "Channel": "Microsoft-Windows-AppReadiness/Operational", "Provider_Name": "Microsoft-Windows-AppReadiness", "Computer": "DESKTOP-OFJ6N53", "TimeCreated": "2023-06-08 17:48:50.836655+00:00", "RecordID": "443", "Level": "4", "UserID": "S-1-5-18"}
{"EventID": "217", "Channel": "Microsoft-Windows-AppReadiness/Operational", "Provider_Name": "Microsoft-Windows-AppReadiness", "Computer": "DESKTOP-OFJ6N53", "TimeCreated": "2023-06-09 08:43:35.794640+00:00", "RecordID": "444", "Level": "4", "UserID": "S-1-5-18", "EventData.User": "S-1-5-21-963789628-1060504924-4285088085-1001"}
{"EventID": "105", "Channel": "Microsoft-Windows-AppReadiness/Operational", "Provider_Name": "Microsoft-Windows-AppReadiness", "Computer": "DESKTOP-OFJ6N53", "TimeCreated": "2023-06-09 08:45:34.889133+00:00", "RecordID": "445", "Level": "4", "UserID": "S-1-5-18", "EventData.IsIdle": "True", "EventData.Reason": "None"}
{"EventID": "103", "Channel": "Microsoft-Windows-AppReadiness/Operational", "Provider_Name": "Microsoft-Windows-AppReadiness", "Computer": "DESKTOP-OFJ6N53", "TimeCreated": "2023-06-09 08:45:34.906643+00:00", "RecordID": "446", "Level": "4", "UserID": "S-1-5-18"}
{"EventID": "217", "Channel": "Microsoft-Windows-AppReadiness/Operational", "Provider_Name": "Microsoft-Windows-AppReadiness", "Computer": "DESKTOP-OFJ6N53", "TimeCreated": "2023-06-11 21:02:18.533831+00:00", "RecordID": "447", "Level": "4", "UserID": "S-1-5-18", "EventData.User": "S-1-5-21-963789628-1060504924-4285088085-1001"}
{"EventID": "105", "Channel": "Microsoft-Windows-AppReadiness/Operational", "Provider_Name": "Microsoft-Windows-AppReadiness", "Computer": "DESKTOP-OFJ6N53", "TimeCreated": "2023-06-11 21:04:15.229715+00:00", "RecordID": "448", "Level": "4", "UserID": "S-1-5-18", "EventData.IsIdle": "True", "EventData.Reason": "None"}
{"EventID": "103", "Channel": "Microsoft-Windows-AppReadiness/Operational", "Provider_Name": "Microsoft-Windows-AppReadiness", "Computer": "DESKTOP-OFJ6N53", "TimeCreated": "2023-06-11 21:04:15.244761+00:00", "RecordID": "449", "Level": "4", "UserID": "S-1-5-18"}
{"EventID": "108", "Channel": "Microsoft-Windows-AppReadiness/Operational", "Provider_Name": "Microsoft-Windows-AppReadiness", "Computer": "DESKTOP-OFJ6N53", "TimeCreated": "2023-06-13 19:25:52.184093+00:00", "RecordID": "450", "Level": "4", "UserID": "S-1-5-18", "EventData.Source": "1"}
{"EventID": "108", "Channel": "Microsoft-Windows-AppReadiness/Operational", "Provider_Name": "Microsoft-Windows-AppReadiness", "Computer": "DESKTOP-OFJ6N53", "TimeCreated": "2023-06-13 19:25:55.924225+00:00", "RecordID": "451", "Level": "4", "UserID": "S-1-5-18", "EventData.Source": "1"}
{"EventID": "105", "Channel": "Microsoft-Windows-AppReadiness/Operational", "Provider_Name": "Microsoft-Windows-AppReadiness", "Computer": "DESKTOP-OFJ6N53", "TimeCreated": "2023-06-13 19:28:22.151274+00:00", "RecordID": "452", "Level": "4", "UserID": "S-1-5-18", "EventData.IsIdle": "True", "EventData.Reason": "None"}
{"EventID": "103", "Channel": "Microsoft-Windows-AppReadiness/Operational", "Provider_Name": "Microsoft-Windows-AppReadiness", "Computer": "DESKTOP-OFJ6N53", "TimeCreated": "2023-06-13 19:28:22.187986+00:00", "RecordID": "453", "Level": "4", "UserID": "S-1-5-18"}
{"EventID": "217", "Channel": "Microsoft-Windows-AppReadiness/Operational", "Provider_Name": "Microsoft-Windows-AppReadiness", "Computer": "DESKTOP-OFJ6N53", "TimeCreated": "2023-06-14 13:32:57.087431+00:00", "RecordID": "454", "Level": "4", "UserID": "S-1-5-18", "EventData.User": "S-1-5-21-963789628-1060504924-4285088085-1001"}
{"EventID": "105", "Channel": "Microsoft-Windows-AppReadiness/Operational", "Provider_Name": "Microsoft-Windows-AppReadiness", "Computer": "DESKTOP-OFJ6N53", "TimeCreated": "2023-06-14 13:34:46.080101+00:00", "RecordID": "455", "Level": "4", "UserID": "S-1-5-18", "EventData.IsIdle": "True", "EventData.Reason": "None"}
{"EventID": "103", "Channel": "Microsoft-Windows-AppReadiness/Operational", "Provider_Name": "Microsoft-Windows-AppReadiness", "Computer": "DESKTOP-OFJ6N53", "TimeCreated": "2023-06-14 13:34:46.650183+00:00", "RecordID": "456", "Level": "4", "UserID": "S-1-5-18"}
{"EventID": "108", "Channel": "Microsoft-Windows-AppReadiness/Operational", "Provider_Name": "Microsoft-Windows-AppReadiness", "Computer": "DESKTOP-OFJ6N53", "TimeCreated": "2023-06-17 12:53:53.797232+00:00", "RecordID": "457", "Level": "4", "UserID": "S-1-5-18", "EventData.Source": "2"}
{"EventID": "105", "Channel": "Microsoft-Windows-AppReadiness/Operational", "Provider_Name": "Microsoft-Windows-AppReadiness", "Computer": "DESKTOP-OFJ6N53", "TimeCreated": "2023-06-17 12:56:23.760786+00:00", "RecordID": "458", "Level": "4", "UserID": "S-1-5-18", "EventData.IsIdle": "True", "EventData.Reason": "None"}
{"EventID": "103", "Channel": "Microsoft-Windows-AppReadiness/Operational", "Provider_Name": "Microsoft-Windows-AppReadiness", "Computer": "DESKTOP-OFJ6N53", "TimeCreated": "2023-06-17 12:56:23.776834+00:00", "RecordID": "459", "Level": "4", "UserID": "S-1-5-18"}
{"EventID": "108", "Channel": "Microsoft-Windows-AppReadiness/Operational", "Provider_Name": "Microsoft-Windows-AppReadiness", "Computer": "DESKTOP-OFJ6N53", "TimeCreated": "2023-06-27 09:44:55.421467+00:00", "RecordID": "460", "Level": "4", "UserID": "S-1-5-18", "EventData.Source": "2"}
{"EventID": "107", "Channel": "Microsoft-Windows-AppReadiness/Operational", "Provider_Name": "Microsoft-Windows-AppReadiness", "Computer": "DESKTOP-OFJ6N53", "TimeCreated": "2023-06-27 09:46:35.045767+00:00", "RecordID": "461", "Level": "4", "UserID": "S-1-5-18", "EventData.User": "S-1-5-21-963789628-1060504924-4285088085-1001"}
{"EventID": "103", "Channel": "Microsoft-Windows-AppReadiness/Operational", "Provider_Name": "Microsoft-Windows-AppReadiness", "Computer": "DESKTOP-OFJ6N53", "TimeCreated": "2023-06-27 09:46:35.594574+00:00", "RecordID": "462", "Level": "4", "UserID": "S-1-5-18"}
{"EventID": "108", "Channel": "Microsoft-Windows-AppReadiness/Operational", "Provider_Name": "Microsoft-Windows-AppReadiness", "Computer": "DESKTOP-OFJ6N53", "TimeCreated": "2023-07-12 15:57:36.795389+00:00", "RecordID": "463", "Level": "4", "UserID": "S-1-5-18", "EventData.Source": "2"}
{"EventID": "105", "Channel": "Microsoft-Windows-AppReadiness/Operational", "Provider_Name": "Microsoft-Windows-AppReadiness", "Computer": "DESKTOP-OFJ6N53", "TimeCreated": "2023-07-12 16:00:06.782885+00:00", "RecordID": "464", "Level": "4", "UserID": "S-1-5-18", "EventData.IsIdle": "True", "EventData.Reason": "None"}
{"EventID": "103", "Channel": "Microsoft-Windows-AppReadiness/Operational", "Provider_Name": "Microsoft-Windows-AppReadiness", "Computer": "DESKTOP-OFJ6N53", "TimeCreated": "2023-07-12 16:00:06.799231+00:00", "RecordID": "465", "Level": "4", "UserID": "S-1-5-18"}
{"EventID": "108", "Channel": "Microsoft-Windows-AppReadiness/Operational", "Provider_Name": "Microsoft-Windows-AppReadiness", "Computer": "DESKTOP-OFJ6N53", "TimeCreated": "2023-07-23 13:57:38.204693+00:00", "RecordID": "466", "Level": "4", "UserID": "S-1-5-18", "EventData.Source": "2"}
{"EventID": "105", "Channel": "Microsoft-Windows-AppReadiness/Operational", "Provider_Name": "Microsoft-Windows-AppReadiness", "Computer": "DESKTOP-OFJ6N53", "TimeCreated": "2023-07-23 14:00:08.186073+00:00", "RecordID": "467", "Level": "4", "UserID": "S-1-5-18", "EventData.IsIdle": "True", "EventData.Reason": "None"}
{"EventID": "103", "Channel": "Microsoft-Windows-AppReadiness/Operational", "Provider_Name": "Microsoft-Windows-AppReadiness", "Computer": "DESKTOP-OFJ6N53", "TimeCreated": "2023-07-23 14:00:08.202143+00:00", "RecordID": "468", "Level": "4", "UserID": "S-1-5-18"}
{"EventID": "217", "Channel": "Microsoft-Windows-AppReadiness/Operational", "Provider_Name": "Microsoft-Windows-AppReadiness", "Computer": "DESKTOP-OFJ6N53", "TimeCreated": "2023-07-25 09:00:00.610291+00:00", "RecordID": "469", "Level": "4", "UserID": "S-1-5-18", "EventData.User": "S-1-5-21-963789628-1060504924-4285088085-1001"}
{"EventID": "105", "Channel": "Microsoft-Windows-AppReadiness/Operational", "Provider_Name": "Microsoft-Windows-AppReadiness", "Computer": "DESKTOP-OFJ6N53", "TimeCreated": "2023-07-25 09:01:59.870937+00:00", "RecordID": "470", "Level": "4", "UserID": "S-1-5-18", "EventData.IsIdle": "True", "EventData.Reason": "None"}
{"EventID": "103", "Channel": "Microsoft-Windows-AppReadiness/Operational", "Provider_Name": "Microsoft-Windows-AppReadiness", "Computer": "DESKTOP-OFJ6N53", "TimeCreated": "2023-07-25 09:01:59.887299+00:00", "RecordID": "471", "Level": "4", "UserID": "S-1-5-18"}
{"EventID": "217", "Channel": "Microsoft-Windows-AppReadiness/Operational", "Provider_Name": "Microsoft-Windows-AppReadiness", "Computer": "DESKTOP-OFJ6N53", "TimeCreated": "2023-07-31 13:02:13.861866+00:00", "RecordID": "472", "Level": "4", "UserID": "S-1-5-18", "EventData.User": "S-1-5-21-963789628-1060504924-4285088085-1001"}
{"EventID": "105", "Channel": "Microsoft-Windows-AppReadiness/Operational", "Provider_Name": "Microsoft-Windows-AppReadiness", "Computer": "DESKTOP-OFJ6N53", "TimeCreated": "2023-07-31 13:04:11.707830+00:00", "RecordID": "473", "Level": "4", "UserID": "S-1-5-18", "EventData.IsIdle": "True", "EventData.Reason": "None"}
{"EventID": "103", "Channel": "Microsoft-Windows-AppReadiness/Operational", "Provider_Name": "Microsoft-Windows-AppReadiness", "Computer": "DESKTOP-OFJ6N53", "TimeCreated": "2023-07-31 13:04:11.724051+00:00", "RecordID": "474", "Level": "4", "UserID": "S-1-5-18"}
{"EventID": "108", "Channel": "Microsoft-Windows-AppReadiness/Operational", "Provider_Name": "Microsoft-Windows-AppReadiness", "Computer": "DESKTOP-OFJ6N53", "TimeCreated": "2023-08-09 09:57:14.651175+00:00", "RecordID": "475", "Level": "4", "UserID": "S-1-5-18", "EventData.Source": "2"}
{"EventID": "105", "Channel": "Microsoft-Windows-AppReadiness/Operational", "Provider_Name": "Microsoft-Windows-AppReadiness", "Computer": "DESKTOP-OFJ6N53", "TimeCreated": "2023-08-09 09:59:44.643669+00:00", "RecordID": "476", "Level": "4", "UserID": "S-1-5-18", "EventData.IsIdle": "True", "EventData.Reason": "None"}
{"EventID": "103", "Channel": "Microsoft-Windows-AppReadiness/Operational", "Provider_Name": "Microsoft-Windows-AppReadiness", "Computer": "DESKTOP-OFJ6N53", "TimeCreated": "2023-08-09 09:59:44.659422+00:00", "RecordID": "477", "Level": "4", "UserID": "S-1-5-18"}
{"EventID": "217", "Channel": "Microsoft-Windows-AppReadiness/Operational", "Provider_Name": "Microsoft-Windows-AppReadiness", "Computer": "DESKTOP-OFJ6N53", "TimeCreated": "2023-08-10 07:40:46.293736+00:00", "RecordID": "478", "Level": "4", "UserID": "S-1-5-18", "EventData.User": "S-1-5-21-963789628-1060504924-4285088085-1001"}
{"EventID": "105", "Channel": "Microsoft-Windows-AppReadiness/Operational", "Provider_Name": "Microsoft-Windows-AppReadiness", "Computer": "DESKTOP-OFJ6N53", "TimeCreated": "2023-08-10 07:42:45.363541+00:00", "RecordID": "479", "Level": "4", "UserID": "S-1-5-18", "EventData.IsIdle": "True", "EventData.Reason": "None"}
{"EventID": "103", "Channel": "Microsoft-Windows-AppReadiness/Operational", "Provider_Name": "Microsoft-Windows-AppReadiness", "Computer": "DESKTOP-OFJ6N53", "TimeCreated": "2023-08-10 07:42:45.379370+00:00", "RecordID": "480", "Level": "4", "UserID": "S-1-5-18"}
{"EventID": "217", "Channel": "Microsoft-Windows-AppReadiness/Operational", "Provider_Name": "Microsoft-Windows-AppReadiness", "Computer": "DESKTOP-OFJ6N53", "TimeCreated": "2023-08-16 10:00:58.541735+00:00", "RecordID": "481", "Level": "4", "UserID": "S-1-5-18", "EventData.User": "S-1-5-21-963789628-1060504924-4285088085-1001"}
{"EventID": "105", "Channel": "Microsoft-Windows-AppReadiness/Operational", "Provider_Name": "Microsoft-Windows-AppReadiness", "Computer": "DESKTOP-OFJ6N53", "TimeCreated": "2023-08-16 10:02:57.674601+00:00", "RecordID": "482", "Level": "4", "UserID": "S-1-5-18", "EventData.IsIdle": "True", "EventData.Reason": "None"}
{"EventID": "103", "Channel": "Microsoft-Windows-AppReadiness/Operational", "Provider_Name": "Microsoft-Windows-AppReadiness", "Computer": "DESKTOP-OFJ6N53", "TimeCreated": "2023-08-16 10:02:57.690092+00:00", "RecordID": "483", "Level": "4", "UserID": "S-1-5-18"}
{"EventID": "108", "Channel": "Microsoft-Windows-AppReadiness/Operational", "Provider_Name": "Microsoft-Windows-AppReadiness", "Computer": "DESKTOP-OFJ6N53", "TimeCreated": "2023-08-23 15:57:22.076574+00:00", "RecordID": "484", "Level": "4", "UserID": "S-1-5-18", "EventData.Source": "2"}
{"EventID": "105", "Channel": "Microsoft-Windows-AppReadiness/Operational", "Provider_Name": "Microsoft-Windows-AppReadiness", "Computer": "DESKTOP-OFJ6N53", "TimeCreated": "2023-08-23 15:59:52.060812+00:00", "RecordID": "485", "Level": "4", "UserID": "S-1-5-18", "EventData.IsIdle": "True", "EventData.Reason": "None"}
{"EventID": "103", "Channel": "Microsoft-Windows-AppReadiness/Operational", "Provider_Name": "Microsoft-Windows-AppReadiness", "Computer": "DESKTOP-OFJ6N53", "TimeCreated": "2023-08-23 15:59:52.077345+00:00", "RecordID": "486", "Level": "4", "UserID": "S-1-5-18"}
{"EventID": "217", "Channel": "Microsoft-Windows-AppReadiness/Operational", "Provider_Name": "Microsoft-Windows-AppReadiness", "Computer": "DESKTOP-OFJ6N53", "TimeCreated": "2023-08-29 22:46:05.244074+00:00", "RecordID": "487", "Level": "4", "UserID": "S-1-5-18", "EventData.User": "S-1-5-21-963789628-1060504924-4285088085-1001"}
{"EventID": "105", "Channel": "Microsoft-Windows-AppReadiness/Operational", "Provider_Name": "Microsoft-Windows-AppReadiness", "Computer": "DESKTOP-OFJ6N53", "TimeCreated": "2023-08-29 22:48:02.776585+00:00", "RecordID": "488", "Level": "4", "UserID": "S-1-5-18", "EventData.IsIdle": "True", "EventData.Reason": "None"}
{"EventID": "103", "Channel": "Microsoft-Windows-AppReadiness/Operational", "Provider_Name": "Microsoft-Windows-AppReadiness", "Computer": "DESKTOP-OFJ6N53", "TimeCreated": "2023-08-29 22:48:02.792858+00:00", "RecordID": "489", "Level": "4", "UserID": "S-1-5-18"}
{"EventID": "108", "Channel": "Microsoft-Windows-AppReadiness/Operational", "Provider_Name": "Microsoft-Windows-AppReadiness", "Computer": "DESKTOP-OFJ6N53", "TimeCreated": "2023-09-02 12:57:35.120047+00:00", "RecordID": "490", "Level": "4", "UserID": "S-1-5-18", "EventData.Source": "2"}
{"EventID": "105", "Channel": "Microsoft-Windows-AppReadiness/Operational", "Provider_Name": "Microsoft-Windows-AppReadiness", "Computer": "DESKTOP-OFJ6N53", "TimeCreated": "2023-09-02 13:00:05.106365+00:00", "RecordID": "491", "Level": "4", "UserID": "S-1-5-18", "EventData.IsIdle": "True", "EventData.Reason": "None"}
{"EventID": "103", "Channel": "Microsoft-Windows-AppReadiness/Operational", "Provider_Name": "Microsoft-Windows-AppReadiness", "Computer": "DESKTOP-OFJ6N53", "TimeCreated": "2023-09-02 13:00:05.121902+00:00", "RecordID": "492", "Level": "4", "UserID": "S-1-5-18"}
